<?xml version="1.0" encoding="UTF-8"?>
<testsuite xmlns:xsi="http://www.w3.org/2001/XMLSchema-instance" xsi:noNamespaceSchemaLocation="https://maven.apache.org/surefire/maven-surefire-plugin/xsd/surefire-test-report.xsd" name="org.apache.hadoop.ozone.client.rpc.TestFailureHandlingByClient" time="261.795" tests="5" errors="1" skipped="0" failures="0">
  <properties>
    <property name="awt.toolkit" value="sun.awt.X11.XToolkit"/>
    <property name="file.encoding.pkg" value="sun.io"/>
    <property name="java.specification.version" value="1.8"/>
    <property name="sun.cpu.isalist" value=""/>
    <property name="sun.jnu.encoding" value="ANSI_X3.4-1968"/>
    <property name="java.class.path" value="/workdir/hadoop-ozone/integration-test/target/test-classes:/workdir/hadoop-ozone/integration-test/target/classes:/home/user/.m2/repository/org/apache/hadoop/hadoop-ozone-common/0.5.0-SNAPSHOT/hadoop-ozone-common-0.5.0-SNAPSHOT.jar:/home/user/.m2/repository/org/apache/commons/commons-compress/1.4.1/commons-compress-1.4.1.jar:/home/user/.m2/repository/org/tukaani/xz/1.0/xz-1.0.jar:/home/user/.m2/repository/org/apache/hadoop/hadoop-common/3.2.0/hadoop-common-3.2.0.jar:/home/user/.m2/repository/org/apache/hadoop/hadoop-hdfs/3.2.0/hadoop-hdfs-3.2.0.jar:/home/user/.m2/repository/org/apache/hadoop/hadoop-hdfs-client/3.2.0/hadoop-hdfs-client-3.2.0.jar:/home/user/.m2/repository/com/fasterxml/jackson/core/jackson-annotations/2.9.9/jackson-annotations-2.9.9.jar:/home/user/.m2/repository/org/apache/hadoop/hadoop-hdds-common/0.5.0-SNAPSHOT/hadoop-hdds-common-0.5.0-SNAPSHOT.jar:/home/user/.m2/repository/javax/annotation/javax.annotation-api/1.2/javax.annotation-api-1.2.jar:/home/user/.m2/repository/org/apache/ratis/ratis-server/0.5.0-d6d58d0-SNAPSHOT/ratis-server-0.5.0-d6d58d0-SNAPSHOT.jar:/home/user/.m2/repository/org/apache/ratis/ratis-thirdparty-misc/0.2.0/ratis-thirdparty-misc-0.2.0.jar:/home/user/.m2/repository/org/apache/ratis/ratis-proto/0.5.0-d6d58d0-SNAPSHOT/ratis-proto-0.5.0-d6d58d0-SNAPSHOT.jar:/home/user/.m2/repository/org/apache/ratis/ratis-common/0.5.0-d6d58d0-SNAPSHOT/ratis-common-0.5.0-d6d58d0-SNAPSHOT.jar:/home/user/.m2/repository/org/apache/ratis/ratis-client/0.5.0-d6d58d0-SNAPSHOT/ratis-client-0.5.0-d6d58d0-SNAPSHOT.jar:/home/user/.m2/repository/org/apache/ratis/ratis-metrics/0.5.0-d6d58d0-SNAPSHOT/ratis-metrics-0.5.0-d6d58d0-SNAPSHOT.jar:/home/user/.m2/repository/org/apache/ratis/ratis-netty/0.5.0-d6d58d0-SNAPSHOT/ratis-netty-0.5.0-d6d58d0-SNAPSHOT.jar:/home/user/.m2/repository/org/apache/ratis/ratis-grpc/0.5.0-d6d58d0-SNAPSHOT/ratis-grpc-0.5.0-d6d58d0-SNAPSHOT.jar:/home/user/.m2/repository/org/rocksdb/rocksdbjni/6.0.1/rocksdbjni-6.0.1.jar:/home/user/.m2/repository/org/apache/logging/log4j/log4j-api/2.11.0/log4j-api-2.11.0.jar:/home/user/.m2/repository/org/apache/logging/log4j/log4j-core/2.11.0/log4j-core-2.11.0.jar:/home/user/.m2/repository/com/lmax/disruptor/3.4.2/disruptor-3.4.2.jar:/home/user/.m2/repository/org/apache/commons/commons-pool2/2.6.0/commons-pool2-2.6.0.jar:/home/user/.m2/repository/org/bouncycastle/bcpkix-jdk15on/1.60/bcpkix-jdk15on-1.60.jar:/home/user/.m2/repository/commons-validator/commons-validator/1.6/commons-validator-1.6.jar:/home/user/.m2/repository/commons-digester/commons-digester/1.8.1/commons-digester-1.8.1.jar:/home/user/.m2/repository/io/jaegertracing/jaeger-client/0.34.0/jaeger-client-0.34.0.jar:/home/user/.m2/repository/io/jaegertracing/jaeger-thrift/0.34.0/jaeger-thrift-0.34.0.jar:/home/user/.m2/repository/org/apache/thrift/libthrift/0.12.0/libthrift-0.12.0.jar:/home/user/.m2/repository/com/squareup/okhttp3/okhttp/3.9.0/okhttp-3.9.0.jar:/home/user/.m2/repository/com/squareup/okio/okio/1.13.0/okio-1.13.0.jar:/home/user/.m2/repository/io/jaegertracing/jaeger-core/0.34.0/jaeger-core-0.34.0.jar:/home/user/.m2/repository/io/jaegertracing/jaeger-tracerresolver/0.34.0/jaeger-tracerresolver-0.34.0.jar:/home/user/.m2/repository/io/opentracing/contrib/opentracing-tracerresolver/0.1.5/opentracing-tracerresolver-0.1.5.jar:/home/user/.m2/repository/io/opentracing/opentracing-util/0.31.0/opentracing-util-0.31.0.jar:/home/user/.m2/repository/io/opentracing/opentracing-api/0.31.0/opentracing-api-0.31.0.jar:/home/user/.m2/repository/io/opentracing/opentracing-noop/0.31.0/opentracing-noop-0.31.0.jar:/home/user/.m2/repository/org/apache/hadoop/hadoop-hdds-server-framework/0.5.0-SNAPSHOT/hadoop-hdds-server-framework-0.5.0-SNAPSHOT.jar:/home/user/.m2/repository/org/apache/hadoop/hadoop-hdds-container-service/0.5.0-SNAPSHOT/hadoop-hdds-container-service-0.5.0-SNAPSHOT.jar:/home/user/.m2/repository/org/apache/hadoop/hadoop-hdds-client/0.5.0-SNAPSHOT/hadoop-hdds-client-0.5.0-SNAPSHOT.jar:/home/user/.m2/repository/org/apache/hadoop/hadoop-hdds-tools/0.5.0-SNAPSHOT/hadoop-hdds-tools-0.5.0-SNAPSHOT.jar:/home/user/.m2/repository/org/apache/hadoop/hadoop-hdds-server-scm/0.5.0-SNAPSHOT/hadoop-hdds-server-scm-0.5.0-SNAPSHOT.jar:/home/user/.m2/repository/org/apache/hadoop/hadoop-hdds-docs/0.5.0-SNAPSHOT/hadoop-hdds-docs-0.5.0-SNAPSHOT.jar:/home/user/.m2/repository/io/dropwizard/metrics/metrics-core/3.2.4/metrics-core-3.2.4.jar:/home/user/.m2/repository/org/hamcrest/hamcrest-all/1.3/hamcrest-all-1.3.jar:/home/user/.m2/repository/org/bouncycastle/bcprov-jdk15on/1.60/bcprov-jdk15on-1.60.jar:/home/user/.m2/repository/info/picocli/picocli/3.9.6/picocli-3.9.6.jar:/home/user/.m2/repository/com/google/protobuf/protobuf-java/2.5.0/protobuf-java-2.5.0.jar:/home/user/.m2/repository/com/google/guava/guava/11.0.2/guava-11.0.2.jar:/home/user/.m2/repository/org/apache/hadoop/hadoop-ozone-ozone-manager/0.5.0-SNAPSHOT/hadoop-ozone-ozone-manager-0.5.0-SNAPSHOT.jar:/home/user/.m2/repository/org/apache/hadoop/hadoop-minikdc/3.2.0/hadoop-minikdc-3.2.0.jar:/home/user/.m2/repository/commons-io/commons-io/2.5/commons-io-2.5.jar:/home/user/.m2/repository/org/apache/kerby/kerb-simplekdc/1.0.1/kerb-simplekdc-1.0.1.jar:/home/user/.m2/repository/org/apache/kerby/kerb-client/1.0.1/kerb-client-1.0.1.jar:/home/user/.m2/repository/org/apache/kerby/kerby-config/1.0.1/kerby-config-1.0.1.jar:/home/user/.m2/repository/org/apache/kerby/kerb-core/1.0.1/kerb-core-1.0.1.jar:/home/user/.m2/repository/org/apache/kerby/kerby-pkix/1.0.1/kerby-pkix-1.0.1.jar:/home/user/.m2/repository/org/apache/kerby/kerby-asn1/1.0.1/kerby-asn1-1.0.1.jar:/home/user/.m2/repository/org/apache/kerby/kerby-util/1.0.1/kerby-util-1.0.1.jar:/home/user/.m2/repository/org/apache/kerby/kerb-common/1.0.1/kerb-common-1.0.1.jar:/home/user/.m2/repository/org/apache/kerby/kerb-crypto/1.0.1/kerb-crypto-1.0.1.jar:/home/user/.m2/repository/org/apache/kerby/kerb-util/1.0.1/kerb-util-1.0.1.jar:/home/user/.m2/repository/org/apache/kerby/token-provider/1.0.1/token-provider-1.0.1.jar:/home/user/.m2/repository/org/apache/kerby/kerb-admin/1.0.1/kerb-admin-1.0.1.jar:/home/user/.m2/repository/org/apache/kerby/kerb-server/1.0.1/kerb-server-1.0.1.jar:/home/user/.m2/repository/org/apache/kerby/kerb-identity/1.0.1/kerb-identity-1.0.1.jar:/home/user/.m2/repository/org/apache/kerby/kerby-xdr/1.0.1/kerby-xdr-1.0.1.jar:/home/user/.m2/repository/org/slf4j/slf4j-log4j12/1.7.25/slf4j-log4j12-1.7.25.jar:/home/user/.m2/repository/org/apache/hadoop/hadoop-ozone-s3gateway/0.5.0-SNAPSHOT/hadoop-ozone-s3gateway-0.5.0-SNAPSHOT.jar:/home/user/.m2/repository/org/jboss/weld/servlet/weld-servlet/2.4.7.Final/weld-servlet-2.4.7.Final.jar:/home/user/.m2/repository/org/glassfish/jersey/containers/jersey-container-servlet-core/2.27/jersey-container-servlet-core-2.27.jar:/home/user/.m2/repository/org/glassfish/hk2/external/javax.inject/2.5.0-b42/javax.inject-2.5.0-b42.jar:/home/user/.m2/repository/org/glassfish/jersey/core/jersey-common/2.27/jersey-common-2.27.jar:/home/user/.m2/repository/org/glassfish/hk2/osgi-resource-locator/1.0.1/osgi-resource-locator-1.0.1.jar:/home/user/.m2/repository/javax/ws/rs/javax.ws.rs-api/2.1/javax.ws.rs-api-2.1.jar:/home/user/.m2/repository/org/glassfish/jersey/ext/cdi/jersey-cdi1x/2.27/jersey-cdi1x-2.27.jar:/home/user/.m2/repository/org/glassfish/jersey/inject/jersey-hk2/2.27/jersey-hk2-2.27.jar:/home/user/.m2/repository/org/glassfish/hk2/hk2-locator/2.5.0-b42/hk2-locator-2.5.0-b42.jar:/home/user/.m2/repository/org/javassist/javassist/3.22.0-CR2/javassist-3.22.0-CR2.jar:/home/user/.m2/repository/org/glassfish/hk2/hk2-api/2.5.0/hk2-api-2.5.0.jar:/home/user/.m2/repository/org/glassfish/hk2/external/jakarta.inject/2.5.0/jakarta.inject-2.5.0.jar:/home/user/.m2/repository/org/glassfish/hk2/hk2-utils/2.5.0/hk2-utils-2.5.0.jar:/home/user/.m2/repository/jakarta/annotation/jakarta.annotation-api/1.3.4/jakarta.annotation-api-1.3.4.jar:/home/user/.m2/repository/org/glassfish/hk2/external/aopalliance-repackaged/2.5.0/aopalliance-repackaged-2.5.0.jar:/home/user/.m2/repository/com/fasterxml/jackson/dataformat/jackson-dataformat-xml/2.9.0/jackson-dataformat-xml-2.9.0.jar:/home/user/.m2/repository/com/fasterxml/jackson/core/jackson-core/2.9.9/jackson-core-2.9.9.jar:/home/user/.m2/repository/com/fasterxml/jackson/module/jackson-module-jaxb-annotations/2.9.9/jackson-module-jaxb-annotations-2.9.9.jar:/home/user/.m2/repository/javax/enterprise/cdi-api/1.2/cdi-api-1.2.jar:/home/user/.m2/repository/javax/el/javax.el-api/3.0.0/javax.el-api-3.0.0.jar:/home/user/.m2/repository/javax/interceptor/javax.interceptor-api/1.2/javax.interceptor-api-1.2.jar:/home/user/.m2/repository/javax/inject/javax.inject/1/javax.inject-1.jar:/home/user/.m2/repository/com/sun/xml/bind/jaxb-impl/2.3.0.1/jaxb-impl-2.3.0.1.jar:/home/user/.m2/repository/com/sun/xml/bind/jaxb-core/2.3.0.1/jaxb-core-2.3.0.1.jar:/home/user/.m2/repository/javax/xml/bind/jaxb-api/2.3.0/jaxb-api-2.3.0.jar:/home/user/.m2/repository/javax/activation/activation/1.1.1/activation-1.1.1.jar:/home/user/.m2/repository/org/apache/hadoop/hadoop-ozone-csi/0.5.0-SNAPSHOT/hadoop-ozone-csi-0.5.0-SNAPSHOT.jar:/home/user/.m2/repository/com/google/protobuf/protobuf-java-util/3.5.1/protobuf-java-util-3.5.1.jar:/home/user/.m2/repository/org/apache/hadoop/hadoop-hdds-config/0.5.0-SNAPSHOT/hadoop-hdds-config-0.5.0-SNAPSHOT.jar:/home/user/.m2/repository/io/grpc/grpc-netty/1.17.1/grpc-netty-1.17.1.jar:/home/user/.m2/repository/io/grpc/grpc-core/1.17.1/grpc-core-1.17.1.jar:/home/user/.m2/repository/io/grpc/grpc-context/1.17.1/grpc-context-1.17.1.jar:/home/user/.m2/repository/com/google/errorprone/error_prone_annotations/2.2.0/error_prone_annotations-2.2.0.jar:/home/user/.m2/repository/org/codehaus/mojo/animal-sniffer-annotations/1.17/animal-sniffer-annotations-1.17.jar:/home/user/.m2/repository/io/opencensus/opencensus-api/0.17.0/opencensus-api-0.17.0.jar:/home/user/.m2/repository/io/opencensus/opencensus-contrib-grpc-metrics/0.17.0/opencensus-contrib-grpc-metrics-0.17.0.jar:/home/user/.m2/repository/io/netty/netty-codec-http2/4.1.30.Final/netty-codec-http2-4.1.30.Final.jar:/home/user/.m2/repository/io/netty/netty-codec-http/4.1.30.Final/netty-codec-http-4.1.30.Final.jar:/home/user/.m2/repository/io/netty/netty-codec/4.1.30.Final/netty-codec-4.1.30.Final.jar:/home/user/.m2/repository/io/netty/netty-handler/4.1.30.Final/netty-handler-4.1.30.Final.jar:/home/user/.m2/repository/io/netty/netty-handler-proxy/4.1.30.Final/netty-handler-proxy-4.1.30.Final.jar:/home/user/.m2/repository/io/netty/netty-codec-socks/4.1.30.Final/netty-codec-socks-4.1.30.Final.jar:/home/user/.m2/repository/io/netty/netty-transport-native-epoll/4.1.30.Final/netty-transport-native-epoll-4.1.30.Final.jar:/home/user/.m2/repository/io/netty/netty-common/4.1.30.Final/netty-common-4.1.30.Final.jar:/home/user/.m2/repository/io/netty/netty-buffer/4.1.30.Final/netty-buffer-4.1.30.Final.jar:/home/user/.m2/repository/io/netty/netty-transport/4.1.30.Final/netty-transport-4.1.30.Final.jar:/home/user/.m2/repository/io/netty/netty-resolver/4.1.30.Final/netty-resolver-4.1.30.Final.jar:/home/user/.m2/repository/io/netty/netty-transport-native-unix-common/4.1.30.Final/netty-transport-native-unix-common-4.1.30.Final.jar:/home/user/.m2/repository/io/grpc/grpc-protobuf/1.17.1/grpc-protobuf-1.17.1.jar:/home/user/.m2/repository/com/google/api/grpc/proto-google-common-protos/1.0.0/proto-google-common-protos-1.0.0.jar:/home/user/.m2/repository/io/grpc/grpc-protobuf-lite/1.17.1/grpc-protobuf-lite-1.17.1.jar:/home/user/.m2/repository/io/grpc/grpc-stub/1.17.1/grpc-stub-1.17.1.jar:/home/user/.m2/repository/org/apache/hadoop/hadoop-ozone-recon/0.5.0-SNAPSHOT/hadoop-ozone-recon-0.5.0-SNAPSHOT.jar:/home/user/.m2/repository/org/apache/hadoop/hadoop-ozone-reconcodegen/0.5.0-SNAPSHOT/hadoop-ozone-reconcodegen-0.5.0-SNAPSHOT.jar:/home/user/.m2/repository/com/google/inject/extensions/guice-multibindings/4.0/guice-multibindings-4.0.jar:/home/user/.m2/repository/com/google/inject/guice/4.0/guice-4.0.jar:/home/user/.m2/repository/aopalliance/aopalliance/1.0/aopalliance-1.0.jar:/home/user/.m2/repository/com/google/inject/extensions/guice-servlet/4.0/guice-servlet-4.0.jar:/home/user/.m2/repository/org/glassfish/jersey/containers/jersey-container-servlet/2.27/jersey-container-servlet-2.27.jar:/home/user/.m2/repository/org/glassfish/hk2/guice-bridge/2.5.0/guice-bridge-2.5.0.jar:/home/user/.m2/repository/org/glassfish/jersey/core/jersey-server/2.27/jersey-server-2.27.jar:/home/user/.m2/repository/org/glassfish/jersey/core/jersey-client/2.27/jersey-client-2.27.jar:/home/user/.m2/repository/org/glassfish/jersey/media/jersey-media-jaxb/2.27/jersey-media-jaxb-2.27.jar:/home/user/.m2/repository/javax/validation/validation-api/1.1.0.Final/validation-api-1.1.0.Final.jar:/home/user/.m2/repository/org/glassfish/jersey/media/jersey-media-json-jackson/2.27/jersey-media-json-jackson-2.27.jar:/home/user/.m2/repository/org/glassfish/jersey/ext/jersey-entity-filtering/2.27/jersey-entity-filtering-2.27.jar:/home/user/.m2/repository/com/google/inject/extensions/guice-assistedinject/4.0/guice-assistedinject-4.0.jar:/home/user/.m2/repository/org/jooq/jooq/3.11.10/jooq-3.11.10.jar:/home/user/.m2/repository/org/jooq/jooq-meta/3.11.10/jooq-meta-3.11.10.jar:/home/user/.m2/repository/org/jooq/jooq-codegen/3.11.10/jooq-codegen-3.11.10.jar:/home/user/.m2/repository/com/jolbox/bonecp/0.8.0.RELEASE/bonecp-0.8.0.RELEASE.jar:/home/user/.m2/repository/org/xerial/sqlite-jdbc/3.25.2/sqlite-jdbc-3.25.2.jar:/home/user/.m2/repository/org/springframework/spring-jdbc/5.1.3.RELEASE/spring-jdbc-5.1.3.RELEASE.jar:/home/user/.m2/repository/org/springframework/spring-beans/5.1.3.RELEASE/spring-beans-5.1.3.RELEASE.jar:/home/user/.m2/repository/org/springframework/spring-core/5.1.3.RELEASE/spring-core-5.1.3.RELEASE.jar:/home/user/.m2/repository/org/springframework/spring-jcl/5.1.3.RELEASE/spring-jcl-5.1.3.RELEASE.jar:/home/user/.m2/repository/org/springframework/spring-tx/5.1.3.RELEASE/spring-tx-5.1.3.RELEASE.jar:/home/user/.m2/repository/org/apache/hadoop/hadoop-ozone-client/0.5.0-SNAPSHOT/hadoop-ozone-client-0.5.0-SNAPSHOT.jar:/home/user/.m2/repository/commons-lang/commons-lang/2.6/commons-lang-2.6.jar:/home/user/.m2/repository/org/apache/hadoop/hadoop-ozone-ozone-manager/0.5.0-SNAPSHOT/hadoop-ozone-ozone-manager-0.5.0-SNAPSHOT-tests.jar:/home/user/.m2/repository/junit/junit/4.11/junit-4.11.jar:/home/user/.m2/repository/org/hamcrest/hamcrest-core/1.3/hamcrest-core-1.3.jar:/home/user/.m2/repository/org/openjdk/jmh/jmh-core/1.19/jmh-core-1.19.jar:/home/user/.m2/repository/net/sf/jopt-simple/jopt-simple/4.6/jopt-simple-4.6.jar:/home/user/.m2/repository/org/apache/commons/commons-math3/3.1.1/commons-math3-3.1.1.jar:/home/user/.m2/repository/org/openjdk/jmh/jmh-generator-annprocess/1.19/jmh-generator-annprocess-1.19.jar:/home/user/.m2/repository/org/mockito/mockito-all/1.8.5/mockito-all-1.8.5.jar:/home/user/.m2/repository/org/apache/hadoop/hadoop-kms/3.2.0/hadoop-kms-3.2.0.jar:/home/user/.m2/repository/org/apache/hadoop/hadoop-auth/3.2.0/hadoop-auth-3.2.0.jar:/home/user/.m2/repository/com/nimbusds/nimbus-jose-jwt/4.41.1/nimbus-jose-jwt-4.41.1.jar:/home/user/.m2/repository/com/github/stephenc/jcip/jcip-annotations/1.0-1/jcip-annotations-1.0-1.jar:/home/user/.m2/repository/net/minidev/json-smart/2.3/json-smart-2.3.jar:/home/user/.m2/repository/net/minidev/accessors-smart/1.2/accessors-smart-1.2.jar:/home/user/.m2/repository/org/ow2/asm/asm/5.0.4/asm-5.0.4.jar:/home/user/.m2/repository/org/apache/curator/curator-framework/2.12.0/curator-framework-2.12.0.jar:/home/user/.m2/repository/com/sun/jersey/jersey-core/1.19/jersey-core-1.19.jar:/home/user/.m2/repository/javax/ws/rs/jsr311-api/1.1.1/jsr311-api-1.1.1.jar:/home/user/.m2/repository/com/sun/jersey/jersey-server/1.19/jersey-server-1.19.jar:/home/user/.m2/repository/javax/servlet/javax.servlet-api/3.1.0/javax.servlet-api-3.1.0.jar:/home/user/.m2/repository/org/eclipse/jetty/jetty-server/9.3.25.v20180904/jetty-server-9.3.25.v20180904.jar:/home/user/.m2/repository/org/eclipse/jetty/jetty-http/9.3.25.v20180904/jetty-http-9.3.25.v20180904.jar:/home/user/.m2/repository/org/eclipse/jetty/jetty-io/9.3.25.v20180904/jetty-io-9.3.25.v20180904.jar:/home/user/.m2/repository/org/eclipse/jetty/jetty-webapp/9.3.25.v20180904/jetty-webapp-9.3.25.v20180904.jar:/home/user/.m2/repository/org/eclipse/jetty/jetty-xml/9.3.25.v20180904/jetty-xml-9.3.25.v20180904.jar:/home/user/.m2/repository/log4j/log4j/1.2.17/log4j-1.2.17.jar:/home/user/.m2/repository/org/slf4j/slf4j-api/1.7.25/slf4j-api-1.7.25.jar:/home/user/.m2/repository/org/slf4j/jul-to-slf4j/1.7.25/jul-to-slf4j-1.7.25.jar:/home/user/.m2/repository/org/eclipse/jetty/jetty-util/9.3.25.v20180904/jetty-util-9.3.25.v20180904.jar:/home/user/.m2/repository/com/fasterxml/jackson/core/jackson-databind/2.9.9/jackson-databind-2.9.9.jar:/home/user/.m2/repository/org/apache/hadoop/hadoop-kms/3.2.0/hadoop-kms-3.2.0-tests.jar:/home/user/.m2/repository/org/apache/hadoop/hadoop-hdds-server-scm/0.5.0-SNAPSHOT/hadoop-hdds-server-scm-0.5.0-SNAPSHOT-tests.jar:/home/user/.m2/repository/org/apache/hadoop/hadoop-hdds-container-service/0.5.0-SNAPSHOT/hadoop-hdds-container-service-0.5.0-SNAPSHOT-tests.jar:/home/user/.m2/repository/org/yaml/snakeyaml/1.16/snakeyaml-1.16.jar:/home/user/.m2/repository/org/apache/hadoop/hadoop-common/3.2.0/hadoop-common-3.2.0-tests.jar:/home/user/.m2/repository/org/apache/hadoop/hadoop-annotations/3.2.0/hadoop-annotations-3.2.0.jar:/usr/lib/jvm/java-1.8.0-openjdk-1.8.0.222.b10-1.el7_7.x86_64/jre/../lib/tools.jar:/home/user/.m2/repository/commons-cli/commons-cli/1.2/commons-cli-1.2.jar:/home/user/.m2/repository/org/apache/httpcomponents/httpclient/4.5.2/httpclient-4.5.2.jar:/home/user/.m2/repository/org/apache/httpcomponents/httpcore/4.4.4/httpcore-4.4.4.jar:/home/user/.m2/repository/commons-codec/commons-codec/1.11/commons-codec-1.11.jar:/home/user/.m2/repository/commons-net/commons-net/3.6/commons-net-3.6.jar:/home/user/.m2/repository/commons-collections/commons-collections/3.2.2/commons-collections-3.2.2.jar:/home/user/.m2/repository/org/eclipse/jetty/jetty-servlet/9.3.25.v20180904/jetty-servlet-9.3.25.v20180904.jar:/home/user/.m2/repository/org/eclipse/jetty/jetty-security/9.3.25.v20180904/jetty-security-9.3.25.v20180904.jar:/home/user/.m2/repository/javax/servlet/jsp/jsp-api/2.1/jsp-api-2.1.jar:/home/user/.m2/repository/com/sun/jersey/jersey-servlet/1.19/jersey-servlet-1.19.jar:/home/user/.m2/repository/com/sun/jersey/jersey-json/1.19/jersey-json-1.19.jar:/home/user/.m2/repository/org/codehaus/jettison/jettison/1.1/jettison-1.1.jar:/home/user/.m2/repository/org/codehaus/jackson/jackson-core-asl/1.9.13/jackson-core-asl-1.9.13.jar:/home/user/.m2/repository/org/codehaus/jackson/jackson-mapper-asl/1.9.13/jackson-mapper-asl-1.9.13.jar:/home/user/.m2/repository/org/codehaus/jackson/jackson-jaxrs/1.9.13/jackson-jaxrs-1.9.13.jar:/home/user/.m2/repository/org/codehaus/jackson/jackson-xc/1.9.13/jackson-xc-1.9.13.jar:/home/user/.m2/repository/commons-logging/commons-logging/1.1.3/commons-logging-1.1.3.jar:/home/user/.m2/repository/commons-beanutils/commons-beanutils/1.9.4/commons-beanutils-1.9.4.jar:/home/user/.m2/repository/org/apache/commons/commons-configuration2/2.1.1/commons-configuration2-2.1.1.jar:/home/user/.m2/repository/org/apache/commons/commons-lang3/3.7/commons-lang3-3.7.jar:/home/user/.m2/repository/org/apache/commons/commons-text/1.4/commons-text-1.4.jar:/home/user/.m2/repository/org/apache/avro/avro/1.7.7/avro-1.7.7.jar:/home/user/.m2/repository/com/thoughtworks/paranamer/paranamer/2.3/paranamer-2.3.jar:/home/user/.m2/repository/org/xerial/snappy/snappy-java/1.0.5/snappy-java-1.0.5.jar:/home/user/.m2/repository/com/google/re2j/re2j/1.1/re2j-1.1.jar:/home/user/.m2/repository/com/google/code/gson/gson/2.2.4/gson-2.2.4.jar:/home/user/.m2/repository/com/jcraft/jsch/0.1.54/jsch-0.1.54.jar:/home/user/.m2/repository/org/apache/curator/curator-client/2.12.0/curator-client-2.12.0.jar:/home/user/.m2/repository/org/apache/curator/curator-recipes/2.12.0/curator-recipes-2.12.0.jar:/home/user/.m2/repository/com/google/code/findbugs/jsr305/3.0.0/jsr305-3.0.0.jar:/home/user/.m2/repository/org/apache/htrace/htrace-core4/4.1.0-incubating/htrace-core4-4.1.0-incubating.jar:/home/user/.m2/repository/org/apache/zookeeper/zookeeper/3.4.13/zookeeper-3.4.13.jar:/home/user/.m2/repository/jline/jline/0.9.94/jline-0.9.94.jar:/home/user/.m2/repository/org/apache/yetus/audience-annotations/0.5.0/audience-annotations-0.5.0.jar:/home/user/.m2/repository/org/codehaus/woodstox/stax2-api/3.1.4/stax2-api-3.1.4.jar:/home/user/.m2/repository/com/fasterxml/woodstox/woodstox-core/5.0.3/woodstox-core-5.0.3.jar:/home/user/.m2/repository/dnsjava/dnsjava/2.1.7/dnsjava-2.1.7.jar:/home/user/.m2/repository/org/apache/hadoop/hadoop-hdfs/3.2.0/hadoop-hdfs-3.2.0-tests.jar:/home/user/.m2/repository/org/eclipse/jetty/jetty-util-ajax/9.3.25.v20180904/jetty-util-ajax-9.3.25.v20180904.jar:/home/user/.m2/repository/commons-daemon/commons-daemon/1.0.13/commons-daemon-1.0.13.jar:/home/user/.m2/repository/io/netty/netty/3.10.5.Final/netty-3.10.5.Final.jar:/home/user/.m2/repository/io/netty/netty-all/4.0.52.Final/netty-all-4.0.52.Final.jar:/home/user/.m2/repository/org/fusesource/leveldbjni/leveldbjni-all/1.8/leveldbjni-all-1.8.jar:"/>
    <property name="java.vm.vendor" value="Oracle Corporation"/>
    <property name="sun.arch.data.model" value="64"/>
    <property name="test.build.dir" value="/workdir/hadoop-ozone/integration-test/target/test-dir"/>
    <property name="test.cache.data" value=""/>
    <property name="java.vendor.url" value="http://java.oracle.com/"/>
    <property name="user.timezone" value=""/>
    <property name="java.vm.specification.version" value="1.8"/>
    <property name="os.name" value="Linux"/>
    <property name="test.build.data" value="/workdir/hadoop-ozone/integration-test/target/test-dir"/>
    <property name="user.country" value="US"/>
    <property name="sun.java.launcher" value="SUN_STANDARD"/>
    <property name="sun.boot.library.path" value="/usr/lib/jvm/java-1.8.0-openjdk-1.8.0.222.b10-1.el7_7.x86_64/jre/lib/amd64"/>
    <property name="sun.java.command" value="/workdir/hadoop-ozone/integration-test/target/surefire/surefirebooter8877465041738367718.jar /workdir/hadoop-ozone/integration-test/target/surefire 2019-11-15T20-00-48_867-jvmRun1 surefire2721740235083741547tmp surefire_242753076294143954912tmp"/>
    <property name="surefire.test.class.path" value="/workdir/hadoop-ozone/integration-test/target/test-classes:/workdir/hadoop-ozone/integration-test/target/classes:/home/user/.m2/repository/org/apache/hadoop/hadoop-ozone-common/0.5.0-SNAPSHOT/hadoop-ozone-common-0.5.0-SNAPSHOT.jar:/home/user/.m2/repository/org/apache/commons/commons-compress/1.4.1/commons-compress-1.4.1.jar:/home/user/.m2/repository/org/tukaani/xz/1.0/xz-1.0.jar:/home/user/.m2/repository/org/apache/hadoop/hadoop-common/3.2.0/hadoop-common-3.2.0.jar:/home/user/.m2/repository/org/apache/hadoop/hadoop-hdfs/3.2.0/hadoop-hdfs-3.2.0.jar:/home/user/.m2/repository/org/apache/hadoop/hadoop-hdfs-client/3.2.0/hadoop-hdfs-client-3.2.0.jar:/home/user/.m2/repository/com/fasterxml/jackson/core/jackson-annotations/2.9.9/jackson-annotations-2.9.9.jar:/home/user/.m2/repository/org/apache/hadoop/hadoop-hdds-common/0.5.0-SNAPSHOT/hadoop-hdds-common-0.5.0-SNAPSHOT.jar:/home/user/.m2/repository/javax/annotation/javax.annotation-api/1.2/javax.annotation-api-1.2.jar:/home/user/.m2/repository/org/apache/ratis/ratis-server/0.5.0-d6d58d0-SNAPSHOT/ratis-server-0.5.0-d6d58d0-SNAPSHOT.jar:/home/user/.m2/repository/org/apache/ratis/ratis-thirdparty-misc/0.2.0/ratis-thirdparty-misc-0.2.0.jar:/home/user/.m2/repository/org/apache/ratis/ratis-proto/0.5.0-d6d58d0-SNAPSHOT/ratis-proto-0.5.0-d6d58d0-SNAPSHOT.jar:/home/user/.m2/repository/org/apache/ratis/ratis-common/0.5.0-d6d58d0-SNAPSHOT/ratis-common-0.5.0-d6d58d0-SNAPSHOT.jar:/home/user/.m2/repository/org/apache/ratis/ratis-client/0.5.0-d6d58d0-SNAPSHOT/ratis-client-0.5.0-d6d58d0-SNAPSHOT.jar:/home/user/.m2/repository/org/apache/ratis/ratis-metrics/0.5.0-d6d58d0-SNAPSHOT/ratis-metrics-0.5.0-d6d58d0-SNAPSHOT.jar:/home/user/.m2/repository/org/apache/ratis/ratis-netty/0.5.0-d6d58d0-SNAPSHOT/ratis-netty-0.5.0-d6d58d0-SNAPSHOT.jar:/home/user/.m2/repository/org/apache/ratis/ratis-grpc/0.5.0-d6d58d0-SNAPSHOT/ratis-grpc-0.5.0-d6d58d0-SNAPSHOT.jar:/home/user/.m2/repository/org/rocksdb/rocksdbjni/6.0.1/rocksdbjni-6.0.1.jar:/home/user/.m2/repository/org/apache/logging/log4j/log4j-api/2.11.0/log4j-api-2.11.0.jar:/home/user/.m2/repository/org/apache/logging/log4j/log4j-core/2.11.0/log4j-core-2.11.0.jar:/home/user/.m2/repository/com/lmax/disruptor/3.4.2/disruptor-3.4.2.jar:/home/user/.m2/repository/org/apache/commons/commons-pool2/2.6.0/commons-pool2-2.6.0.jar:/home/user/.m2/repository/org/bouncycastle/bcpkix-jdk15on/1.60/bcpkix-jdk15on-1.60.jar:/home/user/.m2/repository/commons-validator/commons-validator/1.6/commons-validator-1.6.jar:/home/user/.m2/repository/commons-digester/commons-digester/1.8.1/commons-digester-1.8.1.jar:/home/user/.m2/repository/io/jaegertracing/jaeger-client/0.34.0/jaeger-client-0.34.0.jar:/home/user/.m2/repository/io/jaegertracing/jaeger-thrift/0.34.0/jaeger-thrift-0.34.0.jar:/home/user/.m2/repository/org/apache/thrift/libthrift/0.12.0/libthrift-0.12.0.jar:/home/user/.m2/repository/com/squareup/okhttp3/okhttp/3.9.0/okhttp-3.9.0.jar:/home/user/.m2/repository/com/squareup/okio/okio/1.13.0/okio-1.13.0.jar:/home/user/.m2/repository/io/jaegertracing/jaeger-core/0.34.0/jaeger-core-0.34.0.jar:/home/user/.m2/repository/io/jaegertracing/jaeger-tracerresolver/0.34.0/jaeger-tracerresolver-0.34.0.jar:/home/user/.m2/repository/io/opentracing/contrib/opentracing-tracerresolver/0.1.5/opentracing-tracerresolver-0.1.5.jar:/home/user/.m2/repository/io/opentracing/opentracing-util/0.31.0/opentracing-util-0.31.0.jar:/home/user/.m2/repository/io/opentracing/opentracing-api/0.31.0/opentracing-api-0.31.0.jar:/home/user/.m2/repository/io/opentracing/opentracing-noop/0.31.0/opentracing-noop-0.31.0.jar:/home/user/.m2/repository/org/apache/hadoop/hadoop-hdds-server-framework/0.5.0-SNAPSHOT/hadoop-hdds-server-framework-0.5.0-SNAPSHOT.jar:/home/user/.m2/repository/org/apache/hadoop/hadoop-hdds-container-service/0.5.0-SNAPSHOT/hadoop-hdds-container-service-0.5.0-SNAPSHOT.jar:/home/user/.m2/repository/org/apache/hadoop/hadoop-hdds-client/0.5.0-SNAPSHOT/hadoop-hdds-client-0.5.0-SNAPSHOT.jar:/home/user/.m2/repository/org/apache/hadoop/hadoop-hdds-tools/0.5.0-SNAPSHOT/hadoop-hdds-tools-0.5.0-SNAPSHOT.jar:/home/user/.m2/repository/org/apache/hadoop/hadoop-hdds-server-scm/0.5.0-SNAPSHOT/hadoop-hdds-server-scm-0.5.0-SNAPSHOT.jar:/home/user/.m2/repository/org/apache/hadoop/hadoop-hdds-docs/0.5.0-SNAPSHOT/hadoop-hdds-docs-0.5.0-SNAPSHOT.jar:/home/user/.m2/repository/io/dropwizard/metrics/metrics-core/3.2.4/metrics-core-3.2.4.jar:/home/user/.m2/repository/org/hamcrest/hamcrest-all/1.3/hamcrest-all-1.3.jar:/home/user/.m2/repository/org/bouncycastle/bcprov-jdk15on/1.60/bcprov-jdk15on-1.60.jar:/home/user/.m2/repository/info/picocli/picocli/3.9.6/picocli-3.9.6.jar:/home/user/.m2/repository/com/google/protobuf/protobuf-java/2.5.0/protobuf-java-2.5.0.jar:/home/user/.m2/repository/com/google/guava/guava/11.0.2/guava-11.0.2.jar:/home/user/.m2/repository/org/apache/hadoop/hadoop-ozone-ozone-manager/0.5.0-SNAPSHOT/hadoop-ozone-ozone-manager-0.5.0-SNAPSHOT.jar:/home/user/.m2/repository/org/apache/hadoop/hadoop-minikdc/3.2.0/hadoop-minikdc-3.2.0.jar:/home/user/.m2/repository/commons-io/commons-io/2.5/commons-io-2.5.jar:/home/user/.m2/repository/org/apache/kerby/kerb-simplekdc/1.0.1/kerb-simplekdc-1.0.1.jar:/home/user/.m2/repository/org/apache/kerby/kerb-client/1.0.1/kerb-client-1.0.1.jar:/home/user/.m2/repository/org/apache/kerby/kerby-config/1.0.1/kerby-config-1.0.1.jar:/home/user/.m2/repository/org/apache/kerby/kerb-core/1.0.1/kerb-core-1.0.1.jar:/home/user/.m2/repository/org/apache/kerby/kerby-pkix/1.0.1/kerby-pkix-1.0.1.jar:/home/user/.m2/repository/org/apache/kerby/kerby-asn1/1.0.1/kerby-asn1-1.0.1.jar:/home/user/.m2/repository/org/apache/kerby/kerby-util/1.0.1/kerby-util-1.0.1.jar:/home/user/.m2/repository/org/apache/kerby/kerb-common/1.0.1/kerb-common-1.0.1.jar:/home/user/.m2/repository/org/apache/kerby/kerb-crypto/1.0.1/kerb-crypto-1.0.1.jar:/home/user/.m2/repository/org/apache/kerby/kerb-util/1.0.1/kerb-util-1.0.1.jar:/home/user/.m2/repository/org/apache/kerby/token-provider/1.0.1/token-provider-1.0.1.jar:/home/user/.m2/repository/org/apache/kerby/kerb-admin/1.0.1/kerb-admin-1.0.1.jar:/home/user/.m2/repository/org/apache/kerby/kerb-server/1.0.1/kerb-server-1.0.1.jar:/home/user/.m2/repository/org/apache/kerby/kerb-identity/1.0.1/kerb-identity-1.0.1.jar:/home/user/.m2/repository/org/apache/kerby/kerby-xdr/1.0.1/kerby-xdr-1.0.1.jar:/home/user/.m2/repository/org/slf4j/slf4j-log4j12/1.7.25/slf4j-log4j12-1.7.25.jar:/home/user/.m2/repository/org/apache/hadoop/hadoop-ozone-s3gateway/0.5.0-SNAPSHOT/hadoop-ozone-s3gateway-0.5.0-SNAPSHOT.jar:/home/user/.m2/repository/org/jboss/weld/servlet/weld-servlet/2.4.7.Final/weld-servlet-2.4.7.Final.jar:/home/user/.m2/repository/org/glassfish/jersey/containers/jersey-container-servlet-core/2.27/jersey-container-servlet-core-2.27.jar:/home/user/.m2/repository/org/glassfish/hk2/external/javax.inject/2.5.0-b42/javax.inject-2.5.0-b42.jar:/home/user/.m2/repository/org/glassfish/jersey/core/jersey-common/2.27/jersey-common-2.27.jar:/home/user/.m2/repository/org/glassfish/hk2/osgi-resource-locator/1.0.1/osgi-resource-locator-1.0.1.jar:/home/user/.m2/repository/javax/ws/rs/javax.ws.rs-api/2.1/javax.ws.rs-api-2.1.jar:/home/user/.m2/repository/org/glassfish/jersey/ext/cdi/jersey-cdi1x/2.27/jersey-cdi1x-2.27.jar:/home/user/.m2/repository/org/glassfish/jersey/inject/jersey-hk2/2.27/jersey-hk2-2.27.jar:/home/user/.m2/repository/org/glassfish/hk2/hk2-locator/2.5.0-b42/hk2-locator-2.5.0-b42.jar:/home/user/.m2/repository/org/javassist/javassist/3.22.0-CR2/javassist-3.22.0-CR2.jar:/home/user/.m2/repository/org/glassfish/hk2/hk2-api/2.5.0/hk2-api-2.5.0.jar:/home/user/.m2/repository/org/glassfish/hk2/external/jakarta.inject/2.5.0/jakarta.inject-2.5.0.jar:/home/user/.m2/repository/org/glassfish/hk2/hk2-utils/2.5.0/hk2-utils-2.5.0.jar:/home/user/.m2/repository/jakarta/annotation/jakarta.annotation-api/1.3.4/jakarta.annotation-api-1.3.4.jar:/home/user/.m2/repository/org/glassfish/hk2/external/aopalliance-repackaged/2.5.0/aopalliance-repackaged-2.5.0.jar:/home/user/.m2/repository/com/fasterxml/jackson/dataformat/jackson-dataformat-xml/2.9.0/jackson-dataformat-xml-2.9.0.jar:/home/user/.m2/repository/com/fasterxml/jackson/core/jackson-core/2.9.9/jackson-core-2.9.9.jar:/home/user/.m2/repository/com/fasterxml/jackson/module/jackson-module-jaxb-annotations/2.9.9/jackson-module-jaxb-annotations-2.9.9.jar:/home/user/.m2/repository/javax/enterprise/cdi-api/1.2/cdi-api-1.2.jar:/home/user/.m2/repository/javax/el/javax.el-api/3.0.0/javax.el-api-3.0.0.jar:/home/user/.m2/repository/javax/interceptor/javax.interceptor-api/1.2/javax.interceptor-api-1.2.jar:/home/user/.m2/repository/javax/inject/javax.inject/1/javax.inject-1.jar:/home/user/.m2/repository/com/sun/xml/bind/jaxb-impl/2.3.0.1/jaxb-impl-2.3.0.1.jar:/home/user/.m2/repository/com/sun/xml/bind/jaxb-core/2.3.0.1/jaxb-core-2.3.0.1.jar:/home/user/.m2/repository/javax/xml/bind/jaxb-api/2.3.0/jaxb-api-2.3.0.jar:/home/user/.m2/repository/javax/activation/activation/1.1.1/activation-1.1.1.jar:/home/user/.m2/repository/org/apache/hadoop/hadoop-ozone-csi/0.5.0-SNAPSHOT/hadoop-ozone-csi-0.5.0-SNAPSHOT.jar:/home/user/.m2/repository/com/google/protobuf/protobuf-java-util/3.5.1/protobuf-java-util-3.5.1.jar:/home/user/.m2/repository/org/apache/hadoop/hadoop-hdds-config/0.5.0-SNAPSHOT/hadoop-hdds-config-0.5.0-SNAPSHOT.jar:/home/user/.m2/repository/io/grpc/grpc-netty/1.17.1/grpc-netty-1.17.1.jar:/home/user/.m2/repository/io/grpc/grpc-core/1.17.1/grpc-core-1.17.1.jar:/home/user/.m2/repository/io/grpc/grpc-context/1.17.1/grpc-context-1.17.1.jar:/home/user/.m2/repository/com/google/errorprone/error_prone_annotations/2.2.0/error_prone_annotations-2.2.0.jar:/home/user/.m2/repository/org/codehaus/mojo/animal-sniffer-annotations/1.17/animal-sniffer-annotations-1.17.jar:/home/user/.m2/repository/io/opencensus/opencensus-api/0.17.0/opencensus-api-0.17.0.jar:/home/user/.m2/repository/io/opencensus/opencensus-contrib-grpc-metrics/0.17.0/opencensus-contrib-grpc-metrics-0.17.0.jar:/home/user/.m2/repository/io/netty/netty-codec-http2/4.1.30.Final/netty-codec-http2-4.1.30.Final.jar:/home/user/.m2/repository/io/netty/netty-codec-http/4.1.30.Final/netty-codec-http-4.1.30.Final.jar:/home/user/.m2/repository/io/netty/netty-codec/4.1.30.Final/netty-codec-4.1.30.Final.jar:/home/user/.m2/repository/io/netty/netty-handler/4.1.30.Final/netty-handler-4.1.30.Final.jar:/home/user/.m2/repository/io/netty/netty-handler-proxy/4.1.30.Final/netty-handler-proxy-4.1.30.Final.jar:/home/user/.m2/repository/io/netty/netty-codec-socks/4.1.30.Final/netty-codec-socks-4.1.30.Final.jar:/home/user/.m2/repository/io/netty/netty-transport-native-epoll/4.1.30.Final/netty-transport-native-epoll-4.1.30.Final.jar:/home/user/.m2/repository/io/netty/netty-common/4.1.30.Final/netty-common-4.1.30.Final.jar:/home/user/.m2/repository/io/netty/netty-buffer/4.1.30.Final/netty-buffer-4.1.30.Final.jar:/home/user/.m2/repository/io/netty/netty-transport/4.1.30.Final/netty-transport-4.1.30.Final.jar:/home/user/.m2/repository/io/netty/netty-resolver/4.1.30.Final/netty-resolver-4.1.30.Final.jar:/home/user/.m2/repository/io/netty/netty-transport-native-unix-common/4.1.30.Final/netty-transport-native-unix-common-4.1.30.Final.jar:/home/user/.m2/repository/io/grpc/grpc-protobuf/1.17.1/grpc-protobuf-1.17.1.jar:/home/user/.m2/repository/com/google/api/grpc/proto-google-common-protos/1.0.0/proto-google-common-protos-1.0.0.jar:/home/user/.m2/repository/io/grpc/grpc-protobuf-lite/1.17.1/grpc-protobuf-lite-1.17.1.jar:/home/user/.m2/repository/io/grpc/grpc-stub/1.17.1/grpc-stub-1.17.1.jar:/home/user/.m2/repository/org/apache/hadoop/hadoop-ozone-recon/0.5.0-SNAPSHOT/hadoop-ozone-recon-0.5.0-SNAPSHOT.jar:/home/user/.m2/repository/org/apache/hadoop/hadoop-ozone-reconcodegen/0.5.0-SNAPSHOT/hadoop-ozone-reconcodegen-0.5.0-SNAPSHOT.jar:/home/user/.m2/repository/com/google/inject/extensions/guice-multibindings/4.0/guice-multibindings-4.0.jar:/home/user/.m2/repository/com/google/inject/guice/4.0/guice-4.0.jar:/home/user/.m2/repository/aopalliance/aopalliance/1.0/aopalliance-1.0.jar:/home/user/.m2/repository/com/google/inject/extensions/guice-servlet/4.0/guice-servlet-4.0.jar:/home/user/.m2/repository/org/glassfish/jersey/containers/jersey-container-servlet/2.27/jersey-container-servlet-2.27.jar:/home/user/.m2/repository/org/glassfish/hk2/guice-bridge/2.5.0/guice-bridge-2.5.0.jar:/home/user/.m2/repository/org/glassfish/jersey/core/jersey-server/2.27/jersey-server-2.27.jar:/home/user/.m2/repository/org/glassfish/jersey/core/jersey-client/2.27/jersey-client-2.27.jar:/home/user/.m2/repository/org/glassfish/jersey/media/jersey-media-jaxb/2.27/jersey-media-jaxb-2.27.jar:/home/user/.m2/repository/javax/validation/validation-api/1.1.0.Final/validation-api-1.1.0.Final.jar:/home/user/.m2/repository/org/glassfish/jersey/media/jersey-media-json-jackson/2.27/jersey-media-json-jackson-2.27.jar:/home/user/.m2/repository/org/glassfish/jersey/ext/jersey-entity-filtering/2.27/jersey-entity-filtering-2.27.jar:/home/user/.m2/repository/com/google/inject/extensions/guice-assistedinject/4.0/guice-assistedinject-4.0.jar:/home/user/.m2/repository/org/jooq/jooq/3.11.10/jooq-3.11.10.jar:/home/user/.m2/repository/org/jooq/jooq-meta/3.11.10/jooq-meta-3.11.10.jar:/home/user/.m2/repository/org/jooq/jooq-codegen/3.11.10/jooq-codegen-3.11.10.jar:/home/user/.m2/repository/com/jolbox/bonecp/0.8.0.RELEASE/bonecp-0.8.0.RELEASE.jar:/home/user/.m2/repository/org/xerial/sqlite-jdbc/3.25.2/sqlite-jdbc-3.25.2.jar:/home/user/.m2/repository/org/springframework/spring-jdbc/5.1.3.RELEASE/spring-jdbc-5.1.3.RELEASE.jar:/home/user/.m2/repository/org/springframework/spring-beans/5.1.3.RELEASE/spring-beans-5.1.3.RELEASE.jar:/home/user/.m2/repository/org/springframework/spring-core/5.1.3.RELEASE/spring-core-5.1.3.RELEASE.jar:/home/user/.m2/repository/org/springframework/spring-jcl/5.1.3.RELEASE/spring-jcl-5.1.3.RELEASE.jar:/home/user/.m2/repository/org/springframework/spring-tx/5.1.3.RELEASE/spring-tx-5.1.3.RELEASE.jar:/home/user/.m2/repository/org/apache/hadoop/hadoop-ozone-client/0.5.0-SNAPSHOT/hadoop-ozone-client-0.5.0-SNAPSHOT.jar:/home/user/.m2/repository/commons-lang/commons-lang/2.6/commons-lang-2.6.jar:/home/user/.m2/repository/org/apache/hadoop/hadoop-ozone-ozone-manager/0.5.0-SNAPSHOT/hadoop-ozone-ozone-manager-0.5.0-SNAPSHOT-tests.jar:/home/user/.m2/repository/junit/junit/4.11/junit-4.11.jar:/home/user/.m2/repository/org/hamcrest/hamcrest-core/1.3/hamcrest-core-1.3.jar:/home/user/.m2/repository/org/openjdk/jmh/jmh-core/1.19/jmh-core-1.19.jar:/home/user/.m2/repository/net/sf/jopt-simple/jopt-simple/4.6/jopt-simple-4.6.jar:/home/user/.m2/repository/org/apache/commons/commons-math3/3.1.1/commons-math3-3.1.1.jar:/home/user/.m2/repository/org/openjdk/jmh/jmh-generator-annprocess/1.19/jmh-generator-annprocess-1.19.jar:/home/user/.m2/repository/org/mockito/mockito-all/1.8.5/mockito-all-1.8.5.jar:/home/user/.m2/repository/org/apache/hadoop/hadoop-kms/3.2.0/hadoop-kms-3.2.0.jar:/home/user/.m2/repository/org/apache/hadoop/hadoop-auth/3.2.0/hadoop-auth-3.2.0.jar:/home/user/.m2/repository/com/nimbusds/nimbus-jose-jwt/4.41.1/nimbus-jose-jwt-4.41.1.jar:/home/user/.m2/repository/com/github/stephenc/jcip/jcip-annotations/1.0-1/jcip-annotations-1.0-1.jar:/home/user/.m2/repository/net/minidev/json-smart/2.3/json-smart-2.3.jar:/home/user/.m2/repository/net/minidev/accessors-smart/1.2/accessors-smart-1.2.jar:/home/user/.m2/repository/org/ow2/asm/asm/5.0.4/asm-5.0.4.jar:/home/user/.m2/repository/org/apache/curator/curator-framework/2.12.0/curator-framework-2.12.0.jar:/home/user/.m2/repository/com/sun/jersey/jersey-core/1.19/jersey-core-1.19.jar:/home/user/.m2/repository/javax/ws/rs/jsr311-api/1.1.1/jsr311-api-1.1.1.jar:/home/user/.m2/repository/com/sun/jersey/jersey-server/1.19/jersey-server-1.19.jar:/home/user/.m2/repository/javax/servlet/javax.servlet-api/3.1.0/javax.servlet-api-3.1.0.jar:/home/user/.m2/repository/org/eclipse/jetty/jetty-server/9.3.25.v20180904/jetty-server-9.3.25.v20180904.jar:/home/user/.m2/repository/org/eclipse/jetty/jetty-http/9.3.25.v20180904/jetty-http-9.3.25.v20180904.jar:/home/user/.m2/repository/org/eclipse/jetty/jetty-io/9.3.25.v20180904/jetty-io-9.3.25.v20180904.jar:/home/user/.m2/repository/org/eclipse/jetty/jetty-webapp/9.3.25.v20180904/jetty-webapp-9.3.25.v20180904.jar:/home/user/.m2/repository/org/eclipse/jetty/jetty-xml/9.3.25.v20180904/jetty-xml-9.3.25.v20180904.jar:/home/user/.m2/repository/log4j/log4j/1.2.17/log4j-1.2.17.jar:/home/user/.m2/repository/org/slf4j/slf4j-api/1.7.25/slf4j-api-1.7.25.jar:/home/user/.m2/repository/org/slf4j/jul-to-slf4j/1.7.25/jul-to-slf4j-1.7.25.jar:/home/user/.m2/repository/org/eclipse/jetty/jetty-util/9.3.25.v20180904/jetty-util-9.3.25.v20180904.jar:/home/user/.m2/repository/com/fasterxml/jackson/core/jackson-databind/2.9.9/jackson-databind-2.9.9.jar:/home/user/.m2/repository/org/apache/hadoop/hadoop-kms/3.2.0/hadoop-kms-3.2.0-tests.jar:/home/user/.m2/repository/org/apache/hadoop/hadoop-hdds-server-scm/0.5.0-SNAPSHOT/hadoop-hdds-server-scm-0.5.0-SNAPSHOT-tests.jar:/home/user/.m2/repository/org/apache/hadoop/hadoop-hdds-container-service/0.5.0-SNAPSHOT/hadoop-hdds-container-service-0.5.0-SNAPSHOT-tests.jar:/home/user/.m2/repository/org/yaml/snakeyaml/1.16/snakeyaml-1.16.jar:/home/user/.m2/repository/org/apache/hadoop/hadoop-common/3.2.0/hadoop-common-3.2.0-tests.jar:/home/user/.m2/repository/org/apache/hadoop/hadoop-annotations/3.2.0/hadoop-annotations-3.2.0.jar:/usr/lib/jvm/java-1.8.0-openjdk-1.8.0.222.b10-1.el7_7.x86_64/jre/../lib/tools.jar:/home/user/.m2/repository/commons-cli/commons-cli/1.2/commons-cli-1.2.jar:/home/user/.m2/repository/org/apache/httpcomponents/httpclient/4.5.2/httpclient-4.5.2.jar:/home/user/.m2/repository/org/apache/httpcomponents/httpcore/4.4.4/httpcore-4.4.4.jar:/home/user/.m2/repository/commons-codec/commons-codec/1.11/commons-codec-1.11.jar:/home/user/.m2/repository/commons-net/commons-net/3.6/commons-net-3.6.jar:/home/user/.m2/repository/commons-collections/commons-collections/3.2.2/commons-collections-3.2.2.jar:/home/user/.m2/repository/org/eclipse/jetty/jetty-servlet/9.3.25.v20180904/jetty-servlet-9.3.25.v20180904.jar:/home/user/.m2/repository/org/eclipse/jetty/jetty-security/9.3.25.v20180904/jetty-security-9.3.25.v20180904.jar:/home/user/.m2/repository/javax/servlet/jsp/jsp-api/2.1/jsp-api-2.1.jar:/home/user/.m2/repository/com/sun/jersey/jersey-servlet/1.19/jersey-servlet-1.19.jar:/home/user/.m2/repository/com/sun/jersey/jersey-json/1.19/jersey-json-1.19.jar:/home/user/.m2/repository/org/codehaus/jettison/jettison/1.1/jettison-1.1.jar:/home/user/.m2/repository/org/codehaus/jackson/jackson-core-asl/1.9.13/jackson-core-asl-1.9.13.jar:/home/user/.m2/repository/org/codehaus/jackson/jackson-mapper-asl/1.9.13/jackson-mapper-asl-1.9.13.jar:/home/user/.m2/repository/org/codehaus/jackson/jackson-jaxrs/1.9.13/jackson-jaxrs-1.9.13.jar:/home/user/.m2/repository/org/codehaus/jackson/jackson-xc/1.9.13/jackson-xc-1.9.13.jar:/home/user/.m2/repository/commons-logging/commons-logging/1.1.3/commons-logging-1.1.3.jar:/home/user/.m2/repository/commons-beanutils/commons-beanutils/1.9.4/commons-beanutils-1.9.4.jar:/home/user/.m2/repository/org/apache/commons/commons-configuration2/2.1.1/commons-configuration2-2.1.1.jar:/home/user/.m2/repository/org/apache/commons/commons-lang3/3.7/commons-lang3-3.7.jar:/home/user/.m2/repository/org/apache/commons/commons-text/1.4/commons-text-1.4.jar:/home/user/.m2/repository/org/apache/avro/avro/1.7.7/avro-1.7.7.jar:/home/user/.m2/repository/com/thoughtworks/paranamer/paranamer/2.3/paranamer-2.3.jar:/home/user/.m2/repository/org/xerial/snappy/snappy-java/1.0.5/snappy-java-1.0.5.jar:/home/user/.m2/repository/com/google/re2j/re2j/1.1/re2j-1.1.jar:/home/user/.m2/repository/com/google/code/gson/gson/2.2.4/gson-2.2.4.jar:/home/user/.m2/repository/com/jcraft/jsch/0.1.54/jsch-0.1.54.jar:/home/user/.m2/repository/org/apache/curator/curator-client/2.12.0/curator-client-2.12.0.jar:/home/user/.m2/repository/org/apache/curator/curator-recipes/2.12.0/curator-recipes-2.12.0.jar:/home/user/.m2/repository/com/google/code/findbugs/jsr305/3.0.0/jsr305-3.0.0.jar:/home/user/.m2/repository/org/apache/htrace/htrace-core4/4.1.0-incubating/htrace-core4-4.1.0-incubating.jar:/home/user/.m2/repository/org/apache/zookeeper/zookeeper/3.4.13/zookeeper-3.4.13.jar:/home/user/.m2/repository/jline/jline/0.9.94/jline-0.9.94.jar:/home/user/.m2/repository/org/apache/yetus/audience-annotations/0.5.0/audience-annotations-0.5.0.jar:/home/user/.m2/repository/org/codehaus/woodstox/stax2-api/3.1.4/stax2-api-3.1.4.jar:/home/user/.m2/repository/com/fasterxml/woodstox/woodstox-core/5.0.3/woodstox-core-5.0.3.jar:/home/user/.m2/repository/dnsjava/dnsjava/2.1.7/dnsjava-2.1.7.jar:/home/user/.m2/repository/org/apache/hadoop/hadoop-hdfs/3.2.0/hadoop-hdfs-3.2.0-tests.jar:/home/user/.m2/repository/org/eclipse/jetty/jetty-util-ajax/9.3.25.v20180904/jetty-util-ajax-9.3.25.v20180904.jar:/home/user/.m2/repository/commons-daemon/commons-daemon/1.0.13/commons-daemon-1.0.13.jar:/home/user/.m2/repository/io/netty/netty/3.10.5.Final/netty-3.10.5.Final.jar:/home/user/.m2/repository/io/netty/netty-all/4.0.52.Final/netty-all-4.0.52.Final.jar:/home/user/.m2/repository/org/fusesource/leveldbjni/leveldbjni-all/1.8/leveldbjni-all-1.8.jar:"/>
    <property name="sun.cpu.endian" value="little"/>
    <property name="user.home" value="/home/user"/>
    <property name="user.language" value="en"/>
    <property name="java.specification.vendor" value="Oracle Corporation"/>
    <property name="java.home" value="/usr/lib/jvm/java-1.8.0-openjdk-1.8.0.222.b10-1.el7_7.x86_64/jre"/>
    <property name="surefire.excludesFile" value="/tools/ozone-bad-unit-tests"/>
    <property name="java.security.krb5.conf" value="/workdir/hadoop-ozone/integration-test/target/test-classes/krb5.conf"/>
    <property name="basedir" value="/workdir/hadoop-ozone/integration-test"/>
    <property name="file.separator" value="/"/>
    <property name="line.separator" value="&#10;"/>
    <property name="java.vm.specification.vendor" value="Oracle Corporation"/>
    <property name="java.specification.name" value="Java Platform API Specification"/>
    <property name="java.awt.graphicsenv" value="sun.awt.X11GraphicsEnvironment"/>
    <property name="surefire.real.class.path" value="/workdir/hadoop-ozone/integration-test/target/surefire/surefirebooter8877465041738367718.jar"/>
    <property name="hadoop.log.dir" value="/workdir/hadoop-ozone/integration-test/target/log"/>
    <property name="sun.boot.class.path" value="/usr/lib/jvm/java-1.8.0-openjdk-1.8.0.222.b10-1.el7_7.x86_64/jre/lib/resources.jar:/usr/lib/jvm/java-1.8.0-openjdk-1.8.0.222.b10-1.el7_7.x86_64/jre/lib/rt.jar:/usr/lib/jvm/java-1.8.0-openjdk-1.8.0.222.b10-1.el7_7.x86_64/jre/lib/sunrsasign.jar:/usr/lib/jvm/java-1.8.0-openjdk-1.8.0.222.b10-1.el7_7.x86_64/jre/lib/jsse.jar:/usr/lib/jvm/java-1.8.0-openjdk-1.8.0.222.b10-1.el7_7.x86_64/jre/lib/jce.jar:/usr/lib/jvm/java-1.8.0-openjdk-1.8.0.222.b10-1.el7_7.x86_64/jre/lib/charsets.jar:/usr/lib/jvm/java-1.8.0-openjdk-1.8.0.222.b10-1.el7_7.x86_64/jre/lib/jfr.jar:/usr/lib/jvm/java-1.8.0-openjdk-1.8.0.222.b10-1.el7_7.x86_64/jre/classes"/>
    <property name="sun.management.compiler" value="HotSpot 64-Bit Tiered Compilers"/>
    <property name="java.runtime.version" value="1.8.0_222-b10"/>
    <property name="java.net.preferIPv4Stack" value="true"/>
    <property name="user.name" value="jenkins1000"/>
    <property name="path.separator" value=":"/>
    <property name="java.security.egd" value="file:///dev/urandom"/>
    <property name="os.version" value="3.10.0-957.12.2.el7.x86_64"/>
    <property name="java.endorsed.dirs" value="/usr/lib/jvm/java-1.8.0-openjdk-1.8.0.222.b10-1.el7_7.x86_64/jre/lib/endorsed"/>
    <property name="java.runtime.name" value="OpenJDK Runtime Environment"/>
    <property name="file.encoding" value="ANSI_X3.4-1968"/>
    <property name="java.vm.name" value="OpenJDK 64-Bit Server VM"/>
    <property name="test.build.webapps" value=""/>
    <property name="localRepository" value="/home/user/.m2/repository"/>
    <property name="java.vendor.url.bug" value="http://bugreport.sun.com/bugreport/"/>
    <property name="java.io.tmpdir" value="/tmp"/>
    <property name="require.test.libhadoop" value=""/>
    <property name="java.version" value="1.8.0_222"/>
    <property name="user.dir" value="/workdir/hadoop-ozone/integration-test"/>
    <property name="os.arch" value="amd64"/>
    <property name="java.vm.specification.name" value="Java Virtual Machine Specification"/>
    <property name="test.build.classes" value="/workdir/hadoop-ozone/integration-test/target/test-classes"/>
    <property name="java.awt.printerjob" value="sun.print.PSPrinterJob"/>
    <property name="sun.os.patch.level" value="unknown"/>
    <property name="hadoop.tmp.dir" value="/workdir/hadoop-ozone/integration-test/target/tmp"/>
    <property name="java.library.path" value="/usr/lib:/workdir/hadoop-ozone/integration-test/target/native/target/usr/local/lib:/workdir/hadoop-ozone/integration-test/../../hadoop-common-project/hadoop-common/target/native/target/usr/local/lib:/usr/java/packages/lib/amd64:/usr/lib64:/lib64:/lib:/usr/lib"/>
    <property name="java.vm.info" value="mixed mode"/>
    <property name="java.vendor" value="Oracle Corporation"/>
    <property name="java.vm.version" value="25.222-b10"/>
    <property name="java.ext.dirs" value="/usr/lib/jvm/java-1.8.0-openjdk-1.8.0.222.b10-1.el7_7.x86_64/jre/lib/ext:/usr/java/packages/lib/ext"/>
    <property name="sun.io.unicode.encoding" value="UnicodeLittle"/>
    <property name="java.class.version" value="52.0"/>
  </properties>
  <testcase name="testPipelineExclusionWithPipelineFailure" classname="org.apache.hadoop.ozone.client.rpc.TestFailureHandlingByClient" time="59.734"/>
  <testcase name="testContainerExclusionWithClosedContainerException" classname="org.apache.hadoop.ozone.client.rpc.TestFailureHandlingByClient" time="35.91">
    <error message="PipelineID=ce900b67-6ac3-4ea5-9465-916fece7aaff not found" type="org.apache.hadoop.hdds.scm.pipeline.PipelineNotFoundException">org.apache.hadoop.hdds.scm.pipeline.PipelineNotFoundException: PipelineID=ce900b67-6ac3-4ea5-9465-916fece7aaff not found
	at org.apache.hadoop.hdds.scm.pipeline.PipelineStateMap.getPipeline(PipelineStateMap.java:132)
	at org.apache.hadoop.hdds.scm.pipeline.PipelineStateManager.getPipeline(PipelineStateManager.java:64)
	at org.apache.hadoop.hdds.scm.pipeline.SCMPipelineManager.getPipeline(SCMPipelineManager.java:191)
	at org.apache.hadoop.ozone.container.ContainerTestHelper.waitForContainerClose(ContainerTestHelper.java:873)
	at org.apache.hadoop.ozone.client.rpc.TestFailureHandlingByClient.testContainerExclusionWithClosedContainerException(TestFailureHandlingByClient.java:249)
	at sun.reflect.NativeMethodAccessorImpl.invoke0(Native Method)
	at sun.reflect.NativeMethodAccessorImpl.invoke(NativeMethodAccessorImpl.java:62)
	at sun.reflect.DelegatingMethodAccessorImpl.invoke(DelegatingMethodAccessorImpl.java:43)
	at java.lang.reflect.Method.invoke(Method.java:498)
	at org.junit.runners.model.FrameworkMethod$1.runReflectiveCall(FrameworkMethod.java:47)
	at org.junit.internal.runners.model.ReflectiveCallable.run(ReflectiveCallable.java:12)
	at org.junit.runners.model.FrameworkMethod.invokeExplosively(FrameworkMethod.java:44)
	at org.junit.internal.runners.statements.InvokeMethod.evaluate(InvokeMethod.java:17)
	at org.junit.internal.runners.statements.RunAfters.evaluate(RunAfters.java:27)
	at org.junit.runners.ParentRunner.runLeaf(ParentRunner.java:271)
	at org.junit.runners.BlockJUnit4ClassRunner.runChild(BlockJUnit4ClassRunner.java:70)
	at org.junit.runners.BlockJUnit4ClassRunner.runChild(BlockJUnit4ClassRunner.java:50)
	at org.junit.runners.ParentRunner$3.run(ParentRunner.java:238)
	at org.junit.runners.ParentRunner$1.schedule(ParentRunner.java:63)
	at org.junit.runners.ParentRunner.runChildren(ParentRunner.java:236)
	at org.junit.runners.ParentRunner.access$000(ParentRunner.java:53)
	at org.junit.runners.ParentRunner$2.evaluate(ParentRunner.java:229)
	at org.junit.runners.ParentRunner.run(ParentRunner.java:309)
	at org.apache.maven.surefire.junit4.JUnit4Provider.execute(JUnit4Provider.java:365)
	at org.apache.maven.surefire.junit4.JUnit4Provider.executeWithRerun(JUnit4Provider.java:273)
	at org.apache.maven.surefire.junit4.JUnit4Provider.executeTestSet(JUnit4Provider.java:238)
	at org.apache.maven.surefire.junit4.JUnit4Provider.invoke(JUnit4Provider.java:159)
	at org.apache.maven.surefire.booter.ForkedBooter.invokeProviderInSameClassLoader(ForkedBooter.java:384)
	at org.apache.maven.surefire.booter.ForkedBooter.runSuitesInProcess(ForkedBooter.java:345)
	at org.apache.maven.surefire.booter.ForkedBooter.execute(ForkedBooter.java:126)
	at org.apache.maven.surefire.booter.ForkedBooter.main(ForkedBooter.java:418)
</error>
    <system-out><![CDATA[2019-11-15 20:17:52,230 [main] WARN  server.ServerUtils (ServerUtils.java:getScmDbDir(145)) - ozone.scm.db.dirs is not configured. We recommend adding this setting. Falling back to ozone.metadata.dirs instead.
2019-11-15 20:17:52,244 [main] WARN  server.ServerUtils (ServerUtils.java:getScmDbDir(145)) - ozone.scm.db.dirs is not configured. We recommend adding this setting. Falling back to ozone.metadata.dirs instead.
2019-11-15 20:17:52,245 [main] WARN  server.ServerUtils (ServerUtils.java:getScmDbDir(145)) - ozone.scm.db.dirs is not configured. We recommend adding this setting. Falling back to ozone.metadata.dirs instead.
2019-11-15 20:17:52,245 [main] INFO  db.DBStoreBuilder (DBStoreBuilder.java:addTable(127)) - using custom profile for table: deletedBlocks
2019-11-15 20:17:52,245 [main] INFO  db.DBStoreBuilder (DBStoreBuilder.java:processTables(183)) - Using default column profile:DBProfile.DISK for Table:deletedBlocks
2019-11-15 20:17:52,246 [main] INFO  db.DBStoreBuilder (DBStoreBuilder.java:addTable(127)) - using custom profile for table: validCerts
2019-11-15 20:17:52,246 [main] INFO  db.DBStoreBuilder (DBStoreBuilder.java:processTables(183)) - Using default column profile:DBProfile.DISK for Table:validCerts
2019-11-15 20:17:52,246 [main] INFO  db.DBStoreBuilder (DBStoreBuilder.java:addTable(127)) - using custom profile for table: revokedCerts
2019-11-15 20:17:52,246 [main] INFO  db.DBStoreBuilder (DBStoreBuilder.java:processTables(183)) - Using default column profile:DBProfile.DISK for Table:revokedCerts
2019-11-15 20:17:52,247 [main] INFO  db.DBStoreBuilder (DBStoreBuilder.java:addTable(127)) - using custom profile for table: default
2019-11-15 20:17:52,247 [main] INFO  db.DBStoreBuilder (DBStoreBuilder.java:processTables(189)) - Using default column profile:DBProfile.DISK for Table:default
2019-11-15 20:17:52,247 [main] INFO  db.DBStoreBuilder (DBStoreBuilder.java:getDbProfile(220)) - Using default options. DBProfile.DISK
2019-11-15 20:17:52,474 [main] INFO  net.NodeSchemaLoader (NodeSchemaLoader.java:loadSchemaFromFile(125)) - Loading file from sun.misc.CompoundEnumeration@688a2c09
2019-11-15 20:17:52,475 [main] INFO  net.NodeSchemaLoader (NodeSchemaLoader.java:loadSchema(171)) - Loading network topology layer schema file
2019-11-15 20:17:52,481 [main] INFO  node.SCMNodeManager (SCMNodeManager.java:<init>(116)) - Entering startup safe mode.
2019-11-15 20:17:52,482 [main] INFO  algorithms.ContainerPlacementPolicyFactory (ContainerPlacementPolicyFactory.java:getPolicy(57)) - Create container placement policy of type org.apache.hadoop.hdds.scm.container.placement.algorithms.SCMContainerPlacementRandom
2019-11-15 20:17:52,482 [main] WARN  server.ServerUtils (ServerUtils.java:getScmDbDir(145)) - ozone.scm.db.dirs is not configured. We recommend adding this setting. Falling back to ozone.metadata.dirs instead.
2019-11-15 20:17:52,553 [main] INFO  pipeline.SCMPipelineManager (SCMPipelineManager.java:initializePipelineState(132)) - No pipeline exists in current db
2019-11-15 20:17:52,553 [main] WARN  server.ServerUtils (ServerUtils.java:getScmDbDir(145)) - ozone.scm.db.dirs is not configured. We recommend adding this setting. Falling back to ozone.metadata.dirs instead.
2019-11-15 20:17:52,614 [main] WARN  events.EventQueue (EventQueue.java:fireEvent(183)) - No event handler registered for event TypedEvent{payloadType=SafeModeStatus, name='SafeModeStatus'}
2019-11-15 20:17:52,614 [main] INFO  ipc.CallQueueManager (CallQueueManager.java:<init>(84)) - Using callQueue: class java.util.concurrent.LinkedBlockingQueue, queueCapacity: 2000, scheduler: class org.apache.hadoop.ipc.DefaultRpcScheduler, ipcBackoff: false.
2019-11-15 20:17:52,615 [Socket Reader #1 for port 39979] INFO  ipc.Server (Server.java:run(1074)) - Starting Socket Reader #1 for port 39979
2019-11-15 20:17:52,617 [main] INFO  ipc.CallQueueManager (CallQueueManager.java:<init>(84)) - Using callQueue: class java.util.concurrent.LinkedBlockingQueue, queueCapacity: 2000, scheduler: class org.apache.hadoop.ipc.DefaultRpcScheduler, ipcBackoff: false.
2019-11-15 20:17:52,617 [Socket Reader #1 for port 34814] INFO  ipc.Server (Server.java:run(1074)) - Starting Socket Reader #1 for port 34814
2019-11-15 20:17:52,618 [main] INFO  ipc.CallQueueManager (CallQueueManager.java:<init>(84)) - Using callQueue: class java.util.concurrent.LinkedBlockingQueue, queueCapacity: 2000, scheduler: class org.apache.hadoop.ipc.DefaultRpcScheduler, ipcBackoff: false.
2019-11-15 20:17:52,619 [Socket Reader #1 for port 42052] INFO  ipc.Server (Server.java:run(1074)) - Starting Socket Reader #1 for port 42052
2019-11-15 20:17:52,621 [main] INFO  hdfs.DFSUtil (DFSUtil.java:httpServerTemplateForNNAndJN(1641)) - Starting Web-server for scm at: http://0.0.0.0:0
2019-11-15 20:17:52,623 [main] INFO  server.AuthenticationFilter (AuthenticationFilter.java:constructSecretProvider(240)) - Unable to initialize FileSignerSecretProvider, falling back to use random secrets.
2019-11-15 20:17:52,624 [main] WARN  http.HttpRequestLog (HttpRequestLog.java:getRequestLog(97)) - Jetty request log can only be enabled using Log4j
2019-11-15 20:17:52,626 [main] INFO  http.HttpServer2 (HttpServer2.java:addGlobalFilter(975)) - Added global filter 'safety' (class=org.apache.hadoop.http.HttpServer2$QuotingInputFilter)
2019-11-15 20:17:52,626 [main] INFO  http.HttpServer2 (HttpServer2.java:addFilter(948)) - Added filter static_user_filter (class=org.apache.hadoop.http.lib.StaticUserWebFilter$StaticUserFilter) to context scm
2019-11-15 20:17:52,627 [main] INFO  http.HttpServer2 (HttpServer2.java:addFilter(958)) - Added filter static_user_filter (class=org.apache.hadoop.http.lib.StaticUserWebFilter$StaticUserFilter) to context logs
2019-11-15 20:17:52,627 [main] INFO  http.HttpServer2 (HttpServer2.java:addFilter(958)) - Added filter static_user_filter (class=org.apache.hadoop.http.lib.StaticUserWebFilter$StaticUserFilter) to context static
2019-11-15 20:17:52,629 [main] INFO  server.StorageContainerManager (StorageContainerManager.java:start(766)) - StorageContainerLocationProtocol RPC server is listening at /0.0.0.0:42052
2019-11-15 20:17:52,630 [main] WARN  impl.MetricsConfig (MetricsConfig.java:loadFirst(134)) - Cannot locate configuration: tried hadoop-metrics2-storagecontainermanager.properties,hadoop-metrics2.properties
2019-11-15 20:17:52,631 [main] INFO  impl.MetricsSystemImpl (MetricsSystemImpl.java:startTimer(374)) - Scheduled Metric snapshot period at 10 second(s).
2019-11-15 20:17:52,631 [main] INFO  impl.MetricsSystemImpl (MetricsSystemImpl.java:start(191)) - StorageContainerManager metrics system started
2019-11-15 20:17:52,658 [main] WARN  impl.MetricsSystemImpl (MetricsSystemImpl.java:register(276)) - Sink prometheus already exists!
2019-11-15 20:17:52,661 [main] INFO  server.SCMClientProtocolServer (SCMClientProtocolServer.java:start(160)) - RPC server for Client  is listening at /0.0.0.0:42052
2019-11-15 20:17:52,662 [IPC Server Responder] INFO  ipc.Server (Server.java:run(1314)) - IPC Server Responder: starting
2019-11-15 20:17:52,662 [IPC Server listener on 42052] INFO  ipc.Server (Server.java:run(1153)) - IPC Server listener on 42052: starting
2019-11-15 20:17:52,664 [main] INFO  server.StorageContainerManager (StorageContainerManager.java:start(776)) - ScmBlockLocationProtocol RPC server is listening at /0.0.0.0:34814
2019-11-15 20:17:52,665 [main] INFO  server.SCMBlockProtocolServer (SCMBlockProtocolServer.java:start(146)) - RPC server for Block Protocol is listening at /0.0.0.0:34814
2019-11-15 20:17:52,665 [IPC Server Responder] INFO  ipc.Server (Server.java:run(1314)) - IPC Server Responder: starting
2019-11-15 20:17:52,665 [IPC Server listener on 34814] INFO  ipc.Server (Server.java:run(1153)) - IPC Server listener on 34814: starting
2019-11-15 20:17:52,667 [main] INFO  server.StorageContainerManager (StorageContainerManager.java:start(780)) - ScmDatanodeProtocl RPC server is listening at /0.0.0.0:39979
2019-11-15 20:17:52,667 [main] INFO  server.SCMDatanodeProtocolServer (SCMDatanodeProtocolServer.java:start(169)) - RPC server for DataNodes is listening at /0.0.0.0:39979
2019-11-15 20:17:52,668 [IPC Server Responder] INFO  ipc.Server (Server.java:run(1314)) - IPC Server Responder: starting
2019-11-15 20:17:52,668 [IPC Server listener on 39979] INFO  ipc.Server (Server.java:run(1153)) - IPC Server listener on 39979: starting
2019-11-15 20:17:52,670 [main] INFO  http.HttpServer2 (HttpServer2.java:bindListener(1191)) - Jetty bound to port 35949
2019-11-15 20:17:52,670 [main] INFO  server.Server (Server.java:doStart(351)) - jetty-9.3.25.v20180904, build timestamp: 2018-09-04T21:11:46Z, git hash: 3ce520221d0240229c862b122d2b06c12a625732
2019-11-15 20:17:52,672 [main] INFO  handler.ContextHandler (ContextHandler.java:doStart(781)) - Started o.e.j.s.ServletContextHandler@60bb7995{/logs,file:///workdir/hadoop-ozone/integration-test/target/log,AVAILABLE}
2019-11-15 20:17:52,672 [main] INFO  handler.ContextHandler (ContextHandler.java:doStart(781)) - Started o.e.j.s.ServletContextHandler@67774e29{/static,file:///workdir/hadoop-ozone/integration-test/target/test-classes/webapps/static,AVAILABLE}
2019-11-15 20:17:52,676 [main] INFO  handler.ContextHandler (ContextHandler.java:doStart(781)) - Started o.e.j.w.WebAppContext@2d85fb64{/,file:///workdir/hadoop-ozone/integration-test/target/test-classes/webapps/scm/,AVAILABLE}{/scm}
2019-11-15 20:17:52,677 [main] INFO  server.AbstractConnector (AbstractConnector.java:doStart(278)) - Started ServerConnector@56476c16{HTTP/1.1,[http/1.1]}{0.0.0.0:35949}
2019-11-15 20:17:52,677 [main] INFO  server.Server (Server.java:doStart(419)) - Started @60626ms
2019-11-15 20:17:52,678 [main] WARN  impl.MetricsSystemImpl (MetricsSystemImpl.java:register(276)) - Sink prometheus already exists!
2019-11-15 20:17:52,679 [main] INFO  server.BaseHttpServer (BaseHttpServer.java:updateConnectorAddress(215)) - HTTP server of SCM is listening at http://0.0.0.0:35949
2019-11-15 20:17:52,680 [main] WARN  server.ServerUtils (ServerUtils.java:getDBPath(222)) - ozone.om.db.dirs is not configured. We recommend adding this setting. Falling back to ozone.metadata.dirs instead.
2019-11-15 20:17:52,680 [org.apache.hadoop.util.JvmPauseMonitor$Monitor@39ffda4a] INFO  util.JvmPauseMonitor (JvmPauseMonitor.java:run(188)) - Starting JVM pause monitor
2019-11-15 20:17:52,689 [main] INFO  ha.OMHANodeDetails (OMHANodeDetails.java:loadOMHAConfig(190)) - Configuration either no ozone.om.address set. Falling back to the default OM address /127.0.0.1:0
2019-11-15 20:17:52,689 [main] INFO  ha.OMHANodeDetails (OMHANodeDetails.java:getOMNodeDetails(220)) - OM Service ID is not set. Setting it to the default ID: omServiceIdDefault
2019-11-15 20:17:52,689 [main] WARN  server.ServerUtils (ServerUtils.java:getDBPath(222)) - ozone.om.db.dirs is not configured. We recommend adding this setting. Falling back to ozone.metadata.dirs instead.
2019-11-15 20:17:52,690 [main] WARN  server.ServerUtils (ServerUtils.java:getDBPath(222)) - ozone.om.db.dirs is not configured. We recommend adding this setting. Falling back to ozone.metadata.dirs instead.
2019-11-15 20:17:52,700 [main] WARN  server.ServerUtils (ServerUtils.java:getDBPath(222)) - ozone.om.db.dirs is not configured. We recommend adding this setting. Falling back to ozone.metadata.dirs instead.
2019-11-15 20:17:52,701 [main] INFO  db.DBStoreBuilder (DBStoreBuilder.java:addTable(127)) - using custom profile for table: userTable
2019-11-15 20:17:52,701 [main] INFO  db.DBStoreBuilder (DBStoreBuilder.java:processTables(183)) - Using default column profile:DBProfile.DISK for Table:userTable
2019-11-15 20:17:52,701 [main] INFO  db.DBStoreBuilder (DBStoreBuilder.java:addTable(127)) - using custom profile for table: volumeTable
2019-11-15 20:17:52,701 [main] INFO  db.DBStoreBuilder (DBStoreBuilder.java:processTables(183)) - Using default column profile:DBProfile.DISK for Table:volumeTable
2019-11-15 20:17:52,701 [main] INFO  db.DBStoreBuilder (DBStoreBuilder.java:addTable(127)) - using custom profile for table: bucketTable
2019-11-15 20:17:52,702 [main] INFO  db.DBStoreBuilder (DBStoreBuilder.java:processTables(183)) - Using default column profile:DBProfile.DISK for Table:bucketTable
2019-11-15 20:17:52,702 [main] INFO  db.DBStoreBuilder (DBStoreBuilder.java:addTable(127)) - using custom profile for table: keyTable
2019-11-15 20:17:52,702 [main] INFO  db.DBStoreBuilder (DBStoreBuilder.java:processTables(183)) - Using default column profile:DBProfile.DISK for Table:keyTable
2019-11-15 20:17:52,702 [main] INFO  db.DBStoreBuilder (DBStoreBuilder.java:addTable(127)) - using custom profile for table: deletedTable
2019-11-15 20:17:52,703 [main] INFO  db.DBStoreBuilder (DBStoreBuilder.java:processTables(183)) - Using default column profile:DBProfile.DISK for Table:deletedTable
2019-11-15 20:17:52,703 [main] INFO  db.DBStoreBuilder (DBStoreBuilder.java:addTable(127)) - using custom profile for table: openKeyTable
2019-11-15 20:17:52,703 [main] INFO  db.DBStoreBuilder (DBStoreBuilder.java:processTables(183)) - Using default column profile:DBProfile.DISK for Table:openKeyTable
2019-11-15 20:17:52,703 [main] INFO  db.DBStoreBuilder (DBStoreBuilder.java:addTable(127)) - using custom profile for table: s3Table
2019-11-15 20:17:52,703 [main] INFO  db.DBStoreBuilder (DBStoreBuilder.java:processTables(183)) - Using default column profile:DBProfile.DISK for Table:s3Table
2019-11-15 20:17:52,704 [main] INFO  db.DBStoreBuilder (DBStoreBuilder.java:addTable(127)) - using custom profile for table: multipartInfoTable
2019-11-15 20:17:52,704 [main] INFO  db.DBStoreBuilder (DBStoreBuilder.java:processTables(183)) - Using default column profile:DBProfile.DISK for Table:multipartInfoTable
2019-11-15 20:17:52,704 [main] INFO  db.DBStoreBuilder (DBStoreBuilder.java:addTable(127)) - using custom profile for table: dTokenTable
2019-11-15 20:17:52,704 [main] INFO  db.DBStoreBuilder (DBStoreBuilder.java:processTables(183)) - Using default column profile:DBProfile.DISK for Table:dTokenTable
2019-11-15 20:17:52,705 [main] INFO  db.DBStoreBuilder (DBStoreBuilder.java:addTable(127)) - using custom profile for table: s3SecretTable
2019-11-15 20:17:52,705 [main] INFO  db.DBStoreBuilder (DBStoreBuilder.java:processTables(183)) - Using default column profile:DBProfile.DISK for Table:s3SecretTable
2019-11-15 20:17:52,705 [main] INFO  db.DBStoreBuilder (DBStoreBuilder.java:addTable(127)) - using custom profile for table: prefixTable
2019-11-15 20:17:52,705 [main] INFO  db.DBStoreBuilder (DBStoreBuilder.java:processTables(183)) - Using default column profile:DBProfile.DISK for Table:prefixTable
2019-11-15 20:17:52,706 [main] INFO  db.DBStoreBuilder (DBStoreBuilder.java:addTable(127)) - using custom profile for table: default
2019-11-15 20:17:52,706 [main] INFO  db.DBStoreBuilder (DBStoreBuilder.java:processTables(189)) - Using default column profile:DBProfile.DISK for Table:default
2019-11-15 20:17:52,706 [main] INFO  db.DBStoreBuilder (DBStoreBuilder.java:getDbProfile(220)) - Using default options. DBProfile.DISK
2019-11-15 20:17:53,632 [main] INFO  ipc.CallQueueManager (CallQueueManager.java:<init>(84)) - Using callQueue: class java.util.concurrent.LinkedBlockingQueue, queueCapacity: 2000, scheduler: class org.apache.hadoop.ipc.DefaultRpcScheduler, ipcBackoff: false.
2019-11-15 20:17:53,633 [Socket Reader #1 for port 35160] INFO  ipc.Server (Server.java:run(1074)) - Starting Socket Reader #1 for port 35160
2019-11-15 20:17:53,646 [main] INFO  om.OzoneManager (OzoneManager.java:start(1077)) - OzoneManager RPC server is listening at localhost/127.0.0.1:35160
2019-11-15 20:17:53,647 [main] INFO  impl.MetricsSystemImpl (MetricsSystemImpl.java:init(158)) - OzoneManager metrics system started (again)
2019-11-15 20:17:53,648 [IPC Server Responder] INFO  ipc.Server (Server.java:run(1314)) - IPC Server Responder: starting
2019-11-15 20:17:53,649 [IPC Server listener on 35160] INFO  ipc.Server (Server.java:run(1153)) - IPC Server listener on 35160: starting
2019-11-15 20:17:53,653 [main] INFO  hdfs.DFSUtil (DFSUtil.java:httpServerTemplateForNNAndJN(1641)) - Starting Web-server for ozoneManager at: http://0.0.0.0:0
2019-11-15 20:17:53,654 [main] INFO  server.AuthenticationFilter (AuthenticationFilter.java:constructSecretProvider(240)) - Unable to initialize FileSignerSecretProvider, falling back to use random secrets.
2019-11-15 20:17:53,655 [main] WARN  http.HttpRequestLog (HttpRequestLog.java:getRequestLog(97)) - Jetty request log can only be enabled using Log4j
2019-11-15 20:17:53,656 [main] INFO  http.HttpServer2 (HttpServer2.java:addGlobalFilter(975)) - Added global filter 'safety' (class=org.apache.hadoop.http.HttpServer2$QuotingInputFilter)
2019-11-15 20:17:53,657 [main] INFO  http.HttpServer2 (HttpServer2.java:addFilter(948)) - Added filter static_user_filter (class=org.apache.hadoop.http.lib.StaticUserWebFilter$StaticUserFilter) to context ozoneManager
2019-11-15 20:17:53,657 [main] INFO  http.HttpServer2 (HttpServer2.java:addFilter(958)) - Added filter static_user_filter (class=org.apache.hadoop.http.lib.StaticUserWebFilter$StaticUserFilter) to context static
2019-11-15 20:17:53,657 [main] INFO  http.HttpServer2 (HttpServer2.java:addFilter(958)) - Added filter static_user_filter (class=org.apache.hadoop.http.lib.StaticUserWebFilter$StaticUserFilter) to context logs
2019-11-15 20:17:53,658 [main] INFO  http.HttpServer2 (HttpServer2.java:bindListener(1191)) - Jetty bound to port 42556
2019-11-15 20:17:53,658 [main] INFO  server.Server (Server.java:doStart(351)) - jetty-9.3.25.v20180904, build timestamp: 2018-09-04T21:11:46Z, git hash: 3ce520221d0240229c862b122d2b06c12a625732
2019-11-15 20:17:53,660 [main] INFO  handler.ContextHandler (ContextHandler.java:doStart(781)) - Started o.e.j.s.ServletContextHandler@2f14b0f6{/logs,file:///workdir/hadoop-ozone/integration-test/target/log,AVAILABLE}
2019-11-15 20:17:53,660 [main] INFO  handler.ContextHandler (ContextHandler.java:doStart(781)) - Started o.e.j.s.ServletContextHandler@16aed49f{/static,file:///workdir/hadoop-ozone/integration-test/target/test-classes/webapps/static,AVAILABLE}
2019-11-15 20:17:53,737 [main] INFO  handler.ContextHandler (ContextHandler.java:doStart(781)) - Started o.e.j.w.WebAppContext@3a2e9f5b{/,file:///workdir/hadoop-ozone/integration-test/target/test-classes/webapps/ozoneManager/,AVAILABLE}{/ozoneManager}
2019-11-15 20:17:53,738 [main] INFO  server.AbstractConnector (AbstractConnector.java:doStart(278)) - Started ServerConnector@7da34b26{HTTP/1.1,[http/1.1]}{0.0.0.0:42556}
2019-11-15 20:17:53,739 [main] INFO  server.Server (Server.java:doStart(419)) - Started @61687ms
2019-11-15 20:17:53,739 [main] WARN  impl.MetricsSystemImpl (MetricsSystemImpl.java:register(276)) - Sink prometheus already exists!
2019-11-15 20:17:53,740 [main] INFO  server.BaseHttpServer (BaseHttpServer.java:updateConnectorAddress(215)) - HTTP server of OZONEMANAGER is listening at http://0.0.0.0:42556
2019-11-15 20:17:53,764 [main] INFO  impl.MetricsSystemImpl (MetricsSystemImpl.java:init(158)) - HddsDatanode metrics system started (again)
2019-11-15 20:17:53,765 [main] INFO  ozone.HddsDatanodeService (HddsDatanodeService.java:start(186)) - HddsDatanodeService host:pr-hdds-2517-immreturn-vbf9m-3344069096 ip:192.168.69.94
2019-11-15 20:17:53,771 [main] INFO  volume.HddsVolume (HddsVolume.java:<init>(176)) - Creating Volume: /workdir/hadoop-ozone/integration-test/target/test-dir/MiniOzoneClusterImpl-cd14858e-7fd2-404c-93a1-487d1243ff76/datanode-0/data/containers/hdds of  storage type : DISK and capacity : 1482555576320
2019-11-15 20:17:53,771 [main] INFO  volume.VolumeSet (VolumeSet.java:initializeVolumeSet(170)) - Added Volume : /workdir/hadoop-ozone/integration-test/target/test-dir/MiniOzoneClusterImpl-cd14858e-7fd2-404c-93a1-487d1243ff76/datanode-0/data/containers/hdds to VolumeSet
2019-11-15 20:17:53,771 [main] INFO  volume.ThrottledAsyncChecker (ThrottledAsyncChecker.java:schedule(141)) - Scheduling a check for /workdir/hadoop-ozone/integration-test/target/test-dir/MiniOzoneClusterImpl-cd14858e-7fd2-404c-93a1-487d1243ff76/datanode-0/data/containers/hdds
2019-11-15 20:17:53,772 [main] INFO  volume.HddsVolumeChecker (HddsVolumeChecker.java:checkAllVolumes(204)) - Scheduled health check for volume /workdir/hadoop-ozone/integration-test/target/test-dir/MiniOzoneClusterImpl-cd14858e-7fd2-404c-93a1-487d1243ff76/datanode-0/data/containers/hdds
2019-11-15 20:17:53,784 [main] INFO  impl.RaftServerProxy (ConfUtils.java:logGet(43)) - raft.rpc.type = GRPC (default)
2019-11-15 20:17:53,784 [main] INFO  grpc.GrpcFactory (GrpcFactory.java:checkPooledByteBufAllocatorUseCacheForAllThreads(45)) - PERFORMANCE WARNING: useCacheForAllThreads is true that may cause Netty to create a lot garbage objects and, as a result, trigger GC.
	It is recommended to disable useCacheForAllThreads by setting -Dorg.apache.ratis.thirdparty.io.netty.allocator.useCacheForAllThreads=false in command line.
2019-11-15 20:17:53,784 [main] INFO  grpc.GrpcConfigKeys$Server (ConfUtils.java:logGet(43)) - raft.grpc.server.port = 0 (default)
2019-11-15 20:17:53,785 [main] INFO  server.GrpcService (ConfUtils.java:logGet(43)) - raft.grpc.message.size.max = 33570816 (custom)
2019-11-15 20:17:53,785 [main] INFO  server.RaftServerConfigKeys (ConfUtils.java:logGet(43)) - raft.server.log.appender.buffer.byte-limit = 33554432 (custom)
2019-11-15 20:17:53,785 [main] INFO  server.GrpcService (ConfUtils.java:logGet(43)) - raft.grpc.flow.control.window = 1MB (=1048576) (default)
2019-11-15 20:17:53,785 [main] INFO  server.RaftServerConfigKeys (ConfUtils.java:logGet(43)) - raft.server.rpc.request.timeout = 3000ms (default)
2019-11-15 20:17:53,786 [main] INFO  server.RaftServerConfigKeys (ConfUtils.java:logGet(43)) - raft.server.storage.dir = [/workdir/hadoop-ozone/integration-test/target/test-dir/MiniOzoneClusterImpl-cd14858e-7fd2-404c-93a1-487d1243ff76/datanode-0/data/ratis] (custom)
2019-11-15 20:17:53,787 [main] INFO  hdfs.DFSUtil (DFSUtil.java:httpServerTemplateForNNAndJN(1641)) - Starting Web-server for hddsDatanode at: http://0.0.0.0:0
2019-11-15 20:17:53,789 [main] INFO  server.AuthenticationFilter (AuthenticationFilter.java:constructSecretProvider(240)) - Unable to initialize FileSignerSecretProvider, falling back to use random secrets.
2019-11-15 20:17:53,789 [main] WARN  http.HttpRequestLog (HttpRequestLog.java:getRequestLog(97)) - Jetty request log can only be enabled using Log4j
2019-11-15 20:17:53,791 [main] INFO  http.HttpServer2 (HttpServer2.java:addGlobalFilter(975)) - Added global filter 'safety' (class=org.apache.hadoop.http.HttpServer2$QuotingInputFilter)
2019-11-15 20:17:53,792 [main] INFO  http.HttpServer2 (HttpServer2.java:addFilter(948)) - Added filter static_user_filter (class=org.apache.hadoop.http.lib.StaticUserWebFilter$StaticUserFilter) to context hddsDatanode
2019-11-15 20:17:53,792 [main] INFO  http.HttpServer2 (HttpServer2.java:addFilter(958)) - Added filter static_user_filter (class=org.apache.hadoop.http.lib.StaticUserWebFilter$StaticUserFilter) to context logs
2019-11-15 20:17:53,792 [main] INFO  http.HttpServer2 (HttpServer2.java:addFilter(958)) - Added filter static_user_filter (class=org.apache.hadoop.http.lib.StaticUserWebFilter$StaticUserFilter) to context static
2019-11-15 20:17:53,793 [main] INFO  http.HttpServer2 (HttpServer2.java:bindListener(1191)) - Jetty bound to port 34903
2019-11-15 20:17:53,793 [main] INFO  server.Server (Server.java:doStart(351)) - jetty-9.3.25.v20180904, build timestamp: 2018-09-04T21:11:46Z, git hash: 3ce520221d0240229c862b122d2b06c12a625732
2019-11-15 20:17:53,795 [main] INFO  handler.ContextHandler (ContextHandler.java:doStart(781)) - Started o.e.j.s.ServletContextHandler@6680f714{/logs,file:///workdir/hadoop-ozone/integration-test/target/log,AVAILABLE}
2019-11-15 20:17:53,795 [main] INFO  handler.ContextHandler (ContextHandler.java:doStart(781)) - Started o.e.j.s.ServletContextHandler@7d97e06c{/static,jar:file:/home/user/.m2/repository/org/apache/hadoop/hadoop-hdds-container-service/0.5.0-SNAPSHOT/hadoop-hdds-container-service-0.5.0-SNAPSHOT.jar!/webapps/static,AVAILABLE}
2019-11-15 20:17:53,830 [main] INFO  handler.ContextHandler (ContextHandler.java:doStart(781)) - Started o.e.j.w.WebAppContext@11d045b4{/,file:///tmp/jetty-0.0.0.0-34903-hddsDatanode-_-any-6626023420864888383.dir/webapp/,AVAILABLE}{/hddsDatanode}
2019-11-15 20:17:53,830 [main] INFO  server.AbstractConnector (AbstractConnector.java:doStart(278)) - Started ServerConnector@1fbf088b{HTTP/1.1,[http/1.1]}{0.0.0.0:34903}
2019-11-15 20:17:53,832 [main] INFO  server.Server (Server.java:doStart(419)) - Started @61780ms
2019-11-15 20:17:53,832 [main] WARN  impl.MetricsSystemImpl (MetricsSystemImpl.java:register(276)) - Sink prometheus already exists!
2019-11-15 20:17:53,833 [main] INFO  server.BaseHttpServer (BaseHttpServer.java:updateConnectorAddress(215)) - HTTP server of HDDSDATANODE is listening at http://0.0.0.0:34903
2019-11-15 20:17:53,833 [main] INFO  impl.MetricsSystemImpl (MetricsSystemImpl.java:init(158)) - HddsDatanode metrics system started (again)
2019-11-15 20:17:53,835 [org.apache.hadoop.util.JvmPauseMonitor$Monitor@4e3f2b58] INFO  util.JvmPauseMonitor (JvmPauseMonitor.java:run(188)) - Starting JVM pause monitor
2019-11-15 20:17:53,836 [main] INFO  ozone.HddsDatanodeService (HddsDatanodeService.java:start(186)) - HddsDatanodeService host:pr-hdds-2517-immreturn-vbf9m-3344069096 ip:192.168.69.94
2019-11-15 20:17:53,837 [Datanode State Machine Thread - 0] INFO  datanode.InitDatanodeState (InitDatanodeState.java:persistContainerDatanodeDetails(140)) - DatanodeDetails is persisted to /workdir/hadoop-ozone/integration-test/target/test-dir/MiniOzoneClusterImpl-cd14858e-7fd2-404c-93a1-487d1243ff76/datanode-0/meta/datanode.id
2019-11-15 20:17:53,842 [main] INFO  volume.HddsVolume (HddsVolume.java:<init>(176)) - Creating Volume: /workdir/hadoop-ozone/integration-test/target/test-dir/MiniOzoneClusterImpl-cd14858e-7fd2-404c-93a1-487d1243ff76/datanode-1/data/containers/hdds of  storage type : DISK and capacity : 1482555576320
2019-11-15 20:17:53,843 [main] INFO  volume.VolumeSet (VolumeSet.java:initializeVolumeSet(170)) - Added Volume : /workdir/hadoop-ozone/integration-test/target/test-dir/MiniOzoneClusterImpl-cd14858e-7fd2-404c-93a1-487d1243ff76/datanode-1/data/containers/hdds to VolumeSet
2019-11-15 20:17:53,843 [main] INFO  volume.ThrottledAsyncChecker (ThrottledAsyncChecker.java:schedule(141)) - Scheduling a check for /workdir/hadoop-ozone/integration-test/target/test-dir/MiniOzoneClusterImpl-cd14858e-7fd2-404c-93a1-487d1243ff76/datanode-1/data/containers/hdds
2019-11-15 20:17:53,843 [main] INFO  volume.HddsVolumeChecker (HddsVolumeChecker.java:checkAllVolumes(204)) - Scheduled health check for volume /workdir/hadoop-ozone/integration-test/target/test-dir/MiniOzoneClusterImpl-cd14858e-7fd2-404c-93a1-487d1243ff76/datanode-1/data/containers/hdds
2019-11-15 20:17:53,856 [main] INFO  impl.RaftServerProxy (ConfUtils.java:logGet(43)) - raft.rpc.type = GRPC (default)
2019-11-15 20:17:53,856 [main] INFO  grpc.GrpcFactory (GrpcFactory.java:checkPooledByteBufAllocatorUseCacheForAllThreads(45)) - PERFORMANCE WARNING: useCacheForAllThreads is true that may cause Netty to create a lot garbage objects and, as a result, trigger GC.
	It is recommended to disable useCacheForAllThreads by setting -Dorg.apache.ratis.thirdparty.io.netty.allocator.useCacheForAllThreads=false in command line.
2019-11-15 20:17:53,857 [main] INFO  grpc.GrpcConfigKeys$Server (ConfUtils.java:logGet(43)) - raft.grpc.server.port = 0 (default)
2019-11-15 20:17:53,857 [main] INFO  server.GrpcService (ConfUtils.java:logGet(43)) - raft.grpc.message.size.max = 33570816 (custom)
2019-11-15 20:17:53,857 [main] INFO  server.RaftServerConfigKeys (ConfUtils.java:logGet(43)) - raft.server.log.appender.buffer.byte-limit = 33554432 (custom)
2019-11-15 20:17:53,857 [main] INFO  server.GrpcService (ConfUtils.java:logGet(43)) - raft.grpc.flow.control.window = 1MB (=1048576) (default)
2019-11-15 20:17:53,857 [main] INFO  server.RaftServerConfigKeys (ConfUtils.java:logGet(43)) - raft.server.rpc.request.timeout = 3000ms (default)
2019-11-15 20:17:53,858 [main] INFO  server.RaftServerConfigKeys (ConfUtils.java:logGet(43)) - raft.server.storage.dir = [/workdir/hadoop-ozone/integration-test/target/test-dir/MiniOzoneClusterImpl-cd14858e-7fd2-404c-93a1-487d1243ff76/datanode-1/data/ratis] (custom)
2019-11-15 20:17:53,859 [main] INFO  hdfs.DFSUtil (DFSUtil.java:httpServerTemplateForNNAndJN(1641)) - Starting Web-server for hddsDatanode at: http://0.0.0.0:0
2019-11-15 20:17:53,861 [main] INFO  server.AuthenticationFilter (AuthenticationFilter.java:constructSecretProvider(240)) - Unable to initialize FileSignerSecretProvider, falling back to use random secrets.
2019-11-15 20:17:53,861 [main] WARN  http.HttpRequestLog (HttpRequestLog.java:getRequestLog(97)) - Jetty request log can only be enabled using Log4j
2019-11-15 20:17:53,863 [main] INFO  http.HttpServer2 (HttpServer2.java:addGlobalFilter(975)) - Added global filter 'safety' (class=org.apache.hadoop.http.HttpServer2$QuotingInputFilter)
2019-11-15 20:17:53,864 [main] INFO  http.HttpServer2 (HttpServer2.java:addFilter(948)) - Added filter static_user_filter (class=org.apache.hadoop.http.lib.StaticUserWebFilter$StaticUserFilter) to context hddsDatanode
2019-11-15 20:17:53,864 [main] INFO  http.HttpServer2 (HttpServer2.java:addFilter(958)) - Added filter static_user_filter (class=org.apache.hadoop.http.lib.StaticUserWebFilter$StaticUserFilter) to context logs
2019-11-15 20:17:53,864 [main] INFO  http.HttpServer2 (HttpServer2.java:addFilter(958)) - Added filter static_user_filter (class=org.apache.hadoop.http.lib.StaticUserWebFilter$StaticUserFilter) to context static
2019-11-15 20:17:53,865 [main] INFO  http.HttpServer2 (HttpServer2.java:bindListener(1191)) - Jetty bound to port 38936
2019-11-15 20:17:53,865 [main] INFO  server.Server (Server.java:doStart(351)) - jetty-9.3.25.v20180904, build timestamp: 2018-09-04T21:11:46Z, git hash: 3ce520221d0240229c862b122d2b06c12a625732
2019-11-15 20:17:53,867 [main] INFO  handler.ContextHandler (ContextHandler.java:doStart(781)) - Started o.e.j.s.ServletContextHandler@4cb702ce{/logs,file:///workdir/hadoop-ozone/integration-test/target/log,AVAILABLE}
2019-11-15 20:17:53,868 [main] INFO  handler.ContextHandler (ContextHandler.java:doStart(781)) - Started o.e.j.s.ServletContextHandler@64c781a9{/static,jar:file:/home/user/.m2/repository/org/apache/hadoop/hadoop-hdds-container-service/0.5.0-SNAPSHOT/hadoop-hdds-container-service-0.5.0-SNAPSHOT.jar!/webapps/static,AVAILABLE}
2019-11-15 20:17:53,928 [main] INFO  handler.ContextHandler (ContextHandler.java:doStart(781)) - Started o.e.j.w.WebAppContext@7134b8a7{/,file:///tmp/jetty-0.0.0.0-38936-hddsDatanode-_-any-2151432605250527028.dir/webapp/,AVAILABLE}{/hddsDatanode}
2019-11-15 20:17:53,928 [main] INFO  server.AbstractConnector (AbstractConnector.java:doStart(278)) - Started ServerConnector@2262d6d5{HTTP/1.1,[http/1.1]}{0.0.0.0:38936}
2019-11-15 20:17:53,929 [main] INFO  server.Server (Server.java:doStart(419)) - Started @61878ms
2019-11-15 20:17:53,929 [main] WARN  impl.MetricsSystemImpl (MetricsSystemImpl.java:register(276)) - Sink prometheus already exists!
2019-11-15 20:17:53,931 [main] INFO  server.BaseHttpServer (BaseHttpServer.java:updateConnectorAddress(215)) - HTTP server of HDDSDATANODE is listening at http://0.0.0.0:38936
2019-11-15 20:17:53,931 [main] INFO  impl.MetricsSystemImpl (MetricsSystemImpl.java:init(158)) - HddsDatanode metrics system started (again)
2019-11-15 20:17:53,933 [org.apache.hadoop.util.JvmPauseMonitor$Monitor@a8c9de4] INFO  util.JvmPauseMonitor (JvmPauseMonitor.java:run(188)) - Starting JVM pause monitor
2019-11-15 20:17:53,933 [main] INFO  ozone.HddsDatanodeService (HddsDatanodeService.java:start(186)) - HddsDatanodeService host:pr-hdds-2517-immreturn-vbf9m-3344069096 ip:192.168.69.94
2019-11-15 20:17:53,935 [Datanode State Machine Thread - 0] INFO  datanode.InitDatanodeState (InitDatanodeState.java:persistContainerDatanodeDetails(140)) - DatanodeDetails is persisted to /workdir/hadoop-ozone/integration-test/target/test-dir/MiniOzoneClusterImpl-cd14858e-7fd2-404c-93a1-487d1243ff76/datanode-1/meta/datanode.id
2019-11-15 20:17:53,941 [main] INFO  volume.HddsVolume (HddsVolume.java:<init>(176)) - Creating Volume: /workdir/hadoop-ozone/integration-test/target/test-dir/MiniOzoneClusterImpl-cd14858e-7fd2-404c-93a1-487d1243ff76/datanode-2/data/containers/hdds of  storage type : DISK and capacity : 1482555576320
2019-11-15 20:17:53,941 [main] INFO  volume.VolumeSet (VolumeSet.java:initializeVolumeSet(170)) - Added Volume : /workdir/hadoop-ozone/integration-test/target/test-dir/MiniOzoneClusterImpl-cd14858e-7fd2-404c-93a1-487d1243ff76/datanode-2/data/containers/hdds to VolumeSet
2019-11-15 20:17:53,941 [main] INFO  volume.ThrottledAsyncChecker (ThrottledAsyncChecker.java:schedule(141)) - Scheduling a check for /workdir/hadoop-ozone/integration-test/target/test-dir/MiniOzoneClusterImpl-cd14858e-7fd2-404c-93a1-487d1243ff76/datanode-2/data/containers/hdds
2019-11-15 20:17:53,942 [main] INFO  volume.HddsVolumeChecker (HddsVolumeChecker.java:checkAllVolumes(204)) - Scheduled health check for volume /workdir/hadoop-ozone/integration-test/target/test-dir/MiniOzoneClusterImpl-cd14858e-7fd2-404c-93a1-487d1243ff76/datanode-2/data/containers/hdds
2019-11-15 20:17:53,959 [main] INFO  impl.RaftServerProxy (ConfUtils.java:logGet(43)) - raft.rpc.type = GRPC (default)
2019-11-15 20:17:53,959 [main] INFO  grpc.GrpcFactory (GrpcFactory.java:checkPooledByteBufAllocatorUseCacheForAllThreads(45)) - PERFORMANCE WARNING: useCacheForAllThreads is true that may cause Netty to create a lot garbage objects and, as a result, trigger GC.
	It is recommended to disable useCacheForAllThreads by setting -Dorg.apache.ratis.thirdparty.io.netty.allocator.useCacheForAllThreads=false in command line.
2019-11-15 20:17:53,960 [main] INFO  grpc.GrpcConfigKeys$Server (ConfUtils.java:logGet(43)) - raft.grpc.server.port = 0 (default)
2019-11-15 20:17:53,960 [main] INFO  server.GrpcService (ConfUtils.java:logGet(43)) - raft.grpc.message.size.max = 33570816 (custom)
2019-11-15 20:17:53,960 [main] INFO  server.RaftServerConfigKeys (ConfUtils.java:logGet(43)) - raft.server.log.appender.buffer.byte-limit = 33554432 (custom)
2019-11-15 20:17:53,960 [main] INFO  server.GrpcService (ConfUtils.java:logGet(43)) - raft.grpc.flow.control.window = 1MB (=1048576) (default)
2019-11-15 20:17:53,960 [main] INFO  server.RaftServerConfigKeys (ConfUtils.java:logGet(43)) - raft.server.rpc.request.timeout = 3000ms (default)
2019-11-15 20:17:53,961 [main] INFO  server.RaftServerConfigKeys (ConfUtils.java:logGet(43)) - raft.server.storage.dir = [/workdir/hadoop-ozone/integration-test/target/test-dir/MiniOzoneClusterImpl-cd14858e-7fd2-404c-93a1-487d1243ff76/datanode-2/data/ratis] (custom)
2019-11-15 20:17:53,962 [main] INFO  hdfs.DFSUtil (DFSUtil.java:httpServerTemplateForNNAndJN(1641)) - Starting Web-server for hddsDatanode at: http://0.0.0.0:0
2019-11-15 20:17:53,964 [main] INFO  server.AuthenticationFilter (AuthenticationFilter.java:constructSecretProvider(240)) - Unable to initialize FileSignerSecretProvider, falling back to use random secrets.
2019-11-15 20:17:53,964 [main] WARN  http.HttpRequestLog (HttpRequestLog.java:getRequestLog(97)) - Jetty request log can only be enabled using Log4j
2019-11-15 20:17:53,966 [main] INFO  http.HttpServer2 (HttpServer2.java:addGlobalFilter(975)) - Added global filter 'safety' (class=org.apache.hadoop.http.HttpServer2$QuotingInputFilter)
2019-11-15 20:17:53,966 [main] INFO  http.HttpServer2 (HttpServer2.java:addFilter(948)) - Added filter static_user_filter (class=org.apache.hadoop.http.lib.StaticUserWebFilter$StaticUserFilter) to context hddsDatanode
2019-11-15 20:17:53,966 [main] INFO  http.HttpServer2 (HttpServer2.java:addFilter(958)) - Added filter static_user_filter (class=org.apache.hadoop.http.lib.StaticUserWebFilter$StaticUserFilter) to context static
2019-11-15 20:17:53,967 [main] INFO  http.HttpServer2 (HttpServer2.java:addFilter(958)) - Added filter static_user_filter (class=org.apache.hadoop.http.lib.StaticUserWebFilter$StaticUserFilter) to context logs
2019-11-15 20:17:53,967 [main] INFO  http.HttpServer2 (HttpServer2.java:bindListener(1191)) - Jetty bound to port 41381
2019-11-15 20:17:53,968 [main] INFO  server.Server (Server.java:doStart(351)) - jetty-9.3.25.v20180904, build timestamp: 2018-09-04T21:11:46Z, git hash: 3ce520221d0240229c862b122d2b06c12a625732
2019-11-15 20:17:53,969 [main] INFO  handler.ContextHandler (ContextHandler.java:doStart(781)) - Started o.e.j.s.ServletContextHandler@12a470dd{/logs,file:///workdir/hadoop-ozone/integration-test/target/log,AVAILABLE}
2019-11-15 20:17:53,970 [main] INFO  handler.ContextHandler (ContextHandler.java:doStart(781)) - Started o.e.j.s.ServletContextHandler@5568c66f{/static,jar:file:/home/user/.m2/repository/org/apache/hadoop/hadoop-hdds-container-service/0.5.0-SNAPSHOT/hadoop-hdds-container-service-0.5.0-SNAPSHOT.jar!/webapps/static,AVAILABLE}
2019-11-15 20:17:54,009 [main] INFO  handler.ContextHandler (ContextHandler.java:doStart(781)) - Started o.e.j.w.WebAppContext@31a2a9fa{/,file:///tmp/jetty-0.0.0.0-41381-hddsDatanode-_-any-6701678636374442103.dir/webapp/,AVAILABLE}{/hddsDatanode}
2019-11-15 20:17:54,010 [main] INFO  server.AbstractConnector (AbstractConnector.java:doStart(278)) - Started ServerConnector@31b82e0f{HTTP/1.1,[http/1.1]}{0.0.0.0:41381}
2019-11-15 20:17:54,010 [main] INFO  server.Server (Server.java:doStart(419)) - Started @61959ms
2019-11-15 20:17:54,011 [main] WARN  impl.MetricsSystemImpl (MetricsSystemImpl.java:register(276)) - Sink prometheus already exists!
2019-11-15 20:17:54,012 [main] INFO  server.BaseHttpServer (BaseHttpServer.java:updateConnectorAddress(215)) - HTTP server of HDDSDATANODE is listening at http://0.0.0.0:41381
2019-11-15 20:17:54,012 [main] INFO  impl.MetricsSystemImpl (MetricsSystemImpl.java:init(158)) - HddsDatanode metrics system started (again)
2019-11-15 20:17:54,014 [org.apache.hadoop.util.JvmPauseMonitor$Monitor@417b8dff] INFO  util.JvmPauseMonitor (JvmPauseMonitor.java:run(188)) - Starting JVM pause monitor
2019-11-15 20:17:54,015 [main] INFO  ozone.HddsDatanodeService (HddsDatanodeService.java:start(186)) - HddsDatanodeService host:pr-hdds-2517-immreturn-vbf9m-3344069096 ip:192.168.69.94
2019-11-15 20:17:54,016 [Datanode State Machine Thread - 0] INFO  datanode.InitDatanodeState (InitDatanodeState.java:persistContainerDatanodeDetails(140)) - DatanodeDetails is persisted to /workdir/hadoop-ozone/integration-test/target/test-dir/MiniOzoneClusterImpl-cd14858e-7fd2-404c-93a1-487d1243ff76/datanode-2/meta/datanode.id
2019-11-15 20:17:54,021 [main] INFO  volume.HddsVolume (HddsVolume.java:<init>(176)) - Creating Volume: /workdir/hadoop-ozone/integration-test/target/test-dir/MiniOzoneClusterImpl-cd14858e-7fd2-404c-93a1-487d1243ff76/datanode-3/data/containers/hdds of  storage type : DISK and capacity : 1482555576320
2019-11-15 20:17:54,022 [main] INFO  volume.VolumeSet (VolumeSet.java:initializeVolumeSet(170)) - Added Volume : /workdir/hadoop-ozone/integration-test/target/test-dir/MiniOzoneClusterImpl-cd14858e-7fd2-404c-93a1-487d1243ff76/datanode-3/data/containers/hdds to VolumeSet
2019-11-15 20:17:54,022 [main] INFO  volume.ThrottledAsyncChecker (ThrottledAsyncChecker.java:schedule(141)) - Scheduling a check for /workdir/hadoop-ozone/integration-test/target/test-dir/MiniOzoneClusterImpl-cd14858e-7fd2-404c-93a1-487d1243ff76/datanode-3/data/containers/hdds
2019-11-15 20:17:54,023 [main] INFO  volume.HddsVolumeChecker (HddsVolumeChecker.java:checkAllVolumes(204)) - Scheduled health check for volume /workdir/hadoop-ozone/integration-test/target/test-dir/MiniOzoneClusterImpl-cd14858e-7fd2-404c-93a1-487d1243ff76/datanode-3/data/containers/hdds
2019-11-15 20:17:54,037 [main] INFO  impl.RaftServerProxy (ConfUtils.java:logGet(43)) - raft.rpc.type = GRPC (default)
2019-11-15 20:17:54,037 [main] INFO  grpc.GrpcFactory (GrpcFactory.java:checkPooledByteBufAllocatorUseCacheForAllThreads(45)) - PERFORMANCE WARNING: useCacheForAllThreads is true that may cause Netty to create a lot garbage objects and, as a result, trigger GC.
	It is recommended to disable useCacheForAllThreads by setting -Dorg.apache.ratis.thirdparty.io.netty.allocator.useCacheForAllThreads=false in command line.
2019-11-15 20:17:54,038 [main] INFO  grpc.GrpcConfigKeys$Server (ConfUtils.java:logGet(43)) - raft.grpc.server.port = 0 (default)
2019-11-15 20:17:54,038 [main] INFO  server.GrpcService (ConfUtils.java:logGet(43)) - raft.grpc.message.size.max = 33570816 (custom)
2019-11-15 20:17:54,038 [main] INFO  server.RaftServerConfigKeys (ConfUtils.java:logGet(43)) - raft.server.log.appender.buffer.byte-limit = 33554432 (custom)
2019-11-15 20:17:54,038 [main] INFO  server.GrpcService (ConfUtils.java:logGet(43)) - raft.grpc.flow.control.window = 1MB (=1048576) (default)
2019-11-15 20:17:54,039 [main] INFO  server.RaftServerConfigKeys (ConfUtils.java:logGet(43)) - raft.server.rpc.request.timeout = 3000ms (default)
2019-11-15 20:17:54,039 [main] INFO  server.RaftServerConfigKeys (ConfUtils.java:logGet(43)) - raft.server.storage.dir = [/workdir/hadoop-ozone/integration-test/target/test-dir/MiniOzoneClusterImpl-cd14858e-7fd2-404c-93a1-487d1243ff76/datanode-3/data/ratis] (custom)
2019-11-15 20:17:54,041 [main] INFO  hdfs.DFSUtil (DFSUtil.java:httpServerTemplateForNNAndJN(1641)) - Starting Web-server for hddsDatanode at: http://0.0.0.0:0
2019-11-15 20:17:54,042 [main] INFO  server.AuthenticationFilter (AuthenticationFilter.java:constructSecretProvider(240)) - Unable to initialize FileSignerSecretProvider, falling back to use random secrets.
2019-11-15 20:17:54,043 [main] WARN  http.HttpRequestLog (HttpRequestLog.java:getRequestLog(97)) - Jetty request log can only be enabled using Log4j
2019-11-15 20:17:54,044 [main] INFO  http.HttpServer2 (HttpServer2.java:addGlobalFilter(975)) - Added global filter 'safety' (class=org.apache.hadoop.http.HttpServer2$QuotingInputFilter)
2019-11-15 20:17:54,045 [main] INFO  http.HttpServer2 (HttpServer2.java:addFilter(948)) - Added filter static_user_filter (class=org.apache.hadoop.http.lib.StaticUserWebFilter$StaticUserFilter) to context hddsDatanode
2019-11-15 20:17:54,045 [main] INFO  http.HttpServer2 (HttpServer2.java:addFilter(958)) - Added filter static_user_filter (class=org.apache.hadoop.http.lib.StaticUserWebFilter$StaticUserFilter) to context logs
2019-11-15 20:17:54,045 [main] INFO  http.HttpServer2 (HttpServer2.java:addFilter(958)) - Added filter static_user_filter (class=org.apache.hadoop.http.lib.StaticUserWebFilter$StaticUserFilter) to context static
2019-11-15 20:17:54,046 [main] INFO  http.HttpServer2 (HttpServer2.java:bindListener(1191)) - Jetty bound to port 33369
2019-11-15 20:17:54,046 [main] INFO  server.Server (Server.java:doStart(351)) - jetty-9.3.25.v20180904, build timestamp: 2018-09-04T21:11:46Z, git hash: 3ce520221d0240229c862b122d2b06c12a625732
2019-11-15 20:17:54,048 [main] INFO  handler.ContextHandler (ContextHandler.java:doStart(781)) - Started o.e.j.s.ServletContextHandler@1faf386c{/logs,file:///workdir/hadoop-ozone/integration-test/target/log,AVAILABLE}
2019-11-15 20:17:54,049 [main] INFO  handler.ContextHandler (ContextHandler.java:doStart(781)) - Started o.e.j.s.ServletContextHandler@6a5e167a{/static,jar:file:/home/user/.m2/repository/org/apache/hadoop/hadoop-hdds-container-service/0.5.0-SNAPSHOT/hadoop-hdds-container-service-0.5.0-SNAPSHOT.jar!/webapps/static,AVAILABLE}
2019-11-15 20:17:54,087 [main] INFO  handler.ContextHandler (ContextHandler.java:doStart(781)) - Started o.e.j.w.WebAppContext@6cd15072{/,file:///tmp/jetty-0.0.0.0-33369-hddsDatanode-_-any-3275200416147631143.dir/webapp/,AVAILABLE}{/hddsDatanode}
2019-11-15 20:17:54,088 [main] INFO  server.AbstractConnector (AbstractConnector.java:doStart(278)) - Started ServerConnector@78cfa264{HTTP/1.1,[http/1.1]}{0.0.0.0:33369}
2019-11-15 20:17:54,089 [main] INFO  server.Server (Server.java:doStart(419)) - Started @62037ms
2019-11-15 20:17:54,089 [main] WARN  impl.MetricsSystemImpl (MetricsSystemImpl.java:register(276)) - Sink prometheus already exists!
2019-11-15 20:17:54,090 [main] INFO  server.BaseHttpServer (BaseHttpServer.java:updateConnectorAddress(215)) - HTTP server of HDDSDATANODE is listening at http://0.0.0.0:33369
2019-11-15 20:17:54,091 [main] INFO  impl.MetricsSystemImpl (MetricsSystemImpl.java:init(158)) - HddsDatanode metrics system started (again)
2019-11-15 20:17:54,094 [org.apache.hadoop.util.JvmPauseMonitor$Monitor@69b37935] INFO  util.JvmPauseMonitor (JvmPauseMonitor.java:run(188)) - Starting JVM pause monitor
2019-11-15 20:17:54,094 [main] INFO  ozone.HddsDatanodeService (HddsDatanodeService.java:start(186)) - HddsDatanodeService host:pr-hdds-2517-immreturn-vbf9m-3344069096 ip:192.168.69.94
2019-11-15 20:17:54,095 [Datanode State Machine Thread - 0] INFO  datanode.InitDatanodeState (InitDatanodeState.java:persistContainerDatanodeDetails(140)) - DatanodeDetails is persisted to /workdir/hadoop-ozone/integration-test/target/test-dir/MiniOzoneClusterImpl-cd14858e-7fd2-404c-93a1-487d1243ff76/datanode-3/meta/datanode.id
2019-11-15 20:17:54,101 [main] INFO  volume.HddsVolume (HddsVolume.java:<init>(176)) - Creating Volume: /workdir/hadoop-ozone/integration-test/target/test-dir/MiniOzoneClusterImpl-cd14858e-7fd2-404c-93a1-487d1243ff76/datanode-4/data/containers/hdds of  storage type : DISK and capacity : 1482555576320
2019-11-15 20:17:54,102 [main] INFO  volume.VolumeSet (VolumeSet.java:initializeVolumeSet(170)) - Added Volume : /workdir/hadoop-ozone/integration-test/target/test-dir/MiniOzoneClusterImpl-cd14858e-7fd2-404c-93a1-487d1243ff76/datanode-4/data/containers/hdds to VolumeSet
2019-11-15 20:17:54,102 [main] INFO  volume.ThrottledAsyncChecker (ThrottledAsyncChecker.java:schedule(141)) - Scheduling a check for /workdir/hadoop-ozone/integration-test/target/test-dir/MiniOzoneClusterImpl-cd14858e-7fd2-404c-93a1-487d1243ff76/datanode-4/data/containers/hdds
2019-11-15 20:17:54,102 [main] INFO  volume.HddsVolumeChecker (HddsVolumeChecker.java:checkAllVolumes(204)) - Scheduled health check for volume /workdir/hadoop-ozone/integration-test/target/test-dir/MiniOzoneClusterImpl-cd14858e-7fd2-404c-93a1-487d1243ff76/datanode-4/data/containers/hdds
2019-11-15 20:17:54,117 [main] INFO  impl.RaftServerProxy (ConfUtils.java:logGet(43)) - raft.rpc.type = GRPC (default)
2019-11-15 20:17:54,117 [main] INFO  grpc.GrpcFactory (GrpcFactory.java:checkPooledByteBufAllocatorUseCacheForAllThreads(45)) - PERFORMANCE WARNING: useCacheForAllThreads is true that may cause Netty to create a lot garbage objects and, as a result, trigger GC.
	It is recommended to disable useCacheForAllThreads by setting -Dorg.apache.ratis.thirdparty.io.netty.allocator.useCacheForAllThreads=false in command line.
2019-11-15 20:17:54,117 [main] INFO  grpc.GrpcConfigKeys$Server (ConfUtils.java:logGet(43)) - raft.grpc.server.port = 0 (default)
2019-11-15 20:17:54,117 [main] INFO  server.GrpcService (ConfUtils.java:logGet(43)) - raft.grpc.message.size.max = 33570816 (custom)
2019-11-15 20:17:54,118 [main] INFO  server.RaftServerConfigKeys (ConfUtils.java:logGet(43)) - raft.server.log.appender.buffer.byte-limit = 33554432 (custom)
2019-11-15 20:17:54,118 [main] INFO  server.GrpcService (ConfUtils.java:logGet(43)) - raft.grpc.flow.control.window = 1MB (=1048576) (default)
2019-11-15 20:17:54,118 [main] INFO  server.RaftServerConfigKeys (ConfUtils.java:logGet(43)) - raft.server.rpc.request.timeout = 3000ms (default)
2019-11-15 20:17:54,118 [main] INFO  server.RaftServerConfigKeys (ConfUtils.java:logGet(43)) - raft.server.storage.dir = [/workdir/hadoop-ozone/integration-test/target/test-dir/MiniOzoneClusterImpl-cd14858e-7fd2-404c-93a1-487d1243ff76/datanode-4/data/ratis] (custom)
2019-11-15 20:17:54,120 [main] INFO  hdfs.DFSUtil (DFSUtil.java:httpServerTemplateForNNAndJN(1641)) - Starting Web-server for hddsDatanode at: http://0.0.0.0:0
2019-11-15 20:17:54,122 [main] INFO  server.AuthenticationFilter (AuthenticationFilter.java:constructSecretProvider(240)) - Unable to initialize FileSignerSecretProvider, falling back to use random secrets.
2019-11-15 20:17:54,122 [main] WARN  http.HttpRequestLog (HttpRequestLog.java:getRequestLog(97)) - Jetty request log can only be enabled using Log4j
2019-11-15 20:17:54,124 [main] INFO  http.HttpServer2 (HttpServer2.java:addGlobalFilter(975)) - Added global filter 'safety' (class=org.apache.hadoop.http.HttpServer2$QuotingInputFilter)
2019-11-15 20:17:54,124 [main] INFO  http.HttpServer2 (HttpServer2.java:addFilter(948)) - Added filter static_user_filter (class=org.apache.hadoop.http.lib.StaticUserWebFilter$StaticUserFilter) to context hddsDatanode
2019-11-15 20:17:54,124 [main] INFO  http.HttpServer2 (HttpServer2.java:addFilter(958)) - Added filter static_user_filter (class=org.apache.hadoop.http.lib.StaticUserWebFilter$StaticUserFilter) to context static
2019-11-15 20:17:54,125 [main] INFO  http.HttpServer2 (HttpServer2.java:addFilter(958)) - Added filter static_user_filter (class=org.apache.hadoop.http.lib.StaticUserWebFilter$StaticUserFilter) to context logs
2019-11-15 20:17:54,125 [main] INFO  http.HttpServer2 (HttpServer2.java:bindListener(1191)) - Jetty bound to port 46178
2019-11-15 20:17:54,126 [main] INFO  server.Server (Server.java:doStart(351)) - jetty-9.3.25.v20180904, build timestamp: 2018-09-04T21:11:46Z, git hash: 3ce520221d0240229c862b122d2b06c12a625732
2019-11-15 20:17:54,128 [main] INFO  handler.ContextHandler (ContextHandler.java:doStart(781)) - Started o.e.j.s.ServletContextHandler@4997552e{/logs,file:///workdir/hadoop-ozone/integration-test/target/log,AVAILABLE}
2019-11-15 20:17:54,128 [main] INFO  handler.ContextHandler (ContextHandler.java:doStart(781)) - Started o.e.j.s.ServletContextHandler@46046c06{/static,jar:file:/home/user/.m2/repository/org/apache/hadoop/hadoop-hdds-container-service/0.5.0-SNAPSHOT/hadoop-hdds-container-service-0.5.0-SNAPSHOT.jar!/webapps/static,AVAILABLE}
2019-11-15 20:17:54,161 [main] INFO  handler.ContextHandler (ContextHandler.java:doStart(781)) - Started o.e.j.w.WebAppContext@f29353f{/,file:///tmp/jetty-0.0.0.0-46178-hddsDatanode-_-any-8065168482632302531.dir/webapp/,AVAILABLE}{/hddsDatanode}
2019-11-15 20:17:54,162 [main] INFO  server.AbstractConnector (AbstractConnector.java:doStart(278)) - Started ServerConnector@36f7d7b{HTTP/1.1,[http/1.1]}{0.0.0.0:46178}
2019-11-15 20:17:54,163 [main] INFO  server.Server (Server.java:doStart(419)) - Started @62111ms
2019-11-15 20:17:54,163 [main] WARN  impl.MetricsSystemImpl (MetricsSystemImpl.java:register(276)) - Sink prometheus already exists!
2019-11-15 20:17:54,164 [main] INFO  server.BaseHttpServer (BaseHttpServer.java:updateConnectorAddress(215)) - HTTP server of HDDSDATANODE is listening at http://0.0.0.0:46178
2019-11-15 20:17:54,164 [main] INFO  impl.MetricsSystemImpl (MetricsSystemImpl.java:init(158)) - HddsDatanode metrics system started (again)
2019-11-15 20:17:54,167 [main] INFO  ozone.HddsDatanodeService (HddsDatanodeService.java:start(186)) - HddsDatanodeService host:pr-hdds-2517-immreturn-vbf9m-3344069096 ip:192.168.69.94
2019-11-15 20:17:54,167 [org.apache.hadoop.util.JvmPauseMonitor$Monitor@5347b841] INFO  util.JvmPauseMonitor (JvmPauseMonitor.java:run(188)) - Starting JVM pause monitor
2019-11-15 20:17:54,168 [Datanode State Machine Thread - 0] INFO  datanode.InitDatanodeState (InitDatanodeState.java:persistContainerDatanodeDetails(140)) - DatanodeDetails is persisted to /workdir/hadoop-ozone/integration-test/target/test-dir/MiniOzoneClusterImpl-cd14858e-7fd2-404c-93a1-487d1243ff76/datanode-4/meta/datanode.id
2019-11-15 20:17:54,174 [main] INFO  volume.HddsVolume (HddsVolume.java:<init>(176)) - Creating Volume: /workdir/hadoop-ozone/integration-test/target/test-dir/MiniOzoneClusterImpl-cd14858e-7fd2-404c-93a1-487d1243ff76/datanode-5/data/containers/hdds of  storage type : DISK and capacity : 1482555576320
2019-11-15 20:17:54,174 [main] INFO  volume.VolumeSet (VolumeSet.java:initializeVolumeSet(170)) - Added Volume : /workdir/hadoop-ozone/integration-test/target/test-dir/MiniOzoneClusterImpl-cd14858e-7fd2-404c-93a1-487d1243ff76/datanode-5/data/containers/hdds to VolumeSet
2019-11-15 20:17:54,174 [main] INFO  volume.ThrottledAsyncChecker (ThrottledAsyncChecker.java:schedule(141)) - Scheduling a check for /workdir/hadoop-ozone/integration-test/target/test-dir/MiniOzoneClusterImpl-cd14858e-7fd2-404c-93a1-487d1243ff76/datanode-5/data/containers/hdds
2019-11-15 20:17:54,175 [main] INFO  volume.HddsVolumeChecker (HddsVolumeChecker.java:checkAllVolumes(204)) - Scheduled health check for volume /workdir/hadoop-ozone/integration-test/target/test-dir/MiniOzoneClusterImpl-cd14858e-7fd2-404c-93a1-487d1243ff76/datanode-5/data/containers/hdds
2019-11-15 20:17:54,187 [main] INFO  impl.RaftServerProxy (ConfUtils.java:logGet(43)) - raft.rpc.type = GRPC (default)
2019-11-15 20:17:54,187 [main] INFO  grpc.GrpcFactory (GrpcFactory.java:checkPooledByteBufAllocatorUseCacheForAllThreads(45)) - PERFORMANCE WARNING: useCacheForAllThreads is true that may cause Netty to create a lot garbage objects and, as a result, trigger GC.
	It is recommended to disable useCacheForAllThreads by setting -Dorg.apache.ratis.thirdparty.io.netty.allocator.useCacheForAllThreads=false in command line.
2019-11-15 20:17:54,187 [main] INFO  grpc.GrpcConfigKeys$Server (ConfUtils.java:logGet(43)) - raft.grpc.server.port = 0 (default)
2019-11-15 20:17:54,187 [main] INFO  server.GrpcService (ConfUtils.java:logGet(43)) - raft.grpc.message.size.max = 33570816 (custom)
2019-11-15 20:17:54,188 [main] INFO  server.RaftServerConfigKeys (ConfUtils.java:logGet(43)) - raft.server.log.appender.buffer.byte-limit = 33554432 (custom)
2019-11-15 20:17:54,188 [main] INFO  server.GrpcService (ConfUtils.java:logGet(43)) - raft.grpc.flow.control.window = 1MB (=1048576) (default)
2019-11-15 20:17:54,188 [main] INFO  server.RaftServerConfigKeys (ConfUtils.java:logGet(43)) - raft.server.rpc.request.timeout = 3000ms (default)
2019-11-15 20:17:54,189 [main] INFO  server.RaftServerConfigKeys (ConfUtils.java:logGet(43)) - raft.server.storage.dir = [/workdir/hadoop-ozone/integration-test/target/test-dir/MiniOzoneClusterImpl-cd14858e-7fd2-404c-93a1-487d1243ff76/datanode-5/data/ratis] (custom)
2019-11-15 20:17:54,191 [main] INFO  hdfs.DFSUtil (DFSUtil.java:httpServerTemplateForNNAndJN(1641)) - Starting Web-server for hddsDatanode at: http://0.0.0.0:0
2019-11-15 20:17:54,192 [main] INFO  server.AuthenticationFilter (AuthenticationFilter.java:constructSecretProvider(240)) - Unable to initialize FileSignerSecretProvider, falling back to use random secrets.
2019-11-15 20:17:54,192 [main] WARN  http.HttpRequestLog (HttpRequestLog.java:getRequestLog(97)) - Jetty request log can only be enabled using Log4j
2019-11-15 20:17:54,194 [main] INFO  http.HttpServer2 (HttpServer2.java:addGlobalFilter(975)) - Added global filter 'safety' (class=org.apache.hadoop.http.HttpServer2$QuotingInputFilter)
2019-11-15 20:17:54,195 [main] INFO  http.HttpServer2 (HttpServer2.java:addFilter(948)) - Added filter static_user_filter (class=org.apache.hadoop.http.lib.StaticUserWebFilter$StaticUserFilter) to context hddsDatanode
2019-11-15 20:17:54,195 [main] INFO  http.HttpServer2 (HttpServer2.java:addFilter(958)) - Added filter static_user_filter (class=org.apache.hadoop.http.lib.StaticUserWebFilter$StaticUserFilter) to context logs
2019-11-15 20:17:54,195 [main] INFO  http.HttpServer2 (HttpServer2.java:addFilter(958)) - Added filter static_user_filter (class=org.apache.hadoop.http.lib.StaticUserWebFilter$StaticUserFilter) to context static
2019-11-15 20:17:54,196 [main] INFO  http.HttpServer2 (HttpServer2.java:bindListener(1191)) - Jetty bound to port 41475
2019-11-15 20:17:54,196 [main] INFO  server.Server (Server.java:doStart(351)) - jetty-9.3.25.v20180904, build timestamp: 2018-09-04T21:11:46Z, git hash: 3ce520221d0240229c862b122d2b06c12a625732
2019-11-15 20:17:54,198 [main] INFO  handler.ContextHandler (ContextHandler.java:doStart(781)) - Started o.e.j.s.ServletContextHandler@3a17b2e3{/logs,file:///workdir/hadoop-ozone/integration-test/target/log,AVAILABLE}
2019-11-15 20:17:54,198 [main] INFO  handler.ContextHandler (ContextHandler.java:doStart(781)) - Started o.e.j.s.ServletContextHandler@310ed6b4{/static,jar:file:/home/user/.m2/repository/org/apache/hadoop/hadoop-hdds-container-service/0.5.0-SNAPSHOT/hadoop-hdds-container-service-0.5.0-SNAPSHOT.jar!/webapps/static,AVAILABLE}
2019-11-15 20:17:54,227 [main] INFO  handler.ContextHandler (ContextHandler.java:doStart(781)) - Started o.e.j.w.WebAppContext@16a2ed51{/,file:///tmp/jetty-0.0.0.0-41475-hddsDatanode-_-any-4241105677452780358.dir/webapp/,AVAILABLE}{/hddsDatanode}
2019-11-15 20:17:54,228 [main] INFO  server.AbstractConnector (AbstractConnector.java:doStart(278)) - Started ServerConnector@3b332962{HTTP/1.1,[http/1.1]}{0.0.0.0:41475}
2019-11-15 20:17:54,229 [main] INFO  server.Server (Server.java:doStart(419)) - Started @62177ms
2019-11-15 20:17:54,229 [main] WARN  impl.MetricsSystemImpl (MetricsSystemImpl.java:register(276)) - Sink prometheus already exists!
2019-11-15 20:17:54,230 [main] INFO  server.BaseHttpServer (BaseHttpServer.java:updateConnectorAddress(215)) - HTTP server of HDDSDATANODE is listening at http://0.0.0.0:41475
2019-11-15 20:17:54,230 [main] INFO  impl.MetricsSystemImpl (MetricsSystemImpl.java:init(158)) - HddsDatanode metrics system started (again)
2019-11-15 20:17:54,234 [org.apache.hadoop.util.JvmPauseMonitor$Monitor@7bb9350] INFO  util.JvmPauseMonitor (JvmPauseMonitor.java:run(188)) - Starting JVM pause monitor
2019-11-15 20:17:54,234 [main] INFO  ozone.HddsDatanodeService (HddsDatanodeService.java:start(186)) - HddsDatanodeService host:pr-hdds-2517-immreturn-vbf9m-3344069096 ip:192.168.69.94
2019-11-15 20:17:54,236 [Datanode State Machine Thread - 0] INFO  datanode.InitDatanodeState (InitDatanodeState.java:persistContainerDatanodeDetails(140)) - DatanodeDetails is persisted to /workdir/hadoop-ozone/integration-test/target/test-dir/MiniOzoneClusterImpl-cd14858e-7fd2-404c-93a1-487d1243ff76/datanode-5/meta/datanode.id
2019-11-15 20:17:54,240 [main] INFO  volume.HddsVolume (HddsVolume.java:<init>(176)) - Creating Volume: /workdir/hadoop-ozone/integration-test/target/test-dir/MiniOzoneClusterImpl-cd14858e-7fd2-404c-93a1-487d1243ff76/datanode-6/data/containers/hdds of  storage type : DISK and capacity : 1482555576320
2019-11-15 20:17:54,240 [main] INFO  volume.VolumeSet (VolumeSet.java:initializeVolumeSet(170)) - Added Volume : /workdir/hadoop-ozone/integration-test/target/test-dir/MiniOzoneClusterImpl-cd14858e-7fd2-404c-93a1-487d1243ff76/datanode-6/data/containers/hdds to VolumeSet
2019-11-15 20:17:54,241 [main] INFO  volume.ThrottledAsyncChecker (ThrottledAsyncChecker.java:schedule(141)) - Scheduling a check for /workdir/hadoop-ozone/integration-test/target/test-dir/MiniOzoneClusterImpl-cd14858e-7fd2-404c-93a1-487d1243ff76/datanode-6/data/containers/hdds
2019-11-15 20:17:54,241 [main] INFO  volume.HddsVolumeChecker (HddsVolumeChecker.java:checkAllVolumes(204)) - Scheduled health check for volume /workdir/hadoop-ozone/integration-test/target/test-dir/MiniOzoneClusterImpl-cd14858e-7fd2-404c-93a1-487d1243ff76/datanode-6/data/containers/hdds
2019-11-15 20:17:54,258 [main] INFO  impl.RaftServerProxy (ConfUtils.java:logGet(43)) - raft.rpc.type = GRPC (default)
2019-11-15 20:17:54,259 [main] INFO  grpc.GrpcFactory (GrpcFactory.java:checkPooledByteBufAllocatorUseCacheForAllThreads(45)) - PERFORMANCE WARNING: useCacheForAllThreads is true that may cause Netty to create a lot garbage objects and, as a result, trigger GC.
	It is recommended to disable useCacheForAllThreads by setting -Dorg.apache.ratis.thirdparty.io.netty.allocator.useCacheForAllThreads=false in command line.
2019-11-15 20:17:54,259 [main] INFO  grpc.GrpcConfigKeys$Server (ConfUtils.java:logGet(43)) - raft.grpc.server.port = 0 (default)
2019-11-15 20:17:54,259 [main] INFO  server.GrpcService (ConfUtils.java:logGet(43)) - raft.grpc.message.size.max = 33570816 (custom)
2019-11-15 20:17:54,259 [main] INFO  server.RaftServerConfigKeys (ConfUtils.java:logGet(43)) - raft.server.log.appender.buffer.byte-limit = 33554432 (custom)
2019-11-15 20:17:54,260 [main] INFO  server.GrpcService (ConfUtils.java:logGet(43)) - raft.grpc.flow.control.window = 1MB (=1048576) (default)
2019-11-15 20:17:54,260 [main] INFO  server.RaftServerConfigKeys (ConfUtils.java:logGet(43)) - raft.server.rpc.request.timeout = 3000ms (default)
2019-11-15 20:17:54,260 [main] INFO  server.RaftServerConfigKeys (ConfUtils.java:logGet(43)) - raft.server.storage.dir = [/workdir/hadoop-ozone/integration-test/target/test-dir/MiniOzoneClusterImpl-cd14858e-7fd2-404c-93a1-487d1243ff76/datanode-6/data/ratis] (custom)
2019-11-15 20:17:54,262 [main] INFO  hdfs.DFSUtil (DFSUtil.java:httpServerTemplateForNNAndJN(1641)) - Starting Web-server for hddsDatanode at: http://0.0.0.0:0
2019-11-15 20:17:54,266 [main] INFO  server.AuthenticationFilter (AuthenticationFilter.java:constructSecretProvider(240)) - Unable to initialize FileSignerSecretProvider, falling back to use random secrets.
2019-11-15 20:17:54,266 [main] WARN  http.HttpRequestLog (HttpRequestLog.java:getRequestLog(97)) - Jetty request log can only be enabled using Log4j
2019-11-15 20:17:54,268 [main] INFO  http.HttpServer2 (HttpServer2.java:addGlobalFilter(975)) - Added global filter 'safety' (class=org.apache.hadoop.http.HttpServer2$QuotingInputFilter)
2019-11-15 20:17:54,268 [main] INFO  http.HttpServer2 (HttpServer2.java:addFilter(948)) - Added filter static_user_filter (class=org.apache.hadoop.http.lib.StaticUserWebFilter$StaticUserFilter) to context hddsDatanode
2019-11-15 20:17:54,268 [main] INFO  http.HttpServer2 (HttpServer2.java:addFilter(958)) - Added filter static_user_filter (class=org.apache.hadoop.http.lib.StaticUserWebFilter$StaticUserFilter) to context logs
2019-11-15 20:17:54,269 [main] INFO  http.HttpServer2 (HttpServer2.java:addFilter(958)) - Added filter static_user_filter (class=org.apache.hadoop.http.lib.StaticUserWebFilter$StaticUserFilter) to context static
2019-11-15 20:17:54,270 [main] INFO  http.HttpServer2 (HttpServer2.java:bindListener(1191)) - Jetty bound to port 39312
2019-11-15 20:17:54,270 [main] INFO  server.Server (Server.java:doStart(351)) - jetty-9.3.25.v20180904, build timestamp: 2018-09-04T21:11:46Z, git hash: 3ce520221d0240229c862b122d2b06c12a625732
2019-11-15 20:17:54,272 [main] INFO  handler.ContextHandler (ContextHandler.java:doStart(781)) - Started o.e.j.s.ServletContextHandler@79f90a3a{/logs,file:///workdir/hadoop-ozone/integration-test/target/log,AVAILABLE}
2019-11-15 20:17:54,272 [main] INFO  handler.ContextHandler (ContextHandler.java:doStart(781)) - Started o.e.j.s.ServletContextHandler@67b355c8{/static,jar:file:/home/user/.m2/repository/org/apache/hadoop/hadoop-hdds-container-service/0.5.0-SNAPSHOT/hadoop-hdds-container-service-0.5.0-SNAPSHOT.jar!/webapps/static,AVAILABLE}
2019-11-15 20:17:54,303 [main] INFO  handler.ContextHandler (ContextHandler.java:doStart(781)) - Started o.e.j.w.WebAppContext@a6c54c3{/,file:///tmp/jetty-0.0.0.0-39312-hddsDatanode-_-any-5812380630022036428.dir/webapp/,AVAILABLE}{/hddsDatanode}
2019-11-15 20:17:54,303 [main] INFO  server.AbstractConnector (AbstractConnector.java:doStart(278)) - Started ServerConnector@580fd26b{HTTP/1.1,[http/1.1]}{0.0.0.0:39312}
2019-11-15 20:17:54,306 [main] INFO  server.Server (Server.java:doStart(419)) - Started @62254ms
2019-11-15 20:17:54,306 [main] WARN  impl.MetricsSystemImpl (MetricsSystemImpl.java:register(276)) - Sink prometheus already exists!
2019-11-15 20:17:54,307 [main] INFO  server.BaseHttpServer (BaseHttpServer.java:updateConnectorAddress(215)) - HTTP server of HDDSDATANODE is listening at http://0.0.0.0:39312
2019-11-15 20:17:54,307 [main] INFO  impl.MetricsSystemImpl (MetricsSystemImpl.java:init(158)) - HddsDatanode metrics system started (again)
2019-11-15 20:17:54,310 [org.apache.hadoop.util.JvmPauseMonitor$Monitor@7000d9f] INFO  util.JvmPauseMonitor (JvmPauseMonitor.java:run(188)) - Starting JVM pause monitor
2019-11-15 20:17:54,311 [main] INFO  ozone.HddsDatanodeService (HddsDatanodeService.java:start(186)) - HddsDatanodeService host:pr-hdds-2517-immreturn-vbf9m-3344069096 ip:192.168.69.94
2019-11-15 20:17:54,314 [Datanode State Machine Thread - 0] INFO  datanode.InitDatanodeState (InitDatanodeState.java:persistContainerDatanodeDetails(140)) - DatanodeDetails is persisted to /workdir/hadoop-ozone/integration-test/target/test-dir/MiniOzoneClusterImpl-cd14858e-7fd2-404c-93a1-487d1243ff76/datanode-6/meta/datanode.id
2019-11-15 20:17:54,317 [main] INFO  volume.HddsVolume (HddsVolume.java:<init>(176)) - Creating Volume: /workdir/hadoop-ozone/integration-test/target/test-dir/MiniOzoneClusterImpl-cd14858e-7fd2-404c-93a1-487d1243ff76/datanode-7/data/containers/hdds of  storage type : DISK and capacity : 1482555576320
2019-11-15 20:17:54,317 [main] INFO  volume.VolumeSet (VolumeSet.java:initializeVolumeSet(170)) - Added Volume : /workdir/hadoop-ozone/integration-test/target/test-dir/MiniOzoneClusterImpl-cd14858e-7fd2-404c-93a1-487d1243ff76/datanode-7/data/containers/hdds to VolumeSet
2019-11-15 20:17:54,317 [main] INFO  volume.ThrottledAsyncChecker (ThrottledAsyncChecker.java:schedule(141)) - Scheduling a check for /workdir/hadoop-ozone/integration-test/target/test-dir/MiniOzoneClusterImpl-cd14858e-7fd2-404c-93a1-487d1243ff76/datanode-7/data/containers/hdds
2019-11-15 20:17:54,318 [main] INFO  volume.HddsVolumeChecker (HddsVolumeChecker.java:checkAllVolumes(204)) - Scheduled health check for volume /workdir/hadoop-ozone/integration-test/target/test-dir/MiniOzoneClusterImpl-cd14858e-7fd2-404c-93a1-487d1243ff76/datanode-7/data/containers/hdds
2019-11-15 20:17:54,332 [main] INFO  impl.RaftServerProxy (ConfUtils.java:logGet(43)) - raft.rpc.type = GRPC (default)
2019-11-15 20:17:54,332 [main] INFO  grpc.GrpcFactory (GrpcFactory.java:checkPooledByteBufAllocatorUseCacheForAllThreads(45)) - PERFORMANCE WARNING: useCacheForAllThreads is true that may cause Netty to create a lot garbage objects and, as a result, trigger GC.
	It is recommended to disable useCacheForAllThreads by setting -Dorg.apache.ratis.thirdparty.io.netty.allocator.useCacheForAllThreads=false in command line.
2019-11-15 20:17:54,333 [main] INFO  grpc.GrpcConfigKeys$Server (ConfUtils.java:logGet(43)) - raft.grpc.server.port = 0 (default)
2019-11-15 20:17:54,333 [main] INFO  server.GrpcService (ConfUtils.java:logGet(43)) - raft.grpc.message.size.max = 33570816 (custom)
2019-11-15 20:17:54,333 [main] INFO  server.RaftServerConfigKeys (ConfUtils.java:logGet(43)) - raft.server.log.appender.buffer.byte-limit = 33554432 (custom)
2019-11-15 20:17:54,333 [main] INFO  server.GrpcService (ConfUtils.java:logGet(43)) - raft.grpc.flow.control.window = 1MB (=1048576) (default)
2019-11-15 20:17:54,333 [main] INFO  server.RaftServerConfigKeys (ConfUtils.java:logGet(43)) - raft.server.rpc.request.timeout = 3000ms (default)
2019-11-15 20:17:54,334 [main] INFO  server.RaftServerConfigKeys (ConfUtils.java:logGet(43)) - raft.server.storage.dir = [/workdir/hadoop-ozone/integration-test/target/test-dir/MiniOzoneClusterImpl-cd14858e-7fd2-404c-93a1-487d1243ff76/datanode-7/data/ratis] (custom)
2019-11-15 20:17:54,336 [main] INFO  hdfs.DFSUtil (DFSUtil.java:httpServerTemplateForNNAndJN(1641)) - Starting Web-server for hddsDatanode at: http://0.0.0.0:0
2019-11-15 20:17:54,337 [main] INFO  server.AuthenticationFilter (AuthenticationFilter.java:constructSecretProvider(240)) - Unable to initialize FileSignerSecretProvider, falling back to use random secrets.
2019-11-15 20:17:54,337 [main] WARN  http.HttpRequestLog (HttpRequestLog.java:getRequestLog(97)) - Jetty request log can only be enabled using Log4j
2019-11-15 20:17:54,339 [main] INFO  http.HttpServer2 (HttpServer2.java:addGlobalFilter(975)) - Added global filter 'safety' (class=org.apache.hadoop.http.HttpServer2$QuotingInputFilter)
2019-11-15 20:17:54,339 [main] INFO  http.HttpServer2 (HttpServer2.java:addFilter(948)) - Added filter static_user_filter (class=org.apache.hadoop.http.lib.StaticUserWebFilter$StaticUserFilter) to context hddsDatanode
2019-11-15 20:17:54,339 [main] INFO  http.HttpServer2 (HttpServer2.java:addFilter(958)) - Added filter static_user_filter (class=org.apache.hadoop.http.lib.StaticUserWebFilter$StaticUserFilter) to context static
2019-11-15 20:17:54,339 [main] INFO  http.HttpServer2 (HttpServer2.java:addFilter(958)) - Added filter static_user_filter (class=org.apache.hadoop.http.lib.StaticUserWebFilter$StaticUserFilter) to context logs
2019-11-15 20:17:54,340 [main] INFO  http.HttpServer2 (HttpServer2.java:bindListener(1191)) - Jetty bound to port 36629
2019-11-15 20:17:54,340 [main] INFO  server.Server (Server.java:doStart(351)) - jetty-9.3.25.v20180904, build timestamp: 2018-09-04T21:11:46Z, git hash: 3ce520221d0240229c862b122d2b06c12a625732
2019-11-15 20:17:54,342 [main] INFO  handler.ContextHandler (ContextHandler.java:doStart(781)) - Started o.e.j.s.ServletContextHandler@4cffcc61{/logs,file:///workdir/hadoop-ozone/integration-test/target/log,AVAILABLE}
2019-11-15 20:17:54,342 [main] INFO  handler.ContextHandler (ContextHandler.java:doStart(781)) - Started o.e.j.s.ServletContextHandler@399ca607{/static,jar:file:/home/user/.m2/repository/org/apache/hadoop/hadoop-hdds-container-service/0.5.0-SNAPSHOT/hadoop-hdds-container-service-0.5.0-SNAPSHOT.jar!/webapps/static,AVAILABLE}
2019-11-15 20:17:54,372 [main] INFO  handler.ContextHandler (ContextHandler.java:doStart(781)) - Started o.e.j.w.WebAppContext@7b5b5bfe{/,file:///tmp/jetty-0.0.0.0-36629-hddsDatanode-_-any-5951377685900417491.dir/webapp/,AVAILABLE}{/hddsDatanode}
2019-11-15 20:17:54,373 [main] INFO  server.AbstractConnector (AbstractConnector.java:doStart(278)) - Started ServerConnector@74834afd{HTTP/1.1,[http/1.1]}{0.0.0.0:36629}
2019-11-15 20:17:54,374 [main] INFO  server.Server (Server.java:doStart(419)) - Started @62322ms
2019-11-15 20:17:54,374 [main] WARN  impl.MetricsSystemImpl (MetricsSystemImpl.java:register(276)) - Sink prometheus already exists!
2019-11-15 20:17:54,375 [main] INFO  server.BaseHttpServer (BaseHttpServer.java:updateConnectorAddress(215)) - HTTP server of HDDSDATANODE is listening at http://0.0.0.0:36629
2019-11-15 20:17:54,375 [main] INFO  impl.MetricsSystemImpl (MetricsSystemImpl.java:init(158)) - HddsDatanode metrics system started (again)
2019-11-15 20:17:54,378 [org.apache.hadoop.util.JvmPauseMonitor$Monitor@376a2a48] INFO  util.JvmPauseMonitor (JvmPauseMonitor.java:run(188)) - Starting JVM pause monitor
2019-11-15 20:17:54,379 [main] INFO  ozone.HddsDatanodeService (HddsDatanodeService.java:start(186)) - HddsDatanodeService host:pr-hdds-2517-immreturn-vbf9m-3344069096 ip:192.168.69.94
2019-11-15 20:17:54,380 [Datanode State Machine Thread - 0] INFO  datanode.InitDatanodeState (InitDatanodeState.java:persistContainerDatanodeDetails(140)) - DatanodeDetails is persisted to /workdir/hadoop-ozone/integration-test/target/test-dir/MiniOzoneClusterImpl-cd14858e-7fd2-404c-93a1-487d1243ff76/datanode-7/meta/datanode.id
2019-11-15 20:17:54,388 [main] INFO  volume.HddsVolume (HddsVolume.java:<init>(176)) - Creating Volume: /workdir/hadoop-ozone/integration-test/target/test-dir/MiniOzoneClusterImpl-cd14858e-7fd2-404c-93a1-487d1243ff76/datanode-8/data/containers/hdds of  storage type : DISK and capacity : 1482555576320
2019-11-15 20:17:54,388 [main] INFO  volume.VolumeSet (VolumeSet.java:initializeVolumeSet(170)) - Added Volume : /workdir/hadoop-ozone/integration-test/target/test-dir/MiniOzoneClusterImpl-cd14858e-7fd2-404c-93a1-487d1243ff76/datanode-8/data/containers/hdds to VolumeSet
2019-11-15 20:17:54,388 [main] INFO  volume.ThrottledAsyncChecker (ThrottledAsyncChecker.java:schedule(141)) - Scheduling a check for /workdir/hadoop-ozone/integration-test/target/test-dir/MiniOzoneClusterImpl-cd14858e-7fd2-404c-93a1-487d1243ff76/datanode-8/data/containers/hdds
2019-11-15 20:17:54,389 [main] INFO  volume.HddsVolumeChecker (HddsVolumeChecker.java:checkAllVolumes(204)) - Scheduled health check for volume /workdir/hadoop-ozone/integration-test/target/test-dir/MiniOzoneClusterImpl-cd14858e-7fd2-404c-93a1-487d1243ff76/datanode-8/data/containers/hdds
2019-11-15 20:17:54,400 [main] INFO  impl.RaftServerProxy (ConfUtils.java:logGet(43)) - raft.rpc.type = GRPC (default)
2019-11-15 20:17:54,400 [main] INFO  grpc.GrpcFactory (GrpcFactory.java:checkPooledByteBufAllocatorUseCacheForAllThreads(45)) - PERFORMANCE WARNING: useCacheForAllThreads is true that may cause Netty to create a lot garbage objects and, as a result, trigger GC.
	It is recommended to disable useCacheForAllThreads by setting -Dorg.apache.ratis.thirdparty.io.netty.allocator.useCacheForAllThreads=false in command line.
2019-11-15 20:17:54,400 [main] INFO  grpc.GrpcConfigKeys$Server (ConfUtils.java:logGet(43)) - raft.grpc.server.port = 0 (default)
2019-11-15 20:17:54,401 [main] INFO  server.GrpcService (ConfUtils.java:logGet(43)) - raft.grpc.message.size.max = 33570816 (custom)
2019-11-15 20:17:54,401 [main] INFO  server.RaftServerConfigKeys (ConfUtils.java:logGet(43)) - raft.server.log.appender.buffer.byte-limit = 33554432 (custom)
2019-11-15 20:17:54,401 [main] INFO  server.GrpcService (ConfUtils.java:logGet(43)) - raft.grpc.flow.control.window = 1MB (=1048576) (default)
2019-11-15 20:17:54,401 [main] INFO  server.RaftServerConfigKeys (ConfUtils.java:logGet(43)) - raft.server.rpc.request.timeout = 3000ms (default)
2019-11-15 20:17:54,401 [main] INFO  server.RaftServerConfigKeys (ConfUtils.java:logGet(43)) - raft.server.storage.dir = [/workdir/hadoop-ozone/integration-test/target/test-dir/MiniOzoneClusterImpl-cd14858e-7fd2-404c-93a1-487d1243ff76/datanode-8/data/ratis] (custom)
2019-11-15 20:17:54,403 [main] INFO  hdfs.DFSUtil (DFSUtil.java:httpServerTemplateForNNAndJN(1641)) - Starting Web-server for hddsDatanode at: http://0.0.0.0:0
2019-11-15 20:17:54,404 [main] INFO  server.AuthenticationFilter (AuthenticationFilter.java:constructSecretProvider(240)) - Unable to initialize FileSignerSecretProvider, falling back to use random secrets.
2019-11-15 20:17:54,404 [main] WARN  http.HttpRequestLog (HttpRequestLog.java:getRequestLog(97)) - Jetty request log can only be enabled using Log4j
2019-11-15 20:17:54,406 [main] INFO  http.HttpServer2 (HttpServer2.java:addGlobalFilter(975)) - Added global filter 'safety' (class=org.apache.hadoop.http.HttpServer2$QuotingInputFilter)
2019-11-15 20:17:54,406 [main] INFO  http.HttpServer2 (HttpServer2.java:addFilter(948)) - Added filter static_user_filter (class=org.apache.hadoop.http.lib.StaticUserWebFilter$StaticUserFilter) to context hddsDatanode
2019-11-15 20:17:54,406 [main] INFO  http.HttpServer2 (HttpServer2.java:addFilter(958)) - Added filter static_user_filter (class=org.apache.hadoop.http.lib.StaticUserWebFilter$StaticUserFilter) to context static
2019-11-15 20:17:54,406 [main] INFO  http.HttpServer2 (HttpServer2.java:addFilter(958)) - Added filter static_user_filter (class=org.apache.hadoop.http.lib.StaticUserWebFilter$StaticUserFilter) to context logs
2019-11-15 20:17:54,407 [main] INFO  http.HttpServer2 (HttpServer2.java:bindListener(1191)) - Jetty bound to port 42056
2019-11-15 20:17:54,407 [main] INFO  server.Server (Server.java:doStart(351)) - jetty-9.3.25.v20180904, build timestamp: 2018-09-04T21:11:46Z, git hash: 3ce520221d0240229c862b122d2b06c12a625732
2019-11-15 20:17:54,411 [main] INFO  handler.ContextHandler (ContextHandler.java:doStart(781)) - Started o.e.j.s.ServletContextHandler@629984eb{/logs,file:///workdir/hadoop-ozone/integration-test/target/log,AVAILABLE}
2019-11-15 20:17:54,412 [main] INFO  handler.ContextHandler (ContextHandler.java:doStart(781)) - Started o.e.j.s.ServletContextHandler@4c1d59cd{/static,jar:file:/home/user/.m2/repository/org/apache/hadoop/hadoop-hdds-container-service/0.5.0-SNAPSHOT/hadoop-hdds-container-service-0.5.0-SNAPSHOT.jar!/webapps/static,AVAILABLE}
2019-11-15 20:17:54,439 [main] INFO  handler.ContextHandler (ContextHandler.java:doStart(781)) - Started o.e.j.w.WebAppContext@1c52552f{/,file:///tmp/jetty-0.0.0.0-42056-hddsDatanode-_-any-1507453599910860117.dir/webapp/,AVAILABLE}{/hddsDatanode}
2019-11-15 20:17:54,439 [main] INFO  server.AbstractConnector (AbstractConnector.java:doStart(278)) - Started ServerConnector@5dc769f9{HTTP/1.1,[http/1.1]}{0.0.0.0:42056}
2019-11-15 20:17:54,441 [main] INFO  server.Server (Server.java:doStart(419)) - Started @62389ms
2019-11-15 20:17:54,441 [main] WARN  impl.MetricsSystemImpl (MetricsSystemImpl.java:register(276)) - Sink prometheus already exists!
2019-11-15 20:17:54,442 [main] INFO  server.BaseHttpServer (BaseHttpServer.java:updateConnectorAddress(215)) - HTTP server of HDDSDATANODE is listening at http://0.0.0.0:42056
2019-11-15 20:17:54,442 [main] INFO  impl.MetricsSystemImpl (MetricsSystemImpl.java:init(158)) - HddsDatanode metrics system started (again)
2019-11-15 20:17:54,446 [org.apache.hadoop.util.JvmPauseMonitor$Monitor@38a349fb] INFO  util.JvmPauseMonitor (JvmPauseMonitor.java:run(188)) - Starting JVM pause monitor
2019-11-15 20:17:54,446 [main] INFO  ozone.HddsDatanodeService (HddsDatanodeService.java:start(186)) - HddsDatanodeService host:pr-hdds-2517-immreturn-vbf9m-3344069096 ip:192.168.69.94
2019-11-15 20:17:54,447 [Datanode State Machine Thread - 0] INFO  datanode.InitDatanodeState (InitDatanodeState.java:persistContainerDatanodeDetails(140)) - DatanodeDetails is persisted to /workdir/hadoop-ozone/integration-test/target/test-dir/MiniOzoneClusterImpl-cd14858e-7fd2-404c-93a1-487d1243ff76/datanode-8/meta/datanode.id
2019-11-15 20:17:54,452 [main] INFO  volume.HddsVolume (HddsVolume.java:<init>(176)) - Creating Volume: /workdir/hadoop-ozone/integration-test/target/test-dir/MiniOzoneClusterImpl-cd14858e-7fd2-404c-93a1-487d1243ff76/datanode-9/data/containers/hdds of  storage type : DISK and capacity : 1482555576320
2019-11-15 20:17:54,452 [main] INFO  volume.VolumeSet (VolumeSet.java:initializeVolumeSet(170)) - Added Volume : /workdir/hadoop-ozone/integration-test/target/test-dir/MiniOzoneClusterImpl-cd14858e-7fd2-404c-93a1-487d1243ff76/datanode-9/data/containers/hdds to VolumeSet
2019-11-15 20:17:54,453 [main] INFO  volume.ThrottledAsyncChecker (ThrottledAsyncChecker.java:schedule(141)) - Scheduling a check for /workdir/hadoop-ozone/integration-test/target/test-dir/MiniOzoneClusterImpl-cd14858e-7fd2-404c-93a1-487d1243ff76/datanode-9/data/containers/hdds
2019-11-15 20:17:54,453 [main] INFO  volume.HddsVolumeChecker (HddsVolumeChecker.java:checkAllVolumes(204)) - Scheduled health check for volume /workdir/hadoop-ozone/integration-test/target/test-dir/MiniOzoneClusterImpl-cd14858e-7fd2-404c-93a1-487d1243ff76/datanode-9/data/containers/hdds
2019-11-15 20:17:54,464 [main] INFO  impl.RaftServerProxy (ConfUtils.java:logGet(43)) - raft.rpc.type = GRPC (default)
2019-11-15 20:17:54,464 [main] INFO  grpc.GrpcFactory (GrpcFactory.java:checkPooledByteBufAllocatorUseCacheForAllThreads(45)) - PERFORMANCE WARNING: useCacheForAllThreads is true that may cause Netty to create a lot garbage objects and, as a result, trigger GC.
	It is recommended to disable useCacheForAllThreads by setting -Dorg.apache.ratis.thirdparty.io.netty.allocator.useCacheForAllThreads=false in command line.
2019-11-15 20:17:54,464 [main] INFO  grpc.GrpcConfigKeys$Server (ConfUtils.java:logGet(43)) - raft.grpc.server.port = 0 (default)
2019-11-15 20:17:54,464 [main] INFO  server.GrpcService (ConfUtils.java:logGet(43)) - raft.grpc.message.size.max = 33570816 (custom)
2019-11-15 20:17:54,464 [main] INFO  server.RaftServerConfigKeys (ConfUtils.java:logGet(43)) - raft.server.log.appender.buffer.byte-limit = 33554432 (custom)
2019-11-15 20:17:54,464 [main] INFO  server.GrpcService (ConfUtils.java:logGet(43)) - raft.grpc.flow.control.window = 1MB (=1048576) (default)
2019-11-15 20:17:54,465 [main] INFO  server.RaftServerConfigKeys (ConfUtils.java:logGet(43)) - raft.server.rpc.request.timeout = 3000ms (default)
2019-11-15 20:17:54,465 [main] INFO  server.RaftServerConfigKeys (ConfUtils.java:logGet(43)) - raft.server.storage.dir = [/workdir/hadoop-ozone/integration-test/target/test-dir/MiniOzoneClusterImpl-cd14858e-7fd2-404c-93a1-487d1243ff76/datanode-9/data/ratis] (custom)
2019-11-15 20:17:54,466 [main] INFO  hdfs.DFSUtil (DFSUtil.java:httpServerTemplateForNNAndJN(1641)) - Starting Web-server for hddsDatanode at: http://0.0.0.0:0
2019-11-15 20:17:54,468 [main] INFO  server.AuthenticationFilter (AuthenticationFilter.java:constructSecretProvider(240)) - Unable to initialize FileSignerSecretProvider, falling back to use random secrets.
2019-11-15 20:17:54,468 [main] WARN  http.HttpRequestLog (HttpRequestLog.java:getRequestLog(97)) - Jetty request log can only be enabled using Log4j
2019-11-15 20:17:54,469 [main] INFO  http.HttpServer2 (HttpServer2.java:addGlobalFilter(975)) - Added global filter 'safety' (class=org.apache.hadoop.http.HttpServer2$QuotingInputFilter)
2019-11-15 20:17:54,470 [main] INFO  http.HttpServer2 (HttpServer2.java:addFilter(948)) - Added filter static_user_filter (class=org.apache.hadoop.http.lib.StaticUserWebFilter$StaticUserFilter) to context hddsDatanode
2019-11-15 20:17:54,470 [main] INFO  http.HttpServer2 (HttpServer2.java:addFilter(958)) - Added filter static_user_filter (class=org.apache.hadoop.http.lib.StaticUserWebFilter$StaticUserFilter) to context logs
2019-11-15 20:17:54,470 [main] INFO  http.HttpServer2 (HttpServer2.java:addFilter(958)) - Added filter static_user_filter (class=org.apache.hadoop.http.lib.StaticUserWebFilter$StaticUserFilter) to context static
2019-11-15 20:17:54,471 [main] INFO  http.HttpServer2 (HttpServer2.java:bindListener(1191)) - Jetty bound to port 38468
2019-11-15 20:17:54,471 [main] INFO  server.Server (Server.java:doStart(351)) - jetty-9.3.25.v20180904, build timestamp: 2018-09-04T21:11:46Z, git hash: 3ce520221d0240229c862b122d2b06c12a625732
2019-11-15 20:17:54,472 [main] INFO  handler.ContextHandler (ContextHandler.java:doStart(781)) - Started o.e.j.s.ServletContextHandler@2fbe26da{/logs,file:///workdir/hadoop-ozone/integration-test/target/log,AVAILABLE}
2019-11-15 20:17:54,472 [main] INFO  handler.ContextHandler (ContextHandler.java:doStart(781)) - Started o.e.j.s.ServletContextHandler@6963b88c{/static,jar:file:/home/user/.m2/repository/org/apache/hadoop/hadoop-hdds-container-service/0.5.0-SNAPSHOT/hadoop-hdds-container-service-0.5.0-SNAPSHOT.jar!/webapps/static,AVAILABLE}
2019-11-15 20:17:54,506 [main] INFO  handler.ContextHandler (ContextHandler.java:doStart(781)) - Started o.e.j.w.WebAppContext@5a13fcf3{/,file:///tmp/jetty-0.0.0.0-38468-hddsDatanode-_-any-4535854953647106.dir/webapp/,AVAILABLE}{/hddsDatanode}
2019-11-15 20:17:54,507 [main] INFO  server.AbstractConnector (AbstractConnector.java:doStart(278)) - Started ServerConnector@250b5e5b{HTTP/1.1,[http/1.1]}{0.0.0.0:38468}
2019-11-15 20:17:54,508 [main] INFO  server.Server (Server.java:doStart(419)) - Started @62456ms
2019-11-15 20:17:54,508 [main] WARN  impl.MetricsSystemImpl (MetricsSystemImpl.java:register(276)) - Sink prometheus already exists!
2019-11-15 20:17:54,509 [main] INFO  server.BaseHttpServer (BaseHttpServer.java:updateConnectorAddress(215)) - HTTP server of HDDSDATANODE is listening at http://0.0.0.0:38468
2019-11-15 20:17:54,509 [main] INFO  ozone.MiniOzoneClusterImpl (MiniOzoneClusterImpl.java:lambda$waitForClusterToBeReady$2(171)) - Waiting for cluster to be ready. Got 0 of 10 DN Heartbeats.
2019-11-15 20:17:54,510 [org.apache.hadoop.util.JvmPauseMonitor$Monitor@4d2fdc8a] INFO  util.JvmPauseMonitor (JvmPauseMonitor.java:run(188)) - Starting JVM pause monitor
2019-11-15 20:17:54,511 [Datanode State Machine Thread - 0] INFO  datanode.InitDatanodeState (InitDatanodeState.java:persistContainerDatanodeDetails(140)) - DatanodeDetails is persisted to /workdir/hadoop-ozone/integration-test/target/test-dir/MiniOzoneClusterImpl-cd14858e-7fd2-404c-93a1-487d1243ff76/datanode-9/meta/datanode.id
2019-11-15 20:17:55,510 [main] INFO  ozone.MiniOzoneClusterImpl (MiniOzoneClusterImpl.java:lambda$waitForClusterToBeReady$2(171)) - Waiting for cluster to be ready. Got 0 of 10 DN Heartbeats.
2019-11-15 20:17:55,849 [Datanode State Machine Thread - 0] INFO  ozoneimpl.OzoneContainer (OzoneContainer.java:start(230)) - Attempting to start container services.
2019-11-15 20:17:55,849 [Datanode State Machine Thread - 0] INFO  ozoneimpl.OzoneContainer (OzoneContainer.java:startContainerScrub(194)) - Background container scanner has been disabled.
2019-11-15 20:17:55,849 [Datanode State Machine Thread - 0] INFO  ratis.XceiverServerRatis (XceiverServerRatis.java:start(421)) - Starting XceiverServerRatis ede53ce7-e9c4-4a5f-842c-51dc9db012c0 at port 0
2019-11-15 20:17:55,856 [Datanode State Machine Thread - 0] INFO  impl.RaftServerProxy (RaftServerProxy.java:lambda$start$3(299)) - ede53ce7-e9c4-4a5f-842c-51dc9db012c0: start RPC server
2019-11-15 20:17:55,858 [Datanode State Machine Thread - 0] INFO  server.GrpcService (GrpcService.java:startImpl(158)) - ede53ce7-e9c4-4a5f-842c-51dc9db012c0: GrpcService started, listening on 0.0.0.0/0.0.0.0:43422
2019-11-15 20:17:55,859 [Datanode State Machine Thread - 0] INFO  ratis.XceiverServerRatis (XceiverServerRatis.java:start(431)) - XceiverServerRatis ede53ce7-e9c4-4a5f-842c-51dc9db012c0 is started using port 43422
2019-11-15 20:17:55,860 [Datanode State Machine Thread - 0] INFO  server.XceiverServerGrpc (XceiverServerGrpc.java:start(145)) - XceiverServerGrpc ede53ce7-e9c4-4a5f-842c-51dc9db012c0 is started using port 37746
2019-11-15 20:17:55,952 [Datanode State Machine Thread - 0] INFO  ozoneimpl.OzoneContainer (OzoneContainer.java:start(230)) - Attempting to start container services.
2019-11-15 20:17:55,952 [Datanode State Machine Thread - 0] INFO  ozoneimpl.OzoneContainer (OzoneContainer.java:startContainerScrub(194)) - Background container scanner has been disabled.
2019-11-15 20:17:55,952 [Datanode State Machine Thread - 0] INFO  ratis.XceiverServerRatis (XceiverServerRatis.java:start(421)) - Starting XceiverServerRatis 278d11c8-d2e3-4654-bbf4-54dbcf402594 at port 0
2019-11-15 20:17:55,956 [Datanode State Machine Thread - 0] INFO  impl.RaftServerProxy (RaftServerProxy.java:lambda$start$3(299)) - 278d11c8-d2e3-4654-bbf4-54dbcf402594: start RPC server
2019-11-15 20:17:55,957 [Datanode State Machine Thread - 0] INFO  server.GrpcService (GrpcService.java:startImpl(158)) - 278d11c8-d2e3-4654-bbf4-54dbcf402594: GrpcService started, listening on 0.0.0.0/0.0.0.0:45680
2019-11-15 20:17:55,957 [Datanode State Machine Thread - 0] INFO  ratis.XceiverServerRatis (XceiverServerRatis.java:start(431)) - XceiverServerRatis 278d11c8-d2e3-4654-bbf4-54dbcf402594 is started using port 45680
2019-11-15 20:17:55,959 [Datanode State Machine Thread - 0] INFO  server.XceiverServerGrpc (XceiverServerGrpc.java:start(145)) - XceiverServerGrpc 278d11c8-d2e3-4654-bbf4-54dbcf402594 is started using port 38903
2019-11-15 20:17:56,025 [Datanode State Machine Thread - 0] INFO  ozoneimpl.OzoneContainer (OzoneContainer.java:start(230)) - Attempting to start container services.
2019-11-15 20:17:56,025 [Datanode State Machine Thread - 0] INFO  ozoneimpl.OzoneContainer (OzoneContainer.java:startContainerScrub(194)) - Background container scanner has been disabled.
2019-11-15 20:17:56,025 [Datanode State Machine Thread - 0] INFO  ratis.XceiverServerRatis (XceiverServerRatis.java:start(421)) - Starting XceiverServerRatis 1acd8ba6-dda5-4cb5-b2f0-bb88a33d5541 at port 0
2019-11-15 20:17:56,031 [Datanode State Machine Thread - 0] INFO  impl.RaftServerProxy (RaftServerProxy.java:lambda$start$3(299)) - 1acd8ba6-dda5-4cb5-b2f0-bb88a33d5541: start RPC server
2019-11-15 20:17:56,033 [Datanode State Machine Thread - 0] INFO  server.GrpcService (GrpcService.java:startImpl(158)) - 1acd8ba6-dda5-4cb5-b2f0-bb88a33d5541: GrpcService started, listening on 0.0.0.0/0.0.0.0:34837
2019-11-15 20:17:56,033 [Datanode State Machine Thread - 0] INFO  ratis.XceiverServerRatis (XceiverServerRatis.java:start(431)) - XceiverServerRatis 1acd8ba6-dda5-4cb5-b2f0-bb88a33d5541 is started using port 34837
2019-11-15 20:17:56,035 [Datanode State Machine Thread - 0] INFO  server.XceiverServerGrpc (XceiverServerGrpc.java:start(145)) - XceiverServerGrpc 1acd8ba6-dda5-4cb5-b2f0-bb88a33d5541 is started using port 40718
2019-11-15 20:17:56,119 [Datanode State Machine Thread - 0] INFO  ozoneimpl.OzoneContainer (OzoneContainer.java:start(230)) - Attempting to start container services.
2019-11-15 20:17:56,120 [Datanode State Machine Thread - 0] INFO  ozoneimpl.OzoneContainer (OzoneContainer.java:startContainerScrub(194)) - Background container scanner has been disabled.
2019-11-15 20:17:56,120 [Datanode State Machine Thread - 0] INFO  ratis.XceiverServerRatis (XceiverServerRatis.java:start(421)) - Starting XceiverServerRatis f5e6ed35-042e-40b5-afb2-c30172d49513 at port 0
2019-11-15 20:17:56,126 [Datanode State Machine Thread - 0] INFO  impl.RaftServerProxy (RaftServerProxy.java:lambda$start$3(299)) - f5e6ed35-042e-40b5-afb2-c30172d49513: start RPC server
2019-11-15 20:17:56,127 [Datanode State Machine Thread - 0] INFO  server.GrpcService (GrpcService.java:startImpl(158)) - f5e6ed35-042e-40b5-afb2-c30172d49513: GrpcService started, listening on 0.0.0.0/0.0.0.0:39593
2019-11-15 20:17:56,127 [Datanode State Machine Thread - 0] INFO  ratis.XceiverServerRatis (XceiverServerRatis.java:start(431)) - XceiverServerRatis f5e6ed35-042e-40b5-afb2-c30172d49513 is started using port 39593
2019-11-15 20:17:56,128 [Datanode State Machine Thread - 0] INFO  server.XceiverServerGrpc (XceiverServerGrpc.java:start(145)) - XceiverServerGrpc f5e6ed35-042e-40b5-afb2-c30172d49513 is started using port 38105
2019-11-15 20:17:56,183 [Datanode State Machine Thread - 0] INFO  ozoneimpl.OzoneContainer (OzoneContainer.java:start(230)) - Attempting to start container services.
2019-11-15 20:17:56,183 [Datanode State Machine Thread - 0] INFO  ozoneimpl.OzoneContainer (OzoneContainer.java:startContainerScrub(194)) - Background container scanner has been disabled.
2019-11-15 20:17:56,183 [Datanode State Machine Thread - 0] INFO  ratis.XceiverServerRatis (XceiverServerRatis.java:start(421)) - Starting XceiverServerRatis c23f4e8b-a977-491c-8d15-b9b92ca8b7b3 at port 0
2019-11-15 20:17:56,190 [Datanode State Machine Thread - 0] INFO  impl.RaftServerProxy (RaftServerProxy.java:lambda$start$3(299)) - c23f4e8b-a977-491c-8d15-b9b92ca8b7b3: start RPC server
2019-11-15 20:17:56,190 [Datanode State Machine Thread - 0] INFO  server.GrpcService (GrpcService.java:startImpl(158)) - c23f4e8b-a977-491c-8d15-b9b92ca8b7b3: GrpcService started, listening on 0.0.0.0/0.0.0.0:37963
2019-11-15 20:17:56,191 [Datanode State Machine Thread - 0] INFO  ratis.XceiverServerRatis (XceiverServerRatis.java:start(431)) - XceiverServerRatis c23f4e8b-a977-491c-8d15-b9b92ca8b7b3 is started using port 37963
2019-11-15 20:17:56,191 [Datanode State Machine Thread - 0] INFO  server.XceiverServerGrpc (XceiverServerGrpc.java:start(145)) - XceiverServerGrpc c23f4e8b-a977-491c-8d15-b9b92ca8b7b3 is started using port 36523
2019-11-15 20:17:56,260 [Datanode State Machine Thread - 0] INFO  ozoneimpl.OzoneContainer (OzoneContainer.java:start(230)) - Attempting to start container services.
2019-11-15 20:17:56,261 [Datanode State Machine Thread - 0] INFO  ozoneimpl.OzoneContainer (OzoneContainer.java:startContainerScrub(194)) - Background container scanner has been disabled.
2019-11-15 20:17:56,261 [Datanode State Machine Thread - 0] INFO  ratis.XceiverServerRatis (XceiverServerRatis.java:start(421)) - Starting XceiverServerRatis 96e7c94e-3c8d-4ea5-9d39-2046e661862c at port 0
2019-11-15 20:17:56,266 [Datanode State Machine Thread - 0] INFO  impl.RaftServerProxy (RaftServerProxy.java:lambda$start$3(299)) - 96e7c94e-3c8d-4ea5-9d39-2046e661862c: start RPC server
2019-11-15 20:17:56,267 [Datanode State Machine Thread - 0] INFO  server.GrpcService (GrpcService.java:startImpl(158)) - 96e7c94e-3c8d-4ea5-9d39-2046e661862c: GrpcService started, listening on 0.0.0.0/0.0.0.0:44753
2019-11-15 20:17:56,267 [Datanode State Machine Thread - 0] INFO  ratis.XceiverServerRatis (XceiverServerRatis.java:start(431)) - XceiverServerRatis 96e7c94e-3c8d-4ea5-9d39-2046e661862c is started using port 44753
2019-11-15 20:17:56,267 [Datanode State Machine Thread - 0] INFO  server.XceiverServerGrpc (XceiverServerGrpc.java:start(145)) - XceiverServerGrpc 96e7c94e-3c8d-4ea5-9d39-2046e661862c is started using port 34976
2019-11-15 20:17:56,335 [Datanode State Machine Thread - 0] INFO  ozoneimpl.OzoneContainer (OzoneContainer.java:start(230)) - Attempting to start container services.
2019-11-15 20:17:56,335 [Datanode State Machine Thread - 0] INFO  ozoneimpl.OzoneContainer (OzoneContainer.java:startContainerScrub(194)) - Background container scanner has been disabled.
2019-11-15 20:17:56,335 [Datanode State Machine Thread - 0] INFO  ratis.XceiverServerRatis (XceiverServerRatis.java:start(421)) - Starting XceiverServerRatis d88ca459-20d2-4f21-a4b7-d806c7c265fd at port 0
2019-11-15 20:17:56,339 [Datanode State Machine Thread - 0] INFO  impl.RaftServerProxy (RaftServerProxy.java:lambda$start$3(299)) - d88ca459-20d2-4f21-a4b7-d806c7c265fd: start RPC server
2019-11-15 20:17:56,340 [Datanode State Machine Thread - 0] INFO  server.GrpcService (GrpcService.java:startImpl(158)) - d88ca459-20d2-4f21-a4b7-d806c7c265fd: GrpcService started, listening on 0.0.0.0/0.0.0.0:38325
2019-11-15 20:17:56,340 [Datanode State Machine Thread - 0] INFO  ratis.XceiverServerRatis (XceiverServerRatis.java:start(431)) - XceiverServerRatis d88ca459-20d2-4f21-a4b7-d806c7c265fd is started using port 38325
2019-11-15 20:17:56,342 [Datanode State Machine Thread - 0] INFO  server.XceiverServerGrpc (XceiverServerGrpc.java:start(145)) - XceiverServerGrpc d88ca459-20d2-4f21-a4b7-d806c7c265fd is started using port 41811
2019-11-15 20:17:56,404 [Datanode State Machine Thread - 0] INFO  ozoneimpl.OzoneContainer (OzoneContainer.java:start(230)) - Attempting to start container services.
2019-11-15 20:17:56,404 [Datanode State Machine Thread - 0] INFO  ozoneimpl.OzoneContainer (OzoneContainer.java:startContainerScrub(194)) - Background container scanner has been disabled.
2019-11-15 20:17:56,404 [Datanode State Machine Thread - 0] INFO  ratis.XceiverServerRatis (XceiverServerRatis.java:start(421)) - Starting XceiverServerRatis 290dafba-a54e-4701-973a-40c4cf36477d at port 0
2019-11-15 20:17:56,409 [Datanode State Machine Thread - 0] INFO  impl.RaftServerProxy (RaftServerProxy.java:lambda$start$3(299)) - 290dafba-a54e-4701-973a-40c4cf36477d: start RPC server
2019-11-15 20:17:56,409 [Datanode State Machine Thread - 0] INFO  server.GrpcService (GrpcService.java:startImpl(158)) - 290dafba-a54e-4701-973a-40c4cf36477d: GrpcService started, listening on 0.0.0.0/0.0.0.0:33749
2019-11-15 20:17:56,409 [Datanode State Machine Thread - 0] INFO  ratis.XceiverServerRatis (XceiverServerRatis.java:start(431)) - XceiverServerRatis 290dafba-a54e-4701-973a-40c4cf36477d is started using port 33749
2019-11-15 20:17:56,418 [Datanode State Machine Thread - 0] INFO  server.XceiverServerGrpc (XceiverServerGrpc.java:start(145)) - XceiverServerGrpc 290dafba-a54e-4701-973a-40c4cf36477d is started using port 36865
2019-11-15 20:17:56,469 [Datanode State Machine Thread - 0] INFO  ozoneimpl.OzoneContainer (OzoneContainer.java:start(230)) - Attempting to start container services.
2019-11-15 20:17:56,470 [Datanode State Machine Thread - 0] INFO  ozoneimpl.OzoneContainer (OzoneContainer.java:startContainerScrub(194)) - Background container scanner has been disabled.
2019-11-15 20:17:56,470 [Datanode State Machine Thread - 0] INFO  ratis.XceiverServerRatis (XceiverServerRatis.java:start(421)) - Starting XceiverServerRatis 8ea95c1a-a940-4392-ad76-d729a81e9d62 at port 0
2019-11-15 20:17:56,476 [Datanode State Machine Thread - 0] INFO  impl.RaftServerProxy (RaftServerProxy.java:lambda$start$3(299)) - 8ea95c1a-a940-4392-ad76-d729a81e9d62: start RPC server
2019-11-15 20:17:56,478 [Datanode State Machine Thread - 0] INFO  server.GrpcService (GrpcService.java:startImpl(158)) - 8ea95c1a-a940-4392-ad76-d729a81e9d62: GrpcService started, listening on 0.0.0.0/0.0.0.0:34879
2019-11-15 20:17:56,478 [Datanode State Machine Thread - 0] INFO  ratis.XceiverServerRatis (XceiverServerRatis.java:start(431)) - XceiverServerRatis 8ea95c1a-a940-4392-ad76-d729a81e9d62 is started using port 34879
2019-11-15 20:17:56,484 [Datanode State Machine Thread - 0] INFO  server.XceiverServerGrpc (XceiverServerGrpc.java:start(145)) - XceiverServerGrpc 8ea95c1a-a940-4392-ad76-d729a81e9d62 is started using port 41947
2019-11-15 20:17:56,510 [main] INFO  ozone.MiniOzoneClusterImpl (MiniOzoneClusterImpl.java:lambda$waitForClusterToBeReady$2(171)) - Waiting for cluster to be ready. Got 0 of 10 DN Heartbeats.
2019-11-15 20:17:56,528 [Datanode State Machine Thread - 0] INFO  ozoneimpl.OzoneContainer (OzoneContainer.java:start(230)) - Attempting to start container services.
2019-11-15 20:17:56,528 [Datanode State Machine Thread - 0] INFO  ozoneimpl.OzoneContainer (OzoneContainer.java:startContainerScrub(194)) - Background container scanner has been disabled.
2019-11-15 20:17:56,528 [Datanode State Machine Thread - 0] INFO  ratis.XceiverServerRatis (XceiverServerRatis.java:start(421)) - Starting XceiverServerRatis 02c8c0cd-3388-46ae-a10b-79a5583af984 at port 0
2019-11-15 20:17:56,535 [Datanode State Machine Thread - 0] INFO  impl.RaftServerProxy (RaftServerProxy.java:lambda$start$3(299)) - 02c8c0cd-3388-46ae-a10b-79a5583af984: start RPC server
2019-11-15 20:17:56,536 [Datanode State Machine Thread - 0] INFO  server.GrpcService (GrpcService.java:startImpl(158)) - 02c8c0cd-3388-46ae-a10b-79a5583af984: GrpcService started, listening on 0.0.0.0/0.0.0.0:40363
2019-11-15 20:17:56,536 [Datanode State Machine Thread - 0] INFO  ratis.XceiverServerRatis (XceiverServerRatis.java:start(431)) - XceiverServerRatis 02c8c0cd-3388-46ae-a10b-79a5583af984 is started using port 40363
2019-11-15 20:17:56,547 [Datanode State Machine Thread - 0] INFO  server.XceiverServerGrpc (XceiverServerGrpc.java:start(145)) - XceiverServerGrpc 02c8c0cd-3388-46ae-a10b-79a5583af984 is started using port 35349
2019-11-15 20:17:57,511 [main] INFO  ozone.MiniOzoneClusterImpl (MiniOzoneClusterImpl.java:lambda$waitForClusterToBeReady$2(171)) - Waiting for cluster to be ready. Got 0 of 10 DN Heartbeats.
2019-11-15 20:17:57,841 [IPC Server handler 0 on 39979] INFO  net.NetworkTopology (NetworkTopologyImpl.java:add(111)) - Added a new node: /rack1/ede53ce7-e9c4-4a5f-842c-51dc9db012c0
2019-11-15 20:17:57,844 [IPC Server handler 0 on 39979] INFO  node.SCMNodeManager (SCMNodeManager.java:register(267)) - Registered Data node : ede53ce7-e9c4-4a5f-842c-51dc9db012c0{ip: 192.168.69.94, host: pr-hdds-2517-immreturn-vbf9m-3344069096, networkLocation: /rack1, certSerialId: null}
2019-11-15 20:17:57,844 [EventQueue-NodeRegistrationContainerReportForDataNodeSafeModeRule] INFO  safemode.SCMSafeModeManager (DataNodeSafeModeRule.java:process(71)) - SCM in safe mode. 1 DataNodes registered, 1 required.
2019-11-15 20:17:57,846 [EventQueue-NodeRegistrationContainerReportForDataNodeSafeModeRule] INFO  safemode.SCMSafeModeManager (SCMSafeModeManager.java:validateSafeModeExitRules(177)) - ScmSafeModeManager, all rules are successfully validated
2019-11-15 20:17:57,846 [EventQueue-NodeRegistrationContainerReportForDataNodeSafeModeRule] INFO  safemode.SCMSafeModeManager (SCMSafeModeManager.java:exitSafeMode(193)) - SCM exiting safe mode.
2019-11-15 20:17:57,860 [grpc-default-executor-5] INFO  impl.RaftServerProxy (RaftServerProxy.java:addNew(89)) - ede53ce7-e9c4-4a5f-842c-51dc9db012c0: addNew group-3E72D5816571:[ede53ce7-e9c4-4a5f-842c-51dc9db012c0:192.168.69.94:43422] returns group-3E72D5816571:java.util.concurrent.CompletableFuture@b30a01c[Not completed]
2019-11-15 20:17:57,863 [pool-149-thread-1] INFO  impl.RaftServerImpl (RaftServerImpl.java:<init>(98)) - ede53ce7-e9c4-4a5f-842c-51dc9db012c0: new RaftServerImpl for group-3E72D5816571:[ede53ce7-e9c4-4a5f-842c-51dc9db012c0:192.168.69.94:43422] with ContainerStateMachine:uninitialized
2019-11-15 20:17:57,863 [pool-149-thread-1] INFO  server.RaftServerConfigKeys (ConfUtils.java:logGet(43)) - raft.server.rpc.timeout.min = 1s (custom)
2019-11-15 20:17:57,863 [pool-149-thread-1] INFO  server.RaftServerConfigKeys (ConfUtils.java:logGet(43)) - raft.server.rpc.timeout.max = 1200ms (custom)
2019-11-15 20:17:57,863 [pool-149-thread-1] INFO  server.RaftServerConfigKeys (ConfUtils.java:logGet(43)) - raft.server.rpcslowness.timeout = 120s (custom)
2019-11-15 20:17:57,863 [pool-149-thread-1] INFO  server.RaftServerConfigKeys (ConfUtils.java:logGet(43)) - raft.server.sleep.deviation.threshold = 300 (default)
2019-11-15 20:17:57,864 [pool-149-thread-1] INFO  server.RaftServerConfigKeys (ConfUtils.java:logGet(43)) - raft.server.log.appender.install.snapshot.enabled = false (custom)
2019-11-15 20:17:57,864 [pool-149-thread-1] INFO  impl.RaftServerImpl (ServerState.java:<init>(103)) - ede53ce7-e9c4-4a5f-842c-51dc9db012c0@group-3E72D5816571: ConfigurationManager, init=-1: [ede53ce7-e9c4-4a5f-842c-51dc9db012c0:192.168.69.94:43422], old=null, confs=<EMPTY_MAP>
2019-11-15 20:17:57,864 [pool-149-thread-1] INFO  server.RaftServerConfigKeys (ConfUtils.java:logGet(43)) - raft.server.storage.dir = [/workdir/hadoop-ozone/integration-test/target/test-dir/MiniOzoneClusterImpl-cd14858e-7fd2-404c-93a1-487d1243ff76/datanode-0/data/ratis] (custom)
2019-11-15 20:17:57,864 [pool-149-thread-1] INFO  server.RaftServerConfigKeys (ConfUtils.java:logGet(43)) - raft.server.log.corruption.policy = EXCEPTION (default)
2019-11-15 20:17:57,865 [pool-149-thread-1] INFO  storage.RaftStorageDirectory (RaftStorageDirectory.java:analyzeStorage(246)) - The storage directory /workdir/hadoop-ozone/integration-test/target/test-dir/MiniOzoneClusterImpl-cd14858e-7fd2-404c-93a1-487d1243ff76/datanode-0/data/ratis/fc0c02af-5068-43b2-ad64-3e72d5816571 does not exist. Creating ...
2019-11-15 20:17:57,892 [pool-149-thread-1] INFO  storage.RaftStorageDirectory (RaftStorageDirectory.java:tryLock(328)) - Lock on /workdir/hadoop-ozone/integration-test/target/test-dir/MiniOzoneClusterImpl-cd14858e-7fd2-404c-93a1-487d1243ff76/datanode-0/data/ratis/fc0c02af-5068-43b2-ad64-3e72d5816571/in_use.lock acquired by nodename 23188@pr-hdds-2517-immreturn-vbf9m-3344069096
2019-11-15 20:17:57,910 [pool-149-thread-1] INFO  storage.RaftStorage (RaftStorage.java:format(84)) - Storage directory /workdir/hadoop-ozone/integration-test/target/test-dir/MiniOzoneClusterImpl-cd14858e-7fd2-404c-93a1-487d1243ff76/datanode-0/data/ratis/fc0c02af-5068-43b2-ad64-3e72d5816571 has been successfully formatted.
2019-11-15 20:17:57,910 [pool-149-thread-1] INFO  ratis.ContainerStateMachine (ContainerStateMachine.java:loadSnapshot(223)) - group-3E72D5816571: The snapshot info is null. Setting the last applied indexto:(t:0, i:~)
2019-11-15 20:17:57,910 [pool-149-thread-1] INFO  server.RaftServerConfigKeys (ConfUtils.java:logGet(43)) - raft.server.notification.no-leader.timeout = 120s (custom)
2019-11-15 20:17:57,910 [pool-149-thread-1] INFO  server.RaftServerConfigKeys (ConfUtils.java:logGet(43)) - raft.server.log.use.memory = false (default)
2019-11-15 20:17:57,910 [pool-149-thread-1] INFO  server.RaftServerConfigKeys (ConfUtils.java:logGet(43)) - raft.server.log.purge.gap = 1000000 (custom)
2019-11-15 20:17:57,910 [pool-149-thread-1] INFO  server.RaftServerConfigKeys (ConfUtils.java:logGet(43)) - raft.server.log.appender.buffer.byte-limit = 33554432 (custom)
2019-11-15 20:17:57,911 [pool-149-thread-1] INFO  server.RaftServerConfigKeys (ConfUtils.java:logGet(43)) - raft.server.log.segment.size.max = 1048576 (custom)
2019-11-15 20:17:57,911 [pool-149-thread-1] WARN  impl.MetricRegistriesImpl (MetricRegistriesImpl.java:lambda$create$1(61)) - First MetricRegistry has been created without registering reporters. You may need to call MetricRegistries.global().addReportRegistration(...) before.
2019-11-15 20:17:57,911 [pool-149-thread-1] INFO  server.RaftServerConfigKeys (ConfUtils.java:logGet(43)) - raft.server.log.segment.cache.num.max = 2 (custom)
2019-11-15 20:17:57,911 [pool-149-thread-1] INFO  segmented.SegmentedRaftLogWorker (SegmentedRaftLogWorker.java:<init>(173)) - new ede53ce7-e9c4-4a5f-842c-51dc9db012c0@group-3E72D5816571-SegmentedRaftLogWorker for RaftStorage:Storage Directory /workdir/hadoop-ozone/integration-test/target/test-dir/MiniOzoneClusterImpl-cd14858e-7fd2-404c-93a1-487d1243ff76/datanode-0/data/ratis/fc0c02af-5068-43b2-ad64-3e72d5816571
2019-11-15 20:17:57,911 [pool-149-thread-1] INFO  server.RaftServerConfigKeys (ConfUtils.java:logGet(43)) - raft.server.log.queue.byte-limit = 2147483647 (custom)
2019-11-15 20:17:57,911 [pool-149-thread-1] INFO  server.RaftServerConfigKeys (ConfUtils.java:logGet(43)) - raft.server.log.queue.element-limit = 1024 (custom)
2019-11-15 20:17:57,911 [pool-149-thread-1] INFO  server.RaftServerConfigKeys (ConfUtils.java:logGet(43)) - raft.server.log.segment.size.max = 1048576 (custom)
2019-11-15 20:17:57,911 [pool-149-thread-1] INFO  server.RaftServerConfigKeys (ConfUtils.java:logGet(43)) - raft.server.log.preallocated.size = 16384 (custom)
2019-11-15 20:17:57,912 [pool-149-thread-1] INFO  server.RaftServerConfigKeys (ConfUtils.java:logGet(43)) - raft.server.log.write.buffer.size = 33554432 (custom)
2019-11-15 20:17:57,912 [pool-149-thread-1] INFO  server.RaftServerConfigKeys (ConfUtils.java:logGet(43)) - raft.server.log.force.sync.num = 128 (default)
2019-11-15 20:17:57,912 [pool-149-thread-1] INFO  server.RaftServerConfigKeys (ConfUtils.java:logGet(43)) - raft.server.log.statemachine.data.sync = true (default)
2019-11-15 20:17:57,912 [pool-149-thread-1] INFO  server.RaftServerConfigKeys (ConfUtils.java:logGet(43)) - raft.server.log.statemachine.data.sync.timeout = 10s (default)
2019-11-15 20:17:57,912 [pool-149-thread-1] INFO  server.RaftServerConfigKeys (ConfUtils.java:logGet(43)) - raft.server.log.statemachine.data.sync.timeout.retry = -1 (default)
2019-11-15 20:17:57,912 [pool-149-thread-1] INFO  server.RaftServerConfigKeys (ConfUtils.java:logGet(43)) - raft.server.log.statemachine.data.caching.enabled = true (custom)
2019-11-15 20:17:57,913 [pool-149-thread-1] INFO  segmented.SegmentedRaftLogWorker (SegmentedRaftLogWorker.java:lambda$new$0(128)) - ede53ce7-e9c4-4a5f-842c-51dc9db012c0@group-3E72D5816571-SegmentedRaftLogWorker: flushIndex: setUnconditionally 0 -> -1
2019-11-15 20:17:57,913 [pool-149-thread-1] INFO  server.RaftServerConfigKeys (ConfUtils.java:logGet(43)) - raft.server.snapshot.auto.trigger.enabled = true (custom)
2019-11-15 20:17:57,913 [pool-149-thread-1] INFO  server.RaftServerConfigKeys (ConfUtils.java:logGet(43)) - raft.server.snapshot.auto.trigger.threshold = 10000 (custom)
2019-11-15 20:17:57,913 [pool-149-thread-1] INFO  server.RaftServerConfigKeys (ConfUtils.java:logGet(43)) - raft.server.snapshot.retention.file.num = 5 (custom)
2019-11-15 20:17:57,913 [pool-149-thread-1] INFO  server.RaftServerConfigKeys (ConfUtils.java:logGet(43)) - raft.server.retrycache.expirytime = 600000ms (custom)
2019-11-15 20:17:57,914 [pool-149-thread-1] WARN  impl.MetricRegistriesImpl (MetricRegistriesImpl.java:lambda$create$1(61)) - First MetricRegistry has been created without registering reporters. You may need to call MetricRegistries.global().addReportRegistration(...) before.
2019-11-15 20:17:57,914 [pool-149-thread-1] WARN  impl.MetricRegistriesImpl (MetricRegistriesImpl.java:lambda$create$1(61)) - First MetricRegistry has been created without registering reporters. You may need to call MetricRegistries.global().addReportRegistration(...) before.
2019-11-15 20:17:57,914 [pool-149-thread-1] INFO  impl.RaftServerImpl (RaftServerImpl.java:start(184)) - ede53ce7-e9c4-4a5f-842c-51dc9db012c0@group-3E72D5816571: start as a follower, conf=-1: [ede53ce7-e9c4-4a5f-842c-51dc9db012c0:192.168.69.94:43422], old=null
2019-11-15 20:17:57,914 [pool-149-thread-1] INFO  impl.RaftServerImpl (RaftServerImpl.java:setRole(173)) - ede53ce7-e9c4-4a5f-842c-51dc9db012c0@group-3E72D5816571: changes role from      null to FOLLOWER at term 0 for startAsFollower
2019-11-15 20:17:57,914 [pool-149-thread-1] INFO  impl.RoleInfo (RoleInfo.java:updateAndGet(143)) - ede53ce7-e9c4-4a5f-842c-51dc9db012c0: start FollowerState
2019-11-15 20:17:57,915 [pool-149-thread-1] INFO  util.JmxRegister (JmxRegister.java:tryRegister(44)) - Successfully registered JMX Bean with object name Ratis:service=RaftServer,group=group-3E72D5816571,id=ede53ce7-e9c4-4a5f-842c-51dc9db012c0
2019-11-15 20:17:57,915 [pool-149-thread-1] WARN  impl.MetricRegistriesImpl (MetricRegistriesImpl.java:lambda$create$1(61)) - First MetricRegistry has been created without registering reporters. You may need to call MetricRegistries.global().addReportRegistration(...) before.
2019-11-15 20:17:57,918 [RatisPipelineUtilsThread] INFO  pipeline.PipelineStateManager (PipelineStateManager.java:addPipeline(55)) - Created pipeline Pipeline[ Id: fc0c02af-5068-43b2-ad64-3e72d5816571, Nodes: ede53ce7-e9c4-4a5f-842c-51dc9db012c0{ip: 192.168.69.94, host: pr-hdds-2517-immreturn-vbf9m-3344069096, networkLocation: /rack1, certSerialId: null}, Type:RATIS, Factor:ONE, State:ALLOCATED]
2019-11-15 20:17:57,933 [IPC Server handler 1 on 39979] INFO  net.NetworkTopology (NetworkTopologyImpl.java:add(111)) - Added a new node: /rack1/278d11c8-d2e3-4654-bbf4-54dbcf402594
2019-11-15 20:17:57,933 [IPC Server handler 1 on 39979] INFO  node.SCMNodeManager (SCMNodeManager.java:register(267)) - Registered Data node : 278d11c8-d2e3-4654-bbf4-54dbcf402594{ip: 192.168.69.94, host: pr-hdds-2517-immreturn-vbf9m-3344069096, networkLocation: /rack1, certSerialId: null}
2019-11-15 20:17:57,940 [grpc-default-executor-5] INFO  impl.RaftServerProxy (RaftServerProxy.java:addNew(89)) - 278d11c8-d2e3-4654-bbf4-54dbcf402594: addNew group-23FE39ECFB81:[278d11c8-d2e3-4654-bbf4-54dbcf402594:192.168.69.94:45680] returns group-23FE39ECFB81:java.util.concurrent.CompletableFuture@2c32e595[Not completed]
2019-11-15 20:17:57,941 [pool-159-thread-1] INFO  impl.RaftServerImpl (RaftServerImpl.java:<init>(98)) - 278d11c8-d2e3-4654-bbf4-54dbcf402594: new RaftServerImpl for group-23FE39ECFB81:[278d11c8-d2e3-4654-bbf4-54dbcf402594:192.168.69.94:45680] with ContainerStateMachine:uninitialized
2019-11-15 20:17:57,941 [pool-159-thread-1] INFO  server.RaftServerConfigKeys (ConfUtils.java:logGet(43)) - raft.server.rpc.timeout.min = 1s (custom)
2019-11-15 20:17:57,941 [pool-159-thread-1] INFO  server.RaftServerConfigKeys (ConfUtils.java:logGet(43)) - raft.server.rpc.timeout.max = 1200ms (custom)
2019-11-15 20:17:57,942 [pool-159-thread-1] INFO  server.RaftServerConfigKeys (ConfUtils.java:logGet(43)) - raft.server.rpcslowness.timeout = 120s (custom)
2019-11-15 20:17:57,942 [pool-159-thread-1] INFO  server.RaftServerConfigKeys (ConfUtils.java:logGet(43)) - raft.server.sleep.deviation.threshold = 300 (default)
2019-11-15 20:17:57,942 [pool-159-thread-1] INFO  server.RaftServerConfigKeys (ConfUtils.java:logGet(43)) - raft.server.log.appender.install.snapshot.enabled = false (custom)
2019-11-15 20:17:57,942 [pool-159-thread-1] INFO  impl.RaftServerImpl (ServerState.java:<init>(103)) - 278d11c8-d2e3-4654-bbf4-54dbcf402594@group-23FE39ECFB81: ConfigurationManager, init=-1: [278d11c8-d2e3-4654-bbf4-54dbcf402594:192.168.69.94:45680], old=null, confs=<EMPTY_MAP>
2019-11-15 20:17:57,942 [pool-159-thread-1] INFO  server.RaftServerConfigKeys (ConfUtils.java:logGet(43)) - raft.server.storage.dir = [/workdir/hadoop-ozone/integration-test/target/test-dir/MiniOzoneClusterImpl-cd14858e-7fd2-404c-93a1-487d1243ff76/datanode-1/data/ratis] (custom)
2019-11-15 20:17:57,942 [pool-159-thread-1] INFO  server.RaftServerConfigKeys (ConfUtils.java:logGet(43)) - raft.server.log.corruption.policy = EXCEPTION (default)
2019-11-15 20:17:57,942 [pool-159-thread-1] INFO  storage.RaftStorageDirectory (RaftStorageDirectory.java:analyzeStorage(246)) - The storage directory /workdir/hadoop-ozone/integration-test/target/test-dir/MiniOzoneClusterImpl-cd14858e-7fd2-404c-93a1-487d1243ff76/datanode-1/data/ratis/460f84b2-f8a7-4497-baa6-23fe39ecfb81 does not exist. Creating ...
2019-11-15 20:17:57,967 [pool-159-thread-1] INFO  storage.RaftStorageDirectory (RaftStorageDirectory.java:tryLock(328)) - Lock on /workdir/hadoop-ozone/integration-test/target/test-dir/MiniOzoneClusterImpl-cd14858e-7fd2-404c-93a1-487d1243ff76/datanode-1/data/ratis/460f84b2-f8a7-4497-baa6-23fe39ecfb81/in_use.lock acquired by nodename 23188@pr-hdds-2517-immreturn-vbf9m-3344069096
2019-11-15 20:17:57,981 [pool-159-thread-1] INFO  storage.RaftStorage (RaftStorage.java:format(84)) - Storage directory /workdir/hadoop-ozone/integration-test/target/test-dir/MiniOzoneClusterImpl-cd14858e-7fd2-404c-93a1-487d1243ff76/datanode-1/data/ratis/460f84b2-f8a7-4497-baa6-23fe39ecfb81 has been successfully formatted.
2019-11-15 20:17:57,981 [pool-159-thread-1] INFO  ratis.ContainerStateMachine (ContainerStateMachine.java:loadSnapshot(223)) - group-23FE39ECFB81: The snapshot info is null. Setting the last applied indexto:(t:0, i:~)
2019-11-15 20:17:57,981 [pool-159-thread-1] INFO  server.RaftServerConfigKeys (ConfUtils.java:logGet(43)) - raft.server.notification.no-leader.timeout = 120s (custom)
2019-11-15 20:17:57,981 [pool-159-thread-1] INFO  server.RaftServerConfigKeys (ConfUtils.java:logGet(43)) - raft.server.log.use.memory = false (default)
2019-11-15 20:17:57,981 [pool-159-thread-1] INFO  server.RaftServerConfigKeys (ConfUtils.java:logGet(43)) - raft.server.log.purge.gap = 1000000 (custom)
2019-11-15 20:17:57,982 [pool-159-thread-1] INFO  server.RaftServerConfigKeys (ConfUtils.java:logGet(43)) - raft.server.log.appender.buffer.byte-limit = 33554432 (custom)
2019-11-15 20:17:57,982 [pool-159-thread-1] INFO  server.RaftServerConfigKeys (ConfUtils.java:logGet(43)) - raft.server.log.segment.size.max = 1048576 (custom)
2019-11-15 20:17:57,982 [pool-159-thread-1] WARN  impl.MetricRegistriesImpl (MetricRegistriesImpl.java:lambda$create$1(61)) - First MetricRegistry has been created without registering reporters. You may need to call MetricRegistries.global().addReportRegistration(...) before.
2019-11-15 20:17:57,982 [pool-159-thread-1] INFO  server.RaftServerConfigKeys (ConfUtils.java:logGet(43)) - raft.server.log.segment.cache.num.max = 2 (custom)
2019-11-15 20:17:57,982 [pool-159-thread-1] INFO  segmented.SegmentedRaftLogWorker (SegmentedRaftLogWorker.java:<init>(173)) - new 278d11c8-d2e3-4654-bbf4-54dbcf402594@group-23FE39ECFB81-SegmentedRaftLogWorker for RaftStorage:Storage Directory /workdir/hadoop-ozone/integration-test/target/test-dir/MiniOzoneClusterImpl-cd14858e-7fd2-404c-93a1-487d1243ff76/datanode-1/data/ratis/460f84b2-f8a7-4497-baa6-23fe39ecfb81
2019-11-15 20:17:57,982 [pool-159-thread-1] INFO  server.RaftServerConfigKeys (ConfUtils.java:logGet(43)) - raft.server.log.queue.byte-limit = 2147483647 (custom)
2019-11-15 20:17:57,982 [pool-159-thread-1] INFO  server.RaftServerConfigKeys (ConfUtils.java:logGet(43)) - raft.server.log.queue.element-limit = 1024 (custom)
2019-11-15 20:17:57,982 [pool-159-thread-1] INFO  server.RaftServerConfigKeys (ConfUtils.java:logGet(43)) - raft.server.log.segment.size.max = 1048576 (custom)
2019-11-15 20:17:57,982 [pool-159-thread-1] INFO  server.RaftServerConfigKeys (ConfUtils.java:logGet(43)) - raft.server.log.preallocated.size = 16384 (custom)
2019-11-15 20:17:57,982 [pool-159-thread-1] INFO  server.RaftServerConfigKeys (ConfUtils.java:logGet(43)) - raft.server.log.write.buffer.size = 33554432 (custom)
2019-11-15 20:17:57,983 [pool-159-thread-1] INFO  server.RaftServerConfigKeys (ConfUtils.java:logGet(43)) - raft.server.log.force.sync.num = 128 (default)
2019-11-15 20:17:57,983 [pool-159-thread-1] INFO  server.RaftServerConfigKeys (ConfUtils.java:logGet(43)) - raft.server.log.statemachine.data.sync = true (default)
2019-11-15 20:17:57,983 [pool-159-thread-1] INFO  server.RaftServerConfigKeys (ConfUtils.java:logGet(43)) - raft.server.log.statemachine.data.sync.timeout = 10s (default)
2019-11-15 20:17:57,983 [pool-159-thread-1] INFO  server.RaftServerConfigKeys (ConfUtils.java:logGet(43)) - raft.server.log.statemachine.data.sync.timeout.retry = -1 (default)
2019-11-15 20:17:57,983 [pool-159-thread-1] INFO  server.RaftServerConfigKeys (ConfUtils.java:logGet(43)) - raft.server.log.statemachine.data.caching.enabled = true (custom)
2019-11-15 20:17:57,983 [pool-159-thread-1] INFO  segmented.SegmentedRaftLogWorker (SegmentedRaftLogWorker.java:lambda$new$0(128)) - 278d11c8-d2e3-4654-bbf4-54dbcf402594@group-23FE39ECFB81-SegmentedRaftLogWorker: flushIndex: setUnconditionally 0 -> -1
2019-11-15 20:17:57,983 [pool-159-thread-1] INFO  server.RaftServerConfigKeys (ConfUtils.java:logGet(43)) - raft.server.snapshot.auto.trigger.enabled = true (custom)
2019-11-15 20:17:57,984 [pool-159-thread-1] INFO  server.RaftServerConfigKeys (ConfUtils.java:logGet(43)) - raft.server.snapshot.auto.trigger.threshold = 10000 (custom)
2019-11-15 20:17:57,984 [pool-159-thread-1] INFO  server.RaftServerConfigKeys (ConfUtils.java:logGet(43)) - raft.server.snapshot.retention.file.num = 5 (custom)
2019-11-15 20:17:57,984 [pool-159-thread-1] INFO  server.RaftServerConfigKeys (ConfUtils.java:logGet(43)) - raft.server.retrycache.expirytime = 600000ms (custom)
2019-11-15 20:17:57,984 [pool-159-thread-1] WARN  impl.MetricRegistriesImpl (MetricRegistriesImpl.java:lambda$create$1(61)) - First MetricRegistry has been created without registering reporters. You may need to call MetricRegistries.global().addReportRegistration(...) before.
2019-11-15 20:17:57,984 [pool-159-thread-1] WARN  impl.MetricRegistriesImpl (MetricRegistriesImpl.java:lambda$create$1(61)) - First MetricRegistry has been created without registering reporters. You may need to call MetricRegistries.global().addReportRegistration(...) before.
2019-11-15 20:17:57,984 [pool-159-thread-1] INFO  impl.RaftServerImpl (RaftServerImpl.java:start(184)) - 278d11c8-d2e3-4654-bbf4-54dbcf402594@group-23FE39ECFB81: start as a follower, conf=-1: [278d11c8-d2e3-4654-bbf4-54dbcf402594:192.168.69.94:45680], old=null
2019-11-15 20:17:57,984 [pool-159-thread-1] INFO  impl.RaftServerImpl (RaftServerImpl.java:setRole(173)) - 278d11c8-d2e3-4654-bbf4-54dbcf402594@group-23FE39ECFB81: changes role from      null to FOLLOWER at term 0 for startAsFollower
2019-11-15 20:17:57,984 [pool-159-thread-1] INFO  impl.RoleInfo (RoleInfo.java:updateAndGet(143)) - 278d11c8-d2e3-4654-bbf4-54dbcf402594: start FollowerState
2019-11-15 20:17:57,985 [pool-159-thread-1] INFO  util.JmxRegister (JmxRegister.java:tryRegister(44)) - Successfully registered JMX Bean with object name Ratis:service=RaftServer,group=group-23FE39ECFB81,id=278d11c8-d2e3-4654-bbf4-54dbcf402594
2019-11-15 20:17:57,985 [pool-159-thread-1] WARN  impl.MetricRegistriesImpl (MetricRegistriesImpl.java:lambda$create$1(61)) - First MetricRegistry has been created without registering reporters. You may need to call MetricRegistries.global().addReportRegistration(...) before.
2019-11-15 20:17:57,987 [RatisPipelineUtilsThread] INFO  pipeline.PipelineStateManager (PipelineStateManager.java:addPipeline(55)) - Created pipeline Pipeline[ Id: 460f84b2-f8a7-4497-baa6-23fe39ecfb81, Nodes: 278d11c8-d2e3-4654-bbf4-54dbcf402594{ip: 192.168.69.94, host: pr-hdds-2517-immreturn-vbf9m-3344069096, networkLocation: /rack1, certSerialId: null}, Type:RATIS, Factor:ONE, State:ALLOCATED]
2019-11-15 20:17:58,015 [IPC Server handler 2 on 39979] INFO  net.NetworkTopology (NetworkTopologyImpl.java:add(111)) - Added a new node: /rack1/1acd8ba6-dda5-4cb5-b2f0-bb88a33d5541
2019-11-15 20:17:58,015 [IPC Server handler 2 on 39979] INFO  node.SCMNodeManager (SCMNodeManager.java:register(267)) - Registered Data node : 1acd8ba6-dda5-4cb5-b2f0-bb88a33d5541{ip: 192.168.69.94, host: pr-hdds-2517-immreturn-vbf9m-3344069096, networkLocation: /rack1, certSerialId: null}
2019-11-15 20:17:58,022 [grpc-default-executor-5] INFO  impl.RaftServerProxy (RaftServerProxy.java:addNew(89)) - 1acd8ba6-dda5-4cb5-b2f0-bb88a33d5541: addNew group-F361CD69A32C:[1acd8ba6-dda5-4cb5-b2f0-bb88a33d5541:192.168.69.94:34837] returns group-F361CD69A32C:java.util.concurrent.CompletableFuture@4aea806d[Not completed]
2019-11-15 20:17:58,023 [pool-169-thread-1] INFO  impl.RaftServerImpl (RaftServerImpl.java:<init>(98)) - 1acd8ba6-dda5-4cb5-b2f0-bb88a33d5541: new RaftServerImpl for group-F361CD69A32C:[1acd8ba6-dda5-4cb5-b2f0-bb88a33d5541:192.168.69.94:34837] with ContainerStateMachine:uninitialized
2019-11-15 20:17:58,024 [pool-169-thread-1] INFO  server.RaftServerConfigKeys (ConfUtils.java:logGet(43)) - raft.server.rpc.timeout.min = 1s (custom)
2019-11-15 20:17:58,024 [pool-169-thread-1] INFO  server.RaftServerConfigKeys (ConfUtils.java:logGet(43)) - raft.server.rpc.timeout.max = 1200ms (custom)
2019-11-15 20:17:58,024 [pool-169-thread-1] INFO  server.RaftServerConfigKeys (ConfUtils.java:logGet(43)) - raft.server.rpcslowness.timeout = 120s (custom)
2019-11-15 20:17:58,024 [pool-169-thread-1] INFO  server.RaftServerConfigKeys (ConfUtils.java:logGet(43)) - raft.server.sleep.deviation.threshold = 300 (default)
2019-11-15 20:17:58,024 [pool-169-thread-1] INFO  server.RaftServerConfigKeys (ConfUtils.java:logGet(43)) - raft.server.log.appender.install.snapshot.enabled = false (custom)
2019-11-15 20:17:58,024 [pool-169-thread-1] INFO  impl.RaftServerImpl (ServerState.java:<init>(103)) - 1acd8ba6-dda5-4cb5-b2f0-bb88a33d5541@group-F361CD69A32C: ConfigurationManager, init=-1: [1acd8ba6-dda5-4cb5-b2f0-bb88a33d5541:192.168.69.94:34837], old=null, confs=<EMPTY_MAP>
2019-11-15 20:17:58,024 [pool-169-thread-1] INFO  server.RaftServerConfigKeys (ConfUtils.java:logGet(43)) - raft.server.storage.dir = [/workdir/hadoop-ozone/integration-test/target/test-dir/MiniOzoneClusterImpl-cd14858e-7fd2-404c-93a1-487d1243ff76/datanode-2/data/ratis] (custom)
2019-11-15 20:17:58,024 [pool-169-thread-1] INFO  server.RaftServerConfigKeys (ConfUtils.java:logGet(43)) - raft.server.log.corruption.policy = EXCEPTION (default)
2019-11-15 20:17:58,025 [pool-169-thread-1] INFO  storage.RaftStorageDirectory (RaftStorageDirectory.java:analyzeStorage(246)) - The storage directory /workdir/hadoop-ozone/integration-test/target/test-dir/MiniOzoneClusterImpl-cd14858e-7fd2-404c-93a1-487d1243ff76/datanode-2/data/ratis/12c2b324-2339-4704-b229-f361cd69a32c does not exist. Creating ...
2019-11-15 20:17:58,048 [pool-169-thread-1] INFO  storage.RaftStorageDirectory (RaftStorageDirectory.java:tryLock(328)) - Lock on /workdir/hadoop-ozone/integration-test/target/test-dir/MiniOzoneClusterImpl-cd14858e-7fd2-404c-93a1-487d1243ff76/datanode-2/data/ratis/12c2b324-2339-4704-b229-f361cd69a32c/in_use.lock acquired by nodename 23188@pr-hdds-2517-immreturn-vbf9m-3344069096
2019-11-15 20:17:58,066 [pool-169-thread-1] INFO  storage.RaftStorage (RaftStorage.java:format(84)) - Storage directory /workdir/hadoop-ozone/integration-test/target/test-dir/MiniOzoneClusterImpl-cd14858e-7fd2-404c-93a1-487d1243ff76/datanode-2/data/ratis/12c2b324-2339-4704-b229-f361cd69a32c has been successfully formatted.
2019-11-15 20:17:58,067 [pool-169-thread-1] INFO  ratis.ContainerStateMachine (ContainerStateMachine.java:loadSnapshot(223)) - group-F361CD69A32C: The snapshot info is null. Setting the last applied indexto:(t:0, i:~)
2019-11-15 20:17:58,067 [pool-169-thread-1] INFO  server.RaftServerConfigKeys (ConfUtils.java:logGet(43)) - raft.server.notification.no-leader.timeout = 120s (custom)
2019-11-15 20:17:58,067 [pool-169-thread-1] INFO  server.RaftServerConfigKeys (ConfUtils.java:logGet(43)) - raft.server.log.use.memory = false (default)
2019-11-15 20:17:58,067 [pool-169-thread-1] INFO  server.RaftServerConfigKeys (ConfUtils.java:logGet(43)) - raft.server.log.purge.gap = 1000000 (custom)
2019-11-15 20:17:58,068 [pool-169-thread-1] INFO  server.RaftServerConfigKeys (ConfUtils.java:logGet(43)) - raft.server.log.appender.buffer.byte-limit = 33554432 (custom)
2019-11-15 20:17:58,068 [pool-169-thread-1] INFO  server.RaftServerConfigKeys (ConfUtils.java:logGet(43)) - raft.server.log.segment.size.max = 1048576 (custom)
2019-11-15 20:17:58,068 [pool-169-thread-1] WARN  impl.MetricRegistriesImpl (MetricRegistriesImpl.java:lambda$create$1(61)) - First MetricRegistry has been created without registering reporters. You may need to call MetricRegistries.global().addReportRegistration(...) before.
2019-11-15 20:17:58,068 [pool-169-thread-1] INFO  server.RaftServerConfigKeys (ConfUtils.java:logGet(43)) - raft.server.log.segment.cache.num.max = 2 (custom)
2019-11-15 20:17:58,068 [pool-169-thread-1] INFO  segmented.SegmentedRaftLogWorker (SegmentedRaftLogWorker.java:<init>(173)) - new 1acd8ba6-dda5-4cb5-b2f0-bb88a33d5541@group-F361CD69A32C-SegmentedRaftLogWorker for RaftStorage:Storage Directory /workdir/hadoop-ozone/integration-test/target/test-dir/MiniOzoneClusterImpl-cd14858e-7fd2-404c-93a1-487d1243ff76/datanode-2/data/ratis/12c2b324-2339-4704-b229-f361cd69a32c
2019-11-15 20:17:58,068 [pool-169-thread-1] INFO  server.RaftServerConfigKeys (ConfUtils.java:logGet(43)) - raft.server.log.queue.byte-limit = 2147483647 (custom)
2019-11-15 20:17:58,068 [pool-169-thread-1] INFO  server.RaftServerConfigKeys (ConfUtils.java:logGet(43)) - raft.server.log.queue.element-limit = 1024 (custom)
2019-11-15 20:17:58,069 [pool-169-thread-1] INFO  server.RaftServerConfigKeys (ConfUtils.java:logGet(43)) - raft.server.log.segment.size.max = 1048576 (custom)
2019-11-15 20:17:58,069 [pool-169-thread-1] INFO  server.RaftServerConfigKeys (ConfUtils.java:logGet(43)) - raft.server.log.preallocated.size = 16384 (custom)
2019-11-15 20:17:58,069 [pool-169-thread-1] INFO  server.RaftServerConfigKeys (ConfUtils.java:logGet(43)) - raft.server.log.write.buffer.size = 33554432 (custom)
2019-11-15 20:17:58,069 [pool-169-thread-1] INFO  server.RaftServerConfigKeys (ConfUtils.java:logGet(43)) - raft.server.log.force.sync.num = 128 (default)
2019-11-15 20:17:58,069 [pool-169-thread-1] INFO  server.RaftServerConfigKeys (ConfUtils.java:logGet(43)) - raft.server.log.statemachine.data.sync = true (default)
2019-11-15 20:17:58,069 [pool-169-thread-1] INFO  server.RaftServerConfigKeys (ConfUtils.java:logGet(43)) - raft.server.log.statemachine.data.sync.timeout = 10s (default)
2019-11-15 20:17:58,069 [pool-169-thread-1] INFO  server.RaftServerConfigKeys (ConfUtils.java:logGet(43)) - raft.server.log.statemachine.data.sync.timeout.retry = -1 (default)
2019-11-15 20:17:58,070 [pool-169-thread-1] INFO  server.RaftServerConfigKeys (ConfUtils.java:logGet(43)) - raft.server.log.statemachine.data.caching.enabled = true (custom)
2019-11-15 20:17:58,070 [pool-169-thread-1] INFO  segmented.SegmentedRaftLogWorker (SegmentedRaftLogWorker.java:lambda$new$0(128)) - 1acd8ba6-dda5-4cb5-b2f0-bb88a33d5541@group-F361CD69A32C-SegmentedRaftLogWorker: flushIndex: setUnconditionally 0 -> -1
2019-11-15 20:17:58,070 [pool-169-thread-1] INFO  server.RaftServerConfigKeys (ConfUtils.java:logGet(43)) - raft.server.snapshot.auto.trigger.enabled = true (custom)
2019-11-15 20:17:58,070 [pool-169-thread-1] INFO  server.RaftServerConfigKeys (ConfUtils.java:logGet(43)) - raft.server.snapshot.auto.trigger.threshold = 10000 (custom)
2019-11-15 20:17:58,071 [pool-169-thread-1] INFO  server.RaftServerConfigKeys (ConfUtils.java:logGet(43)) - raft.server.snapshot.retention.file.num = 5 (custom)
2019-11-15 20:17:58,071 [pool-169-thread-1] INFO  server.RaftServerConfigKeys (ConfUtils.java:logGet(43)) - raft.server.retrycache.expirytime = 600000ms (custom)
2019-11-15 20:17:58,071 [pool-169-thread-1] WARN  impl.MetricRegistriesImpl (MetricRegistriesImpl.java:lambda$create$1(61)) - First MetricRegistry has been created without registering reporters. You may need to call MetricRegistries.global().addReportRegistration(...) before.
2019-11-15 20:17:58,071 [pool-169-thread-1] WARN  impl.MetricRegistriesImpl (MetricRegistriesImpl.java:lambda$create$1(61)) - First MetricRegistry has been created without registering reporters. You may need to call MetricRegistries.global().addReportRegistration(...) before.
2019-11-15 20:17:58,071 [pool-169-thread-1] INFO  impl.RaftServerImpl (RaftServerImpl.java:start(184)) - 1acd8ba6-dda5-4cb5-b2f0-bb88a33d5541@group-F361CD69A32C: start as a follower, conf=-1: [1acd8ba6-dda5-4cb5-b2f0-bb88a33d5541:192.168.69.94:34837], old=null
2019-11-15 20:17:58,071 [pool-169-thread-1] INFO  impl.RaftServerImpl (RaftServerImpl.java:setRole(173)) - 1acd8ba6-dda5-4cb5-b2f0-bb88a33d5541@group-F361CD69A32C: changes role from      null to FOLLOWER at term 0 for startAsFollower
2019-11-15 20:17:58,072 [pool-169-thread-1] INFO  impl.RoleInfo (RoleInfo.java:updateAndGet(143)) - 1acd8ba6-dda5-4cb5-b2f0-bb88a33d5541: start FollowerState
2019-11-15 20:17:58,072 [pool-169-thread-1] INFO  util.JmxRegister (JmxRegister.java:tryRegister(44)) - Successfully registered JMX Bean with object name Ratis:service=RaftServer,group=group-F361CD69A32C,id=1acd8ba6-dda5-4cb5-b2f0-bb88a33d5541
2019-11-15 20:17:58,072 [pool-169-thread-1] WARN  impl.MetricRegistriesImpl (MetricRegistriesImpl.java:lambda$create$1(61)) - First MetricRegistry has been created without registering reporters. You may need to call MetricRegistries.global().addReportRegistration(...) before.
2019-11-15 20:17:58,075 [RatisPipelineUtilsThread] INFO  pipeline.PipelineStateManager (PipelineStateManager.java:addPipeline(55)) - Created pipeline Pipeline[ Id: 12c2b324-2339-4704-b229-f361cd69a32c, Nodes: 1acd8ba6-dda5-4cb5-b2f0-bb88a33d5541{ip: 192.168.69.94, host: pr-hdds-2517-immreturn-vbf9m-3344069096, networkLocation: /rack1, certSerialId: null}, Type:RATIS, Factor:ONE, State:ALLOCATED]
2019-11-15 20:17:58,095 [IPC Server handler 3 on 39979] INFO  net.NetworkTopology (NetworkTopologyImpl.java:add(111)) - Added a new node: /rack1/f5e6ed35-042e-40b5-afb2-c30172d49513
2019-11-15 20:17:58,096 [IPC Server handler 3 on 39979] INFO  node.SCMNodeManager (SCMNodeManager.java:register(267)) - Registered Data node : f5e6ed35-042e-40b5-afb2-c30172d49513{ip: 192.168.69.94, host: pr-hdds-2517-immreturn-vbf9m-3344069096, networkLocation: /rack1, certSerialId: null}
2019-11-15 20:17:58,096 [grpc-default-executor-5] INFO  impl.RaftServerProxy (RaftServerProxy.java:addNew(89)) - 278d11c8-d2e3-4654-bbf4-54dbcf402594: addNew group-AED6481E285D:[1acd8ba6-dda5-4cb5-b2f0-bb88a33d5541:192.168.69.94:34837, 278d11c8-d2e3-4654-bbf4-54dbcf402594:192.168.69.94:45680, ede53ce7-e9c4-4a5f-842c-51dc9db012c0:192.168.69.94:43422] returns group-AED6481E285D:java.util.concurrent.CompletableFuture@7d85a8fd[Not completed]
2019-11-15 20:17:58,096 [grpc-default-executor-0] INFO  impl.RaftServerProxy (RaftServerProxy.java:addNew(89)) - ede53ce7-e9c4-4a5f-842c-51dc9db012c0: addNew group-AED6481E285D:[1acd8ba6-dda5-4cb5-b2f0-bb88a33d5541:192.168.69.94:34837, 278d11c8-d2e3-4654-bbf4-54dbcf402594:192.168.69.94:45680, ede53ce7-e9c4-4a5f-842c-51dc9db012c0:192.168.69.94:43422] returns group-AED6481E285D:java.util.concurrent.CompletableFuture@e27d3[Not completed]
2019-11-15 20:17:58,096 [grpc-default-executor-4] INFO  impl.RaftServerProxy (RaftServerProxy.java:addNew(89)) - 1acd8ba6-dda5-4cb5-b2f0-bb88a33d5541: addNew group-AED6481E285D:[1acd8ba6-dda5-4cb5-b2f0-bb88a33d5541:192.168.69.94:34837, 278d11c8-d2e3-4654-bbf4-54dbcf402594:192.168.69.94:45680, ede53ce7-e9c4-4a5f-842c-51dc9db012c0:192.168.69.94:43422] returns group-AED6481E285D:java.util.concurrent.CompletableFuture@3da7cf1b[Not completed]
2019-11-15 20:17:58,097 [pool-149-thread-1] INFO  impl.RaftServerImpl (RaftServerImpl.java:<init>(98)) - ede53ce7-e9c4-4a5f-842c-51dc9db012c0: new RaftServerImpl for group-AED6481E285D:[1acd8ba6-dda5-4cb5-b2f0-bb88a33d5541:192.168.69.94:34837, 278d11c8-d2e3-4654-bbf4-54dbcf402594:192.168.69.94:45680, ede53ce7-e9c4-4a5f-842c-51dc9db012c0:192.168.69.94:43422] with ContainerStateMachine:uninitialized
2019-11-15 20:17:58,098 [pool-149-thread-1] INFO  server.RaftServerConfigKeys (ConfUtils.java:logGet(43)) - raft.server.rpc.timeout.min = 1s (custom)
2019-11-15 20:17:58,098 [pool-149-thread-1] INFO  server.RaftServerConfigKeys (ConfUtils.java:logGet(43)) - raft.server.rpc.timeout.max = 1200ms (custom)
2019-11-15 20:17:58,098 [pool-149-thread-1] INFO  server.RaftServerConfigKeys (ConfUtils.java:logGet(43)) - raft.server.rpcslowness.timeout = 120s (custom)
2019-11-15 20:17:58,098 [pool-149-thread-1] INFO  server.RaftServerConfigKeys (ConfUtils.java:logGet(43)) - raft.server.sleep.deviation.threshold = 300 (default)
2019-11-15 20:17:58,098 [pool-149-thread-1] INFO  server.RaftServerConfigKeys (ConfUtils.java:logGet(43)) - raft.server.log.appender.install.snapshot.enabled = false (custom)
2019-11-15 20:17:58,098 [pool-149-thread-1] INFO  impl.RaftServerImpl (ServerState.java:<init>(103)) - ede53ce7-e9c4-4a5f-842c-51dc9db012c0@group-AED6481E285D: ConfigurationManager, init=-1: [1acd8ba6-dda5-4cb5-b2f0-bb88a33d5541:192.168.69.94:34837, 278d11c8-d2e3-4654-bbf4-54dbcf402594:192.168.69.94:45680, ede53ce7-e9c4-4a5f-842c-51dc9db012c0:192.168.69.94:43422], old=null, confs=<EMPTY_MAP>
2019-11-15 20:17:58,098 [pool-169-thread-1] INFO  impl.RaftServerImpl (RaftServerImpl.java:<init>(98)) - 1acd8ba6-dda5-4cb5-b2f0-bb88a33d5541: new RaftServerImpl for group-AED6481E285D:[1acd8ba6-dda5-4cb5-b2f0-bb88a33d5541:192.168.69.94:34837, 278d11c8-d2e3-4654-bbf4-54dbcf402594:192.168.69.94:45680, ede53ce7-e9c4-4a5f-842c-51dc9db012c0:192.168.69.94:43422] with ContainerStateMachine:uninitialized
2019-11-15 20:17:58,098 [pool-149-thread-1] INFO  server.RaftServerConfigKeys (ConfUtils.java:logGet(43)) - raft.server.storage.dir = [/workdir/hadoop-ozone/integration-test/target/test-dir/MiniOzoneClusterImpl-cd14858e-7fd2-404c-93a1-487d1243ff76/datanode-0/data/ratis] (custom)
2019-11-15 20:17:58,098 [pool-169-thread-1] INFO  server.RaftServerConfigKeys (ConfUtils.java:logGet(43)) - raft.server.rpc.timeout.min = 1s (custom)
2019-11-15 20:17:58,099 [pool-169-thread-1] INFO  server.RaftServerConfigKeys (ConfUtils.java:logGet(43)) - raft.server.rpc.timeout.max = 1200ms (custom)
2019-11-15 20:17:58,099 [pool-149-thread-1] INFO  server.RaftServerConfigKeys (ConfUtils.java:logGet(43)) - raft.server.log.corruption.policy = EXCEPTION (default)
2019-11-15 20:17:58,099 [pool-159-thread-1] INFO  impl.RaftServerImpl (RaftServerImpl.java:<init>(98)) - 278d11c8-d2e3-4654-bbf4-54dbcf402594: new RaftServerImpl for group-AED6481E285D:[1acd8ba6-dda5-4cb5-b2f0-bb88a33d5541:192.168.69.94:34837, 278d11c8-d2e3-4654-bbf4-54dbcf402594:192.168.69.94:45680, ede53ce7-e9c4-4a5f-842c-51dc9db012c0:192.168.69.94:43422] with ContainerStateMachine:uninitialized
2019-11-15 20:17:58,099 [pool-169-thread-1] INFO  server.RaftServerConfigKeys (ConfUtils.java:logGet(43)) - raft.server.rpcslowness.timeout = 120s (custom)
2019-11-15 20:17:58,099 [pool-149-thread-1] INFO  storage.RaftStorageDirectory (RaftStorageDirectory.java:analyzeStorage(246)) - The storage directory /workdir/hadoop-ozone/integration-test/target/test-dir/MiniOzoneClusterImpl-cd14858e-7fd2-404c-93a1-487d1243ff76/datanode-0/data/ratis/56898cc3-d283-4414-a679-aed6481e285d does not exist. Creating ...
2019-11-15 20:17:58,099 [pool-159-thread-1] INFO  server.RaftServerConfigKeys (ConfUtils.java:logGet(43)) - raft.server.rpc.timeout.min = 1s (custom)
2019-11-15 20:17:58,099 [pool-169-thread-1] INFO  server.RaftServerConfigKeys (ConfUtils.java:logGet(43)) - raft.server.sleep.deviation.threshold = 300 (default)
2019-11-15 20:17:58,099 [pool-159-thread-1] INFO  server.RaftServerConfigKeys (ConfUtils.java:logGet(43)) - raft.server.rpc.timeout.max = 1200ms (custom)
2019-11-15 20:17:58,099 [pool-169-thread-1] INFO  server.RaftServerConfigKeys (ConfUtils.java:logGet(43)) - raft.server.log.appender.install.snapshot.enabled = false (custom)
2019-11-15 20:17:58,099 [pool-159-thread-1] INFO  server.RaftServerConfigKeys (ConfUtils.java:logGet(43)) - raft.server.rpcslowness.timeout = 120s (custom)
2019-11-15 20:17:58,100 [pool-169-thread-1] INFO  impl.RaftServerImpl (ServerState.java:<init>(103)) - 1acd8ba6-dda5-4cb5-b2f0-bb88a33d5541@group-AED6481E285D: ConfigurationManager, init=-1: [1acd8ba6-dda5-4cb5-b2f0-bb88a33d5541:192.168.69.94:34837, 278d11c8-d2e3-4654-bbf4-54dbcf402594:192.168.69.94:45680, ede53ce7-e9c4-4a5f-842c-51dc9db012c0:192.168.69.94:43422], old=null, confs=<EMPTY_MAP>
2019-11-15 20:17:58,100 [pool-159-thread-1] INFO  server.RaftServerConfigKeys (ConfUtils.java:logGet(43)) - raft.server.sleep.deviation.threshold = 300 (default)
2019-11-15 20:17:58,100 [pool-169-thread-1] INFO  server.RaftServerConfigKeys (ConfUtils.java:logGet(43)) - raft.server.storage.dir = [/workdir/hadoop-ozone/integration-test/target/test-dir/MiniOzoneClusterImpl-cd14858e-7fd2-404c-93a1-487d1243ff76/datanode-2/data/ratis] (custom)
2019-11-15 20:17:58,100 [pool-159-thread-1] INFO  server.RaftServerConfigKeys (ConfUtils.java:logGet(43)) - raft.server.log.appender.install.snapshot.enabled = false (custom)
2019-11-15 20:17:58,100 [pool-169-thread-1] INFO  server.RaftServerConfigKeys (ConfUtils.java:logGet(43)) - raft.server.log.corruption.policy = EXCEPTION (default)
2019-11-15 20:17:58,100 [pool-159-thread-1] INFO  impl.RaftServerImpl (ServerState.java:<init>(103)) - 278d11c8-d2e3-4654-bbf4-54dbcf402594@group-AED6481E285D: ConfigurationManager, init=-1: [1acd8ba6-dda5-4cb5-b2f0-bb88a33d5541:192.168.69.94:34837, 278d11c8-d2e3-4654-bbf4-54dbcf402594:192.168.69.94:45680, ede53ce7-e9c4-4a5f-842c-51dc9db012c0:192.168.69.94:43422], old=null, confs=<EMPTY_MAP>
2019-11-15 20:17:58,100 [pool-159-thread-1] INFO  server.RaftServerConfigKeys (ConfUtils.java:logGet(43)) - raft.server.storage.dir = [/workdir/hadoop-ozone/integration-test/target/test-dir/MiniOzoneClusterImpl-cd14858e-7fd2-404c-93a1-487d1243ff76/datanode-1/data/ratis] (custom)
2019-11-15 20:17:58,100 [pool-169-thread-1] INFO  storage.RaftStorageDirectory (RaftStorageDirectory.java:analyzeStorage(246)) - The storage directory /workdir/hadoop-ozone/integration-test/target/test-dir/MiniOzoneClusterImpl-cd14858e-7fd2-404c-93a1-487d1243ff76/datanode-2/data/ratis/56898cc3-d283-4414-a679-aed6481e285d does not exist. Creating ...
2019-11-15 20:17:58,101 [pool-159-thread-1] INFO  server.RaftServerConfigKeys (ConfUtils.java:logGet(43)) - raft.server.log.corruption.policy = EXCEPTION (default)
2019-11-15 20:17:58,101 [pool-159-thread-1] INFO  storage.RaftStorageDirectory (RaftStorageDirectory.java:analyzeStorage(246)) - The storage directory /workdir/hadoop-ozone/integration-test/target/test-dir/MiniOzoneClusterImpl-cd14858e-7fd2-404c-93a1-487d1243ff76/datanode-1/data/ratis/56898cc3-d283-4414-a679-aed6481e285d does not exist. Creating ...
2019-11-15 20:17:58,113 [pool-149-thread-1] INFO  storage.RaftStorageDirectory (RaftStorageDirectory.java:tryLock(328)) - Lock on /workdir/hadoop-ozone/integration-test/target/test-dir/MiniOzoneClusterImpl-cd14858e-7fd2-404c-93a1-487d1243ff76/datanode-0/data/ratis/56898cc3-d283-4414-a679-aed6481e285d/in_use.lock acquired by nodename 23188@pr-hdds-2517-immreturn-vbf9m-3344069096
2019-11-15 20:17:58,113 [pool-169-thread-1] INFO  storage.RaftStorageDirectory (RaftStorageDirectory.java:tryLock(328)) - Lock on /workdir/hadoop-ozone/integration-test/target/test-dir/MiniOzoneClusterImpl-cd14858e-7fd2-404c-93a1-487d1243ff76/datanode-2/data/ratis/56898cc3-d283-4414-a679-aed6481e285d/in_use.lock acquired by nodename 23188@pr-hdds-2517-immreturn-vbf9m-3344069096
2019-11-15 20:17:58,113 [pool-159-thread-1] INFO  storage.RaftStorageDirectory (RaftStorageDirectory.java:tryLock(328)) - Lock on /workdir/hadoop-ozone/integration-test/target/test-dir/MiniOzoneClusterImpl-cd14858e-7fd2-404c-93a1-487d1243ff76/datanode-1/data/ratis/56898cc3-d283-4414-a679-aed6481e285d/in_use.lock acquired by nodename 23188@pr-hdds-2517-immreturn-vbf9m-3344069096
2019-11-15 20:17:58,132 [pool-159-thread-1] INFO  storage.RaftStorage (RaftStorage.java:format(84)) - Storage directory /workdir/hadoop-ozone/integration-test/target/test-dir/MiniOzoneClusterImpl-cd14858e-7fd2-404c-93a1-487d1243ff76/datanode-1/data/ratis/56898cc3-d283-4414-a679-aed6481e285d has been successfully formatted.
2019-11-15 20:17:58,132 [pool-149-thread-1] INFO  storage.RaftStorage (RaftStorage.java:format(84)) - Storage directory /workdir/hadoop-ozone/integration-test/target/test-dir/MiniOzoneClusterImpl-cd14858e-7fd2-404c-93a1-487d1243ff76/datanode-0/data/ratis/56898cc3-d283-4414-a679-aed6481e285d has been successfully formatted.
2019-11-15 20:17:58,132 [pool-169-thread-1] INFO  storage.RaftStorage (RaftStorage.java:format(84)) - Storage directory /workdir/hadoop-ozone/integration-test/target/test-dir/MiniOzoneClusterImpl-cd14858e-7fd2-404c-93a1-487d1243ff76/datanode-2/data/ratis/56898cc3-d283-4414-a679-aed6481e285d has been successfully formatted.
2019-11-15 20:17:58,132 [pool-159-thread-1] INFO  ratis.ContainerStateMachine (ContainerStateMachine.java:loadSnapshot(223)) - group-AED6481E285D: The snapshot info is null. Setting the last applied indexto:(t:0, i:~)
2019-11-15 20:17:58,132 [pool-149-thread-1] INFO  ratis.ContainerStateMachine (ContainerStateMachine.java:loadSnapshot(223)) - group-AED6481E285D: The snapshot info is null. Setting the last applied indexto:(t:0, i:~)
2019-11-15 20:17:58,132 [pool-159-thread-1] INFO  server.RaftServerConfigKeys (ConfUtils.java:logGet(43)) - raft.server.notification.no-leader.timeout = 120s (custom)
2019-11-15 20:17:58,132 [pool-169-thread-1] INFO  ratis.ContainerStateMachine (ContainerStateMachine.java:loadSnapshot(223)) - group-AED6481E285D: The snapshot info is null. Setting the last applied indexto:(t:0, i:~)
2019-11-15 20:17:58,132 [pool-159-thread-1] INFO  server.RaftServerConfigKeys (ConfUtils.java:logGet(43)) - raft.server.log.use.memory = false (default)
2019-11-15 20:17:58,132 [pool-149-thread-1] INFO  server.RaftServerConfigKeys (ConfUtils.java:logGet(43)) - raft.server.notification.no-leader.timeout = 120s (custom)
2019-11-15 20:17:58,133 [pool-159-thread-1] INFO  server.RaftServerConfigKeys (ConfUtils.java:logGet(43)) - raft.server.log.purge.gap = 1000000 (custom)
2019-11-15 20:17:58,132 [pool-169-thread-1] INFO  server.RaftServerConfigKeys (ConfUtils.java:logGet(43)) - raft.server.notification.no-leader.timeout = 120s (custom)
2019-11-15 20:17:58,133 [pool-159-thread-1] INFO  server.RaftServerConfigKeys (ConfUtils.java:logGet(43)) - raft.server.log.appender.buffer.byte-limit = 33554432 (custom)
2019-11-15 20:17:58,133 [pool-149-thread-1] INFO  server.RaftServerConfigKeys (ConfUtils.java:logGet(43)) - raft.server.log.use.memory = false (default)
2019-11-15 20:17:58,133 [pool-159-thread-1] INFO  server.RaftServerConfigKeys (ConfUtils.java:logGet(43)) - raft.server.log.segment.size.max = 1048576 (custom)
2019-11-15 20:17:58,133 [pool-169-thread-1] INFO  server.RaftServerConfigKeys (ConfUtils.java:logGet(43)) - raft.server.log.use.memory = false (default)
2019-11-15 20:17:58,133 [pool-149-thread-1] INFO  server.RaftServerConfigKeys (ConfUtils.java:logGet(43)) - raft.server.log.purge.gap = 1000000 (custom)
2019-11-15 20:17:58,133 [pool-159-thread-1] INFO  server.RaftServerConfigKeys (ConfUtils.java:logGet(43)) - raft.server.log.segment.cache.num.max = 2 (custom)
2019-11-15 20:17:58,133 [pool-169-thread-1] INFO  server.RaftServerConfigKeys (ConfUtils.java:logGet(43)) - raft.server.log.purge.gap = 1000000 (custom)
2019-11-15 20:17:58,133 [pool-159-thread-1] INFO  segmented.SegmentedRaftLogWorker (SegmentedRaftLogWorker.java:<init>(173)) - new 278d11c8-d2e3-4654-bbf4-54dbcf402594@group-AED6481E285D-SegmentedRaftLogWorker for RaftStorage:Storage Directory /workdir/hadoop-ozone/integration-test/target/test-dir/MiniOzoneClusterImpl-cd14858e-7fd2-404c-93a1-487d1243ff76/datanode-1/data/ratis/56898cc3-d283-4414-a679-aed6481e285d
2019-11-15 20:17:58,133 [pool-149-thread-1] INFO  server.RaftServerConfigKeys (ConfUtils.java:logGet(43)) - raft.server.log.appender.buffer.byte-limit = 33554432 (custom)
2019-11-15 20:17:58,134 [pool-159-thread-1] INFO  server.RaftServerConfigKeys (ConfUtils.java:logGet(43)) - raft.server.log.queue.byte-limit = 2147483647 (custom)
2019-11-15 20:17:58,133 [pool-169-thread-1] INFO  server.RaftServerConfigKeys (ConfUtils.java:logGet(43)) - raft.server.log.appender.buffer.byte-limit = 33554432 (custom)
2019-11-15 20:17:58,134 [pool-159-thread-1] INFO  server.RaftServerConfigKeys (ConfUtils.java:logGet(43)) - raft.server.log.queue.element-limit = 1024 (custom)
2019-11-15 20:17:58,134 [pool-149-thread-1] INFO  server.RaftServerConfigKeys (ConfUtils.java:logGet(43)) - raft.server.log.segment.size.max = 1048576 (custom)
2019-11-15 20:17:58,134 [pool-159-thread-1] INFO  server.RaftServerConfigKeys (ConfUtils.java:logGet(43)) - raft.server.log.segment.size.max = 1048576 (custom)
2019-11-15 20:17:58,134 [pool-169-thread-1] INFO  server.RaftServerConfigKeys (ConfUtils.java:logGet(43)) - raft.server.log.segment.size.max = 1048576 (custom)
2019-11-15 20:17:58,134 [pool-159-thread-1] INFO  server.RaftServerConfigKeys (ConfUtils.java:logGet(43)) - raft.server.log.preallocated.size = 16384 (custom)
2019-11-15 20:17:58,134 [pool-149-thread-1] INFO  server.RaftServerConfigKeys (ConfUtils.java:logGet(43)) - raft.server.log.segment.cache.num.max = 2 (custom)
2019-11-15 20:17:58,134 [pool-159-thread-1] INFO  server.RaftServerConfigKeys (ConfUtils.java:logGet(43)) - raft.server.log.write.buffer.size = 33554432 (custom)
2019-11-15 20:17:58,134 [pool-169-thread-1] INFO  server.RaftServerConfigKeys (ConfUtils.java:logGet(43)) - raft.server.log.segment.cache.num.max = 2 (custom)
2019-11-15 20:17:58,134 [pool-159-thread-1] INFO  server.RaftServerConfigKeys (ConfUtils.java:logGet(43)) - raft.server.log.force.sync.num = 128 (default)
2019-11-15 20:17:58,134 [pool-149-thread-1] INFO  segmented.SegmentedRaftLogWorker (SegmentedRaftLogWorker.java:<init>(173)) - new ede53ce7-e9c4-4a5f-842c-51dc9db012c0@group-AED6481E285D-SegmentedRaftLogWorker for RaftStorage:Storage Directory /workdir/hadoop-ozone/integration-test/target/test-dir/MiniOzoneClusterImpl-cd14858e-7fd2-404c-93a1-487d1243ff76/datanode-0/data/ratis/56898cc3-d283-4414-a679-aed6481e285d
2019-11-15 20:17:58,134 [pool-159-thread-1] INFO  server.RaftServerConfigKeys (ConfUtils.java:logGet(43)) - raft.server.log.statemachine.data.sync = true (default)
2019-11-15 20:17:58,134 [pool-169-thread-1] INFO  segmented.SegmentedRaftLogWorker (SegmentedRaftLogWorker.java:<init>(173)) - new 1acd8ba6-dda5-4cb5-b2f0-bb88a33d5541@group-AED6481E285D-SegmentedRaftLogWorker for RaftStorage:Storage Directory /workdir/hadoop-ozone/integration-test/target/test-dir/MiniOzoneClusterImpl-cd14858e-7fd2-404c-93a1-487d1243ff76/datanode-2/data/ratis/56898cc3-d283-4414-a679-aed6481e285d
2019-11-15 20:17:58,135 [pool-159-thread-1] INFO  server.RaftServerConfigKeys (ConfUtils.java:logGet(43)) - raft.server.log.statemachine.data.sync.timeout = 10s (default)
2019-11-15 20:17:58,135 [pool-149-thread-1] INFO  server.RaftServerConfigKeys (ConfUtils.java:logGet(43)) - raft.server.log.queue.byte-limit = 2147483647 (custom)
2019-11-15 20:17:58,135 [pool-159-thread-1] INFO  server.RaftServerConfigKeys (ConfUtils.java:logGet(43)) - raft.server.log.statemachine.data.sync.timeout.retry = -1 (default)
2019-11-15 20:17:58,135 [pool-169-thread-1] INFO  server.RaftServerConfigKeys (ConfUtils.java:logGet(43)) - raft.server.log.queue.byte-limit = 2147483647 (custom)
2019-11-15 20:17:58,135 [pool-159-thread-1] INFO  server.RaftServerConfigKeys (ConfUtils.java:logGet(43)) - raft.server.log.statemachine.data.caching.enabled = true (custom)
2019-11-15 20:17:58,135 [pool-149-thread-1] INFO  server.RaftServerConfigKeys (ConfUtils.java:logGet(43)) - raft.server.log.queue.element-limit = 1024 (custom)
2019-11-15 20:17:58,135 [pool-169-thread-1] INFO  server.RaftServerConfigKeys (ConfUtils.java:logGet(43)) - raft.server.log.queue.element-limit = 1024 (custom)
2019-11-15 20:17:58,135 [pool-159-thread-1] INFO  segmented.SegmentedRaftLogWorker (SegmentedRaftLogWorker.java:lambda$new$0(128)) - 278d11c8-d2e3-4654-bbf4-54dbcf402594@group-AED6481E285D-SegmentedRaftLogWorker: flushIndex: setUnconditionally 0 -> -1
2019-11-15 20:17:58,135 [pool-149-thread-1] INFO  server.RaftServerConfigKeys (ConfUtils.java:logGet(43)) - raft.server.log.segment.size.max = 1048576 (custom)
2019-11-15 20:17:58,135 [pool-169-thread-1] INFO  server.RaftServerConfigKeys (ConfUtils.java:logGet(43)) - raft.server.log.segment.size.max = 1048576 (custom)
2019-11-15 20:17:58,135 [pool-159-thread-1] INFO  server.RaftServerConfigKeys (ConfUtils.java:logGet(43)) - raft.server.snapshot.auto.trigger.enabled = true (custom)
2019-11-15 20:17:58,135 [pool-149-thread-1] INFO  server.RaftServerConfigKeys (ConfUtils.java:logGet(43)) - raft.server.log.preallocated.size = 16384 (custom)
2019-11-15 20:17:58,136 [pool-159-thread-1] INFO  server.RaftServerConfigKeys (ConfUtils.java:logGet(43)) - raft.server.snapshot.auto.trigger.threshold = 10000 (custom)
2019-11-15 20:17:58,135 [pool-169-thread-1] INFO  server.RaftServerConfigKeys (ConfUtils.java:logGet(43)) - raft.server.log.preallocated.size = 16384 (custom)
2019-11-15 20:17:58,136 [pool-159-thread-1] INFO  server.RaftServerConfigKeys (ConfUtils.java:logGet(43)) - raft.server.snapshot.retention.file.num = 5 (custom)
2019-11-15 20:17:58,136 [pool-149-thread-1] INFO  server.RaftServerConfigKeys (ConfUtils.java:logGet(43)) - raft.server.log.write.buffer.size = 33554432 (custom)
2019-11-15 20:17:58,136 [pool-159-thread-1] INFO  server.RaftServerConfigKeys (ConfUtils.java:logGet(43)) - raft.server.retrycache.expirytime = 600000ms (custom)
2019-11-15 20:17:58,136 [pool-169-thread-1] INFO  server.RaftServerConfigKeys (ConfUtils.java:logGet(43)) - raft.server.log.write.buffer.size = 33554432 (custom)
2019-11-15 20:17:58,136 [pool-159-thread-1] WARN  impl.MetricRegistriesImpl (MetricRegistriesImpl.java:lambda$create$1(61)) - First MetricRegistry has been created without registering reporters. You may need to call MetricRegistries.global().addReportRegistration(...) before.
2019-11-15 20:17:58,136 [pool-149-thread-1] INFO  server.RaftServerConfigKeys (ConfUtils.java:logGet(43)) - raft.server.log.force.sync.num = 128 (default)
2019-11-15 20:17:58,136 [pool-159-thread-1] WARN  impl.MetricRegistriesImpl (MetricRegistriesImpl.java:lambda$create$1(61)) - First MetricRegistry has been created without registering reporters. You may need to call MetricRegistries.global().addReportRegistration(...) before.
2019-11-15 20:17:58,136 [pool-169-thread-1] INFO  server.RaftServerConfigKeys (ConfUtils.java:logGet(43)) - raft.server.log.force.sync.num = 128 (default)
2019-11-15 20:17:58,136 [pool-149-thread-1] INFO  server.RaftServerConfigKeys (ConfUtils.java:logGet(43)) - raft.server.log.statemachine.data.sync = true (default)
2019-11-15 20:17:58,136 [pool-169-thread-1] INFO  server.RaftServerConfigKeys (ConfUtils.java:logGet(43)) - raft.server.log.statemachine.data.sync = true (default)
2019-11-15 20:17:58,136 [pool-159-thread-1] INFO  impl.RaftServerImpl (RaftServerImpl.java:start(184)) - 278d11c8-d2e3-4654-bbf4-54dbcf402594@group-AED6481E285D: start as a follower, conf=-1: [1acd8ba6-dda5-4cb5-b2f0-bb88a33d5541:192.168.69.94:34837, 278d11c8-d2e3-4654-bbf4-54dbcf402594:192.168.69.94:45680, ede53ce7-e9c4-4a5f-842c-51dc9db012c0:192.168.69.94:43422], old=null
2019-11-15 20:17:58,137 [pool-169-thread-1] INFO  server.RaftServerConfigKeys (ConfUtils.java:logGet(43)) - raft.server.log.statemachine.data.sync.timeout = 10s (default)
2019-11-15 20:17:58,136 [pool-149-thread-1] INFO  server.RaftServerConfigKeys (ConfUtils.java:logGet(43)) - raft.server.log.statemachine.data.sync.timeout = 10s (default)
2019-11-15 20:17:58,137 [pool-169-thread-1] INFO  server.RaftServerConfigKeys (ConfUtils.java:logGet(43)) - raft.server.log.statemachine.data.sync.timeout.retry = -1 (default)
2019-11-15 20:17:58,137 [pool-159-thread-1] INFO  impl.RaftServerImpl (RaftServerImpl.java:setRole(173)) - 278d11c8-d2e3-4654-bbf4-54dbcf402594@group-AED6481E285D: changes role from      null to FOLLOWER at term 0 for startAsFollower
2019-11-15 20:17:58,137 [pool-169-thread-1] INFO  server.RaftServerConfigKeys (ConfUtils.java:logGet(43)) - raft.server.log.statemachine.data.caching.enabled = true (custom)
2019-11-15 20:17:58,137 [pool-149-thread-1] INFO  server.RaftServerConfigKeys (ConfUtils.java:logGet(43)) - raft.server.log.statemachine.data.sync.timeout.retry = -1 (default)
2019-11-15 20:17:58,137 [pool-159-thread-1] INFO  impl.RoleInfo (RoleInfo.java:updateAndGet(143)) - 278d11c8-d2e3-4654-bbf4-54dbcf402594: start FollowerState
2019-11-15 20:17:58,137 [pool-149-thread-1] INFO  server.RaftServerConfigKeys (ConfUtils.java:logGet(43)) - raft.server.log.statemachine.data.caching.enabled = true (custom)
2019-11-15 20:17:58,137 [pool-169-thread-1] INFO  segmented.SegmentedRaftLogWorker (SegmentedRaftLogWorker.java:lambda$new$0(128)) - 1acd8ba6-dda5-4cb5-b2f0-bb88a33d5541@group-AED6481E285D-SegmentedRaftLogWorker: flushIndex: setUnconditionally 0 -> -1
2019-11-15 20:17:58,137 [pool-149-thread-1] INFO  segmented.SegmentedRaftLogWorker (SegmentedRaftLogWorker.java:lambda$new$0(128)) - ede53ce7-e9c4-4a5f-842c-51dc9db012c0@group-AED6481E285D-SegmentedRaftLogWorker: flushIndex: setUnconditionally 0 -> -1
2019-11-15 20:17:58,137 [pool-169-thread-1] INFO  server.RaftServerConfigKeys (ConfUtils.java:logGet(43)) - raft.server.snapshot.auto.trigger.enabled = true (custom)
2019-11-15 20:17:58,137 [pool-159-thread-1] INFO  util.JmxRegister (JmxRegister.java:tryRegister(44)) - Successfully registered JMX Bean with object name Ratis:service=RaftServer,group=group-AED6481E285D,id=278d11c8-d2e3-4654-bbf4-54dbcf402594
2019-11-15 20:17:58,138 [pool-149-thread-1] INFO  server.RaftServerConfigKeys (ConfUtils.java:logGet(43)) - raft.server.snapshot.auto.trigger.enabled = true (custom)
2019-11-15 20:17:58,138 [pool-169-thread-1] INFO  server.RaftServerConfigKeys (ConfUtils.java:logGet(43)) - raft.server.snapshot.auto.trigger.threshold = 10000 (custom)
2019-11-15 20:17:58,138 [pool-149-thread-1] INFO  server.RaftServerConfigKeys (ConfUtils.java:logGet(43)) - raft.server.snapshot.auto.trigger.threshold = 10000 (custom)
2019-11-15 20:17:58,138 [pool-159-thread-1] WARN  impl.MetricRegistriesImpl (MetricRegistriesImpl.java:lambda$create$1(61)) - First MetricRegistry has been created without registering reporters. You may need to call MetricRegistries.global().addReportRegistration(...) before.
2019-11-15 20:17:58,138 [pool-149-thread-1] INFO  server.RaftServerConfigKeys (ConfUtils.java:logGet(43)) - raft.server.snapshot.retention.file.num = 5 (custom)
2019-11-15 20:17:58,138 [pool-169-thread-1] INFO  server.RaftServerConfigKeys (ConfUtils.java:logGet(43)) - raft.server.snapshot.retention.file.num = 5 (custom)
2019-11-15 20:17:58,138 [pool-149-thread-1] INFO  server.RaftServerConfigKeys (ConfUtils.java:logGet(43)) - raft.server.retrycache.expirytime = 600000ms (custom)
2019-11-15 20:17:58,138 [pool-169-thread-1] INFO  server.RaftServerConfigKeys (ConfUtils.java:logGet(43)) - raft.server.retrycache.expirytime = 600000ms (custom)
2019-11-15 20:17:58,138 [pool-149-thread-1] WARN  impl.MetricRegistriesImpl (MetricRegistriesImpl.java:lambda$create$1(61)) - First MetricRegistry has been created without registering reporters. You may need to call MetricRegistries.global().addReportRegistration(...) before.
2019-11-15 20:17:58,138 [pool-169-thread-1] WARN  impl.MetricRegistriesImpl (MetricRegistriesImpl.java:lambda$create$1(61)) - First MetricRegistry has been created without registering reporters. You may need to call MetricRegistries.global().addReportRegistration(...) before.
2019-11-15 20:17:58,138 [pool-149-thread-1] WARN  impl.MetricRegistriesImpl (MetricRegistriesImpl.java:lambda$create$1(61)) - First MetricRegistry has been created without registering reporters. You may need to call MetricRegistries.global().addReportRegistration(...) before.
2019-11-15 20:17:58,138 [pool-169-thread-1] WARN  impl.MetricRegistriesImpl (MetricRegistriesImpl.java:lambda$create$1(61)) - First MetricRegistry has been created without registering reporters. You may need to call MetricRegistries.global().addReportRegistration(...) before.
2019-11-15 20:17:58,139 [pool-149-thread-1] INFO  impl.RaftServerImpl (RaftServerImpl.java:start(184)) - ede53ce7-e9c4-4a5f-842c-51dc9db012c0@group-AED6481E285D: start as a follower, conf=-1: [1acd8ba6-dda5-4cb5-b2f0-bb88a33d5541:192.168.69.94:34837, 278d11c8-d2e3-4654-bbf4-54dbcf402594:192.168.69.94:45680, ede53ce7-e9c4-4a5f-842c-51dc9db012c0:192.168.69.94:43422], old=null
2019-11-15 20:17:58,139 [pool-149-thread-1] INFO  impl.RaftServerImpl (RaftServerImpl.java:setRole(173)) - ede53ce7-e9c4-4a5f-842c-51dc9db012c0@group-AED6481E285D: changes role from      null to FOLLOWER at term 0 for startAsFollower
2019-11-15 20:17:58,139 [pool-149-thread-1] INFO  impl.RoleInfo (RoleInfo.java:updateAndGet(143)) - ede53ce7-e9c4-4a5f-842c-51dc9db012c0: start FollowerState
2019-11-15 20:17:58,139 [pool-169-thread-1] INFO  impl.RaftServerImpl (RaftServerImpl.java:start(184)) - 1acd8ba6-dda5-4cb5-b2f0-bb88a33d5541@group-AED6481E285D: start as a follower, conf=-1: [1acd8ba6-dda5-4cb5-b2f0-bb88a33d5541:192.168.69.94:34837, 278d11c8-d2e3-4654-bbf4-54dbcf402594:192.168.69.94:45680, ede53ce7-e9c4-4a5f-842c-51dc9db012c0:192.168.69.94:43422], old=null
2019-11-15 20:17:58,139 [pool-169-thread-1] INFO  impl.RaftServerImpl (RaftServerImpl.java:setRole(173)) - 1acd8ba6-dda5-4cb5-b2f0-bb88a33d5541@group-AED6481E285D: changes role from      null to FOLLOWER at term 0 for startAsFollower
2019-11-15 20:17:58,139 [pool-149-thread-1] INFO  util.JmxRegister (JmxRegister.java:tryRegister(44)) - Successfully registered JMX Bean with object name Ratis:service=RaftServer,group=group-AED6481E285D,id=ede53ce7-e9c4-4a5f-842c-51dc9db012c0
2019-11-15 20:17:58,139 [pool-169-thread-1] INFO  impl.RoleInfo (RoleInfo.java:updateAndGet(143)) - 1acd8ba6-dda5-4cb5-b2f0-bb88a33d5541: start FollowerState
2019-11-15 20:17:58,139 [pool-149-thread-1] WARN  impl.MetricRegistriesImpl (MetricRegistriesImpl.java:lambda$create$1(61)) - First MetricRegistry has been created without registering reporters. You may need to call MetricRegistries.global().addReportRegistration(...) before.
2019-11-15 20:17:58,140 [pool-169-thread-1] INFO  util.JmxRegister (JmxRegister.java:tryRegister(44)) - Successfully registered JMX Bean with object name Ratis:service=RaftServer,group=group-AED6481E285D,id=1acd8ba6-dda5-4cb5-b2f0-bb88a33d5541
2019-11-15 20:17:58,140 [pool-169-thread-1] WARN  impl.MetricRegistriesImpl (MetricRegistriesImpl.java:lambda$create$1(61)) - First MetricRegistry has been created without registering reporters. You may need to call MetricRegistries.global().addReportRegistration(...) before.
2019-11-15 20:17:58,142 [RatisPipelineUtilsThread] INFO  pipeline.PipelineStateManager (PipelineStateManager.java:addPipeline(55)) - Created pipeline Pipeline[ Id: 56898cc3-d283-4414-a679-aed6481e285d, Nodes: ede53ce7-e9c4-4a5f-842c-51dc9db012c0{ip: 192.168.69.94, host: pr-hdds-2517-immreturn-vbf9m-3344069096, networkLocation: /rack1, certSerialId: null}278d11c8-d2e3-4654-bbf4-54dbcf402594{ip: 192.168.69.94, host: pr-hdds-2517-immreturn-vbf9m-3344069096, networkLocation: /rack1, certSerialId: null}1acd8ba6-dda5-4cb5-b2f0-bb88a33d5541{ip: 192.168.69.94, host: pr-hdds-2517-immreturn-vbf9m-3344069096, networkLocation: /rack1, certSerialId: null}, Type:RATIS, Factor:THREE, State:ALLOCATED]
2019-11-15 20:17:58,168 [IPC Server handler 4 on 39979] INFO  net.NetworkTopology (NetworkTopologyImpl.java:add(111)) - Added a new node: /rack1/c23f4e8b-a977-491c-8d15-b9b92ca8b7b3
2019-11-15 20:17:58,168 [IPC Server handler 4 on 39979] INFO  node.SCMNodeManager (SCMNodeManager.java:register(267)) - Registered Data node : c23f4e8b-a977-491c-8d15-b9b92ca8b7b3{ip: 192.168.69.94, host: pr-hdds-2517-immreturn-vbf9m-3344069096, networkLocation: /rack1, certSerialId: null}
2019-11-15 20:17:58,174 [grpc-default-executor-4] INFO  impl.RaftServerProxy (RaftServerProxy.java:addNew(89)) - c23f4e8b-a977-491c-8d15-b9b92ca8b7b3: addNew group-375F3F399C5E:[c23f4e8b-a977-491c-8d15-b9b92ca8b7b3:192.168.69.94:37963] returns group-375F3F399C5E:java.util.concurrent.CompletableFuture@4103b0a7[Not completed]
2019-11-15 20:17:58,175 [pool-189-thread-1] INFO  impl.RaftServerImpl (RaftServerImpl.java:<init>(98)) - c23f4e8b-a977-491c-8d15-b9b92ca8b7b3: new RaftServerImpl for group-375F3F399C5E:[c23f4e8b-a977-491c-8d15-b9b92ca8b7b3:192.168.69.94:37963] with ContainerStateMachine:uninitialized
2019-11-15 20:17:58,175 [pool-189-thread-1] INFO  server.RaftServerConfigKeys (ConfUtils.java:logGet(43)) - raft.server.rpc.timeout.min = 1s (custom)
2019-11-15 20:17:58,175 [pool-189-thread-1] INFO  server.RaftServerConfigKeys (ConfUtils.java:logGet(43)) - raft.server.rpc.timeout.max = 1200ms (custom)
2019-11-15 20:17:58,175 [pool-189-thread-1] INFO  server.RaftServerConfigKeys (ConfUtils.java:logGet(43)) - raft.server.rpcslowness.timeout = 120s (custom)
2019-11-15 20:17:58,175 [pool-189-thread-1] INFO  server.RaftServerConfigKeys (ConfUtils.java:logGet(43)) - raft.server.sleep.deviation.threshold = 300 (default)
2019-11-15 20:17:58,175 [pool-189-thread-1] INFO  server.RaftServerConfigKeys (ConfUtils.java:logGet(43)) - raft.server.log.appender.install.snapshot.enabled = false (custom)
2019-11-15 20:17:58,175 [pool-189-thread-1] INFO  impl.RaftServerImpl (ServerState.java:<init>(103)) - c23f4e8b-a977-491c-8d15-b9b92ca8b7b3@group-375F3F399C5E: ConfigurationManager, init=-1: [c23f4e8b-a977-491c-8d15-b9b92ca8b7b3:192.168.69.94:37963], old=null, confs=<EMPTY_MAP>
2019-11-15 20:17:58,176 [pool-189-thread-1] INFO  server.RaftServerConfigKeys (ConfUtils.java:logGet(43)) - raft.server.storage.dir = [/workdir/hadoop-ozone/integration-test/target/test-dir/MiniOzoneClusterImpl-cd14858e-7fd2-404c-93a1-487d1243ff76/datanode-4/data/ratis] (custom)
2019-11-15 20:17:58,176 [pool-189-thread-1] INFO  server.RaftServerConfigKeys (ConfUtils.java:logGet(43)) - raft.server.log.corruption.policy = EXCEPTION (default)
2019-11-15 20:17:58,176 [pool-189-thread-1] INFO  storage.RaftStorageDirectory (RaftStorageDirectory.java:analyzeStorage(246)) - The storage directory /workdir/hadoop-ozone/integration-test/target/test-dir/MiniOzoneClusterImpl-cd14858e-7fd2-404c-93a1-487d1243ff76/datanode-4/data/ratis/726c3570-b083-409d-88c0-375f3f399c5e does not exist. Creating ...
2019-11-15 20:17:58,199 [pool-189-thread-1] INFO  storage.RaftStorageDirectory (RaftStorageDirectory.java:tryLock(328)) - Lock on /workdir/hadoop-ozone/integration-test/target/test-dir/MiniOzoneClusterImpl-cd14858e-7fd2-404c-93a1-487d1243ff76/datanode-4/data/ratis/726c3570-b083-409d-88c0-375f3f399c5e/in_use.lock acquired by nodename 23188@pr-hdds-2517-immreturn-vbf9m-3344069096
2019-11-15 20:17:58,221 [pool-189-thread-1] INFO  storage.RaftStorage (RaftStorage.java:format(84)) - Storage directory /workdir/hadoop-ozone/integration-test/target/test-dir/MiniOzoneClusterImpl-cd14858e-7fd2-404c-93a1-487d1243ff76/datanode-4/data/ratis/726c3570-b083-409d-88c0-375f3f399c5e has been successfully formatted.
2019-11-15 20:17:58,221 [pool-189-thread-1] INFO  ratis.ContainerStateMachine (ContainerStateMachine.java:loadSnapshot(223)) - group-375F3F399C5E: The snapshot info is null. Setting the last applied indexto:(t:0, i:~)
2019-11-15 20:17:58,221 [pool-189-thread-1] INFO  server.RaftServerConfigKeys (ConfUtils.java:logGet(43)) - raft.server.notification.no-leader.timeout = 120s (custom)
2019-11-15 20:17:58,222 [pool-189-thread-1] INFO  server.RaftServerConfigKeys (ConfUtils.java:logGet(43)) - raft.server.log.use.memory = false (default)
2019-11-15 20:17:58,222 [pool-189-thread-1] INFO  server.RaftServerConfigKeys (ConfUtils.java:logGet(43)) - raft.server.log.purge.gap = 1000000 (custom)
2019-11-15 20:17:58,222 [pool-189-thread-1] INFO  server.RaftServerConfigKeys (ConfUtils.java:logGet(43)) - raft.server.log.appender.buffer.byte-limit = 33554432 (custom)
2019-11-15 20:17:58,222 [pool-189-thread-1] INFO  server.RaftServerConfigKeys (ConfUtils.java:logGet(43)) - raft.server.log.segment.size.max = 1048576 (custom)
2019-11-15 20:17:58,222 [pool-189-thread-1] WARN  impl.MetricRegistriesImpl (MetricRegistriesImpl.java:lambda$create$1(61)) - First MetricRegistry has been created without registering reporters. You may need to call MetricRegistries.global().addReportRegistration(...) before.
2019-11-15 20:17:58,222 [pool-189-thread-1] INFO  server.RaftServerConfigKeys (ConfUtils.java:logGet(43)) - raft.server.log.segment.cache.num.max = 2 (custom)
2019-11-15 20:17:58,222 [pool-189-thread-1] INFO  segmented.SegmentedRaftLogWorker (SegmentedRaftLogWorker.java:<init>(173)) - new c23f4e8b-a977-491c-8d15-b9b92ca8b7b3@group-375F3F399C5E-SegmentedRaftLogWorker for RaftStorage:Storage Directory /workdir/hadoop-ozone/integration-test/target/test-dir/MiniOzoneClusterImpl-cd14858e-7fd2-404c-93a1-487d1243ff76/datanode-4/data/ratis/726c3570-b083-409d-88c0-375f3f399c5e
2019-11-15 20:17:58,222 [pool-189-thread-1] INFO  server.RaftServerConfigKeys (ConfUtils.java:logGet(43)) - raft.server.log.queue.byte-limit = 2147483647 (custom)
2019-11-15 20:17:58,222 [pool-189-thread-1] INFO  server.RaftServerConfigKeys (ConfUtils.java:logGet(43)) - raft.server.log.queue.element-limit = 1024 (custom)
2019-11-15 20:17:58,222 [pool-189-thread-1] INFO  server.RaftServerConfigKeys (ConfUtils.java:logGet(43)) - raft.server.log.segment.size.max = 1048576 (custom)
2019-11-15 20:17:58,222 [pool-189-thread-1] INFO  server.RaftServerConfigKeys (ConfUtils.java:logGet(43)) - raft.server.log.preallocated.size = 16384 (custom)
2019-11-15 20:17:58,223 [pool-189-thread-1] INFO  server.RaftServerConfigKeys (ConfUtils.java:logGet(43)) - raft.server.log.write.buffer.size = 33554432 (custom)
2019-11-15 20:17:58,223 [pool-189-thread-1] INFO  server.RaftServerConfigKeys (ConfUtils.java:logGet(43)) - raft.server.log.force.sync.num = 128 (default)
2019-11-15 20:17:58,223 [pool-189-thread-1] INFO  server.RaftServerConfigKeys (ConfUtils.java:logGet(43)) - raft.server.log.statemachine.data.sync = true (default)
2019-11-15 20:17:58,223 [pool-189-thread-1] INFO  server.RaftServerConfigKeys (ConfUtils.java:logGet(43)) - raft.server.log.statemachine.data.sync.timeout = 10s (default)
2019-11-15 20:17:58,223 [pool-189-thread-1] INFO  server.RaftServerConfigKeys (ConfUtils.java:logGet(43)) - raft.server.log.statemachine.data.sync.timeout.retry = -1 (default)
2019-11-15 20:17:58,223 [pool-189-thread-1] INFO  server.RaftServerConfigKeys (ConfUtils.java:logGet(43)) - raft.server.log.statemachine.data.caching.enabled = true (custom)
2019-11-15 20:17:58,223 [pool-189-thread-1] INFO  segmented.SegmentedRaftLogWorker (SegmentedRaftLogWorker.java:lambda$new$0(128)) - c23f4e8b-a977-491c-8d15-b9b92ca8b7b3@group-375F3F399C5E-SegmentedRaftLogWorker: flushIndex: setUnconditionally 0 -> -1
2019-11-15 20:17:58,223 [pool-189-thread-1] INFO  server.RaftServerConfigKeys (ConfUtils.java:logGet(43)) - raft.server.snapshot.auto.trigger.enabled = true (custom)
2019-11-15 20:17:58,224 [pool-189-thread-1] INFO  server.RaftServerConfigKeys (ConfUtils.java:logGet(43)) - raft.server.snapshot.auto.trigger.threshold = 10000 (custom)
2019-11-15 20:17:58,224 [pool-189-thread-1] INFO  server.RaftServerConfigKeys (ConfUtils.java:logGet(43)) - raft.server.snapshot.retention.file.num = 5 (custom)
2019-11-15 20:17:58,224 [pool-189-thread-1] INFO  server.RaftServerConfigKeys (ConfUtils.java:logGet(43)) - raft.server.retrycache.expirytime = 600000ms (custom)
2019-11-15 20:17:58,224 [pool-189-thread-1] WARN  impl.MetricRegistriesImpl (MetricRegistriesImpl.java:lambda$create$1(61)) - First MetricRegistry has been created without registering reporters. You may need to call MetricRegistries.global().addReportRegistration(...) before.
2019-11-15 20:17:58,224 [pool-189-thread-1] WARN  impl.MetricRegistriesImpl (MetricRegistriesImpl.java:lambda$create$1(61)) - First MetricRegistry has been created without registering reporters. You may need to call MetricRegistries.global().addReportRegistration(...) before.
2019-11-15 20:17:58,224 [pool-189-thread-1] INFO  impl.RaftServerImpl (RaftServerImpl.java:start(184)) - c23f4e8b-a977-491c-8d15-b9b92ca8b7b3@group-375F3F399C5E: start as a follower, conf=-1: [c23f4e8b-a977-491c-8d15-b9b92ca8b7b3:192.168.69.94:37963], old=null
2019-11-15 20:17:58,224 [pool-189-thread-1] INFO  impl.RaftServerImpl (RaftServerImpl.java:setRole(173)) - c23f4e8b-a977-491c-8d15-b9b92ca8b7b3@group-375F3F399C5E: changes role from      null to FOLLOWER at term 0 for startAsFollower
2019-11-15 20:17:58,224 [pool-189-thread-1] INFO  impl.RoleInfo (RoleInfo.java:updateAndGet(143)) - c23f4e8b-a977-491c-8d15-b9b92ca8b7b3: start FollowerState
2019-11-15 20:17:58,225 [pool-189-thread-1] INFO  util.JmxRegister (JmxRegister.java:tryRegister(44)) - Successfully registered JMX Bean with object name Ratis:service=RaftServer,group=group-375F3F399C5E,id=c23f4e8b-a977-491c-8d15-b9b92ca8b7b3
2019-11-15 20:17:58,225 [pool-189-thread-1] WARN  impl.MetricRegistriesImpl (MetricRegistriesImpl.java:lambda$create$1(61)) - First MetricRegistry has been created without registering reporters. You may need to call MetricRegistries.global().addReportRegistration(...) before.
2019-11-15 20:17:58,227 [RatisPipelineUtilsThread] INFO  pipeline.PipelineStateManager (PipelineStateManager.java:addPipeline(55)) - Created pipeline Pipeline[ Id: 726c3570-b083-409d-88c0-375f3f399c5e, Nodes: c23f4e8b-a977-491c-8d15-b9b92ca8b7b3{ip: 192.168.69.94, host: pr-hdds-2517-immreturn-vbf9m-3344069096, networkLocation: /rack1, certSerialId: null}, Type:RATIS, Factor:ONE, State:ALLOCATED]
2019-11-15 20:17:58,234 [grpc-default-executor-4] INFO  impl.RaftServerProxy (RaftServerProxy.java:addNew(89)) - f5e6ed35-042e-40b5-afb2-c30172d49513: addNew group-83E190B3AA8E:[f5e6ed35-042e-40b5-afb2-c30172d49513:192.168.69.94:39593] returns group-83E190B3AA8E:java.util.concurrent.CompletableFuture@2e13bf65[Not completed]
2019-11-15 20:17:58,235 [IPC Server handler 5 on 39979] INFO  net.NetworkTopology (NetworkTopologyImpl.java:add(111)) - Added a new node: /rack1/96e7c94e-3c8d-4ea5-9d39-2046e661862c
2019-11-15 20:17:58,235 [IPC Server handler 5 on 39979] INFO  node.SCMNodeManager (SCMNodeManager.java:register(267)) - Registered Data node : 96e7c94e-3c8d-4ea5-9d39-2046e661862c{ip: 192.168.69.94, host: pr-hdds-2517-immreturn-vbf9m-3344069096, networkLocation: /rack1, certSerialId: null}
2019-11-15 20:17:58,235 [pool-179-thread-1] INFO  impl.RaftServerImpl (RaftServerImpl.java:<init>(98)) - f5e6ed35-042e-40b5-afb2-c30172d49513: new RaftServerImpl for group-83E190B3AA8E:[f5e6ed35-042e-40b5-afb2-c30172d49513:192.168.69.94:39593] with ContainerStateMachine:uninitialized
2019-11-15 20:17:58,236 [pool-179-thread-1] INFO  server.RaftServerConfigKeys (ConfUtils.java:logGet(43)) - raft.server.rpc.timeout.min = 1s (custom)
2019-11-15 20:17:58,236 [pool-179-thread-1] INFO  server.RaftServerConfigKeys (ConfUtils.java:logGet(43)) - raft.server.rpc.timeout.max = 1200ms (custom)
2019-11-15 20:17:58,236 [pool-179-thread-1] INFO  server.RaftServerConfigKeys (ConfUtils.java:logGet(43)) - raft.server.rpcslowness.timeout = 120s (custom)
2019-11-15 20:17:58,236 [pool-179-thread-1] INFO  server.RaftServerConfigKeys (ConfUtils.java:logGet(43)) - raft.server.sleep.deviation.threshold = 300 (default)
2019-11-15 20:17:58,236 [pool-179-thread-1] INFO  server.RaftServerConfigKeys (ConfUtils.java:logGet(43)) - raft.server.log.appender.install.snapshot.enabled = false (custom)
2019-11-15 20:17:58,236 [pool-179-thread-1] INFO  impl.RaftServerImpl (ServerState.java:<init>(103)) - f5e6ed35-042e-40b5-afb2-c30172d49513@group-83E190B3AA8E: ConfigurationManager, init=-1: [f5e6ed35-042e-40b5-afb2-c30172d49513:192.168.69.94:39593], old=null, confs=<EMPTY_MAP>
2019-11-15 20:17:58,236 [pool-179-thread-1] INFO  server.RaftServerConfigKeys (ConfUtils.java:logGet(43)) - raft.server.storage.dir = [/workdir/hadoop-ozone/integration-test/target/test-dir/MiniOzoneClusterImpl-cd14858e-7fd2-404c-93a1-487d1243ff76/datanode-3/data/ratis] (custom)
2019-11-15 20:17:58,236 [pool-179-thread-1] INFO  server.RaftServerConfigKeys (ConfUtils.java:logGet(43)) - raft.server.log.corruption.policy = EXCEPTION (default)
2019-11-15 20:17:58,237 [pool-179-thread-1] INFO  storage.RaftStorageDirectory (RaftStorageDirectory.java:analyzeStorage(246)) - The storage directory /workdir/hadoop-ozone/integration-test/target/test-dir/MiniOzoneClusterImpl-cd14858e-7fd2-404c-93a1-487d1243ff76/datanode-3/data/ratis/8b5aefa0-81c8-4f2f-a609-83e190b3aa8e does not exist. Creating ...
2019-11-15 20:17:58,260 [pool-179-thread-1] INFO  storage.RaftStorageDirectory (RaftStorageDirectory.java:tryLock(328)) - Lock on /workdir/hadoop-ozone/integration-test/target/test-dir/MiniOzoneClusterImpl-cd14858e-7fd2-404c-93a1-487d1243ff76/datanode-3/data/ratis/8b5aefa0-81c8-4f2f-a609-83e190b3aa8e/in_use.lock acquired by nodename 23188@pr-hdds-2517-immreturn-vbf9m-3344069096
2019-11-15 20:17:58,276 [pool-179-thread-1] INFO  storage.RaftStorage (RaftStorage.java:format(84)) - Storage directory /workdir/hadoop-ozone/integration-test/target/test-dir/MiniOzoneClusterImpl-cd14858e-7fd2-404c-93a1-487d1243ff76/datanode-3/data/ratis/8b5aefa0-81c8-4f2f-a609-83e190b3aa8e has been successfully formatted.
2019-11-15 20:17:58,278 [pool-179-thread-1] INFO  ratis.ContainerStateMachine (ContainerStateMachine.java:loadSnapshot(223)) - group-83E190B3AA8E: The snapshot info is null. Setting the last applied indexto:(t:0, i:~)
2019-11-15 20:17:58,278 [pool-179-thread-1] INFO  server.RaftServerConfigKeys (ConfUtils.java:logGet(43)) - raft.server.notification.no-leader.timeout = 120s (custom)
2019-11-15 20:17:58,278 [pool-179-thread-1] INFO  server.RaftServerConfigKeys (ConfUtils.java:logGet(43)) - raft.server.log.use.memory = false (default)
2019-11-15 20:17:58,278 [pool-179-thread-1] INFO  server.RaftServerConfigKeys (ConfUtils.java:logGet(43)) - raft.server.log.purge.gap = 1000000 (custom)
2019-11-15 20:17:58,278 [pool-179-thread-1] INFO  server.RaftServerConfigKeys (ConfUtils.java:logGet(43)) - raft.server.log.appender.buffer.byte-limit = 33554432 (custom)
2019-11-15 20:17:58,278 [pool-179-thread-1] INFO  server.RaftServerConfigKeys (ConfUtils.java:logGet(43)) - raft.server.log.segment.size.max = 1048576 (custom)
2019-11-15 20:17:58,279 [pool-179-thread-1] WARN  impl.MetricRegistriesImpl (MetricRegistriesImpl.java:lambda$create$1(61)) - First MetricRegistry has been created without registering reporters. You may need to call MetricRegistries.global().addReportRegistration(...) before.
2019-11-15 20:17:58,279 [pool-179-thread-1] INFO  server.RaftServerConfigKeys (ConfUtils.java:logGet(43)) - raft.server.log.segment.cache.num.max = 2 (custom)
2019-11-15 20:17:58,279 [pool-179-thread-1] INFO  segmented.SegmentedRaftLogWorker (SegmentedRaftLogWorker.java:<init>(173)) - new f5e6ed35-042e-40b5-afb2-c30172d49513@group-83E190B3AA8E-SegmentedRaftLogWorker for RaftStorage:Storage Directory /workdir/hadoop-ozone/integration-test/target/test-dir/MiniOzoneClusterImpl-cd14858e-7fd2-404c-93a1-487d1243ff76/datanode-3/data/ratis/8b5aefa0-81c8-4f2f-a609-83e190b3aa8e
2019-11-15 20:17:58,279 [pool-179-thread-1] INFO  server.RaftServerConfigKeys (ConfUtils.java:logGet(43)) - raft.server.log.queue.byte-limit = 2147483647 (custom)
2019-11-15 20:17:58,279 [pool-179-thread-1] INFO  server.RaftServerConfigKeys (ConfUtils.java:logGet(43)) - raft.server.log.queue.element-limit = 1024 (custom)
2019-11-15 20:17:58,279 [pool-179-thread-1] INFO  server.RaftServerConfigKeys (ConfUtils.java:logGet(43)) - raft.server.log.segment.size.max = 1048576 (custom)
2019-11-15 20:17:58,279 [pool-179-thread-1] INFO  server.RaftServerConfigKeys (ConfUtils.java:logGet(43)) - raft.server.log.preallocated.size = 16384 (custom)
2019-11-15 20:17:58,279 [pool-179-thread-1] INFO  server.RaftServerConfigKeys (ConfUtils.java:logGet(43)) - raft.server.log.write.buffer.size = 33554432 (custom)
2019-11-15 20:17:58,279 [pool-179-thread-1] INFO  server.RaftServerConfigKeys (ConfUtils.java:logGet(43)) - raft.server.log.force.sync.num = 128 (default)
2019-11-15 20:17:58,279 [pool-179-thread-1] INFO  server.RaftServerConfigKeys (ConfUtils.java:logGet(43)) - raft.server.log.statemachine.data.sync = true (default)
2019-11-15 20:17:58,280 [pool-179-thread-1] INFO  server.RaftServerConfigKeys (ConfUtils.java:logGet(43)) - raft.server.log.statemachine.data.sync.timeout = 10s (default)
2019-11-15 20:17:58,280 [pool-179-thread-1] INFO  server.RaftServerConfigKeys (ConfUtils.java:logGet(43)) - raft.server.log.statemachine.data.sync.timeout.retry = -1 (default)
2019-11-15 20:17:58,280 [pool-179-thread-1] INFO  server.RaftServerConfigKeys (ConfUtils.java:logGet(43)) - raft.server.log.statemachine.data.caching.enabled = true (custom)
2019-11-15 20:17:58,280 [pool-179-thread-1] INFO  segmented.SegmentedRaftLogWorker (SegmentedRaftLogWorker.java:lambda$new$0(128)) - f5e6ed35-042e-40b5-afb2-c30172d49513@group-83E190B3AA8E-SegmentedRaftLogWorker: flushIndex: setUnconditionally 0 -> -1
2019-11-15 20:17:58,280 [pool-179-thread-1] INFO  server.RaftServerConfigKeys (ConfUtils.java:logGet(43)) - raft.server.snapshot.auto.trigger.enabled = true (custom)
2019-11-15 20:17:58,280 [pool-179-thread-1] INFO  server.RaftServerConfigKeys (ConfUtils.java:logGet(43)) - raft.server.snapshot.auto.trigger.threshold = 10000 (custom)
2019-11-15 20:17:58,281 [pool-179-thread-1] INFO  server.RaftServerConfigKeys (ConfUtils.java:logGet(43)) - raft.server.snapshot.retention.file.num = 5 (custom)
2019-11-15 20:17:58,281 [pool-179-thread-1] INFO  server.RaftServerConfigKeys (ConfUtils.java:logGet(43)) - raft.server.retrycache.expirytime = 600000ms (custom)
2019-11-15 20:17:58,281 [pool-179-thread-1] WARN  impl.MetricRegistriesImpl (MetricRegistriesImpl.java:lambda$create$1(61)) - First MetricRegistry has been created without registering reporters. You may need to call MetricRegistries.global().addReportRegistration(...) before.
2019-11-15 20:17:58,282 [pool-179-thread-1] WARN  impl.MetricRegistriesImpl (MetricRegistriesImpl.java:lambda$create$1(61)) - First MetricRegistry has been created without registering reporters. You may need to call MetricRegistries.global().addReportRegistration(...) before.
2019-11-15 20:17:58,283 [pool-179-thread-1] INFO  impl.RaftServerImpl (RaftServerImpl.java:start(184)) - f5e6ed35-042e-40b5-afb2-c30172d49513@group-83E190B3AA8E: start as a follower, conf=-1: [f5e6ed35-042e-40b5-afb2-c30172d49513:192.168.69.94:39593], old=null
2019-11-15 20:17:58,284 [pool-179-thread-1] INFO  impl.RaftServerImpl (RaftServerImpl.java:setRole(173)) - f5e6ed35-042e-40b5-afb2-c30172d49513@group-83E190B3AA8E: changes role from      null to FOLLOWER at term 0 for startAsFollower
2019-11-15 20:17:58,285 [pool-179-thread-1] INFO  impl.RoleInfo (RoleInfo.java:updateAndGet(143)) - f5e6ed35-042e-40b5-afb2-c30172d49513: start FollowerState
2019-11-15 20:17:58,289 [pool-179-thread-1] INFO  util.JmxRegister (JmxRegister.java:tryRegister(44)) - Successfully registered JMX Bean with object name Ratis:service=RaftServer,group=group-83E190B3AA8E,id=f5e6ed35-042e-40b5-afb2-c30172d49513
2019-11-15 20:17:58,291 [pool-179-thread-1] WARN  impl.MetricRegistriesImpl (MetricRegistriesImpl.java:lambda$create$1(61)) - First MetricRegistry has been created without registering reporters. You may need to call MetricRegistries.global().addReportRegistration(...) before.
2019-11-15 20:17:58,297 [RatisPipelineUtilsThread] INFO  pipeline.PipelineStateManager (PipelineStateManager.java:addPipeline(55)) - Created pipeline Pipeline[ Id: 8b5aefa0-81c8-4f2f-a609-83e190b3aa8e, Nodes: f5e6ed35-042e-40b5-afb2-c30172d49513{ip: 192.168.69.94, host: pr-hdds-2517-immreturn-vbf9m-3344069096, networkLocation: /rack1, certSerialId: null}, Type:RATIS, Factor:ONE, State:ALLOCATED]
2019-11-15 20:17:58,303 [grpc-default-executor-4] INFO  impl.RaftServerProxy (RaftServerProxy.java:addNew(89)) - 96e7c94e-3c8d-4ea5-9d39-2046e661862c: addNew group-1B95EFD55CBA:[96e7c94e-3c8d-4ea5-9d39-2046e661862c:192.168.69.94:44753] returns group-1B95EFD55CBA:java.util.concurrent.CompletableFuture@61bf1426[Not completed]
2019-11-15 20:17:58,304 [pool-199-thread-1] INFO  impl.RaftServerImpl (RaftServerImpl.java:<init>(98)) - 96e7c94e-3c8d-4ea5-9d39-2046e661862c: new RaftServerImpl for group-1B95EFD55CBA:[96e7c94e-3c8d-4ea5-9d39-2046e661862c:192.168.69.94:44753] with ContainerStateMachine:uninitialized
2019-11-15 20:17:58,304 [pool-199-thread-1] INFO  server.RaftServerConfigKeys (ConfUtils.java:logGet(43)) - raft.server.rpc.timeout.min = 1s (custom)
2019-11-15 20:17:58,304 [pool-199-thread-1] INFO  server.RaftServerConfigKeys (ConfUtils.java:logGet(43)) - raft.server.rpc.timeout.max = 1200ms (custom)
2019-11-15 20:17:58,304 [pool-199-thread-1] INFO  server.RaftServerConfigKeys (ConfUtils.java:logGet(43)) - raft.server.rpcslowness.timeout = 120s (custom)
2019-11-15 20:17:58,304 [pool-199-thread-1] INFO  server.RaftServerConfigKeys (ConfUtils.java:logGet(43)) - raft.server.sleep.deviation.threshold = 300 (default)
2019-11-15 20:17:58,305 [pool-199-thread-1] INFO  server.RaftServerConfigKeys (ConfUtils.java:logGet(43)) - raft.server.log.appender.install.snapshot.enabled = false (custom)
2019-11-15 20:17:58,305 [pool-199-thread-1] INFO  impl.RaftServerImpl (ServerState.java:<init>(103)) - 96e7c94e-3c8d-4ea5-9d39-2046e661862c@group-1B95EFD55CBA: ConfigurationManager, init=-1: [96e7c94e-3c8d-4ea5-9d39-2046e661862c:192.168.69.94:44753], old=null, confs=<EMPTY_MAP>
2019-11-15 20:17:58,305 [pool-199-thread-1] INFO  server.RaftServerConfigKeys (ConfUtils.java:logGet(43)) - raft.server.storage.dir = [/workdir/hadoop-ozone/integration-test/target/test-dir/MiniOzoneClusterImpl-cd14858e-7fd2-404c-93a1-487d1243ff76/datanode-5/data/ratis] (custom)
2019-11-15 20:17:58,305 [pool-199-thread-1] INFO  server.RaftServerConfigKeys (ConfUtils.java:logGet(43)) - raft.server.log.corruption.policy = EXCEPTION (default)
2019-11-15 20:17:58,305 [pool-199-thread-1] INFO  storage.RaftStorageDirectory (RaftStorageDirectory.java:analyzeStorage(246)) - The storage directory /workdir/hadoop-ozone/integration-test/target/test-dir/MiniOzoneClusterImpl-cd14858e-7fd2-404c-93a1-487d1243ff76/datanode-5/data/ratis/8718d1fe-fc22-4463-ae56-1b95efd55cba does not exist. Creating ...
2019-11-15 20:17:58,311 [IPC Server handler 6 on 39979] INFO  net.NetworkTopology (NetworkTopologyImpl.java:add(111)) - Added a new node: /rack1/d88ca459-20d2-4f21-a4b7-d806c7c265fd
2019-11-15 20:17:58,311 [IPC Server handler 6 on 39979] INFO  node.SCMNodeManager (SCMNodeManager.java:register(267)) - Registered Data node : d88ca459-20d2-4f21-a4b7-d806c7c265fd{ip: 192.168.69.94, host: pr-hdds-2517-immreturn-vbf9m-3344069096, networkLocation: /rack1, certSerialId: null}
2019-11-15 20:17:58,328 [pool-199-thread-1] INFO  storage.RaftStorageDirectory (RaftStorageDirectory.java:tryLock(328)) - Lock on /workdir/hadoop-ozone/integration-test/target/test-dir/MiniOzoneClusterImpl-cd14858e-7fd2-404c-93a1-487d1243ff76/datanode-5/data/ratis/8718d1fe-fc22-4463-ae56-1b95efd55cba/in_use.lock acquired by nodename 23188@pr-hdds-2517-immreturn-vbf9m-3344069096
2019-11-15 20:17:58,342 [pool-199-thread-1] INFO  storage.RaftStorage (RaftStorage.java:format(84)) - Storage directory /workdir/hadoop-ozone/integration-test/target/test-dir/MiniOzoneClusterImpl-cd14858e-7fd2-404c-93a1-487d1243ff76/datanode-5/data/ratis/8718d1fe-fc22-4463-ae56-1b95efd55cba has been successfully formatted.
2019-11-15 20:17:58,342 [pool-199-thread-1] INFO  ratis.ContainerStateMachine (ContainerStateMachine.java:loadSnapshot(223)) - group-1B95EFD55CBA: The snapshot info is null. Setting the last applied indexto:(t:0, i:~)
2019-11-15 20:17:58,342 [pool-199-thread-1] INFO  server.RaftServerConfigKeys (ConfUtils.java:logGet(43)) - raft.server.notification.no-leader.timeout = 120s (custom)
2019-11-15 20:17:58,342 [pool-199-thread-1] INFO  server.RaftServerConfigKeys (ConfUtils.java:logGet(43)) - raft.server.log.use.memory = false (default)
2019-11-15 20:17:58,342 [pool-199-thread-1] INFO  server.RaftServerConfigKeys (ConfUtils.java:logGet(43)) - raft.server.log.purge.gap = 1000000 (custom)
2019-11-15 20:17:58,342 [pool-199-thread-1] INFO  server.RaftServerConfigKeys (ConfUtils.java:logGet(43)) - raft.server.log.appender.buffer.byte-limit = 33554432 (custom)
2019-11-15 20:17:58,342 [pool-199-thread-1] INFO  server.RaftServerConfigKeys (ConfUtils.java:logGet(43)) - raft.server.log.segment.size.max = 1048576 (custom)
2019-11-15 20:17:58,342 [pool-199-thread-1] WARN  impl.MetricRegistriesImpl (MetricRegistriesImpl.java:lambda$create$1(61)) - First MetricRegistry has been created without registering reporters. You may need to call MetricRegistries.global().addReportRegistration(...) before.
2019-11-15 20:17:58,343 [pool-199-thread-1] INFO  server.RaftServerConfigKeys (ConfUtils.java:logGet(43)) - raft.server.log.segment.cache.num.max = 2 (custom)
2019-11-15 20:17:58,343 [pool-199-thread-1] INFO  segmented.SegmentedRaftLogWorker (SegmentedRaftLogWorker.java:<init>(173)) - new 96e7c94e-3c8d-4ea5-9d39-2046e661862c@group-1B95EFD55CBA-SegmentedRaftLogWorker for RaftStorage:Storage Directory /workdir/hadoop-ozone/integration-test/target/test-dir/MiniOzoneClusterImpl-cd14858e-7fd2-404c-93a1-487d1243ff76/datanode-5/data/ratis/8718d1fe-fc22-4463-ae56-1b95efd55cba
2019-11-15 20:17:58,343 [pool-199-thread-1] INFO  server.RaftServerConfigKeys (ConfUtils.java:logGet(43)) - raft.server.log.queue.byte-limit = 2147483647 (custom)
2019-11-15 20:17:58,343 [pool-199-thread-1] INFO  server.RaftServerConfigKeys (ConfUtils.java:logGet(43)) - raft.server.log.queue.element-limit = 1024 (custom)
2019-11-15 20:17:58,343 [pool-199-thread-1] INFO  server.RaftServerConfigKeys (ConfUtils.java:logGet(43)) - raft.server.log.segment.size.max = 1048576 (custom)
2019-11-15 20:17:58,343 [pool-199-thread-1] INFO  server.RaftServerConfigKeys (ConfUtils.java:logGet(43)) - raft.server.log.preallocated.size = 16384 (custom)
2019-11-15 20:17:58,343 [pool-199-thread-1] INFO  server.RaftServerConfigKeys (ConfUtils.java:logGet(43)) - raft.server.log.write.buffer.size = 33554432 (custom)
2019-11-15 20:17:58,343 [pool-199-thread-1] INFO  server.RaftServerConfigKeys (ConfUtils.java:logGet(43)) - raft.server.log.force.sync.num = 128 (default)
2019-11-15 20:17:58,343 [pool-199-thread-1] INFO  server.RaftServerConfigKeys (ConfUtils.java:logGet(43)) - raft.server.log.statemachine.data.sync = true (default)
2019-11-15 20:17:58,343 [pool-199-thread-1] INFO  server.RaftServerConfigKeys (ConfUtils.java:logGet(43)) - raft.server.log.statemachine.data.sync.timeout = 10s (default)
2019-11-15 20:17:58,344 [pool-199-thread-1] INFO  server.RaftServerConfigKeys (ConfUtils.java:logGet(43)) - raft.server.log.statemachine.data.sync.timeout.retry = -1 (default)
2019-11-15 20:17:58,344 [pool-199-thread-1] INFO  server.RaftServerConfigKeys (ConfUtils.java:logGet(43)) - raft.server.log.statemachine.data.caching.enabled = true (custom)
2019-11-15 20:17:58,344 [pool-199-thread-1] INFO  segmented.SegmentedRaftLogWorker (SegmentedRaftLogWorker.java:lambda$new$0(128)) - 96e7c94e-3c8d-4ea5-9d39-2046e661862c@group-1B95EFD55CBA-SegmentedRaftLogWorker: flushIndex: setUnconditionally 0 -> -1
2019-11-15 20:17:58,344 [pool-199-thread-1] INFO  server.RaftServerConfigKeys (ConfUtils.java:logGet(43)) - raft.server.snapshot.auto.trigger.enabled = true (custom)
2019-11-15 20:17:58,344 [pool-199-thread-1] INFO  server.RaftServerConfigKeys (ConfUtils.java:logGet(43)) - raft.server.snapshot.auto.trigger.threshold = 10000 (custom)
2019-11-15 20:17:58,344 [pool-199-thread-1] INFO  server.RaftServerConfigKeys (ConfUtils.java:logGet(43)) - raft.server.snapshot.retention.file.num = 5 (custom)
2019-11-15 20:17:58,344 [pool-199-thread-1] INFO  server.RaftServerConfigKeys (ConfUtils.java:logGet(43)) - raft.server.retrycache.expirytime = 600000ms (custom)
2019-11-15 20:17:58,345 [pool-199-thread-1] WARN  impl.MetricRegistriesImpl (MetricRegistriesImpl.java:lambda$create$1(61)) - First MetricRegistry has been created without registering reporters. You may need to call MetricRegistries.global().addReportRegistration(...) before.
2019-11-15 20:17:58,345 [pool-199-thread-1] WARN  impl.MetricRegistriesImpl (MetricRegistriesImpl.java:lambda$create$1(61)) - First MetricRegistry has been created without registering reporters. You may need to call MetricRegistries.global().addReportRegistration(...) before.
2019-11-15 20:17:58,345 [pool-199-thread-1] INFO  impl.RaftServerImpl (RaftServerImpl.java:start(184)) - 96e7c94e-3c8d-4ea5-9d39-2046e661862c@group-1B95EFD55CBA: start as a follower, conf=-1: [96e7c94e-3c8d-4ea5-9d39-2046e661862c:192.168.69.94:44753], old=null
2019-11-15 20:17:58,345 [pool-199-thread-1] INFO  impl.RaftServerImpl (RaftServerImpl.java:setRole(173)) - 96e7c94e-3c8d-4ea5-9d39-2046e661862c@group-1B95EFD55CBA: changes role from      null to FOLLOWER at term 0 for startAsFollower
2019-11-15 20:17:58,345 [pool-199-thread-1] INFO  impl.RoleInfo (RoleInfo.java:updateAndGet(143)) - 96e7c94e-3c8d-4ea5-9d39-2046e661862c: start FollowerState
2019-11-15 20:17:58,345 [pool-199-thread-1] INFO  util.JmxRegister (JmxRegister.java:tryRegister(44)) - Successfully registered JMX Bean with object name Ratis:service=RaftServer,group=group-1B95EFD55CBA,id=96e7c94e-3c8d-4ea5-9d39-2046e661862c
2019-11-15 20:17:58,346 [pool-199-thread-1] WARN  impl.MetricRegistriesImpl (MetricRegistriesImpl.java:lambda$create$1(61)) - First MetricRegistry has been created without registering reporters. You may need to call MetricRegistries.global().addReportRegistration(...) before.
2019-11-15 20:17:58,348 [RatisPipelineUtilsThread] INFO  pipeline.PipelineStateManager (PipelineStateManager.java:addPipeline(55)) - Created pipeline Pipeline[ Id: 8718d1fe-fc22-4463-ae56-1b95efd55cba, Nodes: 96e7c94e-3c8d-4ea5-9d39-2046e661862c{ip: 192.168.69.94, host: pr-hdds-2517-immreturn-vbf9m-3344069096, networkLocation: /rack1, certSerialId: null}, Type:RATIS, Factor:ONE, State:ALLOCATED]
2019-11-15 20:17:58,354 [grpc-default-executor-4] INFO  impl.RaftServerProxy (RaftServerProxy.java:addNew(89)) - d88ca459-20d2-4f21-a4b7-d806c7c265fd: addNew group-599B3920551E:[d88ca459-20d2-4f21-a4b7-d806c7c265fd:192.168.69.94:38325] returns group-599B3920551E:java.util.concurrent.CompletableFuture@7cc7c0ce[Not completed]
2019-11-15 20:17:58,355 [pool-209-thread-1] INFO  impl.RaftServerImpl (RaftServerImpl.java:<init>(98)) - d88ca459-20d2-4f21-a4b7-d806c7c265fd: new RaftServerImpl for group-599B3920551E:[d88ca459-20d2-4f21-a4b7-d806c7c265fd:192.168.69.94:38325] with ContainerStateMachine:uninitialized
2019-11-15 20:17:58,355 [pool-209-thread-1] INFO  server.RaftServerConfigKeys (ConfUtils.java:logGet(43)) - raft.server.rpc.timeout.min = 1s (custom)
2019-11-15 20:17:58,355 [pool-209-thread-1] INFO  server.RaftServerConfigKeys (ConfUtils.java:logGet(43)) - raft.server.rpc.timeout.max = 1200ms (custom)
2019-11-15 20:17:58,355 [pool-209-thread-1] INFO  server.RaftServerConfigKeys (ConfUtils.java:logGet(43)) - raft.server.rpcslowness.timeout = 120s (custom)
2019-11-15 20:17:58,356 [pool-209-thread-1] INFO  server.RaftServerConfigKeys (ConfUtils.java:logGet(43)) - raft.server.sleep.deviation.threshold = 300 (default)
2019-11-15 20:17:58,356 [pool-209-thread-1] INFO  server.RaftServerConfigKeys (ConfUtils.java:logGet(43)) - raft.server.log.appender.install.snapshot.enabled = false (custom)
2019-11-15 20:17:58,356 [pool-209-thread-1] INFO  impl.RaftServerImpl (ServerState.java:<init>(103)) - d88ca459-20d2-4f21-a4b7-d806c7c265fd@group-599B3920551E: ConfigurationManager, init=-1: [d88ca459-20d2-4f21-a4b7-d806c7c265fd:192.168.69.94:38325], old=null, confs=<EMPTY_MAP>
2019-11-15 20:17:58,356 [pool-209-thread-1] INFO  server.RaftServerConfigKeys (ConfUtils.java:logGet(43)) - raft.server.storage.dir = [/workdir/hadoop-ozone/integration-test/target/test-dir/MiniOzoneClusterImpl-cd14858e-7fd2-404c-93a1-487d1243ff76/datanode-6/data/ratis] (custom)
2019-11-15 20:17:58,356 [pool-209-thread-1] INFO  server.RaftServerConfigKeys (ConfUtils.java:logGet(43)) - raft.server.log.corruption.policy = EXCEPTION (default)
2019-11-15 20:17:58,356 [pool-209-thread-1] INFO  storage.RaftStorageDirectory (RaftStorageDirectory.java:analyzeStorage(246)) - The storage directory /workdir/hadoop-ozone/integration-test/target/test-dir/MiniOzoneClusterImpl-cd14858e-7fd2-404c-93a1-487d1243ff76/datanode-6/data/ratis/07e7c294-202f-4b49-8685-599b3920551e does not exist. Creating ...
2019-11-15 20:17:58,379 [IPC Server handler 7 on 39979] INFO  net.NetworkTopology (NetworkTopologyImpl.java:add(111)) - Added a new node: /rack1/290dafba-a54e-4701-973a-40c4cf36477d
2019-11-15 20:17:58,379 [IPC Server handler 7 on 39979] INFO  node.SCMNodeManager (SCMNodeManager.java:register(267)) - Registered Data node : 290dafba-a54e-4701-973a-40c4cf36477d{ip: 192.168.69.94, host: pr-hdds-2517-immreturn-vbf9m-3344069096, networkLocation: /rack1, certSerialId: null}
2019-11-15 20:17:58,379 [pool-209-thread-1] INFO  storage.RaftStorageDirectory (RaftStorageDirectory.java:tryLock(328)) - Lock on /workdir/hadoop-ozone/integration-test/target/test-dir/MiniOzoneClusterImpl-cd14858e-7fd2-404c-93a1-487d1243ff76/datanode-6/data/ratis/07e7c294-202f-4b49-8685-599b3920551e/in_use.lock acquired by nodename 23188@pr-hdds-2517-immreturn-vbf9m-3344069096
2019-11-15 20:17:58,402 [pool-209-thread-1] INFO  storage.RaftStorage (RaftStorage.java:format(84)) - Storage directory /workdir/hadoop-ozone/integration-test/target/test-dir/MiniOzoneClusterImpl-cd14858e-7fd2-404c-93a1-487d1243ff76/datanode-6/data/ratis/07e7c294-202f-4b49-8685-599b3920551e has been successfully formatted.
2019-11-15 20:17:58,402 [pool-209-thread-1] INFO  ratis.ContainerStateMachine (ContainerStateMachine.java:loadSnapshot(223)) - group-599B3920551E: The snapshot info is null. Setting the last applied indexto:(t:0, i:~)
2019-11-15 20:17:58,402 [pool-209-thread-1] INFO  server.RaftServerConfigKeys (ConfUtils.java:logGet(43)) - raft.server.notification.no-leader.timeout = 120s (custom)
2019-11-15 20:17:58,402 [pool-209-thread-1] INFO  server.RaftServerConfigKeys (ConfUtils.java:logGet(43)) - raft.server.log.use.memory = false (default)
2019-11-15 20:17:58,403 [pool-209-thread-1] INFO  server.RaftServerConfigKeys (ConfUtils.java:logGet(43)) - raft.server.log.purge.gap = 1000000 (custom)
2019-11-15 20:17:58,403 [pool-209-thread-1] INFO  server.RaftServerConfigKeys (ConfUtils.java:logGet(43)) - raft.server.log.appender.buffer.byte-limit = 33554432 (custom)
2019-11-15 20:17:58,403 [pool-209-thread-1] INFO  server.RaftServerConfigKeys (ConfUtils.java:logGet(43)) - raft.server.log.segment.size.max = 1048576 (custom)
2019-11-15 20:17:58,403 [pool-209-thread-1] WARN  impl.MetricRegistriesImpl (MetricRegistriesImpl.java:lambda$create$1(61)) - First MetricRegistry has been created without registering reporters. You may need to call MetricRegistries.global().addReportRegistration(...) before.
2019-11-15 20:17:58,403 [pool-209-thread-1] INFO  server.RaftServerConfigKeys (ConfUtils.java:logGet(43)) - raft.server.log.segment.cache.num.max = 2 (custom)
2019-11-15 20:17:58,403 [pool-209-thread-1] INFO  segmented.SegmentedRaftLogWorker (SegmentedRaftLogWorker.java:<init>(173)) - new d88ca459-20d2-4f21-a4b7-d806c7c265fd@group-599B3920551E-SegmentedRaftLogWorker for RaftStorage:Storage Directory /workdir/hadoop-ozone/integration-test/target/test-dir/MiniOzoneClusterImpl-cd14858e-7fd2-404c-93a1-487d1243ff76/datanode-6/data/ratis/07e7c294-202f-4b49-8685-599b3920551e
2019-11-15 20:17:58,403 [pool-209-thread-1] INFO  server.RaftServerConfigKeys (ConfUtils.java:logGet(43)) - raft.server.log.queue.byte-limit = 2147483647 (custom)
2019-11-15 20:17:58,403 [pool-209-thread-1] INFO  server.RaftServerConfigKeys (ConfUtils.java:logGet(43)) - raft.server.log.queue.element-limit = 1024 (custom)
2019-11-15 20:17:58,403 [pool-209-thread-1] INFO  server.RaftServerConfigKeys (ConfUtils.java:logGet(43)) - raft.server.log.segment.size.max = 1048576 (custom)
2019-11-15 20:17:58,403 [pool-209-thread-1] INFO  server.RaftServerConfigKeys (ConfUtils.java:logGet(43)) - raft.server.log.preallocated.size = 16384 (custom)
2019-11-15 20:17:58,403 [pool-209-thread-1] INFO  server.RaftServerConfigKeys (ConfUtils.java:logGet(43)) - raft.server.log.write.buffer.size = 33554432 (custom)
2019-11-15 20:17:58,404 [pool-209-thread-1] INFO  server.RaftServerConfigKeys (ConfUtils.java:logGet(43)) - raft.server.log.force.sync.num = 128 (default)
2019-11-15 20:17:58,404 [pool-209-thread-1] INFO  server.RaftServerConfigKeys (ConfUtils.java:logGet(43)) - raft.server.log.statemachine.data.sync = true (default)
2019-11-15 20:17:58,404 [pool-209-thread-1] INFO  server.RaftServerConfigKeys (ConfUtils.java:logGet(43)) - raft.server.log.statemachine.data.sync.timeout = 10s (default)
2019-11-15 20:17:58,404 [pool-209-thread-1] INFO  server.RaftServerConfigKeys (ConfUtils.java:logGet(43)) - raft.server.log.statemachine.data.sync.timeout.retry = -1 (default)
2019-11-15 20:17:58,404 [pool-209-thread-1] INFO  server.RaftServerConfigKeys (ConfUtils.java:logGet(43)) - raft.server.log.statemachine.data.caching.enabled = true (custom)
2019-11-15 20:17:58,404 [pool-209-thread-1] INFO  segmented.SegmentedRaftLogWorker (SegmentedRaftLogWorker.java:lambda$new$0(128)) - d88ca459-20d2-4f21-a4b7-d806c7c265fd@group-599B3920551E-SegmentedRaftLogWorker: flushIndex: setUnconditionally 0 -> -1
2019-11-15 20:17:58,405 [pool-209-thread-1] INFO  server.RaftServerConfigKeys (ConfUtils.java:logGet(43)) - raft.server.snapshot.auto.trigger.enabled = true (custom)
2019-11-15 20:17:58,405 [pool-209-thread-1] INFO  server.RaftServerConfigKeys (ConfUtils.java:logGet(43)) - raft.server.snapshot.auto.trigger.threshold = 10000 (custom)
2019-11-15 20:17:58,405 [pool-209-thread-1] INFO  server.RaftServerConfigKeys (ConfUtils.java:logGet(43)) - raft.server.snapshot.retention.file.num = 5 (custom)
2019-11-15 20:17:58,405 [pool-209-thread-1] INFO  server.RaftServerConfigKeys (ConfUtils.java:logGet(43)) - raft.server.retrycache.expirytime = 600000ms (custom)
2019-11-15 20:17:58,405 [pool-209-thread-1] WARN  impl.MetricRegistriesImpl (MetricRegistriesImpl.java:lambda$create$1(61)) - First MetricRegistry has been created without registering reporters. You may need to call MetricRegistries.global().addReportRegistration(...) before.
2019-11-15 20:17:58,405 [pool-209-thread-1] WARN  impl.MetricRegistriesImpl (MetricRegistriesImpl.java:lambda$create$1(61)) - First MetricRegistry has been created without registering reporters. You may need to call MetricRegistries.global().addReportRegistration(...) before.
2019-11-15 20:17:58,405 [pool-209-thread-1] INFO  impl.RaftServerImpl (RaftServerImpl.java:start(184)) - d88ca459-20d2-4f21-a4b7-d806c7c265fd@group-599B3920551E: start as a follower, conf=-1: [d88ca459-20d2-4f21-a4b7-d806c7c265fd:192.168.69.94:38325], old=null
2019-11-15 20:17:58,405 [pool-209-thread-1] INFO  impl.RaftServerImpl (RaftServerImpl.java:setRole(173)) - d88ca459-20d2-4f21-a4b7-d806c7c265fd@group-599B3920551E: changes role from      null to FOLLOWER at term 0 for startAsFollower
2019-11-15 20:17:58,405 [pool-209-thread-1] INFO  impl.RoleInfo (RoleInfo.java:updateAndGet(143)) - d88ca459-20d2-4f21-a4b7-d806c7c265fd: start FollowerState
2019-11-15 20:17:58,406 [pool-209-thread-1] INFO  util.JmxRegister (JmxRegister.java:tryRegister(44)) - Successfully registered JMX Bean with object name Ratis:service=RaftServer,group=group-599B3920551E,id=d88ca459-20d2-4f21-a4b7-d806c7c265fd
2019-11-15 20:17:58,406 [pool-209-thread-1] WARN  impl.MetricRegistriesImpl (MetricRegistriesImpl.java:lambda$create$1(61)) - First MetricRegistry has been created without registering reporters. You may need to call MetricRegistries.global().addReportRegistration(...) before.
2019-11-15 20:17:58,408 [RatisPipelineUtilsThread] INFO  pipeline.PipelineStateManager (PipelineStateManager.java:addPipeline(55)) - Created pipeline Pipeline[ Id: 07e7c294-202f-4b49-8685-599b3920551e, Nodes: d88ca459-20d2-4f21-a4b7-d806c7c265fd{ip: 192.168.69.94, host: pr-hdds-2517-immreturn-vbf9m-3344069096, networkLocation: /rack1, certSerialId: null}, Type:RATIS, Factor:ONE, State:ALLOCATED]
2019-11-15 20:17:58,414 [grpc-default-executor-4] INFO  impl.RaftServerProxy (RaftServerProxy.java:addNew(89)) - 290dafba-a54e-4701-973a-40c4cf36477d: addNew group-28552A7D393C:[290dafba-a54e-4701-973a-40c4cf36477d:192.168.69.94:33749] returns group-28552A7D393C:java.util.concurrent.CompletableFuture@4a24b352[Not completed]
2019-11-15 20:17:58,415 [pool-219-thread-1] INFO  impl.RaftServerImpl (RaftServerImpl.java:<init>(98)) - 290dafba-a54e-4701-973a-40c4cf36477d: new RaftServerImpl for group-28552A7D393C:[290dafba-a54e-4701-973a-40c4cf36477d:192.168.69.94:33749] with ContainerStateMachine:uninitialized
2019-11-15 20:17:58,415 [pool-219-thread-1] INFO  server.RaftServerConfigKeys (ConfUtils.java:logGet(43)) - raft.server.rpc.timeout.min = 1s (custom)
2019-11-15 20:17:58,415 [pool-219-thread-1] INFO  server.RaftServerConfigKeys (ConfUtils.java:logGet(43)) - raft.server.rpc.timeout.max = 1200ms (custom)
2019-11-15 20:17:58,415 [pool-219-thread-1] INFO  server.RaftServerConfigKeys (ConfUtils.java:logGet(43)) - raft.server.rpcslowness.timeout = 120s (custom)
2019-11-15 20:17:58,416 [pool-219-thread-1] INFO  server.RaftServerConfigKeys (ConfUtils.java:logGet(43)) - raft.server.sleep.deviation.threshold = 300 (default)
2019-11-15 20:17:58,416 [pool-219-thread-1] INFO  server.RaftServerConfigKeys (ConfUtils.java:logGet(43)) - raft.server.log.appender.install.snapshot.enabled = false (custom)
2019-11-15 20:17:58,416 [pool-219-thread-1] INFO  impl.RaftServerImpl (ServerState.java:<init>(103)) - 290dafba-a54e-4701-973a-40c4cf36477d@group-28552A7D393C: ConfigurationManager, init=-1: [290dafba-a54e-4701-973a-40c4cf36477d:192.168.69.94:33749], old=null, confs=<EMPTY_MAP>
2019-11-15 20:17:58,416 [pool-219-thread-1] INFO  server.RaftServerConfigKeys (ConfUtils.java:logGet(43)) - raft.server.storage.dir = [/workdir/hadoop-ozone/integration-test/target/test-dir/MiniOzoneClusterImpl-cd14858e-7fd2-404c-93a1-487d1243ff76/datanode-7/data/ratis] (custom)
2019-11-15 20:17:58,416 [pool-219-thread-1] INFO  server.RaftServerConfigKeys (ConfUtils.java:logGet(43)) - raft.server.log.corruption.policy = EXCEPTION (default)
2019-11-15 20:17:58,416 [pool-219-thread-1] INFO  storage.RaftStorageDirectory (RaftStorageDirectory.java:analyzeStorage(246)) - The storage directory /workdir/hadoop-ozone/integration-test/target/test-dir/MiniOzoneClusterImpl-cd14858e-7fd2-404c-93a1-487d1243ff76/datanode-7/data/ratis/05fe78c1-8f74-46a9-956a-28552a7d393c does not exist. Creating ...
2019-11-15 20:17:58,439 [pool-219-thread-1] INFO  storage.RaftStorageDirectory (RaftStorageDirectory.java:tryLock(328)) - Lock on /workdir/hadoop-ozone/integration-test/target/test-dir/MiniOzoneClusterImpl-cd14858e-7fd2-404c-93a1-487d1243ff76/datanode-7/data/ratis/05fe78c1-8f74-46a9-956a-28552a7d393c/in_use.lock acquired by nodename 23188@pr-hdds-2517-immreturn-vbf9m-3344069096
2019-11-15 20:17:58,447 [IPC Server handler 8 on 39979] INFO  net.NetworkTopology (NetworkTopologyImpl.java:add(111)) - Added a new node: /rack1/8ea95c1a-a940-4392-ad76-d729a81e9d62
2019-11-15 20:17:58,447 [IPC Server handler 8 on 39979] INFO  node.SCMNodeManager (SCMNodeManager.java:register(267)) - Registered Data node : 8ea95c1a-a940-4392-ad76-d729a81e9d62{ip: 192.168.69.94, host: pr-hdds-2517-immreturn-vbf9m-3344069096, networkLocation: /rack1, certSerialId: null}
2019-11-15 20:17:58,461 [pool-219-thread-1] INFO  storage.RaftStorage (RaftStorage.java:format(84)) - Storage directory /workdir/hadoop-ozone/integration-test/target/test-dir/MiniOzoneClusterImpl-cd14858e-7fd2-404c-93a1-487d1243ff76/datanode-7/data/ratis/05fe78c1-8f74-46a9-956a-28552a7d393c has been successfully formatted.
2019-11-15 20:17:58,462 [pool-219-thread-1] INFO  ratis.ContainerStateMachine (ContainerStateMachine.java:loadSnapshot(223)) - group-28552A7D393C: The snapshot info is null. Setting the last applied indexto:(t:0, i:~)
2019-11-15 20:17:58,462 [pool-219-thread-1] INFO  server.RaftServerConfigKeys (ConfUtils.java:logGet(43)) - raft.server.notification.no-leader.timeout = 120s (custom)
2019-11-15 20:17:58,462 [pool-219-thread-1] INFO  server.RaftServerConfigKeys (ConfUtils.java:logGet(43)) - raft.server.log.use.memory = false (default)
2019-11-15 20:17:58,462 [pool-219-thread-1] INFO  server.RaftServerConfigKeys (ConfUtils.java:logGet(43)) - raft.server.log.purge.gap = 1000000 (custom)
2019-11-15 20:17:58,462 [pool-219-thread-1] INFO  server.RaftServerConfigKeys (ConfUtils.java:logGet(43)) - raft.server.log.appender.buffer.byte-limit = 33554432 (custom)
2019-11-15 20:17:58,462 [pool-219-thread-1] INFO  server.RaftServerConfigKeys (ConfUtils.java:logGet(43)) - raft.server.log.segment.size.max = 1048576 (custom)
2019-11-15 20:17:58,462 [pool-219-thread-1] WARN  impl.MetricRegistriesImpl (MetricRegistriesImpl.java:lambda$create$1(61)) - First MetricRegistry has been created without registering reporters. You may need to call MetricRegistries.global().addReportRegistration(...) before.
2019-11-15 20:17:58,462 [pool-219-thread-1] INFO  server.RaftServerConfigKeys (ConfUtils.java:logGet(43)) - raft.server.log.segment.cache.num.max = 2 (custom)
2019-11-15 20:17:58,462 [pool-219-thread-1] INFO  segmented.SegmentedRaftLogWorker (SegmentedRaftLogWorker.java:<init>(173)) - new 290dafba-a54e-4701-973a-40c4cf36477d@group-28552A7D393C-SegmentedRaftLogWorker for RaftStorage:Storage Directory /workdir/hadoop-ozone/integration-test/target/test-dir/MiniOzoneClusterImpl-cd14858e-7fd2-404c-93a1-487d1243ff76/datanode-7/data/ratis/05fe78c1-8f74-46a9-956a-28552a7d393c
2019-11-15 20:17:58,463 [pool-219-thread-1] INFO  server.RaftServerConfigKeys (ConfUtils.java:logGet(43)) - raft.server.log.queue.byte-limit = 2147483647 (custom)
2019-11-15 20:17:58,463 [pool-219-thread-1] INFO  server.RaftServerConfigKeys (ConfUtils.java:logGet(43)) - raft.server.log.queue.element-limit = 1024 (custom)
2019-11-15 20:17:58,463 [pool-219-thread-1] INFO  server.RaftServerConfigKeys (ConfUtils.java:logGet(43)) - raft.server.log.segment.size.max = 1048576 (custom)
2019-11-15 20:17:58,463 [pool-219-thread-1] INFO  server.RaftServerConfigKeys (ConfUtils.java:logGet(43)) - raft.server.log.preallocated.size = 16384 (custom)
2019-11-15 20:17:58,463 [pool-219-thread-1] INFO  server.RaftServerConfigKeys (ConfUtils.java:logGet(43)) - raft.server.log.write.buffer.size = 33554432 (custom)
2019-11-15 20:17:58,463 [pool-219-thread-1] INFO  server.RaftServerConfigKeys (ConfUtils.java:logGet(43)) - raft.server.log.force.sync.num = 128 (default)
2019-11-15 20:17:58,463 [pool-219-thread-1] INFO  server.RaftServerConfigKeys (ConfUtils.java:logGet(43)) - raft.server.log.statemachine.data.sync = true (default)
2019-11-15 20:17:58,463 [pool-219-thread-1] INFO  server.RaftServerConfigKeys (ConfUtils.java:logGet(43)) - raft.server.log.statemachine.data.sync.timeout = 10s (default)
2019-11-15 20:17:58,463 [pool-219-thread-1] INFO  server.RaftServerConfigKeys (ConfUtils.java:logGet(43)) - raft.server.log.statemachine.data.sync.timeout.retry = -1 (default)
2019-11-15 20:17:58,463 [pool-219-thread-1] INFO  server.RaftServerConfigKeys (ConfUtils.java:logGet(43)) - raft.server.log.statemachine.data.caching.enabled = true (custom)
2019-11-15 20:17:58,464 [pool-219-thread-1] INFO  segmented.SegmentedRaftLogWorker (SegmentedRaftLogWorker.java:lambda$new$0(128)) - 290dafba-a54e-4701-973a-40c4cf36477d@group-28552A7D393C-SegmentedRaftLogWorker: flushIndex: setUnconditionally 0 -> -1
2019-11-15 20:17:58,464 [pool-219-thread-1] INFO  server.RaftServerConfigKeys (ConfUtils.java:logGet(43)) - raft.server.snapshot.auto.trigger.enabled = true (custom)
2019-11-15 20:17:58,464 [pool-219-thread-1] INFO  server.RaftServerConfigKeys (ConfUtils.java:logGet(43)) - raft.server.snapshot.auto.trigger.threshold = 10000 (custom)
2019-11-15 20:17:58,464 [pool-219-thread-1] INFO  server.RaftServerConfigKeys (ConfUtils.java:logGet(43)) - raft.server.snapshot.retention.file.num = 5 (custom)
2019-11-15 20:17:58,464 [pool-219-thread-1] INFO  server.RaftServerConfigKeys (ConfUtils.java:logGet(43)) - raft.server.retrycache.expirytime = 600000ms (custom)
2019-11-15 20:17:58,464 [pool-219-thread-1] WARN  impl.MetricRegistriesImpl (MetricRegistriesImpl.java:lambda$create$1(61)) - First MetricRegistry has been created without registering reporters. You may need to call MetricRegistries.global().addReportRegistration(...) before.
2019-11-15 20:17:58,464 [pool-219-thread-1] WARN  impl.MetricRegistriesImpl (MetricRegistriesImpl.java:lambda$create$1(61)) - First MetricRegistry has been created without registering reporters. You may need to call MetricRegistries.global().addReportRegistration(...) before.
2019-11-15 20:17:58,465 [pool-219-thread-1] INFO  impl.RaftServerImpl (RaftServerImpl.java:start(184)) - 290dafba-a54e-4701-973a-40c4cf36477d@group-28552A7D393C: start as a follower, conf=-1: [290dafba-a54e-4701-973a-40c4cf36477d:192.168.69.94:33749], old=null
2019-11-15 20:17:58,465 [pool-219-thread-1] INFO  impl.RaftServerImpl (RaftServerImpl.java:setRole(173)) - 290dafba-a54e-4701-973a-40c4cf36477d@group-28552A7D393C: changes role from      null to FOLLOWER at term 0 for startAsFollower
2019-11-15 20:17:58,465 [pool-219-thread-1] INFO  impl.RoleInfo (RoleInfo.java:updateAndGet(143)) - 290dafba-a54e-4701-973a-40c4cf36477d: start FollowerState
2019-11-15 20:17:58,465 [pool-219-thread-1] INFO  util.JmxRegister (JmxRegister.java:tryRegister(44)) - Successfully registered JMX Bean with object name Ratis:service=RaftServer,group=group-28552A7D393C,id=290dafba-a54e-4701-973a-40c4cf36477d
2019-11-15 20:17:58,465 [pool-219-thread-1] WARN  impl.MetricRegistriesImpl (MetricRegistriesImpl.java:lambda$create$1(61)) - First MetricRegistry has been created without registering reporters. You may need to call MetricRegistries.global().addReportRegistration(...) before.
2019-11-15 20:17:58,467 [RatisPipelineUtilsThread] INFO  pipeline.PipelineStateManager (PipelineStateManager.java:addPipeline(55)) - Created pipeline Pipeline[ Id: 05fe78c1-8f74-46a9-956a-28552a7d393c, Nodes: 290dafba-a54e-4701-973a-40c4cf36477d{ip: 192.168.69.94, host: pr-hdds-2517-immreturn-vbf9m-3344069096, networkLocation: /rack1, certSerialId: null}, Type:RATIS, Factor:ONE, State:ALLOCATED]
2019-11-15 20:17:58,474 [grpc-default-executor-4] INFO  impl.RaftServerProxy (RaftServerProxy.java:addNew(89)) - 8ea95c1a-a940-4392-ad76-d729a81e9d62: addNew group-9E7243581484:[8ea95c1a-a940-4392-ad76-d729a81e9d62:192.168.69.94:34879] returns group-9E7243581484:java.util.concurrent.CompletableFuture@71f7d3ed[Not completed]
2019-11-15 20:17:58,476 [pool-229-thread-1] INFO  impl.RaftServerImpl (RaftServerImpl.java:<init>(98)) - 8ea95c1a-a940-4392-ad76-d729a81e9d62: new RaftServerImpl for group-9E7243581484:[8ea95c1a-a940-4392-ad76-d729a81e9d62:192.168.69.94:34879] with ContainerStateMachine:uninitialized
2019-11-15 20:17:58,476 [pool-229-thread-1] INFO  server.RaftServerConfigKeys (ConfUtils.java:logGet(43)) - raft.server.rpc.timeout.min = 1s (custom)
2019-11-15 20:17:58,476 [pool-229-thread-1] INFO  server.RaftServerConfigKeys (ConfUtils.java:logGet(43)) - raft.server.rpc.timeout.max = 1200ms (custom)
2019-11-15 20:17:58,476 [pool-229-thread-1] INFO  server.RaftServerConfigKeys (ConfUtils.java:logGet(43)) - raft.server.rpcslowness.timeout = 120s (custom)
2019-11-15 20:17:58,476 [pool-229-thread-1] INFO  server.RaftServerConfigKeys (ConfUtils.java:logGet(43)) - raft.server.sleep.deviation.threshold = 300 (default)
2019-11-15 20:17:58,476 [pool-229-thread-1] INFO  server.RaftServerConfigKeys (ConfUtils.java:logGet(43)) - raft.server.log.appender.install.snapshot.enabled = false (custom)
2019-11-15 20:17:58,476 [pool-229-thread-1] INFO  impl.RaftServerImpl (ServerState.java:<init>(103)) - 8ea95c1a-a940-4392-ad76-d729a81e9d62@group-9E7243581484: ConfigurationManager, init=-1: [8ea95c1a-a940-4392-ad76-d729a81e9d62:192.168.69.94:34879], old=null, confs=<EMPTY_MAP>
2019-11-15 20:17:58,476 [pool-229-thread-1] INFO  server.RaftServerConfigKeys (ConfUtils.java:logGet(43)) - raft.server.storage.dir = [/workdir/hadoop-ozone/integration-test/target/test-dir/MiniOzoneClusterImpl-cd14858e-7fd2-404c-93a1-487d1243ff76/datanode-8/data/ratis] (custom)
2019-11-15 20:17:58,477 [pool-229-thread-1] INFO  server.RaftServerConfigKeys (ConfUtils.java:logGet(43)) - raft.server.log.corruption.policy = EXCEPTION (default)
2019-11-15 20:17:58,477 [pool-229-thread-1] INFO  storage.RaftStorageDirectory (RaftStorageDirectory.java:analyzeStorage(246)) - The storage directory /workdir/hadoop-ozone/integration-test/target/test-dir/MiniOzoneClusterImpl-cd14858e-7fd2-404c-93a1-487d1243ff76/datanode-8/data/ratis/c94cb60b-f939-47bb-af4f-9e7243581484 does not exist. Creating ...
2019-11-15 20:17:58,499 [pool-229-thread-1] INFO  storage.RaftStorageDirectory (RaftStorageDirectory.java:tryLock(328)) - Lock on /workdir/hadoop-ozone/integration-test/target/test-dir/MiniOzoneClusterImpl-cd14858e-7fd2-404c-93a1-487d1243ff76/datanode-8/data/ratis/c94cb60b-f939-47bb-af4f-9e7243581484/in_use.lock acquired by nodename 23188@pr-hdds-2517-immreturn-vbf9m-3344069096
2019-11-15 20:17:58,511 [IPC Server handler 10 on 39979] INFO  net.NetworkTopology (NetworkTopologyImpl.java:add(111)) - Added a new node: /rack1/02c8c0cd-3388-46ae-a10b-79a5583af984
2019-11-15 20:17:58,511 [IPC Server handler 10 on 39979] INFO  node.SCMNodeManager (SCMNodeManager.java:register(267)) - Registered Data node : 02c8c0cd-3388-46ae-a10b-79a5583af984{ip: 192.168.69.94, host: pr-hdds-2517-immreturn-vbf9m-3344069096, networkLocation: /rack1, certSerialId: null}
2019-11-15 20:17:58,520 [pool-229-thread-1] INFO  storage.RaftStorage (RaftStorage.java:format(84)) - Storage directory /workdir/hadoop-ozone/integration-test/target/test-dir/MiniOzoneClusterImpl-cd14858e-7fd2-404c-93a1-487d1243ff76/datanode-8/data/ratis/c94cb60b-f939-47bb-af4f-9e7243581484 has been successfully formatted.
2019-11-15 20:17:58,520 [pool-229-thread-1] INFO  ratis.ContainerStateMachine (ContainerStateMachine.java:loadSnapshot(223)) - group-9E7243581484: The snapshot info is null. Setting the last applied indexto:(t:0, i:~)
2019-11-15 20:17:58,520 [pool-229-thread-1] INFO  server.RaftServerConfigKeys (ConfUtils.java:logGet(43)) - raft.server.notification.no-leader.timeout = 120s (custom)
2019-11-15 20:17:58,520 [pool-229-thread-1] INFO  server.RaftServerConfigKeys (ConfUtils.java:logGet(43)) - raft.server.log.use.memory = false (default)
2019-11-15 20:17:58,520 [pool-229-thread-1] INFO  server.RaftServerConfigKeys (ConfUtils.java:logGet(43)) - raft.server.log.purge.gap = 1000000 (custom)
2019-11-15 20:17:58,520 [pool-229-thread-1] INFO  server.RaftServerConfigKeys (ConfUtils.java:logGet(43)) - raft.server.log.appender.buffer.byte-limit = 33554432 (custom)
2019-11-15 20:17:58,520 [pool-229-thread-1] INFO  server.RaftServerConfigKeys (ConfUtils.java:logGet(43)) - raft.server.log.segment.size.max = 1048576 (custom)
2019-11-15 20:17:58,520 [pool-229-thread-1] WARN  impl.MetricRegistriesImpl (MetricRegistriesImpl.java:lambda$create$1(61)) - First MetricRegistry has been created without registering reporters. You may need to call MetricRegistries.global().addReportRegistration(...) before.
2019-11-15 20:17:58,521 [pool-229-thread-1] INFO  server.RaftServerConfigKeys (ConfUtils.java:logGet(43)) - raft.server.log.segment.cache.num.max = 2 (custom)
2019-11-15 20:17:58,521 [pool-229-thread-1] INFO  segmented.SegmentedRaftLogWorker (SegmentedRaftLogWorker.java:<init>(173)) - new 8ea95c1a-a940-4392-ad76-d729a81e9d62@group-9E7243581484-SegmentedRaftLogWorker for RaftStorage:Storage Directory /workdir/hadoop-ozone/integration-test/target/test-dir/MiniOzoneClusterImpl-cd14858e-7fd2-404c-93a1-487d1243ff76/datanode-8/data/ratis/c94cb60b-f939-47bb-af4f-9e7243581484
2019-11-15 20:17:58,521 [pool-229-thread-1] INFO  server.RaftServerConfigKeys (ConfUtils.java:logGet(43)) - raft.server.log.queue.byte-limit = 2147483647 (custom)
2019-11-15 20:17:58,521 [pool-229-thread-1] INFO  server.RaftServerConfigKeys (ConfUtils.java:logGet(43)) - raft.server.log.queue.element-limit = 1024 (custom)
2019-11-15 20:17:58,521 [pool-229-thread-1] INFO  server.RaftServerConfigKeys (ConfUtils.java:logGet(43)) - raft.server.log.segment.size.max = 1048576 (custom)
2019-11-15 20:17:58,521 [pool-229-thread-1] INFO  server.RaftServerConfigKeys (ConfUtils.java:logGet(43)) - raft.server.log.preallocated.size = 16384 (custom)
2019-11-15 20:17:58,521 [pool-229-thread-1] INFO  server.RaftServerConfigKeys (ConfUtils.java:logGet(43)) - raft.server.log.write.buffer.size = 33554432 (custom)
2019-11-15 20:17:58,521 [pool-229-thread-1] INFO  server.RaftServerConfigKeys (ConfUtils.java:logGet(43)) - raft.server.log.force.sync.num = 128 (default)
2019-11-15 20:17:58,521 [pool-229-thread-1] INFO  server.RaftServerConfigKeys (ConfUtils.java:logGet(43)) - raft.server.log.statemachine.data.sync = true (default)
2019-11-15 20:17:58,521 [pool-229-thread-1] INFO  server.RaftServerConfigKeys (ConfUtils.java:logGet(43)) - raft.server.log.statemachine.data.sync.timeout = 10s (default)
2019-11-15 20:17:58,521 [pool-229-thread-1] INFO  server.RaftServerConfigKeys (ConfUtils.java:logGet(43)) - raft.server.log.statemachine.data.sync.timeout.retry = -1 (default)
2019-11-15 20:17:58,522 [pool-229-thread-1] INFO  server.RaftServerConfigKeys (ConfUtils.java:logGet(43)) - raft.server.log.statemachine.data.caching.enabled = true (custom)
2019-11-15 20:17:58,522 [pool-229-thread-1] INFO  segmented.SegmentedRaftLogWorker (SegmentedRaftLogWorker.java:lambda$new$0(128)) - 8ea95c1a-a940-4392-ad76-d729a81e9d62@group-9E7243581484-SegmentedRaftLogWorker: flushIndex: setUnconditionally 0 -> -1
2019-11-15 20:17:58,522 [pool-229-thread-1] INFO  server.RaftServerConfigKeys (ConfUtils.java:logGet(43)) - raft.server.snapshot.auto.trigger.enabled = true (custom)
2019-11-15 20:17:58,522 [pool-229-thread-1] INFO  server.RaftServerConfigKeys (ConfUtils.java:logGet(43)) - raft.server.snapshot.auto.trigger.threshold = 10000 (custom)
2019-11-15 20:17:58,522 [pool-229-thread-1] INFO  server.RaftServerConfigKeys (ConfUtils.java:logGet(43)) - raft.server.snapshot.retention.file.num = 5 (custom)
2019-11-15 20:17:58,522 [pool-229-thread-1] INFO  server.RaftServerConfigKeys (ConfUtils.java:logGet(43)) - raft.server.retrycache.expirytime = 600000ms (custom)
2019-11-15 20:17:58,522 [pool-229-thread-1] WARN  impl.MetricRegistriesImpl (MetricRegistriesImpl.java:lambda$create$1(61)) - First MetricRegistry has been created without registering reporters. You may need to call MetricRegistries.global().addReportRegistration(...) before.
2019-11-15 20:17:58,522 [pool-229-thread-1] WARN  impl.MetricRegistriesImpl (MetricRegistriesImpl.java:lambda$create$1(61)) - First MetricRegistry has been created without registering reporters. You may need to call MetricRegistries.global().addReportRegistration(...) before.
2019-11-15 20:17:58,523 [pool-229-thread-1] INFO  impl.RaftServerImpl (RaftServerImpl.java:start(184)) - 8ea95c1a-a940-4392-ad76-d729a81e9d62@group-9E7243581484: start as a follower, conf=-1: [8ea95c1a-a940-4392-ad76-d729a81e9d62:192.168.69.94:34879], old=null
2019-11-15 20:17:58,523 [pool-229-thread-1] INFO  impl.RaftServerImpl (RaftServerImpl.java:setRole(173)) - 8ea95c1a-a940-4392-ad76-d729a81e9d62@group-9E7243581484: changes role from      null to FOLLOWER at term 0 for startAsFollower
2019-11-15 20:17:58,523 [pool-229-thread-1] INFO  impl.RoleInfo (RoleInfo.java:updateAndGet(143)) - 8ea95c1a-a940-4392-ad76-d729a81e9d62: start FollowerState
2019-11-15 20:17:58,523 [pool-229-thread-1] INFO  util.JmxRegister (JmxRegister.java:tryRegister(44)) - Successfully registered JMX Bean with object name Ratis:service=RaftServer,group=group-9E7243581484,id=8ea95c1a-a940-4392-ad76-d729a81e9d62
2019-11-15 20:17:58,523 [pool-229-thread-1] WARN  impl.MetricRegistriesImpl (MetricRegistriesImpl.java:lambda$create$1(61)) - First MetricRegistry has been created without registering reporters. You may need to call MetricRegistries.global().addReportRegistration(...) before.
2019-11-15 20:17:58,525 [RatisPipelineUtilsThread] INFO  pipeline.PipelineStateManager (PipelineStateManager.java:addPipeline(55)) - Created pipeline Pipeline[ Id: c94cb60b-f939-47bb-af4f-9e7243581484, Nodes: 8ea95c1a-a940-4392-ad76-d729a81e9d62{ip: 192.168.69.94, host: pr-hdds-2517-immreturn-vbf9m-3344069096, networkLocation: /rack1, certSerialId: null}, Type:RATIS, Factor:ONE, State:ALLOCATED]
2019-11-15 20:17:58,537 [grpc-default-executor-4] INFO  impl.RaftServerProxy (RaftServerProxy.java:addNew(89)) - 02c8c0cd-3388-46ae-a10b-79a5583af984: addNew group-261C9F4040BA:[02c8c0cd-3388-46ae-a10b-79a5583af984:192.168.69.94:40363] returns group-261C9F4040BA:java.util.concurrent.CompletableFuture@3933787[Not completed]
2019-11-15 20:17:58,538 [pool-239-thread-1] INFO  impl.RaftServerImpl (RaftServerImpl.java:<init>(98)) - 02c8c0cd-3388-46ae-a10b-79a5583af984: new RaftServerImpl for group-261C9F4040BA:[02c8c0cd-3388-46ae-a10b-79a5583af984:192.168.69.94:40363] with ContainerStateMachine:uninitialized
2019-11-15 20:17:58,538 [pool-239-thread-1] INFO  server.RaftServerConfigKeys (ConfUtils.java:logGet(43)) - raft.server.rpc.timeout.min = 1s (custom)
2019-11-15 20:17:58,538 [pool-239-thread-1] INFO  server.RaftServerConfigKeys (ConfUtils.java:logGet(43)) - raft.server.rpc.timeout.max = 1200ms (custom)
2019-11-15 20:17:58,539 [pool-239-thread-1] INFO  server.RaftServerConfigKeys (ConfUtils.java:logGet(43)) - raft.server.rpcslowness.timeout = 120s (custom)
2019-11-15 20:17:58,539 [pool-239-thread-1] INFO  server.RaftServerConfigKeys (ConfUtils.java:logGet(43)) - raft.server.sleep.deviation.threshold = 300 (default)
2019-11-15 20:17:58,539 [pool-239-thread-1] INFO  server.RaftServerConfigKeys (ConfUtils.java:logGet(43)) - raft.server.log.appender.install.snapshot.enabled = false (custom)
2019-11-15 20:17:58,539 [pool-239-thread-1] INFO  impl.RaftServerImpl (ServerState.java:<init>(103)) - 02c8c0cd-3388-46ae-a10b-79a5583af984@group-261C9F4040BA: ConfigurationManager, init=-1: [02c8c0cd-3388-46ae-a10b-79a5583af984:192.168.69.94:40363], old=null, confs=<EMPTY_MAP>
2019-11-15 20:17:58,539 [pool-239-thread-1] INFO  server.RaftServerConfigKeys (ConfUtils.java:logGet(43)) - raft.server.storage.dir = [/workdir/hadoop-ozone/integration-test/target/test-dir/MiniOzoneClusterImpl-cd14858e-7fd2-404c-93a1-487d1243ff76/datanode-9/data/ratis] (custom)
2019-11-15 20:17:58,539 [pool-239-thread-1] INFO  server.RaftServerConfigKeys (ConfUtils.java:logGet(43)) - raft.server.log.corruption.policy = EXCEPTION (default)
2019-11-15 20:17:58,539 [pool-239-thread-1] INFO  storage.RaftStorageDirectory (RaftStorageDirectory.java:analyzeStorage(246)) - The storage directory /workdir/hadoop-ozone/integration-test/target/test-dir/MiniOzoneClusterImpl-cd14858e-7fd2-404c-93a1-487d1243ff76/datanode-9/data/ratis/4efb9110-c1f5-477f-82fa-261c9f4040ba does not exist. Creating ...
2019-11-15 20:17:58,553 [pool-239-thread-1] INFO  storage.RaftStorageDirectory (RaftStorageDirectory.java:tryLock(328)) - Lock on /workdir/hadoop-ozone/integration-test/target/test-dir/MiniOzoneClusterImpl-cd14858e-7fd2-404c-93a1-487d1243ff76/datanode-9/data/ratis/4efb9110-c1f5-477f-82fa-261c9f4040ba/in_use.lock acquired by nodename 23188@pr-hdds-2517-immreturn-vbf9m-3344069096
2019-11-15 20:17:58,567 [pool-239-thread-1] INFO  storage.RaftStorage (RaftStorage.java:format(84)) - Storage directory /workdir/hadoop-ozone/integration-test/target/test-dir/MiniOzoneClusterImpl-cd14858e-7fd2-404c-93a1-487d1243ff76/datanode-9/data/ratis/4efb9110-c1f5-477f-82fa-261c9f4040ba has been successfully formatted.
2019-11-15 20:17:58,567 [pool-239-thread-1] INFO  ratis.ContainerStateMachine (ContainerStateMachine.java:loadSnapshot(223)) - group-261C9F4040BA: The snapshot info is null. Setting the last applied indexto:(t:0, i:~)
2019-11-15 20:17:58,567 [pool-239-thread-1] INFO  server.RaftServerConfigKeys (ConfUtils.java:logGet(43)) - raft.server.notification.no-leader.timeout = 120s (custom)
2019-11-15 20:17:58,567 [pool-239-thread-1] INFO  server.RaftServerConfigKeys (ConfUtils.java:logGet(43)) - raft.server.log.use.memory = false (default)
2019-11-15 20:17:58,568 [pool-239-thread-1] INFO  server.RaftServerConfigKeys (ConfUtils.java:logGet(43)) - raft.server.log.purge.gap = 1000000 (custom)
2019-11-15 20:17:58,568 [pool-239-thread-1] INFO  server.RaftServerConfigKeys (ConfUtils.java:logGet(43)) - raft.server.log.appender.buffer.byte-limit = 33554432 (custom)
2019-11-15 20:17:58,568 [pool-239-thread-1] INFO  server.RaftServerConfigKeys (ConfUtils.java:logGet(43)) - raft.server.log.segment.size.max = 1048576 (custom)
2019-11-15 20:17:58,568 [pool-239-thread-1] WARN  impl.MetricRegistriesImpl (MetricRegistriesImpl.java:lambda$create$1(61)) - First MetricRegistry has been created without registering reporters. You may need to call MetricRegistries.global().addReportRegistration(...) before.
2019-11-15 20:17:58,568 [pool-239-thread-1] INFO  server.RaftServerConfigKeys (ConfUtils.java:logGet(43)) - raft.server.log.segment.cache.num.max = 2 (custom)
2019-11-15 20:17:58,568 [pool-239-thread-1] INFO  segmented.SegmentedRaftLogWorker (SegmentedRaftLogWorker.java:<init>(173)) - new 02c8c0cd-3388-46ae-a10b-79a5583af984@group-261C9F4040BA-SegmentedRaftLogWorker for RaftStorage:Storage Directory /workdir/hadoop-ozone/integration-test/target/test-dir/MiniOzoneClusterImpl-cd14858e-7fd2-404c-93a1-487d1243ff76/datanode-9/data/ratis/4efb9110-c1f5-477f-82fa-261c9f4040ba
2019-11-15 20:17:58,568 [pool-239-thread-1] INFO  server.RaftServerConfigKeys (ConfUtils.java:logGet(43)) - raft.server.log.queue.byte-limit = 2147483647 (custom)
2019-11-15 20:17:58,568 [pool-239-thread-1] INFO  server.RaftServerConfigKeys (ConfUtils.java:logGet(43)) - raft.server.log.queue.element-limit = 1024 (custom)
2019-11-15 20:17:58,568 [pool-239-thread-1] INFO  server.RaftServerConfigKeys (ConfUtils.java:logGet(43)) - raft.server.log.segment.size.max = 1048576 (custom)
2019-11-15 20:17:58,569 [pool-239-thread-1] INFO  server.RaftServerConfigKeys (ConfUtils.java:logGet(43)) - raft.server.log.preallocated.size = 16384 (custom)
2019-11-15 20:17:58,569 [pool-239-thread-1] INFO  server.RaftServerConfigKeys (ConfUtils.java:logGet(43)) - raft.server.log.write.buffer.size = 33554432 (custom)
2019-11-15 20:17:58,569 [pool-239-thread-1] INFO  server.RaftServerConfigKeys (ConfUtils.java:logGet(43)) - raft.server.log.force.sync.num = 128 (default)
2019-11-15 20:17:58,569 [pool-239-thread-1] INFO  server.RaftServerConfigKeys (ConfUtils.java:logGet(43)) - raft.server.log.statemachine.data.sync = true (default)
2019-11-15 20:17:58,569 [pool-239-thread-1] INFO  server.RaftServerConfigKeys (ConfUtils.java:logGet(43)) - raft.server.log.statemachine.data.sync.timeout = 10s (default)
2019-11-15 20:17:58,569 [pool-239-thread-1] INFO  server.RaftServerConfigKeys (ConfUtils.java:logGet(43)) - raft.server.log.statemachine.data.sync.timeout.retry = -1 (default)
2019-11-15 20:17:58,569 [pool-239-thread-1] INFO  server.RaftServerConfigKeys (ConfUtils.java:logGet(43)) - raft.server.log.statemachine.data.caching.enabled = true (custom)
2019-11-15 20:17:58,570 [pool-239-thread-1] INFO  segmented.SegmentedRaftLogWorker (SegmentedRaftLogWorker.java:lambda$new$0(128)) - 02c8c0cd-3388-46ae-a10b-79a5583af984@group-261C9F4040BA-SegmentedRaftLogWorker: flushIndex: setUnconditionally 0 -> -1
2019-11-15 20:17:58,570 [pool-239-thread-1] INFO  server.RaftServerConfigKeys (ConfUtils.java:logGet(43)) - raft.server.snapshot.auto.trigger.enabled = true (custom)
2019-11-15 20:17:58,570 [pool-239-thread-1] INFO  server.RaftServerConfigKeys (ConfUtils.java:logGet(43)) - raft.server.snapshot.auto.trigger.threshold = 10000 (custom)
2019-11-15 20:17:58,570 [pool-239-thread-1] INFO  server.RaftServerConfigKeys (ConfUtils.java:logGet(43)) - raft.server.snapshot.retention.file.num = 5 (custom)
2019-11-15 20:17:58,570 [pool-239-thread-1] INFO  server.RaftServerConfigKeys (ConfUtils.java:logGet(43)) - raft.server.retrycache.expirytime = 600000ms (custom)
2019-11-15 20:17:58,570 [pool-239-thread-1] WARN  impl.MetricRegistriesImpl (MetricRegistriesImpl.java:lambda$create$1(61)) - First MetricRegistry has been created without registering reporters. You may need to call MetricRegistries.global().addReportRegistration(...) before.
2019-11-15 20:17:58,570 [pool-239-thread-1] WARN  impl.MetricRegistriesImpl (MetricRegistriesImpl.java:lambda$create$1(61)) - First MetricRegistry has been created without registering reporters. You may need to call MetricRegistries.global().addReportRegistration(...) before.
2019-11-15 20:17:58,571 [pool-239-thread-1] INFO  impl.RaftServerImpl (RaftServerImpl.java:start(184)) - 02c8c0cd-3388-46ae-a10b-79a5583af984@group-261C9F4040BA: start as a follower, conf=-1: [02c8c0cd-3388-46ae-a10b-79a5583af984:192.168.69.94:40363], old=null
2019-11-15 20:17:58,571 [pool-239-thread-1] INFO  impl.RaftServerImpl (RaftServerImpl.java:setRole(173)) - 02c8c0cd-3388-46ae-a10b-79a5583af984@group-261C9F4040BA: changes role from      null to FOLLOWER at term 0 for startAsFollower
2019-11-15 20:17:58,571 [pool-239-thread-1] INFO  impl.RoleInfo (RoleInfo.java:updateAndGet(143)) - 02c8c0cd-3388-46ae-a10b-79a5583af984: start FollowerState
2019-11-15 20:17:58,571 [pool-239-thread-1] INFO  util.JmxRegister (JmxRegister.java:tryRegister(44)) - Successfully registered JMX Bean with object name Ratis:service=RaftServer,group=group-261C9F4040BA,id=02c8c0cd-3388-46ae-a10b-79a5583af984
2019-11-15 20:17:58,571 [pool-239-thread-1] WARN  impl.MetricRegistriesImpl (MetricRegistriesImpl.java:lambda$create$1(61)) - First MetricRegistry has been created without registering reporters. You may need to call MetricRegistries.global().addReportRegistration(...) before.
2019-11-15 20:17:58,574 [RatisPipelineUtilsThread] INFO  pipeline.PipelineStateManager (PipelineStateManager.java:addPipeline(55)) - Created pipeline Pipeline[ Id: 4efb9110-c1f5-477f-82fa-261c9f4040ba, Nodes: 02c8c0cd-3388-46ae-a10b-79a5583af984{ip: 192.168.69.94, host: pr-hdds-2517-immreturn-vbf9m-3344069096, networkLocation: /rack1, certSerialId: null}, Type:RATIS, Factor:ONE, State:ALLOCATED]
2019-11-15 20:17:58,593 [grpc-default-executor-0] INFO  impl.RaftServerProxy (RaftServerProxy.java:addNew(89)) - 8ea95c1a-a940-4392-ad76-d729a81e9d62: addNew group-916FECE7AAFF:[8ea95c1a-a940-4392-ad76-d729a81e9d62:192.168.69.94:34879, 96e7c94e-3c8d-4ea5-9d39-2046e661862c:192.168.69.94:44753, 02c8c0cd-3388-46ae-a10b-79a5583af984:192.168.69.94:40363] returns group-916FECE7AAFF:java.util.concurrent.CompletableFuture@2afbe528[Not completed]
2019-11-15 20:17:58,593 [grpc-default-executor-0] INFO  impl.RaftServerProxy (RaftServerProxy.java:addNew(89)) - 96e7c94e-3c8d-4ea5-9d39-2046e661862c: addNew group-916FECE7AAFF:[8ea95c1a-a940-4392-ad76-d729a81e9d62:192.168.69.94:34879, 96e7c94e-3c8d-4ea5-9d39-2046e661862c:192.168.69.94:44753, 02c8c0cd-3388-46ae-a10b-79a5583af984:192.168.69.94:40363] returns group-916FECE7AAFF:java.util.concurrent.CompletableFuture@5bba6f1b[Not completed]
2019-11-15 20:17:58,597 [grpc-default-executor-0] INFO  impl.RaftServerProxy (RaftServerProxy.java:addNew(89)) - 02c8c0cd-3388-46ae-a10b-79a5583af984: addNew group-916FECE7AAFF:[8ea95c1a-a940-4392-ad76-d729a81e9d62:192.168.69.94:34879, 96e7c94e-3c8d-4ea5-9d39-2046e661862c:192.168.69.94:44753, 02c8c0cd-3388-46ae-a10b-79a5583af984:192.168.69.94:40363] returns group-916FECE7AAFF:java.util.concurrent.CompletableFuture@209e2395[Not completed]
2019-11-15 20:17:58,597 [pool-229-thread-1] INFO  impl.RaftServerImpl (RaftServerImpl.java:<init>(98)) - 8ea95c1a-a940-4392-ad76-d729a81e9d62: new RaftServerImpl for group-916FECE7AAFF:[8ea95c1a-a940-4392-ad76-d729a81e9d62:192.168.69.94:34879, 96e7c94e-3c8d-4ea5-9d39-2046e661862c:192.168.69.94:44753, 02c8c0cd-3388-46ae-a10b-79a5583af984:192.168.69.94:40363] with ContainerStateMachine:uninitialized
2019-11-15 20:17:58,598 [pool-229-thread-1] INFO  server.RaftServerConfigKeys (ConfUtils.java:logGet(43)) - raft.server.rpc.timeout.min = 1s (custom)
2019-11-15 20:17:58,598 [pool-229-thread-1] INFO  server.RaftServerConfigKeys (ConfUtils.java:logGet(43)) - raft.server.rpc.timeout.max = 1200ms (custom)
2019-11-15 20:17:58,598 [pool-229-thread-1] INFO  server.RaftServerConfigKeys (ConfUtils.java:logGet(43)) - raft.server.rpcslowness.timeout = 120s (custom)
2019-11-15 20:17:58,598 [pool-229-thread-1] INFO  server.RaftServerConfigKeys (ConfUtils.java:logGet(43)) - raft.server.sleep.deviation.threshold = 300 (default)
2019-11-15 20:17:58,598 [pool-229-thread-1] INFO  server.RaftServerConfigKeys (ConfUtils.java:logGet(43)) - raft.server.log.appender.install.snapshot.enabled = false (custom)
2019-11-15 20:17:58,598 [pool-239-thread-1] INFO  impl.RaftServerImpl (RaftServerImpl.java:<init>(98)) - 02c8c0cd-3388-46ae-a10b-79a5583af984: new RaftServerImpl for group-916FECE7AAFF:[8ea95c1a-a940-4392-ad76-d729a81e9d62:192.168.69.94:34879, 96e7c94e-3c8d-4ea5-9d39-2046e661862c:192.168.69.94:44753, 02c8c0cd-3388-46ae-a10b-79a5583af984:192.168.69.94:40363] with ContainerStateMachine:uninitialized
2019-11-15 20:17:58,598 [pool-229-thread-1] INFO  impl.RaftServerImpl (ServerState.java:<init>(103)) - 8ea95c1a-a940-4392-ad76-d729a81e9d62@group-916FECE7AAFF: ConfigurationManager, init=-1: [8ea95c1a-a940-4392-ad76-d729a81e9d62:192.168.69.94:34879, 96e7c94e-3c8d-4ea5-9d39-2046e661862c:192.168.69.94:44753, 02c8c0cd-3388-46ae-a10b-79a5583af984:192.168.69.94:40363], old=null, confs=<EMPTY_MAP>
2019-11-15 20:17:58,598 [pool-239-thread-1] INFO  server.RaftServerConfigKeys (ConfUtils.java:logGet(43)) - raft.server.rpc.timeout.min = 1s (custom)
2019-11-15 20:17:58,598 [pool-229-thread-1] INFO  server.RaftServerConfigKeys (ConfUtils.java:logGet(43)) - raft.server.storage.dir = [/workdir/hadoop-ozone/integration-test/target/test-dir/MiniOzoneClusterImpl-cd14858e-7fd2-404c-93a1-487d1243ff76/datanode-8/data/ratis] (custom)
2019-11-15 20:17:58,598 [pool-239-thread-1] INFO  server.RaftServerConfigKeys (ConfUtils.java:logGet(43)) - raft.server.rpc.timeout.max = 1200ms (custom)
2019-11-15 20:17:58,599 [pool-199-thread-1] INFO  impl.RaftServerImpl (RaftServerImpl.java:<init>(98)) - 96e7c94e-3c8d-4ea5-9d39-2046e661862c: new RaftServerImpl for group-916FECE7AAFF:[8ea95c1a-a940-4392-ad76-d729a81e9d62:192.168.69.94:34879, 96e7c94e-3c8d-4ea5-9d39-2046e661862c:192.168.69.94:44753, 02c8c0cd-3388-46ae-a10b-79a5583af984:192.168.69.94:40363] with ContainerStateMachine:uninitialized
2019-11-15 20:17:58,599 [pool-239-thread-1] INFO  server.RaftServerConfigKeys (ConfUtils.java:logGet(43)) - raft.server.rpcslowness.timeout = 120s (custom)
2019-11-15 20:17:58,599 [pool-229-thread-1] INFO  server.RaftServerConfigKeys (ConfUtils.java:logGet(43)) - raft.server.log.corruption.policy = EXCEPTION (default)
2019-11-15 20:17:58,599 [pool-199-thread-1] INFO  server.RaftServerConfigKeys (ConfUtils.java:logGet(43)) - raft.server.rpc.timeout.min = 1s (custom)
2019-11-15 20:17:58,599 [pool-239-thread-1] INFO  server.RaftServerConfigKeys (ConfUtils.java:logGet(43)) - raft.server.sleep.deviation.threshold = 300 (default)
2019-11-15 20:17:58,599 [pool-199-thread-1] INFO  server.RaftServerConfigKeys (ConfUtils.java:logGet(43)) - raft.server.rpc.timeout.max = 1200ms (custom)
2019-11-15 20:17:58,599 [pool-229-thread-1] INFO  storage.RaftStorageDirectory (RaftStorageDirectory.java:analyzeStorage(246)) - The storage directory /workdir/hadoop-ozone/integration-test/target/test-dir/MiniOzoneClusterImpl-cd14858e-7fd2-404c-93a1-487d1243ff76/datanode-8/data/ratis/ce900b67-6ac3-4ea5-9465-916fece7aaff does not exist. Creating ...
2019-11-15 20:17:58,599 [pool-199-thread-1] INFO  server.RaftServerConfigKeys (ConfUtils.java:logGet(43)) - raft.server.rpcslowness.timeout = 120s (custom)
2019-11-15 20:17:58,599 [pool-239-thread-1] INFO  server.RaftServerConfigKeys (ConfUtils.java:logGet(43)) - raft.server.log.appender.install.snapshot.enabled = false (custom)
2019-11-15 20:17:58,599 [pool-199-thread-1] INFO  server.RaftServerConfigKeys (ConfUtils.java:logGet(43)) - raft.server.sleep.deviation.threshold = 300 (default)
2019-11-15 20:17:58,599 [pool-239-thread-1] INFO  impl.RaftServerImpl (ServerState.java:<init>(103)) - 02c8c0cd-3388-46ae-a10b-79a5583af984@group-916FECE7AAFF: ConfigurationManager, init=-1: [8ea95c1a-a940-4392-ad76-d729a81e9d62:192.168.69.94:34879, 96e7c94e-3c8d-4ea5-9d39-2046e661862c:192.168.69.94:44753, 02c8c0cd-3388-46ae-a10b-79a5583af984:192.168.69.94:40363], old=null, confs=<EMPTY_MAP>
2019-11-15 20:17:58,600 [pool-199-thread-1] INFO  server.RaftServerConfigKeys (ConfUtils.java:logGet(43)) - raft.server.log.appender.install.snapshot.enabled = false (custom)
2019-11-15 20:17:58,600 [pool-239-thread-1] INFO  server.RaftServerConfigKeys (ConfUtils.java:logGet(43)) - raft.server.storage.dir = [/workdir/hadoop-ozone/integration-test/target/test-dir/MiniOzoneClusterImpl-cd14858e-7fd2-404c-93a1-487d1243ff76/datanode-9/data/ratis] (custom)
2019-11-15 20:17:58,600 [pool-199-thread-1] INFO  impl.RaftServerImpl (ServerState.java:<init>(103)) - 96e7c94e-3c8d-4ea5-9d39-2046e661862c@group-916FECE7AAFF: ConfigurationManager, init=-1: [8ea95c1a-a940-4392-ad76-d729a81e9d62:192.168.69.94:34879, 96e7c94e-3c8d-4ea5-9d39-2046e661862c:192.168.69.94:44753, 02c8c0cd-3388-46ae-a10b-79a5583af984:192.168.69.94:40363], old=null, confs=<EMPTY_MAP>
2019-11-15 20:17:58,600 [pool-239-thread-1] INFO  server.RaftServerConfigKeys (ConfUtils.java:logGet(43)) - raft.server.log.corruption.policy = EXCEPTION (default)
2019-11-15 20:17:58,600 [pool-199-thread-1] INFO  server.RaftServerConfigKeys (ConfUtils.java:logGet(43)) - raft.server.storage.dir = [/workdir/hadoop-ozone/integration-test/target/test-dir/MiniOzoneClusterImpl-cd14858e-7fd2-404c-93a1-487d1243ff76/datanode-5/data/ratis] (custom)
2019-11-15 20:17:58,600 [pool-239-thread-1] INFO  storage.RaftStorageDirectory (RaftStorageDirectory.java:analyzeStorage(246)) - The storage directory /workdir/hadoop-ozone/integration-test/target/test-dir/MiniOzoneClusterImpl-cd14858e-7fd2-404c-93a1-487d1243ff76/datanode-9/data/ratis/ce900b67-6ac3-4ea5-9465-916fece7aaff does not exist. Creating ...
2019-11-15 20:17:58,600 [pool-199-thread-1] INFO  server.RaftServerConfigKeys (ConfUtils.java:logGet(43)) - raft.server.log.corruption.policy = EXCEPTION (default)
2019-11-15 20:17:58,600 [pool-199-thread-1] INFO  storage.RaftStorageDirectory (RaftStorageDirectory.java:analyzeStorage(246)) - The storage directory /workdir/hadoop-ozone/integration-test/target/test-dir/MiniOzoneClusterImpl-cd14858e-7fd2-404c-93a1-487d1243ff76/datanode-5/data/ratis/ce900b67-6ac3-4ea5-9465-916fece7aaff does not exist. Creating ...
2019-11-15 20:17:58,613 [pool-229-thread-1] INFO  storage.RaftStorageDirectory (RaftStorageDirectory.java:tryLock(328)) - Lock on /workdir/hadoop-ozone/integration-test/target/test-dir/MiniOzoneClusterImpl-cd14858e-7fd2-404c-93a1-487d1243ff76/datanode-8/data/ratis/ce900b67-6ac3-4ea5-9465-916fece7aaff/in_use.lock acquired by nodename 23188@pr-hdds-2517-immreturn-vbf9m-3344069096
2019-11-15 20:17:58,613 [pool-199-thread-1] INFO  storage.RaftStorageDirectory (RaftStorageDirectory.java:tryLock(328)) - Lock on /workdir/hadoop-ozone/integration-test/target/test-dir/MiniOzoneClusterImpl-cd14858e-7fd2-404c-93a1-487d1243ff76/datanode-5/data/ratis/ce900b67-6ac3-4ea5-9465-916fece7aaff/in_use.lock acquired by nodename 23188@pr-hdds-2517-immreturn-vbf9m-3344069096
2019-11-15 20:17:58,613 [pool-239-thread-1] INFO  storage.RaftStorageDirectory (RaftStorageDirectory.java:tryLock(328)) - Lock on /workdir/hadoop-ozone/integration-test/target/test-dir/MiniOzoneClusterImpl-cd14858e-7fd2-404c-93a1-487d1243ff76/datanode-9/data/ratis/ce900b67-6ac3-4ea5-9465-916fece7aaff/in_use.lock acquired by nodename 23188@pr-hdds-2517-immreturn-vbf9m-3344069096
2019-11-15 20:17:58,643 [pool-239-thread-1] INFO  storage.RaftStorage (RaftStorage.java:format(84)) - Storage directory /workdir/hadoop-ozone/integration-test/target/test-dir/MiniOzoneClusterImpl-cd14858e-7fd2-404c-93a1-487d1243ff76/datanode-9/data/ratis/ce900b67-6ac3-4ea5-9465-916fece7aaff has been successfully formatted.
2019-11-15 20:17:58,643 [pool-229-thread-1] INFO  storage.RaftStorage (RaftStorage.java:format(84)) - Storage directory /workdir/hadoop-ozone/integration-test/target/test-dir/MiniOzoneClusterImpl-cd14858e-7fd2-404c-93a1-487d1243ff76/datanode-8/data/ratis/ce900b67-6ac3-4ea5-9465-916fece7aaff has been successfully formatted.
2019-11-15 20:17:58,643 [pool-199-thread-1] INFO  storage.RaftStorage (RaftStorage.java:format(84)) - Storage directory /workdir/hadoop-ozone/integration-test/target/test-dir/MiniOzoneClusterImpl-cd14858e-7fd2-404c-93a1-487d1243ff76/datanode-5/data/ratis/ce900b67-6ac3-4ea5-9465-916fece7aaff has been successfully formatted.
2019-11-15 20:17:58,643 [pool-239-thread-1] INFO  ratis.ContainerStateMachine (ContainerStateMachine.java:loadSnapshot(223)) - group-916FECE7AAFF: The snapshot info is null. Setting the last applied indexto:(t:0, i:~)
2019-11-15 20:17:58,643 [pool-229-thread-1] INFO  ratis.ContainerStateMachine (ContainerStateMachine.java:loadSnapshot(223)) - group-916FECE7AAFF: The snapshot info is null. Setting the last applied indexto:(t:0, i:~)
2019-11-15 20:17:58,644 [pool-239-thread-1] INFO  server.RaftServerConfigKeys (ConfUtils.java:logGet(43)) - raft.server.notification.no-leader.timeout = 120s (custom)
2019-11-15 20:17:58,643 [pool-199-thread-1] INFO  ratis.ContainerStateMachine (ContainerStateMachine.java:loadSnapshot(223)) - group-916FECE7AAFF: The snapshot info is null. Setting the last applied indexto:(t:0, i:~)
2019-11-15 20:17:58,644 [pool-239-thread-1] INFO  server.RaftServerConfigKeys (ConfUtils.java:logGet(43)) - raft.server.log.use.memory = false (default)
2019-11-15 20:17:58,644 [pool-229-thread-1] INFO  server.RaftServerConfigKeys (ConfUtils.java:logGet(43)) - raft.server.notification.no-leader.timeout = 120s (custom)
2019-11-15 20:17:58,644 [pool-239-thread-1] INFO  server.RaftServerConfigKeys (ConfUtils.java:logGet(43)) - raft.server.log.purge.gap = 1000000 (custom)
2019-11-15 20:17:58,644 [pool-199-thread-1] INFO  server.RaftServerConfigKeys (ConfUtils.java:logGet(43)) - raft.server.notification.no-leader.timeout = 120s (custom)
2019-11-15 20:17:58,644 [pool-239-thread-1] INFO  server.RaftServerConfigKeys (ConfUtils.java:logGet(43)) - raft.server.log.appender.buffer.byte-limit = 33554432 (custom)
2019-11-15 20:17:58,644 [pool-229-thread-1] INFO  server.RaftServerConfigKeys (ConfUtils.java:logGet(43)) - raft.server.log.use.memory = false (default)
2019-11-15 20:17:58,644 [pool-239-thread-1] INFO  server.RaftServerConfigKeys (ConfUtils.java:logGet(43)) - raft.server.log.segment.size.max = 1048576 (custom)
2019-11-15 20:17:58,644 [pool-199-thread-1] INFO  server.RaftServerConfigKeys (ConfUtils.java:logGet(43)) - raft.server.log.use.memory = false (default)
2019-11-15 20:17:58,644 [pool-239-thread-1] INFO  server.RaftServerConfigKeys (ConfUtils.java:logGet(43)) - raft.server.log.segment.cache.num.max = 2 (custom)
2019-11-15 20:17:58,644 [pool-229-thread-1] INFO  server.RaftServerConfigKeys (ConfUtils.java:logGet(43)) - raft.server.log.purge.gap = 1000000 (custom)
2019-11-15 20:17:58,645 [pool-239-thread-1] INFO  segmented.SegmentedRaftLogWorker (SegmentedRaftLogWorker.java:<init>(173)) - new 02c8c0cd-3388-46ae-a10b-79a5583af984@group-916FECE7AAFF-SegmentedRaftLogWorker for RaftStorage:Storage Directory /workdir/hadoop-ozone/integration-test/target/test-dir/MiniOzoneClusterImpl-cd14858e-7fd2-404c-93a1-487d1243ff76/datanode-9/data/ratis/ce900b67-6ac3-4ea5-9465-916fece7aaff
2019-11-15 20:17:58,644 [pool-199-thread-1] INFO  server.RaftServerConfigKeys (ConfUtils.java:logGet(43)) - raft.server.log.purge.gap = 1000000 (custom)
2019-11-15 20:17:58,645 [pool-239-thread-1] INFO  server.RaftServerConfigKeys (ConfUtils.java:logGet(43)) - raft.server.log.queue.byte-limit = 2147483647 (custom)
2019-11-15 20:17:58,645 [pool-229-thread-1] INFO  server.RaftServerConfigKeys (ConfUtils.java:logGet(43)) - raft.server.log.appender.buffer.byte-limit = 33554432 (custom)
2019-11-15 20:17:58,645 [pool-239-thread-1] INFO  server.RaftServerConfigKeys (ConfUtils.java:logGet(43)) - raft.server.log.queue.element-limit = 1024 (custom)
2019-11-15 20:17:58,645 [pool-199-thread-1] INFO  server.RaftServerConfigKeys (ConfUtils.java:logGet(43)) - raft.server.log.appender.buffer.byte-limit = 33554432 (custom)
2019-11-15 20:17:58,645 [pool-239-thread-1] INFO  server.RaftServerConfigKeys (ConfUtils.java:logGet(43)) - raft.server.log.segment.size.max = 1048576 (custom)
2019-11-15 20:17:58,645 [pool-229-thread-1] INFO  server.RaftServerConfigKeys (ConfUtils.java:logGet(43)) - raft.server.log.segment.size.max = 1048576 (custom)
2019-11-15 20:17:58,645 [pool-239-thread-1] INFO  server.RaftServerConfigKeys (ConfUtils.java:logGet(43)) - raft.server.log.preallocated.size = 16384 (custom)
2019-11-15 20:17:58,645 [pool-199-thread-1] INFO  server.RaftServerConfigKeys (ConfUtils.java:logGet(43)) - raft.server.log.segment.size.max = 1048576 (custom)
2019-11-15 20:17:58,645 [pool-239-thread-1] INFO  server.RaftServerConfigKeys (ConfUtils.java:logGet(43)) - raft.server.log.write.buffer.size = 33554432 (custom)
2019-11-15 20:17:58,645 [pool-229-thread-1] INFO  server.RaftServerConfigKeys (ConfUtils.java:logGet(43)) - raft.server.log.segment.cache.num.max = 2 (custom)
2019-11-15 20:17:58,645 [pool-239-thread-1] INFO  server.RaftServerConfigKeys (ConfUtils.java:logGet(43)) - raft.server.log.force.sync.num = 128 (default)
2019-11-15 20:17:58,645 [pool-199-thread-1] INFO  server.RaftServerConfigKeys (ConfUtils.java:logGet(43)) - raft.server.log.segment.cache.num.max = 2 (custom)
2019-11-15 20:17:58,646 [pool-239-thread-1] INFO  server.RaftServerConfigKeys (ConfUtils.java:logGet(43)) - raft.server.log.statemachine.data.sync = true (default)
2019-11-15 20:17:58,646 [pool-229-thread-1] INFO  segmented.SegmentedRaftLogWorker (SegmentedRaftLogWorker.java:<init>(173)) - new 8ea95c1a-a940-4392-ad76-d729a81e9d62@group-916FECE7AAFF-SegmentedRaftLogWorker for RaftStorage:Storage Directory /workdir/hadoop-ozone/integration-test/target/test-dir/MiniOzoneClusterImpl-cd14858e-7fd2-404c-93a1-487d1243ff76/datanode-8/data/ratis/ce900b67-6ac3-4ea5-9465-916fece7aaff
2019-11-15 20:17:58,646 [pool-239-thread-1] INFO  server.RaftServerConfigKeys (ConfUtils.java:logGet(43)) - raft.server.log.statemachine.data.sync.timeout = 10s (default)
2019-11-15 20:17:58,646 [pool-199-thread-1] INFO  segmented.SegmentedRaftLogWorker (SegmentedRaftLogWorker.java:<init>(173)) - new 96e7c94e-3c8d-4ea5-9d39-2046e661862c@group-916FECE7AAFF-SegmentedRaftLogWorker for RaftStorage:Storage Directory /workdir/hadoop-ozone/integration-test/target/test-dir/MiniOzoneClusterImpl-cd14858e-7fd2-404c-93a1-487d1243ff76/datanode-5/data/ratis/ce900b67-6ac3-4ea5-9465-916fece7aaff
2019-11-15 20:17:58,646 [pool-239-thread-1] INFO  server.RaftServerConfigKeys (ConfUtils.java:logGet(43)) - raft.server.log.statemachine.data.sync.timeout.retry = -1 (default)
2019-11-15 20:17:58,646 [pool-229-thread-1] INFO  server.RaftServerConfigKeys (ConfUtils.java:logGet(43)) - raft.server.log.queue.byte-limit = 2147483647 (custom)
2019-11-15 20:17:58,646 [pool-239-thread-1] INFO  server.RaftServerConfigKeys (ConfUtils.java:logGet(43)) - raft.server.log.statemachine.data.caching.enabled = true (custom)
2019-11-15 20:17:58,646 [pool-199-thread-1] INFO  server.RaftServerConfigKeys (ConfUtils.java:logGet(43)) - raft.server.log.queue.byte-limit = 2147483647 (custom)
2019-11-15 20:17:58,646 [pool-199-thread-1] INFO  server.RaftServerConfigKeys (ConfUtils.java:logGet(43)) - raft.server.log.queue.element-limit = 1024 (custom)
2019-11-15 20:17:58,647 [pool-199-thread-1] INFO  server.RaftServerConfigKeys (ConfUtils.java:logGet(43)) - raft.server.log.segment.size.max = 1048576 (custom)
2019-11-15 20:17:58,647 [pool-199-thread-1] INFO  server.RaftServerConfigKeys (ConfUtils.java:logGet(43)) - raft.server.log.preallocated.size = 16384 (custom)
2019-11-15 20:17:58,647 [pool-199-thread-1] INFO  server.RaftServerConfigKeys (ConfUtils.java:logGet(43)) - raft.server.log.write.buffer.size = 33554432 (custom)
2019-11-15 20:17:58,647 [pool-199-thread-1] INFO  server.RaftServerConfigKeys (ConfUtils.java:logGet(43)) - raft.server.log.force.sync.num = 128 (default)
2019-11-15 20:17:58,647 [pool-199-thread-1] INFO  server.RaftServerConfigKeys (ConfUtils.java:logGet(43)) - raft.server.log.statemachine.data.sync = true (default)
2019-11-15 20:17:58,647 [pool-199-thread-1] INFO  server.RaftServerConfigKeys (ConfUtils.java:logGet(43)) - raft.server.log.statemachine.data.sync.timeout = 10s (default)
2019-11-15 20:17:58,647 [pool-199-thread-1] INFO  server.RaftServerConfigKeys (ConfUtils.java:logGet(43)) - raft.server.log.statemachine.data.sync.timeout.retry = -1 (default)
2019-11-15 20:17:58,647 [pool-199-thread-1] INFO  server.RaftServerConfigKeys (ConfUtils.java:logGet(43)) - raft.server.log.statemachine.data.caching.enabled = true (custom)
2019-11-15 20:17:58,647 [pool-199-thread-1] INFO  segmented.SegmentedRaftLogWorker (SegmentedRaftLogWorker.java:lambda$new$0(128)) - 96e7c94e-3c8d-4ea5-9d39-2046e661862c@group-916FECE7AAFF-SegmentedRaftLogWorker: flushIndex: setUnconditionally 0 -> -1
2019-11-15 20:17:58,646 [pool-229-thread-1] INFO  server.RaftServerConfigKeys (ConfUtils.java:logGet(43)) - raft.server.log.queue.element-limit = 1024 (custom)
2019-11-15 20:17:58,647 [pool-239-thread-1] INFO  segmented.SegmentedRaftLogWorker (SegmentedRaftLogWorker.java:lambda$new$0(128)) - 02c8c0cd-3388-46ae-a10b-79a5583af984@group-916FECE7AAFF-SegmentedRaftLogWorker: flushIndex: setUnconditionally 0 -> -1
2019-11-15 20:17:58,648 [pool-229-thread-1] INFO  server.RaftServerConfigKeys (ConfUtils.java:logGet(43)) - raft.server.log.segment.size.max = 1048576 (custom)
2019-11-15 20:17:58,648 [pool-199-thread-1] INFO  server.RaftServerConfigKeys (ConfUtils.java:logGet(43)) - raft.server.snapshot.auto.trigger.enabled = true (custom)
2019-11-15 20:17:58,648 [pool-229-thread-1] INFO  server.RaftServerConfigKeys (ConfUtils.java:logGet(43)) - raft.server.log.preallocated.size = 16384 (custom)
2019-11-15 20:17:58,648 [pool-199-thread-1] INFO  server.RaftServerConfigKeys (ConfUtils.java:logGet(43)) - raft.server.snapshot.auto.trigger.threshold = 10000 (custom)
2019-11-15 20:17:58,648 [pool-239-thread-1] INFO  server.RaftServerConfigKeys (ConfUtils.java:logGet(43)) - raft.server.snapshot.auto.trigger.enabled = true (custom)
2019-11-15 20:17:58,648 [pool-199-thread-1] INFO  server.RaftServerConfigKeys (ConfUtils.java:logGet(43)) - raft.server.snapshot.retention.file.num = 5 (custom)
2019-11-15 20:17:58,648 [pool-229-thread-1] INFO  server.RaftServerConfigKeys (ConfUtils.java:logGet(43)) - raft.server.log.write.buffer.size = 33554432 (custom)
2019-11-15 20:17:58,648 [pool-199-thread-1] INFO  server.RaftServerConfigKeys (ConfUtils.java:logGet(43)) - raft.server.retrycache.expirytime = 600000ms (custom)
2019-11-15 20:17:58,648 [pool-239-thread-1] INFO  server.RaftServerConfigKeys (ConfUtils.java:logGet(43)) - raft.server.snapshot.auto.trigger.threshold = 10000 (custom)
2019-11-15 20:17:58,649 [pool-199-thread-1] WARN  impl.MetricRegistriesImpl (MetricRegistriesImpl.java:lambda$create$1(61)) - First MetricRegistry has been created without registering reporters. You may need to call MetricRegistries.global().addReportRegistration(...) before.
2019-11-15 20:17:58,648 [pool-229-thread-1] INFO  server.RaftServerConfigKeys (ConfUtils.java:logGet(43)) - raft.server.log.force.sync.num = 128 (default)
2019-11-15 20:17:58,649 [pool-199-thread-1] WARN  impl.MetricRegistriesImpl (MetricRegistriesImpl.java:lambda$create$1(61)) - First MetricRegistry has been created without registering reporters. You may need to call MetricRegistries.global().addReportRegistration(...) before.
2019-11-15 20:17:58,649 [pool-239-thread-1] INFO  server.RaftServerConfigKeys (ConfUtils.java:logGet(43)) - raft.server.snapshot.retention.file.num = 5 (custom)
2019-11-15 20:17:58,649 [pool-199-thread-1] INFO  impl.RaftServerImpl (RaftServerImpl.java:start(184)) - 96e7c94e-3c8d-4ea5-9d39-2046e661862c@group-916FECE7AAFF: start as a follower, conf=-1: [8ea95c1a-a940-4392-ad76-d729a81e9d62:192.168.69.94:34879, 96e7c94e-3c8d-4ea5-9d39-2046e661862c:192.168.69.94:44753, 02c8c0cd-3388-46ae-a10b-79a5583af984:192.168.69.94:40363], old=null
2019-11-15 20:17:58,649 [pool-229-thread-1] INFO  server.RaftServerConfigKeys (ConfUtils.java:logGet(43)) - raft.server.log.statemachine.data.sync = true (default)
2019-11-15 20:17:58,649 [pool-199-thread-1] INFO  impl.RaftServerImpl (RaftServerImpl.java:setRole(173)) - 96e7c94e-3c8d-4ea5-9d39-2046e661862c@group-916FECE7AAFF: changes role from      null to FOLLOWER at term 0 for startAsFollower
2019-11-15 20:17:58,649 [pool-239-thread-1] INFO  server.RaftServerConfigKeys (ConfUtils.java:logGet(43)) - raft.server.retrycache.expirytime = 600000ms (custom)
2019-11-15 20:17:58,649 [pool-199-thread-1] INFO  impl.RoleInfo (RoleInfo.java:updateAndGet(143)) - 96e7c94e-3c8d-4ea5-9d39-2046e661862c: start FollowerState
2019-11-15 20:17:58,649 [pool-229-thread-1] INFO  server.RaftServerConfigKeys (ConfUtils.java:logGet(43)) - raft.server.log.statemachine.data.sync.timeout = 10s (default)
2019-11-15 20:17:58,649 [pool-239-thread-1] WARN  impl.MetricRegistriesImpl (MetricRegistriesImpl.java:lambda$create$1(61)) - First MetricRegistry has been created without registering reporters. You may need to call MetricRegistries.global().addReportRegistration(...) before.
2019-11-15 20:17:58,649 [pool-229-thread-1] INFO  server.RaftServerConfigKeys (ConfUtils.java:logGet(43)) - raft.server.log.statemachine.data.sync.timeout.retry = -1 (default)
2019-11-15 20:17:58,650 [pool-239-thread-1] WARN  impl.MetricRegistriesImpl (MetricRegistriesImpl.java:lambda$create$1(61)) - First MetricRegistry has been created without registering reporters. You may need to call MetricRegistries.global().addReportRegistration(...) before.
2019-11-15 20:17:58,650 [pool-229-thread-1] INFO  server.RaftServerConfigKeys (ConfUtils.java:logGet(43)) - raft.server.log.statemachine.data.caching.enabled = true (custom)
2019-11-15 20:17:58,650 [pool-199-thread-1] INFO  util.JmxRegister (JmxRegister.java:tryRegister(44)) - Successfully registered JMX Bean with object name Ratis:service=RaftServer,group=group-916FECE7AAFF,id=96e7c94e-3c8d-4ea5-9d39-2046e661862c
2019-11-15 20:17:58,650 [pool-239-thread-1] INFO  impl.RaftServerImpl (RaftServerImpl.java:start(184)) - 02c8c0cd-3388-46ae-a10b-79a5583af984@group-916FECE7AAFF: start as a follower, conf=-1: [8ea95c1a-a940-4392-ad76-d729a81e9d62:192.168.69.94:34879, 96e7c94e-3c8d-4ea5-9d39-2046e661862c:192.168.69.94:44753, 02c8c0cd-3388-46ae-a10b-79a5583af984:192.168.69.94:40363], old=null
2019-11-15 20:17:58,650 [pool-229-thread-1] INFO  segmented.SegmentedRaftLogWorker (SegmentedRaftLogWorker.java:lambda$new$0(128)) - 8ea95c1a-a940-4392-ad76-d729a81e9d62@group-916FECE7AAFF-SegmentedRaftLogWorker: flushIndex: setUnconditionally 0 -> -1
2019-11-15 20:17:58,650 [pool-199-thread-1] WARN  impl.MetricRegistriesImpl (MetricRegistriesImpl.java:lambda$create$1(61)) - First MetricRegistry has been created without registering reporters. You may need to call MetricRegistries.global().addReportRegistration(...) before.
2019-11-15 20:17:58,650 [pool-239-thread-1] INFO  impl.RaftServerImpl (RaftServerImpl.java:setRole(173)) - 02c8c0cd-3388-46ae-a10b-79a5583af984@group-916FECE7AAFF: changes role from      null to FOLLOWER at term 0 for startAsFollower
2019-11-15 20:17:58,650 [pool-229-thread-1] INFO  server.RaftServerConfigKeys (ConfUtils.java:logGet(43)) - raft.server.snapshot.auto.trigger.enabled = true (custom)
2019-11-15 20:17:58,650 [pool-239-thread-1] INFO  impl.RoleInfo (RoleInfo.java:updateAndGet(143)) - 02c8c0cd-3388-46ae-a10b-79a5583af984: start FollowerState
2019-11-15 20:17:58,650 [pool-229-thread-1] INFO  server.RaftServerConfigKeys (ConfUtils.java:logGet(43)) - raft.server.snapshot.auto.trigger.threshold = 10000 (custom)
2019-11-15 20:17:58,650 [pool-229-thread-1] INFO  server.RaftServerConfigKeys (ConfUtils.java:logGet(43)) - raft.server.snapshot.retention.file.num = 5 (custom)
2019-11-15 20:17:58,651 [pool-239-thread-1] INFO  util.JmxRegister (JmxRegister.java:tryRegister(44)) - Successfully registered JMX Bean with object name Ratis:service=RaftServer,group=group-916FECE7AAFF,id=02c8c0cd-3388-46ae-a10b-79a5583af984
2019-11-15 20:17:58,651 [pool-229-thread-1] INFO  server.RaftServerConfigKeys (ConfUtils.java:logGet(43)) - raft.server.retrycache.expirytime = 600000ms (custom)
2019-11-15 20:17:58,651 [pool-239-thread-1] WARN  impl.MetricRegistriesImpl (MetricRegistriesImpl.java:lambda$create$1(61)) - First MetricRegistry has been created without registering reporters. You may need to call MetricRegistries.global().addReportRegistration(...) before.
2019-11-15 20:17:58,651 [pool-229-thread-1] WARN  impl.MetricRegistriesImpl (MetricRegistriesImpl.java:lambda$create$1(61)) - First MetricRegistry has been created without registering reporters. You may need to call MetricRegistries.global().addReportRegistration(...) before.
2019-11-15 20:17:58,651 [pool-229-thread-1] WARN  impl.MetricRegistriesImpl (MetricRegistriesImpl.java:lambda$create$1(61)) - First MetricRegistry has been created without registering reporters. You may need to call MetricRegistries.global().addReportRegistration(...) before.
2019-11-15 20:17:58,651 [pool-229-thread-1] INFO  impl.RaftServerImpl (RaftServerImpl.java:start(184)) - 8ea95c1a-a940-4392-ad76-d729a81e9d62@group-916FECE7AAFF: start as a follower, conf=-1: [8ea95c1a-a940-4392-ad76-d729a81e9d62:192.168.69.94:34879, 96e7c94e-3c8d-4ea5-9d39-2046e661862c:192.168.69.94:44753, 02c8c0cd-3388-46ae-a10b-79a5583af984:192.168.69.94:40363], old=null
2019-11-15 20:17:58,651 [pool-229-thread-1] INFO  impl.RaftServerImpl (RaftServerImpl.java:setRole(173)) - 8ea95c1a-a940-4392-ad76-d729a81e9d62@group-916FECE7AAFF: changes role from      null to FOLLOWER at term 0 for startAsFollower
2019-11-15 20:17:58,651 [pool-229-thread-1] INFO  impl.RoleInfo (RoleInfo.java:updateAndGet(143)) - 8ea95c1a-a940-4392-ad76-d729a81e9d62: start FollowerState
2019-11-15 20:17:58,652 [pool-229-thread-1] INFO  util.JmxRegister (JmxRegister.java:tryRegister(44)) - Successfully registered JMX Bean with object name Ratis:service=RaftServer,group=group-916FECE7AAFF,id=8ea95c1a-a940-4392-ad76-d729a81e9d62
2019-11-15 20:17:58,652 [pool-229-thread-1] WARN  impl.MetricRegistriesImpl (MetricRegistriesImpl.java:lambda$create$1(61)) - First MetricRegistry has been created without registering reporters. You may need to call MetricRegistries.global().addReportRegistration(...) before.
2019-11-15 20:17:58,654 [RatisPipelineUtilsThread] INFO  pipeline.PipelineStateManager (PipelineStateManager.java:addPipeline(55)) - Created pipeline Pipeline[ Id: ce900b67-6ac3-4ea5-9465-916fece7aaff, Nodes: 8ea95c1a-a940-4392-ad76-d729a81e9d62{ip: 192.168.69.94, host: pr-hdds-2517-immreturn-vbf9m-3344069096, networkLocation: /rack1, certSerialId: null}96e7c94e-3c8d-4ea5-9d39-2046e661862c{ip: 192.168.69.94, host: pr-hdds-2517-immreturn-vbf9m-3344069096, networkLocation: /rack1, certSerialId: null}02c8c0cd-3388-46ae-a10b-79a5583af984{ip: 192.168.69.94, host: pr-hdds-2517-immreturn-vbf9m-3344069096, networkLocation: /rack1, certSerialId: null}, Type:RATIS, Factor:THREE, State:ALLOCATED]
2019-11-15 20:17:58,681 [grpc-default-executor-0] INFO  impl.RaftServerProxy (RaftServerProxy.java:addNew(89)) - c23f4e8b-a977-491c-8d15-b9b92ca8b7b3: addNew group-7372ACD755C2:[f5e6ed35-042e-40b5-afb2-c30172d49513:192.168.69.94:39593, c23f4e8b-a977-491c-8d15-b9b92ca8b7b3:192.168.69.94:37963, d88ca459-20d2-4f21-a4b7-d806c7c265fd:192.168.69.94:38325] returns group-7372ACD755C2:java.util.concurrent.CompletableFuture@4bdd841[Not completed]
2019-11-15 20:17:58,681 [grpc-default-executor-5] INFO  impl.RaftServerProxy (RaftServerProxy.java:addNew(89)) - d88ca459-20d2-4f21-a4b7-d806c7c265fd: addNew group-7372ACD755C2:[f5e6ed35-042e-40b5-afb2-c30172d49513:192.168.69.94:39593, c23f4e8b-a977-491c-8d15-b9b92ca8b7b3:192.168.69.94:37963, d88ca459-20d2-4f21-a4b7-d806c7c265fd:192.168.69.94:38325] returns group-7372ACD755C2:java.util.concurrent.CompletableFuture@6c65a8d4[Not completed]
2019-11-15 20:17:58,681 [grpc-default-executor-4] INFO  impl.RaftServerProxy (RaftServerProxy.java:addNew(89)) - f5e6ed35-042e-40b5-afb2-c30172d49513: addNew group-7372ACD755C2:[f5e6ed35-042e-40b5-afb2-c30172d49513:192.168.69.94:39593, c23f4e8b-a977-491c-8d15-b9b92ca8b7b3:192.168.69.94:37963, d88ca459-20d2-4f21-a4b7-d806c7c265fd:192.168.69.94:38325] returns group-7372ACD755C2:java.util.concurrent.CompletableFuture@2b16cf90[Not completed]
2019-11-15 20:17:58,683 [pool-189-thread-1] INFO  impl.RaftServerImpl (RaftServerImpl.java:<init>(98)) - c23f4e8b-a977-491c-8d15-b9b92ca8b7b3: new RaftServerImpl for group-7372ACD755C2:[f5e6ed35-042e-40b5-afb2-c30172d49513:192.168.69.94:39593, c23f4e8b-a977-491c-8d15-b9b92ca8b7b3:192.168.69.94:37963, d88ca459-20d2-4f21-a4b7-d806c7c265fd:192.168.69.94:38325] with ContainerStateMachine:uninitialized
2019-11-15 20:17:58,683 [pool-189-thread-1] INFO  server.RaftServerConfigKeys (ConfUtils.java:logGet(43)) - raft.server.rpc.timeout.min = 1s (custom)
2019-11-15 20:17:58,683 [pool-189-thread-1] INFO  server.RaftServerConfigKeys (ConfUtils.java:logGet(43)) - raft.server.rpc.timeout.max = 1200ms (custom)
2019-11-15 20:17:58,683 [pool-189-thread-1] INFO  server.RaftServerConfigKeys (ConfUtils.java:logGet(43)) - raft.server.rpcslowness.timeout = 120s (custom)
2019-11-15 20:17:58,683 [pool-189-thread-1] INFO  server.RaftServerConfigKeys (ConfUtils.java:logGet(43)) - raft.server.sleep.deviation.threshold = 300 (default)
2019-11-15 20:17:58,683 [pool-189-thread-1] INFO  server.RaftServerConfigKeys (ConfUtils.java:logGet(43)) - raft.server.log.appender.install.snapshot.enabled = false (custom)
2019-11-15 20:17:58,683 [pool-189-thread-1] INFO  impl.RaftServerImpl (ServerState.java:<init>(103)) - c23f4e8b-a977-491c-8d15-b9b92ca8b7b3@group-7372ACD755C2: ConfigurationManager, init=-1: [f5e6ed35-042e-40b5-afb2-c30172d49513:192.168.69.94:39593, c23f4e8b-a977-491c-8d15-b9b92ca8b7b3:192.168.69.94:37963, d88ca459-20d2-4f21-a4b7-d806c7c265fd:192.168.69.94:38325], old=null, confs=<EMPTY_MAP>
2019-11-15 20:17:58,684 [pool-189-thread-1] INFO  server.RaftServerConfigKeys (ConfUtils.java:logGet(43)) - raft.server.storage.dir = [/workdir/hadoop-ozone/integration-test/target/test-dir/MiniOzoneClusterImpl-cd14858e-7fd2-404c-93a1-487d1243ff76/datanode-4/data/ratis] (custom)
2019-11-15 20:17:58,684 [pool-189-thread-1] INFO  server.RaftServerConfigKeys (ConfUtils.java:logGet(43)) - raft.server.log.corruption.policy = EXCEPTION (default)
2019-11-15 20:17:58,684 [pool-179-thread-1] INFO  impl.RaftServerImpl (RaftServerImpl.java:<init>(98)) - f5e6ed35-042e-40b5-afb2-c30172d49513: new RaftServerImpl for group-7372ACD755C2:[f5e6ed35-042e-40b5-afb2-c30172d49513:192.168.69.94:39593, c23f4e8b-a977-491c-8d15-b9b92ca8b7b3:192.168.69.94:37963, d88ca459-20d2-4f21-a4b7-d806c7c265fd:192.168.69.94:38325] with ContainerStateMachine:uninitialized
2019-11-15 20:17:58,684 [pool-189-thread-1] INFO  storage.RaftStorageDirectory (RaftStorageDirectory.java:analyzeStorage(246)) - The storage directory /workdir/hadoop-ozone/integration-test/target/test-dir/MiniOzoneClusterImpl-cd14858e-7fd2-404c-93a1-487d1243ff76/datanode-4/data/ratis/829d6133-c088-452a-b17b-7372acd755c2 does not exist. Creating ...
2019-11-15 20:17:58,684 [pool-179-thread-1] INFO  server.RaftServerConfigKeys (ConfUtils.java:logGet(43)) - raft.server.rpc.timeout.min = 1s (custom)
2019-11-15 20:17:58,684 [pool-179-thread-1] INFO  server.RaftServerConfigKeys (ConfUtils.java:logGet(43)) - raft.server.rpc.timeout.max = 1200ms (custom)
2019-11-15 20:17:58,684 [pool-179-thread-1] INFO  server.RaftServerConfigKeys (ConfUtils.java:logGet(43)) - raft.server.rpcslowness.timeout = 120s (custom)
2019-11-15 20:17:58,684 [pool-209-thread-1] INFO  impl.RaftServerImpl (RaftServerImpl.java:<init>(98)) - d88ca459-20d2-4f21-a4b7-d806c7c265fd: new RaftServerImpl for group-7372ACD755C2:[f5e6ed35-042e-40b5-afb2-c30172d49513:192.168.69.94:39593, c23f4e8b-a977-491c-8d15-b9b92ca8b7b3:192.168.69.94:37963, d88ca459-20d2-4f21-a4b7-d806c7c265fd:192.168.69.94:38325] with ContainerStateMachine:uninitialized
2019-11-15 20:17:58,684 [pool-179-thread-1] INFO  server.RaftServerConfigKeys (ConfUtils.java:logGet(43)) - raft.server.sleep.deviation.threshold = 300 (default)
2019-11-15 20:17:58,685 [pool-209-thread-1] INFO  server.RaftServerConfigKeys (ConfUtils.java:logGet(43)) - raft.server.rpc.timeout.min = 1s (custom)
2019-11-15 20:17:58,685 [pool-179-thread-1] INFO  server.RaftServerConfigKeys (ConfUtils.java:logGet(43)) - raft.server.log.appender.install.snapshot.enabled = false (custom)
2019-11-15 20:17:58,685 [pool-209-thread-1] INFO  server.RaftServerConfigKeys (ConfUtils.java:logGet(43)) - raft.server.rpc.timeout.max = 1200ms (custom)
2019-11-15 20:17:58,685 [pool-179-thread-1] INFO  impl.RaftServerImpl (ServerState.java:<init>(103)) - f5e6ed35-042e-40b5-afb2-c30172d49513@group-7372ACD755C2: ConfigurationManager, init=-1: [f5e6ed35-042e-40b5-afb2-c30172d49513:192.168.69.94:39593, c23f4e8b-a977-491c-8d15-b9b92ca8b7b3:192.168.69.94:37963, d88ca459-20d2-4f21-a4b7-d806c7c265fd:192.168.69.94:38325], old=null, confs=<EMPTY_MAP>
2019-11-15 20:17:58,685 [pool-209-thread-1] INFO  server.RaftServerConfigKeys (ConfUtils.java:logGet(43)) - raft.server.rpcslowness.timeout = 120s (custom)
2019-11-15 20:17:58,685 [pool-209-thread-1] INFO  server.RaftServerConfigKeys (ConfUtils.java:logGet(43)) - raft.server.sleep.deviation.threshold = 300 (default)
2019-11-15 20:17:58,685 [pool-179-thread-1] INFO  server.RaftServerConfigKeys (ConfUtils.java:logGet(43)) - raft.server.storage.dir = [/workdir/hadoop-ozone/integration-test/target/test-dir/MiniOzoneClusterImpl-cd14858e-7fd2-404c-93a1-487d1243ff76/datanode-3/data/ratis] (custom)
2019-11-15 20:17:58,685 [pool-209-thread-1] INFO  server.RaftServerConfigKeys (ConfUtils.java:logGet(43)) - raft.server.log.appender.install.snapshot.enabled = false (custom)
2019-11-15 20:17:58,685 [pool-209-thread-1] INFO  impl.RaftServerImpl (ServerState.java:<init>(103)) - d88ca459-20d2-4f21-a4b7-d806c7c265fd@group-7372ACD755C2: ConfigurationManager, init=-1: [f5e6ed35-042e-40b5-afb2-c30172d49513:192.168.69.94:39593, c23f4e8b-a977-491c-8d15-b9b92ca8b7b3:192.168.69.94:37963, d88ca459-20d2-4f21-a4b7-d806c7c265fd:192.168.69.94:38325], old=null, confs=<EMPTY_MAP>
2019-11-15 20:17:58,685 [pool-179-thread-1] INFO  server.RaftServerConfigKeys (ConfUtils.java:logGet(43)) - raft.server.log.corruption.policy = EXCEPTION (default)
2019-11-15 20:17:58,685 [pool-209-thread-1] INFO  server.RaftServerConfigKeys (ConfUtils.java:logGet(43)) - raft.server.storage.dir = [/workdir/hadoop-ozone/integration-test/target/test-dir/MiniOzoneClusterImpl-cd14858e-7fd2-404c-93a1-487d1243ff76/datanode-6/data/ratis] (custom)
2019-11-15 20:17:58,685 [pool-179-thread-1] INFO  storage.RaftStorageDirectory (RaftStorageDirectory.java:analyzeStorage(246)) - The storage directory /workdir/hadoop-ozone/integration-test/target/test-dir/MiniOzoneClusterImpl-cd14858e-7fd2-404c-93a1-487d1243ff76/datanode-3/data/ratis/829d6133-c088-452a-b17b-7372acd755c2 does not exist. Creating ...
2019-11-15 20:17:58,686 [pool-209-thread-1] INFO  server.RaftServerConfigKeys (ConfUtils.java:logGet(43)) - raft.server.log.corruption.policy = EXCEPTION (default)
2019-11-15 20:17:58,686 [pool-209-thread-1] INFO  storage.RaftStorageDirectory (RaftStorageDirectory.java:analyzeStorage(246)) - The storage directory /workdir/hadoop-ozone/integration-test/target/test-dir/MiniOzoneClusterImpl-cd14858e-7fd2-404c-93a1-487d1243ff76/datanode-6/data/ratis/829d6133-c088-452a-b17b-7372acd755c2 does not exist. Creating ...
2019-11-15 20:17:58,698 [pool-189-thread-1] INFO  storage.RaftStorageDirectory (RaftStorageDirectory.java:tryLock(328)) - Lock on /workdir/hadoop-ozone/integration-test/target/test-dir/MiniOzoneClusterImpl-cd14858e-7fd2-404c-93a1-487d1243ff76/datanode-4/data/ratis/829d6133-c088-452a-b17b-7372acd755c2/in_use.lock acquired by nodename 23188@pr-hdds-2517-immreturn-vbf9m-3344069096
2019-11-15 20:17:58,698 [pool-209-thread-1] INFO  storage.RaftStorageDirectory (RaftStorageDirectory.java:tryLock(328)) - Lock on /workdir/hadoop-ozone/integration-test/target/test-dir/MiniOzoneClusterImpl-cd14858e-7fd2-404c-93a1-487d1243ff76/datanode-6/data/ratis/829d6133-c088-452a-b17b-7372acd755c2/in_use.lock acquired by nodename 23188@pr-hdds-2517-immreturn-vbf9m-3344069096
2019-11-15 20:17:58,698 [pool-179-thread-1] INFO  storage.RaftStorageDirectory (RaftStorageDirectory.java:tryLock(328)) - Lock on /workdir/hadoop-ozone/integration-test/target/test-dir/MiniOzoneClusterImpl-cd14858e-7fd2-404c-93a1-487d1243ff76/datanode-3/data/ratis/829d6133-c088-452a-b17b-7372acd755c2/in_use.lock acquired by nodename 23188@pr-hdds-2517-immreturn-vbf9m-3344069096
2019-11-15 20:17:58,712 [pool-179-thread-1] INFO  storage.RaftStorage (RaftStorage.java:format(84)) - Storage directory /workdir/hadoop-ozone/integration-test/target/test-dir/MiniOzoneClusterImpl-cd14858e-7fd2-404c-93a1-487d1243ff76/datanode-3/data/ratis/829d6133-c088-452a-b17b-7372acd755c2 has been successfully formatted.
2019-11-15 20:17:58,712 [pool-189-thread-1] INFO  storage.RaftStorage (RaftStorage.java:format(84)) - Storage directory /workdir/hadoop-ozone/integration-test/target/test-dir/MiniOzoneClusterImpl-cd14858e-7fd2-404c-93a1-487d1243ff76/datanode-4/data/ratis/829d6133-c088-452a-b17b-7372acd755c2 has been successfully formatted.
2019-11-15 20:17:58,712 [pool-209-thread-1] INFO  storage.RaftStorage (RaftStorage.java:format(84)) - Storage directory /workdir/hadoop-ozone/integration-test/target/test-dir/MiniOzoneClusterImpl-cd14858e-7fd2-404c-93a1-487d1243ff76/datanode-6/data/ratis/829d6133-c088-452a-b17b-7372acd755c2 has been successfully formatted.
2019-11-15 20:17:58,712 [pool-179-thread-1] INFO  ratis.ContainerStateMachine (ContainerStateMachine.java:loadSnapshot(223)) - group-7372ACD755C2: The snapshot info is null. Setting the last applied indexto:(t:0, i:~)
2019-11-15 20:17:58,712 [pool-189-thread-1] INFO  ratis.ContainerStateMachine (ContainerStateMachine.java:loadSnapshot(223)) - group-7372ACD755C2: The snapshot info is null. Setting the last applied indexto:(t:0, i:~)
2019-11-15 20:17:58,712 [pool-179-thread-1] INFO  server.RaftServerConfigKeys (ConfUtils.java:logGet(43)) - raft.server.notification.no-leader.timeout = 120s (custom)
2019-11-15 20:17:58,712 [pool-209-thread-1] INFO  ratis.ContainerStateMachine (ContainerStateMachine.java:loadSnapshot(223)) - group-7372ACD755C2: The snapshot info is null. Setting the last applied indexto:(t:0, i:~)
2019-11-15 20:17:58,712 [pool-179-thread-1] INFO  server.RaftServerConfigKeys (ConfUtils.java:logGet(43)) - raft.server.log.use.memory = false (default)
2019-11-15 20:17:58,712 [pool-189-thread-1] INFO  server.RaftServerConfigKeys (ConfUtils.java:logGet(43)) - raft.server.notification.no-leader.timeout = 120s (custom)
2019-11-15 20:17:58,713 [pool-179-thread-1] INFO  server.RaftServerConfigKeys (ConfUtils.java:logGet(43)) - raft.server.log.purge.gap = 1000000 (custom)
2019-11-15 20:17:58,713 [pool-209-thread-1] INFO  server.RaftServerConfigKeys (ConfUtils.java:logGet(43)) - raft.server.notification.no-leader.timeout = 120s (custom)
2019-11-15 20:17:58,713 [pool-179-thread-1] INFO  server.RaftServerConfigKeys (ConfUtils.java:logGet(43)) - raft.server.log.appender.buffer.byte-limit = 33554432 (custom)
2019-11-15 20:17:58,713 [pool-189-thread-1] INFO  server.RaftServerConfigKeys (ConfUtils.java:logGet(43)) - raft.server.log.use.memory = false (default)
2019-11-15 20:17:58,713 [pool-179-thread-1] INFO  server.RaftServerConfigKeys (ConfUtils.java:logGet(43)) - raft.server.log.segment.size.max = 1048576 (custom)
2019-11-15 20:17:58,713 [pool-209-thread-1] INFO  server.RaftServerConfigKeys (ConfUtils.java:logGet(43)) - raft.server.log.use.memory = false (default)
2019-11-15 20:17:58,713 [pool-189-thread-1] INFO  server.RaftServerConfigKeys (ConfUtils.java:logGet(43)) - raft.server.log.purge.gap = 1000000 (custom)
2019-11-15 20:17:58,713 [pool-209-thread-1] INFO  server.RaftServerConfigKeys (ConfUtils.java:logGet(43)) - raft.server.log.purge.gap = 1000000 (custom)
2019-11-15 20:17:58,713 [pool-179-thread-1] INFO  server.RaftServerConfigKeys (ConfUtils.java:logGet(43)) - raft.server.log.segment.cache.num.max = 2 (custom)
2019-11-15 20:17:58,713 [pool-209-thread-1] INFO  server.RaftServerConfigKeys (ConfUtils.java:logGet(43)) - raft.server.log.appender.buffer.byte-limit = 33554432 (custom)
2019-11-15 20:17:58,713 [pool-189-thread-1] INFO  server.RaftServerConfigKeys (ConfUtils.java:logGet(43)) - raft.server.log.appender.buffer.byte-limit = 33554432 (custom)
2019-11-15 20:17:58,714 [pool-209-thread-1] INFO  server.RaftServerConfigKeys (ConfUtils.java:logGet(43)) - raft.server.log.segment.size.max = 1048576 (custom)
2019-11-15 20:17:58,713 [pool-179-thread-1] INFO  segmented.SegmentedRaftLogWorker (SegmentedRaftLogWorker.java:<init>(173)) - new f5e6ed35-042e-40b5-afb2-c30172d49513@group-7372ACD755C2-SegmentedRaftLogWorker for RaftStorage:Storage Directory /workdir/hadoop-ozone/integration-test/target/test-dir/MiniOzoneClusterImpl-cd14858e-7fd2-404c-93a1-487d1243ff76/datanode-3/data/ratis/829d6133-c088-452a-b17b-7372acd755c2
2019-11-15 20:17:58,714 [pool-209-thread-1] INFO  server.RaftServerConfigKeys (ConfUtils.java:logGet(43)) - raft.server.log.segment.cache.num.max = 2 (custom)
2019-11-15 20:17:58,714 [pool-189-thread-1] INFO  server.RaftServerConfigKeys (ConfUtils.java:logGet(43)) - raft.server.log.segment.size.max = 1048576 (custom)
2019-11-15 20:17:58,714 [pool-209-thread-1] INFO  segmented.SegmentedRaftLogWorker (SegmentedRaftLogWorker.java:<init>(173)) - new d88ca459-20d2-4f21-a4b7-d806c7c265fd@group-7372ACD755C2-SegmentedRaftLogWorker for RaftStorage:Storage Directory /workdir/hadoop-ozone/integration-test/target/test-dir/MiniOzoneClusterImpl-cd14858e-7fd2-404c-93a1-487d1243ff76/datanode-6/data/ratis/829d6133-c088-452a-b17b-7372acd755c2
2019-11-15 20:17:58,714 [pool-179-thread-1] INFO  server.RaftServerConfigKeys (ConfUtils.java:logGet(43)) - raft.server.log.queue.byte-limit = 2147483647 (custom)
2019-11-15 20:17:58,714 [pool-209-thread-1] INFO  server.RaftServerConfigKeys (ConfUtils.java:logGet(43)) - raft.server.log.queue.byte-limit = 2147483647 (custom)
2019-11-15 20:17:58,714 [pool-189-thread-1] INFO  server.RaftServerConfigKeys (ConfUtils.java:logGet(43)) - raft.server.log.segment.cache.num.max = 2 (custom)
2019-11-15 20:17:58,714 [pool-209-thread-1] INFO  server.RaftServerConfigKeys (ConfUtils.java:logGet(43)) - raft.server.log.queue.element-limit = 1024 (custom)
2019-11-15 20:17:58,714 [pool-179-thread-1] INFO  server.RaftServerConfigKeys (ConfUtils.java:logGet(43)) - raft.server.log.queue.element-limit = 1024 (custom)
2019-11-15 20:17:58,714 [pool-209-thread-1] INFO  server.RaftServerConfigKeys (ConfUtils.java:logGet(43)) - raft.server.log.segment.size.max = 1048576 (custom)
2019-11-15 20:17:58,714 [pool-189-thread-1] INFO  segmented.SegmentedRaftLogWorker (SegmentedRaftLogWorker.java:<init>(173)) - new c23f4e8b-a977-491c-8d15-b9b92ca8b7b3@group-7372ACD755C2-SegmentedRaftLogWorker for RaftStorage:Storage Directory /workdir/hadoop-ozone/integration-test/target/test-dir/MiniOzoneClusterImpl-cd14858e-7fd2-404c-93a1-487d1243ff76/datanode-4/data/ratis/829d6133-c088-452a-b17b-7372acd755c2
2019-11-15 20:17:58,715 [pool-209-thread-1] INFO  server.RaftServerConfigKeys (ConfUtils.java:logGet(43)) - raft.server.log.preallocated.size = 16384 (custom)
2019-11-15 20:17:58,714 [pool-179-thread-1] INFO  server.RaftServerConfigKeys (ConfUtils.java:logGet(43)) - raft.server.log.segment.size.max = 1048576 (custom)
2019-11-15 20:17:58,715 [pool-209-thread-1] INFO  server.RaftServerConfigKeys (ConfUtils.java:logGet(43)) - raft.server.log.write.buffer.size = 33554432 (custom)
2019-11-15 20:17:58,715 [pool-189-thread-1] INFO  server.RaftServerConfigKeys (ConfUtils.java:logGet(43)) - raft.server.log.queue.byte-limit = 2147483647 (custom)
2019-11-15 20:17:58,715 [pool-209-thread-1] INFO  server.RaftServerConfigKeys (ConfUtils.java:logGet(43)) - raft.server.log.force.sync.num = 128 (default)
2019-11-15 20:17:58,715 [pool-179-thread-1] INFO  server.RaftServerConfigKeys (ConfUtils.java:logGet(43)) - raft.server.log.preallocated.size = 16384 (custom)
2019-11-15 20:17:58,715 [pool-209-thread-1] INFO  server.RaftServerConfigKeys (ConfUtils.java:logGet(43)) - raft.server.log.statemachine.data.sync = true (default)
2019-11-15 20:17:58,715 [pool-189-thread-1] INFO  server.RaftServerConfigKeys (ConfUtils.java:logGet(43)) - raft.server.log.queue.element-limit = 1024 (custom)
2019-11-15 20:17:58,715 [pool-209-thread-1] INFO  server.RaftServerConfigKeys (ConfUtils.java:logGet(43)) - raft.server.log.statemachine.data.sync.timeout = 10s (default)
2019-11-15 20:17:58,715 [pool-179-thread-1] INFO  server.RaftServerConfigKeys (ConfUtils.java:logGet(43)) - raft.server.log.write.buffer.size = 33554432 (custom)
2019-11-15 20:17:58,715 [pool-209-thread-1] INFO  server.RaftServerConfigKeys (ConfUtils.java:logGet(43)) - raft.server.log.statemachine.data.sync.timeout.retry = -1 (default)
2019-11-15 20:17:58,715 [pool-189-thread-1] INFO  server.RaftServerConfigKeys (ConfUtils.java:logGet(43)) - raft.server.log.segment.size.max = 1048576 (custom)
2019-11-15 20:17:58,715 [pool-179-thread-1] INFO  server.RaftServerConfigKeys (ConfUtils.java:logGet(43)) - raft.server.log.force.sync.num = 128 (default)
2019-11-15 20:17:58,716 [pool-209-thread-1] INFO  server.RaftServerConfigKeys (ConfUtils.java:logGet(43)) - raft.server.log.statemachine.data.caching.enabled = true (custom)
2019-11-15 20:17:58,716 [pool-189-thread-1] INFO  server.RaftServerConfigKeys (ConfUtils.java:logGet(43)) - raft.server.log.preallocated.size = 16384 (custom)
2019-11-15 20:17:58,716 [pool-179-thread-1] INFO  server.RaftServerConfigKeys (ConfUtils.java:logGet(43)) - raft.server.log.statemachine.data.sync = true (default)
2019-11-15 20:17:58,716 [pool-189-thread-1] INFO  server.RaftServerConfigKeys (ConfUtils.java:logGet(43)) - raft.server.log.write.buffer.size = 33554432 (custom)
2019-11-15 20:17:58,716 [pool-209-thread-1] INFO  segmented.SegmentedRaftLogWorker (SegmentedRaftLogWorker.java:lambda$new$0(128)) - d88ca459-20d2-4f21-a4b7-d806c7c265fd@group-7372ACD755C2-SegmentedRaftLogWorker: flushIndex: setUnconditionally 0 -> -1
2019-11-15 20:17:58,716 [pool-179-thread-1] INFO  server.RaftServerConfigKeys (ConfUtils.java:logGet(43)) - raft.server.log.statemachine.data.sync.timeout = 10s (default)
2019-11-15 20:17:58,716 [pool-189-thread-1] INFO  server.RaftServerConfigKeys (ConfUtils.java:logGet(43)) - raft.server.log.force.sync.num = 128 (default)
2019-11-15 20:17:58,716 [pool-209-thread-1] INFO  server.RaftServerConfigKeys (ConfUtils.java:logGet(43)) - raft.server.snapshot.auto.trigger.enabled = true (custom)
2019-11-15 20:17:58,716 [pool-179-thread-1] INFO  server.RaftServerConfigKeys (ConfUtils.java:logGet(43)) - raft.server.log.statemachine.data.sync.timeout.retry = -1 (default)
2019-11-15 20:17:58,716 [pool-209-thread-1] INFO  server.RaftServerConfigKeys (ConfUtils.java:logGet(43)) - raft.server.snapshot.auto.trigger.threshold = 10000 (custom)
2019-11-15 20:17:58,716 [pool-189-thread-1] INFO  server.RaftServerConfigKeys (ConfUtils.java:logGet(43)) - raft.server.log.statemachine.data.sync = true (default)
2019-11-15 20:17:58,716 [pool-209-thread-1] INFO  server.RaftServerConfigKeys (ConfUtils.java:logGet(43)) - raft.server.snapshot.retention.file.num = 5 (custom)
2019-11-15 20:17:58,716 [pool-179-thread-1] INFO  server.RaftServerConfigKeys (ConfUtils.java:logGet(43)) - raft.server.log.statemachine.data.caching.enabled = true (custom)
2019-11-15 20:17:58,717 [pool-209-thread-1] INFO  server.RaftServerConfigKeys (ConfUtils.java:logGet(43)) - raft.server.retrycache.expirytime = 600000ms (custom)
2019-11-15 20:17:58,716 [pool-189-thread-1] INFO  server.RaftServerConfigKeys (ConfUtils.java:logGet(43)) - raft.server.log.statemachine.data.sync.timeout = 10s (default)
2019-11-15 20:17:58,717 [pool-209-thread-1] WARN  impl.MetricRegistriesImpl (MetricRegistriesImpl.java:lambda$create$1(61)) - First MetricRegistry has been created without registering reporters. You may need to call MetricRegistries.global().addReportRegistration(...) before.
2019-11-15 20:17:58,717 [pool-179-thread-1] INFO  segmented.SegmentedRaftLogWorker (SegmentedRaftLogWorker.java:lambda$new$0(128)) - f5e6ed35-042e-40b5-afb2-c30172d49513@group-7372ACD755C2-SegmentedRaftLogWorker: flushIndex: setUnconditionally 0 -> -1
2019-11-15 20:17:58,717 [pool-209-thread-1] WARN  impl.MetricRegistriesImpl (MetricRegistriesImpl.java:lambda$create$1(61)) - First MetricRegistry has been created without registering reporters. You may need to call MetricRegistries.global().addReportRegistration(...) before.
2019-11-15 20:17:58,717 [pool-189-thread-1] INFO  server.RaftServerConfigKeys (ConfUtils.java:logGet(43)) - raft.server.log.statemachine.data.sync.timeout.retry = -1 (default)
2019-11-15 20:17:58,717 [pool-179-thread-1] INFO  server.RaftServerConfigKeys (ConfUtils.java:logGet(43)) - raft.server.snapshot.auto.trigger.enabled = true (custom)
2019-11-15 20:17:58,717 [pool-189-thread-1] INFO  server.RaftServerConfigKeys (ConfUtils.java:logGet(43)) - raft.server.log.statemachine.data.caching.enabled = true (custom)
2019-11-15 20:17:58,717 [pool-209-thread-1] INFO  impl.RaftServerImpl (RaftServerImpl.java:start(184)) - d88ca459-20d2-4f21-a4b7-d806c7c265fd@group-7372ACD755C2: start as a follower, conf=-1: [f5e6ed35-042e-40b5-afb2-c30172d49513:192.168.69.94:39593, c23f4e8b-a977-491c-8d15-b9b92ca8b7b3:192.168.69.94:37963, d88ca459-20d2-4f21-a4b7-d806c7c265fd:192.168.69.94:38325], old=null
2019-11-15 20:17:58,717 [pool-179-thread-1] INFO  server.RaftServerConfigKeys (ConfUtils.java:logGet(43)) - raft.server.snapshot.auto.trigger.threshold = 10000 (custom)
2019-11-15 20:17:58,717 [pool-209-thread-1] INFO  impl.RaftServerImpl (RaftServerImpl.java:setRole(173)) - d88ca459-20d2-4f21-a4b7-d806c7c265fd@group-7372ACD755C2: changes role from      null to FOLLOWER at term 0 for startAsFollower
2019-11-15 20:17:58,717 [pool-179-thread-1] INFO  server.RaftServerConfigKeys (ConfUtils.java:logGet(43)) - raft.server.snapshot.retention.file.num = 5 (custom)
2019-11-15 20:17:58,717 [pool-189-thread-1] INFO  segmented.SegmentedRaftLogWorker (SegmentedRaftLogWorker.java:lambda$new$0(128)) - c23f4e8b-a977-491c-8d15-b9b92ca8b7b3@group-7372ACD755C2-SegmentedRaftLogWorker: flushIndex: setUnconditionally 0 -> -1
2019-11-15 20:17:58,718 [pool-179-thread-1] INFO  server.RaftServerConfigKeys (ConfUtils.java:logGet(43)) - raft.server.retrycache.expirytime = 600000ms (custom)
2019-11-15 20:17:58,718 [pool-209-thread-1] INFO  impl.RoleInfo (RoleInfo.java:updateAndGet(143)) - d88ca459-20d2-4f21-a4b7-d806c7c265fd: start FollowerState
2019-11-15 20:17:58,718 [pool-179-thread-1] WARN  impl.MetricRegistriesImpl (MetricRegistriesImpl.java:lambda$create$1(61)) - First MetricRegistry has been created without registering reporters. You may need to call MetricRegistries.global().addReportRegistration(...) before.
2019-11-15 20:17:58,718 [pool-189-thread-1] INFO  server.RaftServerConfigKeys (ConfUtils.java:logGet(43)) - raft.server.snapshot.auto.trigger.enabled = true (custom)
2019-11-15 20:17:58,718 [pool-179-thread-1] WARN  impl.MetricRegistriesImpl (MetricRegistriesImpl.java:lambda$create$1(61)) - First MetricRegistry has been created without registering reporters. You may need to call MetricRegistries.global().addReportRegistration(...) before.
2019-11-15 20:17:58,718 [pool-189-thread-1] INFO  server.RaftServerConfigKeys (ConfUtils.java:logGet(43)) - raft.server.snapshot.auto.trigger.threshold = 10000 (custom)
2019-11-15 20:17:58,718 [pool-209-thread-1] INFO  util.JmxRegister (JmxRegister.java:tryRegister(44)) - Successfully registered JMX Bean with object name Ratis:service=RaftServer,group=group-7372ACD755C2,id=d88ca459-20d2-4f21-a4b7-d806c7c265fd
2019-11-15 20:17:58,718 [pool-189-thread-1] INFO  server.RaftServerConfigKeys (ConfUtils.java:logGet(43)) - raft.server.snapshot.retention.file.num = 5 (custom)
2019-11-15 20:17:58,718 [pool-179-thread-1] INFO  impl.RaftServerImpl (RaftServerImpl.java:start(184)) - f5e6ed35-042e-40b5-afb2-c30172d49513@group-7372ACD755C2: start as a follower, conf=-1: [f5e6ed35-042e-40b5-afb2-c30172d49513:192.168.69.94:39593, c23f4e8b-a977-491c-8d15-b9b92ca8b7b3:192.168.69.94:37963, d88ca459-20d2-4f21-a4b7-d806c7c265fd:192.168.69.94:38325], old=null
2019-11-15 20:17:58,718 [pool-189-thread-1] INFO  server.RaftServerConfigKeys (ConfUtils.java:logGet(43)) - raft.server.retrycache.expirytime = 600000ms (custom)
2019-11-15 20:17:58,718 [pool-209-thread-1] WARN  impl.MetricRegistriesImpl (MetricRegistriesImpl.java:lambda$create$1(61)) - First MetricRegistry has been created without registering reporters. You may need to call MetricRegistries.global().addReportRegistration(...) before.
2019-11-15 20:17:58,718 [pool-189-thread-1] WARN  impl.MetricRegistriesImpl (MetricRegistriesImpl.java:lambda$create$1(61)) - First MetricRegistry has been created without registering reporters. You may need to call MetricRegistries.global().addReportRegistration(...) before.
2019-11-15 20:17:58,718 [pool-179-thread-1] INFO  impl.RaftServerImpl (RaftServerImpl.java:setRole(173)) - f5e6ed35-042e-40b5-afb2-c30172d49513@group-7372ACD755C2: changes role from      null to FOLLOWER at term 0 for startAsFollower
2019-11-15 20:17:58,719 [pool-189-thread-1] WARN  impl.MetricRegistriesImpl (MetricRegistriesImpl.java:lambda$create$1(61)) - First MetricRegistry has been created without registering reporters. You may need to call MetricRegistries.global().addReportRegistration(...) before.
2019-11-15 20:17:58,719 [pool-179-thread-1] INFO  impl.RoleInfo (RoleInfo.java:updateAndGet(143)) - f5e6ed35-042e-40b5-afb2-c30172d49513: start FollowerState
2019-11-15 20:17:58,719 [pool-189-thread-1] INFO  impl.RaftServerImpl (RaftServerImpl.java:start(184)) - c23f4e8b-a977-491c-8d15-b9b92ca8b7b3@group-7372ACD755C2: start as a follower, conf=-1: [f5e6ed35-042e-40b5-afb2-c30172d49513:192.168.69.94:39593, c23f4e8b-a977-491c-8d15-b9b92ca8b7b3:192.168.69.94:37963, d88ca459-20d2-4f21-a4b7-d806c7c265fd:192.168.69.94:38325], old=null
2019-11-15 20:17:58,719 [pool-189-thread-1] INFO  impl.RaftServerImpl (RaftServerImpl.java:setRole(173)) - c23f4e8b-a977-491c-8d15-b9b92ca8b7b3@group-7372ACD755C2: changes role from      null to FOLLOWER at term 0 for startAsFollower
2019-11-15 20:17:58,719 [pool-179-thread-1] INFO  util.JmxRegister (JmxRegister.java:tryRegister(44)) - Successfully registered JMX Bean with object name Ratis:service=RaftServer,group=group-7372ACD755C2,id=f5e6ed35-042e-40b5-afb2-c30172d49513
2019-11-15 20:17:58,719 [pool-189-thread-1] INFO  impl.RoleInfo (RoleInfo.java:updateAndGet(143)) - c23f4e8b-a977-491c-8d15-b9b92ca8b7b3: start FollowerState
2019-11-15 20:17:58,719 [pool-179-thread-1] WARN  impl.MetricRegistriesImpl (MetricRegistriesImpl.java:lambda$create$1(61)) - First MetricRegistry has been created without registering reporters. You may need to call MetricRegistries.global().addReportRegistration(...) before.
2019-11-15 20:17:58,720 [pool-189-thread-1] INFO  util.JmxRegister (JmxRegister.java:tryRegister(44)) - Successfully registered JMX Bean with object name Ratis:service=RaftServer,group=group-7372ACD755C2,id=c23f4e8b-a977-491c-8d15-b9b92ca8b7b3
2019-11-15 20:17:58,720 [pool-189-thread-1] WARN  impl.MetricRegistriesImpl (MetricRegistriesImpl.java:lambda$create$1(61)) - First MetricRegistry has been created without registering reporters. You may need to call MetricRegistries.global().addReportRegistration(...) before.
2019-11-15 20:17:58,722 [RatisPipelineUtilsThread] INFO  pipeline.PipelineStateManager (PipelineStateManager.java:addPipeline(55)) - Created pipeline Pipeline[ Id: 829d6133-c088-452a-b17b-7372acd755c2, Nodes: c23f4e8b-a977-491c-8d15-b9b92ca8b7b3{ip: 192.168.69.94, host: pr-hdds-2517-immreturn-vbf9m-3344069096, networkLocation: /rack1, certSerialId: null}d88ca459-20d2-4f21-a4b7-d806c7c265fd{ip: 192.168.69.94, host: pr-hdds-2517-immreturn-vbf9m-3344069096, networkLocation: /rack1, certSerialId: null}f5e6ed35-042e-40b5-afb2-c30172d49513{ip: 192.168.69.94, host: pr-hdds-2517-immreturn-vbf9m-3344069096, networkLocation: /rack1, certSerialId: null}, Type:RATIS, Factor:THREE, State:ALLOCATED]
2019-11-15 20:17:58,722 [main] INFO  ozone.MiniOzoneClusterImpl (MiniOzoneClusterImpl.java:lambda$waitForClusterToBeReady$2(163)) - Waiting for 13 number of pipelines out of 13, to report a leader.
2019-11-15 20:17:59,023 [Thread-1237] INFO  impl.FollowerState (FollowerState.java:run(111)) - ede53ce7-e9c4-4a5f-842c-51dc9db012c0@group-3E72D5816571-FollowerState: change to CANDIDATE, lastRpcTime:1108ms, electionTimeout:1108ms
2019-11-15 20:17:59,023 [Thread-1237] INFO  impl.RoleInfo (RoleInfo.java:shutdownFollowerState(121)) - ede53ce7-e9c4-4a5f-842c-51dc9db012c0: shutdown FollowerState
2019-11-15 20:17:59,023 [Thread-1237] INFO  impl.RaftServerImpl (RaftServerImpl.java:setRole(173)) - ede53ce7-e9c4-4a5f-842c-51dc9db012c0@group-3E72D5816571: changes role from  FOLLOWER to CANDIDATE at term 0 for changeToCandidate
2019-11-15 20:17:59,023 [Thread-1237] INFO  impl.RoleInfo (RoleInfo.java:updateAndGet(143)) - ede53ce7-e9c4-4a5f-842c-51dc9db012c0: start LeaderElection
2019-11-15 20:17:59,042 [ede53ce7-e9c4-4a5f-842c-51dc9db012c0@group-3E72D5816571-LeaderElection49] INFO  impl.LeaderElection (LeaderElection.java:askForVotes(178)) - ede53ce7-e9c4-4a5f-842c-51dc9db012c0@group-3E72D5816571-LeaderElection49: begin an election at term 1 for -1: [ede53ce7-e9c4-4a5f-842c-51dc9db012c0:192.168.69.94:43422], old=null
2019-11-15 20:17:59,042 [ede53ce7-e9c4-4a5f-842c-51dc9db012c0@group-3E72D5816571-LeaderElection49] INFO  impl.RoleInfo (RoleInfo.java:shutdownLeaderElection(134)) - ede53ce7-e9c4-4a5f-842c-51dc9db012c0: shutdown LeaderElection
2019-11-15 20:17:59,042 [ede53ce7-e9c4-4a5f-842c-51dc9db012c0@group-3E72D5816571-LeaderElection49] INFO  impl.RaftServerImpl (RaftServerImpl.java:setRole(173)) - ede53ce7-e9c4-4a5f-842c-51dc9db012c0@group-3E72D5816571: changes role from CANDIDATE to LEADER at term 1 for changeToLeader
2019-11-15 20:17:59,042 [ede53ce7-e9c4-4a5f-842c-51dc9db012c0@group-3E72D5816571-LeaderElection49] INFO  ratis.XceiverServerRatis (XceiverServerRatis.java:handleLeaderChangedNotification(697)) - Leader change notification received for group: group-3E72D5816571 with new leaderId: ede53ce7-e9c4-4a5f-842c-51dc9db012c0
2019-11-15 20:17:59,042 [ede53ce7-e9c4-4a5f-842c-51dc9db012c0@group-3E72D5816571-LeaderElection49] INFO  impl.RaftServerImpl (ServerState.java:setLeader(255)) - ede53ce7-e9c4-4a5f-842c-51dc9db012c0@group-3E72D5816571: change Leader from null to ede53ce7-e9c4-4a5f-842c-51dc9db012c0 at term 1 for becomeLeader, leader elected after 1132ms
2019-11-15 20:17:59,043 [ede53ce7-e9c4-4a5f-842c-51dc9db012c0@group-3E72D5816571-LeaderElection49] INFO  server.RaftServerConfigKeys (ConfUtils.java:logGet(43)) - raft.server.staging.catchup.gap = 1000 (default)
2019-11-15 20:17:59,043 [ede53ce7-e9c4-4a5f-842c-51dc9db012c0@group-3E72D5816571-LeaderElection49] INFO  server.RaftServerConfigKeys (ConfUtils.java:logGet(43)) - raft.server.rpc.sleep.time = 25ms (default)
2019-11-15 20:17:59,045 [ede53ce7-e9c4-4a5f-842c-51dc9db012c0@group-3E72D5816571-LeaderElection49] INFO  server.RaftServerConfigKeys (ConfUtils.java:logGet(43)) - raft.server.write.element-limit = 4096 (default)
2019-11-15 20:17:59,045 [ede53ce7-e9c4-4a5f-842c-51dc9db012c0@group-3E72D5816571-LeaderElection49] INFO  server.RaftServerConfigKeys (ConfUtils.java:logGet(43)) - raft.server.watch.timeout = 10s (default)
2019-11-15 20:17:59,046 [ede53ce7-e9c4-4a5f-842c-51dc9db012c0@group-3E72D5816571-LeaderElection49] INFO  server.RaftServerConfigKeys (ConfUtils.java:logGet(43)) - raft.server.watch.timeout.denomination = 1s (default)
2019-11-15 20:17:59,046 [ede53ce7-e9c4-4a5f-842c-51dc9db012c0@group-3E72D5816571-LeaderElection49] INFO  server.RaftServerConfigKeys (ConfUtils.java:logGet(43)) - raft.server.watch.element-limit = 65536 (default)
2019-11-15 20:17:59,046 [ede53ce7-e9c4-4a5f-842c-51dc9db012c0@group-3E72D5816571-LeaderElection49] INFO  impl.RoleInfo (RoleInfo.java:updateAndGet(143)) - ede53ce7-e9c4-4a5f-842c-51dc9db012c0: start LeaderState
2019-11-15 20:17:59,046 [EventQueue-PipelineReportForPipelineReportHandler] INFO  pipeline.PipelineStateManager (PipelineStateManager.java:openPipeline(134)) - Pipeline Pipeline[ Id: fc0c02af-5068-43b2-ad64-3e72d5816571, Nodes: ede53ce7-e9c4-4a5f-842c-51dc9db012c0{ip: 192.168.69.94, host: pr-hdds-2517-immreturn-vbf9m-3344069096, networkLocation: /rack1, certSerialId: null}, Type:RATIS, Factor:ONE, State:OPEN] moved to OPEN state
2019-11-15 20:17:59,046 [ede53ce7-e9c4-4a5f-842c-51dc9db012c0@group-3E72D5816571-LeaderElection49] INFO  segmented.SegmentedRaftLogWorker (SegmentedRaftLogWorker.java:startLogSegment(385)) - ede53ce7-e9c4-4a5f-842c-51dc9db012c0@group-3E72D5816571-SegmentedRaftLogWorker: Starting segment from index:0
2019-11-15 20:17:59,047 [ede53ce7-e9c4-4a5f-842c-51dc9db012c0@group-3E72D5816571-LeaderElection49] INFO  impl.RaftServerImpl (ServerState.java:setRaftConf(356)) - ede53ce7-e9c4-4a5f-842c-51dc9db012c0@group-3E72D5816571: set configuration 0: [ede53ce7-e9c4-4a5f-842c-51dc9db012c0:192.168.69.94:43422], old=null at 0
2019-11-15 20:17:59,088 [ede53ce7-e9c4-4a5f-842c-51dc9db012c0@group-3E72D5816571-SegmentedRaftLogWorker] INFO  segmented.SegmentedRaftLogWorker (SegmentedRaftLogWorker.java:execute(576)) - ede53ce7-e9c4-4a5f-842c-51dc9db012c0@group-3E72D5816571-SegmentedRaftLogWorker: created new log segment /workdir/hadoop-ozone/integration-test/target/test-dir/MiniOzoneClusterImpl-cd14858e-7fd2-404c-93a1-487d1243ff76/datanode-0/data/ratis/fc0c02af-5068-43b2-ad64-3e72d5816571/current/log_inprogress_0
2019-11-15 20:17:59,145 [Thread-1240] INFO  impl.FollowerState (FollowerState.java:run(111)) - 278d11c8-d2e3-4654-bbf4-54dbcf402594@group-23FE39ECFB81-FollowerState: change to CANDIDATE, lastRpcTime:1160ms, electionTimeout:1160ms
2019-11-15 20:17:59,145 [Thread-1240] INFO  impl.RoleInfo (RoleInfo.java:shutdownFollowerState(121)) - 278d11c8-d2e3-4654-bbf4-54dbcf402594: shutdown FollowerState
2019-11-15 20:17:59,145 [Thread-1240] INFO  impl.RaftServerImpl (RaftServerImpl.java:setRole(173)) - 278d11c8-d2e3-4654-bbf4-54dbcf402594@group-23FE39ECFB81: changes role from  FOLLOWER to CANDIDATE at term 0 for changeToCandidate
2019-11-15 20:17:59,145 [Thread-1240] INFO  impl.RoleInfo (RoleInfo.java:updateAndGet(143)) - 278d11c8-d2e3-4654-bbf4-54dbcf402594: start LeaderElection
2019-11-15 20:17:59,158 [Thread-1250] INFO  impl.FollowerState (FollowerState.java:run(111)) - ede53ce7-e9c4-4a5f-842c-51dc9db012c0@group-AED6481E285D-FollowerState: change to CANDIDATE, lastRpcTime:1019ms, electionTimeout:1019ms
2019-11-15 20:17:59,159 [Thread-1250] INFO  impl.RoleInfo (RoleInfo.java:shutdownFollowerState(121)) - ede53ce7-e9c4-4a5f-842c-51dc9db012c0: shutdown FollowerState
2019-11-15 20:17:59,159 [Thread-1250] INFO  impl.RaftServerImpl (RaftServerImpl.java:setRole(173)) - ede53ce7-e9c4-4a5f-842c-51dc9db012c0@group-AED6481E285D: changes role from  FOLLOWER to CANDIDATE at term 0 for changeToCandidate
2019-11-15 20:17:59,159 [Thread-1250] INFO  impl.RoleInfo (RoleInfo.java:updateAndGet(143)) - ede53ce7-e9c4-4a5f-842c-51dc9db012c0: start LeaderElection
2019-11-15 20:17:59,172 [278d11c8-d2e3-4654-bbf4-54dbcf402594@group-23FE39ECFB81-LeaderElection50] INFO  impl.LeaderElection (LeaderElection.java:askForVotes(178)) - 278d11c8-d2e3-4654-bbf4-54dbcf402594@group-23FE39ECFB81-LeaderElection50: begin an election at term 1 for -1: [278d11c8-d2e3-4654-bbf4-54dbcf402594:192.168.69.94:45680], old=null
2019-11-15 20:17:59,172 [278d11c8-d2e3-4654-bbf4-54dbcf402594@group-23FE39ECFB81-LeaderElection50] INFO  impl.RoleInfo (RoleInfo.java:shutdownLeaderElection(134)) - 278d11c8-d2e3-4654-bbf4-54dbcf402594: shutdown LeaderElection
2019-11-15 20:17:59,173 [278d11c8-d2e3-4654-bbf4-54dbcf402594@group-23FE39ECFB81-LeaderElection50] INFO  impl.RaftServerImpl (RaftServerImpl.java:setRole(173)) - 278d11c8-d2e3-4654-bbf4-54dbcf402594@group-23FE39ECFB81: changes role from CANDIDATE to LEADER at term 1 for changeToLeader
2019-11-15 20:17:59,173 [278d11c8-d2e3-4654-bbf4-54dbcf402594@group-23FE39ECFB81-LeaderElection50] INFO  ratis.XceiverServerRatis (XceiverServerRatis.java:handleLeaderChangedNotification(697)) - Leader change notification received for group: group-23FE39ECFB81 with new leaderId: 278d11c8-d2e3-4654-bbf4-54dbcf402594
2019-11-15 20:17:59,173 [278d11c8-d2e3-4654-bbf4-54dbcf402594@group-23FE39ECFB81-LeaderElection50] INFO  impl.RaftServerImpl (ServerState.java:setLeader(255)) - 278d11c8-d2e3-4654-bbf4-54dbcf402594@group-23FE39ECFB81: change Leader from null to 278d11c8-d2e3-4654-bbf4-54dbcf402594 at term 1 for becomeLeader, leader elected after 1191ms
2019-11-15 20:17:59,173 [278d11c8-d2e3-4654-bbf4-54dbcf402594@group-23FE39ECFB81-LeaderElection50] INFO  server.RaftServerConfigKeys (ConfUtils.java:logGet(43)) - raft.server.staging.catchup.gap = 1000 (default)
2019-11-15 20:17:59,173 [278d11c8-d2e3-4654-bbf4-54dbcf402594@group-23FE39ECFB81-LeaderElection50] INFO  server.RaftServerConfigKeys (ConfUtils.java:logGet(43)) - raft.server.rpc.sleep.time = 25ms (default)
2019-11-15 20:17:59,175 [278d11c8-d2e3-4654-bbf4-54dbcf402594@group-23FE39ECFB81-LeaderElection50] INFO  server.RaftServerConfigKeys (ConfUtils.java:logGet(43)) - raft.server.write.element-limit = 4096 (default)
2019-11-15 20:17:59,175 [ede53ce7-e9c4-4a5f-842c-51dc9db012c0@group-AED6481E285D-LeaderElection51] INFO  impl.LeaderElection (LeaderElection.java:askForVotes(178)) - ede53ce7-e9c4-4a5f-842c-51dc9db012c0@group-AED6481E285D-LeaderElection51: begin an election at term 1 for -1: [1acd8ba6-dda5-4cb5-b2f0-bb88a33d5541:192.168.69.94:34837, 278d11c8-d2e3-4654-bbf4-54dbcf402594:192.168.69.94:45680, ede53ce7-e9c4-4a5f-842c-51dc9db012c0:192.168.69.94:43422], old=null
2019-11-15 20:17:59,175 [278d11c8-d2e3-4654-bbf4-54dbcf402594@group-23FE39ECFB81-LeaderElection50] INFO  server.RaftServerConfigKeys (ConfUtils.java:logGet(43)) - raft.server.watch.timeout = 10s (default)
2019-11-15 20:17:59,175 [278d11c8-d2e3-4654-bbf4-54dbcf402594@group-23FE39ECFB81-LeaderElection50] INFO  server.RaftServerConfigKeys (ConfUtils.java:logGet(43)) - raft.server.watch.timeout.denomination = 1s (default)
2019-11-15 20:17:59,175 [278d11c8-d2e3-4654-bbf4-54dbcf402594@group-23FE39ECFB81-LeaderElection50] INFO  server.RaftServerConfigKeys (ConfUtils.java:logGet(43)) - raft.server.watch.element-limit = 65536 (default)
2019-11-15 20:17:59,175 [278d11c8-d2e3-4654-bbf4-54dbcf402594@group-23FE39ECFB81-LeaderElection50] INFO  impl.RoleInfo (RoleInfo.java:updateAndGet(143)) - 278d11c8-d2e3-4654-bbf4-54dbcf402594: start LeaderState
2019-11-15 20:17:59,176 [278d11c8-d2e3-4654-bbf4-54dbcf402594@group-23FE39ECFB81-LeaderElection50] INFO  segmented.SegmentedRaftLogWorker (SegmentedRaftLogWorker.java:startLogSegment(385)) - 278d11c8-d2e3-4654-bbf4-54dbcf402594@group-23FE39ECFB81-SegmentedRaftLogWorker: Starting segment from index:0
2019-11-15 20:17:59,176 [EventQueue-PipelineReportForPipelineReportHandler] INFO  pipeline.PipelineStateManager (PipelineStateManager.java:openPipeline(134)) - Pipeline Pipeline[ Id: 460f84b2-f8a7-4497-baa6-23fe39ecfb81, Nodes: 278d11c8-d2e3-4654-bbf4-54dbcf402594{ip: 192.168.69.94, host: pr-hdds-2517-immreturn-vbf9m-3344069096, networkLocation: /rack1, certSerialId: null}, Type:RATIS, Factor:ONE, State:OPEN] moved to OPEN state
2019-11-15 20:17:59,176 [278d11c8-d2e3-4654-bbf4-54dbcf402594@group-23FE39ECFB81-LeaderElection50] INFO  impl.RaftServerImpl (ServerState.java:setRaftConf(356)) - 278d11c8-d2e3-4654-bbf4-54dbcf402594@group-23FE39ECFB81: set configuration 0: [278d11c8-d2e3-4654-bbf4-54dbcf402594:192.168.69.94:45680], old=null at 0
2019-11-15 20:17:59,201 [grpc-default-executor-4] INFO  impl.RaftServerImpl (RaftServerImpl.java:setRole(173)) - 278d11c8-d2e3-4654-bbf4-54dbcf402594@group-AED6481E285D: changes role from  FOLLOWER to FOLLOWER at term 1 for recognizeCandidate:ede53ce7-e9c4-4a5f-842c-51dc9db012c0
2019-11-15 20:17:59,202 [Thread-1243] INFO  impl.FollowerState (FollowerState.java:run(111)) - 1acd8ba6-dda5-4cb5-b2f0-bb88a33d5541@group-F361CD69A32C-FollowerState: change to CANDIDATE, lastRpcTime:1130ms, electionTimeout:1129ms
2019-11-15 20:17:59,202 [grpc-default-executor-4] INFO  impl.RoleInfo (RoleInfo.java:shutdownFollowerState(121)) - 278d11c8-d2e3-4654-bbf4-54dbcf402594: shutdown FollowerState
2019-11-15 20:17:59,201 [Thread-1251] INFO  impl.FollowerState (FollowerState.java:run(111)) - 1acd8ba6-dda5-4cb5-b2f0-bb88a33d5541@group-AED6481E285D-FollowerState: change to CANDIDATE, lastRpcTime:1061ms, electionTimeout:1040ms
2019-11-15 20:17:59,202 [Thread-1246] INFO  impl.FollowerState (FollowerState.java:run(120)) - 278d11c8-d2e3-4654-bbf4-54dbcf402594@group-AED6481E285D-FollowerState was interrupted: java.lang.InterruptedException: sleep interrupted
2019-11-15 20:17:59,202 [Thread-1243] INFO  impl.RoleInfo (RoleInfo.java:shutdownFollowerState(121)) - 1acd8ba6-dda5-4cb5-b2f0-bb88a33d5541: shutdown FollowerState
2019-11-15 20:17:59,202 [grpc-default-executor-4] INFO  impl.RoleInfo (RoleInfo.java:updateAndGet(143)) - 278d11c8-d2e3-4654-bbf4-54dbcf402594: start FollowerState
2019-11-15 20:17:59,202 [Thread-1251] INFO  impl.RoleInfo (RoleInfo.java:shutdownFollowerState(121)) - 1acd8ba6-dda5-4cb5-b2f0-bb88a33d5541: shutdown FollowerState
2019-11-15 20:17:59,203 [Thread-1243] INFO  impl.RaftServerImpl (RaftServerImpl.java:setRole(173)) - 1acd8ba6-dda5-4cb5-b2f0-bb88a33d5541@group-F361CD69A32C: changes role from  FOLLOWER to CANDIDATE at term 0 for changeToCandidate
2019-11-15 20:17:59,203 [Thread-1251] INFO  impl.RaftServerImpl (RaftServerImpl.java:setRole(173)) - 1acd8ba6-dda5-4cb5-b2f0-bb88a33d5541@group-AED6481E285D: changes role from  FOLLOWER to CANDIDATE at term 0 for changeToCandidate
2019-11-15 20:17:59,203 [Thread-1243] INFO  impl.RoleInfo (RoleInfo.java:updateAndGet(143)) - 1acd8ba6-dda5-4cb5-b2f0-bb88a33d5541: start LeaderElection
2019-11-15 20:17:59,203 [Thread-1251] INFO  impl.RoleInfo (RoleInfo.java:updateAndGet(143)) - 1acd8ba6-dda5-4cb5-b2f0-bb88a33d5541: start LeaderElection
2019-11-15 20:17:59,207 [grpc-default-executor-5] INFO  impl.RaftServerImpl (RaftServerImpl.java:setRole(173)) - 1acd8ba6-dda5-4cb5-b2f0-bb88a33d5541@group-AED6481E285D: changes role from CANDIDATE to FOLLOWER at term 1 for recognizeCandidate:ede53ce7-e9c4-4a5f-842c-51dc9db012c0
2019-11-15 20:17:59,207 [grpc-default-executor-5] INFO  impl.RoleInfo (RoleInfo.java:shutdownLeaderElection(134)) - 1acd8ba6-dda5-4cb5-b2f0-bb88a33d5541: shutdown LeaderElection
2019-11-15 20:17:59,207 [grpc-default-executor-5] INFO  impl.RoleInfo (RoleInfo.java:updateAndGet(143)) - 1acd8ba6-dda5-4cb5-b2f0-bb88a33d5541: start FollowerState
2019-11-15 20:17:59,220 [278d11c8-d2e3-4654-bbf4-54dbcf402594@group-23FE39ECFB81-SegmentedRaftLogWorker] INFO  segmented.SegmentedRaftLogWorker (SegmentedRaftLogWorker.java:execute(576)) - 278d11c8-d2e3-4654-bbf4-54dbcf402594@group-23FE39ECFB81-SegmentedRaftLogWorker: created new log segment /workdir/hadoop-ozone/integration-test/target/test-dir/MiniOzoneClusterImpl-cd14858e-7fd2-404c-93a1-487d1243ff76/datanode-1/data/ratis/460f84b2-f8a7-4497-baa6-23fe39ecfb81/current/log_inprogress_0
2019-11-15 20:17:59,220 [1acd8ba6-dda5-4cb5-b2f0-bb88a33d5541@group-F361CD69A32C-LeaderElection52] INFO  impl.LeaderElection (LeaderElection.java:askForVotes(178)) - 1acd8ba6-dda5-4cb5-b2f0-bb88a33d5541@group-F361CD69A32C-LeaderElection52: begin an election at term 1 for -1: [1acd8ba6-dda5-4cb5-b2f0-bb88a33d5541:192.168.69.94:34837], old=null
2019-11-15 20:17:59,220 [1acd8ba6-dda5-4cb5-b2f0-bb88a33d5541@group-F361CD69A32C-LeaderElection52] INFO  impl.RoleInfo (RoleInfo.java:shutdownLeaderElection(134)) - 1acd8ba6-dda5-4cb5-b2f0-bb88a33d5541: shutdown LeaderElection
2019-11-15 20:17:59,220 [1acd8ba6-dda5-4cb5-b2f0-bb88a33d5541@group-F361CD69A32C-LeaderElection52] INFO  impl.RaftServerImpl (RaftServerImpl.java:setRole(173)) - 1acd8ba6-dda5-4cb5-b2f0-bb88a33d5541@group-F361CD69A32C: changes role from CANDIDATE to LEADER at term 1 for changeToLeader
2019-11-15 20:17:59,220 [1acd8ba6-dda5-4cb5-b2f0-bb88a33d5541@group-F361CD69A32C-LeaderElection52] INFO  ratis.XceiverServerRatis (XceiverServerRatis.java:handleLeaderChangedNotification(697)) - Leader change notification received for group: group-F361CD69A32C with new leaderId: 1acd8ba6-dda5-4cb5-b2f0-bb88a33d5541
2019-11-15 20:17:59,220 [1acd8ba6-dda5-4cb5-b2f0-bb88a33d5541@group-F361CD69A32C-LeaderElection52] INFO  impl.RaftServerImpl (ServerState.java:setLeader(255)) - 1acd8ba6-dda5-4cb5-b2f0-bb88a33d5541@group-F361CD69A32C: change Leader from null to 1acd8ba6-dda5-4cb5-b2f0-bb88a33d5541 at term 1 for becomeLeader, leader elected after 1153ms
2019-11-15 20:17:59,220 [1acd8ba6-dda5-4cb5-b2f0-bb88a33d5541@group-F361CD69A32C-LeaderElection52] INFO  server.RaftServerConfigKeys (ConfUtils.java:logGet(43)) - raft.server.staging.catchup.gap = 1000 (default)
2019-11-15 20:17:59,221 [1acd8ba6-dda5-4cb5-b2f0-bb88a33d5541@group-F361CD69A32C-LeaderElection52] INFO  server.RaftServerConfigKeys (ConfUtils.java:logGet(43)) - raft.server.rpc.sleep.time = 25ms (default)
2019-11-15 20:17:59,222 [1acd8ba6-dda5-4cb5-b2f0-bb88a33d5541@group-F361CD69A32C-LeaderElection52] INFO  server.RaftServerConfigKeys (ConfUtils.java:logGet(43)) - raft.server.write.element-limit = 4096 (default)
2019-11-15 20:17:59,222 [1acd8ba6-dda5-4cb5-b2f0-bb88a33d5541@group-F361CD69A32C-LeaderElection52] INFO  server.RaftServerConfigKeys (ConfUtils.java:logGet(43)) - raft.server.watch.timeout = 10s (default)
2019-11-15 20:17:59,222 [ede53ce7-e9c4-4a5f-842c-51dc9db012c0@group-AED6481E285D-LeaderElection51] INFO  impl.LeaderElection (LeaderElection.java:logAndReturn(56)) - ede53ce7-e9c4-4a5f-842c-51dc9db012c0@group-AED6481E285D-LeaderElection51: Election PASSED; received 1 response(s) [ede53ce7-e9c4-4a5f-842c-51dc9db012c0<-278d11c8-d2e3-4654-bbf4-54dbcf402594#0:OK-t1] and 0 exception(s); ede53ce7-e9c4-4a5f-842c-51dc9db012c0@group-AED6481E285D:t1, leader=null, voted=ede53ce7-e9c4-4a5f-842c-51dc9db012c0, raftlog=ede53ce7-e9c4-4a5f-842c-51dc9db012c0@group-AED6481E285D-SegmentedRaftLog:OPENED:c-1,f-1,i0, conf=-1: [1acd8ba6-dda5-4cb5-b2f0-bb88a33d5541:192.168.69.94:34837, 278d11c8-d2e3-4654-bbf4-54dbcf402594:192.168.69.94:45680, ede53ce7-e9c4-4a5f-842c-51dc9db012c0:192.168.69.94:43422], old=null
2019-11-15 20:17:59,222 [1acd8ba6-dda5-4cb5-b2f0-bb88a33d5541@group-F361CD69A32C-LeaderElection52] INFO  server.RaftServerConfigKeys (ConfUtils.java:logGet(43)) - raft.server.watch.timeout.denomination = 1s (default)
2019-11-15 20:17:59,223 [ede53ce7-e9c4-4a5f-842c-51dc9db012c0@group-AED6481E285D-LeaderElection51] INFO  impl.RoleInfo (RoleInfo.java:shutdownLeaderElection(134)) - ede53ce7-e9c4-4a5f-842c-51dc9db012c0: shutdown LeaderElection
2019-11-15 20:17:59,223 [1acd8ba6-dda5-4cb5-b2f0-bb88a33d5541@group-F361CD69A32C-LeaderElection52] INFO  server.RaftServerConfigKeys (ConfUtils.java:logGet(43)) - raft.server.watch.element-limit = 65536 (default)
2019-11-15 20:17:59,223 [ede53ce7-e9c4-4a5f-842c-51dc9db012c0@group-AED6481E285D-LeaderElection51] INFO  impl.RaftServerImpl (RaftServerImpl.java:setRole(173)) - ede53ce7-e9c4-4a5f-842c-51dc9db012c0@group-AED6481E285D: changes role from CANDIDATE to LEADER at term 1 for changeToLeader
2019-11-15 20:17:59,223 [ede53ce7-e9c4-4a5f-842c-51dc9db012c0@group-AED6481E285D-LeaderElection51] INFO  ratis.XceiverServerRatis (XceiverServerRatis.java:handleLeaderChangedNotification(697)) - Leader change notification received for group: group-AED6481E285D with new leaderId: ede53ce7-e9c4-4a5f-842c-51dc9db012c0
2019-11-15 20:17:59,223 [1acd8ba6-dda5-4cb5-b2f0-bb88a33d5541@group-F361CD69A32C-LeaderElection52] INFO  impl.RoleInfo (RoleInfo.java:updateAndGet(143)) - 1acd8ba6-dda5-4cb5-b2f0-bb88a33d5541: start LeaderState
2019-11-15 20:17:59,223 [ede53ce7-e9c4-4a5f-842c-51dc9db012c0@group-AED6481E285D-LeaderElection51] INFO  impl.RaftServerImpl (ServerState.java:setLeader(255)) - ede53ce7-e9c4-4a5f-842c-51dc9db012c0@group-AED6481E285D: change Leader from null to ede53ce7-e9c4-4a5f-842c-51dc9db012c0 at term 1 for becomeLeader, leader elected after 1090ms
2019-11-15 20:17:59,223 [ede53ce7-e9c4-4a5f-842c-51dc9db012c0@group-AED6481E285D-LeaderElection51] INFO  server.RaftServerConfigKeys (ConfUtils.java:logGet(43)) - raft.server.staging.catchup.gap = 1000 (default)
2019-11-15 20:17:59,223 [1acd8ba6-dda5-4cb5-b2f0-bb88a33d5541@group-F361CD69A32C-LeaderElection52] INFO  segmented.SegmentedRaftLogWorker (SegmentedRaftLogWorker.java:startLogSegment(385)) - 1acd8ba6-dda5-4cb5-b2f0-bb88a33d5541@group-F361CD69A32C-SegmentedRaftLogWorker: Starting segment from index:0
2019-11-15 20:17:59,223 [EventQueue-PipelineReportForPipelineReportHandler] INFO  pipeline.PipelineStateManager (PipelineStateManager.java:openPipeline(134)) - Pipeline Pipeline[ Id: 12c2b324-2339-4704-b229-f361cd69a32c, Nodes: 1acd8ba6-dda5-4cb5-b2f0-bb88a33d5541{ip: 192.168.69.94, host: pr-hdds-2517-immreturn-vbf9m-3344069096, networkLocation: /rack1, certSerialId: null}, Type:RATIS, Factor:ONE, State:OPEN] moved to OPEN state
2019-11-15 20:17:59,223 [ede53ce7-e9c4-4a5f-842c-51dc9db012c0@group-AED6481E285D-LeaderElection51] INFO  server.RaftServerConfigKeys (ConfUtils.java:logGet(43)) - raft.server.rpc.sleep.time = 25ms (default)
2019-11-15 20:17:59,224 [1acd8ba6-dda5-4cb5-b2f0-bb88a33d5541@group-F361CD69A32C-LeaderElection52] INFO  impl.RaftServerImpl (ServerState.java:setRaftConf(356)) - 1acd8ba6-dda5-4cb5-b2f0-bb88a33d5541@group-F361CD69A32C: set configuration 0: [1acd8ba6-dda5-4cb5-b2f0-bb88a33d5541:192.168.69.94:34837], old=null at 0
2019-11-15 20:17:59,224 [ede53ce7-e9c4-4a5f-842c-51dc9db012c0@group-AED6481E285D-LeaderElection51] INFO  server.RaftServerConfigKeys (ConfUtils.java:logGet(43)) - raft.server.write.element-limit = 4096 (default)
2019-11-15 20:17:59,224 [ede53ce7-e9c4-4a5f-842c-51dc9db012c0@group-AED6481E285D-LeaderElection51] INFO  server.RaftServerConfigKeys (ConfUtils.java:logGet(43)) - raft.server.watch.timeout = 10s (default)
2019-11-15 20:17:59,224 [ede53ce7-e9c4-4a5f-842c-51dc9db012c0@group-AED6481E285D-LeaderElection51] INFO  server.RaftServerConfigKeys (ConfUtils.java:logGet(43)) - raft.server.watch.timeout.denomination = 1s (default)
2019-11-15 20:17:59,224 [EventQueue-PipelineReportForPipelineReportHandler] INFO  pipeline.PipelineStateManager (PipelineStateManager.java:openPipeline(134)) - Pipeline Pipeline[ Id: 56898cc3-d283-4414-a679-aed6481e285d, Nodes: ede53ce7-e9c4-4a5f-842c-51dc9db012c0{ip: 192.168.69.94, host: pr-hdds-2517-immreturn-vbf9m-3344069096, networkLocation: /rack1, certSerialId: null}278d11c8-d2e3-4654-bbf4-54dbcf402594{ip: 192.168.69.94, host: pr-hdds-2517-immreturn-vbf9m-3344069096, networkLocation: /rack1, certSerialId: null}1acd8ba6-dda5-4cb5-b2f0-bb88a33d5541{ip: 192.168.69.94, host: pr-hdds-2517-immreturn-vbf9m-3344069096, networkLocation: /rack1, certSerialId: null}, Type:RATIS, Factor:THREE, State:OPEN] moved to OPEN state
2019-11-15 20:17:59,224 [ede53ce7-e9c4-4a5f-842c-51dc9db012c0@group-AED6481E285D-LeaderElection51] INFO  server.RaftServerConfigKeys (ConfUtils.java:logGet(43)) - raft.server.watch.element-limit = 65536 (default)
2019-11-15 20:17:59,224 [ede53ce7-e9c4-4a5f-842c-51dc9db012c0@group-AED6481E285D-LeaderElection51] INFO  server.RaftServerConfigKeys (ConfUtils.java:logGet(43)) - raft.server.log.appender.snapshot.chunk.size.max = 16MB (=16777216) (default)
2019-11-15 20:17:59,224 [ede53ce7-e9c4-4a5f-842c-51dc9db012c0@group-AED6481E285D-LeaderElection51] INFO  server.RaftServerConfigKeys (ConfUtils.java:logGet(43)) - raft.server.log.appender.buffer.byte-limit = 33554432 (custom)
2019-11-15 20:17:59,224 [ede53ce7-e9c4-4a5f-842c-51dc9db012c0@group-AED6481E285D-LeaderElection51] INFO  server.RaftServerConfigKeys (ConfUtils.java:logGet(43)) - raft.server.log.appender.buffer.element-limit = 1 (custom)
2019-11-15 20:17:59,225 [ede53ce7-e9c4-4a5f-842c-51dc9db012c0@group-AED6481E285D-LeaderElection51] INFO  grpc.GrpcConfigKeys$Server (ConfUtils.java:logGet(43)) - raft.grpc.server.leader.outstanding.appends.max = 128 (default)
2019-11-15 20:17:59,225 [ede53ce7-e9c4-4a5f-842c-51dc9db012c0@group-AED6481E285D-LeaderElection51] INFO  server.RaftServerConfigKeys (ConfUtils.java:logGet(43)) - raft.server.rpc.request.timeout = 3000ms (default)
2019-11-15 20:17:59,225 [ede53ce7-e9c4-4a5f-842c-51dc9db012c0@group-AED6481E285D-LeaderElection51] INFO  server.RaftServerConfigKeys (ConfUtils.java:logGet(43)) - raft.server.log.appender.install.snapshot.enabled = false (custom)
2019-11-15 20:17:59,225 [ede53ce7-e9c4-4a5f-842c-51dc9db012c0@group-AED6481E285D-LeaderElection51] WARN  impl.MetricRegistriesImpl (MetricRegistriesImpl.java:lambda$create$1(61)) - First MetricRegistry has been created without registering reporters. You may need to call MetricRegistries.global().addReportRegistration(...) before.
2019-11-15 20:17:59,225 [ede53ce7-e9c4-4a5f-842c-51dc9db012c0@group-AED6481E285D-LeaderElection51] INFO  server.RaftServerConfigKeys (ConfUtils.java:logGet(43)) - raft.server.log.appender.snapshot.chunk.size.max = 16MB (=16777216) (default)
2019-11-15 20:17:59,225 [ede53ce7-e9c4-4a5f-842c-51dc9db012c0@group-AED6481E285D-LeaderElection51] INFO  server.RaftServerConfigKeys (ConfUtils.java:logGet(43)) - raft.server.log.appender.buffer.byte-limit = 33554432 (custom)
2019-11-15 20:17:59,225 [ede53ce7-e9c4-4a5f-842c-51dc9db012c0@group-AED6481E285D-LeaderElection51] INFO  server.RaftServerConfigKeys (ConfUtils.java:logGet(43)) - raft.server.log.appender.buffer.element-limit = 1 (custom)
2019-11-15 20:17:59,226 [ede53ce7-e9c4-4a5f-842c-51dc9db012c0@group-AED6481E285D-LeaderElection51] INFO  grpc.GrpcConfigKeys$Server (ConfUtils.java:logGet(43)) - raft.grpc.server.leader.outstanding.appends.max = 128 (default)
2019-11-15 20:17:59,226 [ede53ce7-e9c4-4a5f-842c-51dc9db012c0@group-AED6481E285D-LeaderElection51] INFO  server.RaftServerConfigKeys (ConfUtils.java:logGet(43)) - raft.server.rpc.request.timeout = 3000ms (default)
2019-11-15 20:17:59,226 [ede53ce7-e9c4-4a5f-842c-51dc9db012c0@group-AED6481E285D-LeaderElection51] INFO  server.RaftServerConfigKeys (ConfUtils.java:logGet(43)) - raft.server.log.appender.install.snapshot.enabled = false (custom)
2019-11-15 20:17:59,226 [ede53ce7-e9c4-4a5f-842c-51dc9db012c0@group-AED6481E285D-LeaderElection51] INFO  impl.RoleInfo (RoleInfo.java:updateAndGet(143)) - ede53ce7-e9c4-4a5f-842c-51dc9db012c0: start LeaderState
2019-11-15 20:17:59,226 [ede53ce7-e9c4-4a5f-842c-51dc9db012c0@group-AED6481E285D-LeaderElection51] INFO  segmented.SegmentedRaftLogWorker (SegmentedRaftLogWorker.java:startLogSegment(385)) - ede53ce7-e9c4-4a5f-842c-51dc9db012c0@group-AED6481E285D-SegmentedRaftLogWorker: Starting segment from index:0
2019-11-15 20:17:59,226 [ede53ce7-e9c4-4a5f-842c-51dc9db012c0@group-AED6481E285D-LeaderElection51] INFO  impl.RaftServerImpl (ServerState.java:setRaftConf(356)) - ede53ce7-e9c4-4a5f-842c-51dc9db012c0@group-AED6481E285D: set configuration 0: [1acd8ba6-dda5-4cb5-b2f0-bb88a33d5541:192.168.69.94:34837, 278d11c8-d2e3-4654-bbf4-54dbcf402594:192.168.69.94:45680, ede53ce7-e9c4-4a5f-842c-51dc9db012c0:192.168.69.94:43422], old=null at 0
2019-11-15 20:17:59,228 [grpc-default-executor-4] INFO  ratis.XceiverServerRatis (XceiverServerRatis.java:handleLeaderChangedNotification(697)) - Leader change notification received for group: group-AED6481E285D with new leaderId: ede53ce7-e9c4-4a5f-842c-51dc9db012c0
2019-11-15 20:17:59,228 [grpc-default-executor-4] INFO  impl.RaftServerImpl (ServerState.java:setLeader(255)) - 278d11c8-d2e3-4654-bbf4-54dbcf402594@group-AED6481E285D: change Leader from null to ede53ce7-e9c4-4a5f-842c-51dc9db012c0 at term 1 for appendEntries, leader elected after 1095ms
2019-11-15 20:17:59,254 [1acd8ba6-dda5-4cb5-b2f0-bb88a33d5541@group-AED6481E285D-LeaderElection53] INFO  impl.LeaderElection (LeaderElection.java:askForVotes(178)) - 1acd8ba6-dda5-4cb5-b2f0-bb88a33d5541@group-AED6481E285D-LeaderElection53: begin an election at term 2 for -1: [1acd8ba6-dda5-4cb5-b2f0-bb88a33d5541:192.168.69.94:34837, 278d11c8-d2e3-4654-bbf4-54dbcf402594:192.168.69.94:45680, ede53ce7-e9c4-4a5f-842c-51dc9db012c0:192.168.69.94:43422], old=null
2019-11-15 20:17:59,255 [1acd8ba6-dda5-4cb5-b2f0-bb88a33d5541@group-AED6481E285D-LeaderElection53] INFO  impl.LeaderElection (LeaderElection.java:logAndReturn(56)) - 1acd8ba6-dda5-4cb5-b2f0-bb88a33d5541@group-AED6481E285D-LeaderElection53: Election REJECTED; received 0 response(s) [] and 0 exception(s); 1acd8ba6-dda5-4cb5-b2f0-bb88a33d5541@group-AED6481E285D:t2, leader=null, voted=1acd8ba6-dda5-4cb5-b2f0-bb88a33d5541, raftlog=1acd8ba6-dda5-4cb5-b2f0-bb88a33d5541@group-AED6481E285D-SegmentedRaftLog:OPENED:c-1,f-1,i0, conf=-1: [1acd8ba6-dda5-4cb5-b2f0-bb88a33d5541:192.168.69.94:34837, 278d11c8-d2e3-4654-bbf4-54dbcf402594:192.168.69.94:45680, ede53ce7-e9c4-4a5f-842c-51dc9db012c0:192.168.69.94:43422], old=null
2019-11-15 20:17:59,256 [Thread-1305] INFO  impl.RaftServerImpl (ServerState.java:setLeader(255)) - ede53ce7-e9c4-4a5f-842c-51dc9db012c0@group-AED6481E285D: change Leader from ede53ce7-e9c4-4a5f-842c-51dc9db012c0 to null at term 2 for updateCurrentTerm
2019-11-15 20:17:59,256 [Thread-1305] INFO  impl.RaftServerImpl (RaftServerImpl.java:setRole(173)) - ede53ce7-e9c4-4a5f-842c-51dc9db012c0@group-AED6481E285D: changes role from    LEADER to FOLLOWER at term 2 for stepDown
2019-11-15 20:17:59,256 [Thread-1305] INFO  impl.RoleInfo (RoleInfo.java:shutdownLeaderState(104)) - ede53ce7-e9c4-4a5f-842c-51dc9db012c0: shutdown LeaderState
2019-11-15 20:17:59,256 [grpc-default-executor-1] INFO  impl.RaftServerImpl (ServerState.java:setRaftConf(356)) - 278d11c8-d2e3-4654-bbf4-54dbcf402594@group-AED6481E285D: set configuration 0: [1acd8ba6-dda5-4cb5-b2f0-bb88a33d5541:192.168.69.94:34837, 278d11c8-d2e3-4654-bbf4-54dbcf402594:192.168.69.94:45680, ede53ce7-e9c4-4a5f-842c-51dc9db012c0:192.168.69.94:43422], old=null at 0
2019-11-15 20:17:59,259 [Thread-1305] INFO  impl.PendingRequests (PendingRequests.java:sendNotLeaderResponses(206)) - ede53ce7-e9c4-4a5f-842c-51dc9db012c0@group-AED6481E285D-PendingRequests: sendNotLeaderResponses
2019-11-15 20:17:59,259 [org.apache.ratis.server.impl.LogAppender$AppenderDaemon$$Lambda$442/633709551@75595a59] WARN  server.GrpcLogAppender (GrpcLogAppender.java:mayWait(151)) - ede53ce7-e9c4-4a5f-842c-51dc9db012c0@group-AED6481E285D->1acd8ba6-dda5-4cb5-b2f0-bb88a33d5541-GrpcLogAppender: Wait interrupted by java.lang.InterruptedException
2019-11-15 20:17:59,259 [org.apache.ratis.server.impl.LogAppender$AppenderDaemon$$Lambda$442/633709551@4f79eb14] WARN  server.GrpcLogAppender (GrpcLogAppender.java:mayWait(151)) - ede53ce7-e9c4-4a5f-842c-51dc9db012c0@group-AED6481E285D->278d11c8-d2e3-4654-bbf4-54dbcf402594-GrpcLogAppender: Wait interrupted by java.lang.InterruptedException
2019-11-15 20:17:59,261 [grpc-default-executor-1] INFO  segmented.SegmentedRaftLogWorker (SegmentedRaftLogWorker.java:startLogSegment(385)) - 278d11c8-d2e3-4654-bbf4-54dbcf402594@group-AED6481E285D-SegmentedRaftLogWorker: Starting segment from index:0
2019-11-15 20:17:59,261 [Thread-1305] INFO  impl.RoleInfo (RoleInfo.java:updateAndGet(143)) - ede53ce7-e9c4-4a5f-842c-51dc9db012c0: start FollowerState
2019-11-15 20:17:59,261 [grpc-default-executor-4] INFO  server.GrpcServerProtocolService (GrpcServerProtocolService.java:onCompleted(113)) - 1acd8ba6-dda5-4cb5-b2f0-bb88a33d5541: Completed APPEND_ENTRIES, lastRequest: ede53ce7-e9c4-4a5f-842c-51dc9db012c0->1acd8ba6-dda5-4cb5-b2f0-bb88a33d5541#0-t1, previous=(t:0, i:0), leaderCommit=-1, initializing? false, entries: <empty>
2019-11-15 20:17:59,262 [grpc-default-executor-1] INFO  server.GrpcServerProtocolService (GrpcServerProtocolService.java:onCompleted(113)) - 278d11c8-d2e3-4654-bbf4-54dbcf402594: Completed APPEND_ENTRIES, lastRequest: ede53ce7-e9c4-4a5f-842c-51dc9db012c0->278d11c8-d2e3-4654-bbf4-54dbcf402594#1-t1, previous=(t:0, i:0), leaderCommit=-1, initializing? false, entries: size=1, first=(t:1, i:0), CONFIGURATIONENTRY
2019-11-15 20:17:59,262 [grpc-default-executor-1] INFO  server.GrpcLogAppender (GrpcLogAppender.java:onCompleted(308)) - ede53ce7-e9c4-4a5f-842c-51dc9db012c0@group-AED6481E285D->278d11c8-d2e3-4654-bbf4-54dbcf402594-AppendLogResponseHandler: follower responses appendEntries COMPLETED
2019-11-15 20:17:59,262 [grpc-default-executor-4] INFO  server.GrpcLogAppender (GrpcLogAppender.java:onCompleted(308)) - ede53ce7-e9c4-4a5f-842c-51dc9db012c0@group-AED6481E285D->1acd8ba6-dda5-4cb5-b2f0-bb88a33d5541-AppendLogResponseHandler: follower responses appendEntries COMPLETED
2019-11-15 20:17:59,263 [grpc-default-executor-1] INFO  impl.FollowerInfo (FollowerInfo.java:lambda$new$0(51)) - ede53ce7-e9c4-4a5f-842c-51dc9db012c0@group-AED6481E285D->278d11c8-d2e3-4654-bbf4-54dbcf402594: nextIndex: updateUnconditionally 1 -> 0
2019-11-15 20:17:59,263 [grpc-default-executor-5] INFO  impl.RaftServerImpl (ServerState.java:setLeader(255)) - 278d11c8-d2e3-4654-bbf4-54dbcf402594@group-AED6481E285D: change Leader from ede53ce7-e9c4-4a5f-842c-51dc9db012c0 to null at term 2 for updateCurrentTerm
2019-11-15 20:17:59,263 [grpc-default-executor-4] INFO  impl.FollowerInfo (FollowerInfo.java:lambda$new$0(51)) - ede53ce7-e9c4-4a5f-842c-51dc9db012c0@group-AED6481E285D->1acd8ba6-dda5-4cb5-b2f0-bb88a33d5541: nextIndex: updateUnconditionally 0 -> 0
2019-11-15 20:17:59,263 [grpc-default-executor-5] INFO  impl.RaftServerImpl (RaftServerImpl.java:setRole(173)) - 278d11c8-d2e3-4654-bbf4-54dbcf402594@group-AED6481E285D: changes role from  FOLLOWER to FOLLOWER at term 2 for recognizeCandidate:1acd8ba6-dda5-4cb5-b2f0-bb88a33d5541
2019-11-15 20:17:59,263 [grpc-default-executor-5] INFO  impl.RoleInfo (RoleInfo.java:shutdownFollowerState(121)) - 278d11c8-d2e3-4654-bbf4-54dbcf402594: shutdown FollowerState
2019-11-15 20:17:59,263 [grpc-default-executor-5] INFO  impl.RoleInfo (RoleInfo.java:updateAndGet(143)) - 278d11c8-d2e3-4654-bbf4-54dbcf402594: start FollowerState
2019-11-15 20:17:59,263 [Thread-1300] INFO  impl.FollowerState (FollowerState.java:run(120)) - 278d11c8-d2e3-4654-bbf4-54dbcf402594@group-AED6481E285D-FollowerState was interrupted: java.lang.InterruptedException: sleep interrupted
2019-11-15 20:17:59,274 [ede53ce7-e9c4-4a5f-842c-51dc9db012c0@group-AED6481E285D-SegmentedRaftLogWorker] INFO  segmented.SegmentedRaftLogWorker (SegmentedRaftLogWorker.java:execute(576)) - ede53ce7-e9c4-4a5f-842c-51dc9db012c0@group-AED6481E285D-SegmentedRaftLogWorker: created new log segment /workdir/hadoop-ozone/integration-test/target/test-dir/MiniOzoneClusterImpl-cd14858e-7fd2-404c-93a1-487d1243ff76/datanode-0/data/ratis/56898cc3-d283-4414-a679-aed6481e285d/current/log_inprogress_0
2019-11-15 20:17:59,290 [Thread-1258] INFO  impl.FollowerState (FollowerState.java:run(111)) - f5e6ed35-042e-40b5-afb2-c30172d49513@group-83E190B3AA8E-FollowerState: change to CANDIDATE, lastRpcTime:1004ms, electionTimeout:1000ms
2019-11-15 20:17:59,274 [1acd8ba6-dda5-4cb5-b2f0-bb88a33d5541@group-F361CD69A32C-SegmentedRaftLogWorker] INFO  segmented.SegmentedRaftLogWorker (SegmentedRaftLogWorker.java:execute(576)) - 1acd8ba6-dda5-4cb5-b2f0-bb88a33d5541@group-F361CD69A32C-SegmentedRaftLogWorker: created new log segment /workdir/hadoop-ozone/integration-test/target/test-dir/MiniOzoneClusterImpl-cd14858e-7fd2-404c-93a1-487d1243ff76/datanode-2/data/ratis/12c2b324-2339-4704-b229-f361cd69a32c/current/log_inprogress_0
2019-11-15 20:17:59,290 [Thread-1258] INFO  impl.RoleInfo (RoleInfo.java:shutdownFollowerState(121)) - f5e6ed35-042e-40b5-afb2-c30172d49513: shutdown FollowerState
2019-11-15 20:17:59,290 [Thread-1258] INFO  impl.RaftServerImpl (RaftServerImpl.java:setRole(173)) - f5e6ed35-042e-40b5-afb2-c30172d49513@group-83E190B3AA8E: changes role from  FOLLOWER to CANDIDATE at term 0 for changeToCandidate
2019-11-15 20:17:59,290 [grpc-default-executor-0] INFO  impl.RaftServerImpl (RaftServerImpl.java:setRole(173)) - ede53ce7-e9c4-4a5f-842c-51dc9db012c0@group-AED6481E285D: changes role from  FOLLOWER to FOLLOWER at term 2 for recognizeCandidate:1acd8ba6-dda5-4cb5-b2f0-bb88a33d5541
2019-11-15 20:17:59,290 [Thread-1258] INFO  impl.RoleInfo (RoleInfo.java:updateAndGet(143)) - f5e6ed35-042e-40b5-afb2-c30172d49513: start LeaderElection
2019-11-15 20:17:59,290 [grpc-default-executor-0] INFO  impl.RoleInfo (RoleInfo.java:shutdownFollowerState(121)) - ede53ce7-e9c4-4a5f-842c-51dc9db012c0: shutdown FollowerState
2019-11-15 20:17:59,291 [Thread-1312] INFO  impl.FollowerState (FollowerState.java:run(120)) - ede53ce7-e9c4-4a5f-842c-51dc9db012c0@group-AED6481E285D-FollowerState was interrupted: java.lang.InterruptedException: sleep interrupted
2019-11-15 20:17:59,291 [grpc-default-executor-0] INFO  impl.RoleInfo (RoleInfo.java:updateAndGet(143)) - ede53ce7-e9c4-4a5f-842c-51dc9db012c0: start FollowerState
2019-11-15 20:17:59,330 [278d11c8-d2e3-4654-bbf4-54dbcf402594@group-AED6481E285D-SegmentedRaftLogWorker] INFO  segmented.SegmentedRaftLogWorker (SegmentedRaftLogWorker.java:execute(576)) - 278d11c8-d2e3-4654-bbf4-54dbcf402594@group-AED6481E285D-SegmentedRaftLogWorker: created new log segment /workdir/hadoop-ozone/integration-test/target/test-dir/MiniOzoneClusterImpl-cd14858e-7fd2-404c-93a1-487d1243ff76/datanode-1/data/ratis/56898cc3-d283-4414-a679-aed6481e285d/current/log_inprogress_0
2019-11-15 20:17:59,330 [f5e6ed35-042e-40b5-afb2-c30172d49513@group-83E190B3AA8E-LeaderElection54] INFO  impl.LeaderElection (LeaderElection.java:askForVotes(178)) - f5e6ed35-042e-40b5-afb2-c30172d49513@group-83E190B3AA8E-LeaderElection54: begin an election at term 1 for -1: [f5e6ed35-042e-40b5-afb2-c30172d49513:192.168.69.94:39593], old=null
2019-11-15 20:17:59,330 [f5e6ed35-042e-40b5-afb2-c30172d49513@group-83E190B3AA8E-LeaderElection54] INFO  impl.RoleInfo (RoleInfo.java:shutdownLeaderElection(134)) - f5e6ed35-042e-40b5-afb2-c30172d49513: shutdown LeaderElection
2019-11-15 20:17:59,330 [f5e6ed35-042e-40b5-afb2-c30172d49513@group-83E190B3AA8E-LeaderElection54] INFO  impl.RaftServerImpl (RaftServerImpl.java:setRole(173)) - f5e6ed35-042e-40b5-afb2-c30172d49513@group-83E190B3AA8E: changes role from CANDIDATE to LEADER at term 1 for changeToLeader
2019-11-15 20:17:59,330 [f5e6ed35-042e-40b5-afb2-c30172d49513@group-83E190B3AA8E-LeaderElection54] INFO  ratis.XceiverServerRatis (XceiverServerRatis.java:handleLeaderChangedNotification(697)) - Leader change notification received for group: group-83E190B3AA8E with new leaderId: f5e6ed35-042e-40b5-afb2-c30172d49513
2019-11-15 20:17:59,330 [f5e6ed35-042e-40b5-afb2-c30172d49513@group-83E190B3AA8E-LeaderElection54] INFO  impl.RaftServerImpl (ServerState.java:setLeader(255)) - f5e6ed35-042e-40b5-afb2-c30172d49513@group-83E190B3AA8E: change Leader from null to f5e6ed35-042e-40b5-afb2-c30172d49513 at term 1 for becomeLeader, leader elected after 1052ms
2019-11-15 20:17:59,330 [f5e6ed35-042e-40b5-afb2-c30172d49513@group-83E190B3AA8E-LeaderElection54] INFO  server.RaftServerConfigKeys (ConfUtils.java:logGet(43)) - raft.server.staging.catchup.gap = 1000 (default)
2019-11-15 20:17:59,330 [f5e6ed35-042e-40b5-afb2-c30172d49513@group-83E190B3AA8E-LeaderElection54] INFO  server.RaftServerConfigKeys (ConfUtils.java:logGet(43)) - raft.server.rpc.sleep.time = 25ms (default)
2019-11-15 20:17:59,332 [f5e6ed35-042e-40b5-afb2-c30172d49513@group-83E190B3AA8E-LeaderElection54] INFO  server.RaftServerConfigKeys (ConfUtils.java:logGet(43)) - raft.server.write.element-limit = 4096 (default)
2019-11-15 20:17:59,332 [f5e6ed35-042e-40b5-afb2-c30172d49513@group-83E190B3AA8E-LeaderElection54] INFO  server.RaftServerConfigKeys (ConfUtils.java:logGet(43)) - raft.server.watch.timeout = 10s (default)
2019-11-15 20:17:59,332 [f5e6ed35-042e-40b5-afb2-c30172d49513@group-83E190B3AA8E-LeaderElection54] INFO  server.RaftServerConfigKeys (ConfUtils.java:logGet(43)) - raft.server.watch.timeout.denomination = 1s (default)
2019-11-15 20:17:59,332 [f5e6ed35-042e-40b5-afb2-c30172d49513@group-83E190B3AA8E-LeaderElection54] INFO  server.RaftServerConfigKeys (ConfUtils.java:logGet(43)) - raft.server.watch.element-limit = 65536 (default)
2019-11-15 20:17:59,333 [f5e6ed35-042e-40b5-afb2-c30172d49513@group-83E190B3AA8E-LeaderElection54] INFO  impl.RoleInfo (RoleInfo.java:updateAndGet(143)) - f5e6ed35-042e-40b5-afb2-c30172d49513: start LeaderState
2019-11-15 20:17:59,333 [f5e6ed35-042e-40b5-afb2-c30172d49513@group-83E190B3AA8E-LeaderElection54] INFO  segmented.SegmentedRaftLogWorker (SegmentedRaftLogWorker.java:startLogSegment(385)) - f5e6ed35-042e-40b5-afb2-c30172d49513@group-83E190B3AA8E-SegmentedRaftLogWorker: Starting segment from index:0
2019-11-15 20:17:59,333 [EventQueue-PipelineReportForPipelineReportHandler] INFO  pipeline.PipelineStateManager (PipelineStateManager.java:openPipeline(134)) - Pipeline Pipeline[ Id: 8b5aefa0-81c8-4f2f-a609-83e190b3aa8e, Nodes: f5e6ed35-042e-40b5-afb2-c30172d49513{ip: 192.168.69.94, host: pr-hdds-2517-immreturn-vbf9m-3344069096, networkLocation: /rack1, certSerialId: null}, Type:RATIS, Factor:ONE, State:OPEN] moved to OPEN state
2019-11-15 20:17:59,333 [f5e6ed35-042e-40b5-afb2-c30172d49513@group-83E190B3AA8E-LeaderElection54] INFO  impl.RaftServerImpl (ServerState.java:setRaftConf(356)) - f5e6ed35-042e-40b5-afb2-c30172d49513@group-83E190B3AA8E: set configuration 0: [f5e6ed35-042e-40b5-afb2-c30172d49513:192.168.69.94:39593], old=null at 0
2019-11-15 20:17:59,366 [Thread-1261] INFO  impl.FollowerState (FollowerState.java:run(111)) - 96e7c94e-3c8d-4ea5-9d39-2046e661862c@group-1B95EFD55CBA-FollowerState: change to CANDIDATE, lastRpcTime:1020ms, electionTimeout:1020ms
2019-11-15 20:17:59,366 [Thread-1261] INFO  impl.RoleInfo (RoleInfo.java:shutdownFollowerState(121)) - 96e7c94e-3c8d-4ea5-9d39-2046e661862c: shutdown FollowerState
2019-11-15 20:17:59,366 [Thread-1261] INFO  impl.RaftServerImpl (RaftServerImpl.java:setRole(173)) - 96e7c94e-3c8d-4ea5-9d39-2046e661862c@group-1B95EFD55CBA: changes role from  FOLLOWER to CANDIDATE at term 0 for changeToCandidate
2019-11-15 20:17:59,366 [Thread-1261] INFO  impl.RoleInfo (RoleInfo.java:updateAndGet(143)) - 96e7c94e-3c8d-4ea5-9d39-2046e661862c: start LeaderElection
2019-11-15 20:17:59,379 [f5e6ed35-042e-40b5-afb2-c30172d49513@group-83E190B3AA8E-SegmentedRaftLogWorker] INFO  segmented.SegmentedRaftLogWorker (SegmentedRaftLogWorker.java:execute(576)) - f5e6ed35-042e-40b5-afb2-c30172d49513@group-83E190B3AA8E-SegmentedRaftLogWorker: created new log segment /workdir/hadoop-ozone/integration-test/target/test-dir/MiniOzoneClusterImpl-cd14858e-7fd2-404c-93a1-487d1243ff76/datanode-3/data/ratis/8b5aefa0-81c8-4f2f-a609-83e190b3aa8e/current/log_inprogress_0
2019-11-15 20:17:59,382 [Thread-1255] INFO  impl.FollowerState (FollowerState.java:run(111)) - c23f4e8b-a977-491c-8d15-b9b92ca8b7b3@group-375F3F399C5E-FollowerState: change to CANDIDATE, lastRpcTime:1157ms, electionTimeout:1157ms
2019-11-15 20:17:59,382 [Thread-1255] INFO  impl.RoleInfo (RoleInfo.java:shutdownFollowerState(121)) - c23f4e8b-a977-491c-8d15-b9b92ca8b7b3: shutdown FollowerState
2019-11-15 20:17:59,382 [Thread-1255] INFO  impl.RaftServerImpl (RaftServerImpl.java:setRole(173)) - c23f4e8b-a977-491c-8d15-b9b92ca8b7b3@group-375F3F399C5E: changes role from  FOLLOWER to CANDIDATE at term 0 for changeToCandidate
2019-11-15 20:17:59,382 [Thread-1255] INFO  impl.RoleInfo (RoleInfo.java:updateAndGet(143)) - c23f4e8b-a977-491c-8d15-b9b92ca8b7b3: start LeaderElection
2019-11-15 20:17:59,399 [96e7c94e-3c8d-4ea5-9d39-2046e661862c@group-1B95EFD55CBA-LeaderElection55] INFO  impl.LeaderElection (LeaderElection.java:askForVotes(178)) - 96e7c94e-3c8d-4ea5-9d39-2046e661862c@group-1B95EFD55CBA-LeaderElection55: begin an election at term 1 for -1: [96e7c94e-3c8d-4ea5-9d39-2046e661862c:192.168.69.94:44753], old=null
2019-11-15 20:17:59,400 [c23f4e8b-a977-491c-8d15-b9b92ca8b7b3@group-375F3F399C5E-LeaderElection56] INFO  impl.LeaderElection (LeaderElection.java:askForVotes(178)) - c23f4e8b-a977-491c-8d15-b9b92ca8b7b3@group-375F3F399C5E-LeaderElection56: begin an election at term 1 for -1: [c23f4e8b-a977-491c-8d15-b9b92ca8b7b3:192.168.69.94:37963], old=null
2019-11-15 20:17:59,400 [96e7c94e-3c8d-4ea5-9d39-2046e661862c@group-1B95EFD55CBA-LeaderElection55] INFO  impl.RoleInfo (RoleInfo.java:shutdownLeaderElection(134)) - 96e7c94e-3c8d-4ea5-9d39-2046e661862c: shutdown LeaderElection
2019-11-15 20:17:59,400 [c23f4e8b-a977-491c-8d15-b9b92ca8b7b3@group-375F3F399C5E-LeaderElection56] INFO  impl.RoleInfo (RoleInfo.java:shutdownLeaderElection(134)) - c23f4e8b-a977-491c-8d15-b9b92ca8b7b3: shutdown LeaderElection
2019-11-15 20:17:59,400 [96e7c94e-3c8d-4ea5-9d39-2046e661862c@group-1B95EFD55CBA-LeaderElection55] INFO  impl.RaftServerImpl (RaftServerImpl.java:setRole(173)) - 96e7c94e-3c8d-4ea5-9d39-2046e661862c@group-1B95EFD55CBA: changes role from CANDIDATE to LEADER at term 1 for changeToLeader
2019-11-15 20:17:59,400 [c23f4e8b-a977-491c-8d15-b9b92ca8b7b3@group-375F3F399C5E-LeaderElection56] INFO  impl.RaftServerImpl (RaftServerImpl.java:setRole(173)) - c23f4e8b-a977-491c-8d15-b9b92ca8b7b3@group-375F3F399C5E: changes role from CANDIDATE to LEADER at term 1 for changeToLeader
2019-11-15 20:17:59,400 [c23f4e8b-a977-491c-8d15-b9b92ca8b7b3@group-375F3F399C5E-LeaderElection56] INFO  ratis.XceiverServerRatis (XceiverServerRatis.java:handleLeaderChangedNotification(697)) - Leader change notification received for group: group-375F3F399C5E with new leaderId: c23f4e8b-a977-491c-8d15-b9b92ca8b7b3
2019-11-15 20:17:59,400 [96e7c94e-3c8d-4ea5-9d39-2046e661862c@group-1B95EFD55CBA-LeaderElection55] INFO  ratis.XceiverServerRatis (XceiverServerRatis.java:handleLeaderChangedNotification(697)) - Leader change notification received for group: group-1B95EFD55CBA with new leaderId: 96e7c94e-3c8d-4ea5-9d39-2046e661862c
2019-11-15 20:17:59,400 [c23f4e8b-a977-491c-8d15-b9b92ca8b7b3@group-375F3F399C5E-LeaderElection56] INFO  impl.RaftServerImpl (ServerState.java:setLeader(255)) - c23f4e8b-a977-491c-8d15-b9b92ca8b7b3@group-375F3F399C5E: change Leader from null to c23f4e8b-a977-491c-8d15-b9b92ca8b7b3 at term 1 for becomeLeader, leader elected after 1178ms
2019-11-15 20:17:59,400 [96e7c94e-3c8d-4ea5-9d39-2046e661862c@group-1B95EFD55CBA-LeaderElection55] INFO  impl.RaftServerImpl (ServerState.java:setLeader(255)) - 96e7c94e-3c8d-4ea5-9d39-2046e661862c@group-1B95EFD55CBA: change Leader from null to 96e7c94e-3c8d-4ea5-9d39-2046e661862c at term 1 for becomeLeader, leader elected after 1058ms
2019-11-15 20:17:59,400 [c23f4e8b-a977-491c-8d15-b9b92ca8b7b3@group-375F3F399C5E-LeaderElection56] INFO  server.RaftServerConfigKeys (ConfUtils.java:logGet(43)) - raft.server.staging.catchup.gap = 1000 (default)
2019-11-15 20:17:59,401 [96e7c94e-3c8d-4ea5-9d39-2046e661862c@group-1B95EFD55CBA-LeaderElection55] INFO  server.RaftServerConfigKeys (ConfUtils.java:logGet(43)) - raft.server.staging.catchup.gap = 1000 (default)
2019-11-15 20:17:59,403 [c23f4e8b-a977-491c-8d15-b9b92ca8b7b3@group-375F3F399C5E-LeaderElection56] INFO  server.RaftServerConfigKeys (ConfUtils.java:logGet(43)) - raft.server.rpc.sleep.time = 25ms (default)
2019-11-15 20:17:59,403 [96e7c94e-3c8d-4ea5-9d39-2046e661862c@group-1B95EFD55CBA-LeaderElection55] INFO  server.RaftServerConfigKeys (ConfUtils.java:logGet(43)) - raft.server.rpc.sleep.time = 25ms (default)
2019-11-15 20:17:59,404 [c23f4e8b-a977-491c-8d15-b9b92ca8b7b3@group-375F3F399C5E-LeaderElection56] INFO  server.RaftServerConfigKeys (ConfUtils.java:logGet(43)) - raft.server.write.element-limit = 4096 (default)
2019-11-15 20:17:59,404 [96e7c94e-3c8d-4ea5-9d39-2046e661862c@group-1B95EFD55CBA-LeaderElection55] INFO  server.RaftServerConfigKeys (ConfUtils.java:logGet(43)) - raft.server.write.element-limit = 4096 (default)
2019-11-15 20:17:59,404 [c23f4e8b-a977-491c-8d15-b9b92ca8b7b3@group-375F3F399C5E-LeaderElection56] INFO  server.RaftServerConfigKeys (ConfUtils.java:logGet(43)) - raft.server.watch.timeout = 10s (default)
2019-11-15 20:17:59,404 [96e7c94e-3c8d-4ea5-9d39-2046e661862c@group-1B95EFD55CBA-LeaderElection55] INFO  server.RaftServerConfigKeys (ConfUtils.java:logGet(43)) - raft.server.watch.timeout = 10s (default)
2019-11-15 20:17:59,404 [c23f4e8b-a977-491c-8d15-b9b92ca8b7b3@group-375F3F399C5E-LeaderElection56] INFO  server.RaftServerConfigKeys (ConfUtils.java:logGet(43)) - raft.server.watch.timeout.denomination = 1s (default)
2019-11-15 20:17:59,404 [96e7c94e-3c8d-4ea5-9d39-2046e661862c@group-1B95EFD55CBA-LeaderElection55] INFO  server.RaftServerConfigKeys (ConfUtils.java:logGet(43)) - raft.server.watch.timeout.denomination = 1s (default)
2019-11-15 20:17:59,404 [c23f4e8b-a977-491c-8d15-b9b92ca8b7b3@group-375F3F399C5E-LeaderElection56] INFO  server.RaftServerConfigKeys (ConfUtils.java:logGet(43)) - raft.server.watch.element-limit = 65536 (default)
2019-11-15 20:17:59,404 [96e7c94e-3c8d-4ea5-9d39-2046e661862c@group-1B95EFD55CBA-LeaderElection55] INFO  server.RaftServerConfigKeys (ConfUtils.java:logGet(43)) - raft.server.watch.element-limit = 65536 (default)
2019-11-15 20:17:59,404 [c23f4e8b-a977-491c-8d15-b9b92ca8b7b3@group-375F3F399C5E-LeaderElection56] INFO  impl.RoleInfo (RoleInfo.java:updateAndGet(143)) - c23f4e8b-a977-491c-8d15-b9b92ca8b7b3: start LeaderState
2019-11-15 20:17:59,404 [96e7c94e-3c8d-4ea5-9d39-2046e661862c@group-1B95EFD55CBA-LeaderElection55] INFO  impl.RoleInfo (RoleInfo.java:updateAndGet(143)) - 96e7c94e-3c8d-4ea5-9d39-2046e661862c: start LeaderState
2019-11-15 20:17:59,404 [c23f4e8b-a977-491c-8d15-b9b92ca8b7b3@group-375F3F399C5E-LeaderElection56] INFO  segmented.SegmentedRaftLogWorker (SegmentedRaftLogWorker.java:startLogSegment(385)) - c23f4e8b-a977-491c-8d15-b9b92ca8b7b3@group-375F3F399C5E-SegmentedRaftLogWorker: Starting segment from index:0
2019-11-15 20:17:59,404 [96e7c94e-3c8d-4ea5-9d39-2046e661862c@group-1B95EFD55CBA-LeaderElection55] INFO  segmented.SegmentedRaftLogWorker (SegmentedRaftLogWorker.java:startLogSegment(385)) - 96e7c94e-3c8d-4ea5-9d39-2046e661862c@group-1B95EFD55CBA-SegmentedRaftLogWorker: Starting segment from index:0
2019-11-15 20:17:59,405 [EventQueue-PipelineReportForPipelineReportHandler] INFO  pipeline.PipelineStateManager (PipelineStateManager.java:openPipeline(134)) - Pipeline Pipeline[ Id: 8718d1fe-fc22-4463-ae56-1b95efd55cba, Nodes: 96e7c94e-3c8d-4ea5-9d39-2046e661862c{ip: 192.168.69.94, host: pr-hdds-2517-immreturn-vbf9m-3344069096, networkLocation: /rack1, certSerialId: null}, Type:RATIS, Factor:ONE, State:OPEN] moved to OPEN state
2019-11-15 20:17:59,405 [c23f4e8b-a977-491c-8d15-b9b92ca8b7b3@group-375F3F399C5E-LeaderElection56] INFO  impl.RaftServerImpl (ServerState.java:setRaftConf(356)) - c23f4e8b-a977-491c-8d15-b9b92ca8b7b3@group-375F3F399C5E: set configuration 0: [c23f4e8b-a977-491c-8d15-b9b92ca8b7b3:192.168.69.94:37963], old=null at 0
2019-11-15 20:17:59,405 [EventQueue-PipelineReportForPipelineReportHandler] INFO  pipeline.PipelineStateManager (PipelineStateManager.java:openPipeline(134)) - Pipeline Pipeline[ Id: 726c3570-b083-409d-88c0-375f3f399c5e, Nodes: c23f4e8b-a977-491c-8d15-b9b92ca8b7b3{ip: 192.168.69.94, host: pr-hdds-2517-immreturn-vbf9m-3344069096, networkLocation: /rack1, certSerialId: null}, Type:RATIS, Factor:ONE, State:OPEN] moved to OPEN state
2019-11-15 20:17:59,405 [96e7c94e-3c8d-4ea5-9d39-2046e661862c@group-1B95EFD55CBA-LeaderElection55] INFO  impl.RaftServerImpl (ServerState.java:setRaftConf(356)) - 96e7c94e-3c8d-4ea5-9d39-2046e661862c@group-1B95EFD55CBA: set configuration 0: [96e7c94e-3c8d-4ea5-9d39-2046e661862c:192.168.69.94:44753], old=null at 0
2019-11-15 20:17:59,450 [c23f4e8b-a977-491c-8d15-b9b92ca8b7b3@group-375F3F399C5E-SegmentedRaftLogWorker] INFO  segmented.SegmentedRaftLogWorker (SegmentedRaftLogWorker.java:execute(576)) - c23f4e8b-a977-491c-8d15-b9b92ca8b7b3@group-375F3F399C5E-SegmentedRaftLogWorker: created new log segment /workdir/hadoop-ozone/integration-test/target/test-dir/MiniOzoneClusterImpl-cd14858e-7fd2-404c-93a1-487d1243ff76/datanode-4/data/ratis/726c3570-b083-409d-88c0-375f3f399c5e/current/log_inprogress_0
2019-11-15 20:17:59,450 [96e7c94e-3c8d-4ea5-9d39-2046e661862c@group-1B95EFD55CBA-SegmentedRaftLogWorker] INFO  segmented.SegmentedRaftLogWorker (SegmentedRaftLogWorker.java:execute(576)) - 96e7c94e-3c8d-4ea5-9d39-2046e661862c@group-1B95EFD55CBA-SegmentedRaftLogWorker: created new log segment /workdir/hadoop-ozone/integration-test/target/test-dir/MiniOzoneClusterImpl-cd14858e-7fd2-404c-93a1-487d1243ff76/datanode-5/data/ratis/8718d1fe-fc22-4463-ae56-1b95efd55cba/current/log_inprogress_0
2019-11-15 20:17:59,510 [Thread-1267] INFO  impl.FollowerState (FollowerState.java:run(111)) - 290dafba-a54e-4701-973a-40c4cf36477d@group-28552A7D393C-FollowerState: change to CANDIDATE, lastRpcTime:1045ms, electionTimeout:1045ms
2019-11-15 20:17:59,510 [Thread-1267] INFO  impl.RoleInfo (RoleInfo.java:shutdownFollowerState(121)) - 290dafba-a54e-4701-973a-40c4cf36477d: shutdown FollowerState
2019-11-15 20:17:59,510 [Thread-1267] INFO  impl.RaftServerImpl (RaftServerImpl.java:setRole(173)) - 290dafba-a54e-4701-973a-40c4cf36477d@group-28552A7D393C: changes role from  FOLLOWER to CANDIDATE at term 0 for changeToCandidate
2019-11-15 20:17:59,510 [Thread-1267] INFO  impl.RoleInfo (RoleInfo.java:updateAndGet(143)) - 290dafba-a54e-4701-973a-40c4cf36477d: start LeaderElection
2019-11-15 20:17:59,529 [290dafba-a54e-4701-973a-40c4cf36477d@group-28552A7D393C-LeaderElection57] INFO  impl.LeaderElection (LeaderElection.java:askForVotes(178)) - 290dafba-a54e-4701-973a-40c4cf36477d@group-28552A7D393C-LeaderElection57: begin an election at term 1 for -1: [290dafba-a54e-4701-973a-40c4cf36477d:192.168.69.94:33749], old=null
2019-11-15 20:17:59,529 [290dafba-a54e-4701-973a-40c4cf36477d@group-28552A7D393C-LeaderElection57] INFO  impl.RoleInfo (RoleInfo.java:shutdownLeaderElection(134)) - 290dafba-a54e-4701-973a-40c4cf36477d: shutdown LeaderElection
2019-11-15 20:17:59,529 [290dafba-a54e-4701-973a-40c4cf36477d@group-28552A7D393C-LeaderElection57] INFO  impl.RaftServerImpl (RaftServerImpl.java:setRole(173)) - 290dafba-a54e-4701-973a-40c4cf36477d@group-28552A7D393C: changes role from CANDIDATE to LEADER at term 1 for changeToLeader
2019-11-15 20:17:59,529 [290dafba-a54e-4701-973a-40c4cf36477d@group-28552A7D393C-LeaderElection57] INFO  ratis.XceiverServerRatis (XceiverServerRatis.java:handleLeaderChangedNotification(697)) - Leader change notification received for group: group-28552A7D393C with new leaderId: 290dafba-a54e-4701-973a-40c4cf36477d
2019-11-15 20:17:59,529 [290dafba-a54e-4701-973a-40c4cf36477d@group-28552A7D393C-LeaderElection57] INFO  impl.RaftServerImpl (ServerState.java:setLeader(255)) - 290dafba-a54e-4701-973a-40c4cf36477d@group-28552A7D393C: change Leader from null to 290dafba-a54e-4701-973a-40c4cf36477d at term 1 for becomeLeader, leader elected after 1067ms
2019-11-15 20:17:59,529 [290dafba-a54e-4701-973a-40c4cf36477d@group-28552A7D393C-LeaderElection57] INFO  server.RaftServerConfigKeys (ConfUtils.java:logGet(43)) - raft.server.staging.catchup.gap = 1000 (default)
2019-11-15 20:17:59,529 [290dafba-a54e-4701-973a-40c4cf36477d@group-28552A7D393C-LeaderElection57] INFO  server.RaftServerConfigKeys (ConfUtils.java:logGet(43)) - raft.server.rpc.sleep.time = 25ms (default)
2019-11-15 20:17:59,532 [Thread-1270] INFO  impl.FollowerState (FollowerState.java:run(111)) - 8ea95c1a-a940-4392-ad76-d729a81e9d62@group-9E7243581484-FollowerState: change to CANDIDATE, lastRpcTime:1009ms, electionTimeout:1008ms
2019-11-15 20:17:59,532 [290dafba-a54e-4701-973a-40c4cf36477d@group-28552A7D393C-LeaderElection57] INFO  server.RaftServerConfigKeys (ConfUtils.java:logGet(43)) - raft.server.write.element-limit = 4096 (default)
2019-11-15 20:17:59,532 [Thread-1270] INFO  impl.RoleInfo (RoleInfo.java:shutdownFollowerState(121)) - 8ea95c1a-a940-4392-ad76-d729a81e9d62: shutdown FollowerState
2019-11-15 20:17:59,532 [290dafba-a54e-4701-973a-40c4cf36477d@group-28552A7D393C-LeaderElection57] INFO  server.RaftServerConfigKeys (ConfUtils.java:logGet(43)) - raft.server.watch.timeout = 10s (default)
2019-11-15 20:17:59,532 [Thread-1270] INFO  impl.RaftServerImpl (RaftServerImpl.java:setRole(173)) - 8ea95c1a-a940-4392-ad76-d729a81e9d62@group-9E7243581484: changes role from  FOLLOWER to CANDIDATE at term 0 for changeToCandidate
2019-11-15 20:17:59,532 [290dafba-a54e-4701-973a-40c4cf36477d@group-28552A7D393C-LeaderElection57] INFO  server.RaftServerConfigKeys (ConfUtils.java:logGet(43)) - raft.server.watch.timeout.denomination = 1s (default)
2019-11-15 20:17:59,532 [Thread-1270] INFO  impl.RoleInfo (RoleInfo.java:updateAndGet(143)) - 8ea95c1a-a940-4392-ad76-d729a81e9d62: start LeaderElection
2019-11-15 20:17:59,532 [290dafba-a54e-4701-973a-40c4cf36477d@group-28552A7D393C-LeaderElection57] INFO  server.RaftServerConfigKeys (ConfUtils.java:logGet(43)) - raft.server.watch.element-limit = 65536 (default)
2019-11-15 20:17:59,533 [290dafba-a54e-4701-973a-40c4cf36477d@group-28552A7D393C-LeaderElection57] INFO  impl.RoleInfo (RoleInfo.java:updateAndGet(143)) - 290dafba-a54e-4701-973a-40c4cf36477d: start LeaderState
2019-11-15 20:17:59,536 [290dafba-a54e-4701-973a-40c4cf36477d@group-28552A7D393C-LeaderElection57] INFO  segmented.SegmentedRaftLogWorker (SegmentedRaftLogWorker.java:startLogSegment(385)) - 290dafba-a54e-4701-973a-40c4cf36477d@group-28552A7D393C-SegmentedRaftLogWorker: Starting segment from index:0
2019-11-15 20:17:59,537 [EventQueue-PipelineReportForPipelineReportHandler] INFO  pipeline.PipelineStateManager (PipelineStateManager.java:openPipeline(134)) - Pipeline Pipeline[ Id: 05fe78c1-8f74-46a9-956a-28552a7d393c, Nodes: 290dafba-a54e-4701-973a-40c4cf36477d{ip: 192.168.69.94, host: pr-hdds-2517-immreturn-vbf9m-3344069096, networkLocation: /rack1, certSerialId: null}, Type:RATIS, Factor:ONE, State:OPEN] moved to OPEN state
2019-11-15 20:17:59,539 [290dafba-a54e-4701-973a-40c4cf36477d@group-28552A7D393C-LeaderElection57] INFO  impl.RaftServerImpl (ServerState.java:setRaftConf(356)) - 290dafba-a54e-4701-973a-40c4cf36477d@group-28552A7D393C: set configuration 0: [290dafba-a54e-4701-973a-40c4cf36477d:192.168.69.94:33749], old=null at 0
2019-11-15 20:17:59,560 [8ea95c1a-a940-4392-ad76-d729a81e9d62@group-9E7243581484-LeaderElection58] INFO  impl.LeaderElection (LeaderElection.java:askForVotes(178)) - 8ea95c1a-a940-4392-ad76-d729a81e9d62@group-9E7243581484-LeaderElection58: begin an election at term 1 for -1: [8ea95c1a-a940-4392-ad76-d729a81e9d62:192.168.69.94:34879], old=null
2019-11-15 20:17:59,560 [8ea95c1a-a940-4392-ad76-d729a81e9d62@group-9E7243581484-LeaderElection58] INFO  impl.RoleInfo (RoleInfo.java:shutdownLeaderElection(134)) - 8ea95c1a-a940-4392-ad76-d729a81e9d62: shutdown LeaderElection
2019-11-15 20:17:59,560 [8ea95c1a-a940-4392-ad76-d729a81e9d62@group-9E7243581484-LeaderElection58] INFO  impl.RaftServerImpl (RaftServerImpl.java:setRole(173)) - 8ea95c1a-a940-4392-ad76-d729a81e9d62@group-9E7243581484: changes role from CANDIDATE to LEADER at term 1 for changeToLeader
2019-11-15 20:17:59,560 [8ea95c1a-a940-4392-ad76-d729a81e9d62@group-9E7243581484-LeaderElection58] INFO  ratis.XceiverServerRatis (XceiverServerRatis.java:handleLeaderChangedNotification(697)) - Leader change notification received for group: group-9E7243581484 with new leaderId: 8ea95c1a-a940-4392-ad76-d729a81e9d62
2019-11-15 20:17:59,561 [8ea95c1a-a940-4392-ad76-d729a81e9d62@group-9E7243581484-LeaderElection58] INFO  impl.RaftServerImpl (ServerState.java:setLeader(255)) - 8ea95c1a-a940-4392-ad76-d729a81e9d62@group-9E7243581484: change Leader from null to 8ea95c1a-a940-4392-ad76-d729a81e9d62 at term 1 for becomeLeader, leader elected after 1040ms
2019-11-15 20:17:59,561 [8ea95c1a-a940-4392-ad76-d729a81e9d62@group-9E7243581484-LeaderElection58] INFO  server.RaftServerConfigKeys (ConfUtils.java:logGet(43)) - raft.server.staging.catchup.gap = 1000 (default)
2019-11-15 20:17:59,564 [8ea95c1a-a940-4392-ad76-d729a81e9d62@group-9E7243581484-LeaderElection58] INFO  server.RaftServerConfigKeys (ConfUtils.java:logGet(43)) - raft.server.rpc.sleep.time = 25ms (default)
2019-11-15 20:17:59,564 [8ea95c1a-a940-4392-ad76-d729a81e9d62@group-9E7243581484-LeaderElection58] INFO  server.RaftServerConfigKeys (ConfUtils.java:logGet(43)) - raft.server.write.element-limit = 4096 (default)
2019-11-15 20:17:59,564 [8ea95c1a-a940-4392-ad76-d729a81e9d62@group-9E7243581484-LeaderElection58] INFO  server.RaftServerConfigKeys (ConfUtils.java:logGet(43)) - raft.server.watch.timeout = 10s (default)
2019-11-15 20:17:59,564 [8ea95c1a-a940-4392-ad76-d729a81e9d62@group-9E7243581484-LeaderElection58] INFO  server.RaftServerConfigKeys (ConfUtils.java:logGet(43)) - raft.server.watch.timeout.denomination = 1s (default)
2019-11-15 20:17:59,564 [8ea95c1a-a940-4392-ad76-d729a81e9d62@group-9E7243581484-LeaderElection58] INFO  server.RaftServerConfigKeys (ConfUtils.java:logGet(43)) - raft.server.watch.element-limit = 65536 (default)
2019-11-15 20:17:59,564 [8ea95c1a-a940-4392-ad76-d729a81e9d62@group-9E7243581484-LeaderElection58] INFO  impl.RoleInfo (RoleInfo.java:updateAndGet(143)) - 8ea95c1a-a940-4392-ad76-d729a81e9d62: start LeaderState
2019-11-15 20:17:59,565 [8ea95c1a-a940-4392-ad76-d729a81e9d62@group-9E7243581484-LeaderElection58] INFO  segmented.SegmentedRaftLogWorker (SegmentedRaftLogWorker.java:startLogSegment(385)) - 8ea95c1a-a940-4392-ad76-d729a81e9d62@group-9E7243581484-SegmentedRaftLogWorker: Starting segment from index:0
2019-11-15 20:17:59,565 [EventQueue-PipelineReportForPipelineReportHandler] INFO  pipeline.PipelineStateManager (PipelineStateManager.java:openPipeline(134)) - Pipeline Pipeline[ Id: c94cb60b-f939-47bb-af4f-9e7243581484, Nodes: 8ea95c1a-a940-4392-ad76-d729a81e9d62{ip: 192.168.69.94, host: pr-hdds-2517-immreturn-vbf9m-3344069096, networkLocation: /rack1, certSerialId: null}, Type:RATIS, Factor:ONE, State:OPEN] moved to OPEN state
2019-11-15 20:17:59,565 [8ea95c1a-a940-4392-ad76-d729a81e9d62@group-9E7243581484-LeaderElection58] INFO  impl.RaftServerImpl (ServerState.java:setRaftConf(356)) - 8ea95c1a-a940-4392-ad76-d729a81e9d62@group-9E7243581484: set configuration 0: [8ea95c1a-a940-4392-ad76-d729a81e9d62:192.168.69.94:34879], old=null at 0
2019-11-15 20:17:59,586 [290dafba-a54e-4701-973a-40c4cf36477d@group-28552A7D393C-SegmentedRaftLogWorker] INFO  segmented.SegmentedRaftLogWorker (SegmentedRaftLogWorker.java:execute(576)) - 290dafba-a54e-4701-973a-40c4cf36477d@group-28552A7D393C-SegmentedRaftLogWorker: created new log segment /workdir/hadoop-ozone/integration-test/target/test-dir/MiniOzoneClusterImpl-cd14858e-7fd2-404c-93a1-487d1243ff76/datanode-7/data/ratis/05fe78c1-8f74-46a9-956a-28552a7d393c/current/log_inprogress_0
2019-11-15 20:17:59,597 [Thread-1264] INFO  impl.FollowerState (FollowerState.java:run(111)) - d88ca459-20d2-4f21-a4b7-d806c7c265fd@group-599B3920551E-FollowerState: change to CANDIDATE, lastRpcTime:1191ms, electionTimeout:1191ms
2019-11-15 20:17:59,597 [Thread-1264] INFO  impl.RoleInfo (RoleInfo.java:shutdownFollowerState(121)) - d88ca459-20d2-4f21-a4b7-d806c7c265fd: shutdown FollowerState
2019-11-15 20:17:59,597 [Thread-1264] INFO  impl.RaftServerImpl (RaftServerImpl.java:setRole(173)) - d88ca459-20d2-4f21-a4b7-d806c7c265fd@group-599B3920551E: changes role from  FOLLOWER to CANDIDATE at term 0 for changeToCandidate
2019-11-15 20:17:59,597 [Thread-1264] INFO  impl.RoleInfo (RoleInfo.java:updateAndGet(143)) - d88ca459-20d2-4f21-a4b7-d806c7c265fd: start LeaderElection
2019-11-15 20:17:59,603 [8ea95c1a-a940-4392-ad76-d729a81e9d62@group-9E7243581484-SegmentedRaftLogWorker] INFO  segmented.SegmentedRaftLogWorker (SegmentedRaftLogWorker.java:execute(576)) - 8ea95c1a-a940-4392-ad76-d729a81e9d62@group-9E7243581484-SegmentedRaftLogWorker: created new log segment /workdir/hadoop-ozone/integration-test/target/test-dir/MiniOzoneClusterImpl-cd14858e-7fd2-404c-93a1-487d1243ff76/datanode-8/data/ratis/c94cb60b-f939-47bb-af4f-9e7243581484/current/log_inprogress_0
2019-11-15 20:17:59,623 [d88ca459-20d2-4f21-a4b7-d806c7c265fd@group-599B3920551E-LeaderElection59] INFO  impl.LeaderElection (LeaderElection.java:askForVotes(178)) - d88ca459-20d2-4f21-a4b7-d806c7c265fd@group-599B3920551E-LeaderElection59: begin an election at term 1 for -1: [d88ca459-20d2-4f21-a4b7-d806c7c265fd:192.168.69.94:38325], old=null
2019-11-15 20:17:59,623 [d88ca459-20d2-4f21-a4b7-d806c7c265fd@group-599B3920551E-LeaderElection59] INFO  impl.RoleInfo (RoleInfo.java:shutdownLeaderElection(134)) - d88ca459-20d2-4f21-a4b7-d806c7c265fd: shutdown LeaderElection
2019-11-15 20:17:59,623 [d88ca459-20d2-4f21-a4b7-d806c7c265fd@group-599B3920551E-LeaderElection59] INFO  impl.RaftServerImpl (RaftServerImpl.java:setRole(173)) - d88ca459-20d2-4f21-a4b7-d806c7c265fd@group-599B3920551E: changes role from CANDIDATE to LEADER at term 1 for changeToLeader
2019-11-15 20:17:59,623 [d88ca459-20d2-4f21-a4b7-d806c7c265fd@group-599B3920551E-LeaderElection59] INFO  ratis.XceiverServerRatis (XceiverServerRatis.java:handleLeaderChangedNotification(697)) - Leader change notification received for group: group-599B3920551E with new leaderId: d88ca459-20d2-4f21-a4b7-d806c7c265fd
2019-11-15 20:17:59,623 [d88ca459-20d2-4f21-a4b7-d806c7c265fd@group-599B3920551E-LeaderElection59] INFO  impl.RaftServerImpl (ServerState.java:setLeader(255)) - d88ca459-20d2-4f21-a4b7-d806c7c265fd@group-599B3920551E: change Leader from null to d88ca459-20d2-4f21-a4b7-d806c7c265fd at term 1 for becomeLeader, leader elected after 1220ms
2019-11-15 20:17:59,623 [d88ca459-20d2-4f21-a4b7-d806c7c265fd@group-599B3920551E-LeaderElection59] INFO  server.RaftServerConfigKeys (ConfUtils.java:logGet(43)) - raft.server.staging.catchup.gap = 1000 (default)
2019-11-15 20:17:59,623 [d88ca459-20d2-4f21-a4b7-d806c7c265fd@group-599B3920551E-LeaderElection59] INFO  server.RaftServerConfigKeys (ConfUtils.java:logGet(43)) - raft.server.rpc.sleep.time = 25ms (default)
2019-11-15 20:17:59,632 [d88ca459-20d2-4f21-a4b7-d806c7c265fd@group-599B3920551E-LeaderElection59] INFO  server.RaftServerConfigKeys (ConfUtils.java:logGet(43)) - raft.server.write.element-limit = 4096 (default)
2019-11-15 20:17:59,632 [d88ca459-20d2-4f21-a4b7-d806c7c265fd@group-599B3920551E-LeaderElection59] INFO  server.RaftServerConfigKeys (ConfUtils.java:logGet(43)) - raft.server.watch.timeout = 10s (default)
2019-11-15 20:17:59,632 [d88ca459-20d2-4f21-a4b7-d806c7c265fd@group-599B3920551E-LeaderElection59] INFO  server.RaftServerConfigKeys (ConfUtils.java:logGet(43)) - raft.server.watch.timeout.denomination = 1s (default)
2019-11-15 20:17:59,633 [d88ca459-20d2-4f21-a4b7-d806c7c265fd@group-599B3920551E-LeaderElection59] INFO  server.RaftServerConfigKeys (ConfUtils.java:logGet(43)) - raft.server.watch.element-limit = 65536 (default)
2019-11-15 20:17:59,633 [d88ca459-20d2-4f21-a4b7-d806c7c265fd@group-599B3920551E-LeaderElection59] INFO  impl.RoleInfo (RoleInfo.java:updateAndGet(143)) - d88ca459-20d2-4f21-a4b7-d806c7c265fd: start LeaderState
2019-11-15 20:17:59,633 [d88ca459-20d2-4f21-a4b7-d806c7c265fd@group-599B3920551E-LeaderElection59] INFO  segmented.SegmentedRaftLogWorker (SegmentedRaftLogWorker.java:startLogSegment(385)) - d88ca459-20d2-4f21-a4b7-d806c7c265fd@group-599B3920551E-SegmentedRaftLogWorker: Starting segment from index:0
2019-11-15 20:17:59,633 [EventQueue-PipelineReportForPipelineReportHandler] INFO  pipeline.PipelineStateManager (PipelineStateManager.java:openPipeline(134)) - Pipeline Pipeline[ Id: 07e7c294-202f-4b49-8685-599b3920551e, Nodes: d88ca459-20d2-4f21-a4b7-d806c7c265fd{ip: 192.168.69.94, host: pr-hdds-2517-immreturn-vbf9m-3344069096, networkLocation: /rack1, certSerialId: null}, Type:RATIS, Factor:ONE, State:OPEN] moved to OPEN state
2019-11-15 20:17:59,633 [d88ca459-20d2-4f21-a4b7-d806c7c265fd@group-599B3920551E-LeaderElection59] INFO  impl.RaftServerImpl (ServerState.java:setRaftConf(356)) - d88ca459-20d2-4f21-a4b7-d806c7c265fd@group-599B3920551E: set configuration 0: [d88ca459-20d2-4f21-a4b7-d806c7c265fd:192.168.69.94:38325], old=null at 0
2019-11-15 20:17:59,667 [d88ca459-20d2-4f21-a4b7-d806c7c265fd@group-599B3920551E-SegmentedRaftLogWorker] INFO  segmented.SegmentedRaftLogWorker (SegmentedRaftLogWorker.java:execute(576)) - d88ca459-20d2-4f21-a4b7-d806c7c265fd@group-599B3920551E-SegmentedRaftLogWorker: created new log segment /workdir/hadoop-ozone/integration-test/target/test-dir/MiniOzoneClusterImpl-cd14858e-7fd2-404c-93a1-487d1243ff76/datanode-6/data/ratis/07e7c294-202f-4b49-8685-599b3920551e/current/log_inprogress_0
2019-11-15 20:17:59,696 [Thread-1277] INFO  impl.FollowerState (FollowerState.java:run(111)) - 96e7c94e-3c8d-4ea5-9d39-2046e661862c@group-916FECE7AAFF-FollowerState: change to CANDIDATE, lastRpcTime:1046ms, electionTimeout:1046ms
2019-11-15 20:17:59,696 [Thread-1277] INFO  impl.RoleInfo (RoleInfo.java:shutdownFollowerState(121)) - 96e7c94e-3c8d-4ea5-9d39-2046e661862c: shutdown FollowerState
2019-11-15 20:17:59,696 [Thread-1277] INFO  impl.RaftServerImpl (RaftServerImpl.java:setRole(173)) - 96e7c94e-3c8d-4ea5-9d39-2046e661862c@group-916FECE7AAFF: changes role from  FOLLOWER to CANDIDATE at term 0 for changeToCandidate
2019-11-15 20:17:59,696 [Thread-1277] INFO  impl.RoleInfo (RoleInfo.java:updateAndGet(143)) - 96e7c94e-3c8d-4ea5-9d39-2046e661862c: start LeaderElection
2019-11-15 20:17:59,713 [Thread-1273] INFO  impl.FollowerState (FollowerState.java:run(111)) - 02c8c0cd-3388-46ae-a10b-79a5583af984@group-261C9F4040BA-FollowerState: change to CANDIDATE, lastRpcTime:1142ms, electionTimeout:1142ms
2019-11-15 20:17:59,713 [Thread-1273] INFO  impl.RoleInfo (RoleInfo.java:shutdownFollowerState(121)) - 02c8c0cd-3388-46ae-a10b-79a5583af984: shutdown FollowerState
2019-11-15 20:17:59,714 [Thread-1273] INFO  impl.RaftServerImpl (RaftServerImpl.java:setRole(173)) - 02c8c0cd-3388-46ae-a10b-79a5583af984@group-261C9F4040BA: changes role from  FOLLOWER to CANDIDATE at term 0 for changeToCandidate
2019-11-15 20:17:59,714 [Thread-1273] INFO  impl.RoleInfo (RoleInfo.java:updateAndGet(143)) - 02c8c0cd-3388-46ae-a10b-79a5583af984: start LeaderElection
2019-11-15 20:17:59,720 [96e7c94e-3c8d-4ea5-9d39-2046e661862c@group-916FECE7AAFF-LeaderElection60] INFO  impl.LeaderElection (LeaderElection.java:askForVotes(178)) - 96e7c94e-3c8d-4ea5-9d39-2046e661862c@group-916FECE7AAFF-LeaderElection60: begin an election at term 1 for -1: [8ea95c1a-a940-4392-ad76-d729a81e9d62:192.168.69.94:34879, 96e7c94e-3c8d-4ea5-9d39-2046e661862c:192.168.69.94:44753, 02c8c0cd-3388-46ae-a10b-79a5583af984:192.168.69.94:40363], old=null
2019-11-15 20:17:59,732 [main] INFO  ozone.MiniOzoneClusterImpl (MiniOzoneClusterImpl.java:lambda$waitForClusterToBeReady$2(163)) - Waiting for 3 number of pipelines out of 13, to report a leader.
2019-11-15 20:17:59,738 [grpc-default-executor-0] INFO  impl.RaftServerImpl (RaftServerImpl.java:setRole(173)) - 02c8c0cd-3388-46ae-a10b-79a5583af984@group-916FECE7AAFF: changes role from  FOLLOWER to FOLLOWER at term 1 for recognizeCandidate:96e7c94e-3c8d-4ea5-9d39-2046e661862c
2019-11-15 20:17:59,741 [grpc-default-executor-5] INFO  impl.RaftServerImpl (RaftServerImpl.java:setRole(173)) - 8ea95c1a-a940-4392-ad76-d729a81e9d62@group-916FECE7AAFF: changes role from  FOLLOWER to FOLLOWER at term 1 for recognizeCandidate:96e7c94e-3c8d-4ea5-9d39-2046e661862c
2019-11-15 20:17:59,741 [grpc-default-executor-0] INFO  impl.RoleInfo (RoleInfo.java:shutdownFollowerState(121)) - 02c8c0cd-3388-46ae-a10b-79a5583af984: shutdown FollowerState
2019-11-15 20:17:59,741 [grpc-default-executor-5] INFO  impl.RoleInfo (RoleInfo.java:shutdownFollowerState(121)) - 8ea95c1a-a940-4392-ad76-d729a81e9d62: shutdown FollowerState
2019-11-15 20:17:59,741 [grpc-default-executor-0] INFO  impl.RoleInfo (RoleInfo.java:updateAndGet(143)) - 02c8c0cd-3388-46ae-a10b-79a5583af984: start FollowerState
2019-11-15 20:17:59,741 [grpc-default-executor-5] INFO  impl.RoleInfo (RoleInfo.java:updateAndGet(143)) - 8ea95c1a-a940-4392-ad76-d729a81e9d62: start FollowerState
2019-11-15 20:17:59,741 [Thread-1282] INFO  impl.FollowerState (FollowerState.java:run(120)) - 8ea95c1a-a940-4392-ad76-d729a81e9d62@group-916FECE7AAFF-FollowerState was interrupted: java.lang.InterruptedException: sleep interrupted
2019-11-15 20:17:59,741 [Thread-1278] INFO  impl.FollowerState (FollowerState.java:run(120)) - 02c8c0cd-3388-46ae-a10b-79a5583af984@group-916FECE7AAFF-FollowerState was interrupted: java.lang.InterruptedException: sleep interrupted
2019-11-15 20:17:59,743 [02c8c0cd-3388-46ae-a10b-79a5583af984@group-261C9F4040BA-LeaderElection61] INFO  impl.LeaderElection (LeaderElection.java:askForVotes(178)) - 02c8c0cd-3388-46ae-a10b-79a5583af984@group-261C9F4040BA-LeaderElection61: begin an election at term 1 for -1: [02c8c0cd-3388-46ae-a10b-79a5583af984:192.168.69.94:40363], old=null
2019-11-15 20:17:59,743 [02c8c0cd-3388-46ae-a10b-79a5583af984@group-261C9F4040BA-LeaderElection61] INFO  impl.RoleInfo (RoleInfo.java:shutdownLeaderElection(134)) - 02c8c0cd-3388-46ae-a10b-79a5583af984: shutdown LeaderElection
2019-11-15 20:17:59,744 [02c8c0cd-3388-46ae-a10b-79a5583af984@group-261C9F4040BA-LeaderElection61] INFO  impl.RaftServerImpl (RaftServerImpl.java:setRole(173)) - 02c8c0cd-3388-46ae-a10b-79a5583af984@group-261C9F4040BA: changes role from CANDIDATE to LEADER at term 1 for changeToLeader
2019-11-15 20:17:59,744 [02c8c0cd-3388-46ae-a10b-79a5583af984@group-261C9F4040BA-LeaderElection61] INFO  ratis.XceiverServerRatis (XceiverServerRatis.java:handleLeaderChangedNotification(697)) - Leader change notification received for group: group-261C9F4040BA with new leaderId: 02c8c0cd-3388-46ae-a10b-79a5583af984
2019-11-15 20:17:59,744 [02c8c0cd-3388-46ae-a10b-79a5583af984@group-261C9F4040BA-LeaderElection61] INFO  impl.RaftServerImpl (ServerState.java:setLeader(255)) - 02c8c0cd-3388-46ae-a10b-79a5583af984@group-261C9F4040BA: change Leader from null to 02c8c0cd-3388-46ae-a10b-79a5583af984 at term 1 for becomeLeader, leader elected after 1176ms
2019-11-15 20:17:59,744 [02c8c0cd-3388-46ae-a10b-79a5583af984@group-261C9F4040BA-LeaderElection61] INFO  server.RaftServerConfigKeys (ConfUtils.java:logGet(43)) - raft.server.staging.catchup.gap = 1000 (default)
2019-11-15 20:17:59,744 [02c8c0cd-3388-46ae-a10b-79a5583af984@group-261C9F4040BA-LeaderElection61] INFO  server.RaftServerConfigKeys (ConfUtils.java:logGet(43)) - raft.server.rpc.sleep.time = 25ms (default)
2019-11-15 20:17:59,745 [02c8c0cd-3388-46ae-a10b-79a5583af984@group-261C9F4040BA-LeaderElection61] INFO  server.RaftServerConfigKeys (ConfUtils.java:logGet(43)) - raft.server.write.element-limit = 4096 (default)
2019-11-15 20:17:59,745 [02c8c0cd-3388-46ae-a10b-79a5583af984@group-261C9F4040BA-LeaderElection61] INFO  server.RaftServerConfigKeys (ConfUtils.java:logGet(43)) - raft.server.watch.timeout = 10s (default)
2019-11-15 20:17:59,745 [02c8c0cd-3388-46ae-a10b-79a5583af984@group-261C9F4040BA-LeaderElection61] INFO  server.RaftServerConfigKeys (ConfUtils.java:logGet(43)) - raft.server.watch.timeout.denomination = 1s (default)
2019-11-15 20:17:59,745 [02c8c0cd-3388-46ae-a10b-79a5583af984@group-261C9F4040BA-LeaderElection61] INFO  server.RaftServerConfigKeys (ConfUtils.java:logGet(43)) - raft.server.watch.element-limit = 65536 (default)
2019-11-15 20:17:59,745 [02c8c0cd-3388-46ae-a10b-79a5583af984@group-261C9F4040BA-LeaderElection61] INFO  impl.RoleInfo (RoleInfo.java:updateAndGet(143)) - 02c8c0cd-3388-46ae-a10b-79a5583af984: start LeaderState
2019-11-15 20:17:59,746 [02c8c0cd-3388-46ae-a10b-79a5583af984@group-261C9F4040BA-LeaderElection61] INFO  segmented.SegmentedRaftLogWorker (SegmentedRaftLogWorker.java:startLogSegment(385)) - 02c8c0cd-3388-46ae-a10b-79a5583af984@group-261C9F4040BA-SegmentedRaftLogWorker: Starting segment from index:0
2019-11-15 20:17:59,746 [02c8c0cd-3388-46ae-a10b-79a5583af984@group-261C9F4040BA-LeaderElection61] INFO  impl.RaftServerImpl (ServerState.java:setRaftConf(356)) - 02c8c0cd-3388-46ae-a10b-79a5583af984@group-261C9F4040BA: set configuration 0: [02c8c0cd-3388-46ae-a10b-79a5583af984:192.168.69.94:40363], old=null at 0
2019-11-15 20:17:59,779 [EventQueue-PipelineReportForPipelineReportHandler] INFO  pipeline.PipelineStateManager (PipelineStateManager.java:openPipeline(134)) - Pipeline Pipeline[ Id: 4efb9110-c1f5-477f-82fa-261c9f4040ba, Nodes: 02c8c0cd-3388-46ae-a10b-79a5583af984{ip: 192.168.69.94, host: pr-hdds-2517-immreturn-vbf9m-3344069096, networkLocation: /rack1, certSerialId: null}, Type:RATIS, Factor:ONE, State:OPEN] moved to OPEN state
2019-11-15 20:17:59,779 [96e7c94e-3c8d-4ea5-9d39-2046e661862c@group-916FECE7AAFF-LeaderElection60] INFO  impl.LeaderElection (LeaderElection.java:logAndReturn(56)) - 96e7c94e-3c8d-4ea5-9d39-2046e661862c@group-916FECE7AAFF-LeaderElection60: Election PASSED; received 1 response(s) [96e7c94e-3c8d-4ea5-9d39-2046e661862c<-02c8c0cd-3388-46ae-a10b-79a5583af984#0:OK-t1] and 0 exception(s); 96e7c94e-3c8d-4ea5-9d39-2046e661862c@group-916FECE7AAFF:t1, leader=null, voted=96e7c94e-3c8d-4ea5-9d39-2046e661862c, raftlog=96e7c94e-3c8d-4ea5-9d39-2046e661862c@group-916FECE7AAFF-SegmentedRaftLog:OPENED:c-1,f-1,i0, conf=-1: [8ea95c1a-a940-4392-ad76-d729a81e9d62:192.168.69.94:34879, 96e7c94e-3c8d-4ea5-9d39-2046e661862c:192.168.69.94:44753, 02c8c0cd-3388-46ae-a10b-79a5583af984:192.168.69.94:40363], old=null
2019-11-15 20:17:59,779 [96e7c94e-3c8d-4ea5-9d39-2046e661862c@group-916FECE7AAFF-LeaderElection60] INFO  impl.RoleInfo (RoleInfo.java:shutdownLeaderElection(134)) - 96e7c94e-3c8d-4ea5-9d39-2046e661862c: shutdown LeaderElection
2019-11-15 20:17:59,780 [96e7c94e-3c8d-4ea5-9d39-2046e661862c@group-916FECE7AAFF-LeaderElection60] INFO  impl.RaftServerImpl (RaftServerImpl.java:setRole(173)) - 96e7c94e-3c8d-4ea5-9d39-2046e661862c@group-916FECE7AAFF: changes role from CANDIDATE to LEADER at term 1 for changeToLeader
2019-11-15 20:17:59,780 [96e7c94e-3c8d-4ea5-9d39-2046e661862c@group-916FECE7AAFF-LeaderElection60] INFO  ratis.XceiverServerRatis (XceiverServerRatis.java:handleLeaderChangedNotification(697)) - Leader change notification received for group: group-916FECE7AAFF with new leaderId: 96e7c94e-3c8d-4ea5-9d39-2046e661862c
2019-11-15 20:17:59,780 [96e7c94e-3c8d-4ea5-9d39-2046e661862c@group-916FECE7AAFF-LeaderElection60] INFO  impl.RaftServerImpl (ServerState.java:setLeader(255)) - 96e7c94e-3c8d-4ea5-9d39-2046e661862c@group-916FECE7AAFF: change Leader from null to 96e7c94e-3c8d-4ea5-9d39-2046e661862c at term 1 for becomeLeader, leader elected after 1135ms
2019-11-15 20:17:59,780 [96e7c94e-3c8d-4ea5-9d39-2046e661862c@group-916FECE7AAFF-LeaderElection60] INFO  server.RaftServerConfigKeys (ConfUtils.java:logGet(43)) - raft.server.staging.catchup.gap = 1000 (default)
2019-11-15 20:17:59,780 [96e7c94e-3c8d-4ea5-9d39-2046e661862c@group-916FECE7AAFF-LeaderElection60] INFO  server.RaftServerConfigKeys (ConfUtils.java:logGet(43)) - raft.server.rpc.sleep.time = 25ms (default)
2019-11-15 20:17:59,781 [96e7c94e-3c8d-4ea5-9d39-2046e661862c@group-916FECE7AAFF-LeaderElection60] INFO  server.RaftServerConfigKeys (ConfUtils.java:logGet(43)) - raft.server.write.element-limit = 4096 (default)
2019-11-15 20:17:59,781 [96e7c94e-3c8d-4ea5-9d39-2046e661862c@group-916FECE7AAFF-LeaderElection60] INFO  server.RaftServerConfigKeys (ConfUtils.java:logGet(43)) - raft.server.watch.timeout = 10s (default)
2019-11-15 20:17:59,781 [96e7c94e-3c8d-4ea5-9d39-2046e661862c@group-916FECE7AAFF-LeaderElection60] INFO  server.RaftServerConfigKeys (ConfUtils.java:logGet(43)) - raft.server.watch.timeout.denomination = 1s (default)
2019-11-15 20:17:59,781 [96e7c94e-3c8d-4ea5-9d39-2046e661862c@group-916FECE7AAFF-LeaderElection60] INFO  server.RaftServerConfigKeys (ConfUtils.java:logGet(43)) - raft.server.watch.element-limit = 65536 (default)
2019-11-15 20:17:59,781 [EventQueue-PipelineReportForPipelineReportHandler] INFO  pipeline.PipelineStateManager (PipelineStateManager.java:openPipeline(134)) - Pipeline Pipeline[ Id: ce900b67-6ac3-4ea5-9465-916fece7aaff, Nodes: 8ea95c1a-a940-4392-ad76-d729a81e9d62{ip: 192.168.69.94, host: pr-hdds-2517-immreturn-vbf9m-3344069096, networkLocation: /rack1, certSerialId: null}96e7c94e-3c8d-4ea5-9d39-2046e661862c{ip: 192.168.69.94, host: pr-hdds-2517-immreturn-vbf9m-3344069096, networkLocation: /rack1, certSerialId: null}02c8c0cd-3388-46ae-a10b-79a5583af984{ip: 192.168.69.94, host: pr-hdds-2517-immreturn-vbf9m-3344069096, networkLocation: /rack1, certSerialId: null}, Type:RATIS, Factor:THREE, State:OPEN] moved to OPEN state
2019-11-15 20:17:59,781 [96e7c94e-3c8d-4ea5-9d39-2046e661862c@group-916FECE7AAFF-LeaderElection60] INFO  server.RaftServerConfigKeys (ConfUtils.java:logGet(43)) - raft.server.log.appender.snapshot.chunk.size.max = 16MB (=16777216) (default)
2019-11-15 20:17:59,782 [96e7c94e-3c8d-4ea5-9d39-2046e661862c@group-916FECE7AAFF-LeaderElection60] INFO  server.RaftServerConfigKeys (ConfUtils.java:logGet(43)) - raft.server.log.appender.buffer.byte-limit = 33554432 (custom)
2019-11-15 20:17:59,782 [96e7c94e-3c8d-4ea5-9d39-2046e661862c@group-916FECE7AAFF-LeaderElection60] INFO  server.RaftServerConfigKeys (ConfUtils.java:logGet(43)) - raft.server.log.appender.buffer.element-limit = 1 (custom)
2019-11-15 20:17:59,782 [96e7c94e-3c8d-4ea5-9d39-2046e661862c@group-916FECE7AAFF-LeaderElection60] INFO  grpc.GrpcConfigKeys$Server (ConfUtils.java:logGet(43)) - raft.grpc.server.leader.outstanding.appends.max = 128 (default)
2019-11-15 20:17:59,782 [96e7c94e-3c8d-4ea5-9d39-2046e661862c@group-916FECE7AAFF-LeaderElection60] INFO  server.RaftServerConfigKeys (ConfUtils.java:logGet(43)) - raft.server.rpc.request.timeout = 3000ms (default)
2019-11-15 20:17:59,783 [96e7c94e-3c8d-4ea5-9d39-2046e661862c@group-916FECE7AAFF-LeaderElection60] INFO  server.RaftServerConfigKeys (ConfUtils.java:logGet(43)) - raft.server.log.appender.install.snapshot.enabled = false (custom)
2019-11-15 20:17:59,783 [96e7c94e-3c8d-4ea5-9d39-2046e661862c@group-916FECE7AAFF-LeaderElection60] WARN  impl.MetricRegistriesImpl (MetricRegistriesImpl.java:lambda$create$1(61)) - First MetricRegistry has been created without registering reporters. You may need to call MetricRegistries.global().addReportRegistration(...) before.
2019-11-15 20:17:59,783 [96e7c94e-3c8d-4ea5-9d39-2046e661862c@group-916FECE7AAFF-LeaderElection60] INFO  server.RaftServerConfigKeys (ConfUtils.java:logGet(43)) - raft.server.log.appender.snapshot.chunk.size.max = 16MB (=16777216) (default)
2019-11-15 20:17:59,783 [96e7c94e-3c8d-4ea5-9d39-2046e661862c@group-916FECE7AAFF-LeaderElection60] INFO  server.RaftServerConfigKeys (ConfUtils.java:logGet(43)) - raft.server.log.appender.buffer.byte-limit = 33554432 (custom)
2019-11-15 20:17:59,783 [96e7c94e-3c8d-4ea5-9d39-2046e661862c@group-916FECE7AAFF-LeaderElection60] INFO  server.RaftServerConfigKeys (ConfUtils.java:logGet(43)) - raft.server.log.appender.buffer.element-limit = 1 (custom)
2019-11-15 20:17:59,784 [96e7c94e-3c8d-4ea5-9d39-2046e661862c@group-916FECE7AAFF-LeaderElection60] INFO  grpc.GrpcConfigKeys$Server (ConfUtils.java:logGet(43)) - raft.grpc.server.leader.outstanding.appends.max = 128 (default)
2019-11-15 20:17:59,784 [96e7c94e-3c8d-4ea5-9d39-2046e661862c@group-916FECE7AAFF-LeaderElection60] INFO  server.RaftServerConfigKeys (ConfUtils.java:logGet(43)) - raft.server.rpc.request.timeout = 3000ms (default)
2019-11-15 20:17:59,784 [96e7c94e-3c8d-4ea5-9d39-2046e661862c@group-916FECE7AAFF-LeaderElection60] INFO  server.RaftServerConfigKeys (ConfUtils.java:logGet(43)) - raft.server.log.appender.install.snapshot.enabled = false (custom)
2019-11-15 20:17:59,784 [96e7c94e-3c8d-4ea5-9d39-2046e661862c@group-916FECE7AAFF-LeaderElection60] INFO  impl.RoleInfo (RoleInfo.java:updateAndGet(143)) - 96e7c94e-3c8d-4ea5-9d39-2046e661862c: start LeaderState
2019-11-15 20:17:59,785 [96e7c94e-3c8d-4ea5-9d39-2046e661862c@group-916FECE7AAFF-LeaderElection60] INFO  segmented.SegmentedRaftLogWorker (SegmentedRaftLogWorker.java:startLogSegment(385)) - 96e7c94e-3c8d-4ea5-9d39-2046e661862c@group-916FECE7AAFF-SegmentedRaftLogWorker: Starting segment from index:0
2019-11-15 20:17:59,787 [96e7c94e-3c8d-4ea5-9d39-2046e661862c@group-916FECE7AAFF-LeaderElection60] INFO  impl.RaftServerImpl (ServerState.java:setRaftConf(356)) - 96e7c94e-3c8d-4ea5-9d39-2046e661862c@group-916FECE7AAFF: set configuration 0: [8ea95c1a-a940-4392-ad76-d729a81e9d62:192.168.69.94:34879, 96e7c94e-3c8d-4ea5-9d39-2046e661862c:192.168.69.94:44753, 02c8c0cd-3388-46ae-a10b-79a5583af984:192.168.69.94:40363], old=null at 0
2019-11-15 20:17:59,812 [grpc-default-executor-0] INFO  ratis.XceiverServerRatis (XceiverServerRatis.java:handleLeaderChangedNotification(697)) - Leader change notification received for group: group-916FECE7AAFF with new leaderId: 96e7c94e-3c8d-4ea5-9d39-2046e661862c
2019-11-15 20:17:59,812 [02c8c0cd-3388-46ae-a10b-79a5583af984@group-261C9F4040BA-SegmentedRaftLogWorker] INFO  segmented.SegmentedRaftLogWorker (SegmentedRaftLogWorker.java:execute(576)) - 02c8c0cd-3388-46ae-a10b-79a5583af984@group-261C9F4040BA-SegmentedRaftLogWorker: created new log segment /workdir/hadoop-ozone/integration-test/target/test-dir/MiniOzoneClusterImpl-cd14858e-7fd2-404c-93a1-487d1243ff76/datanode-9/data/ratis/4efb9110-c1f5-477f-82fa-261c9f4040ba/current/log_inprogress_0
2019-11-15 20:17:59,812 [grpc-default-executor-0] INFO  impl.RaftServerImpl (ServerState.java:setLeader(255)) - 8ea95c1a-a940-4392-ad76-d729a81e9d62@group-916FECE7AAFF: change Leader from null to 96e7c94e-3c8d-4ea5-9d39-2046e661862c at term 1 for appendEntries, leader elected after 1168ms
2019-11-15 20:17:59,814 [grpc-default-executor-0] INFO  ratis.XceiverServerRatis (XceiverServerRatis.java:handleLeaderChangedNotification(697)) - Leader change notification received for group: group-916FECE7AAFF with new leaderId: 96e7c94e-3c8d-4ea5-9d39-2046e661862c
2019-11-15 20:17:59,815 [grpc-default-executor-0] INFO  impl.RaftServerImpl (ServerState.java:setLeader(255)) - 02c8c0cd-3388-46ae-a10b-79a5583af984@group-916FECE7AAFF: change Leader from null to 96e7c94e-3c8d-4ea5-9d39-2046e661862c at term 1 for appendEntries, leader elected after 1170ms
2019-11-15 20:17:59,815 [grpc-default-executor-5] INFO  impl.RaftServerImpl (ServerState.java:setRaftConf(356)) - 8ea95c1a-a940-4392-ad76-d729a81e9d62@group-916FECE7AAFF: set configuration 0: [8ea95c1a-a940-4392-ad76-d729a81e9d62:192.168.69.94:34879, 96e7c94e-3c8d-4ea5-9d39-2046e661862c:192.168.69.94:44753, 02c8c0cd-3388-46ae-a10b-79a5583af984:192.168.69.94:40363], old=null at 0
2019-11-15 20:17:59,815 [grpc-default-executor-5] INFO  segmented.SegmentedRaftLogWorker (SegmentedRaftLogWorker.java:startLogSegment(385)) - 8ea95c1a-a940-4392-ad76-d729a81e9d62@group-916FECE7AAFF-SegmentedRaftLogWorker: Starting segment from index:0
2019-11-15 20:17:59,820 [grpc-default-executor-5] INFO  impl.RaftServerImpl (ServerState.java:setRaftConf(356)) - 02c8c0cd-3388-46ae-a10b-79a5583af984@group-916FECE7AAFF: set configuration 0: [8ea95c1a-a940-4392-ad76-d729a81e9d62:192.168.69.94:34879, 96e7c94e-3c8d-4ea5-9d39-2046e661862c:192.168.69.94:44753, 02c8c0cd-3388-46ae-a10b-79a5583af984:192.168.69.94:40363], old=null at 0
2019-11-15 20:17:59,820 [grpc-default-executor-5] INFO  segmented.SegmentedRaftLogWorker (SegmentedRaftLogWorker.java:startLogSegment(385)) - 02c8c0cd-3388-46ae-a10b-79a5583af984@group-916FECE7AAFF-SegmentedRaftLogWorker: Starting segment from index:0
2019-11-15 20:17:59,831 [96e7c94e-3c8d-4ea5-9d39-2046e661862c@group-916FECE7AAFF-SegmentedRaftLogWorker] INFO  segmented.SegmentedRaftLogWorker (SegmentedRaftLogWorker.java:execute(576)) - 96e7c94e-3c8d-4ea5-9d39-2046e661862c@group-916FECE7AAFF-SegmentedRaftLogWorker: created new log segment /workdir/hadoop-ozone/integration-test/target/test-dir/MiniOzoneClusterImpl-cd14858e-7fd2-404c-93a1-487d1243ff76/datanode-5/data/ratis/ce900b67-6ac3-4ea5-9465-916fece7aaff/current/log_inprogress_0
2019-11-15 20:17:59,843 [Thread-1285] INFO  impl.FollowerState (FollowerState.java:run(111)) - d88ca459-20d2-4f21-a4b7-d806c7c265fd@group-7372ACD755C2-FollowerState: change to CANDIDATE, lastRpcTime:1125ms, electionTimeout:1125ms
2019-11-15 20:17:59,844 [Thread-1285] INFO  impl.RoleInfo (RoleInfo.java:shutdownFollowerState(121)) - d88ca459-20d2-4f21-a4b7-d806c7c265fd: shutdown FollowerState
2019-11-15 20:17:59,844 [Thread-1285] INFO  impl.RaftServerImpl (RaftServerImpl.java:setRole(173)) - d88ca459-20d2-4f21-a4b7-d806c7c265fd@group-7372ACD755C2: changes role from  FOLLOWER to CANDIDATE at term 0 for changeToCandidate
2019-11-15 20:17:59,844 [Thread-1285] INFO  impl.RoleInfo (RoleInfo.java:updateAndGet(143)) - d88ca459-20d2-4f21-a4b7-d806c7c265fd: start LeaderElection
2019-11-15 20:17:59,859 [Thread-1288] INFO  impl.FollowerState (FollowerState.java:run(111)) - f5e6ed35-042e-40b5-afb2-c30172d49513@group-7372ACD755C2-FollowerState: change to CANDIDATE, lastRpcTime:1139ms, electionTimeout:1129ms
2019-11-15 20:17:59,859 [Thread-1288] INFO  impl.RoleInfo (RoleInfo.java:shutdownFollowerState(121)) - f5e6ed35-042e-40b5-afb2-c30172d49513: shutdown FollowerState
2019-11-15 20:17:59,859 [Thread-1288] INFO  impl.RaftServerImpl (RaftServerImpl.java:setRole(173)) - f5e6ed35-042e-40b5-afb2-c30172d49513@group-7372ACD755C2: changes role from  FOLLOWER to CANDIDATE at term 0 for changeToCandidate
2019-11-15 20:17:59,859 [Thread-1288] INFO  impl.RoleInfo (RoleInfo.java:updateAndGet(143)) - f5e6ed35-042e-40b5-afb2-c30172d49513: start LeaderElection
2019-11-15 20:17:59,868 [02c8c0cd-3388-46ae-a10b-79a5583af984@group-916FECE7AAFF-SegmentedRaftLogWorker] INFO  segmented.SegmentedRaftLogWorker (SegmentedRaftLogWorker.java:execute(576)) - 02c8c0cd-3388-46ae-a10b-79a5583af984@group-916FECE7AAFF-SegmentedRaftLogWorker: created new log segment /workdir/hadoop-ozone/integration-test/target/test-dir/MiniOzoneClusterImpl-cd14858e-7fd2-404c-93a1-487d1243ff76/datanode-9/data/ratis/ce900b67-6ac3-4ea5-9465-916fece7aaff/current/log_inprogress_0
2019-11-15 20:17:59,868 [8ea95c1a-a940-4392-ad76-d729a81e9d62@group-916FECE7AAFF-SegmentedRaftLogWorker] INFO  segmented.SegmentedRaftLogWorker (SegmentedRaftLogWorker.java:execute(576)) - 8ea95c1a-a940-4392-ad76-d729a81e9d62@group-916FECE7AAFF-SegmentedRaftLogWorker: created new log segment /workdir/hadoop-ozone/integration-test/target/test-dir/MiniOzoneClusterImpl-cd14858e-7fd2-404c-93a1-487d1243ff76/datanode-8/data/ratis/ce900b67-6ac3-4ea5-9465-916fece7aaff/current/log_inprogress_0
2019-11-15 20:17:59,869 [d88ca459-20d2-4f21-a4b7-d806c7c265fd@group-7372ACD755C2-LeaderElection62] INFO  impl.LeaderElection (LeaderElection.java:askForVotes(178)) - d88ca459-20d2-4f21-a4b7-d806c7c265fd@group-7372ACD755C2-LeaderElection62: begin an election at term 1 for -1: [f5e6ed35-042e-40b5-afb2-c30172d49513:192.168.69.94:39593, c23f4e8b-a977-491c-8d15-b9b92ca8b7b3:192.168.69.94:37963, d88ca459-20d2-4f21-a4b7-d806c7c265fd:192.168.69.94:38325], old=null
2019-11-15 20:17:59,869 [f5e6ed35-042e-40b5-afb2-c30172d49513@group-7372ACD755C2-LeaderElection63] INFO  impl.LeaderElection (LeaderElection.java:askForVotes(178)) - f5e6ed35-042e-40b5-afb2-c30172d49513@group-7372ACD755C2-LeaderElection63: begin an election at term 1 for -1: [f5e6ed35-042e-40b5-afb2-c30172d49513:192.168.69.94:39593, c23f4e8b-a977-491c-8d15-b9b92ca8b7b3:192.168.69.94:37963, d88ca459-20d2-4f21-a4b7-d806c7c265fd:192.168.69.94:38325], old=null
2019-11-15 20:17:59,883 [grpc-default-executor-1] INFO  impl.RaftServerImpl (RaftServerImpl.java:setRole(173)) - c23f4e8b-a977-491c-8d15-b9b92ca8b7b3@group-7372ACD755C2: changes role from  FOLLOWER to FOLLOWER at term 1 for recognizeCandidate:d88ca459-20d2-4f21-a4b7-d806c7c265fd
2019-11-15 20:17:59,883 [grpc-default-executor-1] INFO  impl.RoleInfo (RoleInfo.java:shutdownFollowerState(121)) - c23f4e8b-a977-491c-8d15-b9b92ca8b7b3: shutdown FollowerState
2019-11-15 20:17:59,883 [grpc-default-executor-1] INFO  impl.RoleInfo (RoleInfo.java:updateAndGet(143)) - c23f4e8b-a977-491c-8d15-b9b92ca8b7b3: start FollowerState
2019-11-15 20:17:59,883 [Thread-1290] INFO  impl.FollowerState (FollowerState.java:run(120)) - c23f4e8b-a977-491c-8d15-b9b92ca8b7b3@group-7372ACD755C2-FollowerState was interrupted: java.lang.InterruptedException: sleep interrupted
2019-11-15 20:17:59,903 [d88ca459-20d2-4f21-a4b7-d806c7c265fd@group-7372ACD755C2-LeaderElection62] INFO  impl.LeaderElection (LeaderElection.java:logAndReturn(56)) - d88ca459-20d2-4f21-a4b7-d806c7c265fd@group-7372ACD755C2-LeaderElection62: Election PASSED; received 2 response(s) [d88ca459-20d2-4f21-a4b7-d806c7c265fd<-f5e6ed35-042e-40b5-afb2-c30172d49513#0:FAIL-t1, d88ca459-20d2-4f21-a4b7-d806c7c265fd<-c23f4e8b-a977-491c-8d15-b9b92ca8b7b3#0:OK-t1] and 0 exception(s); d88ca459-20d2-4f21-a4b7-d806c7c265fd@group-7372ACD755C2:t1, leader=null, voted=d88ca459-20d2-4f21-a4b7-d806c7c265fd, raftlog=d88ca459-20d2-4f21-a4b7-d806c7c265fd@group-7372ACD755C2-SegmentedRaftLog:OPENED:c-1,f-1,i0, conf=-1: [f5e6ed35-042e-40b5-afb2-c30172d49513:192.168.69.94:39593, c23f4e8b-a977-491c-8d15-b9b92ca8b7b3:192.168.69.94:37963, d88ca459-20d2-4f21-a4b7-d806c7c265fd:192.168.69.94:38325], old=null
2019-11-15 20:17:59,903 [f5e6ed35-042e-40b5-afb2-c30172d49513@group-7372ACD755C2-LeaderElection63] INFO  impl.LeaderElection (LeaderElection.java:logAndReturn(56)) - f5e6ed35-042e-40b5-afb2-c30172d49513@group-7372ACD755C2-LeaderElection63: Election REJECTED; received 2 response(s) [f5e6ed35-042e-40b5-afb2-c30172d49513<-c23f4e8b-a977-491c-8d15-b9b92ca8b7b3#0:FAIL-t1, f5e6ed35-042e-40b5-afb2-c30172d49513<-d88ca459-20d2-4f21-a4b7-d806c7c265fd#0:FAIL-t1] and 0 exception(s); f5e6ed35-042e-40b5-afb2-c30172d49513@group-7372ACD755C2:t1, leader=null, voted=f5e6ed35-042e-40b5-afb2-c30172d49513, raftlog=f5e6ed35-042e-40b5-afb2-c30172d49513@group-7372ACD755C2-SegmentedRaftLog:OPENED:c-1,f-1,i0, conf=-1: [f5e6ed35-042e-40b5-afb2-c30172d49513:192.168.69.94:39593, c23f4e8b-a977-491c-8d15-b9b92ca8b7b3:192.168.69.94:37963, d88ca459-20d2-4f21-a4b7-d806c7c265fd:192.168.69.94:38325], old=null
2019-11-15 20:17:59,903 [d88ca459-20d2-4f21-a4b7-d806c7c265fd@group-7372ACD755C2-LeaderElection62] INFO  impl.RoleInfo (RoleInfo.java:shutdownLeaderElection(134)) - d88ca459-20d2-4f21-a4b7-d806c7c265fd: shutdown LeaderElection
2019-11-15 20:17:59,903 [f5e6ed35-042e-40b5-afb2-c30172d49513@group-7372ACD755C2-LeaderElection63] INFO  impl.RaftServerImpl (RaftServerImpl.java:setRole(173)) - f5e6ed35-042e-40b5-afb2-c30172d49513@group-7372ACD755C2: changes role from CANDIDATE to FOLLOWER at term 1 for DISCOVERED_A_NEW_TERM
2019-11-15 20:17:59,904 [d88ca459-20d2-4f21-a4b7-d806c7c265fd@group-7372ACD755C2-LeaderElection62] INFO  impl.RaftServerImpl (RaftServerImpl.java:setRole(173)) - d88ca459-20d2-4f21-a4b7-d806c7c265fd@group-7372ACD755C2: changes role from CANDIDATE to LEADER at term 1 for changeToLeader
2019-11-15 20:17:59,904 [f5e6ed35-042e-40b5-afb2-c30172d49513@group-7372ACD755C2-LeaderElection63] INFO  impl.RoleInfo (RoleInfo.java:shutdownLeaderElection(134)) - f5e6ed35-042e-40b5-afb2-c30172d49513: shutdown LeaderElection
2019-11-15 20:17:59,904 [d88ca459-20d2-4f21-a4b7-d806c7c265fd@group-7372ACD755C2-LeaderElection62] INFO  ratis.XceiverServerRatis (XceiverServerRatis.java:handleLeaderChangedNotification(697)) - Leader change notification received for group: group-7372ACD755C2 with new leaderId: d88ca459-20d2-4f21-a4b7-d806c7c265fd
2019-11-15 20:17:59,904 [f5e6ed35-042e-40b5-afb2-c30172d49513@group-7372ACD755C2-LeaderElection63] INFO  impl.RoleInfo (RoleInfo.java:updateAndGet(143)) - f5e6ed35-042e-40b5-afb2-c30172d49513: start FollowerState
2019-11-15 20:17:59,907 [d88ca459-20d2-4f21-a4b7-d806c7c265fd@group-7372ACD755C2-LeaderElection62] INFO  impl.RaftServerImpl (ServerState.java:setLeader(255)) - d88ca459-20d2-4f21-a4b7-d806c7c265fd@group-7372ACD755C2: change Leader from null to d88ca459-20d2-4f21-a4b7-d806c7c265fd at term 1 for becomeLeader, leader elected after 1191ms
2019-11-15 20:17:59,908 [d88ca459-20d2-4f21-a4b7-d806c7c265fd@group-7372ACD755C2-LeaderElection62] INFO  server.RaftServerConfigKeys (ConfUtils.java:logGet(43)) - raft.server.staging.catchup.gap = 1000 (default)
2019-11-15 20:17:59,908 [d88ca459-20d2-4f21-a4b7-d806c7c265fd@group-7372ACD755C2-LeaderElection62] INFO  server.RaftServerConfigKeys (ConfUtils.java:logGet(43)) - raft.server.rpc.sleep.time = 25ms (default)
2019-11-15 20:17:59,908 [d88ca459-20d2-4f21-a4b7-d806c7c265fd@group-7372ACD755C2-LeaderElection62] INFO  server.RaftServerConfigKeys (ConfUtils.java:logGet(43)) - raft.server.write.element-limit = 4096 (default)
2019-11-15 20:17:59,908 [d88ca459-20d2-4f21-a4b7-d806c7c265fd@group-7372ACD755C2-LeaderElection62] INFO  server.RaftServerConfigKeys (ConfUtils.java:logGet(43)) - raft.server.watch.timeout = 10s (default)
2019-11-15 20:17:59,908 [d88ca459-20d2-4f21-a4b7-d806c7c265fd@group-7372ACD755C2-LeaderElection62] INFO  server.RaftServerConfigKeys (ConfUtils.java:logGet(43)) - raft.server.watch.timeout.denomination = 1s (default)
2019-11-15 20:17:59,908 [d88ca459-20d2-4f21-a4b7-d806c7c265fd@group-7372ACD755C2-LeaderElection62] INFO  server.RaftServerConfigKeys (ConfUtils.java:logGet(43)) - raft.server.watch.element-limit = 65536 (default)
2019-11-15 20:17:59,908 [d88ca459-20d2-4f21-a4b7-d806c7c265fd@group-7372ACD755C2-LeaderElection62] INFO  server.RaftServerConfigKeys (ConfUtils.java:logGet(43)) - raft.server.log.appender.snapshot.chunk.size.max = 16MB (=16777216) (default)
2019-11-15 20:17:59,908 [d88ca459-20d2-4f21-a4b7-d806c7c265fd@group-7372ACD755C2-LeaderElection62] INFO  server.RaftServerConfigKeys (ConfUtils.java:logGet(43)) - raft.server.log.appender.buffer.byte-limit = 33554432 (custom)
2019-11-15 20:17:59,909 [d88ca459-20d2-4f21-a4b7-d806c7c265fd@group-7372ACD755C2-LeaderElection62] INFO  server.RaftServerConfigKeys (ConfUtils.java:logGet(43)) - raft.server.log.appender.buffer.element-limit = 1 (custom)
2019-11-15 20:17:59,909 [d88ca459-20d2-4f21-a4b7-d806c7c265fd@group-7372ACD755C2-LeaderElection62] INFO  grpc.GrpcConfigKeys$Server (ConfUtils.java:logGet(43)) - raft.grpc.server.leader.outstanding.appends.max = 128 (default)
2019-11-15 20:17:59,909 [d88ca459-20d2-4f21-a4b7-d806c7c265fd@group-7372ACD755C2-LeaderElection62] INFO  server.RaftServerConfigKeys (ConfUtils.java:logGet(43)) - raft.server.rpc.request.timeout = 3000ms (default)
2019-11-15 20:17:59,909 [d88ca459-20d2-4f21-a4b7-d806c7c265fd@group-7372ACD755C2-LeaderElection62] INFO  server.RaftServerConfigKeys (ConfUtils.java:logGet(43)) - raft.server.log.appender.install.snapshot.enabled = false (custom)
2019-11-15 20:17:59,909 [EventQueue-PipelineReportForPipelineReportHandler] INFO  pipeline.PipelineStateManager (PipelineStateManager.java:openPipeline(134)) - Pipeline Pipeline[ Id: 829d6133-c088-452a-b17b-7372acd755c2, Nodes: c23f4e8b-a977-491c-8d15-b9b92ca8b7b3{ip: 192.168.69.94, host: pr-hdds-2517-immreturn-vbf9m-3344069096, networkLocation: /rack1, certSerialId: null}d88ca459-20d2-4f21-a4b7-d806c7c265fd{ip: 192.168.69.94, host: pr-hdds-2517-immreturn-vbf9m-3344069096, networkLocation: /rack1, certSerialId: null}f5e6ed35-042e-40b5-afb2-c30172d49513{ip: 192.168.69.94, host: pr-hdds-2517-immreturn-vbf9m-3344069096, networkLocation: /rack1, certSerialId: null}, Type:RATIS, Factor:THREE, State:OPEN] moved to OPEN state
2019-11-15 20:17:59,909 [d88ca459-20d2-4f21-a4b7-d806c7c265fd@group-7372ACD755C2-LeaderElection62] WARN  impl.MetricRegistriesImpl (MetricRegistriesImpl.java:lambda$create$1(61)) - First MetricRegistry has been created without registering reporters. You may need to call MetricRegistries.global().addReportRegistration(...) before.
2019-11-15 20:17:59,909 [d88ca459-20d2-4f21-a4b7-d806c7c265fd@group-7372ACD755C2-LeaderElection62] INFO  server.RaftServerConfigKeys (ConfUtils.java:logGet(43)) - raft.server.log.appender.snapshot.chunk.size.max = 16MB (=16777216) (default)
2019-11-15 20:17:59,909 [d88ca459-20d2-4f21-a4b7-d806c7c265fd@group-7372ACD755C2-LeaderElection62] INFO  server.RaftServerConfigKeys (ConfUtils.java:logGet(43)) - raft.server.log.appender.buffer.byte-limit = 33554432 (custom)
2019-11-15 20:17:59,909 [d88ca459-20d2-4f21-a4b7-d806c7c265fd@group-7372ACD755C2-LeaderElection62] INFO  server.RaftServerConfigKeys (ConfUtils.java:logGet(43)) - raft.server.log.appender.buffer.element-limit = 1 (custom)
2019-11-15 20:17:59,909 [d88ca459-20d2-4f21-a4b7-d806c7c265fd@group-7372ACD755C2-LeaderElection62] INFO  grpc.GrpcConfigKeys$Server (ConfUtils.java:logGet(43)) - raft.grpc.server.leader.outstanding.appends.max = 128 (default)
2019-11-15 20:17:59,909 [d88ca459-20d2-4f21-a4b7-d806c7c265fd@group-7372ACD755C2-LeaderElection62] INFO  server.RaftServerConfigKeys (ConfUtils.java:logGet(43)) - raft.server.rpc.request.timeout = 3000ms (default)
2019-11-15 20:17:59,910 [d88ca459-20d2-4f21-a4b7-d806c7c265fd@group-7372ACD755C2-LeaderElection62] INFO  server.RaftServerConfigKeys (ConfUtils.java:logGet(43)) - raft.server.log.appender.install.snapshot.enabled = false (custom)
2019-11-15 20:17:59,910 [d88ca459-20d2-4f21-a4b7-d806c7c265fd@group-7372ACD755C2-LeaderElection62] INFO  impl.RoleInfo (RoleInfo.java:updateAndGet(143)) - d88ca459-20d2-4f21-a4b7-d806c7c265fd: start LeaderState
2019-11-15 20:17:59,910 [d88ca459-20d2-4f21-a4b7-d806c7c265fd@group-7372ACD755C2-LeaderElection62] INFO  segmented.SegmentedRaftLogWorker (SegmentedRaftLogWorker.java:startLogSegment(385)) - d88ca459-20d2-4f21-a4b7-d806c7c265fd@group-7372ACD755C2-SegmentedRaftLogWorker: Starting segment from index:0
2019-11-15 20:17:59,910 [d88ca459-20d2-4f21-a4b7-d806c7c265fd@group-7372ACD755C2-LeaderElection62] INFO  impl.RaftServerImpl (ServerState.java:setRaftConf(356)) - d88ca459-20d2-4f21-a4b7-d806c7c265fd@group-7372ACD755C2: set configuration 0: [f5e6ed35-042e-40b5-afb2-c30172d49513:192.168.69.94:39593, c23f4e8b-a977-491c-8d15-b9b92ca8b7b3:192.168.69.94:37963, d88ca459-20d2-4f21-a4b7-d806c7c265fd:192.168.69.94:38325], old=null at 0
2019-11-15 20:17:59,937 [grpc-default-executor-1] INFO  ratis.XceiverServerRatis (XceiverServerRatis.java:handleLeaderChangedNotification(697)) - Leader change notification received for group: group-7372ACD755C2 with new leaderId: d88ca459-20d2-4f21-a4b7-d806c7c265fd
2019-11-15 20:17:59,937 [grpc-default-executor-6] INFO  ratis.XceiverServerRatis (XceiverServerRatis.java:handleLeaderChangedNotification(697)) - Leader change notification received for group: group-7372ACD755C2 with new leaderId: d88ca459-20d2-4f21-a4b7-d806c7c265fd
2019-11-15 20:17:59,937 [grpc-default-executor-1] INFO  impl.RaftServerImpl (ServerState.java:setLeader(255)) - f5e6ed35-042e-40b5-afb2-c30172d49513@group-7372ACD755C2: change Leader from null to d88ca459-20d2-4f21-a4b7-d806c7c265fd at term 1 for appendEntries, leader elected after 1224ms
2019-11-15 20:17:59,937 [grpc-default-executor-6] INFO  impl.RaftServerImpl (ServerState.java:setLeader(255)) - c23f4e8b-a977-491c-8d15-b9b92ca8b7b3@group-7372ACD755C2: change Leader from null to d88ca459-20d2-4f21-a4b7-d806c7c265fd at term 1 for appendEntries, leader elected after 1224ms
2019-11-15 20:17:59,939 [grpc-default-executor-6] INFO  impl.RaftServerImpl (ServerState.java:setRaftConf(356)) - c23f4e8b-a977-491c-8d15-b9b92ca8b7b3@group-7372ACD755C2: set configuration 0: [f5e6ed35-042e-40b5-afb2-c30172d49513:192.168.69.94:39593, c23f4e8b-a977-491c-8d15-b9b92ca8b7b3:192.168.69.94:37963, d88ca459-20d2-4f21-a4b7-d806c7c265fd:192.168.69.94:38325], old=null at 0
2019-11-15 20:17:59,940 [grpc-default-executor-6] INFO  segmented.SegmentedRaftLogWorker (SegmentedRaftLogWorker.java:startLogSegment(385)) - c23f4e8b-a977-491c-8d15-b9b92ca8b7b3@group-7372ACD755C2-SegmentedRaftLogWorker: Starting segment from index:0
2019-11-15 20:17:59,941 [grpc-default-executor-1] INFO  impl.RaftServerImpl (ServerState.java:setRaftConf(356)) - f5e6ed35-042e-40b5-afb2-c30172d49513@group-7372ACD755C2: set configuration 0: [f5e6ed35-042e-40b5-afb2-c30172d49513:192.168.69.94:39593, c23f4e8b-a977-491c-8d15-b9b92ca8b7b3:192.168.69.94:37963, d88ca459-20d2-4f21-a4b7-d806c7c265fd:192.168.69.94:38325], old=null at 0
2019-11-15 20:17:59,941 [grpc-default-executor-1] INFO  segmented.SegmentedRaftLogWorker (SegmentedRaftLogWorker.java:startLogSegment(385)) - f5e6ed35-042e-40b5-afb2-c30172d49513@group-7372ACD755C2-SegmentedRaftLogWorker: Starting segment from index:0
2019-11-15 20:17:59,948 [d88ca459-20d2-4f21-a4b7-d806c7c265fd@group-7372ACD755C2-SegmentedRaftLogWorker] INFO  segmented.SegmentedRaftLogWorker (SegmentedRaftLogWorker.java:execute(576)) - d88ca459-20d2-4f21-a4b7-d806c7c265fd@group-7372ACD755C2-SegmentedRaftLogWorker: created new log segment /workdir/hadoop-ozone/integration-test/target/test-dir/MiniOzoneClusterImpl-cd14858e-7fd2-404c-93a1-487d1243ff76/datanode-6/data/ratis/829d6133-c088-452a-b17b-7372acd755c2/current/log_inprogress_0
2019-11-15 20:17:59,991 [c23f4e8b-a977-491c-8d15-b9b92ca8b7b3@group-7372ACD755C2-SegmentedRaftLogWorker] INFO  segmented.SegmentedRaftLogWorker (SegmentedRaftLogWorker.java:execute(576)) - c23f4e8b-a977-491c-8d15-b9b92ca8b7b3@group-7372ACD755C2-SegmentedRaftLogWorker: created new log segment /workdir/hadoop-ozone/integration-test/target/test-dir/MiniOzoneClusterImpl-cd14858e-7fd2-404c-93a1-487d1243ff76/datanode-4/data/ratis/829d6133-c088-452a-b17b-7372acd755c2/current/log_inprogress_0
2019-11-15 20:17:59,991 [f5e6ed35-042e-40b5-afb2-c30172d49513@group-7372ACD755C2-SegmentedRaftLogWorker] INFO  segmented.SegmentedRaftLogWorker (SegmentedRaftLogWorker.java:execute(576)) - f5e6ed35-042e-40b5-afb2-c30172d49513@group-7372ACD755C2-SegmentedRaftLogWorker: created new log segment /workdir/hadoop-ozone/integration-test/target/test-dir/MiniOzoneClusterImpl-cd14858e-7fd2-404c-93a1-487d1243ff76/datanode-3/data/ratis/829d6133-c088-452a-b17b-7372acd755c2/current/log_inprogress_0
2019-11-15 20:18:00,321 [Thread-1303] INFO  impl.FollowerState (FollowerState.java:run(111)) - 1acd8ba6-dda5-4cb5-b2f0-bb88a33d5541@group-AED6481E285D-FollowerState: change to CANDIDATE, lastRpcTime:1114ms, electionTimeout:1114ms
2019-11-15 20:18:00,321 [Thread-1303] INFO  impl.RoleInfo (RoleInfo.java:shutdownFollowerState(121)) - 1acd8ba6-dda5-4cb5-b2f0-bb88a33d5541: shutdown FollowerState
2019-11-15 20:18:00,322 [Thread-1303] INFO  impl.RaftServerImpl (RaftServerImpl.java:setRole(173)) - 1acd8ba6-dda5-4cb5-b2f0-bb88a33d5541@group-AED6481E285D: changes role from  FOLLOWER to CANDIDATE at term 2 for changeToCandidate
2019-11-15 20:18:00,322 [Thread-1303] INFO  impl.RoleInfo (RoleInfo.java:updateAndGet(143)) - 1acd8ba6-dda5-4cb5-b2f0-bb88a33d5541: start LeaderElection
2019-11-15 20:18:00,333 [Thread-1313] INFO  impl.FollowerState (FollowerState.java:run(111)) - 278d11c8-d2e3-4654-bbf4-54dbcf402594@group-AED6481E285D-FollowerState: change to CANDIDATE, lastRpcTime:1069ms, electionTimeout:1069ms
2019-11-15 20:18:00,333 [Thread-1313] INFO  impl.RoleInfo (RoleInfo.java:shutdownFollowerState(121)) - 278d11c8-d2e3-4654-bbf4-54dbcf402594: shutdown FollowerState
2019-11-15 20:18:00,333 [Thread-1313] INFO  impl.RaftServerImpl (RaftServerImpl.java:setRole(173)) - 278d11c8-d2e3-4654-bbf4-54dbcf402594@group-AED6481E285D: changes role from  FOLLOWER to CANDIDATE at term 2 for changeToCandidate
2019-11-15 20:18:00,333 [Thread-1313] INFO  impl.RoleInfo (RoleInfo.java:updateAndGet(143)) - 278d11c8-d2e3-4654-bbf4-54dbcf402594: start LeaderElection
2019-11-15 20:18:00,336 [1acd8ba6-dda5-4cb5-b2f0-bb88a33d5541@group-AED6481E285D-LeaderElection64] INFO  impl.LeaderElection (LeaderElection.java:askForVotes(178)) - 1acd8ba6-dda5-4cb5-b2f0-bb88a33d5541@group-AED6481E285D-LeaderElection64: begin an election at term 3 for -1: [1acd8ba6-dda5-4cb5-b2f0-bb88a33d5541:192.168.69.94:34837, 278d11c8-d2e3-4654-bbf4-54dbcf402594:192.168.69.94:45680, ede53ce7-e9c4-4a5f-842c-51dc9db012c0:192.168.69.94:43422], old=null
2019-11-15 20:18:00,339 [grpc-default-executor-1] INFO  impl.RaftServerImpl (RaftServerImpl.java:setRole(173)) - ede53ce7-e9c4-4a5f-842c-51dc9db012c0@group-AED6481E285D: changes role from  FOLLOWER to FOLLOWER at term 3 for recognizeCandidate:1acd8ba6-dda5-4cb5-b2f0-bb88a33d5541
2019-11-15 20:18:00,340 [grpc-default-executor-1] INFO  impl.RoleInfo (RoleInfo.java:shutdownFollowerState(121)) - ede53ce7-e9c4-4a5f-842c-51dc9db012c0: shutdown FollowerState
2019-11-15 20:18:00,340 [Thread-1315] INFO  impl.FollowerState (FollowerState.java:run(120)) - ede53ce7-e9c4-4a5f-842c-51dc9db012c0@group-AED6481E285D-FollowerState was interrupted: java.lang.InterruptedException: sleep interrupted
2019-11-15 20:18:00,340 [grpc-default-executor-1] INFO  impl.RoleInfo (RoleInfo.java:updateAndGet(143)) - ede53ce7-e9c4-4a5f-842c-51dc9db012c0: start FollowerState
2019-11-15 20:18:00,359 [278d11c8-d2e3-4654-bbf4-54dbcf402594@group-AED6481E285D-LeaderElection65] INFO  impl.LeaderElection (LeaderElection.java:askForVotes(178)) - 278d11c8-d2e3-4654-bbf4-54dbcf402594@group-AED6481E285D-LeaderElection65: begin an election at term 3 for 0: [1acd8ba6-dda5-4cb5-b2f0-bb88a33d5541:192.168.69.94:34837, 278d11c8-d2e3-4654-bbf4-54dbcf402594:192.168.69.94:45680, ede53ce7-e9c4-4a5f-842c-51dc9db012c0:192.168.69.94:43422], old=null
2019-11-15 20:18:00,361 [1acd8ba6-dda5-4cb5-b2f0-bb88a33d5541@group-AED6481E285D-LeaderElection64] INFO  impl.LeaderElection (LeaderElection.java:logAndReturn(56)) - 1acd8ba6-dda5-4cb5-b2f0-bb88a33d5541@group-AED6481E285D-LeaderElection64: Election REJECTED; received 2 response(s) [1acd8ba6-dda5-4cb5-b2f0-bb88a33d5541<-278d11c8-d2e3-4654-bbf4-54dbcf402594#0:FAIL-t3, 1acd8ba6-dda5-4cb5-b2f0-bb88a33d5541<-ede53ce7-e9c4-4a5f-842c-51dc9db012c0#0:FAIL-t3] and 0 exception(s); 1acd8ba6-dda5-4cb5-b2f0-bb88a33d5541@group-AED6481E285D:t3, leader=null, voted=1acd8ba6-dda5-4cb5-b2f0-bb88a33d5541, raftlog=1acd8ba6-dda5-4cb5-b2f0-bb88a33d5541@group-AED6481E285D-SegmentedRaftLog:OPENED:c-1,f-1,i0, conf=-1: [1acd8ba6-dda5-4cb5-b2f0-bb88a33d5541:192.168.69.94:34837, 278d11c8-d2e3-4654-bbf4-54dbcf402594:192.168.69.94:45680, ede53ce7-e9c4-4a5f-842c-51dc9db012c0:192.168.69.94:43422], old=null
2019-11-15 20:18:00,361 [1acd8ba6-dda5-4cb5-b2f0-bb88a33d5541@group-AED6481E285D-LeaderElection64] INFO  impl.RaftServerImpl (RaftServerImpl.java:setRole(173)) - 1acd8ba6-dda5-4cb5-b2f0-bb88a33d5541@group-AED6481E285D: changes role from CANDIDATE to FOLLOWER at term 3 for DISCOVERED_A_NEW_TERM
2019-11-15 20:18:00,362 [1acd8ba6-dda5-4cb5-b2f0-bb88a33d5541@group-AED6481E285D-LeaderElection64] INFO  impl.RoleInfo (RoleInfo.java:shutdownLeaderElection(134)) - 1acd8ba6-dda5-4cb5-b2f0-bb88a33d5541: shutdown LeaderElection
2019-11-15 20:18:00,363 [1acd8ba6-dda5-4cb5-b2f0-bb88a33d5541@group-AED6481E285D-LeaderElection64] INFO  impl.RoleInfo (RoleInfo.java:updateAndGet(143)) - 1acd8ba6-dda5-4cb5-b2f0-bb88a33d5541: start FollowerState
2019-11-15 20:18:00,366 [grpc-default-executor-1] INFO  impl.RaftServerImpl (RaftServerImpl.java:setRole(173)) - ede53ce7-e9c4-4a5f-842c-51dc9db012c0@group-AED6481E285D: changes role from  FOLLOWER to FOLLOWER at term 3 for recognizeCandidate:278d11c8-d2e3-4654-bbf4-54dbcf402594
2019-11-15 20:18:00,366 [grpc-default-executor-1] INFO  impl.RoleInfo (RoleInfo.java:shutdownFollowerState(121)) - ede53ce7-e9c4-4a5f-842c-51dc9db012c0: shutdown FollowerState
2019-11-15 20:18:00,366 [Thread-1361] INFO  impl.FollowerState (FollowerState.java:run(120)) - ede53ce7-e9c4-4a5f-842c-51dc9db012c0@group-AED6481E285D-FollowerState was interrupted: java.lang.InterruptedException: sleep interrupted
2019-11-15 20:18:00,366 [grpc-default-executor-1] INFO  impl.RoleInfo (RoleInfo.java:updateAndGet(143)) - ede53ce7-e9c4-4a5f-842c-51dc9db012c0: start FollowerState
2019-11-15 20:18:00,377 [278d11c8-d2e3-4654-bbf4-54dbcf402594@group-AED6481E285D-LeaderElection65] INFO  impl.LeaderElection (LeaderElection.java:logAndReturn(56)) - 278d11c8-d2e3-4654-bbf4-54dbcf402594@group-AED6481E285D-LeaderElection65: Election PASSED; received 2 response(s) [278d11c8-d2e3-4654-bbf4-54dbcf402594<-1acd8ba6-dda5-4cb5-b2f0-bb88a33d5541#0:FAIL-t3, 278d11c8-d2e3-4654-bbf4-54dbcf402594<-ede53ce7-e9c4-4a5f-842c-51dc9db012c0#0:OK-t3] and 0 exception(s); 278d11c8-d2e3-4654-bbf4-54dbcf402594@group-AED6481E285D:t3, leader=null, voted=278d11c8-d2e3-4654-bbf4-54dbcf402594, raftlog=278d11c8-d2e3-4654-bbf4-54dbcf402594@group-AED6481E285D-SegmentedRaftLog:OPENED:c-1,f0,i0, conf=0: [1acd8ba6-dda5-4cb5-b2f0-bb88a33d5541:192.168.69.94:34837, 278d11c8-d2e3-4654-bbf4-54dbcf402594:192.168.69.94:45680, ede53ce7-e9c4-4a5f-842c-51dc9db012c0:192.168.69.94:43422], old=null
2019-11-15 20:18:00,377 [278d11c8-d2e3-4654-bbf4-54dbcf402594@group-AED6481E285D-LeaderElection65] INFO  impl.RoleInfo (RoleInfo.java:shutdownLeaderElection(134)) - 278d11c8-d2e3-4654-bbf4-54dbcf402594: shutdown LeaderElection
2019-11-15 20:18:00,377 [278d11c8-d2e3-4654-bbf4-54dbcf402594@group-AED6481E285D-LeaderElection65] INFO  impl.RaftServerImpl (RaftServerImpl.java:setRole(173)) - 278d11c8-d2e3-4654-bbf4-54dbcf402594@group-AED6481E285D: changes role from CANDIDATE to LEADER at term 3 for changeToLeader
2019-11-15 20:18:00,377 [278d11c8-d2e3-4654-bbf4-54dbcf402594@group-AED6481E285D-LeaderElection65] INFO  ratis.XceiverServerRatis (XceiverServerRatis.java:handleLeaderChangedNotification(697)) - Leader change notification received for group: group-AED6481E285D with new leaderId: 278d11c8-d2e3-4654-bbf4-54dbcf402594
2019-11-15 20:18:00,378 [278d11c8-d2e3-4654-bbf4-54dbcf402594@group-AED6481E285D-LeaderElection65] INFO  impl.RaftServerImpl (ServerState.java:setLeader(255)) - 278d11c8-d2e3-4654-bbf4-54dbcf402594@group-AED6481E285D: change Leader from null to 278d11c8-d2e3-4654-bbf4-54dbcf402594 at term 3 for becomeLeader, leader elected after 1114ms
2019-11-15 20:18:00,378 [278d11c8-d2e3-4654-bbf4-54dbcf402594@group-AED6481E285D-LeaderElection65] INFO  server.RaftServerConfigKeys (ConfUtils.java:logGet(43)) - raft.server.staging.catchup.gap = 1000 (default)
2019-11-15 20:18:00,378 [278d11c8-d2e3-4654-bbf4-54dbcf402594@group-AED6481E285D-LeaderElection65] INFO  server.RaftServerConfigKeys (ConfUtils.java:logGet(43)) - raft.server.rpc.sleep.time = 25ms (default)
2019-11-15 20:18:00,378 [278d11c8-d2e3-4654-bbf4-54dbcf402594@group-AED6481E285D-LeaderElection65] INFO  server.RaftServerConfigKeys (ConfUtils.java:logGet(43)) - raft.server.write.element-limit = 4096 (default)
2019-11-15 20:18:00,378 [278d11c8-d2e3-4654-bbf4-54dbcf402594@group-AED6481E285D-LeaderElection65] INFO  server.RaftServerConfigKeys (ConfUtils.java:logGet(43)) - raft.server.watch.timeout = 10s (default)
2019-11-15 20:18:00,379 [278d11c8-d2e3-4654-bbf4-54dbcf402594@group-AED6481E285D-LeaderElection65] INFO  server.RaftServerConfigKeys (ConfUtils.java:logGet(43)) - raft.server.watch.timeout.denomination = 1s (default)
2019-11-15 20:18:00,379 [278d11c8-d2e3-4654-bbf4-54dbcf402594@group-AED6481E285D-LeaderElection65] INFO  server.RaftServerConfigKeys (ConfUtils.java:logGet(43)) - raft.server.watch.element-limit = 65536 (default)
2019-11-15 20:18:00,379 [278d11c8-d2e3-4654-bbf4-54dbcf402594@group-AED6481E285D-LeaderElection65] INFO  server.RaftServerConfigKeys (ConfUtils.java:logGet(43)) - raft.server.log.appender.snapshot.chunk.size.max = 16MB (=16777216) (default)
2019-11-15 20:18:00,379 [278d11c8-d2e3-4654-bbf4-54dbcf402594@group-AED6481E285D-LeaderElection65] INFO  server.RaftServerConfigKeys (ConfUtils.java:logGet(43)) - raft.server.log.appender.buffer.byte-limit = 33554432 (custom)
2019-11-15 20:18:00,379 [278d11c8-d2e3-4654-bbf4-54dbcf402594@group-AED6481E285D-LeaderElection65] INFO  server.RaftServerConfigKeys (ConfUtils.java:logGet(43)) - raft.server.log.appender.buffer.element-limit = 1 (custom)
2019-11-15 20:18:00,380 [278d11c8-d2e3-4654-bbf4-54dbcf402594@group-AED6481E285D-LeaderElection65] INFO  grpc.GrpcConfigKeys$Server (ConfUtils.java:logGet(43)) - raft.grpc.server.leader.outstanding.appends.max = 128 (default)
2019-11-15 20:18:00,380 [278d11c8-d2e3-4654-bbf4-54dbcf402594@group-AED6481E285D-LeaderElection65] INFO  server.RaftServerConfigKeys (ConfUtils.java:logGet(43)) - raft.server.rpc.request.timeout = 3000ms (default)
2019-11-15 20:18:00,380 [278d11c8-d2e3-4654-bbf4-54dbcf402594@group-AED6481E285D-LeaderElection65] INFO  server.RaftServerConfigKeys (ConfUtils.java:logGet(43)) - raft.server.log.appender.install.snapshot.enabled = false (custom)
2019-11-15 20:18:00,380 [278d11c8-d2e3-4654-bbf4-54dbcf402594@group-AED6481E285D-LeaderElection65] WARN  impl.MetricRegistriesImpl (MetricRegistriesImpl.java:lambda$create$1(61)) - First MetricRegistry has been created without registering reporters. You may need to call MetricRegistries.global().addReportRegistration(...) before.
2019-11-15 20:18:00,380 [278d11c8-d2e3-4654-bbf4-54dbcf402594@group-AED6481E285D-LeaderElection65] INFO  server.RaftServerConfigKeys (ConfUtils.java:logGet(43)) - raft.server.log.appender.snapshot.chunk.size.max = 16MB (=16777216) (default)
2019-11-15 20:18:00,381 [278d11c8-d2e3-4654-bbf4-54dbcf402594@group-AED6481E285D-LeaderElection65] INFO  server.RaftServerConfigKeys (ConfUtils.java:logGet(43)) - raft.server.log.appender.buffer.byte-limit = 33554432 (custom)
2019-11-15 20:18:00,381 [278d11c8-d2e3-4654-bbf4-54dbcf402594@group-AED6481E285D-LeaderElection65] INFO  server.RaftServerConfigKeys (ConfUtils.java:logGet(43)) - raft.server.log.appender.buffer.element-limit = 1 (custom)
2019-11-15 20:18:00,381 [278d11c8-d2e3-4654-bbf4-54dbcf402594@group-AED6481E285D-LeaderElection65] INFO  grpc.GrpcConfigKeys$Server (ConfUtils.java:logGet(43)) - raft.grpc.server.leader.outstanding.appends.max = 128 (default)
2019-11-15 20:18:00,381 [278d11c8-d2e3-4654-bbf4-54dbcf402594@group-AED6481E285D-LeaderElection65] INFO  server.RaftServerConfigKeys (ConfUtils.java:logGet(43)) - raft.server.rpc.request.timeout = 3000ms (default)
2019-11-15 20:18:00,381 [278d11c8-d2e3-4654-bbf4-54dbcf402594@group-AED6481E285D-LeaderElection65] INFO  server.RaftServerConfigKeys (ConfUtils.java:logGet(43)) - raft.server.log.appender.install.snapshot.enabled = false (custom)
2019-11-15 20:18:00,381 [278d11c8-d2e3-4654-bbf4-54dbcf402594@group-AED6481E285D-LeaderElection65] INFO  impl.RoleInfo (RoleInfo.java:updateAndGet(143)) - 278d11c8-d2e3-4654-bbf4-54dbcf402594: start LeaderState
2019-11-15 20:18:00,382 [278d11c8-d2e3-4654-bbf4-54dbcf402594@group-AED6481E285D-LeaderElection65] INFO  segmented.SegmentedRaftLogWorker (SegmentedRaftLogWorker.java:rollLogSegment(390)) - 278d11c8-d2e3-4654-bbf4-54dbcf402594@group-AED6481E285D-SegmentedRaftLogWorker: Rolling segment log-0_0 to index:0
2019-11-15 20:18:00,383 [278d11c8-d2e3-4654-bbf4-54dbcf402594@group-AED6481E285D-LeaderElection65] INFO  impl.RaftServerImpl (ServerState.java:setRaftConf(356)) - 278d11c8-d2e3-4654-bbf4-54dbcf402594@group-AED6481E285D: set configuration 1: [1acd8ba6-dda5-4cb5-b2f0-bb88a33d5541:192.168.69.94:34837, 278d11c8-d2e3-4654-bbf4-54dbcf402594:192.168.69.94:45680, ede53ce7-e9c4-4a5f-842c-51dc9db012c0:192.168.69.94:43422], old=null at 1
2019-11-15 20:18:00,383 [278d11c8-d2e3-4654-bbf4-54dbcf402594@group-AED6481E285D-SegmentedRaftLogWorker] INFO  segmented.SegmentedRaftLogWorker (SegmentedRaftLogWorker.java:execute(533)) - 278d11c8-d2e3-4654-bbf4-54dbcf402594@group-AED6481E285D-SegmentedRaftLogWorker: Rolled log segment from /workdir/hadoop-ozone/integration-test/target/test-dir/MiniOzoneClusterImpl-cd14858e-7fd2-404c-93a1-487d1243ff76/datanode-1/data/ratis/56898cc3-d283-4414-a679-aed6481e285d/current/log_inprogress_0 to /workdir/hadoop-ozone/integration-test/target/test-dir/MiniOzoneClusterImpl-cd14858e-7fd2-404c-93a1-487d1243ff76/datanode-1/data/ratis/56898cc3-d283-4414-a679-aed6481e285d/current/log_0-0
2019-11-15 20:18:00,384 [grpc-default-executor-1] INFO  ratis.XceiverServerRatis (XceiverServerRatis.java:handleLeaderChangedNotification(697)) - Leader change notification received for group: group-AED6481E285D with new leaderId: 278d11c8-d2e3-4654-bbf4-54dbcf402594
2019-11-15 20:18:00,432 [grpc-default-executor-1] INFO  impl.RaftServerImpl (ServerState.java:setLeader(255)) - 1acd8ba6-dda5-4cb5-b2f0-bb88a33d5541@group-AED6481E285D: change Leader from null to 278d11c8-d2e3-4654-bbf4-54dbcf402594 at term 3 for appendEntries, leader elected after 2251ms
2019-11-15 20:18:00,433 [grpc-default-executor-1] INFO  impl.RaftServerImpl (RaftServerImpl.java:checkInconsistentAppendEntries(1023)) - 1acd8ba6-dda5-4cb5-b2f0-bb88a33d5541@group-AED6481E285D: Failed appendEntries as previous log entry ((t:1, i:0)) is not found
2019-11-15 20:18:00,433 [grpc-default-executor-6] INFO  ratis.XceiverServerRatis (XceiverServerRatis.java:handleLeaderChangedNotification(697)) - Leader change notification received for group: group-AED6481E285D with new leaderId: 278d11c8-d2e3-4654-bbf4-54dbcf402594
2019-11-15 20:18:00,433 [grpc-default-executor-1] INFO  impl.RaftServerImpl (RaftServerImpl.java:checkInconsistentAppendEntries(996)) - 1acd8ba6-dda5-4cb5-b2f0-bb88a33d5541@group-AED6481E285D: inconsistency entries. Reply:278d11c8-d2e3-4654-bbf4-54dbcf402594<-1acd8ba6-dda5-4cb5-b2f0-bb88a33d5541#0:FAIL,INCONSISTENCY,nextIndex:0,term:3,followerCommit:-1
2019-11-15 20:18:00,433 [grpc-default-executor-6] INFO  impl.RaftServerImpl (ServerState.java:setLeader(255)) - ede53ce7-e9c4-4a5f-842c-51dc9db012c0@group-AED6481E285D: change Leader from null to 278d11c8-d2e3-4654-bbf4-54dbcf402594 at term 3 for appendEntries, leader elected after 1176ms
2019-11-15 20:18:00,435 [grpc-default-executor-6] INFO  impl.FollowerInfo (FollowerInfo.java:lambda$new$0(51)) - 278d11c8-d2e3-4654-bbf4-54dbcf402594@group-AED6481E285D->1acd8ba6-dda5-4cb5-b2f0-bb88a33d5541: nextIndex: updateUnconditionally 1 -> 0
2019-11-15 20:18:00,436 [grpc-default-executor-6] INFO  impl.RaftServerImpl (ServerState.java:setRaftConf(356)) - ede53ce7-e9c4-4a5f-842c-51dc9db012c0@group-AED6481E285D: set configuration 1: [1acd8ba6-dda5-4cb5-b2f0-bb88a33d5541:192.168.69.94:34837, 278d11c8-d2e3-4654-bbf4-54dbcf402594:192.168.69.94:45680, ede53ce7-e9c4-4a5f-842c-51dc9db012c0:192.168.69.94:43422], old=null at 1
2019-11-15 20:18:00,436 [grpc-default-executor-1] INFO  impl.RaftServerImpl (ServerState.java:setRaftConf(356)) - 1acd8ba6-dda5-4cb5-b2f0-bb88a33d5541@group-AED6481E285D: set configuration 0: [1acd8ba6-dda5-4cb5-b2f0-bb88a33d5541:192.168.69.94:34837, 278d11c8-d2e3-4654-bbf4-54dbcf402594:192.168.69.94:45680, ede53ce7-e9c4-4a5f-842c-51dc9db012c0:192.168.69.94:43422], old=null at 0
2019-11-15 20:18:00,436 [grpc-default-executor-6] INFO  segmented.SegmentedRaftLogWorker (SegmentedRaftLogWorker.java:rollLogSegment(390)) - ede53ce7-e9c4-4a5f-842c-51dc9db012c0@group-AED6481E285D-SegmentedRaftLogWorker: Rolling segment log-0_0 to index:0
2019-11-15 20:18:00,436 [grpc-default-executor-1] INFO  segmented.SegmentedRaftLogWorker (SegmentedRaftLogWorker.java:startLogSegment(385)) - 1acd8ba6-dda5-4cb5-b2f0-bb88a33d5541@group-AED6481E285D-SegmentedRaftLogWorker: Starting segment from index:0
2019-11-15 20:18:00,437 [grpc-default-executor-1] INFO  impl.RaftServerImpl (ServerState.java:setRaftConf(356)) - 1acd8ba6-dda5-4cb5-b2f0-bb88a33d5541@group-AED6481E285D: set configuration 1: [1acd8ba6-dda5-4cb5-b2f0-bb88a33d5541:192.168.69.94:34837, 278d11c8-d2e3-4654-bbf4-54dbcf402594:192.168.69.94:45680, ede53ce7-e9c4-4a5f-842c-51dc9db012c0:192.168.69.94:43422], old=null at 1
2019-11-15 20:18:00,437 [ede53ce7-e9c4-4a5f-842c-51dc9db012c0@group-AED6481E285D-SegmentedRaftLogWorker] INFO  segmented.SegmentedRaftLogWorker (SegmentedRaftLogWorker.java:execute(533)) - ede53ce7-e9c4-4a5f-842c-51dc9db012c0@group-AED6481E285D-SegmentedRaftLogWorker: Rolled log segment from /workdir/hadoop-ozone/integration-test/target/test-dir/MiniOzoneClusterImpl-cd14858e-7fd2-404c-93a1-487d1243ff76/datanode-0/data/ratis/56898cc3-d283-4414-a679-aed6481e285d/current/log_inprogress_0 to /workdir/hadoop-ozone/integration-test/target/test-dir/MiniOzoneClusterImpl-cd14858e-7fd2-404c-93a1-487d1243ff76/datanode-0/data/ratis/56898cc3-d283-4414-a679-aed6481e285d/current/log_0-0
2019-11-15 20:18:00,437 [grpc-default-executor-1] INFO  segmented.SegmentedRaftLogWorker (SegmentedRaftLogWorker.java:rollLogSegment(390)) - 1acd8ba6-dda5-4cb5-b2f0-bb88a33d5541@group-AED6481E285D-SegmentedRaftLogWorker: Rolling segment log-0_0 to index:0
2019-11-15 20:18:00,449 [278d11c8-d2e3-4654-bbf4-54dbcf402594@group-AED6481E285D-SegmentedRaftLogWorker] INFO  segmented.SegmentedRaftLogWorker (SegmentedRaftLogWorker.java:execute(576)) - 278d11c8-d2e3-4654-bbf4-54dbcf402594@group-AED6481E285D-SegmentedRaftLogWorker: created new log segment /workdir/hadoop-ozone/integration-test/target/test-dir/MiniOzoneClusterImpl-cd14858e-7fd2-404c-93a1-487d1243ff76/datanode-1/data/ratis/56898cc3-d283-4414-a679-aed6481e285d/current/log_inprogress_1
2019-11-15 20:18:00,488 [ede53ce7-e9c4-4a5f-842c-51dc9db012c0@group-AED6481E285D-SegmentedRaftLogWorker] INFO  segmented.SegmentedRaftLogWorker (SegmentedRaftLogWorker.java:execute(576)) - ede53ce7-e9c4-4a5f-842c-51dc9db012c0@group-AED6481E285D-SegmentedRaftLogWorker: created new log segment /workdir/hadoop-ozone/integration-test/target/test-dir/MiniOzoneClusterImpl-cd14858e-7fd2-404c-93a1-487d1243ff76/datanode-0/data/ratis/56898cc3-d283-4414-a679-aed6481e285d/current/log_inprogress_1
2019-11-15 20:18:00,488 [1acd8ba6-dda5-4cb5-b2f0-bb88a33d5541@group-AED6481E285D-SegmentedRaftLogWorker] INFO  segmented.SegmentedRaftLogWorker (SegmentedRaftLogWorker.java:execute(576)) - 1acd8ba6-dda5-4cb5-b2f0-bb88a33d5541@group-AED6481E285D-SegmentedRaftLogWorker: created new log segment /workdir/hadoop-ozone/integration-test/target/test-dir/MiniOzoneClusterImpl-cd14858e-7fd2-404c-93a1-487d1243ff76/datanode-2/data/ratis/56898cc3-d283-4414-a679-aed6481e285d/current/log_inprogress_0
2019-11-15 20:18:00,500 [1acd8ba6-dda5-4cb5-b2f0-bb88a33d5541@group-AED6481E285D-SegmentedRaftLogWorker] INFO  segmented.SegmentedRaftLogWorker (SegmentedRaftLogWorker.java:execute(533)) - 1acd8ba6-dda5-4cb5-b2f0-bb88a33d5541@group-AED6481E285D-SegmentedRaftLogWorker: Rolled log segment from /workdir/hadoop-ozone/integration-test/target/test-dir/MiniOzoneClusterImpl-cd14858e-7fd2-404c-93a1-487d1243ff76/datanode-2/data/ratis/56898cc3-d283-4414-a679-aed6481e285d/current/log_inprogress_0 to /workdir/hadoop-ozone/integration-test/target/test-dir/MiniOzoneClusterImpl-cd14858e-7fd2-404c-93a1-487d1243ff76/datanode-2/data/ratis/56898cc3-d283-4414-a679-aed6481e285d/current/log_0-0
2019-11-15 20:18:00,552 [1acd8ba6-dda5-4cb5-b2f0-bb88a33d5541@group-AED6481E285D-SegmentedRaftLogWorker] INFO  segmented.SegmentedRaftLogWorker (SegmentedRaftLogWorker.java:execute(576)) - 1acd8ba6-dda5-4cb5-b2f0-bb88a33d5541@group-AED6481E285D-SegmentedRaftLogWorker: created new log segment /workdir/hadoop-ozone/integration-test/target/test-dir/MiniOzoneClusterImpl-cd14858e-7fd2-404c-93a1-487d1243ff76/datanode-2/data/ratis/56898cc3-d283-4414-a679-aed6481e285d/current/log_inprogress_1
2019-11-15 20:18:00,732 [main] INFO  ozone.MiniOzoneClusterImpl (MiniOzoneClusterImpl.java:lambda$waitForClusterToBeReady$2(171)) - Cluster is ready. Got 10 of 10 DN Heartbeats.
2019-11-15 20:18:00,754 [main] INFO  rpc.RpcClient (RpcClient.java:createVolume(292)) - Creating Volume: datanodefailurehandlingtest, with jenkins1000 as owner.
2019-11-15 20:18:00,756 [IPC Server handler 1 on 35160] INFO  volume.OMVolumeCreateRequest (OMVolumeCreateRequest.java:validateAndUpdateCache(193)) - created volume:datanodefailurehandlingtest for user:jenkins1000
2019-11-15 20:18:00,791 [main] INFO  rpc.RpcClient (RpcClient.java:createBucket(431)) - Creating Bucket: datanodefailurehandlingtest/datanodefailurehandlingtest, with Versioning false and Storage Type set to DISK and Encryption set to false 
2019-11-15 20:18:00,868 [Thread-1235] INFO  container.ReplicationManager (ReplicationManager.java:start(162)) - Starting Replication Monitor Thread.
2019-11-15 20:18:00,868 [Thread-1235] INFO  pipeline.SCMPipelineManager (SCMPipelineManager.java:finalizeAndDestroyPipeline(315)) - destroying pipeline:Pipeline[ Id: ce900b67-6ac3-4ea5-9465-916fece7aaff, Nodes: 8ea95c1a-a940-4392-ad76-d729a81e9d62{ip: 192.168.69.94, host: pr-hdds-2517-immreturn-vbf9m-3344069096, networkLocation: /rack1, certSerialId: null}96e7c94e-3c8d-4ea5-9d39-2046e661862c{ip: 192.168.69.94, host: pr-hdds-2517-immreturn-vbf9m-3344069096, networkLocation: /rack1, certSerialId: null}02c8c0cd-3388-46ae-a10b-79a5583af984{ip: 192.168.69.94, host: pr-hdds-2517-immreturn-vbf9m-3344069096, networkLocation: /rack1, certSerialId: null}, Type:RATIS, Factor:THREE, State:OPEN]
2019-11-15 20:18:00,870 [Thread-1235] INFO  pipeline.PipelineStateManager (PipelineStateManager.java:finalizePipeline(121)) - Pipeline Pipeline[ Id: ce900b67-6ac3-4ea5-9465-916fece7aaff, Nodes: 8ea95c1a-a940-4392-ad76-d729a81e9d62{ip: 192.168.69.94, host: pr-hdds-2517-immreturn-vbf9m-3344069096, networkLocation: /rack1, certSerialId: null}96e7c94e-3c8d-4ea5-9d39-2046e661862c{ip: 192.168.69.94, host: pr-hdds-2517-immreturn-vbf9m-3344069096, networkLocation: /rack1, certSerialId: null}02c8c0cd-3388-46ae-a10b-79a5583af984{ip: 192.168.69.94, host: pr-hdds-2517-immreturn-vbf9m-3344069096, networkLocation: /rack1, certSerialId: null}, Type:RATIS, Factor:THREE, State:CLOSED] moved to CLOSED state
2019-11-15 20:18:00,870 [ReplicationMonitor] INFO  container.ReplicationManager (ReplicationManager.java:run(225)) - Replication Monitor Thread took 0 milliseconds for processing 1 containers.
2019-11-15 20:18:00,871 [EventQueue-CloseContainerForCloseContainerEventHandler] INFO  container.CloseContainerEventHandler (CloseContainerEventHandler.java:onMessage(61)) - Close container Event triggered for container : #1
2019-11-15 20:18:00,887 [grpc-default-executor-5] INFO  impl.RaftServerProxy (RaftServerProxy.java:remove(95)) - 8ea95c1a-a940-4392-ad76-d729a81e9d62: remove  FOLLOWER 8ea95c1a-a940-4392-ad76-d729a81e9d62@group-916FECE7AAFF:t1, leader=96e7c94e-3c8d-4ea5-9d39-2046e661862c, voted=96e7c94e-3c8d-4ea5-9d39-2046e661862c, raftlog=8ea95c1a-a940-4392-ad76-d729a81e9d62@group-916FECE7AAFF-SegmentedRaftLog:OPENED:c0,f0,i0, conf=0: [8ea95c1a-a940-4392-ad76-d729a81e9d62:192.168.69.94:34879, 96e7c94e-3c8d-4ea5-9d39-2046e661862c:192.168.69.94:44753, 02c8c0cd-3388-46ae-a10b-79a5583af984:192.168.69.94:40363], old=null RUNNING
2019-11-15 20:18:00,887 [grpc-default-executor-5] INFO  impl.RaftServerImpl (RaftServerImpl.java:lambda$shutdown$3(250)) - 8ea95c1a-a940-4392-ad76-d729a81e9d62@group-916FECE7AAFF: shutdown
2019-11-15 20:18:00,887 [grpc-default-executor-5] INFO  util.JmxRegister (JmxRegister.java:unregister(73)) - Successfully un-registered JMX Bean with object name Ratis:service=RaftServer,group=group-916FECE7AAFF,id=8ea95c1a-a940-4392-ad76-d729a81e9d62
2019-11-15 20:18:00,887 [grpc-default-executor-5] INFO  impl.RoleInfo (RoleInfo.java:shutdownFollowerState(121)) - 8ea95c1a-a940-4392-ad76-d729a81e9d62: shutdown FollowerState
2019-11-15 20:18:00,888 [grpc-default-executor-5] INFO  impl.StateMachineUpdater (StateMachineUpdater.java:stopAndJoin(136)) - 8ea95c1a-a940-4392-ad76-d729a81e9d62@group-916FECE7AAFF-StateMachineUpdater: set stopIndex = 0
2019-11-15 20:18:00,888 [Thread-1333] INFO  impl.FollowerState (FollowerState.java:run(120)) - 8ea95c1a-a940-4392-ad76-d729a81e9d62@group-916FECE7AAFF-FollowerState was interrupted: java.lang.InterruptedException: sleep interrupted
2019-11-15 20:18:00,888 [grpc-default-executor-5] INFO  impl.RaftServerImpl (ServerState.java:close(387)) - 8ea95c1a-a940-4392-ad76-d729a81e9d62@group-916FECE7AAFF: closes. applyIndex: 0
2019-11-15 20:18:00,888 [8ea95c1a-a940-4392-ad76-d729a81e9d62@group-916FECE7AAFF-SegmentedRaftLogWorker] INFO  segmented.SegmentedRaftLogWorker (SegmentedRaftLogWorker.java:run(316)) - 8ea95c1a-a940-4392-ad76-d729a81e9d62@group-916FECE7AAFF-SegmentedRaftLogWorker was interrupted, exiting. There are 0 tasks remaining in the queue.
2019-11-15 20:18:00,898 [grpc-default-executor-5] INFO  segmented.SegmentedRaftLogWorker (SegmentedRaftLogWorker.java:close(224)) - 8ea95c1a-a940-4392-ad76-d729a81e9d62@group-916FECE7AAFF-SegmentedRaftLogWorker close()
2019-11-15 20:18:00,906 [grpc-default-executor-6] INFO  impl.RaftServerProxy (RaftServerProxy.java:remove(95)) - 96e7c94e-3c8d-4ea5-9d39-2046e661862c: remove    LEADER 96e7c94e-3c8d-4ea5-9d39-2046e661862c@group-916FECE7AAFF:t1, leader=96e7c94e-3c8d-4ea5-9d39-2046e661862c, voted=96e7c94e-3c8d-4ea5-9d39-2046e661862c, raftlog=96e7c94e-3c8d-4ea5-9d39-2046e661862c@group-916FECE7AAFF-SegmentedRaftLog:OPENED:c0,f0,i0, conf=0: [8ea95c1a-a940-4392-ad76-d729a81e9d62:192.168.69.94:34879, 96e7c94e-3c8d-4ea5-9d39-2046e661862c:192.168.69.94:44753, 02c8c0cd-3388-46ae-a10b-79a5583af984:192.168.69.94:40363], old=null RUNNING
2019-11-15 20:18:00,906 [grpc-default-executor-6] INFO  impl.RaftServerImpl (RaftServerImpl.java:lambda$shutdown$3(250)) - 96e7c94e-3c8d-4ea5-9d39-2046e661862c@group-916FECE7AAFF: shutdown
2019-11-15 20:18:00,906 [grpc-default-executor-6] INFO  util.JmxRegister (JmxRegister.java:unregister(73)) - Successfully un-registered JMX Bean with object name Ratis:service=RaftServer,group=group-916FECE7AAFF,id=96e7c94e-3c8d-4ea5-9d39-2046e661862c
2019-11-15 20:18:00,906 [grpc-default-executor-6] INFO  impl.RoleInfo (RoleInfo.java:shutdownLeaderState(104)) - 96e7c94e-3c8d-4ea5-9d39-2046e661862c: shutdown LeaderState
2019-11-15 20:18:00,909 [grpc-default-executor-6] INFO  impl.PendingRequests (PendingRequests.java:sendNotLeaderResponses(206)) - 96e7c94e-3c8d-4ea5-9d39-2046e661862c@group-916FECE7AAFF-PendingRequests: sendNotLeaderResponses
2019-11-15 20:18:00,909 [org.apache.ratis.server.impl.LogAppender$AppenderDaemon$$Lambda$442/633709551@65ad2ce0] WARN  server.GrpcLogAppender (GrpcLogAppender.java:mayWait(151)) - 96e7c94e-3c8d-4ea5-9d39-2046e661862c@group-916FECE7AAFF->02c8c0cd-3388-46ae-a10b-79a5583af984-GrpcLogAppender: Wait interrupted by java.lang.InterruptedException
2019-11-15 20:18:00,910 [grpc-default-executor-6] INFO  impl.StateMachineUpdater (StateMachineUpdater.java:stopAndJoin(136)) - 96e7c94e-3c8d-4ea5-9d39-2046e661862c@group-916FECE7AAFF-StateMachineUpdater: set stopIndex = 0
2019-11-15 20:18:00,910 [grpc-default-executor-6] INFO  impl.RaftServerImpl (ServerState.java:close(387)) - 96e7c94e-3c8d-4ea5-9d39-2046e661862c@group-916FECE7AAFF: closes. applyIndex: 0
2019-11-15 20:18:00,909 [org.apache.ratis.server.impl.LogAppender$AppenderDaemon$$Lambda$442/633709551@20afb691] WARN  server.GrpcLogAppender (GrpcLogAppender.java:mayWait(151)) - 96e7c94e-3c8d-4ea5-9d39-2046e661862c@group-916FECE7AAFF->8ea95c1a-a940-4392-ad76-d729a81e9d62-GrpcLogAppender: Wait interrupted by java.lang.InterruptedException
2019-11-15 20:18:00,910 [grpc-default-executor-1] INFO  server.GrpcServerProtocolService (GrpcServerProtocolService.java:onCompleted(113)) - 02c8c0cd-3388-46ae-a10b-79a5583af984: Completed APPEND_ENTRIES, lastRequest: 96e7c94e-3c8d-4ea5-9d39-2046e661862c->02c8c0cd-3388-46ae-a10b-79a5583af984#3-t1, previous=(t:1, i:0), leaderCommit=0, initializing? false, entries: <empty>
2019-11-15 20:18:00,910 [96e7c94e-3c8d-4ea5-9d39-2046e661862c@group-916FECE7AAFF-SegmentedRaftLogWorker] INFO  segmented.SegmentedRaftLogWorker (SegmentedRaftLogWorker.java:run(316)) - 96e7c94e-3c8d-4ea5-9d39-2046e661862c@group-916FECE7AAFF-SegmentedRaftLogWorker was interrupted, exiting. There are 0 tasks remaining in the queue.
2019-11-15 20:18:00,910 [grpc-default-executor-1] INFO  server.GrpcServerProtocolService (GrpcServerProtocolService.java:onCompleted(113)) - 8ea95c1a-a940-4392-ad76-d729a81e9d62: Completed APPEND_ENTRIES, lastRequest: 96e7c94e-3c8d-4ea5-9d39-2046e661862c->8ea95c1a-a940-4392-ad76-d729a81e9d62#2-t1, previous=(t:1, i:0), leaderCommit=0, initializing? false, entries: <empty>
2019-11-15 20:18:00,913 [grpc-default-executor-6] INFO  segmented.SegmentedRaftLogWorker (SegmentedRaftLogWorker.java:close(224)) - 96e7c94e-3c8d-4ea5-9d39-2046e661862c@group-916FECE7AAFF-SegmentedRaftLogWorker close()
2019-11-15 20:18:00,916 [grpc-default-executor-1] INFO  server.GrpcLogAppender (GrpcLogAppender.java:onCompleted(308)) - 96e7c94e-3c8d-4ea5-9d39-2046e661862c@group-916FECE7AAFF->8ea95c1a-a940-4392-ad76-d729a81e9d62-AppendLogResponseHandler: follower responses appendEntries COMPLETED
2019-11-15 20:18:00,916 [grpc-default-executor-0] INFO  server.GrpcLogAppender (GrpcLogAppender.java:onCompleted(308)) - 96e7c94e-3c8d-4ea5-9d39-2046e661862c@group-916FECE7AAFF->02c8c0cd-3388-46ae-a10b-79a5583af984-AppendLogResponseHandler: follower responses appendEntries COMPLETED
2019-11-15 20:18:00,917 [grpc-default-executor-1] INFO  impl.FollowerInfo (FollowerInfo.java:lambda$new$0(51)) - 96e7c94e-3c8d-4ea5-9d39-2046e661862c@group-916FECE7AAFF->8ea95c1a-a940-4392-ad76-d729a81e9d62: nextIndex: updateUnconditionally 1 -> 0
2019-11-15 20:18:00,917 [grpc-default-executor-0] INFO  impl.FollowerInfo (FollowerInfo.java:lambda$new$0(51)) - 96e7c94e-3c8d-4ea5-9d39-2046e661862c@group-916FECE7AAFF->02c8c0cd-3388-46ae-a10b-79a5583af984: nextIndex: updateUnconditionally 1 -> 0
2019-11-15 20:18:00,923 [grpc-default-executor-0] INFO  impl.RaftServerProxy (RaftServerProxy.java:remove(95)) - 02c8c0cd-3388-46ae-a10b-79a5583af984: remove  FOLLOWER 02c8c0cd-3388-46ae-a10b-79a5583af984@group-916FECE7AAFF:t1, leader=96e7c94e-3c8d-4ea5-9d39-2046e661862c, voted=96e7c94e-3c8d-4ea5-9d39-2046e661862c, raftlog=02c8c0cd-3388-46ae-a10b-79a5583af984@group-916FECE7AAFF-SegmentedRaftLog:OPENED:c0,f0,i0, conf=0: [8ea95c1a-a940-4392-ad76-d729a81e9d62:192.168.69.94:34879, 96e7c94e-3c8d-4ea5-9d39-2046e661862c:192.168.69.94:44753, 02c8c0cd-3388-46ae-a10b-79a5583af984:192.168.69.94:40363], old=null RUNNING
2019-11-15 20:18:00,924 [grpc-default-executor-0] INFO  impl.RaftServerImpl (RaftServerImpl.java:lambda$shutdown$3(250)) - 02c8c0cd-3388-46ae-a10b-79a5583af984@group-916FECE7AAFF: shutdown
2019-11-15 20:18:00,924 [grpc-default-executor-0] INFO  util.JmxRegister (JmxRegister.java:unregister(73)) - Successfully un-registered JMX Bean with object name Ratis:service=RaftServer,group=group-916FECE7AAFF,id=02c8c0cd-3388-46ae-a10b-79a5583af984
2019-11-15 20:18:00,924 [grpc-default-executor-0] INFO  impl.RoleInfo (RoleInfo.java:shutdownFollowerState(121)) - 02c8c0cd-3388-46ae-a10b-79a5583af984: shutdown FollowerState
2019-11-15 20:18:00,924 [grpc-default-executor-0] INFO  impl.StateMachineUpdater (StateMachineUpdater.java:stopAndJoin(136)) - 02c8c0cd-3388-46ae-a10b-79a5583af984@group-916FECE7AAFF-StateMachineUpdater: set stopIndex = 0
2019-11-15 20:18:00,924 [Thread-1332] INFO  impl.FollowerState (FollowerState.java:run(120)) - 02c8c0cd-3388-46ae-a10b-79a5583af984@group-916FECE7AAFF-FollowerState was interrupted: java.lang.InterruptedException: sleep interrupted
2019-11-15 20:18:00,924 [grpc-default-executor-0] INFO  impl.RaftServerImpl (ServerState.java:close(387)) - 02c8c0cd-3388-46ae-a10b-79a5583af984@group-916FECE7AAFF: closes. applyIndex: 0
2019-11-15 20:18:00,924 [02c8c0cd-3388-46ae-a10b-79a5583af984@group-916FECE7AAFF-SegmentedRaftLogWorker] INFO  segmented.SegmentedRaftLogWorker (SegmentedRaftLogWorker.java:run(316)) - 02c8c0cd-3388-46ae-a10b-79a5583af984@group-916FECE7AAFF-SegmentedRaftLogWorker was interrupted, exiting. There are 0 tasks remaining in the queue.
2019-11-15 20:18:00,927 [grpc-default-executor-0] INFO  segmented.SegmentedRaftLogWorker (SegmentedRaftLogWorker.java:close(224)) - 02c8c0cd-3388-46ae-a10b-79a5583af984@group-916FECE7AAFF-SegmentedRaftLogWorker close()
2019-11-15 20:18:00,932 [Thread-1235] INFO  pipeline.PipelineStateManager (PipelineStateManager.java:removePipeline(106)) - Pipeline Pipeline[ Id: ce900b67-6ac3-4ea5-9465-916fece7aaff, Nodes: 8ea95c1a-a940-4392-ad76-d729a81e9d62{ip: 192.168.69.94, host: pr-hdds-2517-immreturn-vbf9m-3344069096, networkLocation: /rack1, certSerialId: null}96e7c94e-3c8d-4ea5-9d39-2046e661862c{ip: 192.168.69.94, host: pr-hdds-2517-immreturn-vbf9m-3344069096, networkLocation: /rack1, certSerialId: null}02c8c0cd-3388-46ae-a10b-79a5583af984{ip: 192.168.69.94, host: pr-hdds-2517-immreturn-vbf9m-3344069096, networkLocation: /rack1, certSerialId: null}, Type:RATIS, Factor:THREE, State:CLOSED] removed from db
2019-11-15 20:18:00,934 [Thread-1235] INFO  pipeline.SCMPipelineManager (SCMPipelineManager.java:finalizeAndDestroyPipeline(315)) - destroying pipeline:Pipeline[ Id: c94cb60b-f939-47bb-af4f-9e7243581484, Nodes: 8ea95c1a-a940-4392-ad76-d729a81e9d62{ip: 192.168.69.94, host: pr-hdds-2517-immreturn-vbf9m-3344069096, networkLocation: /rack1, certSerialId: null}, Type:RATIS, Factor:ONE, State:OPEN]
2019-11-15 20:18:00,941 [grpc-default-executor-6] INFO  impl.RaftServerProxy (RaftServerProxy.java:addNew(89)) - 96e7c94e-3c8d-4ea5-9d39-2046e661862c: addNew group-64AECEABE0BE:[8ea95c1a-a940-4392-ad76-d729a81e9d62:192.168.69.94:34879, 96e7c94e-3c8d-4ea5-9d39-2046e661862c:192.168.69.94:44753, 02c8c0cd-3388-46ae-a10b-79a5583af984:192.168.69.94:40363] returns group-64AECEABE0BE:java.util.concurrent.CompletableFuture@17c351c9[Not completed]
2019-11-15 20:18:00,941 [grpc-default-executor-1] INFO  impl.RaftServerProxy (RaftServerProxy.java:addNew(89)) - 02c8c0cd-3388-46ae-a10b-79a5583af984: addNew group-64AECEABE0BE:[8ea95c1a-a940-4392-ad76-d729a81e9d62:192.168.69.94:34879, 96e7c94e-3c8d-4ea5-9d39-2046e661862c:192.168.69.94:44753, 02c8c0cd-3388-46ae-a10b-79a5583af984:192.168.69.94:40363] returns group-64AECEABE0BE:java.util.concurrent.CompletableFuture@4948859a[Not completed]
2019-11-15 20:18:00,941 [grpc-default-executor-0] INFO  impl.RaftServerProxy (RaftServerProxy.java:addNew(89)) - 8ea95c1a-a940-4392-ad76-d729a81e9d62: addNew group-64AECEABE0BE:[8ea95c1a-a940-4392-ad76-d729a81e9d62:192.168.69.94:34879, 96e7c94e-3c8d-4ea5-9d39-2046e661862c:192.168.69.94:44753, 02c8c0cd-3388-46ae-a10b-79a5583af984:192.168.69.94:40363] returns group-64AECEABE0BE:java.util.concurrent.CompletableFuture@5a5e4bf6[Not completed]
2019-11-15 20:18:00,942 [pool-229-thread-1] INFO  impl.RaftServerImpl (RaftServerImpl.java:<init>(98)) - 8ea95c1a-a940-4392-ad76-d729a81e9d62: new RaftServerImpl for group-64AECEABE0BE:[8ea95c1a-a940-4392-ad76-d729a81e9d62:192.168.69.94:34879, 96e7c94e-3c8d-4ea5-9d39-2046e661862c:192.168.69.94:44753, 02c8c0cd-3388-46ae-a10b-79a5583af984:192.168.69.94:40363] with ContainerStateMachine:uninitialized
2019-11-15 20:18:00,942 [pool-229-thread-1] INFO  server.RaftServerConfigKeys (ConfUtils.java:logGet(43)) - raft.server.rpc.timeout.min = 1s (custom)
2019-11-15 20:18:00,942 [pool-229-thread-1] INFO  server.RaftServerConfigKeys (ConfUtils.java:logGet(43)) - raft.server.rpc.timeout.max = 1200ms (custom)
2019-11-15 20:18:00,942 [pool-229-thread-1] INFO  server.RaftServerConfigKeys (ConfUtils.java:logGet(43)) - raft.server.rpcslowness.timeout = 120s (custom)
2019-11-15 20:18:00,942 [pool-229-thread-1] INFO  server.RaftServerConfigKeys (ConfUtils.java:logGet(43)) - raft.server.sleep.deviation.threshold = 300 (default)
2019-11-15 20:18:00,942 [pool-229-thread-1] INFO  server.RaftServerConfigKeys (ConfUtils.java:logGet(43)) - raft.server.log.appender.install.snapshot.enabled = false (custom)
2019-11-15 20:18:00,942 [pool-229-thread-1] INFO  impl.RaftServerImpl (ServerState.java:<init>(103)) - 8ea95c1a-a940-4392-ad76-d729a81e9d62@group-64AECEABE0BE: ConfigurationManager, init=-1: [8ea95c1a-a940-4392-ad76-d729a81e9d62:192.168.69.94:34879, 96e7c94e-3c8d-4ea5-9d39-2046e661862c:192.168.69.94:44753, 02c8c0cd-3388-46ae-a10b-79a5583af984:192.168.69.94:40363], old=null, confs=<EMPTY_MAP>
2019-11-15 20:18:00,942 [pool-239-thread-1] INFO  impl.RaftServerImpl (RaftServerImpl.java:<init>(98)) - 02c8c0cd-3388-46ae-a10b-79a5583af984: new RaftServerImpl for group-64AECEABE0BE:[8ea95c1a-a940-4392-ad76-d729a81e9d62:192.168.69.94:34879, 96e7c94e-3c8d-4ea5-9d39-2046e661862c:192.168.69.94:44753, 02c8c0cd-3388-46ae-a10b-79a5583af984:192.168.69.94:40363] with ContainerStateMachine:uninitialized
2019-11-15 20:18:00,942 [pool-229-thread-1] INFO  server.RaftServerConfigKeys (ConfUtils.java:logGet(43)) - raft.server.storage.dir = [/workdir/hadoop-ozone/integration-test/target/test-dir/MiniOzoneClusterImpl-cd14858e-7fd2-404c-93a1-487d1243ff76/datanode-8/data/ratis] (custom)
2019-11-15 20:18:00,942 [pool-239-thread-1] INFO  server.RaftServerConfigKeys (ConfUtils.java:logGet(43)) - raft.server.rpc.timeout.min = 1s (custom)
2019-11-15 20:18:00,943 [pool-239-thread-1] INFO  server.RaftServerConfigKeys (ConfUtils.java:logGet(43)) - raft.server.rpc.timeout.max = 1200ms (custom)
2019-11-15 20:18:00,943 [pool-239-thread-1] INFO  server.RaftServerConfigKeys (ConfUtils.java:logGet(43)) - raft.server.rpcslowness.timeout = 120s (custom)
2019-11-15 20:18:00,943 [pool-229-thread-1] INFO  server.RaftServerConfigKeys (ConfUtils.java:logGet(43)) - raft.server.log.corruption.policy = EXCEPTION (default)
2019-11-15 20:18:00,943 [pool-239-thread-1] INFO  server.RaftServerConfigKeys (ConfUtils.java:logGet(43)) - raft.server.sleep.deviation.threshold = 300 (default)
2019-11-15 20:18:00,943 [pool-239-thread-1] INFO  server.RaftServerConfigKeys (ConfUtils.java:logGet(43)) - raft.server.log.appender.install.snapshot.enabled = false (custom)
2019-11-15 20:18:00,943 [pool-199-thread-1] INFO  impl.RaftServerImpl (RaftServerImpl.java:<init>(98)) - 96e7c94e-3c8d-4ea5-9d39-2046e661862c: new RaftServerImpl for group-64AECEABE0BE:[8ea95c1a-a940-4392-ad76-d729a81e9d62:192.168.69.94:34879, 96e7c94e-3c8d-4ea5-9d39-2046e661862c:192.168.69.94:44753, 02c8c0cd-3388-46ae-a10b-79a5583af984:192.168.69.94:40363] with ContainerStateMachine:uninitialized
2019-11-15 20:18:00,943 [pool-229-thread-1] INFO  storage.RaftStorageDirectory (RaftStorageDirectory.java:analyzeStorage(246)) - The storage directory /workdir/hadoop-ozone/integration-test/target/test-dir/MiniOzoneClusterImpl-cd14858e-7fd2-404c-93a1-487d1243ff76/datanode-8/data/ratis/368d2a1b-722f-4eb5-9ba6-64aeceabe0be does not exist. Creating ...
2019-11-15 20:18:00,943 [pool-199-thread-1] INFO  server.RaftServerConfigKeys (ConfUtils.java:logGet(43)) - raft.server.rpc.timeout.min = 1s (custom)
2019-11-15 20:18:00,943 [pool-239-thread-1] INFO  impl.RaftServerImpl (ServerState.java:<init>(103)) - 02c8c0cd-3388-46ae-a10b-79a5583af984@group-64AECEABE0BE: ConfigurationManager, init=-1: [8ea95c1a-a940-4392-ad76-d729a81e9d62:192.168.69.94:34879, 96e7c94e-3c8d-4ea5-9d39-2046e661862c:192.168.69.94:44753, 02c8c0cd-3388-46ae-a10b-79a5583af984:192.168.69.94:40363], old=null, confs=<EMPTY_MAP>
2019-11-15 20:18:00,943 [pool-199-thread-1] INFO  server.RaftServerConfigKeys (ConfUtils.java:logGet(43)) - raft.server.rpc.timeout.max = 1200ms (custom)
2019-11-15 20:18:00,943 [pool-239-thread-1] INFO  server.RaftServerConfigKeys (ConfUtils.java:logGet(43)) - raft.server.storage.dir = [/workdir/hadoop-ozone/integration-test/target/test-dir/MiniOzoneClusterImpl-cd14858e-7fd2-404c-93a1-487d1243ff76/datanode-9/data/ratis] (custom)
2019-11-15 20:18:00,943 [pool-199-thread-1] INFO  server.RaftServerConfigKeys (ConfUtils.java:logGet(43)) - raft.server.rpcslowness.timeout = 120s (custom)
2019-11-15 20:18:00,943 [pool-199-thread-1] INFO  server.RaftServerConfigKeys (ConfUtils.java:logGet(43)) - raft.server.sleep.deviation.threshold = 300 (default)
2019-11-15 20:18:00,943 [pool-239-thread-1] INFO  server.RaftServerConfigKeys (ConfUtils.java:logGet(43)) - raft.server.log.corruption.policy = EXCEPTION (default)
2019-11-15 20:18:00,943 [pool-199-thread-1] INFO  server.RaftServerConfigKeys (ConfUtils.java:logGet(43)) - raft.server.log.appender.install.snapshot.enabled = false (custom)
2019-11-15 20:18:00,944 [pool-239-thread-1] INFO  storage.RaftStorageDirectory (RaftStorageDirectory.java:analyzeStorage(246)) - The storage directory /workdir/hadoop-ozone/integration-test/target/test-dir/MiniOzoneClusterImpl-cd14858e-7fd2-404c-93a1-487d1243ff76/datanode-9/data/ratis/368d2a1b-722f-4eb5-9ba6-64aeceabe0be does not exist. Creating ...
2019-11-15 20:18:00,944 [pool-199-thread-1] INFO  impl.RaftServerImpl (ServerState.java:<init>(103)) - 96e7c94e-3c8d-4ea5-9d39-2046e661862c@group-64AECEABE0BE: ConfigurationManager, init=-1: [8ea95c1a-a940-4392-ad76-d729a81e9d62:192.168.69.94:34879, 96e7c94e-3c8d-4ea5-9d39-2046e661862c:192.168.69.94:44753, 02c8c0cd-3388-46ae-a10b-79a5583af984:192.168.69.94:40363], old=null, confs=<EMPTY_MAP>
2019-11-15 20:18:00,944 [pool-199-thread-1] INFO  server.RaftServerConfigKeys (ConfUtils.java:logGet(43)) - raft.server.storage.dir = [/workdir/hadoop-ozone/integration-test/target/test-dir/MiniOzoneClusterImpl-cd14858e-7fd2-404c-93a1-487d1243ff76/datanode-5/data/ratis] (custom)
2019-11-15 20:18:00,944 [pool-199-thread-1] INFO  server.RaftServerConfigKeys (ConfUtils.java:logGet(43)) - raft.server.log.corruption.policy = EXCEPTION (default)
2019-11-15 20:18:00,944 [pool-199-thread-1] INFO  storage.RaftStorageDirectory (RaftStorageDirectory.java:analyzeStorage(246)) - The storage directory /workdir/hadoop-ozone/integration-test/target/test-dir/MiniOzoneClusterImpl-cd14858e-7fd2-404c-93a1-487d1243ff76/datanode-5/data/ratis/368d2a1b-722f-4eb5-9ba6-64aeceabe0be does not exist. Creating ...
2019-11-15 20:18:00,957 [pool-239-thread-1] INFO  storage.RaftStorageDirectory (RaftStorageDirectory.java:tryLock(328)) - Lock on /workdir/hadoop-ozone/integration-test/target/test-dir/MiniOzoneClusterImpl-cd14858e-7fd2-404c-93a1-487d1243ff76/datanode-9/data/ratis/368d2a1b-722f-4eb5-9ba6-64aeceabe0be/in_use.lock acquired by nodename 23188@pr-hdds-2517-immreturn-vbf9m-3344069096
2019-11-15 20:18:00,957 [pool-199-thread-1] INFO  storage.RaftStorageDirectory (RaftStorageDirectory.java:tryLock(328)) - Lock on /workdir/hadoop-ozone/integration-test/target/test-dir/MiniOzoneClusterImpl-cd14858e-7fd2-404c-93a1-487d1243ff76/datanode-5/data/ratis/368d2a1b-722f-4eb5-9ba6-64aeceabe0be/in_use.lock acquired by nodename 23188@pr-hdds-2517-immreturn-vbf9m-3344069096
2019-11-15 20:18:00,957 [pool-229-thread-1] INFO  storage.RaftStorageDirectory (RaftStorageDirectory.java:tryLock(328)) - Lock on /workdir/hadoop-ozone/integration-test/target/test-dir/MiniOzoneClusterImpl-cd14858e-7fd2-404c-93a1-487d1243ff76/datanode-8/data/ratis/368d2a1b-722f-4eb5-9ba6-64aeceabe0be/in_use.lock acquired by nodename 23188@pr-hdds-2517-immreturn-vbf9m-3344069096
2019-11-15 20:18:00,962 [main] WARN  io.KeyOutputStream (KeyOutputStream.java:handleException(274)) - Encountered exception java.io.IOException: Unexpected Storage Container Exception: java.util.concurrent.CompletionException: java.util.concurrent.CompletionException: org.apache.ratis.protocol.AlreadyClosedException: SlidingWindow$Client:client-05CD3FBAD945->RAFT is closed. on the pipeline Pipeline[ Id: ce900b67-6ac3-4ea5-9465-916fece7aaff, Nodes: 8ea95c1a-a940-4392-ad76-d729a81e9d62{ip: 192.168.69.94, host: pr-hdds-2517-immreturn-vbf9m-3344069096, networkLocation: /rack1, certSerialId: null}96e7c94e-3c8d-4ea5-9d39-2046e661862c{ip: 192.168.69.94, host: pr-hdds-2517-immreturn-vbf9m-3344069096, networkLocation: /rack1, certSerialId: null}02c8c0cd-3388-46ae-a10b-79a5583af984{ip: 192.168.69.94, host: pr-hdds-2517-immreturn-vbf9m-3344069096, networkLocation: /rack1, certSerialId: null}, Type:RATIS, Factor:THREE, State:OPEN]. The last committed block length is 0, uncommitted data length is 1048576 retry count 0
2019-11-15 20:18:00,966 [main] INFO  io.BlockOutputStreamEntryPool (BlockOutputStreamEntryPool.java:allocateNewBlock(257)) - Allocating block with ExcludeList {datanodes = [], containerIds = [], pipelineIds = [PipelineID=ce900b67-6ac3-4ea5-9465-916fece7aaff]}
2019-11-15 20:18:00,978 [pool-239-thread-1] INFO  storage.RaftStorage (RaftStorage.java:format(84)) - Storage directory /workdir/hadoop-ozone/integration-test/target/test-dir/MiniOzoneClusterImpl-cd14858e-7fd2-404c-93a1-487d1243ff76/datanode-9/data/ratis/368d2a1b-722f-4eb5-9ba6-64aeceabe0be has been successfully formatted.
2019-11-15 20:18:00,978 [pool-229-thread-1] INFO  storage.RaftStorage (RaftStorage.java:format(84)) - Storage directory /workdir/hadoop-ozone/integration-test/target/test-dir/MiniOzoneClusterImpl-cd14858e-7fd2-404c-93a1-487d1243ff76/datanode-8/data/ratis/368d2a1b-722f-4eb5-9ba6-64aeceabe0be has been successfully formatted.
2019-11-15 20:18:00,978 [pool-199-thread-1] INFO  storage.RaftStorage (RaftStorage.java:format(84)) - Storage directory /workdir/hadoop-ozone/integration-test/target/test-dir/MiniOzoneClusterImpl-cd14858e-7fd2-404c-93a1-487d1243ff76/datanode-5/data/ratis/368d2a1b-722f-4eb5-9ba6-64aeceabe0be has been successfully formatted.
2019-11-15 20:18:00,978 [pool-239-thread-1] INFO  ratis.ContainerStateMachine (ContainerStateMachine.java:loadSnapshot(223)) - group-64AECEABE0BE: The snapshot info is null. Setting the last applied indexto:(t:0, i:~)
2019-11-15 20:18:00,979 [pool-199-thread-1] INFO  ratis.ContainerStateMachine (ContainerStateMachine.java:loadSnapshot(223)) - group-64AECEABE0BE: The snapshot info is null. Setting the last applied indexto:(t:0, i:~)
2019-11-15 20:18:00,979 [pool-229-thread-1] INFO  ratis.ContainerStateMachine (ContainerStateMachine.java:loadSnapshot(223)) - group-64AECEABE0BE: The snapshot info is null. Setting the last applied indexto:(t:0, i:~)
2019-11-15 20:18:00,979 [pool-199-thread-1] INFO  server.RaftServerConfigKeys (ConfUtils.java:logGet(43)) - raft.server.notification.no-leader.timeout = 120s (custom)
2019-11-15 20:18:00,979 [pool-239-thread-1] INFO  server.RaftServerConfigKeys (ConfUtils.java:logGet(43)) - raft.server.notification.no-leader.timeout = 120s (custom)
2019-11-15 20:18:00,979 [pool-199-thread-1] INFO  server.RaftServerConfigKeys (ConfUtils.java:logGet(43)) - raft.server.log.use.memory = false (default)
2019-11-15 20:18:00,979 [pool-229-thread-1] INFO  server.RaftServerConfigKeys (ConfUtils.java:logGet(43)) - raft.server.notification.no-leader.timeout = 120s (custom)
2019-11-15 20:18:00,979 [pool-199-thread-1] INFO  server.RaftServerConfigKeys (ConfUtils.java:logGet(43)) - raft.server.log.purge.gap = 1000000 (custom)
2019-11-15 20:18:00,979 [pool-239-thread-1] INFO  server.RaftServerConfigKeys (ConfUtils.java:logGet(43)) - raft.server.log.use.memory = false (default)
2019-11-15 20:18:00,979 [pool-199-thread-1] INFO  server.RaftServerConfigKeys (ConfUtils.java:logGet(43)) - raft.server.log.appender.buffer.byte-limit = 33554432 (custom)
2019-11-15 20:18:00,979 [pool-229-thread-1] INFO  server.RaftServerConfigKeys (ConfUtils.java:logGet(43)) - raft.server.log.use.memory = false (default)
2019-11-15 20:18:00,979 [pool-199-thread-1] INFO  server.RaftServerConfigKeys (ConfUtils.java:logGet(43)) - raft.server.log.segment.size.max = 1048576 (custom)
2019-11-15 20:18:00,979 [pool-239-thread-1] INFO  server.RaftServerConfigKeys (ConfUtils.java:logGet(43)) - raft.server.log.purge.gap = 1000000 (custom)
2019-11-15 20:18:00,980 [pool-199-thread-1] INFO  server.RaftServerConfigKeys (ConfUtils.java:logGet(43)) - raft.server.log.segment.cache.num.max = 2 (custom)
2019-11-15 20:18:00,979 [pool-229-thread-1] INFO  server.RaftServerConfigKeys (ConfUtils.java:logGet(43)) - raft.server.log.purge.gap = 1000000 (custom)
2019-11-15 20:18:00,980 [pool-199-thread-1] INFO  segmented.SegmentedRaftLogWorker (SegmentedRaftLogWorker.java:<init>(173)) - new 96e7c94e-3c8d-4ea5-9d39-2046e661862c@group-64AECEABE0BE-SegmentedRaftLogWorker for RaftStorage:Storage Directory /workdir/hadoop-ozone/integration-test/target/test-dir/MiniOzoneClusterImpl-cd14858e-7fd2-404c-93a1-487d1243ff76/datanode-5/data/ratis/368d2a1b-722f-4eb5-9ba6-64aeceabe0be
2019-11-15 20:18:00,980 [pool-239-thread-1] INFO  server.RaftServerConfigKeys (ConfUtils.java:logGet(43)) - raft.server.log.appender.buffer.byte-limit = 33554432 (custom)
2019-11-15 20:18:00,980 [pool-199-thread-1] INFO  server.RaftServerConfigKeys (ConfUtils.java:logGet(43)) - raft.server.log.queue.byte-limit = 2147483647 (custom)
2019-11-15 20:18:00,980 [pool-229-thread-1] INFO  server.RaftServerConfigKeys (ConfUtils.java:logGet(43)) - raft.server.log.appender.buffer.byte-limit = 33554432 (custom)
2019-11-15 20:18:00,980 [pool-199-thread-1] INFO  server.RaftServerConfigKeys (ConfUtils.java:logGet(43)) - raft.server.log.queue.element-limit = 1024 (custom)
2019-11-15 20:18:00,980 [pool-239-thread-1] INFO  server.RaftServerConfigKeys (ConfUtils.java:logGet(43)) - raft.server.log.segment.size.max = 1048576 (custom)
2019-11-15 20:18:00,980 [pool-199-thread-1] INFO  server.RaftServerConfigKeys (ConfUtils.java:logGet(43)) - raft.server.log.segment.size.max = 1048576 (custom)
2019-11-15 20:18:00,980 [pool-229-thread-1] INFO  server.RaftServerConfigKeys (ConfUtils.java:logGet(43)) - raft.server.log.segment.size.max = 1048576 (custom)
2019-11-15 20:18:00,980 [pool-199-thread-1] INFO  server.RaftServerConfigKeys (ConfUtils.java:logGet(43)) - raft.server.log.preallocated.size = 16384 (custom)
2019-11-15 20:18:00,980 [pool-239-thread-1] INFO  server.RaftServerConfigKeys (ConfUtils.java:logGet(43)) - raft.server.log.segment.cache.num.max = 2 (custom)
2019-11-15 20:18:00,981 [pool-199-thread-1] INFO  server.RaftServerConfigKeys (ConfUtils.java:logGet(43)) - raft.server.log.write.buffer.size = 33554432 (custom)
2019-11-15 20:18:00,981 [pool-229-thread-1] INFO  server.RaftServerConfigKeys (ConfUtils.java:logGet(43)) - raft.server.log.segment.cache.num.max = 2 (custom)
2019-11-15 20:18:00,981 [pool-199-thread-1] INFO  server.RaftServerConfigKeys (ConfUtils.java:logGet(43)) - raft.server.log.force.sync.num = 128 (default)
2019-11-15 20:18:00,981 [pool-239-thread-1] INFO  segmented.SegmentedRaftLogWorker (SegmentedRaftLogWorker.java:<init>(173)) - new 02c8c0cd-3388-46ae-a10b-79a5583af984@group-64AECEABE0BE-SegmentedRaftLogWorker for RaftStorage:Storage Directory /workdir/hadoop-ozone/integration-test/target/test-dir/MiniOzoneClusterImpl-cd14858e-7fd2-404c-93a1-487d1243ff76/datanode-9/data/ratis/368d2a1b-722f-4eb5-9ba6-64aeceabe0be
2019-11-15 20:18:00,981 [pool-199-thread-1] INFO  server.RaftServerConfigKeys (ConfUtils.java:logGet(43)) - raft.server.log.statemachine.data.sync = true (default)
2019-11-15 20:18:00,981 [pool-229-thread-1] INFO  segmented.SegmentedRaftLogWorker (SegmentedRaftLogWorker.java:<init>(173)) - new 8ea95c1a-a940-4392-ad76-d729a81e9d62@group-64AECEABE0BE-SegmentedRaftLogWorker for RaftStorage:Storage Directory /workdir/hadoop-ozone/integration-test/target/test-dir/MiniOzoneClusterImpl-cd14858e-7fd2-404c-93a1-487d1243ff76/datanode-8/data/ratis/368d2a1b-722f-4eb5-9ba6-64aeceabe0be
2019-11-15 20:18:00,981 [pool-199-thread-1] INFO  server.RaftServerConfigKeys (ConfUtils.java:logGet(43)) - raft.server.log.statemachine.data.sync.timeout = 10s (default)
2019-11-15 20:18:00,981 [pool-239-thread-1] INFO  server.RaftServerConfigKeys (ConfUtils.java:logGet(43)) - raft.server.log.queue.byte-limit = 2147483647 (custom)
2019-11-15 20:18:00,981 [pool-199-thread-1] INFO  server.RaftServerConfigKeys (ConfUtils.java:logGet(43)) - raft.server.log.statemachine.data.sync.timeout.retry = -1 (default)
2019-11-15 20:18:00,981 [pool-229-thread-1] INFO  server.RaftServerConfigKeys (ConfUtils.java:logGet(43)) - raft.server.log.queue.byte-limit = 2147483647 (custom)
2019-11-15 20:18:00,981 [pool-199-thread-1] INFO  server.RaftServerConfigKeys (ConfUtils.java:logGet(43)) - raft.server.log.statemachine.data.caching.enabled = true (custom)
2019-11-15 20:18:00,981 [pool-239-thread-1] INFO  server.RaftServerConfigKeys (ConfUtils.java:logGet(43)) - raft.server.log.queue.element-limit = 1024 (custom)
2019-11-15 20:18:00,982 [pool-229-thread-1] INFO  server.RaftServerConfigKeys (ConfUtils.java:logGet(43)) - raft.server.log.queue.element-limit = 1024 (custom)
2019-11-15 20:18:00,982 [pool-239-thread-1] INFO  server.RaftServerConfigKeys (ConfUtils.java:logGet(43)) - raft.server.log.segment.size.max = 1048576 (custom)
2019-11-15 20:18:00,982 [pool-229-thread-1] INFO  server.RaftServerConfigKeys (ConfUtils.java:logGet(43)) - raft.server.log.segment.size.max = 1048576 (custom)
2019-11-15 20:18:00,982 [pool-239-thread-1] INFO  server.RaftServerConfigKeys (ConfUtils.java:logGet(43)) - raft.server.log.preallocated.size = 16384 (custom)
2019-11-15 20:18:00,982 [pool-229-thread-1] INFO  server.RaftServerConfigKeys (ConfUtils.java:logGet(43)) - raft.server.log.preallocated.size = 16384 (custom)
2019-11-15 20:18:00,982 [pool-239-thread-1] INFO  server.RaftServerConfigKeys (ConfUtils.java:logGet(43)) - raft.server.log.write.buffer.size = 33554432 (custom)
2019-11-15 20:18:00,982 [pool-199-thread-1] INFO  segmented.SegmentedRaftLogWorker (SegmentedRaftLogWorker.java:lambda$new$0(128)) - 96e7c94e-3c8d-4ea5-9d39-2046e661862c@group-64AECEABE0BE-SegmentedRaftLogWorker: flushIndex: setUnconditionally 0 -> -1
2019-11-15 20:18:00,982 [pool-229-thread-1] INFO  server.RaftServerConfigKeys (ConfUtils.java:logGet(43)) - raft.server.log.write.buffer.size = 33554432 (custom)
2019-11-15 20:18:00,982 [pool-239-thread-1] INFO  server.RaftServerConfigKeys (ConfUtils.java:logGet(43)) - raft.server.log.force.sync.num = 128 (default)
2019-11-15 20:18:00,983 [pool-199-thread-1] INFO  server.RaftServerConfigKeys (ConfUtils.java:logGet(43)) - raft.server.snapshot.auto.trigger.enabled = true (custom)
2019-11-15 20:18:00,983 [pool-229-thread-1] INFO  server.RaftServerConfigKeys (ConfUtils.java:logGet(43)) - raft.server.log.force.sync.num = 128 (default)
2019-11-15 20:18:00,983 [pool-199-thread-1] INFO  server.RaftServerConfigKeys (ConfUtils.java:logGet(43)) - raft.server.snapshot.auto.trigger.threshold = 10000 (custom)
2019-11-15 20:18:00,983 [pool-239-thread-1] INFO  server.RaftServerConfigKeys (ConfUtils.java:logGet(43)) - raft.server.log.statemachine.data.sync = true (default)
2019-11-15 20:18:00,983 [pool-199-thread-1] INFO  server.RaftServerConfigKeys (ConfUtils.java:logGet(43)) - raft.server.snapshot.retention.file.num = 5 (custom)
2019-11-15 20:18:00,983 [pool-229-thread-1] INFO  server.RaftServerConfigKeys (ConfUtils.java:logGet(43)) - raft.server.log.statemachine.data.sync = true (default)
2019-11-15 20:18:00,983 [pool-199-thread-1] INFO  server.RaftServerConfigKeys (ConfUtils.java:logGet(43)) - raft.server.retrycache.expirytime = 600000ms (custom)
2019-11-15 20:18:00,983 [pool-239-thread-1] INFO  server.RaftServerConfigKeys (ConfUtils.java:logGet(43)) - raft.server.log.statemachine.data.sync.timeout = 10s (default)
2019-11-15 20:18:00,983 [pool-199-thread-1] WARN  impl.MetricRegistriesImpl (MetricRegistriesImpl.java:lambda$create$1(61)) - First MetricRegistry has been created without registering reporters. You may need to call MetricRegistries.global().addReportRegistration(...) before.
2019-11-15 20:18:00,983 [pool-229-thread-1] INFO  server.RaftServerConfigKeys (ConfUtils.java:logGet(43)) - raft.server.log.statemachine.data.sync.timeout = 10s (default)
2019-11-15 20:18:00,983 [pool-199-thread-1] WARN  impl.MetricRegistriesImpl (MetricRegistriesImpl.java:lambda$create$1(61)) - First MetricRegistry has been created without registering reporters. You may need to call MetricRegistries.global().addReportRegistration(...) before.
2019-11-15 20:18:00,983 [pool-239-thread-1] INFO  server.RaftServerConfigKeys (ConfUtils.java:logGet(43)) - raft.server.log.statemachine.data.sync.timeout.retry = -1 (default)
2019-11-15 20:18:00,984 [pool-199-thread-1] INFO  impl.RaftServerImpl (RaftServerImpl.java:start(184)) - 96e7c94e-3c8d-4ea5-9d39-2046e661862c@group-64AECEABE0BE: start as a follower, conf=-1: [8ea95c1a-a940-4392-ad76-d729a81e9d62:192.168.69.94:34879, 96e7c94e-3c8d-4ea5-9d39-2046e661862c:192.168.69.94:44753, 02c8c0cd-3388-46ae-a10b-79a5583af984:192.168.69.94:40363], old=null
2019-11-15 20:18:00,983 [pool-229-thread-1] INFO  server.RaftServerConfigKeys (ConfUtils.java:logGet(43)) - raft.server.log.statemachine.data.sync.timeout.retry = -1 (default)
2019-11-15 20:18:00,984 [pool-239-thread-1] INFO  server.RaftServerConfigKeys (ConfUtils.java:logGet(43)) - raft.server.log.statemachine.data.caching.enabled = true (custom)
2019-11-15 20:18:00,984 [pool-199-thread-1] INFO  impl.RaftServerImpl (RaftServerImpl.java:setRole(173)) - 96e7c94e-3c8d-4ea5-9d39-2046e661862c@group-64AECEABE0BE: changes role from      null to FOLLOWER at term 0 for startAsFollower
2019-11-15 20:18:00,984 [pool-229-thread-1] INFO  server.RaftServerConfigKeys (ConfUtils.java:logGet(43)) - raft.server.log.statemachine.data.caching.enabled = true (custom)
2019-11-15 20:18:00,984 [pool-199-thread-1] INFO  impl.RoleInfo (RoleInfo.java:updateAndGet(143)) - 96e7c94e-3c8d-4ea5-9d39-2046e661862c: start FollowerState
2019-11-15 20:18:00,984 [pool-239-thread-1] INFO  segmented.SegmentedRaftLogWorker (SegmentedRaftLogWorker.java:lambda$new$0(128)) - 02c8c0cd-3388-46ae-a10b-79a5583af984@group-64AECEABE0BE-SegmentedRaftLogWorker: flushIndex: setUnconditionally 0 -> -1
2019-11-15 20:18:00,984 [pool-229-thread-1] INFO  segmented.SegmentedRaftLogWorker (SegmentedRaftLogWorker.java:lambda$new$0(128)) - 8ea95c1a-a940-4392-ad76-d729a81e9d62@group-64AECEABE0BE-SegmentedRaftLogWorker: flushIndex: setUnconditionally 0 -> -1
2019-11-15 20:18:00,984 [pool-239-thread-1] INFO  server.RaftServerConfigKeys (ConfUtils.java:logGet(43)) - raft.server.snapshot.auto.trigger.enabled = true (custom)
2019-11-15 20:18:00,996 [pool-199-thread-1] INFO  util.JmxRegister (JmxRegister.java:tryRegister(44)) - Successfully registered JMX Bean with object name Ratis:service=RaftServer,group=group-64AECEABE0BE,id=96e7c94e-3c8d-4ea5-9d39-2046e661862c
2019-11-15 20:18:00,996 [pool-239-thread-1] INFO  server.RaftServerConfigKeys (ConfUtils.java:logGet(43)) - raft.server.snapshot.auto.trigger.threshold = 10000 (custom)
2019-11-15 20:18:00,996 [pool-199-thread-1] WARN  impl.MetricRegistriesImpl (MetricRegistriesImpl.java:lambda$create$1(61)) - First MetricRegistry has been created without registering reporters. You may need to call MetricRegistries.global().addReportRegistration(...) before.
2019-11-15 20:18:00,996 [pool-239-thread-1] INFO  server.RaftServerConfigKeys (ConfUtils.java:logGet(43)) - raft.server.snapshot.retention.file.num = 5 (custom)
2019-11-15 20:18:00,996 [pool-229-thread-1] INFO  server.RaftServerConfigKeys (ConfUtils.java:logGet(43)) - raft.server.snapshot.auto.trigger.enabled = true (custom)
2019-11-15 20:18:00,996 [pool-239-thread-1] INFO  server.RaftServerConfigKeys (ConfUtils.java:logGet(43)) - raft.server.retrycache.expirytime = 600000ms (custom)
2019-11-15 20:18:00,996 [pool-229-thread-1] INFO  server.RaftServerConfigKeys (ConfUtils.java:logGet(43)) - raft.server.snapshot.auto.trigger.threshold = 10000 (custom)
2019-11-15 20:18:00,996 [pool-239-thread-1] WARN  impl.MetricRegistriesImpl (MetricRegistriesImpl.java:lambda$create$1(61)) - First MetricRegistry has been created without registering reporters. You may need to call MetricRegistries.global().addReportRegistration(...) before.
2019-11-15 20:18:01,005 [pool-229-thread-1] INFO  server.RaftServerConfigKeys (ConfUtils.java:logGet(43)) - raft.server.snapshot.retention.file.num = 5 (custom)
2019-11-15 20:18:01,005 [pool-239-thread-1] WARN  impl.MetricRegistriesImpl (MetricRegistriesImpl.java:lambda$create$1(61)) - First MetricRegistry has been created without registering reporters. You may need to call MetricRegistries.global().addReportRegistration(...) before.
2019-11-15 20:18:01,005 [pool-229-thread-1] INFO  server.RaftServerConfigKeys (ConfUtils.java:logGet(43)) - raft.server.retrycache.expirytime = 600000ms (custom)
2019-11-15 20:18:01,005 [pool-239-thread-1] INFO  impl.RaftServerImpl (RaftServerImpl.java:start(184)) - 02c8c0cd-3388-46ae-a10b-79a5583af984@group-64AECEABE0BE: start as a follower, conf=-1: [8ea95c1a-a940-4392-ad76-d729a81e9d62:192.168.69.94:34879, 96e7c94e-3c8d-4ea5-9d39-2046e661862c:192.168.69.94:44753, 02c8c0cd-3388-46ae-a10b-79a5583af984:192.168.69.94:40363], old=null
2019-11-15 20:18:01,005 [pool-229-thread-1] WARN  impl.MetricRegistriesImpl (MetricRegistriesImpl.java:lambda$create$1(61)) - First MetricRegistry has been created without registering reporters. You may need to call MetricRegistries.global().addReportRegistration(...) before.
2019-11-15 20:18:01,005 [pool-239-thread-1] INFO  impl.RaftServerImpl (RaftServerImpl.java:setRole(173)) - 02c8c0cd-3388-46ae-a10b-79a5583af984@group-64AECEABE0BE: changes role from      null to FOLLOWER at term 0 for startAsFollower
2019-11-15 20:18:01,005 [pool-229-thread-1] WARN  impl.MetricRegistriesImpl (MetricRegistriesImpl.java:lambda$create$1(61)) - First MetricRegistry has been created without registering reporters. You may need to call MetricRegistries.global().addReportRegistration(...) before.
2019-11-15 20:18:01,005 [pool-239-thread-1] INFO  impl.RoleInfo (RoleInfo.java:updateAndGet(143)) - 02c8c0cd-3388-46ae-a10b-79a5583af984: start FollowerState
2019-11-15 20:18:01,006 [pool-229-thread-1] INFO  impl.RaftServerImpl (RaftServerImpl.java:start(184)) - 8ea95c1a-a940-4392-ad76-d729a81e9d62@group-64AECEABE0BE: start as a follower, conf=-1: [8ea95c1a-a940-4392-ad76-d729a81e9d62:192.168.69.94:34879, 96e7c94e-3c8d-4ea5-9d39-2046e661862c:192.168.69.94:44753, 02c8c0cd-3388-46ae-a10b-79a5583af984:192.168.69.94:40363], old=null
2019-11-15 20:18:01,006 [pool-229-thread-1] INFO  impl.RaftServerImpl (RaftServerImpl.java:setRole(173)) - 8ea95c1a-a940-4392-ad76-d729a81e9d62@group-64AECEABE0BE: changes role from      null to FOLLOWER at term 0 for startAsFollower
2019-11-15 20:18:01,006 [pool-229-thread-1] INFO  impl.RoleInfo (RoleInfo.java:updateAndGet(143)) - 8ea95c1a-a940-4392-ad76-d729a81e9d62: start FollowerState
2019-11-15 20:18:01,006 [pool-239-thread-1] INFO  util.JmxRegister (JmxRegister.java:tryRegister(44)) - Successfully registered JMX Bean with object name Ratis:service=RaftServer,group=group-64AECEABE0BE,id=02c8c0cd-3388-46ae-a10b-79a5583af984
2019-11-15 20:18:01,006 [pool-239-thread-1] WARN  impl.MetricRegistriesImpl (MetricRegistriesImpl.java:lambda$create$1(61)) - First MetricRegistry has been created without registering reporters. You may need to call MetricRegistries.global().addReportRegistration(...) before.
2019-11-15 20:18:01,006 [pool-229-thread-1] INFO  util.JmxRegister (JmxRegister.java:tryRegister(44)) - Successfully registered JMX Bean with object name Ratis:service=RaftServer,group=group-64AECEABE0BE,id=8ea95c1a-a940-4392-ad76-d729a81e9d62
2019-11-15 20:18:01,006 [pool-229-thread-1] WARN  impl.MetricRegistriesImpl (MetricRegistriesImpl.java:lambda$create$1(61)) - First MetricRegistry has been created without registering reporters. You may need to call MetricRegistries.global().addReportRegistration(...) before.
2019-11-15 20:18:01,009 [RatisPipelineUtilsThread] INFO  pipeline.PipelineStateManager (PipelineStateManager.java:addPipeline(55)) - Created pipeline Pipeline[ Id: 368d2a1b-722f-4eb5-9ba6-64aeceabe0be, Nodes: 8ea95c1a-a940-4392-ad76-d729a81e9d62{ip: 192.168.69.94, host: pr-hdds-2517-immreturn-vbf9m-3344069096, networkLocation: /rack1, certSerialId: null}96e7c94e-3c8d-4ea5-9d39-2046e661862c{ip: 192.168.69.94, host: pr-hdds-2517-immreturn-vbf9m-3344069096, networkLocation: /rack1, certSerialId: null}02c8c0cd-3388-46ae-a10b-79a5583af984{ip: 192.168.69.94, host: pr-hdds-2517-immreturn-vbf9m-3344069096, networkLocation: /rack1, certSerialId: null}, Type:RATIS, Factor:THREE, State:ALLOCATED]
2019-11-15 20:18:01,009 [Thread-1235] INFO  pipeline.PipelineStateManager (PipelineStateManager.java:finalizePipeline(121)) - Pipeline Pipeline[ Id: c94cb60b-f939-47bb-af4f-9e7243581484, Nodes: 8ea95c1a-a940-4392-ad76-d729a81e9d62{ip: 192.168.69.94, host: pr-hdds-2517-immreturn-vbf9m-3344069096, networkLocation: /rack1, certSerialId: null}, Type:RATIS, Factor:ONE, State:CLOSED] moved to CLOSED state
2019-11-15 20:18:01,018 [grpc-default-executor-0] INFO  impl.RaftServerProxy (RaftServerProxy.java:remove(95)) - 8ea95c1a-a940-4392-ad76-d729a81e9d62: remove    LEADER 8ea95c1a-a940-4392-ad76-d729a81e9d62@group-9E7243581484:t1, leader=8ea95c1a-a940-4392-ad76-d729a81e9d62, voted=8ea95c1a-a940-4392-ad76-d729a81e9d62, raftlog=8ea95c1a-a940-4392-ad76-d729a81e9d62@group-9E7243581484-SegmentedRaftLog:OPENED:c0,f0,i0, conf=0: [8ea95c1a-a940-4392-ad76-d729a81e9d62:192.168.69.94:34879], old=null RUNNING
2019-11-15 20:18:01,018 [grpc-default-executor-0] INFO  impl.RaftServerImpl (RaftServerImpl.java:lambda$shutdown$3(250)) - 8ea95c1a-a940-4392-ad76-d729a81e9d62@group-9E7243581484: shutdown
2019-11-15 20:18:01,018 [grpc-default-executor-0] INFO  util.JmxRegister (JmxRegister.java:unregister(73)) - Successfully un-registered JMX Bean with object name Ratis:service=RaftServer,group=group-9E7243581484,id=8ea95c1a-a940-4392-ad76-d729a81e9d62
2019-11-15 20:18:01,019 [grpc-default-executor-0] INFO  impl.RoleInfo (RoleInfo.java:shutdownLeaderState(104)) - 8ea95c1a-a940-4392-ad76-d729a81e9d62: shutdown LeaderState
2019-11-15 20:18:01,019 [grpc-default-executor-0] INFO  impl.PendingRequests (PendingRequests.java:sendNotLeaderResponses(206)) - 8ea95c1a-a940-4392-ad76-d729a81e9d62@group-9E7243581484-PendingRequests: sendNotLeaderResponses
2019-11-15 20:18:01,019 [grpc-default-executor-0] INFO  impl.StateMachineUpdater (StateMachineUpdater.java:stopAndJoin(136)) - 8ea95c1a-a940-4392-ad76-d729a81e9d62@group-9E7243581484-StateMachineUpdater: set stopIndex = 0
2019-11-15 20:18:01,019 [grpc-default-executor-0] INFO  impl.RaftServerImpl (ServerState.java:close(387)) - 8ea95c1a-a940-4392-ad76-d729a81e9d62@group-9E7243581484: closes. applyIndex: 0
2019-11-15 20:18:01,019 [8ea95c1a-a940-4392-ad76-d729a81e9d62@group-9E7243581484-SegmentedRaftLogWorker] INFO  segmented.SegmentedRaftLogWorker (SegmentedRaftLogWorker.java:run(316)) - 8ea95c1a-a940-4392-ad76-d729a81e9d62@group-9E7243581484-SegmentedRaftLogWorker was interrupted, exiting. There are 0 tasks remaining in the queue.
2019-11-15 20:18:01,021 [grpc-default-executor-0] INFO  segmented.SegmentedRaftLogWorker (SegmentedRaftLogWorker.java:close(224)) - 8ea95c1a-a940-4392-ad76-d729a81e9d62@group-9E7243581484-SegmentedRaftLogWorker close()
2019-11-15 20:18:01,025 [Thread-1235] INFO  pipeline.PipelineStateManager (PipelineStateManager.java:removePipeline(106)) - Pipeline Pipeline[ Id: c94cb60b-f939-47bb-af4f-9e7243581484, Nodes: 8ea95c1a-a940-4392-ad76-d729a81e9d62{ip: 192.168.69.94, host: pr-hdds-2517-immreturn-vbf9m-3344069096, networkLocation: /rack1, certSerialId: null}, Type:RATIS, Factor:ONE, State:CLOSED] removed from db
2019-11-15 20:18:01,026 [Thread-1235] INFO  pipeline.SCMPipelineManager (SCMPipelineManager.java:finalizeAndDestroyPipeline(315)) - destroying pipeline:Pipeline[ Id: 8b5aefa0-81c8-4f2f-a609-83e190b3aa8e, Nodes: f5e6ed35-042e-40b5-afb2-c30172d49513{ip: 192.168.69.94, host: pr-hdds-2517-immreturn-vbf9m-3344069096, networkLocation: /rack1, certSerialId: null}, Type:RATIS, Factor:ONE, State:OPEN]
2019-11-15 20:18:01,029 [grpc-default-executor-0] INFO  impl.RaftServerProxy (RaftServerProxy.java:addNew(89)) - 8ea95c1a-a940-4392-ad76-d729a81e9d62: addNew group-5FE3BC560A89:[8ea95c1a-a940-4392-ad76-d729a81e9d62:192.168.69.94:34879] returns group-5FE3BC560A89:java.util.concurrent.CompletableFuture@52628ffb[Not completed]
2019-11-15 20:18:01,030 [pool-229-thread-1] INFO  impl.RaftServerImpl (RaftServerImpl.java:<init>(98)) - 8ea95c1a-a940-4392-ad76-d729a81e9d62: new RaftServerImpl for group-5FE3BC560A89:[8ea95c1a-a940-4392-ad76-d729a81e9d62:192.168.69.94:34879] with ContainerStateMachine:uninitialized
2019-11-15 20:18:01,030 [pool-229-thread-1] INFO  server.RaftServerConfigKeys (ConfUtils.java:logGet(43)) - raft.server.rpc.timeout.min = 1s (custom)
2019-11-15 20:18:01,030 [pool-229-thread-1] INFO  server.RaftServerConfigKeys (ConfUtils.java:logGet(43)) - raft.server.rpc.timeout.max = 1200ms (custom)
2019-11-15 20:18:01,031 [pool-229-thread-1] INFO  server.RaftServerConfigKeys (ConfUtils.java:logGet(43)) - raft.server.rpcslowness.timeout = 120s (custom)
2019-11-15 20:18:01,031 [pool-229-thread-1] INFO  server.RaftServerConfigKeys (ConfUtils.java:logGet(43)) - raft.server.sleep.deviation.threshold = 300 (default)
2019-11-15 20:18:01,031 [pool-229-thread-1] INFO  server.RaftServerConfigKeys (ConfUtils.java:logGet(43)) - raft.server.log.appender.install.snapshot.enabled = false (custom)
2019-11-15 20:18:01,031 [pool-229-thread-1] INFO  impl.RaftServerImpl (ServerState.java:<init>(103)) - 8ea95c1a-a940-4392-ad76-d729a81e9d62@group-5FE3BC560A89: ConfigurationManager, init=-1: [8ea95c1a-a940-4392-ad76-d729a81e9d62:192.168.69.94:34879], old=null, confs=<EMPTY_MAP>
2019-11-15 20:18:01,031 [pool-229-thread-1] INFO  server.RaftServerConfigKeys (ConfUtils.java:logGet(43)) - raft.server.storage.dir = [/workdir/hadoop-ozone/integration-test/target/test-dir/MiniOzoneClusterImpl-cd14858e-7fd2-404c-93a1-487d1243ff76/datanode-8/data/ratis] (custom)
2019-11-15 20:18:01,038 [pool-229-thread-1] INFO  server.RaftServerConfigKeys (ConfUtils.java:logGet(43)) - raft.server.log.corruption.policy = EXCEPTION (default)
2019-11-15 20:18:01,038 [pool-229-thread-1] INFO  storage.RaftStorageDirectory (RaftStorageDirectory.java:analyzeStorage(246)) - The storage directory /workdir/hadoop-ozone/integration-test/target/test-dir/MiniOzoneClusterImpl-cd14858e-7fd2-404c-93a1-487d1243ff76/datanode-8/data/ratis/cee4d608-c0c3-47ab-9458-5fe3bc560a89 does not exist. Creating ...
2019-11-15 20:18:01,055 [pool-229-thread-1] INFO  storage.RaftStorageDirectory (RaftStorageDirectory.java:tryLock(328)) - Lock on /workdir/hadoop-ozone/integration-test/target/test-dir/MiniOzoneClusterImpl-cd14858e-7fd2-404c-93a1-487d1243ff76/datanode-8/data/ratis/cee4d608-c0c3-47ab-9458-5fe3bc560a89/in_use.lock acquired by nodename 23188@pr-hdds-2517-immreturn-vbf9m-3344069096
2019-11-15 20:18:01,081 [pool-229-thread-1] INFO  storage.RaftStorage (RaftStorage.java:format(84)) - Storage directory /workdir/hadoop-ozone/integration-test/target/test-dir/MiniOzoneClusterImpl-cd14858e-7fd2-404c-93a1-487d1243ff76/datanode-8/data/ratis/cee4d608-c0c3-47ab-9458-5fe3bc560a89 has been successfully formatted.
2019-11-15 20:18:01,081 [pool-229-thread-1] INFO  ratis.ContainerStateMachine (ContainerStateMachine.java:loadSnapshot(223)) - group-5FE3BC560A89: The snapshot info is null. Setting the last applied indexto:(t:0, i:~)
2019-11-15 20:18:01,081 [pool-229-thread-1] INFO  server.RaftServerConfigKeys (ConfUtils.java:logGet(43)) - raft.server.notification.no-leader.timeout = 120s (custom)
2019-11-15 20:18:01,082 [pool-229-thread-1] INFO  server.RaftServerConfigKeys (ConfUtils.java:logGet(43)) - raft.server.log.use.memory = false (default)
2019-11-15 20:18:01,082 [pool-229-thread-1] INFO  server.RaftServerConfigKeys (ConfUtils.java:logGet(43)) - raft.server.log.purge.gap = 1000000 (custom)
2019-11-15 20:18:01,082 [pool-229-thread-1] INFO  server.RaftServerConfigKeys (ConfUtils.java:logGet(43)) - raft.server.log.appender.buffer.byte-limit = 33554432 (custom)
2019-11-15 20:18:01,082 [pool-229-thread-1] INFO  server.RaftServerConfigKeys (ConfUtils.java:logGet(43)) - raft.server.log.segment.size.max = 1048576 (custom)
2019-11-15 20:18:01,082 [pool-229-thread-1] INFO  server.RaftServerConfigKeys (ConfUtils.java:logGet(43)) - raft.server.log.segment.cache.num.max = 2 (custom)
2019-11-15 20:18:01,082 [pool-229-thread-1] INFO  segmented.SegmentedRaftLogWorker (SegmentedRaftLogWorker.java:<init>(173)) - new 8ea95c1a-a940-4392-ad76-d729a81e9d62@group-5FE3BC560A89-SegmentedRaftLogWorker for RaftStorage:Storage Directory /workdir/hadoop-ozone/integration-test/target/test-dir/MiniOzoneClusterImpl-cd14858e-7fd2-404c-93a1-487d1243ff76/datanode-8/data/ratis/cee4d608-c0c3-47ab-9458-5fe3bc560a89
2019-11-15 20:18:01,082 [pool-229-thread-1] INFO  server.RaftServerConfigKeys (ConfUtils.java:logGet(43)) - raft.server.log.queue.byte-limit = 2147483647 (custom)
2019-11-15 20:18:01,082 [pool-229-thread-1] INFO  server.RaftServerConfigKeys (ConfUtils.java:logGet(43)) - raft.server.log.queue.element-limit = 1024 (custom)
2019-11-15 20:18:01,083 [pool-229-thread-1] INFO  server.RaftServerConfigKeys (ConfUtils.java:logGet(43)) - raft.server.log.segment.size.max = 1048576 (custom)
2019-11-15 20:18:01,083 [pool-229-thread-1] INFO  server.RaftServerConfigKeys (ConfUtils.java:logGet(43)) - raft.server.log.preallocated.size = 16384 (custom)
2019-11-15 20:18:01,083 [pool-229-thread-1] INFO  server.RaftServerConfigKeys (ConfUtils.java:logGet(43)) - raft.server.log.write.buffer.size = 33554432 (custom)
2019-11-15 20:18:01,083 [pool-229-thread-1] INFO  server.RaftServerConfigKeys (ConfUtils.java:logGet(43)) - raft.server.log.force.sync.num = 128 (default)
2019-11-15 20:18:01,083 [pool-229-thread-1] INFO  server.RaftServerConfigKeys (ConfUtils.java:logGet(43)) - raft.server.log.statemachine.data.sync = true (default)
2019-11-15 20:18:01,083 [pool-229-thread-1] INFO  server.RaftServerConfigKeys (ConfUtils.java:logGet(43)) - raft.server.log.statemachine.data.sync.timeout = 10s (default)
2019-11-15 20:18:01,083 [pool-229-thread-1] INFO  server.RaftServerConfigKeys (ConfUtils.java:logGet(43)) - raft.server.log.statemachine.data.sync.timeout.retry = -1 (default)
2019-11-15 20:18:01,084 [pool-229-thread-1] INFO  server.RaftServerConfigKeys (ConfUtils.java:logGet(43)) - raft.server.log.statemachine.data.caching.enabled = true (custom)
2019-11-15 20:18:01,084 [pool-229-thread-1] INFO  segmented.SegmentedRaftLogWorker (SegmentedRaftLogWorker.java:lambda$new$0(128)) - 8ea95c1a-a940-4392-ad76-d729a81e9d62@group-5FE3BC560A89-SegmentedRaftLogWorker: flushIndex: setUnconditionally 0 -> -1
2019-11-15 20:18:01,084 [pool-229-thread-1] INFO  server.RaftServerConfigKeys (ConfUtils.java:logGet(43)) - raft.server.snapshot.auto.trigger.enabled = true (custom)
2019-11-15 20:18:01,084 [pool-229-thread-1] INFO  server.RaftServerConfigKeys (ConfUtils.java:logGet(43)) - raft.server.snapshot.auto.trigger.threshold = 10000 (custom)
2019-11-15 20:18:01,084 [pool-229-thread-1] INFO  server.RaftServerConfigKeys (ConfUtils.java:logGet(43)) - raft.server.snapshot.retention.file.num = 5 (custom)
2019-11-15 20:18:01,085 [pool-229-thread-1] INFO  server.RaftServerConfigKeys (ConfUtils.java:logGet(43)) - raft.server.retrycache.expirytime = 600000ms (custom)
2019-11-15 20:18:01,085 [pool-229-thread-1] WARN  impl.MetricRegistriesImpl (MetricRegistriesImpl.java:lambda$create$1(61)) - First MetricRegistry has been created without registering reporters. You may need to call MetricRegistries.global().addReportRegistration(...) before.
2019-11-15 20:18:01,085 [pool-229-thread-1] WARN  impl.MetricRegistriesImpl (MetricRegistriesImpl.java:lambda$create$1(61)) - First MetricRegistry has been created without registering reporters. You may need to call MetricRegistries.global().addReportRegistration(...) before.
2019-11-15 20:18:01,085 [pool-229-thread-1] INFO  impl.RaftServerImpl (RaftServerImpl.java:start(184)) - 8ea95c1a-a940-4392-ad76-d729a81e9d62@group-5FE3BC560A89: start as a follower, conf=-1: [8ea95c1a-a940-4392-ad76-d729a81e9d62:192.168.69.94:34879], old=null
2019-11-15 20:18:01,085 [pool-229-thread-1] INFO  impl.RaftServerImpl (RaftServerImpl.java:setRole(173)) - 8ea95c1a-a940-4392-ad76-d729a81e9d62@group-5FE3BC560A89: changes role from      null to FOLLOWER at term 0 for startAsFollower
2019-11-15 20:18:01,085 [pool-229-thread-1] INFO  impl.RoleInfo (RoleInfo.java:updateAndGet(143)) - 8ea95c1a-a940-4392-ad76-d729a81e9d62: start FollowerState
2019-11-15 20:18:01,086 [pool-229-thread-1] INFO  util.JmxRegister (JmxRegister.java:tryRegister(44)) - Successfully registered JMX Bean with object name Ratis:service=RaftServer,group=group-5FE3BC560A89,id=8ea95c1a-a940-4392-ad76-d729a81e9d62
2019-11-15 20:18:01,086 [pool-229-thread-1] WARN  impl.MetricRegistriesImpl (MetricRegistriesImpl.java:lambda$create$1(61)) - First MetricRegistry has been created without registering reporters. You may need to call MetricRegistries.global().addReportRegistration(...) before.
2019-11-15 20:18:01,088 [RatisPipelineUtilsThread] INFO  pipeline.PipelineStateManager (PipelineStateManager.java:addPipeline(55)) - Created pipeline Pipeline[ Id: cee4d608-c0c3-47ab-9458-5fe3bc560a89, Nodes: 8ea95c1a-a940-4392-ad76-d729a81e9d62{ip: 192.168.69.94, host: pr-hdds-2517-immreturn-vbf9m-3344069096, networkLocation: /rack1, certSerialId: null}, Type:RATIS, Factor:ONE, State:ALLOCATED]
2019-11-15 20:18:01,089 [Thread-1235] INFO  pipeline.PipelineStateManager (PipelineStateManager.java:finalizePipeline(121)) - Pipeline Pipeline[ Id: 8b5aefa0-81c8-4f2f-a609-83e190b3aa8e, Nodes: f5e6ed35-042e-40b5-afb2-c30172d49513{ip: 192.168.69.94, host: pr-hdds-2517-immreturn-vbf9m-3344069096, networkLocation: /rack1, certSerialId: null}, Type:RATIS, Factor:ONE, State:CLOSED] moved to CLOSED state
2019-11-15 20:18:01,092 [grpc-default-executor-5] INFO  impl.RaftServerProxy (RaftServerProxy.java:remove(95)) - f5e6ed35-042e-40b5-afb2-c30172d49513: remove    LEADER f5e6ed35-042e-40b5-afb2-c30172d49513@group-83E190B3AA8E:t1, leader=f5e6ed35-042e-40b5-afb2-c30172d49513, voted=f5e6ed35-042e-40b5-afb2-c30172d49513, raftlog=f5e6ed35-042e-40b5-afb2-c30172d49513@group-83E190B3AA8E-SegmentedRaftLog:OPENED:c0,f0,i0, conf=0: [f5e6ed35-042e-40b5-afb2-c30172d49513:192.168.69.94:39593], old=null RUNNING
2019-11-15 20:18:01,092 [grpc-default-executor-5] INFO  impl.RaftServerImpl (RaftServerImpl.java:lambda$shutdown$3(250)) - f5e6ed35-042e-40b5-afb2-c30172d49513@group-83E190B3AA8E: shutdown
2019-11-15 20:18:01,093 [grpc-default-executor-5] INFO  util.JmxRegister (JmxRegister.java:unregister(73)) - Successfully un-registered JMX Bean with object name Ratis:service=RaftServer,group=group-83E190B3AA8E,id=f5e6ed35-042e-40b5-afb2-c30172d49513
2019-11-15 20:18:01,093 [grpc-default-executor-5] INFO  impl.RoleInfo (RoleInfo.java:shutdownLeaderState(104)) - f5e6ed35-042e-40b5-afb2-c30172d49513: shutdown LeaderState
2019-11-15 20:18:01,093 [grpc-default-executor-5] INFO  impl.PendingRequests (PendingRequests.java:sendNotLeaderResponses(206)) - f5e6ed35-042e-40b5-afb2-c30172d49513@group-83E190B3AA8E-PendingRequests: sendNotLeaderResponses
2019-11-15 20:18:01,093 [grpc-default-executor-5] INFO  impl.StateMachineUpdater (StateMachineUpdater.java:stopAndJoin(136)) - f5e6ed35-042e-40b5-afb2-c30172d49513@group-83E190B3AA8E-StateMachineUpdater: set stopIndex = 0
2019-11-15 20:18:01,094 [grpc-default-executor-5] INFO  impl.RaftServerImpl (ServerState.java:close(387)) - f5e6ed35-042e-40b5-afb2-c30172d49513@group-83E190B3AA8E: closes. applyIndex: 0
2019-11-15 20:18:01,094 [f5e6ed35-042e-40b5-afb2-c30172d49513@group-83E190B3AA8E-SegmentedRaftLogWorker] INFO  segmented.SegmentedRaftLogWorker (SegmentedRaftLogWorker.java:run(316)) - f5e6ed35-042e-40b5-afb2-c30172d49513@group-83E190B3AA8E-SegmentedRaftLogWorker was interrupted, exiting. There are 0 tasks remaining in the queue.
2019-11-15 20:18:01,097 [grpc-default-executor-5] INFO  segmented.SegmentedRaftLogWorker (SegmentedRaftLogWorker.java:close(224)) - f5e6ed35-042e-40b5-afb2-c30172d49513@group-83E190B3AA8E-SegmentedRaftLogWorker close()
2019-11-15 20:18:01,113 [Thread-1235] INFO  pipeline.PipelineStateManager (PipelineStateManager.java:removePipeline(106)) - Pipeline Pipeline[ Id: 8b5aefa0-81c8-4f2f-a609-83e190b3aa8e, Nodes: f5e6ed35-042e-40b5-afb2-c30172d49513{ip: 192.168.69.94, host: pr-hdds-2517-immreturn-vbf9m-3344069096, networkLocation: /rack1, certSerialId: null}, Type:RATIS, Factor:ONE, State:CLOSED] removed from db
2019-11-15 20:18:01,113 [Thread-1235] INFO  pipeline.SCMPipelineManager (SCMPipelineManager.java:finalizeAndDestroyPipeline(315)) - destroying pipeline:Pipeline[ Id: 829d6133-c088-452a-b17b-7372acd755c2, Nodes: c23f4e8b-a977-491c-8d15-b9b92ca8b7b3{ip: 192.168.69.94, host: pr-hdds-2517-immreturn-vbf9m-3344069096, networkLocation: /rack1, certSerialId: null}d88ca459-20d2-4f21-a4b7-d806c7c265fd{ip: 192.168.69.94, host: pr-hdds-2517-immreturn-vbf9m-3344069096, networkLocation: /rack1, certSerialId: null}f5e6ed35-042e-40b5-afb2-c30172d49513{ip: 192.168.69.94, host: pr-hdds-2517-immreturn-vbf9m-3344069096, networkLocation: /rack1, certSerialId: null}, Type:RATIS, Factor:THREE, State:OPEN]
2019-11-15 20:18:01,116 [grpc-default-executor-5] INFO  impl.RaftServerProxy (RaftServerProxy.java:addNew(89)) - f5e6ed35-042e-40b5-afb2-c30172d49513: addNew group-D2C76342F43A:[f5e6ed35-042e-40b5-afb2-c30172d49513:192.168.69.94:39593] returns group-D2C76342F43A:java.util.concurrent.CompletableFuture@400bd471[Not completed]
2019-11-15 20:18:01,117 [pool-179-thread-1] INFO  impl.RaftServerImpl (RaftServerImpl.java:<init>(98)) - f5e6ed35-042e-40b5-afb2-c30172d49513: new RaftServerImpl for group-D2C76342F43A:[f5e6ed35-042e-40b5-afb2-c30172d49513:192.168.69.94:39593] with ContainerStateMachine:uninitialized
2019-11-15 20:18:01,117 [pool-179-thread-1] INFO  server.RaftServerConfigKeys (ConfUtils.java:logGet(43)) - raft.server.rpc.timeout.min = 1s (custom)
2019-11-15 20:18:01,117 [pool-179-thread-1] INFO  server.RaftServerConfigKeys (ConfUtils.java:logGet(43)) - raft.server.rpc.timeout.max = 1200ms (custom)
2019-11-15 20:18:01,117 [pool-179-thread-1] INFO  server.RaftServerConfigKeys (ConfUtils.java:logGet(43)) - raft.server.rpcslowness.timeout = 120s (custom)
2019-11-15 20:18:01,117 [pool-179-thread-1] INFO  server.RaftServerConfigKeys (ConfUtils.java:logGet(43)) - raft.server.sleep.deviation.threshold = 300 (default)
2019-11-15 20:18:01,117 [pool-179-thread-1] INFO  server.RaftServerConfigKeys (ConfUtils.java:logGet(43)) - raft.server.log.appender.install.snapshot.enabled = false (custom)
2019-11-15 20:18:01,117 [pool-179-thread-1] INFO  impl.RaftServerImpl (ServerState.java:<init>(103)) - f5e6ed35-042e-40b5-afb2-c30172d49513@group-D2C76342F43A: ConfigurationManager, init=-1: [f5e6ed35-042e-40b5-afb2-c30172d49513:192.168.69.94:39593], old=null, confs=<EMPTY_MAP>
2019-11-15 20:18:01,117 [pool-179-thread-1] INFO  server.RaftServerConfigKeys (ConfUtils.java:logGet(43)) - raft.server.storage.dir = [/workdir/hadoop-ozone/integration-test/target/test-dir/MiniOzoneClusterImpl-cd14858e-7fd2-404c-93a1-487d1243ff76/datanode-3/data/ratis] (custom)
2019-11-15 20:18:01,117 [pool-179-thread-1] INFO  server.RaftServerConfigKeys (ConfUtils.java:logGet(43)) - raft.server.log.corruption.policy = EXCEPTION (default)
2019-11-15 20:18:01,118 [pool-179-thread-1] INFO  storage.RaftStorageDirectory (RaftStorageDirectory.java:analyzeStorage(246)) - The storage directory /workdir/hadoop-ozone/integration-test/target/test-dir/MiniOzoneClusterImpl-cd14858e-7fd2-404c-93a1-487d1243ff76/datanode-3/data/ratis/07a3e15c-3268-4c73-86ce-d2c76342f43a does not exist. Creating ...
2019-11-15 20:18:01,134 [pool-179-thread-1] INFO  storage.RaftStorageDirectory (RaftStorageDirectory.java:tryLock(328)) - Lock on /workdir/hadoop-ozone/integration-test/target/test-dir/MiniOzoneClusterImpl-cd14858e-7fd2-404c-93a1-487d1243ff76/datanode-3/data/ratis/07a3e15c-3268-4c73-86ce-d2c76342f43a/in_use.lock acquired by nodename 23188@pr-hdds-2517-immreturn-vbf9m-3344069096
2019-11-15 20:18:01,195 [pool-179-thread-1] INFO  storage.RaftStorage (RaftStorage.java:format(84)) - Storage directory /workdir/hadoop-ozone/integration-test/target/test-dir/MiniOzoneClusterImpl-cd14858e-7fd2-404c-93a1-487d1243ff76/datanode-3/data/ratis/07a3e15c-3268-4c73-86ce-d2c76342f43a has been successfully formatted.
2019-11-15 20:18:01,195 [pool-179-thread-1] INFO  ratis.ContainerStateMachine (ContainerStateMachine.java:loadSnapshot(223)) - group-D2C76342F43A: The snapshot info is null. Setting the last applied indexto:(t:0, i:~)
2019-11-15 20:18:01,196 [pool-179-thread-1] INFO  server.RaftServerConfigKeys (ConfUtils.java:logGet(43)) - raft.server.notification.no-leader.timeout = 120s (custom)
2019-11-15 20:18:01,196 [pool-179-thread-1] INFO  server.RaftServerConfigKeys (ConfUtils.java:logGet(43)) - raft.server.log.use.memory = false (default)
2019-11-15 20:18:01,196 [pool-179-thread-1] INFO  server.RaftServerConfigKeys (ConfUtils.java:logGet(43)) - raft.server.log.purge.gap = 1000000 (custom)
2019-11-15 20:18:01,196 [pool-179-thread-1] INFO  server.RaftServerConfigKeys (ConfUtils.java:logGet(43)) - raft.server.log.appender.buffer.byte-limit = 33554432 (custom)
2019-11-15 20:18:01,196 [pool-179-thread-1] INFO  server.RaftServerConfigKeys (ConfUtils.java:logGet(43)) - raft.server.log.segment.size.max = 1048576 (custom)
2019-11-15 20:18:01,196 [pool-179-thread-1] INFO  server.RaftServerConfigKeys (ConfUtils.java:logGet(43)) - raft.server.log.segment.cache.num.max = 2 (custom)
2019-11-15 20:18:01,196 [pool-179-thread-1] INFO  segmented.SegmentedRaftLogWorker (SegmentedRaftLogWorker.java:<init>(173)) - new f5e6ed35-042e-40b5-afb2-c30172d49513@group-D2C76342F43A-SegmentedRaftLogWorker for RaftStorage:Storage Directory /workdir/hadoop-ozone/integration-test/target/test-dir/MiniOzoneClusterImpl-cd14858e-7fd2-404c-93a1-487d1243ff76/datanode-3/data/ratis/07a3e15c-3268-4c73-86ce-d2c76342f43a
2019-11-15 20:18:01,196 [pool-179-thread-1] INFO  server.RaftServerConfigKeys (ConfUtils.java:logGet(43)) - raft.server.log.queue.byte-limit = 2147483647 (custom)
2019-11-15 20:18:01,196 [pool-179-thread-1] INFO  server.RaftServerConfigKeys (ConfUtils.java:logGet(43)) - raft.server.log.queue.element-limit = 1024 (custom)
2019-11-15 20:18:01,197 [pool-179-thread-1] INFO  server.RaftServerConfigKeys (ConfUtils.java:logGet(43)) - raft.server.log.segment.size.max = 1048576 (custom)
2019-11-15 20:18:01,197 [pool-179-thread-1] INFO  server.RaftServerConfigKeys (ConfUtils.java:logGet(43)) - raft.server.log.preallocated.size = 16384 (custom)
2019-11-15 20:18:01,197 [pool-179-thread-1] INFO  server.RaftServerConfigKeys (ConfUtils.java:logGet(43)) - raft.server.log.write.buffer.size = 33554432 (custom)
2019-11-15 20:18:01,197 [pool-179-thread-1] INFO  server.RaftServerConfigKeys (ConfUtils.java:logGet(43)) - raft.server.log.force.sync.num = 128 (default)
2019-11-15 20:18:01,197 [pool-179-thread-1] INFO  server.RaftServerConfigKeys (ConfUtils.java:logGet(43)) - raft.server.log.statemachine.data.sync = true (default)
2019-11-15 20:18:01,197 [pool-179-thread-1] INFO  server.RaftServerConfigKeys (ConfUtils.java:logGet(43)) - raft.server.log.statemachine.data.sync.timeout = 10s (default)
2019-11-15 20:18:01,197 [pool-179-thread-1] INFO  server.RaftServerConfigKeys (ConfUtils.java:logGet(43)) - raft.server.log.statemachine.data.sync.timeout.retry = -1 (default)
2019-11-15 20:18:01,198 [pool-179-thread-1] INFO  server.RaftServerConfigKeys (ConfUtils.java:logGet(43)) - raft.server.log.statemachine.data.caching.enabled = true (custom)
2019-11-15 20:18:01,198 [pool-179-thread-1] INFO  segmented.SegmentedRaftLogWorker (SegmentedRaftLogWorker.java:lambda$new$0(128)) - f5e6ed35-042e-40b5-afb2-c30172d49513@group-D2C76342F43A-SegmentedRaftLogWorker: flushIndex: setUnconditionally 0 -> -1
2019-11-15 20:18:01,198 [pool-179-thread-1] INFO  server.RaftServerConfigKeys (ConfUtils.java:logGet(43)) - raft.server.snapshot.auto.trigger.enabled = true (custom)
2019-11-15 20:18:01,198 [pool-179-thread-1] INFO  server.RaftServerConfigKeys (ConfUtils.java:logGet(43)) - raft.server.snapshot.auto.trigger.threshold = 10000 (custom)
2019-11-15 20:18:01,199 [pool-179-thread-1] INFO  server.RaftServerConfigKeys (ConfUtils.java:logGet(43)) - raft.server.snapshot.retention.file.num = 5 (custom)
2019-11-15 20:18:01,199 [pool-179-thread-1] INFO  server.RaftServerConfigKeys (ConfUtils.java:logGet(43)) - raft.server.retrycache.expirytime = 600000ms (custom)
2019-11-15 20:18:01,199 [pool-179-thread-1] WARN  impl.MetricRegistriesImpl (MetricRegistriesImpl.java:lambda$create$1(61)) - First MetricRegistry has been created without registering reporters. You may need to call MetricRegistries.global().addReportRegistration(...) before.
2019-11-15 20:18:01,199 [pool-179-thread-1] WARN  impl.MetricRegistriesImpl (MetricRegistriesImpl.java:lambda$create$1(61)) - First MetricRegistry has been created without registering reporters. You may need to call MetricRegistries.global().addReportRegistration(...) before.
2019-11-15 20:18:01,199 [pool-179-thread-1] INFO  impl.RaftServerImpl (RaftServerImpl.java:start(184)) - f5e6ed35-042e-40b5-afb2-c30172d49513@group-D2C76342F43A: start as a follower, conf=-1: [f5e6ed35-042e-40b5-afb2-c30172d49513:192.168.69.94:39593], old=null
2019-11-15 20:18:01,200 [pool-179-thread-1] INFO  impl.RaftServerImpl (RaftServerImpl.java:setRole(173)) - f5e6ed35-042e-40b5-afb2-c30172d49513@group-D2C76342F43A: changes role from      null to FOLLOWER at term 0 for startAsFollower
2019-11-15 20:18:01,200 [pool-179-thread-1] INFO  impl.RoleInfo (RoleInfo.java:updateAndGet(143)) - f5e6ed35-042e-40b5-afb2-c30172d49513: start FollowerState
2019-11-15 20:18:01,200 [pool-179-thread-1] INFO  util.JmxRegister (JmxRegister.java:tryRegister(44)) - Successfully registered JMX Bean with object name Ratis:service=RaftServer,group=group-D2C76342F43A,id=f5e6ed35-042e-40b5-afb2-c30172d49513
2019-11-15 20:18:01,201 [pool-179-thread-1] WARN  impl.MetricRegistriesImpl (MetricRegistriesImpl.java:lambda$create$1(61)) - First MetricRegistry has been created without registering reporters. You may need to call MetricRegistries.global().addReportRegistration(...) before.
2019-11-15 20:18:01,204 [RatisPipelineUtilsThread] INFO  pipeline.PipelineStateManager (PipelineStateManager.java:addPipeline(55)) - Created pipeline Pipeline[ Id: 07a3e15c-3268-4c73-86ce-d2c76342f43a, Nodes: f5e6ed35-042e-40b5-afb2-c30172d49513{ip: 192.168.69.94, host: pr-hdds-2517-immreturn-vbf9m-3344069096, networkLocation: /rack1, certSerialId: null}, Type:RATIS, Factor:ONE, State:ALLOCATED]
2019-11-15 20:18:01,205 [Thread-1235] INFO  pipeline.PipelineStateManager (PipelineStateManager.java:finalizePipeline(121)) - Pipeline Pipeline[ Id: 829d6133-c088-452a-b17b-7372acd755c2, Nodes: c23f4e8b-a977-491c-8d15-b9b92ca8b7b3{ip: 192.168.69.94, host: pr-hdds-2517-immreturn-vbf9m-3344069096, networkLocation: /rack1, certSerialId: null}d88ca459-20d2-4f21-a4b7-d806c7c265fd{ip: 192.168.69.94, host: pr-hdds-2517-immreturn-vbf9m-3344069096, networkLocation: /rack1, certSerialId: null}f5e6ed35-042e-40b5-afb2-c30172d49513{ip: 192.168.69.94, host: pr-hdds-2517-immreturn-vbf9m-3344069096, networkLocation: /rack1, certSerialId: null}, Type:RATIS, Factor:THREE, State:CLOSED] moved to CLOSED state
2019-11-15 20:18:01,209 [grpc-default-executor-5] INFO  impl.RaftServerProxy (RaftServerProxy.java:remove(95)) - c23f4e8b-a977-491c-8d15-b9b92ca8b7b3: remove  FOLLOWER c23f4e8b-a977-491c-8d15-b9b92ca8b7b3@group-7372ACD755C2:t1, leader=d88ca459-20d2-4f21-a4b7-d806c7c265fd, voted=d88ca459-20d2-4f21-a4b7-d806c7c265fd, raftlog=c23f4e8b-a977-491c-8d15-b9b92ca8b7b3@group-7372ACD755C2-SegmentedRaftLog:OPENED:c0,f0,i0, conf=0: [f5e6ed35-042e-40b5-afb2-c30172d49513:192.168.69.94:39593, c23f4e8b-a977-491c-8d15-b9b92ca8b7b3:192.168.69.94:37963, d88ca459-20d2-4f21-a4b7-d806c7c265fd:192.168.69.94:38325], old=null RUNNING
2019-11-15 20:18:01,209 [grpc-default-executor-5] INFO  impl.RaftServerImpl (RaftServerImpl.java:lambda$shutdown$3(250)) - c23f4e8b-a977-491c-8d15-b9b92ca8b7b3@group-7372ACD755C2: shutdown
2019-11-15 20:18:01,209 [grpc-default-executor-5] INFO  util.JmxRegister (JmxRegister.java:unregister(73)) - Successfully un-registered JMX Bean with object name Ratis:service=RaftServer,group=group-7372ACD755C2,id=c23f4e8b-a977-491c-8d15-b9b92ca8b7b3
2019-11-15 20:18:01,209 [grpc-default-executor-5] INFO  impl.RoleInfo (RoleInfo.java:shutdownFollowerState(121)) - c23f4e8b-a977-491c-8d15-b9b92ca8b7b3: shutdown FollowerState
2019-11-15 20:18:01,209 [grpc-default-executor-5] INFO  impl.StateMachineUpdater (StateMachineUpdater.java:stopAndJoin(136)) - c23f4e8b-a977-491c-8d15-b9b92ca8b7b3@group-7372ACD755C2-StateMachineUpdater: set stopIndex = 0
2019-11-15 20:18:01,209 [Thread-1347] INFO  impl.FollowerState (FollowerState.java:run(120)) - c23f4e8b-a977-491c-8d15-b9b92ca8b7b3@group-7372ACD755C2-FollowerState was interrupted: java.lang.InterruptedException: sleep interrupted
2019-11-15 20:18:01,210 [grpc-default-executor-5] INFO  impl.RaftServerImpl (ServerState.java:close(387)) - c23f4e8b-a977-491c-8d15-b9b92ca8b7b3@group-7372ACD755C2: closes. applyIndex: 0
2019-11-15 20:18:01,210 [c23f4e8b-a977-491c-8d15-b9b92ca8b7b3@group-7372ACD755C2-SegmentedRaftLogWorker] INFO  segmented.SegmentedRaftLogWorker (SegmentedRaftLogWorker.java:run(316)) - c23f4e8b-a977-491c-8d15-b9b92ca8b7b3@group-7372ACD755C2-SegmentedRaftLogWorker was interrupted, exiting. There are 0 tasks remaining in the queue.
2019-11-15 20:18:01,219 [grpc-default-executor-5] INFO  segmented.SegmentedRaftLogWorker (SegmentedRaftLogWorker.java:close(224)) - c23f4e8b-a977-491c-8d15-b9b92ca8b7b3@group-7372ACD755C2-SegmentedRaftLogWorker close()
2019-11-15 20:18:01,228 [grpc-default-executor-5] INFO  impl.RaftServerProxy (RaftServerProxy.java:remove(95)) - d88ca459-20d2-4f21-a4b7-d806c7c265fd: remove    LEADER d88ca459-20d2-4f21-a4b7-d806c7c265fd@group-7372ACD755C2:t1, leader=d88ca459-20d2-4f21-a4b7-d806c7c265fd, voted=d88ca459-20d2-4f21-a4b7-d806c7c265fd, raftlog=d88ca459-20d2-4f21-a4b7-d806c7c265fd@group-7372ACD755C2-SegmentedRaftLog:OPENED:c0,f0,i0, conf=0: [f5e6ed35-042e-40b5-afb2-c30172d49513:192.168.69.94:39593, c23f4e8b-a977-491c-8d15-b9b92ca8b7b3:192.168.69.94:37963, d88ca459-20d2-4f21-a4b7-d806c7c265fd:192.168.69.94:38325], old=null RUNNING
2019-11-15 20:18:01,228 [grpc-default-executor-5] INFO  impl.RaftServerImpl (RaftServerImpl.java:lambda$shutdown$3(250)) - d88ca459-20d2-4f21-a4b7-d806c7c265fd@group-7372ACD755C2: shutdown
2019-11-15 20:18:01,228 [grpc-default-executor-5] INFO  util.JmxRegister (JmxRegister.java:unregister(73)) - Successfully un-registered JMX Bean with object name Ratis:service=RaftServer,group=group-7372ACD755C2,id=d88ca459-20d2-4f21-a4b7-d806c7c265fd
2019-11-15 20:18:01,228 [grpc-default-executor-5] INFO  impl.RoleInfo (RoleInfo.java:shutdownLeaderState(104)) - d88ca459-20d2-4f21-a4b7-d806c7c265fd: shutdown LeaderState
2019-11-15 20:18:01,232 [org.apache.ratis.server.impl.LogAppender$AppenderDaemon$$Lambda$442/633709551@36a393bc] WARN  server.GrpcLogAppender (GrpcLogAppender.java:mayWait(151)) - d88ca459-20d2-4f21-a4b7-d806c7c265fd@group-7372ACD755C2->f5e6ed35-042e-40b5-afb2-c30172d49513-GrpcLogAppender: Wait interrupted by java.lang.InterruptedException
2019-11-15 20:18:01,233 [org.apache.ratis.server.impl.LogAppender$AppenderDaemon$$Lambda$442/633709551@73a10b0c] WARN  server.GrpcLogAppender (GrpcLogAppender.java:mayWait(151)) - d88ca459-20d2-4f21-a4b7-d806c7c265fd@group-7372ACD755C2->c23f4e8b-a977-491c-8d15-b9b92ca8b7b3-GrpcLogAppender: Wait interrupted by java.lang.InterruptedException
2019-11-15 20:18:01,233 [grpc-default-executor-5] INFO  impl.PendingRequests (PendingRequests.java:sendNotLeaderResponses(206)) - d88ca459-20d2-4f21-a4b7-d806c7c265fd@group-7372ACD755C2-PendingRequests: sendNotLeaderResponses
2019-11-15 20:18:01,233 [grpc-default-executor-5] INFO  impl.StateMachineUpdater (StateMachineUpdater.java:stopAndJoin(136)) - d88ca459-20d2-4f21-a4b7-d806c7c265fd@group-7372ACD755C2-StateMachineUpdater: set stopIndex = 0
2019-11-15 20:18:01,233 [grpc-default-executor-1] INFO  server.GrpcServerProtocolService (GrpcServerProtocolService.java:onCompleted(113)) - c23f4e8b-a977-491c-8d15-b9b92ca8b7b3: Completed APPEND_ENTRIES, lastRequest: d88ca459-20d2-4f21-a4b7-d806c7c265fd->c23f4e8b-a977-491c-8d15-b9b92ca8b7b3#3-t1, previous=(t:1, i:0), leaderCommit=0, initializing? false, entries: <empty>
2019-11-15 20:18:01,233 [grpc-default-executor-0] INFO  server.GrpcServerProtocolService (GrpcServerProtocolService.java:onCompleted(113)) - f5e6ed35-042e-40b5-afb2-c30172d49513: Completed APPEND_ENTRIES, lastRequest: d88ca459-20d2-4f21-a4b7-d806c7c265fd->f5e6ed35-042e-40b5-afb2-c30172d49513#3-t1, previous=(t:1, i:0), leaderCommit=0, initializing? false, entries: <empty>
2019-11-15 20:18:01,234 [grpc-default-executor-5] INFO  impl.RaftServerImpl (ServerState.java:close(387)) - d88ca459-20d2-4f21-a4b7-d806c7c265fd@group-7372ACD755C2: closes. applyIndex: 0
2019-11-15 20:18:01,234 [grpc-default-executor-1] INFO  server.GrpcLogAppender (GrpcLogAppender.java:onCompleted(308)) - d88ca459-20d2-4f21-a4b7-d806c7c265fd@group-7372ACD755C2->c23f4e8b-a977-491c-8d15-b9b92ca8b7b3-AppendLogResponseHandler: follower responses appendEntries COMPLETED
2019-11-15 20:18:01,234 [grpc-default-executor-4] INFO  server.GrpcLogAppender (GrpcLogAppender.java:onCompleted(308)) - d88ca459-20d2-4f21-a4b7-d806c7c265fd@group-7372ACD755C2->f5e6ed35-042e-40b5-afb2-c30172d49513-AppendLogResponseHandler: follower responses appendEntries COMPLETED
2019-11-15 20:18:01,234 [d88ca459-20d2-4f21-a4b7-d806c7c265fd@group-7372ACD755C2-SegmentedRaftLogWorker] INFO  segmented.SegmentedRaftLogWorker (SegmentedRaftLogWorker.java:run(316)) - d88ca459-20d2-4f21-a4b7-d806c7c265fd@group-7372ACD755C2-SegmentedRaftLogWorker was interrupted, exiting. There are 0 tasks remaining in the queue.
2019-11-15 20:18:01,235 [grpc-default-executor-1] INFO  impl.FollowerInfo (FollowerInfo.java:lambda$new$0(51)) - d88ca459-20d2-4f21-a4b7-d806c7c265fd@group-7372ACD755C2->c23f4e8b-a977-491c-8d15-b9b92ca8b7b3: nextIndex: updateUnconditionally 1 -> 0
2019-11-15 20:18:01,235 [grpc-default-executor-4] INFO  impl.FollowerInfo (FollowerInfo.java:lambda$new$0(51)) - d88ca459-20d2-4f21-a4b7-d806c7c265fd@group-7372ACD755C2->f5e6ed35-042e-40b5-afb2-c30172d49513: nextIndex: updateUnconditionally 1 -> 0
2019-11-15 20:18:01,236 [grpc-default-executor-5] INFO  segmented.SegmentedRaftLogWorker (SegmentedRaftLogWorker.java:close(224)) - d88ca459-20d2-4f21-a4b7-d806c7c265fd@group-7372ACD755C2-SegmentedRaftLogWorker close()
2019-11-15 20:18:01,245 [grpc-default-executor-5] INFO  impl.RaftServerProxy (RaftServerProxy.java:remove(95)) - f5e6ed35-042e-40b5-afb2-c30172d49513: remove  FOLLOWER f5e6ed35-042e-40b5-afb2-c30172d49513@group-7372ACD755C2:t1, leader=d88ca459-20d2-4f21-a4b7-d806c7c265fd, voted=f5e6ed35-042e-40b5-afb2-c30172d49513, raftlog=f5e6ed35-042e-40b5-afb2-c30172d49513@group-7372ACD755C2-SegmentedRaftLog:OPENED:c0,f0,i0, conf=0: [f5e6ed35-042e-40b5-afb2-c30172d49513:192.168.69.94:39593, c23f4e8b-a977-491c-8d15-b9b92ca8b7b3:192.168.69.94:37963, d88ca459-20d2-4f21-a4b7-d806c7c265fd:192.168.69.94:38325], old=null RUNNING
2019-11-15 20:18:01,245 [grpc-default-executor-5] INFO  impl.RaftServerImpl (RaftServerImpl.java:lambda$shutdown$3(250)) - f5e6ed35-042e-40b5-afb2-c30172d49513@group-7372ACD755C2: shutdown
2019-11-15 20:18:01,245 [grpc-default-executor-5] INFO  util.JmxRegister (JmxRegister.java:unregister(73)) - Successfully un-registered JMX Bean with object name Ratis:service=RaftServer,group=group-7372ACD755C2,id=f5e6ed35-042e-40b5-afb2-c30172d49513
2019-11-15 20:18:01,245 [grpc-default-executor-5] INFO  impl.RoleInfo (RoleInfo.java:shutdownFollowerState(121)) - f5e6ed35-042e-40b5-afb2-c30172d49513: shutdown FollowerState
2019-11-15 20:18:01,245 [grpc-default-executor-5] INFO  impl.StateMachineUpdater (StateMachineUpdater.java:stopAndJoin(136)) - f5e6ed35-042e-40b5-afb2-c30172d49513@group-7372ACD755C2-StateMachineUpdater: set stopIndex = 0
2019-11-15 20:18:01,245 [Thread-1349] INFO  impl.FollowerState (FollowerState.java:run(120)) - f5e6ed35-042e-40b5-afb2-c30172d49513@group-7372ACD755C2-FollowerState was interrupted: java.lang.InterruptedException: sleep interrupted
2019-11-15 20:18:01,246 [grpc-default-executor-5] INFO  impl.RaftServerImpl (ServerState.java:close(387)) - f5e6ed35-042e-40b5-afb2-c30172d49513@group-7372ACD755C2: closes. applyIndex: 0
2019-11-15 20:18:01,246 [f5e6ed35-042e-40b5-afb2-c30172d49513@group-7372ACD755C2-SegmentedRaftLogWorker] INFO  segmented.SegmentedRaftLogWorker (SegmentedRaftLogWorker.java:run(316)) - f5e6ed35-042e-40b5-afb2-c30172d49513@group-7372ACD755C2-SegmentedRaftLogWorker was interrupted, exiting. There are 0 tasks remaining in the queue.
2019-11-15 20:18:01,249 [grpc-default-executor-5] INFO  segmented.SegmentedRaftLogWorker (SegmentedRaftLogWorker.java:close(224)) - f5e6ed35-042e-40b5-afb2-c30172d49513@group-7372ACD755C2-SegmentedRaftLogWorker close()
2019-11-15 20:18:01,279 [Thread-1235] INFO  pipeline.PipelineStateManager (PipelineStateManager.java:removePipeline(106)) - Pipeline Pipeline[ Id: 829d6133-c088-452a-b17b-7372acd755c2, Nodes: c23f4e8b-a977-491c-8d15-b9b92ca8b7b3{ip: 192.168.69.94, host: pr-hdds-2517-immreturn-vbf9m-3344069096, networkLocation: /rack1, certSerialId: null}d88ca459-20d2-4f21-a4b7-d806c7c265fd{ip: 192.168.69.94, host: pr-hdds-2517-immreturn-vbf9m-3344069096, networkLocation: /rack1, certSerialId: null}f5e6ed35-042e-40b5-afb2-c30172d49513{ip: 192.168.69.94, host: pr-hdds-2517-immreturn-vbf9m-3344069096, networkLocation: /rack1, certSerialId: null}, Type:RATIS, Factor:THREE, State:CLOSED] removed from db
2019-11-15 20:18:01,279 [Thread-1235] INFO  pipeline.SCMPipelineManager (SCMPipelineManager.java:finalizeAndDestroyPipeline(315)) - destroying pipeline:Pipeline[ Id: 12c2b324-2339-4704-b229-f361cd69a32c, Nodes: 1acd8ba6-dda5-4cb5-b2f0-bb88a33d5541{ip: 192.168.69.94, host: pr-hdds-2517-immreturn-vbf9m-3344069096, networkLocation: /rack1, certSerialId: null}, Type:RATIS, Factor:ONE, State:OPEN]
2019-11-15 20:18:01,285 [grpc-default-executor-5] INFO  impl.RaftServerProxy (RaftServerProxy.java:addNew(89)) - c23f4e8b-a977-491c-8d15-b9b92ca8b7b3: addNew group-B5CA401D5779:[f5e6ed35-042e-40b5-afb2-c30172d49513:192.168.69.94:39593, c23f4e8b-a977-491c-8d15-b9b92ca8b7b3:192.168.69.94:37963, d88ca459-20d2-4f21-a4b7-d806c7c265fd:192.168.69.94:38325] returns group-B5CA401D5779:java.util.concurrent.CompletableFuture@7c63e0fd[Not completed]
2019-11-15 20:18:01,285 [grpc-default-executor-4] INFO  impl.RaftServerProxy (RaftServerProxy.java:addNew(89)) - d88ca459-20d2-4f21-a4b7-d806c7c265fd: addNew group-B5CA401D5779:[f5e6ed35-042e-40b5-afb2-c30172d49513:192.168.69.94:39593, c23f4e8b-a977-491c-8d15-b9b92ca8b7b3:192.168.69.94:37963, d88ca459-20d2-4f21-a4b7-d806c7c265fd:192.168.69.94:38325] returns group-B5CA401D5779:java.util.concurrent.CompletableFuture@7cf64783[Not completed]
2019-11-15 20:18:01,285 [grpc-default-executor-1] INFO  impl.RaftServerProxy (RaftServerProxy.java:addNew(89)) - f5e6ed35-042e-40b5-afb2-c30172d49513: addNew group-B5CA401D5779:[f5e6ed35-042e-40b5-afb2-c30172d49513:192.168.69.94:39593, c23f4e8b-a977-491c-8d15-b9b92ca8b7b3:192.168.69.94:37963, d88ca459-20d2-4f21-a4b7-d806c7c265fd:192.168.69.94:38325] returns group-B5CA401D5779:java.util.concurrent.CompletableFuture@39815b86[Not completed]
2019-11-15 20:18:01,286 [pool-189-thread-1] INFO  impl.RaftServerImpl (RaftServerImpl.java:<init>(98)) - c23f4e8b-a977-491c-8d15-b9b92ca8b7b3: new RaftServerImpl for group-B5CA401D5779:[f5e6ed35-042e-40b5-afb2-c30172d49513:192.168.69.94:39593, c23f4e8b-a977-491c-8d15-b9b92ca8b7b3:192.168.69.94:37963, d88ca459-20d2-4f21-a4b7-d806c7c265fd:192.168.69.94:38325] with ContainerStateMachine:uninitialized
2019-11-15 20:18:01,286 [pool-189-thread-1] INFO  server.RaftServerConfigKeys (ConfUtils.java:logGet(43)) - raft.server.rpc.timeout.min = 1s (custom)
2019-11-15 20:18:01,286 [pool-189-thread-1] INFO  server.RaftServerConfigKeys (ConfUtils.java:logGet(43)) - raft.server.rpc.timeout.max = 1200ms (custom)
2019-11-15 20:18:01,287 [pool-189-thread-1] INFO  server.RaftServerConfigKeys (ConfUtils.java:logGet(43)) - raft.server.rpcslowness.timeout = 120s (custom)
2019-11-15 20:18:01,287 [pool-189-thread-1] INFO  server.RaftServerConfigKeys (ConfUtils.java:logGet(43)) - raft.server.sleep.deviation.threshold = 300 (default)
2019-11-15 20:18:01,287 [pool-189-thread-1] INFO  server.RaftServerConfigKeys (ConfUtils.java:logGet(43)) - raft.server.log.appender.install.snapshot.enabled = false (custom)
2019-11-15 20:18:01,287 [pool-179-thread-1] INFO  impl.RaftServerImpl (RaftServerImpl.java:<init>(98)) - f5e6ed35-042e-40b5-afb2-c30172d49513: new RaftServerImpl for group-B5CA401D5779:[f5e6ed35-042e-40b5-afb2-c30172d49513:192.168.69.94:39593, c23f4e8b-a977-491c-8d15-b9b92ca8b7b3:192.168.69.94:37963, d88ca459-20d2-4f21-a4b7-d806c7c265fd:192.168.69.94:38325] with ContainerStateMachine:uninitialized
2019-11-15 20:18:01,287 [pool-189-thread-1] INFO  impl.RaftServerImpl (ServerState.java:<init>(103)) - c23f4e8b-a977-491c-8d15-b9b92ca8b7b3@group-B5CA401D5779: ConfigurationManager, init=-1: [f5e6ed35-042e-40b5-afb2-c30172d49513:192.168.69.94:39593, c23f4e8b-a977-491c-8d15-b9b92ca8b7b3:192.168.69.94:37963, d88ca459-20d2-4f21-a4b7-d806c7c265fd:192.168.69.94:38325], old=null, confs=<EMPTY_MAP>
2019-11-15 20:18:01,287 [pool-179-thread-1] INFO  server.RaftServerConfigKeys (ConfUtils.java:logGet(43)) - raft.server.rpc.timeout.min = 1s (custom)
2019-11-15 20:18:01,287 [pool-189-thread-1] INFO  server.RaftServerConfigKeys (ConfUtils.java:logGet(43)) - raft.server.storage.dir = [/workdir/hadoop-ozone/integration-test/target/test-dir/MiniOzoneClusterImpl-cd14858e-7fd2-404c-93a1-487d1243ff76/datanode-4/data/ratis] (custom)
2019-11-15 20:18:01,287 [pool-179-thread-1] INFO  server.RaftServerConfigKeys (ConfUtils.java:logGet(43)) - raft.server.rpc.timeout.max = 1200ms (custom)
2019-11-15 20:18:01,287 [pool-179-thread-1] INFO  server.RaftServerConfigKeys (ConfUtils.java:logGet(43)) - raft.server.rpcslowness.timeout = 120s (custom)
2019-11-15 20:18:01,287 [pool-179-thread-1] INFO  server.RaftServerConfigKeys (ConfUtils.java:logGet(43)) - raft.server.sleep.deviation.threshold = 300 (default)
2019-11-15 20:18:01,287 [pool-189-thread-1] INFO  server.RaftServerConfigKeys (ConfUtils.java:logGet(43)) - raft.server.log.corruption.policy = EXCEPTION (default)
2019-11-15 20:18:01,287 [pool-209-thread-1] INFO  impl.RaftServerImpl (RaftServerImpl.java:<init>(98)) - d88ca459-20d2-4f21-a4b7-d806c7c265fd: new RaftServerImpl for group-B5CA401D5779:[f5e6ed35-042e-40b5-afb2-c30172d49513:192.168.69.94:39593, c23f4e8b-a977-491c-8d15-b9b92ca8b7b3:192.168.69.94:37963, d88ca459-20d2-4f21-a4b7-d806c7c265fd:192.168.69.94:38325] with ContainerStateMachine:uninitialized
2019-11-15 20:18:01,287 [pool-179-thread-1] INFO  server.RaftServerConfigKeys (ConfUtils.java:logGet(43)) - raft.server.log.appender.install.snapshot.enabled = false (custom)
2019-11-15 20:18:01,287 [pool-209-thread-1] INFO  server.RaftServerConfigKeys (ConfUtils.java:logGet(43)) - raft.server.rpc.timeout.min = 1s (custom)
2019-11-15 20:18:01,287 [pool-189-thread-1] INFO  storage.RaftStorageDirectory (RaftStorageDirectory.java:analyzeStorage(246)) - The storage directory /workdir/hadoop-ozone/integration-test/target/test-dir/MiniOzoneClusterImpl-cd14858e-7fd2-404c-93a1-487d1243ff76/datanode-4/data/ratis/89c7cb26-2486-4a5a-a76c-b5ca401d5779 does not exist. Creating ...
2019-11-15 20:18:01,287 [pool-209-thread-1] INFO  server.RaftServerConfigKeys (ConfUtils.java:logGet(43)) - raft.server.rpc.timeout.max = 1200ms (custom)
2019-11-15 20:18:01,287 [pool-179-thread-1] INFO  impl.RaftServerImpl (ServerState.java:<init>(103)) - f5e6ed35-042e-40b5-afb2-c30172d49513@group-B5CA401D5779: ConfigurationManager, init=-1: [f5e6ed35-042e-40b5-afb2-c30172d49513:192.168.69.94:39593, c23f4e8b-a977-491c-8d15-b9b92ca8b7b3:192.168.69.94:37963, d88ca459-20d2-4f21-a4b7-d806c7c265fd:192.168.69.94:38325], old=null, confs=<EMPTY_MAP>
2019-11-15 20:18:01,288 [pool-209-thread-1] INFO  server.RaftServerConfigKeys (ConfUtils.java:logGet(43)) - raft.server.rpcslowness.timeout = 120s (custom)
2019-11-15 20:18:01,288 [pool-179-thread-1] INFO  server.RaftServerConfigKeys (ConfUtils.java:logGet(43)) - raft.server.storage.dir = [/workdir/hadoop-ozone/integration-test/target/test-dir/MiniOzoneClusterImpl-cd14858e-7fd2-404c-93a1-487d1243ff76/datanode-3/data/ratis] (custom)
2019-11-15 20:18:01,288 [pool-209-thread-1] INFO  server.RaftServerConfigKeys (ConfUtils.java:logGet(43)) - raft.server.sleep.deviation.threshold = 300 (default)
2019-11-15 20:18:01,288 [pool-179-thread-1] INFO  server.RaftServerConfigKeys (ConfUtils.java:logGet(43)) - raft.server.log.corruption.policy = EXCEPTION (default)
2019-11-15 20:18:01,288 [pool-209-thread-1] INFO  server.RaftServerConfigKeys (ConfUtils.java:logGet(43)) - raft.server.log.appender.install.snapshot.enabled = false (custom)
2019-11-15 20:18:01,288 [pool-179-thread-1] INFO  storage.RaftStorageDirectory (RaftStorageDirectory.java:analyzeStorage(246)) - The storage directory /workdir/hadoop-ozone/integration-test/target/test-dir/MiniOzoneClusterImpl-cd14858e-7fd2-404c-93a1-487d1243ff76/datanode-3/data/ratis/89c7cb26-2486-4a5a-a76c-b5ca401d5779 does not exist. Creating ...
2019-11-15 20:18:01,288 [pool-209-thread-1] INFO  impl.RaftServerImpl (ServerState.java:<init>(103)) - d88ca459-20d2-4f21-a4b7-d806c7c265fd@group-B5CA401D5779: ConfigurationManager, init=-1: [f5e6ed35-042e-40b5-afb2-c30172d49513:192.168.69.94:39593, c23f4e8b-a977-491c-8d15-b9b92ca8b7b3:192.168.69.94:37963, d88ca459-20d2-4f21-a4b7-d806c7c265fd:192.168.69.94:38325], old=null, confs=<EMPTY_MAP>
2019-11-15 20:18:01,288 [pool-209-thread-1] INFO  server.RaftServerConfigKeys (ConfUtils.java:logGet(43)) - raft.server.storage.dir = [/workdir/hadoop-ozone/integration-test/target/test-dir/MiniOzoneClusterImpl-cd14858e-7fd2-404c-93a1-487d1243ff76/datanode-6/data/ratis] (custom)
2019-11-15 20:18:01,288 [pool-209-thread-1] INFO  server.RaftServerConfigKeys (ConfUtils.java:logGet(43)) - raft.server.log.corruption.policy = EXCEPTION (default)
2019-11-15 20:18:01,288 [pool-209-thread-1] INFO  storage.RaftStorageDirectory (RaftStorageDirectory.java:analyzeStorage(246)) - The storage directory /workdir/hadoop-ozone/integration-test/target/test-dir/MiniOzoneClusterImpl-cd14858e-7fd2-404c-93a1-487d1243ff76/datanode-6/data/ratis/89c7cb26-2486-4a5a-a76c-b5ca401d5779 does not exist. Creating ...
2019-11-15 20:18:01,312 [pool-209-thread-1] INFO  storage.RaftStorageDirectory (RaftStorageDirectory.java:tryLock(328)) - Lock on /workdir/hadoop-ozone/integration-test/target/test-dir/MiniOzoneClusterImpl-cd14858e-7fd2-404c-93a1-487d1243ff76/datanode-6/data/ratis/89c7cb26-2486-4a5a-a76c-b5ca401d5779/in_use.lock acquired by nodename 23188@pr-hdds-2517-immreturn-vbf9m-3344069096
2019-11-15 20:18:01,312 [pool-179-thread-1] INFO  storage.RaftStorageDirectory (RaftStorageDirectory.java:tryLock(328)) - Lock on /workdir/hadoop-ozone/integration-test/target/test-dir/MiniOzoneClusterImpl-cd14858e-7fd2-404c-93a1-487d1243ff76/datanode-3/data/ratis/89c7cb26-2486-4a5a-a76c-b5ca401d5779/in_use.lock acquired by nodename 23188@pr-hdds-2517-immreturn-vbf9m-3344069096
2019-11-15 20:18:01,312 [pool-189-thread-1] INFO  storage.RaftStorageDirectory (RaftStorageDirectory.java:tryLock(328)) - Lock on /workdir/hadoop-ozone/integration-test/target/test-dir/MiniOzoneClusterImpl-cd14858e-7fd2-404c-93a1-487d1243ff76/datanode-4/data/ratis/89c7cb26-2486-4a5a-a76c-b5ca401d5779/in_use.lock acquired by nodename 23188@pr-hdds-2517-immreturn-vbf9m-3344069096
2019-11-15 20:18:01,336 [pool-179-thread-1] INFO  storage.RaftStorage (RaftStorage.java:format(84)) - Storage directory /workdir/hadoop-ozone/integration-test/target/test-dir/MiniOzoneClusterImpl-cd14858e-7fd2-404c-93a1-487d1243ff76/datanode-3/data/ratis/89c7cb26-2486-4a5a-a76c-b5ca401d5779 has been successfully formatted.
2019-11-15 20:18:01,337 [pool-209-thread-1] INFO  storage.RaftStorage (RaftStorage.java:format(84)) - Storage directory /workdir/hadoop-ozone/integration-test/target/test-dir/MiniOzoneClusterImpl-cd14858e-7fd2-404c-93a1-487d1243ff76/datanode-6/data/ratis/89c7cb26-2486-4a5a-a76c-b5ca401d5779 has been successfully formatted.
2019-11-15 20:18:01,339 [pool-189-thread-1] INFO  storage.RaftStorage (RaftStorage.java:format(84)) - Storage directory /workdir/hadoop-ozone/integration-test/target/test-dir/MiniOzoneClusterImpl-cd14858e-7fd2-404c-93a1-487d1243ff76/datanode-4/data/ratis/89c7cb26-2486-4a5a-a76c-b5ca401d5779 has been successfully formatted.
2019-11-15 20:18:01,339 [pool-179-thread-1] INFO  ratis.ContainerStateMachine (ContainerStateMachine.java:loadSnapshot(223)) - group-B5CA401D5779: The snapshot info is null. Setting the last applied indexto:(t:0, i:~)
2019-11-15 20:18:01,339 [pool-209-thread-1] INFO  ratis.ContainerStateMachine (ContainerStateMachine.java:loadSnapshot(223)) - group-B5CA401D5779: The snapshot info is null. Setting the last applied indexto:(t:0, i:~)
2019-11-15 20:18:01,340 [pool-209-thread-1] INFO  server.RaftServerConfigKeys (ConfUtils.java:logGet(43)) - raft.server.notification.no-leader.timeout = 120s (custom)
2019-11-15 20:18:01,339 [pool-179-thread-1] INFO  server.RaftServerConfigKeys (ConfUtils.java:logGet(43)) - raft.server.notification.no-leader.timeout = 120s (custom)
2019-11-15 20:18:01,340 [pool-209-thread-1] INFO  server.RaftServerConfigKeys (ConfUtils.java:logGet(43)) - raft.server.log.use.memory = false (default)
2019-11-15 20:18:01,340 [pool-179-thread-1] INFO  server.RaftServerConfigKeys (ConfUtils.java:logGet(43)) - raft.server.log.use.memory = false (default)
2019-11-15 20:18:01,340 [pool-209-thread-1] INFO  server.RaftServerConfigKeys (ConfUtils.java:logGet(43)) - raft.server.log.purge.gap = 1000000 (custom)
2019-11-15 20:18:01,340 [pool-209-thread-1] INFO  server.RaftServerConfigKeys (ConfUtils.java:logGet(43)) - raft.server.log.appender.buffer.byte-limit = 33554432 (custom)
2019-11-15 20:18:01,340 [pool-209-thread-1] INFO  server.RaftServerConfigKeys (ConfUtils.java:logGet(43)) - raft.server.log.segment.size.max = 1048576 (custom)
2019-11-15 20:18:01,340 [pool-179-thread-1] INFO  server.RaftServerConfigKeys (ConfUtils.java:logGet(43)) - raft.server.log.purge.gap = 1000000 (custom)
2019-11-15 20:18:01,341 [pool-209-thread-1] INFO  server.RaftServerConfigKeys (ConfUtils.java:logGet(43)) - raft.server.log.segment.cache.num.max = 2 (custom)
2019-11-15 20:18:01,340 [pool-189-thread-1] INFO  ratis.ContainerStateMachine (ContainerStateMachine.java:loadSnapshot(223)) - group-B5CA401D5779: The snapshot info is null. Setting the last applied indexto:(t:0, i:~)
2019-11-15 20:18:01,341 [pool-209-thread-1] INFO  segmented.SegmentedRaftLogWorker (SegmentedRaftLogWorker.java:<init>(173)) - new d88ca459-20d2-4f21-a4b7-d806c7c265fd@group-B5CA401D5779-SegmentedRaftLogWorker for RaftStorage:Storage Directory /workdir/hadoop-ozone/integration-test/target/test-dir/MiniOzoneClusterImpl-cd14858e-7fd2-404c-93a1-487d1243ff76/datanode-6/data/ratis/89c7cb26-2486-4a5a-a76c-b5ca401d5779
2019-11-15 20:18:01,341 [pool-179-thread-1] INFO  server.RaftServerConfigKeys (ConfUtils.java:logGet(43)) - raft.server.log.appender.buffer.byte-limit = 33554432 (custom)
2019-11-15 20:18:01,341 [pool-209-thread-1] INFO  server.RaftServerConfigKeys (ConfUtils.java:logGet(43)) - raft.server.log.queue.byte-limit = 2147483647 (custom)
2019-11-15 20:18:01,341 [pool-209-thread-1] INFO  server.RaftServerConfigKeys (ConfUtils.java:logGet(43)) - raft.server.log.queue.element-limit = 1024 (custom)
2019-11-15 20:18:01,341 [pool-189-thread-1] INFO  server.RaftServerConfigKeys (ConfUtils.java:logGet(43)) - raft.server.notification.no-leader.timeout = 120s (custom)
2019-11-15 20:18:01,342 [pool-189-thread-1] INFO  server.RaftServerConfigKeys (ConfUtils.java:logGet(43)) - raft.server.log.use.memory = false (default)
2019-11-15 20:18:01,341 [pool-179-thread-1] INFO  server.RaftServerConfigKeys (ConfUtils.java:logGet(43)) - raft.server.log.segment.size.max = 1048576 (custom)
2019-11-15 20:18:01,342 [pool-189-thread-1] INFO  server.RaftServerConfigKeys (ConfUtils.java:logGet(43)) - raft.server.log.purge.gap = 1000000 (custom)
2019-11-15 20:18:01,342 [pool-209-thread-1] INFO  server.RaftServerConfigKeys (ConfUtils.java:logGet(43)) - raft.server.log.segment.size.max = 1048576 (custom)
2019-11-15 20:18:01,342 [pool-189-thread-1] INFO  server.RaftServerConfigKeys (ConfUtils.java:logGet(43)) - raft.server.log.appender.buffer.byte-limit = 33554432 (custom)
2019-11-15 20:18:01,342 [pool-179-thread-1] INFO  server.RaftServerConfigKeys (ConfUtils.java:logGet(43)) - raft.server.log.segment.cache.num.max = 2 (custom)
2019-11-15 20:18:01,342 [pool-189-thread-1] INFO  server.RaftServerConfigKeys (ConfUtils.java:logGet(43)) - raft.server.log.segment.size.max = 1048576 (custom)
2019-11-15 20:18:01,342 [pool-209-thread-1] INFO  server.RaftServerConfigKeys (ConfUtils.java:logGet(43)) - raft.server.log.preallocated.size = 16384 (custom)
2019-11-15 20:18:01,343 [pool-189-thread-1] INFO  server.RaftServerConfigKeys (ConfUtils.java:logGet(43)) - raft.server.log.segment.cache.num.max = 2 (custom)
2019-11-15 20:18:01,342 [pool-179-thread-1] INFO  segmented.SegmentedRaftLogWorker (SegmentedRaftLogWorker.java:<init>(173)) - new f5e6ed35-042e-40b5-afb2-c30172d49513@group-B5CA401D5779-SegmentedRaftLogWorker for RaftStorage:Storage Directory /workdir/hadoop-ozone/integration-test/target/test-dir/MiniOzoneClusterImpl-cd14858e-7fd2-404c-93a1-487d1243ff76/datanode-3/data/ratis/89c7cb26-2486-4a5a-a76c-b5ca401d5779
2019-11-15 20:18:01,343 [pool-189-thread-1] INFO  segmented.SegmentedRaftLogWorker (SegmentedRaftLogWorker.java:<init>(173)) - new c23f4e8b-a977-491c-8d15-b9b92ca8b7b3@group-B5CA401D5779-SegmentedRaftLogWorker for RaftStorage:Storage Directory /workdir/hadoop-ozone/integration-test/target/test-dir/MiniOzoneClusterImpl-cd14858e-7fd2-404c-93a1-487d1243ff76/datanode-4/data/ratis/89c7cb26-2486-4a5a-a76c-b5ca401d5779
2019-11-15 20:18:01,343 [pool-209-thread-1] INFO  server.RaftServerConfigKeys (ConfUtils.java:logGet(43)) - raft.server.log.write.buffer.size = 33554432 (custom)
2019-11-15 20:18:01,343 [pool-189-thread-1] INFO  server.RaftServerConfigKeys (ConfUtils.java:logGet(43)) - raft.server.log.queue.byte-limit = 2147483647 (custom)
2019-11-15 20:18:01,343 [pool-179-thread-1] INFO  server.RaftServerConfigKeys (ConfUtils.java:logGet(43)) - raft.server.log.queue.byte-limit = 2147483647 (custom)
2019-11-15 20:18:01,343 [pool-189-thread-1] INFO  server.RaftServerConfigKeys (ConfUtils.java:logGet(43)) - raft.server.log.queue.element-limit = 1024 (custom)
2019-11-15 20:18:01,343 [pool-209-thread-1] INFO  server.RaftServerConfigKeys (ConfUtils.java:logGet(43)) - raft.server.log.force.sync.num = 128 (default)
2019-11-15 20:18:01,343 [pool-189-thread-1] INFO  server.RaftServerConfigKeys (ConfUtils.java:logGet(43)) - raft.server.log.segment.size.max = 1048576 (custom)
2019-11-15 20:18:01,343 [pool-179-thread-1] INFO  server.RaftServerConfigKeys (ConfUtils.java:logGet(43)) - raft.server.log.queue.element-limit = 1024 (custom)
2019-11-15 20:18:01,343 [pool-189-thread-1] INFO  server.RaftServerConfigKeys (ConfUtils.java:logGet(43)) - raft.server.log.preallocated.size = 16384 (custom)
2019-11-15 20:18:01,343 [pool-209-thread-1] INFO  server.RaftServerConfigKeys (ConfUtils.java:logGet(43)) - raft.server.log.statemachine.data.sync = true (default)
2019-11-15 20:18:01,344 [pool-189-thread-1] INFO  server.RaftServerConfigKeys (ConfUtils.java:logGet(43)) - raft.server.log.write.buffer.size = 33554432 (custom)
2019-11-15 20:18:01,344 [pool-179-thread-1] INFO  server.RaftServerConfigKeys (ConfUtils.java:logGet(43)) - raft.server.log.segment.size.max = 1048576 (custom)
2019-11-15 20:18:01,344 [pool-189-thread-1] INFO  server.RaftServerConfigKeys (ConfUtils.java:logGet(43)) - raft.server.log.force.sync.num = 128 (default)
2019-11-15 20:18:01,344 [pool-209-thread-1] INFO  server.RaftServerConfigKeys (ConfUtils.java:logGet(43)) - raft.server.log.statemachine.data.sync.timeout = 10s (default)
2019-11-15 20:18:01,344 [pool-189-thread-1] INFO  server.RaftServerConfigKeys (ConfUtils.java:logGet(43)) - raft.server.log.statemachine.data.sync = true (default)
2019-11-15 20:18:01,344 [pool-179-thread-1] INFO  server.RaftServerConfigKeys (ConfUtils.java:logGet(43)) - raft.server.log.preallocated.size = 16384 (custom)
2019-11-15 20:18:01,344 [pool-179-thread-1] INFO  server.RaftServerConfigKeys (ConfUtils.java:logGet(43)) - raft.server.log.write.buffer.size = 33554432 (custom)
2019-11-15 20:18:01,344 [pool-189-thread-1] INFO  server.RaftServerConfigKeys (ConfUtils.java:logGet(43)) - raft.server.log.statemachine.data.sync.timeout = 10s (default)
2019-11-15 20:18:01,344 [pool-209-thread-1] INFO  server.RaftServerConfigKeys (ConfUtils.java:logGet(43)) - raft.server.log.statemachine.data.sync.timeout.retry = -1 (default)
2019-11-15 20:18:01,344 [pool-189-thread-1] INFO  server.RaftServerConfigKeys (ConfUtils.java:logGet(43)) - raft.server.log.statemachine.data.sync.timeout.retry = -1 (default)
2019-11-15 20:18:01,344 [pool-179-thread-1] INFO  server.RaftServerConfigKeys (ConfUtils.java:logGet(43)) - raft.server.log.force.sync.num = 128 (default)
2019-11-15 20:18:01,345 [pool-189-thread-1] INFO  server.RaftServerConfigKeys (ConfUtils.java:logGet(43)) - raft.server.log.statemachine.data.caching.enabled = true (custom)
2019-11-15 20:18:01,345 [pool-209-thread-1] INFO  server.RaftServerConfigKeys (ConfUtils.java:logGet(43)) - raft.server.log.statemachine.data.caching.enabled = true (custom)
2019-11-15 20:18:01,345 [pool-179-thread-1] INFO  server.RaftServerConfigKeys (ConfUtils.java:logGet(43)) - raft.server.log.statemachine.data.sync = true (default)
2019-11-15 20:18:01,345 [pool-189-thread-1] INFO  segmented.SegmentedRaftLogWorker (SegmentedRaftLogWorker.java:lambda$new$0(128)) - c23f4e8b-a977-491c-8d15-b9b92ca8b7b3@group-B5CA401D5779-SegmentedRaftLogWorker: flushIndex: setUnconditionally 0 -> -1
2019-11-15 20:18:01,345 [pool-179-thread-1] INFO  server.RaftServerConfigKeys (ConfUtils.java:logGet(43)) - raft.server.log.statemachine.data.sync.timeout = 10s (default)
2019-11-15 20:18:01,345 [pool-209-thread-1] INFO  segmented.SegmentedRaftLogWorker (SegmentedRaftLogWorker.java:lambda$new$0(128)) - d88ca459-20d2-4f21-a4b7-d806c7c265fd@group-B5CA401D5779-SegmentedRaftLogWorker: flushIndex: setUnconditionally 0 -> -1
2019-11-15 20:18:01,345 [pool-189-thread-1] INFO  server.RaftServerConfigKeys (ConfUtils.java:logGet(43)) - raft.server.snapshot.auto.trigger.enabled = true (custom)
2019-11-15 20:18:01,345 [pool-179-thread-1] INFO  server.RaftServerConfigKeys (ConfUtils.java:logGet(43)) - raft.server.log.statemachine.data.sync.timeout.retry = -1 (default)
2019-11-15 20:18:01,345 [pool-209-thread-1] INFO  server.RaftServerConfigKeys (ConfUtils.java:logGet(43)) - raft.server.snapshot.auto.trigger.enabled = true (custom)
2019-11-15 20:18:01,345 [pool-189-thread-1] INFO  server.RaftServerConfigKeys (ConfUtils.java:logGet(43)) - raft.server.snapshot.auto.trigger.threshold = 10000 (custom)
2019-11-15 20:18:01,346 [pool-209-thread-1] INFO  server.RaftServerConfigKeys (ConfUtils.java:logGet(43)) - raft.server.snapshot.auto.trigger.threshold = 10000 (custom)
2019-11-15 20:18:01,345 [pool-179-thread-1] INFO  server.RaftServerConfigKeys (ConfUtils.java:logGet(43)) - raft.server.log.statemachine.data.caching.enabled = true (custom)
2019-11-15 20:18:01,346 [pool-209-thread-1] INFO  server.RaftServerConfigKeys (ConfUtils.java:logGet(43)) - raft.server.snapshot.retention.file.num = 5 (custom)
2019-11-15 20:18:01,346 [pool-189-thread-1] INFO  server.RaftServerConfigKeys (ConfUtils.java:logGet(43)) - raft.server.snapshot.retention.file.num = 5 (custom)
2019-11-15 20:18:01,346 [pool-209-thread-1] INFO  server.RaftServerConfigKeys (ConfUtils.java:logGet(43)) - raft.server.retrycache.expirytime = 600000ms (custom)
2019-11-15 20:18:01,346 [pool-179-thread-1] INFO  segmented.SegmentedRaftLogWorker (SegmentedRaftLogWorker.java:lambda$new$0(128)) - f5e6ed35-042e-40b5-afb2-c30172d49513@group-B5CA401D5779-SegmentedRaftLogWorker: flushIndex: setUnconditionally 0 -> -1
2019-11-15 20:18:01,346 [pool-209-thread-1] WARN  impl.MetricRegistriesImpl (MetricRegistriesImpl.java:lambda$create$1(61)) - First MetricRegistry has been created without registering reporters. You may need to call MetricRegistries.global().addReportRegistration(...) before.
2019-11-15 20:18:01,346 [pool-189-thread-1] INFO  server.RaftServerConfigKeys (ConfUtils.java:logGet(43)) - raft.server.retrycache.expirytime = 600000ms (custom)
2019-11-15 20:18:01,346 [pool-209-thread-1] WARN  impl.MetricRegistriesImpl (MetricRegistriesImpl.java:lambda$create$1(61)) - First MetricRegistry has been created without registering reporters. You may need to call MetricRegistries.global().addReportRegistration(...) before.
2019-11-15 20:18:01,346 [pool-179-thread-1] INFO  server.RaftServerConfigKeys (ConfUtils.java:logGet(43)) - raft.server.snapshot.auto.trigger.enabled = true (custom)
2019-11-15 20:18:01,346 [pool-189-thread-1] WARN  impl.MetricRegistriesImpl (MetricRegistriesImpl.java:lambda$create$1(61)) - First MetricRegistry has been created without registering reporters. You may need to call MetricRegistries.global().addReportRegistration(...) before.
2019-11-15 20:18:01,346 [pool-209-thread-1] INFO  impl.RaftServerImpl (RaftServerImpl.java:start(184)) - d88ca459-20d2-4f21-a4b7-d806c7c265fd@group-B5CA401D5779: start as a follower, conf=-1: [f5e6ed35-042e-40b5-afb2-c30172d49513:192.168.69.94:39593, c23f4e8b-a977-491c-8d15-b9b92ca8b7b3:192.168.69.94:37963, d88ca459-20d2-4f21-a4b7-d806c7c265fd:192.168.69.94:38325], old=null
2019-11-15 20:18:01,346 [pool-179-thread-1] INFO  server.RaftServerConfigKeys (ConfUtils.java:logGet(43)) - raft.server.snapshot.auto.trigger.threshold = 10000 (custom)
2019-11-15 20:18:01,347 [pool-209-thread-1] INFO  impl.RaftServerImpl (RaftServerImpl.java:setRole(173)) - d88ca459-20d2-4f21-a4b7-d806c7c265fd@group-B5CA401D5779: changes role from      null to FOLLOWER at term 0 for startAsFollower
2019-11-15 20:18:01,346 [pool-189-thread-1] WARN  impl.MetricRegistriesImpl (MetricRegistriesImpl.java:lambda$create$1(61)) - First MetricRegistry has been created without registering reporters. You may need to call MetricRegistries.global().addReportRegistration(...) before.
2019-11-15 20:18:01,347 [pool-209-thread-1] INFO  impl.RoleInfo (RoleInfo.java:updateAndGet(143)) - d88ca459-20d2-4f21-a4b7-d806c7c265fd: start FollowerState
2019-11-15 20:18:01,347 [pool-189-thread-1] INFO  impl.RaftServerImpl (RaftServerImpl.java:start(184)) - c23f4e8b-a977-491c-8d15-b9b92ca8b7b3@group-B5CA401D5779: start as a follower, conf=-1: [f5e6ed35-042e-40b5-afb2-c30172d49513:192.168.69.94:39593, c23f4e8b-a977-491c-8d15-b9b92ca8b7b3:192.168.69.94:37963, d88ca459-20d2-4f21-a4b7-d806c7c265fd:192.168.69.94:38325], old=null
2019-11-15 20:18:01,347 [pool-179-thread-1] INFO  server.RaftServerConfigKeys (ConfUtils.java:logGet(43)) - raft.server.snapshot.retention.file.num = 5 (custom)
2019-11-15 20:18:01,347 [pool-189-thread-1] INFO  impl.RaftServerImpl (RaftServerImpl.java:setRole(173)) - c23f4e8b-a977-491c-8d15-b9b92ca8b7b3@group-B5CA401D5779: changes role from      null to FOLLOWER at term 0 for startAsFollower
2019-11-15 20:18:01,347 [pool-179-thread-1] INFO  server.RaftServerConfigKeys (ConfUtils.java:logGet(43)) - raft.server.retrycache.expirytime = 600000ms (custom)
2019-11-15 20:18:01,347 [pool-189-thread-1] INFO  impl.RoleInfo (RoleInfo.java:updateAndGet(143)) - c23f4e8b-a977-491c-8d15-b9b92ca8b7b3: start FollowerState
2019-11-15 20:18:01,347 [pool-209-thread-1] INFO  util.JmxRegister (JmxRegister.java:tryRegister(44)) - Successfully registered JMX Bean with object name Ratis:service=RaftServer,group=group-B5CA401D5779,id=d88ca459-20d2-4f21-a4b7-d806c7c265fd
2019-11-15 20:18:01,347 [pool-179-thread-1] WARN  impl.MetricRegistriesImpl (MetricRegistriesImpl.java:lambda$create$1(61)) - First MetricRegistry has been created without registering reporters. You may need to call MetricRegistries.global().addReportRegistration(...) before.
2019-11-15 20:18:01,347 [pool-209-thread-1] WARN  impl.MetricRegistriesImpl (MetricRegistriesImpl.java:lambda$create$1(61)) - First MetricRegistry has been created without registering reporters. You may need to call MetricRegistries.global().addReportRegistration(...) before.
2019-11-15 20:18:01,348 [pool-189-thread-1] INFO  util.JmxRegister (JmxRegister.java:tryRegister(44)) - Successfully registered JMX Bean with object name Ratis:service=RaftServer,group=group-B5CA401D5779,id=c23f4e8b-a977-491c-8d15-b9b92ca8b7b3
2019-11-15 20:18:01,347 [pool-179-thread-1] WARN  impl.MetricRegistriesImpl (MetricRegistriesImpl.java:lambda$create$1(61)) - First MetricRegistry has been created without registering reporters. You may need to call MetricRegistries.global().addReportRegistration(...) before.
2019-11-15 20:18:01,348 [pool-189-thread-1] WARN  impl.MetricRegistriesImpl (MetricRegistriesImpl.java:lambda$create$1(61)) - First MetricRegistry has been created without registering reporters. You may need to call MetricRegistries.global().addReportRegistration(...) before.
2019-11-15 20:18:01,348 [pool-179-thread-1] INFO  impl.RaftServerImpl (RaftServerImpl.java:start(184)) - f5e6ed35-042e-40b5-afb2-c30172d49513@group-B5CA401D5779: start as a follower, conf=-1: [f5e6ed35-042e-40b5-afb2-c30172d49513:192.168.69.94:39593, c23f4e8b-a977-491c-8d15-b9b92ca8b7b3:192.168.69.94:37963, d88ca459-20d2-4f21-a4b7-d806c7c265fd:192.168.69.94:38325], old=null
2019-11-15 20:18:01,348 [pool-179-thread-1] INFO  impl.RaftServerImpl (RaftServerImpl.java:setRole(173)) - f5e6ed35-042e-40b5-afb2-c30172d49513@group-B5CA401D5779: changes role from      null to FOLLOWER at term 0 for startAsFollower
2019-11-15 20:18:01,348 [pool-179-thread-1] INFO  impl.RoleInfo (RoleInfo.java:updateAndGet(143)) - f5e6ed35-042e-40b5-afb2-c30172d49513: start FollowerState
2019-11-15 20:18:01,348 [pool-179-thread-1] INFO  util.JmxRegister (JmxRegister.java:tryRegister(44)) - Successfully registered JMX Bean with object name Ratis:service=RaftServer,group=group-B5CA401D5779,id=f5e6ed35-042e-40b5-afb2-c30172d49513
2019-11-15 20:18:01,348 [pool-179-thread-1] WARN  impl.MetricRegistriesImpl (MetricRegistriesImpl.java:lambda$create$1(61)) - First MetricRegistry has been created without registering reporters. You may need to call MetricRegistries.global().addReportRegistration(...) before.
2019-11-15 20:18:01,351 [RatisPipelineUtilsThread] INFO  pipeline.PipelineStateManager (PipelineStateManager.java:addPipeline(55)) - Created pipeline Pipeline[ Id: 89c7cb26-2486-4a5a-a76c-b5ca401d5779, Nodes: c23f4e8b-a977-491c-8d15-b9b92ca8b7b3{ip: 192.168.69.94, host: pr-hdds-2517-immreturn-vbf9m-3344069096, networkLocation: /rack1, certSerialId: null}d88ca459-20d2-4f21-a4b7-d806c7c265fd{ip: 192.168.69.94, host: pr-hdds-2517-immreturn-vbf9m-3344069096, networkLocation: /rack1, certSerialId: null}f5e6ed35-042e-40b5-afb2-c30172d49513{ip: 192.168.69.94, host: pr-hdds-2517-immreturn-vbf9m-3344069096, networkLocation: /rack1, certSerialId: null}, Type:RATIS, Factor:THREE, State:ALLOCATED]
2019-11-15 20:18:01,352 [Thread-1235] INFO  pipeline.PipelineStateManager (PipelineStateManager.java:finalizePipeline(121)) - Pipeline Pipeline[ Id: 12c2b324-2339-4704-b229-f361cd69a32c, Nodes: 1acd8ba6-dda5-4cb5-b2f0-bb88a33d5541{ip: 192.168.69.94, host: pr-hdds-2517-immreturn-vbf9m-3344069096, networkLocation: /rack1, certSerialId: null}, Type:RATIS, Factor:ONE, State:CLOSED] moved to CLOSED state
2019-11-15 20:18:01,355 [grpc-default-executor-4] INFO  impl.RaftServerProxy (RaftServerProxy.java:remove(95)) - 1acd8ba6-dda5-4cb5-b2f0-bb88a33d5541: remove    LEADER 1acd8ba6-dda5-4cb5-b2f0-bb88a33d5541@group-F361CD69A32C:t1, leader=1acd8ba6-dda5-4cb5-b2f0-bb88a33d5541, voted=1acd8ba6-dda5-4cb5-b2f0-bb88a33d5541, raftlog=1acd8ba6-dda5-4cb5-b2f0-bb88a33d5541@group-F361CD69A32C-SegmentedRaftLog:OPENED:c0,f0,i0, conf=0: [1acd8ba6-dda5-4cb5-b2f0-bb88a33d5541:192.168.69.94:34837], old=null RUNNING
2019-11-15 20:18:01,356 [grpc-default-executor-4] INFO  impl.RaftServerImpl (RaftServerImpl.java:lambda$shutdown$3(250)) - 1acd8ba6-dda5-4cb5-b2f0-bb88a33d5541@group-F361CD69A32C: shutdown
2019-11-15 20:18:01,356 [grpc-default-executor-4] INFO  util.JmxRegister (JmxRegister.java:unregister(73)) - Successfully un-registered JMX Bean with object name Ratis:service=RaftServer,group=group-F361CD69A32C,id=1acd8ba6-dda5-4cb5-b2f0-bb88a33d5541
2019-11-15 20:18:01,356 [grpc-default-executor-4] INFO  impl.RoleInfo (RoleInfo.java:shutdownLeaderState(104)) - 1acd8ba6-dda5-4cb5-b2f0-bb88a33d5541: shutdown LeaderState
2019-11-15 20:18:01,356 [grpc-default-executor-4] INFO  impl.PendingRequests (PendingRequests.java:sendNotLeaderResponses(206)) - 1acd8ba6-dda5-4cb5-b2f0-bb88a33d5541@group-F361CD69A32C-PendingRequests: sendNotLeaderResponses
2019-11-15 20:18:01,356 [grpc-default-executor-4] INFO  impl.StateMachineUpdater (StateMachineUpdater.java:stopAndJoin(136)) - 1acd8ba6-dda5-4cb5-b2f0-bb88a33d5541@group-F361CD69A32C-StateMachineUpdater: set stopIndex = 0
2019-11-15 20:18:01,357 [grpc-default-executor-4] INFO  impl.RaftServerImpl (ServerState.java:close(387)) - 1acd8ba6-dda5-4cb5-b2f0-bb88a33d5541@group-F361CD69A32C: closes. applyIndex: 0
2019-11-15 20:18:01,357 [1acd8ba6-dda5-4cb5-b2f0-bb88a33d5541@group-F361CD69A32C-SegmentedRaftLogWorker] INFO  segmented.SegmentedRaftLogWorker (SegmentedRaftLogWorker.java:run(316)) - 1acd8ba6-dda5-4cb5-b2f0-bb88a33d5541@group-F361CD69A32C-SegmentedRaftLogWorker was interrupted, exiting. There are 0 tasks remaining in the queue.
2019-11-15 20:18:01,359 [grpc-default-executor-4] INFO  segmented.SegmentedRaftLogWorker (SegmentedRaftLogWorker.java:close(224)) - 1acd8ba6-dda5-4cb5-b2f0-bb88a33d5541@group-F361CD69A32C-SegmentedRaftLogWorker close()
2019-11-15 20:18:01,365 [Thread-1235] INFO  pipeline.PipelineStateManager (PipelineStateManager.java:removePipeline(106)) - Pipeline Pipeline[ Id: 12c2b324-2339-4704-b229-f361cd69a32c, Nodes: 1acd8ba6-dda5-4cb5-b2f0-bb88a33d5541{ip: 192.168.69.94, host: pr-hdds-2517-immreturn-vbf9m-3344069096, networkLocation: /rack1, certSerialId: null}, Type:RATIS, Factor:ONE, State:CLOSED] removed from db
2019-11-15 20:18:01,365 [Thread-1235] INFO  pipeline.SCMPipelineManager (SCMPipelineManager.java:finalizeAndDestroyPipeline(315)) - destroying pipeline:Pipeline[ Id: 726c3570-b083-409d-88c0-375f3f399c5e, Nodes: c23f4e8b-a977-491c-8d15-b9b92ca8b7b3{ip: 192.168.69.94, host: pr-hdds-2517-immreturn-vbf9m-3344069096, networkLocation: /rack1, certSerialId: null}, Type:RATIS, Factor:ONE, State:OPEN]
2019-11-15 20:18:01,369 [grpc-default-executor-4] INFO  impl.RaftServerProxy (RaftServerProxy.java:addNew(89)) - 1acd8ba6-dda5-4cb5-b2f0-bb88a33d5541: addNew group-B32476FDCFC9:[1acd8ba6-dda5-4cb5-b2f0-bb88a33d5541:192.168.69.94:34837] returns group-B32476FDCFC9:java.util.concurrent.CompletableFuture@4838077[Not completed]
2019-11-15 20:18:01,370 [pool-169-thread-1] INFO  impl.RaftServerImpl (RaftServerImpl.java:<init>(98)) - 1acd8ba6-dda5-4cb5-b2f0-bb88a33d5541: new RaftServerImpl for group-B32476FDCFC9:[1acd8ba6-dda5-4cb5-b2f0-bb88a33d5541:192.168.69.94:34837] with ContainerStateMachine:uninitialized
2019-11-15 20:18:01,370 [pool-169-thread-1] INFO  server.RaftServerConfigKeys (ConfUtils.java:logGet(43)) - raft.server.rpc.timeout.min = 1s (custom)
2019-11-15 20:18:01,370 [pool-169-thread-1] INFO  server.RaftServerConfigKeys (ConfUtils.java:logGet(43)) - raft.server.rpc.timeout.max = 1200ms (custom)
2019-11-15 20:18:01,370 [pool-169-thread-1] INFO  server.RaftServerConfigKeys (ConfUtils.java:logGet(43)) - raft.server.rpcslowness.timeout = 120s (custom)
2019-11-15 20:18:01,370 [pool-169-thread-1] INFO  server.RaftServerConfigKeys (ConfUtils.java:logGet(43)) - raft.server.sleep.deviation.threshold = 300 (default)
2019-11-15 20:18:01,370 [pool-169-thread-1] INFO  server.RaftServerConfigKeys (ConfUtils.java:logGet(43)) - raft.server.log.appender.install.snapshot.enabled = false (custom)
2019-11-15 20:18:01,370 [pool-169-thread-1] INFO  impl.RaftServerImpl (ServerState.java:<init>(103)) - 1acd8ba6-dda5-4cb5-b2f0-bb88a33d5541@group-B32476FDCFC9: ConfigurationManager, init=-1: [1acd8ba6-dda5-4cb5-b2f0-bb88a33d5541:192.168.69.94:34837], old=null, confs=<EMPTY_MAP>
2019-11-15 20:18:01,371 [pool-169-thread-1] INFO  server.RaftServerConfigKeys (ConfUtils.java:logGet(43)) - raft.server.storage.dir = [/workdir/hadoop-ozone/integration-test/target/test-dir/MiniOzoneClusterImpl-cd14858e-7fd2-404c-93a1-487d1243ff76/datanode-2/data/ratis] (custom)
2019-11-15 20:18:01,371 [pool-169-thread-1] INFO  server.RaftServerConfigKeys (ConfUtils.java:logGet(43)) - raft.server.log.corruption.policy = EXCEPTION (default)
2019-11-15 20:18:01,371 [pool-169-thread-1] INFO  storage.RaftStorageDirectory (RaftStorageDirectory.java:analyzeStorage(246)) - The storage directory /workdir/hadoop-ozone/integration-test/target/test-dir/MiniOzoneClusterImpl-cd14858e-7fd2-404c-93a1-487d1243ff76/datanode-2/data/ratis/74d6211c-600c-41b9-a35a-b32476fdcfc9 does not exist. Creating ...
2019-11-15 20:18:01,396 [pool-169-thread-1] INFO  storage.RaftStorageDirectory (RaftStorageDirectory.java:tryLock(328)) - Lock on /workdir/hadoop-ozone/integration-test/target/test-dir/MiniOzoneClusterImpl-cd14858e-7fd2-404c-93a1-487d1243ff76/datanode-2/data/ratis/74d6211c-600c-41b9-a35a-b32476fdcfc9/in_use.lock acquired by nodename 23188@pr-hdds-2517-immreturn-vbf9m-3344069096
2019-11-15 20:18:01,419 [pool-169-thread-1] INFO  storage.RaftStorage (RaftStorage.java:format(84)) - Storage directory /workdir/hadoop-ozone/integration-test/target/test-dir/MiniOzoneClusterImpl-cd14858e-7fd2-404c-93a1-487d1243ff76/datanode-2/data/ratis/74d6211c-600c-41b9-a35a-b32476fdcfc9 has been successfully formatted.
2019-11-15 20:18:01,420 [pool-169-thread-1] INFO  ratis.ContainerStateMachine (ContainerStateMachine.java:loadSnapshot(223)) - group-B32476FDCFC9: The snapshot info is null. Setting the last applied indexto:(t:0, i:~)
2019-11-15 20:18:01,420 [pool-169-thread-1] INFO  server.RaftServerConfigKeys (ConfUtils.java:logGet(43)) - raft.server.notification.no-leader.timeout = 120s (custom)
2019-11-15 20:18:01,420 [pool-169-thread-1] INFO  server.RaftServerConfigKeys (ConfUtils.java:logGet(43)) - raft.server.log.use.memory = false (default)
2019-11-15 20:18:01,420 [pool-169-thread-1] INFO  server.RaftServerConfigKeys (ConfUtils.java:logGet(43)) - raft.server.log.purge.gap = 1000000 (custom)
2019-11-15 20:18:01,420 [pool-169-thread-1] INFO  server.RaftServerConfigKeys (ConfUtils.java:logGet(43)) - raft.server.log.appender.buffer.byte-limit = 33554432 (custom)
2019-11-15 20:18:01,420 [pool-169-thread-1] INFO  server.RaftServerConfigKeys (ConfUtils.java:logGet(43)) - raft.server.log.segment.size.max = 1048576 (custom)
2019-11-15 20:18:01,420 [pool-169-thread-1] INFO  server.RaftServerConfigKeys (ConfUtils.java:logGet(43)) - raft.server.log.segment.cache.num.max = 2 (custom)
2019-11-15 20:18:01,420 [pool-169-thread-1] INFO  segmented.SegmentedRaftLogWorker (SegmentedRaftLogWorker.java:<init>(173)) - new 1acd8ba6-dda5-4cb5-b2f0-bb88a33d5541@group-B32476FDCFC9-SegmentedRaftLogWorker for RaftStorage:Storage Directory /workdir/hadoop-ozone/integration-test/target/test-dir/MiniOzoneClusterImpl-cd14858e-7fd2-404c-93a1-487d1243ff76/datanode-2/data/ratis/74d6211c-600c-41b9-a35a-b32476fdcfc9
2019-11-15 20:18:01,420 [pool-169-thread-1] INFO  server.RaftServerConfigKeys (ConfUtils.java:logGet(43)) - raft.server.log.queue.byte-limit = 2147483647 (custom)
2019-11-15 20:18:01,420 [pool-169-thread-1] INFO  server.RaftServerConfigKeys (ConfUtils.java:logGet(43)) - raft.server.log.queue.element-limit = 1024 (custom)
2019-11-15 20:18:01,420 [pool-169-thread-1] INFO  server.RaftServerConfigKeys (ConfUtils.java:logGet(43)) - raft.server.log.segment.size.max = 1048576 (custom)
2019-11-15 20:18:01,420 [pool-169-thread-1] INFO  server.RaftServerConfigKeys (ConfUtils.java:logGet(43)) - raft.server.log.preallocated.size = 16384 (custom)
2019-11-15 20:18:01,421 [pool-169-thread-1] INFO  server.RaftServerConfigKeys (ConfUtils.java:logGet(43)) - raft.server.log.write.buffer.size = 33554432 (custom)
2019-11-15 20:18:01,421 [pool-169-thread-1] INFO  server.RaftServerConfigKeys (ConfUtils.java:logGet(43)) - raft.server.log.force.sync.num = 128 (default)
2019-11-15 20:18:01,421 [pool-169-thread-1] INFO  server.RaftServerConfigKeys (ConfUtils.java:logGet(43)) - raft.server.log.statemachine.data.sync = true (default)
2019-11-15 20:18:01,421 [pool-169-thread-1] INFO  server.RaftServerConfigKeys (ConfUtils.java:logGet(43)) - raft.server.log.statemachine.data.sync.timeout = 10s (default)
2019-11-15 20:18:01,421 [pool-169-thread-1] INFO  server.RaftServerConfigKeys (ConfUtils.java:logGet(43)) - raft.server.log.statemachine.data.sync.timeout.retry = -1 (default)
2019-11-15 20:18:01,421 [pool-169-thread-1] INFO  server.RaftServerConfigKeys (ConfUtils.java:logGet(43)) - raft.server.log.statemachine.data.caching.enabled = true (custom)
2019-11-15 20:18:01,421 [pool-169-thread-1] INFO  segmented.SegmentedRaftLogWorker (SegmentedRaftLogWorker.java:lambda$new$0(128)) - 1acd8ba6-dda5-4cb5-b2f0-bb88a33d5541@group-B32476FDCFC9-SegmentedRaftLogWorker: flushIndex: setUnconditionally 0 -> -1
2019-11-15 20:18:01,421 [pool-169-thread-1] INFO  server.RaftServerConfigKeys (ConfUtils.java:logGet(43)) - raft.server.snapshot.auto.trigger.enabled = true (custom)
2019-11-15 20:18:01,422 [pool-169-thread-1] INFO  server.RaftServerConfigKeys (ConfUtils.java:logGet(43)) - raft.server.snapshot.auto.trigger.threshold = 10000 (custom)
2019-11-15 20:18:01,422 [pool-169-thread-1] INFO  server.RaftServerConfigKeys (ConfUtils.java:logGet(43)) - raft.server.snapshot.retention.file.num = 5 (custom)
2019-11-15 20:18:01,422 [pool-169-thread-1] INFO  server.RaftServerConfigKeys (ConfUtils.java:logGet(43)) - raft.server.retrycache.expirytime = 600000ms (custom)
2019-11-15 20:18:01,422 [pool-169-thread-1] WARN  impl.MetricRegistriesImpl (MetricRegistriesImpl.java:lambda$create$1(61)) - First MetricRegistry has been created without registering reporters. You may need to call MetricRegistries.global().addReportRegistration(...) before.
2019-11-15 20:18:01,422 [pool-169-thread-1] WARN  impl.MetricRegistriesImpl (MetricRegistriesImpl.java:lambda$create$1(61)) - First MetricRegistry has been created without registering reporters. You may need to call MetricRegistries.global().addReportRegistration(...) before.
2019-11-15 20:18:01,422 [pool-169-thread-1] INFO  impl.RaftServerImpl (RaftServerImpl.java:start(184)) - 1acd8ba6-dda5-4cb5-b2f0-bb88a33d5541@group-B32476FDCFC9: start as a follower, conf=-1: [1acd8ba6-dda5-4cb5-b2f0-bb88a33d5541:192.168.69.94:34837], old=null
2019-11-15 20:18:01,422 [pool-169-thread-1] INFO  impl.RaftServerImpl (RaftServerImpl.java:setRole(173)) - 1acd8ba6-dda5-4cb5-b2f0-bb88a33d5541@group-B32476FDCFC9: changes role from      null to FOLLOWER at term 0 for startAsFollower
2019-11-15 20:18:01,422 [pool-169-thread-1] INFO  impl.RoleInfo (RoleInfo.java:updateAndGet(143)) - 1acd8ba6-dda5-4cb5-b2f0-bb88a33d5541: start FollowerState
2019-11-15 20:18:01,423 [pool-169-thread-1] INFO  util.JmxRegister (JmxRegister.java:tryRegister(44)) - Successfully registered JMX Bean with object name Ratis:service=RaftServer,group=group-B32476FDCFC9,id=1acd8ba6-dda5-4cb5-b2f0-bb88a33d5541
2019-11-15 20:18:01,423 [pool-169-thread-1] WARN  impl.MetricRegistriesImpl (MetricRegistriesImpl.java:lambda$create$1(61)) - First MetricRegistry has been created without registering reporters. You may need to call MetricRegistries.global().addReportRegistration(...) before.
2019-11-15 20:18:01,426 [RatisPipelineUtilsThread] INFO  pipeline.PipelineStateManager (PipelineStateManager.java:addPipeline(55)) - Created pipeline Pipeline[ Id: 74d6211c-600c-41b9-a35a-b32476fdcfc9, Nodes: 1acd8ba6-dda5-4cb5-b2f0-bb88a33d5541{ip: 192.168.69.94, host: pr-hdds-2517-immreturn-vbf9m-3344069096, networkLocation: /rack1, certSerialId: null}, Type:RATIS, Factor:ONE, State:ALLOCATED]
2019-11-15 20:18:01,426 [Thread-1235] INFO  pipeline.PipelineStateManager (PipelineStateManager.java:finalizePipeline(121)) - Pipeline Pipeline[ Id: 726c3570-b083-409d-88c0-375f3f399c5e, Nodes: c23f4e8b-a977-491c-8d15-b9b92ca8b7b3{ip: 192.168.69.94, host: pr-hdds-2517-immreturn-vbf9m-3344069096, networkLocation: /rack1, certSerialId: null}, Type:RATIS, Factor:ONE, State:CLOSED] moved to CLOSED state
2019-11-15 20:18:01,430 [grpc-default-executor-4] INFO  impl.RaftServerProxy (RaftServerProxy.java:remove(95)) - c23f4e8b-a977-491c-8d15-b9b92ca8b7b3: remove    LEADER c23f4e8b-a977-491c-8d15-b9b92ca8b7b3@group-375F3F399C5E:t1, leader=c23f4e8b-a977-491c-8d15-b9b92ca8b7b3, voted=c23f4e8b-a977-491c-8d15-b9b92ca8b7b3, raftlog=c23f4e8b-a977-491c-8d15-b9b92ca8b7b3@group-375F3F399C5E-SegmentedRaftLog:OPENED:c0,f0,i0, conf=0: [c23f4e8b-a977-491c-8d15-b9b92ca8b7b3:192.168.69.94:37963], old=null RUNNING
2019-11-15 20:18:01,430 [grpc-default-executor-4] INFO  impl.RaftServerImpl (RaftServerImpl.java:lambda$shutdown$3(250)) - c23f4e8b-a977-491c-8d15-b9b92ca8b7b3@group-375F3F399C5E: shutdown
2019-11-15 20:18:01,430 [grpc-default-executor-4] INFO  util.JmxRegister (JmxRegister.java:unregister(73)) - Successfully un-registered JMX Bean with object name Ratis:service=RaftServer,group=group-375F3F399C5E,id=c23f4e8b-a977-491c-8d15-b9b92ca8b7b3
2019-11-15 20:18:01,430 [grpc-default-executor-4] INFO  impl.RoleInfo (RoleInfo.java:shutdownLeaderState(104)) - c23f4e8b-a977-491c-8d15-b9b92ca8b7b3: shutdown LeaderState
2019-11-15 20:18:01,430 [grpc-default-executor-4] INFO  impl.PendingRequests (PendingRequests.java:sendNotLeaderResponses(206)) - c23f4e8b-a977-491c-8d15-b9b92ca8b7b3@group-375F3F399C5E-PendingRequests: sendNotLeaderResponses
2019-11-15 20:18:01,431 [grpc-default-executor-4] INFO  impl.StateMachineUpdater (StateMachineUpdater.java:stopAndJoin(136)) - c23f4e8b-a977-491c-8d15-b9b92ca8b7b3@group-375F3F399C5E-StateMachineUpdater: set stopIndex = 0
2019-11-15 20:18:01,431 [grpc-default-executor-4] INFO  impl.RaftServerImpl (ServerState.java:close(387)) - c23f4e8b-a977-491c-8d15-b9b92ca8b7b3@group-375F3F399C5E: closes. applyIndex: 0
2019-11-15 20:18:01,431 [c23f4e8b-a977-491c-8d15-b9b92ca8b7b3@group-375F3F399C5E-SegmentedRaftLogWorker] INFO  segmented.SegmentedRaftLogWorker (SegmentedRaftLogWorker.java:run(316)) - c23f4e8b-a977-491c-8d15-b9b92ca8b7b3@group-375F3F399C5E-SegmentedRaftLogWorker was interrupted, exiting. There are 0 tasks remaining in the queue.
2019-11-15 20:18:01,434 [grpc-default-executor-4] INFO  segmented.SegmentedRaftLogWorker (SegmentedRaftLogWorker.java:close(224)) - c23f4e8b-a977-491c-8d15-b9b92ca8b7b3@group-375F3F399C5E-SegmentedRaftLogWorker close()
2019-11-15 20:18:01,445 [Thread-1235] INFO  pipeline.PipelineStateManager (PipelineStateManager.java:removePipeline(106)) - Pipeline Pipeline[ Id: 726c3570-b083-409d-88c0-375f3f399c5e, Nodes: c23f4e8b-a977-491c-8d15-b9b92ca8b7b3{ip: 192.168.69.94, host: pr-hdds-2517-immreturn-vbf9m-3344069096, networkLocation: /rack1, certSerialId: null}, Type:RATIS, Factor:ONE, State:CLOSED] removed from db
2019-11-15 20:18:01,445 [Thread-1235] INFO  pipeline.SCMPipelineManager (SCMPipelineManager.java:finalizeAndDestroyPipeline(315)) - destroying pipeline:Pipeline[ Id: 05fe78c1-8f74-46a9-956a-28552a7d393c, Nodes: 290dafba-a54e-4701-973a-40c4cf36477d{ip: 192.168.69.94, host: pr-hdds-2517-immreturn-vbf9m-3344069096, networkLocation: /rack1, certSerialId: null}, Type:RATIS, Factor:ONE, State:OPEN]
2019-11-15 20:18:01,449 [grpc-default-executor-4] INFO  impl.RaftServerProxy (RaftServerProxy.java:addNew(89)) - c23f4e8b-a977-491c-8d15-b9b92ca8b7b3: addNew group-E67018E8286A:[c23f4e8b-a977-491c-8d15-b9b92ca8b7b3:192.168.69.94:37963] returns group-E67018E8286A:java.util.concurrent.CompletableFuture@d7a535d[Not completed]
2019-11-15 20:18:01,450 [pool-189-thread-1] INFO  impl.RaftServerImpl (RaftServerImpl.java:<init>(98)) - c23f4e8b-a977-491c-8d15-b9b92ca8b7b3: new RaftServerImpl for group-E67018E8286A:[c23f4e8b-a977-491c-8d15-b9b92ca8b7b3:192.168.69.94:37963] with ContainerStateMachine:uninitialized
2019-11-15 20:18:01,450 [pool-189-thread-1] INFO  server.RaftServerConfigKeys (ConfUtils.java:logGet(43)) - raft.server.rpc.timeout.min = 1s (custom)
2019-11-15 20:18:01,450 [pool-189-thread-1] INFO  server.RaftServerConfigKeys (ConfUtils.java:logGet(43)) - raft.server.rpc.timeout.max = 1200ms (custom)
2019-11-15 20:18:01,450 [pool-189-thread-1] INFO  server.RaftServerConfigKeys (ConfUtils.java:logGet(43)) - raft.server.rpcslowness.timeout = 120s (custom)
2019-11-15 20:18:01,450 [pool-189-thread-1] INFO  server.RaftServerConfigKeys (ConfUtils.java:logGet(43)) - raft.server.sleep.deviation.threshold = 300 (default)
2019-11-15 20:18:01,450 [pool-189-thread-1] INFO  server.RaftServerConfigKeys (ConfUtils.java:logGet(43)) - raft.server.log.appender.install.snapshot.enabled = false (custom)
2019-11-15 20:18:01,450 [pool-189-thread-1] INFO  impl.RaftServerImpl (ServerState.java:<init>(103)) - c23f4e8b-a977-491c-8d15-b9b92ca8b7b3@group-E67018E8286A: ConfigurationManager, init=-1: [c23f4e8b-a977-491c-8d15-b9b92ca8b7b3:192.168.69.94:37963], old=null, confs=<EMPTY_MAP>
2019-11-15 20:18:01,450 [pool-189-thread-1] INFO  server.RaftServerConfigKeys (ConfUtils.java:logGet(43)) - raft.server.storage.dir = [/workdir/hadoop-ozone/integration-test/target/test-dir/MiniOzoneClusterImpl-cd14858e-7fd2-404c-93a1-487d1243ff76/datanode-4/data/ratis] (custom)
2019-11-15 20:18:01,451 [pool-189-thread-1] INFO  server.RaftServerConfigKeys (ConfUtils.java:logGet(43)) - raft.server.log.corruption.policy = EXCEPTION (default)
2019-11-15 20:18:01,451 [pool-189-thread-1] INFO  storage.RaftStorageDirectory (RaftStorageDirectory.java:analyzeStorage(246)) - The storage directory /workdir/hadoop-ozone/integration-test/target/test-dir/MiniOzoneClusterImpl-cd14858e-7fd2-404c-93a1-487d1243ff76/datanode-4/data/ratis/6d276b40-5c2f-46ba-9637-e67018e8286a does not exist. Creating ...
2019-11-15 20:18:01,474 [pool-189-thread-1] INFO  storage.RaftStorageDirectory (RaftStorageDirectory.java:tryLock(328)) - Lock on /workdir/hadoop-ozone/integration-test/target/test-dir/MiniOzoneClusterImpl-cd14858e-7fd2-404c-93a1-487d1243ff76/datanode-4/data/ratis/6d276b40-5c2f-46ba-9637-e67018e8286a/in_use.lock acquired by nodename 23188@pr-hdds-2517-immreturn-vbf9m-3344069096
2019-11-15 20:18:01,494 [pool-189-thread-1] INFO  storage.RaftStorage (RaftStorage.java:format(84)) - Storage directory /workdir/hadoop-ozone/integration-test/target/test-dir/MiniOzoneClusterImpl-cd14858e-7fd2-404c-93a1-487d1243ff76/datanode-4/data/ratis/6d276b40-5c2f-46ba-9637-e67018e8286a has been successfully formatted.
2019-11-15 20:18:01,495 [pool-189-thread-1] INFO  ratis.ContainerStateMachine (ContainerStateMachine.java:loadSnapshot(223)) - group-E67018E8286A: The snapshot info is null. Setting the last applied indexto:(t:0, i:~)
2019-11-15 20:18:01,495 [pool-189-thread-1] INFO  server.RaftServerConfigKeys (ConfUtils.java:logGet(43)) - raft.server.notification.no-leader.timeout = 120s (custom)
2019-11-15 20:18:01,495 [pool-189-thread-1] INFO  server.RaftServerConfigKeys (ConfUtils.java:logGet(43)) - raft.server.log.use.memory = false (default)
2019-11-15 20:18:01,495 [pool-189-thread-1] INFO  server.RaftServerConfigKeys (ConfUtils.java:logGet(43)) - raft.server.log.purge.gap = 1000000 (custom)
2019-11-15 20:18:01,495 [pool-189-thread-1] INFO  server.RaftServerConfigKeys (ConfUtils.java:logGet(43)) - raft.server.log.appender.buffer.byte-limit = 33554432 (custom)
2019-11-15 20:18:01,495 [pool-189-thread-1] INFO  server.RaftServerConfigKeys (ConfUtils.java:logGet(43)) - raft.server.log.segment.size.max = 1048576 (custom)
2019-11-15 20:18:01,495 [pool-189-thread-1] INFO  server.RaftServerConfigKeys (ConfUtils.java:logGet(43)) - raft.server.log.segment.cache.num.max = 2 (custom)
2019-11-15 20:18:01,495 [pool-189-thread-1] INFO  segmented.SegmentedRaftLogWorker (SegmentedRaftLogWorker.java:<init>(173)) - new c23f4e8b-a977-491c-8d15-b9b92ca8b7b3@group-E67018E8286A-SegmentedRaftLogWorker for RaftStorage:Storage Directory /workdir/hadoop-ozone/integration-test/target/test-dir/MiniOzoneClusterImpl-cd14858e-7fd2-404c-93a1-487d1243ff76/datanode-4/data/ratis/6d276b40-5c2f-46ba-9637-e67018e8286a
2019-11-15 20:18:01,495 [pool-189-thread-1] INFO  server.RaftServerConfigKeys (ConfUtils.java:logGet(43)) - raft.server.log.queue.byte-limit = 2147483647 (custom)
2019-11-15 20:18:01,495 [pool-189-thread-1] INFO  server.RaftServerConfigKeys (ConfUtils.java:logGet(43)) - raft.server.log.queue.element-limit = 1024 (custom)
2019-11-15 20:18:01,496 [pool-189-thread-1] INFO  server.RaftServerConfigKeys (ConfUtils.java:logGet(43)) - raft.server.log.segment.size.max = 1048576 (custom)
2019-11-15 20:18:01,496 [pool-189-thread-1] INFO  server.RaftServerConfigKeys (ConfUtils.java:logGet(43)) - raft.server.log.preallocated.size = 16384 (custom)
2019-11-15 20:18:01,496 [pool-189-thread-1] INFO  server.RaftServerConfigKeys (ConfUtils.java:logGet(43)) - raft.server.log.write.buffer.size = 33554432 (custom)
2019-11-15 20:18:01,496 [pool-189-thread-1] INFO  server.RaftServerConfigKeys (ConfUtils.java:logGet(43)) - raft.server.log.force.sync.num = 128 (default)
2019-11-15 20:18:01,496 [pool-189-thread-1] INFO  server.RaftServerConfigKeys (ConfUtils.java:logGet(43)) - raft.server.log.statemachine.data.sync = true (default)
2019-11-15 20:18:01,496 [pool-189-thread-1] INFO  server.RaftServerConfigKeys (ConfUtils.java:logGet(43)) - raft.server.log.statemachine.data.sync.timeout = 10s (default)
2019-11-15 20:18:01,496 [pool-189-thread-1] INFO  server.RaftServerConfigKeys (ConfUtils.java:logGet(43)) - raft.server.log.statemachine.data.sync.timeout.retry = -1 (default)
2019-11-15 20:18:01,496 [pool-189-thread-1] INFO  server.RaftServerConfigKeys (ConfUtils.java:logGet(43)) - raft.server.log.statemachine.data.caching.enabled = true (custom)
2019-11-15 20:18:01,496 [pool-189-thread-1] INFO  segmented.SegmentedRaftLogWorker (SegmentedRaftLogWorker.java:lambda$new$0(128)) - c23f4e8b-a977-491c-8d15-b9b92ca8b7b3@group-E67018E8286A-SegmentedRaftLogWorker: flushIndex: setUnconditionally 0 -> -1
2019-11-15 20:18:01,497 [pool-189-thread-1] INFO  server.RaftServerConfigKeys (ConfUtils.java:logGet(43)) - raft.server.snapshot.auto.trigger.enabled = true (custom)
2019-11-15 20:18:01,497 [pool-189-thread-1] INFO  server.RaftServerConfigKeys (ConfUtils.java:logGet(43)) - raft.server.snapshot.auto.trigger.threshold = 10000 (custom)
2019-11-15 20:18:01,497 [pool-189-thread-1] INFO  server.RaftServerConfigKeys (ConfUtils.java:logGet(43)) - raft.server.snapshot.retention.file.num = 5 (custom)
2019-11-15 20:18:01,497 [pool-189-thread-1] INFO  server.RaftServerConfigKeys (ConfUtils.java:logGet(43)) - raft.server.retrycache.expirytime = 600000ms (custom)
2019-11-15 20:18:01,497 [pool-189-thread-1] WARN  impl.MetricRegistriesImpl (MetricRegistriesImpl.java:lambda$create$1(61)) - First MetricRegistry has been created without registering reporters. You may need to call MetricRegistries.global().addReportRegistration(...) before.
2019-11-15 20:18:01,497 [pool-189-thread-1] WARN  impl.MetricRegistriesImpl (MetricRegistriesImpl.java:lambda$create$1(61)) - First MetricRegistry has been created without registering reporters. You may need to call MetricRegistries.global().addReportRegistration(...) before.
2019-11-15 20:18:01,497 [pool-189-thread-1] INFO  impl.RaftServerImpl (RaftServerImpl.java:start(184)) - c23f4e8b-a977-491c-8d15-b9b92ca8b7b3@group-E67018E8286A: start as a follower, conf=-1: [c23f4e8b-a977-491c-8d15-b9b92ca8b7b3:192.168.69.94:37963], old=null
2019-11-15 20:18:01,497 [pool-189-thread-1] INFO  impl.RaftServerImpl (RaftServerImpl.java:setRole(173)) - c23f4e8b-a977-491c-8d15-b9b92ca8b7b3@group-E67018E8286A: changes role from      null to FOLLOWER at term 0 for startAsFollower
2019-11-15 20:18:01,498 [pool-189-thread-1] INFO  impl.RoleInfo (RoleInfo.java:updateAndGet(143)) - c23f4e8b-a977-491c-8d15-b9b92ca8b7b3: start FollowerState
2019-11-15 20:18:01,498 [pool-189-thread-1] INFO  util.JmxRegister (JmxRegister.java:tryRegister(44)) - Successfully registered JMX Bean with object name Ratis:service=RaftServer,group=group-E67018E8286A,id=c23f4e8b-a977-491c-8d15-b9b92ca8b7b3
2019-11-15 20:18:01,498 [pool-189-thread-1] WARN  impl.MetricRegistriesImpl (MetricRegistriesImpl.java:lambda$create$1(61)) - First MetricRegistry has been created without registering reporters. You may need to call MetricRegistries.global().addReportRegistration(...) before.
2019-11-15 20:18:01,502 [RatisPipelineUtilsThread] INFO  pipeline.PipelineStateManager (PipelineStateManager.java:addPipeline(55)) - Created pipeline Pipeline[ Id: 6d276b40-5c2f-46ba-9637-e67018e8286a, Nodes: c23f4e8b-a977-491c-8d15-b9b92ca8b7b3{ip: 192.168.69.94, host: pr-hdds-2517-immreturn-vbf9m-3344069096, networkLocation: /rack1, certSerialId: null}, Type:RATIS, Factor:ONE, State:ALLOCATED]
2019-11-15 20:18:01,503 [Thread-1235] INFO  pipeline.PipelineStateManager (PipelineStateManager.java:finalizePipeline(121)) - Pipeline Pipeline[ Id: 05fe78c1-8f74-46a9-956a-28552a7d393c, Nodes: 290dafba-a54e-4701-973a-40c4cf36477d{ip: 192.168.69.94, host: pr-hdds-2517-immreturn-vbf9m-3344069096, networkLocation: /rack1, certSerialId: null}, Type:RATIS, Factor:ONE, State:CLOSED] moved to CLOSED state
2019-11-15 20:18:01,508 [grpc-default-executor-4] INFO  impl.RaftServerProxy (RaftServerProxy.java:remove(95)) - 290dafba-a54e-4701-973a-40c4cf36477d: remove    LEADER 290dafba-a54e-4701-973a-40c4cf36477d@group-28552A7D393C:t1, leader=290dafba-a54e-4701-973a-40c4cf36477d, voted=290dafba-a54e-4701-973a-40c4cf36477d, raftlog=290dafba-a54e-4701-973a-40c4cf36477d@group-28552A7D393C-SegmentedRaftLog:OPENED:c0,f0,i0, conf=0: [290dafba-a54e-4701-973a-40c4cf36477d:192.168.69.94:33749], old=null RUNNING
2019-11-15 20:18:01,508 [grpc-default-executor-4] INFO  impl.RaftServerImpl (RaftServerImpl.java:lambda$shutdown$3(250)) - 290dafba-a54e-4701-973a-40c4cf36477d@group-28552A7D393C: shutdown
2019-11-15 20:18:01,509 [grpc-default-executor-4] INFO  util.JmxRegister (JmxRegister.java:unregister(73)) - Successfully un-registered JMX Bean with object name Ratis:service=RaftServer,group=group-28552A7D393C,id=290dafba-a54e-4701-973a-40c4cf36477d
2019-11-15 20:18:01,509 [grpc-default-executor-4] INFO  impl.RoleInfo (RoleInfo.java:shutdownLeaderState(104)) - 290dafba-a54e-4701-973a-40c4cf36477d: shutdown LeaderState
2019-11-15 20:18:01,509 [grpc-default-executor-4] INFO  impl.PendingRequests (PendingRequests.java:sendNotLeaderResponses(206)) - 290dafba-a54e-4701-973a-40c4cf36477d@group-28552A7D393C-PendingRequests: sendNotLeaderResponses
2019-11-15 20:18:01,509 [grpc-default-executor-4] INFO  impl.StateMachineUpdater (StateMachineUpdater.java:stopAndJoin(136)) - 290dafba-a54e-4701-973a-40c4cf36477d@group-28552A7D393C-StateMachineUpdater: set stopIndex = 0
2019-11-15 20:18:01,509 [grpc-default-executor-4] INFO  impl.RaftServerImpl (ServerState.java:close(387)) - 290dafba-a54e-4701-973a-40c4cf36477d@group-28552A7D393C: closes. applyIndex: 0
2019-11-15 20:18:01,510 [290dafba-a54e-4701-973a-40c4cf36477d@group-28552A7D393C-SegmentedRaftLogWorker] INFO  segmented.SegmentedRaftLogWorker (SegmentedRaftLogWorker.java:run(316)) - 290dafba-a54e-4701-973a-40c4cf36477d@group-28552A7D393C-SegmentedRaftLogWorker was interrupted, exiting. There are 0 tasks remaining in the queue.
2019-11-15 20:18:01,510 [grpc-default-executor-4] INFO  segmented.SegmentedRaftLogWorker (SegmentedRaftLogWorker.java:close(224)) - 290dafba-a54e-4701-973a-40c4cf36477d@group-28552A7D393C-SegmentedRaftLogWorker close()
2019-11-15 20:18:01,517 [Thread-1235] INFO  pipeline.PipelineStateManager (PipelineStateManager.java:removePipeline(106)) - Pipeline Pipeline[ Id: 05fe78c1-8f74-46a9-956a-28552a7d393c, Nodes: 290dafba-a54e-4701-973a-40c4cf36477d{ip: 192.168.69.94, host: pr-hdds-2517-immreturn-vbf9m-3344069096, networkLocation: /rack1, certSerialId: null}, Type:RATIS, Factor:ONE, State:CLOSED] removed from db
2019-11-15 20:18:01,517 [Thread-1235] INFO  pipeline.SCMPipelineManager (SCMPipelineManager.java:finalizeAndDestroyPipeline(315)) - destroying pipeline:Pipeline[ Id: 4efb9110-c1f5-477f-82fa-261c9f4040ba, Nodes: 02c8c0cd-3388-46ae-a10b-79a5583af984{ip: 192.168.69.94, host: pr-hdds-2517-immreturn-vbf9m-3344069096, networkLocation: /rack1, certSerialId: null}, Type:RATIS, Factor:ONE, State:OPEN]
2019-11-15 20:18:01,540 [grpc-default-executor-4] INFO  impl.RaftServerProxy (RaftServerProxy.java:addNew(89)) - 290dafba-a54e-4701-973a-40c4cf36477d: addNew group-9369D2C5A8AF:[290dafba-a54e-4701-973a-40c4cf36477d:192.168.69.94:33749] returns group-9369D2C5A8AF:java.util.concurrent.CompletableFuture@4714d22c[Not completed]
2019-11-15 20:18:01,542 [pool-219-thread-1] INFO  impl.RaftServerImpl (RaftServerImpl.java:<init>(98)) - 290dafba-a54e-4701-973a-40c4cf36477d: new RaftServerImpl for group-9369D2C5A8AF:[290dafba-a54e-4701-973a-40c4cf36477d:192.168.69.94:33749] with ContainerStateMachine:uninitialized
2019-11-15 20:18:01,542 [pool-219-thread-1] INFO  server.RaftServerConfigKeys (ConfUtils.java:logGet(43)) - raft.server.rpc.timeout.min = 1s (custom)
2019-11-15 20:18:01,542 [pool-219-thread-1] INFO  server.RaftServerConfigKeys (ConfUtils.java:logGet(43)) - raft.server.rpc.timeout.max = 1200ms (custom)
2019-11-15 20:18:01,542 [pool-219-thread-1] INFO  server.RaftServerConfigKeys (ConfUtils.java:logGet(43)) - raft.server.rpcslowness.timeout = 120s (custom)
2019-11-15 20:18:01,542 [pool-219-thread-1] INFO  server.RaftServerConfigKeys (ConfUtils.java:logGet(43)) - raft.server.sleep.deviation.threshold = 300 (default)
2019-11-15 20:18:01,542 [pool-219-thread-1] INFO  server.RaftServerConfigKeys (ConfUtils.java:logGet(43)) - raft.server.log.appender.install.snapshot.enabled = false (custom)
2019-11-15 20:18:01,542 [pool-219-thread-1] INFO  impl.RaftServerImpl (ServerState.java:<init>(103)) - 290dafba-a54e-4701-973a-40c4cf36477d@group-9369D2C5A8AF: ConfigurationManager, init=-1: [290dafba-a54e-4701-973a-40c4cf36477d:192.168.69.94:33749], old=null, confs=<EMPTY_MAP>
2019-11-15 20:18:01,543 [pool-219-thread-1] INFO  server.RaftServerConfigKeys (ConfUtils.java:logGet(43)) - raft.server.storage.dir = [/workdir/hadoop-ozone/integration-test/target/test-dir/MiniOzoneClusterImpl-cd14858e-7fd2-404c-93a1-487d1243ff76/datanode-7/data/ratis] (custom)
2019-11-15 20:18:01,543 [pool-219-thread-1] INFO  server.RaftServerConfigKeys (ConfUtils.java:logGet(43)) - raft.server.log.corruption.policy = EXCEPTION (default)
2019-11-15 20:18:01,543 [pool-219-thread-1] INFO  storage.RaftStorageDirectory (RaftStorageDirectory.java:analyzeStorage(246)) - The storage directory /workdir/hadoop-ozone/integration-test/target/test-dir/MiniOzoneClusterImpl-cd14858e-7fd2-404c-93a1-487d1243ff76/datanode-7/data/ratis/29196ad5-dabe-4142-b880-9369d2c5a8af does not exist. Creating ...
2019-11-15 20:18:01,595 [pool-219-thread-1] INFO  storage.RaftStorageDirectory (RaftStorageDirectory.java:tryLock(328)) - Lock on /workdir/hadoop-ozone/integration-test/target/test-dir/MiniOzoneClusterImpl-cd14858e-7fd2-404c-93a1-487d1243ff76/datanode-7/data/ratis/29196ad5-dabe-4142-b880-9369d2c5a8af/in_use.lock acquired by nodename 23188@pr-hdds-2517-immreturn-vbf9m-3344069096
2019-11-15 20:18:01,618 [pool-219-thread-1] INFO  storage.RaftStorage (RaftStorage.java:format(84)) - Storage directory /workdir/hadoop-ozone/integration-test/target/test-dir/MiniOzoneClusterImpl-cd14858e-7fd2-404c-93a1-487d1243ff76/datanode-7/data/ratis/29196ad5-dabe-4142-b880-9369d2c5a8af has been successfully formatted.
2019-11-15 20:18:01,618 [pool-219-thread-1] INFO  ratis.ContainerStateMachine (ContainerStateMachine.java:loadSnapshot(223)) - group-9369D2C5A8AF: The snapshot info is null. Setting the last applied indexto:(t:0, i:~)
2019-11-15 20:18:01,618 [pool-219-thread-1] INFO  server.RaftServerConfigKeys (ConfUtils.java:logGet(43)) - raft.server.notification.no-leader.timeout = 120s (custom)
2019-11-15 20:18:01,619 [pool-219-thread-1] INFO  server.RaftServerConfigKeys (ConfUtils.java:logGet(43)) - raft.server.log.use.memory = false (default)
2019-11-15 20:18:01,619 [pool-219-thread-1] INFO  server.RaftServerConfigKeys (ConfUtils.java:logGet(43)) - raft.server.log.purge.gap = 1000000 (custom)
2019-11-15 20:18:01,619 [pool-219-thread-1] INFO  server.RaftServerConfigKeys (ConfUtils.java:logGet(43)) - raft.server.log.appender.buffer.byte-limit = 33554432 (custom)
2019-11-15 20:18:01,619 [pool-219-thread-1] INFO  server.RaftServerConfigKeys (ConfUtils.java:logGet(43)) - raft.server.log.segment.size.max = 1048576 (custom)
2019-11-15 20:18:01,619 [pool-219-thread-1] INFO  server.RaftServerConfigKeys (ConfUtils.java:logGet(43)) - raft.server.log.segment.cache.num.max = 2 (custom)
2019-11-15 20:18:01,619 [pool-219-thread-1] INFO  segmented.SegmentedRaftLogWorker (SegmentedRaftLogWorker.java:<init>(173)) - new 290dafba-a54e-4701-973a-40c4cf36477d@group-9369D2C5A8AF-SegmentedRaftLogWorker for RaftStorage:Storage Directory /workdir/hadoop-ozone/integration-test/target/test-dir/MiniOzoneClusterImpl-cd14858e-7fd2-404c-93a1-487d1243ff76/datanode-7/data/ratis/29196ad5-dabe-4142-b880-9369d2c5a8af
2019-11-15 20:18:01,619 [pool-219-thread-1] INFO  server.RaftServerConfigKeys (ConfUtils.java:logGet(43)) - raft.server.log.queue.byte-limit = 2147483647 (custom)
2019-11-15 20:18:01,619 [pool-219-thread-1] INFO  server.RaftServerConfigKeys (ConfUtils.java:logGet(43)) - raft.server.log.queue.element-limit = 1024 (custom)
2019-11-15 20:18:01,619 [pool-219-thread-1] INFO  server.RaftServerConfigKeys (ConfUtils.java:logGet(43)) - raft.server.log.segment.size.max = 1048576 (custom)
2019-11-15 20:18:01,619 [pool-219-thread-1] INFO  server.RaftServerConfigKeys (ConfUtils.java:logGet(43)) - raft.server.log.preallocated.size = 16384 (custom)
2019-11-15 20:18:01,620 [pool-219-thread-1] INFO  server.RaftServerConfigKeys (ConfUtils.java:logGet(43)) - raft.server.log.write.buffer.size = 33554432 (custom)
2019-11-15 20:18:01,620 [pool-219-thread-1] INFO  server.RaftServerConfigKeys (ConfUtils.java:logGet(43)) - raft.server.log.force.sync.num = 128 (default)
2019-11-15 20:18:01,620 [pool-219-thread-1] INFO  server.RaftServerConfigKeys (ConfUtils.java:logGet(43)) - raft.server.log.statemachine.data.sync = true (default)
2019-11-15 20:18:01,620 [pool-219-thread-1] INFO  server.RaftServerConfigKeys (ConfUtils.java:logGet(43)) - raft.server.log.statemachine.data.sync.timeout = 10s (default)
2019-11-15 20:18:01,620 [pool-219-thread-1] INFO  server.RaftServerConfigKeys (ConfUtils.java:logGet(43)) - raft.server.log.statemachine.data.sync.timeout.retry = -1 (default)
2019-11-15 20:18:01,620 [pool-219-thread-1] INFO  server.RaftServerConfigKeys (ConfUtils.java:logGet(43)) - raft.server.log.statemachine.data.caching.enabled = true (custom)
2019-11-15 20:18:01,620 [pool-219-thread-1] INFO  segmented.SegmentedRaftLogWorker (SegmentedRaftLogWorker.java:lambda$new$0(128)) - 290dafba-a54e-4701-973a-40c4cf36477d@group-9369D2C5A8AF-SegmentedRaftLogWorker: flushIndex: setUnconditionally 0 -> -1
2019-11-15 20:18:01,620 [pool-219-thread-1] INFO  server.RaftServerConfigKeys (ConfUtils.java:logGet(43)) - raft.server.snapshot.auto.trigger.enabled = true (custom)
2019-11-15 20:18:01,620 [pool-219-thread-1] INFO  server.RaftServerConfigKeys (ConfUtils.java:logGet(43)) - raft.server.snapshot.auto.trigger.threshold = 10000 (custom)
2019-11-15 20:18:01,621 [pool-219-thread-1] INFO  server.RaftServerConfigKeys (ConfUtils.java:logGet(43)) - raft.server.snapshot.retention.file.num = 5 (custom)
2019-11-15 20:18:01,621 [pool-219-thread-1] INFO  server.RaftServerConfigKeys (ConfUtils.java:logGet(43)) - raft.server.retrycache.expirytime = 600000ms (custom)
2019-11-15 20:18:01,621 [pool-219-thread-1] WARN  impl.MetricRegistriesImpl (MetricRegistriesImpl.java:lambda$create$1(61)) - First MetricRegistry has been created without registering reporters. You may need to call MetricRegistries.global().addReportRegistration(...) before.
2019-11-15 20:18:01,621 [pool-219-thread-1] WARN  impl.MetricRegistriesImpl (MetricRegistriesImpl.java:lambda$create$1(61)) - First MetricRegistry has been created without registering reporters. You may need to call MetricRegistries.global().addReportRegistration(...) before.
2019-11-15 20:18:01,621 [pool-219-thread-1] INFO  impl.RaftServerImpl (RaftServerImpl.java:start(184)) - 290dafba-a54e-4701-973a-40c4cf36477d@group-9369D2C5A8AF: start as a follower, conf=-1: [290dafba-a54e-4701-973a-40c4cf36477d:192.168.69.94:33749], old=null
2019-11-15 20:18:01,621 [pool-219-thread-1] INFO  impl.RaftServerImpl (RaftServerImpl.java:setRole(173)) - 290dafba-a54e-4701-973a-40c4cf36477d@group-9369D2C5A8AF: changes role from      null to FOLLOWER at term 0 for startAsFollower
2019-11-15 20:18:01,621 [pool-219-thread-1] INFO  impl.RoleInfo (RoleInfo.java:updateAndGet(143)) - 290dafba-a54e-4701-973a-40c4cf36477d: start FollowerState
2019-11-15 20:18:01,622 [pool-219-thread-1] INFO  util.JmxRegister (JmxRegister.java:tryRegister(44)) - Successfully registered JMX Bean with object name Ratis:service=RaftServer,group=group-9369D2C5A8AF,id=290dafba-a54e-4701-973a-40c4cf36477d
2019-11-15 20:18:01,622 [pool-219-thread-1] WARN  impl.MetricRegistriesImpl (MetricRegistriesImpl.java:lambda$create$1(61)) - First MetricRegistry has been created without registering reporters. You may need to call MetricRegistries.global().addReportRegistration(...) before.
2019-11-15 20:18:01,624 [RatisPipelineUtilsThread] INFO  pipeline.PipelineStateManager (PipelineStateManager.java:addPipeline(55)) - Created pipeline Pipeline[ Id: 29196ad5-dabe-4142-b880-9369d2c5a8af, Nodes: 290dafba-a54e-4701-973a-40c4cf36477d{ip: 192.168.69.94, host: pr-hdds-2517-immreturn-vbf9m-3344069096, networkLocation: /rack1, certSerialId: null}, Type:RATIS, Factor:ONE, State:ALLOCATED]
2019-11-15 20:18:01,625 [Thread-1235] INFO  pipeline.PipelineStateManager (PipelineStateManager.java:finalizePipeline(121)) - Pipeline Pipeline[ Id: 4efb9110-c1f5-477f-82fa-261c9f4040ba, Nodes: 02c8c0cd-3388-46ae-a10b-79a5583af984{ip: 192.168.69.94, host: pr-hdds-2517-immreturn-vbf9m-3344069096, networkLocation: /rack1, certSerialId: null}, Type:RATIS, Factor:ONE, State:CLOSED] moved to CLOSED state
2019-11-15 20:18:01,628 [grpc-default-executor-4] INFO  impl.RaftServerProxy (RaftServerProxy.java:remove(95)) - 02c8c0cd-3388-46ae-a10b-79a5583af984: remove    LEADER 02c8c0cd-3388-46ae-a10b-79a5583af984@group-261C9F4040BA:t1, leader=02c8c0cd-3388-46ae-a10b-79a5583af984, voted=02c8c0cd-3388-46ae-a10b-79a5583af984, raftlog=02c8c0cd-3388-46ae-a10b-79a5583af984@group-261C9F4040BA-SegmentedRaftLog:OPENED:c0,f0,i0, conf=0: [02c8c0cd-3388-46ae-a10b-79a5583af984:192.168.69.94:40363], old=null RUNNING
2019-11-15 20:18:01,628 [grpc-default-executor-4] INFO  impl.RaftServerImpl (RaftServerImpl.java:lambda$shutdown$3(250)) - 02c8c0cd-3388-46ae-a10b-79a5583af984@group-261C9F4040BA: shutdown
2019-11-15 20:18:01,628 [grpc-default-executor-4] INFO  util.JmxRegister (JmxRegister.java:unregister(73)) - Successfully un-registered JMX Bean with object name Ratis:service=RaftServer,group=group-261C9F4040BA,id=02c8c0cd-3388-46ae-a10b-79a5583af984
2019-11-15 20:18:01,628 [grpc-default-executor-4] INFO  impl.RoleInfo (RoleInfo.java:shutdownLeaderState(104)) - 02c8c0cd-3388-46ae-a10b-79a5583af984: shutdown LeaderState
2019-11-15 20:18:01,628 [grpc-default-executor-4] INFO  impl.PendingRequests (PendingRequests.java:sendNotLeaderResponses(206)) - 02c8c0cd-3388-46ae-a10b-79a5583af984@group-261C9F4040BA-PendingRequests: sendNotLeaderResponses
2019-11-15 20:18:01,629 [grpc-default-executor-4] INFO  impl.StateMachineUpdater (StateMachineUpdater.java:stopAndJoin(136)) - 02c8c0cd-3388-46ae-a10b-79a5583af984@group-261C9F4040BA-StateMachineUpdater: set stopIndex = 0
2019-11-15 20:18:01,629 [grpc-default-executor-4] INFO  impl.RaftServerImpl (ServerState.java:close(387)) - 02c8c0cd-3388-46ae-a10b-79a5583af984@group-261C9F4040BA: closes. applyIndex: 0
2019-11-15 20:18:01,629 [02c8c0cd-3388-46ae-a10b-79a5583af984@group-261C9F4040BA-SegmentedRaftLogWorker] INFO  segmented.SegmentedRaftLogWorker (SegmentedRaftLogWorker.java:run(316)) - 02c8c0cd-3388-46ae-a10b-79a5583af984@group-261C9F4040BA-SegmentedRaftLogWorker was interrupted, exiting. There are 0 tasks remaining in the queue.
2019-11-15 20:18:01,629 [grpc-default-executor-4] INFO  segmented.SegmentedRaftLogWorker (SegmentedRaftLogWorker.java:close(224)) - 02c8c0cd-3388-46ae-a10b-79a5583af984@group-261C9F4040BA-SegmentedRaftLogWorker close()
2019-11-15 20:18:01,636 [Thread-1235] INFO  pipeline.PipelineStateManager (PipelineStateManager.java:removePipeline(106)) - Pipeline Pipeline[ Id: 4efb9110-c1f5-477f-82fa-261c9f4040ba, Nodes: 02c8c0cd-3388-46ae-a10b-79a5583af984{ip: 192.168.69.94, host: pr-hdds-2517-immreturn-vbf9m-3344069096, networkLocation: /rack1, certSerialId: null}, Type:RATIS, Factor:ONE, State:CLOSED] removed from db
2019-11-15 20:18:01,644 [grpc-default-executor-4] INFO  impl.RaftServerProxy (RaftServerProxy.java:addNew(89)) - 02c8c0cd-3388-46ae-a10b-79a5583af984: addNew group-A1C0BB025609:[02c8c0cd-3388-46ae-a10b-79a5583af984:192.168.69.94:40363] returns group-A1C0BB025609:java.util.concurrent.CompletableFuture@828e90a[Not completed]
2019-11-15 20:18:01,645 [pool-239-thread-1] INFO  impl.RaftServerImpl (RaftServerImpl.java:<init>(98)) - 02c8c0cd-3388-46ae-a10b-79a5583af984: new RaftServerImpl for group-A1C0BB025609:[02c8c0cd-3388-46ae-a10b-79a5583af984:192.168.69.94:40363] with ContainerStateMachine:uninitialized
2019-11-15 20:18:01,645 [pool-239-thread-1] INFO  server.RaftServerConfigKeys (ConfUtils.java:logGet(43)) - raft.server.rpc.timeout.min = 1s (custom)
2019-11-15 20:18:01,645 [pool-239-thread-1] INFO  server.RaftServerConfigKeys (ConfUtils.java:logGet(43)) - raft.server.rpc.timeout.max = 1200ms (custom)
2019-11-15 20:18:01,645 [pool-239-thread-1] INFO  server.RaftServerConfigKeys (ConfUtils.java:logGet(43)) - raft.server.rpcslowness.timeout = 120s (custom)
2019-11-15 20:18:01,645 [pool-239-thread-1] INFO  server.RaftServerConfigKeys (ConfUtils.java:logGet(43)) - raft.server.sleep.deviation.threshold = 300 (default)
2019-11-15 20:18:01,645 [pool-239-thread-1] INFO  server.RaftServerConfigKeys (ConfUtils.java:logGet(43)) - raft.server.log.appender.install.snapshot.enabled = false (custom)
2019-11-15 20:18:01,646 [pool-239-thread-1] INFO  impl.RaftServerImpl (ServerState.java:<init>(103)) - 02c8c0cd-3388-46ae-a10b-79a5583af984@group-A1C0BB025609: ConfigurationManager, init=-1: [02c8c0cd-3388-46ae-a10b-79a5583af984:192.168.69.94:40363], old=null, confs=<EMPTY_MAP>
2019-11-15 20:18:01,646 [pool-239-thread-1] INFO  server.RaftServerConfigKeys (ConfUtils.java:logGet(43)) - raft.server.storage.dir = [/workdir/hadoop-ozone/integration-test/target/test-dir/MiniOzoneClusterImpl-cd14858e-7fd2-404c-93a1-487d1243ff76/datanode-9/data/ratis] (custom)
2019-11-15 20:18:01,646 [pool-239-thread-1] INFO  server.RaftServerConfigKeys (ConfUtils.java:logGet(43)) - raft.server.log.corruption.policy = EXCEPTION (default)
2019-11-15 20:18:01,646 [pool-239-thread-1] INFO  storage.RaftStorageDirectory (RaftStorageDirectory.java:analyzeStorage(246)) - The storage directory /workdir/hadoop-ozone/integration-test/target/test-dir/MiniOzoneClusterImpl-cd14858e-7fd2-404c-93a1-487d1243ff76/datanode-9/data/ratis/719616f9-0069-4d68-b99e-a1c0bb025609 does not exist. Creating ...
2019-11-15 20:18:01,659 [pool-239-thread-1] INFO  storage.RaftStorageDirectory (RaftStorageDirectory.java:tryLock(328)) - Lock on /workdir/hadoop-ozone/integration-test/target/test-dir/MiniOzoneClusterImpl-cd14858e-7fd2-404c-93a1-487d1243ff76/datanode-9/data/ratis/719616f9-0069-4d68-b99e-a1c0bb025609/in_use.lock acquired by nodename 23188@pr-hdds-2517-immreturn-vbf9m-3344069096
2019-11-15 20:18:01,673 [pool-239-thread-1] INFO  storage.RaftStorage (RaftStorage.java:format(84)) - Storage directory /workdir/hadoop-ozone/integration-test/target/test-dir/MiniOzoneClusterImpl-cd14858e-7fd2-404c-93a1-487d1243ff76/datanode-9/data/ratis/719616f9-0069-4d68-b99e-a1c0bb025609 has been successfully formatted.
2019-11-15 20:18:01,673 [pool-239-thread-1] INFO  ratis.ContainerStateMachine (ContainerStateMachine.java:loadSnapshot(223)) - group-A1C0BB025609: The snapshot info is null. Setting the last applied indexto:(t:0, i:~)
2019-11-15 20:18:01,673 [pool-239-thread-1] INFO  server.RaftServerConfigKeys (ConfUtils.java:logGet(43)) - raft.server.notification.no-leader.timeout = 120s (custom)
2019-11-15 20:18:01,674 [pool-239-thread-1] INFO  server.RaftServerConfigKeys (ConfUtils.java:logGet(43)) - raft.server.log.use.memory = false (default)
2019-11-15 20:18:01,674 [pool-239-thread-1] INFO  server.RaftServerConfigKeys (ConfUtils.java:logGet(43)) - raft.server.log.purge.gap = 1000000 (custom)
2019-11-15 20:18:01,674 [pool-239-thread-1] INFO  server.RaftServerConfigKeys (ConfUtils.java:logGet(43)) - raft.server.log.appender.buffer.byte-limit = 33554432 (custom)
2019-11-15 20:18:01,674 [pool-239-thread-1] INFO  server.RaftServerConfigKeys (ConfUtils.java:logGet(43)) - raft.server.log.segment.size.max = 1048576 (custom)
2019-11-15 20:18:01,674 [pool-239-thread-1] INFO  server.RaftServerConfigKeys (ConfUtils.java:logGet(43)) - raft.server.log.segment.cache.num.max = 2 (custom)
2019-11-15 20:18:01,674 [pool-239-thread-1] INFO  segmented.SegmentedRaftLogWorker (SegmentedRaftLogWorker.java:<init>(173)) - new 02c8c0cd-3388-46ae-a10b-79a5583af984@group-A1C0BB025609-SegmentedRaftLogWorker for RaftStorage:Storage Directory /workdir/hadoop-ozone/integration-test/target/test-dir/MiniOzoneClusterImpl-cd14858e-7fd2-404c-93a1-487d1243ff76/datanode-9/data/ratis/719616f9-0069-4d68-b99e-a1c0bb025609
2019-11-15 20:18:01,674 [pool-239-thread-1] INFO  server.RaftServerConfigKeys (ConfUtils.java:logGet(43)) - raft.server.log.queue.byte-limit = 2147483647 (custom)
2019-11-15 20:18:01,674 [pool-239-thread-1] INFO  server.RaftServerConfigKeys (ConfUtils.java:logGet(43)) - raft.server.log.queue.element-limit = 1024 (custom)
2019-11-15 20:18:01,674 [pool-239-thread-1] INFO  server.RaftServerConfigKeys (ConfUtils.java:logGet(43)) - raft.server.log.segment.size.max = 1048576 (custom)
2019-11-15 20:18:01,674 [pool-239-thread-1] INFO  server.RaftServerConfigKeys (ConfUtils.java:logGet(43)) - raft.server.log.preallocated.size = 16384 (custom)
2019-11-15 20:18:01,675 [pool-239-thread-1] INFO  server.RaftServerConfigKeys (ConfUtils.java:logGet(43)) - raft.server.log.write.buffer.size = 33554432 (custom)
2019-11-15 20:18:01,675 [pool-239-thread-1] INFO  server.RaftServerConfigKeys (ConfUtils.java:logGet(43)) - raft.server.log.force.sync.num = 128 (default)
2019-11-15 20:18:01,675 [pool-239-thread-1] INFO  server.RaftServerConfigKeys (ConfUtils.java:logGet(43)) - raft.server.log.statemachine.data.sync = true (default)
2019-11-15 20:18:01,675 [pool-239-thread-1] INFO  server.RaftServerConfigKeys (ConfUtils.java:logGet(43)) - raft.server.log.statemachine.data.sync.timeout = 10s (default)
2019-11-15 20:18:01,675 [pool-239-thread-1] INFO  server.RaftServerConfigKeys (ConfUtils.java:logGet(43)) - raft.server.log.statemachine.data.sync.timeout.retry = -1 (default)
2019-11-15 20:18:01,675 [pool-239-thread-1] INFO  server.RaftServerConfigKeys (ConfUtils.java:logGet(43)) - raft.server.log.statemachine.data.caching.enabled = true (custom)
2019-11-15 20:18:01,675 [pool-239-thread-1] INFO  segmented.SegmentedRaftLogWorker (SegmentedRaftLogWorker.java:lambda$new$0(128)) - 02c8c0cd-3388-46ae-a10b-79a5583af984@group-A1C0BB025609-SegmentedRaftLogWorker: flushIndex: setUnconditionally 0 -> -1
2019-11-15 20:18:01,676 [pool-239-thread-1] INFO  server.RaftServerConfigKeys (ConfUtils.java:logGet(43)) - raft.server.snapshot.auto.trigger.enabled = true (custom)
2019-11-15 20:18:01,676 [pool-239-thread-1] INFO  server.RaftServerConfigKeys (ConfUtils.java:logGet(43)) - raft.server.snapshot.auto.trigger.threshold = 10000 (custom)
2019-11-15 20:18:01,676 [pool-239-thread-1] INFO  server.RaftServerConfigKeys (ConfUtils.java:logGet(43)) - raft.server.snapshot.retention.file.num = 5 (custom)
2019-11-15 20:18:01,676 [pool-239-thread-1] INFO  server.RaftServerConfigKeys (ConfUtils.java:logGet(43)) - raft.server.retrycache.expirytime = 600000ms (custom)
2019-11-15 20:18:01,676 [pool-239-thread-1] WARN  impl.MetricRegistriesImpl (MetricRegistriesImpl.java:lambda$create$1(61)) - First MetricRegistry has been created without registering reporters. You may need to call MetricRegistries.global().addReportRegistration(...) before.
2019-11-15 20:18:01,676 [pool-239-thread-1] WARN  impl.MetricRegistriesImpl (MetricRegistriesImpl.java:lambda$create$1(61)) - First MetricRegistry has been created without registering reporters. You may need to call MetricRegistries.global().addReportRegistration(...) before.
2019-11-15 20:18:01,676 [pool-239-thread-1] INFO  impl.RaftServerImpl (RaftServerImpl.java:start(184)) - 02c8c0cd-3388-46ae-a10b-79a5583af984@group-A1C0BB025609: start as a follower, conf=-1: [02c8c0cd-3388-46ae-a10b-79a5583af984:192.168.69.94:40363], old=null
2019-11-15 20:18:01,677 [pool-239-thread-1] INFO  impl.RaftServerImpl (RaftServerImpl.java:setRole(173)) - 02c8c0cd-3388-46ae-a10b-79a5583af984@group-A1C0BB025609: changes role from      null to FOLLOWER at term 0 for startAsFollower
2019-11-15 20:18:01,677 [pool-239-thread-1] INFO  impl.RoleInfo (RoleInfo.java:updateAndGet(143)) - 02c8c0cd-3388-46ae-a10b-79a5583af984: start FollowerState
2019-11-15 20:18:01,677 [pool-239-thread-1] INFO  util.JmxRegister (JmxRegister.java:tryRegister(44)) - Successfully registered JMX Bean with object name Ratis:service=RaftServer,group=group-A1C0BB025609,id=02c8c0cd-3388-46ae-a10b-79a5583af984
2019-11-15 20:18:01,677 [pool-239-thread-1] WARN  impl.MetricRegistriesImpl (MetricRegistriesImpl.java:lambda$create$1(61)) - First MetricRegistry has been created without registering reporters. You may need to call MetricRegistries.global().addReportRegistration(...) before.
2019-11-15 20:18:01,679 [RatisPipelineUtilsThread] INFO  pipeline.PipelineStateManager (PipelineStateManager.java:addPipeline(55)) - Created pipeline Pipeline[ Id: 719616f9-0069-4d68-b99e-a1c0bb025609, Nodes: 02c8c0cd-3388-46ae-a10b-79a5583af984{ip: 192.168.69.94, host: pr-hdds-2517-immreturn-vbf9m-3344069096, networkLocation: /rack1, certSerialId: null}, Type:RATIS, Factor:ONE, State:ALLOCATED]
2019-11-15 20:18:01,850 [main] INFO  ozone.MiniOzoneClusterImpl (MiniOzoneClusterImpl.java:shutdown(352)) - Shutting down the Mini Ozone Cluster
2019-11-15 20:18:01,850 [main] INFO  ozone.MiniOzoneClusterImpl (MiniOzoneClusterImpl.java:stop(368)) - Stopping the Mini Ozone Cluster
2019-11-15 20:18:01,850 [main] INFO  ozone.MiniOzoneClusterImpl (MiniOzoneClusterImpl.java:stopOM(438)) - Stopping the OzoneManager
2019-11-15 20:18:01,850 [main] INFO  ipc.Server (Server.java:stop(3082)) - Stopping server on 35160
2019-11-15 20:18:01,864 [IPC Server listener on 35160] INFO  ipc.Server (Server.java:run(1185)) - Stopping IPC Server listener on 35160
2019-11-15 20:18:01,866 [IPC Server Responder] INFO  ipc.Server (Server.java:run(1319)) - Stopping IPC Server Responder
2019-11-15 20:18:01,864 [main] INFO  ratis.OzoneManagerDoubleBuffer (OzoneManagerDoubleBuffer.java:stop(261)) - Stopping OMDoubleBuffer flush thread
2019-11-15 20:18:01,866 [OMDoubleBufferFlushThread] INFO  ratis.OzoneManagerDoubleBuffer (OzoneManagerDoubleBuffer.java:flushTransactions(199)) - OMDoubleBuffer flush thread OMDoubleBufferFlushThread is interrupted and will exit. OMDoubleBufferFlushThread
2019-11-15 20:18:01,879 [main] INFO  utils.BackgroundService (BackgroundService.java:shutdown(151)) - Shutting down service KeyDeletingService
2019-11-15 20:18:01,881 [main] INFO  handler.ContextHandler (ContextHandler.java:doStop(910)) - Stopped o.e.j.w.WebAppContext@3a2e9f5b{/,null,UNAVAILABLE}{/ozoneManager}
2019-11-15 20:18:01,882 [main] INFO  server.AbstractConnector (AbstractConnector.java:doStop(318)) - Stopped ServerConnector@7da34b26{HTTP/1.1,[http/1.1]}{0.0.0.0:0}
2019-11-15 20:18:01,882 [main] INFO  handler.ContextHandler (ContextHandler.java:doStop(910)) - Stopped o.e.j.s.ServletContextHandler@16aed49f{/static,file:///workdir/hadoop-ozone/integration-test/target/test-classes/webapps/static,UNAVAILABLE}
2019-11-15 20:18:01,882 [main] INFO  handler.ContextHandler (ContextHandler.java:doStop(910)) - Stopped o.e.j.s.ServletContextHandler@2f14b0f6{/logs,file:///workdir/hadoop-ozone/integration-test/target/log,UNAVAILABLE}
2019-11-15 20:18:01,885 [main] INFO  ozone.MiniOzoneClusterImpl (MiniOzoneClusterImpl.java:stopDatanodes(415)) - Stopping the HddsDatanodes
2019-11-15 20:18:02,021 [Thread-1392] INFO  impl.FollowerState (FollowerState.java:run(111)) - 96e7c94e-3c8d-4ea5-9d39-2046e661862c@group-64AECEABE0BE-FollowerState: change to CANDIDATE, lastRpcTime:1037ms, electionTimeout:1037ms
2019-11-15 20:18:02,022 [Thread-1392] INFO  impl.RoleInfo (RoleInfo.java:shutdownFollowerState(121)) - 96e7c94e-3c8d-4ea5-9d39-2046e661862c: shutdown FollowerState
2019-11-15 20:18:02,022 [Thread-1392] INFO  impl.RaftServerImpl (RaftServerImpl.java:setRole(173)) - 96e7c94e-3c8d-4ea5-9d39-2046e661862c@group-64AECEABE0BE: changes role from  FOLLOWER to CANDIDATE at term 0 for changeToCandidate
2019-11-15 20:18:02,022 [Thread-1392] INFO  impl.RoleInfo (RoleInfo.java:updateAndGet(143)) - 96e7c94e-3c8d-4ea5-9d39-2046e661862c: start LeaderElection
2019-11-15 20:18:02,052 [96e7c94e-3c8d-4ea5-9d39-2046e661862c@group-64AECEABE0BE-LeaderElection66] INFO  impl.LeaderElection (LeaderElection.java:askForVotes(178)) - 96e7c94e-3c8d-4ea5-9d39-2046e661862c@group-64AECEABE0BE-LeaderElection66: begin an election at term 1 for -1: [8ea95c1a-a940-4392-ad76-d729a81e9d62:192.168.69.94:34879, 96e7c94e-3c8d-4ea5-9d39-2046e661862c:192.168.69.94:44753, 02c8c0cd-3388-46ae-a10b-79a5583af984:192.168.69.94:40363], old=null
2019-11-15 20:18:02,057 [grpc-default-executor-4] INFO  impl.RaftServerImpl (RaftServerImpl.java:setRole(173)) - 02c8c0cd-3388-46ae-a10b-79a5583af984@group-64AECEABE0BE: changes role from  FOLLOWER to FOLLOWER at term 1 for recognizeCandidate:96e7c94e-3c8d-4ea5-9d39-2046e661862c
2019-11-15 20:18:02,057 [grpc-default-executor-1] INFO  impl.RaftServerImpl (RaftServerImpl.java:setRole(173)) - 8ea95c1a-a940-4392-ad76-d729a81e9d62@group-64AECEABE0BE: changes role from  FOLLOWER to FOLLOWER at term 1 for recognizeCandidate:96e7c94e-3c8d-4ea5-9d39-2046e661862c
2019-11-15 20:18:02,057 [grpc-default-executor-4] INFO  impl.RoleInfo (RoleInfo.java:shutdownFollowerState(121)) - 02c8c0cd-3388-46ae-a10b-79a5583af984: shutdown FollowerState
2019-11-15 20:18:02,058 [grpc-default-executor-1] INFO  impl.RoleInfo (RoleInfo.java:shutdownFollowerState(121)) - 8ea95c1a-a940-4392-ad76-d729a81e9d62: shutdown FollowerState
2019-11-15 20:18:02,058 [Thread-1397] INFO  impl.FollowerState (FollowerState.java:run(120)) - 02c8c0cd-3388-46ae-a10b-79a5583af984@group-64AECEABE0BE-FollowerState was interrupted: java.lang.InterruptedException: sleep interrupted
2019-11-15 20:18:02,058 [Thread-1398] INFO  impl.FollowerState (FollowerState.java:run(120)) - 8ea95c1a-a940-4392-ad76-d729a81e9d62@group-64AECEABE0BE-FollowerState was interrupted: java.lang.InterruptedException: sleep interrupted
2019-11-15 20:18:02,058 [grpc-default-executor-1] INFO  impl.RoleInfo (RoleInfo.java:updateAndGet(143)) - 8ea95c1a-a940-4392-ad76-d729a81e9d62: start FollowerState
2019-11-15 20:18:02,058 [grpc-default-executor-4] INFO  impl.RoleInfo (RoleInfo.java:updateAndGet(143)) - 02c8c0cd-3388-46ae-a10b-79a5583af984: start FollowerState
2019-11-15 20:18:02,083 [96e7c94e-3c8d-4ea5-9d39-2046e661862c@group-64AECEABE0BE-LeaderElection66] INFO  impl.LeaderElection (LeaderElection.java:logAndReturn(56)) - 96e7c94e-3c8d-4ea5-9d39-2046e661862c@group-64AECEABE0BE-LeaderElection66: Election PASSED; received 1 response(s) [96e7c94e-3c8d-4ea5-9d39-2046e661862c<-8ea95c1a-a940-4392-ad76-d729a81e9d62#0:OK-t1] and 0 exception(s); 96e7c94e-3c8d-4ea5-9d39-2046e661862c@group-64AECEABE0BE:t1, leader=null, voted=96e7c94e-3c8d-4ea5-9d39-2046e661862c, raftlog=96e7c94e-3c8d-4ea5-9d39-2046e661862c@group-64AECEABE0BE-SegmentedRaftLog:OPENED:c-1,f-1,i0, conf=-1: [8ea95c1a-a940-4392-ad76-d729a81e9d62:192.168.69.94:34879, 96e7c94e-3c8d-4ea5-9d39-2046e661862c:192.168.69.94:44753, 02c8c0cd-3388-46ae-a10b-79a5583af984:192.168.69.94:40363], old=null
2019-11-15 20:18:02,083 [96e7c94e-3c8d-4ea5-9d39-2046e661862c@group-64AECEABE0BE-LeaderElection66] INFO  impl.RoleInfo (RoleInfo.java:shutdownLeaderElection(134)) - 96e7c94e-3c8d-4ea5-9d39-2046e661862c: shutdown LeaderElection
2019-11-15 20:18:02,084 [96e7c94e-3c8d-4ea5-9d39-2046e661862c@group-64AECEABE0BE-LeaderElection66] INFO  impl.RaftServerImpl (RaftServerImpl.java:setRole(173)) - 96e7c94e-3c8d-4ea5-9d39-2046e661862c@group-64AECEABE0BE: changes role from CANDIDATE to LEADER at term 1 for changeToLeader
2019-11-15 20:18:02,084 [96e7c94e-3c8d-4ea5-9d39-2046e661862c@group-64AECEABE0BE-LeaderElection66] INFO  ratis.XceiverServerRatis (XceiverServerRatis.java:handleLeaderChangedNotification(697)) - Leader change notification received for group: group-64AECEABE0BE with new leaderId: 96e7c94e-3c8d-4ea5-9d39-2046e661862c
2019-11-15 20:18:02,084 [96e7c94e-3c8d-4ea5-9d39-2046e661862c@group-64AECEABE0BE-LeaderElection66] INFO  impl.RaftServerImpl (ServerState.java:setLeader(255)) - 96e7c94e-3c8d-4ea5-9d39-2046e661862c@group-64AECEABE0BE: change Leader from null to 96e7c94e-3c8d-4ea5-9d39-2046e661862c at term 1 for becomeLeader, leader elected after 1104ms
2019-11-15 20:18:02,084 [Datanode State Machine Thread - 0] INFO  statemachine.DatanodeStateMachine (DatanodeStateMachine.java:lambda$startDaemon$0(355)) - Ozone container server started.
2019-11-15 20:18:02,084 [96e7c94e-3c8d-4ea5-9d39-2046e661862c@group-64AECEABE0BE-LeaderElection66] INFO  server.RaftServerConfigKeys (ConfUtils.java:logGet(43)) - raft.server.staging.catchup.gap = 1000 (default)
2019-11-15 20:18:02,085 [96e7c94e-3c8d-4ea5-9d39-2046e661862c@group-64AECEABE0BE-LeaderElection66] INFO  server.RaftServerConfigKeys (ConfUtils.java:logGet(43)) - raft.server.rpc.sleep.time = 25ms (default)
2019-11-15 20:18:02,085 [96e7c94e-3c8d-4ea5-9d39-2046e661862c@group-64AECEABE0BE-LeaderElection66] INFO  server.RaftServerConfigKeys (ConfUtils.java:logGet(43)) - raft.server.write.element-limit = 4096 (default)
2019-11-15 20:18:02,085 [96e7c94e-3c8d-4ea5-9d39-2046e661862c@group-64AECEABE0BE-LeaderElection66] INFO  server.RaftServerConfigKeys (ConfUtils.java:logGet(43)) - raft.server.watch.timeout = 10s (default)
2019-11-15 20:18:02,085 [96e7c94e-3c8d-4ea5-9d39-2046e661862c@group-64AECEABE0BE-LeaderElection66] INFO  server.RaftServerConfigKeys (ConfUtils.java:logGet(43)) - raft.server.watch.timeout.denomination = 1s (default)
2019-11-15 20:18:02,086 [96e7c94e-3c8d-4ea5-9d39-2046e661862c@group-64AECEABE0BE-LeaderElection66] INFO  server.RaftServerConfigKeys (ConfUtils.java:logGet(43)) - raft.server.watch.element-limit = 65536 (default)
2019-11-15 20:18:02,086 [96e7c94e-3c8d-4ea5-9d39-2046e661862c@group-64AECEABE0BE-LeaderElection66] INFO  server.RaftServerConfigKeys (ConfUtils.java:logGet(43)) - raft.server.log.appender.snapshot.chunk.size.max = 16MB (=16777216) (default)
2019-11-15 20:18:02,086 [96e7c94e-3c8d-4ea5-9d39-2046e661862c@group-64AECEABE0BE-LeaderElection66] INFO  server.RaftServerConfigKeys (ConfUtils.java:logGet(43)) - raft.server.log.appender.buffer.byte-limit = 33554432 (custom)
2019-11-15 20:18:02,086 [96e7c94e-3c8d-4ea5-9d39-2046e661862c@group-64AECEABE0BE-LeaderElection66] INFO  server.RaftServerConfigKeys (ConfUtils.java:logGet(43)) - raft.server.log.appender.buffer.element-limit = 1 (custom)
2019-11-15 20:18:02,087 [96e7c94e-3c8d-4ea5-9d39-2046e661862c@group-64AECEABE0BE-LeaderElection66] INFO  grpc.GrpcConfigKeys$Server (ConfUtils.java:logGet(43)) - raft.grpc.server.leader.outstanding.appends.max = 128 (default)
2019-11-15 20:18:02,087 [96e7c94e-3c8d-4ea5-9d39-2046e661862c@group-64AECEABE0BE-LeaderElection66] INFO  server.RaftServerConfigKeys (ConfUtils.java:logGet(43)) - raft.server.rpc.request.timeout = 3000ms (default)
2019-11-15 20:18:02,087 [96e7c94e-3c8d-4ea5-9d39-2046e661862c@group-64AECEABE0BE-LeaderElection66] INFO  server.RaftServerConfigKeys (ConfUtils.java:logGet(43)) - raft.server.log.appender.install.snapshot.enabled = false (custom)
2019-11-15 20:18:02,087 [96e7c94e-3c8d-4ea5-9d39-2046e661862c@group-64AECEABE0BE-LeaderElection66] WARN  impl.MetricRegistriesImpl (MetricRegistriesImpl.java:lambda$create$1(61)) - First MetricRegistry has been created without registering reporters. You may need to call MetricRegistries.global().addReportRegistration(...) before.
2019-11-15 20:18:02,088 [96e7c94e-3c8d-4ea5-9d39-2046e661862c@group-64AECEABE0BE-LeaderElection66] INFO  server.RaftServerConfigKeys (ConfUtils.java:logGet(43)) - raft.server.log.appender.snapshot.chunk.size.max = 16MB (=16777216) (default)
2019-11-15 20:18:02,088 [96e7c94e-3c8d-4ea5-9d39-2046e661862c@group-64AECEABE0BE-LeaderElection66] INFO  server.RaftServerConfigKeys (ConfUtils.java:logGet(43)) - raft.server.log.appender.buffer.byte-limit = 33554432 (custom)
2019-11-15 20:18:02,088 [96e7c94e-3c8d-4ea5-9d39-2046e661862c@group-64AECEABE0BE-LeaderElection66] INFO  server.RaftServerConfigKeys (ConfUtils.java:logGet(43)) - raft.server.log.appender.buffer.element-limit = 1 (custom)
2019-11-15 20:18:02,088 [96e7c94e-3c8d-4ea5-9d39-2046e661862c@group-64AECEABE0BE-LeaderElection66] INFO  grpc.GrpcConfigKeys$Server (ConfUtils.java:logGet(43)) - raft.grpc.server.leader.outstanding.appends.max = 128 (default)
2019-11-15 20:18:02,088 [96e7c94e-3c8d-4ea5-9d39-2046e661862c@group-64AECEABE0BE-LeaderElection66] INFO  server.RaftServerConfigKeys (ConfUtils.java:logGet(43)) - raft.server.rpc.request.timeout = 3000ms (default)
2019-11-15 20:18:02,088 [96e7c94e-3c8d-4ea5-9d39-2046e661862c@group-64AECEABE0BE-LeaderElection66] INFO  server.RaftServerConfigKeys (ConfUtils.java:logGet(43)) - raft.server.log.appender.install.snapshot.enabled = false (custom)
2019-11-15 20:18:02,088 [96e7c94e-3c8d-4ea5-9d39-2046e661862c@group-64AECEABE0BE-LeaderElection66] INFO  impl.RoleInfo (RoleInfo.java:updateAndGet(143)) - 96e7c94e-3c8d-4ea5-9d39-2046e661862c: start LeaderState
2019-11-15 20:18:02,089 [96e7c94e-3c8d-4ea5-9d39-2046e661862c@group-64AECEABE0BE-LeaderElection66] INFO  segmented.SegmentedRaftLogWorker (SegmentedRaftLogWorker.java:startLogSegment(385)) - 96e7c94e-3c8d-4ea5-9d39-2046e661862c@group-64AECEABE0BE-SegmentedRaftLogWorker: Starting segment from index:0
2019-11-15 20:18:02,112 [96e7c94e-3c8d-4ea5-9d39-2046e661862c@group-64AECEABE0BE-LeaderElection66] INFO  impl.RaftServerImpl (ServerState.java:setRaftConf(356)) - 96e7c94e-3c8d-4ea5-9d39-2046e661862c@group-64AECEABE0BE: set configuration 0: [8ea95c1a-a940-4392-ad76-d729a81e9d62:192.168.69.94:34879, 96e7c94e-3c8d-4ea5-9d39-2046e661862c:192.168.69.94:44753, 02c8c0cd-3388-46ae-a10b-79a5583af984:192.168.69.94:40363], old=null at 0
2019-11-15 20:18:02,117 [grpc-default-executor-1] INFO  ratis.XceiverServerRatis (XceiverServerRatis.java:handleLeaderChangedNotification(697)) - Leader change notification received for group: group-64AECEABE0BE with new leaderId: 96e7c94e-3c8d-4ea5-9d39-2046e661862c
2019-11-15 20:18:02,117 [grpc-default-executor-1] INFO  impl.RaftServerImpl (ServerState.java:setLeader(255)) - 02c8c0cd-3388-46ae-a10b-79a5583af984@group-64AECEABE0BE: change Leader from null to 96e7c94e-3c8d-4ea5-9d39-2046e661862c at term 1 for appendEntries, leader elected after 1138ms
2019-11-15 20:18:02,119 [grpc-default-executor-4] INFO  ratis.XceiverServerRatis (XceiverServerRatis.java:handleLeaderChangedNotification(697)) - Leader change notification received for group: group-64AECEABE0BE with new leaderId: 96e7c94e-3c8d-4ea5-9d39-2046e661862c
2019-11-15 20:18:02,120 [grpc-default-executor-4] INFO  impl.RaftServerImpl (ServerState.java:setLeader(255)) - 8ea95c1a-a940-4392-ad76-d729a81e9d62@group-64AECEABE0BE: change Leader from null to 96e7c94e-3c8d-4ea5-9d39-2046e661862c at term 1 for appendEntries, leader elected after 1140ms
2019-11-15 20:18:02,122 [grpc-default-executor-4] INFO  impl.RaftServerImpl (ServerState.java:setRaftConf(356)) - 02c8c0cd-3388-46ae-a10b-79a5583af984@group-64AECEABE0BE: set configuration 0: [8ea95c1a-a940-4392-ad76-d729a81e9d62:192.168.69.94:34879, 96e7c94e-3c8d-4ea5-9d39-2046e661862c:192.168.69.94:44753, 02c8c0cd-3388-46ae-a10b-79a5583af984:192.168.69.94:40363], old=null at 0
2019-11-15 20:18:02,122 [grpc-default-executor-4] INFO  segmented.SegmentedRaftLogWorker (SegmentedRaftLogWorker.java:startLogSegment(385)) - 02c8c0cd-3388-46ae-a10b-79a5583af984@group-64AECEABE0BE-SegmentedRaftLogWorker: Starting segment from index:0
2019-11-15 20:18:02,127 [96e7c94e-3c8d-4ea5-9d39-2046e661862c@group-64AECEABE0BE-SegmentedRaftLogWorker] INFO  segmented.SegmentedRaftLogWorker (SegmentedRaftLogWorker.java:execute(576)) - 96e7c94e-3c8d-4ea5-9d39-2046e661862c@group-64AECEABE0BE-SegmentedRaftLogWorker: created new log segment /workdir/hadoop-ozone/integration-test/target/test-dir/MiniOzoneClusterImpl-cd14858e-7fd2-404c-93a1-487d1243ff76/datanode-5/data/ratis/368d2a1b-722f-4eb5-9ba6-64aeceabe0be/current/log_inprogress_0
2019-11-15 20:18:02,150 [grpc-default-executor-4] INFO  impl.RaftServerImpl (ServerState.java:setRaftConf(356)) - 8ea95c1a-a940-4392-ad76-d729a81e9d62@group-64AECEABE0BE: set configuration 0: [8ea95c1a-a940-4392-ad76-d729a81e9d62:192.168.69.94:34879, 96e7c94e-3c8d-4ea5-9d39-2046e661862c:192.168.69.94:44753, 02c8c0cd-3388-46ae-a10b-79a5583af984:192.168.69.94:40363], old=null at 0
2019-11-15 20:18:02,150 [grpc-default-executor-4] INFO  segmented.SegmentedRaftLogWorker (SegmentedRaftLogWorker.java:startLogSegment(385)) - 8ea95c1a-a940-4392-ad76-d729a81e9d62@group-64AECEABE0BE-SegmentedRaftLogWorker: Starting segment from index:0
2019-11-15 20:18:02,173 [02c8c0cd-3388-46ae-a10b-79a5583af984@group-64AECEABE0BE-SegmentedRaftLogWorker] INFO  segmented.SegmentedRaftLogWorker (SegmentedRaftLogWorker.java:execute(576)) - 02c8c0cd-3388-46ae-a10b-79a5583af984@group-64AECEABE0BE-SegmentedRaftLogWorker: created new log segment /workdir/hadoop-ozone/integration-test/target/test-dir/MiniOzoneClusterImpl-cd14858e-7fd2-404c-93a1-487d1243ff76/datanode-9/data/ratis/368d2a1b-722f-4eb5-9ba6-64aeceabe0be/current/log_inprogress_0
2019-11-15 20:18:02,175 [8ea95c1a-a940-4392-ad76-d729a81e9d62@group-64AECEABE0BE-SegmentedRaftLogWorker] INFO  segmented.SegmentedRaftLogWorker (SegmentedRaftLogWorker.java:execute(576)) - 8ea95c1a-a940-4392-ad76-d729a81e9d62@group-64AECEABE0BE-SegmentedRaftLogWorker: created new log segment /workdir/hadoop-ozone/integration-test/target/test-dir/MiniOzoneClusterImpl-cd14858e-7fd2-404c-93a1-487d1243ff76/datanode-8/data/ratis/368d2a1b-722f-4eb5-9ba6-64aeceabe0be/current/log_inprogress_0
2019-11-15 20:18:02,222 [Datanode State Machine Thread - 0] INFO  statemachine.DatanodeStateMachine (DatanodeStateMachine.java:lambda$startDaemon$0(355)) - Ozone container server started.
2019-11-15 20:18:02,285 [Thread-1412] INFO  impl.FollowerState (FollowerState.java:run(111)) - 8ea95c1a-a940-4392-ad76-d729a81e9d62@group-5FE3BC560A89-FollowerState: change to CANDIDATE, lastRpcTime:1199ms, electionTimeout:1199ms
2019-11-15 20:18:02,285 [Thread-1412] INFO  impl.RoleInfo (RoleInfo.java:shutdownFollowerState(121)) - 8ea95c1a-a940-4392-ad76-d729a81e9d62: shutdown FollowerState
2019-11-15 20:18:02,285 [Thread-1412] INFO  impl.RaftServerImpl (RaftServerImpl.java:setRole(173)) - 8ea95c1a-a940-4392-ad76-d729a81e9d62@group-5FE3BC560A89: changes role from  FOLLOWER to CANDIDATE at term 0 for changeToCandidate
2019-11-15 20:18:02,285 [Thread-1412] INFO  impl.RoleInfo (RoleInfo.java:updateAndGet(143)) - 8ea95c1a-a940-4392-ad76-d729a81e9d62: start LeaderElection
2019-11-15 20:18:02,302 [8ea95c1a-a940-4392-ad76-d729a81e9d62@group-5FE3BC560A89-LeaderElection67] INFO  impl.LeaderElection (LeaderElection.java:askForVotes(178)) - 8ea95c1a-a940-4392-ad76-d729a81e9d62@group-5FE3BC560A89-LeaderElection67: begin an election at term 1 for -1: [8ea95c1a-a940-4392-ad76-d729a81e9d62:192.168.69.94:34879], old=null
2019-11-15 20:18:02,302 [8ea95c1a-a940-4392-ad76-d729a81e9d62@group-5FE3BC560A89-LeaderElection67] INFO  impl.RoleInfo (RoleInfo.java:shutdownLeaderElection(134)) - 8ea95c1a-a940-4392-ad76-d729a81e9d62: shutdown LeaderElection
2019-11-15 20:18:02,302 [8ea95c1a-a940-4392-ad76-d729a81e9d62@group-5FE3BC560A89-LeaderElection67] INFO  impl.RaftServerImpl (RaftServerImpl.java:setRole(173)) - 8ea95c1a-a940-4392-ad76-d729a81e9d62@group-5FE3BC560A89: changes role from CANDIDATE to LEADER at term 1 for changeToLeader
2019-11-15 20:18:02,302 [8ea95c1a-a940-4392-ad76-d729a81e9d62@group-5FE3BC560A89-LeaderElection67] INFO  ratis.XceiverServerRatis (XceiverServerRatis.java:handleLeaderChangedNotification(697)) - Leader change notification received for group: group-5FE3BC560A89 with new leaderId: 8ea95c1a-a940-4392-ad76-d729a81e9d62
2019-11-15 20:18:02,302 [8ea95c1a-a940-4392-ad76-d729a81e9d62@group-5FE3BC560A89-LeaderElection67] INFO  impl.RaftServerImpl (ServerState.java:setLeader(255)) - 8ea95c1a-a940-4392-ad76-d729a81e9d62@group-5FE3BC560A89: change Leader from null to 8ea95c1a-a940-4392-ad76-d729a81e9d62 at term 1 for becomeLeader, leader elected after 1220ms
2019-11-15 20:18:02,302 [8ea95c1a-a940-4392-ad76-d729a81e9d62@group-5FE3BC560A89-LeaderElection67] INFO  server.RaftServerConfigKeys (ConfUtils.java:logGet(43)) - raft.server.staging.catchup.gap = 1000 (default)
2019-11-15 20:18:02,302 [8ea95c1a-a940-4392-ad76-d729a81e9d62@group-5FE3BC560A89-LeaderElection67] INFO  server.RaftServerConfigKeys (ConfUtils.java:logGet(43)) - raft.server.rpc.sleep.time = 25ms (default)
2019-11-15 20:18:02,302 [8ea95c1a-a940-4392-ad76-d729a81e9d62@group-5FE3BC560A89-LeaderElection67] INFO  server.RaftServerConfigKeys (ConfUtils.java:logGet(43)) - raft.server.write.element-limit = 4096 (default)
2019-11-15 20:18:02,302 [8ea95c1a-a940-4392-ad76-d729a81e9d62@group-5FE3BC560A89-LeaderElection67] INFO  server.RaftServerConfigKeys (ConfUtils.java:logGet(43)) - raft.server.watch.timeout = 10s (default)
2019-11-15 20:18:02,302 [8ea95c1a-a940-4392-ad76-d729a81e9d62@group-5FE3BC560A89-LeaderElection67] INFO  server.RaftServerConfigKeys (ConfUtils.java:logGet(43)) - raft.server.watch.timeout.denomination = 1s (default)
2019-11-15 20:18:02,303 [8ea95c1a-a940-4392-ad76-d729a81e9d62@group-5FE3BC560A89-LeaderElection67] INFO  server.RaftServerConfigKeys (ConfUtils.java:logGet(43)) - raft.server.watch.element-limit = 65536 (default)
2019-11-15 20:18:02,303 [8ea95c1a-a940-4392-ad76-d729a81e9d62@group-5FE3BC560A89-LeaderElection67] INFO  impl.RoleInfo (RoleInfo.java:updateAndGet(143)) - 8ea95c1a-a940-4392-ad76-d729a81e9d62: start LeaderState
2019-11-15 20:18:02,303 [EventQueue-PipelineReportForPipelineReportHandler] INFO  pipeline.PipelineStateManager (PipelineStateManager.java:openPipeline(134)) - Pipeline Pipeline[ Id: cee4d608-c0c3-47ab-9458-5fe3bc560a89, Nodes: 8ea95c1a-a940-4392-ad76-d729a81e9d62{ip: 192.168.69.94, host: pr-hdds-2517-immreturn-vbf9m-3344069096, networkLocation: /rack1, certSerialId: null}, Type:RATIS, Factor:ONE, State:OPEN] moved to OPEN state
2019-11-15 20:18:02,303 [8ea95c1a-a940-4392-ad76-d729a81e9d62@group-5FE3BC560A89-LeaderElection67] INFO  segmented.SegmentedRaftLogWorker (SegmentedRaftLogWorker.java:startLogSegment(385)) - 8ea95c1a-a940-4392-ad76-d729a81e9d62@group-5FE3BC560A89-SegmentedRaftLogWorker: Starting segment from index:0
2019-11-15 20:18:02,303 [8ea95c1a-a940-4392-ad76-d729a81e9d62@group-5FE3BC560A89-LeaderElection67] INFO  impl.RaftServerImpl (ServerState.java:setRaftConf(356)) - 8ea95c1a-a940-4392-ad76-d729a81e9d62@group-5FE3BC560A89: set configuration 0: [8ea95c1a-a940-4392-ad76-d729a81e9d62:192.168.69.94:34879], old=null at 0
2019-11-15 20:18:02,373 [Thread-1416] INFO  impl.FollowerState (FollowerState.java:run(111)) - f5e6ed35-042e-40b5-afb2-c30172d49513@group-D2C76342F43A-FollowerState: change to CANDIDATE, lastRpcTime:1173ms, electionTimeout:1173ms
2019-11-15 20:18:02,374 [Thread-1416] INFO  impl.RoleInfo (RoleInfo.java:shutdownFollowerState(121)) - f5e6ed35-042e-40b5-afb2-c30172d49513: shutdown FollowerState
2019-11-15 20:18:02,374 [Thread-1416] INFO  impl.RaftServerImpl (RaftServerImpl.java:setRole(173)) - f5e6ed35-042e-40b5-afb2-c30172d49513@group-D2C76342F43A: changes role from  FOLLOWER to CANDIDATE at term 0 for changeToCandidate
2019-11-15 20:18:02,374 [Thread-1416] INFO  impl.RoleInfo (RoleInfo.java:updateAndGet(143)) - f5e6ed35-042e-40b5-afb2-c30172d49513: start LeaderElection
2019-11-15 20:18:02,378 [8ea95c1a-a940-4392-ad76-d729a81e9d62@group-5FE3BC560A89-SegmentedRaftLogWorker] INFO  segmented.SegmentedRaftLogWorker (SegmentedRaftLogWorker.java:execute(576)) - 8ea95c1a-a940-4392-ad76-d729a81e9d62@group-5FE3BC560A89-SegmentedRaftLogWorker: created new log segment /workdir/hadoop-ozone/integration-test/target/test-dir/MiniOzoneClusterImpl-cd14858e-7fd2-404c-93a1-487d1243ff76/datanode-8/data/ratis/cee4d608-c0c3-47ab-9458-5fe3bc560a89/current/log_inprogress_0
2019-11-15 20:18:02,393 [f5e6ed35-042e-40b5-afb2-c30172d49513@group-D2C76342F43A-LeaderElection68] INFO  impl.LeaderElection (LeaderElection.java:askForVotes(178)) - f5e6ed35-042e-40b5-afb2-c30172d49513@group-D2C76342F43A-LeaderElection68: begin an election at term 1 for -1: [f5e6ed35-042e-40b5-afb2-c30172d49513:192.168.69.94:39593], old=null
2019-11-15 20:18:02,393 [f5e6ed35-042e-40b5-afb2-c30172d49513@group-D2C76342F43A-LeaderElection68] INFO  impl.RoleInfo (RoleInfo.java:shutdownLeaderElection(134)) - f5e6ed35-042e-40b5-afb2-c30172d49513: shutdown LeaderElection
2019-11-15 20:18:02,393 [f5e6ed35-042e-40b5-afb2-c30172d49513@group-D2C76342F43A-LeaderElection68] INFO  impl.RaftServerImpl (RaftServerImpl.java:setRole(173)) - f5e6ed35-042e-40b5-afb2-c30172d49513@group-D2C76342F43A: changes role from CANDIDATE to LEADER at term 1 for changeToLeader
2019-11-15 20:18:02,394 [f5e6ed35-042e-40b5-afb2-c30172d49513@group-D2C76342F43A-LeaderElection68] INFO  ratis.XceiverServerRatis (XceiverServerRatis.java:handleLeaderChangedNotification(697)) - Leader change notification received for group: group-D2C76342F43A with new leaderId: f5e6ed35-042e-40b5-afb2-c30172d49513
2019-11-15 20:18:02,394 [f5e6ed35-042e-40b5-afb2-c30172d49513@group-D2C76342F43A-LeaderElection68] INFO  impl.RaftServerImpl (ServerState.java:setLeader(255)) - f5e6ed35-042e-40b5-afb2-c30172d49513@group-D2C76342F43A: change Leader from null to f5e6ed35-042e-40b5-afb2-c30172d49513 at term 1 for becomeLeader, leader elected after 1197ms
2019-11-15 20:18:02,394 [f5e6ed35-042e-40b5-afb2-c30172d49513@group-D2C76342F43A-LeaderElection68] INFO  server.RaftServerConfigKeys (ConfUtils.java:logGet(43)) - raft.server.staging.catchup.gap = 1000 (default)
2019-11-15 20:18:02,394 [f5e6ed35-042e-40b5-afb2-c30172d49513@group-D2C76342F43A-LeaderElection68] INFO  server.RaftServerConfigKeys (ConfUtils.java:logGet(43)) - raft.server.rpc.sleep.time = 25ms (default)
2019-11-15 20:18:02,394 [f5e6ed35-042e-40b5-afb2-c30172d49513@group-D2C76342F43A-LeaderElection68] INFO  server.RaftServerConfigKeys (ConfUtils.java:logGet(43)) - raft.server.write.element-limit = 4096 (default)
2019-11-15 20:18:02,394 [f5e6ed35-042e-40b5-afb2-c30172d49513@group-D2C76342F43A-LeaderElection68] INFO  server.RaftServerConfigKeys (ConfUtils.java:logGet(43)) - raft.server.watch.timeout = 10s (default)
2019-11-15 20:18:02,394 [f5e6ed35-042e-40b5-afb2-c30172d49513@group-D2C76342F43A-LeaderElection68] INFO  server.RaftServerConfigKeys (ConfUtils.java:logGet(43)) - raft.server.watch.timeout.denomination = 1s (default)
2019-11-15 20:18:02,395 [f5e6ed35-042e-40b5-afb2-c30172d49513@group-D2C76342F43A-LeaderElection68] INFO  server.RaftServerConfigKeys (ConfUtils.java:logGet(43)) - raft.server.watch.element-limit = 65536 (default)
2019-11-15 20:18:02,395 [f5e6ed35-042e-40b5-afb2-c30172d49513@group-D2C76342F43A-LeaderElection68] INFO  impl.RoleInfo (RoleInfo.java:updateAndGet(143)) - f5e6ed35-042e-40b5-afb2-c30172d49513: start LeaderState
2019-11-15 20:18:02,395 [f5e6ed35-042e-40b5-afb2-c30172d49513@group-D2C76342F43A-LeaderElection68] INFO  segmented.SegmentedRaftLogWorker (SegmentedRaftLogWorker.java:startLogSegment(385)) - f5e6ed35-042e-40b5-afb2-c30172d49513@group-D2C76342F43A-SegmentedRaftLogWorker: Starting segment from index:0
2019-11-15 20:18:02,395 [EventQueue-PipelineReportForPipelineReportHandler] INFO  pipeline.PipelineStateManager (PipelineStateManager.java:openPipeline(134)) - Pipeline Pipeline[ Id: 07a3e15c-3268-4c73-86ce-d2c76342f43a, Nodes: f5e6ed35-042e-40b5-afb2-c30172d49513{ip: 192.168.69.94, host: pr-hdds-2517-immreturn-vbf9m-3344069096, networkLocation: /rack1, certSerialId: null}, Type:RATIS, Factor:ONE, State:OPEN] moved to OPEN state
2019-11-15 20:18:02,395 [f5e6ed35-042e-40b5-afb2-c30172d49513@group-D2C76342F43A-LeaderElection68] INFO  impl.RaftServerImpl (ServerState.java:setRaftConf(356)) - f5e6ed35-042e-40b5-afb2-c30172d49513@group-D2C76342F43A: set configuration 0: [f5e6ed35-042e-40b5-afb2-c30172d49513:192.168.69.94:39593], old=null at 0
2019-11-15 20:18:02,441 [f5e6ed35-042e-40b5-afb2-c30172d49513@group-D2C76342F43A-SegmentedRaftLogWorker] INFO  segmented.SegmentedRaftLogWorker (SegmentedRaftLogWorker.java:execute(576)) - f5e6ed35-042e-40b5-afb2-c30172d49513@group-D2C76342F43A-SegmentedRaftLogWorker: created new log segment /workdir/hadoop-ozone/integration-test/target/test-dir/MiniOzoneClusterImpl-cd14858e-7fd2-404c-93a1-487d1243ff76/datanode-3/data/ratis/07a3e15c-3268-4c73-86ce-d2c76342f43a/current/log_inprogress_0
2019-11-15 20:18:02,451 [Thread-1435] INFO  impl.FollowerState (FollowerState.java:run(111)) - d88ca459-20d2-4f21-a4b7-d806c7c265fd@group-B5CA401D5779-FollowerState: change to CANDIDATE, lastRpcTime:1104ms, electionTimeout:1104ms
2019-11-15 20:18:02,451 [Thread-1435] INFO  impl.RoleInfo (RoleInfo.java:shutdownFollowerState(121)) - d88ca459-20d2-4f21-a4b7-d806c7c265fd: shutdown FollowerState
2019-11-15 20:18:02,451 [Thread-1435] INFO  impl.RaftServerImpl (RaftServerImpl.java:setRole(173)) - d88ca459-20d2-4f21-a4b7-d806c7c265fd@group-B5CA401D5779: changes role from  FOLLOWER to CANDIDATE at term 0 for changeToCandidate
2019-11-15 20:18:02,452 [Thread-1435] INFO  impl.RoleInfo (RoleInfo.java:updateAndGet(143)) - d88ca459-20d2-4f21-a4b7-d806c7c265fd: start LeaderElection
2019-11-15 20:18:02,456 [Thread-1439] INFO  impl.FollowerState (FollowerState.java:run(111)) - f5e6ed35-042e-40b5-afb2-c30172d49513@group-B5CA401D5779-FollowerState: change to CANDIDATE, lastRpcTime:1108ms, electionTimeout:1108ms
2019-11-15 20:18:02,457 [Thread-1439] INFO  impl.RoleInfo (RoleInfo.java:shutdownFollowerState(121)) - f5e6ed35-042e-40b5-afb2-c30172d49513: shutdown FollowerState
2019-11-15 20:18:02,457 [Thread-1439] INFO  impl.RaftServerImpl (RaftServerImpl.java:setRole(173)) - f5e6ed35-042e-40b5-afb2-c30172d49513@group-B5CA401D5779: changes role from  FOLLOWER to CANDIDATE at term 0 for changeToCandidate
2019-11-15 20:18:02,457 [Thread-1439] INFO  impl.RoleInfo (RoleInfo.java:updateAndGet(143)) - f5e6ed35-042e-40b5-afb2-c30172d49513: start LeaderElection
2019-11-15 20:18:02,461 [Thread-1446] INFO  impl.FollowerState (FollowerState.java:run(111)) - 1acd8ba6-dda5-4cb5-b2f0-bb88a33d5541@group-B32476FDCFC9-FollowerState: change to CANDIDATE, lastRpcTime:1038ms, electionTimeout:1038ms
2019-11-15 20:18:02,461 [Thread-1446] INFO  impl.RoleInfo (RoleInfo.java:shutdownFollowerState(121)) - 1acd8ba6-dda5-4cb5-b2f0-bb88a33d5541: shutdown FollowerState
2019-11-15 20:18:02,461 [Thread-1446] INFO  impl.RaftServerImpl (RaftServerImpl.java:setRole(173)) - 1acd8ba6-dda5-4cb5-b2f0-bb88a33d5541@group-B32476FDCFC9: changes role from  FOLLOWER to CANDIDATE at term 0 for changeToCandidate
2019-11-15 20:18:02,461 [Thread-1446] INFO  impl.RoleInfo (RoleInfo.java:updateAndGet(143)) - 1acd8ba6-dda5-4cb5-b2f0-bb88a33d5541: start LeaderElection
2019-11-15 20:18:02,473 [1acd8ba6-dda5-4cb5-b2f0-bb88a33d5541@group-B32476FDCFC9-LeaderElection71] INFO  impl.LeaderElection (LeaderElection.java:askForVotes(178)) - 1acd8ba6-dda5-4cb5-b2f0-bb88a33d5541@group-B32476FDCFC9-LeaderElection71: begin an election at term 1 for -1: [1acd8ba6-dda5-4cb5-b2f0-bb88a33d5541:192.168.69.94:34837], old=null
2019-11-15 20:18:02,473 [d88ca459-20d2-4f21-a4b7-d806c7c265fd@group-B5CA401D5779-LeaderElection69] INFO  impl.LeaderElection (LeaderElection.java:askForVotes(178)) - d88ca459-20d2-4f21-a4b7-d806c7c265fd@group-B5CA401D5779-LeaderElection69: begin an election at term 1 for -1: [f5e6ed35-042e-40b5-afb2-c30172d49513:192.168.69.94:39593, c23f4e8b-a977-491c-8d15-b9b92ca8b7b3:192.168.69.94:37963, d88ca459-20d2-4f21-a4b7-d806c7c265fd:192.168.69.94:38325], old=null
2019-11-15 20:18:02,473 [f5e6ed35-042e-40b5-afb2-c30172d49513@group-B5CA401D5779-LeaderElection70] INFO  impl.LeaderElection (LeaderElection.java:askForVotes(178)) - f5e6ed35-042e-40b5-afb2-c30172d49513@group-B5CA401D5779-LeaderElection70: begin an election at term 1 for -1: [f5e6ed35-042e-40b5-afb2-c30172d49513:192.168.69.94:39593, c23f4e8b-a977-491c-8d15-b9b92ca8b7b3:192.168.69.94:37963, d88ca459-20d2-4f21-a4b7-d806c7c265fd:192.168.69.94:38325], old=null
2019-11-15 20:18:02,473 [1acd8ba6-dda5-4cb5-b2f0-bb88a33d5541@group-B32476FDCFC9-LeaderElection71] INFO  impl.RoleInfo (RoleInfo.java:shutdownLeaderElection(134)) - 1acd8ba6-dda5-4cb5-b2f0-bb88a33d5541: shutdown LeaderElection
2019-11-15 20:18:02,473 [1acd8ba6-dda5-4cb5-b2f0-bb88a33d5541@group-B32476FDCFC9-LeaderElection71] INFO  impl.RaftServerImpl (RaftServerImpl.java:setRole(173)) - 1acd8ba6-dda5-4cb5-b2f0-bb88a33d5541@group-B32476FDCFC9: changes role from CANDIDATE to LEADER at term 1 for changeToLeader
2019-11-15 20:18:02,473 [1acd8ba6-dda5-4cb5-b2f0-bb88a33d5541@group-B32476FDCFC9-LeaderElection71] INFO  ratis.XceiverServerRatis (XceiverServerRatis.java:handleLeaderChangedNotification(697)) - Leader change notification received for group: group-B32476FDCFC9 with new leaderId: 1acd8ba6-dda5-4cb5-b2f0-bb88a33d5541
2019-11-15 20:18:02,474 [1acd8ba6-dda5-4cb5-b2f0-bb88a33d5541@group-B32476FDCFC9-LeaderElection71] INFO  impl.RaftServerImpl (ServerState.java:setLeader(255)) - 1acd8ba6-dda5-4cb5-b2f0-bb88a33d5541@group-B32476FDCFC9: change Leader from null to 1acd8ba6-dda5-4cb5-b2f0-bb88a33d5541 at term 1 for becomeLeader, leader elected after 1053ms
2019-11-15 20:18:02,475 [1acd8ba6-dda5-4cb5-b2f0-bb88a33d5541@group-B32476FDCFC9-LeaderElection71] INFO  server.RaftServerConfigKeys (ConfUtils.java:logGet(43)) - raft.server.staging.catchup.gap = 1000 (default)
2019-11-15 20:18:02,475 [1acd8ba6-dda5-4cb5-b2f0-bb88a33d5541@group-B32476FDCFC9-LeaderElection71] INFO  server.RaftServerConfigKeys (ConfUtils.java:logGet(43)) - raft.server.rpc.sleep.time = 25ms (default)
2019-11-15 20:18:02,477 [1acd8ba6-dda5-4cb5-b2f0-bb88a33d5541@group-B32476FDCFC9-LeaderElection71] INFO  server.RaftServerConfigKeys (ConfUtils.java:logGet(43)) - raft.server.write.element-limit = 4096 (default)
2019-11-15 20:18:02,477 [1acd8ba6-dda5-4cb5-b2f0-bb88a33d5541@group-B32476FDCFC9-LeaderElection71] INFO  server.RaftServerConfigKeys (ConfUtils.java:logGet(43)) - raft.server.watch.timeout = 10s (default)
2019-11-15 20:18:02,477 [1acd8ba6-dda5-4cb5-b2f0-bb88a33d5541@group-B32476FDCFC9-LeaderElection71] INFO  server.RaftServerConfigKeys (ConfUtils.java:logGet(43)) - raft.server.watch.timeout.denomination = 1s (default)
2019-11-15 20:18:02,477 [1acd8ba6-dda5-4cb5-b2f0-bb88a33d5541@group-B32476FDCFC9-LeaderElection71] INFO  server.RaftServerConfigKeys (ConfUtils.java:logGet(43)) - raft.server.watch.element-limit = 65536 (default)
2019-11-15 20:18:02,478 [1acd8ba6-dda5-4cb5-b2f0-bb88a33d5541@group-B32476FDCFC9-LeaderElection71] INFO  impl.RoleInfo (RoleInfo.java:updateAndGet(143)) - 1acd8ba6-dda5-4cb5-b2f0-bb88a33d5541: start LeaderState
2019-11-15 20:18:02,478 [1acd8ba6-dda5-4cb5-b2f0-bb88a33d5541@group-B32476FDCFC9-LeaderElection71] INFO  segmented.SegmentedRaftLogWorker (SegmentedRaftLogWorker.java:startLogSegment(385)) - 1acd8ba6-dda5-4cb5-b2f0-bb88a33d5541@group-B32476FDCFC9-SegmentedRaftLogWorker: Starting segment from index:0
2019-11-15 20:18:02,478 [1acd8ba6-dda5-4cb5-b2f0-bb88a33d5541@group-B32476FDCFC9-LeaderElection71] INFO  impl.RaftServerImpl (ServerState.java:setRaftConf(356)) - 1acd8ba6-dda5-4cb5-b2f0-bb88a33d5541@group-B32476FDCFC9: set configuration 0: [1acd8ba6-dda5-4cb5-b2f0-bb88a33d5541:192.168.69.94:34837], old=null at 0
2019-11-15 20:18:02,478 [grpc-default-executor-4] INFO  impl.RaftServerImpl (RaftServerImpl.java:setRole(173)) - c23f4e8b-a977-491c-8d15-b9b92ca8b7b3@group-B5CA401D5779: changes role from  FOLLOWER to FOLLOWER at term 1 for recognizeCandidate:f5e6ed35-042e-40b5-afb2-c30172d49513
2019-11-15 20:18:02,504 [grpc-default-executor-4] INFO  impl.RoleInfo (RoleInfo.java:shutdownFollowerState(121)) - c23f4e8b-a977-491c-8d15-b9b92ca8b7b3: shutdown FollowerState
2019-11-15 20:18:02,504 [Thread-1437] INFO  impl.FollowerState (FollowerState.java:run(120)) - c23f4e8b-a977-491c-8d15-b9b92ca8b7b3@group-B5CA401D5779-FollowerState was interrupted: java.lang.InterruptedException: sleep interrupted
2019-11-15 20:18:02,504 [grpc-default-executor-4] INFO  impl.RoleInfo (RoleInfo.java:updateAndGet(143)) - c23f4e8b-a977-491c-8d15-b9b92ca8b7b3: start FollowerState
2019-11-15 20:18:02,538 [Thread-1450] INFO  impl.FollowerState (FollowerState.java:run(111)) - c23f4e8b-a977-491c-8d15-b9b92ca8b7b3@group-E67018E8286A-FollowerState: change to CANDIDATE, lastRpcTime:1040ms, electionTimeout:1040ms
2019-11-15 20:18:02,538 [Thread-1450] INFO  impl.RoleInfo (RoleInfo.java:shutdownFollowerState(121)) - c23f4e8b-a977-491c-8d15-b9b92ca8b7b3: shutdown FollowerState
2019-11-15 20:18:02,538 [Thread-1450] INFO  impl.RaftServerImpl (RaftServerImpl.java:setRole(173)) - c23f4e8b-a977-491c-8d15-b9b92ca8b7b3@group-E67018E8286A: changes role from  FOLLOWER to CANDIDATE at term 0 for changeToCandidate
2019-11-15 20:18:02,538 [Thread-1450] INFO  impl.RoleInfo (RoleInfo.java:updateAndGet(143)) - c23f4e8b-a977-491c-8d15-b9b92ca8b7b3: start LeaderElection
2019-11-15 20:18:02,560 [Command processor thread] ERROR commandhandler.CloseContainerCommandHandler (CloseContainerCommandHandler.java:handle(84)) - Container #1 does not exist in datanode. Container close failed.
2019-11-15 20:18:02,628 [Thread-1454] INFO  impl.FollowerState (FollowerState.java:run(111)) - 290dafba-a54e-4701-973a-40c4cf36477d@group-9369D2C5A8AF-FollowerState: change to CANDIDATE, lastRpcTime:1006ms, electionTimeout:1006ms
2019-11-15 20:18:02,628 [Thread-1454] INFO  impl.RoleInfo (RoleInfo.java:shutdownFollowerState(121)) - 290dafba-a54e-4701-973a-40c4cf36477d: shutdown FollowerState
2019-11-15 20:18:02,628 [Thread-1454] INFO  impl.RaftServerImpl (RaftServerImpl.java:setRole(173)) - 290dafba-a54e-4701-973a-40c4cf36477d@group-9369D2C5A8AF: changes role from  FOLLOWER to CANDIDATE at term 0 for changeToCandidate
2019-11-15 20:18:02,628 [Thread-1454] INFO  impl.RoleInfo (RoleInfo.java:updateAndGet(143)) - 290dafba-a54e-4701-973a-40c4cf36477d: start LeaderElection
2019-11-15 20:18:02,716 [1acd8ba6-dda5-4cb5-b2f0-bb88a33d5541@group-B32476FDCFC9-SegmentedRaftLogWorker] INFO  segmented.SegmentedRaftLogWorker (SegmentedRaftLogWorker.java:execute(576)) - 1acd8ba6-dda5-4cb5-b2f0-bb88a33d5541@group-B32476FDCFC9-SegmentedRaftLogWorker: created new log segment /workdir/hadoop-ozone/integration-test/target/test-dir/MiniOzoneClusterImpl-cd14858e-7fd2-404c-93a1-487d1243ff76/datanode-2/data/ratis/74d6211c-600c-41b9-a35a-b32476fdcfc9/current/log_inprogress_0
2019-11-15 20:18:02,717 [290dafba-a54e-4701-973a-40c4cf36477d@group-9369D2C5A8AF-LeaderElection73] INFO  impl.LeaderElection (LeaderElection.java:askForVotes(178)) - 290dafba-a54e-4701-973a-40c4cf36477d@group-9369D2C5A8AF-LeaderElection73: begin an election at term 1 for -1: [290dafba-a54e-4701-973a-40c4cf36477d:192.168.69.94:33749], old=null
2019-11-15 20:18:02,717 [c23f4e8b-a977-491c-8d15-b9b92ca8b7b3@group-E67018E8286A-LeaderElection72] INFO  impl.LeaderElection (LeaderElection.java:askForVotes(178)) - c23f4e8b-a977-491c-8d15-b9b92ca8b7b3@group-E67018E8286A-LeaderElection72: begin an election at term 1 for -1: [c23f4e8b-a977-491c-8d15-b9b92ca8b7b3:192.168.69.94:37963], old=null
2019-11-15 20:18:02,717 [290dafba-a54e-4701-973a-40c4cf36477d@group-9369D2C5A8AF-LeaderElection73] INFO  impl.RoleInfo (RoleInfo.java:shutdownLeaderElection(134)) - 290dafba-a54e-4701-973a-40c4cf36477d: shutdown LeaderElection
2019-11-15 20:18:02,720 [290dafba-a54e-4701-973a-40c4cf36477d@group-9369D2C5A8AF-LeaderElection73] INFO  impl.RaftServerImpl (RaftServerImpl.java:setRole(173)) - 290dafba-a54e-4701-973a-40c4cf36477d@group-9369D2C5A8AF: changes role from CANDIDATE to LEADER at term 1 for changeToLeader
2019-11-15 20:18:02,720 [290dafba-a54e-4701-973a-40c4cf36477d@group-9369D2C5A8AF-LeaderElection73] INFO  ratis.XceiverServerRatis (XceiverServerRatis.java:handleLeaderChangedNotification(697)) - Leader change notification received for group: group-9369D2C5A8AF with new leaderId: 290dafba-a54e-4701-973a-40c4cf36477d
2019-11-15 20:18:02,720 [c23f4e8b-a977-491c-8d15-b9b92ca8b7b3@group-E67018E8286A-LeaderElection72] INFO  impl.RoleInfo (RoleInfo.java:shutdownLeaderElection(134)) - c23f4e8b-a977-491c-8d15-b9b92ca8b7b3: shutdown LeaderElection
2019-11-15 20:18:02,720 [c23f4e8b-a977-491c-8d15-b9b92ca8b7b3@group-E67018E8286A-LeaderElection72] INFO  impl.RaftServerImpl (RaftServerImpl.java:setRole(173)) - c23f4e8b-a977-491c-8d15-b9b92ca8b7b3@group-E67018E8286A: changes role from CANDIDATE to LEADER at term 1 for changeToLeader
2019-11-15 20:18:02,720 [c23f4e8b-a977-491c-8d15-b9b92ca8b7b3@group-E67018E8286A-LeaderElection72] INFO  ratis.XceiverServerRatis (XceiverServerRatis.java:handleLeaderChangedNotification(697)) - Leader change notification received for group: group-E67018E8286A with new leaderId: c23f4e8b-a977-491c-8d15-b9b92ca8b7b3
2019-11-15 20:18:02,720 [290dafba-a54e-4701-973a-40c4cf36477d@group-9369D2C5A8AF-LeaderElection73] INFO  impl.RaftServerImpl (ServerState.java:setLeader(255)) - 290dafba-a54e-4701-973a-40c4cf36477d@group-9369D2C5A8AF: change Leader from null to 290dafba-a54e-4701-973a-40c4cf36477d at term 1 for becomeLeader, leader elected after 1101ms
2019-11-15 20:18:02,720 [290dafba-a54e-4701-973a-40c4cf36477d@group-9369D2C5A8AF-LeaderElection73] INFO  server.RaftServerConfigKeys (ConfUtils.java:logGet(43)) - raft.server.staging.catchup.gap = 1000 (default)
2019-11-15 20:18:02,720 [290dafba-a54e-4701-973a-40c4cf36477d@group-9369D2C5A8AF-LeaderElection73] INFO  server.RaftServerConfigKeys (ConfUtils.java:logGet(43)) - raft.server.rpc.sleep.time = 25ms (default)
2019-11-15 20:18:02,720 [c23f4e8b-a977-491c-8d15-b9b92ca8b7b3@group-E67018E8286A-LeaderElection72] INFO  impl.RaftServerImpl (ServerState.java:setLeader(255)) - c23f4e8b-a977-491c-8d15-b9b92ca8b7b3@group-E67018E8286A: change Leader from null to c23f4e8b-a977-491c-8d15-b9b92ca8b7b3 at term 1 for becomeLeader, leader elected after 1225ms
2019-11-15 20:18:02,721 [290dafba-a54e-4701-973a-40c4cf36477d@group-9369D2C5A8AF-LeaderElection73] INFO  server.RaftServerConfigKeys (ConfUtils.java:logGet(43)) - raft.server.write.element-limit = 4096 (default)
2019-11-15 20:18:02,720 [f5e6ed35-042e-40b5-afb2-c30172d49513@group-B5CA401D5779-LeaderElection70] INFO  impl.LeaderElection (LeaderElection.java:logAndReturn(56)) - f5e6ed35-042e-40b5-afb2-c30172d49513@group-B5CA401D5779-LeaderElection70: Election PASSED; received 2 response(s) [f5e6ed35-042e-40b5-afb2-c30172d49513<-c23f4e8b-a977-491c-8d15-b9b92ca8b7b3#0:OK-t1, f5e6ed35-042e-40b5-afb2-c30172d49513<-d88ca459-20d2-4f21-a4b7-d806c7c265fd#0:FAIL-t1] and 0 exception(s); f5e6ed35-042e-40b5-afb2-c30172d49513@group-B5CA401D5779:t1, leader=null, voted=f5e6ed35-042e-40b5-afb2-c30172d49513, raftlog=f5e6ed35-042e-40b5-afb2-c30172d49513@group-B5CA401D5779-SegmentedRaftLog:OPENED:c-1,f-1,i0, conf=-1: [f5e6ed35-042e-40b5-afb2-c30172d49513:192.168.69.94:39593, c23f4e8b-a977-491c-8d15-b9b92ca8b7b3:192.168.69.94:37963, d88ca459-20d2-4f21-a4b7-d806c7c265fd:192.168.69.94:38325], old=null
2019-11-15 20:18:02,721 [290dafba-a54e-4701-973a-40c4cf36477d@group-9369D2C5A8AF-LeaderElection73] INFO  server.RaftServerConfigKeys (ConfUtils.java:logGet(43)) - raft.server.watch.timeout = 10s (default)
2019-11-15 20:18:02,721 [c23f4e8b-a977-491c-8d15-b9b92ca8b7b3@group-E67018E8286A-LeaderElection72] INFO  server.RaftServerConfigKeys (ConfUtils.java:logGet(43)) - raft.server.staging.catchup.gap = 1000 (default)
2019-11-15 20:18:02,721 [d88ca459-20d2-4f21-a4b7-d806c7c265fd@group-B5CA401D5779-LeaderElection69] INFO  impl.LeaderElection (LeaderElection.java:logAndReturn(56)) - d88ca459-20d2-4f21-a4b7-d806c7c265fd@group-B5CA401D5779-LeaderElection69: Election REJECTED; received 2 response(s) [d88ca459-20d2-4f21-a4b7-d806c7c265fd<-f5e6ed35-042e-40b5-afb2-c30172d49513#0:FAIL-t1, d88ca459-20d2-4f21-a4b7-d806c7c265fd<-c23f4e8b-a977-491c-8d15-b9b92ca8b7b3#0:FAIL-t1] and 0 exception(s); d88ca459-20d2-4f21-a4b7-d806c7c265fd@group-B5CA401D5779:t1, leader=null, voted=d88ca459-20d2-4f21-a4b7-d806c7c265fd, raftlog=d88ca459-20d2-4f21-a4b7-d806c7c265fd@group-B5CA401D5779-SegmentedRaftLog:OPENED:c-1,f-1,i0, conf=-1: [f5e6ed35-042e-40b5-afb2-c30172d49513:192.168.69.94:39593, c23f4e8b-a977-491c-8d15-b9b92ca8b7b3:192.168.69.94:37963, d88ca459-20d2-4f21-a4b7-d806c7c265fd:192.168.69.94:38325], old=null
2019-11-15 20:18:02,721 [c23f4e8b-a977-491c-8d15-b9b92ca8b7b3@group-E67018E8286A-LeaderElection72] INFO  server.RaftServerConfigKeys (ConfUtils.java:logGet(43)) - raft.server.rpc.sleep.time = 25ms (default)
2019-11-15 20:18:02,721 [290dafba-a54e-4701-973a-40c4cf36477d@group-9369D2C5A8AF-LeaderElection73] INFO  server.RaftServerConfigKeys (ConfUtils.java:logGet(43)) - raft.server.watch.timeout.denomination = 1s (default)
2019-11-15 20:18:02,721 [f5e6ed35-042e-40b5-afb2-c30172d49513@group-B5CA401D5779-LeaderElection70] INFO  impl.RoleInfo (RoleInfo.java:shutdownLeaderElection(134)) - f5e6ed35-042e-40b5-afb2-c30172d49513: shutdown LeaderElection
2019-11-15 20:18:02,722 [290dafba-a54e-4701-973a-40c4cf36477d@group-9369D2C5A8AF-LeaderElection73] INFO  server.RaftServerConfigKeys (ConfUtils.java:logGet(43)) - raft.server.watch.element-limit = 65536 (default)
2019-11-15 20:18:02,722 [c23f4e8b-a977-491c-8d15-b9b92ca8b7b3@group-E67018E8286A-LeaderElection72] INFO  server.RaftServerConfigKeys (ConfUtils.java:logGet(43)) - raft.server.write.element-limit = 4096 (default)
2019-11-15 20:18:02,722 [EventQueue-PipelineReportForPipelineReportHandler] INFO  pipeline.PipelineStateManager (PipelineStateManager.java:openPipeline(134)) - Pipeline Pipeline[ Id: 29196ad5-dabe-4142-b880-9369d2c5a8af, Nodes: 290dafba-a54e-4701-973a-40c4cf36477d{ip: 192.168.69.94, host: pr-hdds-2517-immreturn-vbf9m-3344069096, networkLocation: /rack1, certSerialId: null}, Type:RATIS, Factor:ONE, State:OPEN] moved to OPEN state
2019-11-15 20:18:02,721 [d88ca459-20d2-4f21-a4b7-d806c7c265fd@group-B5CA401D5779-LeaderElection69] INFO  impl.RaftServerImpl (RaftServerImpl.java:setRole(173)) - d88ca459-20d2-4f21-a4b7-d806c7c265fd@group-B5CA401D5779: changes role from CANDIDATE to FOLLOWER at term 1 for DISCOVERED_A_NEW_TERM
2019-11-15 20:18:02,722 [c23f4e8b-a977-491c-8d15-b9b92ca8b7b3@group-E67018E8286A-LeaderElection72] INFO  server.RaftServerConfigKeys (ConfUtils.java:logGet(43)) - raft.server.watch.timeout = 10s (default)
2019-11-15 20:18:02,722 [290dafba-a54e-4701-973a-40c4cf36477d@group-9369D2C5A8AF-LeaderElection73] INFO  impl.RoleInfo (RoleInfo.java:updateAndGet(143)) - 290dafba-a54e-4701-973a-40c4cf36477d: start LeaderState
2019-11-15 20:18:02,722 [f5e6ed35-042e-40b5-afb2-c30172d49513@group-B5CA401D5779-LeaderElection70] INFO  impl.RaftServerImpl (RaftServerImpl.java:setRole(173)) - f5e6ed35-042e-40b5-afb2-c30172d49513@group-B5CA401D5779: changes role from CANDIDATE to LEADER at term 1 for changeToLeader
2019-11-15 20:18:02,722 [c23f4e8b-a977-491c-8d15-b9b92ca8b7b3@group-E67018E8286A-LeaderElection72] INFO  server.RaftServerConfigKeys (ConfUtils.java:logGet(43)) - raft.server.watch.timeout.denomination = 1s (default)
2019-11-15 20:18:02,722 [d88ca459-20d2-4f21-a4b7-d806c7c265fd@group-B5CA401D5779-LeaderElection69] INFO  impl.RoleInfo (RoleInfo.java:shutdownLeaderElection(134)) - d88ca459-20d2-4f21-a4b7-d806c7c265fd: shutdown LeaderElection
2019-11-15 20:18:02,722 [EventQueue-PipelineReportForPipelineReportHandler] INFO  pipeline.PipelineStateManager (PipelineStateManager.java:openPipeline(134)) - Pipeline Pipeline[ Id: 6d276b40-5c2f-46ba-9637-e67018e8286a, Nodes: c23f4e8b-a977-491c-8d15-b9b92ca8b7b3{ip: 192.168.69.94, host: pr-hdds-2517-immreturn-vbf9m-3344069096, networkLocation: /rack1, certSerialId: null}, Type:RATIS, Factor:ONE, State:OPEN] moved to OPEN state
2019-11-15 20:18:02,723 [d88ca459-20d2-4f21-a4b7-d806c7c265fd@group-B5CA401D5779-LeaderElection69] INFO  impl.RoleInfo (RoleInfo.java:updateAndGet(143)) - d88ca459-20d2-4f21-a4b7-d806c7c265fd: start FollowerState
2019-11-15 20:18:02,723 [c23f4e8b-a977-491c-8d15-b9b92ca8b7b3@group-E67018E8286A-LeaderElection72] INFO  server.RaftServerConfigKeys (ConfUtils.java:logGet(43)) - raft.server.watch.element-limit = 65536 (default)
2019-11-15 20:18:02,723 [290dafba-a54e-4701-973a-40c4cf36477d@group-9369D2C5A8AF-LeaderElection73] INFO  segmented.SegmentedRaftLogWorker (SegmentedRaftLogWorker.java:startLogSegment(385)) - 290dafba-a54e-4701-973a-40c4cf36477d@group-9369D2C5A8AF-SegmentedRaftLogWorker: Starting segment from index:0
2019-11-15 20:18:02,723 [f5e6ed35-042e-40b5-afb2-c30172d49513@group-B5CA401D5779-LeaderElection70] INFO  ratis.XceiverServerRatis (XceiverServerRatis.java:handleLeaderChangedNotification(697)) - Leader change notification received for group: group-B5CA401D5779 with new leaderId: f5e6ed35-042e-40b5-afb2-c30172d49513
2019-11-15 20:18:02,723 [c23f4e8b-a977-491c-8d15-b9b92ca8b7b3@group-E67018E8286A-LeaderElection72] INFO  impl.RoleInfo (RoleInfo.java:updateAndGet(143)) - c23f4e8b-a977-491c-8d15-b9b92ca8b7b3: start LeaderState
2019-11-15 20:18:02,724 [f5e6ed35-042e-40b5-afb2-c30172d49513@group-B5CA401D5779-LeaderElection70] INFO  impl.RaftServerImpl (ServerState.java:setLeader(255)) - f5e6ed35-042e-40b5-afb2-c30172d49513@group-B5CA401D5779: change Leader from null to f5e6ed35-042e-40b5-afb2-c30172d49513 at term 1 for becomeLeader, leader elected after 1383ms
2019-11-15 20:18:02,724 [290dafba-a54e-4701-973a-40c4cf36477d@group-9369D2C5A8AF-LeaderElection73] INFO  impl.RaftServerImpl (ServerState.java:setRaftConf(356)) - 290dafba-a54e-4701-973a-40c4cf36477d@group-9369D2C5A8AF: set configuration 0: [290dafba-a54e-4701-973a-40c4cf36477d:192.168.69.94:33749], old=null at 0
2019-11-15 20:18:02,724 [c23f4e8b-a977-491c-8d15-b9b92ca8b7b3@group-E67018E8286A-LeaderElection72] INFO  segmented.SegmentedRaftLogWorker (SegmentedRaftLogWorker.java:startLogSegment(385)) - c23f4e8b-a977-491c-8d15-b9b92ca8b7b3@group-E67018E8286A-SegmentedRaftLogWorker: Starting segment from index:0
2019-11-15 20:18:02,750 [Command processor thread] ERROR commandhandler.CloseContainerCommandHandler (CloseContainerCommandHandler.java:handle(84)) - Container #1 does not exist in datanode. Container close failed.
2019-11-15 20:18:02,724 [f5e6ed35-042e-40b5-afb2-c30172d49513@group-B5CA401D5779-LeaderElection70] INFO  server.RaftServerConfigKeys (ConfUtils.java:logGet(43)) - raft.server.staging.catchup.gap = 1000 (default)
2019-11-15 20:18:02,752 [EventQueue-PipelineReportForPipelineReportHandler] INFO  pipeline.PipelineStateManager (PipelineStateManager.java:openPipeline(134)) - Pipeline Pipeline[ Id: 89c7cb26-2486-4a5a-a76c-b5ca401d5779, Nodes: c23f4e8b-a977-491c-8d15-b9b92ca8b7b3{ip: 192.168.69.94, host: pr-hdds-2517-immreturn-vbf9m-3344069096, networkLocation: /rack1, certSerialId: null}d88ca459-20d2-4f21-a4b7-d806c7c265fd{ip: 192.168.69.94, host: pr-hdds-2517-immreturn-vbf9m-3344069096, networkLocation: /rack1, certSerialId: null}f5e6ed35-042e-40b5-afb2-c30172d49513{ip: 192.168.69.94, host: pr-hdds-2517-immreturn-vbf9m-3344069096, networkLocation: /rack1, certSerialId: null}, Type:RATIS, Factor:THREE, State:OPEN] moved to OPEN state
2019-11-15 20:18:02,752 [c23f4e8b-a977-491c-8d15-b9b92ca8b7b3@group-E67018E8286A-LeaderElection72] INFO  impl.RaftServerImpl (ServerState.java:setRaftConf(356)) - c23f4e8b-a977-491c-8d15-b9b92ca8b7b3@group-E67018E8286A: set configuration 0: [c23f4e8b-a977-491c-8d15-b9b92ca8b7b3:192.168.69.94:37963], old=null at 0
2019-11-15 20:18:02,752 [f5e6ed35-042e-40b5-afb2-c30172d49513@group-B5CA401D5779-LeaderElection70] INFO  server.RaftServerConfigKeys (ConfUtils.java:logGet(43)) - raft.server.rpc.sleep.time = 25ms (default)
2019-11-15 20:18:02,776 [Thread-1458] INFO  impl.FollowerState (FollowerState.java:run(111)) - 02c8c0cd-3388-46ae-a10b-79a5583af984@group-A1C0BB025609-FollowerState: change to CANDIDATE, lastRpcTime:1099ms, electionTimeout:1089ms
2019-11-15 20:18:02,777 [f5e6ed35-042e-40b5-afb2-c30172d49513@group-B5CA401D5779-LeaderElection70] INFO  server.RaftServerConfigKeys (ConfUtils.java:logGet(43)) - raft.server.write.element-limit = 4096 (default)
2019-11-15 20:18:02,777 [Thread-1458] INFO  impl.RoleInfo (RoleInfo.java:shutdownFollowerState(121)) - 02c8c0cd-3388-46ae-a10b-79a5583af984: shutdown FollowerState
2019-11-15 20:18:02,777 [f5e6ed35-042e-40b5-afb2-c30172d49513@group-B5CA401D5779-LeaderElection70] INFO  server.RaftServerConfigKeys (ConfUtils.java:logGet(43)) - raft.server.watch.timeout = 10s (default)
2019-11-15 20:18:02,777 [Thread-1458] INFO  impl.RaftServerImpl (RaftServerImpl.java:setRole(173)) - 02c8c0cd-3388-46ae-a10b-79a5583af984@group-A1C0BB025609: changes role from  FOLLOWER to CANDIDATE at term 0 for changeToCandidate
2019-11-15 20:18:02,777 [f5e6ed35-042e-40b5-afb2-c30172d49513@group-B5CA401D5779-LeaderElection70] INFO  server.RaftServerConfigKeys (ConfUtils.java:logGet(43)) - raft.server.watch.timeout.denomination = 1s (default)
2019-11-15 20:18:02,777 [Thread-1458] INFO  impl.RoleInfo (RoleInfo.java:updateAndGet(143)) - 02c8c0cd-3388-46ae-a10b-79a5583af984: start LeaderElection
2019-11-15 20:18:02,777 [f5e6ed35-042e-40b5-afb2-c30172d49513@group-B5CA401D5779-LeaderElection70] INFO  server.RaftServerConfigKeys (ConfUtils.java:logGet(43)) - raft.server.watch.element-limit = 65536 (default)
2019-11-15 20:18:02,777 [f5e6ed35-042e-40b5-afb2-c30172d49513@group-B5CA401D5779-LeaderElection70] INFO  server.RaftServerConfigKeys (ConfUtils.java:logGet(43)) - raft.server.log.appender.snapshot.chunk.size.max = 16MB (=16777216) (default)
2019-11-15 20:18:02,779 [f5e6ed35-042e-40b5-afb2-c30172d49513@group-B5CA401D5779-LeaderElection70] INFO  server.RaftServerConfigKeys (ConfUtils.java:logGet(43)) - raft.server.log.appender.buffer.byte-limit = 33554432 (custom)
2019-11-15 20:18:02,779 [f5e6ed35-042e-40b5-afb2-c30172d49513@group-B5CA401D5779-LeaderElection70] INFO  server.RaftServerConfigKeys (ConfUtils.java:logGet(43)) - raft.server.log.appender.buffer.element-limit = 1 (custom)
2019-11-15 20:18:02,779 [f5e6ed35-042e-40b5-afb2-c30172d49513@group-B5CA401D5779-LeaderElection70] INFO  grpc.GrpcConfigKeys$Server (ConfUtils.java:logGet(43)) - raft.grpc.server.leader.outstanding.appends.max = 128 (default)
2019-11-15 20:18:02,779 [f5e6ed35-042e-40b5-afb2-c30172d49513@group-B5CA401D5779-LeaderElection70] INFO  server.RaftServerConfigKeys (ConfUtils.java:logGet(43)) - raft.server.rpc.request.timeout = 3000ms (default)
2019-11-15 20:18:02,779 [f5e6ed35-042e-40b5-afb2-c30172d49513@group-B5CA401D5779-LeaderElection70] INFO  server.RaftServerConfigKeys (ConfUtils.java:logGet(43)) - raft.server.log.appender.install.snapshot.enabled = false (custom)
2019-11-15 20:18:02,779 [f5e6ed35-042e-40b5-afb2-c30172d49513@group-B5CA401D5779-LeaderElection70] WARN  impl.MetricRegistriesImpl (MetricRegistriesImpl.java:lambda$create$1(61)) - First MetricRegistry has been created without registering reporters. You may need to call MetricRegistries.global().addReportRegistration(...) before.
2019-11-15 20:18:02,779 [f5e6ed35-042e-40b5-afb2-c30172d49513@group-B5CA401D5779-LeaderElection70] INFO  server.RaftServerConfigKeys (ConfUtils.java:logGet(43)) - raft.server.log.appender.snapshot.chunk.size.max = 16MB (=16777216) (default)
2019-11-15 20:18:02,780 [f5e6ed35-042e-40b5-afb2-c30172d49513@group-B5CA401D5779-LeaderElection70] INFO  server.RaftServerConfigKeys (ConfUtils.java:logGet(43)) - raft.server.log.appender.buffer.byte-limit = 33554432 (custom)
2019-11-15 20:18:02,780 [f5e6ed35-042e-40b5-afb2-c30172d49513@group-B5CA401D5779-LeaderElection70] INFO  server.RaftServerConfigKeys (ConfUtils.java:logGet(43)) - raft.server.log.appender.buffer.element-limit = 1 (custom)
2019-11-15 20:18:02,780 [f5e6ed35-042e-40b5-afb2-c30172d49513@group-B5CA401D5779-LeaderElection70] INFO  grpc.GrpcConfigKeys$Server (ConfUtils.java:logGet(43)) - raft.grpc.server.leader.outstanding.appends.max = 128 (default)
2019-11-15 20:18:02,780 [f5e6ed35-042e-40b5-afb2-c30172d49513@group-B5CA401D5779-LeaderElection70] INFO  server.RaftServerConfigKeys (ConfUtils.java:logGet(43)) - raft.server.rpc.request.timeout = 3000ms (default)
2019-11-15 20:18:02,780 [f5e6ed35-042e-40b5-afb2-c30172d49513@group-B5CA401D5779-LeaderElection70] INFO  server.RaftServerConfigKeys (ConfUtils.java:logGet(43)) - raft.server.log.appender.install.snapshot.enabled = false (custom)
2019-11-15 20:18:02,780 [f5e6ed35-042e-40b5-afb2-c30172d49513@group-B5CA401D5779-LeaderElection70] INFO  impl.RoleInfo (RoleInfo.java:updateAndGet(143)) - f5e6ed35-042e-40b5-afb2-c30172d49513: start LeaderState
2019-11-15 20:18:02,780 [f5e6ed35-042e-40b5-afb2-c30172d49513@group-B5CA401D5779-LeaderElection70] INFO  segmented.SegmentedRaftLogWorker (SegmentedRaftLogWorker.java:startLogSegment(385)) - f5e6ed35-042e-40b5-afb2-c30172d49513@group-B5CA401D5779-SegmentedRaftLogWorker: Starting segment from index:0
2019-11-15 20:18:02,781 [f5e6ed35-042e-40b5-afb2-c30172d49513@group-B5CA401D5779-LeaderElection70] INFO  impl.RaftServerImpl (ServerState.java:setRaftConf(356)) - f5e6ed35-042e-40b5-afb2-c30172d49513@group-B5CA401D5779: set configuration 0: [f5e6ed35-042e-40b5-afb2-c30172d49513:192.168.69.94:39593, c23f4e8b-a977-491c-8d15-b9b92ca8b7b3:192.168.69.94:37963, d88ca459-20d2-4f21-a4b7-d806c7c265fd:192.168.69.94:38325], old=null at 0
2019-11-15 20:18:02,782 [grpc-default-executor-4] INFO  ratis.XceiverServerRatis (XceiverServerRatis.java:handleLeaderChangedNotification(697)) - Leader change notification received for group: group-B5CA401D5779 with new leaderId: f5e6ed35-042e-40b5-afb2-c30172d49513
2019-11-15 20:18:02,782 [grpc-default-executor-1] INFO  ratis.XceiverServerRatis (XceiverServerRatis.java:handleLeaderChangedNotification(697)) - Leader change notification received for group: group-B5CA401D5779 with new leaderId: f5e6ed35-042e-40b5-afb2-c30172d49513
2019-11-15 20:18:02,782 [grpc-default-executor-4] INFO  impl.RaftServerImpl (ServerState.java:setLeader(255)) - d88ca459-20d2-4f21-a4b7-d806c7c265fd@group-B5CA401D5779: change Leader from null to f5e6ed35-042e-40b5-afb2-c30172d49513 at term 1 for appendEntries, leader elected after 1442ms
2019-11-15 20:18:02,782 [grpc-default-executor-1] INFO  impl.RaftServerImpl (ServerState.java:setLeader(255)) - c23f4e8b-a977-491c-8d15-b9b92ca8b7b3@group-B5CA401D5779: change Leader from null to f5e6ed35-042e-40b5-afb2-c30172d49513 at term 1 for appendEntries, leader elected after 1441ms
2019-11-15 20:18:02,784 [grpc-default-executor-1] INFO  impl.RaftServerImpl (ServerState.java:setRaftConf(356)) - c23f4e8b-a977-491c-8d15-b9b92ca8b7b3@group-B5CA401D5779: set configuration 0: [f5e6ed35-042e-40b5-afb2-c30172d49513:192.168.69.94:39593, c23f4e8b-a977-491c-8d15-b9b92ca8b7b3:192.168.69.94:37963, d88ca459-20d2-4f21-a4b7-d806c7c265fd:192.168.69.94:38325], old=null at 0
2019-11-15 20:18:02,784 [grpc-default-executor-1] INFO  segmented.SegmentedRaftLogWorker (SegmentedRaftLogWorker.java:startLogSegment(385)) - c23f4e8b-a977-491c-8d15-b9b92ca8b7b3@group-B5CA401D5779-SegmentedRaftLogWorker: Starting segment from index:0
2019-11-15 20:18:02,784 [grpc-default-executor-4] INFO  impl.RaftServerImpl (ServerState.java:setRaftConf(356)) - d88ca459-20d2-4f21-a4b7-d806c7c265fd@group-B5CA401D5779: set configuration 0: [f5e6ed35-042e-40b5-afb2-c30172d49513:192.168.69.94:39593, c23f4e8b-a977-491c-8d15-b9b92ca8b7b3:192.168.69.94:37963, d88ca459-20d2-4f21-a4b7-d806c7c265fd:192.168.69.94:38325], old=null at 0
2019-11-15 20:18:02,785 [grpc-default-executor-4] INFO  segmented.SegmentedRaftLogWorker (SegmentedRaftLogWorker.java:startLogSegment(385)) - d88ca459-20d2-4f21-a4b7-d806c7c265fd@group-B5CA401D5779-SegmentedRaftLogWorker: Starting segment from index:0
2019-11-15 20:18:03,055 [290dafba-a54e-4701-973a-40c4cf36477d@group-9369D2C5A8AF-SegmentedRaftLogWorker] INFO  segmented.SegmentedRaftLogWorker (SegmentedRaftLogWorker.java:execute(576)) - 290dafba-a54e-4701-973a-40c4cf36477d@group-9369D2C5A8AF-SegmentedRaftLogWorker: created new log segment /workdir/hadoop-ozone/integration-test/target/test-dir/MiniOzoneClusterImpl-cd14858e-7fd2-404c-93a1-487d1243ff76/datanode-7/data/ratis/29196ad5-dabe-4142-b880-9369d2c5a8af/current/log_inprogress_0
2019-11-15 20:18:03,055 [c23f4e8b-a977-491c-8d15-b9b92ca8b7b3@group-E67018E8286A-SegmentedRaftLogWorker] INFO  segmented.SegmentedRaftLogWorker (SegmentedRaftLogWorker.java:execute(576)) - c23f4e8b-a977-491c-8d15-b9b92ca8b7b3@group-E67018E8286A-SegmentedRaftLogWorker: created new log segment /workdir/hadoop-ozone/integration-test/target/test-dir/MiniOzoneClusterImpl-cd14858e-7fd2-404c-93a1-487d1243ff76/datanode-4/data/ratis/6d276b40-5c2f-46ba-9637-e67018e8286a/current/log_inprogress_0
2019-11-15 20:18:03,107 [02c8c0cd-3388-46ae-a10b-79a5583af984@group-A1C0BB025609-LeaderElection74] INFO  impl.LeaderElection (LeaderElection.java:askForVotes(178)) - 02c8c0cd-3388-46ae-a10b-79a5583af984@group-A1C0BB025609-LeaderElection74: begin an election at term 1 for -1: [02c8c0cd-3388-46ae-a10b-79a5583af984:192.168.69.94:40363], old=null
2019-11-15 20:18:03,107 [02c8c0cd-3388-46ae-a10b-79a5583af984@group-A1C0BB025609-LeaderElection74] INFO  impl.RoleInfo (RoleInfo.java:shutdownLeaderElection(134)) - 02c8c0cd-3388-46ae-a10b-79a5583af984: shutdown LeaderElection
2019-11-15 20:18:03,107 [02c8c0cd-3388-46ae-a10b-79a5583af984@group-A1C0BB025609-LeaderElection74] INFO  impl.RaftServerImpl (RaftServerImpl.java:setRole(173)) - 02c8c0cd-3388-46ae-a10b-79a5583af984@group-A1C0BB025609: changes role from CANDIDATE to LEADER at term 1 for changeToLeader
2019-11-15 20:18:03,107 [02c8c0cd-3388-46ae-a10b-79a5583af984@group-A1C0BB025609-LeaderElection74] INFO  ratis.XceiverServerRatis (XceiverServerRatis.java:handleLeaderChangedNotification(697)) - Leader change notification received for group: group-A1C0BB025609 with new leaderId: 02c8c0cd-3388-46ae-a10b-79a5583af984
2019-11-15 20:18:03,108 [02c8c0cd-3388-46ae-a10b-79a5583af984@group-A1C0BB025609-LeaderElection74] INFO  impl.RaftServerImpl (ServerState.java:setLeader(255)) - 02c8c0cd-3388-46ae-a10b-79a5583af984@group-A1C0BB025609: change Leader from null to 02c8c0cd-3388-46ae-a10b-79a5583af984 at term 1 for becomeLeader, leader elected after 1434ms
2019-11-15 20:18:03,108 [02c8c0cd-3388-46ae-a10b-79a5583af984@group-A1C0BB025609-LeaderElection74] INFO  server.RaftServerConfigKeys (ConfUtils.java:logGet(43)) - raft.server.staging.catchup.gap = 1000 (default)
2019-11-15 20:18:03,108 [02c8c0cd-3388-46ae-a10b-79a5583af984@group-A1C0BB025609-LeaderElection74] INFO  server.RaftServerConfigKeys (ConfUtils.java:logGet(43)) - raft.server.rpc.sleep.time = 25ms (default)
2019-11-15 20:18:03,108 [02c8c0cd-3388-46ae-a10b-79a5583af984@group-A1C0BB025609-LeaderElection74] INFO  server.RaftServerConfigKeys (ConfUtils.java:logGet(43)) - raft.server.write.element-limit = 4096 (default)
2019-11-15 20:18:03,108 [f5e6ed35-042e-40b5-afb2-c30172d49513@group-B5CA401D5779-SegmentedRaftLogWorker] INFO  segmented.SegmentedRaftLogWorker (SegmentedRaftLogWorker.java:execute(576)) - f5e6ed35-042e-40b5-afb2-c30172d49513@group-B5CA401D5779-SegmentedRaftLogWorker: created new log segment /workdir/hadoop-ozone/integration-test/target/test-dir/MiniOzoneClusterImpl-cd14858e-7fd2-404c-93a1-487d1243ff76/datanode-3/data/ratis/89c7cb26-2486-4a5a-a76c-b5ca401d5779/current/log_inprogress_0
2019-11-15 20:18:03,108 [d88ca459-20d2-4f21-a4b7-d806c7c265fd@group-B5CA401D5779-SegmentedRaftLogWorker] INFO  segmented.SegmentedRaftLogWorker (SegmentedRaftLogWorker.java:execute(576)) - d88ca459-20d2-4f21-a4b7-d806c7c265fd@group-B5CA401D5779-SegmentedRaftLogWorker: created new log segment /workdir/hadoop-ozone/integration-test/target/test-dir/MiniOzoneClusterImpl-cd14858e-7fd2-404c-93a1-487d1243ff76/datanode-6/data/ratis/89c7cb26-2486-4a5a-a76c-b5ca401d5779/current/log_inprogress_0
2019-11-15 20:18:03,108 [02c8c0cd-3388-46ae-a10b-79a5583af984@group-A1C0BB025609-LeaderElection74] INFO  server.RaftServerConfigKeys (ConfUtils.java:logGet(43)) - raft.server.watch.timeout = 10s (default)
2019-11-15 20:18:03,109 [02c8c0cd-3388-46ae-a10b-79a5583af984@group-A1C0BB025609-LeaderElection74] INFO  server.RaftServerConfigKeys (ConfUtils.java:logGet(43)) - raft.server.watch.timeout.denomination = 1s (default)
2019-11-15 20:18:03,109 [02c8c0cd-3388-46ae-a10b-79a5583af984@group-A1C0BB025609-LeaderElection74] INFO  server.RaftServerConfigKeys (ConfUtils.java:logGet(43)) - raft.server.watch.element-limit = 65536 (default)
2019-11-15 20:18:03,109 [02c8c0cd-3388-46ae-a10b-79a5583af984@group-A1C0BB025609-LeaderElection74] INFO  impl.RoleInfo (RoleInfo.java:updateAndGet(143)) - 02c8c0cd-3388-46ae-a10b-79a5583af984: start LeaderState
2019-11-15 20:18:03,109 [02c8c0cd-3388-46ae-a10b-79a5583af984@group-A1C0BB025609-LeaderElection74] INFO  segmented.SegmentedRaftLogWorker (SegmentedRaftLogWorker.java:startLogSegment(385)) - 02c8c0cd-3388-46ae-a10b-79a5583af984@group-A1C0BB025609-SegmentedRaftLogWorker: Starting segment from index:0
2019-11-15 20:18:03,108 [c23f4e8b-a977-491c-8d15-b9b92ca8b7b3@group-B5CA401D5779-SegmentedRaftLogWorker] INFO  segmented.SegmentedRaftLogWorker (SegmentedRaftLogWorker.java:execute(576)) - c23f4e8b-a977-491c-8d15-b9b92ca8b7b3@group-B5CA401D5779-SegmentedRaftLogWorker: created new log segment /workdir/hadoop-ozone/integration-test/target/test-dir/MiniOzoneClusterImpl-cd14858e-7fd2-404c-93a1-487d1243ff76/datanode-4/data/ratis/89c7cb26-2486-4a5a-a76c-b5ca401d5779/current/log_inprogress_0
2019-11-15 20:18:03,109 [EventQueue-PipelineReportForPipelineReportHandler] INFO  pipeline.PipelineStateManager (PipelineStateManager.java:openPipeline(134)) - Pipeline Pipeline[ Id: 719616f9-0069-4d68-b99e-a1c0bb025609, Nodes: 02c8c0cd-3388-46ae-a10b-79a5583af984{ip: 192.168.69.94, host: pr-hdds-2517-immreturn-vbf9m-3344069096, networkLocation: /rack1, certSerialId: null}, Type:RATIS, Factor:ONE, State:OPEN] moved to OPEN state
2019-11-15 20:18:03,110 [02c8c0cd-3388-46ae-a10b-79a5583af984@group-A1C0BB025609-LeaderElection74] INFO  impl.RaftServerImpl (ServerState.java:setRaftConf(356)) - 02c8c0cd-3388-46ae-a10b-79a5583af984@group-A1C0BB025609: set configuration 0: [02c8c0cd-3388-46ae-a10b-79a5583af984:192.168.69.94:40363], old=null at 0
2019-11-15 20:18:03,786 [02c8c0cd-3388-46ae-a10b-79a5583af984@group-A1C0BB025609-SegmentedRaftLogWorker] INFO  segmented.SegmentedRaftLogWorker (SegmentedRaftLogWorker.java:execute(576)) - 02c8c0cd-3388-46ae-a10b-79a5583af984@group-A1C0BB025609-SegmentedRaftLogWorker: created new log segment /workdir/hadoop-ozone/integration-test/target/test-dir/MiniOzoneClusterImpl-cd14858e-7fd2-404c-93a1-487d1243ff76/datanode-9/data/ratis/719616f9-0069-4d68-b99e-a1c0bb025609/current/log_inprogress_0
2019-11-15 20:18:06,886 [ForkJoinPool.commonPool-worker-1] INFO  ozoneimpl.OzoneContainer (OzoneContainer.java:stop(244)) - Attempting to stop container services.
2019-11-15 20:18:06,886 [main] INFO  ozoneimpl.OzoneContainer (OzoneContainer.java:stop(244)) - Attempting to stop container services.
2019-11-15 20:18:06,887 [ForkJoinPool.commonPool-worker-1] INFO  impl.RaftServerProxy (RaftServerProxy.java:lambda$close$4(314)) - 1acd8ba6-dda5-4cb5-b2f0-bb88a33d5541: close
2019-11-15 20:18:06,887 [main] INFO  impl.RaftServerProxy (RaftServerProxy.java:lambda$close$4(314)) - 96e7c94e-3c8d-4ea5-9d39-2046e661862c: close
2019-11-15 20:18:06,887 [ForkJoinPool.commonPool-worker-1] INFO  impl.RaftServerImpl (RaftServerImpl.java:lambda$shutdown$3(250)) - 1acd8ba6-dda5-4cb5-b2f0-bb88a33d5541@group-AED6481E285D: shutdown
2019-11-15 20:18:06,887 [main] INFO  impl.RaftServerImpl (RaftServerImpl.java:lambda$shutdown$3(250)) - 96e7c94e-3c8d-4ea5-9d39-2046e661862c@group-64AECEABE0BE: shutdown
2019-11-15 20:18:06,887 [ForkJoinPool.commonPool-worker-1] INFO  util.JmxRegister (JmxRegister.java:unregister(73)) - Successfully un-registered JMX Bean with object name Ratis:service=RaftServer,group=group-AED6481E285D,id=1acd8ba6-dda5-4cb5-b2f0-bb88a33d5541
2019-11-15 20:18:06,888 [main] INFO  util.JmxRegister (JmxRegister.java:unregister(73)) - Successfully un-registered JMX Bean with object name Ratis:service=RaftServer,group=group-64AECEABE0BE,id=96e7c94e-3c8d-4ea5-9d39-2046e661862c
2019-11-15 20:18:06,888 [ForkJoinPool.commonPool-worker-1] INFO  impl.RoleInfo (RoleInfo.java:shutdownFollowerState(121)) - 1acd8ba6-dda5-4cb5-b2f0-bb88a33d5541: shutdown FollowerState
2019-11-15 20:18:06,888 [main] INFO  impl.RoleInfo (RoleInfo.java:shutdownLeaderState(104)) - 96e7c94e-3c8d-4ea5-9d39-2046e661862c: shutdown LeaderState
2019-11-15 20:18:06,889 [Thread-1364] INFO  impl.FollowerState (FollowerState.java:run(120)) - 1acd8ba6-dda5-4cb5-b2f0-bb88a33d5541@group-AED6481E285D-FollowerState was interrupted: java.lang.InterruptedException: sleep interrupted
2019-11-15 20:18:06,888 [ForkJoinPool.commonPool-worker-1] INFO  impl.StateMachineUpdater (StateMachineUpdater.java:stopAndJoin(136)) - 1acd8ba6-dda5-4cb5-b2f0-bb88a33d5541@group-AED6481E285D-StateMachineUpdater: set stopIndex = 6
2019-11-15 20:18:06,904 [org.apache.ratis.server.impl.LogAppender$AppenderDaemon$$Lambda$442/633709551@745616e3] WARN  server.GrpcLogAppender (GrpcLogAppender.java:mayWait(151)) - 96e7c94e-3c8d-4ea5-9d39-2046e661862c@group-64AECEABE0BE->8ea95c1a-a940-4392-ad76-d729a81e9d62-GrpcLogAppender: Wait interrupted by java.lang.InterruptedException
2019-11-15 20:18:06,904 [org.apache.ratis.server.impl.LogAppender$AppenderDaemon$$Lambda$442/633709551@3154860d] WARN  server.GrpcLogAppender (GrpcLogAppender.java:mayWait(151)) - 96e7c94e-3c8d-4ea5-9d39-2046e661862c@group-64AECEABE0BE->02c8c0cd-3388-46ae-a10b-79a5583af984-GrpcLogAppender: Wait interrupted by java.lang.InterruptedException
2019-11-15 20:18:06,889 [1acd8ba6-dda5-4cb5-b2f0-bb88a33d5541@group-AED6481E285D-StateMachineUpdater] INFO  ratis.ContainerStateMachine (ContainerStateMachine.java:takeSnapshot(285)) - group-AED6481E285D: Taking a snapshot at:(t:3, i:6) file /workdir/hadoop-ozone/integration-test/target/test-dir/MiniOzoneClusterImpl-cd14858e-7fd2-404c-93a1-487d1243ff76/datanode-2/data/ratis/56898cc3-d283-4414-a679-aed6481e285d/sm/snapshot.3_6
2019-11-15 20:18:06,904 [main] INFO  impl.PendingRequests (PendingRequests.java:sendNotLeaderResponses(206)) - 96e7c94e-3c8d-4ea5-9d39-2046e661862c@group-64AECEABE0BE-PendingRequests: sendNotLeaderResponses
2019-11-15 20:18:06,905 [main] INFO  impl.StateMachineUpdater (StateMachineUpdater.java:stopAndJoin(136)) - 96e7c94e-3c8d-4ea5-9d39-2046e661862c@group-64AECEABE0BE-StateMachineUpdater: set stopIndex = 0
2019-11-15 20:18:06,909 [main] INFO  impl.RaftServerImpl (ServerState.java:close(387)) - 96e7c94e-3c8d-4ea5-9d39-2046e661862c@group-64AECEABE0BE: closes. applyIndex: 0
2019-11-15 20:18:06,910 [grpc-default-executor-4] INFO  server.GrpcServerProtocolService (GrpcServerProtocolService.java:onCompleted(113)) - 02c8c0cd-3388-46ae-a10b-79a5583af984: Completed APPEND_ENTRIES, lastRequest: 96e7c94e-3c8d-4ea5-9d39-2046e661862c->02c8c0cd-3388-46ae-a10b-79a5583af984#10-t1, previous=(t:1, i:0), leaderCommit=0, initializing? false, entries: <empty>
2019-11-15 20:18:06,910 [grpc-default-executor-1] INFO  server.GrpcServerProtocolService (GrpcServerProtocolService.java:onCompleted(113)) - 8ea95c1a-a940-4392-ad76-d729a81e9d62: Completed APPEND_ENTRIES, lastRequest: 96e7c94e-3c8d-4ea5-9d39-2046e661862c->8ea95c1a-a940-4392-ad76-d729a81e9d62#10-t1, previous=(t:1, i:0), leaderCommit=0, initializing? false, entries: <empty>
2019-11-15 20:18:06,910 [96e7c94e-3c8d-4ea5-9d39-2046e661862c@group-64AECEABE0BE-SegmentedRaftLogWorker] INFO  segmented.SegmentedRaftLogWorker (SegmentedRaftLogWorker.java:run(316)) - 96e7c94e-3c8d-4ea5-9d39-2046e661862c@group-64AECEABE0BE-SegmentedRaftLogWorker was interrupted, exiting. There are 0 tasks remaining in the queue.
2019-11-15 20:18:06,910 [main] INFO  segmented.SegmentedRaftLogWorker (SegmentedRaftLogWorker.java:close(224)) - 96e7c94e-3c8d-4ea5-9d39-2046e661862c@group-64AECEABE0BE-SegmentedRaftLogWorker close()
2019-11-15 20:18:06,914 [main] INFO  impl.RaftServerImpl (RaftServerImpl.java:lambda$shutdown$3(250)) - 96e7c94e-3c8d-4ea5-9d39-2046e661862c@group-1B95EFD55CBA: shutdown
2019-11-15 20:18:06,914 [grpc-default-executor-4] INFO  server.GrpcLogAppender (GrpcLogAppender.java:onCompleted(308)) - 96e7c94e-3c8d-4ea5-9d39-2046e661862c@group-64AECEABE0BE->8ea95c1a-a940-4392-ad76-d729a81e9d62-AppendLogResponseHandler: follower responses appendEntries COMPLETED
2019-11-15 20:18:06,914 [grpc-default-executor-1] INFO  server.GrpcLogAppender (GrpcLogAppender.java:onCompleted(308)) - 96e7c94e-3c8d-4ea5-9d39-2046e661862c@group-64AECEABE0BE->02c8c0cd-3388-46ae-a10b-79a5583af984-AppendLogResponseHandler: follower responses appendEntries COMPLETED
2019-11-15 20:18:06,915 [main] INFO  util.JmxRegister (JmxRegister.java:unregister(73)) - Successfully un-registered JMX Bean with object name Ratis:service=RaftServer,group=group-1B95EFD55CBA,id=96e7c94e-3c8d-4ea5-9d39-2046e661862c
2019-11-15 20:18:06,915 [main] INFO  impl.RoleInfo (RoleInfo.java:shutdownLeaderState(104)) - 96e7c94e-3c8d-4ea5-9d39-2046e661862c: shutdown LeaderState
2019-11-15 20:18:06,916 [main] INFO  impl.PendingRequests (PendingRequests.java:sendNotLeaderResponses(206)) - 96e7c94e-3c8d-4ea5-9d39-2046e661862c@group-1B95EFD55CBA-PendingRequests: sendNotLeaderResponses
2019-11-15 20:18:06,916 [main] INFO  impl.StateMachineUpdater (StateMachineUpdater.java:stopAndJoin(136)) - 96e7c94e-3c8d-4ea5-9d39-2046e661862c@group-1B95EFD55CBA-StateMachineUpdater: set stopIndex = 0
2019-11-15 20:18:06,917 [main] INFO  impl.RaftServerImpl (ServerState.java:close(387)) - 96e7c94e-3c8d-4ea5-9d39-2046e661862c@group-1B95EFD55CBA: closes. applyIndex: 0
2019-11-15 20:18:06,917 [96e7c94e-3c8d-4ea5-9d39-2046e661862c@group-1B95EFD55CBA-SegmentedRaftLogWorker] INFO  segmented.SegmentedRaftLogWorker (SegmentedRaftLogWorker.java:run(316)) - 96e7c94e-3c8d-4ea5-9d39-2046e661862c@group-1B95EFD55CBA-SegmentedRaftLogWorker was interrupted, exiting. There are 0 tasks remaining in the queue.
2019-11-15 20:18:06,917 [grpc-default-executor-4] INFO  impl.FollowerInfo (FollowerInfo.java:lambda$new$0(51)) - 96e7c94e-3c8d-4ea5-9d39-2046e661862c@group-64AECEABE0BE->8ea95c1a-a940-4392-ad76-d729a81e9d62: nextIndex: updateUnconditionally 1 -> 0
2019-11-15 20:18:06,917 [main] INFO  segmented.SegmentedRaftLogWorker (SegmentedRaftLogWorker.java:close(224)) - 96e7c94e-3c8d-4ea5-9d39-2046e661862c@group-1B95EFD55CBA-SegmentedRaftLogWorker close()
2019-11-15 20:18:06,917 [grpc-default-executor-1] INFO  impl.FollowerInfo (FollowerInfo.java:lambda$new$0(51)) - 96e7c94e-3c8d-4ea5-9d39-2046e661862c@group-64AECEABE0BE->02c8c0cd-3388-46ae-a10b-79a5583af984: nextIndex: updateUnconditionally 1 -> 0
2019-11-15 20:18:06,920 [main] INFO  server.GrpcService (GrpcService.java:closeImpl(164)) - 96e7c94e-3c8d-4ea5-9d39-2046e661862c: shutdown server with port 44753 now
2019-11-15 20:18:06,921 [main] INFO  server.GrpcService (GrpcService.java:closeImpl(172)) - 96e7c94e-3c8d-4ea5-9d39-2046e661862c: shutdown server with port 44753 successfully
2019-11-15 20:18:06,923 [refreshUsed-/workdir/hadoop-ozone/integration-test/target/test-dir/MiniOzoneClusterImpl-cd14858e-7fd2-404c-93a1-487d1243ff76/datanode-5/data/containers] WARN  fs.CachingGetSpaceUsed (CachingGetSpaceUsed.java:run(183)) - Thread Interrupted waiting to refresh disk information: sleep interrupted
2019-11-15 20:18:06,939 [main] INFO  utils.BackgroundService (BackgroundService.java:shutdown(151)) - Shutting down service BlockDeletingService
2019-11-15 20:18:06,944 [1acd8ba6-dda5-4cb5-b2f0-bb88a33d5541@group-AED6481E285D-StateMachineUpdater] INFO  ratis.ContainerStateMachine (ContainerStateMachine.java:takeSnapshot(296)) - group-AED6481E285D: Finished taking a snapshot at:(t:3, i:6) file:/workdir/hadoop-ozone/integration-test/target/test-dir/MiniOzoneClusterImpl-cd14858e-7fd2-404c-93a1-487d1243ff76/datanode-2/data/ratis/56898cc3-d283-4414-a679-aed6481e285d/sm/snapshot.3_6 time:55
2019-11-15 20:18:06,949 [main] INFO  statemachine.DatanodeStateMachine (DatanodeStateMachine.java:stopDaemon(400)) - Ozone container server stopped.
2019-11-15 20:18:06,949 [1acd8ba6-dda5-4cb5-b2f0-bb88a33d5541@group-AED6481E285D-StateMachineUpdater] INFO  impl.StateMachineUpdater (StateMachineUpdater.java:takeSnapshot(269)) - 1acd8ba6-dda5-4cb5-b2f0-bb88a33d5541@group-AED6481E285D-StateMachineUpdater: Took a snapshot at index 6
2019-11-15 20:18:06,950 [1acd8ba6-dda5-4cb5-b2f0-bb88a33d5541@group-AED6481E285D-StateMachineUpdater] INFO  impl.StateMachineUpdater (StateMachineUpdater.java:lambda$new$0(84)) - 1acd8ba6-dda5-4cb5-b2f0-bb88a33d5541@group-AED6481E285D-StateMachineUpdater: snapshotIndex: updateIncreasingly -1 -> 6
2019-11-15 20:18:06,965 [ForkJoinPool.commonPool-worker-1] INFO  impl.RaftServerImpl (ServerState.java:close(387)) - 1acd8ba6-dda5-4cb5-b2f0-bb88a33d5541@group-AED6481E285D: closes. applyIndex: 6
2019-11-15 20:18:06,965 [main] INFO  handler.ContextHandler (ContextHandler.java:doStop(910)) - Stopped o.e.j.w.WebAppContext@16a2ed51{/,null,UNAVAILABLE}{/hddsDatanode}
2019-11-15 20:18:06,966 [1acd8ba6-dda5-4cb5-b2f0-bb88a33d5541@group-AED6481E285D-SegmentedRaftLogWorker] INFO  segmented.SegmentedRaftLogWorker (SegmentedRaftLogWorker.java:run(316)) - 1acd8ba6-dda5-4cb5-b2f0-bb88a33d5541@group-AED6481E285D-SegmentedRaftLogWorker was interrupted, exiting. There are 0 tasks remaining in the queue.
2019-11-15 20:18:06,966 [ForkJoinPool.commonPool-worker-1] INFO  segmented.SegmentedRaftLogWorker (SegmentedRaftLogWorker.java:close(224)) - 1acd8ba6-dda5-4cb5-b2f0-bb88a33d5541@group-AED6481E285D-SegmentedRaftLogWorker close()
2019-11-15 20:18:06,969 [ForkJoinPool.commonPool-worker-1] INFO  impl.RaftServerImpl (RaftServerImpl.java:lambda$shutdown$3(250)) - 1acd8ba6-dda5-4cb5-b2f0-bb88a33d5541@group-B32476FDCFC9: shutdown
2019-11-15 20:18:06,969 [main] INFO  server.AbstractConnector (AbstractConnector.java:doStop(318)) - Stopped ServerConnector@3b332962{HTTP/1.1,[http/1.1]}{0.0.0.0:0}
2019-11-15 20:18:06,970 [ForkJoinPool.commonPool-worker-1] INFO  util.JmxRegister (JmxRegister.java:unregister(73)) - Successfully un-registered JMX Bean with object name Ratis:service=RaftServer,group=group-B32476FDCFC9,id=1acd8ba6-dda5-4cb5-b2f0-bb88a33d5541
2019-11-15 20:18:06,970 [ForkJoinPool.commonPool-worker-1] INFO  impl.RoleInfo (RoleInfo.java:shutdownLeaderState(104)) - 1acd8ba6-dda5-4cb5-b2f0-bb88a33d5541: shutdown LeaderState
2019-11-15 20:18:06,970 [main] INFO  handler.ContextHandler (ContextHandler.java:doStop(910)) - Stopped o.e.j.s.ServletContextHandler@310ed6b4{/static,jar:file:/home/user/.m2/repository/org/apache/hadoop/hadoop-hdds-container-service/0.5.0-SNAPSHOT/hadoop-hdds-container-service-0.5.0-SNAPSHOT.jar!/webapps/static,UNAVAILABLE}
2019-11-15 20:18:06,970 [ForkJoinPool.commonPool-worker-1] INFO  impl.PendingRequests (PendingRequests.java:sendNotLeaderResponses(206)) - 1acd8ba6-dda5-4cb5-b2f0-bb88a33d5541@group-B32476FDCFC9-PendingRequests: sendNotLeaderResponses
2019-11-15 20:18:06,971 [main] INFO  handler.ContextHandler (ContextHandler.java:doStop(910)) - Stopped o.e.j.s.ServletContextHandler@3a17b2e3{/logs,file:///workdir/hadoop-ozone/integration-test/target/log,UNAVAILABLE}
2019-11-15 20:18:06,971 [ForkJoinPool.commonPool-worker-1] INFO  impl.StateMachineUpdater (StateMachineUpdater.java:stopAndJoin(136)) - 1acd8ba6-dda5-4cb5-b2f0-bb88a33d5541@group-B32476FDCFC9-StateMachineUpdater: set stopIndex = 0
2019-11-15 20:18:06,972 [ForkJoinPool.commonPool-worker-1] INFO  impl.RaftServerImpl (ServerState.java:close(387)) - 1acd8ba6-dda5-4cb5-b2f0-bb88a33d5541@group-B32476FDCFC9: closes. applyIndex: 0
2019-11-15 20:18:06,972 [1acd8ba6-dda5-4cb5-b2f0-bb88a33d5541@group-B32476FDCFC9-SegmentedRaftLogWorker] INFO  segmented.SegmentedRaftLogWorker (SegmentedRaftLogWorker.java:run(316)) - 1acd8ba6-dda5-4cb5-b2f0-bb88a33d5541@group-B32476FDCFC9-SegmentedRaftLogWorker was interrupted, exiting. There are 0 tasks remaining in the queue.
2019-11-15 20:18:06,973 [ForkJoinPool.commonPool-worker-1] INFO  segmented.SegmentedRaftLogWorker (SegmentedRaftLogWorker.java:close(224)) - 1acd8ba6-dda5-4cb5-b2f0-bb88a33d5541@group-B32476FDCFC9-SegmentedRaftLogWorker close()
2019-11-15 20:18:06,976 [ForkJoinPool.commonPool-worker-1] INFO  server.GrpcService (GrpcService.java:closeImpl(164)) - 1acd8ba6-dda5-4cb5-b2f0-bb88a33d5541: shutdown server with port 34837 now
2019-11-15 20:18:06,977 [grpc-default-executor-4] WARN  server.GrpcServerProtocolService (LogUtils.java:warn(134)) - 1acd8ba6-dda5-4cb5-b2f0-bb88a33d5541: installSnapshot onError, lastRequest: 278d11c8-d2e3-4654-bbf4-54dbcf402594->1acd8ba6-dda5-4cb5-b2f0-bb88a33d5541#19-t3, previous=(t:3, i:6), leaderCommit=6, initializing? false, entries: <empty>: org.apache.ratis.thirdparty.io.grpc.StatusRuntimeException: CANCELLED: cancelled before receiving half close
2019-11-15 20:18:06,979 [grpc-default-executor-5] WARN  server.GrpcLogAppender (LogUtils.java:warn(134)) - 278d11c8-d2e3-4654-bbf4-54dbcf402594@group-AED6481E285D->1acd8ba6-dda5-4cb5-b2f0-bb88a33d5541-AppendLogResponseHandler: Failed appendEntries: org.apache.ratis.thirdparty.io.grpc.StatusRuntimeException: CANCELLED: HTTP/2 error code: CANCEL
Received Rst Stream
2019-11-15 20:18:06,979 [grpc-default-executor-5] INFO  impl.FollowerInfo (FollowerInfo.java:lambda$new$0(51)) - 278d11c8-d2e3-4654-bbf4-54dbcf402594@group-AED6481E285D->1acd8ba6-dda5-4cb5-b2f0-bb88a33d5541: nextIndex: updateUnconditionally 7 -> 6
2019-11-15 20:18:06,979 [ForkJoinPool.commonPool-worker-1] INFO  server.GrpcService (GrpcService.java:closeImpl(172)) - 1acd8ba6-dda5-4cb5-b2f0-bb88a33d5541: shutdown server with port 34837 successfully
2019-11-15 20:18:06,985 [refreshUsed-/workdir/hadoop-ozone/integration-test/target/test-dir/MiniOzoneClusterImpl-cd14858e-7fd2-404c-93a1-487d1243ff76/datanode-2/data/containers] WARN  fs.CachingGetSpaceUsed (CachingGetSpaceUsed.java:run(183)) - Thread Interrupted waiting to refresh disk information: sleep interrupted
2019-11-15 20:18:06,997 [ForkJoinPool.commonPool-worker-1] INFO  utils.BackgroundService (BackgroundService.java:shutdown(151)) - Shutting down service BlockDeletingService
2019-11-15 20:18:07,003 [ForkJoinPool.commonPool-worker-1] INFO  statemachine.DatanodeStateMachine (DatanodeStateMachine.java:stopDaemon(400)) - Ozone container server stopped.
2019-11-15 20:18:07,008 [ForkJoinPool.commonPool-worker-1] INFO  handler.ContextHandler (ContextHandler.java:doStop(910)) - Stopped o.e.j.w.WebAppContext@31a2a9fa{/,null,UNAVAILABLE}{/hddsDatanode}
2019-11-15 20:18:07,008 [ForkJoinPool.commonPool-worker-1] INFO  server.AbstractConnector (AbstractConnector.java:doStop(318)) - Stopped ServerConnector@31b82e0f{HTTP/1.1,[http/1.1]}{0.0.0.0:0}
2019-11-15 20:18:07,010 [ForkJoinPool.commonPool-worker-1] INFO  handler.ContextHandler (ContextHandler.java:doStop(910)) - Stopped o.e.j.s.ServletContextHandler@5568c66f{/static,jar:file:/home/user/.m2/repository/org/apache/hadoop/hadoop-hdds-container-service/0.5.0-SNAPSHOT/hadoop-hdds-container-service-0.5.0-SNAPSHOT.jar!/webapps/static,UNAVAILABLE}
2019-11-15 20:18:07,028 [ForkJoinPool.commonPool-worker-1] INFO  handler.ContextHandler (ContextHandler.java:doStop(910)) - Stopped o.e.j.s.ServletContextHandler@12a470dd{/logs,file:///workdir/hadoop-ozone/integration-test/target/log,UNAVAILABLE}
2019-11-15 20:18:07,365 [grpc-default-executor-1] WARN  server.GrpcLogAppender (LogUtils.java:warn(134)) - 278d11c8-d2e3-4654-bbf4-54dbcf402594@group-AED6481E285D->1acd8ba6-dda5-4cb5-b2f0-bb88a33d5541-AppendLogResponseHandler: Failed appendEntries: org.apache.ratis.thirdparty.io.grpc.StatusRuntimeException: UNAVAILABLE: io exception
2019-11-15 20:18:07,365 [grpc-default-executor-1] INFO  impl.FollowerInfo (FollowerInfo.java:lambda$new$0(51)) - 278d11c8-d2e3-4654-bbf4-54dbcf402594@group-AED6481E285D->1acd8ba6-dda5-4cb5-b2f0-bb88a33d5541: nextIndex: updateUnconditionally 6 -> 5
2019-11-15 20:18:07,724 [Datanode State Machine Thread - 0] INFO  statemachine.DatanodeStateMachine (DatanodeStateMachine.java:lambda$startDaemon$0(355)) - Ozone container server started.
2019-11-15 20:18:07,867 [grpc-default-executor-4] WARN  server.GrpcLogAppender (LogUtils.java:warn(134)) - 278d11c8-d2e3-4654-bbf4-54dbcf402594@group-AED6481E285D->1acd8ba6-dda5-4cb5-b2f0-bb88a33d5541-AppendLogResponseHandler: Failed appendEntries: org.apache.ratis.thirdparty.io.grpc.StatusRuntimeException: UNAVAILABLE: io exception
2019-11-15 20:18:07,867 [grpc-default-executor-4] INFO  impl.FollowerInfo (FollowerInfo.java:lambda$new$0(51)) - 278d11c8-d2e3-4654-bbf4-54dbcf402594@group-AED6481E285D->1acd8ba6-dda5-4cb5-b2f0-bb88a33d5541: nextIndex: updateUnconditionally 5 -> 4
2019-11-15 20:18:07,914 [Datanode State Machine Thread - 0] INFO  statemachine.DatanodeStateMachine (DatanodeStateMachine.java:lambda$startDaemon$0(355)) - Ozone container server started.
2019-11-15 20:18:08,368 [grpc-default-executor-1] WARN  server.GrpcLogAppender (LogUtils.java:warn(134)) - 278d11c8-d2e3-4654-bbf4-54dbcf402594@group-AED6481E285D->1acd8ba6-dda5-4cb5-b2f0-bb88a33d5541-AppendLogResponseHandler: Failed appendEntries: org.apache.ratis.thirdparty.io.grpc.StatusRuntimeException: UNAVAILABLE: io exception
2019-11-15 20:18:08,368 [grpc-default-executor-1] INFO  impl.FollowerInfo (FollowerInfo.java:lambda$new$0(51)) - 278d11c8-d2e3-4654-bbf4-54dbcf402594@group-AED6481E285D->1acd8ba6-dda5-4cb5-b2f0-bb88a33d5541: nextIndex: updateUnconditionally 4 -> 3
2019-11-15 20:18:08,776 [Thread-1470] INFO  impl.FollowerState (FollowerState.java:run(111)) - 02c8c0cd-3388-46ae-a10b-79a5583af984@group-64AECEABE0BE-FollowerState: change to CANDIDATE, lastRpcTime:2068ms, electionTimeout:1171ms
2019-11-15 20:18:08,777 [Thread-1470] INFO  impl.RoleInfo (RoleInfo.java:shutdownFollowerState(121)) - 02c8c0cd-3388-46ae-a10b-79a5583af984: shutdown FollowerState
2019-11-15 20:18:08,777 [Thread-1470] INFO  impl.RaftServerImpl (RaftServerImpl.java:setRole(173)) - 02c8c0cd-3388-46ae-a10b-79a5583af984@group-64AECEABE0BE: changes role from  FOLLOWER to CANDIDATE at term 1 for changeToCandidate
2019-11-15 20:18:08,777 [Thread-1470] INFO  impl.RoleInfo (RoleInfo.java:updateAndGet(143)) - 02c8c0cd-3388-46ae-a10b-79a5583af984: start LeaderElection
2019-11-15 20:18:08,777 [02c8c0cd-3388-46ae-a10b-79a5583af984@group-64AECEABE0BE-LeaderElection75] INFO  impl.RaftServerImpl (ServerState.java:setLeader(255)) - 02c8c0cd-3388-46ae-a10b-79a5583af984@group-64AECEABE0BE: change Leader from 96e7c94e-3c8d-4ea5-9d39-2046e661862c to null at term 1 for initElection
2019-11-15 20:18:08,801 [02c8c0cd-3388-46ae-a10b-79a5583af984@group-64AECEABE0BE-LeaderElection75] INFO  impl.LeaderElection (LeaderElection.java:askForVotes(178)) - 02c8c0cd-3388-46ae-a10b-79a5583af984@group-64AECEABE0BE-LeaderElection75: begin an election at term 2 for 0: [8ea95c1a-a940-4392-ad76-d729a81e9d62:192.168.69.94:34879, 96e7c94e-3c8d-4ea5-9d39-2046e661862c:192.168.69.94:44753, 02c8c0cd-3388-46ae-a10b-79a5583af984:192.168.69.94:40363], old=null
2019-11-15 20:18:08,804 [02c8c0cd-3388-46ae-a10b-79a5583af984@group-64AECEABE0BE-LeaderElection75] INFO  impl.LeaderElection (LogUtils.java:infoOrTrace(149)) - 02c8c0cd-3388-46ae-a10b-79a5583af984@group-64AECEABE0BE-LeaderElection75 got exception when requesting votes: {}
java.util.concurrent.ExecutionException: org.apache.ratis.thirdparty.io.grpc.StatusRuntimeException: UNAVAILABLE: io exception
	at java.util.concurrent.FutureTask.report(FutureTask.java:122)
	at java.util.concurrent.FutureTask.get(FutureTask.java:192)
	at org.apache.ratis.server.impl.LeaderElection.waitForResults(LeaderElection.java:259)
	at org.apache.ratis.server.impl.LeaderElection.askForVotes(LeaderElection.java:197)
	at org.apache.ratis.server.impl.LeaderElection.run(LeaderElection.java:133)
	at java.lang.Thread.run(Thread.java:748)
Caused by: org.apache.ratis.thirdparty.io.grpc.StatusRuntimeException: UNAVAILABLE: io exception
	at org.apache.ratis.thirdparty.io.grpc.stub.ClientCalls.toStatusRuntimeException(ClientCalls.java:233)
	at org.apache.ratis.thirdparty.io.grpc.stub.ClientCalls.getUnchecked(ClientCalls.java:214)
	at org.apache.ratis.thirdparty.io.grpc.stub.ClientCalls.blockingUnaryCall(ClientCalls.java:139)
	at org.apache.ratis.proto.grpc.RaftServerProtocolServiceGrpc$RaftServerProtocolServiceBlockingStub.requestVote(RaftServerProtocolServiceGrpc.java:265)
	at org.apache.ratis.grpc.server.GrpcServerProtocolClient.requestVote(GrpcServerProtocolClient.java:99)
	at org.apache.ratis.grpc.server.GrpcService.requestVote(GrpcService.java:204)
	at org.apache.ratis.server.impl.LeaderElection.lambda$submitRequests$1(LeaderElection.java:234)
	at java.util.concurrent.FutureTask.run(FutureTask.java:266)
	at java.util.concurrent.Executors$RunnableAdapter.call(Executors.java:511)
	at java.util.concurrent.FutureTask.run(FutureTask.java:266)
	at java.util.concurrent.ThreadPoolExecutor.runWorker(ThreadPoolExecutor.java:1149)
	at java.util.concurrent.ThreadPoolExecutor$Worker.run(ThreadPoolExecutor.java:624)
	... 1 more
Caused by: org.apache.ratis.thirdparty.io.netty.channel.AbstractChannel$AnnotatedConnectException: Connection refused: /192.168.69.94:44753
	at sun.nio.ch.SocketChannelImpl.checkConnect(Native Method)
	at sun.nio.ch.SocketChannelImpl.finishConnect(SocketChannelImpl.java:717)
	at org.apache.ratis.thirdparty.io.netty.channel.socket.nio.NioSocketChannel.doFinishConnect(NioSocketChannel.java:327)
	at org.apache.ratis.thirdparty.io.netty.channel.nio.AbstractNioChannel$AbstractNioUnsafe.finishConnect(AbstractNioChannel.java:340)
	at org.apache.ratis.thirdparty.io.netty.channel.nio.NioEventLoop.processSelectedKey(NioEventLoop.java:632)
	at org.apache.ratis.thirdparty.io.netty.channel.nio.NioEventLoop.processSelectedKeysOptimized(NioEventLoop.java:579)
	at org.apache.ratis.thirdparty.io.netty.channel.nio.NioEventLoop.processSelectedKeys(NioEventLoop.java:496)
	at org.apache.ratis.thirdparty.io.netty.channel.nio.NioEventLoop.run(NioEventLoop.java:458)
	at org.apache.ratis.thirdparty.io.netty.util.concurrent.SingleThreadEventExecutor$5.run(SingleThreadEventExecutor.java:897)
	at org.apache.ratis.thirdparty.io.netty.util.concurrent.FastThreadLocalRunnable.run(FastThreadLocalRunnable.java:30)
	... 1 more
Caused by: java.net.ConnectException: Connection refused
	... 11 more
2019-11-15 20:18:08,806 [grpc-default-executor-4] INFO  impl.RaftServerImpl (ServerState.java:setLeader(255)) - 8ea95c1a-a940-4392-ad76-d729a81e9d62@group-64AECEABE0BE: change Leader from 96e7c94e-3c8d-4ea5-9d39-2046e661862c to null at term 2 for updateCurrentTerm
2019-11-15 20:18:08,807 [grpc-default-executor-4] INFO  impl.RaftServerImpl (RaftServerImpl.java:setRole(173)) - 8ea95c1a-a940-4392-ad76-d729a81e9d62@group-64AECEABE0BE: changes role from  FOLLOWER to FOLLOWER at term 2 for recognizeCandidate:02c8c0cd-3388-46ae-a10b-79a5583af984
2019-11-15 20:18:08,807 [grpc-default-executor-4] INFO  impl.RoleInfo (RoleInfo.java:shutdownFollowerState(121)) - 8ea95c1a-a940-4392-ad76-d729a81e9d62: shutdown FollowerState
2019-11-15 20:18:08,807 [Thread-1471] INFO  impl.FollowerState (FollowerState.java:run(120)) - 8ea95c1a-a940-4392-ad76-d729a81e9d62@group-64AECEABE0BE-FollowerState was interrupted: java.lang.InterruptedException: sleep interrupted
2019-11-15 20:18:08,807 [grpc-default-executor-4] INFO  impl.RoleInfo (RoleInfo.java:updateAndGet(143)) - 8ea95c1a-a940-4392-ad76-d729a81e9d62: start FollowerState
2019-11-15 20:18:08,836 [02c8c0cd-3388-46ae-a10b-79a5583af984@group-64AECEABE0BE-LeaderElection75] INFO  impl.LeaderElection (LeaderElection.java:logAndReturn(56)) - 02c8c0cd-3388-46ae-a10b-79a5583af984@group-64AECEABE0BE-LeaderElection75: Election PASSED; received 1 response(s) [02c8c0cd-3388-46ae-a10b-79a5583af984<-8ea95c1a-a940-4392-ad76-d729a81e9d62#0:OK-t2] and 1 exception(s); 02c8c0cd-3388-46ae-a10b-79a5583af984@group-64AECEABE0BE:t2, leader=null, voted=02c8c0cd-3388-46ae-a10b-79a5583af984, raftlog=02c8c0cd-3388-46ae-a10b-79a5583af984@group-64AECEABE0BE-SegmentedRaftLog:OPENED:c0,f0,i0, conf=0: [8ea95c1a-a940-4392-ad76-d729a81e9d62:192.168.69.94:34879, 96e7c94e-3c8d-4ea5-9d39-2046e661862c:192.168.69.94:44753, 02c8c0cd-3388-46ae-a10b-79a5583af984:192.168.69.94:40363], old=null
2019-11-15 20:18:08,836 [02c8c0cd-3388-46ae-a10b-79a5583af984@group-64AECEABE0BE-LeaderElection75] INFO  impl.LeaderElection (LogUtils.java:infoOrTrace(149)) -   Exception 0: {}
java.util.concurrent.ExecutionException: org.apache.ratis.thirdparty.io.grpc.StatusRuntimeException: UNAVAILABLE: io exception
	at java.util.concurrent.FutureTask.report(FutureTask.java:122)
	at java.util.concurrent.FutureTask.get(FutureTask.java:192)
	at org.apache.ratis.server.impl.LeaderElection.waitForResults(LeaderElection.java:259)
	at org.apache.ratis.server.impl.LeaderElection.askForVotes(LeaderElection.java:197)
	at org.apache.ratis.server.impl.LeaderElection.run(LeaderElection.java:133)
	at java.lang.Thread.run(Thread.java:748)
Caused by: org.apache.ratis.thirdparty.io.grpc.StatusRuntimeException: UNAVAILABLE: io exception
	at org.apache.ratis.thirdparty.io.grpc.stub.ClientCalls.toStatusRuntimeException(ClientCalls.java:233)
	at org.apache.ratis.thirdparty.io.grpc.stub.ClientCalls.getUnchecked(ClientCalls.java:214)
	at org.apache.ratis.thirdparty.io.grpc.stub.ClientCalls.blockingUnaryCall(ClientCalls.java:139)
	at org.apache.ratis.proto.grpc.RaftServerProtocolServiceGrpc$RaftServerProtocolServiceBlockingStub.requestVote(RaftServerProtocolServiceGrpc.java:265)
	at org.apache.ratis.grpc.server.GrpcServerProtocolClient.requestVote(GrpcServerProtocolClient.java:99)
	at org.apache.ratis.grpc.server.GrpcService.requestVote(GrpcService.java:204)
	at org.apache.ratis.server.impl.LeaderElection.lambda$submitRequests$1(LeaderElection.java:234)
	at java.util.concurrent.FutureTask.run(FutureTask.java:266)
	at java.util.concurrent.Executors$RunnableAdapter.call(Executors.java:511)
	at java.util.concurrent.FutureTask.run(FutureTask.java:266)
	at java.util.concurrent.ThreadPoolExecutor.runWorker(ThreadPoolExecutor.java:1149)
	at java.util.concurrent.ThreadPoolExecutor$Worker.run(ThreadPoolExecutor.java:624)
	... 1 more
Caused by: org.apache.ratis.thirdparty.io.netty.channel.AbstractChannel$AnnotatedConnectException: Connection refused: /192.168.69.94:44753
	at sun.nio.ch.SocketChannelImpl.checkConnect(Native Method)
	at sun.nio.ch.SocketChannelImpl.finishConnect(SocketChannelImpl.java:717)
	at org.apache.ratis.thirdparty.io.netty.channel.socket.nio.NioSocketChannel.doFinishConnect(NioSocketChannel.java:327)
	at org.apache.ratis.thirdparty.io.netty.channel.nio.AbstractNioChannel$AbstractNioUnsafe.finishConnect(AbstractNioChannel.java:340)
	at org.apache.ratis.thirdparty.io.netty.channel.nio.NioEventLoop.processSelectedKey(NioEventLoop.java:632)
	at org.apache.ratis.thirdparty.io.netty.channel.nio.NioEventLoop.processSelectedKeysOptimized(NioEventLoop.java:579)
	at org.apache.ratis.thirdparty.io.netty.channel.nio.NioEventLoop.processSelectedKeys(NioEventLoop.java:496)
	at org.apache.ratis.thirdparty.io.netty.channel.nio.NioEventLoop.run(NioEventLoop.java:458)
	at org.apache.ratis.thirdparty.io.netty.util.concurrent.SingleThreadEventExecutor$5.run(SingleThreadEventExecutor.java:897)
	at org.apache.ratis.thirdparty.io.netty.util.concurrent.FastThreadLocalRunnable.run(FastThreadLocalRunnable.java:30)
	... 1 more
Caused by: java.net.ConnectException: Connection refused
	... 11 more
2019-11-15 20:18:08,837 [02c8c0cd-3388-46ae-a10b-79a5583af984@group-64AECEABE0BE-LeaderElection75] INFO  impl.RoleInfo (RoleInfo.java:shutdownLeaderElection(134)) - 02c8c0cd-3388-46ae-a10b-79a5583af984: shutdown LeaderElection
2019-11-15 20:18:08,837 [02c8c0cd-3388-46ae-a10b-79a5583af984@group-64AECEABE0BE-LeaderElection75] INFO  impl.RaftServerImpl (RaftServerImpl.java:setRole(173)) - 02c8c0cd-3388-46ae-a10b-79a5583af984@group-64AECEABE0BE: changes role from CANDIDATE to LEADER at term 2 for changeToLeader
2019-11-15 20:18:08,837 [02c8c0cd-3388-46ae-a10b-79a5583af984@group-64AECEABE0BE-LeaderElection75] INFO  ratis.XceiverServerRatis (XceiverServerRatis.java:handleLeaderChangedNotification(697)) - Leader change notification received for group: group-64AECEABE0BE with new leaderId: 02c8c0cd-3388-46ae-a10b-79a5583af984
2019-11-15 20:18:08,837 [02c8c0cd-3388-46ae-a10b-79a5583af984@group-64AECEABE0BE-LeaderElection75] INFO  impl.RaftServerImpl (ServerState.java:setLeader(255)) - 02c8c0cd-3388-46ae-a10b-79a5583af984@group-64AECEABE0BE: change Leader from null to 02c8c0cd-3388-46ae-a10b-79a5583af984 at term 2 for becomeLeader, leader elected after 59ms
2019-11-15 20:18:08,837 [02c8c0cd-3388-46ae-a10b-79a5583af984@group-64AECEABE0BE-LeaderElection75] INFO  server.RaftServerConfigKeys (ConfUtils.java:logGet(43)) - raft.server.staging.catchup.gap = 1000 (default)
2019-11-15 20:18:08,838 [02c8c0cd-3388-46ae-a10b-79a5583af984@group-64AECEABE0BE-LeaderElection75] INFO  server.RaftServerConfigKeys (ConfUtils.java:logGet(43)) - raft.server.rpc.sleep.time = 25ms (default)
2019-11-15 20:18:08,838 [02c8c0cd-3388-46ae-a10b-79a5583af984@group-64AECEABE0BE-LeaderElection75] INFO  server.RaftServerConfigKeys (ConfUtils.java:logGet(43)) - raft.server.write.element-limit = 4096 (default)
2019-11-15 20:18:08,838 [02c8c0cd-3388-46ae-a10b-79a5583af984@group-64AECEABE0BE-LeaderElection75] INFO  server.RaftServerConfigKeys (ConfUtils.java:logGet(43)) - raft.server.watch.timeout = 10s (default)
2019-11-15 20:18:08,838 [02c8c0cd-3388-46ae-a10b-79a5583af984@group-64AECEABE0BE-LeaderElection75] INFO  server.RaftServerConfigKeys (ConfUtils.java:logGet(43)) - raft.server.watch.timeout.denomination = 1s (default)
2019-11-15 20:18:08,838 [02c8c0cd-3388-46ae-a10b-79a5583af984@group-64AECEABE0BE-LeaderElection75] INFO  server.RaftServerConfigKeys (ConfUtils.java:logGet(43)) - raft.server.watch.element-limit = 65536 (default)
2019-11-15 20:18:08,838 [02c8c0cd-3388-46ae-a10b-79a5583af984@group-64AECEABE0BE-LeaderElection75] INFO  server.RaftServerConfigKeys (ConfUtils.java:logGet(43)) - raft.server.log.appender.snapshot.chunk.size.max = 16MB (=16777216) (default)
2019-11-15 20:18:08,839 [02c8c0cd-3388-46ae-a10b-79a5583af984@group-64AECEABE0BE-LeaderElection75] INFO  server.RaftServerConfigKeys (ConfUtils.java:logGet(43)) - raft.server.log.appender.buffer.byte-limit = 33554432 (custom)
2019-11-15 20:18:08,839 [02c8c0cd-3388-46ae-a10b-79a5583af984@group-64AECEABE0BE-LeaderElection75] INFO  server.RaftServerConfigKeys (ConfUtils.java:logGet(43)) - raft.server.log.appender.buffer.element-limit = 1 (custom)
2019-11-15 20:18:08,839 [02c8c0cd-3388-46ae-a10b-79a5583af984@group-64AECEABE0BE-LeaderElection75] INFO  grpc.GrpcConfigKeys$Server (ConfUtils.java:logGet(43)) - raft.grpc.server.leader.outstanding.appends.max = 128 (default)
2019-11-15 20:18:08,839 [EventQueue-PipelineReportForPipelineReportHandler] INFO  pipeline.PipelineStateManager (PipelineStateManager.java:openPipeline(134)) - Pipeline Pipeline[ Id: 368d2a1b-722f-4eb5-9ba6-64aeceabe0be, Nodes: 8ea95c1a-a940-4392-ad76-d729a81e9d62{ip: 192.168.69.94, host: pr-hdds-2517-immreturn-vbf9m-3344069096, networkLocation: /rack1, certSerialId: null}96e7c94e-3c8d-4ea5-9d39-2046e661862c{ip: 192.168.69.94, host: pr-hdds-2517-immreturn-vbf9m-3344069096, networkLocation: /rack1, certSerialId: null}02c8c0cd-3388-46ae-a10b-79a5583af984{ip: 192.168.69.94, host: pr-hdds-2517-immreturn-vbf9m-3344069096, networkLocation: /rack1, certSerialId: null}, Type:RATIS, Factor:THREE, State:OPEN] moved to OPEN state
2019-11-15 20:18:08,839 [02c8c0cd-3388-46ae-a10b-79a5583af984@group-64AECEABE0BE-LeaderElection75] INFO  server.RaftServerConfigKeys (ConfUtils.java:logGet(43)) - raft.server.rpc.request.timeout = 3000ms (default)
2019-11-15 20:18:08,839 [02c8c0cd-3388-46ae-a10b-79a5583af984@group-64AECEABE0BE-LeaderElection75] INFO  server.RaftServerConfigKeys (ConfUtils.java:logGet(43)) - raft.server.log.appender.install.snapshot.enabled = false (custom)
2019-11-15 20:18:08,839 [02c8c0cd-3388-46ae-a10b-79a5583af984@group-64AECEABE0BE-LeaderElection75] WARN  impl.MetricRegistriesImpl (MetricRegistriesImpl.java:lambda$create$1(61)) - First MetricRegistry has been created without registering reporters. You may need to call MetricRegistries.global().addReportRegistration(...) before.
2019-11-15 20:18:08,839 [02c8c0cd-3388-46ae-a10b-79a5583af984@group-64AECEABE0BE-LeaderElection75] INFO  server.RaftServerConfigKeys (ConfUtils.java:logGet(43)) - raft.server.log.appender.snapshot.chunk.size.max = 16MB (=16777216) (default)
2019-11-15 20:18:08,840 [02c8c0cd-3388-46ae-a10b-79a5583af984@group-64AECEABE0BE-LeaderElection75] INFO  server.RaftServerConfigKeys (ConfUtils.java:logGet(43)) - raft.server.log.appender.buffer.byte-limit = 33554432 (custom)
2019-11-15 20:18:08,840 [02c8c0cd-3388-46ae-a10b-79a5583af984@group-64AECEABE0BE-LeaderElection75] INFO  server.RaftServerConfigKeys (ConfUtils.java:logGet(43)) - raft.server.log.appender.buffer.element-limit = 1 (custom)
2019-11-15 20:18:08,840 [02c8c0cd-3388-46ae-a10b-79a5583af984@group-64AECEABE0BE-LeaderElection75] INFO  grpc.GrpcConfigKeys$Server (ConfUtils.java:logGet(43)) - raft.grpc.server.leader.outstanding.appends.max = 128 (default)
2019-11-15 20:18:08,840 [02c8c0cd-3388-46ae-a10b-79a5583af984@group-64AECEABE0BE-LeaderElection75] INFO  server.RaftServerConfigKeys (ConfUtils.java:logGet(43)) - raft.server.rpc.request.timeout = 3000ms (default)
2019-11-15 20:18:08,840 [02c8c0cd-3388-46ae-a10b-79a5583af984@group-64AECEABE0BE-LeaderElection75] INFO  server.RaftServerConfigKeys (ConfUtils.java:logGet(43)) - raft.server.log.appender.install.snapshot.enabled = false (custom)
2019-11-15 20:18:08,840 [02c8c0cd-3388-46ae-a10b-79a5583af984@group-64AECEABE0BE-LeaderElection75] INFO  impl.RoleInfo (RoleInfo.java:updateAndGet(143)) - 02c8c0cd-3388-46ae-a10b-79a5583af984: start LeaderState
2019-11-15 20:18:08,840 [02c8c0cd-3388-46ae-a10b-79a5583af984@group-64AECEABE0BE-LeaderElection75] INFO  segmented.SegmentedRaftLogWorker (SegmentedRaftLogWorker.java:rollLogSegment(390)) - 02c8c0cd-3388-46ae-a10b-79a5583af984@group-64AECEABE0BE-SegmentedRaftLogWorker: Rolling segment log-0_0 to index:0
2019-11-15 20:18:08,841 [02c8c0cd-3388-46ae-a10b-79a5583af984@group-64AECEABE0BE-LeaderElection75] INFO  impl.RaftServerImpl (ServerState.java:setRaftConf(356)) - 02c8c0cd-3388-46ae-a10b-79a5583af984@group-64AECEABE0BE: set configuration 1: [8ea95c1a-a940-4392-ad76-d729a81e9d62:192.168.69.94:34879, 96e7c94e-3c8d-4ea5-9d39-2046e661862c:192.168.69.94:44753, 02c8c0cd-3388-46ae-a10b-79a5583af984:192.168.69.94:40363], old=null at 1
2019-11-15 20:18:08,842 [grpc-default-executor-4] WARN  server.GrpcLogAppender (LogUtils.java:warn(134)) - 02c8c0cd-3388-46ae-a10b-79a5583af984@group-64AECEABE0BE->96e7c94e-3c8d-4ea5-9d39-2046e661862c-AppendLogResponseHandler: Failed appendEntries: org.apache.ratis.thirdparty.io.grpc.StatusRuntimeException: UNAVAILABLE: io exception
2019-11-15 20:18:08,842 [02c8c0cd-3388-46ae-a10b-79a5583af984@group-64AECEABE0BE-SegmentedRaftLogWorker] INFO  segmented.SegmentedRaftLogWorker (SegmentedRaftLogWorker.java:execute(533)) - 02c8c0cd-3388-46ae-a10b-79a5583af984@group-64AECEABE0BE-SegmentedRaftLogWorker: Rolled log segment from /workdir/hadoop-ozone/integration-test/target/test-dir/MiniOzoneClusterImpl-cd14858e-7fd2-404c-93a1-487d1243ff76/datanode-9/data/ratis/368d2a1b-722f-4eb5-9ba6-64aeceabe0be/current/log_inprogress_0 to /workdir/hadoop-ozone/integration-test/target/test-dir/MiniOzoneClusterImpl-cd14858e-7fd2-404c-93a1-487d1243ff76/datanode-9/data/ratis/368d2a1b-722f-4eb5-9ba6-64aeceabe0be/current/log_0-0
2019-11-15 20:18:08,842 [grpc-default-executor-4] INFO  impl.FollowerInfo (FollowerInfo.java:lambda$new$0(51)) - 02c8c0cd-3388-46ae-a10b-79a5583af984@group-64AECEABE0BE->96e7c94e-3c8d-4ea5-9d39-2046e661862c: nextIndex: updateUnconditionally 1 -> 0
2019-11-15 20:18:08,843 [grpc-default-executor-4] INFO  ratis.XceiverServerRatis (XceiverServerRatis.java:handleLeaderChangedNotification(697)) - Leader change notification received for group: group-64AECEABE0BE with new leaderId: 02c8c0cd-3388-46ae-a10b-79a5583af984
2019-11-15 20:18:08,844 [grpc-default-executor-4] INFO  impl.RaftServerImpl (ServerState.java:setLeader(255)) - 8ea95c1a-a940-4392-ad76-d729a81e9d62@group-64AECEABE0BE: change Leader from null to 02c8c0cd-3388-46ae-a10b-79a5583af984 at term 2 for appendEntries, leader elected after 37ms
2019-11-15 20:18:08,846 [grpc-default-executor-4] INFO  impl.RaftServerImpl (ServerState.java:setRaftConf(356)) - 8ea95c1a-a940-4392-ad76-d729a81e9d62@group-64AECEABE0BE: set configuration 1: [8ea95c1a-a940-4392-ad76-d729a81e9d62:192.168.69.94:34879, 96e7c94e-3c8d-4ea5-9d39-2046e661862c:192.168.69.94:44753, 02c8c0cd-3388-46ae-a10b-79a5583af984:192.168.69.94:40363], old=null at 1
2019-11-15 20:18:08,847 [grpc-default-executor-4] INFO  segmented.SegmentedRaftLogWorker (SegmentedRaftLogWorker.java:rollLogSegment(390)) - 8ea95c1a-a940-4392-ad76-d729a81e9d62@group-64AECEABE0BE-SegmentedRaftLogWorker: Rolling segment log-0_0 to index:0
2019-11-15 20:18:08,852 [8ea95c1a-a940-4392-ad76-d729a81e9d62@group-64AECEABE0BE-SegmentedRaftLogWorker] INFO  segmented.SegmentedRaftLogWorker (SegmentedRaftLogWorker.java:execute(533)) - 8ea95c1a-a940-4392-ad76-d729a81e9d62@group-64AECEABE0BE-SegmentedRaftLogWorker: Rolled log segment from /workdir/hadoop-ozone/integration-test/target/test-dir/MiniOzoneClusterImpl-cd14858e-7fd2-404c-93a1-487d1243ff76/datanode-8/data/ratis/368d2a1b-722f-4eb5-9ba6-64aeceabe0be/current/log_inprogress_0 to /workdir/hadoop-ozone/integration-test/target/test-dir/MiniOzoneClusterImpl-cd14858e-7fd2-404c-93a1-487d1243ff76/datanode-8/data/ratis/368d2a1b-722f-4eb5-9ba6-64aeceabe0be/current/log_0-0
2019-11-15 20:18:08,866 [grpc-default-executor-5] WARN  server.GrpcLogAppender (LogUtils.java:warn(134)) - 278d11c8-d2e3-4654-bbf4-54dbcf402594@group-AED6481E285D->1acd8ba6-dda5-4cb5-b2f0-bb88a33d5541-AppendLogResponseHandler: Failed appendEntries: org.apache.ratis.thirdparty.io.grpc.StatusRuntimeException: UNAVAILABLE: io exception
2019-11-15 20:18:08,867 [grpc-default-executor-5] INFO  impl.FollowerInfo (FollowerInfo.java:lambda$new$0(51)) - 278d11c8-d2e3-4654-bbf4-54dbcf402594@group-AED6481E285D->1acd8ba6-dda5-4cb5-b2f0-bb88a33d5541: nextIndex: updateUnconditionally 3 -> 2
2019-11-15 20:18:08,895 [02c8c0cd-3388-46ae-a10b-79a5583af984@group-64AECEABE0BE-SegmentedRaftLogWorker] INFO  segmented.SegmentedRaftLogWorker (SegmentedRaftLogWorker.java:execute(576)) - 02c8c0cd-3388-46ae-a10b-79a5583af984@group-64AECEABE0BE-SegmentedRaftLogWorker: created new log segment /workdir/hadoop-ozone/integration-test/target/test-dir/MiniOzoneClusterImpl-cd14858e-7fd2-404c-93a1-487d1243ff76/datanode-9/data/ratis/368d2a1b-722f-4eb5-9ba6-64aeceabe0be/current/log_inprogress_1
2019-11-15 20:18:08,895 [8ea95c1a-a940-4392-ad76-d729a81e9d62@group-64AECEABE0BE-SegmentedRaftLogWorker] INFO  segmented.SegmentedRaftLogWorker (SegmentedRaftLogWorker.java:execute(576)) - 8ea95c1a-a940-4392-ad76-d729a81e9d62@group-64AECEABE0BE-SegmentedRaftLogWorker: created new log segment /workdir/hadoop-ozone/integration-test/target/test-dir/MiniOzoneClusterImpl-cd14858e-7fd2-404c-93a1-487d1243ff76/datanode-8/data/ratis/368d2a1b-722f-4eb5-9ba6-64aeceabe0be/current/log_inprogress_1
2019-11-15 20:18:08,910 [grpc-default-executor-1] WARN  server.GrpcLogAppender (LogUtils.java:warn(134)) - 02c8c0cd-3388-46ae-a10b-79a5583af984@group-64AECEABE0BE->96e7c94e-3c8d-4ea5-9d39-2046e661862c-AppendLogResponseHandler: Failed appendEntries: org.apache.ratis.thirdparty.io.grpc.StatusRuntimeException: UNAVAILABLE: io exception
2019-11-15 20:18:08,911 [grpc-default-executor-1] INFO  impl.FollowerInfo (FollowerInfo.java:lambda$new$0(51)) - 02c8c0cd-3388-46ae-a10b-79a5583af984@group-64AECEABE0BE->96e7c94e-3c8d-4ea5-9d39-2046e661862c: nextIndex: updateUnconditionally 1 -> 0
2019-11-15 20:18:08,928 [grpc-default-executor-4] WARN  server.GrpcLogAppender (LogUtils.java:warn(134)) - 02c8c0cd-3388-46ae-a10b-79a5583af984@group-64AECEABE0BE->96e7c94e-3c8d-4ea5-9d39-2046e661862c-AppendLogResponseHandler: Failed appendEntries: org.apache.ratis.thirdparty.io.grpc.StatusRuntimeException: UNAVAILABLE: io exception
2019-11-15 20:18:08,928 [grpc-default-executor-4] INFO  impl.FollowerInfo (FollowerInfo.java:lambda$new$0(51)) - 02c8c0cd-3388-46ae-a10b-79a5583af984@group-64AECEABE0BE->96e7c94e-3c8d-4ea5-9d39-2046e661862c: nextIndex: updateUnconditionally 1 -> 0
2019-11-15 20:18:09,368 [grpc-default-executor-1] WARN  server.GrpcLogAppender (LogUtils.java:warn(134)) - 278d11c8-d2e3-4654-bbf4-54dbcf402594@group-AED6481E285D->1acd8ba6-dda5-4cb5-b2f0-bb88a33d5541-AppendLogResponseHandler: Failed appendEntries: org.apache.ratis.thirdparty.io.grpc.StatusRuntimeException: UNAVAILABLE: io exception
2019-11-15 20:18:09,369 [grpc-default-executor-1] INFO  impl.FollowerInfo (FollowerInfo.java:lambda$new$0(51)) - 278d11c8-d2e3-4654-bbf4-54dbcf402594@group-AED6481E285D->1acd8ba6-dda5-4cb5-b2f0-bb88a33d5541: nextIndex: updateUnconditionally 2 -> 1
2019-11-15 20:18:09,429 [grpc-default-executor-5] WARN  server.GrpcLogAppender (LogUtils.java:warn(134)) - 02c8c0cd-3388-46ae-a10b-79a5583af984@group-64AECEABE0BE->96e7c94e-3c8d-4ea5-9d39-2046e661862c-AppendLogResponseHandler: Failed appendEntries: org.apache.ratis.thirdparty.io.grpc.StatusRuntimeException: UNAVAILABLE: io exception
2019-11-15 20:18:09,430 [grpc-default-executor-5] INFO  impl.FollowerInfo (FollowerInfo.java:lambda$new$0(51)) - 02c8c0cd-3388-46ae-a10b-79a5583af984@group-64AECEABE0BE->96e7c94e-3c8d-4ea5-9d39-2046e661862c: nextIndex: updateUnconditionally 0 -> 0
2019-11-15 20:18:09,869 [grpc-default-executor-4] WARN  server.GrpcLogAppender (LogUtils.java:warn(134)) - 278d11c8-d2e3-4654-bbf4-54dbcf402594@group-AED6481E285D->1acd8ba6-dda5-4cb5-b2f0-bb88a33d5541-AppendLogResponseHandler: Failed appendEntries: org.apache.ratis.thirdparty.io.grpc.StatusRuntimeException: UNAVAILABLE: io exception
2019-11-15 20:18:09,870 [grpc-default-executor-4] INFO  impl.FollowerInfo (FollowerInfo.java:lambda$new$0(51)) - 278d11c8-d2e3-4654-bbf4-54dbcf402594@group-AED6481E285D->1acd8ba6-dda5-4cb5-b2f0-bb88a33d5541: nextIndex: updateUnconditionally 1 -> 0
2019-11-15 20:18:09,930 [grpc-default-executor-0] WARN  server.GrpcLogAppender (LogUtils.java:warn(134)) - 02c8c0cd-3388-46ae-a10b-79a5583af984@group-64AECEABE0BE->96e7c94e-3c8d-4ea5-9d39-2046e661862c-AppendLogResponseHandler: Failed appendEntries: org.apache.ratis.thirdparty.io.grpc.StatusRuntimeException: UNAVAILABLE: io exception
2019-11-15 20:18:09,930 [grpc-default-executor-0] INFO  impl.FollowerInfo (FollowerInfo.java:lambda$new$0(51)) - 02c8c0cd-3388-46ae-a10b-79a5583af984@group-64AECEABE0BE->96e7c94e-3c8d-4ea5-9d39-2046e661862c: nextIndex: updateUnconditionally 0 -> 0
2019-11-15 20:18:10,371 [grpc-default-executor-1] WARN  server.GrpcLogAppender (LogUtils.java:warn(134)) - 278d11c8-d2e3-4654-bbf4-54dbcf402594@group-AED6481E285D->1acd8ba6-dda5-4cb5-b2f0-bb88a33d5541-AppendLogResponseHandler: Failed appendEntries: org.apache.ratis.thirdparty.io.grpc.StatusRuntimeException: UNAVAILABLE: io exception
2019-11-15 20:18:10,371 [grpc-default-executor-1] INFO  impl.FollowerInfo (FollowerInfo.java:lambda$new$0(51)) - 278d11c8-d2e3-4654-bbf4-54dbcf402594@group-AED6481E285D->1acd8ba6-dda5-4cb5-b2f0-bb88a33d5541: nextIndex: updateUnconditionally 0 -> 0
2019-11-15 20:18:10,431 [grpc-default-executor-4] WARN  server.GrpcLogAppender (LogUtils.java:warn(134)) - 02c8c0cd-3388-46ae-a10b-79a5583af984@group-64AECEABE0BE->96e7c94e-3c8d-4ea5-9d39-2046e661862c-AppendLogResponseHandler: Failed appendEntries: org.apache.ratis.thirdparty.io.grpc.StatusRuntimeException: UNAVAILABLE: io exception
2019-11-15 20:18:10,431 [grpc-default-executor-4] INFO  impl.FollowerInfo (FollowerInfo.java:lambda$new$0(51)) - 02c8c0cd-3388-46ae-a10b-79a5583af984@group-64AECEABE0BE->96e7c94e-3c8d-4ea5-9d39-2046e661862c: nextIndex: updateUnconditionally 0 -> 0
2019-11-15 20:18:10,871 [grpc-default-executor-4] WARN  server.GrpcLogAppender (LogUtils.java:warn(134)) - 278d11c8-d2e3-4654-bbf4-54dbcf402594@group-AED6481E285D->1acd8ba6-dda5-4cb5-b2f0-bb88a33d5541-AppendLogResponseHandler: Failed appendEntries: org.apache.ratis.thirdparty.io.grpc.StatusRuntimeException: UNAVAILABLE: io exception
2019-11-15 20:18:10,871 [grpc-default-executor-4] INFO  impl.FollowerInfo (FollowerInfo.java:lambda$new$0(51)) - 278d11c8-d2e3-4654-bbf4-54dbcf402594@group-AED6481E285D->1acd8ba6-dda5-4cb5-b2f0-bb88a33d5541: nextIndex: updateUnconditionally 0 -> 0
2019-11-15 20:18:10,932 [grpc-default-executor-4] WARN  server.GrpcLogAppender (LogUtils.java:warn(134)) - 02c8c0cd-3388-46ae-a10b-79a5583af984@group-64AECEABE0BE->96e7c94e-3c8d-4ea5-9d39-2046e661862c-AppendLogResponseHandler: Failed appendEntries: org.apache.ratis.thirdparty.io.grpc.StatusRuntimeException: UNAVAILABLE: io exception
2019-11-15 20:18:10,932 [grpc-default-executor-4] INFO  impl.FollowerInfo (FollowerInfo.java:lambda$new$0(51)) - 02c8c0cd-3388-46ae-a10b-79a5583af984@group-64AECEABE0BE->96e7c94e-3c8d-4ea5-9d39-2046e661862c: nextIndex: updateUnconditionally 0 -> 0
2019-11-15 20:18:11,372 [grpc-default-executor-0] WARN  server.GrpcLogAppender (LogUtils.java:warn(134)) - 278d11c8-d2e3-4654-bbf4-54dbcf402594@group-AED6481E285D->1acd8ba6-dda5-4cb5-b2f0-bb88a33d5541-AppendLogResponseHandler: Failed appendEntries: org.apache.ratis.thirdparty.io.grpc.StatusRuntimeException: UNAVAILABLE: io exception
2019-11-15 20:18:11,372 [grpc-default-executor-0] INFO  impl.FollowerInfo (FollowerInfo.java:lambda$new$0(51)) - 278d11c8-d2e3-4654-bbf4-54dbcf402594@group-AED6481E285D->1acd8ba6-dda5-4cb5-b2f0-bb88a33d5541: nextIndex: updateUnconditionally 0 -> 0
2019-11-15 20:18:11,433 [grpc-default-executor-0] WARN  server.GrpcLogAppender (LogUtils.java:warn(134)) - 02c8c0cd-3388-46ae-a10b-79a5583af984@group-64AECEABE0BE->96e7c94e-3c8d-4ea5-9d39-2046e661862c-AppendLogResponseHandler: Failed appendEntries: org.apache.ratis.thirdparty.io.grpc.StatusRuntimeException: UNAVAILABLE: io exception
2019-11-15 20:18:11,433 [grpc-default-executor-0] INFO  impl.FollowerInfo (FollowerInfo.java:lambda$new$0(51)) - 02c8c0cd-3388-46ae-a10b-79a5583af984@group-64AECEABE0BE->96e7c94e-3c8d-4ea5-9d39-2046e661862c: nextIndex: updateUnconditionally 0 -> 0
2019-11-15 20:18:11,873 [grpc-default-executor-4] WARN  server.GrpcLogAppender (LogUtils.java:warn(134)) - 278d11c8-d2e3-4654-bbf4-54dbcf402594@group-AED6481E285D->1acd8ba6-dda5-4cb5-b2f0-bb88a33d5541-AppendLogResponseHandler: Failed appendEntries: org.apache.ratis.thirdparty.io.grpc.StatusRuntimeException: UNAVAILABLE: io exception
2019-11-15 20:18:11,874 [grpc-default-executor-4] INFO  impl.FollowerInfo (FollowerInfo.java:lambda$new$0(51)) - 278d11c8-d2e3-4654-bbf4-54dbcf402594@group-AED6481E285D->1acd8ba6-dda5-4cb5-b2f0-bb88a33d5541: nextIndex: updateUnconditionally 0 -> 0
2019-11-15 20:18:11,933 [grpc-default-executor-4] WARN  server.GrpcLogAppender (LogUtils.java:warn(134)) - 02c8c0cd-3388-46ae-a10b-79a5583af984@group-64AECEABE0BE->96e7c94e-3c8d-4ea5-9d39-2046e661862c-AppendLogResponseHandler: Failed appendEntries: org.apache.ratis.thirdparty.io.grpc.StatusRuntimeException: UNAVAILABLE: io exception
2019-11-15 20:18:11,933 [grpc-default-executor-4] INFO  impl.FollowerInfo (FollowerInfo.java:lambda$new$0(51)) - 02c8c0cd-3388-46ae-a10b-79a5583af984@group-64AECEABE0BE->96e7c94e-3c8d-4ea5-9d39-2046e661862c: nextIndex: updateUnconditionally 0 -> 0
2019-11-15 20:18:11,976 [main] INFO  ozoneimpl.OzoneContainer (OzoneContainer.java:stop(244)) - Attempting to stop container services.
2019-11-15 20:18:11,977 [main] INFO  impl.RaftServerProxy (RaftServerProxy.java:lambda$close$4(314)) - d88ca459-20d2-4f21-a4b7-d806c7c265fd: close
2019-11-15 20:18:11,977 [main] INFO  impl.RaftServerImpl (RaftServerImpl.java:lambda$shutdown$3(250)) - d88ca459-20d2-4f21-a4b7-d806c7c265fd@group-599B3920551E: shutdown
2019-11-15 20:18:11,977 [main] INFO  util.JmxRegister (JmxRegister.java:unregister(73)) - Successfully un-registered JMX Bean with object name Ratis:service=RaftServer,group=group-599B3920551E,id=d88ca459-20d2-4f21-a4b7-d806c7c265fd
2019-11-15 20:18:11,978 [main] INFO  impl.RoleInfo (RoleInfo.java:shutdownLeaderState(104)) - d88ca459-20d2-4f21-a4b7-d806c7c265fd: shutdown LeaderState
2019-11-15 20:18:11,978 [main] INFO  impl.PendingRequests (PendingRequests.java:sendNotLeaderResponses(206)) - d88ca459-20d2-4f21-a4b7-d806c7c265fd@group-599B3920551E-PendingRequests: sendNotLeaderResponses
2019-11-15 20:18:11,978 [main] INFO  impl.StateMachineUpdater (StateMachineUpdater.java:stopAndJoin(136)) - d88ca459-20d2-4f21-a4b7-d806c7c265fd@group-599B3920551E-StateMachineUpdater: set stopIndex = 0
2019-11-15 20:18:11,979 [main] INFO  impl.RaftServerImpl (ServerState.java:close(387)) - d88ca459-20d2-4f21-a4b7-d806c7c265fd@group-599B3920551E: closes. applyIndex: 0
2019-11-15 20:18:11,979 [d88ca459-20d2-4f21-a4b7-d806c7c265fd@group-599B3920551E-SegmentedRaftLogWorker] INFO  segmented.SegmentedRaftLogWorker (SegmentedRaftLogWorker.java:run(316)) - d88ca459-20d2-4f21-a4b7-d806c7c265fd@group-599B3920551E-SegmentedRaftLogWorker was interrupted, exiting. There are 0 tasks remaining in the queue.
2019-11-15 20:18:11,986 [main] INFO  segmented.SegmentedRaftLogWorker (SegmentedRaftLogWorker.java:close(224)) - d88ca459-20d2-4f21-a4b7-d806c7c265fd@group-599B3920551E-SegmentedRaftLogWorker close()
2019-11-15 20:18:11,989 [main] INFO  impl.RaftServerImpl (RaftServerImpl.java:lambda$shutdown$3(250)) - d88ca459-20d2-4f21-a4b7-d806c7c265fd@group-B5CA401D5779: shutdown
2019-11-15 20:18:11,990 [main] INFO  util.JmxRegister (JmxRegister.java:unregister(73)) - Successfully un-registered JMX Bean with object name Ratis:service=RaftServer,group=group-B5CA401D5779,id=d88ca459-20d2-4f21-a4b7-d806c7c265fd
2019-11-15 20:18:11,990 [main] INFO  impl.RoleInfo (RoleInfo.java:shutdownFollowerState(121)) - d88ca459-20d2-4f21-a4b7-d806c7c265fd: shutdown FollowerState
2019-11-15 20:18:11,990 [main] INFO  impl.StateMachineUpdater (StateMachineUpdater.java:stopAndJoin(136)) - d88ca459-20d2-4f21-a4b7-d806c7c265fd@group-B5CA401D5779-StateMachineUpdater: set stopIndex = 0
2019-11-15 20:18:11,990 [Thread-1500] INFO  impl.FollowerState (FollowerState.java:run(120)) - d88ca459-20d2-4f21-a4b7-d806c7c265fd@group-B5CA401D5779-FollowerState was interrupted: java.lang.InterruptedException: sleep interrupted
2019-11-15 20:18:11,990 [main] INFO  impl.RaftServerImpl (ServerState.java:close(387)) - d88ca459-20d2-4f21-a4b7-d806c7c265fd@group-B5CA401D5779: closes. applyIndex: 0
2019-11-15 20:18:11,991 [d88ca459-20d2-4f21-a4b7-d806c7c265fd@group-B5CA401D5779-SegmentedRaftLogWorker] INFO  segmented.SegmentedRaftLogWorker (SegmentedRaftLogWorker.java:run(316)) - d88ca459-20d2-4f21-a4b7-d806c7c265fd@group-B5CA401D5779-SegmentedRaftLogWorker was interrupted, exiting. There are 0 tasks remaining in the queue.
2019-11-15 20:18:11,991 [main] INFO  segmented.SegmentedRaftLogWorker (SegmentedRaftLogWorker.java:close(224)) - d88ca459-20d2-4f21-a4b7-d806c7c265fd@group-B5CA401D5779-SegmentedRaftLogWorker close()
2019-11-15 20:18:11,993 [main] INFO  server.GrpcService (GrpcService.java:closeImpl(164)) - d88ca459-20d2-4f21-a4b7-d806c7c265fd: shutdown server with port 38325 now
2019-11-15 20:18:11,994 [grpc-default-executor-0] WARN  server.GrpcServerProtocolService (LogUtils.java:warn(134)) - d88ca459-20d2-4f21-a4b7-d806c7c265fd: installSnapshot onError, lastRequest: f5e6ed35-042e-40b5-afb2-c30172d49513->d88ca459-20d2-4f21-a4b7-d806c7c265fd#18-t1, previous=(t:1, i:0), leaderCommit=0, initializing? false, entries: <empty>: org.apache.ratis.thirdparty.io.grpc.StatusRuntimeException: CANCELLED: cancelled before receiving half close
2019-11-15 20:18:11,994 [main] INFO  server.GrpcService (GrpcService.java:closeImpl(172)) - d88ca459-20d2-4f21-a4b7-d806c7c265fd: shutdown server with port 38325 successfully
2019-11-15 20:18:11,995 [grpc-default-executor-1] WARN  server.GrpcLogAppender (LogUtils.java:warn(134)) - f5e6ed35-042e-40b5-afb2-c30172d49513@group-B5CA401D5779->d88ca459-20d2-4f21-a4b7-d806c7c265fd-AppendLogResponseHandler: Failed appendEntries: org.apache.ratis.thirdparty.io.grpc.StatusRuntimeException: CANCELLED: HTTP/2 error code: CANCEL
Received Rst Stream
2019-11-15 20:18:11,995 [grpc-default-executor-1] INFO  impl.FollowerInfo (FollowerInfo.java:lambda$new$0(51)) - f5e6ed35-042e-40b5-afb2-c30172d49513@group-B5CA401D5779->d88ca459-20d2-4f21-a4b7-d806c7c265fd: nextIndex: updateUnconditionally 1 -> 0
2019-11-15 20:18:11,997 [refreshUsed-/workdir/hadoop-ozone/integration-test/target/test-dir/MiniOzoneClusterImpl-cd14858e-7fd2-404c-93a1-487d1243ff76/datanode-6/data/containers] WARN  fs.CachingGetSpaceUsed (CachingGetSpaceUsed.java:run(183)) - Thread Interrupted waiting to refresh disk information: sleep interrupted
2019-11-15 20:18:12,010 [main] INFO  utils.BackgroundService (BackgroundService.java:shutdown(151)) - Shutting down service BlockDeletingService
2019-11-15 20:18:12,015 [main] INFO  statemachine.DatanodeStateMachine (DatanodeStateMachine.java:stopDaemon(400)) - Ozone container server stopped.
2019-11-15 20:18:12,017 [main] INFO  handler.ContextHandler (ContextHandler.java:doStop(910)) - Stopped o.e.j.w.WebAppContext@a6c54c3{/,null,UNAVAILABLE}{/hddsDatanode}
2019-11-15 20:18:12,018 [main] INFO  server.AbstractConnector (AbstractConnector.java:doStop(318)) - Stopped ServerConnector@580fd26b{HTTP/1.1,[http/1.1]}{0.0.0.0:0}
2019-11-15 20:18:12,019 [main] INFO  handler.ContextHandler (ContextHandler.java:doStop(910)) - Stopped o.e.j.s.ServletContextHandler@67b355c8{/static,jar:file:/home/user/.m2/repository/org/apache/hadoop/hadoop-hdds-container-service/0.5.0-SNAPSHOT/hadoop-hdds-container-service-0.5.0-SNAPSHOT.jar!/webapps/static,UNAVAILABLE}
2019-11-15 20:18:12,019 [main] INFO  handler.ContextHandler (ContextHandler.java:doStop(910)) - Stopped o.e.j.s.ServletContextHandler@79f90a3a{/logs,file:///workdir/hadoop-ozone/integration-test/target/log,UNAVAILABLE}
2019-11-15 20:18:12,030 [ForkJoinPool.commonPool-worker-1] INFO  ozoneimpl.OzoneContainer (OzoneContainer.java:stop(244)) - Attempting to stop container services.
2019-11-15 20:18:12,030 [ForkJoinPool.commonPool-worker-1] INFO  impl.RaftServerProxy (RaftServerProxy.java:lambda$close$4(314)) - f5e6ed35-042e-40b5-afb2-c30172d49513: close
2019-11-15 20:18:12,030 [ForkJoinPool.commonPool-worker-1] INFO  impl.RaftServerImpl (RaftServerImpl.java:lambda$shutdown$3(250)) - f5e6ed35-042e-40b5-afb2-c30172d49513@group-D2C76342F43A: shutdown
2019-11-15 20:18:12,031 [ForkJoinPool.commonPool-worker-1] INFO  util.JmxRegister (JmxRegister.java:unregister(73)) - Successfully un-registered JMX Bean with object name Ratis:service=RaftServer,group=group-D2C76342F43A,id=f5e6ed35-042e-40b5-afb2-c30172d49513
2019-11-15 20:18:12,031 [ForkJoinPool.commonPool-worker-1] INFO  impl.RoleInfo (RoleInfo.java:shutdownLeaderState(104)) - f5e6ed35-042e-40b5-afb2-c30172d49513: shutdown LeaderState
2019-11-15 20:18:12,031 [ForkJoinPool.commonPool-worker-1] INFO  impl.PendingRequests (PendingRequests.java:sendNotLeaderResponses(206)) - f5e6ed35-042e-40b5-afb2-c30172d49513@group-D2C76342F43A-PendingRequests: sendNotLeaderResponses
2019-11-15 20:18:12,031 [ForkJoinPool.commonPool-worker-1] INFO  impl.StateMachineUpdater (StateMachineUpdater.java:stopAndJoin(136)) - f5e6ed35-042e-40b5-afb2-c30172d49513@group-D2C76342F43A-StateMachineUpdater: set stopIndex = 0
2019-11-15 20:18:12,032 [ForkJoinPool.commonPool-worker-1] INFO  impl.RaftServerImpl (ServerState.java:close(387)) - f5e6ed35-042e-40b5-afb2-c30172d49513@group-D2C76342F43A: closes. applyIndex: 0
2019-11-15 20:18:12,032 [f5e6ed35-042e-40b5-afb2-c30172d49513@group-D2C76342F43A-SegmentedRaftLogWorker] INFO  segmented.SegmentedRaftLogWorker (SegmentedRaftLogWorker.java:run(316)) - f5e6ed35-042e-40b5-afb2-c30172d49513@group-D2C76342F43A-SegmentedRaftLogWorker was interrupted, exiting. There are 0 tasks remaining in the queue.
2019-11-15 20:18:12,032 [ForkJoinPool.commonPool-worker-1] INFO  segmented.SegmentedRaftLogWorker (SegmentedRaftLogWorker.java:close(224)) - f5e6ed35-042e-40b5-afb2-c30172d49513@group-D2C76342F43A-SegmentedRaftLogWorker close()
2019-11-15 20:18:12,033 [ForkJoinPool.commonPool-worker-1] INFO  impl.RaftServerImpl (RaftServerImpl.java:lambda$shutdown$3(250)) - f5e6ed35-042e-40b5-afb2-c30172d49513@group-B5CA401D5779: shutdown
2019-11-15 20:18:12,034 [ForkJoinPool.commonPool-worker-1] INFO  util.JmxRegister (JmxRegister.java:unregister(73)) - Successfully un-registered JMX Bean with object name Ratis:service=RaftServer,group=group-B5CA401D5779,id=f5e6ed35-042e-40b5-afb2-c30172d49513
2019-11-15 20:18:12,034 [ForkJoinPool.commonPool-worker-1] INFO  impl.RoleInfo (RoleInfo.java:shutdownLeaderState(104)) - f5e6ed35-042e-40b5-afb2-c30172d49513: shutdown LeaderState
2019-11-15 20:18:12,034 [ForkJoinPool.commonPool-worker-1] INFO  impl.PendingRequests (PendingRequests.java:sendNotLeaderResponses(206)) - f5e6ed35-042e-40b5-afb2-c30172d49513@group-B5CA401D5779-PendingRequests: sendNotLeaderResponses
2019-11-15 20:18:12,034 [org.apache.ratis.server.impl.LogAppender$AppenderDaemon$$Lambda$442/633709551@3158dd67] WARN  server.GrpcLogAppender (GrpcLogAppender.java:mayWait(151)) - f5e6ed35-042e-40b5-afb2-c30172d49513@group-B5CA401D5779->c23f4e8b-a977-491c-8d15-b9b92ca8b7b3-GrpcLogAppender: Wait interrupted by java.lang.InterruptedException
2019-11-15 20:18:12,034 [ForkJoinPool.commonPool-worker-1] INFO  impl.StateMachineUpdater (StateMachineUpdater.java:stopAndJoin(136)) - f5e6ed35-042e-40b5-afb2-c30172d49513@group-B5CA401D5779-StateMachineUpdater: set stopIndex = 0
2019-11-15 20:18:12,034 [org.apache.ratis.server.impl.LogAppender$AppenderDaemon$$Lambda$442/633709551@745a4528] WARN  server.GrpcLogAppender (GrpcLogAppender.java:mayWait(151)) - f5e6ed35-042e-40b5-afb2-c30172d49513@group-B5CA401D5779->d88ca459-20d2-4f21-a4b7-d806c7c265fd-GrpcLogAppender: Wait interrupted by java.lang.InterruptedException
2019-11-15 20:18:12,035 [ForkJoinPool.commonPool-worker-1] INFO  impl.RaftServerImpl (ServerState.java:close(387)) - f5e6ed35-042e-40b5-afb2-c30172d49513@group-B5CA401D5779: closes. applyIndex: 0
2019-11-15 20:18:12,035 [f5e6ed35-042e-40b5-afb2-c30172d49513@group-B5CA401D5779-SegmentedRaftLogWorker] INFO  segmented.SegmentedRaftLogWorker (SegmentedRaftLogWorker.java:run(316)) - f5e6ed35-042e-40b5-afb2-c30172d49513@group-B5CA401D5779-SegmentedRaftLogWorker was interrupted, exiting. There are 0 tasks remaining in the queue.
2019-11-15 20:18:12,035 [grpc-default-executor-1] INFO  server.GrpcServerProtocolService (GrpcServerProtocolService.java:onCompleted(113)) - c23f4e8b-a977-491c-8d15-b9b92ca8b7b3: Completed APPEND_ENTRIES, lastRequest: f5e6ed35-042e-40b5-afb2-c30172d49513->c23f4e8b-a977-491c-8d15-b9b92ca8b7b3#18-t1, previous=(t:1, i:0), leaderCommit=0, initializing? false, entries: <empty>
2019-11-15 20:18:12,035 [ForkJoinPool.commonPool-worker-1] INFO  segmented.SegmentedRaftLogWorker (SegmentedRaftLogWorker.java:close(224)) - f5e6ed35-042e-40b5-afb2-c30172d49513@group-B5CA401D5779-SegmentedRaftLogWorker close()
2019-11-15 20:18:12,043 [ForkJoinPool.commonPool-worker-1] INFO  server.GrpcService (GrpcService.java:closeImpl(164)) - f5e6ed35-042e-40b5-afb2-c30172d49513: shutdown server with port 39593 now
2019-11-15 20:18:12,044 [grpc-default-executor-1] INFO  server.GrpcLogAppender (GrpcLogAppender.java:onCompleted(308)) - f5e6ed35-042e-40b5-afb2-c30172d49513@group-B5CA401D5779->c23f4e8b-a977-491c-8d15-b9b92ca8b7b3-AppendLogResponseHandler: follower responses appendEntries COMPLETED
2019-11-15 20:18:12,044 [ForkJoinPool.commonPool-worker-1] INFO  server.GrpcService (GrpcService.java:closeImpl(172)) - f5e6ed35-042e-40b5-afb2-c30172d49513: shutdown server with port 39593 successfully
2019-11-15 20:18:12,044 [grpc-default-executor-1] INFO  impl.FollowerInfo (FollowerInfo.java:lambda$new$0(51)) - f5e6ed35-042e-40b5-afb2-c30172d49513@group-B5CA401D5779->c23f4e8b-a977-491c-8d15-b9b92ca8b7b3: nextIndex: updateUnconditionally 1 -> 0
2019-11-15 20:18:12,048 [refreshUsed-/workdir/hadoop-ozone/integration-test/target/test-dir/MiniOzoneClusterImpl-cd14858e-7fd2-404c-93a1-487d1243ff76/datanode-3/data/containers] WARN  fs.CachingGetSpaceUsed (CachingGetSpaceUsed.java:run(183)) - Thread Interrupted waiting to refresh disk information: sleep interrupted
2019-11-15 20:18:12,058 [ForkJoinPool.commonPool-worker-1] INFO  utils.BackgroundService (BackgroundService.java:shutdown(151)) - Shutting down service BlockDeletingService
2019-11-15 20:18:12,061 [ForkJoinPool.commonPool-worker-1] INFO  statemachine.DatanodeStateMachine (DatanodeStateMachine.java:stopDaemon(400)) - Ozone container server stopped.
2019-11-15 20:18:12,064 [ForkJoinPool.commonPool-worker-1] INFO  handler.ContextHandler (ContextHandler.java:doStop(910)) - Stopped o.e.j.w.WebAppContext@6cd15072{/,null,UNAVAILABLE}{/hddsDatanode}
2019-11-15 20:18:12,064 [ForkJoinPool.commonPool-worker-1] INFO  server.AbstractConnector (AbstractConnector.java:doStop(318)) - Stopped ServerConnector@78cfa264{HTTP/1.1,[http/1.1]}{0.0.0.0:0}
2019-11-15 20:18:12,066 [ForkJoinPool.commonPool-worker-1] INFO  handler.ContextHandler (ContextHandler.java:doStop(910)) - Stopped o.e.j.s.ServletContextHandler@6a5e167a{/static,jar:file:/home/user/.m2/repository/org/apache/hadoop/hadoop-hdds-container-service/0.5.0-SNAPSHOT/hadoop-hdds-container-service-0.5.0-SNAPSHOT.jar!/webapps/static,UNAVAILABLE}
2019-11-15 20:18:12,067 [ForkJoinPool.commonPool-worker-1] INFO  handler.ContextHandler (ContextHandler.java:doStop(910)) - Stopped o.e.j.s.ServletContextHandler@1faf386c{/logs,file:///workdir/hadoop-ozone/integration-test/target/log,UNAVAILABLE}
2019-11-15 20:18:12,307 [Datanode State Machine Thread - 0] INFO  statemachine.DatanodeStateMachine (DatanodeStateMachine.java:lambda$startDaemon$0(355)) - Ozone container server started.
2019-11-15 20:18:12,374 [grpc-default-executor-1] WARN  server.GrpcLogAppender (LogUtils.java:warn(134)) - 278d11c8-d2e3-4654-bbf4-54dbcf402594@group-AED6481E285D->1acd8ba6-dda5-4cb5-b2f0-bb88a33d5541-AppendLogResponseHandler: Failed appendEntries: org.apache.ratis.thirdparty.io.grpc.StatusRuntimeException: UNAVAILABLE: io exception
2019-11-15 20:18:12,374 [grpc-default-executor-1] INFO  impl.FollowerInfo (FollowerInfo.java:lambda$new$0(51)) - 278d11c8-d2e3-4654-bbf4-54dbcf402594@group-AED6481E285D->1acd8ba6-dda5-4cb5-b2f0-bb88a33d5541: nextIndex: updateUnconditionally 0 -> 0
2019-11-15 20:18:12,434 [grpc-default-executor-1] WARN  server.GrpcLogAppender (LogUtils.java:warn(134)) - 02c8c0cd-3388-46ae-a10b-79a5583af984@group-64AECEABE0BE->96e7c94e-3c8d-4ea5-9d39-2046e661862c-AppendLogResponseHandler: Failed appendEntries: org.apache.ratis.thirdparty.io.grpc.StatusRuntimeException: UNAVAILABLE: io exception
2019-11-15 20:18:12,435 [grpc-default-executor-1] INFO  impl.FollowerInfo (FollowerInfo.java:lambda$new$0(51)) - 02c8c0cd-3388-46ae-a10b-79a5583af984@group-64AECEABE0BE->96e7c94e-3c8d-4ea5-9d39-2046e661862c: nextIndex: updateUnconditionally 0 -> 0
2019-11-15 20:18:12,720 [Datanode State Machine Thread - 0] INFO  statemachine.DatanodeStateMachine (DatanodeStateMachine.java:lambda$startDaemon$0(355)) - Ozone container server started.
2019-11-15 20:18:12,874 [grpc-default-executor-1] WARN  server.GrpcLogAppender (LogUtils.java:warn(134)) - 278d11c8-d2e3-4654-bbf4-54dbcf402594@group-AED6481E285D->1acd8ba6-dda5-4cb5-b2f0-bb88a33d5541-AppendLogResponseHandler: Failed appendEntries: org.apache.ratis.thirdparty.io.grpc.StatusRuntimeException: UNAVAILABLE: io exception
2019-11-15 20:18:12,875 [grpc-default-executor-1] INFO  impl.FollowerInfo (FollowerInfo.java:lambda$new$0(51)) - 278d11c8-d2e3-4654-bbf4-54dbcf402594@group-AED6481E285D->1acd8ba6-dda5-4cb5-b2f0-bb88a33d5541: nextIndex: updateUnconditionally 0 -> 0
2019-11-15 20:18:12,935 [grpc-default-executor-1] WARN  server.GrpcLogAppender (LogUtils.java:warn(134)) - 02c8c0cd-3388-46ae-a10b-79a5583af984@group-64AECEABE0BE->96e7c94e-3c8d-4ea5-9d39-2046e661862c-AppendLogResponseHandler: Failed appendEntries: org.apache.ratis.thirdparty.io.grpc.StatusRuntimeException: UNAVAILABLE: io exception
2019-11-15 20:18:12,936 [grpc-default-executor-1] INFO  impl.FollowerInfo (FollowerInfo.java:lambda$new$0(51)) - 02c8c0cd-3388-46ae-a10b-79a5583af984@group-64AECEABE0BE->96e7c94e-3c8d-4ea5-9d39-2046e661862c: nextIndex: updateUnconditionally 0 -> 0
2019-11-15 20:18:13,375 [grpc-default-executor-1] WARN  server.GrpcLogAppender (LogUtils.java:warn(134)) - 278d11c8-d2e3-4654-bbf4-54dbcf402594@group-AED6481E285D->1acd8ba6-dda5-4cb5-b2f0-bb88a33d5541-AppendLogResponseHandler: Failed appendEntries: org.apache.ratis.thirdparty.io.grpc.StatusRuntimeException: UNAVAILABLE: io exception
2019-11-15 20:18:13,375 [grpc-default-executor-1] INFO  impl.FollowerInfo (FollowerInfo.java:lambda$new$0(51)) - 278d11c8-d2e3-4654-bbf4-54dbcf402594@group-AED6481E285D->1acd8ba6-dda5-4cb5-b2f0-bb88a33d5541: nextIndex: updateUnconditionally 0 -> 0
2019-11-15 20:18:13,436 [grpc-default-executor-4] WARN  server.GrpcLogAppender (LogUtils.java:warn(134)) - 02c8c0cd-3388-46ae-a10b-79a5583af984@group-64AECEABE0BE->96e7c94e-3c8d-4ea5-9d39-2046e661862c-AppendLogResponseHandler: Failed appendEntries: org.apache.ratis.thirdparty.io.grpc.StatusRuntimeException: UNAVAILABLE: io exception
2019-11-15 20:18:13,436 [grpc-default-executor-4] INFO  impl.FollowerInfo (FollowerInfo.java:lambda$new$0(51)) - 02c8c0cd-3388-46ae-a10b-79a5583af984@group-64AECEABE0BE->96e7c94e-3c8d-4ea5-9d39-2046e661862c: nextIndex: updateUnconditionally 0 -> 0
2019-11-15 20:18:13,634 [Thread-1493] INFO  impl.FollowerState (FollowerState.java:run(111)) - c23f4e8b-a977-491c-8d15-b9b92ca8b7b3@group-B5CA401D5779-FollowerState: change to CANDIDATE, lastRpcTime:1945ms, electionTimeout:1030ms
2019-11-15 20:18:13,634 [Thread-1493] INFO  impl.RoleInfo (RoleInfo.java:shutdownFollowerState(121)) - c23f4e8b-a977-491c-8d15-b9b92ca8b7b3: shutdown FollowerState
2019-11-15 20:18:13,634 [Thread-1493] INFO  impl.RaftServerImpl (RaftServerImpl.java:setRole(173)) - c23f4e8b-a977-491c-8d15-b9b92ca8b7b3@group-B5CA401D5779: changes role from  FOLLOWER to CANDIDATE at term 1 for changeToCandidate
2019-11-15 20:18:13,634 [Thread-1493] INFO  impl.RoleInfo (RoleInfo.java:updateAndGet(143)) - c23f4e8b-a977-491c-8d15-b9b92ca8b7b3: start LeaderElection
2019-11-15 20:18:13,634 [c23f4e8b-a977-491c-8d15-b9b92ca8b7b3@group-B5CA401D5779-LeaderElection76] INFO  impl.RaftServerImpl (ServerState.java:setLeader(255)) - c23f4e8b-a977-491c-8d15-b9b92ca8b7b3@group-B5CA401D5779: change Leader from f5e6ed35-042e-40b5-afb2-c30172d49513 to null at term 1 for initElection
2019-11-15 20:18:13,651 [c23f4e8b-a977-491c-8d15-b9b92ca8b7b3@group-B5CA401D5779-LeaderElection76] INFO  impl.LeaderElection (LeaderElection.java:askForVotes(178)) - c23f4e8b-a977-491c-8d15-b9b92ca8b7b3@group-B5CA401D5779-LeaderElection76: begin an election at term 2 for 0: [f5e6ed35-042e-40b5-afb2-c30172d49513:192.168.69.94:39593, c23f4e8b-a977-491c-8d15-b9b92ca8b7b3:192.168.69.94:37963, d88ca459-20d2-4f21-a4b7-d806c7c265fd:192.168.69.94:38325], old=null
2019-11-15 20:18:13,653 [c23f4e8b-a977-491c-8d15-b9b92ca8b7b3@group-B5CA401D5779-LeaderElection76] INFO  impl.LeaderElection (LogUtils.java:infoOrTrace(149)) - c23f4e8b-a977-491c-8d15-b9b92ca8b7b3@group-B5CA401D5779-LeaderElection76 got exception when requesting votes: {}
java.util.concurrent.ExecutionException: org.apache.ratis.thirdparty.io.grpc.StatusRuntimeException: UNAVAILABLE: io exception
	at java.util.concurrent.FutureTask.report(FutureTask.java:122)
	at java.util.concurrent.FutureTask.get(FutureTask.java:192)
	at org.apache.ratis.server.impl.LeaderElection.waitForResults(LeaderElection.java:259)
	at org.apache.ratis.server.impl.LeaderElection.askForVotes(LeaderElection.java:197)
	at org.apache.ratis.server.impl.LeaderElection.run(LeaderElection.java:133)
	at java.lang.Thread.run(Thread.java:748)
Caused by: org.apache.ratis.thirdparty.io.grpc.StatusRuntimeException: UNAVAILABLE: io exception
	at org.apache.ratis.thirdparty.io.grpc.stub.ClientCalls.toStatusRuntimeException(ClientCalls.java:233)
	at org.apache.ratis.thirdparty.io.grpc.stub.ClientCalls.getUnchecked(ClientCalls.java:214)
	at org.apache.ratis.thirdparty.io.grpc.stub.ClientCalls.blockingUnaryCall(ClientCalls.java:139)
	at org.apache.ratis.proto.grpc.RaftServerProtocolServiceGrpc$RaftServerProtocolServiceBlockingStub.requestVote(RaftServerProtocolServiceGrpc.java:265)
	at org.apache.ratis.grpc.server.GrpcServerProtocolClient.requestVote(GrpcServerProtocolClient.java:99)
	at org.apache.ratis.grpc.server.GrpcService.requestVote(GrpcService.java:204)
	at org.apache.ratis.server.impl.LeaderElection.lambda$submitRequests$1(LeaderElection.java:234)
	at java.util.concurrent.FutureTask.run(FutureTask.java:266)
	at java.util.concurrent.Executors$RunnableAdapter.call(Executors.java:511)
	at java.util.concurrent.FutureTask.run(FutureTask.java:266)
	at java.util.concurrent.ThreadPoolExecutor.runWorker(ThreadPoolExecutor.java:1149)
	at java.util.concurrent.ThreadPoolExecutor$Worker.run(ThreadPoolExecutor.java:624)
	... 1 more
Caused by: org.apache.ratis.thirdparty.io.netty.channel.AbstractChannel$AnnotatedConnectException: Connection refused: /192.168.69.94:38325
	at sun.nio.ch.SocketChannelImpl.checkConnect(Native Method)
	at sun.nio.ch.SocketChannelImpl.finishConnect(SocketChannelImpl.java:717)
	at org.apache.ratis.thirdparty.io.netty.channel.socket.nio.NioSocketChannel.doFinishConnect(NioSocketChannel.java:327)
	at org.apache.ratis.thirdparty.io.netty.channel.nio.AbstractNioChannel$AbstractNioUnsafe.finishConnect(AbstractNioChannel.java:340)
	at org.apache.ratis.thirdparty.io.netty.channel.nio.NioEventLoop.processSelectedKey(NioEventLoop.java:632)
	at org.apache.ratis.thirdparty.io.netty.channel.nio.NioEventLoop.processSelectedKeysOptimized(NioEventLoop.java:579)
	at org.apache.ratis.thirdparty.io.netty.channel.nio.NioEventLoop.processSelectedKeys(NioEventLoop.java:496)
	at org.apache.ratis.thirdparty.io.netty.channel.nio.NioEventLoop.run(NioEventLoop.java:458)
	at org.apache.ratis.thirdparty.io.netty.util.concurrent.SingleThreadEventExecutor$5.run(SingleThreadEventExecutor.java:897)
	at org.apache.ratis.thirdparty.io.netty.util.concurrent.FastThreadLocalRunnable.run(FastThreadLocalRunnable.java:30)
	... 1 more
Caused by: java.net.ConnectException: Connection refused
	... 11 more
2019-11-15 20:18:13,653 [c23f4e8b-a977-491c-8d15-b9b92ca8b7b3@group-B5CA401D5779-LeaderElection76] INFO  impl.LeaderElection (LogUtils.java:infoOrTrace(149)) - c23f4e8b-a977-491c-8d15-b9b92ca8b7b3@group-B5CA401D5779-LeaderElection76 got exception when requesting votes: {}
java.util.concurrent.ExecutionException: org.apache.ratis.thirdparty.io.grpc.StatusRuntimeException: UNAVAILABLE: io exception
	at java.util.concurrent.FutureTask.report(FutureTask.java:122)
	at java.util.concurrent.FutureTask.get(FutureTask.java:192)
	at org.apache.ratis.server.impl.LeaderElection.waitForResults(LeaderElection.java:259)
	at org.apache.ratis.server.impl.LeaderElection.askForVotes(LeaderElection.java:197)
	at org.apache.ratis.server.impl.LeaderElection.run(LeaderElection.java:133)
	at java.lang.Thread.run(Thread.java:748)
Caused by: org.apache.ratis.thirdparty.io.grpc.StatusRuntimeException: UNAVAILABLE: io exception
	at org.apache.ratis.thirdparty.io.grpc.stub.ClientCalls.toStatusRuntimeException(ClientCalls.java:233)
	at org.apache.ratis.thirdparty.io.grpc.stub.ClientCalls.getUnchecked(ClientCalls.java:214)
	at org.apache.ratis.thirdparty.io.grpc.stub.ClientCalls.blockingUnaryCall(ClientCalls.java:139)
	at org.apache.ratis.proto.grpc.RaftServerProtocolServiceGrpc$RaftServerProtocolServiceBlockingStub.requestVote(RaftServerProtocolServiceGrpc.java:265)
	at org.apache.ratis.grpc.server.GrpcServerProtocolClient.requestVote(GrpcServerProtocolClient.java:99)
	at org.apache.ratis.grpc.server.GrpcService.requestVote(GrpcService.java:204)
	at org.apache.ratis.server.impl.LeaderElection.lambda$submitRequests$1(LeaderElection.java:234)
	at java.util.concurrent.FutureTask.run(FutureTask.java:266)
	at java.util.concurrent.Executors$RunnableAdapter.call(Executors.java:511)
	at java.util.concurrent.FutureTask.run(FutureTask.java:266)
	at java.util.concurrent.ThreadPoolExecutor.runWorker(ThreadPoolExecutor.java:1149)
	at java.util.concurrent.ThreadPoolExecutor$Worker.run(ThreadPoolExecutor.java:624)
	... 1 more
Caused by: org.apache.ratis.thirdparty.io.netty.channel.AbstractChannel$AnnotatedConnectException: Connection refused: /192.168.69.94:39593
	at sun.nio.ch.SocketChannelImpl.checkConnect(Native Method)
	at sun.nio.ch.SocketChannelImpl.finishConnect(SocketChannelImpl.java:717)
	at org.apache.ratis.thirdparty.io.netty.channel.socket.nio.NioSocketChannel.doFinishConnect(NioSocketChannel.java:327)
	at org.apache.ratis.thirdparty.io.netty.channel.nio.AbstractNioChannel$AbstractNioUnsafe.finishConnect(AbstractNioChannel.java:340)
	at org.apache.ratis.thirdparty.io.netty.channel.nio.NioEventLoop.processSelectedKey(NioEventLoop.java:632)
	at org.apache.ratis.thirdparty.io.netty.channel.nio.NioEventLoop.processSelectedKeysOptimized(NioEventLoop.java:579)
	at org.apache.ratis.thirdparty.io.netty.channel.nio.NioEventLoop.processSelectedKeys(NioEventLoop.java:496)
	at org.apache.ratis.thirdparty.io.netty.channel.nio.NioEventLoop.run(NioEventLoop.java:458)
	at org.apache.ratis.thirdparty.io.netty.util.concurrent.SingleThreadEventExecutor$5.run(SingleThreadEventExecutor.java:897)
	at org.apache.ratis.thirdparty.io.netty.util.concurrent.FastThreadLocalRunnable.run(FastThreadLocalRunnable.java:30)
	... 1 more
Caused by: java.net.ConnectException: Connection refused
	... 11 more
2019-11-15 20:18:13,654 [c23f4e8b-a977-491c-8d15-b9b92ca8b7b3@group-B5CA401D5779-LeaderElection76] INFO  impl.LeaderElection (LeaderElection.java:logAndReturn(56)) - c23f4e8b-a977-491c-8d15-b9b92ca8b7b3@group-B5CA401D5779-LeaderElection76: Election REJECTED; received 0 response(s) [] and 2 exception(s); c23f4e8b-a977-491c-8d15-b9b92ca8b7b3@group-B5CA401D5779:t2, leader=null, voted=c23f4e8b-a977-491c-8d15-b9b92ca8b7b3, raftlog=c23f4e8b-a977-491c-8d15-b9b92ca8b7b3@group-B5CA401D5779-SegmentedRaftLog:OPENED:c0,f0,i0, conf=0: [f5e6ed35-042e-40b5-afb2-c30172d49513:192.168.69.94:39593, c23f4e8b-a977-491c-8d15-b9b92ca8b7b3:192.168.69.94:37963, d88ca459-20d2-4f21-a4b7-d806c7c265fd:192.168.69.94:38325], old=null
2019-11-15 20:18:13,654 [c23f4e8b-a977-491c-8d15-b9b92ca8b7b3@group-B5CA401D5779-LeaderElection76] INFO  impl.LeaderElection (LogUtils.java:infoOrTrace(149)) -   Exception 0: {}
java.util.concurrent.ExecutionException: org.apache.ratis.thirdparty.io.grpc.StatusRuntimeException: UNAVAILABLE: io exception
	at java.util.concurrent.FutureTask.report(FutureTask.java:122)
	at java.util.concurrent.FutureTask.get(FutureTask.java:192)
	at org.apache.ratis.server.impl.LeaderElection.waitForResults(LeaderElection.java:259)
	at org.apache.ratis.server.impl.LeaderElection.askForVotes(LeaderElection.java:197)
	at org.apache.ratis.server.impl.LeaderElection.run(LeaderElection.java:133)
	at java.lang.Thread.run(Thread.java:748)
Caused by: org.apache.ratis.thirdparty.io.grpc.StatusRuntimeException: UNAVAILABLE: io exception
	at org.apache.ratis.thirdparty.io.grpc.stub.ClientCalls.toStatusRuntimeException(ClientCalls.java:233)
	at org.apache.ratis.thirdparty.io.grpc.stub.ClientCalls.getUnchecked(ClientCalls.java:214)
	at org.apache.ratis.thirdparty.io.grpc.stub.ClientCalls.blockingUnaryCall(ClientCalls.java:139)
	at org.apache.ratis.proto.grpc.RaftServerProtocolServiceGrpc$RaftServerProtocolServiceBlockingStub.requestVote(RaftServerProtocolServiceGrpc.java:265)
	at org.apache.ratis.grpc.server.GrpcServerProtocolClient.requestVote(GrpcServerProtocolClient.java:99)
	at org.apache.ratis.grpc.server.GrpcService.requestVote(GrpcService.java:204)
	at org.apache.ratis.server.impl.LeaderElection.lambda$submitRequests$1(LeaderElection.java:234)
	at java.util.concurrent.FutureTask.run(FutureTask.java:266)
	at java.util.concurrent.Executors$RunnableAdapter.call(Executors.java:511)
	at java.util.concurrent.FutureTask.run(FutureTask.java:266)
	at java.util.concurrent.ThreadPoolExecutor.runWorker(ThreadPoolExecutor.java:1149)
	at java.util.concurrent.ThreadPoolExecutor$Worker.run(ThreadPoolExecutor.java:624)
	... 1 more
Caused by: org.apache.ratis.thirdparty.io.netty.channel.AbstractChannel$AnnotatedConnectException: Connection refused: /192.168.69.94:38325
	at sun.nio.ch.SocketChannelImpl.checkConnect(Native Method)
	at sun.nio.ch.SocketChannelImpl.finishConnect(SocketChannelImpl.java:717)
	at org.apache.ratis.thirdparty.io.netty.channel.socket.nio.NioSocketChannel.doFinishConnect(NioSocketChannel.java:327)
	at org.apache.ratis.thirdparty.io.netty.channel.nio.AbstractNioChannel$AbstractNioUnsafe.finishConnect(AbstractNioChannel.java:340)
	at org.apache.ratis.thirdparty.io.netty.channel.nio.NioEventLoop.processSelectedKey(NioEventLoop.java:632)
	at org.apache.ratis.thirdparty.io.netty.channel.nio.NioEventLoop.processSelectedKeysOptimized(NioEventLoop.java:579)
	at org.apache.ratis.thirdparty.io.netty.channel.nio.NioEventLoop.processSelectedKeys(NioEventLoop.java:496)
	at org.apache.ratis.thirdparty.io.netty.channel.nio.NioEventLoop.run(NioEventLoop.java:458)
	at org.apache.ratis.thirdparty.io.netty.util.concurrent.SingleThreadEventExecutor$5.run(SingleThreadEventExecutor.java:897)
	at org.apache.ratis.thirdparty.io.netty.util.concurrent.FastThreadLocalRunnable.run(FastThreadLocalRunnable.java:30)
	... 1 more
Caused by: java.net.ConnectException: Connection refused
	... 11 more
2019-11-15 20:18:13,654 [c23f4e8b-a977-491c-8d15-b9b92ca8b7b3@group-B5CA401D5779-LeaderElection76] INFO  impl.LeaderElection (LogUtils.java:infoOrTrace(149)) -   Exception 1: {}
java.util.concurrent.ExecutionException: org.apache.ratis.thirdparty.io.grpc.StatusRuntimeException: UNAVAILABLE: io exception
	at java.util.concurrent.FutureTask.report(FutureTask.java:122)
	at java.util.concurrent.FutureTask.get(FutureTask.java:192)
	at org.apache.ratis.server.impl.LeaderElection.waitForResults(LeaderElection.java:259)
	at org.apache.ratis.server.impl.LeaderElection.askForVotes(LeaderElection.java:197)
	at org.apache.ratis.server.impl.LeaderElection.run(LeaderElection.java:133)
	at java.lang.Thread.run(Thread.java:748)
Caused by: org.apache.ratis.thirdparty.io.grpc.StatusRuntimeException: UNAVAILABLE: io exception
	at org.apache.ratis.thirdparty.io.grpc.stub.ClientCalls.toStatusRuntimeException(ClientCalls.java:233)
	at org.apache.ratis.thirdparty.io.grpc.stub.ClientCalls.getUnchecked(ClientCalls.java:214)
	at org.apache.ratis.thirdparty.io.grpc.stub.ClientCalls.blockingUnaryCall(ClientCalls.java:139)
	at org.apache.ratis.proto.grpc.RaftServerProtocolServiceGrpc$RaftServerProtocolServiceBlockingStub.requestVote(RaftServerProtocolServiceGrpc.java:265)
	at org.apache.ratis.grpc.server.GrpcServerProtocolClient.requestVote(GrpcServerProtocolClient.java:99)
	at org.apache.ratis.grpc.server.GrpcService.requestVote(GrpcService.java:204)
	at org.apache.ratis.server.impl.LeaderElection.lambda$submitRequests$1(LeaderElection.java:234)
	at java.util.concurrent.FutureTask.run(FutureTask.java:266)
	at java.util.concurrent.Executors$RunnableAdapter.call(Executors.java:511)
	at java.util.concurrent.FutureTask.run(FutureTask.java:266)
	at java.util.concurrent.ThreadPoolExecutor.runWorker(ThreadPoolExecutor.java:1149)
	at java.util.concurrent.ThreadPoolExecutor$Worker.run(ThreadPoolExecutor.java:624)
	... 1 more
Caused by: org.apache.ratis.thirdparty.io.netty.channel.AbstractChannel$AnnotatedConnectException: Connection refused: /192.168.69.94:39593
	at sun.nio.ch.SocketChannelImpl.checkConnect(Native Method)
	at sun.nio.ch.SocketChannelImpl.finishConnect(SocketChannelImpl.java:717)
	at org.apache.ratis.thirdparty.io.netty.channel.socket.nio.NioSocketChannel.doFinishConnect(NioSocketChannel.java:327)
	at org.apache.ratis.thirdparty.io.netty.channel.nio.AbstractNioChannel$AbstractNioUnsafe.finishConnect(AbstractNioChannel.java:340)
	at org.apache.ratis.thirdparty.io.netty.channel.nio.NioEventLoop.processSelectedKey(NioEventLoop.java:632)
	at org.apache.ratis.thirdparty.io.netty.channel.nio.NioEventLoop.processSelectedKeysOptimized(NioEventLoop.java:579)
	at org.apache.ratis.thirdparty.io.netty.channel.nio.NioEventLoop.processSelectedKeys(NioEventLoop.java:496)
	at org.apache.ratis.thirdparty.io.netty.channel.nio.NioEventLoop.run(NioEventLoop.java:458)
	at org.apache.ratis.thirdparty.io.netty.util.concurrent.SingleThreadEventExecutor$5.run(SingleThreadEventExecutor.java:897)
	at org.apache.ratis.thirdparty.io.netty.util.concurrent.FastThreadLocalRunnable.run(FastThreadLocalRunnable.java:30)
	... 1 more
Caused by: java.net.ConnectException: Connection refused
	... 11 more
2019-11-15 20:18:13,654 [c23f4e8b-a977-491c-8d15-b9b92ca8b7b3@group-B5CA401D5779-LeaderElection76] INFO  impl.RaftServerImpl (RaftServerImpl.java:setRole(173)) - c23f4e8b-a977-491c-8d15-b9b92ca8b7b3@group-B5CA401D5779: changes role from CANDIDATE to FOLLOWER at term 2 for DISCOVERED_A_NEW_TERM
2019-11-15 20:18:13,655 [c23f4e8b-a977-491c-8d15-b9b92ca8b7b3@group-B5CA401D5779-LeaderElection76] INFO  impl.RoleInfo (RoleInfo.java:shutdownLeaderElection(134)) - c23f4e8b-a977-491c-8d15-b9b92ca8b7b3: shutdown LeaderElection
2019-11-15 20:18:13,655 [c23f4e8b-a977-491c-8d15-b9b92ca8b7b3@group-B5CA401D5779-LeaderElection76] INFO  impl.RoleInfo (RoleInfo.java:updateAndGet(143)) - c23f4e8b-a977-491c-8d15-b9b92ca8b7b3: start FollowerState
2019-11-15 20:18:13,876 [grpc-default-executor-1] WARN  server.GrpcLogAppender (LogUtils.java:warn(134)) - 278d11c8-d2e3-4654-bbf4-54dbcf402594@group-AED6481E285D->1acd8ba6-dda5-4cb5-b2f0-bb88a33d5541-AppendLogResponseHandler: Failed appendEntries: org.apache.ratis.thirdparty.io.grpc.StatusRuntimeException: UNAVAILABLE: io exception
2019-11-15 20:18:13,876 [grpc-default-executor-1] INFO  impl.FollowerInfo (FollowerInfo.java:lambda$new$0(51)) - 278d11c8-d2e3-4654-bbf4-54dbcf402594@group-AED6481E285D->1acd8ba6-dda5-4cb5-b2f0-bb88a33d5541: nextIndex: updateUnconditionally 0 -> 0
2019-11-15 20:18:13,937 [grpc-default-executor-1] WARN  server.GrpcLogAppender (LogUtils.java:warn(134)) - 02c8c0cd-3388-46ae-a10b-79a5583af984@group-64AECEABE0BE->96e7c94e-3c8d-4ea5-9d39-2046e661862c-AppendLogResponseHandler: Failed appendEntries: org.apache.ratis.thirdparty.io.grpc.StatusRuntimeException: UNAVAILABLE: io exception
2019-11-15 20:18:13,937 [grpc-default-executor-1] INFO  impl.FollowerInfo (FollowerInfo.java:lambda$new$0(51)) - 02c8c0cd-3388-46ae-a10b-79a5583af984@group-64AECEABE0BE->96e7c94e-3c8d-4ea5-9d39-2046e661862c: nextIndex: updateUnconditionally 0 -> 0
2019-11-15 20:18:14,380 [grpc-default-executor-0] WARN  server.GrpcLogAppender (LogUtils.java:warn(134)) - 278d11c8-d2e3-4654-bbf4-54dbcf402594@group-AED6481E285D->1acd8ba6-dda5-4cb5-b2f0-bb88a33d5541-AppendLogResponseHandler: Failed appendEntries: org.apache.ratis.thirdparty.io.grpc.StatusRuntimeException: UNAVAILABLE: io exception
2019-11-15 20:18:14,381 [grpc-default-executor-0] INFO  impl.FollowerInfo (FollowerInfo.java:lambda$new$0(51)) - 278d11c8-d2e3-4654-bbf4-54dbcf402594@group-AED6481E285D->1acd8ba6-dda5-4cb5-b2f0-bb88a33d5541: nextIndex: updateUnconditionally 0 -> 0
2019-11-15 20:18:14,438 [grpc-default-executor-0] WARN  server.GrpcLogAppender (LogUtils.java:warn(134)) - 02c8c0cd-3388-46ae-a10b-79a5583af984@group-64AECEABE0BE->96e7c94e-3c8d-4ea5-9d39-2046e661862c-AppendLogResponseHandler: Failed appendEntries: org.apache.ratis.thirdparty.io.grpc.StatusRuntimeException: UNAVAILABLE: io exception
2019-11-15 20:18:14,438 [grpc-default-executor-0] INFO  impl.FollowerInfo (FollowerInfo.java:lambda$new$0(51)) - 02c8c0cd-3388-46ae-a10b-79a5583af984@group-64AECEABE0BE->96e7c94e-3c8d-4ea5-9d39-2046e661862c: nextIndex: updateUnconditionally 0 -> 0
2019-11-15 20:18:14,813 [Thread-1613] INFO  impl.FollowerState (FollowerState.java:run(111)) - c23f4e8b-a977-491c-8d15-b9b92ca8b7b3@group-B5CA401D5779-FollowerState: change to CANDIDATE, lastRpcTime:1158ms, electionTimeout:1158ms
2019-11-15 20:18:14,814 [Thread-1613] INFO  impl.RoleInfo (RoleInfo.java:shutdownFollowerState(121)) - c23f4e8b-a977-491c-8d15-b9b92ca8b7b3: shutdown FollowerState
2019-11-15 20:18:14,814 [Thread-1613] INFO  impl.RaftServerImpl (RaftServerImpl.java:setRole(173)) - c23f4e8b-a977-491c-8d15-b9b92ca8b7b3@group-B5CA401D5779: changes role from  FOLLOWER to CANDIDATE at term 2 for changeToCandidate
2019-11-15 20:18:14,814 [Thread-1613] INFO  impl.RoleInfo (RoleInfo.java:updateAndGet(143)) - c23f4e8b-a977-491c-8d15-b9b92ca8b7b3: start LeaderElection
2019-11-15 20:18:14,828 [c23f4e8b-a977-491c-8d15-b9b92ca8b7b3@group-B5CA401D5779-LeaderElection77] INFO  impl.LeaderElection (LeaderElection.java:askForVotes(178)) - c23f4e8b-a977-491c-8d15-b9b92ca8b7b3@group-B5CA401D5779-LeaderElection77: begin an election at term 3 for 0: [f5e6ed35-042e-40b5-afb2-c30172d49513:192.168.69.94:39593, c23f4e8b-a977-491c-8d15-b9b92ca8b7b3:192.168.69.94:37963, d88ca459-20d2-4f21-a4b7-d806c7c265fd:192.168.69.94:38325], old=null
2019-11-15 20:18:14,829 [c23f4e8b-a977-491c-8d15-b9b92ca8b7b3@group-B5CA401D5779-LeaderElection77] INFO  impl.LeaderElection (LogUtils.java:infoOrTrace(149)) - c23f4e8b-a977-491c-8d15-b9b92ca8b7b3@group-B5CA401D5779-LeaderElection77 got exception when requesting votes: {}
java.util.concurrent.ExecutionException: org.apache.ratis.thirdparty.io.grpc.StatusRuntimeException: UNAVAILABLE: io exception
	at java.util.concurrent.FutureTask.report(FutureTask.java:122)
	at java.util.concurrent.FutureTask.get(FutureTask.java:192)
	at org.apache.ratis.server.impl.LeaderElection.waitForResults(LeaderElection.java:259)
	at org.apache.ratis.server.impl.LeaderElection.askForVotes(LeaderElection.java:197)
	at org.apache.ratis.server.impl.LeaderElection.run(LeaderElection.java:133)
	at java.lang.Thread.run(Thread.java:748)
Caused by: org.apache.ratis.thirdparty.io.grpc.StatusRuntimeException: UNAVAILABLE: io exception
	at org.apache.ratis.thirdparty.io.grpc.stub.ClientCalls.toStatusRuntimeException(ClientCalls.java:233)
	at org.apache.ratis.thirdparty.io.grpc.stub.ClientCalls.getUnchecked(ClientCalls.java:214)
	at org.apache.ratis.thirdparty.io.grpc.stub.ClientCalls.blockingUnaryCall(ClientCalls.java:139)
	at org.apache.ratis.proto.grpc.RaftServerProtocolServiceGrpc$RaftServerProtocolServiceBlockingStub.requestVote(RaftServerProtocolServiceGrpc.java:265)
	at org.apache.ratis.grpc.server.GrpcServerProtocolClient.requestVote(GrpcServerProtocolClient.java:99)
	at org.apache.ratis.grpc.server.GrpcService.requestVote(GrpcService.java:204)
	at org.apache.ratis.server.impl.LeaderElection.lambda$submitRequests$1(LeaderElection.java:234)
	at java.util.concurrent.FutureTask.run(FutureTask.java:266)
	at java.util.concurrent.Executors$RunnableAdapter.call(Executors.java:511)
	at java.util.concurrent.FutureTask.run(FutureTask.java:266)
	at java.util.concurrent.ThreadPoolExecutor.runWorker(ThreadPoolExecutor.java:1149)
	at java.util.concurrent.ThreadPoolExecutor$Worker.run(ThreadPoolExecutor.java:624)
	... 1 more
Caused by: org.apache.ratis.thirdparty.io.netty.channel.AbstractChannel$AnnotatedConnectException: Connection refused: /192.168.69.94:38325
	at sun.nio.ch.SocketChannelImpl.checkConnect(Native Method)
	at sun.nio.ch.SocketChannelImpl.finishConnect(SocketChannelImpl.java:717)
	at org.apache.ratis.thirdparty.io.netty.channel.socket.nio.NioSocketChannel.doFinishConnect(NioSocketChannel.java:327)
	at org.apache.ratis.thirdparty.io.netty.channel.nio.AbstractNioChannel$AbstractNioUnsafe.finishConnect(AbstractNioChannel.java:340)
	at org.apache.ratis.thirdparty.io.netty.channel.nio.NioEventLoop.processSelectedKey(NioEventLoop.java:632)
	at org.apache.ratis.thirdparty.io.netty.channel.nio.NioEventLoop.processSelectedKeysOptimized(NioEventLoop.java:579)
	at org.apache.ratis.thirdparty.io.netty.channel.nio.NioEventLoop.processSelectedKeys(NioEventLoop.java:496)
	at org.apache.ratis.thirdparty.io.netty.channel.nio.NioEventLoop.run(NioEventLoop.java:458)
	at org.apache.ratis.thirdparty.io.netty.util.concurrent.SingleThreadEventExecutor$5.run(SingleThreadEventExecutor.java:897)
	at org.apache.ratis.thirdparty.io.netty.util.concurrent.FastThreadLocalRunnable.run(FastThreadLocalRunnable.java:30)
	... 1 more
Caused by: java.net.ConnectException: Connection refused
	... 11 more
2019-11-15 20:18:14,829 [c23f4e8b-a977-491c-8d15-b9b92ca8b7b3@group-B5CA401D5779-LeaderElection77] INFO  impl.LeaderElection (LogUtils.java:infoOrTrace(149)) - c23f4e8b-a977-491c-8d15-b9b92ca8b7b3@group-B5CA401D5779-LeaderElection77 got exception when requesting votes: {}
java.util.concurrent.ExecutionException: org.apache.ratis.thirdparty.io.grpc.StatusRuntimeException: UNAVAILABLE: io exception
	at java.util.concurrent.FutureTask.report(FutureTask.java:122)
	at java.util.concurrent.FutureTask.get(FutureTask.java:192)
	at org.apache.ratis.server.impl.LeaderElection.waitForResults(LeaderElection.java:259)
	at org.apache.ratis.server.impl.LeaderElection.askForVotes(LeaderElection.java:197)
	at org.apache.ratis.server.impl.LeaderElection.run(LeaderElection.java:133)
	at java.lang.Thread.run(Thread.java:748)
Caused by: org.apache.ratis.thirdparty.io.grpc.StatusRuntimeException: UNAVAILABLE: io exception
	at org.apache.ratis.thirdparty.io.grpc.stub.ClientCalls.toStatusRuntimeException(ClientCalls.java:233)
	at org.apache.ratis.thirdparty.io.grpc.stub.ClientCalls.getUnchecked(ClientCalls.java:214)
	at org.apache.ratis.thirdparty.io.grpc.stub.ClientCalls.blockingUnaryCall(ClientCalls.java:139)
	at org.apache.ratis.proto.grpc.RaftServerProtocolServiceGrpc$RaftServerProtocolServiceBlockingStub.requestVote(RaftServerProtocolServiceGrpc.java:265)
	at org.apache.ratis.grpc.server.GrpcServerProtocolClient.requestVote(GrpcServerProtocolClient.java:99)
	at org.apache.ratis.grpc.server.GrpcService.requestVote(GrpcService.java:204)
	at org.apache.ratis.server.impl.LeaderElection.lambda$submitRequests$1(LeaderElection.java:234)
	at java.util.concurrent.FutureTask.run(FutureTask.java:266)
	at java.util.concurrent.Executors$RunnableAdapter.call(Executors.java:511)
	at java.util.concurrent.FutureTask.run(FutureTask.java:266)
	at java.util.concurrent.ThreadPoolExecutor.runWorker(ThreadPoolExecutor.java:1149)
	at java.util.concurrent.ThreadPoolExecutor$Worker.run(ThreadPoolExecutor.java:624)
	... 1 more
Caused by: org.apache.ratis.thirdparty.io.netty.channel.AbstractChannel$AnnotatedConnectException: Connection refused: /192.168.69.94:39593
	at sun.nio.ch.SocketChannelImpl.checkConnect(Native Method)
	at sun.nio.ch.SocketChannelImpl.finishConnect(SocketChannelImpl.java:717)
	at org.apache.ratis.thirdparty.io.netty.channel.socket.nio.NioSocketChannel.doFinishConnect(NioSocketChannel.java:327)
	at org.apache.ratis.thirdparty.io.netty.channel.nio.AbstractNioChannel$AbstractNioUnsafe.finishConnect(AbstractNioChannel.java:340)
	at org.apache.ratis.thirdparty.io.netty.channel.nio.NioEventLoop.processSelectedKey(NioEventLoop.java:632)
	at org.apache.ratis.thirdparty.io.netty.channel.nio.NioEventLoop.processSelectedKeysOptimized(NioEventLoop.java:579)
	at org.apache.ratis.thirdparty.io.netty.channel.nio.NioEventLoop.processSelectedKeys(NioEventLoop.java:496)
	at org.apache.ratis.thirdparty.io.netty.channel.nio.NioEventLoop.run(NioEventLoop.java:458)
	at org.apache.ratis.thirdparty.io.netty.util.concurrent.SingleThreadEventExecutor$5.run(SingleThreadEventExecutor.java:897)
	at org.apache.ratis.thirdparty.io.netty.util.concurrent.FastThreadLocalRunnable.run(FastThreadLocalRunnable.java:30)
	... 1 more
Caused by: java.net.ConnectException: Connection refused
	... 11 more
2019-11-15 20:18:14,829 [c23f4e8b-a977-491c-8d15-b9b92ca8b7b3@group-B5CA401D5779-LeaderElection77] INFO  impl.LeaderElection (LeaderElection.java:logAndReturn(56)) - c23f4e8b-a977-491c-8d15-b9b92ca8b7b3@group-B5CA401D5779-LeaderElection77: Election REJECTED; received 0 response(s) [] and 2 exception(s); c23f4e8b-a977-491c-8d15-b9b92ca8b7b3@group-B5CA401D5779:t3, leader=null, voted=c23f4e8b-a977-491c-8d15-b9b92ca8b7b3, raftlog=c23f4e8b-a977-491c-8d15-b9b92ca8b7b3@group-B5CA401D5779-SegmentedRaftLog:OPENED:c0,f0,i0, conf=0: [f5e6ed35-042e-40b5-afb2-c30172d49513:192.168.69.94:39593, c23f4e8b-a977-491c-8d15-b9b92ca8b7b3:192.168.69.94:37963, d88ca459-20d2-4f21-a4b7-d806c7c265fd:192.168.69.94:38325], old=null
2019-11-15 20:18:14,829 [c23f4e8b-a977-491c-8d15-b9b92ca8b7b3@group-B5CA401D5779-LeaderElection77] INFO  impl.LeaderElection (LogUtils.java:infoOrTrace(149)) -   Exception 0: {}
java.util.concurrent.ExecutionException: org.apache.ratis.thirdparty.io.grpc.StatusRuntimeException: UNAVAILABLE: io exception
	at java.util.concurrent.FutureTask.report(FutureTask.java:122)
	at java.util.concurrent.FutureTask.get(FutureTask.java:192)
	at org.apache.ratis.server.impl.LeaderElection.waitForResults(LeaderElection.java:259)
	at org.apache.ratis.server.impl.LeaderElection.askForVotes(LeaderElection.java:197)
	at org.apache.ratis.server.impl.LeaderElection.run(LeaderElection.java:133)
	at java.lang.Thread.run(Thread.java:748)
Caused by: org.apache.ratis.thirdparty.io.grpc.StatusRuntimeException: UNAVAILABLE: io exception
	at org.apache.ratis.thirdparty.io.grpc.stub.ClientCalls.toStatusRuntimeException(ClientCalls.java:233)
	at org.apache.ratis.thirdparty.io.grpc.stub.ClientCalls.getUnchecked(ClientCalls.java:214)
	at org.apache.ratis.thirdparty.io.grpc.stub.ClientCalls.blockingUnaryCall(ClientCalls.java:139)
	at org.apache.ratis.proto.grpc.RaftServerProtocolServiceGrpc$RaftServerProtocolServiceBlockingStub.requestVote(RaftServerProtocolServiceGrpc.java:265)
	at org.apache.ratis.grpc.server.GrpcServerProtocolClient.requestVote(GrpcServerProtocolClient.java:99)
	at org.apache.ratis.grpc.server.GrpcService.requestVote(GrpcService.java:204)
	at org.apache.ratis.server.impl.LeaderElection.lambda$submitRequests$1(LeaderElection.java:234)
	at java.util.concurrent.FutureTask.run(FutureTask.java:266)
	at java.util.concurrent.Executors$RunnableAdapter.call(Executors.java:511)
	at java.util.concurrent.FutureTask.run(FutureTask.java:266)
	at java.util.concurrent.ThreadPoolExecutor.runWorker(ThreadPoolExecutor.java:1149)
	at java.util.concurrent.ThreadPoolExecutor$Worker.run(ThreadPoolExecutor.java:624)
	... 1 more
Caused by: org.apache.ratis.thirdparty.io.netty.channel.AbstractChannel$AnnotatedConnectException: Connection refused: /192.168.69.94:38325
	at sun.nio.ch.SocketChannelImpl.checkConnect(Native Method)
	at sun.nio.ch.SocketChannelImpl.finishConnect(SocketChannelImpl.java:717)
	at org.apache.ratis.thirdparty.io.netty.channel.socket.nio.NioSocketChannel.doFinishConnect(NioSocketChannel.java:327)
	at org.apache.ratis.thirdparty.io.netty.channel.nio.AbstractNioChannel$AbstractNioUnsafe.finishConnect(AbstractNioChannel.java:340)
	at org.apache.ratis.thirdparty.io.netty.channel.nio.NioEventLoop.processSelectedKey(NioEventLoop.java:632)
	at org.apache.ratis.thirdparty.io.netty.channel.nio.NioEventLoop.processSelectedKeysOptimized(NioEventLoop.java:579)
	at org.apache.ratis.thirdparty.io.netty.channel.nio.NioEventLoop.processSelectedKeys(NioEventLoop.java:496)
	at org.apache.ratis.thirdparty.io.netty.channel.nio.NioEventLoop.run(NioEventLoop.java:458)
	at org.apache.ratis.thirdparty.io.netty.util.concurrent.SingleThreadEventExecutor$5.run(SingleThreadEventExecutor.java:897)
	at org.apache.ratis.thirdparty.io.netty.util.concurrent.FastThreadLocalRunnable.run(FastThreadLocalRunnable.java:30)
	... 1 more
Caused by: java.net.ConnectException: Connection refused
	... 11 more
2019-11-15 20:18:14,830 [c23f4e8b-a977-491c-8d15-b9b92ca8b7b3@group-B5CA401D5779-LeaderElection77] INFO  impl.LeaderElection (LogUtils.java:infoOrTrace(149)) -   Exception 1: {}
java.util.concurrent.ExecutionException: org.apache.ratis.thirdparty.io.grpc.StatusRuntimeException: UNAVAILABLE: io exception
	at java.util.concurrent.FutureTask.report(FutureTask.java:122)
	at java.util.concurrent.FutureTask.get(FutureTask.java:192)
	at org.apache.ratis.server.impl.LeaderElection.waitForResults(LeaderElection.java:259)
	at org.apache.ratis.server.impl.LeaderElection.askForVotes(LeaderElection.java:197)
	at org.apache.ratis.server.impl.LeaderElection.run(LeaderElection.java:133)
	at java.lang.Thread.run(Thread.java:748)
Caused by: org.apache.ratis.thirdparty.io.grpc.StatusRuntimeException: UNAVAILABLE: io exception
	at org.apache.ratis.thirdparty.io.grpc.stub.ClientCalls.toStatusRuntimeException(ClientCalls.java:233)
	at org.apache.ratis.thirdparty.io.grpc.stub.ClientCalls.getUnchecked(ClientCalls.java:214)
	at org.apache.ratis.thirdparty.io.grpc.stub.ClientCalls.blockingUnaryCall(ClientCalls.java:139)
	at org.apache.ratis.proto.grpc.RaftServerProtocolServiceGrpc$RaftServerProtocolServiceBlockingStub.requestVote(RaftServerProtocolServiceGrpc.java:265)
	at org.apache.ratis.grpc.server.GrpcServerProtocolClient.requestVote(GrpcServerProtocolClient.java:99)
	at org.apache.ratis.grpc.server.GrpcService.requestVote(GrpcService.java:204)
	at org.apache.ratis.server.impl.LeaderElection.lambda$submitRequests$1(LeaderElection.java:234)
	at java.util.concurrent.FutureTask.run(FutureTask.java:266)
	at java.util.concurrent.Executors$RunnableAdapter.call(Executors.java:511)
	at java.util.concurrent.FutureTask.run(FutureTask.java:266)
	at java.util.concurrent.ThreadPoolExecutor.runWorker(ThreadPoolExecutor.java:1149)
	at java.util.concurrent.ThreadPoolExecutor$Worker.run(ThreadPoolExecutor.java:624)
	... 1 more
Caused by: org.apache.ratis.thirdparty.io.netty.channel.AbstractChannel$AnnotatedConnectException: Connection refused: /192.168.69.94:39593
	at sun.nio.ch.SocketChannelImpl.checkConnect(Native Method)
	at sun.nio.ch.SocketChannelImpl.finishConnect(SocketChannelImpl.java:717)
	at org.apache.ratis.thirdparty.io.netty.channel.socket.nio.NioSocketChannel.doFinishConnect(NioSocketChannel.java:327)
	at org.apache.ratis.thirdparty.io.netty.channel.nio.AbstractNioChannel$AbstractNioUnsafe.finishConnect(AbstractNioChannel.java:340)
	at org.apache.ratis.thirdparty.io.netty.channel.nio.NioEventLoop.processSelectedKey(NioEventLoop.java:632)
	at org.apache.ratis.thirdparty.io.netty.channel.nio.NioEventLoop.processSelectedKeysOptimized(NioEventLoop.java:579)
	at org.apache.ratis.thirdparty.io.netty.channel.nio.NioEventLoop.processSelectedKeys(NioEventLoop.java:496)
	at org.apache.ratis.thirdparty.io.netty.channel.nio.NioEventLoop.run(NioEventLoop.java:458)
	at org.apache.ratis.thirdparty.io.netty.util.concurrent.SingleThreadEventExecutor$5.run(SingleThreadEventExecutor.java:897)
	at org.apache.ratis.thirdparty.io.netty.util.concurrent.FastThreadLocalRunnable.run(FastThreadLocalRunnable.java:30)
	... 1 more
Caused by: java.net.ConnectException: Connection refused
	... 11 more
2019-11-15 20:18:14,830 [c23f4e8b-a977-491c-8d15-b9b92ca8b7b3@group-B5CA401D5779-LeaderElection77] INFO  impl.RaftServerImpl (RaftServerImpl.java:setRole(173)) - c23f4e8b-a977-491c-8d15-b9b92ca8b7b3@group-B5CA401D5779: changes role from CANDIDATE to FOLLOWER at term 3 for DISCOVERED_A_NEW_TERM
2019-11-15 20:18:14,830 [c23f4e8b-a977-491c-8d15-b9b92ca8b7b3@group-B5CA401D5779-LeaderElection77] INFO  impl.RoleInfo (RoleInfo.java:shutdownLeaderElection(134)) - c23f4e8b-a977-491c-8d15-b9b92ca8b7b3: shutdown LeaderElection
2019-11-15 20:18:14,830 [c23f4e8b-a977-491c-8d15-b9b92ca8b7b3@group-B5CA401D5779-LeaderElection77] INFO  impl.RoleInfo (RoleInfo.java:updateAndGet(143)) - c23f4e8b-a977-491c-8d15-b9b92ca8b7b3: start FollowerState
2019-11-15 20:18:14,879 [grpc-default-executor-0] WARN  server.GrpcLogAppender (LogUtils.java:warn(134)) - 278d11c8-d2e3-4654-bbf4-54dbcf402594@group-AED6481E285D->1acd8ba6-dda5-4cb5-b2f0-bb88a33d5541-AppendLogResponseHandler: Failed appendEntries: org.apache.ratis.thirdparty.io.grpc.StatusRuntimeException: UNAVAILABLE: io exception
2019-11-15 20:18:14,880 [grpc-default-executor-0] INFO  impl.FollowerInfo (FollowerInfo.java:lambda$new$0(51)) - 278d11c8-d2e3-4654-bbf4-54dbcf402594@group-AED6481E285D->1acd8ba6-dda5-4cb5-b2f0-bb88a33d5541: nextIndex: updateUnconditionally 0 -> 0
2019-11-15 20:18:14,939 [grpc-default-executor-4] WARN  server.GrpcLogAppender (LogUtils.java:warn(134)) - 02c8c0cd-3388-46ae-a10b-79a5583af984@group-64AECEABE0BE->96e7c94e-3c8d-4ea5-9d39-2046e661862c-AppendLogResponseHandler: Failed appendEntries: org.apache.ratis.thirdparty.io.grpc.StatusRuntimeException: UNAVAILABLE: io exception
2019-11-15 20:18:14,939 [grpc-default-executor-4] INFO  impl.FollowerInfo (FollowerInfo.java:lambda$new$0(51)) - 02c8c0cd-3388-46ae-a10b-79a5583af984@group-64AECEABE0BE->96e7c94e-3c8d-4ea5-9d39-2046e661862c: nextIndex: updateUnconditionally 0 -> 0
2019-11-15 20:18:15,381 [grpc-default-executor-4] WARN  server.GrpcLogAppender (LogUtils.java:warn(134)) - 278d11c8-d2e3-4654-bbf4-54dbcf402594@group-AED6481E285D->1acd8ba6-dda5-4cb5-b2f0-bb88a33d5541-AppendLogResponseHandler: Failed appendEntries: org.apache.ratis.thirdparty.io.grpc.StatusRuntimeException: UNAVAILABLE: io exception
2019-11-15 20:18:15,381 [grpc-default-executor-4] INFO  impl.FollowerInfo (FollowerInfo.java:lambda$new$0(51)) - 278d11c8-d2e3-4654-bbf4-54dbcf402594@group-AED6481E285D->1acd8ba6-dda5-4cb5-b2f0-bb88a33d5541: nextIndex: updateUnconditionally 0 -> 0
2019-11-15 20:18:15,439 [grpc-default-executor-4] WARN  server.GrpcLogAppender (LogUtils.java:warn(134)) - 02c8c0cd-3388-46ae-a10b-79a5583af984@group-64AECEABE0BE->96e7c94e-3c8d-4ea5-9d39-2046e661862c-AppendLogResponseHandler: Failed appendEntries: org.apache.ratis.thirdparty.io.grpc.StatusRuntimeException: UNAVAILABLE: io exception
2019-11-15 20:18:15,440 [grpc-default-executor-4] INFO  impl.FollowerInfo (FollowerInfo.java:lambda$new$0(51)) - 02c8c0cd-3388-46ae-a10b-79a5583af984@group-64AECEABE0BE->96e7c94e-3c8d-4ea5-9d39-2046e661862c: nextIndex: updateUnconditionally 0 -> 0
2019-11-15 20:18:15,881 [grpc-default-executor-4] WARN  server.GrpcLogAppender (LogUtils.java:warn(134)) - 278d11c8-d2e3-4654-bbf4-54dbcf402594@group-AED6481E285D->1acd8ba6-dda5-4cb5-b2f0-bb88a33d5541-AppendLogResponseHandler: Failed appendEntries: org.apache.ratis.thirdparty.io.grpc.StatusRuntimeException: UNAVAILABLE: io exception
2019-11-15 20:18:15,882 [grpc-default-executor-4] INFO  impl.FollowerInfo (FollowerInfo.java:lambda$new$0(51)) - 278d11c8-d2e3-4654-bbf4-54dbcf402594@group-AED6481E285D->1acd8ba6-dda5-4cb5-b2f0-bb88a33d5541: nextIndex: updateUnconditionally 0 -> 0
2019-11-15 20:18:15,940 [grpc-default-executor-4] WARN  server.GrpcLogAppender (LogUtils.java:warn(134)) - 02c8c0cd-3388-46ae-a10b-79a5583af984@group-64AECEABE0BE->96e7c94e-3c8d-4ea5-9d39-2046e661862c-AppendLogResponseHandler: Failed appendEntries: org.apache.ratis.thirdparty.io.grpc.StatusRuntimeException: UNAVAILABLE: io exception
2019-11-15 20:18:15,940 [grpc-default-executor-4] INFO  impl.FollowerInfo (FollowerInfo.java:lambda$new$0(51)) - 02c8c0cd-3388-46ae-a10b-79a5583af984@group-64AECEABE0BE->96e7c94e-3c8d-4ea5-9d39-2046e661862c: nextIndex: updateUnconditionally 0 -> 0
2019-11-15 20:18:16,018 [Thread-1621] INFO  impl.FollowerState (FollowerState.java:run(111)) - c23f4e8b-a977-491c-8d15-b9b92ca8b7b3@group-B5CA401D5779-FollowerState: change to CANDIDATE, lastRpcTime:1187ms, electionTimeout:1187ms
2019-11-15 20:18:16,018 [Thread-1621] INFO  impl.RoleInfo (RoleInfo.java:shutdownFollowerState(121)) - c23f4e8b-a977-491c-8d15-b9b92ca8b7b3: shutdown FollowerState
2019-11-15 20:18:16,018 [Thread-1621] INFO  impl.RaftServerImpl (RaftServerImpl.java:setRole(173)) - c23f4e8b-a977-491c-8d15-b9b92ca8b7b3@group-B5CA401D5779: changes role from  FOLLOWER to CANDIDATE at term 3 for changeToCandidate
2019-11-15 20:18:16,018 [Thread-1621] INFO  impl.RoleInfo (RoleInfo.java:updateAndGet(143)) - c23f4e8b-a977-491c-8d15-b9b92ca8b7b3: start LeaderElection
2019-11-15 20:18:16,382 [grpc-default-executor-4] WARN  server.GrpcLogAppender (LogUtils.java:warn(134)) - 278d11c8-d2e3-4654-bbf4-54dbcf402594@group-AED6481E285D->1acd8ba6-dda5-4cb5-b2f0-bb88a33d5541-AppendLogResponseHandler: Failed appendEntries: org.apache.ratis.thirdparty.io.grpc.StatusRuntimeException: UNAVAILABLE: io exception
2019-11-15 20:18:16,382 [grpc-default-executor-4] INFO  impl.FollowerInfo (FollowerInfo.java:lambda$new$0(51)) - 278d11c8-d2e3-4654-bbf4-54dbcf402594@group-AED6481E285D->1acd8ba6-dda5-4cb5-b2f0-bb88a33d5541: nextIndex: updateUnconditionally 0 -> 0
2019-11-15 20:18:16,440 [grpc-default-executor-0] WARN  server.GrpcLogAppender (LogUtils.java:warn(134)) - 02c8c0cd-3388-46ae-a10b-79a5583af984@group-64AECEABE0BE->96e7c94e-3c8d-4ea5-9d39-2046e661862c-AppendLogResponseHandler: Failed appendEntries: org.apache.ratis.thirdparty.io.grpc.StatusRuntimeException: UNAVAILABLE: io exception
2019-11-15 20:18:16,440 [grpc-default-executor-0] INFO  impl.FollowerInfo (FollowerInfo.java:lambda$new$0(51)) - 02c8c0cd-3388-46ae-a10b-79a5583af984@group-64AECEABE0BE->96e7c94e-3c8d-4ea5-9d39-2046e661862c: nextIndex: updateUnconditionally 0 -> 0
2019-11-15 20:18:16,552 [c23f4e8b-a977-491c-8d15-b9b92ca8b7b3@group-B5CA401D5779-LeaderElection78] INFO  impl.LeaderElection (LeaderElection.java:askForVotes(178)) - c23f4e8b-a977-491c-8d15-b9b92ca8b7b3@group-B5CA401D5779-LeaderElection78: begin an election at term 4 for 0: [f5e6ed35-042e-40b5-afb2-c30172d49513:192.168.69.94:39593, c23f4e8b-a977-491c-8d15-b9b92ca8b7b3:192.168.69.94:37963, d88ca459-20d2-4f21-a4b7-d806c7c265fd:192.168.69.94:38325], old=null
2019-11-15 20:18:16,553 [c23f4e8b-a977-491c-8d15-b9b92ca8b7b3@group-B5CA401D5779-LeaderElection78] INFO  impl.LeaderElection (LogUtils.java:infoOrTrace(149)) - c23f4e8b-a977-491c-8d15-b9b92ca8b7b3@group-B5CA401D5779-LeaderElection78 got exception when requesting votes: {}
java.util.concurrent.ExecutionException: org.apache.ratis.thirdparty.io.grpc.StatusRuntimeException: UNAVAILABLE: io exception
	at java.util.concurrent.FutureTask.report(FutureTask.java:122)
	at java.util.concurrent.FutureTask.get(FutureTask.java:192)
	at org.apache.ratis.server.impl.LeaderElection.waitForResults(LeaderElection.java:259)
	at org.apache.ratis.server.impl.LeaderElection.askForVotes(LeaderElection.java:197)
	at org.apache.ratis.server.impl.LeaderElection.run(LeaderElection.java:133)
	at java.lang.Thread.run(Thread.java:748)
Caused by: org.apache.ratis.thirdparty.io.grpc.StatusRuntimeException: UNAVAILABLE: io exception
	at org.apache.ratis.thirdparty.io.grpc.stub.ClientCalls.toStatusRuntimeException(ClientCalls.java:233)
	at org.apache.ratis.thirdparty.io.grpc.stub.ClientCalls.getUnchecked(ClientCalls.java:214)
	at org.apache.ratis.thirdparty.io.grpc.stub.ClientCalls.blockingUnaryCall(ClientCalls.java:139)
	at org.apache.ratis.proto.grpc.RaftServerProtocolServiceGrpc$RaftServerProtocolServiceBlockingStub.requestVote(RaftServerProtocolServiceGrpc.java:265)
	at org.apache.ratis.grpc.server.GrpcServerProtocolClient.requestVote(GrpcServerProtocolClient.java:99)
	at org.apache.ratis.grpc.server.GrpcService.requestVote(GrpcService.java:204)
	at org.apache.ratis.server.impl.LeaderElection.lambda$submitRequests$1(LeaderElection.java:234)
	at java.util.concurrent.FutureTask.run(FutureTask.java:266)
	at java.util.concurrent.Executors$RunnableAdapter.call(Executors.java:511)
	at java.util.concurrent.FutureTask.run(FutureTask.java:266)
	at java.util.concurrent.ThreadPoolExecutor.runWorker(ThreadPoolExecutor.java:1149)
	at java.util.concurrent.ThreadPoolExecutor$Worker.run(ThreadPoolExecutor.java:624)
	... 1 more
Caused by: org.apache.ratis.thirdparty.io.netty.channel.AbstractChannel$AnnotatedConnectException: Connection refused: /192.168.69.94:39593
	at sun.nio.ch.SocketChannelImpl.checkConnect(Native Method)
	at sun.nio.ch.SocketChannelImpl.finishConnect(SocketChannelImpl.java:717)
	at org.apache.ratis.thirdparty.io.netty.channel.socket.nio.NioSocketChannel.doFinishConnect(NioSocketChannel.java:327)
	at org.apache.ratis.thirdparty.io.netty.channel.nio.AbstractNioChannel$AbstractNioUnsafe.finishConnect(AbstractNioChannel.java:340)
	at org.apache.ratis.thirdparty.io.netty.channel.nio.NioEventLoop.processSelectedKey(NioEventLoop.java:632)
	at org.apache.ratis.thirdparty.io.netty.channel.nio.NioEventLoop.processSelectedKeysOptimized(NioEventLoop.java:579)
	at org.apache.ratis.thirdparty.io.netty.channel.nio.NioEventLoop.processSelectedKeys(NioEventLoop.java:496)
	at org.apache.ratis.thirdparty.io.netty.channel.nio.NioEventLoop.run(NioEventLoop.java:458)
	at org.apache.ratis.thirdparty.io.netty.util.concurrent.SingleThreadEventExecutor$5.run(SingleThreadEventExecutor.java:897)
	at org.apache.ratis.thirdparty.io.netty.util.concurrent.FastThreadLocalRunnable.run(FastThreadLocalRunnable.java:30)
	... 1 more
Caused by: java.net.ConnectException: Connection refused
	... 11 more
2019-11-15 20:18:16,553 [c23f4e8b-a977-491c-8d15-b9b92ca8b7b3@group-B5CA401D5779-LeaderElection78] INFO  impl.LeaderElection (LogUtils.java:infoOrTrace(149)) - c23f4e8b-a977-491c-8d15-b9b92ca8b7b3@group-B5CA401D5779-LeaderElection78 got exception when requesting votes: {}
java.util.concurrent.ExecutionException: org.apache.ratis.thirdparty.io.grpc.StatusRuntimeException: UNAVAILABLE: io exception
	at java.util.concurrent.FutureTask.report(FutureTask.java:122)
	at java.util.concurrent.FutureTask.get(FutureTask.java:192)
	at org.apache.ratis.server.impl.LeaderElection.waitForResults(LeaderElection.java:259)
	at org.apache.ratis.server.impl.LeaderElection.askForVotes(LeaderElection.java:197)
	at org.apache.ratis.server.impl.LeaderElection.run(LeaderElection.java:133)
	at java.lang.Thread.run(Thread.java:748)
Caused by: org.apache.ratis.thirdparty.io.grpc.StatusRuntimeException: UNAVAILABLE: io exception
	at org.apache.ratis.thirdparty.io.grpc.stub.ClientCalls.toStatusRuntimeException(ClientCalls.java:233)
	at org.apache.ratis.thirdparty.io.grpc.stub.ClientCalls.getUnchecked(ClientCalls.java:214)
	at org.apache.ratis.thirdparty.io.grpc.stub.ClientCalls.blockingUnaryCall(ClientCalls.java:139)
	at org.apache.ratis.proto.grpc.RaftServerProtocolServiceGrpc$RaftServerProtocolServiceBlockingStub.requestVote(RaftServerProtocolServiceGrpc.java:265)
	at org.apache.ratis.grpc.server.GrpcServerProtocolClient.requestVote(GrpcServerProtocolClient.java:99)
	at org.apache.ratis.grpc.server.GrpcService.requestVote(GrpcService.java:204)
	at org.apache.ratis.server.impl.LeaderElection.lambda$submitRequests$1(LeaderElection.java:234)
	at java.util.concurrent.FutureTask.run(FutureTask.java:266)
	at java.util.concurrent.Executors$RunnableAdapter.call(Executors.java:511)
	at java.util.concurrent.FutureTask.run(FutureTask.java:266)
	at java.util.concurrent.ThreadPoolExecutor.runWorker(ThreadPoolExecutor.java:1149)
	at java.util.concurrent.ThreadPoolExecutor$Worker.run(ThreadPoolExecutor.java:624)
	... 1 more
Caused by: org.apache.ratis.thirdparty.io.netty.channel.AbstractChannel$AnnotatedConnectException: Connection refused: /192.168.69.94:38325
	at sun.nio.ch.SocketChannelImpl.checkConnect(Native Method)
	at sun.nio.ch.SocketChannelImpl.finishConnect(SocketChannelImpl.java:717)
	at org.apache.ratis.thirdparty.io.netty.channel.socket.nio.NioSocketChannel.doFinishConnect(NioSocketChannel.java:327)
	at org.apache.ratis.thirdparty.io.netty.channel.nio.AbstractNioChannel$AbstractNioUnsafe.finishConnect(AbstractNioChannel.java:340)
	at org.apache.ratis.thirdparty.io.netty.channel.nio.NioEventLoop.processSelectedKey(NioEventLoop.java:632)
	at org.apache.ratis.thirdparty.io.netty.channel.nio.NioEventLoop.processSelectedKeysOptimized(NioEventLoop.java:579)
	at org.apache.ratis.thirdparty.io.netty.channel.nio.NioEventLoop.processSelectedKeys(NioEventLoop.java:496)
	at org.apache.ratis.thirdparty.io.netty.channel.nio.NioEventLoop.run(NioEventLoop.java:458)
	at org.apache.ratis.thirdparty.io.netty.util.concurrent.SingleThreadEventExecutor$5.run(SingleThreadEventExecutor.java:897)
	at org.apache.ratis.thirdparty.io.netty.util.concurrent.FastThreadLocalRunnable.run(FastThreadLocalRunnable.java:30)
	... 1 more
Caused by: java.net.ConnectException: Connection refused
	... 11 more
2019-11-15 20:18:16,553 [c23f4e8b-a977-491c-8d15-b9b92ca8b7b3@group-B5CA401D5779-LeaderElection78] INFO  impl.LeaderElection (LeaderElection.java:logAndReturn(56)) - c23f4e8b-a977-491c-8d15-b9b92ca8b7b3@group-B5CA401D5779-LeaderElection78: Election REJECTED; received 0 response(s) [] and 2 exception(s); c23f4e8b-a977-491c-8d15-b9b92ca8b7b3@group-B5CA401D5779:t4, leader=null, voted=c23f4e8b-a977-491c-8d15-b9b92ca8b7b3, raftlog=c23f4e8b-a977-491c-8d15-b9b92ca8b7b3@group-B5CA401D5779-SegmentedRaftLog:OPENED:c0,f0,i0, conf=0: [f5e6ed35-042e-40b5-afb2-c30172d49513:192.168.69.94:39593, c23f4e8b-a977-491c-8d15-b9b92ca8b7b3:192.168.69.94:37963, d88ca459-20d2-4f21-a4b7-d806c7c265fd:192.168.69.94:38325], old=null
2019-11-15 20:18:16,553 [c23f4e8b-a977-491c-8d15-b9b92ca8b7b3@group-B5CA401D5779-LeaderElection78] INFO  impl.LeaderElection (LogUtils.java:infoOrTrace(149)) -   Exception 0: {}
java.util.concurrent.ExecutionException: org.apache.ratis.thirdparty.io.grpc.StatusRuntimeException: UNAVAILABLE: io exception
	at java.util.concurrent.FutureTask.report(FutureTask.java:122)
	at java.util.concurrent.FutureTask.get(FutureTask.java:192)
	at org.apache.ratis.server.impl.LeaderElection.waitForResults(LeaderElection.java:259)
	at org.apache.ratis.server.impl.LeaderElection.askForVotes(LeaderElection.java:197)
	at org.apache.ratis.server.impl.LeaderElection.run(LeaderElection.java:133)
	at java.lang.Thread.run(Thread.java:748)
Caused by: org.apache.ratis.thirdparty.io.grpc.StatusRuntimeException: UNAVAILABLE: io exception
	at org.apache.ratis.thirdparty.io.grpc.stub.ClientCalls.toStatusRuntimeException(ClientCalls.java:233)
	at org.apache.ratis.thirdparty.io.grpc.stub.ClientCalls.getUnchecked(ClientCalls.java:214)
	at org.apache.ratis.thirdparty.io.grpc.stub.ClientCalls.blockingUnaryCall(ClientCalls.java:139)
	at org.apache.ratis.proto.grpc.RaftServerProtocolServiceGrpc$RaftServerProtocolServiceBlockingStub.requestVote(RaftServerProtocolServiceGrpc.java:265)
	at org.apache.ratis.grpc.server.GrpcServerProtocolClient.requestVote(GrpcServerProtocolClient.java:99)
	at org.apache.ratis.grpc.server.GrpcService.requestVote(GrpcService.java:204)
	at org.apache.ratis.server.impl.LeaderElection.lambda$submitRequests$1(LeaderElection.java:234)
	at java.util.concurrent.FutureTask.run(FutureTask.java:266)
	at java.util.concurrent.Executors$RunnableAdapter.call(Executors.java:511)
	at java.util.concurrent.FutureTask.run(FutureTask.java:266)
	at java.util.concurrent.ThreadPoolExecutor.runWorker(ThreadPoolExecutor.java:1149)
	at java.util.concurrent.ThreadPoolExecutor$Worker.run(ThreadPoolExecutor.java:624)
	... 1 more
Caused by: org.apache.ratis.thirdparty.io.netty.channel.AbstractChannel$AnnotatedConnectException: Connection refused: /192.168.69.94:39593
	at sun.nio.ch.SocketChannelImpl.checkConnect(Native Method)
	at sun.nio.ch.SocketChannelImpl.finishConnect(SocketChannelImpl.java:717)
	at org.apache.ratis.thirdparty.io.netty.channel.socket.nio.NioSocketChannel.doFinishConnect(NioSocketChannel.java:327)
	at org.apache.ratis.thirdparty.io.netty.channel.nio.AbstractNioChannel$AbstractNioUnsafe.finishConnect(AbstractNioChannel.java:340)
	at org.apache.ratis.thirdparty.io.netty.channel.nio.NioEventLoop.processSelectedKey(NioEventLoop.java:632)
	at org.apache.ratis.thirdparty.io.netty.channel.nio.NioEventLoop.processSelectedKeysOptimized(NioEventLoop.java:579)
	at org.apache.ratis.thirdparty.io.netty.channel.nio.NioEventLoop.processSelectedKeys(NioEventLoop.java:496)
	at org.apache.ratis.thirdparty.io.netty.channel.nio.NioEventLoop.run(NioEventLoop.java:458)
	at org.apache.ratis.thirdparty.io.netty.util.concurrent.SingleThreadEventExecutor$5.run(SingleThreadEventExecutor.java:897)
	at org.apache.ratis.thirdparty.io.netty.util.concurrent.FastThreadLocalRunnable.run(FastThreadLocalRunnable.java:30)
	... 1 more
Caused by: java.net.ConnectException: Connection refused
	... 11 more
2019-11-15 20:18:16,554 [c23f4e8b-a977-491c-8d15-b9b92ca8b7b3@group-B5CA401D5779-LeaderElection78] INFO  impl.LeaderElection (LogUtils.java:infoOrTrace(149)) -   Exception 1: {}
java.util.concurrent.ExecutionException: org.apache.ratis.thirdparty.io.grpc.StatusRuntimeException: UNAVAILABLE: io exception
	at java.util.concurrent.FutureTask.report(FutureTask.java:122)
	at java.util.concurrent.FutureTask.get(FutureTask.java:192)
	at org.apache.ratis.server.impl.LeaderElection.waitForResults(LeaderElection.java:259)
	at org.apache.ratis.server.impl.LeaderElection.askForVotes(LeaderElection.java:197)
	at org.apache.ratis.server.impl.LeaderElection.run(LeaderElection.java:133)
	at java.lang.Thread.run(Thread.java:748)
Caused by: org.apache.ratis.thirdparty.io.grpc.StatusRuntimeException: UNAVAILABLE: io exception
	at org.apache.ratis.thirdparty.io.grpc.stub.ClientCalls.toStatusRuntimeException(ClientCalls.java:233)
	at org.apache.ratis.thirdparty.io.grpc.stub.ClientCalls.getUnchecked(ClientCalls.java:214)
	at org.apache.ratis.thirdparty.io.grpc.stub.ClientCalls.blockingUnaryCall(ClientCalls.java:139)
	at org.apache.ratis.proto.grpc.RaftServerProtocolServiceGrpc$RaftServerProtocolServiceBlockingStub.requestVote(RaftServerProtocolServiceGrpc.java:265)
	at org.apache.ratis.grpc.server.GrpcServerProtocolClient.requestVote(GrpcServerProtocolClient.java:99)
	at org.apache.ratis.grpc.server.GrpcService.requestVote(GrpcService.java:204)
	at org.apache.ratis.server.impl.LeaderElection.lambda$submitRequests$1(LeaderElection.java:234)
	at java.util.concurrent.FutureTask.run(FutureTask.java:266)
	at java.util.concurrent.Executors$RunnableAdapter.call(Executors.java:511)
	at java.util.concurrent.FutureTask.run(FutureTask.java:266)
	at java.util.concurrent.ThreadPoolExecutor.runWorker(ThreadPoolExecutor.java:1149)
	at java.util.concurrent.ThreadPoolExecutor$Worker.run(ThreadPoolExecutor.java:624)
	... 1 more
Caused by: org.apache.ratis.thirdparty.io.netty.channel.AbstractChannel$AnnotatedConnectException: Connection refused: /192.168.69.94:38325
	at sun.nio.ch.SocketChannelImpl.checkConnect(Native Method)
	at sun.nio.ch.SocketChannelImpl.finishConnect(SocketChannelImpl.java:717)
	at org.apache.ratis.thirdparty.io.netty.channel.socket.nio.NioSocketChannel.doFinishConnect(NioSocketChannel.java:327)
	at org.apache.ratis.thirdparty.io.netty.channel.nio.AbstractNioChannel$AbstractNioUnsafe.finishConnect(AbstractNioChannel.java:340)
	at org.apache.ratis.thirdparty.io.netty.channel.nio.NioEventLoop.processSelectedKey(NioEventLoop.java:632)
	at org.apache.ratis.thirdparty.io.netty.channel.nio.NioEventLoop.processSelectedKeysOptimized(NioEventLoop.java:579)
	at org.apache.ratis.thirdparty.io.netty.channel.nio.NioEventLoop.processSelectedKeys(NioEventLoop.java:496)
	at org.apache.ratis.thirdparty.io.netty.channel.nio.NioEventLoop.run(NioEventLoop.java:458)
	at org.apache.ratis.thirdparty.io.netty.util.concurrent.SingleThreadEventExecutor$5.run(SingleThreadEventExecutor.java:897)
	at org.apache.ratis.thirdparty.io.netty.util.concurrent.FastThreadLocalRunnable.run(FastThreadLocalRunnable.java:30)
	... 1 more
Caused by: java.net.ConnectException: Connection refused
	... 11 more
2019-11-15 20:18:16,554 [c23f4e8b-a977-491c-8d15-b9b92ca8b7b3@group-B5CA401D5779-LeaderElection78] INFO  impl.RaftServerImpl (RaftServerImpl.java:setRole(173)) - c23f4e8b-a977-491c-8d15-b9b92ca8b7b3@group-B5CA401D5779: changes role from CANDIDATE to FOLLOWER at term 4 for DISCOVERED_A_NEW_TERM
2019-11-15 20:18:16,554 [c23f4e8b-a977-491c-8d15-b9b92ca8b7b3@group-B5CA401D5779-LeaderElection78] INFO  impl.RoleInfo (RoleInfo.java:shutdownLeaderElection(134)) - c23f4e8b-a977-491c-8d15-b9b92ca8b7b3: shutdown LeaderElection
2019-11-15 20:18:16,554 [c23f4e8b-a977-491c-8d15-b9b92ca8b7b3@group-B5CA401D5779-LeaderElection78] INFO  impl.RoleInfo (RoleInfo.java:updateAndGet(143)) - c23f4e8b-a977-491c-8d15-b9b92ca8b7b3: start FollowerState
2019-11-15 20:18:16,883 [grpc-default-executor-0] WARN  server.GrpcLogAppender (LogUtils.java:warn(134)) - 278d11c8-d2e3-4654-bbf4-54dbcf402594@group-AED6481E285D->1acd8ba6-dda5-4cb5-b2f0-bb88a33d5541-AppendLogResponseHandler: Failed appendEntries: org.apache.ratis.thirdparty.io.grpc.StatusRuntimeException: UNAVAILABLE: io exception
2019-11-15 20:18:16,883 [grpc-default-executor-0] INFO  impl.FollowerInfo (FollowerInfo.java:lambda$new$0(51)) - 278d11c8-d2e3-4654-bbf4-54dbcf402594@group-AED6481E285D->1acd8ba6-dda5-4cb5-b2f0-bb88a33d5541: nextIndex: updateUnconditionally 0 -> 0
2019-11-15 20:18:16,942 [grpc-default-executor-0] WARN  server.GrpcLogAppender (LogUtils.java:warn(134)) - 02c8c0cd-3388-46ae-a10b-79a5583af984@group-64AECEABE0BE->96e7c94e-3c8d-4ea5-9d39-2046e661862c-AppendLogResponseHandler: Failed appendEntries: org.apache.ratis.thirdparty.io.grpc.StatusRuntimeException: UNAVAILABLE: io exception
2019-11-15 20:18:16,942 [grpc-default-executor-0] INFO  impl.FollowerInfo (FollowerInfo.java:lambda$new$0(51)) - 02c8c0cd-3388-46ae-a10b-79a5583af984@group-64AECEABE0BE->96e7c94e-3c8d-4ea5-9d39-2046e661862c: nextIndex: updateUnconditionally 0 -> 0
2019-11-15 20:18:17,021 [main] INFO  ozoneimpl.OzoneContainer (OzoneContainer.java:stop(244)) - Attempting to stop container services.
2019-11-15 20:18:17,021 [main] INFO  impl.RaftServerProxy (RaftServerProxy.java:lambda$close$4(314)) - 8ea95c1a-a940-4392-ad76-d729a81e9d62: close
2019-11-15 20:18:17,022 [main] INFO  impl.RaftServerImpl (RaftServerImpl.java:lambda$shutdown$3(250)) - 8ea95c1a-a940-4392-ad76-d729a81e9d62@group-5FE3BC560A89: shutdown
2019-11-15 20:18:17,022 [main] INFO  util.JmxRegister (JmxRegister.java:unregister(73)) - Successfully un-registered JMX Bean with object name Ratis:service=RaftServer,group=group-5FE3BC560A89,id=8ea95c1a-a940-4392-ad76-d729a81e9d62
2019-11-15 20:18:17,022 [main] INFO  impl.RoleInfo (RoleInfo.java:shutdownLeaderState(104)) - 8ea95c1a-a940-4392-ad76-d729a81e9d62: shutdown LeaderState
2019-11-15 20:18:17,022 [main] INFO  impl.PendingRequests (PendingRequests.java:sendNotLeaderResponses(206)) - 8ea95c1a-a940-4392-ad76-d729a81e9d62@group-5FE3BC560A89-PendingRequests: sendNotLeaderResponses
2019-11-15 20:18:17,023 [main] INFO  impl.StateMachineUpdater (StateMachineUpdater.java:stopAndJoin(136)) - 8ea95c1a-a940-4392-ad76-d729a81e9d62@group-5FE3BC560A89-StateMachineUpdater: set stopIndex = 0
2019-11-15 20:18:17,023 [main] INFO  impl.RaftServerImpl (ServerState.java:close(387)) - 8ea95c1a-a940-4392-ad76-d729a81e9d62@group-5FE3BC560A89: closes. applyIndex: 0
2019-11-15 20:18:17,024 [8ea95c1a-a940-4392-ad76-d729a81e9d62@group-5FE3BC560A89-SegmentedRaftLogWorker] INFO  segmented.SegmentedRaftLogWorker (SegmentedRaftLogWorker.java:run(316)) - 8ea95c1a-a940-4392-ad76-d729a81e9d62@group-5FE3BC560A89-SegmentedRaftLogWorker was interrupted, exiting. There are 0 tasks remaining in the queue.
2019-11-15 20:18:17,024 [main] INFO  segmented.SegmentedRaftLogWorker (SegmentedRaftLogWorker.java:close(224)) - 8ea95c1a-a940-4392-ad76-d729a81e9d62@group-5FE3BC560A89-SegmentedRaftLogWorker close()
2019-11-15 20:18:17,025 [main] INFO  impl.RaftServerImpl (RaftServerImpl.java:lambda$shutdown$3(250)) - 8ea95c1a-a940-4392-ad76-d729a81e9d62@group-64AECEABE0BE: shutdown
2019-11-15 20:18:17,025 [main] INFO  util.JmxRegister (JmxRegister.java:unregister(73)) - Successfully un-registered JMX Bean with object name Ratis:service=RaftServer,group=group-64AECEABE0BE,id=8ea95c1a-a940-4392-ad76-d729a81e9d62
2019-11-15 20:18:17,025 [main] INFO  impl.RoleInfo (RoleInfo.java:shutdownFollowerState(121)) - 8ea95c1a-a940-4392-ad76-d729a81e9d62: shutdown FollowerState
2019-11-15 20:18:17,025 [main] INFO  impl.StateMachineUpdater (StateMachineUpdater.java:stopAndJoin(136)) - 8ea95c1a-a940-4392-ad76-d729a81e9d62@group-64AECEABE0BE-StateMachineUpdater: set stopIndex = 2
2019-11-15 20:18:17,025 [Thread-1572] INFO  impl.FollowerState (FollowerState.java:run(120)) - 8ea95c1a-a940-4392-ad76-d729a81e9d62@group-64AECEABE0BE-FollowerState was interrupted: java.lang.InterruptedException: sleep interrupted
2019-11-15 20:18:17,026 [main] INFO  impl.RaftServerImpl (ServerState.java:close(387)) - 8ea95c1a-a940-4392-ad76-d729a81e9d62@group-64AECEABE0BE: closes. applyIndex: 2
2019-11-15 20:18:17,026 [8ea95c1a-a940-4392-ad76-d729a81e9d62@group-64AECEABE0BE-SegmentedRaftLogWorker] INFO  segmented.SegmentedRaftLogWorker (SegmentedRaftLogWorker.java:run(316)) - 8ea95c1a-a940-4392-ad76-d729a81e9d62@group-64AECEABE0BE-SegmentedRaftLogWorker was interrupted, exiting. There are 0 tasks remaining in the queue.
2019-11-15 20:18:17,026 [main] INFO  segmented.SegmentedRaftLogWorker (SegmentedRaftLogWorker.java:close(224)) - 8ea95c1a-a940-4392-ad76-d729a81e9d62@group-64AECEABE0BE-SegmentedRaftLogWorker close()
2019-11-15 20:18:17,026 [main] INFO  server.GrpcService (GrpcService.java:closeImpl(164)) - 8ea95c1a-a940-4392-ad76-d729a81e9d62: shutdown server with port 34879 now
2019-11-15 20:18:17,027 [grpc-default-executor-4] WARN  server.GrpcServerProtocolService (LogUtils.java:warn(134)) - 8ea95c1a-a940-4392-ad76-d729a81e9d62: installSnapshot onError, lastRequest: 02c8c0cd-3388-46ae-a10b-79a5583af984->8ea95c1a-a940-4392-ad76-d729a81e9d62#18-t2, previous=(t:2, i:2), leaderCommit=2, initializing? false, entries: <empty>: org.apache.ratis.thirdparty.io.grpc.StatusRuntimeException: CANCELLED: cancelled before receiving half close
2019-11-15 20:18:17,027 [main] INFO  server.GrpcService (GrpcService.java:closeImpl(172)) - 8ea95c1a-a940-4392-ad76-d729a81e9d62: shutdown server with port 34879 successfully
2019-11-15 20:18:17,027 [grpc-default-executor-0] WARN  server.GrpcLogAppender (LogUtils.java:warn(134)) - 02c8c0cd-3388-46ae-a10b-79a5583af984@group-64AECEABE0BE->8ea95c1a-a940-4392-ad76-d729a81e9d62-AppendLogResponseHandler: Failed appendEntries: org.apache.ratis.thirdparty.io.grpc.StatusRuntimeException: CANCELLED: HTTP/2 error code: CANCEL
Received Rst Stream
2019-11-15 20:18:17,028 [grpc-default-executor-0] INFO  impl.FollowerInfo (FollowerInfo.java:lambda$new$0(51)) - 02c8c0cd-3388-46ae-a10b-79a5583af984@group-64AECEABE0BE->8ea95c1a-a940-4392-ad76-d729a81e9d62: nextIndex: updateUnconditionally 3 -> 2
2019-11-15 20:18:17,030 [refreshUsed-/workdir/hadoop-ozone/integration-test/target/test-dir/MiniOzoneClusterImpl-cd14858e-7fd2-404c-93a1-487d1243ff76/datanode-8/data/containers] WARN  fs.CachingGetSpaceUsed (CachingGetSpaceUsed.java:run(183)) - Thread Interrupted waiting to refresh disk information: sleep interrupted
2019-11-15 20:18:17,045 [main] INFO  utils.BackgroundService (BackgroundService.java:shutdown(151)) - Shutting down service BlockDeletingService
2019-11-15 20:18:17,049 [main] INFO  statemachine.DatanodeStateMachine (DatanodeStateMachine.java:stopDaemon(400)) - Ozone container server stopped.
2019-11-15 20:18:17,050 [main] INFO  handler.ContextHandler (ContextHandler.java:doStop(910)) - Stopped o.e.j.w.WebAppContext@1c52552f{/,null,UNAVAILABLE}{/hddsDatanode}
2019-11-15 20:18:17,051 [main] INFO  server.AbstractConnector (AbstractConnector.java:doStop(318)) - Stopped ServerConnector@5dc769f9{HTTP/1.1,[http/1.1]}{0.0.0.0:0}
2019-11-15 20:18:17,051 [main] INFO  handler.ContextHandler (ContextHandler.java:doStop(910)) - Stopped o.e.j.s.ServletContextHandler@4c1d59cd{/static,jar:file:/home/user/.m2/repository/org/apache/hadoop/hadoop-hdds-container-service/0.5.0-SNAPSHOT/hadoop-hdds-container-service-0.5.0-SNAPSHOT.jar!/webapps/static,UNAVAILABLE}
2019-11-15 20:18:17,051 [main] INFO  handler.ContextHandler (ContextHandler.java:doStop(910)) - Stopped o.e.j.s.ServletContextHandler@629984eb{/logs,file:///workdir/hadoop-ozone/integration-test/target/log,UNAVAILABLE}
2019-11-15 20:18:17,068 [ForkJoinPool.commonPool-worker-1] INFO  ozoneimpl.OzoneContainer (OzoneContainer.java:stop(244)) - Attempting to stop container services.
2019-11-15 20:18:17,068 [ForkJoinPool.commonPool-worker-1] INFO  impl.RaftServerProxy (RaftServerProxy.java:lambda$close$4(314)) - c23f4e8b-a977-491c-8d15-b9b92ca8b7b3: close
2019-11-15 20:18:17,069 [ForkJoinPool.commonPool-worker-1] INFO  impl.RaftServerImpl (RaftServerImpl.java:lambda$shutdown$3(250)) - c23f4e8b-a977-491c-8d15-b9b92ca8b7b3@group-E67018E8286A: shutdown
2019-11-15 20:18:17,069 [ForkJoinPool.commonPool-worker-1] INFO  util.JmxRegister (JmxRegister.java:unregister(73)) - Successfully un-registered JMX Bean with object name Ratis:service=RaftServer,group=group-E67018E8286A,id=c23f4e8b-a977-491c-8d15-b9b92ca8b7b3
2019-11-15 20:18:17,069 [ForkJoinPool.commonPool-worker-1] INFO  impl.RoleInfo (RoleInfo.java:shutdownLeaderState(104)) - c23f4e8b-a977-491c-8d15-b9b92ca8b7b3: shutdown LeaderState
2019-11-15 20:18:17,069 [ForkJoinPool.commonPool-worker-1] INFO  impl.PendingRequests (PendingRequests.java:sendNotLeaderResponses(206)) - c23f4e8b-a977-491c-8d15-b9b92ca8b7b3@group-E67018E8286A-PendingRequests: sendNotLeaderResponses
2019-11-15 20:18:17,070 [ForkJoinPool.commonPool-worker-1] INFO  impl.StateMachineUpdater (StateMachineUpdater.java:stopAndJoin(136)) - c23f4e8b-a977-491c-8d15-b9b92ca8b7b3@group-E67018E8286A-StateMachineUpdater: set stopIndex = 0
2019-11-15 20:18:17,070 [ForkJoinPool.commonPool-worker-1] INFO  impl.RaftServerImpl (ServerState.java:close(387)) - c23f4e8b-a977-491c-8d15-b9b92ca8b7b3@group-E67018E8286A: closes. applyIndex: 0
2019-11-15 20:18:17,070 [c23f4e8b-a977-491c-8d15-b9b92ca8b7b3@group-E67018E8286A-SegmentedRaftLogWorker] INFO  segmented.SegmentedRaftLogWorker (SegmentedRaftLogWorker.java:run(316)) - c23f4e8b-a977-491c-8d15-b9b92ca8b7b3@group-E67018E8286A-SegmentedRaftLogWorker was interrupted, exiting. There are 0 tasks remaining in the queue.
2019-11-15 20:18:17,070 [ForkJoinPool.commonPool-worker-1] INFO  segmented.SegmentedRaftLogWorker (SegmentedRaftLogWorker.java:close(224)) - c23f4e8b-a977-491c-8d15-b9b92ca8b7b3@group-E67018E8286A-SegmentedRaftLogWorker close()
2019-11-15 20:18:17,071 [ForkJoinPool.commonPool-worker-1] INFO  impl.RaftServerImpl (RaftServerImpl.java:lambda$shutdown$3(250)) - c23f4e8b-a977-491c-8d15-b9b92ca8b7b3@group-B5CA401D5779: shutdown
2019-11-15 20:18:17,071 [ForkJoinPool.commonPool-worker-1] INFO  util.JmxRegister (JmxRegister.java:unregister(73)) - Successfully un-registered JMX Bean with object name Ratis:service=RaftServer,group=group-B5CA401D5779,id=c23f4e8b-a977-491c-8d15-b9b92ca8b7b3
2019-11-15 20:18:17,071 [ForkJoinPool.commonPool-worker-1] INFO  impl.RoleInfo (RoleInfo.java:shutdownFollowerState(121)) - c23f4e8b-a977-491c-8d15-b9b92ca8b7b3: shutdown FollowerState
2019-11-15 20:18:17,071 [ForkJoinPool.commonPool-worker-1] INFO  impl.StateMachineUpdater (StateMachineUpdater.java:stopAndJoin(136)) - c23f4e8b-a977-491c-8d15-b9b92ca8b7b3@group-B5CA401D5779-StateMachineUpdater: set stopIndex = 0
2019-11-15 20:18:17,071 [Thread-1633] INFO  impl.FollowerState (FollowerState.java:run(120)) - c23f4e8b-a977-491c-8d15-b9b92ca8b7b3@group-B5CA401D5779-FollowerState was interrupted: java.lang.InterruptedException: sleep interrupted
2019-11-15 20:18:17,072 [ForkJoinPool.commonPool-worker-1] INFO  impl.RaftServerImpl (ServerState.java:close(387)) - c23f4e8b-a977-491c-8d15-b9b92ca8b7b3@group-B5CA401D5779: closes. applyIndex: 0
2019-11-15 20:18:17,072 [c23f4e8b-a977-491c-8d15-b9b92ca8b7b3@group-B5CA401D5779-SegmentedRaftLogWorker] INFO  segmented.SegmentedRaftLogWorker (SegmentedRaftLogWorker.java:run(316)) - c23f4e8b-a977-491c-8d15-b9b92ca8b7b3@group-B5CA401D5779-SegmentedRaftLogWorker was interrupted, exiting. There are 0 tasks remaining in the queue.
2019-11-15 20:18:17,072 [ForkJoinPool.commonPool-worker-1] INFO  segmented.SegmentedRaftLogWorker (SegmentedRaftLogWorker.java:close(224)) - c23f4e8b-a977-491c-8d15-b9b92ca8b7b3@group-B5CA401D5779-SegmentedRaftLogWorker close()
2019-11-15 20:18:17,072 [ForkJoinPool.commonPool-worker-1] INFO  server.GrpcService (GrpcService.java:closeImpl(164)) - c23f4e8b-a977-491c-8d15-b9b92ca8b7b3: shutdown server with port 37963 now
2019-11-15 20:18:17,073 [ForkJoinPool.commonPool-worker-1] INFO  server.GrpcService (GrpcService.java:closeImpl(172)) - c23f4e8b-a977-491c-8d15-b9b92ca8b7b3: shutdown server with port 37963 successfully
2019-11-15 20:18:17,075 [refreshUsed-/workdir/hadoop-ozone/integration-test/target/test-dir/MiniOzoneClusterImpl-cd14858e-7fd2-404c-93a1-487d1243ff76/datanode-4/data/containers] WARN  fs.CachingGetSpaceUsed (CachingGetSpaceUsed.java:run(183)) - Thread Interrupted waiting to refresh disk information: sleep interrupted
2019-11-15 20:18:17,086 [ForkJoinPool.commonPool-worker-1] INFO  utils.BackgroundService (BackgroundService.java:shutdown(151)) - Shutting down service BlockDeletingService
2019-11-15 20:18:17,094 [ForkJoinPool.commonPool-worker-1] INFO  statemachine.DatanodeStateMachine (DatanodeStateMachine.java:stopDaemon(400)) - Ozone container server stopped.
2019-11-15 20:18:17,097 [ForkJoinPool.commonPool-worker-1] INFO  handler.ContextHandler (ContextHandler.java:doStop(910)) - Stopped o.e.j.w.WebAppContext@f29353f{/,null,UNAVAILABLE}{/hddsDatanode}
2019-11-15 20:18:17,097 [ForkJoinPool.commonPool-worker-1] INFO  server.AbstractConnector (AbstractConnector.java:doStop(318)) - Stopped ServerConnector@36f7d7b{HTTP/1.1,[http/1.1]}{0.0.0.0:0}
2019-11-15 20:18:17,101 [ForkJoinPool.commonPool-worker-1] INFO  handler.ContextHandler (ContextHandler.java:doStop(910)) - Stopped o.e.j.s.ServletContextHandler@46046c06{/static,jar:file:/home/user/.m2/repository/org/apache/hadoop/hadoop-hdds-container-service/0.5.0-SNAPSHOT/hadoop-hdds-container-service-0.5.0-SNAPSHOT.jar!/webapps/static,UNAVAILABLE}
2019-11-15 20:18:17,101 [ForkJoinPool.commonPool-worker-1] INFO  handler.ContextHandler (ContextHandler.java:doStop(910)) - Stopped o.e.j.s.ServletContextHandler@4997552e{/logs,file:///workdir/hadoop-ozone/integration-test/target/log,UNAVAILABLE}
2019-11-15 20:18:17,296 [Datanode State Machine Thread - 0] INFO  statemachine.DatanodeStateMachine (DatanodeStateMachine.java:lambda$startDaemon$0(355)) - Ozone container server started.
2019-11-15 20:18:17,383 [grpc-default-executor-4] WARN  server.GrpcLogAppender (LogUtils.java:warn(134)) - 278d11c8-d2e3-4654-bbf4-54dbcf402594@group-AED6481E285D->1acd8ba6-dda5-4cb5-b2f0-bb88a33d5541-AppendLogResponseHandler: Failed appendEntries: org.apache.ratis.thirdparty.io.grpc.StatusRuntimeException: UNAVAILABLE: io exception
2019-11-15 20:18:17,384 [grpc-default-executor-4] INFO  impl.FollowerInfo (FollowerInfo.java:lambda$new$0(51)) - 278d11c8-d2e3-4654-bbf4-54dbcf402594@group-AED6481E285D->1acd8ba6-dda5-4cb5-b2f0-bb88a33d5541: nextIndex: updateUnconditionally 0 -> 0
2019-11-15 20:18:17,442 [grpc-default-executor-4] WARN  server.GrpcLogAppender (LogUtils.java:warn(134)) - 02c8c0cd-3388-46ae-a10b-79a5583af984@group-64AECEABE0BE->96e7c94e-3c8d-4ea5-9d39-2046e661862c-AppendLogResponseHandler: Failed appendEntries: org.apache.ratis.thirdparty.io.grpc.StatusRuntimeException: UNAVAILABLE: io exception
2019-11-15 20:18:17,442 [grpc-default-executor-4] INFO  impl.FollowerInfo (FollowerInfo.java:lambda$new$0(51)) - 02c8c0cd-3388-46ae-a10b-79a5583af984@group-64AECEABE0BE->96e7c94e-3c8d-4ea5-9d39-2046e661862c: nextIndex: updateUnconditionally 0 -> 0
2019-11-15 20:18:17,457 [grpc-default-executor-4] WARN  server.GrpcLogAppender (LogUtils.java:warn(134)) - 02c8c0cd-3388-46ae-a10b-79a5583af984@group-64AECEABE0BE->8ea95c1a-a940-4392-ad76-d729a81e9d62-AppendLogResponseHandler: Failed appendEntries: org.apache.ratis.thirdparty.io.grpc.StatusRuntimeException: UNAVAILABLE: io exception
2019-11-15 20:18:17,457 [grpc-default-executor-4] INFO  impl.FollowerInfo (FollowerInfo.java:lambda$new$0(51)) - 02c8c0cd-3388-46ae-a10b-79a5583af984@group-64AECEABE0BE->8ea95c1a-a940-4392-ad76-d729a81e9d62: nextIndex: updateUnconditionally 2 -> 1
2019-11-15 20:18:17,840 [Datanode State Machine Thread - 0] INFO  statemachine.DatanodeStateMachine (DatanodeStateMachine.java:lambda$startDaemon$0(355)) - Ozone container server started.
2019-11-15 20:18:17,884 [grpc-default-executor-4] WARN  server.GrpcLogAppender (LogUtils.java:warn(134)) - 278d11c8-d2e3-4654-bbf4-54dbcf402594@group-AED6481E285D->1acd8ba6-dda5-4cb5-b2f0-bb88a33d5541-AppendLogResponseHandler: Failed appendEntries: org.apache.ratis.thirdparty.io.grpc.StatusRuntimeException: UNAVAILABLE: io exception
2019-11-15 20:18:17,884 [grpc-default-executor-4] INFO  impl.FollowerInfo (FollowerInfo.java:lambda$new$0(51)) - 278d11c8-d2e3-4654-bbf4-54dbcf402594@group-AED6481E285D->1acd8ba6-dda5-4cb5-b2f0-bb88a33d5541: nextIndex: updateUnconditionally 0 -> 0
2019-11-15 20:18:17,943 [grpc-default-executor-1] WARN  server.GrpcLogAppender (LogUtils.java:warn(134)) - 02c8c0cd-3388-46ae-a10b-79a5583af984@group-64AECEABE0BE->96e7c94e-3c8d-4ea5-9d39-2046e661862c-AppendLogResponseHandler: Failed appendEntries: org.apache.ratis.thirdparty.io.grpc.StatusRuntimeException: UNAVAILABLE: io exception
2019-11-15 20:18:17,943 [grpc-default-executor-1] INFO  impl.FollowerInfo (FollowerInfo.java:lambda$new$0(51)) - 02c8c0cd-3388-46ae-a10b-79a5583af984@group-64AECEABE0BE->96e7c94e-3c8d-4ea5-9d39-2046e661862c: nextIndex: updateUnconditionally 0 -> 0
2019-11-15 20:18:17,958 [grpc-default-executor-0] WARN  server.GrpcLogAppender (LogUtils.java:warn(134)) - 02c8c0cd-3388-46ae-a10b-79a5583af984@group-64AECEABE0BE->8ea95c1a-a940-4392-ad76-d729a81e9d62-AppendLogResponseHandler: Failed appendEntries: org.apache.ratis.thirdparty.io.grpc.StatusRuntimeException: UNAVAILABLE: io exception
2019-11-15 20:18:17,958 [grpc-default-executor-0] INFO  impl.FollowerInfo (FollowerInfo.java:lambda$new$0(51)) - 02c8c0cd-3388-46ae-a10b-79a5583af984@group-64AECEABE0BE->8ea95c1a-a940-4392-ad76-d729a81e9d62: nextIndex: updateUnconditionally 1 -> 0
2019-11-15 20:18:18,385 [grpc-default-executor-4] WARN  server.GrpcLogAppender (LogUtils.java:warn(134)) - 278d11c8-d2e3-4654-bbf4-54dbcf402594@group-AED6481E285D->1acd8ba6-dda5-4cb5-b2f0-bb88a33d5541-AppendLogResponseHandler: Failed appendEntries: org.apache.ratis.thirdparty.io.grpc.StatusRuntimeException: UNAVAILABLE: io exception
2019-11-15 20:18:18,385 [grpc-default-executor-4] INFO  impl.FollowerInfo (FollowerInfo.java:lambda$new$0(51)) - 278d11c8-d2e3-4654-bbf4-54dbcf402594@group-AED6481E285D->1acd8ba6-dda5-4cb5-b2f0-bb88a33d5541: nextIndex: updateUnconditionally 0 -> 0
2019-11-15 20:18:18,443 [grpc-default-executor-4] WARN  server.GrpcLogAppender (LogUtils.java:warn(134)) - 02c8c0cd-3388-46ae-a10b-79a5583af984@group-64AECEABE0BE->96e7c94e-3c8d-4ea5-9d39-2046e661862c-AppendLogResponseHandler: Failed appendEntries: org.apache.ratis.thirdparty.io.grpc.StatusRuntimeException: UNAVAILABLE: io exception
2019-11-15 20:18:18,444 [grpc-default-executor-4] INFO  impl.FollowerInfo (FollowerInfo.java:lambda$new$0(51)) - 02c8c0cd-3388-46ae-a10b-79a5583af984@group-64AECEABE0BE->96e7c94e-3c8d-4ea5-9d39-2046e661862c: nextIndex: updateUnconditionally 0 -> 0
2019-11-15 20:18:18,459 [grpc-default-executor-4] WARN  server.GrpcLogAppender (LogUtils.java:warn(134)) - 02c8c0cd-3388-46ae-a10b-79a5583af984@group-64AECEABE0BE->8ea95c1a-a940-4392-ad76-d729a81e9d62-AppendLogResponseHandler: Failed appendEntries: org.apache.ratis.thirdparty.io.grpc.StatusRuntimeException: UNAVAILABLE: io exception
2019-11-15 20:18:18,459 [grpc-default-executor-4] INFO  impl.FollowerInfo (FollowerInfo.java:lambda$new$0(51)) - 02c8c0cd-3388-46ae-a10b-79a5583af984@group-64AECEABE0BE->8ea95c1a-a940-4392-ad76-d729a81e9d62: nextIndex: updateUnconditionally 0 -> 0
2019-11-15 20:18:18,886 [grpc-default-executor-0] WARN  server.GrpcLogAppender (LogUtils.java:warn(134)) - 278d11c8-d2e3-4654-bbf4-54dbcf402594@group-AED6481E285D->1acd8ba6-dda5-4cb5-b2f0-bb88a33d5541-AppendLogResponseHandler: Failed appendEntries: org.apache.ratis.thirdparty.io.grpc.StatusRuntimeException: UNAVAILABLE: io exception
2019-11-15 20:18:18,886 [grpc-default-executor-0] INFO  impl.FollowerInfo (FollowerInfo.java:lambda$new$0(51)) - 278d11c8-d2e3-4654-bbf4-54dbcf402594@group-AED6481E285D->1acd8ba6-dda5-4cb5-b2f0-bb88a33d5541: nextIndex: updateUnconditionally 0 -> 0
2019-11-15 20:18:18,944 [grpc-default-executor-1] WARN  server.GrpcLogAppender (LogUtils.java:warn(134)) - 02c8c0cd-3388-46ae-a10b-79a5583af984@group-64AECEABE0BE->96e7c94e-3c8d-4ea5-9d39-2046e661862c-AppendLogResponseHandler: Failed appendEntries: org.apache.ratis.thirdparty.io.grpc.StatusRuntimeException: UNAVAILABLE: io exception
2019-11-15 20:18:18,944 [grpc-default-executor-1] INFO  impl.FollowerInfo (FollowerInfo.java:lambda$new$0(51)) - 02c8c0cd-3388-46ae-a10b-79a5583af984@group-64AECEABE0BE->96e7c94e-3c8d-4ea5-9d39-2046e661862c: nextIndex: updateUnconditionally 0 -> 0
2019-11-15 20:18:18,959 [grpc-default-executor-0] WARN  server.GrpcLogAppender (LogUtils.java:warn(134)) - 02c8c0cd-3388-46ae-a10b-79a5583af984@group-64AECEABE0BE->8ea95c1a-a940-4392-ad76-d729a81e9d62-AppendLogResponseHandler: Failed appendEntries: org.apache.ratis.thirdparty.io.grpc.StatusRuntimeException: UNAVAILABLE: io exception
2019-11-15 20:18:18,960 [grpc-default-executor-0] INFO  impl.FollowerInfo (FollowerInfo.java:lambda$new$0(51)) - 02c8c0cd-3388-46ae-a10b-79a5583af984@group-64AECEABE0BE->8ea95c1a-a940-4392-ad76-d729a81e9d62: nextIndex: updateUnconditionally 0 -> 0
2019-11-15 20:18:19,386 [grpc-default-executor-4] WARN  server.GrpcLogAppender (LogUtils.java:warn(134)) - 278d11c8-d2e3-4654-bbf4-54dbcf402594@group-AED6481E285D->1acd8ba6-dda5-4cb5-b2f0-bb88a33d5541-AppendLogResponseHandler: Failed appendEntries: org.apache.ratis.thirdparty.io.grpc.StatusRuntimeException: UNAVAILABLE: io exception
2019-11-15 20:18:19,386 [grpc-default-executor-4] INFO  impl.FollowerInfo (FollowerInfo.java:lambda$new$0(51)) - 278d11c8-d2e3-4654-bbf4-54dbcf402594@group-AED6481E285D->1acd8ba6-dda5-4cb5-b2f0-bb88a33d5541: nextIndex: updateUnconditionally 0 -> 0
2019-11-15 20:18:19,445 [grpc-default-executor-4] WARN  server.GrpcLogAppender (LogUtils.java:warn(134)) - 02c8c0cd-3388-46ae-a10b-79a5583af984@group-64AECEABE0BE->96e7c94e-3c8d-4ea5-9d39-2046e661862c-AppendLogResponseHandler: Failed appendEntries: org.apache.ratis.thirdparty.io.grpc.StatusRuntimeException: UNAVAILABLE: io exception
2019-11-15 20:18:19,445 [grpc-default-executor-4] INFO  impl.FollowerInfo (FollowerInfo.java:lambda$new$0(51)) - 02c8c0cd-3388-46ae-a10b-79a5583af984@group-64AECEABE0BE->96e7c94e-3c8d-4ea5-9d39-2046e661862c: nextIndex: updateUnconditionally 0 -> 0
2019-11-15 20:18:19,460 [grpc-default-executor-4] WARN  server.GrpcLogAppender (LogUtils.java:warn(134)) - 02c8c0cd-3388-46ae-a10b-79a5583af984@group-64AECEABE0BE->8ea95c1a-a940-4392-ad76-d729a81e9d62-AppendLogResponseHandler: Failed appendEntries: org.apache.ratis.thirdparty.io.grpc.StatusRuntimeException: UNAVAILABLE: io exception
2019-11-15 20:18:19,460 [grpc-default-executor-4] INFO  impl.FollowerInfo (FollowerInfo.java:lambda$new$0(51)) - 02c8c0cd-3388-46ae-a10b-79a5583af984@group-64AECEABE0BE->8ea95c1a-a940-4392-ad76-d729a81e9d62: nextIndex: updateUnconditionally 0 -> 0
2019-11-15 20:18:19,886 [grpc-default-executor-4] WARN  server.GrpcLogAppender (LogUtils.java:warn(134)) - 278d11c8-d2e3-4654-bbf4-54dbcf402594@group-AED6481E285D->1acd8ba6-dda5-4cb5-b2f0-bb88a33d5541-AppendLogResponseHandler: Failed appendEntries: org.apache.ratis.thirdparty.io.grpc.StatusRuntimeException: UNAVAILABLE: io exception
2019-11-15 20:18:19,887 [grpc-default-executor-4] INFO  impl.FollowerInfo (FollowerInfo.java:lambda$new$0(51)) - 278d11c8-d2e3-4654-bbf4-54dbcf402594@group-AED6481E285D->1acd8ba6-dda5-4cb5-b2f0-bb88a33d5541: nextIndex: updateUnconditionally 0 -> 0
2019-11-15 20:18:19,945 [grpc-default-executor-1] WARN  server.GrpcLogAppender (LogUtils.java:warn(134)) - 02c8c0cd-3388-46ae-a10b-79a5583af984@group-64AECEABE0BE->96e7c94e-3c8d-4ea5-9d39-2046e661862c-AppendLogResponseHandler: Failed appendEntries: org.apache.ratis.thirdparty.io.grpc.StatusRuntimeException: UNAVAILABLE: io exception
2019-11-15 20:18:19,945 [grpc-default-executor-1] INFO  impl.FollowerInfo (FollowerInfo.java:lambda$new$0(51)) - 02c8c0cd-3388-46ae-a10b-79a5583af984@group-64AECEABE0BE->96e7c94e-3c8d-4ea5-9d39-2046e661862c: nextIndex: updateUnconditionally 0 -> 0
2019-11-15 20:18:19,960 [grpc-default-executor-4] WARN  server.GrpcLogAppender (LogUtils.java:warn(134)) - 02c8c0cd-3388-46ae-a10b-79a5583af984@group-64AECEABE0BE->8ea95c1a-a940-4392-ad76-d729a81e9d62-AppendLogResponseHandler: Failed appendEntries: org.apache.ratis.thirdparty.io.grpc.StatusRuntimeException: UNAVAILABLE: io exception
2019-11-15 20:18:19,960 [grpc-default-executor-4] INFO  impl.FollowerInfo (FollowerInfo.java:lambda$new$0(51)) - 02c8c0cd-3388-46ae-a10b-79a5583af984@group-64AECEABE0BE->8ea95c1a-a940-4392-ad76-d729a81e9d62: nextIndex: updateUnconditionally 0 -> 0
2019-11-15 20:18:20,387 [grpc-default-executor-4] WARN  server.GrpcLogAppender (LogUtils.java:warn(134)) - 278d11c8-d2e3-4654-bbf4-54dbcf402594@group-AED6481E285D->1acd8ba6-dda5-4cb5-b2f0-bb88a33d5541-AppendLogResponseHandler: Failed appendEntries: org.apache.ratis.thirdparty.io.grpc.StatusRuntimeException: UNAVAILABLE: io exception
2019-11-15 20:18:20,387 [grpc-default-executor-4] INFO  impl.FollowerInfo (FollowerInfo.java:lambda$new$0(51)) - 278d11c8-d2e3-4654-bbf4-54dbcf402594@group-AED6481E285D->1acd8ba6-dda5-4cb5-b2f0-bb88a33d5541: nextIndex: updateUnconditionally 0 -> 0
2019-11-15 20:18:20,446 [grpc-default-executor-4] WARN  server.GrpcLogAppender (LogUtils.java:warn(134)) - 02c8c0cd-3388-46ae-a10b-79a5583af984@group-64AECEABE0BE->96e7c94e-3c8d-4ea5-9d39-2046e661862c-AppendLogResponseHandler: Failed appendEntries: org.apache.ratis.thirdparty.io.grpc.StatusRuntimeException: UNAVAILABLE: io exception
2019-11-15 20:18:20,446 [grpc-default-executor-4] INFO  impl.FollowerInfo (FollowerInfo.java:lambda$new$0(51)) - 02c8c0cd-3388-46ae-a10b-79a5583af984@group-64AECEABE0BE->96e7c94e-3c8d-4ea5-9d39-2046e661862c: nextIndex: updateUnconditionally 0 -> 0
2019-11-15 20:18:20,461 [grpc-default-executor-0] WARN  server.GrpcLogAppender (LogUtils.java:warn(134)) - 02c8c0cd-3388-46ae-a10b-79a5583af984@group-64AECEABE0BE->8ea95c1a-a940-4392-ad76-d729a81e9d62-AppendLogResponseHandler: Failed appendEntries: org.apache.ratis.thirdparty.io.grpc.StatusRuntimeException: UNAVAILABLE: io exception
2019-11-15 20:18:20,461 [grpc-default-executor-0] INFO  impl.FollowerInfo (FollowerInfo.java:lambda$new$0(51)) - 02c8c0cd-3388-46ae-a10b-79a5583af984@group-64AECEABE0BE->8ea95c1a-a940-4392-ad76-d729a81e9d62: nextIndex: updateUnconditionally 0 -> 0
2019-11-15 20:18:20,888 [grpc-default-executor-1] WARN  server.GrpcLogAppender (LogUtils.java:warn(134)) - 278d11c8-d2e3-4654-bbf4-54dbcf402594@group-AED6481E285D->1acd8ba6-dda5-4cb5-b2f0-bb88a33d5541-AppendLogResponseHandler: Failed appendEntries: org.apache.ratis.thirdparty.io.grpc.StatusRuntimeException: UNAVAILABLE: io exception
2019-11-15 20:18:20,888 [grpc-default-executor-1] INFO  impl.FollowerInfo (FollowerInfo.java:lambda$new$0(51)) - 278d11c8-d2e3-4654-bbf4-54dbcf402594@group-AED6481E285D->1acd8ba6-dda5-4cb5-b2f0-bb88a33d5541: nextIndex: updateUnconditionally 0 -> 0
2019-11-15 20:18:20,947 [grpc-default-executor-1] WARN  server.GrpcLogAppender (LogUtils.java:warn(134)) - 02c8c0cd-3388-46ae-a10b-79a5583af984@group-64AECEABE0BE->96e7c94e-3c8d-4ea5-9d39-2046e661862c-AppendLogResponseHandler: Failed appendEntries: org.apache.ratis.thirdparty.io.grpc.StatusRuntimeException: UNAVAILABLE: io exception
2019-11-15 20:18:20,947 [grpc-default-executor-1] INFO  impl.FollowerInfo (FollowerInfo.java:lambda$new$0(51)) - 02c8c0cd-3388-46ae-a10b-79a5583af984@group-64AECEABE0BE->96e7c94e-3c8d-4ea5-9d39-2046e661862c: nextIndex: updateUnconditionally 0 -> 0
2019-11-15 20:18:20,962 [grpc-default-executor-4] WARN  server.GrpcLogAppender (LogUtils.java:warn(134)) - 02c8c0cd-3388-46ae-a10b-79a5583af984@group-64AECEABE0BE->8ea95c1a-a940-4392-ad76-d729a81e9d62-AppendLogResponseHandler: Failed appendEntries: org.apache.ratis.thirdparty.io.grpc.StatusRuntimeException: UNAVAILABLE: io exception
2019-11-15 20:18:20,962 [grpc-default-executor-4] INFO  impl.FollowerInfo (FollowerInfo.java:lambda$new$0(51)) - 02c8c0cd-3388-46ae-a10b-79a5583af984@group-64AECEABE0BE->8ea95c1a-a940-4392-ad76-d729a81e9d62: nextIndex: updateUnconditionally 0 -> 0
2019-11-15 20:18:21,390 [grpc-default-executor-1] WARN  server.GrpcLogAppender (LogUtils.java:warn(134)) - 278d11c8-d2e3-4654-bbf4-54dbcf402594@group-AED6481E285D->1acd8ba6-dda5-4cb5-b2f0-bb88a33d5541-AppendLogResponseHandler: Failed appendEntries: org.apache.ratis.thirdparty.io.grpc.StatusRuntimeException: UNAVAILABLE: io exception
2019-11-15 20:18:21,390 [grpc-default-executor-1] INFO  impl.FollowerInfo (FollowerInfo.java:lambda$new$0(51)) - 278d11c8-d2e3-4654-bbf4-54dbcf402594@group-AED6481E285D->1acd8ba6-dda5-4cb5-b2f0-bb88a33d5541: nextIndex: updateUnconditionally 0 -> 0
2019-11-15 20:18:21,448 [grpc-default-executor-0] WARN  server.GrpcLogAppender (LogUtils.java:warn(134)) - 02c8c0cd-3388-46ae-a10b-79a5583af984@group-64AECEABE0BE->96e7c94e-3c8d-4ea5-9d39-2046e661862c-AppendLogResponseHandler: Failed appendEntries: org.apache.ratis.thirdparty.io.grpc.StatusRuntimeException: UNAVAILABLE: io exception
2019-11-15 20:18:21,448 [grpc-default-executor-0] INFO  impl.FollowerInfo (FollowerInfo.java:lambda$new$0(51)) - 02c8c0cd-3388-46ae-a10b-79a5583af984@group-64AECEABE0BE->96e7c94e-3c8d-4ea5-9d39-2046e661862c: nextIndex: updateUnconditionally 0 -> 0
2019-11-15 20:18:21,462 [grpc-default-executor-4] WARN  server.GrpcLogAppender (LogUtils.java:warn(134)) - 02c8c0cd-3388-46ae-a10b-79a5583af984@group-64AECEABE0BE->8ea95c1a-a940-4392-ad76-d729a81e9d62-AppendLogResponseHandler: Failed appendEntries: org.apache.ratis.thirdparty.io.grpc.StatusRuntimeException: UNAVAILABLE: io exception
2019-11-15 20:18:21,463 [grpc-default-executor-4] INFO  impl.FollowerInfo (FollowerInfo.java:lambda$new$0(51)) - 02c8c0cd-3388-46ae-a10b-79a5583af984@group-64AECEABE0BE->8ea95c1a-a940-4392-ad76-d729a81e9d62: nextIndex: updateUnconditionally 0 -> 0
2019-11-15 20:18:21,895 [grpc-default-executor-1] WARN  server.GrpcLogAppender (LogUtils.java:warn(134)) - 278d11c8-d2e3-4654-bbf4-54dbcf402594@group-AED6481E285D->1acd8ba6-dda5-4cb5-b2f0-bb88a33d5541-AppendLogResponseHandler: Failed appendEntries: org.apache.ratis.thirdparty.io.grpc.StatusRuntimeException: UNAVAILABLE: io exception
2019-11-15 20:18:21,896 [grpc-default-executor-1] INFO  impl.FollowerInfo (FollowerInfo.java:lambda$new$0(51)) - 278d11c8-d2e3-4654-bbf4-54dbcf402594@group-AED6481E285D->1acd8ba6-dda5-4cb5-b2f0-bb88a33d5541: nextIndex: updateUnconditionally 0 -> 0
2019-11-15 20:18:21,949 [grpc-default-executor-1] WARN  server.GrpcLogAppender (LogUtils.java:warn(134)) - 02c8c0cd-3388-46ae-a10b-79a5583af984@group-64AECEABE0BE->96e7c94e-3c8d-4ea5-9d39-2046e661862c-AppendLogResponseHandler: Failed appendEntries: org.apache.ratis.thirdparty.io.grpc.StatusRuntimeException: UNAVAILABLE: io exception
2019-11-15 20:18:21,949 [grpc-default-executor-1] INFO  impl.FollowerInfo (FollowerInfo.java:lambda$new$0(51)) - 02c8c0cd-3388-46ae-a10b-79a5583af984@group-64AECEABE0BE->96e7c94e-3c8d-4ea5-9d39-2046e661862c: nextIndex: updateUnconditionally 0 -> 0
2019-11-15 20:18:21,963 [grpc-default-executor-1] WARN  server.GrpcLogAppender (LogUtils.java:warn(134)) - 02c8c0cd-3388-46ae-a10b-79a5583af984@group-64AECEABE0BE->8ea95c1a-a940-4392-ad76-d729a81e9d62-AppendLogResponseHandler: Failed appendEntries: org.apache.ratis.thirdparty.io.grpc.StatusRuntimeException: UNAVAILABLE: io exception
2019-11-15 20:18:21,963 [grpc-default-executor-1] INFO  impl.FollowerInfo (FollowerInfo.java:lambda$new$0(51)) - 02c8c0cd-3388-46ae-a10b-79a5583af984@group-64AECEABE0BE->8ea95c1a-a940-4392-ad76-d729a81e9d62: nextIndex: updateUnconditionally 0 -> 0
2019-11-15 20:18:22,053 [main] INFO  ozoneimpl.OzoneContainer (OzoneContainer.java:stop(244)) - Attempting to stop container services.
2019-11-15 20:18:22,054 [main] INFO  impl.RaftServerProxy (RaftServerProxy.java:lambda$close$4(314)) - 02c8c0cd-3388-46ae-a10b-79a5583af984: close
2019-11-15 20:18:22,055 [main] INFO  impl.RaftServerImpl (RaftServerImpl.java:lambda$shutdown$3(250)) - 02c8c0cd-3388-46ae-a10b-79a5583af984@group-64AECEABE0BE: shutdown
2019-11-15 20:18:22,055 [main] INFO  util.JmxRegister (JmxRegister.java:unregister(73)) - Successfully un-registered JMX Bean with object name Ratis:service=RaftServer,group=group-64AECEABE0BE,id=02c8c0cd-3388-46ae-a10b-79a5583af984
2019-11-15 20:18:22,055 [main] INFO  impl.RoleInfo (RoleInfo.java:shutdownLeaderState(104)) - 02c8c0cd-3388-46ae-a10b-79a5583af984: shutdown LeaderState
2019-11-15 20:18:22,058 [org.apache.ratis.server.impl.LogAppender$AppenderDaemon$$Lambda$442/633709551@1a72eddd] WARN  server.GrpcLogAppender (GrpcLogAppender.java:mayWait(151)) - 02c8c0cd-3388-46ae-a10b-79a5583af984@group-64AECEABE0BE->8ea95c1a-a940-4392-ad76-d729a81e9d62-GrpcLogAppender: Wait interrupted by java.lang.InterruptedException
2019-11-15 20:18:22,059 [org.apache.ratis.server.impl.LogAppender$AppenderDaemon$$Lambda$442/633709551@69f28047] WARN  server.GrpcLogAppender (GrpcLogAppender.java:mayWait(151)) - 02c8c0cd-3388-46ae-a10b-79a5583af984@group-64AECEABE0BE->96e7c94e-3c8d-4ea5-9d39-2046e661862c-GrpcLogAppender: Wait interrupted by java.lang.InterruptedException
2019-11-15 20:18:22,060 [main] INFO  impl.PendingRequests (PendingRequests.java:sendNotLeaderResponses(206)) - 02c8c0cd-3388-46ae-a10b-79a5583af984@group-64AECEABE0BE-PendingRequests: sendNotLeaderResponses
2019-11-15 20:18:22,062 [main] INFO  impl.StateMachineUpdater (StateMachineUpdater.java:stopAndJoin(136)) - 02c8c0cd-3388-46ae-a10b-79a5583af984@group-64AECEABE0BE-StateMachineUpdater: set stopIndex = 2
2019-11-15 20:18:22,062 [main] INFO  impl.RaftServerImpl (ServerState.java:close(387)) - 02c8c0cd-3388-46ae-a10b-79a5583af984@group-64AECEABE0BE: closes. applyIndex: 2
2019-11-15 20:18:22,063 [02c8c0cd-3388-46ae-a10b-79a5583af984@group-64AECEABE0BE-SegmentedRaftLogWorker] INFO  segmented.SegmentedRaftLogWorker (SegmentedRaftLogWorker.java:run(316)) - 02c8c0cd-3388-46ae-a10b-79a5583af984@group-64AECEABE0BE-SegmentedRaftLogWorker was interrupted, exiting. There are 0 tasks remaining in the queue.
2019-11-15 20:18:22,102 [ForkJoinPool.commonPool-worker-1] INFO  ozoneimpl.OzoneContainer (OzoneContainer.java:stop(244)) - Attempting to stop container services.
2019-11-15 20:18:22,103 [ForkJoinPool.commonPool-worker-1] INFO  impl.RaftServerProxy (RaftServerProxy.java:lambda$close$4(314)) - ede53ce7-e9c4-4a5f-842c-51dc9db012c0: close
2019-11-15 20:18:22,103 [ForkJoinPool.commonPool-worker-1] INFO  impl.RaftServerImpl (RaftServerImpl.java:lambda$shutdown$3(250)) - ede53ce7-e9c4-4a5f-842c-51dc9db012c0@group-AED6481E285D: shutdown
2019-11-15 20:18:22,103 [ForkJoinPool.commonPool-worker-1] INFO  util.JmxRegister (JmxRegister.java:unregister(73)) - Successfully un-registered JMX Bean with object name Ratis:service=RaftServer,group=group-AED6481E285D,id=ede53ce7-e9c4-4a5f-842c-51dc9db012c0
2019-11-15 20:18:22,104 [ForkJoinPool.commonPool-worker-1] INFO  impl.RoleInfo (RoleInfo.java:shutdownFollowerState(121)) - ede53ce7-e9c4-4a5f-842c-51dc9db012c0: shutdown FollowerState
2019-11-15 20:18:22,104 [ForkJoinPool.commonPool-worker-1] INFO  impl.StateMachineUpdater (StateMachineUpdater.java:stopAndJoin(136)) - ede53ce7-e9c4-4a5f-842c-51dc9db012c0@group-AED6481E285D-StateMachineUpdater: set stopIndex = 6
2019-11-15 20:18:22,104 [ede53ce7-e9c4-4a5f-842c-51dc9db012c0@group-AED6481E285D-StateMachineUpdater] INFO  ratis.ContainerStateMachine (ContainerStateMachine.java:takeSnapshot(285)) - group-AED6481E285D: Taking a snapshot at:(t:3, i:6) file /workdir/hadoop-ozone/integration-test/target/test-dir/MiniOzoneClusterImpl-cd14858e-7fd2-404c-93a1-487d1243ff76/datanode-0/data/ratis/56898cc3-d283-4414-a679-aed6481e285d/sm/snapshot.3_6
2019-11-15 20:18:22,104 [Thread-1365] INFO  impl.FollowerState (FollowerState.java:run(120)) - ede53ce7-e9c4-4a5f-842c-51dc9db012c0@group-AED6481E285D-FollowerState was interrupted: java.lang.InterruptedException: sleep interrupted
2019-11-15 20:18:22,212 [main] INFO  segmented.SegmentedRaftLogWorker (SegmentedRaftLogWorker.java:close(224)) - 02c8c0cd-3388-46ae-a10b-79a5583af984@group-64AECEABE0BE-SegmentedRaftLogWorker close()
2019-11-15 20:18:22,212 [main] INFO  impl.RaftServerImpl (RaftServerImpl.java:lambda$shutdown$3(250)) - 02c8c0cd-3388-46ae-a10b-79a5583af984@group-A1C0BB025609: shutdown
2019-11-15 20:18:22,213 [main] INFO  util.JmxRegister (JmxRegister.java:unregister(73)) - Successfully un-registered JMX Bean with object name Ratis:service=RaftServer,group=group-A1C0BB025609,id=02c8c0cd-3388-46ae-a10b-79a5583af984
2019-11-15 20:18:22,213 [main] INFO  impl.RoleInfo (RoleInfo.java:shutdownLeaderState(104)) - 02c8c0cd-3388-46ae-a10b-79a5583af984: shutdown LeaderState
2019-11-15 20:18:22,213 [main] INFO  impl.PendingRequests (PendingRequests.java:sendNotLeaderResponses(206)) - 02c8c0cd-3388-46ae-a10b-79a5583af984@group-A1C0BB025609-PendingRequests: sendNotLeaderResponses
2019-11-15 20:18:22,213 [main] INFO  impl.StateMachineUpdater (StateMachineUpdater.java:stopAndJoin(136)) - 02c8c0cd-3388-46ae-a10b-79a5583af984@group-A1C0BB025609-StateMachineUpdater: set stopIndex = 0
2019-11-15 20:18:22,221 [main] INFO  impl.RaftServerImpl (ServerState.java:close(387)) - 02c8c0cd-3388-46ae-a10b-79a5583af984@group-A1C0BB025609: closes. applyIndex: 0
2019-11-15 20:18:22,222 [02c8c0cd-3388-46ae-a10b-79a5583af984@group-A1C0BB025609-SegmentedRaftLogWorker] INFO  segmented.SegmentedRaftLogWorker (SegmentedRaftLogWorker.java:run(316)) - 02c8c0cd-3388-46ae-a10b-79a5583af984@group-A1C0BB025609-SegmentedRaftLogWorker was interrupted, exiting. There are 0 tasks remaining in the queue.
2019-11-15 20:18:22,222 [main] INFO  segmented.SegmentedRaftLogWorker (SegmentedRaftLogWorker.java:close(224)) - 02c8c0cd-3388-46ae-a10b-79a5583af984@group-A1C0BB025609-SegmentedRaftLogWorker close()
2019-11-15 20:18:22,223 [main] INFO  server.GrpcService (GrpcService.java:closeImpl(164)) - 02c8c0cd-3388-46ae-a10b-79a5583af984: shutdown server with port 40363 now
2019-11-15 20:18:22,223 [main] INFO  server.GrpcService (GrpcService.java:closeImpl(172)) - 02c8c0cd-3388-46ae-a10b-79a5583af984: shutdown server with port 40363 successfully
2019-11-15 20:18:22,225 [refreshUsed-/workdir/hadoop-ozone/integration-test/target/test-dir/MiniOzoneClusterImpl-cd14858e-7fd2-404c-93a1-487d1243ff76/datanode-9/data/containers] WARN  fs.CachingGetSpaceUsed (CachingGetSpaceUsed.java:run(183)) - Thread Interrupted waiting to refresh disk information: sleep interrupted
2019-11-15 20:18:22,240 [main] INFO  utils.BackgroundService (BackgroundService.java:shutdown(151)) - Shutting down service BlockDeletingService
2019-11-15 20:18:22,243 [main] INFO  statemachine.DatanodeStateMachine (DatanodeStateMachine.java:stopDaemon(400)) - Ozone container server stopped.
2019-11-15 20:18:22,247 [main] INFO  handler.ContextHandler (ContextHandler.java:doStop(910)) - Stopped o.e.j.w.WebAppContext@5a13fcf3{/,null,UNAVAILABLE}{/hddsDatanode}
2019-11-15 20:18:22,248 [main] INFO  server.AbstractConnector (AbstractConnector.java:doStop(318)) - Stopped ServerConnector@250b5e5b{HTTP/1.1,[http/1.1]}{0.0.0.0:0}
2019-11-15 20:18:22,248 [main] INFO  handler.ContextHandler (ContextHandler.java:doStop(910)) - Stopped o.e.j.s.ServletContextHandler@6963b88c{/static,jar:file:/home/user/.m2/repository/org/apache/hadoop/hadoop-hdds-container-service/0.5.0-SNAPSHOT/hadoop-hdds-container-service-0.5.0-SNAPSHOT.jar!/webapps/static,UNAVAILABLE}
2019-11-15 20:18:22,248 [main] INFO  handler.ContextHandler (ContextHandler.java:doStop(910)) - Stopped o.e.j.s.ServletContextHandler@2fbe26da{/logs,file:///workdir/hadoop-ozone/integration-test/target/log,UNAVAILABLE}
2019-11-15 20:18:22,339 [ede53ce7-e9c4-4a5f-842c-51dc9db012c0@group-AED6481E285D-StateMachineUpdater] INFO  ratis.ContainerStateMachine (ContainerStateMachine.java:takeSnapshot(296)) - group-AED6481E285D: Finished taking a snapshot at:(t:3, i:6) file:/workdir/hadoop-ozone/integration-test/target/test-dir/MiniOzoneClusterImpl-cd14858e-7fd2-404c-93a1-487d1243ff76/datanode-0/data/ratis/56898cc3-d283-4414-a679-aed6481e285d/sm/snapshot.3_6 time:235
2019-11-15 20:18:22,339 [ede53ce7-e9c4-4a5f-842c-51dc9db012c0@group-AED6481E285D-StateMachineUpdater] INFO  impl.StateMachineUpdater (StateMachineUpdater.java:takeSnapshot(269)) - ede53ce7-e9c4-4a5f-842c-51dc9db012c0@group-AED6481E285D-StateMachineUpdater: Took a snapshot at index 6
2019-11-15 20:18:22,339 [ede53ce7-e9c4-4a5f-842c-51dc9db012c0@group-AED6481E285D-StateMachineUpdater] INFO  impl.StateMachineUpdater (StateMachineUpdater.java:lambda$new$0(84)) - ede53ce7-e9c4-4a5f-842c-51dc9db012c0@group-AED6481E285D-StateMachineUpdater: snapshotIndex: updateIncreasingly -1 -> 6
2019-11-15 20:18:22,340 [ForkJoinPool.commonPool-worker-1] INFO  impl.RaftServerImpl (ServerState.java:close(387)) - ede53ce7-e9c4-4a5f-842c-51dc9db012c0@group-AED6481E285D: closes. applyIndex: 6
2019-11-15 20:18:22,340 [ede53ce7-e9c4-4a5f-842c-51dc9db012c0@group-AED6481E285D-SegmentedRaftLogWorker] INFO  segmented.SegmentedRaftLogWorker (SegmentedRaftLogWorker.java:run(316)) - ede53ce7-e9c4-4a5f-842c-51dc9db012c0@group-AED6481E285D-SegmentedRaftLogWorker was interrupted, exiting. There are 0 tasks remaining in the queue.
2019-11-15 20:18:22,340 [ForkJoinPool.commonPool-worker-1] INFO  segmented.SegmentedRaftLogWorker (SegmentedRaftLogWorker.java:close(224)) - ede53ce7-e9c4-4a5f-842c-51dc9db012c0@group-AED6481E285D-SegmentedRaftLogWorker close()
2019-11-15 20:18:22,341 [ForkJoinPool.commonPool-worker-1] INFO  impl.RaftServerImpl (RaftServerImpl.java:lambda$shutdown$3(250)) - ede53ce7-e9c4-4a5f-842c-51dc9db012c0@group-3E72D5816571: shutdown
2019-11-15 20:18:22,341 [ForkJoinPool.commonPool-worker-1] INFO  util.JmxRegister (JmxRegister.java:unregister(73)) - Successfully un-registered JMX Bean with object name Ratis:service=RaftServer,group=group-3E72D5816571,id=ede53ce7-e9c4-4a5f-842c-51dc9db012c0
2019-11-15 20:18:22,341 [ForkJoinPool.commonPool-worker-1] INFO  impl.RoleInfo (RoleInfo.java:shutdownLeaderState(104)) - ede53ce7-e9c4-4a5f-842c-51dc9db012c0: shutdown LeaderState
2019-11-15 20:18:22,342 [ForkJoinPool.commonPool-worker-1] INFO  impl.PendingRequests (PendingRequests.java:sendNotLeaderResponses(206)) - ede53ce7-e9c4-4a5f-842c-51dc9db012c0@group-3E72D5816571-PendingRequests: sendNotLeaderResponses
2019-11-15 20:18:22,342 [ForkJoinPool.commonPool-worker-1] INFO  impl.StateMachineUpdater (StateMachineUpdater.java:stopAndJoin(136)) - ede53ce7-e9c4-4a5f-842c-51dc9db012c0@group-3E72D5816571-StateMachineUpdater: set stopIndex = 0
2019-11-15 20:18:22,362 [ForkJoinPool.commonPool-worker-1] INFO  impl.RaftServerImpl (ServerState.java:close(387)) - ede53ce7-e9c4-4a5f-842c-51dc9db012c0@group-3E72D5816571: closes. applyIndex: 0
2019-11-15 20:18:22,362 [ede53ce7-e9c4-4a5f-842c-51dc9db012c0@group-3E72D5816571-SegmentedRaftLogWorker] INFO  segmented.SegmentedRaftLogWorker (SegmentedRaftLogWorker.java:run(316)) - ede53ce7-e9c4-4a5f-842c-51dc9db012c0@group-3E72D5816571-SegmentedRaftLogWorker was interrupted, exiting. There are 0 tasks remaining in the queue.
2019-11-15 20:18:22,372 [ForkJoinPool.commonPool-worker-1] INFO  segmented.SegmentedRaftLogWorker (SegmentedRaftLogWorker.java:close(224)) - ede53ce7-e9c4-4a5f-842c-51dc9db012c0@group-3E72D5816571-SegmentedRaftLogWorker close()
2019-11-15 20:18:22,373 [ForkJoinPool.commonPool-worker-1] INFO  server.GrpcService (GrpcService.java:closeImpl(164)) - ede53ce7-e9c4-4a5f-842c-51dc9db012c0: shutdown server with port 43422 now
2019-11-15 20:18:22,374 [ForkJoinPool.commonPool-worker-1] INFO  server.GrpcService (GrpcService.java:closeImpl(172)) - ede53ce7-e9c4-4a5f-842c-51dc9db012c0: shutdown server with port 43422 successfully
2019-11-15 20:18:22,374 [grpc-default-executor-0] WARN  server.GrpcLogAppender (LogUtils.java:warn(134)) - 278d11c8-d2e3-4654-bbf4-54dbcf402594@group-AED6481E285D->ede53ce7-e9c4-4a5f-842c-51dc9db012c0-AppendLogResponseHandler: Failed appendEntries: org.apache.ratis.thirdparty.io.grpc.StatusRuntimeException: CANCELLED: HTTP/2 error code: CANCEL
Received Rst Stream
2019-11-15 20:18:22,375 [grpc-default-executor-4] WARN  server.GrpcServerProtocolService (LogUtils.java:warn(134)) - ede53ce7-e9c4-4a5f-842c-51dc9db012c0: installSnapshot onError, lastRequest: 278d11c8-d2e3-4654-bbf4-54dbcf402594->ede53ce7-e9c4-4a5f-842c-51dc9db012c0#48-t3, previous=(t:3, i:6), leaderCommit=6, initializing? false, entries: <empty>: org.apache.ratis.thirdparty.io.grpc.StatusRuntimeException: CANCELLED: cancelled before receiving half close
2019-11-15 20:18:22,376 [grpc-default-executor-0] INFO  impl.FollowerInfo (FollowerInfo.java:lambda$new$0(51)) - 278d11c8-d2e3-4654-bbf4-54dbcf402594@group-AED6481E285D->ede53ce7-e9c4-4a5f-842c-51dc9db012c0: nextIndex: updateUnconditionally 7 -> 6
2019-11-15 20:18:22,377 [refreshUsed-/workdir/hadoop-ozone/integration-test/target/test-dir/MiniOzoneClusterImpl-cd14858e-7fd2-404c-93a1-487d1243ff76/datanode-0/data/containers] WARN  fs.CachingGetSpaceUsed (CachingGetSpaceUsed.java:run(183)) - Thread Interrupted waiting to refresh disk information: sleep interrupted
2019-11-15 20:18:22,388 [ForkJoinPool.commonPool-worker-1] INFO  utils.BackgroundService (BackgroundService.java:shutdown(151)) - Shutting down service BlockDeletingService
2019-11-15 20:18:22,390 [ForkJoinPool.commonPool-worker-1] INFO  statemachine.DatanodeStateMachine (DatanodeStateMachine.java:stopDaemon(400)) - Ozone container server stopped.
2019-11-15 20:18:22,392 [ForkJoinPool.commonPool-worker-1] INFO  handler.ContextHandler (ContextHandler.java:doStop(910)) - Stopped o.e.j.w.WebAppContext@11d045b4{/,null,UNAVAILABLE}{/hddsDatanode}
2019-11-15 20:18:22,392 [ForkJoinPool.commonPool-worker-1] INFO  server.AbstractConnector (AbstractConnector.java:doStop(318)) - Stopped ServerConnector@1fbf088b{HTTP/1.1,[http/1.1]}{0.0.0.0:0}
2019-11-15 20:18:22,393 [ForkJoinPool.commonPool-worker-1] INFO  handler.ContextHandler (ContextHandler.java:doStop(910)) - Stopped o.e.j.s.ServletContextHandler@7d97e06c{/static,jar:file:/home/user/.m2/repository/org/apache/hadoop/hadoop-hdds-container-service/0.5.0-SNAPSHOT/hadoop-hdds-container-service-0.5.0-SNAPSHOT.jar!/webapps/static,UNAVAILABLE}
2019-11-15 20:18:22,393 [ForkJoinPool.commonPool-worker-1] INFO  handler.ContextHandler (ContextHandler.java:doStop(910)) - Stopped o.e.j.s.ServletContextHandler@6680f714{/logs,file:///workdir/hadoop-ozone/integration-test/target/log,UNAVAILABLE}
2019-11-15 20:18:22,393 [grpc-default-executor-1] WARN  server.GrpcLogAppender (LogUtils.java:warn(134)) - 278d11c8-d2e3-4654-bbf4-54dbcf402594@group-AED6481E285D->1acd8ba6-dda5-4cb5-b2f0-bb88a33d5541-AppendLogResponseHandler: Failed appendEntries: org.apache.ratis.thirdparty.io.grpc.StatusRuntimeException: UNAVAILABLE: io exception
2019-11-15 20:18:22,394 [grpc-default-executor-1] INFO  impl.FollowerInfo (FollowerInfo.java:lambda$new$0(51)) - 278d11c8-d2e3-4654-bbf4-54dbcf402594@group-AED6481E285D->1acd8ba6-dda5-4cb5-b2f0-bb88a33d5541: nextIndex: updateUnconditionally 0 -> 0
2019-11-15 20:18:22,445 [grpc-default-executor-1] WARN  server.GrpcLogAppender (LogUtils.java:warn(134)) - 278d11c8-d2e3-4654-bbf4-54dbcf402594@group-AED6481E285D->ede53ce7-e9c4-4a5f-842c-51dc9db012c0-AppendLogResponseHandler: Failed appendEntries: org.apache.ratis.thirdparty.io.grpc.StatusRuntimeException: UNAVAILABLE: io exception
2019-11-15 20:18:22,446 [grpc-default-executor-1] INFO  impl.FollowerInfo (FollowerInfo.java:lambda$new$0(51)) - 278d11c8-d2e3-4654-bbf4-54dbcf402594@group-AED6481E285D->ede53ce7-e9c4-4a5f-842c-51dc9db012c0: nextIndex: updateUnconditionally 6 -> 5
2019-11-15 20:18:22,724 [Datanode State Machine Thread - 0] INFO  statemachine.DatanodeStateMachine (DatanodeStateMachine.java:lambda$startDaemon$0(355)) - Ozone container server started.
2019-11-15 20:18:22,894 [grpc-default-executor-1] WARN  server.GrpcLogAppender (LogUtils.java:warn(134)) - 278d11c8-d2e3-4654-bbf4-54dbcf402594@group-AED6481E285D->1acd8ba6-dda5-4cb5-b2f0-bb88a33d5541-AppendLogResponseHandler: Failed appendEntries: org.apache.ratis.thirdparty.io.grpc.StatusRuntimeException: UNAVAILABLE: io exception
2019-11-15 20:18:22,894 [grpc-default-executor-1] INFO  impl.FollowerInfo (FollowerInfo.java:lambda$new$0(51)) - 278d11c8-d2e3-4654-bbf4-54dbcf402594@group-AED6481E285D->1acd8ba6-dda5-4cb5-b2f0-bb88a33d5541: nextIndex: updateUnconditionally 0 -> 0
2019-11-15 20:18:22,945 [grpc-default-executor-1] WARN  server.GrpcLogAppender (LogUtils.java:warn(134)) - 278d11c8-d2e3-4654-bbf4-54dbcf402594@group-AED6481E285D->ede53ce7-e9c4-4a5f-842c-51dc9db012c0-AppendLogResponseHandler: Failed appendEntries: org.apache.ratis.thirdparty.io.grpc.StatusRuntimeException: UNAVAILABLE: io exception
2019-11-15 20:18:22,946 [grpc-default-executor-1] INFO  impl.FollowerInfo (FollowerInfo.java:lambda$new$0(51)) - 278d11c8-d2e3-4654-bbf4-54dbcf402594@group-AED6481E285D->ede53ce7-e9c4-4a5f-842c-51dc9db012c0: nextIndex: updateUnconditionally 5 -> 4
2019-11-15 20:18:23,300 [Datanode State Machine Thread - 0] INFO  statemachine.DatanodeStateMachine (DatanodeStateMachine.java:lambda$startDaemon$0(355)) - Ozone container server started.
2019-11-15 20:18:23,395 [grpc-default-executor-1] WARN  server.GrpcLogAppender (LogUtils.java:warn(134)) - 278d11c8-d2e3-4654-bbf4-54dbcf402594@group-AED6481E285D->1acd8ba6-dda5-4cb5-b2f0-bb88a33d5541-AppendLogResponseHandler: Failed appendEntries: org.apache.ratis.thirdparty.io.grpc.StatusRuntimeException: UNAVAILABLE: io exception
2019-11-15 20:18:23,395 [grpc-default-executor-1] INFO  impl.FollowerInfo (FollowerInfo.java:lambda$new$0(51)) - 278d11c8-d2e3-4654-bbf4-54dbcf402594@group-AED6481E285D->1acd8ba6-dda5-4cb5-b2f0-bb88a33d5541: nextIndex: updateUnconditionally 0 -> 0
2019-11-15 20:18:23,446 [grpc-default-executor-0] WARN  server.GrpcLogAppender (LogUtils.java:warn(134)) - 278d11c8-d2e3-4654-bbf4-54dbcf402594@group-AED6481E285D->ede53ce7-e9c4-4a5f-842c-51dc9db012c0-AppendLogResponseHandler: Failed appendEntries: org.apache.ratis.thirdparty.io.grpc.StatusRuntimeException: UNAVAILABLE: io exception
2019-11-15 20:18:23,446 [grpc-default-executor-0] INFO  impl.FollowerInfo (FollowerInfo.java:lambda$new$0(51)) - 278d11c8-d2e3-4654-bbf4-54dbcf402594@group-AED6481E285D->ede53ce7-e9c4-4a5f-842c-51dc9db012c0: nextIndex: updateUnconditionally 4 -> 3
2019-11-15 20:18:23,895 [grpc-default-executor-4] WARN  server.GrpcLogAppender (LogUtils.java:warn(134)) - 278d11c8-d2e3-4654-bbf4-54dbcf402594@group-AED6481E285D->1acd8ba6-dda5-4cb5-b2f0-bb88a33d5541-AppendLogResponseHandler: Failed appendEntries: org.apache.ratis.thirdparty.io.grpc.StatusRuntimeException: UNAVAILABLE: io exception
2019-11-15 20:18:23,896 [grpc-default-executor-4] INFO  impl.FollowerInfo (FollowerInfo.java:lambda$new$0(51)) - 278d11c8-d2e3-4654-bbf4-54dbcf402594@group-AED6481E285D->1acd8ba6-dda5-4cb5-b2f0-bb88a33d5541: nextIndex: updateUnconditionally 0 -> 0
2019-11-15 20:18:23,947 [grpc-default-executor-4] WARN  server.GrpcLogAppender (LogUtils.java:warn(134)) - 278d11c8-d2e3-4654-bbf4-54dbcf402594@group-AED6481E285D->ede53ce7-e9c4-4a5f-842c-51dc9db012c0-AppendLogResponseHandler: Failed appendEntries: org.apache.ratis.thirdparty.io.grpc.StatusRuntimeException: UNAVAILABLE: io exception
2019-11-15 20:18:23,947 [grpc-default-executor-4] INFO  impl.FollowerInfo (FollowerInfo.java:lambda$new$0(51)) - 278d11c8-d2e3-4654-bbf4-54dbcf402594@group-AED6481E285D->ede53ce7-e9c4-4a5f-842c-51dc9db012c0: nextIndex: updateUnconditionally 3 -> 2
2019-11-15 20:18:24,396 [grpc-default-executor-4] WARN  server.GrpcLogAppender (LogUtils.java:warn(134)) - 278d11c8-d2e3-4654-bbf4-54dbcf402594@group-AED6481E285D->1acd8ba6-dda5-4cb5-b2f0-bb88a33d5541-AppendLogResponseHandler: Failed appendEntries: org.apache.ratis.thirdparty.io.grpc.StatusRuntimeException: UNAVAILABLE: io exception
2019-11-15 20:18:24,396 [grpc-default-executor-4] INFO  impl.FollowerInfo (FollowerInfo.java:lambda$new$0(51)) - 278d11c8-d2e3-4654-bbf4-54dbcf402594@group-AED6481E285D->1acd8ba6-dda5-4cb5-b2f0-bb88a33d5541: nextIndex: updateUnconditionally 0 -> 0
2019-11-15 20:18:24,447 [grpc-default-executor-0] WARN  server.GrpcLogAppender (LogUtils.java:warn(134)) - 278d11c8-d2e3-4654-bbf4-54dbcf402594@group-AED6481E285D->ede53ce7-e9c4-4a5f-842c-51dc9db012c0-AppendLogResponseHandler: Failed appendEntries: org.apache.ratis.thirdparty.io.grpc.StatusRuntimeException: UNAVAILABLE: io exception
2019-11-15 20:18:24,447 [grpc-default-executor-0] INFO  impl.FollowerInfo (FollowerInfo.java:lambda$new$0(51)) - 278d11c8-d2e3-4654-bbf4-54dbcf402594@group-AED6481E285D->ede53ce7-e9c4-4a5f-842c-51dc9db012c0: nextIndex: updateUnconditionally 2 -> 1
2019-11-15 20:18:24,896 [grpc-default-executor-0] WARN  server.GrpcLogAppender (LogUtils.java:warn(134)) - 278d11c8-d2e3-4654-bbf4-54dbcf402594@group-AED6481E285D->1acd8ba6-dda5-4cb5-b2f0-bb88a33d5541-AppendLogResponseHandler: Failed appendEntries: org.apache.ratis.thirdparty.io.grpc.StatusRuntimeException: UNAVAILABLE: io exception
2019-11-15 20:18:24,897 [grpc-default-executor-0] INFO  impl.FollowerInfo (FollowerInfo.java:lambda$new$0(51)) - 278d11c8-d2e3-4654-bbf4-54dbcf402594@group-AED6481E285D->1acd8ba6-dda5-4cb5-b2f0-bb88a33d5541: nextIndex: updateUnconditionally 0 -> 0
2019-11-15 20:18:24,948 [grpc-default-executor-4] WARN  server.GrpcLogAppender (LogUtils.java:warn(134)) - 278d11c8-d2e3-4654-bbf4-54dbcf402594@group-AED6481E285D->ede53ce7-e9c4-4a5f-842c-51dc9db012c0-AppendLogResponseHandler: Failed appendEntries: org.apache.ratis.thirdparty.io.grpc.StatusRuntimeException: UNAVAILABLE: io exception
2019-11-15 20:18:24,948 [grpc-default-executor-4] INFO  impl.FollowerInfo (FollowerInfo.java:lambda$new$0(51)) - 278d11c8-d2e3-4654-bbf4-54dbcf402594@group-AED6481E285D->ede53ce7-e9c4-4a5f-842c-51dc9db012c0: nextIndex: updateUnconditionally 1 -> 0
2019-11-15 20:18:25,397 [grpc-default-executor-0] WARN  server.GrpcLogAppender (LogUtils.java:warn(134)) - 278d11c8-d2e3-4654-bbf4-54dbcf402594@group-AED6481E285D->1acd8ba6-dda5-4cb5-b2f0-bb88a33d5541-AppendLogResponseHandler: Failed appendEntries: org.apache.ratis.thirdparty.io.grpc.StatusRuntimeException: UNAVAILABLE: io exception
2019-11-15 20:18:25,398 [grpc-default-executor-0] INFO  impl.FollowerInfo (FollowerInfo.java:lambda$new$0(51)) - 278d11c8-d2e3-4654-bbf4-54dbcf402594@group-AED6481E285D->1acd8ba6-dda5-4cb5-b2f0-bb88a33d5541: nextIndex: updateUnconditionally 0 -> 0
2019-11-15 20:18:25,448 [grpc-default-executor-0] WARN  server.GrpcLogAppender (LogUtils.java:warn(134)) - 278d11c8-d2e3-4654-bbf4-54dbcf402594@group-AED6481E285D->ede53ce7-e9c4-4a5f-842c-51dc9db012c0-AppendLogResponseHandler: Failed appendEntries: org.apache.ratis.thirdparty.io.grpc.StatusRuntimeException: UNAVAILABLE: io exception
2019-11-15 20:18:25,449 [grpc-default-executor-0] INFO  impl.FollowerInfo (FollowerInfo.java:lambda$new$0(51)) - 278d11c8-d2e3-4654-bbf4-54dbcf402594@group-AED6481E285D->ede53ce7-e9c4-4a5f-842c-51dc9db012c0: nextIndex: updateUnconditionally 0 -> 0
2019-11-15 20:18:25,897 [grpc-default-executor-4] WARN  server.GrpcLogAppender (LogUtils.java:warn(134)) - 278d11c8-d2e3-4654-bbf4-54dbcf402594@group-AED6481E285D->1acd8ba6-dda5-4cb5-b2f0-bb88a33d5541-AppendLogResponseHandler: Failed appendEntries: org.apache.ratis.thirdparty.io.grpc.StatusRuntimeException: UNAVAILABLE: io exception
2019-11-15 20:18:25,898 [grpc-default-executor-4] INFO  impl.FollowerInfo (FollowerInfo.java:lambda$new$0(51)) - 278d11c8-d2e3-4654-bbf4-54dbcf402594@group-AED6481E285D->1acd8ba6-dda5-4cb5-b2f0-bb88a33d5541: nextIndex: updateUnconditionally 0 -> 0
2019-11-15 20:18:25,949 [grpc-default-executor-0] WARN  server.GrpcLogAppender (LogUtils.java:warn(134)) - 278d11c8-d2e3-4654-bbf4-54dbcf402594@group-AED6481E285D->ede53ce7-e9c4-4a5f-842c-51dc9db012c0-AppendLogResponseHandler: Failed appendEntries: org.apache.ratis.thirdparty.io.grpc.StatusRuntimeException: UNAVAILABLE: io exception
2019-11-15 20:18:25,949 [grpc-default-executor-0] INFO  impl.FollowerInfo (FollowerInfo.java:lambda$new$0(51)) - 278d11c8-d2e3-4654-bbf4-54dbcf402594@group-AED6481E285D->ede53ce7-e9c4-4a5f-842c-51dc9db012c0: nextIndex: updateUnconditionally 0 -> 0
2019-11-15 20:18:26,398 [grpc-default-executor-1] WARN  server.GrpcLogAppender (LogUtils.java:warn(134)) - 278d11c8-d2e3-4654-bbf4-54dbcf402594@group-AED6481E285D->1acd8ba6-dda5-4cb5-b2f0-bb88a33d5541-AppendLogResponseHandler: Failed appendEntries: org.apache.ratis.thirdparty.io.grpc.StatusRuntimeException: UNAVAILABLE: io exception
2019-11-15 20:18:26,399 [grpc-default-executor-1] INFO  impl.FollowerInfo (FollowerInfo.java:lambda$new$0(51)) - 278d11c8-d2e3-4654-bbf4-54dbcf402594@group-AED6481E285D->1acd8ba6-dda5-4cb5-b2f0-bb88a33d5541: nextIndex: updateUnconditionally 0 -> 0
2019-11-15 20:18:26,450 [grpc-default-executor-4] WARN  server.GrpcLogAppender (LogUtils.java:warn(134)) - 278d11c8-d2e3-4654-bbf4-54dbcf402594@group-AED6481E285D->ede53ce7-e9c4-4a5f-842c-51dc9db012c0-AppendLogResponseHandler: Failed appendEntries: org.apache.ratis.thirdparty.io.grpc.StatusRuntimeException: UNAVAILABLE: io exception
2019-11-15 20:18:26,450 [grpc-default-executor-4] INFO  impl.FollowerInfo (FollowerInfo.java:lambda$new$0(51)) - 278d11c8-d2e3-4654-bbf4-54dbcf402594@group-AED6481E285D->ede53ce7-e9c4-4a5f-842c-51dc9db012c0: nextIndex: updateUnconditionally 0 -> 0
2019-11-15 20:18:26,900 [grpc-default-executor-0] WARN  server.GrpcLogAppender (LogUtils.java:warn(134)) - 278d11c8-d2e3-4654-bbf4-54dbcf402594@group-AED6481E285D->1acd8ba6-dda5-4cb5-b2f0-bb88a33d5541-AppendLogResponseHandler: Failed appendEntries: org.apache.ratis.thirdparty.io.grpc.StatusRuntimeException: UNAVAILABLE: io exception
2019-11-15 20:18:26,900 [grpc-default-executor-0] INFO  impl.FollowerInfo (FollowerInfo.java:lambda$new$0(51)) - 278d11c8-d2e3-4654-bbf4-54dbcf402594@group-AED6481E285D->1acd8ba6-dda5-4cb5-b2f0-bb88a33d5541: nextIndex: updateUnconditionally 0 -> 0
2019-11-15 20:18:26,950 [grpc-default-executor-0] WARN  server.GrpcLogAppender (LogUtils.java:warn(134)) - 278d11c8-d2e3-4654-bbf4-54dbcf402594@group-AED6481E285D->ede53ce7-e9c4-4a5f-842c-51dc9db012c0-AppendLogResponseHandler: Failed appendEntries: org.apache.ratis.thirdparty.io.grpc.StatusRuntimeException: UNAVAILABLE: io exception
2019-11-15 20:18:26,950 [grpc-default-executor-0] INFO  impl.FollowerInfo (FollowerInfo.java:lambda$new$0(51)) - 278d11c8-d2e3-4654-bbf4-54dbcf402594@group-AED6481E285D->ede53ce7-e9c4-4a5f-842c-51dc9db012c0: nextIndex: updateUnconditionally 0 -> 0
2019-11-15 20:18:27,250 [main] INFO  ozoneimpl.OzoneContainer (OzoneContainer.java:stop(244)) - Attempting to stop container services.
2019-11-15 20:18:27,250 [main] INFO  impl.RaftServerProxy (RaftServerProxy.java:lambda$close$4(314)) - 290dafba-a54e-4701-973a-40c4cf36477d: close
2019-11-15 20:18:27,251 [main] INFO  impl.RaftServerImpl (RaftServerImpl.java:lambda$shutdown$3(250)) - 290dafba-a54e-4701-973a-40c4cf36477d@group-9369D2C5A8AF: shutdown
2019-11-15 20:18:27,251 [main] INFO  util.JmxRegister (JmxRegister.java:unregister(73)) - Successfully un-registered JMX Bean with object name Ratis:service=RaftServer,group=group-9369D2C5A8AF,id=290dafba-a54e-4701-973a-40c4cf36477d
2019-11-15 20:18:27,251 [main] INFO  impl.RoleInfo (RoleInfo.java:shutdownLeaderState(104)) - 290dafba-a54e-4701-973a-40c4cf36477d: shutdown LeaderState
2019-11-15 20:18:27,251 [main] INFO  impl.PendingRequests (PendingRequests.java:sendNotLeaderResponses(206)) - 290dafba-a54e-4701-973a-40c4cf36477d@group-9369D2C5A8AF-PendingRequests: sendNotLeaderResponses
2019-11-15 20:18:27,252 [main] INFO  impl.StateMachineUpdater (StateMachineUpdater.java:stopAndJoin(136)) - 290dafba-a54e-4701-973a-40c4cf36477d@group-9369D2C5A8AF-StateMachineUpdater: set stopIndex = 0
2019-11-15 20:18:27,278 [main] INFO  impl.RaftServerImpl (ServerState.java:close(387)) - 290dafba-a54e-4701-973a-40c4cf36477d@group-9369D2C5A8AF: closes. applyIndex: 0
2019-11-15 20:18:27,279 [290dafba-a54e-4701-973a-40c4cf36477d@group-9369D2C5A8AF-SegmentedRaftLogWorker] INFO  segmented.SegmentedRaftLogWorker (SegmentedRaftLogWorker.java:run(316)) - 290dafba-a54e-4701-973a-40c4cf36477d@group-9369D2C5A8AF-SegmentedRaftLogWorker was interrupted, exiting. There are 0 tasks remaining in the queue.
2019-11-15 20:18:27,279 [main] INFO  segmented.SegmentedRaftLogWorker (SegmentedRaftLogWorker.java:close(224)) - 290dafba-a54e-4701-973a-40c4cf36477d@group-9369D2C5A8AF-SegmentedRaftLogWorker close()
2019-11-15 20:18:27,279 [main] INFO  server.GrpcService (GrpcService.java:closeImpl(164)) - 290dafba-a54e-4701-973a-40c4cf36477d: shutdown server with port 33749 now
2019-11-15 20:18:27,281 [main] INFO  server.GrpcService (GrpcService.java:closeImpl(172)) - 290dafba-a54e-4701-973a-40c4cf36477d: shutdown server with port 33749 successfully
2019-11-15 20:18:27,282 [refreshUsed-/workdir/hadoop-ozone/integration-test/target/test-dir/MiniOzoneClusterImpl-cd14858e-7fd2-404c-93a1-487d1243ff76/datanode-7/data/containers] WARN  fs.CachingGetSpaceUsed (CachingGetSpaceUsed.java:run(183)) - Thread Interrupted waiting to refresh disk information: sleep interrupted
2019-11-15 20:18:27,294 [main] INFO  utils.BackgroundService (BackgroundService.java:shutdown(151)) - Shutting down service BlockDeletingService
2019-11-15 20:18:27,295 [main] INFO  statemachine.DatanodeStateMachine (DatanodeStateMachine.java:stopDaemon(400)) - Ozone container server stopped.
2019-11-15 20:18:27,296 [main] INFO  handler.ContextHandler (ContextHandler.java:doStop(910)) - Stopped o.e.j.w.WebAppContext@7b5b5bfe{/,null,UNAVAILABLE}{/hddsDatanode}
2019-11-15 20:18:27,297 [main] INFO  server.AbstractConnector (AbstractConnector.java:doStop(318)) - Stopped ServerConnector@74834afd{HTTP/1.1,[http/1.1]}{0.0.0.0:0}
2019-11-15 20:18:27,297 [main] INFO  handler.ContextHandler (ContextHandler.java:doStop(910)) - Stopped o.e.j.s.ServletContextHandler@399ca607{/static,jar:file:/home/user/.m2/repository/org/apache/hadoop/hadoop-hdds-container-service/0.5.0-SNAPSHOT/hadoop-hdds-container-service-0.5.0-SNAPSHOT.jar!/webapps/static,UNAVAILABLE}
2019-11-15 20:18:27,297 [main] INFO  handler.ContextHandler (ContextHandler.java:doStop(910)) - Stopped o.e.j.s.ServletContextHandler@4cffcc61{/logs,file:///workdir/hadoop-ozone/integration-test/target/log,UNAVAILABLE}
2019-11-15 20:18:27,394 [ForkJoinPool.commonPool-worker-1] INFO  ozoneimpl.OzoneContainer (OzoneContainer.java:stop(244)) - Attempting to stop container services.
2019-11-15 20:18:27,394 [ForkJoinPool.commonPool-worker-1] INFO  impl.RaftServerProxy (RaftServerProxy.java:lambda$close$4(314)) - 278d11c8-d2e3-4654-bbf4-54dbcf402594: close
2019-11-15 20:18:27,395 [ForkJoinPool.commonPool-worker-1] INFO  impl.RaftServerImpl (RaftServerImpl.java:lambda$shutdown$3(250)) - 278d11c8-d2e3-4654-bbf4-54dbcf402594@group-AED6481E285D: shutdown
2019-11-15 20:18:27,395 [ForkJoinPool.commonPool-worker-1] INFO  util.JmxRegister (JmxRegister.java:unregister(73)) - Successfully un-registered JMX Bean with object name Ratis:service=RaftServer,group=group-AED6481E285D,id=278d11c8-d2e3-4654-bbf4-54dbcf402594
2019-11-15 20:18:27,395 [ForkJoinPool.commonPool-worker-1] INFO  impl.RoleInfo (RoleInfo.java:shutdownLeaderState(104)) - 278d11c8-d2e3-4654-bbf4-54dbcf402594: shutdown LeaderState
2019-11-15 20:18:27,396 [ForkJoinPool.commonPool-worker-1] INFO  impl.PendingRequests (PendingRequests.java:sendNotLeaderResponses(206)) - 278d11c8-d2e3-4654-bbf4-54dbcf402594@group-AED6481E285D-PendingRequests: sendNotLeaderResponses
2019-11-15 20:18:27,396 [org.apache.ratis.server.impl.LogAppender$AppenderDaemon$$Lambda$442/633709551@1a5559d] WARN  server.GrpcLogAppender (GrpcLogAppender.java:mayWait(151)) - 278d11c8-d2e3-4654-bbf4-54dbcf402594@group-AED6481E285D->1acd8ba6-dda5-4cb5-b2f0-bb88a33d5541-GrpcLogAppender: Wait interrupted by java.lang.InterruptedException
2019-11-15 20:18:27,396 [org.apache.ratis.server.impl.LogAppender$AppenderDaemon$$Lambda$442/633709551@44a7cbcd] WARN  server.GrpcLogAppender (GrpcLogAppender.java:mayWait(151)) - 278d11c8-d2e3-4654-bbf4-54dbcf402594@group-AED6481E285D->ede53ce7-e9c4-4a5f-842c-51dc9db012c0-GrpcLogAppender: Wait interrupted by java.lang.InterruptedException
2019-11-15 20:18:27,398 [ForkJoinPool.commonPool-worker-1] INFO  impl.StateMachineUpdater (StateMachineUpdater.java:stopAndJoin(136)) - 278d11c8-d2e3-4654-bbf4-54dbcf402594@group-AED6481E285D-StateMachineUpdater: set stopIndex = 6
2019-11-15 20:18:27,398 [278d11c8-d2e3-4654-bbf4-54dbcf402594@group-AED6481E285D-StateMachineUpdater] INFO  ratis.ContainerStateMachine (ContainerStateMachine.java:takeSnapshot(285)) - group-AED6481E285D: Taking a snapshot at:(t:3, i:6) file /workdir/hadoop-ozone/integration-test/target/test-dir/MiniOzoneClusterImpl-cd14858e-7fd2-404c-93a1-487d1243ff76/datanode-1/data/ratis/56898cc3-d283-4414-a679-aed6481e285d/sm/snapshot.3_6
2019-11-15 20:18:27,854 [278d11c8-d2e3-4654-bbf4-54dbcf402594@group-AED6481E285D-StateMachineUpdater] INFO  ratis.ContainerStateMachine (ContainerStateMachine.java:takeSnapshot(296)) - group-AED6481E285D: Finished taking a snapshot at:(t:3, i:6) file:/workdir/hadoop-ozone/integration-test/target/test-dir/MiniOzoneClusterImpl-cd14858e-7fd2-404c-93a1-487d1243ff76/datanode-1/data/ratis/56898cc3-d283-4414-a679-aed6481e285d/sm/snapshot.3_6 time:455
2019-11-15 20:18:27,854 [278d11c8-d2e3-4654-bbf4-54dbcf402594@group-AED6481E285D-StateMachineUpdater] INFO  impl.StateMachineUpdater (StateMachineUpdater.java:takeSnapshot(269)) - 278d11c8-d2e3-4654-bbf4-54dbcf402594@group-AED6481E285D-StateMachineUpdater: Took a snapshot at index 6
2019-11-15 20:18:27,854 [278d11c8-d2e3-4654-bbf4-54dbcf402594@group-AED6481E285D-StateMachineUpdater] INFO  impl.StateMachineUpdater (StateMachineUpdater.java:lambda$new$0(84)) - 278d11c8-d2e3-4654-bbf4-54dbcf402594@group-AED6481E285D-StateMachineUpdater: snapshotIndex: updateIncreasingly -1 -> 6
2019-11-15 20:18:27,854 [ForkJoinPool.commonPool-worker-1] INFO  impl.RaftServerImpl (ServerState.java:close(387)) - 278d11c8-d2e3-4654-bbf4-54dbcf402594@group-AED6481E285D: closes. applyIndex: 6
2019-11-15 20:18:27,855 [278d11c8-d2e3-4654-bbf4-54dbcf402594@group-AED6481E285D-SegmentedRaftLogWorker] INFO  segmented.SegmentedRaftLogWorker (SegmentedRaftLogWorker.java:run(316)) - 278d11c8-d2e3-4654-bbf4-54dbcf402594@group-AED6481E285D-SegmentedRaftLogWorker was interrupted, exiting. There are 0 tasks remaining in the queue.
2019-11-15 20:18:27,868 [ForkJoinPool.commonPool-worker-1] INFO  segmented.SegmentedRaftLogWorker (SegmentedRaftLogWorker.java:close(224)) - 278d11c8-d2e3-4654-bbf4-54dbcf402594@group-AED6481E285D-SegmentedRaftLogWorker close()
2019-11-15 20:18:27,868 [ForkJoinPool.commonPool-worker-1] INFO  impl.RaftServerImpl (RaftServerImpl.java:lambda$shutdown$3(250)) - 278d11c8-d2e3-4654-bbf4-54dbcf402594@group-23FE39ECFB81: shutdown
2019-11-15 20:18:27,869 [ForkJoinPool.commonPool-worker-1] INFO  util.JmxRegister (JmxRegister.java:unregister(73)) - Successfully un-registered JMX Bean with object name Ratis:service=RaftServer,group=group-23FE39ECFB81,id=278d11c8-d2e3-4654-bbf4-54dbcf402594
2019-11-15 20:18:27,869 [ForkJoinPool.commonPool-worker-1] INFO  impl.RoleInfo (RoleInfo.java:shutdownLeaderState(104)) - 278d11c8-d2e3-4654-bbf4-54dbcf402594: shutdown LeaderState
2019-11-15 20:18:27,869 [ForkJoinPool.commonPool-worker-1] INFO  impl.PendingRequests (PendingRequests.java:sendNotLeaderResponses(206)) - 278d11c8-d2e3-4654-bbf4-54dbcf402594@group-23FE39ECFB81-PendingRequests: sendNotLeaderResponses
2019-11-15 20:18:27,869 [ForkJoinPool.commonPool-worker-1] INFO  impl.StateMachineUpdater (StateMachineUpdater.java:stopAndJoin(136)) - 278d11c8-d2e3-4654-bbf4-54dbcf402594@group-23FE39ECFB81-StateMachineUpdater: set stopIndex = 0
2019-11-15 20:18:27,870 [ForkJoinPool.commonPool-worker-1] INFO  impl.RaftServerImpl (ServerState.java:close(387)) - 278d11c8-d2e3-4654-bbf4-54dbcf402594@group-23FE39ECFB81: closes. applyIndex: 0
2019-11-15 20:18:27,870 [278d11c8-d2e3-4654-bbf4-54dbcf402594@group-23FE39ECFB81-SegmentedRaftLogWorker] INFO  segmented.SegmentedRaftLogWorker (SegmentedRaftLogWorker.java:run(316)) - 278d11c8-d2e3-4654-bbf4-54dbcf402594@group-23FE39ECFB81-SegmentedRaftLogWorker was interrupted, exiting. There are 0 tasks remaining in the queue.
2019-11-15 20:18:27,870 [ForkJoinPool.commonPool-worker-1] INFO  segmented.SegmentedRaftLogWorker (SegmentedRaftLogWorker.java:close(224)) - 278d11c8-d2e3-4654-bbf4-54dbcf402594@group-23FE39ECFB81-SegmentedRaftLogWorker close()
2019-11-15 20:18:27,870 [ForkJoinPool.commonPool-worker-1] INFO  server.GrpcService (GrpcService.java:closeImpl(164)) - 278d11c8-d2e3-4654-bbf4-54dbcf402594: shutdown server with port 45680 now
2019-11-15 20:18:27,871 [ForkJoinPool.commonPool-worker-1] INFO  server.GrpcService (GrpcService.java:closeImpl(172)) - 278d11c8-d2e3-4654-bbf4-54dbcf402594: shutdown server with port 45680 successfully
2019-11-15 20:18:27,873 [grpc-default-executor-0] WARN  client.GrpcClientProtocolService (LogUtils.java:warn(134)) - 1-UnorderedRequestStreamObserver1: onError: org.apache.ratis.thirdparty.io.grpc.StatusRuntimeException: CANCELLED: cancelled before receiving half close
2019-11-15 20:18:27,873 [refreshUsed-/workdir/hadoop-ozone/integration-test/target/test-dir/MiniOzoneClusterImpl-cd14858e-7fd2-404c-93a1-487d1243ff76/datanode-1/data/containers] WARN  fs.CachingGetSpaceUsed (CachingGetSpaceUsed.java:run(183)) - Thread Interrupted waiting to refresh disk information: sleep interrupted
2019-11-15 20:18:27,887 [ForkJoinPool.commonPool-worker-1] INFO  utils.BackgroundService (BackgroundService.java:shutdown(151)) - Shutting down service BlockDeletingService
2019-11-15 20:18:27,892 [ForkJoinPool.commonPool-worker-1] INFO  statemachine.DatanodeStateMachine (DatanodeStateMachine.java:stopDaemon(400)) - Ozone container server stopped.
2019-11-15 20:18:27,894 [ForkJoinPool.commonPool-worker-1] INFO  handler.ContextHandler (ContextHandler.java:doStop(910)) - Stopped o.e.j.w.WebAppContext@7134b8a7{/,null,UNAVAILABLE}{/hddsDatanode}
2019-11-15 20:18:27,895 [ForkJoinPool.commonPool-worker-1] INFO  server.AbstractConnector (AbstractConnector.java:doStop(318)) - Stopped ServerConnector@2262d6d5{HTTP/1.1,[http/1.1]}{0.0.0.0:0}
2019-11-15 20:18:27,895 [ForkJoinPool.commonPool-worker-1] INFO  handler.ContextHandler (ContextHandler.java:doStop(910)) - Stopped o.e.j.s.ServletContextHandler@64c781a9{/static,jar:file:/home/user/.m2/repository/org/apache/hadoop/hadoop-hdds-container-service/0.5.0-SNAPSHOT/hadoop-hdds-container-service-0.5.0-SNAPSHOT.jar!/webapps/static,UNAVAILABLE}
2019-11-15 20:18:27,895 [ForkJoinPool.commonPool-worker-1] INFO  handler.ContextHandler (ContextHandler.java:doStop(910)) - Stopped o.e.j.s.ServletContextHandler@4cb702ce{/logs,file:///workdir/hadoop-ozone/integration-test/target/log,UNAVAILABLE}
2019-11-15 20:18:27,896 [main] INFO  ozone.MiniOzoneClusterImpl (MiniOzoneClusterImpl.java:stopSCM(430)) - Stopping the StorageContainerManager
2019-11-15 20:18:27,896 [main] INFO  server.StorageContainerManager (StorageContainerManager.java:stop(804)) - Stopping Replication Manager Service.
2019-11-15 20:18:27,896 [main] INFO  container.ReplicationManager (ReplicationManager.java:stop(203)) - Stopping Replication Monitor Thread.
2019-11-15 20:18:27,896 [main] INFO  server.StorageContainerManager (StorageContainerManager.java:stop(811)) - Stopping Lease Manager of the command watchers
2019-11-15 20:18:27,896 [main] INFO  server.StorageContainerManager (StorageContainerManager.java:stop(818)) - Stopping datanode service RPC server
2019-11-15 20:18:27,896 [main] INFO  server.SCMDatanodeProtocolServer (SCMDatanodeProtocolServer.java:stop(346)) - Stopping the RPC server for DataNodes
2019-11-15 20:18:27,897 [main] INFO  ipc.Server (Server.java:stop(3082)) - Stopping server on 39979
2019-11-15 20:18:27,897 [IPC Server listener on 39979] INFO  ipc.Server (Server.java:run(1185)) - Stopping IPC Server listener on 39979
2019-11-15 20:18:27,898 [IPC Server Responder] INFO  ipc.Server (Server.java:run(1319)) - Stopping IPC Server Responder
2019-11-15 20:18:27,990 [SCM Heartbeat Processing Thread - 0] WARN  node.NodeStateManager (NodeStateManager.java:scheduleNextHealthCheck(646)) - Current Thread is interrupted, shutting down HB processing thread for Node Manager.
2019-11-15 20:18:27,990 [main] INFO  server.StorageContainerManager (StorageContainerManager.java:stop(826)) - Stopping block service RPC server
2019-11-15 20:18:27,990 [main] INFO  server.SCMBlockProtocolServer (SCMBlockProtocolServer.java:stop(155)) - Stopping the RPC server for Block Protocol
2019-11-15 20:18:27,991 [main] INFO  ipc.Server (Server.java:stop(3082)) - Stopping server on 34814
2019-11-15 20:18:27,992 [IPC Server listener on 34814] INFO  ipc.Server (Server.java:run(1185)) - Stopping IPC Server listener on 34814
2019-11-15 20:18:27,992 [main] INFO  server.StorageContainerManager (StorageContainerManager.java:stop(833)) - Stopping the StorageContainerLocationProtocol RPC server
2019-11-15 20:18:27,993 [IPC Server Responder] INFO  ipc.Server (Server.java:run(1319)) - Stopping IPC Server Responder
2019-11-15 20:18:27,993 [main] INFO  server.SCMClientProtocolServer (SCMClientProtocolServer.java:stop(169)) - Stopping the RPC server for Client Protocol
2019-11-15 20:18:27,993 [main] INFO  ipc.Server (Server.java:stop(3082)) - Stopping server on 42052
2019-11-15 20:18:27,994 [IPC Server listener on 42052] INFO  ipc.Server (Server.java:run(1185)) - Stopping IPC Server listener on 42052
2019-11-15 20:18:27,994 [main] INFO  server.StorageContainerManager (StorageContainerManager.java:stop(840)) - Stopping Storage Container Manager HTTP server.
2019-11-15 20:18:27,995 [IPC Server Responder] INFO  ipc.Server (Server.java:run(1319)) - Stopping IPC Server Responder
2019-11-15 20:18:28,003 [main] INFO  handler.ContextHandler (ContextHandler.java:doStop(910)) - Stopped o.e.j.w.WebAppContext@2d85fb64{/,null,UNAVAILABLE}{/scm}
2019-11-15 20:18:28,004 [main] INFO  server.AbstractConnector (AbstractConnector.java:doStop(318)) - Stopped ServerConnector@56476c16{HTTP/1.1,[http/1.1]}{0.0.0.0:0}
2019-11-15 20:18:28,004 [main] INFO  handler.ContextHandler (ContextHandler.java:doStop(910)) - Stopped o.e.j.s.ServletContextHandler@67774e29{/static,file:///workdir/hadoop-ozone/integration-test/target/test-classes/webapps/static,UNAVAILABLE}
2019-11-15 20:18:28,004 [main] INFO  handler.ContextHandler (ContextHandler.java:doStop(910)) - Stopped o.e.j.s.ServletContextHandler@60bb7995{/logs,file:///workdir/hadoop-ozone/integration-test/target/log,UNAVAILABLE}
2019-11-15 20:18:28,005 [main] INFO  server.StorageContainerManager (StorageContainerManager.java:stop(851)) - Stopping Block Manager Service.
2019-11-15 20:18:28,005 [main] INFO  utils.BackgroundService (BackgroundService.java:shutdown(151)) - Shutting down service SCMBlockDeletingService
2019-11-15 20:18:28,005 [main] INFO  utils.BackgroundService (BackgroundService.java:shutdown(151)) - Shutting down service SCMBlockDeletingService
2019-11-15 20:18:28,005 [main] INFO  server.StorageContainerManager (StorageContainerManager.java:stop(873)) - Stopping SCM Event Queue.
2019-11-15 20:18:28,009 [main] INFO  impl.MetricsSystemImpl (MetricsSystemImpl.java:stop(210)) - Stopping HddsDatanode metrics system...
2019-11-15 20:18:28,019 [main] INFO  impl.MetricsSystemImpl (MetricsSystemImpl.java:stop(216)) - HddsDatanode metrics system stopped.
]]></system-out>
    <system-err><![CDATA[Nov 15, 2019 8:18:06 PM org.apache.ratis.thirdparty.io.grpc.internal.SerializingExecutor run
SEVERE: Exception while executing runnable org.apache.ratis.thirdparty.io.grpc.internal.ServerImpl$JumpToApplicationThreadServerStreamListener$1Closed@1b30db9
org.apache.ratis.thirdparty.io.grpc.StatusRuntimeException: CANCELLED: call already cancelled
	at org.apache.ratis.thirdparty.io.grpc.Status.asRuntimeException(Status.java:517)
	at org.apache.ratis.thirdparty.io.grpc.stub.ServerCalls$ServerCallStreamObserverImpl.onCompleted(ServerCalls.java:356)
	at org.apache.ratis.grpc.server.GrpcServerProtocolService$ServerRequestStreamObserver.onError(GrpcServerProtocolService.java:121)
	at org.apache.ratis.thirdparty.io.grpc.stub.ServerCalls$StreamingServerCallHandler$StreamingServerCallListener.onCancel(ServerCalls.java:269)
	at org.apache.ratis.thirdparty.io.grpc.internal.ServerCallImpl$ServerStreamListenerImpl.closed(ServerCallImpl.java:293)
	at org.apache.ratis.thirdparty.io.grpc.internal.ServerImpl$JumpToApplicationThreadServerStreamListener$1Closed.runInContext(ServerImpl.java:741)
	at org.apache.ratis.thirdparty.io.grpc.internal.ContextRunnable.run(ContextRunnable.java:37)
	at org.apache.ratis.thirdparty.io.grpc.internal.SerializingExecutor.run(SerializingExecutor.java:123)
	at java.util.concurrent.ThreadPoolExecutor.runWorker(ThreadPoolExecutor.java:1149)
	at java.util.concurrent.ThreadPoolExecutor$Worker.run(ThreadPoolExecutor.java:624)
	at java.lang.Thread.run(Thread.java:748)

Nov 15, 2019 8:18:11 PM org.apache.ratis.thirdparty.io.grpc.internal.SerializingExecutor run
SEVERE: Exception while executing runnable org.apache.ratis.thirdparty.io.grpc.internal.ServerImpl$JumpToApplicationThreadServerStreamListener$1Closed@4fea5c18
org.apache.ratis.thirdparty.io.grpc.StatusRuntimeException: CANCELLED: call already cancelled
	at org.apache.ratis.thirdparty.io.grpc.Status.asRuntimeException(Status.java:517)
	at org.apache.ratis.thirdparty.io.grpc.stub.ServerCalls$ServerCallStreamObserverImpl.onCompleted(ServerCalls.java:356)
	at org.apache.ratis.grpc.server.GrpcServerProtocolService$ServerRequestStreamObserver.onError(GrpcServerProtocolService.java:121)
	at org.apache.ratis.thirdparty.io.grpc.stub.ServerCalls$StreamingServerCallHandler$StreamingServerCallListener.onCancel(ServerCalls.java:269)
	at org.apache.ratis.thirdparty.io.grpc.internal.ServerCallImpl$ServerStreamListenerImpl.closed(ServerCallImpl.java:293)
	at org.apache.ratis.thirdparty.io.grpc.internal.ServerImpl$JumpToApplicationThreadServerStreamListener$1Closed.runInContext(ServerImpl.java:741)
	at org.apache.ratis.thirdparty.io.grpc.internal.ContextRunnable.run(ContextRunnable.java:37)
	at org.apache.ratis.thirdparty.io.grpc.internal.SerializingExecutor.run(SerializingExecutor.java:123)
	at java.util.concurrent.ThreadPoolExecutor.runWorker(ThreadPoolExecutor.java:1149)
	at java.util.concurrent.ThreadPoolExecutor$Worker.run(ThreadPoolExecutor.java:624)
	at java.lang.Thread.run(Thread.java:748)

Nov 15, 2019 8:18:17 PM org.apache.ratis.thirdparty.io.grpc.internal.SerializingExecutor run
SEVERE: Exception while executing runnable org.apache.ratis.thirdparty.io.grpc.internal.ServerImpl$JumpToApplicationThreadServerStreamListener$1Closed@153a62cb
org.apache.ratis.thirdparty.io.grpc.StatusRuntimeException: CANCELLED: call already cancelled
	at org.apache.ratis.thirdparty.io.grpc.Status.asRuntimeException(Status.java:517)
	at org.apache.ratis.thirdparty.io.grpc.stub.ServerCalls$ServerCallStreamObserverImpl.onCompleted(ServerCalls.java:356)
	at org.apache.ratis.grpc.server.GrpcServerProtocolService$ServerRequestStreamObserver.onError(GrpcServerProtocolService.java:121)
	at org.apache.ratis.thirdparty.io.grpc.stub.ServerCalls$StreamingServerCallHandler$StreamingServerCallListener.onCancel(ServerCalls.java:269)
	at org.apache.ratis.thirdparty.io.grpc.internal.ServerCallImpl$ServerStreamListenerImpl.closed(ServerCallImpl.java:293)
	at org.apache.ratis.thirdparty.io.grpc.internal.ServerImpl$JumpToApplicationThreadServerStreamListener$1Closed.runInContext(ServerImpl.java:741)
	at org.apache.ratis.thirdparty.io.grpc.internal.ContextRunnable.run(ContextRunnable.java:37)
	at org.apache.ratis.thirdparty.io.grpc.internal.SerializingExecutor.run(SerializingExecutor.java:123)
	at java.util.concurrent.ThreadPoolExecutor.runWorker(ThreadPoolExecutor.java:1149)
	at java.util.concurrent.ThreadPoolExecutor$Worker.run(ThreadPoolExecutor.java:624)
	at java.lang.Thread.run(Thread.java:748)

Nov 15, 2019 8:18:22 PM org.apache.ratis.thirdparty.io.grpc.internal.SerializingExecutor run
SEVERE: Exception while executing runnable org.apache.ratis.thirdparty.io.grpc.internal.ServerImpl$JumpToApplicationThreadServerStreamListener$1Closed@56dbf5fe
org.apache.ratis.thirdparty.io.grpc.StatusRuntimeException: CANCELLED: call already cancelled
	at org.apache.ratis.thirdparty.io.grpc.Status.asRuntimeException(Status.java:517)
	at org.apache.ratis.thirdparty.io.grpc.stub.ServerCalls$ServerCallStreamObserverImpl.onCompleted(ServerCalls.java:356)
	at org.apache.ratis.grpc.server.GrpcServerProtocolService$ServerRequestStreamObserver.onError(GrpcServerProtocolService.java:121)
	at org.apache.ratis.thirdparty.io.grpc.stub.ServerCalls$StreamingServerCallHandler$StreamingServerCallListener.onCancel(ServerCalls.java:269)
	at org.apache.ratis.thirdparty.io.grpc.internal.ServerCallImpl$ServerStreamListenerImpl.closed(ServerCallImpl.java:293)
	at org.apache.ratis.thirdparty.io.grpc.internal.ServerImpl$JumpToApplicationThreadServerStreamListener$1Closed.runInContext(ServerImpl.java:741)
	at org.apache.ratis.thirdparty.io.grpc.internal.ContextRunnable.run(ContextRunnable.java:37)
	at org.apache.ratis.thirdparty.io.grpc.internal.SerializingExecutor.run(SerializingExecutor.java:123)
	at java.util.concurrent.ThreadPoolExecutor.runWorker(ThreadPoolExecutor.java:1149)
	at java.util.concurrent.ThreadPoolExecutor$Worker.run(ThreadPoolExecutor.java:624)
	at java.lang.Thread.run(Thread.java:748)

]]></system-err>
  </testcase>
  <testcase name="testWriteSmallFile" classname="org.apache.hadoop.ozone.client.rpc.TestFailureHandlingByClient" time="56.13"/>
  <testcase name="testBlockWritesWithDnFailures" classname="org.apache.hadoop.ozone.client.rpc.TestFailureHandlingByClient" time="56.455"/>
  <testcase name="testDatanodeExclusionWithMajorityCommit" classname="org.apache.hadoop.ozone.client.rpc.TestFailureHandlingByClient" time="53.493"/>
</testsuite>