<?xml version="1.0" encoding="UTF-8"?>
<testsuite xmlns:xsi="http://www.w3.org/2001/XMLSchema-instance" xsi:noNamespaceSchemaLocation="https://maven.apache.org/surefire/maven-surefire-plugin/xsd/surefire-test-report.xsd" name="org.apache.hadoop.ozone.client.rpc.TestFailureHandlingByClient" time="279.257" tests="5" errors="0" skipped="0" failures="1">
  <properties>
    <property name="awt.toolkit" value="sun.awt.X11.XToolkit"/>
    <property name="file.encoding.pkg" value="sun.io"/>
    <property name="java.specification.version" value="1.8"/>
    <property name="sun.cpu.isalist" value=""/>
    <property name="sun.jnu.encoding" value="ANSI_X3.4-1968"/>
    <property name="java.class.path" value="/workdir/hadoop-ozone/integration-test/target/test-classes:/workdir/hadoop-ozone/integration-test/target/classes:/home/user/.m2/repository/org/apache/hadoop/hadoop-ozone-common/0.5.0-SNAPSHOT/hadoop-ozone-common-0.5.0-SNAPSHOT.jar:/home/user/.m2/repository/org/apache/commons/commons-compress/1.4.1/commons-compress-1.4.1.jar:/home/user/.m2/repository/org/tukaani/xz/1.0/xz-1.0.jar:/home/user/.m2/repository/org/apache/hadoop/hadoop-common/3.2.0/hadoop-common-3.2.0.jar:/home/user/.m2/repository/org/apache/hadoop/hadoop-hdfs/3.2.0/hadoop-hdfs-3.2.0.jar:/home/user/.m2/repository/org/apache/hadoop/hadoop-hdfs-client/3.2.0/hadoop-hdfs-client-3.2.0.jar:/home/user/.m2/repository/com/fasterxml/jackson/core/jackson-annotations/2.9.9/jackson-annotations-2.9.9.jar:/home/user/.m2/repository/org/apache/hadoop/hadoop-hdds-common/0.5.0-SNAPSHOT/hadoop-hdds-common-0.5.0-SNAPSHOT.jar:/home/user/.m2/repository/javax/annotation/javax.annotation-api/1.2/javax.annotation-api-1.2.jar:/home/user/.m2/repository/org/apache/ratis/ratis-server/0.5.0-d6d58d0-SNAPSHOT/ratis-server-0.5.0-d6d58d0-SNAPSHOT.jar:/home/user/.m2/repository/org/apache/ratis/ratis-thirdparty-misc/0.2.0/ratis-thirdparty-misc-0.2.0.jar:/home/user/.m2/repository/org/apache/ratis/ratis-proto/0.5.0-d6d58d0-SNAPSHOT/ratis-proto-0.5.0-d6d58d0-SNAPSHOT.jar:/home/user/.m2/repository/org/apache/ratis/ratis-common/0.5.0-d6d58d0-SNAPSHOT/ratis-common-0.5.0-d6d58d0-SNAPSHOT.jar:/home/user/.m2/repository/org/apache/ratis/ratis-client/0.5.0-d6d58d0-SNAPSHOT/ratis-client-0.5.0-d6d58d0-SNAPSHOT.jar:/home/user/.m2/repository/org/apache/ratis/ratis-metrics/0.5.0-d6d58d0-SNAPSHOT/ratis-metrics-0.5.0-d6d58d0-SNAPSHOT.jar:/home/user/.m2/repository/org/apache/ratis/ratis-netty/0.5.0-d6d58d0-SNAPSHOT/ratis-netty-0.5.0-d6d58d0-SNAPSHOT.jar:/home/user/.m2/repository/org/apache/ratis/ratis-grpc/0.5.0-d6d58d0-SNAPSHOT/ratis-grpc-0.5.0-d6d58d0-SNAPSHOT.jar:/home/user/.m2/repository/org/rocksdb/rocksdbjni/6.0.1/rocksdbjni-6.0.1.jar:/home/user/.m2/repository/org/apache/logging/log4j/log4j-api/2.11.0/log4j-api-2.11.0.jar:/home/user/.m2/repository/org/apache/logging/log4j/log4j-core/2.11.0/log4j-core-2.11.0.jar:/home/user/.m2/repository/com/lmax/disruptor/3.4.2/disruptor-3.4.2.jar:/home/user/.m2/repository/org/apache/commons/commons-pool2/2.6.0/commons-pool2-2.6.0.jar:/home/user/.m2/repository/org/bouncycastle/bcpkix-jdk15on/1.60/bcpkix-jdk15on-1.60.jar:/home/user/.m2/repository/commons-validator/commons-validator/1.6/commons-validator-1.6.jar:/home/user/.m2/repository/commons-digester/commons-digester/1.8.1/commons-digester-1.8.1.jar:/home/user/.m2/repository/io/jaegertracing/jaeger-client/0.34.0/jaeger-client-0.34.0.jar:/home/user/.m2/repository/io/jaegertracing/jaeger-thrift/0.34.0/jaeger-thrift-0.34.0.jar:/home/user/.m2/repository/org/apache/thrift/libthrift/0.12.0/libthrift-0.12.0.jar:/home/user/.m2/repository/com/squareup/okhttp3/okhttp/3.9.0/okhttp-3.9.0.jar:/home/user/.m2/repository/com/squareup/okio/okio/1.13.0/okio-1.13.0.jar:/home/user/.m2/repository/io/jaegertracing/jaeger-core/0.34.0/jaeger-core-0.34.0.jar:/home/user/.m2/repository/io/jaegertracing/jaeger-tracerresolver/0.34.0/jaeger-tracerresolver-0.34.0.jar:/home/user/.m2/repository/io/opentracing/contrib/opentracing-tracerresolver/0.1.5/opentracing-tracerresolver-0.1.5.jar:/home/user/.m2/repository/io/opentracing/opentracing-util/0.31.0/opentracing-util-0.31.0.jar:/home/user/.m2/repository/io/opentracing/opentracing-api/0.31.0/opentracing-api-0.31.0.jar:/home/user/.m2/repository/io/opentracing/opentracing-noop/0.31.0/opentracing-noop-0.31.0.jar:/home/user/.m2/repository/org/apache/hadoop/hadoop-hdds-server-framework/0.5.0-SNAPSHOT/hadoop-hdds-server-framework-0.5.0-SNAPSHOT.jar:/home/user/.m2/repository/org/apache/hadoop/hadoop-hdds-container-service/0.5.0-SNAPSHOT/hadoop-hdds-container-service-0.5.0-SNAPSHOT.jar:/home/user/.m2/repository/org/apache/hadoop/hadoop-hdds-client/0.5.0-SNAPSHOT/hadoop-hdds-client-0.5.0-SNAPSHOT.jar:/home/user/.m2/repository/org/apache/hadoop/hadoop-hdds-tools/0.5.0-SNAPSHOT/hadoop-hdds-tools-0.5.0-SNAPSHOT.jar:/home/user/.m2/repository/org/apache/hadoop/hadoop-hdds-server-scm/0.5.0-SNAPSHOT/hadoop-hdds-server-scm-0.5.0-SNAPSHOT.jar:/home/user/.m2/repository/org/apache/hadoop/hadoop-hdds-docs/0.5.0-SNAPSHOT/hadoop-hdds-docs-0.5.0-SNAPSHOT.jar:/home/user/.m2/repository/io/dropwizard/metrics/metrics-core/3.2.4/metrics-core-3.2.4.jar:/home/user/.m2/repository/org/hamcrest/hamcrest-all/1.3/hamcrest-all-1.3.jar:/home/user/.m2/repository/org/bouncycastle/bcprov-jdk15on/1.60/bcprov-jdk15on-1.60.jar:/home/user/.m2/repository/info/picocli/picocli/3.9.6/picocli-3.9.6.jar:/home/user/.m2/repository/com/google/protobuf/protobuf-java/2.5.0/protobuf-java-2.5.0.jar:/home/user/.m2/repository/com/google/guava/guava/11.0.2/guava-11.0.2.jar:/home/user/.m2/repository/org/apache/hadoop/hadoop-ozone-ozone-manager/0.5.0-SNAPSHOT/hadoop-ozone-ozone-manager-0.5.0-SNAPSHOT.jar:/home/user/.m2/repository/org/apache/hadoop/hadoop-minikdc/3.2.0/hadoop-minikdc-3.2.0.jar:/home/user/.m2/repository/commons-io/commons-io/2.5/commons-io-2.5.jar:/home/user/.m2/repository/org/apache/kerby/kerb-simplekdc/1.0.1/kerb-simplekdc-1.0.1.jar:/home/user/.m2/repository/org/apache/kerby/kerb-client/1.0.1/kerb-client-1.0.1.jar:/home/user/.m2/repository/org/apache/kerby/kerby-config/1.0.1/kerby-config-1.0.1.jar:/home/user/.m2/repository/org/apache/kerby/kerb-core/1.0.1/kerb-core-1.0.1.jar:/home/user/.m2/repository/org/apache/kerby/kerby-pkix/1.0.1/kerby-pkix-1.0.1.jar:/home/user/.m2/repository/org/apache/kerby/kerby-asn1/1.0.1/kerby-asn1-1.0.1.jar:/home/user/.m2/repository/org/apache/kerby/kerby-util/1.0.1/kerby-util-1.0.1.jar:/home/user/.m2/repository/org/apache/kerby/kerb-common/1.0.1/kerb-common-1.0.1.jar:/home/user/.m2/repository/org/apache/kerby/kerb-crypto/1.0.1/kerb-crypto-1.0.1.jar:/home/user/.m2/repository/org/apache/kerby/kerb-util/1.0.1/kerb-util-1.0.1.jar:/home/user/.m2/repository/org/apache/kerby/token-provider/1.0.1/token-provider-1.0.1.jar:/home/user/.m2/repository/org/apache/kerby/kerb-admin/1.0.1/kerb-admin-1.0.1.jar:/home/user/.m2/repository/org/apache/kerby/kerb-server/1.0.1/kerb-server-1.0.1.jar:/home/user/.m2/repository/org/apache/kerby/kerb-identity/1.0.1/kerb-identity-1.0.1.jar:/home/user/.m2/repository/org/apache/kerby/kerby-xdr/1.0.1/kerby-xdr-1.0.1.jar:/home/user/.m2/repository/org/slf4j/slf4j-log4j12/1.7.25/slf4j-log4j12-1.7.25.jar:/home/user/.m2/repository/org/apache/hadoop/hadoop-ozone-s3gateway/0.5.0-SNAPSHOT/hadoop-ozone-s3gateway-0.5.0-SNAPSHOT.jar:/home/user/.m2/repository/org/jboss/weld/servlet/weld-servlet/2.4.7.Final/weld-servlet-2.4.7.Final.jar:/home/user/.m2/repository/org/glassfish/jersey/containers/jersey-container-servlet-core/2.27/jersey-container-servlet-core-2.27.jar:/home/user/.m2/repository/org/glassfish/hk2/external/javax.inject/2.5.0-b42/javax.inject-2.5.0-b42.jar:/home/user/.m2/repository/org/glassfish/jersey/core/jersey-common/2.27/jersey-common-2.27.jar:/home/user/.m2/repository/org/glassfish/hk2/osgi-resource-locator/1.0.1/osgi-resource-locator-1.0.1.jar:/home/user/.m2/repository/javax/ws/rs/javax.ws.rs-api/2.1/javax.ws.rs-api-2.1.jar:/home/user/.m2/repository/org/glassfish/jersey/ext/cdi/jersey-cdi1x/2.27/jersey-cdi1x-2.27.jar:/home/user/.m2/repository/org/glassfish/jersey/inject/jersey-hk2/2.27/jersey-hk2-2.27.jar:/home/user/.m2/repository/org/glassfish/hk2/hk2-locator/2.5.0-b42/hk2-locator-2.5.0-b42.jar:/home/user/.m2/repository/org/javassist/javassist/3.22.0-CR2/javassist-3.22.0-CR2.jar:/home/user/.m2/repository/org/glassfish/hk2/hk2-api/2.5.0/hk2-api-2.5.0.jar:/home/user/.m2/repository/org/glassfish/hk2/external/jakarta.inject/2.5.0/jakarta.inject-2.5.0.jar:/home/user/.m2/repository/org/glassfish/hk2/hk2-utils/2.5.0/hk2-utils-2.5.0.jar:/home/user/.m2/repository/jakarta/annotation/jakarta.annotation-api/1.3.4/jakarta.annotation-api-1.3.4.jar:/home/user/.m2/repository/org/glassfish/hk2/external/aopalliance-repackaged/2.5.0/aopalliance-repackaged-2.5.0.jar:/home/user/.m2/repository/com/fasterxml/jackson/dataformat/jackson-dataformat-xml/2.9.0/jackson-dataformat-xml-2.9.0.jar:/home/user/.m2/repository/com/fasterxml/jackson/core/jackson-core/2.9.9/jackson-core-2.9.9.jar:/home/user/.m2/repository/com/fasterxml/jackson/module/jackson-module-jaxb-annotations/2.9.9/jackson-module-jaxb-annotations-2.9.9.jar:/home/user/.m2/repository/javax/enterprise/cdi-api/1.2/cdi-api-1.2.jar:/home/user/.m2/repository/javax/el/javax.el-api/3.0.0/javax.el-api-3.0.0.jar:/home/user/.m2/repository/javax/interceptor/javax.interceptor-api/1.2/javax.interceptor-api-1.2.jar:/home/user/.m2/repository/javax/inject/javax.inject/1/javax.inject-1.jar:/home/user/.m2/repository/com/sun/xml/bind/jaxb-impl/2.3.0.1/jaxb-impl-2.3.0.1.jar:/home/user/.m2/repository/com/sun/xml/bind/jaxb-core/2.3.0.1/jaxb-core-2.3.0.1.jar:/home/user/.m2/repository/javax/xml/bind/jaxb-api/2.3.0/jaxb-api-2.3.0.jar:/home/user/.m2/repository/javax/activation/activation/1.1.1/activation-1.1.1.jar:/home/user/.m2/repository/org/apache/hadoop/hadoop-ozone-csi/0.5.0-SNAPSHOT/hadoop-ozone-csi-0.5.0-SNAPSHOT.jar:/home/user/.m2/repository/com/google/protobuf/protobuf-java-util/3.5.1/protobuf-java-util-3.5.1.jar:/home/user/.m2/repository/org/apache/hadoop/hadoop-hdds-config/0.5.0-SNAPSHOT/hadoop-hdds-config-0.5.0-SNAPSHOT.jar:/home/user/.m2/repository/io/grpc/grpc-netty/1.17.1/grpc-netty-1.17.1.jar:/home/user/.m2/repository/io/grpc/grpc-core/1.17.1/grpc-core-1.17.1.jar:/home/user/.m2/repository/io/grpc/grpc-context/1.17.1/grpc-context-1.17.1.jar:/home/user/.m2/repository/com/google/errorprone/error_prone_annotations/2.2.0/error_prone_annotations-2.2.0.jar:/home/user/.m2/repository/org/codehaus/mojo/animal-sniffer-annotations/1.17/animal-sniffer-annotations-1.17.jar:/home/user/.m2/repository/io/opencensus/opencensus-api/0.17.0/opencensus-api-0.17.0.jar:/home/user/.m2/repository/io/opencensus/opencensus-contrib-grpc-metrics/0.17.0/opencensus-contrib-grpc-metrics-0.17.0.jar:/home/user/.m2/repository/io/netty/netty-codec-http2/4.1.30.Final/netty-codec-http2-4.1.30.Final.jar:/home/user/.m2/repository/io/netty/netty-codec-http/4.1.30.Final/netty-codec-http-4.1.30.Final.jar:/home/user/.m2/repository/io/netty/netty-codec/4.1.30.Final/netty-codec-4.1.30.Final.jar:/home/user/.m2/repository/io/netty/netty-handler/4.1.30.Final/netty-handler-4.1.30.Final.jar:/home/user/.m2/repository/io/netty/netty-handler-proxy/4.1.30.Final/netty-handler-proxy-4.1.30.Final.jar:/home/user/.m2/repository/io/netty/netty-codec-socks/4.1.30.Final/netty-codec-socks-4.1.30.Final.jar:/home/user/.m2/repository/io/netty/netty-transport-native-epoll/4.1.30.Final/netty-transport-native-epoll-4.1.30.Final.jar:/home/user/.m2/repository/io/netty/netty-common/4.1.30.Final/netty-common-4.1.30.Final.jar:/home/user/.m2/repository/io/netty/netty-buffer/4.1.30.Final/netty-buffer-4.1.30.Final.jar:/home/user/.m2/repository/io/netty/netty-transport/4.1.30.Final/netty-transport-4.1.30.Final.jar:/home/user/.m2/repository/io/netty/netty-resolver/4.1.30.Final/netty-resolver-4.1.30.Final.jar:/home/user/.m2/repository/io/netty/netty-transport-native-unix-common/4.1.30.Final/netty-transport-native-unix-common-4.1.30.Final.jar:/home/user/.m2/repository/io/grpc/grpc-protobuf/1.17.1/grpc-protobuf-1.17.1.jar:/home/user/.m2/repository/com/google/api/grpc/proto-google-common-protos/1.0.0/proto-google-common-protos-1.0.0.jar:/home/user/.m2/repository/io/grpc/grpc-protobuf-lite/1.17.1/grpc-protobuf-lite-1.17.1.jar:/home/user/.m2/repository/io/grpc/grpc-stub/1.17.1/grpc-stub-1.17.1.jar:/home/user/.m2/repository/org/apache/hadoop/hadoop-ozone-recon/0.5.0-SNAPSHOT/hadoop-ozone-recon-0.5.0-SNAPSHOT.jar:/home/user/.m2/repository/org/apache/hadoop/hadoop-ozone-reconcodegen/0.5.0-SNAPSHOT/hadoop-ozone-reconcodegen-0.5.0-SNAPSHOT.jar:/home/user/.m2/repository/com/google/inject/extensions/guice-multibindings/4.0/guice-multibindings-4.0.jar:/home/user/.m2/repository/com/google/inject/guice/4.0/guice-4.0.jar:/home/user/.m2/repository/aopalliance/aopalliance/1.0/aopalliance-1.0.jar:/home/user/.m2/repository/com/google/inject/extensions/guice-servlet/4.0/guice-servlet-4.0.jar:/home/user/.m2/repository/org/glassfish/jersey/containers/jersey-container-servlet/2.27/jersey-container-servlet-2.27.jar:/home/user/.m2/repository/org/glassfish/hk2/guice-bridge/2.5.0/guice-bridge-2.5.0.jar:/home/user/.m2/repository/org/glassfish/jersey/core/jersey-server/2.27/jersey-server-2.27.jar:/home/user/.m2/repository/org/glassfish/jersey/core/jersey-client/2.27/jersey-client-2.27.jar:/home/user/.m2/repository/org/glassfish/jersey/media/jersey-media-jaxb/2.27/jersey-media-jaxb-2.27.jar:/home/user/.m2/repository/javax/validation/validation-api/1.1.0.Final/validation-api-1.1.0.Final.jar:/home/user/.m2/repository/org/glassfish/jersey/media/jersey-media-json-jackson/2.27/jersey-media-json-jackson-2.27.jar:/home/user/.m2/repository/org/glassfish/jersey/ext/jersey-entity-filtering/2.27/jersey-entity-filtering-2.27.jar:/home/user/.m2/repository/com/google/inject/extensions/guice-assistedinject/4.0/guice-assistedinject-4.0.jar:/home/user/.m2/repository/org/jooq/jooq/3.11.10/jooq-3.11.10.jar:/home/user/.m2/repository/org/jooq/jooq-meta/3.11.10/jooq-meta-3.11.10.jar:/home/user/.m2/repository/org/jooq/jooq-codegen/3.11.10/jooq-codegen-3.11.10.jar:/home/user/.m2/repository/com/jolbox/bonecp/0.8.0.RELEASE/bonecp-0.8.0.RELEASE.jar:/home/user/.m2/repository/org/xerial/sqlite-jdbc/3.25.2/sqlite-jdbc-3.25.2.jar:/home/user/.m2/repository/org/springframework/spring-jdbc/5.1.3.RELEASE/spring-jdbc-5.1.3.RELEASE.jar:/home/user/.m2/repository/org/springframework/spring-beans/5.1.3.RELEASE/spring-beans-5.1.3.RELEASE.jar:/home/user/.m2/repository/org/springframework/spring-core/5.1.3.RELEASE/spring-core-5.1.3.RELEASE.jar:/home/user/.m2/repository/org/springframework/spring-jcl/5.1.3.RELEASE/spring-jcl-5.1.3.RELEASE.jar:/home/user/.m2/repository/org/springframework/spring-tx/5.1.3.RELEASE/spring-tx-5.1.3.RELEASE.jar:/home/user/.m2/repository/org/apache/hadoop/hadoop-ozone-client/0.5.0-SNAPSHOT/hadoop-ozone-client-0.5.0-SNAPSHOT.jar:/home/user/.m2/repository/commons-lang/commons-lang/2.6/commons-lang-2.6.jar:/home/user/.m2/repository/org/apache/hadoop/hadoop-ozone-ozone-manager/0.5.0-SNAPSHOT/hadoop-ozone-ozone-manager-0.5.0-SNAPSHOT-tests.jar:/home/user/.m2/repository/junit/junit/4.11/junit-4.11.jar:/home/user/.m2/repository/org/hamcrest/hamcrest-core/1.3/hamcrest-core-1.3.jar:/home/user/.m2/repository/org/openjdk/jmh/jmh-core/1.19/jmh-core-1.19.jar:/home/user/.m2/repository/net/sf/jopt-simple/jopt-simple/4.6/jopt-simple-4.6.jar:/home/user/.m2/repository/org/apache/commons/commons-math3/3.1.1/commons-math3-3.1.1.jar:/home/user/.m2/repository/org/openjdk/jmh/jmh-generator-annprocess/1.19/jmh-generator-annprocess-1.19.jar:/home/user/.m2/repository/org/mockito/mockito-all/1.8.5/mockito-all-1.8.5.jar:/home/user/.m2/repository/org/apache/hadoop/hadoop-kms/3.2.0/hadoop-kms-3.2.0.jar:/home/user/.m2/repository/org/apache/hadoop/hadoop-auth/3.2.0/hadoop-auth-3.2.0.jar:/home/user/.m2/repository/com/nimbusds/nimbus-jose-jwt/4.41.1/nimbus-jose-jwt-4.41.1.jar:/home/user/.m2/repository/com/github/stephenc/jcip/jcip-annotations/1.0-1/jcip-annotations-1.0-1.jar:/home/user/.m2/repository/net/minidev/json-smart/2.3/json-smart-2.3.jar:/home/user/.m2/repository/net/minidev/accessors-smart/1.2/accessors-smart-1.2.jar:/home/user/.m2/repository/org/ow2/asm/asm/5.0.4/asm-5.0.4.jar:/home/user/.m2/repository/org/apache/curator/curator-framework/2.12.0/curator-framework-2.12.0.jar:/home/user/.m2/repository/com/sun/jersey/jersey-core/1.19/jersey-core-1.19.jar:/home/user/.m2/repository/javax/ws/rs/jsr311-api/1.1.1/jsr311-api-1.1.1.jar:/home/user/.m2/repository/com/sun/jersey/jersey-server/1.19/jersey-server-1.19.jar:/home/user/.m2/repository/javax/servlet/javax.servlet-api/3.1.0/javax.servlet-api-3.1.0.jar:/home/user/.m2/repository/org/eclipse/jetty/jetty-server/9.3.25.v20180904/jetty-server-9.3.25.v20180904.jar:/home/user/.m2/repository/org/eclipse/jetty/jetty-http/9.3.25.v20180904/jetty-http-9.3.25.v20180904.jar:/home/user/.m2/repository/org/eclipse/jetty/jetty-io/9.3.25.v20180904/jetty-io-9.3.25.v20180904.jar:/home/user/.m2/repository/org/eclipse/jetty/jetty-webapp/9.3.25.v20180904/jetty-webapp-9.3.25.v20180904.jar:/home/user/.m2/repository/org/eclipse/jetty/jetty-xml/9.3.25.v20180904/jetty-xml-9.3.25.v20180904.jar:/home/user/.m2/repository/log4j/log4j/1.2.17/log4j-1.2.17.jar:/home/user/.m2/repository/org/slf4j/slf4j-api/1.7.25/slf4j-api-1.7.25.jar:/home/user/.m2/repository/org/slf4j/jul-to-slf4j/1.7.25/jul-to-slf4j-1.7.25.jar:/home/user/.m2/repository/org/eclipse/jetty/jetty-util/9.3.25.v20180904/jetty-util-9.3.25.v20180904.jar:/home/user/.m2/repository/com/fasterxml/jackson/core/jackson-databind/2.9.9/jackson-databind-2.9.9.jar:/home/user/.m2/repository/org/apache/hadoop/hadoop-kms/3.2.0/hadoop-kms-3.2.0-tests.jar:/home/user/.m2/repository/org/apache/hadoop/hadoop-hdds-server-scm/0.5.0-SNAPSHOT/hadoop-hdds-server-scm-0.5.0-SNAPSHOT-tests.jar:/home/user/.m2/repository/org/apache/hadoop/hadoop-hdds-container-service/0.5.0-SNAPSHOT/hadoop-hdds-container-service-0.5.0-SNAPSHOT-tests.jar:/home/user/.m2/repository/org/yaml/snakeyaml/1.16/snakeyaml-1.16.jar:/home/user/.m2/repository/org/apache/hadoop/hadoop-common/3.2.0/hadoop-common-3.2.0-tests.jar:/home/user/.m2/repository/org/apache/hadoop/hadoop-annotations/3.2.0/hadoop-annotations-3.2.0.jar:/usr/lib/jvm/java-1.8.0-openjdk-1.8.0.222.b10-1.el7_7.x86_64/jre/../lib/tools.jar:/home/user/.m2/repository/commons-cli/commons-cli/1.2/commons-cli-1.2.jar:/home/user/.m2/repository/org/apache/httpcomponents/httpclient/4.5.2/httpclient-4.5.2.jar:/home/user/.m2/repository/org/apache/httpcomponents/httpcore/4.4.4/httpcore-4.4.4.jar:/home/user/.m2/repository/commons-codec/commons-codec/1.11/commons-codec-1.11.jar:/home/user/.m2/repository/commons-net/commons-net/3.6/commons-net-3.6.jar:/home/user/.m2/repository/commons-collections/commons-collections/3.2.2/commons-collections-3.2.2.jar:/home/user/.m2/repository/org/eclipse/jetty/jetty-servlet/9.3.25.v20180904/jetty-servlet-9.3.25.v20180904.jar:/home/user/.m2/repository/org/eclipse/jetty/jetty-security/9.3.25.v20180904/jetty-security-9.3.25.v20180904.jar:/home/user/.m2/repository/javax/servlet/jsp/jsp-api/2.1/jsp-api-2.1.jar:/home/user/.m2/repository/com/sun/jersey/jersey-servlet/1.19/jersey-servlet-1.19.jar:/home/user/.m2/repository/com/sun/jersey/jersey-json/1.19/jersey-json-1.19.jar:/home/user/.m2/repository/org/codehaus/jettison/jettison/1.1/jettison-1.1.jar:/home/user/.m2/repository/org/codehaus/jackson/jackson-core-asl/1.9.13/jackson-core-asl-1.9.13.jar:/home/user/.m2/repository/org/codehaus/jackson/jackson-mapper-asl/1.9.13/jackson-mapper-asl-1.9.13.jar:/home/user/.m2/repository/org/codehaus/jackson/jackson-jaxrs/1.9.13/jackson-jaxrs-1.9.13.jar:/home/user/.m2/repository/org/codehaus/jackson/jackson-xc/1.9.13/jackson-xc-1.9.13.jar:/home/user/.m2/repository/commons-logging/commons-logging/1.1.3/commons-logging-1.1.3.jar:/home/user/.m2/repository/commons-beanutils/commons-beanutils/1.9.4/commons-beanutils-1.9.4.jar:/home/user/.m2/repository/org/apache/commons/commons-configuration2/2.1.1/commons-configuration2-2.1.1.jar:/home/user/.m2/repository/org/apache/commons/commons-lang3/3.7/commons-lang3-3.7.jar:/home/user/.m2/repository/org/apache/commons/commons-text/1.4/commons-text-1.4.jar:/home/user/.m2/repository/org/apache/avro/avro/1.7.7/avro-1.7.7.jar:/home/user/.m2/repository/com/thoughtworks/paranamer/paranamer/2.3/paranamer-2.3.jar:/home/user/.m2/repository/org/xerial/snappy/snappy-java/1.0.5/snappy-java-1.0.5.jar:/home/user/.m2/repository/com/google/re2j/re2j/1.1/re2j-1.1.jar:/home/user/.m2/repository/com/google/code/gson/gson/2.2.4/gson-2.2.4.jar:/home/user/.m2/repository/com/jcraft/jsch/0.1.54/jsch-0.1.54.jar:/home/user/.m2/repository/org/apache/curator/curator-client/2.12.0/curator-client-2.12.0.jar:/home/user/.m2/repository/org/apache/curator/curator-recipes/2.12.0/curator-recipes-2.12.0.jar:/home/user/.m2/repository/com/google/code/findbugs/jsr305/3.0.0/jsr305-3.0.0.jar:/home/user/.m2/repository/org/apache/htrace/htrace-core4/4.1.0-incubating/htrace-core4-4.1.0-incubating.jar:/home/user/.m2/repository/org/apache/zookeeper/zookeeper/3.4.13/zookeeper-3.4.13.jar:/home/user/.m2/repository/jline/jline/0.9.94/jline-0.9.94.jar:/home/user/.m2/repository/org/apache/yetus/audience-annotations/0.5.0/audience-annotations-0.5.0.jar:/home/user/.m2/repository/org/codehaus/woodstox/stax2-api/3.1.4/stax2-api-3.1.4.jar:/home/user/.m2/repository/com/fasterxml/woodstox/woodstox-core/5.0.3/woodstox-core-5.0.3.jar:/home/user/.m2/repository/dnsjava/dnsjava/2.1.7/dnsjava-2.1.7.jar:/home/user/.m2/repository/org/apache/hadoop/hadoop-hdfs/3.2.0/hadoop-hdfs-3.2.0-tests.jar:/home/user/.m2/repository/org/eclipse/jetty/jetty-util-ajax/9.3.25.v20180904/jetty-util-ajax-9.3.25.v20180904.jar:/home/user/.m2/repository/commons-daemon/commons-daemon/1.0.13/commons-daemon-1.0.13.jar:/home/user/.m2/repository/io/netty/netty/3.10.5.Final/netty-3.10.5.Final.jar:/home/user/.m2/repository/io/netty/netty-all/4.0.52.Final/netty-all-4.0.52.Final.jar:/home/user/.m2/repository/org/fusesource/leveldbjni/leveldbjni-all/1.8/leveldbjni-all-1.8.jar:"/>
    <property name="java.vm.vendor" value="Oracle Corporation"/>
    <property name="sun.arch.data.model" value="64"/>
    <property name="test.build.dir" value="/workdir/hadoop-ozone/integration-test/target/test-dir"/>
    <property name="test.cache.data" value=""/>
    <property name="java.vendor.url" value="http://java.oracle.com/"/>
    <property name="user.timezone" value=""/>
    <property name="java.vm.specification.version" value="1.8"/>
    <property name="os.name" value="Linux"/>
    <property name="test.build.data" value="/workdir/hadoop-ozone/integration-test/target/test-dir"/>
    <property name="user.country" value="US"/>
    <property name="sun.java.launcher" value="SUN_STANDARD"/>
    <property name="sun.boot.library.path" value="/usr/lib/jvm/java-1.8.0-openjdk-1.8.0.222.b10-1.el7_7.x86_64/jre/lib/amd64"/>
    <property name="sun.java.command" value="/workdir/hadoop-ozone/integration-test/target/surefire/surefirebooter6854006638083944951.jar /workdir/hadoop-ozone/integration-test/target/surefire 2019-11-16T00-08-57_798-jvmRun1 surefire8835444196353789142tmp surefire_241610739860257511871tmp"/>
    <property name="surefire.test.class.path" value="/workdir/hadoop-ozone/integration-test/target/test-classes:/workdir/hadoop-ozone/integration-test/target/classes:/home/user/.m2/repository/org/apache/hadoop/hadoop-ozone-common/0.5.0-SNAPSHOT/hadoop-ozone-common-0.5.0-SNAPSHOT.jar:/home/user/.m2/repository/org/apache/commons/commons-compress/1.4.1/commons-compress-1.4.1.jar:/home/user/.m2/repository/org/tukaani/xz/1.0/xz-1.0.jar:/home/user/.m2/repository/org/apache/hadoop/hadoop-common/3.2.0/hadoop-common-3.2.0.jar:/home/user/.m2/repository/org/apache/hadoop/hadoop-hdfs/3.2.0/hadoop-hdfs-3.2.0.jar:/home/user/.m2/repository/org/apache/hadoop/hadoop-hdfs-client/3.2.0/hadoop-hdfs-client-3.2.0.jar:/home/user/.m2/repository/com/fasterxml/jackson/core/jackson-annotations/2.9.9/jackson-annotations-2.9.9.jar:/home/user/.m2/repository/org/apache/hadoop/hadoop-hdds-common/0.5.0-SNAPSHOT/hadoop-hdds-common-0.5.0-SNAPSHOT.jar:/home/user/.m2/repository/javax/annotation/javax.annotation-api/1.2/javax.annotation-api-1.2.jar:/home/user/.m2/repository/org/apache/ratis/ratis-server/0.5.0-d6d58d0-SNAPSHOT/ratis-server-0.5.0-d6d58d0-SNAPSHOT.jar:/home/user/.m2/repository/org/apache/ratis/ratis-thirdparty-misc/0.2.0/ratis-thirdparty-misc-0.2.0.jar:/home/user/.m2/repository/org/apache/ratis/ratis-proto/0.5.0-d6d58d0-SNAPSHOT/ratis-proto-0.5.0-d6d58d0-SNAPSHOT.jar:/home/user/.m2/repository/org/apache/ratis/ratis-common/0.5.0-d6d58d0-SNAPSHOT/ratis-common-0.5.0-d6d58d0-SNAPSHOT.jar:/home/user/.m2/repository/org/apache/ratis/ratis-client/0.5.0-d6d58d0-SNAPSHOT/ratis-client-0.5.0-d6d58d0-SNAPSHOT.jar:/home/user/.m2/repository/org/apache/ratis/ratis-metrics/0.5.0-d6d58d0-SNAPSHOT/ratis-metrics-0.5.0-d6d58d0-SNAPSHOT.jar:/home/user/.m2/repository/org/apache/ratis/ratis-netty/0.5.0-d6d58d0-SNAPSHOT/ratis-netty-0.5.0-d6d58d0-SNAPSHOT.jar:/home/user/.m2/repository/org/apache/ratis/ratis-grpc/0.5.0-d6d58d0-SNAPSHOT/ratis-grpc-0.5.0-d6d58d0-SNAPSHOT.jar:/home/user/.m2/repository/org/rocksdb/rocksdbjni/6.0.1/rocksdbjni-6.0.1.jar:/home/user/.m2/repository/org/apache/logging/log4j/log4j-api/2.11.0/log4j-api-2.11.0.jar:/home/user/.m2/repository/org/apache/logging/log4j/log4j-core/2.11.0/log4j-core-2.11.0.jar:/home/user/.m2/repository/com/lmax/disruptor/3.4.2/disruptor-3.4.2.jar:/home/user/.m2/repository/org/apache/commons/commons-pool2/2.6.0/commons-pool2-2.6.0.jar:/home/user/.m2/repository/org/bouncycastle/bcpkix-jdk15on/1.60/bcpkix-jdk15on-1.60.jar:/home/user/.m2/repository/commons-validator/commons-validator/1.6/commons-validator-1.6.jar:/home/user/.m2/repository/commons-digester/commons-digester/1.8.1/commons-digester-1.8.1.jar:/home/user/.m2/repository/io/jaegertracing/jaeger-client/0.34.0/jaeger-client-0.34.0.jar:/home/user/.m2/repository/io/jaegertracing/jaeger-thrift/0.34.0/jaeger-thrift-0.34.0.jar:/home/user/.m2/repository/org/apache/thrift/libthrift/0.12.0/libthrift-0.12.0.jar:/home/user/.m2/repository/com/squareup/okhttp3/okhttp/3.9.0/okhttp-3.9.0.jar:/home/user/.m2/repository/com/squareup/okio/okio/1.13.0/okio-1.13.0.jar:/home/user/.m2/repository/io/jaegertracing/jaeger-core/0.34.0/jaeger-core-0.34.0.jar:/home/user/.m2/repository/io/jaegertracing/jaeger-tracerresolver/0.34.0/jaeger-tracerresolver-0.34.0.jar:/home/user/.m2/repository/io/opentracing/contrib/opentracing-tracerresolver/0.1.5/opentracing-tracerresolver-0.1.5.jar:/home/user/.m2/repository/io/opentracing/opentracing-util/0.31.0/opentracing-util-0.31.0.jar:/home/user/.m2/repository/io/opentracing/opentracing-api/0.31.0/opentracing-api-0.31.0.jar:/home/user/.m2/repository/io/opentracing/opentracing-noop/0.31.0/opentracing-noop-0.31.0.jar:/home/user/.m2/repository/org/apache/hadoop/hadoop-hdds-server-framework/0.5.0-SNAPSHOT/hadoop-hdds-server-framework-0.5.0-SNAPSHOT.jar:/home/user/.m2/repository/org/apache/hadoop/hadoop-hdds-container-service/0.5.0-SNAPSHOT/hadoop-hdds-container-service-0.5.0-SNAPSHOT.jar:/home/user/.m2/repository/org/apache/hadoop/hadoop-hdds-client/0.5.0-SNAPSHOT/hadoop-hdds-client-0.5.0-SNAPSHOT.jar:/home/user/.m2/repository/org/apache/hadoop/hadoop-hdds-tools/0.5.0-SNAPSHOT/hadoop-hdds-tools-0.5.0-SNAPSHOT.jar:/home/user/.m2/repository/org/apache/hadoop/hadoop-hdds-server-scm/0.5.0-SNAPSHOT/hadoop-hdds-server-scm-0.5.0-SNAPSHOT.jar:/home/user/.m2/repository/org/apache/hadoop/hadoop-hdds-docs/0.5.0-SNAPSHOT/hadoop-hdds-docs-0.5.0-SNAPSHOT.jar:/home/user/.m2/repository/io/dropwizard/metrics/metrics-core/3.2.4/metrics-core-3.2.4.jar:/home/user/.m2/repository/org/hamcrest/hamcrest-all/1.3/hamcrest-all-1.3.jar:/home/user/.m2/repository/org/bouncycastle/bcprov-jdk15on/1.60/bcprov-jdk15on-1.60.jar:/home/user/.m2/repository/info/picocli/picocli/3.9.6/picocli-3.9.6.jar:/home/user/.m2/repository/com/google/protobuf/protobuf-java/2.5.0/protobuf-java-2.5.0.jar:/home/user/.m2/repository/com/google/guava/guava/11.0.2/guava-11.0.2.jar:/home/user/.m2/repository/org/apache/hadoop/hadoop-ozone-ozone-manager/0.5.0-SNAPSHOT/hadoop-ozone-ozone-manager-0.5.0-SNAPSHOT.jar:/home/user/.m2/repository/org/apache/hadoop/hadoop-minikdc/3.2.0/hadoop-minikdc-3.2.0.jar:/home/user/.m2/repository/commons-io/commons-io/2.5/commons-io-2.5.jar:/home/user/.m2/repository/org/apache/kerby/kerb-simplekdc/1.0.1/kerb-simplekdc-1.0.1.jar:/home/user/.m2/repository/org/apache/kerby/kerb-client/1.0.1/kerb-client-1.0.1.jar:/home/user/.m2/repository/org/apache/kerby/kerby-config/1.0.1/kerby-config-1.0.1.jar:/home/user/.m2/repository/org/apache/kerby/kerb-core/1.0.1/kerb-core-1.0.1.jar:/home/user/.m2/repository/org/apache/kerby/kerby-pkix/1.0.1/kerby-pkix-1.0.1.jar:/home/user/.m2/repository/org/apache/kerby/kerby-asn1/1.0.1/kerby-asn1-1.0.1.jar:/home/user/.m2/repository/org/apache/kerby/kerby-util/1.0.1/kerby-util-1.0.1.jar:/home/user/.m2/repository/org/apache/kerby/kerb-common/1.0.1/kerb-common-1.0.1.jar:/home/user/.m2/repository/org/apache/kerby/kerb-crypto/1.0.1/kerb-crypto-1.0.1.jar:/home/user/.m2/repository/org/apache/kerby/kerb-util/1.0.1/kerb-util-1.0.1.jar:/home/user/.m2/repository/org/apache/kerby/token-provider/1.0.1/token-provider-1.0.1.jar:/home/user/.m2/repository/org/apache/kerby/kerb-admin/1.0.1/kerb-admin-1.0.1.jar:/home/user/.m2/repository/org/apache/kerby/kerb-server/1.0.1/kerb-server-1.0.1.jar:/home/user/.m2/repository/org/apache/kerby/kerb-identity/1.0.1/kerb-identity-1.0.1.jar:/home/user/.m2/repository/org/apache/kerby/kerby-xdr/1.0.1/kerby-xdr-1.0.1.jar:/home/user/.m2/repository/org/slf4j/slf4j-log4j12/1.7.25/slf4j-log4j12-1.7.25.jar:/home/user/.m2/repository/org/apache/hadoop/hadoop-ozone-s3gateway/0.5.0-SNAPSHOT/hadoop-ozone-s3gateway-0.5.0-SNAPSHOT.jar:/home/user/.m2/repository/org/jboss/weld/servlet/weld-servlet/2.4.7.Final/weld-servlet-2.4.7.Final.jar:/home/user/.m2/repository/org/glassfish/jersey/containers/jersey-container-servlet-core/2.27/jersey-container-servlet-core-2.27.jar:/home/user/.m2/repository/org/glassfish/hk2/external/javax.inject/2.5.0-b42/javax.inject-2.5.0-b42.jar:/home/user/.m2/repository/org/glassfish/jersey/core/jersey-common/2.27/jersey-common-2.27.jar:/home/user/.m2/repository/org/glassfish/hk2/osgi-resource-locator/1.0.1/osgi-resource-locator-1.0.1.jar:/home/user/.m2/repository/javax/ws/rs/javax.ws.rs-api/2.1/javax.ws.rs-api-2.1.jar:/home/user/.m2/repository/org/glassfish/jersey/ext/cdi/jersey-cdi1x/2.27/jersey-cdi1x-2.27.jar:/home/user/.m2/repository/org/glassfish/jersey/inject/jersey-hk2/2.27/jersey-hk2-2.27.jar:/home/user/.m2/repository/org/glassfish/hk2/hk2-locator/2.5.0-b42/hk2-locator-2.5.0-b42.jar:/home/user/.m2/repository/org/javassist/javassist/3.22.0-CR2/javassist-3.22.0-CR2.jar:/home/user/.m2/repository/org/glassfish/hk2/hk2-api/2.5.0/hk2-api-2.5.0.jar:/home/user/.m2/repository/org/glassfish/hk2/external/jakarta.inject/2.5.0/jakarta.inject-2.5.0.jar:/home/user/.m2/repository/org/glassfish/hk2/hk2-utils/2.5.0/hk2-utils-2.5.0.jar:/home/user/.m2/repository/jakarta/annotation/jakarta.annotation-api/1.3.4/jakarta.annotation-api-1.3.4.jar:/home/user/.m2/repository/org/glassfish/hk2/external/aopalliance-repackaged/2.5.0/aopalliance-repackaged-2.5.0.jar:/home/user/.m2/repository/com/fasterxml/jackson/dataformat/jackson-dataformat-xml/2.9.0/jackson-dataformat-xml-2.9.0.jar:/home/user/.m2/repository/com/fasterxml/jackson/core/jackson-core/2.9.9/jackson-core-2.9.9.jar:/home/user/.m2/repository/com/fasterxml/jackson/module/jackson-module-jaxb-annotations/2.9.9/jackson-module-jaxb-annotations-2.9.9.jar:/home/user/.m2/repository/javax/enterprise/cdi-api/1.2/cdi-api-1.2.jar:/home/user/.m2/repository/javax/el/javax.el-api/3.0.0/javax.el-api-3.0.0.jar:/home/user/.m2/repository/javax/interceptor/javax.interceptor-api/1.2/javax.interceptor-api-1.2.jar:/home/user/.m2/repository/javax/inject/javax.inject/1/javax.inject-1.jar:/home/user/.m2/repository/com/sun/xml/bind/jaxb-impl/2.3.0.1/jaxb-impl-2.3.0.1.jar:/home/user/.m2/repository/com/sun/xml/bind/jaxb-core/2.3.0.1/jaxb-core-2.3.0.1.jar:/home/user/.m2/repository/javax/xml/bind/jaxb-api/2.3.0/jaxb-api-2.3.0.jar:/home/user/.m2/repository/javax/activation/activation/1.1.1/activation-1.1.1.jar:/home/user/.m2/repository/org/apache/hadoop/hadoop-ozone-csi/0.5.0-SNAPSHOT/hadoop-ozone-csi-0.5.0-SNAPSHOT.jar:/home/user/.m2/repository/com/google/protobuf/protobuf-java-util/3.5.1/protobuf-java-util-3.5.1.jar:/home/user/.m2/repository/org/apache/hadoop/hadoop-hdds-config/0.5.0-SNAPSHOT/hadoop-hdds-config-0.5.0-SNAPSHOT.jar:/home/user/.m2/repository/io/grpc/grpc-netty/1.17.1/grpc-netty-1.17.1.jar:/home/user/.m2/repository/io/grpc/grpc-core/1.17.1/grpc-core-1.17.1.jar:/home/user/.m2/repository/io/grpc/grpc-context/1.17.1/grpc-context-1.17.1.jar:/home/user/.m2/repository/com/google/errorprone/error_prone_annotations/2.2.0/error_prone_annotations-2.2.0.jar:/home/user/.m2/repository/org/codehaus/mojo/animal-sniffer-annotations/1.17/animal-sniffer-annotations-1.17.jar:/home/user/.m2/repository/io/opencensus/opencensus-api/0.17.0/opencensus-api-0.17.0.jar:/home/user/.m2/repository/io/opencensus/opencensus-contrib-grpc-metrics/0.17.0/opencensus-contrib-grpc-metrics-0.17.0.jar:/home/user/.m2/repository/io/netty/netty-codec-http2/4.1.30.Final/netty-codec-http2-4.1.30.Final.jar:/home/user/.m2/repository/io/netty/netty-codec-http/4.1.30.Final/netty-codec-http-4.1.30.Final.jar:/home/user/.m2/repository/io/netty/netty-codec/4.1.30.Final/netty-codec-4.1.30.Final.jar:/home/user/.m2/repository/io/netty/netty-handler/4.1.30.Final/netty-handler-4.1.30.Final.jar:/home/user/.m2/repository/io/netty/netty-handler-proxy/4.1.30.Final/netty-handler-proxy-4.1.30.Final.jar:/home/user/.m2/repository/io/netty/netty-codec-socks/4.1.30.Final/netty-codec-socks-4.1.30.Final.jar:/home/user/.m2/repository/io/netty/netty-transport-native-epoll/4.1.30.Final/netty-transport-native-epoll-4.1.30.Final.jar:/home/user/.m2/repository/io/netty/netty-common/4.1.30.Final/netty-common-4.1.30.Final.jar:/home/user/.m2/repository/io/netty/netty-buffer/4.1.30.Final/netty-buffer-4.1.30.Final.jar:/home/user/.m2/repository/io/netty/netty-transport/4.1.30.Final/netty-transport-4.1.30.Final.jar:/home/user/.m2/repository/io/netty/netty-resolver/4.1.30.Final/netty-resolver-4.1.30.Final.jar:/home/user/.m2/repository/io/netty/netty-transport-native-unix-common/4.1.30.Final/netty-transport-native-unix-common-4.1.30.Final.jar:/home/user/.m2/repository/io/grpc/grpc-protobuf/1.17.1/grpc-protobuf-1.17.1.jar:/home/user/.m2/repository/com/google/api/grpc/proto-google-common-protos/1.0.0/proto-google-common-protos-1.0.0.jar:/home/user/.m2/repository/io/grpc/grpc-protobuf-lite/1.17.1/grpc-protobuf-lite-1.17.1.jar:/home/user/.m2/repository/io/grpc/grpc-stub/1.17.1/grpc-stub-1.17.1.jar:/home/user/.m2/repository/org/apache/hadoop/hadoop-ozone-recon/0.5.0-SNAPSHOT/hadoop-ozone-recon-0.5.0-SNAPSHOT.jar:/home/user/.m2/repository/org/apache/hadoop/hadoop-ozone-reconcodegen/0.5.0-SNAPSHOT/hadoop-ozone-reconcodegen-0.5.0-SNAPSHOT.jar:/home/user/.m2/repository/com/google/inject/extensions/guice-multibindings/4.0/guice-multibindings-4.0.jar:/home/user/.m2/repository/com/google/inject/guice/4.0/guice-4.0.jar:/home/user/.m2/repository/aopalliance/aopalliance/1.0/aopalliance-1.0.jar:/home/user/.m2/repository/com/google/inject/extensions/guice-servlet/4.0/guice-servlet-4.0.jar:/home/user/.m2/repository/org/glassfish/jersey/containers/jersey-container-servlet/2.27/jersey-container-servlet-2.27.jar:/home/user/.m2/repository/org/glassfish/hk2/guice-bridge/2.5.0/guice-bridge-2.5.0.jar:/home/user/.m2/repository/org/glassfish/jersey/core/jersey-server/2.27/jersey-server-2.27.jar:/home/user/.m2/repository/org/glassfish/jersey/core/jersey-client/2.27/jersey-client-2.27.jar:/home/user/.m2/repository/org/glassfish/jersey/media/jersey-media-jaxb/2.27/jersey-media-jaxb-2.27.jar:/home/user/.m2/repository/javax/validation/validation-api/1.1.0.Final/validation-api-1.1.0.Final.jar:/home/user/.m2/repository/org/glassfish/jersey/media/jersey-media-json-jackson/2.27/jersey-media-json-jackson-2.27.jar:/home/user/.m2/repository/org/glassfish/jersey/ext/jersey-entity-filtering/2.27/jersey-entity-filtering-2.27.jar:/home/user/.m2/repository/com/google/inject/extensions/guice-assistedinject/4.0/guice-assistedinject-4.0.jar:/home/user/.m2/repository/org/jooq/jooq/3.11.10/jooq-3.11.10.jar:/home/user/.m2/repository/org/jooq/jooq-meta/3.11.10/jooq-meta-3.11.10.jar:/home/user/.m2/repository/org/jooq/jooq-codegen/3.11.10/jooq-codegen-3.11.10.jar:/home/user/.m2/repository/com/jolbox/bonecp/0.8.0.RELEASE/bonecp-0.8.0.RELEASE.jar:/home/user/.m2/repository/org/xerial/sqlite-jdbc/3.25.2/sqlite-jdbc-3.25.2.jar:/home/user/.m2/repository/org/springframework/spring-jdbc/5.1.3.RELEASE/spring-jdbc-5.1.3.RELEASE.jar:/home/user/.m2/repository/org/springframework/spring-beans/5.1.3.RELEASE/spring-beans-5.1.3.RELEASE.jar:/home/user/.m2/repository/org/springframework/spring-core/5.1.3.RELEASE/spring-core-5.1.3.RELEASE.jar:/home/user/.m2/repository/org/springframework/spring-jcl/5.1.3.RELEASE/spring-jcl-5.1.3.RELEASE.jar:/home/user/.m2/repository/org/springframework/spring-tx/5.1.3.RELEASE/spring-tx-5.1.3.RELEASE.jar:/home/user/.m2/repository/org/apache/hadoop/hadoop-ozone-client/0.5.0-SNAPSHOT/hadoop-ozone-client-0.5.0-SNAPSHOT.jar:/home/user/.m2/repository/commons-lang/commons-lang/2.6/commons-lang-2.6.jar:/home/user/.m2/repository/org/apache/hadoop/hadoop-ozone-ozone-manager/0.5.0-SNAPSHOT/hadoop-ozone-ozone-manager-0.5.0-SNAPSHOT-tests.jar:/home/user/.m2/repository/junit/junit/4.11/junit-4.11.jar:/home/user/.m2/repository/org/hamcrest/hamcrest-core/1.3/hamcrest-core-1.3.jar:/home/user/.m2/repository/org/openjdk/jmh/jmh-core/1.19/jmh-core-1.19.jar:/home/user/.m2/repository/net/sf/jopt-simple/jopt-simple/4.6/jopt-simple-4.6.jar:/home/user/.m2/repository/org/apache/commons/commons-math3/3.1.1/commons-math3-3.1.1.jar:/home/user/.m2/repository/org/openjdk/jmh/jmh-generator-annprocess/1.19/jmh-generator-annprocess-1.19.jar:/home/user/.m2/repository/org/mockito/mockito-all/1.8.5/mockito-all-1.8.5.jar:/home/user/.m2/repository/org/apache/hadoop/hadoop-kms/3.2.0/hadoop-kms-3.2.0.jar:/home/user/.m2/repository/org/apache/hadoop/hadoop-auth/3.2.0/hadoop-auth-3.2.0.jar:/home/user/.m2/repository/com/nimbusds/nimbus-jose-jwt/4.41.1/nimbus-jose-jwt-4.41.1.jar:/home/user/.m2/repository/com/github/stephenc/jcip/jcip-annotations/1.0-1/jcip-annotations-1.0-1.jar:/home/user/.m2/repository/net/minidev/json-smart/2.3/json-smart-2.3.jar:/home/user/.m2/repository/net/minidev/accessors-smart/1.2/accessors-smart-1.2.jar:/home/user/.m2/repository/org/ow2/asm/asm/5.0.4/asm-5.0.4.jar:/home/user/.m2/repository/org/apache/curator/curator-framework/2.12.0/curator-framework-2.12.0.jar:/home/user/.m2/repository/com/sun/jersey/jersey-core/1.19/jersey-core-1.19.jar:/home/user/.m2/repository/javax/ws/rs/jsr311-api/1.1.1/jsr311-api-1.1.1.jar:/home/user/.m2/repository/com/sun/jersey/jersey-server/1.19/jersey-server-1.19.jar:/home/user/.m2/repository/javax/servlet/javax.servlet-api/3.1.0/javax.servlet-api-3.1.0.jar:/home/user/.m2/repository/org/eclipse/jetty/jetty-server/9.3.25.v20180904/jetty-server-9.3.25.v20180904.jar:/home/user/.m2/repository/org/eclipse/jetty/jetty-http/9.3.25.v20180904/jetty-http-9.3.25.v20180904.jar:/home/user/.m2/repository/org/eclipse/jetty/jetty-io/9.3.25.v20180904/jetty-io-9.3.25.v20180904.jar:/home/user/.m2/repository/org/eclipse/jetty/jetty-webapp/9.3.25.v20180904/jetty-webapp-9.3.25.v20180904.jar:/home/user/.m2/repository/org/eclipse/jetty/jetty-xml/9.3.25.v20180904/jetty-xml-9.3.25.v20180904.jar:/home/user/.m2/repository/log4j/log4j/1.2.17/log4j-1.2.17.jar:/home/user/.m2/repository/org/slf4j/slf4j-api/1.7.25/slf4j-api-1.7.25.jar:/home/user/.m2/repository/org/slf4j/jul-to-slf4j/1.7.25/jul-to-slf4j-1.7.25.jar:/home/user/.m2/repository/org/eclipse/jetty/jetty-util/9.3.25.v20180904/jetty-util-9.3.25.v20180904.jar:/home/user/.m2/repository/com/fasterxml/jackson/core/jackson-databind/2.9.9/jackson-databind-2.9.9.jar:/home/user/.m2/repository/org/apache/hadoop/hadoop-kms/3.2.0/hadoop-kms-3.2.0-tests.jar:/home/user/.m2/repository/org/apache/hadoop/hadoop-hdds-server-scm/0.5.0-SNAPSHOT/hadoop-hdds-server-scm-0.5.0-SNAPSHOT-tests.jar:/home/user/.m2/repository/org/apache/hadoop/hadoop-hdds-container-service/0.5.0-SNAPSHOT/hadoop-hdds-container-service-0.5.0-SNAPSHOT-tests.jar:/home/user/.m2/repository/org/yaml/snakeyaml/1.16/snakeyaml-1.16.jar:/home/user/.m2/repository/org/apache/hadoop/hadoop-common/3.2.0/hadoop-common-3.2.0-tests.jar:/home/user/.m2/repository/org/apache/hadoop/hadoop-annotations/3.2.0/hadoop-annotations-3.2.0.jar:/usr/lib/jvm/java-1.8.0-openjdk-1.8.0.222.b10-1.el7_7.x86_64/jre/../lib/tools.jar:/home/user/.m2/repository/commons-cli/commons-cli/1.2/commons-cli-1.2.jar:/home/user/.m2/repository/org/apache/httpcomponents/httpclient/4.5.2/httpclient-4.5.2.jar:/home/user/.m2/repository/org/apache/httpcomponents/httpcore/4.4.4/httpcore-4.4.4.jar:/home/user/.m2/repository/commons-codec/commons-codec/1.11/commons-codec-1.11.jar:/home/user/.m2/repository/commons-net/commons-net/3.6/commons-net-3.6.jar:/home/user/.m2/repository/commons-collections/commons-collections/3.2.2/commons-collections-3.2.2.jar:/home/user/.m2/repository/org/eclipse/jetty/jetty-servlet/9.3.25.v20180904/jetty-servlet-9.3.25.v20180904.jar:/home/user/.m2/repository/org/eclipse/jetty/jetty-security/9.3.25.v20180904/jetty-security-9.3.25.v20180904.jar:/home/user/.m2/repository/javax/servlet/jsp/jsp-api/2.1/jsp-api-2.1.jar:/home/user/.m2/repository/com/sun/jersey/jersey-servlet/1.19/jersey-servlet-1.19.jar:/home/user/.m2/repository/com/sun/jersey/jersey-json/1.19/jersey-json-1.19.jar:/home/user/.m2/repository/org/codehaus/jettison/jettison/1.1/jettison-1.1.jar:/home/user/.m2/repository/org/codehaus/jackson/jackson-core-asl/1.9.13/jackson-core-asl-1.9.13.jar:/home/user/.m2/repository/org/codehaus/jackson/jackson-mapper-asl/1.9.13/jackson-mapper-asl-1.9.13.jar:/home/user/.m2/repository/org/codehaus/jackson/jackson-jaxrs/1.9.13/jackson-jaxrs-1.9.13.jar:/home/user/.m2/repository/org/codehaus/jackson/jackson-xc/1.9.13/jackson-xc-1.9.13.jar:/home/user/.m2/repository/commons-logging/commons-logging/1.1.3/commons-logging-1.1.3.jar:/home/user/.m2/repository/commons-beanutils/commons-beanutils/1.9.4/commons-beanutils-1.9.4.jar:/home/user/.m2/repository/org/apache/commons/commons-configuration2/2.1.1/commons-configuration2-2.1.1.jar:/home/user/.m2/repository/org/apache/commons/commons-lang3/3.7/commons-lang3-3.7.jar:/home/user/.m2/repository/org/apache/commons/commons-text/1.4/commons-text-1.4.jar:/home/user/.m2/repository/org/apache/avro/avro/1.7.7/avro-1.7.7.jar:/home/user/.m2/repository/com/thoughtworks/paranamer/paranamer/2.3/paranamer-2.3.jar:/home/user/.m2/repository/org/xerial/snappy/snappy-java/1.0.5/snappy-java-1.0.5.jar:/home/user/.m2/repository/com/google/re2j/re2j/1.1/re2j-1.1.jar:/home/user/.m2/repository/com/google/code/gson/gson/2.2.4/gson-2.2.4.jar:/home/user/.m2/repository/com/jcraft/jsch/0.1.54/jsch-0.1.54.jar:/home/user/.m2/repository/org/apache/curator/curator-client/2.12.0/curator-client-2.12.0.jar:/home/user/.m2/repository/org/apache/curator/curator-recipes/2.12.0/curator-recipes-2.12.0.jar:/home/user/.m2/repository/com/google/code/findbugs/jsr305/3.0.0/jsr305-3.0.0.jar:/home/user/.m2/repository/org/apache/htrace/htrace-core4/4.1.0-incubating/htrace-core4-4.1.0-incubating.jar:/home/user/.m2/repository/org/apache/zookeeper/zookeeper/3.4.13/zookeeper-3.4.13.jar:/home/user/.m2/repository/jline/jline/0.9.94/jline-0.9.94.jar:/home/user/.m2/repository/org/apache/yetus/audience-annotations/0.5.0/audience-annotations-0.5.0.jar:/home/user/.m2/repository/org/codehaus/woodstox/stax2-api/3.1.4/stax2-api-3.1.4.jar:/home/user/.m2/repository/com/fasterxml/woodstox/woodstox-core/5.0.3/woodstox-core-5.0.3.jar:/home/user/.m2/repository/dnsjava/dnsjava/2.1.7/dnsjava-2.1.7.jar:/home/user/.m2/repository/org/apache/hadoop/hadoop-hdfs/3.2.0/hadoop-hdfs-3.2.0-tests.jar:/home/user/.m2/repository/org/eclipse/jetty/jetty-util-ajax/9.3.25.v20180904/jetty-util-ajax-9.3.25.v20180904.jar:/home/user/.m2/repository/commons-daemon/commons-daemon/1.0.13/commons-daemon-1.0.13.jar:/home/user/.m2/repository/io/netty/netty/3.10.5.Final/netty-3.10.5.Final.jar:/home/user/.m2/repository/io/netty/netty-all/4.0.52.Final/netty-all-4.0.52.Final.jar:/home/user/.m2/repository/org/fusesource/leveldbjni/leveldbjni-all/1.8/leveldbjni-all-1.8.jar:"/>
    <property name="sun.cpu.endian" value="little"/>
    <property name="user.home" value="/home/user"/>
    <property name="user.language" value="en"/>
    <property name="java.specification.vendor" value="Oracle Corporation"/>
    <property name="java.home" value="/usr/lib/jvm/java-1.8.0-openjdk-1.8.0.222.b10-1.el7_7.x86_64/jre"/>
    <property name="surefire.excludesFile" value="/tools/ozone-bad-unit-tests"/>
    <property name="java.security.krb5.conf" value="/workdir/hadoop-ozone/integration-test/target/test-classes/krb5.conf"/>
    <property name="basedir" value="/workdir/hadoop-ozone/integration-test"/>
    <property name="file.separator" value="/"/>
    <property name="line.separator" value="&#10;"/>
    <property name="java.vm.specification.vendor" value="Oracle Corporation"/>
    <property name="java.specification.name" value="Java Platform API Specification"/>
    <property name="java.awt.graphicsenv" value="sun.awt.X11GraphicsEnvironment"/>
    <property name="surefire.real.class.path" value="/workdir/hadoop-ozone/integration-test/target/surefire/surefirebooter6854006638083944951.jar"/>
    <property name="hadoop.log.dir" value="/workdir/hadoop-ozone/integration-test/target/log"/>
    <property name="sun.boot.class.path" value="/usr/lib/jvm/java-1.8.0-openjdk-1.8.0.222.b10-1.el7_7.x86_64/jre/lib/resources.jar:/usr/lib/jvm/java-1.8.0-openjdk-1.8.0.222.b10-1.el7_7.x86_64/jre/lib/rt.jar:/usr/lib/jvm/java-1.8.0-openjdk-1.8.0.222.b10-1.el7_7.x86_64/jre/lib/sunrsasign.jar:/usr/lib/jvm/java-1.8.0-openjdk-1.8.0.222.b10-1.el7_7.x86_64/jre/lib/jsse.jar:/usr/lib/jvm/java-1.8.0-openjdk-1.8.0.222.b10-1.el7_7.x86_64/jre/lib/jce.jar:/usr/lib/jvm/java-1.8.0-openjdk-1.8.0.222.b10-1.el7_7.x86_64/jre/lib/charsets.jar:/usr/lib/jvm/java-1.8.0-openjdk-1.8.0.222.b10-1.el7_7.x86_64/jre/lib/jfr.jar:/usr/lib/jvm/java-1.8.0-openjdk-1.8.0.222.b10-1.el7_7.x86_64/jre/classes"/>
    <property name="sun.management.compiler" value="HotSpot 64-Bit Tiered Compilers"/>
    <property name="java.runtime.version" value="1.8.0_222-b10"/>
    <property name="java.net.preferIPv4Stack" value="true"/>
    <property name="user.name" value="jenkins1000"/>
    <property name="path.separator" value=":"/>
    <property name="java.security.egd" value="file:///dev/urandom"/>
    <property name="os.version" value="3.10.0-957.12.2.el7.x86_64"/>
    <property name="java.endorsed.dirs" value="/usr/lib/jvm/java-1.8.0-openjdk-1.8.0.222.b10-1.el7_7.x86_64/jre/lib/endorsed"/>
    <property name="java.runtime.name" value="OpenJDK Runtime Environment"/>
    <property name="file.encoding" value="ANSI_X3.4-1968"/>
    <property name="java.vm.name" value="OpenJDK 64-Bit Server VM"/>
    <property name="test.build.webapps" value=""/>
    <property name="localRepository" value="/home/user/.m2/repository"/>
    <property name="java.vendor.url.bug" value="http://bugreport.sun.com/bugreport/"/>
    <property name="java.io.tmpdir" value="/tmp"/>
    <property name="require.test.libhadoop" value=""/>
    <property name="java.version" value="1.8.0_222"/>
    <property name="user.dir" value="/workdir/hadoop-ozone/integration-test"/>
    <property name="os.arch" value="amd64"/>
    <property name="java.vm.specification.name" value="Java Virtual Machine Specification"/>
    <property name="test.build.classes" value="/workdir/hadoop-ozone/integration-test/target/test-classes"/>
    <property name="java.awt.printerjob" value="sun.print.PSPrinterJob"/>
    <property name="sun.os.patch.level" value="unknown"/>
    <property name="hadoop.tmp.dir" value="/workdir/hadoop-ozone/integration-test/target/tmp"/>
    <property name="java.library.path" value="/usr/lib:/workdir/hadoop-ozone/integration-test/target/native/target/usr/local/lib:/workdir/hadoop-ozone/integration-test/../../hadoop-common-project/hadoop-common/target/native/target/usr/local/lib:/usr/java/packages/lib/amd64:/usr/lib64:/lib64:/lib:/usr/lib"/>
    <property name="java.vm.info" value="mixed mode"/>
    <property name="java.vendor" value="Oracle Corporation"/>
    <property name="java.vm.version" value="25.222-b10"/>
    <property name="java.ext.dirs" value="/usr/lib/jvm/java-1.8.0-openjdk-1.8.0.222.b10-1.el7_7.x86_64/jre/lib/ext:/usr/java/packages/lib/ext"/>
    <property name="sun.io.unicode.encoding" value="UnicodeLittle"/>
    <property name="java.class.version" value="52.0"/>
  </properties>
  <testcase name="testPipelineExclusionWithPipelineFailure" classname="org.apache.hadoop.ozone.client.rpc.TestFailureHandlingByClient" time="88.49"/>
  <testcase name="testContainerExclusionWithClosedContainerException" classname="org.apache.hadoop.ozone.client.rpc.TestFailureHandlingByClient" time="38.808"/>
  <testcase name="testWriteSmallFile" classname="org.apache.hadoop.ozone.client.rpc.TestFailureHandlingByClient" time="39.824"/>
  <testcase name="testBlockWritesWithDnFailures" classname="org.apache.hadoop.ozone.client.rpc.TestFailureHandlingByClient" time="72.189"/>
  <testcase name="testDatanodeExclusionWithMajorityCommit" classname="org.apache.hadoop.ozone.client.rpc.TestFailureHandlingByClient" time="39.887">
    <failure type="java.lang.AssertionError">java.lang.AssertionError
	at org.junit.Assert.fail(Assert.java:86)
	at org.junit.Assert.assertTrue(Assert.java:41)
	at org.junit.Assert.assertTrue(Assert.java:52)
	at org.apache.hadoop.ozone.client.rpc.TestFailureHandlingByClient.testDatanodeExclusionWithMajorityCommit(TestFailureHandlingByClient.java:318)
	at sun.reflect.NativeMethodAccessorImpl.invoke0(Native Method)
	at sun.reflect.NativeMethodAccessorImpl.invoke(NativeMethodAccessorImpl.java:62)
	at sun.reflect.DelegatingMethodAccessorImpl.invoke(DelegatingMethodAccessorImpl.java:43)
	at java.lang.reflect.Method.invoke(Method.java:498)
	at org.junit.runners.model.FrameworkMethod$1.runReflectiveCall(FrameworkMethod.java:47)
	at org.junit.internal.runners.model.ReflectiveCallable.run(ReflectiveCallable.java:12)
	at org.junit.runners.model.FrameworkMethod.invokeExplosively(FrameworkMethod.java:44)
	at org.junit.internal.runners.statements.InvokeMethod.evaluate(InvokeMethod.java:17)
	at org.junit.internal.runners.statements.RunAfters.evaluate(RunAfters.java:27)
	at org.junit.runners.ParentRunner.runLeaf(ParentRunner.java:271)
	at org.junit.runners.BlockJUnit4ClassRunner.runChild(BlockJUnit4ClassRunner.java:70)
	at org.junit.runners.BlockJUnit4ClassRunner.runChild(BlockJUnit4ClassRunner.java:50)
	at org.junit.runners.ParentRunner$3.run(ParentRunner.java:238)
	at org.junit.runners.ParentRunner$1.schedule(ParentRunner.java:63)
	at org.junit.runners.ParentRunner.runChildren(ParentRunner.java:236)
	at org.junit.runners.ParentRunner.access$000(ParentRunner.java:53)
	at org.junit.runners.ParentRunner$2.evaluate(ParentRunner.java:229)
	at org.junit.runners.ParentRunner.run(ParentRunner.java:309)
	at org.apache.maven.surefire.junit4.JUnit4Provider.execute(JUnit4Provider.java:365)
	at org.apache.maven.surefire.junit4.JUnit4Provider.executeWithRerun(JUnit4Provider.java:273)
	at org.apache.maven.surefire.junit4.JUnit4Provider.executeTestSet(JUnit4Provider.java:238)
	at org.apache.maven.surefire.junit4.JUnit4Provider.invoke(JUnit4Provider.java:159)
	at org.apache.maven.surefire.booter.ForkedBooter.invokeProviderInSameClassLoader(ForkedBooter.java:384)
	at org.apache.maven.surefire.booter.ForkedBooter.runSuitesInProcess(ForkedBooter.java:345)
	at org.apache.maven.surefire.booter.ForkedBooter.execute(ForkedBooter.java:126)
	at org.apache.maven.surefire.booter.ForkedBooter.main(ForkedBooter.java:418)
</failure>
    <system-out><![CDATA[2019-11-16 00:26:24,087 [main] WARN  server.ServerUtils (ServerUtils.java:getScmDbDir(145)) - ozone.scm.db.dirs is not configured. We recommend adding this setting. Falling back to ozone.metadata.dirs instead.
2019-11-16 00:26:24,105 [main] WARN  server.ServerUtils (ServerUtils.java:getScmDbDir(145)) - ozone.scm.db.dirs is not configured. We recommend adding this setting. Falling back to ozone.metadata.dirs instead.
2019-11-16 00:26:24,105 [main] WARN  server.ServerUtils (ServerUtils.java:getScmDbDir(145)) - ozone.scm.db.dirs is not configured. We recommend adding this setting. Falling back to ozone.metadata.dirs instead.
2019-11-16 00:26:24,106 [main] INFO  db.DBStoreBuilder (DBStoreBuilder.java:addTable(127)) - using custom profile for table: deletedBlocks
2019-11-16 00:26:24,106 [main] INFO  db.DBStoreBuilder (DBStoreBuilder.java:processTables(183)) - Using default column profile:DBProfile.DISK for Table:deletedBlocks
2019-11-16 00:26:24,106 [main] INFO  db.DBStoreBuilder (DBStoreBuilder.java:addTable(127)) - using custom profile for table: validCerts
2019-11-16 00:26:24,106 [main] INFO  db.DBStoreBuilder (DBStoreBuilder.java:processTables(183)) - Using default column profile:DBProfile.DISK for Table:validCerts
2019-11-16 00:26:24,107 [main] INFO  db.DBStoreBuilder (DBStoreBuilder.java:addTable(127)) - using custom profile for table: revokedCerts
2019-11-16 00:26:24,107 [main] INFO  db.DBStoreBuilder (DBStoreBuilder.java:processTables(183)) - Using default column profile:DBProfile.DISK for Table:revokedCerts
2019-11-16 00:26:24,107 [main] INFO  db.DBStoreBuilder (DBStoreBuilder.java:addTable(127)) - using custom profile for table: default
2019-11-16 00:26:24,107 [main] INFO  db.DBStoreBuilder (DBStoreBuilder.java:processTables(189)) - Using default column profile:DBProfile.DISK for Table:default
2019-11-16 00:26:24,107 [main] INFO  db.DBStoreBuilder (DBStoreBuilder.java:getDbProfile(220)) - Using default options. DBProfile.DISK
2019-11-16 00:26:24,244 [main] INFO  net.NodeSchemaLoader (NodeSchemaLoader.java:loadSchemaFromFile(125)) - Loading file from sun.misc.CompoundEnumeration@28b8f98a
2019-11-16 00:26:24,245 [main] INFO  net.NodeSchemaLoader (NodeSchemaLoader.java:loadSchema(171)) - Loading network topology layer schema file
2019-11-16 00:26:24,248 [main] INFO  node.SCMNodeManager (SCMNodeManager.java:<init>(116)) - Entering startup safe mode.
2019-11-16 00:26:24,249 [main] INFO  algorithms.ContainerPlacementPolicyFactory (ContainerPlacementPolicyFactory.java:getPolicy(57)) - Create container placement policy of type org.apache.hadoop.hdds.scm.container.placement.algorithms.SCMContainerPlacementRandom
2019-11-16 00:26:24,249 [main] WARN  server.ServerUtils (ServerUtils.java:getScmDbDir(145)) - ozone.scm.db.dirs is not configured. We recommend adding this setting. Falling back to ozone.metadata.dirs instead.
2019-11-16 00:26:24,297 [main] INFO  pipeline.SCMPipelineManager (SCMPipelineManager.java:initializePipelineState(132)) - No pipeline exists in current db
2019-11-16 00:26:24,297 [main] WARN  server.ServerUtils (ServerUtils.java:getScmDbDir(145)) - ozone.scm.db.dirs is not configured. We recommend adding this setting. Falling back to ozone.metadata.dirs instead.
2019-11-16 00:26:24,337 [main] WARN  events.EventQueue (EventQueue.java:fireEvent(183)) - No event handler registered for event TypedEvent{payloadType=SafeModeStatus, name='SafeModeStatus'}
2019-11-16 00:26:24,337 [main] INFO  ipc.CallQueueManager (CallQueueManager.java:<init>(84)) - Using callQueue: class java.util.concurrent.LinkedBlockingQueue, queueCapacity: 2000, scheduler: class org.apache.hadoop.ipc.DefaultRpcScheduler, ipcBackoff: false.
2019-11-16 00:26:24,339 [Socket Reader #1 for port 42806] INFO  ipc.Server (Server.java:run(1074)) - Starting Socket Reader #1 for port 42806
2019-11-16 00:26:24,341 [main] INFO  ipc.CallQueueManager (CallQueueManager.java:<init>(84)) - Using callQueue: class java.util.concurrent.LinkedBlockingQueue, queueCapacity: 2000, scheduler: class org.apache.hadoop.ipc.DefaultRpcScheduler, ipcBackoff: false.
2019-11-16 00:26:24,341 [Socket Reader #1 for port 36711] INFO  ipc.Server (Server.java:run(1074)) - Starting Socket Reader #1 for port 36711
2019-11-16 00:26:24,343 [main] INFO  ipc.CallQueueManager (CallQueueManager.java:<init>(84)) - Using callQueue: class java.util.concurrent.LinkedBlockingQueue, queueCapacity: 2000, scheduler: class org.apache.hadoop.ipc.DefaultRpcScheduler, ipcBackoff: false.
2019-11-16 00:26:24,343 [Socket Reader #1 for port 44401] INFO  ipc.Server (Server.java:run(1074)) - Starting Socket Reader #1 for port 44401
2019-11-16 00:26:24,347 [main] INFO  hdfs.DFSUtil (DFSUtil.java:httpServerTemplateForNNAndJN(1641)) - Starting Web-server for scm at: http://0.0.0.0:0
2019-11-16 00:26:24,349 [main] INFO  server.AuthenticationFilter (AuthenticationFilter.java:constructSecretProvider(240)) - Unable to initialize FileSignerSecretProvider, falling back to use random secrets.
2019-11-16 00:26:24,350 [main] WARN  http.HttpRequestLog (HttpRequestLog.java:getRequestLog(97)) - Jetty request log can only be enabled using Log4j
2019-11-16 00:26:24,351 [main] INFO  http.HttpServer2 (HttpServer2.java:addGlobalFilter(975)) - Added global filter 'safety' (class=org.apache.hadoop.http.HttpServer2$QuotingInputFilter)
2019-11-16 00:26:24,352 [main] INFO  http.HttpServer2 (HttpServer2.java:addFilter(948)) - Added filter static_user_filter (class=org.apache.hadoop.http.lib.StaticUserWebFilter$StaticUserFilter) to context scm
2019-11-16 00:26:24,352 [main] INFO  http.HttpServer2 (HttpServer2.java:addFilter(958)) - Added filter static_user_filter (class=org.apache.hadoop.http.lib.StaticUserWebFilter$StaticUserFilter) to context static
2019-11-16 00:26:24,352 [main] INFO  http.HttpServer2 (HttpServer2.java:addFilter(958)) - Added filter static_user_filter (class=org.apache.hadoop.http.lib.StaticUserWebFilter$StaticUserFilter) to context logs
2019-11-16 00:26:24,354 [main] INFO  server.StorageContainerManager (StorageContainerManager.java:start(766)) - StorageContainerLocationProtocol RPC server is listening at /0.0.0.0:44401
2019-11-16 00:26:24,356 [main] WARN  impl.MetricsConfig (MetricsConfig.java:loadFirst(134)) - Cannot locate configuration: tried hadoop-metrics2-storagecontainermanager.properties,hadoop-metrics2.properties
2019-11-16 00:26:24,357 [main] INFO  impl.MetricsSystemImpl (MetricsSystemImpl.java:startTimer(374)) - Scheduled Metric snapshot period at 10 second(s).
2019-11-16 00:26:24,357 [main] INFO  impl.MetricsSystemImpl (MetricsSystemImpl.java:start(191)) - StorageContainerManager metrics system started
2019-11-16 00:26:24,407 [main] WARN  impl.MetricsSystemImpl (MetricsSystemImpl.java:register(276)) - Sink prometheus already exists!
2019-11-16 00:26:24,456 [main] INFO  server.SCMClientProtocolServer (SCMClientProtocolServer.java:start(160)) - RPC server for Client  is listening at /0.0.0.0:44401
2019-11-16 00:26:24,457 [IPC Server Responder] INFO  ipc.Server (Server.java:run(1314)) - IPC Server Responder: starting
2019-11-16 00:26:24,457 [IPC Server listener on 44401] INFO  ipc.Server (Server.java:run(1153)) - IPC Server listener on 44401: starting
2019-11-16 00:26:24,459 [main] INFO  server.StorageContainerManager (StorageContainerManager.java:start(776)) - ScmBlockLocationProtocol RPC server is listening at /0.0.0.0:36711
2019-11-16 00:26:24,460 [main] INFO  server.SCMBlockProtocolServer (SCMBlockProtocolServer.java:start(146)) - RPC server for Block Protocol is listening at /0.0.0.0:36711
2019-11-16 00:26:24,460 [IPC Server Responder] INFO  ipc.Server (Server.java:run(1314)) - IPC Server Responder: starting
2019-11-16 00:26:24,460 [IPC Server listener on 36711] INFO  ipc.Server (Server.java:run(1153)) - IPC Server listener on 36711: starting
2019-11-16 00:26:24,463 [main] INFO  server.StorageContainerManager (StorageContainerManager.java:start(780)) - ScmDatanodeProtocl RPC server is listening at /0.0.0.0:42806
2019-11-16 00:26:24,463 [main] INFO  server.SCMDatanodeProtocolServer (SCMDatanodeProtocolServer.java:start(169)) - RPC server for DataNodes is listening at /0.0.0.0:42806
2019-11-16 00:26:24,463 [IPC Server Responder] INFO  ipc.Server (Server.java:run(1314)) - IPC Server Responder: starting
2019-11-16 00:26:24,463 [IPC Server listener on 42806] INFO  ipc.Server (Server.java:run(1153)) - IPC Server listener on 42806: starting
2019-11-16 00:26:24,466 [main] INFO  http.HttpServer2 (HttpServer2.java:bindListener(1191)) - Jetty bound to port 42790
2019-11-16 00:26:24,467 [main] INFO  server.Server (Server.java:doStart(351)) - jetty-9.3.25.v20180904, build timestamp: 2018-09-04T21:11:46Z, git hash: 3ce520221d0240229c862b122d2b06c12a625732
2019-11-16 00:26:24,468 [main] INFO  handler.ContextHandler (ContextHandler.java:doStart(781)) - Started o.e.j.s.ServletContextHandler@29bbc391{/logs,file:///workdir/hadoop-ozone/integration-test/target/log,AVAILABLE}
2019-11-16 00:26:24,468 [main] INFO  handler.ContextHandler (ContextHandler.java:doStart(781)) - Started o.e.j.s.ServletContextHandler@530ee28b{/static,file:///workdir/hadoop-ozone/integration-test/target/test-classes/webapps/static,AVAILABLE}
2019-11-16 00:26:24,472 [main] INFO  handler.ContextHandler (ContextHandler.java:doStart(781)) - Started o.e.j.w.WebAppContext@52ba685a{/,file:///workdir/hadoop-ozone/integration-test/target/test-classes/webapps/scm/,AVAILABLE}{/scm}
2019-11-16 00:26:24,472 [main] INFO  server.AbstractConnector (AbstractConnector.java:doStart(278)) - Started ServerConnector@63d677f5{HTTP/1.1,[http/1.1]}{0.0.0.0:42790}
2019-11-16 00:26:24,473 [main] INFO  server.Server (Server.java:doStart(419)) - Started @240086ms
2019-11-16 00:26:24,474 [main] WARN  impl.MetricsSystemImpl (MetricsSystemImpl.java:register(276)) - Sink prometheus already exists!
2019-11-16 00:26:24,475 [main] INFO  server.BaseHttpServer (BaseHttpServer.java:updateConnectorAddress(215)) - HTTP server of SCM is listening at http://0.0.0.0:42790
2019-11-16 00:26:24,476 [main] WARN  server.ServerUtils (ServerUtils.java:getDBPath(222)) - ozone.om.db.dirs is not configured. We recommend adding this setting. Falling back to ozone.metadata.dirs instead.
2019-11-16 00:26:24,476 [org.apache.hadoop.util.JvmPauseMonitor$Monitor@2997ddfc] INFO  util.JvmPauseMonitor (JvmPauseMonitor.java:run(188)) - Starting JVM pause monitor
2019-11-16 00:26:24,490 [main] INFO  ha.OMHANodeDetails (OMHANodeDetails.java:loadOMHAConfig(190)) - Configuration either no ozone.om.address set. Falling back to the default OM address /127.0.0.1:0
2019-11-16 00:26:24,490 [main] INFO  ha.OMHANodeDetails (OMHANodeDetails.java:getOMNodeDetails(220)) - OM Service ID is not set. Setting it to the default ID: omServiceIdDefault
2019-11-16 00:26:24,491 [main] WARN  server.ServerUtils (ServerUtils.java:getDBPath(222)) - ozone.om.db.dirs is not configured. We recommend adding this setting. Falling back to ozone.metadata.dirs instead.
2019-11-16 00:26:24,491 [main] WARN  server.ServerUtils (ServerUtils.java:getDBPath(222)) - ozone.om.db.dirs is not configured. We recommend adding this setting. Falling back to ozone.metadata.dirs instead.
2019-11-16 00:26:24,498 [main] WARN  server.ServerUtils (ServerUtils.java:getDBPath(222)) - ozone.om.db.dirs is not configured. We recommend adding this setting. Falling back to ozone.metadata.dirs instead.
2019-11-16 00:26:24,499 [main] INFO  db.DBStoreBuilder (DBStoreBuilder.java:addTable(127)) - using custom profile for table: userTable
2019-11-16 00:26:24,499 [main] INFO  db.DBStoreBuilder (DBStoreBuilder.java:processTables(183)) - Using default column profile:DBProfile.DISK for Table:userTable
2019-11-16 00:26:24,499 [main] INFO  db.DBStoreBuilder (DBStoreBuilder.java:addTable(127)) - using custom profile for table: volumeTable
2019-11-16 00:26:24,499 [main] INFO  db.DBStoreBuilder (DBStoreBuilder.java:processTables(183)) - Using default column profile:DBProfile.DISK for Table:volumeTable
2019-11-16 00:26:24,500 [main] INFO  db.DBStoreBuilder (DBStoreBuilder.java:addTable(127)) - using custom profile for table: bucketTable
2019-11-16 00:26:24,500 [main] INFO  db.DBStoreBuilder (DBStoreBuilder.java:processTables(183)) - Using default column profile:DBProfile.DISK for Table:bucketTable
2019-11-16 00:26:24,500 [main] INFO  db.DBStoreBuilder (DBStoreBuilder.java:addTable(127)) - using custom profile for table: keyTable
2019-11-16 00:26:24,500 [main] INFO  db.DBStoreBuilder (DBStoreBuilder.java:processTables(183)) - Using default column profile:DBProfile.DISK for Table:keyTable
2019-11-16 00:26:24,501 [main] INFO  db.DBStoreBuilder (DBStoreBuilder.java:addTable(127)) - using custom profile for table: deletedTable
2019-11-16 00:26:24,501 [main] INFO  db.DBStoreBuilder (DBStoreBuilder.java:processTables(183)) - Using default column profile:DBProfile.DISK for Table:deletedTable
2019-11-16 00:26:24,501 [main] INFO  db.DBStoreBuilder (DBStoreBuilder.java:addTable(127)) - using custom profile for table: openKeyTable
2019-11-16 00:26:24,501 [main] INFO  db.DBStoreBuilder (DBStoreBuilder.java:processTables(183)) - Using default column profile:DBProfile.DISK for Table:openKeyTable
2019-11-16 00:26:24,501 [main] INFO  db.DBStoreBuilder (DBStoreBuilder.java:addTable(127)) - using custom profile for table: s3Table
2019-11-16 00:26:24,502 [main] INFO  db.DBStoreBuilder (DBStoreBuilder.java:processTables(183)) - Using default column profile:DBProfile.DISK for Table:s3Table
2019-11-16 00:26:24,502 [main] INFO  db.DBStoreBuilder (DBStoreBuilder.java:addTable(127)) - using custom profile for table: multipartInfoTable
2019-11-16 00:26:24,502 [main] INFO  db.DBStoreBuilder (DBStoreBuilder.java:processTables(183)) - Using default column profile:DBProfile.DISK for Table:multipartInfoTable
2019-11-16 00:26:24,502 [main] INFO  db.DBStoreBuilder (DBStoreBuilder.java:addTable(127)) - using custom profile for table: dTokenTable
2019-11-16 00:26:24,502 [main] INFO  db.DBStoreBuilder (DBStoreBuilder.java:processTables(183)) - Using default column profile:DBProfile.DISK for Table:dTokenTable
2019-11-16 00:26:24,503 [main] INFO  db.DBStoreBuilder (DBStoreBuilder.java:addTable(127)) - using custom profile for table: s3SecretTable
2019-11-16 00:26:24,503 [main] INFO  db.DBStoreBuilder (DBStoreBuilder.java:processTables(183)) - Using default column profile:DBProfile.DISK for Table:s3SecretTable
2019-11-16 00:26:24,503 [main] INFO  db.DBStoreBuilder (DBStoreBuilder.java:addTable(127)) - using custom profile for table: prefixTable
2019-11-16 00:26:24,503 [main] INFO  db.DBStoreBuilder (DBStoreBuilder.java:processTables(183)) - Using default column profile:DBProfile.DISK for Table:prefixTable
2019-11-16 00:26:24,504 [main] INFO  db.DBStoreBuilder (DBStoreBuilder.java:addTable(127)) - using custom profile for table: default
2019-11-16 00:26:24,504 [main] INFO  db.DBStoreBuilder (DBStoreBuilder.java:processTables(189)) - Using default column profile:DBProfile.DISK for Table:default
2019-11-16 00:26:24,504 [main] INFO  db.DBStoreBuilder (DBStoreBuilder.java:getDbProfile(220)) - Using default options. DBProfile.DISK
2019-11-16 00:26:24,968 [main] INFO  ipc.CallQueueManager (CallQueueManager.java:<init>(84)) - Using callQueue: class java.util.concurrent.LinkedBlockingQueue, queueCapacity: 2000, scheduler: class org.apache.hadoop.ipc.DefaultRpcScheduler, ipcBackoff: false.
2019-11-16 00:26:24,969 [Socket Reader #1 for port 35384] INFO  ipc.Server (Server.java:run(1074)) - Starting Socket Reader #1 for port 35384
2019-11-16 00:26:24,983 [main] INFO  om.OzoneManager (OzoneManager.java:start(1077)) - OzoneManager RPC server is listening at localhost/127.0.0.1:35384
2019-11-16 00:26:24,983 [main] INFO  impl.MetricsSystemImpl (MetricsSystemImpl.java:init(158)) - OzoneManager metrics system started (again)
2019-11-16 00:26:24,984 [IPC Server Responder] INFO  ipc.Server (Server.java:run(1314)) - IPC Server Responder: starting
2019-11-16 00:26:24,985 [IPC Server listener on 35384] INFO  ipc.Server (Server.java:run(1153)) - IPC Server listener on 35384: starting
2019-11-16 00:26:24,989 [main] INFO  hdfs.DFSUtil (DFSUtil.java:httpServerTemplateForNNAndJN(1641)) - Starting Web-server for ozoneManager at: http://0.0.0.0:0
2019-11-16 00:26:24,991 [main] INFO  server.AuthenticationFilter (AuthenticationFilter.java:constructSecretProvider(240)) - Unable to initialize FileSignerSecretProvider, falling back to use random secrets.
2019-11-16 00:26:24,992 [main] WARN  http.HttpRequestLog (HttpRequestLog.java:getRequestLog(97)) - Jetty request log can only be enabled using Log4j
2019-11-16 00:26:24,994 [main] INFO  http.HttpServer2 (HttpServer2.java:addGlobalFilter(975)) - Added global filter 'safety' (class=org.apache.hadoop.http.HttpServer2$QuotingInputFilter)
2019-11-16 00:26:24,995 [main] INFO  http.HttpServer2 (HttpServer2.java:addFilter(948)) - Added filter static_user_filter (class=org.apache.hadoop.http.lib.StaticUserWebFilter$StaticUserFilter) to context ozoneManager
2019-11-16 00:26:24,995 [main] INFO  http.HttpServer2 (HttpServer2.java:addFilter(958)) - Added filter static_user_filter (class=org.apache.hadoop.http.lib.StaticUserWebFilter$StaticUserFilter) to context logs
2019-11-16 00:26:24,995 [main] INFO  http.HttpServer2 (HttpServer2.java:addFilter(958)) - Added filter static_user_filter (class=org.apache.hadoop.http.lib.StaticUserWebFilter$StaticUserFilter) to context static
2019-11-16 00:26:24,996 [main] INFO  http.HttpServer2 (HttpServer2.java:bindListener(1191)) - Jetty bound to port 44461
2019-11-16 00:26:24,996 [main] INFO  server.Server (Server.java:doStart(351)) - jetty-9.3.25.v20180904, build timestamp: 2018-09-04T21:11:46Z, git hash: 3ce520221d0240229c862b122d2b06c12a625732
2019-11-16 00:26:24,998 [main] INFO  handler.ContextHandler (ContextHandler.java:doStart(781)) - Started o.e.j.s.ServletContextHandler@70d4f672{/logs,file:///workdir/hadoop-ozone/integration-test/target/log,AVAILABLE}
2019-11-16 00:26:24,999 [main] INFO  handler.ContextHandler (ContextHandler.java:doStart(781)) - Started o.e.j.s.ServletContextHandler@50cdfafa{/static,file:///workdir/hadoop-ozone/integration-test/target/test-classes/webapps/static,AVAILABLE}
2019-11-16 00:26:25,004 [main] INFO  handler.ContextHandler (ContextHandler.java:doStart(781)) - Started o.e.j.w.WebAppContext@1291aab5{/,file:///workdir/hadoop-ozone/integration-test/target/test-classes/webapps/ozoneManager/,AVAILABLE}{/ozoneManager}
2019-11-16 00:26:25,005 [main] INFO  server.AbstractConnector (AbstractConnector.java:doStart(278)) - Started ServerConnector@7d133fb7{HTTP/1.1,[http/1.1]}{0.0.0.0:44461}
2019-11-16 00:26:25,006 [main] INFO  server.Server (Server.java:doStart(419)) - Started @240619ms
2019-11-16 00:26:25,006 [main] WARN  impl.MetricsSystemImpl (MetricsSystemImpl.java:register(276)) - Sink prometheus already exists!
2019-11-16 00:26:25,007 [main] INFO  server.BaseHttpServer (BaseHttpServer.java:updateConnectorAddress(215)) - HTTP server of OZONEMANAGER is listening at http://0.0.0.0:44461
2019-11-16 00:26:25,031 [main] INFO  impl.MetricsSystemImpl (MetricsSystemImpl.java:init(158)) - HddsDatanode metrics system started (again)
2019-11-16 00:26:25,033 [main] INFO  ozone.HddsDatanodeService (HddsDatanodeService.java:start(186)) - HddsDatanodeService host:pr-hdds-2501-b5dhd-1197665634 ip:192.168.69.79
2019-11-16 00:26:25,039 [main] INFO  volume.HddsVolume (HddsVolume.java:<init>(176)) - Creating Volume: /workdir/hadoop-ozone/integration-test/target/test-dir/MiniOzoneClusterImpl-ec73e7b8-24c6-4197-838c-bd0443d97e1c/datanode-0/data/containers/hdds of  storage type : DISK and capacity : 1482555576320
2019-11-16 00:26:25,039 [main] INFO  volume.VolumeSet (VolumeSet.java:initializeVolumeSet(170)) - Added Volume : /workdir/hadoop-ozone/integration-test/target/test-dir/MiniOzoneClusterImpl-ec73e7b8-24c6-4197-838c-bd0443d97e1c/datanode-0/data/containers/hdds to VolumeSet
2019-11-16 00:26:25,040 [main] INFO  volume.ThrottledAsyncChecker (ThrottledAsyncChecker.java:schedule(141)) - Scheduling a check for /workdir/hadoop-ozone/integration-test/target/test-dir/MiniOzoneClusterImpl-ec73e7b8-24c6-4197-838c-bd0443d97e1c/datanode-0/data/containers/hdds
2019-11-16 00:26:25,040 [main] INFO  volume.HddsVolumeChecker (HddsVolumeChecker.java:checkAllVolumes(204)) - Scheduled health check for volume /workdir/hadoop-ozone/integration-test/target/test-dir/MiniOzoneClusterImpl-ec73e7b8-24c6-4197-838c-bd0443d97e1c/datanode-0/data/containers/hdds
2019-11-16 00:26:25,056 [main] INFO  impl.RaftServerProxy (ConfUtils.java:logGet(43)) - raft.rpc.type = GRPC (default)
2019-11-16 00:26:25,056 [main] INFO  grpc.GrpcFactory (GrpcFactory.java:checkPooledByteBufAllocatorUseCacheForAllThreads(45)) - PERFORMANCE WARNING: useCacheForAllThreads is true that may cause Netty to create a lot garbage objects and, as a result, trigger GC.
	It is recommended to disable useCacheForAllThreads by setting -Dorg.apache.ratis.thirdparty.io.netty.allocator.useCacheForAllThreads=false in command line.
2019-11-16 00:26:25,056 [main] INFO  grpc.GrpcConfigKeys$Server (ConfUtils.java:logGet(43)) - raft.grpc.server.port = 0 (default)
2019-11-16 00:26:25,057 [main] INFO  server.GrpcService (ConfUtils.java:logGet(43)) - raft.grpc.message.size.max = 33570816 (custom)
2019-11-16 00:26:25,057 [main] INFO  server.RaftServerConfigKeys (ConfUtils.java:logGet(43)) - raft.server.log.appender.buffer.byte-limit = 33554432 (custom)
2019-11-16 00:26:25,057 [main] INFO  server.GrpcService (ConfUtils.java:logGet(43)) - raft.grpc.flow.control.window = 1MB (=1048576) (default)
2019-11-16 00:26:25,057 [main] INFO  server.RaftServerConfigKeys (ConfUtils.java:logGet(43)) - raft.server.rpc.request.timeout = 3000ms (default)
2019-11-16 00:26:25,058 [main] INFO  server.RaftServerConfigKeys (ConfUtils.java:logGet(43)) - raft.server.storage.dir = [/workdir/hadoop-ozone/integration-test/target/test-dir/MiniOzoneClusterImpl-ec73e7b8-24c6-4197-838c-bd0443d97e1c/datanode-0/data/ratis] (custom)
2019-11-16 00:26:25,059 [main] INFO  hdfs.DFSUtil (DFSUtil.java:httpServerTemplateForNNAndJN(1641)) - Starting Web-server for hddsDatanode at: http://0.0.0.0:0
2019-11-16 00:26:25,061 [main] INFO  server.AuthenticationFilter (AuthenticationFilter.java:constructSecretProvider(240)) - Unable to initialize FileSignerSecretProvider, falling back to use random secrets.
2019-11-16 00:26:25,062 [main] WARN  http.HttpRequestLog (HttpRequestLog.java:getRequestLog(97)) - Jetty request log can only be enabled using Log4j
2019-11-16 00:26:25,064 [main] INFO  http.HttpServer2 (HttpServer2.java:addGlobalFilter(975)) - Added global filter 'safety' (class=org.apache.hadoop.http.HttpServer2$QuotingInputFilter)
2019-11-16 00:26:25,064 [main] INFO  http.HttpServer2 (HttpServer2.java:addFilter(948)) - Added filter static_user_filter (class=org.apache.hadoop.http.lib.StaticUserWebFilter$StaticUserFilter) to context hddsDatanode
2019-11-16 00:26:25,064 [main] INFO  http.HttpServer2 (HttpServer2.java:addFilter(958)) - Added filter static_user_filter (class=org.apache.hadoop.http.lib.StaticUserWebFilter$StaticUserFilter) to context static
2019-11-16 00:26:25,065 [main] INFO  http.HttpServer2 (HttpServer2.java:addFilter(958)) - Added filter static_user_filter (class=org.apache.hadoop.http.lib.StaticUserWebFilter$StaticUserFilter) to context logs
2019-11-16 00:26:25,065 [main] INFO  http.HttpServer2 (HttpServer2.java:bindListener(1191)) - Jetty bound to port 42178
2019-11-16 00:26:25,066 [main] INFO  server.Server (Server.java:doStart(351)) - jetty-9.3.25.v20180904, build timestamp: 2018-09-04T21:11:46Z, git hash: 3ce520221d0240229c862b122d2b06c12a625732
2019-11-16 00:26:25,067 [main] INFO  handler.ContextHandler (ContextHandler.java:doStart(781)) - Started o.e.j.s.ServletContextHandler@61d60e38{/logs,file:///workdir/hadoop-ozone/integration-test/target/log,AVAILABLE}
2019-11-16 00:26:25,068 [main] INFO  handler.ContextHandler (ContextHandler.java:doStart(781)) - Started o.e.j.s.ServletContextHandler@404ced67{/static,jar:file:/home/user/.m2/repository/org/apache/hadoop/hadoop-hdds-container-service/0.5.0-SNAPSHOT/hadoop-hdds-container-service-0.5.0-SNAPSHOT.jar!/webapps/static,AVAILABLE}
2019-11-16 00:26:25,098 [main] INFO  handler.ContextHandler (ContextHandler.java:doStart(781)) - Started o.e.j.w.WebAppContext@23e61112{/,file:///tmp/jetty-0.0.0.0-42178-hddsDatanode-_-any-2335040840563876130.dir/webapp/,AVAILABLE}{/hddsDatanode}
2019-11-16 00:26:25,098 [main] INFO  server.AbstractConnector (AbstractConnector.java:doStart(278)) - Started ServerConnector@58a7dc4{HTTP/1.1,[http/1.1]}{0.0.0.0:42178}
2019-11-16 00:26:25,099 [main] INFO  server.Server (Server.java:doStart(419)) - Started @240712ms
2019-11-16 00:26:25,099 [main] WARN  impl.MetricsSystemImpl (MetricsSystemImpl.java:register(276)) - Sink prometheus already exists!
2019-11-16 00:26:25,100 [main] INFO  server.BaseHttpServer (BaseHttpServer.java:updateConnectorAddress(215)) - HTTP server of HDDSDATANODE is listening at http://0.0.0.0:42178
2019-11-16 00:26:25,100 [main] INFO  impl.MetricsSystemImpl (MetricsSystemImpl.java:init(158)) - HddsDatanode metrics system started (again)
2019-11-16 00:26:25,103 [org.apache.hadoop.util.JvmPauseMonitor$Monitor@772bc13a] INFO  util.JvmPauseMonitor (JvmPauseMonitor.java:run(188)) - Starting JVM pause monitor
2019-11-16 00:26:25,103 [main] INFO  ozone.HddsDatanodeService (HddsDatanodeService.java:start(186)) - HddsDatanodeService host:pr-hdds-2501-b5dhd-1197665634 ip:192.168.69.79
2019-11-16 00:26:25,105 [Datanode State Machine Thread - 0] INFO  datanode.InitDatanodeState (InitDatanodeState.java:persistContainerDatanodeDetails(140)) - DatanodeDetails is persisted to /workdir/hadoop-ozone/integration-test/target/test-dir/MiniOzoneClusterImpl-ec73e7b8-24c6-4197-838c-bd0443d97e1c/datanode-0/meta/datanode.id
2019-11-16 00:26:25,109 [main] INFO  volume.HddsVolume (HddsVolume.java:<init>(176)) - Creating Volume: /workdir/hadoop-ozone/integration-test/target/test-dir/MiniOzoneClusterImpl-ec73e7b8-24c6-4197-838c-bd0443d97e1c/datanode-1/data/containers/hdds of  storage type : DISK and capacity : 1482555576320
2019-11-16 00:26:25,109 [main] INFO  volume.VolumeSet (VolumeSet.java:initializeVolumeSet(170)) - Added Volume : /workdir/hadoop-ozone/integration-test/target/test-dir/MiniOzoneClusterImpl-ec73e7b8-24c6-4197-838c-bd0443d97e1c/datanode-1/data/containers/hdds to VolumeSet
2019-11-16 00:26:25,110 [main] INFO  volume.ThrottledAsyncChecker (ThrottledAsyncChecker.java:schedule(141)) - Scheduling a check for /workdir/hadoop-ozone/integration-test/target/test-dir/MiniOzoneClusterImpl-ec73e7b8-24c6-4197-838c-bd0443d97e1c/datanode-1/data/containers/hdds
2019-11-16 00:26:25,110 [main] INFO  volume.HddsVolumeChecker (HddsVolumeChecker.java:checkAllVolumes(204)) - Scheduled health check for volume /workdir/hadoop-ozone/integration-test/target/test-dir/MiniOzoneClusterImpl-ec73e7b8-24c6-4197-838c-bd0443d97e1c/datanode-1/data/containers/hdds
2019-11-16 00:26:25,120 [main] INFO  impl.RaftServerProxy (ConfUtils.java:logGet(43)) - raft.rpc.type = GRPC (default)
2019-11-16 00:26:25,120 [main] INFO  grpc.GrpcFactory (GrpcFactory.java:checkPooledByteBufAllocatorUseCacheForAllThreads(45)) - PERFORMANCE WARNING: useCacheForAllThreads is true that may cause Netty to create a lot garbage objects and, as a result, trigger GC.
	It is recommended to disable useCacheForAllThreads by setting -Dorg.apache.ratis.thirdparty.io.netty.allocator.useCacheForAllThreads=false in command line.
2019-11-16 00:26:25,120 [main] INFO  grpc.GrpcConfigKeys$Server (ConfUtils.java:logGet(43)) - raft.grpc.server.port = 0 (default)
2019-11-16 00:26:25,120 [main] INFO  server.GrpcService (ConfUtils.java:logGet(43)) - raft.grpc.message.size.max = 33570816 (custom)
2019-11-16 00:26:25,120 [main] INFO  server.RaftServerConfigKeys (ConfUtils.java:logGet(43)) - raft.server.log.appender.buffer.byte-limit = 33554432 (custom)
2019-11-16 00:26:25,120 [main] INFO  server.GrpcService (ConfUtils.java:logGet(43)) - raft.grpc.flow.control.window = 1MB (=1048576) (default)
2019-11-16 00:26:25,121 [main] INFO  server.RaftServerConfigKeys (ConfUtils.java:logGet(43)) - raft.server.rpc.request.timeout = 3000ms (default)
2019-11-16 00:26:25,121 [main] INFO  server.RaftServerConfigKeys (ConfUtils.java:logGet(43)) - raft.server.storage.dir = [/workdir/hadoop-ozone/integration-test/target/test-dir/MiniOzoneClusterImpl-ec73e7b8-24c6-4197-838c-bd0443d97e1c/datanode-1/data/ratis] (custom)
2019-11-16 00:26:25,122 [main] INFO  hdfs.DFSUtil (DFSUtil.java:httpServerTemplateForNNAndJN(1641)) - Starting Web-server for hddsDatanode at: http://0.0.0.0:0
2019-11-16 00:26:25,124 [main] INFO  server.AuthenticationFilter (AuthenticationFilter.java:constructSecretProvider(240)) - Unable to initialize FileSignerSecretProvider, falling back to use random secrets.
2019-11-16 00:26:25,124 [main] WARN  http.HttpRequestLog (HttpRequestLog.java:getRequestLog(97)) - Jetty request log can only be enabled using Log4j
2019-11-16 00:26:25,126 [main] INFO  http.HttpServer2 (HttpServer2.java:addGlobalFilter(975)) - Added global filter 'safety' (class=org.apache.hadoop.http.HttpServer2$QuotingInputFilter)
2019-11-16 00:26:25,127 [main] INFO  http.HttpServer2 (HttpServer2.java:addFilter(948)) - Added filter static_user_filter (class=org.apache.hadoop.http.lib.StaticUserWebFilter$StaticUserFilter) to context hddsDatanode
2019-11-16 00:26:25,127 [main] INFO  http.HttpServer2 (HttpServer2.java:addFilter(958)) - Added filter static_user_filter (class=org.apache.hadoop.http.lib.StaticUserWebFilter$StaticUserFilter) to context static
2019-11-16 00:26:25,127 [main] INFO  http.HttpServer2 (HttpServer2.java:addFilter(958)) - Added filter static_user_filter (class=org.apache.hadoop.http.lib.StaticUserWebFilter$StaticUserFilter) to context logs
2019-11-16 00:26:25,128 [main] INFO  http.HttpServer2 (HttpServer2.java:bindListener(1191)) - Jetty bound to port 46000
2019-11-16 00:26:25,128 [main] INFO  server.Server (Server.java:doStart(351)) - jetty-9.3.25.v20180904, build timestamp: 2018-09-04T21:11:46Z, git hash: 3ce520221d0240229c862b122d2b06c12a625732
2019-11-16 00:26:25,130 [main] INFO  handler.ContextHandler (ContextHandler.java:doStart(781)) - Started o.e.j.s.ServletContextHandler@6b42e36d{/logs,file:///workdir/hadoop-ozone/integration-test/target/log,AVAILABLE}
2019-11-16 00:26:25,130 [main] INFO  handler.ContextHandler (ContextHandler.java:doStart(781)) - Started o.e.j.s.ServletContextHandler@79195c22{/static,jar:file:/home/user/.m2/repository/org/apache/hadoop/hadoop-hdds-container-service/0.5.0-SNAPSHOT/hadoop-hdds-container-service-0.5.0-SNAPSHOT.jar!/webapps/static,AVAILABLE}
2019-11-16 00:26:25,162 [main] INFO  handler.ContextHandler (ContextHandler.java:doStart(781)) - Started o.e.j.w.WebAppContext@403364e9{/,file:///tmp/jetty-0.0.0.0-46000-hddsDatanode-_-any-1635385417512385895.dir/webapp/,AVAILABLE}{/hddsDatanode}
2019-11-16 00:26:25,162 [main] INFO  server.AbstractConnector (AbstractConnector.java:doStart(278)) - Started ServerConnector@447521e{HTTP/1.1,[http/1.1]}{0.0.0.0:46000}
2019-11-16 00:26:25,162 [main] INFO  server.Server (Server.java:doStart(419)) - Started @240775ms
2019-11-16 00:26:25,163 [main] WARN  impl.MetricsSystemImpl (MetricsSystemImpl.java:register(276)) - Sink prometheus already exists!
2019-11-16 00:26:25,164 [main] INFO  server.BaseHttpServer (BaseHttpServer.java:updateConnectorAddress(215)) - HTTP server of HDDSDATANODE is listening at http://0.0.0.0:46000
2019-11-16 00:26:25,164 [main] INFO  impl.MetricsSystemImpl (MetricsSystemImpl.java:init(158)) - HddsDatanode metrics system started (again)
2019-11-16 00:26:25,166 [org.apache.hadoop.util.JvmPauseMonitor$Monitor@457d615c] INFO  util.JvmPauseMonitor (JvmPauseMonitor.java:run(188)) - Starting JVM pause monitor
2019-11-16 00:26:25,167 [main] INFO  ozone.HddsDatanodeService (HddsDatanodeService.java:start(186)) - HddsDatanodeService host:pr-hdds-2501-b5dhd-1197665634 ip:192.168.69.79
2019-11-16 00:26:25,167 [Datanode State Machine Thread - 0] INFO  datanode.InitDatanodeState (InitDatanodeState.java:persistContainerDatanodeDetails(140)) - DatanodeDetails is persisted to /workdir/hadoop-ozone/integration-test/target/test-dir/MiniOzoneClusterImpl-ec73e7b8-24c6-4197-838c-bd0443d97e1c/datanode-1/meta/datanode.id
2019-11-16 00:26:25,172 [main] INFO  volume.HddsVolume (HddsVolume.java:<init>(176)) - Creating Volume: /workdir/hadoop-ozone/integration-test/target/test-dir/MiniOzoneClusterImpl-ec73e7b8-24c6-4197-838c-bd0443d97e1c/datanode-2/data/containers/hdds of  storage type : DISK and capacity : 1482555576320
2019-11-16 00:26:25,173 [main] INFO  volume.VolumeSet (VolumeSet.java:initializeVolumeSet(170)) - Added Volume : /workdir/hadoop-ozone/integration-test/target/test-dir/MiniOzoneClusterImpl-ec73e7b8-24c6-4197-838c-bd0443d97e1c/datanode-2/data/containers/hdds to VolumeSet
2019-11-16 00:26:25,173 [main] INFO  volume.ThrottledAsyncChecker (ThrottledAsyncChecker.java:schedule(141)) - Scheduling a check for /workdir/hadoop-ozone/integration-test/target/test-dir/MiniOzoneClusterImpl-ec73e7b8-24c6-4197-838c-bd0443d97e1c/datanode-2/data/containers/hdds
2019-11-16 00:26:25,173 [main] INFO  volume.HddsVolumeChecker (HddsVolumeChecker.java:checkAllVolumes(204)) - Scheduled health check for volume /workdir/hadoop-ozone/integration-test/target/test-dir/MiniOzoneClusterImpl-ec73e7b8-24c6-4197-838c-bd0443d97e1c/datanode-2/data/containers/hdds
2019-11-16 00:26:25,184 [main] INFO  impl.RaftServerProxy (ConfUtils.java:logGet(43)) - raft.rpc.type = GRPC (default)
2019-11-16 00:26:25,184 [main] INFO  grpc.GrpcFactory (GrpcFactory.java:checkPooledByteBufAllocatorUseCacheForAllThreads(45)) - PERFORMANCE WARNING: useCacheForAllThreads is true that may cause Netty to create a lot garbage objects and, as a result, trigger GC.
	It is recommended to disable useCacheForAllThreads by setting -Dorg.apache.ratis.thirdparty.io.netty.allocator.useCacheForAllThreads=false in command line.
2019-11-16 00:26:25,184 [main] INFO  grpc.GrpcConfigKeys$Server (ConfUtils.java:logGet(43)) - raft.grpc.server.port = 0 (default)
2019-11-16 00:26:25,184 [main] INFO  server.GrpcService (ConfUtils.java:logGet(43)) - raft.grpc.message.size.max = 33570816 (custom)
2019-11-16 00:26:25,184 [main] INFO  server.RaftServerConfigKeys (ConfUtils.java:logGet(43)) - raft.server.log.appender.buffer.byte-limit = 33554432 (custom)
2019-11-16 00:26:25,184 [main] INFO  server.GrpcService (ConfUtils.java:logGet(43)) - raft.grpc.flow.control.window = 1MB (=1048576) (default)
2019-11-16 00:26:25,185 [main] INFO  server.RaftServerConfigKeys (ConfUtils.java:logGet(43)) - raft.server.rpc.request.timeout = 3000ms (default)
2019-11-16 00:26:25,185 [main] INFO  server.RaftServerConfigKeys (ConfUtils.java:logGet(43)) - raft.server.storage.dir = [/workdir/hadoop-ozone/integration-test/target/test-dir/MiniOzoneClusterImpl-ec73e7b8-24c6-4197-838c-bd0443d97e1c/datanode-2/data/ratis] (custom)
2019-11-16 00:26:25,186 [main] INFO  hdfs.DFSUtil (DFSUtil.java:httpServerTemplateForNNAndJN(1641)) - Starting Web-server for hddsDatanode at: http://0.0.0.0:0
2019-11-16 00:26:25,187 [main] INFO  server.AuthenticationFilter (AuthenticationFilter.java:constructSecretProvider(240)) - Unable to initialize FileSignerSecretProvider, falling back to use random secrets.
2019-11-16 00:26:25,188 [main] WARN  http.HttpRequestLog (HttpRequestLog.java:getRequestLog(97)) - Jetty request log can only be enabled using Log4j
2019-11-16 00:26:25,189 [main] INFO  http.HttpServer2 (HttpServer2.java:addGlobalFilter(975)) - Added global filter 'safety' (class=org.apache.hadoop.http.HttpServer2$QuotingInputFilter)
2019-11-16 00:26:25,189 [main] INFO  http.HttpServer2 (HttpServer2.java:addFilter(948)) - Added filter static_user_filter (class=org.apache.hadoop.http.lib.StaticUserWebFilter$StaticUserFilter) to context hddsDatanode
2019-11-16 00:26:25,189 [main] INFO  http.HttpServer2 (HttpServer2.java:addFilter(958)) - Added filter static_user_filter (class=org.apache.hadoop.http.lib.StaticUserWebFilter$StaticUserFilter) to context static
2019-11-16 00:26:25,189 [main] INFO  http.HttpServer2 (HttpServer2.java:addFilter(958)) - Added filter static_user_filter (class=org.apache.hadoop.http.lib.StaticUserWebFilter$StaticUserFilter) to context logs
2019-11-16 00:26:25,190 [main] INFO  http.HttpServer2 (HttpServer2.java:bindListener(1191)) - Jetty bound to port 36938
2019-11-16 00:26:25,190 [main] INFO  server.Server (Server.java:doStart(351)) - jetty-9.3.25.v20180904, build timestamp: 2018-09-04T21:11:46Z, git hash: 3ce520221d0240229c862b122d2b06c12a625732
2019-11-16 00:26:25,191 [main] INFO  handler.ContextHandler (ContextHandler.java:doStart(781)) - Started o.e.j.s.ServletContextHandler@4409cae6{/logs,file:///workdir/hadoop-ozone/integration-test/target/log,AVAILABLE}
2019-11-16 00:26:25,192 [main] INFO  handler.ContextHandler (ContextHandler.java:doStart(781)) - Started o.e.j.s.ServletContextHandler@242ff747{/static,jar:file:/home/user/.m2/repository/org/apache/hadoop/hadoop-hdds-container-service/0.5.0-SNAPSHOT/hadoop-hdds-container-service-0.5.0-SNAPSHOT.jar!/webapps/static,AVAILABLE}
2019-11-16 00:26:25,220 [main] INFO  handler.ContextHandler (ContextHandler.java:doStart(781)) - Started o.e.j.w.WebAppContext@743d0d44{/,file:///tmp/jetty-0.0.0.0-36938-hddsDatanode-_-any-8397469448028188473.dir/webapp/,AVAILABLE}{/hddsDatanode}
2019-11-16 00:26:25,220 [main] INFO  server.AbstractConnector (AbstractConnector.java:doStart(278)) - Started ServerConnector@35563e4c{HTTP/1.1,[http/1.1]}{0.0.0.0:36938}
2019-11-16 00:26:25,221 [main] INFO  server.Server (Server.java:doStart(419)) - Started @240834ms
2019-11-16 00:26:25,221 [main] WARN  impl.MetricsSystemImpl (MetricsSystemImpl.java:register(276)) - Sink prometheus already exists!
2019-11-16 00:26:25,222 [main] INFO  server.BaseHttpServer (BaseHttpServer.java:updateConnectorAddress(215)) - HTTP server of HDDSDATANODE is listening at http://0.0.0.0:36938
2019-11-16 00:26:25,222 [main] INFO  impl.MetricsSystemImpl (MetricsSystemImpl.java:init(158)) - HddsDatanode metrics system started (again)
2019-11-16 00:26:25,225 [org.apache.hadoop.util.JvmPauseMonitor$Monitor@475bbc1b] INFO  util.JvmPauseMonitor (JvmPauseMonitor.java:run(188)) - Starting JVM pause monitor
2019-11-16 00:26:25,226 [main] INFO  ozone.HddsDatanodeService (HddsDatanodeService.java:start(186)) - HddsDatanodeService host:pr-hdds-2501-b5dhd-1197665634 ip:192.168.69.79
2019-11-16 00:26:25,226 [Datanode State Machine Thread - 0] INFO  datanode.InitDatanodeState (InitDatanodeState.java:persistContainerDatanodeDetails(140)) - DatanodeDetails is persisted to /workdir/hadoop-ozone/integration-test/target/test-dir/MiniOzoneClusterImpl-ec73e7b8-24c6-4197-838c-bd0443d97e1c/datanode-2/meta/datanode.id
2019-11-16 00:26:25,232 [main] INFO  volume.HddsVolume (HddsVolume.java:<init>(176)) - Creating Volume: /workdir/hadoop-ozone/integration-test/target/test-dir/MiniOzoneClusterImpl-ec73e7b8-24c6-4197-838c-bd0443d97e1c/datanode-3/data/containers/hdds of  storage type : DISK and capacity : 1482555576320
2019-11-16 00:26:25,232 [main] INFO  volume.VolumeSet (VolumeSet.java:initializeVolumeSet(170)) - Added Volume : /workdir/hadoop-ozone/integration-test/target/test-dir/MiniOzoneClusterImpl-ec73e7b8-24c6-4197-838c-bd0443d97e1c/datanode-3/data/containers/hdds to VolumeSet
2019-11-16 00:26:25,233 [main] INFO  volume.ThrottledAsyncChecker (ThrottledAsyncChecker.java:schedule(141)) - Scheduling a check for /workdir/hadoop-ozone/integration-test/target/test-dir/MiniOzoneClusterImpl-ec73e7b8-24c6-4197-838c-bd0443d97e1c/datanode-3/data/containers/hdds
2019-11-16 00:26:25,233 [main] INFO  volume.HddsVolumeChecker (HddsVolumeChecker.java:checkAllVolumes(204)) - Scheduled health check for volume /workdir/hadoop-ozone/integration-test/target/test-dir/MiniOzoneClusterImpl-ec73e7b8-24c6-4197-838c-bd0443d97e1c/datanode-3/data/containers/hdds
2019-11-16 00:26:25,250 [main] INFO  impl.RaftServerProxy (ConfUtils.java:logGet(43)) - raft.rpc.type = GRPC (default)
2019-11-16 00:26:25,250 [main] INFO  grpc.GrpcFactory (GrpcFactory.java:checkPooledByteBufAllocatorUseCacheForAllThreads(45)) - PERFORMANCE WARNING: useCacheForAllThreads is true that may cause Netty to create a lot garbage objects and, as a result, trigger GC.
	It is recommended to disable useCacheForAllThreads by setting -Dorg.apache.ratis.thirdparty.io.netty.allocator.useCacheForAllThreads=false in command line.
2019-11-16 00:26:25,251 [main] INFO  grpc.GrpcConfigKeys$Server (ConfUtils.java:logGet(43)) - raft.grpc.server.port = 0 (default)
2019-11-16 00:26:25,251 [main] INFO  server.GrpcService (ConfUtils.java:logGet(43)) - raft.grpc.message.size.max = 33570816 (custom)
2019-11-16 00:26:25,251 [main] INFO  server.RaftServerConfigKeys (ConfUtils.java:logGet(43)) - raft.server.log.appender.buffer.byte-limit = 33554432 (custom)
2019-11-16 00:26:25,251 [main] INFO  server.GrpcService (ConfUtils.java:logGet(43)) - raft.grpc.flow.control.window = 1MB (=1048576) (default)
2019-11-16 00:26:25,251 [main] INFO  server.RaftServerConfigKeys (ConfUtils.java:logGet(43)) - raft.server.rpc.request.timeout = 3000ms (default)
2019-11-16 00:26:25,252 [main] INFO  server.RaftServerConfigKeys (ConfUtils.java:logGet(43)) - raft.server.storage.dir = [/workdir/hadoop-ozone/integration-test/target/test-dir/MiniOzoneClusterImpl-ec73e7b8-24c6-4197-838c-bd0443d97e1c/datanode-3/data/ratis] (custom)
2019-11-16 00:26:25,253 [main] INFO  hdfs.DFSUtil (DFSUtil.java:httpServerTemplateForNNAndJN(1641)) - Starting Web-server for hddsDatanode at: http://0.0.0.0:0
2019-11-16 00:26:25,255 [main] INFO  server.AuthenticationFilter (AuthenticationFilter.java:constructSecretProvider(240)) - Unable to initialize FileSignerSecretProvider, falling back to use random secrets.
2019-11-16 00:26:25,255 [main] WARN  http.HttpRequestLog (HttpRequestLog.java:getRequestLog(97)) - Jetty request log can only be enabled using Log4j
2019-11-16 00:26:25,256 [main] INFO  http.HttpServer2 (HttpServer2.java:addGlobalFilter(975)) - Added global filter 'safety' (class=org.apache.hadoop.http.HttpServer2$QuotingInputFilter)
2019-11-16 00:26:25,257 [main] INFO  http.HttpServer2 (HttpServer2.java:addFilter(948)) - Added filter static_user_filter (class=org.apache.hadoop.http.lib.StaticUserWebFilter$StaticUserFilter) to context hddsDatanode
2019-11-16 00:26:25,257 [main] INFO  http.HttpServer2 (HttpServer2.java:addFilter(958)) - Added filter static_user_filter (class=org.apache.hadoop.http.lib.StaticUserWebFilter$StaticUserFilter) to context logs
2019-11-16 00:26:25,257 [main] INFO  http.HttpServer2 (HttpServer2.java:addFilter(958)) - Added filter static_user_filter (class=org.apache.hadoop.http.lib.StaticUserWebFilter$StaticUserFilter) to context static
2019-11-16 00:26:25,257 [main] INFO  http.HttpServer2 (HttpServer2.java:bindListener(1191)) - Jetty bound to port 36365
2019-11-16 00:26:25,258 [main] INFO  server.Server (Server.java:doStart(351)) - jetty-9.3.25.v20180904, build timestamp: 2018-09-04T21:11:46Z, git hash: 3ce520221d0240229c862b122d2b06c12a625732
2019-11-16 00:26:25,259 [main] INFO  handler.ContextHandler (ContextHandler.java:doStart(781)) - Started o.e.j.s.ServletContextHandler@7f0d8eff{/logs,file:///workdir/hadoop-ozone/integration-test/target/log,AVAILABLE}
2019-11-16 00:26:25,259 [main] INFO  handler.ContextHandler (ContextHandler.java:doStart(781)) - Started o.e.j.s.ServletContextHandler@3ca3648{/static,jar:file:/home/user/.m2/repository/org/apache/hadoop/hadoop-hdds-container-service/0.5.0-SNAPSHOT/hadoop-hdds-container-service-0.5.0-SNAPSHOT.jar!/webapps/static,AVAILABLE}
2019-11-16 00:26:25,290 [main] INFO  handler.ContextHandler (ContextHandler.java:doStart(781)) - Started o.e.j.w.WebAppContext@20bb85b4{/,file:///tmp/jetty-0.0.0.0-36365-hddsDatanode-_-any-2864866063938064386.dir/webapp/,AVAILABLE}{/hddsDatanode}
2019-11-16 00:26:25,290 [main] INFO  server.AbstractConnector (AbstractConnector.java:doStart(278)) - Started ServerConnector@79add732{HTTP/1.1,[http/1.1]}{0.0.0.0:36365}
2019-11-16 00:26:25,291 [main] INFO  server.Server (Server.java:doStart(419)) - Started @240904ms
2019-11-16 00:26:25,291 [main] WARN  impl.MetricsSystemImpl (MetricsSystemImpl.java:register(276)) - Sink prometheus already exists!
2019-11-16 00:26:25,293 [main] INFO  server.BaseHttpServer (BaseHttpServer.java:updateConnectorAddress(215)) - HTTP server of HDDSDATANODE is listening at http://0.0.0.0:36365
2019-11-16 00:26:25,293 [main] INFO  impl.MetricsSystemImpl (MetricsSystemImpl.java:init(158)) - HddsDatanode metrics system started (again)
2019-11-16 00:26:25,297 [org.apache.hadoop.util.JvmPauseMonitor$Monitor@6e2d7d28] INFO  util.JvmPauseMonitor (JvmPauseMonitor.java:run(188)) - Starting JVM pause monitor
2019-11-16 00:26:25,297 [main] INFO  ozone.HddsDatanodeService (HddsDatanodeService.java:start(186)) - HddsDatanodeService host:pr-hdds-2501-b5dhd-1197665634 ip:192.168.69.79
2019-11-16 00:26:25,298 [Datanode State Machine Thread - 0] INFO  datanode.InitDatanodeState (InitDatanodeState.java:persistContainerDatanodeDetails(140)) - DatanodeDetails is persisted to /workdir/hadoop-ozone/integration-test/target/test-dir/MiniOzoneClusterImpl-ec73e7b8-24c6-4197-838c-bd0443d97e1c/datanode-3/meta/datanode.id
2019-11-16 00:26:25,305 [main] INFO  volume.HddsVolume (HddsVolume.java:<init>(176)) - Creating Volume: /workdir/hadoop-ozone/integration-test/target/test-dir/MiniOzoneClusterImpl-ec73e7b8-24c6-4197-838c-bd0443d97e1c/datanode-4/data/containers/hdds of  storage type : DISK and capacity : 1482555576320
2019-11-16 00:26:25,305 [main] INFO  volume.VolumeSet (VolumeSet.java:initializeVolumeSet(170)) - Added Volume : /workdir/hadoop-ozone/integration-test/target/test-dir/MiniOzoneClusterImpl-ec73e7b8-24c6-4197-838c-bd0443d97e1c/datanode-4/data/containers/hdds to VolumeSet
2019-11-16 00:26:25,306 [main] INFO  volume.ThrottledAsyncChecker (ThrottledAsyncChecker.java:schedule(141)) - Scheduling a check for /workdir/hadoop-ozone/integration-test/target/test-dir/MiniOzoneClusterImpl-ec73e7b8-24c6-4197-838c-bd0443d97e1c/datanode-4/data/containers/hdds
2019-11-16 00:26:25,306 [main] INFO  volume.HddsVolumeChecker (HddsVolumeChecker.java:checkAllVolumes(204)) - Scheduled health check for volume /workdir/hadoop-ozone/integration-test/target/test-dir/MiniOzoneClusterImpl-ec73e7b8-24c6-4197-838c-bd0443d97e1c/datanode-4/data/containers/hdds
2019-11-16 00:26:25,326 [main] INFO  impl.RaftServerProxy (ConfUtils.java:logGet(43)) - raft.rpc.type = GRPC (default)
2019-11-16 00:26:25,327 [main] INFO  grpc.GrpcFactory (GrpcFactory.java:checkPooledByteBufAllocatorUseCacheForAllThreads(45)) - PERFORMANCE WARNING: useCacheForAllThreads is true that may cause Netty to create a lot garbage objects and, as a result, trigger GC.
	It is recommended to disable useCacheForAllThreads by setting -Dorg.apache.ratis.thirdparty.io.netty.allocator.useCacheForAllThreads=false in command line.
2019-11-16 00:26:25,327 [main] INFO  grpc.GrpcConfigKeys$Server (ConfUtils.java:logGet(43)) - raft.grpc.server.port = 0 (default)
2019-11-16 00:26:25,327 [main] INFO  server.GrpcService (ConfUtils.java:logGet(43)) - raft.grpc.message.size.max = 33570816 (custom)
2019-11-16 00:26:25,327 [main] INFO  server.RaftServerConfigKeys (ConfUtils.java:logGet(43)) - raft.server.log.appender.buffer.byte-limit = 33554432 (custom)
2019-11-16 00:26:25,328 [main] INFO  server.GrpcService (ConfUtils.java:logGet(43)) - raft.grpc.flow.control.window = 1MB (=1048576) (default)
2019-11-16 00:26:25,328 [main] INFO  server.RaftServerConfigKeys (ConfUtils.java:logGet(43)) - raft.server.rpc.request.timeout = 3000ms (default)
2019-11-16 00:26:25,328 [main] INFO  server.RaftServerConfigKeys (ConfUtils.java:logGet(43)) - raft.server.storage.dir = [/workdir/hadoop-ozone/integration-test/target/test-dir/MiniOzoneClusterImpl-ec73e7b8-24c6-4197-838c-bd0443d97e1c/datanode-4/data/ratis] (custom)
2019-11-16 00:26:25,330 [main] INFO  hdfs.DFSUtil (DFSUtil.java:httpServerTemplateForNNAndJN(1641)) - Starting Web-server for hddsDatanode at: http://0.0.0.0:0
2019-11-16 00:26:25,331 [main] INFO  server.AuthenticationFilter (AuthenticationFilter.java:constructSecretProvider(240)) - Unable to initialize FileSignerSecretProvider, falling back to use random secrets.
2019-11-16 00:26:25,332 [main] WARN  http.HttpRequestLog (HttpRequestLog.java:getRequestLog(97)) - Jetty request log can only be enabled using Log4j
2019-11-16 00:26:25,333 [main] INFO  http.HttpServer2 (HttpServer2.java:addGlobalFilter(975)) - Added global filter 'safety' (class=org.apache.hadoop.http.HttpServer2$QuotingInputFilter)
2019-11-16 00:26:25,334 [main] INFO  http.HttpServer2 (HttpServer2.java:addFilter(948)) - Added filter static_user_filter (class=org.apache.hadoop.http.lib.StaticUserWebFilter$StaticUserFilter) to context hddsDatanode
2019-11-16 00:26:25,334 [main] INFO  http.HttpServer2 (HttpServer2.java:addFilter(958)) - Added filter static_user_filter (class=org.apache.hadoop.http.lib.StaticUserWebFilter$StaticUserFilter) to context static
2019-11-16 00:26:25,334 [main] INFO  http.HttpServer2 (HttpServer2.java:addFilter(958)) - Added filter static_user_filter (class=org.apache.hadoop.http.lib.StaticUserWebFilter$StaticUserFilter) to context logs
2019-11-16 00:26:25,335 [main] INFO  http.HttpServer2 (HttpServer2.java:bindListener(1191)) - Jetty bound to port 40155
2019-11-16 00:26:25,335 [main] INFO  server.Server (Server.java:doStart(351)) - jetty-9.3.25.v20180904, build timestamp: 2018-09-04T21:11:46Z, git hash: 3ce520221d0240229c862b122d2b06c12a625732
2019-11-16 00:26:25,337 [main] INFO  handler.ContextHandler (ContextHandler.java:doStart(781)) - Started o.e.j.s.ServletContextHandler@4d81e83a{/logs,file:///workdir/hadoop-ozone/integration-test/target/log,AVAILABLE}
2019-11-16 00:26:25,338 [main] INFO  handler.ContextHandler (ContextHandler.java:doStart(781)) - Started o.e.j.s.ServletContextHandler@7cf8f45a{/static,jar:file:/home/user/.m2/repository/org/apache/hadoop/hadoop-hdds-container-service/0.5.0-SNAPSHOT/hadoop-hdds-container-service-0.5.0-SNAPSHOT.jar!/webapps/static,AVAILABLE}
2019-11-16 00:26:25,375 [main] INFO  handler.ContextHandler (ContextHandler.java:doStart(781)) - Started o.e.j.w.WebAppContext@7c71c889{/,file:///tmp/jetty-0.0.0.0-40155-hddsDatanode-_-any-1141897354245618446.dir/webapp/,AVAILABLE}{/hddsDatanode}
2019-11-16 00:26:25,375 [main] INFO  server.AbstractConnector (AbstractConnector.java:doStart(278)) - Started ServerConnector@4cc8d70d{HTTP/1.1,[http/1.1]}{0.0.0.0:40155}
2019-11-16 00:26:25,375 [main] INFO  server.Server (Server.java:doStart(419)) - Started @240988ms
2019-11-16 00:26:25,377 [main] WARN  impl.MetricsSystemImpl (MetricsSystemImpl.java:register(276)) - Sink prometheus already exists!
2019-11-16 00:26:25,378 [main] INFO  server.BaseHttpServer (BaseHttpServer.java:updateConnectorAddress(215)) - HTTP server of HDDSDATANODE is listening at http://0.0.0.0:40155
2019-11-16 00:26:25,378 [main] INFO  impl.MetricsSystemImpl (MetricsSystemImpl.java:init(158)) - HddsDatanode metrics system started (again)
2019-11-16 00:26:25,381 [org.apache.hadoop.util.JvmPauseMonitor$Monitor@1d0187b0] INFO  util.JvmPauseMonitor (JvmPauseMonitor.java:run(188)) - Starting JVM pause monitor
2019-11-16 00:26:25,381 [main] INFO  ozone.HddsDatanodeService (HddsDatanodeService.java:start(186)) - HddsDatanodeService host:pr-hdds-2501-b5dhd-1197665634 ip:192.168.69.79
2019-11-16 00:26:25,383 [Datanode State Machine Thread - 0] INFO  datanode.InitDatanodeState (InitDatanodeState.java:persistContainerDatanodeDetails(140)) - DatanodeDetails is persisted to /workdir/hadoop-ozone/integration-test/target/test-dir/MiniOzoneClusterImpl-ec73e7b8-24c6-4197-838c-bd0443d97e1c/datanode-4/meta/datanode.id
2019-11-16 00:26:25,389 [main] INFO  volume.HddsVolume (HddsVolume.java:<init>(176)) - Creating Volume: /workdir/hadoop-ozone/integration-test/target/test-dir/MiniOzoneClusterImpl-ec73e7b8-24c6-4197-838c-bd0443d97e1c/datanode-5/data/containers/hdds of  storage type : DISK and capacity : 1482555576320
2019-11-16 00:26:25,389 [main] INFO  volume.VolumeSet (VolumeSet.java:initializeVolumeSet(170)) - Added Volume : /workdir/hadoop-ozone/integration-test/target/test-dir/MiniOzoneClusterImpl-ec73e7b8-24c6-4197-838c-bd0443d97e1c/datanode-5/data/containers/hdds to VolumeSet
2019-11-16 00:26:25,389 [main] INFO  volume.ThrottledAsyncChecker (ThrottledAsyncChecker.java:schedule(141)) - Scheduling a check for /workdir/hadoop-ozone/integration-test/target/test-dir/MiniOzoneClusterImpl-ec73e7b8-24c6-4197-838c-bd0443d97e1c/datanode-5/data/containers/hdds
2019-11-16 00:26:25,390 [main] INFO  volume.HddsVolumeChecker (HddsVolumeChecker.java:checkAllVolumes(204)) - Scheduled health check for volume /workdir/hadoop-ozone/integration-test/target/test-dir/MiniOzoneClusterImpl-ec73e7b8-24c6-4197-838c-bd0443d97e1c/datanode-5/data/containers/hdds
2019-11-16 00:26:25,407 [main] INFO  impl.RaftServerProxy (ConfUtils.java:logGet(43)) - raft.rpc.type = GRPC (default)
2019-11-16 00:26:25,407 [main] INFO  grpc.GrpcFactory (GrpcFactory.java:checkPooledByteBufAllocatorUseCacheForAllThreads(45)) - PERFORMANCE WARNING: useCacheForAllThreads is true that may cause Netty to create a lot garbage objects and, as a result, trigger GC.
	It is recommended to disable useCacheForAllThreads by setting -Dorg.apache.ratis.thirdparty.io.netty.allocator.useCacheForAllThreads=false in command line.
2019-11-16 00:26:25,408 [main] INFO  grpc.GrpcConfigKeys$Server (ConfUtils.java:logGet(43)) - raft.grpc.server.port = 0 (default)
2019-11-16 00:26:25,408 [main] INFO  server.GrpcService (ConfUtils.java:logGet(43)) - raft.grpc.message.size.max = 33570816 (custom)
2019-11-16 00:26:25,408 [main] INFO  server.RaftServerConfigKeys (ConfUtils.java:logGet(43)) - raft.server.log.appender.buffer.byte-limit = 33554432 (custom)
2019-11-16 00:26:25,408 [main] INFO  server.GrpcService (ConfUtils.java:logGet(43)) - raft.grpc.flow.control.window = 1MB (=1048576) (default)
2019-11-16 00:26:25,409 [main] INFO  server.RaftServerConfigKeys (ConfUtils.java:logGet(43)) - raft.server.rpc.request.timeout = 3000ms (default)
2019-11-16 00:26:25,409 [main] INFO  server.RaftServerConfigKeys (ConfUtils.java:logGet(43)) - raft.server.storage.dir = [/workdir/hadoop-ozone/integration-test/target/test-dir/MiniOzoneClusterImpl-ec73e7b8-24c6-4197-838c-bd0443d97e1c/datanode-5/data/ratis] (custom)
2019-11-16 00:26:25,411 [main] INFO  hdfs.DFSUtil (DFSUtil.java:httpServerTemplateForNNAndJN(1641)) - Starting Web-server for hddsDatanode at: http://0.0.0.0:0
2019-11-16 00:26:25,412 [main] INFO  server.AuthenticationFilter (AuthenticationFilter.java:constructSecretProvider(240)) - Unable to initialize FileSignerSecretProvider, falling back to use random secrets.
2019-11-16 00:26:25,413 [main] WARN  http.HttpRequestLog (HttpRequestLog.java:getRequestLog(97)) - Jetty request log can only be enabled using Log4j
2019-11-16 00:26:25,414 [main] INFO  http.HttpServer2 (HttpServer2.java:addGlobalFilter(975)) - Added global filter 'safety' (class=org.apache.hadoop.http.HttpServer2$QuotingInputFilter)
2019-11-16 00:26:25,415 [main] INFO  http.HttpServer2 (HttpServer2.java:addFilter(948)) - Added filter static_user_filter (class=org.apache.hadoop.http.lib.StaticUserWebFilter$StaticUserFilter) to context hddsDatanode
2019-11-16 00:26:25,415 [main] INFO  http.HttpServer2 (HttpServer2.java:addFilter(958)) - Added filter static_user_filter (class=org.apache.hadoop.http.lib.StaticUserWebFilter$StaticUserFilter) to context logs
2019-11-16 00:26:25,415 [main] INFO  http.HttpServer2 (HttpServer2.java:addFilter(958)) - Added filter static_user_filter (class=org.apache.hadoop.http.lib.StaticUserWebFilter$StaticUserFilter) to context static
2019-11-16 00:26:25,416 [main] INFO  http.HttpServer2 (HttpServer2.java:bindListener(1191)) - Jetty bound to port 38058
2019-11-16 00:26:25,416 [main] INFO  server.Server (Server.java:doStart(351)) - jetty-9.3.25.v20180904, build timestamp: 2018-09-04T21:11:46Z, git hash: 3ce520221d0240229c862b122d2b06c12a625732
2019-11-16 00:26:25,418 [main] INFO  handler.ContextHandler (ContextHandler.java:doStart(781)) - Started o.e.j.s.ServletContextHandler@73e4bb60{/logs,file:///workdir/hadoop-ozone/integration-test/target/log,AVAILABLE}
2019-11-16 00:26:25,418 [main] INFO  handler.ContextHandler (ContextHandler.java:doStart(781)) - Started o.e.j.s.ServletContextHandler@3a3883c4{/static,jar:file:/home/user/.m2/repository/org/apache/hadoop/hadoop-hdds-container-service/0.5.0-SNAPSHOT/hadoop-hdds-container-service-0.5.0-SNAPSHOT.jar!/webapps/static,AVAILABLE}
2019-11-16 00:26:25,455 [main] INFO  handler.ContextHandler (ContextHandler.java:doStart(781)) - Started o.e.j.w.WebAppContext@2b79c8ff{/,file:///tmp/jetty-0.0.0.0-38058-hddsDatanode-_-any-7891586339242427573.dir/webapp/,AVAILABLE}{/hddsDatanode}
2019-11-16 00:26:25,456 [main] INFO  server.AbstractConnector (AbstractConnector.java:doStart(278)) - Started ServerConnector@2baf72d5{HTTP/1.1,[http/1.1]}{0.0.0.0:38058}
2019-11-16 00:26:25,457 [main] INFO  server.Server (Server.java:doStart(419)) - Started @241070ms
2019-11-16 00:26:25,457 [main] WARN  impl.MetricsSystemImpl (MetricsSystemImpl.java:register(276)) - Sink prometheus already exists!
2019-11-16 00:26:25,458 [main] INFO  server.BaseHttpServer (BaseHttpServer.java:updateConnectorAddress(215)) - HTTP server of HDDSDATANODE is listening at http://0.0.0.0:38058
2019-11-16 00:26:25,459 [main] INFO  impl.MetricsSystemImpl (MetricsSystemImpl.java:init(158)) - HddsDatanode metrics system started (again)
2019-11-16 00:26:25,463 [org.apache.hadoop.util.JvmPauseMonitor$Monitor@75fcbe25] INFO  util.JvmPauseMonitor (JvmPauseMonitor.java:run(188)) - Starting JVM pause monitor
2019-11-16 00:26:25,464 [main] INFO  ozone.HddsDatanodeService (HddsDatanodeService.java:start(186)) - HddsDatanodeService host:pr-hdds-2501-b5dhd-1197665634 ip:192.168.69.79
2019-11-16 00:26:25,465 [Datanode State Machine Thread - 0] INFO  datanode.InitDatanodeState (InitDatanodeState.java:persistContainerDatanodeDetails(140)) - DatanodeDetails is persisted to /workdir/hadoop-ozone/integration-test/target/test-dir/MiniOzoneClusterImpl-ec73e7b8-24c6-4197-838c-bd0443d97e1c/datanode-5/meta/datanode.id
2019-11-16 00:26:25,473 [main] INFO  volume.HddsVolume (HddsVolume.java:<init>(176)) - Creating Volume: /workdir/hadoop-ozone/integration-test/target/test-dir/MiniOzoneClusterImpl-ec73e7b8-24c6-4197-838c-bd0443d97e1c/datanode-6/data/containers/hdds of  storage type : DISK and capacity : 1482555576320
2019-11-16 00:26:25,473 [main] INFO  volume.VolumeSet (VolumeSet.java:initializeVolumeSet(170)) - Added Volume : /workdir/hadoop-ozone/integration-test/target/test-dir/MiniOzoneClusterImpl-ec73e7b8-24c6-4197-838c-bd0443d97e1c/datanode-6/data/containers/hdds to VolumeSet
2019-11-16 00:26:25,473 [main] INFO  volume.ThrottledAsyncChecker (ThrottledAsyncChecker.java:schedule(141)) - Scheduling a check for /workdir/hadoop-ozone/integration-test/target/test-dir/MiniOzoneClusterImpl-ec73e7b8-24c6-4197-838c-bd0443d97e1c/datanode-6/data/containers/hdds
2019-11-16 00:26:25,474 [main] INFO  volume.HddsVolumeChecker (HddsVolumeChecker.java:checkAllVolumes(204)) - Scheduled health check for volume /workdir/hadoop-ozone/integration-test/target/test-dir/MiniOzoneClusterImpl-ec73e7b8-24c6-4197-838c-bd0443d97e1c/datanode-6/data/containers/hdds
2019-11-16 00:26:25,495 [main] INFO  impl.RaftServerProxy (ConfUtils.java:logGet(43)) - raft.rpc.type = GRPC (default)
2019-11-16 00:26:25,495 [main] INFO  grpc.GrpcFactory (GrpcFactory.java:checkPooledByteBufAllocatorUseCacheForAllThreads(45)) - PERFORMANCE WARNING: useCacheForAllThreads is true that may cause Netty to create a lot garbage objects and, as a result, trigger GC.
	It is recommended to disable useCacheForAllThreads by setting -Dorg.apache.ratis.thirdparty.io.netty.allocator.useCacheForAllThreads=false in command line.
2019-11-16 00:26:25,495 [main] INFO  grpc.GrpcConfigKeys$Server (ConfUtils.java:logGet(43)) - raft.grpc.server.port = 0 (default)
2019-11-16 00:26:25,495 [main] INFO  server.GrpcService (ConfUtils.java:logGet(43)) - raft.grpc.message.size.max = 33570816 (custom)
2019-11-16 00:26:25,496 [main] INFO  server.RaftServerConfigKeys (ConfUtils.java:logGet(43)) - raft.server.log.appender.buffer.byte-limit = 33554432 (custom)
2019-11-16 00:26:25,496 [main] INFO  server.GrpcService (ConfUtils.java:logGet(43)) - raft.grpc.flow.control.window = 1MB (=1048576) (default)
2019-11-16 00:26:25,496 [main] INFO  server.RaftServerConfigKeys (ConfUtils.java:logGet(43)) - raft.server.rpc.request.timeout = 3000ms (default)
2019-11-16 00:26:25,497 [main] INFO  server.RaftServerConfigKeys (ConfUtils.java:logGet(43)) - raft.server.storage.dir = [/workdir/hadoop-ozone/integration-test/target/test-dir/MiniOzoneClusterImpl-ec73e7b8-24c6-4197-838c-bd0443d97e1c/datanode-6/data/ratis] (custom)
2019-11-16 00:26:25,498 [main] INFO  hdfs.DFSUtil (DFSUtil.java:httpServerTemplateForNNAndJN(1641)) - Starting Web-server for hddsDatanode at: http://0.0.0.0:0
2019-11-16 00:26:25,500 [main] INFO  server.AuthenticationFilter (AuthenticationFilter.java:constructSecretProvider(240)) - Unable to initialize FileSignerSecretProvider, falling back to use random secrets.
2019-11-16 00:26:25,500 [main] WARN  http.HttpRequestLog (HttpRequestLog.java:getRequestLog(97)) - Jetty request log can only be enabled using Log4j
2019-11-16 00:26:25,502 [main] INFO  http.HttpServer2 (HttpServer2.java:addGlobalFilter(975)) - Added global filter 'safety' (class=org.apache.hadoop.http.HttpServer2$QuotingInputFilter)
2019-11-16 00:26:25,502 [main] INFO  http.HttpServer2 (HttpServer2.java:addFilter(948)) - Added filter static_user_filter (class=org.apache.hadoop.http.lib.StaticUserWebFilter$StaticUserFilter) to context hddsDatanode
2019-11-16 00:26:25,502 [main] INFO  http.HttpServer2 (HttpServer2.java:addFilter(958)) - Added filter static_user_filter (class=org.apache.hadoop.http.lib.StaticUserWebFilter$StaticUserFilter) to context logs
2019-11-16 00:26:25,502 [main] INFO  http.HttpServer2 (HttpServer2.java:addFilter(958)) - Added filter static_user_filter (class=org.apache.hadoop.http.lib.StaticUserWebFilter$StaticUserFilter) to context static
2019-11-16 00:26:25,503 [main] INFO  http.HttpServer2 (HttpServer2.java:bindListener(1191)) - Jetty bound to port 41817
2019-11-16 00:26:25,503 [main] INFO  server.Server (Server.java:doStart(351)) - jetty-9.3.25.v20180904, build timestamp: 2018-09-04T21:11:46Z, git hash: 3ce520221d0240229c862b122d2b06c12a625732
2019-11-16 00:26:25,505 [main] INFO  handler.ContextHandler (ContextHandler.java:doStart(781)) - Started o.e.j.s.ServletContextHandler@26275b46{/logs,file:///workdir/hadoop-ozone/integration-test/target/log,AVAILABLE}
2019-11-16 00:26:25,505 [main] INFO  handler.ContextHandler (ContextHandler.java:doStart(781)) - Started o.e.j.s.ServletContextHandler@2f15a964{/static,jar:file:/home/user/.m2/repository/org/apache/hadoop/hadoop-hdds-container-service/0.5.0-SNAPSHOT/hadoop-hdds-container-service-0.5.0-SNAPSHOT.jar!/webapps/static,AVAILABLE}
2019-11-16 00:26:25,534 [main] INFO  handler.ContextHandler (ContextHandler.java:doStart(781)) - Started o.e.j.w.WebAppContext@27c53c32{/,file:///tmp/jetty-0.0.0.0-41817-hddsDatanode-_-any-2060027654382539289.dir/webapp/,AVAILABLE}{/hddsDatanode}
2019-11-16 00:26:25,534 [main] INFO  server.AbstractConnector (AbstractConnector.java:doStart(278)) - Started ServerConnector@68aec50{HTTP/1.1,[http/1.1]}{0.0.0.0:41817}
2019-11-16 00:26:25,535 [main] INFO  server.Server (Server.java:doStart(419)) - Started @241148ms
2019-11-16 00:26:25,536 [main] WARN  impl.MetricsSystemImpl (MetricsSystemImpl.java:register(276)) - Sink prometheus already exists!
2019-11-16 00:26:25,537 [main] INFO  server.BaseHttpServer (BaseHttpServer.java:updateConnectorAddress(215)) - HTTP server of HDDSDATANODE is listening at http://0.0.0.0:41817
2019-11-16 00:26:25,537 [main] INFO  impl.MetricsSystemImpl (MetricsSystemImpl.java:init(158)) - HddsDatanode metrics system started (again)
2019-11-16 00:26:25,540 [org.apache.hadoop.util.JvmPauseMonitor$Monitor@15af4ca] INFO  util.JvmPauseMonitor (JvmPauseMonitor.java:run(188)) - Starting JVM pause monitor
2019-11-16 00:26:25,540 [main] INFO  ozone.HddsDatanodeService (HddsDatanodeService.java:start(186)) - HddsDatanodeService host:pr-hdds-2501-b5dhd-1197665634 ip:192.168.69.79
2019-11-16 00:26:25,541 [Datanode State Machine Thread - 0] INFO  datanode.InitDatanodeState (InitDatanodeState.java:persistContainerDatanodeDetails(140)) - DatanodeDetails is persisted to /workdir/hadoop-ozone/integration-test/target/test-dir/MiniOzoneClusterImpl-ec73e7b8-24c6-4197-838c-bd0443d97e1c/datanode-6/meta/datanode.id
2019-11-16 00:26:25,546 [main] INFO  volume.HddsVolume (HddsVolume.java:<init>(176)) - Creating Volume: /workdir/hadoop-ozone/integration-test/target/test-dir/MiniOzoneClusterImpl-ec73e7b8-24c6-4197-838c-bd0443d97e1c/datanode-7/data/containers/hdds of  storage type : DISK and capacity : 1482555576320
2019-11-16 00:26:25,547 [main] INFO  volume.VolumeSet (VolumeSet.java:initializeVolumeSet(170)) - Added Volume : /workdir/hadoop-ozone/integration-test/target/test-dir/MiniOzoneClusterImpl-ec73e7b8-24c6-4197-838c-bd0443d97e1c/datanode-7/data/containers/hdds to VolumeSet
2019-11-16 00:26:25,547 [main] INFO  volume.ThrottledAsyncChecker (ThrottledAsyncChecker.java:schedule(141)) - Scheduling a check for /workdir/hadoop-ozone/integration-test/target/test-dir/MiniOzoneClusterImpl-ec73e7b8-24c6-4197-838c-bd0443d97e1c/datanode-7/data/containers/hdds
2019-11-16 00:26:25,547 [main] INFO  volume.HddsVolumeChecker (HddsVolumeChecker.java:checkAllVolumes(204)) - Scheduled health check for volume /workdir/hadoop-ozone/integration-test/target/test-dir/MiniOzoneClusterImpl-ec73e7b8-24c6-4197-838c-bd0443d97e1c/datanode-7/data/containers/hdds
2019-11-16 00:26:25,559 [main] INFO  impl.RaftServerProxy (ConfUtils.java:logGet(43)) - raft.rpc.type = GRPC (default)
2019-11-16 00:26:25,559 [main] INFO  grpc.GrpcFactory (GrpcFactory.java:checkPooledByteBufAllocatorUseCacheForAllThreads(45)) - PERFORMANCE WARNING: useCacheForAllThreads is true that may cause Netty to create a lot garbage objects and, as a result, trigger GC.
	It is recommended to disable useCacheForAllThreads by setting -Dorg.apache.ratis.thirdparty.io.netty.allocator.useCacheForAllThreads=false in command line.
2019-11-16 00:26:25,559 [main] INFO  grpc.GrpcConfigKeys$Server (ConfUtils.java:logGet(43)) - raft.grpc.server.port = 0 (default)
2019-11-16 00:26:25,560 [main] INFO  server.GrpcService (ConfUtils.java:logGet(43)) - raft.grpc.message.size.max = 33570816 (custom)
2019-11-16 00:26:25,560 [main] INFO  server.RaftServerConfigKeys (ConfUtils.java:logGet(43)) - raft.server.log.appender.buffer.byte-limit = 33554432 (custom)
2019-11-16 00:26:25,560 [main] INFO  server.GrpcService (ConfUtils.java:logGet(43)) - raft.grpc.flow.control.window = 1MB (=1048576) (default)
2019-11-16 00:26:25,560 [main] INFO  server.RaftServerConfigKeys (ConfUtils.java:logGet(43)) - raft.server.rpc.request.timeout = 3000ms (default)
2019-11-16 00:26:25,560 [main] INFO  server.RaftServerConfigKeys (ConfUtils.java:logGet(43)) - raft.server.storage.dir = [/workdir/hadoop-ozone/integration-test/target/test-dir/MiniOzoneClusterImpl-ec73e7b8-24c6-4197-838c-bd0443d97e1c/datanode-7/data/ratis] (custom)
2019-11-16 00:26:25,562 [main] INFO  hdfs.DFSUtil (DFSUtil.java:httpServerTemplateForNNAndJN(1641)) - Starting Web-server for hddsDatanode at: http://0.0.0.0:0
2019-11-16 00:26:25,563 [main] INFO  server.AuthenticationFilter (AuthenticationFilter.java:constructSecretProvider(240)) - Unable to initialize FileSignerSecretProvider, falling back to use random secrets.
2019-11-16 00:26:25,563 [main] WARN  http.HttpRequestLog (HttpRequestLog.java:getRequestLog(97)) - Jetty request log can only be enabled using Log4j
2019-11-16 00:26:25,564 [main] INFO  http.HttpServer2 (HttpServer2.java:addGlobalFilter(975)) - Added global filter 'safety' (class=org.apache.hadoop.http.HttpServer2$QuotingInputFilter)
2019-11-16 00:26:25,565 [main] INFO  http.HttpServer2 (HttpServer2.java:addFilter(948)) - Added filter static_user_filter (class=org.apache.hadoop.http.lib.StaticUserWebFilter$StaticUserFilter) to context hddsDatanode
2019-11-16 00:26:25,565 [main] INFO  http.HttpServer2 (HttpServer2.java:addFilter(958)) - Added filter static_user_filter (class=org.apache.hadoop.http.lib.StaticUserWebFilter$StaticUserFilter) to context static
2019-11-16 00:26:25,565 [main] INFO  http.HttpServer2 (HttpServer2.java:addFilter(958)) - Added filter static_user_filter (class=org.apache.hadoop.http.lib.StaticUserWebFilter$StaticUserFilter) to context logs
2019-11-16 00:26:25,566 [main] INFO  http.HttpServer2 (HttpServer2.java:bindListener(1191)) - Jetty bound to port 35277
2019-11-16 00:26:25,566 [main] INFO  server.Server (Server.java:doStart(351)) - jetty-9.3.25.v20180904, build timestamp: 2018-09-04T21:11:46Z, git hash: 3ce520221d0240229c862b122d2b06c12a625732
2019-11-16 00:26:25,567 [main] INFO  handler.ContextHandler (ContextHandler.java:doStart(781)) - Started o.e.j.s.ServletContextHandler@20a3e10c{/logs,file:///workdir/hadoop-ozone/integration-test/target/log,AVAILABLE}
2019-11-16 00:26:25,567 [main] INFO  handler.ContextHandler (ContextHandler.java:doStart(781)) - Started o.e.j.s.ServletContextHandler@5e2a6991{/static,jar:file:/home/user/.m2/repository/org/apache/hadoop/hadoop-hdds-container-service/0.5.0-SNAPSHOT/hadoop-hdds-container-service-0.5.0-SNAPSHOT.jar!/webapps/static,AVAILABLE}
2019-11-16 00:26:25,596 [main] INFO  handler.ContextHandler (ContextHandler.java:doStart(781)) - Started o.e.j.w.WebAppContext@760f1081{/,file:///tmp/jetty-0.0.0.0-35277-hddsDatanode-_-any-654725742568831513.dir/webapp/,AVAILABLE}{/hddsDatanode}
2019-11-16 00:26:25,596 [main] INFO  server.AbstractConnector (AbstractConnector.java:doStart(278)) - Started ServerConnector@52621501{HTTP/1.1,[http/1.1]}{0.0.0.0:35277}
2019-11-16 00:26:25,597 [main] INFO  server.Server (Server.java:doStart(419)) - Started @241209ms
2019-11-16 00:26:25,598 [main] WARN  impl.MetricsSystemImpl (MetricsSystemImpl.java:register(276)) - Sink prometheus already exists!
2019-11-16 00:26:25,599 [main] INFO  server.BaseHttpServer (BaseHttpServer.java:updateConnectorAddress(215)) - HTTP server of HDDSDATANODE is listening at http://0.0.0.0:35277
2019-11-16 00:26:25,599 [main] INFO  impl.MetricsSystemImpl (MetricsSystemImpl.java:init(158)) - HddsDatanode metrics system started (again)
2019-11-16 00:26:25,602 [org.apache.hadoop.util.JvmPauseMonitor$Monitor@3101e543] INFO  util.JvmPauseMonitor (JvmPauseMonitor.java:run(188)) - Starting JVM pause monitor
2019-11-16 00:26:25,603 [main] INFO  ozone.HddsDatanodeService (HddsDatanodeService.java:start(186)) - HddsDatanodeService host:pr-hdds-2501-b5dhd-1197665634 ip:192.168.69.79
2019-11-16 00:26:25,604 [Datanode State Machine Thread - 0] INFO  datanode.InitDatanodeState (InitDatanodeState.java:persistContainerDatanodeDetails(140)) - DatanodeDetails is persisted to /workdir/hadoop-ozone/integration-test/target/test-dir/MiniOzoneClusterImpl-ec73e7b8-24c6-4197-838c-bd0443d97e1c/datanode-7/meta/datanode.id
2019-11-16 00:26:25,608 [main] INFO  volume.HddsVolume (HddsVolume.java:<init>(176)) - Creating Volume: /workdir/hadoop-ozone/integration-test/target/test-dir/MiniOzoneClusterImpl-ec73e7b8-24c6-4197-838c-bd0443d97e1c/datanode-8/data/containers/hdds of  storage type : DISK and capacity : 1482555576320
2019-11-16 00:26:25,609 [main] INFO  volume.VolumeSet (VolumeSet.java:initializeVolumeSet(170)) - Added Volume : /workdir/hadoop-ozone/integration-test/target/test-dir/MiniOzoneClusterImpl-ec73e7b8-24c6-4197-838c-bd0443d97e1c/datanode-8/data/containers/hdds to VolumeSet
2019-11-16 00:26:25,609 [main] INFO  volume.ThrottledAsyncChecker (ThrottledAsyncChecker.java:schedule(141)) - Scheduling a check for /workdir/hadoop-ozone/integration-test/target/test-dir/MiniOzoneClusterImpl-ec73e7b8-24c6-4197-838c-bd0443d97e1c/datanode-8/data/containers/hdds
2019-11-16 00:26:25,609 [main] INFO  volume.HddsVolumeChecker (HddsVolumeChecker.java:checkAllVolumes(204)) - Scheduled health check for volume /workdir/hadoop-ozone/integration-test/target/test-dir/MiniOzoneClusterImpl-ec73e7b8-24c6-4197-838c-bd0443d97e1c/datanode-8/data/containers/hdds
2019-11-16 00:26:25,620 [main] INFO  impl.RaftServerProxy (ConfUtils.java:logGet(43)) - raft.rpc.type = GRPC (default)
2019-11-16 00:26:25,620 [main] INFO  grpc.GrpcFactory (GrpcFactory.java:checkPooledByteBufAllocatorUseCacheForAllThreads(45)) - PERFORMANCE WARNING: useCacheForAllThreads is true that may cause Netty to create a lot garbage objects and, as a result, trigger GC.
	It is recommended to disable useCacheForAllThreads by setting -Dorg.apache.ratis.thirdparty.io.netty.allocator.useCacheForAllThreads=false in command line.
2019-11-16 00:26:25,620 [main] INFO  grpc.GrpcConfigKeys$Server (ConfUtils.java:logGet(43)) - raft.grpc.server.port = 0 (default)
2019-11-16 00:26:25,620 [main] INFO  server.GrpcService (ConfUtils.java:logGet(43)) - raft.grpc.message.size.max = 33570816 (custom)
2019-11-16 00:26:25,621 [main] INFO  server.RaftServerConfigKeys (ConfUtils.java:logGet(43)) - raft.server.log.appender.buffer.byte-limit = 33554432 (custom)
2019-11-16 00:26:25,621 [main] INFO  server.GrpcService (ConfUtils.java:logGet(43)) - raft.grpc.flow.control.window = 1MB (=1048576) (default)
2019-11-16 00:26:25,621 [main] INFO  server.RaftServerConfigKeys (ConfUtils.java:logGet(43)) - raft.server.rpc.request.timeout = 3000ms (default)
2019-11-16 00:26:25,621 [main] INFO  server.RaftServerConfigKeys (ConfUtils.java:logGet(43)) - raft.server.storage.dir = [/workdir/hadoop-ozone/integration-test/target/test-dir/MiniOzoneClusterImpl-ec73e7b8-24c6-4197-838c-bd0443d97e1c/datanode-8/data/ratis] (custom)
2019-11-16 00:26:25,623 [main] INFO  hdfs.DFSUtil (DFSUtil.java:httpServerTemplateForNNAndJN(1641)) - Starting Web-server for hddsDatanode at: http://0.0.0.0:0
2019-11-16 00:26:25,624 [main] INFO  server.AuthenticationFilter (AuthenticationFilter.java:constructSecretProvider(240)) - Unable to initialize FileSignerSecretProvider, falling back to use random secrets.
2019-11-16 00:26:25,625 [main] WARN  http.HttpRequestLog (HttpRequestLog.java:getRequestLog(97)) - Jetty request log can only be enabled using Log4j
2019-11-16 00:26:25,626 [main] INFO  http.HttpServer2 (HttpServer2.java:addGlobalFilter(975)) - Added global filter 'safety' (class=org.apache.hadoop.http.HttpServer2$QuotingInputFilter)
2019-11-16 00:26:25,627 [main] INFO  http.HttpServer2 (HttpServer2.java:addFilter(948)) - Added filter static_user_filter (class=org.apache.hadoop.http.lib.StaticUserWebFilter$StaticUserFilter) to context hddsDatanode
2019-11-16 00:26:25,627 [main] INFO  http.HttpServer2 (HttpServer2.java:addFilter(958)) - Added filter static_user_filter (class=org.apache.hadoop.http.lib.StaticUserWebFilter$StaticUserFilter) to context static
2019-11-16 00:26:25,627 [main] INFO  http.HttpServer2 (HttpServer2.java:addFilter(958)) - Added filter static_user_filter (class=org.apache.hadoop.http.lib.StaticUserWebFilter$StaticUserFilter) to context logs
2019-11-16 00:26:25,628 [main] INFO  http.HttpServer2 (HttpServer2.java:bindListener(1191)) - Jetty bound to port 34892
2019-11-16 00:26:25,628 [main] INFO  server.Server (Server.java:doStart(351)) - jetty-9.3.25.v20180904, build timestamp: 2018-09-04T21:11:46Z, git hash: 3ce520221d0240229c862b122d2b06c12a625732
2019-11-16 00:26:25,630 [main] INFO  handler.ContextHandler (ContextHandler.java:doStart(781)) - Started o.e.j.s.ServletContextHandler@54326e9{/logs,file:///workdir/hadoop-ozone/integration-test/target/log,AVAILABLE}
2019-11-16 00:26:25,630 [main] INFO  handler.ContextHandler (ContextHandler.java:doStart(781)) - Started o.e.j.s.ServletContextHandler@2b441e56{/static,jar:file:/home/user/.m2/repository/org/apache/hadoop/hadoop-hdds-container-service/0.5.0-SNAPSHOT/hadoop-hdds-container-service-0.5.0-SNAPSHOT.jar!/webapps/static,AVAILABLE}
2019-11-16 00:26:25,666 [main] INFO  handler.ContextHandler (ContextHandler.java:doStart(781)) - Started o.e.j.w.WebAppContext@4e48462d{/,file:///tmp/jetty-0.0.0.0-34892-hddsDatanode-_-any-1806133182681838949.dir/webapp/,AVAILABLE}{/hddsDatanode}
2019-11-16 00:26:25,666 [main] INFO  server.AbstractConnector (AbstractConnector.java:doStart(278)) - Started ServerConnector@17216605{HTTP/1.1,[http/1.1]}{0.0.0.0:34892}
2019-11-16 00:26:25,666 [main] INFO  server.Server (Server.java:doStart(419)) - Started @241279ms
2019-11-16 00:26:25,668 [main] WARN  impl.MetricsSystemImpl (MetricsSystemImpl.java:register(276)) - Sink prometheus already exists!
2019-11-16 00:26:25,669 [main] INFO  server.BaseHttpServer (BaseHttpServer.java:updateConnectorAddress(215)) - HTTP server of HDDSDATANODE is listening at http://0.0.0.0:34892
2019-11-16 00:26:25,670 [main] INFO  impl.MetricsSystemImpl (MetricsSystemImpl.java:init(158)) - HddsDatanode metrics system started (again)
2019-11-16 00:26:25,675 [org.apache.hadoop.util.JvmPauseMonitor$Monitor@368890d6] INFO  util.JvmPauseMonitor (JvmPauseMonitor.java:run(188)) - Starting JVM pause monitor
2019-11-16 00:26:25,676 [main] INFO  ozone.HddsDatanodeService (HddsDatanodeService.java:start(186)) - HddsDatanodeService host:pr-hdds-2501-b5dhd-1197665634 ip:192.168.69.79
2019-11-16 00:26:25,676 [Datanode State Machine Thread - 0] INFO  datanode.InitDatanodeState (InitDatanodeState.java:persistContainerDatanodeDetails(140)) - DatanodeDetails is persisted to /workdir/hadoop-ozone/integration-test/target/test-dir/MiniOzoneClusterImpl-ec73e7b8-24c6-4197-838c-bd0443d97e1c/datanode-8/meta/datanode.id
2019-11-16 00:26:25,682 [main] INFO  volume.HddsVolume (HddsVolume.java:<init>(176)) - Creating Volume: /workdir/hadoop-ozone/integration-test/target/test-dir/MiniOzoneClusterImpl-ec73e7b8-24c6-4197-838c-bd0443d97e1c/datanode-9/data/containers/hdds of  storage type : DISK and capacity : 1482555576320
2019-11-16 00:26:25,682 [main] INFO  volume.VolumeSet (VolumeSet.java:initializeVolumeSet(170)) - Added Volume : /workdir/hadoop-ozone/integration-test/target/test-dir/MiniOzoneClusterImpl-ec73e7b8-24c6-4197-838c-bd0443d97e1c/datanode-9/data/containers/hdds to VolumeSet
2019-11-16 00:26:25,682 [main] INFO  volume.ThrottledAsyncChecker (ThrottledAsyncChecker.java:schedule(141)) - Scheduling a check for /workdir/hadoop-ozone/integration-test/target/test-dir/MiniOzoneClusterImpl-ec73e7b8-24c6-4197-838c-bd0443d97e1c/datanode-9/data/containers/hdds
2019-11-16 00:26:25,683 [main] INFO  volume.HddsVolumeChecker (HddsVolumeChecker.java:checkAllVolumes(204)) - Scheduled health check for volume /workdir/hadoop-ozone/integration-test/target/test-dir/MiniOzoneClusterImpl-ec73e7b8-24c6-4197-838c-bd0443d97e1c/datanode-9/data/containers/hdds
2019-11-16 00:26:25,700 [main] INFO  impl.RaftServerProxy (ConfUtils.java:logGet(43)) - raft.rpc.type = GRPC (default)
2019-11-16 00:26:25,700 [main] INFO  grpc.GrpcFactory (GrpcFactory.java:checkPooledByteBufAllocatorUseCacheForAllThreads(45)) - PERFORMANCE WARNING: useCacheForAllThreads is true that may cause Netty to create a lot garbage objects and, as a result, trigger GC.
	It is recommended to disable useCacheForAllThreads by setting -Dorg.apache.ratis.thirdparty.io.netty.allocator.useCacheForAllThreads=false in command line.
2019-11-16 00:26:25,700 [main] INFO  grpc.GrpcConfigKeys$Server (ConfUtils.java:logGet(43)) - raft.grpc.server.port = 0 (default)
2019-11-16 00:26:25,700 [main] INFO  server.GrpcService (ConfUtils.java:logGet(43)) - raft.grpc.message.size.max = 33570816 (custom)
2019-11-16 00:26:25,700 [main] INFO  server.RaftServerConfigKeys (ConfUtils.java:logGet(43)) - raft.server.log.appender.buffer.byte-limit = 33554432 (custom)
2019-11-16 00:26:25,701 [main] INFO  server.GrpcService (ConfUtils.java:logGet(43)) - raft.grpc.flow.control.window = 1MB (=1048576) (default)
2019-11-16 00:26:25,701 [main] INFO  server.RaftServerConfigKeys (ConfUtils.java:logGet(43)) - raft.server.rpc.request.timeout = 3000ms (default)
2019-11-16 00:26:25,701 [main] INFO  server.RaftServerConfigKeys (ConfUtils.java:logGet(43)) - raft.server.storage.dir = [/workdir/hadoop-ozone/integration-test/target/test-dir/MiniOzoneClusterImpl-ec73e7b8-24c6-4197-838c-bd0443d97e1c/datanode-9/data/ratis] (custom)
2019-11-16 00:26:25,703 [main] INFO  hdfs.DFSUtil (DFSUtil.java:httpServerTemplateForNNAndJN(1641)) - Starting Web-server for hddsDatanode at: http://0.0.0.0:0
2019-11-16 00:26:25,704 [main] INFO  server.AuthenticationFilter (AuthenticationFilter.java:constructSecretProvider(240)) - Unable to initialize FileSignerSecretProvider, falling back to use random secrets.
2019-11-16 00:26:25,705 [main] WARN  http.HttpRequestLog (HttpRequestLog.java:getRequestLog(97)) - Jetty request log can only be enabled using Log4j
2019-11-16 00:26:25,706 [main] INFO  http.HttpServer2 (HttpServer2.java:addGlobalFilter(975)) - Added global filter 'safety' (class=org.apache.hadoop.http.HttpServer2$QuotingInputFilter)
2019-11-16 00:26:25,707 [main] INFO  http.HttpServer2 (HttpServer2.java:addFilter(948)) - Added filter static_user_filter (class=org.apache.hadoop.http.lib.StaticUserWebFilter$StaticUserFilter) to context hddsDatanode
2019-11-16 00:26:25,707 [main] INFO  http.HttpServer2 (HttpServer2.java:addFilter(958)) - Added filter static_user_filter (class=org.apache.hadoop.http.lib.StaticUserWebFilter$StaticUserFilter) to context static
2019-11-16 00:26:25,707 [main] INFO  http.HttpServer2 (HttpServer2.java:addFilter(958)) - Added filter static_user_filter (class=org.apache.hadoop.http.lib.StaticUserWebFilter$StaticUserFilter) to context logs
2019-11-16 00:26:25,708 [main] INFO  http.HttpServer2 (HttpServer2.java:bindListener(1191)) - Jetty bound to port 37186
2019-11-16 00:26:25,708 [main] INFO  server.Server (Server.java:doStart(351)) - jetty-9.3.25.v20180904, build timestamp: 2018-09-04T21:11:46Z, git hash: 3ce520221d0240229c862b122d2b06c12a625732
2019-11-16 00:26:25,710 [main] INFO  handler.ContextHandler (ContextHandler.java:doStart(781)) - Started o.e.j.s.ServletContextHandler@7ab63838{/logs,file:///workdir/hadoop-ozone/integration-test/target/log,AVAILABLE}
2019-11-16 00:26:25,710 [main] INFO  handler.ContextHandler (ContextHandler.java:doStart(781)) - Started o.e.j.s.ServletContextHandler@370c7cc5{/static,jar:file:/home/user/.m2/repository/org/apache/hadoop/hadoop-hdds-container-service/0.5.0-SNAPSHOT/hadoop-hdds-container-service-0.5.0-SNAPSHOT.jar!/webapps/static,AVAILABLE}
2019-11-16 00:26:25,740 [main] INFO  handler.ContextHandler (ContextHandler.java:doStart(781)) - Started o.e.j.w.WebAppContext@76a6f045{/,file:///tmp/jetty-0.0.0.0-37186-hddsDatanode-_-any-4575629008566200158.dir/webapp/,AVAILABLE}{/hddsDatanode}
2019-11-16 00:26:25,740 [main] INFO  server.AbstractConnector (AbstractConnector.java:doStart(278)) - Started ServerConnector@633ddc0c{HTTP/1.1,[http/1.1]}{0.0.0.0:37186}
2019-11-16 00:26:25,741 [main] INFO  server.Server (Server.java:doStart(419)) - Started @241354ms
2019-11-16 00:26:25,741 [main] WARN  impl.MetricsSystemImpl (MetricsSystemImpl.java:register(276)) - Sink prometheus already exists!
2019-11-16 00:26:25,742 [main] INFO  server.BaseHttpServer (BaseHttpServer.java:updateConnectorAddress(215)) - HTTP server of HDDSDATANODE is listening at http://0.0.0.0:37186
2019-11-16 00:26:25,742 [main] INFO  ozone.MiniOzoneClusterImpl (MiniOzoneClusterImpl.java:lambda$waitForClusterToBeReady$2(171)) - Waiting for cluster to be ready. Got 0 of 10 DN Heartbeats.
2019-11-16 00:26:25,744 [org.apache.hadoop.util.JvmPauseMonitor$Monitor@dd53da] INFO  util.JvmPauseMonitor (JvmPauseMonitor.java:run(188)) - Starting JVM pause monitor
2019-11-16 00:26:25,745 [Datanode State Machine Thread - 0] INFO  datanode.InitDatanodeState (InitDatanodeState.java:persistContainerDatanodeDetails(140)) - DatanodeDetails is persisted to /workdir/hadoop-ozone/integration-test/target/test-dir/MiniOzoneClusterImpl-ec73e7b8-24c6-4197-838c-bd0443d97e1c/datanode-9/meta/datanode.id
2019-11-16 00:26:26,743 [main] INFO  ozone.MiniOzoneClusterImpl (MiniOzoneClusterImpl.java:lambda$waitForClusterToBeReady$2(171)) - Waiting for cluster to be ready. Got 0 of 10 DN Heartbeats.
2019-11-16 00:26:27,117 [Datanode State Machine Thread - 0] INFO  ozoneimpl.OzoneContainer (OzoneContainer.java:start(230)) - Attempting to start container services.
2019-11-16 00:26:27,117 [Datanode State Machine Thread - 0] INFO  ozoneimpl.OzoneContainer (OzoneContainer.java:startContainerScrub(194)) - Background container scanner has been disabled.
2019-11-16 00:26:27,118 [Datanode State Machine Thread - 0] INFO  ratis.XceiverServerRatis (XceiverServerRatis.java:start(421)) - Starting XceiverServerRatis 5140e110-8ff7-42a5-9b32-053ee4f24742 at port 0
2019-11-16 00:26:27,126 [Datanode State Machine Thread - 0] INFO  impl.RaftServerProxy (RaftServerProxy.java:lambda$start$3(299)) - 5140e110-8ff7-42a5-9b32-053ee4f24742: start RPC server
2019-11-16 00:26:27,128 [Datanode State Machine Thread - 0] INFO  server.GrpcService (GrpcService.java:startImpl(158)) - 5140e110-8ff7-42a5-9b32-053ee4f24742: GrpcService started, listening on 0.0.0.0/0.0.0.0:33415
2019-11-16 00:26:27,129 [Datanode State Machine Thread - 0] INFO  ratis.XceiverServerRatis (XceiverServerRatis.java:start(431)) - XceiverServerRatis 5140e110-8ff7-42a5-9b32-053ee4f24742 is started using port 33415
2019-11-16 00:26:27,129 [Datanode State Machine Thread - 0] INFO  server.XceiverServerGrpc (XceiverServerGrpc.java:start(145)) - XceiverServerGrpc 5140e110-8ff7-42a5-9b32-053ee4f24742 is started using port 32824
2019-11-16 00:26:27,178 [Datanode State Machine Thread - 0] INFO  ozoneimpl.OzoneContainer (OzoneContainer.java:start(230)) - Attempting to start container services.
2019-11-16 00:26:27,178 [Datanode State Machine Thread - 0] INFO  ozoneimpl.OzoneContainer (OzoneContainer.java:startContainerScrub(194)) - Background container scanner has been disabled.
2019-11-16 00:26:27,178 [Datanode State Machine Thread - 0] INFO  ratis.XceiverServerRatis (XceiverServerRatis.java:start(421)) - Starting XceiverServerRatis 0a2d6f7b-f3b3-43fc-9f44-c893c3969faf at port 0
2019-11-16 00:26:27,185 [Datanode State Machine Thread - 0] INFO  impl.RaftServerProxy (RaftServerProxy.java:lambda$start$3(299)) - 0a2d6f7b-f3b3-43fc-9f44-c893c3969faf: start RPC server
2019-11-16 00:26:27,187 [Datanode State Machine Thread - 0] INFO  server.GrpcService (GrpcService.java:startImpl(158)) - 0a2d6f7b-f3b3-43fc-9f44-c893c3969faf: GrpcService started, listening on 0.0.0.0/0.0.0.0:34899
2019-11-16 00:26:27,187 [Datanode State Machine Thread - 0] INFO  ratis.XceiverServerRatis (XceiverServerRatis.java:start(431)) - XceiverServerRatis 0a2d6f7b-f3b3-43fc-9f44-c893c3969faf is started using port 34899
2019-11-16 00:26:27,188 [Datanode State Machine Thread - 0] INFO  server.XceiverServerGrpc (XceiverServerGrpc.java:start(145)) - XceiverServerGrpc 0a2d6f7b-f3b3-43fc-9f44-c893c3969faf is started using port 39747
2019-11-16 00:26:27,239 [Datanode State Machine Thread - 0] INFO  ozoneimpl.OzoneContainer (OzoneContainer.java:start(230)) - Attempting to start container services.
2019-11-16 00:26:27,239 [Datanode State Machine Thread - 0] INFO  ozoneimpl.OzoneContainer (OzoneContainer.java:startContainerScrub(194)) - Background container scanner has been disabled.
2019-11-16 00:26:27,239 [Datanode State Machine Thread - 0] INFO  ratis.XceiverServerRatis (XceiverServerRatis.java:start(421)) - Starting XceiverServerRatis 84c9c768-243c-47db-bab4-63e35b2a41a2 at port 0
2019-11-16 00:26:27,246 [Datanode State Machine Thread - 0] INFO  impl.RaftServerProxy (RaftServerProxy.java:lambda$start$3(299)) - 84c9c768-243c-47db-bab4-63e35b2a41a2: start RPC server
2019-11-16 00:26:27,247 [Datanode State Machine Thread - 0] INFO  server.GrpcService (GrpcService.java:startImpl(158)) - 84c9c768-243c-47db-bab4-63e35b2a41a2: GrpcService started, listening on 0.0.0.0/0.0.0.0:38689
2019-11-16 00:26:27,247 [Datanode State Machine Thread - 0] INFO  ratis.XceiverServerRatis (XceiverServerRatis.java:start(431)) - XceiverServerRatis 84c9c768-243c-47db-bab4-63e35b2a41a2 is started using port 38689
2019-11-16 00:26:27,247 [Datanode State Machine Thread - 0] INFO  server.XceiverServerGrpc (XceiverServerGrpc.java:start(145)) - XceiverServerGrpc 84c9c768-243c-47db-bab4-63e35b2a41a2 is started using port 40332
2019-11-16 00:26:27,309 [Datanode State Machine Thread - 0] INFO  ozoneimpl.OzoneContainer (OzoneContainer.java:start(230)) - Attempting to start container services.
2019-11-16 00:26:27,309 [Datanode State Machine Thread - 0] INFO  ozoneimpl.OzoneContainer (OzoneContainer.java:startContainerScrub(194)) - Background container scanner has been disabled.
2019-11-16 00:26:27,309 [Datanode State Machine Thread - 0] INFO  ratis.XceiverServerRatis (XceiverServerRatis.java:start(421)) - Starting XceiverServerRatis 69b8f75d-497f-4fe6-9dc7-b84f6827359d at port 0
2019-11-16 00:26:27,318 [Datanode State Machine Thread - 0] INFO  impl.RaftServerProxy (RaftServerProxy.java:lambda$start$3(299)) - 69b8f75d-497f-4fe6-9dc7-b84f6827359d: start RPC server
2019-11-16 00:26:27,319 [Datanode State Machine Thread - 0] INFO  server.GrpcService (GrpcService.java:startImpl(158)) - 69b8f75d-497f-4fe6-9dc7-b84f6827359d: GrpcService started, listening on 0.0.0.0/0.0.0.0:44545
2019-11-16 00:26:27,319 [Datanode State Machine Thread - 0] INFO  ratis.XceiverServerRatis (XceiverServerRatis.java:start(431)) - XceiverServerRatis 69b8f75d-497f-4fe6-9dc7-b84f6827359d is started using port 44545
2019-11-16 00:26:27,319 [Datanode State Machine Thread - 0] INFO  server.XceiverServerGrpc (XceiverServerGrpc.java:start(145)) - XceiverServerGrpc 69b8f75d-497f-4fe6-9dc7-b84f6827359d is started using port 46116
2019-11-16 00:26:27,399 [Datanode State Machine Thread - 0] INFO  ozoneimpl.OzoneContainer (OzoneContainer.java:start(230)) - Attempting to start container services.
2019-11-16 00:26:27,399 [Datanode State Machine Thread - 0] INFO  ozoneimpl.OzoneContainer (OzoneContainer.java:startContainerScrub(194)) - Background container scanner has been disabled.
2019-11-16 00:26:27,400 [Datanode State Machine Thread - 0] INFO  ratis.XceiverServerRatis (XceiverServerRatis.java:start(421)) - Starting XceiverServerRatis a05a7939-ef6c-4534-b55b-b612829faca5 at port 0
2019-11-16 00:26:27,409 [Datanode State Machine Thread - 0] INFO  impl.RaftServerProxy (RaftServerProxy.java:lambda$start$3(299)) - a05a7939-ef6c-4534-b55b-b612829faca5: start RPC server
2019-11-16 00:26:27,410 [Datanode State Machine Thread - 0] INFO  server.GrpcService (GrpcService.java:startImpl(158)) - a05a7939-ef6c-4534-b55b-b612829faca5: GrpcService started, listening on 0.0.0.0/0.0.0.0:35267
2019-11-16 00:26:27,410 [Datanode State Machine Thread - 0] INFO  ratis.XceiverServerRatis (XceiverServerRatis.java:start(431)) - XceiverServerRatis a05a7939-ef6c-4534-b55b-b612829faca5 is started using port 35267
2019-11-16 00:26:27,410 [Datanode State Machine Thread - 0] INFO  server.XceiverServerGrpc (XceiverServerGrpc.java:start(145)) - XceiverServerGrpc a05a7939-ef6c-4534-b55b-b612829faca5 is started using port 38748
2019-11-16 00:26:27,479 [Datanode State Machine Thread - 0] INFO  ozoneimpl.OzoneContainer (OzoneContainer.java:start(230)) - Attempting to start container services.
2019-11-16 00:26:27,479 [Datanode State Machine Thread - 0] INFO  ozoneimpl.OzoneContainer (OzoneContainer.java:startContainerScrub(194)) - Background container scanner has been disabled.
2019-11-16 00:26:27,479 [Datanode State Machine Thread - 0] INFO  ratis.XceiverServerRatis (XceiverServerRatis.java:start(421)) - Starting XceiverServerRatis 816b1da2-1c4e-42ee-9437-e192113ed53f at port 0
2019-11-16 00:26:27,486 [Datanode State Machine Thread - 0] INFO  impl.RaftServerProxy (RaftServerProxy.java:lambda$start$3(299)) - 816b1da2-1c4e-42ee-9437-e192113ed53f: start RPC server
2019-11-16 00:26:27,487 [Datanode State Machine Thread - 0] INFO  server.GrpcService (GrpcService.java:startImpl(158)) - 816b1da2-1c4e-42ee-9437-e192113ed53f: GrpcService started, listening on 0.0.0.0/0.0.0.0:36665
2019-11-16 00:26:27,487 [Datanode State Machine Thread - 0] INFO  ratis.XceiverServerRatis (XceiverServerRatis.java:start(431)) - XceiverServerRatis 816b1da2-1c4e-42ee-9437-e192113ed53f is started using port 36665
2019-11-16 00:26:27,487 [Datanode State Machine Thread - 0] INFO  server.XceiverServerGrpc (XceiverServerGrpc.java:start(145)) - XceiverServerGrpc 816b1da2-1c4e-42ee-9437-e192113ed53f is started using port 43717
2019-11-16 00:26:27,553 [Datanode State Machine Thread - 0] INFO  ozoneimpl.OzoneContainer (OzoneContainer.java:start(230)) - Attempting to start container services.
2019-11-16 00:26:27,554 [Datanode State Machine Thread - 0] INFO  ozoneimpl.OzoneContainer (OzoneContainer.java:startContainerScrub(194)) - Background container scanner has been disabled.
2019-11-16 00:26:27,554 [Datanode State Machine Thread - 0] INFO  ratis.XceiverServerRatis (XceiverServerRatis.java:start(421)) - Starting XceiverServerRatis 82886741-ea2e-41d6-b944-d04bb5a8b025 at port 0
2019-11-16 00:26:27,560 [Datanode State Machine Thread - 0] INFO  impl.RaftServerProxy (RaftServerProxy.java:lambda$start$3(299)) - 82886741-ea2e-41d6-b944-d04bb5a8b025: start RPC server
2019-11-16 00:26:27,560 [Datanode State Machine Thread - 0] INFO  server.GrpcService (GrpcService.java:startImpl(158)) - 82886741-ea2e-41d6-b944-d04bb5a8b025: GrpcService started, listening on 0.0.0.0/0.0.0.0:37949
2019-11-16 00:26:27,560 [Datanode State Machine Thread - 0] INFO  ratis.XceiverServerRatis (XceiverServerRatis.java:start(431)) - XceiverServerRatis 82886741-ea2e-41d6-b944-d04bb5a8b025 is started using port 37949
2019-11-16 00:26:27,563 [Datanode State Machine Thread - 0] INFO  server.XceiverServerGrpc (XceiverServerGrpc.java:start(145)) - XceiverServerGrpc 82886741-ea2e-41d6-b944-d04bb5a8b025 is started using port 38060
2019-11-16 00:26:27,617 [Datanode State Machine Thread - 0] INFO  ozoneimpl.OzoneContainer (OzoneContainer.java:start(230)) - Attempting to start container services.
2019-11-16 00:26:27,617 [Datanode State Machine Thread - 0] INFO  ozoneimpl.OzoneContainer (OzoneContainer.java:startContainerScrub(194)) - Background container scanner has been disabled.
2019-11-16 00:26:27,617 [Datanode State Machine Thread - 0] INFO  ratis.XceiverServerRatis (XceiverServerRatis.java:start(421)) - Starting XceiverServerRatis e887c5fb-6c7f-48d0-908d-014a119bd478 at port 0
2019-11-16 00:26:27,624 [Datanode State Machine Thread - 0] INFO  impl.RaftServerProxy (RaftServerProxy.java:lambda$start$3(299)) - e887c5fb-6c7f-48d0-908d-014a119bd478: start RPC server
2019-11-16 00:26:27,624 [Datanode State Machine Thread - 0] INFO  server.GrpcService (GrpcService.java:startImpl(158)) - e887c5fb-6c7f-48d0-908d-014a119bd478: GrpcService started, listening on 0.0.0.0/0.0.0.0:44398
2019-11-16 00:26:27,625 [Datanode State Machine Thread - 0] INFO  ratis.XceiverServerRatis (XceiverServerRatis.java:start(431)) - XceiverServerRatis e887c5fb-6c7f-48d0-908d-014a119bd478 is started using port 44398
2019-11-16 00:26:27,625 [Datanode State Machine Thread - 0] INFO  server.XceiverServerGrpc (XceiverServerGrpc.java:start(145)) - XceiverServerGrpc e887c5fb-6c7f-48d0-908d-014a119bd478 is started using port 33988
2019-11-16 00:26:27,710 [Datanode State Machine Thread - 0] INFO  ozoneimpl.OzoneContainer (OzoneContainer.java:start(230)) - Attempting to start container services.
2019-11-16 00:26:27,710 [Datanode State Machine Thread - 0] INFO  ozoneimpl.OzoneContainer (OzoneContainer.java:startContainerScrub(194)) - Background container scanner has been disabled.
2019-11-16 00:26:27,710 [Datanode State Machine Thread - 0] INFO  ratis.XceiverServerRatis (XceiverServerRatis.java:start(421)) - Starting XceiverServerRatis 61732ce4-b30f-4383-a457-809dbeacd402 at port 0
2019-11-16 00:26:27,719 [Datanode State Machine Thread - 0] INFO  impl.RaftServerProxy (RaftServerProxy.java:lambda$start$3(299)) - 61732ce4-b30f-4383-a457-809dbeacd402: start RPC server
2019-11-16 00:26:27,720 [Datanode State Machine Thread - 0] INFO  server.GrpcService (GrpcService.java:startImpl(158)) - 61732ce4-b30f-4383-a457-809dbeacd402: GrpcService started, listening on 0.0.0.0/0.0.0.0:33225
2019-11-16 00:26:27,720 [Datanode State Machine Thread - 0] INFO  ratis.XceiverServerRatis (XceiverServerRatis.java:start(431)) - XceiverServerRatis 61732ce4-b30f-4383-a457-809dbeacd402 is started using port 33225
2019-11-16 00:26:27,737 [Datanode State Machine Thread - 0] INFO  server.XceiverServerGrpc (XceiverServerGrpc.java:start(145)) - XceiverServerGrpc 61732ce4-b30f-4383-a457-809dbeacd402 is started using port 41849
2019-11-16 00:26:27,744 [main] INFO  ozone.MiniOzoneClusterImpl (MiniOzoneClusterImpl.java:lambda$waitForClusterToBeReady$2(171)) - Waiting for cluster to be ready. Got 0 of 10 DN Heartbeats.
2019-11-16 00:26:27,757 [Datanode State Machine Thread - 0] INFO  ozoneimpl.OzoneContainer (OzoneContainer.java:start(230)) - Attempting to start container services.
2019-11-16 00:26:27,758 [Datanode State Machine Thread - 0] INFO  ozoneimpl.OzoneContainer (OzoneContainer.java:startContainerScrub(194)) - Background container scanner has been disabled.
2019-11-16 00:26:27,758 [Datanode State Machine Thread - 0] INFO  ratis.XceiverServerRatis (XceiverServerRatis.java:start(421)) - Starting XceiverServerRatis 1d1fab7d-6382-4228-8566-b1891c590073 at port 0
2019-11-16 00:26:27,764 [Datanode State Machine Thread - 0] INFO  impl.RaftServerProxy (RaftServerProxy.java:lambda$start$3(299)) - 1d1fab7d-6382-4228-8566-b1891c590073: start RPC server
2019-11-16 00:26:27,767 [Datanode State Machine Thread - 0] INFO  server.GrpcService (GrpcService.java:startImpl(158)) - 1d1fab7d-6382-4228-8566-b1891c590073: GrpcService started, listening on 0.0.0.0/0.0.0.0:34425
2019-11-16 00:26:27,767 [Datanode State Machine Thread - 0] INFO  ratis.XceiverServerRatis (XceiverServerRatis.java:start(431)) - XceiverServerRatis 1d1fab7d-6382-4228-8566-b1891c590073 is started using port 34425
2019-11-16 00:26:27,774 [Datanode State Machine Thread - 0] INFO  server.XceiverServerGrpc (XceiverServerGrpc.java:start(145)) - XceiverServerGrpc 1d1fab7d-6382-4228-8566-b1891c590073 is started using port 45000
2019-11-16 00:26:28,744 [main] INFO  ozone.MiniOzoneClusterImpl (MiniOzoneClusterImpl.java:lambda$waitForClusterToBeReady$2(171)) - Waiting for cluster to be ready. Got 0 of 10 DN Heartbeats.
2019-11-16 00:26:29,107 [IPC Server handler 6 on 42806] INFO  net.NetworkTopology (NetworkTopologyImpl.java:add(111)) - Added a new node: /rack1/5140e110-8ff7-42a5-9b32-053ee4f24742
2019-11-16 00:26:29,110 [IPC Server handler 6 on 42806] INFO  node.SCMNodeManager (SCMNodeManager.java:register(267)) - Registered Data node : 5140e110-8ff7-42a5-9b32-053ee4f24742{ip: 192.168.69.79, host: pr-hdds-2501-b5dhd-1197665634, networkLocation: /rack1, certSerialId: null}
2019-11-16 00:26:29,111 [EventQueue-NodeRegistrationContainerReportForDataNodeSafeModeRule] INFO  safemode.SCMSafeModeManager (DataNodeSafeModeRule.java:process(71)) - SCM in safe mode. 1 DataNodes registered, 1 required.
2019-11-16 00:26:29,113 [EventQueue-NodeRegistrationContainerReportForDataNodeSafeModeRule] INFO  safemode.SCMSafeModeManager (SCMSafeModeManager.java:validateSafeModeExitRules(177)) - ScmSafeModeManager, all rules are successfully validated
2019-11-16 00:26:29,113 [EventQueue-NodeRegistrationContainerReportForDataNodeSafeModeRule] INFO  safemode.SCMSafeModeManager (SCMSafeModeManager.java:exitSafeMode(193)) - SCM exiting safe mode.
2019-11-16 00:26:29,124 [grpc-default-executor-9] INFO  impl.RaftServerProxy (RaftServerProxy.java:addNew(89)) - 5140e110-8ff7-42a5-9b32-053ee4f24742: addNew group-F60E441E5E14:[5140e110-8ff7-42a5-9b32-053ee4f24742:192.168.69.79:33415] returns group-F60E441E5E14:java.util.concurrent.CompletableFuture@3d72633c[Not completed]
2019-11-16 00:26:29,127 [pool-510-thread-1] INFO  impl.RaftServerImpl (RaftServerImpl.java:<init>(98)) - 5140e110-8ff7-42a5-9b32-053ee4f24742: new RaftServerImpl for group-F60E441E5E14:[5140e110-8ff7-42a5-9b32-053ee4f24742:192.168.69.79:33415] with ContainerStateMachine:uninitialized
2019-11-16 00:26:29,127 [pool-510-thread-1] INFO  server.RaftServerConfigKeys (ConfUtils.java:logGet(43)) - raft.server.rpc.timeout.min = 1s (custom)
2019-11-16 00:26:29,127 [pool-510-thread-1] INFO  server.RaftServerConfigKeys (ConfUtils.java:logGet(43)) - raft.server.rpc.timeout.max = 1200ms (custom)
2019-11-16 00:26:29,127 [pool-510-thread-1] INFO  server.RaftServerConfigKeys (ConfUtils.java:logGet(43)) - raft.server.rpcslowness.timeout = 120s (custom)
2019-11-16 00:26:29,127 [pool-510-thread-1] INFO  server.RaftServerConfigKeys (ConfUtils.java:logGet(43)) - raft.server.sleep.deviation.threshold = 300 (default)
2019-11-16 00:26:29,128 [pool-510-thread-1] INFO  server.RaftServerConfigKeys (ConfUtils.java:logGet(43)) - raft.server.log.appender.install.snapshot.enabled = false (custom)
2019-11-16 00:26:29,128 [pool-510-thread-1] INFO  impl.RaftServerImpl (ServerState.java:<init>(103)) - 5140e110-8ff7-42a5-9b32-053ee4f24742@group-F60E441E5E14: ConfigurationManager, init=-1: [5140e110-8ff7-42a5-9b32-053ee4f24742:192.168.69.79:33415], old=null, confs=<EMPTY_MAP>
2019-11-16 00:26:29,128 [pool-510-thread-1] INFO  server.RaftServerConfigKeys (ConfUtils.java:logGet(43)) - raft.server.storage.dir = [/workdir/hadoop-ozone/integration-test/target/test-dir/MiniOzoneClusterImpl-ec73e7b8-24c6-4197-838c-bd0443d97e1c/datanode-0/data/ratis] (custom)
2019-11-16 00:26:29,128 [pool-510-thread-1] INFO  server.RaftServerConfigKeys (ConfUtils.java:logGet(43)) - raft.server.log.corruption.policy = EXCEPTION (default)
2019-11-16 00:26:29,129 [pool-510-thread-1] INFO  storage.RaftStorageDirectory (RaftStorageDirectory.java:analyzeStorage(246)) - The storage directory /workdir/hadoop-ozone/integration-test/target/test-dir/MiniOzoneClusterImpl-ec73e7b8-24c6-4197-838c-bd0443d97e1c/datanode-0/data/ratis/e866e62e-0b01-4992-9bd2-f60e441e5e14 does not exist. Creating ...
2019-11-16 00:26:29,142 [pool-510-thread-1] INFO  storage.RaftStorageDirectory (RaftStorageDirectory.java:tryLock(328)) - Lock on /workdir/hadoop-ozone/integration-test/target/test-dir/MiniOzoneClusterImpl-ec73e7b8-24c6-4197-838c-bd0443d97e1c/datanode-0/data/ratis/e866e62e-0b01-4992-9bd2-f60e441e5e14/in_use.lock acquired by nodename 23786@pr-hdds-2501-b5dhd-1197665634
2019-11-16 00:26:29,156 [pool-510-thread-1] INFO  storage.RaftStorage (RaftStorage.java:format(84)) - Storage directory /workdir/hadoop-ozone/integration-test/target/test-dir/MiniOzoneClusterImpl-ec73e7b8-24c6-4197-838c-bd0443d97e1c/datanode-0/data/ratis/e866e62e-0b01-4992-9bd2-f60e441e5e14 has been successfully formatted.
2019-11-16 00:26:29,157 [pool-510-thread-1] INFO  ratis.ContainerStateMachine (ContainerStateMachine.java:loadSnapshot(223)) - group-F60E441E5E14: The snapshot info is null. Setting the last applied indexto:(t:0, i:~)
2019-11-16 00:26:29,157 [pool-510-thread-1] INFO  server.RaftServerConfigKeys (ConfUtils.java:logGet(43)) - raft.server.notification.no-leader.timeout = 120s (custom)
2019-11-16 00:26:29,157 [pool-510-thread-1] INFO  server.RaftServerConfigKeys (ConfUtils.java:logGet(43)) - raft.server.log.use.memory = false (default)
2019-11-16 00:26:29,157 [pool-510-thread-1] INFO  server.RaftServerConfigKeys (ConfUtils.java:logGet(43)) - raft.server.log.purge.gap = 1000000 (custom)
2019-11-16 00:26:29,157 [pool-510-thread-1] INFO  server.RaftServerConfigKeys (ConfUtils.java:logGet(43)) - raft.server.log.appender.buffer.byte-limit = 33554432 (custom)
2019-11-16 00:26:29,157 [pool-510-thread-1] INFO  server.RaftServerConfigKeys (ConfUtils.java:logGet(43)) - raft.server.log.segment.size.max = 1048576 (custom)
2019-11-16 00:26:29,158 [pool-510-thread-1] WARN  impl.MetricRegistriesImpl (MetricRegistriesImpl.java:lambda$create$1(61)) - First MetricRegistry has been created without registering reporters. You may need to call MetricRegistries.global().addReportRegistration(...) before.
2019-11-16 00:26:29,158 [pool-510-thread-1] INFO  server.RaftServerConfigKeys (ConfUtils.java:logGet(43)) - raft.server.log.segment.cache.num.max = 2 (custom)
2019-11-16 00:26:29,158 [pool-510-thread-1] INFO  segmented.SegmentedRaftLogWorker (SegmentedRaftLogWorker.java:<init>(173)) - new 5140e110-8ff7-42a5-9b32-053ee4f24742@group-F60E441E5E14-SegmentedRaftLogWorker for RaftStorage:Storage Directory /workdir/hadoop-ozone/integration-test/target/test-dir/MiniOzoneClusterImpl-ec73e7b8-24c6-4197-838c-bd0443d97e1c/datanode-0/data/ratis/e866e62e-0b01-4992-9bd2-f60e441e5e14
2019-11-16 00:26:29,158 [pool-510-thread-1] INFO  server.RaftServerConfigKeys (ConfUtils.java:logGet(43)) - raft.server.log.queue.byte-limit = 2147483647 (custom)
2019-11-16 00:26:29,158 [pool-510-thread-1] INFO  server.RaftServerConfigKeys (ConfUtils.java:logGet(43)) - raft.server.log.queue.element-limit = 1024 (custom)
2019-11-16 00:26:29,158 [pool-510-thread-1] INFO  server.RaftServerConfigKeys (ConfUtils.java:logGet(43)) - raft.server.log.segment.size.max = 1048576 (custom)
2019-11-16 00:26:29,158 [pool-510-thread-1] INFO  server.RaftServerConfigKeys (ConfUtils.java:logGet(43)) - raft.server.log.preallocated.size = 16384 (custom)
2019-11-16 00:26:29,158 [pool-510-thread-1] INFO  server.RaftServerConfigKeys (ConfUtils.java:logGet(43)) - raft.server.log.write.buffer.size = 33554432 (custom)
2019-11-16 00:26:29,159 [pool-510-thread-1] INFO  server.RaftServerConfigKeys (ConfUtils.java:logGet(43)) - raft.server.log.force.sync.num = 128 (default)
2019-11-16 00:26:29,159 [pool-510-thread-1] INFO  server.RaftServerConfigKeys (ConfUtils.java:logGet(43)) - raft.server.log.statemachine.data.sync = true (default)
2019-11-16 00:26:29,159 [pool-510-thread-1] INFO  server.RaftServerConfigKeys (ConfUtils.java:logGet(43)) - raft.server.log.statemachine.data.sync.timeout = 10s (default)
2019-11-16 00:26:29,159 [pool-510-thread-1] INFO  server.RaftServerConfigKeys (ConfUtils.java:logGet(43)) - raft.server.log.statemachine.data.sync.timeout.retry = -1 (default)
2019-11-16 00:26:29,159 [pool-510-thread-1] INFO  server.RaftServerConfigKeys (ConfUtils.java:logGet(43)) - raft.server.log.statemachine.data.caching.enabled = true (custom)
2019-11-16 00:26:29,159 [pool-510-thread-1] INFO  segmented.SegmentedRaftLogWorker (SegmentedRaftLogWorker.java:lambda$new$0(128)) - 5140e110-8ff7-42a5-9b32-053ee4f24742@group-F60E441E5E14-SegmentedRaftLogWorker: flushIndex: setUnconditionally 0 -> -1
2019-11-16 00:26:29,160 [pool-510-thread-1] INFO  server.RaftServerConfigKeys (ConfUtils.java:logGet(43)) - raft.server.snapshot.auto.trigger.enabled = true (custom)
2019-11-16 00:26:29,160 [pool-510-thread-1] INFO  server.RaftServerConfigKeys (ConfUtils.java:logGet(43)) - raft.server.snapshot.auto.trigger.threshold = 10000 (custom)
2019-11-16 00:26:29,160 [pool-510-thread-1] INFO  server.RaftServerConfigKeys (ConfUtils.java:logGet(43)) - raft.server.snapshot.retention.file.num = 5 (custom)
2019-11-16 00:26:29,160 [pool-510-thread-1] INFO  server.RaftServerConfigKeys (ConfUtils.java:logGet(43)) - raft.server.retrycache.expirytime = 600000ms (custom)
2019-11-16 00:26:29,161 [pool-510-thread-1] WARN  impl.MetricRegistriesImpl (MetricRegistriesImpl.java:lambda$create$1(61)) - First MetricRegistry has been created without registering reporters. You may need to call MetricRegistries.global().addReportRegistration(...) before.
2019-11-16 00:26:29,161 [pool-510-thread-1] WARN  impl.MetricRegistriesImpl (MetricRegistriesImpl.java:lambda$create$1(61)) - First MetricRegistry has been created without registering reporters. You may need to call MetricRegistries.global().addReportRegistration(...) before.
2019-11-16 00:26:29,161 [pool-510-thread-1] INFO  impl.RaftServerImpl (RaftServerImpl.java:start(184)) - 5140e110-8ff7-42a5-9b32-053ee4f24742@group-F60E441E5E14: start as a follower, conf=-1: [5140e110-8ff7-42a5-9b32-053ee4f24742:192.168.69.79:33415], old=null
2019-11-16 00:26:29,161 [pool-510-thread-1] INFO  impl.RaftServerImpl (RaftServerImpl.java:setRole(173)) - 5140e110-8ff7-42a5-9b32-053ee4f24742@group-F60E441E5E14: changes role from      null to FOLLOWER at term 0 for startAsFollower
2019-11-16 00:26:29,161 [pool-510-thread-1] INFO  impl.RoleInfo (RoleInfo.java:updateAndGet(143)) - 5140e110-8ff7-42a5-9b32-053ee4f24742: start FollowerState
2019-11-16 00:26:29,162 [pool-510-thread-1] INFO  util.JmxRegister (JmxRegister.java:tryRegister(44)) - Successfully registered JMX Bean with object name Ratis:service=RaftServer,group=group-F60E441E5E14,id=5140e110-8ff7-42a5-9b32-053ee4f24742
2019-11-16 00:26:29,162 [pool-510-thread-1] WARN  impl.MetricRegistriesImpl (MetricRegistriesImpl.java:lambda$create$1(61)) - First MetricRegistry has been created without registering reporters. You may need to call MetricRegistries.global().addReportRegistration(...) before.
2019-11-16 00:26:29,166 [RatisPipelineUtilsThread] INFO  pipeline.PipelineStateManager (PipelineStateManager.java:addPipeline(55)) - Created pipeline Pipeline[ Id: e866e62e-0b01-4992-9bd2-f60e441e5e14, Nodes: 5140e110-8ff7-42a5-9b32-053ee4f24742{ip: 192.168.69.79, host: pr-hdds-2501-b5dhd-1197665634, networkLocation: /rack1, certSerialId: null}, Type:RATIS, Factor:ONE, State:ALLOCATED]
2019-11-16 00:26:29,167 [IPC Server handler 4 on 42806] INFO  net.NetworkTopology (NetworkTopologyImpl.java:add(111)) - Added a new node: /rack1/0a2d6f7b-f3b3-43fc-9f44-c893c3969faf
2019-11-16 00:26:29,167 [IPC Server handler 4 on 42806] INFO  node.SCMNodeManager (SCMNodeManager.java:register(267)) - Registered Data node : 0a2d6f7b-f3b3-43fc-9f44-c893c3969faf{ip: 192.168.69.79, host: pr-hdds-2501-b5dhd-1197665634, networkLocation: /rack1, certSerialId: null}
2019-11-16 00:26:29,173 [grpc-default-executor-9] INFO  impl.RaftServerProxy (RaftServerProxy.java:addNew(89)) - 0a2d6f7b-f3b3-43fc-9f44-c893c3969faf: addNew group-C467AD282B62:[0a2d6f7b-f3b3-43fc-9f44-c893c3969faf:192.168.69.79:34899] returns group-C467AD282B62:java.util.concurrent.CompletableFuture@491a3a9d[Not completed]
2019-11-16 00:26:29,175 [pool-520-thread-1] INFO  impl.RaftServerImpl (RaftServerImpl.java:<init>(98)) - 0a2d6f7b-f3b3-43fc-9f44-c893c3969faf: new RaftServerImpl for group-C467AD282B62:[0a2d6f7b-f3b3-43fc-9f44-c893c3969faf:192.168.69.79:34899] with ContainerStateMachine:uninitialized
2019-11-16 00:26:29,175 [pool-520-thread-1] INFO  server.RaftServerConfigKeys (ConfUtils.java:logGet(43)) - raft.server.rpc.timeout.min = 1s (custom)
2019-11-16 00:26:29,175 [pool-520-thread-1] INFO  server.RaftServerConfigKeys (ConfUtils.java:logGet(43)) - raft.server.rpc.timeout.max = 1200ms (custom)
2019-11-16 00:26:29,175 [pool-520-thread-1] INFO  server.RaftServerConfigKeys (ConfUtils.java:logGet(43)) - raft.server.rpcslowness.timeout = 120s (custom)
2019-11-16 00:26:29,175 [pool-520-thread-1] INFO  server.RaftServerConfigKeys (ConfUtils.java:logGet(43)) - raft.server.sleep.deviation.threshold = 300 (default)
2019-11-16 00:26:29,175 [pool-520-thread-1] INFO  server.RaftServerConfigKeys (ConfUtils.java:logGet(43)) - raft.server.log.appender.install.snapshot.enabled = false (custom)
2019-11-16 00:26:29,175 [pool-520-thread-1] INFO  impl.RaftServerImpl (ServerState.java:<init>(103)) - 0a2d6f7b-f3b3-43fc-9f44-c893c3969faf@group-C467AD282B62: ConfigurationManager, init=-1: [0a2d6f7b-f3b3-43fc-9f44-c893c3969faf:192.168.69.79:34899], old=null, confs=<EMPTY_MAP>
2019-11-16 00:26:29,176 [pool-520-thread-1] INFO  server.RaftServerConfigKeys (ConfUtils.java:logGet(43)) - raft.server.storage.dir = [/workdir/hadoop-ozone/integration-test/target/test-dir/MiniOzoneClusterImpl-ec73e7b8-24c6-4197-838c-bd0443d97e1c/datanode-1/data/ratis] (custom)
2019-11-16 00:26:29,176 [pool-520-thread-1] INFO  server.RaftServerConfigKeys (ConfUtils.java:logGet(43)) - raft.server.log.corruption.policy = EXCEPTION (default)
2019-11-16 00:26:29,176 [pool-520-thread-1] INFO  storage.RaftStorageDirectory (RaftStorageDirectory.java:analyzeStorage(246)) - The storage directory /workdir/hadoop-ozone/integration-test/target/test-dir/MiniOzoneClusterImpl-ec73e7b8-24c6-4197-838c-bd0443d97e1c/datanode-1/data/ratis/114bf210-1808-4ec6-9883-c467ad282b62 does not exist. Creating ...
2019-11-16 00:26:29,189 [pool-520-thread-1] INFO  storage.RaftStorageDirectory (RaftStorageDirectory.java:tryLock(328)) - Lock on /workdir/hadoop-ozone/integration-test/target/test-dir/MiniOzoneClusterImpl-ec73e7b8-24c6-4197-838c-bd0443d97e1c/datanode-1/data/ratis/114bf210-1808-4ec6-9883-c467ad282b62/in_use.lock acquired by nodename 23786@pr-hdds-2501-b5dhd-1197665634
2019-11-16 00:26:29,203 [pool-520-thread-1] INFO  storage.RaftStorage (RaftStorage.java:format(84)) - Storage directory /workdir/hadoop-ozone/integration-test/target/test-dir/MiniOzoneClusterImpl-ec73e7b8-24c6-4197-838c-bd0443d97e1c/datanode-1/data/ratis/114bf210-1808-4ec6-9883-c467ad282b62 has been successfully formatted.
2019-11-16 00:26:29,203 [pool-520-thread-1] INFO  ratis.ContainerStateMachine (ContainerStateMachine.java:loadSnapshot(223)) - group-C467AD282B62: The snapshot info is null. Setting the last applied indexto:(t:0, i:~)
2019-11-16 00:26:29,204 [pool-520-thread-1] INFO  server.RaftServerConfigKeys (ConfUtils.java:logGet(43)) - raft.server.notification.no-leader.timeout = 120s (custom)
2019-11-16 00:26:29,204 [pool-520-thread-1] INFO  server.RaftServerConfigKeys (ConfUtils.java:logGet(43)) - raft.server.log.use.memory = false (default)
2019-11-16 00:26:29,204 [pool-520-thread-1] INFO  server.RaftServerConfigKeys (ConfUtils.java:logGet(43)) - raft.server.log.purge.gap = 1000000 (custom)
2019-11-16 00:26:29,204 [pool-520-thread-1] INFO  server.RaftServerConfigKeys (ConfUtils.java:logGet(43)) - raft.server.log.appender.buffer.byte-limit = 33554432 (custom)
2019-11-16 00:26:29,204 [pool-520-thread-1] INFO  server.RaftServerConfigKeys (ConfUtils.java:logGet(43)) - raft.server.log.segment.size.max = 1048576 (custom)
2019-11-16 00:26:29,204 [pool-520-thread-1] WARN  impl.MetricRegistriesImpl (MetricRegistriesImpl.java:lambda$create$1(61)) - First MetricRegistry has been created without registering reporters. You may need to call MetricRegistries.global().addReportRegistration(...) before.
2019-11-16 00:26:29,204 [pool-520-thread-1] INFO  server.RaftServerConfigKeys (ConfUtils.java:logGet(43)) - raft.server.log.segment.cache.num.max = 2 (custom)
2019-11-16 00:26:29,204 [pool-520-thread-1] INFO  segmented.SegmentedRaftLogWorker (SegmentedRaftLogWorker.java:<init>(173)) - new 0a2d6f7b-f3b3-43fc-9f44-c893c3969faf@group-C467AD282B62-SegmentedRaftLogWorker for RaftStorage:Storage Directory /workdir/hadoop-ozone/integration-test/target/test-dir/MiniOzoneClusterImpl-ec73e7b8-24c6-4197-838c-bd0443d97e1c/datanode-1/data/ratis/114bf210-1808-4ec6-9883-c467ad282b62
2019-11-16 00:26:29,204 [pool-520-thread-1] INFO  server.RaftServerConfigKeys (ConfUtils.java:logGet(43)) - raft.server.log.queue.byte-limit = 2147483647 (custom)
2019-11-16 00:26:29,205 [pool-520-thread-1] INFO  server.RaftServerConfigKeys (ConfUtils.java:logGet(43)) - raft.server.log.queue.element-limit = 1024 (custom)
2019-11-16 00:26:29,205 [pool-520-thread-1] INFO  server.RaftServerConfigKeys (ConfUtils.java:logGet(43)) - raft.server.log.segment.size.max = 1048576 (custom)
2019-11-16 00:26:29,205 [pool-520-thread-1] INFO  server.RaftServerConfigKeys (ConfUtils.java:logGet(43)) - raft.server.log.preallocated.size = 16384 (custom)
2019-11-16 00:26:29,205 [pool-520-thread-1] INFO  server.RaftServerConfigKeys (ConfUtils.java:logGet(43)) - raft.server.log.write.buffer.size = 33554432 (custom)
2019-11-16 00:26:29,205 [pool-520-thread-1] INFO  server.RaftServerConfigKeys (ConfUtils.java:logGet(43)) - raft.server.log.force.sync.num = 128 (default)
2019-11-16 00:26:29,205 [pool-520-thread-1] INFO  server.RaftServerConfigKeys (ConfUtils.java:logGet(43)) - raft.server.log.statemachine.data.sync = true (default)
2019-11-16 00:26:29,205 [pool-520-thread-1] INFO  server.RaftServerConfigKeys (ConfUtils.java:logGet(43)) - raft.server.log.statemachine.data.sync.timeout = 10s (default)
2019-11-16 00:26:29,205 [pool-520-thread-1] INFO  server.RaftServerConfigKeys (ConfUtils.java:logGet(43)) - raft.server.log.statemachine.data.sync.timeout.retry = -1 (default)
2019-11-16 00:26:29,206 [pool-520-thread-1] INFO  server.RaftServerConfigKeys (ConfUtils.java:logGet(43)) - raft.server.log.statemachine.data.caching.enabled = true (custom)
2019-11-16 00:26:29,206 [pool-520-thread-1] INFO  segmented.SegmentedRaftLogWorker (SegmentedRaftLogWorker.java:lambda$new$0(128)) - 0a2d6f7b-f3b3-43fc-9f44-c893c3969faf@group-C467AD282B62-SegmentedRaftLogWorker: flushIndex: setUnconditionally 0 -> -1
2019-11-16 00:26:29,206 [pool-520-thread-1] INFO  server.RaftServerConfigKeys (ConfUtils.java:logGet(43)) - raft.server.snapshot.auto.trigger.enabled = true (custom)
2019-11-16 00:26:29,206 [pool-520-thread-1] INFO  server.RaftServerConfigKeys (ConfUtils.java:logGet(43)) - raft.server.snapshot.auto.trigger.threshold = 10000 (custom)
2019-11-16 00:26:29,206 [pool-520-thread-1] INFO  server.RaftServerConfigKeys (ConfUtils.java:logGet(43)) - raft.server.snapshot.retention.file.num = 5 (custom)
2019-11-16 00:26:29,206 [pool-520-thread-1] INFO  server.RaftServerConfigKeys (ConfUtils.java:logGet(43)) - raft.server.retrycache.expirytime = 600000ms (custom)
2019-11-16 00:26:29,207 [pool-520-thread-1] WARN  impl.MetricRegistriesImpl (MetricRegistriesImpl.java:lambda$create$1(61)) - First MetricRegistry has been created without registering reporters. You may need to call MetricRegistries.global().addReportRegistration(...) before.
2019-11-16 00:26:29,207 [pool-520-thread-1] WARN  impl.MetricRegistriesImpl (MetricRegistriesImpl.java:lambda$create$1(61)) - First MetricRegistry has been created without registering reporters. You may need to call MetricRegistries.global().addReportRegistration(...) before.
2019-11-16 00:26:29,207 [pool-520-thread-1] INFO  impl.RaftServerImpl (RaftServerImpl.java:start(184)) - 0a2d6f7b-f3b3-43fc-9f44-c893c3969faf@group-C467AD282B62: start as a follower, conf=-1: [0a2d6f7b-f3b3-43fc-9f44-c893c3969faf:192.168.69.79:34899], old=null
2019-11-16 00:26:29,207 [pool-520-thread-1] INFO  impl.RaftServerImpl (RaftServerImpl.java:setRole(173)) - 0a2d6f7b-f3b3-43fc-9f44-c893c3969faf@group-C467AD282B62: changes role from      null to FOLLOWER at term 0 for startAsFollower
2019-11-16 00:26:29,207 [pool-520-thread-1] INFO  impl.RoleInfo (RoleInfo.java:updateAndGet(143)) - 0a2d6f7b-f3b3-43fc-9f44-c893c3969faf: start FollowerState
2019-11-16 00:26:29,208 [pool-520-thread-1] INFO  util.JmxRegister (JmxRegister.java:tryRegister(44)) - Successfully registered JMX Bean with object name Ratis:service=RaftServer,group=group-C467AD282B62,id=0a2d6f7b-f3b3-43fc-9f44-c893c3969faf
2019-11-16 00:26:29,208 [pool-520-thread-1] WARN  impl.MetricRegistriesImpl (MetricRegistriesImpl.java:lambda$create$1(61)) - First MetricRegistry has been created without registering reporters. You may need to call MetricRegistries.global().addReportRegistration(...) before.
2019-11-16 00:26:29,210 [RatisPipelineUtilsThread] INFO  pipeline.PipelineStateManager (PipelineStateManager.java:addPipeline(55)) - Created pipeline Pipeline[ Id: 114bf210-1808-4ec6-9883-c467ad282b62, Nodes: 0a2d6f7b-f3b3-43fc-9f44-c893c3969faf{ip: 192.168.69.79, host: pr-hdds-2501-b5dhd-1197665634, networkLocation: /rack1, certSerialId: null}, Type:RATIS, Factor:ONE, State:ALLOCATED]
2019-11-16 00:26:29,227 [IPC Server handler 7 on 42806] INFO  net.NetworkTopology (NetworkTopologyImpl.java:add(111)) - Added a new node: /rack1/84c9c768-243c-47db-bab4-63e35b2a41a2
2019-11-16 00:26:29,227 [IPC Server handler 7 on 42806] INFO  node.SCMNodeManager (SCMNodeManager.java:register(267)) - Registered Data node : 84c9c768-243c-47db-bab4-63e35b2a41a2{ip: 192.168.69.79, host: pr-hdds-2501-b5dhd-1197665634, networkLocation: /rack1, certSerialId: null}
2019-11-16 00:26:29,232 [grpc-default-executor-9] INFO  impl.RaftServerProxy (RaftServerProxy.java:addNew(89)) - 84c9c768-243c-47db-bab4-63e35b2a41a2: addNew group-CC06AC41928D:[84c9c768-243c-47db-bab4-63e35b2a41a2:192.168.69.79:38689] returns group-CC06AC41928D:java.util.concurrent.CompletableFuture@369ea151[Not completed]
2019-11-16 00:26:29,234 [pool-530-thread-1] INFO  impl.RaftServerImpl (RaftServerImpl.java:<init>(98)) - 84c9c768-243c-47db-bab4-63e35b2a41a2: new RaftServerImpl for group-CC06AC41928D:[84c9c768-243c-47db-bab4-63e35b2a41a2:192.168.69.79:38689] with ContainerStateMachine:uninitialized
2019-11-16 00:26:29,234 [pool-530-thread-1] INFO  server.RaftServerConfigKeys (ConfUtils.java:logGet(43)) - raft.server.rpc.timeout.min = 1s (custom)
2019-11-16 00:26:29,234 [pool-530-thread-1] INFO  server.RaftServerConfigKeys (ConfUtils.java:logGet(43)) - raft.server.rpc.timeout.max = 1200ms (custom)
2019-11-16 00:26:29,234 [pool-530-thread-1] INFO  server.RaftServerConfigKeys (ConfUtils.java:logGet(43)) - raft.server.rpcslowness.timeout = 120s (custom)
2019-11-16 00:26:29,234 [pool-530-thread-1] INFO  server.RaftServerConfigKeys (ConfUtils.java:logGet(43)) - raft.server.sleep.deviation.threshold = 300 (default)
2019-11-16 00:26:29,234 [pool-530-thread-1] INFO  server.RaftServerConfigKeys (ConfUtils.java:logGet(43)) - raft.server.log.appender.install.snapshot.enabled = false (custom)
2019-11-16 00:26:29,235 [pool-530-thread-1] INFO  impl.RaftServerImpl (ServerState.java:<init>(103)) - 84c9c768-243c-47db-bab4-63e35b2a41a2@group-CC06AC41928D: ConfigurationManager, init=-1: [84c9c768-243c-47db-bab4-63e35b2a41a2:192.168.69.79:38689], old=null, confs=<EMPTY_MAP>
2019-11-16 00:26:29,235 [pool-530-thread-1] INFO  server.RaftServerConfigKeys (ConfUtils.java:logGet(43)) - raft.server.storage.dir = [/workdir/hadoop-ozone/integration-test/target/test-dir/MiniOzoneClusterImpl-ec73e7b8-24c6-4197-838c-bd0443d97e1c/datanode-2/data/ratis] (custom)
2019-11-16 00:26:29,235 [pool-530-thread-1] INFO  server.RaftServerConfigKeys (ConfUtils.java:logGet(43)) - raft.server.log.corruption.policy = EXCEPTION (default)
2019-11-16 00:26:29,235 [pool-530-thread-1] INFO  storage.RaftStorageDirectory (RaftStorageDirectory.java:analyzeStorage(246)) - The storage directory /workdir/hadoop-ozone/integration-test/target/test-dir/MiniOzoneClusterImpl-ec73e7b8-24c6-4197-838c-bd0443d97e1c/datanode-2/data/ratis/bc4108d1-b2dd-4222-b992-cc06ac41928d does not exist. Creating ...
2019-11-16 00:26:29,248 [pool-530-thread-1] INFO  storage.RaftStorageDirectory (RaftStorageDirectory.java:tryLock(328)) - Lock on /workdir/hadoop-ozone/integration-test/target/test-dir/MiniOzoneClusterImpl-ec73e7b8-24c6-4197-838c-bd0443d97e1c/datanode-2/data/ratis/bc4108d1-b2dd-4222-b992-cc06ac41928d/in_use.lock acquired by nodename 23786@pr-hdds-2501-b5dhd-1197665634
2019-11-16 00:26:29,261 [pool-530-thread-1] INFO  storage.RaftStorage (RaftStorage.java:format(84)) - Storage directory /workdir/hadoop-ozone/integration-test/target/test-dir/MiniOzoneClusterImpl-ec73e7b8-24c6-4197-838c-bd0443d97e1c/datanode-2/data/ratis/bc4108d1-b2dd-4222-b992-cc06ac41928d has been successfully formatted.
2019-11-16 00:26:29,262 [pool-530-thread-1] INFO  ratis.ContainerStateMachine (ContainerStateMachine.java:loadSnapshot(223)) - group-CC06AC41928D: The snapshot info is null. Setting the last applied indexto:(t:0, i:~)
2019-11-16 00:26:29,262 [pool-530-thread-1] INFO  server.RaftServerConfigKeys (ConfUtils.java:logGet(43)) - raft.server.notification.no-leader.timeout = 120s (custom)
2019-11-16 00:26:29,262 [pool-530-thread-1] INFO  server.RaftServerConfigKeys (ConfUtils.java:logGet(43)) - raft.server.log.use.memory = false (default)
2019-11-16 00:26:29,262 [pool-530-thread-1] INFO  server.RaftServerConfigKeys (ConfUtils.java:logGet(43)) - raft.server.log.purge.gap = 1000000 (custom)
2019-11-16 00:26:29,262 [pool-530-thread-1] INFO  server.RaftServerConfigKeys (ConfUtils.java:logGet(43)) - raft.server.log.appender.buffer.byte-limit = 33554432 (custom)
2019-11-16 00:26:29,262 [pool-530-thread-1] INFO  server.RaftServerConfigKeys (ConfUtils.java:logGet(43)) - raft.server.log.segment.size.max = 1048576 (custom)
2019-11-16 00:26:29,262 [pool-530-thread-1] WARN  impl.MetricRegistriesImpl (MetricRegistriesImpl.java:lambda$create$1(61)) - First MetricRegistry has been created without registering reporters. You may need to call MetricRegistries.global().addReportRegistration(...) before.
2019-11-16 00:26:29,262 [pool-530-thread-1] INFO  server.RaftServerConfigKeys (ConfUtils.java:logGet(43)) - raft.server.log.segment.cache.num.max = 2 (custom)
2019-11-16 00:26:29,263 [pool-530-thread-1] INFO  segmented.SegmentedRaftLogWorker (SegmentedRaftLogWorker.java:<init>(173)) - new 84c9c768-243c-47db-bab4-63e35b2a41a2@group-CC06AC41928D-SegmentedRaftLogWorker for RaftStorage:Storage Directory /workdir/hadoop-ozone/integration-test/target/test-dir/MiniOzoneClusterImpl-ec73e7b8-24c6-4197-838c-bd0443d97e1c/datanode-2/data/ratis/bc4108d1-b2dd-4222-b992-cc06ac41928d
2019-11-16 00:26:29,263 [pool-530-thread-1] INFO  server.RaftServerConfigKeys (ConfUtils.java:logGet(43)) - raft.server.log.queue.byte-limit = 2147483647 (custom)
2019-11-16 00:26:29,263 [pool-530-thread-1] INFO  server.RaftServerConfigKeys (ConfUtils.java:logGet(43)) - raft.server.log.queue.element-limit = 1024 (custom)
2019-11-16 00:26:29,263 [pool-530-thread-1] INFO  server.RaftServerConfigKeys (ConfUtils.java:logGet(43)) - raft.server.log.segment.size.max = 1048576 (custom)
2019-11-16 00:26:29,263 [pool-530-thread-1] INFO  server.RaftServerConfigKeys (ConfUtils.java:logGet(43)) - raft.server.log.preallocated.size = 16384 (custom)
2019-11-16 00:26:29,263 [pool-530-thread-1] INFO  server.RaftServerConfigKeys (ConfUtils.java:logGet(43)) - raft.server.log.write.buffer.size = 33554432 (custom)
2019-11-16 00:26:29,263 [pool-530-thread-1] INFO  server.RaftServerConfigKeys (ConfUtils.java:logGet(43)) - raft.server.log.force.sync.num = 128 (default)
2019-11-16 00:26:29,263 [pool-530-thread-1] INFO  server.RaftServerConfigKeys (ConfUtils.java:logGet(43)) - raft.server.log.statemachine.data.sync = true (default)
2019-11-16 00:26:29,263 [pool-530-thread-1] INFO  server.RaftServerConfigKeys (ConfUtils.java:logGet(43)) - raft.server.log.statemachine.data.sync.timeout = 10s (default)
2019-11-16 00:26:29,263 [pool-530-thread-1] INFO  server.RaftServerConfigKeys (ConfUtils.java:logGet(43)) - raft.server.log.statemachine.data.sync.timeout.retry = -1 (default)
2019-11-16 00:26:29,264 [pool-530-thread-1] INFO  server.RaftServerConfigKeys (ConfUtils.java:logGet(43)) - raft.server.log.statemachine.data.caching.enabled = true (custom)
2019-11-16 00:26:29,264 [pool-530-thread-1] INFO  segmented.SegmentedRaftLogWorker (SegmentedRaftLogWorker.java:lambda$new$0(128)) - 84c9c768-243c-47db-bab4-63e35b2a41a2@group-CC06AC41928D-SegmentedRaftLogWorker: flushIndex: setUnconditionally 0 -> -1
2019-11-16 00:26:29,264 [pool-530-thread-1] INFO  server.RaftServerConfigKeys (ConfUtils.java:logGet(43)) - raft.server.snapshot.auto.trigger.enabled = true (custom)
2019-11-16 00:26:29,264 [pool-530-thread-1] INFO  server.RaftServerConfigKeys (ConfUtils.java:logGet(43)) - raft.server.snapshot.auto.trigger.threshold = 10000 (custom)
2019-11-16 00:26:29,264 [pool-530-thread-1] INFO  server.RaftServerConfigKeys (ConfUtils.java:logGet(43)) - raft.server.snapshot.retention.file.num = 5 (custom)
2019-11-16 00:26:29,264 [pool-530-thread-1] INFO  server.RaftServerConfigKeys (ConfUtils.java:logGet(43)) - raft.server.retrycache.expirytime = 600000ms (custom)
2019-11-16 00:26:29,264 [pool-530-thread-1] WARN  impl.MetricRegistriesImpl (MetricRegistriesImpl.java:lambda$create$1(61)) - First MetricRegistry has been created without registering reporters. You may need to call MetricRegistries.global().addReportRegistration(...) before.
2019-11-16 00:26:29,265 [pool-530-thread-1] WARN  impl.MetricRegistriesImpl (MetricRegistriesImpl.java:lambda$create$1(61)) - First MetricRegistry has been created without registering reporters. You may need to call MetricRegistries.global().addReportRegistration(...) before.
2019-11-16 00:26:29,265 [pool-530-thread-1] INFO  impl.RaftServerImpl (RaftServerImpl.java:start(184)) - 84c9c768-243c-47db-bab4-63e35b2a41a2@group-CC06AC41928D: start as a follower, conf=-1: [84c9c768-243c-47db-bab4-63e35b2a41a2:192.168.69.79:38689], old=null
2019-11-16 00:26:29,265 [pool-530-thread-1] INFO  impl.RaftServerImpl (RaftServerImpl.java:setRole(173)) - 84c9c768-243c-47db-bab4-63e35b2a41a2@group-CC06AC41928D: changes role from      null to FOLLOWER at term 0 for startAsFollower
2019-11-16 00:26:29,265 [pool-530-thread-1] INFO  impl.RoleInfo (RoleInfo.java:updateAndGet(143)) - 84c9c768-243c-47db-bab4-63e35b2a41a2: start FollowerState
2019-11-16 00:26:29,265 [pool-530-thread-1] INFO  util.JmxRegister (JmxRegister.java:tryRegister(44)) - Successfully registered JMX Bean with object name Ratis:service=RaftServer,group=group-CC06AC41928D,id=84c9c768-243c-47db-bab4-63e35b2a41a2
2019-11-16 00:26:29,265 [pool-530-thread-1] WARN  impl.MetricRegistriesImpl (MetricRegistriesImpl.java:lambda$create$1(61)) - First MetricRegistry has been created without registering reporters. You may need to call MetricRegistries.global().addReportRegistration(...) before.
2019-11-16 00:26:29,267 [RatisPipelineUtilsThread] INFO  pipeline.PipelineStateManager (PipelineStateManager.java:addPipeline(55)) - Created pipeline Pipeline[ Id: bc4108d1-b2dd-4222-b992-cc06ac41928d, Nodes: 84c9c768-243c-47db-bab4-63e35b2a41a2{ip: 192.168.69.79, host: pr-hdds-2501-b5dhd-1197665634, networkLocation: /rack1, certSerialId: null}, Type:RATIS, Factor:ONE, State:ALLOCATED]
2019-11-16 00:26:29,276 [grpc-default-executor-2] INFO  impl.RaftServerProxy (RaftServerProxy.java:addNew(89)) - 84c9c768-243c-47db-bab4-63e35b2a41a2: addNew group-28F631BD8B01:[5140e110-8ff7-42a5-9b32-053ee4f24742:192.168.69.79:33415, 0a2d6f7b-f3b3-43fc-9f44-c893c3969faf:192.168.69.79:34899, 84c9c768-243c-47db-bab4-63e35b2a41a2:192.168.69.79:38689] returns group-28F631BD8B01:java.util.concurrent.CompletableFuture@1ac33c4c[Not completed]
2019-11-16 00:26:29,276 [grpc-default-executor-3] INFO  impl.RaftServerProxy (RaftServerProxy.java:addNew(89)) - 5140e110-8ff7-42a5-9b32-053ee4f24742: addNew group-28F631BD8B01:[5140e110-8ff7-42a5-9b32-053ee4f24742:192.168.69.79:33415, 0a2d6f7b-f3b3-43fc-9f44-c893c3969faf:192.168.69.79:34899, 84c9c768-243c-47db-bab4-63e35b2a41a2:192.168.69.79:38689] returns group-28F631BD8B01:java.util.concurrent.CompletableFuture@6339d1cc[Not completed]
2019-11-16 00:26:29,277 [grpc-default-executor-2] INFO  impl.RaftServerProxy (RaftServerProxy.java:addNew(89)) - 0a2d6f7b-f3b3-43fc-9f44-c893c3969faf: addNew group-28F631BD8B01:[5140e110-8ff7-42a5-9b32-053ee4f24742:192.168.69.79:33415, 0a2d6f7b-f3b3-43fc-9f44-c893c3969faf:192.168.69.79:34899, 84c9c768-243c-47db-bab4-63e35b2a41a2:192.168.69.79:38689] returns group-28F631BD8B01:java.util.concurrent.CompletableFuture@1ad542ec[Not completed]
2019-11-16 00:26:29,277 [pool-510-thread-1] INFO  impl.RaftServerImpl (RaftServerImpl.java:<init>(98)) - 5140e110-8ff7-42a5-9b32-053ee4f24742: new RaftServerImpl for group-28F631BD8B01:[5140e110-8ff7-42a5-9b32-053ee4f24742:192.168.69.79:33415, 0a2d6f7b-f3b3-43fc-9f44-c893c3969faf:192.168.69.79:34899, 84c9c768-243c-47db-bab4-63e35b2a41a2:192.168.69.79:38689] with ContainerStateMachine:uninitialized
2019-11-16 00:26:29,278 [pool-510-thread-1] INFO  server.RaftServerConfigKeys (ConfUtils.java:logGet(43)) - raft.server.rpc.timeout.min = 1s (custom)
2019-11-16 00:26:29,278 [pool-510-thread-1] INFO  server.RaftServerConfigKeys (ConfUtils.java:logGet(43)) - raft.server.rpc.timeout.max = 1200ms (custom)
2019-11-16 00:26:29,278 [pool-510-thread-1] INFO  server.RaftServerConfigKeys (ConfUtils.java:logGet(43)) - raft.server.rpcslowness.timeout = 120s (custom)
2019-11-16 00:26:29,278 [pool-510-thread-1] INFO  server.RaftServerConfigKeys (ConfUtils.java:logGet(43)) - raft.server.sleep.deviation.threshold = 300 (default)
2019-11-16 00:26:29,278 [pool-510-thread-1] INFO  server.RaftServerConfigKeys (ConfUtils.java:logGet(43)) - raft.server.log.appender.install.snapshot.enabled = false (custom)
2019-11-16 00:26:29,278 [pool-510-thread-1] INFO  impl.RaftServerImpl (ServerState.java:<init>(103)) - 5140e110-8ff7-42a5-9b32-053ee4f24742@group-28F631BD8B01: ConfigurationManager, init=-1: [5140e110-8ff7-42a5-9b32-053ee4f24742:192.168.69.79:33415, 0a2d6f7b-f3b3-43fc-9f44-c893c3969faf:192.168.69.79:34899, 84c9c768-243c-47db-bab4-63e35b2a41a2:192.168.69.79:38689], old=null, confs=<EMPTY_MAP>
2019-11-16 00:26:29,278 [pool-520-thread-1] INFO  impl.RaftServerImpl (RaftServerImpl.java:<init>(98)) - 0a2d6f7b-f3b3-43fc-9f44-c893c3969faf: new RaftServerImpl for group-28F631BD8B01:[5140e110-8ff7-42a5-9b32-053ee4f24742:192.168.69.79:33415, 0a2d6f7b-f3b3-43fc-9f44-c893c3969faf:192.168.69.79:34899, 84c9c768-243c-47db-bab4-63e35b2a41a2:192.168.69.79:38689] with ContainerStateMachine:uninitialized
2019-11-16 00:26:29,278 [pool-510-thread-1] INFO  server.RaftServerConfigKeys (ConfUtils.java:logGet(43)) - raft.server.storage.dir = [/workdir/hadoop-ozone/integration-test/target/test-dir/MiniOzoneClusterImpl-ec73e7b8-24c6-4197-838c-bd0443d97e1c/datanode-0/data/ratis] (custom)
2019-11-16 00:26:29,278 [pool-520-thread-1] INFO  server.RaftServerConfigKeys (ConfUtils.java:logGet(43)) - raft.server.rpc.timeout.min = 1s (custom)
2019-11-16 00:26:29,278 [pool-520-thread-1] INFO  server.RaftServerConfigKeys (ConfUtils.java:logGet(43)) - raft.server.rpc.timeout.max = 1200ms (custom)
2019-11-16 00:26:29,278 [pool-510-thread-1] INFO  server.RaftServerConfigKeys (ConfUtils.java:logGet(43)) - raft.server.log.corruption.policy = EXCEPTION (default)
2019-11-16 00:26:29,278 [pool-520-thread-1] INFO  server.RaftServerConfigKeys (ConfUtils.java:logGet(43)) - raft.server.rpcslowness.timeout = 120s (custom)
2019-11-16 00:26:29,279 [pool-510-thread-1] INFO  storage.RaftStorageDirectory (RaftStorageDirectory.java:analyzeStorage(246)) - The storage directory /workdir/hadoop-ozone/integration-test/target/test-dir/MiniOzoneClusterImpl-ec73e7b8-24c6-4197-838c-bd0443d97e1c/datanode-0/data/ratis/f65c172c-2fab-4648-982a-28f631bd8b01 does not exist. Creating ...
2019-11-16 00:26:29,278 [pool-530-thread-1] INFO  impl.RaftServerImpl (RaftServerImpl.java:<init>(98)) - 84c9c768-243c-47db-bab4-63e35b2a41a2: new RaftServerImpl for group-28F631BD8B01:[5140e110-8ff7-42a5-9b32-053ee4f24742:192.168.69.79:33415, 0a2d6f7b-f3b3-43fc-9f44-c893c3969faf:192.168.69.79:34899, 84c9c768-243c-47db-bab4-63e35b2a41a2:192.168.69.79:38689] with ContainerStateMachine:uninitialized
2019-11-16 00:26:29,279 [pool-520-thread-1] INFO  server.RaftServerConfigKeys (ConfUtils.java:logGet(43)) - raft.server.sleep.deviation.threshold = 300 (default)
2019-11-16 00:26:29,279 [pool-530-thread-1] INFO  server.RaftServerConfigKeys (ConfUtils.java:logGet(43)) - raft.server.rpc.timeout.min = 1s (custom)
2019-11-16 00:26:29,279 [pool-520-thread-1] INFO  server.RaftServerConfigKeys (ConfUtils.java:logGet(43)) - raft.server.log.appender.install.snapshot.enabled = false (custom)
2019-11-16 00:26:29,279 [pool-530-thread-1] INFO  server.RaftServerConfigKeys (ConfUtils.java:logGet(43)) - raft.server.rpc.timeout.max = 1200ms (custom)
2019-11-16 00:26:29,279 [pool-520-thread-1] INFO  impl.RaftServerImpl (ServerState.java:<init>(103)) - 0a2d6f7b-f3b3-43fc-9f44-c893c3969faf@group-28F631BD8B01: ConfigurationManager, init=-1: [5140e110-8ff7-42a5-9b32-053ee4f24742:192.168.69.79:33415, 0a2d6f7b-f3b3-43fc-9f44-c893c3969faf:192.168.69.79:34899, 84c9c768-243c-47db-bab4-63e35b2a41a2:192.168.69.79:38689], old=null, confs=<EMPTY_MAP>
2019-11-16 00:26:29,279 [pool-530-thread-1] INFO  server.RaftServerConfigKeys (ConfUtils.java:logGet(43)) - raft.server.rpcslowness.timeout = 120s (custom)
2019-11-16 00:26:29,279 [pool-520-thread-1] INFO  server.RaftServerConfigKeys (ConfUtils.java:logGet(43)) - raft.server.storage.dir = [/workdir/hadoop-ozone/integration-test/target/test-dir/MiniOzoneClusterImpl-ec73e7b8-24c6-4197-838c-bd0443d97e1c/datanode-1/data/ratis] (custom)
2019-11-16 00:26:29,279 [pool-530-thread-1] INFO  server.RaftServerConfigKeys (ConfUtils.java:logGet(43)) - raft.server.sleep.deviation.threshold = 300 (default)
2019-11-16 00:26:29,279 [pool-530-thread-1] INFO  server.RaftServerConfigKeys (ConfUtils.java:logGet(43)) - raft.server.log.appender.install.snapshot.enabled = false (custom)
2019-11-16 00:26:29,279 [pool-520-thread-1] INFO  server.RaftServerConfigKeys (ConfUtils.java:logGet(43)) - raft.server.log.corruption.policy = EXCEPTION (default)
2019-11-16 00:26:29,279 [pool-530-thread-1] INFO  impl.RaftServerImpl (ServerState.java:<init>(103)) - 84c9c768-243c-47db-bab4-63e35b2a41a2@group-28F631BD8B01: ConfigurationManager, init=-1: [5140e110-8ff7-42a5-9b32-053ee4f24742:192.168.69.79:33415, 0a2d6f7b-f3b3-43fc-9f44-c893c3969faf:192.168.69.79:34899, 84c9c768-243c-47db-bab4-63e35b2a41a2:192.168.69.79:38689], old=null, confs=<EMPTY_MAP>
2019-11-16 00:26:29,280 [pool-520-thread-1] INFO  storage.RaftStorageDirectory (RaftStorageDirectory.java:analyzeStorage(246)) - The storage directory /workdir/hadoop-ozone/integration-test/target/test-dir/MiniOzoneClusterImpl-ec73e7b8-24c6-4197-838c-bd0443d97e1c/datanode-1/data/ratis/f65c172c-2fab-4648-982a-28f631bd8b01 does not exist. Creating ...
2019-11-16 00:26:29,280 [pool-530-thread-1] INFO  server.RaftServerConfigKeys (ConfUtils.java:logGet(43)) - raft.server.storage.dir = [/workdir/hadoop-ozone/integration-test/target/test-dir/MiniOzoneClusterImpl-ec73e7b8-24c6-4197-838c-bd0443d97e1c/datanode-2/data/ratis] (custom)
2019-11-16 00:26:29,280 [pool-530-thread-1] INFO  server.RaftServerConfigKeys (ConfUtils.java:logGet(43)) - raft.server.log.corruption.policy = EXCEPTION (default)
2019-11-16 00:26:29,280 [pool-530-thread-1] INFO  storage.RaftStorageDirectory (RaftStorageDirectory.java:analyzeStorage(246)) - The storage directory /workdir/hadoop-ozone/integration-test/target/test-dir/MiniOzoneClusterImpl-ec73e7b8-24c6-4197-838c-bd0443d97e1c/datanode-2/data/ratis/f65c172c-2fab-4648-982a-28f631bd8b01 does not exist. Creating ...
2019-11-16 00:26:29,292 [pool-520-thread-1] INFO  storage.RaftStorageDirectory (RaftStorageDirectory.java:tryLock(328)) - Lock on /workdir/hadoop-ozone/integration-test/target/test-dir/MiniOzoneClusterImpl-ec73e7b8-24c6-4197-838c-bd0443d97e1c/datanode-1/data/ratis/f65c172c-2fab-4648-982a-28f631bd8b01/in_use.lock acquired by nodename 23786@pr-hdds-2501-b5dhd-1197665634
2019-11-16 00:26:29,292 [pool-510-thread-1] INFO  storage.RaftStorageDirectory (RaftStorageDirectory.java:tryLock(328)) - Lock on /workdir/hadoop-ozone/integration-test/target/test-dir/MiniOzoneClusterImpl-ec73e7b8-24c6-4197-838c-bd0443d97e1c/datanode-0/data/ratis/f65c172c-2fab-4648-982a-28f631bd8b01/in_use.lock acquired by nodename 23786@pr-hdds-2501-b5dhd-1197665634
2019-11-16 00:26:29,292 [pool-530-thread-1] INFO  storage.RaftStorageDirectory (RaftStorageDirectory.java:tryLock(328)) - Lock on /workdir/hadoop-ozone/integration-test/target/test-dir/MiniOzoneClusterImpl-ec73e7b8-24c6-4197-838c-bd0443d97e1c/datanode-2/data/ratis/f65c172c-2fab-4648-982a-28f631bd8b01/in_use.lock acquired by nodename 23786@pr-hdds-2501-b5dhd-1197665634
2019-11-16 00:26:29,298 [IPC Server handler 8 on 42806] INFO  net.NetworkTopology (NetworkTopologyImpl.java:add(111)) - Added a new node: /rack1/69b8f75d-497f-4fe6-9dc7-b84f6827359d
2019-11-16 00:26:29,298 [IPC Server handler 8 on 42806] INFO  node.SCMNodeManager (SCMNodeManager.java:register(267)) - Registered Data node : 69b8f75d-497f-4fe6-9dc7-b84f6827359d{ip: 192.168.69.79, host: pr-hdds-2501-b5dhd-1197665634, networkLocation: /rack1, certSerialId: null}
2019-11-16 00:26:29,305 [pool-510-thread-1] INFO  storage.RaftStorage (RaftStorage.java:format(84)) - Storage directory /workdir/hadoop-ozone/integration-test/target/test-dir/MiniOzoneClusterImpl-ec73e7b8-24c6-4197-838c-bd0443d97e1c/datanode-0/data/ratis/f65c172c-2fab-4648-982a-28f631bd8b01 has been successfully formatted.
2019-11-16 00:26:29,305 [pool-530-thread-1] INFO  storage.RaftStorage (RaftStorage.java:format(84)) - Storage directory /workdir/hadoop-ozone/integration-test/target/test-dir/MiniOzoneClusterImpl-ec73e7b8-24c6-4197-838c-bd0443d97e1c/datanode-2/data/ratis/f65c172c-2fab-4648-982a-28f631bd8b01 has been successfully formatted.
2019-11-16 00:26:29,305 [pool-520-thread-1] INFO  storage.RaftStorage (RaftStorage.java:format(84)) - Storage directory /workdir/hadoop-ozone/integration-test/target/test-dir/MiniOzoneClusterImpl-ec73e7b8-24c6-4197-838c-bd0443d97e1c/datanode-1/data/ratis/f65c172c-2fab-4648-982a-28f631bd8b01 has been successfully formatted.
2019-11-16 00:26:29,306 [pool-510-thread-1] INFO  ratis.ContainerStateMachine (ContainerStateMachine.java:loadSnapshot(223)) - group-28F631BD8B01: The snapshot info is null. Setting the last applied indexto:(t:0, i:~)
2019-11-16 00:26:29,306 [pool-520-thread-1] INFO  ratis.ContainerStateMachine (ContainerStateMachine.java:loadSnapshot(223)) - group-28F631BD8B01: The snapshot info is null. Setting the last applied indexto:(t:0, i:~)
2019-11-16 00:26:29,306 [pool-530-thread-1] INFO  ratis.ContainerStateMachine (ContainerStateMachine.java:loadSnapshot(223)) - group-28F631BD8B01: The snapshot info is null. Setting the last applied indexto:(t:0, i:~)
2019-11-16 00:26:29,306 [pool-520-thread-1] INFO  server.RaftServerConfigKeys (ConfUtils.java:logGet(43)) - raft.server.notification.no-leader.timeout = 120s (custom)
2019-11-16 00:26:29,306 [pool-510-thread-1] INFO  server.RaftServerConfigKeys (ConfUtils.java:logGet(43)) - raft.server.notification.no-leader.timeout = 120s (custom)
2019-11-16 00:26:29,306 [pool-520-thread-1] INFO  server.RaftServerConfigKeys (ConfUtils.java:logGet(43)) - raft.server.log.use.memory = false (default)
2019-11-16 00:26:29,306 [pool-530-thread-1] INFO  server.RaftServerConfigKeys (ConfUtils.java:logGet(43)) - raft.server.notification.no-leader.timeout = 120s (custom)
2019-11-16 00:26:29,306 [pool-520-thread-1] INFO  server.RaftServerConfigKeys (ConfUtils.java:logGet(43)) - raft.server.log.purge.gap = 1000000 (custom)
2019-11-16 00:26:29,306 [pool-510-thread-1] INFO  server.RaftServerConfigKeys (ConfUtils.java:logGet(43)) - raft.server.log.use.memory = false (default)
2019-11-16 00:26:29,306 [pool-520-thread-1] INFO  server.RaftServerConfigKeys (ConfUtils.java:logGet(43)) - raft.server.log.appender.buffer.byte-limit = 33554432 (custom)
2019-11-16 00:26:29,306 [pool-530-thread-1] INFO  server.RaftServerConfigKeys (ConfUtils.java:logGet(43)) - raft.server.log.use.memory = false (default)
2019-11-16 00:26:29,307 [pool-520-thread-1] INFO  server.RaftServerConfigKeys (ConfUtils.java:logGet(43)) - raft.server.log.segment.size.max = 1048576 (custom)
2019-11-16 00:26:29,307 [pool-510-thread-1] INFO  server.RaftServerConfigKeys (ConfUtils.java:logGet(43)) - raft.server.log.purge.gap = 1000000 (custom)
2019-11-16 00:26:29,307 [pool-520-thread-1] INFO  server.RaftServerConfigKeys (ConfUtils.java:logGet(43)) - raft.server.log.segment.cache.num.max = 2 (custom)
2019-11-16 00:26:29,307 [pool-530-thread-1] INFO  server.RaftServerConfigKeys (ConfUtils.java:logGet(43)) - raft.server.log.purge.gap = 1000000 (custom)
2019-11-16 00:26:29,307 [pool-520-thread-1] INFO  segmented.SegmentedRaftLogWorker (SegmentedRaftLogWorker.java:<init>(173)) - new 0a2d6f7b-f3b3-43fc-9f44-c893c3969faf@group-28F631BD8B01-SegmentedRaftLogWorker for RaftStorage:Storage Directory /workdir/hadoop-ozone/integration-test/target/test-dir/MiniOzoneClusterImpl-ec73e7b8-24c6-4197-838c-bd0443d97e1c/datanode-1/data/ratis/f65c172c-2fab-4648-982a-28f631bd8b01
2019-11-16 00:26:29,307 [pool-510-thread-1] INFO  server.RaftServerConfigKeys (ConfUtils.java:logGet(43)) - raft.server.log.appender.buffer.byte-limit = 33554432 (custom)
2019-11-16 00:26:29,307 [pool-520-thread-1] INFO  server.RaftServerConfigKeys (ConfUtils.java:logGet(43)) - raft.server.log.queue.byte-limit = 2147483647 (custom)
2019-11-16 00:26:29,307 [pool-520-thread-1] INFO  server.RaftServerConfigKeys (ConfUtils.java:logGet(43)) - raft.server.log.queue.element-limit = 1024 (custom)
2019-11-16 00:26:29,307 [pool-530-thread-1] INFO  server.RaftServerConfigKeys (ConfUtils.java:logGet(43)) - raft.server.log.appender.buffer.byte-limit = 33554432 (custom)
2019-11-16 00:26:29,307 [pool-520-thread-1] INFO  server.RaftServerConfigKeys (ConfUtils.java:logGet(43)) - raft.server.log.segment.size.max = 1048576 (custom)
2019-11-16 00:26:29,307 [pool-510-thread-1] INFO  server.RaftServerConfigKeys (ConfUtils.java:logGet(43)) - raft.server.log.segment.size.max = 1048576 (custom)
2019-11-16 00:26:29,308 [pool-520-thread-1] INFO  server.RaftServerConfigKeys (ConfUtils.java:logGet(43)) - raft.server.log.preallocated.size = 16384 (custom)
2019-11-16 00:26:29,308 [pool-530-thread-1] INFO  server.RaftServerConfigKeys (ConfUtils.java:logGet(43)) - raft.server.log.segment.size.max = 1048576 (custom)
2019-11-16 00:26:29,308 [pool-520-thread-1] INFO  server.RaftServerConfigKeys (ConfUtils.java:logGet(43)) - raft.server.log.write.buffer.size = 33554432 (custom)
2019-11-16 00:26:29,308 [pool-530-thread-1] INFO  server.RaftServerConfigKeys (ConfUtils.java:logGet(43)) - raft.server.log.segment.cache.num.max = 2 (custom)
2019-11-16 00:26:29,308 [pool-510-thread-1] INFO  server.RaftServerConfigKeys (ConfUtils.java:logGet(43)) - raft.server.log.segment.cache.num.max = 2 (custom)
2019-11-16 00:26:29,308 [pool-530-thread-1] INFO  segmented.SegmentedRaftLogWorker (SegmentedRaftLogWorker.java:<init>(173)) - new 84c9c768-243c-47db-bab4-63e35b2a41a2@group-28F631BD8B01-SegmentedRaftLogWorker for RaftStorage:Storage Directory /workdir/hadoop-ozone/integration-test/target/test-dir/MiniOzoneClusterImpl-ec73e7b8-24c6-4197-838c-bd0443d97e1c/datanode-2/data/ratis/f65c172c-2fab-4648-982a-28f631bd8b01
2019-11-16 00:26:29,308 [pool-520-thread-1] INFO  server.RaftServerConfigKeys (ConfUtils.java:logGet(43)) - raft.server.log.force.sync.num = 128 (default)
2019-11-16 00:26:29,308 [pool-530-thread-1] INFO  server.RaftServerConfigKeys (ConfUtils.java:logGet(43)) - raft.server.log.queue.byte-limit = 2147483647 (custom)
2019-11-16 00:26:29,308 [pool-510-thread-1] INFO  segmented.SegmentedRaftLogWorker (SegmentedRaftLogWorker.java:<init>(173)) - new 5140e110-8ff7-42a5-9b32-053ee4f24742@group-28F631BD8B01-SegmentedRaftLogWorker for RaftStorage:Storage Directory /workdir/hadoop-ozone/integration-test/target/test-dir/MiniOzoneClusterImpl-ec73e7b8-24c6-4197-838c-bd0443d97e1c/datanode-0/data/ratis/f65c172c-2fab-4648-982a-28f631bd8b01
2019-11-16 00:26:29,308 [pool-530-thread-1] INFO  server.RaftServerConfigKeys (ConfUtils.java:logGet(43)) - raft.server.log.queue.element-limit = 1024 (custom)
2019-11-16 00:26:29,308 [pool-520-thread-1] INFO  server.RaftServerConfigKeys (ConfUtils.java:logGet(43)) - raft.server.log.statemachine.data.sync = true (default)
2019-11-16 00:26:29,309 [pool-530-thread-1] INFO  server.RaftServerConfigKeys (ConfUtils.java:logGet(43)) - raft.server.log.segment.size.max = 1048576 (custom)
2019-11-16 00:26:29,309 [pool-510-thread-1] INFO  server.RaftServerConfigKeys (ConfUtils.java:logGet(43)) - raft.server.log.queue.byte-limit = 2147483647 (custom)
2019-11-16 00:26:29,309 [pool-530-thread-1] INFO  server.RaftServerConfigKeys (ConfUtils.java:logGet(43)) - raft.server.log.preallocated.size = 16384 (custom)
2019-11-16 00:26:29,309 [pool-520-thread-1] INFO  server.RaftServerConfigKeys (ConfUtils.java:logGet(43)) - raft.server.log.statemachine.data.sync.timeout = 10s (default)
2019-11-16 00:26:29,309 [pool-530-thread-1] INFO  server.RaftServerConfigKeys (ConfUtils.java:logGet(43)) - raft.server.log.write.buffer.size = 33554432 (custom)
2019-11-16 00:26:29,309 [pool-510-thread-1] INFO  server.RaftServerConfigKeys (ConfUtils.java:logGet(43)) - raft.server.log.queue.element-limit = 1024 (custom)
2019-11-16 00:26:29,309 [pool-530-thread-1] INFO  server.RaftServerConfigKeys (ConfUtils.java:logGet(43)) - raft.server.log.force.sync.num = 128 (default)
2019-11-16 00:26:29,309 [pool-520-thread-1] INFO  server.RaftServerConfigKeys (ConfUtils.java:logGet(43)) - raft.server.log.statemachine.data.sync.timeout.retry = -1 (default)
2019-11-16 00:26:29,309 [pool-530-thread-1] INFO  server.RaftServerConfigKeys (ConfUtils.java:logGet(43)) - raft.server.log.statemachine.data.sync = true (default)
2019-11-16 00:26:29,309 [pool-510-thread-1] INFO  server.RaftServerConfigKeys (ConfUtils.java:logGet(43)) - raft.server.log.segment.size.max = 1048576 (custom)
2019-11-16 00:26:29,309 [pool-530-thread-1] INFO  server.RaftServerConfigKeys (ConfUtils.java:logGet(43)) - raft.server.log.statemachine.data.sync.timeout = 10s (default)
2019-11-16 00:26:29,309 [pool-520-thread-1] INFO  server.RaftServerConfigKeys (ConfUtils.java:logGet(43)) - raft.server.log.statemachine.data.caching.enabled = true (custom)
2019-11-16 00:26:29,310 [pool-530-thread-1] INFO  server.RaftServerConfigKeys (ConfUtils.java:logGet(43)) - raft.server.log.statemachine.data.sync.timeout.retry = -1 (default)
2019-11-16 00:26:29,310 [pool-510-thread-1] INFO  server.RaftServerConfigKeys (ConfUtils.java:logGet(43)) - raft.server.log.preallocated.size = 16384 (custom)
2019-11-16 00:26:29,310 [pool-530-thread-1] INFO  server.RaftServerConfigKeys (ConfUtils.java:logGet(43)) - raft.server.log.statemachine.data.caching.enabled = true (custom)
2019-11-16 00:26:29,310 [pool-520-thread-1] INFO  segmented.SegmentedRaftLogWorker (SegmentedRaftLogWorker.java:lambda$new$0(128)) - 0a2d6f7b-f3b3-43fc-9f44-c893c3969faf@group-28F631BD8B01-SegmentedRaftLogWorker: flushIndex: setUnconditionally 0 -> -1
2019-11-16 00:26:29,310 [pool-510-thread-1] INFO  server.RaftServerConfigKeys (ConfUtils.java:logGet(43)) - raft.server.log.write.buffer.size = 33554432 (custom)
2019-11-16 00:26:29,310 [pool-530-thread-1] INFO  segmented.SegmentedRaftLogWorker (SegmentedRaftLogWorker.java:lambda$new$0(128)) - 84c9c768-243c-47db-bab4-63e35b2a41a2@group-28F631BD8B01-SegmentedRaftLogWorker: flushIndex: setUnconditionally 0 -> -1
2019-11-16 00:26:29,310 [pool-520-thread-1] INFO  server.RaftServerConfigKeys (ConfUtils.java:logGet(43)) - raft.server.snapshot.auto.trigger.enabled = true (custom)
2019-11-16 00:26:29,310 [pool-510-thread-1] INFO  server.RaftServerConfigKeys (ConfUtils.java:logGet(43)) - raft.server.log.force.sync.num = 128 (default)
2019-11-16 00:26:29,311 [pool-530-thread-1] INFO  server.RaftServerConfigKeys (ConfUtils.java:logGet(43)) - raft.server.snapshot.auto.trigger.enabled = true (custom)
2019-11-16 00:26:29,310 [pool-520-thread-1] INFO  server.RaftServerConfigKeys (ConfUtils.java:logGet(43)) - raft.server.snapshot.auto.trigger.threshold = 10000 (custom)
2019-11-16 00:26:29,311 [pool-530-thread-1] INFO  server.RaftServerConfigKeys (ConfUtils.java:logGet(43)) - raft.server.snapshot.auto.trigger.threshold = 10000 (custom)
2019-11-16 00:26:29,311 [pool-510-thread-1] INFO  server.RaftServerConfigKeys (ConfUtils.java:logGet(43)) - raft.server.log.statemachine.data.sync = true (default)
2019-11-16 00:26:29,311 [pool-530-thread-1] INFO  server.RaftServerConfigKeys (ConfUtils.java:logGet(43)) - raft.server.snapshot.retention.file.num = 5 (custom)
2019-11-16 00:26:29,311 [pool-520-thread-1] INFO  server.RaftServerConfigKeys (ConfUtils.java:logGet(43)) - raft.server.snapshot.retention.file.num = 5 (custom)
2019-11-16 00:26:29,311 [pool-530-thread-1] INFO  server.RaftServerConfigKeys (ConfUtils.java:logGet(43)) - raft.server.retrycache.expirytime = 600000ms (custom)
2019-11-16 00:26:29,311 [pool-510-thread-1] INFO  server.RaftServerConfigKeys (ConfUtils.java:logGet(43)) - raft.server.log.statemachine.data.sync.timeout = 10s (default)
2019-11-16 00:26:29,311 [pool-530-thread-1] WARN  impl.MetricRegistriesImpl (MetricRegistriesImpl.java:lambda$create$1(61)) - First MetricRegistry has been created without registering reporters. You may need to call MetricRegistries.global().addReportRegistration(...) before.
2019-11-16 00:26:29,311 [pool-520-thread-1] INFO  server.RaftServerConfigKeys (ConfUtils.java:logGet(43)) - raft.server.retrycache.expirytime = 600000ms (custom)
2019-11-16 00:26:29,311 [pool-530-thread-1] WARN  impl.MetricRegistriesImpl (MetricRegistriesImpl.java:lambda$create$1(61)) - First MetricRegistry has been created without registering reporters. You may need to call MetricRegistries.global().addReportRegistration(...) before.
2019-11-16 00:26:29,311 [pool-510-thread-1] INFO  server.RaftServerConfigKeys (ConfUtils.java:logGet(43)) - raft.server.log.statemachine.data.sync.timeout.retry = -1 (default)
2019-11-16 00:26:29,311 [pool-520-thread-1] WARN  impl.MetricRegistriesImpl (MetricRegistriesImpl.java:lambda$create$1(61)) - First MetricRegistry has been created without registering reporters. You may need to call MetricRegistries.global().addReportRegistration(...) before.
2019-11-16 00:26:29,312 [pool-510-thread-1] INFO  server.RaftServerConfigKeys (ConfUtils.java:logGet(43)) - raft.server.log.statemachine.data.caching.enabled = true (custom)
2019-11-16 00:26:29,312 [pool-530-thread-1] INFO  impl.RaftServerImpl (RaftServerImpl.java:start(184)) - 84c9c768-243c-47db-bab4-63e35b2a41a2@group-28F631BD8B01: start as a follower, conf=-1: [5140e110-8ff7-42a5-9b32-053ee4f24742:192.168.69.79:33415, 0a2d6f7b-f3b3-43fc-9f44-c893c3969faf:192.168.69.79:34899, 84c9c768-243c-47db-bab4-63e35b2a41a2:192.168.69.79:38689], old=null
2019-11-16 00:26:29,312 [pool-510-thread-1] INFO  segmented.SegmentedRaftLogWorker (SegmentedRaftLogWorker.java:lambda$new$0(128)) - 5140e110-8ff7-42a5-9b32-053ee4f24742@group-28F631BD8B01-SegmentedRaftLogWorker: flushIndex: setUnconditionally 0 -> -1
2019-11-16 00:26:29,312 [pool-520-thread-1] WARN  impl.MetricRegistriesImpl (MetricRegistriesImpl.java:lambda$create$1(61)) - First MetricRegistry has been created without registering reporters. You may need to call MetricRegistries.global().addReportRegistration(...) before.
2019-11-16 00:26:29,312 [pool-530-thread-1] INFO  impl.RaftServerImpl (RaftServerImpl.java:setRole(173)) - 84c9c768-243c-47db-bab4-63e35b2a41a2@group-28F631BD8B01: changes role from      null to FOLLOWER at term 0 for startAsFollower
2019-11-16 00:26:29,312 [pool-520-thread-1] INFO  impl.RaftServerImpl (RaftServerImpl.java:start(184)) - 0a2d6f7b-f3b3-43fc-9f44-c893c3969faf@group-28F631BD8B01: start as a follower, conf=-1: [5140e110-8ff7-42a5-9b32-053ee4f24742:192.168.69.79:33415, 0a2d6f7b-f3b3-43fc-9f44-c893c3969faf:192.168.69.79:34899, 84c9c768-243c-47db-bab4-63e35b2a41a2:192.168.69.79:38689], old=null
2019-11-16 00:26:29,312 [pool-510-thread-1] INFO  server.RaftServerConfigKeys (ConfUtils.java:logGet(43)) - raft.server.snapshot.auto.trigger.enabled = true (custom)
2019-11-16 00:26:29,312 [pool-520-thread-1] INFO  impl.RaftServerImpl (RaftServerImpl.java:setRole(173)) - 0a2d6f7b-f3b3-43fc-9f44-c893c3969faf@group-28F631BD8B01: changes role from      null to FOLLOWER at term 0 for startAsFollower
2019-11-16 00:26:29,312 [pool-530-thread-1] INFO  impl.RoleInfo (RoleInfo.java:updateAndGet(143)) - 84c9c768-243c-47db-bab4-63e35b2a41a2: start FollowerState
2019-11-16 00:26:29,313 [pool-520-thread-1] INFO  impl.RoleInfo (RoleInfo.java:updateAndGet(143)) - 0a2d6f7b-f3b3-43fc-9f44-c893c3969faf: start FollowerState
2019-11-16 00:26:29,312 [pool-510-thread-1] INFO  server.RaftServerConfigKeys (ConfUtils.java:logGet(43)) - raft.server.snapshot.auto.trigger.threshold = 10000 (custom)
2019-11-16 00:26:29,313 [pool-510-thread-1] INFO  server.RaftServerConfigKeys (ConfUtils.java:logGet(43)) - raft.server.snapshot.retention.file.num = 5 (custom)
2019-11-16 00:26:29,313 [pool-510-thread-1] INFO  server.RaftServerConfigKeys (ConfUtils.java:logGet(43)) - raft.server.retrycache.expirytime = 600000ms (custom)
2019-11-16 00:26:29,313 [pool-520-thread-1] INFO  util.JmxRegister (JmxRegister.java:tryRegister(44)) - Successfully registered JMX Bean with object name Ratis:service=RaftServer,group=group-28F631BD8B01,id=0a2d6f7b-f3b3-43fc-9f44-c893c3969faf
2019-11-16 00:26:29,313 [pool-530-thread-1] INFO  util.JmxRegister (JmxRegister.java:tryRegister(44)) - Successfully registered JMX Bean with object name Ratis:service=RaftServer,group=group-28F631BD8B01,id=84c9c768-243c-47db-bab4-63e35b2a41a2
2019-11-16 00:26:29,313 [pool-520-thread-1] WARN  impl.MetricRegistriesImpl (MetricRegistriesImpl.java:lambda$create$1(61)) - First MetricRegistry has been created without registering reporters. You may need to call MetricRegistries.global().addReportRegistration(...) before.
2019-11-16 00:26:29,313 [pool-510-thread-1] WARN  impl.MetricRegistriesImpl (MetricRegistriesImpl.java:lambda$create$1(61)) - First MetricRegistry has been created without registering reporters. You may need to call MetricRegistries.global().addReportRegistration(...) before.
2019-11-16 00:26:29,313 [pool-530-thread-1] WARN  impl.MetricRegistriesImpl (MetricRegistriesImpl.java:lambda$create$1(61)) - First MetricRegistry has been created without registering reporters. You may need to call MetricRegistries.global().addReportRegistration(...) before.
2019-11-16 00:26:29,313 [pool-510-thread-1] WARN  impl.MetricRegistriesImpl (MetricRegistriesImpl.java:lambda$create$1(61)) - First MetricRegistry has been created without registering reporters. You may need to call MetricRegistries.global().addReportRegistration(...) before.
2019-11-16 00:26:29,314 [pool-510-thread-1] INFO  impl.RaftServerImpl (RaftServerImpl.java:start(184)) - 5140e110-8ff7-42a5-9b32-053ee4f24742@group-28F631BD8B01: start as a follower, conf=-1: [5140e110-8ff7-42a5-9b32-053ee4f24742:192.168.69.79:33415, 0a2d6f7b-f3b3-43fc-9f44-c893c3969faf:192.168.69.79:34899, 84c9c768-243c-47db-bab4-63e35b2a41a2:192.168.69.79:38689], old=null
2019-11-16 00:26:29,314 [pool-510-thread-1] INFO  impl.RaftServerImpl (RaftServerImpl.java:setRole(173)) - 5140e110-8ff7-42a5-9b32-053ee4f24742@group-28F631BD8B01: changes role from      null to FOLLOWER at term 0 for startAsFollower
2019-11-16 00:26:29,314 [pool-510-thread-1] INFO  impl.RoleInfo (RoleInfo.java:updateAndGet(143)) - 5140e110-8ff7-42a5-9b32-053ee4f24742: start FollowerState
2019-11-16 00:26:29,314 [pool-510-thread-1] INFO  util.JmxRegister (JmxRegister.java:tryRegister(44)) - Successfully registered JMX Bean with object name Ratis:service=RaftServer,group=group-28F631BD8B01,id=5140e110-8ff7-42a5-9b32-053ee4f24742
2019-11-16 00:26:29,314 [pool-510-thread-1] WARN  impl.MetricRegistriesImpl (MetricRegistriesImpl.java:lambda$create$1(61)) - First MetricRegistry has been created without registering reporters. You may need to call MetricRegistries.global().addReportRegistration(...) before.
2019-11-16 00:26:29,316 [RatisPipelineUtilsThread] INFO  pipeline.PipelineStateManager (PipelineStateManager.java:addPipeline(55)) - Created pipeline Pipeline[ Id: f65c172c-2fab-4648-982a-28f631bd8b01, Nodes: 0a2d6f7b-f3b3-43fc-9f44-c893c3969faf{ip: 192.168.69.79, host: pr-hdds-2501-b5dhd-1197665634, networkLocation: /rack1, certSerialId: null}84c9c768-243c-47db-bab4-63e35b2a41a2{ip: 192.168.69.79, host: pr-hdds-2501-b5dhd-1197665634, networkLocation: /rack1, certSerialId: null}5140e110-8ff7-42a5-9b32-053ee4f24742{ip: 192.168.69.79, host: pr-hdds-2501-b5dhd-1197665634, networkLocation: /rack1, certSerialId: null}, Type:RATIS, Factor:THREE, State:ALLOCATED]
2019-11-16 00:26:29,383 [IPC Server handler 5 on 42806] INFO  net.NetworkTopology (NetworkTopologyImpl.java:add(111)) - Added a new node: /rack1/a05a7939-ef6c-4534-b55b-b612829faca5
2019-11-16 00:26:29,383 [IPC Server handler 5 on 42806] INFO  node.SCMNodeManager (SCMNodeManager.java:register(267)) - Registered Data node : a05a7939-ef6c-4534-b55b-b612829faca5{ip: 192.168.69.79, host: pr-hdds-2501-b5dhd-1197665634, networkLocation: /rack1, certSerialId: null}
2019-11-16 00:26:29,390 [grpc-default-executor-2] INFO  impl.RaftServerProxy (RaftServerProxy.java:addNew(89)) - a05a7939-ef6c-4534-b55b-b612829faca5: addNew group-BD4A4212B13F:[a05a7939-ef6c-4534-b55b-b612829faca5:192.168.69.79:35267] returns group-BD4A4212B13F:java.util.concurrent.CompletableFuture@14b0e1a0[Not completed]
2019-11-16 00:26:29,391 [pool-550-thread-1] INFO  impl.RaftServerImpl (RaftServerImpl.java:<init>(98)) - a05a7939-ef6c-4534-b55b-b612829faca5: new RaftServerImpl for group-BD4A4212B13F:[a05a7939-ef6c-4534-b55b-b612829faca5:192.168.69.79:35267] with ContainerStateMachine:uninitialized
2019-11-16 00:26:29,391 [pool-550-thread-1] INFO  server.RaftServerConfigKeys (ConfUtils.java:logGet(43)) - raft.server.rpc.timeout.min = 1s (custom)
2019-11-16 00:26:29,391 [pool-550-thread-1] INFO  server.RaftServerConfigKeys (ConfUtils.java:logGet(43)) - raft.server.rpc.timeout.max = 1200ms (custom)
2019-11-16 00:26:29,391 [pool-550-thread-1] INFO  server.RaftServerConfigKeys (ConfUtils.java:logGet(43)) - raft.server.rpcslowness.timeout = 120s (custom)
2019-11-16 00:26:29,391 [pool-550-thread-1] INFO  server.RaftServerConfigKeys (ConfUtils.java:logGet(43)) - raft.server.sleep.deviation.threshold = 300 (default)
2019-11-16 00:26:29,391 [pool-550-thread-1] INFO  server.RaftServerConfigKeys (ConfUtils.java:logGet(43)) - raft.server.log.appender.install.snapshot.enabled = false (custom)
2019-11-16 00:26:29,391 [pool-550-thread-1] INFO  impl.RaftServerImpl (ServerState.java:<init>(103)) - a05a7939-ef6c-4534-b55b-b612829faca5@group-BD4A4212B13F: ConfigurationManager, init=-1: [a05a7939-ef6c-4534-b55b-b612829faca5:192.168.69.79:35267], old=null, confs=<EMPTY_MAP>
2019-11-16 00:26:29,391 [pool-550-thread-1] INFO  server.RaftServerConfigKeys (ConfUtils.java:logGet(43)) - raft.server.storage.dir = [/workdir/hadoop-ozone/integration-test/target/test-dir/MiniOzoneClusterImpl-ec73e7b8-24c6-4197-838c-bd0443d97e1c/datanode-4/data/ratis] (custom)
2019-11-16 00:26:29,391 [pool-550-thread-1] INFO  server.RaftServerConfigKeys (ConfUtils.java:logGet(43)) - raft.server.log.corruption.policy = EXCEPTION (default)
2019-11-16 00:26:29,392 [pool-550-thread-1] INFO  storage.RaftStorageDirectory (RaftStorageDirectory.java:analyzeStorage(246)) - The storage directory /workdir/hadoop-ozone/integration-test/target/test-dir/MiniOzoneClusterImpl-ec73e7b8-24c6-4197-838c-bd0443d97e1c/datanode-4/data/ratis/3b1ec54f-5aa8-4ccf-b02d-bd4a4212b13f does not exist. Creating ...
2019-11-16 00:26:29,405 [pool-550-thread-1] INFO  storage.RaftStorageDirectory (RaftStorageDirectory.java:tryLock(328)) - Lock on /workdir/hadoop-ozone/integration-test/target/test-dir/MiniOzoneClusterImpl-ec73e7b8-24c6-4197-838c-bd0443d97e1c/datanode-4/data/ratis/3b1ec54f-5aa8-4ccf-b02d-bd4a4212b13f/in_use.lock acquired by nodename 23786@pr-hdds-2501-b5dhd-1197665634
2019-11-16 00:26:29,418 [pool-550-thread-1] INFO  storage.RaftStorage (RaftStorage.java:format(84)) - Storage directory /workdir/hadoop-ozone/integration-test/target/test-dir/MiniOzoneClusterImpl-ec73e7b8-24c6-4197-838c-bd0443d97e1c/datanode-4/data/ratis/3b1ec54f-5aa8-4ccf-b02d-bd4a4212b13f has been successfully formatted.
2019-11-16 00:26:29,418 [pool-550-thread-1] INFO  ratis.ContainerStateMachine (ContainerStateMachine.java:loadSnapshot(223)) - group-BD4A4212B13F: The snapshot info is null. Setting the last applied indexto:(t:0, i:~)
2019-11-16 00:26:29,418 [pool-550-thread-1] INFO  server.RaftServerConfigKeys (ConfUtils.java:logGet(43)) - raft.server.notification.no-leader.timeout = 120s (custom)
2019-11-16 00:26:29,418 [pool-550-thread-1] INFO  server.RaftServerConfigKeys (ConfUtils.java:logGet(43)) - raft.server.log.use.memory = false (default)
2019-11-16 00:26:29,418 [pool-550-thread-1] INFO  server.RaftServerConfigKeys (ConfUtils.java:logGet(43)) - raft.server.log.purge.gap = 1000000 (custom)
2019-11-16 00:26:29,419 [pool-550-thread-1] INFO  server.RaftServerConfigKeys (ConfUtils.java:logGet(43)) - raft.server.log.appender.buffer.byte-limit = 33554432 (custom)
2019-11-16 00:26:29,419 [pool-550-thread-1] INFO  server.RaftServerConfigKeys (ConfUtils.java:logGet(43)) - raft.server.log.segment.size.max = 1048576 (custom)
2019-11-16 00:26:29,419 [pool-550-thread-1] WARN  impl.MetricRegistriesImpl (MetricRegistriesImpl.java:lambda$create$1(61)) - First MetricRegistry has been created without registering reporters. You may need to call MetricRegistries.global().addReportRegistration(...) before.
2019-11-16 00:26:29,419 [pool-550-thread-1] INFO  server.RaftServerConfigKeys (ConfUtils.java:logGet(43)) - raft.server.log.segment.cache.num.max = 2 (custom)
2019-11-16 00:26:29,419 [pool-550-thread-1] INFO  segmented.SegmentedRaftLogWorker (SegmentedRaftLogWorker.java:<init>(173)) - new a05a7939-ef6c-4534-b55b-b612829faca5@group-BD4A4212B13F-SegmentedRaftLogWorker for RaftStorage:Storage Directory /workdir/hadoop-ozone/integration-test/target/test-dir/MiniOzoneClusterImpl-ec73e7b8-24c6-4197-838c-bd0443d97e1c/datanode-4/data/ratis/3b1ec54f-5aa8-4ccf-b02d-bd4a4212b13f
2019-11-16 00:26:29,419 [pool-550-thread-1] INFO  server.RaftServerConfigKeys (ConfUtils.java:logGet(43)) - raft.server.log.queue.byte-limit = 2147483647 (custom)
2019-11-16 00:26:29,419 [pool-550-thread-1] INFO  server.RaftServerConfigKeys (ConfUtils.java:logGet(43)) - raft.server.log.queue.element-limit = 1024 (custom)
2019-11-16 00:26:29,419 [pool-550-thread-1] INFO  server.RaftServerConfigKeys (ConfUtils.java:logGet(43)) - raft.server.log.segment.size.max = 1048576 (custom)
2019-11-16 00:26:29,419 [pool-550-thread-1] INFO  server.RaftServerConfigKeys (ConfUtils.java:logGet(43)) - raft.server.log.preallocated.size = 16384 (custom)
2019-11-16 00:26:29,419 [pool-550-thread-1] INFO  server.RaftServerConfigKeys (ConfUtils.java:logGet(43)) - raft.server.log.write.buffer.size = 33554432 (custom)
2019-11-16 00:26:29,419 [pool-550-thread-1] INFO  server.RaftServerConfigKeys (ConfUtils.java:logGet(43)) - raft.server.log.force.sync.num = 128 (default)
2019-11-16 00:26:29,419 [pool-550-thread-1] INFO  server.RaftServerConfigKeys (ConfUtils.java:logGet(43)) - raft.server.log.statemachine.data.sync = true (default)
2019-11-16 00:26:29,419 [pool-550-thread-1] INFO  server.RaftServerConfigKeys (ConfUtils.java:logGet(43)) - raft.server.log.statemachine.data.sync.timeout = 10s (default)
2019-11-16 00:26:29,419 [pool-550-thread-1] INFO  server.RaftServerConfigKeys (ConfUtils.java:logGet(43)) - raft.server.log.statemachine.data.sync.timeout.retry = -1 (default)
2019-11-16 00:26:29,420 [pool-550-thread-1] INFO  server.RaftServerConfigKeys (ConfUtils.java:logGet(43)) - raft.server.log.statemachine.data.caching.enabled = true (custom)
2019-11-16 00:26:29,420 [pool-550-thread-1] INFO  segmented.SegmentedRaftLogWorker (SegmentedRaftLogWorker.java:lambda$new$0(128)) - a05a7939-ef6c-4534-b55b-b612829faca5@group-BD4A4212B13F-SegmentedRaftLogWorker: flushIndex: setUnconditionally 0 -> -1
2019-11-16 00:26:29,420 [pool-550-thread-1] INFO  server.RaftServerConfigKeys (ConfUtils.java:logGet(43)) - raft.server.snapshot.auto.trigger.enabled = true (custom)
2019-11-16 00:26:29,420 [pool-550-thread-1] INFO  server.RaftServerConfigKeys (ConfUtils.java:logGet(43)) - raft.server.snapshot.auto.trigger.threshold = 10000 (custom)
2019-11-16 00:26:29,420 [pool-550-thread-1] INFO  server.RaftServerConfigKeys (ConfUtils.java:logGet(43)) - raft.server.snapshot.retention.file.num = 5 (custom)
2019-11-16 00:26:29,420 [pool-550-thread-1] INFO  server.RaftServerConfigKeys (ConfUtils.java:logGet(43)) - raft.server.retrycache.expirytime = 600000ms (custom)
2019-11-16 00:26:29,420 [pool-550-thread-1] WARN  impl.MetricRegistriesImpl (MetricRegistriesImpl.java:lambda$create$1(61)) - First MetricRegistry has been created without registering reporters. You may need to call MetricRegistries.global().addReportRegistration(...) before.
2019-11-16 00:26:29,421 [pool-550-thread-1] WARN  impl.MetricRegistriesImpl (MetricRegistriesImpl.java:lambda$create$1(61)) - First MetricRegistry has been created without registering reporters. You may need to call MetricRegistries.global().addReportRegistration(...) before.
2019-11-16 00:26:29,421 [pool-550-thread-1] INFO  impl.RaftServerImpl (RaftServerImpl.java:start(184)) - a05a7939-ef6c-4534-b55b-b612829faca5@group-BD4A4212B13F: start as a follower, conf=-1: [a05a7939-ef6c-4534-b55b-b612829faca5:192.168.69.79:35267], old=null
2019-11-16 00:26:29,421 [pool-550-thread-1] INFO  impl.RaftServerImpl (RaftServerImpl.java:setRole(173)) - a05a7939-ef6c-4534-b55b-b612829faca5@group-BD4A4212B13F: changes role from      null to FOLLOWER at term 0 for startAsFollower
2019-11-16 00:26:29,421 [pool-550-thread-1] INFO  impl.RoleInfo (RoleInfo.java:updateAndGet(143)) - a05a7939-ef6c-4534-b55b-b612829faca5: start FollowerState
2019-11-16 00:26:29,421 [pool-550-thread-1] INFO  util.JmxRegister (JmxRegister.java:tryRegister(44)) - Successfully registered JMX Bean with object name Ratis:service=RaftServer,group=group-BD4A4212B13F,id=a05a7939-ef6c-4534-b55b-b612829faca5
2019-11-16 00:26:29,421 [pool-550-thread-1] WARN  impl.MetricRegistriesImpl (MetricRegistriesImpl.java:lambda$create$1(61)) - First MetricRegistry has been created without registering reporters. You may need to call MetricRegistries.global().addReportRegistration(...) before.
2019-11-16 00:26:29,423 [RatisPipelineUtilsThread] INFO  pipeline.PipelineStateManager (PipelineStateManager.java:addPipeline(55)) - Created pipeline Pipeline[ Id: 3b1ec54f-5aa8-4ccf-b02d-bd4a4212b13f, Nodes: a05a7939-ef6c-4534-b55b-b612829faca5{ip: 192.168.69.79, host: pr-hdds-2501-b5dhd-1197665634, networkLocation: /rack1, certSerialId: null}, Type:RATIS, Factor:ONE, State:ALLOCATED]
2019-11-16 00:26:29,429 [grpc-default-executor-2] INFO  impl.RaftServerProxy (RaftServerProxy.java:addNew(89)) - 69b8f75d-497f-4fe6-9dc7-b84f6827359d: addNew group-2CB06E8179E8:[69b8f75d-497f-4fe6-9dc7-b84f6827359d:192.168.69.79:44545] returns group-2CB06E8179E8:java.util.concurrent.CompletableFuture@4f73dae1[Not completed]
2019-11-16 00:26:29,430 [pool-540-thread-1] INFO  impl.RaftServerImpl (RaftServerImpl.java:<init>(98)) - 69b8f75d-497f-4fe6-9dc7-b84f6827359d: new RaftServerImpl for group-2CB06E8179E8:[69b8f75d-497f-4fe6-9dc7-b84f6827359d:192.168.69.79:44545] with ContainerStateMachine:uninitialized
2019-11-16 00:26:29,430 [pool-540-thread-1] INFO  server.RaftServerConfigKeys (ConfUtils.java:logGet(43)) - raft.server.rpc.timeout.min = 1s (custom)
2019-11-16 00:26:29,430 [pool-540-thread-1] INFO  server.RaftServerConfigKeys (ConfUtils.java:logGet(43)) - raft.server.rpc.timeout.max = 1200ms (custom)
2019-11-16 00:26:29,430 [pool-540-thread-1] INFO  server.RaftServerConfigKeys (ConfUtils.java:logGet(43)) - raft.server.rpcslowness.timeout = 120s (custom)
2019-11-16 00:26:29,430 [pool-540-thread-1] INFO  server.RaftServerConfigKeys (ConfUtils.java:logGet(43)) - raft.server.sleep.deviation.threshold = 300 (default)
2019-11-16 00:26:29,430 [pool-540-thread-1] INFO  server.RaftServerConfigKeys (ConfUtils.java:logGet(43)) - raft.server.log.appender.install.snapshot.enabled = false (custom)
2019-11-16 00:26:29,431 [pool-540-thread-1] INFO  impl.RaftServerImpl (ServerState.java:<init>(103)) - 69b8f75d-497f-4fe6-9dc7-b84f6827359d@group-2CB06E8179E8: ConfigurationManager, init=-1: [69b8f75d-497f-4fe6-9dc7-b84f6827359d:192.168.69.79:44545], old=null, confs=<EMPTY_MAP>
2019-11-16 00:26:29,431 [pool-540-thread-1] INFO  server.RaftServerConfigKeys (ConfUtils.java:logGet(43)) - raft.server.storage.dir = [/workdir/hadoop-ozone/integration-test/target/test-dir/MiniOzoneClusterImpl-ec73e7b8-24c6-4197-838c-bd0443d97e1c/datanode-3/data/ratis] (custom)
2019-11-16 00:26:29,431 [pool-540-thread-1] INFO  server.RaftServerConfigKeys (ConfUtils.java:logGet(43)) - raft.server.log.corruption.policy = EXCEPTION (default)
2019-11-16 00:26:29,431 [pool-540-thread-1] INFO  storage.RaftStorageDirectory (RaftStorageDirectory.java:analyzeStorage(246)) - The storage directory /workdir/hadoop-ozone/integration-test/target/test-dir/MiniOzoneClusterImpl-ec73e7b8-24c6-4197-838c-bd0443d97e1c/datanode-3/data/ratis/21b49901-299a-4a7c-9c90-2cb06e8179e8 does not exist. Creating ...
2019-11-16 00:26:29,444 [pool-540-thread-1] INFO  storage.RaftStorageDirectory (RaftStorageDirectory.java:tryLock(328)) - Lock on /workdir/hadoop-ozone/integration-test/target/test-dir/MiniOzoneClusterImpl-ec73e7b8-24c6-4197-838c-bd0443d97e1c/datanode-3/data/ratis/21b49901-299a-4a7c-9c90-2cb06e8179e8/in_use.lock acquired by nodename 23786@pr-hdds-2501-b5dhd-1197665634
2019-11-16 00:26:29,458 [pool-540-thread-1] INFO  storage.RaftStorage (RaftStorage.java:format(84)) - Storage directory /workdir/hadoop-ozone/integration-test/target/test-dir/MiniOzoneClusterImpl-ec73e7b8-24c6-4197-838c-bd0443d97e1c/datanode-3/data/ratis/21b49901-299a-4a7c-9c90-2cb06e8179e8 has been successfully formatted.
2019-11-16 00:26:29,458 [pool-540-thread-1] INFO  ratis.ContainerStateMachine (ContainerStateMachine.java:loadSnapshot(223)) - group-2CB06E8179E8: The snapshot info is null. Setting the last applied indexto:(t:0, i:~)
2019-11-16 00:26:29,459 [pool-540-thread-1] INFO  server.RaftServerConfigKeys (ConfUtils.java:logGet(43)) - raft.server.notification.no-leader.timeout = 120s (custom)
2019-11-16 00:26:29,459 [pool-540-thread-1] INFO  server.RaftServerConfigKeys (ConfUtils.java:logGet(43)) - raft.server.log.use.memory = false (default)
2019-11-16 00:26:29,459 [pool-540-thread-1] INFO  server.RaftServerConfigKeys (ConfUtils.java:logGet(43)) - raft.server.log.purge.gap = 1000000 (custom)
2019-11-16 00:26:29,459 [pool-540-thread-1] INFO  server.RaftServerConfigKeys (ConfUtils.java:logGet(43)) - raft.server.log.appender.buffer.byte-limit = 33554432 (custom)
2019-11-16 00:26:29,459 [pool-540-thread-1] INFO  server.RaftServerConfigKeys (ConfUtils.java:logGet(43)) - raft.server.log.segment.size.max = 1048576 (custom)
2019-11-16 00:26:29,459 [pool-540-thread-1] WARN  impl.MetricRegistriesImpl (MetricRegistriesImpl.java:lambda$create$1(61)) - First MetricRegistry has been created without registering reporters. You may need to call MetricRegistries.global().addReportRegistration(...) before.
2019-11-16 00:26:29,459 [pool-540-thread-1] INFO  server.RaftServerConfigKeys (ConfUtils.java:logGet(43)) - raft.server.log.segment.cache.num.max = 2 (custom)
2019-11-16 00:26:29,459 [pool-540-thread-1] INFO  segmented.SegmentedRaftLogWorker (SegmentedRaftLogWorker.java:<init>(173)) - new 69b8f75d-497f-4fe6-9dc7-b84f6827359d@group-2CB06E8179E8-SegmentedRaftLogWorker for RaftStorage:Storage Directory /workdir/hadoop-ozone/integration-test/target/test-dir/MiniOzoneClusterImpl-ec73e7b8-24c6-4197-838c-bd0443d97e1c/datanode-3/data/ratis/21b49901-299a-4a7c-9c90-2cb06e8179e8
2019-11-16 00:26:29,459 [pool-540-thread-1] INFO  server.RaftServerConfigKeys (ConfUtils.java:logGet(43)) - raft.server.log.queue.byte-limit = 2147483647 (custom)
2019-11-16 00:26:29,459 [pool-540-thread-1] INFO  server.RaftServerConfigKeys (ConfUtils.java:logGet(43)) - raft.server.log.queue.element-limit = 1024 (custom)
2019-11-16 00:26:29,459 [pool-540-thread-1] INFO  server.RaftServerConfigKeys (ConfUtils.java:logGet(43)) - raft.server.log.segment.size.max = 1048576 (custom)
2019-11-16 00:26:29,459 [pool-540-thread-1] INFO  server.RaftServerConfigKeys (ConfUtils.java:logGet(43)) - raft.server.log.preallocated.size = 16384 (custom)
2019-11-16 00:26:29,460 [pool-540-thread-1] INFO  server.RaftServerConfigKeys (ConfUtils.java:logGet(43)) - raft.server.log.write.buffer.size = 33554432 (custom)
2019-11-16 00:26:29,460 [pool-540-thread-1] INFO  server.RaftServerConfigKeys (ConfUtils.java:logGet(43)) - raft.server.log.force.sync.num = 128 (default)
2019-11-16 00:26:29,460 [pool-540-thread-1] INFO  server.RaftServerConfigKeys (ConfUtils.java:logGet(43)) - raft.server.log.statemachine.data.sync = true (default)
2019-11-16 00:26:29,460 [pool-540-thread-1] INFO  server.RaftServerConfigKeys (ConfUtils.java:logGet(43)) - raft.server.log.statemachine.data.sync.timeout = 10s (default)
2019-11-16 00:26:29,460 [pool-540-thread-1] INFO  server.RaftServerConfigKeys (ConfUtils.java:logGet(43)) - raft.server.log.statemachine.data.sync.timeout.retry = -1 (default)
2019-11-16 00:26:29,460 [pool-540-thread-1] INFO  server.RaftServerConfigKeys (ConfUtils.java:logGet(43)) - raft.server.log.statemachine.data.caching.enabled = true (custom)
2019-11-16 00:26:29,460 [pool-540-thread-1] INFO  segmented.SegmentedRaftLogWorker (SegmentedRaftLogWorker.java:lambda$new$0(128)) - 69b8f75d-497f-4fe6-9dc7-b84f6827359d@group-2CB06E8179E8-SegmentedRaftLogWorker: flushIndex: setUnconditionally 0 -> -1
2019-11-16 00:26:29,460 [pool-540-thread-1] INFO  server.RaftServerConfigKeys (ConfUtils.java:logGet(43)) - raft.server.snapshot.auto.trigger.enabled = true (custom)
2019-11-16 00:26:29,461 [pool-540-thread-1] INFO  server.RaftServerConfigKeys (ConfUtils.java:logGet(43)) - raft.server.snapshot.auto.trigger.threshold = 10000 (custom)
2019-11-16 00:26:29,461 [pool-540-thread-1] INFO  server.RaftServerConfigKeys (ConfUtils.java:logGet(43)) - raft.server.snapshot.retention.file.num = 5 (custom)
2019-11-16 00:26:29,461 [pool-540-thread-1] INFO  server.RaftServerConfigKeys (ConfUtils.java:logGet(43)) - raft.server.retrycache.expirytime = 600000ms (custom)
2019-11-16 00:26:29,461 [pool-540-thread-1] WARN  impl.MetricRegistriesImpl (MetricRegistriesImpl.java:lambda$create$1(61)) - First MetricRegistry has been created without registering reporters. You may need to call MetricRegistries.global().addReportRegistration(...) before.
2019-11-16 00:26:29,461 [pool-540-thread-1] WARN  impl.MetricRegistriesImpl (MetricRegistriesImpl.java:lambda$create$1(61)) - First MetricRegistry has been created without registering reporters. You may need to call MetricRegistries.global().addReportRegistration(...) before.
2019-11-16 00:26:29,461 [pool-540-thread-1] INFO  impl.RaftServerImpl (RaftServerImpl.java:start(184)) - 69b8f75d-497f-4fe6-9dc7-b84f6827359d@group-2CB06E8179E8: start as a follower, conf=-1: [69b8f75d-497f-4fe6-9dc7-b84f6827359d:192.168.69.79:44545], old=null
2019-11-16 00:26:29,461 [pool-540-thread-1] INFO  impl.RaftServerImpl (RaftServerImpl.java:setRole(173)) - 69b8f75d-497f-4fe6-9dc7-b84f6827359d@group-2CB06E8179E8: changes role from      null to FOLLOWER at term 0 for startAsFollower
2019-11-16 00:26:29,461 [pool-540-thread-1] INFO  impl.RoleInfo (RoleInfo.java:updateAndGet(143)) - 69b8f75d-497f-4fe6-9dc7-b84f6827359d: start FollowerState
2019-11-16 00:26:29,462 [pool-540-thread-1] INFO  util.JmxRegister (JmxRegister.java:tryRegister(44)) - Successfully registered JMX Bean with object name Ratis:service=RaftServer,group=group-2CB06E8179E8,id=69b8f75d-497f-4fe6-9dc7-b84f6827359d
2019-11-16 00:26:29,462 [pool-540-thread-1] WARN  impl.MetricRegistriesImpl (MetricRegistriesImpl.java:lambda$create$1(61)) - First MetricRegistry has been created without registering reporters. You may need to call MetricRegistries.global().addReportRegistration(...) before.
2019-11-16 00:26:29,464 [RatisPipelineUtilsThread] INFO  pipeline.PipelineStateManager (PipelineStateManager.java:addPipeline(55)) - Created pipeline Pipeline[ Id: 21b49901-299a-4a7c-9c90-2cb06e8179e8, Nodes: 69b8f75d-497f-4fe6-9dc7-b84f6827359d{ip: 192.168.69.79, host: pr-hdds-2501-b5dhd-1197665634, networkLocation: /rack1, certSerialId: null}, Type:RATIS, Factor:ONE, State:ALLOCATED]
2019-11-16 00:26:29,468 [IPC Server handler 2 on 42806] INFO  net.NetworkTopology (NetworkTopologyImpl.java:add(111)) - Added a new node: /rack1/816b1da2-1c4e-42ee-9437-e192113ed53f
2019-11-16 00:26:29,468 [IPC Server handler 2 on 42806] INFO  node.SCMNodeManager (SCMNodeManager.java:register(267)) - Registered Data node : 816b1da2-1c4e-42ee-9437-e192113ed53f{ip: 192.168.69.79, host: pr-hdds-2501-b5dhd-1197665634, networkLocation: /rack1, certSerialId: null}
2019-11-16 00:26:29,474 [grpc-default-executor-2] INFO  impl.RaftServerProxy (RaftServerProxy.java:addNew(89)) - 816b1da2-1c4e-42ee-9437-e192113ed53f: addNew group-322D19E28D9D:[816b1da2-1c4e-42ee-9437-e192113ed53f:192.168.69.79:36665] returns group-322D19E28D9D:java.util.concurrent.CompletableFuture@2180bf92[Not completed]
2019-11-16 00:26:29,475 [pool-560-thread-1] INFO  impl.RaftServerImpl (RaftServerImpl.java:<init>(98)) - 816b1da2-1c4e-42ee-9437-e192113ed53f: new RaftServerImpl for group-322D19E28D9D:[816b1da2-1c4e-42ee-9437-e192113ed53f:192.168.69.79:36665] with ContainerStateMachine:uninitialized
2019-11-16 00:26:29,475 [pool-560-thread-1] INFO  server.RaftServerConfigKeys (ConfUtils.java:logGet(43)) - raft.server.rpc.timeout.min = 1s (custom)
2019-11-16 00:26:29,475 [pool-560-thread-1] INFO  server.RaftServerConfigKeys (ConfUtils.java:logGet(43)) - raft.server.rpc.timeout.max = 1200ms (custom)
2019-11-16 00:26:29,475 [pool-560-thread-1] INFO  server.RaftServerConfigKeys (ConfUtils.java:logGet(43)) - raft.server.rpcslowness.timeout = 120s (custom)
2019-11-16 00:26:29,476 [pool-560-thread-1] INFO  server.RaftServerConfigKeys (ConfUtils.java:logGet(43)) - raft.server.sleep.deviation.threshold = 300 (default)
2019-11-16 00:26:29,476 [pool-560-thread-1] INFO  server.RaftServerConfigKeys (ConfUtils.java:logGet(43)) - raft.server.log.appender.install.snapshot.enabled = false (custom)
2019-11-16 00:26:29,476 [pool-560-thread-1] INFO  impl.RaftServerImpl (ServerState.java:<init>(103)) - 816b1da2-1c4e-42ee-9437-e192113ed53f@group-322D19E28D9D: ConfigurationManager, init=-1: [816b1da2-1c4e-42ee-9437-e192113ed53f:192.168.69.79:36665], old=null, confs=<EMPTY_MAP>
2019-11-16 00:26:29,476 [pool-560-thread-1] INFO  server.RaftServerConfigKeys (ConfUtils.java:logGet(43)) - raft.server.storage.dir = [/workdir/hadoop-ozone/integration-test/target/test-dir/MiniOzoneClusterImpl-ec73e7b8-24c6-4197-838c-bd0443d97e1c/datanode-5/data/ratis] (custom)
2019-11-16 00:26:29,476 [pool-560-thread-1] INFO  server.RaftServerConfigKeys (ConfUtils.java:logGet(43)) - raft.server.log.corruption.policy = EXCEPTION (default)
2019-11-16 00:26:29,476 [pool-560-thread-1] INFO  storage.RaftStorageDirectory (RaftStorageDirectory.java:analyzeStorage(246)) - The storage directory /workdir/hadoop-ozone/integration-test/target/test-dir/MiniOzoneClusterImpl-ec73e7b8-24c6-4197-838c-bd0443d97e1c/datanode-5/data/ratis/2feab33c-7e36-409c-a592-322d19e28d9d does not exist. Creating ...
2019-11-16 00:26:29,490 [pool-560-thread-1] INFO  storage.RaftStorageDirectory (RaftStorageDirectory.java:tryLock(328)) - Lock on /workdir/hadoop-ozone/integration-test/target/test-dir/MiniOzoneClusterImpl-ec73e7b8-24c6-4197-838c-bd0443d97e1c/datanode-5/data/ratis/2feab33c-7e36-409c-a592-322d19e28d9d/in_use.lock acquired by nodename 23786@pr-hdds-2501-b5dhd-1197665634
2019-11-16 00:26:29,503 [pool-560-thread-1] INFO  storage.RaftStorage (RaftStorage.java:format(84)) - Storage directory /workdir/hadoop-ozone/integration-test/target/test-dir/MiniOzoneClusterImpl-ec73e7b8-24c6-4197-838c-bd0443d97e1c/datanode-5/data/ratis/2feab33c-7e36-409c-a592-322d19e28d9d has been successfully formatted.
2019-11-16 00:26:29,503 [pool-560-thread-1] INFO  ratis.ContainerStateMachine (ContainerStateMachine.java:loadSnapshot(223)) - group-322D19E28D9D: The snapshot info is null. Setting the last applied indexto:(t:0, i:~)
2019-11-16 00:26:29,503 [pool-560-thread-1] INFO  server.RaftServerConfigKeys (ConfUtils.java:logGet(43)) - raft.server.notification.no-leader.timeout = 120s (custom)
2019-11-16 00:26:29,503 [pool-560-thread-1] INFO  server.RaftServerConfigKeys (ConfUtils.java:logGet(43)) - raft.server.log.use.memory = false (default)
2019-11-16 00:26:29,503 [pool-560-thread-1] INFO  server.RaftServerConfigKeys (ConfUtils.java:logGet(43)) - raft.server.log.purge.gap = 1000000 (custom)
2019-11-16 00:26:29,503 [pool-560-thread-1] INFO  server.RaftServerConfigKeys (ConfUtils.java:logGet(43)) - raft.server.log.appender.buffer.byte-limit = 33554432 (custom)
2019-11-16 00:26:29,504 [pool-560-thread-1] INFO  server.RaftServerConfigKeys (ConfUtils.java:logGet(43)) - raft.server.log.segment.size.max = 1048576 (custom)
2019-11-16 00:26:29,504 [pool-560-thread-1] WARN  impl.MetricRegistriesImpl (MetricRegistriesImpl.java:lambda$create$1(61)) - First MetricRegistry has been created without registering reporters. You may need to call MetricRegistries.global().addReportRegistration(...) before.
2019-11-16 00:26:29,504 [pool-560-thread-1] INFO  server.RaftServerConfigKeys (ConfUtils.java:logGet(43)) - raft.server.log.segment.cache.num.max = 2 (custom)
2019-11-16 00:26:29,504 [pool-560-thread-1] INFO  segmented.SegmentedRaftLogWorker (SegmentedRaftLogWorker.java:<init>(173)) - new 816b1da2-1c4e-42ee-9437-e192113ed53f@group-322D19E28D9D-SegmentedRaftLogWorker for RaftStorage:Storage Directory /workdir/hadoop-ozone/integration-test/target/test-dir/MiniOzoneClusterImpl-ec73e7b8-24c6-4197-838c-bd0443d97e1c/datanode-5/data/ratis/2feab33c-7e36-409c-a592-322d19e28d9d
2019-11-16 00:26:29,504 [pool-560-thread-1] INFO  server.RaftServerConfigKeys (ConfUtils.java:logGet(43)) - raft.server.log.queue.byte-limit = 2147483647 (custom)
2019-11-16 00:26:29,504 [pool-560-thread-1] INFO  server.RaftServerConfigKeys (ConfUtils.java:logGet(43)) - raft.server.log.queue.element-limit = 1024 (custom)
2019-11-16 00:26:29,504 [pool-560-thread-1] INFO  server.RaftServerConfigKeys (ConfUtils.java:logGet(43)) - raft.server.log.segment.size.max = 1048576 (custom)
2019-11-16 00:26:29,504 [pool-560-thread-1] INFO  server.RaftServerConfigKeys (ConfUtils.java:logGet(43)) - raft.server.log.preallocated.size = 16384 (custom)
2019-11-16 00:26:29,504 [pool-560-thread-1] INFO  server.RaftServerConfigKeys (ConfUtils.java:logGet(43)) - raft.server.log.write.buffer.size = 33554432 (custom)
2019-11-16 00:26:29,504 [pool-560-thread-1] INFO  server.RaftServerConfigKeys (ConfUtils.java:logGet(43)) - raft.server.log.force.sync.num = 128 (default)
2019-11-16 00:26:29,504 [pool-560-thread-1] INFO  server.RaftServerConfigKeys (ConfUtils.java:logGet(43)) - raft.server.log.statemachine.data.sync = true (default)
2019-11-16 00:26:29,504 [pool-560-thread-1] INFO  server.RaftServerConfigKeys (ConfUtils.java:logGet(43)) - raft.server.log.statemachine.data.sync.timeout = 10s (default)
2019-11-16 00:26:29,504 [pool-560-thread-1] INFO  server.RaftServerConfigKeys (ConfUtils.java:logGet(43)) - raft.server.log.statemachine.data.sync.timeout.retry = -1 (default)
2019-11-16 00:26:29,505 [pool-560-thread-1] INFO  server.RaftServerConfigKeys (ConfUtils.java:logGet(43)) - raft.server.log.statemachine.data.caching.enabled = true (custom)
2019-11-16 00:26:29,505 [pool-560-thread-1] INFO  segmented.SegmentedRaftLogWorker (SegmentedRaftLogWorker.java:lambda$new$0(128)) - 816b1da2-1c4e-42ee-9437-e192113ed53f@group-322D19E28D9D-SegmentedRaftLogWorker: flushIndex: setUnconditionally 0 -> -1
2019-11-16 00:26:29,505 [pool-560-thread-1] INFO  server.RaftServerConfigKeys (ConfUtils.java:logGet(43)) - raft.server.snapshot.auto.trigger.enabled = true (custom)
2019-11-16 00:26:29,505 [pool-560-thread-1] INFO  server.RaftServerConfigKeys (ConfUtils.java:logGet(43)) - raft.server.snapshot.auto.trigger.threshold = 10000 (custom)
2019-11-16 00:26:29,505 [pool-560-thread-1] INFO  server.RaftServerConfigKeys (ConfUtils.java:logGet(43)) - raft.server.snapshot.retention.file.num = 5 (custom)
2019-11-16 00:26:29,505 [pool-560-thread-1] INFO  server.RaftServerConfigKeys (ConfUtils.java:logGet(43)) - raft.server.retrycache.expirytime = 600000ms (custom)
2019-11-16 00:26:29,505 [pool-560-thread-1] WARN  impl.MetricRegistriesImpl (MetricRegistriesImpl.java:lambda$create$1(61)) - First MetricRegistry has been created without registering reporters. You may need to call MetricRegistries.global().addReportRegistration(...) before.
2019-11-16 00:26:29,505 [pool-560-thread-1] WARN  impl.MetricRegistriesImpl (MetricRegistriesImpl.java:lambda$create$1(61)) - First MetricRegistry has been created without registering reporters. You may need to call MetricRegistries.global().addReportRegistration(...) before.
2019-11-16 00:26:29,506 [pool-560-thread-1] INFO  impl.RaftServerImpl (RaftServerImpl.java:start(184)) - 816b1da2-1c4e-42ee-9437-e192113ed53f@group-322D19E28D9D: start as a follower, conf=-1: [816b1da2-1c4e-42ee-9437-e192113ed53f:192.168.69.79:36665], old=null
2019-11-16 00:26:29,506 [pool-560-thread-1] INFO  impl.RaftServerImpl (RaftServerImpl.java:setRole(173)) - 816b1da2-1c4e-42ee-9437-e192113ed53f@group-322D19E28D9D: changes role from      null to FOLLOWER at term 0 for startAsFollower
2019-11-16 00:26:29,506 [pool-560-thread-1] INFO  impl.RoleInfo (RoleInfo.java:updateAndGet(143)) - 816b1da2-1c4e-42ee-9437-e192113ed53f: start FollowerState
2019-11-16 00:26:29,506 [pool-560-thread-1] INFO  util.JmxRegister (JmxRegister.java:tryRegister(44)) - Successfully registered JMX Bean with object name Ratis:service=RaftServer,group=group-322D19E28D9D,id=816b1da2-1c4e-42ee-9437-e192113ed53f
2019-11-16 00:26:29,506 [pool-560-thread-1] WARN  impl.MetricRegistriesImpl (MetricRegistriesImpl.java:lambda$create$1(61)) - First MetricRegistry has been created without registering reporters. You may need to call MetricRegistries.global().addReportRegistration(...) before.
2019-11-16 00:26:29,508 [RatisPipelineUtilsThread] INFO  pipeline.PipelineStateManager (PipelineStateManager.java:addPipeline(55)) - Created pipeline Pipeline[ Id: 2feab33c-7e36-409c-a592-322d19e28d9d, Nodes: 816b1da2-1c4e-42ee-9437-e192113ed53f{ip: 192.168.69.79, host: pr-hdds-2501-b5dhd-1197665634, networkLocation: /rack1, certSerialId: null}, Type:RATIS, Factor:ONE, State:ALLOCATED]
2019-11-16 00:26:29,515 [grpc-default-executor-2] INFO  impl.RaftServerProxy (RaftServerProxy.java:addNew(89)) - 816b1da2-1c4e-42ee-9437-e192113ed53f: addNew group-2276BC3C0949:[a05a7939-ef6c-4534-b55b-b612829faca5:192.168.69.79:35267, 816b1da2-1c4e-42ee-9437-e192113ed53f:192.168.69.79:36665, 69b8f75d-497f-4fe6-9dc7-b84f6827359d:192.168.69.79:44545] returns group-2276BC3C0949:java.util.concurrent.CompletableFuture@40e28b3e[Not completed]
2019-11-16 00:26:29,515 [grpc-default-executor-9] INFO  impl.RaftServerProxy (RaftServerProxy.java:addNew(89)) - 69b8f75d-497f-4fe6-9dc7-b84f6827359d: addNew group-2276BC3C0949:[a05a7939-ef6c-4534-b55b-b612829faca5:192.168.69.79:35267, 816b1da2-1c4e-42ee-9437-e192113ed53f:192.168.69.79:36665, 69b8f75d-497f-4fe6-9dc7-b84f6827359d:192.168.69.79:44545] returns group-2276BC3C0949:java.util.concurrent.CompletableFuture@c00929a[Not completed]
2019-11-16 00:26:29,515 [grpc-default-executor-3] INFO  impl.RaftServerProxy (RaftServerProxy.java:addNew(89)) - a05a7939-ef6c-4534-b55b-b612829faca5: addNew group-2276BC3C0949:[a05a7939-ef6c-4534-b55b-b612829faca5:192.168.69.79:35267, 816b1da2-1c4e-42ee-9437-e192113ed53f:192.168.69.79:36665, 69b8f75d-497f-4fe6-9dc7-b84f6827359d:192.168.69.79:44545] returns group-2276BC3C0949:java.util.concurrent.CompletableFuture@9be5b36[Not completed]
2019-11-16 00:26:29,516 [pool-560-thread-1] INFO  impl.RaftServerImpl (RaftServerImpl.java:<init>(98)) - 816b1da2-1c4e-42ee-9437-e192113ed53f: new RaftServerImpl for group-2276BC3C0949:[a05a7939-ef6c-4534-b55b-b612829faca5:192.168.69.79:35267, 816b1da2-1c4e-42ee-9437-e192113ed53f:192.168.69.79:36665, 69b8f75d-497f-4fe6-9dc7-b84f6827359d:192.168.69.79:44545] with ContainerStateMachine:uninitialized
2019-11-16 00:26:29,517 [pool-560-thread-1] INFO  server.RaftServerConfigKeys (ConfUtils.java:logGet(43)) - raft.server.rpc.timeout.min = 1s (custom)
2019-11-16 00:26:29,517 [pool-560-thread-1] INFO  server.RaftServerConfigKeys (ConfUtils.java:logGet(43)) - raft.server.rpc.timeout.max = 1200ms (custom)
2019-11-16 00:26:29,517 [pool-560-thread-1] INFO  server.RaftServerConfigKeys (ConfUtils.java:logGet(43)) - raft.server.rpcslowness.timeout = 120s (custom)
2019-11-16 00:26:29,517 [pool-560-thread-1] INFO  server.RaftServerConfigKeys (ConfUtils.java:logGet(43)) - raft.server.sleep.deviation.threshold = 300 (default)
2019-11-16 00:26:29,517 [pool-560-thread-1] INFO  server.RaftServerConfigKeys (ConfUtils.java:logGet(43)) - raft.server.log.appender.install.snapshot.enabled = false (custom)
2019-11-16 00:26:29,517 [pool-560-thread-1] INFO  impl.RaftServerImpl (ServerState.java:<init>(103)) - 816b1da2-1c4e-42ee-9437-e192113ed53f@group-2276BC3C0949: ConfigurationManager, init=-1: [a05a7939-ef6c-4534-b55b-b612829faca5:192.168.69.79:35267, 816b1da2-1c4e-42ee-9437-e192113ed53f:192.168.69.79:36665, 69b8f75d-497f-4fe6-9dc7-b84f6827359d:192.168.69.79:44545], old=null, confs=<EMPTY_MAP>
2019-11-16 00:26:29,517 [pool-540-thread-1] INFO  impl.RaftServerImpl (RaftServerImpl.java:<init>(98)) - 69b8f75d-497f-4fe6-9dc7-b84f6827359d: new RaftServerImpl for group-2276BC3C0949:[a05a7939-ef6c-4534-b55b-b612829faca5:192.168.69.79:35267, 816b1da2-1c4e-42ee-9437-e192113ed53f:192.168.69.79:36665, 69b8f75d-497f-4fe6-9dc7-b84f6827359d:192.168.69.79:44545] with ContainerStateMachine:uninitialized
2019-11-16 00:26:29,517 [pool-560-thread-1] INFO  server.RaftServerConfigKeys (ConfUtils.java:logGet(43)) - raft.server.storage.dir = [/workdir/hadoop-ozone/integration-test/target/test-dir/MiniOzoneClusterImpl-ec73e7b8-24c6-4197-838c-bd0443d97e1c/datanode-5/data/ratis] (custom)
2019-11-16 00:26:29,517 [pool-540-thread-1] INFO  server.RaftServerConfigKeys (ConfUtils.java:logGet(43)) - raft.server.rpc.timeout.min = 1s (custom)
2019-11-16 00:26:29,517 [pool-540-thread-1] INFO  server.RaftServerConfigKeys (ConfUtils.java:logGet(43)) - raft.server.rpc.timeout.max = 1200ms (custom)
2019-11-16 00:26:29,517 [pool-550-thread-1] INFO  impl.RaftServerImpl (RaftServerImpl.java:<init>(98)) - a05a7939-ef6c-4534-b55b-b612829faca5: new RaftServerImpl for group-2276BC3C0949:[a05a7939-ef6c-4534-b55b-b612829faca5:192.168.69.79:35267, 816b1da2-1c4e-42ee-9437-e192113ed53f:192.168.69.79:36665, 69b8f75d-497f-4fe6-9dc7-b84f6827359d:192.168.69.79:44545] with ContainerStateMachine:uninitialized
2019-11-16 00:26:29,517 [pool-560-thread-1] INFO  server.RaftServerConfigKeys (ConfUtils.java:logGet(43)) - raft.server.log.corruption.policy = EXCEPTION (default)
2019-11-16 00:26:29,518 [pool-550-thread-1] INFO  server.RaftServerConfigKeys (ConfUtils.java:logGet(43)) - raft.server.rpc.timeout.min = 1s (custom)
2019-11-16 00:26:29,517 [pool-540-thread-1] INFO  server.RaftServerConfigKeys (ConfUtils.java:logGet(43)) - raft.server.rpcslowness.timeout = 120s (custom)
2019-11-16 00:26:29,518 [pool-550-thread-1] INFO  server.RaftServerConfigKeys (ConfUtils.java:logGet(43)) - raft.server.rpc.timeout.max = 1200ms (custom)
2019-11-16 00:26:29,518 [pool-560-thread-1] INFO  storage.RaftStorageDirectory (RaftStorageDirectory.java:analyzeStorage(246)) - The storage directory /workdir/hadoop-ozone/integration-test/target/test-dir/MiniOzoneClusterImpl-ec73e7b8-24c6-4197-838c-bd0443d97e1c/datanode-5/data/ratis/c4d7a9df-c5a5-4cda-909f-2276bc3c0949 does not exist. Creating ...
2019-11-16 00:26:29,518 [pool-550-thread-1] INFO  server.RaftServerConfigKeys (ConfUtils.java:logGet(43)) - raft.server.rpcslowness.timeout = 120s (custom)
2019-11-16 00:26:29,518 [pool-540-thread-1] INFO  server.RaftServerConfigKeys (ConfUtils.java:logGet(43)) - raft.server.sleep.deviation.threshold = 300 (default)
2019-11-16 00:26:29,518 [pool-550-thread-1] INFO  server.RaftServerConfigKeys (ConfUtils.java:logGet(43)) - raft.server.sleep.deviation.threshold = 300 (default)
2019-11-16 00:26:29,518 [pool-540-thread-1] INFO  server.RaftServerConfigKeys (ConfUtils.java:logGet(43)) - raft.server.log.appender.install.snapshot.enabled = false (custom)
2019-11-16 00:26:29,518 [pool-550-thread-1] INFO  server.RaftServerConfigKeys (ConfUtils.java:logGet(43)) - raft.server.log.appender.install.snapshot.enabled = false (custom)
2019-11-16 00:26:29,518 [pool-540-thread-1] INFO  impl.RaftServerImpl (ServerState.java:<init>(103)) - 69b8f75d-497f-4fe6-9dc7-b84f6827359d@group-2276BC3C0949: ConfigurationManager, init=-1: [a05a7939-ef6c-4534-b55b-b612829faca5:192.168.69.79:35267, 816b1da2-1c4e-42ee-9437-e192113ed53f:192.168.69.79:36665, 69b8f75d-497f-4fe6-9dc7-b84f6827359d:192.168.69.79:44545], old=null, confs=<EMPTY_MAP>
2019-11-16 00:26:29,518 [pool-550-thread-1] INFO  impl.RaftServerImpl (ServerState.java:<init>(103)) - a05a7939-ef6c-4534-b55b-b612829faca5@group-2276BC3C0949: ConfigurationManager, init=-1: [a05a7939-ef6c-4534-b55b-b612829faca5:192.168.69.79:35267, 816b1da2-1c4e-42ee-9437-e192113ed53f:192.168.69.79:36665, 69b8f75d-497f-4fe6-9dc7-b84f6827359d:192.168.69.79:44545], old=null, confs=<EMPTY_MAP>
2019-11-16 00:26:29,518 [pool-540-thread-1] INFO  server.RaftServerConfigKeys (ConfUtils.java:logGet(43)) - raft.server.storage.dir = [/workdir/hadoop-ozone/integration-test/target/test-dir/MiniOzoneClusterImpl-ec73e7b8-24c6-4197-838c-bd0443d97e1c/datanode-3/data/ratis] (custom)
2019-11-16 00:26:29,519 [pool-550-thread-1] INFO  server.RaftServerConfigKeys (ConfUtils.java:logGet(43)) - raft.server.storage.dir = [/workdir/hadoop-ozone/integration-test/target/test-dir/MiniOzoneClusterImpl-ec73e7b8-24c6-4197-838c-bd0443d97e1c/datanode-4/data/ratis] (custom)
2019-11-16 00:26:29,519 [pool-540-thread-1] INFO  server.RaftServerConfigKeys (ConfUtils.java:logGet(43)) - raft.server.log.corruption.policy = EXCEPTION (default)
2019-11-16 00:26:29,519 [pool-550-thread-1] INFO  server.RaftServerConfigKeys (ConfUtils.java:logGet(43)) - raft.server.log.corruption.policy = EXCEPTION (default)
2019-11-16 00:26:29,519 [pool-540-thread-1] INFO  storage.RaftStorageDirectory (RaftStorageDirectory.java:analyzeStorage(246)) - The storage directory /workdir/hadoop-ozone/integration-test/target/test-dir/MiniOzoneClusterImpl-ec73e7b8-24c6-4197-838c-bd0443d97e1c/datanode-3/data/ratis/c4d7a9df-c5a5-4cda-909f-2276bc3c0949 does not exist. Creating ...
2019-11-16 00:26:29,519 [pool-550-thread-1] INFO  storage.RaftStorageDirectory (RaftStorageDirectory.java:analyzeStorage(246)) - The storage directory /workdir/hadoop-ozone/integration-test/target/test-dir/MiniOzoneClusterImpl-ec73e7b8-24c6-4197-838c-bd0443d97e1c/datanode-4/data/ratis/c4d7a9df-c5a5-4cda-909f-2276bc3c0949 does not exist. Creating ...
2019-11-16 00:26:29,531 [pool-560-thread-1] INFO  storage.RaftStorageDirectory (RaftStorageDirectory.java:tryLock(328)) - Lock on /workdir/hadoop-ozone/integration-test/target/test-dir/MiniOzoneClusterImpl-ec73e7b8-24c6-4197-838c-bd0443d97e1c/datanode-5/data/ratis/c4d7a9df-c5a5-4cda-909f-2276bc3c0949/in_use.lock acquired by nodename 23786@pr-hdds-2501-b5dhd-1197665634
2019-11-16 00:26:29,531 [pool-540-thread-1] INFO  storage.RaftStorageDirectory (RaftStorageDirectory.java:tryLock(328)) - Lock on /workdir/hadoop-ozone/integration-test/target/test-dir/MiniOzoneClusterImpl-ec73e7b8-24c6-4197-838c-bd0443d97e1c/datanode-3/data/ratis/c4d7a9df-c5a5-4cda-909f-2276bc3c0949/in_use.lock acquired by nodename 23786@pr-hdds-2501-b5dhd-1197665634
2019-11-16 00:26:29,531 [pool-550-thread-1] INFO  storage.RaftStorageDirectory (RaftStorageDirectory.java:tryLock(328)) - Lock on /workdir/hadoop-ozone/integration-test/target/test-dir/MiniOzoneClusterImpl-ec73e7b8-24c6-4197-838c-bd0443d97e1c/datanode-4/data/ratis/c4d7a9df-c5a5-4cda-909f-2276bc3c0949/in_use.lock acquired by nodename 23786@pr-hdds-2501-b5dhd-1197665634
2019-11-16 00:26:29,540 [IPC Server handler 0 on 42806] INFO  net.NetworkTopology (NetworkTopologyImpl.java:add(111)) - Added a new node: /rack1/82886741-ea2e-41d6-b944-d04bb5a8b025
2019-11-16 00:26:29,541 [IPC Server handler 0 on 42806] INFO  node.SCMNodeManager (SCMNodeManager.java:register(267)) - Registered Data node : 82886741-ea2e-41d6-b944-d04bb5a8b025{ip: 192.168.69.79, host: pr-hdds-2501-b5dhd-1197665634, networkLocation: /rack1, certSerialId: null}
2019-11-16 00:26:29,544 [pool-560-thread-1] INFO  storage.RaftStorage (RaftStorage.java:format(84)) - Storage directory /workdir/hadoop-ozone/integration-test/target/test-dir/MiniOzoneClusterImpl-ec73e7b8-24c6-4197-838c-bd0443d97e1c/datanode-5/data/ratis/c4d7a9df-c5a5-4cda-909f-2276bc3c0949 has been successfully formatted.
2019-11-16 00:26:29,544 [pool-550-thread-1] INFO  storage.RaftStorage (RaftStorage.java:format(84)) - Storage directory /workdir/hadoop-ozone/integration-test/target/test-dir/MiniOzoneClusterImpl-ec73e7b8-24c6-4197-838c-bd0443d97e1c/datanode-4/data/ratis/c4d7a9df-c5a5-4cda-909f-2276bc3c0949 has been successfully formatted.
2019-11-16 00:26:29,544 [pool-540-thread-1] INFO  storage.RaftStorage (RaftStorage.java:format(84)) - Storage directory /workdir/hadoop-ozone/integration-test/target/test-dir/MiniOzoneClusterImpl-ec73e7b8-24c6-4197-838c-bd0443d97e1c/datanode-3/data/ratis/c4d7a9df-c5a5-4cda-909f-2276bc3c0949 has been successfully formatted.
2019-11-16 00:26:29,545 [pool-550-thread-1] INFO  ratis.ContainerStateMachine (ContainerStateMachine.java:loadSnapshot(223)) - group-2276BC3C0949: The snapshot info is null. Setting the last applied indexto:(t:0, i:~)
2019-11-16 00:26:29,545 [pool-540-thread-1] INFO  ratis.ContainerStateMachine (ContainerStateMachine.java:loadSnapshot(223)) - group-2276BC3C0949: The snapshot info is null. Setting the last applied indexto:(t:0, i:~)
2019-11-16 00:26:29,545 [pool-560-thread-1] INFO  ratis.ContainerStateMachine (ContainerStateMachine.java:loadSnapshot(223)) - group-2276BC3C0949: The snapshot info is null. Setting the last applied indexto:(t:0, i:~)
2019-11-16 00:26:29,545 [pool-540-thread-1] INFO  server.RaftServerConfigKeys (ConfUtils.java:logGet(43)) - raft.server.notification.no-leader.timeout = 120s (custom)
2019-11-16 00:26:29,545 [pool-550-thread-1] INFO  server.RaftServerConfigKeys (ConfUtils.java:logGet(43)) - raft.server.notification.no-leader.timeout = 120s (custom)
2019-11-16 00:26:29,545 [pool-540-thread-1] INFO  server.RaftServerConfigKeys (ConfUtils.java:logGet(43)) - raft.server.log.use.memory = false (default)
2019-11-16 00:26:29,545 [pool-560-thread-1] INFO  server.RaftServerConfigKeys (ConfUtils.java:logGet(43)) - raft.server.notification.no-leader.timeout = 120s (custom)
2019-11-16 00:26:29,545 [pool-540-thread-1] INFO  server.RaftServerConfigKeys (ConfUtils.java:logGet(43)) - raft.server.log.purge.gap = 1000000 (custom)
2019-11-16 00:26:29,545 [pool-550-thread-1] INFO  server.RaftServerConfigKeys (ConfUtils.java:logGet(43)) - raft.server.log.use.memory = false (default)
2019-11-16 00:26:29,545 [pool-540-thread-1] INFO  server.RaftServerConfigKeys (ConfUtils.java:logGet(43)) - raft.server.log.appender.buffer.byte-limit = 33554432 (custom)
2019-11-16 00:26:29,545 [pool-560-thread-1] INFO  server.RaftServerConfigKeys (ConfUtils.java:logGet(43)) - raft.server.log.use.memory = false (default)
2019-11-16 00:26:29,546 [pool-540-thread-1] INFO  server.RaftServerConfigKeys (ConfUtils.java:logGet(43)) - raft.server.log.segment.size.max = 1048576 (custom)
2019-11-16 00:26:29,546 [pool-550-thread-1] INFO  server.RaftServerConfigKeys (ConfUtils.java:logGet(43)) - raft.server.log.purge.gap = 1000000 (custom)
2019-11-16 00:26:29,546 [pool-540-thread-1] INFO  server.RaftServerConfigKeys (ConfUtils.java:logGet(43)) - raft.server.log.segment.cache.num.max = 2 (custom)
2019-11-16 00:26:29,546 [pool-560-thread-1] INFO  server.RaftServerConfigKeys (ConfUtils.java:logGet(43)) - raft.server.log.purge.gap = 1000000 (custom)
2019-11-16 00:26:29,546 [pool-540-thread-1] INFO  segmented.SegmentedRaftLogWorker (SegmentedRaftLogWorker.java:<init>(173)) - new 69b8f75d-497f-4fe6-9dc7-b84f6827359d@group-2276BC3C0949-SegmentedRaftLogWorker for RaftStorage:Storage Directory /workdir/hadoop-ozone/integration-test/target/test-dir/MiniOzoneClusterImpl-ec73e7b8-24c6-4197-838c-bd0443d97e1c/datanode-3/data/ratis/c4d7a9df-c5a5-4cda-909f-2276bc3c0949
2019-11-16 00:26:29,546 [pool-550-thread-1] INFO  server.RaftServerConfigKeys (ConfUtils.java:logGet(43)) - raft.server.log.appender.buffer.byte-limit = 33554432 (custom)
2019-11-16 00:26:29,546 [pool-540-thread-1] INFO  server.RaftServerConfigKeys (ConfUtils.java:logGet(43)) - raft.server.log.queue.byte-limit = 2147483647 (custom)
2019-11-16 00:26:29,546 [pool-560-thread-1] INFO  server.RaftServerConfigKeys (ConfUtils.java:logGet(43)) - raft.server.log.appender.buffer.byte-limit = 33554432 (custom)
2019-11-16 00:26:29,546 [pool-540-thread-1] INFO  server.RaftServerConfigKeys (ConfUtils.java:logGet(43)) - raft.server.log.queue.element-limit = 1024 (custom)
2019-11-16 00:26:29,546 [pool-550-thread-1] INFO  server.RaftServerConfigKeys (ConfUtils.java:logGet(43)) - raft.server.log.segment.size.max = 1048576 (custom)
2019-11-16 00:26:29,546 [pool-540-thread-1] INFO  server.RaftServerConfigKeys (ConfUtils.java:logGet(43)) - raft.server.log.segment.size.max = 1048576 (custom)
2019-11-16 00:26:29,546 [pool-560-thread-1] INFO  server.RaftServerConfigKeys (ConfUtils.java:logGet(43)) - raft.server.log.segment.size.max = 1048576 (custom)
2019-11-16 00:26:29,546 [pool-540-thread-1] INFO  server.RaftServerConfigKeys (ConfUtils.java:logGet(43)) - raft.server.log.preallocated.size = 16384 (custom)
2019-11-16 00:26:29,546 [pool-550-thread-1] INFO  server.RaftServerConfigKeys (ConfUtils.java:logGet(43)) - raft.server.log.segment.cache.num.max = 2 (custom)
2019-11-16 00:26:29,547 [pool-540-thread-1] INFO  server.RaftServerConfigKeys (ConfUtils.java:logGet(43)) - raft.server.log.write.buffer.size = 33554432 (custom)
2019-11-16 00:26:29,546 [pool-560-thread-1] INFO  server.RaftServerConfigKeys (ConfUtils.java:logGet(43)) - raft.server.log.segment.cache.num.max = 2 (custom)
2019-11-16 00:26:29,547 [pool-540-thread-1] INFO  server.RaftServerConfigKeys (ConfUtils.java:logGet(43)) - raft.server.log.force.sync.num = 128 (default)
2019-11-16 00:26:29,547 [pool-550-thread-1] INFO  segmented.SegmentedRaftLogWorker (SegmentedRaftLogWorker.java:<init>(173)) - new a05a7939-ef6c-4534-b55b-b612829faca5@group-2276BC3C0949-SegmentedRaftLogWorker for RaftStorage:Storage Directory /workdir/hadoop-ozone/integration-test/target/test-dir/MiniOzoneClusterImpl-ec73e7b8-24c6-4197-838c-bd0443d97e1c/datanode-4/data/ratis/c4d7a9df-c5a5-4cda-909f-2276bc3c0949
2019-11-16 00:26:29,547 [pool-540-thread-1] INFO  server.RaftServerConfigKeys (ConfUtils.java:logGet(43)) - raft.server.log.statemachine.data.sync = true (default)
2019-11-16 00:26:29,547 [pool-560-thread-1] INFO  segmented.SegmentedRaftLogWorker (SegmentedRaftLogWorker.java:<init>(173)) - new 816b1da2-1c4e-42ee-9437-e192113ed53f@group-2276BC3C0949-SegmentedRaftLogWorker for RaftStorage:Storage Directory /workdir/hadoop-ozone/integration-test/target/test-dir/MiniOzoneClusterImpl-ec73e7b8-24c6-4197-838c-bd0443d97e1c/datanode-5/data/ratis/c4d7a9df-c5a5-4cda-909f-2276bc3c0949
2019-11-16 00:26:29,547 [pool-540-thread-1] INFO  server.RaftServerConfigKeys (ConfUtils.java:logGet(43)) - raft.server.log.statemachine.data.sync.timeout = 10s (default)
2019-11-16 00:26:29,547 [pool-550-thread-1] INFO  server.RaftServerConfigKeys (ConfUtils.java:logGet(43)) - raft.server.log.queue.byte-limit = 2147483647 (custom)
2019-11-16 00:26:29,547 [pool-540-thread-1] INFO  server.RaftServerConfigKeys (ConfUtils.java:logGet(43)) - raft.server.log.statemachine.data.sync.timeout.retry = -1 (default)
2019-11-16 00:26:29,547 [pool-560-thread-1] INFO  server.RaftServerConfigKeys (ConfUtils.java:logGet(43)) - raft.server.log.queue.byte-limit = 2147483647 (custom)
2019-11-16 00:26:29,547 [pool-540-thread-1] INFO  server.RaftServerConfigKeys (ConfUtils.java:logGet(43)) - raft.server.log.statemachine.data.caching.enabled = true (custom)
2019-11-16 00:26:29,547 [pool-550-thread-1] INFO  server.RaftServerConfigKeys (ConfUtils.java:logGet(43)) - raft.server.log.queue.element-limit = 1024 (custom)
2019-11-16 00:26:29,547 [pool-560-thread-1] INFO  server.RaftServerConfigKeys (ConfUtils.java:logGet(43)) - raft.server.log.queue.element-limit = 1024 (custom)
2019-11-16 00:26:29,547 [pool-540-thread-1] INFO  segmented.SegmentedRaftLogWorker (SegmentedRaftLogWorker.java:lambda$new$0(128)) - 69b8f75d-497f-4fe6-9dc7-b84f6827359d@group-2276BC3C0949-SegmentedRaftLogWorker: flushIndex: setUnconditionally 0 -> -1
2019-11-16 00:26:29,547 [pool-550-thread-1] INFO  server.RaftServerConfigKeys (ConfUtils.java:logGet(43)) - raft.server.log.segment.size.max = 1048576 (custom)
2019-11-16 00:26:29,548 [pool-560-thread-1] INFO  server.RaftServerConfigKeys (ConfUtils.java:logGet(43)) - raft.server.log.segment.size.max = 1048576 (custom)
2019-11-16 00:26:29,548 [pool-550-thread-1] INFO  server.RaftServerConfigKeys (ConfUtils.java:logGet(43)) - raft.server.log.preallocated.size = 16384 (custom)
2019-11-16 00:26:29,548 [pool-560-thread-1] INFO  server.RaftServerConfigKeys (ConfUtils.java:logGet(43)) - raft.server.log.preallocated.size = 16384 (custom)
2019-11-16 00:26:29,548 [pool-540-thread-1] INFO  server.RaftServerConfigKeys (ConfUtils.java:logGet(43)) - raft.server.snapshot.auto.trigger.enabled = true (custom)
2019-11-16 00:26:29,548 [pool-560-thread-1] INFO  server.RaftServerConfigKeys (ConfUtils.java:logGet(43)) - raft.server.log.write.buffer.size = 33554432 (custom)
2019-11-16 00:26:29,548 [pool-550-thread-1] INFO  server.RaftServerConfigKeys (ConfUtils.java:logGet(43)) - raft.server.log.write.buffer.size = 33554432 (custom)
2019-11-16 00:26:29,548 [pool-560-thread-1] INFO  server.RaftServerConfigKeys (ConfUtils.java:logGet(43)) - raft.server.log.force.sync.num = 128 (default)
2019-11-16 00:26:29,548 [pool-540-thread-1] INFO  server.RaftServerConfigKeys (ConfUtils.java:logGet(43)) - raft.server.snapshot.auto.trigger.threshold = 10000 (custom)
2019-11-16 00:26:29,548 [pool-560-thread-1] INFO  server.RaftServerConfigKeys (ConfUtils.java:logGet(43)) - raft.server.log.statemachine.data.sync = true (default)
2019-11-16 00:26:29,548 [pool-550-thread-1] INFO  server.RaftServerConfigKeys (ConfUtils.java:logGet(43)) - raft.server.log.force.sync.num = 128 (default)
2019-11-16 00:26:29,548 [pool-560-thread-1] INFO  server.RaftServerConfigKeys (ConfUtils.java:logGet(43)) - raft.server.log.statemachine.data.sync.timeout = 10s (default)
2019-11-16 00:26:29,548 [pool-540-thread-1] INFO  server.RaftServerConfigKeys (ConfUtils.java:logGet(43)) - raft.server.snapshot.retention.file.num = 5 (custom)
2019-11-16 00:26:29,548 [pool-560-thread-1] INFO  server.RaftServerConfigKeys (ConfUtils.java:logGet(43)) - raft.server.log.statemachine.data.sync.timeout.retry = -1 (default)
2019-11-16 00:26:29,548 [pool-550-thread-1] INFO  server.RaftServerConfigKeys (ConfUtils.java:logGet(43)) - raft.server.log.statemachine.data.sync = true (default)
2019-11-16 00:26:29,549 [pool-560-thread-1] INFO  server.RaftServerConfigKeys (ConfUtils.java:logGet(43)) - raft.server.log.statemachine.data.caching.enabled = true (custom)
2019-11-16 00:26:29,549 [pool-540-thread-1] INFO  server.RaftServerConfigKeys (ConfUtils.java:logGet(43)) - raft.server.retrycache.expirytime = 600000ms (custom)
2019-11-16 00:26:29,549 [pool-550-thread-1] INFO  server.RaftServerConfigKeys (ConfUtils.java:logGet(43)) - raft.server.log.statemachine.data.sync.timeout = 10s (default)
2019-11-16 00:26:29,549 [pool-540-thread-1] WARN  impl.MetricRegistriesImpl (MetricRegistriesImpl.java:lambda$create$1(61)) - First MetricRegistry has been created without registering reporters. You may need to call MetricRegistries.global().addReportRegistration(...) before.
2019-11-16 00:26:29,549 [pool-560-thread-1] INFO  segmented.SegmentedRaftLogWorker (SegmentedRaftLogWorker.java:lambda$new$0(128)) - 816b1da2-1c4e-42ee-9437-e192113ed53f@group-2276BC3C0949-SegmentedRaftLogWorker: flushIndex: setUnconditionally 0 -> -1
2019-11-16 00:26:29,549 [pool-540-thread-1] WARN  impl.MetricRegistriesImpl (MetricRegistriesImpl.java:lambda$create$1(61)) - First MetricRegistry has been created without registering reporters. You may need to call MetricRegistries.global().addReportRegistration(...) before.
2019-11-16 00:26:29,549 [pool-550-thread-1] INFO  server.RaftServerConfigKeys (ConfUtils.java:logGet(43)) - raft.server.log.statemachine.data.sync.timeout.retry = -1 (default)
2019-11-16 00:26:29,549 [pool-560-thread-1] INFO  server.RaftServerConfigKeys (ConfUtils.java:logGet(43)) - raft.server.snapshot.auto.trigger.enabled = true (custom)
2019-11-16 00:26:29,549 [pool-550-thread-1] INFO  server.RaftServerConfigKeys (ConfUtils.java:logGet(43)) - raft.server.log.statemachine.data.caching.enabled = true (custom)
2019-11-16 00:26:29,549 [pool-540-thread-1] INFO  impl.RaftServerImpl (RaftServerImpl.java:start(184)) - 69b8f75d-497f-4fe6-9dc7-b84f6827359d@group-2276BC3C0949: start as a follower, conf=-1: [a05a7939-ef6c-4534-b55b-b612829faca5:192.168.69.79:35267, 816b1da2-1c4e-42ee-9437-e192113ed53f:192.168.69.79:36665, 69b8f75d-497f-4fe6-9dc7-b84f6827359d:192.168.69.79:44545], old=null
2019-11-16 00:26:29,549 [pool-560-thread-1] INFO  server.RaftServerConfigKeys (ConfUtils.java:logGet(43)) - raft.server.snapshot.auto.trigger.threshold = 10000 (custom)
2019-11-16 00:26:29,549 [pool-550-thread-1] INFO  segmented.SegmentedRaftLogWorker (SegmentedRaftLogWorker.java:lambda$new$0(128)) - a05a7939-ef6c-4534-b55b-b612829faca5@group-2276BC3C0949-SegmentedRaftLogWorker: flushIndex: setUnconditionally 0 -> -1
2019-11-16 00:26:29,549 [pool-540-thread-1] INFO  impl.RaftServerImpl (RaftServerImpl.java:setRole(173)) - 69b8f75d-497f-4fe6-9dc7-b84f6827359d@group-2276BC3C0949: changes role from      null to FOLLOWER at term 0 for startAsFollower
2019-11-16 00:26:29,549 [pool-560-thread-1] INFO  server.RaftServerConfigKeys (ConfUtils.java:logGet(43)) - raft.server.snapshot.retention.file.num = 5 (custom)
2019-11-16 00:26:29,550 [pool-550-thread-1] INFO  server.RaftServerConfigKeys (ConfUtils.java:logGet(43)) - raft.server.snapshot.auto.trigger.enabled = true (custom)
2019-11-16 00:26:29,550 [pool-540-thread-1] INFO  impl.RoleInfo (RoleInfo.java:updateAndGet(143)) - 69b8f75d-497f-4fe6-9dc7-b84f6827359d: start FollowerState
2019-11-16 00:26:29,550 [pool-550-thread-1] INFO  server.RaftServerConfigKeys (ConfUtils.java:logGet(43)) - raft.server.snapshot.auto.trigger.threshold = 10000 (custom)
2019-11-16 00:26:29,550 [pool-560-thread-1] INFO  server.RaftServerConfigKeys (ConfUtils.java:logGet(43)) - raft.server.retrycache.expirytime = 600000ms (custom)
2019-11-16 00:26:29,550 [pool-550-thread-1] INFO  server.RaftServerConfigKeys (ConfUtils.java:logGet(43)) - raft.server.snapshot.retention.file.num = 5 (custom)
2019-11-16 00:26:29,550 [pool-560-thread-1] WARN  impl.MetricRegistriesImpl (MetricRegistriesImpl.java:lambda$create$1(61)) - First MetricRegistry has been created without registering reporters. You may need to call MetricRegistries.global().addReportRegistration(...) before.
2019-11-16 00:26:29,550 [pool-550-thread-1] INFO  server.RaftServerConfigKeys (ConfUtils.java:logGet(43)) - raft.server.retrycache.expirytime = 600000ms (custom)
2019-11-16 00:26:29,550 [pool-540-thread-1] INFO  util.JmxRegister (JmxRegister.java:tryRegister(44)) - Successfully registered JMX Bean with object name Ratis:service=RaftServer,group=group-2276BC3C0949,id=69b8f75d-497f-4fe6-9dc7-b84f6827359d
2019-11-16 00:26:29,550 [pool-560-thread-1] WARN  impl.MetricRegistriesImpl (MetricRegistriesImpl.java:lambda$create$1(61)) - First MetricRegistry has been created without registering reporters. You may need to call MetricRegistries.global().addReportRegistration(...) before.
2019-11-16 00:26:29,550 [pool-540-thread-1] WARN  impl.MetricRegistriesImpl (MetricRegistriesImpl.java:lambda$create$1(61)) - First MetricRegistry has been created without registering reporters. You may need to call MetricRegistries.global().addReportRegistration(...) before.
2019-11-16 00:26:29,550 [pool-550-thread-1] WARN  impl.MetricRegistriesImpl (MetricRegistriesImpl.java:lambda$create$1(61)) - First MetricRegistry has been created without registering reporters. You may need to call MetricRegistries.global().addReportRegistration(...) before.
2019-11-16 00:26:29,550 [pool-560-thread-1] INFO  impl.RaftServerImpl (RaftServerImpl.java:start(184)) - 816b1da2-1c4e-42ee-9437-e192113ed53f@group-2276BC3C0949: start as a follower, conf=-1: [a05a7939-ef6c-4534-b55b-b612829faca5:192.168.69.79:35267, 816b1da2-1c4e-42ee-9437-e192113ed53f:192.168.69.79:36665, 69b8f75d-497f-4fe6-9dc7-b84f6827359d:192.168.69.79:44545], old=null
2019-11-16 00:26:29,550 [pool-550-thread-1] WARN  impl.MetricRegistriesImpl (MetricRegistriesImpl.java:lambda$create$1(61)) - First MetricRegistry has been created without registering reporters. You may need to call MetricRegistries.global().addReportRegistration(...) before.
2019-11-16 00:26:29,551 [pool-560-thread-1] INFO  impl.RaftServerImpl (RaftServerImpl.java:setRole(173)) - 816b1da2-1c4e-42ee-9437-e192113ed53f@group-2276BC3C0949: changes role from      null to FOLLOWER at term 0 for startAsFollower
2019-11-16 00:26:29,551 [pool-550-thread-1] INFO  impl.RaftServerImpl (RaftServerImpl.java:start(184)) - a05a7939-ef6c-4534-b55b-b612829faca5@group-2276BC3C0949: start as a follower, conf=-1: [a05a7939-ef6c-4534-b55b-b612829faca5:192.168.69.79:35267, 816b1da2-1c4e-42ee-9437-e192113ed53f:192.168.69.79:36665, 69b8f75d-497f-4fe6-9dc7-b84f6827359d:192.168.69.79:44545], old=null
2019-11-16 00:26:29,551 [pool-560-thread-1] INFO  impl.RoleInfo (RoleInfo.java:updateAndGet(143)) - 816b1da2-1c4e-42ee-9437-e192113ed53f: start FollowerState
2019-11-16 00:26:29,551 [pool-550-thread-1] INFO  impl.RaftServerImpl (RaftServerImpl.java:setRole(173)) - a05a7939-ef6c-4534-b55b-b612829faca5@group-2276BC3C0949: changes role from      null to FOLLOWER at term 0 for startAsFollower
2019-11-16 00:26:29,551 [pool-550-thread-1] INFO  impl.RoleInfo (RoleInfo.java:updateAndGet(143)) - a05a7939-ef6c-4534-b55b-b612829faca5: start FollowerState
2019-11-16 00:26:29,551 [pool-560-thread-1] INFO  util.JmxRegister (JmxRegister.java:tryRegister(44)) - Successfully registered JMX Bean with object name Ratis:service=RaftServer,group=group-2276BC3C0949,id=816b1da2-1c4e-42ee-9437-e192113ed53f
2019-11-16 00:26:29,551 [pool-560-thread-1] WARN  impl.MetricRegistriesImpl (MetricRegistriesImpl.java:lambda$create$1(61)) - First MetricRegistry has been created without registering reporters. You may need to call MetricRegistries.global().addReportRegistration(...) before.
2019-11-16 00:26:29,551 [pool-550-thread-1] INFO  util.JmxRegister (JmxRegister.java:tryRegister(44)) - Successfully registered JMX Bean with object name Ratis:service=RaftServer,group=group-2276BC3C0949,id=a05a7939-ef6c-4534-b55b-b612829faca5
2019-11-16 00:26:29,551 [pool-550-thread-1] WARN  impl.MetricRegistriesImpl (MetricRegistriesImpl.java:lambda$create$1(61)) - First MetricRegistry has been created without registering reporters. You may need to call MetricRegistries.global().addReportRegistration(...) before.
2019-11-16 00:26:29,554 [RatisPipelineUtilsThread] INFO  pipeline.PipelineStateManager (PipelineStateManager.java:addPipeline(55)) - Created pipeline Pipeline[ Id: c4d7a9df-c5a5-4cda-909f-2276bc3c0949, Nodes: a05a7939-ef6c-4534-b55b-b612829faca5{ip: 192.168.69.79, host: pr-hdds-2501-b5dhd-1197665634, networkLocation: /rack1, certSerialId: null}816b1da2-1c4e-42ee-9437-e192113ed53f{ip: 192.168.69.79, host: pr-hdds-2501-b5dhd-1197665634, networkLocation: /rack1, certSerialId: null}69b8f75d-497f-4fe6-9dc7-b84f6827359d{ip: 192.168.69.79, host: pr-hdds-2501-b5dhd-1197665634, networkLocation: /rack1, certSerialId: null}, Type:RATIS, Factor:THREE, State:ALLOCATED]
2019-11-16 00:26:29,603 [IPC Server handler 1 on 42806] INFO  net.NetworkTopology (NetworkTopologyImpl.java:add(111)) - Added a new node: /rack1/e887c5fb-6c7f-48d0-908d-014a119bd478
2019-11-16 00:26:29,604 [IPC Server handler 1 on 42806] INFO  node.SCMNodeManager (SCMNodeManager.java:register(267)) - Registered Data node : e887c5fb-6c7f-48d0-908d-014a119bd478{ip: 192.168.69.79, host: pr-hdds-2501-b5dhd-1197665634, networkLocation: /rack1, certSerialId: null}
2019-11-16 00:26:29,609 [grpc-default-executor-3] INFO  impl.RaftServerProxy (RaftServerProxy.java:addNew(89)) - 82886741-ea2e-41d6-b944-d04bb5a8b025: addNew group-DE2BB446D71D:[82886741-ea2e-41d6-b944-d04bb5a8b025:192.168.69.79:37949] returns group-DE2BB446D71D:java.util.concurrent.CompletableFuture@356d806e[Not completed]
2019-11-16 00:26:29,610 [pool-570-thread-1] INFO  impl.RaftServerImpl (RaftServerImpl.java:<init>(98)) - 82886741-ea2e-41d6-b944-d04bb5a8b025: new RaftServerImpl for group-DE2BB446D71D:[82886741-ea2e-41d6-b944-d04bb5a8b025:192.168.69.79:37949] with ContainerStateMachine:uninitialized
2019-11-16 00:26:29,611 [pool-570-thread-1] INFO  server.RaftServerConfigKeys (ConfUtils.java:logGet(43)) - raft.server.rpc.timeout.min = 1s (custom)
2019-11-16 00:26:29,611 [pool-570-thread-1] INFO  server.RaftServerConfigKeys (ConfUtils.java:logGet(43)) - raft.server.rpc.timeout.max = 1200ms (custom)
2019-11-16 00:26:29,611 [pool-570-thread-1] INFO  server.RaftServerConfigKeys (ConfUtils.java:logGet(43)) - raft.server.rpcslowness.timeout = 120s (custom)
2019-11-16 00:26:29,611 [pool-570-thread-1] INFO  server.RaftServerConfigKeys (ConfUtils.java:logGet(43)) - raft.server.sleep.deviation.threshold = 300 (default)
2019-11-16 00:26:29,611 [pool-570-thread-1] INFO  server.RaftServerConfigKeys (ConfUtils.java:logGet(43)) - raft.server.log.appender.install.snapshot.enabled = false (custom)
2019-11-16 00:26:29,611 [pool-570-thread-1] INFO  impl.RaftServerImpl (ServerState.java:<init>(103)) - 82886741-ea2e-41d6-b944-d04bb5a8b025@group-DE2BB446D71D: ConfigurationManager, init=-1: [82886741-ea2e-41d6-b944-d04bb5a8b025:192.168.69.79:37949], old=null, confs=<EMPTY_MAP>
2019-11-16 00:26:29,611 [pool-570-thread-1] INFO  server.RaftServerConfigKeys (ConfUtils.java:logGet(43)) - raft.server.storage.dir = [/workdir/hadoop-ozone/integration-test/target/test-dir/MiniOzoneClusterImpl-ec73e7b8-24c6-4197-838c-bd0443d97e1c/datanode-6/data/ratis] (custom)
2019-11-16 00:26:29,612 [pool-570-thread-1] INFO  server.RaftServerConfigKeys (ConfUtils.java:logGet(43)) - raft.server.log.corruption.policy = EXCEPTION (default)
2019-11-16 00:26:29,612 [pool-570-thread-1] INFO  storage.RaftStorageDirectory (RaftStorageDirectory.java:analyzeStorage(246)) - The storage directory /workdir/hadoop-ozone/integration-test/target/test-dir/MiniOzoneClusterImpl-ec73e7b8-24c6-4197-838c-bd0443d97e1c/datanode-6/data/ratis/bfe11dab-efa3-4bbe-b243-de2bb446d71d does not exist. Creating ...
2019-11-16 00:26:29,617 [pool-570-thread-1] INFO  storage.RaftStorageDirectory (RaftStorageDirectory.java:tryLock(328)) - Lock on /workdir/hadoop-ozone/integration-test/target/test-dir/MiniOzoneClusterImpl-ec73e7b8-24c6-4197-838c-bd0443d97e1c/datanode-6/data/ratis/bfe11dab-efa3-4bbe-b243-de2bb446d71d/in_use.lock acquired by nodename 23786@pr-hdds-2501-b5dhd-1197665634
2019-11-16 00:26:29,676 [IPC Server handler 3 on 42806] INFO  net.NetworkTopology (NetworkTopologyImpl.java:add(111)) - Added a new node: /rack1/61732ce4-b30f-4383-a457-809dbeacd402
2019-11-16 00:26:29,676 [IPC Server handler 3 on 42806] INFO  node.SCMNodeManager (SCMNodeManager.java:register(267)) - Registered Data node : 61732ce4-b30f-4383-a457-809dbeacd402{ip: 192.168.69.79, host: pr-hdds-2501-b5dhd-1197665634, networkLocation: /rack1, certSerialId: null}
2019-11-16 00:26:29,720 [pool-570-thread-1] INFO  storage.RaftStorage (RaftStorage.java:format(84)) - Storage directory /workdir/hadoop-ozone/integration-test/target/test-dir/MiniOzoneClusterImpl-ec73e7b8-24c6-4197-838c-bd0443d97e1c/datanode-6/data/ratis/bfe11dab-efa3-4bbe-b243-de2bb446d71d has been successfully formatted.
2019-11-16 00:26:29,720 [pool-570-thread-1] INFO  ratis.ContainerStateMachine (ContainerStateMachine.java:loadSnapshot(223)) - group-DE2BB446D71D: The snapshot info is null. Setting the last applied indexto:(t:0, i:~)
2019-11-16 00:26:29,720 [pool-570-thread-1] INFO  server.RaftServerConfigKeys (ConfUtils.java:logGet(43)) - raft.server.notification.no-leader.timeout = 120s (custom)
2019-11-16 00:26:29,720 [pool-570-thread-1] INFO  server.RaftServerConfigKeys (ConfUtils.java:logGet(43)) - raft.server.log.use.memory = false (default)
2019-11-16 00:26:29,720 [pool-570-thread-1] INFO  server.RaftServerConfigKeys (ConfUtils.java:logGet(43)) - raft.server.log.purge.gap = 1000000 (custom)
2019-11-16 00:26:29,720 [pool-570-thread-1] INFO  server.RaftServerConfigKeys (ConfUtils.java:logGet(43)) - raft.server.log.appender.buffer.byte-limit = 33554432 (custom)
2019-11-16 00:26:29,721 [pool-570-thread-1] INFO  server.RaftServerConfigKeys (ConfUtils.java:logGet(43)) - raft.server.log.segment.size.max = 1048576 (custom)
2019-11-16 00:26:29,721 [pool-570-thread-1] WARN  impl.MetricRegistriesImpl (MetricRegistriesImpl.java:lambda$create$1(61)) - First MetricRegistry has been created without registering reporters. You may need to call MetricRegistries.global().addReportRegistration(...) before.
2019-11-16 00:26:29,721 [pool-570-thread-1] INFO  server.RaftServerConfigKeys (ConfUtils.java:logGet(43)) - raft.server.log.segment.cache.num.max = 2 (custom)
2019-11-16 00:26:29,721 [pool-570-thread-1] INFO  segmented.SegmentedRaftLogWorker (SegmentedRaftLogWorker.java:<init>(173)) - new 82886741-ea2e-41d6-b944-d04bb5a8b025@group-DE2BB446D71D-SegmentedRaftLogWorker for RaftStorage:Storage Directory /workdir/hadoop-ozone/integration-test/target/test-dir/MiniOzoneClusterImpl-ec73e7b8-24c6-4197-838c-bd0443d97e1c/datanode-6/data/ratis/bfe11dab-efa3-4bbe-b243-de2bb446d71d
2019-11-16 00:26:29,721 [pool-570-thread-1] INFO  server.RaftServerConfigKeys (ConfUtils.java:logGet(43)) - raft.server.log.queue.byte-limit = 2147483647 (custom)
2019-11-16 00:26:29,721 [pool-570-thread-1] INFO  server.RaftServerConfigKeys (ConfUtils.java:logGet(43)) - raft.server.log.queue.element-limit = 1024 (custom)
2019-11-16 00:26:29,721 [pool-570-thread-1] INFO  server.RaftServerConfigKeys (ConfUtils.java:logGet(43)) - raft.server.log.segment.size.max = 1048576 (custom)
2019-11-16 00:26:29,721 [pool-570-thread-1] INFO  server.RaftServerConfigKeys (ConfUtils.java:logGet(43)) - raft.server.log.preallocated.size = 16384 (custom)
2019-11-16 00:26:29,721 [pool-570-thread-1] INFO  server.RaftServerConfigKeys (ConfUtils.java:logGet(43)) - raft.server.log.write.buffer.size = 33554432 (custom)
2019-11-16 00:26:29,722 [pool-570-thread-1] INFO  server.RaftServerConfigKeys (ConfUtils.java:logGet(43)) - raft.server.log.force.sync.num = 128 (default)
2019-11-16 00:26:29,722 [pool-570-thread-1] INFO  server.RaftServerConfigKeys (ConfUtils.java:logGet(43)) - raft.server.log.statemachine.data.sync = true (default)
2019-11-16 00:26:29,722 [pool-570-thread-1] INFO  server.RaftServerConfigKeys (ConfUtils.java:logGet(43)) - raft.server.log.statemachine.data.sync.timeout = 10s (default)
2019-11-16 00:26:29,722 [pool-570-thread-1] INFO  server.RaftServerConfigKeys (ConfUtils.java:logGet(43)) - raft.server.log.statemachine.data.sync.timeout.retry = -1 (default)
2019-11-16 00:26:29,722 [pool-570-thread-1] INFO  server.RaftServerConfigKeys (ConfUtils.java:logGet(43)) - raft.server.log.statemachine.data.caching.enabled = true (custom)
2019-11-16 00:26:29,722 [pool-570-thread-1] INFO  segmented.SegmentedRaftLogWorker (SegmentedRaftLogWorker.java:lambda$new$0(128)) - 82886741-ea2e-41d6-b944-d04bb5a8b025@group-DE2BB446D71D-SegmentedRaftLogWorker: flushIndex: setUnconditionally 0 -> -1
2019-11-16 00:26:29,723 [pool-570-thread-1] INFO  server.RaftServerConfigKeys (ConfUtils.java:logGet(43)) - raft.server.snapshot.auto.trigger.enabled = true (custom)
2019-11-16 00:26:29,723 [pool-570-thread-1] INFO  server.RaftServerConfigKeys (ConfUtils.java:logGet(43)) - raft.server.snapshot.auto.trigger.threshold = 10000 (custom)
2019-11-16 00:26:29,723 [pool-570-thread-1] INFO  server.RaftServerConfigKeys (ConfUtils.java:logGet(43)) - raft.server.snapshot.retention.file.num = 5 (custom)
2019-11-16 00:26:29,723 [pool-570-thread-1] INFO  server.RaftServerConfigKeys (ConfUtils.java:logGet(43)) - raft.server.retrycache.expirytime = 600000ms (custom)
2019-11-16 00:26:29,723 [pool-570-thread-1] WARN  impl.MetricRegistriesImpl (MetricRegistriesImpl.java:lambda$create$1(61)) - First MetricRegistry has been created without registering reporters. You may need to call MetricRegistries.global().addReportRegistration(...) before.
2019-11-16 00:26:29,723 [pool-570-thread-1] WARN  impl.MetricRegistriesImpl (MetricRegistriesImpl.java:lambda$create$1(61)) - First MetricRegistry has been created without registering reporters. You may need to call MetricRegistries.global().addReportRegistration(...) before.
2019-11-16 00:26:29,724 [pool-570-thread-1] INFO  impl.RaftServerImpl (RaftServerImpl.java:start(184)) - 82886741-ea2e-41d6-b944-d04bb5a8b025@group-DE2BB446D71D: start as a follower, conf=-1: [82886741-ea2e-41d6-b944-d04bb5a8b025:192.168.69.79:37949], old=null
2019-11-16 00:26:29,724 [pool-570-thread-1] INFO  impl.RaftServerImpl (RaftServerImpl.java:setRole(173)) - 82886741-ea2e-41d6-b944-d04bb5a8b025@group-DE2BB446D71D: changes role from      null to FOLLOWER at term 0 for startAsFollower
2019-11-16 00:26:29,724 [pool-570-thread-1] INFO  impl.RoleInfo (RoleInfo.java:updateAndGet(143)) - 82886741-ea2e-41d6-b944-d04bb5a8b025: start FollowerState
2019-11-16 00:26:29,724 [pool-570-thread-1] INFO  util.JmxRegister (JmxRegister.java:tryRegister(44)) - Successfully registered JMX Bean with object name Ratis:service=RaftServer,group=group-DE2BB446D71D,id=82886741-ea2e-41d6-b944-d04bb5a8b025
2019-11-16 00:26:29,724 [pool-570-thread-1] WARN  impl.MetricRegistriesImpl (MetricRegistriesImpl.java:lambda$create$1(61)) - First MetricRegistry has been created without registering reporters. You may need to call MetricRegistries.global().addReportRegistration(...) before.
2019-11-16 00:26:29,726 [RatisPipelineUtilsThread] INFO  pipeline.PipelineStateManager (PipelineStateManager.java:addPipeline(55)) - Created pipeline Pipeline[ Id: bfe11dab-efa3-4bbe-b243-de2bb446d71d, Nodes: 82886741-ea2e-41d6-b944-d04bb5a8b025{ip: 192.168.69.79, host: pr-hdds-2501-b5dhd-1197665634, networkLocation: /rack1, certSerialId: null}, Type:RATIS, Factor:ONE, State:ALLOCATED]
2019-11-16 00:26:29,733 [grpc-default-executor-3] INFO  impl.RaftServerProxy (RaftServerProxy.java:addNew(89)) - e887c5fb-6c7f-48d0-908d-014a119bd478: addNew group-9DE2FB05DAD4:[e887c5fb-6c7f-48d0-908d-014a119bd478:192.168.69.79:44398] returns group-9DE2FB05DAD4:java.util.concurrent.CompletableFuture@33bd50b7[Not completed]
2019-11-16 00:26:29,734 [pool-580-thread-1] INFO  impl.RaftServerImpl (RaftServerImpl.java:<init>(98)) - e887c5fb-6c7f-48d0-908d-014a119bd478: new RaftServerImpl for group-9DE2FB05DAD4:[e887c5fb-6c7f-48d0-908d-014a119bd478:192.168.69.79:44398] with ContainerStateMachine:uninitialized
2019-11-16 00:26:29,734 [pool-580-thread-1] INFO  server.RaftServerConfigKeys (ConfUtils.java:logGet(43)) - raft.server.rpc.timeout.min = 1s (custom)
2019-11-16 00:26:29,734 [pool-580-thread-1] INFO  server.RaftServerConfigKeys (ConfUtils.java:logGet(43)) - raft.server.rpc.timeout.max = 1200ms (custom)
2019-11-16 00:26:29,735 [pool-580-thread-1] INFO  server.RaftServerConfigKeys (ConfUtils.java:logGet(43)) - raft.server.rpcslowness.timeout = 120s (custom)
2019-11-16 00:26:29,735 [pool-580-thread-1] INFO  server.RaftServerConfigKeys (ConfUtils.java:logGet(43)) - raft.server.sleep.deviation.threshold = 300 (default)
2019-11-16 00:26:29,735 [pool-580-thread-1] INFO  server.RaftServerConfigKeys (ConfUtils.java:logGet(43)) - raft.server.log.appender.install.snapshot.enabled = false (custom)
2019-11-16 00:26:29,735 [pool-580-thread-1] INFO  impl.RaftServerImpl (ServerState.java:<init>(103)) - e887c5fb-6c7f-48d0-908d-014a119bd478@group-9DE2FB05DAD4: ConfigurationManager, init=-1: [e887c5fb-6c7f-48d0-908d-014a119bd478:192.168.69.79:44398], old=null, confs=<EMPTY_MAP>
2019-11-16 00:26:29,735 [pool-580-thread-1] INFO  server.RaftServerConfigKeys (ConfUtils.java:logGet(43)) - raft.server.storage.dir = [/workdir/hadoop-ozone/integration-test/target/test-dir/MiniOzoneClusterImpl-ec73e7b8-24c6-4197-838c-bd0443d97e1c/datanode-7/data/ratis] (custom)
2019-11-16 00:26:29,735 [pool-580-thread-1] INFO  server.RaftServerConfigKeys (ConfUtils.java:logGet(43)) - raft.server.log.corruption.policy = EXCEPTION (default)
2019-11-16 00:26:29,735 [pool-580-thread-1] INFO  storage.RaftStorageDirectory (RaftStorageDirectory.java:analyzeStorage(246)) - The storage directory /workdir/hadoop-ozone/integration-test/target/test-dir/MiniOzoneClusterImpl-ec73e7b8-24c6-4197-838c-bd0443d97e1c/datanode-7/data/ratis/da5d1ed8-7685-4879-acd6-9de2fb05dad4 does not exist. Creating ...
2019-11-16 00:26:29,739 [pool-580-thread-1] INFO  storage.RaftStorageDirectory (RaftStorageDirectory.java:tryLock(328)) - Lock on /workdir/hadoop-ozone/integration-test/target/test-dir/MiniOzoneClusterImpl-ec73e7b8-24c6-4197-838c-bd0443d97e1c/datanode-7/data/ratis/da5d1ed8-7685-4879-acd6-9de2fb05dad4/in_use.lock acquired by nodename 23786@pr-hdds-2501-b5dhd-1197665634
2019-11-16 00:26:29,743 [pool-580-thread-1] INFO  storage.RaftStorage (RaftStorage.java:format(84)) - Storage directory /workdir/hadoop-ozone/integration-test/target/test-dir/MiniOzoneClusterImpl-ec73e7b8-24c6-4197-838c-bd0443d97e1c/datanode-7/data/ratis/da5d1ed8-7685-4879-acd6-9de2fb05dad4 has been successfully formatted.
2019-11-16 00:26:29,743 [pool-580-thread-1] INFO  ratis.ContainerStateMachine (ContainerStateMachine.java:loadSnapshot(223)) - group-9DE2FB05DAD4: The snapshot info is null. Setting the last applied indexto:(t:0, i:~)
2019-11-16 00:26:29,743 [pool-580-thread-1] INFO  server.RaftServerConfigKeys (ConfUtils.java:logGet(43)) - raft.server.notification.no-leader.timeout = 120s (custom)
2019-11-16 00:26:29,743 [pool-580-thread-1] INFO  server.RaftServerConfigKeys (ConfUtils.java:logGet(43)) - raft.server.log.use.memory = false (default)
2019-11-16 00:26:29,743 [pool-580-thread-1] INFO  server.RaftServerConfigKeys (ConfUtils.java:logGet(43)) - raft.server.log.purge.gap = 1000000 (custom)
2019-11-16 00:26:29,744 [pool-580-thread-1] INFO  server.RaftServerConfigKeys (ConfUtils.java:logGet(43)) - raft.server.log.appender.buffer.byte-limit = 33554432 (custom)
2019-11-16 00:26:29,744 [pool-580-thread-1] INFO  server.RaftServerConfigKeys (ConfUtils.java:logGet(43)) - raft.server.log.segment.size.max = 1048576 (custom)
2019-11-16 00:26:29,744 [pool-580-thread-1] WARN  impl.MetricRegistriesImpl (MetricRegistriesImpl.java:lambda$create$1(61)) - First MetricRegistry has been created without registering reporters. You may need to call MetricRegistries.global().addReportRegistration(...) before.
2019-11-16 00:26:29,744 [pool-580-thread-1] INFO  server.RaftServerConfigKeys (ConfUtils.java:logGet(43)) - raft.server.log.segment.cache.num.max = 2 (custom)
2019-11-16 00:26:29,744 [pool-580-thread-1] INFO  segmented.SegmentedRaftLogWorker (SegmentedRaftLogWorker.java:<init>(173)) - new e887c5fb-6c7f-48d0-908d-014a119bd478@group-9DE2FB05DAD4-SegmentedRaftLogWorker for RaftStorage:Storage Directory /workdir/hadoop-ozone/integration-test/target/test-dir/MiniOzoneClusterImpl-ec73e7b8-24c6-4197-838c-bd0443d97e1c/datanode-7/data/ratis/da5d1ed8-7685-4879-acd6-9de2fb05dad4
2019-11-16 00:26:29,744 [pool-580-thread-1] INFO  server.RaftServerConfigKeys (ConfUtils.java:logGet(43)) - raft.server.log.queue.byte-limit = 2147483647 (custom)
2019-11-16 00:26:29,744 [pool-580-thread-1] INFO  server.RaftServerConfigKeys (ConfUtils.java:logGet(43)) - raft.server.log.queue.element-limit = 1024 (custom)
2019-11-16 00:26:29,744 [pool-580-thread-1] INFO  server.RaftServerConfigKeys (ConfUtils.java:logGet(43)) - raft.server.log.segment.size.max = 1048576 (custom)
2019-11-16 00:26:29,744 [pool-580-thread-1] INFO  server.RaftServerConfigKeys (ConfUtils.java:logGet(43)) - raft.server.log.preallocated.size = 16384 (custom)
2019-11-16 00:26:29,745 [pool-580-thread-1] INFO  server.RaftServerConfigKeys (ConfUtils.java:logGet(43)) - raft.server.log.write.buffer.size = 33554432 (custom)
2019-11-16 00:26:29,745 [pool-580-thread-1] INFO  server.RaftServerConfigKeys (ConfUtils.java:logGet(43)) - raft.server.log.force.sync.num = 128 (default)
2019-11-16 00:26:29,745 [pool-580-thread-1] INFO  server.RaftServerConfigKeys (ConfUtils.java:logGet(43)) - raft.server.log.statemachine.data.sync = true (default)
2019-11-16 00:26:29,745 [pool-580-thread-1] INFO  server.RaftServerConfigKeys (ConfUtils.java:logGet(43)) - raft.server.log.statemachine.data.sync.timeout = 10s (default)
2019-11-16 00:26:29,745 [IPC Server handler 6 on 42806] INFO  net.NetworkTopology (NetworkTopologyImpl.java:add(111)) - Added a new node: /rack1/1d1fab7d-6382-4228-8566-b1891c590073
2019-11-16 00:26:29,745 [pool-580-thread-1] INFO  server.RaftServerConfigKeys (ConfUtils.java:logGet(43)) - raft.server.log.statemachine.data.sync.timeout.retry = -1 (default)
2019-11-16 00:26:29,745 [IPC Server handler 6 on 42806] INFO  node.SCMNodeManager (SCMNodeManager.java:register(267)) - Registered Data node : 1d1fab7d-6382-4228-8566-b1891c590073{ip: 192.168.69.79, host: pr-hdds-2501-b5dhd-1197665634, networkLocation: /rack1, certSerialId: null}
2019-11-16 00:26:29,745 [pool-580-thread-1] INFO  server.RaftServerConfigKeys (ConfUtils.java:logGet(43)) - raft.server.log.statemachine.data.caching.enabled = true (custom)
2019-11-16 00:26:29,746 [pool-580-thread-1] INFO  segmented.SegmentedRaftLogWorker (SegmentedRaftLogWorker.java:lambda$new$0(128)) - e887c5fb-6c7f-48d0-908d-014a119bd478@group-9DE2FB05DAD4-SegmentedRaftLogWorker: flushIndex: setUnconditionally 0 -> -1
2019-11-16 00:26:29,746 [pool-580-thread-1] INFO  server.RaftServerConfigKeys (ConfUtils.java:logGet(43)) - raft.server.snapshot.auto.trigger.enabled = true (custom)
2019-11-16 00:26:29,746 [pool-580-thread-1] INFO  server.RaftServerConfigKeys (ConfUtils.java:logGet(43)) - raft.server.snapshot.auto.trigger.threshold = 10000 (custom)
2019-11-16 00:26:29,746 [pool-580-thread-1] INFO  server.RaftServerConfigKeys (ConfUtils.java:logGet(43)) - raft.server.snapshot.retention.file.num = 5 (custom)
2019-11-16 00:26:29,746 [pool-580-thread-1] INFO  server.RaftServerConfigKeys (ConfUtils.java:logGet(43)) - raft.server.retrycache.expirytime = 600000ms (custom)
2019-11-16 00:26:29,746 [pool-580-thread-1] WARN  impl.MetricRegistriesImpl (MetricRegistriesImpl.java:lambda$create$1(61)) - First MetricRegistry has been created without registering reporters. You may need to call MetricRegistries.global().addReportRegistration(...) before.
2019-11-16 00:26:29,746 [pool-580-thread-1] WARN  impl.MetricRegistriesImpl (MetricRegistriesImpl.java:lambda$create$1(61)) - First MetricRegistry has been created without registering reporters. You may need to call MetricRegistries.global().addReportRegistration(...) before.
2019-11-16 00:26:29,747 [pool-580-thread-1] INFO  impl.RaftServerImpl (RaftServerImpl.java:start(184)) - e887c5fb-6c7f-48d0-908d-014a119bd478@group-9DE2FB05DAD4: start as a follower, conf=-1: [e887c5fb-6c7f-48d0-908d-014a119bd478:192.168.69.79:44398], old=null
2019-11-16 00:26:29,747 [pool-580-thread-1] INFO  impl.RaftServerImpl (RaftServerImpl.java:setRole(173)) - e887c5fb-6c7f-48d0-908d-014a119bd478@group-9DE2FB05DAD4: changes role from      null to FOLLOWER at term 0 for startAsFollower
2019-11-16 00:26:29,747 [pool-580-thread-1] INFO  impl.RoleInfo (RoleInfo.java:updateAndGet(143)) - e887c5fb-6c7f-48d0-908d-014a119bd478: start FollowerState
2019-11-16 00:26:29,747 [pool-580-thread-1] INFO  util.JmxRegister (JmxRegister.java:tryRegister(44)) - Successfully registered JMX Bean with object name Ratis:service=RaftServer,group=group-9DE2FB05DAD4,id=e887c5fb-6c7f-48d0-908d-014a119bd478
2019-11-16 00:26:29,747 [pool-580-thread-1] WARN  impl.MetricRegistriesImpl (MetricRegistriesImpl.java:lambda$create$1(61)) - First MetricRegistry has been created without registering reporters. You may need to call MetricRegistries.global().addReportRegistration(...) before.
2019-11-16 00:26:29,749 [RatisPipelineUtilsThread] INFO  pipeline.PipelineStateManager (PipelineStateManager.java:addPipeline(55)) - Created pipeline Pipeline[ Id: da5d1ed8-7685-4879-acd6-9de2fb05dad4, Nodes: e887c5fb-6c7f-48d0-908d-014a119bd478{ip: 192.168.69.79, host: pr-hdds-2501-b5dhd-1197665634, networkLocation: /rack1, certSerialId: null}, Type:RATIS, Factor:ONE, State:ALLOCATED]
2019-11-16 00:26:29,754 [grpc-default-executor-3] INFO  impl.RaftServerProxy (RaftServerProxy.java:addNew(89)) - 1d1fab7d-6382-4228-8566-b1891c590073: addNew group-00EE5274A815:[1d1fab7d-6382-4228-8566-b1891c590073:192.168.69.79:34425] returns group-00EE5274A815:java.util.concurrent.CompletableFuture@a56b112[Not completed]
2019-11-16 00:26:29,755 [pool-600-thread-1] INFO  impl.RaftServerImpl (RaftServerImpl.java:<init>(98)) - 1d1fab7d-6382-4228-8566-b1891c590073: new RaftServerImpl for group-00EE5274A815:[1d1fab7d-6382-4228-8566-b1891c590073:192.168.69.79:34425] with ContainerStateMachine:uninitialized
2019-11-16 00:26:29,755 [pool-600-thread-1] INFO  server.RaftServerConfigKeys (ConfUtils.java:logGet(43)) - raft.server.rpc.timeout.min = 1s (custom)
2019-11-16 00:26:29,756 [pool-600-thread-1] INFO  server.RaftServerConfigKeys (ConfUtils.java:logGet(43)) - raft.server.rpc.timeout.max = 1200ms (custom)
2019-11-16 00:26:29,756 [pool-600-thread-1] INFO  server.RaftServerConfigKeys (ConfUtils.java:logGet(43)) - raft.server.rpcslowness.timeout = 120s (custom)
2019-11-16 00:26:29,756 [pool-600-thread-1] INFO  server.RaftServerConfigKeys (ConfUtils.java:logGet(43)) - raft.server.sleep.deviation.threshold = 300 (default)
2019-11-16 00:26:29,756 [pool-600-thread-1] INFO  server.RaftServerConfigKeys (ConfUtils.java:logGet(43)) - raft.server.log.appender.install.snapshot.enabled = false (custom)
2019-11-16 00:26:29,756 [pool-600-thread-1] INFO  impl.RaftServerImpl (ServerState.java:<init>(103)) - 1d1fab7d-6382-4228-8566-b1891c590073@group-00EE5274A815: ConfigurationManager, init=-1: [1d1fab7d-6382-4228-8566-b1891c590073:192.168.69.79:34425], old=null, confs=<EMPTY_MAP>
2019-11-16 00:26:29,756 [pool-600-thread-1] INFO  server.RaftServerConfigKeys (ConfUtils.java:logGet(43)) - raft.server.storage.dir = [/workdir/hadoop-ozone/integration-test/target/test-dir/MiniOzoneClusterImpl-ec73e7b8-24c6-4197-838c-bd0443d97e1c/datanode-9/data/ratis] (custom)
2019-11-16 00:26:29,756 [pool-600-thread-1] INFO  server.RaftServerConfigKeys (ConfUtils.java:logGet(43)) - raft.server.log.corruption.policy = EXCEPTION (default)
2019-11-16 00:26:29,757 [pool-600-thread-1] INFO  storage.RaftStorageDirectory (RaftStorageDirectory.java:analyzeStorage(246)) - The storage directory /workdir/hadoop-ozone/integration-test/target/test-dir/MiniOzoneClusterImpl-ec73e7b8-24c6-4197-838c-bd0443d97e1c/datanode-9/data/ratis/814f3a28-ceca-46da-9bff-00ee5274a815 does not exist. Creating ...
2019-11-16 00:26:29,760 [pool-600-thread-1] INFO  storage.RaftStorageDirectory (RaftStorageDirectory.java:tryLock(328)) - Lock on /workdir/hadoop-ozone/integration-test/target/test-dir/MiniOzoneClusterImpl-ec73e7b8-24c6-4197-838c-bd0443d97e1c/datanode-9/data/ratis/814f3a28-ceca-46da-9bff-00ee5274a815/in_use.lock acquired by nodename 23786@pr-hdds-2501-b5dhd-1197665634
2019-11-16 00:26:29,785 [pool-600-thread-1] INFO  storage.RaftStorage (RaftStorage.java:format(84)) - Storage directory /workdir/hadoop-ozone/integration-test/target/test-dir/MiniOzoneClusterImpl-ec73e7b8-24c6-4197-838c-bd0443d97e1c/datanode-9/data/ratis/814f3a28-ceca-46da-9bff-00ee5274a815 has been successfully formatted.
2019-11-16 00:26:29,785 [pool-600-thread-1] INFO  ratis.ContainerStateMachine (ContainerStateMachine.java:loadSnapshot(223)) - group-00EE5274A815: The snapshot info is null. Setting the last applied indexto:(t:0, i:~)
2019-11-16 00:26:29,785 [pool-600-thread-1] INFO  server.RaftServerConfigKeys (ConfUtils.java:logGet(43)) - raft.server.notification.no-leader.timeout = 120s (custom)
2019-11-16 00:26:29,785 [pool-600-thread-1] INFO  server.RaftServerConfigKeys (ConfUtils.java:logGet(43)) - raft.server.log.use.memory = false (default)
2019-11-16 00:26:29,785 [pool-600-thread-1] INFO  server.RaftServerConfigKeys (ConfUtils.java:logGet(43)) - raft.server.log.purge.gap = 1000000 (custom)
2019-11-16 00:26:29,785 [pool-600-thread-1] INFO  server.RaftServerConfigKeys (ConfUtils.java:logGet(43)) - raft.server.log.appender.buffer.byte-limit = 33554432 (custom)
2019-11-16 00:26:29,785 [pool-600-thread-1] INFO  server.RaftServerConfigKeys (ConfUtils.java:logGet(43)) - raft.server.log.segment.size.max = 1048576 (custom)
2019-11-16 00:26:29,785 [pool-600-thread-1] WARN  impl.MetricRegistriesImpl (MetricRegistriesImpl.java:lambda$create$1(61)) - First MetricRegistry has been created without registering reporters. You may need to call MetricRegistries.global().addReportRegistration(...) before.
2019-11-16 00:26:29,786 [pool-600-thread-1] INFO  server.RaftServerConfigKeys (ConfUtils.java:logGet(43)) - raft.server.log.segment.cache.num.max = 2 (custom)
2019-11-16 00:26:29,786 [pool-600-thread-1] INFO  segmented.SegmentedRaftLogWorker (SegmentedRaftLogWorker.java:<init>(173)) - new 1d1fab7d-6382-4228-8566-b1891c590073@group-00EE5274A815-SegmentedRaftLogWorker for RaftStorage:Storage Directory /workdir/hadoop-ozone/integration-test/target/test-dir/MiniOzoneClusterImpl-ec73e7b8-24c6-4197-838c-bd0443d97e1c/datanode-9/data/ratis/814f3a28-ceca-46da-9bff-00ee5274a815
2019-11-16 00:26:29,786 [pool-600-thread-1] INFO  server.RaftServerConfigKeys (ConfUtils.java:logGet(43)) - raft.server.log.queue.byte-limit = 2147483647 (custom)
2019-11-16 00:26:29,786 [pool-600-thread-1] INFO  server.RaftServerConfigKeys (ConfUtils.java:logGet(43)) - raft.server.log.queue.element-limit = 1024 (custom)
2019-11-16 00:26:29,786 [pool-600-thread-1] INFO  server.RaftServerConfigKeys (ConfUtils.java:logGet(43)) - raft.server.log.segment.size.max = 1048576 (custom)
2019-11-16 00:26:29,786 [pool-600-thread-1] INFO  server.RaftServerConfigKeys (ConfUtils.java:logGet(43)) - raft.server.log.preallocated.size = 16384 (custom)
2019-11-16 00:26:29,786 [pool-600-thread-1] INFO  server.RaftServerConfigKeys (ConfUtils.java:logGet(43)) - raft.server.log.write.buffer.size = 33554432 (custom)
2019-11-16 00:26:29,786 [pool-600-thread-1] INFO  server.RaftServerConfigKeys (ConfUtils.java:logGet(43)) - raft.server.log.force.sync.num = 128 (default)
2019-11-16 00:26:29,786 [pool-600-thread-1] INFO  server.RaftServerConfigKeys (ConfUtils.java:logGet(43)) - raft.server.log.statemachine.data.sync = true (default)
2019-11-16 00:26:29,787 [pool-600-thread-1] INFO  server.RaftServerConfigKeys (ConfUtils.java:logGet(43)) - raft.server.log.statemachine.data.sync.timeout = 10s (default)
2019-11-16 00:26:29,787 [pool-600-thread-1] INFO  server.RaftServerConfigKeys (ConfUtils.java:logGet(43)) - raft.server.log.statemachine.data.sync.timeout.retry = -1 (default)
2019-11-16 00:26:29,787 [pool-600-thread-1] INFO  server.RaftServerConfigKeys (ConfUtils.java:logGet(43)) - raft.server.log.statemachine.data.caching.enabled = true (custom)
2019-11-16 00:26:29,787 [pool-600-thread-1] INFO  segmented.SegmentedRaftLogWorker (SegmentedRaftLogWorker.java:lambda$new$0(128)) - 1d1fab7d-6382-4228-8566-b1891c590073@group-00EE5274A815-SegmentedRaftLogWorker: flushIndex: setUnconditionally 0 -> -1
2019-11-16 00:26:29,787 [pool-600-thread-1] INFO  server.RaftServerConfigKeys (ConfUtils.java:logGet(43)) - raft.server.snapshot.auto.trigger.enabled = true (custom)
2019-11-16 00:26:29,787 [pool-600-thread-1] INFO  server.RaftServerConfigKeys (ConfUtils.java:logGet(43)) - raft.server.snapshot.auto.trigger.threshold = 10000 (custom)
2019-11-16 00:26:29,787 [pool-600-thread-1] INFO  server.RaftServerConfigKeys (ConfUtils.java:logGet(43)) - raft.server.snapshot.retention.file.num = 5 (custom)
2019-11-16 00:26:29,788 [pool-600-thread-1] INFO  server.RaftServerConfigKeys (ConfUtils.java:logGet(43)) - raft.server.retrycache.expirytime = 600000ms (custom)
2019-11-16 00:26:29,788 [pool-600-thread-1] WARN  impl.MetricRegistriesImpl (MetricRegistriesImpl.java:lambda$create$1(61)) - First MetricRegistry has been created without registering reporters. You may need to call MetricRegistries.global().addReportRegistration(...) before.
2019-11-16 00:26:29,788 [pool-600-thread-1] WARN  impl.MetricRegistriesImpl (MetricRegistriesImpl.java:lambda$create$1(61)) - First MetricRegistry has been created without registering reporters. You may need to call MetricRegistries.global().addReportRegistration(...) before.
2019-11-16 00:26:29,788 [pool-600-thread-1] INFO  impl.RaftServerImpl (RaftServerImpl.java:start(184)) - 1d1fab7d-6382-4228-8566-b1891c590073@group-00EE5274A815: start as a follower, conf=-1: [1d1fab7d-6382-4228-8566-b1891c590073:192.168.69.79:34425], old=null
2019-11-16 00:26:29,788 [pool-600-thread-1] INFO  impl.RaftServerImpl (RaftServerImpl.java:setRole(173)) - 1d1fab7d-6382-4228-8566-b1891c590073@group-00EE5274A815: changes role from      null to FOLLOWER at term 0 for startAsFollower
2019-11-16 00:26:29,788 [pool-600-thread-1] INFO  impl.RoleInfo (RoleInfo.java:updateAndGet(143)) - 1d1fab7d-6382-4228-8566-b1891c590073: start FollowerState
2019-11-16 00:26:29,789 [pool-600-thread-1] INFO  util.JmxRegister (JmxRegister.java:tryRegister(44)) - Successfully registered JMX Bean with object name Ratis:service=RaftServer,group=group-00EE5274A815,id=1d1fab7d-6382-4228-8566-b1891c590073
2019-11-16 00:26:29,789 [pool-600-thread-1] WARN  impl.MetricRegistriesImpl (MetricRegistriesImpl.java:lambda$create$1(61)) - First MetricRegistry has been created without registering reporters. You may need to call MetricRegistries.global().addReportRegistration(...) before.
2019-11-16 00:26:29,791 [RatisPipelineUtilsThread] INFO  pipeline.PipelineStateManager (PipelineStateManager.java:addPipeline(55)) - Created pipeline Pipeline[ Id: 814f3a28-ceca-46da-9bff-00ee5274a815, Nodes: 1d1fab7d-6382-4228-8566-b1891c590073{ip: 192.168.69.79, host: pr-hdds-2501-b5dhd-1197665634, networkLocation: /rack1, certSerialId: null}, Type:RATIS, Factor:ONE, State:ALLOCATED]
2019-11-16 00:26:29,796 [grpc-default-executor-3] INFO  impl.RaftServerProxy (RaftServerProxy.java:addNew(89)) - 61732ce4-b30f-4383-a457-809dbeacd402: addNew group-B4795C61B187:[61732ce4-b30f-4383-a457-809dbeacd402:192.168.69.79:33225] returns group-B4795C61B187:java.util.concurrent.CompletableFuture@2b1d5b52[Not completed]
2019-11-16 00:26:29,798 [pool-590-thread-1] INFO  impl.RaftServerImpl (RaftServerImpl.java:<init>(98)) - 61732ce4-b30f-4383-a457-809dbeacd402: new RaftServerImpl for group-B4795C61B187:[61732ce4-b30f-4383-a457-809dbeacd402:192.168.69.79:33225] with ContainerStateMachine:uninitialized
2019-11-16 00:26:29,798 [pool-590-thread-1] INFO  server.RaftServerConfigKeys (ConfUtils.java:logGet(43)) - raft.server.rpc.timeout.min = 1s (custom)
2019-11-16 00:26:29,798 [pool-590-thread-1] INFO  server.RaftServerConfigKeys (ConfUtils.java:logGet(43)) - raft.server.rpc.timeout.max = 1200ms (custom)
2019-11-16 00:26:29,798 [pool-590-thread-1] INFO  server.RaftServerConfigKeys (ConfUtils.java:logGet(43)) - raft.server.rpcslowness.timeout = 120s (custom)
2019-11-16 00:26:29,798 [pool-590-thread-1] INFO  server.RaftServerConfigKeys (ConfUtils.java:logGet(43)) - raft.server.sleep.deviation.threshold = 300 (default)
2019-11-16 00:26:29,798 [pool-590-thread-1] INFO  server.RaftServerConfigKeys (ConfUtils.java:logGet(43)) - raft.server.log.appender.install.snapshot.enabled = false (custom)
2019-11-16 00:26:29,799 [pool-590-thread-1] INFO  impl.RaftServerImpl (ServerState.java:<init>(103)) - 61732ce4-b30f-4383-a457-809dbeacd402@group-B4795C61B187: ConfigurationManager, init=-1: [61732ce4-b30f-4383-a457-809dbeacd402:192.168.69.79:33225], old=null, confs=<EMPTY_MAP>
2019-11-16 00:26:29,799 [pool-590-thread-1] INFO  server.RaftServerConfigKeys (ConfUtils.java:logGet(43)) - raft.server.storage.dir = [/workdir/hadoop-ozone/integration-test/target/test-dir/MiniOzoneClusterImpl-ec73e7b8-24c6-4197-838c-bd0443d97e1c/datanode-8/data/ratis] (custom)
2019-11-16 00:26:29,799 [pool-590-thread-1] INFO  server.RaftServerConfigKeys (ConfUtils.java:logGet(43)) - raft.server.log.corruption.policy = EXCEPTION (default)
2019-11-16 00:26:29,799 [pool-590-thread-1] INFO  storage.RaftStorageDirectory (RaftStorageDirectory.java:analyzeStorage(246)) - The storage directory /workdir/hadoop-ozone/integration-test/target/test-dir/MiniOzoneClusterImpl-ec73e7b8-24c6-4197-838c-bd0443d97e1c/datanode-8/data/ratis/4ef92b6a-a821-4d98-a310-b4795c61b187 does not exist. Creating ...
2019-11-16 00:26:29,814 [pool-590-thread-1] INFO  storage.RaftStorageDirectory (RaftStorageDirectory.java:tryLock(328)) - Lock on /workdir/hadoop-ozone/integration-test/target/test-dir/MiniOzoneClusterImpl-ec73e7b8-24c6-4197-838c-bd0443d97e1c/datanode-8/data/ratis/4ef92b6a-a821-4d98-a310-b4795c61b187/in_use.lock acquired by nodename 23786@pr-hdds-2501-b5dhd-1197665634
2019-11-16 00:26:29,825 [pool-590-thread-1] INFO  storage.RaftStorage (RaftStorage.java:format(84)) - Storage directory /workdir/hadoop-ozone/integration-test/target/test-dir/MiniOzoneClusterImpl-ec73e7b8-24c6-4197-838c-bd0443d97e1c/datanode-8/data/ratis/4ef92b6a-a821-4d98-a310-b4795c61b187 has been successfully formatted.
2019-11-16 00:26:29,825 [pool-590-thread-1] INFO  ratis.ContainerStateMachine (ContainerStateMachine.java:loadSnapshot(223)) - group-B4795C61B187: The snapshot info is null. Setting the last applied indexto:(t:0, i:~)
2019-11-16 00:26:29,826 [pool-590-thread-1] INFO  server.RaftServerConfigKeys (ConfUtils.java:logGet(43)) - raft.server.notification.no-leader.timeout = 120s (custom)
2019-11-16 00:26:29,826 [pool-590-thread-1] INFO  server.RaftServerConfigKeys (ConfUtils.java:logGet(43)) - raft.server.log.use.memory = false (default)
2019-11-16 00:26:29,826 [pool-590-thread-1] INFO  server.RaftServerConfigKeys (ConfUtils.java:logGet(43)) - raft.server.log.purge.gap = 1000000 (custom)
2019-11-16 00:26:29,826 [pool-590-thread-1] INFO  server.RaftServerConfigKeys (ConfUtils.java:logGet(43)) - raft.server.log.appender.buffer.byte-limit = 33554432 (custom)
2019-11-16 00:26:29,826 [pool-590-thread-1] INFO  server.RaftServerConfigKeys (ConfUtils.java:logGet(43)) - raft.server.log.segment.size.max = 1048576 (custom)
2019-11-16 00:26:29,826 [pool-590-thread-1] WARN  impl.MetricRegistriesImpl (MetricRegistriesImpl.java:lambda$create$1(61)) - First MetricRegistry has been created without registering reporters. You may need to call MetricRegistries.global().addReportRegistration(...) before.
2019-11-16 00:26:29,826 [pool-590-thread-1] INFO  server.RaftServerConfigKeys (ConfUtils.java:logGet(43)) - raft.server.log.segment.cache.num.max = 2 (custom)
2019-11-16 00:26:29,826 [pool-590-thread-1] INFO  segmented.SegmentedRaftLogWorker (SegmentedRaftLogWorker.java:<init>(173)) - new 61732ce4-b30f-4383-a457-809dbeacd402@group-B4795C61B187-SegmentedRaftLogWorker for RaftStorage:Storage Directory /workdir/hadoop-ozone/integration-test/target/test-dir/MiniOzoneClusterImpl-ec73e7b8-24c6-4197-838c-bd0443d97e1c/datanode-8/data/ratis/4ef92b6a-a821-4d98-a310-b4795c61b187
2019-11-16 00:26:29,827 [pool-590-thread-1] INFO  server.RaftServerConfigKeys (ConfUtils.java:logGet(43)) - raft.server.log.queue.byte-limit = 2147483647 (custom)
2019-11-16 00:26:29,827 [pool-590-thread-1] INFO  server.RaftServerConfigKeys (ConfUtils.java:logGet(43)) - raft.server.log.queue.element-limit = 1024 (custom)
2019-11-16 00:26:29,827 [pool-590-thread-1] INFO  server.RaftServerConfigKeys (ConfUtils.java:logGet(43)) - raft.server.log.segment.size.max = 1048576 (custom)
2019-11-16 00:26:29,827 [pool-590-thread-1] INFO  server.RaftServerConfigKeys (ConfUtils.java:logGet(43)) - raft.server.log.preallocated.size = 16384 (custom)
2019-11-16 00:26:29,827 [pool-590-thread-1] INFO  server.RaftServerConfigKeys (ConfUtils.java:logGet(43)) - raft.server.log.write.buffer.size = 33554432 (custom)
2019-11-16 00:26:29,827 [pool-590-thread-1] INFO  server.RaftServerConfigKeys (ConfUtils.java:logGet(43)) - raft.server.log.force.sync.num = 128 (default)
2019-11-16 00:26:29,827 [pool-590-thread-1] INFO  server.RaftServerConfigKeys (ConfUtils.java:logGet(43)) - raft.server.log.statemachine.data.sync = true (default)
2019-11-16 00:26:29,827 [pool-590-thread-1] INFO  server.RaftServerConfigKeys (ConfUtils.java:logGet(43)) - raft.server.log.statemachine.data.sync.timeout = 10s (default)
2019-11-16 00:26:29,828 [pool-590-thread-1] INFO  server.RaftServerConfigKeys (ConfUtils.java:logGet(43)) - raft.server.log.statemachine.data.sync.timeout.retry = -1 (default)
2019-11-16 00:26:29,828 [pool-590-thread-1] INFO  server.RaftServerConfigKeys (ConfUtils.java:logGet(43)) - raft.server.log.statemachine.data.caching.enabled = true (custom)
2019-11-16 00:26:29,828 [pool-590-thread-1] INFO  segmented.SegmentedRaftLogWorker (SegmentedRaftLogWorker.java:lambda$new$0(128)) - 61732ce4-b30f-4383-a457-809dbeacd402@group-B4795C61B187-SegmentedRaftLogWorker: flushIndex: setUnconditionally 0 -> -1
2019-11-16 00:26:29,828 [pool-590-thread-1] INFO  server.RaftServerConfigKeys (ConfUtils.java:logGet(43)) - raft.server.snapshot.auto.trigger.enabled = true (custom)
2019-11-16 00:26:29,828 [pool-590-thread-1] INFO  server.RaftServerConfigKeys (ConfUtils.java:logGet(43)) - raft.server.snapshot.auto.trigger.threshold = 10000 (custom)
2019-11-16 00:26:29,829 [pool-590-thread-1] INFO  server.RaftServerConfigKeys (ConfUtils.java:logGet(43)) - raft.server.snapshot.retention.file.num = 5 (custom)
2019-11-16 00:26:29,829 [pool-590-thread-1] INFO  server.RaftServerConfigKeys (ConfUtils.java:logGet(43)) - raft.server.retrycache.expirytime = 600000ms (custom)
2019-11-16 00:26:29,829 [pool-590-thread-1] WARN  impl.MetricRegistriesImpl (MetricRegistriesImpl.java:lambda$create$1(61)) - First MetricRegistry has been created without registering reporters. You may need to call MetricRegistries.global().addReportRegistration(...) before.
2019-11-16 00:26:29,829 [pool-590-thread-1] WARN  impl.MetricRegistriesImpl (MetricRegistriesImpl.java:lambda$create$1(61)) - First MetricRegistry has been created without registering reporters. You may need to call MetricRegistries.global().addReportRegistration(...) before.
2019-11-16 00:26:29,829 [pool-590-thread-1] INFO  impl.RaftServerImpl (RaftServerImpl.java:start(184)) - 61732ce4-b30f-4383-a457-809dbeacd402@group-B4795C61B187: start as a follower, conf=-1: [61732ce4-b30f-4383-a457-809dbeacd402:192.168.69.79:33225], old=null
2019-11-16 00:26:29,829 [pool-590-thread-1] INFO  impl.RaftServerImpl (RaftServerImpl.java:setRole(173)) - 61732ce4-b30f-4383-a457-809dbeacd402@group-B4795C61B187: changes role from      null to FOLLOWER at term 0 for startAsFollower
2019-11-16 00:26:29,829 [pool-590-thread-1] INFO  impl.RoleInfo (RoleInfo.java:updateAndGet(143)) - 61732ce4-b30f-4383-a457-809dbeacd402: start FollowerState
2019-11-16 00:26:29,830 [pool-590-thread-1] INFO  util.JmxRegister (JmxRegister.java:tryRegister(44)) - Successfully registered JMX Bean with object name Ratis:service=RaftServer,group=group-B4795C61B187,id=61732ce4-b30f-4383-a457-809dbeacd402
2019-11-16 00:26:29,830 [pool-590-thread-1] WARN  impl.MetricRegistriesImpl (MetricRegistriesImpl.java:lambda$create$1(61)) - First MetricRegistry has been created without registering reporters. You may need to call MetricRegistries.global().addReportRegistration(...) before.
2019-11-16 00:26:29,832 [RatisPipelineUtilsThread] INFO  pipeline.PipelineStateManager (PipelineStateManager.java:addPipeline(55)) - Created pipeline Pipeline[ Id: 4ef92b6a-a821-4d98-a310-b4795c61b187, Nodes: 61732ce4-b30f-4383-a457-809dbeacd402{ip: 192.168.69.79, host: pr-hdds-2501-b5dhd-1197665634, networkLocation: /rack1, certSerialId: null}, Type:RATIS, Factor:ONE, State:ALLOCATED]
2019-11-16 00:26:29,840 [grpc-default-executor-9] INFO  impl.RaftServerProxy (RaftServerProxy.java:addNew(89)) - 1d1fab7d-6382-4228-8566-b1891c590073: addNew group-FB1210D7284D:[82886741-ea2e-41d6-b944-d04bb5a8b025:192.168.69.79:37949, 1d1fab7d-6382-4228-8566-b1891c590073:192.168.69.79:34425, e887c5fb-6c7f-48d0-908d-014a119bd478:192.168.69.79:44398] returns group-FB1210D7284D:java.util.concurrent.CompletableFuture@24aaf296[Not completed]
2019-11-16 00:26:29,840 [grpc-default-executor-3] INFO  impl.RaftServerProxy (RaftServerProxy.java:addNew(89)) - e887c5fb-6c7f-48d0-908d-014a119bd478: addNew group-FB1210D7284D:[82886741-ea2e-41d6-b944-d04bb5a8b025:192.168.69.79:37949, 1d1fab7d-6382-4228-8566-b1891c590073:192.168.69.79:34425, e887c5fb-6c7f-48d0-908d-014a119bd478:192.168.69.79:44398] returns group-FB1210D7284D:java.util.concurrent.CompletableFuture@7c23dcd2[Not completed]
2019-11-16 00:26:29,840 [grpc-default-executor-2] INFO  impl.RaftServerProxy (RaftServerProxy.java:addNew(89)) - 82886741-ea2e-41d6-b944-d04bb5a8b025: addNew group-FB1210D7284D:[82886741-ea2e-41d6-b944-d04bb5a8b025:192.168.69.79:37949, 1d1fab7d-6382-4228-8566-b1891c590073:192.168.69.79:34425, e887c5fb-6c7f-48d0-908d-014a119bd478:192.168.69.79:44398] returns group-FB1210D7284D:java.util.concurrent.CompletableFuture@28154892[Not completed]
2019-11-16 00:26:29,841 [pool-600-thread-1] INFO  impl.RaftServerImpl (RaftServerImpl.java:<init>(98)) - 1d1fab7d-6382-4228-8566-b1891c590073: new RaftServerImpl for group-FB1210D7284D:[82886741-ea2e-41d6-b944-d04bb5a8b025:192.168.69.79:37949, 1d1fab7d-6382-4228-8566-b1891c590073:192.168.69.79:34425, e887c5fb-6c7f-48d0-908d-014a119bd478:192.168.69.79:44398] with ContainerStateMachine:uninitialized
2019-11-16 00:26:29,841 [pool-600-thread-1] INFO  server.RaftServerConfigKeys (ConfUtils.java:logGet(43)) - raft.server.rpc.timeout.min = 1s (custom)
2019-11-16 00:26:29,841 [pool-600-thread-1] INFO  server.RaftServerConfigKeys (ConfUtils.java:logGet(43)) - raft.server.rpc.timeout.max = 1200ms (custom)
2019-11-16 00:26:29,841 [pool-600-thread-1] INFO  server.RaftServerConfigKeys (ConfUtils.java:logGet(43)) - raft.server.rpcslowness.timeout = 120s (custom)
2019-11-16 00:26:29,841 [pool-600-thread-1] INFO  server.RaftServerConfigKeys (ConfUtils.java:logGet(43)) - raft.server.sleep.deviation.threshold = 300 (default)
2019-11-16 00:26:29,841 [pool-600-thread-1] INFO  server.RaftServerConfigKeys (ConfUtils.java:logGet(43)) - raft.server.log.appender.install.snapshot.enabled = false (custom)
2019-11-16 00:26:29,841 [pool-600-thread-1] INFO  impl.RaftServerImpl (ServerState.java:<init>(103)) - 1d1fab7d-6382-4228-8566-b1891c590073@group-FB1210D7284D: ConfigurationManager, init=-1: [82886741-ea2e-41d6-b944-d04bb5a8b025:192.168.69.79:37949, 1d1fab7d-6382-4228-8566-b1891c590073:192.168.69.79:34425, e887c5fb-6c7f-48d0-908d-014a119bd478:192.168.69.79:44398], old=null, confs=<EMPTY_MAP>
2019-11-16 00:26:29,841 [pool-600-thread-1] INFO  server.RaftServerConfigKeys (ConfUtils.java:logGet(43)) - raft.server.storage.dir = [/workdir/hadoop-ozone/integration-test/target/test-dir/MiniOzoneClusterImpl-ec73e7b8-24c6-4197-838c-bd0443d97e1c/datanode-9/data/ratis] (custom)
2019-11-16 00:26:29,842 [pool-580-thread-1] INFO  impl.RaftServerImpl (RaftServerImpl.java:<init>(98)) - e887c5fb-6c7f-48d0-908d-014a119bd478: new RaftServerImpl for group-FB1210D7284D:[82886741-ea2e-41d6-b944-d04bb5a8b025:192.168.69.79:37949, 1d1fab7d-6382-4228-8566-b1891c590073:192.168.69.79:34425, e887c5fb-6c7f-48d0-908d-014a119bd478:192.168.69.79:44398] with ContainerStateMachine:uninitialized
2019-11-16 00:26:29,842 [pool-600-thread-1] INFO  server.RaftServerConfigKeys (ConfUtils.java:logGet(43)) - raft.server.log.corruption.policy = EXCEPTION (default)
2019-11-16 00:26:29,842 [pool-580-thread-1] INFO  server.RaftServerConfigKeys (ConfUtils.java:logGet(43)) - raft.server.rpc.timeout.min = 1s (custom)
2019-11-16 00:26:29,842 [pool-600-thread-1] INFO  storage.RaftStorageDirectory (RaftStorageDirectory.java:analyzeStorage(246)) - The storage directory /workdir/hadoop-ozone/integration-test/target/test-dir/MiniOzoneClusterImpl-ec73e7b8-24c6-4197-838c-bd0443d97e1c/datanode-9/data/ratis/2f000000-7ffe-43e9-a2a0-fb1210d7284d does not exist. Creating ...
2019-11-16 00:26:29,842 [pool-580-thread-1] INFO  server.RaftServerConfigKeys (ConfUtils.java:logGet(43)) - raft.server.rpc.timeout.max = 1200ms (custom)
2019-11-16 00:26:29,842 [pool-570-thread-1] INFO  impl.RaftServerImpl (RaftServerImpl.java:<init>(98)) - 82886741-ea2e-41d6-b944-d04bb5a8b025: new RaftServerImpl for group-FB1210D7284D:[82886741-ea2e-41d6-b944-d04bb5a8b025:192.168.69.79:37949, 1d1fab7d-6382-4228-8566-b1891c590073:192.168.69.79:34425, e887c5fb-6c7f-48d0-908d-014a119bd478:192.168.69.79:44398] with ContainerStateMachine:uninitialized
2019-11-16 00:26:29,842 [pool-580-thread-1] INFO  server.RaftServerConfigKeys (ConfUtils.java:logGet(43)) - raft.server.rpcslowness.timeout = 120s (custom)
2019-11-16 00:26:29,842 [pool-570-thread-1] INFO  server.RaftServerConfigKeys (ConfUtils.java:logGet(43)) - raft.server.rpc.timeout.min = 1s (custom)
2019-11-16 00:26:29,842 [pool-580-thread-1] INFO  server.RaftServerConfigKeys (ConfUtils.java:logGet(43)) - raft.server.sleep.deviation.threshold = 300 (default)
2019-11-16 00:26:29,842 [pool-570-thread-1] INFO  server.RaftServerConfigKeys (ConfUtils.java:logGet(43)) - raft.server.rpc.timeout.max = 1200ms (custom)
2019-11-16 00:26:29,842 [pool-580-thread-1] INFO  server.RaftServerConfigKeys (ConfUtils.java:logGet(43)) - raft.server.log.appender.install.snapshot.enabled = false (custom)
2019-11-16 00:26:29,843 [pool-570-thread-1] INFO  server.RaftServerConfigKeys (ConfUtils.java:logGet(43)) - raft.server.rpcslowness.timeout = 120s (custom)
2019-11-16 00:26:29,843 [pool-580-thread-1] INFO  impl.RaftServerImpl (ServerState.java:<init>(103)) - e887c5fb-6c7f-48d0-908d-014a119bd478@group-FB1210D7284D: ConfigurationManager, init=-1: [82886741-ea2e-41d6-b944-d04bb5a8b025:192.168.69.79:37949, 1d1fab7d-6382-4228-8566-b1891c590073:192.168.69.79:34425, e887c5fb-6c7f-48d0-908d-014a119bd478:192.168.69.79:44398], old=null, confs=<EMPTY_MAP>
2019-11-16 00:26:29,843 [pool-570-thread-1] INFO  server.RaftServerConfigKeys (ConfUtils.java:logGet(43)) - raft.server.sleep.deviation.threshold = 300 (default)
2019-11-16 00:26:29,843 [pool-580-thread-1] INFO  server.RaftServerConfigKeys (ConfUtils.java:logGet(43)) - raft.server.storage.dir = [/workdir/hadoop-ozone/integration-test/target/test-dir/MiniOzoneClusterImpl-ec73e7b8-24c6-4197-838c-bd0443d97e1c/datanode-7/data/ratis] (custom)
2019-11-16 00:26:29,843 [pool-570-thread-1] INFO  server.RaftServerConfigKeys (ConfUtils.java:logGet(43)) - raft.server.log.appender.install.snapshot.enabled = false (custom)
2019-11-16 00:26:29,843 [pool-570-thread-1] INFO  impl.RaftServerImpl (ServerState.java:<init>(103)) - 82886741-ea2e-41d6-b944-d04bb5a8b025@group-FB1210D7284D: ConfigurationManager, init=-1: [82886741-ea2e-41d6-b944-d04bb5a8b025:192.168.69.79:37949, 1d1fab7d-6382-4228-8566-b1891c590073:192.168.69.79:34425, e887c5fb-6c7f-48d0-908d-014a119bd478:192.168.69.79:44398], old=null, confs=<EMPTY_MAP>
2019-11-16 00:26:29,843 [pool-580-thread-1] INFO  server.RaftServerConfigKeys (ConfUtils.java:logGet(43)) - raft.server.log.corruption.policy = EXCEPTION (default)
2019-11-16 00:26:29,843 [pool-570-thread-1] INFO  server.RaftServerConfigKeys (ConfUtils.java:logGet(43)) - raft.server.storage.dir = [/workdir/hadoop-ozone/integration-test/target/test-dir/MiniOzoneClusterImpl-ec73e7b8-24c6-4197-838c-bd0443d97e1c/datanode-6/data/ratis] (custom)
2019-11-16 00:26:29,843 [pool-580-thread-1] INFO  storage.RaftStorageDirectory (RaftStorageDirectory.java:analyzeStorage(246)) - The storage directory /workdir/hadoop-ozone/integration-test/target/test-dir/MiniOzoneClusterImpl-ec73e7b8-24c6-4197-838c-bd0443d97e1c/datanode-7/data/ratis/2f000000-7ffe-43e9-a2a0-fb1210d7284d does not exist. Creating ...
2019-11-16 00:26:29,843 [pool-570-thread-1] INFO  server.RaftServerConfigKeys (ConfUtils.java:logGet(43)) - raft.server.log.corruption.policy = EXCEPTION (default)
2019-11-16 00:26:29,844 [pool-570-thread-1] INFO  storage.RaftStorageDirectory (RaftStorageDirectory.java:analyzeStorage(246)) - The storage directory /workdir/hadoop-ozone/integration-test/target/test-dir/MiniOzoneClusterImpl-ec73e7b8-24c6-4197-838c-bd0443d97e1c/datanode-6/data/ratis/2f000000-7ffe-43e9-a2a0-fb1210d7284d does not exist. Creating ...
2019-11-16 00:26:29,855 [pool-600-thread-1] INFO  storage.RaftStorageDirectory (RaftStorageDirectory.java:tryLock(328)) - Lock on /workdir/hadoop-ozone/integration-test/target/test-dir/MiniOzoneClusterImpl-ec73e7b8-24c6-4197-838c-bd0443d97e1c/datanode-9/data/ratis/2f000000-7ffe-43e9-a2a0-fb1210d7284d/in_use.lock acquired by nodename 23786@pr-hdds-2501-b5dhd-1197665634
2019-11-16 00:26:29,855 [pool-580-thread-1] INFO  storage.RaftStorageDirectory (RaftStorageDirectory.java:tryLock(328)) - Lock on /workdir/hadoop-ozone/integration-test/target/test-dir/MiniOzoneClusterImpl-ec73e7b8-24c6-4197-838c-bd0443d97e1c/datanode-7/data/ratis/2f000000-7ffe-43e9-a2a0-fb1210d7284d/in_use.lock acquired by nodename 23786@pr-hdds-2501-b5dhd-1197665634
2019-11-16 00:26:29,855 [pool-570-thread-1] INFO  storage.RaftStorageDirectory (RaftStorageDirectory.java:tryLock(328)) - Lock on /workdir/hadoop-ozone/integration-test/target/test-dir/MiniOzoneClusterImpl-ec73e7b8-24c6-4197-838c-bd0443d97e1c/datanode-6/data/ratis/2f000000-7ffe-43e9-a2a0-fb1210d7284d/in_use.lock acquired by nodename 23786@pr-hdds-2501-b5dhd-1197665634
2019-11-16 00:26:29,870 [pool-600-thread-1] INFO  storage.RaftStorage (RaftStorage.java:format(84)) - Storage directory /workdir/hadoop-ozone/integration-test/target/test-dir/MiniOzoneClusterImpl-ec73e7b8-24c6-4197-838c-bd0443d97e1c/datanode-9/data/ratis/2f000000-7ffe-43e9-a2a0-fb1210d7284d has been successfully formatted.
2019-11-16 00:26:29,870 [pool-580-thread-1] INFO  storage.RaftStorage (RaftStorage.java:format(84)) - Storage directory /workdir/hadoop-ozone/integration-test/target/test-dir/MiniOzoneClusterImpl-ec73e7b8-24c6-4197-838c-bd0443d97e1c/datanode-7/data/ratis/2f000000-7ffe-43e9-a2a0-fb1210d7284d has been successfully formatted.
2019-11-16 00:26:29,870 [pool-570-thread-1] INFO  storage.RaftStorage (RaftStorage.java:format(84)) - Storage directory /workdir/hadoop-ozone/integration-test/target/test-dir/MiniOzoneClusterImpl-ec73e7b8-24c6-4197-838c-bd0443d97e1c/datanode-6/data/ratis/2f000000-7ffe-43e9-a2a0-fb1210d7284d has been successfully formatted.
2019-11-16 00:26:29,870 [pool-580-thread-1] INFO  ratis.ContainerStateMachine (ContainerStateMachine.java:loadSnapshot(223)) - group-FB1210D7284D: The snapshot info is null. Setting the last applied indexto:(t:0, i:~)
2019-11-16 00:26:29,870 [pool-600-thread-1] INFO  ratis.ContainerStateMachine (ContainerStateMachine.java:loadSnapshot(223)) - group-FB1210D7284D: The snapshot info is null. Setting the last applied indexto:(t:0, i:~)
2019-11-16 00:26:29,870 [pool-580-thread-1] INFO  server.RaftServerConfigKeys (ConfUtils.java:logGet(43)) - raft.server.notification.no-leader.timeout = 120s (custom)
2019-11-16 00:26:29,870 [pool-570-thread-1] INFO  ratis.ContainerStateMachine (ContainerStateMachine.java:loadSnapshot(223)) - group-FB1210D7284D: The snapshot info is null. Setting the last applied indexto:(t:0, i:~)
2019-11-16 00:26:29,870 [pool-580-thread-1] INFO  server.RaftServerConfigKeys (ConfUtils.java:logGet(43)) - raft.server.log.use.memory = false (default)
2019-11-16 00:26:29,870 [pool-600-thread-1] INFO  server.RaftServerConfigKeys (ConfUtils.java:logGet(43)) - raft.server.notification.no-leader.timeout = 120s (custom)
2019-11-16 00:26:29,870 [pool-580-thread-1] INFO  server.RaftServerConfigKeys (ConfUtils.java:logGet(43)) - raft.server.log.purge.gap = 1000000 (custom)
2019-11-16 00:26:29,870 [pool-570-thread-1] INFO  server.RaftServerConfigKeys (ConfUtils.java:logGet(43)) - raft.server.notification.no-leader.timeout = 120s (custom)
2019-11-16 00:26:29,871 [pool-580-thread-1] INFO  server.RaftServerConfigKeys (ConfUtils.java:logGet(43)) - raft.server.log.appender.buffer.byte-limit = 33554432 (custom)
2019-11-16 00:26:29,870 [pool-600-thread-1] INFO  server.RaftServerConfigKeys (ConfUtils.java:logGet(43)) - raft.server.log.use.memory = false (default)
2019-11-16 00:26:29,871 [pool-580-thread-1] INFO  server.RaftServerConfigKeys (ConfUtils.java:logGet(43)) - raft.server.log.segment.size.max = 1048576 (custom)
2019-11-16 00:26:29,871 [pool-570-thread-1] INFO  server.RaftServerConfigKeys (ConfUtils.java:logGet(43)) - raft.server.log.use.memory = false (default)
2019-11-16 00:26:29,871 [pool-580-thread-1] INFO  server.RaftServerConfigKeys (ConfUtils.java:logGet(43)) - raft.server.log.segment.cache.num.max = 2 (custom)
2019-11-16 00:26:29,871 [pool-600-thread-1] INFO  server.RaftServerConfigKeys (ConfUtils.java:logGet(43)) - raft.server.log.purge.gap = 1000000 (custom)
2019-11-16 00:26:29,871 [pool-580-thread-1] INFO  segmented.SegmentedRaftLogWorker (SegmentedRaftLogWorker.java:<init>(173)) - new e887c5fb-6c7f-48d0-908d-014a119bd478@group-FB1210D7284D-SegmentedRaftLogWorker for RaftStorage:Storage Directory /workdir/hadoop-ozone/integration-test/target/test-dir/MiniOzoneClusterImpl-ec73e7b8-24c6-4197-838c-bd0443d97e1c/datanode-7/data/ratis/2f000000-7ffe-43e9-a2a0-fb1210d7284d
2019-11-16 00:26:29,871 [pool-570-thread-1] INFO  server.RaftServerConfigKeys (ConfUtils.java:logGet(43)) - raft.server.log.purge.gap = 1000000 (custom)
2019-11-16 00:26:29,871 [pool-580-thread-1] INFO  server.RaftServerConfigKeys (ConfUtils.java:logGet(43)) - raft.server.log.queue.byte-limit = 2147483647 (custom)
2019-11-16 00:26:29,871 [pool-600-thread-1] INFO  server.RaftServerConfigKeys (ConfUtils.java:logGet(43)) - raft.server.log.appender.buffer.byte-limit = 33554432 (custom)
2019-11-16 00:26:29,871 [pool-580-thread-1] INFO  server.RaftServerConfigKeys (ConfUtils.java:logGet(43)) - raft.server.log.queue.element-limit = 1024 (custom)
2019-11-16 00:26:29,871 [pool-570-thread-1] INFO  server.RaftServerConfigKeys (ConfUtils.java:logGet(43)) - raft.server.log.appender.buffer.byte-limit = 33554432 (custom)
2019-11-16 00:26:29,872 [pool-580-thread-1] INFO  server.RaftServerConfigKeys (ConfUtils.java:logGet(43)) - raft.server.log.segment.size.max = 1048576 (custom)
2019-11-16 00:26:29,871 [pool-600-thread-1] INFO  server.RaftServerConfigKeys (ConfUtils.java:logGet(43)) - raft.server.log.segment.size.max = 1048576 (custom)
2019-11-16 00:26:29,872 [pool-580-thread-1] INFO  server.RaftServerConfigKeys (ConfUtils.java:logGet(43)) - raft.server.log.preallocated.size = 16384 (custom)
2019-11-16 00:26:29,872 [pool-570-thread-1] INFO  server.RaftServerConfigKeys (ConfUtils.java:logGet(43)) - raft.server.log.segment.size.max = 1048576 (custom)
2019-11-16 00:26:29,872 [pool-580-thread-1] INFO  server.RaftServerConfigKeys (ConfUtils.java:logGet(43)) - raft.server.log.write.buffer.size = 33554432 (custom)
2019-11-16 00:26:29,872 [pool-600-thread-1] INFO  server.RaftServerConfigKeys (ConfUtils.java:logGet(43)) - raft.server.log.segment.cache.num.max = 2 (custom)
2019-11-16 00:26:29,872 [pool-580-thread-1] INFO  server.RaftServerConfigKeys (ConfUtils.java:logGet(43)) - raft.server.log.force.sync.num = 128 (default)
2019-11-16 00:26:29,872 [pool-570-thread-1] INFO  server.RaftServerConfigKeys (ConfUtils.java:logGet(43)) - raft.server.log.segment.cache.num.max = 2 (custom)
2019-11-16 00:26:29,872 [pool-580-thread-1] INFO  server.RaftServerConfigKeys (ConfUtils.java:logGet(43)) - raft.server.log.statemachine.data.sync = true (default)
2019-11-16 00:26:29,872 [pool-600-thread-1] INFO  segmented.SegmentedRaftLogWorker (SegmentedRaftLogWorker.java:<init>(173)) - new 1d1fab7d-6382-4228-8566-b1891c590073@group-FB1210D7284D-SegmentedRaftLogWorker for RaftStorage:Storage Directory /workdir/hadoop-ozone/integration-test/target/test-dir/MiniOzoneClusterImpl-ec73e7b8-24c6-4197-838c-bd0443d97e1c/datanode-9/data/ratis/2f000000-7ffe-43e9-a2a0-fb1210d7284d
2019-11-16 00:26:29,872 [pool-580-thread-1] INFO  server.RaftServerConfigKeys (ConfUtils.java:logGet(43)) - raft.server.log.statemachine.data.sync.timeout = 10s (default)
2019-11-16 00:26:29,872 [pool-570-thread-1] INFO  segmented.SegmentedRaftLogWorker (SegmentedRaftLogWorker.java:<init>(173)) - new 82886741-ea2e-41d6-b944-d04bb5a8b025@group-FB1210D7284D-SegmentedRaftLogWorker for RaftStorage:Storage Directory /workdir/hadoop-ozone/integration-test/target/test-dir/MiniOzoneClusterImpl-ec73e7b8-24c6-4197-838c-bd0443d97e1c/datanode-6/data/ratis/2f000000-7ffe-43e9-a2a0-fb1210d7284d
2019-11-16 00:26:29,873 [pool-580-thread-1] INFO  server.RaftServerConfigKeys (ConfUtils.java:logGet(43)) - raft.server.log.statemachine.data.sync.timeout.retry = -1 (default)
2019-11-16 00:26:29,873 [pool-600-thread-1] INFO  server.RaftServerConfigKeys (ConfUtils.java:logGet(43)) - raft.server.log.queue.byte-limit = 2147483647 (custom)
2019-11-16 00:26:29,873 [pool-580-thread-1] INFO  server.RaftServerConfigKeys (ConfUtils.java:logGet(43)) - raft.server.log.statemachine.data.caching.enabled = true (custom)
2019-11-16 00:26:29,873 [pool-570-thread-1] INFO  server.RaftServerConfigKeys (ConfUtils.java:logGet(43)) - raft.server.log.queue.byte-limit = 2147483647 (custom)
2019-11-16 00:26:29,873 [pool-600-thread-1] INFO  server.RaftServerConfigKeys (ConfUtils.java:logGet(43)) - raft.server.log.queue.element-limit = 1024 (custom)
2019-11-16 00:26:29,873 [pool-580-thread-1] INFO  segmented.SegmentedRaftLogWorker (SegmentedRaftLogWorker.java:lambda$new$0(128)) - e887c5fb-6c7f-48d0-908d-014a119bd478@group-FB1210D7284D-SegmentedRaftLogWorker: flushIndex: setUnconditionally 0 -> -1
2019-11-16 00:26:29,873 [pool-570-thread-1] INFO  server.RaftServerConfigKeys (ConfUtils.java:logGet(43)) - raft.server.log.queue.element-limit = 1024 (custom)
2019-11-16 00:26:29,873 [pool-600-thread-1] INFO  server.RaftServerConfigKeys (ConfUtils.java:logGet(43)) - raft.server.log.segment.size.max = 1048576 (custom)
2019-11-16 00:26:29,873 [pool-570-thread-1] INFO  server.RaftServerConfigKeys (ConfUtils.java:logGet(43)) - raft.server.log.segment.size.max = 1048576 (custom)
2019-11-16 00:26:29,873 [pool-580-thread-1] INFO  server.RaftServerConfigKeys (ConfUtils.java:logGet(43)) - raft.server.snapshot.auto.trigger.enabled = true (custom)
2019-11-16 00:26:29,873 [pool-600-thread-1] INFO  server.RaftServerConfigKeys (ConfUtils.java:logGet(43)) - raft.server.log.preallocated.size = 16384 (custom)
2019-11-16 00:26:29,874 [pool-580-thread-1] INFO  server.RaftServerConfigKeys (ConfUtils.java:logGet(43)) - raft.server.snapshot.auto.trigger.threshold = 10000 (custom)
2019-11-16 00:26:29,873 [pool-570-thread-1] INFO  server.RaftServerConfigKeys (ConfUtils.java:logGet(43)) - raft.server.log.preallocated.size = 16384 (custom)
2019-11-16 00:26:29,874 [pool-580-thread-1] INFO  server.RaftServerConfigKeys (ConfUtils.java:logGet(43)) - raft.server.snapshot.retention.file.num = 5 (custom)
2019-11-16 00:26:29,874 [pool-600-thread-1] INFO  server.RaftServerConfigKeys (ConfUtils.java:logGet(43)) - raft.server.log.write.buffer.size = 33554432 (custom)
2019-11-16 00:26:29,874 [pool-580-thread-1] INFO  server.RaftServerConfigKeys (ConfUtils.java:logGet(43)) - raft.server.retrycache.expirytime = 600000ms (custom)
2019-11-16 00:26:29,874 [pool-570-thread-1] INFO  server.RaftServerConfigKeys (ConfUtils.java:logGet(43)) - raft.server.log.write.buffer.size = 33554432 (custom)
2019-11-16 00:26:29,874 [pool-580-thread-1] WARN  impl.MetricRegistriesImpl (MetricRegistriesImpl.java:lambda$create$1(61)) - First MetricRegistry has been created without registering reporters. You may need to call MetricRegistries.global().addReportRegistration(...) before.
2019-11-16 00:26:29,874 [pool-580-thread-1] WARN  impl.MetricRegistriesImpl (MetricRegistriesImpl.java:lambda$create$1(61)) - First MetricRegistry has been created without registering reporters. You may need to call MetricRegistries.global().addReportRegistration(...) before.
2019-11-16 00:26:29,874 [pool-600-thread-1] INFO  server.RaftServerConfigKeys (ConfUtils.java:logGet(43)) - raft.server.log.force.sync.num = 128 (default)
2019-11-16 00:26:29,875 [pool-580-thread-1] INFO  impl.RaftServerImpl (RaftServerImpl.java:start(184)) - e887c5fb-6c7f-48d0-908d-014a119bd478@group-FB1210D7284D: start as a follower, conf=-1: [82886741-ea2e-41d6-b944-d04bb5a8b025:192.168.69.79:37949, 1d1fab7d-6382-4228-8566-b1891c590073:192.168.69.79:34425, e887c5fb-6c7f-48d0-908d-014a119bd478:192.168.69.79:44398], old=null
2019-11-16 00:26:29,875 [pool-580-thread-1] INFO  impl.RaftServerImpl (RaftServerImpl.java:setRole(173)) - e887c5fb-6c7f-48d0-908d-014a119bd478@group-FB1210D7284D: changes role from      null to FOLLOWER at term 0 for startAsFollower
2019-11-16 00:26:29,874 [pool-570-thread-1] INFO  server.RaftServerConfigKeys (ConfUtils.java:logGet(43)) - raft.server.log.force.sync.num = 128 (default)
2019-11-16 00:26:29,875 [pool-580-thread-1] INFO  impl.RoleInfo (RoleInfo.java:updateAndGet(143)) - e887c5fb-6c7f-48d0-908d-014a119bd478: start FollowerState
2019-11-16 00:26:29,875 [pool-600-thread-1] INFO  server.RaftServerConfigKeys (ConfUtils.java:logGet(43)) - raft.server.log.statemachine.data.sync = true (default)
2019-11-16 00:26:29,875 [pool-570-thread-1] INFO  server.RaftServerConfigKeys (ConfUtils.java:logGet(43)) - raft.server.log.statemachine.data.sync = true (default)
2019-11-16 00:26:29,875 [pool-600-thread-1] INFO  server.RaftServerConfigKeys (ConfUtils.java:logGet(43)) - raft.server.log.statemachine.data.sync.timeout = 10s (default)
2019-11-16 00:26:29,875 [pool-570-thread-1] INFO  server.RaftServerConfigKeys (ConfUtils.java:logGet(43)) - raft.server.log.statemachine.data.sync.timeout = 10s (default)
2019-11-16 00:26:29,875 [pool-580-thread-1] INFO  util.JmxRegister (JmxRegister.java:tryRegister(44)) - Successfully registered JMX Bean with object name Ratis:service=RaftServer,group=group-FB1210D7284D,id=e887c5fb-6c7f-48d0-908d-014a119bd478
2019-11-16 00:26:29,875 [pool-600-thread-1] INFO  server.RaftServerConfigKeys (ConfUtils.java:logGet(43)) - raft.server.log.statemachine.data.sync.timeout.retry = -1 (default)
2019-11-16 00:26:29,875 [pool-580-thread-1] WARN  impl.MetricRegistriesImpl (MetricRegistriesImpl.java:lambda$create$1(61)) - First MetricRegistry has been created without registering reporters. You may need to call MetricRegistries.global().addReportRegistration(...) before.
2019-11-16 00:26:29,875 [pool-570-thread-1] INFO  server.RaftServerConfigKeys (ConfUtils.java:logGet(43)) - raft.server.log.statemachine.data.sync.timeout.retry = -1 (default)
2019-11-16 00:26:29,876 [pool-600-thread-1] INFO  server.RaftServerConfigKeys (ConfUtils.java:logGet(43)) - raft.server.log.statemachine.data.caching.enabled = true (custom)
2019-11-16 00:26:29,876 [pool-570-thread-1] INFO  server.RaftServerConfigKeys (ConfUtils.java:logGet(43)) - raft.server.log.statemachine.data.caching.enabled = true (custom)
2019-11-16 00:26:29,876 [pool-600-thread-1] INFO  segmented.SegmentedRaftLogWorker (SegmentedRaftLogWorker.java:lambda$new$0(128)) - 1d1fab7d-6382-4228-8566-b1891c590073@group-FB1210D7284D-SegmentedRaftLogWorker: flushIndex: setUnconditionally 0 -> -1
2019-11-16 00:26:29,876 [pool-570-thread-1] INFO  segmented.SegmentedRaftLogWorker (SegmentedRaftLogWorker.java:lambda$new$0(128)) - 82886741-ea2e-41d6-b944-d04bb5a8b025@group-FB1210D7284D-SegmentedRaftLogWorker: flushIndex: setUnconditionally 0 -> -1
2019-11-16 00:26:29,876 [pool-600-thread-1] INFO  server.RaftServerConfigKeys (ConfUtils.java:logGet(43)) - raft.server.snapshot.auto.trigger.enabled = true (custom)
2019-11-16 00:26:29,876 [pool-600-thread-1] INFO  server.RaftServerConfigKeys (ConfUtils.java:logGet(43)) - raft.server.snapshot.auto.trigger.threshold = 10000 (custom)
2019-11-16 00:26:29,876 [pool-600-thread-1] INFO  server.RaftServerConfigKeys (ConfUtils.java:logGet(43)) - raft.server.snapshot.retention.file.num = 5 (custom)
2019-11-16 00:26:29,876 [pool-570-thread-1] INFO  server.RaftServerConfigKeys (ConfUtils.java:logGet(43)) - raft.server.snapshot.auto.trigger.enabled = true (custom)
2019-11-16 00:26:29,876 [pool-600-thread-1] INFO  server.RaftServerConfigKeys (ConfUtils.java:logGet(43)) - raft.server.retrycache.expirytime = 600000ms (custom)
2019-11-16 00:26:29,876 [pool-570-thread-1] INFO  server.RaftServerConfigKeys (ConfUtils.java:logGet(43)) - raft.server.snapshot.auto.trigger.threshold = 10000 (custom)
2019-11-16 00:26:29,877 [pool-600-thread-1] WARN  impl.MetricRegistriesImpl (MetricRegistriesImpl.java:lambda$create$1(61)) - First MetricRegistry has been created without registering reporters. You may need to call MetricRegistries.global().addReportRegistration(...) before.
2019-11-16 00:26:29,877 [pool-570-thread-1] INFO  server.RaftServerConfigKeys (ConfUtils.java:logGet(43)) - raft.server.snapshot.retention.file.num = 5 (custom)
2019-11-16 00:26:29,877 [pool-600-thread-1] WARN  impl.MetricRegistriesImpl (MetricRegistriesImpl.java:lambda$create$1(61)) - First MetricRegistry has been created without registering reporters. You may need to call MetricRegistries.global().addReportRegistration(...) before.
2019-11-16 00:26:29,877 [pool-570-thread-1] INFO  server.RaftServerConfigKeys (ConfUtils.java:logGet(43)) - raft.server.retrycache.expirytime = 600000ms (custom)
2019-11-16 00:26:29,877 [pool-600-thread-1] INFO  impl.RaftServerImpl (RaftServerImpl.java:start(184)) - 1d1fab7d-6382-4228-8566-b1891c590073@group-FB1210D7284D: start as a follower, conf=-1: [82886741-ea2e-41d6-b944-d04bb5a8b025:192.168.69.79:37949, 1d1fab7d-6382-4228-8566-b1891c590073:192.168.69.79:34425, e887c5fb-6c7f-48d0-908d-014a119bd478:192.168.69.79:44398], old=null
2019-11-16 00:26:29,877 [pool-570-thread-1] WARN  impl.MetricRegistriesImpl (MetricRegistriesImpl.java:lambda$create$1(61)) - First MetricRegistry has been created without registering reporters. You may need to call MetricRegistries.global().addReportRegistration(...) before.
2019-11-16 00:26:29,877 [pool-600-thread-1] INFO  impl.RaftServerImpl (RaftServerImpl.java:setRole(173)) - 1d1fab7d-6382-4228-8566-b1891c590073@group-FB1210D7284D: changes role from      null to FOLLOWER at term 0 for startAsFollower
2019-11-16 00:26:29,877 [pool-570-thread-1] WARN  impl.MetricRegistriesImpl (MetricRegistriesImpl.java:lambda$create$1(61)) - First MetricRegistry has been created without registering reporters. You may need to call MetricRegistries.global().addReportRegistration(...) before.
2019-11-16 00:26:29,877 [pool-600-thread-1] INFO  impl.RoleInfo (RoleInfo.java:updateAndGet(143)) - 1d1fab7d-6382-4228-8566-b1891c590073: start FollowerState
2019-11-16 00:26:29,877 [pool-570-thread-1] INFO  impl.RaftServerImpl (RaftServerImpl.java:start(184)) - 82886741-ea2e-41d6-b944-d04bb5a8b025@group-FB1210D7284D: start as a follower, conf=-1: [82886741-ea2e-41d6-b944-d04bb5a8b025:192.168.69.79:37949, 1d1fab7d-6382-4228-8566-b1891c590073:192.168.69.79:34425, e887c5fb-6c7f-48d0-908d-014a119bd478:192.168.69.79:44398], old=null
2019-11-16 00:26:29,877 [pool-570-thread-1] INFO  impl.RaftServerImpl (RaftServerImpl.java:setRole(173)) - 82886741-ea2e-41d6-b944-d04bb5a8b025@group-FB1210D7284D: changes role from      null to FOLLOWER at term 0 for startAsFollower
2019-11-16 00:26:29,877 [pool-600-thread-1] INFO  util.JmxRegister (JmxRegister.java:tryRegister(44)) - Successfully registered JMX Bean with object name Ratis:service=RaftServer,group=group-FB1210D7284D,id=1d1fab7d-6382-4228-8566-b1891c590073
2019-11-16 00:26:29,877 [pool-570-thread-1] INFO  impl.RoleInfo (RoleInfo.java:updateAndGet(143)) - 82886741-ea2e-41d6-b944-d04bb5a8b025: start FollowerState
2019-11-16 00:26:29,878 [pool-600-thread-1] WARN  impl.MetricRegistriesImpl (MetricRegistriesImpl.java:lambda$create$1(61)) - First MetricRegistry has been created without registering reporters. You may need to call MetricRegistries.global().addReportRegistration(...) before.
2019-11-16 00:26:29,878 [pool-570-thread-1] INFO  util.JmxRegister (JmxRegister.java:tryRegister(44)) - Successfully registered JMX Bean with object name Ratis:service=RaftServer,group=group-FB1210D7284D,id=82886741-ea2e-41d6-b944-d04bb5a8b025
2019-11-16 00:26:29,878 [pool-570-thread-1] WARN  impl.MetricRegistriesImpl (MetricRegistriesImpl.java:lambda$create$1(61)) - First MetricRegistry has been created without registering reporters. You may need to call MetricRegistries.global().addReportRegistration(...) before.
2019-11-16 00:26:29,880 [RatisPipelineUtilsThread] INFO  pipeline.PipelineStateManager (PipelineStateManager.java:addPipeline(55)) - Created pipeline Pipeline[ Id: 2f000000-7ffe-43e9-a2a0-fb1210d7284d, Nodes: 82886741-ea2e-41d6-b944-d04bb5a8b025{ip: 192.168.69.79, host: pr-hdds-2501-b5dhd-1197665634, networkLocation: /rack1, certSerialId: null}e887c5fb-6c7f-48d0-908d-014a119bd478{ip: 192.168.69.79, host: pr-hdds-2501-b5dhd-1197665634, networkLocation: /rack1, certSerialId: null}1d1fab7d-6382-4228-8566-b1891c590073{ip: 192.168.69.79, host: pr-hdds-2501-b5dhd-1197665634, networkLocation: /rack1, certSerialId: null}, Type:RATIS, Factor:THREE, State:ALLOCATED]
2019-11-16 00:26:29,880 [main] INFO  ozone.MiniOzoneClusterImpl (MiniOzoneClusterImpl.java:lambda$waitForClusterToBeReady$2(163)) - Waiting for 13 number of pipelines out of 13, to report a leader.
2019-11-16 00:26:30,268 [Thread-4079] INFO  impl.FollowerState (FollowerState.java:run(111)) - 84c9c768-243c-47db-bab4-63e35b2a41a2@group-CC06AC41928D-FollowerState: change to CANDIDATE, lastRpcTime:1002ms, electionTimeout:1002ms
2019-11-16 00:26:30,268 [Thread-4079] INFO  impl.RoleInfo (RoleInfo.java:shutdownFollowerState(121)) - 84c9c768-243c-47db-bab4-63e35b2a41a2: shutdown FollowerState
2019-11-16 00:26:30,268 [Thread-4079] INFO  impl.RaftServerImpl (RaftServerImpl.java:setRole(173)) - 84c9c768-243c-47db-bab4-63e35b2a41a2@group-CC06AC41928D: changes role from  FOLLOWER to CANDIDATE at term 0 for changeToCandidate
2019-11-16 00:26:30,268 [Thread-4079] INFO  impl.RoleInfo (RoleInfo.java:updateAndGet(143)) - 84c9c768-243c-47db-bab4-63e35b2a41a2: start LeaderElection
2019-11-16 00:26:30,286 [84c9c768-243c-47db-bab4-63e35b2a41a2@group-CC06AC41928D-LeaderElection154] INFO  impl.LeaderElection (LeaderElection.java:askForVotes(178)) - 84c9c768-243c-47db-bab4-63e35b2a41a2@group-CC06AC41928D-LeaderElection154: begin an election at term 1 for -1: [84c9c768-243c-47db-bab4-63e35b2a41a2:192.168.69.79:38689], old=null
2019-11-16 00:26:30,286 [84c9c768-243c-47db-bab4-63e35b2a41a2@group-CC06AC41928D-LeaderElection154] INFO  impl.RoleInfo (RoleInfo.java:shutdownLeaderElection(134)) - 84c9c768-243c-47db-bab4-63e35b2a41a2: shutdown LeaderElection
2019-11-16 00:26:30,286 [84c9c768-243c-47db-bab4-63e35b2a41a2@group-CC06AC41928D-LeaderElection154] INFO  impl.RaftServerImpl (RaftServerImpl.java:setRole(173)) - 84c9c768-243c-47db-bab4-63e35b2a41a2@group-CC06AC41928D: changes role from CANDIDATE to LEADER at term 1 for changeToLeader
2019-11-16 00:26:30,286 [84c9c768-243c-47db-bab4-63e35b2a41a2@group-CC06AC41928D-LeaderElection154] INFO  ratis.XceiverServerRatis (XceiverServerRatis.java:handleLeaderChangedNotification(697)) - Leader change notification received for group: group-CC06AC41928D with new leaderId: 84c9c768-243c-47db-bab4-63e35b2a41a2
2019-11-16 00:26:30,287 [84c9c768-243c-47db-bab4-63e35b2a41a2@group-CC06AC41928D-LeaderElection154] INFO  impl.RaftServerImpl (ServerState.java:setLeader(255)) - 84c9c768-243c-47db-bab4-63e35b2a41a2@group-CC06AC41928D: change Leader from null to 84c9c768-243c-47db-bab4-63e35b2a41a2 at term 1 for becomeLeader, leader elected after 1024ms
2019-11-16 00:26:30,287 [84c9c768-243c-47db-bab4-63e35b2a41a2@group-CC06AC41928D-LeaderElection154] INFO  server.RaftServerConfigKeys (ConfUtils.java:logGet(43)) - raft.server.staging.catchup.gap = 1000 (default)
2019-11-16 00:26:30,287 [84c9c768-243c-47db-bab4-63e35b2a41a2@group-CC06AC41928D-LeaderElection154] INFO  server.RaftServerConfigKeys (ConfUtils.java:logGet(43)) - raft.server.rpc.sleep.time = 25ms (default)
2019-11-16 00:26:30,289 [84c9c768-243c-47db-bab4-63e35b2a41a2@group-CC06AC41928D-LeaderElection154] INFO  server.RaftServerConfigKeys (ConfUtils.java:logGet(43)) - raft.server.write.element-limit = 4096 (default)
2019-11-16 00:26:30,289 [84c9c768-243c-47db-bab4-63e35b2a41a2@group-CC06AC41928D-LeaderElection154] INFO  server.RaftServerConfigKeys (ConfUtils.java:logGet(43)) - raft.server.watch.timeout = 10s (default)
2019-11-16 00:26:30,289 [84c9c768-243c-47db-bab4-63e35b2a41a2@group-CC06AC41928D-LeaderElection154] INFO  server.RaftServerConfigKeys (ConfUtils.java:logGet(43)) - raft.server.watch.timeout.denomination = 1s (default)
2019-11-16 00:26:30,289 [84c9c768-243c-47db-bab4-63e35b2a41a2@group-CC06AC41928D-LeaderElection154] INFO  server.RaftServerConfigKeys (ConfUtils.java:logGet(43)) - raft.server.watch.element-limit = 65536 (default)
2019-11-16 00:26:30,289 [84c9c768-243c-47db-bab4-63e35b2a41a2@group-CC06AC41928D-LeaderElection154] INFO  impl.RoleInfo (RoleInfo.java:updateAndGet(143)) - 84c9c768-243c-47db-bab4-63e35b2a41a2: start LeaderState
2019-11-16 00:26:30,290 [EventQueue-PipelineReportForPipelineReportHandler] INFO  pipeline.PipelineStateManager (PipelineStateManager.java:openPipeline(134)) - Pipeline Pipeline[ Id: bc4108d1-b2dd-4222-b992-cc06ac41928d, Nodes: 84c9c768-243c-47db-bab4-63e35b2a41a2{ip: 192.168.69.79, host: pr-hdds-2501-b5dhd-1197665634, networkLocation: /rack1, certSerialId: null}, Type:RATIS, Factor:ONE, State:OPEN] moved to OPEN state
2019-11-16 00:26:30,290 [84c9c768-243c-47db-bab4-63e35b2a41a2@group-CC06AC41928D-LeaderElection154] INFO  segmented.SegmentedRaftLogWorker (SegmentedRaftLogWorker.java:startLogSegment(385)) - 84c9c768-243c-47db-bab4-63e35b2a41a2@group-CC06AC41928D-SegmentedRaftLogWorker: Starting segment from index:0
2019-11-16 00:26:30,291 [84c9c768-243c-47db-bab4-63e35b2a41a2@group-CC06AC41928D-LeaderElection154] INFO  impl.RaftServerImpl (ServerState.java:setRaftConf(356)) - 84c9c768-243c-47db-bab4-63e35b2a41a2@group-CC06AC41928D: set configuration 0: [84c9c768-243c-47db-bab4-63e35b2a41a2:192.168.69.79:38689], old=null at 0
2019-11-16 00:26:30,296 [Thread-4076] INFO  impl.FollowerState (FollowerState.java:run(111)) - 0a2d6f7b-f3b3-43fc-9f44-c893c3969faf@group-C467AD282B62-FollowerState: change to CANDIDATE, lastRpcTime:1088ms, electionTimeout:1088ms
2019-11-16 00:26:30,296 [Thread-4073] INFO  impl.FollowerState (FollowerState.java:run(111)) - 5140e110-8ff7-42a5-9b32-053ee4f24742@group-F60E441E5E14-FollowerState: change to CANDIDATE, lastRpcTime:1134ms, electionTimeout:1134ms
2019-11-16 00:26:30,296 [Thread-4076] INFO  impl.RoleInfo (RoleInfo.java:shutdownFollowerState(121)) - 0a2d6f7b-f3b3-43fc-9f44-c893c3969faf: shutdown FollowerState
2019-11-16 00:26:30,296 [Thread-4073] INFO  impl.RoleInfo (RoleInfo.java:shutdownFollowerState(121)) - 5140e110-8ff7-42a5-9b32-053ee4f24742: shutdown FollowerState
2019-11-16 00:26:30,296 [Thread-4076] INFO  impl.RaftServerImpl (RaftServerImpl.java:setRole(173)) - 0a2d6f7b-f3b3-43fc-9f44-c893c3969faf@group-C467AD282B62: changes role from  FOLLOWER to CANDIDATE at term 0 for changeToCandidate
2019-11-16 00:26:30,296 [Thread-4073] INFO  impl.RaftServerImpl (RaftServerImpl.java:setRole(173)) - 5140e110-8ff7-42a5-9b32-053ee4f24742@group-F60E441E5E14: changes role from  FOLLOWER to CANDIDATE at term 0 for changeToCandidate
2019-11-16 00:26:30,296 [Thread-4076] INFO  impl.RoleInfo (RoleInfo.java:updateAndGet(143)) - 0a2d6f7b-f3b3-43fc-9f44-c893c3969faf: start LeaderElection
2019-11-16 00:26:30,296 [Thread-4073] INFO  impl.RoleInfo (RoleInfo.java:updateAndGet(143)) - 5140e110-8ff7-42a5-9b32-053ee4f24742: start LeaderElection
2019-11-16 00:26:30,339 [Thread-4083] INFO  impl.FollowerState (FollowerState.java:run(111)) - 84c9c768-243c-47db-bab4-63e35b2a41a2@group-28F631BD8B01-FollowerState: change to CANDIDATE, lastRpcTime:1026ms, electionTimeout:1026ms
2019-11-16 00:26:30,339 [Thread-4083] INFO  impl.RoleInfo (RoleInfo.java:shutdownFollowerState(121)) - 84c9c768-243c-47db-bab4-63e35b2a41a2: shutdown FollowerState
2019-11-16 00:26:30,339 [Thread-4083] INFO  impl.RaftServerImpl (RaftServerImpl.java:setRole(173)) - 84c9c768-243c-47db-bab4-63e35b2a41a2@group-28F631BD8B01: changes role from  FOLLOWER to CANDIDATE at term 0 for changeToCandidate
2019-11-16 00:26:30,340 [Thread-4083] INFO  impl.RoleInfo (RoleInfo.java:updateAndGet(143)) - 84c9c768-243c-47db-bab4-63e35b2a41a2: start LeaderElection
2019-11-16 00:26:30,342 [84c9c768-243c-47db-bab4-63e35b2a41a2@group-CC06AC41928D-SegmentedRaftLogWorker] INFO  segmented.SegmentedRaftLogWorker (SegmentedRaftLogWorker.java:execute(576)) - 84c9c768-243c-47db-bab4-63e35b2a41a2@group-CC06AC41928D-SegmentedRaftLogWorker: created new log segment /workdir/hadoop-ozone/integration-test/target/test-dir/MiniOzoneClusterImpl-ec73e7b8-24c6-4197-838c-bd0443d97e1c/datanode-2/data/ratis/bc4108d1-b2dd-4222-b992-cc06ac41928d/current/log_inprogress_0
2019-11-16 00:26:30,342 [5140e110-8ff7-42a5-9b32-053ee4f24742@group-F60E441E5E14-LeaderElection156] INFO  impl.LeaderElection (LeaderElection.java:askForVotes(178)) - 5140e110-8ff7-42a5-9b32-053ee4f24742@group-F60E441E5E14-LeaderElection156: begin an election at term 1 for -1: [5140e110-8ff7-42a5-9b32-053ee4f24742:192.168.69.79:33415], old=null
2019-11-16 00:26:30,342 [0a2d6f7b-f3b3-43fc-9f44-c893c3969faf@group-C467AD282B62-LeaderElection155] INFO  impl.LeaderElection (LeaderElection.java:askForVotes(178)) - 0a2d6f7b-f3b3-43fc-9f44-c893c3969faf@group-C467AD282B62-LeaderElection155: begin an election at term 1 for -1: [0a2d6f7b-f3b3-43fc-9f44-c893c3969faf:192.168.69.79:34899], old=null
2019-11-16 00:26:30,342 [5140e110-8ff7-42a5-9b32-053ee4f24742@group-F60E441E5E14-LeaderElection156] INFO  impl.RoleInfo (RoleInfo.java:shutdownLeaderElection(134)) - 5140e110-8ff7-42a5-9b32-053ee4f24742: shutdown LeaderElection
2019-11-16 00:26:30,342 [0a2d6f7b-f3b3-43fc-9f44-c893c3969faf@group-C467AD282B62-LeaderElection155] INFO  impl.RoleInfo (RoleInfo.java:shutdownLeaderElection(134)) - 0a2d6f7b-f3b3-43fc-9f44-c893c3969faf: shutdown LeaderElection
2019-11-16 00:26:30,342 [5140e110-8ff7-42a5-9b32-053ee4f24742@group-F60E441E5E14-LeaderElection156] INFO  impl.RaftServerImpl (RaftServerImpl.java:setRole(173)) - 5140e110-8ff7-42a5-9b32-053ee4f24742@group-F60E441E5E14: changes role from CANDIDATE to LEADER at term 1 for changeToLeader
2019-11-16 00:26:30,343 [0a2d6f7b-f3b3-43fc-9f44-c893c3969faf@group-C467AD282B62-LeaderElection155] INFO  impl.RaftServerImpl (RaftServerImpl.java:setRole(173)) - 0a2d6f7b-f3b3-43fc-9f44-c893c3969faf@group-C467AD282B62: changes role from CANDIDATE to LEADER at term 1 for changeToLeader
2019-11-16 00:26:30,343 [5140e110-8ff7-42a5-9b32-053ee4f24742@group-F60E441E5E14-LeaderElection156] INFO  ratis.XceiverServerRatis (XceiverServerRatis.java:handleLeaderChangedNotification(697)) - Leader change notification received for group: group-F60E441E5E14 with new leaderId: 5140e110-8ff7-42a5-9b32-053ee4f24742
2019-11-16 00:26:30,343 [0a2d6f7b-f3b3-43fc-9f44-c893c3969faf@group-C467AD282B62-LeaderElection155] INFO  ratis.XceiverServerRatis (XceiverServerRatis.java:handleLeaderChangedNotification(697)) - Leader change notification received for group: group-C467AD282B62 with new leaderId: 0a2d6f7b-f3b3-43fc-9f44-c893c3969faf
2019-11-16 00:26:30,343 [5140e110-8ff7-42a5-9b32-053ee4f24742@group-F60E441E5E14-LeaderElection156] INFO  impl.RaftServerImpl (ServerState.java:setLeader(255)) - 5140e110-8ff7-42a5-9b32-053ee4f24742@group-F60E441E5E14: change Leader from null to 5140e110-8ff7-42a5-9b32-053ee4f24742 at term 1 for becomeLeader, leader elected after 1185ms
2019-11-16 00:26:30,343 [0a2d6f7b-f3b3-43fc-9f44-c893c3969faf@group-C467AD282B62-LeaderElection155] INFO  impl.RaftServerImpl (ServerState.java:setLeader(255)) - 0a2d6f7b-f3b3-43fc-9f44-c893c3969faf@group-C467AD282B62: change Leader from null to 0a2d6f7b-f3b3-43fc-9f44-c893c3969faf at term 1 for becomeLeader, leader elected after 1139ms
2019-11-16 00:26:30,343 [5140e110-8ff7-42a5-9b32-053ee4f24742@group-F60E441E5E14-LeaderElection156] INFO  server.RaftServerConfigKeys (ConfUtils.java:logGet(43)) - raft.server.staging.catchup.gap = 1000 (default)
2019-11-16 00:26:30,343 [0a2d6f7b-f3b3-43fc-9f44-c893c3969faf@group-C467AD282B62-LeaderElection155] INFO  server.RaftServerConfigKeys (ConfUtils.java:logGet(43)) - raft.server.staging.catchup.gap = 1000 (default)
2019-11-16 00:26:30,346 [5140e110-8ff7-42a5-9b32-053ee4f24742@group-F60E441E5E14-LeaderElection156] INFO  server.RaftServerConfigKeys (ConfUtils.java:logGet(43)) - raft.server.rpc.sleep.time = 25ms (default)
2019-11-16 00:26:30,346 [0a2d6f7b-f3b3-43fc-9f44-c893c3969faf@group-C467AD282B62-LeaderElection155] INFO  server.RaftServerConfigKeys (ConfUtils.java:logGet(43)) - raft.server.rpc.sleep.time = 25ms (default)
2019-11-16 00:26:30,346 [0a2d6f7b-f3b3-43fc-9f44-c893c3969faf@group-C467AD282B62-LeaderElection155] INFO  server.RaftServerConfigKeys (ConfUtils.java:logGet(43)) - raft.server.write.element-limit = 4096 (default)
2019-11-16 00:26:30,346 [5140e110-8ff7-42a5-9b32-053ee4f24742@group-F60E441E5E14-LeaderElection156] INFO  server.RaftServerConfigKeys (ConfUtils.java:logGet(43)) - raft.server.write.element-limit = 4096 (default)
2019-11-16 00:26:30,346 [0a2d6f7b-f3b3-43fc-9f44-c893c3969faf@group-C467AD282B62-LeaderElection155] INFO  server.RaftServerConfigKeys (ConfUtils.java:logGet(43)) - raft.server.watch.timeout = 10s (default)
2019-11-16 00:26:30,346 [5140e110-8ff7-42a5-9b32-053ee4f24742@group-F60E441E5E14-LeaderElection156] INFO  server.RaftServerConfigKeys (ConfUtils.java:logGet(43)) - raft.server.watch.timeout = 10s (default)
2019-11-16 00:26:30,346 [EventQueue-PipelineReportForPipelineReportHandler] INFO  pipeline.PipelineStateManager (PipelineStateManager.java:openPipeline(134)) - Pipeline Pipeline[ Id: e866e62e-0b01-4992-9bd2-f60e441e5e14, Nodes: 5140e110-8ff7-42a5-9b32-053ee4f24742{ip: 192.168.69.79, host: pr-hdds-2501-b5dhd-1197665634, networkLocation: /rack1, certSerialId: null}, Type:RATIS, Factor:ONE, State:OPEN] moved to OPEN state
2019-11-16 00:26:30,346 [5140e110-8ff7-42a5-9b32-053ee4f24742@group-F60E441E5E14-LeaderElection156] INFO  server.RaftServerConfigKeys (ConfUtils.java:logGet(43)) - raft.server.watch.timeout.denomination = 1s (default)
2019-11-16 00:26:30,346 [0a2d6f7b-f3b3-43fc-9f44-c893c3969faf@group-C467AD282B62-LeaderElection155] INFO  server.RaftServerConfigKeys (ConfUtils.java:logGet(43)) - raft.server.watch.timeout.denomination = 1s (default)
2019-11-16 00:26:30,347 [5140e110-8ff7-42a5-9b32-053ee4f24742@group-F60E441E5E14-LeaderElection156] INFO  server.RaftServerConfigKeys (ConfUtils.java:logGet(43)) - raft.server.watch.element-limit = 65536 (default)
2019-11-16 00:26:30,347 [EventQueue-PipelineReportForPipelineReportHandler] INFO  pipeline.PipelineStateManager (PipelineStateManager.java:openPipeline(134)) - Pipeline Pipeline[ Id: 114bf210-1808-4ec6-9883-c467ad282b62, Nodes: 0a2d6f7b-f3b3-43fc-9f44-c893c3969faf{ip: 192.168.69.79, host: pr-hdds-2501-b5dhd-1197665634, networkLocation: /rack1, certSerialId: null}, Type:RATIS, Factor:ONE, State:OPEN] moved to OPEN state
2019-11-16 00:26:30,347 [5140e110-8ff7-42a5-9b32-053ee4f24742@group-F60E441E5E14-LeaderElection156] INFO  impl.RoleInfo (RoleInfo.java:updateAndGet(143)) - 5140e110-8ff7-42a5-9b32-053ee4f24742: start LeaderState
2019-11-16 00:26:30,347 [0a2d6f7b-f3b3-43fc-9f44-c893c3969faf@group-C467AD282B62-LeaderElection155] INFO  server.RaftServerConfigKeys (ConfUtils.java:logGet(43)) - raft.server.watch.element-limit = 65536 (default)
2019-11-16 00:26:30,347 [0a2d6f7b-f3b3-43fc-9f44-c893c3969faf@group-C467AD282B62-LeaderElection155] INFO  impl.RoleInfo (RoleInfo.java:updateAndGet(143)) - 0a2d6f7b-f3b3-43fc-9f44-c893c3969faf: start LeaderState
2019-11-16 00:26:30,347 [5140e110-8ff7-42a5-9b32-053ee4f24742@group-F60E441E5E14-LeaderElection156] INFO  segmented.SegmentedRaftLogWorker (SegmentedRaftLogWorker.java:startLogSegment(385)) - 5140e110-8ff7-42a5-9b32-053ee4f24742@group-F60E441E5E14-SegmentedRaftLogWorker: Starting segment from index:0
2019-11-16 00:26:30,347 [0a2d6f7b-f3b3-43fc-9f44-c893c3969faf@group-C467AD282B62-LeaderElection155] INFO  segmented.SegmentedRaftLogWorker (SegmentedRaftLogWorker.java:startLogSegment(385)) - 0a2d6f7b-f3b3-43fc-9f44-c893c3969faf@group-C467AD282B62-SegmentedRaftLogWorker: Starting segment from index:0
2019-11-16 00:26:30,348 [5140e110-8ff7-42a5-9b32-053ee4f24742@group-F60E441E5E14-LeaderElection156] INFO  impl.RaftServerImpl (ServerState.java:setRaftConf(356)) - 5140e110-8ff7-42a5-9b32-053ee4f24742@group-F60E441E5E14: set configuration 0: [5140e110-8ff7-42a5-9b32-053ee4f24742:192.168.69.79:33415], old=null at 0
2019-11-16 00:26:30,348 [0a2d6f7b-f3b3-43fc-9f44-c893c3969faf@group-C467AD282B62-LeaderElection155] INFO  impl.RaftServerImpl (ServerState.java:setRaftConf(356)) - 0a2d6f7b-f3b3-43fc-9f44-c893c3969faf@group-C467AD282B62: set configuration 0: [0a2d6f7b-f3b3-43fc-9f44-c893c3969faf:192.168.69.79:34899], old=null at 0
2019-11-16 00:26:30,351 [Thread-4088] INFO  impl.FollowerState (FollowerState.java:run(111)) - 5140e110-8ff7-42a5-9b32-053ee4f24742@group-28F631BD8B01-FollowerState: change to CANDIDATE, lastRpcTime:1037ms, electionTimeout:1037ms
2019-11-16 00:26:30,352 [Thread-4088] INFO  impl.RoleInfo (RoleInfo.java:shutdownFollowerState(121)) - 5140e110-8ff7-42a5-9b32-053ee4f24742: shutdown FollowerState
2019-11-16 00:26:30,352 [Thread-4088] INFO  impl.RaftServerImpl (RaftServerImpl.java:setRole(173)) - 5140e110-8ff7-42a5-9b32-053ee4f24742@group-28F631BD8B01: changes role from  FOLLOWER to CANDIDATE at term 0 for changeToCandidate
2019-11-16 00:26:30,352 [Thread-4088] INFO  impl.RoleInfo (RoleInfo.java:updateAndGet(143)) - 5140e110-8ff7-42a5-9b32-053ee4f24742: start LeaderElection
2019-11-16 00:26:30,387 [Thread-4084] INFO  impl.FollowerState (FollowerState.java:run(111)) - 0a2d6f7b-f3b3-43fc-9f44-c893c3969faf@group-28F631BD8B01-FollowerState: change to CANDIDATE, lastRpcTime:1074ms, electionTimeout:1072ms
2019-11-16 00:26:30,387 [Thread-4084] INFO  impl.RoleInfo (RoleInfo.java:shutdownFollowerState(121)) - 0a2d6f7b-f3b3-43fc-9f44-c893c3969faf: shutdown FollowerState
2019-11-16 00:26:30,387 [84c9c768-243c-47db-bab4-63e35b2a41a2@group-28F631BD8B01-LeaderElection157] INFO  impl.LeaderElection (LeaderElection.java:askForVotes(178)) - 84c9c768-243c-47db-bab4-63e35b2a41a2@group-28F631BD8B01-LeaderElection157: begin an election at term 1 for -1: [5140e110-8ff7-42a5-9b32-053ee4f24742:192.168.69.79:33415, 0a2d6f7b-f3b3-43fc-9f44-c893c3969faf:192.168.69.79:34899, 84c9c768-243c-47db-bab4-63e35b2a41a2:192.168.69.79:38689], old=null
2019-11-16 00:26:30,387 [Thread-4084] INFO  impl.RaftServerImpl (RaftServerImpl.java:setRole(173)) - 0a2d6f7b-f3b3-43fc-9f44-c893c3969faf@group-28F631BD8B01: changes role from  FOLLOWER to CANDIDATE at term 0 for changeToCandidate
2019-11-16 00:26:30,387 [Thread-4084] INFO  impl.RoleInfo (RoleInfo.java:updateAndGet(143)) - 0a2d6f7b-f3b3-43fc-9f44-c893c3969faf: start LeaderElection
2019-11-16 00:26:30,400 [5140e110-8ff7-42a5-9b32-053ee4f24742@group-F60E441E5E14-SegmentedRaftLogWorker] INFO  segmented.SegmentedRaftLogWorker (SegmentedRaftLogWorker.java:execute(576)) - 5140e110-8ff7-42a5-9b32-053ee4f24742@group-F60E441E5E14-SegmentedRaftLogWorker: created new log segment /workdir/hadoop-ozone/integration-test/target/test-dir/MiniOzoneClusterImpl-ec73e7b8-24c6-4197-838c-bd0443d97e1c/datanode-0/data/ratis/e866e62e-0b01-4992-9bd2-f60e441e5e14/current/log_inprogress_0
2019-11-16 00:26:30,400 [0a2d6f7b-f3b3-43fc-9f44-c893c3969faf@group-C467AD282B62-SegmentedRaftLogWorker] INFO  segmented.SegmentedRaftLogWorker (SegmentedRaftLogWorker.java:execute(576)) - 0a2d6f7b-f3b3-43fc-9f44-c893c3969faf@group-C467AD282B62-SegmentedRaftLogWorker: created new log segment /workdir/hadoop-ozone/integration-test/target/test-dir/MiniOzoneClusterImpl-ec73e7b8-24c6-4197-838c-bd0443d97e1c/datanode-1/data/ratis/114bf210-1808-4ec6-9883-c467ad282b62/current/log_inprogress_0
2019-11-16 00:26:30,400 [5140e110-8ff7-42a5-9b32-053ee4f24742@group-28F631BD8B01-LeaderElection158] INFO  impl.LeaderElection (LeaderElection.java:askForVotes(178)) - 5140e110-8ff7-42a5-9b32-053ee4f24742@group-28F631BD8B01-LeaderElection158: begin an election at term 1 for -1: [5140e110-8ff7-42a5-9b32-053ee4f24742:192.168.69.79:33415, 0a2d6f7b-f3b3-43fc-9f44-c893c3969faf:192.168.69.79:34899, 84c9c768-243c-47db-bab4-63e35b2a41a2:192.168.69.79:38689], old=null
2019-11-16 00:26:30,400 [0a2d6f7b-f3b3-43fc-9f44-c893c3969faf@group-28F631BD8B01-LeaderElection159] INFO  impl.LeaderElection (LeaderElection.java:askForVotes(178)) - 0a2d6f7b-f3b3-43fc-9f44-c893c3969faf@group-28F631BD8B01-LeaderElection159: begin an election at term 1 for -1: [5140e110-8ff7-42a5-9b32-053ee4f24742:192.168.69.79:33415, 0a2d6f7b-f3b3-43fc-9f44-c893c3969faf:192.168.69.79:34899, 84c9c768-243c-47db-bab4-63e35b2a41a2:192.168.69.79:38689], old=null
2019-11-16 00:26:30,401 [84c9c768-243c-47db-bab4-63e35b2a41a2@group-28F631BD8B01-LeaderElection157] INFO  impl.LeaderElection (LeaderElection.java:logAndReturn(56)) - 84c9c768-243c-47db-bab4-63e35b2a41a2@group-28F631BD8B01-LeaderElection157: Election REJECTED; received 2 response(s) [84c9c768-243c-47db-bab4-63e35b2a41a2<-5140e110-8ff7-42a5-9b32-053ee4f24742#0:FAIL-t1, 84c9c768-243c-47db-bab4-63e35b2a41a2<-0a2d6f7b-f3b3-43fc-9f44-c893c3969faf#0:FAIL-t1] and 0 exception(s); 84c9c768-243c-47db-bab4-63e35b2a41a2@group-28F631BD8B01:t1, leader=null, voted=84c9c768-243c-47db-bab4-63e35b2a41a2, raftlog=84c9c768-243c-47db-bab4-63e35b2a41a2@group-28F631BD8B01-SegmentedRaftLog:OPENED:c-1,f-1,i0, conf=-1: [5140e110-8ff7-42a5-9b32-053ee4f24742:192.168.69.79:33415, 0a2d6f7b-f3b3-43fc-9f44-c893c3969faf:192.168.69.79:34899, 84c9c768-243c-47db-bab4-63e35b2a41a2:192.168.69.79:38689], old=null
2019-11-16 00:26:30,401 [84c9c768-243c-47db-bab4-63e35b2a41a2@group-28F631BD8B01-LeaderElection157] INFO  impl.RaftServerImpl (RaftServerImpl.java:setRole(173)) - 84c9c768-243c-47db-bab4-63e35b2a41a2@group-28F631BD8B01: changes role from CANDIDATE to FOLLOWER at term 1 for DISCOVERED_A_NEW_TERM
2019-11-16 00:26:30,401 [84c9c768-243c-47db-bab4-63e35b2a41a2@group-28F631BD8B01-LeaderElection157] INFO  impl.RoleInfo (RoleInfo.java:shutdownLeaderElection(134)) - 84c9c768-243c-47db-bab4-63e35b2a41a2: shutdown LeaderElection
2019-11-16 00:26:30,402 [84c9c768-243c-47db-bab4-63e35b2a41a2@group-28F631BD8B01-LeaderElection157] INFO  impl.RoleInfo (RoleInfo.java:updateAndGet(143)) - 84c9c768-243c-47db-bab4-63e35b2a41a2: start FollowerState
2019-11-16 00:26:30,404 [0a2d6f7b-f3b3-43fc-9f44-c893c3969faf@group-28F631BD8B01-LeaderElection159] INFO  impl.LeaderElection (LeaderElection.java:logAndReturn(56)) - 0a2d6f7b-f3b3-43fc-9f44-c893c3969faf@group-28F631BD8B01-LeaderElection159: Election REJECTED; received 2 response(s) [0a2d6f7b-f3b3-43fc-9f44-c893c3969faf<-5140e110-8ff7-42a5-9b32-053ee4f24742#0:FAIL-t1, 0a2d6f7b-f3b3-43fc-9f44-c893c3969faf<-84c9c768-243c-47db-bab4-63e35b2a41a2#0:FAIL-t1] and 0 exception(s); 0a2d6f7b-f3b3-43fc-9f44-c893c3969faf@group-28F631BD8B01:t1, leader=null, voted=0a2d6f7b-f3b3-43fc-9f44-c893c3969faf, raftlog=0a2d6f7b-f3b3-43fc-9f44-c893c3969faf@group-28F631BD8B01-SegmentedRaftLog:OPENED:c-1,f-1,i0, conf=-1: [5140e110-8ff7-42a5-9b32-053ee4f24742:192.168.69.79:33415, 0a2d6f7b-f3b3-43fc-9f44-c893c3969faf:192.168.69.79:34899, 84c9c768-243c-47db-bab4-63e35b2a41a2:192.168.69.79:38689], old=null
2019-11-16 00:26:30,404 [0a2d6f7b-f3b3-43fc-9f44-c893c3969faf@group-28F631BD8B01-LeaderElection159] INFO  impl.RaftServerImpl (RaftServerImpl.java:setRole(173)) - 0a2d6f7b-f3b3-43fc-9f44-c893c3969faf@group-28F631BD8B01: changes role from CANDIDATE to FOLLOWER at term 1 for DISCOVERED_A_NEW_TERM
2019-11-16 00:26:30,405 [0a2d6f7b-f3b3-43fc-9f44-c893c3969faf@group-28F631BD8B01-LeaderElection159] INFO  impl.RoleInfo (RoleInfo.java:shutdownLeaderElection(134)) - 0a2d6f7b-f3b3-43fc-9f44-c893c3969faf: shutdown LeaderElection
2019-11-16 00:26:30,405 [0a2d6f7b-f3b3-43fc-9f44-c893c3969faf@group-28F631BD8B01-LeaderElection159] INFO  impl.RoleInfo (RoleInfo.java:updateAndGet(143)) - 0a2d6f7b-f3b3-43fc-9f44-c893c3969faf: start FollowerState
2019-11-16 00:26:30,405 [5140e110-8ff7-42a5-9b32-053ee4f24742@group-28F631BD8B01-LeaderElection158] INFO  impl.LeaderElection (LeaderElection.java:logAndReturn(56)) - 5140e110-8ff7-42a5-9b32-053ee4f24742@group-28F631BD8B01-LeaderElection158: Election REJECTED; received 2 response(s) [5140e110-8ff7-42a5-9b32-053ee4f24742<-0a2d6f7b-f3b3-43fc-9f44-c893c3969faf#0:FAIL-t1, 5140e110-8ff7-42a5-9b32-053ee4f24742<-84c9c768-243c-47db-bab4-63e35b2a41a2#0:FAIL-t1] and 0 exception(s); 5140e110-8ff7-42a5-9b32-053ee4f24742@group-28F631BD8B01:t1, leader=null, voted=5140e110-8ff7-42a5-9b32-053ee4f24742, raftlog=5140e110-8ff7-42a5-9b32-053ee4f24742@group-28F631BD8B01-SegmentedRaftLog:OPENED:c-1,f-1,i0, conf=-1: [5140e110-8ff7-42a5-9b32-053ee4f24742:192.168.69.79:33415, 0a2d6f7b-f3b3-43fc-9f44-c893c3969faf:192.168.69.79:34899, 84c9c768-243c-47db-bab4-63e35b2a41a2:192.168.69.79:38689], old=null
2019-11-16 00:26:30,405 [5140e110-8ff7-42a5-9b32-053ee4f24742@group-28F631BD8B01-LeaderElection158] INFO  impl.RaftServerImpl (RaftServerImpl.java:setRole(173)) - 5140e110-8ff7-42a5-9b32-053ee4f24742@group-28F631BD8B01: changes role from CANDIDATE to FOLLOWER at term 1 for DISCOVERED_A_NEW_TERM
2019-11-16 00:26:30,405 [5140e110-8ff7-42a5-9b32-053ee4f24742@group-28F631BD8B01-LeaderElection158] INFO  impl.RoleInfo (RoleInfo.java:shutdownLeaderElection(134)) - 5140e110-8ff7-42a5-9b32-053ee4f24742: shutdown LeaderElection
2019-11-16 00:26:30,405 [5140e110-8ff7-42a5-9b32-053ee4f24742@group-28F631BD8B01-LeaderElection158] INFO  impl.RoleInfo (RoleInfo.java:updateAndGet(143)) - 5140e110-8ff7-42a5-9b32-053ee4f24742: start FollowerState
2019-11-16 00:26:30,439 [Thread-4091] INFO  impl.FollowerState (FollowerState.java:run(111)) - a05a7939-ef6c-4534-b55b-b612829faca5@group-BD4A4212B13F-FollowerState: change to CANDIDATE, lastRpcTime:1018ms, electionTimeout:1018ms
2019-11-16 00:26:30,439 [Thread-4091] INFO  impl.RoleInfo (RoleInfo.java:shutdownFollowerState(121)) - a05a7939-ef6c-4534-b55b-b612829faca5: shutdown FollowerState
2019-11-16 00:26:30,440 [Thread-4091] INFO  impl.RaftServerImpl (RaftServerImpl.java:setRole(173)) - a05a7939-ef6c-4534-b55b-b612829faca5@group-BD4A4212B13F: changes role from  FOLLOWER to CANDIDATE at term 0 for changeToCandidate
2019-11-16 00:26:30,440 [Thread-4091] INFO  impl.RoleInfo (RoleInfo.java:updateAndGet(143)) - a05a7939-ef6c-4534-b55b-b612829faca5: start LeaderElection
2019-11-16 00:26:30,481 [a05a7939-ef6c-4534-b55b-b612829faca5@group-BD4A4212B13F-LeaderElection160] INFO  impl.LeaderElection (LeaderElection.java:askForVotes(178)) - a05a7939-ef6c-4534-b55b-b612829faca5@group-BD4A4212B13F-LeaderElection160: begin an election at term 1 for -1: [a05a7939-ef6c-4534-b55b-b612829faca5:192.168.69.79:35267], old=null
2019-11-16 00:26:30,482 [a05a7939-ef6c-4534-b55b-b612829faca5@group-BD4A4212B13F-LeaderElection160] INFO  impl.RoleInfo (RoleInfo.java:shutdownLeaderElection(134)) - a05a7939-ef6c-4534-b55b-b612829faca5: shutdown LeaderElection
2019-11-16 00:26:30,482 [a05a7939-ef6c-4534-b55b-b612829faca5@group-BD4A4212B13F-LeaderElection160] INFO  impl.RaftServerImpl (RaftServerImpl.java:setRole(173)) - a05a7939-ef6c-4534-b55b-b612829faca5@group-BD4A4212B13F: changes role from CANDIDATE to LEADER at term 1 for changeToLeader
2019-11-16 00:26:30,482 [a05a7939-ef6c-4534-b55b-b612829faca5@group-BD4A4212B13F-LeaderElection160] INFO  ratis.XceiverServerRatis (XceiverServerRatis.java:handleLeaderChangedNotification(697)) - Leader change notification received for group: group-BD4A4212B13F with new leaderId: a05a7939-ef6c-4534-b55b-b612829faca5
2019-11-16 00:26:30,482 [a05a7939-ef6c-4534-b55b-b612829faca5@group-BD4A4212B13F-LeaderElection160] INFO  impl.RaftServerImpl (ServerState.java:setLeader(255)) - a05a7939-ef6c-4534-b55b-b612829faca5@group-BD4A4212B13F: change Leader from null to a05a7939-ef6c-4534-b55b-b612829faca5 at term 1 for becomeLeader, leader elected after 1063ms
2019-11-16 00:26:30,482 [a05a7939-ef6c-4534-b55b-b612829faca5@group-BD4A4212B13F-LeaderElection160] INFO  server.RaftServerConfigKeys (ConfUtils.java:logGet(43)) - raft.server.staging.catchup.gap = 1000 (default)
2019-11-16 00:26:30,485 [a05a7939-ef6c-4534-b55b-b612829faca5@group-BD4A4212B13F-LeaderElection160] INFO  server.RaftServerConfigKeys (ConfUtils.java:logGet(43)) - raft.server.rpc.sleep.time = 25ms (default)
2019-11-16 00:26:30,485 [a05a7939-ef6c-4534-b55b-b612829faca5@group-BD4A4212B13F-LeaderElection160] INFO  server.RaftServerConfigKeys (ConfUtils.java:logGet(43)) - raft.server.write.element-limit = 4096 (default)
2019-11-16 00:26:30,485 [a05a7939-ef6c-4534-b55b-b612829faca5@group-BD4A4212B13F-LeaderElection160] INFO  server.RaftServerConfigKeys (ConfUtils.java:logGet(43)) - raft.server.watch.timeout = 10s (default)
2019-11-16 00:26:30,485 [a05a7939-ef6c-4534-b55b-b612829faca5@group-BD4A4212B13F-LeaderElection160] INFO  server.RaftServerConfigKeys (ConfUtils.java:logGet(43)) - raft.server.watch.timeout.denomination = 1s (default)
2019-11-16 00:26:30,485 [a05a7939-ef6c-4534-b55b-b612829faca5@group-BD4A4212B13F-LeaderElection160] INFO  server.RaftServerConfigKeys (ConfUtils.java:logGet(43)) - raft.server.watch.element-limit = 65536 (default)
2019-11-16 00:26:30,486 [a05a7939-ef6c-4534-b55b-b612829faca5@group-BD4A4212B13F-LeaderElection160] INFO  impl.RoleInfo (RoleInfo.java:updateAndGet(143)) - a05a7939-ef6c-4534-b55b-b612829faca5: start LeaderState
2019-11-16 00:26:30,486 [EventQueue-PipelineReportForPipelineReportHandler] INFO  pipeline.PipelineStateManager (PipelineStateManager.java:openPipeline(134)) - Pipeline Pipeline[ Id: 3b1ec54f-5aa8-4ccf-b02d-bd4a4212b13f, Nodes: a05a7939-ef6c-4534-b55b-b612829faca5{ip: 192.168.69.79, host: pr-hdds-2501-b5dhd-1197665634, networkLocation: /rack1, certSerialId: null}, Type:RATIS, Factor:ONE, State:OPEN] moved to OPEN state
2019-11-16 00:26:30,486 [a05a7939-ef6c-4534-b55b-b612829faca5@group-BD4A4212B13F-LeaderElection160] INFO  segmented.SegmentedRaftLogWorker (SegmentedRaftLogWorker.java:startLogSegment(385)) - a05a7939-ef6c-4534-b55b-b612829faca5@group-BD4A4212B13F-SegmentedRaftLogWorker: Starting segment from index:0
2019-11-16 00:26:30,486 [a05a7939-ef6c-4534-b55b-b612829faca5@group-BD4A4212B13F-LeaderElection160] INFO  impl.RaftServerImpl (ServerState.java:setRaftConf(356)) - a05a7939-ef6c-4534-b55b-b612829faca5@group-BD4A4212B13F: set configuration 0: [a05a7939-ef6c-4534-b55b-b612829faca5:192.168.69.79:35267], old=null at 0
2019-11-16 00:26:30,531 [a05a7939-ef6c-4534-b55b-b612829faca5@group-BD4A4212B13F-SegmentedRaftLogWorker] INFO  segmented.SegmentedRaftLogWorker (SegmentedRaftLogWorker.java:execute(576)) - a05a7939-ef6c-4534-b55b-b612829faca5@group-BD4A4212B13F-SegmentedRaftLogWorker: created new log segment /workdir/hadoop-ozone/integration-test/target/test-dir/MiniOzoneClusterImpl-ec73e7b8-24c6-4197-838c-bd0443d97e1c/datanode-4/data/ratis/3b1ec54f-5aa8-4ccf-b02d-bd4a4212b13f/current/log_inprogress_0
2019-11-16 00:26:30,614 [Thread-4097] INFO  impl.FollowerState (FollowerState.java:run(111)) - 816b1da2-1c4e-42ee-9437-e192113ed53f@group-322D19E28D9D-FollowerState: change to CANDIDATE, lastRpcTime:1108ms, electionTimeout:1108ms
2019-11-16 00:26:30,614 [Thread-4097] INFO  impl.RoleInfo (RoleInfo.java:shutdownFollowerState(121)) - 816b1da2-1c4e-42ee-9437-e192113ed53f: shutdown FollowerState
2019-11-16 00:26:30,615 [Thread-4097] INFO  impl.RaftServerImpl (RaftServerImpl.java:setRole(173)) - 816b1da2-1c4e-42ee-9437-e192113ed53f@group-322D19E28D9D: changes role from  FOLLOWER to CANDIDATE at term 0 for changeToCandidate
2019-11-16 00:26:30,615 [Thread-4097] INFO  impl.RoleInfo (RoleInfo.java:updateAndGet(143)) - 816b1da2-1c4e-42ee-9437-e192113ed53f: start LeaderElection
2019-11-16 00:26:30,632 [816b1da2-1c4e-42ee-9437-e192113ed53f@group-322D19E28D9D-LeaderElection161] INFO  impl.LeaderElection (LeaderElection.java:askForVotes(178)) - 816b1da2-1c4e-42ee-9437-e192113ed53f@group-322D19E28D9D-LeaderElection161: begin an election at term 1 for -1: [816b1da2-1c4e-42ee-9437-e192113ed53f:192.168.69.79:36665], old=null
2019-11-16 00:26:30,632 [816b1da2-1c4e-42ee-9437-e192113ed53f@group-322D19E28D9D-LeaderElection161] INFO  impl.RoleInfo (RoleInfo.java:shutdownLeaderElection(134)) - 816b1da2-1c4e-42ee-9437-e192113ed53f: shutdown LeaderElection
2019-11-16 00:26:30,632 [816b1da2-1c4e-42ee-9437-e192113ed53f@group-322D19E28D9D-LeaderElection161] INFO  impl.RaftServerImpl (RaftServerImpl.java:setRole(173)) - 816b1da2-1c4e-42ee-9437-e192113ed53f@group-322D19E28D9D: changes role from CANDIDATE to LEADER at term 1 for changeToLeader
2019-11-16 00:26:30,632 [816b1da2-1c4e-42ee-9437-e192113ed53f@group-322D19E28D9D-LeaderElection161] INFO  ratis.XceiverServerRatis (XceiverServerRatis.java:handleLeaderChangedNotification(697)) - Leader change notification received for group: group-322D19E28D9D with new leaderId: 816b1da2-1c4e-42ee-9437-e192113ed53f
2019-11-16 00:26:30,632 [816b1da2-1c4e-42ee-9437-e192113ed53f@group-322D19E28D9D-LeaderElection161] INFO  impl.RaftServerImpl (ServerState.java:setLeader(255)) - 816b1da2-1c4e-42ee-9437-e192113ed53f@group-322D19E28D9D: change Leader from null to 816b1da2-1c4e-42ee-9437-e192113ed53f at term 1 for becomeLeader, leader elected after 1128ms
2019-11-16 00:26:30,633 [816b1da2-1c4e-42ee-9437-e192113ed53f@group-322D19E28D9D-LeaderElection161] INFO  server.RaftServerConfigKeys (ConfUtils.java:logGet(43)) - raft.server.staging.catchup.gap = 1000 (default)
2019-11-16 00:26:30,633 [816b1da2-1c4e-42ee-9437-e192113ed53f@group-322D19E28D9D-LeaderElection161] INFO  server.RaftServerConfigKeys (ConfUtils.java:logGet(43)) - raft.server.rpc.sleep.time = 25ms (default)
2019-11-16 00:26:30,635 [816b1da2-1c4e-42ee-9437-e192113ed53f@group-322D19E28D9D-LeaderElection161] INFO  server.RaftServerConfigKeys (ConfUtils.java:logGet(43)) - raft.server.write.element-limit = 4096 (default)
2019-11-16 00:26:30,635 [816b1da2-1c4e-42ee-9437-e192113ed53f@group-322D19E28D9D-LeaderElection161] INFO  server.RaftServerConfigKeys (ConfUtils.java:logGet(43)) - raft.server.watch.timeout = 10s (default)
2019-11-16 00:26:30,635 [816b1da2-1c4e-42ee-9437-e192113ed53f@group-322D19E28D9D-LeaderElection161] INFO  server.RaftServerConfigKeys (ConfUtils.java:logGet(43)) - raft.server.watch.timeout.denomination = 1s (default)
2019-11-16 00:26:30,636 [816b1da2-1c4e-42ee-9437-e192113ed53f@group-322D19E28D9D-LeaderElection161] INFO  server.RaftServerConfigKeys (ConfUtils.java:logGet(43)) - raft.server.watch.element-limit = 65536 (default)
2019-11-16 00:26:30,636 [EventQueue-PipelineReportForPipelineReportHandler] INFO  pipeline.PipelineStateManager (PipelineStateManager.java:openPipeline(134)) - Pipeline Pipeline[ Id: 2feab33c-7e36-409c-a592-322d19e28d9d, Nodes: 816b1da2-1c4e-42ee-9437-e192113ed53f{ip: 192.168.69.79, host: pr-hdds-2501-b5dhd-1197665634, networkLocation: /rack1, certSerialId: null}, Type:RATIS, Factor:ONE, State:OPEN] moved to OPEN state
2019-11-16 00:26:30,636 [816b1da2-1c4e-42ee-9437-e192113ed53f@group-322D19E28D9D-LeaderElection161] INFO  impl.RoleInfo (RoleInfo.java:updateAndGet(143)) - 816b1da2-1c4e-42ee-9437-e192113ed53f: start LeaderState
2019-11-16 00:26:30,636 [816b1da2-1c4e-42ee-9437-e192113ed53f@group-322D19E28D9D-LeaderElection161] INFO  segmented.SegmentedRaftLogWorker (SegmentedRaftLogWorker.java:startLogSegment(385)) - 816b1da2-1c4e-42ee-9437-e192113ed53f@group-322D19E28D9D-SegmentedRaftLogWorker: Starting segment from index:0
2019-11-16 00:26:30,637 [816b1da2-1c4e-42ee-9437-e192113ed53f@group-322D19E28D9D-LeaderElection161] INFO  impl.RaftServerImpl (ServerState.java:setRaftConf(356)) - 816b1da2-1c4e-42ee-9437-e192113ed53f@group-322D19E28D9D: set configuration 0: [816b1da2-1c4e-42ee-9437-e192113ed53f:192.168.69.79:36665], old=null at 0
2019-11-16 00:26:30,639 [Thread-4104] INFO  impl.FollowerState (FollowerState.java:run(111)) - 816b1da2-1c4e-42ee-9437-e192113ed53f@group-2276BC3C0949-FollowerState: change to CANDIDATE, lastRpcTime:1088ms, electionTimeout:1088ms
2019-11-16 00:26:30,640 [Thread-4104] INFO  impl.RoleInfo (RoleInfo.java:shutdownFollowerState(121)) - 816b1da2-1c4e-42ee-9437-e192113ed53f: shutdown FollowerState
2019-11-16 00:26:30,640 [Thread-4104] INFO  impl.RaftServerImpl (RaftServerImpl.java:setRole(173)) - 816b1da2-1c4e-42ee-9437-e192113ed53f@group-2276BC3C0949: changes role from  FOLLOWER to CANDIDATE at term 0 for changeToCandidate
2019-11-16 00:26:30,640 [Thread-4104] INFO  impl.RoleInfo (RoleInfo.java:updateAndGet(143)) - 816b1da2-1c4e-42ee-9437-e192113ed53f: start LeaderElection
2019-11-16 00:26:30,662 [Thread-4094] INFO  impl.FollowerState (FollowerState.java:run(111)) - 69b8f75d-497f-4fe6-9dc7-b84f6827359d@group-2CB06E8179E8-FollowerState: change to CANDIDATE, lastRpcTime:1200ms, electionTimeout:1184ms
2019-11-16 00:26:30,662 [Thread-4094] INFO  impl.RoleInfo (RoleInfo.java:shutdownFollowerState(121)) - 69b8f75d-497f-4fe6-9dc7-b84f6827359d: shutdown FollowerState
2019-11-16 00:26:30,662 [Thread-4094] INFO  impl.RaftServerImpl (RaftServerImpl.java:setRole(173)) - 69b8f75d-497f-4fe6-9dc7-b84f6827359d@group-2CB06E8179E8: changes role from  FOLLOWER to CANDIDATE at term 0 for changeToCandidate
2019-11-16 00:26:30,662 [Thread-4094] INFO  impl.RoleInfo (RoleInfo.java:updateAndGet(143)) - 69b8f75d-497f-4fe6-9dc7-b84f6827359d: start LeaderElection
2019-11-16 00:26:30,675 [816b1da2-1c4e-42ee-9437-e192113ed53f@group-322D19E28D9D-SegmentedRaftLogWorker] INFO  segmented.SegmentedRaftLogWorker (SegmentedRaftLogWorker.java:execute(576)) - 816b1da2-1c4e-42ee-9437-e192113ed53f@group-322D19E28D9D-SegmentedRaftLogWorker: created new log segment /workdir/hadoop-ozone/integration-test/target/test-dir/MiniOzoneClusterImpl-ec73e7b8-24c6-4197-838c-bd0443d97e1c/datanode-5/data/ratis/2feab33c-7e36-409c-a592-322d19e28d9d/current/log_inprogress_0
2019-11-16 00:26:30,675 [69b8f75d-497f-4fe6-9dc7-b84f6827359d@group-2CB06E8179E8-LeaderElection163] INFO  impl.LeaderElection (LeaderElection.java:askForVotes(178)) - 69b8f75d-497f-4fe6-9dc7-b84f6827359d@group-2CB06E8179E8-LeaderElection163: begin an election at term 1 for -1: [69b8f75d-497f-4fe6-9dc7-b84f6827359d:192.168.69.79:44545], old=null
2019-11-16 00:26:30,675 [816b1da2-1c4e-42ee-9437-e192113ed53f@group-2276BC3C0949-LeaderElection162] INFO  impl.LeaderElection (LeaderElection.java:askForVotes(178)) - 816b1da2-1c4e-42ee-9437-e192113ed53f@group-2276BC3C0949-LeaderElection162: begin an election at term 1 for -1: [a05a7939-ef6c-4534-b55b-b612829faca5:192.168.69.79:35267, 816b1da2-1c4e-42ee-9437-e192113ed53f:192.168.69.79:36665, 69b8f75d-497f-4fe6-9dc7-b84f6827359d:192.168.69.79:44545], old=null
2019-11-16 00:26:30,675 [69b8f75d-497f-4fe6-9dc7-b84f6827359d@group-2CB06E8179E8-LeaderElection163] INFO  impl.RoleInfo (RoleInfo.java:shutdownLeaderElection(134)) - 69b8f75d-497f-4fe6-9dc7-b84f6827359d: shutdown LeaderElection
2019-11-16 00:26:30,675 [69b8f75d-497f-4fe6-9dc7-b84f6827359d@group-2CB06E8179E8-LeaderElection163] INFO  impl.RaftServerImpl (RaftServerImpl.java:setRole(173)) - 69b8f75d-497f-4fe6-9dc7-b84f6827359d@group-2CB06E8179E8: changes role from CANDIDATE to LEADER at term 1 for changeToLeader
2019-11-16 00:26:30,675 [69b8f75d-497f-4fe6-9dc7-b84f6827359d@group-2CB06E8179E8-LeaderElection163] INFO  ratis.XceiverServerRatis (XceiverServerRatis.java:handleLeaderChangedNotification(697)) - Leader change notification received for group: group-2CB06E8179E8 with new leaderId: 69b8f75d-497f-4fe6-9dc7-b84f6827359d
2019-11-16 00:26:30,675 [69b8f75d-497f-4fe6-9dc7-b84f6827359d@group-2CB06E8179E8-LeaderElection163] INFO  impl.RaftServerImpl (ServerState.java:setLeader(255)) - 69b8f75d-497f-4fe6-9dc7-b84f6827359d@group-2CB06E8179E8: change Leader from null to 69b8f75d-497f-4fe6-9dc7-b84f6827359d at term 1 for becomeLeader, leader elected after 1216ms
2019-11-16 00:26:30,676 [69b8f75d-497f-4fe6-9dc7-b84f6827359d@group-2CB06E8179E8-LeaderElection163] INFO  server.RaftServerConfigKeys (ConfUtils.java:logGet(43)) - raft.server.staging.catchup.gap = 1000 (default)
2019-11-16 00:26:30,685 [69b8f75d-497f-4fe6-9dc7-b84f6827359d@group-2CB06E8179E8-LeaderElection163] INFO  server.RaftServerConfigKeys (ConfUtils.java:logGet(43)) - raft.server.rpc.sleep.time = 25ms (default)
2019-11-16 00:26:30,685 [69b8f75d-497f-4fe6-9dc7-b84f6827359d@group-2CB06E8179E8-LeaderElection163] INFO  server.RaftServerConfigKeys (ConfUtils.java:logGet(43)) - raft.server.write.element-limit = 4096 (default)
2019-11-16 00:26:30,685 [69b8f75d-497f-4fe6-9dc7-b84f6827359d@group-2CB06E8179E8-LeaderElection163] INFO  server.RaftServerConfigKeys (ConfUtils.java:logGet(43)) - raft.server.watch.timeout = 10s (default)
2019-11-16 00:26:30,685 [69b8f75d-497f-4fe6-9dc7-b84f6827359d@group-2CB06E8179E8-LeaderElection163] INFO  server.RaftServerConfigKeys (ConfUtils.java:logGet(43)) - raft.server.watch.timeout.denomination = 1s (default)
2019-11-16 00:26:30,685 [69b8f75d-497f-4fe6-9dc7-b84f6827359d@group-2CB06E8179E8-LeaderElection163] INFO  server.RaftServerConfigKeys (ConfUtils.java:logGet(43)) - raft.server.watch.element-limit = 65536 (default)
2019-11-16 00:26:30,685 [EventQueue-PipelineReportForPipelineReportHandler] INFO  pipeline.PipelineStateManager (PipelineStateManager.java:openPipeline(134)) - Pipeline Pipeline[ Id: 21b49901-299a-4a7c-9c90-2cb06e8179e8, Nodes: 69b8f75d-497f-4fe6-9dc7-b84f6827359d{ip: 192.168.69.79, host: pr-hdds-2501-b5dhd-1197665634, networkLocation: /rack1, certSerialId: null}, Type:RATIS, Factor:ONE, State:OPEN] moved to OPEN state
2019-11-16 00:26:30,685 [69b8f75d-497f-4fe6-9dc7-b84f6827359d@group-2CB06E8179E8-LeaderElection163] INFO  impl.RoleInfo (RoleInfo.java:updateAndGet(143)) - 69b8f75d-497f-4fe6-9dc7-b84f6827359d: start LeaderState
2019-11-16 00:26:30,686 [69b8f75d-497f-4fe6-9dc7-b84f6827359d@group-2CB06E8179E8-LeaderElection163] INFO  segmented.SegmentedRaftLogWorker (SegmentedRaftLogWorker.java:startLogSegment(385)) - 69b8f75d-497f-4fe6-9dc7-b84f6827359d@group-2CB06E8179E8-SegmentedRaftLogWorker: Starting segment from index:0
2019-11-16 00:26:30,686 [69b8f75d-497f-4fe6-9dc7-b84f6827359d@group-2CB06E8179E8-LeaderElection163] INFO  impl.RaftServerImpl (ServerState.java:setRaftConf(356)) - 69b8f75d-497f-4fe6-9dc7-b84f6827359d@group-2CB06E8179E8: set configuration 0: [69b8f75d-497f-4fe6-9dc7-b84f6827359d:192.168.69.79:44545], old=null at 0
2019-11-16 00:26:30,718 [grpc-default-executor-3] INFO  impl.RaftServerImpl (RaftServerImpl.java:setRole(173)) - a05a7939-ef6c-4534-b55b-b612829faca5@group-2276BC3C0949: changes role from  FOLLOWER to FOLLOWER at term 1 for recognizeCandidate:816b1da2-1c4e-42ee-9437-e192113ed53f
2019-11-16 00:26:30,718 [grpc-default-executor-2] INFO  impl.RaftServerImpl (RaftServerImpl.java:setRole(173)) - 69b8f75d-497f-4fe6-9dc7-b84f6827359d@group-2276BC3C0949: changes role from  FOLLOWER to FOLLOWER at term 1 for recognizeCandidate:816b1da2-1c4e-42ee-9437-e192113ed53f
2019-11-16 00:26:30,718 [grpc-default-executor-3] INFO  impl.RoleInfo (RoleInfo.java:shutdownFollowerState(121)) - a05a7939-ef6c-4534-b55b-b612829faca5: shutdown FollowerState
2019-11-16 00:26:30,719 [grpc-default-executor-2] INFO  impl.RoleInfo (RoleInfo.java:shutdownFollowerState(121)) - 69b8f75d-497f-4fe6-9dc7-b84f6827359d: shutdown FollowerState
2019-11-16 00:26:30,719 [grpc-default-executor-3] INFO  impl.RoleInfo (RoleInfo.java:updateAndGet(143)) - a05a7939-ef6c-4534-b55b-b612829faca5: start FollowerState
2019-11-16 00:26:30,719 [Thread-4105] INFO  impl.FollowerState (FollowerState.java:run(120)) - a05a7939-ef6c-4534-b55b-b612829faca5@group-2276BC3C0949-FollowerState was interrupted: java.lang.InterruptedException: sleep interrupted
2019-11-16 00:26:30,719 [grpc-default-executor-2] INFO  impl.RoleInfo (RoleInfo.java:updateAndGet(143)) - 69b8f75d-497f-4fe6-9dc7-b84f6827359d: start FollowerState
2019-11-16 00:26:30,731 [69b8f75d-497f-4fe6-9dc7-b84f6827359d@group-2CB06E8179E8-SegmentedRaftLogWorker] INFO  segmented.SegmentedRaftLogWorker (SegmentedRaftLogWorker.java:execute(576)) - 69b8f75d-497f-4fe6-9dc7-b84f6827359d@group-2CB06E8179E8-SegmentedRaftLogWorker: created new log segment /workdir/hadoop-ozone/integration-test/target/test-dir/MiniOzoneClusterImpl-ec73e7b8-24c6-4197-838c-bd0443d97e1c/datanode-3/data/ratis/21b49901-299a-4a7c-9c90-2cb06e8179e8/current/log_inprogress_0
2019-11-16 00:26:30,732 [816b1da2-1c4e-42ee-9437-e192113ed53f@group-2276BC3C0949-LeaderElection162] INFO  impl.LeaderElection (LeaderElection.java:logAndReturn(56)) - 816b1da2-1c4e-42ee-9437-e192113ed53f@group-2276BC3C0949-LeaderElection162: Election PASSED; received 1 response(s) [816b1da2-1c4e-42ee-9437-e192113ed53f<-a05a7939-ef6c-4534-b55b-b612829faca5#0:OK-t1] and 0 exception(s); 816b1da2-1c4e-42ee-9437-e192113ed53f@group-2276BC3C0949:t1, leader=null, voted=816b1da2-1c4e-42ee-9437-e192113ed53f, raftlog=816b1da2-1c4e-42ee-9437-e192113ed53f@group-2276BC3C0949-SegmentedRaftLog:OPENED:c-1,f-1,i0, conf=-1: [a05a7939-ef6c-4534-b55b-b612829faca5:192.168.69.79:35267, 816b1da2-1c4e-42ee-9437-e192113ed53f:192.168.69.79:36665, 69b8f75d-497f-4fe6-9dc7-b84f6827359d:192.168.69.79:44545], old=null
2019-11-16 00:26:30,732 [816b1da2-1c4e-42ee-9437-e192113ed53f@group-2276BC3C0949-LeaderElection162] INFO  impl.RoleInfo (RoleInfo.java:shutdownLeaderElection(134)) - 816b1da2-1c4e-42ee-9437-e192113ed53f: shutdown LeaderElection
2019-11-16 00:26:30,732 [816b1da2-1c4e-42ee-9437-e192113ed53f@group-2276BC3C0949-LeaderElection162] INFO  impl.RaftServerImpl (RaftServerImpl.java:setRole(173)) - 816b1da2-1c4e-42ee-9437-e192113ed53f@group-2276BC3C0949: changes role from CANDIDATE to LEADER at term 1 for changeToLeader
2019-11-16 00:26:30,733 [816b1da2-1c4e-42ee-9437-e192113ed53f@group-2276BC3C0949-LeaderElection162] INFO  ratis.XceiverServerRatis (XceiverServerRatis.java:handleLeaderChangedNotification(697)) - Leader change notification received for group: group-2276BC3C0949 with new leaderId: 816b1da2-1c4e-42ee-9437-e192113ed53f
2019-11-16 00:26:30,733 [816b1da2-1c4e-42ee-9437-e192113ed53f@group-2276BC3C0949-LeaderElection162] INFO  impl.RaftServerImpl (ServerState.java:setLeader(255)) - 816b1da2-1c4e-42ee-9437-e192113ed53f@group-2276BC3C0949: change Leader from null to 816b1da2-1c4e-42ee-9437-e192113ed53f at term 1 for becomeLeader, leader elected after 1187ms
2019-11-16 00:26:30,733 [816b1da2-1c4e-42ee-9437-e192113ed53f@group-2276BC3C0949-LeaderElection162] INFO  server.RaftServerConfigKeys (ConfUtils.java:logGet(43)) - raft.server.staging.catchup.gap = 1000 (default)
2019-11-16 00:26:30,733 [816b1da2-1c4e-42ee-9437-e192113ed53f@group-2276BC3C0949-LeaderElection162] INFO  server.RaftServerConfigKeys (ConfUtils.java:logGet(43)) - raft.server.rpc.sleep.time = 25ms (default)
2019-11-16 00:26:30,733 [816b1da2-1c4e-42ee-9437-e192113ed53f@group-2276BC3C0949-LeaderElection162] INFO  server.RaftServerConfigKeys (ConfUtils.java:logGet(43)) - raft.server.write.element-limit = 4096 (default)
2019-11-16 00:26:30,733 [816b1da2-1c4e-42ee-9437-e192113ed53f@group-2276BC3C0949-LeaderElection162] INFO  server.RaftServerConfigKeys (ConfUtils.java:logGet(43)) - raft.server.watch.timeout = 10s (default)
2019-11-16 00:26:30,733 [816b1da2-1c4e-42ee-9437-e192113ed53f@group-2276BC3C0949-LeaderElection162] INFO  server.RaftServerConfigKeys (ConfUtils.java:logGet(43)) - raft.server.watch.timeout.denomination = 1s (default)
2019-11-16 00:26:30,733 [816b1da2-1c4e-42ee-9437-e192113ed53f@group-2276BC3C0949-LeaderElection162] INFO  server.RaftServerConfigKeys (ConfUtils.java:logGet(43)) - raft.server.watch.element-limit = 65536 (default)
2019-11-16 00:26:30,734 [EventQueue-PipelineReportForPipelineReportHandler] INFO  pipeline.PipelineStateManager (PipelineStateManager.java:openPipeline(134)) - Pipeline Pipeline[ Id: c4d7a9df-c5a5-4cda-909f-2276bc3c0949, Nodes: a05a7939-ef6c-4534-b55b-b612829faca5{ip: 192.168.69.79, host: pr-hdds-2501-b5dhd-1197665634, networkLocation: /rack1, certSerialId: null}816b1da2-1c4e-42ee-9437-e192113ed53f{ip: 192.168.69.79, host: pr-hdds-2501-b5dhd-1197665634, networkLocation: /rack1, certSerialId: null}69b8f75d-497f-4fe6-9dc7-b84f6827359d{ip: 192.168.69.79, host: pr-hdds-2501-b5dhd-1197665634, networkLocation: /rack1, certSerialId: null}, Type:RATIS, Factor:THREE, State:OPEN] moved to OPEN state
2019-11-16 00:26:30,734 [816b1da2-1c4e-42ee-9437-e192113ed53f@group-2276BC3C0949-LeaderElection162] INFO  server.RaftServerConfigKeys (ConfUtils.java:logGet(43)) - raft.server.log.appender.snapshot.chunk.size.max = 16MB (=16777216) (default)
2019-11-16 00:26:30,734 [816b1da2-1c4e-42ee-9437-e192113ed53f@group-2276BC3C0949-LeaderElection162] INFO  server.RaftServerConfigKeys (ConfUtils.java:logGet(43)) - raft.server.log.appender.buffer.byte-limit = 33554432 (custom)
2019-11-16 00:26:30,734 [816b1da2-1c4e-42ee-9437-e192113ed53f@group-2276BC3C0949-LeaderElection162] INFO  server.RaftServerConfigKeys (ConfUtils.java:logGet(43)) - raft.server.log.appender.buffer.element-limit = 1 (custom)
2019-11-16 00:26:30,734 [816b1da2-1c4e-42ee-9437-e192113ed53f@group-2276BC3C0949-LeaderElection162] INFO  grpc.GrpcConfigKeys$Server (ConfUtils.java:logGet(43)) - raft.grpc.server.leader.outstanding.appends.max = 128 (default)
2019-11-16 00:26:30,734 [816b1da2-1c4e-42ee-9437-e192113ed53f@group-2276BC3C0949-LeaderElection162] INFO  server.RaftServerConfigKeys (ConfUtils.java:logGet(43)) - raft.server.rpc.request.timeout = 3000ms (default)
2019-11-16 00:26:30,734 [816b1da2-1c4e-42ee-9437-e192113ed53f@group-2276BC3C0949-LeaderElection162] INFO  server.RaftServerConfigKeys (ConfUtils.java:logGet(43)) - raft.server.log.appender.install.snapshot.enabled = false (custom)
2019-11-16 00:26:30,735 [816b1da2-1c4e-42ee-9437-e192113ed53f@group-2276BC3C0949-LeaderElection162] WARN  impl.MetricRegistriesImpl (MetricRegistriesImpl.java:lambda$create$1(61)) - First MetricRegistry has been created without registering reporters. You may need to call MetricRegistries.global().addReportRegistration(...) before.
2019-11-16 00:26:30,735 [816b1da2-1c4e-42ee-9437-e192113ed53f@group-2276BC3C0949-LeaderElection162] INFO  server.RaftServerConfigKeys (ConfUtils.java:logGet(43)) - raft.server.log.appender.snapshot.chunk.size.max = 16MB (=16777216) (default)
2019-11-16 00:26:30,735 [816b1da2-1c4e-42ee-9437-e192113ed53f@group-2276BC3C0949-LeaderElection162] INFO  server.RaftServerConfigKeys (ConfUtils.java:logGet(43)) - raft.server.log.appender.buffer.byte-limit = 33554432 (custom)
2019-11-16 00:26:30,735 [816b1da2-1c4e-42ee-9437-e192113ed53f@group-2276BC3C0949-LeaderElection162] INFO  server.RaftServerConfigKeys (ConfUtils.java:logGet(43)) - raft.server.log.appender.buffer.element-limit = 1 (custom)
2019-11-16 00:26:30,735 [816b1da2-1c4e-42ee-9437-e192113ed53f@group-2276BC3C0949-LeaderElection162] INFO  grpc.GrpcConfigKeys$Server (ConfUtils.java:logGet(43)) - raft.grpc.server.leader.outstanding.appends.max = 128 (default)
2019-11-16 00:26:30,735 [816b1da2-1c4e-42ee-9437-e192113ed53f@group-2276BC3C0949-LeaderElection162] INFO  server.RaftServerConfigKeys (ConfUtils.java:logGet(43)) - raft.server.rpc.request.timeout = 3000ms (default)
2019-11-16 00:26:30,735 [816b1da2-1c4e-42ee-9437-e192113ed53f@group-2276BC3C0949-LeaderElection162] INFO  server.RaftServerConfigKeys (ConfUtils.java:logGet(43)) - raft.server.log.appender.install.snapshot.enabled = false (custom)
2019-11-16 00:26:30,735 [816b1da2-1c4e-42ee-9437-e192113ed53f@group-2276BC3C0949-LeaderElection162] INFO  impl.RoleInfo (RoleInfo.java:updateAndGet(143)) - 816b1da2-1c4e-42ee-9437-e192113ed53f: start LeaderState
2019-11-16 00:26:30,735 [816b1da2-1c4e-42ee-9437-e192113ed53f@group-2276BC3C0949-LeaderElection162] INFO  segmented.SegmentedRaftLogWorker (SegmentedRaftLogWorker.java:startLogSegment(385)) - 816b1da2-1c4e-42ee-9437-e192113ed53f@group-2276BC3C0949-SegmentedRaftLogWorker: Starting segment from index:0
2019-11-16 00:26:30,736 [816b1da2-1c4e-42ee-9437-e192113ed53f@group-2276BC3C0949-LeaderElection162] INFO  impl.RaftServerImpl (ServerState.java:setRaftConf(356)) - 816b1da2-1c4e-42ee-9437-e192113ed53f@group-2276BC3C0949: set configuration 0: [a05a7939-ef6c-4534-b55b-b612829faca5:192.168.69.79:35267, 816b1da2-1c4e-42ee-9437-e192113ed53f:192.168.69.79:36665, 69b8f75d-497f-4fe6-9dc7-b84f6827359d:192.168.69.79:44545], old=null at 0
2019-11-16 00:26:30,770 [Thread-4109] INFO  impl.FollowerState (FollowerState.java:run(111)) - 82886741-ea2e-41d6-b944-d04bb5a8b025@group-DE2BB446D71D-FollowerState: change to CANDIDATE, lastRpcTime:1046ms, electionTimeout:1020ms
2019-11-16 00:26:30,771 [Thread-4109] INFO  impl.RoleInfo (RoleInfo.java:shutdownFollowerState(121)) - 82886741-ea2e-41d6-b944-d04bb5a8b025: shutdown FollowerState
2019-11-16 00:26:30,771 [Thread-4109] INFO  impl.RaftServerImpl (RaftServerImpl.java:setRole(173)) - 82886741-ea2e-41d6-b944-d04bb5a8b025@group-DE2BB446D71D: changes role from  FOLLOWER to CANDIDATE at term 0 for changeToCandidate
2019-11-16 00:26:30,771 [Thread-4109] INFO  impl.RoleInfo (RoleInfo.java:updateAndGet(143)) - 82886741-ea2e-41d6-b944-d04bb5a8b025: start LeaderElection
2019-11-16 00:26:30,771 [grpc-default-executor-3] INFO  ratis.XceiverServerRatis (XceiverServerRatis.java:handleLeaderChangedNotification(697)) - Leader change notification received for group: group-2276BC3C0949 with new leaderId: 816b1da2-1c4e-42ee-9437-e192113ed53f
2019-11-16 00:26:30,771 [grpc-default-executor-2] INFO  ratis.XceiverServerRatis (XceiverServerRatis.java:handleLeaderChangedNotification(697)) - Leader change notification received for group: group-2276BC3C0949 with new leaderId: 816b1da2-1c4e-42ee-9437-e192113ed53f
2019-11-16 00:26:30,774 [grpc-default-executor-3] INFO  impl.RaftServerImpl (ServerState.java:setLeader(255)) - 69b8f75d-497f-4fe6-9dc7-b84f6827359d@group-2276BC3C0949: change Leader from null to 816b1da2-1c4e-42ee-9437-e192113ed53f at term 1 for appendEntries, leader elected after 1226ms
2019-11-16 00:26:30,774 [grpc-default-executor-2] INFO  impl.RaftServerImpl (ServerState.java:setLeader(255)) - a05a7939-ef6c-4534-b55b-b612829faca5@group-2276BC3C0949: change Leader from null to 816b1da2-1c4e-42ee-9437-e192113ed53f at term 1 for appendEntries, leader elected after 1226ms
2019-11-16 00:26:30,777 [grpc-default-executor-2] INFO  impl.RaftServerImpl (ServerState.java:setRaftConf(356)) - a05a7939-ef6c-4534-b55b-b612829faca5@group-2276BC3C0949: set configuration 0: [a05a7939-ef6c-4534-b55b-b612829faca5:192.168.69.79:35267, 816b1da2-1c4e-42ee-9437-e192113ed53f:192.168.69.79:36665, 69b8f75d-497f-4fe6-9dc7-b84f6827359d:192.168.69.79:44545], old=null at 0
2019-11-16 00:26:30,777 [grpc-default-executor-3] INFO  impl.RaftServerImpl (ServerState.java:setRaftConf(356)) - 69b8f75d-497f-4fe6-9dc7-b84f6827359d@group-2276BC3C0949: set configuration 0: [a05a7939-ef6c-4534-b55b-b612829faca5:192.168.69.79:35267, 816b1da2-1c4e-42ee-9437-e192113ed53f:192.168.69.79:36665, 69b8f75d-497f-4fe6-9dc7-b84f6827359d:192.168.69.79:44545], old=null at 0
2019-11-16 00:26:30,777 [grpc-default-executor-2] INFO  segmented.SegmentedRaftLogWorker (SegmentedRaftLogWorker.java:startLogSegment(385)) - a05a7939-ef6c-4534-b55b-b612829faca5@group-2276BC3C0949-SegmentedRaftLogWorker: Starting segment from index:0
2019-11-16 00:26:30,777 [grpc-default-executor-3] INFO  segmented.SegmentedRaftLogWorker (SegmentedRaftLogWorker.java:startLogSegment(385)) - 69b8f75d-497f-4fe6-9dc7-b84f6827359d@group-2276BC3C0949-SegmentedRaftLogWorker: Starting segment from index:0
2019-11-16 00:26:30,829 [69b8f75d-497f-4fe6-9dc7-b84f6827359d@group-2276BC3C0949-SegmentedRaftLogWorker] INFO  segmented.SegmentedRaftLogWorker (SegmentedRaftLogWorker.java:execute(576)) - 69b8f75d-497f-4fe6-9dc7-b84f6827359d@group-2276BC3C0949-SegmentedRaftLogWorker: created new log segment /workdir/hadoop-ozone/integration-test/target/test-dir/MiniOzoneClusterImpl-ec73e7b8-24c6-4197-838c-bd0443d97e1c/datanode-3/data/ratis/c4d7a9df-c5a5-4cda-909f-2276bc3c0949/current/log_inprogress_0
2019-11-16 00:26:30,829 [82886741-ea2e-41d6-b944-d04bb5a8b025@group-DE2BB446D71D-LeaderElection164] INFO  impl.LeaderElection (LeaderElection.java:askForVotes(178)) - 82886741-ea2e-41d6-b944-d04bb5a8b025@group-DE2BB446D71D-LeaderElection164: begin an election at term 1 for -1: [82886741-ea2e-41d6-b944-d04bb5a8b025:192.168.69.79:37949], old=null
2019-11-16 00:26:30,830 [82886741-ea2e-41d6-b944-d04bb5a8b025@group-DE2BB446D71D-LeaderElection164] INFO  impl.RoleInfo (RoleInfo.java:shutdownLeaderElection(134)) - 82886741-ea2e-41d6-b944-d04bb5a8b025: shutdown LeaderElection
2019-11-16 00:26:30,829 [a05a7939-ef6c-4534-b55b-b612829faca5@group-2276BC3C0949-SegmentedRaftLogWorker] INFO  segmented.SegmentedRaftLogWorker (SegmentedRaftLogWorker.java:execute(576)) - a05a7939-ef6c-4534-b55b-b612829faca5@group-2276BC3C0949-SegmentedRaftLogWorker: created new log segment /workdir/hadoop-ozone/integration-test/target/test-dir/MiniOzoneClusterImpl-ec73e7b8-24c6-4197-838c-bd0443d97e1c/datanode-4/data/ratis/c4d7a9df-c5a5-4cda-909f-2276bc3c0949/current/log_inprogress_0
2019-11-16 00:26:30,829 [816b1da2-1c4e-42ee-9437-e192113ed53f@group-2276BC3C0949-SegmentedRaftLogWorker] INFO  segmented.SegmentedRaftLogWorker (SegmentedRaftLogWorker.java:execute(576)) - 816b1da2-1c4e-42ee-9437-e192113ed53f@group-2276BC3C0949-SegmentedRaftLogWorker: created new log segment /workdir/hadoop-ozone/integration-test/target/test-dir/MiniOzoneClusterImpl-ec73e7b8-24c6-4197-838c-bd0443d97e1c/datanode-5/data/ratis/c4d7a9df-c5a5-4cda-909f-2276bc3c0949/current/log_inprogress_0
2019-11-16 00:26:30,830 [82886741-ea2e-41d6-b944-d04bb5a8b025@group-DE2BB446D71D-LeaderElection164] INFO  impl.RaftServerImpl (RaftServerImpl.java:setRole(173)) - 82886741-ea2e-41d6-b944-d04bb5a8b025@group-DE2BB446D71D: changes role from CANDIDATE to LEADER at term 1 for changeToLeader
2019-11-16 00:26:30,830 [82886741-ea2e-41d6-b944-d04bb5a8b025@group-DE2BB446D71D-LeaderElection164] INFO  ratis.XceiverServerRatis (XceiverServerRatis.java:handleLeaderChangedNotification(697)) - Leader change notification received for group: group-DE2BB446D71D with new leaderId: 82886741-ea2e-41d6-b944-d04bb5a8b025
2019-11-16 00:26:30,830 [82886741-ea2e-41d6-b944-d04bb5a8b025@group-DE2BB446D71D-LeaderElection164] INFO  impl.RaftServerImpl (ServerState.java:setLeader(255)) - 82886741-ea2e-41d6-b944-d04bb5a8b025@group-DE2BB446D71D: change Leader from null to 82886741-ea2e-41d6-b944-d04bb5a8b025 at term 1 for becomeLeader, leader elected after 1110ms
2019-11-16 00:26:30,830 [82886741-ea2e-41d6-b944-d04bb5a8b025@group-DE2BB446D71D-LeaderElection164] INFO  server.RaftServerConfigKeys (ConfUtils.java:logGet(43)) - raft.server.staging.catchup.gap = 1000 (default)
2019-11-16 00:26:30,830 [82886741-ea2e-41d6-b944-d04bb5a8b025@group-DE2BB446D71D-LeaderElection164] INFO  server.RaftServerConfigKeys (ConfUtils.java:logGet(43)) - raft.server.rpc.sleep.time = 25ms (default)
2019-11-16 00:26:30,834 [82886741-ea2e-41d6-b944-d04bb5a8b025@group-DE2BB446D71D-LeaderElection164] INFO  server.RaftServerConfigKeys (ConfUtils.java:logGet(43)) - raft.server.write.element-limit = 4096 (default)
2019-11-16 00:26:30,834 [82886741-ea2e-41d6-b944-d04bb5a8b025@group-DE2BB446D71D-LeaderElection164] INFO  server.RaftServerConfigKeys (ConfUtils.java:logGet(43)) - raft.server.watch.timeout = 10s (default)
2019-11-16 00:26:30,834 [82886741-ea2e-41d6-b944-d04bb5a8b025@group-DE2BB446D71D-LeaderElection164] INFO  server.RaftServerConfigKeys (ConfUtils.java:logGet(43)) - raft.server.watch.timeout.denomination = 1s (default)
2019-11-16 00:26:30,834 [82886741-ea2e-41d6-b944-d04bb5a8b025@group-DE2BB446D71D-LeaderElection164] INFO  server.RaftServerConfigKeys (ConfUtils.java:logGet(43)) - raft.server.watch.element-limit = 65536 (default)
2019-11-16 00:26:30,834 [EventQueue-PipelineReportForPipelineReportHandler] INFO  pipeline.PipelineStateManager (PipelineStateManager.java:openPipeline(134)) - Pipeline Pipeline[ Id: bfe11dab-efa3-4bbe-b243-de2bb446d71d, Nodes: 82886741-ea2e-41d6-b944-d04bb5a8b025{ip: 192.168.69.79, host: pr-hdds-2501-b5dhd-1197665634, networkLocation: /rack1, certSerialId: null}, Type:RATIS, Factor:ONE, State:OPEN] moved to OPEN state
2019-11-16 00:26:30,834 [82886741-ea2e-41d6-b944-d04bb5a8b025@group-DE2BB446D71D-LeaderElection164] INFO  impl.RoleInfo (RoleInfo.java:updateAndGet(143)) - 82886741-ea2e-41d6-b944-d04bb5a8b025: start LeaderState
2019-11-16 00:26:30,835 [82886741-ea2e-41d6-b944-d04bb5a8b025@group-DE2BB446D71D-LeaderElection164] INFO  segmented.SegmentedRaftLogWorker (SegmentedRaftLogWorker.java:startLogSegment(385)) - 82886741-ea2e-41d6-b944-d04bb5a8b025@group-DE2BB446D71D-SegmentedRaftLogWorker: Starting segment from index:0
2019-11-16 00:26:30,835 [82886741-ea2e-41d6-b944-d04bb5a8b025@group-DE2BB446D71D-LeaderElection164] INFO  impl.RaftServerImpl (ServerState.java:setRaftConf(356)) - 82886741-ea2e-41d6-b944-d04bb5a8b025@group-DE2BB446D71D: set configuration 0: [82886741-ea2e-41d6-b944-d04bb5a8b025:192.168.69.79:37949], old=null at 0
2019-11-16 00:26:30,859 [Thread-4112] INFO  impl.FollowerState (FollowerState.java:run(111)) - e887c5fb-6c7f-48d0-908d-014a119bd478@group-9DE2FB05DAD4-FollowerState: change to CANDIDATE, lastRpcTime:1112ms, electionTimeout:1112ms
2019-11-16 00:26:30,859 [Thread-4112] INFO  impl.RoleInfo (RoleInfo.java:shutdownFollowerState(121)) - e887c5fb-6c7f-48d0-908d-014a119bd478: shutdown FollowerState
2019-11-16 00:26:30,859 [Thread-4112] INFO  impl.RaftServerImpl (RaftServerImpl.java:setRole(173)) - e887c5fb-6c7f-48d0-908d-014a119bd478@group-9DE2FB05DAD4: changes role from  FOLLOWER to CANDIDATE at term 0 for changeToCandidate
2019-11-16 00:26:30,860 [Thread-4112] INFO  impl.RoleInfo (RoleInfo.java:updateAndGet(143)) - e887c5fb-6c7f-48d0-908d-014a119bd478: start LeaderElection
2019-11-16 00:26:30,864 [Thread-4115] INFO  impl.FollowerState (FollowerState.java:run(111)) - 1d1fab7d-6382-4228-8566-b1891c590073@group-00EE5274A815-FollowerState: change to CANDIDATE, lastRpcTime:1075ms, electionTimeout:1075ms
2019-11-16 00:26:30,864 [Thread-4115] INFO  impl.RoleInfo (RoleInfo.java:shutdownFollowerState(121)) - 1d1fab7d-6382-4228-8566-b1891c590073: shutdown FollowerState
2019-11-16 00:26:30,864 [Thread-4115] INFO  impl.RaftServerImpl (RaftServerImpl.java:setRole(173)) - 1d1fab7d-6382-4228-8566-b1891c590073@group-00EE5274A815: changes role from  FOLLOWER to CANDIDATE at term 0 for changeToCandidate
2019-11-16 00:26:30,864 [Thread-4115] INFO  impl.RoleInfo (RoleInfo.java:updateAndGet(143)) - 1d1fab7d-6382-4228-8566-b1891c590073: start LeaderElection
2019-11-16 00:26:30,881 [main] INFO  ozone.MiniOzoneClusterImpl (MiniOzoneClusterImpl.java:lambda$waitForClusterToBeReady$2(163)) - Waiting for 5 number of pipelines out of 13, to report a leader.
2019-11-16 00:26:30,896 [82886741-ea2e-41d6-b944-d04bb5a8b025@group-DE2BB446D71D-SegmentedRaftLogWorker] INFO  segmented.SegmentedRaftLogWorker (SegmentedRaftLogWorker.java:execute(576)) - 82886741-ea2e-41d6-b944-d04bb5a8b025@group-DE2BB446D71D-SegmentedRaftLogWorker: created new log segment /workdir/hadoop-ozone/integration-test/target/test-dir/MiniOzoneClusterImpl-ec73e7b8-24c6-4197-838c-bd0443d97e1c/datanode-6/data/ratis/bfe11dab-efa3-4bbe-b243-de2bb446d71d/current/log_inprogress_0
2019-11-16 00:26:30,896 [e887c5fb-6c7f-48d0-908d-014a119bd478@group-9DE2FB05DAD4-LeaderElection165] INFO  impl.LeaderElection (LeaderElection.java:askForVotes(178)) - e887c5fb-6c7f-48d0-908d-014a119bd478@group-9DE2FB05DAD4-LeaderElection165: begin an election at term 1 for -1: [e887c5fb-6c7f-48d0-908d-014a119bd478:192.168.69.79:44398], old=null
2019-11-16 00:26:30,896 [1d1fab7d-6382-4228-8566-b1891c590073@group-00EE5274A815-LeaderElection166] INFO  impl.LeaderElection (LeaderElection.java:askForVotes(178)) - 1d1fab7d-6382-4228-8566-b1891c590073@group-00EE5274A815-LeaderElection166: begin an election at term 1 for -1: [1d1fab7d-6382-4228-8566-b1891c590073:192.168.69.79:34425], old=null
2019-11-16 00:26:30,896 [e887c5fb-6c7f-48d0-908d-014a119bd478@group-9DE2FB05DAD4-LeaderElection165] INFO  impl.RoleInfo (RoleInfo.java:shutdownLeaderElection(134)) - e887c5fb-6c7f-48d0-908d-014a119bd478: shutdown LeaderElection
2019-11-16 00:26:30,896 [1d1fab7d-6382-4228-8566-b1891c590073@group-00EE5274A815-LeaderElection166] INFO  impl.RoleInfo (RoleInfo.java:shutdownLeaderElection(134)) - 1d1fab7d-6382-4228-8566-b1891c590073: shutdown LeaderElection
2019-11-16 00:26:30,897 [e887c5fb-6c7f-48d0-908d-014a119bd478@group-9DE2FB05DAD4-LeaderElection165] INFO  impl.RaftServerImpl (RaftServerImpl.java:setRole(173)) - e887c5fb-6c7f-48d0-908d-014a119bd478@group-9DE2FB05DAD4: changes role from CANDIDATE to LEADER at term 1 for changeToLeader
2019-11-16 00:26:30,897 [1d1fab7d-6382-4228-8566-b1891c590073@group-00EE5274A815-LeaderElection166] INFO  impl.RaftServerImpl (RaftServerImpl.java:setRole(173)) - 1d1fab7d-6382-4228-8566-b1891c590073@group-00EE5274A815: changes role from CANDIDATE to LEADER at term 1 for changeToLeader
2019-11-16 00:26:30,897 [e887c5fb-6c7f-48d0-908d-014a119bd478@group-9DE2FB05DAD4-LeaderElection165] INFO  ratis.XceiverServerRatis (XceiverServerRatis.java:handleLeaderChangedNotification(697)) - Leader change notification received for group: group-9DE2FB05DAD4 with new leaderId: e887c5fb-6c7f-48d0-908d-014a119bd478
2019-11-16 00:26:30,897 [1d1fab7d-6382-4228-8566-b1891c590073@group-00EE5274A815-LeaderElection166] INFO  ratis.XceiverServerRatis (XceiverServerRatis.java:handleLeaderChangedNotification(697)) - Leader change notification received for group: group-00EE5274A815 with new leaderId: 1d1fab7d-6382-4228-8566-b1891c590073
2019-11-16 00:26:30,897 [e887c5fb-6c7f-48d0-908d-014a119bd478@group-9DE2FB05DAD4-LeaderElection165] INFO  impl.RaftServerImpl (ServerState.java:setLeader(255)) - e887c5fb-6c7f-48d0-908d-014a119bd478@group-9DE2FB05DAD4: change Leader from null to e887c5fb-6c7f-48d0-908d-014a119bd478 at term 1 for becomeLeader, leader elected after 1153ms
2019-11-16 00:26:30,897 [1d1fab7d-6382-4228-8566-b1891c590073@group-00EE5274A815-LeaderElection166] INFO  impl.RaftServerImpl (ServerState.java:setLeader(255)) - 1d1fab7d-6382-4228-8566-b1891c590073@group-00EE5274A815: change Leader from null to 1d1fab7d-6382-4228-8566-b1891c590073 at term 1 for becomeLeader, leader elected after 1111ms
2019-11-16 00:26:30,897 [e887c5fb-6c7f-48d0-908d-014a119bd478@group-9DE2FB05DAD4-LeaderElection165] INFO  server.RaftServerConfigKeys (ConfUtils.java:logGet(43)) - raft.server.staging.catchup.gap = 1000 (default)
2019-11-16 00:26:30,897 [1d1fab7d-6382-4228-8566-b1891c590073@group-00EE5274A815-LeaderElection166] INFO  server.RaftServerConfigKeys (ConfUtils.java:logGet(43)) - raft.server.staging.catchup.gap = 1000 (default)
2019-11-16 00:26:30,899 [e887c5fb-6c7f-48d0-908d-014a119bd478@group-9DE2FB05DAD4-LeaderElection165] INFO  server.RaftServerConfigKeys (ConfUtils.java:logGet(43)) - raft.server.rpc.sleep.time = 25ms (default)
2019-11-16 00:26:30,899 [1d1fab7d-6382-4228-8566-b1891c590073@group-00EE5274A815-LeaderElection166] INFO  server.RaftServerConfigKeys (ConfUtils.java:logGet(43)) - raft.server.rpc.sleep.time = 25ms (default)
2019-11-16 00:26:30,900 [e887c5fb-6c7f-48d0-908d-014a119bd478@group-9DE2FB05DAD4-LeaderElection165] INFO  server.RaftServerConfigKeys (ConfUtils.java:logGet(43)) - raft.server.write.element-limit = 4096 (default)
2019-11-16 00:26:30,901 [1d1fab7d-6382-4228-8566-b1891c590073@group-00EE5274A815-LeaderElection166] INFO  server.RaftServerConfigKeys (ConfUtils.java:logGet(43)) - raft.server.write.element-limit = 4096 (default)
2019-11-16 00:26:30,901 [e887c5fb-6c7f-48d0-908d-014a119bd478@group-9DE2FB05DAD4-LeaderElection165] INFO  server.RaftServerConfigKeys (ConfUtils.java:logGet(43)) - raft.server.watch.timeout = 10s (default)
2019-11-16 00:26:30,901 [1d1fab7d-6382-4228-8566-b1891c590073@group-00EE5274A815-LeaderElection166] INFO  server.RaftServerConfigKeys (ConfUtils.java:logGet(43)) - raft.server.watch.timeout = 10s (default)
2019-11-16 00:26:30,901 [e887c5fb-6c7f-48d0-908d-014a119bd478@group-9DE2FB05DAD4-LeaderElection165] INFO  server.RaftServerConfigKeys (ConfUtils.java:logGet(43)) - raft.server.watch.timeout.denomination = 1s (default)
2019-11-16 00:26:30,901 [1d1fab7d-6382-4228-8566-b1891c590073@group-00EE5274A815-LeaderElection166] INFO  server.RaftServerConfigKeys (ConfUtils.java:logGet(43)) - raft.server.watch.timeout.denomination = 1s (default)
2019-11-16 00:26:30,901 [e887c5fb-6c7f-48d0-908d-014a119bd478@group-9DE2FB05DAD4-LeaderElection165] INFO  server.RaftServerConfigKeys (ConfUtils.java:logGet(43)) - raft.server.watch.element-limit = 65536 (default)
2019-11-16 00:26:30,901 [EventQueue-PipelineReportForPipelineReportHandler] INFO  pipeline.PipelineStateManager (PipelineStateManager.java:openPipeline(134)) - Pipeline Pipeline[ Id: da5d1ed8-7685-4879-acd6-9de2fb05dad4, Nodes: e887c5fb-6c7f-48d0-908d-014a119bd478{ip: 192.168.69.79, host: pr-hdds-2501-b5dhd-1197665634, networkLocation: /rack1, certSerialId: null}, Type:RATIS, Factor:ONE, State:OPEN] moved to OPEN state
2019-11-16 00:26:30,901 [e887c5fb-6c7f-48d0-908d-014a119bd478@group-9DE2FB05DAD4-LeaderElection165] INFO  impl.RoleInfo (RoleInfo.java:updateAndGet(143)) - e887c5fb-6c7f-48d0-908d-014a119bd478: start LeaderState
2019-11-16 00:26:30,901 [1d1fab7d-6382-4228-8566-b1891c590073@group-00EE5274A815-LeaderElection166] INFO  server.RaftServerConfigKeys (ConfUtils.java:logGet(43)) - raft.server.watch.element-limit = 65536 (default)
2019-11-16 00:26:30,901 [EventQueue-PipelineReportForPipelineReportHandler] INFO  pipeline.PipelineStateManager (PipelineStateManager.java:openPipeline(134)) - Pipeline Pipeline[ Id: 814f3a28-ceca-46da-9bff-00ee5274a815, Nodes: 1d1fab7d-6382-4228-8566-b1891c590073{ip: 192.168.69.79, host: pr-hdds-2501-b5dhd-1197665634, networkLocation: /rack1, certSerialId: null}, Type:RATIS, Factor:ONE, State:OPEN] moved to OPEN state
2019-11-16 00:26:30,901 [1d1fab7d-6382-4228-8566-b1891c590073@group-00EE5274A815-LeaderElection166] INFO  impl.RoleInfo (RoleInfo.java:updateAndGet(143)) - 1d1fab7d-6382-4228-8566-b1891c590073: start LeaderState
2019-11-16 00:26:30,901 [e887c5fb-6c7f-48d0-908d-014a119bd478@group-9DE2FB05DAD4-LeaderElection165] INFO  segmented.SegmentedRaftLogWorker (SegmentedRaftLogWorker.java:startLogSegment(385)) - e887c5fb-6c7f-48d0-908d-014a119bd478@group-9DE2FB05DAD4-SegmentedRaftLogWorker: Starting segment from index:0
2019-11-16 00:26:30,902 [1d1fab7d-6382-4228-8566-b1891c590073@group-00EE5274A815-LeaderElection166] INFO  segmented.SegmentedRaftLogWorker (SegmentedRaftLogWorker.java:startLogSegment(385)) - 1d1fab7d-6382-4228-8566-b1891c590073@group-00EE5274A815-SegmentedRaftLogWorker: Starting segment from index:0
2019-11-16 00:26:30,902 [e887c5fb-6c7f-48d0-908d-014a119bd478@group-9DE2FB05DAD4-LeaderElection165] INFO  impl.RaftServerImpl (ServerState.java:setRaftConf(356)) - e887c5fb-6c7f-48d0-908d-014a119bd478@group-9DE2FB05DAD4: set configuration 0: [e887c5fb-6c7f-48d0-908d-014a119bd478:192.168.69.79:44398], old=null at 0
2019-11-16 00:26:30,902 [1d1fab7d-6382-4228-8566-b1891c590073@group-00EE5274A815-LeaderElection166] INFO  impl.RaftServerImpl (ServerState.java:setRaftConf(356)) - 1d1fab7d-6382-4228-8566-b1891c590073@group-00EE5274A815: set configuration 0: [1d1fab7d-6382-4228-8566-b1891c590073:192.168.69.79:34425], old=null at 0
2019-11-16 00:26:30,927 [Thread-4118] INFO  impl.FollowerState (FollowerState.java:run(111)) - 61732ce4-b30f-4383-a457-809dbeacd402@group-B4795C61B187-FollowerState: change to CANDIDATE, lastRpcTime:1097ms, electionTimeout:1097ms
2019-11-16 00:26:30,927 [Thread-4118] INFO  impl.RoleInfo (RoleInfo.java:shutdownFollowerState(121)) - 61732ce4-b30f-4383-a457-809dbeacd402: shutdown FollowerState
2019-11-16 00:26:30,927 [Thread-4118] INFO  impl.RaftServerImpl (RaftServerImpl.java:setRole(173)) - 61732ce4-b30f-4383-a457-809dbeacd402@group-B4795C61B187: changes role from  FOLLOWER to CANDIDATE at term 0 for changeToCandidate
2019-11-16 00:26:30,927 [Thread-4118] INFO  impl.RoleInfo (RoleInfo.java:updateAndGet(143)) - 61732ce4-b30f-4383-a457-809dbeacd402: start LeaderElection
2019-11-16 00:26:30,949 [Thread-4121] INFO  impl.FollowerState (FollowerState.java:run(111)) - e887c5fb-6c7f-48d0-908d-014a119bd478@group-FB1210D7284D-FollowerState: change to CANDIDATE, lastRpcTime:1074ms, electionTimeout:1074ms
2019-11-16 00:26:30,950 [Thread-4121] INFO  impl.RoleInfo (RoleInfo.java:shutdownFollowerState(121)) - e887c5fb-6c7f-48d0-908d-014a119bd478: shutdown FollowerState
2019-11-16 00:26:30,950 [Thread-4121] INFO  impl.RaftServerImpl (RaftServerImpl.java:setRole(173)) - e887c5fb-6c7f-48d0-908d-014a119bd478@group-FB1210D7284D: changes role from  FOLLOWER to CANDIDATE at term 0 for changeToCandidate
2019-11-16 00:26:30,950 [Thread-4121] INFO  impl.RoleInfo (RoleInfo.java:updateAndGet(143)) - e887c5fb-6c7f-48d0-908d-014a119bd478: start LeaderElection
2019-11-16 00:26:30,953 [e887c5fb-6c7f-48d0-908d-014a119bd478@group-9DE2FB05DAD4-SegmentedRaftLogWorker] INFO  segmented.SegmentedRaftLogWorker (SegmentedRaftLogWorker.java:execute(576)) - e887c5fb-6c7f-48d0-908d-014a119bd478@group-9DE2FB05DAD4-SegmentedRaftLogWorker: created new log segment /workdir/hadoop-ozone/integration-test/target/test-dir/MiniOzoneClusterImpl-ec73e7b8-24c6-4197-838c-bd0443d97e1c/datanode-7/data/ratis/da5d1ed8-7685-4879-acd6-9de2fb05dad4/current/log_inprogress_0
2019-11-16 00:26:30,953 [61732ce4-b30f-4383-a457-809dbeacd402@group-B4795C61B187-LeaderElection167] INFO  impl.LeaderElection (LeaderElection.java:askForVotes(178)) - 61732ce4-b30f-4383-a457-809dbeacd402@group-B4795C61B187-LeaderElection167: begin an election at term 1 for -1: [61732ce4-b30f-4383-a457-809dbeacd402:192.168.69.79:33225], old=null
2019-11-16 00:26:30,953 [1d1fab7d-6382-4228-8566-b1891c590073@group-00EE5274A815-SegmentedRaftLogWorker] INFO  segmented.SegmentedRaftLogWorker (SegmentedRaftLogWorker.java:execute(576)) - 1d1fab7d-6382-4228-8566-b1891c590073@group-00EE5274A815-SegmentedRaftLogWorker: created new log segment /workdir/hadoop-ozone/integration-test/target/test-dir/MiniOzoneClusterImpl-ec73e7b8-24c6-4197-838c-bd0443d97e1c/datanode-9/data/ratis/814f3a28-ceca-46da-9bff-00ee5274a815/current/log_inprogress_0
2019-11-16 00:26:30,953 [61732ce4-b30f-4383-a457-809dbeacd402@group-B4795C61B187-LeaderElection167] INFO  impl.RoleInfo (RoleInfo.java:shutdownLeaderElection(134)) - 61732ce4-b30f-4383-a457-809dbeacd402: shutdown LeaderElection
2019-11-16 00:26:30,953 [61732ce4-b30f-4383-a457-809dbeacd402@group-B4795C61B187-LeaderElection167] INFO  impl.RaftServerImpl (RaftServerImpl.java:setRole(173)) - 61732ce4-b30f-4383-a457-809dbeacd402@group-B4795C61B187: changes role from CANDIDATE to LEADER at term 1 for changeToLeader
2019-11-16 00:26:30,953 [61732ce4-b30f-4383-a457-809dbeacd402@group-B4795C61B187-LeaderElection167] INFO  ratis.XceiverServerRatis (XceiverServerRatis.java:handleLeaderChangedNotification(697)) - Leader change notification received for group: group-B4795C61B187 with new leaderId: 61732ce4-b30f-4383-a457-809dbeacd402
2019-11-16 00:26:30,953 [61732ce4-b30f-4383-a457-809dbeacd402@group-B4795C61B187-LeaderElection167] INFO  impl.RaftServerImpl (ServerState.java:setLeader(255)) - 61732ce4-b30f-4383-a457-809dbeacd402@group-B4795C61B187: change Leader from null to 61732ce4-b30f-4383-a457-809dbeacd402 at term 1 for becomeLeader, leader elected after 1127ms
2019-11-16 00:26:30,953 [61732ce4-b30f-4383-a457-809dbeacd402@group-B4795C61B187-LeaderElection167] INFO  server.RaftServerConfigKeys (ConfUtils.java:logGet(43)) - raft.server.staging.catchup.gap = 1000 (default)
2019-11-16 00:26:30,953 [61732ce4-b30f-4383-a457-809dbeacd402@group-B4795C61B187-LeaderElection167] INFO  server.RaftServerConfigKeys (ConfUtils.java:logGet(43)) - raft.server.rpc.sleep.time = 25ms (default)
2019-11-16 00:26:30,955 [61732ce4-b30f-4383-a457-809dbeacd402@group-B4795C61B187-LeaderElection167] INFO  server.RaftServerConfigKeys (ConfUtils.java:logGet(43)) - raft.server.write.element-limit = 4096 (default)
2019-11-16 00:26:30,955 [61732ce4-b30f-4383-a457-809dbeacd402@group-B4795C61B187-LeaderElection167] INFO  server.RaftServerConfigKeys (ConfUtils.java:logGet(43)) - raft.server.watch.timeout = 10s (default)
2019-11-16 00:26:30,955 [61732ce4-b30f-4383-a457-809dbeacd402@group-B4795C61B187-LeaderElection167] INFO  server.RaftServerConfigKeys (ConfUtils.java:logGet(43)) - raft.server.watch.timeout.denomination = 1s (default)
2019-11-16 00:26:30,955 [61732ce4-b30f-4383-a457-809dbeacd402@group-B4795C61B187-LeaderElection167] INFO  server.RaftServerConfigKeys (ConfUtils.java:logGet(43)) - raft.server.watch.element-limit = 65536 (default)
2019-11-16 00:26:30,955 [61732ce4-b30f-4383-a457-809dbeacd402@group-B4795C61B187-LeaderElection167] INFO  impl.RoleInfo (RoleInfo.java:updateAndGet(143)) - 61732ce4-b30f-4383-a457-809dbeacd402: start LeaderState
2019-11-16 00:26:30,956 [61732ce4-b30f-4383-a457-809dbeacd402@group-B4795C61B187-LeaderElection167] INFO  segmented.SegmentedRaftLogWorker (SegmentedRaftLogWorker.java:startLogSegment(385)) - 61732ce4-b30f-4383-a457-809dbeacd402@group-B4795C61B187-SegmentedRaftLogWorker: Starting segment from index:0
2019-11-16 00:26:30,956 [EventQueue-PipelineReportForPipelineReportHandler] INFO  pipeline.PipelineStateManager (PipelineStateManager.java:openPipeline(134)) - Pipeline Pipeline[ Id: 4ef92b6a-a821-4d98-a310-b4795c61b187, Nodes: 61732ce4-b30f-4383-a457-809dbeacd402{ip: 192.168.69.79, host: pr-hdds-2501-b5dhd-1197665634, networkLocation: /rack1, certSerialId: null}, Type:RATIS, Factor:ONE, State:OPEN] moved to OPEN state
2019-11-16 00:26:30,956 [61732ce4-b30f-4383-a457-809dbeacd402@group-B4795C61B187-LeaderElection167] INFO  impl.RaftServerImpl (ServerState.java:setRaftConf(356)) - 61732ce4-b30f-4383-a457-809dbeacd402@group-B4795C61B187: set configuration 0: [61732ce4-b30f-4383-a457-809dbeacd402:192.168.69.79:33225], old=null at 0
2019-11-16 00:26:30,969 [e887c5fb-6c7f-48d0-908d-014a119bd478@group-FB1210D7284D-LeaderElection168] INFO  impl.LeaderElection (LeaderElection.java:askForVotes(178)) - e887c5fb-6c7f-48d0-908d-014a119bd478@group-FB1210D7284D-LeaderElection168: begin an election at term 1 for -1: [82886741-ea2e-41d6-b944-d04bb5a8b025:192.168.69.79:37949, 1d1fab7d-6382-4228-8566-b1891c590073:192.168.69.79:34425, e887c5fb-6c7f-48d0-908d-014a119bd478:192.168.69.79:44398], old=null
2019-11-16 00:26:30,985 [grpc-default-executor-3] INFO  impl.RaftServerImpl (RaftServerImpl.java:setRole(173)) - 82886741-ea2e-41d6-b944-d04bb5a8b025@group-FB1210D7284D: changes role from  FOLLOWER to FOLLOWER at term 1 for recognizeCandidate:e887c5fb-6c7f-48d0-908d-014a119bd478
2019-11-16 00:26:30,985 [grpc-default-executor-3] INFO  impl.RoleInfo (RoleInfo.java:shutdownFollowerState(121)) - 82886741-ea2e-41d6-b944-d04bb5a8b025: shutdown FollowerState
2019-11-16 00:26:30,985 [grpc-default-executor-3] INFO  impl.RoleInfo (RoleInfo.java:updateAndGet(143)) - 82886741-ea2e-41d6-b944-d04bb5a8b025: start FollowerState
2019-11-16 00:26:30,987 [grpc-default-executor-2] INFO  impl.RaftServerImpl (RaftServerImpl.java:setRole(173)) - 1d1fab7d-6382-4228-8566-b1891c590073@group-FB1210D7284D: changes role from  FOLLOWER to FOLLOWER at term 1 for recognizeCandidate:e887c5fb-6c7f-48d0-908d-014a119bd478
2019-11-16 00:26:30,987 [grpc-default-executor-2] INFO  impl.RoleInfo (RoleInfo.java:shutdownFollowerState(121)) - 1d1fab7d-6382-4228-8566-b1891c590073: shutdown FollowerState
2019-11-16 00:26:30,987 [grpc-default-executor-2] INFO  impl.RoleInfo (RoleInfo.java:updateAndGet(143)) - 1d1fab7d-6382-4228-8566-b1891c590073: start FollowerState
2019-11-16 00:26:30,987 [Thread-4125] INFO  impl.FollowerState (FollowerState.java:run(120)) - 1d1fab7d-6382-4228-8566-b1891c590073@group-FB1210D7284D-FollowerState was interrupted: java.lang.InterruptedException: sleep interrupted
2019-11-16 00:26:30,998 [61732ce4-b30f-4383-a457-809dbeacd402@group-B4795C61B187-SegmentedRaftLogWorker] INFO  segmented.SegmentedRaftLogWorker (SegmentedRaftLogWorker.java:execute(576)) - 61732ce4-b30f-4383-a457-809dbeacd402@group-B4795C61B187-SegmentedRaftLogWorker: created new log segment /workdir/hadoop-ozone/integration-test/target/test-dir/MiniOzoneClusterImpl-ec73e7b8-24c6-4197-838c-bd0443d97e1c/datanode-8/data/ratis/4ef92b6a-a821-4d98-a310-b4795c61b187/current/log_inprogress_0
2019-11-16 00:26:30,998 [e887c5fb-6c7f-48d0-908d-014a119bd478@group-FB1210D7284D-LeaderElection168] INFO  impl.LeaderElection (LeaderElection.java:logAndReturn(56)) - e887c5fb-6c7f-48d0-908d-014a119bd478@group-FB1210D7284D-LeaderElection168: Election PASSED; received 1 response(s) [e887c5fb-6c7f-48d0-908d-014a119bd478<-82886741-ea2e-41d6-b944-d04bb5a8b025#0:OK-t1] and 0 exception(s); e887c5fb-6c7f-48d0-908d-014a119bd478@group-FB1210D7284D:t1, leader=null, voted=e887c5fb-6c7f-48d0-908d-014a119bd478, raftlog=e887c5fb-6c7f-48d0-908d-014a119bd478@group-FB1210D7284D-SegmentedRaftLog:OPENED:c-1,f-1,i0, conf=-1: [82886741-ea2e-41d6-b944-d04bb5a8b025:192.168.69.79:37949, 1d1fab7d-6382-4228-8566-b1891c590073:192.168.69.79:34425, e887c5fb-6c7f-48d0-908d-014a119bd478:192.168.69.79:44398], old=null
2019-11-16 00:26:30,999 [e887c5fb-6c7f-48d0-908d-014a119bd478@group-FB1210D7284D-LeaderElection168] INFO  impl.RoleInfo (RoleInfo.java:shutdownLeaderElection(134)) - e887c5fb-6c7f-48d0-908d-014a119bd478: shutdown LeaderElection
2019-11-16 00:26:30,999 [e887c5fb-6c7f-48d0-908d-014a119bd478@group-FB1210D7284D-LeaderElection168] INFO  impl.RaftServerImpl (RaftServerImpl.java:setRole(173)) - e887c5fb-6c7f-48d0-908d-014a119bd478@group-FB1210D7284D: changes role from CANDIDATE to LEADER at term 1 for changeToLeader
2019-11-16 00:26:30,999 [e887c5fb-6c7f-48d0-908d-014a119bd478@group-FB1210D7284D-LeaderElection168] INFO  ratis.XceiverServerRatis (XceiverServerRatis.java:handleLeaderChangedNotification(697)) - Leader change notification received for group: group-FB1210D7284D with new leaderId: e887c5fb-6c7f-48d0-908d-014a119bd478
2019-11-16 00:26:30,999 [e887c5fb-6c7f-48d0-908d-014a119bd478@group-FB1210D7284D-LeaderElection168] INFO  impl.RaftServerImpl (ServerState.java:setLeader(255)) - e887c5fb-6c7f-48d0-908d-014a119bd478@group-FB1210D7284D: change Leader from null to e887c5fb-6c7f-48d0-908d-014a119bd478 at term 1 for becomeLeader, leader elected after 1128ms
2019-11-16 00:26:30,999 [e887c5fb-6c7f-48d0-908d-014a119bd478@group-FB1210D7284D-LeaderElection168] INFO  server.RaftServerConfigKeys (ConfUtils.java:logGet(43)) - raft.server.staging.catchup.gap = 1000 (default)
2019-11-16 00:26:30,999 [e887c5fb-6c7f-48d0-908d-014a119bd478@group-FB1210D7284D-LeaderElection168] INFO  server.RaftServerConfigKeys (ConfUtils.java:logGet(43)) - raft.server.rpc.sleep.time = 25ms (default)
2019-11-16 00:26:30,999 [e887c5fb-6c7f-48d0-908d-014a119bd478@group-FB1210D7284D-LeaderElection168] INFO  server.RaftServerConfigKeys (ConfUtils.java:logGet(43)) - raft.server.write.element-limit = 4096 (default)
2019-11-16 00:26:30,999 [e887c5fb-6c7f-48d0-908d-014a119bd478@group-FB1210D7284D-LeaderElection168] INFO  server.RaftServerConfigKeys (ConfUtils.java:logGet(43)) - raft.server.watch.timeout = 10s (default)
2019-11-16 00:26:30,999 [e887c5fb-6c7f-48d0-908d-014a119bd478@group-FB1210D7284D-LeaderElection168] INFO  server.RaftServerConfigKeys (ConfUtils.java:logGet(43)) - raft.server.watch.timeout.denomination = 1s (default)
2019-11-16 00:26:31,000 [e887c5fb-6c7f-48d0-908d-014a119bd478@group-FB1210D7284D-LeaderElection168] INFO  server.RaftServerConfigKeys (ConfUtils.java:logGet(43)) - raft.server.watch.element-limit = 65536 (default)
2019-11-16 00:26:31,000 [EventQueue-PipelineReportForPipelineReportHandler] INFO  pipeline.PipelineStateManager (PipelineStateManager.java:openPipeline(134)) - Pipeline Pipeline[ Id: 2f000000-7ffe-43e9-a2a0-fb1210d7284d, Nodes: 82886741-ea2e-41d6-b944-d04bb5a8b025{ip: 192.168.69.79, host: pr-hdds-2501-b5dhd-1197665634, networkLocation: /rack1, certSerialId: null}e887c5fb-6c7f-48d0-908d-014a119bd478{ip: 192.168.69.79, host: pr-hdds-2501-b5dhd-1197665634, networkLocation: /rack1, certSerialId: null}1d1fab7d-6382-4228-8566-b1891c590073{ip: 192.168.69.79, host: pr-hdds-2501-b5dhd-1197665634, networkLocation: /rack1, certSerialId: null}, Type:RATIS, Factor:THREE, State:OPEN] moved to OPEN state
2019-11-16 00:26:31,000 [e887c5fb-6c7f-48d0-908d-014a119bd478@group-FB1210D7284D-LeaderElection168] INFO  server.RaftServerConfigKeys (ConfUtils.java:logGet(43)) - raft.server.log.appender.snapshot.chunk.size.max = 16MB (=16777216) (default)
2019-11-16 00:26:31,000 [e887c5fb-6c7f-48d0-908d-014a119bd478@group-FB1210D7284D-LeaderElection168] INFO  server.RaftServerConfigKeys (ConfUtils.java:logGet(43)) - raft.server.log.appender.buffer.byte-limit = 33554432 (custom)
2019-11-16 00:26:31,000 [e887c5fb-6c7f-48d0-908d-014a119bd478@group-FB1210D7284D-LeaderElection168] INFO  server.RaftServerConfigKeys (ConfUtils.java:logGet(43)) - raft.server.log.appender.buffer.element-limit = 1 (custom)
2019-11-16 00:26:31,000 [e887c5fb-6c7f-48d0-908d-014a119bd478@group-FB1210D7284D-LeaderElection168] INFO  grpc.GrpcConfigKeys$Server (ConfUtils.java:logGet(43)) - raft.grpc.server.leader.outstanding.appends.max = 128 (default)
2019-11-16 00:26:31,000 [e887c5fb-6c7f-48d0-908d-014a119bd478@group-FB1210D7284D-LeaderElection168] INFO  server.RaftServerConfigKeys (ConfUtils.java:logGet(43)) - raft.server.rpc.request.timeout = 3000ms (default)
2019-11-16 00:26:31,000 [e887c5fb-6c7f-48d0-908d-014a119bd478@group-FB1210D7284D-LeaderElection168] INFO  server.RaftServerConfigKeys (ConfUtils.java:logGet(43)) - raft.server.log.appender.install.snapshot.enabled = false (custom)
2019-11-16 00:26:31,001 [e887c5fb-6c7f-48d0-908d-014a119bd478@group-FB1210D7284D-LeaderElection168] WARN  impl.MetricRegistriesImpl (MetricRegistriesImpl.java:lambda$create$1(61)) - First MetricRegistry has been created without registering reporters. You may need to call MetricRegistries.global().addReportRegistration(...) before.
2019-11-16 00:26:31,001 [e887c5fb-6c7f-48d0-908d-014a119bd478@group-FB1210D7284D-LeaderElection168] INFO  server.RaftServerConfigKeys (ConfUtils.java:logGet(43)) - raft.server.log.appender.snapshot.chunk.size.max = 16MB (=16777216) (default)
2019-11-16 00:26:31,001 [e887c5fb-6c7f-48d0-908d-014a119bd478@group-FB1210D7284D-LeaderElection168] INFO  server.RaftServerConfigKeys (ConfUtils.java:logGet(43)) - raft.server.log.appender.buffer.byte-limit = 33554432 (custom)
2019-11-16 00:26:31,001 [e887c5fb-6c7f-48d0-908d-014a119bd478@group-FB1210D7284D-LeaderElection168] INFO  server.RaftServerConfigKeys (ConfUtils.java:logGet(43)) - raft.server.log.appender.buffer.element-limit = 1 (custom)
2019-11-16 00:26:31,001 [e887c5fb-6c7f-48d0-908d-014a119bd478@group-FB1210D7284D-LeaderElection168] INFO  grpc.GrpcConfigKeys$Server (ConfUtils.java:logGet(43)) - raft.grpc.server.leader.outstanding.appends.max = 128 (default)
2019-11-16 00:26:31,001 [e887c5fb-6c7f-48d0-908d-014a119bd478@group-FB1210D7284D-LeaderElection168] INFO  server.RaftServerConfigKeys (ConfUtils.java:logGet(43)) - raft.server.rpc.request.timeout = 3000ms (default)
2019-11-16 00:26:31,001 [e887c5fb-6c7f-48d0-908d-014a119bd478@group-FB1210D7284D-LeaderElection168] INFO  server.RaftServerConfigKeys (ConfUtils.java:logGet(43)) - raft.server.log.appender.install.snapshot.enabled = false (custom)
2019-11-16 00:26:31,001 [e887c5fb-6c7f-48d0-908d-014a119bd478@group-FB1210D7284D-LeaderElection168] INFO  impl.RoleInfo (RoleInfo.java:updateAndGet(143)) - e887c5fb-6c7f-48d0-908d-014a119bd478: start LeaderState
2019-11-16 00:26:31,002 [e887c5fb-6c7f-48d0-908d-014a119bd478@group-FB1210D7284D-LeaderElection168] INFO  segmented.SegmentedRaftLogWorker (SegmentedRaftLogWorker.java:startLogSegment(385)) - e887c5fb-6c7f-48d0-908d-014a119bd478@group-FB1210D7284D-SegmentedRaftLogWorker: Starting segment from index:0
2019-11-16 00:26:31,002 [e887c5fb-6c7f-48d0-908d-014a119bd478@group-FB1210D7284D-LeaderElection168] INFO  impl.RaftServerImpl (ServerState.java:setRaftConf(356)) - e887c5fb-6c7f-48d0-908d-014a119bd478@group-FB1210D7284D: set configuration 0: [82886741-ea2e-41d6-b944-d04bb5a8b025:192.168.69.79:37949, 1d1fab7d-6382-4228-8566-b1891c590073:192.168.69.79:34425, e887c5fb-6c7f-48d0-908d-014a119bd478:192.168.69.79:44398], old=null at 0
2019-11-16 00:26:31,033 [grpc-default-executor-3] INFO  ratis.XceiverServerRatis (XceiverServerRatis.java:handleLeaderChangedNotification(697)) - Leader change notification received for group: group-FB1210D7284D with new leaderId: e887c5fb-6c7f-48d0-908d-014a119bd478
2019-11-16 00:26:31,033 [grpc-default-executor-2] INFO  ratis.XceiverServerRatis (XceiverServerRatis.java:handleLeaderChangedNotification(697)) - Leader change notification received for group: group-FB1210D7284D with new leaderId: e887c5fb-6c7f-48d0-908d-014a119bd478
2019-11-16 00:26:31,033 [grpc-default-executor-3] INFO  impl.RaftServerImpl (ServerState.java:setLeader(255)) - 82886741-ea2e-41d6-b944-d04bb5a8b025@group-FB1210D7284D: change Leader from null to e887c5fb-6c7f-48d0-908d-014a119bd478 at term 1 for appendEntries, leader elected after 1162ms
2019-11-16 00:26:31,033 [grpc-default-executor-2] INFO  impl.RaftServerImpl (ServerState.java:setLeader(255)) - 1d1fab7d-6382-4228-8566-b1891c590073@group-FB1210D7284D: change Leader from null to e887c5fb-6c7f-48d0-908d-014a119bd478 at term 1 for appendEntries, leader elected after 1163ms
2019-11-16 00:26:31,035 [grpc-default-executor-2] INFO  impl.RaftServerImpl (ServerState.java:setRaftConf(356)) - 82886741-ea2e-41d6-b944-d04bb5a8b025@group-FB1210D7284D: set configuration 0: [82886741-ea2e-41d6-b944-d04bb5a8b025:192.168.69.79:37949, 1d1fab7d-6382-4228-8566-b1891c590073:192.168.69.79:34425, e887c5fb-6c7f-48d0-908d-014a119bd478:192.168.69.79:44398], old=null at 0
2019-11-16 00:26:31,035 [grpc-default-executor-2] INFO  segmented.SegmentedRaftLogWorker (SegmentedRaftLogWorker.java:startLogSegment(385)) - 82886741-ea2e-41d6-b944-d04bb5a8b025@group-FB1210D7284D-SegmentedRaftLogWorker: Starting segment from index:0
2019-11-16 00:26:31,035 [grpc-default-executor-3] INFO  impl.RaftServerImpl (ServerState.java:setRaftConf(356)) - 1d1fab7d-6382-4228-8566-b1891c590073@group-FB1210D7284D: set configuration 0: [82886741-ea2e-41d6-b944-d04bb5a8b025:192.168.69.79:37949, 1d1fab7d-6382-4228-8566-b1891c590073:192.168.69.79:34425, e887c5fb-6c7f-48d0-908d-014a119bd478:192.168.69.79:44398], old=null at 0
2019-11-16 00:26:31,035 [grpc-default-executor-3] INFO  segmented.SegmentedRaftLogWorker (SegmentedRaftLogWorker.java:startLogSegment(385)) - 1d1fab7d-6382-4228-8566-b1891c590073@group-FB1210D7284D-SegmentedRaftLogWorker: Starting segment from index:0
2019-11-16 00:26:31,069 [e887c5fb-6c7f-48d0-908d-014a119bd478@group-FB1210D7284D-SegmentedRaftLogWorker] INFO  segmented.SegmentedRaftLogWorker (SegmentedRaftLogWorker.java:execute(576)) - e887c5fb-6c7f-48d0-908d-014a119bd478@group-FB1210D7284D-SegmentedRaftLogWorker: created new log segment /workdir/hadoop-ozone/integration-test/target/test-dir/MiniOzoneClusterImpl-ec73e7b8-24c6-4197-838c-bd0443d97e1c/datanode-7/data/ratis/2f000000-7ffe-43e9-a2a0-fb1210d7284d/current/log_inprogress_0
2019-11-16 00:26:31,069 [1d1fab7d-6382-4228-8566-b1891c590073@group-FB1210D7284D-SegmentedRaftLogWorker] INFO  segmented.SegmentedRaftLogWorker (SegmentedRaftLogWorker.java:execute(576)) - 1d1fab7d-6382-4228-8566-b1891c590073@group-FB1210D7284D-SegmentedRaftLogWorker: created new log segment /workdir/hadoop-ozone/integration-test/target/test-dir/MiniOzoneClusterImpl-ec73e7b8-24c6-4197-838c-bd0443d97e1c/datanode-9/data/ratis/2f000000-7ffe-43e9-a2a0-fb1210d7284d/current/log_inprogress_0
2019-11-16 00:26:31,073 [82886741-ea2e-41d6-b944-d04bb5a8b025@group-FB1210D7284D-SegmentedRaftLogWorker] INFO  segmented.SegmentedRaftLogWorker (SegmentedRaftLogWorker.java:execute(576)) - 82886741-ea2e-41d6-b944-d04bb5a8b025@group-FB1210D7284D-SegmentedRaftLogWorker: created new log segment /workdir/hadoop-ozone/integration-test/target/test-dir/MiniOzoneClusterImpl-ec73e7b8-24c6-4197-838c-bd0443d97e1c/datanode-6/data/ratis/2f000000-7ffe-43e9-a2a0-fb1210d7284d/current/log_inprogress_0
2019-11-16 00:26:31,411 [Thread-4144] INFO  impl.FollowerState (FollowerState.java:run(111)) - 84c9c768-243c-47db-bab4-63e35b2a41a2@group-28F631BD8B01-FollowerState: change to CANDIDATE, lastRpcTime:1009ms, electionTimeout:1009ms
2019-11-16 00:26:31,411 [Thread-4144] INFO  impl.RoleInfo (RoleInfo.java:shutdownFollowerState(121)) - 84c9c768-243c-47db-bab4-63e35b2a41a2: shutdown FollowerState
2019-11-16 00:26:31,411 [Thread-4144] INFO  impl.RaftServerImpl (RaftServerImpl.java:setRole(173)) - 84c9c768-243c-47db-bab4-63e35b2a41a2@group-28F631BD8B01: changes role from  FOLLOWER to CANDIDATE at term 1 for changeToCandidate
2019-11-16 00:26:31,411 [Thread-4144] INFO  impl.RoleInfo (RoleInfo.java:updateAndGet(143)) - 84c9c768-243c-47db-bab4-63e35b2a41a2: start LeaderElection
2019-11-16 00:26:31,426 [84c9c768-243c-47db-bab4-63e35b2a41a2@group-28F631BD8B01-LeaderElection169] INFO  impl.LeaderElection (LeaderElection.java:askForVotes(178)) - 84c9c768-243c-47db-bab4-63e35b2a41a2@group-28F631BD8B01-LeaderElection169: begin an election at term 2 for -1: [5140e110-8ff7-42a5-9b32-053ee4f24742:192.168.69.79:33415, 0a2d6f7b-f3b3-43fc-9f44-c893c3969faf:192.168.69.79:34899, 84c9c768-243c-47db-bab4-63e35b2a41a2:192.168.69.79:38689], old=null
2019-11-16 00:26:31,426 [Thread-4146] INFO  impl.FollowerState (FollowerState.java:run(111)) - 5140e110-8ff7-42a5-9b32-053ee4f24742@group-28F631BD8B01-FollowerState: change to CANDIDATE, lastRpcTime:1020ms, electionTimeout:1020ms
2019-11-16 00:26:31,426 [Thread-4146] INFO  impl.RoleInfo (RoleInfo.java:shutdownFollowerState(121)) - 5140e110-8ff7-42a5-9b32-053ee4f24742: shutdown FollowerState
2019-11-16 00:26:31,426 [Thread-4146] INFO  impl.RaftServerImpl (RaftServerImpl.java:setRole(173)) - 5140e110-8ff7-42a5-9b32-053ee4f24742@group-28F631BD8B01: changes role from  FOLLOWER to CANDIDATE at term 1 for changeToCandidate
2019-11-16 00:26:31,426 [Thread-4146] INFO  impl.RoleInfo (RoleInfo.java:updateAndGet(143)) - 5140e110-8ff7-42a5-9b32-053ee4f24742: start LeaderElection
2019-11-16 00:26:31,428 [grpc-default-executor-3] INFO  impl.RaftServerImpl (RaftServerImpl.java:setRole(173)) - 0a2d6f7b-f3b3-43fc-9f44-c893c3969faf@group-28F631BD8B01: changes role from  FOLLOWER to FOLLOWER at term 2 for recognizeCandidate:84c9c768-243c-47db-bab4-63e35b2a41a2
2019-11-16 00:26:31,428 [grpc-default-executor-3] INFO  impl.RoleInfo (RoleInfo.java:shutdownFollowerState(121)) - 0a2d6f7b-f3b3-43fc-9f44-c893c3969faf: shutdown FollowerState
2019-11-16 00:26:31,428 [grpc-default-executor-3] INFO  impl.RoleInfo (RoleInfo.java:updateAndGet(143)) - 0a2d6f7b-f3b3-43fc-9f44-c893c3969faf: start FollowerState
2019-11-16 00:26:31,428 [Thread-4145] INFO  impl.FollowerState (FollowerState.java:run(120)) - 0a2d6f7b-f3b3-43fc-9f44-c893c3969faf@group-28F631BD8B01-FollowerState was interrupted: java.lang.InterruptedException: sleep interrupted
2019-11-16 00:26:31,440 [5140e110-8ff7-42a5-9b32-053ee4f24742@group-28F631BD8B01-LeaderElection170] INFO  impl.LeaderElection (LeaderElection.java:askForVotes(178)) - 5140e110-8ff7-42a5-9b32-053ee4f24742@group-28F631BD8B01-LeaderElection170: begin an election at term 2 for -1: [5140e110-8ff7-42a5-9b32-053ee4f24742:192.168.69.79:33415, 0a2d6f7b-f3b3-43fc-9f44-c893c3969faf:192.168.69.79:34899, 84c9c768-243c-47db-bab4-63e35b2a41a2:192.168.69.79:38689], old=null
2019-11-16 00:26:31,441 [84c9c768-243c-47db-bab4-63e35b2a41a2@group-28F631BD8B01-LeaderElection169] INFO  impl.LeaderElection (LeaderElection.java:logAndReturn(56)) - 84c9c768-243c-47db-bab4-63e35b2a41a2@group-28F631BD8B01-LeaderElection169: Election PASSED; received 1 response(s) [84c9c768-243c-47db-bab4-63e35b2a41a2<-0a2d6f7b-f3b3-43fc-9f44-c893c3969faf#0:OK-t2] and 0 exception(s); 84c9c768-243c-47db-bab4-63e35b2a41a2@group-28F631BD8B01:t2, leader=null, voted=84c9c768-243c-47db-bab4-63e35b2a41a2, raftlog=84c9c768-243c-47db-bab4-63e35b2a41a2@group-28F631BD8B01-SegmentedRaftLog:OPENED:c-1,f-1,i0, conf=-1: [5140e110-8ff7-42a5-9b32-053ee4f24742:192.168.69.79:33415, 0a2d6f7b-f3b3-43fc-9f44-c893c3969faf:192.168.69.79:34899, 84c9c768-243c-47db-bab4-63e35b2a41a2:192.168.69.79:38689], old=null
2019-11-16 00:26:31,441 [84c9c768-243c-47db-bab4-63e35b2a41a2@group-28F631BD8B01-LeaderElection169] INFO  impl.RoleInfo (RoleInfo.java:shutdownLeaderElection(134)) - 84c9c768-243c-47db-bab4-63e35b2a41a2: shutdown LeaderElection
2019-11-16 00:26:31,441 [84c9c768-243c-47db-bab4-63e35b2a41a2@group-28F631BD8B01-LeaderElection169] INFO  impl.RaftServerImpl (RaftServerImpl.java:setRole(173)) - 84c9c768-243c-47db-bab4-63e35b2a41a2@group-28F631BD8B01: changes role from CANDIDATE to LEADER at term 2 for changeToLeader
2019-11-16 00:26:31,441 [84c9c768-243c-47db-bab4-63e35b2a41a2@group-28F631BD8B01-LeaderElection169] INFO  ratis.XceiverServerRatis (XceiverServerRatis.java:handleLeaderChangedNotification(697)) - Leader change notification received for group: group-28F631BD8B01 with new leaderId: 84c9c768-243c-47db-bab4-63e35b2a41a2
2019-11-16 00:26:31,441 [84c9c768-243c-47db-bab4-63e35b2a41a2@group-28F631BD8B01-LeaderElection169] INFO  impl.RaftServerImpl (ServerState.java:setLeader(255)) - 84c9c768-243c-47db-bab4-63e35b2a41a2@group-28F631BD8B01: change Leader from null to 84c9c768-243c-47db-bab4-63e35b2a41a2 at term 2 for becomeLeader, leader elected after 2135ms
2019-11-16 00:26:31,442 [84c9c768-243c-47db-bab4-63e35b2a41a2@group-28F631BD8B01-LeaderElection169] INFO  server.RaftServerConfigKeys (ConfUtils.java:logGet(43)) - raft.server.staging.catchup.gap = 1000 (default)
2019-11-16 00:26:31,442 [84c9c768-243c-47db-bab4-63e35b2a41a2@group-28F631BD8B01-LeaderElection169] INFO  server.RaftServerConfigKeys (ConfUtils.java:logGet(43)) - raft.server.rpc.sleep.time = 25ms (default)
2019-11-16 00:26:31,442 [84c9c768-243c-47db-bab4-63e35b2a41a2@group-28F631BD8B01-LeaderElection169] INFO  server.RaftServerConfigKeys (ConfUtils.java:logGet(43)) - raft.server.write.element-limit = 4096 (default)
2019-11-16 00:26:31,442 [84c9c768-243c-47db-bab4-63e35b2a41a2@group-28F631BD8B01-LeaderElection169] INFO  server.RaftServerConfigKeys (ConfUtils.java:logGet(43)) - raft.server.watch.timeout = 10s (default)
2019-11-16 00:26:31,442 [84c9c768-243c-47db-bab4-63e35b2a41a2@group-28F631BD8B01-LeaderElection169] INFO  server.RaftServerConfigKeys (ConfUtils.java:logGet(43)) - raft.server.watch.timeout.denomination = 1s (default)
2019-11-16 00:26:31,442 [84c9c768-243c-47db-bab4-63e35b2a41a2@group-28F631BD8B01-LeaderElection169] INFO  server.RaftServerConfigKeys (ConfUtils.java:logGet(43)) - raft.server.watch.element-limit = 65536 (default)
2019-11-16 00:26:31,442 [EventQueue-PipelineReportForPipelineReportHandler] INFO  pipeline.PipelineStateManager (PipelineStateManager.java:openPipeline(134)) - Pipeline Pipeline[ Id: f65c172c-2fab-4648-982a-28f631bd8b01, Nodes: 0a2d6f7b-f3b3-43fc-9f44-c893c3969faf{ip: 192.168.69.79, host: pr-hdds-2501-b5dhd-1197665634, networkLocation: /rack1, certSerialId: null}84c9c768-243c-47db-bab4-63e35b2a41a2{ip: 192.168.69.79, host: pr-hdds-2501-b5dhd-1197665634, networkLocation: /rack1, certSerialId: null}5140e110-8ff7-42a5-9b32-053ee4f24742{ip: 192.168.69.79, host: pr-hdds-2501-b5dhd-1197665634, networkLocation: /rack1, certSerialId: null}, Type:RATIS, Factor:THREE, State:OPEN] moved to OPEN state
2019-11-16 00:26:31,442 [84c9c768-243c-47db-bab4-63e35b2a41a2@group-28F631BD8B01-LeaderElection169] INFO  server.RaftServerConfigKeys (ConfUtils.java:logGet(43)) - raft.server.log.appender.snapshot.chunk.size.max = 16MB (=16777216) (default)
2019-11-16 00:26:31,443 [84c9c768-243c-47db-bab4-63e35b2a41a2@group-28F631BD8B01-LeaderElection169] INFO  server.RaftServerConfigKeys (ConfUtils.java:logGet(43)) - raft.server.log.appender.buffer.byte-limit = 33554432 (custom)
2019-11-16 00:26:31,443 [84c9c768-243c-47db-bab4-63e35b2a41a2@group-28F631BD8B01-LeaderElection169] INFO  server.RaftServerConfigKeys (ConfUtils.java:logGet(43)) - raft.server.log.appender.buffer.element-limit = 1 (custom)
2019-11-16 00:26:31,443 [84c9c768-243c-47db-bab4-63e35b2a41a2@group-28F631BD8B01-LeaderElection169] INFO  grpc.GrpcConfigKeys$Server (ConfUtils.java:logGet(43)) - raft.grpc.server.leader.outstanding.appends.max = 128 (default)
2019-11-16 00:26:31,443 [84c9c768-243c-47db-bab4-63e35b2a41a2@group-28F631BD8B01-LeaderElection169] INFO  server.RaftServerConfigKeys (ConfUtils.java:logGet(43)) - raft.server.rpc.request.timeout = 3000ms (default)
2019-11-16 00:26:31,443 [84c9c768-243c-47db-bab4-63e35b2a41a2@group-28F631BD8B01-LeaderElection169] INFO  server.RaftServerConfigKeys (ConfUtils.java:logGet(43)) - raft.server.log.appender.install.snapshot.enabled = false (custom)
2019-11-16 00:26:31,443 [84c9c768-243c-47db-bab4-63e35b2a41a2@group-28F631BD8B01-LeaderElection169] WARN  impl.MetricRegistriesImpl (MetricRegistriesImpl.java:lambda$create$1(61)) - First MetricRegistry has been created without registering reporters. You may need to call MetricRegistries.global().addReportRegistration(...) before.
2019-11-16 00:26:31,444 [84c9c768-243c-47db-bab4-63e35b2a41a2@group-28F631BD8B01-LeaderElection169] INFO  server.RaftServerConfigKeys (ConfUtils.java:logGet(43)) - raft.server.log.appender.snapshot.chunk.size.max = 16MB (=16777216) (default)
2019-11-16 00:26:31,444 [84c9c768-243c-47db-bab4-63e35b2a41a2@group-28F631BD8B01-LeaderElection169] INFO  server.RaftServerConfigKeys (ConfUtils.java:logGet(43)) - raft.server.log.appender.buffer.byte-limit = 33554432 (custom)
2019-11-16 00:26:31,444 [84c9c768-243c-47db-bab4-63e35b2a41a2@group-28F631BD8B01-LeaderElection169] INFO  server.RaftServerConfigKeys (ConfUtils.java:logGet(43)) - raft.server.log.appender.buffer.element-limit = 1 (custom)
2019-11-16 00:26:31,444 [84c9c768-243c-47db-bab4-63e35b2a41a2@group-28F631BD8B01-LeaderElection169] INFO  grpc.GrpcConfigKeys$Server (ConfUtils.java:logGet(43)) - raft.grpc.server.leader.outstanding.appends.max = 128 (default)
2019-11-16 00:26:31,444 [84c9c768-243c-47db-bab4-63e35b2a41a2@group-28F631BD8B01-LeaderElection169] INFO  server.RaftServerConfigKeys (ConfUtils.java:logGet(43)) - raft.server.rpc.request.timeout = 3000ms (default)
2019-11-16 00:26:31,444 [84c9c768-243c-47db-bab4-63e35b2a41a2@group-28F631BD8B01-LeaderElection169] INFO  server.RaftServerConfigKeys (ConfUtils.java:logGet(43)) - raft.server.log.appender.install.snapshot.enabled = false (custom)
2019-11-16 00:26:31,444 [84c9c768-243c-47db-bab4-63e35b2a41a2@group-28F631BD8B01-LeaderElection169] INFO  impl.RoleInfo (RoleInfo.java:updateAndGet(143)) - 84c9c768-243c-47db-bab4-63e35b2a41a2: start LeaderState
2019-11-16 00:26:31,445 [84c9c768-243c-47db-bab4-63e35b2a41a2@group-28F631BD8B01-LeaderElection169] INFO  segmented.SegmentedRaftLogWorker (SegmentedRaftLogWorker.java:startLogSegment(385)) - 84c9c768-243c-47db-bab4-63e35b2a41a2@group-28F631BD8B01-SegmentedRaftLogWorker: Starting segment from index:0
2019-11-16 00:26:31,445 [84c9c768-243c-47db-bab4-63e35b2a41a2@group-28F631BD8B01-LeaderElection169] INFO  impl.RaftServerImpl (ServerState.java:setRaftConf(356)) - 84c9c768-243c-47db-bab4-63e35b2a41a2@group-28F631BD8B01: set configuration 0: [5140e110-8ff7-42a5-9b32-053ee4f24742:192.168.69.79:33415, 0a2d6f7b-f3b3-43fc-9f44-c893c3969faf:192.168.69.79:34899, 84c9c768-243c-47db-bab4-63e35b2a41a2:192.168.69.79:38689], old=null at 0
2019-11-16 00:26:31,445 [grpc-default-executor-2] INFO  impl.RaftServerImpl (RaftServerImpl.java:requestVote(776)) - 84c9c768-243c-47db-bab4-63e35b2a41a2@group-28F631BD8B01-   LEADER: Withhold vote from candidate 5140e110-8ff7-42a5-9b32-053ee4f24742 with term 2. State: leader=84c9c768-243c-47db-bab4-63e35b2a41a2, term=2, lastRpcElapsed=null
2019-11-16 00:26:31,446 [grpc-default-executor-3] INFO  ratis.XceiverServerRatis (XceiverServerRatis.java:handleLeaderChangedNotification(697)) - Leader change notification received for group: group-28F631BD8B01 with new leaderId: 84c9c768-243c-47db-bab4-63e35b2a41a2
2019-11-16 00:26:31,446 [5140e110-8ff7-42a5-9b32-053ee4f24742@group-28F631BD8B01-LeaderElection170] INFO  impl.LeaderElection (LeaderElection.java:logAndReturn(56)) - 5140e110-8ff7-42a5-9b32-053ee4f24742@group-28F631BD8B01-LeaderElection170: Election REJECTED; received 2 response(s) [5140e110-8ff7-42a5-9b32-053ee4f24742<-0a2d6f7b-f3b3-43fc-9f44-c893c3969faf#0:FAIL-t2, 5140e110-8ff7-42a5-9b32-053ee4f24742<-84c9c768-243c-47db-bab4-63e35b2a41a2#0:FAIL-t2] and 0 exception(s); 5140e110-8ff7-42a5-9b32-053ee4f24742@group-28F631BD8B01:t2, leader=null, voted=5140e110-8ff7-42a5-9b32-053ee4f24742, raftlog=5140e110-8ff7-42a5-9b32-053ee4f24742@group-28F631BD8B01-SegmentedRaftLog:OPENED:c-1,f-1,i0, conf=-1: [5140e110-8ff7-42a5-9b32-053ee4f24742:192.168.69.79:33415, 0a2d6f7b-f3b3-43fc-9f44-c893c3969faf:192.168.69.79:34899, 84c9c768-243c-47db-bab4-63e35b2a41a2:192.168.69.79:38689], old=null
2019-11-16 00:26:31,446 [grpc-default-executor-3] INFO  impl.RaftServerImpl (ServerState.java:setLeader(255)) - 0a2d6f7b-f3b3-43fc-9f44-c893c3969faf@group-28F631BD8B01: change Leader from null to 84c9c768-243c-47db-bab4-63e35b2a41a2 at term 2 for appendEntries, leader elected after 2140ms
2019-11-16 00:26:31,446 [grpc-default-executor-2] INFO  impl.RaftServerImpl (RaftServerImpl.java:setRole(173)) - 5140e110-8ff7-42a5-9b32-053ee4f24742@group-28F631BD8B01: changes role from CANDIDATE to FOLLOWER at term 2 for appendEntries
2019-11-16 00:26:31,447 [grpc-default-executor-2] INFO  impl.RoleInfo (RoleInfo.java:shutdownLeaderElection(134)) - 5140e110-8ff7-42a5-9b32-053ee4f24742: shutdown LeaderElection
2019-11-16 00:26:31,447 [grpc-default-executor-2] INFO  impl.RoleInfo (RoleInfo.java:updateAndGet(143)) - 5140e110-8ff7-42a5-9b32-053ee4f24742: start FollowerState
2019-11-16 00:26:31,447 [grpc-default-executor-2] INFO  ratis.XceiverServerRatis (XceiverServerRatis.java:handleLeaderChangedNotification(697)) - Leader change notification received for group: group-28F631BD8B01 with new leaderId: 84c9c768-243c-47db-bab4-63e35b2a41a2
2019-11-16 00:26:31,447 [grpc-default-executor-2] INFO  impl.RaftServerImpl (ServerState.java:setLeader(255)) - 5140e110-8ff7-42a5-9b32-053ee4f24742@group-28F631BD8B01: change Leader from null to 84c9c768-243c-47db-bab4-63e35b2a41a2 at term 2 for appendEntries, leader elected after 2141ms
2019-11-16 00:26:31,448 [grpc-default-executor-2] INFO  impl.RaftServerImpl (ServerState.java:setRaftConf(356)) - 0a2d6f7b-f3b3-43fc-9f44-c893c3969faf@group-28F631BD8B01: set configuration 0: [5140e110-8ff7-42a5-9b32-053ee4f24742:192.168.69.79:33415, 0a2d6f7b-f3b3-43fc-9f44-c893c3969faf:192.168.69.79:34899, 84c9c768-243c-47db-bab4-63e35b2a41a2:192.168.69.79:38689], old=null at 0
2019-11-16 00:26:31,448 [grpc-default-executor-2] INFO  segmented.SegmentedRaftLogWorker (SegmentedRaftLogWorker.java:startLogSegment(385)) - 0a2d6f7b-f3b3-43fc-9f44-c893c3969faf@group-28F631BD8B01-SegmentedRaftLogWorker: Starting segment from index:0
2019-11-16 00:26:31,449 [grpc-default-executor-2] INFO  impl.RaftServerImpl (ServerState.java:setRaftConf(356)) - 5140e110-8ff7-42a5-9b32-053ee4f24742@group-28F631BD8B01: set configuration 0: [5140e110-8ff7-42a5-9b32-053ee4f24742:192.168.69.79:33415, 0a2d6f7b-f3b3-43fc-9f44-c893c3969faf:192.168.69.79:34899, 84c9c768-243c-47db-bab4-63e35b2a41a2:192.168.69.79:38689], old=null at 0
2019-11-16 00:26:31,449 [grpc-default-executor-2] INFO  segmented.SegmentedRaftLogWorker (SegmentedRaftLogWorker.java:startLogSegment(385)) - 5140e110-8ff7-42a5-9b32-053ee4f24742@group-28F631BD8B01-SegmentedRaftLogWorker: Starting segment from index:0
2019-11-16 00:26:31,486 [5140e110-8ff7-42a5-9b32-053ee4f24742@group-28F631BD8B01-SegmentedRaftLogWorker] INFO  segmented.SegmentedRaftLogWorker (SegmentedRaftLogWorker.java:execute(576)) - 5140e110-8ff7-42a5-9b32-053ee4f24742@group-28F631BD8B01-SegmentedRaftLogWorker: created new log segment /workdir/hadoop-ozone/integration-test/target/test-dir/MiniOzoneClusterImpl-ec73e7b8-24c6-4197-838c-bd0443d97e1c/datanode-0/data/ratis/f65c172c-2fab-4648-982a-28f631bd8b01/current/log_inprogress_0
2019-11-16 00:26:31,486 [84c9c768-243c-47db-bab4-63e35b2a41a2@group-28F631BD8B01-SegmentedRaftLogWorker] INFO  segmented.SegmentedRaftLogWorker (SegmentedRaftLogWorker.java:execute(576)) - 84c9c768-243c-47db-bab4-63e35b2a41a2@group-28F631BD8B01-SegmentedRaftLogWorker: created new log segment /workdir/hadoop-ozone/integration-test/target/test-dir/MiniOzoneClusterImpl-ec73e7b8-24c6-4197-838c-bd0443d97e1c/datanode-2/data/ratis/f65c172c-2fab-4648-982a-28f631bd8b01/current/log_inprogress_0
2019-11-16 00:26:31,486 [0a2d6f7b-f3b3-43fc-9f44-c893c3969faf@group-28F631BD8B01-SegmentedRaftLogWorker] INFO  segmented.SegmentedRaftLogWorker (SegmentedRaftLogWorker.java:execute(576)) - 0a2d6f7b-f3b3-43fc-9f44-c893c3969faf@group-28F631BD8B01-SegmentedRaftLogWorker: created new log segment /workdir/hadoop-ozone/integration-test/target/test-dir/MiniOzoneClusterImpl-ec73e7b8-24c6-4197-838c-bd0443d97e1c/datanode-1/data/ratis/f65c172c-2fab-4648-982a-28f631bd8b01/current/log_inprogress_0
2019-11-16 00:26:31,885 [main] INFO  ozone.MiniOzoneClusterImpl (MiniOzoneClusterImpl.java:lambda$waitForClusterToBeReady$2(171)) - Cluster is ready. Got 10 of 10 DN Heartbeats.
2019-11-16 00:26:31,910 [main] INFO  rpc.RpcClient (RpcClient.java:createVolume(292)) - Creating Volume: datanodefailurehandlingtest, with jenkins1000 as owner.
2019-11-16 00:26:31,913 [IPC Server handler 3 on 35384] INFO  volume.OMVolumeCreateRequest (OMVolumeCreateRequest.java:validateAndUpdateCache(193)) - created volume:datanodefailurehandlingtest for user:jenkins1000
2019-11-16 00:26:31,940 [main] INFO  rpc.RpcClient (RpcClient.java:createBucket(431)) - Creating Bucket: datanodefailurehandlingtest/datanodefailurehandlingtest, with Versioning false and Storage Type set to DISK and Encryption set to false 
2019-11-16 00:26:32,115 [Thread-4071] INFO  container.ReplicationManager (ReplicationManager.java:start(162)) - Starting Replication Monitor Thread.
2019-11-16 00:26:32,116 [Thread-4071] INFO  pipeline.SCMPipelineManager (SCMPipelineManager.java:finalizeAndDestroyPipeline(315)) - destroying pipeline:Pipeline[ Id: bfe11dab-efa3-4bbe-b243-de2bb446d71d, Nodes: 82886741-ea2e-41d6-b944-d04bb5a8b025{ip: 192.168.69.79, host: pr-hdds-2501-b5dhd-1197665634, networkLocation: /rack1, certSerialId: null}, Type:RATIS, Factor:ONE, State:OPEN]
2019-11-16 00:26:32,119 [ReplicationMonitor] INFO  container.ReplicationManager (ReplicationManager.java:run(225)) - Replication Monitor Thread took 0 milliseconds for processing 1 containers.
2019-11-16 00:26:32,119 [Thread-4071] INFO  pipeline.PipelineStateManager (PipelineStateManager.java:finalizePipeline(121)) - Pipeline Pipeline[ Id: bfe11dab-efa3-4bbe-b243-de2bb446d71d, Nodes: 82886741-ea2e-41d6-b944-d04bb5a8b025{ip: 192.168.69.79, host: pr-hdds-2501-b5dhd-1197665634, networkLocation: /rack1, certSerialId: null}, Type:RATIS, Factor:ONE, State:CLOSED] moved to CLOSED state
2019-11-16 00:26:32,123 [grpc-default-executor-9] INFO  impl.RaftServerProxy (RaftServerProxy.java:remove(95)) - 82886741-ea2e-41d6-b944-d04bb5a8b025: remove    LEADER 82886741-ea2e-41d6-b944-d04bb5a8b025@group-DE2BB446D71D:t1, leader=82886741-ea2e-41d6-b944-d04bb5a8b025, voted=82886741-ea2e-41d6-b944-d04bb5a8b025, raftlog=82886741-ea2e-41d6-b944-d04bb5a8b025@group-DE2BB446D71D-SegmentedRaftLog:OPENED:c0,f0,i0, conf=0: [82886741-ea2e-41d6-b944-d04bb5a8b025:192.168.69.79:37949], old=null RUNNING
2019-11-16 00:26:32,123 [grpc-default-executor-9] INFO  impl.RaftServerImpl (RaftServerImpl.java:lambda$shutdown$3(250)) - 82886741-ea2e-41d6-b944-d04bb5a8b025@group-DE2BB446D71D: shutdown
2019-11-16 00:26:32,123 [grpc-default-executor-9] INFO  util.JmxRegister (JmxRegister.java:unregister(73)) - Successfully un-registered JMX Bean with object name Ratis:service=RaftServer,group=group-DE2BB446D71D,id=82886741-ea2e-41d6-b944-d04bb5a8b025
2019-11-16 00:26:32,123 [grpc-default-executor-9] INFO  impl.RoleInfo (RoleInfo.java:shutdownLeaderState(104)) - 82886741-ea2e-41d6-b944-d04bb5a8b025: shutdown LeaderState
2019-11-16 00:26:32,123 [grpc-default-executor-9] INFO  impl.PendingRequests (PendingRequests.java:sendNotLeaderResponses(206)) - 82886741-ea2e-41d6-b944-d04bb5a8b025@group-DE2BB446D71D-PendingRequests: sendNotLeaderResponses
2019-11-16 00:26:32,123 [grpc-default-executor-9] INFO  impl.StateMachineUpdater (StateMachineUpdater.java:stopAndJoin(136)) - 82886741-ea2e-41d6-b944-d04bb5a8b025@group-DE2BB446D71D-StateMachineUpdater: set stopIndex = 0
2019-11-16 00:26:32,124 [grpc-default-executor-9] INFO  impl.RaftServerImpl (ServerState.java:close(387)) - 82886741-ea2e-41d6-b944-d04bb5a8b025@group-DE2BB446D71D: closes. applyIndex: 0
2019-11-16 00:26:32,126 [82886741-ea2e-41d6-b944-d04bb5a8b025@group-DE2BB446D71D-SegmentedRaftLogWorker] INFO  segmented.SegmentedRaftLogWorker (SegmentedRaftLogWorker.java:run(316)) - 82886741-ea2e-41d6-b944-d04bb5a8b025@group-DE2BB446D71D-SegmentedRaftLogWorker was interrupted, exiting. There are 0 tasks remaining in the queue.
2019-11-16 00:26:32,126 [grpc-default-executor-9] INFO  segmented.SegmentedRaftLogWorker (SegmentedRaftLogWorker.java:close(224)) - 82886741-ea2e-41d6-b944-d04bb5a8b025@group-DE2BB446D71D-SegmentedRaftLogWorker close()
2019-11-16 00:26:32,130 [Thread-4071] INFO  pipeline.PipelineStateManager (PipelineStateManager.java:removePipeline(106)) - Pipeline Pipeline[ Id: bfe11dab-efa3-4bbe-b243-de2bb446d71d, Nodes: 82886741-ea2e-41d6-b944-d04bb5a8b025{ip: 192.168.69.79, host: pr-hdds-2501-b5dhd-1197665634, networkLocation: /rack1, certSerialId: null}, Type:RATIS, Factor:ONE, State:CLOSED] removed from db
2019-11-16 00:26:32,132 [Thread-4071] INFO  pipeline.SCMPipelineManager (SCMPipelineManager.java:finalizeAndDestroyPipeline(315)) - destroying pipeline:Pipeline[ Id: 4ef92b6a-a821-4d98-a310-b4795c61b187, Nodes: 61732ce4-b30f-4383-a457-809dbeacd402{ip: 192.168.69.79, host: pr-hdds-2501-b5dhd-1197665634, networkLocation: /rack1, certSerialId: null}, Type:RATIS, Factor:ONE, State:OPEN]
2019-11-16 00:26:32,135 [grpc-default-executor-9] INFO  impl.RaftServerProxy (RaftServerProxy.java:addNew(89)) - 82886741-ea2e-41d6-b944-d04bb5a8b025: addNew group-76976C79D8F1:[82886741-ea2e-41d6-b944-d04bb5a8b025:192.168.69.79:37949] returns group-76976C79D8F1:java.util.concurrent.CompletableFuture@2d2d8610[Not completed]
2019-11-16 00:26:32,138 [pool-570-thread-1] INFO  impl.RaftServerImpl (RaftServerImpl.java:<init>(98)) - 82886741-ea2e-41d6-b944-d04bb5a8b025: new RaftServerImpl for group-76976C79D8F1:[82886741-ea2e-41d6-b944-d04bb5a8b025:192.168.69.79:37949] with ContainerStateMachine:uninitialized
2019-11-16 00:26:32,138 [pool-570-thread-1] INFO  server.RaftServerConfigKeys (ConfUtils.java:logGet(43)) - raft.server.rpc.timeout.min = 1s (custom)
2019-11-16 00:26:32,138 [pool-570-thread-1] INFO  server.RaftServerConfigKeys (ConfUtils.java:logGet(43)) - raft.server.rpc.timeout.max = 1200ms (custom)
2019-11-16 00:26:32,139 [pool-570-thread-1] INFO  server.RaftServerConfigKeys (ConfUtils.java:logGet(43)) - raft.server.rpcslowness.timeout = 120s (custom)
2019-11-16 00:26:32,139 [pool-570-thread-1] INFO  server.RaftServerConfigKeys (ConfUtils.java:logGet(43)) - raft.server.sleep.deviation.threshold = 300 (default)
2019-11-16 00:26:32,139 [pool-570-thread-1] INFO  server.RaftServerConfigKeys (ConfUtils.java:logGet(43)) - raft.server.log.appender.install.snapshot.enabled = false (custom)
2019-11-16 00:26:32,139 [pool-570-thread-1] INFO  impl.RaftServerImpl (ServerState.java:<init>(103)) - 82886741-ea2e-41d6-b944-d04bb5a8b025@group-76976C79D8F1: ConfigurationManager, init=-1: [82886741-ea2e-41d6-b944-d04bb5a8b025:192.168.69.79:37949], old=null, confs=<EMPTY_MAP>
2019-11-16 00:26:32,139 [pool-570-thread-1] INFO  server.RaftServerConfigKeys (ConfUtils.java:logGet(43)) - raft.server.storage.dir = [/workdir/hadoop-ozone/integration-test/target/test-dir/MiniOzoneClusterImpl-ec73e7b8-24c6-4197-838c-bd0443d97e1c/datanode-6/data/ratis] (custom)
2019-11-16 00:26:32,139 [pool-570-thread-1] INFO  server.RaftServerConfigKeys (ConfUtils.java:logGet(43)) - raft.server.log.corruption.policy = EXCEPTION (default)
2019-11-16 00:26:32,139 [pool-570-thread-1] INFO  storage.RaftStorageDirectory (RaftStorageDirectory.java:analyzeStorage(246)) - The storage directory /workdir/hadoop-ozone/integration-test/target/test-dir/MiniOzoneClusterImpl-ec73e7b8-24c6-4197-838c-bd0443d97e1c/datanode-6/data/ratis/5eb280ca-761d-47d9-a544-76976c79d8f1 does not exist. Creating ...
2019-11-16 00:26:32,143 [pool-570-thread-1] INFO  storage.RaftStorageDirectory (RaftStorageDirectory.java:tryLock(328)) - Lock on /workdir/hadoop-ozone/integration-test/target/test-dir/MiniOzoneClusterImpl-ec73e7b8-24c6-4197-838c-bd0443d97e1c/datanode-6/data/ratis/5eb280ca-761d-47d9-a544-76976c79d8f1/in_use.lock acquired by nodename 23786@pr-hdds-2501-b5dhd-1197665634
2019-11-16 00:26:32,157 [pool-570-thread-1] INFO  storage.RaftStorage (RaftStorage.java:format(84)) - Storage directory /workdir/hadoop-ozone/integration-test/target/test-dir/MiniOzoneClusterImpl-ec73e7b8-24c6-4197-838c-bd0443d97e1c/datanode-6/data/ratis/5eb280ca-761d-47d9-a544-76976c79d8f1 has been successfully formatted.
2019-11-16 00:26:32,157 [pool-570-thread-1] INFO  ratis.ContainerStateMachine (ContainerStateMachine.java:loadSnapshot(223)) - group-76976C79D8F1: The snapshot info is null. Setting the last applied indexto:(t:0, i:~)
2019-11-16 00:26:32,157 [pool-570-thread-1] INFO  server.RaftServerConfigKeys (ConfUtils.java:logGet(43)) - raft.server.notification.no-leader.timeout = 120s (custom)
2019-11-16 00:26:32,157 [pool-570-thread-1] INFO  server.RaftServerConfigKeys (ConfUtils.java:logGet(43)) - raft.server.log.use.memory = false (default)
2019-11-16 00:26:32,157 [pool-570-thread-1] INFO  server.RaftServerConfigKeys (ConfUtils.java:logGet(43)) - raft.server.log.purge.gap = 1000000 (custom)
2019-11-16 00:26:32,157 [pool-570-thread-1] INFO  server.RaftServerConfigKeys (ConfUtils.java:logGet(43)) - raft.server.log.appender.buffer.byte-limit = 33554432 (custom)
2019-11-16 00:26:32,158 [pool-570-thread-1] INFO  server.RaftServerConfigKeys (ConfUtils.java:logGet(43)) - raft.server.log.segment.size.max = 1048576 (custom)
2019-11-16 00:26:32,158 [pool-570-thread-1] INFO  server.RaftServerConfigKeys (ConfUtils.java:logGet(43)) - raft.server.log.segment.cache.num.max = 2 (custom)
2019-11-16 00:26:32,158 [pool-570-thread-1] INFO  segmented.SegmentedRaftLogWorker (SegmentedRaftLogWorker.java:<init>(173)) - new 82886741-ea2e-41d6-b944-d04bb5a8b025@group-76976C79D8F1-SegmentedRaftLogWorker for RaftStorage:Storage Directory /workdir/hadoop-ozone/integration-test/target/test-dir/MiniOzoneClusterImpl-ec73e7b8-24c6-4197-838c-bd0443d97e1c/datanode-6/data/ratis/5eb280ca-761d-47d9-a544-76976c79d8f1
2019-11-16 00:26:32,158 [pool-570-thread-1] INFO  server.RaftServerConfigKeys (ConfUtils.java:logGet(43)) - raft.server.log.queue.byte-limit = 2147483647 (custom)
2019-11-16 00:26:32,158 [pool-570-thread-1] INFO  server.RaftServerConfigKeys (ConfUtils.java:logGet(43)) - raft.server.log.queue.element-limit = 1024 (custom)
2019-11-16 00:26:32,158 [pool-570-thread-1] INFO  server.RaftServerConfigKeys (ConfUtils.java:logGet(43)) - raft.server.log.segment.size.max = 1048576 (custom)
2019-11-16 00:26:32,158 [pool-570-thread-1] INFO  server.RaftServerConfigKeys (ConfUtils.java:logGet(43)) - raft.server.log.preallocated.size = 16384 (custom)
2019-11-16 00:26:32,158 [pool-570-thread-1] INFO  server.RaftServerConfigKeys (ConfUtils.java:logGet(43)) - raft.server.log.write.buffer.size = 33554432 (custom)
2019-11-16 00:26:32,158 [pool-570-thread-1] INFO  server.RaftServerConfigKeys (ConfUtils.java:logGet(43)) - raft.server.log.force.sync.num = 128 (default)
2019-11-16 00:26:32,158 [pool-570-thread-1] INFO  server.RaftServerConfigKeys (ConfUtils.java:logGet(43)) - raft.server.log.statemachine.data.sync = true (default)
2019-11-16 00:26:32,158 [pool-570-thread-1] INFO  server.RaftServerConfigKeys (ConfUtils.java:logGet(43)) - raft.server.log.statemachine.data.sync.timeout = 10s (default)
2019-11-16 00:26:32,158 [pool-570-thread-1] INFO  server.RaftServerConfigKeys (ConfUtils.java:logGet(43)) - raft.server.log.statemachine.data.sync.timeout.retry = -1 (default)
2019-11-16 00:26:32,158 [pool-570-thread-1] INFO  server.RaftServerConfigKeys (ConfUtils.java:logGet(43)) - raft.server.log.statemachine.data.caching.enabled = true (custom)
2019-11-16 00:26:32,159 [pool-570-thread-1] INFO  segmented.SegmentedRaftLogWorker (SegmentedRaftLogWorker.java:lambda$new$0(128)) - 82886741-ea2e-41d6-b944-d04bb5a8b025@group-76976C79D8F1-SegmentedRaftLogWorker: flushIndex: setUnconditionally 0 -> -1
2019-11-16 00:26:32,159 [pool-570-thread-1] INFO  server.RaftServerConfigKeys (ConfUtils.java:logGet(43)) - raft.server.snapshot.auto.trigger.enabled = true (custom)
2019-11-16 00:26:32,159 [pool-570-thread-1] INFO  server.RaftServerConfigKeys (ConfUtils.java:logGet(43)) - raft.server.snapshot.auto.trigger.threshold = 10000 (custom)
2019-11-16 00:26:32,159 [pool-570-thread-1] INFO  server.RaftServerConfigKeys (ConfUtils.java:logGet(43)) - raft.server.snapshot.retention.file.num = 5 (custom)
2019-11-16 00:26:32,159 [pool-570-thread-1] INFO  server.RaftServerConfigKeys (ConfUtils.java:logGet(43)) - raft.server.retrycache.expirytime = 600000ms (custom)
2019-11-16 00:26:32,159 [pool-570-thread-1] WARN  impl.MetricRegistriesImpl (MetricRegistriesImpl.java:lambda$create$1(61)) - First MetricRegistry has been created without registering reporters. You may need to call MetricRegistries.global().addReportRegistration(...) before.
2019-11-16 00:26:32,159 [pool-570-thread-1] WARN  impl.MetricRegistriesImpl (MetricRegistriesImpl.java:lambda$create$1(61)) - First MetricRegistry has been created without registering reporters. You may need to call MetricRegistries.global().addReportRegistration(...) before.
2019-11-16 00:26:32,160 [pool-570-thread-1] INFO  impl.RaftServerImpl (RaftServerImpl.java:start(184)) - 82886741-ea2e-41d6-b944-d04bb5a8b025@group-76976C79D8F1: start as a follower, conf=-1: [82886741-ea2e-41d6-b944-d04bb5a8b025:192.168.69.79:37949], old=null
2019-11-16 00:26:32,160 [pool-570-thread-1] INFO  impl.RaftServerImpl (RaftServerImpl.java:setRole(173)) - 82886741-ea2e-41d6-b944-d04bb5a8b025@group-76976C79D8F1: changes role from      null to FOLLOWER at term 0 for startAsFollower
2019-11-16 00:26:32,160 [pool-570-thread-1] INFO  impl.RoleInfo (RoleInfo.java:updateAndGet(143)) - 82886741-ea2e-41d6-b944-d04bb5a8b025: start FollowerState
2019-11-16 00:26:32,168 [pool-570-thread-1] INFO  util.JmxRegister (JmxRegister.java:tryRegister(44)) - Successfully registered JMX Bean with object name Ratis:service=RaftServer,group=group-76976C79D8F1,id=82886741-ea2e-41d6-b944-d04bb5a8b025
2019-11-16 00:26:32,168 [pool-570-thread-1] WARN  impl.MetricRegistriesImpl (MetricRegistriesImpl.java:lambda$create$1(61)) - First MetricRegistry has been created without registering reporters. You may need to call MetricRegistries.global().addReportRegistration(...) before.
2019-11-16 00:26:32,176 [RatisPipelineUtilsThread] INFO  pipeline.PipelineStateManager (PipelineStateManager.java:addPipeline(55)) - Created pipeline Pipeline[ Id: 5eb280ca-761d-47d9-a544-76976c79d8f1, Nodes: 82886741-ea2e-41d6-b944-d04bb5a8b025{ip: 192.168.69.79, host: pr-hdds-2501-b5dhd-1197665634, networkLocation: /rack1, certSerialId: null}, Type:RATIS, Factor:ONE, State:ALLOCATED]
2019-11-16 00:26:32,177 [Thread-4071] INFO  pipeline.PipelineStateManager (PipelineStateManager.java:finalizePipeline(121)) - Pipeline Pipeline[ Id: 4ef92b6a-a821-4d98-a310-b4795c61b187, Nodes: 61732ce4-b30f-4383-a457-809dbeacd402{ip: 192.168.69.79, host: pr-hdds-2501-b5dhd-1197665634, networkLocation: /rack1, certSerialId: null}, Type:RATIS, Factor:ONE, State:CLOSED] moved to CLOSED state
2019-11-16 00:26:32,180 [grpc-default-executor-9] INFO  impl.RaftServerProxy (RaftServerProxy.java:remove(95)) - 61732ce4-b30f-4383-a457-809dbeacd402: remove    LEADER 61732ce4-b30f-4383-a457-809dbeacd402@group-B4795C61B187:t1, leader=61732ce4-b30f-4383-a457-809dbeacd402, voted=61732ce4-b30f-4383-a457-809dbeacd402, raftlog=61732ce4-b30f-4383-a457-809dbeacd402@group-B4795C61B187-SegmentedRaftLog:OPENED:c0,f0,i0, conf=0: [61732ce4-b30f-4383-a457-809dbeacd402:192.168.69.79:33225], old=null RUNNING
2019-11-16 00:26:32,180 [grpc-default-executor-9] INFO  impl.RaftServerImpl (RaftServerImpl.java:lambda$shutdown$3(250)) - 61732ce4-b30f-4383-a457-809dbeacd402@group-B4795C61B187: shutdown
2019-11-16 00:26:32,180 [grpc-default-executor-9] INFO  util.JmxRegister (JmxRegister.java:unregister(73)) - Successfully un-registered JMX Bean with object name Ratis:service=RaftServer,group=group-B4795C61B187,id=61732ce4-b30f-4383-a457-809dbeacd402
2019-11-16 00:26:32,180 [grpc-default-executor-9] INFO  impl.RoleInfo (RoleInfo.java:shutdownLeaderState(104)) - 61732ce4-b30f-4383-a457-809dbeacd402: shutdown LeaderState
2019-11-16 00:26:32,180 [grpc-default-executor-9] INFO  impl.PendingRequests (PendingRequests.java:sendNotLeaderResponses(206)) - 61732ce4-b30f-4383-a457-809dbeacd402@group-B4795C61B187-PendingRequests: sendNotLeaderResponses
2019-11-16 00:26:32,180 [grpc-default-executor-9] INFO  impl.StateMachineUpdater (StateMachineUpdater.java:stopAndJoin(136)) - 61732ce4-b30f-4383-a457-809dbeacd402@group-B4795C61B187-StateMachineUpdater: set stopIndex = 0
2019-11-16 00:26:32,180 [grpc-default-executor-9] INFO  impl.RaftServerImpl (ServerState.java:close(387)) - 61732ce4-b30f-4383-a457-809dbeacd402@group-B4795C61B187: closes. applyIndex: 0
2019-11-16 00:26:32,181 [61732ce4-b30f-4383-a457-809dbeacd402@group-B4795C61B187-SegmentedRaftLogWorker] INFO  segmented.SegmentedRaftLogWorker (SegmentedRaftLogWorker.java:run(316)) - 61732ce4-b30f-4383-a457-809dbeacd402@group-B4795C61B187-SegmentedRaftLogWorker was interrupted, exiting. There are 0 tasks remaining in the queue.
2019-11-16 00:26:32,189 [grpc-default-executor-9] INFO  segmented.SegmentedRaftLogWorker (SegmentedRaftLogWorker.java:close(224)) - 61732ce4-b30f-4383-a457-809dbeacd402@group-B4795C61B187-SegmentedRaftLogWorker close()
2019-11-16 00:26:32,192 [Thread-4071] INFO  pipeline.PipelineStateManager (PipelineStateManager.java:removePipeline(106)) - Pipeline Pipeline[ Id: 4ef92b6a-a821-4d98-a310-b4795c61b187, Nodes: 61732ce4-b30f-4383-a457-809dbeacd402{ip: 192.168.69.79, host: pr-hdds-2501-b5dhd-1197665634, networkLocation: /rack1, certSerialId: null}, Type:RATIS, Factor:ONE, State:CLOSED] removed from db
2019-11-16 00:26:32,193 [Thread-4071] INFO  pipeline.SCMPipelineManager (SCMPipelineManager.java:finalizeAndDestroyPipeline(315)) - destroying pipeline:Pipeline[ Id: 814f3a28-ceca-46da-9bff-00ee5274a815, Nodes: 1d1fab7d-6382-4228-8566-b1891c590073{ip: 192.168.69.79, host: pr-hdds-2501-b5dhd-1197665634, networkLocation: /rack1, certSerialId: null}, Type:RATIS, Factor:ONE, State:OPEN]
2019-11-16 00:26:32,195 [grpc-default-executor-9] INFO  impl.RaftServerProxy (RaftServerProxy.java:addNew(89)) - 61732ce4-b30f-4383-a457-809dbeacd402: addNew group-7FAAA8D3DFFA:[61732ce4-b30f-4383-a457-809dbeacd402:192.168.69.79:33225] returns group-7FAAA8D3DFFA:java.util.concurrent.CompletableFuture@1a78fd84[Not completed]
2019-11-16 00:26:32,196 [pool-590-thread-1] INFO  impl.RaftServerImpl (RaftServerImpl.java:<init>(98)) - 61732ce4-b30f-4383-a457-809dbeacd402: new RaftServerImpl for group-7FAAA8D3DFFA:[61732ce4-b30f-4383-a457-809dbeacd402:192.168.69.79:33225] with ContainerStateMachine:uninitialized
2019-11-16 00:26:32,196 [pool-590-thread-1] INFO  server.RaftServerConfigKeys (ConfUtils.java:logGet(43)) - raft.server.rpc.timeout.min = 1s (custom)
2019-11-16 00:26:32,196 [pool-590-thread-1] INFO  server.RaftServerConfigKeys (ConfUtils.java:logGet(43)) - raft.server.rpc.timeout.max = 1200ms (custom)
2019-11-16 00:26:32,197 [pool-590-thread-1] INFO  server.RaftServerConfigKeys (ConfUtils.java:logGet(43)) - raft.server.rpcslowness.timeout = 120s (custom)
2019-11-16 00:26:32,197 [pool-590-thread-1] INFO  server.RaftServerConfigKeys (ConfUtils.java:logGet(43)) - raft.server.sleep.deviation.threshold = 300 (default)
2019-11-16 00:26:32,197 [pool-590-thread-1] INFO  server.RaftServerConfigKeys (ConfUtils.java:logGet(43)) - raft.server.log.appender.install.snapshot.enabled = false (custom)
2019-11-16 00:26:32,197 [pool-590-thread-1] INFO  impl.RaftServerImpl (ServerState.java:<init>(103)) - 61732ce4-b30f-4383-a457-809dbeacd402@group-7FAAA8D3DFFA: ConfigurationManager, init=-1: [61732ce4-b30f-4383-a457-809dbeacd402:192.168.69.79:33225], old=null, confs=<EMPTY_MAP>
2019-11-16 00:26:32,197 [pool-590-thread-1] INFO  server.RaftServerConfigKeys (ConfUtils.java:logGet(43)) - raft.server.storage.dir = [/workdir/hadoop-ozone/integration-test/target/test-dir/MiniOzoneClusterImpl-ec73e7b8-24c6-4197-838c-bd0443d97e1c/datanode-8/data/ratis] (custom)
2019-11-16 00:26:32,197 [pool-590-thread-1] INFO  server.RaftServerConfigKeys (ConfUtils.java:logGet(43)) - raft.server.log.corruption.policy = EXCEPTION (default)
2019-11-16 00:26:32,197 [pool-590-thread-1] INFO  storage.RaftStorageDirectory (RaftStorageDirectory.java:analyzeStorage(246)) - The storage directory /workdir/hadoop-ozone/integration-test/target/test-dir/MiniOzoneClusterImpl-ec73e7b8-24c6-4197-838c-bd0443d97e1c/datanode-8/data/ratis/e9c4d298-4493-4e41-a89a-7faaa8d3dffa does not exist. Creating ...
2019-11-16 00:26:32,206 [pool-590-thread-1] INFO  storage.RaftStorageDirectory (RaftStorageDirectory.java:tryLock(328)) - Lock on /workdir/hadoop-ozone/integration-test/target/test-dir/MiniOzoneClusterImpl-ec73e7b8-24c6-4197-838c-bd0443d97e1c/datanode-8/data/ratis/e9c4d298-4493-4e41-a89a-7faaa8d3dffa/in_use.lock acquired by nodename 23786@pr-hdds-2501-b5dhd-1197665634
2019-11-16 00:26:32,215 [pool-590-thread-1] INFO  storage.RaftStorage (RaftStorage.java:format(84)) - Storage directory /workdir/hadoop-ozone/integration-test/target/test-dir/MiniOzoneClusterImpl-ec73e7b8-24c6-4197-838c-bd0443d97e1c/datanode-8/data/ratis/e9c4d298-4493-4e41-a89a-7faaa8d3dffa has been successfully formatted.
2019-11-16 00:26:32,215 [pool-590-thread-1] INFO  ratis.ContainerStateMachine (ContainerStateMachine.java:loadSnapshot(223)) - group-7FAAA8D3DFFA: The snapshot info is null. Setting the last applied indexto:(t:0, i:~)
2019-11-16 00:26:32,215 [pool-590-thread-1] INFO  server.RaftServerConfigKeys (ConfUtils.java:logGet(43)) - raft.server.notification.no-leader.timeout = 120s (custom)
2019-11-16 00:26:32,216 [pool-590-thread-1] INFO  server.RaftServerConfigKeys (ConfUtils.java:logGet(43)) - raft.server.log.use.memory = false (default)
2019-11-16 00:26:32,216 [pool-590-thread-1] INFO  server.RaftServerConfigKeys (ConfUtils.java:logGet(43)) - raft.server.log.purge.gap = 1000000 (custom)
2019-11-16 00:26:32,216 [pool-590-thread-1] INFO  server.RaftServerConfigKeys (ConfUtils.java:logGet(43)) - raft.server.log.appender.buffer.byte-limit = 33554432 (custom)
2019-11-16 00:26:32,216 [pool-590-thread-1] INFO  server.RaftServerConfigKeys (ConfUtils.java:logGet(43)) - raft.server.log.segment.size.max = 1048576 (custom)
2019-11-16 00:26:32,216 [pool-590-thread-1] INFO  server.RaftServerConfigKeys (ConfUtils.java:logGet(43)) - raft.server.log.segment.cache.num.max = 2 (custom)
2019-11-16 00:26:32,216 [pool-590-thread-1] INFO  segmented.SegmentedRaftLogWorker (SegmentedRaftLogWorker.java:<init>(173)) - new 61732ce4-b30f-4383-a457-809dbeacd402@group-7FAAA8D3DFFA-SegmentedRaftLogWorker for RaftStorage:Storage Directory /workdir/hadoop-ozone/integration-test/target/test-dir/MiniOzoneClusterImpl-ec73e7b8-24c6-4197-838c-bd0443d97e1c/datanode-8/data/ratis/e9c4d298-4493-4e41-a89a-7faaa8d3dffa
2019-11-16 00:26:32,216 [pool-590-thread-1] INFO  server.RaftServerConfigKeys (ConfUtils.java:logGet(43)) - raft.server.log.queue.byte-limit = 2147483647 (custom)
2019-11-16 00:26:32,216 [pool-590-thread-1] INFO  server.RaftServerConfigKeys (ConfUtils.java:logGet(43)) - raft.server.log.queue.element-limit = 1024 (custom)
2019-11-16 00:26:32,217 [pool-590-thread-1] INFO  server.RaftServerConfigKeys (ConfUtils.java:logGet(43)) - raft.server.log.segment.size.max = 1048576 (custom)
2019-11-16 00:26:32,217 [pool-590-thread-1] INFO  server.RaftServerConfigKeys (ConfUtils.java:logGet(43)) - raft.server.log.preallocated.size = 16384 (custom)
2019-11-16 00:26:32,217 [pool-590-thread-1] INFO  server.RaftServerConfigKeys (ConfUtils.java:logGet(43)) - raft.server.log.write.buffer.size = 33554432 (custom)
2019-11-16 00:26:32,217 [pool-590-thread-1] INFO  server.RaftServerConfigKeys (ConfUtils.java:logGet(43)) - raft.server.log.force.sync.num = 128 (default)
2019-11-16 00:26:32,217 [pool-590-thread-1] INFO  server.RaftServerConfigKeys (ConfUtils.java:logGet(43)) - raft.server.log.statemachine.data.sync = true (default)
2019-11-16 00:26:32,217 [pool-590-thread-1] INFO  server.RaftServerConfigKeys (ConfUtils.java:logGet(43)) - raft.server.log.statemachine.data.sync.timeout = 10s (default)
2019-11-16 00:26:32,217 [pool-590-thread-1] INFO  server.RaftServerConfigKeys (ConfUtils.java:logGet(43)) - raft.server.log.statemachine.data.sync.timeout.retry = -1 (default)
2019-11-16 00:26:32,217 [pool-590-thread-1] INFO  server.RaftServerConfigKeys (ConfUtils.java:logGet(43)) - raft.server.log.statemachine.data.caching.enabled = true (custom)
2019-11-16 00:26:32,218 [pool-590-thread-1] INFO  segmented.SegmentedRaftLogWorker (SegmentedRaftLogWorker.java:lambda$new$0(128)) - 61732ce4-b30f-4383-a457-809dbeacd402@group-7FAAA8D3DFFA-SegmentedRaftLogWorker: flushIndex: setUnconditionally 0 -> -1
2019-11-16 00:26:32,218 [pool-590-thread-1] INFO  server.RaftServerConfigKeys (ConfUtils.java:logGet(43)) - raft.server.snapshot.auto.trigger.enabled = true (custom)
2019-11-16 00:26:32,218 [pool-590-thread-1] INFO  server.RaftServerConfigKeys (ConfUtils.java:logGet(43)) - raft.server.snapshot.auto.trigger.threshold = 10000 (custom)
2019-11-16 00:26:32,218 [pool-590-thread-1] INFO  server.RaftServerConfigKeys (ConfUtils.java:logGet(43)) - raft.server.snapshot.retention.file.num = 5 (custom)
2019-11-16 00:26:32,218 [pool-590-thread-1] INFO  server.RaftServerConfigKeys (ConfUtils.java:logGet(43)) - raft.server.retrycache.expirytime = 600000ms (custom)
2019-11-16 00:26:32,219 [pool-590-thread-1] WARN  impl.MetricRegistriesImpl (MetricRegistriesImpl.java:lambda$create$1(61)) - First MetricRegistry has been created without registering reporters. You may need to call MetricRegistries.global().addReportRegistration(...) before.
2019-11-16 00:26:32,219 [pool-590-thread-1] WARN  impl.MetricRegistriesImpl (MetricRegistriesImpl.java:lambda$create$1(61)) - First MetricRegistry has been created without registering reporters. You may need to call MetricRegistries.global().addReportRegistration(...) before.
2019-11-16 00:26:32,219 [pool-590-thread-1] INFO  impl.RaftServerImpl (RaftServerImpl.java:start(184)) - 61732ce4-b30f-4383-a457-809dbeacd402@group-7FAAA8D3DFFA: start as a follower, conf=-1: [61732ce4-b30f-4383-a457-809dbeacd402:192.168.69.79:33225], old=null
2019-11-16 00:26:32,219 [pool-590-thread-1] INFO  impl.RaftServerImpl (RaftServerImpl.java:setRole(173)) - 61732ce4-b30f-4383-a457-809dbeacd402@group-7FAAA8D3DFFA: changes role from      null to FOLLOWER at term 0 for startAsFollower
2019-11-16 00:26:32,219 [pool-590-thread-1] INFO  impl.RoleInfo (RoleInfo.java:updateAndGet(143)) - 61732ce4-b30f-4383-a457-809dbeacd402: start FollowerState
2019-11-16 00:26:32,220 [pool-590-thread-1] INFO  util.JmxRegister (JmxRegister.java:tryRegister(44)) - Successfully registered JMX Bean with object name Ratis:service=RaftServer,group=group-7FAAA8D3DFFA,id=61732ce4-b30f-4383-a457-809dbeacd402
2019-11-16 00:26:32,220 [pool-590-thread-1] WARN  impl.MetricRegistriesImpl (MetricRegistriesImpl.java:lambda$create$1(61)) - First MetricRegistry has been created without registering reporters. You may need to call MetricRegistries.global().addReportRegistration(...) before.
2019-11-16 00:26:32,221 [RatisPipelineUtilsThread] INFO  pipeline.PipelineStateManager (PipelineStateManager.java:addPipeline(55)) - Created pipeline Pipeline[ Id: e9c4d298-4493-4e41-a89a-7faaa8d3dffa, Nodes: 61732ce4-b30f-4383-a457-809dbeacd402{ip: 192.168.69.79, host: pr-hdds-2501-b5dhd-1197665634, networkLocation: /rack1, certSerialId: null}, Type:RATIS, Factor:ONE, State:ALLOCATED]
2019-11-16 00:26:32,222 [Thread-4071] INFO  pipeline.PipelineStateManager (PipelineStateManager.java:finalizePipeline(121)) - Pipeline Pipeline[ Id: 814f3a28-ceca-46da-9bff-00ee5274a815, Nodes: 1d1fab7d-6382-4228-8566-b1891c590073{ip: 192.168.69.79, host: pr-hdds-2501-b5dhd-1197665634, networkLocation: /rack1, certSerialId: null}, Type:RATIS, Factor:ONE, State:CLOSED] moved to CLOSED state
2019-11-16 00:26:32,224 [grpc-default-executor-9] INFO  impl.RaftServerProxy (RaftServerProxy.java:remove(95)) - 1d1fab7d-6382-4228-8566-b1891c590073: remove    LEADER 1d1fab7d-6382-4228-8566-b1891c590073@group-00EE5274A815:t1, leader=1d1fab7d-6382-4228-8566-b1891c590073, voted=1d1fab7d-6382-4228-8566-b1891c590073, raftlog=1d1fab7d-6382-4228-8566-b1891c590073@group-00EE5274A815-SegmentedRaftLog:OPENED:c0,f0,i0, conf=0: [1d1fab7d-6382-4228-8566-b1891c590073:192.168.69.79:34425], old=null RUNNING
2019-11-16 00:26:32,224 [grpc-default-executor-9] INFO  impl.RaftServerImpl (RaftServerImpl.java:lambda$shutdown$3(250)) - 1d1fab7d-6382-4228-8566-b1891c590073@group-00EE5274A815: shutdown
2019-11-16 00:26:32,224 [grpc-default-executor-9] INFO  util.JmxRegister (JmxRegister.java:unregister(73)) - Successfully un-registered JMX Bean with object name Ratis:service=RaftServer,group=group-00EE5274A815,id=1d1fab7d-6382-4228-8566-b1891c590073
2019-11-16 00:26:32,224 [grpc-default-executor-9] INFO  impl.RoleInfo (RoleInfo.java:shutdownLeaderState(104)) - 1d1fab7d-6382-4228-8566-b1891c590073: shutdown LeaderState
2019-11-16 00:26:32,224 [grpc-default-executor-9] INFO  impl.PendingRequests (PendingRequests.java:sendNotLeaderResponses(206)) - 1d1fab7d-6382-4228-8566-b1891c590073@group-00EE5274A815-PendingRequests: sendNotLeaderResponses
2019-11-16 00:26:32,224 [grpc-default-executor-9] INFO  impl.StateMachineUpdater (StateMachineUpdater.java:stopAndJoin(136)) - 1d1fab7d-6382-4228-8566-b1891c590073@group-00EE5274A815-StateMachineUpdater: set stopIndex = 0
2019-11-16 00:26:32,225 [grpc-default-executor-9] INFO  impl.RaftServerImpl (ServerState.java:close(387)) - 1d1fab7d-6382-4228-8566-b1891c590073@group-00EE5274A815: closes. applyIndex: 0
2019-11-16 00:26:32,225 [1d1fab7d-6382-4228-8566-b1891c590073@group-00EE5274A815-SegmentedRaftLogWorker] INFO  segmented.SegmentedRaftLogWorker (SegmentedRaftLogWorker.java:run(316)) - 1d1fab7d-6382-4228-8566-b1891c590073@group-00EE5274A815-SegmentedRaftLogWorker was interrupted, exiting. There are 0 tasks remaining in the queue.
2019-11-16 00:26:32,229 [grpc-default-executor-9] INFO  segmented.SegmentedRaftLogWorker (SegmentedRaftLogWorker.java:close(224)) - 1d1fab7d-6382-4228-8566-b1891c590073@group-00EE5274A815-SegmentedRaftLogWorker close()
2019-11-16 00:26:32,234 [Thread-4071] INFO  pipeline.PipelineStateManager (PipelineStateManager.java:removePipeline(106)) - Pipeline Pipeline[ Id: 814f3a28-ceca-46da-9bff-00ee5274a815, Nodes: 1d1fab7d-6382-4228-8566-b1891c590073{ip: 192.168.69.79, host: pr-hdds-2501-b5dhd-1197665634, networkLocation: /rack1, certSerialId: null}, Type:RATIS, Factor:ONE, State:CLOSED] removed from db
2019-11-16 00:26:32,234 [Thread-4071] INFO  pipeline.SCMPipelineManager (SCMPipelineManager.java:finalizeAndDestroyPipeline(315)) - destroying pipeline:Pipeline[ Id: c4d7a9df-c5a5-4cda-909f-2276bc3c0949, Nodes: a05a7939-ef6c-4534-b55b-b612829faca5{ip: 192.168.69.79, host: pr-hdds-2501-b5dhd-1197665634, networkLocation: /rack1, certSerialId: null}816b1da2-1c4e-42ee-9437-e192113ed53f{ip: 192.168.69.79, host: pr-hdds-2501-b5dhd-1197665634, networkLocation: /rack1, certSerialId: null}69b8f75d-497f-4fe6-9dc7-b84f6827359d{ip: 192.168.69.79, host: pr-hdds-2501-b5dhd-1197665634, networkLocation: /rack1, certSerialId: null}, Type:RATIS, Factor:THREE, State:OPEN]
2019-11-16 00:26:32,237 [grpc-default-executor-9] INFO  impl.RaftServerProxy (RaftServerProxy.java:addNew(89)) - 1d1fab7d-6382-4228-8566-b1891c590073: addNew group-F8DF03A95F93:[1d1fab7d-6382-4228-8566-b1891c590073:192.168.69.79:34425] returns group-F8DF03A95F93:java.util.concurrent.CompletableFuture@3d30fb00[Not completed]
2019-11-16 00:26:32,238 [pool-600-thread-1] INFO  impl.RaftServerImpl (RaftServerImpl.java:<init>(98)) - 1d1fab7d-6382-4228-8566-b1891c590073: new RaftServerImpl for group-F8DF03A95F93:[1d1fab7d-6382-4228-8566-b1891c590073:192.168.69.79:34425] with ContainerStateMachine:uninitialized
2019-11-16 00:26:32,238 [pool-600-thread-1] INFO  server.RaftServerConfigKeys (ConfUtils.java:logGet(43)) - raft.server.rpc.timeout.min = 1s (custom)
2019-11-16 00:26:32,238 [pool-600-thread-1] INFO  server.RaftServerConfigKeys (ConfUtils.java:logGet(43)) - raft.server.rpc.timeout.max = 1200ms (custom)
2019-11-16 00:26:32,238 [pool-600-thread-1] INFO  server.RaftServerConfigKeys (ConfUtils.java:logGet(43)) - raft.server.rpcslowness.timeout = 120s (custom)
2019-11-16 00:26:32,238 [pool-600-thread-1] INFO  server.RaftServerConfigKeys (ConfUtils.java:logGet(43)) - raft.server.sleep.deviation.threshold = 300 (default)
2019-11-16 00:26:32,238 [pool-600-thread-1] INFO  server.RaftServerConfigKeys (ConfUtils.java:logGet(43)) - raft.server.log.appender.install.snapshot.enabled = false (custom)
2019-11-16 00:26:32,238 [pool-600-thread-1] INFO  impl.RaftServerImpl (ServerState.java:<init>(103)) - 1d1fab7d-6382-4228-8566-b1891c590073@group-F8DF03A95F93: ConfigurationManager, init=-1: [1d1fab7d-6382-4228-8566-b1891c590073:192.168.69.79:34425], old=null, confs=<EMPTY_MAP>
2019-11-16 00:26:32,238 [pool-600-thread-1] INFO  server.RaftServerConfigKeys (ConfUtils.java:logGet(43)) - raft.server.storage.dir = [/workdir/hadoop-ozone/integration-test/target/test-dir/MiniOzoneClusterImpl-ec73e7b8-24c6-4197-838c-bd0443d97e1c/datanode-9/data/ratis] (custom)
2019-11-16 00:26:32,238 [pool-600-thread-1] INFO  server.RaftServerConfigKeys (ConfUtils.java:logGet(43)) - raft.server.log.corruption.policy = EXCEPTION (default)
2019-11-16 00:26:32,238 [pool-600-thread-1] INFO  storage.RaftStorageDirectory (RaftStorageDirectory.java:analyzeStorage(246)) - The storage directory /workdir/hadoop-ozone/integration-test/target/test-dir/MiniOzoneClusterImpl-ec73e7b8-24c6-4197-838c-bd0443d97e1c/datanode-9/data/ratis/51034928-c9af-4982-82e6-f8df03a95f93 does not exist. Creating ...
2019-11-16 00:26:32,243 [pool-600-thread-1] INFO  storage.RaftStorageDirectory (RaftStorageDirectory.java:tryLock(328)) - Lock on /workdir/hadoop-ozone/integration-test/target/test-dir/MiniOzoneClusterImpl-ec73e7b8-24c6-4197-838c-bd0443d97e1c/datanode-9/data/ratis/51034928-c9af-4982-82e6-f8df03a95f93/in_use.lock acquired by nodename 23786@pr-hdds-2501-b5dhd-1197665634
2019-11-16 00:26:32,256 [pool-600-thread-1] INFO  storage.RaftStorage (RaftStorage.java:format(84)) - Storage directory /workdir/hadoop-ozone/integration-test/target/test-dir/MiniOzoneClusterImpl-ec73e7b8-24c6-4197-838c-bd0443d97e1c/datanode-9/data/ratis/51034928-c9af-4982-82e6-f8df03a95f93 has been successfully formatted.
2019-11-16 00:26:32,256 [pool-600-thread-1] INFO  ratis.ContainerStateMachine (ContainerStateMachine.java:loadSnapshot(223)) - group-F8DF03A95F93: The snapshot info is null. Setting the last applied indexto:(t:0, i:~)
2019-11-16 00:26:32,256 [pool-600-thread-1] INFO  server.RaftServerConfigKeys (ConfUtils.java:logGet(43)) - raft.server.notification.no-leader.timeout = 120s (custom)
2019-11-16 00:26:32,256 [pool-600-thread-1] INFO  server.RaftServerConfigKeys (ConfUtils.java:logGet(43)) - raft.server.log.use.memory = false (default)
2019-11-16 00:26:32,256 [pool-600-thread-1] INFO  server.RaftServerConfigKeys (ConfUtils.java:logGet(43)) - raft.server.log.purge.gap = 1000000 (custom)
2019-11-16 00:26:32,257 [pool-600-thread-1] INFO  server.RaftServerConfigKeys (ConfUtils.java:logGet(43)) - raft.server.log.appender.buffer.byte-limit = 33554432 (custom)
2019-11-16 00:26:32,257 [pool-600-thread-1] INFO  server.RaftServerConfigKeys (ConfUtils.java:logGet(43)) - raft.server.log.segment.size.max = 1048576 (custom)
2019-11-16 00:26:32,257 [pool-600-thread-1] INFO  server.RaftServerConfigKeys (ConfUtils.java:logGet(43)) - raft.server.log.segment.cache.num.max = 2 (custom)
2019-11-16 00:26:32,257 [pool-600-thread-1] INFO  segmented.SegmentedRaftLogWorker (SegmentedRaftLogWorker.java:<init>(173)) - new 1d1fab7d-6382-4228-8566-b1891c590073@group-F8DF03A95F93-SegmentedRaftLogWorker for RaftStorage:Storage Directory /workdir/hadoop-ozone/integration-test/target/test-dir/MiniOzoneClusterImpl-ec73e7b8-24c6-4197-838c-bd0443d97e1c/datanode-9/data/ratis/51034928-c9af-4982-82e6-f8df03a95f93
2019-11-16 00:26:32,257 [pool-600-thread-1] INFO  server.RaftServerConfigKeys (ConfUtils.java:logGet(43)) - raft.server.log.queue.byte-limit = 2147483647 (custom)
2019-11-16 00:26:32,257 [pool-600-thread-1] INFO  server.RaftServerConfigKeys (ConfUtils.java:logGet(43)) - raft.server.log.queue.element-limit = 1024 (custom)
2019-11-16 00:26:32,257 [pool-600-thread-1] INFO  server.RaftServerConfigKeys (ConfUtils.java:logGet(43)) - raft.server.log.segment.size.max = 1048576 (custom)
2019-11-16 00:26:32,257 [pool-600-thread-1] INFO  server.RaftServerConfigKeys (ConfUtils.java:logGet(43)) - raft.server.log.preallocated.size = 16384 (custom)
2019-11-16 00:26:32,257 [pool-600-thread-1] INFO  server.RaftServerConfigKeys (ConfUtils.java:logGet(43)) - raft.server.log.write.buffer.size = 33554432 (custom)
2019-11-16 00:26:32,257 [pool-600-thread-1] INFO  server.RaftServerConfigKeys (ConfUtils.java:logGet(43)) - raft.server.log.force.sync.num = 128 (default)
2019-11-16 00:26:32,257 [pool-600-thread-1] INFO  server.RaftServerConfigKeys (ConfUtils.java:logGet(43)) - raft.server.log.statemachine.data.sync = true (default)
2019-11-16 00:26:32,257 [pool-600-thread-1] INFO  server.RaftServerConfigKeys (ConfUtils.java:logGet(43)) - raft.server.log.statemachine.data.sync.timeout = 10s (default)
2019-11-16 00:26:32,257 [pool-600-thread-1] INFO  server.RaftServerConfigKeys (ConfUtils.java:logGet(43)) - raft.server.log.statemachine.data.sync.timeout.retry = -1 (default)
2019-11-16 00:26:32,258 [pool-600-thread-1] INFO  server.RaftServerConfigKeys (ConfUtils.java:logGet(43)) - raft.server.log.statemachine.data.caching.enabled = true (custom)
2019-11-16 00:26:32,258 [pool-600-thread-1] INFO  segmented.SegmentedRaftLogWorker (SegmentedRaftLogWorker.java:lambda$new$0(128)) - 1d1fab7d-6382-4228-8566-b1891c590073@group-F8DF03A95F93-SegmentedRaftLogWorker: flushIndex: setUnconditionally 0 -> -1
2019-11-16 00:26:32,258 [pool-600-thread-1] INFO  server.RaftServerConfigKeys (ConfUtils.java:logGet(43)) - raft.server.snapshot.auto.trigger.enabled = true (custom)
2019-11-16 00:26:32,258 [pool-600-thread-1] INFO  server.RaftServerConfigKeys (ConfUtils.java:logGet(43)) - raft.server.snapshot.auto.trigger.threshold = 10000 (custom)
2019-11-16 00:26:32,258 [pool-600-thread-1] INFO  server.RaftServerConfigKeys (ConfUtils.java:logGet(43)) - raft.server.snapshot.retention.file.num = 5 (custom)
2019-11-16 00:26:32,258 [pool-600-thread-1] INFO  server.RaftServerConfigKeys (ConfUtils.java:logGet(43)) - raft.server.retrycache.expirytime = 600000ms (custom)
2019-11-16 00:26:32,258 [pool-600-thread-1] WARN  impl.MetricRegistriesImpl (MetricRegistriesImpl.java:lambda$create$1(61)) - First MetricRegistry has been created without registering reporters. You may need to call MetricRegistries.global().addReportRegistration(...) before.
2019-11-16 00:26:32,258 [pool-600-thread-1] WARN  impl.MetricRegistriesImpl (MetricRegistriesImpl.java:lambda$create$1(61)) - First MetricRegistry has been created without registering reporters. You may need to call MetricRegistries.global().addReportRegistration(...) before.
2019-11-16 00:26:32,259 [pool-600-thread-1] INFO  impl.RaftServerImpl (RaftServerImpl.java:start(184)) - 1d1fab7d-6382-4228-8566-b1891c590073@group-F8DF03A95F93: start as a follower, conf=-1: [1d1fab7d-6382-4228-8566-b1891c590073:192.168.69.79:34425], old=null
2019-11-16 00:26:32,259 [pool-600-thread-1] INFO  impl.RaftServerImpl (RaftServerImpl.java:setRole(173)) - 1d1fab7d-6382-4228-8566-b1891c590073@group-F8DF03A95F93: changes role from      null to FOLLOWER at term 0 for startAsFollower
2019-11-16 00:26:32,259 [pool-600-thread-1] INFO  impl.RoleInfo (RoleInfo.java:updateAndGet(143)) - 1d1fab7d-6382-4228-8566-b1891c590073: start FollowerState
2019-11-16 00:26:32,259 [pool-600-thread-1] INFO  util.JmxRegister (JmxRegister.java:tryRegister(44)) - Successfully registered JMX Bean with object name Ratis:service=RaftServer,group=group-F8DF03A95F93,id=1d1fab7d-6382-4228-8566-b1891c590073
2019-11-16 00:26:32,259 [pool-600-thread-1] WARN  impl.MetricRegistriesImpl (MetricRegistriesImpl.java:lambda$create$1(61)) - First MetricRegistry has been created without registering reporters. You may need to call MetricRegistries.global().addReportRegistration(...) before.
2019-11-16 00:26:32,261 [RatisPipelineUtilsThread] INFO  pipeline.PipelineStateManager (PipelineStateManager.java:addPipeline(55)) - Created pipeline Pipeline[ Id: 51034928-c9af-4982-82e6-f8df03a95f93, Nodes: 1d1fab7d-6382-4228-8566-b1891c590073{ip: 192.168.69.79, host: pr-hdds-2501-b5dhd-1197665634, networkLocation: /rack1, certSerialId: null}, Type:RATIS, Factor:ONE, State:ALLOCATED]
2019-11-16 00:26:32,262 [Thread-4071] INFO  pipeline.PipelineStateManager (PipelineStateManager.java:finalizePipeline(121)) - Pipeline Pipeline[ Id: c4d7a9df-c5a5-4cda-909f-2276bc3c0949, Nodes: a05a7939-ef6c-4534-b55b-b612829faca5{ip: 192.168.69.79, host: pr-hdds-2501-b5dhd-1197665634, networkLocation: /rack1, certSerialId: null}816b1da2-1c4e-42ee-9437-e192113ed53f{ip: 192.168.69.79, host: pr-hdds-2501-b5dhd-1197665634, networkLocation: /rack1, certSerialId: null}69b8f75d-497f-4fe6-9dc7-b84f6827359d{ip: 192.168.69.79, host: pr-hdds-2501-b5dhd-1197665634, networkLocation: /rack1, certSerialId: null}, Type:RATIS, Factor:THREE, State:CLOSED] moved to CLOSED state
2019-11-16 00:26:32,262 [EventQueue-CloseContainerForCloseContainerEventHandler] INFO  container.CloseContainerEventHandler (CloseContainerEventHandler.java:onMessage(61)) - Close container Event triggered for container : #1
2019-11-16 00:26:32,265 [grpc-default-executor-9] INFO  impl.RaftServerProxy (RaftServerProxy.java:remove(95)) - a05a7939-ef6c-4534-b55b-b612829faca5: remove  FOLLOWER a05a7939-ef6c-4534-b55b-b612829faca5@group-2276BC3C0949:t1, leader=816b1da2-1c4e-42ee-9437-e192113ed53f, voted=816b1da2-1c4e-42ee-9437-e192113ed53f, raftlog=a05a7939-ef6c-4534-b55b-b612829faca5@group-2276BC3C0949-SegmentedRaftLog:OPENED:c2,f4,i4, conf=0: [a05a7939-ef6c-4534-b55b-b612829faca5:192.168.69.79:35267, 816b1da2-1c4e-42ee-9437-e192113ed53f:192.168.69.79:36665, 69b8f75d-497f-4fe6-9dc7-b84f6827359d:192.168.69.79:44545], old=null RUNNING
2019-11-16 00:26:32,265 [grpc-default-executor-9] INFO  impl.RaftServerImpl (RaftServerImpl.java:lambda$shutdown$3(250)) - a05a7939-ef6c-4534-b55b-b612829faca5@group-2276BC3C0949: shutdown
2019-11-16 00:26:32,265 [grpc-default-executor-9] INFO  util.JmxRegister (JmxRegister.java:unregister(73)) - Successfully un-registered JMX Bean with object name Ratis:service=RaftServer,group=group-2276BC3C0949,id=a05a7939-ef6c-4534-b55b-b612829faca5
2019-11-16 00:26:32,265 [grpc-default-executor-9] INFO  impl.RoleInfo (RoleInfo.java:shutdownFollowerState(121)) - a05a7939-ef6c-4534-b55b-b612829faca5: shutdown FollowerState
2019-11-16 00:26:32,265 [grpc-default-executor-9] INFO  impl.StateMachineUpdater (StateMachineUpdater.java:stopAndJoin(136)) - a05a7939-ef6c-4534-b55b-b612829faca5@group-2276BC3C0949-StateMachineUpdater: set stopIndex = 2
2019-11-16 00:26:32,265 [Thread-4156] INFO  impl.FollowerState (FollowerState.java:run(120)) - a05a7939-ef6c-4534-b55b-b612829faca5@group-2276BC3C0949-FollowerState was interrupted: java.lang.InterruptedException: sleep interrupted
2019-11-16 00:26:32,265 [a05a7939-ef6c-4534-b55b-b612829faca5@group-2276BC3C0949-StateMachineUpdater] INFO  ratis.ContainerStateMachine (ContainerStateMachine.java:takeSnapshot(285)) - group-2276BC3C0949: Taking a snapshot at:(t:1, i:2) file /workdir/hadoop-ozone/integration-test/target/test-dir/MiniOzoneClusterImpl-ec73e7b8-24c6-4197-838c-bd0443d97e1c/datanode-4/data/ratis/c4d7a9df-c5a5-4cda-909f-2276bc3c0949/sm/snapshot.1_2
2019-11-16 00:26:32,273 [a05a7939-ef6c-4534-b55b-b612829faca5@group-2276BC3C0949-StateMachineUpdater] INFO  ratis.ContainerStateMachine (ContainerStateMachine.java:takeSnapshot(296)) - group-2276BC3C0949: Finished taking a snapshot at:(t:1, i:2) file:/workdir/hadoop-ozone/integration-test/target/test-dir/MiniOzoneClusterImpl-ec73e7b8-24c6-4197-838c-bd0443d97e1c/datanode-4/data/ratis/c4d7a9df-c5a5-4cda-909f-2276bc3c0949/sm/snapshot.1_2 time:8
2019-11-16 00:26:32,274 [a05a7939-ef6c-4534-b55b-b612829faca5@group-2276BC3C0949-StateMachineUpdater] INFO  impl.StateMachineUpdater (StateMachineUpdater.java:takeSnapshot(269)) - a05a7939-ef6c-4534-b55b-b612829faca5@group-2276BC3C0949-StateMachineUpdater: Took a snapshot at index 2
2019-11-16 00:26:32,274 [a05a7939-ef6c-4534-b55b-b612829faca5@group-2276BC3C0949-StateMachineUpdater] INFO  impl.StateMachineUpdater (StateMachineUpdater.java:lambda$new$0(84)) - a05a7939-ef6c-4534-b55b-b612829faca5@group-2276BC3C0949-StateMachineUpdater: snapshotIndex: updateIncreasingly -1 -> 2
2019-11-16 00:26:32,275 [grpc-default-executor-9] INFO  impl.RaftServerImpl (ServerState.java:close(387)) - a05a7939-ef6c-4534-b55b-b612829faca5@group-2276BC3C0949: closes. applyIndex: 2
2019-11-16 00:26:32,275 [a05a7939-ef6c-4534-b55b-b612829faca5@group-2276BC3C0949-SegmentedRaftLogWorker] INFO  segmented.SegmentedRaftLogWorker (SegmentedRaftLogWorker.java:run(316)) - a05a7939-ef6c-4534-b55b-b612829faca5@group-2276BC3C0949-SegmentedRaftLogWorker was interrupted, exiting. There are 0 tasks remaining in the queue.
2019-11-16 00:26:32,275 [grpc-default-executor-9] INFO  segmented.SegmentedRaftLogWorker (SegmentedRaftLogWorker.java:close(224)) - a05a7939-ef6c-4534-b55b-b612829faca5@group-2276BC3C0949-SegmentedRaftLogWorker close()
2019-11-16 00:26:32,318 [Datanode State Machine Thread - 0] INFO  statemachine.DatanodeStateMachine (DatanodeStateMachine.java:lambda$startDaemon$0(355)) - Ozone container server started.
2019-11-16 00:26:32,331 [grpc-default-executor-9] INFO  interfaces.Container (KeyValueContainer.java:flushAndSyncDB(400)) - Container 1 is synced with bcsId 2.
2019-11-16 00:26:32,331 [grpc-default-executor-9] INFO  interfaces.Container (KeyValueContainer.java:flushAndSyncDB(400)) - Container 1 is synced with bcsId 2.
2019-11-16 00:26:32,350 [grpc-default-executor-9] INFO  impl.RaftServerProxy (RaftServerProxy.java:remove(95)) - 816b1da2-1c4e-42ee-9437-e192113ed53f: remove    LEADER 816b1da2-1c4e-42ee-9437-e192113ed53f@group-2276BC3C0949:t1, leader=816b1da2-1c4e-42ee-9437-e192113ed53f, voted=816b1da2-1c4e-42ee-9437-e192113ed53f, raftlog=816b1da2-1c4e-42ee-9437-e192113ed53f@group-2276BC3C0949-SegmentedRaftLog:OPENED:c4,f4,i4, conf=0: [a05a7939-ef6c-4534-b55b-b612829faca5:192.168.69.79:35267, 816b1da2-1c4e-42ee-9437-e192113ed53f:192.168.69.79:36665, 69b8f75d-497f-4fe6-9dc7-b84f6827359d:192.168.69.79:44545], old=null RUNNING
2019-11-16 00:26:32,350 [grpc-default-executor-9] INFO  impl.RaftServerImpl (RaftServerImpl.java:lambda$shutdown$3(250)) - 816b1da2-1c4e-42ee-9437-e192113ed53f@group-2276BC3C0949: shutdown
2019-11-16 00:26:32,350 [grpc-default-executor-9] INFO  util.JmxRegister (JmxRegister.java:unregister(73)) - Successfully un-registered JMX Bean with object name Ratis:service=RaftServer,group=group-2276BC3C0949,id=816b1da2-1c4e-42ee-9437-e192113ed53f
2019-11-16 00:26:32,350 [grpc-default-executor-9] INFO  impl.RoleInfo (RoleInfo.java:shutdownLeaderState(104)) - 816b1da2-1c4e-42ee-9437-e192113ed53f: shutdown LeaderState
2019-11-16 00:26:32,355 [grpc-default-executor-9] INFO  impl.PendingRequests (PendingRequests.java:sendNotLeaderResponses(206)) - 816b1da2-1c4e-42ee-9437-e192113ed53f@group-2276BC3C0949-PendingRequests: sendNotLeaderResponses
2019-11-16 00:26:32,355 [org.apache.ratis.server.impl.LogAppender$AppenderDaemon$$Lambda$427/371179679@29c97d4e] WARN  server.GrpcLogAppender (GrpcLogAppender.java:mayWait(151)) - 816b1da2-1c4e-42ee-9437-e192113ed53f@group-2276BC3C0949->a05a7939-ef6c-4534-b55b-b612829faca5-GrpcLogAppender: Wait interrupted by java.lang.InterruptedException
2019-11-16 00:26:32,355 [org.apache.ratis.server.impl.LogAppender$AppenderDaemon$$Lambda$427/371179679@6ccbe613] WARN  server.GrpcLogAppender (GrpcLogAppender.java:mayWait(151)) - 816b1da2-1c4e-42ee-9437-e192113ed53f@group-2276BC3C0949->69b8f75d-497f-4fe6-9dc7-b84f6827359d-GrpcLogAppender: Wait interrupted by java.lang.InterruptedException
2019-11-16 00:26:32,362 [816b1da2-1c4e-42ee-9437-e192113ed53f@group-2276BC3C0949-StateMachineUpdater] INFO  ratis.ContainerStateMachine (ContainerStateMachine.java:takeSnapshot(285)) - group-2276BC3C0949: Taking a snapshot at:(t:1, i:4) file /workdir/hadoop-ozone/integration-test/target/test-dir/MiniOzoneClusterImpl-ec73e7b8-24c6-4197-838c-bd0443d97e1c/datanode-5/data/ratis/c4d7a9df-c5a5-4cda-909f-2276bc3c0949/sm/snapshot.1_4
2019-11-16 00:26:32,361 [grpc-default-executor-9] INFO  impl.StateMachineUpdater (StateMachineUpdater.java:stopAndJoin(136)) - 816b1da2-1c4e-42ee-9437-e192113ed53f@group-2276BC3C0949-StateMachineUpdater: set stopIndex = 4
2019-11-16 00:26:32,362 [grpc-default-executor-3] INFO  server.GrpcServerProtocolService (GrpcServerProtocolService.java:onCompleted(113)) - a05a7939-ef6c-4534-b55b-b612829faca5: Completed APPEND_ENTRIES, lastRequest: 816b1da2-1c4e-42ee-9437-e192113ed53f->a05a7939-ef6c-4534-b55b-b612829faca5#7-t1, previous=(t:1, i:3), leaderCommit=2, initializing? false, entries: size=1, first=(t:1, i:4), METADATAENTRY(c2)
2019-11-16 00:26:32,362 [grpc-default-executor-2] INFO  server.GrpcServerProtocolService (GrpcServerProtocolService.java:onCompleted(113)) - 69b8f75d-497f-4fe6-9dc7-b84f6827359d: Completed APPEND_ENTRIES, lastRequest: 816b1da2-1c4e-42ee-9437-e192113ed53f->69b8f75d-497f-4fe6-9dc7-b84f6827359d#7-t1, previous=(t:1, i:3), leaderCommit=2, initializing? false, entries: size=1, first=(t:1, i:4), METADATAENTRY(c2)
2019-11-16 00:26:32,362 [grpc-default-executor-2] INFO  server.GrpcLogAppender (GrpcLogAppender.java:onCompleted(308)) - 816b1da2-1c4e-42ee-9437-e192113ed53f@group-2276BC3C0949->a05a7939-ef6c-4534-b55b-b612829faca5-AppendLogResponseHandler: follower responses appendEntries COMPLETED
2019-11-16 00:26:32,362 [grpc-default-executor-3] INFO  server.GrpcLogAppender (GrpcLogAppender.java:onCompleted(308)) - 816b1da2-1c4e-42ee-9437-e192113ed53f@group-2276BC3C0949->69b8f75d-497f-4fe6-9dc7-b84f6827359d-AppendLogResponseHandler: follower responses appendEntries COMPLETED
2019-11-16 00:26:32,363 [grpc-default-executor-2] INFO  impl.FollowerInfo (FollowerInfo.java:lambda$new$0(51)) - 816b1da2-1c4e-42ee-9437-e192113ed53f@group-2276BC3C0949->a05a7939-ef6c-4534-b55b-b612829faca5: nextIndex: updateUnconditionally 5 -> 4
2019-11-16 00:26:32,363 [grpc-default-executor-3] INFO  impl.FollowerInfo (FollowerInfo.java:lambda$new$0(51)) - 816b1da2-1c4e-42ee-9437-e192113ed53f@group-2276BC3C0949->69b8f75d-497f-4fe6-9dc7-b84f6827359d: nextIndex: updateUnconditionally 5 -> 4
2019-11-16 00:26:32,375 [816b1da2-1c4e-42ee-9437-e192113ed53f@group-2276BC3C0949-StateMachineUpdater] INFO  ratis.ContainerStateMachine (ContainerStateMachine.java:takeSnapshot(296)) - group-2276BC3C0949: Finished taking a snapshot at:(t:1, i:4) file:/workdir/hadoop-ozone/integration-test/target/test-dir/MiniOzoneClusterImpl-ec73e7b8-24c6-4197-838c-bd0443d97e1c/datanode-5/data/ratis/c4d7a9df-c5a5-4cda-909f-2276bc3c0949/sm/snapshot.1_4 time:13
2019-11-16 00:26:32,375 [816b1da2-1c4e-42ee-9437-e192113ed53f@group-2276BC3C0949-StateMachineUpdater] INFO  impl.StateMachineUpdater (StateMachineUpdater.java:takeSnapshot(269)) - 816b1da2-1c4e-42ee-9437-e192113ed53f@group-2276BC3C0949-StateMachineUpdater: Took a snapshot at index 4
2019-11-16 00:26:32,375 [816b1da2-1c4e-42ee-9437-e192113ed53f@group-2276BC3C0949-StateMachineUpdater] INFO  impl.StateMachineUpdater (StateMachineUpdater.java:lambda$new$0(84)) - 816b1da2-1c4e-42ee-9437-e192113ed53f@group-2276BC3C0949-StateMachineUpdater: snapshotIndex: updateIncreasingly -1 -> 4
2019-11-16 00:26:32,375 [grpc-default-executor-9] INFO  impl.RaftServerImpl (ServerState.java:close(387)) - 816b1da2-1c4e-42ee-9437-e192113ed53f@group-2276BC3C0949: closes. applyIndex: 4
2019-11-16 00:26:32,376 [816b1da2-1c4e-42ee-9437-e192113ed53f@group-2276BC3C0949-SegmentedRaftLogWorker] INFO  segmented.SegmentedRaftLogWorker (SegmentedRaftLogWorker.java:run(316)) - 816b1da2-1c4e-42ee-9437-e192113ed53f@group-2276BC3C0949-SegmentedRaftLogWorker was interrupted, exiting. There are 0 tasks remaining in the queue.
2019-11-16 00:26:32,376 [grpc-default-executor-9] INFO  segmented.SegmentedRaftLogWorker (SegmentedRaftLogWorker.java:close(224)) - 816b1da2-1c4e-42ee-9437-e192113ed53f@group-2276BC3C0949-SegmentedRaftLogWorker close()
2019-11-16 00:26:32,405 [grpc-default-executor-9] INFO  interfaces.Container (KeyValueContainer.java:flushAndSyncDB(400)) - Container 1 is synced with bcsId 2.
2019-11-16 00:26:32,406 [grpc-default-executor-9] INFO  interfaces.Container (KeyValueContainer.java:flushAndSyncDB(400)) - Container 1 is synced with bcsId 2.
2019-11-16 00:26:32,422 [EventQueue-IncrementalContainerReportForIncrementalContainerReportHandler] INFO  container.IncrementalContainerReportHandler (AbstractContainerReportHandler.java:updateContainerState(171)) - Moving container #1 to QUASI_CLOSED state, datanode 816b1da2-1c4e-42ee-9437-e192113ed53f{ip: 192.168.69.79, host: pr-hdds-2501-b5dhd-1197665634, networkLocation: /rack1, certSerialId: null} reported QUASI_CLOSED replica.
2019-11-16 00:26:32,424 [grpc-default-executor-9] INFO  impl.RaftServerProxy (RaftServerProxy.java:remove(95)) - 69b8f75d-497f-4fe6-9dc7-b84f6827359d: remove  FOLLOWER 69b8f75d-497f-4fe6-9dc7-b84f6827359d@group-2276BC3C0949:t1, leader=816b1da2-1c4e-42ee-9437-e192113ed53f, voted=816b1da2-1c4e-42ee-9437-e192113ed53f, raftlog=69b8f75d-497f-4fe6-9dc7-b84f6827359d@group-2276BC3C0949-SegmentedRaftLog:OPENED:c2,f4,i4, conf=0: [a05a7939-ef6c-4534-b55b-b612829faca5:192.168.69.79:35267, 816b1da2-1c4e-42ee-9437-e192113ed53f:192.168.69.79:36665, 69b8f75d-497f-4fe6-9dc7-b84f6827359d:192.168.69.79:44545], old=null RUNNING
2019-11-16 00:26:32,424 [grpc-default-executor-9] INFO  impl.RaftServerImpl (RaftServerImpl.java:lambda$shutdown$3(250)) - 69b8f75d-497f-4fe6-9dc7-b84f6827359d@group-2276BC3C0949: shutdown
2019-11-16 00:26:32,424 [grpc-default-executor-9] INFO  util.JmxRegister (JmxRegister.java:unregister(73)) - Successfully un-registered JMX Bean with object name Ratis:service=RaftServer,group=group-2276BC3C0949,id=69b8f75d-497f-4fe6-9dc7-b84f6827359d
2019-11-16 00:26:32,424 [grpc-default-executor-9] INFO  impl.RoleInfo (RoleInfo.java:shutdownFollowerState(121)) - 69b8f75d-497f-4fe6-9dc7-b84f6827359d: shutdown FollowerState
2019-11-16 00:26:32,425 [grpc-default-executor-9] INFO  impl.StateMachineUpdater (StateMachineUpdater.java:stopAndJoin(136)) - 69b8f75d-497f-4fe6-9dc7-b84f6827359d@group-2276BC3C0949-StateMachineUpdater: set stopIndex = 2
2019-11-16 00:26:32,425 [Thread-4157] INFO  impl.FollowerState (FollowerState.java:run(120)) - 69b8f75d-497f-4fe6-9dc7-b84f6827359d@group-2276BC3C0949-FollowerState was interrupted: java.lang.InterruptedException: sleep interrupted
2019-11-16 00:26:32,425 [69b8f75d-497f-4fe6-9dc7-b84f6827359d@group-2276BC3C0949-StateMachineUpdater] INFO  ratis.ContainerStateMachine (ContainerStateMachine.java:takeSnapshot(285)) - group-2276BC3C0949: Taking a snapshot at:(t:1, i:2) file /workdir/hadoop-ozone/integration-test/target/test-dir/MiniOzoneClusterImpl-ec73e7b8-24c6-4197-838c-bd0443d97e1c/datanode-3/data/ratis/c4d7a9df-c5a5-4cda-909f-2276bc3c0949/sm/snapshot.1_2
2019-11-16 00:26:32,438 [69b8f75d-497f-4fe6-9dc7-b84f6827359d@group-2276BC3C0949-StateMachineUpdater] INFO  ratis.ContainerStateMachine (ContainerStateMachine.java:takeSnapshot(296)) - group-2276BC3C0949: Finished taking a snapshot at:(t:1, i:2) file:/workdir/hadoop-ozone/integration-test/target/test-dir/MiniOzoneClusterImpl-ec73e7b8-24c6-4197-838c-bd0443d97e1c/datanode-3/data/ratis/c4d7a9df-c5a5-4cda-909f-2276bc3c0949/sm/snapshot.1_2 time:14
2019-11-16 00:26:32,438 [69b8f75d-497f-4fe6-9dc7-b84f6827359d@group-2276BC3C0949-StateMachineUpdater] INFO  impl.StateMachineUpdater (StateMachineUpdater.java:takeSnapshot(269)) - 69b8f75d-497f-4fe6-9dc7-b84f6827359d@group-2276BC3C0949-StateMachineUpdater: Took a snapshot at index 2
2019-11-16 00:26:32,439 [69b8f75d-497f-4fe6-9dc7-b84f6827359d@group-2276BC3C0949-StateMachineUpdater] INFO  impl.StateMachineUpdater (StateMachineUpdater.java:lambda$new$0(84)) - 69b8f75d-497f-4fe6-9dc7-b84f6827359d@group-2276BC3C0949-StateMachineUpdater: snapshotIndex: updateIncreasingly -1 -> 2
2019-11-16 00:26:32,439 [grpc-default-executor-9] INFO  impl.RaftServerImpl (ServerState.java:close(387)) - 69b8f75d-497f-4fe6-9dc7-b84f6827359d@group-2276BC3C0949: closes. applyIndex: 2
2019-11-16 00:26:32,439 [69b8f75d-497f-4fe6-9dc7-b84f6827359d@group-2276BC3C0949-SegmentedRaftLogWorker] INFO  segmented.SegmentedRaftLogWorker (SegmentedRaftLogWorker.java:run(316)) - 69b8f75d-497f-4fe6-9dc7-b84f6827359d@group-2276BC3C0949-SegmentedRaftLogWorker was interrupted, exiting. There are 0 tasks remaining in the queue.
2019-11-16 00:26:32,439 [grpc-default-executor-9] INFO  segmented.SegmentedRaftLogWorker (SegmentedRaftLogWorker.java:close(224)) - 69b8f75d-497f-4fe6-9dc7-b84f6827359d@group-2276BC3C0949-SegmentedRaftLogWorker close()
2019-11-16 00:26:32,470 [grpc-default-executor-9] INFO  interfaces.Container (KeyValueContainer.java:flushAndSyncDB(400)) - Container 1 is synced with bcsId 2.
2019-11-16 00:26:32,470 [grpc-default-executor-9] INFO  interfaces.Container (KeyValueContainer.java:flushAndSyncDB(400)) - Container 1 is synced with bcsId 2.
2019-11-16 00:26:32,490 [Thread-4071] INFO  pipeline.PipelineStateManager (PipelineStateManager.java:removePipeline(106)) - Pipeline Pipeline[ Id: c4d7a9df-c5a5-4cda-909f-2276bc3c0949, Nodes: a05a7939-ef6c-4534-b55b-b612829faca5{ip: 192.168.69.79, host: pr-hdds-2501-b5dhd-1197665634, networkLocation: /rack1, certSerialId: null}816b1da2-1c4e-42ee-9437-e192113ed53f{ip: 192.168.69.79, host: pr-hdds-2501-b5dhd-1197665634, networkLocation: /rack1, certSerialId: null}69b8f75d-497f-4fe6-9dc7-b84f6827359d{ip: 192.168.69.79, host: pr-hdds-2501-b5dhd-1197665634, networkLocation: /rack1, certSerialId: null}, Type:RATIS, Factor:THREE, State:CLOSED] removed from db
2019-11-16 00:26:32,490 [Thread-4071] INFO  pipeline.SCMPipelineManager (SCMPipelineManager.java:finalizeAndDestroyPipeline(315)) - destroying pipeline:Pipeline[ Id: e866e62e-0b01-4992-9bd2-f60e441e5e14, Nodes: 5140e110-8ff7-42a5-9b32-053ee4f24742{ip: 192.168.69.79, host: pr-hdds-2501-b5dhd-1197665634, networkLocation: /rack1, certSerialId: null}, Type:RATIS, Factor:ONE, State:OPEN]
2019-11-16 00:26:32,499 [grpc-default-executor-9] INFO  impl.RaftServerProxy (RaftServerProxy.java:addNew(89)) - 816b1da2-1c4e-42ee-9437-e192113ed53f: addNew group-8322C3CD9FF7:[a05a7939-ef6c-4534-b55b-b612829faca5:192.168.69.79:35267, 816b1da2-1c4e-42ee-9437-e192113ed53f:192.168.69.79:36665, 69b8f75d-497f-4fe6-9dc7-b84f6827359d:192.168.69.79:44545] returns group-8322C3CD9FF7:java.util.concurrent.CompletableFuture@555b0514[Not completed]
2019-11-16 00:26:32,499 [grpc-default-executor-3] INFO  impl.RaftServerProxy (RaftServerProxy.java:addNew(89)) - 69b8f75d-497f-4fe6-9dc7-b84f6827359d: addNew group-8322C3CD9FF7:[a05a7939-ef6c-4534-b55b-b612829faca5:192.168.69.79:35267, 816b1da2-1c4e-42ee-9437-e192113ed53f:192.168.69.79:36665, 69b8f75d-497f-4fe6-9dc7-b84f6827359d:192.168.69.79:44545] returns group-8322C3CD9FF7:java.util.concurrent.CompletableFuture@5de3c95a[Not completed]
2019-11-16 00:26:32,499 [grpc-default-executor-9] INFO  impl.RaftServerProxy (RaftServerProxy.java:addNew(89)) - a05a7939-ef6c-4534-b55b-b612829faca5: addNew group-8322C3CD9FF7:[a05a7939-ef6c-4534-b55b-b612829faca5:192.168.69.79:35267, 816b1da2-1c4e-42ee-9437-e192113ed53f:192.168.69.79:36665, 69b8f75d-497f-4fe6-9dc7-b84f6827359d:192.168.69.79:44545] returns group-8322C3CD9FF7:java.util.concurrent.CompletableFuture@51e684cf[Not completed]
2019-11-16 00:26:32,499 [pool-560-thread-1] INFO  impl.RaftServerImpl (RaftServerImpl.java:<init>(98)) - 816b1da2-1c4e-42ee-9437-e192113ed53f: new RaftServerImpl for group-8322C3CD9FF7:[a05a7939-ef6c-4534-b55b-b612829faca5:192.168.69.79:35267, 816b1da2-1c4e-42ee-9437-e192113ed53f:192.168.69.79:36665, 69b8f75d-497f-4fe6-9dc7-b84f6827359d:192.168.69.79:44545] with ContainerStateMachine:uninitialized
2019-11-16 00:26:32,499 [pool-560-thread-1] INFO  server.RaftServerConfigKeys (ConfUtils.java:logGet(43)) - raft.server.rpc.timeout.min = 1s (custom)
2019-11-16 00:26:32,500 [pool-560-thread-1] INFO  server.RaftServerConfigKeys (ConfUtils.java:logGet(43)) - raft.server.rpc.timeout.max = 1200ms (custom)
2019-11-16 00:26:32,500 [pool-560-thread-1] INFO  server.RaftServerConfigKeys (ConfUtils.java:logGet(43)) - raft.server.rpcslowness.timeout = 120s (custom)
2019-11-16 00:26:32,500 [pool-560-thread-1] INFO  server.RaftServerConfigKeys (ConfUtils.java:logGet(43)) - raft.server.sleep.deviation.threshold = 300 (default)
2019-11-16 00:26:32,500 [pool-550-thread-1] INFO  impl.RaftServerImpl (RaftServerImpl.java:<init>(98)) - a05a7939-ef6c-4534-b55b-b612829faca5: new RaftServerImpl for group-8322C3CD9FF7:[a05a7939-ef6c-4534-b55b-b612829faca5:192.168.69.79:35267, 816b1da2-1c4e-42ee-9437-e192113ed53f:192.168.69.79:36665, 69b8f75d-497f-4fe6-9dc7-b84f6827359d:192.168.69.79:44545] with ContainerStateMachine:uninitialized
2019-11-16 00:26:32,500 [pool-560-thread-1] INFO  server.RaftServerConfigKeys (ConfUtils.java:logGet(43)) - raft.server.log.appender.install.snapshot.enabled = false (custom)
2019-11-16 00:26:32,500 [pool-550-thread-1] INFO  server.RaftServerConfigKeys (ConfUtils.java:logGet(43)) - raft.server.rpc.timeout.min = 1s (custom)
2019-11-16 00:26:32,500 [pool-560-thread-1] INFO  impl.RaftServerImpl (ServerState.java:<init>(103)) - 816b1da2-1c4e-42ee-9437-e192113ed53f@group-8322C3CD9FF7: ConfigurationManager, init=-1: [a05a7939-ef6c-4534-b55b-b612829faca5:192.168.69.79:35267, 816b1da2-1c4e-42ee-9437-e192113ed53f:192.168.69.79:36665, 69b8f75d-497f-4fe6-9dc7-b84f6827359d:192.168.69.79:44545], old=null, confs=<EMPTY_MAP>
2019-11-16 00:26:32,500 [pool-550-thread-1] INFO  server.RaftServerConfigKeys (ConfUtils.java:logGet(43)) - raft.server.rpc.timeout.max = 1200ms (custom)
2019-11-16 00:26:32,500 [pool-560-thread-1] INFO  server.RaftServerConfigKeys (ConfUtils.java:logGet(43)) - raft.server.storage.dir = [/workdir/hadoop-ozone/integration-test/target/test-dir/MiniOzoneClusterImpl-ec73e7b8-24c6-4197-838c-bd0443d97e1c/datanode-5/data/ratis] (custom)
2019-11-16 00:26:32,500 [pool-550-thread-1] INFO  server.RaftServerConfigKeys (ConfUtils.java:logGet(43)) - raft.server.rpcslowness.timeout = 120s (custom)
2019-11-16 00:26:32,500 [pool-550-thread-1] INFO  server.RaftServerConfigKeys (ConfUtils.java:logGet(43)) - raft.server.sleep.deviation.threshold = 300 (default)
2019-11-16 00:26:32,500 [pool-560-thread-1] INFO  server.RaftServerConfigKeys (ConfUtils.java:logGet(43)) - raft.server.log.corruption.policy = EXCEPTION (default)
2019-11-16 00:26:32,500 [pool-550-thread-1] INFO  server.RaftServerConfigKeys (ConfUtils.java:logGet(43)) - raft.server.log.appender.install.snapshot.enabled = false (custom)
2019-11-16 00:26:32,500 [pool-560-thread-1] INFO  storage.RaftStorageDirectory (RaftStorageDirectory.java:analyzeStorage(246)) - The storage directory /workdir/hadoop-ozone/integration-test/target/test-dir/MiniOzoneClusterImpl-ec73e7b8-24c6-4197-838c-bd0443d97e1c/datanode-5/data/ratis/8496d245-20ad-404e-8b3a-8322c3cd9ff7 does not exist. Creating ...
2019-11-16 00:26:32,500 [pool-550-thread-1] INFO  impl.RaftServerImpl (ServerState.java:<init>(103)) - a05a7939-ef6c-4534-b55b-b612829faca5@group-8322C3CD9FF7: ConfigurationManager, init=-1: [a05a7939-ef6c-4534-b55b-b612829faca5:192.168.69.79:35267, 816b1da2-1c4e-42ee-9437-e192113ed53f:192.168.69.79:36665, 69b8f75d-497f-4fe6-9dc7-b84f6827359d:192.168.69.79:44545], old=null, confs=<EMPTY_MAP>
2019-11-16 00:26:32,501 [pool-550-thread-1] INFO  server.RaftServerConfigKeys (ConfUtils.java:logGet(43)) - raft.server.storage.dir = [/workdir/hadoop-ozone/integration-test/target/test-dir/MiniOzoneClusterImpl-ec73e7b8-24c6-4197-838c-bd0443d97e1c/datanode-4/data/ratis] (custom)
2019-11-16 00:26:32,501 [pool-540-thread-1] INFO  impl.RaftServerImpl (RaftServerImpl.java:<init>(98)) - 69b8f75d-497f-4fe6-9dc7-b84f6827359d: new RaftServerImpl for group-8322C3CD9FF7:[a05a7939-ef6c-4534-b55b-b612829faca5:192.168.69.79:35267, 816b1da2-1c4e-42ee-9437-e192113ed53f:192.168.69.79:36665, 69b8f75d-497f-4fe6-9dc7-b84f6827359d:192.168.69.79:44545] with ContainerStateMachine:uninitialized
2019-11-16 00:26:32,501 [pool-550-thread-1] INFO  server.RaftServerConfigKeys (ConfUtils.java:logGet(43)) - raft.server.log.corruption.policy = EXCEPTION (default)
2019-11-16 00:26:32,501 [pool-540-thread-1] INFO  server.RaftServerConfigKeys (ConfUtils.java:logGet(43)) - raft.server.rpc.timeout.min = 1s (custom)
2019-11-16 00:26:32,501 [pool-550-thread-1] INFO  storage.RaftStorageDirectory (RaftStorageDirectory.java:analyzeStorage(246)) - The storage directory /workdir/hadoop-ozone/integration-test/target/test-dir/MiniOzoneClusterImpl-ec73e7b8-24c6-4197-838c-bd0443d97e1c/datanode-4/data/ratis/8496d245-20ad-404e-8b3a-8322c3cd9ff7 does not exist. Creating ...
2019-11-16 00:26:32,501 [pool-540-thread-1] INFO  server.RaftServerConfigKeys (ConfUtils.java:logGet(43)) - raft.server.rpc.timeout.max = 1200ms (custom)
2019-11-16 00:26:32,501 [pool-540-thread-1] INFO  server.RaftServerConfigKeys (ConfUtils.java:logGet(43)) - raft.server.rpcslowness.timeout = 120s (custom)
2019-11-16 00:26:32,501 [pool-540-thread-1] INFO  server.RaftServerConfigKeys (ConfUtils.java:logGet(43)) - raft.server.sleep.deviation.threshold = 300 (default)
2019-11-16 00:26:32,501 [pool-540-thread-1] INFO  server.RaftServerConfigKeys (ConfUtils.java:logGet(43)) - raft.server.log.appender.install.snapshot.enabled = false (custom)
2019-11-16 00:26:32,502 [pool-540-thread-1] INFO  impl.RaftServerImpl (ServerState.java:<init>(103)) - 69b8f75d-497f-4fe6-9dc7-b84f6827359d@group-8322C3CD9FF7: ConfigurationManager, init=-1: [a05a7939-ef6c-4534-b55b-b612829faca5:192.168.69.79:35267, 816b1da2-1c4e-42ee-9437-e192113ed53f:192.168.69.79:36665, 69b8f75d-497f-4fe6-9dc7-b84f6827359d:192.168.69.79:44545], old=null, confs=<EMPTY_MAP>
2019-11-16 00:26:32,502 [pool-540-thread-1] INFO  server.RaftServerConfigKeys (ConfUtils.java:logGet(43)) - raft.server.storage.dir = [/workdir/hadoop-ozone/integration-test/target/test-dir/MiniOzoneClusterImpl-ec73e7b8-24c6-4197-838c-bd0443d97e1c/datanode-3/data/ratis] (custom)
2019-11-16 00:26:32,502 [pool-540-thread-1] INFO  server.RaftServerConfigKeys (ConfUtils.java:logGet(43)) - raft.server.log.corruption.policy = EXCEPTION (default)
2019-11-16 00:26:32,502 [pool-540-thread-1] INFO  storage.RaftStorageDirectory (RaftStorageDirectory.java:analyzeStorage(246)) - The storage directory /workdir/hadoop-ozone/integration-test/target/test-dir/MiniOzoneClusterImpl-ec73e7b8-24c6-4197-838c-bd0443d97e1c/datanode-3/data/ratis/8496d245-20ad-404e-8b3a-8322c3cd9ff7 does not exist. Creating ...
2019-11-16 00:26:32,515 [pool-540-thread-1] INFO  storage.RaftStorageDirectory (RaftStorageDirectory.java:tryLock(328)) - Lock on /workdir/hadoop-ozone/integration-test/target/test-dir/MiniOzoneClusterImpl-ec73e7b8-24c6-4197-838c-bd0443d97e1c/datanode-3/data/ratis/8496d245-20ad-404e-8b3a-8322c3cd9ff7/in_use.lock acquired by nodename 23786@pr-hdds-2501-b5dhd-1197665634
2019-11-16 00:26:32,515 [pool-550-thread-1] INFO  storage.RaftStorageDirectory (RaftStorageDirectory.java:tryLock(328)) - Lock on /workdir/hadoop-ozone/integration-test/target/test-dir/MiniOzoneClusterImpl-ec73e7b8-24c6-4197-838c-bd0443d97e1c/datanode-4/data/ratis/8496d245-20ad-404e-8b3a-8322c3cd9ff7/in_use.lock acquired by nodename 23786@pr-hdds-2501-b5dhd-1197665634
2019-11-16 00:26:32,515 [pool-560-thread-1] INFO  storage.RaftStorageDirectory (RaftStorageDirectory.java:tryLock(328)) - Lock on /workdir/hadoop-ozone/integration-test/target/test-dir/MiniOzoneClusterImpl-ec73e7b8-24c6-4197-838c-bd0443d97e1c/datanode-5/data/ratis/8496d245-20ad-404e-8b3a-8322c3cd9ff7/in_use.lock acquired by nodename 23786@pr-hdds-2501-b5dhd-1197665634
2019-11-16 00:26:32,529 [pool-550-thread-1] INFO  storage.RaftStorage (RaftStorage.java:format(84)) - Storage directory /workdir/hadoop-ozone/integration-test/target/test-dir/MiniOzoneClusterImpl-ec73e7b8-24c6-4197-838c-bd0443d97e1c/datanode-4/data/ratis/8496d245-20ad-404e-8b3a-8322c3cd9ff7 has been successfully formatted.
2019-11-16 00:26:32,529 [pool-540-thread-1] INFO  storage.RaftStorage (RaftStorage.java:format(84)) - Storage directory /workdir/hadoop-ozone/integration-test/target/test-dir/MiniOzoneClusterImpl-ec73e7b8-24c6-4197-838c-bd0443d97e1c/datanode-3/data/ratis/8496d245-20ad-404e-8b3a-8322c3cd9ff7 has been successfully formatted.
2019-11-16 00:26:32,529 [pool-560-thread-1] INFO  storage.RaftStorage (RaftStorage.java:format(84)) - Storage directory /workdir/hadoop-ozone/integration-test/target/test-dir/MiniOzoneClusterImpl-ec73e7b8-24c6-4197-838c-bd0443d97e1c/datanode-5/data/ratis/8496d245-20ad-404e-8b3a-8322c3cd9ff7 has been successfully formatted.
2019-11-16 00:26:32,530 [pool-550-thread-1] INFO  ratis.ContainerStateMachine (ContainerStateMachine.java:loadSnapshot(223)) - group-8322C3CD9FF7: The snapshot info is null. Setting the last applied indexto:(t:0, i:~)
2019-11-16 00:26:32,530 [pool-540-thread-1] INFO  ratis.ContainerStateMachine (ContainerStateMachine.java:loadSnapshot(223)) - group-8322C3CD9FF7: The snapshot info is null. Setting the last applied indexto:(t:0, i:~)
2019-11-16 00:26:32,530 [pool-560-thread-1] INFO  ratis.ContainerStateMachine (ContainerStateMachine.java:loadSnapshot(223)) - group-8322C3CD9FF7: The snapshot info is null. Setting the last applied indexto:(t:0, i:~)
2019-11-16 00:26:32,530 [pool-540-thread-1] INFO  server.RaftServerConfigKeys (ConfUtils.java:logGet(43)) - raft.server.notification.no-leader.timeout = 120s (custom)
2019-11-16 00:26:32,530 [pool-550-thread-1] INFO  server.RaftServerConfigKeys (ConfUtils.java:logGet(43)) - raft.server.notification.no-leader.timeout = 120s (custom)
2019-11-16 00:26:32,530 [pool-540-thread-1] INFO  server.RaftServerConfigKeys (ConfUtils.java:logGet(43)) - raft.server.log.use.memory = false (default)
2019-11-16 00:26:32,530 [pool-560-thread-1] INFO  server.RaftServerConfigKeys (ConfUtils.java:logGet(43)) - raft.server.notification.no-leader.timeout = 120s (custom)
2019-11-16 00:26:32,531 [pool-540-thread-1] INFO  server.RaftServerConfigKeys (ConfUtils.java:logGet(43)) - raft.server.log.purge.gap = 1000000 (custom)
2019-11-16 00:26:32,530 [pool-550-thread-1] INFO  server.RaftServerConfigKeys (ConfUtils.java:logGet(43)) - raft.server.log.use.memory = false (default)
2019-11-16 00:26:32,531 [pool-540-thread-1] INFO  server.RaftServerConfigKeys (ConfUtils.java:logGet(43)) - raft.server.log.appender.buffer.byte-limit = 33554432 (custom)
2019-11-16 00:26:32,531 [pool-560-thread-1] INFO  server.RaftServerConfigKeys (ConfUtils.java:logGet(43)) - raft.server.log.use.memory = false (default)
2019-11-16 00:26:32,531 [pool-540-thread-1] INFO  server.RaftServerConfigKeys (ConfUtils.java:logGet(43)) - raft.server.log.segment.size.max = 1048576 (custom)
2019-11-16 00:26:32,531 [pool-550-thread-1] INFO  server.RaftServerConfigKeys (ConfUtils.java:logGet(43)) - raft.server.log.purge.gap = 1000000 (custom)
2019-11-16 00:26:32,531 [pool-540-thread-1] INFO  server.RaftServerConfigKeys (ConfUtils.java:logGet(43)) - raft.server.log.segment.cache.num.max = 2 (custom)
2019-11-16 00:26:32,531 [pool-560-thread-1] INFO  server.RaftServerConfigKeys (ConfUtils.java:logGet(43)) - raft.server.log.purge.gap = 1000000 (custom)
2019-11-16 00:26:32,531 [pool-540-thread-1] INFO  segmented.SegmentedRaftLogWorker (SegmentedRaftLogWorker.java:<init>(173)) - new 69b8f75d-497f-4fe6-9dc7-b84f6827359d@group-8322C3CD9FF7-SegmentedRaftLogWorker for RaftStorage:Storage Directory /workdir/hadoop-ozone/integration-test/target/test-dir/MiniOzoneClusterImpl-ec73e7b8-24c6-4197-838c-bd0443d97e1c/datanode-3/data/ratis/8496d245-20ad-404e-8b3a-8322c3cd9ff7
2019-11-16 00:26:32,531 [pool-550-thread-1] INFO  server.RaftServerConfigKeys (ConfUtils.java:logGet(43)) - raft.server.log.appender.buffer.byte-limit = 33554432 (custom)
2019-11-16 00:26:32,532 [pool-540-thread-1] INFO  server.RaftServerConfigKeys (ConfUtils.java:logGet(43)) - raft.server.log.queue.byte-limit = 2147483647 (custom)
2019-11-16 00:26:32,532 [pool-560-thread-1] INFO  server.RaftServerConfigKeys (ConfUtils.java:logGet(43)) - raft.server.log.appender.buffer.byte-limit = 33554432 (custom)
2019-11-16 00:26:32,532 [pool-540-thread-1] INFO  server.RaftServerConfigKeys (ConfUtils.java:logGet(43)) - raft.server.log.queue.element-limit = 1024 (custom)
2019-11-16 00:26:32,532 [pool-550-thread-1] INFO  server.RaftServerConfigKeys (ConfUtils.java:logGet(43)) - raft.server.log.segment.size.max = 1048576 (custom)
2019-11-16 00:26:32,532 [pool-540-thread-1] INFO  server.RaftServerConfigKeys (ConfUtils.java:logGet(43)) - raft.server.log.segment.size.max = 1048576 (custom)
2019-11-16 00:26:32,532 [pool-560-thread-1] INFO  server.RaftServerConfigKeys (ConfUtils.java:logGet(43)) - raft.server.log.segment.size.max = 1048576 (custom)
2019-11-16 00:26:32,532 [pool-540-thread-1] INFO  server.RaftServerConfigKeys (ConfUtils.java:logGet(43)) - raft.server.log.preallocated.size = 16384 (custom)
2019-11-16 00:26:32,532 [pool-550-thread-1] INFO  server.RaftServerConfigKeys (ConfUtils.java:logGet(43)) - raft.server.log.segment.cache.num.max = 2 (custom)
2019-11-16 00:26:32,533 [pool-540-thread-1] INFO  server.RaftServerConfigKeys (ConfUtils.java:logGet(43)) - raft.server.log.write.buffer.size = 33554432 (custom)
2019-11-16 00:26:32,533 [pool-540-thread-1] INFO  server.RaftServerConfigKeys (ConfUtils.java:logGet(43)) - raft.server.log.force.sync.num = 128 (default)
2019-11-16 00:26:32,532 [pool-560-thread-1] INFO  server.RaftServerConfigKeys (ConfUtils.java:logGet(43)) - raft.server.log.segment.cache.num.max = 2 (custom)
2019-11-16 00:26:32,533 [pool-540-thread-1] INFO  server.RaftServerConfigKeys (ConfUtils.java:logGet(43)) - raft.server.log.statemachine.data.sync = true (default)
2019-11-16 00:26:32,533 [pool-550-thread-1] INFO  segmented.SegmentedRaftLogWorker (SegmentedRaftLogWorker.java:<init>(173)) - new a05a7939-ef6c-4534-b55b-b612829faca5@group-8322C3CD9FF7-SegmentedRaftLogWorker for RaftStorage:Storage Directory /workdir/hadoop-ozone/integration-test/target/test-dir/MiniOzoneClusterImpl-ec73e7b8-24c6-4197-838c-bd0443d97e1c/datanode-4/data/ratis/8496d245-20ad-404e-8b3a-8322c3cd9ff7
2019-11-16 00:26:32,533 [pool-540-thread-1] INFO  server.RaftServerConfigKeys (ConfUtils.java:logGet(43)) - raft.server.log.statemachine.data.sync.timeout = 10s (default)
2019-11-16 00:26:32,533 [pool-540-thread-1] INFO  server.RaftServerConfigKeys (ConfUtils.java:logGet(43)) - raft.server.log.statemachine.data.sync.timeout.retry = -1 (default)
2019-11-16 00:26:32,533 [pool-560-thread-1] INFO  segmented.SegmentedRaftLogWorker (SegmentedRaftLogWorker.java:<init>(173)) - new 816b1da2-1c4e-42ee-9437-e192113ed53f@group-8322C3CD9FF7-SegmentedRaftLogWorker for RaftStorage:Storage Directory /workdir/hadoop-ozone/integration-test/target/test-dir/MiniOzoneClusterImpl-ec73e7b8-24c6-4197-838c-bd0443d97e1c/datanode-5/data/ratis/8496d245-20ad-404e-8b3a-8322c3cd9ff7
2019-11-16 00:26:32,534 [pool-540-thread-1] INFO  server.RaftServerConfigKeys (ConfUtils.java:logGet(43)) - raft.server.log.statemachine.data.caching.enabled = true (custom)
2019-11-16 00:26:32,533 [pool-550-thread-1] INFO  server.RaftServerConfigKeys (ConfUtils.java:logGet(43)) - raft.server.log.queue.byte-limit = 2147483647 (custom)
2019-11-16 00:26:32,534 [pool-560-thread-1] INFO  server.RaftServerConfigKeys (ConfUtils.java:logGet(43)) - raft.server.log.queue.byte-limit = 2147483647 (custom)
2019-11-16 00:26:32,534 [pool-550-thread-1] INFO  server.RaftServerConfigKeys (ConfUtils.java:logGet(43)) - raft.server.log.queue.element-limit = 1024 (custom)
2019-11-16 00:26:32,534 [pool-540-thread-1] INFO  segmented.SegmentedRaftLogWorker (SegmentedRaftLogWorker.java:lambda$new$0(128)) - 69b8f75d-497f-4fe6-9dc7-b84f6827359d@group-8322C3CD9FF7-SegmentedRaftLogWorker: flushIndex: setUnconditionally 0 -> -1
2019-11-16 00:26:32,534 [pool-560-thread-1] INFO  server.RaftServerConfigKeys (ConfUtils.java:logGet(43)) - raft.server.log.queue.element-limit = 1024 (custom)
2019-11-16 00:26:32,534 [pool-550-thread-1] INFO  server.RaftServerConfigKeys (ConfUtils.java:logGet(43)) - raft.server.log.segment.size.max = 1048576 (custom)
2019-11-16 00:26:32,534 [pool-560-thread-1] INFO  server.RaftServerConfigKeys (ConfUtils.java:logGet(43)) - raft.server.log.segment.size.max = 1048576 (custom)
2019-11-16 00:26:32,534 [pool-540-thread-1] INFO  server.RaftServerConfigKeys (ConfUtils.java:logGet(43)) - raft.server.snapshot.auto.trigger.enabled = true (custom)
2019-11-16 00:26:32,534 [pool-550-thread-1] INFO  server.RaftServerConfigKeys (ConfUtils.java:logGet(43)) - raft.server.log.preallocated.size = 16384 (custom)
2019-11-16 00:26:32,535 [pool-540-thread-1] INFO  server.RaftServerConfigKeys (ConfUtils.java:logGet(43)) - raft.server.snapshot.auto.trigger.threshold = 10000 (custom)
2019-11-16 00:26:32,535 [pool-540-thread-1] INFO  server.RaftServerConfigKeys (ConfUtils.java:logGet(43)) - raft.server.snapshot.retention.file.num = 5 (custom)
2019-11-16 00:26:32,534 [pool-560-thread-1] INFO  server.RaftServerConfigKeys (ConfUtils.java:logGet(43)) - raft.server.log.preallocated.size = 16384 (custom)
2019-11-16 00:26:32,535 [pool-540-thread-1] INFO  server.RaftServerConfigKeys (ConfUtils.java:logGet(43)) - raft.server.retrycache.expirytime = 600000ms (custom)
2019-11-16 00:26:32,535 [pool-550-thread-1] INFO  server.RaftServerConfigKeys (ConfUtils.java:logGet(43)) - raft.server.log.write.buffer.size = 33554432 (custom)
2019-11-16 00:26:32,535 [pool-540-thread-1] WARN  impl.MetricRegistriesImpl (MetricRegistriesImpl.java:lambda$create$1(61)) - First MetricRegistry has been created without registering reporters. You may need to call MetricRegistries.global().addReportRegistration(...) before.
2019-11-16 00:26:32,535 [pool-560-thread-1] INFO  server.RaftServerConfigKeys (ConfUtils.java:logGet(43)) - raft.server.log.write.buffer.size = 33554432 (custom)
2019-11-16 00:26:32,535 [pool-540-thread-1] WARN  impl.MetricRegistriesImpl (MetricRegistriesImpl.java:lambda$create$1(61)) - First MetricRegistry has been created without registering reporters. You may need to call MetricRegistries.global().addReportRegistration(...) before.
2019-11-16 00:26:32,535 [pool-550-thread-1] INFO  server.RaftServerConfigKeys (ConfUtils.java:logGet(43)) - raft.server.log.force.sync.num = 128 (default)
2019-11-16 00:26:32,536 [pool-540-thread-1] INFO  impl.RaftServerImpl (RaftServerImpl.java:start(184)) - 69b8f75d-497f-4fe6-9dc7-b84f6827359d@group-8322C3CD9FF7: start as a follower, conf=-1: [a05a7939-ef6c-4534-b55b-b612829faca5:192.168.69.79:35267, 816b1da2-1c4e-42ee-9437-e192113ed53f:192.168.69.79:36665, 69b8f75d-497f-4fe6-9dc7-b84f6827359d:192.168.69.79:44545], old=null
2019-11-16 00:26:32,535 [pool-560-thread-1] INFO  server.RaftServerConfigKeys (ConfUtils.java:logGet(43)) - raft.server.log.force.sync.num = 128 (default)
2019-11-16 00:26:32,536 [pool-540-thread-1] INFO  impl.RaftServerImpl (RaftServerImpl.java:setRole(173)) - 69b8f75d-497f-4fe6-9dc7-b84f6827359d@group-8322C3CD9FF7: changes role from      null to FOLLOWER at term 0 for startAsFollower
2019-11-16 00:26:32,536 [pool-550-thread-1] INFO  server.RaftServerConfigKeys (ConfUtils.java:logGet(43)) - raft.server.log.statemachine.data.sync = true (default)
2019-11-16 00:26:32,536 [pool-540-thread-1] INFO  impl.RoleInfo (RoleInfo.java:updateAndGet(143)) - 69b8f75d-497f-4fe6-9dc7-b84f6827359d: start FollowerState
2019-11-16 00:26:32,536 [pool-560-thread-1] INFO  server.RaftServerConfigKeys (ConfUtils.java:logGet(43)) - raft.server.log.statemachine.data.sync = true (default)
2019-11-16 00:26:32,536 [pool-550-thread-1] INFO  server.RaftServerConfigKeys (ConfUtils.java:logGet(43)) - raft.server.log.statemachine.data.sync.timeout = 10s (default)
2019-11-16 00:26:32,537 [pool-560-thread-1] INFO  server.RaftServerConfigKeys (ConfUtils.java:logGet(43)) - raft.server.log.statemachine.data.sync.timeout = 10s (default)
2019-11-16 00:26:32,537 [pool-540-thread-1] INFO  util.JmxRegister (JmxRegister.java:tryRegister(44)) - Successfully registered JMX Bean with object name Ratis:service=RaftServer,group=group-8322C3CD9FF7,id=69b8f75d-497f-4fe6-9dc7-b84f6827359d
2019-11-16 00:26:32,537 [pool-550-thread-1] INFO  server.RaftServerConfigKeys (ConfUtils.java:logGet(43)) - raft.server.log.statemachine.data.sync.timeout.retry = -1 (default)
2019-11-16 00:26:32,537 [pool-540-thread-1] WARN  impl.MetricRegistriesImpl (MetricRegistriesImpl.java:lambda$create$1(61)) - First MetricRegistry has been created without registering reporters. You may need to call MetricRegistries.global().addReportRegistration(...) before.
2019-11-16 00:26:32,537 [pool-560-thread-1] INFO  server.RaftServerConfigKeys (ConfUtils.java:logGet(43)) - raft.server.log.statemachine.data.sync.timeout.retry = -1 (default)
2019-11-16 00:26:32,537 [pool-550-thread-1] INFO  server.RaftServerConfigKeys (ConfUtils.java:logGet(43)) - raft.server.log.statemachine.data.caching.enabled = true (custom)
2019-11-16 00:26:32,537 [pool-560-thread-1] INFO  server.RaftServerConfigKeys (ConfUtils.java:logGet(43)) - raft.server.log.statemachine.data.caching.enabled = true (custom)
2019-11-16 00:26:32,537 [pool-550-thread-1] INFO  segmented.SegmentedRaftLogWorker (SegmentedRaftLogWorker.java:lambda$new$0(128)) - a05a7939-ef6c-4534-b55b-b612829faca5@group-8322C3CD9FF7-SegmentedRaftLogWorker: flushIndex: setUnconditionally 0 -> -1
2019-11-16 00:26:32,538 [pool-560-thread-1] INFO  segmented.SegmentedRaftLogWorker (SegmentedRaftLogWorker.java:lambda$new$0(128)) - 816b1da2-1c4e-42ee-9437-e192113ed53f@group-8322C3CD9FF7-SegmentedRaftLogWorker: flushIndex: setUnconditionally 0 -> -1
2019-11-16 00:26:32,538 [pool-550-thread-1] INFO  server.RaftServerConfigKeys (ConfUtils.java:logGet(43)) - raft.server.snapshot.auto.trigger.enabled = true (custom)
2019-11-16 00:26:32,538 [pool-560-thread-1] INFO  server.RaftServerConfigKeys (ConfUtils.java:logGet(43)) - raft.server.snapshot.auto.trigger.enabled = true (custom)
2019-11-16 00:26:32,538 [pool-550-thread-1] INFO  server.RaftServerConfigKeys (ConfUtils.java:logGet(43)) - raft.server.snapshot.auto.trigger.threshold = 10000 (custom)
2019-11-16 00:26:32,538 [pool-560-thread-1] INFO  server.RaftServerConfigKeys (ConfUtils.java:logGet(43)) - raft.server.snapshot.auto.trigger.threshold = 10000 (custom)
2019-11-16 00:26:32,538 [pool-550-thread-1] INFO  server.RaftServerConfigKeys (ConfUtils.java:logGet(43)) - raft.server.snapshot.retention.file.num = 5 (custom)
2019-11-16 00:26:32,538 [pool-560-thread-1] INFO  server.RaftServerConfigKeys (ConfUtils.java:logGet(43)) - raft.server.snapshot.retention.file.num = 5 (custom)
2019-11-16 00:26:32,538 [pool-550-thread-1] INFO  server.RaftServerConfigKeys (ConfUtils.java:logGet(43)) - raft.server.retrycache.expirytime = 600000ms (custom)
2019-11-16 00:26:32,538 [pool-560-thread-1] INFO  server.RaftServerConfigKeys (ConfUtils.java:logGet(43)) - raft.server.retrycache.expirytime = 600000ms (custom)
2019-11-16 00:26:32,538 [pool-550-thread-1] WARN  impl.MetricRegistriesImpl (MetricRegistriesImpl.java:lambda$create$1(61)) - First MetricRegistry has been created without registering reporters. You may need to call MetricRegistries.global().addReportRegistration(...) before.
2019-11-16 00:26:32,538 [pool-560-thread-1] WARN  impl.MetricRegistriesImpl (MetricRegistriesImpl.java:lambda$create$1(61)) - First MetricRegistry has been created without registering reporters. You may need to call MetricRegistries.global().addReportRegistration(...) before.
2019-11-16 00:26:32,539 [pool-550-thread-1] WARN  impl.MetricRegistriesImpl (MetricRegistriesImpl.java:lambda$create$1(61)) - First MetricRegistry has been created without registering reporters. You may need to call MetricRegistries.global().addReportRegistration(...) before.
2019-11-16 00:26:32,539 [pool-560-thread-1] WARN  impl.MetricRegistriesImpl (MetricRegistriesImpl.java:lambda$create$1(61)) - First MetricRegistry has been created without registering reporters. You may need to call MetricRegistries.global().addReportRegistration(...) before.
2019-11-16 00:26:32,539 [pool-550-thread-1] INFO  impl.RaftServerImpl (RaftServerImpl.java:start(184)) - a05a7939-ef6c-4534-b55b-b612829faca5@group-8322C3CD9FF7: start as a follower, conf=-1: [a05a7939-ef6c-4534-b55b-b612829faca5:192.168.69.79:35267, 816b1da2-1c4e-42ee-9437-e192113ed53f:192.168.69.79:36665, 69b8f75d-497f-4fe6-9dc7-b84f6827359d:192.168.69.79:44545], old=null
2019-11-16 00:26:32,539 [pool-560-thread-1] INFO  impl.RaftServerImpl (RaftServerImpl.java:start(184)) - 816b1da2-1c4e-42ee-9437-e192113ed53f@group-8322C3CD9FF7: start as a follower, conf=-1: [a05a7939-ef6c-4534-b55b-b612829faca5:192.168.69.79:35267, 816b1da2-1c4e-42ee-9437-e192113ed53f:192.168.69.79:36665, 69b8f75d-497f-4fe6-9dc7-b84f6827359d:192.168.69.79:44545], old=null
2019-11-16 00:26:32,539 [pool-550-thread-1] INFO  impl.RaftServerImpl (RaftServerImpl.java:setRole(173)) - a05a7939-ef6c-4534-b55b-b612829faca5@group-8322C3CD9FF7: changes role from      null to FOLLOWER at term 0 for startAsFollower
2019-11-16 00:26:32,539 [pool-560-thread-1] INFO  impl.RaftServerImpl (RaftServerImpl.java:setRole(173)) - 816b1da2-1c4e-42ee-9437-e192113ed53f@group-8322C3CD9FF7: changes role from      null to FOLLOWER at term 0 for startAsFollower
2019-11-16 00:26:32,539 [pool-550-thread-1] INFO  impl.RoleInfo (RoleInfo.java:updateAndGet(143)) - a05a7939-ef6c-4534-b55b-b612829faca5: start FollowerState
2019-11-16 00:26:32,539 [pool-560-thread-1] INFO  impl.RoleInfo (RoleInfo.java:updateAndGet(143)) - 816b1da2-1c4e-42ee-9437-e192113ed53f: start FollowerState
2019-11-16 00:26:32,540 [pool-550-thread-1] INFO  util.JmxRegister (JmxRegister.java:tryRegister(44)) - Successfully registered JMX Bean with object name Ratis:service=RaftServer,group=group-8322C3CD9FF7,id=a05a7939-ef6c-4534-b55b-b612829faca5
2019-11-16 00:26:32,540 [pool-550-thread-1] WARN  impl.MetricRegistriesImpl (MetricRegistriesImpl.java:lambda$create$1(61)) - First MetricRegistry has been created without registering reporters. You may need to call MetricRegistries.global().addReportRegistration(...) before.
2019-11-16 00:26:32,540 [pool-560-thread-1] INFO  util.JmxRegister (JmxRegister.java:tryRegister(44)) - Successfully registered JMX Bean with object name Ratis:service=RaftServer,group=group-8322C3CD9FF7,id=816b1da2-1c4e-42ee-9437-e192113ed53f
2019-11-16 00:26:32,540 [pool-560-thread-1] WARN  impl.MetricRegistriesImpl (MetricRegistriesImpl.java:lambda$create$1(61)) - First MetricRegistry has been created without registering reporters. You may need to call MetricRegistries.global().addReportRegistration(...) before.
2019-11-16 00:26:32,542 [RatisPipelineUtilsThread] INFO  pipeline.PipelineStateManager (PipelineStateManager.java:addPipeline(55)) - Created pipeline Pipeline[ Id: 8496d245-20ad-404e-8b3a-8322c3cd9ff7, Nodes: a05a7939-ef6c-4534-b55b-b612829faca5{ip: 192.168.69.79, host: pr-hdds-2501-b5dhd-1197665634, networkLocation: /rack1, certSerialId: null}816b1da2-1c4e-42ee-9437-e192113ed53f{ip: 192.168.69.79, host: pr-hdds-2501-b5dhd-1197665634, networkLocation: /rack1, certSerialId: null}69b8f75d-497f-4fe6-9dc7-b84f6827359d{ip: 192.168.69.79, host: pr-hdds-2501-b5dhd-1197665634, networkLocation: /rack1, certSerialId: null}, Type:RATIS, Factor:THREE, State:ALLOCATED]
2019-11-16 00:26:32,542 [Thread-4071] INFO  pipeline.PipelineStateManager (PipelineStateManager.java:finalizePipeline(121)) - Pipeline Pipeline[ Id: e866e62e-0b01-4992-9bd2-f60e441e5e14, Nodes: 5140e110-8ff7-42a5-9b32-053ee4f24742{ip: 192.168.69.79, host: pr-hdds-2501-b5dhd-1197665634, networkLocation: /rack1, certSerialId: null}, Type:RATIS, Factor:ONE, State:CLOSED] moved to CLOSED state
2019-11-16 00:26:32,544 [grpc-default-executor-9] INFO  impl.RaftServerProxy (RaftServerProxy.java:remove(95)) - 5140e110-8ff7-42a5-9b32-053ee4f24742: remove    LEADER 5140e110-8ff7-42a5-9b32-053ee4f24742@group-F60E441E5E14:t1, leader=5140e110-8ff7-42a5-9b32-053ee4f24742, voted=5140e110-8ff7-42a5-9b32-053ee4f24742, raftlog=5140e110-8ff7-42a5-9b32-053ee4f24742@group-F60E441E5E14-SegmentedRaftLog:OPENED:c0,f0,i0, conf=0: [5140e110-8ff7-42a5-9b32-053ee4f24742:192.168.69.79:33415], old=null RUNNING
2019-11-16 00:26:32,545 [grpc-default-executor-9] INFO  impl.RaftServerImpl (RaftServerImpl.java:lambda$shutdown$3(250)) - 5140e110-8ff7-42a5-9b32-053ee4f24742@group-F60E441E5E14: shutdown
2019-11-16 00:26:32,545 [grpc-default-executor-9] INFO  util.JmxRegister (JmxRegister.java:unregister(73)) - Successfully un-registered JMX Bean with object name Ratis:service=RaftServer,group=group-F60E441E5E14,id=5140e110-8ff7-42a5-9b32-053ee4f24742
2019-11-16 00:26:32,545 [grpc-default-executor-9] INFO  impl.RoleInfo (RoleInfo.java:shutdownLeaderState(104)) - 5140e110-8ff7-42a5-9b32-053ee4f24742: shutdown LeaderState
2019-11-16 00:26:32,545 [grpc-default-executor-9] INFO  impl.PendingRequests (PendingRequests.java:sendNotLeaderResponses(206)) - 5140e110-8ff7-42a5-9b32-053ee4f24742@group-F60E441E5E14-PendingRequests: sendNotLeaderResponses
2019-11-16 00:26:32,545 [grpc-default-executor-9] INFO  impl.StateMachineUpdater (StateMachineUpdater.java:stopAndJoin(136)) - 5140e110-8ff7-42a5-9b32-053ee4f24742@group-F60E441E5E14-StateMachineUpdater: set stopIndex = 0
2019-11-16 00:26:32,545 [grpc-default-executor-9] INFO  impl.RaftServerImpl (ServerState.java:close(387)) - 5140e110-8ff7-42a5-9b32-053ee4f24742@group-F60E441E5E14: closes. applyIndex: 0
2019-11-16 00:26:32,545 [5140e110-8ff7-42a5-9b32-053ee4f24742@group-F60E441E5E14-SegmentedRaftLogWorker] INFO  segmented.SegmentedRaftLogWorker (SegmentedRaftLogWorker.java:run(316)) - 5140e110-8ff7-42a5-9b32-053ee4f24742@group-F60E441E5E14-SegmentedRaftLogWorker was interrupted, exiting. There are 0 tasks remaining in the queue.
2019-11-16 00:26:32,546 [grpc-default-executor-9] INFO  segmented.SegmentedRaftLogWorker (SegmentedRaftLogWorker.java:close(224)) - 5140e110-8ff7-42a5-9b32-053ee4f24742@group-F60E441E5E14-SegmentedRaftLogWorker close()
2019-11-16 00:26:32,550 [Thread-4071] INFO  pipeline.PipelineStateManager (PipelineStateManager.java:removePipeline(106)) - Pipeline Pipeline[ Id: e866e62e-0b01-4992-9bd2-f60e441e5e14, Nodes: 5140e110-8ff7-42a5-9b32-053ee4f24742{ip: 192.168.69.79, host: pr-hdds-2501-b5dhd-1197665634, networkLocation: /rack1, certSerialId: null}, Type:RATIS, Factor:ONE, State:CLOSED] removed from db
2019-11-16 00:26:32,550 [Thread-4071] INFO  pipeline.SCMPipelineManager (SCMPipelineManager.java:finalizeAndDestroyPipeline(315)) - destroying pipeline:Pipeline[ Id: f65c172c-2fab-4648-982a-28f631bd8b01, Nodes: 0a2d6f7b-f3b3-43fc-9f44-c893c3969faf{ip: 192.168.69.79, host: pr-hdds-2501-b5dhd-1197665634, networkLocation: /rack1, certSerialId: null}84c9c768-243c-47db-bab4-63e35b2a41a2{ip: 192.168.69.79, host: pr-hdds-2501-b5dhd-1197665634, networkLocation: /rack1, certSerialId: null}5140e110-8ff7-42a5-9b32-053ee4f24742{ip: 192.168.69.79, host: pr-hdds-2501-b5dhd-1197665634, networkLocation: /rack1, certSerialId: null}, Type:RATIS, Factor:THREE, State:OPEN]
2019-11-16 00:26:32,552 [grpc-default-executor-9] INFO  impl.RaftServerProxy (RaftServerProxy.java:addNew(89)) - 5140e110-8ff7-42a5-9b32-053ee4f24742: addNew group-8DF460CA0937:[5140e110-8ff7-42a5-9b32-053ee4f24742:192.168.69.79:33415] returns group-8DF460CA0937:java.util.concurrent.CompletableFuture@6d230718[Not completed]
2019-11-16 00:26:32,553 [pool-510-thread-1] INFO  impl.RaftServerImpl (RaftServerImpl.java:<init>(98)) - 5140e110-8ff7-42a5-9b32-053ee4f24742: new RaftServerImpl for group-8DF460CA0937:[5140e110-8ff7-42a5-9b32-053ee4f24742:192.168.69.79:33415] with ContainerStateMachine:uninitialized
2019-11-16 00:26:32,553 [pool-510-thread-1] INFO  server.RaftServerConfigKeys (ConfUtils.java:logGet(43)) - raft.server.rpc.timeout.min = 1s (custom)
2019-11-16 00:26:32,553 [pool-510-thread-1] INFO  server.RaftServerConfigKeys (ConfUtils.java:logGet(43)) - raft.server.rpc.timeout.max = 1200ms (custom)
2019-11-16 00:26:32,553 [pool-510-thread-1] INFO  server.RaftServerConfigKeys (ConfUtils.java:logGet(43)) - raft.server.rpcslowness.timeout = 120s (custom)
2019-11-16 00:26:32,553 [pool-510-thread-1] INFO  server.RaftServerConfigKeys (ConfUtils.java:logGet(43)) - raft.server.sleep.deviation.threshold = 300 (default)
2019-11-16 00:26:32,553 [pool-510-thread-1] INFO  server.RaftServerConfigKeys (ConfUtils.java:logGet(43)) - raft.server.log.appender.install.snapshot.enabled = false (custom)
2019-11-16 00:26:32,554 [pool-510-thread-1] INFO  impl.RaftServerImpl (ServerState.java:<init>(103)) - 5140e110-8ff7-42a5-9b32-053ee4f24742@group-8DF460CA0937: ConfigurationManager, init=-1: [5140e110-8ff7-42a5-9b32-053ee4f24742:192.168.69.79:33415], old=null, confs=<EMPTY_MAP>
2019-11-16 00:26:32,554 [pool-510-thread-1] INFO  server.RaftServerConfigKeys (ConfUtils.java:logGet(43)) - raft.server.storage.dir = [/workdir/hadoop-ozone/integration-test/target/test-dir/MiniOzoneClusterImpl-ec73e7b8-24c6-4197-838c-bd0443d97e1c/datanode-0/data/ratis] (custom)
2019-11-16 00:26:32,554 [pool-510-thread-1] INFO  server.RaftServerConfigKeys (ConfUtils.java:logGet(43)) - raft.server.log.corruption.policy = EXCEPTION (default)
2019-11-16 00:26:32,554 [pool-510-thread-1] INFO  storage.RaftStorageDirectory (RaftStorageDirectory.java:analyzeStorage(246)) - The storage directory /workdir/hadoop-ozone/integration-test/target/test-dir/MiniOzoneClusterImpl-ec73e7b8-24c6-4197-838c-bd0443d97e1c/datanode-0/data/ratis/56648333-7cc0-4858-b377-8df460ca0937 does not exist. Creating ...
2019-11-16 00:26:32,567 [pool-510-thread-1] INFO  storage.RaftStorageDirectory (RaftStorageDirectory.java:tryLock(328)) - Lock on /workdir/hadoop-ozone/integration-test/target/test-dir/MiniOzoneClusterImpl-ec73e7b8-24c6-4197-838c-bd0443d97e1c/datanode-0/data/ratis/56648333-7cc0-4858-b377-8df460ca0937/in_use.lock acquired by nodename 23786@pr-hdds-2501-b5dhd-1197665634
2019-11-16 00:26:32,580 [pool-510-thread-1] INFO  storage.RaftStorage (RaftStorage.java:format(84)) - Storage directory /workdir/hadoop-ozone/integration-test/target/test-dir/MiniOzoneClusterImpl-ec73e7b8-24c6-4197-838c-bd0443d97e1c/datanode-0/data/ratis/56648333-7cc0-4858-b377-8df460ca0937 has been successfully formatted.
2019-11-16 00:26:32,581 [pool-510-thread-1] INFO  ratis.ContainerStateMachine (ContainerStateMachine.java:loadSnapshot(223)) - group-8DF460CA0937: The snapshot info is null. Setting the last applied indexto:(t:0, i:~)
2019-11-16 00:26:32,581 [pool-510-thread-1] INFO  server.RaftServerConfigKeys (ConfUtils.java:logGet(43)) - raft.server.notification.no-leader.timeout = 120s (custom)
2019-11-16 00:26:32,581 [pool-510-thread-1] INFO  server.RaftServerConfigKeys (ConfUtils.java:logGet(43)) - raft.server.log.use.memory = false (default)
2019-11-16 00:26:32,581 [pool-510-thread-1] INFO  server.RaftServerConfigKeys (ConfUtils.java:logGet(43)) - raft.server.log.purge.gap = 1000000 (custom)
2019-11-16 00:26:32,581 [pool-510-thread-1] INFO  server.RaftServerConfigKeys (ConfUtils.java:logGet(43)) - raft.server.log.appender.buffer.byte-limit = 33554432 (custom)
2019-11-16 00:26:32,581 [pool-510-thread-1] INFO  server.RaftServerConfigKeys (ConfUtils.java:logGet(43)) - raft.server.log.segment.size.max = 1048576 (custom)
2019-11-16 00:26:32,581 [pool-510-thread-1] INFO  server.RaftServerConfigKeys (ConfUtils.java:logGet(43)) - raft.server.log.segment.cache.num.max = 2 (custom)
2019-11-16 00:26:32,581 [pool-510-thread-1] INFO  segmented.SegmentedRaftLogWorker (SegmentedRaftLogWorker.java:<init>(173)) - new 5140e110-8ff7-42a5-9b32-053ee4f24742@group-8DF460CA0937-SegmentedRaftLogWorker for RaftStorage:Storage Directory /workdir/hadoop-ozone/integration-test/target/test-dir/MiniOzoneClusterImpl-ec73e7b8-24c6-4197-838c-bd0443d97e1c/datanode-0/data/ratis/56648333-7cc0-4858-b377-8df460ca0937
2019-11-16 00:26:32,582 [pool-510-thread-1] INFO  server.RaftServerConfigKeys (ConfUtils.java:logGet(43)) - raft.server.log.queue.byte-limit = 2147483647 (custom)
2019-11-16 00:26:32,582 [pool-510-thread-1] INFO  server.RaftServerConfigKeys (ConfUtils.java:logGet(43)) - raft.server.log.queue.element-limit = 1024 (custom)
2019-11-16 00:26:32,582 [pool-510-thread-1] INFO  server.RaftServerConfigKeys (ConfUtils.java:logGet(43)) - raft.server.log.segment.size.max = 1048576 (custom)
2019-11-16 00:26:32,582 [pool-510-thread-1] INFO  server.RaftServerConfigKeys (ConfUtils.java:logGet(43)) - raft.server.log.preallocated.size = 16384 (custom)
2019-11-16 00:26:32,582 [pool-510-thread-1] INFO  server.RaftServerConfigKeys (ConfUtils.java:logGet(43)) - raft.server.log.write.buffer.size = 33554432 (custom)
2019-11-16 00:26:32,582 [pool-510-thread-1] INFO  server.RaftServerConfigKeys (ConfUtils.java:logGet(43)) - raft.server.log.force.sync.num = 128 (default)
2019-11-16 00:26:32,582 [pool-510-thread-1] INFO  server.RaftServerConfigKeys (ConfUtils.java:logGet(43)) - raft.server.log.statemachine.data.sync = true (default)
2019-11-16 00:26:32,582 [pool-510-thread-1] INFO  server.RaftServerConfigKeys (ConfUtils.java:logGet(43)) - raft.server.log.statemachine.data.sync.timeout = 10s (default)
2019-11-16 00:26:32,582 [pool-510-thread-1] INFO  server.RaftServerConfigKeys (ConfUtils.java:logGet(43)) - raft.server.log.statemachine.data.sync.timeout.retry = -1 (default)
2019-11-16 00:26:32,582 [pool-510-thread-1] INFO  server.RaftServerConfigKeys (ConfUtils.java:logGet(43)) - raft.server.log.statemachine.data.caching.enabled = true (custom)
2019-11-16 00:26:32,583 [pool-510-thread-1] INFO  segmented.SegmentedRaftLogWorker (SegmentedRaftLogWorker.java:lambda$new$0(128)) - 5140e110-8ff7-42a5-9b32-053ee4f24742@group-8DF460CA0937-SegmentedRaftLogWorker: flushIndex: setUnconditionally 0 -> -1
2019-11-16 00:26:32,583 [pool-510-thread-1] INFO  server.RaftServerConfigKeys (ConfUtils.java:logGet(43)) - raft.server.snapshot.auto.trigger.enabled = true (custom)
2019-11-16 00:26:32,583 [pool-510-thread-1] INFO  server.RaftServerConfigKeys (ConfUtils.java:logGet(43)) - raft.server.snapshot.auto.trigger.threshold = 10000 (custom)
2019-11-16 00:26:32,583 [pool-510-thread-1] INFO  server.RaftServerConfigKeys (ConfUtils.java:logGet(43)) - raft.server.snapshot.retention.file.num = 5 (custom)
2019-11-16 00:26:32,583 [pool-510-thread-1] INFO  server.RaftServerConfigKeys (ConfUtils.java:logGet(43)) - raft.server.retrycache.expirytime = 600000ms (custom)
2019-11-16 00:26:32,583 [pool-510-thread-1] WARN  impl.MetricRegistriesImpl (MetricRegistriesImpl.java:lambda$create$1(61)) - First MetricRegistry has been created without registering reporters. You may need to call MetricRegistries.global().addReportRegistration(...) before.
2019-11-16 00:26:32,583 [pool-510-thread-1] WARN  impl.MetricRegistriesImpl (MetricRegistriesImpl.java:lambda$create$1(61)) - First MetricRegistry has been created without registering reporters. You may need to call MetricRegistries.global().addReportRegistration(...) before.
2019-11-16 00:26:32,584 [pool-510-thread-1] INFO  impl.RaftServerImpl (RaftServerImpl.java:start(184)) - 5140e110-8ff7-42a5-9b32-053ee4f24742@group-8DF460CA0937: start as a follower, conf=-1: [5140e110-8ff7-42a5-9b32-053ee4f24742:192.168.69.79:33415], old=null
2019-11-16 00:26:32,584 [pool-510-thread-1] INFO  impl.RaftServerImpl (RaftServerImpl.java:setRole(173)) - 5140e110-8ff7-42a5-9b32-053ee4f24742@group-8DF460CA0937: changes role from      null to FOLLOWER at term 0 for startAsFollower
2019-11-16 00:26:32,584 [pool-510-thread-1] INFO  impl.RoleInfo (RoleInfo.java:updateAndGet(143)) - 5140e110-8ff7-42a5-9b32-053ee4f24742: start FollowerState
2019-11-16 00:26:32,584 [pool-510-thread-1] INFO  util.JmxRegister (JmxRegister.java:tryRegister(44)) - Successfully registered JMX Bean with object name Ratis:service=RaftServer,group=group-8DF460CA0937,id=5140e110-8ff7-42a5-9b32-053ee4f24742
2019-11-16 00:26:32,584 [pool-510-thread-1] WARN  impl.MetricRegistriesImpl (MetricRegistriesImpl.java:lambda$create$1(61)) - First MetricRegistry has been created without registering reporters. You may need to call MetricRegistries.global().addReportRegistration(...) before.
2019-11-16 00:26:32,586 [RatisPipelineUtilsThread] INFO  pipeline.PipelineStateManager (PipelineStateManager.java:addPipeline(55)) - Created pipeline Pipeline[ Id: 56648333-7cc0-4858-b377-8df460ca0937, Nodes: 5140e110-8ff7-42a5-9b32-053ee4f24742{ip: 192.168.69.79, host: pr-hdds-2501-b5dhd-1197665634, networkLocation: /rack1, certSerialId: null}, Type:RATIS, Factor:ONE, State:ALLOCATED]
2019-11-16 00:26:32,586 [Thread-4071] INFO  pipeline.PipelineStateManager (PipelineStateManager.java:finalizePipeline(121)) - Pipeline Pipeline[ Id: f65c172c-2fab-4648-982a-28f631bd8b01, Nodes: 0a2d6f7b-f3b3-43fc-9f44-c893c3969faf{ip: 192.168.69.79, host: pr-hdds-2501-b5dhd-1197665634, networkLocation: /rack1, certSerialId: null}84c9c768-243c-47db-bab4-63e35b2a41a2{ip: 192.168.69.79, host: pr-hdds-2501-b5dhd-1197665634, networkLocation: /rack1, certSerialId: null}5140e110-8ff7-42a5-9b32-053ee4f24742{ip: 192.168.69.79, host: pr-hdds-2501-b5dhd-1197665634, networkLocation: /rack1, certSerialId: null}, Type:RATIS, Factor:THREE, State:CLOSED] moved to CLOSED state
2019-11-16 00:26:32,588 [grpc-default-executor-9] INFO  impl.RaftServerProxy (RaftServerProxy.java:remove(95)) - 0a2d6f7b-f3b3-43fc-9f44-c893c3969faf: remove  FOLLOWER 0a2d6f7b-f3b3-43fc-9f44-c893c3969faf@group-28F631BD8B01:t2, leader=84c9c768-243c-47db-bab4-63e35b2a41a2, voted=84c9c768-243c-47db-bab4-63e35b2a41a2, raftlog=0a2d6f7b-f3b3-43fc-9f44-c893c3969faf@group-28F631BD8B01-SegmentedRaftLog:OPENED:c0,f0,i0, conf=0: [5140e110-8ff7-42a5-9b32-053ee4f24742:192.168.69.79:33415, 0a2d6f7b-f3b3-43fc-9f44-c893c3969faf:192.168.69.79:34899, 84c9c768-243c-47db-bab4-63e35b2a41a2:192.168.69.79:38689], old=null RUNNING
2019-11-16 00:26:32,588 [grpc-default-executor-9] INFO  impl.RaftServerImpl (RaftServerImpl.java:lambda$shutdown$3(250)) - 0a2d6f7b-f3b3-43fc-9f44-c893c3969faf@group-28F631BD8B01: shutdown
2019-11-16 00:26:32,589 [grpc-default-executor-9] INFO  util.JmxRegister (JmxRegister.java:unregister(73)) - Successfully un-registered JMX Bean with object name Ratis:service=RaftServer,group=group-28F631BD8B01,id=0a2d6f7b-f3b3-43fc-9f44-c893c3969faf
2019-11-16 00:26:32,589 [grpc-default-executor-9] INFO  impl.RoleInfo (RoleInfo.java:shutdownFollowerState(121)) - 0a2d6f7b-f3b3-43fc-9f44-c893c3969faf: shutdown FollowerState
2019-11-16 00:26:32,589 [grpc-default-executor-9] INFO  impl.StateMachineUpdater (StateMachineUpdater.java:stopAndJoin(136)) - 0a2d6f7b-f3b3-43fc-9f44-c893c3969faf@group-28F631BD8B01-StateMachineUpdater: set stopIndex = 0
2019-11-16 00:26:32,589 [Thread-4192] INFO  impl.FollowerState (FollowerState.java:run(120)) - 0a2d6f7b-f3b3-43fc-9f44-c893c3969faf@group-28F631BD8B01-FollowerState was interrupted: java.lang.InterruptedException: sleep interrupted
2019-11-16 00:26:32,589 [grpc-default-executor-9] INFO  impl.RaftServerImpl (ServerState.java:close(387)) - 0a2d6f7b-f3b3-43fc-9f44-c893c3969faf@group-28F631BD8B01: closes. applyIndex: 0
2019-11-16 00:26:32,589 [0a2d6f7b-f3b3-43fc-9f44-c893c3969faf@group-28F631BD8B01-SegmentedRaftLogWorker] INFO  segmented.SegmentedRaftLogWorker (SegmentedRaftLogWorker.java:run(316)) - 0a2d6f7b-f3b3-43fc-9f44-c893c3969faf@group-28F631BD8B01-SegmentedRaftLogWorker was interrupted, exiting. There are 0 tasks remaining in the queue.
2019-11-16 00:26:32,589 [grpc-default-executor-9] INFO  segmented.SegmentedRaftLogWorker (SegmentedRaftLogWorker.java:close(224)) - 0a2d6f7b-f3b3-43fc-9f44-c893c3969faf@group-28F631BD8B01-SegmentedRaftLogWorker close()
2019-11-16 00:26:32,595 [grpc-default-executor-9] INFO  impl.RaftServerProxy (RaftServerProxy.java:remove(95)) - 84c9c768-243c-47db-bab4-63e35b2a41a2: remove    LEADER 84c9c768-243c-47db-bab4-63e35b2a41a2@group-28F631BD8B01:t2, leader=84c9c768-243c-47db-bab4-63e35b2a41a2, voted=84c9c768-243c-47db-bab4-63e35b2a41a2, raftlog=84c9c768-243c-47db-bab4-63e35b2a41a2@group-28F631BD8B01-SegmentedRaftLog:OPENED:c0,f0,i0, conf=0: [5140e110-8ff7-42a5-9b32-053ee4f24742:192.168.69.79:33415, 0a2d6f7b-f3b3-43fc-9f44-c893c3969faf:192.168.69.79:34899, 84c9c768-243c-47db-bab4-63e35b2a41a2:192.168.69.79:38689], old=null RUNNING
2019-11-16 00:26:32,595 [grpc-default-executor-9] INFO  impl.RaftServerImpl (RaftServerImpl.java:lambda$shutdown$3(250)) - 84c9c768-243c-47db-bab4-63e35b2a41a2@group-28F631BD8B01: shutdown
2019-11-16 00:26:32,595 [grpc-default-executor-9] INFO  util.JmxRegister (JmxRegister.java:unregister(73)) - Successfully un-registered JMX Bean with object name Ratis:service=RaftServer,group=group-28F631BD8B01,id=84c9c768-243c-47db-bab4-63e35b2a41a2
2019-11-16 00:26:32,595 [grpc-default-executor-9] INFO  impl.RoleInfo (RoleInfo.java:shutdownLeaderState(104)) - 84c9c768-243c-47db-bab4-63e35b2a41a2: shutdown LeaderState
2019-11-16 00:26:32,598 [grpc-default-executor-9] INFO  impl.PendingRequests (PendingRequests.java:sendNotLeaderResponses(206)) - 84c9c768-243c-47db-bab4-63e35b2a41a2@group-28F631BD8B01-PendingRequests: sendNotLeaderResponses
2019-11-16 00:26:32,599 [org.apache.ratis.server.impl.LogAppender$AppenderDaemon$$Lambda$427/371179679@4bafbc19] WARN  server.GrpcLogAppender (GrpcLogAppender.java:mayWait(151)) - 84c9c768-243c-47db-bab4-63e35b2a41a2@group-28F631BD8B01->5140e110-8ff7-42a5-9b32-053ee4f24742-GrpcLogAppender: Wait interrupted by java.lang.InterruptedException
2019-11-16 00:26:32,599 [grpc-default-executor-9] INFO  impl.StateMachineUpdater (StateMachineUpdater.java:stopAndJoin(136)) - 84c9c768-243c-47db-bab4-63e35b2a41a2@group-28F631BD8B01-StateMachineUpdater: set stopIndex = 0
2019-11-16 00:26:32,599 [grpc-default-executor-9] INFO  impl.RaftServerImpl (ServerState.java:close(387)) - 84c9c768-243c-47db-bab4-63e35b2a41a2@group-28F631BD8B01: closes. applyIndex: 0
2019-11-16 00:26:32,599 [org.apache.ratis.server.impl.LogAppender$AppenderDaemon$$Lambda$427/371179679@ead2b08] WARN  server.GrpcLogAppender (GrpcLogAppender.java:mayWait(151)) - 84c9c768-243c-47db-bab4-63e35b2a41a2@group-28F631BD8B01->0a2d6f7b-f3b3-43fc-9f44-c893c3969faf-GrpcLogAppender: Wait interrupted by java.lang.InterruptedException
2019-11-16 00:26:32,599 [84c9c768-243c-47db-bab4-63e35b2a41a2@group-28F631BD8B01-SegmentedRaftLogWorker] INFO  segmented.SegmentedRaftLogWorker (SegmentedRaftLogWorker.java:run(316)) - 84c9c768-243c-47db-bab4-63e35b2a41a2@group-28F631BD8B01-SegmentedRaftLogWorker was interrupted, exiting. There are 0 tasks remaining in the queue.
2019-11-16 00:26:32,599 [grpc-default-executor-3] INFO  server.GrpcServerProtocolService (GrpcServerProtocolService.java:onCompleted(113)) - 5140e110-8ff7-42a5-9b32-053ee4f24742: Completed APPEND_ENTRIES, lastRequest: 84c9c768-243c-47db-bab4-63e35b2a41a2->5140e110-8ff7-42a5-9b32-053ee4f24742#3-t2, previous=(t:2, i:0), leaderCommit=0, initializing? false, entries: <empty>
2019-11-16 00:26:32,599 [grpc-default-executor-2] INFO  server.GrpcServerProtocolService (GrpcServerProtocolService.java:onCompleted(113)) - 0a2d6f7b-f3b3-43fc-9f44-c893c3969faf: Completed APPEND_ENTRIES, lastRequest: 84c9c768-243c-47db-bab4-63e35b2a41a2->0a2d6f7b-f3b3-43fc-9f44-c893c3969faf#3-t2, previous=(t:2, i:0), leaderCommit=0, initializing? false, entries: <empty>
2019-11-16 00:26:32,599 [grpc-default-executor-9] INFO  segmented.SegmentedRaftLogWorker (SegmentedRaftLogWorker.java:close(224)) - 84c9c768-243c-47db-bab4-63e35b2a41a2@group-28F631BD8B01-SegmentedRaftLogWorker close()
2019-11-16 00:26:32,600 [grpc-default-executor-2] INFO  server.GrpcLogAppender (GrpcLogAppender.java:onCompleted(308)) - 84c9c768-243c-47db-bab4-63e35b2a41a2@group-28F631BD8B01->5140e110-8ff7-42a5-9b32-053ee4f24742-AppendLogResponseHandler: follower responses appendEntries COMPLETED
2019-11-16 00:26:32,606 [grpc-default-executor-1] INFO  server.GrpcLogAppender (GrpcLogAppender.java:onCompleted(308)) - 84c9c768-243c-47db-bab4-63e35b2a41a2@group-28F631BD8B01->0a2d6f7b-f3b3-43fc-9f44-c893c3969faf-AppendLogResponseHandler: follower responses appendEntries COMPLETED
2019-11-16 00:26:32,606 [grpc-default-executor-2] INFO  impl.FollowerInfo (FollowerInfo.java:lambda$new$0(51)) - 84c9c768-243c-47db-bab4-63e35b2a41a2@group-28F631BD8B01->5140e110-8ff7-42a5-9b32-053ee4f24742: nextIndex: updateUnconditionally 1 -> 0
2019-11-16 00:26:32,607 [grpc-default-executor-1] INFO  impl.FollowerInfo (FollowerInfo.java:lambda$new$0(51)) - 84c9c768-243c-47db-bab4-63e35b2a41a2@group-28F631BD8B01->0a2d6f7b-f3b3-43fc-9f44-c893c3969faf: nextIndex: updateUnconditionally 1 -> 0
2019-11-16 00:26:32,609 [grpc-default-executor-1] INFO  impl.RaftServerProxy (RaftServerProxy.java:remove(95)) - 5140e110-8ff7-42a5-9b32-053ee4f24742: remove  FOLLOWER 5140e110-8ff7-42a5-9b32-053ee4f24742@group-28F631BD8B01:t2, leader=84c9c768-243c-47db-bab4-63e35b2a41a2, voted=5140e110-8ff7-42a5-9b32-053ee4f24742, raftlog=5140e110-8ff7-42a5-9b32-053ee4f24742@group-28F631BD8B01-SegmentedRaftLog:OPENED:c0,f0,i0, conf=0: [5140e110-8ff7-42a5-9b32-053ee4f24742:192.168.69.79:33415, 0a2d6f7b-f3b3-43fc-9f44-c893c3969faf:192.168.69.79:34899, 84c9c768-243c-47db-bab4-63e35b2a41a2:192.168.69.79:38689], old=null RUNNING
2019-11-16 00:26:32,609 [grpc-default-executor-1] INFO  impl.RaftServerImpl (RaftServerImpl.java:lambda$shutdown$3(250)) - 5140e110-8ff7-42a5-9b32-053ee4f24742@group-28F631BD8B01: shutdown
2019-11-16 00:26:32,609 [grpc-default-executor-1] INFO  util.JmxRegister (JmxRegister.java:unregister(73)) - Successfully un-registered JMX Bean with object name Ratis:service=RaftServer,group=group-28F631BD8B01,id=5140e110-8ff7-42a5-9b32-053ee4f24742
2019-11-16 00:26:32,609 [grpc-default-executor-1] INFO  impl.RoleInfo (RoleInfo.java:shutdownFollowerState(121)) - 5140e110-8ff7-42a5-9b32-053ee4f24742: shutdown FollowerState
2019-11-16 00:26:32,609 [grpc-default-executor-1] INFO  impl.StateMachineUpdater (StateMachineUpdater.java:stopAndJoin(136)) - 5140e110-8ff7-42a5-9b32-053ee4f24742@group-28F631BD8B01-StateMachineUpdater: set stopIndex = 0
2019-11-16 00:26:32,609 [Thread-4199] INFO  impl.FollowerState (FollowerState.java:run(120)) - 5140e110-8ff7-42a5-9b32-053ee4f24742@group-28F631BD8B01-FollowerState was interrupted: java.lang.InterruptedException: sleep interrupted
2019-11-16 00:26:32,610 [grpc-default-executor-1] INFO  impl.RaftServerImpl (ServerState.java:close(387)) - 5140e110-8ff7-42a5-9b32-053ee4f24742@group-28F631BD8B01: closes. applyIndex: 0
2019-11-16 00:26:32,610 [5140e110-8ff7-42a5-9b32-053ee4f24742@group-28F631BD8B01-SegmentedRaftLogWorker] INFO  segmented.SegmentedRaftLogWorker (SegmentedRaftLogWorker.java:run(316)) - 5140e110-8ff7-42a5-9b32-053ee4f24742@group-28F631BD8B01-SegmentedRaftLogWorker was interrupted, exiting. There are 0 tasks remaining in the queue.
2019-11-16 00:26:32,610 [grpc-default-executor-1] INFO  segmented.SegmentedRaftLogWorker (SegmentedRaftLogWorker.java:close(224)) - 5140e110-8ff7-42a5-9b32-053ee4f24742@group-28F631BD8B01-SegmentedRaftLogWorker close()
2019-11-16 00:26:32,611 [Thread-4071] INFO  pipeline.PipelineStateManager (PipelineStateManager.java:removePipeline(106)) - Pipeline Pipeline[ Id: f65c172c-2fab-4648-982a-28f631bd8b01, Nodes: 0a2d6f7b-f3b3-43fc-9f44-c893c3969faf{ip: 192.168.69.79, host: pr-hdds-2501-b5dhd-1197665634, networkLocation: /rack1, certSerialId: null}84c9c768-243c-47db-bab4-63e35b2a41a2{ip: 192.168.69.79, host: pr-hdds-2501-b5dhd-1197665634, networkLocation: /rack1, certSerialId: null}5140e110-8ff7-42a5-9b32-053ee4f24742{ip: 192.168.69.79, host: pr-hdds-2501-b5dhd-1197665634, networkLocation: /rack1, certSerialId: null}, Type:RATIS, Factor:THREE, State:CLOSED] removed from db
2019-11-16 00:26:32,612 [Thread-4071] INFO  pipeline.SCMPipelineManager (SCMPipelineManager.java:finalizeAndDestroyPipeline(315)) - destroying pipeline:Pipeline[ Id: 21b49901-299a-4a7c-9c90-2cb06e8179e8, Nodes: 69b8f75d-497f-4fe6-9dc7-b84f6827359d{ip: 192.168.69.79, host: pr-hdds-2501-b5dhd-1197665634, networkLocation: /rack1, certSerialId: null}, Type:RATIS, Factor:ONE, State:OPEN]
2019-11-16 00:26:32,616 [grpc-default-executor-1] INFO  impl.RaftServerProxy (RaftServerProxy.java:addNew(89)) - 5140e110-8ff7-42a5-9b32-053ee4f24742: addNew group-ABBA576E5246:[5140e110-8ff7-42a5-9b32-053ee4f24742:192.168.69.79:33415, 0a2d6f7b-f3b3-43fc-9f44-c893c3969faf:192.168.69.79:34899, 84c9c768-243c-47db-bab4-63e35b2a41a2:192.168.69.79:38689] returns group-ABBA576E5246:java.util.concurrent.CompletableFuture@9ea3d9c[Not completed]
2019-11-16 00:26:32,617 [grpc-default-executor-2] INFO  impl.RaftServerProxy (RaftServerProxy.java:addNew(89)) - 84c9c768-243c-47db-bab4-63e35b2a41a2: addNew group-ABBA576E5246:[5140e110-8ff7-42a5-9b32-053ee4f24742:192.168.69.79:33415, 0a2d6f7b-f3b3-43fc-9f44-c893c3969faf:192.168.69.79:34899, 84c9c768-243c-47db-bab4-63e35b2a41a2:192.168.69.79:38689] returns group-ABBA576E5246:java.util.concurrent.CompletableFuture@62ff1506[Not completed]
2019-11-16 00:26:32,617 [grpc-default-executor-9] INFO  impl.RaftServerProxy (RaftServerProxy.java:addNew(89)) - 0a2d6f7b-f3b3-43fc-9f44-c893c3969faf: addNew group-ABBA576E5246:[5140e110-8ff7-42a5-9b32-053ee4f24742:192.168.69.79:33415, 0a2d6f7b-f3b3-43fc-9f44-c893c3969faf:192.168.69.79:34899, 84c9c768-243c-47db-bab4-63e35b2a41a2:192.168.69.79:38689] returns group-ABBA576E5246:java.util.concurrent.CompletableFuture@588a324c[Not completed]
2019-11-16 00:26:32,618 [pool-530-thread-1] INFO  impl.RaftServerImpl (RaftServerImpl.java:<init>(98)) - 84c9c768-243c-47db-bab4-63e35b2a41a2: new RaftServerImpl for group-ABBA576E5246:[5140e110-8ff7-42a5-9b32-053ee4f24742:192.168.69.79:33415, 0a2d6f7b-f3b3-43fc-9f44-c893c3969faf:192.168.69.79:34899, 84c9c768-243c-47db-bab4-63e35b2a41a2:192.168.69.79:38689] with ContainerStateMachine:uninitialized
2019-11-16 00:26:32,619 [pool-530-thread-1] INFO  server.RaftServerConfigKeys (ConfUtils.java:logGet(43)) - raft.server.rpc.timeout.min = 1s (custom)
2019-11-16 00:26:32,619 [pool-530-thread-1] INFO  server.RaftServerConfigKeys (ConfUtils.java:logGet(43)) - raft.server.rpc.timeout.max = 1200ms (custom)
2019-11-16 00:26:32,619 [pool-530-thread-1] INFO  server.RaftServerConfigKeys (ConfUtils.java:logGet(43)) - raft.server.rpcslowness.timeout = 120s (custom)
2019-11-16 00:26:32,619 [pool-530-thread-1] INFO  server.RaftServerConfigKeys (ConfUtils.java:logGet(43)) - raft.server.sleep.deviation.threshold = 300 (default)
2019-11-16 00:26:32,619 [pool-530-thread-1] INFO  server.RaftServerConfigKeys (ConfUtils.java:logGet(43)) - raft.server.log.appender.install.snapshot.enabled = false (custom)
2019-11-16 00:26:32,619 [pool-530-thread-1] INFO  impl.RaftServerImpl (ServerState.java:<init>(103)) - 84c9c768-243c-47db-bab4-63e35b2a41a2@group-ABBA576E5246: ConfigurationManager, init=-1: [5140e110-8ff7-42a5-9b32-053ee4f24742:192.168.69.79:33415, 0a2d6f7b-f3b3-43fc-9f44-c893c3969faf:192.168.69.79:34899, 84c9c768-243c-47db-bab4-63e35b2a41a2:192.168.69.79:38689], old=null, confs=<EMPTY_MAP>
2019-11-16 00:26:32,619 [pool-530-thread-1] INFO  server.RaftServerConfigKeys (ConfUtils.java:logGet(43)) - raft.server.storage.dir = [/workdir/hadoop-ozone/integration-test/target/test-dir/MiniOzoneClusterImpl-ec73e7b8-24c6-4197-838c-bd0443d97e1c/datanode-2/data/ratis] (custom)
2019-11-16 00:26:32,619 [pool-510-thread-1] INFO  impl.RaftServerImpl (RaftServerImpl.java:<init>(98)) - 5140e110-8ff7-42a5-9b32-053ee4f24742: new RaftServerImpl for group-ABBA576E5246:[5140e110-8ff7-42a5-9b32-053ee4f24742:192.168.69.79:33415, 0a2d6f7b-f3b3-43fc-9f44-c893c3969faf:192.168.69.79:34899, 84c9c768-243c-47db-bab4-63e35b2a41a2:192.168.69.79:38689] with ContainerStateMachine:uninitialized
2019-11-16 00:26:32,620 [pool-510-thread-1] INFO  server.RaftServerConfigKeys (ConfUtils.java:logGet(43)) - raft.server.rpc.timeout.min = 1s (custom)
2019-11-16 00:26:32,620 [pool-530-thread-1] INFO  server.RaftServerConfigKeys (ConfUtils.java:logGet(43)) - raft.server.log.corruption.policy = EXCEPTION (default)
2019-11-16 00:26:32,620 [pool-510-thread-1] INFO  server.RaftServerConfigKeys (ConfUtils.java:logGet(43)) - raft.server.rpc.timeout.max = 1200ms (custom)
2019-11-16 00:26:32,620 [pool-520-thread-1] INFO  impl.RaftServerImpl (RaftServerImpl.java:<init>(98)) - 0a2d6f7b-f3b3-43fc-9f44-c893c3969faf: new RaftServerImpl for group-ABBA576E5246:[5140e110-8ff7-42a5-9b32-053ee4f24742:192.168.69.79:33415, 0a2d6f7b-f3b3-43fc-9f44-c893c3969faf:192.168.69.79:34899, 84c9c768-243c-47db-bab4-63e35b2a41a2:192.168.69.79:38689] with ContainerStateMachine:uninitialized
2019-11-16 00:26:32,620 [pool-510-thread-1] INFO  server.RaftServerConfigKeys (ConfUtils.java:logGet(43)) - raft.server.rpcslowness.timeout = 120s (custom)
2019-11-16 00:26:32,620 [pool-530-thread-1] INFO  storage.RaftStorageDirectory (RaftStorageDirectory.java:analyzeStorage(246)) - The storage directory /workdir/hadoop-ozone/integration-test/target/test-dir/MiniOzoneClusterImpl-ec73e7b8-24c6-4197-838c-bd0443d97e1c/datanode-2/data/ratis/e68a556c-608d-48a6-be74-abba576e5246 does not exist. Creating ...
2019-11-16 00:26:32,620 [pool-510-thread-1] INFO  server.RaftServerConfigKeys (ConfUtils.java:logGet(43)) - raft.server.sleep.deviation.threshold = 300 (default)
2019-11-16 00:26:32,620 [pool-520-thread-1] INFO  server.RaftServerConfigKeys (ConfUtils.java:logGet(43)) - raft.server.rpc.timeout.min = 1s (custom)
2019-11-16 00:26:32,620 [pool-510-thread-1] INFO  server.RaftServerConfigKeys (ConfUtils.java:logGet(43)) - raft.server.log.appender.install.snapshot.enabled = false (custom)
2019-11-16 00:26:32,621 [pool-520-thread-1] INFO  server.RaftServerConfigKeys (ConfUtils.java:logGet(43)) - raft.server.rpc.timeout.max = 1200ms (custom)
2019-11-16 00:26:32,624 [pool-520-thread-1] INFO  server.RaftServerConfigKeys (ConfUtils.java:logGet(43)) - raft.server.rpcslowness.timeout = 120s (custom)
2019-11-16 00:26:32,624 [pool-510-thread-1] INFO  impl.RaftServerImpl (ServerState.java:<init>(103)) - 5140e110-8ff7-42a5-9b32-053ee4f24742@group-ABBA576E5246: ConfigurationManager, init=-1: [5140e110-8ff7-42a5-9b32-053ee4f24742:192.168.69.79:33415, 0a2d6f7b-f3b3-43fc-9f44-c893c3969faf:192.168.69.79:34899, 84c9c768-243c-47db-bab4-63e35b2a41a2:192.168.69.79:38689], old=null, confs=<EMPTY_MAP>
2019-11-16 00:26:32,624 [pool-520-thread-1] INFO  server.RaftServerConfigKeys (ConfUtils.java:logGet(43)) - raft.server.sleep.deviation.threshold = 300 (default)
2019-11-16 00:26:32,624 [pool-520-thread-1] INFO  server.RaftServerConfigKeys (ConfUtils.java:logGet(43)) - raft.server.log.appender.install.snapshot.enabled = false (custom)
2019-11-16 00:26:32,624 [pool-510-thread-1] INFO  server.RaftServerConfigKeys (ConfUtils.java:logGet(43)) - raft.server.storage.dir = [/workdir/hadoop-ozone/integration-test/target/test-dir/MiniOzoneClusterImpl-ec73e7b8-24c6-4197-838c-bd0443d97e1c/datanode-0/data/ratis] (custom)
2019-11-16 00:26:32,624 [pool-520-thread-1] INFO  impl.RaftServerImpl (ServerState.java:<init>(103)) - 0a2d6f7b-f3b3-43fc-9f44-c893c3969faf@group-ABBA576E5246: ConfigurationManager, init=-1: [5140e110-8ff7-42a5-9b32-053ee4f24742:192.168.69.79:33415, 0a2d6f7b-f3b3-43fc-9f44-c893c3969faf:192.168.69.79:34899, 84c9c768-243c-47db-bab4-63e35b2a41a2:192.168.69.79:38689], old=null, confs=<EMPTY_MAP>
2019-11-16 00:26:32,625 [pool-520-thread-1] INFO  server.RaftServerConfigKeys (ConfUtils.java:logGet(43)) - raft.server.storage.dir = [/workdir/hadoop-ozone/integration-test/target/test-dir/MiniOzoneClusterImpl-ec73e7b8-24c6-4197-838c-bd0443d97e1c/datanode-1/data/ratis] (custom)
2019-11-16 00:26:32,625 [pool-510-thread-1] INFO  server.RaftServerConfigKeys (ConfUtils.java:logGet(43)) - raft.server.log.corruption.policy = EXCEPTION (default)
2019-11-16 00:26:32,625 [pool-520-thread-1] INFO  server.RaftServerConfigKeys (ConfUtils.java:logGet(43)) - raft.server.log.corruption.policy = EXCEPTION (default)
2019-11-16 00:26:32,625 [pool-510-thread-1] INFO  storage.RaftStorageDirectory (RaftStorageDirectory.java:analyzeStorage(246)) - The storage directory /workdir/hadoop-ozone/integration-test/target/test-dir/MiniOzoneClusterImpl-ec73e7b8-24c6-4197-838c-bd0443d97e1c/datanode-0/data/ratis/e68a556c-608d-48a6-be74-abba576e5246 does not exist. Creating ...
2019-11-16 00:26:32,625 [pool-520-thread-1] INFO  storage.RaftStorageDirectory (RaftStorageDirectory.java:analyzeStorage(246)) - The storage directory /workdir/hadoop-ozone/integration-test/target/test-dir/MiniOzoneClusterImpl-ec73e7b8-24c6-4197-838c-bd0443d97e1c/datanode-1/data/ratis/e68a556c-608d-48a6-be74-abba576e5246 does not exist. Creating ...
2019-11-16 00:26:32,638 [pool-520-thread-1] INFO  storage.RaftStorageDirectory (RaftStorageDirectory.java:tryLock(328)) - Lock on /workdir/hadoop-ozone/integration-test/target/test-dir/MiniOzoneClusterImpl-ec73e7b8-24c6-4197-838c-bd0443d97e1c/datanode-1/data/ratis/e68a556c-608d-48a6-be74-abba576e5246/in_use.lock acquired by nodename 23786@pr-hdds-2501-b5dhd-1197665634
2019-11-16 00:26:32,638 [pool-510-thread-1] INFO  storage.RaftStorageDirectory (RaftStorageDirectory.java:tryLock(328)) - Lock on /workdir/hadoop-ozone/integration-test/target/test-dir/MiniOzoneClusterImpl-ec73e7b8-24c6-4197-838c-bd0443d97e1c/datanode-0/data/ratis/e68a556c-608d-48a6-be74-abba576e5246/in_use.lock acquired by nodename 23786@pr-hdds-2501-b5dhd-1197665634
2019-11-16 00:26:32,638 [pool-530-thread-1] INFO  storage.RaftStorageDirectory (RaftStorageDirectory.java:tryLock(328)) - Lock on /workdir/hadoop-ozone/integration-test/target/test-dir/MiniOzoneClusterImpl-ec73e7b8-24c6-4197-838c-bd0443d97e1c/datanode-2/data/ratis/e68a556c-608d-48a6-be74-abba576e5246/in_use.lock acquired by nodename 23786@pr-hdds-2501-b5dhd-1197665634
2019-11-16 00:26:32,652 [pool-520-thread-1] INFO  storage.RaftStorage (RaftStorage.java:format(84)) - Storage directory /workdir/hadoop-ozone/integration-test/target/test-dir/MiniOzoneClusterImpl-ec73e7b8-24c6-4197-838c-bd0443d97e1c/datanode-1/data/ratis/e68a556c-608d-48a6-be74-abba576e5246 has been successfully formatted.
2019-11-16 00:26:32,652 [pool-530-thread-1] INFO  storage.RaftStorage (RaftStorage.java:format(84)) - Storage directory /workdir/hadoop-ozone/integration-test/target/test-dir/MiniOzoneClusterImpl-ec73e7b8-24c6-4197-838c-bd0443d97e1c/datanode-2/data/ratis/e68a556c-608d-48a6-be74-abba576e5246 has been successfully formatted.
2019-11-16 00:26:32,652 [pool-520-thread-1] INFO  ratis.ContainerStateMachine (ContainerStateMachine.java:loadSnapshot(223)) - group-ABBA576E5246: The snapshot info is null. Setting the last applied indexto:(t:0, i:~)
2019-11-16 00:26:32,652 [pool-510-thread-1] INFO  storage.RaftStorage (RaftStorage.java:format(84)) - Storage directory /workdir/hadoop-ozone/integration-test/target/test-dir/MiniOzoneClusterImpl-ec73e7b8-24c6-4197-838c-bd0443d97e1c/datanode-0/data/ratis/e68a556c-608d-48a6-be74-abba576e5246 has been successfully formatted.
2019-11-16 00:26:32,652 [pool-530-thread-1] INFO  ratis.ContainerStateMachine (ContainerStateMachine.java:loadSnapshot(223)) - group-ABBA576E5246: The snapshot info is null. Setting the last applied indexto:(t:0, i:~)
2019-11-16 00:26:32,652 [pool-520-thread-1] INFO  server.RaftServerConfigKeys (ConfUtils.java:logGet(43)) - raft.server.notification.no-leader.timeout = 120s (custom)
2019-11-16 00:26:32,653 [pool-530-thread-1] INFO  server.RaftServerConfigKeys (ConfUtils.java:logGet(43)) - raft.server.notification.no-leader.timeout = 120s (custom)
2019-11-16 00:26:32,653 [pool-510-thread-1] INFO  ratis.ContainerStateMachine (ContainerStateMachine.java:loadSnapshot(223)) - group-ABBA576E5246: The snapshot info is null. Setting the last applied indexto:(t:0, i:~)
2019-11-16 00:26:32,653 [pool-530-thread-1] INFO  server.RaftServerConfigKeys (ConfUtils.java:logGet(43)) - raft.server.log.use.memory = false (default)
2019-11-16 00:26:32,653 [pool-520-thread-1] INFO  server.RaftServerConfigKeys (ConfUtils.java:logGet(43)) - raft.server.log.use.memory = false (default)
2019-11-16 00:26:32,653 [pool-530-thread-1] INFO  server.RaftServerConfigKeys (ConfUtils.java:logGet(43)) - raft.server.log.purge.gap = 1000000 (custom)
2019-11-16 00:26:32,653 [pool-510-thread-1] INFO  server.RaftServerConfigKeys (ConfUtils.java:logGet(43)) - raft.server.notification.no-leader.timeout = 120s (custom)
2019-11-16 00:26:32,653 [pool-530-thread-1] INFO  server.RaftServerConfigKeys (ConfUtils.java:logGet(43)) - raft.server.log.appender.buffer.byte-limit = 33554432 (custom)
2019-11-16 00:26:32,653 [pool-520-thread-1] INFO  server.RaftServerConfigKeys (ConfUtils.java:logGet(43)) - raft.server.log.purge.gap = 1000000 (custom)
2019-11-16 00:26:32,654 [pool-530-thread-1] INFO  server.RaftServerConfigKeys (ConfUtils.java:logGet(43)) - raft.server.log.segment.size.max = 1048576 (custom)
2019-11-16 00:26:32,653 [pool-510-thread-1] INFO  server.RaftServerConfigKeys (ConfUtils.java:logGet(43)) - raft.server.log.use.memory = false (default)
2019-11-16 00:26:32,654 [pool-530-thread-1] INFO  server.RaftServerConfigKeys (ConfUtils.java:logGet(43)) - raft.server.log.segment.cache.num.max = 2 (custom)
2019-11-16 00:26:32,654 [pool-520-thread-1] INFO  server.RaftServerConfigKeys (ConfUtils.java:logGet(43)) - raft.server.log.appender.buffer.byte-limit = 33554432 (custom)
2019-11-16 00:26:32,654 [pool-530-thread-1] INFO  segmented.SegmentedRaftLogWorker (SegmentedRaftLogWorker.java:<init>(173)) - new 84c9c768-243c-47db-bab4-63e35b2a41a2@group-ABBA576E5246-SegmentedRaftLogWorker for RaftStorage:Storage Directory /workdir/hadoop-ozone/integration-test/target/test-dir/MiniOzoneClusterImpl-ec73e7b8-24c6-4197-838c-bd0443d97e1c/datanode-2/data/ratis/e68a556c-608d-48a6-be74-abba576e5246
2019-11-16 00:26:32,654 [pool-510-thread-1] INFO  server.RaftServerConfigKeys (ConfUtils.java:logGet(43)) - raft.server.log.purge.gap = 1000000 (custom)
2019-11-16 00:26:32,654 [pool-530-thread-1] INFO  server.RaftServerConfigKeys (ConfUtils.java:logGet(43)) - raft.server.log.queue.byte-limit = 2147483647 (custom)
2019-11-16 00:26:32,655 [pool-530-thread-1] INFO  server.RaftServerConfigKeys (ConfUtils.java:logGet(43)) - raft.server.log.queue.element-limit = 1024 (custom)
2019-11-16 00:26:32,654 [pool-520-thread-1] INFO  server.RaftServerConfigKeys (ConfUtils.java:logGet(43)) - raft.server.log.segment.size.max = 1048576 (custom)
2019-11-16 00:26:32,655 [pool-530-thread-1] INFO  server.RaftServerConfigKeys (ConfUtils.java:logGet(43)) - raft.server.log.segment.size.max = 1048576 (custom)
2019-11-16 00:26:32,654 [pool-510-thread-1] INFO  server.RaftServerConfigKeys (ConfUtils.java:logGet(43)) - raft.server.log.appender.buffer.byte-limit = 33554432 (custom)
2019-11-16 00:26:32,655 [pool-530-thread-1] INFO  server.RaftServerConfigKeys (ConfUtils.java:logGet(43)) - raft.server.log.preallocated.size = 16384 (custom)
2019-11-16 00:26:32,655 [pool-530-thread-1] INFO  server.RaftServerConfigKeys (ConfUtils.java:logGet(43)) - raft.server.log.write.buffer.size = 33554432 (custom)
2019-11-16 00:26:32,655 [pool-520-thread-1] INFO  server.RaftServerConfigKeys (ConfUtils.java:logGet(43)) - raft.server.log.segment.cache.num.max = 2 (custom)
2019-11-16 00:26:32,655 [pool-530-thread-1] INFO  server.RaftServerConfigKeys (ConfUtils.java:logGet(43)) - raft.server.log.force.sync.num = 128 (default)
2019-11-16 00:26:32,655 [pool-510-thread-1] INFO  server.RaftServerConfigKeys (ConfUtils.java:logGet(43)) - raft.server.log.segment.size.max = 1048576 (custom)
2019-11-16 00:26:32,656 [pool-530-thread-1] INFO  server.RaftServerConfigKeys (ConfUtils.java:logGet(43)) - raft.server.log.statemachine.data.sync = true (default)
2019-11-16 00:26:32,655 [pool-520-thread-1] INFO  segmented.SegmentedRaftLogWorker (SegmentedRaftLogWorker.java:<init>(173)) - new 0a2d6f7b-f3b3-43fc-9f44-c893c3969faf@group-ABBA576E5246-SegmentedRaftLogWorker for RaftStorage:Storage Directory /workdir/hadoop-ozone/integration-test/target/test-dir/MiniOzoneClusterImpl-ec73e7b8-24c6-4197-838c-bd0443d97e1c/datanode-1/data/ratis/e68a556c-608d-48a6-be74-abba576e5246
2019-11-16 00:26:32,656 [pool-530-thread-1] INFO  server.RaftServerConfigKeys (ConfUtils.java:logGet(43)) - raft.server.log.statemachine.data.sync.timeout = 10s (default)
2019-11-16 00:26:32,656 [pool-510-thread-1] INFO  server.RaftServerConfigKeys (ConfUtils.java:logGet(43)) - raft.server.log.segment.cache.num.max = 2 (custom)
2019-11-16 00:26:32,656 [pool-530-thread-1] INFO  server.RaftServerConfigKeys (ConfUtils.java:logGet(43)) - raft.server.log.statemachine.data.sync.timeout.retry = -1 (default)
2019-11-16 00:26:32,656 [pool-520-thread-1] INFO  server.RaftServerConfigKeys (ConfUtils.java:logGet(43)) - raft.server.log.queue.byte-limit = 2147483647 (custom)
2019-11-16 00:26:32,656 [pool-510-thread-1] INFO  segmented.SegmentedRaftLogWorker (SegmentedRaftLogWorker.java:<init>(173)) - new 5140e110-8ff7-42a5-9b32-053ee4f24742@group-ABBA576E5246-SegmentedRaftLogWorker for RaftStorage:Storage Directory /workdir/hadoop-ozone/integration-test/target/test-dir/MiniOzoneClusterImpl-ec73e7b8-24c6-4197-838c-bd0443d97e1c/datanode-0/data/ratis/e68a556c-608d-48a6-be74-abba576e5246
2019-11-16 00:26:32,657 [pool-530-thread-1] INFO  server.RaftServerConfigKeys (ConfUtils.java:logGet(43)) - raft.server.log.statemachine.data.caching.enabled = true (custom)
2019-11-16 00:26:32,656 [pool-520-thread-1] INFO  server.RaftServerConfigKeys (ConfUtils.java:logGet(43)) - raft.server.log.queue.element-limit = 1024 (custom)
2019-11-16 00:26:32,657 [pool-510-thread-1] INFO  server.RaftServerConfigKeys (ConfUtils.java:logGet(43)) - raft.server.log.queue.byte-limit = 2147483647 (custom)
2019-11-16 00:26:32,657 [pool-530-thread-1] INFO  segmented.SegmentedRaftLogWorker (SegmentedRaftLogWorker.java:lambda$new$0(128)) - 84c9c768-243c-47db-bab4-63e35b2a41a2@group-ABBA576E5246-SegmentedRaftLogWorker: flushIndex: setUnconditionally 0 -> -1
2019-11-16 00:26:32,657 [pool-520-thread-1] INFO  server.RaftServerConfigKeys (ConfUtils.java:logGet(43)) - raft.server.log.segment.size.max = 1048576 (custom)
2019-11-16 00:26:32,657 [pool-510-thread-1] INFO  server.RaftServerConfigKeys (ConfUtils.java:logGet(43)) - raft.server.log.queue.element-limit = 1024 (custom)
2019-11-16 00:26:32,657 [pool-520-thread-1] INFO  server.RaftServerConfigKeys (ConfUtils.java:logGet(43)) - raft.server.log.preallocated.size = 16384 (custom)
2019-11-16 00:26:32,657 [pool-510-thread-1] INFO  server.RaftServerConfigKeys (ConfUtils.java:logGet(43)) - raft.server.log.segment.size.max = 1048576 (custom)
2019-11-16 00:26:32,657 [pool-530-thread-1] INFO  server.RaftServerConfigKeys (ConfUtils.java:logGet(43)) - raft.server.snapshot.auto.trigger.enabled = true (custom)
2019-11-16 00:26:32,658 [pool-510-thread-1] INFO  server.RaftServerConfigKeys (ConfUtils.java:logGet(43)) - raft.server.log.preallocated.size = 16384 (custom)
2019-11-16 00:26:32,658 [pool-510-thread-1] INFO  server.RaftServerConfigKeys (ConfUtils.java:logGet(43)) - raft.server.log.write.buffer.size = 33554432 (custom)
2019-11-16 00:26:32,657 [pool-520-thread-1] INFO  server.RaftServerConfigKeys (ConfUtils.java:logGet(43)) - raft.server.log.write.buffer.size = 33554432 (custom)
2019-11-16 00:26:32,658 [pool-510-thread-1] INFO  server.RaftServerConfigKeys (ConfUtils.java:logGet(43)) - raft.server.log.force.sync.num = 128 (default)
2019-11-16 00:26:32,658 [pool-530-thread-1] INFO  server.RaftServerConfigKeys (ConfUtils.java:logGet(43)) - raft.server.snapshot.auto.trigger.threshold = 10000 (custom)
2019-11-16 00:26:32,658 [pool-510-thread-1] INFO  server.RaftServerConfigKeys (ConfUtils.java:logGet(43)) - raft.server.log.statemachine.data.sync = true (default)
2019-11-16 00:26:32,658 [pool-520-thread-1] INFO  server.RaftServerConfigKeys (ConfUtils.java:logGet(43)) - raft.server.log.force.sync.num = 128 (default)
2019-11-16 00:26:32,658 [pool-510-thread-1] INFO  server.RaftServerConfigKeys (ConfUtils.java:logGet(43)) - raft.server.log.statemachine.data.sync.timeout = 10s (default)
2019-11-16 00:26:32,659 [pool-510-thread-1] INFO  server.RaftServerConfigKeys (ConfUtils.java:logGet(43)) - raft.server.log.statemachine.data.sync.timeout.retry = -1 (default)
2019-11-16 00:26:32,658 [pool-530-thread-1] INFO  server.RaftServerConfigKeys (ConfUtils.java:logGet(43)) - raft.server.snapshot.retention.file.num = 5 (custom)
2019-11-16 00:26:32,659 [pool-510-thread-1] INFO  server.RaftServerConfigKeys (ConfUtils.java:logGet(43)) - raft.server.log.statemachine.data.caching.enabled = true (custom)
2019-11-16 00:26:32,658 [pool-520-thread-1] INFO  server.RaftServerConfigKeys (ConfUtils.java:logGet(43)) - raft.server.log.statemachine.data.sync = true (default)
2019-11-16 00:26:32,659 [pool-530-thread-1] INFO  server.RaftServerConfigKeys (ConfUtils.java:logGet(43)) - raft.server.retrycache.expirytime = 600000ms (custom)
2019-11-16 00:26:32,659 [pool-510-thread-1] INFO  segmented.SegmentedRaftLogWorker (SegmentedRaftLogWorker.java:lambda$new$0(128)) - 5140e110-8ff7-42a5-9b32-053ee4f24742@group-ABBA576E5246-SegmentedRaftLogWorker: flushIndex: setUnconditionally 0 -> -1
2019-11-16 00:26:32,659 [pool-520-thread-1] INFO  server.RaftServerConfigKeys (ConfUtils.java:logGet(43)) - raft.server.log.statemachine.data.sync.timeout = 10s (default)
2019-11-16 00:26:32,659 [pool-530-thread-1] WARN  impl.MetricRegistriesImpl (MetricRegistriesImpl.java:lambda$create$1(61)) - First MetricRegistry has been created without registering reporters. You may need to call MetricRegistries.global().addReportRegistration(...) before.
2019-11-16 00:26:32,659 [pool-510-thread-1] INFO  server.RaftServerConfigKeys (ConfUtils.java:logGet(43)) - raft.server.snapshot.auto.trigger.enabled = true (custom)
2019-11-16 00:26:32,660 [pool-510-thread-1] INFO  server.RaftServerConfigKeys (ConfUtils.java:logGet(43)) - raft.server.snapshot.auto.trigger.threshold = 10000 (custom)
2019-11-16 00:26:32,659 [pool-520-thread-1] INFO  server.RaftServerConfigKeys (ConfUtils.java:logGet(43)) - raft.server.log.statemachine.data.sync.timeout.retry = -1 (default)
2019-11-16 00:26:32,660 [pool-510-thread-1] INFO  server.RaftServerConfigKeys (ConfUtils.java:logGet(43)) - raft.server.snapshot.retention.file.num = 5 (custom)
2019-11-16 00:26:32,660 [pool-530-thread-1] WARN  impl.MetricRegistriesImpl (MetricRegistriesImpl.java:lambda$create$1(61)) - First MetricRegistry has been created without registering reporters. You may need to call MetricRegistries.global().addReportRegistration(...) before.
2019-11-16 00:26:32,660 [pool-510-thread-1] INFO  server.RaftServerConfigKeys (ConfUtils.java:logGet(43)) - raft.server.retrycache.expirytime = 600000ms (custom)
2019-11-16 00:26:32,660 [pool-520-thread-1] INFO  server.RaftServerConfigKeys (ConfUtils.java:logGet(43)) - raft.server.log.statemachine.data.caching.enabled = true (custom)
2019-11-16 00:26:32,660 [pool-510-thread-1] WARN  impl.MetricRegistriesImpl (MetricRegistriesImpl.java:lambda$create$1(61)) - First MetricRegistry has been created without registering reporters. You may need to call MetricRegistries.global().addReportRegistration(...) before.
2019-11-16 00:26:32,660 [pool-520-thread-1] INFO  segmented.SegmentedRaftLogWorker (SegmentedRaftLogWorker.java:lambda$new$0(128)) - 0a2d6f7b-f3b3-43fc-9f44-c893c3969faf@group-ABBA576E5246-SegmentedRaftLogWorker: flushIndex: setUnconditionally 0 -> -1
2019-11-16 00:26:32,660 [pool-530-thread-1] INFO  impl.RaftServerImpl (RaftServerImpl.java:start(184)) - 84c9c768-243c-47db-bab4-63e35b2a41a2@group-ABBA576E5246: start as a follower, conf=-1: [5140e110-8ff7-42a5-9b32-053ee4f24742:192.168.69.79:33415, 0a2d6f7b-f3b3-43fc-9f44-c893c3969faf:192.168.69.79:34899, 84c9c768-243c-47db-bab4-63e35b2a41a2:192.168.69.79:38689], old=null
2019-11-16 00:26:32,661 [pool-520-thread-1] INFO  server.RaftServerConfigKeys (ConfUtils.java:logGet(43)) - raft.server.snapshot.auto.trigger.enabled = true (custom)
2019-11-16 00:26:32,660 [pool-510-thread-1] WARN  impl.MetricRegistriesImpl (MetricRegistriesImpl.java:lambda$create$1(61)) - First MetricRegistry has been created without registering reporters. You may need to call MetricRegistries.global().addReportRegistration(...) before.
2019-11-16 00:26:32,661 [pool-520-thread-1] INFO  server.RaftServerConfigKeys (ConfUtils.java:logGet(43)) - raft.server.snapshot.auto.trigger.threshold = 10000 (custom)
2019-11-16 00:26:32,661 [pool-510-thread-1] INFO  impl.RaftServerImpl (RaftServerImpl.java:start(184)) - 5140e110-8ff7-42a5-9b32-053ee4f24742@group-ABBA576E5246: start as a follower, conf=-1: [5140e110-8ff7-42a5-9b32-053ee4f24742:192.168.69.79:33415, 0a2d6f7b-f3b3-43fc-9f44-c893c3969faf:192.168.69.79:34899, 84c9c768-243c-47db-bab4-63e35b2a41a2:192.168.69.79:38689], old=null
2019-11-16 00:26:32,661 [pool-530-thread-1] INFO  impl.RaftServerImpl (RaftServerImpl.java:setRole(173)) - 84c9c768-243c-47db-bab4-63e35b2a41a2@group-ABBA576E5246: changes role from      null to FOLLOWER at term 0 for startAsFollower
2019-11-16 00:26:32,661 [pool-510-thread-1] INFO  impl.RaftServerImpl (RaftServerImpl.java:setRole(173)) - 5140e110-8ff7-42a5-9b32-053ee4f24742@group-ABBA576E5246: changes role from      null to FOLLOWER at term 0 for startAsFollower
2019-11-16 00:26:32,661 [pool-530-thread-1] INFO  impl.RoleInfo (RoleInfo.java:updateAndGet(143)) - 84c9c768-243c-47db-bab4-63e35b2a41a2: start FollowerState
2019-11-16 00:26:32,661 [pool-520-thread-1] INFO  server.RaftServerConfigKeys (ConfUtils.java:logGet(43)) - raft.server.snapshot.retention.file.num = 5 (custom)
2019-11-16 00:26:32,661 [pool-510-thread-1] INFO  impl.RoleInfo (RoleInfo.java:updateAndGet(143)) - 5140e110-8ff7-42a5-9b32-053ee4f24742: start FollowerState
2019-11-16 00:26:32,662 [pool-520-thread-1] INFO  server.RaftServerConfigKeys (ConfUtils.java:logGet(43)) - raft.server.retrycache.expirytime = 600000ms (custom)
2019-11-16 00:26:32,662 [pool-520-thread-1] WARN  impl.MetricRegistriesImpl (MetricRegistriesImpl.java:lambda$create$1(61)) - First MetricRegistry has been created without registering reporters. You may need to call MetricRegistries.global().addReportRegistration(...) before.
2019-11-16 00:26:32,662 [pool-520-thread-1] WARN  impl.MetricRegistriesImpl (MetricRegistriesImpl.java:lambda$create$1(61)) - First MetricRegistry has been created without registering reporters. You may need to call MetricRegistries.global().addReportRegistration(...) before.
2019-11-16 00:26:32,662 [pool-530-thread-1] INFO  util.JmxRegister (JmxRegister.java:tryRegister(44)) - Successfully registered JMX Bean with object name Ratis:service=RaftServer,group=group-ABBA576E5246,id=84c9c768-243c-47db-bab4-63e35b2a41a2
2019-11-16 00:26:32,662 [pool-520-thread-1] INFO  impl.RaftServerImpl (RaftServerImpl.java:start(184)) - 0a2d6f7b-f3b3-43fc-9f44-c893c3969faf@group-ABBA576E5246: start as a follower, conf=-1: [5140e110-8ff7-42a5-9b32-053ee4f24742:192.168.69.79:33415, 0a2d6f7b-f3b3-43fc-9f44-c893c3969faf:192.168.69.79:34899, 84c9c768-243c-47db-bab4-63e35b2a41a2:192.168.69.79:38689], old=null
2019-11-16 00:26:32,663 [pool-520-thread-1] INFO  impl.RaftServerImpl (RaftServerImpl.java:setRole(173)) - 0a2d6f7b-f3b3-43fc-9f44-c893c3969faf@group-ABBA576E5246: changes role from      null to FOLLOWER at term 0 for startAsFollower
2019-11-16 00:26:32,662 [pool-510-thread-1] INFO  util.JmxRegister (JmxRegister.java:tryRegister(44)) - Successfully registered JMX Bean with object name Ratis:service=RaftServer,group=group-ABBA576E5246,id=5140e110-8ff7-42a5-9b32-053ee4f24742
2019-11-16 00:26:32,663 [pool-520-thread-1] INFO  impl.RoleInfo (RoleInfo.java:updateAndGet(143)) - 0a2d6f7b-f3b3-43fc-9f44-c893c3969faf: start FollowerState
2019-11-16 00:26:32,662 [pool-530-thread-1] WARN  impl.MetricRegistriesImpl (MetricRegistriesImpl.java:lambda$create$1(61)) - First MetricRegistry has been created without registering reporters. You may need to call MetricRegistries.global().addReportRegistration(...) before.
2019-11-16 00:26:32,663 [pool-510-thread-1] WARN  impl.MetricRegistriesImpl (MetricRegistriesImpl.java:lambda$create$1(61)) - First MetricRegistry has been created without registering reporters. You may need to call MetricRegistries.global().addReportRegistration(...) before.
2019-11-16 00:26:32,663 [pool-520-thread-1] INFO  util.JmxRegister (JmxRegister.java:tryRegister(44)) - Successfully registered JMX Bean with object name Ratis:service=RaftServer,group=group-ABBA576E5246,id=0a2d6f7b-f3b3-43fc-9f44-c893c3969faf
2019-11-16 00:26:32,663 [pool-520-thread-1] WARN  impl.MetricRegistriesImpl (MetricRegistriesImpl.java:lambda$create$1(61)) - First MetricRegistry has been created without registering reporters. You may need to call MetricRegistries.global().addReportRegistration(...) before.
2019-11-16 00:26:32,668 [RatisPipelineUtilsThread] INFO  pipeline.PipelineStateManager (PipelineStateManager.java:addPipeline(55)) - Created pipeline Pipeline[ Id: e68a556c-608d-48a6-be74-abba576e5246, Nodes: 0a2d6f7b-f3b3-43fc-9f44-c893c3969faf{ip: 192.168.69.79, host: pr-hdds-2501-b5dhd-1197665634, networkLocation: /rack1, certSerialId: null}84c9c768-243c-47db-bab4-63e35b2a41a2{ip: 192.168.69.79, host: pr-hdds-2501-b5dhd-1197665634, networkLocation: /rack1, certSerialId: null}5140e110-8ff7-42a5-9b32-053ee4f24742{ip: 192.168.69.79, host: pr-hdds-2501-b5dhd-1197665634, networkLocation: /rack1, certSerialId: null}, Type:RATIS, Factor:THREE, State:ALLOCATED]
2019-11-16 00:26:32,668 [Thread-4071] INFO  pipeline.PipelineStateManager (PipelineStateManager.java:finalizePipeline(121)) - Pipeline Pipeline[ Id: 21b49901-299a-4a7c-9c90-2cb06e8179e8, Nodes: 69b8f75d-497f-4fe6-9dc7-b84f6827359d{ip: 192.168.69.79, host: pr-hdds-2501-b5dhd-1197665634, networkLocation: /rack1, certSerialId: null}, Type:RATIS, Factor:ONE, State:CLOSED] moved to CLOSED state
2019-11-16 00:26:32,670 [grpc-default-executor-9] INFO  impl.RaftServerProxy (RaftServerProxy.java:remove(95)) - 69b8f75d-497f-4fe6-9dc7-b84f6827359d: remove    LEADER 69b8f75d-497f-4fe6-9dc7-b84f6827359d@group-2CB06E8179E8:t1, leader=69b8f75d-497f-4fe6-9dc7-b84f6827359d, voted=69b8f75d-497f-4fe6-9dc7-b84f6827359d, raftlog=69b8f75d-497f-4fe6-9dc7-b84f6827359d@group-2CB06E8179E8-SegmentedRaftLog:OPENED:c0,f0,i0, conf=0: [69b8f75d-497f-4fe6-9dc7-b84f6827359d:192.168.69.79:44545], old=null RUNNING
2019-11-16 00:26:32,671 [grpc-default-executor-9] INFO  impl.RaftServerImpl (RaftServerImpl.java:lambda$shutdown$3(250)) - 69b8f75d-497f-4fe6-9dc7-b84f6827359d@group-2CB06E8179E8: shutdown
2019-11-16 00:26:32,671 [grpc-default-executor-9] INFO  util.JmxRegister (JmxRegister.java:unregister(73)) - Successfully un-registered JMX Bean with object name Ratis:service=RaftServer,group=group-2CB06E8179E8,id=69b8f75d-497f-4fe6-9dc7-b84f6827359d
2019-11-16 00:26:32,671 [grpc-default-executor-9] INFO  impl.RoleInfo (RoleInfo.java:shutdownLeaderState(104)) - 69b8f75d-497f-4fe6-9dc7-b84f6827359d: shutdown LeaderState
2019-11-16 00:26:32,671 [grpc-default-executor-9] INFO  impl.PendingRequests (PendingRequests.java:sendNotLeaderResponses(206)) - 69b8f75d-497f-4fe6-9dc7-b84f6827359d@group-2CB06E8179E8-PendingRequests: sendNotLeaderResponses
2019-11-16 00:26:32,671 [grpc-default-executor-9] INFO  impl.StateMachineUpdater (StateMachineUpdater.java:stopAndJoin(136)) - 69b8f75d-497f-4fe6-9dc7-b84f6827359d@group-2CB06E8179E8-StateMachineUpdater: set stopIndex = 0
2019-11-16 00:26:32,671 [grpc-default-executor-9] INFO  impl.RaftServerImpl (ServerState.java:close(387)) - 69b8f75d-497f-4fe6-9dc7-b84f6827359d@group-2CB06E8179E8: closes. applyIndex: 0
2019-11-16 00:26:32,671 [69b8f75d-497f-4fe6-9dc7-b84f6827359d@group-2CB06E8179E8-SegmentedRaftLogWorker] INFO  segmented.SegmentedRaftLogWorker (SegmentedRaftLogWorker.java:run(316)) - 69b8f75d-497f-4fe6-9dc7-b84f6827359d@group-2CB06E8179E8-SegmentedRaftLogWorker was interrupted, exiting. There are 0 tasks remaining in the queue.
2019-11-16 00:26:32,672 [grpc-default-executor-9] INFO  segmented.SegmentedRaftLogWorker (SegmentedRaftLogWorker.java:close(224)) - 69b8f75d-497f-4fe6-9dc7-b84f6827359d@group-2CB06E8179E8-SegmentedRaftLogWorker close()
2019-11-16 00:26:32,673 [Thread-4071] INFO  pipeline.PipelineStateManager (PipelineStateManager.java:removePipeline(106)) - Pipeline Pipeline[ Id: 21b49901-299a-4a7c-9c90-2cb06e8179e8, Nodes: 69b8f75d-497f-4fe6-9dc7-b84f6827359d{ip: 192.168.69.79, host: pr-hdds-2501-b5dhd-1197665634, networkLocation: /rack1, certSerialId: null}, Type:RATIS, Factor:ONE, State:CLOSED] removed from db
2019-11-16 00:26:32,673 [Thread-4071] INFO  pipeline.SCMPipelineManager (SCMPipelineManager.java:finalizeAndDestroyPipeline(315)) - destroying pipeline:Pipeline[ Id: 114bf210-1808-4ec6-9883-c467ad282b62, Nodes: 0a2d6f7b-f3b3-43fc-9f44-c893c3969faf{ip: 192.168.69.79, host: pr-hdds-2501-b5dhd-1197665634, networkLocation: /rack1, certSerialId: null}, Type:RATIS, Factor:ONE, State:OPEN]
2019-11-16 00:26:32,684 [grpc-default-executor-9] INFO  impl.RaftServerProxy (RaftServerProxy.java:addNew(89)) - 69b8f75d-497f-4fe6-9dc7-b84f6827359d: addNew group-169F38A0322C:[69b8f75d-497f-4fe6-9dc7-b84f6827359d:192.168.69.79:44545] returns group-169F38A0322C:java.util.concurrent.CompletableFuture@6484e87a[Not completed]
2019-11-16 00:26:32,685 [pool-540-thread-1] INFO  impl.RaftServerImpl (RaftServerImpl.java:<init>(98)) - 69b8f75d-497f-4fe6-9dc7-b84f6827359d: new RaftServerImpl for group-169F38A0322C:[69b8f75d-497f-4fe6-9dc7-b84f6827359d:192.168.69.79:44545] with ContainerStateMachine:uninitialized
2019-11-16 00:26:32,685 [pool-540-thread-1] INFO  server.RaftServerConfigKeys (ConfUtils.java:logGet(43)) - raft.server.rpc.timeout.min = 1s (custom)
2019-11-16 00:26:32,686 [pool-540-thread-1] INFO  server.RaftServerConfigKeys (ConfUtils.java:logGet(43)) - raft.server.rpc.timeout.max = 1200ms (custom)
2019-11-16 00:26:32,686 [pool-540-thread-1] INFO  server.RaftServerConfigKeys (ConfUtils.java:logGet(43)) - raft.server.rpcslowness.timeout = 120s (custom)
2019-11-16 00:26:32,686 [pool-540-thread-1] INFO  server.RaftServerConfigKeys (ConfUtils.java:logGet(43)) - raft.server.sleep.deviation.threshold = 300 (default)
2019-11-16 00:26:32,686 [pool-540-thread-1] INFO  server.RaftServerConfigKeys (ConfUtils.java:logGet(43)) - raft.server.log.appender.install.snapshot.enabled = false (custom)
2019-11-16 00:26:32,686 [pool-540-thread-1] INFO  impl.RaftServerImpl (ServerState.java:<init>(103)) - 69b8f75d-497f-4fe6-9dc7-b84f6827359d@group-169F38A0322C: ConfigurationManager, init=-1: [69b8f75d-497f-4fe6-9dc7-b84f6827359d:192.168.69.79:44545], old=null, confs=<EMPTY_MAP>
2019-11-16 00:26:32,686 [pool-540-thread-1] INFO  server.RaftServerConfigKeys (ConfUtils.java:logGet(43)) - raft.server.storage.dir = [/workdir/hadoop-ozone/integration-test/target/test-dir/MiniOzoneClusterImpl-ec73e7b8-24c6-4197-838c-bd0443d97e1c/datanode-3/data/ratis] (custom)
2019-11-16 00:26:32,687 [pool-540-thread-1] INFO  server.RaftServerConfigKeys (ConfUtils.java:logGet(43)) - raft.server.log.corruption.policy = EXCEPTION (default)
2019-11-16 00:26:32,687 [pool-540-thread-1] INFO  storage.RaftStorageDirectory (RaftStorageDirectory.java:analyzeStorage(246)) - The storage directory /workdir/hadoop-ozone/integration-test/target/test-dir/MiniOzoneClusterImpl-ec73e7b8-24c6-4197-838c-bd0443d97e1c/datanode-3/data/ratis/b832d6c3-3221-4337-b2a9-169f38a0322c does not exist. Creating ...
2019-11-16 00:26:32,700 [pool-540-thread-1] INFO  storage.RaftStorageDirectory (RaftStorageDirectory.java:tryLock(328)) - Lock on /workdir/hadoop-ozone/integration-test/target/test-dir/MiniOzoneClusterImpl-ec73e7b8-24c6-4197-838c-bd0443d97e1c/datanode-3/data/ratis/b832d6c3-3221-4337-b2a9-169f38a0322c/in_use.lock acquired by nodename 23786@pr-hdds-2501-b5dhd-1197665634
2019-11-16 00:26:32,714 [pool-540-thread-1] INFO  storage.RaftStorage (RaftStorage.java:format(84)) - Storage directory /workdir/hadoop-ozone/integration-test/target/test-dir/MiniOzoneClusterImpl-ec73e7b8-24c6-4197-838c-bd0443d97e1c/datanode-3/data/ratis/b832d6c3-3221-4337-b2a9-169f38a0322c has been successfully formatted.
2019-11-16 00:26:32,714 [pool-540-thread-1] INFO  ratis.ContainerStateMachine (ContainerStateMachine.java:loadSnapshot(223)) - group-169F38A0322C: The snapshot info is null. Setting the last applied indexto:(t:0, i:~)
2019-11-16 00:26:32,714 [pool-540-thread-1] INFO  server.RaftServerConfigKeys (ConfUtils.java:logGet(43)) - raft.server.notification.no-leader.timeout = 120s (custom)
2019-11-16 00:26:32,714 [pool-540-thread-1] INFO  server.RaftServerConfigKeys (ConfUtils.java:logGet(43)) - raft.server.log.use.memory = false (default)
2019-11-16 00:26:32,714 [pool-540-thread-1] INFO  server.RaftServerConfigKeys (ConfUtils.java:logGet(43)) - raft.server.log.purge.gap = 1000000 (custom)
2019-11-16 00:26:32,715 [pool-540-thread-1] INFO  server.RaftServerConfigKeys (ConfUtils.java:logGet(43)) - raft.server.log.appender.buffer.byte-limit = 33554432 (custom)
2019-11-16 00:26:32,715 [pool-540-thread-1] INFO  server.RaftServerConfigKeys (ConfUtils.java:logGet(43)) - raft.server.log.segment.size.max = 1048576 (custom)
2019-11-16 00:26:32,715 [pool-540-thread-1] INFO  server.RaftServerConfigKeys (ConfUtils.java:logGet(43)) - raft.server.log.segment.cache.num.max = 2 (custom)
2019-11-16 00:26:32,715 [pool-540-thread-1] INFO  segmented.SegmentedRaftLogWorker (SegmentedRaftLogWorker.java:<init>(173)) - new 69b8f75d-497f-4fe6-9dc7-b84f6827359d@group-169F38A0322C-SegmentedRaftLogWorker for RaftStorage:Storage Directory /workdir/hadoop-ozone/integration-test/target/test-dir/MiniOzoneClusterImpl-ec73e7b8-24c6-4197-838c-bd0443d97e1c/datanode-3/data/ratis/b832d6c3-3221-4337-b2a9-169f38a0322c
2019-11-16 00:26:32,715 [pool-540-thread-1] INFO  server.RaftServerConfigKeys (ConfUtils.java:logGet(43)) - raft.server.log.queue.byte-limit = 2147483647 (custom)
2019-11-16 00:26:32,715 [pool-540-thread-1] INFO  server.RaftServerConfigKeys (ConfUtils.java:logGet(43)) - raft.server.log.queue.element-limit = 1024 (custom)
2019-11-16 00:26:32,715 [pool-540-thread-1] INFO  server.RaftServerConfigKeys (ConfUtils.java:logGet(43)) - raft.server.log.segment.size.max = 1048576 (custom)
2019-11-16 00:26:32,716 [pool-540-thread-1] INFO  server.RaftServerConfigKeys (ConfUtils.java:logGet(43)) - raft.server.log.preallocated.size = 16384 (custom)
2019-11-16 00:26:32,716 [pool-540-thread-1] INFO  server.RaftServerConfigKeys (ConfUtils.java:logGet(43)) - raft.server.log.write.buffer.size = 33554432 (custom)
2019-11-16 00:26:32,716 [pool-540-thread-1] INFO  server.RaftServerConfigKeys (ConfUtils.java:logGet(43)) - raft.server.log.force.sync.num = 128 (default)
2019-11-16 00:26:32,716 [pool-540-thread-1] INFO  server.RaftServerConfigKeys (ConfUtils.java:logGet(43)) - raft.server.log.statemachine.data.sync = true (default)
2019-11-16 00:26:32,716 [pool-540-thread-1] INFO  server.RaftServerConfigKeys (ConfUtils.java:logGet(43)) - raft.server.log.statemachine.data.sync.timeout = 10s (default)
2019-11-16 00:26:32,716 [pool-540-thread-1] INFO  server.RaftServerConfigKeys (ConfUtils.java:logGet(43)) - raft.server.log.statemachine.data.sync.timeout.retry = -1 (default)
2019-11-16 00:26:32,716 [pool-540-thread-1] INFO  server.RaftServerConfigKeys (ConfUtils.java:logGet(43)) - raft.server.log.statemachine.data.caching.enabled = true (custom)
2019-11-16 00:26:32,717 [pool-540-thread-1] INFO  segmented.SegmentedRaftLogWorker (SegmentedRaftLogWorker.java:lambda$new$0(128)) - 69b8f75d-497f-4fe6-9dc7-b84f6827359d@group-169F38A0322C-SegmentedRaftLogWorker: flushIndex: setUnconditionally 0 -> -1
2019-11-16 00:26:32,717 [pool-540-thread-1] INFO  server.RaftServerConfigKeys (ConfUtils.java:logGet(43)) - raft.server.snapshot.auto.trigger.enabled = true (custom)
2019-11-16 00:26:32,717 [pool-540-thread-1] INFO  server.RaftServerConfigKeys (ConfUtils.java:logGet(43)) - raft.server.snapshot.auto.trigger.threshold = 10000 (custom)
2019-11-16 00:26:32,717 [pool-540-thread-1] INFO  server.RaftServerConfigKeys (ConfUtils.java:logGet(43)) - raft.server.snapshot.retention.file.num = 5 (custom)
2019-11-16 00:26:32,717 [pool-540-thread-1] INFO  server.RaftServerConfigKeys (ConfUtils.java:logGet(43)) - raft.server.retrycache.expirytime = 600000ms (custom)
2019-11-16 00:26:32,718 [pool-540-thread-1] WARN  impl.MetricRegistriesImpl (MetricRegistriesImpl.java:lambda$create$1(61)) - First MetricRegistry has been created without registering reporters. You may need to call MetricRegistries.global().addReportRegistration(...) before.
2019-11-16 00:26:32,718 [pool-540-thread-1] WARN  impl.MetricRegistriesImpl (MetricRegistriesImpl.java:lambda$create$1(61)) - First MetricRegistry has been created without registering reporters. You may need to call MetricRegistries.global().addReportRegistration(...) before.
2019-11-16 00:26:32,718 [pool-540-thread-1] INFO  impl.RaftServerImpl (RaftServerImpl.java:start(184)) - 69b8f75d-497f-4fe6-9dc7-b84f6827359d@group-169F38A0322C: start as a follower, conf=-1: [69b8f75d-497f-4fe6-9dc7-b84f6827359d:192.168.69.79:44545], old=null
2019-11-16 00:26:32,718 [pool-540-thread-1] INFO  impl.RaftServerImpl (RaftServerImpl.java:setRole(173)) - 69b8f75d-497f-4fe6-9dc7-b84f6827359d@group-169F38A0322C: changes role from      null to FOLLOWER at term 0 for startAsFollower
2019-11-16 00:26:32,718 [pool-540-thread-1] INFO  impl.RoleInfo (RoleInfo.java:updateAndGet(143)) - 69b8f75d-497f-4fe6-9dc7-b84f6827359d: start FollowerState
2019-11-16 00:26:32,719 [pool-540-thread-1] INFO  util.JmxRegister (JmxRegister.java:tryRegister(44)) - Successfully registered JMX Bean with object name Ratis:service=RaftServer,group=group-169F38A0322C,id=69b8f75d-497f-4fe6-9dc7-b84f6827359d
2019-11-16 00:26:32,719 [pool-540-thread-1] WARN  impl.MetricRegistriesImpl (MetricRegistriesImpl.java:lambda$create$1(61)) - First MetricRegistry has been created without registering reporters. You may need to call MetricRegistries.global().addReportRegistration(...) before.
2019-11-16 00:26:32,721 [RatisPipelineUtilsThread] INFO  pipeline.PipelineStateManager (PipelineStateManager.java:addPipeline(55)) - Created pipeline Pipeline[ Id: b832d6c3-3221-4337-b2a9-169f38a0322c, Nodes: 69b8f75d-497f-4fe6-9dc7-b84f6827359d{ip: 192.168.69.79, host: pr-hdds-2501-b5dhd-1197665634, networkLocation: /rack1, certSerialId: null}, Type:RATIS, Factor:ONE, State:ALLOCATED]
2019-11-16 00:26:32,721 [Thread-4071] INFO  pipeline.PipelineStateManager (PipelineStateManager.java:finalizePipeline(121)) - Pipeline Pipeline[ Id: 114bf210-1808-4ec6-9883-c467ad282b62, Nodes: 0a2d6f7b-f3b3-43fc-9f44-c893c3969faf{ip: 192.168.69.79, host: pr-hdds-2501-b5dhd-1197665634, networkLocation: /rack1, certSerialId: null}, Type:RATIS, Factor:ONE, State:CLOSED] moved to CLOSED state
2019-11-16 00:26:32,723 [grpc-default-executor-9] INFO  impl.RaftServerProxy (RaftServerProxy.java:remove(95)) - 0a2d6f7b-f3b3-43fc-9f44-c893c3969faf: remove    LEADER 0a2d6f7b-f3b3-43fc-9f44-c893c3969faf@group-C467AD282B62:t1, leader=0a2d6f7b-f3b3-43fc-9f44-c893c3969faf, voted=0a2d6f7b-f3b3-43fc-9f44-c893c3969faf, raftlog=0a2d6f7b-f3b3-43fc-9f44-c893c3969faf@group-C467AD282B62-SegmentedRaftLog:OPENED:c0,f0,i0, conf=0: [0a2d6f7b-f3b3-43fc-9f44-c893c3969faf:192.168.69.79:34899], old=null RUNNING
2019-11-16 00:26:32,723 [grpc-default-executor-9] INFO  impl.RaftServerImpl (RaftServerImpl.java:lambda$shutdown$3(250)) - 0a2d6f7b-f3b3-43fc-9f44-c893c3969faf@group-C467AD282B62: shutdown
2019-11-16 00:26:32,723 [grpc-default-executor-9] INFO  util.JmxRegister (JmxRegister.java:unregister(73)) - Successfully un-registered JMX Bean with object name Ratis:service=RaftServer,group=group-C467AD282B62,id=0a2d6f7b-f3b3-43fc-9f44-c893c3969faf
2019-11-16 00:26:32,723 [grpc-default-executor-9] INFO  impl.RoleInfo (RoleInfo.java:shutdownLeaderState(104)) - 0a2d6f7b-f3b3-43fc-9f44-c893c3969faf: shutdown LeaderState
2019-11-16 00:26:32,723 [grpc-default-executor-9] INFO  impl.PendingRequests (PendingRequests.java:sendNotLeaderResponses(206)) - 0a2d6f7b-f3b3-43fc-9f44-c893c3969faf@group-C467AD282B62-PendingRequests: sendNotLeaderResponses
2019-11-16 00:26:32,723 [grpc-default-executor-9] INFO  impl.StateMachineUpdater (StateMachineUpdater.java:stopAndJoin(136)) - 0a2d6f7b-f3b3-43fc-9f44-c893c3969faf@group-C467AD282B62-StateMachineUpdater: set stopIndex = 0
2019-11-16 00:26:32,724 [grpc-default-executor-9] INFO  impl.RaftServerImpl (ServerState.java:close(387)) - 0a2d6f7b-f3b3-43fc-9f44-c893c3969faf@group-C467AD282B62: closes. applyIndex: 0
2019-11-16 00:26:32,724 [0a2d6f7b-f3b3-43fc-9f44-c893c3969faf@group-C467AD282B62-SegmentedRaftLogWorker] INFO  segmented.SegmentedRaftLogWorker (SegmentedRaftLogWorker.java:run(316)) - 0a2d6f7b-f3b3-43fc-9f44-c893c3969faf@group-C467AD282B62-SegmentedRaftLogWorker was interrupted, exiting. There are 0 tasks remaining in the queue.
2019-11-16 00:26:32,724 [grpc-default-executor-9] INFO  segmented.SegmentedRaftLogWorker (SegmentedRaftLogWorker.java:close(224)) - 0a2d6f7b-f3b3-43fc-9f44-c893c3969faf@group-C467AD282B62-SegmentedRaftLogWorker close()
2019-11-16 00:26:32,726 [Thread-4071] INFO  pipeline.PipelineStateManager (PipelineStateManager.java:removePipeline(106)) - Pipeline Pipeline[ Id: 114bf210-1808-4ec6-9883-c467ad282b62, Nodes: 0a2d6f7b-f3b3-43fc-9f44-c893c3969faf{ip: 192.168.69.79, host: pr-hdds-2501-b5dhd-1197665634, networkLocation: /rack1, certSerialId: null}, Type:RATIS, Factor:ONE, State:CLOSED] removed from db
2019-11-16 00:26:32,726 [Thread-4071] INFO  pipeline.SCMPipelineManager (SCMPipelineManager.java:finalizeAndDestroyPipeline(315)) - destroying pipeline:Pipeline[ Id: 3b1ec54f-5aa8-4ccf-b02d-bd4a4212b13f, Nodes: a05a7939-ef6c-4534-b55b-b612829faca5{ip: 192.168.69.79, host: pr-hdds-2501-b5dhd-1197665634, networkLocation: /rack1, certSerialId: null}, Type:RATIS, Factor:ONE, State:OPEN]
2019-11-16 00:26:32,728 [grpc-default-executor-9] INFO  impl.RaftServerProxy (RaftServerProxy.java:addNew(89)) - 0a2d6f7b-f3b3-43fc-9f44-c893c3969faf: addNew group-DA670994ADD4:[0a2d6f7b-f3b3-43fc-9f44-c893c3969faf:192.168.69.79:34899] returns group-DA670994ADD4:java.util.concurrent.CompletableFuture@f376e50[Not completed]
2019-11-16 00:26:32,729 [pool-520-thread-1] INFO  impl.RaftServerImpl (RaftServerImpl.java:<init>(98)) - 0a2d6f7b-f3b3-43fc-9f44-c893c3969faf: new RaftServerImpl for group-DA670994ADD4:[0a2d6f7b-f3b3-43fc-9f44-c893c3969faf:192.168.69.79:34899] with ContainerStateMachine:uninitialized
2019-11-16 00:26:32,729 [pool-520-thread-1] INFO  server.RaftServerConfigKeys (ConfUtils.java:logGet(43)) - raft.server.rpc.timeout.min = 1s (custom)
2019-11-16 00:26:32,729 [pool-520-thread-1] INFO  server.RaftServerConfigKeys (ConfUtils.java:logGet(43)) - raft.server.rpc.timeout.max = 1200ms (custom)
2019-11-16 00:26:32,729 [pool-520-thread-1] INFO  server.RaftServerConfigKeys (ConfUtils.java:logGet(43)) - raft.server.rpcslowness.timeout = 120s (custom)
2019-11-16 00:26:32,729 [pool-520-thread-1] INFO  server.RaftServerConfigKeys (ConfUtils.java:logGet(43)) - raft.server.sleep.deviation.threshold = 300 (default)
2019-11-16 00:26:32,729 [pool-520-thread-1] INFO  server.RaftServerConfigKeys (ConfUtils.java:logGet(43)) - raft.server.log.appender.install.snapshot.enabled = false (custom)
2019-11-16 00:26:32,729 [pool-520-thread-1] INFO  impl.RaftServerImpl (ServerState.java:<init>(103)) - 0a2d6f7b-f3b3-43fc-9f44-c893c3969faf@group-DA670994ADD4: ConfigurationManager, init=-1: [0a2d6f7b-f3b3-43fc-9f44-c893c3969faf:192.168.69.79:34899], old=null, confs=<EMPTY_MAP>
2019-11-16 00:26:32,729 [pool-520-thread-1] INFO  server.RaftServerConfigKeys (ConfUtils.java:logGet(43)) - raft.server.storage.dir = [/workdir/hadoop-ozone/integration-test/target/test-dir/MiniOzoneClusterImpl-ec73e7b8-24c6-4197-838c-bd0443d97e1c/datanode-1/data/ratis] (custom)
2019-11-16 00:26:32,729 [pool-520-thread-1] INFO  server.RaftServerConfigKeys (ConfUtils.java:logGet(43)) - raft.server.log.corruption.policy = EXCEPTION (default)
2019-11-16 00:26:32,729 [pool-520-thread-1] INFO  storage.RaftStorageDirectory (RaftStorageDirectory.java:analyzeStorage(246)) - The storage directory /workdir/hadoop-ozone/integration-test/target/test-dir/MiniOzoneClusterImpl-ec73e7b8-24c6-4197-838c-bd0443d97e1c/datanode-1/data/ratis/f3d4c879-f055-4e95-8631-da670994add4 does not exist. Creating ...
2019-11-16 00:26:32,743 [pool-520-thread-1] INFO  storage.RaftStorageDirectory (RaftStorageDirectory.java:tryLock(328)) - Lock on /workdir/hadoop-ozone/integration-test/target/test-dir/MiniOzoneClusterImpl-ec73e7b8-24c6-4197-838c-bd0443d97e1c/datanode-1/data/ratis/f3d4c879-f055-4e95-8631-da670994add4/in_use.lock acquired by nodename 23786@pr-hdds-2501-b5dhd-1197665634
2019-11-16 00:26:32,756 [pool-520-thread-1] INFO  storage.RaftStorage (RaftStorage.java:format(84)) - Storage directory /workdir/hadoop-ozone/integration-test/target/test-dir/MiniOzoneClusterImpl-ec73e7b8-24c6-4197-838c-bd0443d97e1c/datanode-1/data/ratis/f3d4c879-f055-4e95-8631-da670994add4 has been successfully formatted.
2019-11-16 00:26:32,756 [pool-520-thread-1] INFO  ratis.ContainerStateMachine (ContainerStateMachine.java:loadSnapshot(223)) - group-DA670994ADD4: The snapshot info is null. Setting the last applied indexto:(t:0, i:~)
2019-11-16 00:26:32,756 [pool-520-thread-1] INFO  server.RaftServerConfigKeys (ConfUtils.java:logGet(43)) - raft.server.notification.no-leader.timeout = 120s (custom)
2019-11-16 00:26:32,756 [pool-520-thread-1] INFO  server.RaftServerConfigKeys (ConfUtils.java:logGet(43)) - raft.server.log.use.memory = false (default)
2019-11-16 00:26:32,757 [pool-520-thread-1] INFO  server.RaftServerConfigKeys (ConfUtils.java:logGet(43)) - raft.server.log.purge.gap = 1000000 (custom)
2019-11-16 00:26:32,757 [pool-520-thread-1] INFO  server.RaftServerConfigKeys (ConfUtils.java:logGet(43)) - raft.server.log.appender.buffer.byte-limit = 33554432 (custom)
2019-11-16 00:26:32,757 [pool-520-thread-1] INFO  server.RaftServerConfigKeys (ConfUtils.java:logGet(43)) - raft.server.log.segment.size.max = 1048576 (custom)
2019-11-16 00:26:32,757 [pool-520-thread-1] INFO  server.RaftServerConfigKeys (ConfUtils.java:logGet(43)) - raft.server.log.segment.cache.num.max = 2 (custom)
2019-11-16 00:26:32,757 [pool-520-thread-1] INFO  segmented.SegmentedRaftLogWorker (SegmentedRaftLogWorker.java:<init>(173)) - new 0a2d6f7b-f3b3-43fc-9f44-c893c3969faf@group-DA670994ADD4-SegmentedRaftLogWorker for RaftStorage:Storage Directory /workdir/hadoop-ozone/integration-test/target/test-dir/MiniOzoneClusterImpl-ec73e7b8-24c6-4197-838c-bd0443d97e1c/datanode-1/data/ratis/f3d4c879-f055-4e95-8631-da670994add4
2019-11-16 00:26:32,757 [pool-520-thread-1] INFO  server.RaftServerConfigKeys (ConfUtils.java:logGet(43)) - raft.server.log.queue.byte-limit = 2147483647 (custom)
2019-11-16 00:26:32,757 [pool-520-thread-1] INFO  server.RaftServerConfigKeys (ConfUtils.java:logGet(43)) - raft.server.log.queue.element-limit = 1024 (custom)
2019-11-16 00:26:32,757 [pool-520-thread-1] INFO  server.RaftServerConfigKeys (ConfUtils.java:logGet(43)) - raft.server.log.segment.size.max = 1048576 (custom)
2019-11-16 00:26:32,757 [pool-520-thread-1] INFO  server.RaftServerConfigKeys (ConfUtils.java:logGet(43)) - raft.server.log.preallocated.size = 16384 (custom)
2019-11-16 00:26:32,757 [pool-520-thread-1] INFO  server.RaftServerConfigKeys (ConfUtils.java:logGet(43)) - raft.server.log.write.buffer.size = 33554432 (custom)
2019-11-16 00:26:32,757 [pool-520-thread-1] INFO  server.RaftServerConfigKeys (ConfUtils.java:logGet(43)) - raft.server.log.force.sync.num = 128 (default)
2019-11-16 00:26:32,757 [pool-520-thread-1] INFO  server.RaftServerConfigKeys (ConfUtils.java:logGet(43)) - raft.server.log.statemachine.data.sync = true (default)
2019-11-16 00:26:32,757 [pool-520-thread-1] INFO  server.RaftServerConfigKeys (ConfUtils.java:logGet(43)) - raft.server.log.statemachine.data.sync.timeout = 10s (default)
2019-11-16 00:26:32,757 [pool-520-thread-1] INFO  server.RaftServerConfigKeys (ConfUtils.java:logGet(43)) - raft.server.log.statemachine.data.sync.timeout.retry = -1 (default)
2019-11-16 00:26:32,758 [pool-520-thread-1] INFO  server.RaftServerConfigKeys (ConfUtils.java:logGet(43)) - raft.server.log.statemachine.data.caching.enabled = true (custom)
2019-11-16 00:26:32,758 [pool-520-thread-1] INFO  segmented.SegmentedRaftLogWorker (SegmentedRaftLogWorker.java:lambda$new$0(128)) - 0a2d6f7b-f3b3-43fc-9f44-c893c3969faf@group-DA670994ADD4-SegmentedRaftLogWorker: flushIndex: setUnconditionally 0 -> -1
2019-11-16 00:26:32,758 [pool-520-thread-1] INFO  server.RaftServerConfigKeys (ConfUtils.java:logGet(43)) - raft.server.snapshot.auto.trigger.enabled = true (custom)
2019-11-16 00:26:32,758 [pool-520-thread-1] INFO  server.RaftServerConfigKeys (ConfUtils.java:logGet(43)) - raft.server.snapshot.auto.trigger.threshold = 10000 (custom)
2019-11-16 00:26:32,758 [pool-520-thread-1] INFO  server.RaftServerConfigKeys (ConfUtils.java:logGet(43)) - raft.server.snapshot.retention.file.num = 5 (custom)
2019-11-16 00:26:32,758 [pool-520-thread-1] INFO  server.RaftServerConfigKeys (ConfUtils.java:logGet(43)) - raft.server.retrycache.expirytime = 600000ms (custom)
2019-11-16 00:26:32,758 [pool-520-thread-1] WARN  impl.MetricRegistriesImpl (MetricRegistriesImpl.java:lambda$create$1(61)) - First MetricRegistry has been created without registering reporters. You may need to call MetricRegistries.global().addReportRegistration(...) before.
2019-11-16 00:26:32,758 [pool-520-thread-1] WARN  impl.MetricRegistriesImpl (MetricRegistriesImpl.java:lambda$create$1(61)) - First MetricRegistry has been created without registering reporters. You may need to call MetricRegistries.global().addReportRegistration(...) before.
2019-11-16 00:26:32,758 [pool-520-thread-1] INFO  impl.RaftServerImpl (RaftServerImpl.java:start(184)) - 0a2d6f7b-f3b3-43fc-9f44-c893c3969faf@group-DA670994ADD4: start as a follower, conf=-1: [0a2d6f7b-f3b3-43fc-9f44-c893c3969faf:192.168.69.79:34899], old=null
2019-11-16 00:26:32,759 [pool-520-thread-1] INFO  impl.RaftServerImpl (RaftServerImpl.java:setRole(173)) - 0a2d6f7b-f3b3-43fc-9f44-c893c3969faf@group-DA670994ADD4: changes role from      null to FOLLOWER at term 0 for startAsFollower
2019-11-16 00:26:32,759 [pool-520-thread-1] INFO  impl.RoleInfo (RoleInfo.java:updateAndGet(143)) - 0a2d6f7b-f3b3-43fc-9f44-c893c3969faf: start FollowerState
2019-11-16 00:26:32,759 [pool-520-thread-1] INFO  util.JmxRegister (JmxRegister.java:tryRegister(44)) - Successfully registered JMX Bean with object name Ratis:service=RaftServer,group=group-DA670994ADD4,id=0a2d6f7b-f3b3-43fc-9f44-c893c3969faf
2019-11-16 00:26:32,759 [pool-520-thread-1] WARN  impl.MetricRegistriesImpl (MetricRegistriesImpl.java:lambda$create$1(61)) - First MetricRegistry has been created without registering reporters. You may need to call MetricRegistries.global().addReportRegistration(...) before.
2019-11-16 00:26:32,761 [RatisPipelineUtilsThread] INFO  pipeline.PipelineStateManager (PipelineStateManager.java:addPipeline(55)) - Created pipeline Pipeline[ Id: f3d4c879-f055-4e95-8631-da670994add4, Nodes: 0a2d6f7b-f3b3-43fc-9f44-c893c3969faf{ip: 192.168.69.79, host: pr-hdds-2501-b5dhd-1197665634, networkLocation: /rack1, certSerialId: null}, Type:RATIS, Factor:ONE, State:ALLOCATED]
2019-11-16 00:26:32,761 [Thread-4071] INFO  pipeline.PipelineStateManager (PipelineStateManager.java:finalizePipeline(121)) - Pipeline Pipeline[ Id: 3b1ec54f-5aa8-4ccf-b02d-bd4a4212b13f, Nodes: a05a7939-ef6c-4534-b55b-b612829faca5{ip: 192.168.69.79, host: pr-hdds-2501-b5dhd-1197665634, networkLocation: /rack1, certSerialId: null}, Type:RATIS, Factor:ONE, State:CLOSED] moved to CLOSED state
2019-11-16 00:26:32,763 [grpc-default-executor-9] INFO  impl.RaftServerProxy (RaftServerProxy.java:remove(95)) - a05a7939-ef6c-4534-b55b-b612829faca5: remove    LEADER a05a7939-ef6c-4534-b55b-b612829faca5@group-BD4A4212B13F:t1, leader=a05a7939-ef6c-4534-b55b-b612829faca5, voted=a05a7939-ef6c-4534-b55b-b612829faca5, raftlog=a05a7939-ef6c-4534-b55b-b612829faca5@group-BD4A4212B13F-SegmentedRaftLog:OPENED:c0,f0,i0, conf=0: [a05a7939-ef6c-4534-b55b-b612829faca5:192.168.69.79:35267], old=null RUNNING
2019-11-16 00:26:32,764 [grpc-default-executor-9] INFO  impl.RaftServerImpl (RaftServerImpl.java:lambda$shutdown$3(250)) - a05a7939-ef6c-4534-b55b-b612829faca5@group-BD4A4212B13F: shutdown
2019-11-16 00:26:32,764 [grpc-default-executor-9] INFO  util.JmxRegister (JmxRegister.java:unregister(73)) - Successfully un-registered JMX Bean with object name Ratis:service=RaftServer,group=group-BD4A4212B13F,id=a05a7939-ef6c-4534-b55b-b612829faca5
2019-11-16 00:26:32,764 [grpc-default-executor-9] INFO  impl.RoleInfo (RoleInfo.java:shutdownLeaderState(104)) - a05a7939-ef6c-4534-b55b-b612829faca5: shutdown LeaderState
2019-11-16 00:26:32,764 [grpc-default-executor-9] INFO  impl.PendingRequests (PendingRequests.java:sendNotLeaderResponses(206)) - a05a7939-ef6c-4534-b55b-b612829faca5@group-BD4A4212B13F-PendingRequests: sendNotLeaderResponses
2019-11-16 00:26:32,764 [grpc-default-executor-9] INFO  impl.StateMachineUpdater (StateMachineUpdater.java:stopAndJoin(136)) - a05a7939-ef6c-4534-b55b-b612829faca5@group-BD4A4212B13F-StateMachineUpdater: set stopIndex = 0
2019-11-16 00:26:32,764 [grpc-default-executor-9] INFO  impl.RaftServerImpl (ServerState.java:close(387)) - a05a7939-ef6c-4534-b55b-b612829faca5@group-BD4A4212B13F: closes. applyIndex: 0
2019-11-16 00:26:32,765 [a05a7939-ef6c-4534-b55b-b612829faca5@group-BD4A4212B13F-SegmentedRaftLogWorker] INFO  segmented.SegmentedRaftLogWorker (SegmentedRaftLogWorker.java:run(316)) - a05a7939-ef6c-4534-b55b-b612829faca5@group-BD4A4212B13F-SegmentedRaftLogWorker was interrupted, exiting. There are 0 tasks remaining in the queue.
2019-11-16 00:26:32,765 [grpc-default-executor-9] INFO  segmented.SegmentedRaftLogWorker (SegmentedRaftLogWorker.java:close(224)) - a05a7939-ef6c-4534-b55b-b612829faca5@group-BD4A4212B13F-SegmentedRaftLogWorker close()
2019-11-16 00:26:32,766 [Thread-4071] INFO  pipeline.PipelineStateManager (PipelineStateManager.java:removePipeline(106)) - Pipeline Pipeline[ Id: 3b1ec54f-5aa8-4ccf-b02d-bd4a4212b13f, Nodes: a05a7939-ef6c-4534-b55b-b612829faca5{ip: 192.168.69.79, host: pr-hdds-2501-b5dhd-1197665634, networkLocation: /rack1, certSerialId: null}, Type:RATIS, Factor:ONE, State:CLOSED] removed from db
2019-11-16 00:26:32,767 [Thread-4071] INFO  pipeline.SCMPipelineManager (SCMPipelineManager.java:finalizeAndDestroyPipeline(315)) - destroying pipeline:Pipeline[ Id: 2f000000-7ffe-43e9-a2a0-fb1210d7284d, Nodes: 82886741-ea2e-41d6-b944-d04bb5a8b025{ip: 192.168.69.79, host: pr-hdds-2501-b5dhd-1197665634, networkLocation: /rack1, certSerialId: null}e887c5fb-6c7f-48d0-908d-014a119bd478{ip: 192.168.69.79, host: pr-hdds-2501-b5dhd-1197665634, networkLocation: /rack1, certSerialId: null}1d1fab7d-6382-4228-8566-b1891c590073{ip: 192.168.69.79, host: pr-hdds-2501-b5dhd-1197665634, networkLocation: /rack1, certSerialId: null}, Type:RATIS, Factor:THREE, State:OPEN]
2019-11-16 00:26:32,769 [grpc-default-executor-9] INFO  impl.RaftServerProxy (RaftServerProxy.java:addNew(89)) - a05a7939-ef6c-4534-b55b-b612829faca5: addNew group-B5E5C2DA4F1E:[a05a7939-ef6c-4534-b55b-b612829faca5:192.168.69.79:35267] returns group-B5E5C2DA4F1E:java.util.concurrent.CompletableFuture@57ecd42d[Not completed]
2019-11-16 00:26:32,770 [pool-550-thread-1] INFO  impl.RaftServerImpl (RaftServerImpl.java:<init>(98)) - a05a7939-ef6c-4534-b55b-b612829faca5: new RaftServerImpl for group-B5E5C2DA4F1E:[a05a7939-ef6c-4534-b55b-b612829faca5:192.168.69.79:35267] with ContainerStateMachine:uninitialized
2019-11-16 00:26:32,770 [pool-550-thread-1] INFO  server.RaftServerConfigKeys (ConfUtils.java:logGet(43)) - raft.server.rpc.timeout.min = 1s (custom)
2019-11-16 00:26:32,770 [pool-550-thread-1] INFO  server.RaftServerConfigKeys (ConfUtils.java:logGet(43)) - raft.server.rpc.timeout.max = 1200ms (custom)
2019-11-16 00:26:32,770 [pool-550-thread-1] INFO  server.RaftServerConfigKeys (ConfUtils.java:logGet(43)) - raft.server.rpcslowness.timeout = 120s (custom)
2019-11-16 00:26:32,770 [pool-550-thread-1] INFO  server.RaftServerConfigKeys (ConfUtils.java:logGet(43)) - raft.server.sleep.deviation.threshold = 300 (default)
2019-11-16 00:26:32,771 [pool-550-thread-1] INFO  server.RaftServerConfigKeys (ConfUtils.java:logGet(43)) - raft.server.log.appender.install.snapshot.enabled = false (custom)
2019-11-16 00:26:32,771 [pool-550-thread-1] INFO  impl.RaftServerImpl (ServerState.java:<init>(103)) - a05a7939-ef6c-4534-b55b-b612829faca5@group-B5E5C2DA4F1E: ConfigurationManager, init=-1: [a05a7939-ef6c-4534-b55b-b612829faca5:192.168.69.79:35267], old=null, confs=<EMPTY_MAP>
2019-11-16 00:26:32,771 [pool-550-thread-1] INFO  server.RaftServerConfigKeys (ConfUtils.java:logGet(43)) - raft.server.storage.dir = [/workdir/hadoop-ozone/integration-test/target/test-dir/MiniOzoneClusterImpl-ec73e7b8-24c6-4197-838c-bd0443d97e1c/datanode-4/data/ratis] (custom)
2019-11-16 00:26:32,771 [pool-550-thread-1] INFO  server.RaftServerConfigKeys (ConfUtils.java:logGet(43)) - raft.server.log.corruption.policy = EXCEPTION (default)
2019-11-16 00:26:32,771 [pool-550-thread-1] INFO  storage.RaftStorageDirectory (RaftStorageDirectory.java:analyzeStorage(246)) - The storage directory /workdir/hadoop-ozone/integration-test/target/test-dir/MiniOzoneClusterImpl-ec73e7b8-24c6-4197-838c-bd0443d97e1c/datanode-4/data/ratis/cedbb18d-f47f-4d3d-bb36-b5e5c2da4f1e does not exist. Creating ...
2019-11-16 00:26:32,784 [pool-550-thread-1] INFO  storage.RaftStorageDirectory (RaftStorageDirectory.java:tryLock(328)) - Lock on /workdir/hadoop-ozone/integration-test/target/test-dir/MiniOzoneClusterImpl-ec73e7b8-24c6-4197-838c-bd0443d97e1c/datanode-4/data/ratis/cedbb18d-f47f-4d3d-bb36-b5e5c2da4f1e/in_use.lock acquired by nodename 23786@pr-hdds-2501-b5dhd-1197665634
2019-11-16 00:26:32,798 [pool-550-thread-1] INFO  storage.RaftStorage (RaftStorage.java:format(84)) - Storage directory /workdir/hadoop-ozone/integration-test/target/test-dir/MiniOzoneClusterImpl-ec73e7b8-24c6-4197-838c-bd0443d97e1c/datanode-4/data/ratis/cedbb18d-f47f-4d3d-bb36-b5e5c2da4f1e has been successfully formatted.
2019-11-16 00:26:32,798 [pool-550-thread-1] INFO  ratis.ContainerStateMachine (ContainerStateMachine.java:loadSnapshot(223)) - group-B5E5C2DA4F1E: The snapshot info is null. Setting the last applied indexto:(t:0, i:~)
2019-11-16 00:26:32,798 [pool-550-thread-1] INFO  server.RaftServerConfigKeys (ConfUtils.java:logGet(43)) - raft.server.notification.no-leader.timeout = 120s (custom)
2019-11-16 00:26:32,799 [pool-550-thread-1] INFO  server.RaftServerConfigKeys (ConfUtils.java:logGet(43)) - raft.server.log.use.memory = false (default)
2019-11-16 00:26:32,799 [pool-550-thread-1] INFO  server.RaftServerConfigKeys (ConfUtils.java:logGet(43)) - raft.server.log.purge.gap = 1000000 (custom)
2019-11-16 00:26:32,799 [pool-550-thread-1] INFO  server.RaftServerConfigKeys (ConfUtils.java:logGet(43)) - raft.server.log.appender.buffer.byte-limit = 33554432 (custom)
2019-11-16 00:26:32,799 [pool-550-thread-1] INFO  server.RaftServerConfigKeys (ConfUtils.java:logGet(43)) - raft.server.log.segment.size.max = 1048576 (custom)
2019-11-16 00:26:32,799 [pool-550-thread-1] INFO  server.RaftServerConfigKeys (ConfUtils.java:logGet(43)) - raft.server.log.segment.cache.num.max = 2 (custom)
2019-11-16 00:26:32,799 [pool-550-thread-1] INFO  segmented.SegmentedRaftLogWorker (SegmentedRaftLogWorker.java:<init>(173)) - new a05a7939-ef6c-4534-b55b-b612829faca5@group-B5E5C2DA4F1E-SegmentedRaftLogWorker for RaftStorage:Storage Directory /workdir/hadoop-ozone/integration-test/target/test-dir/MiniOzoneClusterImpl-ec73e7b8-24c6-4197-838c-bd0443d97e1c/datanode-4/data/ratis/cedbb18d-f47f-4d3d-bb36-b5e5c2da4f1e
2019-11-16 00:26:32,799 [pool-550-thread-1] INFO  server.RaftServerConfigKeys (ConfUtils.java:logGet(43)) - raft.server.log.queue.byte-limit = 2147483647 (custom)
2019-11-16 00:26:32,799 [pool-550-thread-1] INFO  server.RaftServerConfigKeys (ConfUtils.java:logGet(43)) - raft.server.log.queue.element-limit = 1024 (custom)
2019-11-16 00:26:32,800 [pool-550-thread-1] INFO  server.RaftServerConfigKeys (ConfUtils.java:logGet(43)) - raft.server.log.segment.size.max = 1048576 (custom)
2019-11-16 00:26:32,800 [pool-550-thread-1] INFO  server.RaftServerConfigKeys (ConfUtils.java:logGet(43)) - raft.server.log.preallocated.size = 16384 (custom)
2019-11-16 00:26:32,800 [pool-550-thread-1] INFO  server.RaftServerConfigKeys (ConfUtils.java:logGet(43)) - raft.server.log.write.buffer.size = 33554432 (custom)
2019-11-16 00:26:32,800 [pool-550-thread-1] INFO  server.RaftServerConfigKeys (ConfUtils.java:logGet(43)) - raft.server.log.force.sync.num = 128 (default)
2019-11-16 00:26:32,800 [pool-550-thread-1] INFO  server.RaftServerConfigKeys (ConfUtils.java:logGet(43)) - raft.server.log.statemachine.data.sync = true (default)
2019-11-16 00:26:32,800 [pool-550-thread-1] INFO  server.RaftServerConfigKeys (ConfUtils.java:logGet(43)) - raft.server.log.statemachine.data.sync.timeout = 10s (default)
2019-11-16 00:26:32,800 [pool-550-thread-1] INFO  server.RaftServerConfigKeys (ConfUtils.java:logGet(43)) - raft.server.log.statemachine.data.sync.timeout.retry = -1 (default)
2019-11-16 00:26:32,800 [pool-550-thread-1] INFO  server.RaftServerConfigKeys (ConfUtils.java:logGet(43)) - raft.server.log.statemachine.data.caching.enabled = true (custom)
2019-11-16 00:26:32,801 [pool-550-thread-1] INFO  segmented.SegmentedRaftLogWorker (SegmentedRaftLogWorker.java:lambda$new$0(128)) - a05a7939-ef6c-4534-b55b-b612829faca5@group-B5E5C2DA4F1E-SegmentedRaftLogWorker: flushIndex: setUnconditionally 0 -> -1
2019-11-16 00:26:32,801 [pool-550-thread-1] INFO  server.RaftServerConfigKeys (ConfUtils.java:logGet(43)) - raft.server.snapshot.auto.trigger.enabled = true (custom)
2019-11-16 00:26:32,801 [pool-550-thread-1] INFO  server.RaftServerConfigKeys (ConfUtils.java:logGet(43)) - raft.server.snapshot.auto.trigger.threshold = 10000 (custom)
2019-11-16 00:26:32,801 [pool-550-thread-1] INFO  server.RaftServerConfigKeys (ConfUtils.java:logGet(43)) - raft.server.snapshot.retention.file.num = 5 (custom)
2019-11-16 00:26:32,801 [pool-550-thread-1] INFO  server.RaftServerConfigKeys (ConfUtils.java:logGet(43)) - raft.server.retrycache.expirytime = 600000ms (custom)
2019-11-16 00:26:32,805 [pool-550-thread-1] WARN  impl.MetricRegistriesImpl (MetricRegistriesImpl.java:lambda$create$1(61)) - First MetricRegistry has been created without registering reporters. You may need to call MetricRegistries.global().addReportRegistration(...) before.
2019-11-16 00:26:32,805 [pool-550-thread-1] WARN  impl.MetricRegistriesImpl (MetricRegistriesImpl.java:lambda$create$1(61)) - First MetricRegistry has been created without registering reporters. You may need to call MetricRegistries.global().addReportRegistration(...) before.
2019-11-16 00:26:32,805 [pool-550-thread-1] INFO  impl.RaftServerImpl (RaftServerImpl.java:start(184)) - a05a7939-ef6c-4534-b55b-b612829faca5@group-B5E5C2DA4F1E: start as a follower, conf=-1: [a05a7939-ef6c-4534-b55b-b612829faca5:192.168.69.79:35267], old=null
2019-11-16 00:26:32,805 [pool-550-thread-1] INFO  impl.RaftServerImpl (RaftServerImpl.java:setRole(173)) - a05a7939-ef6c-4534-b55b-b612829faca5@group-B5E5C2DA4F1E: changes role from      null to FOLLOWER at term 0 for startAsFollower
2019-11-16 00:26:32,806 [pool-550-thread-1] INFO  impl.RoleInfo (RoleInfo.java:updateAndGet(143)) - a05a7939-ef6c-4534-b55b-b612829faca5: start FollowerState
2019-11-16 00:26:32,806 [pool-550-thread-1] INFO  util.JmxRegister (JmxRegister.java:tryRegister(44)) - Successfully registered JMX Bean with object name Ratis:service=RaftServer,group=group-B5E5C2DA4F1E,id=a05a7939-ef6c-4534-b55b-b612829faca5
2019-11-16 00:26:32,806 [pool-550-thread-1] WARN  impl.MetricRegistriesImpl (MetricRegistriesImpl.java:lambda$create$1(61)) - First MetricRegistry has been created without registering reporters. You may need to call MetricRegistries.global().addReportRegistration(...) before.
2019-11-16 00:26:32,808 [RatisPipelineUtilsThread] INFO  pipeline.PipelineStateManager (PipelineStateManager.java:addPipeline(55)) - Created pipeline Pipeline[ Id: cedbb18d-f47f-4d3d-bb36-b5e5c2da4f1e, Nodes: a05a7939-ef6c-4534-b55b-b612829faca5{ip: 192.168.69.79, host: pr-hdds-2501-b5dhd-1197665634, networkLocation: /rack1, certSerialId: null}, Type:RATIS, Factor:ONE, State:ALLOCATED]
2019-11-16 00:26:32,809 [Thread-4071] INFO  pipeline.PipelineStateManager (PipelineStateManager.java:finalizePipeline(121)) - Pipeline Pipeline[ Id: 2f000000-7ffe-43e9-a2a0-fb1210d7284d, Nodes: 82886741-ea2e-41d6-b944-d04bb5a8b025{ip: 192.168.69.79, host: pr-hdds-2501-b5dhd-1197665634, networkLocation: /rack1, certSerialId: null}e887c5fb-6c7f-48d0-908d-014a119bd478{ip: 192.168.69.79, host: pr-hdds-2501-b5dhd-1197665634, networkLocation: /rack1, certSerialId: null}1d1fab7d-6382-4228-8566-b1891c590073{ip: 192.168.69.79, host: pr-hdds-2501-b5dhd-1197665634, networkLocation: /rack1, certSerialId: null}, Type:RATIS, Factor:THREE, State:CLOSED] moved to CLOSED state
2019-11-16 00:26:32,813 [grpc-default-executor-1] INFO  impl.RaftServerProxy (RaftServerProxy.java:addNew(89)) - 1d1fab7d-6382-4228-8566-b1891c590073: addNew group-5F246D87C751:[82886741-ea2e-41d6-b944-d04bb5a8b025:192.168.69.79:37949, 1d1fab7d-6382-4228-8566-b1891c590073:192.168.69.79:34425, e887c5fb-6c7f-48d0-908d-014a119bd478:192.168.69.79:44398] returns group-5F246D87C751:java.util.concurrent.CompletableFuture@872acfe[Not completed]
2019-11-16 00:26:32,813 [grpc-default-executor-1] INFO  impl.RaftServerProxy (RaftServerProxy.java:addNew(89)) - 82886741-ea2e-41d6-b944-d04bb5a8b025: addNew group-5F246D87C751:[82886741-ea2e-41d6-b944-d04bb5a8b025:192.168.69.79:37949, 1d1fab7d-6382-4228-8566-b1891c590073:192.168.69.79:34425, e887c5fb-6c7f-48d0-908d-014a119bd478:192.168.69.79:44398] returns group-5F246D87C751:java.util.concurrent.CompletableFuture@4c61dcb3[Not completed]
2019-11-16 00:26:32,814 [grpc-default-executor-2] INFO  impl.RaftServerProxy (RaftServerProxy.java:remove(95)) - 82886741-ea2e-41d6-b944-d04bb5a8b025: remove  FOLLOWER 82886741-ea2e-41d6-b944-d04bb5a8b025@group-FB1210D7284D:t1, leader=e887c5fb-6c7f-48d0-908d-014a119bd478, voted=e887c5fb-6c7f-48d0-908d-014a119bd478, raftlog=82886741-ea2e-41d6-b944-d04bb5a8b025@group-FB1210D7284D-SegmentedRaftLog:OPENED:c0,f0,i0, conf=0: [82886741-ea2e-41d6-b944-d04bb5a8b025:192.168.69.79:37949, 1d1fab7d-6382-4228-8566-b1891c590073:192.168.69.79:34425, e887c5fb-6c7f-48d0-908d-014a119bd478:192.168.69.79:44398], old=null RUNNING
2019-11-16 00:26:32,814 [grpc-default-executor-9] INFO  impl.RaftServerProxy (RaftServerProxy.java:addNew(89)) - e887c5fb-6c7f-48d0-908d-014a119bd478: addNew group-5F246D87C751:[82886741-ea2e-41d6-b944-d04bb5a8b025:192.168.69.79:37949, 1d1fab7d-6382-4228-8566-b1891c590073:192.168.69.79:34425, e887c5fb-6c7f-48d0-908d-014a119bd478:192.168.69.79:44398] returns group-5F246D87C751:java.util.concurrent.CompletableFuture@3047f30b[Not completed]
2019-11-16 00:26:32,814 [grpc-default-executor-2] INFO  impl.RaftServerImpl (RaftServerImpl.java:lambda$shutdown$3(250)) - 82886741-ea2e-41d6-b944-d04bb5a8b025@group-FB1210D7284D: shutdown
2019-11-16 00:26:32,814 [pool-600-thread-1] INFO  impl.RaftServerImpl (RaftServerImpl.java:<init>(98)) - 1d1fab7d-6382-4228-8566-b1891c590073: new RaftServerImpl for group-5F246D87C751:[82886741-ea2e-41d6-b944-d04bb5a8b025:192.168.69.79:37949, 1d1fab7d-6382-4228-8566-b1891c590073:192.168.69.79:34425, e887c5fb-6c7f-48d0-908d-014a119bd478:192.168.69.79:44398] with ContainerStateMachine:uninitialized
2019-11-16 00:26:32,814 [grpc-default-executor-2] INFO  util.JmxRegister (JmxRegister.java:unregister(73)) - Successfully un-registered JMX Bean with object name Ratis:service=RaftServer,group=group-FB1210D7284D,id=82886741-ea2e-41d6-b944-d04bb5a8b025
2019-11-16 00:26:32,814 [pool-600-thread-1] INFO  server.RaftServerConfigKeys (ConfUtils.java:logGet(43)) - raft.server.rpc.timeout.min = 1s (custom)
2019-11-16 00:26:32,814 [pool-570-thread-1] INFO  impl.RaftServerImpl (RaftServerImpl.java:<init>(98)) - 82886741-ea2e-41d6-b944-d04bb5a8b025: new RaftServerImpl for group-5F246D87C751:[82886741-ea2e-41d6-b944-d04bb5a8b025:192.168.69.79:37949, 1d1fab7d-6382-4228-8566-b1891c590073:192.168.69.79:34425, e887c5fb-6c7f-48d0-908d-014a119bd478:192.168.69.79:44398] with ContainerStateMachine:uninitialized
2019-11-16 00:26:32,814 [grpc-default-executor-2] INFO  impl.RoleInfo (RoleInfo.java:shutdownFollowerState(121)) - 82886741-ea2e-41d6-b944-d04bb5a8b025: shutdown FollowerState
2019-11-16 00:26:32,815 [pool-570-thread-1] INFO  server.RaftServerConfigKeys (ConfUtils.java:logGet(43)) - raft.server.rpc.timeout.min = 1s (custom)
2019-11-16 00:26:32,815 [pool-600-thread-1] INFO  server.RaftServerConfigKeys (ConfUtils.java:logGet(43)) - raft.server.rpc.timeout.max = 1200ms (custom)
2019-11-16 00:26:32,815 [Thread-4177] INFO  impl.FollowerState (FollowerState.java:run(120)) - 82886741-ea2e-41d6-b944-d04bb5a8b025@group-FB1210D7284D-FollowerState was interrupted: java.lang.InterruptedException: sleep interrupted
2019-11-16 00:26:32,815 [pool-570-thread-1] INFO  server.RaftServerConfigKeys (ConfUtils.java:logGet(43)) - raft.server.rpc.timeout.max = 1200ms (custom)
2019-11-16 00:26:32,815 [grpc-default-executor-2] INFO  impl.StateMachineUpdater (StateMachineUpdater.java:stopAndJoin(136)) - 82886741-ea2e-41d6-b944-d04bb5a8b025@group-FB1210D7284D-StateMachineUpdater: set stopIndex = 0
2019-11-16 00:26:32,815 [pool-570-thread-1] INFO  server.RaftServerConfigKeys (ConfUtils.java:logGet(43)) - raft.server.rpcslowness.timeout = 120s (custom)
2019-11-16 00:26:32,815 [pool-600-thread-1] INFO  server.RaftServerConfigKeys (ConfUtils.java:logGet(43)) - raft.server.rpcslowness.timeout = 120s (custom)
2019-11-16 00:26:32,815 [pool-580-thread-1] INFO  impl.RaftServerImpl (RaftServerImpl.java:<init>(98)) - e887c5fb-6c7f-48d0-908d-014a119bd478: new RaftServerImpl for group-5F246D87C751:[82886741-ea2e-41d6-b944-d04bb5a8b025:192.168.69.79:37949, 1d1fab7d-6382-4228-8566-b1891c590073:192.168.69.79:34425, e887c5fb-6c7f-48d0-908d-014a119bd478:192.168.69.79:44398] with ContainerStateMachine:uninitialized
2019-11-16 00:26:32,815 [pool-570-thread-1] INFO  server.RaftServerConfigKeys (ConfUtils.java:logGet(43)) - raft.server.sleep.deviation.threshold = 300 (default)
2019-11-16 00:26:32,815 [grpc-default-executor-2] INFO  impl.RaftServerImpl (ServerState.java:close(387)) - 82886741-ea2e-41d6-b944-d04bb5a8b025@group-FB1210D7284D: closes. applyIndex: 0
2019-11-16 00:26:32,816 [pool-570-thread-1] INFO  server.RaftServerConfigKeys (ConfUtils.java:logGet(43)) - raft.server.log.appender.install.snapshot.enabled = false (custom)
2019-11-16 00:26:32,816 [82886741-ea2e-41d6-b944-d04bb5a8b025@group-FB1210D7284D-SegmentedRaftLogWorker] INFO  segmented.SegmentedRaftLogWorker (SegmentedRaftLogWorker.java:run(316)) - 82886741-ea2e-41d6-b944-d04bb5a8b025@group-FB1210D7284D-SegmentedRaftLogWorker was interrupted, exiting. There are 0 tasks remaining in the queue.
2019-11-16 00:26:32,816 [pool-570-thread-1] INFO  impl.RaftServerImpl (ServerState.java:<init>(103)) - 82886741-ea2e-41d6-b944-d04bb5a8b025@group-5F246D87C751: ConfigurationManager, init=-1: [82886741-ea2e-41d6-b944-d04bb5a8b025:192.168.69.79:37949, 1d1fab7d-6382-4228-8566-b1891c590073:192.168.69.79:34425, e887c5fb-6c7f-48d0-908d-014a119bd478:192.168.69.79:44398], old=null, confs=<EMPTY_MAP>
2019-11-16 00:26:32,816 [pool-580-thread-1] INFO  server.RaftServerConfigKeys (ConfUtils.java:logGet(43)) - raft.server.rpc.timeout.min = 1s (custom)
2019-11-16 00:26:32,815 [pool-600-thread-1] INFO  server.RaftServerConfigKeys (ConfUtils.java:logGet(43)) - raft.server.sleep.deviation.threshold = 300 (default)
2019-11-16 00:26:32,816 [pool-580-thread-1] INFO  server.RaftServerConfigKeys (ConfUtils.java:logGet(43)) - raft.server.rpc.timeout.max = 1200ms (custom)
2019-11-16 00:26:32,816 [pool-570-thread-1] INFO  server.RaftServerConfigKeys (ConfUtils.java:logGet(43)) - raft.server.storage.dir = [/workdir/hadoop-ozone/integration-test/target/test-dir/MiniOzoneClusterImpl-ec73e7b8-24c6-4197-838c-bd0443d97e1c/datanode-6/data/ratis] (custom)
2019-11-16 00:26:32,816 [grpc-default-executor-2] INFO  segmented.SegmentedRaftLogWorker (SegmentedRaftLogWorker.java:close(224)) - 82886741-ea2e-41d6-b944-d04bb5a8b025@group-FB1210D7284D-SegmentedRaftLogWorker close()
2019-11-16 00:26:32,817 [pool-580-thread-1] INFO  server.RaftServerConfigKeys (ConfUtils.java:logGet(43)) - raft.server.rpcslowness.timeout = 120s (custom)
2019-11-16 00:26:32,817 [pool-600-thread-1] INFO  server.RaftServerConfigKeys (ConfUtils.java:logGet(43)) - raft.server.log.appender.install.snapshot.enabled = false (custom)
2019-11-16 00:26:32,817 [pool-580-thread-1] INFO  server.RaftServerConfigKeys (ConfUtils.java:logGet(43)) - raft.server.sleep.deviation.threshold = 300 (default)
2019-11-16 00:26:32,817 [pool-570-thread-1] INFO  server.RaftServerConfigKeys (ConfUtils.java:logGet(43)) - raft.server.log.corruption.policy = EXCEPTION (default)
2019-11-16 00:26:32,817 [pool-580-thread-1] INFO  server.RaftServerConfigKeys (ConfUtils.java:logGet(43)) - raft.server.log.appender.install.snapshot.enabled = false (custom)
2019-11-16 00:26:32,818 [pool-570-thread-1] INFO  storage.RaftStorageDirectory (RaftStorageDirectory.java:analyzeStorage(246)) - The storage directory /workdir/hadoop-ozone/integration-test/target/test-dir/MiniOzoneClusterImpl-ec73e7b8-24c6-4197-838c-bd0443d97e1c/datanode-6/data/ratis/1bad0bf1-bdbb-4e45-b448-5f246d87c751 does not exist. Creating ...
2019-11-16 00:26:32,817 [pool-600-thread-1] INFO  impl.RaftServerImpl (ServerState.java:<init>(103)) - 1d1fab7d-6382-4228-8566-b1891c590073@group-5F246D87C751: ConfigurationManager, init=-1: [82886741-ea2e-41d6-b944-d04bb5a8b025:192.168.69.79:37949, 1d1fab7d-6382-4228-8566-b1891c590073:192.168.69.79:34425, e887c5fb-6c7f-48d0-908d-014a119bd478:192.168.69.79:44398], old=null, confs=<EMPTY_MAP>
2019-11-16 00:26:32,818 [pool-580-thread-1] INFO  impl.RaftServerImpl (ServerState.java:<init>(103)) - e887c5fb-6c7f-48d0-908d-014a119bd478@group-5F246D87C751: ConfigurationManager, init=-1: [82886741-ea2e-41d6-b944-d04bb5a8b025:192.168.69.79:37949, 1d1fab7d-6382-4228-8566-b1891c590073:192.168.69.79:34425, e887c5fb-6c7f-48d0-908d-014a119bd478:192.168.69.79:44398], old=null, confs=<EMPTY_MAP>
2019-11-16 00:26:32,818 [pool-600-thread-1] INFO  server.RaftServerConfigKeys (ConfUtils.java:logGet(43)) - raft.server.storage.dir = [/workdir/hadoop-ozone/integration-test/target/test-dir/MiniOzoneClusterImpl-ec73e7b8-24c6-4197-838c-bd0443d97e1c/datanode-9/data/ratis] (custom)
2019-11-16 00:26:32,818 [pool-580-thread-1] INFO  server.RaftServerConfigKeys (ConfUtils.java:logGet(43)) - raft.server.storage.dir = [/workdir/hadoop-ozone/integration-test/target/test-dir/MiniOzoneClusterImpl-ec73e7b8-24c6-4197-838c-bd0443d97e1c/datanode-7/data/ratis] (custom)
2019-11-16 00:26:32,818 [pool-600-thread-1] INFO  server.RaftServerConfigKeys (ConfUtils.java:logGet(43)) - raft.server.log.corruption.policy = EXCEPTION (default)
2019-11-16 00:26:32,818 [pool-580-thread-1] INFO  server.RaftServerConfigKeys (ConfUtils.java:logGet(43)) - raft.server.log.corruption.policy = EXCEPTION (default)
2019-11-16 00:26:32,818 [pool-600-thread-1] INFO  storage.RaftStorageDirectory (RaftStorageDirectory.java:analyzeStorage(246)) - The storage directory /workdir/hadoop-ozone/integration-test/target/test-dir/MiniOzoneClusterImpl-ec73e7b8-24c6-4197-838c-bd0443d97e1c/datanode-9/data/ratis/1bad0bf1-bdbb-4e45-b448-5f246d87c751 does not exist. Creating ...
2019-11-16 00:26:32,819 [pool-580-thread-1] INFO  storage.RaftStorageDirectory (RaftStorageDirectory.java:analyzeStorage(246)) - The storage directory /workdir/hadoop-ozone/integration-test/target/test-dir/MiniOzoneClusterImpl-ec73e7b8-24c6-4197-838c-bd0443d97e1c/datanode-7/data/ratis/1bad0bf1-bdbb-4e45-b448-5f246d87c751 does not exist. Creating ...
2019-11-16 00:26:32,821 [grpc-default-executor-2] INFO  impl.RaftServerProxy (RaftServerProxy.java:remove(95)) - e887c5fb-6c7f-48d0-908d-014a119bd478: remove    LEADER e887c5fb-6c7f-48d0-908d-014a119bd478@group-FB1210D7284D:t1, leader=e887c5fb-6c7f-48d0-908d-014a119bd478, voted=e887c5fb-6c7f-48d0-908d-014a119bd478, raftlog=e887c5fb-6c7f-48d0-908d-014a119bd478@group-FB1210D7284D-SegmentedRaftLog:OPENED:c0,f0,i0, conf=0: [82886741-ea2e-41d6-b944-d04bb5a8b025:192.168.69.79:37949, 1d1fab7d-6382-4228-8566-b1891c590073:192.168.69.79:34425, e887c5fb-6c7f-48d0-908d-014a119bd478:192.168.69.79:44398], old=null RUNNING
2019-11-16 00:26:32,821 [grpc-default-executor-2] INFO  impl.RaftServerImpl (RaftServerImpl.java:lambda$shutdown$3(250)) - e887c5fb-6c7f-48d0-908d-014a119bd478@group-FB1210D7284D: shutdown
2019-11-16 00:26:32,821 [grpc-default-executor-2] INFO  util.JmxRegister (JmxRegister.java:unregister(73)) - Successfully un-registered JMX Bean with object name Ratis:service=RaftServer,group=group-FB1210D7284D,id=e887c5fb-6c7f-48d0-908d-014a119bd478
2019-11-16 00:26:32,821 [grpc-default-executor-2] INFO  impl.RoleInfo (RoleInfo.java:shutdownLeaderState(104)) - e887c5fb-6c7f-48d0-908d-014a119bd478: shutdown LeaderState
2019-11-16 00:26:32,826 [grpc-default-executor-2] INFO  impl.PendingRequests (PendingRequests.java:sendNotLeaderResponses(206)) - e887c5fb-6c7f-48d0-908d-014a119bd478@group-FB1210D7284D-PendingRequests: sendNotLeaderResponses
2019-11-16 00:26:32,826 [org.apache.ratis.server.impl.LogAppender$AppenderDaemon$$Lambda$427/371179679@41ad0f6c] WARN  server.GrpcLogAppender (GrpcLogAppender.java:mayWait(151)) - e887c5fb-6c7f-48d0-908d-014a119bd478@group-FB1210D7284D->1d1fab7d-6382-4228-8566-b1891c590073-GrpcLogAppender: Wait interrupted by java.lang.InterruptedException
2019-11-16 00:26:32,826 [grpc-default-executor-2] INFO  impl.StateMachineUpdater (StateMachineUpdater.java:stopAndJoin(136)) - e887c5fb-6c7f-48d0-908d-014a119bd478@group-FB1210D7284D-StateMachineUpdater: set stopIndex = 0
2019-11-16 00:26:32,826 [org.apache.ratis.server.impl.LogAppender$AppenderDaemon$$Lambda$427/371179679@4af819d] WARN  server.GrpcLogAppender (GrpcLogAppender.java:mayWait(151)) - e887c5fb-6c7f-48d0-908d-014a119bd478@group-FB1210D7284D->82886741-ea2e-41d6-b944-d04bb5a8b025-GrpcLogAppender: Wait interrupted by java.lang.InterruptedException
2019-11-16 00:26:32,826 [grpc-default-executor-2] INFO  impl.RaftServerImpl (ServerState.java:close(387)) - e887c5fb-6c7f-48d0-908d-014a119bd478@group-FB1210D7284D: closes. applyIndex: 0
2019-11-16 00:26:32,827 [grpc-default-executor-9] INFO  server.GrpcServerProtocolService (GrpcServerProtocolService.java:onCompleted(113)) - 1d1fab7d-6382-4228-8566-b1891c590073: Completed APPEND_ENTRIES, lastRequest: e887c5fb-6c7f-48d0-908d-014a119bd478->1d1fab7d-6382-4228-8566-b1891c590073#4-t1, previous=(t:1, i:0), leaderCommit=0, initializing? false, entries: <empty>
2019-11-16 00:26:32,827 [grpc-default-executor-1] INFO  server.GrpcServerProtocolService (GrpcServerProtocolService.java:onCompleted(113)) - 82886741-ea2e-41d6-b944-d04bb5a8b025: Completed APPEND_ENTRIES, lastRequest: e887c5fb-6c7f-48d0-908d-014a119bd478->82886741-ea2e-41d6-b944-d04bb5a8b025#4-t1, previous=(t:1, i:0), leaderCommit=0, initializing? false, entries: <empty>
2019-11-16 00:26:32,827 [e887c5fb-6c7f-48d0-908d-014a119bd478@group-FB1210D7284D-SegmentedRaftLogWorker] INFO  segmented.SegmentedRaftLogWorker (SegmentedRaftLogWorker.java:run(316)) - e887c5fb-6c7f-48d0-908d-014a119bd478@group-FB1210D7284D-SegmentedRaftLogWorker was interrupted, exiting. There are 0 tasks remaining in the queue.
2019-11-16 00:26:32,827 [grpc-default-executor-1] INFO  server.GrpcLogAppender (GrpcLogAppender.java:onCompleted(308)) - e887c5fb-6c7f-48d0-908d-014a119bd478@group-FB1210D7284D->1d1fab7d-6382-4228-8566-b1891c590073-AppendLogResponseHandler: follower responses appendEntries COMPLETED
2019-11-16 00:26:32,827 [grpc-default-executor-3] INFO  server.GrpcLogAppender (GrpcLogAppender.java:onCompleted(308)) - e887c5fb-6c7f-48d0-908d-014a119bd478@group-FB1210D7284D->82886741-ea2e-41d6-b944-d04bb5a8b025-AppendLogResponseHandler: follower responses appendEntries COMPLETED
2019-11-16 00:26:32,827 [grpc-default-executor-2] INFO  segmented.SegmentedRaftLogWorker (SegmentedRaftLogWorker.java:close(224)) - e887c5fb-6c7f-48d0-908d-014a119bd478@group-FB1210D7284D-SegmentedRaftLogWorker close()
2019-11-16 00:26:32,828 [grpc-default-executor-1] INFO  impl.FollowerInfo (FollowerInfo.java:lambda$new$0(51)) - e887c5fb-6c7f-48d0-908d-014a119bd478@group-FB1210D7284D->1d1fab7d-6382-4228-8566-b1891c590073: nextIndex: updateUnconditionally 1 -> 0
2019-11-16 00:26:32,828 [grpc-default-executor-3] INFO  impl.FollowerInfo (FollowerInfo.java:lambda$new$0(51)) - e887c5fb-6c7f-48d0-908d-014a119bd478@group-FB1210D7284D->82886741-ea2e-41d6-b944-d04bb5a8b025: nextIndex: updateUnconditionally 1 -> 0
2019-11-16 00:26:32,831 [grpc-default-executor-2] INFO  impl.RaftServerProxy (RaftServerProxy.java:remove(95)) - 1d1fab7d-6382-4228-8566-b1891c590073: remove  FOLLOWER 1d1fab7d-6382-4228-8566-b1891c590073@group-FB1210D7284D:t1, leader=e887c5fb-6c7f-48d0-908d-014a119bd478, voted=e887c5fb-6c7f-48d0-908d-014a119bd478, raftlog=1d1fab7d-6382-4228-8566-b1891c590073@group-FB1210D7284D-SegmentedRaftLog:OPENED:c0,f0,i0, conf=0: [82886741-ea2e-41d6-b944-d04bb5a8b025:192.168.69.79:37949, 1d1fab7d-6382-4228-8566-b1891c590073:192.168.69.79:34425, e887c5fb-6c7f-48d0-908d-014a119bd478:192.168.69.79:44398], old=null RUNNING
2019-11-16 00:26:32,831 [grpc-default-executor-2] INFO  impl.RaftServerImpl (RaftServerImpl.java:lambda$shutdown$3(250)) - 1d1fab7d-6382-4228-8566-b1891c590073@group-FB1210D7284D: shutdown
2019-11-16 00:26:32,831 [grpc-default-executor-2] INFO  util.JmxRegister (JmxRegister.java:unregister(73)) - Successfully un-registered JMX Bean with object name Ratis:service=RaftServer,group=group-FB1210D7284D,id=1d1fab7d-6382-4228-8566-b1891c590073
2019-11-16 00:26:32,831 [grpc-default-executor-2] INFO  impl.RoleInfo (RoleInfo.java:shutdownFollowerState(121)) - 1d1fab7d-6382-4228-8566-b1891c590073: shutdown FollowerState
2019-11-16 00:26:32,831 [pool-570-thread-1] INFO  storage.RaftStorageDirectory (RaftStorageDirectory.java:tryLock(328)) - Lock on /workdir/hadoop-ozone/integration-test/target/test-dir/MiniOzoneClusterImpl-ec73e7b8-24c6-4197-838c-bd0443d97e1c/datanode-6/data/ratis/1bad0bf1-bdbb-4e45-b448-5f246d87c751/in_use.lock acquired by nodename 23786@pr-hdds-2501-b5dhd-1197665634
2019-11-16 00:26:32,831 [pool-600-thread-1] INFO  storage.RaftStorageDirectory (RaftStorageDirectory.java:tryLock(328)) - Lock on /workdir/hadoop-ozone/integration-test/target/test-dir/MiniOzoneClusterImpl-ec73e7b8-24c6-4197-838c-bd0443d97e1c/datanode-9/data/ratis/1bad0bf1-bdbb-4e45-b448-5f246d87c751/in_use.lock acquired by nodename 23786@pr-hdds-2501-b5dhd-1197665634
2019-11-16 00:26:32,831 [pool-580-thread-1] INFO  storage.RaftStorageDirectory (RaftStorageDirectory.java:tryLock(328)) - Lock on /workdir/hadoop-ozone/integration-test/target/test-dir/MiniOzoneClusterImpl-ec73e7b8-24c6-4197-838c-bd0443d97e1c/datanode-7/data/ratis/1bad0bf1-bdbb-4e45-b448-5f246d87c751/in_use.lock acquired by nodename 23786@pr-hdds-2501-b5dhd-1197665634
2019-11-16 00:26:32,832 [Thread-4178] INFO  impl.FollowerState (FollowerState.java:run(120)) - 1d1fab7d-6382-4228-8566-b1891c590073@group-FB1210D7284D-FollowerState was interrupted: java.lang.InterruptedException: sleep interrupted
2019-11-16 00:26:32,832 [grpc-default-executor-2] INFO  impl.StateMachineUpdater (StateMachineUpdater.java:stopAndJoin(136)) - 1d1fab7d-6382-4228-8566-b1891c590073@group-FB1210D7284D-StateMachineUpdater: set stopIndex = 0
2019-11-16 00:26:32,832 [grpc-default-executor-2] INFO  impl.RaftServerImpl (ServerState.java:close(387)) - 1d1fab7d-6382-4228-8566-b1891c590073@group-FB1210D7284D: closes. applyIndex: 0
2019-11-16 00:26:32,833 [1d1fab7d-6382-4228-8566-b1891c590073@group-FB1210D7284D-SegmentedRaftLogWorker] INFO  segmented.SegmentedRaftLogWorker (SegmentedRaftLogWorker.java:run(316)) - 1d1fab7d-6382-4228-8566-b1891c590073@group-FB1210D7284D-SegmentedRaftLogWorker was interrupted, exiting. There are 0 tasks remaining in the queue.
2019-11-16 00:26:32,833 [grpc-default-executor-2] INFO  segmented.SegmentedRaftLogWorker (SegmentedRaftLogWorker.java:close(224)) - 1d1fab7d-6382-4228-8566-b1891c590073@group-FB1210D7284D-SegmentedRaftLogWorker close()
2019-11-16 00:26:32,846 [pool-580-thread-1] INFO  storage.RaftStorage (RaftStorage.java:format(84)) - Storage directory /workdir/hadoop-ozone/integration-test/target/test-dir/MiniOzoneClusterImpl-ec73e7b8-24c6-4197-838c-bd0443d97e1c/datanode-7/data/ratis/1bad0bf1-bdbb-4e45-b448-5f246d87c751 has been successfully formatted.
2019-11-16 00:26:32,846 [pool-570-thread-1] INFO  storage.RaftStorage (RaftStorage.java:format(84)) - Storage directory /workdir/hadoop-ozone/integration-test/target/test-dir/MiniOzoneClusterImpl-ec73e7b8-24c6-4197-838c-bd0443d97e1c/datanode-6/data/ratis/1bad0bf1-bdbb-4e45-b448-5f246d87c751 has been successfully formatted.
2019-11-16 00:26:32,846 [pool-600-thread-1] INFO  storage.RaftStorage (RaftStorage.java:format(84)) - Storage directory /workdir/hadoop-ozone/integration-test/target/test-dir/MiniOzoneClusterImpl-ec73e7b8-24c6-4197-838c-bd0443d97e1c/datanode-9/data/ratis/1bad0bf1-bdbb-4e45-b448-5f246d87c751 has been successfully formatted.
2019-11-16 00:26:32,846 [pool-570-thread-1] INFO  ratis.ContainerStateMachine (ContainerStateMachine.java:loadSnapshot(223)) - group-5F246D87C751: The snapshot info is null. Setting the last applied indexto:(t:0, i:~)
2019-11-16 00:26:32,847 [pool-600-thread-1] INFO  ratis.ContainerStateMachine (ContainerStateMachine.java:loadSnapshot(223)) - group-5F246D87C751: The snapshot info is null. Setting the last applied indexto:(t:0, i:~)
2019-11-16 00:26:32,846 [pool-580-thread-1] INFO  ratis.ContainerStateMachine (ContainerStateMachine.java:loadSnapshot(223)) - group-5F246D87C751: The snapshot info is null. Setting the last applied indexto:(t:0, i:~)
2019-11-16 00:26:32,847 [pool-600-thread-1] INFO  server.RaftServerConfigKeys (ConfUtils.java:logGet(43)) - raft.server.notification.no-leader.timeout = 120s (custom)
2019-11-16 00:26:32,847 [pool-570-thread-1] INFO  server.RaftServerConfigKeys (ConfUtils.java:logGet(43)) - raft.server.notification.no-leader.timeout = 120s (custom)
2019-11-16 00:26:32,847 [pool-600-thread-1] INFO  server.RaftServerConfigKeys (ConfUtils.java:logGet(43)) - raft.server.log.use.memory = false (default)
2019-11-16 00:26:32,847 [pool-580-thread-1] INFO  server.RaftServerConfigKeys (ConfUtils.java:logGet(43)) - raft.server.notification.no-leader.timeout = 120s (custom)
2019-11-16 00:26:32,847 [pool-600-thread-1] INFO  server.RaftServerConfigKeys (ConfUtils.java:logGet(43)) - raft.server.log.purge.gap = 1000000 (custom)
2019-11-16 00:26:32,847 [pool-570-thread-1] INFO  server.RaftServerConfigKeys (ConfUtils.java:logGet(43)) - raft.server.log.use.memory = false (default)
2019-11-16 00:26:32,847 [pool-600-thread-1] INFO  server.RaftServerConfigKeys (ConfUtils.java:logGet(43)) - raft.server.log.appender.buffer.byte-limit = 33554432 (custom)
2019-11-16 00:26:32,847 [pool-580-thread-1] INFO  server.RaftServerConfigKeys (ConfUtils.java:logGet(43)) - raft.server.log.use.memory = false (default)
2019-11-16 00:26:32,847 [pool-600-thread-1] INFO  server.RaftServerConfigKeys (ConfUtils.java:logGet(43)) - raft.server.log.segment.size.max = 1048576 (custom)
2019-11-16 00:26:32,847 [pool-570-thread-1] INFO  server.RaftServerConfigKeys (ConfUtils.java:logGet(43)) - raft.server.log.purge.gap = 1000000 (custom)
2019-11-16 00:26:32,848 [pool-600-thread-1] INFO  server.RaftServerConfigKeys (ConfUtils.java:logGet(43)) - raft.server.log.segment.cache.num.max = 2 (custom)
2019-11-16 00:26:32,848 [pool-580-thread-1] INFO  server.RaftServerConfigKeys (ConfUtils.java:logGet(43)) - raft.server.log.purge.gap = 1000000 (custom)
2019-11-16 00:26:32,848 [pool-600-thread-1] INFO  segmented.SegmentedRaftLogWorker (SegmentedRaftLogWorker.java:<init>(173)) - new 1d1fab7d-6382-4228-8566-b1891c590073@group-5F246D87C751-SegmentedRaftLogWorker for RaftStorage:Storage Directory /workdir/hadoop-ozone/integration-test/target/test-dir/MiniOzoneClusterImpl-ec73e7b8-24c6-4197-838c-bd0443d97e1c/datanode-9/data/ratis/1bad0bf1-bdbb-4e45-b448-5f246d87c751
2019-11-16 00:26:32,848 [pool-570-thread-1] INFO  server.RaftServerConfigKeys (ConfUtils.java:logGet(43)) - raft.server.log.appender.buffer.byte-limit = 33554432 (custom)
2019-11-16 00:26:32,848 [pool-600-thread-1] INFO  server.RaftServerConfigKeys (ConfUtils.java:logGet(43)) - raft.server.log.queue.byte-limit = 2147483647 (custom)
2019-11-16 00:26:32,848 [pool-580-thread-1] INFO  server.RaftServerConfigKeys (ConfUtils.java:logGet(43)) - raft.server.log.appender.buffer.byte-limit = 33554432 (custom)
2019-11-16 00:26:32,848 [pool-600-thread-1] INFO  server.RaftServerConfigKeys (ConfUtils.java:logGet(43)) - raft.server.log.queue.element-limit = 1024 (custom)
2019-11-16 00:26:32,848 [pool-570-thread-1] INFO  server.RaftServerConfigKeys (ConfUtils.java:logGet(43)) - raft.server.log.segment.size.max = 1048576 (custom)
2019-11-16 00:26:32,848 [pool-600-thread-1] INFO  server.RaftServerConfigKeys (ConfUtils.java:logGet(43)) - raft.server.log.segment.size.max = 1048576 (custom)
2019-11-16 00:26:32,848 [pool-580-thread-1] INFO  server.RaftServerConfigKeys (ConfUtils.java:logGet(43)) - raft.server.log.segment.size.max = 1048576 (custom)
2019-11-16 00:26:32,849 [pool-600-thread-1] INFO  server.RaftServerConfigKeys (ConfUtils.java:logGet(43)) - raft.server.log.preallocated.size = 16384 (custom)
2019-11-16 00:26:32,849 [pool-570-thread-1] INFO  server.RaftServerConfigKeys (ConfUtils.java:logGet(43)) - raft.server.log.segment.cache.num.max = 2 (custom)
2019-11-16 00:26:32,849 [pool-600-thread-1] INFO  server.RaftServerConfigKeys (ConfUtils.java:logGet(43)) - raft.server.log.write.buffer.size = 33554432 (custom)
2019-11-16 00:26:32,849 [pool-580-thread-1] INFO  server.RaftServerConfigKeys (ConfUtils.java:logGet(43)) - raft.server.log.segment.cache.num.max = 2 (custom)
2019-11-16 00:26:32,849 [pool-600-thread-1] INFO  server.RaftServerConfigKeys (ConfUtils.java:logGet(43)) - raft.server.log.force.sync.num = 128 (default)
2019-11-16 00:26:32,849 [pool-570-thread-1] INFO  segmented.SegmentedRaftLogWorker (SegmentedRaftLogWorker.java:<init>(173)) - new 82886741-ea2e-41d6-b944-d04bb5a8b025@group-5F246D87C751-SegmentedRaftLogWorker for RaftStorage:Storage Directory /workdir/hadoop-ozone/integration-test/target/test-dir/MiniOzoneClusterImpl-ec73e7b8-24c6-4197-838c-bd0443d97e1c/datanode-6/data/ratis/1bad0bf1-bdbb-4e45-b448-5f246d87c751
2019-11-16 00:26:32,849 [pool-600-thread-1] INFO  server.RaftServerConfigKeys (ConfUtils.java:logGet(43)) - raft.server.log.statemachine.data.sync = true (default)
2019-11-16 00:26:32,849 [pool-600-thread-1] INFO  server.RaftServerConfigKeys (ConfUtils.java:logGet(43)) - raft.server.log.statemachine.data.sync.timeout = 10s (default)
2019-11-16 00:26:32,849 [pool-580-thread-1] INFO  segmented.SegmentedRaftLogWorker (SegmentedRaftLogWorker.java:<init>(173)) - new e887c5fb-6c7f-48d0-908d-014a119bd478@group-5F246D87C751-SegmentedRaftLogWorker for RaftStorage:Storage Directory /workdir/hadoop-ozone/integration-test/target/test-dir/MiniOzoneClusterImpl-ec73e7b8-24c6-4197-838c-bd0443d97e1c/datanode-7/data/ratis/1bad0bf1-bdbb-4e45-b448-5f246d87c751
2019-11-16 00:26:32,850 [pool-600-thread-1] INFO  server.RaftServerConfigKeys (ConfUtils.java:logGet(43)) - raft.server.log.statemachine.data.sync.timeout.retry = -1 (default)
2019-11-16 00:26:32,849 [pool-570-thread-1] INFO  server.RaftServerConfigKeys (ConfUtils.java:logGet(43)) - raft.server.log.queue.byte-limit = 2147483647 (custom)
2019-11-16 00:26:32,850 [pool-600-thread-1] INFO  server.RaftServerConfigKeys (ConfUtils.java:logGet(43)) - raft.server.log.statemachine.data.caching.enabled = true (custom)
2019-11-16 00:26:32,850 [pool-580-thread-1] INFO  server.RaftServerConfigKeys (ConfUtils.java:logGet(43)) - raft.server.log.queue.byte-limit = 2147483647 (custom)
2019-11-16 00:26:32,850 [pool-570-thread-1] INFO  server.RaftServerConfigKeys (ConfUtils.java:logGet(43)) - raft.server.log.queue.element-limit = 1024 (custom)
2019-11-16 00:26:32,850 [pool-600-thread-1] INFO  segmented.SegmentedRaftLogWorker (SegmentedRaftLogWorker.java:lambda$new$0(128)) - 1d1fab7d-6382-4228-8566-b1891c590073@group-5F246D87C751-SegmentedRaftLogWorker: flushIndex: setUnconditionally 0 -> -1
2019-11-16 00:26:32,850 [pool-580-thread-1] INFO  server.RaftServerConfigKeys (ConfUtils.java:logGet(43)) - raft.server.log.queue.element-limit = 1024 (custom)
2019-11-16 00:26:32,850 [pool-570-thread-1] INFO  server.RaftServerConfigKeys (ConfUtils.java:logGet(43)) - raft.server.log.segment.size.max = 1048576 (custom)
2019-11-16 00:26:32,850 [pool-600-thread-1] INFO  server.RaftServerConfigKeys (ConfUtils.java:logGet(43)) - raft.server.snapshot.auto.trigger.enabled = true (custom)
2019-11-16 00:26:32,850 [pool-580-thread-1] INFO  server.RaftServerConfigKeys (ConfUtils.java:logGet(43)) - raft.server.log.segment.size.max = 1048576 (custom)
2019-11-16 00:26:32,851 [pool-600-thread-1] INFO  server.RaftServerConfigKeys (ConfUtils.java:logGet(43)) - raft.server.snapshot.auto.trigger.threshold = 10000 (custom)
2019-11-16 00:26:32,851 [pool-570-thread-1] INFO  server.RaftServerConfigKeys (ConfUtils.java:logGet(43)) - raft.server.log.preallocated.size = 16384 (custom)
2019-11-16 00:26:32,851 [pool-600-thread-1] INFO  server.RaftServerConfigKeys (ConfUtils.java:logGet(43)) - raft.server.snapshot.retention.file.num = 5 (custom)
2019-11-16 00:26:32,851 [pool-580-thread-1] INFO  server.RaftServerConfigKeys (ConfUtils.java:logGet(43)) - raft.server.log.preallocated.size = 16384 (custom)
2019-11-16 00:26:32,851 [pool-600-thread-1] INFO  server.RaftServerConfigKeys (ConfUtils.java:logGet(43)) - raft.server.retrycache.expirytime = 600000ms (custom)
2019-11-16 00:26:32,851 [pool-570-thread-1] INFO  server.RaftServerConfigKeys (ConfUtils.java:logGet(43)) - raft.server.log.write.buffer.size = 33554432 (custom)
2019-11-16 00:26:32,851 [pool-600-thread-1] WARN  impl.MetricRegistriesImpl (MetricRegistriesImpl.java:lambda$create$1(61)) - First MetricRegistry has been created without registering reporters. You may need to call MetricRegistries.global().addReportRegistration(...) before.
2019-11-16 00:26:32,851 [pool-580-thread-1] INFO  server.RaftServerConfigKeys (ConfUtils.java:logGet(43)) - raft.server.log.write.buffer.size = 33554432 (custom)
2019-11-16 00:26:32,851 [pool-600-thread-1] WARN  impl.MetricRegistriesImpl (MetricRegistriesImpl.java:lambda$create$1(61)) - First MetricRegistry has been created without registering reporters. You may need to call MetricRegistries.global().addReportRegistration(...) before.
2019-11-16 00:26:32,851 [pool-570-thread-1] INFO  server.RaftServerConfigKeys (ConfUtils.java:logGet(43)) - raft.server.log.force.sync.num = 128 (default)
2019-11-16 00:26:32,852 [pool-600-thread-1] INFO  impl.RaftServerImpl (RaftServerImpl.java:start(184)) - 1d1fab7d-6382-4228-8566-b1891c590073@group-5F246D87C751: start as a follower, conf=-1: [82886741-ea2e-41d6-b944-d04bb5a8b025:192.168.69.79:37949, 1d1fab7d-6382-4228-8566-b1891c590073:192.168.69.79:34425, e887c5fb-6c7f-48d0-908d-014a119bd478:192.168.69.79:44398], old=null
2019-11-16 00:26:32,852 [pool-580-thread-1] INFO  server.RaftServerConfigKeys (ConfUtils.java:logGet(43)) - raft.server.log.force.sync.num = 128 (default)
2019-11-16 00:26:32,852 [pool-600-thread-1] INFO  impl.RaftServerImpl (RaftServerImpl.java:setRole(173)) - 1d1fab7d-6382-4228-8566-b1891c590073@group-5F246D87C751: changes role from      null to FOLLOWER at term 0 for startAsFollower
2019-11-16 00:26:32,852 [pool-570-thread-1] INFO  server.RaftServerConfigKeys (ConfUtils.java:logGet(43)) - raft.server.log.statemachine.data.sync = true (default)
2019-11-16 00:26:32,852 [pool-600-thread-1] INFO  impl.RoleInfo (RoleInfo.java:updateAndGet(143)) - 1d1fab7d-6382-4228-8566-b1891c590073: start FollowerState
2019-11-16 00:26:32,852 [pool-580-thread-1] INFO  server.RaftServerConfigKeys (ConfUtils.java:logGet(43)) - raft.server.log.statemachine.data.sync = true (default)
2019-11-16 00:26:32,852 [pool-570-thread-1] INFO  server.RaftServerConfigKeys (ConfUtils.java:logGet(43)) - raft.server.log.statemachine.data.sync.timeout = 10s (default)
2019-11-16 00:26:32,852 [pool-580-thread-1] INFO  server.RaftServerConfigKeys (ConfUtils.java:logGet(43)) - raft.server.log.statemachine.data.sync.timeout = 10s (default)
2019-11-16 00:26:32,852 [pool-600-thread-1] INFO  util.JmxRegister (JmxRegister.java:tryRegister(44)) - Successfully registered JMX Bean with object name Ratis:service=RaftServer,group=group-5F246D87C751,id=1d1fab7d-6382-4228-8566-b1891c590073
2019-11-16 00:26:32,852 [pool-570-thread-1] INFO  server.RaftServerConfigKeys (ConfUtils.java:logGet(43)) - raft.server.log.statemachine.data.sync.timeout.retry = -1 (default)
2019-11-16 00:26:32,853 [pool-600-thread-1] WARN  impl.MetricRegistriesImpl (MetricRegistriesImpl.java:lambda$create$1(61)) - First MetricRegistry has been created without registering reporters. You may need to call MetricRegistries.global().addReportRegistration(...) before.
2019-11-16 00:26:32,853 [pool-580-thread-1] INFO  server.RaftServerConfigKeys (ConfUtils.java:logGet(43)) - raft.server.log.statemachine.data.sync.timeout.retry = -1 (default)
2019-11-16 00:26:32,853 [pool-570-thread-1] INFO  server.RaftServerConfigKeys (ConfUtils.java:logGet(43)) - raft.server.log.statemachine.data.caching.enabled = true (custom)
2019-11-16 00:26:32,853 [pool-580-thread-1] INFO  server.RaftServerConfigKeys (ConfUtils.java:logGet(43)) - raft.server.log.statemachine.data.caching.enabled = true (custom)
2019-11-16 00:26:32,853 [pool-570-thread-1] INFO  segmented.SegmentedRaftLogWorker (SegmentedRaftLogWorker.java:lambda$new$0(128)) - 82886741-ea2e-41d6-b944-d04bb5a8b025@group-5F246D87C751-SegmentedRaftLogWorker: flushIndex: setUnconditionally 0 -> -1
2019-11-16 00:26:32,853 [pool-580-thread-1] INFO  segmented.SegmentedRaftLogWorker (SegmentedRaftLogWorker.java:lambda$new$0(128)) - e887c5fb-6c7f-48d0-908d-014a119bd478@group-5F246D87C751-SegmentedRaftLogWorker: flushIndex: setUnconditionally 0 -> -1
2019-11-16 00:26:32,854 [pool-570-thread-1] INFO  server.RaftServerConfigKeys (ConfUtils.java:logGet(43)) - raft.server.snapshot.auto.trigger.enabled = true (custom)
2019-11-16 00:26:32,854 [pool-580-thread-1] INFO  server.RaftServerConfigKeys (ConfUtils.java:logGet(43)) - raft.server.snapshot.auto.trigger.enabled = true (custom)
2019-11-16 00:26:32,854 [pool-570-thread-1] INFO  server.RaftServerConfigKeys (ConfUtils.java:logGet(43)) - raft.server.snapshot.auto.trigger.threshold = 10000 (custom)
2019-11-16 00:26:32,854 [pool-580-thread-1] INFO  server.RaftServerConfigKeys (ConfUtils.java:logGet(43)) - raft.server.snapshot.auto.trigger.threshold = 10000 (custom)
2019-11-16 00:26:32,854 [pool-570-thread-1] INFO  server.RaftServerConfigKeys (ConfUtils.java:logGet(43)) - raft.server.snapshot.retention.file.num = 5 (custom)
2019-11-16 00:26:32,854 [pool-580-thread-1] INFO  server.RaftServerConfigKeys (ConfUtils.java:logGet(43)) - raft.server.snapshot.retention.file.num = 5 (custom)
2019-11-16 00:26:32,854 [pool-570-thread-1] INFO  server.RaftServerConfigKeys (ConfUtils.java:logGet(43)) - raft.server.retrycache.expirytime = 600000ms (custom)
2019-11-16 00:26:32,854 [pool-580-thread-1] INFO  server.RaftServerConfigKeys (ConfUtils.java:logGet(43)) - raft.server.retrycache.expirytime = 600000ms (custom)
2019-11-16 00:26:32,854 [pool-570-thread-1] WARN  impl.MetricRegistriesImpl (MetricRegistriesImpl.java:lambda$create$1(61)) - First MetricRegistry has been created without registering reporters. You may need to call MetricRegistries.global().addReportRegistration(...) before.
2019-11-16 00:26:32,854 [pool-580-thread-1] WARN  impl.MetricRegistriesImpl (MetricRegistriesImpl.java:lambda$create$1(61)) - First MetricRegistry has been created without registering reporters. You may need to call MetricRegistries.global().addReportRegistration(...) before.
2019-11-16 00:26:32,854 [pool-570-thread-1] WARN  impl.MetricRegistriesImpl (MetricRegistriesImpl.java:lambda$create$1(61)) - First MetricRegistry has been created without registering reporters. You may need to call MetricRegistries.global().addReportRegistration(...) before.
2019-11-16 00:26:32,855 [pool-580-thread-1] WARN  impl.MetricRegistriesImpl (MetricRegistriesImpl.java:lambda$create$1(61)) - First MetricRegistry has been created without registering reporters. You may need to call MetricRegistries.global().addReportRegistration(...) before.
2019-11-16 00:26:32,855 [pool-570-thread-1] INFO  impl.RaftServerImpl (RaftServerImpl.java:start(184)) - 82886741-ea2e-41d6-b944-d04bb5a8b025@group-5F246D87C751: start as a follower, conf=-1: [82886741-ea2e-41d6-b944-d04bb5a8b025:192.168.69.79:37949, 1d1fab7d-6382-4228-8566-b1891c590073:192.168.69.79:34425, e887c5fb-6c7f-48d0-908d-014a119bd478:192.168.69.79:44398], old=null
2019-11-16 00:26:32,855 [pool-580-thread-1] INFO  impl.RaftServerImpl (RaftServerImpl.java:start(184)) - e887c5fb-6c7f-48d0-908d-014a119bd478@group-5F246D87C751: start as a follower, conf=-1: [82886741-ea2e-41d6-b944-d04bb5a8b025:192.168.69.79:37949, 1d1fab7d-6382-4228-8566-b1891c590073:192.168.69.79:34425, e887c5fb-6c7f-48d0-908d-014a119bd478:192.168.69.79:44398], old=null
2019-11-16 00:26:32,855 [pool-570-thread-1] INFO  impl.RaftServerImpl (RaftServerImpl.java:setRole(173)) - 82886741-ea2e-41d6-b944-d04bb5a8b025@group-5F246D87C751: changes role from      null to FOLLOWER at term 0 for startAsFollower
2019-11-16 00:26:32,855 [pool-580-thread-1] INFO  impl.RaftServerImpl (RaftServerImpl.java:setRole(173)) - e887c5fb-6c7f-48d0-908d-014a119bd478@group-5F246D87C751: changes role from      null to FOLLOWER at term 0 for startAsFollower
2019-11-16 00:26:32,855 [pool-570-thread-1] INFO  impl.RoleInfo (RoleInfo.java:updateAndGet(143)) - 82886741-ea2e-41d6-b944-d04bb5a8b025: start FollowerState
2019-11-16 00:26:32,855 [pool-580-thread-1] INFO  impl.RoleInfo (RoleInfo.java:updateAndGet(143)) - e887c5fb-6c7f-48d0-908d-014a119bd478: start FollowerState
2019-11-16 00:26:32,855 [pool-570-thread-1] INFO  util.JmxRegister (JmxRegister.java:tryRegister(44)) - Successfully registered JMX Bean with object name Ratis:service=RaftServer,group=group-5F246D87C751,id=82886741-ea2e-41d6-b944-d04bb5a8b025
2019-11-16 00:26:32,855 [pool-580-thread-1] INFO  util.JmxRegister (JmxRegister.java:tryRegister(44)) - Successfully registered JMX Bean with object name Ratis:service=RaftServer,group=group-5F246D87C751,id=e887c5fb-6c7f-48d0-908d-014a119bd478
2019-11-16 00:26:32,856 [pool-570-thread-1] WARN  impl.MetricRegistriesImpl (MetricRegistriesImpl.java:lambda$create$1(61)) - First MetricRegistry has been created without registering reporters. You may need to call MetricRegistries.global().addReportRegistration(...) before.
2019-11-16 00:26:32,856 [pool-580-thread-1] WARN  impl.MetricRegistriesImpl (MetricRegistriesImpl.java:lambda$create$1(61)) - First MetricRegistry has been created without registering reporters. You may need to call MetricRegistries.global().addReportRegistration(...) before.
2019-11-16 00:26:32,858 [RatisPipelineUtilsThread] INFO  pipeline.PipelineStateManager (PipelineStateManager.java:addPipeline(55)) - Created pipeline Pipeline[ Id: 1bad0bf1-bdbb-4e45-b448-5f246d87c751, Nodes: 82886741-ea2e-41d6-b944-d04bb5a8b025{ip: 192.168.69.79, host: pr-hdds-2501-b5dhd-1197665634, networkLocation: /rack1, certSerialId: null}e887c5fb-6c7f-48d0-908d-014a119bd478{ip: 192.168.69.79, host: pr-hdds-2501-b5dhd-1197665634, networkLocation: /rack1, certSerialId: null}1d1fab7d-6382-4228-8566-b1891c590073{ip: 192.168.69.79, host: pr-hdds-2501-b5dhd-1197665634, networkLocation: /rack1, certSerialId: null}, Type:RATIS, Factor:THREE, State:ALLOCATED]
2019-11-16 00:26:32,858 [Thread-4071] INFO  pipeline.PipelineStateManager (PipelineStateManager.java:removePipeline(106)) - Pipeline Pipeline[ Id: 2f000000-7ffe-43e9-a2a0-fb1210d7284d, Nodes: 82886741-ea2e-41d6-b944-d04bb5a8b025{ip: 192.168.69.79, host: pr-hdds-2501-b5dhd-1197665634, networkLocation: /rack1, certSerialId: null}e887c5fb-6c7f-48d0-908d-014a119bd478{ip: 192.168.69.79, host: pr-hdds-2501-b5dhd-1197665634, networkLocation: /rack1, certSerialId: null}1d1fab7d-6382-4228-8566-b1891c590073{ip: 192.168.69.79, host: pr-hdds-2501-b5dhd-1197665634, networkLocation: /rack1, certSerialId: null}, Type:RATIS, Factor:THREE, State:CLOSED] removed from db
2019-11-16 00:26:33,195 [Thread-4233] INFO  impl.FollowerState (FollowerState.java:run(111)) - 82886741-ea2e-41d6-b944-d04bb5a8b025@group-76976C79D8F1-FollowerState: change to CANDIDATE, lastRpcTime:1035ms, electionTimeout:1027ms
2019-11-16 00:26:33,195 [Thread-4233] INFO  impl.RoleInfo (RoleInfo.java:shutdownFollowerState(121)) - 82886741-ea2e-41d6-b944-d04bb5a8b025: shutdown FollowerState
2019-11-16 00:26:33,195 [Thread-4233] INFO  impl.RaftServerImpl (RaftServerImpl.java:setRole(173)) - 82886741-ea2e-41d6-b944-d04bb5a8b025@group-76976C79D8F1: changes role from  FOLLOWER to CANDIDATE at term 0 for changeToCandidate
2019-11-16 00:26:33,195 [Thread-4233] INFO  impl.RoleInfo (RoleInfo.java:updateAndGet(143)) - 82886741-ea2e-41d6-b944-d04bb5a8b025: start LeaderElection
2019-11-16 00:26:33,218 [82886741-ea2e-41d6-b944-d04bb5a8b025@group-76976C79D8F1-LeaderElection171] INFO  impl.LeaderElection (LeaderElection.java:askForVotes(178)) - 82886741-ea2e-41d6-b944-d04bb5a8b025@group-76976C79D8F1-LeaderElection171: begin an election at term 1 for -1: [82886741-ea2e-41d6-b944-d04bb5a8b025:192.168.69.79:37949], old=null
2019-11-16 00:26:33,219 [82886741-ea2e-41d6-b944-d04bb5a8b025@group-76976C79D8F1-LeaderElection171] INFO  impl.RoleInfo (RoleInfo.java:shutdownLeaderElection(134)) - 82886741-ea2e-41d6-b944-d04bb5a8b025: shutdown LeaderElection
2019-11-16 00:26:33,219 [82886741-ea2e-41d6-b944-d04bb5a8b025@group-76976C79D8F1-LeaderElection171] INFO  impl.RaftServerImpl (RaftServerImpl.java:setRole(173)) - 82886741-ea2e-41d6-b944-d04bb5a8b025@group-76976C79D8F1: changes role from CANDIDATE to LEADER at term 1 for changeToLeader
2019-11-16 00:26:33,219 [82886741-ea2e-41d6-b944-d04bb5a8b025@group-76976C79D8F1-LeaderElection171] INFO  ratis.XceiverServerRatis (XceiverServerRatis.java:handleLeaderChangedNotification(697)) - Leader change notification received for group: group-76976C79D8F1 with new leaderId: 82886741-ea2e-41d6-b944-d04bb5a8b025
2019-11-16 00:26:33,219 [82886741-ea2e-41d6-b944-d04bb5a8b025@group-76976C79D8F1-LeaderElection171] INFO  impl.RaftServerImpl (ServerState.java:setLeader(255)) - 82886741-ea2e-41d6-b944-d04bb5a8b025@group-76976C79D8F1: change Leader from null to 82886741-ea2e-41d6-b944-d04bb5a8b025 at term 1 for becomeLeader, leader elected after 1061ms
2019-11-16 00:26:33,219 [82886741-ea2e-41d6-b944-d04bb5a8b025@group-76976C79D8F1-LeaderElection171] INFO  server.RaftServerConfigKeys (ConfUtils.java:logGet(43)) - raft.server.staging.catchup.gap = 1000 (default)
2019-11-16 00:26:33,220 [82886741-ea2e-41d6-b944-d04bb5a8b025@group-76976C79D8F1-LeaderElection171] INFO  server.RaftServerConfigKeys (ConfUtils.java:logGet(43)) - raft.server.rpc.sleep.time = 25ms (default)
2019-11-16 00:26:33,220 [82886741-ea2e-41d6-b944-d04bb5a8b025@group-76976C79D8F1-LeaderElection171] INFO  server.RaftServerConfigKeys (ConfUtils.java:logGet(43)) - raft.server.write.element-limit = 4096 (default)
2019-11-16 00:26:33,220 [EventQueue-PipelineReportForPipelineReportHandler] INFO  pipeline.PipelineStateManager (PipelineStateManager.java:openPipeline(134)) - Pipeline Pipeline[ Id: 5eb280ca-761d-47d9-a544-76976c79d8f1, Nodes: 82886741-ea2e-41d6-b944-d04bb5a8b025{ip: 192.168.69.79, host: pr-hdds-2501-b5dhd-1197665634, networkLocation: /rack1, certSerialId: null}, Type:RATIS, Factor:ONE, State:OPEN] moved to OPEN state
2019-11-16 00:26:33,220 [82886741-ea2e-41d6-b944-d04bb5a8b025@group-76976C79D8F1-LeaderElection171] INFO  server.RaftServerConfigKeys (ConfUtils.java:logGet(43)) - raft.server.watch.timeout = 10s (default)
2019-11-16 00:26:33,220 [82886741-ea2e-41d6-b944-d04bb5a8b025@group-76976C79D8F1-LeaderElection171] INFO  server.RaftServerConfigKeys (ConfUtils.java:logGet(43)) - raft.server.watch.timeout.denomination = 1s (default)
2019-11-16 00:26:33,221 [82886741-ea2e-41d6-b944-d04bb5a8b025@group-76976C79D8F1-LeaderElection171] INFO  server.RaftServerConfigKeys (ConfUtils.java:logGet(43)) - raft.server.watch.element-limit = 65536 (default)
2019-11-16 00:26:33,221 [82886741-ea2e-41d6-b944-d04bb5a8b025@group-76976C79D8F1-LeaderElection171] INFO  impl.RoleInfo (RoleInfo.java:updateAndGet(143)) - 82886741-ea2e-41d6-b944-d04bb5a8b025: start LeaderState
2019-11-16 00:26:33,221 [82886741-ea2e-41d6-b944-d04bb5a8b025@group-76976C79D8F1-LeaderElection171] INFO  segmented.SegmentedRaftLogWorker (SegmentedRaftLogWorker.java:startLogSegment(385)) - 82886741-ea2e-41d6-b944-d04bb5a8b025@group-76976C79D8F1-SegmentedRaftLogWorker: Starting segment from index:0
2019-11-16 00:26:33,222 [82886741-ea2e-41d6-b944-d04bb5a8b025@group-76976C79D8F1-LeaderElection171] INFO  impl.RaftServerImpl (ServerState.java:setRaftConf(356)) - 82886741-ea2e-41d6-b944-d04bb5a8b025@group-76976C79D8F1: set configuration 0: [82886741-ea2e-41d6-b944-d04bb5a8b025:192.168.69.79:37949], old=null at 0
2019-11-16 00:26:33,255 [82886741-ea2e-41d6-b944-d04bb5a8b025@group-76976C79D8F1-SegmentedRaftLogWorker] INFO  segmented.SegmentedRaftLogWorker (SegmentedRaftLogWorker.java:execute(576)) - 82886741-ea2e-41d6-b944-d04bb5a8b025@group-76976C79D8F1-SegmentedRaftLogWorker: created new log segment /workdir/hadoop-ozone/integration-test/target/test-dir/MiniOzoneClusterImpl-ec73e7b8-24c6-4197-838c-bd0443d97e1c/datanode-6/data/ratis/5eb280ca-761d-47d9-a544-76976c79d8f1/current/log_inprogress_0
2019-11-16 00:26:33,398 [Thread-4237] INFO  impl.FollowerState (FollowerState.java:run(111)) - 61732ce4-b30f-4383-a457-809dbeacd402@group-7FAAA8D3DFFA-FollowerState: change to CANDIDATE, lastRpcTime:1178ms, electionTimeout:1178ms
2019-11-16 00:26:33,398 [Thread-4237] INFO  impl.RoleInfo (RoleInfo.java:shutdownFollowerState(121)) - 61732ce4-b30f-4383-a457-809dbeacd402: shutdown FollowerState
2019-11-16 00:26:33,398 [Thread-4237] INFO  impl.RaftServerImpl (RaftServerImpl.java:setRole(173)) - 61732ce4-b30f-4383-a457-809dbeacd402@group-7FAAA8D3DFFA: changes role from  FOLLOWER to CANDIDATE at term 0 for changeToCandidate
2019-11-16 00:26:33,398 [Thread-4237] INFO  impl.RoleInfo (RoleInfo.java:updateAndGet(143)) - 61732ce4-b30f-4383-a457-809dbeacd402: start LeaderElection
2019-11-16 00:26:33,412 [61732ce4-b30f-4383-a457-809dbeacd402@group-7FAAA8D3DFFA-LeaderElection172] INFO  impl.LeaderElection (LeaderElection.java:askForVotes(178)) - 61732ce4-b30f-4383-a457-809dbeacd402@group-7FAAA8D3DFFA-LeaderElection172: begin an election at term 1 for -1: [61732ce4-b30f-4383-a457-809dbeacd402:192.168.69.79:33225], old=null
2019-11-16 00:26:33,412 [61732ce4-b30f-4383-a457-809dbeacd402@group-7FAAA8D3DFFA-LeaderElection172] INFO  impl.RoleInfo (RoleInfo.java:shutdownLeaderElection(134)) - 61732ce4-b30f-4383-a457-809dbeacd402: shutdown LeaderElection
2019-11-16 00:26:33,412 [61732ce4-b30f-4383-a457-809dbeacd402@group-7FAAA8D3DFFA-LeaderElection172] INFO  impl.RaftServerImpl (RaftServerImpl.java:setRole(173)) - 61732ce4-b30f-4383-a457-809dbeacd402@group-7FAAA8D3DFFA: changes role from CANDIDATE to LEADER at term 1 for changeToLeader
2019-11-16 00:26:33,412 [61732ce4-b30f-4383-a457-809dbeacd402@group-7FAAA8D3DFFA-LeaderElection172] INFO  ratis.XceiverServerRatis (XceiverServerRatis.java:handleLeaderChangedNotification(697)) - Leader change notification received for group: group-7FAAA8D3DFFA with new leaderId: 61732ce4-b30f-4383-a457-809dbeacd402
2019-11-16 00:26:33,412 [61732ce4-b30f-4383-a457-809dbeacd402@group-7FAAA8D3DFFA-LeaderElection172] INFO  impl.RaftServerImpl (ServerState.java:setLeader(255)) - 61732ce4-b30f-4383-a457-809dbeacd402@group-7FAAA8D3DFFA: change Leader from null to 61732ce4-b30f-4383-a457-809dbeacd402 at term 1 for becomeLeader, leader elected after 1196ms
2019-11-16 00:26:33,412 [61732ce4-b30f-4383-a457-809dbeacd402@group-7FAAA8D3DFFA-LeaderElection172] INFO  server.RaftServerConfigKeys (ConfUtils.java:logGet(43)) - raft.server.staging.catchup.gap = 1000 (default)
2019-11-16 00:26:33,412 [61732ce4-b30f-4383-a457-809dbeacd402@group-7FAAA8D3DFFA-LeaderElection172] INFO  server.RaftServerConfigKeys (ConfUtils.java:logGet(43)) - raft.server.rpc.sleep.time = 25ms (default)
2019-11-16 00:26:33,412 [61732ce4-b30f-4383-a457-809dbeacd402@group-7FAAA8D3DFFA-LeaderElection172] INFO  server.RaftServerConfigKeys (ConfUtils.java:logGet(43)) - raft.server.write.element-limit = 4096 (default)
2019-11-16 00:26:33,412 [61732ce4-b30f-4383-a457-809dbeacd402@group-7FAAA8D3DFFA-LeaderElection172] INFO  server.RaftServerConfigKeys (ConfUtils.java:logGet(43)) - raft.server.watch.timeout = 10s (default)
2019-11-16 00:26:33,413 [61732ce4-b30f-4383-a457-809dbeacd402@group-7FAAA8D3DFFA-LeaderElection172] INFO  server.RaftServerConfigKeys (ConfUtils.java:logGet(43)) - raft.server.watch.timeout.denomination = 1s (default)
2019-11-16 00:26:33,413 [61732ce4-b30f-4383-a457-809dbeacd402@group-7FAAA8D3DFFA-LeaderElection172] INFO  server.RaftServerConfigKeys (ConfUtils.java:logGet(43)) - raft.server.watch.element-limit = 65536 (default)
2019-11-16 00:26:33,413 [61732ce4-b30f-4383-a457-809dbeacd402@group-7FAAA8D3DFFA-LeaderElection172] INFO  impl.RoleInfo (RoleInfo.java:updateAndGet(143)) - 61732ce4-b30f-4383-a457-809dbeacd402: start LeaderState
2019-11-16 00:26:33,413 [61732ce4-b30f-4383-a457-809dbeacd402@group-7FAAA8D3DFFA-LeaderElection172] INFO  segmented.SegmentedRaftLogWorker (SegmentedRaftLogWorker.java:startLogSegment(385)) - 61732ce4-b30f-4383-a457-809dbeacd402@group-7FAAA8D3DFFA-SegmentedRaftLogWorker: Starting segment from index:0
2019-11-16 00:26:33,413 [EventQueue-PipelineReportForPipelineReportHandler] INFO  pipeline.PipelineStateManager (PipelineStateManager.java:openPipeline(134)) - Pipeline Pipeline[ Id: e9c4d298-4493-4e41-a89a-7faaa8d3dffa, Nodes: 61732ce4-b30f-4383-a457-809dbeacd402{ip: 192.168.69.79, host: pr-hdds-2501-b5dhd-1197665634, networkLocation: /rack1, certSerialId: null}, Type:RATIS, Factor:ONE, State:OPEN] moved to OPEN state
2019-11-16 00:26:33,413 [61732ce4-b30f-4383-a457-809dbeacd402@group-7FAAA8D3DFFA-LeaderElection172] INFO  impl.RaftServerImpl (ServerState.java:setRaftConf(356)) - 61732ce4-b30f-4383-a457-809dbeacd402@group-7FAAA8D3DFFA: set configuration 0: [61732ce4-b30f-4383-a457-809dbeacd402:192.168.69.79:33225], old=null at 0
2019-11-16 00:26:33,426 [Thread-4241] INFO  impl.FollowerState (FollowerState.java:run(111)) - 1d1fab7d-6382-4228-8566-b1891c590073@group-F8DF03A95F93-FollowerState: change to CANDIDATE, lastRpcTime:1167ms, electionTimeout:1167ms
2019-11-16 00:26:33,426 [Thread-4241] INFO  impl.RoleInfo (RoleInfo.java:shutdownFollowerState(121)) - 1d1fab7d-6382-4228-8566-b1891c590073: shutdown FollowerState
2019-11-16 00:26:33,426 [Thread-4241] INFO  impl.RaftServerImpl (RaftServerImpl.java:setRole(173)) - 1d1fab7d-6382-4228-8566-b1891c590073@group-F8DF03A95F93: changes role from  FOLLOWER to CANDIDATE at term 0 for changeToCandidate
2019-11-16 00:26:33,426 [Thread-4241] INFO  impl.RoleInfo (RoleInfo.java:updateAndGet(143)) - 1d1fab7d-6382-4228-8566-b1891c590073: start LeaderElection
2019-11-16 00:26:33,440 [61732ce4-b30f-4383-a457-809dbeacd402@group-7FAAA8D3DFFA-SegmentedRaftLogWorker] INFO  segmented.SegmentedRaftLogWorker (SegmentedRaftLogWorker.java:execute(576)) - 61732ce4-b30f-4383-a457-809dbeacd402@group-7FAAA8D3DFFA-SegmentedRaftLogWorker: created new log segment /workdir/hadoop-ozone/integration-test/target/test-dir/MiniOzoneClusterImpl-ec73e7b8-24c6-4197-838c-bd0443d97e1c/datanode-8/data/ratis/e9c4d298-4493-4e41-a89a-7faaa8d3dffa/current/log_inprogress_0
2019-11-16 00:26:33,440 [1d1fab7d-6382-4228-8566-b1891c590073@group-F8DF03A95F93-LeaderElection173] INFO  impl.LeaderElection (LeaderElection.java:askForVotes(178)) - 1d1fab7d-6382-4228-8566-b1891c590073@group-F8DF03A95F93-LeaderElection173: begin an election at term 1 for -1: [1d1fab7d-6382-4228-8566-b1891c590073:192.168.69.79:34425], old=null
2019-11-16 00:26:33,440 [1d1fab7d-6382-4228-8566-b1891c590073@group-F8DF03A95F93-LeaderElection173] INFO  impl.RoleInfo (RoleInfo.java:shutdownLeaderElection(134)) - 1d1fab7d-6382-4228-8566-b1891c590073: shutdown LeaderElection
2019-11-16 00:26:33,441 [1d1fab7d-6382-4228-8566-b1891c590073@group-F8DF03A95F93-LeaderElection173] INFO  impl.RaftServerImpl (RaftServerImpl.java:setRole(173)) - 1d1fab7d-6382-4228-8566-b1891c590073@group-F8DF03A95F93: changes role from CANDIDATE to LEADER at term 1 for changeToLeader
2019-11-16 00:26:33,441 [1d1fab7d-6382-4228-8566-b1891c590073@group-F8DF03A95F93-LeaderElection173] INFO  ratis.XceiverServerRatis (XceiverServerRatis.java:handleLeaderChangedNotification(697)) - Leader change notification received for group: group-F8DF03A95F93 with new leaderId: 1d1fab7d-6382-4228-8566-b1891c590073
2019-11-16 00:26:33,441 [1d1fab7d-6382-4228-8566-b1891c590073@group-F8DF03A95F93-LeaderElection173] INFO  impl.RaftServerImpl (ServerState.java:setLeader(255)) - 1d1fab7d-6382-4228-8566-b1891c590073@group-F8DF03A95F93: change Leader from null to 1d1fab7d-6382-4228-8566-b1891c590073 at term 1 for becomeLeader, leader elected after 1184ms
2019-11-16 00:26:33,441 [1d1fab7d-6382-4228-8566-b1891c590073@group-F8DF03A95F93-LeaderElection173] INFO  server.RaftServerConfigKeys (ConfUtils.java:logGet(43)) - raft.server.staging.catchup.gap = 1000 (default)
2019-11-16 00:26:33,441 [1d1fab7d-6382-4228-8566-b1891c590073@group-F8DF03A95F93-LeaderElection173] INFO  server.RaftServerConfigKeys (ConfUtils.java:logGet(43)) - raft.server.rpc.sleep.time = 25ms (default)
2019-11-16 00:26:33,441 [1d1fab7d-6382-4228-8566-b1891c590073@group-F8DF03A95F93-LeaderElection173] INFO  server.RaftServerConfigKeys (ConfUtils.java:logGet(43)) - raft.server.write.element-limit = 4096 (default)
2019-11-16 00:26:33,441 [1d1fab7d-6382-4228-8566-b1891c590073@group-F8DF03A95F93-LeaderElection173] INFO  server.RaftServerConfigKeys (ConfUtils.java:logGet(43)) - raft.server.watch.timeout = 10s (default)
2019-11-16 00:26:33,442 [1d1fab7d-6382-4228-8566-b1891c590073@group-F8DF03A95F93-LeaderElection173] INFO  server.RaftServerConfigKeys (ConfUtils.java:logGet(43)) - raft.server.watch.timeout.denomination = 1s (default)
2019-11-16 00:26:33,442 [1d1fab7d-6382-4228-8566-b1891c590073@group-F8DF03A95F93-LeaderElection173] INFO  server.RaftServerConfigKeys (ConfUtils.java:logGet(43)) - raft.server.watch.element-limit = 65536 (default)
2019-11-16 00:26:33,442 [EventQueue-PipelineReportForPipelineReportHandler] INFO  pipeline.PipelineStateManager (PipelineStateManager.java:openPipeline(134)) - Pipeline Pipeline[ Id: 51034928-c9af-4982-82e6-f8df03a95f93, Nodes: 1d1fab7d-6382-4228-8566-b1891c590073{ip: 192.168.69.79, host: pr-hdds-2501-b5dhd-1197665634, networkLocation: /rack1, certSerialId: null}, Type:RATIS, Factor:ONE, State:OPEN] moved to OPEN state
2019-11-16 00:26:33,442 [1d1fab7d-6382-4228-8566-b1891c590073@group-F8DF03A95F93-LeaderElection173] INFO  impl.RoleInfo (RoleInfo.java:updateAndGet(143)) - 1d1fab7d-6382-4228-8566-b1891c590073: start LeaderState
2019-11-16 00:26:33,442 [1d1fab7d-6382-4228-8566-b1891c590073@group-F8DF03A95F93-LeaderElection173] INFO  segmented.SegmentedRaftLogWorker (SegmentedRaftLogWorker.java:startLogSegment(385)) - 1d1fab7d-6382-4228-8566-b1891c590073@group-F8DF03A95F93-SegmentedRaftLogWorker: Starting segment from index:0
2019-11-16 00:26:33,443 [1d1fab7d-6382-4228-8566-b1891c590073@group-F8DF03A95F93-LeaderElection173] INFO  impl.RaftServerImpl (ServerState.java:setRaftConf(356)) - 1d1fab7d-6382-4228-8566-b1891c590073@group-F8DF03A95F93: set configuration 0: [1d1fab7d-6382-4228-8566-b1891c590073:192.168.69.79:34425], old=null at 0
2019-11-16 00:26:33,484 [1d1fab7d-6382-4228-8566-b1891c590073@group-F8DF03A95F93-SegmentedRaftLogWorker] INFO  segmented.SegmentedRaftLogWorker (SegmentedRaftLogWorker.java:execute(576)) - 1d1fab7d-6382-4228-8566-b1891c590073@group-F8DF03A95F93-SegmentedRaftLogWorker: created new log segment /workdir/hadoop-ozone/integration-test/target/test-dir/MiniOzoneClusterImpl-ec73e7b8-24c6-4197-838c-bd0443d97e1c/datanode-9/data/ratis/51034928-c9af-4982-82e6-f8df03a95f93/current/log_inprogress_0
2019-11-16 00:26:33,597 [Thread-4256] INFO  impl.FollowerState (FollowerState.java:run(111)) - a05a7939-ef6c-4534-b55b-b612829faca5@group-8322C3CD9FF7-FollowerState: change to CANDIDATE, lastRpcTime:1057ms, electionTimeout:1057ms
2019-11-16 00:26:33,597 [Thread-4256] INFO  impl.RoleInfo (RoleInfo.java:shutdownFollowerState(121)) - a05a7939-ef6c-4534-b55b-b612829faca5: shutdown FollowerState
2019-11-16 00:26:33,597 [Thread-4256] INFO  impl.RaftServerImpl (RaftServerImpl.java:setRole(173)) - a05a7939-ef6c-4534-b55b-b612829faca5@group-8322C3CD9FF7: changes role from  FOLLOWER to CANDIDATE at term 0 for changeToCandidate
2019-11-16 00:26:33,597 [Thread-4256] INFO  impl.RoleInfo (RoleInfo.java:updateAndGet(143)) - a05a7939-ef6c-4534-b55b-b612829faca5: start LeaderElection
2019-11-16 00:26:33,611 [a05a7939-ef6c-4534-b55b-b612829faca5@group-8322C3CD9FF7-LeaderElection174] INFO  impl.LeaderElection (LeaderElection.java:askForVotes(178)) - a05a7939-ef6c-4534-b55b-b612829faca5@group-8322C3CD9FF7-LeaderElection174: begin an election at term 1 for -1: [a05a7939-ef6c-4534-b55b-b612829faca5:192.168.69.79:35267, 816b1da2-1c4e-42ee-9437-e192113ed53f:192.168.69.79:36665, 69b8f75d-497f-4fe6-9dc7-b84f6827359d:192.168.69.79:44545], old=null
2019-11-16 00:26:33,615 [grpc-default-executor-3] INFO  impl.RaftServerImpl (RaftServerImpl.java:setRole(173)) - 816b1da2-1c4e-42ee-9437-e192113ed53f@group-8322C3CD9FF7: changes role from  FOLLOWER to FOLLOWER at term 1 for recognizeCandidate:a05a7939-ef6c-4534-b55b-b612829faca5
2019-11-16 00:26:33,615 [grpc-default-executor-2] INFO  impl.RaftServerImpl (RaftServerImpl.java:setRole(173)) - 69b8f75d-497f-4fe6-9dc7-b84f6827359d@group-8322C3CD9FF7: changes role from  FOLLOWER to FOLLOWER at term 1 for recognizeCandidate:a05a7939-ef6c-4534-b55b-b612829faca5
2019-11-16 00:26:33,615 [grpc-default-executor-2] INFO  impl.RoleInfo (RoleInfo.java:shutdownFollowerState(121)) - 69b8f75d-497f-4fe6-9dc7-b84f6827359d: shutdown FollowerState
2019-11-16 00:26:33,615 [grpc-default-executor-3] INFO  impl.RoleInfo (RoleInfo.java:shutdownFollowerState(121)) - 816b1da2-1c4e-42ee-9437-e192113ed53f: shutdown FollowerState
2019-11-16 00:26:33,615 [grpc-default-executor-2] INFO  impl.RoleInfo (RoleInfo.java:updateAndGet(143)) - 69b8f75d-497f-4fe6-9dc7-b84f6827359d: start FollowerState
2019-11-16 00:26:33,615 [grpc-default-executor-3] INFO  impl.RoleInfo (RoleInfo.java:updateAndGet(143)) - 816b1da2-1c4e-42ee-9437-e192113ed53f: start FollowerState
2019-11-16 00:26:33,615 [Thread-4252] INFO  impl.FollowerState (FollowerState.java:run(120)) - 69b8f75d-497f-4fe6-9dc7-b84f6827359d@group-8322C3CD9FF7-FollowerState was interrupted: java.lang.InterruptedException: sleep interrupted
2019-11-16 00:26:33,615 [Thread-4257] INFO  impl.FollowerState (FollowerState.java:run(120)) - 816b1da2-1c4e-42ee-9437-e192113ed53f@group-8322C3CD9FF7-FollowerState was interrupted: java.lang.InterruptedException: sleep interrupted
2019-11-16 00:26:33,630 [a05a7939-ef6c-4534-b55b-b612829faca5@group-8322C3CD9FF7-LeaderElection174] INFO  impl.LeaderElection (LeaderElection.java:logAndReturn(56)) - a05a7939-ef6c-4534-b55b-b612829faca5@group-8322C3CD9FF7-LeaderElection174: Election PASSED; received 1 response(s) [a05a7939-ef6c-4534-b55b-b612829faca5<-69b8f75d-497f-4fe6-9dc7-b84f6827359d#0:OK-t1] and 0 exception(s); a05a7939-ef6c-4534-b55b-b612829faca5@group-8322C3CD9FF7:t1, leader=null, voted=a05a7939-ef6c-4534-b55b-b612829faca5, raftlog=a05a7939-ef6c-4534-b55b-b612829faca5@group-8322C3CD9FF7-SegmentedRaftLog:OPENED:c-1,f-1,i0, conf=-1: [a05a7939-ef6c-4534-b55b-b612829faca5:192.168.69.79:35267, 816b1da2-1c4e-42ee-9437-e192113ed53f:192.168.69.79:36665, 69b8f75d-497f-4fe6-9dc7-b84f6827359d:192.168.69.79:44545], old=null
2019-11-16 00:26:33,630 [a05a7939-ef6c-4534-b55b-b612829faca5@group-8322C3CD9FF7-LeaderElection174] INFO  impl.RoleInfo (RoleInfo.java:shutdownLeaderElection(134)) - a05a7939-ef6c-4534-b55b-b612829faca5: shutdown LeaderElection
2019-11-16 00:26:33,630 [a05a7939-ef6c-4534-b55b-b612829faca5@group-8322C3CD9FF7-LeaderElection174] INFO  impl.RaftServerImpl (RaftServerImpl.java:setRole(173)) - a05a7939-ef6c-4534-b55b-b612829faca5@group-8322C3CD9FF7: changes role from CANDIDATE to LEADER at term 1 for changeToLeader
2019-11-16 00:26:33,630 [a05a7939-ef6c-4534-b55b-b612829faca5@group-8322C3CD9FF7-LeaderElection174] INFO  ratis.XceiverServerRatis (XceiverServerRatis.java:handleLeaderChangedNotification(697)) - Leader change notification received for group: group-8322C3CD9FF7 with new leaderId: a05a7939-ef6c-4534-b55b-b612829faca5
2019-11-16 00:26:33,631 [a05a7939-ef6c-4534-b55b-b612829faca5@group-8322C3CD9FF7-LeaderElection174] INFO  impl.RaftServerImpl (ServerState.java:setLeader(255)) - a05a7939-ef6c-4534-b55b-b612829faca5@group-8322C3CD9FF7: change Leader from null to a05a7939-ef6c-4534-b55b-b612829faca5 at term 1 for becomeLeader, leader elected after 1100ms
2019-11-16 00:26:33,631 [a05a7939-ef6c-4534-b55b-b612829faca5@group-8322C3CD9FF7-LeaderElection174] INFO  server.RaftServerConfigKeys (ConfUtils.java:logGet(43)) - raft.server.staging.catchup.gap = 1000 (default)
2019-11-16 00:26:33,631 [a05a7939-ef6c-4534-b55b-b612829faca5@group-8322C3CD9FF7-LeaderElection174] INFO  server.RaftServerConfigKeys (ConfUtils.java:logGet(43)) - raft.server.rpc.sleep.time = 25ms (default)
2019-11-16 00:26:33,631 [a05a7939-ef6c-4534-b55b-b612829faca5@group-8322C3CD9FF7-LeaderElection174] INFO  server.RaftServerConfigKeys (ConfUtils.java:logGet(43)) - raft.server.write.element-limit = 4096 (default)
2019-11-16 00:26:33,631 [a05a7939-ef6c-4534-b55b-b612829faca5@group-8322C3CD9FF7-LeaderElection174] INFO  server.RaftServerConfigKeys (ConfUtils.java:logGet(43)) - raft.server.watch.timeout = 10s (default)
2019-11-16 00:26:33,631 [a05a7939-ef6c-4534-b55b-b612829faca5@group-8322C3CD9FF7-LeaderElection174] INFO  server.RaftServerConfigKeys (ConfUtils.java:logGet(43)) - raft.server.watch.timeout.denomination = 1s (default)
2019-11-16 00:26:33,632 [a05a7939-ef6c-4534-b55b-b612829faca5@group-8322C3CD9FF7-LeaderElection174] INFO  server.RaftServerConfigKeys (ConfUtils.java:logGet(43)) - raft.server.watch.element-limit = 65536 (default)
2019-11-16 00:26:33,632 [a05a7939-ef6c-4534-b55b-b612829faca5@group-8322C3CD9FF7-LeaderElection174] INFO  server.RaftServerConfigKeys (ConfUtils.java:logGet(43)) - raft.server.log.appender.snapshot.chunk.size.max = 16MB (=16777216) (default)
2019-11-16 00:26:33,632 [a05a7939-ef6c-4534-b55b-b612829faca5@group-8322C3CD9FF7-LeaderElection174] INFO  server.RaftServerConfigKeys (ConfUtils.java:logGet(43)) - raft.server.log.appender.buffer.byte-limit = 33554432 (custom)
2019-11-16 00:26:33,632 [a05a7939-ef6c-4534-b55b-b612829faca5@group-8322C3CD9FF7-LeaderElection174] INFO  server.RaftServerConfigKeys (ConfUtils.java:logGet(43)) - raft.server.log.appender.buffer.element-limit = 1 (custom)
2019-11-16 00:26:33,632 [a05a7939-ef6c-4534-b55b-b612829faca5@group-8322C3CD9FF7-LeaderElection174] INFO  grpc.GrpcConfigKeys$Server (ConfUtils.java:logGet(43)) - raft.grpc.server.leader.outstanding.appends.max = 128 (default)
2019-11-16 00:26:33,632 [a05a7939-ef6c-4534-b55b-b612829faca5@group-8322C3CD9FF7-LeaderElection174] INFO  server.RaftServerConfigKeys (ConfUtils.java:logGet(43)) - raft.server.rpc.request.timeout = 3000ms (default)
2019-11-16 00:26:33,632 [a05a7939-ef6c-4534-b55b-b612829faca5@group-8322C3CD9FF7-LeaderElection174] INFO  server.RaftServerConfigKeys (ConfUtils.java:logGet(43)) - raft.server.log.appender.install.snapshot.enabled = false (custom)
2019-11-16 00:26:33,633 [a05a7939-ef6c-4534-b55b-b612829faca5@group-8322C3CD9FF7-LeaderElection174] WARN  impl.MetricRegistriesImpl (MetricRegistriesImpl.java:lambda$create$1(61)) - First MetricRegistry has been created without registering reporters. You may need to call MetricRegistries.global().addReportRegistration(...) before.
2019-11-16 00:26:33,633 [a05a7939-ef6c-4534-b55b-b612829faca5@group-8322C3CD9FF7-LeaderElection174] INFO  server.RaftServerConfigKeys (ConfUtils.java:logGet(43)) - raft.server.log.appender.snapshot.chunk.size.max = 16MB (=16777216) (default)
2019-11-16 00:26:33,633 [a05a7939-ef6c-4534-b55b-b612829faca5@group-8322C3CD9FF7-LeaderElection174] INFO  server.RaftServerConfigKeys (ConfUtils.java:logGet(43)) - raft.server.log.appender.buffer.byte-limit = 33554432 (custom)
2019-11-16 00:26:33,633 [a05a7939-ef6c-4534-b55b-b612829faca5@group-8322C3CD9FF7-LeaderElection174] INFO  server.RaftServerConfigKeys (ConfUtils.java:logGet(43)) - raft.server.log.appender.buffer.element-limit = 1 (custom)
2019-11-16 00:26:33,633 [a05a7939-ef6c-4534-b55b-b612829faca5@group-8322C3CD9FF7-LeaderElection174] INFO  grpc.GrpcConfigKeys$Server (ConfUtils.java:logGet(43)) - raft.grpc.server.leader.outstanding.appends.max = 128 (default)
2019-11-16 00:26:33,633 [a05a7939-ef6c-4534-b55b-b612829faca5@group-8322C3CD9FF7-LeaderElection174] INFO  server.RaftServerConfigKeys (ConfUtils.java:logGet(43)) - raft.server.rpc.request.timeout = 3000ms (default)
2019-11-16 00:26:33,633 [a05a7939-ef6c-4534-b55b-b612829faca5@group-8322C3CD9FF7-LeaderElection174] INFO  server.RaftServerConfigKeys (ConfUtils.java:logGet(43)) - raft.server.log.appender.install.snapshot.enabled = false (custom)
2019-11-16 00:26:33,634 [a05a7939-ef6c-4534-b55b-b612829faca5@group-8322C3CD9FF7-LeaderElection174] INFO  impl.RoleInfo (RoleInfo.java:updateAndGet(143)) - a05a7939-ef6c-4534-b55b-b612829faca5: start LeaderState
2019-11-16 00:26:33,634 [a05a7939-ef6c-4534-b55b-b612829faca5@group-8322C3CD9FF7-LeaderElection174] INFO  segmented.SegmentedRaftLogWorker (SegmentedRaftLogWorker.java:startLogSegment(385)) - a05a7939-ef6c-4534-b55b-b612829faca5@group-8322C3CD9FF7-SegmentedRaftLogWorker: Starting segment from index:0
2019-11-16 00:26:33,635 [a05a7939-ef6c-4534-b55b-b612829faca5@group-8322C3CD9FF7-LeaderElection174] INFO  impl.RaftServerImpl (ServerState.java:setRaftConf(356)) - a05a7939-ef6c-4534-b55b-b612829faca5@group-8322C3CD9FF7: set configuration 0: [a05a7939-ef6c-4534-b55b-b612829faca5:192.168.69.79:35267, 816b1da2-1c4e-42ee-9437-e192113ed53f:192.168.69.79:36665, 69b8f75d-497f-4fe6-9dc7-b84f6827359d:192.168.69.79:44545], old=null at 0
2019-11-16 00:26:33,668 [grpc-default-executor-2] INFO  ratis.XceiverServerRatis (XceiverServerRatis.java:handleLeaderChangedNotification(697)) - Leader change notification received for group: group-8322C3CD9FF7 with new leaderId: a05a7939-ef6c-4534-b55b-b612829faca5
2019-11-16 00:26:33,668 [grpc-default-executor-3] INFO  ratis.XceiverServerRatis (XceiverServerRatis.java:handleLeaderChangedNotification(697)) - Leader change notification received for group: group-8322C3CD9FF7 with new leaderId: a05a7939-ef6c-4534-b55b-b612829faca5
2019-11-16 00:26:33,668 [grpc-default-executor-2] INFO  impl.RaftServerImpl (ServerState.java:setLeader(255)) - 816b1da2-1c4e-42ee-9437-e192113ed53f@group-8322C3CD9FF7: change Leader from null to a05a7939-ef6c-4534-b55b-b612829faca5 at term 1 for appendEntries, leader elected after 1137ms
2019-11-16 00:26:33,668 [grpc-default-executor-3] INFO  impl.RaftServerImpl (ServerState.java:setLeader(255)) - 69b8f75d-497f-4fe6-9dc7-b84f6827359d@group-8322C3CD9FF7: change Leader from null to a05a7939-ef6c-4534-b55b-b612829faca5 at term 1 for appendEntries, leader elected after 1138ms
2019-11-16 00:26:33,670 [grpc-default-executor-2] INFO  impl.RaftServerImpl (ServerState.java:setRaftConf(356)) - 69b8f75d-497f-4fe6-9dc7-b84f6827359d@group-8322C3CD9FF7: set configuration 0: [a05a7939-ef6c-4534-b55b-b612829faca5:192.168.69.79:35267, 816b1da2-1c4e-42ee-9437-e192113ed53f:192.168.69.79:36665, 69b8f75d-497f-4fe6-9dc7-b84f6827359d:192.168.69.79:44545], old=null at 0
2019-11-16 00:26:33,670 [grpc-default-executor-3] INFO  impl.RaftServerImpl (ServerState.java:setRaftConf(356)) - 816b1da2-1c4e-42ee-9437-e192113ed53f@group-8322C3CD9FF7: set configuration 0: [a05a7939-ef6c-4534-b55b-b612829faca5:192.168.69.79:35267, 816b1da2-1c4e-42ee-9437-e192113ed53f:192.168.69.79:36665, 69b8f75d-497f-4fe6-9dc7-b84f6827359d:192.168.69.79:44545], old=null at 0
2019-11-16 00:26:33,670 [grpc-default-executor-2] INFO  segmented.SegmentedRaftLogWorker (SegmentedRaftLogWorker.java:startLogSegment(385)) - 69b8f75d-497f-4fe6-9dc7-b84f6827359d@group-8322C3CD9FF7-SegmentedRaftLogWorker: Starting segment from index:0
2019-11-16 00:26:33,670 [grpc-default-executor-3] INFO  segmented.SegmentedRaftLogWorker (SegmentedRaftLogWorker.java:startLogSegment(385)) - 816b1da2-1c4e-42ee-9437-e192113ed53f@group-8322C3CD9FF7-SegmentedRaftLogWorker: Starting segment from index:0
2019-11-16 00:26:33,677 [Thread-4265] INFO  impl.FollowerState (FollowerState.java:run(111)) - 5140e110-8ff7-42a5-9b32-053ee4f24742@group-8DF460CA0937-FollowerState: change to CANDIDATE, lastRpcTime:1093ms, electionTimeout:1093ms
2019-11-16 00:26:33,677 [Thread-4265] INFO  impl.RoleInfo (RoleInfo.java:shutdownFollowerState(121)) - 5140e110-8ff7-42a5-9b32-053ee4f24742: shutdown FollowerState
2019-11-16 00:26:33,677 [Thread-4265] INFO  impl.RaftServerImpl (RaftServerImpl.java:setRole(173)) - 5140e110-8ff7-42a5-9b32-053ee4f24742@group-8DF460CA0937: changes role from  FOLLOWER to CANDIDATE at term 0 for changeToCandidate
2019-11-16 00:26:33,677 [Thread-4265] INFO  impl.RoleInfo (RoleInfo.java:updateAndGet(143)) - 5140e110-8ff7-42a5-9b32-053ee4f24742: start LeaderElection
2019-11-16 00:26:33,680 [a05a7939-ef6c-4534-b55b-b612829faca5@group-8322C3CD9FF7-SegmentedRaftLogWorker] INFO  segmented.SegmentedRaftLogWorker (SegmentedRaftLogWorker.java:execute(576)) - a05a7939-ef6c-4534-b55b-b612829faca5@group-8322C3CD9FF7-SegmentedRaftLogWorker: created new log segment /workdir/hadoop-ozone/integration-test/target/test-dir/MiniOzoneClusterImpl-ec73e7b8-24c6-4197-838c-bd0443d97e1c/datanode-4/data/ratis/8496d245-20ad-404e-8b3a-8322c3cd9ff7/current/log_inprogress_0
2019-11-16 00:26:33,682 [5140e110-8ff7-42a5-9b32-053ee4f24742@group-8DF460CA0937-LeaderElection175] INFO  impl.LeaderElection (LeaderElection.java:askForVotes(178)) - 5140e110-8ff7-42a5-9b32-053ee4f24742@group-8DF460CA0937-LeaderElection175: begin an election at term 1 for -1: [5140e110-8ff7-42a5-9b32-053ee4f24742:192.168.69.79:33415], old=null
2019-11-16 00:26:33,683 [5140e110-8ff7-42a5-9b32-053ee4f24742@group-8DF460CA0937-LeaderElection175] INFO  impl.RoleInfo (RoleInfo.java:shutdownLeaderElection(134)) - 5140e110-8ff7-42a5-9b32-053ee4f24742: shutdown LeaderElection
2019-11-16 00:26:33,683 [5140e110-8ff7-42a5-9b32-053ee4f24742@group-8DF460CA0937-LeaderElection175] INFO  impl.RaftServerImpl (RaftServerImpl.java:setRole(173)) - 5140e110-8ff7-42a5-9b32-053ee4f24742@group-8DF460CA0937: changes role from CANDIDATE to LEADER at term 1 for changeToLeader
2019-11-16 00:26:33,683 [5140e110-8ff7-42a5-9b32-053ee4f24742@group-8DF460CA0937-LeaderElection175] INFO  ratis.XceiverServerRatis (XceiverServerRatis.java:handleLeaderChangedNotification(697)) - Leader change notification received for group: group-8DF460CA0937 with new leaderId: 5140e110-8ff7-42a5-9b32-053ee4f24742
2019-11-16 00:26:33,683 [5140e110-8ff7-42a5-9b32-053ee4f24742@group-8DF460CA0937-LeaderElection175] INFO  impl.RaftServerImpl (ServerState.java:setLeader(255)) - 5140e110-8ff7-42a5-9b32-053ee4f24742@group-8DF460CA0937: change Leader from null to 5140e110-8ff7-42a5-9b32-053ee4f24742 at term 1 for becomeLeader, leader elected after 1102ms
2019-11-16 00:26:33,683 [5140e110-8ff7-42a5-9b32-053ee4f24742@group-8DF460CA0937-LeaderElection175] INFO  server.RaftServerConfigKeys (ConfUtils.java:logGet(43)) - raft.server.staging.catchup.gap = 1000 (default)
2019-11-16 00:26:33,683 [5140e110-8ff7-42a5-9b32-053ee4f24742@group-8DF460CA0937-LeaderElection175] INFO  server.RaftServerConfigKeys (ConfUtils.java:logGet(43)) - raft.server.rpc.sleep.time = 25ms (default)
2019-11-16 00:26:33,684 [5140e110-8ff7-42a5-9b32-053ee4f24742@group-8DF460CA0937-LeaderElection175] INFO  server.RaftServerConfigKeys (ConfUtils.java:logGet(43)) - raft.server.write.element-limit = 4096 (default)
2019-11-16 00:26:33,684 [5140e110-8ff7-42a5-9b32-053ee4f24742@group-8DF460CA0937-LeaderElection175] INFO  server.RaftServerConfigKeys (ConfUtils.java:logGet(43)) - raft.server.watch.timeout = 10s (default)
2019-11-16 00:26:33,684 [5140e110-8ff7-42a5-9b32-053ee4f24742@group-8DF460CA0937-LeaderElection175] INFO  server.RaftServerConfigKeys (ConfUtils.java:logGet(43)) - raft.server.watch.timeout.denomination = 1s (default)
2019-11-16 00:26:33,684 [5140e110-8ff7-42a5-9b32-053ee4f24742@group-8DF460CA0937-LeaderElection175] INFO  server.RaftServerConfigKeys (ConfUtils.java:logGet(43)) - raft.server.watch.element-limit = 65536 (default)
2019-11-16 00:26:33,684 [EventQueue-PipelineReportForPipelineReportHandler] INFO  pipeline.PipelineStateManager (PipelineStateManager.java:openPipeline(134)) - Pipeline Pipeline[ Id: 56648333-7cc0-4858-b377-8df460ca0937, Nodes: 5140e110-8ff7-42a5-9b32-053ee4f24742{ip: 192.168.69.79, host: pr-hdds-2501-b5dhd-1197665634, networkLocation: /rack1, certSerialId: null}, Type:RATIS, Factor:ONE, State:OPEN] moved to OPEN state
2019-11-16 00:26:33,684 [5140e110-8ff7-42a5-9b32-053ee4f24742@group-8DF460CA0937-LeaderElection175] INFO  impl.RoleInfo (RoleInfo.java:updateAndGet(143)) - 5140e110-8ff7-42a5-9b32-053ee4f24742: start LeaderState
2019-11-16 00:26:33,684 [5140e110-8ff7-42a5-9b32-053ee4f24742@group-8DF460CA0937-LeaderElection175] INFO  segmented.SegmentedRaftLogWorker (SegmentedRaftLogWorker.java:startLogSegment(385)) - 5140e110-8ff7-42a5-9b32-053ee4f24742@group-8DF460CA0937-SegmentedRaftLogWorker: Starting segment from index:0
2019-11-16 00:26:33,685 [5140e110-8ff7-42a5-9b32-053ee4f24742@group-8DF460CA0937-LeaderElection175] INFO  impl.RaftServerImpl (ServerState.java:setRaftConf(356)) - 5140e110-8ff7-42a5-9b32-053ee4f24742@group-8DF460CA0937: set configuration 0: [5140e110-8ff7-42a5-9b32-053ee4f24742:192.168.69.79:33415], old=null at 0
2019-11-16 00:26:33,726 [69b8f75d-497f-4fe6-9dc7-b84f6827359d@group-8322C3CD9FF7-SegmentedRaftLogWorker] INFO  segmented.SegmentedRaftLogWorker (SegmentedRaftLogWorker.java:execute(576)) - 69b8f75d-497f-4fe6-9dc7-b84f6827359d@group-8322C3CD9FF7-SegmentedRaftLogWorker: created new log segment /workdir/hadoop-ozone/integration-test/target/test-dir/MiniOzoneClusterImpl-ec73e7b8-24c6-4197-838c-bd0443d97e1c/datanode-3/data/ratis/8496d245-20ad-404e-8b3a-8322c3cd9ff7/current/log_inprogress_0
2019-11-16 00:26:33,726 [5140e110-8ff7-42a5-9b32-053ee4f24742@group-8DF460CA0937-SegmentedRaftLogWorker] INFO  segmented.SegmentedRaftLogWorker (SegmentedRaftLogWorker.java:execute(576)) - 5140e110-8ff7-42a5-9b32-053ee4f24742@group-8DF460CA0937-SegmentedRaftLogWorker: created new log segment /workdir/hadoop-ozone/integration-test/target/test-dir/MiniOzoneClusterImpl-ec73e7b8-24c6-4197-838c-bd0443d97e1c/datanode-0/data/ratis/56648333-7cc0-4858-b377-8df460ca0937/current/log_inprogress_0
2019-11-16 00:26:33,726 [816b1da2-1c4e-42ee-9437-e192113ed53f@group-8322C3CD9FF7-SegmentedRaftLogWorker] INFO  segmented.SegmentedRaftLogWorker (SegmentedRaftLogWorker.java:execute(576)) - 816b1da2-1c4e-42ee-9437-e192113ed53f@group-8322C3CD9FF7-SegmentedRaftLogWorker: created new log segment /workdir/hadoop-ozone/integration-test/target/test-dir/MiniOzoneClusterImpl-ec73e7b8-24c6-4197-838c-bd0443d97e1c/datanode-5/data/ratis/8496d245-20ad-404e-8b3a-8322c3cd9ff7/current/log_inprogress_0
2019-11-16 00:26:33,781 [Thread-4273] INFO  impl.FollowerState (FollowerState.java:run(111)) - 5140e110-8ff7-42a5-9b32-053ee4f24742@group-ABBA576E5246-FollowerState: change to CANDIDATE, lastRpcTime:1119ms, electionTimeout:1118ms
2019-11-16 00:26:33,781 [Thread-4273] INFO  impl.RoleInfo (RoleInfo.java:shutdownFollowerState(121)) - 5140e110-8ff7-42a5-9b32-053ee4f24742: shutdown FollowerState
2019-11-16 00:26:33,781 [Thread-4273] INFO  impl.RaftServerImpl (RaftServerImpl.java:setRole(173)) - 5140e110-8ff7-42a5-9b32-053ee4f24742@group-ABBA576E5246: changes role from  FOLLOWER to CANDIDATE at term 0 for changeToCandidate
2019-11-16 00:26:33,782 [Thread-4273] INFO  impl.RoleInfo (RoleInfo.java:updateAndGet(143)) - 5140e110-8ff7-42a5-9b32-053ee4f24742: start LeaderElection
2019-11-16 00:26:33,787 [Thread-4275] INFO  impl.FollowerState (FollowerState.java:run(111)) - 0a2d6f7b-f3b3-43fc-9f44-c893c3969faf@group-ABBA576E5246-FollowerState: change to CANDIDATE, lastRpcTime:1124ms, electionTimeout:1124ms
2019-11-16 00:26:33,787 [Thread-4275] INFO  impl.RoleInfo (RoleInfo.java:shutdownFollowerState(121)) - 0a2d6f7b-f3b3-43fc-9f44-c893c3969faf: shutdown FollowerState
2019-11-16 00:26:33,787 [Thread-4275] INFO  impl.RaftServerImpl (RaftServerImpl.java:setRole(173)) - 0a2d6f7b-f3b3-43fc-9f44-c893c3969faf@group-ABBA576E5246: changes role from  FOLLOWER to CANDIDATE at term 0 for changeToCandidate
2019-11-16 00:26:33,788 [Thread-4275] INFO  impl.RoleInfo (RoleInfo.java:updateAndGet(143)) - 0a2d6f7b-f3b3-43fc-9f44-c893c3969faf: start LeaderElection
2019-11-16 00:26:33,796 [0a2d6f7b-f3b3-43fc-9f44-c893c3969faf@group-ABBA576E5246-LeaderElection177] INFO  impl.LeaderElection (LeaderElection.java:askForVotes(178)) - 0a2d6f7b-f3b3-43fc-9f44-c893c3969faf@group-ABBA576E5246-LeaderElection177: begin an election at term 1 for -1: [5140e110-8ff7-42a5-9b32-053ee4f24742:192.168.69.79:33415, 0a2d6f7b-f3b3-43fc-9f44-c893c3969faf:192.168.69.79:34899, 84c9c768-243c-47db-bab4-63e35b2a41a2:192.168.69.79:38689], old=null
2019-11-16 00:26:33,796 [5140e110-8ff7-42a5-9b32-053ee4f24742@group-ABBA576E5246-LeaderElection176] INFO  impl.LeaderElection (LeaderElection.java:askForVotes(178)) - 5140e110-8ff7-42a5-9b32-053ee4f24742@group-ABBA576E5246-LeaderElection176: begin an election at term 1 for -1: [5140e110-8ff7-42a5-9b32-053ee4f24742:192.168.69.79:33415, 0a2d6f7b-f3b3-43fc-9f44-c893c3969faf:192.168.69.79:34899, 84c9c768-243c-47db-bab4-63e35b2a41a2:192.168.69.79:38689], old=null
2019-11-16 00:26:33,798 [grpc-default-executor-2] INFO  impl.RaftServerImpl (RaftServerImpl.java:setRole(173)) - 84c9c768-243c-47db-bab4-63e35b2a41a2@group-ABBA576E5246: changes role from  FOLLOWER to FOLLOWER at term 1 for recognizeCandidate:5140e110-8ff7-42a5-9b32-053ee4f24742
2019-11-16 00:26:33,801 [grpc-default-executor-2] INFO  impl.RoleInfo (RoleInfo.java:shutdownFollowerState(121)) - 84c9c768-243c-47db-bab4-63e35b2a41a2: shutdown FollowerState
2019-11-16 00:26:33,802 [grpc-default-executor-2] INFO  impl.RoleInfo (RoleInfo.java:updateAndGet(143)) - 84c9c768-243c-47db-bab4-63e35b2a41a2: start FollowerState
2019-11-16 00:26:33,802 [Thread-4272] INFO  impl.FollowerState (FollowerState.java:run(120)) - 84c9c768-243c-47db-bab4-63e35b2a41a2@group-ABBA576E5246-FollowerState was interrupted: java.lang.InterruptedException: sleep interrupted
2019-11-16 00:26:33,818 [0a2d6f7b-f3b3-43fc-9f44-c893c3969faf@group-ABBA576E5246-LeaderElection177] INFO  impl.LeaderElection (LeaderElection.java:logAndReturn(56)) - 0a2d6f7b-f3b3-43fc-9f44-c893c3969faf@group-ABBA576E5246-LeaderElection177: Election REJECTED; received 2 response(s) [0a2d6f7b-f3b3-43fc-9f44-c893c3969faf<-5140e110-8ff7-42a5-9b32-053ee4f24742#0:FAIL-t1, 0a2d6f7b-f3b3-43fc-9f44-c893c3969faf<-84c9c768-243c-47db-bab4-63e35b2a41a2#0:FAIL-t1] and 0 exception(s); 0a2d6f7b-f3b3-43fc-9f44-c893c3969faf@group-ABBA576E5246:t1, leader=null, voted=0a2d6f7b-f3b3-43fc-9f44-c893c3969faf, raftlog=0a2d6f7b-f3b3-43fc-9f44-c893c3969faf@group-ABBA576E5246-SegmentedRaftLog:OPENED:c-1,f-1,i0, conf=-1: [5140e110-8ff7-42a5-9b32-053ee4f24742:192.168.69.79:33415, 0a2d6f7b-f3b3-43fc-9f44-c893c3969faf:192.168.69.79:34899, 84c9c768-243c-47db-bab4-63e35b2a41a2:192.168.69.79:38689], old=null
2019-11-16 00:26:33,818 [0a2d6f7b-f3b3-43fc-9f44-c893c3969faf@group-ABBA576E5246-LeaderElection177] INFO  impl.RaftServerImpl (RaftServerImpl.java:setRole(173)) - 0a2d6f7b-f3b3-43fc-9f44-c893c3969faf@group-ABBA576E5246: changes role from CANDIDATE to FOLLOWER at term 1 for DISCOVERED_A_NEW_TERM
2019-11-16 00:26:33,818 [0a2d6f7b-f3b3-43fc-9f44-c893c3969faf@group-ABBA576E5246-LeaderElection177] INFO  impl.RoleInfo (RoleInfo.java:shutdownLeaderElection(134)) - 0a2d6f7b-f3b3-43fc-9f44-c893c3969faf: shutdown LeaderElection
2019-11-16 00:26:33,818 [0a2d6f7b-f3b3-43fc-9f44-c893c3969faf@group-ABBA576E5246-LeaderElection177] INFO  impl.RoleInfo (RoleInfo.java:updateAndGet(143)) - 0a2d6f7b-f3b3-43fc-9f44-c893c3969faf: start FollowerState
2019-11-16 00:26:33,818 [5140e110-8ff7-42a5-9b32-053ee4f24742@group-ABBA576E5246-LeaderElection176] INFO  impl.LeaderElection (LeaderElection.java:logAndReturn(56)) - 5140e110-8ff7-42a5-9b32-053ee4f24742@group-ABBA576E5246-LeaderElection176: Election PASSED; received 2 response(s) [5140e110-8ff7-42a5-9b32-053ee4f24742<-0a2d6f7b-f3b3-43fc-9f44-c893c3969faf#0:FAIL-t1, 5140e110-8ff7-42a5-9b32-053ee4f24742<-84c9c768-243c-47db-bab4-63e35b2a41a2#0:OK-t1] and 0 exception(s); 5140e110-8ff7-42a5-9b32-053ee4f24742@group-ABBA576E5246:t1, leader=null, voted=5140e110-8ff7-42a5-9b32-053ee4f24742, raftlog=5140e110-8ff7-42a5-9b32-053ee4f24742@group-ABBA576E5246-SegmentedRaftLog:OPENED:c-1,f-1,i0, conf=-1: [5140e110-8ff7-42a5-9b32-053ee4f24742:192.168.69.79:33415, 0a2d6f7b-f3b3-43fc-9f44-c893c3969faf:192.168.69.79:34899, 84c9c768-243c-47db-bab4-63e35b2a41a2:192.168.69.79:38689], old=null
2019-11-16 00:26:33,818 [5140e110-8ff7-42a5-9b32-053ee4f24742@group-ABBA576E5246-LeaderElection176] INFO  impl.RoleInfo (RoleInfo.java:shutdownLeaderElection(134)) - 5140e110-8ff7-42a5-9b32-053ee4f24742: shutdown LeaderElection
2019-11-16 00:26:33,818 [5140e110-8ff7-42a5-9b32-053ee4f24742@group-ABBA576E5246-LeaderElection176] INFO  impl.RaftServerImpl (RaftServerImpl.java:setRole(173)) - 5140e110-8ff7-42a5-9b32-053ee4f24742@group-ABBA576E5246: changes role from CANDIDATE to LEADER at term 1 for changeToLeader
2019-11-16 00:26:33,818 [5140e110-8ff7-42a5-9b32-053ee4f24742@group-ABBA576E5246-LeaderElection176] INFO  ratis.XceiverServerRatis (XceiverServerRatis.java:handleLeaderChangedNotification(697)) - Leader change notification received for group: group-ABBA576E5246 with new leaderId: 5140e110-8ff7-42a5-9b32-053ee4f24742
2019-11-16 00:26:33,818 [5140e110-8ff7-42a5-9b32-053ee4f24742@group-ABBA576E5246-LeaderElection176] INFO  impl.RaftServerImpl (ServerState.java:setLeader(255)) - 5140e110-8ff7-42a5-9b32-053ee4f24742@group-ABBA576E5246: change Leader from null to 5140e110-8ff7-42a5-9b32-053ee4f24742 at term 1 for becomeLeader, leader elected after 1165ms
2019-11-16 00:26:33,819 [5140e110-8ff7-42a5-9b32-053ee4f24742@group-ABBA576E5246-LeaderElection176] INFO  server.RaftServerConfigKeys (ConfUtils.java:logGet(43)) - raft.server.staging.catchup.gap = 1000 (default)
2019-11-16 00:26:33,819 [5140e110-8ff7-42a5-9b32-053ee4f24742@group-ABBA576E5246-LeaderElection176] INFO  server.RaftServerConfigKeys (ConfUtils.java:logGet(43)) - raft.server.rpc.sleep.time = 25ms (default)
2019-11-16 00:26:33,819 [5140e110-8ff7-42a5-9b32-053ee4f24742@group-ABBA576E5246-LeaderElection176] INFO  server.RaftServerConfigKeys (ConfUtils.java:logGet(43)) - raft.server.write.element-limit = 4096 (default)
2019-11-16 00:26:33,819 [5140e110-8ff7-42a5-9b32-053ee4f24742@group-ABBA576E5246-LeaderElection176] INFO  server.RaftServerConfigKeys (ConfUtils.java:logGet(43)) - raft.server.watch.timeout = 10s (default)
2019-11-16 00:26:33,819 [5140e110-8ff7-42a5-9b32-053ee4f24742@group-ABBA576E5246-LeaderElection176] INFO  server.RaftServerConfigKeys (ConfUtils.java:logGet(43)) - raft.server.watch.timeout.denomination = 1s (default)
2019-11-16 00:26:33,819 [5140e110-8ff7-42a5-9b32-053ee4f24742@group-ABBA576E5246-LeaderElection176] INFO  server.RaftServerConfigKeys (ConfUtils.java:logGet(43)) - raft.server.watch.element-limit = 65536 (default)
2019-11-16 00:26:33,819 [5140e110-8ff7-42a5-9b32-053ee4f24742@group-ABBA576E5246-LeaderElection176] INFO  server.RaftServerConfigKeys (ConfUtils.java:logGet(43)) - raft.server.log.appender.snapshot.chunk.size.max = 16MB (=16777216) (default)
2019-11-16 00:26:33,819 [5140e110-8ff7-42a5-9b32-053ee4f24742@group-ABBA576E5246-LeaderElection176] INFO  server.RaftServerConfigKeys (ConfUtils.java:logGet(43)) - raft.server.log.appender.buffer.byte-limit = 33554432 (custom)
2019-11-16 00:26:33,819 [5140e110-8ff7-42a5-9b32-053ee4f24742@group-ABBA576E5246-LeaderElection176] INFO  server.RaftServerConfigKeys (ConfUtils.java:logGet(43)) - raft.server.log.appender.buffer.element-limit = 1 (custom)
2019-11-16 00:26:33,819 [EventQueue-PipelineReportForPipelineReportHandler] INFO  pipeline.PipelineStateManager (PipelineStateManager.java:openPipeline(134)) - Pipeline Pipeline[ Id: e68a556c-608d-48a6-be74-abba576e5246, Nodes: 0a2d6f7b-f3b3-43fc-9f44-c893c3969faf{ip: 192.168.69.79, host: pr-hdds-2501-b5dhd-1197665634, networkLocation: /rack1, certSerialId: null}84c9c768-243c-47db-bab4-63e35b2a41a2{ip: 192.168.69.79, host: pr-hdds-2501-b5dhd-1197665634, networkLocation: /rack1, certSerialId: null}5140e110-8ff7-42a5-9b32-053ee4f24742{ip: 192.168.69.79, host: pr-hdds-2501-b5dhd-1197665634, networkLocation: /rack1, certSerialId: null}, Type:RATIS, Factor:THREE, State:OPEN] moved to OPEN state
2019-11-16 00:26:33,820 [5140e110-8ff7-42a5-9b32-053ee4f24742@group-ABBA576E5246-LeaderElection176] INFO  grpc.GrpcConfigKeys$Server (ConfUtils.java:logGet(43)) - raft.grpc.server.leader.outstanding.appends.max = 128 (default)
2019-11-16 00:26:33,820 [5140e110-8ff7-42a5-9b32-053ee4f24742@group-ABBA576E5246-LeaderElection176] INFO  server.RaftServerConfigKeys (ConfUtils.java:logGet(43)) - raft.server.rpc.request.timeout = 3000ms (default)
2019-11-16 00:26:33,820 [5140e110-8ff7-42a5-9b32-053ee4f24742@group-ABBA576E5246-LeaderElection176] INFO  server.RaftServerConfigKeys (ConfUtils.java:logGet(43)) - raft.server.log.appender.install.snapshot.enabled = false (custom)
2019-11-16 00:26:33,820 [5140e110-8ff7-42a5-9b32-053ee4f24742@group-ABBA576E5246-LeaderElection176] WARN  impl.MetricRegistriesImpl (MetricRegistriesImpl.java:lambda$create$1(61)) - First MetricRegistry has been created without registering reporters. You may need to call MetricRegistries.global().addReportRegistration(...) before.
2019-11-16 00:26:33,820 [5140e110-8ff7-42a5-9b32-053ee4f24742@group-ABBA576E5246-LeaderElection176] INFO  server.RaftServerConfigKeys (ConfUtils.java:logGet(43)) - raft.server.log.appender.snapshot.chunk.size.max = 16MB (=16777216) (default)
2019-11-16 00:26:33,820 [5140e110-8ff7-42a5-9b32-053ee4f24742@group-ABBA576E5246-LeaderElection176] INFO  server.RaftServerConfigKeys (ConfUtils.java:logGet(43)) - raft.server.log.appender.buffer.byte-limit = 33554432 (custom)
2019-11-16 00:26:33,820 [5140e110-8ff7-42a5-9b32-053ee4f24742@group-ABBA576E5246-LeaderElection176] INFO  server.RaftServerConfigKeys (ConfUtils.java:logGet(43)) - raft.server.log.appender.buffer.element-limit = 1 (custom)
2019-11-16 00:26:33,820 [5140e110-8ff7-42a5-9b32-053ee4f24742@group-ABBA576E5246-LeaderElection176] INFO  grpc.GrpcConfigKeys$Server (ConfUtils.java:logGet(43)) - raft.grpc.server.leader.outstanding.appends.max = 128 (default)
2019-11-16 00:26:33,820 [5140e110-8ff7-42a5-9b32-053ee4f24742@group-ABBA576E5246-LeaderElection176] INFO  server.RaftServerConfigKeys (ConfUtils.java:logGet(43)) - raft.server.rpc.request.timeout = 3000ms (default)
2019-11-16 00:26:33,820 [5140e110-8ff7-42a5-9b32-053ee4f24742@group-ABBA576E5246-LeaderElection176] INFO  server.RaftServerConfigKeys (ConfUtils.java:logGet(43)) - raft.server.log.appender.install.snapshot.enabled = false (custom)
2019-11-16 00:26:33,821 [5140e110-8ff7-42a5-9b32-053ee4f24742@group-ABBA576E5246-LeaderElection176] INFO  impl.RoleInfo (RoleInfo.java:updateAndGet(143)) - 5140e110-8ff7-42a5-9b32-053ee4f24742: start LeaderState
2019-11-16 00:26:33,821 [5140e110-8ff7-42a5-9b32-053ee4f24742@group-ABBA576E5246-LeaderElection176] INFO  segmented.SegmentedRaftLogWorker (SegmentedRaftLogWorker.java:startLogSegment(385)) - 5140e110-8ff7-42a5-9b32-053ee4f24742@group-ABBA576E5246-SegmentedRaftLogWorker: Starting segment from index:0
2019-11-16 00:26:33,821 [5140e110-8ff7-42a5-9b32-053ee4f24742@group-ABBA576E5246-LeaderElection176] INFO  impl.RaftServerImpl (ServerState.java:setRaftConf(356)) - 5140e110-8ff7-42a5-9b32-053ee4f24742@group-ABBA576E5246: set configuration 0: [5140e110-8ff7-42a5-9b32-053ee4f24742:192.168.69.79:33415, 0a2d6f7b-f3b3-43fc-9f44-c893c3969faf:192.168.69.79:34899, 84c9c768-243c-47db-bab4-63e35b2a41a2:192.168.69.79:38689], old=null at 0
2019-11-16 00:26:33,847 [grpc-default-executor-2] INFO  ratis.XceiverServerRatis (XceiverServerRatis.java:handleLeaderChangedNotification(697)) - Leader change notification received for group: group-ABBA576E5246 with new leaderId: 5140e110-8ff7-42a5-9b32-053ee4f24742
2019-11-16 00:26:33,847 [grpc-default-executor-1] INFO  ratis.XceiverServerRatis (XceiverServerRatis.java:handleLeaderChangedNotification(697)) - Leader change notification received for group: group-ABBA576E5246 with new leaderId: 5140e110-8ff7-42a5-9b32-053ee4f24742
2019-11-16 00:26:33,847 [grpc-default-executor-2] INFO  impl.RaftServerImpl (ServerState.java:setLeader(255)) - 84c9c768-243c-47db-bab4-63e35b2a41a2@group-ABBA576E5246: change Leader from null to 5140e110-8ff7-42a5-9b32-053ee4f24742 at term 1 for appendEntries, leader elected after 1194ms
2019-11-16 00:26:33,847 [grpc-default-executor-1] INFO  impl.RaftServerImpl (ServerState.java:setLeader(255)) - 0a2d6f7b-f3b3-43fc-9f44-c893c3969faf@group-ABBA576E5246: change Leader from null to 5140e110-8ff7-42a5-9b32-053ee4f24742 at term 1 for appendEntries, leader elected after 1194ms
2019-11-16 00:26:33,849 [grpc-default-executor-1] INFO  impl.RaftServerImpl (ServerState.java:setRaftConf(356)) - 0a2d6f7b-f3b3-43fc-9f44-c893c3969faf@group-ABBA576E5246: set configuration 0: [5140e110-8ff7-42a5-9b32-053ee4f24742:192.168.69.79:33415, 0a2d6f7b-f3b3-43fc-9f44-c893c3969faf:192.168.69.79:34899, 84c9c768-243c-47db-bab4-63e35b2a41a2:192.168.69.79:38689], old=null at 0
2019-11-16 00:26:33,850 [grpc-default-executor-1] INFO  segmented.SegmentedRaftLogWorker (SegmentedRaftLogWorker.java:startLogSegment(385)) - 0a2d6f7b-f3b3-43fc-9f44-c893c3969faf@group-ABBA576E5246-SegmentedRaftLogWorker: Starting segment from index:0
2019-11-16 00:26:33,850 [grpc-default-executor-2] INFO  impl.RaftServerImpl (ServerState.java:setRaftConf(356)) - 84c9c768-243c-47db-bab4-63e35b2a41a2@group-ABBA576E5246: set configuration 0: [5140e110-8ff7-42a5-9b32-053ee4f24742:192.168.69.79:33415, 0a2d6f7b-f3b3-43fc-9f44-c893c3969faf:192.168.69.79:34899, 84c9c768-243c-47db-bab4-63e35b2a41a2:192.168.69.79:38689], old=null at 0
2019-11-16 00:26:33,850 [grpc-default-executor-2] INFO  segmented.SegmentedRaftLogWorker (SegmentedRaftLogWorker.java:startLogSegment(385)) - 84c9c768-243c-47db-bab4-63e35b2a41a2@group-ABBA576E5246-SegmentedRaftLogWorker: Starting segment from index:0
2019-11-16 00:26:33,858 [5140e110-8ff7-42a5-9b32-053ee4f24742@group-ABBA576E5246-SegmentedRaftLogWorker] INFO  segmented.SegmentedRaftLogWorker (SegmentedRaftLogWorker.java:execute(576)) - 5140e110-8ff7-42a5-9b32-053ee4f24742@group-ABBA576E5246-SegmentedRaftLogWorker: created new log segment /workdir/hadoop-ozone/integration-test/target/test-dir/MiniOzoneClusterImpl-ec73e7b8-24c6-4197-838c-bd0443d97e1c/datanode-0/data/ratis/e68a556c-608d-48a6-be74-abba576e5246/current/log_inprogress_0
2019-11-16 00:26:33,860 [Thread-4281] INFO  impl.FollowerState (FollowerState.java:run(111)) - 69b8f75d-497f-4fe6-9dc7-b84f6827359d@group-169F38A0322C-FollowerState: change to CANDIDATE, lastRpcTime:1141ms, electionTimeout:1141ms
2019-11-16 00:26:33,860 [Thread-4281] INFO  impl.RoleInfo (RoleInfo.java:shutdownFollowerState(121)) - 69b8f75d-497f-4fe6-9dc7-b84f6827359d: shutdown FollowerState
2019-11-16 00:26:33,860 [Thread-4281] INFO  impl.RaftServerImpl (RaftServerImpl.java:setRole(173)) - 69b8f75d-497f-4fe6-9dc7-b84f6827359d@group-169F38A0322C: changes role from  FOLLOWER to CANDIDATE at term 0 for changeToCandidate
2019-11-16 00:26:33,860 [Thread-4281] INFO  impl.RoleInfo (RoleInfo.java:updateAndGet(143)) - 69b8f75d-497f-4fe6-9dc7-b84f6827359d: start LeaderElection
2019-11-16 00:26:33,874 [69b8f75d-497f-4fe6-9dc7-b84f6827359d@group-169F38A0322C-LeaderElection178] INFO  impl.LeaderElection (LeaderElection.java:askForVotes(178)) - 69b8f75d-497f-4fe6-9dc7-b84f6827359d@group-169F38A0322C-LeaderElection178: begin an election at term 1 for -1: [69b8f75d-497f-4fe6-9dc7-b84f6827359d:192.168.69.79:44545], old=null
2019-11-16 00:26:33,874 [69b8f75d-497f-4fe6-9dc7-b84f6827359d@group-169F38A0322C-LeaderElection178] INFO  impl.RoleInfo (RoleInfo.java:shutdownLeaderElection(134)) - 69b8f75d-497f-4fe6-9dc7-b84f6827359d: shutdown LeaderElection
2019-11-16 00:26:33,874 [69b8f75d-497f-4fe6-9dc7-b84f6827359d@group-169F38A0322C-LeaderElection178] INFO  impl.RaftServerImpl (RaftServerImpl.java:setRole(173)) - 69b8f75d-497f-4fe6-9dc7-b84f6827359d@group-169F38A0322C: changes role from CANDIDATE to LEADER at term 1 for changeToLeader
2019-11-16 00:26:33,874 [69b8f75d-497f-4fe6-9dc7-b84f6827359d@group-169F38A0322C-LeaderElection178] INFO  ratis.XceiverServerRatis (XceiverServerRatis.java:handleLeaderChangedNotification(697)) - Leader change notification received for group: group-169F38A0322C with new leaderId: 69b8f75d-497f-4fe6-9dc7-b84f6827359d
2019-11-16 00:26:33,875 [69b8f75d-497f-4fe6-9dc7-b84f6827359d@group-169F38A0322C-LeaderElection178] INFO  impl.RaftServerImpl (ServerState.java:setLeader(255)) - 69b8f75d-497f-4fe6-9dc7-b84f6827359d@group-169F38A0322C: change Leader from null to 69b8f75d-497f-4fe6-9dc7-b84f6827359d at term 1 for becomeLeader, leader elected after 1160ms
2019-11-16 00:26:33,875 [69b8f75d-497f-4fe6-9dc7-b84f6827359d@group-169F38A0322C-LeaderElection178] INFO  server.RaftServerConfigKeys (ConfUtils.java:logGet(43)) - raft.server.staging.catchup.gap = 1000 (default)
2019-11-16 00:26:33,875 [69b8f75d-497f-4fe6-9dc7-b84f6827359d@group-169F38A0322C-LeaderElection178] INFO  server.RaftServerConfigKeys (ConfUtils.java:logGet(43)) - raft.server.rpc.sleep.time = 25ms (default)
2019-11-16 00:26:33,875 [69b8f75d-497f-4fe6-9dc7-b84f6827359d@group-169F38A0322C-LeaderElection178] INFO  server.RaftServerConfigKeys (ConfUtils.java:logGet(43)) - raft.server.write.element-limit = 4096 (default)
2019-11-16 00:26:33,875 [69b8f75d-497f-4fe6-9dc7-b84f6827359d@group-169F38A0322C-LeaderElection178] INFO  server.RaftServerConfigKeys (ConfUtils.java:logGet(43)) - raft.server.watch.timeout = 10s (default)
2019-11-16 00:26:33,876 [69b8f75d-497f-4fe6-9dc7-b84f6827359d@group-169F38A0322C-LeaderElection178] INFO  server.RaftServerConfigKeys (ConfUtils.java:logGet(43)) - raft.server.watch.timeout.denomination = 1s (default)
2019-11-16 00:26:33,876 [69b8f75d-497f-4fe6-9dc7-b84f6827359d@group-169F38A0322C-LeaderElection178] INFO  server.RaftServerConfigKeys (ConfUtils.java:logGet(43)) - raft.server.watch.element-limit = 65536 (default)
2019-11-16 00:26:33,876 [EventQueue-PipelineReportForPipelineReportHandler] INFO  pipeline.PipelineStateManager (PipelineStateManager.java:openPipeline(134)) - Pipeline Pipeline[ Id: b832d6c3-3221-4337-b2a9-169f38a0322c, Nodes: 69b8f75d-497f-4fe6-9dc7-b84f6827359d{ip: 192.168.69.79, host: pr-hdds-2501-b5dhd-1197665634, networkLocation: /rack1, certSerialId: null}, Type:RATIS, Factor:ONE, State:OPEN] moved to OPEN state
2019-11-16 00:26:33,876 [69b8f75d-497f-4fe6-9dc7-b84f6827359d@group-169F38A0322C-LeaderElection178] INFO  impl.RoleInfo (RoleInfo.java:updateAndGet(143)) - 69b8f75d-497f-4fe6-9dc7-b84f6827359d: start LeaderState
2019-11-16 00:26:33,876 [69b8f75d-497f-4fe6-9dc7-b84f6827359d@group-169F38A0322C-LeaderElection178] INFO  segmented.SegmentedRaftLogWorker (SegmentedRaftLogWorker.java:startLogSegment(385)) - 69b8f75d-497f-4fe6-9dc7-b84f6827359d@group-169F38A0322C-SegmentedRaftLogWorker: Starting segment from index:0
2019-11-16 00:26:33,877 [69b8f75d-497f-4fe6-9dc7-b84f6827359d@group-169F38A0322C-LeaderElection178] INFO  impl.RaftServerImpl (ServerState.java:setRaftConf(356)) - 69b8f75d-497f-4fe6-9dc7-b84f6827359d@group-169F38A0322C: set configuration 0: [69b8f75d-497f-4fe6-9dc7-b84f6827359d:192.168.69.79:44545], old=null at 0
2019-11-16 00:26:33,916 [69b8f75d-497f-4fe6-9dc7-b84f6827359d@group-169F38A0322C-SegmentedRaftLogWorker] INFO  segmented.SegmentedRaftLogWorker (SegmentedRaftLogWorker.java:execute(576)) - 69b8f75d-497f-4fe6-9dc7-b84f6827359d@group-169F38A0322C-SegmentedRaftLogWorker: created new log segment /workdir/hadoop-ozone/integration-test/target/test-dir/MiniOzoneClusterImpl-ec73e7b8-24c6-4197-838c-bd0443d97e1c/datanode-3/data/ratis/b832d6c3-3221-4337-b2a9-169f38a0322c/current/log_inprogress_0
2019-11-16 00:26:33,916 [84c9c768-243c-47db-bab4-63e35b2a41a2@group-ABBA576E5246-SegmentedRaftLogWorker] INFO  segmented.SegmentedRaftLogWorker (SegmentedRaftLogWorker.java:execute(576)) - 84c9c768-243c-47db-bab4-63e35b2a41a2@group-ABBA576E5246-SegmentedRaftLogWorker: created new log segment /workdir/hadoop-ozone/integration-test/target/test-dir/MiniOzoneClusterImpl-ec73e7b8-24c6-4197-838c-bd0443d97e1c/datanode-2/data/ratis/e68a556c-608d-48a6-be74-abba576e5246/current/log_inprogress_0
2019-11-16 00:26:33,916 [0a2d6f7b-f3b3-43fc-9f44-c893c3969faf@group-ABBA576E5246-SegmentedRaftLogWorker] INFO  segmented.SegmentedRaftLogWorker (SegmentedRaftLogWorker.java:execute(576)) - 0a2d6f7b-f3b3-43fc-9f44-c893c3969faf@group-ABBA576E5246-SegmentedRaftLogWorker: created new log segment /workdir/hadoop-ozone/integration-test/target/test-dir/MiniOzoneClusterImpl-ec73e7b8-24c6-4197-838c-bd0443d97e1c/datanode-1/data/ratis/e68a556c-608d-48a6-be74-abba576e5246/current/log_inprogress_0
2019-11-16 00:26:33,921 [Thread-4299] INFO  impl.FollowerState (FollowerState.java:run(111)) - 82886741-ea2e-41d6-b944-d04bb5a8b025@group-5F246D87C751-FollowerState: change to CANDIDATE, lastRpcTime:1065ms, electionTimeout:1065ms
2019-11-16 00:26:33,921 [Thread-4299] INFO  impl.RoleInfo (RoleInfo.java:shutdownFollowerState(121)) - 82886741-ea2e-41d6-b944-d04bb5a8b025: shutdown FollowerState
2019-11-16 00:26:33,921 [Thread-4299] INFO  impl.RaftServerImpl (RaftServerImpl.java:setRole(173)) - 82886741-ea2e-41d6-b944-d04bb5a8b025@group-5F246D87C751: changes role from  FOLLOWER to CANDIDATE at term 0 for changeToCandidate
2019-11-16 00:26:33,921 [Thread-4299] INFO  impl.RoleInfo (RoleInfo.java:updateAndGet(143)) - 82886741-ea2e-41d6-b944-d04bb5a8b025: start LeaderElection
2019-11-16 00:26:33,934 [82886741-ea2e-41d6-b944-d04bb5a8b025@group-5F246D87C751-LeaderElection179] INFO  impl.LeaderElection (LeaderElection.java:askForVotes(178)) - 82886741-ea2e-41d6-b944-d04bb5a8b025@group-5F246D87C751-LeaderElection179: begin an election at term 1 for -1: [82886741-ea2e-41d6-b944-d04bb5a8b025:192.168.69.79:37949, 1d1fab7d-6382-4228-8566-b1891c590073:192.168.69.79:34425, e887c5fb-6c7f-48d0-908d-014a119bd478:192.168.69.79:44398], old=null
2019-11-16 00:26:33,937 [grpc-default-executor-1] INFO  impl.RaftServerImpl (RaftServerImpl.java:setRole(173)) - e887c5fb-6c7f-48d0-908d-014a119bd478@group-5F246D87C751: changes role from  FOLLOWER to FOLLOWER at term 1 for recognizeCandidate:82886741-ea2e-41d6-b944-d04bb5a8b025
2019-11-16 00:26:33,938 [grpc-default-executor-1] INFO  impl.RoleInfo (RoleInfo.java:shutdownFollowerState(121)) - e887c5fb-6c7f-48d0-908d-014a119bd478: shutdown FollowerState
2019-11-16 00:26:33,938 [grpc-default-executor-1] INFO  impl.RoleInfo (RoleInfo.java:updateAndGet(143)) - e887c5fb-6c7f-48d0-908d-014a119bd478: start FollowerState
2019-11-16 00:26:33,938 [grpc-default-executor-2] INFO  impl.RaftServerImpl (RaftServerImpl.java:setRole(173)) - 1d1fab7d-6382-4228-8566-b1891c590073@group-5F246D87C751: changes role from  FOLLOWER to FOLLOWER at term 1 for recognizeCandidate:82886741-ea2e-41d6-b944-d04bb5a8b025
2019-11-16 00:26:33,938 [Thread-4300] INFO  impl.FollowerState (FollowerState.java:run(120)) - e887c5fb-6c7f-48d0-908d-014a119bd478@group-5F246D87C751-FollowerState was interrupted: java.lang.InterruptedException: sleep interrupted
2019-11-16 00:26:33,938 [grpc-default-executor-2] INFO  impl.RoleInfo (RoleInfo.java:shutdownFollowerState(121)) - 1d1fab7d-6382-4228-8566-b1891c590073: shutdown FollowerState
2019-11-16 00:26:33,938 [grpc-default-executor-2] INFO  impl.RoleInfo (RoleInfo.java:updateAndGet(143)) - 1d1fab7d-6382-4228-8566-b1891c590073: start FollowerState
2019-11-16 00:26:33,938 [Thread-4295] INFO  impl.FollowerState (FollowerState.java:run(120)) - 1d1fab7d-6382-4228-8566-b1891c590073@group-5F246D87C751-FollowerState was interrupted: java.lang.InterruptedException: sleep interrupted
2019-11-16 00:26:33,940 [Thread-4285] INFO  impl.FollowerState (FollowerState.java:run(111)) - 0a2d6f7b-f3b3-43fc-9f44-c893c3969faf@group-DA670994ADD4-FollowerState: change to CANDIDATE, lastRpcTime:1181ms, electionTimeout:1181ms
2019-11-16 00:26:33,940 [Thread-4285] INFO  impl.RoleInfo (RoleInfo.java:shutdownFollowerState(121)) - 0a2d6f7b-f3b3-43fc-9f44-c893c3969faf: shutdown FollowerState
2019-11-16 00:26:33,940 [Thread-4285] INFO  impl.RaftServerImpl (RaftServerImpl.java:setRole(173)) - 0a2d6f7b-f3b3-43fc-9f44-c893c3969faf@group-DA670994ADD4: changes role from  FOLLOWER to CANDIDATE at term 0 for changeToCandidate
2019-11-16 00:26:33,940 [Thread-4285] INFO  impl.RoleInfo (RoleInfo.java:updateAndGet(143)) - 0a2d6f7b-f3b3-43fc-9f44-c893c3969faf: start LeaderElection
2019-11-16 00:26:33,948 [Thread-4289] INFO  impl.FollowerState (FollowerState.java:run(111)) - a05a7939-ef6c-4534-b55b-b612829faca5@group-B5E5C2DA4F1E-FollowerState: change to CANDIDATE, lastRpcTime:1142ms, electionTimeout:1142ms
2019-11-16 00:26:33,948 [Thread-4289] INFO  impl.RoleInfo (RoleInfo.java:shutdownFollowerState(121)) - a05a7939-ef6c-4534-b55b-b612829faca5: shutdown FollowerState
2019-11-16 00:26:33,948 [Thread-4289] INFO  impl.RaftServerImpl (RaftServerImpl.java:setRole(173)) - a05a7939-ef6c-4534-b55b-b612829faca5@group-B5E5C2DA4F1E: changes role from  FOLLOWER to CANDIDATE at term 0 for changeToCandidate
2019-11-16 00:26:33,948 [Thread-4289] INFO  impl.RoleInfo (RoleInfo.java:updateAndGet(143)) - a05a7939-ef6c-4534-b55b-b612829faca5: start LeaderElection
2019-11-16 00:26:33,952 [0a2d6f7b-f3b3-43fc-9f44-c893c3969faf@group-DA670994ADD4-LeaderElection180] INFO  impl.LeaderElection (LeaderElection.java:askForVotes(178)) - 0a2d6f7b-f3b3-43fc-9f44-c893c3969faf@group-DA670994ADD4-LeaderElection180: begin an election at term 1 for -1: [0a2d6f7b-f3b3-43fc-9f44-c893c3969faf:192.168.69.79:34899], old=null
2019-11-16 00:26:33,952 [0a2d6f7b-f3b3-43fc-9f44-c893c3969faf@group-DA670994ADD4-LeaderElection180] INFO  impl.RoleInfo (RoleInfo.java:shutdownLeaderElection(134)) - 0a2d6f7b-f3b3-43fc-9f44-c893c3969faf: shutdown LeaderElection
2019-11-16 00:26:33,952 [0a2d6f7b-f3b3-43fc-9f44-c893c3969faf@group-DA670994ADD4-LeaderElection180] INFO  impl.RaftServerImpl (RaftServerImpl.java:setRole(173)) - 0a2d6f7b-f3b3-43fc-9f44-c893c3969faf@group-DA670994ADD4: changes role from CANDIDATE to LEADER at term 1 for changeToLeader
2019-11-16 00:26:33,952 [0a2d6f7b-f3b3-43fc-9f44-c893c3969faf@group-DA670994ADD4-LeaderElection180] INFO  ratis.XceiverServerRatis (XceiverServerRatis.java:handleLeaderChangedNotification(697)) - Leader change notification received for group: group-DA670994ADD4 with new leaderId: 0a2d6f7b-f3b3-43fc-9f44-c893c3969faf
2019-11-16 00:26:33,952 [82886741-ea2e-41d6-b944-d04bb5a8b025@group-5F246D87C751-LeaderElection179] INFO  impl.LeaderElection (LeaderElection.java:logAndReturn(56)) - 82886741-ea2e-41d6-b944-d04bb5a8b025@group-5F246D87C751-LeaderElection179: Election PASSED; received 1 response(s) [82886741-ea2e-41d6-b944-d04bb5a8b025<-e887c5fb-6c7f-48d0-908d-014a119bd478#0:OK-t1] and 0 exception(s); 82886741-ea2e-41d6-b944-d04bb5a8b025@group-5F246D87C751:t1, leader=null, voted=82886741-ea2e-41d6-b944-d04bb5a8b025, raftlog=82886741-ea2e-41d6-b944-d04bb5a8b025@group-5F246D87C751-SegmentedRaftLog:OPENED:c-1,f-1,i0, conf=-1: [82886741-ea2e-41d6-b944-d04bb5a8b025:192.168.69.79:37949, 1d1fab7d-6382-4228-8566-b1891c590073:192.168.69.79:34425, e887c5fb-6c7f-48d0-908d-014a119bd478:192.168.69.79:44398], old=null
2019-11-16 00:26:33,953 [0a2d6f7b-f3b3-43fc-9f44-c893c3969faf@group-DA670994ADD4-LeaderElection180] INFO  impl.RaftServerImpl (ServerState.java:setLeader(255)) - 0a2d6f7b-f3b3-43fc-9f44-c893c3969faf@group-DA670994ADD4: change Leader from null to 0a2d6f7b-f3b3-43fc-9f44-c893c3969faf at term 1 for becomeLeader, leader elected after 1196ms
2019-11-16 00:26:33,953 [82886741-ea2e-41d6-b944-d04bb5a8b025@group-5F246D87C751-LeaderElection179] INFO  impl.RoleInfo (RoleInfo.java:shutdownLeaderElection(134)) - 82886741-ea2e-41d6-b944-d04bb5a8b025: shutdown LeaderElection
2019-11-16 00:26:33,953 [a05a7939-ef6c-4534-b55b-b612829faca5@group-B5E5C2DA4F1E-LeaderElection181] INFO  impl.LeaderElection (LeaderElection.java:askForVotes(178)) - a05a7939-ef6c-4534-b55b-b612829faca5@group-B5E5C2DA4F1E-LeaderElection181: begin an election at term 1 for -1: [a05a7939-ef6c-4534-b55b-b612829faca5:192.168.69.79:35267], old=null
2019-11-16 00:26:33,953 [82886741-ea2e-41d6-b944-d04bb5a8b025@group-5F246D87C751-LeaderElection179] INFO  impl.RaftServerImpl (RaftServerImpl.java:setRole(173)) - 82886741-ea2e-41d6-b944-d04bb5a8b025@group-5F246D87C751: changes role from CANDIDATE to LEADER at term 1 for changeToLeader
2019-11-16 00:26:33,953 [0a2d6f7b-f3b3-43fc-9f44-c893c3969faf@group-DA670994ADD4-LeaderElection180] INFO  server.RaftServerConfigKeys (ConfUtils.java:logGet(43)) - raft.server.staging.catchup.gap = 1000 (default)
2019-11-16 00:26:33,953 [82886741-ea2e-41d6-b944-d04bb5a8b025@group-5F246D87C751-LeaderElection179] INFO  ratis.XceiverServerRatis (XceiverServerRatis.java:handleLeaderChangedNotification(697)) - Leader change notification received for group: group-5F246D87C751 with new leaderId: 82886741-ea2e-41d6-b944-d04bb5a8b025
2019-11-16 00:26:33,953 [a05a7939-ef6c-4534-b55b-b612829faca5@group-B5E5C2DA4F1E-LeaderElection181] INFO  impl.RoleInfo (RoleInfo.java:shutdownLeaderElection(134)) - a05a7939-ef6c-4534-b55b-b612829faca5: shutdown LeaderElection
2019-11-16 00:26:33,953 [82886741-ea2e-41d6-b944-d04bb5a8b025@group-5F246D87C751-LeaderElection179] INFO  impl.RaftServerImpl (ServerState.java:setLeader(255)) - 82886741-ea2e-41d6-b944-d04bb5a8b025@group-5F246D87C751: change Leader from null to 82886741-ea2e-41d6-b944-d04bb5a8b025 at term 1 for becomeLeader, leader elected after 1106ms
2019-11-16 00:26:33,953 [0a2d6f7b-f3b3-43fc-9f44-c893c3969faf@group-DA670994ADD4-LeaderElection180] INFO  server.RaftServerConfigKeys (ConfUtils.java:logGet(43)) - raft.server.rpc.sleep.time = 25ms (default)
2019-11-16 00:26:33,953 [82886741-ea2e-41d6-b944-d04bb5a8b025@group-5F246D87C751-LeaderElection179] INFO  server.RaftServerConfigKeys (ConfUtils.java:logGet(43)) - raft.server.staging.catchup.gap = 1000 (default)
2019-11-16 00:26:33,954 [0a2d6f7b-f3b3-43fc-9f44-c893c3969faf@group-DA670994ADD4-LeaderElection180] INFO  server.RaftServerConfigKeys (ConfUtils.java:logGet(43)) - raft.server.write.element-limit = 4096 (default)
2019-11-16 00:26:33,953 [EventQueue-PipelineReportForPipelineReportHandler] INFO  pipeline.PipelineStateManager (PipelineStateManager.java:openPipeline(134)) - Pipeline Pipeline[ Id: f3d4c879-f055-4e95-8631-da670994add4, Nodes: 0a2d6f7b-f3b3-43fc-9f44-c893c3969faf{ip: 192.168.69.79, host: pr-hdds-2501-b5dhd-1197665634, networkLocation: /rack1, certSerialId: null}, Type:RATIS, Factor:ONE, State:OPEN] moved to OPEN state
2019-11-16 00:26:33,953 [a05a7939-ef6c-4534-b55b-b612829faca5@group-B5E5C2DA4F1E-LeaderElection181] INFO  impl.RaftServerImpl (RaftServerImpl.java:setRole(173)) - a05a7939-ef6c-4534-b55b-b612829faca5@group-B5E5C2DA4F1E: changes role from CANDIDATE to LEADER at term 1 for changeToLeader
2019-11-16 00:26:33,954 [0a2d6f7b-f3b3-43fc-9f44-c893c3969faf@group-DA670994ADD4-LeaderElection180] INFO  server.RaftServerConfigKeys (ConfUtils.java:logGet(43)) - raft.server.watch.timeout = 10s (default)
2019-11-16 00:26:33,954 [82886741-ea2e-41d6-b944-d04bb5a8b025@group-5F246D87C751-LeaderElection179] INFO  server.RaftServerConfigKeys (ConfUtils.java:logGet(43)) - raft.server.rpc.sleep.time = 25ms (default)
2019-11-16 00:26:33,954 [0a2d6f7b-f3b3-43fc-9f44-c893c3969faf@group-DA670994ADD4-LeaderElection180] INFO  server.RaftServerConfigKeys (ConfUtils.java:logGet(43)) - raft.server.watch.timeout.denomination = 1s (default)
2019-11-16 00:26:33,954 [EventQueue-PipelineReportForPipelineReportHandler] INFO  pipeline.PipelineStateManager (PipelineStateManager.java:openPipeline(134)) - Pipeline Pipeline[ Id: 1bad0bf1-bdbb-4e45-b448-5f246d87c751, Nodes: 82886741-ea2e-41d6-b944-d04bb5a8b025{ip: 192.168.69.79, host: pr-hdds-2501-b5dhd-1197665634, networkLocation: /rack1, certSerialId: null}e887c5fb-6c7f-48d0-908d-014a119bd478{ip: 192.168.69.79, host: pr-hdds-2501-b5dhd-1197665634, networkLocation: /rack1, certSerialId: null}1d1fab7d-6382-4228-8566-b1891c590073{ip: 192.168.69.79, host: pr-hdds-2501-b5dhd-1197665634, networkLocation: /rack1, certSerialId: null}, Type:RATIS, Factor:THREE, State:OPEN] moved to OPEN state
2019-11-16 00:26:33,954 [a05a7939-ef6c-4534-b55b-b612829faca5@group-B5E5C2DA4F1E-LeaderElection181] INFO  ratis.XceiverServerRatis (XceiverServerRatis.java:handleLeaderChangedNotification(697)) - Leader change notification received for group: group-B5E5C2DA4F1E with new leaderId: a05a7939-ef6c-4534-b55b-b612829faca5
2019-11-16 00:26:33,954 [0a2d6f7b-f3b3-43fc-9f44-c893c3969faf@group-DA670994ADD4-LeaderElection180] INFO  server.RaftServerConfigKeys (ConfUtils.java:logGet(43)) - raft.server.watch.element-limit = 65536 (default)
2019-11-16 00:26:33,954 [82886741-ea2e-41d6-b944-d04bb5a8b025@group-5F246D87C751-LeaderElection179] INFO  server.RaftServerConfigKeys (ConfUtils.java:logGet(43)) - raft.server.write.element-limit = 4096 (default)
2019-11-16 00:26:33,955 [0a2d6f7b-f3b3-43fc-9f44-c893c3969faf@group-DA670994ADD4-LeaderElection180] INFO  impl.RoleInfo (RoleInfo.java:updateAndGet(143)) - 0a2d6f7b-f3b3-43fc-9f44-c893c3969faf: start LeaderState
2019-11-16 00:26:33,955 [a05a7939-ef6c-4534-b55b-b612829faca5@group-B5E5C2DA4F1E-LeaderElection181] INFO  impl.RaftServerImpl (ServerState.java:setLeader(255)) - a05a7939-ef6c-4534-b55b-b612829faca5@group-B5E5C2DA4F1E: change Leader from null to a05a7939-ef6c-4534-b55b-b612829faca5 at term 1 for becomeLeader, leader elected after 1155ms
2019-11-16 00:26:33,955 [82886741-ea2e-41d6-b944-d04bb5a8b025@group-5F246D87C751-LeaderElection179] INFO  server.RaftServerConfigKeys (ConfUtils.java:logGet(43)) - raft.server.watch.timeout = 10s (default)
2019-11-16 00:26:33,955 [0a2d6f7b-f3b3-43fc-9f44-c893c3969faf@group-DA670994ADD4-LeaderElection180] INFO  segmented.SegmentedRaftLogWorker (SegmentedRaftLogWorker.java:startLogSegment(385)) - 0a2d6f7b-f3b3-43fc-9f44-c893c3969faf@group-DA670994ADD4-SegmentedRaftLogWorker: Starting segment from index:0
2019-11-16 00:26:33,955 [a05a7939-ef6c-4534-b55b-b612829faca5@group-B5E5C2DA4F1E-LeaderElection181] INFO  server.RaftServerConfigKeys (ConfUtils.java:logGet(43)) - raft.server.staging.catchup.gap = 1000 (default)
2019-11-16 00:26:33,955 [82886741-ea2e-41d6-b944-d04bb5a8b025@group-5F246D87C751-LeaderElection179] INFO  server.RaftServerConfigKeys (ConfUtils.java:logGet(43)) - raft.server.watch.timeout.denomination = 1s (default)
2019-11-16 00:26:33,955 [a05a7939-ef6c-4534-b55b-b612829faca5@group-B5E5C2DA4F1E-LeaderElection181] INFO  server.RaftServerConfigKeys (ConfUtils.java:logGet(43)) - raft.server.rpc.sleep.time = 25ms (default)
2019-11-16 00:26:33,955 [82886741-ea2e-41d6-b944-d04bb5a8b025@group-5F246D87C751-LeaderElection179] INFO  server.RaftServerConfigKeys (ConfUtils.java:logGet(43)) - raft.server.watch.element-limit = 65536 (default)
2019-11-16 00:26:33,955 [a05a7939-ef6c-4534-b55b-b612829faca5@group-B5E5C2DA4F1E-LeaderElection181] INFO  server.RaftServerConfigKeys (ConfUtils.java:logGet(43)) - raft.server.write.element-limit = 4096 (default)
2019-11-16 00:26:33,955 [0a2d6f7b-f3b3-43fc-9f44-c893c3969faf@group-DA670994ADD4-LeaderElection180] INFO  impl.RaftServerImpl (ServerState.java:setRaftConf(356)) - 0a2d6f7b-f3b3-43fc-9f44-c893c3969faf@group-DA670994ADD4: set configuration 0: [0a2d6f7b-f3b3-43fc-9f44-c893c3969faf:192.168.69.79:34899], old=null at 0
2019-11-16 00:26:33,955 [a05a7939-ef6c-4534-b55b-b612829faca5@group-B5E5C2DA4F1E-LeaderElection181] INFO  server.RaftServerConfigKeys (ConfUtils.java:logGet(43)) - raft.server.watch.timeout = 10s (default)
2019-11-16 00:26:33,955 [82886741-ea2e-41d6-b944-d04bb5a8b025@group-5F246D87C751-LeaderElection179] INFO  server.RaftServerConfigKeys (ConfUtils.java:logGet(43)) - raft.server.log.appender.snapshot.chunk.size.max = 16MB (=16777216) (default)
2019-11-16 00:26:33,989 [a05a7939-ef6c-4534-b55b-b612829faca5@group-B5E5C2DA4F1E-LeaderElection181] INFO  server.RaftServerConfigKeys (ConfUtils.java:logGet(43)) - raft.server.watch.timeout.denomination = 1s (default)
2019-11-16 00:26:33,989 [82886741-ea2e-41d6-b944-d04bb5a8b025@group-5F246D87C751-LeaderElection179] INFO  server.RaftServerConfigKeys (ConfUtils.java:logGet(43)) - raft.server.log.appender.buffer.byte-limit = 33554432 (custom)
2019-11-16 00:26:33,989 [a05a7939-ef6c-4534-b55b-b612829faca5@group-B5E5C2DA4F1E-LeaderElection181] INFO  server.RaftServerConfigKeys (ConfUtils.java:logGet(43)) - raft.server.watch.element-limit = 65536 (default)
2019-11-16 00:26:33,990 [82886741-ea2e-41d6-b944-d04bb5a8b025@group-5F246D87C751-LeaderElection179] INFO  server.RaftServerConfigKeys (ConfUtils.java:logGet(43)) - raft.server.log.appender.buffer.element-limit = 1 (custom)
2019-11-16 00:26:33,990 [a05a7939-ef6c-4534-b55b-b612829faca5@group-B5E5C2DA4F1E-LeaderElection181] INFO  impl.RoleInfo (RoleInfo.java:updateAndGet(143)) - a05a7939-ef6c-4534-b55b-b612829faca5: start LeaderState
2019-11-16 00:26:33,990 [82886741-ea2e-41d6-b944-d04bb5a8b025@group-5F246D87C751-LeaderElection179] INFO  grpc.GrpcConfigKeys$Server (ConfUtils.java:logGet(43)) - raft.grpc.server.leader.outstanding.appends.max = 128 (default)
2019-11-16 00:26:33,990 [a05a7939-ef6c-4534-b55b-b612829faca5@group-B5E5C2DA4F1E-LeaderElection181] INFO  segmented.SegmentedRaftLogWorker (SegmentedRaftLogWorker.java:startLogSegment(385)) - a05a7939-ef6c-4534-b55b-b612829faca5@group-B5E5C2DA4F1E-SegmentedRaftLogWorker: Starting segment from index:0
2019-11-16 00:26:33,990 [82886741-ea2e-41d6-b944-d04bb5a8b025@group-5F246D87C751-LeaderElection179] INFO  server.RaftServerConfigKeys (ConfUtils.java:logGet(43)) - raft.server.rpc.request.timeout = 3000ms (default)
2019-11-16 00:26:33,991 [82886741-ea2e-41d6-b944-d04bb5a8b025@group-5F246D87C751-LeaderElection179] INFO  server.RaftServerConfigKeys (ConfUtils.java:logGet(43)) - raft.server.log.appender.install.snapshot.enabled = false (custom)
2019-11-16 00:26:33,992 [a05a7939-ef6c-4534-b55b-b612829faca5@group-B5E5C2DA4F1E-LeaderElection181] INFO  impl.RaftServerImpl (ServerState.java:setRaftConf(356)) - a05a7939-ef6c-4534-b55b-b612829faca5@group-B5E5C2DA4F1E: set configuration 0: [a05a7939-ef6c-4534-b55b-b612829faca5:192.168.69.79:35267], old=null at 0
2019-11-16 00:26:33,993 [82886741-ea2e-41d6-b944-d04bb5a8b025@group-5F246D87C751-LeaderElection179] WARN  impl.MetricRegistriesImpl (MetricRegistriesImpl.java:lambda$create$1(61)) - First MetricRegistry has been created without registering reporters. You may need to call MetricRegistries.global().addReportRegistration(...) before.
2019-11-16 00:26:34,022 [0a2d6f7b-f3b3-43fc-9f44-c893c3969faf@group-DA670994ADD4-SegmentedRaftLogWorker] INFO  segmented.SegmentedRaftLogWorker (SegmentedRaftLogWorker.java:execute(576)) - 0a2d6f7b-f3b3-43fc-9f44-c893c3969faf@group-DA670994ADD4-SegmentedRaftLogWorker: created new log segment /workdir/hadoop-ozone/integration-test/target/test-dir/MiniOzoneClusterImpl-ec73e7b8-24c6-4197-838c-bd0443d97e1c/datanode-1/data/ratis/f3d4c879-f055-4e95-8631-da670994add4/current/log_inprogress_0
2019-11-16 00:26:34,023 [82886741-ea2e-41d6-b944-d04bb5a8b025@group-5F246D87C751-LeaderElection179] INFO  server.RaftServerConfigKeys (ConfUtils.java:logGet(43)) - raft.server.log.appender.snapshot.chunk.size.max = 16MB (=16777216) (default)
2019-11-16 00:26:34,023 [82886741-ea2e-41d6-b944-d04bb5a8b025@group-5F246D87C751-LeaderElection179] INFO  server.RaftServerConfigKeys (ConfUtils.java:logGet(43)) - raft.server.log.appender.buffer.byte-limit = 33554432 (custom)
2019-11-16 00:26:34,023 [82886741-ea2e-41d6-b944-d04bb5a8b025@group-5F246D87C751-LeaderElection179] INFO  server.RaftServerConfigKeys (ConfUtils.java:logGet(43)) - raft.server.log.appender.buffer.element-limit = 1 (custom)
2019-11-16 00:26:34,023 [82886741-ea2e-41d6-b944-d04bb5a8b025@group-5F246D87C751-LeaderElection179] INFO  grpc.GrpcConfigKeys$Server (ConfUtils.java:logGet(43)) - raft.grpc.server.leader.outstanding.appends.max = 128 (default)
2019-11-16 00:26:34,023 [82886741-ea2e-41d6-b944-d04bb5a8b025@group-5F246D87C751-LeaderElection179] INFO  server.RaftServerConfigKeys (ConfUtils.java:logGet(43)) - raft.server.rpc.request.timeout = 3000ms (default)
2019-11-16 00:26:34,023 [82886741-ea2e-41d6-b944-d04bb5a8b025@group-5F246D87C751-LeaderElection179] INFO  server.RaftServerConfigKeys (ConfUtils.java:logGet(43)) - raft.server.log.appender.install.snapshot.enabled = false (custom)
2019-11-16 00:26:34,024 [82886741-ea2e-41d6-b944-d04bb5a8b025@group-5F246D87C751-LeaderElection179] INFO  impl.RoleInfo (RoleInfo.java:updateAndGet(143)) - 82886741-ea2e-41d6-b944-d04bb5a8b025: start LeaderState
2019-11-16 00:26:34,024 [82886741-ea2e-41d6-b944-d04bb5a8b025@group-5F246D87C751-LeaderElection179] INFO  segmented.SegmentedRaftLogWorker (SegmentedRaftLogWorker.java:startLogSegment(385)) - 82886741-ea2e-41d6-b944-d04bb5a8b025@group-5F246D87C751-SegmentedRaftLogWorker: Starting segment from index:0
2019-11-16 00:26:34,024 [82886741-ea2e-41d6-b944-d04bb5a8b025@group-5F246D87C751-LeaderElection179] INFO  impl.RaftServerImpl (ServerState.java:setRaftConf(356)) - 82886741-ea2e-41d6-b944-d04bb5a8b025@group-5F246D87C751: set configuration 0: [82886741-ea2e-41d6-b944-d04bb5a8b025:192.168.69.79:37949, 1d1fab7d-6382-4228-8566-b1891c590073:192.168.69.79:34425, e887c5fb-6c7f-48d0-908d-014a119bd478:192.168.69.79:44398], old=null at 0
2019-11-16 00:26:34,056 [a05a7939-ef6c-4534-b55b-b612829faca5@group-B5E5C2DA4F1E-SegmentedRaftLogWorker] INFO  segmented.SegmentedRaftLogWorker (SegmentedRaftLogWorker.java:execute(576)) - a05a7939-ef6c-4534-b55b-b612829faca5@group-B5E5C2DA4F1E-SegmentedRaftLogWorker: created new log segment /workdir/hadoop-ozone/integration-test/target/test-dir/MiniOzoneClusterImpl-ec73e7b8-24c6-4197-838c-bd0443d97e1c/datanode-4/data/ratis/cedbb18d-f47f-4d3d-bb36-b5e5c2da4f1e/current/log_inprogress_0
2019-11-16 00:26:34,058 [grpc-default-executor-1] INFO  ratis.XceiverServerRatis (XceiverServerRatis.java:handleLeaderChangedNotification(697)) - Leader change notification received for group: group-5F246D87C751 with new leaderId: 82886741-ea2e-41d6-b944-d04bb5a8b025
2019-11-16 00:26:34,058 [grpc-default-executor-2] INFO  ratis.XceiverServerRatis (XceiverServerRatis.java:handleLeaderChangedNotification(697)) - Leader change notification received for group: group-5F246D87C751 with new leaderId: 82886741-ea2e-41d6-b944-d04bb5a8b025
2019-11-16 00:26:34,058 [grpc-default-executor-1] INFO  impl.RaftServerImpl (ServerState.java:setLeader(255)) - e887c5fb-6c7f-48d0-908d-014a119bd478@group-5F246D87C751: change Leader from null to 82886741-ea2e-41d6-b944-d04bb5a8b025 at term 1 for appendEntries, leader elected after 1211ms
2019-11-16 00:26:34,058 [grpc-default-executor-2] INFO  impl.RaftServerImpl (ServerState.java:setLeader(255)) - 1d1fab7d-6382-4228-8566-b1891c590073@group-5F246D87C751: change Leader from null to 82886741-ea2e-41d6-b944-d04bb5a8b025 at term 1 for appendEntries, leader elected after 1211ms
2019-11-16 00:26:34,061 [grpc-default-executor-1] INFO  impl.RaftServerImpl (ServerState.java:setRaftConf(356)) - e887c5fb-6c7f-48d0-908d-014a119bd478@group-5F246D87C751: set configuration 0: [82886741-ea2e-41d6-b944-d04bb5a8b025:192.168.69.79:37949, 1d1fab7d-6382-4228-8566-b1891c590073:192.168.69.79:34425, e887c5fb-6c7f-48d0-908d-014a119bd478:192.168.69.79:44398], old=null at 0
2019-11-16 00:26:34,061 [grpc-default-executor-2] INFO  impl.RaftServerImpl (ServerState.java:setRaftConf(356)) - 1d1fab7d-6382-4228-8566-b1891c590073@group-5F246D87C751: set configuration 0: [82886741-ea2e-41d6-b944-d04bb5a8b025:192.168.69.79:37949, 1d1fab7d-6382-4228-8566-b1891c590073:192.168.69.79:34425, e887c5fb-6c7f-48d0-908d-014a119bd478:192.168.69.79:44398], old=null at 0
2019-11-16 00:26:34,061 [grpc-default-executor-1] INFO  segmented.SegmentedRaftLogWorker (SegmentedRaftLogWorker.java:startLogSegment(385)) - e887c5fb-6c7f-48d0-908d-014a119bd478@group-5F246D87C751-SegmentedRaftLogWorker: Starting segment from index:0
2019-11-16 00:26:34,061 [grpc-default-executor-2] INFO  segmented.SegmentedRaftLogWorker (SegmentedRaftLogWorker.java:startLogSegment(385)) - 1d1fab7d-6382-4228-8566-b1891c590073@group-5F246D87C751-SegmentedRaftLogWorker: Starting segment from index:0
2019-11-16 00:26:34,070 [82886741-ea2e-41d6-b944-d04bb5a8b025@group-5F246D87C751-SegmentedRaftLogWorker] INFO  segmented.SegmentedRaftLogWorker (SegmentedRaftLogWorker.java:execute(576)) - 82886741-ea2e-41d6-b944-d04bb5a8b025@group-5F246D87C751-SegmentedRaftLogWorker: created new log segment /workdir/hadoop-ozone/integration-test/target/test-dir/MiniOzoneClusterImpl-ec73e7b8-24c6-4197-838c-bd0443d97e1c/datanode-6/data/ratis/1bad0bf1-bdbb-4e45-b448-5f246d87c751/current/log_inprogress_0
2019-11-16 00:26:34,107 [e887c5fb-6c7f-48d0-908d-014a119bd478@group-5F246D87C751-SegmentedRaftLogWorker] INFO  segmented.SegmentedRaftLogWorker (SegmentedRaftLogWorker.java:execute(576)) - e887c5fb-6c7f-48d0-908d-014a119bd478@group-5F246D87C751-SegmentedRaftLogWorker: created new log segment /workdir/hadoop-ozone/integration-test/target/test-dir/MiniOzoneClusterImpl-ec73e7b8-24c6-4197-838c-bd0443d97e1c/datanode-7/data/ratis/1bad0bf1-bdbb-4e45-b448-5f246d87c751/current/log_inprogress_0
2019-11-16 00:26:34,107 [1d1fab7d-6382-4228-8566-b1891c590073@group-5F246D87C751-SegmentedRaftLogWorker] INFO  segmented.SegmentedRaftLogWorker (SegmentedRaftLogWorker.java:execute(576)) - 1d1fab7d-6382-4228-8566-b1891c590073@group-5F246D87C751-SegmentedRaftLogWorker: created new log segment /workdir/hadoop-ozone/integration-test/target/test-dir/MiniOzoneClusterImpl-ec73e7b8-24c6-4197-838c-bd0443d97e1c/datanode-9/data/ratis/1bad0bf1-bdbb-4e45-b448-5f246d87c751/current/log_inprogress_0
2019-11-16 00:26:37,178 [main] INFO  ozoneimpl.OzoneContainer (OzoneContainer.java:stop(244)) - Attempting to stop container services.
2019-11-16 00:26:37,178 [main] INFO  impl.RaftServerProxy (RaftServerProxy.java:lambda$close$4(314)) - a05a7939-ef6c-4534-b55b-b612829faca5: close
2019-11-16 00:26:37,179 [main] INFO  impl.RaftServerImpl (RaftServerImpl.java:lambda$shutdown$3(250)) - a05a7939-ef6c-4534-b55b-b612829faca5@group-8322C3CD9FF7: shutdown
2019-11-16 00:26:37,179 [main] INFO  util.JmxRegister (JmxRegister.java:unregister(73)) - Successfully un-registered JMX Bean with object name Ratis:service=RaftServer,group=group-8322C3CD9FF7,id=a05a7939-ef6c-4534-b55b-b612829faca5
2019-11-16 00:26:37,179 [main] INFO  impl.RoleInfo (RoleInfo.java:shutdownLeaderState(104)) - a05a7939-ef6c-4534-b55b-b612829faca5: shutdown LeaderState
2019-11-16 00:26:37,183 [org.apache.ratis.server.impl.LogAppender$AppenderDaemon$$Lambda$427/371179679@60322e22] WARN  server.GrpcLogAppender (GrpcLogAppender.java:mayWait(151)) - a05a7939-ef6c-4534-b55b-b612829faca5@group-8322C3CD9FF7->816b1da2-1c4e-42ee-9437-e192113ed53f-GrpcLogAppender: Wait interrupted by java.lang.InterruptedException
2019-11-16 00:26:37,185 [main] INFO  impl.PendingRequests (PendingRequests.java:sendNotLeaderResponses(206)) - a05a7939-ef6c-4534-b55b-b612829faca5@group-8322C3CD9FF7-PendingRequests: sendNotLeaderResponses
2019-11-16 00:26:37,185 [org.apache.ratis.server.impl.LogAppender$AppenderDaemon$$Lambda$427/371179679@2530ac40] WARN  server.GrpcLogAppender (GrpcLogAppender.java:mayWait(151)) - a05a7939-ef6c-4534-b55b-b612829faca5@group-8322C3CD9FF7->69b8f75d-497f-4fe6-9dc7-b84f6827359d-GrpcLogAppender: Wait interrupted by java.lang.InterruptedException
2019-11-16 00:26:37,186 [grpc-default-executor-2] INFO  server.GrpcServerProtocolService (GrpcServerProtocolService.java:onCompleted(113)) - 816b1da2-1c4e-42ee-9437-e192113ed53f: Completed APPEND_ENTRIES, lastRequest: a05a7939-ef6c-4534-b55b-b612829faca5->816b1da2-1c4e-42ee-9437-e192113ed53f#7-t1, previous=(t:1, i:0), leaderCommit=0, initializing? false, entries: <empty>
2019-11-16 00:26:37,186 [main] INFO  impl.StateMachineUpdater (StateMachineUpdater.java:stopAndJoin(136)) - a05a7939-ef6c-4534-b55b-b612829faca5@group-8322C3CD9FF7-StateMachineUpdater: set stopIndex = 0
2019-11-16 00:26:37,186 [grpc-default-executor-1] INFO  server.GrpcServerProtocolService (GrpcServerProtocolService.java:onCompleted(113)) - 69b8f75d-497f-4fe6-9dc7-b84f6827359d: Completed APPEND_ENTRIES, lastRequest: a05a7939-ef6c-4534-b55b-b612829faca5->69b8f75d-497f-4fe6-9dc7-b84f6827359d#7-t1, previous=(t:1, i:0), leaderCommit=0, initializing? false, entries: <empty>
2019-11-16 00:26:37,186 [main] INFO  impl.RaftServerImpl (ServerState.java:close(387)) - a05a7939-ef6c-4534-b55b-b612829faca5@group-8322C3CD9FF7: closes. applyIndex: 0
2019-11-16 00:26:37,186 [grpc-default-executor-2] INFO  server.GrpcLogAppender (GrpcLogAppender.java:onCompleted(308)) - a05a7939-ef6c-4534-b55b-b612829faca5@group-8322C3CD9FF7->816b1da2-1c4e-42ee-9437-e192113ed53f-AppendLogResponseHandler: follower responses appendEntries COMPLETED
2019-11-16 00:26:37,187 [a05a7939-ef6c-4534-b55b-b612829faca5@group-8322C3CD9FF7-SegmentedRaftLogWorker] INFO  segmented.SegmentedRaftLogWorker (SegmentedRaftLogWorker.java:run(316)) - a05a7939-ef6c-4534-b55b-b612829faca5@group-8322C3CD9FF7-SegmentedRaftLogWorker was interrupted, exiting. There are 0 tasks remaining in the queue.
2019-11-16 00:26:37,187 [grpc-default-executor-3] INFO  server.GrpcLogAppender (GrpcLogAppender.java:onCompleted(308)) - a05a7939-ef6c-4534-b55b-b612829faca5@group-8322C3CD9FF7->69b8f75d-497f-4fe6-9dc7-b84f6827359d-AppendLogResponseHandler: follower responses appendEntries COMPLETED
2019-11-16 00:26:37,187 [main] INFO  segmented.SegmentedRaftLogWorker (SegmentedRaftLogWorker.java:close(224)) - a05a7939-ef6c-4534-b55b-b612829faca5@group-8322C3CD9FF7-SegmentedRaftLogWorker close()
2019-11-16 00:26:37,187 [grpc-default-executor-3] INFO  impl.FollowerInfo (FollowerInfo.java:lambda$new$0(51)) - a05a7939-ef6c-4534-b55b-b612829faca5@group-8322C3CD9FF7->69b8f75d-497f-4fe6-9dc7-b84f6827359d: nextIndex: updateUnconditionally 1 -> 0
2019-11-16 00:26:37,187 [grpc-default-executor-2] INFO  impl.FollowerInfo (FollowerInfo.java:lambda$new$0(51)) - a05a7939-ef6c-4534-b55b-b612829faca5@group-8322C3CD9FF7->816b1da2-1c4e-42ee-9437-e192113ed53f: nextIndex: updateUnconditionally 1 -> 0
2019-11-16 00:26:37,188 [main] INFO  impl.RaftServerImpl (RaftServerImpl.java:lambda$shutdown$3(250)) - a05a7939-ef6c-4534-b55b-b612829faca5@group-B5E5C2DA4F1E: shutdown
2019-11-16 00:26:37,188 [main] INFO  util.JmxRegister (JmxRegister.java:unregister(73)) - Successfully un-registered JMX Bean with object name Ratis:service=RaftServer,group=group-B5E5C2DA4F1E,id=a05a7939-ef6c-4534-b55b-b612829faca5
2019-11-16 00:26:37,189 [main] INFO  impl.RoleInfo (RoleInfo.java:shutdownLeaderState(104)) - a05a7939-ef6c-4534-b55b-b612829faca5: shutdown LeaderState
2019-11-16 00:26:37,189 [main] INFO  impl.PendingRequests (PendingRequests.java:sendNotLeaderResponses(206)) - a05a7939-ef6c-4534-b55b-b612829faca5@group-B5E5C2DA4F1E-PendingRequests: sendNotLeaderResponses
2019-11-16 00:26:37,189 [main] INFO  impl.StateMachineUpdater (StateMachineUpdater.java:stopAndJoin(136)) - a05a7939-ef6c-4534-b55b-b612829faca5@group-B5E5C2DA4F1E-StateMachineUpdater: set stopIndex = 0
2019-11-16 00:26:37,190 [main] INFO  impl.RaftServerImpl (ServerState.java:close(387)) - a05a7939-ef6c-4534-b55b-b612829faca5@group-B5E5C2DA4F1E: closes. applyIndex: 0
2019-11-16 00:26:37,190 [a05a7939-ef6c-4534-b55b-b612829faca5@group-B5E5C2DA4F1E-SegmentedRaftLogWorker] INFO  segmented.SegmentedRaftLogWorker (SegmentedRaftLogWorker.java:run(316)) - a05a7939-ef6c-4534-b55b-b612829faca5@group-B5E5C2DA4F1E-SegmentedRaftLogWorker was interrupted, exiting. There are 0 tasks remaining in the queue.
2019-11-16 00:26:37,190 [main] INFO  segmented.SegmentedRaftLogWorker (SegmentedRaftLogWorker.java:close(224)) - a05a7939-ef6c-4534-b55b-b612829faca5@group-B5E5C2DA4F1E-SegmentedRaftLogWorker close()
2019-11-16 00:26:37,193 [main] INFO  server.GrpcService (GrpcService.java:closeImpl(164)) - a05a7939-ef6c-4534-b55b-b612829faca5: shutdown server with port 35267 now
2019-11-16 00:26:37,193 [main] INFO  server.GrpcService (GrpcService.java:closeImpl(172)) - a05a7939-ef6c-4534-b55b-b612829faca5: shutdown server with port 35267 successfully
2019-11-16 00:26:37,196 [refreshUsed-/workdir/hadoop-ozone/integration-test/target/test-dir/MiniOzoneClusterImpl-ec73e7b8-24c6-4197-838c-bd0443d97e1c/datanode-4/data/containers] WARN  fs.CachingGetSpaceUsed (CachingGetSpaceUsed.java:run(183)) - Thread Interrupted waiting to refresh disk information: sleep interrupted
2019-11-16 00:26:37,214 [main] INFO  utils.BackgroundService (BackgroundService.java:shutdown(151)) - Shutting down service BlockDeletingService
2019-11-16 00:26:37,218 [main] INFO  statemachine.DatanodeStateMachine (DatanodeStateMachine.java:stopDaemon(400)) - Ozone container server stopped.
2019-11-16 00:26:37,219 [main] INFO  handler.ContextHandler (ContextHandler.java:doStop(910)) - Stopped o.e.j.w.WebAppContext@7c71c889{/,null,UNAVAILABLE}{/hddsDatanode}
2019-11-16 00:26:37,220 [main] INFO  server.AbstractConnector (AbstractConnector.java:doStop(318)) - Stopped ServerConnector@4cc8d70d{HTTP/1.1,[http/1.1]}{0.0.0.0:0}
2019-11-16 00:26:37,220 [main] INFO  handler.ContextHandler (ContextHandler.java:doStop(910)) - Stopped o.e.j.s.ServletContextHandler@7cf8f45a{/static,jar:file:/home/user/.m2/repository/org/apache/hadoop/hadoop-hdds-container-service/0.5.0-SNAPSHOT/hadoop-hdds-container-service-0.5.0-SNAPSHOT.jar!/webapps/static,UNAVAILABLE}
2019-11-16 00:26:37,221 [main] INFO  handler.ContextHandler (ContextHandler.java:doStop(910)) - Stopped o.e.j.s.ServletContextHandler@4d81e83a{/logs,file:///workdir/hadoop-ozone/integration-test/target/log,UNAVAILABLE}
2019-11-16 00:26:37,973 [Thread-4313] INFO  impl.FollowerState (FollowerState.java:run(111)) - 816b1da2-1c4e-42ee-9437-e192113ed53f@group-8322C3CD9FF7-FollowerState: change to CANDIDATE, lastRpcTime:1225ms, electionTimeout:1188ms
2019-11-16 00:26:37,973 [Thread-4313] INFO  impl.RoleInfo (RoleInfo.java:shutdownFollowerState(121)) - 816b1da2-1c4e-42ee-9437-e192113ed53f: shutdown FollowerState
2019-11-16 00:26:37,973 [Thread-4313] INFO  impl.RaftServerImpl (RaftServerImpl.java:setRole(173)) - 816b1da2-1c4e-42ee-9437-e192113ed53f@group-8322C3CD9FF7: changes role from  FOLLOWER to CANDIDATE at term 1 for changeToCandidate
2019-11-16 00:26:37,974 [Thread-4313] INFO  impl.RoleInfo (RoleInfo.java:updateAndGet(143)) - 816b1da2-1c4e-42ee-9437-e192113ed53f: start LeaderElection
2019-11-16 00:26:37,974 [816b1da2-1c4e-42ee-9437-e192113ed53f@group-8322C3CD9FF7-LeaderElection182] INFO  impl.RaftServerImpl (ServerState.java:setLeader(255)) - 816b1da2-1c4e-42ee-9437-e192113ed53f@group-8322C3CD9FF7: change Leader from a05a7939-ef6c-4534-b55b-b612829faca5 to null at term 1 for initElection
2019-11-16 00:26:37,991 [816b1da2-1c4e-42ee-9437-e192113ed53f@group-8322C3CD9FF7-LeaderElection182] INFO  impl.LeaderElection (LeaderElection.java:askForVotes(178)) - 816b1da2-1c4e-42ee-9437-e192113ed53f@group-8322C3CD9FF7-LeaderElection182: begin an election at term 2 for 0: [a05a7939-ef6c-4534-b55b-b612829faca5:192.168.69.79:35267, 816b1da2-1c4e-42ee-9437-e192113ed53f:192.168.69.79:36665, 69b8f75d-497f-4fe6-9dc7-b84f6827359d:192.168.69.79:44545], old=null
2019-11-16 00:26:37,993 [816b1da2-1c4e-42ee-9437-e192113ed53f@group-8322C3CD9FF7-LeaderElection182] INFO  impl.LeaderElection (LogUtils.java:infoOrTrace(149)) - 816b1da2-1c4e-42ee-9437-e192113ed53f@group-8322C3CD9FF7-LeaderElection182 got exception when requesting votes: {}
java.util.concurrent.ExecutionException: org.apache.ratis.thirdparty.io.grpc.StatusRuntimeException: UNAVAILABLE: io exception
	at java.util.concurrent.FutureTask.report(FutureTask.java:122)
	at java.util.concurrent.FutureTask.get(FutureTask.java:192)
	at org.apache.ratis.server.impl.LeaderElection.waitForResults(LeaderElection.java:259)
	at org.apache.ratis.server.impl.LeaderElection.askForVotes(LeaderElection.java:197)
	at org.apache.ratis.server.impl.LeaderElection.run(LeaderElection.java:133)
	at java.lang.Thread.run(Thread.java:748)
Caused by: org.apache.ratis.thirdparty.io.grpc.StatusRuntimeException: UNAVAILABLE: io exception
	at org.apache.ratis.thirdparty.io.grpc.stub.ClientCalls.toStatusRuntimeException(ClientCalls.java:233)
	at org.apache.ratis.thirdparty.io.grpc.stub.ClientCalls.getUnchecked(ClientCalls.java:214)
	at org.apache.ratis.thirdparty.io.grpc.stub.ClientCalls.blockingUnaryCall(ClientCalls.java:139)
	at org.apache.ratis.proto.grpc.RaftServerProtocolServiceGrpc$RaftServerProtocolServiceBlockingStub.requestVote(RaftServerProtocolServiceGrpc.java:265)
	at org.apache.ratis.grpc.server.GrpcServerProtocolClient.requestVote(GrpcServerProtocolClient.java:99)
	at org.apache.ratis.grpc.server.GrpcService.requestVote(GrpcService.java:204)
	at org.apache.ratis.server.impl.LeaderElection.lambda$submitRequests$1(LeaderElection.java:234)
	at java.util.concurrent.FutureTask.run(FutureTask.java:266)
	at java.util.concurrent.Executors$RunnableAdapter.call(Executors.java:511)
	at java.util.concurrent.FutureTask.run(FutureTask.java:266)
	at java.util.concurrent.ThreadPoolExecutor.runWorker(ThreadPoolExecutor.java:1149)
	at java.util.concurrent.ThreadPoolExecutor$Worker.run(ThreadPoolExecutor.java:624)
	... 1 more
Caused by: org.apache.ratis.thirdparty.io.netty.channel.AbstractChannel$AnnotatedConnectException: Connection refused: /192.168.69.79:35267
	at sun.nio.ch.SocketChannelImpl.checkConnect(Native Method)
	at sun.nio.ch.SocketChannelImpl.finishConnect(SocketChannelImpl.java:717)
	at org.apache.ratis.thirdparty.io.netty.channel.socket.nio.NioSocketChannel.doFinishConnect(NioSocketChannel.java:327)
	at org.apache.ratis.thirdparty.io.netty.channel.nio.AbstractNioChannel$AbstractNioUnsafe.finishConnect(AbstractNioChannel.java:340)
	at org.apache.ratis.thirdparty.io.netty.channel.nio.NioEventLoop.processSelectedKey(NioEventLoop.java:632)
	at org.apache.ratis.thirdparty.io.netty.channel.nio.NioEventLoop.processSelectedKeysOptimized(NioEventLoop.java:579)
	at org.apache.ratis.thirdparty.io.netty.channel.nio.NioEventLoop.processSelectedKeys(NioEventLoop.java:496)
	at org.apache.ratis.thirdparty.io.netty.channel.nio.NioEventLoop.run(NioEventLoop.java:458)
	at org.apache.ratis.thirdparty.io.netty.util.concurrent.SingleThreadEventExecutor$5.run(SingleThreadEventExecutor.java:897)
	at org.apache.ratis.thirdparty.io.netty.util.concurrent.FastThreadLocalRunnable.run(FastThreadLocalRunnable.java:30)
	... 1 more
Caused by: java.net.ConnectException: Connection refused
	... 11 more
2019-11-16 00:26:37,994 [grpc-default-executor-2] INFO  impl.RaftServerImpl (ServerState.java:setLeader(255)) - 69b8f75d-497f-4fe6-9dc7-b84f6827359d@group-8322C3CD9FF7: change Leader from a05a7939-ef6c-4534-b55b-b612829faca5 to null at term 2 for updateCurrentTerm
2019-11-16 00:26:37,994 [grpc-default-executor-2] INFO  impl.RaftServerImpl (RaftServerImpl.java:setRole(173)) - 69b8f75d-497f-4fe6-9dc7-b84f6827359d@group-8322C3CD9FF7: changes role from  FOLLOWER to FOLLOWER at term 2 for recognizeCandidate:816b1da2-1c4e-42ee-9437-e192113ed53f
2019-11-16 00:26:37,994 [grpc-default-executor-2] INFO  impl.RoleInfo (RoleInfo.java:shutdownFollowerState(121)) - 69b8f75d-497f-4fe6-9dc7-b84f6827359d: shutdown FollowerState
2019-11-16 00:26:37,994 [grpc-default-executor-2] INFO  impl.RoleInfo (RoleInfo.java:updateAndGet(143)) - 69b8f75d-497f-4fe6-9dc7-b84f6827359d: start FollowerState
2019-11-16 00:26:37,994 [Thread-4312] INFO  impl.FollowerState (FollowerState.java:run(120)) - 69b8f75d-497f-4fe6-9dc7-b84f6827359d@group-8322C3CD9FF7-FollowerState was interrupted: java.lang.InterruptedException: sleep interrupted
2019-11-16 00:26:38,003 [816b1da2-1c4e-42ee-9437-e192113ed53f@group-8322C3CD9FF7-LeaderElection182] INFO  impl.LeaderElection (LeaderElection.java:logAndReturn(56)) - 816b1da2-1c4e-42ee-9437-e192113ed53f@group-8322C3CD9FF7-LeaderElection182: Election PASSED; received 1 response(s) [816b1da2-1c4e-42ee-9437-e192113ed53f<-69b8f75d-497f-4fe6-9dc7-b84f6827359d#0:OK-t2] and 1 exception(s); 816b1da2-1c4e-42ee-9437-e192113ed53f@group-8322C3CD9FF7:t2, leader=null, voted=816b1da2-1c4e-42ee-9437-e192113ed53f, raftlog=816b1da2-1c4e-42ee-9437-e192113ed53f@group-8322C3CD9FF7-SegmentedRaftLog:OPENED:c0,f0,i0, conf=0: [a05a7939-ef6c-4534-b55b-b612829faca5:192.168.69.79:35267, 816b1da2-1c4e-42ee-9437-e192113ed53f:192.168.69.79:36665, 69b8f75d-497f-4fe6-9dc7-b84f6827359d:192.168.69.79:44545], old=null
2019-11-16 00:26:38,003 [816b1da2-1c4e-42ee-9437-e192113ed53f@group-8322C3CD9FF7-LeaderElection182] INFO  impl.LeaderElection (LogUtils.java:infoOrTrace(149)) -   Exception 0: {}
java.util.concurrent.ExecutionException: org.apache.ratis.thirdparty.io.grpc.StatusRuntimeException: UNAVAILABLE: io exception
	at java.util.concurrent.FutureTask.report(FutureTask.java:122)
	at java.util.concurrent.FutureTask.get(FutureTask.java:192)
	at org.apache.ratis.server.impl.LeaderElection.waitForResults(LeaderElection.java:259)
	at org.apache.ratis.server.impl.LeaderElection.askForVotes(LeaderElection.java:197)
	at org.apache.ratis.server.impl.LeaderElection.run(LeaderElection.java:133)
	at java.lang.Thread.run(Thread.java:748)
Caused by: org.apache.ratis.thirdparty.io.grpc.StatusRuntimeException: UNAVAILABLE: io exception
	at org.apache.ratis.thirdparty.io.grpc.stub.ClientCalls.toStatusRuntimeException(ClientCalls.java:233)
	at org.apache.ratis.thirdparty.io.grpc.stub.ClientCalls.getUnchecked(ClientCalls.java:214)
	at org.apache.ratis.thirdparty.io.grpc.stub.ClientCalls.blockingUnaryCall(ClientCalls.java:139)
	at org.apache.ratis.proto.grpc.RaftServerProtocolServiceGrpc$RaftServerProtocolServiceBlockingStub.requestVote(RaftServerProtocolServiceGrpc.java:265)
	at org.apache.ratis.grpc.server.GrpcServerProtocolClient.requestVote(GrpcServerProtocolClient.java:99)
	at org.apache.ratis.grpc.server.GrpcService.requestVote(GrpcService.java:204)
	at org.apache.ratis.server.impl.LeaderElection.lambda$submitRequests$1(LeaderElection.java:234)
	at java.util.concurrent.FutureTask.run(FutureTask.java:266)
	at java.util.concurrent.Executors$RunnableAdapter.call(Executors.java:511)
	at java.util.concurrent.FutureTask.run(FutureTask.java:266)
	at java.util.concurrent.ThreadPoolExecutor.runWorker(ThreadPoolExecutor.java:1149)
	at java.util.concurrent.ThreadPoolExecutor$Worker.run(ThreadPoolExecutor.java:624)
	... 1 more
Caused by: org.apache.ratis.thirdparty.io.netty.channel.AbstractChannel$AnnotatedConnectException: Connection refused: /192.168.69.79:35267
	at sun.nio.ch.SocketChannelImpl.checkConnect(Native Method)
	at sun.nio.ch.SocketChannelImpl.finishConnect(SocketChannelImpl.java:717)
	at org.apache.ratis.thirdparty.io.netty.channel.socket.nio.NioSocketChannel.doFinishConnect(NioSocketChannel.java:327)
	at org.apache.ratis.thirdparty.io.netty.channel.nio.AbstractNioChannel$AbstractNioUnsafe.finishConnect(AbstractNioChannel.java:340)
	at org.apache.ratis.thirdparty.io.netty.channel.nio.NioEventLoop.processSelectedKey(NioEventLoop.java:632)
	at org.apache.ratis.thirdparty.io.netty.channel.nio.NioEventLoop.processSelectedKeysOptimized(NioEventLoop.java:579)
	at org.apache.ratis.thirdparty.io.netty.channel.nio.NioEventLoop.processSelectedKeys(NioEventLoop.java:496)
	at org.apache.ratis.thirdparty.io.netty.channel.nio.NioEventLoop.run(NioEventLoop.java:458)
	at org.apache.ratis.thirdparty.io.netty.util.concurrent.SingleThreadEventExecutor$5.run(SingleThreadEventExecutor.java:897)
	at org.apache.ratis.thirdparty.io.netty.util.concurrent.FastThreadLocalRunnable.run(FastThreadLocalRunnable.java:30)
	... 1 more
Caused by: java.net.ConnectException: Connection refused
	... 11 more
2019-11-16 00:26:38,004 [816b1da2-1c4e-42ee-9437-e192113ed53f@group-8322C3CD9FF7-LeaderElection182] INFO  impl.RoleInfo (RoleInfo.java:shutdownLeaderElection(134)) - 816b1da2-1c4e-42ee-9437-e192113ed53f: shutdown LeaderElection
2019-11-16 00:26:38,004 [816b1da2-1c4e-42ee-9437-e192113ed53f@group-8322C3CD9FF7-LeaderElection182] INFO  impl.RaftServerImpl (RaftServerImpl.java:setRole(173)) - 816b1da2-1c4e-42ee-9437-e192113ed53f@group-8322C3CD9FF7: changes role from CANDIDATE to LEADER at term 2 for changeToLeader
2019-11-16 00:26:38,004 [816b1da2-1c4e-42ee-9437-e192113ed53f@group-8322C3CD9FF7-LeaderElection182] INFO  ratis.XceiverServerRatis (XceiverServerRatis.java:handleLeaderChangedNotification(697)) - Leader change notification received for group: group-8322C3CD9FF7 with new leaderId: 816b1da2-1c4e-42ee-9437-e192113ed53f
2019-11-16 00:26:38,004 [816b1da2-1c4e-42ee-9437-e192113ed53f@group-8322C3CD9FF7-LeaderElection182] INFO  impl.RaftServerImpl (ServerState.java:setLeader(255)) - 816b1da2-1c4e-42ee-9437-e192113ed53f@group-8322C3CD9FF7: change Leader from null to 816b1da2-1c4e-42ee-9437-e192113ed53f at term 2 for becomeLeader, leader elected after 30ms
2019-11-16 00:26:38,004 [816b1da2-1c4e-42ee-9437-e192113ed53f@group-8322C3CD9FF7-LeaderElection182] INFO  server.RaftServerConfigKeys (ConfUtils.java:logGet(43)) - raft.server.staging.catchup.gap = 1000 (default)
2019-11-16 00:26:38,005 [816b1da2-1c4e-42ee-9437-e192113ed53f@group-8322C3CD9FF7-LeaderElection182] INFO  server.RaftServerConfigKeys (ConfUtils.java:logGet(43)) - raft.server.rpc.sleep.time = 25ms (default)
2019-11-16 00:26:38,005 [816b1da2-1c4e-42ee-9437-e192113ed53f@group-8322C3CD9FF7-LeaderElection182] INFO  server.RaftServerConfigKeys (ConfUtils.java:logGet(43)) - raft.server.write.element-limit = 4096 (default)
2019-11-16 00:26:38,005 [816b1da2-1c4e-42ee-9437-e192113ed53f@group-8322C3CD9FF7-LeaderElection182] INFO  server.RaftServerConfigKeys (ConfUtils.java:logGet(43)) - raft.server.watch.timeout = 10s (default)
2019-11-16 00:26:38,005 [EventQueue-PipelineReportForPipelineReportHandler] INFO  pipeline.PipelineStateManager (PipelineStateManager.java:openPipeline(134)) - Pipeline Pipeline[ Id: 8496d245-20ad-404e-8b3a-8322c3cd9ff7, Nodes: a05a7939-ef6c-4534-b55b-b612829faca5{ip: 192.168.69.79, host: pr-hdds-2501-b5dhd-1197665634, networkLocation: /rack1, certSerialId: null}816b1da2-1c4e-42ee-9437-e192113ed53f{ip: 192.168.69.79, host: pr-hdds-2501-b5dhd-1197665634, networkLocation: /rack1, certSerialId: null}69b8f75d-497f-4fe6-9dc7-b84f6827359d{ip: 192.168.69.79, host: pr-hdds-2501-b5dhd-1197665634, networkLocation: /rack1, certSerialId: null}, Type:RATIS, Factor:THREE, State:OPEN] moved to OPEN state
2019-11-16 00:26:38,005 [816b1da2-1c4e-42ee-9437-e192113ed53f@group-8322C3CD9FF7-LeaderElection182] INFO  server.RaftServerConfigKeys (ConfUtils.java:logGet(43)) - raft.server.watch.timeout.denomination = 1s (default)
2019-11-16 00:26:38,005 [816b1da2-1c4e-42ee-9437-e192113ed53f@group-8322C3CD9FF7-LeaderElection182] INFO  server.RaftServerConfigKeys (ConfUtils.java:logGet(43)) - raft.server.watch.element-limit = 65536 (default)
2019-11-16 00:26:38,006 [816b1da2-1c4e-42ee-9437-e192113ed53f@group-8322C3CD9FF7-LeaderElection182] INFO  server.RaftServerConfigKeys (ConfUtils.java:logGet(43)) - raft.server.log.appender.snapshot.chunk.size.max = 16MB (=16777216) (default)
2019-11-16 00:26:38,006 [816b1da2-1c4e-42ee-9437-e192113ed53f@group-8322C3CD9FF7-LeaderElection182] INFO  server.RaftServerConfigKeys (ConfUtils.java:logGet(43)) - raft.server.log.appender.buffer.byte-limit = 33554432 (custom)
2019-11-16 00:26:38,006 [816b1da2-1c4e-42ee-9437-e192113ed53f@group-8322C3CD9FF7-LeaderElection182] INFO  server.RaftServerConfigKeys (ConfUtils.java:logGet(43)) - raft.server.log.appender.buffer.element-limit = 1 (custom)
2019-11-16 00:26:38,006 [816b1da2-1c4e-42ee-9437-e192113ed53f@group-8322C3CD9FF7-LeaderElection182] INFO  grpc.GrpcConfigKeys$Server (ConfUtils.java:logGet(43)) - raft.grpc.server.leader.outstanding.appends.max = 128 (default)
2019-11-16 00:26:38,006 [816b1da2-1c4e-42ee-9437-e192113ed53f@group-8322C3CD9FF7-LeaderElection182] INFO  server.RaftServerConfigKeys (ConfUtils.java:logGet(43)) - raft.server.rpc.request.timeout = 3000ms (default)
2019-11-16 00:26:38,006 [816b1da2-1c4e-42ee-9437-e192113ed53f@group-8322C3CD9FF7-LeaderElection182] INFO  server.RaftServerConfigKeys (ConfUtils.java:logGet(43)) - raft.server.log.appender.install.snapshot.enabled = false (custom)
2019-11-16 00:26:38,007 [816b1da2-1c4e-42ee-9437-e192113ed53f@group-8322C3CD9FF7-LeaderElection182] WARN  impl.MetricRegistriesImpl (MetricRegistriesImpl.java:lambda$create$1(61)) - First MetricRegistry has been created without registering reporters. You may need to call MetricRegistries.global().addReportRegistration(...) before.
2019-11-16 00:26:38,007 [816b1da2-1c4e-42ee-9437-e192113ed53f@group-8322C3CD9FF7-LeaderElection182] INFO  server.RaftServerConfigKeys (ConfUtils.java:logGet(43)) - raft.server.log.appender.snapshot.chunk.size.max = 16MB (=16777216) (default)
2019-11-16 00:26:38,007 [816b1da2-1c4e-42ee-9437-e192113ed53f@group-8322C3CD9FF7-LeaderElection182] INFO  server.RaftServerConfigKeys (ConfUtils.java:logGet(43)) - raft.server.log.appender.buffer.byte-limit = 33554432 (custom)
2019-11-16 00:26:38,007 [816b1da2-1c4e-42ee-9437-e192113ed53f@group-8322C3CD9FF7-LeaderElection182] INFO  server.RaftServerConfigKeys (ConfUtils.java:logGet(43)) - raft.server.log.appender.buffer.element-limit = 1 (custom)
2019-11-16 00:26:38,007 [816b1da2-1c4e-42ee-9437-e192113ed53f@group-8322C3CD9FF7-LeaderElection182] INFO  grpc.GrpcConfigKeys$Server (ConfUtils.java:logGet(43)) - raft.grpc.server.leader.outstanding.appends.max = 128 (default)
2019-11-16 00:26:38,007 [816b1da2-1c4e-42ee-9437-e192113ed53f@group-8322C3CD9FF7-LeaderElection182] INFO  server.RaftServerConfigKeys (ConfUtils.java:logGet(43)) - raft.server.rpc.request.timeout = 3000ms (default)
2019-11-16 00:26:38,008 [816b1da2-1c4e-42ee-9437-e192113ed53f@group-8322C3CD9FF7-LeaderElection182] INFO  server.RaftServerConfigKeys (ConfUtils.java:logGet(43)) - raft.server.log.appender.install.snapshot.enabled = false (custom)
2019-11-16 00:26:38,008 [816b1da2-1c4e-42ee-9437-e192113ed53f@group-8322C3CD9FF7-LeaderElection182] INFO  impl.RoleInfo (RoleInfo.java:updateAndGet(143)) - 816b1da2-1c4e-42ee-9437-e192113ed53f: start LeaderState
2019-11-16 00:26:38,008 [816b1da2-1c4e-42ee-9437-e192113ed53f@group-8322C3CD9FF7-LeaderElection182] INFO  segmented.SegmentedRaftLogWorker (SegmentedRaftLogWorker.java:rollLogSegment(390)) - 816b1da2-1c4e-42ee-9437-e192113ed53f@group-8322C3CD9FF7-SegmentedRaftLogWorker: Rolling segment log-0_0 to index:0
2019-11-16 00:26:38,009 [816b1da2-1c4e-42ee-9437-e192113ed53f@group-8322C3CD9FF7-SegmentedRaftLogWorker] INFO  segmented.SegmentedRaftLogWorker (SegmentedRaftLogWorker.java:execute(533)) - 816b1da2-1c4e-42ee-9437-e192113ed53f@group-8322C3CD9FF7-SegmentedRaftLogWorker: Rolled log segment from /workdir/hadoop-ozone/integration-test/target/test-dir/MiniOzoneClusterImpl-ec73e7b8-24c6-4197-838c-bd0443d97e1c/datanode-5/data/ratis/8496d245-20ad-404e-8b3a-8322c3cd9ff7/current/log_inprogress_0 to /workdir/hadoop-ozone/integration-test/target/test-dir/MiniOzoneClusterImpl-ec73e7b8-24c6-4197-838c-bd0443d97e1c/datanode-5/data/ratis/8496d245-20ad-404e-8b3a-8322c3cd9ff7/current/log_0-0
2019-11-16 00:26:38,009 [816b1da2-1c4e-42ee-9437-e192113ed53f@group-8322C3CD9FF7-LeaderElection182] INFO  impl.RaftServerImpl (ServerState.java:setRaftConf(356)) - 816b1da2-1c4e-42ee-9437-e192113ed53f@group-8322C3CD9FF7: set configuration 1: [a05a7939-ef6c-4534-b55b-b612829faca5:192.168.69.79:35267, 816b1da2-1c4e-42ee-9437-e192113ed53f:192.168.69.79:36665, 69b8f75d-497f-4fe6-9dc7-b84f6827359d:192.168.69.79:44545], old=null at 1
2019-11-16 00:26:38,009 [grpc-default-executor-2] WARN  server.GrpcLogAppender (LogUtils.java:warn(134)) - 816b1da2-1c4e-42ee-9437-e192113ed53f@group-8322C3CD9FF7->a05a7939-ef6c-4534-b55b-b612829faca5-AppendLogResponseHandler: Failed appendEntries: org.apache.ratis.thirdparty.io.grpc.StatusRuntimeException: UNAVAILABLE: io exception
2019-11-16 00:26:38,009 [grpc-default-executor-2] INFO  impl.FollowerInfo (FollowerInfo.java:lambda$new$0(51)) - 816b1da2-1c4e-42ee-9437-e192113ed53f@group-8322C3CD9FF7->a05a7939-ef6c-4534-b55b-b612829faca5: nextIndex: updateUnconditionally 1 -> 0
2019-11-16 00:26:38,010 [grpc-default-executor-3] INFO  ratis.XceiverServerRatis (XceiverServerRatis.java:handleLeaderChangedNotification(697)) - Leader change notification received for group: group-8322C3CD9FF7 with new leaderId: 816b1da2-1c4e-42ee-9437-e192113ed53f
2019-11-16 00:26:38,010 [grpc-default-executor-3] INFO  impl.RaftServerImpl (ServerState.java:setLeader(255)) - 69b8f75d-497f-4fe6-9dc7-b84f6827359d@group-8322C3CD9FF7: change Leader from null to 816b1da2-1c4e-42ee-9437-e192113ed53f at term 2 for appendEntries, leader elected after 16ms
2019-11-16 00:26:38,038 [grpc-default-executor-3] INFO  impl.RaftServerImpl (ServerState.java:setRaftConf(356)) - 69b8f75d-497f-4fe6-9dc7-b84f6827359d@group-8322C3CD9FF7: set configuration 1: [a05a7939-ef6c-4534-b55b-b612829faca5:192.168.69.79:35267, 816b1da2-1c4e-42ee-9437-e192113ed53f:192.168.69.79:36665, 69b8f75d-497f-4fe6-9dc7-b84f6827359d:192.168.69.79:44545], old=null at 1
2019-11-16 00:26:38,038 [grpc-default-executor-3] INFO  segmented.SegmentedRaftLogWorker (SegmentedRaftLogWorker.java:rollLogSegment(390)) - 69b8f75d-497f-4fe6-9dc7-b84f6827359d@group-8322C3CD9FF7-SegmentedRaftLogWorker: Rolling segment log-0_0 to index:0
2019-11-16 00:26:38,039 [69b8f75d-497f-4fe6-9dc7-b84f6827359d@group-8322C3CD9FF7-SegmentedRaftLogWorker] INFO  segmented.SegmentedRaftLogWorker (SegmentedRaftLogWorker.java:execute(533)) - 69b8f75d-497f-4fe6-9dc7-b84f6827359d@group-8322C3CD9FF7-SegmentedRaftLogWorker: Rolled log segment from /workdir/hadoop-ozone/integration-test/target/test-dir/MiniOzoneClusterImpl-ec73e7b8-24c6-4197-838c-bd0443d97e1c/datanode-3/data/ratis/8496d245-20ad-404e-8b3a-8322c3cd9ff7/current/log_inprogress_0 to /workdir/hadoop-ozone/integration-test/target/test-dir/MiniOzoneClusterImpl-ec73e7b8-24c6-4197-838c-bd0443d97e1c/datanode-3/data/ratis/8496d245-20ad-404e-8b3a-8322c3cd9ff7/current/log_0-0
2019-11-16 00:26:38,051 [816b1da2-1c4e-42ee-9437-e192113ed53f@group-8322C3CD9FF7-SegmentedRaftLogWorker] INFO  segmented.SegmentedRaftLogWorker (SegmentedRaftLogWorker.java:execute(576)) - 816b1da2-1c4e-42ee-9437-e192113ed53f@group-8322C3CD9FF7-SegmentedRaftLogWorker: created new log segment /workdir/hadoop-ozone/integration-test/target/test-dir/MiniOzoneClusterImpl-ec73e7b8-24c6-4197-838c-bd0443d97e1c/datanode-5/data/ratis/8496d245-20ad-404e-8b3a-8322c3cd9ff7/current/log_inprogress_1
2019-11-16 00:26:38,076 [69b8f75d-497f-4fe6-9dc7-b84f6827359d@group-8322C3CD9FF7-SegmentedRaftLogWorker] INFO  segmented.SegmentedRaftLogWorker (SegmentedRaftLogWorker.java:execute(576)) - 69b8f75d-497f-4fe6-9dc7-b84f6827359d@group-8322C3CD9FF7-SegmentedRaftLogWorker: created new log segment /workdir/hadoop-ozone/integration-test/target/test-dir/MiniOzoneClusterImpl-ec73e7b8-24c6-4197-838c-bd0443d97e1c/datanode-3/data/ratis/8496d245-20ad-404e-8b3a-8322c3cd9ff7/current/log_inprogress_1
2019-11-16 00:26:38,090 [grpc-default-executor-2] WARN  server.GrpcLogAppender (LogUtils.java:warn(134)) - 816b1da2-1c4e-42ee-9437-e192113ed53f@group-8322C3CD9FF7->a05a7939-ef6c-4534-b55b-b612829faca5-AppendLogResponseHandler: Failed appendEntries: org.apache.ratis.thirdparty.io.grpc.StatusRuntimeException: UNAVAILABLE: io exception
2019-11-16 00:26:38,090 [grpc-default-executor-2] INFO  impl.FollowerInfo (FollowerInfo.java:lambda$new$0(51)) - 816b1da2-1c4e-42ee-9437-e192113ed53f@group-8322C3CD9FF7->a05a7939-ef6c-4534-b55b-b612829faca5: nextIndex: updateUnconditionally 1 -> 0
2019-11-16 00:26:38,103 [grpc-default-executor-1] WARN  server.GrpcLogAppender (LogUtils.java:warn(134)) - 816b1da2-1c4e-42ee-9437-e192113ed53f@group-8322C3CD9FF7->a05a7939-ef6c-4534-b55b-b612829faca5-AppendLogResponseHandler: Failed appendEntries: org.apache.ratis.thirdparty.io.grpc.StatusRuntimeException: UNAVAILABLE: io exception
2019-11-16 00:26:38,103 [grpc-default-executor-1] INFO  impl.FollowerInfo (FollowerInfo.java:lambda$new$0(51)) - 816b1da2-1c4e-42ee-9437-e192113ed53f@group-8322C3CD9FF7->a05a7939-ef6c-4534-b55b-b612829faca5: nextIndex: updateUnconditionally 1 -> 0
2019-11-16 00:26:38,252 [main] WARN  io.KeyOutputStream (KeyOutputStream.java:handleException(274)) - Encountered exception java.io.IOException: Unexpected Storage Container Exception: java.util.concurrent.CompletionException: java.util.concurrent.CompletionException: org.apache.ratis.protocol.GroupMismatchException: 69b8f75d-497f-4fe6-9dc7-b84f6827359d: group-2276BC3C0949 not found. on the pipeline Pipeline[ Id: c4d7a9df-c5a5-4cda-909f-2276bc3c0949, Nodes: a05a7939-ef6c-4534-b55b-b612829faca5{ip: 192.168.69.79, host: pr-hdds-2501-b5dhd-1197665634, networkLocation: /rack1, certSerialId: null}816b1da2-1c4e-42ee-9437-e192113ed53f{ip: 192.168.69.79, host: pr-hdds-2501-b5dhd-1197665634, networkLocation: /rack1, certSerialId: null}69b8f75d-497f-4fe6-9dc7-b84f6827359d{ip: 192.168.69.79, host: pr-hdds-2501-b5dhd-1197665634, networkLocation: /rack1, certSerialId: null}, Type:RATIS, Factor:THREE, State:OPEN]. The last committed block length is 1048576, uncommitted data length is 2097152 retry count 0
2019-11-16 00:26:38,252 [main] INFO  io.BlockOutputStreamEntryPool (BlockOutputStreamEntryPool.java:allocateNewBlock(257)) - Allocating block with ExcludeList {datanodes = [], containerIds = [], pipelineIds = [PipelineID=c4d7a9df-c5a5-4cda-909f-2276bc3c0949]}
2019-11-16 00:26:38,520 [main] INFO  ozone.MiniOzoneClusterImpl (MiniOzoneClusterImpl.java:shutdown(352)) - Shutting down the Mini Ozone Cluster
2019-11-16 00:26:38,520 [main] INFO  ozone.MiniOzoneClusterImpl (MiniOzoneClusterImpl.java:stop(368)) - Stopping the Mini Ozone Cluster
2019-11-16 00:26:38,520 [main] INFO  ozone.MiniOzoneClusterImpl (MiniOzoneClusterImpl.java:stopOM(438)) - Stopping the OzoneManager
2019-11-16 00:26:38,520 [main] INFO  ipc.Server (Server.java:stop(3082)) - Stopping server on 35384
2019-11-16 00:26:38,532 [IPC Server listener on 35384] INFO  ipc.Server (Server.java:run(1185)) - Stopping IPC Server listener on 35384
2019-11-16 00:26:38,541 [main] INFO  ratis.OzoneManagerDoubleBuffer (OzoneManagerDoubleBuffer.java:stop(261)) - Stopping OMDoubleBuffer flush thread
2019-11-16 00:26:38,541 [IPC Server Responder] INFO  ipc.Server (Server.java:run(1319)) - Stopping IPC Server Responder
2019-11-16 00:26:38,551 [OMDoubleBufferFlushThread] INFO  ratis.OzoneManagerDoubleBuffer (OzoneManagerDoubleBuffer.java:flushTransactions(199)) - OMDoubleBuffer flush thread OMDoubleBufferFlushThread is interrupted and will exit. OMDoubleBufferFlushThread
2019-11-16 00:26:38,552 [main] INFO  utils.BackgroundService (BackgroundService.java:shutdown(151)) - Shutting down service KeyDeletingService
2019-11-16 00:26:38,553 [main] INFO  handler.ContextHandler (ContextHandler.java:doStop(910)) - Stopped o.e.j.w.WebAppContext@1291aab5{/,null,UNAVAILABLE}{/ozoneManager}
2019-11-16 00:26:38,553 [main] INFO  server.AbstractConnector (AbstractConnector.java:doStop(318)) - Stopped ServerConnector@7d133fb7{HTTP/1.1,[http/1.1]}{0.0.0.0:0}
2019-11-16 00:26:38,553 [main] INFO  handler.ContextHandler (ContextHandler.java:doStop(910)) - Stopped o.e.j.s.ServletContextHandler@50cdfafa{/static,file:///workdir/hadoop-ozone/integration-test/target/test-classes/webapps/static,UNAVAILABLE}
2019-11-16 00:26:38,554 [main] INFO  handler.ContextHandler (ContextHandler.java:doStop(910)) - Stopped o.e.j.s.ServletContextHandler@70d4f672{/logs,file:///workdir/hadoop-ozone/integration-test/target/log,UNAVAILABLE}
2019-11-16 00:26:38,555 [main] INFO  ozone.MiniOzoneClusterImpl (MiniOzoneClusterImpl.java:stopDatanodes(415)) - Stopping the HddsDatanodes
2019-11-16 00:26:38,603 [grpc-default-executor-2] WARN  server.GrpcLogAppender (LogUtils.java:warn(134)) - 816b1da2-1c4e-42ee-9437-e192113ed53f@group-8322C3CD9FF7->a05a7939-ef6c-4534-b55b-b612829faca5-AppendLogResponseHandler: Failed appendEntries: org.apache.ratis.thirdparty.io.grpc.StatusRuntimeException: UNAVAILABLE: io exception
2019-11-16 00:26:38,606 [grpc-default-executor-2] INFO  impl.FollowerInfo (FollowerInfo.java:lambda$new$0(51)) - 816b1da2-1c4e-42ee-9437-e192113ed53f@group-8322C3CD9FF7->a05a7939-ef6c-4534-b55b-b612829faca5: nextIndex: updateUnconditionally 0 -> 0
2019-11-16 00:26:39,004 [Datanode State Machine Thread - 0] INFO  statemachine.DatanodeStateMachine (DatanodeStateMachine.java:lambda$startDaemon$0(355)) - Ozone container server started.
2019-11-16 00:26:39,104 [grpc-default-executor-1] WARN  server.GrpcLogAppender (LogUtils.java:warn(134)) - 816b1da2-1c4e-42ee-9437-e192113ed53f@group-8322C3CD9FF7->a05a7939-ef6c-4534-b55b-b612829faca5-AppendLogResponseHandler: Failed appendEntries: org.apache.ratis.thirdparty.io.grpc.StatusRuntimeException: UNAVAILABLE: io exception
2019-11-16 00:26:39,104 [grpc-default-executor-1] INFO  impl.FollowerInfo (FollowerInfo.java:lambda$new$0(51)) - 816b1da2-1c4e-42ee-9437-e192113ed53f@group-8322C3CD9FF7->a05a7939-ef6c-4534-b55b-b612829faca5: nextIndex: updateUnconditionally 0 -> 0
2019-11-16 00:26:39,442 [Datanode State Machine Thread - 0] INFO  statemachine.DatanodeStateMachine (DatanodeStateMachine.java:lambda$startDaemon$0(355)) - Ozone container server started.
2019-11-16 00:26:39,604 [grpc-default-executor-1] WARN  server.GrpcLogAppender (LogUtils.java:warn(134)) - 816b1da2-1c4e-42ee-9437-e192113ed53f@group-8322C3CD9FF7->a05a7939-ef6c-4534-b55b-b612829faca5-AppendLogResponseHandler: Failed appendEntries: org.apache.ratis.thirdparty.io.grpc.StatusRuntimeException: UNAVAILABLE: io exception
2019-11-16 00:26:39,605 [grpc-default-executor-1] INFO  impl.FollowerInfo (FollowerInfo.java:lambda$new$0(51)) - 816b1da2-1c4e-42ee-9437-e192113ed53f@group-8322C3CD9FF7->a05a7939-ef6c-4534-b55b-b612829faca5: nextIndex: updateUnconditionally 0 -> 0
2019-11-16 00:26:40,105 [grpc-default-executor-2] WARN  server.GrpcLogAppender (LogUtils.java:warn(134)) - 816b1da2-1c4e-42ee-9437-e192113ed53f@group-8322C3CD9FF7->a05a7939-ef6c-4534-b55b-b612829faca5-AppendLogResponseHandler: Failed appendEntries: org.apache.ratis.thirdparty.io.grpc.StatusRuntimeException: UNAVAILABLE: io exception
2019-11-16 00:26:40,105 [grpc-default-executor-2] INFO  impl.FollowerInfo (FollowerInfo.java:lambda$new$0(51)) - 816b1da2-1c4e-42ee-9437-e192113ed53f@group-8322C3CD9FF7->a05a7939-ef6c-4534-b55b-b612829faca5: nextIndex: updateUnconditionally 0 -> 0
2019-11-16 00:26:40,605 [grpc-default-executor-1] WARN  server.GrpcLogAppender (LogUtils.java:warn(134)) - 816b1da2-1c4e-42ee-9437-e192113ed53f@group-8322C3CD9FF7->a05a7939-ef6c-4534-b55b-b612829faca5-AppendLogResponseHandler: Failed appendEntries: org.apache.ratis.thirdparty.io.grpc.StatusRuntimeException: UNAVAILABLE: io exception
2019-11-16 00:26:40,606 [grpc-default-executor-1] INFO  impl.FollowerInfo (FollowerInfo.java:lambda$new$0(51)) - 816b1da2-1c4e-42ee-9437-e192113ed53f@group-8322C3CD9FF7->a05a7939-ef6c-4534-b55b-b612829faca5: nextIndex: updateUnconditionally 0 -> 0
2019-11-16 00:26:41,109 [grpc-default-executor-1] WARN  server.GrpcLogAppender (LogUtils.java:warn(134)) - 816b1da2-1c4e-42ee-9437-e192113ed53f@group-8322C3CD9FF7->a05a7939-ef6c-4534-b55b-b612829faca5-AppendLogResponseHandler: Failed appendEntries: org.apache.ratis.thirdparty.io.grpc.StatusRuntimeException: UNAVAILABLE: io exception
2019-11-16 00:26:41,110 [grpc-default-executor-1] INFO  impl.FollowerInfo (FollowerInfo.java:lambda$new$0(51)) - 816b1da2-1c4e-42ee-9437-e192113ed53f@group-8322C3CD9FF7->a05a7939-ef6c-4534-b55b-b612829faca5: nextIndex: updateUnconditionally 0 -> 0
2019-11-16 00:26:41,608 [grpc-default-executor-2] WARN  server.GrpcLogAppender (LogUtils.java:warn(134)) - 816b1da2-1c4e-42ee-9437-e192113ed53f@group-8322C3CD9FF7->a05a7939-ef6c-4534-b55b-b612829faca5-AppendLogResponseHandler: Failed appendEntries: org.apache.ratis.thirdparty.io.grpc.StatusRuntimeException: UNAVAILABLE: io exception
2019-11-16 00:26:41,608 [grpc-default-executor-2] INFO  impl.FollowerInfo (FollowerInfo.java:lambda$new$0(51)) - 816b1da2-1c4e-42ee-9437-e192113ed53f@group-8322C3CD9FF7->a05a7939-ef6c-4534-b55b-b612829faca5: nextIndex: updateUnconditionally 0 -> 0
2019-11-16 00:26:42,108 [grpc-default-executor-2] WARN  server.GrpcLogAppender (LogUtils.java:warn(134)) - 816b1da2-1c4e-42ee-9437-e192113ed53f@group-8322C3CD9FF7->a05a7939-ef6c-4534-b55b-b612829faca5-AppendLogResponseHandler: Failed appendEntries: org.apache.ratis.thirdparty.io.grpc.StatusRuntimeException: UNAVAILABLE: io exception
2019-11-16 00:26:42,109 [grpc-default-executor-2] INFO  impl.FollowerInfo (FollowerInfo.java:lambda$new$0(51)) - 816b1da2-1c4e-42ee-9437-e192113ed53f@group-8322C3CD9FF7->a05a7939-ef6c-4534-b55b-b612829faca5: nextIndex: updateUnconditionally 0 -> 0
2019-11-16 00:26:42,609 [grpc-default-executor-3] WARN  server.GrpcLogAppender (LogUtils.java:warn(134)) - 816b1da2-1c4e-42ee-9437-e192113ed53f@group-8322C3CD9FF7->a05a7939-ef6c-4534-b55b-b612829faca5-AppendLogResponseHandler: Failed appendEntries: org.apache.ratis.thirdparty.io.grpc.StatusRuntimeException: UNAVAILABLE: io exception
2019-11-16 00:26:42,609 [grpc-default-executor-3] INFO  impl.FollowerInfo (FollowerInfo.java:lambda$new$0(51)) - 816b1da2-1c4e-42ee-9437-e192113ed53f@group-8322C3CD9FF7->a05a7939-ef6c-4534-b55b-b612829faca5: nextIndex: updateUnconditionally 0 -> 0
2019-11-16 00:26:43,110 [grpc-default-executor-1] WARN  server.GrpcLogAppender (LogUtils.java:warn(134)) - 816b1da2-1c4e-42ee-9437-e192113ed53f@group-8322C3CD9FF7->a05a7939-ef6c-4534-b55b-b612829faca5-AppendLogResponseHandler: Failed appendEntries: org.apache.ratis.thirdparty.io.grpc.StatusRuntimeException: UNAVAILABLE: io exception
2019-11-16 00:26:43,110 [grpc-default-executor-1] INFO  impl.FollowerInfo (FollowerInfo.java:lambda$new$0(51)) - 816b1da2-1c4e-42ee-9437-e192113ed53f@group-8322C3CD9FF7->a05a7939-ef6c-4534-b55b-b612829faca5: nextIndex: updateUnconditionally 0 -> 0
2019-11-16 00:26:43,556 [ForkJoinPool.commonPool-worker-0] INFO  ozoneimpl.OzoneContainer (OzoneContainer.java:stop(244)) - Attempting to stop container services.
2019-11-16 00:26:43,556 [main] INFO  ozoneimpl.OzoneContainer (OzoneContainer.java:stop(244)) - Attempting to stop container services.
2019-11-16 00:26:43,557 [ForkJoinPool.commonPool-worker-0] INFO  impl.RaftServerProxy (RaftServerProxy.java:lambda$close$4(314)) - 84c9c768-243c-47db-bab4-63e35b2a41a2: close
2019-11-16 00:26:43,557 [main] INFO  impl.RaftServerProxy (RaftServerProxy.java:lambda$close$4(314)) - 816b1da2-1c4e-42ee-9437-e192113ed53f: close
2019-11-16 00:26:43,557 [ForkJoinPool.commonPool-worker-0] INFO  impl.RaftServerImpl (RaftServerImpl.java:lambda$shutdown$3(250)) - 84c9c768-243c-47db-bab4-63e35b2a41a2@group-CC06AC41928D: shutdown
2019-11-16 00:26:43,558 [main] INFO  impl.RaftServerImpl (RaftServerImpl.java:lambda$shutdown$3(250)) - 816b1da2-1c4e-42ee-9437-e192113ed53f@group-8322C3CD9FF7: shutdown
2019-11-16 00:26:43,558 [ForkJoinPool.commonPool-worker-0] INFO  util.JmxRegister (JmxRegister.java:unregister(73)) - Successfully un-registered JMX Bean with object name Ratis:service=RaftServer,group=group-CC06AC41928D,id=84c9c768-243c-47db-bab4-63e35b2a41a2
2019-11-16 00:26:43,558 [main] INFO  util.JmxRegister (JmxRegister.java:unregister(73)) - Successfully un-registered JMX Bean with object name Ratis:service=RaftServer,group=group-8322C3CD9FF7,id=816b1da2-1c4e-42ee-9437-e192113ed53f
2019-11-16 00:26:43,558 [ForkJoinPool.commonPool-worker-0] INFO  impl.RoleInfo (RoleInfo.java:shutdownLeaderState(104)) - 84c9c768-243c-47db-bab4-63e35b2a41a2: shutdown LeaderState
2019-11-16 00:26:43,558 [main] INFO  impl.RoleInfo (RoleInfo.java:shutdownLeaderState(104)) - 816b1da2-1c4e-42ee-9437-e192113ed53f: shutdown LeaderState
2019-11-16 00:26:43,559 [ForkJoinPool.commonPool-worker-0] INFO  impl.PendingRequests (PendingRequests.java:sendNotLeaderResponses(206)) - 84c9c768-243c-47db-bab4-63e35b2a41a2@group-CC06AC41928D-PendingRequests: sendNotLeaderResponses
2019-11-16 00:26:43,562 [main] INFO  impl.PendingRequests (PendingRequests.java:sendNotLeaderResponses(206)) - 816b1da2-1c4e-42ee-9437-e192113ed53f@group-8322C3CD9FF7-PendingRequests: sendNotLeaderResponses
2019-11-16 00:26:43,562 [org.apache.ratis.server.impl.LogAppender$AppenderDaemon$$Lambda$427/371179679@5dfb36c2] WARN  server.GrpcLogAppender (GrpcLogAppender.java:mayWait(151)) - 816b1da2-1c4e-42ee-9437-e192113ed53f@group-8322C3CD9FF7->a05a7939-ef6c-4534-b55b-b612829faca5-GrpcLogAppender: Wait interrupted by java.lang.InterruptedException
2019-11-16 00:26:43,562 [org.apache.ratis.server.impl.LogAppender$AppenderDaemon$$Lambda$427/371179679@1c0f8cfc] WARN  server.GrpcLogAppender (GrpcLogAppender.java:mayWait(151)) - 816b1da2-1c4e-42ee-9437-e192113ed53f@group-8322C3CD9FF7->69b8f75d-497f-4fe6-9dc7-b84f6827359d-GrpcLogAppender: Wait interrupted by java.lang.InterruptedException
2019-11-16 00:26:43,572 [main] INFO  impl.StateMachineUpdater (StateMachineUpdater.java:stopAndJoin(136)) - 816b1da2-1c4e-42ee-9437-e192113ed53f@group-8322C3CD9FF7-StateMachineUpdater: set stopIndex = 2
2019-11-16 00:26:43,562 [ForkJoinPool.commonPool-worker-0] INFO  impl.StateMachineUpdater (StateMachineUpdater.java:stopAndJoin(136)) - 84c9c768-243c-47db-bab4-63e35b2a41a2@group-CC06AC41928D-StateMachineUpdater: set stopIndex = 0
2019-11-16 00:26:43,573 [ForkJoinPool.commonPool-worker-0] INFO  impl.RaftServerImpl (ServerState.java:close(387)) - 84c9c768-243c-47db-bab4-63e35b2a41a2@group-CC06AC41928D: closes. applyIndex: 0
2019-11-16 00:26:43,573 [grpc-default-executor-2] INFO  server.GrpcServerProtocolService (GrpcServerProtocolService.java:onCompleted(113)) - 69b8f75d-497f-4fe6-9dc7-b84f6827359d: Completed APPEND_ENTRIES, lastRequest: 816b1da2-1c4e-42ee-9437-e192113ed53f->69b8f75d-497f-4fe6-9dc7-b84f6827359d#12-t2, previous=(t:2, i:2), leaderCommit=2, initializing? false, entries: <empty>
2019-11-16 00:26:43,573 [main] INFO  impl.RaftServerImpl (ServerState.java:close(387)) - 816b1da2-1c4e-42ee-9437-e192113ed53f@group-8322C3CD9FF7: closes. applyIndex: 2
2019-11-16 00:26:43,573 [84c9c768-243c-47db-bab4-63e35b2a41a2@group-CC06AC41928D-SegmentedRaftLogWorker] INFO  segmented.SegmentedRaftLogWorker (SegmentedRaftLogWorker.java:run(316)) - 84c9c768-243c-47db-bab4-63e35b2a41a2@group-CC06AC41928D-SegmentedRaftLogWorker was interrupted, exiting. There are 0 tasks remaining in the queue.
2019-11-16 00:26:43,574 [816b1da2-1c4e-42ee-9437-e192113ed53f@group-8322C3CD9FF7-SegmentedRaftLogWorker] INFO  segmented.SegmentedRaftLogWorker (SegmentedRaftLogWorker.java:run(316)) - 816b1da2-1c4e-42ee-9437-e192113ed53f@group-8322C3CD9FF7-SegmentedRaftLogWorker was interrupted, exiting. There are 0 tasks remaining in the queue.
2019-11-16 00:26:43,574 [grpc-default-executor-2] INFO  server.GrpcLogAppender (GrpcLogAppender.java:onCompleted(308)) - 816b1da2-1c4e-42ee-9437-e192113ed53f@group-8322C3CD9FF7->69b8f75d-497f-4fe6-9dc7-b84f6827359d-AppendLogResponseHandler: follower responses appendEntries COMPLETED
2019-11-16 00:26:43,574 [main] INFO  segmented.SegmentedRaftLogWorker (SegmentedRaftLogWorker.java:close(224)) - 816b1da2-1c4e-42ee-9437-e192113ed53f@group-8322C3CD9FF7-SegmentedRaftLogWorker close()
2019-11-16 00:26:43,574 [ForkJoinPool.commonPool-worker-0] INFO  segmented.SegmentedRaftLogWorker (SegmentedRaftLogWorker.java:close(224)) - 84c9c768-243c-47db-bab4-63e35b2a41a2@group-CC06AC41928D-SegmentedRaftLogWorker close()
2019-11-16 00:26:43,574 [main] INFO  impl.RaftServerImpl (RaftServerImpl.java:lambda$shutdown$3(250)) - 816b1da2-1c4e-42ee-9437-e192113ed53f@group-322D19E28D9D: shutdown
2019-11-16 00:26:43,574 [grpc-default-executor-2] INFO  impl.FollowerInfo (FollowerInfo.java:lambda$new$0(51)) - 816b1da2-1c4e-42ee-9437-e192113ed53f@group-8322C3CD9FF7->69b8f75d-497f-4fe6-9dc7-b84f6827359d: nextIndex: updateUnconditionally 3 -> 2
2019-11-16 00:26:43,575 [main] INFO  util.JmxRegister (JmxRegister.java:unregister(73)) - Successfully un-registered JMX Bean with object name Ratis:service=RaftServer,group=group-322D19E28D9D,id=816b1da2-1c4e-42ee-9437-e192113ed53f
2019-11-16 00:26:43,575 [ForkJoinPool.commonPool-worker-0] INFO  impl.RaftServerImpl (RaftServerImpl.java:lambda$shutdown$3(250)) - 84c9c768-243c-47db-bab4-63e35b2a41a2@group-ABBA576E5246: shutdown
2019-11-16 00:26:43,575 [main] INFO  impl.RoleInfo (RoleInfo.java:shutdownLeaderState(104)) - 816b1da2-1c4e-42ee-9437-e192113ed53f: shutdown LeaderState
2019-11-16 00:26:43,576 [ForkJoinPool.commonPool-worker-0] INFO  util.JmxRegister (JmxRegister.java:unregister(73)) - Successfully un-registered JMX Bean with object name Ratis:service=RaftServer,group=group-ABBA576E5246,id=84c9c768-243c-47db-bab4-63e35b2a41a2
2019-11-16 00:26:43,576 [main] INFO  impl.PendingRequests (PendingRequests.java:sendNotLeaderResponses(206)) - 816b1da2-1c4e-42ee-9437-e192113ed53f@group-322D19E28D9D-PendingRequests: sendNotLeaderResponses
2019-11-16 00:26:43,576 [ForkJoinPool.commonPool-worker-0] INFO  impl.RoleInfo (RoleInfo.java:shutdownFollowerState(121)) - 84c9c768-243c-47db-bab4-63e35b2a41a2: shutdown FollowerState
2019-11-16 00:26:43,576 [main] INFO  impl.StateMachineUpdater (StateMachineUpdater.java:stopAndJoin(136)) - 816b1da2-1c4e-42ee-9437-e192113ed53f@group-322D19E28D9D-StateMachineUpdater: set stopIndex = 0
2019-11-16 00:26:43,577 [Thread-4330] INFO  impl.FollowerState (FollowerState.java:run(120)) - 84c9c768-243c-47db-bab4-63e35b2a41a2@group-ABBA576E5246-FollowerState was interrupted: java.lang.InterruptedException: sleep interrupted
2019-11-16 00:26:43,577 [ForkJoinPool.commonPool-worker-0] INFO  impl.StateMachineUpdater (StateMachineUpdater.java:stopAndJoin(136)) - 84c9c768-243c-47db-bab4-63e35b2a41a2@group-ABBA576E5246-StateMachineUpdater: set stopIndex = 0
2019-11-16 00:26:43,577 [main] INFO  impl.RaftServerImpl (ServerState.java:close(387)) - 816b1da2-1c4e-42ee-9437-e192113ed53f@group-322D19E28D9D: closes. applyIndex: 0
2019-11-16 00:26:43,577 [ForkJoinPool.commonPool-worker-0] INFO  impl.RaftServerImpl (ServerState.java:close(387)) - 84c9c768-243c-47db-bab4-63e35b2a41a2@group-ABBA576E5246: closes. applyIndex: 0
2019-11-16 00:26:43,577 [816b1da2-1c4e-42ee-9437-e192113ed53f@group-322D19E28D9D-SegmentedRaftLogWorker] INFO  segmented.SegmentedRaftLogWorker (SegmentedRaftLogWorker.java:run(316)) - 816b1da2-1c4e-42ee-9437-e192113ed53f@group-322D19E28D9D-SegmentedRaftLogWorker was interrupted, exiting. There are 0 tasks remaining in the queue.
2019-11-16 00:26:43,578 [84c9c768-243c-47db-bab4-63e35b2a41a2@group-ABBA576E5246-SegmentedRaftLogWorker] INFO  segmented.SegmentedRaftLogWorker (SegmentedRaftLogWorker.java:run(316)) - 84c9c768-243c-47db-bab4-63e35b2a41a2@group-ABBA576E5246-SegmentedRaftLogWorker was interrupted, exiting. There are 0 tasks remaining in the queue.
2019-11-16 00:26:43,578 [main] INFO  segmented.SegmentedRaftLogWorker (SegmentedRaftLogWorker.java:close(224)) - 816b1da2-1c4e-42ee-9437-e192113ed53f@group-322D19E28D9D-SegmentedRaftLogWorker close()
2019-11-16 00:26:43,578 [ForkJoinPool.commonPool-worker-0] INFO  segmented.SegmentedRaftLogWorker (SegmentedRaftLogWorker.java:close(224)) - 84c9c768-243c-47db-bab4-63e35b2a41a2@group-ABBA576E5246-SegmentedRaftLogWorker close()
2019-11-16 00:26:43,578 [main] INFO  server.GrpcService (GrpcService.java:closeImpl(164)) - 816b1da2-1c4e-42ee-9437-e192113ed53f: shutdown server with port 36665 now
2019-11-16 00:26:43,580 [ForkJoinPool.commonPool-worker-0] INFO  server.GrpcService (GrpcService.java:closeImpl(164)) - 84c9c768-243c-47db-bab4-63e35b2a41a2: shutdown server with port 38689 now
2019-11-16 00:26:43,580 [main] INFO  server.GrpcService (GrpcService.java:closeImpl(172)) - 816b1da2-1c4e-42ee-9437-e192113ed53f: shutdown server with port 36665 successfully
2019-11-16 00:26:43,581 [grpc-default-executor-1] WARN  server.GrpcServerProtocolService (LogUtils.java:warn(134)) - 84c9c768-243c-47db-bab4-63e35b2a41a2: installSnapshot onError, lastRequest: 5140e110-8ff7-42a5-9b32-053ee4f24742->84c9c768-243c-47db-bab4-63e35b2a41a2#20-t1, previous=(t:1, i:0), leaderCommit=0, initializing? false, entries: <empty>: org.apache.ratis.thirdparty.io.grpc.StatusRuntimeException: CANCELLED: cancelled before receiving half close
2019-11-16 00:26:43,581 [ForkJoinPool.commonPool-worker-0] INFO  server.GrpcService (GrpcService.java:closeImpl(172)) - 84c9c768-243c-47db-bab4-63e35b2a41a2: shutdown server with port 38689 successfully
2019-11-16 00:26:43,581 [grpc-default-executor-3] WARN  server.GrpcLogAppender (LogUtils.java:warn(134)) - 5140e110-8ff7-42a5-9b32-053ee4f24742@group-ABBA576E5246->84c9c768-243c-47db-bab4-63e35b2a41a2-AppendLogResponseHandler: Failed appendEntries: org.apache.ratis.thirdparty.io.grpc.StatusRuntimeException: CANCELLED: HTTP/2 error code: CANCEL
Received Rst Stream
2019-11-16 00:26:43,581 [grpc-default-executor-3] INFO  impl.FollowerInfo (FollowerInfo.java:lambda$new$0(51)) - 5140e110-8ff7-42a5-9b32-053ee4f24742@group-ABBA576E5246->84c9c768-243c-47db-bab4-63e35b2a41a2: nextIndex: updateUnconditionally 1 -> 0
2019-11-16 00:26:43,582 [refreshUsed-/workdir/hadoop-ozone/integration-test/target/test-dir/MiniOzoneClusterImpl-ec73e7b8-24c6-4197-838c-bd0443d97e1c/datanode-5/data/containers] WARN  fs.CachingGetSpaceUsed (CachingGetSpaceUsed.java:run(183)) - Thread Interrupted waiting to refresh disk information: sleep interrupted
2019-11-16 00:26:43,585 [refreshUsed-/workdir/hadoop-ozone/integration-test/target/test-dir/MiniOzoneClusterImpl-ec73e7b8-24c6-4197-838c-bd0443d97e1c/datanode-2/data/containers] WARN  fs.CachingGetSpaceUsed (CachingGetSpaceUsed.java:run(183)) - Thread Interrupted waiting to refresh disk information: sleep interrupted
2019-11-16 00:26:43,604 [main] INFO  utils.BackgroundService (BackgroundService.java:shutdown(151)) - Shutting down service BlockDeletingService
2019-11-16 00:26:43,613 [main] INFO  statemachine.DatanodeStateMachine (DatanodeStateMachine.java:stopDaemon(400)) - Ozone container server stopped.
2019-11-16 00:26:43,613 [ForkJoinPool.commonPool-worker-0] INFO  utils.BackgroundService (BackgroundService.java:shutdown(151)) - Shutting down service BlockDeletingService
2019-11-16 00:26:43,617 [ForkJoinPool.commonPool-worker-0] INFO  statemachine.DatanodeStateMachine (DatanodeStateMachine.java:stopDaemon(400)) - Ozone container server stopped.
2019-11-16 00:26:43,620 [main] INFO  handler.ContextHandler (ContextHandler.java:doStop(910)) - Stopped o.e.j.w.WebAppContext@2b79c8ff{/,null,UNAVAILABLE}{/hddsDatanode}
2019-11-16 00:26:43,621 [ForkJoinPool.commonPool-worker-0] INFO  handler.ContextHandler (ContextHandler.java:doStop(910)) - Stopped o.e.j.w.WebAppContext@743d0d44{/,null,UNAVAILABLE}{/hddsDatanode}
2019-11-16 00:26:43,622 [ForkJoinPool.commonPool-worker-0] INFO  server.AbstractConnector (AbstractConnector.java:doStop(318)) - Stopped ServerConnector@35563e4c{HTTP/1.1,[http/1.1]}{0.0.0.0:0}
2019-11-16 00:26:43,622 [main] INFO  server.AbstractConnector (AbstractConnector.java:doStop(318)) - Stopped ServerConnector@2baf72d5{HTTP/1.1,[http/1.1]}{0.0.0.0:0}
2019-11-16 00:26:43,623 [ForkJoinPool.commonPool-worker-0] INFO  handler.ContextHandler (ContextHandler.java:doStop(910)) - Stopped o.e.j.s.ServletContextHandler@242ff747{/static,jar:file:/home/user/.m2/repository/org/apache/hadoop/hadoop-hdds-container-service/0.5.0-SNAPSHOT/hadoop-hdds-container-service-0.5.0-SNAPSHOT.jar!/webapps/static,UNAVAILABLE}
2019-11-16 00:26:43,623 [main] INFO  handler.ContextHandler (ContextHandler.java:doStop(910)) - Stopped o.e.j.s.ServletContextHandler@3a3883c4{/static,jar:file:/home/user/.m2/repository/org/apache/hadoop/hadoop-hdds-container-service/0.5.0-SNAPSHOT/hadoop-hdds-container-service-0.5.0-SNAPSHOT.jar!/webapps/static,UNAVAILABLE}
2019-11-16 00:26:43,624 [ForkJoinPool.commonPool-worker-0] INFO  handler.ContextHandler (ContextHandler.java:doStop(910)) - Stopped o.e.j.s.ServletContextHandler@4409cae6{/logs,file:///workdir/hadoop-ozone/integration-test/target/log,UNAVAILABLE}
2019-11-16 00:26:43,624 [main] INFO  handler.ContextHandler (ContextHandler.java:doStop(910)) - Stopped o.e.j.s.ServletContextHandler@73e4bb60{/logs,file:///workdir/hadoop-ozone/integration-test/target/log,UNAVAILABLE}
2019-11-16 00:26:43,874 [Datanode State Machine Thread - 0] INFO  statemachine.DatanodeStateMachine (DatanodeStateMachine.java:lambda$startDaemon$0(355)) - Ozone container server started.
2019-11-16 00:26:43,951 [grpc-default-executor-9] WARN  server.GrpcLogAppender (LogUtils.java:warn(134)) - 5140e110-8ff7-42a5-9b32-053ee4f24742@group-ABBA576E5246->84c9c768-243c-47db-bab4-63e35b2a41a2-AppendLogResponseHandler: Failed appendEntries: org.apache.ratis.thirdparty.io.grpc.StatusRuntimeException: UNAVAILABLE: io exception
2019-11-16 00:26:43,951 [grpc-default-executor-9] INFO  impl.FollowerInfo (FollowerInfo.java:lambda$new$0(51)) - 5140e110-8ff7-42a5-9b32-053ee4f24742@group-ABBA576E5246->84c9c768-243c-47db-bab4-63e35b2a41a2: nextIndex: updateUnconditionally 0 -> 0
2019-11-16 00:26:44,376 [Datanode State Machine Thread - 0] INFO  statemachine.DatanodeStateMachine (DatanodeStateMachine.java:lambda$startDaemon$0(355)) - Ozone container server started.
2019-11-16 00:26:44,451 [grpc-default-executor-1] WARN  server.GrpcLogAppender (LogUtils.java:warn(134)) - 5140e110-8ff7-42a5-9b32-053ee4f24742@group-ABBA576E5246->84c9c768-243c-47db-bab4-63e35b2a41a2-AppendLogResponseHandler: Failed appendEntries: org.apache.ratis.thirdparty.io.grpc.StatusRuntimeException: UNAVAILABLE: io exception
2019-11-16 00:26:44,451 [grpc-default-executor-1] INFO  impl.FollowerInfo (FollowerInfo.java:lambda$new$0(51)) - 5140e110-8ff7-42a5-9b32-053ee4f24742@group-ABBA576E5246->84c9c768-243c-47db-bab4-63e35b2a41a2: nextIndex: updateUnconditionally 0 -> 0
2019-11-16 00:26:44,623 [Thread-4403] INFO  impl.FollowerState (FollowerState.java:run(111)) - 69b8f75d-497f-4fe6-9dc7-b84f6827359d@group-8322C3CD9FF7-FollowerState: change to CANDIDATE, lastRpcTime:1503ms, electionTimeout:1033ms
2019-11-16 00:26:44,623 [Thread-4403] INFO  impl.RoleInfo (RoleInfo.java:shutdownFollowerState(121)) - 69b8f75d-497f-4fe6-9dc7-b84f6827359d: shutdown FollowerState
2019-11-16 00:26:44,623 [Thread-4403] INFO  impl.RaftServerImpl (RaftServerImpl.java:setRole(173)) - 69b8f75d-497f-4fe6-9dc7-b84f6827359d@group-8322C3CD9FF7: changes role from  FOLLOWER to CANDIDATE at term 2 for changeToCandidate
2019-11-16 00:26:44,623 [Thread-4403] INFO  impl.RoleInfo (RoleInfo.java:updateAndGet(143)) - 69b8f75d-497f-4fe6-9dc7-b84f6827359d: start LeaderElection
2019-11-16 00:26:44,624 [69b8f75d-497f-4fe6-9dc7-b84f6827359d@group-8322C3CD9FF7-LeaderElection183] INFO  impl.RaftServerImpl (ServerState.java:setLeader(255)) - 69b8f75d-497f-4fe6-9dc7-b84f6827359d@group-8322C3CD9FF7: change Leader from 816b1da2-1c4e-42ee-9437-e192113ed53f to null at term 2 for initElection
2019-11-16 00:26:44,648 [69b8f75d-497f-4fe6-9dc7-b84f6827359d@group-8322C3CD9FF7-LeaderElection183] INFO  impl.LeaderElection (LeaderElection.java:askForVotes(178)) - 69b8f75d-497f-4fe6-9dc7-b84f6827359d@group-8322C3CD9FF7-LeaderElection183: begin an election at term 3 for 1: [a05a7939-ef6c-4534-b55b-b612829faca5:192.168.69.79:35267, 816b1da2-1c4e-42ee-9437-e192113ed53f:192.168.69.79:36665, 69b8f75d-497f-4fe6-9dc7-b84f6827359d:192.168.69.79:44545], old=null
2019-11-16 00:26:44,650 [69b8f75d-497f-4fe6-9dc7-b84f6827359d@group-8322C3CD9FF7-LeaderElection183] INFO  impl.LeaderElection (LogUtils.java:infoOrTrace(149)) - 69b8f75d-497f-4fe6-9dc7-b84f6827359d@group-8322C3CD9FF7-LeaderElection183 got exception when requesting votes: {}
java.util.concurrent.ExecutionException: org.apache.ratis.thirdparty.io.grpc.StatusRuntimeException: UNAVAILABLE: io exception
	at java.util.concurrent.FutureTask.report(FutureTask.java:122)
	at java.util.concurrent.FutureTask.get(FutureTask.java:192)
	at org.apache.ratis.server.impl.LeaderElection.waitForResults(LeaderElection.java:259)
	at org.apache.ratis.server.impl.LeaderElection.askForVotes(LeaderElection.java:197)
	at org.apache.ratis.server.impl.LeaderElection.run(LeaderElection.java:133)
	at java.lang.Thread.run(Thread.java:748)
Caused by: org.apache.ratis.thirdparty.io.grpc.StatusRuntimeException: UNAVAILABLE: io exception
	at org.apache.ratis.thirdparty.io.grpc.stub.ClientCalls.toStatusRuntimeException(ClientCalls.java:233)
	at org.apache.ratis.thirdparty.io.grpc.stub.ClientCalls.getUnchecked(ClientCalls.java:214)
	at org.apache.ratis.thirdparty.io.grpc.stub.ClientCalls.blockingUnaryCall(ClientCalls.java:139)
	at org.apache.ratis.proto.grpc.RaftServerProtocolServiceGrpc$RaftServerProtocolServiceBlockingStub.requestVote(RaftServerProtocolServiceGrpc.java:265)
	at org.apache.ratis.grpc.server.GrpcServerProtocolClient.requestVote(GrpcServerProtocolClient.java:99)
	at org.apache.ratis.grpc.server.GrpcService.requestVote(GrpcService.java:204)
	at org.apache.ratis.server.impl.LeaderElection.lambda$submitRequests$1(LeaderElection.java:234)
	at java.util.concurrent.FutureTask.run(FutureTask.java:266)
	at java.util.concurrent.Executors$RunnableAdapter.call(Executors.java:511)
	at java.util.concurrent.FutureTask.run(FutureTask.java:266)
	at java.util.concurrent.ThreadPoolExecutor.runWorker(ThreadPoolExecutor.java:1149)
	at java.util.concurrent.ThreadPoolExecutor$Worker.run(ThreadPoolExecutor.java:624)
	... 1 more
Caused by: org.apache.ratis.thirdparty.io.netty.channel.AbstractChannel$AnnotatedConnectException: Connection refused: /192.168.69.79:35267
	at sun.nio.ch.SocketChannelImpl.checkConnect(Native Method)
	at sun.nio.ch.SocketChannelImpl.finishConnect(SocketChannelImpl.java:717)
	at org.apache.ratis.thirdparty.io.netty.channel.socket.nio.NioSocketChannel.doFinishConnect(NioSocketChannel.java:327)
	at org.apache.ratis.thirdparty.io.netty.channel.nio.AbstractNioChannel$AbstractNioUnsafe.finishConnect(AbstractNioChannel.java:340)
	at org.apache.ratis.thirdparty.io.netty.channel.nio.NioEventLoop.processSelectedKey(NioEventLoop.java:632)
	at org.apache.ratis.thirdparty.io.netty.channel.nio.NioEventLoop.processSelectedKeysOptimized(NioEventLoop.java:579)
	at org.apache.ratis.thirdparty.io.netty.channel.nio.NioEventLoop.processSelectedKeys(NioEventLoop.java:496)
	at org.apache.ratis.thirdparty.io.netty.channel.nio.NioEventLoop.run(NioEventLoop.java:458)
	at org.apache.ratis.thirdparty.io.netty.util.concurrent.SingleThreadEventExecutor$5.run(SingleThreadEventExecutor.java:897)
	at org.apache.ratis.thirdparty.io.netty.util.concurrent.FastThreadLocalRunnable.run(FastThreadLocalRunnable.java:30)
	... 1 more
Caused by: java.net.ConnectException: Connection refused
	... 11 more
2019-11-16 00:26:44,650 [69b8f75d-497f-4fe6-9dc7-b84f6827359d@group-8322C3CD9FF7-LeaderElection183] INFO  impl.LeaderElection (LogUtils.java:infoOrTrace(149)) - 69b8f75d-497f-4fe6-9dc7-b84f6827359d@group-8322C3CD9FF7-LeaderElection183 got exception when requesting votes: {}
java.util.concurrent.ExecutionException: org.apache.ratis.thirdparty.io.grpc.StatusRuntimeException: UNAVAILABLE: io exception
	at java.util.concurrent.FutureTask.report(FutureTask.java:122)
	at java.util.concurrent.FutureTask.get(FutureTask.java:192)
	at org.apache.ratis.server.impl.LeaderElection.waitForResults(LeaderElection.java:259)
	at org.apache.ratis.server.impl.LeaderElection.askForVotes(LeaderElection.java:197)
	at org.apache.ratis.server.impl.LeaderElection.run(LeaderElection.java:133)
	at java.lang.Thread.run(Thread.java:748)
Caused by: org.apache.ratis.thirdparty.io.grpc.StatusRuntimeException: UNAVAILABLE: io exception
	at org.apache.ratis.thirdparty.io.grpc.stub.ClientCalls.toStatusRuntimeException(ClientCalls.java:233)
	at org.apache.ratis.thirdparty.io.grpc.stub.ClientCalls.getUnchecked(ClientCalls.java:214)
	at org.apache.ratis.thirdparty.io.grpc.stub.ClientCalls.blockingUnaryCall(ClientCalls.java:139)
	at org.apache.ratis.proto.grpc.RaftServerProtocolServiceGrpc$RaftServerProtocolServiceBlockingStub.requestVote(RaftServerProtocolServiceGrpc.java:265)
	at org.apache.ratis.grpc.server.GrpcServerProtocolClient.requestVote(GrpcServerProtocolClient.java:99)
	at org.apache.ratis.grpc.server.GrpcService.requestVote(GrpcService.java:204)
	at org.apache.ratis.server.impl.LeaderElection.lambda$submitRequests$1(LeaderElection.java:234)
	at java.util.concurrent.FutureTask.run(FutureTask.java:266)
	at java.util.concurrent.Executors$RunnableAdapter.call(Executors.java:511)
	at java.util.concurrent.FutureTask.run(FutureTask.java:266)
	at java.util.concurrent.ThreadPoolExecutor.runWorker(ThreadPoolExecutor.java:1149)
	at java.util.concurrent.ThreadPoolExecutor$Worker.run(ThreadPoolExecutor.java:624)
	... 1 more
Caused by: org.apache.ratis.thirdparty.io.netty.channel.AbstractChannel$AnnotatedConnectException: Connection refused: /192.168.69.79:36665
	at sun.nio.ch.SocketChannelImpl.checkConnect(Native Method)
	at sun.nio.ch.SocketChannelImpl.finishConnect(SocketChannelImpl.java:717)
	at org.apache.ratis.thirdparty.io.netty.channel.socket.nio.NioSocketChannel.doFinishConnect(NioSocketChannel.java:327)
	at org.apache.ratis.thirdparty.io.netty.channel.nio.AbstractNioChannel$AbstractNioUnsafe.finishConnect(AbstractNioChannel.java:340)
	at org.apache.ratis.thirdparty.io.netty.channel.nio.NioEventLoop.processSelectedKey(NioEventLoop.java:632)
	at org.apache.ratis.thirdparty.io.netty.channel.nio.NioEventLoop.processSelectedKeysOptimized(NioEventLoop.java:579)
	at org.apache.ratis.thirdparty.io.netty.channel.nio.NioEventLoop.processSelectedKeys(NioEventLoop.java:496)
	at org.apache.ratis.thirdparty.io.netty.channel.nio.NioEventLoop.run(NioEventLoop.java:458)
	at org.apache.ratis.thirdparty.io.netty.util.concurrent.SingleThreadEventExecutor$5.run(SingleThreadEventExecutor.java:897)
	at org.apache.ratis.thirdparty.io.netty.util.concurrent.FastThreadLocalRunnable.run(FastThreadLocalRunnable.java:30)
	... 1 more
Caused by: java.net.ConnectException: Connection refused
	... 11 more
2019-11-16 00:26:44,651 [69b8f75d-497f-4fe6-9dc7-b84f6827359d@group-8322C3CD9FF7-LeaderElection183] INFO  impl.LeaderElection (LeaderElection.java:logAndReturn(56)) - 69b8f75d-497f-4fe6-9dc7-b84f6827359d@group-8322C3CD9FF7-LeaderElection183: Election REJECTED; received 0 response(s) [] and 2 exception(s); 69b8f75d-497f-4fe6-9dc7-b84f6827359d@group-8322C3CD9FF7:t3, leader=null, voted=69b8f75d-497f-4fe6-9dc7-b84f6827359d, raftlog=69b8f75d-497f-4fe6-9dc7-b84f6827359d@group-8322C3CD9FF7-SegmentedRaftLog:OPENED:c2,f2,i2, conf=1: [a05a7939-ef6c-4534-b55b-b612829faca5:192.168.69.79:35267, 816b1da2-1c4e-42ee-9437-e192113ed53f:192.168.69.79:36665, 69b8f75d-497f-4fe6-9dc7-b84f6827359d:192.168.69.79:44545], old=null
2019-11-16 00:26:44,651 [69b8f75d-497f-4fe6-9dc7-b84f6827359d@group-8322C3CD9FF7-LeaderElection183] INFO  impl.LeaderElection (LogUtils.java:infoOrTrace(149)) -   Exception 0: {}
java.util.concurrent.ExecutionException: org.apache.ratis.thirdparty.io.grpc.StatusRuntimeException: UNAVAILABLE: io exception
	at java.util.concurrent.FutureTask.report(FutureTask.java:122)
	at java.util.concurrent.FutureTask.get(FutureTask.java:192)
	at org.apache.ratis.server.impl.LeaderElection.waitForResults(LeaderElection.java:259)
	at org.apache.ratis.server.impl.LeaderElection.askForVotes(LeaderElection.java:197)
	at org.apache.ratis.server.impl.LeaderElection.run(LeaderElection.java:133)
	at java.lang.Thread.run(Thread.java:748)
Caused by: org.apache.ratis.thirdparty.io.grpc.StatusRuntimeException: UNAVAILABLE: io exception
	at org.apache.ratis.thirdparty.io.grpc.stub.ClientCalls.toStatusRuntimeException(ClientCalls.java:233)
	at org.apache.ratis.thirdparty.io.grpc.stub.ClientCalls.getUnchecked(ClientCalls.java:214)
	at org.apache.ratis.thirdparty.io.grpc.stub.ClientCalls.blockingUnaryCall(ClientCalls.java:139)
	at org.apache.ratis.proto.grpc.RaftServerProtocolServiceGrpc$RaftServerProtocolServiceBlockingStub.requestVote(RaftServerProtocolServiceGrpc.java:265)
	at org.apache.ratis.grpc.server.GrpcServerProtocolClient.requestVote(GrpcServerProtocolClient.java:99)
	at org.apache.ratis.grpc.server.GrpcService.requestVote(GrpcService.java:204)
	at org.apache.ratis.server.impl.LeaderElection.lambda$submitRequests$1(LeaderElection.java:234)
	at java.util.concurrent.FutureTask.run(FutureTask.java:266)
	at java.util.concurrent.Executors$RunnableAdapter.call(Executors.java:511)
	at java.util.concurrent.FutureTask.run(FutureTask.java:266)
	at java.util.concurrent.ThreadPoolExecutor.runWorker(ThreadPoolExecutor.java:1149)
	at java.util.concurrent.ThreadPoolExecutor$Worker.run(ThreadPoolExecutor.java:624)
	... 1 more
Caused by: org.apache.ratis.thirdparty.io.netty.channel.AbstractChannel$AnnotatedConnectException: Connection refused: /192.168.69.79:35267
	at sun.nio.ch.SocketChannelImpl.checkConnect(Native Method)
	at sun.nio.ch.SocketChannelImpl.finishConnect(SocketChannelImpl.java:717)
	at org.apache.ratis.thirdparty.io.netty.channel.socket.nio.NioSocketChannel.doFinishConnect(NioSocketChannel.java:327)
	at org.apache.ratis.thirdparty.io.netty.channel.nio.AbstractNioChannel$AbstractNioUnsafe.finishConnect(AbstractNioChannel.java:340)
	at org.apache.ratis.thirdparty.io.netty.channel.nio.NioEventLoop.processSelectedKey(NioEventLoop.java:632)
	at org.apache.ratis.thirdparty.io.netty.channel.nio.NioEventLoop.processSelectedKeysOptimized(NioEventLoop.java:579)
	at org.apache.ratis.thirdparty.io.netty.channel.nio.NioEventLoop.processSelectedKeys(NioEventLoop.java:496)
	at org.apache.ratis.thirdparty.io.netty.channel.nio.NioEventLoop.run(NioEventLoop.java:458)
	at org.apache.ratis.thirdparty.io.netty.util.concurrent.SingleThreadEventExecutor$5.run(SingleThreadEventExecutor.java:897)
	at org.apache.ratis.thirdparty.io.netty.util.concurrent.FastThreadLocalRunnable.run(FastThreadLocalRunnable.java:30)
	... 1 more
Caused by: java.net.ConnectException: Connection refused
	... 11 more
2019-11-16 00:26:44,651 [69b8f75d-497f-4fe6-9dc7-b84f6827359d@group-8322C3CD9FF7-LeaderElection183] INFO  impl.LeaderElection (LogUtils.java:infoOrTrace(149)) -   Exception 1: {}
java.util.concurrent.ExecutionException: org.apache.ratis.thirdparty.io.grpc.StatusRuntimeException: UNAVAILABLE: io exception
	at java.util.concurrent.FutureTask.report(FutureTask.java:122)
	at java.util.concurrent.FutureTask.get(FutureTask.java:192)
	at org.apache.ratis.server.impl.LeaderElection.waitForResults(LeaderElection.java:259)
	at org.apache.ratis.server.impl.LeaderElection.askForVotes(LeaderElection.java:197)
	at org.apache.ratis.server.impl.LeaderElection.run(LeaderElection.java:133)
	at java.lang.Thread.run(Thread.java:748)
Caused by: org.apache.ratis.thirdparty.io.grpc.StatusRuntimeException: UNAVAILABLE: io exception
	at org.apache.ratis.thirdparty.io.grpc.stub.ClientCalls.toStatusRuntimeException(ClientCalls.java:233)
	at org.apache.ratis.thirdparty.io.grpc.stub.ClientCalls.getUnchecked(ClientCalls.java:214)
	at org.apache.ratis.thirdparty.io.grpc.stub.ClientCalls.blockingUnaryCall(ClientCalls.java:139)
	at org.apache.ratis.proto.grpc.RaftServerProtocolServiceGrpc$RaftServerProtocolServiceBlockingStub.requestVote(RaftServerProtocolServiceGrpc.java:265)
	at org.apache.ratis.grpc.server.GrpcServerProtocolClient.requestVote(GrpcServerProtocolClient.java:99)
	at org.apache.ratis.grpc.server.GrpcService.requestVote(GrpcService.java:204)
	at org.apache.ratis.server.impl.LeaderElection.lambda$submitRequests$1(LeaderElection.java:234)
	at java.util.concurrent.FutureTask.run(FutureTask.java:266)
	at java.util.concurrent.Executors$RunnableAdapter.call(Executors.java:511)
	at java.util.concurrent.FutureTask.run(FutureTask.java:266)
	at java.util.concurrent.ThreadPoolExecutor.runWorker(ThreadPoolExecutor.java:1149)
	at java.util.concurrent.ThreadPoolExecutor$Worker.run(ThreadPoolExecutor.java:624)
	... 1 more
Caused by: org.apache.ratis.thirdparty.io.netty.channel.AbstractChannel$AnnotatedConnectException: Connection refused: /192.168.69.79:36665
	at sun.nio.ch.SocketChannelImpl.checkConnect(Native Method)
	at sun.nio.ch.SocketChannelImpl.finishConnect(SocketChannelImpl.java:717)
	at org.apache.ratis.thirdparty.io.netty.channel.socket.nio.NioSocketChannel.doFinishConnect(NioSocketChannel.java:327)
	at org.apache.ratis.thirdparty.io.netty.channel.nio.AbstractNioChannel$AbstractNioUnsafe.finishConnect(AbstractNioChannel.java:340)
	at org.apache.ratis.thirdparty.io.netty.channel.nio.NioEventLoop.processSelectedKey(NioEventLoop.java:632)
	at org.apache.ratis.thirdparty.io.netty.channel.nio.NioEventLoop.processSelectedKeysOptimized(NioEventLoop.java:579)
	at org.apache.ratis.thirdparty.io.netty.channel.nio.NioEventLoop.processSelectedKeys(NioEventLoop.java:496)
	at org.apache.ratis.thirdparty.io.netty.channel.nio.NioEventLoop.run(NioEventLoop.java:458)
	at org.apache.ratis.thirdparty.io.netty.util.concurrent.SingleThreadEventExecutor$5.run(SingleThreadEventExecutor.java:897)
	at org.apache.ratis.thirdparty.io.netty.util.concurrent.FastThreadLocalRunnable.run(FastThreadLocalRunnable.java:30)
	... 1 more
Caused by: java.net.ConnectException: Connection refused
	... 11 more
2019-11-16 00:26:44,651 [69b8f75d-497f-4fe6-9dc7-b84f6827359d@group-8322C3CD9FF7-LeaderElection183] INFO  impl.RaftServerImpl (RaftServerImpl.java:setRole(173)) - 69b8f75d-497f-4fe6-9dc7-b84f6827359d@group-8322C3CD9FF7: changes role from CANDIDATE to FOLLOWER at term 3 for DISCOVERED_A_NEW_TERM
2019-11-16 00:26:44,651 [69b8f75d-497f-4fe6-9dc7-b84f6827359d@group-8322C3CD9FF7-LeaderElection183] INFO  impl.RoleInfo (RoleInfo.java:shutdownLeaderElection(134)) - 69b8f75d-497f-4fe6-9dc7-b84f6827359d: shutdown LeaderElection
2019-11-16 00:26:44,652 [69b8f75d-497f-4fe6-9dc7-b84f6827359d@group-8322C3CD9FF7-LeaderElection183] INFO  impl.RoleInfo (RoleInfo.java:updateAndGet(143)) - 69b8f75d-497f-4fe6-9dc7-b84f6827359d: start FollowerState
2019-11-16 00:26:44,952 [grpc-default-executor-9] WARN  server.GrpcLogAppender (LogUtils.java:warn(134)) - 5140e110-8ff7-42a5-9b32-053ee4f24742@group-ABBA576E5246->84c9c768-243c-47db-bab4-63e35b2a41a2-AppendLogResponseHandler: Failed appendEntries: org.apache.ratis.thirdparty.io.grpc.StatusRuntimeException: UNAVAILABLE: io exception
2019-11-16 00:26:44,952 [grpc-default-executor-9] INFO  impl.FollowerInfo (FollowerInfo.java:lambda$new$0(51)) - 5140e110-8ff7-42a5-9b32-053ee4f24742@group-ABBA576E5246->84c9c768-243c-47db-bab4-63e35b2a41a2: nextIndex: updateUnconditionally 0 -> 0
2019-11-16 00:26:45,452 [grpc-default-executor-3] WARN  server.GrpcLogAppender (LogUtils.java:warn(134)) - 5140e110-8ff7-42a5-9b32-053ee4f24742@group-ABBA576E5246->84c9c768-243c-47db-bab4-63e35b2a41a2-AppendLogResponseHandler: Failed appendEntries: org.apache.ratis.thirdparty.io.grpc.StatusRuntimeException: UNAVAILABLE: io exception
2019-11-16 00:26:45,453 [grpc-default-executor-3] INFO  impl.FollowerInfo (FollowerInfo.java:lambda$new$0(51)) - 5140e110-8ff7-42a5-9b32-053ee4f24742@group-ABBA576E5246->84c9c768-243c-47db-bab4-63e35b2a41a2: nextIndex: updateUnconditionally 0 -> 0
2019-11-16 00:26:45,829 [Thread-4495] INFO  impl.FollowerState (FollowerState.java:run(111)) - 69b8f75d-497f-4fe6-9dc7-b84f6827359d@group-8322C3CD9FF7-FollowerState: change to CANDIDATE, lastRpcTime:1177ms, electionTimeout:1177ms
2019-11-16 00:26:45,829 [Thread-4495] INFO  impl.RoleInfo (RoleInfo.java:shutdownFollowerState(121)) - 69b8f75d-497f-4fe6-9dc7-b84f6827359d: shutdown FollowerState
2019-11-16 00:26:45,829 [Thread-4495] INFO  impl.RaftServerImpl (RaftServerImpl.java:setRole(173)) - 69b8f75d-497f-4fe6-9dc7-b84f6827359d@group-8322C3CD9FF7: changes role from  FOLLOWER to CANDIDATE at term 3 for changeToCandidate
2019-11-16 00:26:45,830 [Thread-4495] INFO  impl.RoleInfo (RoleInfo.java:updateAndGet(143)) - 69b8f75d-497f-4fe6-9dc7-b84f6827359d: start LeaderElection
2019-11-16 00:26:45,853 [69b8f75d-497f-4fe6-9dc7-b84f6827359d@group-8322C3CD9FF7-LeaderElection184] INFO  impl.LeaderElection (LeaderElection.java:askForVotes(178)) - 69b8f75d-497f-4fe6-9dc7-b84f6827359d@group-8322C3CD9FF7-LeaderElection184: begin an election at term 4 for 1: [a05a7939-ef6c-4534-b55b-b612829faca5:192.168.69.79:35267, 816b1da2-1c4e-42ee-9437-e192113ed53f:192.168.69.79:36665, 69b8f75d-497f-4fe6-9dc7-b84f6827359d:192.168.69.79:44545], old=null
2019-11-16 00:26:45,854 [69b8f75d-497f-4fe6-9dc7-b84f6827359d@group-8322C3CD9FF7-LeaderElection184] INFO  impl.LeaderElection (LogUtils.java:infoOrTrace(149)) - 69b8f75d-497f-4fe6-9dc7-b84f6827359d@group-8322C3CD9FF7-LeaderElection184 got exception when requesting votes: {}
java.util.concurrent.ExecutionException: org.apache.ratis.thirdparty.io.grpc.StatusRuntimeException: UNAVAILABLE: io exception
	at java.util.concurrent.FutureTask.report(FutureTask.java:122)
	at java.util.concurrent.FutureTask.get(FutureTask.java:192)
	at org.apache.ratis.server.impl.LeaderElection.waitForResults(LeaderElection.java:259)
	at org.apache.ratis.server.impl.LeaderElection.askForVotes(LeaderElection.java:197)
	at org.apache.ratis.server.impl.LeaderElection.run(LeaderElection.java:133)
	at java.lang.Thread.run(Thread.java:748)
Caused by: org.apache.ratis.thirdparty.io.grpc.StatusRuntimeException: UNAVAILABLE: io exception
	at org.apache.ratis.thirdparty.io.grpc.stub.ClientCalls.toStatusRuntimeException(ClientCalls.java:233)
	at org.apache.ratis.thirdparty.io.grpc.stub.ClientCalls.getUnchecked(ClientCalls.java:214)
	at org.apache.ratis.thirdparty.io.grpc.stub.ClientCalls.blockingUnaryCall(ClientCalls.java:139)
	at org.apache.ratis.proto.grpc.RaftServerProtocolServiceGrpc$RaftServerProtocolServiceBlockingStub.requestVote(RaftServerProtocolServiceGrpc.java:265)
	at org.apache.ratis.grpc.server.GrpcServerProtocolClient.requestVote(GrpcServerProtocolClient.java:99)
	at org.apache.ratis.grpc.server.GrpcService.requestVote(GrpcService.java:204)
	at org.apache.ratis.server.impl.LeaderElection.lambda$submitRequests$1(LeaderElection.java:234)
	at java.util.concurrent.FutureTask.run(FutureTask.java:266)
	at java.util.concurrent.Executors$RunnableAdapter.call(Executors.java:511)
	at java.util.concurrent.FutureTask.run(FutureTask.java:266)
	at java.util.concurrent.ThreadPoolExecutor.runWorker(ThreadPoolExecutor.java:1149)
	at java.util.concurrent.ThreadPoolExecutor$Worker.run(ThreadPoolExecutor.java:624)
	... 1 more
Caused by: org.apache.ratis.thirdparty.io.netty.channel.AbstractChannel$AnnotatedConnectException: Connection refused: /192.168.69.79:35267
	at sun.nio.ch.SocketChannelImpl.checkConnect(Native Method)
	at sun.nio.ch.SocketChannelImpl.finishConnect(SocketChannelImpl.java:717)
	at org.apache.ratis.thirdparty.io.netty.channel.socket.nio.NioSocketChannel.doFinishConnect(NioSocketChannel.java:327)
	at org.apache.ratis.thirdparty.io.netty.channel.nio.AbstractNioChannel$AbstractNioUnsafe.finishConnect(AbstractNioChannel.java:340)
	at org.apache.ratis.thirdparty.io.netty.channel.nio.NioEventLoop.processSelectedKey(NioEventLoop.java:632)
	at org.apache.ratis.thirdparty.io.netty.channel.nio.NioEventLoop.processSelectedKeysOptimized(NioEventLoop.java:579)
	at org.apache.ratis.thirdparty.io.netty.channel.nio.NioEventLoop.processSelectedKeys(NioEventLoop.java:496)
	at org.apache.ratis.thirdparty.io.netty.channel.nio.NioEventLoop.run(NioEventLoop.java:458)
	at org.apache.ratis.thirdparty.io.netty.util.concurrent.SingleThreadEventExecutor$5.run(SingleThreadEventExecutor.java:897)
	at org.apache.ratis.thirdparty.io.netty.util.concurrent.FastThreadLocalRunnable.run(FastThreadLocalRunnable.java:30)
	... 1 more
Caused by: java.net.ConnectException: Connection refused
	... 11 more
2019-11-16 00:26:45,854 [69b8f75d-497f-4fe6-9dc7-b84f6827359d@group-8322C3CD9FF7-LeaderElection184] INFO  impl.LeaderElection (LogUtils.java:infoOrTrace(149)) - 69b8f75d-497f-4fe6-9dc7-b84f6827359d@group-8322C3CD9FF7-LeaderElection184 got exception when requesting votes: {}
java.util.concurrent.ExecutionException: org.apache.ratis.thirdparty.io.grpc.StatusRuntimeException: UNAVAILABLE: io exception
	at java.util.concurrent.FutureTask.report(FutureTask.java:122)
	at java.util.concurrent.FutureTask.get(FutureTask.java:192)
	at org.apache.ratis.server.impl.LeaderElection.waitForResults(LeaderElection.java:259)
	at org.apache.ratis.server.impl.LeaderElection.askForVotes(LeaderElection.java:197)
	at org.apache.ratis.server.impl.LeaderElection.run(LeaderElection.java:133)
	at java.lang.Thread.run(Thread.java:748)
Caused by: org.apache.ratis.thirdparty.io.grpc.StatusRuntimeException: UNAVAILABLE: io exception
	at org.apache.ratis.thirdparty.io.grpc.stub.ClientCalls.toStatusRuntimeException(ClientCalls.java:233)
	at org.apache.ratis.thirdparty.io.grpc.stub.ClientCalls.getUnchecked(ClientCalls.java:214)
	at org.apache.ratis.thirdparty.io.grpc.stub.ClientCalls.blockingUnaryCall(ClientCalls.java:139)
	at org.apache.ratis.proto.grpc.RaftServerProtocolServiceGrpc$RaftServerProtocolServiceBlockingStub.requestVote(RaftServerProtocolServiceGrpc.java:265)
	at org.apache.ratis.grpc.server.GrpcServerProtocolClient.requestVote(GrpcServerProtocolClient.java:99)
	at org.apache.ratis.grpc.server.GrpcService.requestVote(GrpcService.java:204)
	at org.apache.ratis.server.impl.LeaderElection.lambda$submitRequests$1(LeaderElection.java:234)
	at java.util.concurrent.FutureTask.run(FutureTask.java:266)
	at java.util.concurrent.Executors$RunnableAdapter.call(Executors.java:511)
	at java.util.concurrent.FutureTask.run(FutureTask.java:266)
	at java.util.concurrent.ThreadPoolExecutor.runWorker(ThreadPoolExecutor.java:1149)
	at java.util.concurrent.ThreadPoolExecutor$Worker.run(ThreadPoolExecutor.java:624)
	... 1 more
Caused by: org.apache.ratis.thirdparty.io.netty.channel.AbstractChannel$AnnotatedConnectException: Connection refused: /192.168.69.79:36665
	at sun.nio.ch.SocketChannelImpl.checkConnect(Native Method)
	at sun.nio.ch.SocketChannelImpl.finishConnect(SocketChannelImpl.java:717)
	at org.apache.ratis.thirdparty.io.netty.channel.socket.nio.NioSocketChannel.doFinishConnect(NioSocketChannel.java:327)
	at org.apache.ratis.thirdparty.io.netty.channel.nio.AbstractNioChannel$AbstractNioUnsafe.finishConnect(AbstractNioChannel.java:340)
	at org.apache.ratis.thirdparty.io.netty.channel.nio.NioEventLoop.processSelectedKey(NioEventLoop.java:632)
	at org.apache.ratis.thirdparty.io.netty.channel.nio.NioEventLoop.processSelectedKeysOptimized(NioEventLoop.java:579)
	at org.apache.ratis.thirdparty.io.netty.channel.nio.NioEventLoop.processSelectedKeys(NioEventLoop.java:496)
	at org.apache.ratis.thirdparty.io.netty.channel.nio.NioEventLoop.run(NioEventLoop.java:458)
	at org.apache.ratis.thirdparty.io.netty.util.concurrent.SingleThreadEventExecutor$5.run(SingleThreadEventExecutor.java:897)
	at org.apache.ratis.thirdparty.io.netty.util.concurrent.FastThreadLocalRunnable.run(FastThreadLocalRunnable.java:30)
	... 1 more
Caused by: java.net.ConnectException: Connection refused
	... 11 more
2019-11-16 00:26:45,854 [69b8f75d-497f-4fe6-9dc7-b84f6827359d@group-8322C3CD9FF7-LeaderElection184] INFO  impl.LeaderElection (LeaderElection.java:logAndReturn(56)) - 69b8f75d-497f-4fe6-9dc7-b84f6827359d@group-8322C3CD9FF7-LeaderElection184: Election REJECTED; received 0 response(s) [] and 2 exception(s); 69b8f75d-497f-4fe6-9dc7-b84f6827359d@group-8322C3CD9FF7:t4, leader=null, voted=69b8f75d-497f-4fe6-9dc7-b84f6827359d, raftlog=69b8f75d-497f-4fe6-9dc7-b84f6827359d@group-8322C3CD9FF7-SegmentedRaftLog:OPENED:c2,f2,i2, conf=1: [a05a7939-ef6c-4534-b55b-b612829faca5:192.168.69.79:35267, 816b1da2-1c4e-42ee-9437-e192113ed53f:192.168.69.79:36665, 69b8f75d-497f-4fe6-9dc7-b84f6827359d:192.168.69.79:44545], old=null
2019-11-16 00:26:45,855 [69b8f75d-497f-4fe6-9dc7-b84f6827359d@group-8322C3CD9FF7-LeaderElection184] INFO  impl.LeaderElection (LogUtils.java:infoOrTrace(149)) -   Exception 0: {}
java.util.concurrent.ExecutionException: org.apache.ratis.thirdparty.io.grpc.StatusRuntimeException: UNAVAILABLE: io exception
	at java.util.concurrent.FutureTask.report(FutureTask.java:122)
	at java.util.concurrent.FutureTask.get(FutureTask.java:192)
	at org.apache.ratis.server.impl.LeaderElection.waitForResults(LeaderElection.java:259)
	at org.apache.ratis.server.impl.LeaderElection.askForVotes(LeaderElection.java:197)
	at org.apache.ratis.server.impl.LeaderElection.run(LeaderElection.java:133)
	at java.lang.Thread.run(Thread.java:748)
Caused by: org.apache.ratis.thirdparty.io.grpc.StatusRuntimeException: UNAVAILABLE: io exception
	at org.apache.ratis.thirdparty.io.grpc.stub.ClientCalls.toStatusRuntimeException(ClientCalls.java:233)
	at org.apache.ratis.thirdparty.io.grpc.stub.ClientCalls.getUnchecked(ClientCalls.java:214)
	at org.apache.ratis.thirdparty.io.grpc.stub.ClientCalls.blockingUnaryCall(ClientCalls.java:139)
	at org.apache.ratis.proto.grpc.RaftServerProtocolServiceGrpc$RaftServerProtocolServiceBlockingStub.requestVote(RaftServerProtocolServiceGrpc.java:265)
	at org.apache.ratis.grpc.server.GrpcServerProtocolClient.requestVote(GrpcServerProtocolClient.java:99)
	at org.apache.ratis.grpc.server.GrpcService.requestVote(GrpcService.java:204)
	at org.apache.ratis.server.impl.LeaderElection.lambda$submitRequests$1(LeaderElection.java:234)
	at java.util.concurrent.FutureTask.run(FutureTask.java:266)
	at java.util.concurrent.Executors$RunnableAdapter.call(Executors.java:511)
	at java.util.concurrent.FutureTask.run(FutureTask.java:266)
	at java.util.concurrent.ThreadPoolExecutor.runWorker(ThreadPoolExecutor.java:1149)
	at java.util.concurrent.ThreadPoolExecutor$Worker.run(ThreadPoolExecutor.java:624)
	... 1 more
Caused by: org.apache.ratis.thirdparty.io.netty.channel.AbstractChannel$AnnotatedConnectException: Connection refused: /192.168.69.79:35267
	at sun.nio.ch.SocketChannelImpl.checkConnect(Native Method)
	at sun.nio.ch.SocketChannelImpl.finishConnect(SocketChannelImpl.java:717)
	at org.apache.ratis.thirdparty.io.netty.channel.socket.nio.NioSocketChannel.doFinishConnect(NioSocketChannel.java:327)
	at org.apache.ratis.thirdparty.io.netty.channel.nio.AbstractNioChannel$AbstractNioUnsafe.finishConnect(AbstractNioChannel.java:340)
	at org.apache.ratis.thirdparty.io.netty.channel.nio.NioEventLoop.processSelectedKey(NioEventLoop.java:632)
	at org.apache.ratis.thirdparty.io.netty.channel.nio.NioEventLoop.processSelectedKeysOptimized(NioEventLoop.java:579)
	at org.apache.ratis.thirdparty.io.netty.channel.nio.NioEventLoop.processSelectedKeys(NioEventLoop.java:496)
	at org.apache.ratis.thirdparty.io.netty.channel.nio.NioEventLoop.run(NioEventLoop.java:458)
	at org.apache.ratis.thirdparty.io.netty.util.concurrent.SingleThreadEventExecutor$5.run(SingleThreadEventExecutor.java:897)
	at org.apache.ratis.thirdparty.io.netty.util.concurrent.FastThreadLocalRunnable.run(FastThreadLocalRunnable.java:30)
	... 1 more
Caused by: java.net.ConnectException: Connection refused
	... 11 more
2019-11-16 00:26:45,855 [69b8f75d-497f-4fe6-9dc7-b84f6827359d@group-8322C3CD9FF7-LeaderElection184] INFO  impl.LeaderElection (LogUtils.java:infoOrTrace(149)) -   Exception 1: {}
java.util.concurrent.ExecutionException: org.apache.ratis.thirdparty.io.grpc.StatusRuntimeException: UNAVAILABLE: io exception
	at java.util.concurrent.FutureTask.report(FutureTask.java:122)
	at java.util.concurrent.FutureTask.get(FutureTask.java:192)
	at org.apache.ratis.server.impl.LeaderElection.waitForResults(LeaderElection.java:259)
	at org.apache.ratis.server.impl.LeaderElection.askForVotes(LeaderElection.java:197)
	at org.apache.ratis.server.impl.LeaderElection.run(LeaderElection.java:133)
	at java.lang.Thread.run(Thread.java:748)
Caused by: org.apache.ratis.thirdparty.io.grpc.StatusRuntimeException: UNAVAILABLE: io exception
	at org.apache.ratis.thirdparty.io.grpc.stub.ClientCalls.toStatusRuntimeException(ClientCalls.java:233)
	at org.apache.ratis.thirdparty.io.grpc.stub.ClientCalls.getUnchecked(ClientCalls.java:214)
	at org.apache.ratis.thirdparty.io.grpc.stub.ClientCalls.blockingUnaryCall(ClientCalls.java:139)
	at org.apache.ratis.proto.grpc.RaftServerProtocolServiceGrpc$RaftServerProtocolServiceBlockingStub.requestVote(RaftServerProtocolServiceGrpc.java:265)
	at org.apache.ratis.grpc.server.GrpcServerProtocolClient.requestVote(GrpcServerProtocolClient.java:99)
	at org.apache.ratis.grpc.server.GrpcService.requestVote(GrpcService.java:204)
	at org.apache.ratis.server.impl.LeaderElection.lambda$submitRequests$1(LeaderElection.java:234)
	at java.util.concurrent.FutureTask.run(FutureTask.java:266)
	at java.util.concurrent.Executors$RunnableAdapter.call(Executors.java:511)
	at java.util.concurrent.FutureTask.run(FutureTask.java:266)
	at java.util.concurrent.ThreadPoolExecutor.runWorker(ThreadPoolExecutor.java:1149)
	at java.util.concurrent.ThreadPoolExecutor$Worker.run(ThreadPoolExecutor.java:624)
	... 1 more
Caused by: org.apache.ratis.thirdparty.io.netty.channel.AbstractChannel$AnnotatedConnectException: Connection refused: /192.168.69.79:36665
	at sun.nio.ch.SocketChannelImpl.checkConnect(Native Method)
	at sun.nio.ch.SocketChannelImpl.finishConnect(SocketChannelImpl.java:717)
	at org.apache.ratis.thirdparty.io.netty.channel.socket.nio.NioSocketChannel.doFinishConnect(NioSocketChannel.java:327)
	at org.apache.ratis.thirdparty.io.netty.channel.nio.AbstractNioChannel$AbstractNioUnsafe.finishConnect(AbstractNioChannel.java:340)
	at org.apache.ratis.thirdparty.io.netty.channel.nio.NioEventLoop.processSelectedKey(NioEventLoop.java:632)
	at org.apache.ratis.thirdparty.io.netty.channel.nio.NioEventLoop.processSelectedKeysOptimized(NioEventLoop.java:579)
	at org.apache.ratis.thirdparty.io.netty.channel.nio.NioEventLoop.processSelectedKeys(NioEventLoop.java:496)
	at org.apache.ratis.thirdparty.io.netty.channel.nio.NioEventLoop.run(NioEventLoop.java:458)
	at org.apache.ratis.thirdparty.io.netty.util.concurrent.SingleThreadEventExecutor$5.run(SingleThreadEventExecutor.java:897)
	at org.apache.ratis.thirdparty.io.netty.util.concurrent.FastThreadLocalRunnable.run(FastThreadLocalRunnable.java:30)
	... 1 more
Caused by: java.net.ConnectException: Connection refused
	... 11 more
2019-11-16 00:26:45,855 [69b8f75d-497f-4fe6-9dc7-b84f6827359d@group-8322C3CD9FF7-LeaderElection184] INFO  impl.RaftServerImpl (RaftServerImpl.java:setRole(173)) - 69b8f75d-497f-4fe6-9dc7-b84f6827359d@group-8322C3CD9FF7: changes role from CANDIDATE to FOLLOWER at term 4 for DISCOVERED_A_NEW_TERM
2019-11-16 00:26:45,855 [69b8f75d-497f-4fe6-9dc7-b84f6827359d@group-8322C3CD9FF7-LeaderElection184] INFO  impl.RoleInfo (RoleInfo.java:shutdownLeaderElection(134)) - 69b8f75d-497f-4fe6-9dc7-b84f6827359d: shutdown LeaderElection
2019-11-16 00:26:45,855 [69b8f75d-497f-4fe6-9dc7-b84f6827359d@group-8322C3CD9FF7-LeaderElection184] INFO  impl.RoleInfo (RoleInfo.java:updateAndGet(143)) - 69b8f75d-497f-4fe6-9dc7-b84f6827359d: start FollowerState
2019-11-16 00:26:45,952 [grpc-default-executor-3] WARN  server.GrpcLogAppender (LogUtils.java:warn(134)) - 5140e110-8ff7-42a5-9b32-053ee4f24742@group-ABBA576E5246->84c9c768-243c-47db-bab4-63e35b2a41a2-AppendLogResponseHandler: Failed appendEntries: org.apache.ratis.thirdparty.io.grpc.StatusRuntimeException: UNAVAILABLE: io exception
2019-11-16 00:26:45,953 [grpc-default-executor-3] INFO  impl.FollowerInfo (FollowerInfo.java:lambda$new$0(51)) - 5140e110-8ff7-42a5-9b32-053ee4f24742@group-ABBA576E5246->84c9c768-243c-47db-bab4-63e35b2a41a2: nextIndex: updateUnconditionally 0 -> 0
2019-11-16 00:26:46,453 [grpc-default-executor-1] WARN  server.GrpcLogAppender (LogUtils.java:warn(134)) - 5140e110-8ff7-42a5-9b32-053ee4f24742@group-ABBA576E5246->84c9c768-243c-47db-bab4-63e35b2a41a2-AppendLogResponseHandler: Failed appendEntries: org.apache.ratis.thirdparty.io.grpc.StatusRuntimeException: UNAVAILABLE: io exception
2019-11-16 00:26:46,453 [grpc-default-executor-1] INFO  impl.FollowerInfo (FollowerInfo.java:lambda$new$0(51)) - 5140e110-8ff7-42a5-9b32-053ee4f24742@group-ABBA576E5246->84c9c768-243c-47db-bab4-63e35b2a41a2: nextIndex: updateUnconditionally 0 -> 0
2019-11-16 00:26:46,954 [grpc-default-executor-3] WARN  server.GrpcLogAppender (LogUtils.java:warn(134)) - 5140e110-8ff7-42a5-9b32-053ee4f24742@group-ABBA576E5246->84c9c768-243c-47db-bab4-63e35b2a41a2-AppendLogResponseHandler: Failed appendEntries: org.apache.ratis.thirdparty.io.grpc.StatusRuntimeException: UNAVAILABLE: io exception
2019-11-16 00:26:46,954 [grpc-default-executor-3] INFO  impl.FollowerInfo (FollowerInfo.java:lambda$new$0(51)) - 5140e110-8ff7-42a5-9b32-053ee4f24742@group-ABBA576E5246->84c9c768-243c-47db-bab4-63e35b2a41a2: nextIndex: updateUnconditionally 0 -> 0
2019-11-16 00:26:47,046 [Thread-4505] INFO  impl.FollowerState (FollowerState.java:run(111)) - 69b8f75d-497f-4fe6-9dc7-b84f6827359d@group-8322C3CD9FF7-FollowerState: change to CANDIDATE, lastRpcTime:1190ms, electionTimeout:1190ms
2019-11-16 00:26:47,046 [Thread-4505] INFO  impl.RoleInfo (RoleInfo.java:shutdownFollowerState(121)) - 69b8f75d-497f-4fe6-9dc7-b84f6827359d: shutdown FollowerState
2019-11-16 00:26:47,046 [Thread-4505] INFO  impl.RaftServerImpl (RaftServerImpl.java:setRole(173)) - 69b8f75d-497f-4fe6-9dc7-b84f6827359d@group-8322C3CD9FF7: changes role from  FOLLOWER to CANDIDATE at term 4 for changeToCandidate
2019-11-16 00:26:47,046 [Thread-4505] INFO  impl.RoleInfo (RoleInfo.java:updateAndGet(143)) - 69b8f75d-497f-4fe6-9dc7-b84f6827359d: start LeaderElection
2019-11-16 00:26:47,061 [69b8f75d-497f-4fe6-9dc7-b84f6827359d@group-8322C3CD9FF7-LeaderElection185] INFO  impl.LeaderElection (LeaderElection.java:askForVotes(178)) - 69b8f75d-497f-4fe6-9dc7-b84f6827359d@group-8322C3CD9FF7-LeaderElection185: begin an election at term 5 for 1: [a05a7939-ef6c-4534-b55b-b612829faca5:192.168.69.79:35267, 816b1da2-1c4e-42ee-9437-e192113ed53f:192.168.69.79:36665, 69b8f75d-497f-4fe6-9dc7-b84f6827359d:192.168.69.79:44545], old=null
2019-11-16 00:26:47,062 [69b8f75d-497f-4fe6-9dc7-b84f6827359d@group-8322C3CD9FF7-LeaderElection185] INFO  impl.LeaderElection (LogUtils.java:infoOrTrace(149)) - 69b8f75d-497f-4fe6-9dc7-b84f6827359d@group-8322C3CD9FF7-LeaderElection185 got exception when requesting votes: {}
java.util.concurrent.ExecutionException: org.apache.ratis.thirdparty.io.grpc.StatusRuntimeException: UNAVAILABLE: io exception
	at java.util.concurrent.FutureTask.report(FutureTask.java:122)
	at java.util.concurrent.FutureTask.get(FutureTask.java:192)
	at org.apache.ratis.server.impl.LeaderElection.waitForResults(LeaderElection.java:259)
	at org.apache.ratis.server.impl.LeaderElection.askForVotes(LeaderElection.java:197)
	at org.apache.ratis.server.impl.LeaderElection.run(LeaderElection.java:133)
	at java.lang.Thread.run(Thread.java:748)
Caused by: org.apache.ratis.thirdparty.io.grpc.StatusRuntimeException: UNAVAILABLE: io exception
	at org.apache.ratis.thirdparty.io.grpc.stub.ClientCalls.toStatusRuntimeException(ClientCalls.java:233)
	at org.apache.ratis.thirdparty.io.grpc.stub.ClientCalls.getUnchecked(ClientCalls.java:214)
	at org.apache.ratis.thirdparty.io.grpc.stub.ClientCalls.blockingUnaryCall(ClientCalls.java:139)
	at org.apache.ratis.proto.grpc.RaftServerProtocolServiceGrpc$RaftServerProtocolServiceBlockingStub.requestVote(RaftServerProtocolServiceGrpc.java:265)
	at org.apache.ratis.grpc.server.GrpcServerProtocolClient.requestVote(GrpcServerProtocolClient.java:99)
	at org.apache.ratis.grpc.server.GrpcService.requestVote(GrpcService.java:204)
	at org.apache.ratis.server.impl.LeaderElection.lambda$submitRequests$1(LeaderElection.java:234)
	at java.util.concurrent.FutureTask.run(FutureTask.java:266)
	at java.util.concurrent.Executors$RunnableAdapter.call(Executors.java:511)
	at java.util.concurrent.FutureTask.run(FutureTask.java:266)
	at java.util.concurrent.ThreadPoolExecutor.runWorker(ThreadPoolExecutor.java:1149)
	at java.util.concurrent.ThreadPoolExecutor$Worker.run(ThreadPoolExecutor.java:624)
	... 1 more
Caused by: org.apache.ratis.thirdparty.io.netty.channel.AbstractChannel$AnnotatedConnectException: Connection refused: /192.168.69.79:35267
	at sun.nio.ch.SocketChannelImpl.checkConnect(Native Method)
	at sun.nio.ch.SocketChannelImpl.finishConnect(SocketChannelImpl.java:717)
	at org.apache.ratis.thirdparty.io.netty.channel.socket.nio.NioSocketChannel.doFinishConnect(NioSocketChannel.java:327)
	at org.apache.ratis.thirdparty.io.netty.channel.nio.AbstractNioChannel$AbstractNioUnsafe.finishConnect(AbstractNioChannel.java:340)
	at org.apache.ratis.thirdparty.io.netty.channel.nio.NioEventLoop.processSelectedKey(NioEventLoop.java:632)
	at org.apache.ratis.thirdparty.io.netty.channel.nio.NioEventLoop.processSelectedKeysOptimized(NioEventLoop.java:579)
	at org.apache.ratis.thirdparty.io.netty.channel.nio.NioEventLoop.processSelectedKeys(NioEventLoop.java:496)
	at org.apache.ratis.thirdparty.io.netty.channel.nio.NioEventLoop.run(NioEventLoop.java:458)
	at org.apache.ratis.thirdparty.io.netty.util.concurrent.SingleThreadEventExecutor$5.run(SingleThreadEventExecutor.java:897)
	at org.apache.ratis.thirdparty.io.netty.util.concurrent.FastThreadLocalRunnable.run(FastThreadLocalRunnable.java:30)
	... 1 more
Caused by: java.net.ConnectException: Connection refused
	... 11 more
2019-11-16 00:26:47,062 [69b8f75d-497f-4fe6-9dc7-b84f6827359d@group-8322C3CD9FF7-LeaderElection185] INFO  impl.LeaderElection (LogUtils.java:infoOrTrace(149)) - 69b8f75d-497f-4fe6-9dc7-b84f6827359d@group-8322C3CD9FF7-LeaderElection185 got exception when requesting votes: {}
java.util.concurrent.ExecutionException: org.apache.ratis.thirdparty.io.grpc.StatusRuntimeException: UNAVAILABLE: io exception
	at java.util.concurrent.FutureTask.report(FutureTask.java:122)
	at java.util.concurrent.FutureTask.get(FutureTask.java:192)
	at org.apache.ratis.server.impl.LeaderElection.waitForResults(LeaderElection.java:259)
	at org.apache.ratis.server.impl.LeaderElection.askForVotes(LeaderElection.java:197)
	at org.apache.ratis.server.impl.LeaderElection.run(LeaderElection.java:133)
	at java.lang.Thread.run(Thread.java:748)
Caused by: org.apache.ratis.thirdparty.io.grpc.StatusRuntimeException: UNAVAILABLE: io exception
	at org.apache.ratis.thirdparty.io.grpc.stub.ClientCalls.toStatusRuntimeException(ClientCalls.java:233)
	at org.apache.ratis.thirdparty.io.grpc.stub.ClientCalls.getUnchecked(ClientCalls.java:214)
	at org.apache.ratis.thirdparty.io.grpc.stub.ClientCalls.blockingUnaryCall(ClientCalls.java:139)
	at org.apache.ratis.proto.grpc.RaftServerProtocolServiceGrpc$RaftServerProtocolServiceBlockingStub.requestVote(RaftServerProtocolServiceGrpc.java:265)
	at org.apache.ratis.grpc.server.GrpcServerProtocolClient.requestVote(GrpcServerProtocolClient.java:99)
	at org.apache.ratis.grpc.server.GrpcService.requestVote(GrpcService.java:204)
	at org.apache.ratis.server.impl.LeaderElection.lambda$submitRequests$1(LeaderElection.java:234)
	at java.util.concurrent.FutureTask.run(FutureTask.java:266)
	at java.util.concurrent.Executors$RunnableAdapter.call(Executors.java:511)
	at java.util.concurrent.FutureTask.run(FutureTask.java:266)
	at java.util.concurrent.ThreadPoolExecutor.runWorker(ThreadPoolExecutor.java:1149)
	at java.util.concurrent.ThreadPoolExecutor$Worker.run(ThreadPoolExecutor.java:624)
	... 1 more
Caused by: org.apache.ratis.thirdparty.io.netty.channel.AbstractChannel$AnnotatedConnectException: Connection refused: /192.168.69.79:36665
	at sun.nio.ch.SocketChannelImpl.checkConnect(Native Method)
	at sun.nio.ch.SocketChannelImpl.finishConnect(SocketChannelImpl.java:717)
	at org.apache.ratis.thirdparty.io.netty.channel.socket.nio.NioSocketChannel.doFinishConnect(NioSocketChannel.java:327)
	at org.apache.ratis.thirdparty.io.netty.channel.nio.AbstractNioChannel$AbstractNioUnsafe.finishConnect(AbstractNioChannel.java:340)
	at org.apache.ratis.thirdparty.io.netty.channel.nio.NioEventLoop.processSelectedKey(NioEventLoop.java:632)
	at org.apache.ratis.thirdparty.io.netty.channel.nio.NioEventLoop.processSelectedKeysOptimized(NioEventLoop.java:579)
	at org.apache.ratis.thirdparty.io.netty.channel.nio.NioEventLoop.processSelectedKeys(NioEventLoop.java:496)
	at org.apache.ratis.thirdparty.io.netty.channel.nio.NioEventLoop.run(NioEventLoop.java:458)
	at org.apache.ratis.thirdparty.io.netty.util.concurrent.SingleThreadEventExecutor$5.run(SingleThreadEventExecutor.java:897)
	at org.apache.ratis.thirdparty.io.netty.util.concurrent.FastThreadLocalRunnable.run(FastThreadLocalRunnable.java:30)
	... 1 more
Caused by: java.net.ConnectException: Connection refused
	... 11 more
2019-11-16 00:26:47,063 [69b8f75d-497f-4fe6-9dc7-b84f6827359d@group-8322C3CD9FF7-LeaderElection185] INFO  impl.LeaderElection (LeaderElection.java:logAndReturn(56)) - 69b8f75d-497f-4fe6-9dc7-b84f6827359d@group-8322C3CD9FF7-LeaderElection185: Election REJECTED; received 0 response(s) [] and 2 exception(s); 69b8f75d-497f-4fe6-9dc7-b84f6827359d@group-8322C3CD9FF7:t5, leader=null, voted=69b8f75d-497f-4fe6-9dc7-b84f6827359d, raftlog=69b8f75d-497f-4fe6-9dc7-b84f6827359d@group-8322C3CD9FF7-SegmentedRaftLog:OPENED:c2,f2,i2, conf=1: [a05a7939-ef6c-4534-b55b-b612829faca5:192.168.69.79:35267, 816b1da2-1c4e-42ee-9437-e192113ed53f:192.168.69.79:36665, 69b8f75d-497f-4fe6-9dc7-b84f6827359d:192.168.69.79:44545], old=null
2019-11-16 00:26:47,063 [69b8f75d-497f-4fe6-9dc7-b84f6827359d@group-8322C3CD9FF7-LeaderElection185] INFO  impl.LeaderElection (LogUtils.java:infoOrTrace(149)) -   Exception 0: {}
java.util.concurrent.ExecutionException: org.apache.ratis.thirdparty.io.grpc.StatusRuntimeException: UNAVAILABLE: io exception
	at java.util.concurrent.FutureTask.report(FutureTask.java:122)
	at java.util.concurrent.FutureTask.get(FutureTask.java:192)
	at org.apache.ratis.server.impl.LeaderElection.waitForResults(LeaderElection.java:259)
	at org.apache.ratis.server.impl.LeaderElection.askForVotes(LeaderElection.java:197)
	at org.apache.ratis.server.impl.LeaderElection.run(LeaderElection.java:133)
	at java.lang.Thread.run(Thread.java:748)
Caused by: org.apache.ratis.thirdparty.io.grpc.StatusRuntimeException: UNAVAILABLE: io exception
	at org.apache.ratis.thirdparty.io.grpc.stub.ClientCalls.toStatusRuntimeException(ClientCalls.java:233)
	at org.apache.ratis.thirdparty.io.grpc.stub.ClientCalls.getUnchecked(ClientCalls.java:214)
	at org.apache.ratis.thirdparty.io.grpc.stub.ClientCalls.blockingUnaryCall(ClientCalls.java:139)
	at org.apache.ratis.proto.grpc.RaftServerProtocolServiceGrpc$RaftServerProtocolServiceBlockingStub.requestVote(RaftServerProtocolServiceGrpc.java:265)
	at org.apache.ratis.grpc.server.GrpcServerProtocolClient.requestVote(GrpcServerProtocolClient.java:99)
	at org.apache.ratis.grpc.server.GrpcService.requestVote(GrpcService.java:204)
	at org.apache.ratis.server.impl.LeaderElection.lambda$submitRequests$1(LeaderElection.java:234)
	at java.util.concurrent.FutureTask.run(FutureTask.java:266)
	at java.util.concurrent.Executors$RunnableAdapter.call(Executors.java:511)
	at java.util.concurrent.FutureTask.run(FutureTask.java:266)
	at java.util.concurrent.ThreadPoolExecutor.runWorker(ThreadPoolExecutor.java:1149)
	at java.util.concurrent.ThreadPoolExecutor$Worker.run(ThreadPoolExecutor.java:624)
	... 1 more
Caused by: org.apache.ratis.thirdparty.io.netty.channel.AbstractChannel$AnnotatedConnectException: Connection refused: /192.168.69.79:35267
	at sun.nio.ch.SocketChannelImpl.checkConnect(Native Method)
	at sun.nio.ch.SocketChannelImpl.finishConnect(SocketChannelImpl.java:717)
	at org.apache.ratis.thirdparty.io.netty.channel.socket.nio.NioSocketChannel.doFinishConnect(NioSocketChannel.java:327)
	at org.apache.ratis.thirdparty.io.netty.channel.nio.AbstractNioChannel$AbstractNioUnsafe.finishConnect(AbstractNioChannel.java:340)
	at org.apache.ratis.thirdparty.io.netty.channel.nio.NioEventLoop.processSelectedKey(NioEventLoop.java:632)
	at org.apache.ratis.thirdparty.io.netty.channel.nio.NioEventLoop.processSelectedKeysOptimized(NioEventLoop.java:579)
	at org.apache.ratis.thirdparty.io.netty.channel.nio.NioEventLoop.processSelectedKeys(NioEventLoop.java:496)
	at org.apache.ratis.thirdparty.io.netty.channel.nio.NioEventLoop.run(NioEventLoop.java:458)
	at org.apache.ratis.thirdparty.io.netty.util.concurrent.SingleThreadEventExecutor$5.run(SingleThreadEventExecutor.java:897)
	at org.apache.ratis.thirdparty.io.netty.util.concurrent.FastThreadLocalRunnable.run(FastThreadLocalRunnable.java:30)
	... 1 more
Caused by: java.net.ConnectException: Connection refused
	... 11 more
2019-11-16 00:26:47,063 [69b8f75d-497f-4fe6-9dc7-b84f6827359d@group-8322C3CD9FF7-LeaderElection185] INFO  impl.LeaderElection (LogUtils.java:infoOrTrace(149)) -   Exception 1: {}
java.util.concurrent.ExecutionException: org.apache.ratis.thirdparty.io.grpc.StatusRuntimeException: UNAVAILABLE: io exception
	at java.util.concurrent.FutureTask.report(FutureTask.java:122)
	at java.util.concurrent.FutureTask.get(FutureTask.java:192)
	at org.apache.ratis.server.impl.LeaderElection.waitForResults(LeaderElection.java:259)
	at org.apache.ratis.server.impl.LeaderElection.askForVotes(LeaderElection.java:197)
	at org.apache.ratis.server.impl.LeaderElection.run(LeaderElection.java:133)
	at java.lang.Thread.run(Thread.java:748)
Caused by: org.apache.ratis.thirdparty.io.grpc.StatusRuntimeException: UNAVAILABLE: io exception
	at org.apache.ratis.thirdparty.io.grpc.stub.ClientCalls.toStatusRuntimeException(ClientCalls.java:233)
	at org.apache.ratis.thirdparty.io.grpc.stub.ClientCalls.getUnchecked(ClientCalls.java:214)
	at org.apache.ratis.thirdparty.io.grpc.stub.ClientCalls.blockingUnaryCall(ClientCalls.java:139)
	at org.apache.ratis.proto.grpc.RaftServerProtocolServiceGrpc$RaftServerProtocolServiceBlockingStub.requestVote(RaftServerProtocolServiceGrpc.java:265)
	at org.apache.ratis.grpc.server.GrpcServerProtocolClient.requestVote(GrpcServerProtocolClient.java:99)
	at org.apache.ratis.grpc.server.GrpcService.requestVote(GrpcService.java:204)
	at org.apache.ratis.server.impl.LeaderElection.lambda$submitRequests$1(LeaderElection.java:234)
	at java.util.concurrent.FutureTask.run(FutureTask.java:266)
	at java.util.concurrent.Executors$RunnableAdapter.call(Executors.java:511)
	at java.util.concurrent.FutureTask.run(FutureTask.java:266)
	at java.util.concurrent.ThreadPoolExecutor.runWorker(ThreadPoolExecutor.java:1149)
	at java.util.concurrent.ThreadPoolExecutor$Worker.run(ThreadPoolExecutor.java:624)
	... 1 more
Caused by: org.apache.ratis.thirdparty.io.netty.channel.AbstractChannel$AnnotatedConnectException: Connection refused: /192.168.69.79:36665
	at sun.nio.ch.SocketChannelImpl.checkConnect(Native Method)
	at sun.nio.ch.SocketChannelImpl.finishConnect(SocketChannelImpl.java:717)
	at org.apache.ratis.thirdparty.io.netty.channel.socket.nio.NioSocketChannel.doFinishConnect(NioSocketChannel.java:327)
	at org.apache.ratis.thirdparty.io.netty.channel.nio.AbstractNioChannel$AbstractNioUnsafe.finishConnect(AbstractNioChannel.java:340)
	at org.apache.ratis.thirdparty.io.netty.channel.nio.NioEventLoop.processSelectedKey(NioEventLoop.java:632)
	at org.apache.ratis.thirdparty.io.netty.channel.nio.NioEventLoop.processSelectedKeysOptimized(NioEventLoop.java:579)
	at org.apache.ratis.thirdparty.io.netty.channel.nio.NioEventLoop.processSelectedKeys(NioEventLoop.java:496)
	at org.apache.ratis.thirdparty.io.netty.channel.nio.NioEventLoop.run(NioEventLoop.java:458)
	at org.apache.ratis.thirdparty.io.netty.util.concurrent.SingleThreadEventExecutor$5.run(SingleThreadEventExecutor.java:897)
	at org.apache.ratis.thirdparty.io.netty.util.concurrent.FastThreadLocalRunnable.run(FastThreadLocalRunnable.java:30)
	... 1 more
Caused by: java.net.ConnectException: Connection refused
	... 11 more
2019-11-16 00:26:47,063 [69b8f75d-497f-4fe6-9dc7-b84f6827359d@group-8322C3CD9FF7-LeaderElection185] INFO  impl.RaftServerImpl (RaftServerImpl.java:setRole(173)) - 69b8f75d-497f-4fe6-9dc7-b84f6827359d@group-8322C3CD9FF7: changes role from CANDIDATE to FOLLOWER at term 5 for DISCOVERED_A_NEW_TERM
2019-11-16 00:26:47,064 [69b8f75d-497f-4fe6-9dc7-b84f6827359d@group-8322C3CD9FF7-LeaderElection185] INFO  impl.RoleInfo (RoleInfo.java:shutdownLeaderElection(134)) - 69b8f75d-497f-4fe6-9dc7-b84f6827359d: shutdown LeaderElection
2019-11-16 00:26:47,064 [69b8f75d-497f-4fe6-9dc7-b84f6827359d@group-8322C3CD9FF7-LeaderElection185] INFO  impl.RoleInfo (RoleInfo.java:updateAndGet(143)) - 69b8f75d-497f-4fe6-9dc7-b84f6827359d: start FollowerState
2019-11-16 00:26:47,454 [grpc-default-executor-1] WARN  server.GrpcLogAppender (LogUtils.java:warn(134)) - 5140e110-8ff7-42a5-9b32-053ee4f24742@group-ABBA576E5246->84c9c768-243c-47db-bab4-63e35b2a41a2-AppendLogResponseHandler: Failed appendEntries: org.apache.ratis.thirdparty.io.grpc.StatusRuntimeException: UNAVAILABLE: io exception
2019-11-16 00:26:47,454 [grpc-default-executor-1] INFO  impl.FollowerInfo (FollowerInfo.java:lambda$new$0(51)) - 5140e110-8ff7-42a5-9b32-053ee4f24742@group-ABBA576E5246->84c9c768-243c-47db-bab4-63e35b2a41a2: nextIndex: updateUnconditionally 0 -> 0
2019-11-16 00:26:47,955 [grpc-default-executor-3] WARN  server.GrpcLogAppender (LogUtils.java:warn(134)) - 5140e110-8ff7-42a5-9b32-053ee4f24742@group-ABBA576E5246->84c9c768-243c-47db-bab4-63e35b2a41a2-AppendLogResponseHandler: Failed appendEntries: org.apache.ratis.thirdparty.io.grpc.StatusRuntimeException: UNAVAILABLE: io exception
2019-11-16 00:26:47,955 [grpc-default-executor-3] INFO  impl.FollowerInfo (FollowerInfo.java:lambda$new$0(51)) - 5140e110-8ff7-42a5-9b32-053ee4f24742@group-ABBA576E5246->84c9c768-243c-47db-bab4-63e35b2a41a2: nextIndex: updateUnconditionally 0 -> 0
2019-11-16 00:26:48,127 [Thread-4518] INFO  impl.FollowerState (FollowerState.java:run(111)) - 69b8f75d-497f-4fe6-9dc7-b84f6827359d@group-8322C3CD9FF7-FollowerState: change to CANDIDATE, lastRpcTime:1063ms, electionTimeout:1063ms
2019-11-16 00:26:48,128 [Thread-4518] INFO  impl.RoleInfo (RoleInfo.java:shutdownFollowerState(121)) - 69b8f75d-497f-4fe6-9dc7-b84f6827359d: shutdown FollowerState
2019-11-16 00:26:48,128 [Thread-4518] INFO  impl.RaftServerImpl (RaftServerImpl.java:setRole(173)) - 69b8f75d-497f-4fe6-9dc7-b84f6827359d@group-8322C3CD9FF7: changes role from  FOLLOWER to CANDIDATE at term 5 for changeToCandidate
2019-11-16 00:26:48,128 [Thread-4518] INFO  impl.RoleInfo (RoleInfo.java:updateAndGet(143)) - 69b8f75d-497f-4fe6-9dc7-b84f6827359d: start LeaderElection
2019-11-16 00:26:48,140 [69b8f75d-497f-4fe6-9dc7-b84f6827359d@group-8322C3CD9FF7-LeaderElection186] INFO  impl.LeaderElection (LeaderElection.java:askForVotes(178)) - 69b8f75d-497f-4fe6-9dc7-b84f6827359d@group-8322C3CD9FF7-LeaderElection186: begin an election at term 6 for 1: [a05a7939-ef6c-4534-b55b-b612829faca5:192.168.69.79:35267, 816b1da2-1c4e-42ee-9437-e192113ed53f:192.168.69.79:36665, 69b8f75d-497f-4fe6-9dc7-b84f6827359d:192.168.69.79:44545], old=null
2019-11-16 00:26:48,142 [69b8f75d-497f-4fe6-9dc7-b84f6827359d@group-8322C3CD9FF7-LeaderElection186] INFO  impl.LeaderElection (LogUtils.java:infoOrTrace(149)) - 69b8f75d-497f-4fe6-9dc7-b84f6827359d@group-8322C3CD9FF7-LeaderElection186 got exception when requesting votes: {}
java.util.concurrent.ExecutionException: org.apache.ratis.thirdparty.io.grpc.StatusRuntimeException: UNAVAILABLE: io exception
	at java.util.concurrent.FutureTask.report(FutureTask.java:122)
	at java.util.concurrent.FutureTask.get(FutureTask.java:192)
	at org.apache.ratis.server.impl.LeaderElection.waitForResults(LeaderElection.java:259)
	at org.apache.ratis.server.impl.LeaderElection.askForVotes(LeaderElection.java:197)
	at org.apache.ratis.server.impl.LeaderElection.run(LeaderElection.java:133)
	at java.lang.Thread.run(Thread.java:748)
Caused by: org.apache.ratis.thirdparty.io.grpc.StatusRuntimeException: UNAVAILABLE: io exception
	at org.apache.ratis.thirdparty.io.grpc.stub.ClientCalls.toStatusRuntimeException(ClientCalls.java:233)
	at org.apache.ratis.thirdparty.io.grpc.stub.ClientCalls.getUnchecked(ClientCalls.java:214)
	at org.apache.ratis.thirdparty.io.grpc.stub.ClientCalls.blockingUnaryCall(ClientCalls.java:139)
	at org.apache.ratis.proto.grpc.RaftServerProtocolServiceGrpc$RaftServerProtocolServiceBlockingStub.requestVote(RaftServerProtocolServiceGrpc.java:265)
	at org.apache.ratis.grpc.server.GrpcServerProtocolClient.requestVote(GrpcServerProtocolClient.java:99)
	at org.apache.ratis.grpc.server.GrpcService.requestVote(GrpcService.java:204)
	at org.apache.ratis.server.impl.LeaderElection.lambda$submitRequests$1(LeaderElection.java:234)
	at java.util.concurrent.FutureTask.run(FutureTask.java:266)
	at java.util.concurrent.Executors$RunnableAdapter.call(Executors.java:511)
	at java.util.concurrent.FutureTask.run(FutureTask.java:266)
	at java.util.concurrent.ThreadPoolExecutor.runWorker(ThreadPoolExecutor.java:1149)
	at java.util.concurrent.ThreadPoolExecutor$Worker.run(ThreadPoolExecutor.java:624)
	... 1 more
Caused by: org.apache.ratis.thirdparty.io.netty.channel.AbstractChannel$AnnotatedConnectException: Connection refused: /192.168.69.79:36665
	at sun.nio.ch.SocketChannelImpl.checkConnect(Native Method)
	at sun.nio.ch.SocketChannelImpl.finishConnect(SocketChannelImpl.java:717)
	at org.apache.ratis.thirdparty.io.netty.channel.socket.nio.NioSocketChannel.doFinishConnect(NioSocketChannel.java:327)
	at org.apache.ratis.thirdparty.io.netty.channel.nio.AbstractNioChannel$AbstractNioUnsafe.finishConnect(AbstractNioChannel.java:340)
	at org.apache.ratis.thirdparty.io.netty.channel.nio.NioEventLoop.processSelectedKey(NioEventLoop.java:632)
	at org.apache.ratis.thirdparty.io.netty.channel.nio.NioEventLoop.processSelectedKeysOptimized(NioEventLoop.java:579)
	at org.apache.ratis.thirdparty.io.netty.channel.nio.NioEventLoop.processSelectedKeys(NioEventLoop.java:496)
	at org.apache.ratis.thirdparty.io.netty.channel.nio.NioEventLoop.run(NioEventLoop.java:458)
	at org.apache.ratis.thirdparty.io.netty.util.concurrent.SingleThreadEventExecutor$5.run(SingleThreadEventExecutor.java:897)
	at org.apache.ratis.thirdparty.io.netty.util.concurrent.FastThreadLocalRunnable.run(FastThreadLocalRunnable.java:30)
	... 1 more
Caused by: java.net.ConnectException: Connection refused
	... 11 more
2019-11-16 00:26:48,142 [69b8f75d-497f-4fe6-9dc7-b84f6827359d@group-8322C3CD9FF7-LeaderElection186] INFO  impl.LeaderElection (LogUtils.java:infoOrTrace(149)) - 69b8f75d-497f-4fe6-9dc7-b84f6827359d@group-8322C3CD9FF7-LeaderElection186 got exception when requesting votes: {}
java.util.concurrent.ExecutionException: org.apache.ratis.thirdparty.io.grpc.StatusRuntimeException: UNAVAILABLE: io exception
	at java.util.concurrent.FutureTask.report(FutureTask.java:122)
	at java.util.concurrent.FutureTask.get(FutureTask.java:192)
	at org.apache.ratis.server.impl.LeaderElection.waitForResults(LeaderElection.java:259)
	at org.apache.ratis.server.impl.LeaderElection.askForVotes(LeaderElection.java:197)
	at org.apache.ratis.server.impl.LeaderElection.run(LeaderElection.java:133)
	at java.lang.Thread.run(Thread.java:748)
Caused by: org.apache.ratis.thirdparty.io.grpc.StatusRuntimeException: UNAVAILABLE: io exception
	at org.apache.ratis.thirdparty.io.grpc.stub.ClientCalls.toStatusRuntimeException(ClientCalls.java:233)
	at org.apache.ratis.thirdparty.io.grpc.stub.ClientCalls.getUnchecked(ClientCalls.java:214)
	at org.apache.ratis.thirdparty.io.grpc.stub.ClientCalls.blockingUnaryCall(ClientCalls.java:139)
	at org.apache.ratis.proto.grpc.RaftServerProtocolServiceGrpc$RaftServerProtocolServiceBlockingStub.requestVote(RaftServerProtocolServiceGrpc.java:265)
	at org.apache.ratis.grpc.server.GrpcServerProtocolClient.requestVote(GrpcServerProtocolClient.java:99)
	at org.apache.ratis.grpc.server.GrpcService.requestVote(GrpcService.java:204)
	at org.apache.ratis.server.impl.LeaderElection.lambda$submitRequests$1(LeaderElection.java:234)
	at java.util.concurrent.FutureTask.run(FutureTask.java:266)
	at java.util.concurrent.Executors$RunnableAdapter.call(Executors.java:511)
	at java.util.concurrent.FutureTask.run(FutureTask.java:266)
	at java.util.concurrent.ThreadPoolExecutor.runWorker(ThreadPoolExecutor.java:1149)
	at java.util.concurrent.ThreadPoolExecutor$Worker.run(ThreadPoolExecutor.java:624)
	... 1 more
Caused by: org.apache.ratis.thirdparty.io.netty.channel.AbstractChannel$AnnotatedConnectException: Connection refused: /192.168.69.79:35267
	at sun.nio.ch.SocketChannelImpl.checkConnect(Native Method)
	at sun.nio.ch.SocketChannelImpl.finishConnect(SocketChannelImpl.java:717)
	at org.apache.ratis.thirdparty.io.netty.channel.socket.nio.NioSocketChannel.doFinishConnect(NioSocketChannel.java:327)
	at org.apache.ratis.thirdparty.io.netty.channel.nio.AbstractNioChannel$AbstractNioUnsafe.finishConnect(AbstractNioChannel.java:340)
	at org.apache.ratis.thirdparty.io.netty.channel.nio.NioEventLoop.processSelectedKey(NioEventLoop.java:632)
	at org.apache.ratis.thirdparty.io.netty.channel.nio.NioEventLoop.processSelectedKeysOptimized(NioEventLoop.java:579)
	at org.apache.ratis.thirdparty.io.netty.channel.nio.NioEventLoop.processSelectedKeys(NioEventLoop.java:496)
	at org.apache.ratis.thirdparty.io.netty.channel.nio.NioEventLoop.run(NioEventLoop.java:458)
	at org.apache.ratis.thirdparty.io.netty.util.concurrent.SingleThreadEventExecutor$5.run(SingleThreadEventExecutor.java:897)
	at org.apache.ratis.thirdparty.io.netty.util.concurrent.FastThreadLocalRunnable.run(FastThreadLocalRunnable.java:30)
	... 1 more
Caused by: java.net.ConnectException: Connection refused
	... 11 more
2019-11-16 00:26:48,143 [69b8f75d-497f-4fe6-9dc7-b84f6827359d@group-8322C3CD9FF7-LeaderElection186] INFO  impl.LeaderElection (LeaderElection.java:logAndReturn(56)) - 69b8f75d-497f-4fe6-9dc7-b84f6827359d@group-8322C3CD9FF7-LeaderElection186: Election REJECTED; received 0 response(s) [] and 2 exception(s); 69b8f75d-497f-4fe6-9dc7-b84f6827359d@group-8322C3CD9FF7:t6, leader=null, voted=69b8f75d-497f-4fe6-9dc7-b84f6827359d, raftlog=69b8f75d-497f-4fe6-9dc7-b84f6827359d@group-8322C3CD9FF7-SegmentedRaftLog:OPENED:c2,f2,i2, conf=1: [a05a7939-ef6c-4534-b55b-b612829faca5:192.168.69.79:35267, 816b1da2-1c4e-42ee-9437-e192113ed53f:192.168.69.79:36665, 69b8f75d-497f-4fe6-9dc7-b84f6827359d:192.168.69.79:44545], old=null
2019-11-16 00:26:48,143 [69b8f75d-497f-4fe6-9dc7-b84f6827359d@group-8322C3CD9FF7-LeaderElection186] INFO  impl.LeaderElection (LogUtils.java:infoOrTrace(149)) -   Exception 0: {}
java.util.concurrent.ExecutionException: org.apache.ratis.thirdparty.io.grpc.StatusRuntimeException: UNAVAILABLE: io exception
	at java.util.concurrent.FutureTask.report(FutureTask.java:122)
	at java.util.concurrent.FutureTask.get(FutureTask.java:192)
	at org.apache.ratis.server.impl.LeaderElection.waitForResults(LeaderElection.java:259)
	at org.apache.ratis.server.impl.LeaderElection.askForVotes(LeaderElection.java:197)
	at org.apache.ratis.server.impl.LeaderElection.run(LeaderElection.java:133)
	at java.lang.Thread.run(Thread.java:748)
Caused by: org.apache.ratis.thirdparty.io.grpc.StatusRuntimeException: UNAVAILABLE: io exception
	at org.apache.ratis.thirdparty.io.grpc.stub.ClientCalls.toStatusRuntimeException(ClientCalls.java:233)
	at org.apache.ratis.thirdparty.io.grpc.stub.ClientCalls.getUnchecked(ClientCalls.java:214)
	at org.apache.ratis.thirdparty.io.grpc.stub.ClientCalls.blockingUnaryCall(ClientCalls.java:139)
	at org.apache.ratis.proto.grpc.RaftServerProtocolServiceGrpc$RaftServerProtocolServiceBlockingStub.requestVote(RaftServerProtocolServiceGrpc.java:265)
	at org.apache.ratis.grpc.server.GrpcServerProtocolClient.requestVote(GrpcServerProtocolClient.java:99)
	at org.apache.ratis.grpc.server.GrpcService.requestVote(GrpcService.java:204)
	at org.apache.ratis.server.impl.LeaderElection.lambda$submitRequests$1(LeaderElection.java:234)
	at java.util.concurrent.FutureTask.run(FutureTask.java:266)
	at java.util.concurrent.Executors$RunnableAdapter.call(Executors.java:511)
	at java.util.concurrent.FutureTask.run(FutureTask.java:266)
	at java.util.concurrent.ThreadPoolExecutor.runWorker(ThreadPoolExecutor.java:1149)
	at java.util.concurrent.ThreadPoolExecutor$Worker.run(ThreadPoolExecutor.java:624)
	... 1 more
Caused by: org.apache.ratis.thirdparty.io.netty.channel.AbstractChannel$AnnotatedConnectException: Connection refused: /192.168.69.79:36665
	at sun.nio.ch.SocketChannelImpl.checkConnect(Native Method)
	at sun.nio.ch.SocketChannelImpl.finishConnect(SocketChannelImpl.java:717)
	at org.apache.ratis.thirdparty.io.netty.channel.socket.nio.NioSocketChannel.doFinishConnect(NioSocketChannel.java:327)
	at org.apache.ratis.thirdparty.io.netty.channel.nio.AbstractNioChannel$AbstractNioUnsafe.finishConnect(AbstractNioChannel.java:340)
	at org.apache.ratis.thirdparty.io.netty.channel.nio.NioEventLoop.processSelectedKey(NioEventLoop.java:632)
	at org.apache.ratis.thirdparty.io.netty.channel.nio.NioEventLoop.processSelectedKeysOptimized(NioEventLoop.java:579)
	at org.apache.ratis.thirdparty.io.netty.channel.nio.NioEventLoop.processSelectedKeys(NioEventLoop.java:496)
	at org.apache.ratis.thirdparty.io.netty.channel.nio.NioEventLoop.run(NioEventLoop.java:458)
	at org.apache.ratis.thirdparty.io.netty.util.concurrent.SingleThreadEventExecutor$5.run(SingleThreadEventExecutor.java:897)
	at org.apache.ratis.thirdparty.io.netty.util.concurrent.FastThreadLocalRunnable.run(FastThreadLocalRunnable.java:30)
	... 1 more
Caused by: java.net.ConnectException: Connection refused
	... 11 more
2019-11-16 00:26:48,143 [69b8f75d-497f-4fe6-9dc7-b84f6827359d@group-8322C3CD9FF7-LeaderElection186] INFO  impl.LeaderElection (LogUtils.java:infoOrTrace(149)) -   Exception 1: {}
java.util.concurrent.ExecutionException: org.apache.ratis.thirdparty.io.grpc.StatusRuntimeException: UNAVAILABLE: io exception
	at java.util.concurrent.FutureTask.report(FutureTask.java:122)
	at java.util.concurrent.FutureTask.get(FutureTask.java:192)
	at org.apache.ratis.server.impl.LeaderElection.waitForResults(LeaderElection.java:259)
	at org.apache.ratis.server.impl.LeaderElection.askForVotes(LeaderElection.java:197)
	at org.apache.ratis.server.impl.LeaderElection.run(LeaderElection.java:133)
	at java.lang.Thread.run(Thread.java:748)
Caused by: org.apache.ratis.thirdparty.io.grpc.StatusRuntimeException: UNAVAILABLE: io exception
	at org.apache.ratis.thirdparty.io.grpc.stub.ClientCalls.toStatusRuntimeException(ClientCalls.java:233)
	at org.apache.ratis.thirdparty.io.grpc.stub.ClientCalls.getUnchecked(ClientCalls.java:214)
	at org.apache.ratis.thirdparty.io.grpc.stub.ClientCalls.blockingUnaryCall(ClientCalls.java:139)
	at org.apache.ratis.proto.grpc.RaftServerProtocolServiceGrpc$RaftServerProtocolServiceBlockingStub.requestVote(RaftServerProtocolServiceGrpc.java:265)
	at org.apache.ratis.grpc.server.GrpcServerProtocolClient.requestVote(GrpcServerProtocolClient.java:99)
	at org.apache.ratis.grpc.server.GrpcService.requestVote(GrpcService.java:204)
	at org.apache.ratis.server.impl.LeaderElection.lambda$submitRequests$1(LeaderElection.java:234)
	at java.util.concurrent.FutureTask.run(FutureTask.java:266)
	at java.util.concurrent.Executors$RunnableAdapter.call(Executors.java:511)
	at java.util.concurrent.FutureTask.run(FutureTask.java:266)
	at java.util.concurrent.ThreadPoolExecutor.runWorker(ThreadPoolExecutor.java:1149)
	at java.util.concurrent.ThreadPoolExecutor$Worker.run(ThreadPoolExecutor.java:624)
	... 1 more
Caused by: org.apache.ratis.thirdparty.io.netty.channel.AbstractChannel$AnnotatedConnectException: Connection refused: /192.168.69.79:35267
	at sun.nio.ch.SocketChannelImpl.checkConnect(Native Method)
	at sun.nio.ch.SocketChannelImpl.finishConnect(SocketChannelImpl.java:717)
	at org.apache.ratis.thirdparty.io.netty.channel.socket.nio.NioSocketChannel.doFinishConnect(NioSocketChannel.java:327)
	at org.apache.ratis.thirdparty.io.netty.channel.nio.AbstractNioChannel$AbstractNioUnsafe.finishConnect(AbstractNioChannel.java:340)
	at org.apache.ratis.thirdparty.io.netty.channel.nio.NioEventLoop.processSelectedKey(NioEventLoop.java:632)
	at org.apache.ratis.thirdparty.io.netty.channel.nio.NioEventLoop.processSelectedKeysOptimized(NioEventLoop.java:579)
	at org.apache.ratis.thirdparty.io.netty.channel.nio.NioEventLoop.processSelectedKeys(NioEventLoop.java:496)
	at org.apache.ratis.thirdparty.io.netty.channel.nio.NioEventLoop.run(NioEventLoop.java:458)
	at org.apache.ratis.thirdparty.io.netty.util.concurrent.SingleThreadEventExecutor$5.run(SingleThreadEventExecutor.java:897)
	at org.apache.ratis.thirdparty.io.netty.util.concurrent.FastThreadLocalRunnable.run(FastThreadLocalRunnable.java:30)
	... 1 more
Caused by: java.net.ConnectException: Connection refused
	... 11 more
2019-11-16 00:26:48,144 [69b8f75d-497f-4fe6-9dc7-b84f6827359d@group-8322C3CD9FF7-LeaderElection186] INFO  impl.RaftServerImpl (RaftServerImpl.java:setRole(173)) - 69b8f75d-497f-4fe6-9dc7-b84f6827359d@group-8322C3CD9FF7: changes role from CANDIDATE to FOLLOWER at term 6 for DISCOVERED_A_NEW_TERM
2019-11-16 00:26:48,144 [69b8f75d-497f-4fe6-9dc7-b84f6827359d@group-8322C3CD9FF7-LeaderElection186] INFO  impl.RoleInfo (RoleInfo.java:shutdownLeaderElection(134)) - 69b8f75d-497f-4fe6-9dc7-b84f6827359d: shutdown LeaderElection
2019-11-16 00:26:48,144 [69b8f75d-497f-4fe6-9dc7-b84f6827359d@group-8322C3CD9FF7-LeaderElection186] INFO  impl.RoleInfo (RoleInfo.java:updateAndGet(143)) - 69b8f75d-497f-4fe6-9dc7-b84f6827359d: start FollowerState
2019-11-16 00:26:48,455 [grpc-default-executor-1] WARN  server.GrpcLogAppender (LogUtils.java:warn(134)) - 5140e110-8ff7-42a5-9b32-053ee4f24742@group-ABBA576E5246->84c9c768-243c-47db-bab4-63e35b2a41a2-AppendLogResponseHandler: Failed appendEntries: org.apache.ratis.thirdparty.io.grpc.StatusRuntimeException: UNAVAILABLE: io exception
2019-11-16 00:26:48,456 [grpc-default-executor-1] INFO  impl.FollowerInfo (FollowerInfo.java:lambda$new$0(51)) - 5140e110-8ff7-42a5-9b32-053ee4f24742@group-ABBA576E5246->84c9c768-243c-47db-bab4-63e35b2a41a2: nextIndex: updateUnconditionally 0 -> 0
2019-11-16 00:26:48,627 [ForkJoinPool.commonPool-worker-0] INFO  ozoneimpl.OzoneContainer (OzoneContainer.java:stop(244)) - Attempting to stop container services.
2019-11-16 00:26:48,627 [main] INFO  ozoneimpl.OzoneContainer (OzoneContainer.java:stop(244)) - Attempting to stop container services.
2019-11-16 00:26:48,627 [ForkJoinPool.commonPool-worker-0] INFO  impl.RaftServerProxy (RaftServerProxy.java:lambda$close$4(314)) - 69b8f75d-497f-4fe6-9dc7-b84f6827359d: close
2019-11-16 00:26:48,628 [main] INFO  impl.RaftServerProxy (RaftServerProxy.java:lambda$close$4(314)) - 82886741-ea2e-41d6-b944-d04bb5a8b025: close
2019-11-16 00:26:48,628 [ForkJoinPool.commonPool-worker-0] INFO  impl.RaftServerImpl (RaftServerImpl.java:lambda$shutdown$3(250)) - 69b8f75d-497f-4fe6-9dc7-b84f6827359d@group-8322C3CD9FF7: shutdown
2019-11-16 00:26:48,628 [main] INFO  impl.RaftServerImpl (RaftServerImpl.java:lambda$shutdown$3(250)) - 82886741-ea2e-41d6-b944-d04bb5a8b025@group-76976C79D8F1: shutdown
2019-11-16 00:26:48,628 [ForkJoinPool.commonPool-worker-0] INFO  util.JmxRegister (JmxRegister.java:unregister(73)) - Successfully un-registered JMX Bean with object name Ratis:service=RaftServer,group=group-8322C3CD9FF7,id=69b8f75d-497f-4fe6-9dc7-b84f6827359d
2019-11-16 00:26:48,629 [main] INFO  util.JmxRegister (JmxRegister.java:unregister(73)) - Successfully un-registered JMX Bean with object name Ratis:service=RaftServer,group=group-76976C79D8F1,id=82886741-ea2e-41d6-b944-d04bb5a8b025
2019-11-16 00:26:48,629 [ForkJoinPool.commonPool-worker-0] INFO  impl.RoleInfo (RoleInfo.java:shutdownFollowerState(121)) - 69b8f75d-497f-4fe6-9dc7-b84f6827359d: shutdown FollowerState
2019-11-16 00:26:48,629 [main] INFO  impl.RoleInfo (RoleInfo.java:shutdownLeaderState(104)) - 82886741-ea2e-41d6-b944-d04bb5a8b025: shutdown LeaderState
2019-11-16 00:26:48,629 [Thread-4528] INFO  impl.FollowerState (FollowerState.java:run(120)) - 69b8f75d-497f-4fe6-9dc7-b84f6827359d@group-8322C3CD9FF7-FollowerState was interrupted: java.lang.InterruptedException: sleep interrupted
2019-11-16 00:26:48,630 [main] INFO  impl.PendingRequests (PendingRequests.java:sendNotLeaderResponses(206)) - 82886741-ea2e-41d6-b944-d04bb5a8b025@group-76976C79D8F1-PendingRequests: sendNotLeaderResponses
2019-11-16 00:26:48,629 [ForkJoinPool.commonPool-worker-0] INFO  impl.StateMachineUpdater (StateMachineUpdater.java:stopAndJoin(136)) - 69b8f75d-497f-4fe6-9dc7-b84f6827359d@group-8322C3CD9FF7-StateMachineUpdater: set stopIndex = 2
2019-11-16 00:26:48,631 [main] INFO  impl.StateMachineUpdater (StateMachineUpdater.java:stopAndJoin(136)) - 82886741-ea2e-41d6-b944-d04bb5a8b025@group-76976C79D8F1-StateMachineUpdater: set stopIndex = 0
2019-11-16 00:26:48,631 [main] INFO  impl.RaftServerImpl (ServerState.java:close(387)) - 82886741-ea2e-41d6-b944-d04bb5a8b025@group-76976C79D8F1: closes. applyIndex: 0
2019-11-16 00:26:48,631 [ForkJoinPool.commonPool-worker-0] INFO  impl.RaftServerImpl (ServerState.java:close(387)) - 69b8f75d-497f-4fe6-9dc7-b84f6827359d@group-8322C3CD9FF7: closes. applyIndex: 2
2019-11-16 00:26:48,632 [82886741-ea2e-41d6-b944-d04bb5a8b025@group-76976C79D8F1-SegmentedRaftLogWorker] INFO  segmented.SegmentedRaftLogWorker (SegmentedRaftLogWorker.java:run(316)) - 82886741-ea2e-41d6-b944-d04bb5a8b025@group-76976C79D8F1-SegmentedRaftLogWorker was interrupted, exiting. There are 0 tasks remaining in the queue.
2019-11-16 00:26:48,632 [69b8f75d-497f-4fe6-9dc7-b84f6827359d@group-8322C3CD9FF7-SegmentedRaftLogWorker] INFO  segmented.SegmentedRaftLogWorker (SegmentedRaftLogWorker.java:run(316)) - 69b8f75d-497f-4fe6-9dc7-b84f6827359d@group-8322C3CD9FF7-SegmentedRaftLogWorker was interrupted, exiting. There are 0 tasks remaining in the queue.
2019-11-16 00:26:48,632 [main] INFO  segmented.SegmentedRaftLogWorker (SegmentedRaftLogWorker.java:close(224)) - 82886741-ea2e-41d6-b944-d04bb5a8b025@group-76976C79D8F1-SegmentedRaftLogWorker close()
2019-11-16 00:26:48,632 [ForkJoinPool.commonPool-worker-0] INFO  segmented.SegmentedRaftLogWorker (SegmentedRaftLogWorker.java:close(224)) - 69b8f75d-497f-4fe6-9dc7-b84f6827359d@group-8322C3CD9FF7-SegmentedRaftLogWorker close()
2019-11-16 00:26:48,633 [main] INFO  impl.RaftServerImpl (RaftServerImpl.java:lambda$shutdown$3(250)) - 82886741-ea2e-41d6-b944-d04bb5a8b025@group-5F246D87C751: shutdown
2019-11-16 00:26:48,633 [ForkJoinPool.commonPool-worker-0] INFO  impl.RaftServerImpl (RaftServerImpl.java:lambda$shutdown$3(250)) - 69b8f75d-497f-4fe6-9dc7-b84f6827359d@group-169F38A0322C: shutdown
2019-11-16 00:26:48,633 [main] INFO  util.JmxRegister (JmxRegister.java:unregister(73)) - Successfully un-registered JMX Bean with object name Ratis:service=RaftServer,group=group-5F246D87C751,id=82886741-ea2e-41d6-b944-d04bb5a8b025
2019-11-16 00:26:48,633 [ForkJoinPool.commonPool-worker-0] INFO  util.JmxRegister (JmxRegister.java:unregister(73)) - Successfully un-registered JMX Bean with object name Ratis:service=RaftServer,group=group-169F38A0322C,id=69b8f75d-497f-4fe6-9dc7-b84f6827359d
2019-11-16 00:26:48,634 [main] INFO  impl.RoleInfo (RoleInfo.java:shutdownLeaderState(104)) - 82886741-ea2e-41d6-b944-d04bb5a8b025: shutdown LeaderState
2019-11-16 00:26:48,634 [ForkJoinPool.commonPool-worker-0] INFO  impl.RoleInfo (RoleInfo.java:shutdownLeaderState(104)) - 69b8f75d-497f-4fe6-9dc7-b84f6827359d: shutdown LeaderState
2019-11-16 00:26:48,641 [org.apache.ratis.server.impl.LogAppender$AppenderDaemon$$Lambda$427/371179679@75565a89] WARN  server.GrpcLogAppender (GrpcLogAppender.java:mayWait(151)) - 82886741-ea2e-41d6-b944-d04bb5a8b025@group-5F246D87C751->e887c5fb-6c7f-48d0-908d-014a119bd478-GrpcLogAppender: Wait interrupted by java.lang.InterruptedException
2019-11-16 00:26:48,641 [main] INFO  impl.PendingRequests (PendingRequests.java:sendNotLeaderResponses(206)) - 82886741-ea2e-41d6-b944-d04bb5a8b025@group-5F246D87C751-PendingRequests: sendNotLeaderResponses
2019-11-16 00:26:48,641 [ForkJoinPool.commonPool-worker-0] INFO  impl.PendingRequests (PendingRequests.java:sendNotLeaderResponses(206)) - 69b8f75d-497f-4fe6-9dc7-b84f6827359d@group-169F38A0322C-PendingRequests: sendNotLeaderResponses
2019-11-16 00:26:48,641 [org.apache.ratis.server.impl.LogAppender$AppenderDaemon$$Lambda$427/371179679@3054d2e7] WARN  server.GrpcLogAppender (GrpcLogAppender.java:mayWait(151)) - 82886741-ea2e-41d6-b944-d04bb5a8b025@group-5F246D87C751->1d1fab7d-6382-4228-8566-b1891c590073-GrpcLogAppender: Wait interrupted by java.lang.InterruptedException
2019-11-16 00:26:48,642 [main] INFO  impl.StateMachineUpdater (StateMachineUpdater.java:stopAndJoin(136)) - 82886741-ea2e-41d6-b944-d04bb5a8b025@group-5F246D87C751-StateMachineUpdater: set stopIndex = 7
2019-11-16 00:26:48,642 [ForkJoinPool.commonPool-worker-0] INFO  impl.StateMachineUpdater (StateMachineUpdater.java:stopAndJoin(136)) - 69b8f75d-497f-4fe6-9dc7-b84f6827359d@group-169F38A0322C-StateMachineUpdater: set stopIndex = 0
2019-11-16 00:26:48,643 [ForkJoinPool.commonPool-worker-0] INFO  impl.RaftServerImpl (ServerState.java:close(387)) - 69b8f75d-497f-4fe6-9dc7-b84f6827359d@group-169F38A0322C: closes. applyIndex: 0
2019-11-16 00:26:48,642 [grpc-default-executor-1] INFO  server.GrpcServerProtocolService (GrpcServerProtocolService.java:onCompleted(113)) - e887c5fb-6c7f-48d0-908d-014a119bd478: Completed APPEND_ENTRIES, lastRequest: 82886741-ea2e-41d6-b944-d04bb5a8b025->e887c5fb-6c7f-48d0-908d-014a119bd478#36-t1, previous=(t:1, i:7), leaderCommit=7, initializing? false, entries: <empty>
2019-11-16 00:26:48,643 [69b8f75d-497f-4fe6-9dc7-b84f6827359d@group-169F38A0322C-SegmentedRaftLogWorker] INFO  segmented.SegmentedRaftLogWorker (SegmentedRaftLogWorker.java:run(316)) - 69b8f75d-497f-4fe6-9dc7-b84f6827359d@group-169F38A0322C-SegmentedRaftLogWorker was interrupted, exiting. There are 0 tasks remaining in the queue.
2019-11-16 00:26:48,642 [grpc-default-executor-3] INFO  server.GrpcServerProtocolService (GrpcServerProtocolService.java:onCompleted(113)) - 1d1fab7d-6382-4228-8566-b1891c590073: Completed APPEND_ENTRIES, lastRequest: 82886741-ea2e-41d6-b944-d04bb5a8b025->1d1fab7d-6382-4228-8566-b1891c590073#36-t1, previous=(t:1, i:7), leaderCommit=7, initializing? false, entries: <empty>
2019-11-16 00:26:48,643 [ForkJoinPool.commonPool-worker-0] INFO  segmented.SegmentedRaftLogWorker (SegmentedRaftLogWorker.java:close(224)) - 69b8f75d-497f-4fe6-9dc7-b84f6827359d@group-169F38A0322C-SegmentedRaftLogWorker close()
2019-11-16 00:26:48,642 [82886741-ea2e-41d6-b944-d04bb5a8b025@group-5F246D87C751-StateMachineUpdater] INFO  ratis.ContainerStateMachine (ContainerStateMachine.java:takeSnapshot(285)) - group-5F246D87C751: Taking a snapshot at:(t:1, i:7) file /workdir/hadoop-ozone/integration-test/target/test-dir/MiniOzoneClusterImpl-ec73e7b8-24c6-4197-838c-bd0443d97e1c/datanode-6/data/ratis/1bad0bf1-bdbb-4e45-b448-5f246d87c751/sm/snapshot.1_7
2019-11-16 00:26:48,643 [grpc-default-executor-3] INFO  server.GrpcLogAppender (GrpcLogAppender.java:onCompleted(308)) - 82886741-ea2e-41d6-b944-d04bb5a8b025@group-5F246D87C751->1d1fab7d-6382-4228-8566-b1891c590073-AppendLogResponseHandler: follower responses appendEntries COMPLETED
2019-11-16 00:26:48,643 [grpc-default-executor-1] INFO  server.GrpcLogAppender (GrpcLogAppender.java:onCompleted(308)) - 82886741-ea2e-41d6-b944-d04bb5a8b025@group-5F246D87C751->e887c5fb-6c7f-48d0-908d-014a119bd478-AppendLogResponseHandler: follower responses appendEntries COMPLETED
2019-11-16 00:26:48,645 [ForkJoinPool.commonPool-worker-0] INFO  server.GrpcService (GrpcService.java:closeImpl(164)) - 69b8f75d-497f-4fe6-9dc7-b84f6827359d: shutdown server with port 44545 now
2019-11-16 00:26:48,646 [grpc-default-executor-3] INFO  impl.FollowerInfo (FollowerInfo.java:lambda$new$0(51)) - 82886741-ea2e-41d6-b944-d04bb5a8b025@group-5F246D87C751->1d1fab7d-6382-4228-8566-b1891c590073: nextIndex: updateUnconditionally 8 -> 7
2019-11-16 00:26:48,646 [grpc-default-executor-1] INFO  impl.FollowerInfo (FollowerInfo.java:lambda$new$0(51)) - 82886741-ea2e-41d6-b944-d04bb5a8b025@group-5F246D87C751->e887c5fb-6c7f-48d0-908d-014a119bd478: nextIndex: updateUnconditionally 8 -> 7
2019-11-16 00:26:48,646 [ForkJoinPool.commonPool-worker-0] INFO  server.GrpcService (GrpcService.java:closeImpl(172)) - 69b8f75d-497f-4fe6-9dc7-b84f6827359d: shutdown server with port 44545 successfully
2019-11-16 00:26:48,648 [refreshUsed-/workdir/hadoop-ozone/integration-test/target/test-dir/MiniOzoneClusterImpl-ec73e7b8-24c6-4197-838c-bd0443d97e1c/datanode-3/data/containers] WARN  fs.CachingGetSpaceUsed (CachingGetSpaceUsed.java:run(183)) - Thread Interrupted waiting to refresh disk information: sleep interrupted
2019-11-16 00:26:48,658 [82886741-ea2e-41d6-b944-d04bb5a8b025@group-5F246D87C751-StateMachineUpdater] INFO  ratis.ContainerStateMachine (ContainerStateMachine.java:takeSnapshot(296)) - group-5F246D87C751: Finished taking a snapshot at:(t:1, i:7) file:/workdir/hadoop-ozone/integration-test/target/test-dir/MiniOzoneClusterImpl-ec73e7b8-24c6-4197-838c-bd0443d97e1c/datanode-6/data/ratis/1bad0bf1-bdbb-4e45-b448-5f246d87c751/sm/snapshot.1_7 time:16
2019-11-16 00:26:48,659 [82886741-ea2e-41d6-b944-d04bb5a8b025@group-5F246D87C751-StateMachineUpdater] INFO  impl.StateMachineUpdater (StateMachineUpdater.java:takeSnapshot(269)) - 82886741-ea2e-41d6-b944-d04bb5a8b025@group-5F246D87C751-StateMachineUpdater: Took a snapshot at index 7
2019-11-16 00:26:48,659 [82886741-ea2e-41d6-b944-d04bb5a8b025@group-5F246D87C751-StateMachineUpdater] INFO  impl.StateMachineUpdater (StateMachineUpdater.java:lambda$new$0(84)) - 82886741-ea2e-41d6-b944-d04bb5a8b025@group-5F246D87C751-StateMachineUpdater: snapshotIndex: updateIncreasingly -1 -> 7
2019-11-16 00:26:48,659 [main] INFO  impl.RaftServerImpl (ServerState.java:close(387)) - 82886741-ea2e-41d6-b944-d04bb5a8b025@group-5F246D87C751: closes. applyIndex: 7
2019-11-16 00:26:48,660 [82886741-ea2e-41d6-b944-d04bb5a8b025@group-5F246D87C751-SegmentedRaftLogWorker] INFO  segmented.SegmentedRaftLogWorker (SegmentedRaftLogWorker.java:run(316)) - 82886741-ea2e-41d6-b944-d04bb5a8b025@group-5F246D87C751-SegmentedRaftLogWorker was interrupted, exiting. There are 0 tasks remaining in the queue.
2019-11-16 00:26:48,660 [main] INFO  segmented.SegmentedRaftLogWorker (SegmentedRaftLogWorker.java:close(224)) - 82886741-ea2e-41d6-b944-d04bb5a8b025@group-5F246D87C751-SegmentedRaftLogWorker close()
2019-11-16 00:26:48,662 [main] INFO  server.GrpcService (GrpcService.java:closeImpl(164)) - 82886741-ea2e-41d6-b944-d04bb5a8b025: shutdown server with port 37949 now
2019-11-16 00:26:48,663 [main] INFO  server.GrpcService (GrpcService.java:closeImpl(172)) - 82886741-ea2e-41d6-b944-d04bb5a8b025: shutdown server with port 37949 successfully
2019-11-16 00:26:48,664 [refreshUsed-/workdir/hadoop-ozone/integration-test/target/test-dir/MiniOzoneClusterImpl-ec73e7b8-24c6-4197-838c-bd0443d97e1c/datanode-6/data/containers] WARN  fs.CachingGetSpaceUsed (CachingGetSpaceUsed.java:run(183)) - Thread Interrupted waiting to refresh disk information: sleep interrupted
2019-11-16 00:26:48,668 [ForkJoinPool.commonPool-worker-0] INFO  utils.BackgroundService (BackgroundService.java:shutdown(151)) - Shutting down service BlockDeletingService
2019-11-16 00:26:48,679 [ForkJoinPool.commonPool-worker-0] INFO  statemachine.DatanodeStateMachine (DatanodeStateMachine.java:stopDaemon(400)) - Ozone container server stopped.
2019-11-16 00:26:48,685 [ForkJoinPool.commonPool-worker-0] INFO  handler.ContextHandler (ContextHandler.java:doStop(910)) - Stopped o.e.j.w.WebAppContext@20bb85b4{/,null,UNAVAILABLE}{/hddsDatanode}
2019-11-16 00:26:48,686 [ForkJoinPool.commonPool-worker-0] INFO  server.AbstractConnector (AbstractConnector.java:doStop(318)) - Stopped ServerConnector@79add732{HTTP/1.1,[http/1.1]}{0.0.0.0:0}
2019-11-16 00:26:48,687 [ForkJoinPool.commonPool-worker-0] INFO  handler.ContextHandler (ContextHandler.java:doStop(910)) - Stopped o.e.j.s.ServletContextHandler@3ca3648{/static,jar:file:/home/user/.m2/repository/org/apache/hadoop/hadoop-hdds-container-service/0.5.0-SNAPSHOT/hadoop-hdds-container-service-0.5.0-SNAPSHOT.jar!/webapps/static,UNAVAILABLE}
2019-11-16 00:26:48,689 [ForkJoinPool.commonPool-worker-0] INFO  handler.ContextHandler (ContextHandler.java:doStop(910)) - Stopped o.e.j.s.ServletContextHandler@7f0d8eff{/logs,file:///workdir/hadoop-ozone/integration-test/target/log,UNAVAILABLE}
2019-11-16 00:26:48,698 [main] INFO  utils.BackgroundService (BackgroundService.java:shutdown(151)) - Shutting down service BlockDeletingService
2019-11-16 00:26:48,699 [main] INFO  statemachine.DatanodeStateMachine (DatanodeStateMachine.java:stopDaemon(400)) - Ozone container server stopped.
2019-11-16 00:26:48,700 [main] INFO  handler.ContextHandler (ContextHandler.java:doStop(910)) - Stopped o.e.j.w.WebAppContext@27c53c32{/,null,UNAVAILABLE}{/hddsDatanode}
2019-11-16 00:26:48,701 [main] INFO  server.AbstractConnector (AbstractConnector.java:doStop(318)) - Stopped ServerConnector@68aec50{HTTP/1.1,[http/1.1]}{0.0.0.0:0}
2019-11-16 00:26:48,701 [main] INFO  handler.ContextHandler (ContextHandler.java:doStop(910)) - Stopped o.e.j.s.ServletContextHandler@2f15a964{/static,jar:file:/home/user/.m2/repository/org/apache/hadoop/hadoop-hdds-container-service/0.5.0-SNAPSHOT/hadoop-hdds-container-service-0.5.0-SNAPSHOT.jar!/webapps/static,UNAVAILABLE}
2019-11-16 00:26:48,702 [main] INFO  handler.ContextHandler (ContextHandler.java:doStop(910)) - Stopped o.e.j.s.ServletContextHandler@26275b46{/logs,file:///workdir/hadoop-ozone/integration-test/target/log,UNAVAILABLE}
2019-11-16 00:26:48,822 [Datanode State Machine Thread - 0] INFO  statemachine.DatanodeStateMachine (DatanodeStateMachine.java:lambda$startDaemon$0(355)) - Ozone container server started.
2019-11-16 00:26:48,956 [grpc-default-executor-9] WARN  server.GrpcLogAppender (LogUtils.java:warn(134)) - 5140e110-8ff7-42a5-9b32-053ee4f24742@group-ABBA576E5246->84c9c768-243c-47db-bab4-63e35b2a41a2-AppendLogResponseHandler: Failed appendEntries: org.apache.ratis.thirdparty.io.grpc.StatusRuntimeException: UNAVAILABLE: io exception
2019-11-16 00:26:48,956 [grpc-default-executor-9] INFO  impl.FollowerInfo (FollowerInfo.java:lambda$new$0(51)) - 5140e110-8ff7-42a5-9b32-053ee4f24742@group-ABBA576E5246->84c9c768-243c-47db-bab4-63e35b2a41a2: nextIndex: updateUnconditionally 0 -> 0
2019-11-16 00:26:49,414 [Datanode State Machine Thread - 0] INFO  statemachine.DatanodeStateMachine (DatanodeStateMachine.java:lambda$startDaemon$0(355)) - Ozone container server started.
2019-11-16 00:26:49,456 [grpc-default-executor-3] WARN  server.GrpcLogAppender (LogUtils.java:warn(134)) - 5140e110-8ff7-42a5-9b32-053ee4f24742@group-ABBA576E5246->84c9c768-243c-47db-bab4-63e35b2a41a2-AppendLogResponseHandler: Failed appendEntries: org.apache.ratis.thirdparty.io.grpc.StatusRuntimeException: UNAVAILABLE: io exception
2019-11-16 00:26:49,456 [grpc-default-executor-3] INFO  impl.FollowerInfo (FollowerInfo.java:lambda$new$0(51)) - 5140e110-8ff7-42a5-9b32-053ee4f24742@group-ABBA576E5246->84c9c768-243c-47db-bab4-63e35b2a41a2: nextIndex: updateUnconditionally 0 -> 0
2019-11-16 00:26:49,957 [grpc-default-executor-1] WARN  server.GrpcLogAppender (LogUtils.java:warn(134)) - 5140e110-8ff7-42a5-9b32-053ee4f24742@group-ABBA576E5246->84c9c768-243c-47db-bab4-63e35b2a41a2-AppendLogResponseHandler: Failed appendEntries: org.apache.ratis.thirdparty.io.grpc.StatusRuntimeException: UNAVAILABLE: io exception
2019-11-16 00:26:49,957 [grpc-default-executor-1] INFO  impl.FollowerInfo (FollowerInfo.java:lambda$new$0(51)) - 5140e110-8ff7-42a5-9b32-053ee4f24742@group-ABBA576E5246->84c9c768-243c-47db-bab4-63e35b2a41a2: nextIndex: updateUnconditionally 0 -> 0
2019-11-16 00:26:50,457 [grpc-default-executor-9] WARN  server.GrpcLogAppender (LogUtils.java:warn(134)) - 5140e110-8ff7-42a5-9b32-053ee4f24742@group-ABBA576E5246->84c9c768-243c-47db-bab4-63e35b2a41a2-AppendLogResponseHandler: Failed appendEntries: org.apache.ratis.thirdparty.io.grpc.StatusRuntimeException: UNAVAILABLE: io exception
2019-11-16 00:26:50,457 [grpc-default-executor-9] INFO  impl.FollowerInfo (FollowerInfo.java:lambda$new$0(51)) - 5140e110-8ff7-42a5-9b32-053ee4f24742@group-ABBA576E5246->84c9c768-243c-47db-bab4-63e35b2a41a2: nextIndex: updateUnconditionally 0 -> 0
2019-11-16 00:26:50,498 [Thread-4344] INFO  impl.FollowerState (FollowerState.java:run(111)) - e887c5fb-6c7f-48d0-908d-014a119bd478@group-5F246D87C751-FollowerState: change to CANDIDATE, lastRpcTime:2051ms, electionTimeout:1146ms
2019-11-16 00:26:50,498 [Thread-4344] INFO  impl.RoleInfo (RoleInfo.java:shutdownFollowerState(121)) - e887c5fb-6c7f-48d0-908d-014a119bd478: shutdown FollowerState
2019-11-16 00:26:50,498 [Thread-4344] INFO  impl.RaftServerImpl (RaftServerImpl.java:setRole(173)) - e887c5fb-6c7f-48d0-908d-014a119bd478@group-5F246D87C751: changes role from  FOLLOWER to CANDIDATE at term 1 for changeToCandidate
2019-11-16 00:26:50,498 [Thread-4344] INFO  impl.RoleInfo (RoleInfo.java:updateAndGet(143)) - e887c5fb-6c7f-48d0-908d-014a119bd478: start LeaderElection
2019-11-16 00:26:50,499 [e887c5fb-6c7f-48d0-908d-014a119bd478@group-5F246D87C751-LeaderElection187] INFO  impl.RaftServerImpl (ServerState.java:setLeader(255)) - e887c5fb-6c7f-48d0-908d-014a119bd478@group-5F246D87C751: change Leader from 82886741-ea2e-41d6-b944-d04bb5a8b025 to null at term 1 for initElection
2019-11-16 00:26:50,514 [e887c5fb-6c7f-48d0-908d-014a119bd478@group-5F246D87C751-LeaderElection187] INFO  impl.LeaderElection (LeaderElection.java:askForVotes(178)) - e887c5fb-6c7f-48d0-908d-014a119bd478@group-5F246D87C751-LeaderElection187: begin an election at term 2 for 0: [82886741-ea2e-41d6-b944-d04bb5a8b025:192.168.69.79:37949, 1d1fab7d-6382-4228-8566-b1891c590073:192.168.69.79:34425, e887c5fb-6c7f-48d0-908d-014a119bd478:192.168.69.79:44398], old=null
2019-11-16 00:26:50,516 [e887c5fb-6c7f-48d0-908d-014a119bd478@group-5F246D87C751-LeaderElection187] INFO  impl.LeaderElection (LogUtils.java:infoOrTrace(149)) - e887c5fb-6c7f-48d0-908d-014a119bd478@group-5F246D87C751-LeaderElection187 got exception when requesting votes: {}
java.util.concurrent.ExecutionException: org.apache.ratis.thirdparty.io.grpc.StatusRuntimeException: UNAVAILABLE: io exception
	at java.util.concurrent.FutureTask.report(FutureTask.java:122)
	at java.util.concurrent.FutureTask.get(FutureTask.java:192)
	at org.apache.ratis.server.impl.LeaderElection.waitForResults(LeaderElection.java:259)
	at org.apache.ratis.server.impl.LeaderElection.askForVotes(LeaderElection.java:197)
	at org.apache.ratis.server.impl.LeaderElection.run(LeaderElection.java:133)
	at java.lang.Thread.run(Thread.java:748)
Caused by: org.apache.ratis.thirdparty.io.grpc.StatusRuntimeException: UNAVAILABLE: io exception
	at org.apache.ratis.thirdparty.io.grpc.stub.ClientCalls.toStatusRuntimeException(ClientCalls.java:233)
	at org.apache.ratis.thirdparty.io.grpc.stub.ClientCalls.getUnchecked(ClientCalls.java:214)
	at org.apache.ratis.thirdparty.io.grpc.stub.ClientCalls.blockingUnaryCall(ClientCalls.java:139)
	at org.apache.ratis.proto.grpc.RaftServerProtocolServiceGrpc$RaftServerProtocolServiceBlockingStub.requestVote(RaftServerProtocolServiceGrpc.java:265)
	at org.apache.ratis.grpc.server.GrpcServerProtocolClient.requestVote(GrpcServerProtocolClient.java:99)
	at org.apache.ratis.grpc.server.GrpcService.requestVote(GrpcService.java:204)
	at org.apache.ratis.server.impl.LeaderElection.lambda$submitRequests$1(LeaderElection.java:234)
	at java.util.concurrent.FutureTask.run(FutureTask.java:266)
	at java.util.concurrent.Executors$RunnableAdapter.call(Executors.java:511)
	at java.util.concurrent.FutureTask.run(FutureTask.java:266)
	at java.util.concurrent.ThreadPoolExecutor.runWorker(ThreadPoolExecutor.java:1149)
	at java.util.concurrent.ThreadPoolExecutor$Worker.run(ThreadPoolExecutor.java:624)
	... 1 more
Caused by: org.apache.ratis.thirdparty.io.netty.channel.AbstractChannel$AnnotatedConnectException: Connection refused: /192.168.69.79:37949
	at sun.nio.ch.SocketChannelImpl.checkConnect(Native Method)
	at sun.nio.ch.SocketChannelImpl.finishConnect(SocketChannelImpl.java:717)
	at org.apache.ratis.thirdparty.io.netty.channel.socket.nio.NioSocketChannel.doFinishConnect(NioSocketChannel.java:327)
	at org.apache.ratis.thirdparty.io.netty.channel.nio.AbstractNioChannel$AbstractNioUnsafe.finishConnect(AbstractNioChannel.java:340)
	at org.apache.ratis.thirdparty.io.netty.channel.nio.NioEventLoop.processSelectedKey(NioEventLoop.java:632)
	at org.apache.ratis.thirdparty.io.netty.channel.nio.NioEventLoop.processSelectedKeysOptimized(NioEventLoop.java:579)
	at org.apache.ratis.thirdparty.io.netty.channel.nio.NioEventLoop.processSelectedKeys(NioEventLoop.java:496)
	at org.apache.ratis.thirdparty.io.netty.channel.nio.NioEventLoop.run(NioEventLoop.java:458)
	at org.apache.ratis.thirdparty.io.netty.util.concurrent.SingleThreadEventExecutor$5.run(SingleThreadEventExecutor.java:897)
	at org.apache.ratis.thirdparty.io.netty.util.concurrent.FastThreadLocalRunnable.run(FastThreadLocalRunnable.java:30)
	... 1 more
Caused by: java.net.ConnectException: Connection refused
	... 11 more
2019-11-16 00:26:50,517 [grpc-default-executor-9] INFO  impl.RaftServerImpl (ServerState.java:setLeader(255)) - 1d1fab7d-6382-4228-8566-b1891c590073@group-5F246D87C751: change Leader from 82886741-ea2e-41d6-b944-d04bb5a8b025 to null at term 2 for updateCurrentTerm
2019-11-16 00:26:50,518 [grpc-default-executor-9] INFO  impl.RaftServerImpl (RaftServerImpl.java:setRole(173)) - 1d1fab7d-6382-4228-8566-b1891c590073@group-5F246D87C751: changes role from  FOLLOWER to FOLLOWER at term 2 for recognizeCandidate:e887c5fb-6c7f-48d0-908d-014a119bd478
2019-11-16 00:26:50,518 [grpc-default-executor-9] INFO  impl.RoleInfo (RoleInfo.java:shutdownFollowerState(121)) - 1d1fab7d-6382-4228-8566-b1891c590073: shutdown FollowerState
2019-11-16 00:26:50,518 [grpc-default-executor-9] INFO  impl.RoleInfo (RoleInfo.java:updateAndGet(143)) - 1d1fab7d-6382-4228-8566-b1891c590073: start FollowerState
2019-11-16 00:26:50,518 [Thread-4345] INFO  impl.FollowerState (FollowerState.java:run(120)) - 1d1fab7d-6382-4228-8566-b1891c590073@group-5F246D87C751-FollowerState was interrupted: java.lang.InterruptedException: sleep interrupted
2019-11-16 00:26:50,528 [e887c5fb-6c7f-48d0-908d-014a119bd478@group-5F246D87C751-LeaderElection187] INFO  impl.LeaderElection (LeaderElection.java:logAndReturn(56)) - e887c5fb-6c7f-48d0-908d-014a119bd478@group-5F246D87C751-LeaderElection187: Election PASSED; received 1 response(s) [e887c5fb-6c7f-48d0-908d-014a119bd478<-1d1fab7d-6382-4228-8566-b1891c590073#0:OK-t2] and 1 exception(s); e887c5fb-6c7f-48d0-908d-014a119bd478@group-5F246D87C751:t2, leader=null, voted=e887c5fb-6c7f-48d0-908d-014a119bd478, raftlog=e887c5fb-6c7f-48d0-908d-014a119bd478@group-5F246D87C751-SegmentedRaftLog:OPENED:c7,f7,i7, conf=0: [82886741-ea2e-41d6-b944-d04bb5a8b025:192.168.69.79:37949, 1d1fab7d-6382-4228-8566-b1891c590073:192.168.69.79:34425, e887c5fb-6c7f-48d0-908d-014a119bd478:192.168.69.79:44398], old=null
2019-11-16 00:26:50,529 [e887c5fb-6c7f-48d0-908d-014a119bd478@group-5F246D87C751-LeaderElection187] INFO  impl.LeaderElection (LogUtils.java:infoOrTrace(149)) -   Exception 0: {}
java.util.concurrent.ExecutionException: org.apache.ratis.thirdparty.io.grpc.StatusRuntimeException: UNAVAILABLE: io exception
	at java.util.concurrent.FutureTask.report(FutureTask.java:122)
	at java.util.concurrent.FutureTask.get(FutureTask.java:192)
	at org.apache.ratis.server.impl.LeaderElection.waitForResults(LeaderElection.java:259)
	at org.apache.ratis.server.impl.LeaderElection.askForVotes(LeaderElection.java:197)
	at org.apache.ratis.server.impl.LeaderElection.run(LeaderElection.java:133)
	at java.lang.Thread.run(Thread.java:748)
Caused by: org.apache.ratis.thirdparty.io.grpc.StatusRuntimeException: UNAVAILABLE: io exception
	at org.apache.ratis.thirdparty.io.grpc.stub.ClientCalls.toStatusRuntimeException(ClientCalls.java:233)
	at org.apache.ratis.thirdparty.io.grpc.stub.ClientCalls.getUnchecked(ClientCalls.java:214)
	at org.apache.ratis.thirdparty.io.grpc.stub.ClientCalls.blockingUnaryCall(ClientCalls.java:139)
	at org.apache.ratis.proto.grpc.RaftServerProtocolServiceGrpc$RaftServerProtocolServiceBlockingStub.requestVote(RaftServerProtocolServiceGrpc.java:265)
	at org.apache.ratis.grpc.server.GrpcServerProtocolClient.requestVote(GrpcServerProtocolClient.java:99)
	at org.apache.ratis.grpc.server.GrpcService.requestVote(GrpcService.java:204)
	at org.apache.ratis.server.impl.LeaderElection.lambda$submitRequests$1(LeaderElection.java:234)
	at java.util.concurrent.FutureTask.run(FutureTask.java:266)
	at java.util.concurrent.Executors$RunnableAdapter.call(Executors.java:511)
	at java.util.concurrent.FutureTask.run(FutureTask.java:266)
	at java.util.concurrent.ThreadPoolExecutor.runWorker(ThreadPoolExecutor.java:1149)
	at java.util.concurrent.ThreadPoolExecutor$Worker.run(ThreadPoolExecutor.java:624)
	... 1 more
Caused by: org.apache.ratis.thirdparty.io.netty.channel.AbstractChannel$AnnotatedConnectException: Connection refused: /192.168.69.79:37949
	at sun.nio.ch.SocketChannelImpl.checkConnect(Native Method)
	at sun.nio.ch.SocketChannelImpl.finishConnect(SocketChannelImpl.java:717)
	at org.apache.ratis.thirdparty.io.netty.channel.socket.nio.NioSocketChannel.doFinishConnect(NioSocketChannel.java:327)
	at org.apache.ratis.thirdparty.io.netty.channel.nio.AbstractNioChannel$AbstractNioUnsafe.finishConnect(AbstractNioChannel.java:340)
	at org.apache.ratis.thirdparty.io.netty.channel.nio.NioEventLoop.processSelectedKey(NioEventLoop.java:632)
	at org.apache.ratis.thirdparty.io.netty.channel.nio.NioEventLoop.processSelectedKeysOptimized(NioEventLoop.java:579)
	at org.apache.ratis.thirdparty.io.netty.channel.nio.NioEventLoop.processSelectedKeys(NioEventLoop.java:496)
	at org.apache.ratis.thirdparty.io.netty.channel.nio.NioEventLoop.run(NioEventLoop.java:458)
	at org.apache.ratis.thirdparty.io.netty.util.concurrent.SingleThreadEventExecutor$5.run(SingleThreadEventExecutor.java:897)
	at org.apache.ratis.thirdparty.io.netty.util.concurrent.FastThreadLocalRunnable.run(FastThreadLocalRunnable.java:30)
	... 1 more
Caused by: java.net.ConnectException: Connection refused
	... 11 more
2019-11-16 00:26:50,529 [e887c5fb-6c7f-48d0-908d-014a119bd478@group-5F246D87C751-LeaderElection187] INFO  impl.RoleInfo (RoleInfo.java:shutdownLeaderElection(134)) - e887c5fb-6c7f-48d0-908d-014a119bd478: shutdown LeaderElection
2019-11-16 00:26:50,529 [e887c5fb-6c7f-48d0-908d-014a119bd478@group-5F246D87C751-LeaderElection187] INFO  impl.RaftServerImpl (RaftServerImpl.java:setRole(173)) - e887c5fb-6c7f-48d0-908d-014a119bd478@group-5F246D87C751: changes role from CANDIDATE to LEADER at term 2 for changeToLeader
2019-11-16 00:26:50,529 [e887c5fb-6c7f-48d0-908d-014a119bd478@group-5F246D87C751-LeaderElection187] INFO  ratis.XceiverServerRatis (XceiverServerRatis.java:handleLeaderChangedNotification(697)) - Leader change notification received for group: group-5F246D87C751 with new leaderId: e887c5fb-6c7f-48d0-908d-014a119bd478
2019-11-16 00:26:50,529 [e887c5fb-6c7f-48d0-908d-014a119bd478@group-5F246D87C751-LeaderElection187] INFO  impl.RaftServerImpl (ServerState.java:setLeader(255)) - e887c5fb-6c7f-48d0-908d-014a119bd478@group-5F246D87C751: change Leader from null to e887c5fb-6c7f-48d0-908d-014a119bd478 at term 2 for becomeLeader, leader elected after 30ms
2019-11-16 00:26:50,530 [e887c5fb-6c7f-48d0-908d-014a119bd478@group-5F246D87C751-LeaderElection187] INFO  server.RaftServerConfigKeys (ConfUtils.java:logGet(43)) - raft.server.staging.catchup.gap = 1000 (default)
2019-11-16 00:26:50,530 [e887c5fb-6c7f-48d0-908d-014a119bd478@group-5F246D87C751-LeaderElection187] INFO  server.RaftServerConfigKeys (ConfUtils.java:logGet(43)) - raft.server.rpc.sleep.time = 25ms (default)
2019-11-16 00:26:50,530 [e887c5fb-6c7f-48d0-908d-014a119bd478@group-5F246D87C751-LeaderElection187] INFO  server.RaftServerConfigKeys (ConfUtils.java:logGet(43)) - raft.server.write.element-limit = 4096 (default)
2019-11-16 00:26:50,530 [e887c5fb-6c7f-48d0-908d-014a119bd478@group-5F246D87C751-LeaderElection187] INFO  server.RaftServerConfigKeys (ConfUtils.java:logGet(43)) - raft.server.watch.timeout = 10s (default)
2019-11-16 00:26:50,531 [e887c5fb-6c7f-48d0-908d-014a119bd478@group-5F246D87C751-LeaderElection187] INFO  server.RaftServerConfigKeys (ConfUtils.java:logGet(43)) - raft.server.watch.timeout.denomination = 1s (default)
2019-11-16 00:26:50,531 [e887c5fb-6c7f-48d0-908d-014a119bd478@group-5F246D87C751-LeaderElection187] INFO  server.RaftServerConfigKeys (ConfUtils.java:logGet(43)) - raft.server.watch.element-limit = 65536 (default)
2019-11-16 00:26:50,531 [e887c5fb-6c7f-48d0-908d-014a119bd478@group-5F246D87C751-LeaderElection187] INFO  server.RaftServerConfigKeys (ConfUtils.java:logGet(43)) - raft.server.log.appender.snapshot.chunk.size.max = 16MB (=16777216) (default)
2019-11-16 00:26:50,531 [e887c5fb-6c7f-48d0-908d-014a119bd478@group-5F246D87C751-LeaderElection187] INFO  server.RaftServerConfigKeys (ConfUtils.java:logGet(43)) - raft.server.log.appender.buffer.byte-limit = 33554432 (custom)
2019-11-16 00:26:50,531 [e887c5fb-6c7f-48d0-908d-014a119bd478@group-5F246D87C751-LeaderElection187] INFO  server.RaftServerConfigKeys (ConfUtils.java:logGet(43)) - raft.server.log.appender.buffer.element-limit = 1 (custom)
2019-11-16 00:26:50,532 [e887c5fb-6c7f-48d0-908d-014a119bd478@group-5F246D87C751-LeaderElection187] INFO  grpc.GrpcConfigKeys$Server (ConfUtils.java:logGet(43)) - raft.grpc.server.leader.outstanding.appends.max = 128 (default)
2019-11-16 00:26:50,532 [e887c5fb-6c7f-48d0-908d-014a119bd478@group-5F246D87C751-LeaderElection187] INFO  server.RaftServerConfigKeys (ConfUtils.java:logGet(43)) - raft.server.rpc.request.timeout = 3000ms (default)
2019-11-16 00:26:50,532 [e887c5fb-6c7f-48d0-908d-014a119bd478@group-5F246D87C751-LeaderElection187] INFO  server.RaftServerConfigKeys (ConfUtils.java:logGet(43)) - raft.server.log.appender.install.snapshot.enabled = false (custom)
2019-11-16 00:26:50,532 [e887c5fb-6c7f-48d0-908d-014a119bd478@group-5F246D87C751-LeaderElection187] WARN  impl.MetricRegistriesImpl (MetricRegistriesImpl.java:lambda$create$1(61)) - First MetricRegistry has been created without registering reporters. You may need to call MetricRegistries.global().addReportRegistration(...) before.
2019-11-16 00:26:50,532 [e887c5fb-6c7f-48d0-908d-014a119bd478@group-5F246D87C751-LeaderElection187] INFO  server.RaftServerConfigKeys (ConfUtils.java:logGet(43)) - raft.server.log.appender.snapshot.chunk.size.max = 16MB (=16777216) (default)
2019-11-16 00:26:50,533 [e887c5fb-6c7f-48d0-908d-014a119bd478@group-5F246D87C751-LeaderElection187] INFO  server.RaftServerConfigKeys (ConfUtils.java:logGet(43)) - raft.server.log.appender.buffer.byte-limit = 33554432 (custom)
2019-11-16 00:26:50,533 [e887c5fb-6c7f-48d0-908d-014a119bd478@group-5F246D87C751-LeaderElection187] INFO  server.RaftServerConfigKeys (ConfUtils.java:logGet(43)) - raft.server.log.appender.buffer.element-limit = 1 (custom)
2019-11-16 00:26:50,533 [e887c5fb-6c7f-48d0-908d-014a119bd478@group-5F246D87C751-LeaderElection187] INFO  grpc.GrpcConfigKeys$Server (ConfUtils.java:logGet(43)) - raft.grpc.server.leader.outstanding.appends.max = 128 (default)
2019-11-16 00:26:50,533 [e887c5fb-6c7f-48d0-908d-014a119bd478@group-5F246D87C751-LeaderElection187] INFO  server.RaftServerConfigKeys (ConfUtils.java:logGet(43)) - raft.server.rpc.request.timeout = 3000ms (default)
2019-11-16 00:26:50,533 [e887c5fb-6c7f-48d0-908d-014a119bd478@group-5F246D87C751-LeaderElection187] INFO  server.RaftServerConfigKeys (ConfUtils.java:logGet(43)) - raft.server.log.appender.install.snapshot.enabled = false (custom)
2019-11-16 00:26:50,533 [e887c5fb-6c7f-48d0-908d-014a119bd478@group-5F246D87C751-LeaderElection187] INFO  impl.RoleInfo (RoleInfo.java:updateAndGet(143)) - e887c5fb-6c7f-48d0-908d-014a119bd478: start LeaderState
2019-11-16 00:26:50,534 [e887c5fb-6c7f-48d0-908d-014a119bd478@group-5F246D87C751-LeaderElection187] INFO  segmented.SegmentedRaftLogWorker (SegmentedRaftLogWorker.java:rollLogSegment(390)) - e887c5fb-6c7f-48d0-908d-014a119bd478@group-5F246D87C751-SegmentedRaftLogWorker: Rolling segment log-0_7 to index:7
2019-11-16 00:26:50,535 [e887c5fb-6c7f-48d0-908d-014a119bd478@group-5F246D87C751-SegmentedRaftLogWorker] INFO  segmented.SegmentedRaftLogWorker (SegmentedRaftLogWorker.java:execute(533)) - e887c5fb-6c7f-48d0-908d-014a119bd478@group-5F246D87C751-SegmentedRaftLogWorker: Rolled log segment from /workdir/hadoop-ozone/integration-test/target/test-dir/MiniOzoneClusterImpl-ec73e7b8-24c6-4197-838c-bd0443d97e1c/datanode-7/data/ratis/1bad0bf1-bdbb-4e45-b448-5f246d87c751/current/log_inprogress_0 to /workdir/hadoop-ozone/integration-test/target/test-dir/MiniOzoneClusterImpl-ec73e7b8-24c6-4197-838c-bd0443d97e1c/datanode-7/data/ratis/1bad0bf1-bdbb-4e45-b448-5f246d87c751/current/log_0-7
2019-11-16 00:26:50,535 [e887c5fb-6c7f-48d0-908d-014a119bd478@group-5F246D87C751-LeaderElection187] INFO  impl.RaftServerImpl (ServerState.java:setRaftConf(356)) - e887c5fb-6c7f-48d0-908d-014a119bd478@group-5F246D87C751: set configuration 8: [82886741-ea2e-41d6-b944-d04bb5a8b025:192.168.69.79:37949, 1d1fab7d-6382-4228-8566-b1891c590073:192.168.69.79:34425, e887c5fb-6c7f-48d0-908d-014a119bd478:192.168.69.79:44398], old=null at 8
2019-11-16 00:26:50,535 [grpc-default-executor-9] WARN  server.GrpcLogAppender (LogUtils.java:warn(134)) - e887c5fb-6c7f-48d0-908d-014a119bd478@group-5F246D87C751->82886741-ea2e-41d6-b944-d04bb5a8b025-AppendLogResponseHandler: Failed appendEntries: org.apache.ratis.thirdparty.io.grpc.StatusRuntimeException: UNAVAILABLE: io exception
2019-11-16 00:26:50,536 [grpc-default-executor-9] INFO  impl.FollowerInfo (FollowerInfo.java:lambda$new$0(51)) - e887c5fb-6c7f-48d0-908d-014a119bd478@group-5F246D87C751->82886741-ea2e-41d6-b944-d04bb5a8b025: nextIndex: updateUnconditionally 8 -> 1
2019-11-16 00:26:50,536 [grpc-default-executor-9] INFO  ratis.XceiverServerRatis (XceiverServerRatis.java:handleLeaderChangedNotification(697)) - Leader change notification received for group: group-5F246D87C751 with new leaderId: e887c5fb-6c7f-48d0-908d-014a119bd478
2019-11-16 00:26:50,536 [grpc-default-executor-9] INFO  impl.RaftServerImpl (ServerState.java:setLeader(255)) - 1d1fab7d-6382-4228-8566-b1891c590073@group-5F246D87C751: change Leader from null to e887c5fb-6c7f-48d0-908d-014a119bd478 at term 2 for appendEntries, leader elected after 18ms
2019-11-16 00:26:50,538 [grpc-default-executor-9] INFO  impl.RaftServerImpl (ServerState.java:setRaftConf(356)) - 1d1fab7d-6382-4228-8566-b1891c590073@group-5F246D87C751: set configuration 8: [82886741-ea2e-41d6-b944-d04bb5a8b025:192.168.69.79:37949, 1d1fab7d-6382-4228-8566-b1891c590073:192.168.69.79:34425, e887c5fb-6c7f-48d0-908d-014a119bd478:192.168.69.79:44398], old=null at 8
2019-11-16 00:26:50,539 [grpc-default-executor-9] INFO  segmented.SegmentedRaftLogWorker (SegmentedRaftLogWorker.java:rollLogSegment(390)) - 1d1fab7d-6382-4228-8566-b1891c590073@group-5F246D87C751-SegmentedRaftLogWorker: Rolling segment log-0_7 to index:7
2019-11-16 00:26:50,539 [1d1fab7d-6382-4228-8566-b1891c590073@group-5F246D87C751-SegmentedRaftLogWorker] INFO  segmented.SegmentedRaftLogWorker (SegmentedRaftLogWorker.java:execute(533)) - 1d1fab7d-6382-4228-8566-b1891c590073@group-5F246D87C751-SegmentedRaftLogWorker: Rolled log segment from /workdir/hadoop-ozone/integration-test/target/test-dir/MiniOzoneClusterImpl-ec73e7b8-24c6-4197-838c-bd0443d97e1c/datanode-9/data/ratis/1bad0bf1-bdbb-4e45-b448-5f246d87c751/current/log_inprogress_0 to /workdir/hadoop-ozone/integration-test/target/test-dir/MiniOzoneClusterImpl-ec73e7b8-24c6-4197-838c-bd0443d97e1c/datanode-9/data/ratis/1bad0bf1-bdbb-4e45-b448-5f246d87c751/current/log_0-7
2019-11-16 00:26:50,578 [1d1fab7d-6382-4228-8566-b1891c590073@group-5F246D87C751-SegmentedRaftLogWorker] INFO  segmented.SegmentedRaftLogWorker (SegmentedRaftLogWorker.java:execute(576)) - 1d1fab7d-6382-4228-8566-b1891c590073@group-5F246D87C751-SegmentedRaftLogWorker: created new log segment /workdir/hadoop-ozone/integration-test/target/test-dir/MiniOzoneClusterImpl-ec73e7b8-24c6-4197-838c-bd0443d97e1c/datanode-9/data/ratis/1bad0bf1-bdbb-4e45-b448-5f246d87c751/current/log_inprogress_8
2019-11-16 00:26:50,578 [e887c5fb-6c7f-48d0-908d-014a119bd478@group-5F246D87C751-SegmentedRaftLogWorker] INFO  segmented.SegmentedRaftLogWorker (SegmentedRaftLogWorker.java:execute(576)) - e887c5fb-6c7f-48d0-908d-014a119bd478@group-5F246D87C751-SegmentedRaftLogWorker: created new log segment /workdir/hadoop-ozone/integration-test/target/test-dir/MiniOzoneClusterImpl-ec73e7b8-24c6-4197-838c-bd0443d97e1c/datanode-7/data/ratis/1bad0bf1-bdbb-4e45-b448-5f246d87c751/current/log_inprogress_8
2019-11-16 00:26:50,588 [grpc-default-executor-3] WARN  server.GrpcLogAppender (LogUtils.java:warn(134)) - e887c5fb-6c7f-48d0-908d-014a119bd478@group-5F246D87C751->82886741-ea2e-41d6-b944-d04bb5a8b025-AppendLogResponseHandler: Failed appendEntries: org.apache.ratis.thirdparty.io.grpc.StatusRuntimeException: UNAVAILABLE: io exception
2019-11-16 00:26:50,589 [grpc-default-executor-3] INFO  impl.FollowerInfo (FollowerInfo.java:lambda$new$0(51)) - e887c5fb-6c7f-48d0-908d-014a119bd478@group-5F246D87C751->82886741-ea2e-41d6-b944-d04bb5a8b025: nextIndex: updateUnconditionally 2 -> 1
2019-11-16 00:26:50,598 [grpc-default-executor-1] WARN  server.GrpcLogAppender (LogUtils.java:warn(134)) - e887c5fb-6c7f-48d0-908d-014a119bd478@group-5F246D87C751->82886741-ea2e-41d6-b944-d04bb5a8b025-AppendLogResponseHandler: Failed appendEntries: org.apache.ratis.thirdparty.io.grpc.StatusRuntimeException: UNAVAILABLE: io exception
2019-11-16 00:26:50,598 [grpc-default-executor-1] INFO  impl.FollowerInfo (FollowerInfo.java:lambda$new$0(51)) - e887c5fb-6c7f-48d0-908d-014a119bd478@group-5F246D87C751->82886741-ea2e-41d6-b944-d04bb5a8b025: nextIndex: updateUnconditionally 2 -> 1
2019-11-16 00:26:50,959 [grpc-default-executor-1] WARN  server.GrpcLogAppender (LogUtils.java:warn(134)) - 5140e110-8ff7-42a5-9b32-053ee4f24742@group-ABBA576E5246->84c9c768-243c-47db-bab4-63e35b2a41a2-AppendLogResponseHandler: Failed appendEntries: org.apache.ratis.thirdparty.io.grpc.StatusRuntimeException: UNAVAILABLE: io exception
2019-11-16 00:26:50,960 [grpc-default-executor-1] INFO  impl.FollowerInfo (FollowerInfo.java:lambda$new$0(51)) - 5140e110-8ff7-42a5-9b32-053ee4f24742@group-ABBA576E5246->84c9c768-243c-47db-bab4-63e35b2a41a2: nextIndex: updateUnconditionally 0 -> 0
2019-11-16 00:26:51,099 [grpc-default-executor-1] WARN  server.GrpcLogAppender (LogUtils.java:warn(134)) - e887c5fb-6c7f-48d0-908d-014a119bd478@group-5F246D87C751->82886741-ea2e-41d6-b944-d04bb5a8b025-AppendLogResponseHandler: Failed appendEntries: org.apache.ratis.thirdparty.io.grpc.StatusRuntimeException: UNAVAILABLE: io exception
2019-11-16 00:26:51,099 [grpc-default-executor-1] INFO  impl.FollowerInfo (FollowerInfo.java:lambda$new$0(51)) - e887c5fb-6c7f-48d0-908d-014a119bd478@group-5F246D87C751->82886741-ea2e-41d6-b944-d04bb5a8b025: nextIndex: updateUnconditionally 1 -> 0
2019-11-16 00:26:51,459 [grpc-default-executor-1] WARN  server.GrpcLogAppender (LogUtils.java:warn(134)) - 5140e110-8ff7-42a5-9b32-053ee4f24742@group-ABBA576E5246->84c9c768-243c-47db-bab4-63e35b2a41a2-AppendLogResponseHandler: Failed appendEntries: org.apache.ratis.thirdparty.io.grpc.StatusRuntimeException: UNAVAILABLE: io exception
2019-11-16 00:26:51,460 [grpc-default-executor-1] INFO  impl.FollowerInfo (FollowerInfo.java:lambda$new$0(51)) - 5140e110-8ff7-42a5-9b32-053ee4f24742@group-ABBA576E5246->84c9c768-243c-47db-bab4-63e35b2a41a2: nextIndex: updateUnconditionally 0 -> 0
2019-11-16 00:26:51,600 [grpc-default-executor-3] WARN  server.GrpcLogAppender (LogUtils.java:warn(134)) - e887c5fb-6c7f-48d0-908d-014a119bd478@group-5F246D87C751->82886741-ea2e-41d6-b944-d04bb5a8b025-AppendLogResponseHandler: Failed appendEntries: org.apache.ratis.thirdparty.io.grpc.StatusRuntimeException: UNAVAILABLE: io exception
2019-11-16 00:26:51,600 [grpc-default-executor-3] INFO  impl.FollowerInfo (FollowerInfo.java:lambda$new$0(51)) - e887c5fb-6c7f-48d0-908d-014a119bd478@group-5F246D87C751->82886741-ea2e-41d6-b944-d04bb5a8b025: nextIndex: updateUnconditionally 0 -> 0
2019-11-16 00:26:51,960 [grpc-default-executor-9] WARN  server.GrpcLogAppender (LogUtils.java:warn(134)) - 5140e110-8ff7-42a5-9b32-053ee4f24742@group-ABBA576E5246->84c9c768-243c-47db-bab4-63e35b2a41a2-AppendLogResponseHandler: Failed appendEntries: org.apache.ratis.thirdparty.io.grpc.StatusRuntimeException: UNAVAILABLE: io exception
2019-11-16 00:26:51,960 [grpc-default-executor-9] INFO  impl.FollowerInfo (FollowerInfo.java:lambda$new$0(51)) - 5140e110-8ff7-42a5-9b32-053ee4f24742@group-ABBA576E5246->84c9c768-243c-47db-bab4-63e35b2a41a2: nextIndex: updateUnconditionally 0 -> 0
2019-11-16 00:26:52,101 [grpc-default-executor-1] WARN  server.GrpcLogAppender (LogUtils.java:warn(134)) - e887c5fb-6c7f-48d0-908d-014a119bd478@group-5F246D87C751->82886741-ea2e-41d6-b944-d04bb5a8b025-AppendLogResponseHandler: Failed appendEntries: org.apache.ratis.thirdparty.io.grpc.StatusRuntimeException: UNAVAILABLE: io exception
2019-11-16 00:26:52,101 [grpc-default-executor-1] INFO  impl.FollowerInfo (FollowerInfo.java:lambda$new$0(51)) - e887c5fb-6c7f-48d0-908d-014a119bd478@group-5F246D87C751->82886741-ea2e-41d6-b944-d04bb5a8b025: nextIndex: updateUnconditionally 0 -> 0
2019-11-16 00:26:52,461 [grpc-default-executor-3] WARN  server.GrpcLogAppender (LogUtils.java:warn(134)) - 5140e110-8ff7-42a5-9b32-053ee4f24742@group-ABBA576E5246->84c9c768-243c-47db-bab4-63e35b2a41a2-AppendLogResponseHandler: Failed appendEntries: org.apache.ratis.thirdparty.io.grpc.StatusRuntimeException: UNAVAILABLE: io exception
2019-11-16 00:26:52,461 [grpc-default-executor-3] INFO  impl.FollowerInfo (FollowerInfo.java:lambda$new$0(51)) - 5140e110-8ff7-42a5-9b32-053ee4f24742@group-ABBA576E5246->84c9c768-243c-47db-bab4-63e35b2a41a2: nextIndex: updateUnconditionally 0 -> 0
2019-11-16 00:26:52,601 [grpc-default-executor-9] WARN  server.GrpcLogAppender (LogUtils.java:warn(134)) - e887c5fb-6c7f-48d0-908d-014a119bd478@group-5F246D87C751->82886741-ea2e-41d6-b944-d04bb5a8b025-AppendLogResponseHandler: Failed appendEntries: org.apache.ratis.thirdparty.io.grpc.StatusRuntimeException: UNAVAILABLE: io exception
2019-11-16 00:26:52,602 [grpc-default-executor-9] INFO  impl.FollowerInfo (FollowerInfo.java:lambda$new$0(51)) - e887c5fb-6c7f-48d0-908d-014a119bd478@group-5F246D87C751->82886741-ea2e-41d6-b944-d04bb5a8b025: nextIndex: updateUnconditionally 0 -> 0
2019-11-16 00:26:52,961 [grpc-default-executor-1] WARN  server.GrpcLogAppender (LogUtils.java:warn(134)) - 5140e110-8ff7-42a5-9b32-053ee4f24742@group-ABBA576E5246->84c9c768-243c-47db-bab4-63e35b2a41a2-AppendLogResponseHandler: Failed appendEntries: org.apache.ratis.thirdparty.io.grpc.StatusRuntimeException: UNAVAILABLE: io exception
2019-11-16 00:26:52,961 [grpc-default-executor-1] INFO  impl.FollowerInfo (FollowerInfo.java:lambda$new$0(51)) - 5140e110-8ff7-42a5-9b32-053ee4f24742@group-ABBA576E5246->84c9c768-243c-47db-bab4-63e35b2a41a2: nextIndex: updateUnconditionally 0 -> 0
2019-11-16 00:26:53,102 [grpc-default-executor-3] WARN  server.GrpcLogAppender (LogUtils.java:warn(134)) - e887c5fb-6c7f-48d0-908d-014a119bd478@group-5F246D87C751->82886741-ea2e-41d6-b944-d04bb5a8b025-AppendLogResponseHandler: Failed appendEntries: org.apache.ratis.thirdparty.io.grpc.StatusRuntimeException: UNAVAILABLE: io exception
2019-11-16 00:26:53,102 [grpc-default-executor-3] INFO  impl.FollowerInfo (FollowerInfo.java:lambda$new$0(51)) - e887c5fb-6c7f-48d0-908d-014a119bd478@group-5F246D87C751->82886741-ea2e-41d6-b944-d04bb5a8b025: nextIndex: updateUnconditionally 0 -> 0
2019-11-16 00:26:53,462 [grpc-default-executor-9] WARN  server.GrpcLogAppender (LogUtils.java:warn(134)) - 5140e110-8ff7-42a5-9b32-053ee4f24742@group-ABBA576E5246->84c9c768-243c-47db-bab4-63e35b2a41a2-AppendLogResponseHandler: Failed appendEntries: org.apache.ratis.thirdparty.io.grpc.StatusRuntimeException: UNAVAILABLE: io exception
2019-11-16 00:26:53,462 [grpc-default-executor-9] INFO  impl.FollowerInfo (FollowerInfo.java:lambda$new$0(51)) - 5140e110-8ff7-42a5-9b32-053ee4f24742@group-ABBA576E5246->84c9c768-243c-47db-bab4-63e35b2a41a2: nextIndex: updateUnconditionally 0 -> 0
2019-11-16 00:26:53,603 [grpc-default-executor-9] WARN  server.GrpcLogAppender (LogUtils.java:warn(134)) - e887c5fb-6c7f-48d0-908d-014a119bd478@group-5F246D87C751->82886741-ea2e-41d6-b944-d04bb5a8b025-AppendLogResponseHandler: Failed appendEntries: org.apache.ratis.thirdparty.io.grpc.StatusRuntimeException: UNAVAILABLE: io exception
2019-11-16 00:26:53,603 [grpc-default-executor-9] INFO  impl.FollowerInfo (FollowerInfo.java:lambda$new$0(51)) - e887c5fb-6c7f-48d0-908d-014a119bd478@group-5F246D87C751->82886741-ea2e-41d6-b944-d04bb5a8b025: nextIndex: updateUnconditionally 0 -> 0
2019-11-16 00:26:53,691 [ForkJoinPool.commonPool-worker-0] INFO  ozoneimpl.OzoneContainer (OzoneContainer.java:stop(244)) - Attempting to stop container services.
2019-11-16 00:26:53,692 [ForkJoinPool.commonPool-worker-0] INFO  impl.RaftServerProxy (RaftServerProxy.java:lambda$close$4(314)) - 5140e110-8ff7-42a5-9b32-053ee4f24742: close
2019-11-16 00:26:53,692 [ForkJoinPool.commonPool-worker-0] INFO  impl.RaftServerImpl (RaftServerImpl.java:lambda$shutdown$3(250)) - 5140e110-8ff7-42a5-9b32-053ee4f24742@group-8DF460CA0937: shutdown
2019-11-16 00:26:53,692 [ForkJoinPool.commonPool-worker-0] INFO  util.JmxRegister (JmxRegister.java:unregister(73)) - Successfully un-registered JMX Bean with object name Ratis:service=RaftServer,group=group-8DF460CA0937,id=5140e110-8ff7-42a5-9b32-053ee4f24742
2019-11-16 00:26:53,692 [ForkJoinPool.commonPool-worker-0] INFO  impl.RoleInfo (RoleInfo.java:shutdownLeaderState(104)) - 5140e110-8ff7-42a5-9b32-053ee4f24742: shutdown LeaderState
2019-11-16 00:26:53,692 [ForkJoinPool.commonPool-worker-0] INFO  impl.PendingRequests (PendingRequests.java:sendNotLeaderResponses(206)) - 5140e110-8ff7-42a5-9b32-053ee4f24742@group-8DF460CA0937-PendingRequests: sendNotLeaderResponses
2019-11-16 00:26:53,692 [ForkJoinPool.commonPool-worker-0] INFO  impl.StateMachineUpdater (StateMachineUpdater.java:stopAndJoin(136)) - 5140e110-8ff7-42a5-9b32-053ee4f24742@group-8DF460CA0937-StateMachineUpdater: set stopIndex = 0
2019-11-16 00:26:53,693 [ForkJoinPool.commonPool-worker-0] INFO  impl.RaftServerImpl (ServerState.java:close(387)) - 5140e110-8ff7-42a5-9b32-053ee4f24742@group-8DF460CA0937: closes. applyIndex: 0
2019-11-16 00:26:53,693 [5140e110-8ff7-42a5-9b32-053ee4f24742@group-8DF460CA0937-SegmentedRaftLogWorker] INFO  segmented.SegmentedRaftLogWorker (SegmentedRaftLogWorker.java:run(316)) - 5140e110-8ff7-42a5-9b32-053ee4f24742@group-8DF460CA0937-SegmentedRaftLogWorker was interrupted, exiting. There are 0 tasks remaining in the queue.
2019-11-16 00:26:53,693 [ForkJoinPool.commonPool-worker-0] INFO  segmented.SegmentedRaftLogWorker (SegmentedRaftLogWorker.java:close(224)) - 5140e110-8ff7-42a5-9b32-053ee4f24742@group-8DF460CA0937-SegmentedRaftLogWorker close()
2019-11-16 00:26:53,694 [ForkJoinPool.commonPool-worker-0] INFO  impl.RaftServerImpl (RaftServerImpl.java:lambda$shutdown$3(250)) - 5140e110-8ff7-42a5-9b32-053ee4f24742@group-ABBA576E5246: shutdown
2019-11-16 00:26:53,694 [ForkJoinPool.commonPool-worker-0] INFO  util.JmxRegister (JmxRegister.java:unregister(73)) - Successfully un-registered JMX Bean with object name Ratis:service=RaftServer,group=group-ABBA576E5246,id=5140e110-8ff7-42a5-9b32-053ee4f24742
2019-11-16 00:26:53,694 [ForkJoinPool.commonPool-worker-0] INFO  impl.RoleInfo (RoleInfo.java:shutdownLeaderState(104)) - 5140e110-8ff7-42a5-9b32-053ee4f24742: shutdown LeaderState
2019-11-16 00:26:53,697 [org.apache.ratis.server.impl.LogAppender$AppenderDaemon$$Lambda$427/371179679@40666c2e] WARN  server.GrpcLogAppender (GrpcLogAppender.java:mayWait(151)) - 5140e110-8ff7-42a5-9b32-053ee4f24742@group-ABBA576E5246->0a2d6f7b-f3b3-43fc-9f44-c893c3969faf-GrpcLogAppender: Wait interrupted by java.lang.InterruptedException
2019-11-16 00:26:53,697 [org.apache.ratis.server.impl.LogAppender$AppenderDaemon$$Lambda$427/371179679@564ea46] WARN  server.GrpcLogAppender (GrpcLogAppender.java:mayWait(151)) - 5140e110-8ff7-42a5-9b32-053ee4f24742@group-ABBA576E5246->84c9c768-243c-47db-bab4-63e35b2a41a2-GrpcLogAppender: Wait interrupted by java.lang.InterruptedException
2019-11-16 00:26:53,697 [ForkJoinPool.commonPool-worker-0] INFO  impl.PendingRequests (PendingRequests.java:sendNotLeaderResponses(206)) - 5140e110-8ff7-42a5-9b32-053ee4f24742@group-ABBA576E5246-PendingRequests: sendNotLeaderResponses
2019-11-16 00:26:53,697 [ForkJoinPool.commonPool-worker-0] INFO  impl.StateMachineUpdater (StateMachineUpdater.java:stopAndJoin(136)) - 5140e110-8ff7-42a5-9b32-053ee4f24742@group-ABBA576E5246-StateMachineUpdater: set stopIndex = 0
2019-11-16 00:26:53,697 [grpc-default-executor-9] INFO  server.GrpcServerProtocolService (GrpcServerProtocolService.java:onCompleted(113)) - 0a2d6f7b-f3b3-43fc-9f44-c893c3969faf: Completed APPEND_ENTRIES, lastRequest: 5140e110-8ff7-42a5-9b32-053ee4f24742->0a2d6f7b-f3b3-43fc-9f44-c893c3969faf#40-t1, previous=(t:1, i:0), leaderCommit=0, initializing? false, entries: <empty>
2019-11-16 00:26:53,697 [ForkJoinPool.commonPool-worker-0] INFO  impl.RaftServerImpl (ServerState.java:close(387)) - 5140e110-8ff7-42a5-9b32-053ee4f24742@group-ABBA576E5246: closes. applyIndex: 0
2019-11-16 00:26:53,698 [5140e110-8ff7-42a5-9b32-053ee4f24742@group-ABBA576E5246-SegmentedRaftLogWorker] INFO  segmented.SegmentedRaftLogWorker (SegmentedRaftLogWorker.java:run(316)) - 5140e110-8ff7-42a5-9b32-053ee4f24742@group-ABBA576E5246-SegmentedRaftLogWorker was interrupted, exiting. There are 0 tasks remaining in the queue.
2019-11-16 00:26:53,698 [grpc-default-executor-9] INFO  server.GrpcLogAppender (GrpcLogAppender.java:onCompleted(308)) - 5140e110-8ff7-42a5-9b32-053ee4f24742@group-ABBA576E5246->0a2d6f7b-f3b3-43fc-9f44-c893c3969faf-AppendLogResponseHandler: follower responses appendEntries COMPLETED
2019-11-16 00:26:53,698 [ForkJoinPool.commonPool-worker-0] INFO  segmented.SegmentedRaftLogWorker (SegmentedRaftLogWorker.java:close(224)) - 5140e110-8ff7-42a5-9b32-053ee4f24742@group-ABBA576E5246-SegmentedRaftLogWorker close()
2019-11-16 00:26:53,699 [ForkJoinPool.commonPool-worker-0] INFO  server.GrpcService (GrpcService.java:closeImpl(164)) - 5140e110-8ff7-42a5-9b32-053ee4f24742: shutdown server with port 33415 now
2019-11-16 00:26:53,699 [grpc-default-executor-9] INFO  impl.FollowerInfo (FollowerInfo.java:lambda$new$0(51)) - 5140e110-8ff7-42a5-9b32-053ee4f24742@group-ABBA576E5246->0a2d6f7b-f3b3-43fc-9f44-c893c3969faf: nextIndex: updateUnconditionally 1 -> 0
2019-11-16 00:26:53,700 [ForkJoinPool.commonPool-worker-0] INFO  server.GrpcService (GrpcService.java:closeImpl(172)) - 5140e110-8ff7-42a5-9b32-053ee4f24742: shutdown server with port 33415 successfully
2019-11-16 00:26:53,701 [refreshUsed-/workdir/hadoop-ozone/integration-test/target/test-dir/MiniOzoneClusterImpl-ec73e7b8-24c6-4197-838c-bd0443d97e1c/datanode-0/data/containers] WARN  fs.CachingGetSpaceUsed (CachingGetSpaceUsed.java:run(183)) - Thread Interrupted waiting to refresh disk information: sleep interrupted
2019-11-16 00:26:53,703 [main] INFO  ozoneimpl.OzoneContainer (OzoneContainer.java:stop(244)) - Attempting to stop container services.
2019-11-16 00:26:53,703 [main] INFO  impl.RaftServerProxy (RaftServerProxy.java:lambda$close$4(314)) - 61732ce4-b30f-4383-a457-809dbeacd402: close
2019-11-16 00:26:53,704 [main] INFO  impl.RaftServerImpl (RaftServerImpl.java:lambda$shutdown$3(250)) - 61732ce4-b30f-4383-a457-809dbeacd402@group-7FAAA8D3DFFA: shutdown
2019-11-16 00:26:53,705 [main] INFO  util.JmxRegister (JmxRegister.java:unregister(73)) - Successfully un-registered JMX Bean with object name Ratis:service=RaftServer,group=group-7FAAA8D3DFFA,id=61732ce4-b30f-4383-a457-809dbeacd402
2019-11-16 00:26:53,705 [main] INFO  impl.RoleInfo (RoleInfo.java:shutdownLeaderState(104)) - 61732ce4-b30f-4383-a457-809dbeacd402: shutdown LeaderState
2019-11-16 00:26:53,706 [main] INFO  impl.PendingRequests (PendingRequests.java:sendNotLeaderResponses(206)) - 61732ce4-b30f-4383-a457-809dbeacd402@group-7FAAA8D3DFFA-PendingRequests: sendNotLeaderResponses
2019-11-16 00:26:53,706 [main] INFO  impl.StateMachineUpdater (StateMachineUpdater.java:stopAndJoin(136)) - 61732ce4-b30f-4383-a457-809dbeacd402@group-7FAAA8D3DFFA-StateMachineUpdater: set stopIndex = 0
2019-11-16 00:26:53,706 [main] INFO  impl.RaftServerImpl (ServerState.java:close(387)) - 61732ce4-b30f-4383-a457-809dbeacd402@group-7FAAA8D3DFFA: closes. applyIndex: 0
2019-11-16 00:26:53,707 [61732ce4-b30f-4383-a457-809dbeacd402@group-7FAAA8D3DFFA-SegmentedRaftLogWorker] INFO  segmented.SegmentedRaftLogWorker (SegmentedRaftLogWorker.java:run(316)) - 61732ce4-b30f-4383-a457-809dbeacd402@group-7FAAA8D3DFFA-SegmentedRaftLogWorker was interrupted, exiting. There are 0 tasks remaining in the queue.
2019-11-16 00:26:53,707 [main] INFO  segmented.SegmentedRaftLogWorker (SegmentedRaftLogWorker.java:close(224)) - 61732ce4-b30f-4383-a457-809dbeacd402@group-7FAAA8D3DFFA-SegmentedRaftLogWorker close()
2019-11-16 00:26:53,707 [main] INFO  server.GrpcService (GrpcService.java:closeImpl(164)) - 61732ce4-b30f-4383-a457-809dbeacd402: shutdown server with port 33225 now
2019-11-16 00:26:53,709 [main] INFO  server.GrpcService (GrpcService.java:closeImpl(172)) - 61732ce4-b30f-4383-a457-809dbeacd402: shutdown server with port 33225 successfully
2019-11-16 00:26:53,710 [refreshUsed-/workdir/hadoop-ozone/integration-test/target/test-dir/MiniOzoneClusterImpl-ec73e7b8-24c6-4197-838c-bd0443d97e1c/datanode-8/data/containers] WARN  fs.CachingGetSpaceUsed (CachingGetSpaceUsed.java:run(183)) - Thread Interrupted waiting to refresh disk information: sleep interrupted
2019-11-16 00:26:53,720 [ForkJoinPool.commonPool-worker-0] INFO  utils.BackgroundService (BackgroundService.java:shutdown(151)) - Shutting down service BlockDeletingService
2019-11-16 00:26:53,722 [ForkJoinPool.commonPool-worker-0] INFO  statemachine.DatanodeStateMachine (DatanodeStateMachine.java:stopDaemon(400)) - Ozone container server stopped.
2019-11-16 00:26:53,733 [ForkJoinPool.commonPool-worker-0] INFO  handler.ContextHandler (ContextHandler.java:doStop(910)) - Stopped o.e.j.w.WebAppContext@23e61112{/,null,UNAVAILABLE}{/hddsDatanode}
2019-11-16 00:26:53,733 [main] INFO  utils.BackgroundService (BackgroundService.java:shutdown(151)) - Shutting down service BlockDeletingService
2019-11-16 00:26:53,734 [ForkJoinPool.commonPool-worker-0] INFO  server.AbstractConnector (AbstractConnector.java:doStop(318)) - Stopped ServerConnector@58a7dc4{HTTP/1.1,[http/1.1]}{0.0.0.0:0}
2019-11-16 00:26:53,734 [main] INFO  statemachine.DatanodeStateMachine (DatanodeStateMachine.java:stopDaemon(400)) - Ozone container server stopped.
2019-11-16 00:26:53,735 [ForkJoinPool.commonPool-worker-0] INFO  handler.ContextHandler (ContextHandler.java:doStop(910)) - Stopped o.e.j.s.ServletContextHandler@404ced67{/static,jar:file:/home/user/.m2/repository/org/apache/hadoop/hadoop-hdds-container-service/0.5.0-SNAPSHOT/hadoop-hdds-container-service-0.5.0-SNAPSHOT.jar!/webapps/static,UNAVAILABLE}
2019-11-16 00:26:53,736 [ForkJoinPool.commonPool-worker-0] INFO  handler.ContextHandler (ContextHandler.java:doStop(910)) - Stopped o.e.j.s.ServletContextHandler@61d60e38{/logs,file:///workdir/hadoop-ozone/integration-test/target/log,UNAVAILABLE}
2019-11-16 00:26:53,736 [main] INFO  handler.ContextHandler (ContextHandler.java:doStop(910)) - Stopped o.e.j.w.WebAppContext@4e48462d{/,null,UNAVAILABLE}{/hddsDatanode}
2019-11-16 00:26:53,737 [main] INFO  server.AbstractConnector (AbstractConnector.java:doStop(318)) - Stopped ServerConnector@17216605{HTTP/1.1,[http/1.1]}{0.0.0.0:0}
2019-11-16 00:26:53,737 [main] INFO  handler.ContextHandler (ContextHandler.java:doStop(910)) - Stopped o.e.j.s.ServletContextHandler@2b441e56{/static,jar:file:/home/user/.m2/repository/org/apache/hadoop/hadoop-hdds-container-service/0.5.0-SNAPSHOT/hadoop-hdds-container-service-0.5.0-SNAPSHOT.jar!/webapps/static,UNAVAILABLE}
2019-11-16 00:26:53,737 [main] INFO  handler.ContextHandler (ContextHandler.java:doStop(910)) - Stopped o.e.j.s.ServletContextHandler@54326e9{/logs,file:///workdir/hadoop-ozone/integration-test/target/log,UNAVAILABLE}
2019-11-16 00:26:53,954 [Datanode State Machine Thread - 0] INFO  statemachine.DatanodeStateMachine (DatanodeStateMachine.java:lambda$startDaemon$0(355)) - Ozone container server started.
2019-11-16 00:26:54,103 [grpc-default-executor-9] WARN  server.GrpcLogAppender (LogUtils.java:warn(134)) - e887c5fb-6c7f-48d0-908d-014a119bd478@group-5F246D87C751->82886741-ea2e-41d6-b944-d04bb5a8b025-AppendLogResponseHandler: Failed appendEntries: org.apache.ratis.thirdparty.io.grpc.StatusRuntimeException: UNAVAILABLE: io exception
2019-11-16 00:26:54,104 [grpc-default-executor-9] INFO  impl.FollowerInfo (FollowerInfo.java:lambda$new$0(51)) - e887c5fb-6c7f-48d0-908d-014a119bd478@group-5F246D87C751->82886741-ea2e-41d6-b944-d04bb5a8b025: nextIndex: updateUnconditionally 0 -> 0
2019-11-16 00:26:54,380 [Datanode State Machine Thread - 0] INFO  statemachine.DatanodeStateMachine (DatanodeStateMachine.java:lambda$startDaemon$0(355)) - Ozone container server started.
2019-11-16 00:26:54,604 [grpc-default-executor-1] WARN  server.GrpcLogAppender (LogUtils.java:warn(134)) - e887c5fb-6c7f-48d0-908d-014a119bd478@group-5F246D87C751->82886741-ea2e-41d6-b944-d04bb5a8b025-AppendLogResponseHandler: Failed appendEntries: org.apache.ratis.thirdparty.io.grpc.StatusRuntimeException: UNAVAILABLE: io exception
2019-11-16 00:26:54,605 [grpc-default-executor-1] INFO  impl.FollowerInfo (FollowerInfo.java:lambda$new$0(51)) - e887c5fb-6c7f-48d0-908d-014a119bd478@group-5F246D87C751->82886741-ea2e-41d6-b944-d04bb5a8b025: nextIndex: updateUnconditionally 0 -> 0
2019-11-16 00:26:54,743 [Thread-4331] INFO  impl.FollowerState (FollowerState.java:run(111)) - 0a2d6f7b-f3b3-43fc-9f44-c893c3969faf@group-ABBA576E5246-FollowerState: change to CANDIDATE, lastRpcTime:1263ms, electionTimeout:1108ms
2019-11-16 00:26:54,743 [Thread-4331] INFO  impl.RoleInfo (RoleInfo.java:shutdownFollowerState(121)) - 0a2d6f7b-f3b3-43fc-9f44-c893c3969faf: shutdown FollowerState
2019-11-16 00:26:54,744 [Thread-4331] INFO  impl.RaftServerImpl (RaftServerImpl.java:setRole(173)) - 0a2d6f7b-f3b3-43fc-9f44-c893c3969faf@group-ABBA576E5246: changes role from  FOLLOWER to CANDIDATE at term 1 for changeToCandidate
2019-11-16 00:26:54,744 [Thread-4331] INFO  impl.RoleInfo (RoleInfo.java:updateAndGet(143)) - 0a2d6f7b-f3b3-43fc-9f44-c893c3969faf: start LeaderElection
2019-11-16 00:26:54,744 [0a2d6f7b-f3b3-43fc-9f44-c893c3969faf@group-ABBA576E5246-LeaderElection188] INFO  impl.RaftServerImpl (ServerState.java:setLeader(255)) - 0a2d6f7b-f3b3-43fc-9f44-c893c3969faf@group-ABBA576E5246: change Leader from 5140e110-8ff7-42a5-9b32-053ee4f24742 to null at term 1 for initElection
2019-11-16 00:26:54,758 [0a2d6f7b-f3b3-43fc-9f44-c893c3969faf@group-ABBA576E5246-LeaderElection188] INFO  impl.LeaderElection (LeaderElection.java:askForVotes(178)) - 0a2d6f7b-f3b3-43fc-9f44-c893c3969faf@group-ABBA576E5246-LeaderElection188: begin an election at term 2 for 0: [5140e110-8ff7-42a5-9b32-053ee4f24742:192.168.69.79:33415, 0a2d6f7b-f3b3-43fc-9f44-c893c3969faf:192.168.69.79:34899, 84c9c768-243c-47db-bab4-63e35b2a41a2:192.168.69.79:38689], old=null
2019-11-16 00:26:54,761 [0a2d6f7b-f3b3-43fc-9f44-c893c3969faf@group-ABBA576E5246-LeaderElection188] INFO  impl.LeaderElection (LogUtils.java:infoOrTrace(149)) - 0a2d6f7b-f3b3-43fc-9f44-c893c3969faf@group-ABBA576E5246-LeaderElection188 got exception when requesting votes: {}
java.util.concurrent.ExecutionException: org.apache.ratis.thirdparty.io.grpc.StatusRuntimeException: UNAVAILABLE: io exception
	at java.util.concurrent.FutureTask.report(FutureTask.java:122)
	at java.util.concurrent.FutureTask.get(FutureTask.java:192)
	at org.apache.ratis.server.impl.LeaderElection.waitForResults(LeaderElection.java:259)
	at org.apache.ratis.server.impl.LeaderElection.askForVotes(LeaderElection.java:197)
	at org.apache.ratis.server.impl.LeaderElection.run(LeaderElection.java:133)
	at java.lang.Thread.run(Thread.java:748)
Caused by: org.apache.ratis.thirdparty.io.grpc.StatusRuntimeException: UNAVAILABLE: io exception
	at org.apache.ratis.thirdparty.io.grpc.stub.ClientCalls.toStatusRuntimeException(ClientCalls.java:233)
	at org.apache.ratis.thirdparty.io.grpc.stub.ClientCalls.getUnchecked(ClientCalls.java:214)
	at org.apache.ratis.thirdparty.io.grpc.stub.ClientCalls.blockingUnaryCall(ClientCalls.java:139)
	at org.apache.ratis.proto.grpc.RaftServerProtocolServiceGrpc$RaftServerProtocolServiceBlockingStub.requestVote(RaftServerProtocolServiceGrpc.java:265)
	at org.apache.ratis.grpc.server.GrpcServerProtocolClient.requestVote(GrpcServerProtocolClient.java:99)
	at org.apache.ratis.grpc.server.GrpcService.requestVote(GrpcService.java:204)
	at org.apache.ratis.server.impl.LeaderElection.lambda$submitRequests$1(LeaderElection.java:234)
	at java.util.concurrent.FutureTask.run(FutureTask.java:266)
	at java.util.concurrent.Executors$RunnableAdapter.call(Executors.java:511)
	at java.util.concurrent.FutureTask.run(FutureTask.java:266)
	at java.util.concurrent.ThreadPoolExecutor.runWorker(ThreadPoolExecutor.java:1149)
	at java.util.concurrent.ThreadPoolExecutor$Worker.run(ThreadPoolExecutor.java:624)
	... 1 more
Caused by: org.apache.ratis.thirdparty.io.netty.channel.AbstractChannel$AnnotatedConnectException: Connection refused: /192.168.69.79:33415
	at sun.nio.ch.SocketChannelImpl.checkConnect(Native Method)
	at sun.nio.ch.SocketChannelImpl.finishConnect(SocketChannelImpl.java:717)
	at org.apache.ratis.thirdparty.io.netty.channel.socket.nio.NioSocketChannel.doFinishConnect(NioSocketChannel.java:327)
	at org.apache.ratis.thirdparty.io.netty.channel.nio.AbstractNioChannel$AbstractNioUnsafe.finishConnect(AbstractNioChannel.java:340)
	at org.apache.ratis.thirdparty.io.netty.channel.nio.NioEventLoop.processSelectedKey(NioEventLoop.java:632)
	at org.apache.ratis.thirdparty.io.netty.channel.nio.NioEventLoop.processSelectedKeysOptimized(NioEventLoop.java:579)
	at org.apache.ratis.thirdparty.io.netty.channel.nio.NioEventLoop.processSelectedKeys(NioEventLoop.java:496)
	at org.apache.ratis.thirdparty.io.netty.channel.nio.NioEventLoop.run(NioEventLoop.java:458)
	at org.apache.ratis.thirdparty.io.netty.util.concurrent.SingleThreadEventExecutor$5.run(SingleThreadEventExecutor.java:897)
	at org.apache.ratis.thirdparty.io.netty.util.concurrent.FastThreadLocalRunnable.run(FastThreadLocalRunnable.java:30)
	... 1 more
Caused by: java.net.ConnectException: Connection refused
	... 11 more
2019-11-16 00:26:54,761 [0a2d6f7b-f3b3-43fc-9f44-c893c3969faf@group-ABBA576E5246-LeaderElection188] INFO  impl.LeaderElection (LogUtils.java:infoOrTrace(149)) - 0a2d6f7b-f3b3-43fc-9f44-c893c3969faf@group-ABBA576E5246-LeaderElection188 got exception when requesting votes: {}
java.util.concurrent.ExecutionException: org.apache.ratis.thirdparty.io.grpc.StatusRuntimeException: UNAVAILABLE: io exception
	at java.util.concurrent.FutureTask.report(FutureTask.java:122)
	at java.util.concurrent.FutureTask.get(FutureTask.java:192)
	at org.apache.ratis.server.impl.LeaderElection.waitForResults(LeaderElection.java:259)
	at org.apache.ratis.server.impl.LeaderElection.askForVotes(LeaderElection.java:197)
	at org.apache.ratis.server.impl.LeaderElection.run(LeaderElection.java:133)
	at java.lang.Thread.run(Thread.java:748)
Caused by: org.apache.ratis.thirdparty.io.grpc.StatusRuntimeException: UNAVAILABLE: io exception
	at org.apache.ratis.thirdparty.io.grpc.stub.ClientCalls.toStatusRuntimeException(ClientCalls.java:233)
	at org.apache.ratis.thirdparty.io.grpc.stub.ClientCalls.getUnchecked(ClientCalls.java:214)
	at org.apache.ratis.thirdparty.io.grpc.stub.ClientCalls.blockingUnaryCall(ClientCalls.java:139)
	at org.apache.ratis.proto.grpc.RaftServerProtocolServiceGrpc$RaftServerProtocolServiceBlockingStub.requestVote(RaftServerProtocolServiceGrpc.java:265)
	at org.apache.ratis.grpc.server.GrpcServerProtocolClient.requestVote(GrpcServerProtocolClient.java:99)
	at org.apache.ratis.grpc.server.GrpcService.requestVote(GrpcService.java:204)
	at org.apache.ratis.server.impl.LeaderElection.lambda$submitRequests$1(LeaderElection.java:234)
	at java.util.concurrent.FutureTask.run(FutureTask.java:266)
	at java.util.concurrent.Executors$RunnableAdapter.call(Executors.java:511)
	at java.util.concurrent.FutureTask.run(FutureTask.java:266)
	at java.util.concurrent.ThreadPoolExecutor.runWorker(ThreadPoolExecutor.java:1149)
	at java.util.concurrent.ThreadPoolExecutor$Worker.run(ThreadPoolExecutor.java:624)
	... 1 more
Caused by: org.apache.ratis.thirdparty.io.netty.channel.AbstractChannel$AnnotatedConnectException: Connection refused: /192.168.69.79:38689
	at sun.nio.ch.SocketChannelImpl.checkConnect(Native Method)
	at sun.nio.ch.SocketChannelImpl.finishConnect(SocketChannelImpl.java:717)
	at org.apache.ratis.thirdparty.io.netty.channel.socket.nio.NioSocketChannel.doFinishConnect(NioSocketChannel.java:327)
	at org.apache.ratis.thirdparty.io.netty.channel.nio.AbstractNioChannel$AbstractNioUnsafe.finishConnect(AbstractNioChannel.java:340)
	at org.apache.ratis.thirdparty.io.netty.channel.nio.NioEventLoop.processSelectedKey(NioEventLoop.java:632)
	at org.apache.ratis.thirdparty.io.netty.channel.nio.NioEventLoop.processSelectedKeysOptimized(NioEventLoop.java:579)
	at org.apache.ratis.thirdparty.io.netty.channel.nio.NioEventLoop.processSelectedKeys(NioEventLoop.java:496)
	at org.apache.ratis.thirdparty.io.netty.channel.nio.NioEventLoop.run(NioEventLoop.java:458)
	at org.apache.ratis.thirdparty.io.netty.util.concurrent.SingleThreadEventExecutor$5.run(SingleThreadEventExecutor.java:897)
	at org.apache.ratis.thirdparty.io.netty.util.concurrent.FastThreadLocalRunnable.run(FastThreadLocalRunnable.java:30)
	... 1 more
Caused by: java.net.ConnectException: Connection refused
	... 11 more
2019-11-16 00:26:54,762 [0a2d6f7b-f3b3-43fc-9f44-c893c3969faf@group-ABBA576E5246-LeaderElection188] INFO  impl.LeaderElection (LeaderElection.java:logAndReturn(56)) - 0a2d6f7b-f3b3-43fc-9f44-c893c3969faf@group-ABBA576E5246-LeaderElection188: Election REJECTED; received 0 response(s) [] and 2 exception(s); 0a2d6f7b-f3b3-43fc-9f44-c893c3969faf@group-ABBA576E5246:t2, leader=null, voted=0a2d6f7b-f3b3-43fc-9f44-c893c3969faf, raftlog=0a2d6f7b-f3b3-43fc-9f44-c893c3969faf@group-ABBA576E5246-SegmentedRaftLog:OPENED:c0,f0,i0, conf=0: [5140e110-8ff7-42a5-9b32-053ee4f24742:192.168.69.79:33415, 0a2d6f7b-f3b3-43fc-9f44-c893c3969faf:192.168.69.79:34899, 84c9c768-243c-47db-bab4-63e35b2a41a2:192.168.69.79:38689], old=null
2019-11-16 00:26:54,762 [0a2d6f7b-f3b3-43fc-9f44-c893c3969faf@group-ABBA576E5246-LeaderElection188] INFO  impl.LeaderElection (LogUtils.java:infoOrTrace(149)) -   Exception 0: {}
java.util.concurrent.ExecutionException: org.apache.ratis.thirdparty.io.grpc.StatusRuntimeException: UNAVAILABLE: io exception
	at java.util.concurrent.FutureTask.report(FutureTask.java:122)
	at java.util.concurrent.FutureTask.get(FutureTask.java:192)
	at org.apache.ratis.server.impl.LeaderElection.waitForResults(LeaderElection.java:259)
	at org.apache.ratis.server.impl.LeaderElection.askForVotes(LeaderElection.java:197)
	at org.apache.ratis.server.impl.LeaderElection.run(LeaderElection.java:133)
	at java.lang.Thread.run(Thread.java:748)
Caused by: org.apache.ratis.thirdparty.io.grpc.StatusRuntimeException: UNAVAILABLE: io exception
	at org.apache.ratis.thirdparty.io.grpc.stub.ClientCalls.toStatusRuntimeException(ClientCalls.java:233)
	at org.apache.ratis.thirdparty.io.grpc.stub.ClientCalls.getUnchecked(ClientCalls.java:214)
	at org.apache.ratis.thirdparty.io.grpc.stub.ClientCalls.blockingUnaryCall(ClientCalls.java:139)
	at org.apache.ratis.proto.grpc.RaftServerProtocolServiceGrpc$RaftServerProtocolServiceBlockingStub.requestVote(RaftServerProtocolServiceGrpc.java:265)
	at org.apache.ratis.grpc.server.GrpcServerProtocolClient.requestVote(GrpcServerProtocolClient.java:99)
	at org.apache.ratis.grpc.server.GrpcService.requestVote(GrpcService.java:204)
	at org.apache.ratis.server.impl.LeaderElection.lambda$submitRequests$1(LeaderElection.java:234)
	at java.util.concurrent.FutureTask.run(FutureTask.java:266)
	at java.util.concurrent.Executors$RunnableAdapter.call(Executors.java:511)
	at java.util.concurrent.FutureTask.run(FutureTask.java:266)
	at java.util.concurrent.ThreadPoolExecutor.runWorker(ThreadPoolExecutor.java:1149)
	at java.util.concurrent.ThreadPoolExecutor$Worker.run(ThreadPoolExecutor.java:624)
	... 1 more
Caused by: org.apache.ratis.thirdparty.io.netty.channel.AbstractChannel$AnnotatedConnectException: Connection refused: /192.168.69.79:33415
	at sun.nio.ch.SocketChannelImpl.checkConnect(Native Method)
	at sun.nio.ch.SocketChannelImpl.finishConnect(SocketChannelImpl.java:717)
	at org.apache.ratis.thirdparty.io.netty.channel.socket.nio.NioSocketChannel.doFinishConnect(NioSocketChannel.java:327)
	at org.apache.ratis.thirdparty.io.netty.channel.nio.AbstractNioChannel$AbstractNioUnsafe.finishConnect(AbstractNioChannel.java:340)
	at org.apache.ratis.thirdparty.io.netty.channel.nio.NioEventLoop.processSelectedKey(NioEventLoop.java:632)
	at org.apache.ratis.thirdparty.io.netty.channel.nio.NioEventLoop.processSelectedKeysOptimized(NioEventLoop.java:579)
	at org.apache.ratis.thirdparty.io.netty.channel.nio.NioEventLoop.processSelectedKeys(NioEventLoop.java:496)
	at org.apache.ratis.thirdparty.io.netty.channel.nio.NioEventLoop.run(NioEventLoop.java:458)
	at org.apache.ratis.thirdparty.io.netty.util.concurrent.SingleThreadEventExecutor$5.run(SingleThreadEventExecutor.java:897)
	at org.apache.ratis.thirdparty.io.netty.util.concurrent.FastThreadLocalRunnable.run(FastThreadLocalRunnable.java:30)
	... 1 more
Caused by: java.net.ConnectException: Connection refused
	... 11 more
2019-11-16 00:26:54,763 [0a2d6f7b-f3b3-43fc-9f44-c893c3969faf@group-ABBA576E5246-LeaderElection188] INFO  impl.LeaderElection (LogUtils.java:infoOrTrace(149)) -   Exception 1: {}
java.util.concurrent.ExecutionException: org.apache.ratis.thirdparty.io.grpc.StatusRuntimeException: UNAVAILABLE: io exception
	at java.util.concurrent.FutureTask.report(FutureTask.java:122)
	at java.util.concurrent.FutureTask.get(FutureTask.java:192)
	at org.apache.ratis.server.impl.LeaderElection.waitForResults(LeaderElection.java:259)
	at org.apache.ratis.server.impl.LeaderElection.askForVotes(LeaderElection.java:197)
	at org.apache.ratis.server.impl.LeaderElection.run(LeaderElection.java:133)
	at java.lang.Thread.run(Thread.java:748)
Caused by: org.apache.ratis.thirdparty.io.grpc.StatusRuntimeException: UNAVAILABLE: io exception
	at org.apache.ratis.thirdparty.io.grpc.stub.ClientCalls.toStatusRuntimeException(ClientCalls.java:233)
	at org.apache.ratis.thirdparty.io.grpc.stub.ClientCalls.getUnchecked(ClientCalls.java:214)
	at org.apache.ratis.thirdparty.io.grpc.stub.ClientCalls.blockingUnaryCall(ClientCalls.java:139)
	at org.apache.ratis.proto.grpc.RaftServerProtocolServiceGrpc$RaftServerProtocolServiceBlockingStub.requestVote(RaftServerProtocolServiceGrpc.java:265)
	at org.apache.ratis.grpc.server.GrpcServerProtocolClient.requestVote(GrpcServerProtocolClient.java:99)
	at org.apache.ratis.grpc.server.GrpcService.requestVote(GrpcService.java:204)
	at org.apache.ratis.server.impl.LeaderElection.lambda$submitRequests$1(LeaderElection.java:234)
	at java.util.concurrent.FutureTask.run(FutureTask.java:266)
	at java.util.concurrent.Executors$RunnableAdapter.call(Executors.java:511)
	at java.util.concurrent.FutureTask.run(FutureTask.java:266)
	at java.util.concurrent.ThreadPoolExecutor.runWorker(ThreadPoolExecutor.java:1149)
	at java.util.concurrent.ThreadPoolExecutor$Worker.run(ThreadPoolExecutor.java:624)
	... 1 more
Caused by: org.apache.ratis.thirdparty.io.netty.channel.AbstractChannel$AnnotatedConnectException: Connection refused: /192.168.69.79:38689
	at sun.nio.ch.SocketChannelImpl.checkConnect(Native Method)
	at sun.nio.ch.SocketChannelImpl.finishConnect(SocketChannelImpl.java:717)
	at org.apache.ratis.thirdparty.io.netty.channel.socket.nio.NioSocketChannel.doFinishConnect(NioSocketChannel.java:327)
	at org.apache.ratis.thirdparty.io.netty.channel.nio.AbstractNioChannel$AbstractNioUnsafe.finishConnect(AbstractNioChannel.java:340)
	at org.apache.ratis.thirdparty.io.netty.channel.nio.NioEventLoop.processSelectedKey(NioEventLoop.java:632)
	at org.apache.ratis.thirdparty.io.netty.channel.nio.NioEventLoop.processSelectedKeysOptimized(NioEventLoop.java:579)
	at org.apache.ratis.thirdparty.io.netty.channel.nio.NioEventLoop.processSelectedKeys(NioEventLoop.java:496)
	at org.apache.ratis.thirdparty.io.netty.channel.nio.NioEventLoop.run(NioEventLoop.java:458)
	at org.apache.ratis.thirdparty.io.netty.util.concurrent.SingleThreadEventExecutor$5.run(SingleThreadEventExecutor.java:897)
	at org.apache.ratis.thirdparty.io.netty.util.concurrent.FastThreadLocalRunnable.run(FastThreadLocalRunnable.java:30)
	... 1 more
Caused by: java.net.ConnectException: Connection refused
	... 11 more
2019-11-16 00:26:54,763 [0a2d6f7b-f3b3-43fc-9f44-c893c3969faf@group-ABBA576E5246-LeaderElection188] INFO  impl.RaftServerImpl (RaftServerImpl.java:setRole(173)) - 0a2d6f7b-f3b3-43fc-9f44-c893c3969faf@group-ABBA576E5246: changes role from CANDIDATE to FOLLOWER at term 2 for DISCOVERED_A_NEW_TERM
2019-11-16 00:26:54,763 [0a2d6f7b-f3b3-43fc-9f44-c893c3969faf@group-ABBA576E5246-LeaderElection188] INFO  impl.RoleInfo (RoleInfo.java:shutdownLeaderElection(134)) - 0a2d6f7b-f3b3-43fc-9f44-c893c3969faf: shutdown LeaderElection
2019-11-16 00:26:54,764 [0a2d6f7b-f3b3-43fc-9f44-c893c3969faf@group-ABBA576E5246-LeaderElection188] INFO  impl.RoleInfo (RoleInfo.java:updateAndGet(143)) - 0a2d6f7b-f3b3-43fc-9f44-c893c3969faf: start FollowerState
2019-11-16 00:26:55,105 [grpc-default-executor-9] WARN  server.GrpcLogAppender (LogUtils.java:warn(134)) - e887c5fb-6c7f-48d0-908d-014a119bd478@group-5F246D87C751->82886741-ea2e-41d6-b944-d04bb5a8b025-AppendLogResponseHandler: Failed appendEntries: org.apache.ratis.thirdparty.io.grpc.StatusRuntimeException: UNAVAILABLE: io exception
2019-11-16 00:26:55,105 [grpc-default-executor-9] INFO  impl.FollowerInfo (FollowerInfo.java:lambda$new$0(51)) - e887c5fb-6c7f-48d0-908d-014a119bd478@group-5F246D87C751->82886741-ea2e-41d6-b944-d04bb5a8b025: nextIndex: updateUnconditionally 0 -> 0
2019-11-16 00:26:55,605 [grpc-default-executor-3] WARN  server.GrpcLogAppender (LogUtils.java:warn(134)) - e887c5fb-6c7f-48d0-908d-014a119bd478@group-5F246D87C751->82886741-ea2e-41d6-b944-d04bb5a8b025-AppendLogResponseHandler: Failed appendEntries: org.apache.ratis.thirdparty.io.grpc.StatusRuntimeException: UNAVAILABLE: io exception
2019-11-16 00:26:55,606 [grpc-default-executor-3] INFO  impl.FollowerInfo (FollowerInfo.java:lambda$new$0(51)) - e887c5fb-6c7f-48d0-908d-014a119bd478@group-5F246D87C751->82886741-ea2e-41d6-b944-d04bb5a8b025: nextIndex: updateUnconditionally 0 -> 0
2019-11-16 00:26:55,776 [Thread-4563] INFO  impl.FollowerState (FollowerState.java:run(111)) - 0a2d6f7b-f3b3-43fc-9f44-c893c3969faf@group-ABBA576E5246-FollowerState: change to CANDIDATE, lastRpcTime:1012ms, electionTimeout:1012ms
2019-11-16 00:26:55,776 [Thread-4563] INFO  impl.RoleInfo (RoleInfo.java:shutdownFollowerState(121)) - 0a2d6f7b-f3b3-43fc-9f44-c893c3969faf: shutdown FollowerState
2019-11-16 00:26:55,777 [Thread-4563] INFO  impl.RaftServerImpl (RaftServerImpl.java:setRole(173)) - 0a2d6f7b-f3b3-43fc-9f44-c893c3969faf@group-ABBA576E5246: changes role from  FOLLOWER to CANDIDATE at term 2 for changeToCandidate
2019-11-16 00:26:55,777 [Thread-4563] INFO  impl.RoleInfo (RoleInfo.java:updateAndGet(143)) - 0a2d6f7b-f3b3-43fc-9f44-c893c3969faf: start LeaderElection
2019-11-16 00:26:55,791 [0a2d6f7b-f3b3-43fc-9f44-c893c3969faf@group-ABBA576E5246-LeaderElection189] INFO  impl.LeaderElection (LeaderElection.java:askForVotes(178)) - 0a2d6f7b-f3b3-43fc-9f44-c893c3969faf@group-ABBA576E5246-LeaderElection189: begin an election at term 3 for 0: [5140e110-8ff7-42a5-9b32-053ee4f24742:192.168.69.79:33415, 0a2d6f7b-f3b3-43fc-9f44-c893c3969faf:192.168.69.79:34899, 84c9c768-243c-47db-bab4-63e35b2a41a2:192.168.69.79:38689], old=null
2019-11-16 00:26:55,792 [0a2d6f7b-f3b3-43fc-9f44-c893c3969faf@group-ABBA576E5246-LeaderElection189] INFO  impl.LeaderElection (LogUtils.java:infoOrTrace(149)) - 0a2d6f7b-f3b3-43fc-9f44-c893c3969faf@group-ABBA576E5246-LeaderElection189 got exception when requesting votes: {}
java.util.concurrent.ExecutionException: org.apache.ratis.thirdparty.io.grpc.StatusRuntimeException: UNAVAILABLE: io exception
	at java.util.concurrent.FutureTask.report(FutureTask.java:122)
	at java.util.concurrent.FutureTask.get(FutureTask.java:192)
	at org.apache.ratis.server.impl.LeaderElection.waitForResults(LeaderElection.java:259)
	at org.apache.ratis.server.impl.LeaderElection.askForVotes(LeaderElection.java:197)
	at org.apache.ratis.server.impl.LeaderElection.run(LeaderElection.java:133)
	at java.lang.Thread.run(Thread.java:748)
Caused by: org.apache.ratis.thirdparty.io.grpc.StatusRuntimeException: UNAVAILABLE: io exception
	at org.apache.ratis.thirdparty.io.grpc.stub.ClientCalls.toStatusRuntimeException(ClientCalls.java:233)
	at org.apache.ratis.thirdparty.io.grpc.stub.ClientCalls.getUnchecked(ClientCalls.java:214)
	at org.apache.ratis.thirdparty.io.grpc.stub.ClientCalls.blockingUnaryCall(ClientCalls.java:139)
	at org.apache.ratis.proto.grpc.RaftServerProtocolServiceGrpc$RaftServerProtocolServiceBlockingStub.requestVote(RaftServerProtocolServiceGrpc.java:265)
	at org.apache.ratis.grpc.server.GrpcServerProtocolClient.requestVote(GrpcServerProtocolClient.java:99)
	at org.apache.ratis.grpc.server.GrpcService.requestVote(GrpcService.java:204)
	at org.apache.ratis.server.impl.LeaderElection.lambda$submitRequests$1(LeaderElection.java:234)
	at java.util.concurrent.FutureTask.run(FutureTask.java:266)
	at java.util.concurrent.Executors$RunnableAdapter.call(Executors.java:511)
	at java.util.concurrent.FutureTask.run(FutureTask.java:266)
	at java.util.concurrent.ThreadPoolExecutor.runWorker(ThreadPoolExecutor.java:1149)
	at java.util.concurrent.ThreadPoolExecutor$Worker.run(ThreadPoolExecutor.java:624)
	... 1 more
Caused by: org.apache.ratis.thirdparty.io.netty.channel.AbstractChannel$AnnotatedConnectException: Connection refused: /192.168.69.79:33415
	at sun.nio.ch.SocketChannelImpl.checkConnect(Native Method)
	at sun.nio.ch.SocketChannelImpl.finishConnect(SocketChannelImpl.java:717)
	at org.apache.ratis.thirdparty.io.netty.channel.socket.nio.NioSocketChannel.doFinishConnect(NioSocketChannel.java:327)
	at org.apache.ratis.thirdparty.io.netty.channel.nio.AbstractNioChannel$AbstractNioUnsafe.finishConnect(AbstractNioChannel.java:340)
	at org.apache.ratis.thirdparty.io.netty.channel.nio.NioEventLoop.processSelectedKey(NioEventLoop.java:632)
	at org.apache.ratis.thirdparty.io.netty.channel.nio.NioEventLoop.processSelectedKeysOptimized(NioEventLoop.java:579)
	at org.apache.ratis.thirdparty.io.netty.channel.nio.NioEventLoop.processSelectedKeys(NioEventLoop.java:496)
	at org.apache.ratis.thirdparty.io.netty.channel.nio.NioEventLoop.run(NioEventLoop.java:458)
	at org.apache.ratis.thirdparty.io.netty.util.concurrent.SingleThreadEventExecutor$5.run(SingleThreadEventExecutor.java:897)
	at org.apache.ratis.thirdparty.io.netty.util.concurrent.FastThreadLocalRunnable.run(FastThreadLocalRunnable.java:30)
	... 1 more
Caused by: java.net.ConnectException: Connection refused
	... 11 more
2019-11-16 00:26:55,792 [0a2d6f7b-f3b3-43fc-9f44-c893c3969faf@group-ABBA576E5246-LeaderElection189] INFO  impl.LeaderElection (LogUtils.java:infoOrTrace(149)) - 0a2d6f7b-f3b3-43fc-9f44-c893c3969faf@group-ABBA576E5246-LeaderElection189 got exception when requesting votes: {}
java.util.concurrent.ExecutionException: org.apache.ratis.thirdparty.io.grpc.StatusRuntimeException: UNAVAILABLE: io exception
	at java.util.concurrent.FutureTask.report(FutureTask.java:122)
	at java.util.concurrent.FutureTask.get(FutureTask.java:192)
	at org.apache.ratis.server.impl.LeaderElection.waitForResults(LeaderElection.java:259)
	at org.apache.ratis.server.impl.LeaderElection.askForVotes(LeaderElection.java:197)
	at org.apache.ratis.server.impl.LeaderElection.run(LeaderElection.java:133)
	at java.lang.Thread.run(Thread.java:748)
Caused by: org.apache.ratis.thirdparty.io.grpc.StatusRuntimeException: UNAVAILABLE: io exception
	at org.apache.ratis.thirdparty.io.grpc.stub.ClientCalls.toStatusRuntimeException(ClientCalls.java:233)
	at org.apache.ratis.thirdparty.io.grpc.stub.ClientCalls.getUnchecked(ClientCalls.java:214)
	at org.apache.ratis.thirdparty.io.grpc.stub.ClientCalls.blockingUnaryCall(ClientCalls.java:139)
	at org.apache.ratis.proto.grpc.RaftServerProtocolServiceGrpc$RaftServerProtocolServiceBlockingStub.requestVote(RaftServerProtocolServiceGrpc.java:265)
	at org.apache.ratis.grpc.server.GrpcServerProtocolClient.requestVote(GrpcServerProtocolClient.java:99)
	at org.apache.ratis.grpc.server.GrpcService.requestVote(GrpcService.java:204)
	at org.apache.ratis.server.impl.LeaderElection.lambda$submitRequests$1(LeaderElection.java:234)
	at java.util.concurrent.FutureTask.run(FutureTask.java:266)
	at java.util.concurrent.Executors$RunnableAdapter.call(Executors.java:511)
	at java.util.concurrent.FutureTask.run(FutureTask.java:266)
	at java.util.concurrent.ThreadPoolExecutor.runWorker(ThreadPoolExecutor.java:1149)
	at java.util.concurrent.ThreadPoolExecutor$Worker.run(ThreadPoolExecutor.java:624)
	... 1 more
Caused by: org.apache.ratis.thirdparty.io.netty.channel.AbstractChannel$AnnotatedConnectException: Connection refused: /192.168.69.79:38689
	at sun.nio.ch.SocketChannelImpl.checkConnect(Native Method)
	at sun.nio.ch.SocketChannelImpl.finishConnect(SocketChannelImpl.java:717)
	at org.apache.ratis.thirdparty.io.netty.channel.socket.nio.NioSocketChannel.doFinishConnect(NioSocketChannel.java:327)
	at org.apache.ratis.thirdparty.io.netty.channel.nio.AbstractNioChannel$AbstractNioUnsafe.finishConnect(AbstractNioChannel.java:340)
	at org.apache.ratis.thirdparty.io.netty.channel.nio.NioEventLoop.processSelectedKey(NioEventLoop.java:632)
	at org.apache.ratis.thirdparty.io.netty.channel.nio.NioEventLoop.processSelectedKeysOptimized(NioEventLoop.java:579)
	at org.apache.ratis.thirdparty.io.netty.channel.nio.NioEventLoop.processSelectedKeys(NioEventLoop.java:496)
	at org.apache.ratis.thirdparty.io.netty.channel.nio.NioEventLoop.run(NioEventLoop.java:458)
	at org.apache.ratis.thirdparty.io.netty.util.concurrent.SingleThreadEventExecutor$5.run(SingleThreadEventExecutor.java:897)
	at org.apache.ratis.thirdparty.io.netty.util.concurrent.FastThreadLocalRunnable.run(FastThreadLocalRunnable.java:30)
	... 1 more
Caused by: java.net.ConnectException: Connection refused
	... 11 more
2019-11-16 00:26:55,793 [0a2d6f7b-f3b3-43fc-9f44-c893c3969faf@group-ABBA576E5246-LeaderElection189] INFO  impl.LeaderElection (LeaderElection.java:logAndReturn(56)) - 0a2d6f7b-f3b3-43fc-9f44-c893c3969faf@group-ABBA576E5246-LeaderElection189: Election REJECTED; received 0 response(s) [] and 2 exception(s); 0a2d6f7b-f3b3-43fc-9f44-c893c3969faf@group-ABBA576E5246:t3, leader=null, voted=0a2d6f7b-f3b3-43fc-9f44-c893c3969faf, raftlog=0a2d6f7b-f3b3-43fc-9f44-c893c3969faf@group-ABBA576E5246-SegmentedRaftLog:OPENED:c0,f0,i0, conf=0: [5140e110-8ff7-42a5-9b32-053ee4f24742:192.168.69.79:33415, 0a2d6f7b-f3b3-43fc-9f44-c893c3969faf:192.168.69.79:34899, 84c9c768-243c-47db-bab4-63e35b2a41a2:192.168.69.79:38689], old=null
2019-11-16 00:26:55,793 [0a2d6f7b-f3b3-43fc-9f44-c893c3969faf@group-ABBA576E5246-LeaderElection189] INFO  impl.LeaderElection (LogUtils.java:infoOrTrace(149)) -   Exception 0: {}
java.util.concurrent.ExecutionException: org.apache.ratis.thirdparty.io.grpc.StatusRuntimeException: UNAVAILABLE: io exception
	at java.util.concurrent.FutureTask.report(FutureTask.java:122)
	at java.util.concurrent.FutureTask.get(FutureTask.java:192)
	at org.apache.ratis.server.impl.LeaderElection.waitForResults(LeaderElection.java:259)
	at org.apache.ratis.server.impl.LeaderElection.askForVotes(LeaderElection.java:197)
	at org.apache.ratis.server.impl.LeaderElection.run(LeaderElection.java:133)
	at java.lang.Thread.run(Thread.java:748)
Caused by: org.apache.ratis.thirdparty.io.grpc.StatusRuntimeException: UNAVAILABLE: io exception
	at org.apache.ratis.thirdparty.io.grpc.stub.ClientCalls.toStatusRuntimeException(ClientCalls.java:233)
	at org.apache.ratis.thirdparty.io.grpc.stub.ClientCalls.getUnchecked(ClientCalls.java:214)
	at org.apache.ratis.thirdparty.io.grpc.stub.ClientCalls.blockingUnaryCall(ClientCalls.java:139)
	at org.apache.ratis.proto.grpc.RaftServerProtocolServiceGrpc$RaftServerProtocolServiceBlockingStub.requestVote(RaftServerProtocolServiceGrpc.java:265)
	at org.apache.ratis.grpc.server.GrpcServerProtocolClient.requestVote(GrpcServerProtocolClient.java:99)
	at org.apache.ratis.grpc.server.GrpcService.requestVote(GrpcService.java:204)
	at org.apache.ratis.server.impl.LeaderElection.lambda$submitRequests$1(LeaderElection.java:234)
	at java.util.concurrent.FutureTask.run(FutureTask.java:266)
	at java.util.concurrent.Executors$RunnableAdapter.call(Executors.java:511)
	at java.util.concurrent.FutureTask.run(FutureTask.java:266)
	at java.util.concurrent.ThreadPoolExecutor.runWorker(ThreadPoolExecutor.java:1149)
	at java.util.concurrent.ThreadPoolExecutor$Worker.run(ThreadPoolExecutor.java:624)
	... 1 more
Caused by: org.apache.ratis.thirdparty.io.netty.channel.AbstractChannel$AnnotatedConnectException: Connection refused: /192.168.69.79:33415
	at sun.nio.ch.SocketChannelImpl.checkConnect(Native Method)
	at sun.nio.ch.SocketChannelImpl.finishConnect(SocketChannelImpl.java:717)
	at org.apache.ratis.thirdparty.io.netty.channel.socket.nio.NioSocketChannel.doFinishConnect(NioSocketChannel.java:327)
	at org.apache.ratis.thirdparty.io.netty.channel.nio.AbstractNioChannel$AbstractNioUnsafe.finishConnect(AbstractNioChannel.java:340)
	at org.apache.ratis.thirdparty.io.netty.channel.nio.NioEventLoop.processSelectedKey(NioEventLoop.java:632)
	at org.apache.ratis.thirdparty.io.netty.channel.nio.NioEventLoop.processSelectedKeysOptimized(NioEventLoop.java:579)
	at org.apache.ratis.thirdparty.io.netty.channel.nio.NioEventLoop.processSelectedKeys(NioEventLoop.java:496)
	at org.apache.ratis.thirdparty.io.netty.channel.nio.NioEventLoop.run(NioEventLoop.java:458)
	at org.apache.ratis.thirdparty.io.netty.util.concurrent.SingleThreadEventExecutor$5.run(SingleThreadEventExecutor.java:897)
	at org.apache.ratis.thirdparty.io.netty.util.concurrent.FastThreadLocalRunnable.run(FastThreadLocalRunnable.java:30)
	... 1 more
Caused by: java.net.ConnectException: Connection refused
	... 11 more
2019-11-16 00:26:55,793 [0a2d6f7b-f3b3-43fc-9f44-c893c3969faf@group-ABBA576E5246-LeaderElection189] INFO  impl.LeaderElection (LogUtils.java:infoOrTrace(149)) -   Exception 1: {}
java.util.concurrent.ExecutionException: org.apache.ratis.thirdparty.io.grpc.StatusRuntimeException: UNAVAILABLE: io exception
	at java.util.concurrent.FutureTask.report(FutureTask.java:122)
	at java.util.concurrent.FutureTask.get(FutureTask.java:192)
	at org.apache.ratis.server.impl.LeaderElection.waitForResults(LeaderElection.java:259)
	at org.apache.ratis.server.impl.LeaderElection.askForVotes(LeaderElection.java:197)
	at org.apache.ratis.server.impl.LeaderElection.run(LeaderElection.java:133)
	at java.lang.Thread.run(Thread.java:748)
Caused by: org.apache.ratis.thirdparty.io.grpc.StatusRuntimeException: UNAVAILABLE: io exception
	at org.apache.ratis.thirdparty.io.grpc.stub.ClientCalls.toStatusRuntimeException(ClientCalls.java:233)
	at org.apache.ratis.thirdparty.io.grpc.stub.ClientCalls.getUnchecked(ClientCalls.java:214)
	at org.apache.ratis.thirdparty.io.grpc.stub.ClientCalls.blockingUnaryCall(ClientCalls.java:139)
	at org.apache.ratis.proto.grpc.RaftServerProtocolServiceGrpc$RaftServerProtocolServiceBlockingStub.requestVote(RaftServerProtocolServiceGrpc.java:265)
	at org.apache.ratis.grpc.server.GrpcServerProtocolClient.requestVote(GrpcServerProtocolClient.java:99)
	at org.apache.ratis.grpc.server.GrpcService.requestVote(GrpcService.java:204)
	at org.apache.ratis.server.impl.LeaderElection.lambda$submitRequests$1(LeaderElection.java:234)
	at java.util.concurrent.FutureTask.run(FutureTask.java:266)
	at java.util.concurrent.Executors$RunnableAdapter.call(Executors.java:511)
	at java.util.concurrent.FutureTask.run(FutureTask.java:266)
	at java.util.concurrent.ThreadPoolExecutor.runWorker(ThreadPoolExecutor.java:1149)
	at java.util.concurrent.ThreadPoolExecutor$Worker.run(ThreadPoolExecutor.java:624)
	... 1 more
Caused by: org.apache.ratis.thirdparty.io.netty.channel.AbstractChannel$AnnotatedConnectException: Connection refused: /192.168.69.79:38689
	at sun.nio.ch.SocketChannelImpl.checkConnect(Native Method)
	at sun.nio.ch.SocketChannelImpl.finishConnect(SocketChannelImpl.java:717)
	at org.apache.ratis.thirdparty.io.netty.channel.socket.nio.NioSocketChannel.doFinishConnect(NioSocketChannel.java:327)
	at org.apache.ratis.thirdparty.io.netty.channel.nio.AbstractNioChannel$AbstractNioUnsafe.finishConnect(AbstractNioChannel.java:340)
	at org.apache.ratis.thirdparty.io.netty.channel.nio.NioEventLoop.processSelectedKey(NioEventLoop.java:632)
	at org.apache.ratis.thirdparty.io.netty.channel.nio.NioEventLoop.processSelectedKeysOptimized(NioEventLoop.java:579)
	at org.apache.ratis.thirdparty.io.netty.channel.nio.NioEventLoop.processSelectedKeys(NioEventLoop.java:496)
	at org.apache.ratis.thirdparty.io.netty.channel.nio.NioEventLoop.run(NioEventLoop.java:458)
	at org.apache.ratis.thirdparty.io.netty.util.concurrent.SingleThreadEventExecutor$5.run(SingleThreadEventExecutor.java:897)
	at org.apache.ratis.thirdparty.io.netty.util.concurrent.FastThreadLocalRunnable.run(FastThreadLocalRunnable.java:30)
	... 1 more
Caused by: java.net.ConnectException: Connection refused
	... 11 more
2019-11-16 00:26:55,794 [0a2d6f7b-f3b3-43fc-9f44-c893c3969faf@group-ABBA576E5246-LeaderElection189] INFO  impl.RaftServerImpl (RaftServerImpl.java:setRole(173)) - 0a2d6f7b-f3b3-43fc-9f44-c893c3969faf@group-ABBA576E5246: changes role from CANDIDATE to FOLLOWER at term 3 for DISCOVERED_A_NEW_TERM
2019-11-16 00:26:55,794 [0a2d6f7b-f3b3-43fc-9f44-c893c3969faf@group-ABBA576E5246-LeaderElection189] INFO  impl.RoleInfo (RoleInfo.java:shutdownLeaderElection(134)) - 0a2d6f7b-f3b3-43fc-9f44-c893c3969faf: shutdown LeaderElection
2019-11-16 00:26:55,794 [0a2d6f7b-f3b3-43fc-9f44-c893c3969faf@group-ABBA576E5246-LeaderElection189] INFO  impl.RoleInfo (RoleInfo.java:updateAndGet(143)) - 0a2d6f7b-f3b3-43fc-9f44-c893c3969faf: start FollowerState
2019-11-16 00:26:56,110 [grpc-default-executor-3] WARN  server.GrpcLogAppender (LogUtils.java:warn(134)) - e887c5fb-6c7f-48d0-908d-014a119bd478@group-5F246D87C751->82886741-ea2e-41d6-b944-d04bb5a8b025-AppendLogResponseHandler: Failed appendEntries: org.apache.ratis.thirdparty.io.grpc.StatusRuntimeException: UNAVAILABLE: io exception
2019-11-16 00:26:56,110 [grpc-default-executor-3] INFO  impl.FollowerInfo (FollowerInfo.java:lambda$new$0(51)) - e887c5fb-6c7f-48d0-908d-014a119bd478@group-5F246D87C751->82886741-ea2e-41d6-b944-d04bb5a8b025: nextIndex: updateUnconditionally 0 -> 0
2019-11-16 00:26:56,608 [grpc-default-executor-3] WARN  server.GrpcLogAppender (LogUtils.java:warn(134)) - e887c5fb-6c7f-48d0-908d-014a119bd478@group-5F246D87C751->82886741-ea2e-41d6-b944-d04bb5a8b025-AppendLogResponseHandler: Failed appendEntries: org.apache.ratis.thirdparty.io.grpc.StatusRuntimeException: UNAVAILABLE: io exception
2019-11-16 00:26:56,609 [grpc-default-executor-3] INFO  impl.FollowerInfo (FollowerInfo.java:lambda$new$0(51)) - e887c5fb-6c7f-48d0-908d-014a119bd478@group-5F246D87C751->82886741-ea2e-41d6-b944-d04bb5a8b025: nextIndex: updateUnconditionally 0 -> 0
2019-11-16 00:26:56,853 [Thread-4569] INFO  impl.FollowerState (FollowerState.java:run(111)) - 0a2d6f7b-f3b3-43fc-9f44-c893c3969faf@group-ABBA576E5246-FollowerState: change to CANDIDATE, lastRpcTime:1058ms, electionTimeout:1058ms
2019-11-16 00:26:56,854 [Thread-4569] INFO  impl.RoleInfo (RoleInfo.java:shutdownFollowerState(121)) - 0a2d6f7b-f3b3-43fc-9f44-c893c3969faf: shutdown FollowerState
2019-11-16 00:26:56,854 [Thread-4569] INFO  impl.RaftServerImpl (RaftServerImpl.java:setRole(173)) - 0a2d6f7b-f3b3-43fc-9f44-c893c3969faf@group-ABBA576E5246: changes role from  FOLLOWER to CANDIDATE at term 3 for changeToCandidate
2019-11-16 00:26:56,855 [Thread-4569] INFO  impl.RoleInfo (RoleInfo.java:updateAndGet(143)) - 0a2d6f7b-f3b3-43fc-9f44-c893c3969faf: start LeaderElection
2019-11-16 00:26:56,869 [0a2d6f7b-f3b3-43fc-9f44-c893c3969faf@group-ABBA576E5246-LeaderElection190] INFO  impl.LeaderElection (LeaderElection.java:askForVotes(178)) - 0a2d6f7b-f3b3-43fc-9f44-c893c3969faf@group-ABBA576E5246-LeaderElection190: begin an election at term 4 for 0: [5140e110-8ff7-42a5-9b32-053ee4f24742:192.168.69.79:33415, 0a2d6f7b-f3b3-43fc-9f44-c893c3969faf:192.168.69.79:34899, 84c9c768-243c-47db-bab4-63e35b2a41a2:192.168.69.79:38689], old=null
2019-11-16 00:26:56,871 [0a2d6f7b-f3b3-43fc-9f44-c893c3969faf@group-ABBA576E5246-LeaderElection190] INFO  impl.LeaderElection (LogUtils.java:infoOrTrace(149)) - 0a2d6f7b-f3b3-43fc-9f44-c893c3969faf@group-ABBA576E5246-LeaderElection190 got exception when requesting votes: {}
java.util.concurrent.ExecutionException: org.apache.ratis.thirdparty.io.grpc.StatusRuntimeException: UNAVAILABLE: io exception
	at java.util.concurrent.FutureTask.report(FutureTask.java:122)
	at java.util.concurrent.FutureTask.get(FutureTask.java:192)
	at org.apache.ratis.server.impl.LeaderElection.waitForResults(LeaderElection.java:259)
	at org.apache.ratis.server.impl.LeaderElection.askForVotes(LeaderElection.java:197)
	at org.apache.ratis.server.impl.LeaderElection.run(LeaderElection.java:133)
	at java.lang.Thread.run(Thread.java:748)
Caused by: org.apache.ratis.thirdparty.io.grpc.StatusRuntimeException: UNAVAILABLE: io exception
	at org.apache.ratis.thirdparty.io.grpc.stub.ClientCalls.toStatusRuntimeException(ClientCalls.java:233)
	at org.apache.ratis.thirdparty.io.grpc.stub.ClientCalls.getUnchecked(ClientCalls.java:214)
	at org.apache.ratis.thirdparty.io.grpc.stub.ClientCalls.blockingUnaryCall(ClientCalls.java:139)
	at org.apache.ratis.proto.grpc.RaftServerProtocolServiceGrpc$RaftServerProtocolServiceBlockingStub.requestVote(RaftServerProtocolServiceGrpc.java:265)
	at org.apache.ratis.grpc.server.GrpcServerProtocolClient.requestVote(GrpcServerProtocolClient.java:99)
	at org.apache.ratis.grpc.server.GrpcService.requestVote(GrpcService.java:204)
	at org.apache.ratis.server.impl.LeaderElection.lambda$submitRequests$1(LeaderElection.java:234)
	at java.util.concurrent.FutureTask.run(FutureTask.java:266)
	at java.util.concurrent.Executors$RunnableAdapter.call(Executors.java:511)
	at java.util.concurrent.FutureTask.run(FutureTask.java:266)
	at java.util.concurrent.ThreadPoolExecutor.runWorker(ThreadPoolExecutor.java:1149)
	at java.util.concurrent.ThreadPoolExecutor$Worker.run(ThreadPoolExecutor.java:624)
	... 1 more
Caused by: org.apache.ratis.thirdparty.io.netty.channel.AbstractChannel$AnnotatedConnectException: Connection refused: /192.168.69.79:38689
	at sun.nio.ch.SocketChannelImpl.checkConnect(Native Method)
	at sun.nio.ch.SocketChannelImpl.finishConnect(SocketChannelImpl.java:717)
	at org.apache.ratis.thirdparty.io.netty.channel.socket.nio.NioSocketChannel.doFinishConnect(NioSocketChannel.java:327)
	at org.apache.ratis.thirdparty.io.netty.channel.nio.AbstractNioChannel$AbstractNioUnsafe.finishConnect(AbstractNioChannel.java:340)
	at org.apache.ratis.thirdparty.io.netty.channel.nio.NioEventLoop.processSelectedKey(NioEventLoop.java:632)
	at org.apache.ratis.thirdparty.io.netty.channel.nio.NioEventLoop.processSelectedKeysOptimized(NioEventLoop.java:579)
	at org.apache.ratis.thirdparty.io.netty.channel.nio.NioEventLoop.processSelectedKeys(NioEventLoop.java:496)
	at org.apache.ratis.thirdparty.io.netty.channel.nio.NioEventLoop.run(NioEventLoop.java:458)
	at org.apache.ratis.thirdparty.io.netty.util.concurrent.SingleThreadEventExecutor$5.run(SingleThreadEventExecutor.java:897)
	at org.apache.ratis.thirdparty.io.netty.util.concurrent.FastThreadLocalRunnable.run(FastThreadLocalRunnable.java:30)
	... 1 more
Caused by: java.net.ConnectException: Connection refused
	... 11 more
2019-11-16 00:26:56,872 [0a2d6f7b-f3b3-43fc-9f44-c893c3969faf@group-ABBA576E5246-LeaderElection190] INFO  impl.LeaderElection (LogUtils.java:infoOrTrace(149)) - 0a2d6f7b-f3b3-43fc-9f44-c893c3969faf@group-ABBA576E5246-LeaderElection190 got exception when requesting votes: {}
java.util.concurrent.ExecutionException: org.apache.ratis.thirdparty.io.grpc.StatusRuntimeException: UNAVAILABLE: io exception
	at java.util.concurrent.FutureTask.report(FutureTask.java:122)
	at java.util.concurrent.FutureTask.get(FutureTask.java:192)
	at org.apache.ratis.server.impl.LeaderElection.waitForResults(LeaderElection.java:259)
	at org.apache.ratis.server.impl.LeaderElection.askForVotes(LeaderElection.java:197)
	at org.apache.ratis.server.impl.LeaderElection.run(LeaderElection.java:133)
	at java.lang.Thread.run(Thread.java:748)
Caused by: org.apache.ratis.thirdparty.io.grpc.StatusRuntimeException: UNAVAILABLE: io exception
	at org.apache.ratis.thirdparty.io.grpc.stub.ClientCalls.toStatusRuntimeException(ClientCalls.java:233)
	at org.apache.ratis.thirdparty.io.grpc.stub.ClientCalls.getUnchecked(ClientCalls.java:214)
	at org.apache.ratis.thirdparty.io.grpc.stub.ClientCalls.blockingUnaryCall(ClientCalls.java:139)
	at org.apache.ratis.proto.grpc.RaftServerProtocolServiceGrpc$RaftServerProtocolServiceBlockingStub.requestVote(RaftServerProtocolServiceGrpc.java:265)
	at org.apache.ratis.grpc.server.GrpcServerProtocolClient.requestVote(GrpcServerProtocolClient.java:99)
	at org.apache.ratis.grpc.server.GrpcService.requestVote(GrpcService.java:204)
	at org.apache.ratis.server.impl.LeaderElection.lambda$submitRequests$1(LeaderElection.java:234)
	at java.util.concurrent.FutureTask.run(FutureTask.java:266)
	at java.util.concurrent.Executors$RunnableAdapter.call(Executors.java:511)
	at java.util.concurrent.FutureTask.run(FutureTask.java:266)
	at java.util.concurrent.ThreadPoolExecutor.runWorker(ThreadPoolExecutor.java:1149)
	at java.util.concurrent.ThreadPoolExecutor$Worker.run(ThreadPoolExecutor.java:624)
	... 1 more
Caused by: org.apache.ratis.thirdparty.io.netty.channel.AbstractChannel$AnnotatedConnectException: Connection refused: /192.168.69.79:33415
	at sun.nio.ch.SocketChannelImpl.checkConnect(Native Method)
	at sun.nio.ch.SocketChannelImpl.finishConnect(SocketChannelImpl.java:717)
	at org.apache.ratis.thirdparty.io.netty.channel.socket.nio.NioSocketChannel.doFinishConnect(NioSocketChannel.java:327)
	at org.apache.ratis.thirdparty.io.netty.channel.nio.AbstractNioChannel$AbstractNioUnsafe.finishConnect(AbstractNioChannel.java:340)
	at org.apache.ratis.thirdparty.io.netty.channel.nio.NioEventLoop.processSelectedKey(NioEventLoop.java:632)
	at org.apache.ratis.thirdparty.io.netty.channel.nio.NioEventLoop.processSelectedKeysOptimized(NioEventLoop.java:579)
	at org.apache.ratis.thirdparty.io.netty.channel.nio.NioEventLoop.processSelectedKeys(NioEventLoop.java:496)
	at org.apache.ratis.thirdparty.io.netty.channel.nio.NioEventLoop.run(NioEventLoop.java:458)
	at org.apache.ratis.thirdparty.io.netty.util.concurrent.SingleThreadEventExecutor$5.run(SingleThreadEventExecutor.java:897)
	at org.apache.ratis.thirdparty.io.netty.util.concurrent.FastThreadLocalRunnable.run(FastThreadLocalRunnable.java:30)
	... 1 more
Caused by: java.net.ConnectException: Connection refused
	... 11 more
2019-11-16 00:26:56,873 [0a2d6f7b-f3b3-43fc-9f44-c893c3969faf@group-ABBA576E5246-LeaderElection190] INFO  impl.LeaderElection (LeaderElection.java:logAndReturn(56)) - 0a2d6f7b-f3b3-43fc-9f44-c893c3969faf@group-ABBA576E5246-LeaderElection190: Election REJECTED; received 0 response(s) [] and 2 exception(s); 0a2d6f7b-f3b3-43fc-9f44-c893c3969faf@group-ABBA576E5246:t4, leader=null, voted=0a2d6f7b-f3b3-43fc-9f44-c893c3969faf, raftlog=0a2d6f7b-f3b3-43fc-9f44-c893c3969faf@group-ABBA576E5246-SegmentedRaftLog:OPENED:c0,f0,i0, conf=0: [5140e110-8ff7-42a5-9b32-053ee4f24742:192.168.69.79:33415, 0a2d6f7b-f3b3-43fc-9f44-c893c3969faf:192.168.69.79:34899, 84c9c768-243c-47db-bab4-63e35b2a41a2:192.168.69.79:38689], old=null
2019-11-16 00:26:56,873 [0a2d6f7b-f3b3-43fc-9f44-c893c3969faf@group-ABBA576E5246-LeaderElection190] INFO  impl.LeaderElection (LogUtils.java:infoOrTrace(149)) -   Exception 0: {}
java.util.concurrent.ExecutionException: org.apache.ratis.thirdparty.io.grpc.StatusRuntimeException: UNAVAILABLE: io exception
	at java.util.concurrent.FutureTask.report(FutureTask.java:122)
	at java.util.concurrent.FutureTask.get(FutureTask.java:192)
	at org.apache.ratis.server.impl.LeaderElection.waitForResults(LeaderElection.java:259)
	at org.apache.ratis.server.impl.LeaderElection.askForVotes(LeaderElection.java:197)
	at org.apache.ratis.server.impl.LeaderElection.run(LeaderElection.java:133)
	at java.lang.Thread.run(Thread.java:748)
Caused by: org.apache.ratis.thirdparty.io.grpc.StatusRuntimeException: UNAVAILABLE: io exception
	at org.apache.ratis.thirdparty.io.grpc.stub.ClientCalls.toStatusRuntimeException(ClientCalls.java:233)
	at org.apache.ratis.thirdparty.io.grpc.stub.ClientCalls.getUnchecked(ClientCalls.java:214)
	at org.apache.ratis.thirdparty.io.grpc.stub.ClientCalls.blockingUnaryCall(ClientCalls.java:139)
	at org.apache.ratis.proto.grpc.RaftServerProtocolServiceGrpc$RaftServerProtocolServiceBlockingStub.requestVote(RaftServerProtocolServiceGrpc.java:265)
	at org.apache.ratis.grpc.server.GrpcServerProtocolClient.requestVote(GrpcServerProtocolClient.java:99)
	at org.apache.ratis.grpc.server.GrpcService.requestVote(GrpcService.java:204)
	at org.apache.ratis.server.impl.LeaderElection.lambda$submitRequests$1(LeaderElection.java:234)
	at java.util.concurrent.FutureTask.run(FutureTask.java:266)
	at java.util.concurrent.Executors$RunnableAdapter.call(Executors.java:511)
	at java.util.concurrent.FutureTask.run(FutureTask.java:266)
	at java.util.concurrent.ThreadPoolExecutor.runWorker(ThreadPoolExecutor.java:1149)
	at java.util.concurrent.ThreadPoolExecutor$Worker.run(ThreadPoolExecutor.java:624)
	... 1 more
Caused by: org.apache.ratis.thirdparty.io.netty.channel.AbstractChannel$AnnotatedConnectException: Connection refused: /192.168.69.79:38689
	at sun.nio.ch.SocketChannelImpl.checkConnect(Native Method)
	at sun.nio.ch.SocketChannelImpl.finishConnect(SocketChannelImpl.java:717)
	at org.apache.ratis.thirdparty.io.netty.channel.socket.nio.NioSocketChannel.doFinishConnect(NioSocketChannel.java:327)
	at org.apache.ratis.thirdparty.io.netty.channel.nio.AbstractNioChannel$AbstractNioUnsafe.finishConnect(AbstractNioChannel.java:340)
	at org.apache.ratis.thirdparty.io.netty.channel.nio.NioEventLoop.processSelectedKey(NioEventLoop.java:632)
	at org.apache.ratis.thirdparty.io.netty.channel.nio.NioEventLoop.processSelectedKeysOptimized(NioEventLoop.java:579)
	at org.apache.ratis.thirdparty.io.netty.channel.nio.NioEventLoop.processSelectedKeys(NioEventLoop.java:496)
	at org.apache.ratis.thirdparty.io.netty.channel.nio.NioEventLoop.run(NioEventLoop.java:458)
	at org.apache.ratis.thirdparty.io.netty.util.concurrent.SingleThreadEventExecutor$5.run(SingleThreadEventExecutor.java:897)
	at org.apache.ratis.thirdparty.io.netty.util.concurrent.FastThreadLocalRunnable.run(FastThreadLocalRunnable.java:30)
	... 1 more
Caused by: java.net.ConnectException: Connection refused
	... 11 more
2019-11-16 00:26:56,873 [0a2d6f7b-f3b3-43fc-9f44-c893c3969faf@group-ABBA576E5246-LeaderElection190] INFO  impl.LeaderElection (LogUtils.java:infoOrTrace(149)) -   Exception 1: {}
java.util.concurrent.ExecutionException: org.apache.ratis.thirdparty.io.grpc.StatusRuntimeException: UNAVAILABLE: io exception
	at java.util.concurrent.FutureTask.report(FutureTask.java:122)
	at java.util.concurrent.FutureTask.get(FutureTask.java:192)
	at org.apache.ratis.server.impl.LeaderElection.waitForResults(LeaderElection.java:259)
	at org.apache.ratis.server.impl.LeaderElection.askForVotes(LeaderElection.java:197)
	at org.apache.ratis.server.impl.LeaderElection.run(LeaderElection.java:133)
	at java.lang.Thread.run(Thread.java:748)
Caused by: org.apache.ratis.thirdparty.io.grpc.StatusRuntimeException: UNAVAILABLE: io exception
	at org.apache.ratis.thirdparty.io.grpc.stub.ClientCalls.toStatusRuntimeException(ClientCalls.java:233)
	at org.apache.ratis.thirdparty.io.grpc.stub.ClientCalls.getUnchecked(ClientCalls.java:214)
	at org.apache.ratis.thirdparty.io.grpc.stub.ClientCalls.blockingUnaryCall(ClientCalls.java:139)
	at org.apache.ratis.proto.grpc.RaftServerProtocolServiceGrpc$RaftServerProtocolServiceBlockingStub.requestVote(RaftServerProtocolServiceGrpc.java:265)
	at org.apache.ratis.grpc.server.GrpcServerProtocolClient.requestVote(GrpcServerProtocolClient.java:99)
	at org.apache.ratis.grpc.server.GrpcService.requestVote(GrpcService.java:204)
	at org.apache.ratis.server.impl.LeaderElection.lambda$submitRequests$1(LeaderElection.java:234)
	at java.util.concurrent.FutureTask.run(FutureTask.java:266)
	at java.util.concurrent.Executors$RunnableAdapter.call(Executors.java:511)
	at java.util.concurrent.FutureTask.run(FutureTask.java:266)
	at java.util.concurrent.ThreadPoolExecutor.runWorker(ThreadPoolExecutor.java:1149)
	at java.util.concurrent.ThreadPoolExecutor$Worker.run(ThreadPoolExecutor.java:624)
	... 1 more
Caused by: org.apache.ratis.thirdparty.io.netty.channel.AbstractChannel$AnnotatedConnectException: Connection refused: /192.168.69.79:33415
	at sun.nio.ch.SocketChannelImpl.checkConnect(Native Method)
	at sun.nio.ch.SocketChannelImpl.finishConnect(SocketChannelImpl.java:717)
	at org.apache.ratis.thirdparty.io.netty.channel.socket.nio.NioSocketChannel.doFinishConnect(NioSocketChannel.java:327)
	at org.apache.ratis.thirdparty.io.netty.channel.nio.AbstractNioChannel$AbstractNioUnsafe.finishConnect(AbstractNioChannel.java:340)
	at org.apache.ratis.thirdparty.io.netty.channel.nio.NioEventLoop.processSelectedKey(NioEventLoop.java:632)
	at org.apache.ratis.thirdparty.io.netty.channel.nio.NioEventLoop.processSelectedKeysOptimized(NioEventLoop.java:579)
	at org.apache.ratis.thirdparty.io.netty.channel.nio.NioEventLoop.processSelectedKeys(NioEventLoop.java:496)
	at org.apache.ratis.thirdparty.io.netty.channel.nio.NioEventLoop.run(NioEventLoop.java:458)
	at org.apache.ratis.thirdparty.io.netty.util.concurrent.SingleThreadEventExecutor$5.run(SingleThreadEventExecutor.java:897)
	at org.apache.ratis.thirdparty.io.netty.util.concurrent.FastThreadLocalRunnable.run(FastThreadLocalRunnable.java:30)
	... 1 more
Caused by: java.net.ConnectException: Connection refused
	... 11 more
2019-11-16 00:26:56,874 [0a2d6f7b-f3b3-43fc-9f44-c893c3969faf@group-ABBA576E5246-LeaderElection190] INFO  impl.RaftServerImpl (RaftServerImpl.java:setRole(173)) - 0a2d6f7b-f3b3-43fc-9f44-c893c3969faf@group-ABBA576E5246: changes role from CANDIDATE to FOLLOWER at term 4 for DISCOVERED_A_NEW_TERM
2019-11-16 00:26:56,874 [0a2d6f7b-f3b3-43fc-9f44-c893c3969faf@group-ABBA576E5246-LeaderElection190] INFO  impl.RoleInfo (RoleInfo.java:shutdownLeaderElection(134)) - 0a2d6f7b-f3b3-43fc-9f44-c893c3969faf: shutdown LeaderElection
2019-11-16 00:26:56,874 [0a2d6f7b-f3b3-43fc-9f44-c893c3969faf@group-ABBA576E5246-LeaderElection190] INFO  impl.RoleInfo (RoleInfo.java:updateAndGet(143)) - 0a2d6f7b-f3b3-43fc-9f44-c893c3969faf: start FollowerState
2019-11-16 00:26:57,108 [grpc-default-executor-3] WARN  server.GrpcLogAppender (LogUtils.java:warn(134)) - e887c5fb-6c7f-48d0-908d-014a119bd478@group-5F246D87C751->82886741-ea2e-41d6-b944-d04bb5a8b025-AppendLogResponseHandler: Failed appendEntries: org.apache.ratis.thirdparty.io.grpc.StatusRuntimeException: UNAVAILABLE: io exception
2019-11-16 00:26:57,109 [grpc-default-executor-3] INFO  impl.FollowerInfo (FollowerInfo.java:lambda$new$0(51)) - e887c5fb-6c7f-48d0-908d-014a119bd478@group-5F246D87C751->82886741-ea2e-41d6-b944-d04bb5a8b025: nextIndex: updateUnconditionally 0 -> 0
2019-11-16 00:26:57,609 [grpc-default-executor-3] WARN  server.GrpcLogAppender (LogUtils.java:warn(134)) - e887c5fb-6c7f-48d0-908d-014a119bd478@group-5F246D87C751->82886741-ea2e-41d6-b944-d04bb5a8b025-AppendLogResponseHandler: Failed appendEntries: org.apache.ratis.thirdparty.io.grpc.StatusRuntimeException: UNAVAILABLE: io exception
2019-11-16 00:26:57,609 [grpc-default-executor-3] INFO  impl.FollowerInfo (FollowerInfo.java:lambda$new$0(51)) - e887c5fb-6c7f-48d0-908d-014a119bd478@group-5F246D87C751->82886741-ea2e-41d6-b944-d04bb5a8b025: nextIndex: updateUnconditionally 0 -> 0
2019-11-16 00:26:58,072 [Thread-4575] INFO  impl.FollowerState (FollowerState.java:run(111)) - 0a2d6f7b-f3b3-43fc-9f44-c893c3969faf@group-ABBA576E5246-FollowerState: change to CANDIDATE, lastRpcTime:1197ms, electionTimeout:1197ms
2019-11-16 00:26:58,072 [Thread-4575] INFO  impl.RoleInfo (RoleInfo.java:shutdownFollowerState(121)) - 0a2d6f7b-f3b3-43fc-9f44-c893c3969faf: shutdown FollowerState
2019-11-16 00:26:58,072 [Thread-4575] INFO  impl.RaftServerImpl (RaftServerImpl.java:setRole(173)) - 0a2d6f7b-f3b3-43fc-9f44-c893c3969faf@group-ABBA576E5246: changes role from  FOLLOWER to CANDIDATE at term 4 for changeToCandidate
2019-11-16 00:26:58,072 [Thread-4575] INFO  impl.RoleInfo (RoleInfo.java:updateAndGet(143)) - 0a2d6f7b-f3b3-43fc-9f44-c893c3969faf: start LeaderElection
2019-11-16 00:26:58,086 [0a2d6f7b-f3b3-43fc-9f44-c893c3969faf@group-ABBA576E5246-LeaderElection191] INFO  impl.LeaderElection (LeaderElection.java:askForVotes(178)) - 0a2d6f7b-f3b3-43fc-9f44-c893c3969faf@group-ABBA576E5246-LeaderElection191: begin an election at term 5 for 0: [5140e110-8ff7-42a5-9b32-053ee4f24742:192.168.69.79:33415, 0a2d6f7b-f3b3-43fc-9f44-c893c3969faf:192.168.69.79:34899, 84c9c768-243c-47db-bab4-63e35b2a41a2:192.168.69.79:38689], old=null
2019-11-16 00:26:58,088 [0a2d6f7b-f3b3-43fc-9f44-c893c3969faf@group-ABBA576E5246-LeaderElection191] INFO  impl.LeaderElection (LogUtils.java:infoOrTrace(149)) - 0a2d6f7b-f3b3-43fc-9f44-c893c3969faf@group-ABBA576E5246-LeaderElection191 got exception when requesting votes: {}
java.util.concurrent.ExecutionException: org.apache.ratis.thirdparty.io.grpc.StatusRuntimeException: UNAVAILABLE: io exception
	at java.util.concurrent.FutureTask.report(FutureTask.java:122)
	at java.util.concurrent.FutureTask.get(FutureTask.java:192)
	at org.apache.ratis.server.impl.LeaderElection.waitForResults(LeaderElection.java:259)
	at org.apache.ratis.server.impl.LeaderElection.askForVotes(LeaderElection.java:197)
	at org.apache.ratis.server.impl.LeaderElection.run(LeaderElection.java:133)
	at java.lang.Thread.run(Thread.java:748)
Caused by: org.apache.ratis.thirdparty.io.grpc.StatusRuntimeException: UNAVAILABLE: io exception
	at org.apache.ratis.thirdparty.io.grpc.stub.ClientCalls.toStatusRuntimeException(ClientCalls.java:233)
	at org.apache.ratis.thirdparty.io.grpc.stub.ClientCalls.getUnchecked(ClientCalls.java:214)
	at org.apache.ratis.thirdparty.io.grpc.stub.ClientCalls.blockingUnaryCall(ClientCalls.java:139)
	at org.apache.ratis.proto.grpc.RaftServerProtocolServiceGrpc$RaftServerProtocolServiceBlockingStub.requestVote(RaftServerProtocolServiceGrpc.java:265)
	at org.apache.ratis.grpc.server.GrpcServerProtocolClient.requestVote(GrpcServerProtocolClient.java:99)
	at org.apache.ratis.grpc.server.GrpcService.requestVote(GrpcService.java:204)
	at org.apache.ratis.server.impl.LeaderElection.lambda$submitRequests$1(LeaderElection.java:234)
	at java.util.concurrent.FutureTask.run(FutureTask.java:266)
	at java.util.concurrent.Executors$RunnableAdapter.call(Executors.java:511)
	at java.util.concurrent.FutureTask.run(FutureTask.java:266)
	at java.util.concurrent.ThreadPoolExecutor.runWorker(ThreadPoolExecutor.java:1149)
	at java.util.concurrent.ThreadPoolExecutor$Worker.run(ThreadPoolExecutor.java:624)
	... 1 more
Caused by: org.apache.ratis.thirdparty.io.netty.channel.AbstractChannel$AnnotatedConnectException: Connection refused: /192.168.69.79:33415
	at sun.nio.ch.SocketChannelImpl.checkConnect(Native Method)
	at sun.nio.ch.SocketChannelImpl.finishConnect(SocketChannelImpl.java:717)
	at org.apache.ratis.thirdparty.io.netty.channel.socket.nio.NioSocketChannel.doFinishConnect(NioSocketChannel.java:327)
	at org.apache.ratis.thirdparty.io.netty.channel.nio.AbstractNioChannel$AbstractNioUnsafe.finishConnect(AbstractNioChannel.java:340)
	at org.apache.ratis.thirdparty.io.netty.channel.nio.NioEventLoop.processSelectedKey(NioEventLoop.java:632)
	at org.apache.ratis.thirdparty.io.netty.channel.nio.NioEventLoop.processSelectedKeysOptimized(NioEventLoop.java:579)
	at org.apache.ratis.thirdparty.io.netty.channel.nio.NioEventLoop.processSelectedKeys(NioEventLoop.java:496)
	at org.apache.ratis.thirdparty.io.netty.channel.nio.NioEventLoop.run(NioEventLoop.java:458)
	at org.apache.ratis.thirdparty.io.netty.util.concurrent.SingleThreadEventExecutor$5.run(SingleThreadEventExecutor.java:897)
	at org.apache.ratis.thirdparty.io.netty.util.concurrent.FastThreadLocalRunnable.run(FastThreadLocalRunnable.java:30)
	... 1 more
Caused by: java.net.ConnectException: Connection refused
	... 11 more
2019-11-16 00:26:58,088 [0a2d6f7b-f3b3-43fc-9f44-c893c3969faf@group-ABBA576E5246-LeaderElection191] INFO  impl.LeaderElection (LogUtils.java:infoOrTrace(149)) - 0a2d6f7b-f3b3-43fc-9f44-c893c3969faf@group-ABBA576E5246-LeaderElection191 got exception when requesting votes: {}
java.util.concurrent.ExecutionException: org.apache.ratis.thirdparty.io.grpc.StatusRuntimeException: UNAVAILABLE: io exception
	at java.util.concurrent.FutureTask.report(FutureTask.java:122)
	at java.util.concurrent.FutureTask.get(FutureTask.java:192)
	at org.apache.ratis.server.impl.LeaderElection.waitForResults(LeaderElection.java:259)
	at org.apache.ratis.server.impl.LeaderElection.askForVotes(LeaderElection.java:197)
	at org.apache.ratis.server.impl.LeaderElection.run(LeaderElection.java:133)
	at java.lang.Thread.run(Thread.java:748)
Caused by: org.apache.ratis.thirdparty.io.grpc.StatusRuntimeException: UNAVAILABLE: io exception
	at org.apache.ratis.thirdparty.io.grpc.stub.ClientCalls.toStatusRuntimeException(ClientCalls.java:233)
	at org.apache.ratis.thirdparty.io.grpc.stub.ClientCalls.getUnchecked(ClientCalls.java:214)
	at org.apache.ratis.thirdparty.io.grpc.stub.ClientCalls.blockingUnaryCall(ClientCalls.java:139)
	at org.apache.ratis.proto.grpc.RaftServerProtocolServiceGrpc$RaftServerProtocolServiceBlockingStub.requestVote(RaftServerProtocolServiceGrpc.java:265)
	at org.apache.ratis.grpc.server.GrpcServerProtocolClient.requestVote(GrpcServerProtocolClient.java:99)
	at org.apache.ratis.grpc.server.GrpcService.requestVote(GrpcService.java:204)
	at org.apache.ratis.server.impl.LeaderElection.lambda$submitRequests$1(LeaderElection.java:234)
	at java.util.concurrent.FutureTask.run(FutureTask.java:266)
	at java.util.concurrent.Executors$RunnableAdapter.call(Executors.java:511)
	at java.util.concurrent.FutureTask.run(FutureTask.java:266)
	at java.util.concurrent.ThreadPoolExecutor.runWorker(ThreadPoolExecutor.java:1149)
	at java.util.concurrent.ThreadPoolExecutor$Worker.run(ThreadPoolExecutor.java:624)
	... 1 more
Caused by: org.apache.ratis.thirdparty.io.netty.channel.AbstractChannel$AnnotatedConnectException: Connection refused: /192.168.69.79:38689
	at sun.nio.ch.SocketChannelImpl.checkConnect(Native Method)
	at sun.nio.ch.SocketChannelImpl.finishConnect(SocketChannelImpl.java:717)
	at org.apache.ratis.thirdparty.io.netty.channel.socket.nio.NioSocketChannel.doFinishConnect(NioSocketChannel.java:327)
	at org.apache.ratis.thirdparty.io.netty.channel.nio.AbstractNioChannel$AbstractNioUnsafe.finishConnect(AbstractNioChannel.java:340)
	at org.apache.ratis.thirdparty.io.netty.channel.nio.NioEventLoop.processSelectedKey(NioEventLoop.java:632)
	at org.apache.ratis.thirdparty.io.netty.channel.nio.NioEventLoop.processSelectedKeysOptimized(NioEventLoop.java:579)
	at org.apache.ratis.thirdparty.io.netty.channel.nio.NioEventLoop.processSelectedKeys(NioEventLoop.java:496)
	at org.apache.ratis.thirdparty.io.netty.channel.nio.NioEventLoop.run(NioEventLoop.java:458)
	at org.apache.ratis.thirdparty.io.netty.util.concurrent.SingleThreadEventExecutor$5.run(SingleThreadEventExecutor.java:897)
	at org.apache.ratis.thirdparty.io.netty.util.concurrent.FastThreadLocalRunnable.run(FastThreadLocalRunnable.java:30)
	... 1 more
Caused by: java.net.ConnectException: Connection refused
	... 11 more
2019-11-16 00:26:58,089 [0a2d6f7b-f3b3-43fc-9f44-c893c3969faf@group-ABBA576E5246-LeaderElection191] INFO  impl.LeaderElection (LeaderElection.java:logAndReturn(56)) - 0a2d6f7b-f3b3-43fc-9f44-c893c3969faf@group-ABBA576E5246-LeaderElection191: Election REJECTED; received 0 response(s) [] and 2 exception(s); 0a2d6f7b-f3b3-43fc-9f44-c893c3969faf@group-ABBA576E5246:t5, leader=null, voted=0a2d6f7b-f3b3-43fc-9f44-c893c3969faf, raftlog=0a2d6f7b-f3b3-43fc-9f44-c893c3969faf@group-ABBA576E5246-SegmentedRaftLog:OPENED:c0,f0,i0, conf=0: [5140e110-8ff7-42a5-9b32-053ee4f24742:192.168.69.79:33415, 0a2d6f7b-f3b3-43fc-9f44-c893c3969faf:192.168.69.79:34899, 84c9c768-243c-47db-bab4-63e35b2a41a2:192.168.69.79:38689], old=null
2019-11-16 00:26:58,089 [0a2d6f7b-f3b3-43fc-9f44-c893c3969faf@group-ABBA576E5246-LeaderElection191] INFO  impl.LeaderElection (LogUtils.java:infoOrTrace(149)) -   Exception 0: {}
java.util.concurrent.ExecutionException: org.apache.ratis.thirdparty.io.grpc.StatusRuntimeException: UNAVAILABLE: io exception
	at java.util.concurrent.FutureTask.report(FutureTask.java:122)
	at java.util.concurrent.FutureTask.get(FutureTask.java:192)
	at org.apache.ratis.server.impl.LeaderElection.waitForResults(LeaderElection.java:259)
	at org.apache.ratis.server.impl.LeaderElection.askForVotes(LeaderElection.java:197)
	at org.apache.ratis.server.impl.LeaderElection.run(LeaderElection.java:133)
	at java.lang.Thread.run(Thread.java:748)
Caused by: org.apache.ratis.thirdparty.io.grpc.StatusRuntimeException: UNAVAILABLE: io exception
	at org.apache.ratis.thirdparty.io.grpc.stub.ClientCalls.toStatusRuntimeException(ClientCalls.java:233)
	at org.apache.ratis.thirdparty.io.grpc.stub.ClientCalls.getUnchecked(ClientCalls.java:214)
	at org.apache.ratis.thirdparty.io.grpc.stub.ClientCalls.blockingUnaryCall(ClientCalls.java:139)
	at org.apache.ratis.proto.grpc.RaftServerProtocolServiceGrpc$RaftServerProtocolServiceBlockingStub.requestVote(RaftServerProtocolServiceGrpc.java:265)
	at org.apache.ratis.grpc.server.GrpcServerProtocolClient.requestVote(GrpcServerProtocolClient.java:99)
	at org.apache.ratis.grpc.server.GrpcService.requestVote(GrpcService.java:204)
	at org.apache.ratis.server.impl.LeaderElection.lambda$submitRequests$1(LeaderElection.java:234)
	at java.util.concurrent.FutureTask.run(FutureTask.java:266)
	at java.util.concurrent.Executors$RunnableAdapter.call(Executors.java:511)
	at java.util.concurrent.FutureTask.run(FutureTask.java:266)
	at java.util.concurrent.ThreadPoolExecutor.runWorker(ThreadPoolExecutor.java:1149)
	at java.util.concurrent.ThreadPoolExecutor$Worker.run(ThreadPoolExecutor.java:624)
	... 1 more
Caused by: org.apache.ratis.thirdparty.io.netty.channel.AbstractChannel$AnnotatedConnectException: Connection refused: /192.168.69.79:33415
	at sun.nio.ch.SocketChannelImpl.checkConnect(Native Method)
	at sun.nio.ch.SocketChannelImpl.finishConnect(SocketChannelImpl.java:717)
	at org.apache.ratis.thirdparty.io.netty.channel.socket.nio.NioSocketChannel.doFinishConnect(NioSocketChannel.java:327)
	at org.apache.ratis.thirdparty.io.netty.channel.nio.AbstractNioChannel$AbstractNioUnsafe.finishConnect(AbstractNioChannel.java:340)
	at org.apache.ratis.thirdparty.io.netty.channel.nio.NioEventLoop.processSelectedKey(NioEventLoop.java:632)
	at org.apache.ratis.thirdparty.io.netty.channel.nio.NioEventLoop.processSelectedKeysOptimized(NioEventLoop.java:579)
	at org.apache.ratis.thirdparty.io.netty.channel.nio.NioEventLoop.processSelectedKeys(NioEventLoop.java:496)
	at org.apache.ratis.thirdparty.io.netty.channel.nio.NioEventLoop.run(NioEventLoop.java:458)
	at org.apache.ratis.thirdparty.io.netty.util.concurrent.SingleThreadEventExecutor$5.run(SingleThreadEventExecutor.java:897)
	at org.apache.ratis.thirdparty.io.netty.util.concurrent.FastThreadLocalRunnable.run(FastThreadLocalRunnable.java:30)
	... 1 more
Caused by: java.net.ConnectException: Connection refused
	... 11 more
2019-11-16 00:26:58,089 [0a2d6f7b-f3b3-43fc-9f44-c893c3969faf@group-ABBA576E5246-LeaderElection191] INFO  impl.LeaderElection (LogUtils.java:infoOrTrace(149)) -   Exception 1: {}
java.util.concurrent.ExecutionException: org.apache.ratis.thirdparty.io.grpc.StatusRuntimeException: UNAVAILABLE: io exception
	at java.util.concurrent.FutureTask.report(FutureTask.java:122)
	at java.util.concurrent.FutureTask.get(FutureTask.java:192)
	at org.apache.ratis.server.impl.LeaderElection.waitForResults(LeaderElection.java:259)
	at org.apache.ratis.server.impl.LeaderElection.askForVotes(LeaderElection.java:197)
	at org.apache.ratis.server.impl.LeaderElection.run(LeaderElection.java:133)
	at java.lang.Thread.run(Thread.java:748)
Caused by: org.apache.ratis.thirdparty.io.grpc.StatusRuntimeException: UNAVAILABLE: io exception
	at org.apache.ratis.thirdparty.io.grpc.stub.ClientCalls.toStatusRuntimeException(ClientCalls.java:233)
	at org.apache.ratis.thirdparty.io.grpc.stub.ClientCalls.getUnchecked(ClientCalls.java:214)
	at org.apache.ratis.thirdparty.io.grpc.stub.ClientCalls.blockingUnaryCall(ClientCalls.java:139)
	at org.apache.ratis.proto.grpc.RaftServerProtocolServiceGrpc$RaftServerProtocolServiceBlockingStub.requestVote(RaftServerProtocolServiceGrpc.java:265)
	at org.apache.ratis.grpc.server.GrpcServerProtocolClient.requestVote(GrpcServerProtocolClient.java:99)
	at org.apache.ratis.grpc.server.GrpcService.requestVote(GrpcService.java:204)
	at org.apache.ratis.server.impl.LeaderElection.lambda$submitRequests$1(LeaderElection.java:234)
	at java.util.concurrent.FutureTask.run(FutureTask.java:266)
	at java.util.concurrent.Executors$RunnableAdapter.call(Executors.java:511)
	at java.util.concurrent.FutureTask.run(FutureTask.java:266)
	at java.util.concurrent.ThreadPoolExecutor.runWorker(ThreadPoolExecutor.java:1149)
	at java.util.concurrent.ThreadPoolExecutor$Worker.run(ThreadPoolExecutor.java:624)
	... 1 more
Caused by: org.apache.ratis.thirdparty.io.netty.channel.AbstractChannel$AnnotatedConnectException: Connection refused: /192.168.69.79:38689
	at sun.nio.ch.SocketChannelImpl.checkConnect(Native Method)
	at sun.nio.ch.SocketChannelImpl.finishConnect(SocketChannelImpl.java:717)
	at org.apache.ratis.thirdparty.io.netty.channel.socket.nio.NioSocketChannel.doFinishConnect(NioSocketChannel.java:327)
	at org.apache.ratis.thirdparty.io.netty.channel.nio.AbstractNioChannel$AbstractNioUnsafe.finishConnect(AbstractNioChannel.java:340)
	at org.apache.ratis.thirdparty.io.netty.channel.nio.NioEventLoop.processSelectedKey(NioEventLoop.java:632)
	at org.apache.ratis.thirdparty.io.netty.channel.nio.NioEventLoop.processSelectedKeysOptimized(NioEventLoop.java:579)
	at org.apache.ratis.thirdparty.io.netty.channel.nio.NioEventLoop.processSelectedKeys(NioEventLoop.java:496)
	at org.apache.ratis.thirdparty.io.netty.channel.nio.NioEventLoop.run(NioEventLoop.java:458)
	at org.apache.ratis.thirdparty.io.netty.util.concurrent.SingleThreadEventExecutor$5.run(SingleThreadEventExecutor.java:897)
	at org.apache.ratis.thirdparty.io.netty.util.concurrent.FastThreadLocalRunnable.run(FastThreadLocalRunnable.java:30)
	... 1 more
Caused by: java.net.ConnectException: Connection refused
	... 11 more
2019-11-16 00:26:58,090 [0a2d6f7b-f3b3-43fc-9f44-c893c3969faf@group-ABBA576E5246-LeaderElection191] INFO  impl.RaftServerImpl (RaftServerImpl.java:setRole(173)) - 0a2d6f7b-f3b3-43fc-9f44-c893c3969faf@group-ABBA576E5246: changes role from CANDIDATE to FOLLOWER at term 5 for DISCOVERED_A_NEW_TERM
2019-11-16 00:26:58,090 [0a2d6f7b-f3b3-43fc-9f44-c893c3969faf@group-ABBA576E5246-LeaderElection191] INFO  impl.RoleInfo (RoleInfo.java:shutdownLeaderElection(134)) - 0a2d6f7b-f3b3-43fc-9f44-c893c3969faf: shutdown LeaderElection
2019-11-16 00:26:58,090 [0a2d6f7b-f3b3-43fc-9f44-c893c3969faf@group-ABBA576E5246-LeaderElection191] INFO  impl.RoleInfo (RoleInfo.java:updateAndGet(143)) - 0a2d6f7b-f3b3-43fc-9f44-c893c3969faf: start FollowerState
2019-11-16 00:26:58,109 [grpc-default-executor-3] WARN  server.GrpcLogAppender (LogUtils.java:warn(134)) - e887c5fb-6c7f-48d0-908d-014a119bd478@group-5F246D87C751->82886741-ea2e-41d6-b944-d04bb5a8b025-AppendLogResponseHandler: Failed appendEntries: org.apache.ratis.thirdparty.io.grpc.StatusRuntimeException: UNAVAILABLE: io exception
2019-11-16 00:26:58,110 [grpc-default-executor-3] INFO  impl.FollowerInfo (FollowerInfo.java:lambda$new$0(51)) - e887c5fb-6c7f-48d0-908d-014a119bd478@group-5F246D87C751->82886741-ea2e-41d6-b944-d04bb5a8b025: nextIndex: updateUnconditionally 0 -> 0
2019-11-16 00:26:58,610 [grpc-default-executor-3] WARN  server.GrpcLogAppender (LogUtils.java:warn(134)) - e887c5fb-6c7f-48d0-908d-014a119bd478@group-5F246D87C751->82886741-ea2e-41d6-b944-d04bb5a8b025-AppendLogResponseHandler: Failed appendEntries: org.apache.ratis.thirdparty.io.grpc.StatusRuntimeException: UNAVAILABLE: io exception
2019-11-16 00:26:58,610 [grpc-default-executor-3] INFO  impl.FollowerInfo (FollowerInfo.java:lambda$new$0(51)) - e887c5fb-6c7f-48d0-908d-014a119bd478@group-5F246D87C751->82886741-ea2e-41d6-b944-d04bb5a8b025: nextIndex: updateUnconditionally 0 -> 0
2019-11-16 00:26:58,738 [ForkJoinPool.commonPool-worker-0] INFO  ozoneimpl.OzoneContainer (OzoneContainer.java:stop(244)) - Attempting to stop container services.
2019-11-16 00:26:58,739 [ForkJoinPool.commonPool-worker-0] INFO  impl.RaftServerProxy (RaftServerProxy.java:lambda$close$4(314)) - 0a2d6f7b-f3b3-43fc-9f44-c893c3969faf: close
2019-11-16 00:26:58,739 [main] INFO  ozoneimpl.OzoneContainer (OzoneContainer.java:stop(244)) - Attempting to stop container services.
2019-11-16 00:26:58,739 [ForkJoinPool.commonPool-worker-0] INFO  impl.RaftServerImpl (RaftServerImpl.java:lambda$shutdown$3(250)) - 0a2d6f7b-f3b3-43fc-9f44-c893c3969faf@group-ABBA576E5246: shutdown
2019-11-16 00:26:58,739 [main] INFO  impl.RaftServerProxy (RaftServerProxy.java:lambda$close$4(314)) - 1d1fab7d-6382-4228-8566-b1891c590073: close
2019-11-16 00:26:58,740 [ForkJoinPool.commonPool-worker-0] INFO  util.JmxRegister (JmxRegister.java:unregister(73)) - Successfully un-registered JMX Bean with object name Ratis:service=RaftServer,group=group-ABBA576E5246,id=0a2d6f7b-f3b3-43fc-9f44-c893c3969faf
2019-11-16 00:26:58,740 [main] INFO  impl.RaftServerImpl (RaftServerImpl.java:lambda$shutdown$3(250)) - 1d1fab7d-6382-4228-8566-b1891c590073@group-F8DF03A95F93: shutdown
2019-11-16 00:26:58,740 [ForkJoinPool.commonPool-worker-0] INFO  impl.RoleInfo (RoleInfo.java:shutdownFollowerState(121)) - 0a2d6f7b-f3b3-43fc-9f44-c893c3969faf: shutdown FollowerState
2019-11-16 00:26:58,740 [main] INFO  util.JmxRegister (JmxRegister.java:unregister(73)) - Successfully un-registered JMX Bean with object name Ratis:service=RaftServer,group=group-F8DF03A95F93,id=1d1fab7d-6382-4228-8566-b1891c590073
2019-11-16 00:26:58,740 [ForkJoinPool.commonPool-worker-0] INFO  impl.StateMachineUpdater (StateMachineUpdater.java:stopAndJoin(136)) - 0a2d6f7b-f3b3-43fc-9f44-c893c3969faf@group-ABBA576E5246-StateMachineUpdater: set stopIndex = 0
2019-11-16 00:26:58,741 [Thread-4581] INFO  impl.FollowerState (FollowerState.java:run(120)) - 0a2d6f7b-f3b3-43fc-9f44-c893c3969faf@group-ABBA576E5246-FollowerState was interrupted: java.lang.InterruptedException: sleep interrupted
2019-11-16 00:26:58,740 [main] INFO  impl.RoleInfo (RoleInfo.java:shutdownLeaderState(104)) - 1d1fab7d-6382-4228-8566-b1891c590073: shutdown LeaderState
2019-11-16 00:26:58,741 [ForkJoinPool.commonPool-worker-0] INFO  impl.RaftServerImpl (ServerState.java:close(387)) - 0a2d6f7b-f3b3-43fc-9f44-c893c3969faf@group-ABBA576E5246: closes. applyIndex: 0
2019-11-16 00:26:58,741 [main] INFO  impl.PendingRequests (PendingRequests.java:sendNotLeaderResponses(206)) - 1d1fab7d-6382-4228-8566-b1891c590073@group-F8DF03A95F93-PendingRequests: sendNotLeaderResponses
2019-11-16 00:26:58,742 [0a2d6f7b-f3b3-43fc-9f44-c893c3969faf@group-ABBA576E5246-SegmentedRaftLogWorker] INFO  segmented.SegmentedRaftLogWorker (SegmentedRaftLogWorker.java:run(316)) - 0a2d6f7b-f3b3-43fc-9f44-c893c3969faf@group-ABBA576E5246-SegmentedRaftLogWorker was interrupted, exiting. There are 0 tasks remaining in the queue.
2019-11-16 00:26:58,742 [main] INFO  impl.StateMachineUpdater (StateMachineUpdater.java:stopAndJoin(136)) - 1d1fab7d-6382-4228-8566-b1891c590073@group-F8DF03A95F93-StateMachineUpdater: set stopIndex = 0
2019-11-16 00:26:58,742 [main] INFO  impl.RaftServerImpl (ServerState.java:close(387)) - 1d1fab7d-6382-4228-8566-b1891c590073@group-F8DF03A95F93: closes. applyIndex: 0
2019-11-16 00:26:58,742 [ForkJoinPool.commonPool-worker-0] INFO  segmented.SegmentedRaftLogWorker (SegmentedRaftLogWorker.java:close(224)) - 0a2d6f7b-f3b3-43fc-9f44-c893c3969faf@group-ABBA576E5246-SegmentedRaftLogWorker close()
2019-11-16 00:26:58,742 [1d1fab7d-6382-4228-8566-b1891c590073@group-F8DF03A95F93-SegmentedRaftLogWorker] INFO  segmented.SegmentedRaftLogWorker (SegmentedRaftLogWorker.java:run(316)) - 1d1fab7d-6382-4228-8566-b1891c590073@group-F8DF03A95F93-SegmentedRaftLogWorker was interrupted, exiting. There are 0 tasks remaining in the queue.
2019-11-16 00:26:58,747 [ForkJoinPool.commonPool-worker-0] INFO  impl.RaftServerImpl (RaftServerImpl.java:lambda$shutdown$3(250)) - 0a2d6f7b-f3b3-43fc-9f44-c893c3969faf@group-DA670994ADD4: shutdown
2019-11-16 00:26:58,747 [main] INFO  segmented.SegmentedRaftLogWorker (SegmentedRaftLogWorker.java:close(224)) - 1d1fab7d-6382-4228-8566-b1891c590073@group-F8DF03A95F93-SegmentedRaftLogWorker close()
2019-11-16 00:26:58,747 [ForkJoinPool.commonPool-worker-0] INFO  util.JmxRegister (JmxRegister.java:unregister(73)) - Successfully un-registered JMX Bean with object name Ratis:service=RaftServer,group=group-DA670994ADD4,id=0a2d6f7b-f3b3-43fc-9f44-c893c3969faf
2019-11-16 00:26:58,747 [main] INFO  impl.RaftServerImpl (RaftServerImpl.java:lambda$shutdown$3(250)) - 1d1fab7d-6382-4228-8566-b1891c590073@group-5F246D87C751: shutdown
2019-11-16 00:26:58,747 [ForkJoinPool.commonPool-worker-0] INFO  impl.RoleInfo (RoleInfo.java:shutdownLeaderState(104)) - 0a2d6f7b-f3b3-43fc-9f44-c893c3969faf: shutdown LeaderState
2019-11-16 00:26:58,747 [main] INFO  util.JmxRegister (JmxRegister.java:unregister(73)) - Successfully un-registered JMX Bean with object name Ratis:service=RaftServer,group=group-5F246D87C751,id=1d1fab7d-6382-4228-8566-b1891c590073
2019-11-16 00:26:58,748 [main] INFO  impl.RoleInfo (RoleInfo.java:shutdownFollowerState(121)) - 1d1fab7d-6382-4228-8566-b1891c590073: shutdown FollowerState
2019-11-16 00:26:58,748 [ForkJoinPool.commonPool-worker-0] INFO  impl.PendingRequests (PendingRequests.java:sendNotLeaderResponses(206)) - 0a2d6f7b-f3b3-43fc-9f44-c893c3969faf@group-DA670994ADD4-PendingRequests: sendNotLeaderResponses
2019-11-16 00:26:58,748 [1d1fab7d-6382-4228-8566-b1891c590073@group-5F246D87C751-StateMachineUpdater] INFO  ratis.ContainerStateMachine (ContainerStateMachine.java:takeSnapshot(285)) - group-5F246D87C751: Taking a snapshot at:(t:1, i:4) file /workdir/hadoop-ozone/integration-test/target/test-dir/MiniOzoneClusterImpl-ec73e7b8-24c6-4197-838c-bd0443d97e1c/datanode-9/data/ratis/1bad0bf1-bdbb-4e45-b448-5f246d87c751/sm/snapshot.1_4
2019-11-16 00:26:58,748 [Thread-4539] INFO  impl.FollowerState (FollowerState.java:run(120)) - 1d1fab7d-6382-4228-8566-b1891c590073@group-5F246D87C751-FollowerState was interrupted: java.lang.InterruptedException: sleep interrupted
2019-11-16 00:26:58,748 [main] INFO  impl.StateMachineUpdater (StateMachineUpdater.java:stopAndJoin(136)) - 1d1fab7d-6382-4228-8566-b1891c590073@group-5F246D87C751-StateMachineUpdater: set stopIndex = 9
2019-11-16 00:26:58,748 [ForkJoinPool.commonPool-worker-0] INFO  impl.StateMachineUpdater (StateMachineUpdater.java:stopAndJoin(136)) - 0a2d6f7b-f3b3-43fc-9f44-c893c3969faf@group-DA670994ADD4-StateMachineUpdater: set stopIndex = 0
2019-11-16 00:26:58,749 [ForkJoinPool.commonPool-worker-0] INFO  impl.RaftServerImpl (ServerState.java:close(387)) - 0a2d6f7b-f3b3-43fc-9f44-c893c3969faf@group-DA670994ADD4: closes. applyIndex: 0
2019-11-16 00:26:58,749 [0a2d6f7b-f3b3-43fc-9f44-c893c3969faf@group-DA670994ADD4-SegmentedRaftLogWorker] INFO  segmented.SegmentedRaftLogWorker (SegmentedRaftLogWorker.java:run(316)) - 0a2d6f7b-f3b3-43fc-9f44-c893c3969faf@group-DA670994ADD4-SegmentedRaftLogWorker was interrupted, exiting. There are 0 tasks remaining in the queue.
2019-11-16 00:26:58,749 [ForkJoinPool.commonPool-worker-0] INFO  segmented.SegmentedRaftLogWorker (SegmentedRaftLogWorker.java:close(224)) - 0a2d6f7b-f3b3-43fc-9f44-c893c3969faf@group-DA670994ADD4-SegmentedRaftLogWorker close()
2019-11-16 00:26:58,751 [ForkJoinPool.commonPool-worker-0] INFO  server.GrpcService (GrpcService.java:closeImpl(164)) - 0a2d6f7b-f3b3-43fc-9f44-c893c3969faf: shutdown server with port 34899 now
2019-11-16 00:26:58,751 [ForkJoinPool.commonPool-worker-0] INFO  server.GrpcService (GrpcService.java:closeImpl(172)) - 0a2d6f7b-f3b3-43fc-9f44-c893c3969faf: shutdown server with port 34899 successfully
2019-11-16 00:26:58,753 [refreshUsed-/workdir/hadoop-ozone/integration-test/target/test-dir/MiniOzoneClusterImpl-ec73e7b8-24c6-4197-838c-bd0443d97e1c/datanode-1/data/containers] WARN  fs.CachingGetSpaceUsed (CachingGetSpaceUsed.java:run(183)) - Thread Interrupted waiting to refresh disk information: sleep interrupted
2019-11-16 00:26:58,764 [1d1fab7d-6382-4228-8566-b1891c590073@group-5F246D87C751-StateMachineUpdater] INFO  ratis.ContainerStateMachine (ContainerStateMachine.java:takeSnapshot(296)) - group-5F246D87C751: Finished taking a snapshot at:(t:1, i:4) file:/workdir/hadoop-ozone/integration-test/target/test-dir/MiniOzoneClusterImpl-ec73e7b8-24c6-4197-838c-bd0443d97e1c/datanode-9/data/ratis/1bad0bf1-bdbb-4e45-b448-5f246d87c751/sm/snapshot.1_4 time:16
2019-11-16 00:26:58,764 [1d1fab7d-6382-4228-8566-b1891c590073@group-5F246D87C751-StateMachineUpdater] INFO  impl.StateMachineUpdater (StateMachineUpdater.java:takeSnapshot(269)) - 1d1fab7d-6382-4228-8566-b1891c590073@group-5F246D87C751-StateMachineUpdater: Took a snapshot at index 4
2019-11-16 00:26:58,764 [1d1fab7d-6382-4228-8566-b1891c590073@group-5F246D87C751-StateMachineUpdater] INFO  impl.StateMachineUpdater (StateMachineUpdater.java:lambda$new$0(84)) - 1d1fab7d-6382-4228-8566-b1891c590073@group-5F246D87C751-StateMachineUpdater: snapshotIndex: updateIncreasingly -1 -> 4
2019-11-16 00:26:58,765 [1d1fab7d-6382-4228-8566-b1891c590073@group-5F246D87C751-StateMachineUpdater] INFO  ratis.ContainerStateMachine (ContainerStateMachine.java:takeSnapshot(285)) - group-5F246D87C751: Taking a snapshot at:(t:1, i:4) file /workdir/hadoop-ozone/integration-test/target/test-dir/MiniOzoneClusterImpl-ec73e7b8-24c6-4197-838c-bd0443d97e1c/datanode-9/data/ratis/1bad0bf1-bdbb-4e45-b448-5f246d87c751/sm/snapshot.1_4
2019-11-16 00:26:58,768 [ForkJoinPool.commonPool-worker-0] INFO  utils.BackgroundService (BackgroundService.java:shutdown(151)) - Shutting down service BlockDeletingService
2019-11-16 00:26:58,769 [ForkJoinPool.commonPool-worker-0] INFO  statemachine.DatanodeStateMachine (DatanodeStateMachine.java:stopDaemon(400)) - Ozone container server stopped.
2019-11-16 00:26:58,771 [ForkJoinPool.commonPool-worker-0] INFO  handler.ContextHandler (ContextHandler.java:doStop(910)) - Stopped o.e.j.w.WebAppContext@403364e9{/,null,UNAVAILABLE}{/hddsDatanode}
2019-11-16 00:26:58,772 [ForkJoinPool.commonPool-worker-0] INFO  server.AbstractConnector (AbstractConnector.java:doStop(318)) - Stopped ServerConnector@447521e{HTTP/1.1,[http/1.1]}{0.0.0.0:0}
2019-11-16 00:26:58,773 [ForkJoinPool.commonPool-worker-0] INFO  handler.ContextHandler (ContextHandler.java:doStop(910)) - Stopped o.e.j.s.ServletContextHandler@79195c22{/static,jar:file:/home/user/.m2/repository/org/apache/hadoop/hadoop-hdds-container-service/0.5.0-SNAPSHOT/hadoop-hdds-container-service-0.5.0-SNAPSHOT.jar!/webapps/static,UNAVAILABLE}
2019-11-16 00:26:58,774 [ForkJoinPool.commonPool-worker-0] INFO  handler.ContextHandler (ContextHandler.java:doStop(910)) - Stopped o.e.j.s.ServletContextHandler@6b42e36d{/logs,file:///workdir/hadoop-ozone/integration-test/target/log,UNAVAILABLE}
2019-11-16 00:26:58,778 [1d1fab7d-6382-4228-8566-b1891c590073@group-5F246D87C751-StateMachineUpdater] INFO  ratis.ContainerStateMachine (ContainerStateMachine.java:takeSnapshot(296)) - group-5F246D87C751: Finished taking a snapshot at:(t:1, i:4) file:/workdir/hadoop-ozone/integration-test/target/test-dir/MiniOzoneClusterImpl-ec73e7b8-24c6-4197-838c-bd0443d97e1c/datanode-9/data/ratis/1bad0bf1-bdbb-4e45-b448-5f246d87c751/sm/snapshot.1_4 time:12
2019-11-16 00:26:58,778 [1d1fab7d-6382-4228-8566-b1891c590073@group-5F246D87C751-StateMachineUpdater] INFO  impl.StateMachineUpdater (StateMachineUpdater.java:takeSnapshot(269)) - 1d1fab7d-6382-4228-8566-b1891c590073@group-5F246D87C751-StateMachineUpdater: Took a snapshot at index 4
2019-11-16 00:26:58,778 [1d1fab7d-6382-4228-8566-b1891c590073@group-5F246D87C751-StateMachineUpdater] INFO  impl.StateMachineUpdater (StateMachineUpdater.java:lambda$new$0(84)) - 1d1fab7d-6382-4228-8566-b1891c590073@group-5F246D87C751-StateMachineUpdater: snapshotIndex: updateIncreasingly 4 -> 4
2019-11-16 00:26:58,778 [main] INFO  impl.RaftServerImpl (ServerState.java:close(387)) - 1d1fab7d-6382-4228-8566-b1891c590073@group-5F246D87C751: closes. applyIndex: 9
2019-11-16 00:26:58,779 [1d1fab7d-6382-4228-8566-b1891c590073@group-5F246D87C751-SegmentedRaftLogWorker] INFO  segmented.SegmentedRaftLogWorker (SegmentedRaftLogWorker.java:run(316)) - 1d1fab7d-6382-4228-8566-b1891c590073@group-5F246D87C751-SegmentedRaftLogWorker was interrupted, exiting. There are 0 tasks remaining in the queue.
2019-11-16 00:26:58,779 [main] INFO  segmented.SegmentedRaftLogWorker (SegmentedRaftLogWorker.java:close(224)) - 1d1fab7d-6382-4228-8566-b1891c590073@group-5F246D87C751-SegmentedRaftLogWorker close()
2019-11-16 00:26:58,780 [main] INFO  server.GrpcService (GrpcService.java:closeImpl(164)) - 1d1fab7d-6382-4228-8566-b1891c590073: shutdown server with port 34425 now
2019-11-16 00:26:58,781 [main] INFO  server.GrpcService (GrpcService.java:closeImpl(172)) - 1d1fab7d-6382-4228-8566-b1891c590073: shutdown server with port 34425 successfully
2019-11-16 00:26:58,781 [grpc-default-executor-9] WARN  server.GrpcServerProtocolService (LogUtils.java:warn(134)) - 1d1fab7d-6382-4228-8566-b1891c590073: installSnapshot onError, lastRequest: e887c5fb-6c7f-48d0-908d-014a119bd478->1d1fab7d-6382-4228-8566-b1891c590073#18-t2, previous=(t:2, i:9), leaderCommit=9, initializing? false, entries: <empty>: org.apache.ratis.thirdparty.io.grpc.StatusRuntimeException: CANCELLED: cancelled before receiving half close
2019-11-16 00:26:58,781 [grpc-default-executor-3] WARN  server.GrpcLogAppender (LogUtils.java:warn(134)) - e887c5fb-6c7f-48d0-908d-014a119bd478@group-5F246D87C751->1d1fab7d-6382-4228-8566-b1891c590073-AppendLogResponseHandler: Failed appendEntries: org.apache.ratis.thirdparty.io.grpc.StatusRuntimeException: CANCELLED: HTTP/2 error code: CANCEL
Received Rst Stream
2019-11-16 00:26:58,781 [grpc-default-executor-3] INFO  impl.FollowerInfo (FollowerInfo.java:lambda$new$0(51)) - e887c5fb-6c7f-48d0-908d-014a119bd478@group-5F246D87C751->1d1fab7d-6382-4228-8566-b1891c590073: nextIndex: updateUnconditionally 10 -> 9
2019-11-16 00:26:58,782 [refreshUsed-/workdir/hadoop-ozone/integration-test/target/test-dir/MiniOzoneClusterImpl-ec73e7b8-24c6-4197-838c-bd0443d97e1c/datanode-9/data/containers] WARN  fs.CachingGetSpaceUsed (CachingGetSpaceUsed.java:run(183)) - Thread Interrupted waiting to refresh disk information: sleep interrupted
2019-11-16 00:26:58,792 [main] INFO  utils.BackgroundService (BackgroundService.java:shutdown(151)) - Shutting down service BlockDeletingService
2019-11-16 00:26:58,793 [main] INFO  statemachine.DatanodeStateMachine (DatanodeStateMachine.java:stopDaemon(400)) - Ozone container server stopped.
2019-11-16 00:26:58,794 [main] INFO  handler.ContextHandler (ContextHandler.java:doStop(910)) - Stopped o.e.j.w.WebAppContext@76a6f045{/,null,UNAVAILABLE}{/hddsDatanode}
2019-11-16 00:26:58,794 [main] INFO  server.AbstractConnector (AbstractConnector.java:doStop(318)) - Stopped ServerConnector@633ddc0c{HTTP/1.1,[http/1.1]}{0.0.0.0:0}
2019-11-16 00:26:58,794 [main] INFO  handler.ContextHandler (ContextHandler.java:doStop(910)) - Stopped o.e.j.s.ServletContextHandler@370c7cc5{/static,jar:file:/home/user/.m2/repository/org/apache/hadoop/hadoop-hdds-container-service/0.5.0-SNAPSHOT/hadoop-hdds-container-service-0.5.0-SNAPSHOT.jar!/webapps/static,UNAVAILABLE}
2019-11-16 00:26:58,795 [main] INFO  handler.ContextHandler (ContextHandler.java:doStop(910)) - Stopped o.e.j.s.ServletContextHandler@7ab63838{/logs,file:///workdir/hadoop-ozone/integration-test/target/log,UNAVAILABLE}
2019-11-16 00:26:59,111 [grpc-default-executor-1] WARN  server.GrpcLogAppender (LogUtils.java:warn(134)) - e887c5fb-6c7f-48d0-908d-014a119bd478@group-5F246D87C751->82886741-ea2e-41d6-b944-d04bb5a8b025-AppendLogResponseHandler: Failed appendEntries: org.apache.ratis.thirdparty.io.grpc.StatusRuntimeException: UNAVAILABLE: io exception
2019-11-16 00:26:59,111 [grpc-default-executor-1] INFO  impl.FollowerInfo (FollowerInfo.java:lambda$new$0(51)) - e887c5fb-6c7f-48d0-908d-014a119bd478@group-5F246D87C751->82886741-ea2e-41d6-b944-d04bb5a8b025: nextIndex: updateUnconditionally 0 -> 0
2019-11-16 00:26:59,130 [grpc-default-executor-3] WARN  server.GrpcLogAppender (LogUtils.java:warn(134)) - e887c5fb-6c7f-48d0-908d-014a119bd478@group-5F246D87C751->1d1fab7d-6382-4228-8566-b1891c590073-AppendLogResponseHandler: Failed appendEntries: org.apache.ratis.thirdparty.io.grpc.StatusRuntimeException: UNAVAILABLE: io exception
2019-11-16 00:26:59,130 [grpc-default-executor-3] INFO  impl.FollowerInfo (FollowerInfo.java:lambda$new$0(51)) - e887c5fb-6c7f-48d0-908d-014a119bd478@group-5F246D87C751->1d1fab7d-6382-4228-8566-b1891c590073: nextIndex: updateUnconditionally 9 -> 8
2019-11-16 00:26:59,531 [Datanode State Machine Thread - 0] INFO  statemachine.DatanodeStateMachine (DatanodeStateMachine.java:lambda$startDaemon$0(355)) - Ozone container server started.
2019-11-16 00:26:59,611 [grpc-default-executor-3] WARN  server.GrpcLogAppender (LogUtils.java:warn(134)) - e887c5fb-6c7f-48d0-908d-014a119bd478@group-5F246D87C751->82886741-ea2e-41d6-b944-d04bb5a8b025-AppendLogResponseHandler: Failed appendEntries: org.apache.ratis.thirdparty.io.grpc.StatusRuntimeException: UNAVAILABLE: io exception
2019-11-16 00:26:59,612 [grpc-default-executor-3] INFO  impl.FollowerInfo (FollowerInfo.java:lambda$new$0(51)) - e887c5fb-6c7f-48d0-908d-014a119bd478@group-5F246D87C751->82886741-ea2e-41d6-b944-d04bb5a8b025: nextIndex: updateUnconditionally 0 -> 0
2019-11-16 00:26:59,630 [grpc-default-executor-3] WARN  server.GrpcLogAppender (LogUtils.java:warn(134)) - e887c5fb-6c7f-48d0-908d-014a119bd478@group-5F246D87C751->1d1fab7d-6382-4228-8566-b1891c590073-AppendLogResponseHandler: Failed appendEntries: org.apache.ratis.thirdparty.io.grpc.StatusRuntimeException: UNAVAILABLE: io exception
2019-11-16 00:26:59,630 [grpc-default-executor-3] INFO  impl.FollowerInfo (FollowerInfo.java:lambda$new$0(51)) - e887c5fb-6c7f-48d0-908d-014a119bd478@group-5F246D87C751->1d1fab7d-6382-4228-8566-b1891c590073: nextIndex: updateUnconditionally 8 -> 7
2019-11-16 00:27:00,112 [grpc-default-executor-3] WARN  server.GrpcLogAppender (LogUtils.java:warn(134)) - e887c5fb-6c7f-48d0-908d-014a119bd478@group-5F246D87C751->82886741-ea2e-41d6-b944-d04bb5a8b025-AppendLogResponseHandler: Failed appendEntries: org.apache.ratis.thirdparty.io.grpc.StatusRuntimeException: UNAVAILABLE: io exception
2019-11-16 00:27:00,112 [grpc-default-executor-3] INFO  impl.FollowerInfo (FollowerInfo.java:lambda$new$0(51)) - e887c5fb-6c7f-48d0-908d-014a119bd478@group-5F246D87C751->82886741-ea2e-41d6-b944-d04bb5a8b025: nextIndex: updateUnconditionally 0 -> 0
2019-11-16 00:27:00,130 [grpc-default-executor-1] WARN  server.GrpcLogAppender (LogUtils.java:warn(134)) - e887c5fb-6c7f-48d0-908d-014a119bd478@group-5F246D87C751->1d1fab7d-6382-4228-8566-b1891c590073-AppendLogResponseHandler: Failed appendEntries: org.apache.ratis.thirdparty.io.grpc.StatusRuntimeException: UNAVAILABLE: io exception
2019-11-16 00:27:00,131 [grpc-default-executor-1] INFO  impl.FollowerInfo (FollowerInfo.java:lambda$new$0(51)) - e887c5fb-6c7f-48d0-908d-014a119bd478@group-5F246D87C751->1d1fab7d-6382-4228-8566-b1891c590073: nextIndex: updateUnconditionally 7 -> 6
2019-11-16 00:27:00,612 [grpc-default-executor-1] WARN  server.GrpcLogAppender (LogUtils.java:warn(134)) - e887c5fb-6c7f-48d0-908d-014a119bd478@group-5F246D87C751->82886741-ea2e-41d6-b944-d04bb5a8b025-AppendLogResponseHandler: Failed appendEntries: org.apache.ratis.thirdparty.io.grpc.StatusRuntimeException: UNAVAILABLE: io exception
2019-11-16 00:27:00,613 [grpc-default-executor-1] INFO  impl.FollowerInfo (FollowerInfo.java:lambda$new$0(51)) - e887c5fb-6c7f-48d0-908d-014a119bd478@group-5F246D87C751->82886741-ea2e-41d6-b944-d04bb5a8b025: nextIndex: updateUnconditionally 0 -> 0
2019-11-16 00:27:00,631 [grpc-default-executor-3] WARN  server.GrpcLogAppender (LogUtils.java:warn(134)) - e887c5fb-6c7f-48d0-908d-014a119bd478@group-5F246D87C751->1d1fab7d-6382-4228-8566-b1891c590073-AppendLogResponseHandler: Failed appendEntries: org.apache.ratis.thirdparty.io.grpc.StatusRuntimeException: UNAVAILABLE: io exception
2019-11-16 00:27:00,631 [grpc-default-executor-3] INFO  impl.FollowerInfo (FollowerInfo.java:lambda$new$0(51)) - e887c5fb-6c7f-48d0-908d-014a119bd478@group-5F246D87C751->1d1fab7d-6382-4228-8566-b1891c590073: nextIndex: updateUnconditionally 6 -> 5
2019-11-16 00:27:01,114 [grpc-default-executor-3] WARN  server.GrpcLogAppender (LogUtils.java:warn(134)) - e887c5fb-6c7f-48d0-908d-014a119bd478@group-5F246D87C751->82886741-ea2e-41d6-b944-d04bb5a8b025-AppendLogResponseHandler: Failed appendEntries: org.apache.ratis.thirdparty.io.grpc.StatusRuntimeException: UNAVAILABLE: io exception
2019-11-16 00:27:01,114 [grpc-default-executor-3] INFO  impl.FollowerInfo (FollowerInfo.java:lambda$new$0(51)) - e887c5fb-6c7f-48d0-908d-014a119bd478@group-5F246D87C751->82886741-ea2e-41d6-b944-d04bb5a8b025: nextIndex: updateUnconditionally 0 -> 0
2019-11-16 00:27:01,132 [grpc-default-executor-3] WARN  server.GrpcLogAppender (LogUtils.java:warn(134)) - e887c5fb-6c7f-48d0-908d-014a119bd478@group-5F246D87C751->1d1fab7d-6382-4228-8566-b1891c590073-AppendLogResponseHandler: Failed appendEntries: org.apache.ratis.thirdparty.io.grpc.StatusRuntimeException: UNAVAILABLE: io exception
2019-11-16 00:27:01,132 [grpc-default-executor-3] INFO  impl.FollowerInfo (FollowerInfo.java:lambda$new$0(51)) - e887c5fb-6c7f-48d0-908d-014a119bd478@group-5F246D87C751->1d1fab7d-6382-4228-8566-b1891c590073: nextIndex: updateUnconditionally 5 -> 4
2019-11-16 00:27:01,614 [grpc-default-executor-3] WARN  server.GrpcLogAppender (LogUtils.java:warn(134)) - e887c5fb-6c7f-48d0-908d-014a119bd478@group-5F246D87C751->82886741-ea2e-41d6-b944-d04bb5a8b025-AppendLogResponseHandler: Failed appendEntries: org.apache.ratis.thirdparty.io.grpc.StatusRuntimeException: UNAVAILABLE: io exception
2019-11-16 00:27:01,615 [grpc-default-executor-3] INFO  impl.FollowerInfo (FollowerInfo.java:lambda$new$0(51)) - e887c5fb-6c7f-48d0-908d-014a119bd478@group-5F246D87C751->82886741-ea2e-41d6-b944-d04bb5a8b025: nextIndex: updateUnconditionally 0 -> 0
2019-11-16 00:27:01,632 [grpc-default-executor-1] WARN  server.GrpcLogAppender (LogUtils.java:warn(134)) - e887c5fb-6c7f-48d0-908d-014a119bd478@group-5F246D87C751->1d1fab7d-6382-4228-8566-b1891c590073-AppendLogResponseHandler: Failed appendEntries: org.apache.ratis.thirdparty.io.grpc.StatusRuntimeException: UNAVAILABLE: io exception
2019-11-16 00:27:01,632 [grpc-default-executor-1] INFO  impl.FollowerInfo (FollowerInfo.java:lambda$new$0(51)) - e887c5fb-6c7f-48d0-908d-014a119bd478@group-5F246D87C751->1d1fab7d-6382-4228-8566-b1891c590073: nextIndex: updateUnconditionally 4 -> 3
2019-11-16 00:27:02,118 [grpc-default-executor-1] WARN  server.GrpcLogAppender (LogUtils.java:warn(134)) - e887c5fb-6c7f-48d0-908d-014a119bd478@group-5F246D87C751->82886741-ea2e-41d6-b944-d04bb5a8b025-AppendLogResponseHandler: Failed appendEntries: org.apache.ratis.thirdparty.io.grpc.StatusRuntimeException: UNAVAILABLE: io exception
2019-11-16 00:27:02,119 [grpc-default-executor-1] INFO  impl.FollowerInfo (FollowerInfo.java:lambda$new$0(51)) - e887c5fb-6c7f-48d0-908d-014a119bd478@group-5F246D87C751->82886741-ea2e-41d6-b944-d04bb5a8b025: nextIndex: updateUnconditionally 0 -> 0
2019-11-16 00:27:02,132 [grpc-default-executor-9] WARN  server.GrpcLogAppender (LogUtils.java:warn(134)) - e887c5fb-6c7f-48d0-908d-014a119bd478@group-5F246D87C751->1d1fab7d-6382-4228-8566-b1891c590073-AppendLogResponseHandler: Failed appendEntries: org.apache.ratis.thirdparty.io.grpc.StatusRuntimeException: UNAVAILABLE: io exception
2019-11-16 00:27:02,133 [grpc-default-executor-9] INFO  impl.FollowerInfo (FollowerInfo.java:lambda$new$0(51)) - e887c5fb-6c7f-48d0-908d-014a119bd478@group-5F246D87C751->1d1fab7d-6382-4228-8566-b1891c590073: nextIndex: updateUnconditionally 3 -> 2
2019-11-16 00:27:02,617 [grpc-default-executor-9] WARN  server.GrpcLogAppender (LogUtils.java:warn(134)) - e887c5fb-6c7f-48d0-908d-014a119bd478@group-5F246D87C751->82886741-ea2e-41d6-b944-d04bb5a8b025-AppendLogResponseHandler: Failed appendEntries: org.apache.ratis.thirdparty.io.grpc.StatusRuntimeException: UNAVAILABLE: io exception
2019-11-16 00:27:02,618 [grpc-default-executor-9] INFO  impl.FollowerInfo (FollowerInfo.java:lambda$new$0(51)) - e887c5fb-6c7f-48d0-908d-014a119bd478@group-5F246D87C751->82886741-ea2e-41d6-b944-d04bb5a8b025: nextIndex: updateUnconditionally 0 -> 0
2019-11-16 00:27:02,633 [grpc-default-executor-3] WARN  server.GrpcLogAppender (LogUtils.java:warn(134)) - e887c5fb-6c7f-48d0-908d-014a119bd478@group-5F246D87C751->1d1fab7d-6382-4228-8566-b1891c590073-AppendLogResponseHandler: Failed appendEntries: org.apache.ratis.thirdparty.io.grpc.StatusRuntimeException: UNAVAILABLE: io exception
2019-11-16 00:27:02,633 [grpc-default-executor-3] INFO  impl.FollowerInfo (FollowerInfo.java:lambda$new$0(51)) - e887c5fb-6c7f-48d0-908d-014a119bd478@group-5F246D87C751->1d1fab7d-6382-4228-8566-b1891c590073: nextIndex: updateUnconditionally 2 -> 1
2019-11-16 00:27:03,118 [grpc-default-executor-3] WARN  server.GrpcLogAppender (LogUtils.java:warn(134)) - e887c5fb-6c7f-48d0-908d-014a119bd478@group-5F246D87C751->82886741-ea2e-41d6-b944-d04bb5a8b025-AppendLogResponseHandler: Failed appendEntries: org.apache.ratis.thirdparty.io.grpc.StatusRuntimeException: UNAVAILABLE: io exception
2019-11-16 00:27:03,118 [grpc-default-executor-3] INFO  impl.FollowerInfo (FollowerInfo.java:lambda$new$0(51)) - e887c5fb-6c7f-48d0-908d-014a119bd478@group-5F246D87C751->82886741-ea2e-41d6-b944-d04bb5a8b025: nextIndex: updateUnconditionally 0 -> 0
2019-11-16 00:27:03,133 [grpc-default-executor-3] WARN  server.GrpcLogAppender (LogUtils.java:warn(134)) - e887c5fb-6c7f-48d0-908d-014a119bd478@group-5F246D87C751->1d1fab7d-6382-4228-8566-b1891c590073-AppendLogResponseHandler: Failed appendEntries: org.apache.ratis.thirdparty.io.grpc.StatusRuntimeException: UNAVAILABLE: io exception
2019-11-16 00:27:03,133 [grpc-default-executor-3] INFO  impl.FollowerInfo (FollowerInfo.java:lambda$new$0(51)) - e887c5fb-6c7f-48d0-908d-014a119bd478@group-5F246D87C751->1d1fab7d-6382-4228-8566-b1891c590073: nextIndex: updateUnconditionally 1 -> 0
2019-11-16 00:27:03,618 [grpc-default-executor-3] WARN  server.GrpcLogAppender (LogUtils.java:warn(134)) - e887c5fb-6c7f-48d0-908d-014a119bd478@group-5F246D87C751->82886741-ea2e-41d6-b944-d04bb5a8b025-AppendLogResponseHandler: Failed appendEntries: org.apache.ratis.thirdparty.io.grpc.StatusRuntimeException: UNAVAILABLE: io exception
2019-11-16 00:27:03,619 [grpc-default-executor-3] INFO  impl.FollowerInfo (FollowerInfo.java:lambda$new$0(51)) - e887c5fb-6c7f-48d0-908d-014a119bd478@group-5F246D87C751->82886741-ea2e-41d6-b944-d04bb5a8b025: nextIndex: updateUnconditionally 0 -> 0
2019-11-16 00:27:03,633 [grpc-default-executor-3] WARN  server.GrpcLogAppender (LogUtils.java:warn(134)) - e887c5fb-6c7f-48d0-908d-014a119bd478@group-5F246D87C751->1d1fab7d-6382-4228-8566-b1891c590073-AppendLogResponseHandler: Failed appendEntries: org.apache.ratis.thirdparty.io.grpc.StatusRuntimeException: UNAVAILABLE: io exception
2019-11-16 00:27:03,634 [grpc-default-executor-3] INFO  impl.FollowerInfo (FollowerInfo.java:lambda$new$0(51)) - e887c5fb-6c7f-48d0-908d-014a119bd478@group-5F246D87C751->1d1fab7d-6382-4228-8566-b1891c590073: nextIndex: updateUnconditionally 0 -> 0
2019-11-16 00:27:03,777 [ForkJoinPool.commonPool-worker-0] INFO  ozoneimpl.OzoneContainer (OzoneContainer.java:stop(244)) - Attempting to stop container services.
2019-11-16 00:27:03,778 [ForkJoinPool.commonPool-worker-0] INFO  impl.RaftServerProxy (RaftServerProxy.java:lambda$close$4(314)) - e887c5fb-6c7f-48d0-908d-014a119bd478: close
2019-11-16 00:27:03,779 [ForkJoinPool.commonPool-worker-0] INFO  impl.RaftServerImpl (RaftServerImpl.java:lambda$shutdown$3(250)) - e887c5fb-6c7f-48d0-908d-014a119bd478@group-5F246D87C751: shutdown
2019-11-16 00:27:03,779 [ForkJoinPool.commonPool-worker-0] INFO  util.JmxRegister (JmxRegister.java:unregister(73)) - Successfully un-registered JMX Bean with object name Ratis:service=RaftServer,group=group-5F246D87C751,id=e887c5fb-6c7f-48d0-908d-014a119bd478
2019-11-16 00:27:03,779 [ForkJoinPool.commonPool-worker-0] INFO  impl.RoleInfo (RoleInfo.java:shutdownLeaderState(104)) - e887c5fb-6c7f-48d0-908d-014a119bd478: shutdown LeaderState
2019-11-16 00:27:03,785 [org.apache.ratis.server.impl.LogAppender$AppenderDaemon$$Lambda$427/371179679@17348f4e] WARN  server.GrpcLogAppender (GrpcLogAppender.java:mayWait(151)) - e887c5fb-6c7f-48d0-908d-014a119bd478@group-5F246D87C751->82886741-ea2e-41d6-b944-d04bb5a8b025-GrpcLogAppender: Wait interrupted by java.lang.InterruptedException
2019-11-16 00:27:03,785 [org.apache.ratis.server.impl.LogAppender$AppenderDaemon$$Lambda$427/371179679@79e3388a] WARN  server.GrpcLogAppender (GrpcLogAppender.java:mayWait(151)) - e887c5fb-6c7f-48d0-908d-014a119bd478@group-5F246D87C751->1d1fab7d-6382-4228-8566-b1891c590073-GrpcLogAppender: Wait interrupted by java.lang.InterruptedException
2019-11-16 00:27:03,785 [ForkJoinPool.commonPool-worker-0] INFO  impl.PendingRequests (PendingRequests.java:sendNotLeaderResponses(206)) - e887c5fb-6c7f-48d0-908d-014a119bd478@group-5F246D87C751-PendingRequests: sendNotLeaderResponses
2019-11-16 00:27:03,786 [ForkJoinPool.commonPool-worker-0] INFO  impl.StateMachineUpdater (StateMachineUpdater.java:stopAndJoin(136)) - e887c5fb-6c7f-48d0-908d-014a119bd478@group-5F246D87C751-StateMachineUpdater: set stopIndex = 9
2019-11-16 00:27:03,786 [e887c5fb-6c7f-48d0-908d-014a119bd478@group-5F246D87C751-StateMachineUpdater] INFO  ratis.ContainerStateMachine (ContainerStateMachine.java:takeSnapshot(285)) - group-5F246D87C751: Taking a snapshot at:(t:1, i:4) file /workdir/hadoop-ozone/integration-test/target/test-dir/MiniOzoneClusterImpl-ec73e7b8-24c6-4197-838c-bd0443d97e1c/datanode-7/data/ratis/1bad0bf1-bdbb-4e45-b448-5f246d87c751/sm/snapshot.1_4
2019-11-16 00:27:03,800 [e887c5fb-6c7f-48d0-908d-014a119bd478@group-5F246D87C751-StateMachineUpdater] INFO  ratis.ContainerStateMachine (ContainerStateMachine.java:takeSnapshot(296)) - group-5F246D87C751: Finished taking a snapshot at:(t:1, i:4) file:/workdir/hadoop-ozone/integration-test/target/test-dir/MiniOzoneClusterImpl-ec73e7b8-24c6-4197-838c-bd0443d97e1c/datanode-7/data/ratis/1bad0bf1-bdbb-4e45-b448-5f246d87c751/sm/snapshot.1_4 time:13
2019-11-16 00:27:03,800 [e887c5fb-6c7f-48d0-908d-014a119bd478@group-5F246D87C751-StateMachineUpdater] INFO  impl.StateMachineUpdater (StateMachineUpdater.java:takeSnapshot(269)) - e887c5fb-6c7f-48d0-908d-014a119bd478@group-5F246D87C751-StateMachineUpdater: Took a snapshot at index 4
2019-11-16 00:27:03,800 [e887c5fb-6c7f-48d0-908d-014a119bd478@group-5F246D87C751-StateMachineUpdater] INFO  impl.StateMachineUpdater (StateMachineUpdater.java:lambda$new$0(84)) - e887c5fb-6c7f-48d0-908d-014a119bd478@group-5F246D87C751-StateMachineUpdater: snapshotIndex: updateIncreasingly -1 -> 4
2019-11-16 00:27:03,801 [e887c5fb-6c7f-48d0-908d-014a119bd478@group-5F246D87C751-StateMachineUpdater] INFO  ratis.ContainerStateMachine (ContainerStateMachine.java:takeSnapshot(285)) - group-5F246D87C751: Taking a snapshot at:(t:1, i:4) file /workdir/hadoop-ozone/integration-test/target/test-dir/MiniOzoneClusterImpl-ec73e7b8-24c6-4197-838c-bd0443d97e1c/datanode-7/data/ratis/1bad0bf1-bdbb-4e45-b448-5f246d87c751/sm/snapshot.1_4
2019-11-16 00:27:03,812 [e887c5fb-6c7f-48d0-908d-014a119bd478@group-5F246D87C751-StateMachineUpdater] INFO  ratis.ContainerStateMachine (ContainerStateMachine.java:takeSnapshot(296)) - group-5F246D87C751: Finished taking a snapshot at:(t:1, i:4) file:/workdir/hadoop-ozone/integration-test/target/test-dir/MiniOzoneClusterImpl-ec73e7b8-24c6-4197-838c-bd0443d97e1c/datanode-7/data/ratis/1bad0bf1-bdbb-4e45-b448-5f246d87c751/sm/snapshot.1_4 time:11
2019-11-16 00:27:03,812 [e887c5fb-6c7f-48d0-908d-014a119bd478@group-5F246D87C751-StateMachineUpdater] INFO  impl.StateMachineUpdater (StateMachineUpdater.java:takeSnapshot(269)) - e887c5fb-6c7f-48d0-908d-014a119bd478@group-5F246D87C751-StateMachineUpdater: Took a snapshot at index 4
2019-11-16 00:27:03,812 [e887c5fb-6c7f-48d0-908d-014a119bd478@group-5F246D87C751-StateMachineUpdater] INFO  impl.StateMachineUpdater (StateMachineUpdater.java:lambda$new$0(84)) - e887c5fb-6c7f-48d0-908d-014a119bd478@group-5F246D87C751-StateMachineUpdater: snapshotIndex: updateIncreasingly 4 -> 4
2019-11-16 00:27:03,812 [ForkJoinPool.commonPool-worker-0] INFO  impl.RaftServerImpl (ServerState.java:close(387)) - e887c5fb-6c7f-48d0-908d-014a119bd478@group-5F246D87C751: closes. applyIndex: 9
2019-11-16 00:27:03,813 [e887c5fb-6c7f-48d0-908d-014a119bd478@group-5F246D87C751-SegmentedRaftLogWorker] INFO  segmented.SegmentedRaftLogWorker (SegmentedRaftLogWorker.java:run(316)) - e887c5fb-6c7f-48d0-908d-014a119bd478@group-5F246D87C751-SegmentedRaftLogWorker was interrupted, exiting. There are 0 tasks remaining in the queue.
2019-11-16 00:27:03,813 [ForkJoinPool.commonPool-worker-0] INFO  segmented.SegmentedRaftLogWorker (SegmentedRaftLogWorker.java:close(224)) - e887c5fb-6c7f-48d0-908d-014a119bd478@group-5F246D87C751-SegmentedRaftLogWorker close()
2019-11-16 00:27:03,814 [ForkJoinPool.commonPool-worker-0] INFO  impl.RaftServerImpl (RaftServerImpl.java:lambda$shutdown$3(250)) - e887c5fb-6c7f-48d0-908d-014a119bd478@group-9DE2FB05DAD4: shutdown
2019-11-16 00:27:03,814 [ForkJoinPool.commonPool-worker-0] INFO  util.JmxRegister (JmxRegister.java:unregister(73)) - Successfully un-registered JMX Bean with object name Ratis:service=RaftServer,group=group-9DE2FB05DAD4,id=e887c5fb-6c7f-48d0-908d-014a119bd478
2019-11-16 00:27:03,814 [ForkJoinPool.commonPool-worker-0] INFO  impl.RoleInfo (RoleInfo.java:shutdownLeaderState(104)) - e887c5fb-6c7f-48d0-908d-014a119bd478: shutdown LeaderState
2019-11-16 00:27:03,815 [ForkJoinPool.commonPool-worker-0] INFO  impl.PendingRequests (PendingRequests.java:sendNotLeaderResponses(206)) - e887c5fb-6c7f-48d0-908d-014a119bd478@group-9DE2FB05DAD4-PendingRequests: sendNotLeaderResponses
2019-11-16 00:27:03,815 [ForkJoinPool.commonPool-worker-0] INFO  impl.StateMachineUpdater (StateMachineUpdater.java:stopAndJoin(136)) - e887c5fb-6c7f-48d0-908d-014a119bd478@group-9DE2FB05DAD4-StateMachineUpdater: set stopIndex = 0
2019-11-16 00:27:03,815 [ForkJoinPool.commonPool-worker-0] INFO  impl.RaftServerImpl (ServerState.java:close(387)) - e887c5fb-6c7f-48d0-908d-014a119bd478@group-9DE2FB05DAD4: closes. applyIndex: 0
2019-11-16 00:27:03,816 [e887c5fb-6c7f-48d0-908d-014a119bd478@group-9DE2FB05DAD4-SegmentedRaftLogWorker] INFO  segmented.SegmentedRaftLogWorker (SegmentedRaftLogWorker.java:run(316)) - e887c5fb-6c7f-48d0-908d-014a119bd478@group-9DE2FB05DAD4-SegmentedRaftLogWorker was interrupted, exiting. There are 0 tasks remaining in the queue.
2019-11-16 00:27:03,816 [ForkJoinPool.commonPool-worker-0] INFO  segmented.SegmentedRaftLogWorker (SegmentedRaftLogWorker.java:close(224)) - e887c5fb-6c7f-48d0-908d-014a119bd478@group-9DE2FB05DAD4-SegmentedRaftLogWorker close()
2019-11-16 00:27:03,816 [ForkJoinPool.commonPool-worker-0] INFO  server.GrpcService (GrpcService.java:closeImpl(164)) - e887c5fb-6c7f-48d0-908d-014a119bd478: shutdown server with port 44398 now
2019-11-16 00:27:03,817 [ForkJoinPool.commonPool-worker-0] INFO  server.GrpcService (GrpcService.java:closeImpl(172)) - e887c5fb-6c7f-48d0-908d-014a119bd478: shutdown server with port 44398 successfully
2019-11-16 00:27:03,819 [refreshUsed-/workdir/hadoop-ozone/integration-test/target/test-dir/MiniOzoneClusterImpl-ec73e7b8-24c6-4197-838c-bd0443d97e1c/datanode-7/data/containers] WARN  fs.CachingGetSpaceUsed (CachingGetSpaceUsed.java:run(183)) - Thread Interrupted waiting to refresh disk information: sleep interrupted
2019-11-16 00:27:03,835 [ForkJoinPool.commonPool-worker-0] INFO  utils.BackgroundService (BackgroundService.java:shutdown(151)) - Shutting down service BlockDeletingService
2019-11-16 00:27:03,836 [ForkJoinPool.commonPool-worker-0] INFO  statemachine.DatanodeStateMachine (DatanodeStateMachine.java:stopDaemon(400)) - Ozone container server stopped.
2019-11-16 00:27:03,839 [ForkJoinPool.commonPool-worker-0] INFO  handler.ContextHandler (ContextHandler.java:doStop(910)) - Stopped o.e.j.w.WebAppContext@760f1081{/,null,UNAVAILABLE}{/hddsDatanode}
2019-11-16 00:27:03,840 [ForkJoinPool.commonPool-worker-0] INFO  server.AbstractConnector (AbstractConnector.java:doStop(318)) - Stopped ServerConnector@52621501{HTTP/1.1,[http/1.1]}{0.0.0.0:0}
2019-11-16 00:27:03,841 [ForkJoinPool.commonPool-worker-0] INFO  handler.ContextHandler (ContextHandler.java:doStop(910)) - Stopped o.e.j.s.ServletContextHandler@5e2a6991{/static,jar:file:/home/user/.m2/repository/org/apache/hadoop/hadoop-hdds-container-service/0.5.0-SNAPSHOT/hadoop-hdds-container-service-0.5.0-SNAPSHOT.jar!/webapps/static,UNAVAILABLE}
2019-11-16 00:27:03,842 [ForkJoinPool.commonPool-worker-0] INFO  handler.ContextHandler (ContextHandler.java:doStop(910)) - Stopped o.e.j.s.ServletContextHandler@20a3e10c{/logs,file:///workdir/hadoop-ozone/integration-test/target/log,UNAVAILABLE}
2019-11-16 00:27:03,843 [main] INFO  ozone.MiniOzoneClusterImpl (MiniOzoneClusterImpl.java:stopSCM(430)) - Stopping the StorageContainerManager
2019-11-16 00:27:03,843 [main] INFO  server.StorageContainerManager (StorageContainerManager.java:stop(804)) - Stopping Replication Manager Service.
2019-11-16 00:27:03,844 [main] INFO  container.ReplicationManager (ReplicationManager.java:stop(203)) - Stopping Replication Monitor Thread.
2019-11-16 00:27:03,844 [main] INFO  server.StorageContainerManager (StorageContainerManager.java:stop(811)) - Stopping Lease Manager of the command watchers
2019-11-16 00:27:03,844 [main] INFO  server.StorageContainerManager (StorageContainerManager.java:stop(818)) - Stopping datanode service RPC server
2019-11-16 00:27:03,844 [main] INFO  server.SCMDatanodeProtocolServer (SCMDatanodeProtocolServer.java:stop(346)) - Stopping the RPC server for DataNodes
2019-11-16 00:27:03,844 [main] INFO  ipc.Server (Server.java:stop(3082)) - Stopping server on 42806
2019-11-16 00:27:03,846 [IPC Server listener on 42806] INFO  ipc.Server (Server.java:run(1185)) - Stopping IPC Server listener on 42806
2019-11-16 00:27:03,846 [IPC Server Responder] INFO  ipc.Server (Server.java:run(1319)) - Stopping IPC Server Responder
2019-11-16 00:27:03,871 [SCM Heartbeat Processing Thread - 0] WARN  node.NodeStateManager (NodeStateManager.java:scheduleNextHealthCheck(646)) - Current Thread is interrupted, shutting down HB processing thread for Node Manager.
2019-11-16 00:27:03,871 [main] INFO  server.StorageContainerManager (StorageContainerManager.java:stop(826)) - Stopping block service RPC server
2019-11-16 00:27:03,872 [main] INFO  server.SCMBlockProtocolServer (SCMBlockProtocolServer.java:stop(155)) - Stopping the RPC server for Block Protocol
2019-11-16 00:27:03,872 [main] INFO  ipc.Server (Server.java:stop(3082)) - Stopping server on 36711
2019-11-16 00:27:03,873 [IPC Server listener on 36711] INFO  ipc.Server (Server.java:run(1185)) - Stopping IPC Server listener on 36711
2019-11-16 00:27:03,873 [main] INFO  server.StorageContainerManager (StorageContainerManager.java:stop(833)) - Stopping the StorageContainerLocationProtocol RPC server
2019-11-16 00:27:03,873 [IPC Server Responder] INFO  ipc.Server (Server.java:run(1319)) - Stopping IPC Server Responder
2019-11-16 00:27:03,874 [main] INFO  server.SCMClientProtocolServer (SCMClientProtocolServer.java:stop(169)) - Stopping the RPC server for Client Protocol
2019-11-16 00:27:03,874 [main] INFO  ipc.Server (Server.java:stop(3082)) - Stopping server on 44401
2019-11-16 00:27:03,875 [IPC Server listener on 44401] INFO  ipc.Server (Server.java:run(1185)) - Stopping IPC Server listener on 44401
2019-11-16 00:27:03,875 [main] INFO  server.StorageContainerManager (StorageContainerManager.java:stop(840)) - Stopping Storage Container Manager HTTP server.
2019-11-16 00:27:03,876 [IPC Server Responder] INFO  ipc.Server (Server.java:run(1319)) - Stopping IPC Server Responder
2019-11-16 00:27:03,877 [main] INFO  handler.ContextHandler (ContextHandler.java:doStop(910)) - Stopped o.e.j.w.WebAppContext@52ba685a{/,null,UNAVAILABLE}{/scm}
2019-11-16 00:27:03,877 [main] INFO  server.AbstractConnector (AbstractConnector.java:doStop(318)) - Stopped ServerConnector@63d677f5{HTTP/1.1,[http/1.1]}{0.0.0.0:0}
2019-11-16 00:27:03,877 [main] INFO  handler.ContextHandler (ContextHandler.java:doStop(910)) - Stopped o.e.j.s.ServletContextHandler@530ee28b{/static,file:///workdir/hadoop-ozone/integration-test/target/test-classes/webapps/static,UNAVAILABLE}
2019-11-16 00:27:03,877 [main] INFO  handler.ContextHandler (ContextHandler.java:doStop(910)) - Stopped o.e.j.s.ServletContextHandler@29bbc391{/logs,file:///workdir/hadoop-ozone/integration-test/target/log,UNAVAILABLE}
2019-11-16 00:27:03,878 [main] INFO  server.StorageContainerManager (StorageContainerManager.java:stop(851)) - Stopping Block Manager Service.
2019-11-16 00:27:03,878 [main] INFO  utils.BackgroundService (BackgroundService.java:shutdown(151)) - Shutting down service SCMBlockDeletingService
2019-11-16 00:27:03,878 [main] INFO  utils.BackgroundService (BackgroundService.java:shutdown(151)) - Shutting down service SCMBlockDeletingService
2019-11-16 00:27:03,878 [main] INFO  server.StorageContainerManager (StorageContainerManager.java:stop(873)) - Stopping SCM Event Queue.
2019-11-16 00:27:03,884 [main] INFO  impl.MetricsSystemImpl (MetricsSystemImpl.java:stop(210)) - Stopping HddsDatanode metrics system...
2019-11-16 00:27:03,900 [main] INFO  impl.MetricsSystemImpl (MetricsSystemImpl.java:stop(216)) - HddsDatanode metrics system stopped.
]]></system-out>
    <system-err><![CDATA[Nov 16, 2019 12:26:43 AM org.apache.ratis.thirdparty.io.grpc.internal.SerializingExecutor run
SEVERE: Exception while executing runnable org.apache.ratis.thirdparty.io.grpc.internal.ServerImpl$JumpToApplicationThreadServerStreamListener$1Closed@7c3032a9
org.apache.ratis.thirdparty.io.grpc.StatusRuntimeException: CANCELLED: call already cancelled
	at org.apache.ratis.thirdparty.io.grpc.Status.asRuntimeException(Status.java:517)
	at org.apache.ratis.thirdparty.io.grpc.stub.ServerCalls$ServerCallStreamObserverImpl.onCompleted(ServerCalls.java:356)
	at org.apache.ratis.grpc.server.GrpcServerProtocolService$ServerRequestStreamObserver.onError(GrpcServerProtocolService.java:121)
	at org.apache.ratis.thirdparty.io.grpc.stub.ServerCalls$StreamingServerCallHandler$StreamingServerCallListener.onCancel(ServerCalls.java:269)
	at org.apache.ratis.thirdparty.io.grpc.internal.ServerCallImpl$ServerStreamListenerImpl.closed(ServerCallImpl.java:293)
	at org.apache.ratis.thirdparty.io.grpc.internal.ServerImpl$JumpToApplicationThreadServerStreamListener$1Closed.runInContext(ServerImpl.java:741)
	at org.apache.ratis.thirdparty.io.grpc.internal.ContextRunnable.run(ContextRunnable.java:37)
	at org.apache.ratis.thirdparty.io.grpc.internal.SerializingExecutor.run(SerializingExecutor.java:123)
	at java.util.concurrent.ThreadPoolExecutor.runWorker(ThreadPoolExecutor.java:1149)
	at java.util.concurrent.ThreadPoolExecutor$Worker.run(ThreadPoolExecutor.java:624)
	at java.lang.Thread.run(Thread.java:748)

Nov 16, 2019 12:26:58 AM org.apache.ratis.thirdparty.io.grpc.internal.SerializingExecutor run
SEVERE: Exception while executing runnable org.apache.ratis.thirdparty.io.grpc.internal.ServerImpl$JumpToApplicationThreadServerStreamListener$1Closed@7c64d5dd
org.apache.ratis.thirdparty.io.grpc.StatusRuntimeException: CANCELLED: call already cancelled
	at org.apache.ratis.thirdparty.io.grpc.Status.asRuntimeException(Status.java:517)
	at org.apache.ratis.thirdparty.io.grpc.stub.ServerCalls$ServerCallStreamObserverImpl.onCompleted(ServerCalls.java:356)
	at org.apache.ratis.grpc.server.GrpcServerProtocolService$ServerRequestStreamObserver.onError(GrpcServerProtocolService.java:121)
	at org.apache.ratis.thirdparty.io.grpc.stub.ServerCalls$StreamingServerCallHandler$StreamingServerCallListener.onCancel(ServerCalls.java:269)
	at org.apache.ratis.thirdparty.io.grpc.internal.ServerCallImpl$ServerStreamListenerImpl.closed(ServerCallImpl.java:293)
	at org.apache.ratis.thirdparty.io.grpc.internal.ServerImpl$JumpToApplicationThreadServerStreamListener$1Closed.runInContext(ServerImpl.java:741)
	at org.apache.ratis.thirdparty.io.grpc.internal.ContextRunnable.run(ContextRunnable.java:37)
	at org.apache.ratis.thirdparty.io.grpc.internal.SerializingExecutor.run(SerializingExecutor.java:123)
	at java.util.concurrent.ThreadPoolExecutor.runWorker(ThreadPoolExecutor.java:1149)
	at java.util.concurrent.ThreadPoolExecutor$Worker.run(ThreadPoolExecutor.java:624)
	at java.lang.Thread.run(Thread.java:748)

]]></system-err>
  </testcase>
</testsuite>