<?xml version="1.0" encoding="UTF-8"?>
<testsuite xmlns:xsi="http://www.w3.org/2001/XMLSchema-instance" xsi:noNamespaceSchemaLocation="https://maven.apache.org/surefire/maven-surefire-plugin/xsd/surefire-test-report.xsd" name="org.apache.hadoop.ozone.client.rpc.TestDeleteWithSlowFollower" time="136.892" tests="1" errors="0" skipped="0" failures="1">
  <properties>
    <property name="awt.toolkit" value="sun.awt.X11.XToolkit"/>
    <property name="file.encoding.pkg" value="sun.io"/>
    <property name="java.specification.version" value="1.8"/>
    <property name="sun.cpu.isalist" value=""/>
    <property name="sun.jnu.encoding" value="ANSI_X3.4-1968"/>
    <property name="java.class.path" value="/workdir/hadoop-ozone/integration-test/target/test-classes:/workdir/hadoop-ozone/integration-test/target/classes:/home/user/.m2/repository/org/apache/hadoop/hadoop-ozone-common/0.5.0-SNAPSHOT/hadoop-ozone-common-0.5.0-SNAPSHOT.jar:/home/user/.m2/repository/org/apache/commons/commons-compress/1.4.1/commons-compress-1.4.1.jar:/home/user/.m2/repository/org/tukaani/xz/1.0/xz-1.0.jar:/home/user/.m2/repository/org/apache/hadoop/hadoop-common/3.2.0/hadoop-common-3.2.0.jar:/home/user/.m2/repository/org/apache/hadoop/hadoop-hdfs/3.2.0/hadoop-hdfs-3.2.0.jar:/home/user/.m2/repository/org/apache/hadoop/hadoop-hdfs-client/3.2.0/hadoop-hdfs-client-3.2.0.jar:/home/user/.m2/repository/com/fasterxml/jackson/core/jackson-annotations/2.9.9/jackson-annotations-2.9.9.jar:/home/user/.m2/repository/org/apache/hadoop/hadoop-hdds-common/0.5.0-SNAPSHOT/hadoop-hdds-common-0.5.0-SNAPSHOT.jar:/home/user/.m2/repository/javax/annotation/javax.annotation-api/1.2/javax.annotation-api-1.2.jar:/home/user/.m2/repository/org/apache/ratis/ratis-server/0.5.0-ced7dbf-SNAPSHOT/ratis-server-0.5.0-ced7dbf-SNAPSHOT.jar:/home/user/.m2/repository/org/apache/ratis/ratis-thirdparty-misc/0.2.0/ratis-thirdparty-misc-0.2.0.jar:/home/user/.m2/repository/org/apache/ratis/ratis-proto/0.5.0-ced7dbf-SNAPSHOT/ratis-proto-0.5.0-ced7dbf-SNAPSHOT.jar:/home/user/.m2/repository/org/apache/ratis/ratis-common/0.5.0-ced7dbf-SNAPSHOT/ratis-common-0.5.0-ced7dbf-SNAPSHOT.jar:/home/user/.m2/repository/org/apache/ratis/ratis-client/0.5.0-ced7dbf-SNAPSHOT/ratis-client-0.5.0-ced7dbf-SNAPSHOT.jar:/home/user/.m2/repository/org/apache/ratis/ratis-metrics/0.5.0-ced7dbf-SNAPSHOT/ratis-metrics-0.5.0-ced7dbf-SNAPSHOT.jar:/home/user/.m2/repository/org/apache/ratis/ratis-netty/0.5.0-ced7dbf-SNAPSHOT/ratis-netty-0.5.0-ced7dbf-SNAPSHOT.jar:/home/user/.m2/repository/org/apache/ratis/ratis-grpc/0.5.0-ced7dbf-SNAPSHOT/ratis-grpc-0.5.0-ced7dbf-SNAPSHOT.jar:/home/user/.m2/repository/org/rocksdb/rocksdbjni/6.0.1/rocksdbjni-6.0.1.jar:/home/user/.m2/repository/org/apache/logging/log4j/log4j-api/2.11.0/log4j-api-2.11.0.jar:/home/user/.m2/repository/org/apache/logging/log4j/log4j-core/2.11.0/log4j-core-2.11.0.jar:/home/user/.m2/repository/com/lmax/disruptor/3.4.2/disruptor-3.4.2.jar:/home/user/.m2/repository/org/apache/commons/commons-pool2/2.6.0/commons-pool2-2.6.0.jar:/home/user/.m2/repository/org/bouncycastle/bcpkix-jdk15on/1.60/bcpkix-jdk15on-1.60.jar:/home/user/.m2/repository/commons-validator/commons-validator/1.6/commons-validator-1.6.jar:/home/user/.m2/repository/commons-digester/commons-digester/1.8.1/commons-digester-1.8.1.jar:/home/user/.m2/repository/io/jaegertracing/jaeger-client/0.34.0/jaeger-client-0.34.0.jar:/home/user/.m2/repository/io/jaegertracing/jaeger-thrift/0.34.0/jaeger-thrift-0.34.0.jar:/home/user/.m2/repository/org/apache/thrift/libthrift/0.12.0/libthrift-0.12.0.jar:/home/user/.m2/repository/com/squareup/okhttp3/okhttp/3.9.0/okhttp-3.9.0.jar:/home/user/.m2/repository/com/squareup/okio/okio/1.13.0/okio-1.13.0.jar:/home/user/.m2/repository/io/jaegertracing/jaeger-core/0.34.0/jaeger-core-0.34.0.jar:/home/user/.m2/repository/io/jaegertracing/jaeger-tracerresolver/0.34.0/jaeger-tracerresolver-0.34.0.jar:/home/user/.m2/repository/io/opentracing/contrib/opentracing-tracerresolver/0.1.5/opentracing-tracerresolver-0.1.5.jar:/home/user/.m2/repository/io/opentracing/opentracing-util/0.31.0/opentracing-util-0.31.0.jar:/home/user/.m2/repository/io/opentracing/opentracing-api/0.31.0/opentracing-api-0.31.0.jar:/home/user/.m2/repository/io/opentracing/opentracing-noop/0.31.0/opentracing-noop-0.31.0.jar:/home/user/.m2/repository/org/apache/hadoop/hadoop-hdds-server-framework/0.5.0-SNAPSHOT/hadoop-hdds-server-framework-0.5.0-SNAPSHOT.jar:/home/user/.m2/repository/org/apache/hadoop/hadoop-hdds-container-service/0.5.0-SNAPSHOT/hadoop-hdds-container-service-0.5.0-SNAPSHOT.jar:/home/user/.m2/repository/org/apache/hadoop/hadoop-hdds-client/0.5.0-SNAPSHOT/hadoop-hdds-client-0.5.0-SNAPSHOT.jar:/home/user/.m2/repository/org/apache/hadoop/hadoop-hdds-tools/0.5.0-SNAPSHOT/hadoop-hdds-tools-0.5.0-SNAPSHOT.jar:/home/user/.m2/repository/org/apache/hadoop/hadoop-hdds-server-scm/0.5.0-SNAPSHOT/hadoop-hdds-server-scm-0.5.0-SNAPSHOT.jar:/home/user/.m2/repository/org/apache/hadoop/hadoop-hdds-docs/0.5.0-SNAPSHOT/hadoop-hdds-docs-0.5.0-SNAPSHOT.jar:/home/user/.m2/repository/io/dropwizard/metrics/metrics-core/3.2.4/metrics-core-3.2.4.jar:/home/user/.m2/repository/org/hamcrest/hamcrest-all/1.3/hamcrest-all-1.3.jar:/home/user/.m2/repository/org/bouncycastle/bcprov-jdk15on/1.60/bcprov-jdk15on-1.60.jar:/home/user/.m2/repository/info/picocli/picocli/3.9.6/picocli-3.9.6.jar:/home/user/.m2/repository/com/google/protobuf/protobuf-java/2.5.0/protobuf-java-2.5.0.jar:/home/user/.m2/repository/com/google/guava/guava/11.0.2/guava-11.0.2.jar:/home/user/.m2/repository/org/apache/hadoop/hadoop-ozone-ozone-manager/0.5.0-SNAPSHOT/hadoop-ozone-ozone-manager-0.5.0-SNAPSHOT.jar:/home/user/.m2/repository/org/apache/hadoop/hadoop-minikdc/3.2.0/hadoop-minikdc-3.2.0.jar:/home/user/.m2/repository/commons-io/commons-io/2.5/commons-io-2.5.jar:/home/user/.m2/repository/org/apache/kerby/kerb-simplekdc/1.0.1/kerb-simplekdc-1.0.1.jar:/home/user/.m2/repository/org/apache/kerby/kerb-client/1.0.1/kerb-client-1.0.1.jar:/home/user/.m2/repository/org/apache/kerby/kerby-config/1.0.1/kerby-config-1.0.1.jar:/home/user/.m2/repository/org/apache/kerby/kerb-core/1.0.1/kerb-core-1.0.1.jar:/home/user/.m2/repository/org/apache/kerby/kerby-pkix/1.0.1/kerby-pkix-1.0.1.jar:/home/user/.m2/repository/org/apache/kerby/kerby-asn1/1.0.1/kerby-asn1-1.0.1.jar:/home/user/.m2/repository/org/apache/kerby/kerby-util/1.0.1/kerby-util-1.0.1.jar:/home/user/.m2/repository/org/apache/kerby/kerb-common/1.0.1/kerb-common-1.0.1.jar:/home/user/.m2/repository/org/apache/kerby/kerb-crypto/1.0.1/kerb-crypto-1.0.1.jar:/home/user/.m2/repository/org/apache/kerby/kerb-util/1.0.1/kerb-util-1.0.1.jar:/home/user/.m2/repository/org/apache/kerby/token-provider/1.0.1/token-provider-1.0.1.jar:/home/user/.m2/repository/org/apache/kerby/kerb-admin/1.0.1/kerb-admin-1.0.1.jar:/home/user/.m2/repository/org/apache/kerby/kerb-server/1.0.1/kerb-server-1.0.1.jar:/home/user/.m2/repository/org/apache/kerby/kerb-identity/1.0.1/kerb-identity-1.0.1.jar:/home/user/.m2/repository/org/apache/kerby/kerby-xdr/1.0.1/kerby-xdr-1.0.1.jar:/home/user/.m2/repository/org/slf4j/slf4j-log4j12/1.7.25/slf4j-log4j12-1.7.25.jar:/home/user/.m2/repository/org/apache/hadoop/hadoop-ozone-s3gateway/0.5.0-SNAPSHOT/hadoop-ozone-s3gateway-0.5.0-SNAPSHOT.jar:/home/user/.m2/repository/org/jboss/weld/servlet/weld-servlet/2.4.7.Final/weld-servlet-2.4.7.Final.jar:/home/user/.m2/repository/org/glassfish/jersey/containers/jersey-container-servlet-core/2.27/jersey-container-servlet-core-2.27.jar:/home/user/.m2/repository/org/glassfish/hk2/external/javax.inject/2.5.0-b42/javax.inject-2.5.0-b42.jar:/home/user/.m2/repository/org/glassfish/jersey/core/jersey-common/2.27/jersey-common-2.27.jar:/home/user/.m2/repository/org/glassfish/hk2/osgi-resource-locator/1.0.1/osgi-resource-locator-1.0.1.jar:/home/user/.m2/repository/javax/ws/rs/javax.ws.rs-api/2.1/javax.ws.rs-api-2.1.jar:/home/user/.m2/repository/org/glassfish/jersey/ext/cdi/jersey-cdi1x/2.27/jersey-cdi1x-2.27.jar:/home/user/.m2/repository/org/glassfish/jersey/inject/jersey-hk2/2.27/jersey-hk2-2.27.jar:/home/user/.m2/repository/org/glassfish/hk2/hk2-locator/2.5.0-b42/hk2-locator-2.5.0-b42.jar:/home/user/.m2/repository/org/javassist/javassist/3.22.0-CR2/javassist-3.22.0-CR2.jar:/home/user/.m2/repository/org/glassfish/hk2/hk2-api/2.5.0/hk2-api-2.5.0.jar:/home/user/.m2/repository/org/glassfish/hk2/external/jakarta.inject/2.5.0/jakarta.inject-2.5.0.jar:/home/user/.m2/repository/org/glassfish/hk2/hk2-utils/2.5.0/hk2-utils-2.5.0.jar:/home/user/.m2/repository/jakarta/annotation/jakarta.annotation-api/1.3.4/jakarta.annotation-api-1.3.4.jar:/home/user/.m2/repository/org/glassfish/hk2/external/aopalliance-repackaged/2.5.0/aopalliance-repackaged-2.5.0.jar:/home/user/.m2/repository/com/fasterxml/jackson/dataformat/jackson-dataformat-xml/2.9.0/jackson-dataformat-xml-2.9.0.jar:/home/user/.m2/repository/com/fasterxml/jackson/core/jackson-core/2.9.9/jackson-core-2.9.9.jar:/home/user/.m2/repository/com/fasterxml/jackson/module/jackson-module-jaxb-annotations/2.9.9/jackson-module-jaxb-annotations-2.9.9.jar:/home/user/.m2/repository/javax/enterprise/cdi-api/1.2/cdi-api-1.2.jar:/home/user/.m2/repository/javax/el/javax.el-api/3.0.0/javax.el-api-3.0.0.jar:/home/user/.m2/repository/javax/interceptor/javax.interceptor-api/1.2/javax.interceptor-api-1.2.jar:/home/user/.m2/repository/javax/inject/javax.inject/1/javax.inject-1.jar:/home/user/.m2/repository/com/sun/xml/bind/jaxb-impl/2.3.0.1/jaxb-impl-2.3.0.1.jar:/home/user/.m2/repository/com/sun/xml/bind/jaxb-core/2.3.0.1/jaxb-core-2.3.0.1.jar:/home/user/.m2/repository/javax/xml/bind/jaxb-api/2.3.0/jaxb-api-2.3.0.jar:/home/user/.m2/repository/javax/activation/activation/1.1.1/activation-1.1.1.jar:/home/user/.m2/repository/org/apache/hadoop/hadoop-ozone-csi/0.5.0-SNAPSHOT/hadoop-ozone-csi-0.5.0-SNAPSHOT.jar:/home/user/.m2/repository/com/google/protobuf/protobuf-java-util/3.5.1/protobuf-java-util-3.5.1.jar:/home/user/.m2/repository/org/apache/hadoop/hadoop-hdds-config/0.5.0-SNAPSHOT/hadoop-hdds-config-0.5.0-SNAPSHOT.jar:/home/user/.m2/repository/io/grpc/grpc-netty/1.17.1/grpc-netty-1.17.1.jar:/home/user/.m2/repository/io/grpc/grpc-core/1.17.1/grpc-core-1.17.1.jar:/home/user/.m2/repository/io/grpc/grpc-context/1.17.1/grpc-context-1.17.1.jar:/home/user/.m2/repository/com/google/errorprone/error_prone_annotations/2.2.0/error_prone_annotations-2.2.0.jar:/home/user/.m2/repository/org/codehaus/mojo/animal-sniffer-annotations/1.17/animal-sniffer-annotations-1.17.jar:/home/user/.m2/repository/io/opencensus/opencensus-api/0.17.0/opencensus-api-0.17.0.jar:/home/user/.m2/repository/io/opencensus/opencensus-contrib-grpc-metrics/0.17.0/opencensus-contrib-grpc-metrics-0.17.0.jar:/home/user/.m2/repository/io/netty/netty-codec-http2/4.1.30.Final/netty-codec-http2-4.1.30.Final.jar:/home/user/.m2/repository/io/netty/netty-codec-http/4.1.30.Final/netty-codec-http-4.1.30.Final.jar:/home/user/.m2/repository/io/netty/netty-codec/4.1.30.Final/netty-codec-4.1.30.Final.jar:/home/user/.m2/repository/io/netty/netty-handler/4.1.30.Final/netty-handler-4.1.30.Final.jar:/home/user/.m2/repository/io/netty/netty-handler-proxy/4.1.30.Final/netty-handler-proxy-4.1.30.Final.jar:/home/user/.m2/repository/io/netty/netty-codec-socks/4.1.30.Final/netty-codec-socks-4.1.30.Final.jar:/home/user/.m2/repository/io/netty/netty-transport-native-epoll/4.1.30.Final/netty-transport-native-epoll-4.1.30.Final.jar:/home/user/.m2/repository/io/netty/netty-common/4.1.30.Final/netty-common-4.1.30.Final.jar:/home/user/.m2/repository/io/netty/netty-buffer/4.1.30.Final/netty-buffer-4.1.30.Final.jar:/home/user/.m2/repository/io/netty/netty-transport/4.1.30.Final/netty-transport-4.1.30.Final.jar:/home/user/.m2/repository/io/netty/netty-resolver/4.1.30.Final/netty-resolver-4.1.30.Final.jar:/home/user/.m2/repository/io/netty/netty-transport-native-unix-common/4.1.30.Final/netty-transport-native-unix-common-4.1.30.Final.jar:/home/user/.m2/repository/io/grpc/grpc-protobuf/1.17.1/grpc-protobuf-1.17.1.jar:/home/user/.m2/repository/com/google/api/grpc/proto-google-common-protos/1.0.0/proto-google-common-protos-1.0.0.jar:/home/user/.m2/repository/io/grpc/grpc-protobuf-lite/1.17.1/grpc-protobuf-lite-1.17.1.jar:/home/user/.m2/repository/io/grpc/grpc-stub/1.17.1/grpc-stub-1.17.1.jar:/home/user/.m2/repository/org/apache/hadoop/hadoop-ozone-recon/0.5.0-SNAPSHOT/hadoop-ozone-recon-0.5.0-SNAPSHOT.jar:/home/user/.m2/repository/org/apache/hadoop/hadoop-ozone-reconcodegen/0.5.0-SNAPSHOT/hadoop-ozone-reconcodegen-0.5.0-SNAPSHOT.jar:/home/user/.m2/repository/com/google/inject/extensions/guice-multibindings/4.0/guice-multibindings-4.0.jar:/home/user/.m2/repository/com/google/inject/guice/4.0/guice-4.0.jar:/home/user/.m2/repository/aopalliance/aopalliance/1.0/aopalliance-1.0.jar:/home/user/.m2/repository/com/google/inject/extensions/guice-servlet/4.0/guice-servlet-4.0.jar:/home/user/.m2/repository/org/glassfish/jersey/containers/jersey-container-servlet/2.27/jersey-container-servlet-2.27.jar:/home/user/.m2/repository/org/glassfish/hk2/guice-bridge/2.5.0/guice-bridge-2.5.0.jar:/home/user/.m2/repository/org/glassfish/jersey/core/jersey-server/2.27/jersey-server-2.27.jar:/home/user/.m2/repository/org/glassfish/jersey/core/jersey-client/2.27/jersey-client-2.27.jar:/home/user/.m2/repository/org/glassfish/jersey/media/jersey-media-jaxb/2.27/jersey-media-jaxb-2.27.jar:/home/user/.m2/repository/javax/validation/validation-api/1.1.0.Final/validation-api-1.1.0.Final.jar:/home/user/.m2/repository/org/glassfish/jersey/media/jersey-media-json-jackson/2.27/jersey-media-json-jackson-2.27.jar:/home/user/.m2/repository/org/glassfish/jersey/ext/jersey-entity-filtering/2.27/jersey-entity-filtering-2.27.jar:/home/user/.m2/repository/com/google/inject/extensions/guice-assistedinject/4.0/guice-assistedinject-4.0.jar:/home/user/.m2/repository/org/jooq/jooq/3.11.10/jooq-3.11.10.jar:/home/user/.m2/repository/org/jooq/jooq-meta/3.11.10/jooq-meta-3.11.10.jar:/home/user/.m2/repository/org/jooq/jooq-codegen/3.11.10/jooq-codegen-3.11.10.jar:/home/user/.m2/repository/com/jolbox/bonecp/0.8.0.RELEASE/bonecp-0.8.0.RELEASE.jar:/home/user/.m2/repository/org/xerial/sqlite-jdbc/3.25.2/sqlite-jdbc-3.25.2.jar:/home/user/.m2/repository/org/springframework/spring-jdbc/5.1.3.RELEASE/spring-jdbc-5.1.3.RELEASE.jar:/home/user/.m2/repository/org/springframework/spring-beans/5.1.3.RELEASE/spring-beans-5.1.3.RELEASE.jar:/home/user/.m2/repository/org/springframework/spring-core/5.1.3.RELEASE/spring-core-5.1.3.RELEASE.jar:/home/user/.m2/repository/org/springframework/spring-jcl/5.1.3.RELEASE/spring-jcl-5.1.3.RELEASE.jar:/home/user/.m2/repository/org/springframework/spring-tx/5.1.3.RELEASE/spring-tx-5.1.3.RELEASE.jar:/home/user/.m2/repository/org/apache/hadoop/hadoop-ozone-client/0.5.0-SNAPSHOT/hadoop-ozone-client-0.5.0-SNAPSHOT.jar:/home/user/.m2/repository/commons-lang/commons-lang/2.6/commons-lang-2.6.jar:/home/user/.m2/repository/org/apache/hadoop/hadoop-ozone-ozone-manager/0.5.0-SNAPSHOT/hadoop-ozone-ozone-manager-0.5.0-SNAPSHOT-tests.jar:/home/user/.m2/repository/junit/junit/4.11/junit-4.11.jar:/home/user/.m2/repository/org/hamcrest/hamcrest-core/1.3/hamcrest-core-1.3.jar:/home/user/.m2/repository/org/openjdk/jmh/jmh-core/1.19/jmh-core-1.19.jar:/home/user/.m2/repository/net/sf/jopt-simple/jopt-simple/4.6/jopt-simple-4.6.jar:/home/user/.m2/repository/org/apache/commons/commons-math3/3.1.1/commons-math3-3.1.1.jar:/home/user/.m2/repository/org/openjdk/jmh/jmh-generator-annprocess/1.19/jmh-generator-annprocess-1.19.jar:/home/user/.m2/repository/org/mockito/mockito-all/1.8.5/mockito-all-1.8.5.jar:/home/user/.m2/repository/org/apache/hadoop/hadoop-kms/3.2.0/hadoop-kms-3.2.0.jar:/home/user/.m2/repository/org/apache/hadoop/hadoop-auth/3.2.0/hadoop-auth-3.2.0.jar:/home/user/.m2/repository/com/nimbusds/nimbus-jose-jwt/4.41.1/nimbus-jose-jwt-4.41.1.jar:/home/user/.m2/repository/com/github/stephenc/jcip/jcip-annotations/1.0-1/jcip-annotations-1.0-1.jar:/home/user/.m2/repository/net/minidev/json-smart/2.3/json-smart-2.3.jar:/home/user/.m2/repository/net/minidev/accessors-smart/1.2/accessors-smart-1.2.jar:/home/user/.m2/repository/org/ow2/asm/asm/5.0.4/asm-5.0.4.jar:/home/user/.m2/repository/org/apache/curator/curator-framework/2.12.0/curator-framework-2.12.0.jar:/home/user/.m2/repository/com/sun/jersey/jersey-core/1.19/jersey-core-1.19.jar:/home/user/.m2/repository/javax/ws/rs/jsr311-api/1.1.1/jsr311-api-1.1.1.jar:/home/user/.m2/repository/com/sun/jersey/jersey-server/1.19/jersey-server-1.19.jar:/home/user/.m2/repository/javax/servlet/javax.servlet-api/3.1.0/javax.servlet-api-3.1.0.jar:/home/user/.m2/repository/org/eclipse/jetty/jetty-server/9.3.25.v20180904/jetty-server-9.3.25.v20180904.jar:/home/user/.m2/repository/org/eclipse/jetty/jetty-http/9.3.25.v20180904/jetty-http-9.3.25.v20180904.jar:/home/user/.m2/repository/org/eclipse/jetty/jetty-io/9.3.25.v20180904/jetty-io-9.3.25.v20180904.jar:/home/user/.m2/repository/org/eclipse/jetty/jetty-webapp/9.3.25.v20180904/jetty-webapp-9.3.25.v20180904.jar:/home/user/.m2/repository/org/eclipse/jetty/jetty-xml/9.3.25.v20180904/jetty-xml-9.3.25.v20180904.jar:/home/user/.m2/repository/log4j/log4j/1.2.17/log4j-1.2.17.jar:/home/user/.m2/repository/org/slf4j/slf4j-api/1.7.25/slf4j-api-1.7.25.jar:/home/user/.m2/repository/org/slf4j/jul-to-slf4j/1.7.25/jul-to-slf4j-1.7.25.jar:/home/user/.m2/repository/org/eclipse/jetty/jetty-util/9.3.25.v20180904/jetty-util-9.3.25.v20180904.jar:/home/user/.m2/repository/com/fasterxml/jackson/core/jackson-databind/2.9.9/jackson-databind-2.9.9.jar:/home/user/.m2/repository/org/apache/hadoop/hadoop-kms/3.2.0/hadoop-kms-3.2.0-tests.jar:/home/user/.m2/repository/org/apache/hadoop/hadoop-hdds-server-scm/0.5.0-SNAPSHOT/hadoop-hdds-server-scm-0.5.0-SNAPSHOT-tests.jar:/home/user/.m2/repository/org/apache/hadoop/hadoop-hdds-container-service/0.5.0-SNAPSHOT/hadoop-hdds-container-service-0.5.0-SNAPSHOT-tests.jar:/home/user/.m2/repository/org/yaml/snakeyaml/1.16/snakeyaml-1.16.jar:/home/user/.m2/repository/org/apache/hadoop/hadoop-common/3.2.0/hadoop-common-3.2.0-tests.jar:/home/user/.m2/repository/org/apache/hadoop/hadoop-annotations/3.2.0/hadoop-annotations-3.2.0.jar:/usr/lib/jvm/java-1.8.0-openjdk-1.8.0.222.b10-1.el7_7.x86_64/jre/../lib/tools.jar:/home/user/.m2/repository/commons-cli/commons-cli/1.2/commons-cli-1.2.jar:/home/user/.m2/repository/org/apache/httpcomponents/httpclient/4.5.2/httpclient-4.5.2.jar:/home/user/.m2/repository/org/apache/httpcomponents/httpcore/4.4.4/httpcore-4.4.4.jar:/home/user/.m2/repository/commons-codec/commons-codec/1.11/commons-codec-1.11.jar:/home/user/.m2/repository/commons-net/commons-net/3.6/commons-net-3.6.jar:/home/user/.m2/repository/commons-collections/commons-collections/3.2.2/commons-collections-3.2.2.jar:/home/user/.m2/repository/org/eclipse/jetty/jetty-servlet/9.3.25.v20180904/jetty-servlet-9.3.25.v20180904.jar:/home/user/.m2/repository/org/eclipse/jetty/jetty-security/9.3.25.v20180904/jetty-security-9.3.25.v20180904.jar:/home/user/.m2/repository/javax/servlet/jsp/jsp-api/2.1/jsp-api-2.1.jar:/home/user/.m2/repository/com/sun/jersey/jersey-servlet/1.19/jersey-servlet-1.19.jar:/home/user/.m2/repository/com/sun/jersey/jersey-json/1.19/jersey-json-1.19.jar:/home/user/.m2/repository/org/codehaus/jettison/jettison/1.1/jettison-1.1.jar:/home/user/.m2/repository/org/codehaus/jackson/jackson-core-asl/1.9.13/jackson-core-asl-1.9.13.jar:/home/user/.m2/repository/org/codehaus/jackson/jackson-mapper-asl/1.9.13/jackson-mapper-asl-1.9.13.jar:/home/user/.m2/repository/org/codehaus/jackson/jackson-jaxrs/1.9.13/jackson-jaxrs-1.9.13.jar:/home/user/.m2/repository/org/codehaus/jackson/jackson-xc/1.9.13/jackson-xc-1.9.13.jar:/home/user/.m2/repository/commons-logging/commons-logging/1.1.3/commons-logging-1.1.3.jar:/home/user/.m2/repository/commons-beanutils/commons-beanutils/1.9.4/commons-beanutils-1.9.4.jar:/home/user/.m2/repository/org/apache/commons/commons-configuration2/2.1.1/commons-configuration2-2.1.1.jar:/home/user/.m2/repository/org/apache/commons/commons-lang3/3.7/commons-lang3-3.7.jar:/home/user/.m2/repository/org/apache/commons/commons-text/1.4/commons-text-1.4.jar:/home/user/.m2/repository/org/apache/avro/avro/1.7.7/avro-1.7.7.jar:/home/user/.m2/repository/com/thoughtworks/paranamer/paranamer/2.3/paranamer-2.3.jar:/home/user/.m2/repository/org/xerial/snappy/snappy-java/1.0.5/snappy-java-1.0.5.jar:/home/user/.m2/repository/com/google/re2j/re2j/1.1/re2j-1.1.jar:/home/user/.m2/repository/com/google/code/gson/gson/2.2.4/gson-2.2.4.jar:/home/user/.m2/repository/com/jcraft/jsch/0.1.54/jsch-0.1.54.jar:/home/user/.m2/repository/org/apache/curator/curator-client/2.12.0/curator-client-2.12.0.jar:/home/user/.m2/repository/org/apache/curator/curator-recipes/2.12.0/curator-recipes-2.12.0.jar:/home/user/.m2/repository/com/google/code/findbugs/jsr305/3.0.0/jsr305-3.0.0.jar:/home/user/.m2/repository/org/apache/htrace/htrace-core4/4.1.0-incubating/htrace-core4-4.1.0-incubating.jar:/home/user/.m2/repository/org/apache/zookeeper/zookeeper/3.4.13/zookeeper-3.4.13.jar:/home/user/.m2/repository/jline/jline/0.9.94/jline-0.9.94.jar:/home/user/.m2/repository/org/apache/yetus/audience-annotations/0.5.0/audience-annotations-0.5.0.jar:/home/user/.m2/repository/org/codehaus/woodstox/stax2-api/3.1.4/stax2-api-3.1.4.jar:/home/user/.m2/repository/com/fasterxml/woodstox/woodstox-core/5.0.3/woodstox-core-5.0.3.jar:/home/user/.m2/repository/dnsjava/dnsjava/2.1.7/dnsjava-2.1.7.jar:/home/user/.m2/repository/org/apache/hadoop/hadoop-hdfs/3.2.0/hadoop-hdfs-3.2.0-tests.jar:/home/user/.m2/repository/org/eclipse/jetty/jetty-util-ajax/9.3.25.v20180904/jetty-util-ajax-9.3.25.v20180904.jar:/home/user/.m2/repository/commons-daemon/commons-daemon/1.0.13/commons-daemon-1.0.13.jar:/home/user/.m2/repository/io/netty/netty/3.10.5.Final/netty-3.10.5.Final.jar:/home/user/.m2/repository/io/netty/netty-all/4.0.52.Final/netty-all-4.0.52.Final.jar:/home/user/.m2/repository/org/fusesource/leveldbjni/leveldbjni-all/1.8/leveldbjni-all-1.8.jar:"/>
    <property name="java.vm.vendor" value="Oracle Corporation"/>
    <property name="sun.arch.data.model" value="64"/>
    <property name="test.build.dir" value="/workdir/hadoop-ozone/integration-test/target/test-dir"/>
    <property name="test.cache.data" value=""/>
    <property name="java.vendor.url" value="http://java.oracle.com/"/>
    <property name="user.timezone" value=""/>
    <property name="java.vm.specification.version" value="1.8"/>
    <property name="os.name" value="Linux"/>
    <property name="test.build.data" value="/workdir/hadoop-ozone/integration-test/target/test-dir"/>
    <property name="user.country" value="US"/>
    <property name="sun.java.launcher" value="SUN_STANDARD"/>
    <property name="sun.boot.library.path" value="/usr/lib/jvm/java-1.8.0-openjdk-1.8.0.222.b10-1.el7_7.x86_64/jre/lib/amd64"/>
    <property name="sun.java.command" value="/workdir/hadoop-ozone/integration-test/target/surefire/surefirebooter6448349856380770948.jar /workdir/hadoop-ozone/integration-test/target/surefire 2019-11-07T15-58-20_758-jvmRun1 surefire1448542928836496778tmp surefire_261085845936694273361tmp"/>
    <property name="surefire.test.class.path" value="/workdir/hadoop-ozone/integration-test/target/test-classes:/workdir/hadoop-ozone/integration-test/target/classes:/home/user/.m2/repository/org/apache/hadoop/hadoop-ozone-common/0.5.0-SNAPSHOT/hadoop-ozone-common-0.5.0-SNAPSHOT.jar:/home/user/.m2/repository/org/apache/commons/commons-compress/1.4.1/commons-compress-1.4.1.jar:/home/user/.m2/repository/org/tukaani/xz/1.0/xz-1.0.jar:/home/user/.m2/repository/org/apache/hadoop/hadoop-common/3.2.0/hadoop-common-3.2.0.jar:/home/user/.m2/repository/org/apache/hadoop/hadoop-hdfs/3.2.0/hadoop-hdfs-3.2.0.jar:/home/user/.m2/repository/org/apache/hadoop/hadoop-hdfs-client/3.2.0/hadoop-hdfs-client-3.2.0.jar:/home/user/.m2/repository/com/fasterxml/jackson/core/jackson-annotations/2.9.9/jackson-annotations-2.9.9.jar:/home/user/.m2/repository/org/apache/hadoop/hadoop-hdds-common/0.5.0-SNAPSHOT/hadoop-hdds-common-0.5.0-SNAPSHOT.jar:/home/user/.m2/repository/javax/annotation/javax.annotation-api/1.2/javax.annotation-api-1.2.jar:/home/user/.m2/repository/org/apache/ratis/ratis-server/0.5.0-ced7dbf-SNAPSHOT/ratis-server-0.5.0-ced7dbf-SNAPSHOT.jar:/home/user/.m2/repository/org/apache/ratis/ratis-thirdparty-misc/0.2.0/ratis-thirdparty-misc-0.2.0.jar:/home/user/.m2/repository/org/apache/ratis/ratis-proto/0.5.0-ced7dbf-SNAPSHOT/ratis-proto-0.5.0-ced7dbf-SNAPSHOT.jar:/home/user/.m2/repository/org/apache/ratis/ratis-common/0.5.0-ced7dbf-SNAPSHOT/ratis-common-0.5.0-ced7dbf-SNAPSHOT.jar:/home/user/.m2/repository/org/apache/ratis/ratis-client/0.5.0-ced7dbf-SNAPSHOT/ratis-client-0.5.0-ced7dbf-SNAPSHOT.jar:/home/user/.m2/repository/org/apache/ratis/ratis-metrics/0.5.0-ced7dbf-SNAPSHOT/ratis-metrics-0.5.0-ced7dbf-SNAPSHOT.jar:/home/user/.m2/repository/org/apache/ratis/ratis-netty/0.5.0-ced7dbf-SNAPSHOT/ratis-netty-0.5.0-ced7dbf-SNAPSHOT.jar:/home/user/.m2/repository/org/apache/ratis/ratis-grpc/0.5.0-ced7dbf-SNAPSHOT/ratis-grpc-0.5.0-ced7dbf-SNAPSHOT.jar:/home/user/.m2/repository/org/rocksdb/rocksdbjni/6.0.1/rocksdbjni-6.0.1.jar:/home/user/.m2/repository/org/apache/logging/log4j/log4j-api/2.11.0/log4j-api-2.11.0.jar:/home/user/.m2/repository/org/apache/logging/log4j/log4j-core/2.11.0/log4j-core-2.11.0.jar:/home/user/.m2/repository/com/lmax/disruptor/3.4.2/disruptor-3.4.2.jar:/home/user/.m2/repository/org/apache/commons/commons-pool2/2.6.0/commons-pool2-2.6.0.jar:/home/user/.m2/repository/org/bouncycastle/bcpkix-jdk15on/1.60/bcpkix-jdk15on-1.60.jar:/home/user/.m2/repository/commons-validator/commons-validator/1.6/commons-validator-1.6.jar:/home/user/.m2/repository/commons-digester/commons-digester/1.8.1/commons-digester-1.8.1.jar:/home/user/.m2/repository/io/jaegertracing/jaeger-client/0.34.0/jaeger-client-0.34.0.jar:/home/user/.m2/repository/io/jaegertracing/jaeger-thrift/0.34.0/jaeger-thrift-0.34.0.jar:/home/user/.m2/repository/org/apache/thrift/libthrift/0.12.0/libthrift-0.12.0.jar:/home/user/.m2/repository/com/squareup/okhttp3/okhttp/3.9.0/okhttp-3.9.0.jar:/home/user/.m2/repository/com/squareup/okio/okio/1.13.0/okio-1.13.0.jar:/home/user/.m2/repository/io/jaegertracing/jaeger-core/0.34.0/jaeger-core-0.34.0.jar:/home/user/.m2/repository/io/jaegertracing/jaeger-tracerresolver/0.34.0/jaeger-tracerresolver-0.34.0.jar:/home/user/.m2/repository/io/opentracing/contrib/opentracing-tracerresolver/0.1.5/opentracing-tracerresolver-0.1.5.jar:/home/user/.m2/repository/io/opentracing/opentracing-util/0.31.0/opentracing-util-0.31.0.jar:/home/user/.m2/repository/io/opentracing/opentracing-api/0.31.0/opentracing-api-0.31.0.jar:/home/user/.m2/repository/io/opentracing/opentracing-noop/0.31.0/opentracing-noop-0.31.0.jar:/home/user/.m2/repository/org/apache/hadoop/hadoop-hdds-server-framework/0.5.0-SNAPSHOT/hadoop-hdds-server-framework-0.5.0-SNAPSHOT.jar:/home/user/.m2/repository/org/apache/hadoop/hadoop-hdds-container-service/0.5.0-SNAPSHOT/hadoop-hdds-container-service-0.5.0-SNAPSHOT.jar:/home/user/.m2/repository/org/apache/hadoop/hadoop-hdds-client/0.5.0-SNAPSHOT/hadoop-hdds-client-0.5.0-SNAPSHOT.jar:/home/user/.m2/repository/org/apache/hadoop/hadoop-hdds-tools/0.5.0-SNAPSHOT/hadoop-hdds-tools-0.5.0-SNAPSHOT.jar:/home/user/.m2/repository/org/apache/hadoop/hadoop-hdds-server-scm/0.5.0-SNAPSHOT/hadoop-hdds-server-scm-0.5.0-SNAPSHOT.jar:/home/user/.m2/repository/org/apache/hadoop/hadoop-hdds-docs/0.5.0-SNAPSHOT/hadoop-hdds-docs-0.5.0-SNAPSHOT.jar:/home/user/.m2/repository/io/dropwizard/metrics/metrics-core/3.2.4/metrics-core-3.2.4.jar:/home/user/.m2/repository/org/hamcrest/hamcrest-all/1.3/hamcrest-all-1.3.jar:/home/user/.m2/repository/org/bouncycastle/bcprov-jdk15on/1.60/bcprov-jdk15on-1.60.jar:/home/user/.m2/repository/info/picocli/picocli/3.9.6/picocli-3.9.6.jar:/home/user/.m2/repository/com/google/protobuf/protobuf-java/2.5.0/protobuf-java-2.5.0.jar:/home/user/.m2/repository/com/google/guava/guava/11.0.2/guava-11.0.2.jar:/home/user/.m2/repository/org/apache/hadoop/hadoop-ozone-ozone-manager/0.5.0-SNAPSHOT/hadoop-ozone-ozone-manager-0.5.0-SNAPSHOT.jar:/home/user/.m2/repository/org/apache/hadoop/hadoop-minikdc/3.2.0/hadoop-minikdc-3.2.0.jar:/home/user/.m2/repository/commons-io/commons-io/2.5/commons-io-2.5.jar:/home/user/.m2/repository/org/apache/kerby/kerb-simplekdc/1.0.1/kerb-simplekdc-1.0.1.jar:/home/user/.m2/repository/org/apache/kerby/kerb-client/1.0.1/kerb-client-1.0.1.jar:/home/user/.m2/repository/org/apache/kerby/kerby-config/1.0.1/kerby-config-1.0.1.jar:/home/user/.m2/repository/org/apache/kerby/kerb-core/1.0.1/kerb-core-1.0.1.jar:/home/user/.m2/repository/org/apache/kerby/kerby-pkix/1.0.1/kerby-pkix-1.0.1.jar:/home/user/.m2/repository/org/apache/kerby/kerby-asn1/1.0.1/kerby-asn1-1.0.1.jar:/home/user/.m2/repository/org/apache/kerby/kerby-util/1.0.1/kerby-util-1.0.1.jar:/home/user/.m2/repository/org/apache/kerby/kerb-common/1.0.1/kerb-common-1.0.1.jar:/home/user/.m2/repository/org/apache/kerby/kerb-crypto/1.0.1/kerb-crypto-1.0.1.jar:/home/user/.m2/repository/org/apache/kerby/kerb-util/1.0.1/kerb-util-1.0.1.jar:/home/user/.m2/repository/org/apache/kerby/token-provider/1.0.1/token-provider-1.0.1.jar:/home/user/.m2/repository/org/apache/kerby/kerb-admin/1.0.1/kerb-admin-1.0.1.jar:/home/user/.m2/repository/org/apache/kerby/kerb-server/1.0.1/kerb-server-1.0.1.jar:/home/user/.m2/repository/org/apache/kerby/kerb-identity/1.0.1/kerb-identity-1.0.1.jar:/home/user/.m2/repository/org/apache/kerby/kerby-xdr/1.0.1/kerby-xdr-1.0.1.jar:/home/user/.m2/repository/org/slf4j/slf4j-log4j12/1.7.25/slf4j-log4j12-1.7.25.jar:/home/user/.m2/repository/org/apache/hadoop/hadoop-ozone-s3gateway/0.5.0-SNAPSHOT/hadoop-ozone-s3gateway-0.5.0-SNAPSHOT.jar:/home/user/.m2/repository/org/jboss/weld/servlet/weld-servlet/2.4.7.Final/weld-servlet-2.4.7.Final.jar:/home/user/.m2/repository/org/glassfish/jersey/containers/jersey-container-servlet-core/2.27/jersey-container-servlet-core-2.27.jar:/home/user/.m2/repository/org/glassfish/hk2/external/javax.inject/2.5.0-b42/javax.inject-2.5.0-b42.jar:/home/user/.m2/repository/org/glassfish/jersey/core/jersey-common/2.27/jersey-common-2.27.jar:/home/user/.m2/repository/org/glassfish/hk2/osgi-resource-locator/1.0.1/osgi-resource-locator-1.0.1.jar:/home/user/.m2/repository/javax/ws/rs/javax.ws.rs-api/2.1/javax.ws.rs-api-2.1.jar:/home/user/.m2/repository/org/glassfish/jersey/ext/cdi/jersey-cdi1x/2.27/jersey-cdi1x-2.27.jar:/home/user/.m2/repository/org/glassfish/jersey/inject/jersey-hk2/2.27/jersey-hk2-2.27.jar:/home/user/.m2/repository/org/glassfish/hk2/hk2-locator/2.5.0-b42/hk2-locator-2.5.0-b42.jar:/home/user/.m2/repository/org/javassist/javassist/3.22.0-CR2/javassist-3.22.0-CR2.jar:/home/user/.m2/repository/org/glassfish/hk2/hk2-api/2.5.0/hk2-api-2.5.0.jar:/home/user/.m2/repository/org/glassfish/hk2/external/jakarta.inject/2.5.0/jakarta.inject-2.5.0.jar:/home/user/.m2/repository/org/glassfish/hk2/hk2-utils/2.5.0/hk2-utils-2.5.0.jar:/home/user/.m2/repository/jakarta/annotation/jakarta.annotation-api/1.3.4/jakarta.annotation-api-1.3.4.jar:/home/user/.m2/repository/org/glassfish/hk2/external/aopalliance-repackaged/2.5.0/aopalliance-repackaged-2.5.0.jar:/home/user/.m2/repository/com/fasterxml/jackson/dataformat/jackson-dataformat-xml/2.9.0/jackson-dataformat-xml-2.9.0.jar:/home/user/.m2/repository/com/fasterxml/jackson/core/jackson-core/2.9.9/jackson-core-2.9.9.jar:/home/user/.m2/repository/com/fasterxml/jackson/module/jackson-module-jaxb-annotations/2.9.9/jackson-module-jaxb-annotations-2.9.9.jar:/home/user/.m2/repository/javax/enterprise/cdi-api/1.2/cdi-api-1.2.jar:/home/user/.m2/repository/javax/el/javax.el-api/3.0.0/javax.el-api-3.0.0.jar:/home/user/.m2/repository/javax/interceptor/javax.interceptor-api/1.2/javax.interceptor-api-1.2.jar:/home/user/.m2/repository/javax/inject/javax.inject/1/javax.inject-1.jar:/home/user/.m2/repository/com/sun/xml/bind/jaxb-impl/2.3.0.1/jaxb-impl-2.3.0.1.jar:/home/user/.m2/repository/com/sun/xml/bind/jaxb-core/2.3.0.1/jaxb-core-2.3.0.1.jar:/home/user/.m2/repository/javax/xml/bind/jaxb-api/2.3.0/jaxb-api-2.3.0.jar:/home/user/.m2/repository/javax/activation/activation/1.1.1/activation-1.1.1.jar:/home/user/.m2/repository/org/apache/hadoop/hadoop-ozone-csi/0.5.0-SNAPSHOT/hadoop-ozone-csi-0.5.0-SNAPSHOT.jar:/home/user/.m2/repository/com/google/protobuf/protobuf-java-util/3.5.1/protobuf-java-util-3.5.1.jar:/home/user/.m2/repository/org/apache/hadoop/hadoop-hdds-config/0.5.0-SNAPSHOT/hadoop-hdds-config-0.5.0-SNAPSHOT.jar:/home/user/.m2/repository/io/grpc/grpc-netty/1.17.1/grpc-netty-1.17.1.jar:/home/user/.m2/repository/io/grpc/grpc-core/1.17.1/grpc-core-1.17.1.jar:/home/user/.m2/repository/io/grpc/grpc-context/1.17.1/grpc-context-1.17.1.jar:/home/user/.m2/repository/com/google/errorprone/error_prone_annotations/2.2.0/error_prone_annotations-2.2.0.jar:/home/user/.m2/repository/org/codehaus/mojo/animal-sniffer-annotations/1.17/animal-sniffer-annotations-1.17.jar:/home/user/.m2/repository/io/opencensus/opencensus-api/0.17.0/opencensus-api-0.17.0.jar:/home/user/.m2/repository/io/opencensus/opencensus-contrib-grpc-metrics/0.17.0/opencensus-contrib-grpc-metrics-0.17.0.jar:/home/user/.m2/repository/io/netty/netty-codec-http2/4.1.30.Final/netty-codec-http2-4.1.30.Final.jar:/home/user/.m2/repository/io/netty/netty-codec-http/4.1.30.Final/netty-codec-http-4.1.30.Final.jar:/home/user/.m2/repository/io/netty/netty-codec/4.1.30.Final/netty-codec-4.1.30.Final.jar:/home/user/.m2/repository/io/netty/netty-handler/4.1.30.Final/netty-handler-4.1.30.Final.jar:/home/user/.m2/repository/io/netty/netty-handler-proxy/4.1.30.Final/netty-handler-proxy-4.1.30.Final.jar:/home/user/.m2/repository/io/netty/netty-codec-socks/4.1.30.Final/netty-codec-socks-4.1.30.Final.jar:/home/user/.m2/repository/io/netty/netty-transport-native-epoll/4.1.30.Final/netty-transport-native-epoll-4.1.30.Final.jar:/home/user/.m2/repository/io/netty/netty-common/4.1.30.Final/netty-common-4.1.30.Final.jar:/home/user/.m2/repository/io/netty/netty-buffer/4.1.30.Final/netty-buffer-4.1.30.Final.jar:/home/user/.m2/repository/io/netty/netty-transport/4.1.30.Final/netty-transport-4.1.30.Final.jar:/home/user/.m2/repository/io/netty/netty-resolver/4.1.30.Final/netty-resolver-4.1.30.Final.jar:/home/user/.m2/repository/io/netty/netty-transport-native-unix-common/4.1.30.Final/netty-transport-native-unix-common-4.1.30.Final.jar:/home/user/.m2/repository/io/grpc/grpc-protobuf/1.17.1/grpc-protobuf-1.17.1.jar:/home/user/.m2/repository/com/google/api/grpc/proto-google-common-protos/1.0.0/proto-google-common-protos-1.0.0.jar:/home/user/.m2/repository/io/grpc/grpc-protobuf-lite/1.17.1/grpc-protobuf-lite-1.17.1.jar:/home/user/.m2/repository/io/grpc/grpc-stub/1.17.1/grpc-stub-1.17.1.jar:/home/user/.m2/repository/org/apache/hadoop/hadoop-ozone-recon/0.5.0-SNAPSHOT/hadoop-ozone-recon-0.5.0-SNAPSHOT.jar:/home/user/.m2/repository/org/apache/hadoop/hadoop-ozone-reconcodegen/0.5.0-SNAPSHOT/hadoop-ozone-reconcodegen-0.5.0-SNAPSHOT.jar:/home/user/.m2/repository/com/google/inject/extensions/guice-multibindings/4.0/guice-multibindings-4.0.jar:/home/user/.m2/repository/com/google/inject/guice/4.0/guice-4.0.jar:/home/user/.m2/repository/aopalliance/aopalliance/1.0/aopalliance-1.0.jar:/home/user/.m2/repository/com/google/inject/extensions/guice-servlet/4.0/guice-servlet-4.0.jar:/home/user/.m2/repository/org/glassfish/jersey/containers/jersey-container-servlet/2.27/jersey-container-servlet-2.27.jar:/home/user/.m2/repository/org/glassfish/hk2/guice-bridge/2.5.0/guice-bridge-2.5.0.jar:/home/user/.m2/repository/org/glassfish/jersey/core/jersey-server/2.27/jersey-server-2.27.jar:/home/user/.m2/repository/org/glassfish/jersey/core/jersey-client/2.27/jersey-client-2.27.jar:/home/user/.m2/repository/org/glassfish/jersey/media/jersey-media-jaxb/2.27/jersey-media-jaxb-2.27.jar:/home/user/.m2/repository/javax/validation/validation-api/1.1.0.Final/validation-api-1.1.0.Final.jar:/home/user/.m2/repository/org/glassfish/jersey/media/jersey-media-json-jackson/2.27/jersey-media-json-jackson-2.27.jar:/home/user/.m2/repository/org/glassfish/jersey/ext/jersey-entity-filtering/2.27/jersey-entity-filtering-2.27.jar:/home/user/.m2/repository/com/google/inject/extensions/guice-assistedinject/4.0/guice-assistedinject-4.0.jar:/home/user/.m2/repository/org/jooq/jooq/3.11.10/jooq-3.11.10.jar:/home/user/.m2/repository/org/jooq/jooq-meta/3.11.10/jooq-meta-3.11.10.jar:/home/user/.m2/repository/org/jooq/jooq-codegen/3.11.10/jooq-codegen-3.11.10.jar:/home/user/.m2/repository/com/jolbox/bonecp/0.8.0.RELEASE/bonecp-0.8.0.RELEASE.jar:/home/user/.m2/repository/org/xerial/sqlite-jdbc/3.25.2/sqlite-jdbc-3.25.2.jar:/home/user/.m2/repository/org/springframework/spring-jdbc/5.1.3.RELEASE/spring-jdbc-5.1.3.RELEASE.jar:/home/user/.m2/repository/org/springframework/spring-beans/5.1.3.RELEASE/spring-beans-5.1.3.RELEASE.jar:/home/user/.m2/repository/org/springframework/spring-core/5.1.3.RELEASE/spring-core-5.1.3.RELEASE.jar:/home/user/.m2/repository/org/springframework/spring-jcl/5.1.3.RELEASE/spring-jcl-5.1.3.RELEASE.jar:/home/user/.m2/repository/org/springframework/spring-tx/5.1.3.RELEASE/spring-tx-5.1.3.RELEASE.jar:/home/user/.m2/repository/org/apache/hadoop/hadoop-ozone-client/0.5.0-SNAPSHOT/hadoop-ozone-client-0.5.0-SNAPSHOT.jar:/home/user/.m2/repository/commons-lang/commons-lang/2.6/commons-lang-2.6.jar:/home/user/.m2/repository/org/apache/hadoop/hadoop-ozone-ozone-manager/0.5.0-SNAPSHOT/hadoop-ozone-ozone-manager-0.5.0-SNAPSHOT-tests.jar:/home/user/.m2/repository/junit/junit/4.11/junit-4.11.jar:/home/user/.m2/repository/org/hamcrest/hamcrest-core/1.3/hamcrest-core-1.3.jar:/home/user/.m2/repository/org/openjdk/jmh/jmh-core/1.19/jmh-core-1.19.jar:/home/user/.m2/repository/net/sf/jopt-simple/jopt-simple/4.6/jopt-simple-4.6.jar:/home/user/.m2/repository/org/apache/commons/commons-math3/3.1.1/commons-math3-3.1.1.jar:/home/user/.m2/repository/org/openjdk/jmh/jmh-generator-annprocess/1.19/jmh-generator-annprocess-1.19.jar:/home/user/.m2/repository/org/mockito/mockito-all/1.8.5/mockito-all-1.8.5.jar:/home/user/.m2/repository/org/apache/hadoop/hadoop-kms/3.2.0/hadoop-kms-3.2.0.jar:/home/user/.m2/repository/org/apache/hadoop/hadoop-auth/3.2.0/hadoop-auth-3.2.0.jar:/home/user/.m2/repository/com/nimbusds/nimbus-jose-jwt/4.41.1/nimbus-jose-jwt-4.41.1.jar:/home/user/.m2/repository/com/github/stephenc/jcip/jcip-annotations/1.0-1/jcip-annotations-1.0-1.jar:/home/user/.m2/repository/net/minidev/json-smart/2.3/json-smart-2.3.jar:/home/user/.m2/repository/net/minidev/accessors-smart/1.2/accessors-smart-1.2.jar:/home/user/.m2/repository/org/ow2/asm/asm/5.0.4/asm-5.0.4.jar:/home/user/.m2/repository/org/apache/curator/curator-framework/2.12.0/curator-framework-2.12.0.jar:/home/user/.m2/repository/com/sun/jersey/jersey-core/1.19/jersey-core-1.19.jar:/home/user/.m2/repository/javax/ws/rs/jsr311-api/1.1.1/jsr311-api-1.1.1.jar:/home/user/.m2/repository/com/sun/jersey/jersey-server/1.19/jersey-server-1.19.jar:/home/user/.m2/repository/javax/servlet/javax.servlet-api/3.1.0/javax.servlet-api-3.1.0.jar:/home/user/.m2/repository/org/eclipse/jetty/jetty-server/9.3.25.v20180904/jetty-server-9.3.25.v20180904.jar:/home/user/.m2/repository/org/eclipse/jetty/jetty-http/9.3.25.v20180904/jetty-http-9.3.25.v20180904.jar:/home/user/.m2/repository/org/eclipse/jetty/jetty-io/9.3.25.v20180904/jetty-io-9.3.25.v20180904.jar:/home/user/.m2/repository/org/eclipse/jetty/jetty-webapp/9.3.25.v20180904/jetty-webapp-9.3.25.v20180904.jar:/home/user/.m2/repository/org/eclipse/jetty/jetty-xml/9.3.25.v20180904/jetty-xml-9.3.25.v20180904.jar:/home/user/.m2/repository/log4j/log4j/1.2.17/log4j-1.2.17.jar:/home/user/.m2/repository/org/slf4j/slf4j-api/1.7.25/slf4j-api-1.7.25.jar:/home/user/.m2/repository/org/slf4j/jul-to-slf4j/1.7.25/jul-to-slf4j-1.7.25.jar:/home/user/.m2/repository/org/eclipse/jetty/jetty-util/9.3.25.v20180904/jetty-util-9.3.25.v20180904.jar:/home/user/.m2/repository/com/fasterxml/jackson/core/jackson-databind/2.9.9/jackson-databind-2.9.9.jar:/home/user/.m2/repository/org/apache/hadoop/hadoop-kms/3.2.0/hadoop-kms-3.2.0-tests.jar:/home/user/.m2/repository/org/apache/hadoop/hadoop-hdds-server-scm/0.5.0-SNAPSHOT/hadoop-hdds-server-scm-0.5.0-SNAPSHOT-tests.jar:/home/user/.m2/repository/org/apache/hadoop/hadoop-hdds-container-service/0.5.0-SNAPSHOT/hadoop-hdds-container-service-0.5.0-SNAPSHOT-tests.jar:/home/user/.m2/repository/org/yaml/snakeyaml/1.16/snakeyaml-1.16.jar:/home/user/.m2/repository/org/apache/hadoop/hadoop-common/3.2.0/hadoop-common-3.2.0-tests.jar:/home/user/.m2/repository/org/apache/hadoop/hadoop-annotations/3.2.0/hadoop-annotations-3.2.0.jar:/usr/lib/jvm/java-1.8.0-openjdk-1.8.0.222.b10-1.el7_7.x86_64/jre/../lib/tools.jar:/home/user/.m2/repository/commons-cli/commons-cli/1.2/commons-cli-1.2.jar:/home/user/.m2/repository/org/apache/httpcomponents/httpclient/4.5.2/httpclient-4.5.2.jar:/home/user/.m2/repository/org/apache/httpcomponents/httpcore/4.4.4/httpcore-4.4.4.jar:/home/user/.m2/repository/commons-codec/commons-codec/1.11/commons-codec-1.11.jar:/home/user/.m2/repository/commons-net/commons-net/3.6/commons-net-3.6.jar:/home/user/.m2/repository/commons-collections/commons-collections/3.2.2/commons-collections-3.2.2.jar:/home/user/.m2/repository/org/eclipse/jetty/jetty-servlet/9.3.25.v20180904/jetty-servlet-9.3.25.v20180904.jar:/home/user/.m2/repository/org/eclipse/jetty/jetty-security/9.3.25.v20180904/jetty-security-9.3.25.v20180904.jar:/home/user/.m2/repository/javax/servlet/jsp/jsp-api/2.1/jsp-api-2.1.jar:/home/user/.m2/repository/com/sun/jersey/jersey-servlet/1.19/jersey-servlet-1.19.jar:/home/user/.m2/repository/com/sun/jersey/jersey-json/1.19/jersey-json-1.19.jar:/home/user/.m2/repository/org/codehaus/jettison/jettison/1.1/jettison-1.1.jar:/home/user/.m2/repository/org/codehaus/jackson/jackson-core-asl/1.9.13/jackson-core-asl-1.9.13.jar:/home/user/.m2/repository/org/codehaus/jackson/jackson-mapper-asl/1.9.13/jackson-mapper-asl-1.9.13.jar:/home/user/.m2/repository/org/codehaus/jackson/jackson-jaxrs/1.9.13/jackson-jaxrs-1.9.13.jar:/home/user/.m2/repository/org/codehaus/jackson/jackson-xc/1.9.13/jackson-xc-1.9.13.jar:/home/user/.m2/repository/commons-logging/commons-logging/1.1.3/commons-logging-1.1.3.jar:/home/user/.m2/repository/commons-beanutils/commons-beanutils/1.9.4/commons-beanutils-1.9.4.jar:/home/user/.m2/repository/org/apache/commons/commons-configuration2/2.1.1/commons-configuration2-2.1.1.jar:/home/user/.m2/repository/org/apache/commons/commons-lang3/3.7/commons-lang3-3.7.jar:/home/user/.m2/repository/org/apache/commons/commons-text/1.4/commons-text-1.4.jar:/home/user/.m2/repository/org/apache/avro/avro/1.7.7/avro-1.7.7.jar:/home/user/.m2/repository/com/thoughtworks/paranamer/paranamer/2.3/paranamer-2.3.jar:/home/user/.m2/repository/org/xerial/snappy/snappy-java/1.0.5/snappy-java-1.0.5.jar:/home/user/.m2/repository/com/google/re2j/re2j/1.1/re2j-1.1.jar:/home/user/.m2/repository/com/google/code/gson/gson/2.2.4/gson-2.2.4.jar:/home/user/.m2/repository/com/jcraft/jsch/0.1.54/jsch-0.1.54.jar:/home/user/.m2/repository/org/apache/curator/curator-client/2.12.0/curator-client-2.12.0.jar:/home/user/.m2/repository/org/apache/curator/curator-recipes/2.12.0/curator-recipes-2.12.0.jar:/home/user/.m2/repository/com/google/code/findbugs/jsr305/3.0.0/jsr305-3.0.0.jar:/home/user/.m2/repository/org/apache/htrace/htrace-core4/4.1.0-incubating/htrace-core4-4.1.0-incubating.jar:/home/user/.m2/repository/org/apache/zookeeper/zookeeper/3.4.13/zookeeper-3.4.13.jar:/home/user/.m2/repository/jline/jline/0.9.94/jline-0.9.94.jar:/home/user/.m2/repository/org/apache/yetus/audience-annotations/0.5.0/audience-annotations-0.5.0.jar:/home/user/.m2/repository/org/codehaus/woodstox/stax2-api/3.1.4/stax2-api-3.1.4.jar:/home/user/.m2/repository/com/fasterxml/woodstox/woodstox-core/5.0.3/woodstox-core-5.0.3.jar:/home/user/.m2/repository/dnsjava/dnsjava/2.1.7/dnsjava-2.1.7.jar:/home/user/.m2/repository/org/apache/hadoop/hadoop-hdfs/3.2.0/hadoop-hdfs-3.2.0-tests.jar:/home/user/.m2/repository/org/eclipse/jetty/jetty-util-ajax/9.3.25.v20180904/jetty-util-ajax-9.3.25.v20180904.jar:/home/user/.m2/repository/commons-daemon/commons-daemon/1.0.13/commons-daemon-1.0.13.jar:/home/user/.m2/repository/io/netty/netty/3.10.5.Final/netty-3.10.5.Final.jar:/home/user/.m2/repository/io/netty/netty-all/4.0.52.Final/netty-all-4.0.52.Final.jar:/home/user/.m2/repository/org/fusesource/leveldbjni/leveldbjni-all/1.8/leveldbjni-all-1.8.jar:"/>
    <property name="sun.cpu.endian" value="little"/>
    <property name="user.home" value="/home/user"/>
    <property name="user.language" value="en"/>
    <property name="java.specification.vendor" value="Oracle Corporation"/>
    <property name="java.home" value="/usr/lib/jvm/java-1.8.0-openjdk-1.8.0.222.b10-1.el7_7.x86_64/jre"/>
    <property name="surefire.excludesFile" value="/tools/ozone-bad-unit-tests"/>
    <property name="java.security.krb5.conf" value="/workdir/hadoop-ozone/integration-test/target/test-classes/krb5.conf"/>
    <property name="basedir" value="/workdir/hadoop-ozone/integration-test"/>
    <property name="file.separator" value="/"/>
    <property name="line.separator" value="&#10;"/>
    <property name="java.vm.specification.vendor" value="Oracle Corporation"/>
    <property name="java.specification.name" value="Java Platform API Specification"/>
    <property name="java.awt.graphicsenv" value="sun.awt.X11GraphicsEnvironment"/>
    <property name="surefire.real.class.path" value="/workdir/hadoop-ozone/integration-test/target/surefire/surefirebooter6448349856380770948.jar"/>
    <property name="hadoop.log.dir" value="/workdir/hadoop-ozone/integration-test/target/log"/>
    <property name="sun.boot.class.path" value="/usr/lib/jvm/java-1.8.0-openjdk-1.8.0.222.b10-1.el7_7.x86_64/jre/lib/resources.jar:/usr/lib/jvm/java-1.8.0-openjdk-1.8.0.222.b10-1.el7_7.x86_64/jre/lib/rt.jar:/usr/lib/jvm/java-1.8.0-openjdk-1.8.0.222.b10-1.el7_7.x86_64/jre/lib/sunrsasign.jar:/usr/lib/jvm/java-1.8.0-openjdk-1.8.0.222.b10-1.el7_7.x86_64/jre/lib/jsse.jar:/usr/lib/jvm/java-1.8.0-openjdk-1.8.0.222.b10-1.el7_7.x86_64/jre/lib/jce.jar:/usr/lib/jvm/java-1.8.0-openjdk-1.8.0.222.b10-1.el7_7.x86_64/jre/lib/charsets.jar:/usr/lib/jvm/java-1.8.0-openjdk-1.8.0.222.b10-1.el7_7.x86_64/jre/lib/jfr.jar:/usr/lib/jvm/java-1.8.0-openjdk-1.8.0.222.b10-1.el7_7.x86_64/jre/classes"/>
    <property name="sun.management.compiler" value="HotSpot 64-Bit Tiered Compilers"/>
    <property name="java.runtime.version" value="1.8.0_222-b10"/>
    <property name="java.net.preferIPv4Stack" value="true"/>
    <property name="user.name" value="jenkins1000"/>
    <property name="path.separator" value=":"/>
    <property name="java.security.egd" value="file:///dev/urandom"/>
    <property name="os.version" value="3.10.0-957.12.2.el7.x86_64"/>
    <property name="java.endorsed.dirs" value="/usr/lib/jvm/java-1.8.0-openjdk-1.8.0.222.b10-1.el7_7.x86_64/jre/lib/endorsed"/>
    <property name="java.runtime.name" value="OpenJDK Runtime Environment"/>
    <property name="file.encoding" value="ANSI_X3.4-1968"/>
    <property name="java.vm.name" value="OpenJDK 64-Bit Server VM"/>
    <property name="test.build.webapps" value=""/>
    <property name="localRepository" value="/home/user/.m2/repository"/>
    <property name="java.vendor.url.bug" value="http://bugreport.sun.com/bugreport/"/>
    <property name="java.io.tmpdir" value="/tmp"/>
    <property name="require.test.libhadoop" value=""/>
    <property name="java.version" value="1.8.0_222"/>
    <property name="user.dir" value="/workdir/hadoop-ozone/integration-test"/>
    <property name="os.arch" value="amd64"/>
    <property name="java.vm.specification.name" value="Java Virtual Machine Specification"/>
    <property name="test.build.classes" value="/workdir/hadoop-ozone/integration-test/target/test-classes"/>
    <property name="java.awt.printerjob" value="sun.print.PSPrinterJob"/>
    <property name="sun.os.patch.level" value="unknown"/>
    <property name="hadoop.tmp.dir" value="/workdir/hadoop-ozone/integration-test/target/tmp"/>
    <property name="java.library.path" value="/usr/lib:/workdir/hadoop-ozone/integration-test/target/native/target/usr/local/lib:/workdir/hadoop-ozone/integration-test/../../hadoop-common-project/hadoop-common/target/native/target/usr/local/lib:/usr/java/packages/lib/amd64:/usr/lib64:/lib64:/lib:/usr/lib"/>
    <property name="java.vm.info" value="mixed mode"/>
    <property name="java.vendor" value="Oracle Corporation"/>
    <property name="java.vm.version" value="25.222-b10"/>
    <property name="java.ext.dirs" value="/usr/lib/jvm/java-1.8.0-openjdk-1.8.0.222.b10-1.el7_7.x86_64/jre/lib/ext:/usr/java/packages/lib/ext"/>
    <property name="sun.io.unicode.encoding" value="UnicodeLittle"/>
    <property name="java.class.version" value="52.0"/>
  </properties>
  <testcase name="testDeleteKeyWithSlowFollower" classname="org.apache.hadoop.ozone.client.rpc.TestDeleteWithSlowFollower" time="115.54">
    <failure type="java.lang.AssertionError">java.lang.AssertionError
	at org.junit.Assert.fail(Assert.java:86)
	at org.junit.Assert.assertTrue(Assert.java:41)
	at org.junit.Assert.assertTrue(Assert.java:52)
	at org.apache.hadoop.ozone.client.rpc.TestDeleteWithSlowFollower.testDeleteKeyWithSlowFollower(TestDeleteWithSlowFollower.java:265)
	at sun.reflect.NativeMethodAccessorImpl.invoke0(Native Method)
	at sun.reflect.NativeMethodAccessorImpl.invoke(NativeMethodAccessorImpl.java:62)
	at sun.reflect.DelegatingMethodAccessorImpl.invoke(DelegatingMethodAccessorImpl.java:43)
	at java.lang.reflect.Method.invoke(Method.java:498)
	at org.junit.runners.model.FrameworkMethod$1.runReflectiveCall(FrameworkMethod.java:47)
	at org.junit.internal.runners.model.ReflectiveCallable.run(ReflectiveCallable.java:12)
	at org.junit.runners.model.FrameworkMethod.invokeExplosively(FrameworkMethod.java:44)
	at org.junit.internal.runners.statements.InvokeMethod.evaluate(InvokeMethod.java:17)
	at org.junit.runners.ParentRunner.runLeaf(ParentRunner.java:271)
	at org.junit.runners.BlockJUnit4ClassRunner.runChild(BlockJUnit4ClassRunner.java:70)
	at org.junit.runners.BlockJUnit4ClassRunner.runChild(BlockJUnit4ClassRunner.java:50)
	at org.junit.runners.ParentRunner$3.run(ParentRunner.java:238)
	at org.junit.runners.ParentRunner$1.schedule(ParentRunner.java:63)
	at org.junit.runners.ParentRunner.runChildren(ParentRunner.java:236)
	at org.junit.runners.ParentRunner.access$000(ParentRunner.java:53)
	at org.junit.runners.ParentRunner$2.evaluate(ParentRunner.java:229)
	at org.junit.internal.runners.statements.RunBefores.evaluate(RunBefores.java:26)
	at org.junit.internal.runners.statements.RunAfters.evaluate(RunAfters.java:27)
	at org.junit.runners.ParentRunner.run(ParentRunner.java:309)
	at org.apache.maven.surefire.junit4.JUnit4Provider.execute(JUnit4Provider.java:365)
	at org.apache.maven.surefire.junit4.JUnit4Provider.executeWithRerun(JUnit4Provider.java:273)
	at org.apache.maven.surefire.junit4.JUnit4Provider.executeTestSet(JUnit4Provider.java:238)
	at org.apache.maven.surefire.junit4.JUnit4Provider.invoke(JUnit4Provider.java:159)
	at org.apache.maven.surefire.booter.ForkedBooter.invokeProviderInSameClassLoader(ForkedBooter.java:384)
	at org.apache.maven.surefire.booter.ForkedBooter.runSuitesInProcess(ForkedBooter.java:345)
	at org.apache.maven.surefire.booter.ForkedBooter.execute(ForkedBooter.java:126)
	at org.apache.maven.surefire.booter.ForkedBooter.main(ForkedBooter.java:418)
</failure>
    <system-out><![CDATA[2019-11-07 16:28:28,594 [main] WARN  server.ServerUtils (ServerUtils.java:getScmDbDir(145)) - ozone.scm.db.dirs is not configured. We recommend adding this setting. Falling back to ozone.metadata.dirs instead.
2019-11-07 16:28:28,730 [main] WARN  server.ServerUtils (ServerUtils.java:getScmDbDir(145)) - ozone.scm.db.dirs is not configured. We recommend adding this setting. Falling back to ozone.metadata.dirs instead.
2019-11-07 16:28:28,733 [main] WARN  server.ServerUtils (ServerUtils.java:getScmDbDir(145)) - ozone.scm.db.dirs is not configured. We recommend adding this setting. Falling back to ozone.metadata.dirs instead.
2019-11-07 16:28:28,761 [main] INFO  util.log (Log.java:initialized(192)) - Logging initialized @860ms
2019-11-07 16:28:28,858 [main] INFO  db.DBStoreBuilder (DBStoreBuilder.java:addTable(127)) - using custom profile for table: deletedBlocks
2019-11-07 16:28:28,858 [main] INFO  db.DBStoreBuilder (DBStoreBuilder.java:processTables(183)) - Using default column profile:DBProfile.DISK for Table:deletedBlocks
2019-11-07 16:28:28,858 [main] INFO  db.DBStoreBuilder (DBStoreBuilder.java:addTable(127)) - using custom profile for table: validCerts
2019-11-07 16:28:28,859 [main] INFO  db.DBStoreBuilder (DBStoreBuilder.java:processTables(183)) - Using default column profile:DBProfile.DISK for Table:validCerts
2019-11-07 16:28:28,859 [main] INFO  db.DBStoreBuilder (DBStoreBuilder.java:addTable(127)) - using custom profile for table: revokedCerts
2019-11-07 16:28:28,859 [main] INFO  db.DBStoreBuilder (DBStoreBuilder.java:processTables(183)) - Using default column profile:DBProfile.DISK for Table:revokedCerts
2019-11-07 16:28:28,870 [main] INFO  db.DBStoreBuilder (DBStoreBuilder.java:addTable(127)) - using custom profile for table: default
2019-11-07 16:28:28,870 [main] INFO  db.DBStoreBuilder (DBStoreBuilder.java:processTables(189)) - Using default column profile:DBProfile.DISK for Table:default
2019-11-07 16:28:28,872 [main] INFO  db.DBStoreBuilder (DBStoreBuilder.java:getDbProfile(220)) - Using default options. DBProfile.DISK
2019-11-07 16:28:29,241 [main] INFO  net.NodeSchemaLoader (NodeSchemaLoader.java:loadSchemaFromFile(125)) - Loading file from sun.misc.CompoundEnumeration@78691363
2019-11-07 16:28:29,243 [main] INFO  net.NodeSchemaLoader (NodeSchemaLoader.java:loadSchema(171)) - Loading network topology layer schema file
2019-11-07 16:28:29,304 [main] WARN  server.ServerUtils (ServerUtils.java:sanitizeUserArgs(70)) - ozone.scm.stale.node.interval value = 1000000 is larger than max = 100000 based on the key value of ozone.scm.heartbeat.thread.interval, reset to the max value 100000.
2019-11-07 16:28:29,306 [main] WARN  server.ServerUtils (ServerUtils.java:sanitizeUserArgs(70)) - ozone.scm.stale.node.interval value = 1000000 is larger than max = 100000 based on the key value of ozone.scm.heartbeat.thread.interval, reset to the max value 100000.
2019-11-07 16:28:29,308 [main] INFO  node.SCMNodeManager (SCMNodeManager.java:<init>(117)) - Entering startup safe mode.
2019-11-07 16:28:29,368 [main] INFO  algorithms.ContainerPlacementPolicyFactory (ContainerPlacementPolicyFactory.java:getPolicy(57)) - Create container placement policy of type org.apache.hadoop.hdds.scm.container.placement.algorithms.SCMContainerPlacementRandom
2019-11-07 16:28:29,385 [main] WARN  server.ServerUtils (ServerUtils.java:getScmDbDir(145)) - ozone.scm.db.dirs is not configured. We recommend adding this setting. Falling back to ozone.metadata.dirs instead.
2019-11-07 16:28:29,503 [main] INFO  pipeline.SCMPipelineManager (SCMPipelineManager.java:initializePipelineState(132)) - No pipeline exists in current db
2019-11-07 16:28:29,506 [main] WARN  server.ServerUtils (ServerUtils.java:getScmDbDir(145)) - ozone.scm.db.dirs is not configured. We recommend adding this setting. Falling back to ozone.metadata.dirs instead.
2019-11-07 16:28:29,663 [main] WARN  events.EventQueue (EventQueue.java:fireEvent(183)) - No event handler registered for event TypedEvent{payloadType=SafeModeStatus, name='SafeModeStatus'}
2019-11-07 16:28:30,050 [main] INFO  ipc.CallQueueManager (CallQueueManager.java:<init>(84)) - Using callQueue: class java.util.concurrent.LinkedBlockingQueue, queueCapacity: 2000, scheduler: class org.apache.hadoop.ipc.DefaultRpcScheduler, ipcBackoff: false.
2019-11-07 16:28:30,176 [Socket Reader #1 for port 45547] INFO  ipc.Server (Server.java:run(1074)) - Starting Socket Reader #1 for port 45547
2019-11-07 16:28:30,213 [main] INFO  ipc.CallQueueManager (CallQueueManager.java:<init>(84)) - Using callQueue: class java.util.concurrent.LinkedBlockingQueue, queueCapacity: 2000, scheduler: class org.apache.hadoop.ipc.DefaultRpcScheduler, ipcBackoff: false.
2019-11-07 16:28:30,214 [Socket Reader #1 for port 44431] INFO  ipc.Server (Server.java:run(1074)) - Starting Socket Reader #1 for port 44431
2019-11-07 16:28:30,224 [main] INFO  ipc.CallQueueManager (CallQueueManager.java:<init>(84)) - Using callQueue: class java.util.concurrent.LinkedBlockingQueue, queueCapacity: 2000, scheduler: class org.apache.hadoop.ipc.DefaultRpcScheduler, ipcBackoff: false.
2019-11-07 16:28:30,225 [Socket Reader #1 for port 34621] INFO  ipc.Server (Server.java:run(1074)) - Starting Socket Reader #1 for port 34621
2019-11-07 16:28:30,251 [main] INFO  hdfs.DFSUtil (DFSUtil.java:httpServerTemplateForNNAndJN(1641)) - Starting Web-server for scm at: http://0.0.0.0:0
2019-11-07 16:28:30,418 [main] INFO  server.AuthenticationFilter (AuthenticationFilter.java:constructSecretProvider(240)) - Unable to initialize FileSignerSecretProvider, falling back to use random secrets.
2019-11-07 16:28:30,427 [main] WARN  http.HttpRequestLog (HttpRequestLog.java:getRequestLog(97)) - Jetty request log can only be enabled using Log4j
2019-11-07 16:28:30,436 [main] INFO  http.HttpServer2 (HttpServer2.java:addGlobalFilter(975)) - Added global filter 'safety' (class=org.apache.hadoop.http.HttpServer2$QuotingInputFilter)
2019-11-07 16:28:30,439 [main] INFO  http.HttpServer2 (HttpServer2.java:addFilter(948)) - Added filter static_user_filter (class=org.apache.hadoop.http.lib.StaticUserWebFilter$StaticUserFilter) to context scm
2019-11-07 16:28:30,439 [main] INFO  http.HttpServer2 (HttpServer2.java:addFilter(958)) - Added filter static_user_filter (class=org.apache.hadoop.http.lib.StaticUserWebFilter$StaticUserFilter) to context logs
2019-11-07 16:28:30,439 [main] INFO  http.HttpServer2 (HttpServer2.java:addFilter(958)) - Added filter static_user_filter (class=org.apache.hadoop.http.lib.StaticUserWebFilter$StaticUserFilter) to context static
2019-11-07 16:28:30,478 [main] INFO  server.StorageContainerManager (StorageContainerManager.java:start(782)) - StorageContainerLocationProtocol RPC server is listening at /0.0.0.0:34621
2019-11-07 16:28:30,549 [main] WARN  impl.MetricsConfig (MetricsConfig.java:loadFirst(134)) - Cannot locate configuration: tried hadoop-metrics2-storagecontainermanager.properties,hadoop-metrics2.properties
2019-11-07 16:28:30,563 [main] INFO  impl.MetricsSystemImpl (MetricsSystemImpl.java:startTimer(374)) - Scheduled Metric snapshot period at 10 second(s).
2019-11-07 16:28:30,563 [main] INFO  impl.MetricsSystemImpl (MetricsSystemImpl.java:start(191)) - StorageContainerManager metrics system started
2019-11-07 16:28:30,844 [main] INFO  server.SCMClientProtocolServer (SCMClientProtocolServer.java:start(159)) - RPC server for Client  is listening at /0.0.0.0:34621
2019-11-07 16:28:30,845 [IPC Server listener on 34621] INFO  ipc.Server (Server.java:run(1153)) - IPC Server listener on 34621: starting
2019-11-07 16:28:30,845 [IPC Server Responder] INFO  ipc.Server (Server.java:run(1314)) - IPC Server Responder: starting
2019-11-07 16:28:30,848 [main] INFO  server.StorageContainerManager (StorageContainerManager.java:start(792)) - ScmBlockLocationProtocol RPC server is listening at /0.0.0.0:44431
2019-11-07 16:28:30,848 [main] INFO  server.SCMBlockProtocolServer (SCMBlockProtocolServer.java:start(146)) - RPC server for Block Protocol is listening at /0.0.0.0:44431
2019-11-07 16:28:30,849 [IPC Server listener on 44431] INFO  ipc.Server (Server.java:run(1153)) - IPC Server listener on 44431: starting
2019-11-07 16:28:30,849 [IPC Server Responder] INFO  ipc.Server (Server.java:run(1314)) - IPC Server Responder: starting
2019-11-07 16:28:30,851 [main] INFO  server.StorageContainerManager (StorageContainerManager.java:start(796)) - ScmDatanodeProtocl RPC server is listening at /0.0.0.0:45547
2019-11-07 16:28:30,851 [main] INFO  server.SCMDatanodeProtocolServer (SCMDatanodeProtocolServer.java:start(169)) - RPC server for DataNodes is listening at /0.0.0.0:45547
2019-11-07 16:28:30,853 [IPC Server Responder] INFO  ipc.Server (Server.java:run(1314)) - IPC Server Responder: starting
2019-11-07 16:28:30,853 [IPC Server listener on 45547] INFO  ipc.Server (Server.java:run(1153)) - IPC Server listener on 45547: starting
2019-11-07 16:28:30,857 [main] INFO  http.HttpServer2 (HttpServer2.java:bindListener(1191)) - Jetty bound to port 41270
2019-11-07 16:28:30,860 [main] INFO  server.Server (Server.java:doStart(351)) - jetty-9.3.25.v20180904, build timestamp: 2018-09-04T21:11:46Z, git hash: 3ce520221d0240229c862b122d2b06c12a625732
2019-11-07 16:28:30,910 [main] INFO  handler.ContextHandler (ContextHandler.java:doStart(781)) - Started o.e.j.s.ServletContextHandler@340da44c{/logs,file:///workdir/hadoop-ozone/integration-test/target/log,AVAILABLE}
2019-11-07 16:28:30,911 [main] INFO  handler.ContextHandler (ContextHandler.java:doStart(781)) - Started o.e.j.s.ServletContextHandler@37052337{/static,file:///workdir/hadoop-ozone/integration-test/target/test-classes/webapps/static,AVAILABLE}
2019-11-07 16:28:30,947 [main] INFO  handler.ContextHandler (ContextHandler.java:doStart(781)) - Started o.e.j.w.WebAppContext@7689ddef{/,file:///workdir/hadoop-ozone/integration-test/target/test-classes/webapps/scm/,AVAILABLE}{/scm}
2019-11-07 16:28:30,953 [main] INFO  server.AbstractConnector (AbstractConnector.java:doStart(278)) - Started ServerConnector@62d363ab{HTTP/1.1,[http/1.1]}{0.0.0.0:41270}
2019-11-07 16:28:30,953 [main] INFO  server.Server (Server.java:doStart(419)) - Started @3052ms
2019-11-07 16:28:30,955 [main] INFO  impl.MetricsSinkAdapter (MetricsSinkAdapter.java:start(204)) - Sink prometheus started
2019-11-07 16:28:30,956 [main] INFO  impl.MetricsSystemImpl (MetricsSystemImpl.java:registerSink(301)) - Registered sink prometheus
2019-11-07 16:28:30,957 [main] INFO  server.BaseHttpServer (BaseHttpServer.java:updateConnectorAddress(215)) - HTTP server of SCM is listening at http://0.0.0.0:41270
2019-11-07 16:28:30,966 [org.apache.hadoop.util.JvmPauseMonitor$Monitor@cc6460c] INFO  util.JvmPauseMonitor (JvmPauseMonitor.java:run(188)) - Starting JVM pause monitor
2019-11-07 16:28:30,971 [main] WARN  server.ServerUtils (ServerUtils.java:getDBPath(222)) - ozone.om.db.dirs is not configured. We recommend adding this setting. Falling back to ozone.metadata.dirs instead.
2019-11-07 16:28:31,121 [main] INFO  ha.OMHANodeDetails (OMHANodeDetails.java:loadOMHAConfig(190)) - Configuration either no ozone.om.address set. Falling back to the default OM address /127.0.0.1:0
2019-11-07 16:28:31,121 [main] INFO  ha.OMHANodeDetails (OMHANodeDetails.java:getOMNodeDetails(220)) - OM Service ID is not set. Setting it to the default ID: omServiceIdDefault
2019-11-07 16:28:31,123 [main] WARN  server.ServerUtils (ServerUtils.java:getDBPath(222)) - ozone.om.db.dirs is not configured. We recommend adding this setting. Falling back to ozone.metadata.dirs instead.
2019-11-07 16:28:31,124 [main] WARN  server.ServerUtils (ServerUtils.java:getDBPath(222)) - ozone.om.db.dirs is not configured. We recommend adding this setting. Falling back to ozone.metadata.dirs instead.
2019-11-07 16:28:31,772 [main] WARN  server.ServerUtils (ServerUtils.java:getDBPath(222)) - ozone.om.db.dirs is not configured. We recommend adding this setting. Falling back to ozone.metadata.dirs instead.
2019-11-07 16:28:31,781 [main] INFO  db.DBStoreBuilder (DBStoreBuilder.java:addTable(127)) - using custom profile for table: userTable
2019-11-07 16:28:31,781 [main] INFO  db.DBStoreBuilder (DBStoreBuilder.java:processTables(183)) - Using default column profile:DBProfile.DISK for Table:userTable
2019-11-07 16:28:31,781 [main] INFO  db.DBStoreBuilder (DBStoreBuilder.java:addTable(127)) - using custom profile for table: volumeTable
2019-11-07 16:28:31,781 [main] INFO  db.DBStoreBuilder (DBStoreBuilder.java:processTables(183)) - Using default column profile:DBProfile.DISK for Table:volumeTable
2019-11-07 16:28:31,782 [main] INFO  db.DBStoreBuilder (DBStoreBuilder.java:addTable(127)) - using custom profile for table: bucketTable
2019-11-07 16:28:31,782 [main] INFO  db.DBStoreBuilder (DBStoreBuilder.java:processTables(183)) - Using default column profile:DBProfile.DISK for Table:bucketTable
2019-11-07 16:28:31,782 [main] INFO  db.DBStoreBuilder (DBStoreBuilder.java:addTable(127)) - using custom profile for table: keyTable
2019-11-07 16:28:31,782 [main] INFO  db.DBStoreBuilder (DBStoreBuilder.java:processTables(183)) - Using default column profile:DBProfile.DISK for Table:keyTable
2019-11-07 16:28:31,783 [main] INFO  db.DBStoreBuilder (DBStoreBuilder.java:addTable(127)) - using custom profile for table: deletedTable
2019-11-07 16:28:31,783 [main] INFO  db.DBStoreBuilder (DBStoreBuilder.java:processTables(183)) - Using default column profile:DBProfile.DISK for Table:deletedTable
2019-11-07 16:28:31,783 [main] INFO  db.DBStoreBuilder (DBStoreBuilder.java:addTable(127)) - using custom profile for table: openKeyTable
2019-11-07 16:28:31,783 [main] INFO  db.DBStoreBuilder (DBStoreBuilder.java:processTables(183)) - Using default column profile:DBProfile.DISK for Table:openKeyTable
2019-11-07 16:28:31,784 [main] INFO  db.DBStoreBuilder (DBStoreBuilder.java:addTable(127)) - using custom profile for table: s3Table
2019-11-07 16:28:31,784 [main] INFO  db.DBStoreBuilder (DBStoreBuilder.java:processTables(183)) - Using default column profile:DBProfile.DISK for Table:s3Table
2019-11-07 16:28:31,784 [main] INFO  db.DBStoreBuilder (DBStoreBuilder.java:addTable(127)) - using custom profile for table: multipartInfoTable
2019-11-07 16:28:31,784 [main] INFO  db.DBStoreBuilder (DBStoreBuilder.java:processTables(183)) - Using default column profile:DBProfile.DISK for Table:multipartInfoTable
2019-11-07 16:28:31,785 [main] INFO  db.DBStoreBuilder (DBStoreBuilder.java:addTable(127)) - using custom profile for table: dTokenTable
2019-11-07 16:28:31,785 [main] INFO  db.DBStoreBuilder (DBStoreBuilder.java:processTables(183)) - Using default column profile:DBProfile.DISK for Table:dTokenTable
2019-11-07 16:28:31,785 [main] INFO  db.DBStoreBuilder (DBStoreBuilder.java:addTable(127)) - using custom profile for table: s3SecretTable
2019-11-07 16:28:31,785 [main] INFO  db.DBStoreBuilder (DBStoreBuilder.java:processTables(183)) - Using default column profile:DBProfile.DISK for Table:s3SecretTable
2019-11-07 16:28:31,786 [main] INFO  db.DBStoreBuilder (DBStoreBuilder.java:addTable(127)) - using custom profile for table: prefixTable
2019-11-07 16:28:31,786 [main] INFO  db.DBStoreBuilder (DBStoreBuilder.java:processTables(183)) - Using default column profile:DBProfile.DISK for Table:prefixTable
2019-11-07 16:28:31,786 [main] INFO  db.DBStoreBuilder (DBStoreBuilder.java:addTable(127)) - using custom profile for table: default
2019-11-07 16:28:31,786 [main] INFO  db.DBStoreBuilder (DBStoreBuilder.java:processTables(189)) - Using default column profile:DBProfile.DISK for Table:default
2019-11-07 16:28:31,787 [main] INFO  db.DBStoreBuilder (DBStoreBuilder.java:getDbProfile(220)) - Using default options. DBProfile.DISK
2019-11-07 16:28:32,355 [main] INFO  ipc.CallQueueManager (CallQueueManager.java:<init>(84)) - Using callQueue: class java.util.concurrent.LinkedBlockingQueue, queueCapacity: 2000, scheduler: class org.apache.hadoop.ipc.DefaultRpcScheduler, ipcBackoff: false.
2019-11-07 16:28:32,356 [Socket Reader #1 for port 46367] INFO  ipc.Server (Server.java:run(1074)) - Starting Socket Reader #1 for port 46367
2019-11-07 16:28:32,376 [main] INFO  om.OzoneManager (OzoneManager.java:start(1076)) - OzoneManager RPC server is listening at localhost/127.0.0.1:46367
2019-11-07 16:28:32,376 [main] INFO  impl.MetricsSystemImpl (MetricsSystemImpl.java:init(158)) - OzoneManager metrics system started (again)
2019-11-07 16:28:32,384 [IPC Server Responder] INFO  ipc.Server (Server.java:run(1314)) - IPC Server Responder: starting
2019-11-07 16:28:32,384 [IPC Server listener on 46367] INFO  ipc.Server (Server.java:run(1153)) - IPC Server listener on 46367: starting
2019-11-07 16:28:32,392 [main] INFO  hdfs.DFSUtil (DFSUtil.java:httpServerTemplateForNNAndJN(1641)) - Starting Web-server for ozoneManager at: http://0.0.0.0:0
2019-11-07 16:28:32,394 [main] INFO  server.AuthenticationFilter (AuthenticationFilter.java:constructSecretProvider(240)) - Unable to initialize FileSignerSecretProvider, falling back to use random secrets.
2019-11-07 16:28:32,394 [main] WARN  http.HttpRequestLog (HttpRequestLog.java:getRequestLog(97)) - Jetty request log can only be enabled using Log4j
2019-11-07 16:28:32,396 [main] INFO  http.HttpServer2 (HttpServer2.java:addGlobalFilter(975)) - Added global filter 'safety' (class=org.apache.hadoop.http.HttpServer2$QuotingInputFilter)
2019-11-07 16:28:32,397 [main] INFO  http.HttpServer2 (HttpServer2.java:addFilter(948)) - Added filter static_user_filter (class=org.apache.hadoop.http.lib.StaticUserWebFilter$StaticUserFilter) to context ozoneManager
2019-11-07 16:28:32,397 [main] INFO  http.HttpServer2 (HttpServer2.java:addFilter(958)) - Added filter static_user_filter (class=org.apache.hadoop.http.lib.StaticUserWebFilter$StaticUserFilter) to context static
2019-11-07 16:28:32,398 [main] INFO  http.HttpServer2 (HttpServer2.java:addFilter(958)) - Added filter static_user_filter (class=org.apache.hadoop.http.lib.StaticUserWebFilter$StaticUserFilter) to context logs
2019-11-07 16:28:32,400 [main] INFO  http.HttpServer2 (HttpServer2.java:bindListener(1191)) - Jetty bound to port 36740
2019-11-07 16:28:32,400 [main] INFO  server.Server (Server.java:doStart(351)) - jetty-9.3.25.v20180904, build timestamp: 2018-09-04T21:11:46Z, git hash: 3ce520221d0240229c862b122d2b06c12a625732
2019-11-07 16:28:32,402 [main] INFO  handler.ContextHandler (ContextHandler.java:doStart(781)) - Started o.e.j.s.ServletContextHandler@5aae8eb5{/logs,file:///workdir/hadoop-ozone/integration-test/target/log,AVAILABLE}
2019-11-07 16:28:32,403 [main] INFO  handler.ContextHandler (ContextHandler.java:doStart(781)) - Started o.e.j.s.ServletContextHandler@24a298a6{/static,file:///workdir/hadoop-ozone/integration-test/target/test-classes/webapps/static,AVAILABLE}
2019-11-07 16:28:32,407 [main] INFO  handler.ContextHandler (ContextHandler.java:doStart(781)) - Started o.e.j.w.WebAppContext@5116ac09{/,file:///workdir/hadoop-ozone/integration-test/target/test-classes/webapps/ozoneManager/,AVAILABLE}{/ozoneManager}
2019-11-07 16:28:32,408 [main] INFO  server.AbstractConnector (AbstractConnector.java:doStart(278)) - Started ServerConnector@1bc425e7{HTTP/1.1,[http/1.1]}{0.0.0.0:36740}
2019-11-07 16:28:32,409 [main] INFO  server.Server (Server.java:doStart(419)) - Started @4508ms
2019-11-07 16:28:32,409 [main] WARN  impl.MetricsSystemImpl (MetricsSystemImpl.java:register(276)) - Sink prometheus already exists!
2019-11-07 16:28:32,410 [main] INFO  server.BaseHttpServer (BaseHttpServer.java:updateConnectorAddress(215)) - HTTP server of OZONEMANAGER is listening at http://0.0.0.0:36740
2019-11-07 16:28:32,650 [main] INFO  impl.MetricsSystemImpl (MetricsSystemImpl.java:init(158)) - HddsDatanode metrics system started (again)
2019-11-07 16:28:32,693 [main] INFO  ozone.HddsDatanodeService (HddsDatanodeService.java:start(184)) - HddsDatanodeService host:pr-hdds-2329-pipelines-wl5p8-3511966945 ip:192.168.69.106
2019-11-07 16:28:32,725 [main] INFO  volume.HddsVolume (HddsVolume.java:<init>(176)) - Creating Volume: /workdir/hadoop-ozone/integration-test/target/test-dir/MiniOzoneClusterImpl-a970380e-0cc3-4fc2-b69b-bc446b1b0e33/datanode-0/data/containers/hdds of  storage type : DISK and capacity : 1482555576320
2019-11-07 16:28:32,727 [main] INFO  volume.VolumeSet (VolumeSet.java:initializeVolumeSet(170)) - Added Volume : /workdir/hadoop-ozone/integration-test/target/test-dir/MiniOzoneClusterImpl-a970380e-0cc3-4fc2-b69b-bc446b1b0e33/datanode-0/data/containers/hdds to VolumeSet
2019-11-07 16:28:32,730 [main] INFO  volume.ThrottledAsyncChecker (ThrottledAsyncChecker.java:schedule(141)) - Scheduling a check for /workdir/hadoop-ozone/integration-test/target/test-dir/MiniOzoneClusterImpl-a970380e-0cc3-4fc2-b69b-bc446b1b0e33/datanode-0/data/containers/hdds
2019-11-07 16:28:32,747 [main] INFO  volume.HddsVolumeChecker (HddsVolumeChecker.java:checkAllVolumes(204)) - Scheduled health check for volume /workdir/hadoop-ozone/integration-test/target/test-dir/MiniOzoneClusterImpl-a970380e-0cc3-4fc2-b69b-bc446b1b0e33/datanode-0/data/containers/hdds
2019-11-07 16:28:32,860 [main] INFO  impl.RaftServerProxy (ConfUtils.java:logGet(43)) - raft.rpc.type = GRPC (default)
2019-11-07 16:28:32,922 [main] INFO  grpc.GrpcFactory (GrpcFactory.java:checkPooledByteBufAllocatorUseCacheForAllThreads(45)) - PERFORMANCE WARNING: useCacheForAllThreads is true that may cause Netty to create a lot garbage objects and, as a result, trigger GC.
	It is recommended to disable useCacheForAllThreads by setting -Dorg.apache.ratis.thirdparty.io.netty.allocator.useCacheForAllThreads=false in command line.
2019-11-07 16:28:32,927 [main] INFO  grpc.GrpcConfigKeys$Server (ConfUtils.java:logGet(43)) - raft.grpc.server.port = 0 (default)
2019-11-07 16:28:32,928 [main] INFO  server.GrpcService (ConfUtils.java:logGet(43)) - raft.grpc.message.size.max = 33570816 (custom)
2019-11-07 16:28:32,929 [main] INFO  server.RaftServerConfigKeys (ConfUtils.java:logGet(43)) - raft.server.log.appender.buffer.byte-limit = 33554432 (custom)
2019-11-07 16:28:32,930 [main] INFO  server.GrpcService (ConfUtils.java:logGet(43)) - raft.grpc.flow.control.window = 1MB (=1048576) (default)
2019-11-07 16:28:32,931 [main] INFO  server.RaftServerConfigKeys (ConfUtils.java:logGet(43)) - raft.server.rpc.request.timeout = 3000ms (default)
2019-11-07 16:28:33,074 [main] INFO  server.RaftServerConfigKeys (ConfUtils.java:logGet(43)) - raft.server.storage.dir = [/workdir/hadoop-ozone/integration-test/target/test-dir/MiniOzoneClusterImpl-a970380e-0cc3-4fc2-b69b-bc446b1b0e33/datanode-0/data/ratis] (custom)
2019-11-07 16:28:33,116 [main] INFO  hdfs.DFSUtil (DFSUtil.java:httpServerTemplateForNNAndJN(1641)) - Starting Web-server for hddsDatanode at: http://0.0.0.0:0
2019-11-07 16:28:33,117 [main] INFO  server.AuthenticationFilter (AuthenticationFilter.java:constructSecretProvider(240)) - Unable to initialize FileSignerSecretProvider, falling back to use random secrets.
2019-11-07 16:28:33,118 [main] WARN  http.HttpRequestLog (HttpRequestLog.java:getRequestLog(97)) - Jetty request log can only be enabled using Log4j
2019-11-07 16:28:33,119 [main] INFO  http.HttpServer2 (HttpServer2.java:addGlobalFilter(975)) - Added global filter 'safety' (class=org.apache.hadoop.http.HttpServer2$QuotingInputFilter)
2019-11-07 16:28:33,120 [main] INFO  http.HttpServer2 (HttpServer2.java:addFilter(948)) - Added filter static_user_filter (class=org.apache.hadoop.http.lib.StaticUserWebFilter$StaticUserFilter) to context hddsDatanode
2019-11-07 16:28:33,120 [main] INFO  http.HttpServer2 (HttpServer2.java:addFilter(958)) - Added filter static_user_filter (class=org.apache.hadoop.http.lib.StaticUserWebFilter$StaticUserFilter) to context static
2019-11-07 16:28:33,120 [main] INFO  http.HttpServer2 (HttpServer2.java:addFilter(958)) - Added filter static_user_filter (class=org.apache.hadoop.http.lib.StaticUserWebFilter$StaticUserFilter) to context logs
2019-11-07 16:28:33,121 [main] INFO  http.HttpServer2 (HttpServer2.java:bindListener(1191)) - Jetty bound to port 44240
2019-11-07 16:28:33,121 [main] INFO  server.Server (Server.java:doStart(351)) - jetty-9.3.25.v20180904, build timestamp: 2018-09-04T21:11:46Z, git hash: 3ce520221d0240229c862b122d2b06c12a625732
2019-11-07 16:28:33,124 [main] INFO  handler.ContextHandler (ContextHandler.java:doStart(781)) - Started o.e.j.s.ServletContextHandler@2819c460{/logs,file:///workdir/hadoop-ozone/integration-test/target/log,AVAILABLE}
2019-11-07 16:28:33,124 [main] INFO  handler.ContextHandler (ContextHandler.java:doStart(781)) - Started o.e.j.s.ServletContextHandler@38bb9d7a{/static,jar:file:/home/user/.m2/repository/org/apache/hadoop/hadoop-hdds-container-service/0.5.0-SNAPSHOT/hadoop-hdds-container-service-0.5.0-SNAPSHOT.jar!/webapps/static,AVAILABLE}
2019-11-07 16:28:33,154 [main] INFO  handler.ContextHandler (ContextHandler.java:doStart(781)) - Started o.e.j.w.WebAppContext@2f37f1f9{/,file:///tmp/jetty-0.0.0.0-44240-hddsDatanode-_-any-7095699286744455350.dir/webapp/,AVAILABLE}{/hddsDatanode}
2019-11-07 16:28:33,154 [main] INFO  server.AbstractConnector (AbstractConnector.java:doStart(278)) - Started ServerConnector@3374b5bc{HTTP/1.1,[http/1.1]}{0.0.0.0:44240}
2019-11-07 16:28:33,155 [main] INFO  server.Server (Server.java:doStart(419)) - Started @5254ms
2019-11-07 16:28:33,155 [main] WARN  impl.MetricsSystemImpl (MetricsSystemImpl.java:register(276)) - Sink prometheus already exists!
2019-11-07 16:28:33,157 [main] INFO  server.BaseHttpServer (BaseHttpServer.java:updateConnectorAddress(215)) - HTTP server of HDDSDATANODE is listening at http://0.0.0.0:44240
2019-11-07 16:28:33,158 [main] INFO  impl.MetricsSystemImpl (MetricsSystemImpl.java:init(158)) - HddsDatanode metrics system started (again)
2019-11-07 16:28:33,160 [main] INFO  ozone.HddsDatanodeService (HddsDatanodeService.java:start(184)) - HddsDatanodeService host:pr-hdds-2329-pipelines-wl5p8-3511966945 ip:192.168.69.106
2019-11-07 16:28:33,164 [org.apache.hadoop.util.JvmPauseMonitor$Monitor@1d42d7d2] INFO  util.JvmPauseMonitor (JvmPauseMonitor.java:run(188)) - Starting JVM pause monitor
2019-11-07 16:28:33,169 [main] INFO  volume.HddsVolume (HddsVolume.java:<init>(176)) - Creating Volume: /workdir/hadoop-ozone/integration-test/target/test-dir/MiniOzoneClusterImpl-a970380e-0cc3-4fc2-b69b-bc446b1b0e33/datanode-1/data/containers/hdds of  storage type : DISK and capacity : 1482555576320
2019-11-07 16:28:33,170 [main] INFO  volume.VolumeSet (VolumeSet.java:initializeVolumeSet(170)) - Added Volume : /workdir/hadoop-ozone/integration-test/target/test-dir/MiniOzoneClusterImpl-a970380e-0cc3-4fc2-b69b-bc446b1b0e33/datanode-1/data/containers/hdds to VolumeSet
2019-11-07 16:28:33,171 [main] INFO  volume.ThrottledAsyncChecker (ThrottledAsyncChecker.java:schedule(141)) - Scheduling a check for /workdir/hadoop-ozone/integration-test/target/test-dir/MiniOzoneClusterImpl-a970380e-0cc3-4fc2-b69b-bc446b1b0e33/datanode-1/data/containers/hdds
2019-11-07 16:28:33,171 [main] INFO  volume.HddsVolumeChecker (HddsVolumeChecker.java:checkAllVolumes(204)) - Scheduled health check for volume /workdir/hadoop-ozone/integration-test/target/test-dir/MiniOzoneClusterImpl-a970380e-0cc3-4fc2-b69b-bc446b1b0e33/datanode-1/data/containers/hdds
2019-11-07 16:28:33,183 [main] INFO  impl.RaftServerProxy (ConfUtils.java:logGet(43)) - raft.rpc.type = GRPC (default)
2019-11-07 16:28:33,183 [main] INFO  grpc.GrpcFactory (GrpcFactory.java:checkPooledByteBufAllocatorUseCacheForAllThreads(45)) - PERFORMANCE WARNING: useCacheForAllThreads is true that may cause Netty to create a lot garbage objects and, as a result, trigger GC.
	It is recommended to disable useCacheForAllThreads by setting -Dorg.apache.ratis.thirdparty.io.netty.allocator.useCacheForAllThreads=false in command line.
2019-11-07 16:28:33,184 [main] INFO  grpc.GrpcConfigKeys$Server (ConfUtils.java:logGet(43)) - raft.grpc.server.port = 0 (default)
2019-11-07 16:28:33,184 [main] INFO  server.GrpcService (ConfUtils.java:logGet(43)) - raft.grpc.message.size.max = 33570816 (custom)
2019-11-07 16:28:33,184 [main] INFO  server.RaftServerConfigKeys (ConfUtils.java:logGet(43)) - raft.server.log.appender.buffer.byte-limit = 33554432 (custom)
2019-11-07 16:28:33,184 [main] INFO  server.GrpcService (ConfUtils.java:logGet(43)) - raft.grpc.flow.control.window = 1MB (=1048576) (default)
2019-11-07 16:28:33,184 [main] INFO  server.RaftServerConfigKeys (ConfUtils.java:logGet(43)) - raft.server.rpc.request.timeout = 3000ms (default)
2019-11-07 16:28:33,185 [main] INFO  server.RaftServerConfigKeys (ConfUtils.java:logGet(43)) - raft.server.storage.dir = [/workdir/hadoop-ozone/integration-test/target/test-dir/MiniOzoneClusterImpl-a970380e-0cc3-4fc2-b69b-bc446b1b0e33/datanode-1/data/ratis] (custom)
2019-11-07 16:28:33,186 [main] INFO  hdfs.DFSUtil (DFSUtil.java:httpServerTemplateForNNAndJN(1641)) - Starting Web-server for hddsDatanode at: http://0.0.0.0:0
2019-11-07 16:28:33,188 [main] INFO  server.AuthenticationFilter (AuthenticationFilter.java:constructSecretProvider(240)) - Unable to initialize FileSignerSecretProvider, falling back to use random secrets.
2019-11-07 16:28:33,188 [main] WARN  http.HttpRequestLog (HttpRequestLog.java:getRequestLog(97)) - Jetty request log can only be enabled using Log4j
2019-11-07 16:28:33,190 [main] INFO  http.HttpServer2 (HttpServer2.java:addGlobalFilter(975)) - Added global filter 'safety' (class=org.apache.hadoop.http.HttpServer2$QuotingInputFilter)
2019-11-07 16:28:33,190 [main] INFO  http.HttpServer2 (HttpServer2.java:addFilter(948)) - Added filter static_user_filter (class=org.apache.hadoop.http.lib.StaticUserWebFilter$StaticUserFilter) to context hddsDatanode
2019-11-07 16:28:33,190 [main] INFO  http.HttpServer2 (HttpServer2.java:addFilter(958)) - Added filter static_user_filter (class=org.apache.hadoop.http.lib.StaticUserWebFilter$StaticUserFilter) to context static
2019-11-07 16:28:33,191 [main] INFO  http.HttpServer2 (HttpServer2.java:addFilter(958)) - Added filter static_user_filter (class=org.apache.hadoop.http.lib.StaticUserWebFilter$StaticUserFilter) to context logs
2019-11-07 16:28:33,191 [main] INFO  http.HttpServer2 (HttpServer2.java:bindListener(1191)) - Jetty bound to port 44725
2019-11-07 16:28:33,192 [main] INFO  server.Server (Server.java:doStart(351)) - jetty-9.3.25.v20180904, build timestamp: 2018-09-04T21:11:46Z, git hash: 3ce520221d0240229c862b122d2b06c12a625732
2019-11-07 16:28:33,195 [main] INFO  handler.ContextHandler (ContextHandler.java:doStart(781)) - Started o.e.j.s.ServletContextHandler@4fc3c165{/logs,file:///workdir/hadoop-ozone/integration-test/target/log,AVAILABLE}
2019-11-07 16:28:33,196 [main] INFO  handler.ContextHandler (ContextHandler.java:doStart(781)) - Started o.e.j.s.ServletContextHandler@7b6860f9{/static,jar:file:/home/user/.m2/repository/org/apache/hadoop/hadoop-hdds-container-service/0.5.0-SNAPSHOT/hadoop-hdds-container-service-0.5.0-SNAPSHOT.jar!/webapps/static,AVAILABLE}
2019-11-07 16:28:33,235 [main] INFO  handler.ContextHandler (ContextHandler.java:doStart(781)) - Started o.e.j.w.WebAppContext@21bd20ee{/,file:///tmp/jetty-0.0.0.0-44725-hddsDatanode-_-any-7890726060160406569.dir/webapp/,AVAILABLE}{/hddsDatanode}
2019-11-07 16:28:33,235 [main] INFO  server.AbstractConnector (AbstractConnector.java:doStart(278)) - Started ServerConnector@26c47874{HTTP/1.1,[http/1.1]}{0.0.0.0:44725}
2019-11-07 16:28:33,236 [main] INFO  server.Server (Server.java:doStart(419)) - Started @5335ms
2019-11-07 16:28:33,236 [main] WARN  impl.MetricsSystemImpl (MetricsSystemImpl.java:register(276)) - Sink prometheus already exists!
2019-11-07 16:28:33,238 [main] INFO  server.BaseHttpServer (BaseHttpServer.java:updateConnectorAddress(215)) - HTTP server of HDDSDATANODE is listening at http://0.0.0.0:44725
2019-11-07 16:28:33,239 [main] INFO  impl.MetricsSystemImpl (MetricsSystemImpl.java:init(158)) - HddsDatanode metrics system started (again)
2019-11-07 16:28:33,241 [main] INFO  ozone.HddsDatanodeService (HddsDatanodeService.java:start(184)) - HddsDatanodeService host:pr-hdds-2329-pipelines-wl5p8-3511966945 ip:192.168.69.106
2019-11-07 16:28:33,242 [org.apache.hadoop.util.JvmPauseMonitor$Monitor@aae4d5e] INFO  util.JvmPauseMonitor (JvmPauseMonitor.java:run(188)) - Starting JVM pause monitor
2019-11-07 16:28:33,251 [main] INFO  volume.HddsVolume (HddsVolume.java:<init>(176)) - Creating Volume: /workdir/hadoop-ozone/integration-test/target/test-dir/MiniOzoneClusterImpl-a970380e-0cc3-4fc2-b69b-bc446b1b0e33/datanode-2/data/containers/hdds of  storage type : DISK and capacity : 1482555576320
2019-11-07 16:28:33,251 [main] INFO  volume.VolumeSet (VolumeSet.java:initializeVolumeSet(170)) - Added Volume : /workdir/hadoop-ozone/integration-test/target/test-dir/MiniOzoneClusterImpl-a970380e-0cc3-4fc2-b69b-bc446b1b0e33/datanode-2/data/containers/hdds to VolumeSet
2019-11-07 16:28:33,252 [main] INFO  volume.ThrottledAsyncChecker (ThrottledAsyncChecker.java:schedule(141)) - Scheduling a check for /workdir/hadoop-ozone/integration-test/target/test-dir/MiniOzoneClusterImpl-a970380e-0cc3-4fc2-b69b-bc446b1b0e33/datanode-2/data/containers/hdds
2019-11-07 16:28:33,252 [main] INFO  volume.HddsVolumeChecker (HddsVolumeChecker.java:checkAllVolumes(204)) - Scheduled health check for volume /workdir/hadoop-ozone/integration-test/target/test-dir/MiniOzoneClusterImpl-a970380e-0cc3-4fc2-b69b-bc446b1b0e33/datanode-2/data/containers/hdds
2019-11-07 16:28:33,266 [main] INFO  impl.RaftServerProxy (ConfUtils.java:logGet(43)) - raft.rpc.type = GRPC (default)
2019-11-07 16:28:33,267 [main] INFO  grpc.GrpcFactory (GrpcFactory.java:checkPooledByteBufAllocatorUseCacheForAllThreads(45)) - PERFORMANCE WARNING: useCacheForAllThreads is true that may cause Netty to create a lot garbage objects and, as a result, trigger GC.
	It is recommended to disable useCacheForAllThreads by setting -Dorg.apache.ratis.thirdparty.io.netty.allocator.useCacheForAllThreads=false in command line.
2019-11-07 16:28:33,267 [main] INFO  grpc.GrpcConfigKeys$Server (ConfUtils.java:logGet(43)) - raft.grpc.server.port = 0 (default)
2019-11-07 16:28:33,267 [main] INFO  server.GrpcService (ConfUtils.java:logGet(43)) - raft.grpc.message.size.max = 33570816 (custom)
2019-11-07 16:28:33,267 [main] INFO  server.RaftServerConfigKeys (ConfUtils.java:logGet(43)) - raft.server.log.appender.buffer.byte-limit = 33554432 (custom)
2019-11-07 16:28:33,268 [main] INFO  server.GrpcService (ConfUtils.java:logGet(43)) - raft.grpc.flow.control.window = 1MB (=1048576) (default)
2019-11-07 16:28:33,268 [main] INFO  server.RaftServerConfigKeys (ConfUtils.java:logGet(43)) - raft.server.rpc.request.timeout = 3000ms (default)
2019-11-07 16:28:33,268 [main] INFO  server.RaftServerConfigKeys (ConfUtils.java:logGet(43)) - raft.server.storage.dir = [/workdir/hadoop-ozone/integration-test/target/test-dir/MiniOzoneClusterImpl-a970380e-0cc3-4fc2-b69b-bc446b1b0e33/datanode-2/data/ratis] (custom)
2019-11-07 16:28:33,271 [main] INFO  hdfs.DFSUtil (DFSUtil.java:httpServerTemplateForNNAndJN(1641)) - Starting Web-server for hddsDatanode at: http://0.0.0.0:0
2019-11-07 16:28:33,272 [main] INFO  server.AuthenticationFilter (AuthenticationFilter.java:constructSecretProvider(240)) - Unable to initialize FileSignerSecretProvider, falling back to use random secrets.
2019-11-07 16:28:33,272 [main] WARN  http.HttpRequestLog (HttpRequestLog.java:getRequestLog(97)) - Jetty request log can only be enabled using Log4j
2019-11-07 16:28:33,274 [main] INFO  http.HttpServer2 (HttpServer2.java:addGlobalFilter(975)) - Added global filter 'safety' (class=org.apache.hadoop.http.HttpServer2$QuotingInputFilter)
2019-11-07 16:28:33,274 [main] INFO  http.HttpServer2 (HttpServer2.java:addFilter(948)) - Added filter static_user_filter (class=org.apache.hadoop.http.lib.StaticUserWebFilter$StaticUserFilter) to context hddsDatanode
2019-11-07 16:28:33,275 [main] INFO  http.HttpServer2 (HttpServer2.java:addFilter(958)) - Added filter static_user_filter (class=org.apache.hadoop.http.lib.StaticUserWebFilter$StaticUserFilter) to context static
2019-11-07 16:28:33,275 [main] INFO  http.HttpServer2 (HttpServer2.java:addFilter(958)) - Added filter static_user_filter (class=org.apache.hadoop.http.lib.StaticUserWebFilter$StaticUserFilter) to context logs
2019-11-07 16:28:33,276 [main] INFO  http.HttpServer2 (HttpServer2.java:bindListener(1191)) - Jetty bound to port 42862
2019-11-07 16:28:33,276 [main] INFO  server.Server (Server.java:doStart(351)) - jetty-9.3.25.v20180904, build timestamp: 2018-09-04T21:11:46Z, git hash: 3ce520221d0240229c862b122d2b06c12a625732
2019-11-07 16:28:33,279 [main] INFO  handler.ContextHandler (ContextHandler.java:doStart(781)) - Started o.e.j.s.ServletContextHandler@22a6e998{/logs,file:///workdir/hadoop-ozone/integration-test/target/log,AVAILABLE}
2019-11-07 16:28:33,279 [main] INFO  handler.ContextHandler (ContextHandler.java:doStart(781)) - Started o.e.j.s.ServletContextHandler@e57e5d6{/static,jar:file:/home/user/.m2/repository/org/apache/hadoop/hadoop-hdds-container-service/0.5.0-SNAPSHOT/hadoop-hdds-container-service-0.5.0-SNAPSHOT.jar!/webapps/static,AVAILABLE}
2019-11-07 16:28:33,283 [Datanode State Machine Thread - 0] INFO  datanode.InitDatanodeState (InitDatanodeState.java:persistContainerDatanodeDetails(140)) - DatanodeDetails is persisted to /workdir/hadoop-ozone/integration-test/target/test-dir/MiniOzoneClusterImpl-a970380e-0cc3-4fc2-b69b-bc446b1b0e33/datanode-0/meta/datanode.id
2019-11-07 16:28:33,287 [Datanode State Machine Thread - 0] INFO  datanode.InitDatanodeState (InitDatanodeState.java:persistContainerDatanodeDetails(140)) - DatanodeDetails is persisted to /workdir/hadoop-ozone/integration-test/target/test-dir/MiniOzoneClusterImpl-a970380e-0cc3-4fc2-b69b-bc446b1b0e33/datanode-1/meta/datanode.id
2019-11-07 16:28:33,306 [main] INFO  handler.ContextHandler (ContextHandler.java:doStart(781)) - Started o.e.j.w.WebAppContext@56a4f272{/,file:///tmp/jetty-0.0.0.0-42862-hddsDatanode-_-any-55038199260452771.dir/webapp/,AVAILABLE}{/hddsDatanode}
2019-11-07 16:28:33,307 [main] INFO  server.AbstractConnector (AbstractConnector.java:doStart(278)) - Started ServerConnector@3ee0b4f7{HTTP/1.1,[http/1.1]}{0.0.0.0:42862}
2019-11-07 16:28:33,307 [main] INFO  server.Server (Server.java:doStart(419)) - Started @5406ms
2019-11-07 16:28:33,307 [main] WARN  impl.MetricsSystemImpl (MetricsSystemImpl.java:register(276)) - Sink prometheus already exists!
2019-11-07 16:28:33,309 [main] INFO  server.BaseHttpServer (BaseHttpServer.java:updateConnectorAddress(215)) - HTTP server of HDDSDATANODE is listening at http://0.0.0.0:42862
2019-11-07 16:28:33,311 [main] INFO  ozone.MiniOzoneClusterImpl (MiniOzoneClusterImpl.java:lambda$waitForClusterToBeReady$0(147)) - Waiting for cluster to be ready. Got 0 of 3 DN Heartbeats.
2019-11-07 16:28:33,311 [org.apache.hadoop.util.JvmPauseMonitor$Monitor@356c2b01] INFO  util.JvmPauseMonitor (JvmPauseMonitor.java:run(188)) - Starting JVM pause monitor
2019-11-07 16:28:33,315 [Datanode State Machine Thread - 0] INFO  datanode.InitDatanodeState (InitDatanodeState.java:persistContainerDatanodeDetails(140)) - DatanodeDetails is persisted to /workdir/hadoop-ozone/integration-test/target/test-dir/MiniOzoneClusterImpl-a970380e-0cc3-4fc2-b69b-bc446b1b0e33/datanode-2/meta/datanode.id
2019-11-07 16:28:34,311 [main] INFO  ozone.MiniOzoneClusterImpl (MiniOzoneClusterImpl.java:lambda$waitForClusterToBeReady$0(147)) - Waiting for cluster to be ready. Got 0 of 3 DN Heartbeats.
2019-11-07 16:28:35,311 [main] INFO  ozone.MiniOzoneClusterImpl (MiniOzoneClusterImpl.java:lambda$waitForClusterToBeReady$0(147)) - Waiting for cluster to be ready. Got 0 of 3 DN Heartbeats.
2019-11-07 16:28:35,328 [Datanode State Machine Thread - 0] INFO  ozoneimpl.OzoneContainer (OzoneContainer.java:start(213)) - Attempting to start container services.
2019-11-07 16:28:35,328 [Datanode State Machine Thread - 0] INFO  ozoneimpl.OzoneContainer (OzoneContainer.java:start(213)) - Attempting to start container services.
2019-11-07 16:28:35,332 [Datanode State Machine Thread - 0] INFO  ozoneimpl.OzoneContainer (OzoneContainer.java:startContainerScrub(177)) - Background container scanner has been disabled.
2019-11-07 16:28:35,332 [Datanode State Machine Thread - 0] INFO  ozoneimpl.OzoneContainer (OzoneContainer.java:startContainerScrub(177)) - Background container scanner has been disabled.
2019-11-07 16:28:35,332 [Datanode State Machine Thread - 0] INFO  ratis.XceiverServerRatis (XceiverServerRatis.java:start(418)) - Starting XceiverServerRatis 4b66a4eb-9baa-4818-a82d-5882a8281712 at port 0
2019-11-07 16:28:35,332 [Datanode State Machine Thread - 0] INFO  ratis.XceiverServerRatis (XceiverServerRatis.java:start(418)) - Starting XceiverServerRatis e72837b7-fe0e-4475-9dee-4d836a3196bb at port 0
2019-11-07 16:28:35,354 [Datanode State Machine Thread - 0] INFO  ozoneimpl.OzoneContainer (OzoneContainer.java:start(213)) - Attempting to start container services.
2019-11-07 16:28:35,360 [Datanode State Machine Thread - 0] INFO  ozoneimpl.OzoneContainer (OzoneContainer.java:startContainerScrub(177)) - Background container scanner has been disabled.
2019-11-07 16:28:35,360 [Datanode State Machine Thread - 0] INFO  ratis.XceiverServerRatis (XceiverServerRatis.java:start(418)) - Starting XceiverServerRatis faef99ea-f5b7-4431-8bda-3d2e4205e0e9 at port 0
2019-11-07 16:28:35,371 [Datanode State Machine Thread - 0] INFO  impl.RaftServerProxy (RaftServerProxy.java:lambda$start$3(299)) - faef99ea-f5b7-4431-8bda-3d2e4205e0e9: start RPC server
2019-11-07 16:28:35,371 [Datanode State Machine Thread - 0] INFO  impl.RaftServerProxy (RaftServerProxy.java:lambda$start$3(299)) - 4b66a4eb-9baa-4818-a82d-5882a8281712: start RPC server
2019-11-07 16:28:35,371 [Datanode State Machine Thread - 0] INFO  impl.RaftServerProxy (RaftServerProxy.java:lambda$start$3(299)) - e72837b7-fe0e-4475-9dee-4d836a3196bb: start RPC server
2019-11-07 16:28:35,518 [Datanode State Machine Thread - 0] INFO  server.GrpcService (GrpcService.java:startImpl(158)) - faef99ea-f5b7-4431-8bda-3d2e4205e0e9: GrpcService started, listening on 0.0.0.0/0.0.0.0:43568
2019-11-07 16:28:35,518 [Datanode State Machine Thread - 0] INFO  server.GrpcService (GrpcService.java:startImpl(158)) - e72837b7-fe0e-4475-9dee-4d836a3196bb: GrpcService started, listening on 0.0.0.0/0.0.0.0:43872
2019-11-07 16:28:35,518 [Datanode State Machine Thread - 0] INFO  server.GrpcService (GrpcService.java:startImpl(158)) - 4b66a4eb-9baa-4818-a82d-5882a8281712: GrpcService started, listening on 0.0.0.0/0.0.0.0:35202
2019-11-07 16:28:35,519 [Datanode State Machine Thread - 0] INFO  ratis.XceiverServerRatis (XceiverServerRatis.java:start(428)) - XceiverServerRatis e72837b7-fe0e-4475-9dee-4d836a3196bb is started using port 43872
2019-11-07 16:28:35,518 [Datanode State Machine Thread - 0] INFO  ratis.XceiverServerRatis (XceiverServerRatis.java:start(428)) - XceiverServerRatis faef99ea-f5b7-4431-8bda-3d2e4205e0e9 is started using port 43568
2019-11-07 16:28:35,519 [Datanode State Machine Thread - 0] INFO  ratis.XceiverServerRatis (XceiverServerRatis.java:start(428)) - XceiverServerRatis 4b66a4eb-9baa-4818-a82d-5882a8281712 is started using port 35202
2019-11-07 16:28:35,523 [Datanode State Machine Thread - 0] INFO  server.XceiverServerGrpc (XceiverServerGrpc.java:start(149)) - XceiverServerGrpc faef99ea-f5b7-4431-8bda-3d2e4205e0e9 is started using port 44291
2019-11-07 16:28:35,523 [Datanode State Machine Thread - 0] INFO  server.XceiverServerGrpc (XceiverServerGrpc.java:start(149)) - XceiverServerGrpc e72837b7-fe0e-4475-9dee-4d836a3196bb is started using port 41865
2019-11-07 16:28:35,523 [Datanode State Machine Thread - 0] INFO  server.XceiverServerGrpc (XceiverServerGrpc.java:start(149)) - XceiverServerGrpc 4b66a4eb-9baa-4818-a82d-5882a8281712 is started using port 39026
2019-11-07 16:28:36,312 [main] INFO  ozone.MiniOzoneClusterImpl (MiniOzoneClusterImpl.java:lambda$waitForClusterToBeReady$0(147)) - Waiting for cluster to be ready. Got 0 of 3 DN Heartbeats.
2019-11-07 16:28:37,200 [IPC Server handler 1 on 45547] INFO  net.NetworkTopology (NetworkTopologyImpl.java:add(111)) - Added a new node: /default-rack/e72837b7-fe0e-4475-9dee-4d836a3196bb
2019-11-07 16:28:37,200 [IPC Server handler 1 on 45547] INFO  node.SCMNodeManager (SCMNodeManager.java:register(313)) - Registered Data node : e72837b7-fe0e-4475-9dee-4d836a3196bb{ip: 192.168.69.106, host: pr-hdds-2329-pipelines-wl5p8-3511966945, networkLocation: /default-rack, certSerialId: null}
2019-11-07 16:28:37,204 [EventQueue-NodeRegistrationContainerReportForDataNodeSafeModeRule] INFO  safemode.SCMSafeModeManager (DataNodeSafeModeRule.java:process(71)) - SCM in safe mode. 1 DataNodes registered, 1 required.
2019-11-07 16:28:37,204 [EventQueue-NodeRegistrationContainerReportForDataNodeSafeModeRule] INFO  safemode.SCMSafeModeManager (SCMSafeModeManager.java:validateSafeModeExitRules(177)) - ScmSafeModeManager, all rules are successfully validated
2019-11-07 16:28:37,204 [EventQueue-NodeRegistrationContainerReportForDataNodeSafeModeRule] INFO  safemode.SCMSafeModeManager (SCMSafeModeManager.java:exitSafeMode(193)) - SCM exiting safe mode.
2019-11-07 16:28:37,245 [IPC Server handler 0 on 45547] INFO  net.NetworkTopology (NetworkTopologyImpl.java:add(111)) - Added a new node: /default-rack/4b66a4eb-9baa-4818-a82d-5882a8281712
2019-11-07 16:28:37,245 [IPC Server handler 0 on 45547] INFO  node.SCMNodeManager (SCMNodeManager.java:register(313)) - Registered Data node : 4b66a4eb-9baa-4818-a82d-5882a8281712{ip: 192.168.69.106, host: pr-hdds-2329-pipelines-wl5p8-3511966945, networkLocation: /default-rack, certSerialId: null}
2019-11-07 16:28:37,314 [main] INFO  ozone.MiniOzoneClusterImpl (MiniOzoneClusterImpl.java:lambda$waitForClusterToBeReady$0(147)) - Waiting for cluster to be ready. Got 2 of 3 DN Heartbeats.
2019-11-07 16:28:37,321 [IPC Server handler 3 on 45547] INFO  net.NetworkTopology (NetworkTopologyImpl.java:add(111)) - Added a new node: /default-rack/faef99ea-f5b7-4431-8bda-3d2e4205e0e9
2019-11-07 16:28:37,322 [IPC Server handler 3 on 45547] INFO  node.SCMNodeManager (SCMNodeManager.java:register(313)) - Registered Data node : faef99ea-f5b7-4431-8bda-3d2e4205e0e9{ip: 192.168.69.106, host: pr-hdds-2329-pipelines-wl5p8-3511966945, networkLocation: /default-rack, certSerialId: null}
2019-11-07 16:28:37,680 [grpc-default-executor-0] INFO  impl.RaftServerProxy (RaftServerProxy.java:addNew(89)) - e72837b7-fe0e-4475-9dee-4d836a3196bb: addNew group-B5D34CBCF428:[e72837b7-fe0e-4475-9dee-4d836a3196bb:192.168.69.106:43872] returns group-B5D34CBCF428:java.util.concurrent.CompletableFuture@659be3e2[Not completed]
2019-11-07 16:28:37,693 [pool-28-thread-1] INFO  impl.RaftServerImpl (RaftServerImpl.java:<init>(98)) - e72837b7-fe0e-4475-9dee-4d836a3196bb: new RaftServerImpl for group-B5D34CBCF428:[e72837b7-fe0e-4475-9dee-4d836a3196bb:192.168.69.106:43872] with ContainerStateMachine:uninitialized
2019-11-07 16:28:37,695 [pool-28-thread-1] INFO  server.RaftServerConfigKeys (ConfUtils.java:logGet(43)) - raft.server.rpc.timeout.min = 5s (custom)
2019-11-07 16:28:37,696 [pool-28-thread-1] INFO  server.RaftServerConfigKeys (ConfUtils.java:logGet(43)) - raft.server.rpc.timeout.max = 5200ms (custom)
2019-11-07 16:28:37,697 [pool-28-thread-1] INFO  server.RaftServerConfigKeys (ConfUtils.java:logGet(43)) - raft.server.rpcslowness.timeout = 1000s (custom)
2019-11-07 16:28:37,697 [pool-28-thread-1] INFO  server.RaftServerConfigKeys (ConfUtils.java:logGet(43)) - raft.server.sleep.deviation.threshold = 300 (default)
2019-11-07 16:28:37,698 [pool-28-thread-1] INFO  server.RaftServerConfigKeys (ConfUtils.java:logGet(43)) - raft.server.log.appender.install.snapshot.enabled = false (custom)
2019-11-07 16:28:37,709 [pool-28-thread-1] INFO  impl.RaftServerImpl (ServerState.java:<init>(103)) - e72837b7-fe0e-4475-9dee-4d836a3196bb@group-B5D34CBCF428: ConfigurationManager, init=-1: [e72837b7-fe0e-4475-9dee-4d836a3196bb:192.168.69.106:43872], old=null, confs=<EMPTY_MAP>
2019-11-07 16:28:37,710 [pool-28-thread-1] INFO  server.RaftServerConfigKeys (ConfUtils.java:logGet(43)) - raft.server.storage.dir = [/workdir/hadoop-ozone/integration-test/target/test-dir/MiniOzoneClusterImpl-a970380e-0cc3-4fc2-b69b-bc446b1b0e33/datanode-0/data/ratis] (custom)
2019-11-07 16:28:37,719 [pool-28-thread-1] INFO  server.RaftServerConfigKeys (ConfUtils.java:logGet(43)) - raft.server.log.corruption.policy = EXCEPTION (default)
2019-11-07 16:28:37,721 [pool-28-thread-1] INFO  storage.RaftStorageDirectory (RaftStorageDirectory.java:analyzeStorage(246)) - The storage directory /workdir/hadoop-ozone/integration-test/target/test-dir/MiniOzoneClusterImpl-a970380e-0cc3-4fc2-b69b-bc446b1b0e33/datanode-0/data/ratis/76086793-2dfa-4f45-bcf6-b5d34cbcf428 does not exist. Creating ...
2019-11-07 16:28:37,751 [pool-28-thread-1] INFO  storage.RaftStorageDirectory (RaftStorageDirectory.java:tryLock(328)) - Lock on /workdir/hadoop-ozone/integration-test/target/test-dir/MiniOzoneClusterImpl-a970380e-0cc3-4fc2-b69b-bc446b1b0e33/datanode-0/data/ratis/76086793-2dfa-4f45-bcf6-b5d34cbcf428/in_use.lock acquired by nodename 27020@pr-hdds-2329-pipelines-wl5p8-3511966945
2019-11-07 16:28:37,777 [pool-28-thread-1] INFO  storage.RaftStorage (RaftStorage.java:format(84)) - Storage directory /workdir/hadoop-ozone/integration-test/target/test-dir/MiniOzoneClusterImpl-a970380e-0cc3-4fc2-b69b-bc446b1b0e33/datanode-0/data/ratis/76086793-2dfa-4f45-bcf6-b5d34cbcf428 has been successfully formatted.
2019-11-07 16:28:37,780 [pool-28-thread-1] INFO  ratis.ContainerStateMachine (ContainerStateMachine.java:loadSnapshot(231)) - group-B5D34CBCF428: The snapshot info is null. Setting the last applied indexto:(t:0, i:~)
2019-11-07 16:28:37,780 [pool-28-thread-1] INFO  server.RaftServerConfigKeys (ConfUtils.java:logGet(43)) - raft.server.notification.no-leader.timeout = 1000s (custom)
2019-11-07 16:28:37,783 [pool-28-thread-1] INFO  server.RaftServerConfigKeys (ConfUtils.java:logGet(43)) - raft.server.log.use.memory = false (default)
2019-11-07 16:28:37,790 [pool-28-thread-1] INFO  server.RaftServerConfigKeys (ConfUtils.java:logGet(43)) - raft.server.log.purge.gap = 1000000 (custom)
2019-11-07 16:28:37,790 [pool-28-thread-1] INFO  server.RaftServerConfigKeys (ConfUtils.java:logGet(43)) - raft.server.log.appender.buffer.byte-limit = 33554432 (custom)
2019-11-07 16:28:37,793 [pool-28-thread-1] INFO  server.RaftServerConfigKeys (ConfUtils.java:logGet(43)) - raft.server.log.segment.size.max = 1048576 (custom)
2019-11-07 16:28:37,799 [pool-28-thread-1] INFO  metrics.MetricRegistries (MetricRegistriesLoader.java:load(64)) - Loaded MetricRegistries class org.apache.ratis.metrics.impl.MetricRegistriesImpl
2019-11-07 16:28:37,804 [pool-28-thread-1] WARN  impl.MetricRegistriesImpl (MetricRegistriesImpl.java:lambda$create$1(61)) - First MetricRegistry has been created without registering reporters. You may need to call MetricRegistries.global().addReportRegistration(...) before.
2019-11-07 16:28:37,811 [pool-28-thread-1] INFO  server.RaftServerConfigKeys (ConfUtils.java:logGet(43)) - raft.server.log.segment.cache.num.max = 2 (custom)
2019-11-07 16:28:37,817 [pool-28-thread-1] INFO  segmented.SegmentedRaftLogWorker (SegmentedRaftLogWorker.java:<init>(173)) - new e72837b7-fe0e-4475-9dee-4d836a3196bb@group-B5D34CBCF428-SegmentedRaftLogWorker for RaftStorage:Storage Directory /workdir/hadoop-ozone/integration-test/target/test-dir/MiniOzoneClusterImpl-a970380e-0cc3-4fc2-b69b-bc446b1b0e33/datanode-0/data/ratis/76086793-2dfa-4f45-bcf6-b5d34cbcf428
2019-11-07 16:28:37,818 [pool-28-thread-1] INFO  server.RaftServerConfigKeys (ConfUtils.java:logGet(43)) - raft.server.log.queue.byte-limit = 2147483647 (custom)
2019-11-07 16:28:37,818 [pool-28-thread-1] INFO  server.RaftServerConfigKeys (ConfUtils.java:logGet(43)) - raft.server.log.queue.element-limit = 1024 (custom)
2019-11-07 16:28:37,820 [pool-28-thread-1] INFO  server.RaftServerConfigKeys (ConfUtils.java:logGet(43)) - raft.server.log.segment.size.max = 1048576 (custom)
2019-11-07 16:28:37,820 [pool-28-thread-1] INFO  server.RaftServerConfigKeys (ConfUtils.java:logGet(43)) - raft.server.log.preallocated.size = 16384 (custom)
2019-11-07 16:28:37,821 [pool-28-thread-1] INFO  server.RaftServerConfigKeys (ConfUtils.java:logGet(43)) - raft.server.log.write.buffer.size = 33554432 (custom)
2019-11-07 16:28:37,821 [pool-28-thread-1] INFO  server.RaftServerConfigKeys (ConfUtils.java:logGet(43)) - raft.server.log.force.sync.num = 128 (default)
2019-11-07 16:28:37,822 [pool-28-thread-1] INFO  server.RaftServerConfigKeys (ConfUtils.java:logGet(43)) - raft.server.log.statemachine.data.sync = true (default)
2019-11-07 16:28:37,823 [pool-28-thread-1] INFO  server.RaftServerConfigKeys (ConfUtils.java:logGet(43)) - raft.server.log.statemachine.data.sync.timeout = 10s (default)
2019-11-07 16:28:37,823 [pool-28-thread-1] INFO  server.RaftServerConfigKeys (ConfUtils.java:logGet(43)) - raft.server.log.statemachine.data.sync.timeout.retry = -1 (default)
2019-11-07 16:28:37,835 [pool-28-thread-1] INFO  server.RaftServerConfigKeys (ConfUtils.java:logGet(43)) - raft.server.log.statemachine.data.caching.enabled = true (custom)
2019-11-07 16:28:37,840 [pool-28-thread-1] INFO  segmented.SegmentedRaftLogWorker (SegmentedRaftLogWorker.java:lambda$new$0(128)) - e72837b7-fe0e-4475-9dee-4d836a3196bb@group-B5D34CBCF428-SegmentedRaftLogWorker: flushIndex: setUnconditionally 0 -> -1
2019-11-07 16:28:37,845 [pool-28-thread-1] INFO  server.RaftServerConfigKeys (ConfUtils.java:logGet(43)) - raft.server.snapshot.auto.trigger.enabled = true (custom)
2019-11-07 16:28:37,845 [pool-28-thread-1] INFO  server.RaftServerConfigKeys (ConfUtils.java:logGet(43)) - raft.server.snapshot.auto.trigger.threshold = 10000 (custom)
2019-11-07 16:28:37,846 [pool-28-thread-1] INFO  server.RaftServerConfigKeys (ConfUtils.java:logGet(43)) - raft.server.snapshot.retention.file.num = 5 (custom)
2019-11-07 16:28:37,847 [pool-28-thread-1] INFO  server.RaftServerConfigKeys (ConfUtils.java:logGet(43)) - raft.server.retrycache.expirytime = 600000ms (custom)
2019-11-07 16:28:37,866 [pool-28-thread-1] WARN  impl.MetricRegistriesImpl (MetricRegistriesImpl.java:lambda$create$1(61)) - First MetricRegistry has been created without registering reporters. You may need to call MetricRegistries.global().addReportRegistration(...) before.
2019-11-07 16:28:37,868 [pool-28-thread-1] WARN  impl.MetricRegistriesImpl (MetricRegistriesImpl.java:lambda$create$1(61)) - First MetricRegistry has been created without registering reporters. You may need to call MetricRegistries.global().addReportRegistration(...) before.
2019-11-07 16:28:37,870 [pool-28-thread-1] INFO  impl.RaftServerImpl (RaftServerImpl.java:start(184)) - e72837b7-fe0e-4475-9dee-4d836a3196bb@group-B5D34CBCF428: start as a follower, conf=-1: [e72837b7-fe0e-4475-9dee-4d836a3196bb:192.168.69.106:43872], old=null
2019-11-07 16:28:37,871 [pool-28-thread-1] INFO  impl.RaftServerImpl (RaftServerImpl.java:setRole(173)) - e72837b7-fe0e-4475-9dee-4d836a3196bb@group-B5D34CBCF428: changes role from      null to FOLLOWER at term 0 for startAsFollower
2019-11-07 16:28:37,872 [pool-28-thread-1] INFO  impl.RoleInfo (RoleInfo.java:updateAndGet(143)) - e72837b7-fe0e-4475-9dee-4d836a3196bb: start FollowerState
2019-11-07 16:28:37,873 [pool-28-thread-1] INFO  util.JmxRegister (JmxRegister.java:tryRegister(44)) - Successfully registered JMX Bean with object name Ratis:service=RaftServer,group=group-B5D34CBCF428,id=e72837b7-fe0e-4475-9dee-4d836a3196bb
2019-11-07 16:28:37,875 [pool-28-thread-1] WARN  impl.MetricRegistriesImpl (MetricRegistriesImpl.java:lambda$create$1(61)) - First MetricRegistry has been created without registering reporters. You may need to call MetricRegistries.global().addReportRegistration(...) before.
2019-11-07 16:28:37,935 [RatisPipelineUtilsThread] INFO  pipeline.PipelineStateManager (PipelineStateManager.java:addPipeline(56)) - Created pipeline Pipeline[ Id: 76086793-2dfa-4f45-bcf6-b5d34cbcf428, Nodes: e72837b7-fe0e-4475-9dee-4d836a3196bb{ip: 192.168.69.106, host: pr-hdds-2329-pipelines-wl5p8-3511966945, networkLocation: /default-rack, certSerialId: null}, Type:RATIS, Factor:ONE, State:OPEN]
2019-11-07 16:28:37,950 [grpc-default-executor-0] INFO  impl.RaftServerProxy (RaftServerProxy.java:addNew(89)) - 4b66a4eb-9baa-4818-a82d-5882a8281712: addNew group-F5BE525D2710:[4b66a4eb-9baa-4818-a82d-5882a8281712:192.168.69.106:35202] returns group-F5BE525D2710:java.util.concurrent.CompletableFuture@31838d[Not completed]
2019-11-07 16:28:37,969 [pool-38-thread-1] INFO  impl.RaftServerImpl (RaftServerImpl.java:<init>(98)) - 4b66a4eb-9baa-4818-a82d-5882a8281712: new RaftServerImpl for group-F5BE525D2710:[4b66a4eb-9baa-4818-a82d-5882a8281712:192.168.69.106:35202] with ContainerStateMachine:uninitialized
2019-11-07 16:28:37,970 [pool-38-thread-1] INFO  server.RaftServerConfigKeys (ConfUtils.java:logGet(43)) - raft.server.rpc.timeout.min = 5s (custom)
2019-11-07 16:28:37,970 [pool-38-thread-1] INFO  server.RaftServerConfigKeys (ConfUtils.java:logGet(43)) - raft.server.rpc.timeout.max = 5200ms (custom)
2019-11-07 16:28:37,971 [pool-38-thread-1] INFO  server.RaftServerConfigKeys (ConfUtils.java:logGet(43)) - raft.server.rpcslowness.timeout = 1000s (custom)
2019-11-07 16:28:37,971 [pool-38-thread-1] INFO  server.RaftServerConfigKeys (ConfUtils.java:logGet(43)) - raft.server.sleep.deviation.threshold = 300 (default)
2019-11-07 16:28:37,971 [pool-38-thread-1] INFO  server.RaftServerConfigKeys (ConfUtils.java:logGet(43)) - raft.server.log.appender.install.snapshot.enabled = false (custom)
2019-11-07 16:28:37,971 [pool-38-thread-1] INFO  impl.RaftServerImpl (ServerState.java:<init>(103)) - 4b66a4eb-9baa-4818-a82d-5882a8281712@group-F5BE525D2710: ConfigurationManager, init=-1: [4b66a4eb-9baa-4818-a82d-5882a8281712:192.168.69.106:35202], old=null, confs=<EMPTY_MAP>
2019-11-07 16:28:37,972 [pool-38-thread-1] INFO  server.RaftServerConfigKeys (ConfUtils.java:logGet(43)) - raft.server.storage.dir = [/workdir/hadoop-ozone/integration-test/target/test-dir/MiniOzoneClusterImpl-a970380e-0cc3-4fc2-b69b-bc446b1b0e33/datanode-1/data/ratis] (custom)
2019-11-07 16:28:37,972 [pool-38-thread-1] INFO  server.RaftServerConfigKeys (ConfUtils.java:logGet(43)) - raft.server.log.corruption.policy = EXCEPTION (default)
2019-11-07 16:28:37,972 [pool-38-thread-1] INFO  storage.RaftStorageDirectory (RaftStorageDirectory.java:analyzeStorage(246)) - The storage directory /workdir/hadoop-ozone/integration-test/target/test-dir/MiniOzoneClusterImpl-a970380e-0cc3-4fc2-b69b-bc446b1b0e33/datanode-1/data/ratis/f2c8f794-b8c9-4491-820f-f5be525d2710 does not exist. Creating ...
2019-11-07 16:28:38,000 [pool-38-thread-1] INFO  storage.RaftStorageDirectory (RaftStorageDirectory.java:tryLock(328)) - Lock on /workdir/hadoop-ozone/integration-test/target/test-dir/MiniOzoneClusterImpl-a970380e-0cc3-4fc2-b69b-bc446b1b0e33/datanode-1/data/ratis/f2c8f794-b8c9-4491-820f-f5be525d2710/in_use.lock acquired by nodename 27020@pr-hdds-2329-pipelines-wl5p8-3511966945
2019-11-07 16:28:38,026 [pool-38-thread-1] INFO  storage.RaftStorage (RaftStorage.java:format(84)) - Storage directory /workdir/hadoop-ozone/integration-test/target/test-dir/MiniOzoneClusterImpl-a970380e-0cc3-4fc2-b69b-bc446b1b0e33/datanode-1/data/ratis/f2c8f794-b8c9-4491-820f-f5be525d2710 has been successfully formatted.
2019-11-07 16:28:38,028 [pool-38-thread-1] INFO  ratis.ContainerStateMachine (ContainerStateMachine.java:loadSnapshot(231)) - group-F5BE525D2710: The snapshot info is null. Setting the last applied indexto:(t:0, i:~)
2019-11-07 16:28:38,029 [pool-38-thread-1] INFO  server.RaftServerConfigKeys (ConfUtils.java:logGet(43)) - raft.server.notification.no-leader.timeout = 1000s (custom)
2019-11-07 16:28:38,029 [pool-38-thread-1] INFO  server.RaftServerConfigKeys (ConfUtils.java:logGet(43)) - raft.server.log.use.memory = false (default)
2019-11-07 16:28:38,029 [pool-38-thread-1] INFO  server.RaftServerConfigKeys (ConfUtils.java:logGet(43)) - raft.server.log.purge.gap = 1000000 (custom)
2019-11-07 16:28:38,029 [pool-38-thread-1] INFO  server.RaftServerConfigKeys (ConfUtils.java:logGet(43)) - raft.server.log.appender.buffer.byte-limit = 33554432 (custom)
2019-11-07 16:28:38,029 [pool-38-thread-1] INFO  server.RaftServerConfigKeys (ConfUtils.java:logGet(43)) - raft.server.log.segment.size.max = 1048576 (custom)
2019-11-07 16:28:38,030 [pool-38-thread-1] WARN  impl.MetricRegistriesImpl (MetricRegistriesImpl.java:lambda$create$1(61)) - First MetricRegistry has been created without registering reporters. You may need to call MetricRegistries.global().addReportRegistration(...) before.
2019-11-07 16:28:38,031 [pool-38-thread-1] INFO  server.RaftServerConfigKeys (ConfUtils.java:logGet(43)) - raft.server.log.segment.cache.num.max = 2 (custom)
2019-11-07 16:28:38,031 [pool-38-thread-1] INFO  segmented.SegmentedRaftLogWorker (SegmentedRaftLogWorker.java:<init>(173)) - new 4b66a4eb-9baa-4818-a82d-5882a8281712@group-F5BE525D2710-SegmentedRaftLogWorker for RaftStorage:Storage Directory /workdir/hadoop-ozone/integration-test/target/test-dir/MiniOzoneClusterImpl-a970380e-0cc3-4fc2-b69b-bc446b1b0e33/datanode-1/data/ratis/f2c8f794-b8c9-4491-820f-f5be525d2710
2019-11-07 16:28:38,032 [pool-38-thread-1] INFO  server.RaftServerConfigKeys (ConfUtils.java:logGet(43)) - raft.server.log.queue.byte-limit = 2147483647 (custom)
2019-11-07 16:28:38,032 [pool-38-thread-1] INFO  server.RaftServerConfigKeys (ConfUtils.java:logGet(43)) - raft.server.log.queue.element-limit = 1024 (custom)
2019-11-07 16:28:38,032 [pool-38-thread-1] INFO  server.RaftServerConfigKeys (ConfUtils.java:logGet(43)) - raft.server.log.segment.size.max = 1048576 (custom)
2019-11-07 16:28:38,032 [pool-38-thread-1] INFO  server.RaftServerConfigKeys (ConfUtils.java:logGet(43)) - raft.server.log.preallocated.size = 16384 (custom)
2019-11-07 16:28:38,032 [pool-38-thread-1] INFO  server.RaftServerConfigKeys (ConfUtils.java:logGet(43)) - raft.server.log.write.buffer.size = 33554432 (custom)
2019-11-07 16:28:38,033 [pool-38-thread-1] INFO  server.RaftServerConfigKeys (ConfUtils.java:logGet(43)) - raft.server.log.force.sync.num = 128 (default)
2019-11-07 16:28:38,033 [pool-38-thread-1] INFO  server.RaftServerConfigKeys (ConfUtils.java:logGet(43)) - raft.server.log.statemachine.data.sync = true (default)
2019-11-07 16:28:38,033 [pool-38-thread-1] INFO  server.RaftServerConfigKeys (ConfUtils.java:logGet(43)) - raft.server.log.statemachine.data.sync.timeout = 10s (default)
2019-11-07 16:28:38,033 [pool-38-thread-1] INFO  server.RaftServerConfigKeys (ConfUtils.java:logGet(43)) - raft.server.log.statemachine.data.sync.timeout.retry = -1 (default)
2019-11-07 16:28:38,034 [pool-38-thread-1] INFO  server.RaftServerConfigKeys (ConfUtils.java:logGet(43)) - raft.server.log.statemachine.data.caching.enabled = true (custom)
2019-11-07 16:28:38,034 [pool-38-thread-1] INFO  segmented.SegmentedRaftLogWorker (SegmentedRaftLogWorker.java:lambda$new$0(128)) - 4b66a4eb-9baa-4818-a82d-5882a8281712@group-F5BE525D2710-SegmentedRaftLogWorker: flushIndex: setUnconditionally 0 -> -1
2019-11-07 16:28:38,034 [pool-38-thread-1] INFO  server.RaftServerConfigKeys (ConfUtils.java:logGet(43)) - raft.server.snapshot.auto.trigger.enabled = true (custom)
2019-11-07 16:28:38,034 [pool-38-thread-1] INFO  server.RaftServerConfigKeys (ConfUtils.java:logGet(43)) - raft.server.snapshot.auto.trigger.threshold = 10000 (custom)
2019-11-07 16:28:38,035 [pool-38-thread-1] INFO  server.RaftServerConfigKeys (ConfUtils.java:logGet(43)) - raft.server.snapshot.retention.file.num = 5 (custom)
2019-11-07 16:28:38,035 [pool-38-thread-1] INFO  server.RaftServerConfigKeys (ConfUtils.java:logGet(43)) - raft.server.retrycache.expirytime = 600000ms (custom)
2019-11-07 16:28:38,035 [pool-38-thread-1] WARN  impl.MetricRegistriesImpl (MetricRegistriesImpl.java:lambda$create$1(61)) - First MetricRegistry has been created without registering reporters. You may need to call MetricRegistries.global().addReportRegistration(...) before.
2019-11-07 16:28:38,035 [pool-38-thread-1] WARN  impl.MetricRegistriesImpl (MetricRegistriesImpl.java:lambda$create$1(61)) - First MetricRegistry has been created without registering reporters. You may need to call MetricRegistries.global().addReportRegistration(...) before.
2019-11-07 16:28:38,035 [pool-38-thread-1] INFO  impl.RaftServerImpl (RaftServerImpl.java:start(184)) - 4b66a4eb-9baa-4818-a82d-5882a8281712@group-F5BE525D2710: start as a follower, conf=-1: [4b66a4eb-9baa-4818-a82d-5882a8281712:192.168.69.106:35202], old=null
2019-11-07 16:28:38,035 [pool-38-thread-1] INFO  impl.RaftServerImpl (RaftServerImpl.java:setRole(173)) - 4b66a4eb-9baa-4818-a82d-5882a8281712@group-F5BE525D2710: changes role from      null to FOLLOWER at term 0 for startAsFollower
2019-11-07 16:28:38,036 [pool-38-thread-1] INFO  impl.RoleInfo (RoleInfo.java:updateAndGet(143)) - 4b66a4eb-9baa-4818-a82d-5882a8281712: start FollowerState
2019-11-07 16:28:38,037 [pool-38-thread-1] INFO  util.JmxRegister (JmxRegister.java:tryRegister(44)) - Successfully registered JMX Bean with object name Ratis:service=RaftServer,group=group-F5BE525D2710,id=4b66a4eb-9baa-4818-a82d-5882a8281712
2019-11-07 16:28:38,037 [pool-38-thread-1] WARN  impl.MetricRegistriesImpl (MetricRegistriesImpl.java:lambda$create$1(61)) - First MetricRegistry has been created without registering reporters. You may need to call MetricRegistries.global().addReportRegistration(...) before.
2019-11-07 16:28:38,044 [RatisPipelineUtilsThread] INFO  pipeline.PipelineStateManager (PipelineStateManager.java:addPipeline(56)) - Created pipeline Pipeline[ Id: f2c8f794-b8c9-4491-820f-f5be525d2710, Nodes: 4b66a4eb-9baa-4818-a82d-5882a8281712{ip: 192.168.69.106, host: pr-hdds-2329-pipelines-wl5p8-3511966945, networkLocation: /default-rack, certSerialId: null}, Type:RATIS, Factor:ONE, State:OPEN]
2019-11-07 16:28:38,055 [grpc-default-executor-0] INFO  impl.RaftServerProxy (RaftServerProxy.java:addNew(89)) - faef99ea-f5b7-4431-8bda-3d2e4205e0e9: addNew group-042F3A9F7FEC:[faef99ea-f5b7-4431-8bda-3d2e4205e0e9:192.168.69.106:43568] returns group-042F3A9F7FEC:java.util.concurrent.CompletableFuture@885b14a[Not completed]
2019-11-07 16:28:38,069 [pool-48-thread-1] INFO  impl.RaftServerImpl (RaftServerImpl.java:<init>(98)) - faef99ea-f5b7-4431-8bda-3d2e4205e0e9: new RaftServerImpl for group-042F3A9F7FEC:[faef99ea-f5b7-4431-8bda-3d2e4205e0e9:192.168.69.106:43568] with ContainerStateMachine:uninitialized
2019-11-07 16:28:38,070 [pool-48-thread-1] INFO  server.RaftServerConfigKeys (ConfUtils.java:logGet(43)) - raft.server.rpc.timeout.min = 5s (custom)
2019-11-07 16:28:38,070 [pool-48-thread-1] INFO  server.RaftServerConfigKeys (ConfUtils.java:logGet(43)) - raft.server.rpc.timeout.max = 5200ms (custom)
2019-11-07 16:28:38,071 [pool-48-thread-1] INFO  server.RaftServerConfigKeys (ConfUtils.java:logGet(43)) - raft.server.rpcslowness.timeout = 1000s (custom)
2019-11-07 16:28:38,071 [pool-48-thread-1] INFO  server.RaftServerConfigKeys (ConfUtils.java:logGet(43)) - raft.server.sleep.deviation.threshold = 300 (default)
2019-11-07 16:28:38,071 [pool-48-thread-1] INFO  server.RaftServerConfigKeys (ConfUtils.java:logGet(43)) - raft.server.log.appender.install.snapshot.enabled = false (custom)
2019-11-07 16:28:38,071 [pool-48-thread-1] INFO  impl.RaftServerImpl (ServerState.java:<init>(103)) - faef99ea-f5b7-4431-8bda-3d2e4205e0e9@group-042F3A9F7FEC: ConfigurationManager, init=-1: [faef99ea-f5b7-4431-8bda-3d2e4205e0e9:192.168.69.106:43568], old=null, confs=<EMPTY_MAP>
2019-11-07 16:28:38,071 [pool-48-thread-1] INFO  server.RaftServerConfigKeys (ConfUtils.java:logGet(43)) - raft.server.storage.dir = [/workdir/hadoop-ozone/integration-test/target/test-dir/MiniOzoneClusterImpl-a970380e-0cc3-4fc2-b69b-bc446b1b0e33/datanode-2/data/ratis] (custom)
2019-11-07 16:28:38,072 [pool-48-thread-1] INFO  server.RaftServerConfigKeys (ConfUtils.java:logGet(43)) - raft.server.log.corruption.policy = EXCEPTION (default)
2019-11-07 16:28:38,072 [pool-48-thread-1] INFO  storage.RaftStorageDirectory (RaftStorageDirectory.java:analyzeStorage(246)) - The storage directory /workdir/hadoop-ozone/integration-test/target/test-dir/MiniOzoneClusterImpl-a970380e-0cc3-4fc2-b69b-bc446b1b0e33/datanode-2/data/ratis/5cf99cd2-73e3-4404-ad33-042f3a9f7fec does not exist. Creating ...
2019-11-07 16:28:38,095 [pool-48-thread-1] INFO  storage.RaftStorageDirectory (RaftStorageDirectory.java:tryLock(328)) - Lock on /workdir/hadoop-ozone/integration-test/target/test-dir/MiniOzoneClusterImpl-a970380e-0cc3-4fc2-b69b-bc446b1b0e33/datanode-2/data/ratis/5cf99cd2-73e3-4404-ad33-042f3a9f7fec/in_use.lock acquired by nodename 27020@pr-hdds-2329-pipelines-wl5p8-3511966945
2019-11-07 16:28:38,120 [pool-48-thread-1] INFO  storage.RaftStorage (RaftStorage.java:format(84)) - Storage directory /workdir/hadoop-ozone/integration-test/target/test-dir/MiniOzoneClusterImpl-a970380e-0cc3-4fc2-b69b-bc446b1b0e33/datanode-2/data/ratis/5cf99cd2-73e3-4404-ad33-042f3a9f7fec has been successfully formatted.
2019-11-07 16:28:38,121 [pool-48-thread-1] INFO  ratis.ContainerStateMachine (ContainerStateMachine.java:loadSnapshot(231)) - group-042F3A9F7FEC: The snapshot info is null. Setting the last applied indexto:(t:0, i:~)
2019-11-07 16:28:38,121 [pool-48-thread-1] INFO  server.RaftServerConfigKeys (ConfUtils.java:logGet(43)) - raft.server.notification.no-leader.timeout = 1000s (custom)
2019-11-07 16:28:38,121 [pool-48-thread-1] INFO  server.RaftServerConfigKeys (ConfUtils.java:logGet(43)) - raft.server.log.use.memory = false (default)
2019-11-07 16:28:38,121 [pool-48-thread-1] INFO  server.RaftServerConfigKeys (ConfUtils.java:logGet(43)) - raft.server.log.purge.gap = 1000000 (custom)
2019-11-07 16:28:38,122 [pool-48-thread-1] INFO  server.RaftServerConfigKeys (ConfUtils.java:logGet(43)) - raft.server.log.appender.buffer.byte-limit = 33554432 (custom)
2019-11-07 16:28:38,122 [pool-48-thread-1] INFO  server.RaftServerConfigKeys (ConfUtils.java:logGet(43)) - raft.server.log.segment.size.max = 1048576 (custom)
2019-11-07 16:28:38,122 [pool-48-thread-1] WARN  impl.MetricRegistriesImpl (MetricRegistriesImpl.java:lambda$create$1(61)) - First MetricRegistry has been created without registering reporters. You may need to call MetricRegistries.global().addReportRegistration(...) before.
2019-11-07 16:28:38,122 [pool-48-thread-1] INFO  server.RaftServerConfigKeys (ConfUtils.java:logGet(43)) - raft.server.log.segment.cache.num.max = 2 (custom)
2019-11-07 16:28:38,122 [pool-48-thread-1] INFO  segmented.SegmentedRaftLogWorker (SegmentedRaftLogWorker.java:<init>(173)) - new faef99ea-f5b7-4431-8bda-3d2e4205e0e9@group-042F3A9F7FEC-SegmentedRaftLogWorker for RaftStorage:Storage Directory /workdir/hadoop-ozone/integration-test/target/test-dir/MiniOzoneClusterImpl-a970380e-0cc3-4fc2-b69b-bc446b1b0e33/datanode-2/data/ratis/5cf99cd2-73e3-4404-ad33-042f3a9f7fec
2019-11-07 16:28:38,122 [pool-48-thread-1] INFO  server.RaftServerConfigKeys (ConfUtils.java:logGet(43)) - raft.server.log.queue.byte-limit = 2147483647 (custom)
2019-11-07 16:28:38,122 [pool-48-thread-1] INFO  server.RaftServerConfigKeys (ConfUtils.java:logGet(43)) - raft.server.log.queue.element-limit = 1024 (custom)
2019-11-07 16:28:38,123 [pool-48-thread-1] INFO  server.RaftServerConfigKeys (ConfUtils.java:logGet(43)) - raft.server.log.segment.size.max = 1048576 (custom)
2019-11-07 16:28:38,123 [pool-48-thread-1] INFO  server.RaftServerConfigKeys (ConfUtils.java:logGet(43)) - raft.server.log.preallocated.size = 16384 (custom)
2019-11-07 16:28:38,123 [pool-48-thread-1] INFO  server.RaftServerConfigKeys (ConfUtils.java:logGet(43)) - raft.server.log.write.buffer.size = 33554432 (custom)
2019-11-07 16:28:38,123 [pool-48-thread-1] INFO  server.RaftServerConfigKeys (ConfUtils.java:logGet(43)) - raft.server.log.force.sync.num = 128 (default)
2019-11-07 16:28:38,123 [pool-48-thread-1] INFO  server.RaftServerConfigKeys (ConfUtils.java:logGet(43)) - raft.server.log.statemachine.data.sync = true (default)
2019-11-07 16:28:38,123 [pool-48-thread-1] INFO  server.RaftServerConfigKeys (ConfUtils.java:logGet(43)) - raft.server.log.statemachine.data.sync.timeout = 10s (default)
2019-11-07 16:28:38,124 [pool-48-thread-1] INFO  server.RaftServerConfigKeys (ConfUtils.java:logGet(43)) - raft.server.log.statemachine.data.sync.timeout.retry = -1 (default)
2019-11-07 16:28:38,124 [pool-48-thread-1] INFO  server.RaftServerConfigKeys (ConfUtils.java:logGet(43)) - raft.server.log.statemachine.data.caching.enabled = true (custom)
2019-11-07 16:28:38,124 [pool-48-thread-1] INFO  segmented.SegmentedRaftLogWorker (SegmentedRaftLogWorker.java:lambda$new$0(128)) - faef99ea-f5b7-4431-8bda-3d2e4205e0e9@group-042F3A9F7FEC-SegmentedRaftLogWorker: flushIndex: setUnconditionally 0 -> -1
2019-11-07 16:28:38,125 [pool-48-thread-1] INFO  server.RaftServerConfigKeys (ConfUtils.java:logGet(43)) - raft.server.snapshot.auto.trigger.enabled = true (custom)
2019-11-07 16:28:38,125 [pool-48-thread-1] INFO  server.RaftServerConfigKeys (ConfUtils.java:logGet(43)) - raft.server.snapshot.auto.trigger.threshold = 10000 (custom)
2019-11-07 16:28:38,125 [pool-48-thread-1] INFO  server.RaftServerConfigKeys (ConfUtils.java:logGet(43)) - raft.server.snapshot.retention.file.num = 5 (custom)
2019-11-07 16:28:38,125 [pool-48-thread-1] INFO  server.RaftServerConfigKeys (ConfUtils.java:logGet(43)) - raft.server.retrycache.expirytime = 600000ms (custom)
2019-11-07 16:28:38,125 [pool-48-thread-1] WARN  impl.MetricRegistriesImpl (MetricRegistriesImpl.java:lambda$create$1(61)) - First MetricRegistry has been created without registering reporters. You may need to call MetricRegistries.global().addReportRegistration(...) before.
2019-11-07 16:28:38,126 [pool-48-thread-1] WARN  impl.MetricRegistriesImpl (MetricRegistriesImpl.java:lambda$create$1(61)) - First MetricRegistry has been created without registering reporters. You may need to call MetricRegistries.global().addReportRegistration(...) before.
2019-11-07 16:28:38,126 [pool-48-thread-1] INFO  impl.RaftServerImpl (RaftServerImpl.java:start(184)) - faef99ea-f5b7-4431-8bda-3d2e4205e0e9@group-042F3A9F7FEC: start as a follower, conf=-1: [faef99ea-f5b7-4431-8bda-3d2e4205e0e9:192.168.69.106:43568], old=null
2019-11-07 16:28:38,126 [pool-48-thread-1] INFO  impl.RaftServerImpl (RaftServerImpl.java:setRole(173)) - faef99ea-f5b7-4431-8bda-3d2e4205e0e9@group-042F3A9F7FEC: changes role from      null to FOLLOWER at term 0 for startAsFollower
2019-11-07 16:28:38,126 [pool-48-thread-1] INFO  impl.RoleInfo (RoleInfo.java:updateAndGet(143)) - faef99ea-f5b7-4431-8bda-3d2e4205e0e9: start FollowerState
2019-11-07 16:28:38,127 [pool-48-thread-1] INFO  util.JmxRegister (JmxRegister.java:tryRegister(44)) - Successfully registered JMX Bean with object name Ratis:service=RaftServer,group=group-042F3A9F7FEC,id=faef99ea-f5b7-4431-8bda-3d2e4205e0e9
2019-11-07 16:28:38,127 [pool-48-thread-1] WARN  impl.MetricRegistriesImpl (MetricRegistriesImpl.java:lambda$create$1(61)) - First MetricRegistry has been created without registering reporters. You may need to call MetricRegistries.global().addReportRegistration(...) before.
2019-11-07 16:28:38,139 [RatisPipelineUtilsThread] INFO  pipeline.PipelineStateManager (PipelineStateManager.java:addPipeline(56)) - Created pipeline Pipeline[ Id: 5cf99cd2-73e3-4404-ad33-042f3a9f7fec, Nodes: faef99ea-f5b7-4431-8bda-3d2e4205e0e9{ip: 192.168.69.106, host: pr-hdds-2329-pipelines-wl5p8-3511966945, networkLocation: /default-rack, certSerialId: null}, Type:RATIS, Factor:ONE, State:OPEN]
2019-11-07 16:28:38,165 [grpc-default-executor-2] INFO  impl.RaftServerProxy (RaftServerProxy.java:addNew(89)) - faef99ea-f5b7-4431-8bda-3d2e4205e0e9: addNew group-693E871481E7:[faef99ea-f5b7-4431-8bda-3d2e4205e0e9:192.168.69.106:43568, 4b66a4eb-9baa-4818-a82d-5882a8281712:192.168.69.106:35202, e72837b7-fe0e-4475-9dee-4d836a3196bb:192.168.69.106:43872] returns group-693E871481E7:java.util.concurrent.CompletableFuture@456e88ff[Not completed]
2019-11-07 16:28:38,166 [grpc-default-executor-1] INFO  impl.RaftServerProxy (RaftServerProxy.java:addNew(89)) - 4b66a4eb-9baa-4818-a82d-5882a8281712: addNew group-693E871481E7:[faef99ea-f5b7-4431-8bda-3d2e4205e0e9:192.168.69.106:43568, 4b66a4eb-9baa-4818-a82d-5882a8281712:192.168.69.106:35202, e72837b7-fe0e-4475-9dee-4d836a3196bb:192.168.69.106:43872] returns group-693E871481E7:java.util.concurrent.CompletableFuture@2dfe533a[Not completed]
2019-11-07 16:28:38,170 [pool-48-thread-1] INFO  impl.RaftServerImpl (RaftServerImpl.java:<init>(98)) - faef99ea-f5b7-4431-8bda-3d2e4205e0e9: new RaftServerImpl for group-693E871481E7:[faef99ea-f5b7-4431-8bda-3d2e4205e0e9:192.168.69.106:43568, 4b66a4eb-9baa-4818-a82d-5882a8281712:192.168.69.106:35202, e72837b7-fe0e-4475-9dee-4d836a3196bb:192.168.69.106:43872] with ContainerStateMachine:uninitialized
2019-11-07 16:28:38,170 [grpc-default-executor-1] INFO  impl.RaftServerProxy (RaftServerProxy.java:addNew(89)) - e72837b7-fe0e-4475-9dee-4d836a3196bb: addNew group-693E871481E7:[faef99ea-f5b7-4431-8bda-3d2e4205e0e9:192.168.69.106:43568, 4b66a4eb-9baa-4818-a82d-5882a8281712:192.168.69.106:35202, e72837b7-fe0e-4475-9dee-4d836a3196bb:192.168.69.106:43872] returns group-693E871481E7:java.util.concurrent.CompletableFuture@68fcd8e1[Not completed]
2019-11-07 16:28:38,170 [pool-48-thread-1] INFO  server.RaftServerConfigKeys (ConfUtils.java:logGet(43)) - raft.server.rpc.timeout.min = 5s (custom)
2019-11-07 16:28:38,170 [pool-48-thread-1] INFO  server.RaftServerConfigKeys (ConfUtils.java:logGet(43)) - raft.server.rpc.timeout.max = 5200ms (custom)
2019-11-07 16:28:38,171 [pool-38-thread-1] INFO  impl.RaftServerImpl (RaftServerImpl.java:<init>(98)) - 4b66a4eb-9baa-4818-a82d-5882a8281712: new RaftServerImpl for group-693E871481E7:[faef99ea-f5b7-4431-8bda-3d2e4205e0e9:192.168.69.106:43568, 4b66a4eb-9baa-4818-a82d-5882a8281712:192.168.69.106:35202, e72837b7-fe0e-4475-9dee-4d836a3196bb:192.168.69.106:43872] with ContainerStateMachine:uninitialized
2019-11-07 16:28:38,171 [pool-48-thread-1] INFO  server.RaftServerConfigKeys (ConfUtils.java:logGet(43)) - raft.server.rpcslowness.timeout = 1000s (custom)
2019-11-07 16:28:38,171 [pool-38-thread-1] INFO  server.RaftServerConfigKeys (ConfUtils.java:logGet(43)) - raft.server.rpc.timeout.min = 5s (custom)
2019-11-07 16:28:38,171 [pool-48-thread-1] INFO  server.RaftServerConfigKeys (ConfUtils.java:logGet(43)) - raft.server.sleep.deviation.threshold = 300 (default)
2019-11-07 16:28:38,171 [pool-38-thread-1] INFO  server.RaftServerConfigKeys (ConfUtils.java:logGet(43)) - raft.server.rpc.timeout.max = 5200ms (custom)
2019-11-07 16:28:38,171 [pool-48-thread-1] INFO  server.RaftServerConfigKeys (ConfUtils.java:logGet(43)) - raft.server.log.appender.install.snapshot.enabled = false (custom)
2019-11-07 16:28:38,171 [pool-38-thread-1] INFO  server.RaftServerConfigKeys (ConfUtils.java:logGet(43)) - raft.server.rpcslowness.timeout = 1000s (custom)
2019-11-07 16:28:38,172 [pool-48-thread-1] INFO  impl.RaftServerImpl (ServerState.java:<init>(103)) - faef99ea-f5b7-4431-8bda-3d2e4205e0e9@group-693E871481E7: ConfigurationManager, init=-1: [faef99ea-f5b7-4431-8bda-3d2e4205e0e9:192.168.69.106:43568, 4b66a4eb-9baa-4818-a82d-5882a8281712:192.168.69.106:35202, e72837b7-fe0e-4475-9dee-4d836a3196bb:192.168.69.106:43872], old=null, confs=<EMPTY_MAP>
2019-11-07 16:28:38,172 [pool-38-thread-1] INFO  server.RaftServerConfigKeys (ConfUtils.java:logGet(43)) - raft.server.sleep.deviation.threshold = 300 (default)
2019-11-07 16:28:38,172 [pool-38-thread-1] INFO  server.RaftServerConfigKeys (ConfUtils.java:logGet(43)) - raft.server.log.appender.install.snapshot.enabled = false (custom)
2019-11-07 16:28:38,172 [pool-28-thread-1] INFO  impl.RaftServerImpl (RaftServerImpl.java:<init>(98)) - e72837b7-fe0e-4475-9dee-4d836a3196bb: new RaftServerImpl for group-693E871481E7:[faef99ea-f5b7-4431-8bda-3d2e4205e0e9:192.168.69.106:43568, 4b66a4eb-9baa-4818-a82d-5882a8281712:192.168.69.106:35202, e72837b7-fe0e-4475-9dee-4d836a3196bb:192.168.69.106:43872] with ContainerStateMachine:uninitialized
2019-11-07 16:28:38,172 [pool-38-thread-1] INFO  impl.RaftServerImpl (ServerState.java:<init>(103)) - 4b66a4eb-9baa-4818-a82d-5882a8281712@group-693E871481E7: ConfigurationManager, init=-1: [faef99ea-f5b7-4431-8bda-3d2e4205e0e9:192.168.69.106:43568, 4b66a4eb-9baa-4818-a82d-5882a8281712:192.168.69.106:35202, e72837b7-fe0e-4475-9dee-4d836a3196bb:192.168.69.106:43872], old=null, confs=<EMPTY_MAP>
2019-11-07 16:28:38,172 [pool-48-thread-1] INFO  server.RaftServerConfigKeys (ConfUtils.java:logGet(43)) - raft.server.storage.dir = [/workdir/hadoop-ozone/integration-test/target/test-dir/MiniOzoneClusterImpl-a970380e-0cc3-4fc2-b69b-bc446b1b0e33/datanode-2/data/ratis] (custom)
2019-11-07 16:28:38,172 [pool-38-thread-1] INFO  server.RaftServerConfigKeys (ConfUtils.java:logGet(43)) - raft.server.storage.dir = [/workdir/hadoop-ozone/integration-test/target/test-dir/MiniOzoneClusterImpl-a970380e-0cc3-4fc2-b69b-bc446b1b0e33/datanode-1/data/ratis] (custom)
2019-11-07 16:28:38,172 [pool-28-thread-1] INFO  server.RaftServerConfigKeys (ConfUtils.java:logGet(43)) - raft.server.rpc.timeout.min = 5s (custom)
2019-11-07 16:28:38,173 [pool-38-thread-1] INFO  server.RaftServerConfigKeys (ConfUtils.java:logGet(43)) - raft.server.log.corruption.policy = EXCEPTION (default)
2019-11-07 16:28:38,173 [pool-48-thread-1] INFO  server.RaftServerConfigKeys (ConfUtils.java:logGet(43)) - raft.server.log.corruption.policy = EXCEPTION (default)
2019-11-07 16:28:38,173 [pool-28-thread-1] INFO  server.RaftServerConfigKeys (ConfUtils.java:logGet(43)) - raft.server.rpc.timeout.max = 5200ms (custom)
2019-11-07 16:28:38,173 [pool-38-thread-1] INFO  storage.RaftStorageDirectory (RaftStorageDirectory.java:analyzeStorage(246)) - The storage directory /workdir/hadoop-ozone/integration-test/target/test-dir/MiniOzoneClusterImpl-a970380e-0cc3-4fc2-b69b-bc446b1b0e33/datanode-1/data/ratis/8b73d13d-1cd3-4e44-b4fa-693e871481e7 does not exist. Creating ...
2019-11-07 16:28:38,173 [pool-28-thread-1] INFO  server.RaftServerConfigKeys (ConfUtils.java:logGet(43)) - raft.server.rpcslowness.timeout = 1000s (custom)
2019-11-07 16:28:38,173 [pool-48-thread-1] INFO  storage.RaftStorageDirectory (RaftStorageDirectory.java:analyzeStorage(246)) - The storage directory /workdir/hadoop-ozone/integration-test/target/test-dir/MiniOzoneClusterImpl-a970380e-0cc3-4fc2-b69b-bc446b1b0e33/datanode-2/data/ratis/8b73d13d-1cd3-4e44-b4fa-693e871481e7 does not exist. Creating ...
2019-11-07 16:28:38,173 [pool-28-thread-1] INFO  server.RaftServerConfigKeys (ConfUtils.java:logGet(43)) - raft.server.sleep.deviation.threshold = 300 (default)
2019-11-07 16:28:38,174 [pool-28-thread-1] INFO  server.RaftServerConfigKeys (ConfUtils.java:logGet(43)) - raft.server.log.appender.install.snapshot.enabled = false (custom)
2019-11-07 16:28:38,174 [pool-28-thread-1] INFO  impl.RaftServerImpl (ServerState.java:<init>(103)) - e72837b7-fe0e-4475-9dee-4d836a3196bb@group-693E871481E7: ConfigurationManager, init=-1: [faef99ea-f5b7-4431-8bda-3d2e4205e0e9:192.168.69.106:43568, 4b66a4eb-9baa-4818-a82d-5882a8281712:192.168.69.106:35202, e72837b7-fe0e-4475-9dee-4d836a3196bb:192.168.69.106:43872], old=null, confs=<EMPTY_MAP>
2019-11-07 16:28:38,174 [pool-28-thread-1] INFO  server.RaftServerConfigKeys (ConfUtils.java:logGet(43)) - raft.server.storage.dir = [/workdir/hadoop-ozone/integration-test/target/test-dir/MiniOzoneClusterImpl-a970380e-0cc3-4fc2-b69b-bc446b1b0e33/datanode-0/data/ratis] (custom)
2019-11-07 16:28:38,174 [pool-28-thread-1] INFO  server.RaftServerConfigKeys (ConfUtils.java:logGet(43)) - raft.server.log.corruption.policy = EXCEPTION (default)
2019-11-07 16:28:38,175 [pool-28-thread-1] INFO  storage.RaftStorageDirectory (RaftStorageDirectory.java:analyzeStorage(246)) - The storage directory /workdir/hadoop-ozone/integration-test/target/test-dir/MiniOzoneClusterImpl-a970380e-0cc3-4fc2-b69b-bc446b1b0e33/datanode-0/data/ratis/8b73d13d-1cd3-4e44-b4fa-693e871481e7 does not exist. Creating ...
2019-11-07 16:28:38,196 [pool-48-thread-1] INFO  storage.RaftStorageDirectory (RaftStorageDirectory.java:tryLock(328)) - Lock on /workdir/hadoop-ozone/integration-test/target/test-dir/MiniOzoneClusterImpl-a970380e-0cc3-4fc2-b69b-bc446b1b0e33/datanode-2/data/ratis/8b73d13d-1cd3-4e44-b4fa-693e871481e7/in_use.lock acquired by nodename 27020@pr-hdds-2329-pipelines-wl5p8-3511966945
2019-11-07 16:28:38,196 [pool-28-thread-1] INFO  storage.RaftStorageDirectory (RaftStorageDirectory.java:tryLock(328)) - Lock on /workdir/hadoop-ozone/integration-test/target/test-dir/MiniOzoneClusterImpl-a970380e-0cc3-4fc2-b69b-bc446b1b0e33/datanode-0/data/ratis/8b73d13d-1cd3-4e44-b4fa-693e871481e7/in_use.lock acquired by nodename 27020@pr-hdds-2329-pipelines-wl5p8-3511966945
2019-11-07 16:28:38,196 [pool-38-thread-1] INFO  storage.RaftStorageDirectory (RaftStorageDirectory.java:tryLock(328)) - Lock on /workdir/hadoop-ozone/integration-test/target/test-dir/MiniOzoneClusterImpl-a970380e-0cc3-4fc2-b69b-bc446b1b0e33/datanode-1/data/ratis/8b73d13d-1cd3-4e44-b4fa-693e871481e7/in_use.lock acquired by nodename 27020@pr-hdds-2329-pipelines-wl5p8-3511966945
2019-11-07 16:28:38,237 [pool-28-thread-1] INFO  storage.RaftStorage (RaftStorage.java:format(84)) - Storage directory /workdir/hadoop-ozone/integration-test/target/test-dir/MiniOzoneClusterImpl-a970380e-0cc3-4fc2-b69b-bc446b1b0e33/datanode-0/data/ratis/8b73d13d-1cd3-4e44-b4fa-693e871481e7 has been successfully formatted.
2019-11-07 16:28:38,237 [pool-38-thread-1] INFO  storage.RaftStorage (RaftStorage.java:format(84)) - Storage directory /workdir/hadoop-ozone/integration-test/target/test-dir/MiniOzoneClusterImpl-a970380e-0cc3-4fc2-b69b-bc446b1b0e33/datanode-1/data/ratis/8b73d13d-1cd3-4e44-b4fa-693e871481e7 has been successfully formatted.
2019-11-07 16:28:38,237 [pool-48-thread-1] INFO  storage.RaftStorage (RaftStorage.java:format(84)) - Storage directory /workdir/hadoop-ozone/integration-test/target/test-dir/MiniOzoneClusterImpl-a970380e-0cc3-4fc2-b69b-bc446b1b0e33/datanode-2/data/ratis/8b73d13d-1cd3-4e44-b4fa-693e871481e7 has been successfully formatted.
2019-11-07 16:28:38,237 [pool-28-thread-1] INFO  ratis.ContainerStateMachine (ContainerStateMachine.java:loadSnapshot(231)) - group-693E871481E7: The snapshot info is null. Setting the last applied indexto:(t:0, i:~)
2019-11-07 16:28:38,237 [pool-38-thread-1] INFO  ratis.ContainerStateMachine (ContainerStateMachine.java:loadSnapshot(231)) - group-693E871481E7: The snapshot info is null. Setting the last applied indexto:(t:0, i:~)
2019-11-07 16:28:38,237 [pool-28-thread-1] INFO  server.RaftServerConfigKeys (ConfUtils.java:logGet(43)) - raft.server.notification.no-leader.timeout = 1000s (custom)
2019-11-07 16:28:38,237 [pool-48-thread-1] INFO  ratis.ContainerStateMachine (ContainerStateMachine.java:loadSnapshot(231)) - group-693E871481E7: The snapshot info is null. Setting the last applied indexto:(t:0, i:~)
2019-11-07 16:28:38,238 [pool-28-thread-1] INFO  server.RaftServerConfigKeys (ConfUtils.java:logGet(43)) - raft.server.log.use.memory = false (default)
2019-11-07 16:28:38,238 [pool-48-thread-1] INFO  server.RaftServerConfigKeys (ConfUtils.java:logGet(43)) - raft.server.notification.no-leader.timeout = 1000s (custom)
2019-11-07 16:28:38,238 [pool-38-thread-1] INFO  server.RaftServerConfigKeys (ConfUtils.java:logGet(43)) - raft.server.notification.no-leader.timeout = 1000s (custom)
2019-11-07 16:28:38,238 [pool-48-thread-1] INFO  server.RaftServerConfigKeys (ConfUtils.java:logGet(43)) - raft.server.log.use.memory = false (default)
2019-11-07 16:28:38,238 [pool-28-thread-1] INFO  server.RaftServerConfigKeys (ConfUtils.java:logGet(43)) - raft.server.log.purge.gap = 1000000 (custom)
2019-11-07 16:28:38,239 [pool-48-thread-1] INFO  server.RaftServerConfigKeys (ConfUtils.java:logGet(43)) - raft.server.log.purge.gap = 1000000 (custom)
2019-11-07 16:28:38,238 [pool-38-thread-1] INFO  server.RaftServerConfigKeys (ConfUtils.java:logGet(43)) - raft.server.log.use.memory = false (default)
2019-11-07 16:28:38,239 [pool-48-thread-1] INFO  server.RaftServerConfigKeys (ConfUtils.java:logGet(43)) - raft.server.log.appender.buffer.byte-limit = 33554432 (custom)
2019-11-07 16:28:38,239 [pool-28-thread-1] INFO  server.RaftServerConfigKeys (ConfUtils.java:logGet(43)) - raft.server.log.appender.buffer.byte-limit = 33554432 (custom)
2019-11-07 16:28:38,239 [pool-48-thread-1] INFO  server.RaftServerConfigKeys (ConfUtils.java:logGet(43)) - raft.server.log.segment.size.max = 1048576 (custom)
2019-11-07 16:28:38,239 [pool-38-thread-1] INFO  server.RaftServerConfigKeys (ConfUtils.java:logGet(43)) - raft.server.log.purge.gap = 1000000 (custom)
2019-11-07 16:28:38,240 [pool-48-thread-1] INFO  server.RaftServerConfigKeys (ConfUtils.java:logGet(43)) - raft.server.log.segment.cache.num.max = 2 (custom)
2019-11-07 16:28:38,239 [pool-28-thread-1] INFO  server.RaftServerConfigKeys (ConfUtils.java:logGet(43)) - raft.server.log.segment.size.max = 1048576 (custom)
2019-11-07 16:28:38,240 [pool-48-thread-1] INFO  segmented.SegmentedRaftLogWorker (SegmentedRaftLogWorker.java:<init>(173)) - new faef99ea-f5b7-4431-8bda-3d2e4205e0e9@group-693E871481E7-SegmentedRaftLogWorker for RaftStorage:Storage Directory /workdir/hadoop-ozone/integration-test/target/test-dir/MiniOzoneClusterImpl-a970380e-0cc3-4fc2-b69b-bc446b1b0e33/datanode-2/data/ratis/8b73d13d-1cd3-4e44-b4fa-693e871481e7
2019-11-07 16:28:38,240 [pool-38-thread-1] INFO  server.RaftServerConfigKeys (ConfUtils.java:logGet(43)) - raft.server.log.appender.buffer.byte-limit = 33554432 (custom)
2019-11-07 16:28:38,240 [pool-48-thread-1] INFO  server.RaftServerConfigKeys (ConfUtils.java:logGet(43)) - raft.server.log.queue.byte-limit = 2147483647 (custom)
2019-11-07 16:28:38,240 [pool-28-thread-1] INFO  server.RaftServerConfigKeys (ConfUtils.java:logGet(43)) - raft.server.log.segment.cache.num.max = 2 (custom)
2019-11-07 16:28:38,241 [pool-48-thread-1] INFO  server.RaftServerConfigKeys (ConfUtils.java:logGet(43)) - raft.server.log.queue.element-limit = 1024 (custom)
2019-11-07 16:28:38,240 [pool-38-thread-1] INFO  server.RaftServerConfigKeys (ConfUtils.java:logGet(43)) - raft.server.log.segment.size.max = 1048576 (custom)
2019-11-07 16:28:38,241 [pool-48-thread-1] INFO  server.RaftServerConfigKeys (ConfUtils.java:logGet(43)) - raft.server.log.segment.size.max = 1048576 (custom)
2019-11-07 16:28:38,241 [pool-28-thread-1] INFO  segmented.SegmentedRaftLogWorker (SegmentedRaftLogWorker.java:<init>(173)) - new e72837b7-fe0e-4475-9dee-4d836a3196bb@group-693E871481E7-SegmentedRaftLogWorker for RaftStorage:Storage Directory /workdir/hadoop-ozone/integration-test/target/test-dir/MiniOzoneClusterImpl-a970380e-0cc3-4fc2-b69b-bc446b1b0e33/datanode-0/data/ratis/8b73d13d-1cd3-4e44-b4fa-693e871481e7
2019-11-07 16:28:38,241 [pool-48-thread-1] INFO  server.RaftServerConfigKeys (ConfUtils.java:logGet(43)) - raft.server.log.preallocated.size = 16384 (custom)
2019-11-07 16:28:38,241 [pool-38-thread-1] INFO  server.RaftServerConfigKeys (ConfUtils.java:logGet(43)) - raft.server.log.segment.cache.num.max = 2 (custom)
2019-11-07 16:28:38,242 [pool-48-thread-1] INFO  server.RaftServerConfigKeys (ConfUtils.java:logGet(43)) - raft.server.log.write.buffer.size = 33554432 (custom)
2019-11-07 16:28:38,241 [pool-28-thread-1] INFO  server.RaftServerConfigKeys (ConfUtils.java:logGet(43)) - raft.server.log.queue.byte-limit = 2147483647 (custom)
2019-11-07 16:28:38,242 [pool-48-thread-1] INFO  server.RaftServerConfigKeys (ConfUtils.java:logGet(43)) - raft.server.log.force.sync.num = 128 (default)
2019-11-07 16:28:38,242 [pool-28-thread-1] INFO  server.RaftServerConfigKeys (ConfUtils.java:logGet(43)) - raft.server.log.queue.element-limit = 1024 (custom)
2019-11-07 16:28:38,242 [pool-38-thread-1] INFO  segmented.SegmentedRaftLogWorker (SegmentedRaftLogWorker.java:<init>(173)) - new 4b66a4eb-9baa-4818-a82d-5882a8281712@group-693E871481E7-SegmentedRaftLogWorker for RaftStorage:Storage Directory /workdir/hadoop-ozone/integration-test/target/test-dir/MiniOzoneClusterImpl-a970380e-0cc3-4fc2-b69b-bc446b1b0e33/datanode-1/data/ratis/8b73d13d-1cd3-4e44-b4fa-693e871481e7
2019-11-07 16:28:38,242 [pool-28-thread-1] INFO  server.RaftServerConfigKeys (ConfUtils.java:logGet(43)) - raft.server.log.segment.size.max = 1048576 (custom)
2019-11-07 16:28:38,242 [pool-48-thread-1] INFO  server.RaftServerConfigKeys (ConfUtils.java:logGet(43)) - raft.server.log.statemachine.data.sync = true (default)
2019-11-07 16:28:38,243 [pool-28-thread-1] INFO  server.RaftServerConfigKeys (ConfUtils.java:logGet(43)) - raft.server.log.preallocated.size = 16384 (custom)
2019-11-07 16:28:38,243 [pool-38-thread-1] INFO  server.RaftServerConfigKeys (ConfUtils.java:logGet(43)) - raft.server.log.queue.byte-limit = 2147483647 (custom)
2019-11-07 16:28:38,243 [pool-28-thread-1] INFO  server.RaftServerConfigKeys (ConfUtils.java:logGet(43)) - raft.server.log.write.buffer.size = 33554432 (custom)
2019-11-07 16:28:38,243 [pool-48-thread-1] INFO  server.RaftServerConfigKeys (ConfUtils.java:logGet(43)) - raft.server.log.statemachine.data.sync.timeout = 10s (default)
2019-11-07 16:28:38,243 [pool-28-thread-1] INFO  server.RaftServerConfigKeys (ConfUtils.java:logGet(43)) - raft.server.log.force.sync.num = 128 (default)
2019-11-07 16:28:38,243 [pool-38-thread-1] INFO  server.RaftServerConfigKeys (ConfUtils.java:logGet(43)) - raft.server.log.queue.element-limit = 1024 (custom)
2019-11-07 16:28:38,244 [pool-28-thread-1] INFO  server.RaftServerConfigKeys (ConfUtils.java:logGet(43)) - raft.server.log.statemachine.data.sync = true (default)
2019-11-07 16:28:38,243 [pool-48-thread-1] INFO  server.RaftServerConfigKeys (ConfUtils.java:logGet(43)) - raft.server.log.statemachine.data.sync.timeout.retry = -1 (default)
2019-11-07 16:28:38,244 [pool-28-thread-1] INFO  server.RaftServerConfigKeys (ConfUtils.java:logGet(43)) - raft.server.log.statemachine.data.sync.timeout = 10s (default)
2019-11-07 16:28:38,244 [pool-38-thread-1] INFO  server.RaftServerConfigKeys (ConfUtils.java:logGet(43)) - raft.server.log.segment.size.max = 1048576 (custom)
2019-11-07 16:28:38,244 [pool-48-thread-1] INFO  server.RaftServerConfigKeys (ConfUtils.java:logGet(43)) - raft.server.log.statemachine.data.caching.enabled = true (custom)
2019-11-07 16:28:38,245 [pool-38-thread-1] INFO  server.RaftServerConfigKeys (ConfUtils.java:logGet(43)) - raft.server.log.preallocated.size = 16384 (custom)
2019-11-07 16:28:38,244 [pool-28-thread-1] INFO  server.RaftServerConfigKeys (ConfUtils.java:logGet(43)) - raft.server.log.statemachine.data.sync.timeout.retry = -1 (default)
2019-11-07 16:28:38,245 [pool-48-thread-1] INFO  segmented.SegmentedRaftLogWorker (SegmentedRaftLogWorker.java:lambda$new$0(128)) - faef99ea-f5b7-4431-8bda-3d2e4205e0e9@group-693E871481E7-SegmentedRaftLogWorker: flushIndex: setUnconditionally 0 -> -1
2019-11-07 16:28:38,245 [pool-38-thread-1] INFO  server.RaftServerConfigKeys (ConfUtils.java:logGet(43)) - raft.server.log.write.buffer.size = 33554432 (custom)
2019-11-07 16:28:38,245 [pool-28-thread-1] INFO  server.RaftServerConfigKeys (ConfUtils.java:logGet(43)) - raft.server.log.statemachine.data.caching.enabled = true (custom)
2019-11-07 16:28:38,245 [pool-48-thread-1] INFO  server.RaftServerConfigKeys (ConfUtils.java:logGet(43)) - raft.server.snapshot.auto.trigger.enabled = true (custom)
2019-11-07 16:28:38,245 [pool-38-thread-1] INFO  server.RaftServerConfigKeys (ConfUtils.java:logGet(43)) - raft.server.log.force.sync.num = 128 (default)
2019-11-07 16:28:38,246 [pool-28-thread-1] INFO  segmented.SegmentedRaftLogWorker (SegmentedRaftLogWorker.java:lambda$new$0(128)) - e72837b7-fe0e-4475-9dee-4d836a3196bb@group-693E871481E7-SegmentedRaftLogWorker: flushIndex: setUnconditionally 0 -> -1
2019-11-07 16:28:38,246 [pool-48-thread-1] INFO  server.RaftServerConfigKeys (ConfUtils.java:logGet(43)) - raft.server.snapshot.auto.trigger.threshold = 10000 (custom)
2019-11-07 16:28:38,246 [pool-38-thread-1] INFO  server.RaftServerConfigKeys (ConfUtils.java:logGet(43)) - raft.server.log.statemachine.data.sync = true (default)
2019-11-07 16:28:38,246 [pool-48-thread-1] INFO  server.RaftServerConfigKeys (ConfUtils.java:logGet(43)) - raft.server.snapshot.retention.file.num = 5 (custom)
2019-11-07 16:28:38,246 [pool-28-thread-1] INFO  server.RaftServerConfigKeys (ConfUtils.java:logGet(43)) - raft.server.snapshot.auto.trigger.enabled = true (custom)
2019-11-07 16:28:38,246 [pool-38-thread-1] INFO  server.RaftServerConfigKeys (ConfUtils.java:logGet(43)) - raft.server.log.statemachine.data.sync.timeout = 10s (default)
2019-11-07 16:28:38,246 [pool-28-thread-1] INFO  server.RaftServerConfigKeys (ConfUtils.java:logGet(43)) - raft.server.snapshot.auto.trigger.threshold = 10000 (custom)
2019-11-07 16:28:38,246 [pool-48-thread-1] INFO  server.RaftServerConfigKeys (ConfUtils.java:logGet(43)) - raft.server.retrycache.expirytime = 600000ms (custom)
2019-11-07 16:28:38,247 [pool-28-thread-1] INFO  server.RaftServerConfigKeys (ConfUtils.java:logGet(43)) - raft.server.snapshot.retention.file.num = 5 (custom)
2019-11-07 16:28:38,247 [pool-38-thread-1] INFO  server.RaftServerConfigKeys (ConfUtils.java:logGet(43)) - raft.server.log.statemachine.data.sync.timeout.retry = -1 (default)
2019-11-07 16:28:38,247 [pool-48-thread-1] WARN  impl.MetricRegistriesImpl (MetricRegistriesImpl.java:lambda$create$1(61)) - First MetricRegistry has been created without registering reporters. You may need to call MetricRegistries.global().addReportRegistration(...) before.
2019-11-07 16:28:38,247 [pool-28-thread-1] INFO  server.RaftServerConfigKeys (ConfUtils.java:logGet(43)) - raft.server.retrycache.expirytime = 600000ms (custom)
2019-11-07 16:28:38,247 [pool-48-thread-1] WARN  impl.MetricRegistriesImpl (MetricRegistriesImpl.java:lambda$create$1(61)) - First MetricRegistry has been created without registering reporters. You may need to call MetricRegistries.global().addReportRegistration(...) before.
2019-11-07 16:28:38,247 [pool-38-thread-1] INFO  server.RaftServerConfigKeys (ConfUtils.java:logGet(43)) - raft.server.log.statemachine.data.caching.enabled = true (custom)
2019-11-07 16:28:38,249 [pool-48-thread-1] INFO  impl.RaftServerImpl (RaftServerImpl.java:start(184)) - faef99ea-f5b7-4431-8bda-3d2e4205e0e9@group-693E871481E7: start as a follower, conf=-1: [faef99ea-f5b7-4431-8bda-3d2e4205e0e9:192.168.69.106:43568, 4b66a4eb-9baa-4818-a82d-5882a8281712:192.168.69.106:35202, e72837b7-fe0e-4475-9dee-4d836a3196bb:192.168.69.106:43872], old=null
2019-11-07 16:28:38,248 [pool-28-thread-1] WARN  impl.MetricRegistriesImpl (MetricRegistriesImpl.java:lambda$create$1(61)) - First MetricRegistry has been created without registering reporters. You may need to call MetricRegistries.global().addReportRegistration(...) before.
2019-11-07 16:28:38,249 [pool-38-thread-1] INFO  segmented.SegmentedRaftLogWorker (SegmentedRaftLogWorker.java:lambda$new$0(128)) - 4b66a4eb-9baa-4818-a82d-5882a8281712@group-693E871481E7-SegmentedRaftLogWorker: flushIndex: setUnconditionally 0 -> -1
2019-11-07 16:28:38,249 [pool-48-thread-1] INFO  impl.RaftServerImpl (RaftServerImpl.java:setRole(173)) - faef99ea-f5b7-4431-8bda-3d2e4205e0e9@group-693E871481E7: changes role from      null to FOLLOWER at term 0 for startAsFollower
2019-11-07 16:28:38,249 [pool-28-thread-1] WARN  impl.MetricRegistriesImpl (MetricRegistriesImpl.java:lambda$create$1(61)) - First MetricRegistry has been created without registering reporters. You may need to call MetricRegistries.global().addReportRegistration(...) before.
2019-11-07 16:28:38,249 [pool-48-thread-1] INFO  impl.RoleInfo (RoleInfo.java:updateAndGet(143)) - faef99ea-f5b7-4431-8bda-3d2e4205e0e9: start FollowerState
2019-11-07 16:28:38,249 [pool-38-thread-1] INFO  server.RaftServerConfigKeys (ConfUtils.java:logGet(43)) - raft.server.snapshot.auto.trigger.enabled = true (custom)
2019-11-07 16:28:38,250 [pool-28-thread-1] INFO  impl.RaftServerImpl (RaftServerImpl.java:start(184)) - e72837b7-fe0e-4475-9dee-4d836a3196bb@group-693E871481E7: start as a follower, conf=-1: [faef99ea-f5b7-4431-8bda-3d2e4205e0e9:192.168.69.106:43568, 4b66a4eb-9baa-4818-a82d-5882a8281712:192.168.69.106:35202, e72837b7-fe0e-4475-9dee-4d836a3196bb:192.168.69.106:43872], old=null
2019-11-07 16:28:38,250 [pool-38-thread-1] INFO  server.RaftServerConfigKeys (ConfUtils.java:logGet(43)) - raft.server.snapshot.auto.trigger.threshold = 10000 (custom)
2019-11-07 16:28:38,250 [pool-48-thread-1] INFO  util.JmxRegister (JmxRegister.java:tryRegister(44)) - Successfully registered JMX Bean with object name Ratis:service=RaftServer,group=group-693E871481E7,id=faef99ea-f5b7-4431-8bda-3d2e4205e0e9
2019-11-07 16:28:38,250 [pool-28-thread-1] INFO  impl.RaftServerImpl (RaftServerImpl.java:setRole(173)) - e72837b7-fe0e-4475-9dee-4d836a3196bb@group-693E871481E7: changes role from      null to FOLLOWER at term 0 for startAsFollower
2019-11-07 16:28:38,250 [pool-48-thread-1] WARN  impl.MetricRegistriesImpl (MetricRegistriesImpl.java:lambda$create$1(61)) - First MetricRegistry has been created without registering reporters. You may need to call MetricRegistries.global().addReportRegistration(...) before.
2019-11-07 16:28:38,250 [pool-28-thread-1] INFO  impl.RoleInfo (RoleInfo.java:updateAndGet(143)) - e72837b7-fe0e-4475-9dee-4d836a3196bb: start FollowerState
2019-11-07 16:28:38,250 [pool-38-thread-1] INFO  server.RaftServerConfigKeys (ConfUtils.java:logGet(43)) - raft.server.snapshot.retention.file.num = 5 (custom)
2019-11-07 16:28:38,251 [pool-38-thread-1] INFO  server.RaftServerConfigKeys (ConfUtils.java:logGet(43)) - raft.server.retrycache.expirytime = 600000ms (custom)
2019-11-07 16:28:38,251 [pool-28-thread-1] INFO  util.JmxRegister (JmxRegister.java:tryRegister(44)) - Successfully registered JMX Bean with object name Ratis:service=RaftServer,group=group-693E871481E7,id=e72837b7-fe0e-4475-9dee-4d836a3196bb
2019-11-07 16:28:38,251 [pool-38-thread-1] WARN  impl.MetricRegistriesImpl (MetricRegistriesImpl.java:lambda$create$1(61)) - First MetricRegistry has been created without registering reporters. You may need to call MetricRegistries.global().addReportRegistration(...) before.
2019-11-07 16:28:38,251 [pool-28-thread-1] WARN  impl.MetricRegistriesImpl (MetricRegistriesImpl.java:lambda$create$1(61)) - First MetricRegistry has been created without registering reporters. You may need to call MetricRegistries.global().addReportRegistration(...) before.
2019-11-07 16:28:38,251 [pool-38-thread-1] WARN  impl.MetricRegistriesImpl (MetricRegistriesImpl.java:lambda$create$1(61)) - First MetricRegistry has been created without registering reporters. You may need to call MetricRegistries.global().addReportRegistration(...) before.
2019-11-07 16:28:38,252 [pool-38-thread-1] INFO  impl.RaftServerImpl (RaftServerImpl.java:start(184)) - 4b66a4eb-9baa-4818-a82d-5882a8281712@group-693E871481E7: start as a follower, conf=-1: [faef99ea-f5b7-4431-8bda-3d2e4205e0e9:192.168.69.106:43568, 4b66a4eb-9baa-4818-a82d-5882a8281712:192.168.69.106:35202, e72837b7-fe0e-4475-9dee-4d836a3196bb:192.168.69.106:43872], old=null
2019-11-07 16:28:38,253 [pool-38-thread-1] INFO  impl.RaftServerImpl (RaftServerImpl.java:setRole(173)) - 4b66a4eb-9baa-4818-a82d-5882a8281712@group-693E871481E7: changes role from      null to FOLLOWER at term 0 for startAsFollower
2019-11-07 16:28:38,254 [pool-38-thread-1] INFO  impl.RoleInfo (RoleInfo.java:updateAndGet(143)) - 4b66a4eb-9baa-4818-a82d-5882a8281712: start FollowerState
2019-11-07 16:28:38,255 [pool-38-thread-1] INFO  util.JmxRegister (JmxRegister.java:tryRegister(44)) - Successfully registered JMX Bean with object name Ratis:service=RaftServer,group=group-693E871481E7,id=4b66a4eb-9baa-4818-a82d-5882a8281712
2019-11-07 16:28:38,255 [pool-38-thread-1] WARN  impl.MetricRegistriesImpl (MetricRegistriesImpl.java:lambda$create$1(61)) - First MetricRegistry has been created without registering reporters. You may need to call MetricRegistries.global().addReportRegistration(...) before.
2019-11-07 16:28:38,272 [RatisPipelineUtilsThread] INFO  pipeline.PipelineStateManager (PipelineStateManager.java:addPipeline(56)) - Created pipeline Pipeline[ Id: 8b73d13d-1cd3-4e44-b4fa-693e871481e7, Nodes: e72837b7-fe0e-4475-9dee-4d836a3196bb{ip: 192.168.69.106, host: pr-hdds-2329-pipelines-wl5p8-3511966945, networkLocation: /default-rack, certSerialId: null}4b66a4eb-9baa-4818-a82d-5882a8281712{ip: 192.168.69.106, host: pr-hdds-2329-pipelines-wl5p8-3511966945, networkLocation: /default-rack, certSerialId: null}faef99ea-f5b7-4431-8bda-3d2e4205e0e9{ip: 192.168.69.106, host: pr-hdds-2329-pipelines-wl5p8-3511966945, networkLocation: /default-rack, certSerialId: null}, Type:RATIS, Factor:THREE, State:OPEN]
2019-11-07 16:28:38,319 [main] INFO  ozone.MiniOzoneClusterImpl (MiniOzoneClusterImpl.java:lambda$waitForClusterToBeReady$0(147)) - Cluster is ready. Got 3 of 3 DN Heartbeats.
2019-11-07 16:28:38,780 [main] INFO  rpc.RpcClient (RpcClient.java:createVolume(291)) - Creating Volume: testcontainerstatemachinefailures, with jenkins1000 as owner.
2019-11-07 16:28:38,869 [IPC Server handler 1 on 46367] INFO  volume.OMVolumeCreateRequest (OMVolumeCreateRequest.java:validateAndUpdateCache(193)) - created volume:testcontainerstatemachinefailures for user:jenkins1000
2019-11-07 16:28:38,905 [main] INFO  rpc.RpcClient (RpcClient.java:createBucket(430)) - Creating Bucket: testcontainerstatemachinefailures/testcontainerstatemachinefailures, with Versioning false and Storage Type set to DISK and Encryption set to false 
2019-11-07 16:28:39,231 [IPC Server handler 0 on 44431] INFO  server.SCMBlockProtocolServer (SCMBlockProtocolServer.java:allocateBlock(179)) - Allocating 1 blocks of size 4194304, with ExcludeList {datanodes = [], containerIds = [], pipelineIds = []}
2019-11-07 16:28:39,356 [main] INFO  impl.MetricsSystemImpl (MetricsSystemImpl.java:init(158)) - XceiverClientMetrics metrics system started (again)
2019-11-07 16:28:40,210 [Thread-181] INFO  container.ReplicationManager (ReplicationManager.java:start(162)) - Starting Replication Monitor Thread.
2019-11-07 16:28:40,215 [ReplicationMonitor] INFO  container.ReplicationManager (ReplicationManager.java:run(225)) - Replication Monitor Thread took 3 milliseconds for processing 1 containers.
2019-11-07 16:28:43,016 [Thread-186] INFO  impl.FollowerState (FollowerState.java:run(111)) - e72837b7-fe0e-4475-9dee-4d836a3196bb@group-B5D34CBCF428-FollowerState: change to CANDIDATE, lastRpcTime:5145ms, electionTimeout:5144ms
2019-11-07 16:28:43,019 [Thread-186] INFO  impl.RoleInfo (RoleInfo.java:shutdownFollowerState(121)) - e72837b7-fe0e-4475-9dee-4d836a3196bb: shutdown FollowerState
2019-11-07 16:28:43,020 [Thread-186] INFO  impl.RaftServerImpl (RaftServerImpl.java:setRole(173)) - e72837b7-fe0e-4475-9dee-4d836a3196bb@group-B5D34CBCF428: changes role from  FOLLOWER to CANDIDATE at term 0 for changeToCandidate
2019-11-07 16:28:43,026 [Thread-186] INFO  impl.RoleInfo (RoleInfo.java:updateAndGet(143)) - e72837b7-fe0e-4475-9dee-4d836a3196bb: start LeaderElection
2019-11-07 16:28:43,061 [e72837b7-fe0e-4475-9dee-4d836a3196bb@group-B5D34CBCF428-LeaderElection1] INFO  impl.LeaderElection (LeaderElection.java:askForVotes(178)) - e72837b7-fe0e-4475-9dee-4d836a3196bb@group-B5D34CBCF428-LeaderElection1: begin an election at term 1 for -1: [e72837b7-fe0e-4475-9dee-4d836a3196bb:192.168.69.106:43872], old=null
2019-11-07 16:28:43,063 [e72837b7-fe0e-4475-9dee-4d836a3196bb@group-B5D34CBCF428-LeaderElection1] INFO  impl.RoleInfo (RoleInfo.java:shutdownLeaderElection(134)) - e72837b7-fe0e-4475-9dee-4d836a3196bb: shutdown LeaderElection
2019-11-07 16:28:43,064 [e72837b7-fe0e-4475-9dee-4d836a3196bb@group-B5D34CBCF428-LeaderElection1] INFO  impl.RaftServerImpl (RaftServerImpl.java:setRole(173)) - e72837b7-fe0e-4475-9dee-4d836a3196bb@group-B5D34CBCF428: changes role from CANDIDATE to LEADER at term 1 for changeToLeader
2019-11-07 16:28:43,064 [e72837b7-fe0e-4475-9dee-4d836a3196bb@group-B5D34CBCF428-LeaderElection1] INFO  impl.RaftServerImpl (ServerState.java:setLeader(255)) - e72837b7-fe0e-4475-9dee-4d836a3196bb@group-B5D34CBCF428: change Leader from null to e72837b7-fe0e-4475-9dee-4d836a3196bb at term 1 for becomeLeader, leader elected after 5283ms
2019-11-07 16:28:43,068 [Thread-189] INFO  impl.FollowerState (FollowerState.java:run(111)) - 4b66a4eb-9baa-4818-a82d-5882a8281712@group-F5BE525D2710-FollowerState: change to CANDIDATE, lastRpcTime:5031ms, electionTimeout:5031ms
2019-11-07 16:28:43,072 [Thread-189] INFO  impl.RoleInfo (RoleInfo.java:shutdownFollowerState(121)) - 4b66a4eb-9baa-4818-a82d-5882a8281712: shutdown FollowerState
2019-11-07 16:28:43,072 [Thread-189] INFO  impl.RaftServerImpl (RaftServerImpl.java:setRole(173)) - 4b66a4eb-9baa-4818-a82d-5882a8281712@group-F5BE525D2710: changes role from  FOLLOWER to CANDIDATE at term 0 for changeToCandidate
2019-11-07 16:28:43,072 [Thread-189] INFO  impl.RoleInfo (RoleInfo.java:updateAndGet(143)) - 4b66a4eb-9baa-4818-a82d-5882a8281712: start LeaderElection
2019-11-07 16:28:43,076 [e72837b7-fe0e-4475-9dee-4d836a3196bb@group-B5D34CBCF428-LeaderElection1] INFO  server.RaftServerConfigKeys (ConfUtils.java:logGet(43)) - raft.server.staging.catchup.gap = 1000 (default)
2019-11-07 16:28:43,076 [e72837b7-fe0e-4475-9dee-4d836a3196bb@group-B5D34CBCF428-LeaderElection1] INFO  server.RaftServerConfigKeys (ConfUtils.java:logGet(43)) - raft.server.rpc.sleep.time = 25ms (default)
2019-11-07 16:28:43,081 [e72837b7-fe0e-4475-9dee-4d836a3196bb@group-B5D34CBCF428-LeaderElection1] INFO  server.RaftServerConfigKeys (ConfUtils.java:logGet(43)) - raft.server.write.element-limit = 4096 (default)
2019-11-07 16:28:43,087 [e72837b7-fe0e-4475-9dee-4d836a3196bb@group-B5D34CBCF428-LeaderElection1] INFO  server.RaftServerConfigKeys (ConfUtils.java:logGet(43)) - raft.server.watch.timeout = 10s (default)
2019-11-07 16:28:43,087 [e72837b7-fe0e-4475-9dee-4d836a3196bb@group-B5D34CBCF428-LeaderElection1] INFO  server.RaftServerConfigKeys (ConfUtils.java:logGet(43)) - raft.server.watch.timeout.denomination = 1s (default)
2019-11-07 16:28:43,088 [e72837b7-fe0e-4475-9dee-4d836a3196bb@group-B5D34CBCF428-LeaderElection1] INFO  server.RaftServerConfigKeys (ConfUtils.java:logGet(43)) - raft.server.watch.element-limit = 65536 (default)
2019-11-07 16:28:43,097 [e72837b7-fe0e-4475-9dee-4d836a3196bb@group-B5D34CBCF428-LeaderElection1] INFO  impl.RoleInfo (RoleInfo.java:updateAndGet(143)) - e72837b7-fe0e-4475-9dee-4d836a3196bb: start LeaderState
2019-11-07 16:28:43,102 [4b66a4eb-9baa-4818-a82d-5882a8281712@group-F5BE525D2710-LeaderElection2] INFO  impl.LeaderElection (LeaderElection.java:askForVotes(178)) - 4b66a4eb-9baa-4818-a82d-5882a8281712@group-F5BE525D2710-LeaderElection2: begin an election at term 1 for -1: [4b66a4eb-9baa-4818-a82d-5882a8281712:192.168.69.106:35202], old=null
2019-11-07 16:28:43,102 [4b66a4eb-9baa-4818-a82d-5882a8281712@group-F5BE525D2710-LeaderElection2] INFO  impl.RoleInfo (RoleInfo.java:shutdownLeaderElection(134)) - 4b66a4eb-9baa-4818-a82d-5882a8281712: shutdown LeaderElection
2019-11-07 16:28:43,102 [4b66a4eb-9baa-4818-a82d-5882a8281712@group-F5BE525D2710-LeaderElection2] INFO  impl.RaftServerImpl (RaftServerImpl.java:setRole(173)) - 4b66a4eb-9baa-4818-a82d-5882a8281712@group-F5BE525D2710: changes role from CANDIDATE to LEADER at term 1 for changeToLeader
2019-11-07 16:28:43,102 [4b66a4eb-9baa-4818-a82d-5882a8281712@group-F5BE525D2710-LeaderElection2] INFO  impl.RaftServerImpl (ServerState.java:setLeader(255)) - 4b66a4eb-9baa-4818-a82d-5882a8281712@group-F5BE525D2710: change Leader from null to 4b66a4eb-9baa-4818-a82d-5882a8281712 at term 1 for becomeLeader, leader elected after 5073ms
2019-11-07 16:28:43,102 [4b66a4eb-9baa-4818-a82d-5882a8281712@group-F5BE525D2710-LeaderElection2] INFO  server.RaftServerConfigKeys (ConfUtils.java:logGet(43)) - raft.server.staging.catchup.gap = 1000 (default)
2019-11-07 16:28:43,103 [4b66a4eb-9baa-4818-a82d-5882a8281712@group-F5BE525D2710-LeaderElection2] INFO  server.RaftServerConfigKeys (ConfUtils.java:logGet(43)) - raft.server.rpc.sleep.time = 25ms (default)
2019-11-07 16:28:43,103 [4b66a4eb-9baa-4818-a82d-5882a8281712@group-F5BE525D2710-LeaderElection2] INFO  server.RaftServerConfigKeys (ConfUtils.java:logGet(43)) - raft.server.write.element-limit = 4096 (default)
2019-11-07 16:28:43,103 [4b66a4eb-9baa-4818-a82d-5882a8281712@group-F5BE525D2710-LeaderElection2] INFO  server.RaftServerConfigKeys (ConfUtils.java:logGet(43)) - raft.server.watch.timeout = 10s (default)
2019-11-07 16:28:43,103 [4b66a4eb-9baa-4818-a82d-5882a8281712@group-F5BE525D2710-LeaderElection2] INFO  server.RaftServerConfigKeys (ConfUtils.java:logGet(43)) - raft.server.watch.timeout.denomination = 1s (default)
2019-11-07 16:28:43,103 [4b66a4eb-9baa-4818-a82d-5882a8281712@group-F5BE525D2710-LeaderElection2] INFO  server.RaftServerConfigKeys (ConfUtils.java:logGet(43)) - raft.server.watch.element-limit = 65536 (default)
2019-11-07 16:28:43,104 [4b66a4eb-9baa-4818-a82d-5882a8281712@group-F5BE525D2710-LeaderElection2] INFO  impl.RoleInfo (RoleInfo.java:updateAndGet(143)) - 4b66a4eb-9baa-4818-a82d-5882a8281712: start LeaderState
2019-11-07 16:28:43,120 [4b66a4eb-9baa-4818-a82d-5882a8281712@group-F5BE525D2710-LeaderElection2] INFO  segmented.SegmentedRaftLogWorker (SegmentedRaftLogWorker.java:startLogSegment(385)) - 4b66a4eb-9baa-4818-a82d-5882a8281712@group-F5BE525D2710-SegmentedRaftLogWorker: Starting segment from index:0
2019-11-07 16:28:43,120 [e72837b7-fe0e-4475-9dee-4d836a3196bb@group-B5D34CBCF428-LeaderElection1] INFO  segmented.SegmentedRaftLogWorker (SegmentedRaftLogWorker.java:startLogSegment(385)) - e72837b7-fe0e-4475-9dee-4d836a3196bb@group-B5D34CBCF428-SegmentedRaftLogWorker: Starting segment from index:0
2019-11-07 16:28:43,130 [e72837b7-fe0e-4475-9dee-4d836a3196bb@group-B5D34CBCF428-LeaderElection1] INFO  impl.RaftServerImpl (ServerState.java:setRaftConf(356)) - e72837b7-fe0e-4475-9dee-4d836a3196bb@group-B5D34CBCF428: set configuration 0: [e72837b7-fe0e-4475-9dee-4d836a3196bb:192.168.69.106:43872], old=null at 0
2019-11-07 16:28:43,130 [4b66a4eb-9baa-4818-a82d-5882a8281712@group-F5BE525D2710-LeaderElection2] INFO  impl.RaftServerImpl (ServerState.java:setRaftConf(356)) - 4b66a4eb-9baa-4818-a82d-5882a8281712@group-F5BE525D2710: set configuration 0: [4b66a4eb-9baa-4818-a82d-5882a8281712:192.168.69.106:35202], old=null at 0
2019-11-07 16:28:43,170 [Thread-192] INFO  impl.FollowerState (FollowerState.java:run(111)) - faef99ea-f5b7-4431-8bda-3d2e4205e0e9@group-042F3A9F7FEC-FollowerState: change to CANDIDATE, lastRpcTime:5043ms, electionTimeout:5043ms
2019-11-07 16:28:43,171 [Thread-192] INFO  impl.RoleInfo (RoleInfo.java:shutdownFollowerState(121)) - faef99ea-f5b7-4431-8bda-3d2e4205e0e9: shutdown FollowerState
2019-11-07 16:28:43,171 [Thread-192] INFO  impl.RaftServerImpl (RaftServerImpl.java:setRole(173)) - faef99ea-f5b7-4431-8bda-3d2e4205e0e9@group-042F3A9F7FEC: changes role from  FOLLOWER to CANDIDATE at term 0 for changeToCandidate
2019-11-07 16:28:43,172 [Thread-192] INFO  impl.RoleInfo (RoleInfo.java:updateAndGet(143)) - faef99ea-f5b7-4431-8bda-3d2e4205e0e9: start LeaderElection
2019-11-07 16:28:43,192 [faef99ea-f5b7-4431-8bda-3d2e4205e0e9@group-042F3A9F7FEC-LeaderElection3] INFO  impl.LeaderElection (LeaderElection.java:askForVotes(178)) - faef99ea-f5b7-4431-8bda-3d2e4205e0e9@group-042F3A9F7FEC-LeaderElection3: begin an election at term 1 for -1: [faef99ea-f5b7-4431-8bda-3d2e4205e0e9:192.168.69.106:43568], old=null
2019-11-07 16:28:43,193 [faef99ea-f5b7-4431-8bda-3d2e4205e0e9@group-042F3A9F7FEC-LeaderElection3] INFO  impl.RoleInfo (RoleInfo.java:shutdownLeaderElection(134)) - faef99ea-f5b7-4431-8bda-3d2e4205e0e9: shutdown LeaderElection
2019-11-07 16:28:43,193 [faef99ea-f5b7-4431-8bda-3d2e4205e0e9@group-042F3A9F7FEC-LeaderElection3] INFO  impl.RaftServerImpl (RaftServerImpl.java:setRole(173)) - faef99ea-f5b7-4431-8bda-3d2e4205e0e9@group-042F3A9F7FEC: changes role from CANDIDATE to LEADER at term 1 for changeToLeader
2019-11-07 16:28:43,193 [faef99ea-f5b7-4431-8bda-3d2e4205e0e9@group-042F3A9F7FEC-LeaderElection3] INFO  impl.RaftServerImpl (ServerState.java:setLeader(255)) - faef99ea-f5b7-4431-8bda-3d2e4205e0e9@group-042F3A9F7FEC: change Leader from null to faef99ea-f5b7-4431-8bda-3d2e4205e0e9 at term 1 for becomeLeader, leader elected after 5072ms
2019-11-07 16:28:43,194 [faef99ea-f5b7-4431-8bda-3d2e4205e0e9@group-042F3A9F7FEC-LeaderElection3] INFO  server.RaftServerConfigKeys (ConfUtils.java:logGet(43)) - raft.server.staging.catchup.gap = 1000 (default)
2019-11-07 16:28:43,194 [faef99ea-f5b7-4431-8bda-3d2e4205e0e9@group-042F3A9F7FEC-LeaderElection3] INFO  server.RaftServerConfigKeys (ConfUtils.java:logGet(43)) - raft.server.rpc.sleep.time = 25ms (default)
2019-11-07 16:28:43,194 [faef99ea-f5b7-4431-8bda-3d2e4205e0e9@group-042F3A9F7FEC-LeaderElection3] INFO  server.RaftServerConfigKeys (ConfUtils.java:logGet(43)) - raft.server.write.element-limit = 4096 (default)
2019-11-07 16:28:43,194 [faef99ea-f5b7-4431-8bda-3d2e4205e0e9@group-042F3A9F7FEC-LeaderElection3] INFO  server.RaftServerConfigKeys (ConfUtils.java:logGet(43)) - raft.server.watch.timeout = 10s (default)
2019-11-07 16:28:43,194 [faef99ea-f5b7-4431-8bda-3d2e4205e0e9@group-042F3A9F7FEC-LeaderElection3] INFO  server.RaftServerConfigKeys (ConfUtils.java:logGet(43)) - raft.server.watch.timeout.denomination = 1s (default)
2019-11-07 16:28:43,194 [faef99ea-f5b7-4431-8bda-3d2e4205e0e9@group-042F3A9F7FEC-LeaderElection3] INFO  server.RaftServerConfigKeys (ConfUtils.java:logGet(43)) - raft.server.watch.element-limit = 65536 (default)
2019-11-07 16:28:43,195 [faef99ea-f5b7-4431-8bda-3d2e4205e0e9@group-042F3A9F7FEC-LeaderElection3] INFO  impl.RoleInfo (RoleInfo.java:updateAndGet(143)) - faef99ea-f5b7-4431-8bda-3d2e4205e0e9: start LeaderState
2019-11-07 16:28:43,195 [faef99ea-f5b7-4431-8bda-3d2e4205e0e9@group-042F3A9F7FEC-LeaderElection3] INFO  segmented.SegmentedRaftLogWorker (SegmentedRaftLogWorker.java:startLogSegment(385)) - faef99ea-f5b7-4431-8bda-3d2e4205e0e9@group-042F3A9F7FEC-SegmentedRaftLogWorker: Starting segment from index:0
2019-11-07 16:28:43,196 [faef99ea-f5b7-4431-8bda-3d2e4205e0e9@group-042F3A9F7FEC-LeaderElection3] INFO  impl.RaftServerImpl (ServerState.java:setRaftConf(356)) - faef99ea-f5b7-4431-8bda-3d2e4205e0e9@group-042F3A9F7FEC: set configuration 0: [faef99ea-f5b7-4431-8bda-3d2e4205e0e9:192.168.69.106:43568], old=null at 0
2019-11-07 16:28:43,306 [faef99ea-f5b7-4431-8bda-3d2e4205e0e9@group-042F3A9F7FEC-SegmentedRaftLogWorker] INFO  segmented.SegmentedRaftLogWorker (SegmentedRaftLogWorker.java:execute(576)) - faef99ea-f5b7-4431-8bda-3d2e4205e0e9@group-042F3A9F7FEC-SegmentedRaftLogWorker: created new log segment /workdir/hadoop-ozone/integration-test/target/test-dir/MiniOzoneClusterImpl-a970380e-0cc3-4fc2-b69b-bc446b1b0e33/datanode-2/data/ratis/5cf99cd2-73e3-4404-ad33-042f3a9f7fec/current/log_inprogress_0
2019-11-07 16:28:43,306 [e72837b7-fe0e-4475-9dee-4d836a3196bb@group-B5D34CBCF428-SegmentedRaftLogWorker] INFO  segmented.SegmentedRaftLogWorker (SegmentedRaftLogWorker.java:execute(576)) - e72837b7-fe0e-4475-9dee-4d836a3196bb@group-B5D34CBCF428-SegmentedRaftLogWorker: created new log segment /workdir/hadoop-ozone/integration-test/target/test-dir/MiniOzoneClusterImpl-a970380e-0cc3-4fc2-b69b-bc446b1b0e33/datanode-0/data/ratis/76086793-2dfa-4f45-bcf6-b5d34cbcf428/current/log_inprogress_0
2019-11-07 16:28:43,315 [Thread-201] INFO  impl.FollowerState (FollowerState.java:run(111)) - 4b66a4eb-9baa-4818-a82d-5882a8281712@group-693E871481E7-FollowerState: change to CANDIDATE, lastRpcTime:5061ms, electionTimeout:5060ms
2019-11-07 16:28:43,315 [Thread-201] INFO  impl.RoleInfo (RoleInfo.java:shutdownFollowerState(121)) - 4b66a4eb-9baa-4818-a82d-5882a8281712: shutdown FollowerState
2019-11-07 16:28:43,315 [Thread-201] INFO  impl.RaftServerImpl (RaftServerImpl.java:setRole(173)) - 4b66a4eb-9baa-4818-a82d-5882a8281712@group-693E871481E7: changes role from  FOLLOWER to CANDIDATE at term 0 for changeToCandidate
2019-11-07 16:28:43,316 [Thread-201] INFO  impl.RoleInfo (RoleInfo.java:updateAndGet(143)) - 4b66a4eb-9baa-4818-a82d-5882a8281712: start LeaderElection
2019-11-07 16:28:43,330 [4b66a4eb-9baa-4818-a82d-5882a8281712@group-F5BE525D2710-SegmentedRaftLogWorker] INFO  segmented.SegmentedRaftLogWorker (SegmentedRaftLogWorker.java:execute(576)) - 4b66a4eb-9baa-4818-a82d-5882a8281712@group-F5BE525D2710-SegmentedRaftLogWorker: created new log segment /workdir/hadoop-ozone/integration-test/target/test-dir/MiniOzoneClusterImpl-a970380e-0cc3-4fc2-b69b-bc446b1b0e33/datanode-1/data/ratis/f2c8f794-b8c9-4491-820f-f5be525d2710/current/log_inprogress_0
2019-11-07 16:28:43,350 [4b66a4eb-9baa-4818-a82d-5882a8281712@group-693E871481E7-LeaderElection4] INFO  impl.LeaderElection (LeaderElection.java:askForVotes(178)) - 4b66a4eb-9baa-4818-a82d-5882a8281712@group-693E871481E7-LeaderElection4: begin an election at term 1 for -1: [faef99ea-f5b7-4431-8bda-3d2e4205e0e9:192.168.69.106:43568, 4b66a4eb-9baa-4818-a82d-5882a8281712:192.168.69.106:35202, e72837b7-fe0e-4475-9dee-4d836a3196bb:192.168.69.106:43872], old=null
2019-11-07 16:28:43,370 [grpc-default-executor-1] INFO  impl.RaftServerImpl (RaftServerImpl.java:setRole(173)) - e72837b7-fe0e-4475-9dee-4d836a3196bb@group-693E871481E7: changes role from  FOLLOWER to FOLLOWER at term 1 for recognizeCandidate:4b66a4eb-9baa-4818-a82d-5882a8281712
2019-11-07 16:28:43,370 [grpc-default-executor-2] INFO  impl.RaftServerImpl (RaftServerImpl.java:setRole(173)) - faef99ea-f5b7-4431-8bda-3d2e4205e0e9@group-693E871481E7: changes role from  FOLLOWER to FOLLOWER at term 1 for recognizeCandidate:4b66a4eb-9baa-4818-a82d-5882a8281712
2019-11-07 16:28:43,371 [grpc-default-executor-1] INFO  impl.RoleInfo (RoleInfo.java:shutdownFollowerState(121)) - e72837b7-fe0e-4475-9dee-4d836a3196bb: shutdown FollowerState
2019-11-07 16:28:43,371 [grpc-default-executor-2] INFO  impl.RoleInfo (RoleInfo.java:shutdownFollowerState(121)) - faef99ea-f5b7-4431-8bda-3d2e4205e0e9: shutdown FollowerState
2019-11-07 16:28:43,371 [Thread-197] INFO  impl.FollowerState (FollowerState.java:run(120)) - e72837b7-fe0e-4475-9dee-4d836a3196bb@group-693E871481E7-FollowerState was interrupted: java.lang.InterruptedException: sleep interrupted
2019-11-07 16:28:43,371 [Thread-196] INFO  impl.FollowerState (FollowerState.java:run(120)) - faef99ea-f5b7-4431-8bda-3d2e4205e0e9@group-693E871481E7-FollowerState was interrupted: java.lang.InterruptedException: sleep interrupted
2019-11-07 16:28:43,371 [grpc-default-executor-1] INFO  impl.RoleInfo (RoleInfo.java:updateAndGet(143)) - e72837b7-fe0e-4475-9dee-4d836a3196bb: start FollowerState
2019-11-07 16:28:43,371 [grpc-default-executor-2] INFO  impl.RoleInfo (RoleInfo.java:updateAndGet(143)) - faef99ea-f5b7-4431-8bda-3d2e4205e0e9: start FollowerState
2019-11-07 16:28:43,419 [4b66a4eb-9baa-4818-a82d-5882a8281712@group-693E871481E7-LeaderElection4] INFO  impl.LeaderElection (LeaderElection.java:logAndReturn(56)) - 4b66a4eb-9baa-4818-a82d-5882a8281712@group-693E871481E7-LeaderElection4: Election PASSED; received 1 response(s) [4b66a4eb-9baa-4818-a82d-5882a8281712<-e72837b7-fe0e-4475-9dee-4d836a3196bb#0:OK-t1] and 0 exception(s); 4b66a4eb-9baa-4818-a82d-5882a8281712@group-693E871481E7:t1, leader=null, voted=4b66a4eb-9baa-4818-a82d-5882a8281712, raftlog=4b66a4eb-9baa-4818-a82d-5882a8281712@group-693E871481E7-SegmentedRaftLog:OPENED:c-1,f-1,i0, conf=-1: [faef99ea-f5b7-4431-8bda-3d2e4205e0e9:192.168.69.106:43568, 4b66a4eb-9baa-4818-a82d-5882a8281712:192.168.69.106:35202, e72837b7-fe0e-4475-9dee-4d836a3196bb:192.168.69.106:43872], old=null
2019-11-07 16:28:43,419 [4b66a4eb-9baa-4818-a82d-5882a8281712@group-693E871481E7-LeaderElection4] INFO  impl.RoleInfo (RoleInfo.java:shutdownLeaderElection(134)) - 4b66a4eb-9baa-4818-a82d-5882a8281712: shutdown LeaderElection
2019-11-07 16:28:43,422 [4b66a4eb-9baa-4818-a82d-5882a8281712@group-693E871481E7-LeaderElection4] INFO  impl.RaftServerImpl (RaftServerImpl.java:setRole(173)) - 4b66a4eb-9baa-4818-a82d-5882a8281712@group-693E871481E7: changes role from CANDIDATE to LEADER at term 1 for changeToLeader
2019-11-07 16:28:43,422 [4b66a4eb-9baa-4818-a82d-5882a8281712@group-693E871481E7-LeaderElection4] INFO  impl.RaftServerImpl (ServerState.java:setLeader(255)) - 4b66a4eb-9baa-4818-a82d-5882a8281712@group-693E871481E7: change Leader from null to 4b66a4eb-9baa-4818-a82d-5882a8281712 at term 1 for becomeLeader, leader elected after 5184ms
2019-11-07 16:28:43,422 [4b66a4eb-9baa-4818-a82d-5882a8281712@group-693E871481E7-LeaderElection4] INFO  server.RaftServerConfigKeys (ConfUtils.java:logGet(43)) - raft.server.staging.catchup.gap = 1000 (default)
2019-11-07 16:28:43,422 [4b66a4eb-9baa-4818-a82d-5882a8281712@group-693E871481E7-LeaderElection4] INFO  server.RaftServerConfigKeys (ConfUtils.java:logGet(43)) - raft.server.rpc.sleep.time = 25ms (default)
2019-11-07 16:28:43,423 [4b66a4eb-9baa-4818-a82d-5882a8281712@group-693E871481E7-LeaderElection4] INFO  server.RaftServerConfigKeys (ConfUtils.java:logGet(43)) - raft.server.write.element-limit = 4096 (default)
2019-11-07 16:28:43,423 [4b66a4eb-9baa-4818-a82d-5882a8281712@group-693E871481E7-LeaderElection4] INFO  server.RaftServerConfigKeys (ConfUtils.java:logGet(43)) - raft.server.watch.timeout = 10s (default)
2019-11-07 16:28:43,423 [4b66a4eb-9baa-4818-a82d-5882a8281712@group-693E871481E7-LeaderElection4] INFO  server.RaftServerConfigKeys (ConfUtils.java:logGet(43)) - raft.server.watch.timeout.denomination = 1s (default)
2019-11-07 16:28:43,423 [4b66a4eb-9baa-4818-a82d-5882a8281712@group-693E871481E7-LeaderElection4] INFO  server.RaftServerConfigKeys (ConfUtils.java:logGet(43)) - raft.server.watch.element-limit = 65536 (default)
2019-11-07 16:28:43,428 [4b66a4eb-9baa-4818-a82d-5882a8281712@group-693E871481E7-LeaderElection4] INFO  server.RaftServerConfigKeys (ConfUtils.java:logGet(43)) - raft.server.log.appender.snapshot.chunk.size.max = 16MB (=16777216) (default)
2019-11-07 16:28:43,428 [4b66a4eb-9baa-4818-a82d-5882a8281712@group-693E871481E7-LeaderElection4] INFO  server.RaftServerConfigKeys (ConfUtils.java:logGet(43)) - raft.server.log.appender.buffer.byte-limit = 33554432 (custom)
2019-11-07 16:28:43,428 [4b66a4eb-9baa-4818-a82d-5882a8281712@group-693E871481E7-LeaderElection4] INFO  server.RaftServerConfigKeys (ConfUtils.java:logGet(43)) - raft.server.log.appender.buffer.element-limit = 1 (custom)
2019-11-07 16:28:43,431 [4b66a4eb-9baa-4818-a82d-5882a8281712@group-693E871481E7-LeaderElection4] INFO  grpc.GrpcConfigKeys$Server (ConfUtils.java:logGet(43)) - raft.grpc.server.leader.outstanding.appends.max = 128 (default)
2019-11-07 16:28:43,431 [4b66a4eb-9baa-4818-a82d-5882a8281712@group-693E871481E7-LeaderElection4] INFO  server.RaftServerConfigKeys (ConfUtils.java:logGet(43)) - raft.server.rpc.request.timeout = 3000ms (default)
2019-11-07 16:28:43,431 [4b66a4eb-9baa-4818-a82d-5882a8281712@group-693E871481E7-LeaderElection4] INFO  server.RaftServerConfigKeys (ConfUtils.java:logGet(43)) - raft.server.log.appender.install.snapshot.enabled = false (custom)
2019-11-07 16:28:43,432 [4b66a4eb-9baa-4818-a82d-5882a8281712@group-693E871481E7-LeaderElection4] WARN  impl.MetricRegistriesImpl (MetricRegistriesImpl.java:lambda$create$1(61)) - First MetricRegistry has been created without registering reporters. You may need to call MetricRegistries.global().addReportRegistration(...) before.
2019-11-07 16:28:43,433 [4b66a4eb-9baa-4818-a82d-5882a8281712@group-693E871481E7-LeaderElection4] INFO  server.RaftServerConfigKeys (ConfUtils.java:logGet(43)) - raft.server.log.appender.snapshot.chunk.size.max = 16MB (=16777216) (default)
2019-11-07 16:28:43,433 [4b66a4eb-9baa-4818-a82d-5882a8281712@group-693E871481E7-LeaderElection4] INFO  server.RaftServerConfigKeys (ConfUtils.java:logGet(43)) - raft.server.log.appender.buffer.byte-limit = 33554432 (custom)
2019-11-07 16:28:43,434 [4b66a4eb-9baa-4818-a82d-5882a8281712@group-693E871481E7-LeaderElection4] INFO  server.RaftServerConfigKeys (ConfUtils.java:logGet(43)) - raft.server.log.appender.buffer.element-limit = 1 (custom)
2019-11-07 16:28:43,434 [4b66a4eb-9baa-4818-a82d-5882a8281712@group-693E871481E7-LeaderElection4] INFO  grpc.GrpcConfigKeys$Server (ConfUtils.java:logGet(43)) - raft.grpc.server.leader.outstanding.appends.max = 128 (default)
2019-11-07 16:28:43,434 [4b66a4eb-9baa-4818-a82d-5882a8281712@group-693E871481E7-LeaderElection4] INFO  server.RaftServerConfigKeys (ConfUtils.java:logGet(43)) - raft.server.rpc.request.timeout = 3000ms (default)
2019-11-07 16:28:43,434 [4b66a4eb-9baa-4818-a82d-5882a8281712@group-693E871481E7-LeaderElection4] INFO  server.RaftServerConfigKeys (ConfUtils.java:logGet(43)) - raft.server.log.appender.install.snapshot.enabled = false (custom)
2019-11-07 16:28:43,435 [4b66a4eb-9baa-4818-a82d-5882a8281712@group-693E871481E7-LeaderElection4] INFO  impl.RoleInfo (RoleInfo.java:updateAndGet(143)) - 4b66a4eb-9baa-4818-a82d-5882a8281712: start LeaderState
2019-11-07 16:28:43,435 [4b66a4eb-9baa-4818-a82d-5882a8281712@group-693E871481E7-LeaderElection4] INFO  segmented.SegmentedRaftLogWorker (SegmentedRaftLogWorker.java:startLogSegment(385)) - 4b66a4eb-9baa-4818-a82d-5882a8281712@group-693E871481E7-SegmentedRaftLogWorker: Starting segment from index:0
2019-11-07 16:28:43,436 [4b66a4eb-9baa-4818-a82d-5882a8281712@group-693E871481E7-LeaderElection4] INFO  impl.RaftServerImpl (ServerState.java:setRaftConf(356)) - 4b66a4eb-9baa-4818-a82d-5882a8281712@group-693E871481E7: set configuration 0: [faef99ea-f5b7-4431-8bda-3d2e4205e0e9:192.168.69.106:43568, 4b66a4eb-9baa-4818-a82d-5882a8281712:192.168.69.106:35202, e72837b7-fe0e-4475-9dee-4d836a3196bb:192.168.69.106:43872], old=null at 0
2019-11-07 16:28:43,491 [4b66a4eb-9baa-4818-a82d-5882a8281712@group-693E871481E7-SegmentedRaftLogWorker] INFO  segmented.SegmentedRaftLogWorker (SegmentedRaftLogWorker.java:execute(576)) - 4b66a4eb-9baa-4818-a82d-5882a8281712@group-693E871481E7-SegmentedRaftLogWorker: created new log segment /workdir/hadoop-ozone/integration-test/target/test-dir/MiniOzoneClusterImpl-a970380e-0cc3-4fc2-b69b-bc446b1b0e33/datanode-1/data/ratis/8b73d13d-1cd3-4e44-b4fa-693e871481e7/current/log_inprogress_0
2019-11-07 16:28:43,501 [grpc-default-executor-1] INFO  impl.RaftServerImpl (ServerState.java:setLeader(255)) - e72837b7-fe0e-4475-9dee-4d836a3196bb@group-693E871481E7: change Leader from null to 4b66a4eb-9baa-4818-a82d-5882a8281712 at term 1 for appendEntries, leader elected after 5263ms
2019-11-07 16:28:43,501 [grpc-default-executor-0] INFO  impl.RaftServerImpl (ServerState.java:setLeader(255)) - faef99ea-f5b7-4431-8bda-3d2e4205e0e9@group-693E871481E7: change Leader from null to 4b66a4eb-9baa-4818-a82d-5882a8281712 at term 1 for appendEntries, leader elected after 5263ms
2019-11-07 16:28:43,523 [grpc-default-executor-1] INFO  impl.RaftServerImpl (ServerState.java:setRaftConf(356)) - e72837b7-fe0e-4475-9dee-4d836a3196bb@group-693E871481E7: set configuration 0: [faef99ea-f5b7-4431-8bda-3d2e4205e0e9:192.168.69.106:43568, 4b66a4eb-9baa-4818-a82d-5882a8281712:192.168.69.106:35202, e72837b7-fe0e-4475-9dee-4d836a3196bb:192.168.69.106:43872], old=null at 0
2019-11-07 16:28:43,523 [grpc-default-executor-0] INFO  impl.RaftServerImpl (ServerState.java:setRaftConf(356)) - faef99ea-f5b7-4431-8bda-3d2e4205e0e9@group-693E871481E7: set configuration 0: [faef99ea-f5b7-4431-8bda-3d2e4205e0e9:192.168.69.106:43568, 4b66a4eb-9baa-4818-a82d-5882a8281712:192.168.69.106:35202, e72837b7-fe0e-4475-9dee-4d836a3196bb:192.168.69.106:43872], old=null at 0
2019-11-07 16:28:43,524 [grpc-default-executor-1] INFO  segmented.SegmentedRaftLogWorker (SegmentedRaftLogWorker.java:startLogSegment(385)) - e72837b7-fe0e-4475-9dee-4d836a3196bb@group-693E871481E7-SegmentedRaftLogWorker: Starting segment from index:0
2019-11-07 16:28:43,524 [grpc-default-executor-0] INFO  segmented.SegmentedRaftLogWorker (SegmentedRaftLogWorker.java:startLogSegment(385)) - faef99ea-f5b7-4431-8bda-3d2e4205e0e9@group-693E871481E7-SegmentedRaftLogWorker: Starting segment from index:0
2019-11-07 16:28:43,565 [faef99ea-f5b7-4431-8bda-3d2e4205e0e9@group-693E871481E7-SegmentedRaftLogWorker] INFO  segmented.SegmentedRaftLogWorker (SegmentedRaftLogWorker.java:execute(576)) - faef99ea-f5b7-4431-8bda-3d2e4205e0e9@group-693E871481E7-SegmentedRaftLogWorker: created new log segment /workdir/hadoop-ozone/integration-test/target/test-dir/MiniOzoneClusterImpl-a970380e-0cc3-4fc2-b69b-bc446b1b0e33/datanode-2/data/ratis/8b73d13d-1cd3-4e44-b4fa-693e871481e7/current/log_inprogress_0
2019-11-07 16:28:43,565 [e72837b7-fe0e-4475-9dee-4d836a3196bb@group-693E871481E7-SegmentedRaftLogWorker] INFO  segmented.SegmentedRaftLogWorker (SegmentedRaftLogWorker.java:execute(576)) - e72837b7-fe0e-4475-9dee-4d836a3196bb@group-693E871481E7-SegmentedRaftLogWorker: created new log segment /workdir/hadoop-ozone/integration-test/target/test-dir/MiniOzoneClusterImpl-a970380e-0cc3-4fc2-b69b-bc446b1b0e33/datanode-0/data/ratis/8b73d13d-1cd3-4e44-b4fa-693e871481e7/current/log_inprogress_0
2019-11-07 16:28:44,086 [Datanode State Machine Thread - 0] INFO  statemachine.DatanodeStateMachine (DatanodeStateMachine.java:lambda$startDaemon$0(350)) - Ozone container server started.
2019-11-07 16:28:49,007 [main] INFO  ozoneimpl.OzoneContainer (OzoneContainer.java:stop(227)) - Attempting to stop container services.
2019-11-07 16:28:49,009 [main] INFO  impl.RaftServerProxy (RaftServerProxy.java:lambda$close$4(314)) - faef99ea-f5b7-4431-8bda-3d2e4205e0e9: close
2019-11-07 16:28:49,010 [main] INFO  impl.RaftServerImpl (RaftServerImpl.java:lambda$shutdown$3(250)) - faef99ea-f5b7-4431-8bda-3d2e4205e0e9@group-042F3A9F7FEC: shutdown
2019-11-07 16:28:49,010 [ForkJoinPool.commonPool-worker-1] INFO  impl.RaftServerImpl (RaftServerImpl.java:lambda$shutdown$3(250)) - faef99ea-f5b7-4431-8bda-3d2e4205e0e9@group-693E871481E7: shutdown
2019-11-07 16:28:49,011 [main] INFO  util.JmxRegister (JmxRegister.java:unregister(73)) - Successfully un-registered JMX Bean with object name Ratis:service=RaftServer,group=group-042F3A9F7FEC,id=faef99ea-f5b7-4431-8bda-3d2e4205e0e9
2019-11-07 16:28:49,011 [ForkJoinPool.commonPool-worker-1] INFO  util.JmxRegister (JmxRegister.java:unregister(73)) - Successfully un-registered JMX Bean with object name Ratis:service=RaftServer,group=group-693E871481E7,id=faef99ea-f5b7-4431-8bda-3d2e4205e0e9
2019-11-07 16:28:49,011 [main] INFO  impl.RoleInfo (RoleInfo.java:shutdownLeaderState(104)) - faef99ea-f5b7-4431-8bda-3d2e4205e0e9: shutdown LeaderState
2019-11-07 16:28:49,012 [ForkJoinPool.commonPool-worker-1] INFO  impl.RoleInfo (RoleInfo.java:shutdownFollowerState(121)) - faef99ea-f5b7-4431-8bda-3d2e4205e0e9: shutdown FollowerState
2019-11-07 16:28:49,012 [ForkJoinPool.commonPool-worker-1] INFO  impl.StateMachineUpdater (StateMachineUpdater.java:stopAndJoin(136)) - faef99ea-f5b7-4431-8bda-3d2e4205e0e9@group-693E871481E7-StateMachineUpdater: set stopIndex = 4
2019-11-07 16:28:49,012 [Thread-241] INFO  impl.FollowerState (FollowerState.java:run(120)) - faef99ea-f5b7-4431-8bda-3d2e4205e0e9@group-693E871481E7-FollowerState was interrupted: java.lang.InterruptedException: sleep interrupted
2019-11-07 16:28:49,012 [main] INFO  impl.PendingRequests (PendingRequests.java:sendNotLeaderResponses(206)) - faef99ea-f5b7-4431-8bda-3d2e4205e0e9@group-042F3A9F7FEC-PendingRequests: sendNotLeaderResponses
2019-11-07 16:28:49,012 [faef99ea-f5b7-4431-8bda-3d2e4205e0e9@group-693E871481E7-StateMachineUpdater] INFO  ratis.ContainerStateMachine (ContainerStateMachine.java:takeSnapshot(294)) - group-693E871481E7: Taking a snapshot at:(t:1, i:3) file /workdir/hadoop-ozone/integration-test/target/test-dir/MiniOzoneClusterImpl-a970380e-0cc3-4fc2-b69b-bc446b1b0e33/datanode-2/data/ratis/8b73d13d-1cd3-4e44-b4fa-693e871481e7/sm/snapshot.1_3
2019-11-07 16:28:49,017 [main] INFO  impl.StateMachineUpdater (StateMachineUpdater.java:stopAndJoin(136)) - faef99ea-f5b7-4431-8bda-3d2e4205e0e9@group-042F3A9F7FEC-StateMachineUpdater: set stopIndex = 0
2019-11-07 16:28:49,019 [main] INFO  impl.RaftServerImpl (ServerState.java:close(387)) - faef99ea-f5b7-4431-8bda-3d2e4205e0e9@group-042F3A9F7FEC: closes. applyIndex: 0
2019-11-07 16:28:49,021 [faef99ea-f5b7-4431-8bda-3d2e4205e0e9@group-042F3A9F7FEC-SegmentedRaftLogWorker] INFO  segmented.SegmentedRaftLogWorker (SegmentedRaftLogWorker.java:run(316)) - faef99ea-f5b7-4431-8bda-3d2e4205e0e9@group-042F3A9F7FEC-SegmentedRaftLogWorker was interrupted, exiting. There are 0 tasks remaining in the queue.
2019-11-07 16:28:49,023 [main] INFO  segmented.SegmentedRaftLogWorker (SegmentedRaftLogWorker.java:close(224)) - faef99ea-f5b7-4431-8bda-3d2e4205e0e9@group-042F3A9F7FEC-SegmentedRaftLogWorker close()
2019-11-07 16:28:49,144 [faef99ea-f5b7-4431-8bda-3d2e4205e0e9@group-693E871481E7-StateMachineUpdater] INFO  ratis.ContainerStateMachine (ContainerStateMachine.java:takeSnapshot(305)) - group-693E871481E7: Finished taking a snapshot at:(t:1, i:3) file:/workdir/hadoop-ozone/integration-test/target/test-dir/MiniOzoneClusterImpl-a970380e-0cc3-4fc2-b69b-bc446b1b0e33/datanode-2/data/ratis/8b73d13d-1cd3-4e44-b4fa-693e871481e7/sm/snapshot.1_3 time:131
2019-11-07 16:28:49,146 [faef99ea-f5b7-4431-8bda-3d2e4205e0e9@group-693E871481E7-StateMachineUpdater] INFO  impl.StateMachineUpdater (StateMachineUpdater.java:takeSnapshot(269)) - faef99ea-f5b7-4431-8bda-3d2e4205e0e9@group-693E871481E7-StateMachineUpdater: Took a snapshot at index 3
2019-11-07 16:28:49,146 [faef99ea-f5b7-4431-8bda-3d2e4205e0e9@group-693E871481E7-StateMachineUpdater] INFO  impl.StateMachineUpdater (StateMachineUpdater.java:lambda$new$0(84)) - faef99ea-f5b7-4431-8bda-3d2e4205e0e9@group-693E871481E7-StateMachineUpdater: snapshotIndex: updateIncreasingly -1 -> 3
2019-11-07 16:28:49,151 [faef99ea-f5b7-4431-8bda-3d2e4205e0e9@group-693E871481E7-StateMachineUpdater] INFO  ratis.ContainerStateMachine (ContainerStateMachine.java:takeSnapshot(294)) - group-693E871481E7: Taking a snapshot at:(t:1, i:3) file /workdir/hadoop-ozone/integration-test/target/test-dir/MiniOzoneClusterImpl-a970380e-0cc3-4fc2-b69b-bc446b1b0e33/datanode-2/data/ratis/8b73d13d-1cd3-4e44-b4fa-693e871481e7/sm/snapshot.1_3
2019-11-07 16:28:49,176 [faef99ea-f5b7-4431-8bda-3d2e4205e0e9@group-693E871481E7-StateMachineUpdater] INFO  ratis.ContainerStateMachine (ContainerStateMachine.java:takeSnapshot(305)) - group-693E871481E7: Finished taking a snapshot at:(t:1, i:3) file:/workdir/hadoop-ozone/integration-test/target/test-dir/MiniOzoneClusterImpl-a970380e-0cc3-4fc2-b69b-bc446b1b0e33/datanode-2/data/ratis/8b73d13d-1cd3-4e44-b4fa-693e871481e7/sm/snapshot.1_3 time:25
2019-11-07 16:28:49,176 [faef99ea-f5b7-4431-8bda-3d2e4205e0e9@group-693E871481E7-StateMachineUpdater] INFO  impl.StateMachineUpdater (StateMachineUpdater.java:takeSnapshot(269)) - faef99ea-f5b7-4431-8bda-3d2e4205e0e9@group-693E871481E7-StateMachineUpdater: Took a snapshot at index 3
2019-11-07 16:28:49,176 [faef99ea-f5b7-4431-8bda-3d2e4205e0e9@group-693E871481E7-StateMachineUpdater] INFO  impl.StateMachineUpdater (StateMachineUpdater.java:lambda$new$0(84)) - faef99ea-f5b7-4431-8bda-3d2e4205e0e9@group-693E871481E7-StateMachineUpdater: snapshotIndex: updateIncreasingly 3 -> 3
2019-11-07 16:28:49,176 [ForkJoinPool.commonPool-worker-1] INFO  impl.RaftServerImpl (ServerState.java:close(387)) - faef99ea-f5b7-4431-8bda-3d2e4205e0e9@group-693E871481E7: closes. applyIndex: 4
2019-11-07 16:28:49,177 [faef99ea-f5b7-4431-8bda-3d2e4205e0e9@group-693E871481E7-SegmentedRaftLogWorker] INFO  segmented.SegmentedRaftLogWorker (SegmentedRaftLogWorker.java:run(316)) - faef99ea-f5b7-4431-8bda-3d2e4205e0e9@group-693E871481E7-SegmentedRaftLogWorker was interrupted, exiting. There are 0 tasks remaining in the queue.
2019-11-07 16:28:49,179 [ForkJoinPool.commonPool-worker-1] INFO  segmented.SegmentedRaftLogWorker (SegmentedRaftLogWorker.java:close(224)) - faef99ea-f5b7-4431-8bda-3d2e4205e0e9@group-693E871481E7-SegmentedRaftLogWorker close()
2019-11-07 16:28:49,182 [main] INFO  server.GrpcService (GrpcService.java:closeImpl(164)) - faef99ea-f5b7-4431-8bda-3d2e4205e0e9: shutdown server with port 43568 now
2019-11-07 16:28:49,189 [grpc-default-executor-2] WARN  server.GrpcServerProtocolService (LogUtils.java:warn(134)) - faef99ea-f5b7-4431-8bda-3d2e4205e0e9: installSnapshot onError, lastRequest: 4b66a4eb-9baa-4818-a82d-5882a8281712->faef99ea-f5b7-4431-8bda-3d2e4205e0e9#7-t1, previous=(t:1, i:4), leaderCommit=4, initializing? false, entries: <empty>: org.apache.ratis.thirdparty.io.grpc.StatusRuntimeException: CANCELLED: cancelled before receiving half close
2019-11-07 16:28:49,190 [main] INFO  server.GrpcService (GrpcService.java:closeImpl(172)) - faef99ea-f5b7-4431-8bda-3d2e4205e0e9: shutdown server with port 43568 successfully
2019-11-07 16:28:49,193 [grpc-default-executor-1] WARN  server.GrpcLogAppender (LogUtils.java:warn(134)) - 4b66a4eb-9baa-4818-a82d-5882a8281712@group-693E871481E7->faef99ea-f5b7-4431-8bda-3d2e4205e0e9-AppendLogResponseHandler: Failed appendEntries: org.apache.ratis.thirdparty.io.grpc.StatusRuntimeException: CANCELLED: HTTP/2 error code: CANCEL
Received Rst Stream
2019-11-07 16:28:49,195 [refreshUsed-/workdir/hadoop-ozone/integration-test/target/test-dir/MiniOzoneClusterImpl-a970380e-0cc3-4fc2-b69b-bc446b1b0e33/datanode-2/data/containers] WARN  fs.CachingGetSpaceUsed (CachingGetSpaceUsed.java:run(183)) - Thread Interrupted waiting to refresh disk information: sleep interrupted
2019-11-07 16:28:49,218 [main] INFO  utils.BackgroundService (BackgroundService.java:shutdown(151)) - Shutting down service BlockDeletingService
2019-11-07 16:28:49,222 [main] INFO  statemachine.DatanodeStateMachine (DatanodeStateMachine.java:stopDaemon(395)) - Ozone container server stopped.
2019-11-07 16:28:49,226 [main] INFO  handler.ContextHandler (ContextHandler.java:doStop(910)) - Stopped o.e.j.w.WebAppContext@56a4f272{/,null,UNAVAILABLE}{/hddsDatanode}
2019-11-07 16:28:49,232 [main] INFO  server.AbstractConnector (AbstractConnector.java:doStop(318)) - Stopped ServerConnector@3ee0b4f7{HTTP/1.1,[http/1.1]}{0.0.0.0:0}
2019-11-07 16:28:49,232 [main] INFO  handler.ContextHandler (ContextHandler.java:doStop(910)) - Stopped o.e.j.s.ServletContextHandler@e57e5d6{/static,jar:file:/home/user/.m2/repository/org/apache/hadoop/hadoop-hdds-container-service/0.5.0-SNAPSHOT/hadoop-hdds-container-service-0.5.0-SNAPSHOT.jar!/webapps/static,UNAVAILABLE}
2019-11-07 16:28:49,233 [main] INFO  handler.ContextHandler (ContextHandler.java:doStop(910)) - Stopped o.e.j.s.ServletContextHandler@22a6e998{/logs,file:///workdir/hadoop-ozone/integration-test/target/log,UNAVAILABLE}
2019-11-07 16:28:52,240 [java.util.concurrent.ThreadPoolExecutor$Worker@623112c8[State = -1, empty queue]] WARN  server.GrpcLogAppender (GrpcLogAppender.java:timeoutAppendRequest(209)) - 4b66a4eb-9baa-4818-a82d-5882a8281712@group-693E871481E7->faef99ea-f5b7-4431-8bda-3d2e4205e0e9-GrpcLogAppender: appendEntries Timeout, request=4b66a4eb-9baa-4818-a82d-5882a8281712->faef99ea-f5b7-4431-8bda-3d2e4205e0e9#8-t1, previous=(t:1, i:4), leaderCommit=4, initializing? false, entries: size=1, first=(t:1, i:5), STATEMACHINELOGENTRY, client-11F5E2EF3273, cid=8
2019-11-07 16:28:52,241 [java.util.concurrent.ThreadPoolExecutor$Worker@623112c8[State = -1, empty queue]] WARN  server.GrpcLogAppender (GrpcLogAppender.java:timeoutAppendRequest(209)) - 4b66a4eb-9baa-4818-a82d-5882a8281712@group-693E871481E7->faef99ea-f5b7-4431-8bda-3d2e4205e0e9-GrpcLogAppender: appendEntries Timeout, request=4b66a4eb-9baa-4818-a82d-5882a8281712->faef99ea-f5b7-4431-8bda-3d2e4205e0e9#9-t1, previous=(t:1, i:5), leaderCommit=4, initializing? false, entries: size=1, first=(t:1, i:6), STATEMACHINELOGENTRY, client-11F5E2EF3273, cid=9
2019-11-07 16:28:52,247 [java.util.concurrent.ThreadPoolExecutor$Worker@623112c8[State = -1, empty queue]] WARN  server.GrpcLogAppender (GrpcLogAppender.java:timeoutAppendRequest(209)) - 4b66a4eb-9baa-4818-a82d-5882a8281712@group-693E871481E7->faef99ea-f5b7-4431-8bda-3d2e4205e0e9-GrpcLogAppender: appendEntries Timeout, request=4b66a4eb-9baa-4818-a82d-5882a8281712->faef99ea-f5b7-4431-8bda-3d2e4205e0e9#10-t1, previous=(t:1, i:6), leaderCommit=6, initializing? false, entries: size=1, first=(t:1, i:7), METADATAENTRY(c5)
2019-11-07 16:28:52,247 [java.util.concurrent.ThreadPoolExecutor$Worker@623112c8[State = -1, empty queue]] WARN  server.GrpcLogAppender (GrpcLogAppender.java:timeoutAppendRequest(209)) - 4b66a4eb-9baa-4818-a82d-5882a8281712@group-693E871481E7->faef99ea-f5b7-4431-8bda-3d2e4205e0e9-GrpcLogAppender: appendEntries Timeout, request=4b66a4eb-9baa-4818-a82d-5882a8281712->faef99ea-f5b7-4431-8bda-3d2e4205e0e9#11-t1, previous=(t:1, i:7), leaderCommit=6, initializing? false, entries: size=1, first=(t:1, i:8), METADATAENTRY(c6)
2019-11-07 16:28:54,749 [java.util.concurrent.ThreadPoolExecutor$Worker@623112c8[State = -1, empty queue]] WARN  server.GrpcLogAppender (GrpcLogAppender.java:timeoutAppendRequest(209)) - 4b66a4eb-9baa-4818-a82d-5882a8281712@group-693E871481E7->faef99ea-f5b7-4431-8bda-3d2e4205e0e9-GrpcLogAppender: appendEntries Timeout, request=4b66a4eb-9baa-4818-a82d-5882a8281712->faef99ea-f5b7-4431-8bda-3d2e4205e0e9#12-t1, previous=(t:1, i:8), leaderCommit=8, initializing? false, entries: <empty>
2019-11-07 16:28:57,250 [java.util.concurrent.ThreadPoolExecutor$Worker@623112c8[State = -1, empty queue]] WARN  server.GrpcLogAppender (GrpcLogAppender.java:timeoutAppendRequest(209)) - 4b66a4eb-9baa-4818-a82d-5882a8281712@group-693E871481E7->faef99ea-f5b7-4431-8bda-3d2e4205e0e9-GrpcLogAppender: appendEntries Timeout, request=4b66a4eb-9baa-4818-a82d-5882a8281712->faef99ea-f5b7-4431-8bda-3d2e4205e0e9#13-t1, previous=(t:1, i:8), leaderCommit=8, initializing? false, entries: <empty>
2019-11-07 16:28:58,282 [Thread-287] INFO  client.GrpcClientProtocolService (GrpcClientProtocolService.java:lambda$processClientRequest$0(279)) - Failed RaftClientRequest:client-11F5E2EF3273->e72837b7-fe0e-4475-9dee-4d836a3196bb@group-693E871481E7, cid=10, seq=0, Watch-ALL_COMMITTED(6), Message:<EMPTY>, reply=RaftClientReply:client-11F5E2EF3273->e72837b7-fe0e-4475-9dee-4d836a3196bb@group-693E871481E7, cid=10, FAILED org.apache.ratis.protocol.NotLeaderException: Server e72837b7-fe0e-4475-9dee-4d836a3196bb@group-693E871481E7 is not the leader 4b66a4eb-9baa-4818-a82d-5882a8281712:192.168.69.106:35202, logIndex=0, commits[e72837b7-fe0e-4475-9dee-4d836a3196bb:c8, faef99ea-f5b7-4431-8bda-3d2e4205e0e9:c4, 4b66a4eb-9baa-4818-a82d-5882a8281712:c8]
2019-11-07 16:28:59,751 [java.util.concurrent.ThreadPoolExecutor$Worker@623112c8[State = -1, empty queue]] WARN  server.GrpcLogAppender (GrpcLogAppender.java:timeoutAppendRequest(209)) - 4b66a4eb-9baa-4818-a82d-5882a8281712@group-693E871481E7->faef99ea-f5b7-4431-8bda-3d2e4205e0e9-GrpcLogAppender: appendEntries Timeout, request=4b66a4eb-9baa-4818-a82d-5882a8281712->faef99ea-f5b7-4431-8bda-3d2e4205e0e9#14-t1, previous=(t:1, i:8), leaderCommit=8, initializing? false, entries: <empty>
2019-11-07 16:28:59,889 [Thread-291] INFO  client.GrpcClientProtocolService (GrpcClientProtocolService.java:lambda$processClientRequest$0(279)) - Failed RaftClientRequest:client-11F5E2EF3273->4b66a4eb-9baa-4818-a82d-5882a8281712@group-693E871481E7, cid=10, seq=0, Watch-ALL_COMMITTED(6), Message:<EMPTY>, reply=RaftClientReply:client-11F5E2EF3273->4b66a4eb-9baa-4818-a82d-5882a8281712@group-693E871481E7, cid=10, FAILED org.apache.ratis.protocol.NotReplicatedException: Request with call Id 10 and log index 6 is not yet replicated to ALL_COMMITTED, logIndex=6, commits[4b66a4eb-9baa-4818-a82d-5882a8281712:c8, faef99ea-f5b7-4431-8bda-3d2e4205e0e9:c4, e72837b7-fe0e-4475-9dee-4d836a3196bb:c8]
2019-11-07 16:29:02,252 [java.util.concurrent.ThreadPoolExecutor$Worker@623112c8[State = -1, empty queue]] WARN  server.GrpcLogAppender (GrpcLogAppender.java:timeoutAppendRequest(209)) - 4b66a4eb-9baa-4818-a82d-5882a8281712@group-693E871481E7->faef99ea-f5b7-4431-8bda-3d2e4205e0e9-GrpcLogAppender: appendEntries Timeout, request=4b66a4eb-9baa-4818-a82d-5882a8281712->faef99ea-f5b7-4431-8bda-3d2e4205e0e9#15-t1, previous=(t:1, i:8), leaderCommit=8, initializing? false, entries: <empty>
2019-11-07 16:29:04,753 [java.util.concurrent.ThreadPoolExecutor$Worker@623112c8[State = -1, empty queue]] WARN  server.GrpcLogAppender (GrpcLogAppender.java:timeoutAppendRequest(209)) - 4b66a4eb-9baa-4818-a82d-5882a8281712@group-693E871481E7->faef99ea-f5b7-4431-8bda-3d2e4205e0e9-GrpcLogAppender: appendEntries Timeout, request=4b66a4eb-9baa-4818-a82d-5882a8281712->faef99ea-f5b7-4431-8bda-3d2e4205e0e9#16-t1, previous=(t:1, i:8), leaderCommit=8, initializing? false, entries: <empty>
2019-11-07 16:29:07,254 [java.util.concurrent.ThreadPoolExecutor$Worker@623112c8[State = -1, empty queue]] WARN  server.GrpcLogAppender (GrpcLogAppender.java:timeoutAppendRequest(209)) - 4b66a4eb-9baa-4818-a82d-5882a8281712@group-693E871481E7->faef99ea-f5b7-4431-8bda-3d2e4205e0e9-GrpcLogAppender: appendEntries Timeout, request=4b66a4eb-9baa-4818-a82d-5882a8281712->faef99ea-f5b7-4431-8bda-3d2e4205e0e9#17-t1, previous=(t:1, i:8), leaderCommit=8, initializing? false, entries: <empty>
2019-11-07 16:29:07,310 [Thread-297] INFO  client.GrpcClientProtocolService (GrpcClientProtocolService.java:lambda$processClientRequest$0(279)) - Failed RaftClientRequest:client-11F5E2EF3273->e72837b7-fe0e-4475-9dee-4d836a3196bb@group-693E871481E7, cid=10, seq=0, Watch-ALL_COMMITTED(6), Message:<EMPTY>, reply=RaftClientReply:client-11F5E2EF3273->e72837b7-fe0e-4475-9dee-4d836a3196bb@group-693E871481E7, cid=10, FAILED org.apache.ratis.protocol.NotLeaderException: Server e72837b7-fe0e-4475-9dee-4d836a3196bb@group-693E871481E7 is not the leader 4b66a4eb-9baa-4818-a82d-5882a8281712:192.168.69.106:35202, logIndex=0, commits[e72837b7-fe0e-4475-9dee-4d836a3196bb:c8, faef99ea-f5b7-4431-8bda-3d2e4205e0e9:c4, 4b66a4eb-9baa-4818-a82d-5882a8281712:c8]
2019-11-07 16:29:08,885 [Thread-300] INFO  client.GrpcClientProtocolService (GrpcClientProtocolService.java:lambda$processClientRequest$0(279)) - Failed RaftClientRequest:client-11F5E2EF3273->4b66a4eb-9baa-4818-a82d-5882a8281712@group-693E871481E7, cid=10, seq=0, Watch-ALL_COMMITTED(6), Message:<EMPTY>, reply=RaftClientReply:client-11F5E2EF3273->4b66a4eb-9baa-4818-a82d-5882a8281712@group-693E871481E7, cid=10, FAILED org.apache.ratis.protocol.NotReplicatedException: Request with call Id 10 and log index 6 is not yet replicated to ALL_COMMITTED, logIndex=6, commits[4b66a4eb-9baa-4818-a82d-5882a8281712:c8, faef99ea-f5b7-4431-8bda-3d2e4205e0e9:c4, e72837b7-fe0e-4475-9dee-4d836a3196bb:c8]
2019-11-07 16:29:09,759 [java.util.concurrent.ThreadPoolExecutor$Worker@623112c8[State = -1, empty queue]] WARN  server.GrpcLogAppender (GrpcLogAppender.java:timeoutAppendRequest(209)) - 4b66a4eb-9baa-4818-a82d-5882a8281712@group-693E871481E7->faef99ea-f5b7-4431-8bda-3d2e4205e0e9-GrpcLogAppender: appendEntries Timeout, request=4b66a4eb-9baa-4818-a82d-5882a8281712->faef99ea-f5b7-4431-8bda-3d2e4205e0e9#18-t1, previous=(t:1, i:8), leaderCommit=8, initializing? false, entries: <empty>
2019-11-07 16:29:12,260 [java.util.concurrent.ThreadPoolExecutor$Worker@623112c8[State = -1, empty queue]] WARN  server.GrpcLogAppender (GrpcLogAppender.java:timeoutAppendRequest(209)) - 4b66a4eb-9baa-4818-a82d-5882a8281712@group-693E871481E7->faef99ea-f5b7-4431-8bda-3d2e4205e0e9-GrpcLogAppender: appendEntries Timeout, request=4b66a4eb-9baa-4818-a82d-5882a8281712->faef99ea-f5b7-4431-8bda-3d2e4205e0e9#19-t1, previous=(t:1, i:8), leaderCommit=8, initializing? false, entries: <empty>
2019-11-07 16:29:14,762 [java.util.concurrent.ThreadPoolExecutor$Worker@623112c8[State = -1, empty queue]] WARN  server.GrpcLogAppender (GrpcLogAppender.java:timeoutAppendRequest(209)) - 4b66a4eb-9baa-4818-a82d-5882a8281712@group-693E871481E7->faef99ea-f5b7-4431-8bda-3d2e4205e0e9-GrpcLogAppender: appendEntries Timeout, request=4b66a4eb-9baa-4818-a82d-5882a8281712->faef99ea-f5b7-4431-8bda-3d2e4205e0e9#20-t1, previous=(t:1, i:8), leaderCommit=8, initializing? false, entries: <empty>
2019-11-07 16:29:16,347 [Thread-306] INFO  client.GrpcClientProtocolService (GrpcClientProtocolService.java:lambda$processClientRequest$0(279)) - Failed RaftClientRequest:client-11F5E2EF3273->e72837b7-fe0e-4475-9dee-4d836a3196bb@group-693E871481E7, cid=10, seq=0, Watch-ALL_COMMITTED(6), Message:<EMPTY>, reply=RaftClientReply:client-11F5E2EF3273->e72837b7-fe0e-4475-9dee-4d836a3196bb@group-693E871481E7, cid=10, FAILED org.apache.ratis.protocol.NotLeaderException: Server e72837b7-fe0e-4475-9dee-4d836a3196bb@group-693E871481E7 is not the leader 4b66a4eb-9baa-4818-a82d-5882a8281712:192.168.69.106:35202, logIndex=0, commits[e72837b7-fe0e-4475-9dee-4d836a3196bb:c8, faef99ea-f5b7-4431-8bda-3d2e4205e0e9:c4, 4b66a4eb-9baa-4818-a82d-5882a8281712:c8]
2019-11-07 16:29:17,263 [java.util.concurrent.ThreadPoolExecutor$Worker@623112c8[State = -1, empty queue]] WARN  server.GrpcLogAppender (GrpcLogAppender.java:timeoutAppendRequest(209)) - 4b66a4eb-9baa-4818-a82d-5882a8281712@group-693E871481E7->faef99ea-f5b7-4431-8bda-3d2e4205e0e9-GrpcLogAppender: appendEntries Timeout, request=4b66a4eb-9baa-4818-a82d-5882a8281712->faef99ea-f5b7-4431-8bda-3d2e4205e0e9#21-t1, previous=(t:1, i:8), leaderCommit=8, initializing? false, entries: <empty>
2019-11-07 16:29:17,885 [Thread-310] INFO  client.GrpcClientProtocolService (GrpcClientProtocolService.java:lambda$processClientRequest$0(279)) - Failed RaftClientRequest:client-11F5E2EF3273->4b66a4eb-9baa-4818-a82d-5882a8281712@group-693E871481E7, cid=10, seq=0, Watch-ALL_COMMITTED(6), Message:<EMPTY>, reply=RaftClientReply:client-11F5E2EF3273->4b66a4eb-9baa-4818-a82d-5882a8281712@group-693E871481E7, cid=10, FAILED org.apache.ratis.protocol.NotReplicatedException: Request with call Id 10 and log index 6 is not yet replicated to ALL_COMMITTED, logIndex=6, commits[4b66a4eb-9baa-4818-a82d-5882a8281712:c8, faef99ea-f5b7-4431-8bda-3d2e4205e0e9:c4, e72837b7-fe0e-4475-9dee-4d836a3196bb:c8]
2019-11-07 16:29:19,264 [main] WARN  scm.XceiverClientRatis (XceiverClientRatis.java:watchForCommit(277)) - 3 way commit failed on pipeline Pipeline[ Id: 8b73d13d-1cd3-4e44-b4fa-693e871481e7, Nodes: e72837b7-fe0e-4475-9dee-4d836a3196bb{ip: 192.168.69.106, host: pr-hdds-2329-pipelines-wl5p8-3511966945, networkLocation: /default-rack, certSerialId: null}4b66a4eb-9baa-4818-a82d-5882a8281712{ip: 192.168.69.106, host: pr-hdds-2329-pipelines-wl5p8-3511966945, networkLocation: /default-rack, certSerialId: null}faef99ea-f5b7-4431-8bda-3d2e4205e0e9{ip: 192.168.69.106, host: pr-hdds-2329-pipelines-wl5p8-3511966945, networkLocation: /default-rack, certSerialId: null}, Type:RATIS, Factor:THREE, State:OPEN]
java.util.concurrent.TimeoutException
	at java.util.concurrent.CompletableFuture.timedGet(CompletableFuture.java:1771)
	at java.util.concurrent.CompletableFuture.get(CompletableFuture.java:1915)
	at org.apache.hadoop.hdds.scm.XceiverClientRatis.watchForCommit(XceiverClientRatis.java:274)
	at org.apache.hadoop.hdds.scm.storage.CommitWatcher.watchForCommit(CommitWatcher.java:198)
	at org.apache.hadoop.hdds.scm.storage.CommitWatcher.watchOnLastIndex(CommitWatcher.java:161)
	at org.apache.hadoop.hdds.scm.storage.BlockOutputStream.watchForCommit(BlockOutputStream.java:346)
	at org.apache.hadoop.hdds.scm.storage.BlockOutputStream.handleFlush(BlockOutputStream.java:482)
	at org.apache.hadoop.hdds.scm.storage.BlockOutputStream.close(BlockOutputStream.java:496)
	at org.apache.hadoop.ozone.client.io.BlockOutputStreamEntry.close(BlockOutputStreamEntry.java:143)
	at org.apache.hadoop.ozone.client.io.KeyOutputStream.handleFlushOrClose(KeyOutputStream.java:435)
	at org.apache.hadoop.ozone.client.io.KeyOutputStream.close(KeyOutputStream.java:473)
	at org.apache.hadoop.ozone.client.io.OzoneOutputStream.close(OzoneOutputStream.java:60)
	at org.apache.hadoop.ozone.client.rpc.TestDeleteWithSlowFollower.testDeleteKeyWithSlowFollower(TestDeleteWithSlowFollower.java:193)
	at sun.reflect.NativeMethodAccessorImpl.invoke0(Native Method)
	at sun.reflect.NativeMethodAccessorImpl.invoke(NativeMethodAccessorImpl.java:62)
	at sun.reflect.DelegatingMethodAccessorImpl.invoke(DelegatingMethodAccessorImpl.java:43)
	at java.lang.reflect.Method.invoke(Method.java:498)
	at org.junit.runners.model.FrameworkMethod$1.runReflectiveCall(FrameworkMethod.java:47)
	at org.junit.internal.runners.model.ReflectiveCallable.run(ReflectiveCallable.java:12)
	at org.junit.runners.model.FrameworkMethod.invokeExplosively(FrameworkMethod.java:44)
	at org.junit.internal.runners.statements.InvokeMethod.evaluate(InvokeMethod.java:17)
	at org.junit.runners.ParentRunner.runLeaf(ParentRunner.java:271)
	at org.junit.runners.BlockJUnit4ClassRunner.runChild(BlockJUnit4ClassRunner.java:70)
	at org.junit.runners.BlockJUnit4ClassRunner.runChild(BlockJUnit4ClassRunner.java:50)
	at org.junit.runners.ParentRunner$3.run(ParentRunner.java:238)
	at org.junit.runners.ParentRunner$1.schedule(ParentRunner.java:63)
	at org.junit.runners.ParentRunner.runChildren(ParentRunner.java:236)
	at org.junit.runners.ParentRunner.access$000(ParentRunner.java:53)
	at org.junit.runners.ParentRunner$2.evaluate(ParentRunner.java:229)
	at org.junit.internal.runners.statements.RunBefores.evaluate(RunBefores.java:26)
	at org.junit.internal.runners.statements.RunAfters.evaluate(RunAfters.java:27)
	at org.junit.runners.ParentRunner.run(ParentRunner.java:309)
	at org.apache.maven.surefire.junit4.JUnit4Provider.execute(JUnit4Provider.java:365)
	at org.apache.maven.surefire.junit4.JUnit4Provider.executeWithRerun(JUnit4Provider.java:273)
	at org.apache.maven.surefire.junit4.JUnit4Provider.executeTestSet(JUnit4Provider.java:238)
	at org.apache.maven.surefire.junit4.JUnit4Provider.invoke(JUnit4Provider.java:159)
	at org.apache.maven.surefire.booter.ForkedBooter.invokeProviderInSameClassLoader(ForkedBooter.java:384)
	at org.apache.maven.surefire.booter.ForkedBooter.runSuitesInProcess(ForkedBooter.java:345)
	at org.apache.maven.surefire.booter.ForkedBooter.execute(ForkedBooter.java:126)
	at org.apache.maven.surefire.booter.ForkedBooter.main(ForkedBooter.java:418)
2019-11-07 16:29:19,295 [main] INFO  scm.XceiverClientRatis (XceiverClientRatis.java:lambda$watchForCommit$5(295)) - Could not commit index 6 on pipeline Pipeline[ Id: 8b73d13d-1cd3-4e44-b4fa-693e871481e7, Nodes: e72837b7-fe0e-4475-9dee-4d836a3196bb{ip: 192.168.69.106, host: pr-hdds-2329-pipelines-wl5p8-3511966945, networkLocation: /default-rack, certSerialId: null}4b66a4eb-9baa-4818-a82d-5882a8281712{ip: 192.168.69.106, host: pr-hdds-2329-pipelines-wl5p8-3511966945, networkLocation: /default-rack, certSerialId: null}faef99ea-f5b7-4431-8bda-3d2e4205e0e9{ip: 192.168.69.106, host: pr-hdds-2329-pipelines-wl5p8-3511966945, networkLocation: /default-rack, certSerialId: null}, Type:RATIS, Factor:THREE, State:OPEN] to all the nodes. Server faef99ea-f5b7-4431-8bda-3d2e4205e0e9 has failed. Committed by majority.
2019-11-07 16:29:19,296 [main] WARN  storage.BlockOutputStream (BlockOutputStream.java:watchForCommit(352)) - Failed to commit BlockId conID: 1 locID: 103097572998971392 bcsId: 6 on Pipeline[ Id: 8b73d13d-1cd3-4e44-b4fa-693e871481e7, Nodes: e72837b7-fe0e-4475-9dee-4d836a3196bb{ip: 192.168.69.106, host: pr-hdds-2329-pipelines-wl5p8-3511966945, networkLocation: /default-rack, certSerialId: null}4b66a4eb-9baa-4818-a82d-5882a8281712{ip: 192.168.69.106, host: pr-hdds-2329-pipelines-wl5p8-3511966945, networkLocation: /default-rack, certSerialId: null}faef99ea-f5b7-4431-8bda-3d2e4205e0e9{ip: 192.168.69.106, host: pr-hdds-2329-pipelines-wl5p8-3511966945, networkLocation: /default-rack, certSerialId: null}, Type:RATIS, Factor:THREE, State:OPEN]. Failed nodes: [faef99ea-f5b7-4431-8bda-3d2e4205e0e9{ip: null, host: null, networkLocation: /default-rack, certSerialId: null}]
2019-11-07 16:29:19,421 [EventQueue-IncrementalContainerReportForIncrementalContainerReportHandler] WARN  container.IncrementalContainerReportHandler (AbstractContainerReportHandler.java:updateContainerState(145)) - Container #1 is in OPEN state, but the datanode 4b66a4eb-9baa-4818-a82d-5882a8281712{ip: 192.168.69.106, host: pr-hdds-2329-pipelines-wl5p8-3511966945, networkLocation: /default-rack, certSerialId: null} reports an CLOSING replica.
2019-11-07 16:29:19,431 [RatisApplyTransactionExecutor 1] INFO  interfaces.Container (KeyValueContainer.java:flushAndSyncDB(386)) - Container 1 is synced with bcsId 6.
2019-11-07 16:29:19,432 [RatisApplyTransactionExecutor 1] INFO  interfaces.Container (KeyValueContainer.java:flushAndSyncDB(386)) - Container 1 is synced with bcsId 6.
2019-11-07 16:29:19,458 [RatisApplyTransactionExecutor 1] INFO  interfaces.Container (KeyValueContainer.java:close(335)) - Container 1 is closed with bcsId 6.
2019-11-07 16:29:19,460 [EventQueue-IncrementalContainerReportForIncrementalContainerReportHandler] WARN  container.IncrementalContainerReportHandler (AbstractContainerReportHandler.java:updateContainerState(145)) - Container #1 is in OPEN state, but the datanode e72837b7-fe0e-4475-9dee-4d836a3196bb{ip: 192.168.69.106, host: pr-hdds-2329-pipelines-wl5p8-3511966945, networkLocation: /default-rack, certSerialId: null} reports an CLOSING replica.
2019-11-07 16:29:19,461 [EventQueue-ContainerReportForContainerReportHandler] WARN  container.ContainerReportHandler (AbstractContainerReportHandler.java:updateContainerState(145)) - Container #1 is in OPEN state, but the datanode 4b66a4eb-9baa-4818-a82d-5882a8281712{ip: 192.168.69.106, host: pr-hdds-2329-pipelines-wl5p8-3511966945, networkLocation: /default-rack, certSerialId: null} reports an CLOSING replica.
2019-11-07 16:29:19,461 [EventQueue-IncrementalContainerReportForIncrementalContainerReportHandler] WARN  container.IncrementalContainerReportHandler (AbstractContainerReportHandler.java:updateContainerState(145)) - Container #1 is in OPEN state, but the datanode 4b66a4eb-9baa-4818-a82d-5882a8281712{ip: 192.168.69.106, host: pr-hdds-2329-pipelines-wl5p8-3511966945, networkLocation: /default-rack, certSerialId: null} reports an CLOSED replica.
2019-11-07 16:29:19,469 [RatisApplyTransactionExecutor 1] INFO  interfaces.Container (KeyValueContainer.java:flushAndSyncDB(386)) - Container 1 is synced with bcsId 6.
2019-11-07 16:29:19,470 [RatisApplyTransactionExecutor 1] INFO  interfaces.Container (KeyValueContainer.java:flushAndSyncDB(386)) - Container 1 is synced with bcsId 6.
2019-11-07 16:29:19,506 [RatisApplyTransactionExecutor 1] INFO  interfaces.Container (KeyValueContainer.java:close(335)) - Container 1 is closed with bcsId 6.
2019-11-07 16:29:19,508 [EventQueue-IncrementalContainerReportForIncrementalContainerReportHandler] WARN  container.IncrementalContainerReportHandler (AbstractContainerReportHandler.java:updateContainerState(145)) - Container #1 is in OPEN state, but the datanode e72837b7-fe0e-4475-9dee-4d836a3196bb{ip: 192.168.69.106, host: pr-hdds-2329-pipelines-wl5p8-3511966945, networkLocation: /default-rack, certSerialId: null} reports an CLOSED replica.
2019-11-07 16:29:19,558 [BlockDeletingService#2] WARN  background.BlockDeletingService (BlockDeletingService.java:isDeletionAllowed(187)) - Close Container log Index 6 is not replicated across allthe servers in the pipeline 8b73d13d-1cd3-4e44-b4fa-693e871481e7 as the min replicated index is 4. Deletion is not allowed in this container yet.
2019-11-07 16:29:19,559 [BlockDeletingService#2] WARN  background.BlockDeletingService (BlockDeletingService.java:isDeletionAllowed(187)) - Close Container log Index 6 is not replicated across allthe servers in the pipeline 8b73d13d-1cd3-4e44-b4fa-693e871481e7 as the min replicated index is 4. Deletion is not allowed in this container yet.
2019-11-07 16:29:19,709 [EventQueue-ContainerReportForContainerReportHandler] WARN  container.ContainerReportHandler (AbstractContainerReportHandler.java:updateContainerState(145)) - Container #1 is in OPEN state, but the datanode e72837b7-fe0e-4475-9dee-4d836a3196bb{ip: 192.168.69.106, host: pr-hdds-2329-pipelines-wl5p8-3511966945, networkLocation: /default-rack, certSerialId: null} reports an CLOSED replica.
2019-11-07 16:29:19,760 [EventQueue-ContainerReportForContainerReportHandler] WARN  container.ContainerReportHandler (AbstractContainerReportHandler.java:updateContainerState(145)) - Container #1 is in OPEN state, but the datanode 4b66a4eb-9baa-4818-a82d-5882a8281712{ip: 192.168.69.106, host: pr-hdds-2329-pipelines-wl5p8-3511966945, networkLocation: /default-rack, certSerialId: null} reports an CLOSED replica.
2019-11-07 16:29:19,764 [java.util.concurrent.ThreadPoolExecutor$Worker@623112c8[State = -1, empty queue]] WARN  server.GrpcLogAppender (GrpcLogAppender.java:timeoutAppendRequest(209)) - 4b66a4eb-9baa-4818-a82d-5882a8281712@group-693E871481E7->faef99ea-f5b7-4431-8bda-3d2e4205e0e9-GrpcLogAppender: appendEntries Timeout, request=4b66a4eb-9baa-4818-a82d-5882a8281712->faef99ea-f5b7-4431-8bda-3d2e4205e0e9#22-t1, previous=(t:1, i:8), leaderCommit=8, initializing? false, entries: <empty>
2019-11-07 16:29:20,061 [EventQueue-ContainerReportForContainerReportHandler] WARN  container.ContainerReportHandler (AbstractContainerReportHandler.java:updateContainerState(145)) - Container #1 is in OPEN state, but the datanode 4b66a4eb-9baa-4818-a82d-5882a8281712{ip: 192.168.69.106, host: pr-hdds-2329-pipelines-wl5p8-3511966945, networkLocation: /default-rack, certSerialId: null} reports an CLOSED replica.
2019-11-07 16:29:20,110 [EventQueue-ContainerReportForContainerReportHandler] WARN  container.ContainerReportHandler (AbstractContainerReportHandler.java:updateContainerState(145)) - Container #1 is in OPEN state, but the datanode e72837b7-fe0e-4475-9dee-4d836a3196bb{ip: 192.168.69.106, host: pr-hdds-2329-pipelines-wl5p8-3511966945, networkLocation: /default-rack, certSerialId: null} reports an CLOSED replica.
2019-11-07 16:29:20,260 [EventQueue-ContainerReportForContainerReportHandler] WARN  container.ContainerReportHandler (AbstractContainerReportHandler.java:updateContainerState(145)) - Container #1 is in OPEN state, but the datanode 4b66a4eb-9baa-4818-a82d-5882a8281712{ip: 192.168.69.106, host: pr-hdds-2329-pipelines-wl5p8-3511966945, networkLocation: /default-rack, certSerialId: null} reports an CLOSED replica.
2019-11-07 16:29:20,310 [EventQueue-ContainerReportForContainerReportHandler] WARN  container.ContainerReportHandler (AbstractContainerReportHandler.java:updateContainerState(145)) - Container #1 is in OPEN state, but the datanode e72837b7-fe0e-4475-9dee-4d836a3196bb{ip: 192.168.69.106, host: pr-hdds-2329-pipelines-wl5p8-3511966945, networkLocation: /default-rack, certSerialId: null} reports an CLOSED replica.
2019-11-07 16:29:20,424 [IPC Server handler 12 on 44431] INFO  server.SCMBlockProtocolServer (SCMBlockProtocolServer.java:deleteKeyBlocks(214)) - SCM is informed by OM to delete 1 blocks
2019-11-07 16:29:20,424 [IPC Server handler 12 on 44431] INFO  block.BlockManagerImpl (BlockManagerImpl.java:deleteBlocks(285)) - Deleting blocks conID: 1 locID: 103097572998971392 bcsId: 0
2019-11-07 16:29:20,559 [BlockDeletingService#2] WARN  background.BlockDeletingService (BlockDeletingService.java:isDeletionAllowed(187)) - Close Container log Index 6 is not replicated across allthe servers in the pipeline 8b73d13d-1cd3-4e44-b4fa-693e871481e7 as the min replicated index is 4. Deletion is not allowed in this container yet.
2019-11-07 16:29:20,561 [BlockDeletingService#2] WARN  background.BlockDeletingService (BlockDeletingService.java:isDeletionAllowed(187)) - Close Container log Index 6 is not replicated across allthe servers in the pipeline 8b73d13d-1cd3-4e44-b4fa-693e871481e7 as the min replicated index is 4. Deletion is not allowed in this container yet.
2019-11-07 16:29:20,660 [EventQueue-ContainerReportForContainerReportHandler] WARN  container.ContainerReportHandler (AbstractContainerReportHandler.java:updateContainerState(145)) - Container #1 is in OPEN state, but the datanode 4b66a4eb-9baa-4818-a82d-5882a8281712{ip: 192.168.69.106, host: pr-hdds-2329-pipelines-wl5p8-3511966945, networkLocation: /default-rack, certSerialId: null} reports an CLOSED replica.
2019-11-07 16:29:20,711 [EventQueue-ContainerReportForContainerReportHandler] WARN  container.ContainerReportHandler (AbstractContainerReportHandler.java:updateContainerState(145)) - Container #1 is in OPEN state, but the datanode e72837b7-fe0e-4475-9dee-4d836a3196bb{ip: 192.168.69.106, host: pr-hdds-2329-pipelines-wl5p8-3511966945, networkLocation: /default-rack, certSerialId: null} reports an CLOSED replica.
2019-11-07 16:29:21,060 [EventQueue-ContainerReportForContainerReportHandler] WARN  container.ContainerReportHandler (AbstractContainerReportHandler.java:updateContainerState(145)) - Container #1 is in OPEN state, but the datanode 4b66a4eb-9baa-4818-a82d-5882a8281712{ip: 192.168.69.106, host: pr-hdds-2329-pipelines-wl5p8-3511966945, networkLocation: /default-rack, certSerialId: null} reports an CLOSED replica.
2019-11-07 16:29:21,111 [EventQueue-ContainerReportForContainerReportHandler] WARN  container.ContainerReportHandler (AbstractContainerReportHandler.java:updateContainerState(145)) - Container #1 is in OPEN state, but the datanode e72837b7-fe0e-4475-9dee-4d836a3196bb{ip: 192.168.69.106, host: pr-hdds-2329-pipelines-wl5p8-3511966945, networkLocation: /default-rack, certSerialId: null} reports an CLOSED replica.
2019-11-07 16:29:21,260 [EventQueue-ContainerReportForContainerReportHandler] WARN  container.ContainerReportHandler (AbstractContainerReportHandler.java:updateContainerState(145)) - Container #1 is in OPEN state, but the datanode 4b66a4eb-9baa-4818-a82d-5882a8281712{ip: 192.168.69.106, host: pr-hdds-2329-pipelines-wl5p8-3511966945, networkLocation: /default-rack, certSerialId: null} reports an CLOSED replica.
2019-11-07 16:29:21,312 [EventQueue-ContainerReportForContainerReportHandler] WARN  container.ContainerReportHandler (AbstractContainerReportHandler.java:updateContainerState(145)) - Container #1 is in OPEN state, but the datanode e72837b7-fe0e-4475-9dee-4d836a3196bb{ip: 192.168.69.106, host: pr-hdds-2329-pipelines-wl5p8-3511966945, networkLocation: /default-rack, certSerialId: null} reports an CLOSED replica.
2019-11-07 16:29:21,561 [BlockDeletingService#2] WARN  background.BlockDeletingService (BlockDeletingService.java:isDeletionAllowed(187)) - Close Container log Index 6 is not replicated across allthe servers in the pipeline 8b73d13d-1cd3-4e44-b4fa-693e871481e7 as the min replicated index is 4. Deletion is not allowed in this container yet.
2019-11-07 16:29:21,562 [BlockDeletingService#2] WARN  background.BlockDeletingService (BlockDeletingService.java:isDeletionAllowed(187)) - Close Container log Index 6 is not replicated across allthe servers in the pipeline 8b73d13d-1cd3-4e44-b4fa-693e871481e7 as the min replicated index is 4. Deletion is not allowed in this container yet.
2019-11-07 16:29:21,614 [EventQueue-ContainerReportForContainerReportHandler] WARN  container.ContainerReportHandler (AbstractContainerReportHandler.java:updateContainerState(145)) - Container #1 is in OPEN state, but the datanode e72837b7-fe0e-4475-9dee-4d836a3196bb{ip: 192.168.69.106, host: pr-hdds-2329-pipelines-wl5p8-3511966945, networkLocation: /default-rack, certSerialId: null} reports an CLOSED replica.
2019-11-07 16:29:21,660 [EventQueue-ContainerReportForContainerReportHandler] WARN  container.ContainerReportHandler (AbstractContainerReportHandler.java:updateContainerState(145)) - Container #1 is in OPEN state, but the datanode 4b66a4eb-9baa-4818-a82d-5882a8281712{ip: 192.168.69.106, host: pr-hdds-2329-pipelines-wl5p8-3511966945, networkLocation: /default-rack, certSerialId: null} reports an CLOSED replica.
2019-11-07 16:29:21,914 [EventQueue-ContainerReportForContainerReportHandler] WARN  container.ContainerReportHandler (AbstractContainerReportHandler.java:updateContainerState(145)) - Container #1 is in OPEN state, but the datanode e72837b7-fe0e-4475-9dee-4d836a3196bb{ip: 192.168.69.106, host: pr-hdds-2329-pipelines-wl5p8-3511966945, networkLocation: /default-rack, certSerialId: null} reports an CLOSED replica.
2019-11-07 16:29:22,062 [EventQueue-ContainerReportForContainerReportHandler] WARN  container.ContainerReportHandler (AbstractContainerReportHandler.java:updateContainerState(145)) - Container #1 is in OPEN state, but the datanode 4b66a4eb-9baa-4818-a82d-5882a8281712{ip: 192.168.69.106, host: pr-hdds-2329-pipelines-wl5p8-3511966945, networkLocation: /default-rack, certSerialId: null} reports an CLOSED replica.
2019-11-07 16:29:22,215 [EventQueue-ContainerReportForContainerReportHandler] WARN  container.ContainerReportHandler (AbstractContainerReportHandler.java:updateContainerState(145)) - Container #1 is in OPEN state, but the datanode e72837b7-fe0e-4475-9dee-4d836a3196bb{ip: 192.168.69.106, host: pr-hdds-2329-pipelines-wl5p8-3511966945, networkLocation: /default-rack, certSerialId: null} reports an CLOSED replica.
2019-11-07 16:29:22,268 [java.util.concurrent.ThreadPoolExecutor$Worker@623112c8[State = -1, empty queue]] WARN  server.GrpcLogAppender (GrpcLogAppender.java:timeoutAppendRequest(209)) - 4b66a4eb-9baa-4818-a82d-5882a8281712@group-693E871481E7->faef99ea-f5b7-4431-8bda-3d2e4205e0e9-GrpcLogAppender: appendEntries Timeout, request=4b66a4eb-9baa-4818-a82d-5882a8281712->faef99ea-f5b7-4431-8bda-3d2e4205e0e9#23-t1, previous=(t:1, i:8), leaderCommit=8, initializing? false, entries: <empty>
2019-11-07 16:29:22,361 [EventQueue-ContainerReportForContainerReportHandler] WARN  container.ContainerReportHandler (AbstractContainerReportHandler.java:updateContainerState(145)) - Container #1 is in OPEN state, but the datanode 4b66a4eb-9baa-4818-a82d-5882a8281712{ip: 192.168.69.106, host: pr-hdds-2329-pipelines-wl5p8-3511966945, networkLocation: /default-rack, certSerialId: null} reports an CLOSED replica.
2019-11-07 16:29:22,382 [java.util.concurrent.ThreadPoolExecutor$Worker@623112c8[State = -1, empty queue]] WARN  server.GrpcLogAppender (GrpcLogAppender.java:timeoutAppendRequest(209)) - 4b66a4eb-9baa-4818-a82d-5882a8281712@group-693E871481E7->faef99ea-f5b7-4431-8bda-3d2e4205e0e9-GrpcLogAppender: appendEntries Timeout, request=4b66a4eb-9baa-4818-a82d-5882a8281712->faef99ea-f5b7-4431-8bda-3d2e4205e0e9#24-t1, previous=(t:1, i:8), leaderCommit=8, initializing? false, entries: size=1, first=(t:1, i:9), STATEMACHINELOGENTRY, client-4A82FE6A86DE, cid=12
2019-11-07 16:29:22,395 [java.util.concurrent.ThreadPoolExecutor$Worker@623112c8[State = -1, empty queue]] WARN  server.GrpcLogAppender (GrpcLogAppender.java:timeoutAppendRequest(209)) - 4b66a4eb-9baa-4818-a82d-5882a8281712@group-693E871481E7->faef99ea-f5b7-4431-8bda-3d2e4205e0e9-GrpcLogAppender: appendEntries Timeout, request=4b66a4eb-9baa-4818-a82d-5882a8281712->faef99ea-f5b7-4431-8bda-3d2e4205e0e9#25-t1, previous=(t:1, i:9), leaderCommit=9, initializing? false, entries: size=1, first=(t:1, i:10), METADATAENTRY(c9)
2019-11-07 16:29:22,562 [BlockDeletingService#2] WARN  background.BlockDeletingService (BlockDeletingService.java:isDeletionAllowed(187)) - Close Container log Index 6 is not replicated across allthe servers in the pipeline 8b73d13d-1cd3-4e44-b4fa-693e871481e7 as the min replicated index is 4. Deletion is not allowed in this container yet.
2019-11-07 16:29:22,564 [BlockDeletingService#2] WARN  background.BlockDeletingService (BlockDeletingService.java:isDeletionAllowed(187)) - Close Container log Index 6 is not replicated across allthe servers in the pipeline 8b73d13d-1cd3-4e44-b4fa-693e871481e7 as the min replicated index is 4. Deletion is not allowed in this container yet.
2019-11-07 16:29:22,617 [EventQueue-ContainerReportForContainerReportHandler] WARN  container.ContainerReportHandler (AbstractContainerReportHandler.java:updateContainerState(145)) - Container #1 is in OPEN state, but the datanode e72837b7-fe0e-4475-9dee-4d836a3196bb{ip: 192.168.69.106, host: pr-hdds-2329-pipelines-wl5p8-3511966945, networkLocation: /default-rack, certSerialId: null} reports an CLOSED replica.
2019-11-07 16:29:22,662 [EventQueue-ContainerReportForContainerReportHandler] WARN  container.ContainerReportHandler (AbstractContainerReportHandler.java:updateContainerState(145)) - Container #1 is in OPEN state, but the datanode 4b66a4eb-9baa-4818-a82d-5882a8281712{ip: 192.168.69.106, host: pr-hdds-2329-pipelines-wl5p8-3511966945, networkLocation: /default-rack, certSerialId: null} reports an CLOSED replica.
2019-11-07 16:29:22,916 [EventQueue-ContainerReportForContainerReportHandler] WARN  container.ContainerReportHandler (AbstractContainerReportHandler.java:updateContainerState(145)) - Container #1 is in OPEN state, but the datanode e72837b7-fe0e-4475-9dee-4d836a3196bb{ip: 192.168.69.106, host: pr-hdds-2329-pipelines-wl5p8-3511966945, networkLocation: /default-rack, certSerialId: null} reports an CLOSED replica.
2019-11-07 16:29:23,063 [EventQueue-ContainerReportForContainerReportHandler] WARN  container.ContainerReportHandler (AbstractContainerReportHandler.java:updateContainerState(145)) - Container #1 is in OPEN state, but the datanode 4b66a4eb-9baa-4818-a82d-5882a8281712{ip: 192.168.69.106, host: pr-hdds-2329-pipelines-wl5p8-3511966945, networkLocation: /default-rack, certSerialId: null} reports an CLOSED replica.
2019-11-07 16:29:23,316 [EventQueue-ContainerReportForContainerReportHandler] WARN  container.ContainerReportHandler (AbstractContainerReportHandler.java:updateContainerState(145)) - Container #1 is in OPEN state, but the datanode e72837b7-fe0e-4475-9dee-4d836a3196bb{ip: 192.168.69.106, host: pr-hdds-2329-pipelines-wl5p8-3511966945, networkLocation: /default-rack, certSerialId: null} reports an CLOSED replica.
2019-11-07 16:29:23,365 [EventQueue-ContainerReportForContainerReportHandler] WARN  container.ContainerReportHandler (AbstractContainerReportHandler.java:updateContainerState(145)) - Container #1 is in OPEN state, but the datanode 4b66a4eb-9baa-4818-a82d-5882a8281712{ip: 192.168.69.106, host: pr-hdds-2329-pipelines-wl5p8-3511966945, networkLocation: /default-rack, certSerialId: null} reports an CLOSED replica.
2019-11-07 16:29:23,517 [EventQueue-ContainerReportForContainerReportHandler] WARN  container.ContainerReportHandler (AbstractContainerReportHandler.java:updateContainerState(145)) - Container #1 is in OPEN state, but the datanode e72837b7-fe0e-4475-9dee-4d836a3196bb{ip: 192.168.69.106, host: pr-hdds-2329-pipelines-wl5p8-3511966945, networkLocation: /default-rack, certSerialId: null} reports an CLOSED replica.
2019-11-07 16:29:23,563 [EventQueue-ContainerReportForContainerReportHandler] WARN  container.ContainerReportHandler (AbstractContainerReportHandler.java:updateContainerState(145)) - Container #1 is in OPEN state, but the datanode 4b66a4eb-9baa-4818-a82d-5882a8281712{ip: 192.168.69.106, host: pr-hdds-2329-pipelines-wl5p8-3511966945, networkLocation: /default-rack, certSerialId: null} reports an CLOSED replica.
2019-11-07 16:29:23,565 [BlockDeletingService#2] WARN  background.BlockDeletingService (BlockDeletingService.java:isDeletionAllowed(187)) - Close Container log Index 6 is not replicated across allthe servers in the pipeline 8b73d13d-1cd3-4e44-b4fa-693e871481e7 as the min replicated index is 4. Deletion is not allowed in this container yet.
2019-11-07 16:29:23,566 [BlockDeletingService#2] WARN  background.BlockDeletingService (BlockDeletingService.java:isDeletionAllowed(187)) - Close Container log Index 6 is not replicated across allthe servers in the pipeline 8b73d13d-1cd3-4e44-b4fa-693e871481e7 as the min replicated index is 4. Deletion is not allowed in this container yet.
2019-11-07 16:29:23,864 [EventQueue-ContainerReportForContainerReportHandler] WARN  container.ContainerReportHandler (AbstractContainerReportHandler.java:updateContainerState(145)) - Container #1 is in OPEN state, but the datanode 4b66a4eb-9baa-4818-a82d-5882a8281712{ip: 192.168.69.106, host: pr-hdds-2329-pipelines-wl5p8-3511966945, networkLocation: /default-rack, certSerialId: null} reports an CLOSED replica.
2019-11-07 16:29:23,917 [EventQueue-ContainerReportForContainerReportHandler] WARN  container.ContainerReportHandler (AbstractContainerReportHandler.java:updateContainerState(145)) - Container #1 is in OPEN state, but the datanode e72837b7-fe0e-4475-9dee-4d836a3196bb{ip: 192.168.69.106, host: pr-hdds-2329-pipelines-wl5p8-3511966945, networkLocation: /default-rack, certSerialId: null} reports an CLOSED replica.
2019-11-07 16:29:24,164 [EventQueue-ContainerReportForContainerReportHandler] WARN  container.ContainerReportHandler (AbstractContainerReportHandler.java:updateContainerState(145)) - Container #1 is in OPEN state, but the datanode 4b66a4eb-9baa-4818-a82d-5882a8281712{ip: 192.168.69.106, host: pr-hdds-2329-pipelines-wl5p8-3511966945, networkLocation: /default-rack, certSerialId: null} reports an CLOSED replica.
2019-11-07 16:29:24,217 [EventQueue-ContainerReportForContainerReportHandler] WARN  container.ContainerReportHandler (AbstractContainerReportHandler.java:updateContainerState(145)) - Container #1 is in OPEN state, but the datanode e72837b7-fe0e-4475-9dee-4d836a3196bb{ip: 192.168.69.106, host: pr-hdds-2329-pipelines-wl5p8-3511966945, networkLocation: /default-rack, certSerialId: null} reports an CLOSED replica.
2019-11-07 16:29:24,365 [EventQueue-ContainerReportForContainerReportHandler] WARN  container.ContainerReportHandler (AbstractContainerReportHandler.java:updateContainerState(145)) - Container #1 is in OPEN state, but the datanode 4b66a4eb-9baa-4818-a82d-5882a8281712{ip: 192.168.69.106, host: pr-hdds-2329-pipelines-wl5p8-3511966945, networkLocation: /default-rack, certSerialId: null} reports an CLOSED replica.
2019-11-07 16:29:24,567 [BlockDeletingService#2] WARN  background.BlockDeletingService (BlockDeletingService.java:isDeletionAllowed(187)) - Close Container log Index 6 is not replicated across allthe servers in the pipeline 8b73d13d-1cd3-4e44-b4fa-693e871481e7 as the min replicated index is 4. Deletion is not allowed in this container yet.
2019-11-07 16:29:24,567 [BlockDeletingService#2] WARN  background.BlockDeletingService (BlockDeletingService.java:isDeletionAllowed(187)) - Close Container log Index 6 is not replicated across allthe servers in the pipeline 8b73d13d-1cd3-4e44-b4fa-693e871481e7 as the min replicated index is 4. Deletion is not allowed in this container yet.
2019-11-07 16:29:24,618 [EventQueue-ContainerReportForContainerReportHandler] WARN  container.ContainerReportHandler (AbstractContainerReportHandler.java:updateContainerState(145)) - Container #1 is in OPEN state, but the datanode e72837b7-fe0e-4475-9dee-4d836a3196bb{ip: 192.168.69.106, host: pr-hdds-2329-pipelines-wl5p8-3511966945, networkLocation: /default-rack, certSerialId: null} reports an CLOSED replica.
2019-11-07 16:29:24,767 [EventQueue-ContainerReportForContainerReportHandler] WARN  container.ContainerReportHandler (AbstractContainerReportHandler.java:updateContainerState(145)) - Container #1 is in OPEN state, but the datanode 4b66a4eb-9baa-4818-a82d-5882a8281712{ip: 192.168.69.106, host: pr-hdds-2329-pipelines-wl5p8-3511966945, networkLocation: /default-rack, certSerialId: null} reports an CLOSED replica.
2019-11-07 16:29:24,897 [java.util.concurrent.ThreadPoolExecutor$Worker@623112c8[State = -1, empty queue]] WARN  server.GrpcLogAppender (GrpcLogAppender.java:timeoutAppendRequest(209)) - 4b66a4eb-9baa-4818-a82d-5882a8281712@group-693E871481E7->faef99ea-f5b7-4431-8bda-3d2e4205e0e9-GrpcLogAppender: appendEntries Timeout, request=4b66a4eb-9baa-4818-a82d-5882a8281712->faef99ea-f5b7-4431-8bda-3d2e4205e0e9#26-t1, previous=(t:1, i:10), leaderCommit=10, initializing? false, entries: <empty>
2019-11-07 16:29:24,920 [EventQueue-ContainerReportForContainerReportHandler] WARN  container.ContainerReportHandler (AbstractContainerReportHandler.java:updateContainerState(145)) - Container #1 is in OPEN state, but the datanode e72837b7-fe0e-4475-9dee-4d836a3196bb{ip: 192.168.69.106, host: pr-hdds-2329-pipelines-wl5p8-3511966945, networkLocation: /default-rack, certSerialId: null} reports an CLOSED replica.
2019-11-07 16:29:25,068 [EventQueue-ContainerReportForContainerReportHandler] WARN  container.ContainerReportHandler (AbstractContainerReportHandler.java:updateContainerState(145)) - Container #1 is in OPEN state, but the datanode 4b66a4eb-9baa-4818-a82d-5882a8281712{ip: 192.168.69.106, host: pr-hdds-2329-pipelines-wl5p8-3511966945, networkLocation: /default-rack, certSerialId: null} reports an CLOSED replica.
2019-11-07 16:29:25,221 [EventQueue-ContainerReportForContainerReportHandler] WARN  container.ContainerReportHandler (AbstractContainerReportHandler.java:updateContainerState(145)) - Container #1 is in OPEN state, but the datanode e72837b7-fe0e-4475-9dee-4d836a3196bb{ip: 192.168.69.106, host: pr-hdds-2329-pipelines-wl5p8-3511966945, networkLocation: /default-rack, certSerialId: null} reports an CLOSED replica.
2019-11-07 16:29:25,268 [EventQueue-ContainerReportForContainerReportHandler] WARN  container.ContainerReportHandler (AbstractContainerReportHandler.java:updateContainerState(145)) - Container #1 is in OPEN state, but the datanode 4b66a4eb-9baa-4818-a82d-5882a8281712{ip: 192.168.69.106, host: pr-hdds-2329-pipelines-wl5p8-3511966945, networkLocation: /default-rack, certSerialId: null} reports an CLOSED replica.
2019-11-07 16:29:25,385 [Thread-339] INFO  client.GrpcClientProtocolService (GrpcClientProtocolService.java:lambda$processClientRequest$0(279)) - Failed RaftClientRequest:client-11F5E2EF3273->e72837b7-fe0e-4475-9dee-4d836a3196bb@group-693E871481E7, cid=10, seq=0, Watch-ALL_COMMITTED(6), Message:<EMPTY>, reply=RaftClientReply:client-11F5E2EF3273->e72837b7-fe0e-4475-9dee-4d836a3196bb@group-693E871481E7, cid=10, FAILED org.apache.ratis.protocol.NotLeaderException: Server e72837b7-fe0e-4475-9dee-4d836a3196bb@group-693E871481E7 is not the leader 4b66a4eb-9baa-4818-a82d-5882a8281712:192.168.69.106:35202, logIndex=0, commits[e72837b7-fe0e-4475-9dee-4d836a3196bb:c10, faef99ea-f5b7-4431-8bda-3d2e4205e0e9:c4, 4b66a4eb-9baa-4818-a82d-5882a8281712:c10]
2019-11-07 16:29:25,521 [EventQueue-ContainerReportForContainerReportHandler] WARN  container.ContainerReportHandler (AbstractContainerReportHandler.java:updateContainerState(145)) - Container #1 is in OPEN state, but the datanode e72837b7-fe0e-4475-9dee-4d836a3196bb{ip: 192.168.69.106, host: pr-hdds-2329-pipelines-wl5p8-3511966945, networkLocation: /default-rack, certSerialId: null} reports an CLOSED replica.
2019-11-07 16:29:25,570 [BlockDeletingService#2] WARN  background.BlockDeletingService (BlockDeletingService.java:isDeletionAllowed(187)) - Close Container log Index 6 is not replicated across allthe servers in the pipeline 8b73d13d-1cd3-4e44-b4fa-693e871481e7 as the min replicated index is 4. Deletion is not allowed in this container yet.
2019-11-07 16:29:25,570 [BlockDeletingService#2] WARN  background.BlockDeletingService (BlockDeletingService.java:isDeletionAllowed(187)) - Close Container log Index 6 is not replicated across allthe servers in the pipeline 8b73d13d-1cd3-4e44-b4fa-693e871481e7 as the min replicated index is 4. Deletion is not allowed in this container yet.
2019-11-07 16:29:25,668 [EventQueue-ContainerReportForContainerReportHandler] WARN  container.ContainerReportHandler (AbstractContainerReportHandler.java:updateContainerState(145)) - Container #1 is in OPEN state, but the datanode 4b66a4eb-9baa-4818-a82d-5882a8281712{ip: 192.168.69.106, host: pr-hdds-2329-pipelines-wl5p8-3511966945, networkLocation: /default-rack, certSerialId: null} reports an CLOSED replica.
2019-11-07 16:29:25,820 [EventQueue-ContainerReportForContainerReportHandler] WARN  container.ContainerReportHandler (AbstractContainerReportHandler.java:updateContainerState(145)) - Container #1 is in OPEN state, but the datanode e72837b7-fe0e-4475-9dee-4d836a3196bb{ip: 192.168.69.106, host: pr-hdds-2329-pipelines-wl5p8-3511966945, networkLocation: /default-rack, certSerialId: null} reports an CLOSED replica.
2019-11-07 16:29:25,868 [EventQueue-ContainerReportForContainerReportHandler] WARN  container.ContainerReportHandler (AbstractContainerReportHandler.java:updateContainerState(145)) - Container #1 is in OPEN state, but the datanode 4b66a4eb-9baa-4818-a82d-5882a8281712{ip: 192.168.69.106, host: pr-hdds-2329-pipelines-wl5p8-3511966945, networkLocation: /default-rack, certSerialId: null} reports an CLOSED replica.
2019-11-07 16:29:26,120 [EventQueue-ContainerReportForContainerReportHandler] WARN  container.ContainerReportHandler (AbstractContainerReportHandler.java:updateContainerState(145)) - Container #1 is in OPEN state, but the datanode e72837b7-fe0e-4475-9dee-4d836a3196bb{ip: 192.168.69.106, host: pr-hdds-2329-pipelines-wl5p8-3511966945, networkLocation: /default-rack, certSerialId: null} reports an CLOSED replica.
2019-11-07 16:29:26,269 [EventQueue-ContainerReportForContainerReportHandler] WARN  container.ContainerReportHandler (AbstractContainerReportHandler.java:updateContainerState(145)) - Container #1 is in OPEN state, but the datanode 4b66a4eb-9baa-4818-a82d-5882a8281712{ip: 192.168.69.106, host: pr-hdds-2329-pipelines-wl5p8-3511966945, networkLocation: /default-rack, certSerialId: null} reports an CLOSED replica.
2019-11-07 16:29:26,321 [EventQueue-ContainerReportForContainerReportHandler] WARN  container.ContainerReportHandler (AbstractContainerReportHandler.java:updateContainerState(145)) - Container #1 is in OPEN state, but the datanode e72837b7-fe0e-4475-9dee-4d836a3196bb{ip: 192.168.69.106, host: pr-hdds-2329-pipelines-wl5p8-3511966945, networkLocation: /default-rack, certSerialId: null} reports an CLOSED replica.
2019-11-07 16:29:26,469 [EventQueue-ContainerReportForContainerReportHandler] WARN  container.ContainerReportHandler (AbstractContainerReportHandler.java:updateContainerState(145)) - Container #1 is in OPEN state, but the datanode 4b66a4eb-9baa-4818-a82d-5882a8281712{ip: 192.168.69.106, host: pr-hdds-2329-pipelines-wl5p8-3511966945, networkLocation: /default-rack, certSerialId: null} reports an CLOSED replica.
2019-11-07 16:29:26,574 [BlockDeletingService#2] WARN  background.BlockDeletingService (BlockDeletingService.java:isDeletionAllowed(187)) - Close Container log Index 6 is not replicated across allthe servers in the pipeline 8b73d13d-1cd3-4e44-b4fa-693e871481e7 as the min replicated index is 4. Deletion is not allowed in this container yet.
2019-11-07 16:29:26,574 [BlockDeletingService#2] WARN  background.BlockDeletingService (BlockDeletingService.java:isDeletionAllowed(187)) - Close Container log Index 6 is not replicated across allthe servers in the pipeline 8b73d13d-1cd3-4e44-b4fa-693e871481e7 as the min replicated index is 4. Deletion is not allowed in this container yet.
2019-11-07 16:29:26,722 [EventQueue-ContainerReportForContainerReportHandler] WARN  container.ContainerReportHandler (AbstractContainerReportHandler.java:updateContainerState(145)) - Container #1 is in OPEN state, but the datanode e72837b7-fe0e-4475-9dee-4d836a3196bb{ip: 192.168.69.106, host: pr-hdds-2329-pipelines-wl5p8-3511966945, networkLocation: /default-rack, certSerialId: null} reports an CLOSED replica.
2019-11-07 16:29:26,769 [EventQueue-ContainerReportForContainerReportHandler] WARN  container.ContainerReportHandler (AbstractContainerReportHandler.java:updateContainerState(145)) - Container #1 is in OPEN state, but the datanode 4b66a4eb-9baa-4818-a82d-5882a8281712{ip: 192.168.69.106, host: pr-hdds-2329-pipelines-wl5p8-3511966945, networkLocation: /default-rack, certSerialId: null} reports an CLOSED replica.
2019-11-07 16:29:26,884 [Thread-346] INFO  client.GrpcClientProtocolService (GrpcClientProtocolService.java:lambda$processClientRequest$0(279)) - Failed RaftClientRequest:client-11F5E2EF3273->4b66a4eb-9baa-4818-a82d-5882a8281712@group-693E871481E7, cid=10, seq=0, Watch-ALL_COMMITTED(6), Message:<EMPTY>, reply=RaftClientReply:client-11F5E2EF3273->4b66a4eb-9baa-4818-a82d-5882a8281712@group-693E871481E7, cid=10, FAILED org.apache.ratis.protocol.NotReplicatedException: Request with call Id 10 and log index 6 is not yet replicated to ALL_COMMITTED, logIndex=6, commits[4b66a4eb-9baa-4818-a82d-5882a8281712:c10, faef99ea-f5b7-4431-8bda-3d2e4205e0e9:c4, e72837b7-fe0e-4475-9dee-4d836a3196bb:c10]
2019-11-07 16:29:27,023 [EventQueue-ContainerReportForContainerReportHandler] WARN  container.ContainerReportHandler (AbstractContainerReportHandler.java:updateContainerState(145)) - Container #1 is in OPEN state, but the datanode e72837b7-fe0e-4475-9dee-4d836a3196bb{ip: 192.168.69.106, host: pr-hdds-2329-pipelines-wl5p8-3511966945, networkLocation: /default-rack, certSerialId: null} reports an CLOSED replica.
2019-11-07 16:29:27,169 [EventQueue-ContainerReportForContainerReportHandler] WARN  container.ContainerReportHandler (AbstractContainerReportHandler.java:updateContainerState(145)) - Container #1 is in OPEN state, but the datanode 4b66a4eb-9baa-4818-a82d-5882a8281712{ip: 192.168.69.106, host: pr-hdds-2329-pipelines-wl5p8-3511966945, networkLocation: /default-rack, certSerialId: null} reports an CLOSED replica.
2019-11-07 16:29:27,325 [EventQueue-ContainerReportForContainerReportHandler] WARN  container.ContainerReportHandler (AbstractContainerReportHandler.java:updateContainerState(145)) - Container #1 is in OPEN state, but the datanode e72837b7-fe0e-4475-9dee-4d836a3196bb{ip: 192.168.69.106, host: pr-hdds-2329-pipelines-wl5p8-3511966945, networkLocation: /default-rack, certSerialId: null} reports an CLOSED replica.
2019-11-07 16:29:27,400 [java.util.concurrent.ThreadPoolExecutor$Worker@623112c8[State = -1, empty queue]] WARN  server.GrpcLogAppender (GrpcLogAppender.java:timeoutAppendRequest(209)) - 4b66a4eb-9baa-4818-a82d-5882a8281712@group-693E871481E7->faef99ea-f5b7-4431-8bda-3d2e4205e0e9-GrpcLogAppender: appendEntries Timeout, request=4b66a4eb-9baa-4818-a82d-5882a8281712->faef99ea-f5b7-4431-8bda-3d2e4205e0e9#27-t1, previous=(t:1, i:10), leaderCommit=10, initializing? false, entries: <empty>
2019-11-07 16:29:27,469 [EventQueue-ContainerReportForContainerReportHandler] WARN  container.ContainerReportHandler (AbstractContainerReportHandler.java:updateContainerState(145)) - Container #1 is in OPEN state, but the datanode 4b66a4eb-9baa-4818-a82d-5882a8281712{ip: 192.168.69.106, host: pr-hdds-2329-pipelines-wl5p8-3511966945, networkLocation: /default-rack, certSerialId: null} reports an CLOSED replica.
2019-11-07 16:29:27,577 [BlockDeletingService#2] WARN  background.BlockDeletingService (BlockDeletingService.java:isDeletionAllowed(187)) - Close Container log Index 6 is not replicated across allthe servers in the pipeline 8b73d13d-1cd3-4e44-b4fa-693e871481e7 as the min replicated index is 4. Deletion is not allowed in this container yet.
2019-11-07 16:29:27,577 [BlockDeletingService#2] WARN  background.BlockDeletingService (BlockDeletingService.java:isDeletionAllowed(187)) - Close Container log Index 6 is not replicated across allthe servers in the pipeline 8b73d13d-1cd3-4e44-b4fa-693e871481e7 as the min replicated index is 4. Deletion is not allowed in this container yet.
2019-11-07 16:29:27,727 [EventQueue-ContainerReportForContainerReportHandler] WARN  container.ContainerReportHandler (AbstractContainerReportHandler.java:updateContainerState(145)) - Container #1 is in OPEN state, but the datanode e72837b7-fe0e-4475-9dee-4d836a3196bb{ip: 192.168.69.106, host: pr-hdds-2329-pipelines-wl5p8-3511966945, networkLocation: /default-rack, certSerialId: null} reports an CLOSED replica.
2019-11-07 16:29:27,769 [EventQueue-ContainerReportForContainerReportHandler] WARN  container.ContainerReportHandler (AbstractContainerReportHandler.java:updateContainerState(145)) - Container #1 is in OPEN state, but the datanode 4b66a4eb-9baa-4818-a82d-5882a8281712{ip: 192.168.69.106, host: pr-hdds-2329-pipelines-wl5p8-3511966945, networkLocation: /default-rack, certSerialId: null} reports an CLOSED replica.
2019-11-07 16:29:27,969 [EventQueue-ContainerReportForContainerReportHandler] WARN  container.ContainerReportHandler (AbstractContainerReportHandler.java:updateContainerState(145)) - Container #1 is in OPEN state, but the datanode 4b66a4eb-9baa-4818-a82d-5882a8281712{ip: 192.168.69.106, host: pr-hdds-2329-pipelines-wl5p8-3511966945, networkLocation: /default-rack, certSerialId: null} reports an CLOSED replica.
2019-11-07 16:29:28,027 [EventQueue-ContainerReportForContainerReportHandler] WARN  container.ContainerReportHandler (AbstractContainerReportHandler.java:updateContainerState(145)) - Container #1 is in OPEN state, but the datanode e72837b7-fe0e-4475-9dee-4d836a3196bb{ip: 192.168.69.106, host: pr-hdds-2329-pipelines-wl5p8-3511966945, networkLocation: /default-rack, certSerialId: null} reports an CLOSED replica.
2019-11-07 16:29:28,228 [EventQueue-ContainerReportForContainerReportHandler] WARN  container.ContainerReportHandler (AbstractContainerReportHandler.java:updateContainerState(145)) - Container #1 is in OPEN state, but the datanode e72837b7-fe0e-4475-9dee-4d836a3196bb{ip: 192.168.69.106, host: pr-hdds-2329-pipelines-wl5p8-3511966945, networkLocation: /default-rack, certSerialId: null} reports an CLOSED replica.
2019-11-07 16:29:28,269 [EventQueue-ContainerReportForContainerReportHandler] WARN  container.ContainerReportHandler (AbstractContainerReportHandler.java:updateContainerState(145)) - Container #1 is in OPEN state, but the datanode 4b66a4eb-9baa-4818-a82d-5882a8281712{ip: 192.168.69.106, host: pr-hdds-2329-pipelines-wl5p8-3511966945, networkLocation: /default-rack, certSerialId: null} reports an CLOSED replica.
2019-11-07 16:29:28,569 [EventQueue-ContainerReportForContainerReportHandler] WARN  container.ContainerReportHandler (AbstractContainerReportHandler.java:updateContainerState(145)) - Container #1 is in OPEN state, but the datanode 4b66a4eb-9baa-4818-a82d-5882a8281712{ip: 192.168.69.106, host: pr-hdds-2329-pipelines-wl5p8-3511966945, networkLocation: /default-rack, certSerialId: null} reports an CLOSED replica.
2019-11-07 16:29:28,579 [BlockDeletingService#2] WARN  background.BlockDeletingService (BlockDeletingService.java:isDeletionAllowed(187)) - Close Container log Index 6 is not replicated across allthe servers in the pipeline 8b73d13d-1cd3-4e44-b4fa-693e871481e7 as the min replicated index is 4. Deletion is not allowed in this container yet.
2019-11-07 16:29:28,579 [BlockDeletingService#2] WARN  background.BlockDeletingService (BlockDeletingService.java:isDeletionAllowed(187)) - Close Container log Index 6 is not replicated across allthe servers in the pipeline 8b73d13d-1cd3-4e44-b4fa-693e871481e7 as the min replicated index is 4. Deletion is not allowed in this container yet.
2019-11-07 16:29:28,628 [EventQueue-ContainerReportForContainerReportHandler] WARN  container.ContainerReportHandler (AbstractContainerReportHandler.java:updateContainerState(145)) - Container #1 is in OPEN state, but the datanode e72837b7-fe0e-4475-9dee-4d836a3196bb{ip: 192.168.69.106, host: pr-hdds-2329-pipelines-wl5p8-3511966945, networkLocation: /default-rack, certSerialId: null} reports an CLOSED replica.
2019-11-07 16:29:28,769 [EventQueue-ContainerReportForContainerReportHandler] WARN  container.ContainerReportHandler (AbstractContainerReportHandler.java:updateContainerState(145)) - Container #1 is in OPEN state, but the datanode 4b66a4eb-9baa-4818-a82d-5882a8281712{ip: 192.168.69.106, host: pr-hdds-2329-pipelines-wl5p8-3511966945, networkLocation: /default-rack, certSerialId: null} reports an CLOSED replica.
2019-11-07 16:29:28,829 [EventQueue-ContainerReportForContainerReportHandler] WARN  container.ContainerReportHandler (AbstractContainerReportHandler.java:updateContainerState(145)) - Container #1 is in OPEN state, but the datanode e72837b7-fe0e-4475-9dee-4d836a3196bb{ip: 192.168.69.106, host: pr-hdds-2329-pipelines-wl5p8-3511966945, networkLocation: /default-rack, certSerialId: null} reports an CLOSED replica.
2019-11-07 16:29:29,069 [EventQueue-ContainerReportForContainerReportHandler] WARN  container.ContainerReportHandler (AbstractContainerReportHandler.java:updateContainerState(145)) - Container #1 is in OPEN state, but the datanode 4b66a4eb-9baa-4818-a82d-5882a8281712{ip: 192.168.69.106, host: pr-hdds-2329-pipelines-wl5p8-3511966945, networkLocation: /default-rack, certSerialId: null} reports an CLOSED replica.
2019-11-07 16:29:29,129 [EventQueue-ContainerReportForContainerReportHandler] WARN  container.ContainerReportHandler (AbstractContainerReportHandler.java:updateContainerState(145)) - Container #1 is in OPEN state, but the datanode e72837b7-fe0e-4475-9dee-4d836a3196bb{ip: 192.168.69.106, host: pr-hdds-2329-pipelines-wl5p8-3511966945, networkLocation: /default-rack, certSerialId: null} reports an CLOSED replica.
2019-11-07 16:29:29,369 [EventQueue-ContainerReportForContainerReportHandler] WARN  container.ContainerReportHandler (AbstractContainerReportHandler.java:updateContainerState(145)) - Container #1 is in OPEN state, but the datanode 4b66a4eb-9baa-4818-a82d-5882a8281712{ip: 192.168.69.106, host: pr-hdds-2329-pipelines-wl5p8-3511966945, networkLocation: /default-rack, certSerialId: null} reports an CLOSED replica.
2019-11-07 16:29:29,429 [EventQueue-ContainerReportForContainerReportHandler] WARN  container.ContainerReportHandler (AbstractContainerReportHandler.java:updateContainerState(145)) - Container #1 is in OPEN state, but the datanode e72837b7-fe0e-4475-9dee-4d836a3196bb{ip: 192.168.69.106, host: pr-hdds-2329-pipelines-wl5p8-3511966945, networkLocation: /default-rack, certSerialId: null} reports an CLOSED replica.
2019-11-07 16:29:29,570 [EventQueue-ContainerReportForContainerReportHandler] WARN  container.ContainerReportHandler (AbstractContainerReportHandler.java:updateContainerState(145)) - Container #1 is in OPEN state, but the datanode 4b66a4eb-9baa-4818-a82d-5882a8281712{ip: 192.168.69.106, host: pr-hdds-2329-pipelines-wl5p8-3511966945, networkLocation: /default-rack, certSerialId: null} reports an CLOSED replica.
2019-11-07 16:29:29,581 [BlockDeletingService#2] WARN  background.BlockDeletingService (BlockDeletingService.java:isDeletionAllowed(187)) - Close Container log Index 6 is not replicated across allthe servers in the pipeline 8b73d13d-1cd3-4e44-b4fa-693e871481e7 as the min replicated index is 4. Deletion is not allowed in this container yet.
2019-11-07 16:29:29,581 [BlockDeletingService#2] WARN  background.BlockDeletingService (BlockDeletingService.java:isDeletionAllowed(187)) - Close Container log Index 6 is not replicated across allthe servers in the pipeline 8b73d13d-1cd3-4e44-b4fa-693e871481e7 as the min replicated index is 4. Deletion is not allowed in this container yet.
2019-11-07 16:29:29,729 [EventQueue-ContainerReportForContainerReportHandler] WARN  container.ContainerReportHandler (AbstractContainerReportHandler.java:updateContainerState(145)) - Container #1 is in OPEN state, but the datanode e72837b7-fe0e-4475-9dee-4d836a3196bb{ip: 192.168.69.106, host: pr-hdds-2329-pipelines-wl5p8-3511966945, networkLocation: /default-rack, certSerialId: null} reports an CLOSED replica.
2019-11-07 16:29:29,901 [java.util.concurrent.ThreadPoolExecutor$Worker@623112c8[State = -1, empty queue]] WARN  server.GrpcLogAppender (GrpcLogAppender.java:timeoutAppendRequest(209)) - 4b66a4eb-9baa-4818-a82d-5882a8281712@group-693E871481E7->faef99ea-f5b7-4431-8bda-3d2e4205e0e9-GrpcLogAppender: appendEntries Timeout, request=4b66a4eb-9baa-4818-a82d-5882a8281712->faef99ea-f5b7-4431-8bda-3d2e4205e0e9#28-t1, previous=(t:1, i:10), leaderCommit=10, initializing? false, entries: <empty>
2019-11-07 16:29:29,970 [EventQueue-ContainerReportForContainerReportHandler] WARN  container.ContainerReportHandler (AbstractContainerReportHandler.java:updateContainerState(145)) - Container #1 is in OPEN state, but the datanode 4b66a4eb-9baa-4818-a82d-5882a8281712{ip: 192.168.69.106, host: pr-hdds-2329-pipelines-wl5p8-3511966945, networkLocation: /default-rack, certSerialId: null} reports an CLOSED replica.
2019-11-07 16:29:30,030 [EventQueue-ContainerReportForContainerReportHandler] WARN  container.ContainerReportHandler (AbstractContainerReportHandler.java:updateContainerState(145)) - Container #1 is in OPEN state, but the datanode e72837b7-fe0e-4475-9dee-4d836a3196bb{ip: 192.168.69.106, host: pr-hdds-2329-pipelines-wl5p8-3511966945, networkLocation: /default-rack, certSerialId: null} reports an CLOSED replica.
2019-11-07 16:29:30,272 [EventQueue-ContainerReportForContainerReportHandler] WARN  container.ContainerReportHandler (AbstractContainerReportHandler.java:updateContainerState(145)) - Container #1 is in OPEN state, but the datanode 4b66a4eb-9baa-4818-a82d-5882a8281712{ip: 192.168.69.106, host: pr-hdds-2329-pipelines-wl5p8-3511966945, networkLocation: /default-rack, certSerialId: null} reports an CLOSED replica.
2019-11-07 16:29:30,432 [EventQueue-ContainerReportForContainerReportHandler] WARN  container.ContainerReportHandler (AbstractContainerReportHandler.java:updateContainerState(145)) - Container #1 is in OPEN state, but the datanode e72837b7-fe0e-4475-9dee-4d836a3196bb{ip: 192.168.69.106, host: pr-hdds-2329-pipelines-wl5p8-3511966945, networkLocation: /default-rack, certSerialId: null} reports an CLOSED replica.
2019-11-07 16:29:30,572 [EventQueue-ContainerReportForContainerReportHandler] WARN  container.ContainerReportHandler (AbstractContainerReportHandler.java:updateContainerState(145)) - Container #1 is in OPEN state, but the datanode 4b66a4eb-9baa-4818-a82d-5882a8281712{ip: 192.168.69.106, host: pr-hdds-2329-pipelines-wl5p8-3511966945, networkLocation: /default-rack, certSerialId: null} reports an CLOSED replica.
2019-11-07 16:29:30,585 [BlockDeletingService#2] WARN  background.BlockDeletingService (BlockDeletingService.java:isDeletionAllowed(187)) - Close Container log Index 6 is not replicated across allthe servers in the pipeline 8b73d13d-1cd3-4e44-b4fa-693e871481e7 as the min replicated index is 4. Deletion is not allowed in this container yet.
2019-11-07 16:29:30,586 [BlockDeletingService#2] WARN  background.BlockDeletingService (BlockDeletingService.java:isDeletionAllowed(187)) - Close Container log Index 6 is not replicated across allthe servers in the pipeline 8b73d13d-1cd3-4e44-b4fa-693e871481e7 as the min replicated index is 4. Deletion is not allowed in this container yet.
2019-11-07 16:29:30,632 [EventQueue-ContainerReportForContainerReportHandler] WARN  container.ContainerReportHandler (AbstractContainerReportHandler.java:updateContainerState(145)) - Container #1 is in OPEN state, but the datanode e72837b7-fe0e-4475-9dee-4d836a3196bb{ip: 192.168.69.106, host: pr-hdds-2329-pipelines-wl5p8-3511966945, networkLocation: /default-rack, certSerialId: null} reports an CLOSED replica.
2019-11-07 16:29:30,773 [EventQueue-ContainerReportForContainerReportHandler] WARN  container.ContainerReportHandler (AbstractContainerReportHandler.java:updateContainerState(145)) - Container #1 is in OPEN state, but the datanode 4b66a4eb-9baa-4818-a82d-5882a8281712{ip: 192.168.69.106, host: pr-hdds-2329-pipelines-wl5p8-3511966945, networkLocation: /default-rack, certSerialId: null} reports an CLOSED replica.
2019-11-07 16:29:30,974 [EventQueue-ContainerReportForContainerReportHandler] WARN  container.ContainerReportHandler (AbstractContainerReportHandler.java:updateContainerState(145)) - Container #1 is in OPEN state, but the datanode 4b66a4eb-9baa-4818-a82d-5882a8281712{ip: 192.168.69.106, host: pr-hdds-2329-pipelines-wl5p8-3511966945, networkLocation: /default-rack, certSerialId: null} reports an CLOSED replica.
2019-11-07 16:29:31,032 [EventQueue-ContainerReportForContainerReportHandler] WARN  container.ContainerReportHandler (AbstractContainerReportHandler.java:updateContainerState(145)) - Container #1 is in OPEN state, but the datanode e72837b7-fe0e-4475-9dee-4d836a3196bb{ip: 192.168.69.106, host: pr-hdds-2329-pipelines-wl5p8-3511966945, networkLocation: /default-rack, certSerialId: null} reports an CLOSED replica.
2019-11-07 16:29:31,232 [EventQueue-ContainerReportForContainerReportHandler] WARN  container.ContainerReportHandler (AbstractContainerReportHandler.java:updateContainerState(145)) - Container #1 is in OPEN state, but the datanode e72837b7-fe0e-4475-9dee-4d836a3196bb{ip: 192.168.69.106, host: pr-hdds-2329-pipelines-wl5p8-3511966945, networkLocation: /default-rack, certSerialId: null} reports an CLOSED replica.
2019-11-07 16:29:31,274 [EventQueue-ContainerReportForContainerReportHandler] WARN  container.ContainerReportHandler (AbstractContainerReportHandler.java:updateContainerState(145)) - Container #1 is in OPEN state, but the datanode 4b66a4eb-9baa-4818-a82d-5882a8281712{ip: 192.168.69.106, host: pr-hdds-2329-pipelines-wl5p8-3511966945, networkLocation: /default-rack, certSerialId: null} reports an CLOSED replica.
2019-11-07 16:29:31,532 [EventQueue-ContainerReportForContainerReportHandler] WARN  container.ContainerReportHandler (AbstractContainerReportHandler.java:updateContainerState(145)) - Container #1 is in OPEN state, but the datanode e72837b7-fe0e-4475-9dee-4d836a3196bb{ip: 192.168.69.106, host: pr-hdds-2329-pipelines-wl5p8-3511966945, networkLocation: /default-rack, certSerialId: null} reports an CLOSED replica.
2019-11-07 16:29:31,575 [EventQueue-ContainerReportForContainerReportHandler] WARN  container.ContainerReportHandler (AbstractContainerReportHandler.java:updateContainerState(145)) - Container #1 is in OPEN state, but the datanode 4b66a4eb-9baa-4818-a82d-5882a8281712{ip: 192.168.69.106, host: pr-hdds-2329-pipelines-wl5p8-3511966945, networkLocation: /default-rack, certSerialId: null} reports an CLOSED replica.
2019-11-07 16:29:31,587 [BlockDeletingService#2] WARN  background.BlockDeletingService (BlockDeletingService.java:isDeletionAllowed(187)) - Close Container log Index 6 is not replicated across allthe servers in the pipeline 8b73d13d-1cd3-4e44-b4fa-693e871481e7 as the min replicated index is 4. Deletion is not allowed in this container yet.
2019-11-07 16:29:31,587 [BlockDeletingService#2] WARN  background.BlockDeletingService (BlockDeletingService.java:isDeletionAllowed(187)) - Close Container log Index 6 is not replicated across allthe servers in the pipeline 8b73d13d-1cd3-4e44-b4fa-693e871481e7 as the min replicated index is 4. Deletion is not allowed in this container yet.
2019-11-07 16:29:31,732 [EventQueue-ContainerReportForContainerReportHandler] WARN  container.ContainerReportHandler (AbstractContainerReportHandler.java:updateContainerState(145)) - Container #1 is in OPEN state, but the datanode e72837b7-fe0e-4475-9dee-4d836a3196bb{ip: 192.168.69.106, host: pr-hdds-2329-pipelines-wl5p8-3511966945, networkLocation: /default-rack, certSerialId: null} reports an CLOSED replica.
2019-11-07 16:29:31,874 [EventQueue-ContainerReportForContainerReportHandler] WARN  container.ContainerReportHandler (AbstractContainerReportHandler.java:updateContainerState(145)) - Container #1 is in OPEN state, but the datanode 4b66a4eb-9baa-4818-a82d-5882a8281712{ip: 192.168.69.106, host: pr-hdds-2329-pipelines-wl5p8-3511966945, networkLocation: /default-rack, certSerialId: null} reports an CLOSED replica.
2019-11-07 16:29:31,932 [EventQueue-ContainerReportForContainerReportHandler] WARN  container.ContainerReportHandler (AbstractContainerReportHandler.java:updateContainerState(145)) - Container #1 is in OPEN state, but the datanode e72837b7-fe0e-4475-9dee-4d836a3196bb{ip: 192.168.69.106, host: pr-hdds-2329-pipelines-wl5p8-3511966945, networkLocation: /default-rack, certSerialId: null} reports an CLOSED replica.
2019-11-07 16:29:32,174 [EventQueue-ContainerReportForContainerReportHandler] WARN  container.ContainerReportHandler (AbstractContainerReportHandler.java:updateContainerState(145)) - Container #1 is in OPEN state, but the datanode 4b66a4eb-9baa-4818-a82d-5882a8281712{ip: 192.168.69.106, host: pr-hdds-2329-pipelines-wl5p8-3511966945, networkLocation: /default-rack, certSerialId: null} reports an CLOSED replica.
2019-11-07 16:29:32,232 [EventQueue-ContainerReportForContainerReportHandler] WARN  container.ContainerReportHandler (AbstractContainerReportHandler.java:updateContainerState(145)) - Container #1 is in OPEN state, but the datanode e72837b7-fe0e-4475-9dee-4d836a3196bb{ip: 192.168.69.106, host: pr-hdds-2329-pipelines-wl5p8-3511966945, networkLocation: /default-rack, certSerialId: null} reports an CLOSED replica.
2019-11-07 16:29:32,374 [EventQueue-ContainerReportForContainerReportHandler] WARN  container.ContainerReportHandler (AbstractContainerReportHandler.java:updateContainerState(145)) - Container #1 is in OPEN state, but the datanode 4b66a4eb-9baa-4818-a82d-5882a8281712{ip: 192.168.69.106, host: pr-hdds-2329-pipelines-wl5p8-3511966945, networkLocation: /default-rack, certSerialId: null} reports an CLOSED replica.
2019-11-07 16:29:32,403 [java.util.concurrent.ThreadPoolExecutor$Worker@623112c8[State = -1, empty queue]] WARN  server.GrpcLogAppender (GrpcLogAppender.java:timeoutAppendRequest(209)) - 4b66a4eb-9baa-4818-a82d-5882a8281712@group-693E871481E7->faef99ea-f5b7-4431-8bda-3d2e4205e0e9-GrpcLogAppender: appendEntries Timeout, request=4b66a4eb-9baa-4818-a82d-5882a8281712->faef99ea-f5b7-4431-8bda-3d2e4205e0e9#29-t1, previous=(t:1, i:10), leaderCommit=10, initializing? false, entries: <empty>
2019-11-07 16:29:32,432 [EventQueue-ContainerReportForContainerReportHandler] WARN  container.ContainerReportHandler (AbstractContainerReportHandler.java:updateContainerState(145)) - Container #1 is in OPEN state, but the datanode e72837b7-fe0e-4475-9dee-4d836a3196bb{ip: 192.168.69.106, host: pr-hdds-2329-pipelines-wl5p8-3511966945, networkLocation: /default-rack, certSerialId: null} reports an CLOSED replica.
2019-11-07 16:29:32,589 [BlockDeletingService#2] WARN  background.BlockDeletingService (BlockDeletingService.java:isDeletionAllowed(187)) - Close Container log Index 6 is not replicated across allthe servers in the pipeline 8b73d13d-1cd3-4e44-b4fa-693e871481e7 as the min replicated index is 4. Deletion is not allowed in this container yet.
2019-11-07 16:29:32,589 [BlockDeletingService#2] WARN  background.BlockDeletingService (BlockDeletingService.java:isDeletionAllowed(187)) - Close Container log Index 6 is not replicated across allthe servers in the pipeline 8b73d13d-1cd3-4e44-b4fa-693e871481e7 as the min replicated index is 4. Deletion is not allowed in this container yet.
2019-11-07 16:29:32,674 [EventQueue-ContainerReportForContainerReportHandler] WARN  container.ContainerReportHandler (AbstractContainerReportHandler.java:updateContainerState(145)) - Container #1 is in OPEN state, but the datanode 4b66a4eb-9baa-4818-a82d-5882a8281712{ip: 192.168.69.106, host: pr-hdds-2329-pipelines-wl5p8-3511966945, networkLocation: /default-rack, certSerialId: null} reports an CLOSED replica.
2019-11-07 16:29:32,734 [EventQueue-ContainerReportForContainerReportHandler] WARN  container.ContainerReportHandler (AbstractContainerReportHandler.java:updateContainerState(145)) - Container #1 is in OPEN state, but the datanode e72837b7-fe0e-4475-9dee-4d836a3196bb{ip: 192.168.69.106, host: pr-hdds-2329-pipelines-wl5p8-3511966945, networkLocation: /default-rack, certSerialId: null} reports an CLOSED replica.
2019-11-07 16:29:33,034 [EventQueue-ContainerReportForContainerReportHandler] WARN  container.ContainerReportHandler (AbstractContainerReportHandler.java:updateContainerState(145)) - Container #1 is in OPEN state, but the datanode e72837b7-fe0e-4475-9dee-4d836a3196bb{ip: 192.168.69.106, host: pr-hdds-2329-pipelines-wl5p8-3511966945, networkLocation: /default-rack, certSerialId: null} reports an CLOSED replica.
2019-11-07 16:29:33,074 [EventQueue-ContainerReportForContainerReportHandler] WARN  container.ContainerReportHandler (AbstractContainerReportHandler.java:updateContainerState(145)) - Container #1 is in OPEN state, but the datanode 4b66a4eb-9baa-4818-a82d-5882a8281712{ip: 192.168.69.106, host: pr-hdds-2329-pipelines-wl5p8-3511966945, networkLocation: /default-rack, certSerialId: null} reports an CLOSED replica.
2019-11-07 16:29:33,275 [EventQueue-ContainerReportForContainerReportHandler] WARN  container.ContainerReportHandler (AbstractContainerReportHandler.java:updateContainerState(145)) - Container #1 is in OPEN state, but the datanode 4b66a4eb-9baa-4818-a82d-5882a8281712{ip: 192.168.69.106, host: pr-hdds-2329-pipelines-wl5p8-3511966945, networkLocation: /default-rack, certSerialId: null} reports an CLOSED replica.
2019-11-07 16:29:33,434 [EventQueue-ContainerReportForContainerReportHandler] WARN  container.ContainerReportHandler (AbstractContainerReportHandler.java:updateContainerState(145)) - Container #1 is in OPEN state, but the datanode e72837b7-fe0e-4475-9dee-4d836a3196bb{ip: 192.168.69.106, host: pr-hdds-2329-pipelines-wl5p8-3511966945, networkLocation: /default-rack, certSerialId: null} reports an CLOSED replica.
2019-11-07 16:29:33,475 [EventQueue-ContainerReportForContainerReportHandler] WARN  container.ContainerReportHandler (AbstractContainerReportHandler.java:updateContainerState(145)) - Container #1 is in OPEN state, but the datanode 4b66a4eb-9baa-4818-a82d-5882a8281712{ip: 192.168.69.106, host: pr-hdds-2329-pipelines-wl5p8-3511966945, networkLocation: /default-rack, certSerialId: null} reports an CLOSED replica.
2019-11-07 16:29:33,590 [BlockDeletingService#2] WARN  background.BlockDeletingService (BlockDeletingService.java:isDeletionAllowed(187)) - Close Container log Index 6 is not replicated across allthe servers in the pipeline 8b73d13d-1cd3-4e44-b4fa-693e871481e7 as the min replicated index is 4. Deletion is not allowed in this container yet.
2019-11-07 16:29:33,590 [BlockDeletingService#2] WARN  background.BlockDeletingService (BlockDeletingService.java:isDeletionAllowed(187)) - Close Container log Index 6 is not replicated across allthe servers in the pipeline 8b73d13d-1cd3-4e44-b4fa-693e871481e7 as the min replicated index is 4. Deletion is not allowed in this container yet.
2019-11-07 16:29:33,734 [EventQueue-ContainerReportForContainerReportHandler] WARN  container.ContainerReportHandler (AbstractContainerReportHandler.java:updateContainerState(145)) - Container #1 is in OPEN state, but the datanode e72837b7-fe0e-4475-9dee-4d836a3196bb{ip: 192.168.69.106, host: pr-hdds-2329-pipelines-wl5p8-3511966945, networkLocation: /default-rack, certSerialId: null} reports an CLOSED replica.
2019-11-07 16:29:33,775 [EventQueue-ContainerReportForContainerReportHandler] WARN  container.ContainerReportHandler (AbstractContainerReportHandler.java:updateContainerState(145)) - Container #1 is in OPEN state, but the datanode 4b66a4eb-9baa-4818-a82d-5882a8281712{ip: 192.168.69.106, host: pr-hdds-2329-pipelines-wl5p8-3511966945, networkLocation: /default-rack, certSerialId: null} reports an CLOSED replica.
2019-11-07 16:29:33,934 [EventQueue-ContainerReportForContainerReportHandler] WARN  container.ContainerReportHandler (AbstractContainerReportHandler.java:updateContainerState(145)) - Container #1 is in OPEN state, but the datanode e72837b7-fe0e-4475-9dee-4d836a3196bb{ip: 192.168.69.106, host: pr-hdds-2329-pipelines-wl5p8-3511966945, networkLocation: /default-rack, certSerialId: null} reports an CLOSED replica.
2019-11-07 16:29:34,176 [EventQueue-ContainerReportForContainerReportHandler] WARN  container.ContainerReportHandler (AbstractContainerReportHandler.java:updateContainerState(145)) - Container #1 is in OPEN state, but the datanode 4b66a4eb-9baa-4818-a82d-5882a8281712{ip: 192.168.69.106, host: pr-hdds-2329-pipelines-wl5p8-3511966945, networkLocation: /default-rack, certSerialId: null} reports an CLOSED replica.
2019-11-07 16:29:34,235 [EventQueue-ContainerReportForContainerReportHandler] WARN  container.ContainerReportHandler (AbstractContainerReportHandler.java:updateContainerState(145)) - Container #1 is in OPEN state, but the datanode e72837b7-fe0e-4475-9dee-4d836a3196bb{ip: 192.168.69.106, host: pr-hdds-2329-pipelines-wl5p8-3511966945, networkLocation: /default-rack, certSerialId: null} reports an CLOSED replica.
2019-11-07 16:29:34,376 [EventQueue-ContainerReportForContainerReportHandler] WARN  container.ContainerReportHandler (AbstractContainerReportHandler.java:updateContainerState(145)) - Container #1 is in OPEN state, but the datanode 4b66a4eb-9baa-4818-a82d-5882a8281712{ip: 192.168.69.106, host: pr-hdds-2329-pipelines-wl5p8-3511966945, networkLocation: /default-rack, certSerialId: null} reports an CLOSED replica.
2019-11-07 16:29:34,423 [Thread-367] INFO  client.GrpcClientProtocolService (GrpcClientProtocolService.java:lambda$processClientRequest$0(279)) - Failed RaftClientRequest:client-11F5E2EF3273->e72837b7-fe0e-4475-9dee-4d836a3196bb@group-693E871481E7, cid=10, seq=0, Watch-ALL_COMMITTED(6), Message:<EMPTY>, reply=RaftClientReply:client-11F5E2EF3273->e72837b7-fe0e-4475-9dee-4d836a3196bb@group-693E871481E7, cid=10, FAILED org.apache.ratis.protocol.NotLeaderException: Server e72837b7-fe0e-4475-9dee-4d836a3196bb@group-693E871481E7 is not the leader 4b66a4eb-9baa-4818-a82d-5882a8281712:192.168.69.106:35202, logIndex=0, commits[e72837b7-fe0e-4475-9dee-4d836a3196bb:c10, faef99ea-f5b7-4431-8bda-3d2e4205e0e9:c4, 4b66a4eb-9baa-4818-a82d-5882a8281712:c10]
2019-11-07 16:29:34,575 [EventQueue-ContainerReportForContainerReportHandler] WARN  container.ContainerReportHandler (AbstractContainerReportHandler.java:updateContainerState(145)) - Container #1 is in OPEN state, but the datanode 4b66a4eb-9baa-4818-a82d-5882a8281712{ip: 192.168.69.106, host: pr-hdds-2329-pipelines-wl5p8-3511966945, networkLocation: /default-rack, certSerialId: null} reports an CLOSED replica.
2019-11-07 16:29:34,592 [BlockDeletingService#2] WARN  background.BlockDeletingService (BlockDeletingService.java:isDeletionAllowed(187)) - Close Container log Index 6 is not replicated across allthe servers in the pipeline 8b73d13d-1cd3-4e44-b4fa-693e871481e7 as the min replicated index is 4. Deletion is not allowed in this container yet.
2019-11-07 16:29:34,592 [BlockDeletingService#2] WARN  background.BlockDeletingService (BlockDeletingService.java:isDeletionAllowed(187)) - Close Container log Index 6 is not replicated across allthe servers in the pipeline 8b73d13d-1cd3-4e44-b4fa-693e871481e7 as the min replicated index is 4. Deletion is not allowed in this container yet.
2019-11-07 16:29:34,636 [EventQueue-ContainerReportForContainerReportHandler] WARN  container.ContainerReportHandler (AbstractContainerReportHandler.java:updateContainerState(145)) - Container #1 is in OPEN state, but the datanode e72837b7-fe0e-4475-9dee-4d836a3196bb{ip: 192.168.69.106, host: pr-hdds-2329-pipelines-wl5p8-3511966945, networkLocation: /default-rack, certSerialId: null} reports an CLOSED replica.
2019-11-07 16:29:34,905 [java.util.concurrent.ThreadPoolExecutor$Worker@623112c8[State = -1, empty queue]] WARN  server.GrpcLogAppender (GrpcLogAppender.java:timeoutAppendRequest(209)) - 4b66a4eb-9baa-4818-a82d-5882a8281712@group-693E871481E7->faef99ea-f5b7-4431-8bda-3d2e4205e0e9-GrpcLogAppender: appendEntries Timeout, request=4b66a4eb-9baa-4818-a82d-5882a8281712->faef99ea-f5b7-4431-8bda-3d2e4205e0e9#30-t1, previous=(t:1, i:10), leaderCommit=10, initializing? false, entries: <empty>
2019-11-07 16:29:34,936 [EventQueue-ContainerReportForContainerReportHandler] WARN  container.ContainerReportHandler (AbstractContainerReportHandler.java:updateContainerState(145)) - Container #1 is in OPEN state, but the datanode e72837b7-fe0e-4475-9dee-4d836a3196bb{ip: 192.168.69.106, host: pr-hdds-2329-pipelines-wl5p8-3511966945, networkLocation: /default-rack, certSerialId: null} reports an CLOSED replica.
2019-11-07 16:29:34,978 [EventQueue-ContainerReportForContainerReportHandler] WARN  container.ContainerReportHandler (AbstractContainerReportHandler.java:updateContainerState(145)) - Container #1 is in OPEN state, but the datanode 4b66a4eb-9baa-4818-a82d-5882a8281712{ip: 192.168.69.106, host: pr-hdds-2329-pipelines-wl5p8-3511966945, networkLocation: /default-rack, certSerialId: null} reports an CLOSED replica.
2019-11-07 16:29:35,178 [EventQueue-ContainerReportForContainerReportHandler] WARN  container.ContainerReportHandler (AbstractContainerReportHandler.java:updateContainerState(145)) - Container #1 is in OPEN state, but the datanode 4b66a4eb-9baa-4818-a82d-5882a8281712{ip: 192.168.69.106, host: pr-hdds-2329-pipelines-wl5p8-3511966945, networkLocation: /default-rack, certSerialId: null} reports an CLOSED replica.
2019-11-07 16:29:35,237 [EventQueue-ContainerReportForContainerReportHandler] WARN  container.ContainerReportHandler (AbstractContainerReportHandler.java:updateContainerState(145)) - Container #1 is in OPEN state, but the datanode e72837b7-fe0e-4475-9dee-4d836a3196bb{ip: 192.168.69.106, host: pr-hdds-2329-pipelines-wl5p8-3511966945, networkLocation: /default-rack, certSerialId: null} reports an CLOSED replica.
2019-11-07 16:29:35,378 [EventQueue-ContainerReportForContainerReportHandler] WARN  container.ContainerReportHandler (AbstractContainerReportHandler.java:updateContainerState(145)) - Container #1 is in OPEN state, but the datanode 4b66a4eb-9baa-4818-a82d-5882a8281712{ip: 192.168.69.106, host: pr-hdds-2329-pipelines-wl5p8-3511966945, networkLocation: /default-rack, certSerialId: null} reports an CLOSED replica.
2019-11-07 16:29:35,597 [BlockDeletingService#2] WARN  background.BlockDeletingService (BlockDeletingService.java:isDeletionAllowed(187)) - Close Container log Index 6 is not replicated across allthe servers in the pipeline 8b73d13d-1cd3-4e44-b4fa-693e871481e7 as the min replicated index is 4. Deletion is not allowed in this container yet.
2019-11-07 16:29:35,597 [BlockDeletingService#2] WARN  background.BlockDeletingService (BlockDeletingService.java:isDeletionAllowed(187)) - Close Container log Index 6 is not replicated across allthe servers in the pipeline 8b73d13d-1cd3-4e44-b4fa-693e871481e7 as the min replicated index is 4. Deletion is not allowed in this container yet.
2019-11-07 16:29:35,637 [EventQueue-ContainerReportForContainerReportHandler] WARN  container.ContainerReportHandler (AbstractContainerReportHandler.java:updateContainerState(145)) - Container #1 is in OPEN state, but the datanode e72837b7-fe0e-4475-9dee-4d836a3196bb{ip: 192.168.69.106, host: pr-hdds-2329-pipelines-wl5p8-3511966945, networkLocation: /default-rack, certSerialId: null} reports an CLOSED replica.
2019-11-07 16:29:35,679 [EventQueue-ContainerReportForContainerReportHandler] WARN  container.ContainerReportHandler (AbstractContainerReportHandler.java:updateContainerState(145)) - Container #1 is in OPEN state, but the datanode 4b66a4eb-9baa-4818-a82d-5882a8281712{ip: 192.168.69.106, host: pr-hdds-2329-pipelines-wl5p8-3511966945, networkLocation: /default-rack, certSerialId: null} reports an CLOSED replica.
2019-11-07 16:29:35,837 [EventQueue-ContainerReportForContainerReportHandler] WARN  container.ContainerReportHandler (AbstractContainerReportHandler.java:updateContainerState(145)) - Container #1 is in OPEN state, but the datanode e72837b7-fe0e-4475-9dee-4d836a3196bb{ip: 192.168.69.106, host: pr-hdds-2329-pipelines-wl5p8-3511966945, networkLocation: /default-rack, certSerialId: null} reports an CLOSED replica.
2019-11-07 16:29:35,884 [Thread-375] INFO  client.GrpcClientProtocolService (GrpcClientProtocolService.java:lambda$processClientRequest$0(279)) - Failed RaftClientRequest:client-11F5E2EF3273->4b66a4eb-9baa-4818-a82d-5882a8281712@group-693E871481E7, cid=10, seq=0, Watch-ALL_COMMITTED(6), Message:<EMPTY>, reply=RaftClientReply:client-11F5E2EF3273->4b66a4eb-9baa-4818-a82d-5882a8281712@group-693E871481E7, cid=10, FAILED org.apache.ratis.protocol.NotReplicatedException: Request with call Id 10 and log index 6 is not yet replicated to ALL_COMMITTED, logIndex=6, commits[4b66a4eb-9baa-4818-a82d-5882a8281712:c10, faef99ea-f5b7-4431-8bda-3d2e4205e0e9:c4, e72837b7-fe0e-4475-9dee-4d836a3196bb:c10]
2019-11-07 16:29:35,982 [EventQueue-ContainerReportForContainerReportHandler] WARN  container.ContainerReportHandler (AbstractContainerReportHandler.java:updateContainerState(145)) - Container #1 is in OPEN state, but the datanode 4b66a4eb-9baa-4818-a82d-5882a8281712{ip: 192.168.69.106, host: pr-hdds-2329-pipelines-wl5p8-3511966945, networkLocation: /default-rack, certSerialId: null} reports an CLOSED replica.
2019-11-07 16:29:36,137 [EventQueue-ContainerReportForContainerReportHandler] WARN  container.ContainerReportHandler (AbstractContainerReportHandler.java:updateContainerState(145)) - Container #1 is in OPEN state, but the datanode e72837b7-fe0e-4475-9dee-4d836a3196bb{ip: 192.168.69.106, host: pr-hdds-2329-pipelines-wl5p8-3511966945, networkLocation: /default-rack, certSerialId: null} reports an CLOSED replica.
2019-11-07 16:29:36,337 [EventQueue-ContainerReportForContainerReportHandler] WARN  container.ContainerReportHandler (AbstractContainerReportHandler.java:updateContainerState(145)) - Container #1 is in OPEN state, but the datanode e72837b7-fe0e-4475-9dee-4d836a3196bb{ip: 192.168.69.106, host: pr-hdds-2329-pipelines-wl5p8-3511966945, networkLocation: /default-rack, certSerialId: null} reports an CLOSED replica.
2019-11-07 16:29:36,385 [EventQueue-ContainerReportForContainerReportHandler] WARN  container.ContainerReportHandler (AbstractContainerReportHandler.java:updateContainerState(145)) - Container #1 is in OPEN state, but the datanode 4b66a4eb-9baa-4818-a82d-5882a8281712{ip: 192.168.69.106, host: pr-hdds-2329-pipelines-wl5p8-3511966945, networkLocation: /default-rack, certSerialId: null} reports an CLOSED replica.
2019-11-07 16:29:36,585 [EventQueue-ContainerReportForContainerReportHandler] WARN  container.ContainerReportHandler (AbstractContainerReportHandler.java:updateContainerState(145)) - Container #1 is in OPEN state, but the datanode 4b66a4eb-9baa-4818-a82d-5882a8281712{ip: 192.168.69.106, host: pr-hdds-2329-pipelines-wl5p8-3511966945, networkLocation: /default-rack, certSerialId: null} reports an CLOSED replica.
2019-11-07 16:29:36,601 [BlockDeletingService#2] WARN  background.BlockDeletingService (BlockDeletingService.java:isDeletionAllowed(187)) - Close Container log Index 6 is not replicated across allthe servers in the pipeline 8b73d13d-1cd3-4e44-b4fa-693e871481e7 as the min replicated index is 4. Deletion is not allowed in this container yet.
2019-11-07 16:29:36,601 [BlockDeletingService#2] WARN  background.BlockDeletingService (BlockDeletingService.java:isDeletionAllowed(187)) - Close Container log Index 6 is not replicated across allthe servers in the pipeline 8b73d13d-1cd3-4e44-b4fa-693e871481e7 as the min replicated index is 4. Deletion is not allowed in this container yet.
2019-11-07 16:29:36,738 [EventQueue-ContainerReportForContainerReportHandler] WARN  container.ContainerReportHandler (AbstractContainerReportHandler.java:updateContainerState(145)) - Container #1 is in OPEN state, but the datanode e72837b7-fe0e-4475-9dee-4d836a3196bb{ip: 192.168.69.106, host: pr-hdds-2329-pipelines-wl5p8-3511966945, networkLocation: /default-rack, certSerialId: null} reports an CLOSED replica.
2019-11-07 16:29:36,885 [EventQueue-ContainerReportForContainerReportHandler] WARN  container.ContainerReportHandler (AbstractContainerReportHandler.java:updateContainerState(145)) - Container #1 is in OPEN state, but the datanode 4b66a4eb-9baa-4818-a82d-5882a8281712{ip: 192.168.69.106, host: pr-hdds-2329-pipelines-wl5p8-3511966945, networkLocation: /default-rack, certSerialId: null} reports an CLOSED replica.
2019-11-07 16:29:37,038 [EventQueue-ContainerReportForContainerReportHandler] WARN  container.ContainerReportHandler (AbstractContainerReportHandler.java:updateContainerState(145)) - Container #1 is in OPEN state, but the datanode e72837b7-fe0e-4475-9dee-4d836a3196bb{ip: 192.168.69.106, host: pr-hdds-2329-pipelines-wl5p8-3511966945, networkLocation: /default-rack, certSerialId: null} reports an CLOSED replica.
2019-11-07 16:29:37,285 [EventQueue-ContainerReportForContainerReportHandler] WARN  container.ContainerReportHandler (AbstractContainerReportHandler.java:updateContainerState(145)) - Container #1 is in OPEN state, but the datanode 4b66a4eb-9baa-4818-a82d-5882a8281712{ip: 192.168.69.106, host: pr-hdds-2329-pipelines-wl5p8-3511966945, networkLocation: /default-rack, certSerialId: null} reports an CLOSED replica.
2019-11-07 16:29:37,339 [EventQueue-ContainerReportForContainerReportHandler] WARN  container.ContainerReportHandler (AbstractContainerReportHandler.java:updateContainerState(145)) - Container #1 is in OPEN state, but the datanode e72837b7-fe0e-4475-9dee-4d836a3196bb{ip: 192.168.69.106, host: pr-hdds-2329-pipelines-wl5p8-3511966945, networkLocation: /default-rack, certSerialId: null} reports an CLOSED replica.
2019-11-07 16:29:37,406 [java.util.concurrent.ThreadPoolExecutor$Worker@623112c8[State = -1, empty queue]] WARN  server.GrpcLogAppender (GrpcLogAppender.java:timeoutAppendRequest(209)) - 4b66a4eb-9baa-4818-a82d-5882a8281712@group-693E871481E7->faef99ea-f5b7-4431-8bda-3d2e4205e0e9-GrpcLogAppender: appendEntries Timeout, request=4b66a4eb-9baa-4818-a82d-5882a8281712->faef99ea-f5b7-4431-8bda-3d2e4205e0e9#31-t1, previous=(t:1, i:10), leaderCommit=10, initializing? false, entries: <empty>
2019-11-07 16:29:37,585 [EventQueue-ContainerReportForContainerReportHandler] WARN  container.ContainerReportHandler (AbstractContainerReportHandler.java:updateContainerState(145)) - Container #1 is in OPEN state, but the datanode 4b66a4eb-9baa-4818-a82d-5882a8281712{ip: 192.168.69.106, host: pr-hdds-2329-pipelines-wl5p8-3511966945, networkLocation: /default-rack, certSerialId: null} reports an CLOSED replica.
2019-11-07 16:29:37,604 [BlockDeletingService#2] WARN  background.BlockDeletingService (BlockDeletingService.java:isDeletionAllowed(187)) - Close Container log Index 6 is not replicated across allthe servers in the pipeline 8b73d13d-1cd3-4e44-b4fa-693e871481e7 as the min replicated index is 4. Deletion is not allowed in this container yet.
2019-11-07 16:29:37,604 [BlockDeletingService#2] WARN  background.BlockDeletingService (BlockDeletingService.java:isDeletionAllowed(187)) - Close Container log Index 6 is not replicated across allthe servers in the pipeline 8b73d13d-1cd3-4e44-b4fa-693e871481e7 as the min replicated index is 4. Deletion is not allowed in this container yet.
2019-11-07 16:29:37,739 [EventQueue-ContainerReportForContainerReportHandler] WARN  container.ContainerReportHandler (AbstractContainerReportHandler.java:updateContainerState(145)) - Container #1 is in OPEN state, but the datanode e72837b7-fe0e-4475-9dee-4d836a3196bb{ip: 192.168.69.106, host: pr-hdds-2329-pipelines-wl5p8-3511966945, networkLocation: /default-rack, certSerialId: null} reports an CLOSED replica.
2019-11-07 16:29:37,785 [EventQueue-ContainerReportForContainerReportHandler] WARN  container.ContainerReportHandler (AbstractContainerReportHandler.java:updateContainerState(145)) - Container #1 is in OPEN state, but the datanode 4b66a4eb-9baa-4818-a82d-5882a8281712{ip: 192.168.69.106, host: pr-hdds-2329-pipelines-wl5p8-3511966945, networkLocation: /default-rack, certSerialId: null} reports an CLOSED replica.
2019-11-07 16:29:38,040 [EventQueue-ContainerReportForContainerReportHandler] WARN  container.ContainerReportHandler (AbstractContainerReportHandler.java:updateContainerState(145)) - Container #1 is in OPEN state, but the datanode e72837b7-fe0e-4475-9dee-4d836a3196bb{ip: 192.168.69.106, host: pr-hdds-2329-pipelines-wl5p8-3511966945, networkLocation: /default-rack, certSerialId: null} reports an CLOSED replica.
2019-11-07 16:29:38,185 [EventQueue-ContainerReportForContainerReportHandler] WARN  container.ContainerReportHandler (AbstractContainerReportHandler.java:updateContainerState(145)) - Container #1 is in OPEN state, but the datanode 4b66a4eb-9baa-4818-a82d-5882a8281712{ip: 192.168.69.106, host: pr-hdds-2329-pipelines-wl5p8-3511966945, networkLocation: /default-rack, certSerialId: null} reports an CLOSED replica.
2019-11-07 16:29:38,339 [EventQueue-ContainerReportForContainerReportHandler] WARN  container.ContainerReportHandler (AbstractContainerReportHandler.java:updateContainerState(145)) - Container #1 is in OPEN state, but the datanode e72837b7-fe0e-4475-9dee-4d836a3196bb{ip: 192.168.69.106, host: pr-hdds-2329-pipelines-wl5p8-3511966945, networkLocation: /default-rack, certSerialId: null} reports an CLOSED replica.
2019-11-07 16:29:38,485 [EventQueue-ContainerReportForContainerReportHandler] WARN  container.ContainerReportHandler (AbstractContainerReportHandler.java:updateContainerState(145)) - Container #1 is in OPEN state, but the datanode 4b66a4eb-9baa-4818-a82d-5882a8281712{ip: 192.168.69.106, host: pr-hdds-2329-pipelines-wl5p8-3511966945, networkLocation: /default-rack, certSerialId: null} reports an CLOSED replica.
2019-11-07 16:29:38,539 [EventQueue-ContainerReportForContainerReportHandler] WARN  container.ContainerReportHandler (AbstractContainerReportHandler.java:updateContainerState(145)) - Container #1 is in OPEN state, but the datanode e72837b7-fe0e-4475-9dee-4d836a3196bb{ip: 192.168.69.106, host: pr-hdds-2329-pipelines-wl5p8-3511966945, networkLocation: /default-rack, certSerialId: null} reports an CLOSED replica.
2019-11-07 16:29:38,607 [BlockDeletingService#2] WARN  background.BlockDeletingService (BlockDeletingService.java:isDeletionAllowed(187)) - Close Container log Index 6 is not replicated across allthe servers in the pipeline 8b73d13d-1cd3-4e44-b4fa-693e871481e7 as the min replicated index is 4. Deletion is not allowed in this container yet.
2019-11-07 16:29:38,607 [BlockDeletingService#2] WARN  background.BlockDeletingService (BlockDeletingService.java:isDeletionAllowed(187)) - Close Container log Index 6 is not replicated across allthe servers in the pipeline 8b73d13d-1cd3-4e44-b4fa-693e871481e7 as the min replicated index is 4. Deletion is not allowed in this container yet.
2019-11-07 16:29:38,786 [EventQueue-ContainerReportForContainerReportHandler] WARN  container.ContainerReportHandler (AbstractContainerReportHandler.java:updateContainerState(145)) - Container #1 is in OPEN state, but the datanode 4b66a4eb-9baa-4818-a82d-5882a8281712{ip: 192.168.69.106, host: pr-hdds-2329-pipelines-wl5p8-3511966945, networkLocation: /default-rack, certSerialId: null} reports an CLOSED replica.
2019-11-07 16:29:38,840 [EventQueue-ContainerReportForContainerReportHandler] WARN  container.ContainerReportHandler (AbstractContainerReportHandler.java:updateContainerState(145)) - Container #1 is in OPEN state, but the datanode e72837b7-fe0e-4475-9dee-4d836a3196bb{ip: 192.168.69.106, host: pr-hdds-2329-pipelines-wl5p8-3511966945, networkLocation: /default-rack, certSerialId: null} reports an CLOSED replica.
2019-11-07 16:29:39,039 [EventQueue-ContainerReportForContainerReportHandler] WARN  container.ContainerReportHandler (AbstractContainerReportHandler.java:updateContainerState(145)) - Container #1 is in OPEN state, but the datanode e72837b7-fe0e-4475-9dee-4d836a3196bb{ip: 192.168.69.106, host: pr-hdds-2329-pipelines-wl5p8-3511966945, networkLocation: /default-rack, certSerialId: null} reports an CLOSED replica.
2019-11-07 16:29:39,187 [EventQueue-ContainerReportForContainerReportHandler] WARN  container.ContainerReportHandler (AbstractContainerReportHandler.java:updateContainerState(145)) - Container #1 is in OPEN state, but the datanode 4b66a4eb-9baa-4818-a82d-5882a8281712{ip: 192.168.69.106, host: pr-hdds-2329-pipelines-wl5p8-3511966945, networkLocation: /default-rack, certSerialId: null} reports an CLOSED replica.
2019-11-07 16:29:39,239 [EventQueue-ContainerReportForContainerReportHandler] WARN  container.ContainerReportHandler (AbstractContainerReportHandler.java:updateContainerState(145)) - Container #1 is in OPEN state, but the datanode e72837b7-fe0e-4475-9dee-4d836a3196bb{ip: 192.168.69.106, host: pr-hdds-2329-pipelines-wl5p8-3511966945, networkLocation: /default-rack, certSerialId: null} reports an CLOSED replica.
2019-11-07 16:29:39,540 [EventQueue-ContainerReportForContainerReportHandler] WARN  container.ContainerReportHandler (AbstractContainerReportHandler.java:updateContainerState(145)) - Container #1 is in OPEN state, but the datanode e72837b7-fe0e-4475-9dee-4d836a3196bb{ip: 192.168.69.106, host: pr-hdds-2329-pipelines-wl5p8-3511966945, networkLocation: /default-rack, certSerialId: null} reports an CLOSED replica.
2019-11-07 16:29:39,588 [EventQueue-ContainerReportForContainerReportHandler] WARN  container.ContainerReportHandler (AbstractContainerReportHandler.java:updateContainerState(145)) - Container #1 is in OPEN state, but the datanode 4b66a4eb-9baa-4818-a82d-5882a8281712{ip: 192.168.69.106, host: pr-hdds-2329-pipelines-wl5p8-3511966945, networkLocation: /default-rack, certSerialId: null} reports an CLOSED replica.
2019-11-07 16:29:39,609 [BlockDeletingService#2] WARN  background.BlockDeletingService (BlockDeletingService.java:isDeletionAllowed(187)) - Close Container log Index 6 is not replicated across allthe servers in the pipeline 8b73d13d-1cd3-4e44-b4fa-693e871481e7 as the min replicated index is 4. Deletion is not allowed in this container yet.
2019-11-07 16:29:39,609 [BlockDeletingService#2] WARN  background.BlockDeletingService (BlockDeletingService.java:isDeletionAllowed(187)) - Close Container log Index 6 is not replicated across allthe servers in the pipeline 8b73d13d-1cd3-4e44-b4fa-693e871481e7 as the min replicated index is 4. Deletion is not allowed in this container yet.
2019-11-07 16:29:39,789 [EventQueue-ContainerReportForContainerReportHandler] WARN  container.ContainerReportHandler (AbstractContainerReportHandler.java:updateContainerState(145)) - Container #1 is in OPEN state, but the datanode 4b66a4eb-9baa-4818-a82d-5882a8281712{ip: 192.168.69.106, host: pr-hdds-2329-pipelines-wl5p8-3511966945, networkLocation: /default-rack, certSerialId: null} reports an CLOSED replica.
2019-11-07 16:29:39,840 [EventQueue-ContainerReportForContainerReportHandler] WARN  container.ContainerReportHandler (AbstractContainerReportHandler.java:updateContainerState(145)) - Container #1 is in OPEN state, but the datanode e72837b7-fe0e-4475-9dee-4d836a3196bb{ip: 192.168.69.106, host: pr-hdds-2329-pipelines-wl5p8-3511966945, networkLocation: /default-rack, certSerialId: null} reports an CLOSED replica.
2019-11-07 16:29:39,908 [java.util.concurrent.ThreadPoolExecutor$Worker@623112c8[State = -1, empty queue]] WARN  server.GrpcLogAppender (GrpcLogAppender.java:timeoutAppendRequest(209)) - 4b66a4eb-9baa-4818-a82d-5882a8281712@group-693E871481E7->faef99ea-f5b7-4431-8bda-3d2e4205e0e9-GrpcLogAppender: appendEntries Timeout, request=4b66a4eb-9baa-4818-a82d-5882a8281712->faef99ea-f5b7-4431-8bda-3d2e4205e0e9#32-t1, previous=(t:1, i:10), leaderCommit=10, initializing? false, entries: <empty>
2019-11-07 16:29:39,988 [EventQueue-ContainerReportForContainerReportHandler] WARN  container.ContainerReportHandler (AbstractContainerReportHandler.java:updateContainerState(145)) - Container #1 is in OPEN state, but the datanode 4b66a4eb-9baa-4818-a82d-5882a8281712{ip: 192.168.69.106, host: pr-hdds-2329-pipelines-wl5p8-3511966945, networkLocation: /default-rack, certSerialId: null} reports an CLOSED replica.
2019-11-07 16:29:40,140 [EventQueue-ContainerReportForContainerReportHandler] WARN  container.ContainerReportHandler (AbstractContainerReportHandler.java:updateContainerState(145)) - Container #1 is in OPEN state, but the datanode e72837b7-fe0e-4475-9dee-4d836a3196bb{ip: 192.168.69.106, host: pr-hdds-2329-pipelines-wl5p8-3511966945, networkLocation: /default-rack, certSerialId: null} reports an CLOSED replica.
2019-11-07 16:29:40,389 [EventQueue-ContainerReportForContainerReportHandler] WARN  container.ContainerReportHandler (AbstractContainerReportHandler.java:updateContainerState(145)) - Container #1 is in OPEN state, but the datanode 4b66a4eb-9baa-4818-a82d-5882a8281712{ip: 192.168.69.106, host: pr-hdds-2329-pipelines-wl5p8-3511966945, networkLocation: /default-rack, certSerialId: null} reports an CLOSED replica.
2019-11-07 16:29:40,540 [EventQueue-ContainerReportForContainerReportHandler] WARN  container.ContainerReportHandler (AbstractContainerReportHandler.java:updateContainerState(145)) - Container #1 is in OPEN state, but the datanode e72837b7-fe0e-4475-9dee-4d836a3196bb{ip: 192.168.69.106, host: pr-hdds-2329-pipelines-wl5p8-3511966945, networkLocation: /default-rack, certSerialId: null} reports an CLOSED replica.
2019-11-07 16:29:40,611 [BlockDeletingService#2] WARN  background.BlockDeletingService (BlockDeletingService.java:isDeletionAllowed(187)) - Close Container log Index 6 is not replicated across allthe servers in the pipeline 8b73d13d-1cd3-4e44-b4fa-693e871481e7 as the min replicated index is 4. Deletion is not allowed in this container yet.
2019-11-07 16:29:40,611 [BlockDeletingService#2] WARN  background.BlockDeletingService (BlockDeletingService.java:isDeletionAllowed(187)) - Close Container log Index 6 is not replicated across allthe servers in the pipeline 8b73d13d-1cd3-4e44-b4fa-693e871481e7 as the min replicated index is 4. Deletion is not allowed in this container yet.
2019-11-07 16:29:40,691 [EventQueue-ContainerReportForContainerReportHandler] WARN  container.ContainerReportHandler (AbstractContainerReportHandler.java:updateContainerState(145)) - Container #1 is in OPEN state, but the datanode 4b66a4eb-9baa-4818-a82d-5882a8281712{ip: 192.168.69.106, host: pr-hdds-2329-pipelines-wl5p8-3511966945, networkLocation: /default-rack, certSerialId: null} reports an CLOSED replica.
2019-11-07 16:29:40,841 [EventQueue-ContainerReportForContainerReportHandler] WARN  container.ContainerReportHandler (AbstractContainerReportHandler.java:updateContainerState(145)) - Container #1 is in OPEN state, but the datanode e72837b7-fe0e-4475-9dee-4d836a3196bb{ip: 192.168.69.106, host: pr-hdds-2329-pipelines-wl5p8-3511966945, networkLocation: /default-rack, certSerialId: null} reports an CLOSED replica.
2019-11-07 16:29:40,890 [EventQueue-ContainerReportForContainerReportHandler] WARN  container.ContainerReportHandler (AbstractContainerReportHandler.java:updateContainerState(145)) - Container #1 is in OPEN state, but the datanode 4b66a4eb-9baa-4818-a82d-5882a8281712{ip: 192.168.69.106, host: pr-hdds-2329-pipelines-wl5p8-3511966945, networkLocation: /default-rack, certSerialId: null} reports an CLOSED replica.
2019-11-07 16:29:41,042 [EventQueue-ContainerReportForContainerReportHandler] WARN  container.ContainerReportHandler (AbstractContainerReportHandler.java:updateContainerState(145)) - Container #1 is in OPEN state, but the datanode e72837b7-fe0e-4475-9dee-4d836a3196bb{ip: 192.168.69.106, host: pr-hdds-2329-pipelines-wl5p8-3511966945, networkLocation: /default-rack, certSerialId: null} reports an CLOSED replica.
2019-11-07 16:29:41,241 [EventQueue-ContainerReportForContainerReportHandler] WARN  container.ContainerReportHandler (AbstractContainerReportHandler.java:updateContainerState(145)) - Container #1 is in OPEN state, but the datanode e72837b7-fe0e-4475-9dee-4d836a3196bb{ip: 192.168.69.106, host: pr-hdds-2329-pipelines-wl5p8-3511966945, networkLocation: /default-rack, certSerialId: null} reports an CLOSED replica.
2019-11-07 16:29:41,294 [EventQueue-ContainerReportForContainerReportHandler] WARN  container.ContainerReportHandler (AbstractContainerReportHandler.java:updateContainerState(145)) - Container #1 is in OPEN state, but the datanode 4b66a4eb-9baa-4818-a82d-5882a8281712{ip: 192.168.69.106, host: pr-hdds-2329-pipelines-wl5p8-3511966945, networkLocation: /default-rack, certSerialId: null} reports an CLOSED replica.
2019-11-07 16:29:41,614 [BlockDeletingService#2] WARN  background.BlockDeletingService (BlockDeletingService.java:isDeletionAllowed(187)) - Close Container log Index 6 is not replicated across allthe servers in the pipeline 8b73d13d-1cd3-4e44-b4fa-693e871481e7 as the min replicated index is 4. Deletion is not allowed in this container yet.
2019-11-07 16:29:41,614 [BlockDeletingService#2] WARN  background.BlockDeletingService (BlockDeletingService.java:isDeletionAllowed(187)) - Close Container log Index 6 is not replicated across allthe servers in the pipeline 8b73d13d-1cd3-4e44-b4fa-693e871481e7 as the min replicated index is 4. Deletion is not allowed in this container yet.
2019-11-07 16:29:41,641 [EventQueue-ContainerReportForContainerReportHandler] WARN  container.ContainerReportHandler (AbstractContainerReportHandler.java:updateContainerState(145)) - Container #1 is in OPEN state, but the datanode e72837b7-fe0e-4475-9dee-4d836a3196bb{ip: 192.168.69.106, host: pr-hdds-2329-pipelines-wl5p8-3511966945, networkLocation: /default-rack, certSerialId: null} reports an CLOSED replica.
2019-11-07 16:29:41,691 [EventQueue-ContainerReportForContainerReportHandler] WARN  container.ContainerReportHandler (AbstractContainerReportHandler.java:updateContainerState(145)) - Container #1 is in OPEN state, but the datanode 4b66a4eb-9baa-4818-a82d-5882a8281712{ip: 192.168.69.106, host: pr-hdds-2329-pipelines-wl5p8-3511966945, networkLocation: /default-rack, certSerialId: null} reports an CLOSED replica.
2019-11-07 16:29:41,892 [EventQueue-ContainerReportForContainerReportHandler] WARN  container.ContainerReportHandler (AbstractContainerReportHandler.java:updateContainerState(145)) - Container #1 is in OPEN state, but the datanode 4b66a4eb-9baa-4818-a82d-5882a8281712{ip: 192.168.69.106, host: pr-hdds-2329-pipelines-wl5p8-3511966945, networkLocation: /default-rack, certSerialId: null} reports an CLOSED replica.
2019-11-07 16:29:41,941 [EventQueue-ContainerReportForContainerReportHandler] WARN  container.ContainerReportHandler (AbstractContainerReportHandler.java:updateContainerState(145)) - Container #1 is in OPEN state, but the datanode e72837b7-fe0e-4475-9dee-4d836a3196bb{ip: 192.168.69.106, host: pr-hdds-2329-pipelines-wl5p8-3511966945, networkLocation: /default-rack, certSerialId: null} reports an CLOSED replica.
2019-11-07 16:29:42,292 [EventQueue-ContainerReportForContainerReportHandler] WARN  container.ContainerReportHandler (AbstractContainerReportHandler.java:updateContainerState(145)) - Container #1 is in OPEN state, but the datanode 4b66a4eb-9baa-4818-a82d-5882a8281712{ip: 192.168.69.106, host: pr-hdds-2329-pipelines-wl5p8-3511966945, networkLocation: /default-rack, certSerialId: null} reports an CLOSED replica.
2019-11-07 16:29:42,342 [EventQueue-ContainerReportForContainerReportHandler] WARN  container.ContainerReportHandler (AbstractContainerReportHandler.java:updateContainerState(145)) - Container #1 is in OPEN state, but the datanode e72837b7-fe0e-4475-9dee-4d836a3196bb{ip: 192.168.69.106, host: pr-hdds-2329-pipelines-wl5p8-3511966945, networkLocation: /default-rack, certSerialId: null} reports an CLOSED replica.
2019-11-07 16:29:42,411 [java.util.concurrent.ThreadPoolExecutor$Worker@623112c8[State = -1, empty queue]] WARN  server.GrpcLogAppender (GrpcLogAppender.java:timeoutAppendRequest(209)) - 4b66a4eb-9baa-4818-a82d-5882a8281712@group-693E871481E7->faef99ea-f5b7-4431-8bda-3d2e4205e0e9-GrpcLogAppender: appendEntries Timeout, request=4b66a4eb-9baa-4818-a82d-5882a8281712->faef99ea-f5b7-4431-8bda-3d2e4205e0e9#33-t1, previous=(t:1, i:10), leaderCommit=10, initializing? false, entries: <empty>
2019-11-07 16:29:42,592 [EventQueue-ContainerReportForContainerReportHandler] WARN  container.ContainerReportHandler (AbstractContainerReportHandler.java:updateContainerState(145)) - Container #1 is in OPEN state, but the datanode 4b66a4eb-9baa-4818-a82d-5882a8281712{ip: 192.168.69.106, host: pr-hdds-2329-pipelines-wl5p8-3511966945, networkLocation: /default-rack, certSerialId: null} reports an CLOSED replica.
2019-11-07 16:29:42,616 [BlockDeletingService#2] WARN  background.BlockDeletingService (BlockDeletingService.java:isDeletionAllowed(187)) - Close Container log Index 6 is not replicated across allthe servers in the pipeline 8b73d13d-1cd3-4e44-b4fa-693e871481e7 as the min replicated index is 4. Deletion is not allowed in this container yet.
2019-11-07 16:29:42,616 [BlockDeletingService#2] WARN  background.BlockDeletingService (BlockDeletingService.java:isDeletionAllowed(187)) - Close Container log Index 6 is not replicated across allthe servers in the pipeline 8b73d13d-1cd3-4e44-b4fa-693e871481e7 as the min replicated index is 4. Deletion is not allowed in this container yet.
2019-11-07 16:29:42,642 [EventQueue-ContainerReportForContainerReportHandler] WARN  container.ContainerReportHandler (AbstractContainerReportHandler.java:updateContainerState(145)) - Container #1 is in OPEN state, but the datanode e72837b7-fe0e-4475-9dee-4d836a3196bb{ip: 192.168.69.106, host: pr-hdds-2329-pipelines-wl5p8-3511966945, networkLocation: /default-rack, certSerialId: null} reports an CLOSED replica.
2019-11-07 16:29:42,892 [EventQueue-ContainerReportForContainerReportHandler] WARN  container.ContainerReportHandler (AbstractContainerReportHandler.java:updateContainerState(145)) - Container #1 is in OPEN state, but the datanode 4b66a4eb-9baa-4818-a82d-5882a8281712{ip: 192.168.69.106, host: pr-hdds-2329-pipelines-wl5p8-3511966945, networkLocation: /default-rack, certSerialId: null} reports an CLOSED replica.
2019-11-07 16:29:43,042 [EventQueue-ContainerReportForContainerReportHandler] WARN  container.ContainerReportHandler (AbstractContainerReportHandler.java:updateContainerState(145)) - Container #1 is in OPEN state, but the datanode e72837b7-fe0e-4475-9dee-4d836a3196bb{ip: 192.168.69.106, host: pr-hdds-2329-pipelines-wl5p8-3511966945, networkLocation: /default-rack, certSerialId: null} reports an CLOSED replica.
2019-11-07 16:29:43,243 [EventQueue-ContainerReportForContainerReportHandler] WARN  container.ContainerReportHandler (AbstractContainerReportHandler.java:updateContainerState(145)) - Container #1 is in OPEN state, but the datanode e72837b7-fe0e-4475-9dee-4d836a3196bb{ip: 192.168.69.106, host: pr-hdds-2329-pipelines-wl5p8-3511966945, networkLocation: /default-rack, certSerialId: null} reports an CLOSED replica.
2019-11-07 16:29:43,292 [EventQueue-ContainerReportForContainerReportHandler] WARN  container.ContainerReportHandler (AbstractContainerReportHandler.java:updateContainerState(145)) - Container #1 is in OPEN state, but the datanode 4b66a4eb-9baa-4818-a82d-5882a8281712{ip: 192.168.69.106, host: pr-hdds-2329-pipelines-wl5p8-3511966945, networkLocation: /default-rack, certSerialId: null} reports an CLOSED replica.
2019-11-07 16:29:43,543 [EventQueue-ContainerReportForContainerReportHandler] WARN  container.ContainerReportHandler (AbstractContainerReportHandler.java:updateContainerState(145)) - Container #1 is in OPEN state, but the datanode e72837b7-fe0e-4475-9dee-4d836a3196bb{ip: 192.168.69.106, host: pr-hdds-2329-pipelines-wl5p8-3511966945, networkLocation: /default-rack, certSerialId: null} reports an CLOSED replica.
2019-11-07 16:29:43,593 [EventQueue-ContainerReportForContainerReportHandler] WARN  container.ContainerReportHandler (AbstractContainerReportHandler.java:updateContainerState(145)) - Container #1 is in OPEN state, but the datanode 4b66a4eb-9baa-4818-a82d-5882a8281712{ip: 192.168.69.106, host: pr-hdds-2329-pipelines-wl5p8-3511966945, networkLocation: /default-rack, certSerialId: null} reports an CLOSED replica.
2019-11-07 16:29:43,618 [BlockDeletingService#2] WARN  background.BlockDeletingService (BlockDeletingService.java:isDeletionAllowed(187)) - Close Container log Index 6 is not replicated across allthe servers in the pipeline 8b73d13d-1cd3-4e44-b4fa-693e871481e7 as the min replicated index is 4. Deletion is not allowed in this container yet.
2019-11-07 16:29:43,618 [BlockDeletingService#2] WARN  background.BlockDeletingService (BlockDeletingService.java:isDeletionAllowed(187)) - Close Container log Index 6 is not replicated across allthe servers in the pipeline 8b73d13d-1cd3-4e44-b4fa-693e871481e7 as the min replicated index is 4. Deletion is not allowed in this container yet.
2019-11-07 16:29:43,893 [EventQueue-ContainerReportForContainerReportHandler] WARN  container.ContainerReportHandler (AbstractContainerReportHandler.java:updateContainerState(145)) - Container #1 is in OPEN state, but the datanode 4b66a4eb-9baa-4818-a82d-5882a8281712{ip: 192.168.69.106, host: pr-hdds-2329-pipelines-wl5p8-3511966945, networkLocation: /default-rack, certSerialId: null} reports an CLOSED replica.
2019-11-07 16:29:43,943 [EventQueue-ContainerReportForContainerReportHandler] WARN  container.ContainerReportHandler (AbstractContainerReportHandler.java:updateContainerState(145)) - Container #1 is in OPEN state, but the datanode e72837b7-fe0e-4475-9dee-4d836a3196bb{ip: 192.168.69.106, host: pr-hdds-2329-pipelines-wl5p8-3511966945, networkLocation: /default-rack, certSerialId: null} reports an CLOSED replica.
2019-11-07 16:29:44,193 [EventQueue-ContainerReportForContainerReportHandler] WARN  container.ContainerReportHandler (AbstractContainerReportHandler.java:updateContainerState(145)) - Container #1 is in OPEN state, but the datanode 4b66a4eb-9baa-4818-a82d-5882a8281712{ip: 192.168.69.106, host: pr-hdds-2329-pipelines-wl5p8-3511966945, networkLocation: /default-rack, certSerialId: null} reports an CLOSED replica.
2019-11-07 16:29:44,243 [EventQueue-ContainerReportForContainerReportHandler] WARN  container.ContainerReportHandler (AbstractContainerReportHandler.java:updateContainerState(145)) - Container #1 is in OPEN state, but the datanode e72837b7-fe0e-4475-9dee-4d836a3196bb{ip: 192.168.69.106, host: pr-hdds-2329-pipelines-wl5p8-3511966945, networkLocation: /default-rack, certSerialId: null} reports an CLOSED replica.
2019-11-07 16:29:44,444 [EventQueue-ContainerReportForContainerReportHandler] WARN  container.ContainerReportHandler (AbstractContainerReportHandler.java:updateContainerState(145)) - Container #1 is in OPEN state, but the datanode e72837b7-fe0e-4475-9dee-4d836a3196bb{ip: 192.168.69.106, host: pr-hdds-2329-pipelines-wl5p8-3511966945, networkLocation: /default-rack, certSerialId: null} reports an CLOSED replica.
2019-11-07 16:29:44,593 [EventQueue-ContainerReportForContainerReportHandler] WARN  container.ContainerReportHandler (AbstractContainerReportHandler.java:updateContainerState(145)) - Container #1 is in OPEN state, but the datanode 4b66a4eb-9baa-4818-a82d-5882a8281712{ip: 192.168.69.106, host: pr-hdds-2329-pipelines-wl5p8-3511966945, networkLocation: /default-rack, certSerialId: null} reports an CLOSED replica.
2019-11-07 16:29:44,620 [BlockDeletingService#2] WARN  background.BlockDeletingService (BlockDeletingService.java:isDeletionAllowed(187)) - Close Container log Index 6 is not replicated across allthe servers in the pipeline 8b73d13d-1cd3-4e44-b4fa-693e871481e7 as the min replicated index is 4. Deletion is not allowed in this container yet.
2019-11-07 16:29:44,620 [BlockDeletingService#2] WARN  background.BlockDeletingService (BlockDeletingService.java:isDeletionAllowed(187)) - Close Container log Index 6 is not replicated across allthe servers in the pipeline 8b73d13d-1cd3-4e44-b4fa-693e871481e7 as the min replicated index is 4. Deletion is not allowed in this container yet.
2019-11-07 16:29:44,743 [EventQueue-ContainerReportForContainerReportHandler] WARN  container.ContainerReportHandler (AbstractContainerReportHandler.java:updateContainerState(145)) - Container #1 is in OPEN state, but the datanode e72837b7-fe0e-4475-9dee-4d836a3196bb{ip: 192.168.69.106, host: pr-hdds-2329-pipelines-wl5p8-3511966945, networkLocation: /default-rack, certSerialId: null} reports an CLOSED replica.
2019-11-07 16:29:44,793 [EventQueue-ContainerReportForContainerReportHandler] WARN  container.ContainerReportHandler (AbstractContainerReportHandler.java:updateContainerState(145)) - Container #1 is in OPEN state, but the datanode 4b66a4eb-9baa-4818-a82d-5882a8281712{ip: 192.168.69.106, host: pr-hdds-2329-pipelines-wl5p8-3511966945, networkLocation: /default-rack, certSerialId: null} reports an CLOSED replica.
2019-11-07 16:29:44,884 [Thread-402] INFO  client.GrpcClientProtocolService (GrpcClientProtocolService.java:lambda$processClientRequest$0(279)) - Failed RaftClientRequest:client-11F5E2EF3273->4b66a4eb-9baa-4818-a82d-5882a8281712@group-693E871481E7, cid=10, seq=0, Watch-ALL_COMMITTED(6), Message:<EMPTY>, reply=RaftClientReply:client-11F5E2EF3273->4b66a4eb-9baa-4818-a82d-5882a8281712@group-693E871481E7, cid=10, FAILED org.apache.ratis.protocol.NotReplicatedException: Request with call Id 10 and log index 6 is not yet replicated to ALL_COMMITTED, logIndex=6, commits[4b66a4eb-9baa-4818-a82d-5882a8281712:c10, faef99ea-f5b7-4431-8bda-3d2e4205e0e9:c4, e72837b7-fe0e-4475-9dee-4d836a3196bb:c10]
2019-11-07 16:29:44,914 [java.util.concurrent.ThreadPoolExecutor$Worker@623112c8[State = -1, empty queue]] WARN  server.GrpcLogAppender (GrpcLogAppender.java:timeoutAppendRequest(209)) - 4b66a4eb-9baa-4818-a82d-5882a8281712@group-693E871481E7->faef99ea-f5b7-4431-8bda-3d2e4205e0e9-GrpcLogAppender: appendEntries Timeout, request=4b66a4eb-9baa-4818-a82d-5882a8281712->faef99ea-f5b7-4431-8bda-3d2e4205e0e9#34-t1, previous=(t:1, i:10), leaderCommit=10, initializing? false, entries: <empty>
2019-11-07 16:29:44,943 [EventQueue-ContainerReportForContainerReportHandler] WARN  container.ContainerReportHandler (AbstractContainerReportHandler.java:updateContainerState(145)) - Container #1 is in OPEN state, but the datanode e72837b7-fe0e-4475-9dee-4d836a3196bb{ip: 192.168.69.106, host: pr-hdds-2329-pipelines-wl5p8-3511966945, networkLocation: /default-rack, certSerialId: null} reports an CLOSED replica.
2019-11-07 16:29:45,093 [EventQueue-ContainerReportForContainerReportHandler] WARN  container.ContainerReportHandler (AbstractContainerReportHandler.java:updateContainerState(145)) - Container #1 is in OPEN state, but the datanode 4b66a4eb-9baa-4818-a82d-5882a8281712{ip: 192.168.69.106, host: pr-hdds-2329-pipelines-wl5p8-3511966945, networkLocation: /default-rack, certSerialId: null} reports an CLOSED replica.
2019-11-07 16:29:45,243 [EventQueue-ContainerReportForContainerReportHandler] WARN  container.ContainerReportHandler (AbstractContainerReportHandler.java:updateContainerState(145)) - Container #1 is in OPEN state, but the datanode e72837b7-fe0e-4475-9dee-4d836a3196bb{ip: 192.168.69.106, host: pr-hdds-2329-pipelines-wl5p8-3511966945, networkLocation: /default-rack, certSerialId: null} reports an CLOSED replica.
2019-11-07 16:29:45,493 [EventQueue-ContainerReportForContainerReportHandler] WARN  container.ContainerReportHandler (AbstractContainerReportHandler.java:updateContainerState(145)) - Container #1 is in OPEN state, but the datanode 4b66a4eb-9baa-4818-a82d-5882a8281712{ip: 192.168.69.106, host: pr-hdds-2329-pipelines-wl5p8-3511966945, networkLocation: /default-rack, certSerialId: null} reports an CLOSED replica.
2019-11-07 16:29:45,545 [EventQueue-ContainerReportForContainerReportHandler] WARN  container.ContainerReportHandler (AbstractContainerReportHandler.java:updateContainerState(145)) - Container #1 is in OPEN state, but the datanode e72837b7-fe0e-4475-9dee-4d836a3196bb{ip: 192.168.69.106, host: pr-hdds-2329-pipelines-wl5p8-3511966945, networkLocation: /default-rack, certSerialId: null} reports an CLOSED replica.
2019-11-07 16:29:45,622 [BlockDeletingService#2] WARN  background.BlockDeletingService (BlockDeletingService.java:isDeletionAllowed(187)) - Close Container log Index 6 is not replicated across allthe servers in the pipeline 8b73d13d-1cd3-4e44-b4fa-693e871481e7 as the min replicated index is 4. Deletion is not allowed in this container yet.
2019-11-07 16:29:45,622 [BlockDeletingService#2] WARN  background.BlockDeletingService (BlockDeletingService.java:isDeletionAllowed(187)) - Close Container log Index 6 is not replicated across allthe servers in the pipeline 8b73d13d-1cd3-4e44-b4fa-693e871481e7 as the min replicated index is 4. Deletion is not allowed in this container yet.
2019-11-07 16:29:45,744 [EventQueue-ContainerReportForContainerReportHandler] WARN  container.ContainerReportHandler (AbstractContainerReportHandler.java:updateContainerState(145)) - Container #1 is in OPEN state, but the datanode e72837b7-fe0e-4475-9dee-4d836a3196bb{ip: 192.168.69.106, host: pr-hdds-2329-pipelines-wl5p8-3511966945, networkLocation: /default-rack, certSerialId: null} reports an CLOSED replica.
2019-11-07 16:29:45,893 [EventQueue-ContainerReportForContainerReportHandler] WARN  container.ContainerReportHandler (AbstractContainerReportHandler.java:updateContainerState(145)) - Container #1 is in OPEN state, but the datanode 4b66a4eb-9baa-4818-a82d-5882a8281712{ip: 192.168.69.106, host: pr-hdds-2329-pipelines-wl5p8-3511966945, networkLocation: /default-rack, certSerialId: null} reports an CLOSED replica.
2019-11-07 16:29:46,093 [EventQueue-ContainerReportForContainerReportHandler] WARN  container.ContainerReportHandler (AbstractContainerReportHandler.java:updateContainerState(145)) - Container #1 is in OPEN state, but the datanode 4b66a4eb-9baa-4818-a82d-5882a8281712{ip: 192.168.69.106, host: pr-hdds-2329-pipelines-wl5p8-3511966945, networkLocation: /default-rack, certSerialId: null} reports an CLOSED replica.
2019-11-07 16:29:46,144 [EventQueue-ContainerReportForContainerReportHandler] WARN  container.ContainerReportHandler (AbstractContainerReportHandler.java:updateContainerState(145)) - Container #1 is in OPEN state, but the datanode e72837b7-fe0e-4475-9dee-4d836a3196bb{ip: 192.168.69.106, host: pr-hdds-2329-pipelines-wl5p8-3511966945, networkLocation: /default-rack, certSerialId: null} reports an CLOSED replica.
2019-11-07 16:29:46,394 [EventQueue-ContainerReportForContainerReportHandler] WARN  container.ContainerReportHandler (AbstractContainerReportHandler.java:updateContainerState(145)) - Container #1 is in OPEN state, but the datanode 4b66a4eb-9baa-4818-a82d-5882a8281712{ip: 192.168.69.106, host: pr-hdds-2329-pipelines-wl5p8-3511966945, networkLocation: /default-rack, certSerialId: null} reports an CLOSED replica.
2019-11-07 16:29:46,446 [EventQueue-ContainerReportForContainerReportHandler] WARN  container.ContainerReportHandler (AbstractContainerReportHandler.java:updateContainerState(145)) - Container #1 is in OPEN state, but the datanode e72837b7-fe0e-4475-9dee-4d836a3196bb{ip: 192.168.69.106, host: pr-hdds-2329-pipelines-wl5p8-3511966945, networkLocation: /default-rack, certSerialId: null} reports an CLOSED replica.
2019-11-07 16:29:46,625 [BlockDeletingService#2] WARN  background.BlockDeletingService (BlockDeletingService.java:isDeletionAllowed(187)) - Close Container log Index 6 is not replicated across allthe servers in the pipeline 8b73d13d-1cd3-4e44-b4fa-693e871481e7 as the min replicated index is 4. Deletion is not allowed in this container yet.
2019-11-07 16:29:46,625 [BlockDeletingService#2] WARN  background.BlockDeletingService (BlockDeletingService.java:isDeletionAllowed(187)) - Close Container log Index 6 is not replicated across allthe servers in the pipeline 8b73d13d-1cd3-4e44-b4fa-693e871481e7 as the min replicated index is 4. Deletion is not allowed in this container yet.
2019-11-07 16:29:46,693 [EventQueue-ContainerReportForContainerReportHandler] WARN  container.ContainerReportHandler (AbstractContainerReportHandler.java:updateContainerState(145)) - Container #1 is in OPEN state, but the datanode 4b66a4eb-9baa-4818-a82d-5882a8281712{ip: 192.168.69.106, host: pr-hdds-2329-pipelines-wl5p8-3511966945, networkLocation: /default-rack, certSerialId: null} reports an CLOSED replica.
2019-11-07 16:29:46,847 [EventQueue-ContainerReportForContainerReportHandler] WARN  container.ContainerReportHandler (AbstractContainerReportHandler.java:updateContainerState(145)) - Container #1 is in OPEN state, but the datanode e72837b7-fe0e-4475-9dee-4d836a3196bb{ip: 192.168.69.106, host: pr-hdds-2329-pipelines-wl5p8-3511966945, networkLocation: /default-rack, certSerialId: null} reports an CLOSED replica.
2019-11-07 16:29:46,893 [EventQueue-ContainerReportForContainerReportHandler] WARN  container.ContainerReportHandler (AbstractContainerReportHandler.java:updateContainerState(145)) - Container #1 is in OPEN state, but the datanode 4b66a4eb-9baa-4818-a82d-5882a8281712{ip: 192.168.69.106, host: pr-hdds-2329-pipelines-wl5p8-3511966945, networkLocation: /default-rack, certSerialId: null} reports an CLOSED replica.
2019-11-07 16:29:47,093 [EventQueue-ContainerReportForContainerReportHandler] WARN  container.ContainerReportHandler (AbstractContainerReportHandler.java:updateContainerState(145)) - Container #1 is in OPEN state, but the datanode 4b66a4eb-9baa-4818-a82d-5882a8281712{ip: 192.168.69.106, host: pr-hdds-2329-pipelines-wl5p8-3511966945, networkLocation: /default-rack, certSerialId: null} reports an CLOSED replica.
2019-11-07 16:29:47,248 [EventQueue-ContainerReportForContainerReportHandler] WARN  container.ContainerReportHandler (AbstractContainerReportHandler.java:updateContainerState(145)) - Container #1 is in OPEN state, but the datanode e72837b7-fe0e-4475-9dee-4d836a3196bb{ip: 192.168.69.106, host: pr-hdds-2329-pipelines-wl5p8-3511966945, networkLocation: /default-rack, certSerialId: null} reports an CLOSED replica.
2019-11-07 16:29:47,293 [EventQueue-ContainerReportForContainerReportHandler] WARN  container.ContainerReportHandler (AbstractContainerReportHandler.java:updateContainerState(145)) - Container #1 is in OPEN state, but the datanode 4b66a4eb-9baa-4818-a82d-5882a8281712{ip: 192.168.69.106, host: pr-hdds-2329-pipelines-wl5p8-3511966945, networkLocation: /default-rack, certSerialId: null} reports an CLOSED replica.
2019-11-07 16:29:47,416 [java.util.concurrent.ThreadPoolExecutor$Worker@623112c8[State = -1, empty queue]] WARN  server.GrpcLogAppender (GrpcLogAppender.java:timeoutAppendRequest(209)) - 4b66a4eb-9baa-4818-a82d-5882a8281712@group-693E871481E7->faef99ea-f5b7-4431-8bda-3d2e4205e0e9-GrpcLogAppender: appendEntries Timeout, request=4b66a4eb-9baa-4818-a82d-5882a8281712->faef99ea-f5b7-4431-8bda-3d2e4205e0e9#35-t1, previous=(t:1, i:10), leaderCommit=10, initializing? false, entries: <empty>
2019-11-07 16:29:47,494 [EventQueue-ContainerReportForContainerReportHandler] WARN  container.ContainerReportHandler (AbstractContainerReportHandler.java:updateContainerState(145)) - Container #1 is in OPEN state, but the datanode 4b66a4eb-9baa-4818-a82d-5882a8281712{ip: 192.168.69.106, host: pr-hdds-2329-pipelines-wl5p8-3511966945, networkLocation: /default-rack, certSerialId: null} reports an CLOSED replica.
2019-11-07 16:29:47,551 [EventQueue-ContainerReportForContainerReportHandler] WARN  container.ContainerReportHandler (AbstractContainerReportHandler.java:updateContainerState(145)) - Container #1 is in OPEN state, but the datanode e72837b7-fe0e-4475-9dee-4d836a3196bb{ip: 192.168.69.106, host: pr-hdds-2329-pipelines-wl5p8-3511966945, networkLocation: /default-rack, certSerialId: null} reports an CLOSED replica.
2019-11-07 16:29:47,627 [BlockDeletingService#2] WARN  background.BlockDeletingService (BlockDeletingService.java:isDeletionAllowed(187)) - Close Container log Index 6 is not replicated across allthe servers in the pipeline 8b73d13d-1cd3-4e44-b4fa-693e871481e7 as the min replicated index is 4. Deletion is not allowed in this container yet.
2019-11-07 16:29:47,627 [BlockDeletingService#2] WARN  background.BlockDeletingService (BlockDeletingService.java:isDeletionAllowed(187)) - Close Container log Index 6 is not replicated across allthe servers in the pipeline 8b73d13d-1cd3-4e44-b4fa-693e871481e7 as the min replicated index is 4. Deletion is not allowed in this container yet.
2019-11-07 16:29:47,851 [EventQueue-ContainerReportForContainerReportHandler] WARN  container.ContainerReportHandler (AbstractContainerReportHandler.java:updateContainerState(145)) - Container #1 is in OPEN state, but the datanode e72837b7-fe0e-4475-9dee-4d836a3196bb{ip: 192.168.69.106, host: pr-hdds-2329-pipelines-wl5p8-3511966945, networkLocation: /default-rack, certSerialId: null} reports an CLOSED replica.
2019-11-07 16:29:47,894 [EventQueue-ContainerReportForContainerReportHandler] WARN  container.ContainerReportHandler (AbstractContainerReportHandler.java:updateContainerState(145)) - Container #1 is in OPEN state, but the datanode 4b66a4eb-9baa-4818-a82d-5882a8281712{ip: 192.168.69.106, host: pr-hdds-2329-pipelines-wl5p8-3511966945, networkLocation: /default-rack, certSerialId: null} reports an CLOSED replica.
2019-11-07 16:29:48,051 [EventQueue-ContainerReportForContainerReportHandler] WARN  container.ContainerReportHandler (AbstractContainerReportHandler.java:updateContainerState(145)) - Container #1 is in OPEN state, but the datanode e72837b7-fe0e-4475-9dee-4d836a3196bb{ip: 192.168.69.106, host: pr-hdds-2329-pipelines-wl5p8-3511966945, networkLocation: /default-rack, certSerialId: null} reports an CLOSED replica.
2019-11-07 16:29:48,195 [EventQueue-ContainerReportForContainerReportHandler] WARN  container.ContainerReportHandler (AbstractContainerReportHandler.java:updateContainerState(145)) - Container #1 is in OPEN state, but the datanode 4b66a4eb-9baa-4818-a82d-5882a8281712{ip: 192.168.69.106, host: pr-hdds-2329-pipelines-wl5p8-3511966945, networkLocation: /default-rack, certSerialId: null} reports an CLOSED replica.
2019-11-07 16:29:48,253 [EventQueue-ContainerReportForContainerReportHandler] WARN  container.ContainerReportHandler (AbstractContainerReportHandler.java:updateContainerState(145)) - Container #1 is in OPEN state, but the datanode e72837b7-fe0e-4475-9dee-4d836a3196bb{ip: 192.168.69.106, host: pr-hdds-2329-pipelines-wl5p8-3511966945, networkLocation: /default-rack, certSerialId: null} reports an CLOSED replica.
2019-11-07 16:29:48,495 [EventQueue-ContainerReportForContainerReportHandler] WARN  container.ContainerReportHandler (AbstractContainerReportHandler.java:updateContainerState(145)) - Container #1 is in OPEN state, but the datanode 4b66a4eb-9baa-4818-a82d-5882a8281712{ip: 192.168.69.106, host: pr-hdds-2329-pipelines-wl5p8-3511966945, networkLocation: /default-rack, certSerialId: null} reports an CLOSED replica.
2019-11-07 16:29:48,554 [EventQueue-ContainerReportForContainerReportHandler] WARN  container.ContainerReportHandler (AbstractContainerReportHandler.java:updateContainerState(145)) - Container #1 is in OPEN state, but the datanode e72837b7-fe0e-4475-9dee-4d836a3196bb{ip: 192.168.69.106, host: pr-hdds-2329-pipelines-wl5p8-3511966945, networkLocation: /default-rack, certSerialId: null} reports an CLOSED replica.
2019-11-07 16:29:48,630 [BlockDeletingService#2] WARN  background.BlockDeletingService (BlockDeletingService.java:isDeletionAllowed(187)) - Close Container log Index 6 is not replicated across allthe servers in the pipeline 8b73d13d-1cd3-4e44-b4fa-693e871481e7 as the min replicated index is 4. Deletion is not allowed in this container yet.
2019-11-07 16:29:48,630 [BlockDeletingService#2] WARN  background.BlockDeletingService (BlockDeletingService.java:isDeletionAllowed(187)) - Close Container log Index 6 is not replicated across allthe servers in the pipeline 8b73d13d-1cd3-4e44-b4fa-693e871481e7 as the min replicated index is 4. Deletion is not allowed in this container yet.
2019-11-07 16:29:48,697 [EventQueue-ContainerReportForContainerReportHandler] WARN  container.ContainerReportHandler (AbstractContainerReportHandler.java:updateContainerState(145)) - Container #1 is in OPEN state, but the datanode 4b66a4eb-9baa-4818-a82d-5882a8281712{ip: 192.168.69.106, host: pr-hdds-2329-pipelines-wl5p8-3511966945, networkLocation: /default-rack, certSerialId: null} reports an CLOSED replica.
2019-11-07 16:29:48,854 [EventQueue-ContainerReportForContainerReportHandler] WARN  container.ContainerReportHandler (AbstractContainerReportHandler.java:updateContainerState(145)) - Container #1 is in OPEN state, but the datanode e72837b7-fe0e-4475-9dee-4d836a3196bb{ip: 192.168.69.106, host: pr-hdds-2329-pipelines-wl5p8-3511966945, networkLocation: /default-rack, certSerialId: null} reports an CLOSED replica.
2019-11-07 16:29:49,095 [EventQueue-ContainerReportForContainerReportHandler] WARN  container.ContainerReportHandler (AbstractContainerReportHandler.java:updateContainerState(145)) - Container #1 is in OPEN state, but the datanode 4b66a4eb-9baa-4818-a82d-5882a8281712{ip: 192.168.69.106, host: pr-hdds-2329-pipelines-wl5p8-3511966945, networkLocation: /default-rack, certSerialId: null} reports an CLOSED replica.
2019-11-07 16:29:49,154 [EventQueue-ContainerReportForContainerReportHandler] WARN  container.ContainerReportHandler (AbstractContainerReportHandler.java:updateContainerState(145)) - Container #1 is in OPEN state, but the datanode e72837b7-fe0e-4475-9dee-4d836a3196bb{ip: 192.168.69.106, host: pr-hdds-2329-pipelines-wl5p8-3511966945, networkLocation: /default-rack, certSerialId: null} reports an CLOSED replica.
2019-11-07 16:29:49,455 [EventQueue-ContainerReportForContainerReportHandler] WARN  container.ContainerReportHandler (AbstractContainerReportHandler.java:updateContainerState(145)) - Container #1 is in OPEN state, but the datanode e72837b7-fe0e-4475-9dee-4d836a3196bb{ip: 192.168.69.106, host: pr-hdds-2329-pipelines-wl5p8-3511966945, networkLocation: /default-rack, certSerialId: null} reports an CLOSED replica.
2019-11-07 16:29:49,495 [EventQueue-ContainerReportForContainerReportHandler] WARN  container.ContainerReportHandler (AbstractContainerReportHandler.java:updateContainerState(145)) - Container #1 is in OPEN state, but the datanode 4b66a4eb-9baa-4818-a82d-5882a8281712{ip: 192.168.69.106, host: pr-hdds-2329-pipelines-wl5p8-3511966945, networkLocation: /default-rack, certSerialId: null} reports an CLOSED replica.
2019-11-07 16:29:49,632 [BlockDeletingService#2] WARN  background.BlockDeletingService (BlockDeletingService.java:isDeletionAllowed(187)) - Close Container log Index 6 is not replicated across allthe servers in the pipeline 8b73d13d-1cd3-4e44-b4fa-693e871481e7 as the min replicated index is 4. Deletion is not allowed in this container yet.
2019-11-07 16:29:49,632 [BlockDeletingService#2] WARN  background.BlockDeletingService (BlockDeletingService.java:isDeletionAllowed(187)) - Close Container log Index 6 is not replicated across allthe servers in the pipeline 8b73d13d-1cd3-4e44-b4fa-693e871481e7 as the min replicated index is 4. Deletion is not allowed in this container yet.
2019-11-07 16:29:49,796 [EventQueue-ContainerReportForContainerReportHandler] WARN  container.ContainerReportHandler (AbstractContainerReportHandler.java:updateContainerState(145)) - Container #1 is in OPEN state, but the datanode 4b66a4eb-9baa-4818-a82d-5882a8281712{ip: 192.168.69.106, host: pr-hdds-2329-pipelines-wl5p8-3511966945, networkLocation: /default-rack, certSerialId: null} reports an CLOSED replica.
2019-11-07 16:29:49,854 [EventQueue-ContainerReportForContainerReportHandler] WARN  container.ContainerReportHandler (AbstractContainerReportHandler.java:updateContainerState(145)) - Container #1 is in OPEN state, but the datanode e72837b7-fe0e-4475-9dee-4d836a3196bb{ip: 192.168.69.106, host: pr-hdds-2329-pipelines-wl5p8-3511966945, networkLocation: /default-rack, certSerialId: null} reports an CLOSED replica.
2019-11-07 16:29:49,919 [java.util.concurrent.ThreadPoolExecutor$Worker@623112c8[State = -1, empty queue]] WARN  server.GrpcLogAppender (GrpcLogAppender.java:timeoutAppendRequest(209)) - 4b66a4eb-9baa-4818-a82d-5882a8281712@group-693E871481E7->faef99ea-f5b7-4431-8bda-3d2e4205e0e9-GrpcLogAppender: appendEntries Timeout, request=4b66a4eb-9baa-4818-a82d-5882a8281712->faef99ea-f5b7-4431-8bda-3d2e4205e0e9#36-t1, previous=(t:1, i:10), leaderCommit=10, initializing? false, entries: <empty>
2019-11-07 16:29:50,055 [EventQueue-ContainerReportForContainerReportHandler] WARN  container.ContainerReportHandler (AbstractContainerReportHandler.java:updateContainerState(145)) - Container #1 is in OPEN state, but the datanode e72837b7-fe0e-4475-9dee-4d836a3196bb{ip: 192.168.69.106, host: pr-hdds-2329-pipelines-wl5p8-3511966945, networkLocation: /default-rack, certSerialId: null} reports an CLOSED replica.
2019-11-07 16:29:50,096 [EventQueue-ContainerReportForContainerReportHandler] WARN  container.ContainerReportHandler (AbstractContainerReportHandler.java:updateContainerState(145)) - Container #1 is in OPEN state, but the datanode 4b66a4eb-9baa-4818-a82d-5882a8281712{ip: 192.168.69.106, host: pr-hdds-2329-pipelines-wl5p8-3511966945, networkLocation: /default-rack, certSerialId: null} reports an CLOSED replica.
2019-11-07 16:29:50,398 [EventQueue-ContainerReportForContainerReportHandler] WARN  container.ContainerReportHandler (AbstractContainerReportHandler.java:updateContainerState(145)) - Container #1 is in OPEN state, but the datanode 4b66a4eb-9baa-4818-a82d-5882a8281712{ip: 192.168.69.106, host: pr-hdds-2329-pipelines-wl5p8-3511966945, networkLocation: /default-rack, certSerialId: null} reports an CLOSED replica.
2019-11-07 16:29:50,455 [EventQueue-ContainerReportForContainerReportHandler] WARN  container.ContainerReportHandler (AbstractContainerReportHandler.java:updateContainerState(145)) - Container #1 is in OPEN state, but the datanode e72837b7-fe0e-4475-9dee-4d836a3196bb{ip: 192.168.69.106, host: pr-hdds-2329-pipelines-wl5p8-3511966945, networkLocation: /default-rack, certSerialId: null} reports an CLOSED replica.
2019-11-07 16:29:50,634 [BlockDeletingService#2] WARN  background.BlockDeletingService (BlockDeletingService.java:isDeletionAllowed(187)) - Close Container log Index 6 is not replicated across allthe servers in the pipeline 8b73d13d-1cd3-4e44-b4fa-693e871481e7 as the min replicated index is 4. Deletion is not allowed in this container yet.
2019-11-07 16:29:50,634 [BlockDeletingService#2] WARN  background.BlockDeletingService (BlockDeletingService.java:isDeletionAllowed(187)) - Close Container log Index 6 is not replicated across allthe servers in the pipeline 8b73d13d-1cd3-4e44-b4fa-693e871481e7 as the min replicated index is 4. Deletion is not allowed in this container yet.
2019-11-07 16:29:50,701 [EventQueue-ContainerReportForContainerReportHandler] WARN  container.ContainerReportHandler (AbstractContainerReportHandler.java:updateContainerState(145)) - Container #1 is in OPEN state, but the datanode 4b66a4eb-9baa-4818-a82d-5882a8281712{ip: 192.168.69.106, host: pr-hdds-2329-pipelines-wl5p8-3511966945, networkLocation: /default-rack, certSerialId: null} reports an CLOSED replica.
2019-11-07 16:29:50,755 [EventQueue-ContainerReportForContainerReportHandler] WARN  container.ContainerReportHandler (AbstractContainerReportHandler.java:updateContainerState(145)) - Container #1 is in OPEN state, but the datanode e72837b7-fe0e-4475-9dee-4d836a3196bb{ip: 192.168.69.106, host: pr-hdds-2329-pipelines-wl5p8-3511966945, networkLocation: /default-rack, certSerialId: null} reports an CLOSED replica.
2019-11-07 16:29:50,956 [EventQueue-ContainerReportForContainerReportHandler] WARN  container.ContainerReportHandler (AbstractContainerReportHandler.java:updateContainerState(145)) - Container #1 is in OPEN state, but the datanode e72837b7-fe0e-4475-9dee-4d836a3196bb{ip: 192.168.69.106, host: pr-hdds-2329-pipelines-wl5p8-3511966945, networkLocation: /default-rack, certSerialId: null} reports an CLOSED replica.
2019-11-07 16:29:51,102 [EventQueue-ContainerReportForContainerReportHandler] WARN  container.ContainerReportHandler (AbstractContainerReportHandler.java:updateContainerState(145)) - Container #1 is in OPEN state, but the datanode 4b66a4eb-9baa-4818-a82d-5882a8281712{ip: 192.168.69.106, host: pr-hdds-2329-pipelines-wl5p8-3511966945, networkLocation: /default-rack, certSerialId: null} reports an CLOSED replica.
2019-11-07 16:29:51,257 [EventQueue-ContainerReportForContainerReportHandler] WARN  container.ContainerReportHandler (AbstractContainerReportHandler.java:updateContainerState(145)) - Container #1 is in OPEN state, but the datanode e72837b7-fe0e-4475-9dee-4d836a3196bb{ip: 192.168.69.106, host: pr-hdds-2329-pipelines-wl5p8-3511966945, networkLocation: /default-rack, certSerialId: null} reports an CLOSED replica.
2019-11-07 16:29:51,302 [EventQueue-ContainerReportForContainerReportHandler] WARN  container.ContainerReportHandler (AbstractContainerReportHandler.java:updateContainerState(145)) - Container #1 is in OPEN state, but the datanode 4b66a4eb-9baa-4818-a82d-5882a8281712{ip: 192.168.69.106, host: pr-hdds-2329-pipelines-wl5p8-3511966945, networkLocation: /default-rack, certSerialId: null} reports an CLOSED replica.
2019-11-07 16:29:51,557 [EventQueue-ContainerReportForContainerReportHandler] WARN  container.ContainerReportHandler (AbstractContainerReportHandler.java:updateContainerState(145)) - Container #1 is in OPEN state, but the datanode e72837b7-fe0e-4475-9dee-4d836a3196bb{ip: 192.168.69.106, host: pr-hdds-2329-pipelines-wl5p8-3511966945, networkLocation: /default-rack, certSerialId: null} reports an CLOSED replica.
2019-11-07 16:29:51,602 [EventQueue-ContainerReportForContainerReportHandler] WARN  container.ContainerReportHandler (AbstractContainerReportHandler.java:updateContainerState(145)) - Container #1 is in OPEN state, but the datanode 4b66a4eb-9baa-4818-a82d-5882a8281712{ip: 192.168.69.106, host: pr-hdds-2329-pipelines-wl5p8-3511966945, networkLocation: /default-rack, certSerialId: null} reports an CLOSED replica.
2019-11-07 16:29:51,636 [BlockDeletingService#2] WARN  background.BlockDeletingService (BlockDeletingService.java:isDeletionAllowed(187)) - Close Container log Index 6 is not replicated across allthe servers in the pipeline 8b73d13d-1cd3-4e44-b4fa-693e871481e7 as the min replicated index is 4. Deletion is not allowed in this container yet.
2019-11-07 16:29:51,636 [BlockDeletingService#2] WARN  background.BlockDeletingService (BlockDeletingService.java:isDeletionAllowed(187)) - Close Container log Index 6 is not replicated across allthe servers in the pipeline 8b73d13d-1cd3-4e44-b4fa-693e871481e7 as the min replicated index is 4. Deletion is not allowed in this container yet.
2019-11-07 16:29:51,857 [EventQueue-ContainerReportForContainerReportHandler] WARN  container.ContainerReportHandler (AbstractContainerReportHandler.java:updateContainerState(145)) - Container #1 is in OPEN state, but the datanode e72837b7-fe0e-4475-9dee-4d836a3196bb{ip: 192.168.69.106, host: pr-hdds-2329-pipelines-wl5p8-3511966945, networkLocation: /default-rack, certSerialId: null} reports an CLOSED replica.
2019-11-07 16:29:52,003 [EventQueue-ContainerReportForContainerReportHandler] WARN  container.ContainerReportHandler (AbstractContainerReportHandler.java:updateContainerState(145)) - Container #1 is in OPEN state, but the datanode 4b66a4eb-9baa-4818-a82d-5882a8281712{ip: 192.168.69.106, host: pr-hdds-2329-pipelines-wl5p8-3511966945, networkLocation: /default-rack, certSerialId: null} reports an CLOSED replica.
2019-11-07 16:29:52,258 [EventQueue-ContainerReportForContainerReportHandler] WARN  container.ContainerReportHandler (AbstractContainerReportHandler.java:updateContainerState(145)) - Container #1 is in OPEN state, but the datanode e72837b7-fe0e-4475-9dee-4d836a3196bb{ip: 192.168.69.106, host: pr-hdds-2329-pipelines-wl5p8-3511966945, networkLocation: /default-rack, certSerialId: null} reports an CLOSED replica.
2019-11-07 16:29:52,303 [EventQueue-ContainerReportForContainerReportHandler] WARN  container.ContainerReportHandler (AbstractContainerReportHandler.java:updateContainerState(145)) - Container #1 is in OPEN state, but the datanode 4b66a4eb-9baa-4818-a82d-5882a8281712{ip: 192.168.69.106, host: pr-hdds-2329-pipelines-wl5p8-3511966945, networkLocation: /default-rack, certSerialId: null} reports an CLOSED replica.
2019-11-07 16:29:52,422 [java.util.concurrent.ThreadPoolExecutor$Worker@623112c8[State = -1, empty queue]] WARN  server.GrpcLogAppender (GrpcLogAppender.java:timeoutAppendRequest(209)) - 4b66a4eb-9baa-4818-a82d-5882a8281712@group-693E871481E7->faef99ea-f5b7-4431-8bda-3d2e4205e0e9-GrpcLogAppender: appendEntries Timeout, request=4b66a4eb-9baa-4818-a82d-5882a8281712->faef99ea-f5b7-4431-8bda-3d2e4205e0e9#37-t1, previous=(t:1, i:10), leaderCommit=10, initializing? false, entries: <empty>
2019-11-07 16:29:52,458 [EventQueue-ContainerReportForContainerReportHandler] WARN  container.ContainerReportHandler (AbstractContainerReportHandler.java:updateContainerState(145)) - Container #1 is in OPEN state, but the datanode e72837b7-fe0e-4475-9dee-4d836a3196bb{ip: 192.168.69.106, host: pr-hdds-2329-pipelines-wl5p8-3511966945, networkLocation: /default-rack, certSerialId: null} reports an CLOSED replica.
2019-11-07 16:29:52,503 [EventQueue-ContainerReportForContainerReportHandler] WARN  container.ContainerReportHandler (AbstractContainerReportHandler.java:updateContainerState(145)) - Container #1 is in OPEN state, but the datanode 4b66a4eb-9baa-4818-a82d-5882a8281712{ip: 192.168.69.106, host: pr-hdds-2329-pipelines-wl5p8-3511966945, networkLocation: /default-rack, certSerialId: null} reports an CLOSED replica.
2019-11-07 16:29:52,638 [BlockDeletingService#2] WARN  background.BlockDeletingService (BlockDeletingService.java:isDeletionAllowed(187)) - Close Container log Index 6 is not replicated across allthe servers in the pipeline 8b73d13d-1cd3-4e44-b4fa-693e871481e7 as the min replicated index is 4. Deletion is not allowed in this container yet.
2019-11-07 16:29:52,638 [BlockDeletingService#2] WARN  background.BlockDeletingService (BlockDeletingService.java:isDeletionAllowed(187)) - Close Container log Index 6 is not replicated across allthe servers in the pipeline 8b73d13d-1cd3-4e44-b4fa-693e871481e7 as the min replicated index is 4. Deletion is not allowed in this container yet.
2019-11-07 16:29:52,758 [EventQueue-ContainerReportForContainerReportHandler] WARN  container.ContainerReportHandler (AbstractContainerReportHandler.java:updateContainerState(145)) - Container #1 is in OPEN state, but the datanode e72837b7-fe0e-4475-9dee-4d836a3196bb{ip: 192.168.69.106, host: pr-hdds-2329-pipelines-wl5p8-3511966945, networkLocation: /default-rack, certSerialId: null} reports an CLOSED replica.
2019-11-07 16:29:52,802 [EventQueue-ContainerReportForContainerReportHandler] WARN  container.ContainerReportHandler (AbstractContainerReportHandler.java:updateContainerState(145)) - Container #1 is in OPEN state, but the datanode 4b66a4eb-9baa-4818-a82d-5882a8281712{ip: 192.168.69.106, host: pr-hdds-2329-pipelines-wl5p8-3511966945, networkLocation: /default-rack, certSerialId: null} reports an CLOSED replica.
2019-11-07 16:29:52,959 [EventQueue-ContainerReportForContainerReportHandler] WARN  container.ContainerReportHandler (AbstractContainerReportHandler.java:updateContainerState(145)) - Container #1 is in OPEN state, but the datanode e72837b7-fe0e-4475-9dee-4d836a3196bb{ip: 192.168.69.106, host: pr-hdds-2329-pipelines-wl5p8-3511966945, networkLocation: /default-rack, certSerialId: null} reports an CLOSED replica.
2019-11-07 16:29:53,003 [EventQueue-ContainerReportForContainerReportHandler] WARN  container.ContainerReportHandler (AbstractContainerReportHandler.java:updateContainerState(145)) - Container #1 is in OPEN state, but the datanode 4b66a4eb-9baa-4818-a82d-5882a8281712{ip: 192.168.69.106, host: pr-hdds-2329-pipelines-wl5p8-3511966945, networkLocation: /default-rack, certSerialId: null} reports an CLOSED replica.
2019-11-07 16:29:53,258 [EventQueue-ContainerReportForContainerReportHandler] WARN  container.ContainerReportHandler (AbstractContainerReportHandler.java:updateContainerState(145)) - Container #1 is in OPEN state, but the datanode e72837b7-fe0e-4475-9dee-4d836a3196bb{ip: 192.168.69.106, host: pr-hdds-2329-pipelines-wl5p8-3511966945, networkLocation: /default-rack, certSerialId: null} reports an CLOSED replica.
2019-11-07 16:29:53,304 [EventQueue-ContainerReportForContainerReportHandler] WARN  container.ContainerReportHandler (AbstractContainerReportHandler.java:updateContainerState(145)) - Container #1 is in OPEN state, but the datanode 4b66a4eb-9baa-4818-a82d-5882a8281712{ip: 192.168.69.106, host: pr-hdds-2329-pipelines-wl5p8-3511966945, networkLocation: /default-rack, certSerialId: null} reports an CLOSED replica.
2019-11-07 16:29:53,520 [Thread-424] INFO  client.GrpcClientProtocolService (GrpcClientProtocolService.java:lambda$processClientRequest$0(279)) - Failed RaftClientRequest:client-11F5E2EF3273->e72837b7-fe0e-4475-9dee-4d836a3196bb@group-693E871481E7, cid=10, seq=0, Watch-ALL_COMMITTED(6), Message:<EMPTY>, reply=RaftClientReply:client-11F5E2EF3273->e72837b7-fe0e-4475-9dee-4d836a3196bb@group-693E871481E7, cid=10, FAILED org.apache.ratis.protocol.NotLeaderException: Server e72837b7-fe0e-4475-9dee-4d836a3196bb@group-693E871481E7 is not the leader 4b66a4eb-9baa-4818-a82d-5882a8281712:192.168.69.106:35202, logIndex=0, commits[e72837b7-fe0e-4475-9dee-4d836a3196bb:c10, faef99ea-f5b7-4431-8bda-3d2e4205e0e9:c4, 4b66a4eb-9baa-4818-a82d-5882a8281712:c10]
2019-11-07 16:29:53,603 [EventQueue-ContainerReportForContainerReportHandler] WARN  container.ContainerReportHandler (AbstractContainerReportHandler.java:updateContainerState(145)) - Container #1 is in OPEN state, but the datanode 4b66a4eb-9baa-4818-a82d-5882a8281712{ip: 192.168.69.106, host: pr-hdds-2329-pipelines-wl5p8-3511966945, networkLocation: /default-rack, certSerialId: null} reports an CLOSED replica.
2019-11-07 16:29:53,640 [BlockDeletingService#2] WARN  background.BlockDeletingService (BlockDeletingService.java:isDeletionAllowed(187)) - Close Container log Index 6 is not replicated across allthe servers in the pipeline 8b73d13d-1cd3-4e44-b4fa-693e871481e7 as the min replicated index is 4. Deletion is not allowed in this container yet.
2019-11-07 16:29:53,642 [BlockDeletingService#2] WARN  background.BlockDeletingService (BlockDeletingService.java:isDeletionAllowed(187)) - Close Container log Index 6 is not replicated across allthe servers in the pipeline 8b73d13d-1cd3-4e44-b4fa-693e871481e7 as the min replicated index is 4. Deletion is not allowed in this container yet.
2019-11-07 16:29:53,658 [EventQueue-ContainerReportForContainerReportHandler] WARN  container.ContainerReportHandler (AbstractContainerReportHandler.java:updateContainerState(145)) - Container #1 is in OPEN state, but the datanode e72837b7-fe0e-4475-9dee-4d836a3196bb{ip: 192.168.69.106, host: pr-hdds-2329-pipelines-wl5p8-3511966945, networkLocation: /default-rack, certSerialId: null} reports an CLOSED replica.
2019-11-07 16:29:53,858 [EventQueue-ContainerReportForContainerReportHandler] WARN  container.ContainerReportHandler (AbstractContainerReportHandler.java:updateContainerState(145)) - Container #1 is in OPEN state, but the datanode e72837b7-fe0e-4475-9dee-4d836a3196bb{ip: 192.168.69.106, host: pr-hdds-2329-pipelines-wl5p8-3511966945, networkLocation: /default-rack, certSerialId: null} reports an CLOSED replica.
2019-11-07 16:29:54,003 [EventQueue-ContainerReportForContainerReportHandler] WARN  container.ContainerReportHandler (AbstractContainerReportHandler.java:updateContainerState(145)) - Container #1 is in OPEN state, but the datanode 4b66a4eb-9baa-4818-a82d-5882a8281712{ip: 192.168.69.106, host: pr-hdds-2329-pipelines-wl5p8-3511966945, networkLocation: /default-rack, certSerialId: null} reports an CLOSED replica.
2019-11-07 16:29:54,159 [EventQueue-ContainerReportForContainerReportHandler] WARN  container.ContainerReportHandler (AbstractContainerReportHandler.java:updateContainerState(145)) - Container #1 is in OPEN state, but the datanode e72837b7-fe0e-4475-9dee-4d836a3196bb{ip: 192.168.69.106, host: pr-hdds-2329-pipelines-wl5p8-3511966945, networkLocation: /default-rack, certSerialId: null} reports an CLOSED replica.
2019-11-07 16:29:54,303 [EventQueue-ContainerReportForContainerReportHandler] WARN  container.ContainerReportHandler (AbstractContainerReportHandler.java:updateContainerState(145)) - Container #1 is in OPEN state, but the datanode 4b66a4eb-9baa-4818-a82d-5882a8281712{ip: 192.168.69.106, host: pr-hdds-2329-pipelines-wl5p8-3511966945, networkLocation: /default-rack, certSerialId: null} reports an CLOSED replica.
2019-11-07 16:29:54,559 [EventQueue-ContainerReportForContainerReportHandler] WARN  container.ContainerReportHandler (AbstractContainerReportHandler.java:updateContainerState(145)) - Container #1 is in OPEN state, but the datanode e72837b7-fe0e-4475-9dee-4d836a3196bb{ip: 192.168.69.106, host: pr-hdds-2329-pipelines-wl5p8-3511966945, networkLocation: /default-rack, certSerialId: null} reports an CLOSED replica.
2019-11-07 16:29:54,603 [EventQueue-ContainerReportForContainerReportHandler] WARN  container.ContainerReportHandler (AbstractContainerReportHandler.java:updateContainerState(145)) - Container #1 is in OPEN state, but the datanode 4b66a4eb-9baa-4818-a82d-5882a8281712{ip: 192.168.69.106, host: pr-hdds-2329-pipelines-wl5p8-3511966945, networkLocation: /default-rack, certSerialId: null} reports an CLOSED replica.
2019-11-07 16:29:54,645 [BlockDeletingService#2] WARN  background.BlockDeletingService (BlockDeletingService.java:isDeletionAllowed(187)) - Close Container log Index 6 is not replicated across allthe servers in the pipeline 8b73d13d-1cd3-4e44-b4fa-693e871481e7 as the min replicated index is 4. Deletion is not allowed in this container yet.
2019-11-07 16:29:54,645 [BlockDeletingService#2] WARN  background.BlockDeletingService (BlockDeletingService.java:isDeletionAllowed(187)) - Close Container log Index 6 is not replicated across allthe servers in the pipeline 8b73d13d-1cd3-4e44-b4fa-693e871481e7 as the min replicated index is 4. Deletion is not allowed in this container yet.
2019-11-07 16:29:54,861 [EventQueue-ContainerReportForContainerReportHandler] WARN  container.ContainerReportHandler (AbstractContainerReportHandler.java:updateContainerState(145)) - Container #1 is in OPEN state, but the datanode e72837b7-fe0e-4475-9dee-4d836a3196bb{ip: 192.168.69.106, host: pr-hdds-2329-pipelines-wl5p8-3511966945, networkLocation: /default-rack, certSerialId: null} reports an CLOSED replica.
2019-11-07 16:29:54,885 [Thread-432] INFO  client.GrpcClientProtocolService (GrpcClientProtocolService.java:lambda$processClientRequest$0(279)) - Failed RaftClientRequest:client-11F5E2EF3273->4b66a4eb-9baa-4818-a82d-5882a8281712@group-693E871481E7, cid=10, seq=0, Watch-ALL_COMMITTED(6), Message:<EMPTY>, reply=RaftClientReply:client-11F5E2EF3273->4b66a4eb-9baa-4818-a82d-5882a8281712@group-693E871481E7, cid=10, FAILED org.apache.ratis.protocol.NotReplicatedException: Request with call Id 10 and log index 6 is not yet replicated to ALL_COMMITTED, logIndex=6, commits[4b66a4eb-9baa-4818-a82d-5882a8281712:c10, faef99ea-f5b7-4431-8bda-3d2e4205e0e9:c4, e72837b7-fe0e-4475-9dee-4d836a3196bb:c10]
2019-11-07 16:29:54,903 [EventQueue-ContainerReportForContainerReportHandler] WARN  container.ContainerReportHandler (AbstractContainerReportHandler.java:updateContainerState(145)) - Container #1 is in OPEN state, but the datanode 4b66a4eb-9baa-4818-a82d-5882a8281712{ip: 192.168.69.106, host: pr-hdds-2329-pipelines-wl5p8-3511966945, networkLocation: /default-rack, certSerialId: null} reports an CLOSED replica.
2019-11-07 16:29:54,923 [java.util.concurrent.ThreadPoolExecutor$Worker@623112c8[State = -1, empty queue]] WARN  server.GrpcLogAppender (GrpcLogAppender.java:timeoutAppendRequest(209)) - 4b66a4eb-9baa-4818-a82d-5882a8281712@group-693E871481E7->faef99ea-f5b7-4431-8bda-3d2e4205e0e9-GrpcLogAppender: appendEntries Timeout, request=4b66a4eb-9baa-4818-a82d-5882a8281712->faef99ea-f5b7-4431-8bda-3d2e4205e0e9#38-t1, previous=(t:1, i:10), leaderCommit=10, initializing? false, entries: <empty>
2019-11-07 16:29:55,203 [EventQueue-ContainerReportForContainerReportHandler] WARN  container.ContainerReportHandler (AbstractContainerReportHandler.java:updateContainerState(145)) - Container #1 is in OPEN state, but the datanode 4b66a4eb-9baa-4818-a82d-5882a8281712{ip: 192.168.69.106, host: pr-hdds-2329-pipelines-wl5p8-3511966945, networkLocation: /default-rack, certSerialId: null} reports an CLOSED replica.
2019-11-07 16:29:55,262 [EventQueue-ContainerReportForContainerReportHandler] WARN  container.ContainerReportHandler (AbstractContainerReportHandler.java:updateContainerState(145)) - Container #1 is in OPEN state, but the datanode e72837b7-fe0e-4475-9dee-4d836a3196bb{ip: 192.168.69.106, host: pr-hdds-2329-pipelines-wl5p8-3511966945, networkLocation: /default-rack, certSerialId: null} reports an CLOSED replica.
2019-11-07 16:29:55,503 [EventQueue-ContainerReportForContainerReportHandler] WARN  container.ContainerReportHandler (AbstractContainerReportHandler.java:updateContainerState(145)) - Container #1 is in OPEN state, but the datanode 4b66a4eb-9baa-4818-a82d-5882a8281712{ip: 192.168.69.106, host: pr-hdds-2329-pipelines-wl5p8-3511966945, networkLocation: /default-rack, certSerialId: null} reports an CLOSED replica.
2019-11-07 16:29:55,562 [EventQueue-ContainerReportForContainerReportHandler] WARN  container.ContainerReportHandler (AbstractContainerReportHandler.java:updateContainerState(145)) - Container #1 is in OPEN state, but the datanode e72837b7-fe0e-4475-9dee-4d836a3196bb{ip: 192.168.69.106, host: pr-hdds-2329-pipelines-wl5p8-3511966945, networkLocation: /default-rack, certSerialId: null} reports an CLOSED replica.
2019-11-07 16:29:55,647 [BlockDeletingService#2] WARN  background.BlockDeletingService (BlockDeletingService.java:isDeletionAllowed(187)) - Close Container log Index 6 is not replicated across allthe servers in the pipeline 8b73d13d-1cd3-4e44-b4fa-693e871481e7 as the min replicated index is 4. Deletion is not allowed in this container yet.
2019-11-07 16:29:55,647 [BlockDeletingService#2] WARN  background.BlockDeletingService (BlockDeletingService.java:isDeletionAllowed(187)) - Close Container log Index 6 is not replicated across allthe servers in the pipeline 8b73d13d-1cd3-4e44-b4fa-693e871481e7 as the min replicated index is 4. Deletion is not allowed in this container yet.
2019-11-07 16:29:55,704 [EventQueue-ContainerReportForContainerReportHandler] WARN  container.ContainerReportHandler (AbstractContainerReportHandler.java:updateContainerState(145)) - Container #1 is in OPEN state, but the datanode 4b66a4eb-9baa-4818-a82d-5882a8281712{ip: 192.168.69.106, host: pr-hdds-2329-pipelines-wl5p8-3511966945, networkLocation: /default-rack, certSerialId: null} reports an CLOSED replica.
2019-11-07 16:29:55,961 [EventQueue-ContainerReportForContainerReportHandler] WARN  container.ContainerReportHandler (AbstractContainerReportHandler.java:updateContainerState(145)) - Container #1 is in OPEN state, but the datanode e72837b7-fe0e-4475-9dee-4d836a3196bb{ip: 192.168.69.106, host: pr-hdds-2329-pipelines-wl5p8-3511966945, networkLocation: /default-rack, certSerialId: null} reports an CLOSED replica.
2019-11-07 16:29:56,105 [EventQueue-ContainerReportForContainerReportHandler] WARN  container.ContainerReportHandler (AbstractContainerReportHandler.java:updateContainerState(145)) - Container #1 is in OPEN state, but the datanode 4b66a4eb-9baa-4818-a82d-5882a8281712{ip: 192.168.69.106, host: pr-hdds-2329-pipelines-wl5p8-3511966945, networkLocation: /default-rack, certSerialId: null} reports an CLOSED replica.
2019-11-07 16:29:56,161 [EventQueue-ContainerReportForContainerReportHandler] WARN  container.ContainerReportHandler (AbstractContainerReportHandler.java:updateContainerState(145)) - Container #1 is in OPEN state, but the datanode e72837b7-fe0e-4475-9dee-4d836a3196bb{ip: 192.168.69.106, host: pr-hdds-2329-pipelines-wl5p8-3511966945, networkLocation: /default-rack, certSerialId: null} reports an CLOSED replica.
2019-11-07 16:29:56,406 [EventQueue-ContainerReportForContainerReportHandler] WARN  container.ContainerReportHandler (AbstractContainerReportHandler.java:updateContainerState(145)) - Container #1 is in OPEN state, but the datanode 4b66a4eb-9baa-4818-a82d-5882a8281712{ip: 192.168.69.106, host: pr-hdds-2329-pipelines-wl5p8-3511966945, networkLocation: /default-rack, certSerialId: null} reports an CLOSED replica.
2019-11-07 16:29:56,461 [EventQueue-ContainerReportForContainerReportHandler] WARN  container.ContainerReportHandler (AbstractContainerReportHandler.java:updateContainerState(145)) - Container #1 is in OPEN state, but the datanode e72837b7-fe0e-4475-9dee-4d836a3196bb{ip: 192.168.69.106, host: pr-hdds-2329-pipelines-wl5p8-3511966945, networkLocation: /default-rack, certSerialId: null} reports an CLOSED replica.
2019-11-07 16:29:56,649 [BlockDeletingService#2] WARN  background.BlockDeletingService (BlockDeletingService.java:isDeletionAllowed(187)) - Close Container log Index 6 is not replicated across allthe servers in the pipeline 8b73d13d-1cd3-4e44-b4fa-693e871481e7 as the min replicated index is 4. Deletion is not allowed in this container yet.
2019-11-07 16:29:56,649 [BlockDeletingService#2] WARN  background.BlockDeletingService (BlockDeletingService.java:isDeletionAllowed(187)) - Close Container log Index 6 is not replicated across allthe servers in the pipeline 8b73d13d-1cd3-4e44-b4fa-693e871481e7 as the min replicated index is 4. Deletion is not allowed in this container yet.
2019-11-07 16:29:56,709 [EventQueue-ContainerReportForContainerReportHandler] WARN  container.ContainerReportHandler (AbstractContainerReportHandler.java:updateContainerState(145)) - Container #1 is in OPEN state, but the datanode 4b66a4eb-9baa-4818-a82d-5882a8281712{ip: 192.168.69.106, host: pr-hdds-2329-pipelines-wl5p8-3511966945, networkLocation: /default-rack, certSerialId: null} reports an CLOSED replica.
2019-11-07 16:29:56,761 [EventQueue-ContainerReportForContainerReportHandler] WARN  container.ContainerReportHandler (AbstractContainerReportHandler.java:updateContainerState(145)) - Container #1 is in OPEN state, but the datanode e72837b7-fe0e-4475-9dee-4d836a3196bb{ip: 192.168.69.106, host: pr-hdds-2329-pipelines-wl5p8-3511966945, networkLocation: /default-rack, certSerialId: null} reports an CLOSED replica.
2019-11-07 16:29:57,110 [EventQueue-ContainerReportForContainerReportHandler] WARN  container.ContainerReportHandler (AbstractContainerReportHandler.java:updateContainerState(145)) - Container #1 is in OPEN state, but the datanode 4b66a4eb-9baa-4818-a82d-5882a8281712{ip: 192.168.69.106, host: pr-hdds-2329-pipelines-wl5p8-3511966945, networkLocation: /default-rack, certSerialId: null} reports an CLOSED replica.
2019-11-07 16:29:57,162 [EventQueue-ContainerReportForContainerReportHandler] WARN  container.ContainerReportHandler (AbstractContainerReportHandler.java:updateContainerState(145)) - Container #1 is in OPEN state, but the datanode e72837b7-fe0e-4475-9dee-4d836a3196bb{ip: 192.168.69.106, host: pr-hdds-2329-pipelines-wl5p8-3511966945, networkLocation: /default-rack, certSerialId: null} reports an CLOSED replica.
2019-11-07 16:29:57,409 [EventQueue-ContainerReportForContainerReportHandler] WARN  container.ContainerReportHandler (AbstractContainerReportHandler.java:updateContainerState(145)) - Container #1 is in OPEN state, but the datanode 4b66a4eb-9baa-4818-a82d-5882a8281712{ip: 192.168.69.106, host: pr-hdds-2329-pipelines-wl5p8-3511966945, networkLocation: /default-rack, certSerialId: null} reports an CLOSED replica.
2019-11-07 16:29:57,424 [java.util.concurrent.ThreadPoolExecutor$Worker@623112c8[State = -1, empty queue]] WARN  server.GrpcLogAppender (GrpcLogAppender.java:timeoutAppendRequest(209)) - 4b66a4eb-9baa-4818-a82d-5882a8281712@group-693E871481E7->faef99ea-f5b7-4431-8bda-3d2e4205e0e9-GrpcLogAppender: appendEntries Timeout, request=4b66a4eb-9baa-4818-a82d-5882a8281712->faef99ea-f5b7-4431-8bda-3d2e4205e0e9#39-t1, previous=(t:1, i:10), leaderCommit=10, initializing? false, entries: <empty>
2019-11-07 16:29:57,563 [EventQueue-ContainerReportForContainerReportHandler] WARN  container.ContainerReportHandler (AbstractContainerReportHandler.java:updateContainerState(145)) - Container #1 is in OPEN state, but the datanode e72837b7-fe0e-4475-9dee-4d836a3196bb{ip: 192.168.69.106, host: pr-hdds-2329-pipelines-wl5p8-3511966945, networkLocation: /default-rack, certSerialId: null} reports an CLOSED replica.
2019-11-07 16:29:57,653 [BlockDeletingService#2] WARN  background.BlockDeletingService (BlockDeletingService.java:isDeletionAllowed(187)) - Close Container log Index 6 is not replicated across allthe servers in the pipeline 8b73d13d-1cd3-4e44-b4fa-693e871481e7 as the min replicated index is 4. Deletion is not allowed in this container yet.
2019-11-07 16:29:57,653 [BlockDeletingService#2] WARN  background.BlockDeletingService (BlockDeletingService.java:isDeletionAllowed(187)) - Close Container log Index 6 is not replicated across allthe servers in the pipeline 8b73d13d-1cd3-4e44-b4fa-693e871481e7 as the min replicated index is 4. Deletion is not allowed in this container yet.
2019-11-07 16:29:57,810 [EventQueue-ContainerReportForContainerReportHandler] WARN  container.ContainerReportHandler (AbstractContainerReportHandler.java:updateContainerState(145)) - Container #1 is in OPEN state, but the datanode 4b66a4eb-9baa-4818-a82d-5882a8281712{ip: 192.168.69.106, host: pr-hdds-2329-pipelines-wl5p8-3511966945, networkLocation: /default-rack, certSerialId: null} reports an CLOSED replica.
2019-11-07 16:29:57,863 [EventQueue-ContainerReportForContainerReportHandler] WARN  container.ContainerReportHandler (AbstractContainerReportHandler.java:updateContainerState(145)) - Container #1 is in OPEN state, but the datanode e72837b7-fe0e-4475-9dee-4d836a3196bb{ip: 192.168.69.106, host: pr-hdds-2329-pipelines-wl5p8-3511966945, networkLocation: /default-rack, certSerialId: null} reports an CLOSED replica.
2019-11-07 16:29:58,164 [EventQueue-ContainerReportForContainerReportHandler] WARN  container.ContainerReportHandler (AbstractContainerReportHandler.java:updateContainerState(145)) - Container #1 is in OPEN state, but the datanode e72837b7-fe0e-4475-9dee-4d836a3196bb{ip: 192.168.69.106, host: pr-hdds-2329-pipelines-wl5p8-3511966945, networkLocation: /default-rack, certSerialId: null} reports an CLOSED replica.
2019-11-07 16:29:58,209 [EventQueue-ContainerReportForContainerReportHandler] WARN  container.ContainerReportHandler (AbstractContainerReportHandler.java:updateContainerState(145)) - Container #1 is in OPEN state, but the datanode 4b66a4eb-9baa-4818-a82d-5882a8281712{ip: 192.168.69.106, host: pr-hdds-2329-pipelines-wl5p8-3511966945, networkLocation: /default-rack, certSerialId: null} reports an CLOSED replica.
2019-11-07 16:29:58,364 [EventQueue-ContainerReportForContainerReportHandler] WARN  container.ContainerReportHandler (AbstractContainerReportHandler.java:updateContainerState(145)) - Container #1 is in OPEN state, but the datanode e72837b7-fe0e-4475-9dee-4d836a3196bb{ip: 192.168.69.106, host: pr-hdds-2329-pipelines-wl5p8-3511966945, networkLocation: /default-rack, certSerialId: null} reports an CLOSED replica.
2019-11-07 16:29:58,509 [EventQueue-ContainerReportForContainerReportHandler] WARN  container.ContainerReportHandler (AbstractContainerReportHandler.java:updateContainerState(145)) - Container #1 is in OPEN state, but the datanode 4b66a4eb-9baa-4818-a82d-5882a8281712{ip: 192.168.69.106, host: pr-hdds-2329-pipelines-wl5p8-3511966945, networkLocation: /default-rack, certSerialId: null} reports an CLOSED replica.
2019-11-07 16:29:58,655 [BlockDeletingService#2] WARN  background.BlockDeletingService (BlockDeletingService.java:isDeletionAllowed(187)) - Close Container log Index 6 is not replicated across allthe servers in the pipeline 8b73d13d-1cd3-4e44-b4fa-693e871481e7 as the min replicated index is 4. Deletion is not allowed in this container yet.
2019-11-07 16:29:58,655 [BlockDeletingService#2] WARN  background.BlockDeletingService (BlockDeletingService.java:isDeletionAllowed(187)) - Close Container log Index 6 is not replicated across allthe servers in the pipeline 8b73d13d-1cd3-4e44-b4fa-693e871481e7 as the min replicated index is 4. Deletion is not allowed in this container yet.
2019-11-07 16:29:58,665 [EventQueue-ContainerReportForContainerReportHandler] WARN  container.ContainerReportHandler (AbstractContainerReportHandler.java:updateContainerState(145)) - Container #1 is in OPEN state, but the datanode e72837b7-fe0e-4475-9dee-4d836a3196bb{ip: 192.168.69.106, host: pr-hdds-2329-pipelines-wl5p8-3511966945, networkLocation: /default-rack, certSerialId: null} reports an CLOSED replica.
2019-11-07 16:29:58,809 [EventQueue-ContainerReportForContainerReportHandler] WARN  container.ContainerReportHandler (AbstractContainerReportHandler.java:updateContainerState(145)) - Container #1 is in OPEN state, but the datanode 4b66a4eb-9baa-4818-a82d-5882a8281712{ip: 192.168.69.106, host: pr-hdds-2329-pipelines-wl5p8-3511966945, networkLocation: /default-rack, certSerialId: null} reports an CLOSED replica.
2019-11-07 16:29:58,965 [EventQueue-ContainerReportForContainerReportHandler] WARN  container.ContainerReportHandler (AbstractContainerReportHandler.java:updateContainerState(145)) - Container #1 is in OPEN state, but the datanode e72837b7-fe0e-4475-9dee-4d836a3196bb{ip: 192.168.69.106, host: pr-hdds-2329-pipelines-wl5p8-3511966945, networkLocation: /default-rack, certSerialId: null} reports an CLOSED replica.
2019-11-07 16:29:59,109 [EventQueue-ContainerReportForContainerReportHandler] WARN  container.ContainerReportHandler (AbstractContainerReportHandler.java:updateContainerState(145)) - Container #1 is in OPEN state, but the datanode 4b66a4eb-9baa-4818-a82d-5882a8281712{ip: 192.168.69.106, host: pr-hdds-2329-pipelines-wl5p8-3511966945, networkLocation: /default-rack, certSerialId: null} reports an CLOSED replica.
2019-11-07 16:29:59,166 [EventQueue-ContainerReportForContainerReportHandler] WARN  container.ContainerReportHandler (AbstractContainerReportHandler.java:updateContainerState(145)) - Container #1 is in OPEN state, but the datanode e72837b7-fe0e-4475-9dee-4d836a3196bb{ip: 192.168.69.106, host: pr-hdds-2329-pipelines-wl5p8-3511966945, networkLocation: /default-rack, certSerialId: null} reports an CLOSED replica.
2019-11-07 16:29:59,468 [EventQueue-ContainerReportForContainerReportHandler] WARN  container.ContainerReportHandler (AbstractContainerReportHandler.java:updateContainerState(145)) - Container #1 is in OPEN state, but the datanode e72837b7-fe0e-4475-9dee-4d836a3196bb{ip: 192.168.69.106, host: pr-hdds-2329-pipelines-wl5p8-3511966945, networkLocation: /default-rack, certSerialId: null} reports an CLOSED replica.
2019-11-07 16:29:59,510 [EventQueue-ContainerReportForContainerReportHandler] WARN  container.ContainerReportHandler (AbstractContainerReportHandler.java:updateContainerState(145)) - Container #1 is in OPEN state, but the datanode 4b66a4eb-9baa-4818-a82d-5882a8281712{ip: 192.168.69.106, host: pr-hdds-2329-pipelines-wl5p8-3511966945, networkLocation: /default-rack, certSerialId: null} reports an CLOSED replica.
2019-11-07 16:29:59,657 [BlockDeletingService#2] WARN  background.BlockDeletingService (BlockDeletingService.java:isDeletionAllowed(187)) - Close Container log Index 6 is not replicated across allthe servers in the pipeline 8b73d13d-1cd3-4e44-b4fa-693e871481e7 as the min replicated index is 4. Deletion is not allowed in this container yet.
2019-11-07 16:29:59,657 [BlockDeletingService#2] WARN  background.BlockDeletingService (BlockDeletingService.java:isDeletionAllowed(187)) - Close Container log Index 6 is not replicated across allthe servers in the pipeline 8b73d13d-1cd3-4e44-b4fa-693e871481e7 as the min replicated index is 4. Deletion is not allowed in this container yet.
2019-11-07 16:29:59,809 [EventQueue-ContainerReportForContainerReportHandler] WARN  container.ContainerReportHandler (AbstractContainerReportHandler.java:updateContainerState(145)) - Container #1 is in OPEN state, but the datanode 4b66a4eb-9baa-4818-a82d-5882a8281712{ip: 192.168.69.106, host: pr-hdds-2329-pipelines-wl5p8-3511966945, networkLocation: /default-rack, certSerialId: null} reports an CLOSED replica.
2019-11-07 16:29:59,867 [EventQueue-ContainerReportForContainerReportHandler] WARN  container.ContainerReportHandler (AbstractContainerReportHandler.java:updateContainerState(145)) - Container #1 is in OPEN state, but the datanode e72837b7-fe0e-4475-9dee-4d836a3196bb{ip: 192.168.69.106, host: pr-hdds-2329-pipelines-wl5p8-3511966945, networkLocation: /default-rack, certSerialId: null} reports an CLOSED replica.
2019-11-07 16:29:59,926 [java.util.concurrent.ThreadPoolExecutor$Worker@623112c8[State = -1, empty queue]] WARN  server.GrpcLogAppender (GrpcLogAppender.java:timeoutAppendRequest(209)) - 4b66a4eb-9baa-4818-a82d-5882a8281712@group-693E871481E7->faef99ea-f5b7-4431-8bda-3d2e4205e0e9-GrpcLogAppender: appendEntries Timeout, request=4b66a4eb-9baa-4818-a82d-5882a8281712->faef99ea-f5b7-4431-8bda-3d2e4205e0e9#40-t1, previous=(t:1, i:10), leaderCommit=10, initializing? false, entries: <empty>
2019-11-07 16:30:00,067 [EventQueue-ContainerReportForContainerReportHandler] WARN  container.ContainerReportHandler (AbstractContainerReportHandler.java:updateContainerState(145)) - Container #1 is in OPEN state, but the datanode e72837b7-fe0e-4475-9dee-4d836a3196bb{ip: 192.168.69.106, host: pr-hdds-2329-pipelines-wl5p8-3511966945, networkLocation: /default-rack, certSerialId: null} reports an CLOSED replica.
2019-11-07 16:30:00,110 [EventQueue-ContainerReportForContainerReportHandler] WARN  container.ContainerReportHandler (AbstractContainerReportHandler.java:updateContainerState(145)) - Container #1 is in OPEN state, but the datanode 4b66a4eb-9baa-4818-a82d-5882a8281712{ip: 192.168.69.106, host: pr-hdds-2329-pipelines-wl5p8-3511966945, networkLocation: /default-rack, certSerialId: null} reports an CLOSED replica.
2019-11-07 16:30:00,367 [EventQueue-ContainerReportForContainerReportHandler] WARN  container.ContainerReportHandler (AbstractContainerReportHandler.java:updateContainerState(145)) - Container #1 is in OPEN state, but the datanode e72837b7-fe0e-4475-9dee-4d836a3196bb{ip: 192.168.69.106, host: pr-hdds-2329-pipelines-wl5p8-3511966945, networkLocation: /default-rack, certSerialId: null} reports an CLOSED replica.
2019-11-07 16:30:00,512 [EventQueue-ContainerReportForContainerReportHandler] WARN  container.ContainerReportHandler (AbstractContainerReportHandler.java:updateContainerState(145)) - Container #1 is in OPEN state, but the datanode 4b66a4eb-9baa-4818-a82d-5882a8281712{ip: 192.168.69.106, host: pr-hdds-2329-pipelines-wl5p8-3511966945, networkLocation: /default-rack, certSerialId: null} reports an CLOSED replica.
2019-11-07 16:30:00,660 [BlockDeletingService#2] WARN  background.BlockDeletingService (BlockDeletingService.java:isDeletionAllowed(187)) - Close Container log Index 6 is not replicated across allthe servers in the pipeline 8b73d13d-1cd3-4e44-b4fa-693e871481e7 as the min replicated index is 4. Deletion is not allowed in this container yet.
2019-11-07 16:30:00,660 [BlockDeletingService#2] WARN  background.BlockDeletingService (BlockDeletingService.java:isDeletionAllowed(187)) - Close Container log Index 6 is not replicated across allthe servers in the pipeline 8b73d13d-1cd3-4e44-b4fa-693e871481e7 as the min replicated index is 4. Deletion is not allowed in this container yet.
2019-11-07 16:30:00,668 [EventQueue-ContainerReportForContainerReportHandler] WARN  container.ContainerReportHandler (AbstractContainerReportHandler.java:updateContainerState(145)) - Container #1 is in OPEN state, but the datanode e72837b7-fe0e-4475-9dee-4d836a3196bb{ip: 192.168.69.106, host: pr-hdds-2329-pipelines-wl5p8-3511966945, networkLocation: /default-rack, certSerialId: null} reports an CLOSED replica.
2019-11-07 16:30:00,712 [EventQueue-ContainerReportForContainerReportHandler] WARN  container.ContainerReportHandler (AbstractContainerReportHandler.java:updateContainerState(145)) - Container #1 is in OPEN state, but the datanode 4b66a4eb-9baa-4818-a82d-5882a8281712{ip: 192.168.69.106, host: pr-hdds-2329-pipelines-wl5p8-3511966945, networkLocation: /default-rack, certSerialId: null} reports an CLOSED replica.
2019-11-07 16:30:00,914 [EventQueue-ContainerReportForContainerReportHandler] WARN  container.ContainerReportHandler (AbstractContainerReportHandler.java:updateContainerState(145)) - Container #1 is in OPEN state, but the datanode 4b66a4eb-9baa-4818-a82d-5882a8281712{ip: 192.168.69.106, host: pr-hdds-2329-pipelines-wl5p8-3511966945, networkLocation: /default-rack, certSerialId: null} reports an CLOSED replica.
2019-11-07 16:30:00,967 [EventQueue-ContainerReportForContainerReportHandler] WARN  container.ContainerReportHandler (AbstractContainerReportHandler.java:updateContainerState(145)) - Container #1 is in OPEN state, but the datanode e72837b7-fe0e-4475-9dee-4d836a3196bb{ip: 192.168.69.106, host: pr-hdds-2329-pipelines-wl5p8-3511966945, networkLocation: /default-rack, certSerialId: null} reports an CLOSED replica.
2019-11-07 16:30:01,213 [EventQueue-ContainerReportForContainerReportHandler] WARN  container.ContainerReportHandler (AbstractContainerReportHandler.java:updateContainerState(145)) - Container #1 is in OPEN state, but the datanode 4b66a4eb-9baa-4818-a82d-5882a8281712{ip: 192.168.69.106, host: pr-hdds-2329-pipelines-wl5p8-3511966945, networkLocation: /default-rack, certSerialId: null} reports an CLOSED replica.
2019-11-07 16:30:01,267 [EventQueue-ContainerReportForContainerReportHandler] WARN  container.ContainerReportHandler (AbstractContainerReportHandler.java:updateContainerState(145)) - Container #1 is in OPEN state, but the datanode e72837b7-fe0e-4475-9dee-4d836a3196bb{ip: 192.168.69.106, host: pr-hdds-2329-pipelines-wl5p8-3511966945, networkLocation: /default-rack, certSerialId: null} reports an CLOSED replica.
2019-11-07 16:30:01,468 [EventQueue-ContainerReportForContainerReportHandler] WARN  container.ContainerReportHandler (AbstractContainerReportHandler.java:updateContainerState(145)) - Container #1 is in OPEN state, but the datanode e72837b7-fe0e-4475-9dee-4d836a3196bb{ip: 192.168.69.106, host: pr-hdds-2329-pipelines-wl5p8-3511966945, networkLocation: /default-rack, certSerialId: null} reports an CLOSED replica.
2019-11-07 16:30:01,613 [EventQueue-ContainerReportForContainerReportHandler] WARN  container.ContainerReportHandler (AbstractContainerReportHandler.java:updateContainerState(145)) - Container #1 is in OPEN state, but the datanode 4b66a4eb-9baa-4818-a82d-5882a8281712{ip: 192.168.69.106, host: pr-hdds-2329-pipelines-wl5p8-3511966945, networkLocation: /default-rack, certSerialId: null} reports an CLOSED replica.
2019-11-07 16:30:01,662 [BlockDeletingService#2] WARN  background.BlockDeletingService (BlockDeletingService.java:isDeletionAllowed(187)) - Close Container log Index 6 is not replicated across allthe servers in the pipeline 8b73d13d-1cd3-4e44-b4fa-693e871481e7 as the min replicated index is 4. Deletion is not allowed in this container yet.
2019-11-07 16:30:01,662 [BlockDeletingService#2] WARN  background.BlockDeletingService (BlockDeletingService.java:isDeletionAllowed(187)) - Close Container log Index 6 is not replicated across allthe servers in the pipeline 8b73d13d-1cd3-4e44-b4fa-693e871481e7 as the min replicated index is 4. Deletion is not allowed in this container yet.
2019-11-07 16:30:01,668 [EventQueue-ContainerReportForContainerReportHandler] WARN  container.ContainerReportHandler (AbstractContainerReportHandler.java:updateContainerState(145)) - Container #1 is in OPEN state, but the datanode e72837b7-fe0e-4475-9dee-4d836a3196bb{ip: 192.168.69.106, host: pr-hdds-2329-pipelines-wl5p8-3511966945, networkLocation: /default-rack, certSerialId: null} reports an CLOSED replica.
2019-11-07 16:30:01,915 [EventQueue-ContainerReportForContainerReportHandler] WARN  container.ContainerReportHandler (AbstractContainerReportHandler.java:updateContainerState(145)) - Container #1 is in OPEN state, but the datanode 4b66a4eb-9baa-4818-a82d-5882a8281712{ip: 192.168.69.106, host: pr-hdds-2329-pipelines-wl5p8-3511966945, networkLocation: /default-rack, certSerialId: null} reports an CLOSED replica.
2019-11-07 16:30:01,970 [EventQueue-ContainerReportForContainerReportHandler] WARN  container.ContainerReportHandler (AbstractContainerReportHandler.java:updateContainerState(145)) - Container #1 is in OPEN state, but the datanode e72837b7-fe0e-4475-9dee-4d836a3196bb{ip: 192.168.69.106, host: pr-hdds-2329-pipelines-wl5p8-3511966945, networkLocation: /default-rack, certSerialId: null} reports an CLOSED replica.
2019-11-07 16:30:02,216 [EventQueue-ContainerReportForContainerReportHandler] WARN  container.ContainerReportHandler (AbstractContainerReportHandler.java:updateContainerState(145)) - Container #1 is in OPEN state, but the datanode 4b66a4eb-9baa-4818-a82d-5882a8281712{ip: 192.168.69.106, host: pr-hdds-2329-pipelines-wl5p8-3511966945, networkLocation: /default-rack, certSerialId: null} reports an CLOSED replica.
2019-11-07 16:30:02,270 [EventQueue-ContainerReportForContainerReportHandler] WARN  container.ContainerReportHandler (AbstractContainerReportHandler.java:updateContainerState(145)) - Container #1 is in OPEN state, but the datanode e72837b7-fe0e-4475-9dee-4d836a3196bb{ip: 192.168.69.106, host: pr-hdds-2329-pipelines-wl5p8-3511966945, networkLocation: /default-rack, certSerialId: null} reports an CLOSED replica.
2019-11-07 16:30:02,429 [java.util.concurrent.ThreadPoolExecutor$Worker@623112c8[State = -1, empty queue]] WARN  server.GrpcLogAppender (GrpcLogAppender.java:timeoutAppendRequest(209)) - 4b66a4eb-9baa-4818-a82d-5882a8281712@group-693E871481E7->faef99ea-f5b7-4431-8bda-3d2e4205e0e9-GrpcLogAppender: appendEntries Timeout, request=4b66a4eb-9baa-4818-a82d-5882a8281712->faef99ea-f5b7-4431-8bda-3d2e4205e0e9#41-t1, previous=(t:1, i:10), leaderCommit=10, initializing? false, entries: <empty>
2019-11-07 16:30:02,516 [EventQueue-ContainerReportForContainerReportHandler] WARN  container.ContainerReportHandler (AbstractContainerReportHandler.java:updateContainerState(145)) - Container #1 is in OPEN state, but the datanode 4b66a4eb-9baa-4818-a82d-5882a8281712{ip: 192.168.69.106, host: pr-hdds-2329-pipelines-wl5p8-3511966945, networkLocation: /default-rack, certSerialId: null} reports an CLOSED replica.
2019-11-07 16:30:02,570 [EventQueue-ContainerReportForContainerReportHandler] WARN  container.ContainerReportHandler (AbstractContainerReportHandler.java:updateContainerState(145)) - Container #1 is in OPEN state, but the datanode e72837b7-fe0e-4475-9dee-4d836a3196bb{ip: 192.168.69.106, host: pr-hdds-2329-pipelines-wl5p8-3511966945, networkLocation: /default-rack, certSerialId: null} reports an CLOSED replica.
2019-11-07 16:30:02,664 [BlockDeletingService#2] WARN  background.BlockDeletingService (BlockDeletingService.java:isDeletionAllowed(187)) - Close Container log Index 6 is not replicated across allthe servers in the pipeline 8b73d13d-1cd3-4e44-b4fa-693e871481e7 as the min replicated index is 4. Deletion is not allowed in this container yet.
2019-11-07 16:30:02,664 [BlockDeletingService#2] WARN  background.BlockDeletingService (BlockDeletingService.java:isDeletionAllowed(187)) - Close Container log Index 6 is not replicated across allthe servers in the pipeline 8b73d13d-1cd3-4e44-b4fa-693e871481e7 as the min replicated index is 4. Deletion is not allowed in this container yet.
2019-11-07 16:30:02,770 [EventQueue-ContainerReportForContainerReportHandler] WARN  container.ContainerReportHandler (AbstractContainerReportHandler.java:updateContainerState(145)) - Container #1 is in OPEN state, but the datanode e72837b7-fe0e-4475-9dee-4d836a3196bb{ip: 192.168.69.106, host: pr-hdds-2329-pipelines-wl5p8-3511966945, networkLocation: /default-rack, certSerialId: null} reports an CLOSED replica.
2019-11-07 16:30:02,816 [EventQueue-ContainerReportForContainerReportHandler] WARN  container.ContainerReportHandler (AbstractContainerReportHandler.java:updateContainerState(145)) - Container #1 is in OPEN state, but the datanode 4b66a4eb-9baa-4818-a82d-5882a8281712{ip: 192.168.69.106, host: pr-hdds-2329-pipelines-wl5p8-3511966945, networkLocation: /default-rack, certSerialId: null} reports an CLOSED replica.
2019-11-07 16:30:03,070 [EventQueue-ContainerReportForContainerReportHandler] WARN  container.ContainerReportHandler (AbstractContainerReportHandler.java:updateContainerState(145)) - Container #1 is in OPEN state, but the datanode e72837b7-fe0e-4475-9dee-4d836a3196bb{ip: 192.168.69.106, host: pr-hdds-2329-pipelines-wl5p8-3511966945, networkLocation: /default-rack, certSerialId: null} reports an CLOSED replica.
2019-11-07 16:30:03,116 [EventQueue-ContainerReportForContainerReportHandler] WARN  container.ContainerReportHandler (AbstractContainerReportHandler.java:updateContainerState(145)) - Container #1 is in OPEN state, but the datanode 4b66a4eb-9baa-4818-a82d-5882a8281712{ip: 192.168.69.106, host: pr-hdds-2329-pipelines-wl5p8-3511966945, networkLocation: /default-rack, certSerialId: null} reports an CLOSED replica.
2019-11-07 16:30:03,271 [EventQueue-ContainerReportForContainerReportHandler] WARN  container.ContainerReportHandler (AbstractContainerReportHandler.java:updateContainerState(145)) - Container #1 is in OPEN state, but the datanode e72837b7-fe0e-4475-9dee-4d836a3196bb{ip: 192.168.69.106, host: pr-hdds-2329-pipelines-wl5p8-3511966945, networkLocation: /default-rack, certSerialId: null} reports an CLOSED replica.
2019-11-07 16:30:03,517 [EventQueue-ContainerReportForContainerReportHandler] WARN  container.ContainerReportHandler (AbstractContainerReportHandler.java:updateContainerState(145)) - Container #1 is in OPEN state, but the datanode 4b66a4eb-9baa-4818-a82d-5882a8281712{ip: 192.168.69.106, host: pr-hdds-2329-pipelines-wl5p8-3511966945, networkLocation: /default-rack, certSerialId: null} reports an CLOSED replica.
2019-11-07 16:30:03,571 [EventQueue-ContainerReportForContainerReportHandler] WARN  container.ContainerReportHandler (AbstractContainerReportHandler.java:updateContainerState(145)) - Container #1 is in OPEN state, but the datanode e72837b7-fe0e-4475-9dee-4d836a3196bb{ip: 192.168.69.106, host: pr-hdds-2329-pipelines-wl5p8-3511966945, networkLocation: /default-rack, certSerialId: null} reports an CLOSED replica.
2019-11-07 16:30:03,667 [BlockDeletingService#2] WARN  background.BlockDeletingService (BlockDeletingService.java:isDeletionAllowed(187)) - Close Container log Index 6 is not replicated across allthe servers in the pipeline 8b73d13d-1cd3-4e44-b4fa-693e871481e7 as the min replicated index is 4. Deletion is not allowed in this container yet.
2019-11-07 16:30:03,667 [BlockDeletingService#2] WARN  background.BlockDeletingService (BlockDeletingService.java:isDeletionAllowed(187)) - Close Container log Index 6 is not replicated across allthe servers in the pipeline 8b73d13d-1cd3-4e44-b4fa-693e871481e7 as the min replicated index is 4. Deletion is not allowed in this container yet.
2019-11-07 16:30:03,718 [EventQueue-ContainerReportForContainerReportHandler] WARN  container.ContainerReportHandler (AbstractContainerReportHandler.java:updateContainerState(145)) - Container #1 is in OPEN state, but the datanode 4b66a4eb-9baa-4818-a82d-5882a8281712{ip: 192.168.69.106, host: pr-hdds-2329-pipelines-wl5p8-3511966945, networkLocation: /default-rack, certSerialId: null} reports an CLOSED replica.
2019-11-07 16:30:03,871 [EventQueue-ContainerReportForContainerReportHandler] WARN  container.ContainerReportHandler (AbstractContainerReportHandler.java:updateContainerState(145)) - Container #1 is in OPEN state, but the datanode e72837b7-fe0e-4475-9dee-4d836a3196bb{ip: 192.168.69.106, host: pr-hdds-2329-pipelines-wl5p8-3511966945, networkLocation: /default-rack, certSerialId: null} reports an CLOSED replica.
2019-11-07 16:30:03,885 [Thread-458] INFO  client.GrpcClientProtocolService (GrpcClientProtocolService.java:lambda$processClientRequest$0(279)) - Failed RaftClientRequest:client-11F5E2EF3273->4b66a4eb-9baa-4818-a82d-5882a8281712@group-693E871481E7, cid=10, seq=0, Watch-ALL_COMMITTED(6), Message:<EMPTY>, reply=RaftClientReply:client-11F5E2EF3273->4b66a4eb-9baa-4818-a82d-5882a8281712@group-693E871481E7, cid=10, FAILED org.apache.ratis.protocol.NotReplicatedException: Request with call Id 10 and log index 6 is not yet replicated to ALL_COMMITTED, logIndex=6, commits[4b66a4eb-9baa-4818-a82d-5882a8281712:c10, faef99ea-f5b7-4431-8bda-3d2e4205e0e9:c4, e72837b7-fe0e-4475-9dee-4d836a3196bb:c10]
2019-11-07 16:30:04,017 [EventQueue-ContainerReportForContainerReportHandler] WARN  container.ContainerReportHandler (AbstractContainerReportHandler.java:updateContainerState(145)) - Container #1 is in OPEN state, but the datanode 4b66a4eb-9baa-4818-a82d-5882a8281712{ip: 192.168.69.106, host: pr-hdds-2329-pipelines-wl5p8-3511966945, networkLocation: /default-rack, certSerialId: null} reports an CLOSED replica.
2019-11-07 16:30:04,271 [EventQueue-ContainerReportForContainerReportHandler] WARN  container.ContainerReportHandler (AbstractContainerReportHandler.java:updateContainerState(145)) - Container #1 is in OPEN state, but the datanode e72837b7-fe0e-4475-9dee-4d836a3196bb{ip: 192.168.69.106, host: pr-hdds-2329-pipelines-wl5p8-3511966945, networkLocation: /default-rack, certSerialId: null} reports an CLOSED replica.
2019-11-07 16:30:04,317 [EventQueue-ContainerReportForContainerReportHandler] WARN  container.ContainerReportHandler (AbstractContainerReportHandler.java:updateContainerState(145)) - Container #1 is in OPEN state, but the datanode 4b66a4eb-9baa-4818-a82d-5882a8281712{ip: 192.168.69.106, host: pr-hdds-2329-pipelines-wl5p8-3511966945, networkLocation: /default-rack, certSerialId: null} reports an CLOSED replica.
2019-11-07 16:30:04,471 [EventQueue-ContainerReportForContainerReportHandler] WARN  container.ContainerReportHandler (AbstractContainerReportHandler.java:updateContainerState(145)) - Container #1 is in OPEN state, but the datanode e72837b7-fe0e-4475-9dee-4d836a3196bb{ip: 192.168.69.106, host: pr-hdds-2329-pipelines-wl5p8-3511966945, networkLocation: /default-rack, certSerialId: null} reports an CLOSED replica.
2019-11-07 16:30:04,618 [EventQueue-ContainerReportForContainerReportHandler] WARN  container.ContainerReportHandler (AbstractContainerReportHandler.java:updateContainerState(145)) - Container #1 is in OPEN state, but the datanode 4b66a4eb-9baa-4818-a82d-5882a8281712{ip: 192.168.69.106, host: pr-hdds-2329-pipelines-wl5p8-3511966945, networkLocation: /default-rack, certSerialId: null} reports an CLOSED replica.
2019-11-07 16:30:04,669 [BlockDeletingService#2] WARN  background.BlockDeletingService (BlockDeletingService.java:isDeletionAllowed(187)) - Close Container log Index 6 is not replicated across allthe servers in the pipeline 8b73d13d-1cd3-4e44-b4fa-693e871481e7 as the min replicated index is 4. Deletion is not allowed in this container yet.
2019-11-07 16:30:04,669 [BlockDeletingService#2] WARN  background.BlockDeletingService (BlockDeletingService.java:isDeletionAllowed(187)) - Close Container log Index 6 is not replicated across allthe servers in the pipeline 8b73d13d-1cd3-4e44-b4fa-693e871481e7 as the min replicated index is 4. Deletion is not allowed in this container yet.
2019-11-07 16:30:04,677 [EventQueue-ContainerReportForContainerReportHandler] WARN  container.ContainerReportHandler (AbstractContainerReportHandler.java:updateContainerState(145)) - Container #1 is in OPEN state, but the datanode e72837b7-fe0e-4475-9dee-4d836a3196bb{ip: 192.168.69.106, host: pr-hdds-2329-pipelines-wl5p8-3511966945, networkLocation: /default-rack, certSerialId: null} reports an CLOSED replica.
2019-11-07 16:30:04,920 [EventQueue-ContainerReportForContainerReportHandler] WARN  container.ContainerReportHandler (AbstractContainerReportHandler.java:updateContainerState(145)) - Container #1 is in OPEN state, but the datanode 4b66a4eb-9baa-4818-a82d-5882a8281712{ip: 192.168.69.106, host: pr-hdds-2329-pipelines-wl5p8-3511966945, networkLocation: /default-rack, certSerialId: null} reports an CLOSED replica.
2019-11-07 16:30:04,931 [java.util.concurrent.ThreadPoolExecutor$Worker@623112c8[State = -1, empty queue]] WARN  server.GrpcLogAppender (GrpcLogAppender.java:timeoutAppendRequest(209)) - 4b66a4eb-9baa-4818-a82d-5882a8281712@group-693E871481E7->faef99ea-f5b7-4431-8bda-3d2e4205e0e9-GrpcLogAppender: appendEntries Timeout, request=4b66a4eb-9baa-4818-a82d-5882a8281712->faef99ea-f5b7-4431-8bda-3d2e4205e0e9#42-t1, previous=(t:1, i:10), leaderCommit=10, initializing? false, entries: <empty>
2019-11-07 16:30:04,976 [EventQueue-ContainerReportForContainerReportHandler] WARN  container.ContainerReportHandler (AbstractContainerReportHandler.java:updateContainerState(145)) - Container #1 is in OPEN state, but the datanode e72837b7-fe0e-4475-9dee-4d836a3196bb{ip: 192.168.69.106, host: pr-hdds-2329-pipelines-wl5p8-3511966945, networkLocation: /default-rack, certSerialId: null} reports an CLOSED replica.
2019-11-07 16:30:05,221 [EventQueue-ContainerReportForContainerReportHandler] WARN  container.ContainerReportHandler (AbstractContainerReportHandler.java:updateContainerState(145)) - Container #1 is in OPEN state, but the datanode 4b66a4eb-9baa-4818-a82d-5882a8281712{ip: 192.168.69.106, host: pr-hdds-2329-pipelines-wl5p8-3511966945, networkLocation: /default-rack, certSerialId: null} reports an CLOSED replica.
2019-11-07 16:30:05,376 [EventQueue-ContainerReportForContainerReportHandler] WARN  container.ContainerReportHandler (AbstractContainerReportHandler.java:updateContainerState(145)) - Container #1 is in OPEN state, but the datanode e72837b7-fe0e-4475-9dee-4d836a3196bb{ip: 192.168.69.106, host: pr-hdds-2329-pipelines-wl5p8-3511966945, networkLocation: /default-rack, certSerialId: null} reports an CLOSED replica.
2019-11-07 16:30:05,420 [EventQueue-ContainerReportForContainerReportHandler] WARN  container.ContainerReportHandler (AbstractContainerReportHandler.java:updateContainerState(145)) - Container #1 is in OPEN state, but the datanode 4b66a4eb-9baa-4818-a82d-5882a8281712{ip: 192.168.69.106, host: pr-hdds-2329-pipelines-wl5p8-3511966945, networkLocation: /default-rack, certSerialId: null} reports an CLOSED replica.
2019-11-07 16:30:05,578 [EventQueue-ContainerReportForContainerReportHandler] WARN  container.ContainerReportHandler (AbstractContainerReportHandler.java:updateContainerState(145)) - Container #1 is in OPEN state, but the datanode e72837b7-fe0e-4475-9dee-4d836a3196bb{ip: 192.168.69.106, host: pr-hdds-2329-pipelines-wl5p8-3511966945, networkLocation: /default-rack, certSerialId: null} reports an CLOSED replica.
2019-11-07 16:30:05,682 [BlockDeletingService#2] WARN  background.BlockDeletingService (BlockDeletingService.java:isDeletionAllowed(187)) - Close Container log Index 6 is not replicated across allthe servers in the pipeline 8b73d13d-1cd3-4e44-b4fa-693e871481e7 as the min replicated index is 4. Deletion is not allowed in this container yet.
2019-11-07 16:30:05,682 [BlockDeletingService#2] WARN  background.BlockDeletingService (BlockDeletingService.java:isDeletionAllowed(187)) - Close Container log Index 6 is not replicated across allthe servers in the pipeline 8b73d13d-1cd3-4e44-b4fa-693e871481e7 as the min replicated index is 4. Deletion is not allowed in this container yet.
2019-11-07 16:30:05,820 [EventQueue-ContainerReportForContainerReportHandler] WARN  container.ContainerReportHandler (AbstractContainerReportHandler.java:updateContainerState(145)) - Container #1 is in OPEN state, but the datanode 4b66a4eb-9baa-4818-a82d-5882a8281712{ip: 192.168.69.106, host: pr-hdds-2329-pipelines-wl5p8-3511966945, networkLocation: /default-rack, certSerialId: null} reports an CLOSED replica.
2019-11-07 16:30:05,878 [EventQueue-ContainerReportForContainerReportHandler] WARN  container.ContainerReportHandler (AbstractContainerReportHandler.java:updateContainerState(145)) - Container #1 is in OPEN state, but the datanode e72837b7-fe0e-4475-9dee-4d836a3196bb{ip: 192.168.69.106, host: pr-hdds-2329-pipelines-wl5p8-3511966945, networkLocation: /default-rack, certSerialId: null} reports an CLOSED replica.
2019-11-07 16:30:06,078 [EventQueue-ContainerReportForContainerReportHandler] WARN  container.ContainerReportHandler (AbstractContainerReportHandler.java:updateContainerState(145)) - Container #1 is in OPEN state, but the datanode e72837b7-fe0e-4475-9dee-4d836a3196bb{ip: 192.168.69.106, host: pr-hdds-2329-pipelines-wl5p8-3511966945, networkLocation: /default-rack, certSerialId: null} reports an CLOSED replica.
2019-11-07 16:30:06,123 [EventQueue-ContainerReportForContainerReportHandler] WARN  container.ContainerReportHandler (AbstractContainerReportHandler.java:updateContainerState(145)) - Container #1 is in OPEN state, but the datanode 4b66a4eb-9baa-4818-a82d-5882a8281712{ip: 192.168.69.106, host: pr-hdds-2329-pipelines-wl5p8-3511966945, networkLocation: /default-rack, certSerialId: null} reports an CLOSED replica.
2019-11-07 16:30:06,378 [EventQueue-ContainerReportForContainerReportHandler] WARN  container.ContainerReportHandler (AbstractContainerReportHandler.java:updateContainerState(145)) - Container #1 is in OPEN state, but the datanode e72837b7-fe0e-4475-9dee-4d836a3196bb{ip: 192.168.69.106, host: pr-hdds-2329-pipelines-wl5p8-3511966945, networkLocation: /default-rack, certSerialId: null} reports an CLOSED replica.
2019-11-07 16:30:06,423 [EventQueue-ContainerReportForContainerReportHandler] WARN  container.ContainerReportHandler (AbstractContainerReportHandler.java:updateContainerState(145)) - Container #1 is in OPEN state, but the datanode 4b66a4eb-9baa-4818-a82d-5882a8281712{ip: 192.168.69.106, host: pr-hdds-2329-pipelines-wl5p8-3511966945, networkLocation: /default-rack, certSerialId: null} reports an CLOSED replica.
2019-11-07 16:30:06,678 [EventQueue-ContainerReportForContainerReportHandler] WARN  container.ContainerReportHandler (AbstractContainerReportHandler.java:updateContainerState(145)) - Container #1 is in OPEN state, but the datanode e72837b7-fe0e-4475-9dee-4d836a3196bb{ip: 192.168.69.106, host: pr-hdds-2329-pipelines-wl5p8-3511966945, networkLocation: /default-rack, certSerialId: null} reports an CLOSED replica.
2019-11-07 16:30:06,684 [BlockDeletingService#2] WARN  background.BlockDeletingService (BlockDeletingService.java:isDeletionAllowed(187)) - Close Container log Index 6 is not replicated across allthe servers in the pipeline 8b73d13d-1cd3-4e44-b4fa-693e871481e7 as the min replicated index is 4. Deletion is not allowed in this container yet.
2019-11-07 16:30:06,684 [BlockDeletingService#2] WARN  background.BlockDeletingService (BlockDeletingService.java:isDeletionAllowed(187)) - Close Container log Index 6 is not replicated across allthe servers in the pipeline 8b73d13d-1cd3-4e44-b4fa-693e871481e7 as the min replicated index is 4. Deletion is not allowed in this container yet.
2019-11-07 16:30:06,824 [EventQueue-ContainerReportForContainerReportHandler] WARN  container.ContainerReportHandler (AbstractContainerReportHandler.java:updateContainerState(145)) - Container #1 is in OPEN state, but the datanode 4b66a4eb-9baa-4818-a82d-5882a8281712{ip: 192.168.69.106, host: pr-hdds-2329-pipelines-wl5p8-3511966945, networkLocation: /default-rack, certSerialId: null} reports an CLOSED replica.
2019-11-07 16:30:06,978 [EventQueue-ContainerReportForContainerReportHandler] WARN  container.ContainerReportHandler (AbstractContainerReportHandler.java:updateContainerState(145)) - Container #1 is in OPEN state, but the datanode e72837b7-fe0e-4475-9dee-4d836a3196bb{ip: 192.168.69.106, host: pr-hdds-2329-pipelines-wl5p8-3511966945, networkLocation: /default-rack, certSerialId: null} reports an CLOSED replica.
2019-11-07 16:30:07,124 [EventQueue-ContainerReportForContainerReportHandler] WARN  container.ContainerReportHandler (AbstractContainerReportHandler.java:updateContainerState(145)) - Container #1 is in OPEN state, but the datanode 4b66a4eb-9baa-4818-a82d-5882a8281712{ip: 192.168.69.106, host: pr-hdds-2329-pipelines-wl5p8-3511966945, networkLocation: /default-rack, certSerialId: null} reports an CLOSED replica.
2019-11-07 16:30:07,379 [EventQueue-ContainerReportForContainerReportHandler] WARN  container.ContainerReportHandler (AbstractContainerReportHandler.java:updateContainerState(145)) - Container #1 is in OPEN state, but the datanode e72837b7-fe0e-4475-9dee-4d836a3196bb{ip: 192.168.69.106, host: pr-hdds-2329-pipelines-wl5p8-3511966945, networkLocation: /default-rack, certSerialId: null} reports an CLOSED replica.
2019-11-07 16:30:07,424 [EventQueue-ContainerReportForContainerReportHandler] WARN  container.ContainerReportHandler (AbstractContainerReportHandler.java:updateContainerState(145)) - Container #1 is in OPEN state, but the datanode 4b66a4eb-9baa-4818-a82d-5882a8281712{ip: 192.168.69.106, host: pr-hdds-2329-pipelines-wl5p8-3511966945, networkLocation: /default-rack, certSerialId: null} reports an CLOSED replica.
2019-11-07 16:30:07,433 [java.util.concurrent.ThreadPoolExecutor$Worker@623112c8[State = -1, empty queue]] WARN  server.GrpcLogAppender (GrpcLogAppender.java:timeoutAppendRequest(209)) - 4b66a4eb-9baa-4818-a82d-5882a8281712@group-693E871481E7->faef99ea-f5b7-4431-8bda-3d2e4205e0e9-GrpcLogAppender: appendEntries Timeout, request=4b66a4eb-9baa-4818-a82d-5882a8281712->faef99ea-f5b7-4431-8bda-3d2e4205e0e9#43-t1, previous=(t:1, i:10), leaderCommit=10, initializing? false, entries: <empty>
2019-11-07 16:30:07,624 [EventQueue-ContainerReportForContainerReportHandler] WARN  container.ContainerReportHandler (AbstractContainerReportHandler.java:updateContainerState(145)) - Container #1 is in OPEN state, but the datanode 4b66a4eb-9baa-4818-a82d-5882a8281712{ip: 192.168.69.106, host: pr-hdds-2329-pipelines-wl5p8-3511966945, networkLocation: /default-rack, certSerialId: null} reports an CLOSED replica.
2019-11-07 16:30:07,679 [EventQueue-ContainerReportForContainerReportHandler] WARN  container.ContainerReportHandler (AbstractContainerReportHandler.java:updateContainerState(145)) - Container #1 is in OPEN state, but the datanode e72837b7-fe0e-4475-9dee-4d836a3196bb{ip: 192.168.69.106, host: pr-hdds-2329-pipelines-wl5p8-3511966945, networkLocation: /default-rack, certSerialId: null} reports an CLOSED replica.
2019-11-07 16:30:07,687 [BlockDeletingService#2] WARN  background.BlockDeletingService (BlockDeletingService.java:isDeletionAllowed(187)) - Close Container log Index 6 is not replicated across allthe servers in the pipeline 8b73d13d-1cd3-4e44-b4fa-693e871481e7 as the min replicated index is 4. Deletion is not allowed in this container yet.
2019-11-07 16:30:07,687 [BlockDeletingService#2] WARN  background.BlockDeletingService (BlockDeletingService.java:isDeletionAllowed(187)) - Close Container log Index 6 is not replicated across allthe servers in the pipeline 8b73d13d-1cd3-4e44-b4fa-693e871481e7 as the min replicated index is 4. Deletion is not allowed in this container yet.
2019-11-07 16:30:07,924 [EventQueue-ContainerReportForContainerReportHandler] WARN  container.ContainerReportHandler (AbstractContainerReportHandler.java:updateContainerState(145)) - Container #1 is in OPEN state, but the datanode 4b66a4eb-9baa-4818-a82d-5882a8281712{ip: 192.168.69.106, host: pr-hdds-2329-pipelines-wl5p8-3511966945, networkLocation: /default-rack, certSerialId: null} reports an CLOSED replica.
2019-11-07 16:30:07,978 [EventQueue-ContainerReportForContainerReportHandler] WARN  container.ContainerReportHandler (AbstractContainerReportHandler.java:updateContainerState(145)) - Container #1 is in OPEN state, but the datanode e72837b7-fe0e-4475-9dee-4d836a3196bb{ip: 192.168.69.106, host: pr-hdds-2329-pipelines-wl5p8-3511966945, networkLocation: /default-rack, certSerialId: null} reports an CLOSED replica.
2019-11-07 16:30:08,178 [EventQueue-ContainerReportForContainerReportHandler] WARN  container.ContainerReportHandler (AbstractContainerReportHandler.java:updateContainerState(145)) - Container #1 is in OPEN state, but the datanode e72837b7-fe0e-4475-9dee-4d836a3196bb{ip: 192.168.69.106, host: pr-hdds-2329-pipelines-wl5p8-3511966945, networkLocation: /default-rack, certSerialId: null} reports an CLOSED replica.
2019-11-07 16:30:08,224 [EventQueue-ContainerReportForContainerReportHandler] WARN  container.ContainerReportHandler (AbstractContainerReportHandler.java:updateContainerState(145)) - Container #1 is in OPEN state, but the datanode 4b66a4eb-9baa-4818-a82d-5882a8281712{ip: 192.168.69.106, host: pr-hdds-2329-pipelines-wl5p8-3511966945, networkLocation: /default-rack, certSerialId: null} reports an CLOSED replica.
2019-11-07 16:30:08,524 [EventQueue-ContainerReportForContainerReportHandler] WARN  container.ContainerReportHandler (AbstractContainerReportHandler.java:updateContainerState(145)) - Container #1 is in OPEN state, but the datanode 4b66a4eb-9baa-4818-a82d-5882a8281712{ip: 192.168.69.106, host: pr-hdds-2329-pipelines-wl5p8-3511966945, networkLocation: /default-rack, certSerialId: null} reports an CLOSED replica.
2019-11-07 16:30:08,578 [EventQueue-ContainerReportForContainerReportHandler] WARN  container.ContainerReportHandler (AbstractContainerReportHandler.java:updateContainerState(145)) - Container #1 is in OPEN state, but the datanode e72837b7-fe0e-4475-9dee-4d836a3196bb{ip: 192.168.69.106, host: pr-hdds-2329-pipelines-wl5p8-3511966945, networkLocation: /default-rack, certSerialId: null} reports an CLOSED replica.
2019-11-07 16:30:08,689 [BlockDeletingService#2] WARN  background.BlockDeletingService (BlockDeletingService.java:isDeletionAllowed(187)) - Close Container log Index 6 is not replicated across allthe servers in the pipeline 8b73d13d-1cd3-4e44-b4fa-693e871481e7 as the min replicated index is 4. Deletion is not allowed in this container yet.
2019-11-07 16:30:08,689 [BlockDeletingService#2] WARN  background.BlockDeletingService (BlockDeletingService.java:isDeletionAllowed(187)) - Close Container log Index 6 is not replicated across allthe servers in the pipeline 8b73d13d-1cd3-4e44-b4fa-693e871481e7 as the min replicated index is 4. Deletion is not allowed in this container yet.
2019-11-07 16:30:08,779 [EventQueue-ContainerReportForContainerReportHandler] WARN  container.ContainerReportHandler (AbstractContainerReportHandler.java:updateContainerState(145)) - Container #1 is in OPEN state, but the datanode e72837b7-fe0e-4475-9dee-4d836a3196bb{ip: 192.168.69.106, host: pr-hdds-2329-pipelines-wl5p8-3511966945, networkLocation: /default-rack, certSerialId: null} reports an CLOSED replica.
2019-11-07 16:30:08,824 [EventQueue-ContainerReportForContainerReportHandler] WARN  container.ContainerReportHandler (AbstractContainerReportHandler.java:updateContainerState(145)) - Container #1 is in OPEN state, but the datanode 4b66a4eb-9baa-4818-a82d-5882a8281712{ip: 192.168.69.106, host: pr-hdds-2329-pipelines-wl5p8-3511966945, networkLocation: /default-rack, certSerialId: null} reports an CLOSED replica.
2019-11-07 16:30:08,979 [EventQueue-ContainerReportForContainerReportHandler] WARN  container.ContainerReportHandler (AbstractContainerReportHandler.java:updateContainerState(145)) - Container #1 is in OPEN state, but the datanode e72837b7-fe0e-4475-9dee-4d836a3196bb{ip: 192.168.69.106, host: pr-hdds-2329-pipelines-wl5p8-3511966945, networkLocation: /default-rack, certSerialId: null} reports an CLOSED replica.
2019-11-07 16:30:09,124 [EventQueue-ContainerReportForContainerReportHandler] WARN  container.ContainerReportHandler (AbstractContainerReportHandler.java:updateContainerState(145)) - Container #1 is in OPEN state, but the datanode 4b66a4eb-9baa-4818-a82d-5882a8281712{ip: 192.168.69.106, host: pr-hdds-2329-pipelines-wl5p8-3511966945, networkLocation: /default-rack, certSerialId: null} reports an CLOSED replica.
2019-11-07 16:30:09,279 [EventQueue-ContainerReportForContainerReportHandler] WARN  container.ContainerReportHandler (AbstractContainerReportHandler.java:updateContainerState(145)) - Container #1 is in OPEN state, but the datanode e72837b7-fe0e-4475-9dee-4d836a3196bb{ip: 192.168.69.106, host: pr-hdds-2329-pipelines-wl5p8-3511966945, networkLocation: /default-rack, certSerialId: null} reports an CLOSED replica.
2019-11-07 16:30:09,324 [EventQueue-ContainerReportForContainerReportHandler] WARN  container.ContainerReportHandler (AbstractContainerReportHandler.java:updateContainerState(145)) - Container #1 is in OPEN state, but the datanode 4b66a4eb-9baa-4818-a82d-5882a8281712{ip: 192.168.69.106, host: pr-hdds-2329-pipelines-wl5p8-3511966945, networkLocation: /default-rack, certSerialId: null} reports an CLOSED replica.
2019-11-07 16:30:09,525 [EventQueue-ContainerReportForContainerReportHandler] WARN  container.ContainerReportHandler (AbstractContainerReportHandler.java:updateContainerState(145)) - Container #1 is in OPEN state, but the datanode 4b66a4eb-9baa-4818-a82d-5882a8281712{ip: 192.168.69.106, host: pr-hdds-2329-pipelines-wl5p8-3511966945, networkLocation: /default-rack, certSerialId: null} reports an CLOSED replica.
2019-11-07 16:30:09,579 [EventQueue-ContainerReportForContainerReportHandler] WARN  container.ContainerReportHandler (AbstractContainerReportHandler.java:updateContainerState(145)) - Container #1 is in OPEN state, but the datanode e72837b7-fe0e-4475-9dee-4d836a3196bb{ip: 192.168.69.106, host: pr-hdds-2329-pipelines-wl5p8-3511966945, networkLocation: /default-rack, certSerialId: null} reports an CLOSED replica.
2019-11-07 16:30:09,691 [BlockDeletingService#2] WARN  background.BlockDeletingService (BlockDeletingService.java:isDeletionAllowed(187)) - Close Container log Index 6 is not replicated across allthe servers in the pipeline 8b73d13d-1cd3-4e44-b4fa-693e871481e7 as the min replicated index is 4. Deletion is not allowed in this container yet.
2019-11-07 16:30:09,691 [BlockDeletingService#2] WARN  background.BlockDeletingService (BlockDeletingService.java:isDeletionAllowed(187)) - Close Container log Index 6 is not replicated across allthe servers in the pipeline 8b73d13d-1cd3-4e44-b4fa-693e871481e7 as the min replicated index is 4. Deletion is not allowed in this container yet.
2019-11-07 16:30:09,879 [EventQueue-ContainerReportForContainerReportHandler] WARN  container.ContainerReportHandler (AbstractContainerReportHandler.java:updateContainerState(145)) - Container #1 is in OPEN state, but the datanode e72837b7-fe0e-4475-9dee-4d836a3196bb{ip: 192.168.69.106, host: pr-hdds-2329-pipelines-wl5p8-3511966945, networkLocation: /default-rack, certSerialId: null} reports an CLOSED replica.
2019-11-07 16:30:09,924 [EventQueue-ContainerReportForContainerReportHandler] WARN  container.ContainerReportHandler (AbstractContainerReportHandler.java:updateContainerState(145)) - Container #1 is in OPEN state, but the datanode 4b66a4eb-9baa-4818-a82d-5882a8281712{ip: 192.168.69.106, host: pr-hdds-2329-pipelines-wl5p8-3511966945, networkLocation: /default-rack, certSerialId: null} reports an CLOSED replica.
2019-11-07 16:30:09,934 [java.util.concurrent.ThreadPoolExecutor$Worker@623112c8[State = -1, empty queue]] WARN  server.GrpcLogAppender (GrpcLogAppender.java:timeoutAppendRequest(209)) - 4b66a4eb-9baa-4818-a82d-5882a8281712@group-693E871481E7->faef99ea-f5b7-4431-8bda-3d2e4205e0e9-GrpcLogAppender: appendEntries Timeout, request=4b66a4eb-9baa-4818-a82d-5882a8281712->faef99ea-f5b7-4431-8bda-3d2e4205e0e9#44-t1, previous=(t:1, i:10), leaderCommit=10, initializing? false, entries: <empty>
2019-11-07 16:30:10,079 [EventQueue-ContainerReportForContainerReportHandler] WARN  container.ContainerReportHandler (AbstractContainerReportHandler.java:updateContainerState(145)) - Container #1 is in OPEN state, but the datanode e72837b7-fe0e-4475-9dee-4d836a3196bb{ip: 192.168.69.106, host: pr-hdds-2329-pipelines-wl5p8-3511966945, networkLocation: /default-rack, certSerialId: null} reports an CLOSED replica.
2019-11-07 16:30:10,224 [EventQueue-ContainerReportForContainerReportHandler] WARN  container.ContainerReportHandler (AbstractContainerReportHandler.java:updateContainerState(145)) - Container #1 is in OPEN state, but the datanode 4b66a4eb-9baa-4818-a82d-5882a8281712{ip: 192.168.69.106, host: pr-hdds-2329-pipelines-wl5p8-3511966945, networkLocation: /default-rack, certSerialId: null} reports an CLOSED replica.
2019-11-07 16:30:10,479 [EventQueue-ContainerReportForContainerReportHandler] WARN  container.ContainerReportHandler (AbstractContainerReportHandler.java:updateContainerState(145)) - Container #1 is in OPEN state, but the datanode e72837b7-fe0e-4475-9dee-4d836a3196bb{ip: 192.168.69.106, host: pr-hdds-2329-pipelines-wl5p8-3511966945, networkLocation: /default-rack, certSerialId: null} reports an CLOSED replica.
2019-11-07 16:30:10,524 [EventQueue-ContainerReportForContainerReportHandler] WARN  container.ContainerReportHandler (AbstractContainerReportHandler.java:updateContainerState(145)) - Container #1 is in OPEN state, but the datanode 4b66a4eb-9baa-4818-a82d-5882a8281712{ip: 192.168.69.106, host: pr-hdds-2329-pipelines-wl5p8-3511966945, networkLocation: /default-rack, certSerialId: null} reports an CLOSED replica.
2019-11-07 16:30:10,679 [EventQueue-ContainerReportForContainerReportHandler] WARN  container.ContainerReportHandler (AbstractContainerReportHandler.java:updateContainerState(145)) - Container #1 is in OPEN state, but the datanode e72837b7-fe0e-4475-9dee-4d836a3196bb{ip: 192.168.69.106, host: pr-hdds-2329-pipelines-wl5p8-3511966945, networkLocation: /default-rack, certSerialId: null} reports an CLOSED replica.
2019-11-07 16:30:10,693 [BlockDeletingService#2] WARN  background.BlockDeletingService (BlockDeletingService.java:isDeletionAllowed(187)) - Close Container log Index 6 is not replicated across allthe servers in the pipeline 8b73d13d-1cd3-4e44-b4fa-693e871481e7 as the min replicated index is 4. Deletion is not allowed in this container yet.
2019-11-07 16:30:10,693 [BlockDeletingService#2] WARN  background.BlockDeletingService (BlockDeletingService.java:isDeletionAllowed(187)) - Close Container log Index 6 is not replicated across allthe servers in the pipeline 8b73d13d-1cd3-4e44-b4fa-693e871481e7 as the min replicated index is 4. Deletion is not allowed in this container yet.
2019-11-07 16:30:10,724 [EventQueue-ContainerReportForContainerReportHandler] WARN  container.ContainerReportHandler (AbstractContainerReportHandler.java:updateContainerState(145)) - Container #1 is in OPEN state, but the datanode 4b66a4eb-9baa-4818-a82d-5882a8281712{ip: 192.168.69.106, host: pr-hdds-2329-pipelines-wl5p8-3511966945, networkLocation: /default-rack, certSerialId: null} reports an CLOSED replica.
2019-11-07 16:30:11,024 [EventQueue-ContainerReportForContainerReportHandler] WARN  container.ContainerReportHandler (AbstractContainerReportHandler.java:updateContainerState(145)) - Container #1 is in OPEN state, but the datanode 4b66a4eb-9baa-4818-a82d-5882a8281712{ip: 192.168.69.106, host: pr-hdds-2329-pipelines-wl5p8-3511966945, networkLocation: /default-rack, certSerialId: null} reports an CLOSED replica.
2019-11-07 16:30:11,079 [EventQueue-ContainerReportForContainerReportHandler] WARN  container.ContainerReportHandler (AbstractContainerReportHandler.java:updateContainerState(145)) - Container #1 is in OPEN state, but the datanode e72837b7-fe0e-4475-9dee-4d836a3196bb{ip: 192.168.69.106, host: pr-hdds-2329-pipelines-wl5p8-3511966945, networkLocation: /default-rack, certSerialId: null} reports an CLOSED replica.
2019-11-07 16:30:11,280 [EventQueue-ContainerReportForContainerReportHandler] WARN  container.ContainerReportHandler (AbstractContainerReportHandler.java:updateContainerState(145)) - Container #1 is in OPEN state, but the datanode e72837b7-fe0e-4475-9dee-4d836a3196bb{ip: 192.168.69.106, host: pr-hdds-2329-pipelines-wl5p8-3511966945, networkLocation: /default-rack, certSerialId: null} reports an CLOSED replica.
2019-11-07 16:30:11,324 [EventQueue-ContainerReportForContainerReportHandler] WARN  container.ContainerReportHandler (AbstractContainerReportHandler.java:updateContainerState(145)) - Container #1 is in OPEN state, but the datanode 4b66a4eb-9baa-4818-a82d-5882a8281712{ip: 192.168.69.106, host: pr-hdds-2329-pipelines-wl5p8-3511966945, networkLocation: /default-rack, certSerialId: null} reports an CLOSED replica.
2019-11-07 16:30:11,581 [EventQueue-ContainerReportForContainerReportHandler] WARN  container.ContainerReportHandler (AbstractContainerReportHandler.java:updateContainerState(145)) - Container #1 is in OPEN state, but the datanode e72837b7-fe0e-4475-9dee-4d836a3196bb{ip: 192.168.69.106, host: pr-hdds-2329-pipelines-wl5p8-3511966945, networkLocation: /default-rack, certSerialId: null} reports an CLOSED replica.
2019-11-07 16:30:11,695 [BlockDeletingService#2] WARN  background.BlockDeletingService (BlockDeletingService.java:isDeletionAllowed(187)) - Close Container log Index 6 is not replicated across allthe servers in the pipeline 8b73d13d-1cd3-4e44-b4fa-693e871481e7 as the min replicated index is 4. Deletion is not allowed in this container yet.
2019-11-07 16:30:11,695 [BlockDeletingService#2] WARN  background.BlockDeletingService (BlockDeletingService.java:isDeletionAllowed(187)) - Close Container log Index 6 is not replicated across allthe servers in the pipeline 8b73d13d-1cd3-4e44-b4fa-693e871481e7 as the min replicated index is 4. Deletion is not allowed in this container yet.
2019-11-07 16:30:11,724 [EventQueue-ContainerReportForContainerReportHandler] WARN  container.ContainerReportHandler (AbstractContainerReportHandler.java:updateContainerState(145)) - Container #1 is in OPEN state, but the datanode 4b66a4eb-9baa-4818-a82d-5882a8281712{ip: 192.168.69.106, host: pr-hdds-2329-pipelines-wl5p8-3511966945, networkLocation: /default-rack, certSerialId: null} reports an CLOSED replica.
2019-11-07 16:30:11,881 [EventQueue-ContainerReportForContainerReportHandler] WARN  container.ContainerReportHandler (AbstractContainerReportHandler.java:updateContainerState(145)) - Container #1 is in OPEN state, but the datanode e72837b7-fe0e-4475-9dee-4d836a3196bb{ip: 192.168.69.106, host: pr-hdds-2329-pipelines-wl5p8-3511966945, networkLocation: /default-rack, certSerialId: null} reports an CLOSED replica.
2019-11-07 16:30:11,925 [EventQueue-ContainerReportForContainerReportHandler] WARN  container.ContainerReportHandler (AbstractContainerReportHandler.java:updateContainerState(145)) - Container #1 is in OPEN state, but the datanode 4b66a4eb-9baa-4818-a82d-5882a8281712{ip: 192.168.69.106, host: pr-hdds-2329-pipelines-wl5p8-3511966945, networkLocation: /default-rack, certSerialId: null} reports an CLOSED replica.
2019-11-07 16:30:12,081 [EventQueue-ContainerReportForContainerReportHandler] WARN  container.ContainerReportHandler (AbstractContainerReportHandler.java:updateContainerState(145)) - Container #1 is in OPEN state, but the datanode e72837b7-fe0e-4475-9dee-4d836a3196bb{ip: 192.168.69.106, host: pr-hdds-2329-pipelines-wl5p8-3511966945, networkLocation: /default-rack, certSerialId: null} reports an CLOSED replica.
2019-11-07 16:30:12,325 [EventQueue-ContainerReportForContainerReportHandler] WARN  container.ContainerReportHandler (AbstractContainerReportHandler.java:updateContainerState(145)) - Container #1 is in OPEN state, but the datanode 4b66a4eb-9baa-4818-a82d-5882a8281712{ip: 192.168.69.106, host: pr-hdds-2329-pipelines-wl5p8-3511966945, networkLocation: /default-rack, certSerialId: null} reports an CLOSED replica.
2019-11-07 16:30:12,381 [EventQueue-ContainerReportForContainerReportHandler] WARN  container.ContainerReportHandler (AbstractContainerReportHandler.java:updateContainerState(145)) - Container #1 is in OPEN state, but the datanode e72837b7-fe0e-4475-9dee-4d836a3196bb{ip: 192.168.69.106, host: pr-hdds-2329-pipelines-wl5p8-3511966945, networkLocation: /default-rack, certSerialId: null} reports an CLOSED replica.
2019-11-07 16:30:12,436 [java.util.concurrent.ThreadPoolExecutor$Worker@623112c8[State = -1, empty queue]] WARN  server.GrpcLogAppender (GrpcLogAppender.java:timeoutAppendRequest(209)) - 4b66a4eb-9baa-4818-a82d-5882a8281712@group-693E871481E7->faef99ea-f5b7-4431-8bda-3d2e4205e0e9-GrpcLogAppender: appendEntries Timeout, request=4b66a4eb-9baa-4818-a82d-5882a8281712->faef99ea-f5b7-4431-8bda-3d2e4205e0e9#45-t1, previous=(t:1, i:10), leaderCommit=10, initializing? false, entries: <empty>
2019-11-07 16:30:12,526 [EventQueue-ContainerReportForContainerReportHandler] WARN  container.ContainerReportHandler (AbstractContainerReportHandler.java:updateContainerState(145)) - Container #1 is in OPEN state, but the datanode 4b66a4eb-9baa-4818-a82d-5882a8281712{ip: 192.168.69.106, host: pr-hdds-2329-pipelines-wl5p8-3511966945, networkLocation: /default-rack, certSerialId: null} reports an CLOSED replica.
2019-11-07 16:30:12,580 [Thread-481] INFO  client.GrpcClientProtocolService (GrpcClientProtocolService.java:lambda$processClientRequest$0(279)) - Failed RaftClientRequest:client-11F5E2EF3273->e72837b7-fe0e-4475-9dee-4d836a3196bb@group-693E871481E7, cid=10, seq=0, Watch-ALL_COMMITTED(6), Message:<EMPTY>, reply=RaftClientReply:client-11F5E2EF3273->e72837b7-fe0e-4475-9dee-4d836a3196bb@group-693E871481E7, cid=10, FAILED org.apache.ratis.protocol.NotLeaderException: Server e72837b7-fe0e-4475-9dee-4d836a3196bb@group-693E871481E7 is not the leader 4b66a4eb-9baa-4818-a82d-5882a8281712:192.168.69.106:35202, logIndex=0, commits[e72837b7-fe0e-4475-9dee-4d836a3196bb:c10, faef99ea-f5b7-4431-8bda-3d2e4205e0e9:c4, 4b66a4eb-9baa-4818-a82d-5882a8281712:c10]
2019-11-07 16:30:12,683 [EventQueue-ContainerReportForContainerReportHandler] WARN  container.ContainerReportHandler (AbstractContainerReportHandler.java:updateContainerState(145)) - Container #1 is in OPEN state, but the datanode e72837b7-fe0e-4475-9dee-4d836a3196bb{ip: 192.168.69.106, host: pr-hdds-2329-pipelines-wl5p8-3511966945, networkLocation: /default-rack, certSerialId: null} reports an CLOSED replica.
2019-11-07 16:30:12,698 [BlockDeletingService#2] WARN  background.BlockDeletingService (BlockDeletingService.java:isDeletionAllowed(187)) - Close Container log Index 6 is not replicated across allthe servers in the pipeline 8b73d13d-1cd3-4e44-b4fa-693e871481e7 as the min replicated index is 4. Deletion is not allowed in this container yet.
2019-11-07 16:30:12,698 [BlockDeletingService#2] WARN  background.BlockDeletingService (BlockDeletingService.java:isDeletionAllowed(187)) - Close Container log Index 6 is not replicated across allthe servers in the pipeline 8b73d13d-1cd3-4e44-b4fa-693e871481e7 as the min replicated index is 4. Deletion is not allowed in this container yet.
2019-11-07 16:30:12,926 [EventQueue-ContainerReportForContainerReportHandler] WARN  container.ContainerReportHandler (AbstractContainerReportHandler.java:updateContainerState(145)) - Container #1 is in OPEN state, but the datanode 4b66a4eb-9baa-4818-a82d-5882a8281712{ip: 192.168.69.106, host: pr-hdds-2329-pipelines-wl5p8-3511966945, networkLocation: /default-rack, certSerialId: null} reports an CLOSED replica.
2019-11-07 16:30:12,982 [EventQueue-ContainerReportForContainerReportHandler] WARN  container.ContainerReportHandler (AbstractContainerReportHandler.java:updateContainerState(145)) - Container #1 is in OPEN state, but the datanode e72837b7-fe0e-4475-9dee-4d836a3196bb{ip: 192.168.69.106, host: pr-hdds-2329-pipelines-wl5p8-3511966945, networkLocation: /default-rack, certSerialId: null} reports an CLOSED replica.
2019-11-07 16:30:13,226 [EventQueue-ContainerReportForContainerReportHandler] WARN  container.ContainerReportHandler (AbstractContainerReportHandler.java:updateContainerState(145)) - Container #1 is in OPEN state, but the datanode 4b66a4eb-9baa-4818-a82d-5882a8281712{ip: 192.168.69.106, host: pr-hdds-2329-pipelines-wl5p8-3511966945, networkLocation: /default-rack, certSerialId: null} reports an CLOSED replica.
2019-11-07 16:30:13,283 [EventQueue-ContainerReportForContainerReportHandler] WARN  container.ContainerReportHandler (AbstractContainerReportHandler.java:updateContainerState(145)) - Container #1 is in OPEN state, but the datanode e72837b7-fe0e-4475-9dee-4d836a3196bb{ip: 192.168.69.106, host: pr-hdds-2329-pipelines-wl5p8-3511966945, networkLocation: /default-rack, certSerialId: null} reports an CLOSED replica.
2019-11-07 16:30:13,426 [EventQueue-ContainerReportForContainerReportHandler] WARN  container.ContainerReportHandler (AbstractContainerReportHandler.java:updateContainerState(145)) - Container #1 is in OPEN state, but the datanode 4b66a4eb-9baa-4818-a82d-5882a8281712{ip: 192.168.69.106, host: pr-hdds-2329-pipelines-wl5p8-3511966945, networkLocation: /default-rack, certSerialId: null} reports an CLOSED replica.
2019-11-07 16:30:13,584 [EventQueue-ContainerReportForContainerReportHandler] WARN  container.ContainerReportHandler (AbstractContainerReportHandler.java:updateContainerState(145)) - Container #1 is in OPEN state, but the datanode e72837b7-fe0e-4475-9dee-4d836a3196bb{ip: 192.168.69.106, host: pr-hdds-2329-pipelines-wl5p8-3511966945, networkLocation: /default-rack, certSerialId: null} reports an CLOSED replica.
2019-11-07 16:30:13,702 [BlockDeletingService#2] WARN  background.BlockDeletingService (BlockDeletingService.java:isDeletionAllowed(187)) - Close Container log Index 6 is not replicated across allthe servers in the pipeline 8b73d13d-1cd3-4e44-b4fa-693e871481e7 as the min replicated index is 4. Deletion is not allowed in this container yet.
2019-11-07 16:30:13,702 [BlockDeletingService#2] WARN  background.BlockDeletingService (BlockDeletingService.java:isDeletionAllowed(187)) - Close Container log Index 6 is not replicated across allthe servers in the pipeline 8b73d13d-1cd3-4e44-b4fa-693e871481e7 as the min replicated index is 4. Deletion is not allowed in this container yet.
2019-11-07 16:30:13,726 [EventQueue-ContainerReportForContainerReportHandler] WARN  container.ContainerReportHandler (AbstractContainerReportHandler.java:updateContainerState(145)) - Container #1 is in OPEN state, but the datanode 4b66a4eb-9baa-4818-a82d-5882a8281712{ip: 192.168.69.106, host: pr-hdds-2329-pipelines-wl5p8-3511966945, networkLocation: /default-rack, certSerialId: null} reports an CLOSED replica.
2019-11-07 16:30:13,884 [EventQueue-ContainerReportForContainerReportHandler] WARN  container.ContainerReportHandler (AbstractContainerReportHandler.java:updateContainerState(145)) - Container #1 is in OPEN state, but the datanode e72837b7-fe0e-4475-9dee-4d836a3196bb{ip: 192.168.69.106, host: pr-hdds-2329-pipelines-wl5p8-3511966945, networkLocation: /default-rack, certSerialId: null} reports an CLOSED replica.
2019-11-07 16:30:13,885 [Thread-488] INFO  client.GrpcClientProtocolService (GrpcClientProtocolService.java:lambda$processClientRequest$0(279)) - Failed RaftClientRequest:client-11F5E2EF3273->4b66a4eb-9baa-4818-a82d-5882a8281712@group-693E871481E7, cid=10, seq=0, Watch-ALL_COMMITTED(6), Message:<EMPTY>, reply=RaftClientReply:client-11F5E2EF3273->4b66a4eb-9baa-4818-a82d-5882a8281712@group-693E871481E7, cid=10, FAILED org.apache.ratis.protocol.NotReplicatedException: Request with call Id 10 and log index 6 is not yet replicated to ALL_COMMITTED, logIndex=6, commits[4b66a4eb-9baa-4818-a82d-5882a8281712:c10, faef99ea-f5b7-4431-8bda-3d2e4205e0e9:c4, e72837b7-fe0e-4475-9dee-4d836a3196bb:c10]
2019-11-07 16:30:14,126 [EventQueue-ContainerReportForContainerReportHandler] WARN  container.ContainerReportHandler (AbstractContainerReportHandler.java:updateContainerState(145)) - Container #1 is in OPEN state, but the datanode 4b66a4eb-9baa-4818-a82d-5882a8281712{ip: 192.168.69.106, host: pr-hdds-2329-pipelines-wl5p8-3511966945, networkLocation: /default-rack, certSerialId: null} reports an CLOSED replica.
2019-11-07 16:30:14,284 [EventQueue-ContainerReportForContainerReportHandler] WARN  container.ContainerReportHandler (AbstractContainerReportHandler.java:updateContainerState(145)) - Container #1 is in OPEN state, but the datanode e72837b7-fe0e-4475-9dee-4d836a3196bb{ip: 192.168.69.106, host: pr-hdds-2329-pipelines-wl5p8-3511966945, networkLocation: /default-rack, certSerialId: null} reports an CLOSED replica.
2019-11-07 16:30:14,526 [EventQueue-ContainerReportForContainerReportHandler] WARN  container.ContainerReportHandler (AbstractContainerReportHandler.java:updateContainerState(145)) - Container #1 is in OPEN state, but the datanode 4b66a4eb-9baa-4818-a82d-5882a8281712{ip: 192.168.69.106, host: pr-hdds-2329-pipelines-wl5p8-3511966945, networkLocation: /default-rack, certSerialId: null} reports an CLOSED replica.
2019-11-07 16:30:14,686 [EventQueue-ContainerReportForContainerReportHandler] WARN  container.ContainerReportHandler (AbstractContainerReportHandler.java:updateContainerState(145)) - Container #1 is in OPEN state, but the datanode e72837b7-fe0e-4475-9dee-4d836a3196bb{ip: 192.168.69.106, host: pr-hdds-2329-pipelines-wl5p8-3511966945, networkLocation: /default-rack, certSerialId: null} reports an CLOSED replica.
2019-11-07 16:30:14,705 [BlockDeletingService#2] WARN  background.BlockDeletingService (BlockDeletingService.java:isDeletionAllowed(187)) - Close Container log Index 6 is not replicated across allthe servers in the pipeline 8b73d13d-1cd3-4e44-b4fa-693e871481e7 as the min replicated index is 4. Deletion is not allowed in this container yet.
2019-11-07 16:30:14,705 [BlockDeletingService#2] WARN  background.BlockDeletingService (BlockDeletingService.java:isDeletionAllowed(187)) - Close Container log Index 6 is not replicated across allthe servers in the pipeline 8b73d13d-1cd3-4e44-b4fa-693e871481e7 as the min replicated index is 4. Deletion is not allowed in this container yet.
2019-11-07 16:30:14,727 [EventQueue-ContainerReportForContainerReportHandler] WARN  container.ContainerReportHandler (AbstractContainerReportHandler.java:updateContainerState(145)) - Container #1 is in OPEN state, but the datanode 4b66a4eb-9baa-4818-a82d-5882a8281712{ip: 192.168.69.106, host: pr-hdds-2329-pipelines-wl5p8-3511966945, networkLocation: /default-rack, certSerialId: null} reports an CLOSED replica.
2019-11-07 16:30:14,886 [EventQueue-ContainerReportForContainerReportHandler] WARN  container.ContainerReportHandler (AbstractContainerReportHandler.java:updateContainerState(145)) - Container #1 is in OPEN state, but the datanode e72837b7-fe0e-4475-9dee-4d836a3196bb{ip: 192.168.69.106, host: pr-hdds-2329-pipelines-wl5p8-3511966945, networkLocation: /default-rack, certSerialId: null} reports an CLOSED replica.
2019-11-07 16:30:14,927 [EventQueue-ContainerReportForContainerReportHandler] WARN  container.ContainerReportHandler (AbstractContainerReportHandler.java:updateContainerState(145)) - Container #1 is in OPEN state, but the datanode 4b66a4eb-9baa-4818-a82d-5882a8281712{ip: 192.168.69.106, host: pr-hdds-2329-pipelines-wl5p8-3511966945, networkLocation: /default-rack, certSerialId: null} reports an CLOSED replica.
2019-11-07 16:30:14,938 [java.util.concurrent.ThreadPoolExecutor$Worker@623112c8[State = -1, empty queue]] WARN  server.GrpcLogAppender (GrpcLogAppender.java:timeoutAppendRequest(209)) - 4b66a4eb-9baa-4818-a82d-5882a8281712@group-693E871481E7->faef99ea-f5b7-4431-8bda-3d2e4205e0e9-GrpcLogAppender: appendEntries Timeout, request=4b66a4eb-9baa-4818-a82d-5882a8281712->faef99ea-f5b7-4431-8bda-3d2e4205e0e9#46-t1, previous=(t:1, i:10), leaderCommit=10, initializing? false, entries: <empty>
2019-11-07 16:30:15,289 [EventQueue-ContainerReportForContainerReportHandler] WARN  container.ContainerReportHandler (AbstractContainerReportHandler.java:updateContainerState(145)) - Container #1 is in OPEN state, but the datanode e72837b7-fe0e-4475-9dee-4d836a3196bb{ip: 192.168.69.106, host: pr-hdds-2329-pipelines-wl5p8-3511966945, networkLocation: /default-rack, certSerialId: null} reports an CLOSED replica.
2019-11-07 16:30:15,328 [EventQueue-ContainerReportForContainerReportHandler] WARN  container.ContainerReportHandler (AbstractContainerReportHandler.java:updateContainerState(145)) - Container #1 is in OPEN state, but the datanode 4b66a4eb-9baa-4818-a82d-5882a8281712{ip: 192.168.69.106, host: pr-hdds-2329-pipelines-wl5p8-3511966945, networkLocation: /default-rack, certSerialId: null} reports an CLOSED replica.
2019-11-07 16:30:15,594 [EventQueue-ContainerReportForContainerReportHandler] WARN  container.ContainerReportHandler (AbstractContainerReportHandler.java:updateContainerState(145)) - Container #1 is in OPEN state, but the datanode e72837b7-fe0e-4475-9dee-4d836a3196bb{ip: 192.168.69.106, host: pr-hdds-2329-pipelines-wl5p8-3511966945, networkLocation: /default-rack, certSerialId: null} reports an CLOSED replica.
2019-11-07 16:30:15,628 [EventQueue-ContainerReportForContainerReportHandler] WARN  container.ContainerReportHandler (AbstractContainerReportHandler.java:updateContainerState(145)) - Container #1 is in OPEN state, but the datanode 4b66a4eb-9baa-4818-a82d-5882a8281712{ip: 192.168.69.106, host: pr-hdds-2329-pipelines-wl5p8-3511966945, networkLocation: /default-rack, certSerialId: null} reports an CLOSED replica.
2019-11-07 16:30:15,709 [BlockDeletingService#2] WARN  background.BlockDeletingService (BlockDeletingService.java:isDeletionAllowed(187)) - Close Container log Index 6 is not replicated across allthe servers in the pipeline 8b73d13d-1cd3-4e44-b4fa-693e871481e7 as the min replicated index is 4. Deletion is not allowed in this container yet.
2019-11-07 16:30:15,709 [BlockDeletingService#2] WARN  background.BlockDeletingService (BlockDeletingService.java:isDeletionAllowed(187)) - Close Container log Index 6 is not replicated across allthe servers in the pipeline 8b73d13d-1cd3-4e44-b4fa-693e871481e7 as the min replicated index is 4. Deletion is not allowed in this container yet.
2019-11-07 16:30:15,829 [EventQueue-ContainerReportForContainerReportHandler] WARN  container.ContainerReportHandler (AbstractContainerReportHandler.java:updateContainerState(145)) - Container #1 is in OPEN state, but the datanode 4b66a4eb-9baa-4818-a82d-5882a8281712{ip: 192.168.69.106, host: pr-hdds-2329-pipelines-wl5p8-3511966945, networkLocation: /default-rack, certSerialId: null} reports an CLOSED replica.
2019-11-07 16:30:15,890 [EventQueue-ContainerReportForContainerReportHandler] WARN  container.ContainerReportHandler (AbstractContainerReportHandler.java:updateContainerState(145)) - Container #1 is in OPEN state, but the datanode e72837b7-fe0e-4475-9dee-4d836a3196bb{ip: 192.168.69.106, host: pr-hdds-2329-pipelines-wl5p8-3511966945, networkLocation: /default-rack, certSerialId: null} reports an CLOSED replica.
2019-11-07 16:30:16,129 [EventQueue-ContainerReportForContainerReportHandler] WARN  container.ContainerReportHandler (AbstractContainerReportHandler.java:updateContainerState(145)) - Container #1 is in OPEN state, but the datanode 4b66a4eb-9baa-4818-a82d-5882a8281712{ip: 192.168.69.106, host: pr-hdds-2329-pipelines-wl5p8-3511966945, networkLocation: /default-rack, certSerialId: null} reports an CLOSED replica.
2019-11-07 16:30:16,290 [EventQueue-ContainerReportForContainerReportHandler] WARN  container.ContainerReportHandler (AbstractContainerReportHandler.java:updateContainerState(145)) - Container #1 is in OPEN state, but the datanode e72837b7-fe0e-4475-9dee-4d836a3196bb{ip: 192.168.69.106, host: pr-hdds-2329-pipelines-wl5p8-3511966945, networkLocation: /default-rack, certSerialId: null} reports an CLOSED replica.
2019-11-07 16:30:16,429 [EventQueue-ContainerReportForContainerReportHandler] WARN  container.ContainerReportHandler (AbstractContainerReportHandler.java:updateContainerState(145)) - Container #1 is in OPEN state, but the datanode 4b66a4eb-9baa-4818-a82d-5882a8281712{ip: 192.168.69.106, host: pr-hdds-2329-pipelines-wl5p8-3511966945, networkLocation: /default-rack, certSerialId: null} reports an CLOSED replica.
2019-11-07 16:30:16,629 [EventQueue-ContainerReportForContainerReportHandler] WARN  container.ContainerReportHandler (AbstractContainerReportHandler.java:updateContainerState(145)) - Container #1 is in OPEN state, but the datanode 4b66a4eb-9baa-4818-a82d-5882a8281712{ip: 192.168.69.106, host: pr-hdds-2329-pipelines-wl5p8-3511966945, networkLocation: /default-rack, certSerialId: null} reports an CLOSED replica.
2019-11-07 16:30:16,691 [EventQueue-ContainerReportForContainerReportHandler] WARN  container.ContainerReportHandler (AbstractContainerReportHandler.java:updateContainerState(145)) - Container #1 is in OPEN state, but the datanode e72837b7-fe0e-4475-9dee-4d836a3196bb{ip: 192.168.69.106, host: pr-hdds-2329-pipelines-wl5p8-3511966945, networkLocation: /default-rack, certSerialId: null} reports an CLOSED replica.
2019-11-07 16:30:16,711 [BlockDeletingService#2] WARN  background.BlockDeletingService (BlockDeletingService.java:isDeletionAllowed(187)) - Close Container log Index 6 is not replicated across allthe servers in the pipeline 8b73d13d-1cd3-4e44-b4fa-693e871481e7 as the min replicated index is 4. Deletion is not allowed in this container yet.
2019-11-07 16:30:16,711 [BlockDeletingService#2] WARN  background.BlockDeletingService (BlockDeletingService.java:isDeletionAllowed(187)) - Close Container log Index 6 is not replicated across allthe servers in the pipeline 8b73d13d-1cd3-4e44-b4fa-693e871481e7 as the min replicated index is 4. Deletion is not allowed in this container yet.
2019-11-07 16:30:16,929 [EventQueue-ContainerReportForContainerReportHandler] WARN  container.ContainerReportHandler (AbstractContainerReportHandler.java:updateContainerState(145)) - Container #1 is in OPEN state, but the datanode 4b66a4eb-9baa-4818-a82d-5882a8281712{ip: 192.168.69.106, host: pr-hdds-2329-pipelines-wl5p8-3511966945, networkLocation: /default-rack, certSerialId: null} reports an CLOSED replica.
2019-11-07 16:30:16,993 [EventQueue-ContainerReportForContainerReportHandler] WARN  container.ContainerReportHandler (AbstractContainerReportHandler.java:updateContainerState(145)) - Container #1 is in OPEN state, but the datanode e72837b7-fe0e-4475-9dee-4d836a3196bb{ip: 192.168.69.106, host: pr-hdds-2329-pipelines-wl5p8-3511966945, networkLocation: /default-rack, certSerialId: null} reports an CLOSED replica.
2019-11-07 16:30:17,329 [EventQueue-ContainerReportForContainerReportHandler] WARN  container.ContainerReportHandler (AbstractContainerReportHandler.java:updateContainerState(145)) - Container #1 is in OPEN state, but the datanode 4b66a4eb-9baa-4818-a82d-5882a8281712{ip: 192.168.69.106, host: pr-hdds-2329-pipelines-wl5p8-3511966945, networkLocation: /default-rack, certSerialId: null} reports an CLOSED replica.
2019-11-07 16:30:17,392 [EventQueue-ContainerReportForContainerReportHandler] WARN  container.ContainerReportHandler (AbstractContainerReportHandler.java:updateContainerState(145)) - Container #1 is in OPEN state, but the datanode e72837b7-fe0e-4475-9dee-4d836a3196bb{ip: 192.168.69.106, host: pr-hdds-2329-pipelines-wl5p8-3511966945, networkLocation: /default-rack, certSerialId: null} reports an CLOSED replica.
2019-11-07 16:30:17,439 [java.util.concurrent.ThreadPoolExecutor$Worker@623112c8[State = -1, empty queue]] WARN  server.GrpcLogAppender (GrpcLogAppender.java:timeoutAppendRequest(209)) - 4b66a4eb-9baa-4818-a82d-5882a8281712@group-693E871481E7->faef99ea-f5b7-4431-8bda-3d2e4205e0e9-GrpcLogAppender: appendEntries Timeout, request=4b66a4eb-9baa-4818-a82d-5882a8281712->faef99ea-f5b7-4431-8bda-3d2e4205e0e9#47-t1, previous=(t:1, i:10), leaderCommit=10, initializing? false, entries: <empty>
2019-11-07 16:30:17,529 [EventQueue-ContainerReportForContainerReportHandler] WARN  container.ContainerReportHandler (AbstractContainerReportHandler.java:updateContainerState(145)) - Container #1 is in OPEN state, but the datanode 4b66a4eb-9baa-4818-a82d-5882a8281712{ip: 192.168.69.106, host: pr-hdds-2329-pipelines-wl5p8-3511966945, networkLocation: /default-rack, certSerialId: null} reports an CLOSED replica.
2019-11-07 16:30:17,594 [EventQueue-ContainerReportForContainerReportHandler] WARN  container.ContainerReportHandler (AbstractContainerReportHandler.java:updateContainerState(145)) - Container #1 is in OPEN state, but the datanode e72837b7-fe0e-4475-9dee-4d836a3196bb{ip: 192.168.69.106, host: pr-hdds-2329-pipelines-wl5p8-3511966945, networkLocation: /default-rack, certSerialId: null} reports an CLOSED replica.
2019-11-07 16:30:17,713 [BlockDeletingService#2] WARN  background.BlockDeletingService (BlockDeletingService.java:isDeletionAllowed(187)) - Close Container log Index 6 is not replicated across allthe servers in the pipeline 8b73d13d-1cd3-4e44-b4fa-693e871481e7 as the min replicated index is 4. Deletion is not allowed in this container yet.
2019-11-07 16:30:17,713 [BlockDeletingService#2] WARN  background.BlockDeletingService (BlockDeletingService.java:isDeletionAllowed(187)) - Close Container log Index 6 is not replicated across allthe servers in the pipeline 8b73d13d-1cd3-4e44-b4fa-693e871481e7 as the min replicated index is 4. Deletion is not allowed in this container yet.
2019-11-07 16:30:17,829 [EventQueue-ContainerReportForContainerReportHandler] WARN  container.ContainerReportHandler (AbstractContainerReportHandler.java:updateContainerState(145)) - Container #1 is in OPEN state, but the datanode 4b66a4eb-9baa-4818-a82d-5882a8281712{ip: 192.168.69.106, host: pr-hdds-2329-pipelines-wl5p8-3511966945, networkLocation: /default-rack, certSerialId: null} reports an CLOSED replica.
2019-11-07 16:30:17,894 [EventQueue-ContainerReportForContainerReportHandler] WARN  container.ContainerReportHandler (AbstractContainerReportHandler.java:updateContainerState(145)) - Container #1 is in OPEN state, but the datanode e72837b7-fe0e-4475-9dee-4d836a3196bb{ip: 192.168.69.106, host: pr-hdds-2329-pipelines-wl5p8-3511966945, networkLocation: /default-rack, certSerialId: null} reports an CLOSED replica.
2019-11-07 16:30:18,030 [EventQueue-ContainerReportForContainerReportHandler] WARN  container.ContainerReportHandler (AbstractContainerReportHandler.java:updateContainerState(145)) - Container #1 is in OPEN state, but the datanode 4b66a4eb-9baa-4818-a82d-5882a8281712{ip: 192.168.69.106, host: pr-hdds-2329-pipelines-wl5p8-3511966945, networkLocation: /default-rack, certSerialId: null} reports an CLOSED replica.
2019-11-07 16:30:18,195 [EventQueue-ContainerReportForContainerReportHandler] WARN  container.ContainerReportHandler (AbstractContainerReportHandler.java:updateContainerState(145)) - Container #1 is in OPEN state, but the datanode e72837b7-fe0e-4475-9dee-4d836a3196bb{ip: 192.168.69.106, host: pr-hdds-2329-pipelines-wl5p8-3511966945, networkLocation: /default-rack, certSerialId: null} reports an CLOSED replica.
2019-11-07 16:30:18,329 [EventQueue-ContainerReportForContainerReportHandler] WARN  container.ContainerReportHandler (AbstractContainerReportHandler.java:updateContainerState(145)) - Container #1 is in OPEN state, but the datanode 4b66a4eb-9baa-4818-a82d-5882a8281712{ip: 192.168.69.106, host: pr-hdds-2329-pipelines-wl5p8-3511966945, networkLocation: /default-rack, certSerialId: null} reports an CLOSED replica.
2019-11-07 16:30:18,395 [EventQueue-ContainerReportForContainerReportHandler] WARN  container.ContainerReportHandler (AbstractContainerReportHandler.java:updateContainerState(145)) - Container #1 is in OPEN state, but the datanode e72837b7-fe0e-4475-9dee-4d836a3196bb{ip: 192.168.69.106, host: pr-hdds-2329-pipelines-wl5p8-3511966945, networkLocation: /default-rack, certSerialId: null} reports an CLOSED replica.
2019-11-07 16:30:18,629 [EventQueue-ContainerReportForContainerReportHandler] WARN  container.ContainerReportHandler (AbstractContainerReportHandler.java:updateContainerState(145)) - Container #1 is in OPEN state, but the datanode 4b66a4eb-9baa-4818-a82d-5882a8281712{ip: 192.168.69.106, host: pr-hdds-2329-pipelines-wl5p8-3511966945, networkLocation: /default-rack, certSerialId: null} reports an CLOSED replica.
2019-11-07 16:30:18,694 [EventQueue-ContainerReportForContainerReportHandler] WARN  container.ContainerReportHandler (AbstractContainerReportHandler.java:updateContainerState(145)) - Container #1 is in OPEN state, but the datanode e72837b7-fe0e-4475-9dee-4d836a3196bb{ip: 192.168.69.106, host: pr-hdds-2329-pipelines-wl5p8-3511966945, networkLocation: /default-rack, certSerialId: null} reports an CLOSED replica.
2019-11-07 16:30:18,715 [BlockDeletingService#2] WARN  background.BlockDeletingService (BlockDeletingService.java:isDeletionAllowed(187)) - Close Container log Index 6 is not replicated across allthe servers in the pipeline 8b73d13d-1cd3-4e44-b4fa-693e871481e7 as the min replicated index is 4. Deletion is not allowed in this container yet.
2019-11-07 16:30:18,715 [BlockDeletingService#2] WARN  background.BlockDeletingService (BlockDeletingService.java:isDeletionAllowed(187)) - Close Container log Index 6 is not replicated across allthe servers in the pipeline 8b73d13d-1cd3-4e44-b4fa-693e871481e7 as the min replicated index is 4. Deletion is not allowed in this container yet.
2019-11-07 16:30:18,930 [EventQueue-ContainerReportForContainerReportHandler] WARN  container.ContainerReportHandler (AbstractContainerReportHandler.java:updateContainerState(145)) - Container #1 is in OPEN state, but the datanode 4b66a4eb-9baa-4818-a82d-5882a8281712{ip: 192.168.69.106, host: pr-hdds-2329-pipelines-wl5p8-3511966945, networkLocation: /default-rack, certSerialId: null} reports an CLOSED replica.
2019-11-07 16:30:18,994 [EventQueue-ContainerReportForContainerReportHandler] WARN  container.ContainerReportHandler (AbstractContainerReportHandler.java:updateContainerState(145)) - Container #1 is in OPEN state, but the datanode e72837b7-fe0e-4475-9dee-4d836a3196bb{ip: 192.168.69.106, host: pr-hdds-2329-pipelines-wl5p8-3511966945, networkLocation: /default-rack, certSerialId: null} reports an CLOSED replica.
2019-11-07 16:30:19,194 [EventQueue-ContainerReportForContainerReportHandler] WARN  container.ContainerReportHandler (AbstractContainerReportHandler.java:updateContainerState(145)) - Container #1 is in OPEN state, but the datanode e72837b7-fe0e-4475-9dee-4d836a3196bb{ip: 192.168.69.106, host: pr-hdds-2329-pipelines-wl5p8-3511966945, networkLocation: /default-rack, certSerialId: null} reports an CLOSED replica.
2019-11-07 16:30:19,230 [EventQueue-ContainerReportForContainerReportHandler] WARN  container.ContainerReportHandler (AbstractContainerReportHandler.java:updateContainerState(145)) - Container #1 is in OPEN state, but the datanode 4b66a4eb-9baa-4818-a82d-5882a8281712{ip: 192.168.69.106, host: pr-hdds-2329-pipelines-wl5p8-3511966945, networkLocation: /default-rack, certSerialId: null} reports an CLOSED replica.
2019-11-07 16:30:19,495 [EventQueue-ContainerReportForContainerReportHandler] WARN  container.ContainerReportHandler (AbstractContainerReportHandler.java:updateContainerState(145)) - Container #1 is in OPEN state, but the datanode e72837b7-fe0e-4475-9dee-4d836a3196bb{ip: 192.168.69.106, host: pr-hdds-2329-pipelines-wl5p8-3511966945, networkLocation: /default-rack, certSerialId: null} reports an CLOSED replica.
2019-11-07 16:30:19,630 [EventQueue-ContainerReportForContainerReportHandler] WARN  container.ContainerReportHandler (AbstractContainerReportHandler.java:updateContainerState(145)) - Container #1 is in OPEN state, but the datanode 4b66a4eb-9baa-4818-a82d-5882a8281712{ip: 192.168.69.106, host: pr-hdds-2329-pipelines-wl5p8-3511966945, networkLocation: /default-rack, certSerialId: null} reports an CLOSED replica.
2019-11-07 16:30:19,717 [BlockDeletingService#2] WARN  background.BlockDeletingService (BlockDeletingService.java:isDeletionAllowed(187)) - Close Container log Index 6 is not replicated across allthe servers in the pipeline 8b73d13d-1cd3-4e44-b4fa-693e871481e7 as the min replicated index is 4. Deletion is not allowed in this container yet.
2019-11-07 16:30:19,717 [BlockDeletingService#2] WARN  background.BlockDeletingService (BlockDeletingService.java:isDeletionAllowed(187)) - Close Container log Index 6 is not replicated across allthe servers in the pipeline 8b73d13d-1cd3-4e44-b4fa-693e871481e7 as the min replicated index is 4. Deletion is not allowed in this container yet.
2019-11-07 16:30:19,894 [EventQueue-ContainerReportForContainerReportHandler] WARN  container.ContainerReportHandler (AbstractContainerReportHandler.java:updateContainerState(145)) - Container #1 is in OPEN state, but the datanode e72837b7-fe0e-4475-9dee-4d836a3196bb{ip: 192.168.69.106, host: pr-hdds-2329-pipelines-wl5p8-3511966945, networkLocation: /default-rack, certSerialId: null} reports an CLOSED replica.
2019-11-07 16:30:19,941 [java.util.concurrent.ThreadPoolExecutor$Worker@623112c8[State = -1, empty queue]] WARN  server.GrpcLogAppender (GrpcLogAppender.java:timeoutAppendRequest(209)) - 4b66a4eb-9baa-4818-a82d-5882a8281712@group-693E871481E7->faef99ea-f5b7-4431-8bda-3d2e4205e0e9-GrpcLogAppender: appendEntries Timeout, request=4b66a4eb-9baa-4818-a82d-5882a8281712->faef99ea-f5b7-4431-8bda-3d2e4205e0e9#48-t1, previous=(t:1, i:10), leaderCommit=10, initializing? false, entries: <empty>
2019-11-07 16:30:20,031 [EventQueue-ContainerReportForContainerReportHandler] WARN  container.ContainerReportHandler (AbstractContainerReportHandler.java:updateContainerState(145)) - Container #1 is in OPEN state, but the datanode 4b66a4eb-9baa-4818-a82d-5882a8281712{ip: 192.168.69.106, host: pr-hdds-2329-pipelines-wl5p8-3511966945, networkLocation: /default-rack, certSerialId: null} reports an CLOSED replica.
2019-11-07 16:30:20,295 [EventQueue-ContainerReportForContainerReportHandler] WARN  container.ContainerReportHandler (AbstractContainerReportHandler.java:updateContainerState(145)) - Container #1 is in OPEN state, but the datanode e72837b7-fe0e-4475-9dee-4d836a3196bb{ip: 192.168.69.106, host: pr-hdds-2329-pipelines-wl5p8-3511966945, networkLocation: /default-rack, certSerialId: null} reports an CLOSED replica.
2019-11-07 16:30:20,431 [EventQueue-ContainerReportForContainerReportHandler] WARN  container.ContainerReportHandler (AbstractContainerReportHandler.java:updateContainerState(145)) - Container #1 is in OPEN state, but the datanode 4b66a4eb-9baa-4818-a82d-5882a8281712{ip: 192.168.69.106, host: pr-hdds-2329-pipelines-wl5p8-3511966945, networkLocation: /default-rack, certSerialId: null} reports an CLOSED replica.
2019-11-07 16:30:20,495 [EventQueue-ContainerReportForContainerReportHandler] WARN  container.ContainerReportHandler (AbstractContainerReportHandler.java:updateContainerState(145)) - Container #1 is in OPEN state, but the datanode e72837b7-fe0e-4475-9dee-4d836a3196bb{ip: 192.168.69.106, host: pr-hdds-2329-pipelines-wl5p8-3511966945, networkLocation: /default-rack, certSerialId: null} reports an CLOSED replica.
2019-11-07 16:30:20,631 [EventQueue-ContainerReportForContainerReportHandler] WARN  container.ContainerReportHandler (AbstractContainerReportHandler.java:updateContainerState(145)) - Container #1 is in OPEN state, but the datanode 4b66a4eb-9baa-4818-a82d-5882a8281712{ip: 192.168.69.106, host: pr-hdds-2329-pipelines-wl5p8-3511966945, networkLocation: /default-rack, certSerialId: null} reports an CLOSED replica.
2019-11-07 16:30:20,695 [EventQueue-ContainerReportForContainerReportHandler] WARN  container.ContainerReportHandler (AbstractContainerReportHandler.java:updateContainerState(145)) - Container #1 is in OPEN state, but the datanode e72837b7-fe0e-4475-9dee-4d836a3196bb{ip: 192.168.69.106, host: pr-hdds-2329-pipelines-wl5p8-3511966945, networkLocation: /default-rack, certSerialId: null} reports an CLOSED replica.
2019-11-07 16:30:20,719 [BlockDeletingService#2] WARN  background.BlockDeletingService (BlockDeletingService.java:isDeletionAllowed(187)) - Close Container log Index 6 is not replicated across allthe servers in the pipeline 8b73d13d-1cd3-4e44-b4fa-693e871481e7 as the min replicated index is 4. Deletion is not allowed in this container yet.
2019-11-07 16:30:20,719 [BlockDeletingService#2] WARN  background.BlockDeletingService (BlockDeletingService.java:isDeletionAllowed(187)) - Close Container log Index 6 is not replicated across allthe servers in the pipeline 8b73d13d-1cd3-4e44-b4fa-693e871481e7 as the min replicated index is 4. Deletion is not allowed in this container yet.
2019-11-07 16:30:20,931 [EventQueue-ContainerReportForContainerReportHandler] WARN  container.ContainerReportHandler (AbstractContainerReportHandler.java:updateContainerState(145)) - Container #1 is in OPEN state, but the datanode 4b66a4eb-9baa-4818-a82d-5882a8281712{ip: 192.168.69.106, host: pr-hdds-2329-pipelines-wl5p8-3511966945, networkLocation: /default-rack, certSerialId: null} reports an CLOSED replica.
2019-11-07 16:30:21,096 [EventQueue-ContainerReportForContainerReportHandler] WARN  container.ContainerReportHandler (AbstractContainerReportHandler.java:updateContainerState(145)) - Container #1 is in OPEN state, but the datanode e72837b7-fe0e-4475-9dee-4d836a3196bb{ip: 192.168.69.106, host: pr-hdds-2329-pipelines-wl5p8-3511966945, networkLocation: /default-rack, certSerialId: null} reports an CLOSED replica.
2019-11-07 16:30:21,331 [EventQueue-ContainerReportForContainerReportHandler] WARN  container.ContainerReportHandler (AbstractContainerReportHandler.java:updateContainerState(145)) - Container #1 is in OPEN state, but the datanode 4b66a4eb-9baa-4818-a82d-5882a8281712{ip: 192.168.69.106, host: pr-hdds-2329-pipelines-wl5p8-3511966945, networkLocation: /default-rack, certSerialId: null} reports an CLOSED replica.
2019-11-07 16:30:21,498 [EventQueue-ContainerReportForContainerReportHandler] WARN  container.ContainerReportHandler (AbstractContainerReportHandler.java:updateContainerState(145)) - Container #1 is in OPEN state, but the datanode e72837b7-fe0e-4475-9dee-4d836a3196bb{ip: 192.168.69.106, host: pr-hdds-2329-pipelines-wl5p8-3511966945, networkLocation: /default-rack, certSerialId: null} reports an CLOSED replica.
2019-11-07 16:30:21,531 [EventQueue-ContainerReportForContainerReportHandler] WARN  container.ContainerReportHandler (AbstractContainerReportHandler.java:updateContainerState(145)) - Container #1 is in OPEN state, but the datanode 4b66a4eb-9baa-4818-a82d-5882a8281712{ip: 192.168.69.106, host: pr-hdds-2329-pipelines-wl5p8-3511966945, networkLocation: /default-rack, certSerialId: null} reports an CLOSED replica.
2019-11-07 16:30:21,720 [BlockDeletingService#2] WARN  background.BlockDeletingService (BlockDeletingService.java:isDeletionAllowed(187)) - Close Container log Index 6 is not replicated across allthe servers in the pipeline 8b73d13d-1cd3-4e44-b4fa-693e871481e7 as the min replicated index is 4. Deletion is not allowed in this container yet.
2019-11-07 16:30:21,721 [BlockDeletingService#2] WARN  background.BlockDeletingService (BlockDeletingService.java:isDeletionAllowed(187)) - Close Container log Index 6 is not replicated across allthe servers in the pipeline 8b73d13d-1cd3-4e44-b4fa-693e871481e7 as the min replicated index is 4. Deletion is not allowed in this container yet.
2019-11-07 16:30:21,798 [EventQueue-ContainerReportForContainerReportHandler] WARN  container.ContainerReportHandler (AbstractContainerReportHandler.java:updateContainerState(145)) - Container #1 is in OPEN state, but the datanode e72837b7-fe0e-4475-9dee-4d836a3196bb{ip: 192.168.69.106, host: pr-hdds-2329-pipelines-wl5p8-3511966945, networkLocation: /default-rack, certSerialId: null} reports an CLOSED replica.
2019-11-07 16:30:21,832 [EventQueue-ContainerReportForContainerReportHandler] WARN  container.ContainerReportHandler (AbstractContainerReportHandler.java:updateContainerState(145)) - Container #1 is in OPEN state, but the datanode 4b66a4eb-9baa-4818-a82d-5882a8281712{ip: 192.168.69.106, host: pr-hdds-2329-pipelines-wl5p8-3511966945, networkLocation: /default-rack, certSerialId: null} reports an CLOSED replica.
2019-11-07 16:30:22,032 [EventQueue-ContainerReportForContainerReportHandler] WARN  container.ContainerReportHandler (AbstractContainerReportHandler.java:updateContainerState(145)) - Container #1 is in OPEN state, but the datanode 4b66a4eb-9baa-4818-a82d-5882a8281712{ip: 192.168.69.106, host: pr-hdds-2329-pipelines-wl5p8-3511966945, networkLocation: /default-rack, certSerialId: null} reports an CLOSED replica.
2019-11-07 16:30:22,099 [EventQueue-ContainerReportForContainerReportHandler] WARN  container.ContainerReportHandler (AbstractContainerReportHandler.java:updateContainerState(145)) - Container #1 is in OPEN state, but the datanode e72837b7-fe0e-4475-9dee-4d836a3196bb{ip: 192.168.69.106, host: pr-hdds-2329-pipelines-wl5p8-3511966945, networkLocation: /default-rack, certSerialId: null} reports an CLOSED replica.
2019-11-07 16:30:22,332 [EventQueue-ContainerReportForContainerReportHandler] WARN  container.ContainerReportHandler (AbstractContainerReportHandler.java:updateContainerState(145)) - Container #1 is in OPEN state, but the datanode 4b66a4eb-9baa-4818-a82d-5882a8281712{ip: 192.168.69.106, host: pr-hdds-2329-pipelines-wl5p8-3511966945, networkLocation: /default-rack, certSerialId: null} reports an CLOSED replica.
2019-11-07 16:30:22,443 [java.util.concurrent.ThreadPoolExecutor$Worker@623112c8[State = -1, empty queue]] WARN  server.GrpcLogAppender (GrpcLogAppender.java:timeoutAppendRequest(209)) - 4b66a4eb-9baa-4818-a82d-5882a8281712@group-693E871481E7->faef99ea-f5b7-4431-8bda-3d2e4205e0e9-GrpcLogAppender: appendEntries Timeout, request=4b66a4eb-9baa-4818-a82d-5882a8281712->faef99ea-f5b7-4431-8bda-3d2e4205e0e9#49-t1, previous=(t:1, i:10), leaderCommit=10, initializing? false, entries: <empty>
2019-11-07 16:30:22,498 [EventQueue-ContainerReportForContainerReportHandler] WARN  container.ContainerReportHandler (AbstractContainerReportHandler.java:updateContainerState(145)) - Container #1 is in OPEN state, but the datanode e72837b7-fe0e-4475-9dee-4d836a3196bb{ip: 192.168.69.106, host: pr-hdds-2329-pipelines-wl5p8-3511966945, networkLocation: /default-rack, certSerialId: null} reports an CLOSED replica.
2019-11-07 16:30:22,722 [BlockDeletingService#2] WARN  background.BlockDeletingService (BlockDeletingService.java:isDeletionAllowed(187)) - Close Container log Index 6 is not replicated across allthe servers in the pipeline 8b73d13d-1cd3-4e44-b4fa-693e871481e7 as the min replicated index is 4. Deletion is not allowed in this container yet.
2019-11-07 16:30:22,722 [BlockDeletingService#2] WARN  background.BlockDeletingService (BlockDeletingService.java:isDeletionAllowed(187)) - Close Container log Index 6 is not replicated across allthe servers in the pipeline 8b73d13d-1cd3-4e44-b4fa-693e871481e7 as the min replicated index is 4. Deletion is not allowed in this container yet.
2019-11-07 16:30:22,732 [EventQueue-ContainerReportForContainerReportHandler] WARN  container.ContainerReportHandler (AbstractContainerReportHandler.java:updateContainerState(145)) - Container #1 is in OPEN state, but the datanode 4b66a4eb-9baa-4818-a82d-5882a8281712{ip: 192.168.69.106, host: pr-hdds-2329-pipelines-wl5p8-3511966945, networkLocation: /default-rack, certSerialId: null} reports an CLOSED replica.
2019-11-07 16:30:22,799 [EventQueue-ContainerReportForContainerReportHandler] WARN  container.ContainerReportHandler (AbstractContainerReportHandler.java:updateContainerState(145)) - Container #1 is in OPEN state, but the datanode e72837b7-fe0e-4475-9dee-4d836a3196bb{ip: 192.168.69.106, host: pr-hdds-2329-pipelines-wl5p8-3511966945, networkLocation: /default-rack, certSerialId: null} reports an CLOSED replica.
2019-11-07 16:30:22,885 [Thread-515] INFO  client.GrpcClientProtocolService (GrpcClientProtocolService.java:lambda$processClientRequest$0(279)) - Failed RaftClientRequest:client-11F5E2EF3273->4b66a4eb-9baa-4818-a82d-5882a8281712@group-693E871481E7, cid=10, seq=0, Watch-ALL_COMMITTED(6), Message:<EMPTY>, reply=RaftClientReply:client-11F5E2EF3273->4b66a4eb-9baa-4818-a82d-5882a8281712@group-693E871481E7, cid=10, FAILED org.apache.ratis.protocol.NotReplicatedException: Request with call Id 10 and log index 6 is not yet replicated to ALL_COMMITTED, logIndex=6, commits[4b66a4eb-9baa-4818-a82d-5882a8281712:c10, faef99ea-f5b7-4431-8bda-3d2e4205e0e9:c4, e72837b7-fe0e-4475-9dee-4d836a3196bb:c10]
2019-11-07 16:30:23,032 [EventQueue-ContainerReportForContainerReportHandler] WARN  container.ContainerReportHandler (AbstractContainerReportHandler.java:updateContainerState(145)) - Container #1 is in OPEN state, but the datanode 4b66a4eb-9baa-4818-a82d-5882a8281712{ip: 192.168.69.106, host: pr-hdds-2329-pipelines-wl5p8-3511966945, networkLocation: /default-rack, certSerialId: null} reports an CLOSED replica.
2019-11-07 16:30:23,100 [EventQueue-ContainerReportForContainerReportHandler] WARN  container.ContainerReportHandler (AbstractContainerReportHandler.java:updateContainerState(145)) - Container #1 is in OPEN state, but the datanode e72837b7-fe0e-4475-9dee-4d836a3196bb{ip: 192.168.69.106, host: pr-hdds-2329-pipelines-wl5p8-3511966945, networkLocation: /default-rack, certSerialId: null} reports an CLOSED replica.
2019-11-07 16:30:23,332 [EventQueue-ContainerReportForContainerReportHandler] WARN  container.ContainerReportHandler (AbstractContainerReportHandler.java:updateContainerState(145)) - Container #1 is in OPEN state, but the datanode 4b66a4eb-9baa-4818-a82d-5882a8281712{ip: 192.168.69.106, host: pr-hdds-2329-pipelines-wl5p8-3511966945, networkLocation: /default-rack, certSerialId: null} reports an CLOSED replica.
2019-11-07 16:30:23,400 [EventQueue-ContainerReportForContainerReportHandler] WARN  container.ContainerReportHandler (AbstractContainerReportHandler.java:updateContainerState(145)) - Container #1 is in OPEN state, but the datanode e72837b7-fe0e-4475-9dee-4d836a3196bb{ip: 192.168.69.106, host: pr-hdds-2329-pipelines-wl5p8-3511966945, networkLocation: /default-rack, certSerialId: null} reports an CLOSED replica.
2019-11-07 16:30:23,533 [EventQueue-ContainerReportForContainerReportHandler] WARN  container.ContainerReportHandler (AbstractContainerReportHandler.java:updateContainerState(145)) - Container #1 is in OPEN state, but the datanode 4b66a4eb-9baa-4818-a82d-5882a8281712{ip: 192.168.69.106, host: pr-hdds-2329-pipelines-wl5p8-3511966945, networkLocation: /default-rack, certSerialId: null} reports an CLOSED replica.
2019-11-07 16:30:23,701 [EventQueue-ContainerReportForContainerReportHandler] WARN  container.ContainerReportHandler (AbstractContainerReportHandler.java:updateContainerState(145)) - Container #1 is in OPEN state, but the datanode e72837b7-fe0e-4475-9dee-4d836a3196bb{ip: 192.168.69.106, host: pr-hdds-2329-pipelines-wl5p8-3511966945, networkLocation: /default-rack, certSerialId: null} reports an CLOSED replica.
2019-11-07 16:30:23,725 [BlockDeletingService#2] WARN  background.BlockDeletingService (BlockDeletingService.java:isDeletionAllowed(187)) - Close Container log Index 6 is not replicated across allthe servers in the pipeline 8b73d13d-1cd3-4e44-b4fa-693e871481e7 as the min replicated index is 4. Deletion is not allowed in this container yet.
2019-11-07 16:30:23,732 [BlockDeletingService#2] WARN  background.BlockDeletingService (BlockDeletingService.java:isDeletionAllowed(187)) - Close Container log Index 6 is not replicated across allthe servers in the pipeline 8b73d13d-1cd3-4e44-b4fa-693e871481e7 as the min replicated index is 4. Deletion is not allowed in this container yet.
2019-11-07 16:30:23,832 [EventQueue-ContainerReportForContainerReportHandler] WARN  container.ContainerReportHandler (AbstractContainerReportHandler.java:updateContainerState(145)) - Container #1 is in OPEN state, but the datanode 4b66a4eb-9baa-4818-a82d-5882a8281712{ip: 192.168.69.106, host: pr-hdds-2329-pipelines-wl5p8-3511966945, networkLocation: /default-rack, certSerialId: null} reports an CLOSED replica.
2019-11-07 16:30:24,000 [EventQueue-ContainerReportForContainerReportHandler] WARN  container.ContainerReportHandler (AbstractContainerReportHandler.java:updateContainerState(145)) - Container #1 is in OPEN state, but the datanode e72837b7-fe0e-4475-9dee-4d836a3196bb{ip: 192.168.69.106, host: pr-hdds-2329-pipelines-wl5p8-3511966945, networkLocation: /default-rack, certSerialId: null} reports an CLOSED replica.
2019-11-07 16:30:24,018 [EventQueue-StaleNodeForStaleNodeHandler] INFO  node.StaleNodeHandler (StaleNodeHandler.java:onMessage(58)) - Datanode faef99ea-f5b7-4431-8bda-3d2e4205e0e9{ip: 192.168.69.106, host: pr-hdds-2329-pipelines-wl5p8-3511966945, networkLocation: /default-rack, certSerialId: null} moved to stale state. Finalizing its pipelines [PipelineID=5cf99cd2-73e3-4404-ad33-042f3a9f7fec, PipelineID=8b73d13d-1cd3-4e44-b4fa-693e871481e7]
2019-11-07 16:30:24,018 [EventQueue-StaleNodeForStaleNodeHandler] INFO  pipeline.SCMPipelineManager (SCMPipelineManager.java:finalizeAndDestroyPipeline(315)) - destroying pipeline:Pipeline[ Id: 5cf99cd2-73e3-4404-ad33-042f3a9f7fec, Nodes: faef99ea-f5b7-4431-8bda-3d2e4205e0e9{ip: 192.168.69.106, host: pr-hdds-2329-pipelines-wl5p8-3511966945, networkLocation: /default-rack, certSerialId: null}, Type:RATIS, Factor:ONE, State:OPEN]
2019-11-07 16:30:24,022 [EventQueue-StaleNodeForStaleNodeHandler] INFO  pipeline.PipelineStateManager (PipelineStateManager.java:finalizePipeline(123)) - Pipeline Pipeline[ Id: 5cf99cd2-73e3-4404-ad33-042f3a9f7fec, Nodes: faef99ea-f5b7-4431-8bda-3d2e4205e0e9{ip: 192.168.69.106, host: pr-hdds-2329-pipelines-wl5p8-3511966945, networkLocation: /default-rack, certSerialId: null}, Type:RATIS, Factor:ONE, State:CLOSED] moved to CLOSED state
2019-11-07 16:30:24,024 [EventQueue-StaleNodeForStaleNodeHandler] INFO  pipeline.SCMPipelineManager (SCMPipelineManager.java:finalizeAndDestroyPipeline(315)) - destroying pipeline:Pipeline[ Id: 8b73d13d-1cd3-4e44-b4fa-693e871481e7, Nodes: e72837b7-fe0e-4475-9dee-4d836a3196bb{ip: 192.168.69.106, host: pr-hdds-2329-pipelines-wl5p8-3511966945, networkLocation: /default-rack, certSerialId: null}4b66a4eb-9baa-4818-a82d-5882a8281712{ip: 192.168.69.106, host: pr-hdds-2329-pipelines-wl5p8-3511966945, networkLocation: /default-rack, certSerialId: null}faef99ea-f5b7-4431-8bda-3d2e4205e0e9{ip: 192.168.69.106, host: pr-hdds-2329-pipelines-wl5p8-3511966945, networkLocation: /default-rack, certSerialId: null}, Type:RATIS, Factor:THREE, State:OPEN]
2019-11-07 16:30:24,025 [EventQueue-StaleNodeForStaleNodeHandler] INFO  pipeline.PipelineStateManager (PipelineStateManager.java:finalizePipeline(123)) - Pipeline Pipeline[ Id: 8b73d13d-1cd3-4e44-b4fa-693e871481e7, Nodes: e72837b7-fe0e-4475-9dee-4d836a3196bb{ip: 192.168.69.106, host: pr-hdds-2329-pipelines-wl5p8-3511966945, networkLocation: /default-rack, certSerialId: null}4b66a4eb-9baa-4818-a82d-5882a8281712{ip: 192.168.69.106, host: pr-hdds-2329-pipelines-wl5p8-3511966945, networkLocation: /default-rack, certSerialId: null}faef99ea-f5b7-4431-8bda-3d2e4205e0e9{ip: 192.168.69.106, host: pr-hdds-2329-pipelines-wl5p8-3511966945, networkLocation: /default-rack, certSerialId: null}, Type:RATIS, Factor:THREE, State:CLOSED] moved to CLOSED state
2019-11-07 16:30:24,025 [EventQueue-CloseContainerForCloseContainerEventHandler] INFO  container.CloseContainerEventHandler (CloseContainerEventHandler.java:onMessage(61)) - Close container Event triggered for container : #1
2019-11-07 16:30:24,132 [EventQueue-ContainerReportForContainerReportHandler] INFO  container.ContainerReportHandler (AbstractContainerReportHandler.java:updateContainerState(178)) - Moving container #1 to CLOSED state, datanode 4b66a4eb-9baa-4818-a82d-5882a8281712{ip: 192.168.69.106, host: pr-hdds-2329-pipelines-wl5p8-3511966945, networkLocation: /default-rack, certSerialId: null} reported CLOSED replica.
2019-11-07 16:30:24,229 [SCMBlockDeletingService#1] INFO  block.SCMBlockDeletingService (SCMBlockDeletingService.java:call(187)) - Totally added 3 delete blocks command for 3 datanodes, task elapsed time: 6ms
2019-11-07 16:30:24,402 [EventQueue-PendingDeleteStatusForPendingDeleteHandler] INFO  block.SCMBlockDeletingService (SCMBlockDeletingService.java:handlePendingDeletes(115)) - Block deletion txnID mismatch in datanode e72837b7-fe0e-4475-9dee-4d836a3196bb for containerID 1. Datanode delete txnID: 0, SCM txnID: 1
2019-11-07 16:30:24,433 [EventQueue-PendingDeleteStatusForPendingDeleteHandler] INFO  block.SCMBlockDeletingService (SCMBlockDeletingService.java:handlePendingDeletes(115)) - Block deletion txnID mismatch in datanode 4b66a4eb-9baa-4818-a82d-5882a8281712 for containerID 1. Datanode delete txnID: 0, SCM txnID: 1
2019-11-07 16:30:24,436 [Command processor thread] INFO  commandhandler.DeleteBlocksCommandHandler (DeleteBlocksCommandHandler.java:handle(106)) - Start to delete container blocks, TXIDs=[1(0)], numOfContainers=1, numOfBlocks=1
2019-11-07 16:30:24,500 [Command processor thread] INFO  commandhandler.DeleteBlocksCommandHandler (DeleteBlocksCommandHandler.java:handle(106)) - Start to delete container blocks, TXIDs=[1(0)], numOfContainers=1, numOfBlocks=1
2019-11-07 16:30:24,516 [main] INFO  impl.MetricsSystemImpl (MetricsSystemImpl.java:init(158)) - HddsDatanode metrics system started (again)
2019-11-07 16:30:24,566 [main] INFO  ozone.HddsDatanodeService (HddsDatanodeService.java:start(184)) - HddsDatanodeService host:pr-hdds-2329-pipelines-wl5p8-3511966945 ip:192.168.69.106
2019-11-07 16:30:24,570 [main] INFO  volume.VolumeUsage (VolumeUsage.java:loadScmUsed(144)) - Cached ScmUsed found for /workdir/hadoop-ozone/integration-test/target/test-dir/MiniOzoneClusterImpl-a970380e-0cc3-4fc2-b69b-bc446b1b0e33/datanode-2/data/containers : 4096 
2019-11-07 16:30:24,571 [main] INFO  volume.HddsVolume (HddsVolume.java:<init>(176)) - Creating Volume: /workdir/hadoop-ozone/integration-test/target/test-dir/MiniOzoneClusterImpl-a970380e-0cc3-4fc2-b69b-bc446b1b0e33/datanode-2/data/containers/hdds of  storage type : DISK and capacity : 1482555576320
2019-11-07 16:30:24,572 [main] INFO  volume.VolumeSet (VolumeSet.java:initializeVolumeSet(170)) - Added Volume : /workdir/hadoop-ozone/integration-test/target/test-dir/MiniOzoneClusterImpl-a970380e-0cc3-4fc2-b69b-bc446b1b0e33/datanode-2/data/containers/hdds to VolumeSet
2019-11-07 16:30:24,572 [main] INFO  volume.ThrottledAsyncChecker (ThrottledAsyncChecker.java:schedule(141)) - Scheduling a check for /workdir/hadoop-ozone/integration-test/target/test-dir/MiniOzoneClusterImpl-a970380e-0cc3-4fc2-b69b-bc446b1b0e33/datanode-2/data/containers/hdds
2019-11-07 16:30:24,573 [main] INFO  volume.HddsVolumeChecker (HddsVolumeChecker.java:checkAllVolumes(204)) - Scheduled health check for volume /workdir/hadoop-ozone/integration-test/target/test-dir/MiniOzoneClusterImpl-a970380e-0cc3-4fc2-b69b-bc446b1b0e33/datanode-2/data/containers/hdds
2019-11-07 16:30:24,622 [main] INFO  impl.RaftServerProxy (ConfUtils.java:logGet(43)) - raft.rpc.type = GRPC (default)
2019-11-07 16:30:24,622 [main] INFO  grpc.GrpcFactory (GrpcFactory.java:checkPooledByteBufAllocatorUseCacheForAllThreads(45)) - PERFORMANCE WARNING: useCacheForAllThreads is true that may cause Netty to create a lot garbage objects and, as a result, trigger GC.
	It is recommended to disable useCacheForAllThreads by setting -Dorg.apache.ratis.thirdparty.io.netty.allocator.useCacheForAllThreads=false in command line.
2019-11-07 16:30:24,623 [main] INFO  grpc.GrpcConfigKeys$Server (ConfUtils.java:logGet(43)) - raft.grpc.server.port = 43568 (custom)
2019-11-07 16:30:24,623 [main] INFO  server.GrpcService (ConfUtils.java:logGet(43)) - raft.grpc.message.size.max = 33570816 (custom)
2019-11-07 16:30:24,624 [main] INFO  server.RaftServerConfigKeys (ConfUtils.java:logGet(43)) - raft.server.log.appender.buffer.byte-limit = 33554432 (custom)
2019-11-07 16:30:24,624 [main] INFO  server.GrpcService (ConfUtils.java:logGet(43)) - raft.grpc.flow.control.window = 1MB (=1048576) (default)
2019-11-07 16:30:24,625 [main] INFO  server.RaftServerConfigKeys (ConfUtils.java:logGet(43)) - raft.server.rpc.request.timeout = 3000ms (default)
2019-11-07 16:30:24,626 [main] INFO  server.RaftServerConfigKeys (ConfUtils.java:logGet(43)) - raft.server.storage.dir = [/workdir/hadoop-ozone/integration-test/target/test-dir/MiniOzoneClusterImpl-a970380e-0cc3-4fc2-b69b-bc446b1b0e33/datanode-2/data/ratis] (custom)
2019-11-07 16:30:24,626 [main] INFO  impl.RaftServerProxy (RaftServerProxy.java:lambda$null$0(191)) - faef99ea-f5b7-4431-8bda-3d2e4205e0e9: found a subdirectory /workdir/hadoop-ozone/integration-test/target/test-dir/MiniOzoneClusterImpl-a970380e-0cc3-4fc2-b69b-bc446b1b0e33/datanode-2/data/ratis/8b73d13d-1cd3-4e44-b4fa-693e871481e7
2019-11-07 16:30:24,627 [main] INFO  impl.RaftServerProxy (RaftServerProxy.java:addNew(89)) - faef99ea-f5b7-4431-8bda-3d2e4205e0e9: addNew group-693E871481E7:[] returns group-693E871481E7:java.util.concurrent.CompletableFuture@55651434[Not completed]
2019-11-07 16:30:24,628 [main] INFO  impl.RaftServerProxy (RaftServerProxy.java:lambda$null$0(191)) - faef99ea-f5b7-4431-8bda-3d2e4205e0e9: found a subdirectory /workdir/hadoop-ozone/integration-test/target/test-dir/MiniOzoneClusterImpl-a970380e-0cc3-4fc2-b69b-bc446b1b0e33/datanode-2/data/ratis/5cf99cd2-73e3-4404-ad33-042f3a9f7fec
2019-11-07 16:30:24,628 [main] INFO  impl.RaftServerProxy (RaftServerProxy.java:addNew(89)) - faef99ea-f5b7-4431-8bda-3d2e4205e0e9: addNew group-042F3A9F7FEC:[] returns group-042F3A9F7FEC:java.util.concurrent.CompletableFuture@3bc4ef12[Not completed]
2019-11-07 16:30:24,633 [pool-60-thread-1] INFO  impl.RaftServerImpl (RaftServerImpl.java:<init>(98)) - faef99ea-f5b7-4431-8bda-3d2e4205e0e9: new RaftServerImpl for group-693E871481E7:[] with ContainerStateMachine:uninitialized
2019-11-07 16:30:24,633 [pool-60-thread-1] INFO  server.RaftServerConfigKeys (ConfUtils.java:logGet(43)) - raft.server.rpc.timeout.min = 5s (custom)
2019-11-07 16:30:24,633 [pool-60-thread-1] INFO  server.RaftServerConfigKeys (ConfUtils.java:logGet(43)) - raft.server.rpc.timeout.max = 5200ms (custom)
2019-11-07 16:30:24,633 [pool-60-thread-1] INFO  server.RaftServerConfigKeys (ConfUtils.java:logGet(43)) - raft.server.rpcslowness.timeout = 1000s (custom)
2019-11-07 16:30:24,634 [pool-60-thread-1] INFO  server.RaftServerConfigKeys (ConfUtils.java:logGet(43)) - raft.server.sleep.deviation.threshold = 300 (default)
2019-11-07 16:30:24,634 [pool-60-thread-1] INFO  server.RaftServerConfigKeys (ConfUtils.java:logGet(43)) - raft.server.log.appender.install.snapshot.enabled = false (custom)
2019-11-07 16:30:24,634 [pool-60-thread-1] INFO  impl.RaftServerImpl (ServerState.java:<init>(103)) - faef99ea-f5b7-4431-8bda-3d2e4205e0e9@group-693E871481E7: ConfigurationManager, init=-1: [], old=null, confs=<EMPTY_MAP>
2019-11-07 16:30:24,634 [pool-60-thread-1] INFO  server.RaftServerConfigKeys (ConfUtils.java:logGet(43)) - raft.server.storage.dir = [/workdir/hadoop-ozone/integration-test/target/test-dir/MiniOzoneClusterImpl-a970380e-0cc3-4fc2-b69b-bc446b1b0e33/datanode-2/data/ratis] (custom)
2019-11-07 16:30:24,635 [pool-60-thread-1] INFO  server.RaftServerConfigKeys (ConfUtils.java:logGet(43)) - raft.server.log.corruption.policy = EXCEPTION (default)
2019-11-07 16:30:24,635 [main] INFO  hdfs.DFSUtil (DFSUtil.java:httpServerTemplateForNNAndJN(1641)) - Starting Web-server for hddsDatanode at: http://0.0.0.0:42862
2019-11-07 16:30:24,639 [main] INFO  server.AuthenticationFilter (AuthenticationFilter.java:constructSecretProvider(240)) - Unable to initialize FileSignerSecretProvider, falling back to use random secrets.
2019-11-07 16:30:24,639 [main] WARN  http.HttpRequestLog (HttpRequestLog.java:getRequestLog(97)) - Jetty request log can only be enabled using Log4j
2019-11-07 16:30:24,642 [main] INFO  http.HttpServer2 (HttpServer2.java:addGlobalFilter(975)) - Added global filter 'safety' (class=org.apache.hadoop.http.HttpServer2$QuotingInputFilter)
2019-11-07 16:30:24,643 [main] INFO  http.HttpServer2 (HttpServer2.java:addFilter(948)) - Added filter static_user_filter (class=org.apache.hadoop.http.lib.StaticUserWebFilter$StaticUserFilter) to context hddsDatanode
2019-11-07 16:30:24,644 [main] INFO  http.HttpServer2 (HttpServer2.java:addFilter(958)) - Added filter static_user_filter (class=org.apache.hadoop.http.lib.StaticUserWebFilter$StaticUserFilter) to context logs
2019-11-07 16:30:24,644 [main] INFO  http.HttpServer2 (HttpServer2.java:addFilter(958)) - Added filter static_user_filter (class=org.apache.hadoop.http.lib.StaticUserWebFilter$StaticUserFilter) to context static
2019-11-07 16:30:24,646 [main] INFO  http.HttpServer2 (HttpServer2.java:bindListener(1191)) - Jetty bound to port 42862
2019-11-07 16:30:24,646 [main] INFO  server.Server (Server.java:doStart(351)) - jetty-9.3.25.v20180904, build timestamp: 2018-09-04T21:11:46Z, git hash: 3ce520221d0240229c862b122d2b06c12a625732
2019-11-07 16:30:24,649 [main] INFO  handler.ContextHandler (ContextHandler.java:doStart(781)) - Started o.e.j.s.ServletContextHandler@30b975ad{/logs,file:///workdir/hadoop-ozone/integration-test/target/log,AVAILABLE}
2019-11-07 16:30:24,650 [main] INFO  handler.ContextHandler (ContextHandler.java:doStart(781)) - Started o.e.j.s.ServletContextHandler@2a334bac{/static,jar:file:/home/user/.m2/repository/org/apache/hadoop/hadoop-hdds-container-service/0.5.0-SNAPSHOT/hadoop-hdds-container-service-0.5.0-SNAPSHOT.jar!/webapps/static,AVAILABLE}
2019-11-07 16:30:24,660 [pool-60-thread-1] INFO  storage.RaftStorageDirectory (RaftStorageDirectory.java:tryLock(328)) - Lock on /workdir/hadoop-ozone/integration-test/target/test-dir/MiniOzoneClusterImpl-a970380e-0cc3-4fc2-b69b-bc446b1b0e33/datanode-2/data/ratis/8b73d13d-1cd3-4e44-b4fa-693e871481e7/in_use.lock acquired by nodename 27020@pr-hdds-2329-pipelines-wl5p8-3511966945
2019-11-07 16:30:24,663 [pool-60-thread-1] INFO  ratis.ContainerStateMachine (ContainerStateMachine.java:loadSnapshot(240)) - group-693E871481E7: Setting the last applied index to (t:1, i:3)
2019-11-07 16:30:24,670 [pool-60-thread-1] INFO  impl.RaftServerImpl (ServerState.java:setRaftConf(356)) - faef99ea-f5b7-4431-8bda-3d2e4205e0e9@group-693E871481E7: set configuration 0: [faef99ea-f5b7-4431-8bda-3d2e4205e0e9:192.168.69.106:43568, 4b66a4eb-9baa-4818-a82d-5882a8281712:192.168.69.106:35202, e72837b7-fe0e-4475-9dee-4d836a3196bb:192.168.69.106:43872], old=null at 0
2019-11-07 16:30:24,670 [pool-60-thread-1] INFO  server.RaftServerConfigKeys (ConfUtils.java:logGet(43)) - raft.server.notification.no-leader.timeout = 1000s (custom)
2019-11-07 16:30:24,670 [pool-60-thread-1] INFO  server.RaftServerConfigKeys (ConfUtils.java:logGet(43)) - raft.server.log.use.memory = false (default)
2019-11-07 16:30:24,670 [pool-60-thread-1] INFO  server.RaftServerConfigKeys (ConfUtils.java:logGet(43)) - raft.server.log.purge.gap = 1000000 (custom)
2019-11-07 16:30:24,671 [pool-60-thread-1] INFO  server.RaftServerConfigKeys (ConfUtils.java:logGet(43)) - raft.server.log.appender.buffer.byte-limit = 33554432 (custom)
2019-11-07 16:30:24,671 [pool-60-thread-1] INFO  server.RaftServerConfigKeys (ConfUtils.java:logGet(43)) - raft.server.log.segment.size.max = 1048576 (custom)
2019-11-07 16:30:24,671 [pool-60-thread-1] INFO  server.RaftServerConfigKeys (ConfUtils.java:logGet(43)) - raft.server.log.segment.cache.num.max = 2 (custom)
2019-11-07 16:30:24,671 [pool-60-thread-1] INFO  segmented.SegmentedRaftLogWorker (SegmentedRaftLogWorker.java:<init>(173)) - new faef99ea-f5b7-4431-8bda-3d2e4205e0e9@group-693E871481E7-SegmentedRaftLogWorker for RaftStorage:Storage Directory /workdir/hadoop-ozone/integration-test/target/test-dir/MiniOzoneClusterImpl-a970380e-0cc3-4fc2-b69b-bc446b1b0e33/datanode-2/data/ratis/8b73d13d-1cd3-4e44-b4fa-693e871481e7
2019-11-07 16:30:24,671 [pool-60-thread-1] INFO  server.RaftServerConfigKeys (ConfUtils.java:logGet(43)) - raft.server.log.queue.byte-limit = 2147483647 (custom)
2019-11-07 16:30:24,671 [pool-60-thread-1] INFO  server.RaftServerConfigKeys (ConfUtils.java:logGet(43)) - raft.server.log.queue.element-limit = 1024 (custom)
2019-11-07 16:30:24,672 [pool-60-thread-1] INFO  server.RaftServerConfigKeys (ConfUtils.java:logGet(43)) - raft.server.log.segment.size.max = 1048576 (custom)
2019-11-07 16:30:24,672 [pool-60-thread-1] INFO  server.RaftServerConfigKeys (ConfUtils.java:logGet(43)) - raft.server.log.preallocated.size = 16384 (custom)
2019-11-07 16:30:24,672 [pool-60-thread-1] INFO  server.RaftServerConfigKeys (ConfUtils.java:logGet(43)) - raft.server.log.write.buffer.size = 33554432 (custom)
2019-11-07 16:30:24,672 [pool-60-thread-1] INFO  server.RaftServerConfigKeys (ConfUtils.java:logGet(43)) - raft.server.log.force.sync.num = 128 (default)
2019-11-07 16:30:24,672 [pool-60-thread-1] INFO  server.RaftServerConfigKeys (ConfUtils.java:logGet(43)) - raft.server.log.statemachine.data.sync = true (default)
2019-11-07 16:30:24,672 [pool-60-thread-1] INFO  server.RaftServerConfigKeys (ConfUtils.java:logGet(43)) - raft.server.log.statemachine.data.sync.timeout = 10s (default)
2019-11-07 16:30:24,673 [pool-60-thread-1] INFO  server.RaftServerConfigKeys (ConfUtils.java:logGet(43)) - raft.server.log.statemachine.data.sync.timeout.retry = -1 (default)
2019-11-07 16:30:24,673 [pool-60-thread-1] INFO  server.RaftServerConfigKeys (ConfUtils.java:logGet(43)) - raft.server.log.statemachine.data.caching.enabled = true (custom)
2019-11-07 16:30:24,680 [pool-60-thread-1] INFO  impl.RaftServerImpl (ServerState.java:setRaftConf(356)) - faef99ea-f5b7-4431-8bda-3d2e4205e0e9@group-693E871481E7: set configuration 0: [faef99ea-f5b7-4431-8bda-3d2e4205e0e9:192.168.69.106:43568, 4b66a4eb-9baa-4818-a82d-5882a8281712:192.168.69.106:35202, e72837b7-fe0e-4475-9dee-4d836a3196bb:192.168.69.106:43872], old=null at 0
2019-11-07 16:30:24,681 [pool-60-thread-1] INFO  segmented.LogSegment (LogSegment.java:loadSegment(140)) - Successfully read 5 entries from segment file /workdir/hadoop-ozone/integration-test/target/test-dir/MiniOzoneClusterImpl-a970380e-0cc3-4fc2-b69b-bc446b1b0e33/datanode-2/data/ratis/8b73d13d-1cd3-4e44-b4fa-693e871481e7/current/log_inprogress_0
2019-11-07 16:30:24,682 [pool-60-thread-1] INFO  segmented.SegmentedRaftLogWorker (SegmentedRaftLogWorker.java:lambda$new$0(128)) - faef99ea-f5b7-4431-8bda-3d2e4205e0e9@group-693E871481E7-SegmentedRaftLogWorker: flushIndex: setUnconditionally 0 -> 4
2019-11-07 16:30:24,697 [main] INFO  handler.ContextHandler (ContextHandler.java:doStart(781)) - Started o.e.j.w.WebAppContext@66f28a1f{/,file:///tmp/jetty-0.0.0.0-42862-hddsDatanode-_-any-1791657653648466226.dir/webapp/,AVAILABLE}{/hddsDatanode}
2019-11-07 16:30:24,698 [main] INFO  server.AbstractConnector (AbstractConnector.java:doStart(278)) - Started ServerConnector@60a19573{HTTP/1.1,[http/1.1]}{0.0.0.0:42862}
2019-11-07 16:30:24,719 [pool-60-thread-1] INFO  raftlog.RaftLog (RaftLog.java:lambda$new$0(61)) - faef99ea-f5b7-4431-8bda-3d2e4205e0e9@group-693E871481E7-SegmentedRaftLog: commitIndex: updateToMax old=3, new=3, updated? false
2019-11-07 16:30:24,719 [main] INFO  server.Server (Server.java:doStart(419)) - Started @116818ms
2019-11-07 16:30:24,720 [main] WARN  impl.MetricsSystemImpl (MetricsSystemImpl.java:register(276)) - Sink prometheus already exists!
2019-11-07 16:30:24,720 [pool-60-thread-1] INFO  server.RaftServerConfigKeys (ConfUtils.java:logGet(43)) - raft.server.snapshot.auto.trigger.enabled = true (custom)
2019-11-07 16:30:24,720 [pool-60-thread-1] INFO  server.RaftServerConfigKeys (ConfUtils.java:logGet(43)) - raft.server.snapshot.auto.trigger.threshold = 10000 (custom)
2019-11-07 16:30:24,720 [pool-60-thread-1] INFO  server.RaftServerConfigKeys (ConfUtils.java:logGet(43)) - raft.server.snapshot.retention.file.num = 5 (custom)
2019-11-07 16:30:24,721 [pool-60-thread-1] INFO  server.RaftServerConfigKeys (ConfUtils.java:logGet(43)) - raft.server.retrycache.expirytime = 600000ms (custom)
2019-11-07 16:30:24,721 [main] INFO  server.BaseHttpServer (BaseHttpServer.java:updateConnectorAddress(215)) - HTTP server of HDDSDATANODE is listening at http://0.0.0.0:42862
2019-11-07 16:30:24,724 [pool-60-thread-1] INFO  impl.RaftServerImpl (RaftServerImpl.java:<init>(98)) - faef99ea-f5b7-4431-8bda-3d2e4205e0e9: new RaftServerImpl for group-042F3A9F7FEC:[] with ContainerStateMachine:uninitialized
2019-11-07 16:30:24,724 [org.apache.hadoop.util.JvmPauseMonitor$Monitor@47c8430e] INFO  util.JvmPauseMonitor (JvmPauseMonitor.java:run(188)) - Starting JVM pause monitor
2019-11-07 16:30:24,725 [pool-60-thread-1] INFO  server.RaftServerConfigKeys (ConfUtils.java:logGet(43)) - raft.server.rpc.timeout.min = 5s (custom)
2019-11-07 16:30:24,725 [pool-60-thread-1] INFO  server.RaftServerConfigKeys (ConfUtils.java:logGet(43)) - raft.server.rpc.timeout.max = 5200ms (custom)
2019-11-07 16:30:24,725 [pool-60-thread-1] INFO  server.RaftServerConfigKeys (ConfUtils.java:logGet(43)) - raft.server.rpcslowness.timeout = 1000s (custom)
2019-11-07 16:30:24,725 [pool-60-thread-1] INFO  server.RaftServerConfigKeys (ConfUtils.java:logGet(43)) - raft.server.sleep.deviation.threshold = 300 (default)
2019-11-07 16:30:24,725 [pool-60-thread-1] INFO  server.RaftServerConfigKeys (ConfUtils.java:logGet(43)) - raft.server.log.appender.install.snapshot.enabled = false (custom)
2019-11-07 16:30:24,725 [pool-60-thread-1] INFO  impl.RaftServerImpl (ServerState.java:<init>(103)) - faef99ea-f5b7-4431-8bda-3d2e4205e0e9@group-042F3A9F7FEC: ConfigurationManager, init=-1: [], old=null, confs=<EMPTY_MAP>
2019-11-07 16:30:24,726 [pool-60-thread-1] INFO  server.RaftServerConfigKeys (ConfUtils.java:logGet(43)) - raft.server.storage.dir = [/workdir/hadoop-ozone/integration-test/target/test-dir/MiniOzoneClusterImpl-a970380e-0cc3-4fc2-b69b-bc446b1b0e33/datanode-2/data/ratis] (custom)
2019-11-07 16:30:24,726 [pool-60-thread-1] INFO  server.RaftServerConfigKeys (ConfUtils.java:logGet(43)) - raft.server.log.corruption.policy = EXCEPTION (default)
2019-11-07 16:30:24,731 [BlockDeletingService#2] WARN  background.BlockDeletingService (BlockDeletingService.java:isDeletionAllowed(187)) - Close Container log Index 6 is not replicated across allthe servers in the pipeline 8b73d13d-1cd3-4e44-b4fa-693e871481e7 as the min replicated index is 4. Deletion is not allowed in this container yet.
2019-11-07 16:30:24,733 [BlockDeletingService#2] WARN  background.BlockDeletingService (BlockDeletingService.java:isDeletionAllowed(187)) - Close Container log Index 6 is not replicated across allthe servers in the pipeline 8b73d13d-1cd3-4e44-b4fa-693e871481e7 as the min replicated index is 4. Deletion is not allowed in this container yet.
2019-11-07 16:30:24,749 [pool-60-thread-1] INFO  storage.RaftStorageDirectory (RaftStorageDirectory.java:tryLock(328)) - Lock on /workdir/hadoop-ozone/integration-test/target/test-dir/MiniOzoneClusterImpl-a970380e-0cc3-4fc2-b69b-bc446b1b0e33/datanode-2/data/ratis/5cf99cd2-73e3-4404-ad33-042f3a9f7fec/in_use.lock acquired by nodename 27020@pr-hdds-2329-pipelines-wl5p8-3511966945
2019-11-07 16:30:24,750 [pool-60-thread-1] INFO  ratis.ContainerStateMachine (ContainerStateMachine.java:loadSnapshot(231)) - group-042F3A9F7FEC: The snapshot info is null. Setting the last applied indexto:(t:0, i:~)
2019-11-07 16:30:24,750 [pool-60-thread-1] INFO  server.RaftServerConfigKeys (ConfUtils.java:logGet(43)) - raft.server.notification.no-leader.timeout = 1000s (custom)
2019-11-07 16:30:24,750 [pool-60-thread-1] INFO  server.RaftServerConfigKeys (ConfUtils.java:logGet(43)) - raft.server.log.use.memory = false (default)
2019-11-07 16:30:24,750 [pool-60-thread-1] INFO  server.RaftServerConfigKeys (ConfUtils.java:logGet(43)) - raft.server.log.purge.gap = 1000000 (custom)
2019-11-07 16:30:24,751 [pool-60-thread-1] INFO  server.RaftServerConfigKeys (ConfUtils.java:logGet(43)) - raft.server.log.appender.buffer.byte-limit = 33554432 (custom)
2019-11-07 16:30:24,751 [pool-60-thread-1] INFO  server.RaftServerConfigKeys (ConfUtils.java:logGet(43)) - raft.server.log.segment.size.max = 1048576 (custom)
2019-11-07 16:30:24,751 [pool-60-thread-1] INFO  server.RaftServerConfigKeys (ConfUtils.java:logGet(43)) - raft.server.log.segment.cache.num.max = 2 (custom)
2019-11-07 16:30:24,751 [pool-60-thread-1] INFO  segmented.SegmentedRaftLogWorker (SegmentedRaftLogWorker.java:<init>(173)) - new faef99ea-f5b7-4431-8bda-3d2e4205e0e9@group-042F3A9F7FEC-SegmentedRaftLogWorker for RaftStorage:Storage Directory /workdir/hadoop-ozone/integration-test/target/test-dir/MiniOzoneClusterImpl-a970380e-0cc3-4fc2-b69b-bc446b1b0e33/datanode-2/data/ratis/5cf99cd2-73e3-4404-ad33-042f3a9f7fec
2019-11-07 16:30:24,751 [pool-60-thread-1] INFO  server.RaftServerConfigKeys (ConfUtils.java:logGet(43)) - raft.server.log.queue.byte-limit = 2147483647 (custom)
2019-11-07 16:30:24,752 [pool-60-thread-1] INFO  server.RaftServerConfigKeys (ConfUtils.java:logGet(43)) - raft.server.log.queue.element-limit = 1024 (custom)
2019-11-07 16:30:24,752 [pool-60-thread-1] INFO  server.RaftServerConfigKeys (ConfUtils.java:logGet(43)) - raft.server.log.segment.size.max = 1048576 (custom)
2019-11-07 16:30:24,752 [pool-60-thread-1] INFO  server.RaftServerConfigKeys (ConfUtils.java:logGet(43)) - raft.server.log.preallocated.size = 16384 (custom)
2019-11-07 16:30:24,752 [pool-60-thread-1] INFO  server.RaftServerConfigKeys (ConfUtils.java:logGet(43)) - raft.server.log.write.buffer.size = 33554432 (custom)
2019-11-07 16:30:24,752 [pool-60-thread-1] INFO  server.RaftServerConfigKeys (ConfUtils.java:logGet(43)) - raft.server.log.force.sync.num = 128 (default)
2019-11-07 16:30:24,753 [pool-60-thread-1] INFO  server.RaftServerConfigKeys (ConfUtils.java:logGet(43)) - raft.server.log.statemachine.data.sync = true (default)
2019-11-07 16:30:24,753 [pool-60-thread-1] INFO  server.RaftServerConfigKeys (ConfUtils.java:logGet(43)) - raft.server.log.statemachine.data.sync.timeout = 10s (default)
2019-11-07 16:30:24,753 [pool-60-thread-1] INFO  server.RaftServerConfigKeys (ConfUtils.java:logGet(43)) - raft.server.log.statemachine.data.sync.timeout.retry = -1 (default)
2019-11-07 16:30:24,753 [pool-60-thread-1] INFO  server.RaftServerConfigKeys (ConfUtils.java:logGet(43)) - raft.server.log.statemachine.data.caching.enabled = true (custom)
2019-11-07 16:30:24,754 [pool-60-thread-1] INFO  impl.RaftServerImpl (ServerState.java:setRaftConf(356)) - faef99ea-f5b7-4431-8bda-3d2e4205e0e9@group-042F3A9F7FEC: set configuration 0: [faef99ea-f5b7-4431-8bda-3d2e4205e0e9:192.168.69.106:43568], old=null at 0
2019-11-07 16:30:24,754 [pool-60-thread-1] INFO  segmented.LogSegment (LogSegment.java:loadSegment(140)) - Successfully read 1 entries from segment file /workdir/hadoop-ozone/integration-test/target/test-dir/MiniOzoneClusterImpl-a970380e-0cc3-4fc2-b69b-bc446b1b0e33/datanode-2/data/ratis/5cf99cd2-73e3-4404-ad33-042f3a9f7fec/current/log_inprogress_0
2019-11-07 16:30:24,755 [pool-60-thread-1] INFO  segmented.SegmentedRaftLogWorker (SegmentedRaftLogWorker.java:lambda$new$0(128)) - faef99ea-f5b7-4431-8bda-3d2e4205e0e9@group-042F3A9F7FEC-SegmentedRaftLogWorker: flushIndex: setUnconditionally 0 -> 0
2019-11-07 16:30:24,790 [pool-60-thread-1] INFO  server.RaftServerConfigKeys (ConfUtils.java:logGet(43)) - raft.server.snapshot.auto.trigger.enabled = true (custom)
2019-11-07 16:30:24,790 [pool-60-thread-1] INFO  server.RaftServerConfigKeys (ConfUtils.java:logGet(43)) - raft.server.snapshot.auto.trigger.threshold = 10000 (custom)
2019-11-07 16:30:24,790 [pool-60-thread-1] INFO  server.RaftServerConfigKeys (ConfUtils.java:logGet(43)) - raft.server.snapshot.retention.file.num = 5 (custom)
2019-11-07 16:30:24,790 [pool-60-thread-1] INFO  server.RaftServerConfigKeys (ConfUtils.java:logGet(43)) - raft.server.retrycache.expirytime = 600000ms (custom)
2019-11-07 16:30:24,944 [java.util.concurrent.ThreadPoolExecutor$Worker@623112c8[State = -1, empty queue]] WARN  server.GrpcLogAppender (GrpcLogAppender.java:timeoutAppendRequest(209)) - 4b66a4eb-9baa-4818-a82d-5882a8281712@group-693E871481E7->faef99ea-f5b7-4431-8bda-3d2e4205e0e9-GrpcLogAppender: appendEntries Timeout, request=4b66a4eb-9baa-4818-a82d-5882a8281712->faef99ea-f5b7-4431-8bda-3d2e4205e0e9#50-t1, previous=(t:1, i:10), leaderCommit=10, initializing? false, entries: <empty>
2019-11-07 16:30:25,230 [SCMBlockDeletingService#1] INFO  block.SCMBlockDeletingService (SCMBlockDeletingService.java:call(187)) - Totally added 1 delete blocks command for 1 datanodes, task elapsed time: 0ms
2019-11-07 16:30:25,231 [pool-8-thread-1] INFO  commands.RetriableDatanodeEventWatcher (RetriableDatanodeEventWatcher.java:onTimeout(47)) - RetriableDatanodeCommand type=deleteBlocksCommand with id=1573144224230 timed out. Retrying.
2019-11-07 16:30:25,733 [BlockDeletingService#2] WARN  background.BlockDeletingService (BlockDeletingService.java:isDeletionAllowed(187)) - Close Container log Index 6 is not replicated across allthe servers in the pipeline 8b73d13d-1cd3-4e44-b4fa-693e871481e7 as the min replicated index is 4. Deletion is not allowed in this container yet.
2019-11-07 16:30:25,734 [BlockDeletingService#2] WARN  background.BlockDeletingService (BlockDeletingService.java:isDeletionAllowed(187)) - Close Container log Index 6 is not replicated across allthe servers in the pipeline 8b73d13d-1cd3-4e44-b4fa-693e871481e7 as the min replicated index is 4. Deletion is not allowed in this container yet.
2019-11-07 16:30:26,230 [pool-8-thread-1] INFO  commands.RetriableDatanodeEventWatcher (RetriableDatanodeEventWatcher.java:onTimeout(47)) - RetriableDatanodeCommand type=deleteBlocksCommand with id=1573144224231 timed out. Retrying.
2019-11-07 16:30:26,231 [SCMBlockDeletingService#1] INFO  block.SCMBlockDeletingService (SCMBlockDeletingService.java:call(187)) - Totally added 1 delete blocks command for 1 datanodes, task elapsed time: 0ms
2019-11-07 16:30:26,232 [pool-8-thread-1] INFO  commands.RetriableDatanodeEventWatcher (RetriableDatanodeEventWatcher.java:onTimeout(47)) - RetriableDatanodeCommand type=deleteBlocksCommand with id=1573144224230 timed out. Retrying.
2019-11-07 16:30:26,726 [Datanode State Machine Thread - 0] INFO  ozoneimpl.OzoneContainer (OzoneContainer.java:start(213)) - Attempting to start container services.
2019-11-07 16:30:26,728 [Datanode State Machine Thread - 0] INFO  ozoneimpl.OzoneContainer (OzoneContainer.java:startContainerScrub(177)) - Background container scanner has been disabled.
2019-11-07 16:30:26,728 [Datanode State Machine Thread - 0] INFO  ratis.XceiverServerRatis (XceiverServerRatis.java:start(418)) - Starting XceiverServerRatis faef99ea-f5b7-4431-8bda-3d2e4205e0e9 at port 43568
2019-11-07 16:30:26,735 [BlockDeletingService#2] WARN  background.BlockDeletingService (BlockDeletingService.java:isDeletionAllowed(187)) - Close Container log Index 6 is not replicated across allthe servers in the pipeline 8b73d13d-1cd3-4e44-b4fa-693e871481e7 as the min replicated index is 4. Deletion is not allowed in this container yet.
2019-11-07 16:30:26,737 [BlockDeletingService#2] WARN  background.BlockDeletingService (BlockDeletingService.java:isDeletionAllowed(187)) - Close Container log Index 6 is not replicated across allthe servers in the pipeline 8b73d13d-1cd3-4e44-b4fa-693e871481e7 as the min replicated index is 4. Deletion is not allowed in this container yet.
2019-11-07 16:30:26,738 [Datanode State Machine Thread - 0] INFO  impl.RaftServerImpl (RaftServerImpl.java:start(184)) - faef99ea-f5b7-4431-8bda-3d2e4205e0e9@group-693E871481E7: start as a follower, conf=0: [faef99ea-f5b7-4431-8bda-3d2e4205e0e9:192.168.69.106:43568, 4b66a4eb-9baa-4818-a82d-5882a8281712:192.168.69.106:35202, e72837b7-fe0e-4475-9dee-4d836a3196bb:192.168.69.106:43872], old=null
2019-11-07 16:30:26,739 [ForkJoinPool.commonPool-worker-1] INFO  impl.RaftServerImpl (RaftServerImpl.java:start(184)) - faef99ea-f5b7-4431-8bda-3d2e4205e0e9@group-042F3A9F7FEC: start as a follower, conf=0: [faef99ea-f5b7-4431-8bda-3d2e4205e0e9:192.168.69.106:43568], old=null
2019-11-07 16:30:26,739 [Datanode State Machine Thread - 0] INFO  impl.RaftServerImpl (RaftServerImpl.java:setRole(173)) - faef99ea-f5b7-4431-8bda-3d2e4205e0e9@group-693E871481E7: changes role from      null to FOLLOWER at term 1 for startAsFollower
2019-11-07 16:30:26,739 [ForkJoinPool.commonPool-worker-1] INFO  impl.RaftServerImpl (RaftServerImpl.java:setRole(173)) - faef99ea-f5b7-4431-8bda-3d2e4205e0e9@group-042F3A9F7FEC: changes role from      null to FOLLOWER at term 1 for startAsFollower
2019-11-07 16:30:26,739 [Datanode State Machine Thread - 0] INFO  impl.RoleInfo (RoleInfo.java:updateAndGet(143)) - faef99ea-f5b7-4431-8bda-3d2e4205e0e9: start FollowerState
2019-11-07 16:30:26,740 [ForkJoinPool.commonPool-worker-1] INFO  impl.RoleInfo (RoleInfo.java:updateAndGet(143)) - faef99ea-f5b7-4431-8bda-3d2e4205e0e9: start FollowerState
2019-11-07 16:30:26,740 [Datanode State Machine Thread - 0] INFO  util.JmxRegister (JmxRegister.java:tryRegister(44)) - Successfully registered JMX Bean with object name Ratis:service=RaftServer,group=group-693E871481E7,id=faef99ea-f5b7-4431-8bda-3d2e4205e0e9
2019-11-07 16:30:26,740 [ForkJoinPool.commonPool-worker-1] INFO  util.JmxRegister (JmxRegister.java:tryRegister(44)) - Successfully registered JMX Bean with object name Ratis:service=RaftServer,group=group-042F3A9F7FEC,id=faef99ea-f5b7-4431-8bda-3d2e4205e0e9
2019-11-07 16:30:26,743 [Datanode State Machine Thread - 0] INFO  impl.RaftServerProxy (RaftServerProxy.java:lambda$start$3(299)) - faef99ea-f5b7-4431-8bda-3d2e4205e0e9: start RPC server
2019-11-07 16:30:26,745 [Datanode State Machine Thread - 0] INFO  server.GrpcService (GrpcService.java:startImpl(158)) - faef99ea-f5b7-4431-8bda-3d2e4205e0e9: GrpcService started, listening on 0.0.0.0/0.0.0.0:43568
2019-11-07 16:30:27,230 [pool-8-thread-1] INFO  commands.RetriableDatanodeEventWatcher (RetriableDatanodeEventWatcher.java:onTimeout(47)) - RetriableDatanodeCommand type=deleteBlocksCommand with id=1573144224232 timed out. Retrying.
2019-11-07 16:30:27,231 [pool-8-thread-2] INFO  commands.RetriableDatanodeEventWatcher (RetriableDatanodeEventWatcher.java:onTimeout(47)) - RetriableDatanodeCommand type=deleteBlocksCommand with id=1573144224231 timed out. Retrying.
2019-11-07 16:30:27,232 [SCMBlockDeletingService#1] INFO  block.SCMBlockDeletingService (SCMBlockDeletingService.java:call(187)) - Totally added 1 delete blocks command for 1 datanodes, task elapsed time: 0ms
2019-11-07 16:30:27,233 [pool-8-thread-2] INFO  commands.RetriableDatanodeEventWatcher (RetriableDatanodeEventWatcher.java:onTimeout(47)) - RetriableDatanodeCommand type=deleteBlocksCommand with id=1573144224230 timed out. Retrying.
2019-11-07 16:30:27,446 [java.util.concurrent.ThreadPoolExecutor$Worker@623112c8[State = -1, empty queue]] WARN  server.GrpcLogAppender (GrpcLogAppender.java:timeoutAppendRequest(209)) - 4b66a4eb-9baa-4818-a82d-5882a8281712@group-693E871481E7->faef99ea-f5b7-4431-8bda-3d2e4205e0e9-GrpcLogAppender: appendEntries Timeout, request=4b66a4eb-9baa-4818-a82d-5882a8281712->faef99ea-f5b7-4431-8bda-3d2e4205e0e9#51-t1, previous=(t:1, i:10), leaderCommit=10, initializing? false, entries: <empty>
2019-11-07 16:30:27,738 [BlockDeletingService#2] WARN  background.BlockDeletingService (BlockDeletingService.java:isDeletionAllowed(187)) - Close Container log Index 6 is not replicated across allthe servers in the pipeline 8b73d13d-1cd3-4e44-b4fa-693e871481e7 as the min replicated index is 4. Deletion is not allowed in this container yet.
2019-11-07 16:30:27,738 [BlockDeletingService#2] WARN  background.BlockDeletingService (BlockDeletingService.java:isDeletionAllowed(187)) - Close Container log Index 6 is not replicated across allthe servers in the pipeline 8b73d13d-1cd3-4e44-b4fa-693e871481e7 as the min replicated index is 4. Deletion is not allowed in this container yet.
2019-11-07 16:30:28,231 [pool-8-thread-1] INFO  commands.RetriableDatanodeEventWatcher (RetriableDatanodeEventWatcher.java:onTimeout(47)) - RetriableDatanodeCommand type=deleteBlocksCommand with id=1573144224232 timed out. Retrying.
2019-11-07 16:30:28,232 [pool-8-thread-3] INFO  commands.RetriableDatanodeEventWatcher (RetriableDatanodeEventWatcher.java:onTimeout(47)) - RetriableDatanodeCommand type=deleteBlocksCommand with id=1573144224231 timed out. Retrying.
2019-11-07 16:30:28,232 [pool-8-thread-2] INFO  commands.RetriableDatanodeEventWatcher (RetriableDatanodeEventWatcher.java:onTimeout(47)) - RetriableDatanodeCommand type=deleteBlocksCommand with id=1573144224233 timed out. Retrying.
2019-11-07 16:30:28,232 [pool-8-thread-2] INFO  commands.RetriableDatanodeEventWatcher (RetriableDatanodeEventWatcher.java:onTimeout(47)) - RetriableDatanodeCommand type=deleteBlocksCommand with id=1573144224230 timed out. Retrying.
2019-11-07 16:30:28,234 [SCMBlockDeletingService#1] INFO  block.SCMBlockDeletingService (SCMBlockDeletingService.java:call(187)) - Totally added 1 delete blocks command for 1 datanodes, task elapsed time: 1ms
2019-11-07 16:30:28,728 [EventQueue-PendingDeleteStatusForPendingDeleteHandler] INFO  block.SCMBlockDeletingService (SCMBlockDeletingService.java:handlePendingDeletes(115)) - Block deletion txnID mismatch in datanode faef99ea-f5b7-4431-8bda-3d2e4205e0e9 for containerID 1. Datanode delete txnID: 0, SCM txnID: 1
2019-11-07 16:30:28,741 [BlockDeletingService#2] WARN  background.BlockDeletingService (BlockDeletingService.java:isDeletionAllowed(187)) - Close Container log Index 6 is not replicated across allthe servers in the pipeline 8b73d13d-1cd3-4e44-b4fa-693e871481e7 as the min replicated index is 4. Deletion is not allowed in this container yet.
2019-11-07 16:30:28,741 [BlockDeletingService#2] WARN  background.BlockDeletingService (BlockDeletingService.java:isDeletionAllowed(187)) - Close Container log Index 6 is not replicated across allthe servers in the pipeline 8b73d13d-1cd3-4e44-b4fa-693e871481e7 as the min replicated index is 4. Deletion is not allowed in this container yet.
2019-11-07 16:30:29,232 [pool-8-thread-1] INFO  commands.RetriableDatanodeEventWatcher (RetriableDatanodeEventWatcher.java:onTimeout(47)) - RetriableDatanodeCommand type=deleteBlocksCommand with id=1573144224231 timed out. Retrying.
2019-11-07 16:30:29,233 [pool-8-thread-4] INFO  commands.RetriableDatanodeEventWatcher (RetriableDatanodeEventWatcher.java:onTimeout(47)) - RetriableDatanodeCommand type=deleteBlocksCommand with id=1573144224230 timed out. Retrying.
2019-11-07 16:30:29,233 [pool-8-thread-3] INFO  commands.RetriableDatanodeEventWatcher (RetriableDatanodeEventWatcher.java:onTimeout(47)) - RetriableDatanodeCommand type=deleteBlocksCommand with id=1573144224232 timed out. Retrying.
2019-11-07 16:30:29,233 [pool-8-thread-2] INFO  commands.RetriableDatanodeEventWatcher (RetriableDatanodeEventWatcher.java:onTimeout(47)) - RetriableDatanodeCommand type=deleteBlocksCommand with id=1573144224233 timed out. Retrying.
2019-11-07 16:30:29,234 [pool-8-thread-3] INFO  commands.RetriableDatanodeEventWatcher (RetriableDatanodeEventWatcher.java:onTimeout(47)) - RetriableDatanodeCommand type=deleteBlocksCommand with id=1573144224234 timed out. Retrying.
2019-11-07 16:30:29,235 [SCMBlockDeletingService#1] INFO  block.SCMBlockDeletingService (SCMBlockDeletingService.java:call(187)) - Totally added 1 delete blocks command for 1 datanodes, task elapsed time: 0ms
2019-11-07 16:30:29,742 [BlockDeletingService#2] WARN  background.BlockDeletingService (BlockDeletingService.java:isDeletionAllowed(187)) - Close Container log Index 6 is not replicated across allthe servers in the pipeline 8b73d13d-1cd3-4e44-b4fa-693e871481e7 as the min replicated index is 4. Deletion is not allowed in this container yet.
2019-11-07 16:30:29,742 [BlockDeletingService#2] WARN  background.BlockDeletingService (BlockDeletingService.java:isDeletionAllowed(187)) - Close Container log Index 6 is not replicated across allthe servers in the pipeline 8b73d13d-1cd3-4e44-b4fa-693e871481e7 as the min replicated index is 4. Deletion is not allowed in this container yet.
2019-11-07 16:30:29,946 [java.util.concurrent.ThreadPoolExecutor$Worker@623112c8[State = -1, empty queue]] WARN  server.GrpcLogAppender (GrpcLogAppender.java:timeoutAppendRequest(209)) - 4b66a4eb-9baa-4818-a82d-5882a8281712@group-693E871481E7->faef99ea-f5b7-4431-8bda-3d2e4205e0e9-GrpcLogAppender: appendEntries Timeout, request=4b66a4eb-9baa-4818-a82d-5882a8281712->faef99ea-f5b7-4431-8bda-3d2e4205e0e9#52-t1, previous=(t:1, i:10), leaderCommit=10, initializing? false, entries: <empty>
2019-11-07 16:30:30,234 [pool-8-thread-2] INFO  commands.RetriableDatanodeEventWatcher (RetriableDatanodeEventWatcher.java:onTimeout(47)) - RetriableDatanodeCommand type=deleteBlocksCommand with id=1573144224232 timed out. Retrying.
2019-11-07 16:30:30,234 [pool-8-thread-5] INFO  commands.RetriableDatanodeEventWatcher (RetriableDatanodeEventWatcher.java:onTimeout(47)) - RetriableDatanodeCommand type=deleteBlocksCommand with id=1573144224230 timed out. Retrying.
2019-11-07 16:30:30,234 [pool-8-thread-4] INFO  commands.RetriableDatanodeEventWatcher (RetriableDatanodeEventWatcher.java:onTimeout(47)) - RetriableDatanodeCommand type=deleteBlocksCommand with id=1573144224234 timed out. Retrying.
2019-11-07 16:30:30,235 [pool-8-thread-1] INFO  commands.RetriableDatanodeEventWatcher (RetriableDatanodeEventWatcher.java:onTimeout(47)) - RetriableDatanodeCommand type=deleteBlocksCommand with id=1573144224231 timed out. Retrying.
2019-11-07 16:30:30,235 [pool-8-thread-3] INFO  commands.RetriableDatanodeEventWatcher (RetriableDatanodeEventWatcher.java:onTimeout(47)) - RetriableDatanodeCommand type=deleteBlocksCommand with id=1573144224233 timed out. Retrying.
2019-11-07 16:30:30,235 [pool-8-thread-1] INFO  commands.RetriableDatanodeEventWatcher (RetriableDatanodeEventWatcher.java:onTimeout(47)) - RetriableDatanodeCommand type=deleteBlocksCommand with id=1573144224235 timed out. Retrying.
2019-11-07 16:30:30,236 [SCMBlockDeletingService#1] INFO  block.SCMBlockDeletingService (SCMBlockDeletingService.java:call(187)) - Totally added 1 delete blocks command for 1 datanodes, task elapsed time: 0ms
2019-11-07 16:30:30,726 [EventQueue-PendingDeleteStatusForPendingDeleteHandler] INFO  block.SCMBlockDeletingService (SCMBlockDeletingService.java:handlePendingDeletes(115)) - Block deletion txnID mismatch in datanode faef99ea-f5b7-4431-8bda-3d2e4205e0e9 for containerID 1. Datanode delete txnID: 0, SCM txnID: 1
2019-11-07 16:30:30,744 [grpc-default-executor-1] INFO  impl.RaftServerProxy (RaftServerProxy.java:addNew(89)) - faef99ea-f5b7-4431-8bda-3d2e4205e0e9: addNew group-27278203BE41:[faef99ea-f5b7-4431-8bda-3d2e4205e0e9:192.168.69.106:43568] returns group-27278203BE41:java.util.concurrent.CompletableFuture@2c731ad[Not completed]
2019-11-07 16:30:30,744 [BlockDeletingService#2] WARN  background.BlockDeletingService (BlockDeletingService.java:isDeletionAllowed(187)) - Close Container log Index 6 is not replicated across allthe servers in the pipeline 8b73d13d-1cd3-4e44-b4fa-693e871481e7 as the min replicated index is 4. Deletion is not allowed in this container yet.
2019-11-07 16:30:30,744 [BlockDeletingService#2] WARN  background.BlockDeletingService (BlockDeletingService.java:isDeletionAllowed(187)) - Close Container log Index 6 is not replicated across allthe servers in the pipeline 8b73d13d-1cd3-4e44-b4fa-693e871481e7 as the min replicated index is 4. Deletion is not allowed in this container yet.
2019-11-07 16:30:30,746 [pool-60-thread-1] INFO  impl.RaftServerImpl (RaftServerImpl.java:<init>(98)) - faef99ea-f5b7-4431-8bda-3d2e4205e0e9: new RaftServerImpl for group-27278203BE41:[faef99ea-f5b7-4431-8bda-3d2e4205e0e9:192.168.69.106:43568] with ContainerStateMachine:uninitialized
2019-11-07 16:30:30,746 [pool-60-thread-1] INFO  server.RaftServerConfigKeys (ConfUtils.java:logGet(43)) - raft.server.rpc.timeout.min = 5s (custom)
2019-11-07 16:30:30,746 [pool-60-thread-1] INFO  server.RaftServerConfigKeys (ConfUtils.java:logGet(43)) - raft.server.rpc.timeout.max = 5200ms (custom)
2019-11-07 16:30:30,746 [pool-60-thread-1] INFO  server.RaftServerConfigKeys (ConfUtils.java:logGet(43)) - raft.server.rpcslowness.timeout = 1000s (custom)
2019-11-07 16:30:30,746 [pool-60-thread-1] INFO  server.RaftServerConfigKeys (ConfUtils.java:logGet(43)) - raft.server.sleep.deviation.threshold = 300 (default)
2019-11-07 16:30:30,746 [pool-60-thread-1] INFO  server.RaftServerConfigKeys (ConfUtils.java:logGet(43)) - raft.server.log.appender.install.snapshot.enabled = false (custom)
2019-11-07 16:30:30,746 [pool-60-thread-1] INFO  impl.RaftServerImpl (ServerState.java:<init>(103)) - faef99ea-f5b7-4431-8bda-3d2e4205e0e9@group-27278203BE41: ConfigurationManager, init=-1: [faef99ea-f5b7-4431-8bda-3d2e4205e0e9:192.168.69.106:43568], old=null, confs=<EMPTY_MAP>
2019-11-07 16:30:30,746 [pool-60-thread-1] INFO  server.RaftServerConfigKeys (ConfUtils.java:logGet(43)) - raft.server.storage.dir = [/workdir/hadoop-ozone/integration-test/target/test-dir/MiniOzoneClusterImpl-a970380e-0cc3-4fc2-b69b-bc446b1b0e33/datanode-2/data/ratis] (custom)
2019-11-07 16:30:30,747 [pool-60-thread-1] INFO  server.RaftServerConfigKeys (ConfUtils.java:logGet(43)) - raft.server.log.corruption.policy = EXCEPTION (default)
2019-11-07 16:30:30,747 [pool-60-thread-1] INFO  storage.RaftStorageDirectory (RaftStorageDirectory.java:analyzeStorage(246)) - The storage directory /workdir/hadoop-ozone/integration-test/target/test-dir/MiniOzoneClusterImpl-a970380e-0cc3-4fc2-b69b-bc446b1b0e33/datanode-2/data/ratis/e8d491f4-c590-47f6-87a6-27278203be41 does not exist. Creating ...
2019-11-07 16:30:30,771 [pool-60-thread-1] INFO  storage.RaftStorageDirectory (RaftStorageDirectory.java:tryLock(328)) - Lock on /workdir/hadoop-ozone/integration-test/target/test-dir/MiniOzoneClusterImpl-a970380e-0cc3-4fc2-b69b-bc446b1b0e33/datanode-2/data/ratis/e8d491f4-c590-47f6-87a6-27278203be41/in_use.lock acquired by nodename 27020@pr-hdds-2329-pipelines-wl5p8-3511966945
2019-11-07 16:30:30,795 [pool-60-thread-1] INFO  storage.RaftStorage (RaftStorage.java:format(84)) - Storage directory /workdir/hadoop-ozone/integration-test/target/test-dir/MiniOzoneClusterImpl-a970380e-0cc3-4fc2-b69b-bc446b1b0e33/datanode-2/data/ratis/e8d491f4-c590-47f6-87a6-27278203be41 has been successfully formatted.
2019-11-07 16:30:30,795 [pool-60-thread-1] INFO  ratis.ContainerStateMachine (ContainerStateMachine.java:loadSnapshot(231)) - group-27278203BE41: The snapshot info is null. Setting the last applied indexto:(t:0, i:~)
2019-11-07 16:30:30,795 [pool-60-thread-1] INFO  server.RaftServerConfigKeys (ConfUtils.java:logGet(43)) - raft.server.notification.no-leader.timeout = 1000s (custom)
2019-11-07 16:30:30,795 [pool-60-thread-1] INFO  server.RaftServerConfigKeys (ConfUtils.java:logGet(43)) - raft.server.log.use.memory = false (default)
2019-11-07 16:30:30,795 [pool-60-thread-1] INFO  server.RaftServerConfigKeys (ConfUtils.java:logGet(43)) - raft.server.log.purge.gap = 1000000 (custom)
2019-11-07 16:30:30,796 [pool-60-thread-1] INFO  server.RaftServerConfigKeys (ConfUtils.java:logGet(43)) - raft.server.log.appender.buffer.byte-limit = 33554432 (custom)
2019-11-07 16:30:30,796 [pool-60-thread-1] INFO  server.RaftServerConfigKeys (ConfUtils.java:logGet(43)) - raft.server.log.segment.size.max = 1048576 (custom)
2019-11-07 16:30:30,796 [pool-60-thread-1] INFO  server.RaftServerConfigKeys (ConfUtils.java:logGet(43)) - raft.server.log.segment.cache.num.max = 2 (custom)
2019-11-07 16:30:30,796 [pool-60-thread-1] INFO  segmented.SegmentedRaftLogWorker (SegmentedRaftLogWorker.java:<init>(173)) - new faef99ea-f5b7-4431-8bda-3d2e4205e0e9@group-27278203BE41-SegmentedRaftLogWorker for RaftStorage:Storage Directory /workdir/hadoop-ozone/integration-test/target/test-dir/MiniOzoneClusterImpl-a970380e-0cc3-4fc2-b69b-bc446b1b0e33/datanode-2/data/ratis/e8d491f4-c590-47f6-87a6-27278203be41
2019-11-07 16:30:30,796 [pool-60-thread-1] INFO  server.RaftServerConfigKeys (ConfUtils.java:logGet(43)) - raft.server.log.queue.byte-limit = 2147483647 (custom)
2019-11-07 16:30:30,796 [pool-60-thread-1] INFO  server.RaftServerConfigKeys (ConfUtils.java:logGet(43)) - raft.server.log.queue.element-limit = 1024 (custom)
2019-11-07 16:30:30,797 [pool-60-thread-1] INFO  server.RaftServerConfigKeys (ConfUtils.java:logGet(43)) - raft.server.log.segment.size.max = 1048576 (custom)
2019-11-07 16:30:30,797 [pool-60-thread-1] INFO  server.RaftServerConfigKeys (ConfUtils.java:logGet(43)) - raft.server.log.preallocated.size = 16384 (custom)
2019-11-07 16:30:30,797 [pool-60-thread-1] INFO  server.RaftServerConfigKeys (ConfUtils.java:logGet(43)) - raft.server.log.write.buffer.size = 33554432 (custom)
2019-11-07 16:30:30,797 [pool-60-thread-1] INFO  server.RaftServerConfigKeys (ConfUtils.java:logGet(43)) - raft.server.log.force.sync.num = 128 (default)
2019-11-07 16:30:30,797 [pool-60-thread-1] INFO  server.RaftServerConfigKeys (ConfUtils.java:logGet(43)) - raft.server.log.statemachine.data.sync = true (default)
2019-11-07 16:30:30,797 [pool-60-thread-1] INFO  server.RaftServerConfigKeys (ConfUtils.java:logGet(43)) - raft.server.log.statemachine.data.sync.timeout = 10s (default)
2019-11-07 16:30:30,797 [pool-60-thread-1] INFO  server.RaftServerConfigKeys (ConfUtils.java:logGet(43)) - raft.server.log.statemachine.data.sync.timeout.retry = -1 (default)
2019-11-07 16:30:30,798 [pool-60-thread-1] INFO  server.RaftServerConfigKeys (ConfUtils.java:logGet(43)) - raft.server.log.statemachine.data.caching.enabled = true (custom)
2019-11-07 16:30:30,798 [pool-60-thread-1] INFO  segmented.SegmentedRaftLogWorker (SegmentedRaftLogWorker.java:lambda$new$0(128)) - faef99ea-f5b7-4431-8bda-3d2e4205e0e9@group-27278203BE41-SegmentedRaftLogWorker: flushIndex: setUnconditionally 0 -> -1
2019-11-07 16:30:30,798 [pool-60-thread-1] INFO  server.RaftServerConfigKeys (ConfUtils.java:logGet(43)) - raft.server.snapshot.auto.trigger.enabled = true (custom)
2019-11-07 16:30:30,799 [pool-60-thread-1] INFO  server.RaftServerConfigKeys (ConfUtils.java:logGet(43)) - raft.server.snapshot.auto.trigger.threshold = 10000 (custom)
2019-11-07 16:30:30,799 [pool-60-thread-1] INFO  server.RaftServerConfigKeys (ConfUtils.java:logGet(43)) - raft.server.snapshot.retention.file.num = 5 (custom)
2019-11-07 16:30:30,799 [pool-60-thread-1] INFO  server.RaftServerConfigKeys (ConfUtils.java:logGet(43)) - raft.server.retrycache.expirytime = 600000ms (custom)
2019-11-07 16:30:30,799 [pool-60-thread-1] WARN  impl.MetricRegistriesImpl (MetricRegistriesImpl.java:lambda$create$1(61)) - First MetricRegistry has been created without registering reporters. You may need to call MetricRegistries.global().addReportRegistration(...) before.
2019-11-07 16:30:30,799 [pool-60-thread-1] WARN  impl.MetricRegistriesImpl (MetricRegistriesImpl.java:lambda$create$1(61)) - First MetricRegistry has been created without registering reporters. You may need to call MetricRegistries.global().addReportRegistration(...) before.
2019-11-07 16:30:30,800 [pool-60-thread-1] INFO  impl.RaftServerImpl (RaftServerImpl.java:start(184)) - faef99ea-f5b7-4431-8bda-3d2e4205e0e9@group-27278203BE41: start as a follower, conf=-1: [faef99ea-f5b7-4431-8bda-3d2e4205e0e9:192.168.69.106:43568], old=null
2019-11-07 16:30:30,800 [pool-60-thread-1] INFO  impl.RaftServerImpl (RaftServerImpl.java:setRole(173)) - faef99ea-f5b7-4431-8bda-3d2e4205e0e9@group-27278203BE41: changes role from      null to FOLLOWER at term 0 for startAsFollower
2019-11-07 16:30:30,800 [pool-60-thread-1] INFO  impl.RoleInfo (RoleInfo.java:updateAndGet(143)) - faef99ea-f5b7-4431-8bda-3d2e4205e0e9: start FollowerState
2019-11-07 16:30:30,800 [pool-60-thread-1] INFO  util.JmxRegister (JmxRegister.java:tryRegister(44)) - Successfully registered JMX Bean with object name Ratis:service=RaftServer,group=group-27278203BE41,id=faef99ea-f5b7-4431-8bda-3d2e4205e0e9
2019-11-07 16:30:30,801 [pool-60-thread-1] WARN  impl.MetricRegistriesImpl (MetricRegistriesImpl.java:lambda$create$1(61)) - First MetricRegistry has been created without registering reporters. You may need to call MetricRegistries.global().addReportRegistration(...) before.
2019-11-07 16:30:30,808 [RatisPipelineUtilsThread] INFO  pipeline.PipelineStateManager (PipelineStateManager.java:addPipeline(56)) - Created pipeline Pipeline[ Id: e8d491f4-c590-47f6-87a6-27278203be41, Nodes: faef99ea-f5b7-4431-8bda-3d2e4205e0e9{ip: 192.168.69.106, host: pr-hdds-2329-pipelines-wl5p8-3511966945, networkLocation: /default-rack, certSerialId: null}, Type:RATIS, Factor:ONE, State:OPEN]
2019-11-07 16:30:30,828 [grpc-default-executor-3] INFO  impl.RaftServerProxy (RaftServerProxy.java:addNew(89)) - 4b66a4eb-9baa-4818-a82d-5882a8281712: addNew group-09487CA2D807:[faef99ea-f5b7-4431-8bda-3d2e4205e0e9:192.168.69.106:43568, 4b66a4eb-9baa-4818-a82d-5882a8281712:192.168.69.106:35202, e72837b7-fe0e-4475-9dee-4d836a3196bb:192.168.69.106:43872] returns group-09487CA2D807:java.util.concurrent.CompletableFuture@5e527e61[Not completed]
2019-11-07 16:30:30,829 [grpc-default-executor-2] INFO  impl.RaftServerProxy (RaftServerProxy.java:addNew(89)) - e72837b7-fe0e-4475-9dee-4d836a3196bb: addNew group-09487CA2D807:[faef99ea-f5b7-4431-8bda-3d2e4205e0e9:192.168.69.106:43568, 4b66a4eb-9baa-4818-a82d-5882a8281712:192.168.69.106:35202, e72837b7-fe0e-4475-9dee-4d836a3196bb:192.168.69.106:43872] returns group-09487CA2D807:java.util.concurrent.CompletableFuture@44f7ab35[Not completed]
2019-11-07 16:30:30,829 [grpc-default-executor-1] INFO  impl.RaftServerProxy (RaftServerProxy.java:addNew(89)) - faef99ea-f5b7-4431-8bda-3d2e4205e0e9: addNew group-09487CA2D807:[faef99ea-f5b7-4431-8bda-3d2e4205e0e9:192.168.69.106:43568, 4b66a4eb-9baa-4818-a82d-5882a8281712:192.168.69.106:35202, e72837b7-fe0e-4475-9dee-4d836a3196bb:192.168.69.106:43872] returns group-09487CA2D807:java.util.concurrent.CompletableFuture@79243137[Not completed]
2019-11-07 16:30:30,832 [pool-28-thread-1] INFO  impl.RaftServerImpl (RaftServerImpl.java:<init>(98)) - e72837b7-fe0e-4475-9dee-4d836a3196bb: new RaftServerImpl for group-09487CA2D807:[faef99ea-f5b7-4431-8bda-3d2e4205e0e9:192.168.69.106:43568, 4b66a4eb-9baa-4818-a82d-5882a8281712:192.168.69.106:35202, e72837b7-fe0e-4475-9dee-4d836a3196bb:192.168.69.106:43872] with ContainerStateMachine:uninitialized
2019-11-07 16:30:30,832 [pool-28-thread-1] INFO  server.RaftServerConfigKeys (ConfUtils.java:logGet(43)) - raft.server.rpc.timeout.min = 5s (custom)
2019-11-07 16:30:30,832 [pool-28-thread-1] INFO  server.RaftServerConfigKeys (ConfUtils.java:logGet(43)) - raft.server.rpc.timeout.max = 5200ms (custom)
2019-11-07 16:30:30,832 [pool-28-thread-1] INFO  server.RaftServerConfigKeys (ConfUtils.java:logGet(43)) - raft.server.rpcslowness.timeout = 1000s (custom)
2019-11-07 16:30:30,832 [pool-28-thread-1] INFO  server.RaftServerConfigKeys (ConfUtils.java:logGet(43)) - raft.server.sleep.deviation.threshold = 300 (default)
2019-11-07 16:30:30,833 [pool-28-thread-1] INFO  server.RaftServerConfigKeys (ConfUtils.java:logGet(43)) - raft.server.log.appender.install.snapshot.enabled = false (custom)
2019-11-07 16:30:30,833 [pool-28-thread-1] INFO  impl.RaftServerImpl (ServerState.java:<init>(103)) - e72837b7-fe0e-4475-9dee-4d836a3196bb@group-09487CA2D807: ConfigurationManager, init=-1: [faef99ea-f5b7-4431-8bda-3d2e4205e0e9:192.168.69.106:43568, 4b66a4eb-9baa-4818-a82d-5882a8281712:192.168.69.106:35202, e72837b7-fe0e-4475-9dee-4d836a3196bb:192.168.69.106:43872], old=null, confs=<EMPTY_MAP>
2019-11-07 16:30:30,833 [pool-60-thread-1] INFO  impl.RaftServerImpl (RaftServerImpl.java:<init>(98)) - faef99ea-f5b7-4431-8bda-3d2e4205e0e9: new RaftServerImpl for group-09487CA2D807:[faef99ea-f5b7-4431-8bda-3d2e4205e0e9:192.168.69.106:43568, 4b66a4eb-9baa-4818-a82d-5882a8281712:192.168.69.106:35202, e72837b7-fe0e-4475-9dee-4d836a3196bb:192.168.69.106:43872] with ContainerStateMachine:uninitialized
2019-11-07 16:30:30,833 [pool-28-thread-1] INFO  server.RaftServerConfigKeys (ConfUtils.java:logGet(43)) - raft.server.storage.dir = [/workdir/hadoop-ozone/integration-test/target/test-dir/MiniOzoneClusterImpl-a970380e-0cc3-4fc2-b69b-bc446b1b0e33/datanode-0/data/ratis] (custom)
2019-11-07 16:30:30,833 [pool-60-thread-1] INFO  server.RaftServerConfigKeys (ConfUtils.java:logGet(43)) - raft.server.rpc.timeout.min = 5s (custom)
2019-11-07 16:30:30,833 [pool-60-thread-1] INFO  server.RaftServerConfigKeys (ConfUtils.java:logGet(43)) - raft.server.rpc.timeout.max = 5200ms (custom)
2019-11-07 16:30:30,834 [pool-28-thread-1] INFO  server.RaftServerConfigKeys (ConfUtils.java:logGet(43)) - raft.server.log.corruption.policy = EXCEPTION (default)
2019-11-07 16:30:30,834 [pool-60-thread-1] INFO  server.RaftServerConfigKeys (ConfUtils.java:logGet(43)) - raft.server.rpcslowness.timeout = 1000s (custom)
2019-11-07 16:30:30,834 [pool-60-thread-1] INFO  server.RaftServerConfigKeys (ConfUtils.java:logGet(43)) - raft.server.sleep.deviation.threshold = 300 (default)
2019-11-07 16:30:30,834 [pool-28-thread-1] INFO  storage.RaftStorageDirectory (RaftStorageDirectory.java:analyzeStorage(246)) - The storage directory /workdir/hadoop-ozone/integration-test/target/test-dir/MiniOzoneClusterImpl-a970380e-0cc3-4fc2-b69b-bc446b1b0e33/datanode-0/data/ratis/3eb496b7-caac-49bd-b0fb-09487ca2d807 does not exist. Creating ...
2019-11-07 16:30:30,834 [pool-38-thread-1] INFO  impl.RaftServerImpl (RaftServerImpl.java:<init>(98)) - 4b66a4eb-9baa-4818-a82d-5882a8281712: new RaftServerImpl for group-09487CA2D807:[faef99ea-f5b7-4431-8bda-3d2e4205e0e9:192.168.69.106:43568, 4b66a4eb-9baa-4818-a82d-5882a8281712:192.168.69.106:35202, e72837b7-fe0e-4475-9dee-4d836a3196bb:192.168.69.106:43872] with ContainerStateMachine:uninitialized
2019-11-07 16:30:30,834 [pool-60-thread-1] INFO  server.RaftServerConfigKeys (ConfUtils.java:logGet(43)) - raft.server.log.appender.install.snapshot.enabled = false (custom)
2019-11-07 16:30:30,834 [pool-38-thread-1] INFO  server.RaftServerConfigKeys (ConfUtils.java:logGet(43)) - raft.server.rpc.timeout.min = 5s (custom)
2019-11-07 16:30:30,835 [pool-60-thread-1] INFO  impl.RaftServerImpl (ServerState.java:<init>(103)) - faef99ea-f5b7-4431-8bda-3d2e4205e0e9@group-09487CA2D807: ConfigurationManager, init=-1: [faef99ea-f5b7-4431-8bda-3d2e4205e0e9:192.168.69.106:43568, 4b66a4eb-9baa-4818-a82d-5882a8281712:192.168.69.106:35202, e72837b7-fe0e-4475-9dee-4d836a3196bb:192.168.69.106:43872], old=null, confs=<EMPTY_MAP>
2019-11-07 16:30:30,835 [pool-38-thread-1] INFO  server.RaftServerConfigKeys (ConfUtils.java:logGet(43)) - raft.server.rpc.timeout.max = 5200ms (custom)
2019-11-07 16:30:30,835 [pool-60-thread-1] INFO  server.RaftServerConfigKeys (ConfUtils.java:logGet(43)) - raft.server.storage.dir = [/workdir/hadoop-ozone/integration-test/target/test-dir/MiniOzoneClusterImpl-a970380e-0cc3-4fc2-b69b-bc446b1b0e33/datanode-2/data/ratis] (custom)
2019-11-07 16:30:30,835 [pool-38-thread-1] INFO  server.RaftServerConfigKeys (ConfUtils.java:logGet(43)) - raft.server.rpcslowness.timeout = 1000s (custom)
2019-11-07 16:30:30,835 [pool-38-thread-1] INFO  server.RaftServerConfigKeys (ConfUtils.java:logGet(43)) - raft.server.sleep.deviation.threshold = 300 (default)
2019-11-07 16:30:30,835 [pool-60-thread-1] INFO  server.RaftServerConfigKeys (ConfUtils.java:logGet(43)) - raft.server.log.corruption.policy = EXCEPTION (default)
2019-11-07 16:30:30,835 [pool-38-thread-1] INFO  server.RaftServerConfigKeys (ConfUtils.java:logGet(43)) - raft.server.log.appender.install.snapshot.enabled = false (custom)
2019-11-07 16:30:30,836 [pool-60-thread-1] INFO  storage.RaftStorageDirectory (RaftStorageDirectory.java:analyzeStorage(246)) - The storage directory /workdir/hadoop-ozone/integration-test/target/test-dir/MiniOzoneClusterImpl-a970380e-0cc3-4fc2-b69b-bc446b1b0e33/datanode-2/data/ratis/3eb496b7-caac-49bd-b0fb-09487ca2d807 does not exist. Creating ...
2019-11-07 16:30:30,836 [pool-38-thread-1] INFO  impl.RaftServerImpl (ServerState.java:<init>(103)) - 4b66a4eb-9baa-4818-a82d-5882a8281712@group-09487CA2D807: ConfigurationManager, init=-1: [faef99ea-f5b7-4431-8bda-3d2e4205e0e9:192.168.69.106:43568, 4b66a4eb-9baa-4818-a82d-5882a8281712:192.168.69.106:35202, e72837b7-fe0e-4475-9dee-4d836a3196bb:192.168.69.106:43872], old=null, confs=<EMPTY_MAP>
2019-11-07 16:30:30,836 [pool-38-thread-1] INFO  server.RaftServerConfigKeys (ConfUtils.java:logGet(43)) - raft.server.storage.dir = [/workdir/hadoop-ozone/integration-test/target/test-dir/MiniOzoneClusterImpl-a970380e-0cc3-4fc2-b69b-bc446b1b0e33/datanode-1/data/ratis] (custom)
2019-11-07 16:30:30,836 [pool-38-thread-1] INFO  server.RaftServerConfigKeys (ConfUtils.java:logGet(43)) - raft.server.log.corruption.policy = EXCEPTION (default)
2019-11-07 16:30:30,836 [pool-38-thread-1] INFO  storage.RaftStorageDirectory (RaftStorageDirectory.java:analyzeStorage(246)) - The storage directory /workdir/hadoop-ozone/integration-test/target/test-dir/MiniOzoneClusterImpl-a970380e-0cc3-4fc2-b69b-bc446b1b0e33/datanode-1/data/ratis/3eb496b7-caac-49bd-b0fb-09487ca2d807 does not exist. Creating ...
2019-11-07 16:30:30,859 [pool-38-thread-1] INFO  storage.RaftStorageDirectory (RaftStorageDirectory.java:tryLock(328)) - Lock on /workdir/hadoop-ozone/integration-test/target/test-dir/MiniOzoneClusterImpl-a970380e-0cc3-4fc2-b69b-bc446b1b0e33/datanode-1/data/ratis/3eb496b7-caac-49bd-b0fb-09487ca2d807/in_use.lock acquired by nodename 27020@pr-hdds-2329-pipelines-wl5p8-3511966945
2019-11-07 16:30:30,859 [pool-28-thread-1] INFO  storage.RaftStorageDirectory (RaftStorageDirectory.java:tryLock(328)) - Lock on /workdir/hadoop-ozone/integration-test/target/test-dir/MiniOzoneClusterImpl-a970380e-0cc3-4fc2-b69b-bc446b1b0e33/datanode-0/data/ratis/3eb496b7-caac-49bd-b0fb-09487ca2d807/in_use.lock acquired by nodename 27020@pr-hdds-2329-pipelines-wl5p8-3511966945
2019-11-07 16:30:30,859 [pool-60-thread-1] INFO  storage.RaftStorageDirectory (RaftStorageDirectory.java:tryLock(328)) - Lock on /workdir/hadoop-ozone/integration-test/target/test-dir/MiniOzoneClusterImpl-a970380e-0cc3-4fc2-b69b-bc446b1b0e33/datanode-2/data/ratis/3eb496b7-caac-49bd-b0fb-09487ca2d807/in_use.lock acquired by nodename 27020@pr-hdds-2329-pipelines-wl5p8-3511966945
2019-11-07 16:30:30,889 [pool-28-thread-1] INFO  storage.RaftStorage (RaftStorage.java:format(84)) - Storage directory /workdir/hadoop-ozone/integration-test/target/test-dir/MiniOzoneClusterImpl-a970380e-0cc3-4fc2-b69b-bc446b1b0e33/datanode-0/data/ratis/3eb496b7-caac-49bd-b0fb-09487ca2d807 has been successfully formatted.
2019-11-07 16:30:30,889 [pool-60-thread-1] INFO  storage.RaftStorage (RaftStorage.java:format(84)) - Storage directory /workdir/hadoop-ozone/integration-test/target/test-dir/MiniOzoneClusterImpl-a970380e-0cc3-4fc2-b69b-bc446b1b0e33/datanode-2/data/ratis/3eb496b7-caac-49bd-b0fb-09487ca2d807 has been successfully formatted.
2019-11-07 16:30:30,889 [pool-38-thread-1] INFO  storage.RaftStorage (RaftStorage.java:format(84)) - Storage directory /workdir/hadoop-ozone/integration-test/target/test-dir/MiniOzoneClusterImpl-a970380e-0cc3-4fc2-b69b-bc446b1b0e33/datanode-1/data/ratis/3eb496b7-caac-49bd-b0fb-09487ca2d807 has been successfully formatted.
2019-11-07 16:30:30,889 [pool-28-thread-1] INFO  ratis.ContainerStateMachine (ContainerStateMachine.java:loadSnapshot(231)) - group-09487CA2D807: The snapshot info is null. Setting the last applied indexto:(t:0, i:~)
2019-11-07 16:30:30,889 [pool-60-thread-1] INFO  ratis.ContainerStateMachine (ContainerStateMachine.java:loadSnapshot(231)) - group-09487CA2D807: The snapshot info is null. Setting the last applied indexto:(t:0, i:~)
2019-11-07 16:30:30,889 [pool-38-thread-1] INFO  ratis.ContainerStateMachine (ContainerStateMachine.java:loadSnapshot(231)) - group-09487CA2D807: The snapshot info is null. Setting the last applied indexto:(t:0, i:~)
2019-11-07 16:30:30,889 [pool-28-thread-1] INFO  server.RaftServerConfigKeys (ConfUtils.java:logGet(43)) - raft.server.notification.no-leader.timeout = 1000s (custom)
2019-11-07 16:30:30,890 [pool-38-thread-1] INFO  server.RaftServerConfigKeys (ConfUtils.java:logGet(43)) - raft.server.notification.no-leader.timeout = 1000s (custom)
2019-11-07 16:30:30,889 [pool-60-thread-1] INFO  server.RaftServerConfigKeys (ConfUtils.java:logGet(43)) - raft.server.notification.no-leader.timeout = 1000s (custom)
2019-11-07 16:30:30,890 [pool-38-thread-1] INFO  server.RaftServerConfigKeys (ConfUtils.java:logGet(43)) - raft.server.log.use.memory = false (default)
2019-11-07 16:30:30,890 [pool-28-thread-1] INFO  server.RaftServerConfigKeys (ConfUtils.java:logGet(43)) - raft.server.log.use.memory = false (default)
2019-11-07 16:30:30,890 [pool-38-thread-1] INFO  server.RaftServerConfigKeys (ConfUtils.java:logGet(43)) - raft.server.log.purge.gap = 1000000 (custom)
2019-11-07 16:30:30,890 [pool-28-thread-1] INFO  server.RaftServerConfigKeys (ConfUtils.java:logGet(43)) - raft.server.log.purge.gap = 1000000 (custom)
2019-11-07 16:30:30,890 [pool-60-thread-1] INFO  server.RaftServerConfigKeys (ConfUtils.java:logGet(43)) - raft.server.log.use.memory = false (default)
2019-11-07 16:30:30,890 [pool-28-thread-1] INFO  server.RaftServerConfigKeys (ConfUtils.java:logGet(43)) - raft.server.log.appender.buffer.byte-limit = 33554432 (custom)
2019-11-07 16:30:30,890 [pool-38-thread-1] INFO  server.RaftServerConfigKeys (ConfUtils.java:logGet(43)) - raft.server.log.appender.buffer.byte-limit = 33554432 (custom)
2019-11-07 16:30:30,891 [pool-28-thread-1] INFO  server.RaftServerConfigKeys (ConfUtils.java:logGet(43)) - raft.server.log.segment.size.max = 1048576 (custom)
2019-11-07 16:30:30,891 [pool-60-thread-1] INFO  server.RaftServerConfigKeys (ConfUtils.java:logGet(43)) - raft.server.log.purge.gap = 1000000 (custom)
2019-11-07 16:30:30,891 [pool-28-thread-1] INFO  server.RaftServerConfigKeys (ConfUtils.java:logGet(43)) - raft.server.log.segment.cache.num.max = 2 (custom)
2019-11-07 16:30:30,891 [pool-28-thread-1] INFO  segmented.SegmentedRaftLogWorker (SegmentedRaftLogWorker.java:<init>(173)) - new e72837b7-fe0e-4475-9dee-4d836a3196bb@group-09487CA2D807-SegmentedRaftLogWorker for RaftStorage:Storage Directory /workdir/hadoop-ozone/integration-test/target/test-dir/MiniOzoneClusterImpl-a970380e-0cc3-4fc2-b69b-bc446b1b0e33/datanode-0/data/ratis/3eb496b7-caac-49bd-b0fb-09487ca2d807
2019-11-07 16:30:30,891 [pool-38-thread-1] INFO  server.RaftServerConfigKeys (ConfUtils.java:logGet(43)) - raft.server.log.segment.size.max = 1048576 (custom)
2019-11-07 16:30:30,891 [pool-28-thread-1] INFO  server.RaftServerConfigKeys (ConfUtils.java:logGet(43)) - raft.server.log.queue.byte-limit = 2147483647 (custom)
2019-11-07 16:30:30,891 [pool-60-thread-1] INFO  server.RaftServerConfigKeys (ConfUtils.java:logGet(43)) - raft.server.log.appender.buffer.byte-limit = 33554432 (custom)
2019-11-07 16:30:30,892 [pool-38-thread-1] INFO  server.RaftServerConfigKeys (ConfUtils.java:logGet(43)) - raft.server.log.segment.cache.num.max = 2 (custom)
2019-11-07 16:30:30,892 [pool-28-thread-1] INFO  server.RaftServerConfigKeys (ConfUtils.java:logGet(43)) - raft.server.log.queue.element-limit = 1024 (custom)
2019-11-07 16:30:30,892 [pool-38-thread-1] INFO  segmented.SegmentedRaftLogWorker (SegmentedRaftLogWorker.java:<init>(173)) - new 4b66a4eb-9baa-4818-a82d-5882a8281712@group-09487CA2D807-SegmentedRaftLogWorker for RaftStorage:Storage Directory /workdir/hadoop-ozone/integration-test/target/test-dir/MiniOzoneClusterImpl-a970380e-0cc3-4fc2-b69b-bc446b1b0e33/datanode-1/data/ratis/3eb496b7-caac-49bd-b0fb-09487ca2d807
2019-11-07 16:30:30,892 [pool-60-thread-1] INFO  server.RaftServerConfigKeys (ConfUtils.java:logGet(43)) - raft.server.log.segment.size.max = 1048576 (custom)
2019-11-07 16:30:30,892 [pool-38-thread-1] INFO  server.RaftServerConfigKeys (ConfUtils.java:logGet(43)) - raft.server.log.queue.byte-limit = 2147483647 (custom)
2019-11-07 16:30:30,892 [pool-28-thread-1] INFO  server.RaftServerConfigKeys (ConfUtils.java:logGet(43)) - raft.server.log.segment.size.max = 1048576 (custom)
2019-11-07 16:30:30,892 [pool-38-thread-1] INFO  server.RaftServerConfigKeys (ConfUtils.java:logGet(43)) - raft.server.log.queue.element-limit = 1024 (custom)
2019-11-07 16:30:30,892 [pool-60-thread-1] INFO  server.RaftServerConfigKeys (ConfUtils.java:logGet(43)) - raft.server.log.segment.cache.num.max = 2 (custom)
2019-11-07 16:30:30,893 [pool-38-thread-1] INFO  server.RaftServerConfigKeys (ConfUtils.java:logGet(43)) - raft.server.log.segment.size.max = 1048576 (custom)
2019-11-07 16:30:30,893 [pool-28-thread-1] INFO  server.RaftServerConfigKeys (ConfUtils.java:logGet(43)) - raft.server.log.preallocated.size = 16384 (custom)
2019-11-07 16:30:30,893 [pool-38-thread-1] INFO  server.RaftServerConfigKeys (ConfUtils.java:logGet(43)) - raft.server.log.preallocated.size = 16384 (custom)
2019-11-07 16:30:30,893 [pool-60-thread-1] INFO  segmented.SegmentedRaftLogWorker (SegmentedRaftLogWorker.java:<init>(173)) - new faef99ea-f5b7-4431-8bda-3d2e4205e0e9@group-09487CA2D807-SegmentedRaftLogWorker for RaftStorage:Storage Directory /workdir/hadoop-ozone/integration-test/target/test-dir/MiniOzoneClusterImpl-a970380e-0cc3-4fc2-b69b-bc446b1b0e33/datanode-2/data/ratis/3eb496b7-caac-49bd-b0fb-09487ca2d807
2019-11-07 16:30:30,893 [pool-38-thread-1] INFO  server.RaftServerConfigKeys (ConfUtils.java:logGet(43)) - raft.server.log.write.buffer.size = 33554432 (custom)
2019-11-07 16:30:30,893 [pool-28-thread-1] INFO  server.RaftServerConfigKeys (ConfUtils.java:logGet(43)) - raft.server.log.write.buffer.size = 33554432 (custom)
2019-11-07 16:30:30,894 [pool-38-thread-1] INFO  server.RaftServerConfigKeys (ConfUtils.java:logGet(43)) - raft.server.log.force.sync.num = 128 (default)
2019-11-07 16:30:30,893 [pool-60-thread-1] INFO  server.RaftServerConfigKeys (ConfUtils.java:logGet(43)) - raft.server.log.queue.byte-limit = 2147483647 (custom)
2019-11-07 16:30:30,894 [pool-38-thread-1] INFO  server.RaftServerConfigKeys (ConfUtils.java:logGet(43)) - raft.server.log.statemachine.data.sync = true (default)
2019-11-07 16:30:30,894 [pool-28-thread-1] INFO  server.RaftServerConfigKeys (ConfUtils.java:logGet(43)) - raft.server.log.force.sync.num = 128 (default)
2019-11-07 16:30:30,894 [pool-38-thread-1] INFO  server.RaftServerConfigKeys (ConfUtils.java:logGet(43)) - raft.server.log.statemachine.data.sync.timeout = 10s (default)
2019-11-07 16:30:30,894 [pool-60-thread-1] INFO  server.RaftServerConfigKeys (ConfUtils.java:logGet(43)) - raft.server.log.queue.element-limit = 1024 (custom)
2019-11-07 16:30:30,894 [pool-38-thread-1] INFO  server.RaftServerConfigKeys (ConfUtils.java:logGet(43)) - raft.server.log.statemachine.data.sync.timeout.retry = -1 (default)
2019-11-07 16:30:30,894 [pool-28-thread-1] INFO  server.RaftServerConfigKeys (ConfUtils.java:logGet(43)) - raft.server.log.statemachine.data.sync = true (default)
2019-11-07 16:30:30,895 [pool-60-thread-1] INFO  server.RaftServerConfigKeys (ConfUtils.java:logGet(43)) - raft.server.log.segment.size.max = 1048576 (custom)
2019-11-07 16:30:30,895 [pool-38-thread-1] INFO  server.RaftServerConfigKeys (ConfUtils.java:logGet(43)) - raft.server.log.statemachine.data.caching.enabled = true (custom)
2019-11-07 16:30:30,895 [pool-28-thread-1] INFO  server.RaftServerConfigKeys (ConfUtils.java:logGet(43)) - raft.server.log.statemachine.data.sync.timeout = 10s (default)
2019-11-07 16:30:30,895 [pool-60-thread-1] INFO  server.RaftServerConfigKeys (ConfUtils.java:logGet(43)) - raft.server.log.preallocated.size = 16384 (custom)
2019-11-07 16:30:30,895 [pool-28-thread-1] INFO  server.RaftServerConfigKeys (ConfUtils.java:logGet(43)) - raft.server.log.statemachine.data.sync.timeout.retry = -1 (default)
2019-11-07 16:30:30,895 [pool-60-thread-1] INFO  server.RaftServerConfigKeys (ConfUtils.java:logGet(43)) - raft.server.log.write.buffer.size = 33554432 (custom)
2019-11-07 16:30:30,895 [pool-38-thread-1] INFO  segmented.SegmentedRaftLogWorker (SegmentedRaftLogWorker.java:lambda$new$0(128)) - 4b66a4eb-9baa-4818-a82d-5882a8281712@group-09487CA2D807-SegmentedRaftLogWorker: flushIndex: setUnconditionally 0 -> -1
2019-11-07 16:30:30,896 [pool-60-thread-1] INFO  server.RaftServerConfigKeys (ConfUtils.java:logGet(43)) - raft.server.log.force.sync.num = 128 (default)
2019-11-07 16:30:30,896 [pool-28-thread-1] INFO  server.RaftServerConfigKeys (ConfUtils.java:logGet(43)) - raft.server.log.statemachine.data.caching.enabled = true (custom)
2019-11-07 16:30:30,896 [pool-38-thread-1] INFO  server.RaftServerConfigKeys (ConfUtils.java:logGet(43)) - raft.server.snapshot.auto.trigger.enabled = true (custom)
2019-11-07 16:30:30,896 [pool-28-thread-1] INFO  segmented.SegmentedRaftLogWorker (SegmentedRaftLogWorker.java:lambda$new$0(128)) - e72837b7-fe0e-4475-9dee-4d836a3196bb@group-09487CA2D807-SegmentedRaftLogWorker: flushIndex: setUnconditionally 0 -> -1
2019-11-07 16:30:30,896 [pool-60-thread-1] INFO  server.RaftServerConfigKeys (ConfUtils.java:logGet(43)) - raft.server.log.statemachine.data.sync = true (default)
2019-11-07 16:30:30,896 [pool-38-thread-1] INFO  server.RaftServerConfigKeys (ConfUtils.java:logGet(43)) - raft.server.snapshot.auto.trigger.threshold = 10000 (custom)
2019-11-07 16:30:30,897 [pool-60-thread-1] INFO  server.RaftServerConfigKeys (ConfUtils.java:logGet(43)) - raft.server.log.statemachine.data.sync.timeout = 10s (default)
2019-11-07 16:30:30,897 [pool-28-thread-1] INFO  server.RaftServerConfigKeys (ConfUtils.java:logGet(43)) - raft.server.snapshot.auto.trigger.enabled = true (custom)
2019-11-07 16:30:30,897 [pool-60-thread-1] INFO  server.RaftServerConfigKeys (ConfUtils.java:logGet(43)) - raft.server.log.statemachine.data.sync.timeout.retry = -1 (default)
2019-11-07 16:30:30,897 [pool-38-thread-1] INFO  server.RaftServerConfigKeys (ConfUtils.java:logGet(43)) - raft.server.snapshot.retention.file.num = 5 (custom)
2019-11-07 16:30:30,897 [pool-60-thread-1] INFO  server.RaftServerConfigKeys (ConfUtils.java:logGet(43)) - raft.server.log.statemachine.data.caching.enabled = true (custom)
2019-11-07 16:30:30,897 [pool-38-thread-1] INFO  server.RaftServerConfigKeys (ConfUtils.java:logGet(43)) - raft.server.retrycache.expirytime = 600000ms (custom)
2019-11-07 16:30:30,897 [pool-28-thread-1] INFO  server.RaftServerConfigKeys (ConfUtils.java:logGet(43)) - raft.server.snapshot.auto.trigger.threshold = 10000 (custom)
2019-11-07 16:30:30,898 [pool-38-thread-1] WARN  impl.MetricRegistriesImpl (MetricRegistriesImpl.java:lambda$create$1(61)) - First MetricRegistry has been created without registering reporters. You may need to call MetricRegistries.global().addReportRegistration(...) before.
2019-11-07 16:30:30,898 [pool-60-thread-1] INFO  segmented.SegmentedRaftLogWorker (SegmentedRaftLogWorker.java:lambda$new$0(128)) - faef99ea-f5b7-4431-8bda-3d2e4205e0e9@group-09487CA2D807-SegmentedRaftLogWorker: flushIndex: setUnconditionally 0 -> -1
2019-11-07 16:30:30,898 [pool-28-thread-1] INFO  server.RaftServerConfigKeys (ConfUtils.java:logGet(43)) - raft.server.snapshot.retention.file.num = 5 (custom)
2019-11-07 16:30:30,898 [pool-38-thread-1] WARN  impl.MetricRegistriesImpl (MetricRegistriesImpl.java:lambda$create$1(61)) - First MetricRegistry has been created without registering reporters. You may need to call MetricRegistries.global().addReportRegistration(...) before.
2019-11-07 16:30:30,898 [pool-28-thread-1] INFO  server.RaftServerConfigKeys (ConfUtils.java:logGet(43)) - raft.server.retrycache.expirytime = 600000ms (custom)
2019-11-07 16:30:30,898 [pool-60-thread-1] INFO  server.RaftServerConfigKeys (ConfUtils.java:logGet(43)) - raft.server.snapshot.auto.trigger.enabled = true (custom)
2019-11-07 16:30:30,899 [pool-28-thread-1] WARN  impl.MetricRegistriesImpl (MetricRegistriesImpl.java:lambda$create$1(61)) - First MetricRegistry has been created without registering reporters. You may need to call MetricRegistries.global().addReportRegistration(...) before.
2019-11-07 16:30:30,899 [pool-38-thread-1] INFO  impl.RaftServerImpl (RaftServerImpl.java:start(184)) - 4b66a4eb-9baa-4818-a82d-5882a8281712@group-09487CA2D807: start as a follower, conf=-1: [faef99ea-f5b7-4431-8bda-3d2e4205e0e9:192.168.69.106:43568, 4b66a4eb-9baa-4818-a82d-5882a8281712:192.168.69.106:35202, e72837b7-fe0e-4475-9dee-4d836a3196bb:192.168.69.106:43872], old=null
2019-11-07 16:30:30,899 [pool-28-thread-1] WARN  impl.MetricRegistriesImpl (MetricRegistriesImpl.java:lambda$create$1(61)) - First MetricRegistry has been created without registering reporters. You may need to call MetricRegistries.global().addReportRegistration(...) before.
2019-11-07 16:30:30,899 [pool-60-thread-1] INFO  server.RaftServerConfigKeys (ConfUtils.java:logGet(43)) - raft.server.snapshot.auto.trigger.threshold = 10000 (custom)
2019-11-07 16:30:30,899 [pool-28-thread-1] INFO  impl.RaftServerImpl (RaftServerImpl.java:start(184)) - e72837b7-fe0e-4475-9dee-4d836a3196bb@group-09487CA2D807: start as a follower, conf=-1: [faef99ea-f5b7-4431-8bda-3d2e4205e0e9:192.168.69.106:43568, 4b66a4eb-9baa-4818-a82d-5882a8281712:192.168.69.106:35202, e72837b7-fe0e-4475-9dee-4d836a3196bb:192.168.69.106:43872], old=null
2019-11-07 16:30:30,899 [pool-38-thread-1] INFO  impl.RaftServerImpl (RaftServerImpl.java:setRole(173)) - 4b66a4eb-9baa-4818-a82d-5882a8281712@group-09487CA2D807: changes role from      null to FOLLOWER at term 0 for startAsFollower
2019-11-07 16:30:30,899 [pool-28-thread-1] INFO  impl.RaftServerImpl (RaftServerImpl.java:setRole(173)) - e72837b7-fe0e-4475-9dee-4d836a3196bb@group-09487CA2D807: changes role from      null to FOLLOWER at term 0 for startAsFollower
2019-11-07 16:30:30,899 [pool-60-thread-1] INFO  server.RaftServerConfigKeys (ConfUtils.java:logGet(43)) - raft.server.snapshot.retention.file.num = 5 (custom)
2019-11-07 16:30:30,900 [pool-28-thread-1] INFO  impl.RoleInfo (RoleInfo.java:updateAndGet(143)) - e72837b7-fe0e-4475-9dee-4d836a3196bb: start FollowerState
2019-11-07 16:30:30,900 [pool-38-thread-1] INFO  impl.RoleInfo (RoleInfo.java:updateAndGet(143)) - 4b66a4eb-9baa-4818-a82d-5882a8281712: start FollowerState
2019-11-07 16:30:30,900 [pool-60-thread-1] INFO  server.RaftServerConfigKeys (ConfUtils.java:logGet(43)) - raft.server.retrycache.expirytime = 600000ms (custom)
2019-11-07 16:30:30,900 [pool-28-thread-1] INFO  util.JmxRegister (JmxRegister.java:tryRegister(44)) - Successfully registered JMX Bean with object name Ratis:service=RaftServer,group=group-09487CA2D807,id=e72837b7-fe0e-4475-9dee-4d836a3196bb
2019-11-07 16:30:30,900 [pool-28-thread-1] WARN  impl.MetricRegistriesImpl (MetricRegistriesImpl.java:lambda$create$1(61)) - First MetricRegistry has been created without registering reporters. You may need to call MetricRegistries.global().addReportRegistration(...) before.
2019-11-07 16:30:30,901 [pool-38-thread-1] INFO  util.JmxRegister (JmxRegister.java:tryRegister(44)) - Successfully registered JMX Bean with object name Ratis:service=RaftServer,group=group-09487CA2D807,id=4b66a4eb-9baa-4818-a82d-5882a8281712
2019-11-07 16:30:30,900 [pool-60-thread-1] WARN  impl.MetricRegistriesImpl (MetricRegistriesImpl.java:lambda$create$1(61)) - First MetricRegistry has been created without registering reporters. You may need to call MetricRegistries.global().addReportRegistration(...) before.
2019-11-07 16:30:30,901 [pool-38-thread-1] WARN  impl.MetricRegistriesImpl (MetricRegistriesImpl.java:lambda$create$1(61)) - First MetricRegistry has been created without registering reporters. You may need to call MetricRegistries.global().addReportRegistration(...) before.
2019-11-07 16:30:30,901 [pool-60-thread-1] WARN  impl.MetricRegistriesImpl (MetricRegistriesImpl.java:lambda$create$1(61)) - First MetricRegistry has been created without registering reporters. You may need to call MetricRegistries.global().addReportRegistration(...) before.
2019-11-07 16:30:30,902 [pool-60-thread-1] INFO  impl.RaftServerImpl (RaftServerImpl.java:start(184)) - faef99ea-f5b7-4431-8bda-3d2e4205e0e9@group-09487CA2D807: start as a follower, conf=-1: [faef99ea-f5b7-4431-8bda-3d2e4205e0e9:192.168.69.106:43568, 4b66a4eb-9baa-4818-a82d-5882a8281712:192.168.69.106:35202, e72837b7-fe0e-4475-9dee-4d836a3196bb:192.168.69.106:43872], old=null
2019-11-07 16:30:30,902 [pool-60-thread-1] INFO  impl.RaftServerImpl (RaftServerImpl.java:setRole(173)) - faef99ea-f5b7-4431-8bda-3d2e4205e0e9@group-09487CA2D807: changes role from      null to FOLLOWER at term 0 for startAsFollower
2019-11-07 16:30:30,902 [pool-60-thread-1] INFO  impl.RoleInfo (RoleInfo.java:updateAndGet(143)) - faef99ea-f5b7-4431-8bda-3d2e4205e0e9: start FollowerState
2019-11-07 16:30:30,906 [pool-60-thread-1] INFO  util.JmxRegister (JmxRegister.java:tryRegister(44)) - Successfully registered JMX Bean with object name Ratis:service=RaftServer,group=group-09487CA2D807,id=faef99ea-f5b7-4431-8bda-3d2e4205e0e9
2019-11-07 16:30:30,906 [pool-60-thread-1] WARN  impl.MetricRegistriesImpl (MetricRegistriesImpl.java:lambda$create$1(61)) - First MetricRegistry has been created without registering reporters. You may need to call MetricRegistries.global().addReportRegistration(...) before.
2019-11-07 16:30:30,914 [RatisPipelineUtilsThread] INFO  pipeline.PipelineStateManager (PipelineStateManager.java:addPipeline(56)) - Created pipeline Pipeline[ Id: 3eb496b7-caac-49bd-b0fb-09487ca2d807, Nodes: e72837b7-fe0e-4475-9dee-4d836a3196bb{ip: 192.168.69.106, host: pr-hdds-2329-pipelines-wl5p8-3511966945, networkLocation: /default-rack, certSerialId: null}4b66a4eb-9baa-4818-a82d-5882a8281712{ip: 192.168.69.106, host: pr-hdds-2329-pipelines-wl5p8-3511966945, networkLocation: /default-rack, certSerialId: null}faef99ea-f5b7-4431-8bda-3d2e4205e0e9{ip: 192.168.69.106, host: pr-hdds-2329-pipelines-wl5p8-3511966945, networkLocation: /default-rack, certSerialId: null}, Type:RATIS, Factor:THREE, State:OPEN]
2019-11-07 16:30:30,926 [EventQueue-PendingDeleteStatusForPendingDeleteHandler] INFO  block.SCMBlockDeletingService (SCMBlockDeletingService.java:handlePendingDeletes(115)) - Block deletion txnID mismatch in datanode faef99ea-f5b7-4431-8bda-3d2e4205e0e9 for containerID 1. Datanode delete txnID: 0, SCM txnID: 1
2019-11-07 16:30:31,126 [EventQueue-PendingDeleteStatusForPendingDeleteHandler] INFO  block.SCMBlockDeletingService (SCMBlockDeletingService.java:handlePendingDeletes(115)) - Block deletion txnID mismatch in datanode faef99ea-f5b7-4431-8bda-3d2e4205e0e9 for containerID 1. Datanode delete txnID: 0, SCM txnID: 1
2019-11-07 16:30:31,236 [pool-8-thread-4] INFO  commands.RetriableDatanodeEventWatcher (RetriableDatanodeEventWatcher.java:onTimeout(47)) - RetriableDatanodeCommand type=deleteBlocksCommand with id=1573144224232 timed out. Retrying.
2019-11-07 16:30:31,237 [pool-8-thread-6] INFO  commands.RetriableDatanodeEventWatcher (RetriableDatanodeEventWatcher.java:onTimeout(47)) - RetriableDatanodeCommand type=deleteBlocksCommand with id=1573144224231 timed out. Retrying.
2019-11-07 16:30:31,238 [pool-8-thread-5] INFO  commands.RetriableDatanodeEventWatcher (RetriableDatanodeEventWatcher.java:onTimeout(47)) - RetriableDatanodeCommand type=deleteBlocksCommand with id=1573144224235 timed out. Retrying.
2019-11-07 16:30:31,238 [pool-8-thread-2] INFO  commands.RetriableDatanodeEventWatcher (RetriableDatanodeEventWatcher.java:onTimeout(47)) - RetriableDatanodeCommand type=deleteBlocksCommand with id=1573144224234 timed out. Retrying.
2019-11-07 16:30:31,238 [SCMBlockDeletingService#1] INFO  block.SCMBlockDeletingService (SCMBlockDeletingService.java:call(187)) - Totally added 1 delete blocks command for 1 datanodes, task elapsed time: 1ms
2019-11-07 16:30:31,239 [pool-8-thread-3] INFO  commands.RetriableDatanodeEventWatcher (RetriableDatanodeEventWatcher.java:onTimeout(47)) - RetriableDatanodeCommand type=deleteBlocksCommand with id=1573144224233 timed out. Retrying.
2019-11-07 16:30:31,239 [pool-8-thread-1] INFO  commands.RetriableDatanodeEventWatcher (RetriableDatanodeEventWatcher.java:onTimeout(47)) - RetriableDatanodeCommand type=deleteBlocksCommand with id=1573144224236 timed out. Retrying.
2019-11-07 16:30:31,239 [pool-8-thread-7] INFO  commands.RetriableDatanodeEventWatcher (RetriableDatanodeEventWatcher.java:onTimeout(47)) - RetriableDatanodeCommand type=deleteBlocksCommand with id=1573144224230 timed out. Retrying.
2019-11-07 16:30:31,426 [EventQueue-PendingDeleteStatusForPendingDeleteHandler] INFO  block.SCMBlockDeletingService (SCMBlockDeletingService.java:handlePendingDeletes(115)) - Block deletion txnID mismatch in datanode faef99ea-f5b7-4431-8bda-3d2e4205e0e9 for containerID 1. Datanode delete txnID: 0, SCM txnID: 1
2019-11-07 16:30:31,626 [EventQueue-PendingDeleteStatusForPendingDeleteHandler] INFO  block.SCMBlockDeletingService (SCMBlockDeletingService.java:handlePendingDeletes(115)) - Block deletion txnID mismatch in datanode faef99ea-f5b7-4431-8bda-3d2e4205e0e9 for containerID 1. Datanode delete txnID: 0, SCM txnID: 1
2019-11-07 16:30:31,628 [Thread-581] INFO  client.GrpcClientProtocolService (GrpcClientProtocolService.java:lambda$processClientRequest$0(279)) - Failed RaftClientRequest:client-11F5E2EF3273->e72837b7-fe0e-4475-9dee-4d836a3196bb@group-693E871481E7, cid=10, seq=0, Watch-ALL_COMMITTED(6), Message:<EMPTY>, reply=RaftClientReply:client-11F5E2EF3273->e72837b7-fe0e-4475-9dee-4d836a3196bb@group-693E871481E7, cid=10, FAILED org.apache.ratis.protocol.NotLeaderException: Server e72837b7-fe0e-4475-9dee-4d836a3196bb@group-693E871481E7 is not the leader 4b66a4eb-9baa-4818-a82d-5882a8281712:192.168.69.106:35202, logIndex=0, commits[e72837b7-fe0e-4475-9dee-4d836a3196bb:c10, faef99ea-f5b7-4431-8bda-3d2e4205e0e9:c4, 4b66a4eb-9baa-4818-a82d-5882a8281712:c10]
2019-11-07 16:30:31,745 [BlockDeletingService#2] WARN  background.BlockDeletingService (BlockDeletingService.java:isDeletionAllowed(187)) - Close Container log Index 6 is not replicated across allthe servers in the pipeline 8b73d13d-1cd3-4e44-b4fa-693e871481e7 as the min replicated index is 4. Deletion is not allowed in this container yet.
2019-11-07 16:30:31,746 [BlockDeletingService#2] WARN  background.BlockDeletingService (BlockDeletingService.java:isDeletionAllowed(187)) - Close Container log Index 6 is not replicated across allthe servers in the pipeline 8b73d13d-1cd3-4e44-b4fa-693e871481e7 as the min replicated index is 4. Deletion is not allowed in this container yet.
2019-11-07 16:30:31,757 [Command processor thread] INFO  commandhandler.DeleteBlocksCommandHandler (DeleteBlocksCommandHandler.java:handle(106)) - Start to delete container blocks, TXIDs=[1(0)], numOfContainers=1, numOfBlocks=1
2019-11-07 16:30:31,757 [Command processor thread] INFO  commandhandler.DeleteBlocksCommandHandler (DeleteBlocksCommandHandler.java:handle(106)) - Start to delete container blocks, TXIDs=[1(2)], numOfContainers=1, numOfBlocks=1
2019-11-07 16:30:31,758 [Command processor thread] INFO  commandhandler.DeleteBlocksCommandHandler (DeleteBlocksCommandHandler.java:handle(106)) - Start to delete container blocks, TXIDs=[1(0)], numOfContainers=1, numOfBlocks=1
2019-11-07 16:30:31,758 [Command processor thread] INFO  commandhandler.DeleteBlocksCommandHandler (DeleteBlocksCommandHandler.java:handle(106)) - Start to delete container blocks, TXIDs=[1(2)], numOfContainers=1, numOfBlocks=1
2019-11-07 16:30:31,758 [Command processor thread] INFO  commandhandler.DeleteBlocksCommandHandler (DeleteBlocksCommandHandler.java:handle(106)) - Start to delete container blocks, TXIDs=[1(2)], numOfContainers=1, numOfBlocks=1
2019-11-07 16:30:31,758 [Command processor thread] INFO  commandhandler.DeleteBlocksCommandHandler (DeleteBlocksCommandHandler.java:handle(106)) - Start to delete container blocks, TXIDs=[1(0)], numOfContainers=1, numOfBlocks=1
2019-11-07 16:30:31,759 [Command processor thread] INFO  commandhandler.DeleteBlocksCommandHandler (DeleteBlocksCommandHandler.java:handle(106)) - Start to delete container blocks, TXIDs=[1(2)], numOfContainers=1, numOfBlocks=1
2019-11-07 16:30:31,759 [Command processor thread] INFO  commandhandler.DeleteBlocksCommandHandler (DeleteBlocksCommandHandler.java:handle(106)) - Start to delete container blocks, TXIDs=[1(2)], numOfContainers=1, numOfBlocks=1
2019-11-07 16:30:31,759 [Command processor thread] INFO  commandhandler.DeleteBlocksCommandHandler (DeleteBlocksCommandHandler.java:handle(106)) - Start to delete container blocks, TXIDs=[1(2)], numOfContainers=1, numOfBlocks=1
2019-11-07 16:30:31,759 [Command processor thread] INFO  commandhandler.DeleteBlocksCommandHandler (DeleteBlocksCommandHandler.java:handle(106)) - Start to delete container blocks, TXIDs=[1(0)], numOfContainers=1, numOfBlocks=1
2019-11-07 16:30:31,760 [Command processor thread] INFO  commandhandler.DeleteBlocksCommandHandler (DeleteBlocksCommandHandler.java:handle(106)) - Start to delete container blocks, TXIDs=[1(2)], numOfContainers=1, numOfBlocks=1
2019-11-07 16:30:31,760 [Command processor thread] INFO  commandhandler.DeleteBlocksCommandHandler (DeleteBlocksCommandHandler.java:handle(106)) - Start to delete container blocks, TXIDs=[1(2)], numOfContainers=1, numOfBlocks=1
2019-11-07 16:30:31,760 [Command processor thread] INFO  commandhandler.DeleteBlocksCommandHandler (DeleteBlocksCommandHandler.java:handle(106)) - Start to delete container blocks, TXIDs=[1(2)], numOfContainers=1, numOfBlocks=1
2019-11-07 16:30:31,760 [Command processor thread] INFO  commandhandler.DeleteBlocksCommandHandler (DeleteBlocksCommandHandler.java:handle(106)) - Start to delete container blocks, TXIDs=[1(0)], numOfContainers=1, numOfBlocks=1
2019-11-07 16:30:31,761 [Command processor thread] INFO  commandhandler.DeleteBlocksCommandHandler (DeleteBlocksCommandHandler.java:handle(106)) - Start to delete container blocks, TXIDs=[1(2)], numOfContainers=1, numOfBlocks=1
2019-11-07 16:30:31,761 [Command processor thread] INFO  commandhandler.DeleteBlocksCommandHandler (DeleteBlocksCommandHandler.java:handle(106)) - Start to delete container blocks, TXIDs=[1(2)], numOfContainers=1, numOfBlocks=1
2019-11-07 16:30:31,761 [Command processor thread] INFO  commandhandler.DeleteBlocksCommandHandler (DeleteBlocksCommandHandler.java:handle(106)) - Start to delete container blocks, TXIDs=[1(0)], numOfContainers=1, numOfBlocks=1
2019-11-07 16:30:31,761 [Command processor thread] INFO  commandhandler.DeleteBlocksCommandHandler (DeleteBlocksCommandHandler.java:handle(106)) - Start to delete container blocks, TXIDs=[1(2)], numOfContainers=1, numOfBlocks=1
2019-11-07 16:30:31,761 [Command processor thread] INFO  commandhandler.DeleteBlocksCommandHandler (DeleteBlocksCommandHandler.java:handle(106)) - Start to delete container blocks, TXIDs=[1(2)], numOfContainers=1, numOfBlocks=1
2019-11-07 16:30:31,762 [Command processor thread] INFO  commandhandler.DeleteBlocksCommandHandler (DeleteBlocksCommandHandler.java:handle(106)) - Start to delete container blocks, TXIDs=[1(2)], numOfContainers=1, numOfBlocks=1
2019-11-07 16:30:31,762 [Command processor thread] INFO  commandhandler.DeleteBlocksCommandHandler (DeleteBlocksCommandHandler.java:handle(106)) - Start to delete container blocks, TXIDs=[1(2)], numOfContainers=1, numOfBlocks=1
2019-11-07 16:30:31,762 [Command processor thread] INFO  commandhandler.DeleteBlocksCommandHandler (DeleteBlocksCommandHandler.java:handle(106)) - Start to delete container blocks, TXIDs=[1(2)], numOfContainers=1, numOfBlocks=1
2019-11-07 16:30:31,762 [Command processor thread] INFO  commandhandler.DeleteBlocksCommandHandler (DeleteBlocksCommandHandler.java:handle(106)) - Start to delete container blocks, TXIDs=[1(0)], numOfContainers=1, numOfBlocks=1
2019-11-07 16:30:31,763 [Command processor thread] INFO  commandhandler.DeleteBlocksCommandHandler (DeleteBlocksCommandHandler.java:handle(106)) - Start to delete container blocks, TXIDs=[1(2)], numOfContainers=1, numOfBlocks=1
2019-11-07 16:30:31,763 [Command processor thread] INFO  commandhandler.DeleteBlocksCommandHandler (DeleteBlocksCommandHandler.java:handle(106)) - Start to delete container blocks, TXIDs=[1(2)], numOfContainers=1, numOfBlocks=1
2019-11-07 16:30:31,763 [Command processor thread] INFO  commandhandler.DeleteBlocksCommandHandler (DeleteBlocksCommandHandler.java:handle(106)) - Start to delete container blocks, TXIDs=[1(2)], numOfContainers=1, numOfBlocks=1
2019-11-07 16:30:31,763 [Thread-549] INFO  impl.FollowerState (FollowerState.java:run(111)) - faef99ea-f5b7-4431-8bda-3d2e4205e0e9@group-693E871481E7-FollowerState: change to CANDIDATE, lastRpcTime:5023ms, electionTimeout:5023ms
2019-11-07 16:30:31,763 [Command processor thread] INFO  commandhandler.DeleteBlocksCommandHandler (DeleteBlocksCommandHandler.java:handle(106)) - Start to delete container blocks, TXIDs=[1(2)], numOfContainers=1, numOfBlocks=1
2019-11-07 16:30:31,763 [Thread-549] INFO  impl.RoleInfo (RoleInfo.java:shutdownFollowerState(121)) - faef99ea-f5b7-4431-8bda-3d2e4205e0e9: shutdown FollowerState
2019-11-07 16:30:31,763 [Command processor thread] INFO  commandhandler.DeleteBlocksCommandHandler (DeleteBlocksCommandHandler.java:handle(106)) - Start to delete container blocks, TXIDs=[1(2)], numOfContainers=1, numOfBlocks=1
2019-11-07 16:30:31,763 [Thread-549] INFO  impl.RaftServerImpl (RaftServerImpl.java:setRole(173)) - faef99ea-f5b7-4431-8bda-3d2e4205e0e9@group-693E871481E7: changes role from  FOLLOWER to CANDIDATE at term 1 for changeToCandidate
2019-11-07 16:30:31,764 [Command processor thread] INFO  commandhandler.DeleteBlocksCommandHandler (DeleteBlocksCommandHandler.java:handle(106)) - Start to delete container blocks, TXIDs=[1(2)], numOfContainers=1, numOfBlocks=1
2019-11-07 16:30:31,764 [Thread-549] INFO  impl.RoleInfo (RoleInfo.java:updateAndGet(143)) - faef99ea-f5b7-4431-8bda-3d2e4205e0e9: start LeaderElection
2019-11-07 16:30:31,764 [Command processor thread] INFO  commandhandler.DeleteBlocksCommandHandler (DeleteBlocksCommandHandler.java:handle(106)) - Start to delete container blocks, TXIDs=[1(2)], numOfContainers=1, numOfBlocks=1
2019-11-07 16:30:31,766 [Command processor thread] INFO  commandhandler.DeleteBlocksCommandHandler (DeleteBlocksCommandHandler.java:handle(106)) - Start to delete container blocks, TXIDs=[1(2)], numOfContainers=1, numOfBlocks=1
2019-11-07 16:30:31,766 [Command processor thread] INFO  commandhandler.DeleteBlocksCommandHandler (DeleteBlocksCommandHandler.java:handle(106)) - Start to delete container blocks, TXIDs=[1(30)], numOfContainers=1, numOfBlocks=1
2019-11-07 16:30:31,766 [Command processor thread] INFO  commandhandler.DeleteBlocksCommandHandler (DeleteBlocksCommandHandler.java:handle(106)) - Start to delete container blocks, TXIDs=[1(2)], numOfContainers=1, numOfBlocks=1
2019-11-07 16:30:31,767 [Command processor thread] INFO  commandhandler.DeleteBlocksCommandHandler (DeleteBlocksCommandHandler.java:handle(106)) - Start to delete container blocks, TXIDs=[1(2)], numOfContainers=1, numOfBlocks=1
2019-11-07 16:30:31,767 [Command processor thread] INFO  commandhandler.DeleteBlocksCommandHandler (DeleteBlocksCommandHandler.java:handle(106)) - Start to delete container blocks, TXIDs=[1(2)], numOfContainers=1, numOfBlocks=1
2019-11-07 16:30:31,767 [Command processor thread] INFO  commandhandler.DeleteBlocksCommandHandler (DeleteBlocksCommandHandler.java:handle(106)) - Start to delete container blocks, TXIDs=[1(0)], numOfContainers=1, numOfBlocks=1
2019-11-07 16:30:31,789 [faef99ea-f5b7-4431-8bda-3d2e4205e0e9@group-693E871481E7-LeaderElection5] INFO  impl.LeaderElection (LeaderElection.java:askForVotes(178)) - faef99ea-f5b7-4431-8bda-3d2e4205e0e9@group-693E871481E7-LeaderElection5: begin an election at term 2 for 0: [faef99ea-f5b7-4431-8bda-3d2e4205e0e9:192.168.69.106:43568, 4b66a4eb-9baa-4818-a82d-5882a8281712:192.168.69.106:35202, e72837b7-fe0e-4475-9dee-4d836a3196bb:192.168.69.106:43872], old=null
2019-11-07 16:30:31,801 [grpc-default-executor-1] INFO  impl.RaftServerImpl (ServerState.java:setLeader(255)) - e72837b7-fe0e-4475-9dee-4d836a3196bb@group-693E871481E7: change Leader from 4b66a4eb-9baa-4818-a82d-5882a8281712 to null at term 2 for updateCurrentTerm
2019-11-07 16:30:31,801 [grpc-default-executor-2] INFO  impl.RaftServerImpl (ServerState.java:setLeader(255)) - 4b66a4eb-9baa-4818-a82d-5882a8281712@group-693E871481E7: change Leader from 4b66a4eb-9baa-4818-a82d-5882a8281712 to null at term 2 for updateCurrentTerm
2019-11-07 16:30:31,801 [grpc-default-executor-1] INFO  impl.RaftServerImpl (RaftServerImpl.java:setRole(173)) - e72837b7-fe0e-4475-9dee-4d836a3196bb@group-693E871481E7: changes role from  FOLLOWER to FOLLOWER at term 2 for recognizeCandidate:faef99ea-f5b7-4431-8bda-3d2e4205e0e9
2019-11-07 16:30:31,802 [grpc-default-executor-2] INFO  impl.RaftServerImpl (RaftServerImpl.java:setRole(173)) - 4b66a4eb-9baa-4818-a82d-5882a8281712@group-693E871481E7: changes role from    LEADER to FOLLOWER at term 2 for recognizeCandidate:faef99ea-f5b7-4431-8bda-3d2e4205e0e9
2019-11-07 16:30:31,802 [grpc-default-executor-1] INFO  impl.RoleInfo (RoleInfo.java:shutdownFollowerState(121)) - e72837b7-fe0e-4475-9dee-4d836a3196bb: shutdown FollowerState
2019-11-07 16:30:31,802 [grpc-default-executor-2] INFO  impl.RoleInfo (RoleInfo.java:shutdownLeaderState(104)) - 4b66a4eb-9baa-4818-a82d-5882a8281712: shutdown LeaderState
2019-11-07 16:30:31,802 [Thread-240] INFO  impl.FollowerState (FollowerState.java:run(120)) - e72837b7-fe0e-4475-9dee-4d836a3196bb@group-693E871481E7-FollowerState was interrupted: java.lang.InterruptedException: sleep interrupted
2019-11-07 16:30:31,802 [grpc-default-executor-1] INFO  impl.RoleInfo (RoleInfo.java:updateAndGet(143)) - e72837b7-fe0e-4475-9dee-4d836a3196bb: start FollowerState
2019-11-07 16:30:31,804 [grpc-default-executor-2] INFO  impl.PendingRequests (PendingRequests.java:sendNotLeaderResponses(206)) - 4b66a4eb-9baa-4818-a82d-5882a8281712@group-693E871481E7-PendingRequests: sendNotLeaderResponses
2019-11-07 16:30:31,805 [org.apache.ratis.server.impl.LogAppender$AppenderDaemon$$Lambda$577/1817551143@52bbef95] WARN  server.GrpcLogAppender (GrpcLogAppender.java:mayWait(149)) - 4b66a4eb-9baa-4818-a82d-5882a8281712@group-693E871481E7->e72837b7-fe0e-4475-9dee-4d836a3196bb-GrpcLogAppender: Wait interrupted by java.lang.InterruptedException
2019-11-07 16:30:31,805 [org.apache.ratis.server.impl.LogAppender$AppenderDaemon$$Lambda$577/1817551143@77bd8527] WARN  server.GrpcLogAppender (GrpcLogAppender.java:mayWait(149)) - 4b66a4eb-9baa-4818-a82d-5882a8281712@group-693E871481E7->faef99ea-f5b7-4431-8bda-3d2e4205e0e9-GrpcLogAppender: Wait interrupted by java.lang.InterruptedException
2019-11-07 16:30:31,807 [Thread-591] INFO  client.GrpcClientProtocolService (GrpcClientProtocolService.java:lambda$processClientRequest$0(279)) - Failed RaftClientRequest:client-11F5E2EF3273->4b66a4eb-9baa-4818-a82d-5882a8281712@group-693E871481E7, cid=10, seq=0, Watch-ALL_COMMITTED(6), Message:<EMPTY>, reply=RaftClientReply:client-11F5E2EF3273->4b66a4eb-9baa-4818-a82d-5882a8281712@group-693E871481E7, cid=10, FAILED org.apache.ratis.protocol.NotLeaderException: Server 4b66a4eb-9baa-4818-a82d-5882a8281712@group-693E871481E7 is not the leader, logIndex=0, commits[4b66a4eb-9baa-4818-a82d-5882a8281712:c10, faef99ea-f5b7-4431-8bda-3d2e4205e0e9:c4, e72837b7-fe0e-4475-9dee-4d836a3196bb:c10]
2019-11-07 16:30:31,808 [Thread-592] INFO  client.GrpcClientProtocolService (GrpcClientProtocolService.java:lambda$processClientRequest$0(279)) - Failed RaftClientRequest:client-11F5E2EF3273->4b66a4eb-9baa-4818-a82d-5882a8281712@group-693E871481E7, cid=10, seq=0, Watch-ALL_COMMITTED(6), Message:<EMPTY>, reply=RaftClientReply:client-11F5E2EF3273->4b66a4eb-9baa-4818-a82d-5882a8281712@group-693E871481E7, cid=10, FAILED org.apache.ratis.protocol.NotLeaderException: Server 4b66a4eb-9baa-4818-a82d-5882a8281712@group-693E871481E7 is not the leader, logIndex=0, commits[4b66a4eb-9baa-4818-a82d-5882a8281712:c10, faef99ea-f5b7-4431-8bda-3d2e4205e0e9:c4, e72837b7-fe0e-4475-9dee-4d836a3196bb:c10]
2019-11-07 16:30:31,809 [grpc-default-executor-2] INFO  impl.RoleInfo (RoleInfo.java:updateAndGet(143)) - 4b66a4eb-9baa-4818-a82d-5882a8281712: start FollowerState
2019-11-07 16:30:31,818 [grpc-default-executor-6] INFO  server.GrpcServerProtocolService (GrpcServerProtocolService.java:onCompleted(113)) - e72837b7-fe0e-4475-9dee-4d836a3196bb: Completed APPEND_ENTRIES, lastRequest: 4b66a4eb-9baa-4818-a82d-5882a8281712->e72837b7-fe0e-4475-9dee-4d836a3196bb#53-t1, previous=(t:1, i:10), leaderCommit=10, initializing? false, entries: <empty>
2019-11-07 16:30:31,821 [grpc-default-executor-5] INFO  server.GrpcLogAppender (GrpcLogAppender.java:onCompleted(308)) - 4b66a4eb-9baa-4818-a82d-5882a8281712@group-693E871481E7->e72837b7-fe0e-4475-9dee-4d836a3196bb-AppendLogResponseHandler: follower responses appendEntries COMPLETED
2019-11-07 16:30:31,821 [Thread-550] INFO  impl.FollowerState (FollowerState.java:run(111)) - faef99ea-f5b7-4431-8bda-3d2e4205e0e9@group-042F3A9F7FEC-FollowerState: change to CANDIDATE, lastRpcTime:5081ms, electionTimeout:5081ms
2019-11-07 16:30:31,823 [Thread-550] INFO  impl.RoleInfo (RoleInfo.java:shutdownFollowerState(121)) - faef99ea-f5b7-4431-8bda-3d2e4205e0e9: shutdown FollowerState
2019-11-07 16:30:31,824 [Thread-550] INFO  impl.RaftServerImpl (RaftServerImpl.java:setRole(173)) - faef99ea-f5b7-4431-8bda-3d2e4205e0e9@group-042F3A9F7FEC: changes role from  FOLLOWER to CANDIDATE at term 1 for changeToCandidate
2019-11-07 16:30:31,824 [Thread-550] INFO  impl.RoleInfo (RoleInfo.java:updateAndGet(143)) - faef99ea-f5b7-4431-8bda-3d2e4205e0e9: start LeaderElection
2019-11-07 16:30:31,829 [grpc-default-executor-5] INFO  impl.FollowerInfo (FollowerInfo.java:lambda$new$0(51)) - 4b66a4eb-9baa-4818-a82d-5882a8281712@group-693E871481E7->e72837b7-fe0e-4475-9dee-4d836a3196bb: nextIndex: updateUnconditionally 11 -> 10
2019-11-07 16:30:31,836 [faef99ea-f5b7-4431-8bda-3d2e4205e0e9@group-693E871481E7-LeaderElection5] INFO  impl.LeaderElection (LeaderElection.java:logAndReturn(56)) - faef99ea-f5b7-4431-8bda-3d2e4205e0e9@group-693E871481E7-LeaderElection5: Election REJECTED; received 2 response(s) [faef99ea-f5b7-4431-8bda-3d2e4205e0e9<-4b66a4eb-9baa-4818-a82d-5882a8281712#0:FAIL-t2, faef99ea-f5b7-4431-8bda-3d2e4205e0e9<-e72837b7-fe0e-4475-9dee-4d836a3196bb#0:FAIL-t2] and 0 exception(s); faef99ea-f5b7-4431-8bda-3d2e4205e0e9@group-693E871481E7:t2, leader=null, voted=faef99ea-f5b7-4431-8bda-3d2e4205e0e9, raftlog=faef99ea-f5b7-4431-8bda-3d2e4205e0e9@group-693E871481E7-SegmentedRaftLog:OPENED:c3,f4,i4, conf=0: [faef99ea-f5b7-4431-8bda-3d2e4205e0e9:192.168.69.106:43568, 4b66a4eb-9baa-4818-a82d-5882a8281712:192.168.69.106:35202, e72837b7-fe0e-4475-9dee-4d836a3196bb:192.168.69.106:43872], old=null
2019-11-07 16:30:31,836 [faef99ea-f5b7-4431-8bda-3d2e4205e0e9@group-693E871481E7-LeaderElection5] INFO  impl.RaftServerImpl (RaftServerImpl.java:setRole(173)) - faef99ea-f5b7-4431-8bda-3d2e4205e0e9@group-693E871481E7: changes role from CANDIDATE to FOLLOWER at term 2 for DISCOVERED_A_NEW_TERM
2019-11-07 16:30:31,836 [faef99ea-f5b7-4431-8bda-3d2e4205e0e9@group-693E871481E7-LeaderElection5] INFO  impl.RoleInfo (RoleInfo.java:shutdownLeaderElection(134)) - faef99ea-f5b7-4431-8bda-3d2e4205e0e9: shutdown LeaderElection
2019-11-07 16:30:31,837 [faef99ea-f5b7-4431-8bda-3d2e4205e0e9@group-693E871481E7-LeaderElection5] INFO  impl.RoleInfo (RoleInfo.java:updateAndGet(143)) - faef99ea-f5b7-4431-8bda-3d2e4205e0e9: start FollowerState
2019-11-07 16:30:31,852 [faef99ea-f5b7-4431-8bda-3d2e4205e0e9@group-042F3A9F7FEC-LeaderElection6] INFO  impl.LeaderElection (LeaderElection.java:askForVotes(178)) - faef99ea-f5b7-4431-8bda-3d2e4205e0e9@group-042F3A9F7FEC-LeaderElection6: begin an election at term 2 for 0: [faef99ea-f5b7-4431-8bda-3d2e4205e0e9:192.168.69.106:43568], old=null
2019-11-07 16:30:31,853 [faef99ea-f5b7-4431-8bda-3d2e4205e0e9@group-042F3A9F7FEC-LeaderElection6] INFO  impl.RoleInfo (RoleInfo.java:shutdownLeaderElection(134)) - faef99ea-f5b7-4431-8bda-3d2e4205e0e9: shutdown LeaderElection
2019-11-07 16:30:31,853 [faef99ea-f5b7-4431-8bda-3d2e4205e0e9@group-042F3A9F7FEC-LeaderElection6] INFO  impl.RaftServerImpl (RaftServerImpl.java:setRole(173)) - faef99ea-f5b7-4431-8bda-3d2e4205e0e9@group-042F3A9F7FEC: changes role from CANDIDATE to LEADER at term 2 for changeToLeader
2019-11-07 16:30:31,853 [faef99ea-f5b7-4431-8bda-3d2e4205e0e9@group-042F3A9F7FEC-LeaderElection6] INFO  impl.RaftServerImpl (ServerState.java:setLeader(255)) - faef99ea-f5b7-4431-8bda-3d2e4205e0e9@group-042F3A9F7FEC: change Leader from null to faef99ea-f5b7-4431-8bda-3d2e4205e0e9 at term 2 for becomeLeader, leader elected after 7102ms
2019-11-07 16:30:31,854 [faef99ea-f5b7-4431-8bda-3d2e4205e0e9@group-042F3A9F7FEC-LeaderElection6] INFO  server.RaftServerConfigKeys (ConfUtils.java:logGet(43)) - raft.server.staging.catchup.gap = 1000 (default)
2019-11-07 16:30:31,854 [faef99ea-f5b7-4431-8bda-3d2e4205e0e9@group-042F3A9F7FEC-LeaderElection6] INFO  server.RaftServerConfigKeys (ConfUtils.java:logGet(43)) - raft.server.rpc.sleep.time = 25ms (default)
2019-11-07 16:30:31,854 [faef99ea-f5b7-4431-8bda-3d2e4205e0e9@group-042F3A9F7FEC-LeaderElection6] INFO  server.RaftServerConfigKeys (ConfUtils.java:logGet(43)) - raft.server.write.element-limit = 4096 (default)
2019-11-07 16:30:31,855 [faef99ea-f5b7-4431-8bda-3d2e4205e0e9@group-042F3A9F7FEC-LeaderElection6] INFO  server.RaftServerConfigKeys (ConfUtils.java:logGet(43)) - raft.server.watch.timeout = 10s (default)
2019-11-07 16:30:31,855 [faef99ea-f5b7-4431-8bda-3d2e4205e0e9@group-042F3A9F7FEC-LeaderElection6] INFO  server.RaftServerConfigKeys (ConfUtils.java:logGet(43)) - raft.server.watch.timeout.denomination = 1s (default)
2019-11-07 16:30:31,855 [faef99ea-f5b7-4431-8bda-3d2e4205e0e9@group-042F3A9F7FEC-LeaderElection6] INFO  server.RaftServerConfigKeys (ConfUtils.java:logGet(43)) - raft.server.watch.element-limit = 65536 (default)
2019-11-07 16:30:31,855 [faef99ea-f5b7-4431-8bda-3d2e4205e0e9@group-042F3A9F7FEC-LeaderElection6] INFO  impl.RoleInfo (RoleInfo.java:updateAndGet(143)) - faef99ea-f5b7-4431-8bda-3d2e4205e0e9: start LeaderState
2019-11-07 16:30:31,856 [faef99ea-f5b7-4431-8bda-3d2e4205e0e9@group-042F3A9F7FEC-LeaderElection6] INFO  segmented.SegmentedRaftLogWorker (SegmentedRaftLogWorker.java:rollLogSegment(390)) - faef99ea-f5b7-4431-8bda-3d2e4205e0e9@group-042F3A9F7FEC-SegmentedRaftLogWorker: Rolling segment log-0_0 to index:0
2019-11-07 16:30:31,859 [faef99ea-f5b7-4431-8bda-3d2e4205e0e9@group-042F3A9F7FEC-LeaderElection6] INFO  impl.RaftServerImpl (ServerState.java:setRaftConf(356)) - faef99ea-f5b7-4431-8bda-3d2e4205e0e9@group-042F3A9F7FEC: set configuration 1: [faef99ea-f5b7-4431-8bda-3d2e4205e0e9:192.168.69.106:43568], old=null at 1
2019-11-07 16:30:31,860 [faef99ea-f5b7-4431-8bda-3d2e4205e0e9@group-042F3A9F7FEC-SegmentedRaftLogWorker] INFO  segmented.SegmentedRaftLogWorker (SegmentedRaftLogWorker.java:execute(533)) - faef99ea-f5b7-4431-8bda-3d2e4205e0e9@group-042F3A9F7FEC-SegmentedRaftLogWorker: Rolled log segment from /workdir/hadoop-ozone/integration-test/target/test-dir/MiniOzoneClusterImpl-a970380e-0cc3-4fc2-b69b-bc446b1b0e33/datanode-2/data/ratis/5cf99cd2-73e3-4404-ad33-042f3a9f7fec/current/log_inprogress_0 to /workdir/hadoop-ozone/integration-test/target/test-dir/MiniOzoneClusterImpl-a970380e-0cc3-4fc2-b69b-bc446b1b0e33/datanode-2/data/ratis/5cf99cd2-73e3-4404-ad33-042f3a9f7fec/current/log_0-0
2019-11-07 16:30:31,907 [faef99ea-f5b7-4431-8bda-3d2e4205e0e9@group-042F3A9F7FEC-SegmentedRaftLogWorker] INFO  segmented.SegmentedRaftLogWorker (SegmentedRaftLogWorker.java:execute(576)) - faef99ea-f5b7-4431-8bda-3d2e4205e0e9@group-042F3A9F7FEC-SegmentedRaftLogWorker: created new log segment /workdir/hadoop-ozone/integration-test/target/test-dir/MiniOzoneClusterImpl-a970380e-0cc3-4fc2-b69b-bc446b1b0e33/datanode-2/data/ratis/5cf99cd2-73e3-4404-ad33-042f3a9f7fec/current/log_inprogress_1
2019-11-07 16:30:31,958 [EventQueue-DeleteBlockStatusForDeletedBlockLogImpl] WARN  block.DeletedBlockLogImpl (DeletedBlockLogImpl.java:commitTransactions(205)) - Transaction txId=1 commit by dnId=faef99ea-f5b7-4431-8bda-3d2e4205e0e9 for containerID=#1 failed. Corresponding entry not found.
2019-11-07 16:30:31,960 [EventQueue-DeleteBlockStatusForDeletedBlockLogImpl] WARN  block.DeletedBlockLogImpl (DeletedBlockLogImpl.java:commitTransactions(205)) - Transaction txId=1 commit by dnId=faef99ea-f5b7-4431-8bda-3d2e4205e0e9 for containerID=#1 failed. Corresponding entry not found.
2019-11-07 16:30:31,960 [EventQueue-DeleteBlockStatusForDeletedBlockLogImpl] WARN  block.DeletedBlockLogImpl (DeletedBlockLogImpl.java:commitTransactions(205)) - Transaction txId=1 commit by dnId=faef99ea-f5b7-4431-8bda-3d2e4205e0e9 for containerID=#1 failed. Corresponding entry not found.
2019-11-07 16:30:31,960 [EventQueue-DeleteBlockStatusForDeletedBlockLogImpl] WARN  block.DeletedBlockLogImpl (DeletedBlockLogImpl.java:commitTransactions(205)) - Transaction txId=1 commit by dnId=faef99ea-f5b7-4431-8bda-3d2e4205e0e9 for containerID=#1 failed. Corresponding entry not found.
2019-11-07 16:30:31,961 [EventQueue-DeleteBlockStatusForDeletedBlockLogImpl] WARN  block.DeletedBlockLogImpl (DeletedBlockLogImpl.java:commitTransactions(205)) - Transaction txId=1 commit by dnId=faef99ea-f5b7-4431-8bda-3d2e4205e0e9 for containerID=#1 failed. Corresponding entry not found.
2019-11-07 16:30:31,961 [EventQueue-DeleteBlockStatusForDeletedBlockLogImpl] WARN  block.DeletedBlockLogImpl (DeletedBlockLogImpl.java:commitTransactions(205)) - Transaction txId=1 commit by dnId=faef99ea-f5b7-4431-8bda-3d2e4205e0e9 for containerID=#1 failed. Corresponding entry not found.
2019-11-07 16:30:31,961 [EventQueue-DeleteBlockStatusForDeletedBlockLogImpl] WARN  block.DeletedBlockLogImpl (DeletedBlockLogImpl.java:commitTransactions(205)) - Transaction txId=1 commit by dnId=faef99ea-f5b7-4431-8bda-3d2e4205e0e9 for containerID=#1 failed. Corresponding entry not found.
2019-11-07 16:30:32,448 [java.util.concurrent.ThreadPoolExecutor$Worker@623112c8[State = -1, empty queue]] WARN  server.GrpcLogAppender (GrpcLogAppender.java:timeoutAppendRequest(209)) - 4b66a4eb-9baa-4818-a82d-5882a8281712@group-693E871481E7->faef99ea-f5b7-4431-8bda-3d2e4205e0e9-GrpcLogAppender: appendEntries Timeout, request=4b66a4eb-9baa-4818-a82d-5882a8281712->faef99ea-f5b7-4431-8bda-3d2e4205e0e9#53-t1, previous=(t:1, i:10), leaderCommit=10, initializing? false, entries: <empty>
2019-11-07 16:30:32,747 [BlockDeletingService#2] WARN  background.BlockDeletingService (BlockDeletingService.java:isDeletionAllowed(187)) - Close Container log Index 6 is not replicated across allthe servers in the pipeline 8b73d13d-1cd3-4e44-b4fa-693e871481e7 as the min replicated index is 4. Deletion is not allowed in this container yet.
2019-11-07 16:30:32,748 [BlockDeletingService#2] WARN  background.BlockDeletingService (BlockDeletingService.java:isDeletionAllowed(187)) - Close Container log Index 6 is not replicated across allthe servers in the pipeline 8b73d13d-1cd3-4e44-b4fa-693e871481e7 as the min replicated index is 4. Deletion is not allowed in this container yet.
2019-11-07 16:30:32,836 [Thread-602] INFO  client.GrpcClientProtocolService (GrpcClientProtocolService.java:lambda$processClientRequest$0(279)) - Failed RaftClientRequest:client-11F5E2EF3273->e72837b7-fe0e-4475-9dee-4d836a3196bb@group-693E871481E7, cid=10, seq=0, Watch-ALL_COMMITTED(6), Message:<EMPTY>, reply=RaftClientReply:client-11F5E2EF3273->e72837b7-fe0e-4475-9dee-4d836a3196bb@group-693E871481E7, cid=10, FAILED org.apache.ratis.protocol.NotLeaderException: Server e72837b7-fe0e-4475-9dee-4d836a3196bb@group-693E871481E7 is not the leader, logIndex=0, commits[e72837b7-fe0e-4475-9dee-4d836a3196bb:c10, faef99ea-f5b7-4431-8bda-3d2e4205e0e9:c4, 4b66a4eb-9baa-4818-a82d-5882a8281712:c10]
2019-11-07 16:30:33,748 [BlockDeletingService#2] WARN  background.BlockDeletingService (BlockDeletingService.java:isDeletionAllowed(187)) - Close Container log Index 6 is not replicated across allthe servers in the pipeline 8b73d13d-1cd3-4e44-b4fa-693e871481e7 as the min replicated index is 4. Deletion is not allowed in this container yet.
2019-11-07 16:30:33,750 [BlockDeletingService#2] WARN  background.BlockDeletingService (BlockDeletingService.java:isDeletionAllowed(187)) - Close Container log Index 6 is not replicated across allthe servers in the pipeline 8b73d13d-1cd3-4e44-b4fa-693e871481e7 as the min replicated index is 4. Deletion is not allowed in this container yet.
2019-11-07 16:30:33,857 [Thread-608] INFO  client.GrpcClientProtocolService (GrpcClientProtocolService.java:lambda$processClientRequest$0(279)) - Failed RaftClientRequest:client-11F5E2EF3273->4b66a4eb-9baa-4818-a82d-5882a8281712@group-693E871481E7, cid=10, seq=0, Watch-ALL_COMMITTED(6), Message:<EMPTY>, reply=RaftClientReply:client-11F5E2EF3273->4b66a4eb-9baa-4818-a82d-5882a8281712@group-693E871481E7, cid=10, FAILED org.apache.ratis.protocol.NotLeaderException: Server 4b66a4eb-9baa-4818-a82d-5882a8281712@group-693E871481E7 is not the leader, logIndex=0, commits[4b66a4eb-9baa-4818-a82d-5882a8281712:c10, faef99ea-f5b7-4431-8bda-3d2e4205e0e9:c4, e72837b7-fe0e-4475-9dee-4d836a3196bb:c10]
]]></system-out>
    <system-err><![CDATA[ERROR StatusLogger No Log4j 2 configuration file found. Using default configuration (logging only errors to the console), or user programmatically provided configurations. Set system property 'log4j2.debug' to show Log4j 2 internal initialization logging. See https://logging.apache.org/log4j/2.x/manual/configuration.html for instructions on how to configure Log4j 2
Nov 07, 2019 4:28:49 PM org.apache.ratis.thirdparty.io.grpc.internal.SerializingExecutor run
SEVERE: Exception while executing runnable org.apache.ratis.thirdparty.io.grpc.internal.ServerImpl$JumpToApplicationThreadServerStreamListener$1Closed@6bc78106
org.apache.ratis.thirdparty.io.grpc.StatusRuntimeException: CANCELLED: call already cancelled
	at org.apache.ratis.thirdparty.io.grpc.Status.asRuntimeException(Status.java:517)
	at org.apache.ratis.thirdparty.io.grpc.stub.ServerCalls$ServerCallStreamObserverImpl.onCompleted(ServerCalls.java:356)
	at org.apache.ratis.grpc.server.GrpcServerProtocolService$ServerRequestStreamObserver.onError(GrpcServerProtocolService.java:121)
	at org.apache.ratis.thirdparty.io.grpc.stub.ServerCalls$StreamingServerCallHandler$StreamingServerCallListener.onCancel(ServerCalls.java:269)
	at org.apache.ratis.thirdparty.io.grpc.internal.ServerCallImpl$ServerStreamListenerImpl.closed(ServerCallImpl.java:293)
	at org.apache.ratis.thirdparty.io.grpc.internal.ServerImpl$JumpToApplicationThreadServerStreamListener$1Closed.runInContext(ServerImpl.java:741)
	at org.apache.ratis.thirdparty.io.grpc.internal.ContextRunnable.run(ContextRunnable.java:37)
	at org.apache.ratis.thirdparty.io.grpc.internal.SerializingExecutor.run(SerializingExecutor.java:123)
	at java.util.concurrent.ThreadPoolExecutor.runWorker(ThreadPoolExecutor.java:1149)
	at java.util.concurrent.ThreadPoolExecutor$Worker.run(ThreadPoolExecutor.java:624)
	at java.lang.Thread.run(Thread.java:748)

Nov 07, 2019 4:28:49 PM org.apache.ratis.thirdparty.io.grpc.internal.SerializingExecutor run
SEVERE: Exception while executing runnable org.apache.ratis.thirdparty.io.grpc.internal.ClientCallImpl$ClientStreamListenerImpl$1StreamClosed@5298ab21
java.lang.NullPointerException
	at org.apache.ratis.grpc.server.GrpcLogAppender$AppendLogResponseHandler.onError(GrpcLogAppender.java:303)
	at org.apache.ratis.thirdparty.io.grpc.stub.ClientCalls$StreamObserverToCallListenerAdapter.onClose(ClientCalls.java:434)
	at org.apache.ratis.thirdparty.io.grpc.PartialForwardingClientCallListener.onClose(PartialForwardingClientCallListener.java:39)
	at org.apache.ratis.thirdparty.io.grpc.ForwardingClientCallListener.onClose(ForwardingClientCallListener.java:23)
	at org.apache.ratis.thirdparty.io.grpc.ForwardingClientCallListener$SimpleForwardingClientCallListener.onClose(ForwardingClientCallListener.java:40)
	at org.apache.ratis.thirdparty.io.grpc.internal.CensusStatsModule$StatsClientInterceptor$1$1.onClose(CensusStatsModule.java:678)
	at org.apache.ratis.thirdparty.io.grpc.PartialForwardingClientCallListener.onClose(PartialForwardingClientCallListener.java:39)
	at org.apache.ratis.thirdparty.io.grpc.ForwardingClientCallListener.onClose(ForwardingClientCallListener.java:23)
	at org.apache.ratis.thirdparty.io.grpc.ForwardingClientCallListener$SimpleForwardingClientCallListener.onClose(ForwardingClientCallListener.java:40)
	at org.apache.ratis.thirdparty.io.grpc.internal.CensusTracingModule$TracingClientInterceptor$1$1.onClose(CensusTracingModule.java:397)
	at org.apache.ratis.thirdparty.io.grpc.internal.ClientCallImpl.closeObserver(ClientCallImpl.java:459)
	at org.apache.ratis.thirdparty.io.grpc.internal.ClientCallImpl.access$300(ClientCallImpl.java:63)
	at org.apache.ratis.thirdparty.io.grpc.internal.ClientCallImpl$ClientStreamListenerImpl.close(ClientCallImpl.java:546)
	at org.apache.ratis.thirdparty.io.grpc.internal.ClientCallImpl$ClientStreamListenerImpl.access$600(ClientCallImpl.java:467)
	at org.apache.ratis.thirdparty.io.grpc.internal.ClientCallImpl$ClientStreamListenerImpl$1StreamClosed.runInContext(ClientCallImpl.java:584)
	at org.apache.ratis.thirdparty.io.grpc.internal.ContextRunnable.run(ContextRunnable.java:37)
	at org.apache.ratis.thirdparty.io.grpc.internal.SerializingExecutor.run(SerializingExecutor.java:123)
	at java.util.concurrent.ThreadPoolExecutor.runWorker(ThreadPoolExecutor.java:1149)
	at java.util.concurrent.ThreadPoolExecutor$Worker.run(ThreadPoolExecutor.java:624)
	at java.lang.Thread.run(Thread.java:748)

]]></system-err>
  </testcase>
</testsuite>