<?xml version="1.0" encoding="UTF-8"?>
<testsuite xmlns:xsi="http://www.w3.org/2001/XMLSchema-instance" xsi:noNamespaceSchemaLocation="https://maven.apache.org/surefire/maven-surefire-plugin/xsd/surefire-test-report.xsd" name="org.apache.hadoop.ozone.client.rpc.TestMultiBlockWritesWithDnFailures" time="163.919" tests="2" errors="1" skipped="0" failures="0">
  <properties>
    <property name="awt.toolkit" value="sun.awt.X11.XToolkit"/>
    <property name="file.encoding.pkg" value="sun.io"/>
    <property name="java.specification.version" value="1.8"/>
    <property name="sun.cpu.isalist" value=""/>
    <property name="sun.jnu.encoding" value="ANSI_X3.4-1968"/>
    <property name="java.class.path" value="/workdir/hadoop-ozone/integration-test/target/test-classes:/workdir/hadoop-ozone/integration-test/target/classes:/home/user/.m2/repository/org/apache/hadoop/hadoop-ozone-common/0.5.0-SNAPSHOT/hadoop-ozone-common-0.5.0-SNAPSHOT.jar:/home/user/.m2/repository/org/apache/commons/commons-compress/1.4.1/commons-compress-1.4.1.jar:/home/user/.m2/repository/org/tukaani/xz/1.0/xz-1.0.jar:/home/user/.m2/repository/org/apache/hadoop/hadoop-common/3.2.0/hadoop-common-3.2.0.jar:/home/user/.m2/repository/org/apache/hadoop/hadoop-hdfs/3.2.0/hadoop-hdfs-3.2.0.jar:/home/user/.m2/repository/org/apache/hadoop/hadoop-hdfs-client/3.2.0/hadoop-hdfs-client-3.2.0.jar:/home/user/.m2/repository/com/fasterxml/jackson/core/jackson-annotations/2.9.9/jackson-annotations-2.9.9.jar:/home/user/.m2/repository/org/apache/hadoop/hadoop-hdds-common/0.5.0-SNAPSHOT/hadoop-hdds-common-0.5.0-SNAPSHOT.jar:/home/user/.m2/repository/javax/annotation/javax.annotation-api/1.2/javax.annotation-api-1.2.jar:/home/user/.m2/repository/org/apache/ratis/ratis-server/0.5.0-d6d58d0-SNAPSHOT/ratis-server-0.5.0-d6d58d0-SNAPSHOT.jar:/home/user/.m2/repository/org/apache/ratis/ratis-thirdparty-misc/0.2.0/ratis-thirdparty-misc-0.2.0.jar:/home/user/.m2/repository/org/apache/ratis/ratis-proto/0.5.0-d6d58d0-SNAPSHOT/ratis-proto-0.5.0-d6d58d0-SNAPSHOT.jar:/home/user/.m2/repository/org/apache/ratis/ratis-common/0.5.0-d6d58d0-SNAPSHOT/ratis-common-0.5.0-d6d58d0-SNAPSHOT.jar:/home/user/.m2/repository/org/apache/ratis/ratis-client/0.5.0-d6d58d0-SNAPSHOT/ratis-client-0.5.0-d6d58d0-SNAPSHOT.jar:/home/user/.m2/repository/org/apache/ratis/ratis-metrics/0.5.0-d6d58d0-SNAPSHOT/ratis-metrics-0.5.0-d6d58d0-SNAPSHOT.jar:/home/user/.m2/repository/org/apache/ratis/ratis-netty/0.5.0-d6d58d0-SNAPSHOT/ratis-netty-0.5.0-d6d58d0-SNAPSHOT.jar:/home/user/.m2/repository/org/apache/ratis/ratis-grpc/0.5.0-d6d58d0-SNAPSHOT/ratis-grpc-0.5.0-d6d58d0-SNAPSHOT.jar:/home/user/.m2/repository/org/rocksdb/rocksdbjni/6.0.1/rocksdbjni-6.0.1.jar:/home/user/.m2/repository/org/apache/logging/log4j/log4j-api/2.11.0/log4j-api-2.11.0.jar:/home/user/.m2/repository/org/apache/logging/log4j/log4j-core/2.11.0/log4j-core-2.11.0.jar:/home/user/.m2/repository/com/lmax/disruptor/3.4.2/disruptor-3.4.2.jar:/home/user/.m2/repository/org/apache/commons/commons-pool2/2.6.0/commons-pool2-2.6.0.jar:/home/user/.m2/repository/org/bouncycastle/bcpkix-jdk15on/1.60/bcpkix-jdk15on-1.60.jar:/home/user/.m2/repository/commons-validator/commons-validator/1.6/commons-validator-1.6.jar:/home/user/.m2/repository/commons-digester/commons-digester/1.8.1/commons-digester-1.8.1.jar:/home/user/.m2/repository/io/jaegertracing/jaeger-client/0.34.0/jaeger-client-0.34.0.jar:/home/user/.m2/repository/io/jaegertracing/jaeger-thrift/0.34.0/jaeger-thrift-0.34.0.jar:/home/user/.m2/repository/org/apache/thrift/libthrift/0.12.0/libthrift-0.12.0.jar:/home/user/.m2/repository/com/squareup/okhttp3/okhttp/3.9.0/okhttp-3.9.0.jar:/home/user/.m2/repository/com/squareup/okio/okio/1.13.0/okio-1.13.0.jar:/home/user/.m2/repository/io/jaegertracing/jaeger-core/0.34.0/jaeger-core-0.34.0.jar:/home/user/.m2/repository/io/jaegertracing/jaeger-tracerresolver/0.34.0/jaeger-tracerresolver-0.34.0.jar:/home/user/.m2/repository/io/opentracing/contrib/opentracing-tracerresolver/0.1.5/opentracing-tracerresolver-0.1.5.jar:/home/user/.m2/repository/io/opentracing/opentracing-util/0.31.0/opentracing-util-0.31.0.jar:/home/user/.m2/repository/io/opentracing/opentracing-api/0.31.0/opentracing-api-0.31.0.jar:/home/user/.m2/repository/io/opentracing/opentracing-noop/0.31.0/opentracing-noop-0.31.0.jar:/home/user/.m2/repository/org/apache/hadoop/hadoop-hdds-server-framework/0.5.0-SNAPSHOT/hadoop-hdds-server-framework-0.5.0-SNAPSHOT.jar:/home/user/.m2/repository/org/apache/hadoop/hadoop-hdds-container-service/0.5.0-SNAPSHOT/hadoop-hdds-container-service-0.5.0-SNAPSHOT.jar:/home/user/.m2/repository/org/apache/hadoop/hadoop-hdds-client/0.5.0-SNAPSHOT/hadoop-hdds-client-0.5.0-SNAPSHOT.jar:/home/user/.m2/repository/org/apache/hadoop/hadoop-hdds-tools/0.5.0-SNAPSHOT/hadoop-hdds-tools-0.5.0-SNAPSHOT.jar:/home/user/.m2/repository/org/apache/hadoop/hadoop-hdds-server-scm/0.5.0-SNAPSHOT/hadoop-hdds-server-scm-0.5.0-SNAPSHOT.jar:/home/user/.m2/repository/org/apache/hadoop/hadoop-hdds-docs/0.5.0-SNAPSHOT/hadoop-hdds-docs-0.5.0-SNAPSHOT.jar:/home/user/.m2/repository/io/dropwizard/metrics/metrics-core/3.2.4/metrics-core-3.2.4.jar:/home/user/.m2/repository/org/hamcrest/hamcrest-all/1.3/hamcrest-all-1.3.jar:/home/user/.m2/repository/org/bouncycastle/bcprov-jdk15on/1.60/bcprov-jdk15on-1.60.jar:/home/user/.m2/repository/info/picocli/picocli/3.9.6/picocli-3.9.6.jar:/home/user/.m2/repository/com/google/protobuf/protobuf-java/2.5.0/protobuf-java-2.5.0.jar:/home/user/.m2/repository/com/google/guava/guava/11.0.2/guava-11.0.2.jar:/home/user/.m2/repository/org/apache/hadoop/hadoop-ozone-ozone-manager/0.5.0-SNAPSHOT/hadoop-ozone-ozone-manager-0.5.0-SNAPSHOT.jar:/home/user/.m2/repository/org/apache/hadoop/hadoop-minikdc/3.2.0/hadoop-minikdc-3.2.0.jar:/home/user/.m2/repository/commons-io/commons-io/2.5/commons-io-2.5.jar:/home/user/.m2/repository/org/apache/kerby/kerb-simplekdc/1.0.1/kerb-simplekdc-1.0.1.jar:/home/user/.m2/repository/org/apache/kerby/kerb-client/1.0.1/kerb-client-1.0.1.jar:/home/user/.m2/repository/org/apache/kerby/kerby-config/1.0.1/kerby-config-1.0.1.jar:/home/user/.m2/repository/org/apache/kerby/kerb-core/1.0.1/kerb-core-1.0.1.jar:/home/user/.m2/repository/org/apache/kerby/kerby-pkix/1.0.1/kerby-pkix-1.0.1.jar:/home/user/.m2/repository/org/apache/kerby/kerby-asn1/1.0.1/kerby-asn1-1.0.1.jar:/home/user/.m2/repository/org/apache/kerby/kerby-util/1.0.1/kerby-util-1.0.1.jar:/home/user/.m2/repository/org/apache/kerby/kerb-common/1.0.1/kerb-common-1.0.1.jar:/home/user/.m2/repository/org/apache/kerby/kerb-crypto/1.0.1/kerb-crypto-1.0.1.jar:/home/user/.m2/repository/org/apache/kerby/kerb-util/1.0.1/kerb-util-1.0.1.jar:/home/user/.m2/repository/org/apache/kerby/token-provider/1.0.1/token-provider-1.0.1.jar:/home/user/.m2/repository/org/apache/kerby/kerb-admin/1.0.1/kerb-admin-1.0.1.jar:/home/user/.m2/repository/org/apache/kerby/kerb-server/1.0.1/kerb-server-1.0.1.jar:/home/user/.m2/repository/org/apache/kerby/kerb-identity/1.0.1/kerb-identity-1.0.1.jar:/home/user/.m2/repository/org/apache/kerby/kerby-xdr/1.0.1/kerby-xdr-1.0.1.jar:/home/user/.m2/repository/org/slf4j/slf4j-log4j12/1.7.25/slf4j-log4j12-1.7.25.jar:/home/user/.m2/repository/org/apache/hadoop/hadoop-ozone-s3gateway/0.5.0-SNAPSHOT/hadoop-ozone-s3gateway-0.5.0-SNAPSHOT.jar:/home/user/.m2/repository/org/jboss/weld/servlet/weld-servlet/2.4.7.Final/weld-servlet-2.4.7.Final.jar:/home/user/.m2/repository/org/glassfish/jersey/containers/jersey-container-servlet-core/2.27/jersey-container-servlet-core-2.27.jar:/home/user/.m2/repository/org/glassfish/hk2/external/javax.inject/2.5.0-b42/javax.inject-2.5.0-b42.jar:/home/user/.m2/repository/org/glassfish/jersey/core/jersey-common/2.27/jersey-common-2.27.jar:/home/user/.m2/repository/org/glassfish/hk2/osgi-resource-locator/1.0.1/osgi-resource-locator-1.0.1.jar:/home/user/.m2/repository/javax/ws/rs/javax.ws.rs-api/2.1/javax.ws.rs-api-2.1.jar:/home/user/.m2/repository/org/glassfish/jersey/ext/cdi/jersey-cdi1x/2.27/jersey-cdi1x-2.27.jar:/home/user/.m2/repository/org/glassfish/jersey/inject/jersey-hk2/2.27/jersey-hk2-2.27.jar:/home/user/.m2/repository/org/glassfish/hk2/hk2-locator/2.5.0-b42/hk2-locator-2.5.0-b42.jar:/home/user/.m2/repository/org/javassist/javassist/3.22.0-CR2/javassist-3.22.0-CR2.jar:/home/user/.m2/repository/org/glassfish/hk2/hk2-api/2.5.0/hk2-api-2.5.0.jar:/home/user/.m2/repository/org/glassfish/hk2/external/jakarta.inject/2.5.0/jakarta.inject-2.5.0.jar:/home/user/.m2/repository/org/glassfish/hk2/hk2-utils/2.5.0/hk2-utils-2.5.0.jar:/home/user/.m2/repository/jakarta/annotation/jakarta.annotation-api/1.3.4/jakarta.annotation-api-1.3.4.jar:/home/user/.m2/repository/org/glassfish/hk2/external/aopalliance-repackaged/2.5.0/aopalliance-repackaged-2.5.0.jar:/home/user/.m2/repository/com/fasterxml/jackson/dataformat/jackson-dataformat-xml/2.9.0/jackson-dataformat-xml-2.9.0.jar:/home/user/.m2/repository/com/fasterxml/jackson/core/jackson-core/2.9.9/jackson-core-2.9.9.jar:/home/user/.m2/repository/com/fasterxml/jackson/module/jackson-module-jaxb-annotations/2.9.9/jackson-module-jaxb-annotations-2.9.9.jar:/home/user/.m2/repository/javax/enterprise/cdi-api/1.2/cdi-api-1.2.jar:/home/user/.m2/repository/javax/el/javax.el-api/3.0.0/javax.el-api-3.0.0.jar:/home/user/.m2/repository/javax/interceptor/javax.interceptor-api/1.2/javax.interceptor-api-1.2.jar:/home/user/.m2/repository/javax/inject/javax.inject/1/javax.inject-1.jar:/home/user/.m2/repository/com/sun/xml/bind/jaxb-impl/2.3.0.1/jaxb-impl-2.3.0.1.jar:/home/user/.m2/repository/com/sun/xml/bind/jaxb-core/2.3.0.1/jaxb-core-2.3.0.1.jar:/home/user/.m2/repository/javax/xml/bind/jaxb-api/2.3.0/jaxb-api-2.3.0.jar:/home/user/.m2/repository/javax/activation/activation/1.1.1/activation-1.1.1.jar:/home/user/.m2/repository/org/apache/hadoop/hadoop-ozone-csi/0.5.0-SNAPSHOT/hadoop-ozone-csi-0.5.0-SNAPSHOT.jar:/home/user/.m2/repository/com/google/protobuf/protobuf-java-util/3.5.1/protobuf-java-util-3.5.1.jar:/home/user/.m2/repository/org/apache/hadoop/hadoop-hdds-config/0.5.0-SNAPSHOT/hadoop-hdds-config-0.5.0-SNAPSHOT.jar:/home/user/.m2/repository/io/grpc/grpc-netty/1.17.1/grpc-netty-1.17.1.jar:/home/user/.m2/repository/io/grpc/grpc-core/1.17.1/grpc-core-1.17.1.jar:/home/user/.m2/repository/io/grpc/grpc-context/1.17.1/grpc-context-1.17.1.jar:/home/user/.m2/repository/com/google/errorprone/error_prone_annotations/2.2.0/error_prone_annotations-2.2.0.jar:/home/user/.m2/repository/org/codehaus/mojo/animal-sniffer-annotations/1.17/animal-sniffer-annotations-1.17.jar:/home/user/.m2/repository/io/opencensus/opencensus-api/0.17.0/opencensus-api-0.17.0.jar:/home/user/.m2/repository/io/opencensus/opencensus-contrib-grpc-metrics/0.17.0/opencensus-contrib-grpc-metrics-0.17.0.jar:/home/user/.m2/repository/io/netty/netty-codec-http2/4.1.30.Final/netty-codec-http2-4.1.30.Final.jar:/home/user/.m2/repository/io/netty/netty-codec-http/4.1.30.Final/netty-codec-http-4.1.30.Final.jar:/home/user/.m2/repository/io/netty/netty-codec/4.1.30.Final/netty-codec-4.1.30.Final.jar:/home/user/.m2/repository/io/netty/netty-handler/4.1.30.Final/netty-handler-4.1.30.Final.jar:/home/user/.m2/repository/io/netty/netty-handler-proxy/4.1.30.Final/netty-handler-proxy-4.1.30.Final.jar:/home/user/.m2/repository/io/netty/netty-codec-socks/4.1.30.Final/netty-codec-socks-4.1.30.Final.jar:/home/user/.m2/repository/io/netty/netty-transport-native-epoll/4.1.30.Final/netty-transport-native-epoll-4.1.30.Final.jar:/home/user/.m2/repository/io/netty/netty-common/4.1.30.Final/netty-common-4.1.30.Final.jar:/home/user/.m2/repository/io/netty/netty-buffer/4.1.30.Final/netty-buffer-4.1.30.Final.jar:/home/user/.m2/repository/io/netty/netty-transport/4.1.30.Final/netty-transport-4.1.30.Final.jar:/home/user/.m2/repository/io/netty/netty-resolver/4.1.30.Final/netty-resolver-4.1.30.Final.jar:/home/user/.m2/repository/io/netty/netty-transport-native-unix-common/4.1.30.Final/netty-transport-native-unix-common-4.1.30.Final.jar:/home/user/.m2/repository/io/grpc/grpc-protobuf/1.17.1/grpc-protobuf-1.17.1.jar:/home/user/.m2/repository/com/google/api/grpc/proto-google-common-protos/1.0.0/proto-google-common-protos-1.0.0.jar:/home/user/.m2/repository/io/grpc/grpc-protobuf-lite/1.17.1/grpc-protobuf-lite-1.17.1.jar:/home/user/.m2/repository/io/grpc/grpc-stub/1.17.1/grpc-stub-1.17.1.jar:/home/user/.m2/repository/org/apache/hadoop/hadoop-ozone-recon/0.5.0-SNAPSHOT/hadoop-ozone-recon-0.5.0-SNAPSHOT.jar:/home/user/.m2/repository/org/apache/hadoop/hadoop-ozone-reconcodegen/0.5.0-SNAPSHOT/hadoop-ozone-reconcodegen-0.5.0-SNAPSHOT.jar:/home/user/.m2/repository/com/google/inject/extensions/guice-multibindings/4.0/guice-multibindings-4.0.jar:/home/user/.m2/repository/com/google/inject/guice/4.0/guice-4.0.jar:/home/user/.m2/repository/aopalliance/aopalliance/1.0/aopalliance-1.0.jar:/home/user/.m2/repository/com/google/inject/extensions/guice-servlet/4.0/guice-servlet-4.0.jar:/home/user/.m2/repository/org/glassfish/jersey/containers/jersey-container-servlet/2.27/jersey-container-servlet-2.27.jar:/home/user/.m2/repository/org/glassfish/hk2/guice-bridge/2.5.0/guice-bridge-2.5.0.jar:/home/user/.m2/repository/org/glassfish/jersey/core/jersey-server/2.27/jersey-server-2.27.jar:/home/user/.m2/repository/org/glassfish/jersey/core/jersey-client/2.27/jersey-client-2.27.jar:/home/user/.m2/repository/org/glassfish/jersey/media/jersey-media-jaxb/2.27/jersey-media-jaxb-2.27.jar:/home/user/.m2/repository/javax/validation/validation-api/1.1.0.Final/validation-api-1.1.0.Final.jar:/home/user/.m2/repository/org/glassfish/jersey/media/jersey-media-json-jackson/2.27/jersey-media-json-jackson-2.27.jar:/home/user/.m2/repository/org/glassfish/jersey/ext/jersey-entity-filtering/2.27/jersey-entity-filtering-2.27.jar:/home/user/.m2/repository/com/google/inject/extensions/guice-assistedinject/4.0/guice-assistedinject-4.0.jar:/home/user/.m2/repository/org/jooq/jooq/3.11.10/jooq-3.11.10.jar:/home/user/.m2/repository/org/jooq/jooq-meta/3.11.10/jooq-meta-3.11.10.jar:/home/user/.m2/repository/org/jooq/jooq-codegen/3.11.10/jooq-codegen-3.11.10.jar:/home/user/.m2/repository/com/jolbox/bonecp/0.8.0.RELEASE/bonecp-0.8.0.RELEASE.jar:/home/user/.m2/repository/org/xerial/sqlite-jdbc/3.25.2/sqlite-jdbc-3.25.2.jar:/home/user/.m2/repository/org/springframework/spring-jdbc/5.1.3.RELEASE/spring-jdbc-5.1.3.RELEASE.jar:/home/user/.m2/repository/org/springframework/spring-beans/5.1.3.RELEASE/spring-beans-5.1.3.RELEASE.jar:/home/user/.m2/repository/org/springframework/spring-core/5.1.3.RELEASE/spring-core-5.1.3.RELEASE.jar:/home/user/.m2/repository/org/springframework/spring-jcl/5.1.3.RELEASE/spring-jcl-5.1.3.RELEASE.jar:/home/user/.m2/repository/org/springframework/spring-tx/5.1.3.RELEASE/spring-tx-5.1.3.RELEASE.jar:/home/user/.m2/repository/org/apache/hadoop/hadoop-ozone-client/0.5.0-SNAPSHOT/hadoop-ozone-client-0.5.0-SNAPSHOT.jar:/home/user/.m2/repository/commons-lang/commons-lang/2.6/commons-lang-2.6.jar:/home/user/.m2/repository/org/apache/hadoop/hadoop-ozone-ozone-manager/0.5.0-SNAPSHOT/hadoop-ozone-ozone-manager-0.5.0-SNAPSHOT-tests.jar:/home/user/.m2/repository/junit/junit/4.11/junit-4.11.jar:/home/user/.m2/repository/org/hamcrest/hamcrest-core/1.3/hamcrest-core-1.3.jar:/home/user/.m2/repository/org/openjdk/jmh/jmh-core/1.19/jmh-core-1.19.jar:/home/user/.m2/repository/net/sf/jopt-simple/jopt-simple/4.6/jopt-simple-4.6.jar:/home/user/.m2/repository/org/apache/commons/commons-math3/3.1.1/commons-math3-3.1.1.jar:/home/user/.m2/repository/org/openjdk/jmh/jmh-generator-annprocess/1.19/jmh-generator-annprocess-1.19.jar:/home/user/.m2/repository/org/mockito/mockito-all/1.8.5/mockito-all-1.8.5.jar:/home/user/.m2/repository/org/apache/hadoop/hadoop-kms/3.2.0/hadoop-kms-3.2.0.jar:/home/user/.m2/repository/org/apache/hadoop/hadoop-auth/3.2.0/hadoop-auth-3.2.0.jar:/home/user/.m2/repository/com/nimbusds/nimbus-jose-jwt/4.41.1/nimbus-jose-jwt-4.41.1.jar:/home/user/.m2/repository/com/github/stephenc/jcip/jcip-annotations/1.0-1/jcip-annotations-1.0-1.jar:/home/user/.m2/repository/net/minidev/json-smart/2.3/json-smart-2.3.jar:/home/user/.m2/repository/net/minidev/accessors-smart/1.2/accessors-smart-1.2.jar:/home/user/.m2/repository/org/ow2/asm/asm/5.0.4/asm-5.0.4.jar:/home/user/.m2/repository/org/apache/curator/curator-framework/2.12.0/curator-framework-2.12.0.jar:/home/user/.m2/repository/com/sun/jersey/jersey-core/1.19/jersey-core-1.19.jar:/home/user/.m2/repository/javax/ws/rs/jsr311-api/1.1.1/jsr311-api-1.1.1.jar:/home/user/.m2/repository/com/sun/jersey/jersey-server/1.19/jersey-server-1.19.jar:/home/user/.m2/repository/javax/servlet/javax.servlet-api/3.1.0/javax.servlet-api-3.1.0.jar:/home/user/.m2/repository/org/eclipse/jetty/jetty-server/9.3.25.v20180904/jetty-server-9.3.25.v20180904.jar:/home/user/.m2/repository/org/eclipse/jetty/jetty-http/9.3.25.v20180904/jetty-http-9.3.25.v20180904.jar:/home/user/.m2/repository/org/eclipse/jetty/jetty-io/9.3.25.v20180904/jetty-io-9.3.25.v20180904.jar:/home/user/.m2/repository/org/eclipse/jetty/jetty-webapp/9.3.25.v20180904/jetty-webapp-9.3.25.v20180904.jar:/home/user/.m2/repository/org/eclipse/jetty/jetty-xml/9.3.25.v20180904/jetty-xml-9.3.25.v20180904.jar:/home/user/.m2/repository/log4j/log4j/1.2.17/log4j-1.2.17.jar:/home/user/.m2/repository/org/slf4j/slf4j-api/1.7.25/slf4j-api-1.7.25.jar:/home/user/.m2/repository/org/slf4j/jul-to-slf4j/1.7.25/jul-to-slf4j-1.7.25.jar:/home/user/.m2/repository/org/eclipse/jetty/jetty-util/9.3.25.v20180904/jetty-util-9.3.25.v20180904.jar:/home/user/.m2/repository/com/fasterxml/jackson/core/jackson-databind/2.9.9/jackson-databind-2.9.9.jar:/home/user/.m2/repository/org/apache/hadoop/hadoop-kms/3.2.0/hadoop-kms-3.2.0-tests.jar:/home/user/.m2/repository/org/apache/hadoop/hadoop-hdds-server-scm/0.5.0-SNAPSHOT/hadoop-hdds-server-scm-0.5.0-SNAPSHOT-tests.jar:/home/user/.m2/repository/org/apache/hadoop/hadoop-hdds-container-service/0.5.0-SNAPSHOT/hadoop-hdds-container-service-0.5.0-SNAPSHOT-tests.jar:/home/user/.m2/repository/org/yaml/snakeyaml/1.16/snakeyaml-1.16.jar:/home/user/.m2/repository/org/apache/hadoop/hadoop-common/3.2.0/hadoop-common-3.2.0-tests.jar:/home/user/.m2/repository/org/apache/hadoop/hadoop-annotations/3.2.0/hadoop-annotations-3.2.0.jar:/usr/lib/jvm/java-1.8.0-openjdk-1.8.0.222.b10-1.el7_7.x86_64/jre/../lib/tools.jar:/home/user/.m2/repository/commons-cli/commons-cli/1.2/commons-cli-1.2.jar:/home/user/.m2/repository/org/apache/httpcomponents/httpclient/4.5.2/httpclient-4.5.2.jar:/home/user/.m2/repository/org/apache/httpcomponents/httpcore/4.4.4/httpcore-4.4.4.jar:/home/user/.m2/repository/commons-codec/commons-codec/1.11/commons-codec-1.11.jar:/home/user/.m2/repository/commons-net/commons-net/3.6/commons-net-3.6.jar:/home/user/.m2/repository/commons-collections/commons-collections/3.2.2/commons-collections-3.2.2.jar:/home/user/.m2/repository/org/eclipse/jetty/jetty-servlet/9.3.25.v20180904/jetty-servlet-9.3.25.v20180904.jar:/home/user/.m2/repository/org/eclipse/jetty/jetty-security/9.3.25.v20180904/jetty-security-9.3.25.v20180904.jar:/home/user/.m2/repository/javax/servlet/jsp/jsp-api/2.1/jsp-api-2.1.jar:/home/user/.m2/repository/com/sun/jersey/jersey-servlet/1.19/jersey-servlet-1.19.jar:/home/user/.m2/repository/com/sun/jersey/jersey-json/1.19/jersey-json-1.19.jar:/home/user/.m2/repository/org/codehaus/jettison/jettison/1.1/jettison-1.1.jar:/home/user/.m2/repository/org/codehaus/jackson/jackson-core-asl/1.9.13/jackson-core-asl-1.9.13.jar:/home/user/.m2/repository/org/codehaus/jackson/jackson-mapper-asl/1.9.13/jackson-mapper-asl-1.9.13.jar:/home/user/.m2/repository/org/codehaus/jackson/jackson-jaxrs/1.9.13/jackson-jaxrs-1.9.13.jar:/home/user/.m2/repository/org/codehaus/jackson/jackson-xc/1.9.13/jackson-xc-1.9.13.jar:/home/user/.m2/repository/commons-logging/commons-logging/1.1.3/commons-logging-1.1.3.jar:/home/user/.m2/repository/commons-beanutils/commons-beanutils/1.9.4/commons-beanutils-1.9.4.jar:/home/user/.m2/repository/org/apache/commons/commons-configuration2/2.1.1/commons-configuration2-2.1.1.jar:/home/user/.m2/repository/org/apache/commons/commons-lang3/3.7/commons-lang3-3.7.jar:/home/user/.m2/repository/org/apache/commons/commons-text/1.4/commons-text-1.4.jar:/home/user/.m2/repository/org/apache/avro/avro/1.7.7/avro-1.7.7.jar:/home/user/.m2/repository/com/thoughtworks/paranamer/paranamer/2.3/paranamer-2.3.jar:/home/user/.m2/repository/org/xerial/snappy/snappy-java/1.0.5/snappy-java-1.0.5.jar:/home/user/.m2/repository/com/google/re2j/re2j/1.1/re2j-1.1.jar:/home/user/.m2/repository/com/google/code/gson/gson/2.2.4/gson-2.2.4.jar:/home/user/.m2/repository/com/jcraft/jsch/0.1.54/jsch-0.1.54.jar:/home/user/.m2/repository/org/apache/curator/curator-client/2.12.0/curator-client-2.12.0.jar:/home/user/.m2/repository/org/apache/curator/curator-recipes/2.12.0/curator-recipes-2.12.0.jar:/home/user/.m2/repository/com/google/code/findbugs/jsr305/3.0.0/jsr305-3.0.0.jar:/home/user/.m2/repository/org/apache/htrace/htrace-core4/4.1.0-incubating/htrace-core4-4.1.0-incubating.jar:/home/user/.m2/repository/org/apache/zookeeper/zookeeper/3.4.13/zookeeper-3.4.13.jar:/home/user/.m2/repository/jline/jline/0.9.94/jline-0.9.94.jar:/home/user/.m2/repository/org/apache/yetus/audience-annotations/0.5.0/audience-annotations-0.5.0.jar:/home/user/.m2/repository/org/codehaus/woodstox/stax2-api/3.1.4/stax2-api-3.1.4.jar:/home/user/.m2/repository/com/fasterxml/woodstox/woodstox-core/5.0.3/woodstox-core-5.0.3.jar:/home/user/.m2/repository/dnsjava/dnsjava/2.1.7/dnsjava-2.1.7.jar:/home/user/.m2/repository/org/apache/hadoop/hadoop-hdfs/3.2.0/hadoop-hdfs-3.2.0-tests.jar:/home/user/.m2/repository/org/eclipse/jetty/jetty-util-ajax/9.3.25.v20180904/jetty-util-ajax-9.3.25.v20180904.jar:/home/user/.m2/repository/commons-daemon/commons-daemon/1.0.13/commons-daemon-1.0.13.jar:/home/user/.m2/repository/io/netty/netty/3.10.5.Final/netty-3.10.5.Final.jar:/home/user/.m2/repository/io/netty/netty-all/4.0.52.Final/netty-all-4.0.52.Final.jar:/home/user/.m2/repository/org/fusesource/leveldbjni/leveldbjni-all/1.8/leveldbjni-all-1.8.jar:"/>
    <property name="java.vm.vendor" value="Oracle Corporation"/>
    <property name="sun.arch.data.model" value="64"/>
    <property name="test.build.dir" value="/workdir/hadoop-ozone/integration-test/target/test-dir"/>
    <property name="test.cache.data" value=""/>
    <property name="java.vendor.url" value="http://java.oracle.com/"/>
    <property name="user.timezone" value=""/>
    <property name="java.vm.specification.version" value="1.8"/>
    <property name="os.name" value="Linux"/>
    <property name="test.build.data" value="/workdir/hadoop-ozone/integration-test/target/test-dir"/>
    <property name="user.country" value="US"/>
    <property name="sun.java.launcher" value="SUN_STANDARD"/>
    <property name="sun.boot.library.path" value="/usr/lib/jvm/java-1.8.0-openjdk-1.8.0.222.b10-1.el7_7.x86_64/jre/lib/amd64"/>
    <property name="sun.java.command" value="/workdir/hadoop-ozone/integration-test/target/surefire/surefirebooter3454880975197471052.jar /workdir/hadoop-ozone/integration-test/target/surefire 2019-11-14T14-06-30_505-jvmRun1 surefire4327299586706098667tmp surefire_357453425999054810784tmp"/>
    <property name="surefire.test.class.path" value="/workdir/hadoop-ozone/integration-test/target/test-classes:/workdir/hadoop-ozone/integration-test/target/classes:/home/user/.m2/repository/org/apache/hadoop/hadoop-ozone-common/0.5.0-SNAPSHOT/hadoop-ozone-common-0.5.0-SNAPSHOT.jar:/home/user/.m2/repository/org/apache/commons/commons-compress/1.4.1/commons-compress-1.4.1.jar:/home/user/.m2/repository/org/tukaani/xz/1.0/xz-1.0.jar:/home/user/.m2/repository/org/apache/hadoop/hadoop-common/3.2.0/hadoop-common-3.2.0.jar:/home/user/.m2/repository/org/apache/hadoop/hadoop-hdfs/3.2.0/hadoop-hdfs-3.2.0.jar:/home/user/.m2/repository/org/apache/hadoop/hadoop-hdfs-client/3.2.0/hadoop-hdfs-client-3.2.0.jar:/home/user/.m2/repository/com/fasterxml/jackson/core/jackson-annotations/2.9.9/jackson-annotations-2.9.9.jar:/home/user/.m2/repository/org/apache/hadoop/hadoop-hdds-common/0.5.0-SNAPSHOT/hadoop-hdds-common-0.5.0-SNAPSHOT.jar:/home/user/.m2/repository/javax/annotation/javax.annotation-api/1.2/javax.annotation-api-1.2.jar:/home/user/.m2/repository/org/apache/ratis/ratis-server/0.5.0-d6d58d0-SNAPSHOT/ratis-server-0.5.0-d6d58d0-SNAPSHOT.jar:/home/user/.m2/repository/org/apache/ratis/ratis-thirdparty-misc/0.2.0/ratis-thirdparty-misc-0.2.0.jar:/home/user/.m2/repository/org/apache/ratis/ratis-proto/0.5.0-d6d58d0-SNAPSHOT/ratis-proto-0.5.0-d6d58d0-SNAPSHOT.jar:/home/user/.m2/repository/org/apache/ratis/ratis-common/0.5.0-d6d58d0-SNAPSHOT/ratis-common-0.5.0-d6d58d0-SNAPSHOT.jar:/home/user/.m2/repository/org/apache/ratis/ratis-client/0.5.0-d6d58d0-SNAPSHOT/ratis-client-0.5.0-d6d58d0-SNAPSHOT.jar:/home/user/.m2/repository/org/apache/ratis/ratis-metrics/0.5.0-d6d58d0-SNAPSHOT/ratis-metrics-0.5.0-d6d58d0-SNAPSHOT.jar:/home/user/.m2/repository/org/apache/ratis/ratis-netty/0.5.0-d6d58d0-SNAPSHOT/ratis-netty-0.5.0-d6d58d0-SNAPSHOT.jar:/home/user/.m2/repository/org/apache/ratis/ratis-grpc/0.5.0-d6d58d0-SNAPSHOT/ratis-grpc-0.5.0-d6d58d0-SNAPSHOT.jar:/home/user/.m2/repository/org/rocksdb/rocksdbjni/6.0.1/rocksdbjni-6.0.1.jar:/home/user/.m2/repository/org/apache/logging/log4j/log4j-api/2.11.0/log4j-api-2.11.0.jar:/home/user/.m2/repository/org/apache/logging/log4j/log4j-core/2.11.0/log4j-core-2.11.0.jar:/home/user/.m2/repository/com/lmax/disruptor/3.4.2/disruptor-3.4.2.jar:/home/user/.m2/repository/org/apache/commons/commons-pool2/2.6.0/commons-pool2-2.6.0.jar:/home/user/.m2/repository/org/bouncycastle/bcpkix-jdk15on/1.60/bcpkix-jdk15on-1.60.jar:/home/user/.m2/repository/commons-validator/commons-validator/1.6/commons-validator-1.6.jar:/home/user/.m2/repository/commons-digester/commons-digester/1.8.1/commons-digester-1.8.1.jar:/home/user/.m2/repository/io/jaegertracing/jaeger-client/0.34.0/jaeger-client-0.34.0.jar:/home/user/.m2/repository/io/jaegertracing/jaeger-thrift/0.34.0/jaeger-thrift-0.34.0.jar:/home/user/.m2/repository/org/apache/thrift/libthrift/0.12.0/libthrift-0.12.0.jar:/home/user/.m2/repository/com/squareup/okhttp3/okhttp/3.9.0/okhttp-3.9.0.jar:/home/user/.m2/repository/com/squareup/okio/okio/1.13.0/okio-1.13.0.jar:/home/user/.m2/repository/io/jaegertracing/jaeger-core/0.34.0/jaeger-core-0.34.0.jar:/home/user/.m2/repository/io/jaegertracing/jaeger-tracerresolver/0.34.0/jaeger-tracerresolver-0.34.0.jar:/home/user/.m2/repository/io/opentracing/contrib/opentracing-tracerresolver/0.1.5/opentracing-tracerresolver-0.1.5.jar:/home/user/.m2/repository/io/opentracing/opentracing-util/0.31.0/opentracing-util-0.31.0.jar:/home/user/.m2/repository/io/opentracing/opentracing-api/0.31.0/opentracing-api-0.31.0.jar:/home/user/.m2/repository/io/opentracing/opentracing-noop/0.31.0/opentracing-noop-0.31.0.jar:/home/user/.m2/repository/org/apache/hadoop/hadoop-hdds-server-framework/0.5.0-SNAPSHOT/hadoop-hdds-server-framework-0.5.0-SNAPSHOT.jar:/home/user/.m2/repository/org/apache/hadoop/hadoop-hdds-container-service/0.5.0-SNAPSHOT/hadoop-hdds-container-service-0.5.0-SNAPSHOT.jar:/home/user/.m2/repository/org/apache/hadoop/hadoop-hdds-client/0.5.0-SNAPSHOT/hadoop-hdds-client-0.5.0-SNAPSHOT.jar:/home/user/.m2/repository/org/apache/hadoop/hadoop-hdds-tools/0.5.0-SNAPSHOT/hadoop-hdds-tools-0.5.0-SNAPSHOT.jar:/home/user/.m2/repository/org/apache/hadoop/hadoop-hdds-server-scm/0.5.0-SNAPSHOT/hadoop-hdds-server-scm-0.5.0-SNAPSHOT.jar:/home/user/.m2/repository/org/apache/hadoop/hadoop-hdds-docs/0.5.0-SNAPSHOT/hadoop-hdds-docs-0.5.0-SNAPSHOT.jar:/home/user/.m2/repository/io/dropwizard/metrics/metrics-core/3.2.4/metrics-core-3.2.4.jar:/home/user/.m2/repository/org/hamcrest/hamcrest-all/1.3/hamcrest-all-1.3.jar:/home/user/.m2/repository/org/bouncycastle/bcprov-jdk15on/1.60/bcprov-jdk15on-1.60.jar:/home/user/.m2/repository/info/picocli/picocli/3.9.6/picocli-3.9.6.jar:/home/user/.m2/repository/com/google/protobuf/protobuf-java/2.5.0/protobuf-java-2.5.0.jar:/home/user/.m2/repository/com/google/guava/guava/11.0.2/guava-11.0.2.jar:/home/user/.m2/repository/org/apache/hadoop/hadoop-ozone-ozone-manager/0.5.0-SNAPSHOT/hadoop-ozone-ozone-manager-0.5.0-SNAPSHOT.jar:/home/user/.m2/repository/org/apache/hadoop/hadoop-minikdc/3.2.0/hadoop-minikdc-3.2.0.jar:/home/user/.m2/repository/commons-io/commons-io/2.5/commons-io-2.5.jar:/home/user/.m2/repository/org/apache/kerby/kerb-simplekdc/1.0.1/kerb-simplekdc-1.0.1.jar:/home/user/.m2/repository/org/apache/kerby/kerb-client/1.0.1/kerb-client-1.0.1.jar:/home/user/.m2/repository/org/apache/kerby/kerby-config/1.0.1/kerby-config-1.0.1.jar:/home/user/.m2/repository/org/apache/kerby/kerb-core/1.0.1/kerb-core-1.0.1.jar:/home/user/.m2/repository/org/apache/kerby/kerby-pkix/1.0.1/kerby-pkix-1.0.1.jar:/home/user/.m2/repository/org/apache/kerby/kerby-asn1/1.0.1/kerby-asn1-1.0.1.jar:/home/user/.m2/repository/org/apache/kerby/kerby-util/1.0.1/kerby-util-1.0.1.jar:/home/user/.m2/repository/org/apache/kerby/kerb-common/1.0.1/kerb-common-1.0.1.jar:/home/user/.m2/repository/org/apache/kerby/kerb-crypto/1.0.1/kerb-crypto-1.0.1.jar:/home/user/.m2/repository/org/apache/kerby/kerb-util/1.0.1/kerb-util-1.0.1.jar:/home/user/.m2/repository/org/apache/kerby/token-provider/1.0.1/token-provider-1.0.1.jar:/home/user/.m2/repository/org/apache/kerby/kerb-admin/1.0.1/kerb-admin-1.0.1.jar:/home/user/.m2/repository/org/apache/kerby/kerb-server/1.0.1/kerb-server-1.0.1.jar:/home/user/.m2/repository/org/apache/kerby/kerb-identity/1.0.1/kerb-identity-1.0.1.jar:/home/user/.m2/repository/org/apache/kerby/kerby-xdr/1.0.1/kerby-xdr-1.0.1.jar:/home/user/.m2/repository/org/slf4j/slf4j-log4j12/1.7.25/slf4j-log4j12-1.7.25.jar:/home/user/.m2/repository/org/apache/hadoop/hadoop-ozone-s3gateway/0.5.0-SNAPSHOT/hadoop-ozone-s3gateway-0.5.0-SNAPSHOT.jar:/home/user/.m2/repository/org/jboss/weld/servlet/weld-servlet/2.4.7.Final/weld-servlet-2.4.7.Final.jar:/home/user/.m2/repository/org/glassfish/jersey/containers/jersey-container-servlet-core/2.27/jersey-container-servlet-core-2.27.jar:/home/user/.m2/repository/org/glassfish/hk2/external/javax.inject/2.5.0-b42/javax.inject-2.5.0-b42.jar:/home/user/.m2/repository/org/glassfish/jersey/core/jersey-common/2.27/jersey-common-2.27.jar:/home/user/.m2/repository/org/glassfish/hk2/osgi-resource-locator/1.0.1/osgi-resource-locator-1.0.1.jar:/home/user/.m2/repository/javax/ws/rs/javax.ws.rs-api/2.1/javax.ws.rs-api-2.1.jar:/home/user/.m2/repository/org/glassfish/jersey/ext/cdi/jersey-cdi1x/2.27/jersey-cdi1x-2.27.jar:/home/user/.m2/repository/org/glassfish/jersey/inject/jersey-hk2/2.27/jersey-hk2-2.27.jar:/home/user/.m2/repository/org/glassfish/hk2/hk2-locator/2.5.0-b42/hk2-locator-2.5.0-b42.jar:/home/user/.m2/repository/org/javassist/javassist/3.22.0-CR2/javassist-3.22.0-CR2.jar:/home/user/.m2/repository/org/glassfish/hk2/hk2-api/2.5.0/hk2-api-2.5.0.jar:/home/user/.m2/repository/org/glassfish/hk2/external/jakarta.inject/2.5.0/jakarta.inject-2.5.0.jar:/home/user/.m2/repository/org/glassfish/hk2/hk2-utils/2.5.0/hk2-utils-2.5.0.jar:/home/user/.m2/repository/jakarta/annotation/jakarta.annotation-api/1.3.4/jakarta.annotation-api-1.3.4.jar:/home/user/.m2/repository/org/glassfish/hk2/external/aopalliance-repackaged/2.5.0/aopalliance-repackaged-2.5.0.jar:/home/user/.m2/repository/com/fasterxml/jackson/dataformat/jackson-dataformat-xml/2.9.0/jackson-dataformat-xml-2.9.0.jar:/home/user/.m2/repository/com/fasterxml/jackson/core/jackson-core/2.9.9/jackson-core-2.9.9.jar:/home/user/.m2/repository/com/fasterxml/jackson/module/jackson-module-jaxb-annotations/2.9.9/jackson-module-jaxb-annotations-2.9.9.jar:/home/user/.m2/repository/javax/enterprise/cdi-api/1.2/cdi-api-1.2.jar:/home/user/.m2/repository/javax/el/javax.el-api/3.0.0/javax.el-api-3.0.0.jar:/home/user/.m2/repository/javax/interceptor/javax.interceptor-api/1.2/javax.interceptor-api-1.2.jar:/home/user/.m2/repository/javax/inject/javax.inject/1/javax.inject-1.jar:/home/user/.m2/repository/com/sun/xml/bind/jaxb-impl/2.3.0.1/jaxb-impl-2.3.0.1.jar:/home/user/.m2/repository/com/sun/xml/bind/jaxb-core/2.3.0.1/jaxb-core-2.3.0.1.jar:/home/user/.m2/repository/javax/xml/bind/jaxb-api/2.3.0/jaxb-api-2.3.0.jar:/home/user/.m2/repository/javax/activation/activation/1.1.1/activation-1.1.1.jar:/home/user/.m2/repository/org/apache/hadoop/hadoop-ozone-csi/0.5.0-SNAPSHOT/hadoop-ozone-csi-0.5.0-SNAPSHOT.jar:/home/user/.m2/repository/com/google/protobuf/protobuf-java-util/3.5.1/protobuf-java-util-3.5.1.jar:/home/user/.m2/repository/org/apache/hadoop/hadoop-hdds-config/0.5.0-SNAPSHOT/hadoop-hdds-config-0.5.0-SNAPSHOT.jar:/home/user/.m2/repository/io/grpc/grpc-netty/1.17.1/grpc-netty-1.17.1.jar:/home/user/.m2/repository/io/grpc/grpc-core/1.17.1/grpc-core-1.17.1.jar:/home/user/.m2/repository/io/grpc/grpc-context/1.17.1/grpc-context-1.17.1.jar:/home/user/.m2/repository/com/google/errorprone/error_prone_annotations/2.2.0/error_prone_annotations-2.2.0.jar:/home/user/.m2/repository/org/codehaus/mojo/animal-sniffer-annotations/1.17/animal-sniffer-annotations-1.17.jar:/home/user/.m2/repository/io/opencensus/opencensus-api/0.17.0/opencensus-api-0.17.0.jar:/home/user/.m2/repository/io/opencensus/opencensus-contrib-grpc-metrics/0.17.0/opencensus-contrib-grpc-metrics-0.17.0.jar:/home/user/.m2/repository/io/netty/netty-codec-http2/4.1.30.Final/netty-codec-http2-4.1.30.Final.jar:/home/user/.m2/repository/io/netty/netty-codec-http/4.1.30.Final/netty-codec-http-4.1.30.Final.jar:/home/user/.m2/repository/io/netty/netty-codec/4.1.30.Final/netty-codec-4.1.30.Final.jar:/home/user/.m2/repository/io/netty/netty-handler/4.1.30.Final/netty-handler-4.1.30.Final.jar:/home/user/.m2/repository/io/netty/netty-handler-proxy/4.1.30.Final/netty-handler-proxy-4.1.30.Final.jar:/home/user/.m2/repository/io/netty/netty-codec-socks/4.1.30.Final/netty-codec-socks-4.1.30.Final.jar:/home/user/.m2/repository/io/netty/netty-transport-native-epoll/4.1.30.Final/netty-transport-native-epoll-4.1.30.Final.jar:/home/user/.m2/repository/io/netty/netty-common/4.1.30.Final/netty-common-4.1.30.Final.jar:/home/user/.m2/repository/io/netty/netty-buffer/4.1.30.Final/netty-buffer-4.1.30.Final.jar:/home/user/.m2/repository/io/netty/netty-transport/4.1.30.Final/netty-transport-4.1.30.Final.jar:/home/user/.m2/repository/io/netty/netty-resolver/4.1.30.Final/netty-resolver-4.1.30.Final.jar:/home/user/.m2/repository/io/netty/netty-transport-native-unix-common/4.1.30.Final/netty-transport-native-unix-common-4.1.30.Final.jar:/home/user/.m2/repository/io/grpc/grpc-protobuf/1.17.1/grpc-protobuf-1.17.1.jar:/home/user/.m2/repository/com/google/api/grpc/proto-google-common-protos/1.0.0/proto-google-common-protos-1.0.0.jar:/home/user/.m2/repository/io/grpc/grpc-protobuf-lite/1.17.1/grpc-protobuf-lite-1.17.1.jar:/home/user/.m2/repository/io/grpc/grpc-stub/1.17.1/grpc-stub-1.17.1.jar:/home/user/.m2/repository/org/apache/hadoop/hadoop-ozone-recon/0.5.0-SNAPSHOT/hadoop-ozone-recon-0.5.0-SNAPSHOT.jar:/home/user/.m2/repository/org/apache/hadoop/hadoop-ozone-reconcodegen/0.5.0-SNAPSHOT/hadoop-ozone-reconcodegen-0.5.0-SNAPSHOT.jar:/home/user/.m2/repository/com/google/inject/extensions/guice-multibindings/4.0/guice-multibindings-4.0.jar:/home/user/.m2/repository/com/google/inject/guice/4.0/guice-4.0.jar:/home/user/.m2/repository/aopalliance/aopalliance/1.0/aopalliance-1.0.jar:/home/user/.m2/repository/com/google/inject/extensions/guice-servlet/4.0/guice-servlet-4.0.jar:/home/user/.m2/repository/org/glassfish/jersey/containers/jersey-container-servlet/2.27/jersey-container-servlet-2.27.jar:/home/user/.m2/repository/org/glassfish/hk2/guice-bridge/2.5.0/guice-bridge-2.5.0.jar:/home/user/.m2/repository/org/glassfish/jersey/core/jersey-server/2.27/jersey-server-2.27.jar:/home/user/.m2/repository/org/glassfish/jersey/core/jersey-client/2.27/jersey-client-2.27.jar:/home/user/.m2/repository/org/glassfish/jersey/media/jersey-media-jaxb/2.27/jersey-media-jaxb-2.27.jar:/home/user/.m2/repository/javax/validation/validation-api/1.1.0.Final/validation-api-1.1.0.Final.jar:/home/user/.m2/repository/org/glassfish/jersey/media/jersey-media-json-jackson/2.27/jersey-media-json-jackson-2.27.jar:/home/user/.m2/repository/org/glassfish/jersey/ext/jersey-entity-filtering/2.27/jersey-entity-filtering-2.27.jar:/home/user/.m2/repository/com/google/inject/extensions/guice-assistedinject/4.0/guice-assistedinject-4.0.jar:/home/user/.m2/repository/org/jooq/jooq/3.11.10/jooq-3.11.10.jar:/home/user/.m2/repository/org/jooq/jooq-meta/3.11.10/jooq-meta-3.11.10.jar:/home/user/.m2/repository/org/jooq/jooq-codegen/3.11.10/jooq-codegen-3.11.10.jar:/home/user/.m2/repository/com/jolbox/bonecp/0.8.0.RELEASE/bonecp-0.8.0.RELEASE.jar:/home/user/.m2/repository/org/xerial/sqlite-jdbc/3.25.2/sqlite-jdbc-3.25.2.jar:/home/user/.m2/repository/org/springframework/spring-jdbc/5.1.3.RELEASE/spring-jdbc-5.1.3.RELEASE.jar:/home/user/.m2/repository/org/springframework/spring-beans/5.1.3.RELEASE/spring-beans-5.1.3.RELEASE.jar:/home/user/.m2/repository/org/springframework/spring-core/5.1.3.RELEASE/spring-core-5.1.3.RELEASE.jar:/home/user/.m2/repository/org/springframework/spring-jcl/5.1.3.RELEASE/spring-jcl-5.1.3.RELEASE.jar:/home/user/.m2/repository/org/springframework/spring-tx/5.1.3.RELEASE/spring-tx-5.1.3.RELEASE.jar:/home/user/.m2/repository/org/apache/hadoop/hadoop-ozone-client/0.5.0-SNAPSHOT/hadoop-ozone-client-0.5.0-SNAPSHOT.jar:/home/user/.m2/repository/commons-lang/commons-lang/2.6/commons-lang-2.6.jar:/home/user/.m2/repository/org/apache/hadoop/hadoop-ozone-ozone-manager/0.5.0-SNAPSHOT/hadoop-ozone-ozone-manager-0.5.0-SNAPSHOT-tests.jar:/home/user/.m2/repository/junit/junit/4.11/junit-4.11.jar:/home/user/.m2/repository/org/hamcrest/hamcrest-core/1.3/hamcrest-core-1.3.jar:/home/user/.m2/repository/org/openjdk/jmh/jmh-core/1.19/jmh-core-1.19.jar:/home/user/.m2/repository/net/sf/jopt-simple/jopt-simple/4.6/jopt-simple-4.6.jar:/home/user/.m2/repository/org/apache/commons/commons-math3/3.1.1/commons-math3-3.1.1.jar:/home/user/.m2/repository/org/openjdk/jmh/jmh-generator-annprocess/1.19/jmh-generator-annprocess-1.19.jar:/home/user/.m2/repository/org/mockito/mockito-all/1.8.5/mockito-all-1.8.5.jar:/home/user/.m2/repository/org/apache/hadoop/hadoop-kms/3.2.0/hadoop-kms-3.2.0.jar:/home/user/.m2/repository/org/apache/hadoop/hadoop-auth/3.2.0/hadoop-auth-3.2.0.jar:/home/user/.m2/repository/com/nimbusds/nimbus-jose-jwt/4.41.1/nimbus-jose-jwt-4.41.1.jar:/home/user/.m2/repository/com/github/stephenc/jcip/jcip-annotations/1.0-1/jcip-annotations-1.0-1.jar:/home/user/.m2/repository/net/minidev/json-smart/2.3/json-smart-2.3.jar:/home/user/.m2/repository/net/minidev/accessors-smart/1.2/accessors-smart-1.2.jar:/home/user/.m2/repository/org/ow2/asm/asm/5.0.4/asm-5.0.4.jar:/home/user/.m2/repository/org/apache/curator/curator-framework/2.12.0/curator-framework-2.12.0.jar:/home/user/.m2/repository/com/sun/jersey/jersey-core/1.19/jersey-core-1.19.jar:/home/user/.m2/repository/javax/ws/rs/jsr311-api/1.1.1/jsr311-api-1.1.1.jar:/home/user/.m2/repository/com/sun/jersey/jersey-server/1.19/jersey-server-1.19.jar:/home/user/.m2/repository/javax/servlet/javax.servlet-api/3.1.0/javax.servlet-api-3.1.0.jar:/home/user/.m2/repository/org/eclipse/jetty/jetty-server/9.3.25.v20180904/jetty-server-9.3.25.v20180904.jar:/home/user/.m2/repository/org/eclipse/jetty/jetty-http/9.3.25.v20180904/jetty-http-9.3.25.v20180904.jar:/home/user/.m2/repository/org/eclipse/jetty/jetty-io/9.3.25.v20180904/jetty-io-9.3.25.v20180904.jar:/home/user/.m2/repository/org/eclipse/jetty/jetty-webapp/9.3.25.v20180904/jetty-webapp-9.3.25.v20180904.jar:/home/user/.m2/repository/org/eclipse/jetty/jetty-xml/9.3.25.v20180904/jetty-xml-9.3.25.v20180904.jar:/home/user/.m2/repository/log4j/log4j/1.2.17/log4j-1.2.17.jar:/home/user/.m2/repository/org/slf4j/slf4j-api/1.7.25/slf4j-api-1.7.25.jar:/home/user/.m2/repository/org/slf4j/jul-to-slf4j/1.7.25/jul-to-slf4j-1.7.25.jar:/home/user/.m2/repository/org/eclipse/jetty/jetty-util/9.3.25.v20180904/jetty-util-9.3.25.v20180904.jar:/home/user/.m2/repository/com/fasterxml/jackson/core/jackson-databind/2.9.9/jackson-databind-2.9.9.jar:/home/user/.m2/repository/org/apache/hadoop/hadoop-kms/3.2.0/hadoop-kms-3.2.0-tests.jar:/home/user/.m2/repository/org/apache/hadoop/hadoop-hdds-server-scm/0.5.0-SNAPSHOT/hadoop-hdds-server-scm-0.5.0-SNAPSHOT-tests.jar:/home/user/.m2/repository/org/apache/hadoop/hadoop-hdds-container-service/0.5.0-SNAPSHOT/hadoop-hdds-container-service-0.5.0-SNAPSHOT-tests.jar:/home/user/.m2/repository/org/yaml/snakeyaml/1.16/snakeyaml-1.16.jar:/home/user/.m2/repository/org/apache/hadoop/hadoop-common/3.2.0/hadoop-common-3.2.0-tests.jar:/home/user/.m2/repository/org/apache/hadoop/hadoop-annotations/3.2.0/hadoop-annotations-3.2.0.jar:/usr/lib/jvm/java-1.8.0-openjdk-1.8.0.222.b10-1.el7_7.x86_64/jre/../lib/tools.jar:/home/user/.m2/repository/commons-cli/commons-cli/1.2/commons-cli-1.2.jar:/home/user/.m2/repository/org/apache/httpcomponents/httpclient/4.5.2/httpclient-4.5.2.jar:/home/user/.m2/repository/org/apache/httpcomponents/httpcore/4.4.4/httpcore-4.4.4.jar:/home/user/.m2/repository/commons-codec/commons-codec/1.11/commons-codec-1.11.jar:/home/user/.m2/repository/commons-net/commons-net/3.6/commons-net-3.6.jar:/home/user/.m2/repository/commons-collections/commons-collections/3.2.2/commons-collections-3.2.2.jar:/home/user/.m2/repository/org/eclipse/jetty/jetty-servlet/9.3.25.v20180904/jetty-servlet-9.3.25.v20180904.jar:/home/user/.m2/repository/org/eclipse/jetty/jetty-security/9.3.25.v20180904/jetty-security-9.3.25.v20180904.jar:/home/user/.m2/repository/javax/servlet/jsp/jsp-api/2.1/jsp-api-2.1.jar:/home/user/.m2/repository/com/sun/jersey/jersey-servlet/1.19/jersey-servlet-1.19.jar:/home/user/.m2/repository/com/sun/jersey/jersey-json/1.19/jersey-json-1.19.jar:/home/user/.m2/repository/org/codehaus/jettison/jettison/1.1/jettison-1.1.jar:/home/user/.m2/repository/org/codehaus/jackson/jackson-core-asl/1.9.13/jackson-core-asl-1.9.13.jar:/home/user/.m2/repository/org/codehaus/jackson/jackson-mapper-asl/1.9.13/jackson-mapper-asl-1.9.13.jar:/home/user/.m2/repository/org/codehaus/jackson/jackson-jaxrs/1.9.13/jackson-jaxrs-1.9.13.jar:/home/user/.m2/repository/org/codehaus/jackson/jackson-xc/1.9.13/jackson-xc-1.9.13.jar:/home/user/.m2/repository/commons-logging/commons-logging/1.1.3/commons-logging-1.1.3.jar:/home/user/.m2/repository/commons-beanutils/commons-beanutils/1.9.4/commons-beanutils-1.9.4.jar:/home/user/.m2/repository/org/apache/commons/commons-configuration2/2.1.1/commons-configuration2-2.1.1.jar:/home/user/.m2/repository/org/apache/commons/commons-lang3/3.7/commons-lang3-3.7.jar:/home/user/.m2/repository/org/apache/commons/commons-text/1.4/commons-text-1.4.jar:/home/user/.m2/repository/org/apache/avro/avro/1.7.7/avro-1.7.7.jar:/home/user/.m2/repository/com/thoughtworks/paranamer/paranamer/2.3/paranamer-2.3.jar:/home/user/.m2/repository/org/xerial/snappy/snappy-java/1.0.5/snappy-java-1.0.5.jar:/home/user/.m2/repository/com/google/re2j/re2j/1.1/re2j-1.1.jar:/home/user/.m2/repository/com/google/code/gson/gson/2.2.4/gson-2.2.4.jar:/home/user/.m2/repository/com/jcraft/jsch/0.1.54/jsch-0.1.54.jar:/home/user/.m2/repository/org/apache/curator/curator-client/2.12.0/curator-client-2.12.0.jar:/home/user/.m2/repository/org/apache/curator/curator-recipes/2.12.0/curator-recipes-2.12.0.jar:/home/user/.m2/repository/com/google/code/findbugs/jsr305/3.0.0/jsr305-3.0.0.jar:/home/user/.m2/repository/org/apache/htrace/htrace-core4/4.1.0-incubating/htrace-core4-4.1.0-incubating.jar:/home/user/.m2/repository/org/apache/zookeeper/zookeeper/3.4.13/zookeeper-3.4.13.jar:/home/user/.m2/repository/jline/jline/0.9.94/jline-0.9.94.jar:/home/user/.m2/repository/org/apache/yetus/audience-annotations/0.5.0/audience-annotations-0.5.0.jar:/home/user/.m2/repository/org/codehaus/woodstox/stax2-api/3.1.4/stax2-api-3.1.4.jar:/home/user/.m2/repository/com/fasterxml/woodstox/woodstox-core/5.0.3/woodstox-core-5.0.3.jar:/home/user/.m2/repository/dnsjava/dnsjava/2.1.7/dnsjava-2.1.7.jar:/home/user/.m2/repository/org/apache/hadoop/hadoop-hdfs/3.2.0/hadoop-hdfs-3.2.0-tests.jar:/home/user/.m2/repository/org/eclipse/jetty/jetty-util-ajax/9.3.25.v20180904/jetty-util-ajax-9.3.25.v20180904.jar:/home/user/.m2/repository/commons-daemon/commons-daemon/1.0.13/commons-daemon-1.0.13.jar:/home/user/.m2/repository/io/netty/netty/3.10.5.Final/netty-3.10.5.Final.jar:/home/user/.m2/repository/io/netty/netty-all/4.0.52.Final/netty-all-4.0.52.Final.jar:/home/user/.m2/repository/org/fusesource/leveldbjni/leveldbjni-all/1.8/leveldbjni-all-1.8.jar:"/>
    <property name="sun.cpu.endian" value="little"/>
    <property name="user.home" value="/home/user"/>
    <property name="user.language" value="en"/>
    <property name="java.specification.vendor" value="Oracle Corporation"/>
    <property name="java.home" value="/usr/lib/jvm/java-1.8.0-openjdk-1.8.0.222.b10-1.el7_7.x86_64/jre"/>
    <property name="surefire.excludesFile" value="/tools/ozone-bad-unit-tests"/>
    <property name="java.security.krb5.conf" value="/workdir/hadoop-ozone/integration-test/target/test-classes/krb5.conf"/>
    <property name="basedir" value="/workdir/hadoop-ozone/integration-test"/>
    <property name="file.separator" value="/"/>
    <property name="line.separator" value="&#10;"/>
    <property name="java.vm.specification.vendor" value="Oracle Corporation"/>
    <property name="java.specification.name" value="Java Platform API Specification"/>
    <property name="java.awt.graphicsenv" value="sun.awt.X11GraphicsEnvironment"/>
    <property name="surefire.real.class.path" value="/workdir/hadoop-ozone/integration-test/target/surefire/surefirebooter3454880975197471052.jar"/>
    <property name="hadoop.log.dir" value="/workdir/hadoop-ozone/integration-test/target/log"/>
    <property name="sun.boot.class.path" value="/usr/lib/jvm/java-1.8.0-openjdk-1.8.0.222.b10-1.el7_7.x86_64/jre/lib/resources.jar:/usr/lib/jvm/java-1.8.0-openjdk-1.8.0.222.b10-1.el7_7.x86_64/jre/lib/rt.jar:/usr/lib/jvm/java-1.8.0-openjdk-1.8.0.222.b10-1.el7_7.x86_64/jre/lib/sunrsasign.jar:/usr/lib/jvm/java-1.8.0-openjdk-1.8.0.222.b10-1.el7_7.x86_64/jre/lib/jsse.jar:/usr/lib/jvm/java-1.8.0-openjdk-1.8.0.222.b10-1.el7_7.x86_64/jre/lib/jce.jar:/usr/lib/jvm/java-1.8.0-openjdk-1.8.0.222.b10-1.el7_7.x86_64/jre/lib/charsets.jar:/usr/lib/jvm/java-1.8.0-openjdk-1.8.0.222.b10-1.el7_7.x86_64/jre/lib/jfr.jar:/usr/lib/jvm/java-1.8.0-openjdk-1.8.0.222.b10-1.el7_7.x86_64/jre/classes"/>
    <property name="sun.management.compiler" value="HotSpot 64-Bit Tiered Compilers"/>
    <property name="java.runtime.version" value="1.8.0_222-b10"/>
    <property name="java.net.preferIPv4Stack" value="true"/>
    <property name="user.name" value="jenkins1000"/>
    <property name="path.separator" value=":"/>
    <property name="java.security.egd" value="file:///dev/urandom"/>
    <property name="os.version" value="3.10.0-957.12.2.el7.x86_64"/>
    <property name="java.endorsed.dirs" value="/usr/lib/jvm/java-1.8.0-openjdk-1.8.0.222.b10-1.el7_7.x86_64/jre/lib/endorsed"/>
    <property name="java.runtime.name" value="OpenJDK Runtime Environment"/>
    <property name="file.encoding" value="ANSI_X3.4-1968"/>
    <property name="java.vm.name" value="OpenJDK 64-Bit Server VM"/>
    <property name="test.build.webapps" value=""/>
    <property name="localRepository" value="/home/user/.m2/repository"/>
    <property name="java.vendor.url.bug" value="http://bugreport.sun.com/bugreport/"/>
    <property name="java.io.tmpdir" value="/tmp"/>
    <property name="require.test.libhadoop" value=""/>
    <property name="java.version" value="1.8.0_222"/>
    <property name="user.dir" value="/workdir/hadoop-ozone/integration-test"/>
    <property name="os.arch" value="amd64"/>
    <property name="java.vm.specification.name" value="Java Virtual Machine Specification"/>
    <property name="test.build.classes" value="/workdir/hadoop-ozone/integration-test/target/test-classes"/>
    <property name="java.awt.printerjob" value="sun.print.PSPrinterJob"/>
    <property name="sun.os.patch.level" value="unknown"/>
    <property name="hadoop.tmp.dir" value="/workdir/hadoop-ozone/integration-test/target/tmp"/>
    <property name="java.library.path" value="/usr/lib:/workdir/hadoop-ozone/integration-test/target/native/target/usr/local/lib:/workdir/hadoop-ozone/integration-test/../../hadoop-common-project/hadoop-common/target/native/target/usr/local/lib:/usr/java/packages/lib/amd64:/usr/lib64:/lib64:/lib:/usr/lib"/>
    <property name="java.vm.info" value="mixed mode"/>
    <property name="java.vendor" value="Oracle Corporation"/>
    <property name="java.vm.version" value="25.222-b10"/>
    <property name="java.ext.dirs" value="/usr/lib/jvm/java-1.8.0-openjdk-1.8.0.222.b10-1.el7_7.x86_64/jre/lib/ext:/usr/java/packages/lib/ext"/>
    <property name="sun.io.unicode.encoding" value="UnicodeLittle"/>
    <property name="java.class.version" value="52.0"/>
  </properties>
  <testcase name="testMultiBlockWritesWithIntermittentDnFailures" classname="org.apache.hadoop.ozone.client.rpc.TestMultiBlockWritesWithDnFailures" time="138.809"/>
  <testcase name="testMultiBlockWritesWithDnFailures" classname="org.apache.hadoop.ozone.client.rpc.TestMultiBlockWritesWithDnFailures" time="25.052">
    <error message="Allocated 0 blocks. Requested 1 blocks" type="INTERNAL_ERROR org.apache.hadoop.ozone.om.exceptions.OMException">INTERNAL_ERROR org.apache.hadoop.ozone.om.exceptions.OMException: Allocated 0 blocks. Requested 1 blocks
	at org.apache.hadoop.ozone.om.protocolPB.OzoneManagerProtocolClientSideTranslatorPB.handleError(OzoneManagerProtocolClientSideTranslatorPB.java:761)
	at org.apache.hadoop.ozone.om.protocolPB.OzoneManagerProtocolClientSideTranslatorPB.allocateBlock(OzoneManagerProtocolClientSideTranslatorPB.java:793)
	at sun.reflect.NativeMethodAccessorImpl.invoke0(Native Method)
	at sun.reflect.NativeMethodAccessorImpl.invoke(NativeMethodAccessorImpl.java:62)
	at sun.reflect.DelegatingMethodAccessorImpl.invoke(DelegatingMethodAccessorImpl.java:43)
	at java.lang.reflect.Method.invoke(Method.java:498)
	at org.apache.hadoop.hdds.tracing.TraceAllMethod.invoke(TraceAllMethod.java:66)
	at com.sun.proxy.$Proxy36.allocateBlock(Unknown Source)
	at org.apache.hadoop.ozone.client.io.BlockOutputStreamEntryPool.allocateNewBlock(BlockOutputStreamEntryPool.java:259)
	at org.apache.hadoop.ozone.client.io.BlockOutputStreamEntryPool.allocateBlockIfNeeded(BlockOutputStreamEntryPool.java:307)
	at org.apache.hadoop.ozone.client.io.KeyOutputStream.handleWrite(KeyOutputStream.java:198)
	at org.apache.hadoop.ozone.client.io.KeyOutputStream.handleRetry(KeyOutputStream.java:375)
	at org.apache.hadoop.ozone.client.io.KeyOutputStream.handleException(KeyOutputStream.java:324)
	at org.apache.hadoop.ozone.client.io.KeyOutputStream.handleWrite(KeyOutputStream.java:228)
	at org.apache.hadoop.ozone.client.io.KeyOutputStream.write(KeyOutputStream.java:190)
	at org.apache.hadoop.ozone.client.io.OzoneOutputStream.write(OzoneOutputStream.java:49)
	at java.io.OutputStream.write(OutputStream.java:75)
	at org.apache.hadoop.ozone.client.rpc.TestMultiBlockWritesWithDnFailures.testMultiBlockWritesWithDnFailures(TestMultiBlockWritesWithDnFailures.java:123)
	at sun.reflect.NativeMethodAccessorImpl.invoke0(Native Method)
	at sun.reflect.NativeMethodAccessorImpl.invoke(NativeMethodAccessorImpl.java:62)
	at sun.reflect.DelegatingMethodAccessorImpl.invoke(DelegatingMethodAccessorImpl.java:43)
	at java.lang.reflect.Method.invoke(Method.java:498)
	at org.junit.runners.model.FrameworkMethod$1.runReflectiveCall(FrameworkMethod.java:47)
	at org.junit.internal.runners.model.ReflectiveCallable.run(ReflectiveCallable.java:12)
	at org.junit.runners.model.FrameworkMethod.invokeExplosively(FrameworkMethod.java:44)
	at org.junit.internal.runners.statements.InvokeMethod.evaluate(InvokeMethod.java:17)
	at org.junit.internal.runners.statements.RunAfters.evaluate(RunAfters.java:27)
	at org.junit.runners.ParentRunner.runLeaf(ParentRunner.java:271)
	at org.junit.runners.BlockJUnit4ClassRunner.runChild(BlockJUnit4ClassRunner.java:70)
	at org.junit.runners.BlockJUnit4ClassRunner.runChild(BlockJUnit4ClassRunner.java:50)
	at org.junit.runners.ParentRunner$3.run(ParentRunner.java:238)
	at org.junit.runners.ParentRunner$1.schedule(ParentRunner.java:63)
	at org.junit.runners.ParentRunner.runChildren(ParentRunner.java:236)
	at org.junit.runners.ParentRunner.access$000(ParentRunner.java:53)
	at org.junit.runners.ParentRunner$2.evaluate(ParentRunner.java:229)
	at org.junit.runners.ParentRunner.run(ParentRunner.java:309)
	at org.apache.maven.surefire.junit4.JUnit4Provider.execute(JUnit4Provider.java:365)
	at org.apache.maven.surefire.junit4.JUnit4Provider.executeWithRerun(JUnit4Provider.java:273)
	at org.apache.maven.surefire.junit4.JUnit4Provider.executeTestSet(JUnit4Provider.java:238)
	at org.apache.maven.surefire.junit4.JUnit4Provider.invoke(JUnit4Provider.java:159)
	at org.apache.maven.surefire.booter.ForkedBooter.invokeProviderInSameClassLoader(ForkedBooter.java:384)
	at org.apache.maven.surefire.booter.ForkedBooter.runSuitesInProcess(ForkedBooter.java:345)
	at org.apache.maven.surefire.booter.ForkedBooter.execute(ForkedBooter.java:126)
	at org.apache.maven.surefire.booter.ForkedBooter.main(ForkedBooter.java:418)
</error>
    <system-out><![CDATA[2019-11-14 14:46:27,145 [main] WARN  server.ServerUtils (ServerUtils.java:getScmDbDir(145)) - ozone.scm.db.dirs is not configured. We recommend adding this setting. Falling back to ozone.metadata.dirs instead.
2019-11-14 14:46:27,179 [main] WARN  server.ServerUtils (ServerUtils.java:getScmDbDir(145)) - ozone.scm.db.dirs is not configured. We recommend adding this setting. Falling back to ozone.metadata.dirs instead.
2019-11-14 14:46:27,182 [main] WARN  server.ServerUtils (ServerUtils.java:getScmDbDir(145)) - ozone.scm.db.dirs is not configured. We recommend adding this setting. Falling back to ozone.metadata.dirs instead.
2019-11-14 14:46:27,182 [main] INFO  db.DBStoreBuilder (DBStoreBuilder.java:addTable(127)) - using custom profile for table: deletedBlocks
2019-11-14 14:46:27,182 [main] INFO  db.DBStoreBuilder (DBStoreBuilder.java:processTables(183)) - Using default column profile:DBProfile.DISK for Table:deletedBlocks
2019-11-14 14:46:27,183 [main] INFO  db.DBStoreBuilder (DBStoreBuilder.java:addTable(127)) - using custom profile for table: validCerts
2019-11-14 14:46:27,183 [main] INFO  db.DBStoreBuilder (DBStoreBuilder.java:processTables(183)) - Using default column profile:DBProfile.DISK for Table:validCerts
2019-11-14 14:46:27,183 [main] INFO  db.DBStoreBuilder (DBStoreBuilder.java:addTable(127)) - using custom profile for table: revokedCerts
2019-11-14 14:46:27,183 [main] INFO  db.DBStoreBuilder (DBStoreBuilder.java:processTables(183)) - Using default column profile:DBProfile.DISK for Table:revokedCerts
2019-11-14 14:46:27,183 [main] INFO  db.DBStoreBuilder (DBStoreBuilder.java:addTable(127)) - using custom profile for table: default
2019-11-14 14:46:27,183 [main] INFO  db.DBStoreBuilder (DBStoreBuilder.java:processTables(189)) - Using default column profile:DBProfile.DISK for Table:default
2019-11-14 14:46:27,184 [main] INFO  db.DBStoreBuilder (DBStoreBuilder.java:getDbProfile(220)) - Using default options. DBProfile.DISK
2019-11-14 14:46:27,409 [main] INFO  net.NodeSchemaLoader (NodeSchemaLoader.java:loadSchemaFromFile(125)) - Loading file from sun.misc.CompoundEnumeration@3330f3ad
2019-11-14 14:46:27,409 [main] INFO  net.NodeSchemaLoader (NodeSchemaLoader.java:loadSchema(171)) - Loading network topology layer schema file
2019-11-14 14:46:27,416 [main] INFO  node.SCMNodeManager (SCMNodeManager.java:<init>(116)) - Entering startup safe mode.
2019-11-14 14:46:27,417 [main] INFO  algorithms.ContainerPlacementPolicyFactory (ContainerPlacementPolicyFactory.java:getPolicy(57)) - Create container placement policy of type org.apache.hadoop.hdds.scm.container.placement.algorithms.SCMContainerPlacementRandom
2019-11-14 14:46:27,417 [main] WARN  server.ServerUtils (ServerUtils.java:getScmDbDir(145)) - ozone.scm.db.dirs is not configured. We recommend adding this setting. Falling back to ozone.metadata.dirs instead.
2019-11-14 14:46:27,517 [main] INFO  pipeline.SCMPipelineManager (SCMPipelineManager.java:initializePipelineState(132)) - No pipeline exists in current db
2019-11-14 14:46:27,517 [main] WARN  server.ServerUtils (ServerUtils.java:getScmDbDir(145)) - ozone.scm.db.dirs is not configured. We recommend adding this setting. Falling back to ozone.metadata.dirs instead.
2019-11-14 14:46:27,604 [main] WARN  events.EventQueue (EventQueue.java:fireEvent(183)) - No event handler registered for event TypedEvent{payloadType=SafeModeStatus, name='SafeModeStatus'}
2019-11-14 14:46:27,605 [main] INFO  ipc.CallQueueManager (CallQueueManager.java:<init>(84)) - Using callQueue: class java.util.concurrent.LinkedBlockingQueue, queueCapacity: 2000, scheduler: class org.apache.hadoop.ipc.DefaultRpcScheduler, ipcBackoff: false.
2019-11-14 14:46:27,606 [Socket Reader #1 for port 43425] INFO  ipc.Server (Server.java:run(1074)) - Starting Socket Reader #1 for port 43425
2019-11-14 14:46:27,608 [main] INFO  ipc.CallQueueManager (CallQueueManager.java:<init>(84)) - Using callQueue: class java.util.concurrent.LinkedBlockingQueue, queueCapacity: 2000, scheduler: class org.apache.hadoop.ipc.DefaultRpcScheduler, ipcBackoff: false.
2019-11-14 14:46:27,609 [Socket Reader #1 for port 32834] INFO  ipc.Server (Server.java:run(1074)) - Starting Socket Reader #1 for port 32834
2019-11-14 14:46:27,610 [main] INFO  ipc.CallQueueManager (CallQueueManager.java:<init>(84)) - Using callQueue: class java.util.concurrent.LinkedBlockingQueue, queueCapacity: 2000, scheduler: class org.apache.hadoop.ipc.DefaultRpcScheduler, ipcBackoff: false.
2019-11-14 14:46:27,611 [Socket Reader #1 for port 43771] INFO  ipc.Server (Server.java:run(1074)) - Starting Socket Reader #1 for port 43771
2019-11-14 14:46:27,613 [main] INFO  hdfs.DFSUtil (DFSUtil.java:httpServerTemplateForNNAndJN(1641)) - Starting Web-server for scm at: http://0.0.0.0:0
2019-11-14 14:46:27,616 [main] INFO  server.AuthenticationFilter (AuthenticationFilter.java:constructSecretProvider(240)) - Unable to initialize FileSignerSecretProvider, falling back to use random secrets.
2019-11-14 14:46:27,617 [main] WARN  http.HttpRequestLog (HttpRequestLog.java:getRequestLog(97)) - Jetty request log can only be enabled using Log4j
2019-11-14 14:46:27,620 [main] INFO  http.HttpServer2 (HttpServer2.java:addGlobalFilter(975)) - Added global filter 'safety' (class=org.apache.hadoop.http.HttpServer2$QuotingInputFilter)
2019-11-14 14:46:27,621 [main] INFO  http.HttpServer2 (HttpServer2.java:addFilter(948)) - Added filter static_user_filter (class=org.apache.hadoop.http.lib.StaticUserWebFilter$StaticUserFilter) to context scm
2019-11-14 14:46:27,621 [main] INFO  http.HttpServer2 (HttpServer2.java:addFilter(958)) - Added filter static_user_filter (class=org.apache.hadoop.http.lib.StaticUserWebFilter$StaticUserFilter) to context logs
2019-11-14 14:46:27,621 [main] INFO  http.HttpServer2 (HttpServer2.java:addFilter(958)) - Added filter static_user_filter (class=org.apache.hadoop.http.lib.StaticUserWebFilter$StaticUserFilter) to context static
2019-11-14 14:46:27,624 [main] INFO  server.StorageContainerManager (StorageContainerManager.java:start(731)) - StorageContainerLocationProtocol RPC server is listening at /0.0.0.0:43771
2019-11-14 14:46:27,627 [main] WARN  impl.MetricsConfig (MetricsConfig.java:loadFirst(134)) - Cannot locate configuration: tried hadoop-metrics2-storagecontainermanager.properties,hadoop-metrics2.properties
2019-11-14 14:46:27,628 [main] INFO  impl.MetricsSystemImpl (MetricsSystemImpl.java:startTimer(374)) - Scheduled Metric snapshot period at 10 second(s).
2019-11-14 14:46:27,628 [main] INFO  impl.MetricsSystemImpl (MetricsSystemImpl.java:start(191)) - StorageContainerManager metrics system started
2019-11-14 14:46:27,652 [main] WARN  impl.MetricsSystemImpl (MetricsSystemImpl.java:register(276)) - Sink prometheus already exists!
2019-11-14 14:46:27,719 [main] INFO  server.SCMClientProtocolServer (SCMClientProtocolServer.java:start(160)) - RPC server for Client  is listening at /0.0.0.0:43771
2019-11-14 14:46:27,720 [IPC Server Responder] INFO  ipc.Server (Server.java:run(1314)) - IPC Server Responder: starting
2019-11-14 14:46:27,720 [IPC Server listener on 43771] INFO  ipc.Server (Server.java:run(1153)) - IPC Server listener on 43771: starting
2019-11-14 14:46:27,723 [main] INFO  server.StorageContainerManager (StorageContainerManager.java:start(741)) - ScmBlockLocationProtocol RPC server is listening at /0.0.0.0:32834
2019-11-14 14:46:27,724 [main] INFO  server.SCMBlockProtocolServer (SCMBlockProtocolServer.java:start(146)) - RPC server for Block Protocol is listening at /0.0.0.0:32834
2019-11-14 14:46:27,724 [IPC Server Responder] INFO  ipc.Server (Server.java:run(1314)) - IPC Server Responder: starting
2019-11-14 14:46:27,724 [IPC Server listener on 32834] INFO  ipc.Server (Server.java:run(1153)) - IPC Server listener on 32834: starting
2019-11-14 14:46:27,728 [main] INFO  server.StorageContainerManager (StorageContainerManager.java:start(745)) - ScmDatanodeProtocl RPC server is listening at /0.0.0.0:43425
2019-11-14 14:46:27,728 [main] INFO  server.SCMDatanodeProtocolServer (SCMDatanodeProtocolServer.java:start(169)) - RPC server for DataNodes is listening at /0.0.0.0:43425
2019-11-14 14:46:27,729 [IPC Server Responder] INFO  ipc.Server (Server.java:run(1314)) - IPC Server Responder: starting
2019-11-14 14:46:27,729 [IPC Server listener on 43425] INFO  ipc.Server (Server.java:run(1153)) - IPC Server listener on 43425: starting
2019-11-14 14:46:27,732 [main] INFO  http.HttpServer2 (HttpServer2.java:bindListener(1191)) - Jetty bound to port 34838
2019-11-14 14:46:27,732 [main] INFO  server.Server (Server.java:doStart(351)) - jetty-9.3.25.v20180904, build timestamp: 2018-09-04T21:11:46Z, git hash: 3ce520221d0240229c862b122d2b06c12a625732
2019-11-14 14:46:27,734 [main] INFO  handler.ContextHandler (ContextHandler.java:doStart(781)) - Started o.e.j.s.ServletContextHandler@3e36b7a0{/logs,file:///workdir/hadoop-ozone/integration-test/target/log,AVAILABLE}
2019-11-14 14:46:27,734 [main] INFO  handler.ContextHandler (ContextHandler.java:doStart(781)) - Started o.e.j.s.ServletContextHandler@f5cf29b{/static,file:///workdir/hadoop-ozone/integration-test/target/test-classes/webapps/static,AVAILABLE}
2019-11-14 14:46:27,749 [main] INFO  handler.ContextHandler (ContextHandler.java:doStart(781)) - Started o.e.j.w.WebAppContext@42383cb0{/,file:///workdir/hadoop-ozone/integration-test/target/test-classes/webapps/scm/,AVAILABLE}{/scm}
2019-11-14 14:46:27,749 [main] INFO  server.AbstractConnector (AbstractConnector.java:doStart(278)) - Started ServerConnector@7668892a{HTTP/1.1,[http/1.1]}{0.0.0.0:34838}
2019-11-14 14:46:27,750 [main] INFO  server.Server (Server.java:doStart(419)) - Started @139804ms
2019-11-14 14:46:27,750 [main] WARN  impl.MetricsSystemImpl (MetricsSystemImpl.java:register(276)) - Sink prometheus already exists!
2019-11-14 14:46:27,752 [main] INFO  server.BaseHttpServer (BaseHttpServer.java:updateConnectorAddress(215)) - HTTP server of SCM is listening at http://0.0.0.0:34838
2019-11-14 14:46:27,752 [main] WARN  server.ServerUtils (ServerUtils.java:getDBPath(222)) - ozone.om.db.dirs is not configured. We recommend adding this setting. Falling back to ozone.metadata.dirs instead.
2019-11-14 14:46:27,753 [org.apache.hadoop.util.JvmPauseMonitor$Monitor@7e83992] INFO  util.JvmPauseMonitor (JvmPauseMonitor.java:run(188)) - Starting JVM pause monitor
2019-11-14 14:46:27,771 [main] INFO  ha.OMHANodeDetails (OMHANodeDetails.java:loadOMHAConfig(190)) - Configuration either no ozone.om.address set. Falling back to the default OM address /127.0.0.1:0
2019-11-14 14:46:27,771 [main] INFO  ha.OMHANodeDetails (OMHANodeDetails.java:getOMNodeDetails(220)) - OM Service ID is not set. Setting it to the default ID: omServiceIdDefault
2019-11-14 14:46:27,772 [main] WARN  server.ServerUtils (ServerUtils.java:getDBPath(222)) - ozone.om.db.dirs is not configured. We recommend adding this setting. Falling back to ozone.metadata.dirs instead.
2019-11-14 14:46:27,772 [main] WARN  server.ServerUtils (ServerUtils.java:getDBPath(222)) - ozone.om.db.dirs is not configured. We recommend adding this setting. Falling back to ozone.metadata.dirs instead.
2019-11-14 14:46:27,778 [main] WARN  server.ServerUtils (ServerUtils.java:getDBPath(222)) - ozone.om.db.dirs is not configured. We recommend adding this setting. Falling back to ozone.metadata.dirs instead.
2019-11-14 14:46:27,778 [main] INFO  db.DBStoreBuilder (DBStoreBuilder.java:addTable(127)) - using custom profile for table: userTable
2019-11-14 14:46:27,778 [main] INFO  db.DBStoreBuilder (DBStoreBuilder.java:processTables(183)) - Using default column profile:DBProfile.DISK for Table:userTable
2019-11-14 14:46:27,779 [main] INFO  db.DBStoreBuilder (DBStoreBuilder.java:addTable(127)) - using custom profile for table: volumeTable
2019-11-14 14:46:27,779 [main] INFO  db.DBStoreBuilder (DBStoreBuilder.java:processTables(183)) - Using default column profile:DBProfile.DISK for Table:volumeTable
2019-11-14 14:46:27,779 [main] INFO  db.DBStoreBuilder (DBStoreBuilder.java:addTable(127)) - using custom profile for table: bucketTable
2019-11-14 14:46:27,779 [main] INFO  db.DBStoreBuilder (DBStoreBuilder.java:processTables(183)) - Using default column profile:DBProfile.DISK for Table:bucketTable
2019-11-14 14:46:27,779 [main] INFO  db.DBStoreBuilder (DBStoreBuilder.java:addTable(127)) - using custom profile for table: keyTable
2019-11-14 14:46:27,780 [main] INFO  db.DBStoreBuilder (DBStoreBuilder.java:processTables(183)) - Using default column profile:DBProfile.DISK for Table:keyTable
2019-11-14 14:46:27,780 [main] INFO  db.DBStoreBuilder (DBStoreBuilder.java:addTable(127)) - using custom profile for table: deletedTable
2019-11-14 14:46:27,780 [main] INFO  db.DBStoreBuilder (DBStoreBuilder.java:processTables(183)) - Using default column profile:DBProfile.DISK for Table:deletedTable
2019-11-14 14:46:27,780 [main] INFO  db.DBStoreBuilder (DBStoreBuilder.java:addTable(127)) - using custom profile for table: openKeyTable
2019-11-14 14:46:27,780 [main] INFO  db.DBStoreBuilder (DBStoreBuilder.java:processTables(183)) - Using default column profile:DBProfile.DISK for Table:openKeyTable
2019-11-14 14:46:27,781 [main] INFO  db.DBStoreBuilder (DBStoreBuilder.java:addTable(127)) - using custom profile for table: s3Table
2019-11-14 14:46:27,781 [main] INFO  db.DBStoreBuilder (DBStoreBuilder.java:processTables(183)) - Using default column profile:DBProfile.DISK for Table:s3Table
2019-11-14 14:46:27,781 [main] INFO  db.DBStoreBuilder (DBStoreBuilder.java:addTable(127)) - using custom profile for table: multipartInfoTable
2019-11-14 14:46:27,781 [main] INFO  db.DBStoreBuilder (DBStoreBuilder.java:processTables(183)) - Using default column profile:DBProfile.DISK for Table:multipartInfoTable
2019-11-14 14:46:27,781 [main] INFO  db.DBStoreBuilder (DBStoreBuilder.java:addTable(127)) - using custom profile for table: dTokenTable
2019-11-14 14:46:27,781 [main] INFO  db.DBStoreBuilder (DBStoreBuilder.java:processTables(183)) - Using default column profile:DBProfile.DISK for Table:dTokenTable
2019-11-14 14:46:27,782 [main] INFO  db.DBStoreBuilder (DBStoreBuilder.java:addTable(127)) - using custom profile for table: s3SecretTable
2019-11-14 14:46:27,782 [main] INFO  db.DBStoreBuilder (DBStoreBuilder.java:processTables(183)) - Using default column profile:DBProfile.DISK for Table:s3SecretTable
2019-11-14 14:46:27,782 [main] INFO  db.DBStoreBuilder (DBStoreBuilder.java:addTable(127)) - using custom profile for table: prefixTable
2019-11-14 14:46:27,782 [main] INFO  db.DBStoreBuilder (DBStoreBuilder.java:processTables(183)) - Using default column profile:DBProfile.DISK for Table:prefixTable
2019-11-14 14:46:27,782 [main] INFO  db.DBStoreBuilder (DBStoreBuilder.java:addTable(127)) - using custom profile for table: default
2019-11-14 14:46:27,783 [main] INFO  db.DBStoreBuilder (DBStoreBuilder.java:processTables(189)) - Using default column profile:DBProfile.DISK for Table:default
2019-11-14 14:46:27,783 [main] INFO  db.DBStoreBuilder (DBStoreBuilder.java:getDbProfile(220)) - Using default options. DBProfile.DISK
2019-11-14 14:46:28,324 [main] INFO  ipc.CallQueueManager (CallQueueManager.java:<init>(84)) - Using callQueue: class java.util.concurrent.LinkedBlockingQueue, queueCapacity: 2000, scheduler: class org.apache.hadoop.ipc.DefaultRpcScheduler, ipcBackoff: false.
2019-11-14 14:46:28,325 [Socket Reader #1 for port 40978] INFO  ipc.Server (Server.java:run(1074)) - Starting Socket Reader #1 for port 40978
2019-11-14 14:46:28,344 [main] INFO  om.OzoneManager (OzoneManager.java:start(834)) - OzoneManager RPC server is listening at localhost/127.0.0.1:40978
2019-11-14 14:46:28,344 [main] INFO  impl.MetricsSystemImpl (MetricsSystemImpl.java:init(158)) - OzoneManager metrics system started (again)
2019-11-14 14:46:28,345 [IPC Server Responder] INFO  ipc.Server (Server.java:run(1314)) - IPC Server Responder: starting
2019-11-14 14:46:28,346 [IPC Server listener on 40978] INFO  ipc.Server (Server.java:run(1153)) - IPC Server listener on 40978: starting
2019-11-14 14:46:28,351 [main] INFO  hdfs.DFSUtil (DFSUtil.java:httpServerTemplateForNNAndJN(1641)) - Starting Web-server for ozoneManager at: http://0.0.0.0:0
2019-11-14 14:46:28,353 [main] INFO  server.AuthenticationFilter (AuthenticationFilter.java:constructSecretProvider(240)) - Unable to initialize FileSignerSecretProvider, falling back to use random secrets.
2019-11-14 14:46:28,354 [main] WARN  http.HttpRequestLog (HttpRequestLog.java:getRequestLog(97)) - Jetty request log can only be enabled using Log4j
2019-11-14 14:46:28,356 [main] INFO  http.HttpServer2 (HttpServer2.java:addGlobalFilter(975)) - Added global filter 'safety' (class=org.apache.hadoop.http.HttpServer2$QuotingInputFilter)
2019-11-14 14:46:28,356 [main] INFO  http.HttpServer2 (HttpServer2.java:addFilter(948)) - Added filter static_user_filter (class=org.apache.hadoop.http.lib.StaticUserWebFilter$StaticUserFilter) to context ozoneManager
2019-11-14 14:46:28,357 [main] INFO  http.HttpServer2 (HttpServer2.java:addFilter(958)) - Added filter static_user_filter (class=org.apache.hadoop.http.lib.StaticUserWebFilter$StaticUserFilter) to context logs
2019-11-14 14:46:28,357 [main] INFO  http.HttpServer2 (HttpServer2.java:addFilter(958)) - Added filter static_user_filter (class=org.apache.hadoop.http.lib.StaticUserWebFilter$StaticUserFilter) to context static
2019-11-14 14:46:28,358 [main] INFO  http.HttpServer2 (HttpServer2.java:bindListener(1191)) - Jetty bound to port 43087
2019-11-14 14:46:28,358 [main] INFO  server.Server (Server.java:doStart(351)) - jetty-9.3.25.v20180904, build timestamp: 2018-09-04T21:11:46Z, git hash: 3ce520221d0240229c862b122d2b06c12a625732
2019-11-14 14:46:28,360 [main] INFO  handler.ContextHandler (ContextHandler.java:doStart(781)) - Started o.e.j.s.ServletContextHandler@7f4701b1{/logs,file:///workdir/hadoop-ozone/integration-test/target/log,AVAILABLE}
2019-11-14 14:46:28,361 [main] INFO  handler.ContextHandler (ContextHandler.java:doStart(781)) - Started o.e.j.s.ServletContextHandler@fb49fdf{/static,file:///workdir/hadoop-ozone/integration-test/target/test-classes/webapps/static,AVAILABLE}
2019-11-14 14:46:28,366 [main] INFO  handler.ContextHandler (ContextHandler.java:doStart(781)) - Started o.e.j.w.WebAppContext@1d4fb213{/,file:///workdir/hadoop-ozone/integration-test/target/test-classes/webapps/ozoneManager/,AVAILABLE}{/ozoneManager}
2019-11-14 14:46:28,367 [main] INFO  server.AbstractConnector (AbstractConnector.java:doStart(278)) - Started ServerConnector@6ef60295{HTTP/1.1,[http/1.1]}{0.0.0.0:43087}
2019-11-14 14:46:28,367 [main] INFO  server.Server (Server.java:doStart(419)) - Started @140422ms
2019-11-14 14:46:28,368 [main] WARN  impl.MetricsSystemImpl (MetricsSystemImpl.java:register(276)) - Sink prometheus already exists!
2019-11-14 14:46:28,369 [main] INFO  server.BaseHttpServer (BaseHttpServer.java:updateConnectorAddress(215)) - HTTP server of OZONEMANAGER is listening at http://0.0.0.0:43087
2019-11-14 14:46:28,387 [main] INFO  impl.MetricsSystemImpl (MetricsSystemImpl.java:init(158)) - HddsDatanode metrics system started (again)
2019-11-14 14:46:28,389 [main] INFO  ozone.HddsDatanodeService (HddsDatanodeService.java:start(186)) - HddsDatanodeService host:pr-hdds-2408-9n676-254309887 ip:192.168.157.221
2019-11-14 14:46:28,397 [main] INFO  volume.HddsVolume (HddsVolume.java:<init>(176)) - Creating Volume: /workdir/hadoop-ozone/integration-test/target/test-dir/MiniOzoneClusterImpl-fe7ca568-a673-4336-8267-b2734a58a5d6/datanode-0/data/containers/hdds of  storage type : DISK and capacity : 1482555576320
2019-11-14 14:46:28,397 [main] INFO  volume.VolumeSet (VolumeSet.java:initializeVolumeSet(170)) - Added Volume : /workdir/hadoop-ozone/integration-test/target/test-dir/MiniOzoneClusterImpl-fe7ca568-a673-4336-8267-b2734a58a5d6/datanode-0/data/containers/hdds to VolumeSet
2019-11-14 14:46:28,397 [main] INFO  volume.ThrottledAsyncChecker (ThrottledAsyncChecker.java:schedule(141)) - Scheduling a check for /workdir/hadoop-ozone/integration-test/target/test-dir/MiniOzoneClusterImpl-fe7ca568-a673-4336-8267-b2734a58a5d6/datanode-0/data/containers/hdds
2019-11-14 14:46:28,398 [main] INFO  volume.HddsVolumeChecker (HddsVolumeChecker.java:checkAllVolumes(204)) - Scheduled health check for volume /workdir/hadoop-ozone/integration-test/target/test-dir/MiniOzoneClusterImpl-fe7ca568-a673-4336-8267-b2734a58a5d6/datanode-0/data/containers/hdds
2019-11-14 14:46:28,414 [main] INFO  impl.RaftServerProxy (ConfUtils.java:logGet(43)) - raft.rpc.type = GRPC (default)
2019-11-14 14:46:28,415 [main] INFO  grpc.GrpcFactory (GrpcFactory.java:checkPooledByteBufAllocatorUseCacheForAllThreads(45)) - PERFORMANCE WARNING: useCacheForAllThreads is true that may cause Netty to create a lot garbage objects and, as a result, trigger GC.
	It is recommended to disable useCacheForAllThreads by setting -Dorg.apache.ratis.thirdparty.io.netty.allocator.useCacheForAllThreads=false in command line.
2019-11-14 14:46:28,415 [main] INFO  grpc.GrpcConfigKeys$Server (ConfUtils.java:logGet(43)) - raft.grpc.server.port = 0 (default)
2019-11-14 14:46:28,415 [main] INFO  server.GrpcService (ConfUtils.java:logGet(43)) - raft.grpc.message.size.max = 33570816 (custom)
2019-11-14 14:46:28,415 [main] INFO  server.RaftServerConfigKeys (ConfUtils.java:logGet(43)) - raft.server.log.appender.buffer.byte-limit = 33554432 (custom)
2019-11-14 14:46:28,415 [main] INFO  server.GrpcService (ConfUtils.java:logGet(43)) - raft.grpc.flow.control.window = 1MB (=1048576) (default)
2019-11-14 14:46:28,416 [main] INFO  server.RaftServerConfigKeys (ConfUtils.java:logGet(43)) - raft.server.rpc.request.timeout = 3000ms (default)
2019-11-14 14:46:28,416 [main] INFO  server.RaftServerConfigKeys (ConfUtils.java:logGet(43)) - raft.server.storage.dir = [/workdir/hadoop-ozone/integration-test/target/test-dir/MiniOzoneClusterImpl-fe7ca568-a673-4336-8267-b2734a58a5d6/datanode-0/data/ratis] (custom)
2019-11-14 14:46:28,418 [main] INFO  hdfs.DFSUtil (DFSUtil.java:httpServerTemplateForNNAndJN(1641)) - Starting Web-server for hddsDatanode at: http://0.0.0.0:0
2019-11-14 14:46:28,420 [main] INFO  server.AuthenticationFilter (AuthenticationFilter.java:constructSecretProvider(240)) - Unable to initialize FileSignerSecretProvider, falling back to use random secrets.
2019-11-14 14:46:28,420 [main] WARN  http.HttpRequestLog (HttpRequestLog.java:getRequestLog(97)) - Jetty request log can only be enabled using Log4j
2019-11-14 14:46:28,422 [main] INFO  http.HttpServer2 (HttpServer2.java:addGlobalFilter(975)) - Added global filter 'safety' (class=org.apache.hadoop.http.HttpServer2$QuotingInputFilter)
2019-11-14 14:46:28,422 [main] INFO  http.HttpServer2 (HttpServer2.java:addFilter(948)) - Added filter static_user_filter (class=org.apache.hadoop.http.lib.StaticUserWebFilter$StaticUserFilter) to context hddsDatanode
2019-11-14 14:46:28,422 [main] INFO  http.HttpServer2 (HttpServer2.java:addFilter(958)) - Added filter static_user_filter (class=org.apache.hadoop.http.lib.StaticUserWebFilter$StaticUserFilter) to context logs
2019-11-14 14:46:28,422 [main] INFO  http.HttpServer2 (HttpServer2.java:addFilter(958)) - Added filter static_user_filter (class=org.apache.hadoop.http.lib.StaticUserWebFilter$StaticUserFilter) to context static
2019-11-14 14:46:28,423 [main] INFO  http.HttpServer2 (HttpServer2.java:bindListener(1191)) - Jetty bound to port 39336
2019-11-14 14:46:28,423 [main] INFO  server.Server (Server.java:doStart(351)) - jetty-9.3.25.v20180904, build timestamp: 2018-09-04T21:11:46Z, git hash: 3ce520221d0240229c862b122d2b06c12a625732
2019-11-14 14:46:28,425 [main] INFO  handler.ContextHandler (ContextHandler.java:doStart(781)) - Started o.e.j.s.ServletContextHandler@7327a447{/logs,file:///workdir/hadoop-ozone/integration-test/target/log,AVAILABLE}
2019-11-14 14:46:28,426 [main] INFO  handler.ContextHandler (ContextHandler.java:doStart(781)) - Started o.e.j.s.ServletContextHandler@2954f6ab{/static,jar:file:/home/user/.m2/repository/org/apache/hadoop/hadoop-hdds-container-service/0.5.0-SNAPSHOT/hadoop-hdds-container-service-0.5.0-SNAPSHOT.jar!/webapps/static,AVAILABLE}
2019-11-14 14:46:28,464 [main] INFO  handler.ContextHandler (ContextHandler.java:doStart(781)) - Started o.e.j.w.WebAppContext@58658f63{/,file:///tmp/jetty-0.0.0.0-39336-hddsDatanode-_-any-4926616947600911662.dir/webapp/,AVAILABLE}{/hddsDatanode}
2019-11-14 14:46:28,464 [main] INFO  server.AbstractConnector (AbstractConnector.java:doStart(278)) - Started ServerConnector@54e12f4c{HTTP/1.1,[http/1.1]}{0.0.0.0:39336}
2019-11-14 14:46:28,466 [main] INFO  server.Server (Server.java:doStart(419)) - Started @140520ms
2019-11-14 14:46:28,466 [main] WARN  impl.MetricsSystemImpl (MetricsSystemImpl.java:register(276)) - Sink prometheus already exists!
2019-11-14 14:46:28,467 [main] INFO  server.BaseHttpServer (BaseHttpServer.java:updateConnectorAddress(215)) - HTTP server of HDDSDATANODE is listening at http://0.0.0.0:39336
2019-11-14 14:46:28,468 [main] INFO  impl.MetricsSystemImpl (MetricsSystemImpl.java:init(158)) - HddsDatanode metrics system started (again)
2019-11-14 14:46:28,470 [org.apache.hadoop.util.JvmPauseMonitor$Monitor@a781e0a] INFO  util.JvmPauseMonitor (JvmPauseMonitor.java:run(188)) - Starting JVM pause monitor
2019-11-14 14:46:28,470 [main] INFO  ozone.HddsDatanodeService (HddsDatanodeService.java:start(186)) - HddsDatanodeService host:pr-hdds-2408-9n676-254309887 ip:192.168.157.221
2019-11-14 14:46:28,473 [Datanode State Machine Thread - 0] INFO  datanode.InitDatanodeState (InitDatanodeState.java:persistContainerDatanodeDetails(140)) - DatanodeDetails is persisted to /workdir/hadoop-ozone/integration-test/target/test-dir/MiniOzoneClusterImpl-fe7ca568-a673-4336-8267-b2734a58a5d6/datanode-0/meta/datanode.id
2019-11-14 14:46:28,478 [main] INFO  volume.HddsVolume (HddsVolume.java:<init>(176)) - Creating Volume: /workdir/hadoop-ozone/integration-test/target/test-dir/MiniOzoneClusterImpl-fe7ca568-a673-4336-8267-b2734a58a5d6/datanode-1/data/containers/hdds of  storage type : DISK and capacity : 1482555576320
2019-11-14 14:46:28,478 [main] INFO  volume.VolumeSet (VolumeSet.java:initializeVolumeSet(170)) - Added Volume : /workdir/hadoop-ozone/integration-test/target/test-dir/MiniOzoneClusterImpl-fe7ca568-a673-4336-8267-b2734a58a5d6/datanode-1/data/containers/hdds to VolumeSet
2019-11-14 14:46:28,478 [main] INFO  volume.ThrottledAsyncChecker (ThrottledAsyncChecker.java:schedule(141)) - Scheduling a check for /workdir/hadoop-ozone/integration-test/target/test-dir/MiniOzoneClusterImpl-fe7ca568-a673-4336-8267-b2734a58a5d6/datanode-1/data/containers/hdds
2019-11-14 14:46:28,479 [main] INFO  volume.HddsVolumeChecker (HddsVolumeChecker.java:checkAllVolumes(204)) - Scheduled health check for volume /workdir/hadoop-ozone/integration-test/target/test-dir/MiniOzoneClusterImpl-fe7ca568-a673-4336-8267-b2734a58a5d6/datanode-1/data/containers/hdds
2019-11-14 14:46:28,494 [main] INFO  impl.RaftServerProxy (ConfUtils.java:logGet(43)) - raft.rpc.type = GRPC (default)
2019-11-14 14:46:28,494 [main] INFO  grpc.GrpcFactory (GrpcFactory.java:checkPooledByteBufAllocatorUseCacheForAllThreads(45)) - PERFORMANCE WARNING: useCacheForAllThreads is true that may cause Netty to create a lot garbage objects and, as a result, trigger GC.
	It is recommended to disable useCacheForAllThreads by setting -Dorg.apache.ratis.thirdparty.io.netty.allocator.useCacheForAllThreads=false in command line.
2019-11-14 14:46:28,495 [main] INFO  grpc.GrpcConfigKeys$Server (ConfUtils.java:logGet(43)) - raft.grpc.server.port = 0 (default)
2019-11-14 14:46:28,495 [main] INFO  server.GrpcService (ConfUtils.java:logGet(43)) - raft.grpc.message.size.max = 33570816 (custom)
2019-11-14 14:46:28,495 [main] INFO  server.RaftServerConfigKeys (ConfUtils.java:logGet(43)) - raft.server.log.appender.buffer.byte-limit = 33554432 (custom)
2019-11-14 14:46:28,495 [main] INFO  server.GrpcService (ConfUtils.java:logGet(43)) - raft.grpc.flow.control.window = 1MB (=1048576) (default)
2019-11-14 14:46:28,495 [main] INFO  server.RaftServerConfigKeys (ConfUtils.java:logGet(43)) - raft.server.rpc.request.timeout = 3000ms (default)
2019-11-14 14:46:28,496 [main] INFO  server.RaftServerConfigKeys (ConfUtils.java:logGet(43)) - raft.server.storage.dir = [/workdir/hadoop-ozone/integration-test/target/test-dir/MiniOzoneClusterImpl-fe7ca568-a673-4336-8267-b2734a58a5d6/datanode-1/data/ratis] (custom)
2019-11-14 14:46:28,497 [main] INFO  hdfs.DFSUtil (DFSUtil.java:httpServerTemplateForNNAndJN(1641)) - Starting Web-server for hddsDatanode at: http://0.0.0.0:0
2019-11-14 14:46:28,499 [main] INFO  server.AuthenticationFilter (AuthenticationFilter.java:constructSecretProvider(240)) - Unable to initialize FileSignerSecretProvider, falling back to use random secrets.
2019-11-14 14:46:28,500 [main] WARN  http.HttpRequestLog (HttpRequestLog.java:getRequestLog(97)) - Jetty request log can only be enabled using Log4j
2019-11-14 14:46:28,501 [main] INFO  http.HttpServer2 (HttpServer2.java:addGlobalFilter(975)) - Added global filter 'safety' (class=org.apache.hadoop.http.HttpServer2$QuotingInputFilter)
2019-11-14 14:46:28,502 [main] INFO  http.HttpServer2 (HttpServer2.java:addFilter(948)) - Added filter static_user_filter (class=org.apache.hadoop.http.lib.StaticUserWebFilter$StaticUserFilter) to context hddsDatanode
2019-11-14 14:46:28,502 [main] INFO  http.HttpServer2 (HttpServer2.java:addFilter(958)) - Added filter static_user_filter (class=org.apache.hadoop.http.lib.StaticUserWebFilter$StaticUserFilter) to context static
2019-11-14 14:46:28,502 [main] INFO  http.HttpServer2 (HttpServer2.java:addFilter(958)) - Added filter static_user_filter (class=org.apache.hadoop.http.lib.StaticUserWebFilter$StaticUserFilter) to context logs
2019-11-14 14:46:28,503 [main] INFO  http.HttpServer2 (HttpServer2.java:bindListener(1191)) - Jetty bound to port 34680
2019-11-14 14:46:28,503 [main] INFO  server.Server (Server.java:doStart(351)) - jetty-9.3.25.v20180904, build timestamp: 2018-09-04T21:11:46Z, git hash: 3ce520221d0240229c862b122d2b06c12a625732
2019-11-14 14:46:28,506 [main] INFO  handler.ContextHandler (ContextHandler.java:doStart(781)) - Started o.e.j.s.ServletContextHandler@6bcb12e6{/logs,file:///workdir/hadoop-ozone/integration-test/target/log,AVAILABLE}
2019-11-14 14:46:28,506 [main] INFO  handler.ContextHandler (ContextHandler.java:doStart(781)) - Started o.e.j.s.ServletContextHandler@29c17c3d{/static,jar:file:/home/user/.m2/repository/org/apache/hadoop/hadoop-hdds-container-service/0.5.0-SNAPSHOT/hadoop-hdds-container-service-0.5.0-SNAPSHOT.jar!/webapps/static,AVAILABLE}
2019-11-14 14:46:28,540 [main] INFO  handler.ContextHandler (ContextHandler.java:doStart(781)) - Started o.e.j.w.WebAppContext@e280403{/,file:///tmp/jetty-0.0.0.0-34680-hddsDatanode-_-any-2592132511475722467.dir/webapp/,AVAILABLE}{/hddsDatanode}
2019-11-14 14:46:28,540 [main] INFO  server.AbstractConnector (AbstractConnector.java:doStart(278)) - Started ServerConnector@42f85fa4{HTTP/1.1,[http/1.1]}{0.0.0.0:34680}
2019-11-14 14:46:28,541 [main] INFO  server.Server (Server.java:doStart(419)) - Started @140596ms
2019-11-14 14:46:28,542 [main] WARN  impl.MetricsSystemImpl (MetricsSystemImpl.java:register(276)) - Sink prometheus already exists!
2019-11-14 14:46:28,543 [main] INFO  server.BaseHttpServer (BaseHttpServer.java:updateConnectorAddress(215)) - HTTP server of HDDSDATANODE is listening at http://0.0.0.0:34680
2019-11-14 14:46:28,543 [main] INFO  impl.MetricsSystemImpl (MetricsSystemImpl.java:init(158)) - HddsDatanode metrics system started (again)
2019-11-14 14:46:28,545 [org.apache.hadoop.util.JvmPauseMonitor$Monitor@168331b] INFO  util.JvmPauseMonitor (JvmPauseMonitor.java:run(188)) - Starting JVM pause monitor
2019-11-14 14:46:28,546 [main] INFO  ozone.HddsDatanodeService (HddsDatanodeService.java:start(186)) - HddsDatanodeService host:pr-hdds-2408-9n676-254309887 ip:192.168.157.221
2019-11-14 14:46:28,547 [Datanode State Machine Thread - 0] INFO  datanode.InitDatanodeState (InitDatanodeState.java:persistContainerDatanodeDetails(140)) - DatanodeDetails is persisted to /workdir/hadoop-ozone/integration-test/target/test-dir/MiniOzoneClusterImpl-fe7ca568-a673-4336-8267-b2734a58a5d6/datanode-1/meta/datanode.id
2019-11-14 14:46:28,554 [main] INFO  volume.HddsVolume (HddsVolume.java:<init>(176)) - Creating Volume: /workdir/hadoop-ozone/integration-test/target/test-dir/MiniOzoneClusterImpl-fe7ca568-a673-4336-8267-b2734a58a5d6/datanode-2/data/containers/hdds of  storage type : DISK and capacity : 1482555576320
2019-11-14 14:46:28,554 [main] INFO  volume.VolumeSet (VolumeSet.java:initializeVolumeSet(170)) - Added Volume : /workdir/hadoop-ozone/integration-test/target/test-dir/MiniOzoneClusterImpl-fe7ca568-a673-4336-8267-b2734a58a5d6/datanode-2/data/containers/hdds to VolumeSet
2019-11-14 14:46:28,554 [main] INFO  volume.ThrottledAsyncChecker (ThrottledAsyncChecker.java:schedule(141)) - Scheduling a check for /workdir/hadoop-ozone/integration-test/target/test-dir/MiniOzoneClusterImpl-fe7ca568-a673-4336-8267-b2734a58a5d6/datanode-2/data/containers/hdds
2019-11-14 14:46:28,555 [main] INFO  volume.HddsVolumeChecker (HddsVolumeChecker.java:checkAllVolumes(204)) - Scheduled health check for volume /workdir/hadoop-ozone/integration-test/target/test-dir/MiniOzoneClusterImpl-fe7ca568-a673-4336-8267-b2734a58a5d6/datanode-2/data/containers/hdds
2019-11-14 14:46:28,574 [main] INFO  impl.RaftServerProxy (ConfUtils.java:logGet(43)) - raft.rpc.type = GRPC (default)
2019-11-14 14:46:28,574 [main] INFO  grpc.GrpcFactory (GrpcFactory.java:checkPooledByteBufAllocatorUseCacheForAllThreads(45)) - PERFORMANCE WARNING: useCacheForAllThreads is true that may cause Netty to create a lot garbage objects and, as a result, trigger GC.
	It is recommended to disable useCacheForAllThreads by setting -Dorg.apache.ratis.thirdparty.io.netty.allocator.useCacheForAllThreads=false in command line.
2019-11-14 14:46:28,574 [main] INFO  grpc.GrpcConfigKeys$Server (ConfUtils.java:logGet(43)) - raft.grpc.server.port = 0 (default)
2019-11-14 14:46:28,574 [main] INFO  server.GrpcService (ConfUtils.java:logGet(43)) - raft.grpc.message.size.max = 33570816 (custom)
2019-11-14 14:46:28,575 [main] INFO  server.RaftServerConfigKeys (ConfUtils.java:logGet(43)) - raft.server.log.appender.buffer.byte-limit = 33554432 (custom)
2019-11-14 14:46:28,575 [main] INFO  server.GrpcService (ConfUtils.java:logGet(43)) - raft.grpc.flow.control.window = 1MB (=1048576) (default)
2019-11-14 14:46:28,575 [main] INFO  server.RaftServerConfigKeys (ConfUtils.java:logGet(43)) - raft.server.rpc.request.timeout = 3000ms (default)
2019-11-14 14:46:28,576 [main] INFO  server.RaftServerConfigKeys (ConfUtils.java:logGet(43)) - raft.server.storage.dir = [/workdir/hadoop-ozone/integration-test/target/test-dir/MiniOzoneClusterImpl-fe7ca568-a673-4336-8267-b2734a58a5d6/datanode-2/data/ratis] (custom)
2019-11-14 14:46:28,577 [main] INFO  hdfs.DFSUtil (DFSUtil.java:httpServerTemplateForNNAndJN(1641)) - Starting Web-server for hddsDatanode at: http://0.0.0.0:0
2019-11-14 14:46:28,579 [main] INFO  server.AuthenticationFilter (AuthenticationFilter.java:constructSecretProvider(240)) - Unable to initialize FileSignerSecretProvider, falling back to use random secrets.
2019-11-14 14:46:28,580 [main] WARN  http.HttpRequestLog (HttpRequestLog.java:getRequestLog(97)) - Jetty request log can only be enabled using Log4j
2019-11-14 14:46:28,581 [main] INFO  http.HttpServer2 (HttpServer2.java:addGlobalFilter(975)) - Added global filter 'safety' (class=org.apache.hadoop.http.HttpServer2$QuotingInputFilter)
2019-11-14 14:46:28,582 [main] INFO  http.HttpServer2 (HttpServer2.java:addFilter(948)) - Added filter static_user_filter (class=org.apache.hadoop.http.lib.StaticUserWebFilter$StaticUserFilter) to context hddsDatanode
2019-11-14 14:46:28,582 [main] INFO  http.HttpServer2 (HttpServer2.java:addFilter(958)) - Added filter static_user_filter (class=org.apache.hadoop.http.lib.StaticUserWebFilter$StaticUserFilter) to context logs
2019-11-14 14:46:28,583 [main] INFO  http.HttpServer2 (HttpServer2.java:addFilter(958)) - Added filter static_user_filter (class=org.apache.hadoop.http.lib.StaticUserWebFilter$StaticUserFilter) to context static
2019-11-14 14:46:28,584 [main] INFO  http.HttpServer2 (HttpServer2.java:bindListener(1191)) - Jetty bound to port 46153
2019-11-14 14:46:28,584 [main] INFO  server.Server (Server.java:doStart(351)) - jetty-9.3.25.v20180904, build timestamp: 2018-09-04T21:11:46Z, git hash: 3ce520221d0240229c862b122d2b06c12a625732
2019-11-14 14:46:28,586 [main] INFO  handler.ContextHandler (ContextHandler.java:doStart(781)) - Started o.e.j.s.ServletContextHandler@39f5b723{/logs,file:///workdir/hadoop-ozone/integration-test/target/log,AVAILABLE}
2019-11-14 14:46:28,586 [main] INFO  handler.ContextHandler (ContextHandler.java:doStart(781)) - Started o.e.j.s.ServletContextHandler@2404b5a{/static,jar:file:/home/user/.m2/repository/org/apache/hadoop/hadoop-hdds-container-service/0.5.0-SNAPSHOT/hadoop-hdds-container-service-0.5.0-SNAPSHOT.jar!/webapps/static,AVAILABLE}
2019-11-14 14:46:28,626 [main] INFO  handler.ContextHandler (ContextHandler.java:doStart(781)) - Started o.e.j.w.WebAppContext@32eae6f2{/,file:///tmp/jetty-0.0.0.0-46153-hddsDatanode-_-any-3582890652411645208.dir/webapp/,AVAILABLE}{/hddsDatanode}
2019-11-14 14:46:28,627 [main] INFO  server.AbstractConnector (AbstractConnector.java:doStart(278)) - Started ServerConnector@26ca61bf{HTTP/1.1,[http/1.1]}{0.0.0.0:46153}
2019-11-14 14:46:28,628 [main] INFO  server.Server (Server.java:doStart(419)) - Started @140682ms
2019-11-14 14:46:28,628 [main] WARN  impl.MetricsSystemImpl (MetricsSystemImpl.java:register(276)) - Sink prometheus already exists!
2019-11-14 14:46:28,629 [main] INFO  server.BaseHttpServer (BaseHttpServer.java:updateConnectorAddress(215)) - HTTP server of HDDSDATANODE is listening at http://0.0.0.0:46153
2019-11-14 14:46:28,629 [main] INFO  impl.MetricsSystemImpl (MetricsSystemImpl.java:init(158)) - HddsDatanode metrics system started (again)
2019-11-14 14:46:28,632 [org.apache.hadoop.util.JvmPauseMonitor$Monitor@6568c2dd] INFO  util.JvmPauseMonitor (JvmPauseMonitor.java:run(188)) - Starting JVM pause monitor
2019-11-14 14:46:28,632 [main] INFO  ozone.HddsDatanodeService (HddsDatanodeService.java:start(186)) - HddsDatanodeService host:pr-hdds-2408-9n676-254309887 ip:192.168.157.221
2019-11-14 14:46:28,633 [Datanode State Machine Thread - 0] INFO  datanode.InitDatanodeState (InitDatanodeState.java:persistContainerDatanodeDetails(140)) - DatanodeDetails is persisted to /workdir/hadoop-ozone/integration-test/target/test-dir/MiniOzoneClusterImpl-fe7ca568-a673-4336-8267-b2734a58a5d6/datanode-2/meta/datanode.id
2019-11-14 14:46:28,639 [main] INFO  volume.HddsVolume (HddsVolume.java:<init>(176)) - Creating Volume: /workdir/hadoop-ozone/integration-test/target/test-dir/MiniOzoneClusterImpl-fe7ca568-a673-4336-8267-b2734a58a5d6/datanode-3/data/containers/hdds of  storage type : DISK and capacity : 1482555576320
2019-11-14 14:46:28,639 [main] INFO  volume.VolumeSet (VolumeSet.java:initializeVolumeSet(170)) - Added Volume : /workdir/hadoop-ozone/integration-test/target/test-dir/MiniOzoneClusterImpl-fe7ca568-a673-4336-8267-b2734a58a5d6/datanode-3/data/containers/hdds to VolumeSet
2019-11-14 14:46:28,639 [main] INFO  volume.ThrottledAsyncChecker (ThrottledAsyncChecker.java:schedule(141)) - Scheduling a check for /workdir/hadoop-ozone/integration-test/target/test-dir/MiniOzoneClusterImpl-fe7ca568-a673-4336-8267-b2734a58a5d6/datanode-3/data/containers/hdds
2019-11-14 14:46:28,640 [main] INFO  volume.HddsVolumeChecker (HddsVolumeChecker.java:checkAllVolumes(204)) - Scheduled health check for volume /workdir/hadoop-ozone/integration-test/target/test-dir/MiniOzoneClusterImpl-fe7ca568-a673-4336-8267-b2734a58a5d6/datanode-3/data/containers/hdds
2019-11-14 14:46:28,651 [main] INFO  impl.RaftServerProxy (ConfUtils.java:logGet(43)) - raft.rpc.type = GRPC (default)
2019-11-14 14:46:28,651 [main] INFO  grpc.GrpcFactory (GrpcFactory.java:checkPooledByteBufAllocatorUseCacheForAllThreads(45)) - PERFORMANCE WARNING: useCacheForAllThreads is true that may cause Netty to create a lot garbage objects and, as a result, trigger GC.
	It is recommended to disable useCacheForAllThreads by setting -Dorg.apache.ratis.thirdparty.io.netty.allocator.useCacheForAllThreads=false in command line.
2019-11-14 14:46:28,651 [main] INFO  grpc.GrpcConfigKeys$Server (ConfUtils.java:logGet(43)) - raft.grpc.server.port = 0 (default)
2019-11-14 14:46:28,652 [main] INFO  server.GrpcService (ConfUtils.java:logGet(43)) - raft.grpc.message.size.max = 33570816 (custom)
2019-11-14 14:46:28,652 [main] INFO  server.RaftServerConfigKeys (ConfUtils.java:logGet(43)) - raft.server.log.appender.buffer.byte-limit = 33554432 (custom)
2019-11-14 14:46:28,652 [main] INFO  server.GrpcService (ConfUtils.java:logGet(43)) - raft.grpc.flow.control.window = 1MB (=1048576) (default)
2019-11-14 14:46:28,652 [main] INFO  server.RaftServerConfigKeys (ConfUtils.java:logGet(43)) - raft.server.rpc.request.timeout = 3000ms (default)
2019-11-14 14:46:28,652 [main] INFO  server.RaftServerConfigKeys (ConfUtils.java:logGet(43)) - raft.server.storage.dir = [/workdir/hadoop-ozone/integration-test/target/test-dir/MiniOzoneClusterImpl-fe7ca568-a673-4336-8267-b2734a58a5d6/datanode-3/data/ratis] (custom)
2019-11-14 14:46:28,654 [main] INFO  hdfs.DFSUtil (DFSUtil.java:httpServerTemplateForNNAndJN(1641)) - Starting Web-server for hddsDatanode at: http://0.0.0.0:0
2019-11-14 14:46:28,655 [main] INFO  server.AuthenticationFilter (AuthenticationFilter.java:constructSecretProvider(240)) - Unable to initialize FileSignerSecretProvider, falling back to use random secrets.
2019-11-14 14:46:28,655 [main] WARN  http.HttpRequestLog (HttpRequestLog.java:getRequestLog(97)) - Jetty request log can only be enabled using Log4j
2019-11-14 14:46:28,657 [main] INFO  http.HttpServer2 (HttpServer2.java:addGlobalFilter(975)) - Added global filter 'safety' (class=org.apache.hadoop.http.HttpServer2$QuotingInputFilter)
2019-11-14 14:46:28,657 [main] INFO  http.HttpServer2 (HttpServer2.java:addFilter(948)) - Added filter static_user_filter (class=org.apache.hadoop.http.lib.StaticUserWebFilter$StaticUserFilter) to context hddsDatanode
2019-11-14 14:46:28,657 [main] INFO  http.HttpServer2 (HttpServer2.java:addFilter(958)) - Added filter static_user_filter (class=org.apache.hadoop.http.lib.StaticUserWebFilter$StaticUserFilter) to context logs
2019-11-14 14:46:28,657 [main] INFO  http.HttpServer2 (HttpServer2.java:addFilter(958)) - Added filter static_user_filter (class=org.apache.hadoop.http.lib.StaticUserWebFilter$StaticUserFilter) to context static
2019-11-14 14:46:28,658 [main] INFO  http.HttpServer2 (HttpServer2.java:bindListener(1191)) - Jetty bound to port 34327
2019-11-14 14:46:28,658 [main] INFO  server.Server (Server.java:doStart(351)) - jetty-9.3.25.v20180904, build timestamp: 2018-09-04T21:11:46Z, git hash: 3ce520221d0240229c862b122d2b06c12a625732
2019-11-14 14:46:28,660 [main] INFO  handler.ContextHandler (ContextHandler.java:doStart(781)) - Started o.e.j.s.ServletContextHandler@7f7b6639{/logs,file:///workdir/hadoop-ozone/integration-test/target/log,AVAILABLE}
2019-11-14 14:46:28,660 [main] INFO  handler.ContextHandler (ContextHandler.java:doStart(781)) - Started o.e.j.s.ServletContextHandler@3965bdf9{/static,jar:file:/home/user/.m2/repository/org/apache/hadoop/hadoop-hdds-container-service/0.5.0-SNAPSHOT/hadoop-hdds-container-service-0.5.0-SNAPSHOT.jar!/webapps/static,AVAILABLE}
2019-11-14 14:46:28,689 [main] INFO  handler.ContextHandler (ContextHandler.java:doStart(781)) - Started o.e.j.w.WebAppContext@53c99b09{/,file:///tmp/jetty-0.0.0.0-34327-hddsDatanode-_-any-6747527935738721373.dir/webapp/,AVAILABLE}{/hddsDatanode}
2019-11-14 14:46:28,689 [main] INFO  server.AbstractConnector (AbstractConnector.java:doStart(278)) - Started ServerConnector@2539cd1c{HTTP/1.1,[http/1.1]}{0.0.0.0:34327}
2019-11-14 14:46:28,690 [main] INFO  server.Server (Server.java:doStart(419)) - Started @140745ms
2019-11-14 14:46:28,690 [main] WARN  impl.MetricsSystemImpl (MetricsSystemImpl.java:register(276)) - Sink prometheus already exists!
2019-11-14 14:46:28,691 [main] INFO  server.BaseHttpServer (BaseHttpServer.java:updateConnectorAddress(215)) - HTTP server of HDDSDATANODE is listening at http://0.0.0.0:34327
2019-11-14 14:46:28,692 [main] INFO  impl.MetricsSystemImpl (MetricsSystemImpl.java:init(158)) - HddsDatanode metrics system started (again)
2019-11-14 14:46:28,694 [org.apache.hadoop.util.JvmPauseMonitor$Monitor@c1c01c6] INFO  util.JvmPauseMonitor (JvmPauseMonitor.java:run(188)) - Starting JVM pause monitor
2019-11-14 14:46:28,694 [main] INFO  ozone.HddsDatanodeService (HddsDatanodeService.java:start(186)) - HddsDatanodeService host:pr-hdds-2408-9n676-254309887 ip:192.168.157.221
2019-11-14 14:46:28,696 [Datanode State Machine Thread - 0] INFO  datanode.InitDatanodeState (InitDatanodeState.java:persistContainerDatanodeDetails(140)) - DatanodeDetails is persisted to /workdir/hadoop-ozone/integration-test/target/test-dir/MiniOzoneClusterImpl-fe7ca568-a673-4336-8267-b2734a58a5d6/datanode-3/meta/datanode.id
2019-11-14 14:46:28,701 [main] INFO  volume.HddsVolume (HddsVolume.java:<init>(176)) - Creating Volume: /workdir/hadoop-ozone/integration-test/target/test-dir/MiniOzoneClusterImpl-fe7ca568-a673-4336-8267-b2734a58a5d6/datanode-4/data/containers/hdds of  storage type : DISK and capacity : 1482555576320
2019-11-14 14:46:28,701 [main] INFO  volume.VolumeSet (VolumeSet.java:initializeVolumeSet(170)) - Added Volume : /workdir/hadoop-ozone/integration-test/target/test-dir/MiniOzoneClusterImpl-fe7ca568-a673-4336-8267-b2734a58a5d6/datanode-4/data/containers/hdds to VolumeSet
2019-11-14 14:46:28,701 [main] INFO  volume.ThrottledAsyncChecker (ThrottledAsyncChecker.java:schedule(141)) - Scheduling a check for /workdir/hadoop-ozone/integration-test/target/test-dir/MiniOzoneClusterImpl-fe7ca568-a673-4336-8267-b2734a58a5d6/datanode-4/data/containers/hdds
2019-11-14 14:46:28,702 [main] INFO  volume.HddsVolumeChecker (HddsVolumeChecker.java:checkAllVolumes(204)) - Scheduled health check for volume /workdir/hadoop-ozone/integration-test/target/test-dir/MiniOzoneClusterImpl-fe7ca568-a673-4336-8267-b2734a58a5d6/datanode-4/data/containers/hdds
2019-11-14 14:46:28,717 [main] INFO  impl.RaftServerProxy (ConfUtils.java:logGet(43)) - raft.rpc.type = GRPC (default)
2019-11-14 14:46:28,717 [main] INFO  grpc.GrpcFactory (GrpcFactory.java:checkPooledByteBufAllocatorUseCacheForAllThreads(45)) - PERFORMANCE WARNING: useCacheForAllThreads is true that may cause Netty to create a lot garbage objects and, as a result, trigger GC.
	It is recommended to disable useCacheForAllThreads by setting -Dorg.apache.ratis.thirdparty.io.netty.allocator.useCacheForAllThreads=false in command line.
2019-11-14 14:46:28,718 [main] INFO  grpc.GrpcConfigKeys$Server (ConfUtils.java:logGet(43)) - raft.grpc.server.port = 0 (default)
2019-11-14 14:46:28,718 [main] INFO  server.GrpcService (ConfUtils.java:logGet(43)) - raft.grpc.message.size.max = 33570816 (custom)
2019-11-14 14:46:28,718 [main] INFO  server.RaftServerConfigKeys (ConfUtils.java:logGet(43)) - raft.server.log.appender.buffer.byte-limit = 33554432 (custom)
2019-11-14 14:46:28,718 [main] INFO  server.GrpcService (ConfUtils.java:logGet(43)) - raft.grpc.flow.control.window = 1MB (=1048576) (default)
2019-11-14 14:46:28,718 [main] INFO  server.RaftServerConfigKeys (ConfUtils.java:logGet(43)) - raft.server.rpc.request.timeout = 3000ms (default)
2019-11-14 14:46:28,719 [main] INFO  server.RaftServerConfigKeys (ConfUtils.java:logGet(43)) - raft.server.storage.dir = [/workdir/hadoop-ozone/integration-test/target/test-dir/MiniOzoneClusterImpl-fe7ca568-a673-4336-8267-b2734a58a5d6/datanode-4/data/ratis] (custom)
2019-11-14 14:46:28,721 [main] INFO  hdfs.DFSUtil (DFSUtil.java:httpServerTemplateForNNAndJN(1641)) - Starting Web-server for hddsDatanode at: http://0.0.0.0:0
2019-11-14 14:46:28,722 [main] INFO  server.AuthenticationFilter (AuthenticationFilter.java:constructSecretProvider(240)) - Unable to initialize FileSignerSecretProvider, falling back to use random secrets.
2019-11-14 14:46:28,722 [main] WARN  http.HttpRequestLog (HttpRequestLog.java:getRequestLog(97)) - Jetty request log can only be enabled using Log4j
2019-11-14 14:46:28,723 [main] INFO  http.HttpServer2 (HttpServer2.java:addGlobalFilter(975)) - Added global filter 'safety' (class=org.apache.hadoop.http.HttpServer2$QuotingInputFilter)
2019-11-14 14:46:28,724 [main] INFO  http.HttpServer2 (HttpServer2.java:addFilter(948)) - Added filter static_user_filter (class=org.apache.hadoop.http.lib.StaticUserWebFilter$StaticUserFilter) to context hddsDatanode
2019-11-14 14:46:28,724 [main] INFO  http.HttpServer2 (HttpServer2.java:addFilter(958)) - Added filter static_user_filter (class=org.apache.hadoop.http.lib.StaticUserWebFilter$StaticUserFilter) to context logs
2019-11-14 14:46:28,724 [main] INFO  http.HttpServer2 (HttpServer2.java:addFilter(958)) - Added filter static_user_filter (class=org.apache.hadoop.http.lib.StaticUserWebFilter$StaticUserFilter) to context static
2019-11-14 14:46:28,725 [main] INFO  http.HttpServer2 (HttpServer2.java:bindListener(1191)) - Jetty bound to port 37142
2019-11-14 14:46:28,725 [main] INFO  server.Server (Server.java:doStart(351)) - jetty-9.3.25.v20180904, build timestamp: 2018-09-04T21:11:46Z, git hash: 3ce520221d0240229c862b122d2b06c12a625732
2019-11-14 14:46:28,726 [main] INFO  handler.ContextHandler (ContextHandler.java:doStart(781)) - Started o.e.j.s.ServletContextHandler@4c0e426a{/logs,file:///workdir/hadoop-ozone/integration-test/target/log,AVAILABLE}
2019-11-14 14:46:28,727 [main] INFO  handler.ContextHandler (ContextHandler.java:doStart(781)) - Started o.e.j.s.ServletContextHandler@34d713a2{/static,jar:file:/home/user/.m2/repository/org/apache/hadoop/hadoop-hdds-container-service/0.5.0-SNAPSHOT/hadoop-hdds-container-service-0.5.0-SNAPSHOT.jar!/webapps/static,AVAILABLE}
2019-11-14 14:46:28,755 [main] INFO  handler.ContextHandler (ContextHandler.java:doStart(781)) - Started o.e.j.w.WebAppContext@23cbbd07{/,file:///tmp/jetty-0.0.0.0-37142-hddsDatanode-_-any-106678907186642587.dir/webapp/,AVAILABLE}{/hddsDatanode}
2019-11-14 14:46:28,756 [main] INFO  server.AbstractConnector (AbstractConnector.java:doStart(278)) - Started ServerConnector@448b808a{HTTP/1.1,[http/1.1]}{0.0.0.0:37142}
2019-11-14 14:46:28,757 [main] INFO  server.Server (Server.java:doStart(419)) - Started @140811ms
2019-11-14 14:46:28,757 [main] WARN  impl.MetricsSystemImpl (MetricsSystemImpl.java:register(276)) - Sink prometheus already exists!
2019-11-14 14:46:28,758 [main] INFO  server.BaseHttpServer (BaseHttpServer.java:updateConnectorAddress(215)) - HTTP server of HDDSDATANODE is listening at http://0.0.0.0:37142
2019-11-14 14:46:28,758 [main] INFO  impl.MetricsSystemImpl (MetricsSystemImpl.java:init(158)) - HddsDatanode metrics system started (again)
2019-11-14 14:46:28,760 [org.apache.hadoop.util.JvmPauseMonitor$Monitor@1ee2cc5d] INFO  util.JvmPauseMonitor (JvmPauseMonitor.java:run(188)) - Starting JVM pause monitor
2019-11-14 14:46:28,762 [main] INFO  ozone.HddsDatanodeService (HddsDatanodeService.java:start(186)) - HddsDatanodeService host:pr-hdds-2408-9n676-254309887 ip:192.168.157.221
2019-11-14 14:46:28,762 [Datanode State Machine Thread - 0] INFO  datanode.InitDatanodeState (InitDatanodeState.java:persistContainerDatanodeDetails(140)) - DatanodeDetails is persisted to /workdir/hadoop-ozone/integration-test/target/test-dir/MiniOzoneClusterImpl-fe7ca568-a673-4336-8267-b2734a58a5d6/datanode-4/meta/datanode.id
2019-11-14 14:46:28,769 [main] INFO  volume.HddsVolume (HddsVolume.java:<init>(176)) - Creating Volume: /workdir/hadoop-ozone/integration-test/target/test-dir/MiniOzoneClusterImpl-fe7ca568-a673-4336-8267-b2734a58a5d6/datanode-5/data/containers/hdds of  storage type : DISK and capacity : 1482555576320
2019-11-14 14:46:28,769 [main] INFO  volume.VolumeSet (VolumeSet.java:initializeVolumeSet(170)) - Added Volume : /workdir/hadoop-ozone/integration-test/target/test-dir/MiniOzoneClusterImpl-fe7ca568-a673-4336-8267-b2734a58a5d6/datanode-5/data/containers/hdds to VolumeSet
2019-11-14 14:46:28,769 [main] INFO  volume.ThrottledAsyncChecker (ThrottledAsyncChecker.java:schedule(141)) - Scheduling a check for /workdir/hadoop-ozone/integration-test/target/test-dir/MiniOzoneClusterImpl-fe7ca568-a673-4336-8267-b2734a58a5d6/datanode-5/data/containers/hdds
2019-11-14 14:46:28,770 [main] INFO  volume.HddsVolumeChecker (HddsVolumeChecker.java:checkAllVolumes(204)) - Scheduled health check for volume /workdir/hadoop-ozone/integration-test/target/test-dir/MiniOzoneClusterImpl-fe7ca568-a673-4336-8267-b2734a58a5d6/datanode-5/data/containers/hdds
2019-11-14 14:46:28,790 [main] INFO  impl.RaftServerProxy (ConfUtils.java:logGet(43)) - raft.rpc.type = GRPC (default)
2019-11-14 14:46:28,790 [main] INFO  grpc.GrpcFactory (GrpcFactory.java:checkPooledByteBufAllocatorUseCacheForAllThreads(45)) - PERFORMANCE WARNING: useCacheForAllThreads is true that may cause Netty to create a lot garbage objects and, as a result, trigger GC.
	It is recommended to disable useCacheForAllThreads by setting -Dorg.apache.ratis.thirdparty.io.netty.allocator.useCacheForAllThreads=false in command line.
2019-11-14 14:46:28,790 [main] INFO  grpc.GrpcConfigKeys$Server (ConfUtils.java:logGet(43)) - raft.grpc.server.port = 0 (default)
2019-11-14 14:46:28,791 [main] INFO  server.GrpcService (ConfUtils.java:logGet(43)) - raft.grpc.message.size.max = 33570816 (custom)
2019-11-14 14:46:28,791 [main] INFO  server.RaftServerConfigKeys (ConfUtils.java:logGet(43)) - raft.server.log.appender.buffer.byte-limit = 33554432 (custom)
2019-11-14 14:46:28,791 [main] INFO  server.GrpcService (ConfUtils.java:logGet(43)) - raft.grpc.flow.control.window = 1MB (=1048576) (default)
2019-11-14 14:46:28,791 [main] INFO  server.RaftServerConfigKeys (ConfUtils.java:logGet(43)) - raft.server.rpc.request.timeout = 3000ms (default)
2019-11-14 14:46:28,792 [main] INFO  server.RaftServerConfigKeys (ConfUtils.java:logGet(43)) - raft.server.storage.dir = [/workdir/hadoop-ozone/integration-test/target/test-dir/MiniOzoneClusterImpl-fe7ca568-a673-4336-8267-b2734a58a5d6/datanode-5/data/ratis] (custom)
2019-11-14 14:46:28,795 [main] INFO  hdfs.DFSUtil (DFSUtil.java:httpServerTemplateForNNAndJN(1641)) - Starting Web-server for hddsDatanode at: http://0.0.0.0:0
2019-11-14 14:46:28,799 [main] INFO  server.AuthenticationFilter (AuthenticationFilter.java:constructSecretProvider(240)) - Unable to initialize FileSignerSecretProvider, falling back to use random secrets.
2019-11-14 14:46:28,799 [main] WARN  http.HttpRequestLog (HttpRequestLog.java:getRequestLog(97)) - Jetty request log can only be enabled using Log4j
2019-11-14 14:46:28,800 [main] INFO  http.HttpServer2 (HttpServer2.java:addGlobalFilter(975)) - Added global filter 'safety' (class=org.apache.hadoop.http.HttpServer2$QuotingInputFilter)
2019-11-14 14:46:28,801 [main] INFO  http.HttpServer2 (HttpServer2.java:addFilter(948)) - Added filter static_user_filter (class=org.apache.hadoop.http.lib.StaticUserWebFilter$StaticUserFilter) to context hddsDatanode
2019-11-14 14:46:28,801 [main] INFO  http.HttpServer2 (HttpServer2.java:addFilter(958)) - Added filter static_user_filter (class=org.apache.hadoop.http.lib.StaticUserWebFilter$StaticUserFilter) to context logs
2019-11-14 14:46:28,801 [main] INFO  http.HttpServer2 (HttpServer2.java:addFilter(958)) - Added filter static_user_filter (class=org.apache.hadoop.http.lib.StaticUserWebFilter$StaticUserFilter) to context static
2019-11-14 14:46:28,802 [main] INFO  http.HttpServer2 (HttpServer2.java:bindListener(1191)) - Jetty bound to port 42587
2019-11-14 14:46:28,802 [main] INFO  server.Server (Server.java:doStart(351)) - jetty-9.3.25.v20180904, build timestamp: 2018-09-04T21:11:46Z, git hash: 3ce520221d0240229c862b122d2b06c12a625732
2019-11-14 14:46:28,803 [main] INFO  handler.ContextHandler (ContextHandler.java:doStart(781)) - Started o.e.j.s.ServletContextHandler@78d71df1{/logs,file:///workdir/hadoop-ozone/integration-test/target/log,AVAILABLE}
2019-11-14 14:46:28,804 [main] INFO  handler.ContextHandler (ContextHandler.java:doStart(781)) - Started o.e.j.s.ServletContextHandler@a9c5b75{/static,jar:file:/home/user/.m2/repository/org/apache/hadoop/hadoop-hdds-container-service/0.5.0-SNAPSHOT/hadoop-hdds-container-service-0.5.0-SNAPSHOT.jar!/webapps/static,AVAILABLE}
2019-11-14 14:46:28,831 [main] INFO  handler.ContextHandler (ContextHandler.java:doStart(781)) - Started o.e.j.w.WebAppContext@52227eb2{/,file:///tmp/jetty-0.0.0.0-42587-hddsDatanode-_-any-4877676724805325614.dir/webapp/,AVAILABLE}{/hddsDatanode}
2019-11-14 14:46:28,831 [main] INFO  server.AbstractConnector (AbstractConnector.java:doStart(278)) - Started ServerConnector@5ad1904f{HTTP/1.1,[http/1.1]}{0.0.0.0:42587}
2019-11-14 14:46:28,833 [main] INFO  server.Server (Server.java:doStart(419)) - Started @140888ms
2019-11-14 14:46:28,834 [main] WARN  impl.MetricsSystemImpl (MetricsSystemImpl.java:register(276)) - Sink prometheus already exists!
2019-11-14 14:46:28,835 [main] INFO  server.BaseHttpServer (BaseHttpServer.java:updateConnectorAddress(215)) - HTTP server of HDDSDATANODE is listening at http://0.0.0.0:42587
2019-11-14 14:46:28,835 [main] INFO  ozone.MiniOzoneClusterImpl (MiniOzoneClusterImpl.java:lambda$waitForClusterToBeReady$2(171)) - Waiting for cluster to be ready. Got 0 of 6 DN Heartbeats.
2019-11-14 14:46:28,837 [org.apache.hadoop.util.JvmPauseMonitor$Monitor@5a2de42c] INFO  util.JvmPauseMonitor (JvmPauseMonitor.java:run(188)) - Starting JVM pause monitor
2019-11-14 14:46:28,840 [Datanode State Machine Thread - 0] INFO  datanode.InitDatanodeState (InitDatanodeState.java:persistContainerDatanodeDetails(140)) - DatanodeDetails is persisted to /workdir/hadoop-ozone/integration-test/target/test-dir/MiniOzoneClusterImpl-fe7ca568-a673-4336-8267-b2734a58a5d6/datanode-5/meta/datanode.id
2019-11-14 14:46:29,835 [main] INFO  ozone.MiniOzoneClusterImpl (MiniOzoneClusterImpl.java:lambda$waitForClusterToBeReady$2(171)) - Waiting for cluster to be ready. Got 0 of 6 DN Heartbeats.
2019-11-14 14:46:30,506 [Datanode State Machine Thread - 0] INFO  ozoneimpl.OzoneContainer (OzoneContainer.java:start(230)) - Attempting to start container services.
2019-11-14 14:46:30,507 [Datanode State Machine Thread - 0] INFO  ozoneimpl.OzoneContainer (OzoneContainer.java:startContainerScrub(194)) - Background container scanner has been disabled.
2019-11-14 14:46:30,507 [Datanode State Machine Thread - 0] INFO  ratis.XceiverServerRatis (XceiverServerRatis.java:start(421)) - Starting XceiverServerRatis c792febc-28cf-4355-b2f7-5c4ed618863d at port 0
2019-11-14 14:46:30,517 [Datanode State Machine Thread - 0] INFO  impl.RaftServerProxy (RaftServerProxy.java:lambda$start$3(299)) - c792febc-28cf-4355-b2f7-5c4ed618863d: start RPC server
2019-11-14 14:46:30,520 [Datanode State Machine Thread - 0] INFO  server.GrpcService (GrpcService.java:startImpl(158)) - c792febc-28cf-4355-b2f7-5c4ed618863d: GrpcService started, listening on 0.0.0.0/0.0.0.0:39600
2019-11-14 14:46:30,520 [Datanode State Machine Thread - 0] INFO  ratis.XceiverServerRatis (XceiverServerRatis.java:start(431)) - XceiverServerRatis c792febc-28cf-4355-b2f7-5c4ed618863d is started using port 39600
2019-11-14 14:46:30,521 [Datanode State Machine Thread - 0] INFO  server.XceiverServerGrpc (XceiverServerGrpc.java:start(145)) - XceiverServerGrpc c792febc-28cf-4355-b2f7-5c4ed618863d is started using port 33211
2019-11-14 14:46:30,571 [Datanode State Machine Thread - 0] INFO  ozoneimpl.OzoneContainer (OzoneContainer.java:start(230)) - Attempting to start container services.
2019-11-14 14:46:30,571 [Datanode State Machine Thread - 0] INFO  ozoneimpl.OzoneContainer (OzoneContainer.java:startContainerScrub(194)) - Background container scanner has been disabled.
2019-11-14 14:46:30,571 [Datanode State Machine Thread - 0] INFO  ratis.XceiverServerRatis (XceiverServerRatis.java:start(421)) - Starting XceiverServerRatis 57a77f7a-d8c9-4cec-aa3c-e1c9007164ed at port 0
2019-11-14 14:46:30,580 [Datanode State Machine Thread - 0] INFO  impl.RaftServerProxy (RaftServerProxy.java:lambda$start$3(299)) - 57a77f7a-d8c9-4cec-aa3c-e1c9007164ed: start RPC server
2019-11-14 14:46:30,581 [Datanode State Machine Thread - 0] INFO  server.GrpcService (GrpcService.java:startImpl(158)) - 57a77f7a-d8c9-4cec-aa3c-e1c9007164ed: GrpcService started, listening on 0.0.0.0/0.0.0.0:37354
2019-11-14 14:46:30,581 [Datanode State Machine Thread - 0] INFO  ratis.XceiverServerRatis (XceiverServerRatis.java:start(431)) - XceiverServerRatis 57a77f7a-d8c9-4cec-aa3c-e1c9007164ed is started using port 37354
2019-11-14 14:46:30,583 [Datanode State Machine Thread - 0] INFO  server.XceiverServerGrpc (XceiverServerGrpc.java:start(145)) - XceiverServerGrpc 57a77f7a-d8c9-4cec-aa3c-e1c9007164ed is started using port 39259
2019-11-14 14:46:30,656 [Datanode State Machine Thread - 0] INFO  ozoneimpl.OzoneContainer (OzoneContainer.java:start(230)) - Attempting to start container services.
2019-11-14 14:46:30,657 [Datanode State Machine Thread - 0] INFO  ozoneimpl.OzoneContainer (OzoneContainer.java:startContainerScrub(194)) - Background container scanner has been disabled.
2019-11-14 14:46:30,657 [Datanode State Machine Thread - 0] INFO  ratis.XceiverServerRatis (XceiverServerRatis.java:start(421)) - Starting XceiverServerRatis d630e0b1-4536-4869-ba91-999e142c5c29 at port 0
2019-11-14 14:46:30,664 [Datanode State Machine Thread - 0] INFO  impl.RaftServerProxy (RaftServerProxy.java:lambda$start$3(299)) - d630e0b1-4536-4869-ba91-999e142c5c29: start RPC server
2019-11-14 14:46:30,665 [Datanode State Machine Thread - 0] INFO  server.GrpcService (GrpcService.java:startImpl(158)) - d630e0b1-4536-4869-ba91-999e142c5c29: GrpcService started, listening on 0.0.0.0/0.0.0.0:34031
2019-11-14 14:46:30,665 [Datanode State Machine Thread - 0] INFO  ratis.XceiverServerRatis (XceiverServerRatis.java:start(431)) - XceiverServerRatis d630e0b1-4536-4869-ba91-999e142c5c29 is started using port 34031
2019-11-14 14:46:30,666 [Datanode State Machine Thread - 0] INFO  server.XceiverServerGrpc (XceiverServerGrpc.java:start(145)) - XceiverServerGrpc d630e0b1-4536-4869-ba91-999e142c5c29 is started using port 43486
2019-11-14 14:46:30,717 [Datanode State Machine Thread - 0] INFO  ozoneimpl.OzoneContainer (OzoneContainer.java:start(230)) - Attempting to start container services.
2019-11-14 14:46:30,717 [Datanode State Machine Thread - 0] INFO  ozoneimpl.OzoneContainer (OzoneContainer.java:startContainerScrub(194)) - Background container scanner has been disabled.
2019-11-14 14:46:30,717 [Datanode State Machine Thread - 0] INFO  ratis.XceiverServerRatis (XceiverServerRatis.java:start(421)) - Starting XceiverServerRatis 7df5b927-629b-4e54-9168-113c4a7809a2 at port 0
2019-11-14 14:46:30,724 [Datanode State Machine Thread - 0] INFO  impl.RaftServerProxy (RaftServerProxy.java:lambda$start$3(299)) - 7df5b927-629b-4e54-9168-113c4a7809a2: start RPC server
2019-11-14 14:46:30,724 [Datanode State Machine Thread - 0] INFO  server.GrpcService (GrpcService.java:startImpl(158)) - 7df5b927-629b-4e54-9168-113c4a7809a2: GrpcService started, listening on 0.0.0.0/0.0.0.0:44414
2019-11-14 14:46:30,725 [Datanode State Machine Thread - 0] INFO  ratis.XceiverServerRatis (XceiverServerRatis.java:start(431)) - XceiverServerRatis 7df5b927-629b-4e54-9168-113c4a7809a2 is started using port 44414
2019-11-14 14:46:30,725 [Datanode State Machine Thread - 0] INFO  server.XceiverServerGrpc (XceiverServerGrpc.java:start(145)) - XceiverServerGrpc 7df5b927-629b-4e54-9168-113c4a7809a2 is started using port 33293
2019-11-14 14:46:30,788 [Datanode State Machine Thread - 0] INFO  ozoneimpl.OzoneContainer (OzoneContainer.java:start(230)) - Attempting to start container services.
2019-11-14 14:46:30,789 [Datanode State Machine Thread - 0] INFO  ozoneimpl.OzoneContainer (OzoneContainer.java:startContainerScrub(194)) - Background container scanner has been disabled.
2019-11-14 14:46:30,789 [Datanode State Machine Thread - 0] INFO  ratis.XceiverServerRatis (XceiverServerRatis.java:start(421)) - Starting XceiverServerRatis f7c73f5f-a922-4e72-9f0e-14e1adb29082 at port 0
2019-11-14 14:46:30,795 [Datanode State Machine Thread - 0] INFO  impl.RaftServerProxy (RaftServerProxy.java:lambda$start$3(299)) - f7c73f5f-a922-4e72-9f0e-14e1adb29082: start RPC server
2019-11-14 14:46:30,797 [Datanode State Machine Thread - 0] INFO  server.GrpcService (GrpcService.java:startImpl(158)) - f7c73f5f-a922-4e72-9f0e-14e1adb29082: GrpcService started, listening on 0.0.0.0/0.0.0.0:38185
2019-11-14 14:46:30,797 [Datanode State Machine Thread - 0] INFO  ratis.XceiverServerRatis (XceiverServerRatis.java:start(431)) - XceiverServerRatis f7c73f5f-a922-4e72-9f0e-14e1adb29082 is started using port 38185
2019-11-14 14:46:30,798 [Datanode State Machine Thread - 0] INFO  server.XceiverServerGrpc (XceiverServerGrpc.java:start(145)) - XceiverServerGrpc f7c73f5f-a922-4e72-9f0e-14e1adb29082 is started using port 45306
2019-11-14 14:46:30,836 [main] INFO  ozone.MiniOzoneClusterImpl (MiniOzoneClusterImpl.java:lambda$waitForClusterToBeReady$2(171)) - Waiting for cluster to be ready. Got 0 of 6 DN Heartbeats.
2019-11-14 14:46:30,861 [Datanode State Machine Thread - 0] INFO  ozoneimpl.OzoneContainer (OzoneContainer.java:start(230)) - Attempting to start container services.
2019-11-14 14:46:30,861 [Datanode State Machine Thread - 0] INFO  ozoneimpl.OzoneContainer (OzoneContainer.java:startContainerScrub(194)) - Background container scanner has been disabled.
2019-11-14 14:46:30,861 [Datanode State Machine Thread - 0] INFO  ratis.XceiverServerRatis (XceiverServerRatis.java:start(421)) - Starting XceiverServerRatis 26facaca-2eaa-4eab-ad66-7bd9fd6334c7 at port 0
2019-11-14 14:46:30,867 [Datanode State Machine Thread - 0] INFO  impl.RaftServerProxy (RaftServerProxy.java:lambda$start$3(299)) - 26facaca-2eaa-4eab-ad66-7bd9fd6334c7: start RPC server
2019-11-14 14:46:30,867 [Datanode State Machine Thread - 0] INFO  server.GrpcService (GrpcService.java:startImpl(158)) - 26facaca-2eaa-4eab-ad66-7bd9fd6334c7: GrpcService started, listening on 0.0.0.0/0.0.0.0:41610
2019-11-14 14:46:30,868 [Datanode State Machine Thread - 0] INFO  ratis.XceiverServerRatis (XceiverServerRatis.java:start(431)) - XceiverServerRatis 26facaca-2eaa-4eab-ad66-7bd9fd6334c7 is started using port 41610
2019-11-14 14:46:30,868 [Datanode State Machine Thread - 0] INFO  server.XceiverServerGrpc (XceiverServerGrpc.java:start(145)) - XceiverServerGrpc 26facaca-2eaa-4eab-ad66-7bd9fd6334c7 is started using port 44669
2019-11-14 14:46:31,837 [main] INFO  ozone.MiniOzoneClusterImpl (MiniOzoneClusterImpl.java:lambda$waitForClusterToBeReady$2(171)) - Waiting for cluster to be ready. Got 0 of 6 DN Heartbeats.
2019-11-14 14:46:32,474 [IPC Server handler 2 on 43425] INFO  net.NetworkTopology (NetworkTopologyImpl.java:add(111)) - Added a new node: /default-rack/c792febc-28cf-4355-b2f7-5c4ed618863d
2019-11-14 14:46:32,476 [IPC Server handler 2 on 43425] INFO  node.SCMNodeManager (SCMNodeManager.java:register(267)) - Registered Data node : c792febc-28cf-4355-b2f7-5c4ed618863d{ip: 192.168.157.221, host: pr-hdds-2408-9n676-254309887, networkLocation: /default-rack, certSerialId: null}
2019-11-14 14:46:32,477 [EventQueue-NodeRegistrationContainerReportForDataNodeSafeModeRule] INFO  safemode.SCMSafeModeManager (DataNodeSafeModeRule.java:process(71)) - SCM in safe mode. 1 DataNodes registered, 1 required.
2019-11-14 14:46:32,479 [EventQueue-NodeRegistrationContainerReportForContainerSafeModeRule] INFO  safemode.SCMSafeModeManager (SCMSafeModeManager.java:validateSafeModeExitRules(177)) - ScmSafeModeManager, all rules are successfully validated
2019-11-14 14:46:32,480 [EventQueue-NodeRegistrationContainerReportForContainerSafeModeRule] INFO  safemode.SCMSafeModeManager (SCMSafeModeManager.java:exitSafeMode(193)) - SCM exiting safe mode.
2019-11-14 14:46:32,488 [grpc-default-executor-5] INFO  impl.RaftServerProxy (RaftServerProxy.java:addNew(89)) - c792febc-28cf-4355-b2f7-5c4ed618863d: addNew group-206B723D1309:[c792febc-28cf-4355-b2f7-5c4ed618863d:192.168.157.221:39600] returns group-206B723D1309:java.util.concurrent.CompletableFuture@69091b1e[Not completed]
2019-11-14 14:46:32,491 [pool-153-thread-1] INFO  impl.RaftServerImpl (RaftServerImpl.java:<init>(98)) - c792febc-28cf-4355-b2f7-5c4ed618863d: new RaftServerImpl for group-206B723D1309:[c792febc-28cf-4355-b2f7-5c4ed618863d:192.168.157.221:39600] with ContainerStateMachine:uninitialized
2019-11-14 14:46:32,491 [pool-153-thread-1] INFO  server.RaftServerConfigKeys (ConfUtils.java:logGet(43)) - raft.server.rpc.timeout.min = 1s (custom)
2019-11-14 14:46:32,491 [pool-153-thread-1] INFO  server.RaftServerConfigKeys (ConfUtils.java:logGet(43)) - raft.server.rpc.timeout.max = 1200ms (custom)
2019-11-14 14:46:32,491 [pool-153-thread-1] INFO  server.RaftServerConfigKeys (ConfUtils.java:logGet(43)) - raft.server.rpcslowness.timeout = 120s (custom)
2019-11-14 14:46:32,491 [pool-153-thread-1] INFO  server.RaftServerConfigKeys (ConfUtils.java:logGet(43)) - raft.server.sleep.deviation.threshold = 300 (default)
2019-11-14 14:46:32,491 [pool-153-thread-1] INFO  server.RaftServerConfigKeys (ConfUtils.java:logGet(43)) - raft.server.log.appender.install.snapshot.enabled = false (custom)
2019-11-14 14:46:32,491 [pool-153-thread-1] INFO  impl.RaftServerImpl (ServerState.java:<init>(103)) - c792febc-28cf-4355-b2f7-5c4ed618863d@group-206B723D1309: ConfigurationManager, init=-1: [c792febc-28cf-4355-b2f7-5c4ed618863d:192.168.157.221:39600], old=null, confs=<EMPTY_MAP>
2019-11-14 14:46:32,492 [pool-153-thread-1] INFO  server.RaftServerConfigKeys (ConfUtils.java:logGet(43)) - raft.server.storage.dir = [/workdir/hadoop-ozone/integration-test/target/test-dir/MiniOzoneClusterImpl-fe7ca568-a673-4336-8267-b2734a58a5d6/datanode-0/data/ratis] (custom)
2019-11-14 14:46:32,492 [pool-153-thread-1] INFO  server.RaftServerConfigKeys (ConfUtils.java:logGet(43)) - raft.server.log.corruption.policy = EXCEPTION (default)
2019-11-14 14:46:32,492 [pool-153-thread-1] INFO  storage.RaftStorageDirectory (RaftStorageDirectory.java:analyzeStorage(246)) - The storage directory /workdir/hadoop-ozone/integration-test/target/test-dir/MiniOzoneClusterImpl-fe7ca568-a673-4336-8267-b2734a58a5d6/datanode-0/data/ratis/82ea00ae-d840-43e2-9ca8-206b723d1309 does not exist. Creating ...
2019-11-14 14:46:32,516 [pool-153-thread-1] INFO  storage.RaftStorageDirectory (RaftStorageDirectory.java:tryLock(328)) - Lock on /workdir/hadoop-ozone/integration-test/target/test-dir/MiniOzoneClusterImpl-fe7ca568-a673-4336-8267-b2734a58a5d6/datanode-0/data/ratis/82ea00ae-d840-43e2-9ca8-206b723d1309/in_use.lock acquired by nodename 20979@pr-hdds-2408-9n676-254309887
2019-11-14 14:46:32,540 [pool-153-thread-1] INFO  storage.RaftStorage (RaftStorage.java:format(84)) - Storage directory /workdir/hadoop-ozone/integration-test/target/test-dir/MiniOzoneClusterImpl-fe7ca568-a673-4336-8267-b2734a58a5d6/datanode-0/data/ratis/82ea00ae-d840-43e2-9ca8-206b723d1309 has been successfully formatted.
2019-11-14 14:46:32,540 [pool-153-thread-1] INFO  ratis.ContainerStateMachine (ContainerStateMachine.java:loadSnapshot(223)) - group-206B723D1309: The snapshot info is null. Setting the last applied indexto:(t:0, i:~)
2019-11-14 14:46:32,540 [pool-153-thread-1] INFO  server.RaftServerConfigKeys (ConfUtils.java:logGet(43)) - raft.server.notification.no-leader.timeout = 120s (custom)
2019-11-14 14:46:32,540 [pool-153-thread-1] INFO  server.RaftServerConfigKeys (ConfUtils.java:logGet(43)) - raft.server.log.use.memory = false (default)
2019-11-14 14:46:32,541 [pool-153-thread-1] INFO  server.RaftServerConfigKeys (ConfUtils.java:logGet(43)) - raft.server.log.purge.gap = 1000000 (custom)
2019-11-14 14:46:32,541 [pool-153-thread-1] INFO  server.RaftServerConfigKeys (ConfUtils.java:logGet(43)) - raft.server.log.appender.buffer.byte-limit = 33554432 (custom)
2019-11-14 14:46:32,541 [pool-153-thread-1] INFO  server.RaftServerConfigKeys (ConfUtils.java:logGet(43)) - raft.server.log.segment.size.max = 1048576 (custom)
2019-11-14 14:46:32,541 [pool-153-thread-1] WARN  impl.MetricRegistriesImpl (MetricRegistriesImpl.java:lambda$create$1(61)) - First MetricRegistry has been created without registering reporters. You may need to call MetricRegistries.global().addReportRegistration(...) before.
2019-11-14 14:46:32,541 [pool-153-thread-1] INFO  server.RaftServerConfigKeys (ConfUtils.java:logGet(43)) - raft.server.log.segment.cache.num.max = 2 (custom)
2019-11-14 14:46:32,541 [pool-153-thread-1] INFO  segmented.SegmentedRaftLogWorker (SegmentedRaftLogWorker.java:<init>(173)) - new c792febc-28cf-4355-b2f7-5c4ed618863d@group-206B723D1309-SegmentedRaftLogWorker for RaftStorage:Storage Directory /workdir/hadoop-ozone/integration-test/target/test-dir/MiniOzoneClusterImpl-fe7ca568-a673-4336-8267-b2734a58a5d6/datanode-0/data/ratis/82ea00ae-d840-43e2-9ca8-206b723d1309
2019-11-14 14:46:32,542 [pool-153-thread-1] INFO  server.RaftServerConfigKeys (ConfUtils.java:logGet(43)) - raft.server.log.queue.byte-limit = 2147483647 (custom)
2019-11-14 14:46:32,542 [pool-153-thread-1] INFO  server.RaftServerConfigKeys (ConfUtils.java:logGet(43)) - raft.server.log.queue.element-limit = 1024 (custom)
2019-11-14 14:46:32,542 [pool-153-thread-1] INFO  server.RaftServerConfigKeys (ConfUtils.java:logGet(43)) - raft.server.log.segment.size.max = 1048576 (custom)
2019-11-14 14:46:32,542 [pool-153-thread-1] INFO  server.RaftServerConfigKeys (ConfUtils.java:logGet(43)) - raft.server.log.preallocated.size = 16384 (custom)
2019-11-14 14:46:32,542 [pool-153-thread-1] INFO  server.RaftServerConfigKeys (ConfUtils.java:logGet(43)) - raft.server.log.write.buffer.size = 33554432 (custom)
2019-11-14 14:46:32,542 [pool-153-thread-1] INFO  server.RaftServerConfigKeys (ConfUtils.java:logGet(43)) - raft.server.log.force.sync.num = 128 (default)
2019-11-14 14:46:32,542 [pool-153-thread-1] INFO  server.RaftServerConfigKeys (ConfUtils.java:logGet(43)) - raft.server.log.statemachine.data.sync = true (default)
2019-11-14 14:46:32,542 [pool-153-thread-1] INFO  server.RaftServerConfigKeys (ConfUtils.java:logGet(43)) - raft.server.log.statemachine.data.sync.timeout = 10s (default)
2019-11-14 14:46:32,543 [pool-153-thread-1] INFO  server.RaftServerConfigKeys (ConfUtils.java:logGet(43)) - raft.server.log.statemachine.data.sync.timeout.retry = -1 (default)
2019-11-14 14:46:32,543 [pool-153-thread-1] INFO  server.RaftServerConfigKeys (ConfUtils.java:logGet(43)) - raft.server.log.statemachine.data.caching.enabled = true (custom)
2019-11-14 14:46:32,543 [pool-153-thread-1] INFO  segmented.SegmentedRaftLogWorker (SegmentedRaftLogWorker.java:lambda$new$0(128)) - c792febc-28cf-4355-b2f7-5c4ed618863d@group-206B723D1309-SegmentedRaftLogWorker: flushIndex: setUnconditionally 0 -> -1
2019-11-14 14:46:32,544 [pool-153-thread-1] INFO  server.RaftServerConfigKeys (ConfUtils.java:logGet(43)) - raft.server.snapshot.auto.trigger.enabled = true (custom)
2019-11-14 14:46:32,544 [pool-153-thread-1] INFO  server.RaftServerConfigKeys (ConfUtils.java:logGet(43)) - raft.server.snapshot.auto.trigger.threshold = 10000 (custom)
2019-11-14 14:46:32,544 [pool-153-thread-1] INFO  server.RaftServerConfigKeys (ConfUtils.java:logGet(43)) - raft.server.snapshot.retention.file.num = 5 (custom)
2019-11-14 14:46:32,544 [pool-153-thread-1] INFO  server.RaftServerConfigKeys (ConfUtils.java:logGet(43)) - raft.server.retrycache.expirytime = 600000ms (custom)
2019-11-14 14:46:32,544 [pool-153-thread-1] WARN  impl.MetricRegistriesImpl (MetricRegistriesImpl.java:lambda$create$1(61)) - First MetricRegistry has been created without registering reporters. You may need to call MetricRegistries.global().addReportRegistration(...) before.
2019-11-14 14:46:32,545 [pool-153-thread-1] WARN  impl.MetricRegistriesImpl (MetricRegistriesImpl.java:lambda$create$1(61)) - First MetricRegistry has been created without registering reporters. You may need to call MetricRegistries.global().addReportRegistration(...) before.
2019-11-14 14:46:32,545 [pool-153-thread-1] INFO  impl.RaftServerImpl (RaftServerImpl.java:start(184)) - c792febc-28cf-4355-b2f7-5c4ed618863d@group-206B723D1309: start as a follower, conf=-1: [c792febc-28cf-4355-b2f7-5c4ed618863d:192.168.157.221:39600], old=null
2019-11-14 14:46:32,545 [pool-153-thread-1] INFO  impl.RaftServerImpl (RaftServerImpl.java:setRole(173)) - c792febc-28cf-4355-b2f7-5c4ed618863d@group-206B723D1309: changes role from      null to FOLLOWER at term 0 for startAsFollower
2019-11-14 14:46:32,545 [pool-153-thread-1] INFO  impl.RoleInfo (RoleInfo.java:updateAndGet(143)) - c792febc-28cf-4355-b2f7-5c4ed618863d: start FollowerState
2019-11-14 14:46:32,546 [pool-153-thread-1] INFO  util.JmxRegister (JmxRegister.java:tryRegister(44)) - Successfully registered JMX Bean with object name Ratis:service=RaftServer,group=group-206B723D1309,id=c792febc-28cf-4355-b2f7-5c4ed618863d
2019-11-14 14:46:32,546 [pool-153-thread-1] WARN  impl.MetricRegistriesImpl (MetricRegistriesImpl.java:lambda$create$1(61)) - First MetricRegistry has been created without registering reporters. You may need to call MetricRegistries.global().addReportRegistration(...) before.
2019-11-14 14:46:32,546 [IPC Server handler 3 on 43425] INFO  net.NetworkTopology (NetworkTopologyImpl.java:add(111)) - Added a new node: /default-rack/57a77f7a-d8c9-4cec-aa3c-e1c9007164ed
2019-11-14 14:46:32,547 [IPC Server handler 3 on 43425] INFO  node.SCMNodeManager (SCMNodeManager.java:register(267)) - Registered Data node : 57a77f7a-d8c9-4cec-aa3c-e1c9007164ed{ip: 192.168.157.221, host: pr-hdds-2408-9n676-254309887, networkLocation: /default-rack, certSerialId: null}
2019-11-14 14:46:32,550 [RatisPipelineUtilsThread] INFO  pipeline.PipelineStateManager (PipelineStateManager.java:addPipeline(55)) - Created pipeline Pipeline[ Id: 82ea00ae-d840-43e2-9ca8-206b723d1309, Nodes: c792febc-28cf-4355-b2f7-5c4ed618863d{ip: 192.168.157.221, host: pr-hdds-2408-9n676-254309887, networkLocation: /default-rack, certSerialId: null}, Type:RATIS, Factor:ONE, State:ALLOCATED]
2019-11-14 14:46:32,557 [grpc-default-executor-5] INFO  impl.RaftServerProxy (RaftServerProxy.java:addNew(89)) - 57a77f7a-d8c9-4cec-aa3c-e1c9007164ed: addNew group-32C8987298E0:[57a77f7a-d8c9-4cec-aa3c-e1c9007164ed:192.168.157.221:37354] returns group-32C8987298E0:java.util.concurrent.CompletableFuture@5cdf6d6c[Not completed]
2019-11-14 14:46:32,559 [pool-163-thread-1] INFO  impl.RaftServerImpl (RaftServerImpl.java:<init>(98)) - 57a77f7a-d8c9-4cec-aa3c-e1c9007164ed: new RaftServerImpl for group-32C8987298E0:[57a77f7a-d8c9-4cec-aa3c-e1c9007164ed:192.168.157.221:37354] with ContainerStateMachine:uninitialized
2019-11-14 14:46:32,559 [pool-163-thread-1] INFO  server.RaftServerConfigKeys (ConfUtils.java:logGet(43)) - raft.server.rpc.timeout.min = 1s (custom)
2019-11-14 14:46:32,559 [pool-163-thread-1] INFO  server.RaftServerConfigKeys (ConfUtils.java:logGet(43)) - raft.server.rpc.timeout.max = 1200ms (custom)
2019-11-14 14:46:32,559 [pool-163-thread-1] INFO  server.RaftServerConfigKeys (ConfUtils.java:logGet(43)) - raft.server.rpcslowness.timeout = 120s (custom)
2019-11-14 14:46:32,559 [pool-163-thread-1] INFO  server.RaftServerConfigKeys (ConfUtils.java:logGet(43)) - raft.server.sleep.deviation.threshold = 300 (default)
2019-11-14 14:46:32,560 [pool-163-thread-1] INFO  server.RaftServerConfigKeys (ConfUtils.java:logGet(43)) - raft.server.log.appender.install.snapshot.enabled = false (custom)
2019-11-14 14:46:32,560 [pool-163-thread-1] INFO  impl.RaftServerImpl (ServerState.java:<init>(103)) - 57a77f7a-d8c9-4cec-aa3c-e1c9007164ed@group-32C8987298E0: ConfigurationManager, init=-1: [57a77f7a-d8c9-4cec-aa3c-e1c9007164ed:192.168.157.221:37354], old=null, confs=<EMPTY_MAP>
2019-11-14 14:46:32,560 [pool-163-thread-1] INFO  server.RaftServerConfigKeys (ConfUtils.java:logGet(43)) - raft.server.storage.dir = [/workdir/hadoop-ozone/integration-test/target/test-dir/MiniOzoneClusterImpl-fe7ca568-a673-4336-8267-b2734a58a5d6/datanode-1/data/ratis] (custom)
2019-11-14 14:46:32,560 [pool-163-thread-1] INFO  server.RaftServerConfigKeys (ConfUtils.java:logGet(43)) - raft.server.log.corruption.policy = EXCEPTION (default)
2019-11-14 14:46:32,560 [pool-163-thread-1] INFO  storage.RaftStorageDirectory (RaftStorageDirectory.java:analyzeStorage(246)) - The storage directory /workdir/hadoop-ozone/integration-test/target/test-dir/MiniOzoneClusterImpl-fe7ca568-a673-4336-8267-b2734a58a5d6/datanode-1/data/ratis/ebd63582-a574-4c49-9ef8-32c8987298e0 does not exist. Creating ...
2019-11-14 14:46:32,583 [pool-163-thread-1] INFO  storage.RaftStorageDirectory (RaftStorageDirectory.java:tryLock(328)) - Lock on /workdir/hadoop-ozone/integration-test/target/test-dir/MiniOzoneClusterImpl-fe7ca568-a673-4336-8267-b2734a58a5d6/datanode-1/data/ratis/ebd63582-a574-4c49-9ef8-32c8987298e0/in_use.lock acquired by nodename 20979@pr-hdds-2408-9n676-254309887
2019-11-14 14:46:32,607 [pool-163-thread-1] INFO  storage.RaftStorage (RaftStorage.java:format(84)) - Storage directory /workdir/hadoop-ozone/integration-test/target/test-dir/MiniOzoneClusterImpl-fe7ca568-a673-4336-8267-b2734a58a5d6/datanode-1/data/ratis/ebd63582-a574-4c49-9ef8-32c8987298e0 has been successfully formatted.
2019-11-14 14:46:32,608 [pool-163-thread-1] INFO  ratis.ContainerStateMachine (ContainerStateMachine.java:loadSnapshot(223)) - group-32C8987298E0: The snapshot info is null. Setting the last applied indexto:(t:0, i:~)
2019-11-14 14:46:32,608 [pool-163-thread-1] INFO  server.RaftServerConfigKeys (ConfUtils.java:logGet(43)) - raft.server.notification.no-leader.timeout = 120s (custom)
2019-11-14 14:46:32,608 [pool-163-thread-1] INFO  server.RaftServerConfigKeys (ConfUtils.java:logGet(43)) - raft.server.log.use.memory = false (default)
2019-11-14 14:46:32,608 [pool-163-thread-1] INFO  server.RaftServerConfigKeys (ConfUtils.java:logGet(43)) - raft.server.log.purge.gap = 1000000 (custom)
2019-11-14 14:46:32,608 [pool-163-thread-1] INFO  server.RaftServerConfigKeys (ConfUtils.java:logGet(43)) - raft.server.log.appender.buffer.byte-limit = 33554432 (custom)
2019-11-14 14:46:32,609 [pool-163-thread-1] INFO  server.RaftServerConfigKeys (ConfUtils.java:logGet(43)) - raft.server.log.segment.size.max = 1048576 (custom)
2019-11-14 14:46:32,609 [pool-163-thread-1] WARN  impl.MetricRegistriesImpl (MetricRegistriesImpl.java:lambda$create$1(61)) - First MetricRegistry has been created without registering reporters. You may need to call MetricRegistries.global().addReportRegistration(...) before.
2019-11-14 14:46:32,609 [pool-163-thread-1] INFO  server.RaftServerConfigKeys (ConfUtils.java:logGet(43)) - raft.server.log.segment.cache.num.max = 2 (custom)
2019-11-14 14:46:32,609 [pool-163-thread-1] INFO  segmented.SegmentedRaftLogWorker (SegmentedRaftLogWorker.java:<init>(173)) - new 57a77f7a-d8c9-4cec-aa3c-e1c9007164ed@group-32C8987298E0-SegmentedRaftLogWorker for RaftStorage:Storage Directory /workdir/hadoop-ozone/integration-test/target/test-dir/MiniOzoneClusterImpl-fe7ca568-a673-4336-8267-b2734a58a5d6/datanode-1/data/ratis/ebd63582-a574-4c49-9ef8-32c8987298e0
2019-11-14 14:46:32,609 [pool-163-thread-1] INFO  server.RaftServerConfigKeys (ConfUtils.java:logGet(43)) - raft.server.log.queue.byte-limit = 2147483647 (custom)
2019-11-14 14:46:32,609 [pool-163-thread-1] INFO  server.RaftServerConfigKeys (ConfUtils.java:logGet(43)) - raft.server.log.queue.element-limit = 1024 (custom)
2019-11-14 14:46:32,609 [pool-163-thread-1] INFO  server.RaftServerConfigKeys (ConfUtils.java:logGet(43)) - raft.server.log.segment.size.max = 1048576 (custom)
2019-11-14 14:46:32,610 [pool-163-thread-1] INFO  server.RaftServerConfigKeys (ConfUtils.java:logGet(43)) - raft.server.log.preallocated.size = 16384 (custom)
2019-11-14 14:46:32,610 [pool-163-thread-1] INFO  server.RaftServerConfigKeys (ConfUtils.java:logGet(43)) - raft.server.log.write.buffer.size = 33554432 (custom)
2019-11-14 14:46:32,610 [pool-163-thread-1] INFO  server.RaftServerConfigKeys (ConfUtils.java:logGet(43)) - raft.server.log.force.sync.num = 128 (default)
2019-11-14 14:46:32,610 [pool-163-thread-1] INFO  server.RaftServerConfigKeys (ConfUtils.java:logGet(43)) - raft.server.log.statemachine.data.sync = true (default)
2019-11-14 14:46:32,610 [pool-163-thread-1] INFO  server.RaftServerConfigKeys (ConfUtils.java:logGet(43)) - raft.server.log.statemachine.data.sync.timeout = 10s (default)
2019-11-14 14:46:32,610 [pool-163-thread-1] INFO  server.RaftServerConfigKeys (ConfUtils.java:logGet(43)) - raft.server.log.statemachine.data.sync.timeout.retry = -1 (default)
2019-11-14 14:46:32,610 [pool-163-thread-1] INFO  server.RaftServerConfigKeys (ConfUtils.java:logGet(43)) - raft.server.log.statemachine.data.caching.enabled = true (custom)
2019-11-14 14:46:32,611 [pool-163-thread-1] INFO  segmented.SegmentedRaftLogWorker (SegmentedRaftLogWorker.java:lambda$new$0(128)) - 57a77f7a-d8c9-4cec-aa3c-e1c9007164ed@group-32C8987298E0-SegmentedRaftLogWorker: flushIndex: setUnconditionally 0 -> -1
2019-11-14 14:46:32,611 [pool-163-thread-1] INFO  server.RaftServerConfigKeys (ConfUtils.java:logGet(43)) - raft.server.snapshot.auto.trigger.enabled = true (custom)
2019-11-14 14:46:32,611 [pool-163-thread-1] INFO  server.RaftServerConfigKeys (ConfUtils.java:logGet(43)) - raft.server.snapshot.auto.trigger.threshold = 10000 (custom)
2019-11-14 14:46:32,611 [pool-163-thread-1] INFO  server.RaftServerConfigKeys (ConfUtils.java:logGet(43)) - raft.server.snapshot.retention.file.num = 5 (custom)
2019-11-14 14:46:32,612 [pool-163-thread-1] INFO  server.RaftServerConfigKeys (ConfUtils.java:logGet(43)) - raft.server.retrycache.expirytime = 600000ms (custom)
2019-11-14 14:46:32,612 [pool-163-thread-1] WARN  impl.MetricRegistriesImpl (MetricRegistriesImpl.java:lambda$create$1(61)) - First MetricRegistry has been created without registering reporters. You may need to call MetricRegistries.global().addReportRegistration(...) before.
2019-11-14 14:46:32,612 [pool-163-thread-1] WARN  impl.MetricRegistriesImpl (MetricRegistriesImpl.java:lambda$create$1(61)) - First MetricRegistry has been created without registering reporters. You may need to call MetricRegistries.global().addReportRegistration(...) before.
2019-11-14 14:46:32,612 [pool-163-thread-1] INFO  impl.RaftServerImpl (RaftServerImpl.java:start(184)) - 57a77f7a-d8c9-4cec-aa3c-e1c9007164ed@group-32C8987298E0: start as a follower, conf=-1: [57a77f7a-d8c9-4cec-aa3c-e1c9007164ed:192.168.157.221:37354], old=null
2019-11-14 14:46:32,612 [pool-163-thread-1] INFO  impl.RaftServerImpl (RaftServerImpl.java:setRole(173)) - 57a77f7a-d8c9-4cec-aa3c-e1c9007164ed@group-32C8987298E0: changes role from      null to FOLLOWER at term 0 for startAsFollower
2019-11-14 14:46:32,613 [pool-163-thread-1] INFO  impl.RoleInfo (RoleInfo.java:updateAndGet(143)) - 57a77f7a-d8c9-4cec-aa3c-e1c9007164ed: start FollowerState
2019-11-14 14:46:32,613 [pool-163-thread-1] INFO  util.JmxRegister (JmxRegister.java:tryRegister(44)) - Successfully registered JMX Bean with object name Ratis:service=RaftServer,group=group-32C8987298E0,id=57a77f7a-d8c9-4cec-aa3c-e1c9007164ed
2019-11-14 14:46:32,613 [pool-163-thread-1] WARN  impl.MetricRegistriesImpl (MetricRegistriesImpl.java:lambda$create$1(61)) - First MetricRegistry has been created without registering reporters. You may need to call MetricRegistries.global().addReportRegistration(...) before.
2019-11-14 14:46:32,617 [RatisPipelineUtilsThread] INFO  pipeline.PipelineStateManager (PipelineStateManager.java:addPipeline(55)) - Created pipeline Pipeline[ Id: ebd63582-a574-4c49-9ef8-32c8987298e0, Nodes: 57a77f7a-d8c9-4cec-aa3c-e1c9007164ed{ip: 192.168.157.221, host: pr-hdds-2408-9n676-254309887, networkLocation: /default-rack, certSerialId: null}, Type:RATIS, Factor:ONE, State:ALLOCATED]
2019-11-14 14:46:32,632 [IPC Server handler 4 on 43425] INFO  net.NetworkTopology (NetworkTopologyImpl.java:add(111)) - Added a new node: /default-rack/d630e0b1-4536-4869-ba91-999e142c5c29
2019-11-14 14:46:32,633 [IPC Server handler 4 on 43425] INFO  node.SCMNodeManager (SCMNodeManager.java:register(267)) - Registered Data node : d630e0b1-4536-4869-ba91-999e142c5c29{ip: 192.168.157.221, host: pr-hdds-2408-9n676-254309887, networkLocation: /default-rack, certSerialId: null}
2019-11-14 14:46:32,639 [grpc-default-executor-5] INFO  impl.RaftServerProxy (RaftServerProxy.java:addNew(89)) - d630e0b1-4536-4869-ba91-999e142c5c29: addNew group-7E67A150DC6A:[d630e0b1-4536-4869-ba91-999e142c5c29:192.168.157.221:34031] returns group-7E67A150DC6A:java.util.concurrent.CompletableFuture@45249ae0[Not completed]
2019-11-14 14:46:32,641 [pool-173-thread-1] INFO  impl.RaftServerImpl (RaftServerImpl.java:<init>(98)) - d630e0b1-4536-4869-ba91-999e142c5c29: new RaftServerImpl for group-7E67A150DC6A:[d630e0b1-4536-4869-ba91-999e142c5c29:192.168.157.221:34031] with ContainerStateMachine:uninitialized
2019-11-14 14:46:32,641 [pool-173-thread-1] INFO  server.RaftServerConfigKeys (ConfUtils.java:logGet(43)) - raft.server.rpc.timeout.min = 1s (custom)
2019-11-14 14:46:32,641 [pool-173-thread-1] INFO  server.RaftServerConfigKeys (ConfUtils.java:logGet(43)) - raft.server.rpc.timeout.max = 1200ms (custom)
2019-11-14 14:46:32,642 [pool-173-thread-1] INFO  server.RaftServerConfigKeys (ConfUtils.java:logGet(43)) - raft.server.rpcslowness.timeout = 120s (custom)
2019-11-14 14:46:32,642 [pool-173-thread-1] INFO  server.RaftServerConfigKeys (ConfUtils.java:logGet(43)) - raft.server.sleep.deviation.threshold = 300 (default)
2019-11-14 14:46:32,642 [pool-173-thread-1] INFO  server.RaftServerConfigKeys (ConfUtils.java:logGet(43)) - raft.server.log.appender.install.snapshot.enabled = false (custom)
2019-11-14 14:46:32,642 [pool-173-thread-1] INFO  impl.RaftServerImpl (ServerState.java:<init>(103)) - d630e0b1-4536-4869-ba91-999e142c5c29@group-7E67A150DC6A: ConfigurationManager, init=-1: [d630e0b1-4536-4869-ba91-999e142c5c29:192.168.157.221:34031], old=null, confs=<EMPTY_MAP>
2019-11-14 14:46:32,642 [pool-173-thread-1] INFO  server.RaftServerConfigKeys (ConfUtils.java:logGet(43)) - raft.server.storage.dir = [/workdir/hadoop-ozone/integration-test/target/test-dir/MiniOzoneClusterImpl-fe7ca568-a673-4336-8267-b2734a58a5d6/datanode-2/data/ratis] (custom)
2019-11-14 14:46:32,642 [pool-173-thread-1] INFO  server.RaftServerConfigKeys (ConfUtils.java:logGet(43)) - raft.server.log.corruption.policy = EXCEPTION (default)
2019-11-14 14:46:32,643 [pool-173-thread-1] INFO  storage.RaftStorageDirectory (RaftStorageDirectory.java:analyzeStorage(246)) - The storage directory /workdir/hadoop-ozone/integration-test/target/test-dir/MiniOzoneClusterImpl-fe7ca568-a673-4336-8267-b2734a58a5d6/datanode-2/data/ratis/dfc90025-8648-4d9f-b65b-7e67a150dc6a does not exist. Creating ...
2019-11-14 14:46:32,666 [pool-173-thread-1] INFO  storage.RaftStorageDirectory (RaftStorageDirectory.java:tryLock(328)) - Lock on /workdir/hadoop-ozone/integration-test/target/test-dir/MiniOzoneClusterImpl-fe7ca568-a673-4336-8267-b2734a58a5d6/datanode-2/data/ratis/dfc90025-8648-4d9f-b65b-7e67a150dc6a/in_use.lock acquired by nodename 20979@pr-hdds-2408-9n676-254309887
2019-11-14 14:46:32,689 [pool-173-thread-1] INFO  storage.RaftStorage (RaftStorage.java:format(84)) - Storage directory /workdir/hadoop-ozone/integration-test/target/test-dir/MiniOzoneClusterImpl-fe7ca568-a673-4336-8267-b2734a58a5d6/datanode-2/data/ratis/dfc90025-8648-4d9f-b65b-7e67a150dc6a has been successfully formatted.
2019-11-14 14:46:32,689 [pool-173-thread-1] INFO  ratis.ContainerStateMachine (ContainerStateMachine.java:loadSnapshot(223)) - group-7E67A150DC6A: The snapshot info is null. Setting the last applied indexto:(t:0, i:~)
2019-11-14 14:46:32,689 [pool-173-thread-1] INFO  server.RaftServerConfigKeys (ConfUtils.java:logGet(43)) - raft.server.notification.no-leader.timeout = 120s (custom)
2019-11-14 14:46:32,689 [pool-173-thread-1] INFO  server.RaftServerConfigKeys (ConfUtils.java:logGet(43)) - raft.server.log.use.memory = false (default)
2019-11-14 14:46:32,689 [pool-173-thread-1] INFO  server.RaftServerConfigKeys (ConfUtils.java:logGet(43)) - raft.server.log.purge.gap = 1000000 (custom)
2019-11-14 14:46:32,690 [pool-173-thread-1] INFO  server.RaftServerConfigKeys (ConfUtils.java:logGet(43)) - raft.server.log.appender.buffer.byte-limit = 33554432 (custom)
2019-11-14 14:46:32,690 [pool-173-thread-1] INFO  server.RaftServerConfigKeys (ConfUtils.java:logGet(43)) - raft.server.log.segment.size.max = 1048576 (custom)
2019-11-14 14:46:32,690 [pool-173-thread-1] WARN  impl.MetricRegistriesImpl (MetricRegistriesImpl.java:lambda$create$1(61)) - First MetricRegistry has been created without registering reporters. You may need to call MetricRegistries.global().addReportRegistration(...) before.
2019-11-14 14:46:32,690 [pool-173-thread-1] INFO  server.RaftServerConfigKeys (ConfUtils.java:logGet(43)) - raft.server.log.segment.cache.num.max = 2 (custom)
2019-11-14 14:46:32,690 [pool-173-thread-1] INFO  segmented.SegmentedRaftLogWorker (SegmentedRaftLogWorker.java:<init>(173)) - new d630e0b1-4536-4869-ba91-999e142c5c29@group-7E67A150DC6A-SegmentedRaftLogWorker for RaftStorage:Storage Directory /workdir/hadoop-ozone/integration-test/target/test-dir/MiniOzoneClusterImpl-fe7ca568-a673-4336-8267-b2734a58a5d6/datanode-2/data/ratis/dfc90025-8648-4d9f-b65b-7e67a150dc6a
2019-11-14 14:46:32,690 [pool-173-thread-1] INFO  server.RaftServerConfigKeys (ConfUtils.java:logGet(43)) - raft.server.log.queue.byte-limit = 2147483647 (custom)
2019-11-14 14:46:32,690 [pool-173-thread-1] INFO  server.RaftServerConfigKeys (ConfUtils.java:logGet(43)) - raft.server.log.queue.element-limit = 1024 (custom)
2019-11-14 14:46:32,690 [pool-173-thread-1] INFO  server.RaftServerConfigKeys (ConfUtils.java:logGet(43)) - raft.server.log.segment.size.max = 1048576 (custom)
2019-11-14 14:46:32,691 [pool-173-thread-1] INFO  server.RaftServerConfigKeys (ConfUtils.java:logGet(43)) - raft.server.log.preallocated.size = 16384 (custom)
2019-11-14 14:46:32,691 [pool-173-thread-1] INFO  server.RaftServerConfigKeys (ConfUtils.java:logGet(43)) - raft.server.log.write.buffer.size = 33554432 (custom)
2019-11-14 14:46:32,691 [pool-173-thread-1] INFO  server.RaftServerConfigKeys (ConfUtils.java:logGet(43)) - raft.server.log.force.sync.num = 128 (default)
2019-11-14 14:46:32,691 [pool-173-thread-1] INFO  server.RaftServerConfigKeys (ConfUtils.java:logGet(43)) - raft.server.log.statemachine.data.sync = true (default)
2019-11-14 14:46:32,691 [pool-173-thread-1] INFO  server.RaftServerConfigKeys (ConfUtils.java:logGet(43)) - raft.server.log.statemachine.data.sync.timeout = 10s (default)
2019-11-14 14:46:32,691 [pool-173-thread-1] INFO  server.RaftServerConfigKeys (ConfUtils.java:logGet(43)) - raft.server.log.statemachine.data.sync.timeout.retry = -1 (default)
2019-11-14 14:46:32,691 [pool-173-thread-1] INFO  server.RaftServerConfigKeys (ConfUtils.java:logGet(43)) - raft.server.log.statemachine.data.caching.enabled = true (custom)
2019-11-14 14:46:32,692 [pool-173-thread-1] INFO  segmented.SegmentedRaftLogWorker (SegmentedRaftLogWorker.java:lambda$new$0(128)) - d630e0b1-4536-4869-ba91-999e142c5c29@group-7E67A150DC6A-SegmentedRaftLogWorker: flushIndex: setUnconditionally 0 -> -1
2019-11-14 14:46:32,692 [pool-173-thread-1] INFO  server.RaftServerConfigKeys (ConfUtils.java:logGet(43)) - raft.server.snapshot.auto.trigger.enabled = true (custom)
2019-11-14 14:46:32,692 [pool-173-thread-1] INFO  server.RaftServerConfigKeys (ConfUtils.java:logGet(43)) - raft.server.snapshot.auto.trigger.threshold = 10000 (custom)
2019-11-14 14:46:32,692 [pool-173-thread-1] INFO  server.RaftServerConfigKeys (ConfUtils.java:logGet(43)) - raft.server.snapshot.retention.file.num = 5 (custom)
2019-11-14 14:46:32,692 [pool-173-thread-1] INFO  server.RaftServerConfigKeys (ConfUtils.java:logGet(43)) - raft.server.retrycache.expirytime = 600000ms (custom)
2019-11-14 14:46:32,692 [pool-173-thread-1] WARN  impl.MetricRegistriesImpl (MetricRegistriesImpl.java:lambda$create$1(61)) - First MetricRegistry has been created without registering reporters. You may need to call MetricRegistries.global().addReportRegistration(...) before.
2019-11-14 14:46:32,693 [pool-173-thread-1] WARN  impl.MetricRegistriesImpl (MetricRegistriesImpl.java:lambda$create$1(61)) - First MetricRegistry has been created without registering reporters. You may need to call MetricRegistries.global().addReportRegistration(...) before.
2019-11-14 14:46:32,693 [pool-173-thread-1] INFO  impl.RaftServerImpl (RaftServerImpl.java:start(184)) - d630e0b1-4536-4869-ba91-999e142c5c29@group-7E67A150DC6A: start as a follower, conf=-1: [d630e0b1-4536-4869-ba91-999e142c5c29:192.168.157.221:34031], old=null
2019-11-14 14:46:32,693 [pool-173-thread-1] INFO  impl.RaftServerImpl (RaftServerImpl.java:setRole(173)) - d630e0b1-4536-4869-ba91-999e142c5c29@group-7E67A150DC6A: changes role from      null to FOLLOWER at term 0 for startAsFollower
2019-11-14 14:46:32,693 [pool-173-thread-1] INFO  impl.RoleInfo (RoleInfo.java:updateAndGet(143)) - d630e0b1-4536-4869-ba91-999e142c5c29: start FollowerState
2019-11-14 14:46:32,694 [pool-173-thread-1] INFO  util.JmxRegister (JmxRegister.java:tryRegister(44)) - Successfully registered JMX Bean with object name Ratis:service=RaftServer,group=group-7E67A150DC6A,id=d630e0b1-4536-4869-ba91-999e142c5c29
2019-11-14 14:46:32,694 [pool-173-thread-1] WARN  impl.MetricRegistriesImpl (MetricRegistriesImpl.java:lambda$create$1(61)) - First MetricRegistry has been created without registering reporters. You may need to call MetricRegistries.global().addReportRegistration(...) before.
2019-11-14 14:46:32,695 [IPC Server handler 5 on 43425] INFO  net.NetworkTopology (NetworkTopologyImpl.java:add(111)) - Added a new node: /default-rack/7df5b927-629b-4e54-9168-113c4a7809a2
2019-11-14 14:46:32,695 [IPC Server handler 5 on 43425] INFO  node.SCMNodeManager (SCMNodeManager.java:register(267)) - Registered Data node : 7df5b927-629b-4e54-9168-113c4a7809a2{ip: 192.168.157.221, host: pr-hdds-2408-9n676-254309887, networkLocation: /default-rack, certSerialId: null}
2019-11-14 14:46:32,696 [RatisPipelineUtilsThread] INFO  pipeline.PipelineStateManager (PipelineStateManager.java:addPipeline(55)) - Created pipeline Pipeline[ Id: dfc90025-8648-4d9f-b65b-7e67a150dc6a, Nodes: d630e0b1-4536-4869-ba91-999e142c5c29{ip: 192.168.157.221, host: pr-hdds-2408-9n676-254309887, networkLocation: /default-rack, certSerialId: null}, Type:RATIS, Factor:ONE, State:ALLOCATED]
2019-11-14 14:46:32,711 [grpc-default-executor-5] INFO  impl.RaftServerProxy (RaftServerProxy.java:addNew(89)) - 7df5b927-629b-4e54-9168-113c4a7809a2: addNew group-573953232396:[7df5b927-629b-4e54-9168-113c4a7809a2:192.168.157.221:44414] returns group-573953232396:java.util.concurrent.CompletableFuture@1d383c28[Not completed]
2019-11-14 14:46:32,712 [pool-183-thread-1] INFO  impl.RaftServerImpl (RaftServerImpl.java:<init>(98)) - 7df5b927-629b-4e54-9168-113c4a7809a2: new RaftServerImpl for group-573953232396:[7df5b927-629b-4e54-9168-113c4a7809a2:192.168.157.221:44414] with ContainerStateMachine:uninitialized
2019-11-14 14:46:32,713 [pool-183-thread-1] INFO  server.RaftServerConfigKeys (ConfUtils.java:logGet(43)) - raft.server.rpc.timeout.min = 1s (custom)
2019-11-14 14:46:32,713 [pool-183-thread-1] INFO  server.RaftServerConfigKeys (ConfUtils.java:logGet(43)) - raft.server.rpc.timeout.max = 1200ms (custom)
2019-11-14 14:46:32,713 [pool-183-thread-1] INFO  server.RaftServerConfigKeys (ConfUtils.java:logGet(43)) - raft.server.rpcslowness.timeout = 120s (custom)
2019-11-14 14:46:32,713 [pool-183-thread-1] INFO  server.RaftServerConfigKeys (ConfUtils.java:logGet(43)) - raft.server.sleep.deviation.threshold = 300 (default)
2019-11-14 14:46:32,713 [pool-183-thread-1] INFO  server.RaftServerConfigKeys (ConfUtils.java:logGet(43)) - raft.server.log.appender.install.snapshot.enabled = false (custom)
2019-11-14 14:46:32,713 [pool-183-thread-1] INFO  impl.RaftServerImpl (ServerState.java:<init>(103)) - 7df5b927-629b-4e54-9168-113c4a7809a2@group-573953232396: ConfigurationManager, init=-1: [7df5b927-629b-4e54-9168-113c4a7809a2:192.168.157.221:44414], old=null, confs=<EMPTY_MAP>
2019-11-14 14:46:32,713 [pool-183-thread-1] INFO  server.RaftServerConfigKeys (ConfUtils.java:logGet(43)) - raft.server.storage.dir = [/workdir/hadoop-ozone/integration-test/target/test-dir/MiniOzoneClusterImpl-fe7ca568-a673-4336-8267-b2734a58a5d6/datanode-3/data/ratis] (custom)
2019-11-14 14:46:32,713 [pool-183-thread-1] INFO  server.RaftServerConfigKeys (ConfUtils.java:logGet(43)) - raft.server.log.corruption.policy = EXCEPTION (default)
2019-11-14 14:46:32,714 [pool-183-thread-1] INFO  storage.RaftStorageDirectory (RaftStorageDirectory.java:analyzeStorage(246)) - The storage directory /workdir/hadoop-ozone/integration-test/target/test-dir/MiniOzoneClusterImpl-fe7ca568-a673-4336-8267-b2734a58a5d6/datanode-3/data/ratis/899b271a-07a0-4cf0-bb60-573953232396 does not exist. Creating ...
2019-11-14 14:46:32,736 [pool-183-thread-1] INFO  storage.RaftStorageDirectory (RaftStorageDirectory.java:tryLock(328)) - Lock on /workdir/hadoop-ozone/integration-test/target/test-dir/MiniOzoneClusterImpl-fe7ca568-a673-4336-8267-b2734a58a5d6/datanode-3/data/ratis/899b271a-07a0-4cf0-bb60-573953232396/in_use.lock acquired by nodename 20979@pr-hdds-2408-9n676-254309887
2019-11-14 14:46:32,761 [IPC Server handler 0 on 43425] INFO  net.NetworkTopology (NetworkTopologyImpl.java:add(111)) - Added a new node: /default-rack/f7c73f5f-a922-4e72-9f0e-14e1adb29082
2019-11-14 14:46:32,761 [IPC Server handler 0 on 43425] INFO  node.SCMNodeManager (SCMNodeManager.java:register(267)) - Registered Data node : f7c73f5f-a922-4e72-9f0e-14e1adb29082{ip: 192.168.157.221, host: pr-hdds-2408-9n676-254309887, networkLocation: /default-rack, certSerialId: null}
2019-11-14 14:46:32,776 [pool-183-thread-1] INFO  storage.RaftStorage (RaftStorage.java:format(84)) - Storage directory /workdir/hadoop-ozone/integration-test/target/test-dir/MiniOzoneClusterImpl-fe7ca568-a673-4336-8267-b2734a58a5d6/datanode-3/data/ratis/899b271a-07a0-4cf0-bb60-573953232396 has been successfully formatted.
2019-11-14 14:46:32,776 [pool-183-thread-1] INFO  ratis.ContainerStateMachine (ContainerStateMachine.java:loadSnapshot(223)) - group-573953232396: The snapshot info is null. Setting the last applied indexto:(t:0, i:~)
2019-11-14 14:46:32,776 [pool-183-thread-1] INFO  server.RaftServerConfigKeys (ConfUtils.java:logGet(43)) - raft.server.notification.no-leader.timeout = 120s (custom)
2019-11-14 14:46:32,776 [pool-183-thread-1] INFO  server.RaftServerConfigKeys (ConfUtils.java:logGet(43)) - raft.server.log.use.memory = false (default)
2019-11-14 14:46:32,776 [pool-183-thread-1] INFO  server.RaftServerConfigKeys (ConfUtils.java:logGet(43)) - raft.server.log.purge.gap = 1000000 (custom)
2019-11-14 14:46:32,777 [pool-183-thread-1] INFO  server.RaftServerConfigKeys (ConfUtils.java:logGet(43)) - raft.server.log.appender.buffer.byte-limit = 33554432 (custom)
2019-11-14 14:46:32,777 [pool-183-thread-1] INFO  server.RaftServerConfigKeys (ConfUtils.java:logGet(43)) - raft.server.log.segment.size.max = 1048576 (custom)
2019-11-14 14:46:32,777 [pool-183-thread-1] WARN  impl.MetricRegistriesImpl (MetricRegistriesImpl.java:lambda$create$1(61)) - First MetricRegistry has been created without registering reporters. You may need to call MetricRegistries.global().addReportRegistration(...) before.
2019-11-14 14:46:32,777 [pool-183-thread-1] INFO  server.RaftServerConfigKeys (ConfUtils.java:logGet(43)) - raft.server.log.segment.cache.num.max = 2 (custom)
2019-11-14 14:46:32,777 [pool-183-thread-1] INFO  segmented.SegmentedRaftLogWorker (SegmentedRaftLogWorker.java:<init>(173)) - new 7df5b927-629b-4e54-9168-113c4a7809a2@group-573953232396-SegmentedRaftLogWorker for RaftStorage:Storage Directory /workdir/hadoop-ozone/integration-test/target/test-dir/MiniOzoneClusterImpl-fe7ca568-a673-4336-8267-b2734a58a5d6/datanode-3/data/ratis/899b271a-07a0-4cf0-bb60-573953232396
2019-11-14 14:46:32,777 [pool-183-thread-1] INFO  server.RaftServerConfigKeys (ConfUtils.java:logGet(43)) - raft.server.log.queue.byte-limit = 2147483647 (custom)
2019-11-14 14:46:32,777 [pool-183-thread-1] INFO  server.RaftServerConfigKeys (ConfUtils.java:logGet(43)) - raft.server.log.queue.element-limit = 1024 (custom)
2019-11-14 14:46:32,777 [pool-183-thread-1] INFO  server.RaftServerConfigKeys (ConfUtils.java:logGet(43)) - raft.server.log.segment.size.max = 1048576 (custom)
2019-11-14 14:46:32,777 [pool-183-thread-1] INFO  server.RaftServerConfigKeys (ConfUtils.java:logGet(43)) - raft.server.log.preallocated.size = 16384 (custom)
2019-11-14 14:46:32,778 [pool-183-thread-1] INFO  server.RaftServerConfigKeys (ConfUtils.java:logGet(43)) - raft.server.log.write.buffer.size = 33554432 (custom)
2019-11-14 14:46:32,778 [pool-183-thread-1] INFO  server.RaftServerConfigKeys (ConfUtils.java:logGet(43)) - raft.server.log.force.sync.num = 128 (default)
2019-11-14 14:46:32,778 [pool-183-thread-1] INFO  server.RaftServerConfigKeys (ConfUtils.java:logGet(43)) - raft.server.log.statemachine.data.sync = true (default)
2019-11-14 14:46:32,778 [pool-183-thread-1] INFO  server.RaftServerConfigKeys (ConfUtils.java:logGet(43)) - raft.server.log.statemachine.data.sync.timeout = 10s (default)
2019-11-14 14:46:32,778 [pool-183-thread-1] INFO  server.RaftServerConfigKeys (ConfUtils.java:logGet(43)) - raft.server.log.statemachine.data.sync.timeout.retry = -1 (default)
2019-11-14 14:46:32,778 [pool-183-thread-1] INFO  server.RaftServerConfigKeys (ConfUtils.java:logGet(43)) - raft.server.log.statemachine.data.caching.enabled = true (custom)
2019-11-14 14:46:32,778 [pool-183-thread-1] INFO  segmented.SegmentedRaftLogWorker (SegmentedRaftLogWorker.java:lambda$new$0(128)) - 7df5b927-629b-4e54-9168-113c4a7809a2@group-573953232396-SegmentedRaftLogWorker: flushIndex: setUnconditionally 0 -> -1
2019-11-14 14:46:32,779 [pool-183-thread-1] INFO  server.RaftServerConfigKeys (ConfUtils.java:logGet(43)) - raft.server.snapshot.auto.trigger.enabled = true (custom)
2019-11-14 14:46:32,779 [pool-183-thread-1] INFO  server.RaftServerConfigKeys (ConfUtils.java:logGet(43)) - raft.server.snapshot.auto.trigger.threshold = 10000 (custom)
2019-11-14 14:46:32,779 [pool-183-thread-1] INFO  server.RaftServerConfigKeys (ConfUtils.java:logGet(43)) - raft.server.snapshot.retention.file.num = 5 (custom)
2019-11-14 14:46:32,779 [pool-183-thread-1] INFO  server.RaftServerConfigKeys (ConfUtils.java:logGet(43)) - raft.server.retrycache.expirytime = 600000ms (custom)
2019-11-14 14:46:32,779 [pool-183-thread-1] WARN  impl.MetricRegistriesImpl (MetricRegistriesImpl.java:lambda$create$1(61)) - First MetricRegistry has been created without registering reporters. You may need to call MetricRegistries.global().addReportRegistration(...) before.
2019-11-14 14:46:32,780 [pool-183-thread-1] WARN  impl.MetricRegistriesImpl (MetricRegistriesImpl.java:lambda$create$1(61)) - First MetricRegistry has been created without registering reporters. You may need to call MetricRegistries.global().addReportRegistration(...) before.
2019-11-14 14:46:32,780 [pool-183-thread-1] INFO  impl.RaftServerImpl (RaftServerImpl.java:start(184)) - 7df5b927-629b-4e54-9168-113c4a7809a2@group-573953232396: start as a follower, conf=-1: [7df5b927-629b-4e54-9168-113c4a7809a2:192.168.157.221:44414], old=null
2019-11-14 14:46:32,780 [pool-183-thread-1] INFO  impl.RaftServerImpl (RaftServerImpl.java:setRole(173)) - 7df5b927-629b-4e54-9168-113c4a7809a2@group-573953232396: changes role from      null to FOLLOWER at term 0 for startAsFollower
2019-11-14 14:46:32,780 [pool-183-thread-1] INFO  impl.RoleInfo (RoleInfo.java:updateAndGet(143)) - 7df5b927-629b-4e54-9168-113c4a7809a2: start FollowerState
2019-11-14 14:46:32,780 [pool-183-thread-1] INFO  util.JmxRegister (JmxRegister.java:tryRegister(44)) - Successfully registered JMX Bean with object name Ratis:service=RaftServer,group=group-573953232396,id=7df5b927-629b-4e54-9168-113c4a7809a2
2019-11-14 14:46:32,781 [pool-183-thread-1] WARN  impl.MetricRegistriesImpl (MetricRegistriesImpl.java:lambda$create$1(61)) - First MetricRegistry has been created without registering reporters. You may need to call MetricRegistries.global().addReportRegistration(...) before.
2019-11-14 14:46:32,784 [RatisPipelineUtilsThread] INFO  pipeline.PipelineStateManager (PipelineStateManager.java:addPipeline(55)) - Created pipeline Pipeline[ Id: 899b271a-07a0-4cf0-bb60-573953232396, Nodes: 7df5b927-629b-4e54-9168-113c4a7809a2{ip: 192.168.157.221, host: pr-hdds-2408-9n676-254309887, networkLocation: /default-rack, certSerialId: null}, Type:RATIS, Factor:ONE, State:ALLOCATED]
2019-11-14 14:46:32,790 [grpc-default-executor-5] INFO  impl.RaftServerProxy (RaftServerProxy.java:addNew(89)) - f7c73f5f-a922-4e72-9f0e-14e1adb29082: addNew group-BAB06F5605F8:[f7c73f5f-a922-4e72-9f0e-14e1adb29082:192.168.157.221:38185] returns group-BAB06F5605F8:java.util.concurrent.CompletableFuture@3b5da2d4[Not completed]
2019-11-14 14:46:32,791 [pool-193-thread-1] INFO  impl.RaftServerImpl (RaftServerImpl.java:<init>(98)) - f7c73f5f-a922-4e72-9f0e-14e1adb29082: new RaftServerImpl for group-BAB06F5605F8:[f7c73f5f-a922-4e72-9f0e-14e1adb29082:192.168.157.221:38185] with ContainerStateMachine:uninitialized
2019-11-14 14:46:32,792 [pool-193-thread-1] INFO  server.RaftServerConfigKeys (ConfUtils.java:logGet(43)) - raft.server.rpc.timeout.min = 1s (custom)
2019-11-14 14:46:32,792 [pool-193-thread-1] INFO  server.RaftServerConfigKeys (ConfUtils.java:logGet(43)) - raft.server.rpc.timeout.max = 1200ms (custom)
2019-11-14 14:46:32,792 [pool-193-thread-1] INFO  server.RaftServerConfigKeys (ConfUtils.java:logGet(43)) - raft.server.rpcslowness.timeout = 120s (custom)
2019-11-14 14:46:32,792 [pool-193-thread-1] INFO  server.RaftServerConfigKeys (ConfUtils.java:logGet(43)) - raft.server.sleep.deviation.threshold = 300 (default)
2019-11-14 14:46:32,792 [pool-193-thread-1] INFO  server.RaftServerConfigKeys (ConfUtils.java:logGet(43)) - raft.server.log.appender.install.snapshot.enabled = false (custom)
2019-11-14 14:46:32,792 [pool-193-thread-1] INFO  impl.RaftServerImpl (ServerState.java:<init>(103)) - f7c73f5f-a922-4e72-9f0e-14e1adb29082@group-BAB06F5605F8: ConfigurationManager, init=-1: [f7c73f5f-a922-4e72-9f0e-14e1adb29082:192.168.157.221:38185], old=null, confs=<EMPTY_MAP>
2019-11-14 14:46:32,792 [pool-193-thread-1] INFO  server.RaftServerConfigKeys (ConfUtils.java:logGet(43)) - raft.server.storage.dir = [/workdir/hadoop-ozone/integration-test/target/test-dir/MiniOzoneClusterImpl-fe7ca568-a673-4336-8267-b2734a58a5d6/datanode-4/data/ratis] (custom)
2019-11-14 14:46:32,793 [pool-193-thread-1] INFO  server.RaftServerConfigKeys (ConfUtils.java:logGet(43)) - raft.server.log.corruption.policy = EXCEPTION (default)
2019-11-14 14:46:32,793 [pool-193-thread-1] INFO  storage.RaftStorageDirectory (RaftStorageDirectory.java:analyzeStorage(246)) - The storage directory /workdir/hadoop-ozone/integration-test/target/test-dir/MiniOzoneClusterImpl-fe7ca568-a673-4336-8267-b2734a58a5d6/datanode-4/data/ratis/0b4f614a-1594-4fd3-a2ef-bab06f5605f8 does not exist. Creating ...
2019-11-14 14:46:32,826 [pool-193-thread-1] INFO  storage.RaftStorageDirectory (RaftStorageDirectory.java:tryLock(328)) - Lock on /workdir/hadoop-ozone/integration-test/target/test-dir/MiniOzoneClusterImpl-fe7ca568-a673-4336-8267-b2734a58a5d6/datanode-4/data/ratis/0b4f614a-1594-4fd3-a2ef-bab06f5605f8/in_use.lock acquired by nodename 20979@pr-hdds-2408-9n676-254309887
2019-11-14 14:46:32,839 [IPC Server handler 2 on 43425] INFO  net.NetworkTopology (NetworkTopologyImpl.java:add(111)) - Added a new node: /default-rack/26facaca-2eaa-4eab-ad66-7bd9fd6334c7
2019-11-14 14:46:32,839 [IPC Server handler 2 on 43425] INFO  node.SCMNodeManager (SCMNodeManager.java:register(267)) - Registered Data node : 26facaca-2eaa-4eab-ad66-7bd9fd6334c7{ip: 192.168.157.221, host: pr-hdds-2408-9n676-254309887, networkLocation: /default-rack, certSerialId: null}
2019-11-14 14:46:32,852 [pool-193-thread-1] INFO  storage.RaftStorage (RaftStorage.java:format(84)) - Storage directory /workdir/hadoop-ozone/integration-test/target/test-dir/MiniOzoneClusterImpl-fe7ca568-a673-4336-8267-b2734a58a5d6/datanode-4/data/ratis/0b4f614a-1594-4fd3-a2ef-bab06f5605f8 has been successfully formatted.
2019-11-14 14:46:32,852 [pool-193-thread-1] INFO  ratis.ContainerStateMachine (ContainerStateMachine.java:loadSnapshot(223)) - group-BAB06F5605F8: The snapshot info is null. Setting the last applied indexto:(t:0, i:~)
2019-11-14 14:46:32,852 [pool-193-thread-1] INFO  server.RaftServerConfigKeys (ConfUtils.java:logGet(43)) - raft.server.notification.no-leader.timeout = 120s (custom)
2019-11-14 14:46:32,852 [pool-193-thread-1] INFO  server.RaftServerConfigKeys (ConfUtils.java:logGet(43)) - raft.server.log.use.memory = false (default)
2019-11-14 14:46:32,852 [pool-193-thread-1] INFO  server.RaftServerConfigKeys (ConfUtils.java:logGet(43)) - raft.server.log.purge.gap = 1000000 (custom)
2019-11-14 14:46:32,852 [pool-193-thread-1] INFO  server.RaftServerConfigKeys (ConfUtils.java:logGet(43)) - raft.server.log.appender.buffer.byte-limit = 33554432 (custom)
2019-11-14 14:46:32,852 [pool-193-thread-1] INFO  server.RaftServerConfigKeys (ConfUtils.java:logGet(43)) - raft.server.log.segment.size.max = 1048576 (custom)
2019-11-14 14:46:32,853 [pool-193-thread-1] WARN  impl.MetricRegistriesImpl (MetricRegistriesImpl.java:lambda$create$1(61)) - First MetricRegistry has been created without registering reporters. You may need to call MetricRegistries.global().addReportRegistration(...) before.
2019-11-14 14:46:32,853 [pool-193-thread-1] INFO  server.RaftServerConfigKeys (ConfUtils.java:logGet(43)) - raft.server.log.segment.cache.num.max = 2 (custom)
2019-11-14 14:46:32,853 [pool-193-thread-1] INFO  segmented.SegmentedRaftLogWorker (SegmentedRaftLogWorker.java:<init>(173)) - new f7c73f5f-a922-4e72-9f0e-14e1adb29082@group-BAB06F5605F8-SegmentedRaftLogWorker for RaftStorage:Storage Directory /workdir/hadoop-ozone/integration-test/target/test-dir/MiniOzoneClusterImpl-fe7ca568-a673-4336-8267-b2734a58a5d6/datanode-4/data/ratis/0b4f614a-1594-4fd3-a2ef-bab06f5605f8
2019-11-14 14:46:32,853 [pool-193-thread-1] INFO  server.RaftServerConfigKeys (ConfUtils.java:logGet(43)) - raft.server.log.queue.byte-limit = 2147483647 (custom)
2019-11-14 14:46:32,853 [pool-193-thread-1] INFO  server.RaftServerConfigKeys (ConfUtils.java:logGet(43)) - raft.server.log.queue.element-limit = 1024 (custom)
2019-11-14 14:46:32,853 [pool-193-thread-1] INFO  server.RaftServerConfigKeys (ConfUtils.java:logGet(43)) - raft.server.log.segment.size.max = 1048576 (custom)
2019-11-14 14:46:32,853 [pool-193-thread-1] INFO  server.RaftServerConfigKeys (ConfUtils.java:logGet(43)) - raft.server.log.preallocated.size = 16384 (custom)
2019-11-14 14:46:32,853 [pool-193-thread-1] INFO  server.RaftServerConfigKeys (ConfUtils.java:logGet(43)) - raft.server.log.write.buffer.size = 33554432 (custom)
2019-11-14 14:46:32,853 [pool-193-thread-1] INFO  server.RaftServerConfigKeys (ConfUtils.java:logGet(43)) - raft.server.log.force.sync.num = 128 (default)
2019-11-14 14:46:32,853 [pool-193-thread-1] INFO  server.RaftServerConfigKeys (ConfUtils.java:logGet(43)) - raft.server.log.statemachine.data.sync = true (default)
2019-11-14 14:46:32,854 [pool-193-thread-1] INFO  server.RaftServerConfigKeys (ConfUtils.java:logGet(43)) - raft.server.log.statemachine.data.sync.timeout = 10s (default)
2019-11-14 14:46:32,854 [pool-193-thread-1] INFO  server.RaftServerConfigKeys (ConfUtils.java:logGet(43)) - raft.server.log.statemachine.data.sync.timeout.retry = -1 (default)
2019-11-14 14:46:32,854 [pool-193-thread-1] INFO  server.RaftServerConfigKeys (ConfUtils.java:logGet(43)) - raft.server.log.statemachine.data.caching.enabled = true (custom)
2019-11-14 14:46:32,854 [pool-193-thread-1] INFO  segmented.SegmentedRaftLogWorker (SegmentedRaftLogWorker.java:lambda$new$0(128)) - f7c73f5f-a922-4e72-9f0e-14e1adb29082@group-BAB06F5605F8-SegmentedRaftLogWorker: flushIndex: setUnconditionally 0 -> -1
2019-11-14 14:46:32,854 [pool-193-thread-1] INFO  server.RaftServerConfigKeys (ConfUtils.java:logGet(43)) - raft.server.snapshot.auto.trigger.enabled = true (custom)
2019-11-14 14:46:32,855 [pool-193-thread-1] INFO  server.RaftServerConfigKeys (ConfUtils.java:logGet(43)) - raft.server.snapshot.auto.trigger.threshold = 10000 (custom)
2019-11-14 14:46:32,855 [pool-193-thread-1] INFO  server.RaftServerConfigKeys (ConfUtils.java:logGet(43)) - raft.server.snapshot.retention.file.num = 5 (custom)
2019-11-14 14:46:32,855 [pool-193-thread-1] INFO  server.RaftServerConfigKeys (ConfUtils.java:logGet(43)) - raft.server.retrycache.expirytime = 600000ms (custom)
2019-11-14 14:46:32,855 [pool-193-thread-1] WARN  impl.MetricRegistriesImpl (MetricRegistriesImpl.java:lambda$create$1(61)) - First MetricRegistry has been created without registering reporters. You may need to call MetricRegistries.global().addReportRegistration(...) before.
2019-11-14 14:46:32,855 [pool-193-thread-1] WARN  impl.MetricRegistriesImpl (MetricRegistriesImpl.java:lambda$create$1(61)) - First MetricRegistry has been created without registering reporters. You may need to call MetricRegistries.global().addReportRegistration(...) before.
2019-11-14 14:46:32,855 [pool-193-thread-1] INFO  impl.RaftServerImpl (RaftServerImpl.java:start(184)) - f7c73f5f-a922-4e72-9f0e-14e1adb29082@group-BAB06F5605F8: start as a follower, conf=-1: [f7c73f5f-a922-4e72-9f0e-14e1adb29082:192.168.157.221:38185], old=null
2019-11-14 14:46:32,855 [pool-193-thread-1] INFO  impl.RaftServerImpl (RaftServerImpl.java:setRole(173)) - f7c73f5f-a922-4e72-9f0e-14e1adb29082@group-BAB06F5605F8: changes role from      null to FOLLOWER at term 0 for startAsFollower
2019-11-14 14:46:32,856 [pool-193-thread-1] INFO  impl.RoleInfo (RoleInfo.java:updateAndGet(143)) - f7c73f5f-a922-4e72-9f0e-14e1adb29082: start FollowerState
2019-11-14 14:46:32,856 [pool-193-thread-1] INFO  util.JmxRegister (JmxRegister.java:tryRegister(44)) - Successfully registered JMX Bean with object name Ratis:service=RaftServer,group=group-BAB06F5605F8,id=f7c73f5f-a922-4e72-9f0e-14e1adb29082
2019-11-14 14:46:32,856 [pool-193-thread-1] WARN  impl.MetricRegistriesImpl (MetricRegistriesImpl.java:lambda$create$1(61)) - First MetricRegistry has been created without registering reporters. You may need to call MetricRegistries.global().addReportRegistration(...) before.
2019-11-14 14:46:32,859 [RatisPipelineUtilsThread] INFO  pipeline.PipelineStateManager (PipelineStateManager.java:addPipeline(55)) - Created pipeline Pipeline[ Id: 0b4f614a-1594-4fd3-a2ef-bab06f5605f8, Nodes: f7c73f5f-a922-4e72-9f0e-14e1adb29082{ip: 192.168.157.221, host: pr-hdds-2408-9n676-254309887, networkLocation: /default-rack, certSerialId: null}, Type:RATIS, Factor:ONE, State:ALLOCATED]
2019-11-14 14:46:32,866 [grpc-default-executor-5] INFO  impl.RaftServerProxy (RaftServerProxy.java:addNew(89)) - 26facaca-2eaa-4eab-ad66-7bd9fd6334c7: addNew group-0B85F07CDE2A:[26facaca-2eaa-4eab-ad66-7bd9fd6334c7:192.168.157.221:41610] returns group-0B85F07CDE2A:java.util.concurrent.CompletableFuture@1788cf64[Not completed]
2019-11-14 14:46:32,867 [pool-203-thread-1] INFO  impl.RaftServerImpl (RaftServerImpl.java:<init>(98)) - 26facaca-2eaa-4eab-ad66-7bd9fd6334c7: new RaftServerImpl for group-0B85F07CDE2A:[26facaca-2eaa-4eab-ad66-7bd9fd6334c7:192.168.157.221:41610] with ContainerStateMachine:uninitialized
2019-11-14 14:46:32,867 [pool-203-thread-1] INFO  server.RaftServerConfigKeys (ConfUtils.java:logGet(43)) - raft.server.rpc.timeout.min = 1s (custom)
2019-11-14 14:46:32,867 [pool-203-thread-1] INFO  server.RaftServerConfigKeys (ConfUtils.java:logGet(43)) - raft.server.rpc.timeout.max = 1200ms (custom)
2019-11-14 14:46:32,867 [pool-203-thread-1] INFO  server.RaftServerConfigKeys (ConfUtils.java:logGet(43)) - raft.server.rpcslowness.timeout = 120s (custom)
2019-11-14 14:46:32,867 [pool-203-thread-1] INFO  server.RaftServerConfigKeys (ConfUtils.java:logGet(43)) - raft.server.sleep.deviation.threshold = 300 (default)
2019-11-14 14:46:32,867 [pool-203-thread-1] INFO  server.RaftServerConfigKeys (ConfUtils.java:logGet(43)) - raft.server.log.appender.install.snapshot.enabled = false (custom)
2019-11-14 14:46:32,868 [pool-203-thread-1] INFO  impl.RaftServerImpl (ServerState.java:<init>(103)) - 26facaca-2eaa-4eab-ad66-7bd9fd6334c7@group-0B85F07CDE2A: ConfigurationManager, init=-1: [26facaca-2eaa-4eab-ad66-7bd9fd6334c7:192.168.157.221:41610], old=null, confs=<EMPTY_MAP>
2019-11-14 14:46:32,868 [pool-203-thread-1] INFO  server.RaftServerConfigKeys (ConfUtils.java:logGet(43)) - raft.server.storage.dir = [/workdir/hadoop-ozone/integration-test/target/test-dir/MiniOzoneClusterImpl-fe7ca568-a673-4336-8267-b2734a58a5d6/datanode-5/data/ratis] (custom)
2019-11-14 14:46:32,868 [pool-203-thread-1] INFO  server.RaftServerConfigKeys (ConfUtils.java:logGet(43)) - raft.server.log.corruption.policy = EXCEPTION (default)
2019-11-14 14:46:32,868 [pool-203-thread-1] INFO  storage.RaftStorageDirectory (RaftStorageDirectory.java:analyzeStorage(246)) - The storage directory /workdir/hadoop-ozone/integration-test/target/test-dir/MiniOzoneClusterImpl-fe7ca568-a673-4336-8267-b2734a58a5d6/datanode-5/data/ratis/945c1790-2a48-49c5-984b-0b85f07cde2a does not exist. Creating ...
2019-11-14 14:46:32,894 [pool-203-thread-1] INFO  storage.RaftStorageDirectory (RaftStorageDirectory.java:tryLock(328)) - Lock on /workdir/hadoop-ozone/integration-test/target/test-dir/MiniOzoneClusterImpl-fe7ca568-a673-4336-8267-b2734a58a5d6/datanode-5/data/ratis/945c1790-2a48-49c5-984b-0b85f07cde2a/in_use.lock acquired by nodename 20979@pr-hdds-2408-9n676-254309887
2019-11-14 14:46:32,919 [pool-203-thread-1] INFO  storage.RaftStorage (RaftStorage.java:format(84)) - Storage directory /workdir/hadoop-ozone/integration-test/target/test-dir/MiniOzoneClusterImpl-fe7ca568-a673-4336-8267-b2734a58a5d6/datanode-5/data/ratis/945c1790-2a48-49c5-984b-0b85f07cde2a has been successfully formatted.
2019-11-14 14:46:32,919 [pool-203-thread-1] INFO  ratis.ContainerStateMachine (ContainerStateMachine.java:loadSnapshot(223)) - group-0B85F07CDE2A: The snapshot info is null. Setting the last applied indexto:(t:0, i:~)
2019-11-14 14:46:32,919 [pool-203-thread-1] INFO  server.RaftServerConfigKeys (ConfUtils.java:logGet(43)) - raft.server.notification.no-leader.timeout = 120s (custom)
2019-11-14 14:46:32,919 [pool-203-thread-1] INFO  server.RaftServerConfigKeys (ConfUtils.java:logGet(43)) - raft.server.log.use.memory = false (default)
2019-11-14 14:46:32,919 [pool-203-thread-1] INFO  server.RaftServerConfigKeys (ConfUtils.java:logGet(43)) - raft.server.log.purge.gap = 1000000 (custom)
2019-11-14 14:46:32,920 [pool-203-thread-1] INFO  server.RaftServerConfigKeys (ConfUtils.java:logGet(43)) - raft.server.log.appender.buffer.byte-limit = 33554432 (custom)
2019-11-14 14:46:32,920 [pool-203-thread-1] INFO  server.RaftServerConfigKeys (ConfUtils.java:logGet(43)) - raft.server.log.segment.size.max = 1048576 (custom)
2019-11-14 14:46:32,920 [pool-203-thread-1] WARN  impl.MetricRegistriesImpl (MetricRegistriesImpl.java:lambda$create$1(61)) - First MetricRegistry has been created without registering reporters. You may need to call MetricRegistries.global().addReportRegistration(...) before.
2019-11-14 14:46:32,920 [pool-203-thread-1] INFO  server.RaftServerConfigKeys (ConfUtils.java:logGet(43)) - raft.server.log.segment.cache.num.max = 2 (custom)
2019-11-14 14:46:32,920 [pool-203-thread-1] INFO  segmented.SegmentedRaftLogWorker (SegmentedRaftLogWorker.java:<init>(173)) - new 26facaca-2eaa-4eab-ad66-7bd9fd6334c7@group-0B85F07CDE2A-SegmentedRaftLogWorker for RaftStorage:Storage Directory /workdir/hadoop-ozone/integration-test/target/test-dir/MiniOzoneClusterImpl-fe7ca568-a673-4336-8267-b2734a58a5d6/datanode-5/data/ratis/945c1790-2a48-49c5-984b-0b85f07cde2a
2019-11-14 14:46:32,920 [pool-203-thread-1] INFO  server.RaftServerConfigKeys (ConfUtils.java:logGet(43)) - raft.server.log.queue.byte-limit = 2147483647 (custom)
2019-11-14 14:46:32,920 [pool-203-thread-1] INFO  server.RaftServerConfigKeys (ConfUtils.java:logGet(43)) - raft.server.log.queue.element-limit = 1024 (custom)
2019-11-14 14:46:32,920 [pool-203-thread-1] INFO  server.RaftServerConfigKeys (ConfUtils.java:logGet(43)) - raft.server.log.segment.size.max = 1048576 (custom)
2019-11-14 14:46:32,920 [pool-203-thread-1] INFO  server.RaftServerConfigKeys (ConfUtils.java:logGet(43)) - raft.server.log.preallocated.size = 16384 (custom)
2019-11-14 14:46:32,920 [pool-203-thread-1] INFO  server.RaftServerConfigKeys (ConfUtils.java:logGet(43)) - raft.server.log.write.buffer.size = 33554432 (custom)
2019-11-14 14:46:32,920 [pool-203-thread-1] INFO  server.RaftServerConfigKeys (ConfUtils.java:logGet(43)) - raft.server.log.force.sync.num = 128 (default)
2019-11-14 14:46:32,921 [pool-203-thread-1] INFO  server.RaftServerConfigKeys (ConfUtils.java:logGet(43)) - raft.server.log.statemachine.data.sync = true (default)
2019-11-14 14:46:32,921 [pool-203-thread-1] INFO  server.RaftServerConfigKeys (ConfUtils.java:logGet(43)) - raft.server.log.statemachine.data.sync.timeout = 10s (default)
2019-11-14 14:46:32,921 [pool-203-thread-1] INFO  server.RaftServerConfigKeys (ConfUtils.java:logGet(43)) - raft.server.log.statemachine.data.sync.timeout.retry = -1 (default)
2019-11-14 14:46:32,921 [pool-203-thread-1] INFO  server.RaftServerConfigKeys (ConfUtils.java:logGet(43)) - raft.server.log.statemachine.data.caching.enabled = true (custom)
2019-11-14 14:46:32,921 [pool-203-thread-1] INFO  segmented.SegmentedRaftLogWorker (SegmentedRaftLogWorker.java:lambda$new$0(128)) - 26facaca-2eaa-4eab-ad66-7bd9fd6334c7@group-0B85F07CDE2A-SegmentedRaftLogWorker: flushIndex: setUnconditionally 0 -> -1
2019-11-14 14:46:32,921 [pool-203-thread-1] INFO  server.RaftServerConfigKeys (ConfUtils.java:logGet(43)) - raft.server.snapshot.auto.trigger.enabled = true (custom)
2019-11-14 14:46:32,921 [pool-203-thread-1] INFO  server.RaftServerConfigKeys (ConfUtils.java:logGet(43)) - raft.server.snapshot.auto.trigger.threshold = 10000 (custom)
2019-11-14 14:46:32,922 [pool-203-thread-1] INFO  server.RaftServerConfigKeys (ConfUtils.java:logGet(43)) - raft.server.snapshot.retention.file.num = 5 (custom)
2019-11-14 14:46:32,922 [pool-203-thread-1] INFO  server.RaftServerConfigKeys (ConfUtils.java:logGet(43)) - raft.server.retrycache.expirytime = 600000ms (custom)
2019-11-14 14:46:32,922 [pool-203-thread-1] WARN  impl.MetricRegistriesImpl (MetricRegistriesImpl.java:lambda$create$1(61)) - First MetricRegistry has been created without registering reporters. You may need to call MetricRegistries.global().addReportRegistration(...) before.
2019-11-14 14:46:32,922 [pool-203-thread-1] WARN  impl.MetricRegistriesImpl (MetricRegistriesImpl.java:lambda$create$1(61)) - First MetricRegistry has been created without registering reporters. You may need to call MetricRegistries.global().addReportRegistration(...) before.
2019-11-14 14:46:32,922 [pool-203-thread-1] INFO  impl.RaftServerImpl (RaftServerImpl.java:start(184)) - 26facaca-2eaa-4eab-ad66-7bd9fd6334c7@group-0B85F07CDE2A: start as a follower, conf=-1: [26facaca-2eaa-4eab-ad66-7bd9fd6334c7:192.168.157.221:41610], old=null
2019-11-14 14:46:32,922 [pool-203-thread-1] INFO  impl.RaftServerImpl (RaftServerImpl.java:setRole(173)) - 26facaca-2eaa-4eab-ad66-7bd9fd6334c7@group-0B85F07CDE2A: changes role from      null to FOLLOWER at term 0 for startAsFollower
2019-11-14 14:46:32,922 [pool-203-thread-1] INFO  impl.RoleInfo (RoleInfo.java:updateAndGet(143)) - 26facaca-2eaa-4eab-ad66-7bd9fd6334c7: start FollowerState
2019-11-14 14:46:32,923 [pool-203-thread-1] INFO  util.JmxRegister (JmxRegister.java:tryRegister(44)) - Successfully registered JMX Bean with object name Ratis:service=RaftServer,group=group-0B85F07CDE2A,id=26facaca-2eaa-4eab-ad66-7bd9fd6334c7
2019-11-14 14:46:32,923 [pool-203-thread-1] WARN  impl.MetricRegistriesImpl (MetricRegistriesImpl.java:lambda$create$1(61)) - First MetricRegistry has been created without registering reporters. You may need to call MetricRegistries.global().addReportRegistration(...) before.
2019-11-14 14:46:32,925 [RatisPipelineUtilsThread] INFO  pipeline.PipelineStateManager (PipelineStateManager.java:addPipeline(55)) - Created pipeline Pipeline[ Id: 945c1790-2a48-49c5-984b-0b85f07cde2a, Nodes: 26facaca-2eaa-4eab-ad66-7bd9fd6334c7{ip: 192.168.157.221, host: pr-hdds-2408-9n676-254309887, networkLocation: /default-rack, certSerialId: null}, Type:RATIS, Factor:ONE, State:ALLOCATED]
2019-11-14 14:46:32,937 [grpc-default-executor-1] INFO  impl.RaftServerProxy (RaftServerProxy.java:addNew(89)) - 7df5b927-629b-4e54-9168-113c4a7809a2: addNew group-1E1C7163D28A:[7df5b927-629b-4e54-9168-113c4a7809a2:192.168.157.221:44414, d630e0b1-4536-4869-ba91-999e142c5c29:192.168.157.221:34031, 57a77f7a-d8c9-4cec-aa3c-e1c9007164ed:192.168.157.221:37354] returns group-1E1C7163D28A:java.util.concurrent.CompletableFuture@799b3d3a[Not completed]
2019-11-14 14:46:32,938 [grpc-default-executor-1] INFO  impl.RaftServerProxy (RaftServerProxy.java:addNew(89)) - d630e0b1-4536-4869-ba91-999e142c5c29: addNew group-1E1C7163D28A:[7df5b927-629b-4e54-9168-113c4a7809a2:192.168.157.221:44414, d630e0b1-4536-4869-ba91-999e142c5c29:192.168.157.221:34031, 57a77f7a-d8c9-4cec-aa3c-e1c9007164ed:192.168.157.221:37354] returns group-1E1C7163D28A:java.util.concurrent.CompletableFuture@60a8b7c4[Not completed]
2019-11-14 14:46:32,939 [pool-183-thread-1] INFO  impl.RaftServerImpl (RaftServerImpl.java:<init>(98)) - 7df5b927-629b-4e54-9168-113c4a7809a2: new RaftServerImpl for group-1E1C7163D28A:[7df5b927-629b-4e54-9168-113c4a7809a2:192.168.157.221:44414, d630e0b1-4536-4869-ba91-999e142c5c29:192.168.157.221:34031, 57a77f7a-d8c9-4cec-aa3c-e1c9007164ed:192.168.157.221:37354] with ContainerStateMachine:uninitialized
2019-11-14 14:46:32,939 [grpc-default-executor-4] INFO  impl.RaftServerProxy (RaftServerProxy.java:addNew(89)) - 57a77f7a-d8c9-4cec-aa3c-e1c9007164ed: addNew group-1E1C7163D28A:[7df5b927-629b-4e54-9168-113c4a7809a2:192.168.157.221:44414, d630e0b1-4536-4869-ba91-999e142c5c29:192.168.157.221:34031, 57a77f7a-d8c9-4cec-aa3c-e1c9007164ed:192.168.157.221:37354] returns group-1E1C7163D28A:java.util.concurrent.CompletableFuture@71831019[Not completed]
2019-11-14 14:46:32,939 [pool-183-thread-1] INFO  server.RaftServerConfigKeys (ConfUtils.java:logGet(43)) - raft.server.rpc.timeout.min = 1s (custom)
2019-11-14 14:46:32,939 [pool-183-thread-1] INFO  server.RaftServerConfigKeys (ConfUtils.java:logGet(43)) - raft.server.rpc.timeout.max = 1200ms (custom)
2019-11-14 14:46:32,940 [pool-183-thread-1] INFO  server.RaftServerConfigKeys (ConfUtils.java:logGet(43)) - raft.server.rpcslowness.timeout = 120s (custom)
2019-11-14 14:46:32,940 [pool-183-thread-1] INFO  server.RaftServerConfigKeys (ConfUtils.java:logGet(43)) - raft.server.sleep.deviation.threshold = 300 (default)
2019-11-14 14:46:32,940 [pool-183-thread-1] INFO  server.RaftServerConfigKeys (ConfUtils.java:logGet(43)) - raft.server.log.appender.install.snapshot.enabled = false (custom)
2019-11-14 14:46:32,940 [pool-183-thread-1] INFO  impl.RaftServerImpl (ServerState.java:<init>(103)) - 7df5b927-629b-4e54-9168-113c4a7809a2@group-1E1C7163D28A: ConfigurationManager, init=-1: [7df5b927-629b-4e54-9168-113c4a7809a2:192.168.157.221:44414, d630e0b1-4536-4869-ba91-999e142c5c29:192.168.157.221:34031, 57a77f7a-d8c9-4cec-aa3c-e1c9007164ed:192.168.157.221:37354], old=null, confs=<EMPTY_MAP>
2019-11-14 14:46:32,940 [pool-173-thread-1] INFO  impl.RaftServerImpl (RaftServerImpl.java:<init>(98)) - d630e0b1-4536-4869-ba91-999e142c5c29: new RaftServerImpl for group-1E1C7163D28A:[7df5b927-629b-4e54-9168-113c4a7809a2:192.168.157.221:44414, d630e0b1-4536-4869-ba91-999e142c5c29:192.168.157.221:34031, 57a77f7a-d8c9-4cec-aa3c-e1c9007164ed:192.168.157.221:37354] with ContainerStateMachine:uninitialized
2019-11-14 14:46:32,940 [pool-183-thread-1] INFO  server.RaftServerConfigKeys (ConfUtils.java:logGet(43)) - raft.server.storage.dir = [/workdir/hadoop-ozone/integration-test/target/test-dir/MiniOzoneClusterImpl-fe7ca568-a673-4336-8267-b2734a58a5d6/datanode-3/data/ratis] (custom)
2019-11-14 14:46:32,940 [pool-173-thread-1] INFO  server.RaftServerConfigKeys (ConfUtils.java:logGet(43)) - raft.server.rpc.timeout.min = 1s (custom)
2019-11-14 14:46:32,941 [pool-183-thread-1] INFO  server.RaftServerConfigKeys (ConfUtils.java:logGet(43)) - raft.server.log.corruption.policy = EXCEPTION (default)
2019-11-14 14:46:32,941 [pool-173-thread-1] INFO  server.RaftServerConfigKeys (ConfUtils.java:logGet(43)) - raft.server.rpc.timeout.max = 1200ms (custom)
2019-11-14 14:46:32,941 [pool-183-thread-1] INFO  storage.RaftStorageDirectory (RaftStorageDirectory.java:analyzeStorage(246)) - The storage directory /workdir/hadoop-ozone/integration-test/target/test-dir/MiniOzoneClusterImpl-fe7ca568-a673-4336-8267-b2734a58a5d6/datanode-3/data/ratis/b3138f24-0ecc-43d8-80a4-1e1c7163d28a does not exist. Creating ...
2019-11-14 14:46:32,941 [pool-173-thread-1] INFO  server.RaftServerConfigKeys (ConfUtils.java:logGet(43)) - raft.server.rpcslowness.timeout = 120s (custom)
2019-11-14 14:46:32,941 [pool-163-thread-1] INFO  impl.RaftServerImpl (RaftServerImpl.java:<init>(98)) - 57a77f7a-d8c9-4cec-aa3c-e1c9007164ed: new RaftServerImpl for group-1E1C7163D28A:[7df5b927-629b-4e54-9168-113c4a7809a2:192.168.157.221:44414, d630e0b1-4536-4869-ba91-999e142c5c29:192.168.157.221:34031, 57a77f7a-d8c9-4cec-aa3c-e1c9007164ed:192.168.157.221:37354] with ContainerStateMachine:uninitialized
2019-11-14 14:46:32,941 [pool-173-thread-1] INFO  server.RaftServerConfigKeys (ConfUtils.java:logGet(43)) - raft.server.sleep.deviation.threshold = 300 (default)
2019-11-14 14:46:32,941 [pool-163-thread-1] INFO  server.RaftServerConfigKeys (ConfUtils.java:logGet(43)) - raft.server.rpc.timeout.min = 1s (custom)
2019-11-14 14:46:32,942 [pool-173-thread-1] INFO  server.RaftServerConfigKeys (ConfUtils.java:logGet(43)) - raft.server.log.appender.install.snapshot.enabled = false (custom)
2019-11-14 14:46:32,942 [pool-163-thread-1] INFO  server.RaftServerConfigKeys (ConfUtils.java:logGet(43)) - raft.server.rpc.timeout.max = 1200ms (custom)
2019-11-14 14:46:32,942 [pool-173-thread-1] INFO  impl.RaftServerImpl (ServerState.java:<init>(103)) - d630e0b1-4536-4869-ba91-999e142c5c29@group-1E1C7163D28A: ConfigurationManager, init=-1: [7df5b927-629b-4e54-9168-113c4a7809a2:192.168.157.221:44414, d630e0b1-4536-4869-ba91-999e142c5c29:192.168.157.221:34031, 57a77f7a-d8c9-4cec-aa3c-e1c9007164ed:192.168.157.221:37354], old=null, confs=<EMPTY_MAP>
2019-11-14 14:46:32,942 [pool-163-thread-1] INFO  server.RaftServerConfigKeys (ConfUtils.java:logGet(43)) - raft.server.rpcslowness.timeout = 120s (custom)
2019-11-14 14:46:32,942 [pool-173-thread-1] INFO  server.RaftServerConfigKeys (ConfUtils.java:logGet(43)) - raft.server.storage.dir = [/workdir/hadoop-ozone/integration-test/target/test-dir/MiniOzoneClusterImpl-fe7ca568-a673-4336-8267-b2734a58a5d6/datanode-2/data/ratis] (custom)
2019-11-14 14:46:32,942 [pool-163-thread-1] INFO  server.RaftServerConfigKeys (ConfUtils.java:logGet(43)) - raft.server.sleep.deviation.threshold = 300 (default)
2019-11-14 14:46:32,943 [pool-163-thread-1] INFO  server.RaftServerConfigKeys (ConfUtils.java:logGet(43)) - raft.server.log.appender.install.snapshot.enabled = false (custom)
2019-11-14 14:46:32,943 [pool-173-thread-1] INFO  server.RaftServerConfigKeys (ConfUtils.java:logGet(43)) - raft.server.log.corruption.policy = EXCEPTION (default)
2019-11-14 14:46:32,943 [pool-163-thread-1] INFO  impl.RaftServerImpl (ServerState.java:<init>(103)) - 57a77f7a-d8c9-4cec-aa3c-e1c9007164ed@group-1E1C7163D28A: ConfigurationManager, init=-1: [7df5b927-629b-4e54-9168-113c4a7809a2:192.168.157.221:44414, d630e0b1-4536-4869-ba91-999e142c5c29:192.168.157.221:34031, 57a77f7a-d8c9-4cec-aa3c-e1c9007164ed:192.168.157.221:37354], old=null, confs=<EMPTY_MAP>
2019-11-14 14:46:32,943 [pool-173-thread-1] INFO  storage.RaftStorageDirectory (RaftStorageDirectory.java:analyzeStorage(246)) - The storage directory /workdir/hadoop-ozone/integration-test/target/test-dir/MiniOzoneClusterImpl-fe7ca568-a673-4336-8267-b2734a58a5d6/datanode-2/data/ratis/b3138f24-0ecc-43d8-80a4-1e1c7163d28a does not exist. Creating ...
2019-11-14 14:46:32,943 [pool-163-thread-1] INFO  server.RaftServerConfigKeys (ConfUtils.java:logGet(43)) - raft.server.storage.dir = [/workdir/hadoop-ozone/integration-test/target/test-dir/MiniOzoneClusterImpl-fe7ca568-a673-4336-8267-b2734a58a5d6/datanode-1/data/ratis] (custom)
2019-11-14 14:46:32,944 [pool-163-thread-1] INFO  server.RaftServerConfigKeys (ConfUtils.java:logGet(43)) - raft.server.log.corruption.policy = EXCEPTION (default)
2019-11-14 14:46:32,944 [pool-163-thread-1] INFO  storage.RaftStorageDirectory (RaftStorageDirectory.java:analyzeStorage(246)) - The storage directory /workdir/hadoop-ozone/integration-test/target/test-dir/MiniOzoneClusterImpl-fe7ca568-a673-4336-8267-b2734a58a5d6/datanode-1/data/ratis/b3138f24-0ecc-43d8-80a4-1e1c7163d28a does not exist. Creating ...
2019-11-14 14:46:32,970 [pool-173-thread-1] INFO  storage.RaftStorageDirectory (RaftStorageDirectory.java:tryLock(328)) - Lock on /workdir/hadoop-ozone/integration-test/target/test-dir/MiniOzoneClusterImpl-fe7ca568-a673-4336-8267-b2734a58a5d6/datanode-2/data/ratis/b3138f24-0ecc-43d8-80a4-1e1c7163d28a/in_use.lock acquired by nodename 20979@pr-hdds-2408-9n676-254309887
2019-11-14 14:46:32,970 [pool-163-thread-1] INFO  storage.RaftStorageDirectory (RaftStorageDirectory.java:tryLock(328)) - Lock on /workdir/hadoop-ozone/integration-test/target/test-dir/MiniOzoneClusterImpl-fe7ca568-a673-4336-8267-b2734a58a5d6/datanode-1/data/ratis/b3138f24-0ecc-43d8-80a4-1e1c7163d28a/in_use.lock acquired by nodename 20979@pr-hdds-2408-9n676-254309887
2019-11-14 14:46:32,970 [pool-183-thread-1] INFO  storage.RaftStorageDirectory (RaftStorageDirectory.java:tryLock(328)) - Lock on /workdir/hadoop-ozone/integration-test/target/test-dir/MiniOzoneClusterImpl-fe7ca568-a673-4336-8267-b2734a58a5d6/datanode-3/data/ratis/b3138f24-0ecc-43d8-80a4-1e1c7163d28a/in_use.lock acquired by nodename 20979@pr-hdds-2408-9n676-254309887
2019-11-14 14:46:32,995 [pool-173-thread-1] INFO  storage.RaftStorage (RaftStorage.java:format(84)) - Storage directory /workdir/hadoop-ozone/integration-test/target/test-dir/MiniOzoneClusterImpl-fe7ca568-a673-4336-8267-b2734a58a5d6/datanode-2/data/ratis/b3138f24-0ecc-43d8-80a4-1e1c7163d28a has been successfully formatted.
2019-11-14 14:46:32,995 [pool-163-thread-1] INFO  storage.RaftStorage (RaftStorage.java:format(84)) - Storage directory /workdir/hadoop-ozone/integration-test/target/test-dir/MiniOzoneClusterImpl-fe7ca568-a673-4336-8267-b2734a58a5d6/datanode-1/data/ratis/b3138f24-0ecc-43d8-80a4-1e1c7163d28a has been successfully formatted.
2019-11-14 14:46:32,995 [pool-183-thread-1] INFO  storage.RaftStorage (RaftStorage.java:format(84)) - Storage directory /workdir/hadoop-ozone/integration-test/target/test-dir/MiniOzoneClusterImpl-fe7ca568-a673-4336-8267-b2734a58a5d6/datanode-3/data/ratis/b3138f24-0ecc-43d8-80a4-1e1c7163d28a has been successfully formatted.
2019-11-14 14:46:32,996 [pool-163-thread-1] INFO  ratis.ContainerStateMachine (ContainerStateMachine.java:loadSnapshot(223)) - group-1E1C7163D28A: The snapshot info is null. Setting the last applied indexto:(t:0, i:~)
2019-11-14 14:46:32,996 [pool-173-thread-1] INFO  ratis.ContainerStateMachine (ContainerStateMachine.java:loadSnapshot(223)) - group-1E1C7163D28A: The snapshot info is null. Setting the last applied indexto:(t:0, i:~)
2019-11-14 14:46:32,996 [pool-163-thread-1] INFO  server.RaftServerConfigKeys (ConfUtils.java:logGet(43)) - raft.server.notification.no-leader.timeout = 120s (custom)
2019-11-14 14:46:32,996 [pool-183-thread-1] INFO  ratis.ContainerStateMachine (ContainerStateMachine.java:loadSnapshot(223)) - group-1E1C7163D28A: The snapshot info is null. Setting the last applied indexto:(t:0, i:~)
2019-11-14 14:46:32,996 [pool-163-thread-1] INFO  server.RaftServerConfigKeys (ConfUtils.java:logGet(43)) - raft.server.log.use.memory = false (default)
2019-11-14 14:46:32,996 [pool-173-thread-1] INFO  server.RaftServerConfigKeys (ConfUtils.java:logGet(43)) - raft.server.notification.no-leader.timeout = 120s (custom)
2019-11-14 14:46:32,996 [pool-163-thread-1] INFO  server.RaftServerConfigKeys (ConfUtils.java:logGet(43)) - raft.server.log.purge.gap = 1000000 (custom)
2019-11-14 14:46:32,996 [pool-183-thread-1] INFO  server.RaftServerConfigKeys (ConfUtils.java:logGet(43)) - raft.server.notification.no-leader.timeout = 120s (custom)
2019-11-14 14:46:32,997 [pool-163-thread-1] INFO  server.RaftServerConfigKeys (ConfUtils.java:logGet(43)) - raft.server.log.appender.buffer.byte-limit = 33554432 (custom)
2019-11-14 14:46:32,997 [pool-173-thread-1] INFO  server.RaftServerConfigKeys (ConfUtils.java:logGet(43)) - raft.server.log.use.memory = false (default)
2019-11-14 14:46:32,997 [pool-163-thread-1] INFO  server.RaftServerConfigKeys (ConfUtils.java:logGet(43)) - raft.server.log.segment.size.max = 1048576 (custom)
2019-11-14 14:46:32,997 [pool-183-thread-1] INFO  server.RaftServerConfigKeys (ConfUtils.java:logGet(43)) - raft.server.log.use.memory = false (default)
2019-11-14 14:46:32,997 [pool-163-thread-1] INFO  server.RaftServerConfigKeys (ConfUtils.java:logGet(43)) - raft.server.log.segment.cache.num.max = 2 (custom)
2019-11-14 14:46:32,997 [pool-173-thread-1] INFO  server.RaftServerConfigKeys (ConfUtils.java:logGet(43)) - raft.server.log.purge.gap = 1000000 (custom)
2019-11-14 14:46:32,997 [pool-163-thread-1] INFO  segmented.SegmentedRaftLogWorker (SegmentedRaftLogWorker.java:<init>(173)) - new 57a77f7a-d8c9-4cec-aa3c-e1c9007164ed@group-1E1C7163D28A-SegmentedRaftLogWorker for RaftStorage:Storage Directory /workdir/hadoop-ozone/integration-test/target/test-dir/MiniOzoneClusterImpl-fe7ca568-a673-4336-8267-b2734a58a5d6/datanode-1/data/ratis/b3138f24-0ecc-43d8-80a4-1e1c7163d28a
2019-11-14 14:46:32,997 [pool-183-thread-1] INFO  server.RaftServerConfigKeys (ConfUtils.java:logGet(43)) - raft.server.log.purge.gap = 1000000 (custom)
2019-11-14 14:46:32,998 [pool-163-thread-1] INFO  server.RaftServerConfigKeys (ConfUtils.java:logGet(43)) - raft.server.log.queue.byte-limit = 2147483647 (custom)
2019-11-14 14:46:32,998 [pool-173-thread-1] INFO  server.RaftServerConfigKeys (ConfUtils.java:logGet(43)) - raft.server.log.appender.buffer.byte-limit = 33554432 (custom)
2019-11-14 14:46:32,998 [pool-163-thread-1] INFO  server.RaftServerConfigKeys (ConfUtils.java:logGet(43)) - raft.server.log.queue.element-limit = 1024 (custom)
2019-11-14 14:46:32,998 [pool-183-thread-1] INFO  server.RaftServerConfigKeys (ConfUtils.java:logGet(43)) - raft.server.log.appender.buffer.byte-limit = 33554432 (custom)
2019-11-14 14:46:32,998 [pool-163-thread-1] INFO  server.RaftServerConfigKeys (ConfUtils.java:logGet(43)) - raft.server.log.segment.size.max = 1048576 (custom)
2019-11-14 14:46:32,998 [pool-173-thread-1] INFO  server.RaftServerConfigKeys (ConfUtils.java:logGet(43)) - raft.server.log.segment.size.max = 1048576 (custom)
2019-11-14 14:46:32,999 [pool-163-thread-1] INFO  server.RaftServerConfigKeys (ConfUtils.java:logGet(43)) - raft.server.log.preallocated.size = 16384 (custom)
2019-11-14 14:46:32,999 [pool-183-thread-1] INFO  server.RaftServerConfigKeys (ConfUtils.java:logGet(43)) - raft.server.log.segment.size.max = 1048576 (custom)
2019-11-14 14:46:32,999 [pool-163-thread-1] INFO  server.RaftServerConfigKeys (ConfUtils.java:logGet(43)) - raft.server.log.write.buffer.size = 33554432 (custom)
2019-11-14 14:46:32,999 [pool-163-thread-1] INFO  server.RaftServerConfigKeys (ConfUtils.java:logGet(43)) - raft.server.log.force.sync.num = 128 (default)
2019-11-14 14:46:32,999 [pool-173-thread-1] INFO  server.RaftServerConfigKeys (ConfUtils.java:logGet(43)) - raft.server.log.segment.cache.num.max = 2 (custom)
2019-11-14 14:46:32,999 [pool-163-thread-1] INFO  server.RaftServerConfigKeys (ConfUtils.java:logGet(43)) - raft.server.log.statemachine.data.sync = true (default)
2019-11-14 14:46:33,000 [pool-163-thread-1] INFO  server.RaftServerConfigKeys (ConfUtils.java:logGet(43)) - raft.server.log.statemachine.data.sync.timeout = 10s (default)
2019-11-14 14:46:32,999 [pool-183-thread-1] INFO  server.RaftServerConfigKeys (ConfUtils.java:logGet(43)) - raft.server.log.segment.cache.num.max = 2 (custom)
2019-11-14 14:46:33,000 [pool-163-thread-1] INFO  server.RaftServerConfigKeys (ConfUtils.java:logGet(43)) - raft.server.log.statemachine.data.sync.timeout.retry = -1 (default)
2019-11-14 14:46:32,999 [pool-173-thread-1] INFO  segmented.SegmentedRaftLogWorker (SegmentedRaftLogWorker.java:<init>(173)) - new d630e0b1-4536-4869-ba91-999e142c5c29@group-1E1C7163D28A-SegmentedRaftLogWorker for RaftStorage:Storage Directory /workdir/hadoop-ozone/integration-test/target/test-dir/MiniOzoneClusterImpl-fe7ca568-a673-4336-8267-b2734a58a5d6/datanode-2/data/ratis/b3138f24-0ecc-43d8-80a4-1e1c7163d28a
2019-11-14 14:46:33,000 [pool-163-thread-1] INFO  server.RaftServerConfigKeys (ConfUtils.java:logGet(43)) - raft.server.log.statemachine.data.caching.enabled = true (custom)
2019-11-14 14:46:33,000 [pool-183-thread-1] INFO  segmented.SegmentedRaftLogWorker (SegmentedRaftLogWorker.java:<init>(173)) - new 7df5b927-629b-4e54-9168-113c4a7809a2@group-1E1C7163D28A-SegmentedRaftLogWorker for RaftStorage:Storage Directory /workdir/hadoop-ozone/integration-test/target/test-dir/MiniOzoneClusterImpl-fe7ca568-a673-4336-8267-b2734a58a5d6/datanode-3/data/ratis/b3138f24-0ecc-43d8-80a4-1e1c7163d28a
2019-11-14 14:46:33,000 [pool-173-thread-1] INFO  server.RaftServerConfigKeys (ConfUtils.java:logGet(43)) - raft.server.log.queue.byte-limit = 2147483647 (custom)
2019-11-14 14:46:33,001 [pool-163-thread-1] INFO  segmented.SegmentedRaftLogWorker (SegmentedRaftLogWorker.java:lambda$new$0(128)) - 57a77f7a-d8c9-4cec-aa3c-e1c9007164ed@group-1E1C7163D28A-SegmentedRaftLogWorker: flushIndex: setUnconditionally 0 -> -1
2019-11-14 14:46:33,001 [pool-183-thread-1] INFO  server.RaftServerConfigKeys (ConfUtils.java:logGet(43)) - raft.server.log.queue.byte-limit = 2147483647 (custom)
2019-11-14 14:46:33,001 [pool-173-thread-1] INFO  server.RaftServerConfigKeys (ConfUtils.java:logGet(43)) - raft.server.log.queue.element-limit = 1024 (custom)
2019-11-14 14:46:33,001 [pool-163-thread-1] INFO  server.RaftServerConfigKeys (ConfUtils.java:logGet(43)) - raft.server.snapshot.auto.trigger.enabled = true (custom)
2019-11-14 14:46:33,001 [pool-183-thread-1] INFO  server.RaftServerConfigKeys (ConfUtils.java:logGet(43)) - raft.server.log.queue.element-limit = 1024 (custom)
2019-11-14 14:46:33,001 [pool-163-thread-1] INFO  server.RaftServerConfigKeys (ConfUtils.java:logGet(43)) - raft.server.snapshot.auto.trigger.threshold = 10000 (custom)
2019-11-14 14:46:33,001 [pool-173-thread-1] INFO  server.RaftServerConfigKeys (ConfUtils.java:logGet(43)) - raft.server.log.segment.size.max = 1048576 (custom)
2019-11-14 14:46:33,002 [pool-163-thread-1] INFO  server.RaftServerConfigKeys (ConfUtils.java:logGet(43)) - raft.server.snapshot.retention.file.num = 5 (custom)
2019-11-14 14:46:33,001 [pool-183-thread-1] INFO  server.RaftServerConfigKeys (ConfUtils.java:logGet(43)) - raft.server.log.segment.size.max = 1048576 (custom)
2019-11-14 14:46:33,002 [pool-163-thread-1] INFO  server.RaftServerConfigKeys (ConfUtils.java:logGet(43)) - raft.server.retrycache.expirytime = 600000ms (custom)
2019-11-14 14:46:33,002 [pool-173-thread-1] INFO  server.RaftServerConfigKeys (ConfUtils.java:logGet(43)) - raft.server.log.preallocated.size = 16384 (custom)
2019-11-14 14:46:33,002 [pool-163-thread-1] WARN  impl.MetricRegistriesImpl (MetricRegistriesImpl.java:lambda$create$1(61)) - First MetricRegistry has been created without registering reporters. You may need to call MetricRegistries.global().addReportRegistration(...) before.
2019-11-14 14:46:33,002 [pool-183-thread-1] INFO  server.RaftServerConfigKeys (ConfUtils.java:logGet(43)) - raft.server.log.preallocated.size = 16384 (custom)
2019-11-14 14:46:33,002 [pool-163-thread-1] WARN  impl.MetricRegistriesImpl (MetricRegistriesImpl.java:lambda$create$1(61)) - First MetricRegistry has been created without registering reporters. You may need to call MetricRegistries.global().addReportRegistration(...) before.
2019-11-14 14:46:33,002 [pool-173-thread-1] INFO  server.RaftServerConfigKeys (ConfUtils.java:logGet(43)) - raft.server.log.write.buffer.size = 33554432 (custom)
2019-11-14 14:46:33,003 [pool-163-thread-1] INFO  impl.RaftServerImpl (RaftServerImpl.java:start(184)) - 57a77f7a-d8c9-4cec-aa3c-e1c9007164ed@group-1E1C7163D28A: start as a follower, conf=-1: [7df5b927-629b-4e54-9168-113c4a7809a2:192.168.157.221:44414, d630e0b1-4536-4869-ba91-999e142c5c29:192.168.157.221:34031, 57a77f7a-d8c9-4cec-aa3c-e1c9007164ed:192.168.157.221:37354], old=null
2019-11-14 14:46:33,003 [pool-183-thread-1] INFO  server.RaftServerConfigKeys (ConfUtils.java:logGet(43)) - raft.server.log.write.buffer.size = 33554432 (custom)
2019-11-14 14:46:33,003 [pool-163-thread-1] INFO  impl.RaftServerImpl (RaftServerImpl.java:setRole(173)) - 57a77f7a-d8c9-4cec-aa3c-e1c9007164ed@group-1E1C7163D28A: changes role from      null to FOLLOWER at term 0 for startAsFollower
2019-11-14 14:46:33,003 [pool-173-thread-1] INFO  server.RaftServerConfigKeys (ConfUtils.java:logGet(43)) - raft.server.log.force.sync.num = 128 (default)
2019-11-14 14:46:33,003 [pool-163-thread-1] INFO  impl.RoleInfo (RoleInfo.java:updateAndGet(143)) - 57a77f7a-d8c9-4cec-aa3c-e1c9007164ed: start FollowerState
2019-11-14 14:46:33,003 [pool-183-thread-1] INFO  server.RaftServerConfigKeys (ConfUtils.java:logGet(43)) - raft.server.log.force.sync.num = 128 (default)
2019-11-14 14:46:33,003 [pool-173-thread-1] INFO  server.RaftServerConfigKeys (ConfUtils.java:logGet(43)) - raft.server.log.statemachine.data.sync = true (default)
2019-11-14 14:46:33,004 [pool-183-thread-1] INFO  server.RaftServerConfigKeys (ConfUtils.java:logGet(43)) - raft.server.log.statemachine.data.sync = true (default)
2019-11-14 14:46:33,004 [pool-173-thread-1] INFO  server.RaftServerConfigKeys (ConfUtils.java:logGet(43)) - raft.server.log.statemachine.data.sync.timeout = 10s (default)
2019-11-14 14:46:33,004 [pool-183-thread-1] INFO  server.RaftServerConfigKeys (ConfUtils.java:logGet(43)) - raft.server.log.statemachine.data.sync.timeout = 10s (default)
2019-11-14 14:46:33,004 [pool-163-thread-1] INFO  util.JmxRegister (JmxRegister.java:tryRegister(44)) - Successfully registered JMX Bean with object name Ratis:service=RaftServer,group=group-1E1C7163D28A,id=57a77f7a-d8c9-4cec-aa3c-e1c9007164ed
2019-11-14 14:46:33,004 [pool-173-thread-1] INFO  server.RaftServerConfigKeys (ConfUtils.java:logGet(43)) - raft.server.log.statemachine.data.sync.timeout.retry = -1 (default)
2019-11-14 14:46:33,004 [pool-163-thread-1] WARN  impl.MetricRegistriesImpl (MetricRegistriesImpl.java:lambda$create$1(61)) - First MetricRegistry has been created without registering reporters. You may need to call MetricRegistries.global().addReportRegistration(...) before.
2019-11-14 14:46:33,004 [pool-183-thread-1] INFO  server.RaftServerConfigKeys (ConfUtils.java:logGet(43)) - raft.server.log.statemachine.data.sync.timeout.retry = -1 (default)
2019-11-14 14:46:33,004 [pool-173-thread-1] INFO  server.RaftServerConfigKeys (ConfUtils.java:logGet(43)) - raft.server.log.statemachine.data.caching.enabled = true (custom)
2019-11-14 14:46:33,005 [pool-183-thread-1] INFO  server.RaftServerConfigKeys (ConfUtils.java:logGet(43)) - raft.server.log.statemachine.data.caching.enabled = true (custom)
2019-11-14 14:46:33,005 [pool-173-thread-1] INFO  segmented.SegmentedRaftLogWorker (SegmentedRaftLogWorker.java:lambda$new$0(128)) - d630e0b1-4536-4869-ba91-999e142c5c29@group-1E1C7163D28A-SegmentedRaftLogWorker: flushIndex: setUnconditionally 0 -> -1
2019-11-14 14:46:33,005 [pool-183-thread-1] INFO  segmented.SegmentedRaftLogWorker (SegmentedRaftLogWorker.java:lambda$new$0(128)) - 7df5b927-629b-4e54-9168-113c4a7809a2@group-1E1C7163D28A-SegmentedRaftLogWorker: flushIndex: setUnconditionally 0 -> -1
2019-11-14 14:46:33,005 [pool-173-thread-1] INFO  server.RaftServerConfigKeys (ConfUtils.java:logGet(43)) - raft.server.snapshot.auto.trigger.enabled = true (custom)
2019-11-14 14:46:33,006 [pool-173-thread-1] INFO  server.RaftServerConfigKeys (ConfUtils.java:logGet(43)) - raft.server.snapshot.auto.trigger.threshold = 10000 (custom)
2019-11-14 14:46:33,006 [pool-183-thread-1] INFO  server.RaftServerConfigKeys (ConfUtils.java:logGet(43)) - raft.server.snapshot.auto.trigger.enabled = true (custom)
2019-11-14 14:46:33,006 [pool-173-thread-1] INFO  server.RaftServerConfigKeys (ConfUtils.java:logGet(43)) - raft.server.snapshot.retention.file.num = 5 (custom)
2019-11-14 14:46:33,006 [pool-183-thread-1] INFO  server.RaftServerConfigKeys (ConfUtils.java:logGet(43)) - raft.server.snapshot.auto.trigger.threshold = 10000 (custom)
2019-11-14 14:46:33,006 [pool-173-thread-1] INFO  server.RaftServerConfigKeys (ConfUtils.java:logGet(43)) - raft.server.retrycache.expirytime = 600000ms (custom)
2019-11-14 14:46:33,006 [pool-183-thread-1] INFO  server.RaftServerConfigKeys (ConfUtils.java:logGet(43)) - raft.server.snapshot.retention.file.num = 5 (custom)
2019-11-14 14:46:33,006 [pool-173-thread-1] WARN  impl.MetricRegistriesImpl (MetricRegistriesImpl.java:lambda$create$1(61)) - First MetricRegistry has been created without registering reporters. You may need to call MetricRegistries.global().addReportRegistration(...) before.
2019-11-14 14:46:33,006 [pool-183-thread-1] INFO  server.RaftServerConfigKeys (ConfUtils.java:logGet(43)) - raft.server.retrycache.expirytime = 600000ms (custom)
2019-11-14 14:46:33,006 [pool-173-thread-1] WARN  impl.MetricRegistriesImpl (MetricRegistriesImpl.java:lambda$create$1(61)) - First MetricRegistry has been created without registering reporters. You may need to call MetricRegistries.global().addReportRegistration(...) before.
2019-11-14 14:46:33,006 [pool-183-thread-1] WARN  impl.MetricRegistriesImpl (MetricRegistriesImpl.java:lambda$create$1(61)) - First MetricRegistry has been created without registering reporters. You may need to call MetricRegistries.global().addReportRegistration(...) before.
2019-11-14 14:46:33,007 [pool-173-thread-1] INFO  impl.RaftServerImpl (RaftServerImpl.java:start(184)) - d630e0b1-4536-4869-ba91-999e142c5c29@group-1E1C7163D28A: start as a follower, conf=-1: [7df5b927-629b-4e54-9168-113c4a7809a2:192.168.157.221:44414, d630e0b1-4536-4869-ba91-999e142c5c29:192.168.157.221:34031, 57a77f7a-d8c9-4cec-aa3c-e1c9007164ed:192.168.157.221:37354], old=null
2019-11-14 14:46:33,007 [pool-183-thread-1] WARN  impl.MetricRegistriesImpl (MetricRegistriesImpl.java:lambda$create$1(61)) - First MetricRegistry has been created without registering reporters. You may need to call MetricRegistries.global().addReportRegistration(...) before.
2019-11-14 14:46:33,007 [pool-173-thread-1] INFO  impl.RaftServerImpl (RaftServerImpl.java:setRole(173)) - d630e0b1-4536-4869-ba91-999e142c5c29@group-1E1C7163D28A: changes role from      null to FOLLOWER at term 0 for startAsFollower
2019-11-14 14:46:33,007 [pool-183-thread-1] INFO  impl.RaftServerImpl (RaftServerImpl.java:start(184)) - 7df5b927-629b-4e54-9168-113c4a7809a2@group-1E1C7163D28A: start as a follower, conf=-1: [7df5b927-629b-4e54-9168-113c4a7809a2:192.168.157.221:44414, d630e0b1-4536-4869-ba91-999e142c5c29:192.168.157.221:34031, 57a77f7a-d8c9-4cec-aa3c-e1c9007164ed:192.168.157.221:37354], old=null
2019-11-14 14:46:33,007 [pool-173-thread-1] INFO  impl.RoleInfo (RoleInfo.java:updateAndGet(143)) - d630e0b1-4536-4869-ba91-999e142c5c29: start FollowerState
2019-11-14 14:46:33,007 [pool-183-thread-1] INFO  impl.RaftServerImpl (RaftServerImpl.java:setRole(173)) - 7df5b927-629b-4e54-9168-113c4a7809a2@group-1E1C7163D28A: changes role from      null to FOLLOWER at term 0 for startAsFollower
2019-11-14 14:46:33,007 [pool-183-thread-1] INFO  impl.RoleInfo (RoleInfo.java:updateAndGet(143)) - 7df5b927-629b-4e54-9168-113c4a7809a2: start FollowerState
2019-11-14 14:46:33,007 [pool-173-thread-1] INFO  util.JmxRegister (JmxRegister.java:tryRegister(44)) - Successfully registered JMX Bean with object name Ratis:service=RaftServer,group=group-1E1C7163D28A,id=d630e0b1-4536-4869-ba91-999e142c5c29
2019-11-14 14:46:33,008 [pool-173-thread-1] WARN  impl.MetricRegistriesImpl (MetricRegistriesImpl.java:lambda$create$1(61)) - First MetricRegistry has been created without registering reporters. You may need to call MetricRegistries.global().addReportRegistration(...) before.
2019-11-14 14:46:33,008 [pool-183-thread-1] INFO  util.JmxRegister (JmxRegister.java:tryRegister(44)) - Successfully registered JMX Bean with object name Ratis:service=RaftServer,group=group-1E1C7163D28A,id=7df5b927-629b-4e54-9168-113c4a7809a2
2019-11-14 14:46:33,008 [pool-183-thread-1] WARN  impl.MetricRegistriesImpl (MetricRegistriesImpl.java:lambda$create$1(61)) - First MetricRegistry has been created without registering reporters. You may need to call MetricRegistries.global().addReportRegistration(...) before.
2019-11-14 14:46:33,011 [RatisPipelineUtilsThread] INFO  pipeline.PipelineStateManager (PipelineStateManager.java:addPipeline(55)) - Created pipeline Pipeline[ Id: b3138f24-0ecc-43d8-80a4-1e1c7163d28a, Nodes: 57a77f7a-d8c9-4cec-aa3c-e1c9007164ed{ip: 192.168.157.221, host: pr-hdds-2408-9n676-254309887, networkLocation: /default-rack, certSerialId: null}7df5b927-629b-4e54-9168-113c4a7809a2{ip: 192.168.157.221, host: pr-hdds-2408-9n676-254309887, networkLocation: /default-rack, certSerialId: null}d630e0b1-4536-4869-ba91-999e142c5c29{ip: 192.168.157.221, host: pr-hdds-2408-9n676-254309887, networkLocation: /default-rack, certSerialId: null}, Type:RATIS, Factor:THREE, State:ALLOCATED]
2019-11-14 14:46:33,021 [grpc-default-executor-1] INFO  impl.RaftServerProxy (RaftServerProxy.java:addNew(89)) - 26facaca-2eaa-4eab-ad66-7bd9fd6334c7: addNew group-C501AF52FAFD:[c792febc-28cf-4355-b2f7-5c4ed618863d:192.168.157.221:39600, f7c73f5f-a922-4e72-9f0e-14e1adb29082:192.168.157.221:38185, 26facaca-2eaa-4eab-ad66-7bd9fd6334c7:192.168.157.221:41610] returns group-C501AF52FAFD:java.util.concurrent.CompletableFuture@5691a8a8[Not completed]
2019-11-14 14:46:33,021 [grpc-default-executor-4] INFO  impl.RaftServerProxy (RaftServerProxy.java:addNew(89)) - c792febc-28cf-4355-b2f7-5c4ed618863d: addNew group-C501AF52FAFD:[c792febc-28cf-4355-b2f7-5c4ed618863d:192.168.157.221:39600, f7c73f5f-a922-4e72-9f0e-14e1adb29082:192.168.157.221:38185, 26facaca-2eaa-4eab-ad66-7bd9fd6334c7:192.168.157.221:41610] returns group-C501AF52FAFD:java.util.concurrent.CompletableFuture@2df34a67[Not completed]
2019-11-14 14:46:33,021 [grpc-default-executor-5] INFO  impl.RaftServerProxy (RaftServerProxy.java:addNew(89)) - f7c73f5f-a922-4e72-9f0e-14e1adb29082: addNew group-C501AF52FAFD:[c792febc-28cf-4355-b2f7-5c4ed618863d:192.168.157.221:39600, f7c73f5f-a922-4e72-9f0e-14e1adb29082:192.168.157.221:38185, 26facaca-2eaa-4eab-ad66-7bd9fd6334c7:192.168.157.221:41610] returns group-C501AF52FAFD:java.util.concurrent.CompletableFuture@74ec3333[Not completed]
2019-11-14 14:46:33,025 [pool-203-thread-1] INFO  impl.RaftServerImpl (RaftServerImpl.java:<init>(98)) - 26facaca-2eaa-4eab-ad66-7bd9fd6334c7: new RaftServerImpl for group-C501AF52FAFD:[c792febc-28cf-4355-b2f7-5c4ed618863d:192.168.157.221:39600, f7c73f5f-a922-4e72-9f0e-14e1adb29082:192.168.157.221:38185, 26facaca-2eaa-4eab-ad66-7bd9fd6334c7:192.168.157.221:41610] with ContainerStateMachine:uninitialized
2019-11-14 14:46:33,025 [pool-203-thread-1] INFO  server.RaftServerConfigKeys (ConfUtils.java:logGet(43)) - raft.server.rpc.timeout.min = 1s (custom)
2019-11-14 14:46:33,025 [pool-203-thread-1] INFO  server.RaftServerConfigKeys (ConfUtils.java:logGet(43)) - raft.server.rpc.timeout.max = 1200ms (custom)
2019-11-14 14:46:33,025 [pool-203-thread-1] INFO  server.RaftServerConfigKeys (ConfUtils.java:logGet(43)) - raft.server.rpcslowness.timeout = 120s (custom)
2019-11-14 14:46:33,025 [pool-203-thread-1] INFO  server.RaftServerConfigKeys (ConfUtils.java:logGet(43)) - raft.server.sleep.deviation.threshold = 300 (default)
2019-11-14 14:46:33,025 [pool-203-thread-1] INFO  server.RaftServerConfigKeys (ConfUtils.java:logGet(43)) - raft.server.log.appender.install.snapshot.enabled = false (custom)
2019-11-14 14:46:33,025 [pool-203-thread-1] INFO  impl.RaftServerImpl (ServerState.java:<init>(103)) - 26facaca-2eaa-4eab-ad66-7bd9fd6334c7@group-C501AF52FAFD: ConfigurationManager, init=-1: [c792febc-28cf-4355-b2f7-5c4ed618863d:192.168.157.221:39600, f7c73f5f-a922-4e72-9f0e-14e1adb29082:192.168.157.221:38185, 26facaca-2eaa-4eab-ad66-7bd9fd6334c7:192.168.157.221:41610], old=null, confs=<EMPTY_MAP>
2019-11-14 14:46:33,025 [pool-153-thread-1] INFO  impl.RaftServerImpl (RaftServerImpl.java:<init>(98)) - c792febc-28cf-4355-b2f7-5c4ed618863d: new RaftServerImpl for group-C501AF52FAFD:[c792febc-28cf-4355-b2f7-5c4ed618863d:192.168.157.221:39600, f7c73f5f-a922-4e72-9f0e-14e1adb29082:192.168.157.221:38185, 26facaca-2eaa-4eab-ad66-7bd9fd6334c7:192.168.157.221:41610] with ContainerStateMachine:uninitialized
2019-11-14 14:46:33,026 [pool-203-thread-1] INFO  server.RaftServerConfigKeys (ConfUtils.java:logGet(43)) - raft.server.storage.dir = [/workdir/hadoop-ozone/integration-test/target/test-dir/MiniOzoneClusterImpl-fe7ca568-a673-4336-8267-b2734a58a5d6/datanode-5/data/ratis] (custom)
2019-11-14 14:46:33,026 [pool-153-thread-1] INFO  server.RaftServerConfigKeys (ConfUtils.java:logGet(43)) - raft.server.rpc.timeout.min = 1s (custom)
2019-11-14 14:46:33,026 [pool-153-thread-1] INFO  server.RaftServerConfigKeys (ConfUtils.java:logGet(43)) - raft.server.rpc.timeout.max = 1200ms (custom)
2019-11-14 14:46:33,026 [pool-203-thread-1] INFO  server.RaftServerConfigKeys (ConfUtils.java:logGet(43)) - raft.server.log.corruption.policy = EXCEPTION (default)
2019-11-14 14:46:33,026 [pool-153-thread-1] INFO  server.RaftServerConfigKeys (ConfUtils.java:logGet(43)) - raft.server.rpcslowness.timeout = 120s (custom)
2019-11-14 14:46:33,026 [pool-153-thread-1] INFO  server.RaftServerConfigKeys (ConfUtils.java:logGet(43)) - raft.server.sleep.deviation.threshold = 300 (default)
2019-11-14 14:46:33,026 [pool-203-thread-1] INFO  storage.RaftStorageDirectory (RaftStorageDirectory.java:analyzeStorage(246)) - The storage directory /workdir/hadoop-ozone/integration-test/target/test-dir/MiniOzoneClusterImpl-fe7ca568-a673-4336-8267-b2734a58a5d6/datanode-5/data/ratis/e393f22e-6055-439d-a3e5-c501af52fafd does not exist. Creating ...
2019-11-14 14:46:33,026 [pool-153-thread-1] INFO  server.RaftServerConfigKeys (ConfUtils.java:logGet(43)) - raft.server.log.appender.install.snapshot.enabled = false (custom)
2019-11-14 14:46:33,026 [pool-193-thread-1] INFO  impl.RaftServerImpl (RaftServerImpl.java:<init>(98)) - f7c73f5f-a922-4e72-9f0e-14e1adb29082: new RaftServerImpl for group-C501AF52FAFD:[c792febc-28cf-4355-b2f7-5c4ed618863d:192.168.157.221:39600, f7c73f5f-a922-4e72-9f0e-14e1adb29082:192.168.157.221:38185, 26facaca-2eaa-4eab-ad66-7bd9fd6334c7:192.168.157.221:41610] with ContainerStateMachine:uninitialized
2019-11-14 14:46:33,027 [pool-153-thread-1] INFO  impl.RaftServerImpl (ServerState.java:<init>(103)) - c792febc-28cf-4355-b2f7-5c4ed618863d@group-C501AF52FAFD: ConfigurationManager, init=-1: [c792febc-28cf-4355-b2f7-5c4ed618863d:192.168.157.221:39600, f7c73f5f-a922-4e72-9f0e-14e1adb29082:192.168.157.221:38185, 26facaca-2eaa-4eab-ad66-7bd9fd6334c7:192.168.157.221:41610], old=null, confs=<EMPTY_MAP>
2019-11-14 14:46:33,027 [pool-193-thread-1] INFO  server.RaftServerConfigKeys (ConfUtils.java:logGet(43)) - raft.server.rpc.timeout.min = 1s (custom)
2019-11-14 14:46:33,027 [pool-153-thread-1] INFO  server.RaftServerConfigKeys (ConfUtils.java:logGet(43)) - raft.server.storage.dir = [/workdir/hadoop-ozone/integration-test/target/test-dir/MiniOzoneClusterImpl-fe7ca568-a673-4336-8267-b2734a58a5d6/datanode-0/data/ratis] (custom)
2019-11-14 14:46:33,027 [pool-193-thread-1] INFO  server.RaftServerConfigKeys (ConfUtils.java:logGet(43)) - raft.server.rpc.timeout.max = 1200ms (custom)
2019-11-14 14:46:33,027 [pool-193-thread-1] INFO  server.RaftServerConfigKeys (ConfUtils.java:logGet(43)) - raft.server.rpcslowness.timeout = 120s (custom)
2019-11-14 14:46:33,027 [pool-153-thread-1] INFO  server.RaftServerConfigKeys (ConfUtils.java:logGet(43)) - raft.server.log.corruption.policy = EXCEPTION (default)
2019-11-14 14:46:33,027 [pool-193-thread-1] INFO  server.RaftServerConfigKeys (ConfUtils.java:logGet(43)) - raft.server.sleep.deviation.threshold = 300 (default)
2019-11-14 14:46:33,027 [pool-193-thread-1] INFO  server.RaftServerConfigKeys (ConfUtils.java:logGet(43)) - raft.server.log.appender.install.snapshot.enabled = false (custom)
2019-11-14 14:46:33,027 [pool-153-thread-1] INFO  storage.RaftStorageDirectory (RaftStorageDirectory.java:analyzeStorage(246)) - The storage directory /workdir/hadoop-ozone/integration-test/target/test-dir/MiniOzoneClusterImpl-fe7ca568-a673-4336-8267-b2734a58a5d6/datanode-0/data/ratis/e393f22e-6055-439d-a3e5-c501af52fafd does not exist. Creating ...
2019-11-14 14:46:33,028 [pool-193-thread-1] INFO  impl.RaftServerImpl (ServerState.java:<init>(103)) - f7c73f5f-a922-4e72-9f0e-14e1adb29082@group-C501AF52FAFD: ConfigurationManager, init=-1: [c792febc-28cf-4355-b2f7-5c4ed618863d:192.168.157.221:39600, f7c73f5f-a922-4e72-9f0e-14e1adb29082:192.168.157.221:38185, 26facaca-2eaa-4eab-ad66-7bd9fd6334c7:192.168.157.221:41610], old=null, confs=<EMPTY_MAP>
2019-11-14 14:46:33,028 [pool-193-thread-1] INFO  server.RaftServerConfigKeys (ConfUtils.java:logGet(43)) - raft.server.storage.dir = [/workdir/hadoop-ozone/integration-test/target/test-dir/MiniOzoneClusterImpl-fe7ca568-a673-4336-8267-b2734a58a5d6/datanode-4/data/ratis] (custom)
2019-11-14 14:46:33,028 [pool-193-thread-1] INFO  server.RaftServerConfigKeys (ConfUtils.java:logGet(43)) - raft.server.log.corruption.policy = EXCEPTION (default)
2019-11-14 14:46:33,028 [pool-193-thread-1] INFO  storage.RaftStorageDirectory (RaftStorageDirectory.java:analyzeStorage(246)) - The storage directory /workdir/hadoop-ozone/integration-test/target/test-dir/MiniOzoneClusterImpl-fe7ca568-a673-4336-8267-b2734a58a5d6/datanode-4/data/ratis/e393f22e-6055-439d-a3e5-c501af52fafd does not exist. Creating ...
2019-11-14 14:46:33,054 [pool-153-thread-1] INFO  storage.RaftStorageDirectory (RaftStorageDirectory.java:tryLock(328)) - Lock on /workdir/hadoop-ozone/integration-test/target/test-dir/MiniOzoneClusterImpl-fe7ca568-a673-4336-8267-b2734a58a5d6/datanode-0/data/ratis/e393f22e-6055-439d-a3e5-c501af52fafd/in_use.lock acquired by nodename 20979@pr-hdds-2408-9n676-254309887
2019-11-14 14:46:33,054 [pool-193-thread-1] INFO  storage.RaftStorageDirectory (RaftStorageDirectory.java:tryLock(328)) - Lock on /workdir/hadoop-ozone/integration-test/target/test-dir/MiniOzoneClusterImpl-fe7ca568-a673-4336-8267-b2734a58a5d6/datanode-4/data/ratis/e393f22e-6055-439d-a3e5-c501af52fafd/in_use.lock acquired by nodename 20979@pr-hdds-2408-9n676-254309887
2019-11-14 14:46:33,054 [pool-203-thread-1] INFO  storage.RaftStorageDirectory (RaftStorageDirectory.java:tryLock(328)) - Lock on /workdir/hadoop-ozone/integration-test/target/test-dir/MiniOzoneClusterImpl-fe7ca568-a673-4336-8267-b2734a58a5d6/datanode-5/data/ratis/e393f22e-6055-439d-a3e5-c501af52fafd/in_use.lock acquired by nodename 20979@pr-hdds-2408-9n676-254309887
2019-11-14 14:46:33,072 [pool-203-thread-1] INFO  storage.RaftStorage (RaftStorage.java:format(84)) - Storage directory /workdir/hadoop-ozone/integration-test/target/test-dir/MiniOzoneClusterImpl-fe7ca568-a673-4336-8267-b2734a58a5d6/datanode-5/data/ratis/e393f22e-6055-439d-a3e5-c501af52fafd has been successfully formatted.
2019-11-14 14:46:33,072 [pool-153-thread-1] INFO  storage.RaftStorage (RaftStorage.java:format(84)) - Storage directory /workdir/hadoop-ozone/integration-test/target/test-dir/MiniOzoneClusterImpl-fe7ca568-a673-4336-8267-b2734a58a5d6/datanode-0/data/ratis/e393f22e-6055-439d-a3e5-c501af52fafd has been successfully formatted.
2019-11-14 14:46:33,072 [pool-193-thread-1] INFO  storage.RaftStorage (RaftStorage.java:format(84)) - Storage directory /workdir/hadoop-ozone/integration-test/target/test-dir/MiniOzoneClusterImpl-fe7ca568-a673-4336-8267-b2734a58a5d6/datanode-4/data/ratis/e393f22e-6055-439d-a3e5-c501af52fafd has been successfully formatted.
2019-11-14 14:46:33,072 [pool-203-thread-1] INFO  ratis.ContainerStateMachine (ContainerStateMachine.java:loadSnapshot(223)) - group-C501AF52FAFD: The snapshot info is null. Setting the last applied indexto:(t:0, i:~)
2019-11-14 14:46:33,072 [pool-153-thread-1] INFO  ratis.ContainerStateMachine (ContainerStateMachine.java:loadSnapshot(223)) - group-C501AF52FAFD: The snapshot info is null. Setting the last applied indexto:(t:0, i:~)
2019-11-14 14:46:33,072 [pool-203-thread-1] INFO  server.RaftServerConfigKeys (ConfUtils.java:logGet(43)) - raft.server.notification.no-leader.timeout = 120s (custom)
2019-11-14 14:46:33,072 [pool-193-thread-1] INFO  ratis.ContainerStateMachine (ContainerStateMachine.java:loadSnapshot(223)) - group-C501AF52FAFD: The snapshot info is null. Setting the last applied indexto:(t:0, i:~)
2019-11-14 14:46:33,072 [pool-203-thread-1] INFO  server.RaftServerConfigKeys (ConfUtils.java:logGet(43)) - raft.server.log.use.memory = false (default)
2019-11-14 14:46:33,072 [pool-153-thread-1] INFO  server.RaftServerConfigKeys (ConfUtils.java:logGet(43)) - raft.server.notification.no-leader.timeout = 120s (custom)
2019-11-14 14:46:33,073 [pool-203-thread-1] INFO  server.RaftServerConfigKeys (ConfUtils.java:logGet(43)) - raft.server.log.purge.gap = 1000000 (custom)
2019-11-14 14:46:33,073 [pool-193-thread-1] INFO  server.RaftServerConfigKeys (ConfUtils.java:logGet(43)) - raft.server.notification.no-leader.timeout = 120s (custom)
2019-11-14 14:46:33,073 [pool-203-thread-1] INFO  server.RaftServerConfigKeys (ConfUtils.java:logGet(43)) - raft.server.log.appender.buffer.byte-limit = 33554432 (custom)
2019-11-14 14:46:33,073 [pool-153-thread-1] INFO  server.RaftServerConfigKeys (ConfUtils.java:logGet(43)) - raft.server.log.use.memory = false (default)
2019-11-14 14:46:33,073 [pool-203-thread-1] INFO  server.RaftServerConfigKeys (ConfUtils.java:logGet(43)) - raft.server.log.segment.size.max = 1048576 (custom)
2019-11-14 14:46:33,073 [pool-193-thread-1] INFO  server.RaftServerConfigKeys (ConfUtils.java:logGet(43)) - raft.server.log.use.memory = false (default)
2019-11-14 14:46:33,073 [pool-203-thread-1] INFO  server.RaftServerConfigKeys (ConfUtils.java:logGet(43)) - raft.server.log.segment.cache.num.max = 2 (custom)
2019-11-14 14:46:33,073 [pool-153-thread-1] INFO  server.RaftServerConfigKeys (ConfUtils.java:logGet(43)) - raft.server.log.purge.gap = 1000000 (custom)
2019-11-14 14:46:33,073 [pool-203-thread-1] INFO  segmented.SegmentedRaftLogWorker (SegmentedRaftLogWorker.java:<init>(173)) - new 26facaca-2eaa-4eab-ad66-7bd9fd6334c7@group-C501AF52FAFD-SegmentedRaftLogWorker for RaftStorage:Storage Directory /workdir/hadoop-ozone/integration-test/target/test-dir/MiniOzoneClusterImpl-fe7ca568-a673-4336-8267-b2734a58a5d6/datanode-5/data/ratis/e393f22e-6055-439d-a3e5-c501af52fafd
2019-11-14 14:46:33,073 [pool-193-thread-1] INFO  server.RaftServerConfigKeys (ConfUtils.java:logGet(43)) - raft.server.log.purge.gap = 1000000 (custom)
2019-11-14 14:46:33,074 [pool-203-thread-1] INFO  server.RaftServerConfigKeys (ConfUtils.java:logGet(43)) - raft.server.log.queue.byte-limit = 2147483647 (custom)
2019-11-14 14:46:33,074 [pool-153-thread-1] INFO  server.RaftServerConfigKeys (ConfUtils.java:logGet(43)) - raft.server.log.appender.buffer.byte-limit = 33554432 (custom)
2019-11-14 14:46:33,074 [pool-203-thread-1] INFO  server.RaftServerConfigKeys (ConfUtils.java:logGet(43)) - raft.server.log.queue.element-limit = 1024 (custom)
2019-11-14 14:46:33,074 [pool-193-thread-1] INFO  server.RaftServerConfigKeys (ConfUtils.java:logGet(43)) - raft.server.log.appender.buffer.byte-limit = 33554432 (custom)
2019-11-14 14:46:33,074 [pool-203-thread-1] INFO  server.RaftServerConfigKeys (ConfUtils.java:logGet(43)) - raft.server.log.segment.size.max = 1048576 (custom)
2019-11-14 14:46:33,074 [pool-153-thread-1] INFO  server.RaftServerConfigKeys (ConfUtils.java:logGet(43)) - raft.server.log.segment.size.max = 1048576 (custom)
2019-11-14 14:46:33,074 [pool-203-thread-1] INFO  server.RaftServerConfigKeys (ConfUtils.java:logGet(43)) - raft.server.log.preallocated.size = 16384 (custom)
2019-11-14 14:46:33,074 [pool-193-thread-1] INFO  server.RaftServerConfigKeys (ConfUtils.java:logGet(43)) - raft.server.log.segment.size.max = 1048576 (custom)
2019-11-14 14:46:33,074 [pool-203-thread-1] INFO  server.RaftServerConfigKeys (ConfUtils.java:logGet(43)) - raft.server.log.write.buffer.size = 33554432 (custom)
2019-11-14 14:46:33,074 [pool-153-thread-1] INFO  server.RaftServerConfigKeys (ConfUtils.java:logGet(43)) - raft.server.log.segment.cache.num.max = 2 (custom)
2019-11-14 14:46:33,074 [pool-203-thread-1] INFO  server.RaftServerConfigKeys (ConfUtils.java:logGet(43)) - raft.server.log.force.sync.num = 128 (default)
2019-11-14 14:46:33,074 [pool-193-thread-1] INFO  server.RaftServerConfigKeys (ConfUtils.java:logGet(43)) - raft.server.log.segment.cache.num.max = 2 (custom)
2019-11-14 14:46:33,075 [pool-203-thread-1] INFO  server.RaftServerConfigKeys (ConfUtils.java:logGet(43)) - raft.server.log.statemachine.data.sync = true (default)
2019-11-14 14:46:33,075 [pool-153-thread-1] INFO  segmented.SegmentedRaftLogWorker (SegmentedRaftLogWorker.java:<init>(173)) - new c792febc-28cf-4355-b2f7-5c4ed618863d@group-C501AF52FAFD-SegmentedRaftLogWorker for RaftStorage:Storage Directory /workdir/hadoop-ozone/integration-test/target/test-dir/MiniOzoneClusterImpl-fe7ca568-a673-4336-8267-b2734a58a5d6/datanode-0/data/ratis/e393f22e-6055-439d-a3e5-c501af52fafd
2019-11-14 14:46:33,075 [pool-203-thread-1] INFO  server.RaftServerConfigKeys (ConfUtils.java:logGet(43)) - raft.server.log.statemachine.data.sync.timeout = 10s (default)
2019-11-14 14:46:33,075 [pool-193-thread-1] INFO  segmented.SegmentedRaftLogWorker (SegmentedRaftLogWorker.java:<init>(173)) - new f7c73f5f-a922-4e72-9f0e-14e1adb29082@group-C501AF52FAFD-SegmentedRaftLogWorker for RaftStorage:Storage Directory /workdir/hadoop-ozone/integration-test/target/test-dir/MiniOzoneClusterImpl-fe7ca568-a673-4336-8267-b2734a58a5d6/datanode-4/data/ratis/e393f22e-6055-439d-a3e5-c501af52fafd
2019-11-14 14:46:33,075 [pool-203-thread-1] INFO  server.RaftServerConfigKeys (ConfUtils.java:logGet(43)) - raft.server.log.statemachine.data.sync.timeout.retry = -1 (default)
2019-11-14 14:46:33,075 [pool-153-thread-1] INFO  server.RaftServerConfigKeys (ConfUtils.java:logGet(43)) - raft.server.log.queue.byte-limit = 2147483647 (custom)
2019-11-14 14:46:33,075 [pool-203-thread-1] INFO  server.RaftServerConfigKeys (ConfUtils.java:logGet(43)) - raft.server.log.statemachine.data.caching.enabled = true (custom)
2019-11-14 14:46:33,075 [pool-193-thread-1] INFO  server.RaftServerConfigKeys (ConfUtils.java:logGet(43)) - raft.server.log.queue.byte-limit = 2147483647 (custom)
2019-11-14 14:46:33,075 [pool-153-thread-1] INFO  server.RaftServerConfigKeys (ConfUtils.java:logGet(43)) - raft.server.log.queue.element-limit = 1024 (custom)
2019-11-14 14:46:33,076 [pool-203-thread-1] INFO  segmented.SegmentedRaftLogWorker (SegmentedRaftLogWorker.java:lambda$new$0(128)) - 26facaca-2eaa-4eab-ad66-7bd9fd6334c7@group-C501AF52FAFD-SegmentedRaftLogWorker: flushIndex: setUnconditionally 0 -> -1
2019-11-14 14:46:33,076 [pool-193-thread-1] INFO  server.RaftServerConfigKeys (ConfUtils.java:logGet(43)) - raft.server.log.queue.element-limit = 1024 (custom)
2019-11-14 14:46:33,076 [pool-153-thread-1] INFO  server.RaftServerConfigKeys (ConfUtils.java:logGet(43)) - raft.server.log.segment.size.max = 1048576 (custom)
2019-11-14 14:46:33,076 [pool-193-thread-1] INFO  server.RaftServerConfigKeys (ConfUtils.java:logGet(43)) - raft.server.log.segment.size.max = 1048576 (custom)
2019-11-14 14:46:33,076 [pool-203-thread-1] INFO  server.RaftServerConfigKeys (ConfUtils.java:logGet(43)) - raft.server.snapshot.auto.trigger.enabled = true (custom)
2019-11-14 14:46:33,076 [pool-193-thread-1] INFO  server.RaftServerConfigKeys (ConfUtils.java:logGet(43)) - raft.server.log.preallocated.size = 16384 (custom)
2019-11-14 14:46:33,076 [pool-153-thread-1] INFO  server.RaftServerConfigKeys (ConfUtils.java:logGet(43)) - raft.server.log.preallocated.size = 16384 (custom)
2019-11-14 14:46:33,076 [pool-193-thread-1] INFO  server.RaftServerConfigKeys (ConfUtils.java:logGet(43)) - raft.server.log.write.buffer.size = 33554432 (custom)
2019-11-14 14:46:33,076 [pool-203-thread-1] INFO  server.RaftServerConfigKeys (ConfUtils.java:logGet(43)) - raft.server.snapshot.auto.trigger.threshold = 10000 (custom)
2019-11-14 14:46:33,076 [pool-193-thread-1] INFO  server.RaftServerConfigKeys (ConfUtils.java:logGet(43)) - raft.server.log.force.sync.num = 128 (default)
2019-11-14 14:46:33,076 [pool-153-thread-1] INFO  server.RaftServerConfigKeys (ConfUtils.java:logGet(43)) - raft.server.log.write.buffer.size = 33554432 (custom)
2019-11-14 14:46:33,077 [pool-193-thread-1] INFO  server.RaftServerConfigKeys (ConfUtils.java:logGet(43)) - raft.server.log.statemachine.data.sync = true (default)
2019-11-14 14:46:33,077 [pool-203-thread-1] INFO  server.RaftServerConfigKeys (ConfUtils.java:logGet(43)) - raft.server.snapshot.retention.file.num = 5 (custom)
2019-11-14 14:46:33,077 [pool-193-thread-1] INFO  server.RaftServerConfigKeys (ConfUtils.java:logGet(43)) - raft.server.log.statemachine.data.sync.timeout = 10s (default)
2019-11-14 14:46:33,077 [pool-153-thread-1] INFO  server.RaftServerConfigKeys (ConfUtils.java:logGet(43)) - raft.server.log.force.sync.num = 128 (default)
2019-11-14 14:46:33,077 [pool-193-thread-1] INFO  server.RaftServerConfigKeys (ConfUtils.java:logGet(43)) - raft.server.log.statemachine.data.sync.timeout.retry = -1 (default)
2019-11-14 14:46:33,077 [pool-203-thread-1] INFO  server.RaftServerConfigKeys (ConfUtils.java:logGet(43)) - raft.server.retrycache.expirytime = 600000ms (custom)
2019-11-14 14:46:33,077 [pool-193-thread-1] INFO  server.RaftServerConfigKeys (ConfUtils.java:logGet(43)) - raft.server.log.statemachine.data.caching.enabled = true (custom)
2019-11-14 14:46:33,077 [pool-153-thread-1] INFO  server.RaftServerConfigKeys (ConfUtils.java:logGet(43)) - raft.server.log.statemachine.data.sync = true (default)
2019-11-14 14:46:33,077 [pool-193-thread-1] INFO  segmented.SegmentedRaftLogWorker (SegmentedRaftLogWorker.java:lambda$new$0(128)) - f7c73f5f-a922-4e72-9f0e-14e1adb29082@group-C501AF52FAFD-SegmentedRaftLogWorker: flushIndex: setUnconditionally 0 -> -1
2019-11-14 14:46:33,077 [pool-203-thread-1] WARN  impl.MetricRegistriesImpl (MetricRegistriesImpl.java:lambda$create$1(61)) - First MetricRegistry has been created without registering reporters. You may need to call MetricRegistries.global().addReportRegistration(...) before.
2019-11-14 14:46:33,078 [pool-153-thread-1] INFO  server.RaftServerConfigKeys (ConfUtils.java:logGet(43)) - raft.server.log.statemachine.data.sync.timeout = 10s (default)
2019-11-14 14:46:33,078 [pool-193-thread-1] INFO  server.RaftServerConfigKeys (ConfUtils.java:logGet(43)) - raft.server.snapshot.auto.trigger.enabled = true (custom)
2019-11-14 14:46:33,078 [pool-203-thread-1] WARN  impl.MetricRegistriesImpl (MetricRegistriesImpl.java:lambda$create$1(61)) - First MetricRegistry has been created without registering reporters. You may need to call MetricRegistries.global().addReportRegistration(...) before.
2019-11-14 14:46:33,078 [pool-193-thread-1] INFO  server.RaftServerConfigKeys (ConfUtils.java:logGet(43)) - raft.server.snapshot.auto.trigger.threshold = 10000 (custom)
2019-11-14 14:46:33,078 [pool-153-thread-1] INFO  server.RaftServerConfigKeys (ConfUtils.java:logGet(43)) - raft.server.log.statemachine.data.sync.timeout.retry = -1 (default)
2019-11-14 14:46:33,078 [pool-193-thread-1] INFO  server.RaftServerConfigKeys (ConfUtils.java:logGet(43)) - raft.server.snapshot.retention.file.num = 5 (custom)
2019-11-14 14:46:33,078 [pool-203-thread-1] INFO  impl.RaftServerImpl (RaftServerImpl.java:start(184)) - 26facaca-2eaa-4eab-ad66-7bd9fd6334c7@group-C501AF52FAFD: start as a follower, conf=-1: [c792febc-28cf-4355-b2f7-5c4ed618863d:192.168.157.221:39600, f7c73f5f-a922-4e72-9f0e-14e1adb29082:192.168.157.221:38185, 26facaca-2eaa-4eab-ad66-7bd9fd6334c7:192.168.157.221:41610], old=null
2019-11-14 14:46:33,078 [pool-193-thread-1] INFO  server.RaftServerConfigKeys (ConfUtils.java:logGet(43)) - raft.server.retrycache.expirytime = 600000ms (custom)
2019-11-14 14:46:33,078 [pool-153-thread-1] INFO  server.RaftServerConfigKeys (ConfUtils.java:logGet(43)) - raft.server.log.statemachine.data.caching.enabled = true (custom)
2019-11-14 14:46:33,079 [pool-193-thread-1] WARN  impl.MetricRegistriesImpl (MetricRegistriesImpl.java:lambda$create$1(61)) - First MetricRegistry has been created without registering reporters. You may need to call MetricRegistries.global().addReportRegistration(...) before.
2019-11-14 14:46:33,078 [pool-203-thread-1] INFO  impl.RaftServerImpl (RaftServerImpl.java:setRole(173)) - 26facaca-2eaa-4eab-ad66-7bd9fd6334c7@group-C501AF52FAFD: changes role from      null to FOLLOWER at term 0 for startAsFollower
2019-11-14 14:46:33,079 [pool-153-thread-1] INFO  segmented.SegmentedRaftLogWorker (SegmentedRaftLogWorker.java:lambda$new$0(128)) - c792febc-28cf-4355-b2f7-5c4ed618863d@group-C501AF52FAFD-SegmentedRaftLogWorker: flushIndex: setUnconditionally 0 -> -1
2019-11-14 14:46:33,079 [pool-203-thread-1] INFO  impl.RoleInfo (RoleInfo.java:updateAndGet(143)) - 26facaca-2eaa-4eab-ad66-7bd9fd6334c7: start FollowerState
2019-11-14 14:46:33,079 [pool-193-thread-1] WARN  impl.MetricRegistriesImpl (MetricRegistriesImpl.java:lambda$create$1(61)) - First MetricRegistry has been created without registering reporters. You may need to call MetricRegistries.global().addReportRegistration(...) before.
2019-11-14 14:46:33,079 [pool-153-thread-1] INFO  server.RaftServerConfigKeys (ConfUtils.java:logGet(43)) - raft.server.snapshot.auto.trigger.enabled = true (custom)
2019-11-14 14:46:33,079 [pool-193-thread-1] INFO  impl.RaftServerImpl (RaftServerImpl.java:start(184)) - f7c73f5f-a922-4e72-9f0e-14e1adb29082@group-C501AF52FAFD: start as a follower, conf=-1: [c792febc-28cf-4355-b2f7-5c4ed618863d:192.168.157.221:39600, f7c73f5f-a922-4e72-9f0e-14e1adb29082:192.168.157.221:38185, 26facaca-2eaa-4eab-ad66-7bd9fd6334c7:192.168.157.221:41610], old=null
2019-11-14 14:46:33,079 [pool-153-thread-1] INFO  server.RaftServerConfigKeys (ConfUtils.java:logGet(43)) - raft.server.snapshot.auto.trigger.threshold = 10000 (custom)
2019-11-14 14:46:33,079 [pool-193-thread-1] INFO  impl.RaftServerImpl (RaftServerImpl.java:setRole(173)) - f7c73f5f-a922-4e72-9f0e-14e1adb29082@group-C501AF52FAFD: changes role from      null to FOLLOWER at term 0 for startAsFollower
2019-11-14 14:46:33,080 [pool-153-thread-1] INFO  server.RaftServerConfigKeys (ConfUtils.java:logGet(43)) - raft.server.snapshot.retention.file.num = 5 (custom)
2019-11-14 14:46:33,080 [pool-203-thread-1] INFO  util.JmxRegister (JmxRegister.java:tryRegister(44)) - Successfully registered JMX Bean with object name Ratis:service=RaftServer,group=group-C501AF52FAFD,id=26facaca-2eaa-4eab-ad66-7bd9fd6334c7
2019-11-14 14:46:33,080 [pool-153-thread-1] INFO  server.RaftServerConfigKeys (ConfUtils.java:logGet(43)) - raft.server.retrycache.expirytime = 600000ms (custom)
2019-11-14 14:46:33,080 [pool-193-thread-1] INFO  impl.RoleInfo (RoleInfo.java:updateAndGet(143)) - f7c73f5f-a922-4e72-9f0e-14e1adb29082: start FollowerState
2019-11-14 14:46:33,080 [pool-153-thread-1] WARN  impl.MetricRegistriesImpl (MetricRegistriesImpl.java:lambda$create$1(61)) - First MetricRegistry has been created without registering reporters. You may need to call MetricRegistries.global().addReportRegistration(...) before.
2019-11-14 14:46:33,080 [pool-203-thread-1] WARN  impl.MetricRegistriesImpl (MetricRegistriesImpl.java:lambda$create$1(61)) - First MetricRegistry has been created without registering reporters. You may need to call MetricRegistries.global().addReportRegistration(...) before.
2019-11-14 14:46:33,080 [pool-193-thread-1] INFO  util.JmxRegister (JmxRegister.java:tryRegister(44)) - Successfully registered JMX Bean with object name Ratis:service=RaftServer,group=group-C501AF52FAFD,id=f7c73f5f-a922-4e72-9f0e-14e1adb29082
2019-11-14 14:46:33,080 [pool-153-thread-1] WARN  impl.MetricRegistriesImpl (MetricRegistriesImpl.java:lambda$create$1(61)) - First MetricRegistry has been created without registering reporters. You may need to call MetricRegistries.global().addReportRegistration(...) before.
2019-11-14 14:46:33,080 [pool-193-thread-1] WARN  impl.MetricRegistriesImpl (MetricRegistriesImpl.java:lambda$create$1(61)) - First MetricRegistry has been created without registering reporters. You may need to call MetricRegistries.global().addReportRegistration(...) before.
2019-11-14 14:46:33,080 [pool-153-thread-1] INFO  impl.RaftServerImpl (RaftServerImpl.java:start(184)) - c792febc-28cf-4355-b2f7-5c4ed618863d@group-C501AF52FAFD: start as a follower, conf=-1: [c792febc-28cf-4355-b2f7-5c4ed618863d:192.168.157.221:39600, f7c73f5f-a922-4e72-9f0e-14e1adb29082:192.168.157.221:38185, 26facaca-2eaa-4eab-ad66-7bd9fd6334c7:192.168.157.221:41610], old=null
2019-11-14 14:46:33,081 [pool-153-thread-1] INFO  impl.RaftServerImpl (RaftServerImpl.java:setRole(173)) - c792febc-28cf-4355-b2f7-5c4ed618863d@group-C501AF52FAFD: changes role from      null to FOLLOWER at term 0 for startAsFollower
2019-11-14 14:46:33,081 [pool-153-thread-1] INFO  impl.RoleInfo (RoleInfo.java:updateAndGet(143)) - c792febc-28cf-4355-b2f7-5c4ed618863d: start FollowerState
2019-11-14 14:46:33,081 [pool-153-thread-1] INFO  util.JmxRegister (JmxRegister.java:tryRegister(44)) - Successfully registered JMX Bean with object name Ratis:service=RaftServer,group=group-C501AF52FAFD,id=c792febc-28cf-4355-b2f7-5c4ed618863d
2019-11-14 14:46:33,081 [pool-153-thread-1] WARN  impl.MetricRegistriesImpl (MetricRegistriesImpl.java:lambda$create$1(61)) - First MetricRegistry has been created without registering reporters. You may need to call MetricRegistries.global().addReportRegistration(...) before.
2019-11-14 14:46:33,084 [RatisPipelineUtilsThread] INFO  pipeline.PipelineStateManager (PipelineStateManager.java:addPipeline(55)) - Created pipeline Pipeline[ Id: e393f22e-6055-439d-a3e5-c501af52fafd, Nodes: f7c73f5f-a922-4e72-9f0e-14e1adb29082{ip: 192.168.157.221, host: pr-hdds-2408-9n676-254309887, networkLocation: /default-rack, certSerialId: null}c792febc-28cf-4355-b2f7-5c4ed618863d{ip: 192.168.157.221, host: pr-hdds-2408-9n676-254309887, networkLocation: /default-rack, certSerialId: null}26facaca-2eaa-4eab-ad66-7bd9fd6334c7{ip: 192.168.157.221, host: pr-hdds-2408-9n676-254309887, networkLocation: /default-rack, certSerialId: null}, Type:RATIS, Factor:THREE, State:ALLOCATED]
2019-11-14 14:46:33,089 [main] INFO  ozone.MiniOzoneClusterImpl (MiniOzoneClusterImpl.java:lambda$waitForClusterToBeReady$2(163)) - Waiting for 8 number of pipelines out of 8, to report a leader.
2019-11-14 14:46:33,711 [Thread-1899] INFO  impl.FollowerState (FollowerState.java:run(111)) - 57a77f7a-d8c9-4cec-aa3c-e1c9007164ed@group-32C8987298E0-FollowerState: change to CANDIDATE, lastRpcTime:1098ms, electionTimeout:1098ms
2019-11-14 14:46:33,713 [Thread-1899] INFO  impl.RoleInfo (RoleInfo.java:shutdownFollowerState(121)) - 57a77f7a-d8c9-4cec-aa3c-e1c9007164ed: shutdown FollowerState
2019-11-14 14:46:33,713 [Thread-1899] INFO  impl.RaftServerImpl (RaftServerImpl.java:setRole(173)) - 57a77f7a-d8c9-4cec-aa3c-e1c9007164ed@group-32C8987298E0: changes role from  FOLLOWER to CANDIDATE at term 0 for changeToCandidate
2019-11-14 14:46:33,713 [Thread-1899] INFO  impl.RoleInfo (RoleInfo.java:updateAndGet(143)) - 57a77f7a-d8c9-4cec-aa3c-e1c9007164ed: start LeaderElection
2019-11-14 14:46:33,732 [Thread-1896] INFO  impl.FollowerState (FollowerState.java:run(111)) - c792febc-28cf-4355-b2f7-5c4ed618863d@group-206B723D1309-FollowerState: change to CANDIDATE, lastRpcTime:1186ms, electionTimeout:1186ms
2019-11-14 14:46:33,732 [Thread-1896] INFO  impl.RoleInfo (RoleInfo.java:shutdownFollowerState(121)) - c792febc-28cf-4355-b2f7-5c4ed618863d: shutdown FollowerState
2019-11-14 14:46:33,732 [Thread-1896] INFO  impl.RaftServerImpl (RaftServerImpl.java:setRole(173)) - c792febc-28cf-4355-b2f7-5c4ed618863d@group-206B723D1309: changes role from  FOLLOWER to CANDIDATE at term 0 for changeToCandidate
2019-11-14 14:46:33,732 [Thread-1896] INFO  impl.RoleInfo (RoleInfo.java:updateAndGet(143)) - c792febc-28cf-4355-b2f7-5c4ed618863d: start LeaderElection
2019-11-14 14:46:33,748 [57a77f7a-d8c9-4cec-aa3c-e1c9007164ed@group-32C8987298E0-LeaderElection30] INFO  impl.LeaderElection (LeaderElection.java:askForVotes(178)) - 57a77f7a-d8c9-4cec-aa3c-e1c9007164ed@group-32C8987298E0-LeaderElection30: begin an election at term 1 for -1: [57a77f7a-d8c9-4cec-aa3c-e1c9007164ed:192.168.157.221:37354], old=null
2019-11-14 14:46:33,748 [57a77f7a-d8c9-4cec-aa3c-e1c9007164ed@group-32C8987298E0-LeaderElection30] INFO  impl.RoleInfo (RoleInfo.java:shutdownLeaderElection(134)) - 57a77f7a-d8c9-4cec-aa3c-e1c9007164ed: shutdown LeaderElection
2019-11-14 14:46:33,748 [57a77f7a-d8c9-4cec-aa3c-e1c9007164ed@group-32C8987298E0-LeaderElection30] INFO  impl.RaftServerImpl (RaftServerImpl.java:setRole(173)) - 57a77f7a-d8c9-4cec-aa3c-e1c9007164ed@group-32C8987298E0: changes role from CANDIDATE to LEADER at term 1 for changeToLeader
2019-11-14 14:46:33,748 [57a77f7a-d8c9-4cec-aa3c-e1c9007164ed@group-32C8987298E0-LeaderElection30] INFO  ratis.XceiverServerRatis (XceiverServerRatis.java:handleLeaderChangedNotification(697)) - Leader change notification received for group: group-32C8987298E0 with new leaderId: 57a77f7a-d8c9-4cec-aa3c-e1c9007164ed
2019-11-14 14:46:33,748 [57a77f7a-d8c9-4cec-aa3c-e1c9007164ed@group-32C8987298E0-LeaderElection30] INFO  impl.RaftServerImpl (ServerState.java:setLeader(255)) - 57a77f7a-d8c9-4cec-aa3c-e1c9007164ed@group-32C8987298E0: change Leader from null to 57a77f7a-d8c9-4cec-aa3c-e1c9007164ed at term 1 for becomeLeader, leader elected after 1140ms
2019-11-14 14:46:33,749 [57a77f7a-d8c9-4cec-aa3c-e1c9007164ed@group-32C8987298E0-LeaderElection30] INFO  server.RaftServerConfigKeys (ConfUtils.java:logGet(43)) - raft.server.staging.catchup.gap = 1000 (default)
2019-11-14 14:46:33,750 [57a77f7a-d8c9-4cec-aa3c-e1c9007164ed@group-32C8987298E0-LeaderElection30] INFO  server.RaftServerConfigKeys (ConfUtils.java:logGet(43)) - raft.server.rpc.sleep.time = 25ms (default)
2019-11-14 14:46:33,750 [57a77f7a-d8c9-4cec-aa3c-e1c9007164ed@group-32C8987298E0-LeaderElection30] INFO  server.RaftServerConfigKeys (ConfUtils.java:logGet(43)) - raft.server.write.element-limit = 4096 (default)
2019-11-14 14:46:33,751 [57a77f7a-d8c9-4cec-aa3c-e1c9007164ed@group-32C8987298E0-LeaderElection30] INFO  server.RaftServerConfigKeys (ConfUtils.java:logGet(43)) - raft.server.watch.timeout = 10s (default)
2019-11-14 14:46:33,751 [57a77f7a-d8c9-4cec-aa3c-e1c9007164ed@group-32C8987298E0-LeaderElection30] INFO  server.RaftServerConfigKeys (ConfUtils.java:logGet(43)) - raft.server.watch.timeout.denomination = 1s (default)
2019-11-14 14:46:33,751 [EventQueue-PipelineReportForPipelineReportHandler] INFO  pipeline.PipelineStateManager (PipelineStateManager.java:openPipeline(134)) - Pipeline Pipeline[ Id: ebd63582-a574-4c49-9ef8-32c8987298e0, Nodes: 57a77f7a-d8c9-4cec-aa3c-e1c9007164ed{ip: 192.168.157.221, host: pr-hdds-2408-9n676-254309887, networkLocation: /default-rack, certSerialId: null}, Type:RATIS, Factor:ONE, State:OPEN] moved to OPEN state
2019-11-14 14:46:33,751 [57a77f7a-d8c9-4cec-aa3c-e1c9007164ed@group-32C8987298E0-LeaderElection30] INFO  server.RaftServerConfigKeys (ConfUtils.java:logGet(43)) - raft.server.watch.element-limit = 65536 (default)
2019-11-14 14:46:33,751 [57a77f7a-d8c9-4cec-aa3c-e1c9007164ed@group-32C8987298E0-LeaderElection30] INFO  impl.RoleInfo (RoleInfo.java:updateAndGet(143)) - 57a77f7a-d8c9-4cec-aa3c-e1c9007164ed: start LeaderState
2019-11-14 14:46:33,752 [57a77f7a-d8c9-4cec-aa3c-e1c9007164ed@group-32C8987298E0-LeaderElection30] INFO  segmented.SegmentedRaftLogWorker (SegmentedRaftLogWorker.java:startLogSegment(385)) - 57a77f7a-d8c9-4cec-aa3c-e1c9007164ed@group-32C8987298E0-SegmentedRaftLogWorker: Starting segment from index:0
2019-11-14 14:46:33,753 [57a77f7a-d8c9-4cec-aa3c-e1c9007164ed@group-32C8987298E0-LeaderElection30] INFO  impl.RaftServerImpl (ServerState.java:setRaftConf(356)) - 57a77f7a-d8c9-4cec-aa3c-e1c9007164ed@group-32C8987298E0: set configuration 0: [57a77f7a-d8c9-4cec-aa3c-e1c9007164ed:192.168.157.221:37354], old=null at 0
2019-11-14 14:46:33,764 [c792febc-28cf-4355-b2f7-5c4ed618863d@group-206B723D1309-LeaderElection31] INFO  impl.LeaderElection (LeaderElection.java:askForVotes(178)) - c792febc-28cf-4355-b2f7-5c4ed618863d@group-206B723D1309-LeaderElection31: begin an election at term 1 for -1: [c792febc-28cf-4355-b2f7-5c4ed618863d:192.168.157.221:39600], old=null
2019-11-14 14:46:33,765 [c792febc-28cf-4355-b2f7-5c4ed618863d@group-206B723D1309-LeaderElection31] INFO  impl.RoleInfo (RoleInfo.java:shutdownLeaderElection(134)) - c792febc-28cf-4355-b2f7-5c4ed618863d: shutdown LeaderElection
2019-11-14 14:46:33,765 [c792febc-28cf-4355-b2f7-5c4ed618863d@group-206B723D1309-LeaderElection31] INFO  impl.RaftServerImpl (RaftServerImpl.java:setRole(173)) - c792febc-28cf-4355-b2f7-5c4ed618863d@group-206B723D1309: changes role from CANDIDATE to LEADER at term 1 for changeToLeader
2019-11-14 14:46:33,765 [c792febc-28cf-4355-b2f7-5c4ed618863d@group-206B723D1309-LeaderElection31] INFO  ratis.XceiverServerRatis (XceiverServerRatis.java:handleLeaderChangedNotification(697)) - Leader change notification received for group: group-206B723D1309 with new leaderId: c792febc-28cf-4355-b2f7-5c4ed618863d
2019-11-14 14:46:33,765 [c792febc-28cf-4355-b2f7-5c4ed618863d@group-206B723D1309-LeaderElection31] INFO  impl.RaftServerImpl (ServerState.java:setLeader(255)) - c792febc-28cf-4355-b2f7-5c4ed618863d@group-206B723D1309: change Leader from null to c792febc-28cf-4355-b2f7-5c4ed618863d at term 1 for becomeLeader, leader elected after 1224ms
2019-11-14 14:46:33,765 [c792febc-28cf-4355-b2f7-5c4ed618863d@group-206B723D1309-LeaderElection31] INFO  server.RaftServerConfigKeys (ConfUtils.java:logGet(43)) - raft.server.staging.catchup.gap = 1000 (default)
2019-11-14 14:46:33,790 [c792febc-28cf-4355-b2f7-5c4ed618863d@group-206B723D1309-LeaderElection31] INFO  server.RaftServerConfigKeys (ConfUtils.java:logGet(43)) - raft.server.rpc.sleep.time = 25ms (default)
2019-11-14 14:46:33,790 [c792febc-28cf-4355-b2f7-5c4ed618863d@group-206B723D1309-LeaderElection31] INFO  server.RaftServerConfigKeys (ConfUtils.java:logGet(43)) - raft.server.write.element-limit = 4096 (default)
2019-11-14 14:46:33,790 [c792febc-28cf-4355-b2f7-5c4ed618863d@group-206B723D1309-LeaderElection31] INFO  server.RaftServerConfigKeys (ConfUtils.java:logGet(43)) - raft.server.watch.timeout = 10s (default)
2019-11-14 14:46:33,790 [c792febc-28cf-4355-b2f7-5c4ed618863d@group-206B723D1309-LeaderElection31] INFO  server.RaftServerConfigKeys (ConfUtils.java:logGet(43)) - raft.server.watch.timeout.denomination = 1s (default)
2019-11-14 14:46:33,790 [c792febc-28cf-4355-b2f7-5c4ed618863d@group-206B723D1309-LeaderElection31] INFO  server.RaftServerConfigKeys (ConfUtils.java:logGet(43)) - raft.server.watch.element-limit = 65536 (default)
2019-11-14 14:46:33,790 [EventQueue-PipelineReportForPipelineReportHandler] INFO  pipeline.PipelineStateManager (PipelineStateManager.java:openPipeline(134)) - Pipeline Pipeline[ Id: 82ea00ae-d840-43e2-9ca8-206b723d1309, Nodes: c792febc-28cf-4355-b2f7-5c4ed618863d{ip: 192.168.157.221, host: pr-hdds-2408-9n676-254309887, networkLocation: /default-rack, certSerialId: null}, Type:RATIS, Factor:ONE, State:OPEN] moved to OPEN state
2019-11-14 14:46:33,791 [c792febc-28cf-4355-b2f7-5c4ed618863d@group-206B723D1309-LeaderElection31] INFO  impl.RoleInfo (RoleInfo.java:updateAndGet(143)) - c792febc-28cf-4355-b2f7-5c4ed618863d: start LeaderState
2019-11-14 14:46:33,791 [c792febc-28cf-4355-b2f7-5c4ed618863d@group-206B723D1309-LeaderElection31] INFO  segmented.SegmentedRaftLogWorker (SegmentedRaftLogWorker.java:startLogSegment(385)) - c792febc-28cf-4355-b2f7-5c4ed618863d@group-206B723D1309-SegmentedRaftLogWorker: Starting segment from index:0
2019-11-14 14:46:33,792 [c792febc-28cf-4355-b2f7-5c4ed618863d@group-206B723D1309-LeaderElection31] INFO  impl.RaftServerImpl (ServerState.java:setRaftConf(356)) - c792febc-28cf-4355-b2f7-5c4ed618863d@group-206B723D1309: set configuration 0: [c792febc-28cf-4355-b2f7-5c4ed618863d:192.168.157.221:39600], old=null at 0
2019-11-14 14:46:33,831 [57a77f7a-d8c9-4cec-aa3c-e1c9007164ed@group-32C8987298E0-SegmentedRaftLogWorker] INFO  segmented.SegmentedRaftLogWorker (SegmentedRaftLogWorker.java:execute(576)) - 57a77f7a-d8c9-4cec-aa3c-e1c9007164ed@group-32C8987298E0-SegmentedRaftLogWorker: created new log segment /workdir/hadoop-ozone/integration-test/target/test-dir/MiniOzoneClusterImpl-fe7ca568-a673-4336-8267-b2734a58a5d6/datanode-1/data/ratis/ebd63582-a574-4c49-9ef8-32c8987298e0/current/log_inprogress_0
2019-11-14 14:46:33,848 [c792febc-28cf-4355-b2f7-5c4ed618863d@group-206B723D1309-SegmentedRaftLogWorker] INFO  segmented.SegmentedRaftLogWorker (SegmentedRaftLogWorker.java:execute(576)) - c792febc-28cf-4355-b2f7-5c4ed618863d@group-206B723D1309-SegmentedRaftLogWorker: created new log segment /workdir/hadoop-ozone/integration-test/target/test-dir/MiniOzoneClusterImpl-fe7ca568-a673-4336-8267-b2734a58a5d6/datanode-0/data/ratis/82ea00ae-d840-43e2-9ca8-206b723d1309/current/log_inprogress_0
2019-11-14 14:46:33,856 [Thread-1905] INFO  impl.FollowerState (FollowerState.java:run(111)) - 7df5b927-629b-4e54-9168-113c4a7809a2@group-573953232396-FollowerState: change to CANDIDATE, lastRpcTime:1076ms, electionTimeout:1076ms
2019-11-14 14:46:33,857 [Thread-1905] INFO  impl.RoleInfo (RoleInfo.java:shutdownFollowerState(121)) - 7df5b927-629b-4e54-9168-113c4a7809a2: shutdown FollowerState
2019-11-14 14:46:33,857 [Thread-1905] INFO  impl.RaftServerImpl (RaftServerImpl.java:setRole(173)) - 7df5b927-629b-4e54-9168-113c4a7809a2@group-573953232396: changes role from  FOLLOWER to CANDIDATE at term 0 for changeToCandidate
2019-11-14 14:46:33,857 [Thread-1905] INFO  impl.RoleInfo (RoleInfo.java:updateAndGet(143)) - 7df5b927-629b-4e54-9168-113c4a7809a2: start LeaderElection
2019-11-14 14:46:33,883 [Thread-1902] INFO  impl.FollowerState (FollowerState.java:run(111)) - d630e0b1-4536-4869-ba91-999e142c5c29@group-7E67A150DC6A-FollowerState: change to CANDIDATE, lastRpcTime:1189ms, electionTimeout:1189ms
2019-11-14 14:46:33,883 [Thread-1902] INFO  impl.RoleInfo (RoleInfo.java:shutdownFollowerState(121)) - d630e0b1-4536-4869-ba91-999e142c5c29: shutdown FollowerState
2019-11-14 14:46:33,883 [Thread-1902] INFO  impl.RaftServerImpl (RaftServerImpl.java:setRole(173)) - d630e0b1-4536-4869-ba91-999e142c5c29@group-7E67A150DC6A: changes role from  FOLLOWER to CANDIDATE at term 0 for changeToCandidate
2019-11-14 14:46:33,883 [Thread-1902] INFO  impl.RoleInfo (RoleInfo.java:updateAndGet(143)) - d630e0b1-4536-4869-ba91-999e142c5c29: start LeaderElection
2019-11-14 14:46:33,890 [7df5b927-629b-4e54-9168-113c4a7809a2@group-573953232396-LeaderElection32] INFO  impl.LeaderElection (LeaderElection.java:askForVotes(178)) - 7df5b927-629b-4e54-9168-113c4a7809a2@group-573953232396-LeaderElection32: begin an election at term 1 for -1: [7df5b927-629b-4e54-9168-113c4a7809a2:192.168.157.221:44414], old=null
2019-11-14 14:46:33,891 [7df5b927-629b-4e54-9168-113c4a7809a2@group-573953232396-LeaderElection32] INFO  impl.RoleInfo (RoleInfo.java:shutdownLeaderElection(134)) - 7df5b927-629b-4e54-9168-113c4a7809a2: shutdown LeaderElection
2019-11-14 14:46:33,891 [7df5b927-629b-4e54-9168-113c4a7809a2@group-573953232396-LeaderElection32] INFO  impl.RaftServerImpl (RaftServerImpl.java:setRole(173)) - 7df5b927-629b-4e54-9168-113c4a7809a2@group-573953232396: changes role from CANDIDATE to LEADER at term 1 for changeToLeader
2019-11-14 14:46:33,891 [7df5b927-629b-4e54-9168-113c4a7809a2@group-573953232396-LeaderElection32] INFO  ratis.XceiverServerRatis (XceiverServerRatis.java:handleLeaderChangedNotification(697)) - Leader change notification received for group: group-573953232396 with new leaderId: 7df5b927-629b-4e54-9168-113c4a7809a2
2019-11-14 14:46:33,891 [7df5b927-629b-4e54-9168-113c4a7809a2@group-573953232396-LeaderElection32] INFO  impl.RaftServerImpl (ServerState.java:setLeader(255)) - 7df5b927-629b-4e54-9168-113c4a7809a2@group-573953232396: change Leader from null to 7df5b927-629b-4e54-9168-113c4a7809a2 at term 1 for becomeLeader, leader elected after 1114ms
2019-11-14 14:46:33,891 [7df5b927-629b-4e54-9168-113c4a7809a2@group-573953232396-LeaderElection32] INFO  server.RaftServerConfigKeys (ConfUtils.java:logGet(43)) - raft.server.staging.catchup.gap = 1000 (default)
2019-11-14 14:46:33,893 [7df5b927-629b-4e54-9168-113c4a7809a2@group-573953232396-LeaderElection32] INFO  server.RaftServerConfigKeys (ConfUtils.java:logGet(43)) - raft.server.rpc.sleep.time = 25ms (default)
2019-11-14 14:46:33,893 [7df5b927-629b-4e54-9168-113c4a7809a2@group-573953232396-LeaderElection32] INFO  server.RaftServerConfigKeys (ConfUtils.java:logGet(43)) - raft.server.write.element-limit = 4096 (default)
2019-11-14 14:46:33,893 [7df5b927-629b-4e54-9168-113c4a7809a2@group-573953232396-LeaderElection32] INFO  server.RaftServerConfigKeys (ConfUtils.java:logGet(43)) - raft.server.watch.timeout = 10s (default)
2019-11-14 14:46:33,894 [7df5b927-629b-4e54-9168-113c4a7809a2@group-573953232396-LeaderElection32] INFO  server.RaftServerConfigKeys (ConfUtils.java:logGet(43)) - raft.server.watch.timeout.denomination = 1s (default)
2019-11-14 14:46:33,894 [7df5b927-629b-4e54-9168-113c4a7809a2@group-573953232396-LeaderElection32] INFO  server.RaftServerConfigKeys (ConfUtils.java:logGet(43)) - raft.server.watch.element-limit = 65536 (default)
2019-11-14 14:46:33,894 [EventQueue-PipelineReportForPipelineReportHandler] INFO  pipeline.PipelineStateManager (PipelineStateManager.java:openPipeline(134)) - Pipeline Pipeline[ Id: 899b271a-07a0-4cf0-bb60-573953232396, Nodes: 7df5b927-629b-4e54-9168-113c4a7809a2{ip: 192.168.157.221, host: pr-hdds-2408-9n676-254309887, networkLocation: /default-rack, certSerialId: null}, Type:RATIS, Factor:ONE, State:OPEN] moved to OPEN state
2019-11-14 14:46:33,894 [7df5b927-629b-4e54-9168-113c4a7809a2@group-573953232396-LeaderElection32] INFO  impl.RoleInfo (RoleInfo.java:updateAndGet(143)) - 7df5b927-629b-4e54-9168-113c4a7809a2: start LeaderState
2019-11-14 14:46:33,894 [7df5b927-629b-4e54-9168-113c4a7809a2@group-573953232396-LeaderElection32] INFO  segmented.SegmentedRaftLogWorker (SegmentedRaftLogWorker.java:startLogSegment(385)) - 7df5b927-629b-4e54-9168-113c4a7809a2@group-573953232396-SegmentedRaftLogWorker: Starting segment from index:0
2019-11-14 14:46:33,895 [7df5b927-629b-4e54-9168-113c4a7809a2@group-573953232396-LeaderElection32] INFO  impl.RaftServerImpl (ServerState.java:setRaftConf(356)) - 7df5b927-629b-4e54-9168-113c4a7809a2@group-573953232396: set configuration 0: [7df5b927-629b-4e54-9168-113c4a7809a2:192.168.157.221:44414], old=null at 0
2019-11-14 14:46:33,908 [d630e0b1-4536-4869-ba91-999e142c5c29@group-7E67A150DC6A-LeaderElection33] INFO  impl.LeaderElection (LeaderElection.java:askForVotes(178)) - d630e0b1-4536-4869-ba91-999e142c5c29@group-7E67A150DC6A-LeaderElection33: begin an election at term 1 for -1: [d630e0b1-4536-4869-ba91-999e142c5c29:192.168.157.221:34031], old=null
2019-11-14 14:46:33,908 [d630e0b1-4536-4869-ba91-999e142c5c29@group-7E67A150DC6A-LeaderElection33] INFO  impl.RoleInfo (RoleInfo.java:shutdownLeaderElection(134)) - d630e0b1-4536-4869-ba91-999e142c5c29: shutdown LeaderElection
2019-11-14 14:46:33,908 [d630e0b1-4536-4869-ba91-999e142c5c29@group-7E67A150DC6A-LeaderElection33] INFO  impl.RaftServerImpl (RaftServerImpl.java:setRole(173)) - d630e0b1-4536-4869-ba91-999e142c5c29@group-7E67A150DC6A: changes role from CANDIDATE to LEADER at term 1 for changeToLeader
2019-11-14 14:46:33,908 [d630e0b1-4536-4869-ba91-999e142c5c29@group-7E67A150DC6A-LeaderElection33] INFO  ratis.XceiverServerRatis (XceiverServerRatis.java:handleLeaderChangedNotification(697)) - Leader change notification received for group: group-7E67A150DC6A with new leaderId: d630e0b1-4536-4869-ba91-999e142c5c29
2019-11-14 14:46:33,908 [d630e0b1-4536-4869-ba91-999e142c5c29@group-7E67A150DC6A-LeaderElection33] INFO  impl.RaftServerImpl (ServerState.java:setLeader(255)) - d630e0b1-4536-4869-ba91-999e142c5c29@group-7E67A150DC6A: change Leader from null to d630e0b1-4536-4869-ba91-999e142c5c29 at term 1 for becomeLeader, leader elected after 1218ms
2019-11-14 14:46:33,908 [d630e0b1-4536-4869-ba91-999e142c5c29@group-7E67A150DC6A-LeaderElection33] INFO  server.RaftServerConfigKeys (ConfUtils.java:logGet(43)) - raft.server.staging.catchup.gap = 1000 (default)
2019-11-14 14:46:33,925 [d630e0b1-4536-4869-ba91-999e142c5c29@group-7E67A150DC6A-LeaderElection33] INFO  server.RaftServerConfigKeys (ConfUtils.java:logGet(43)) - raft.server.rpc.sleep.time = 25ms (default)
2019-11-14 14:46:33,925 [d630e0b1-4536-4869-ba91-999e142c5c29@group-7E67A150DC6A-LeaderElection33] INFO  server.RaftServerConfigKeys (ConfUtils.java:logGet(43)) - raft.server.write.element-limit = 4096 (default)
2019-11-14 14:46:33,925 [d630e0b1-4536-4869-ba91-999e142c5c29@group-7E67A150DC6A-LeaderElection33] INFO  server.RaftServerConfigKeys (ConfUtils.java:logGet(43)) - raft.server.watch.timeout = 10s (default)
2019-11-14 14:46:33,925 [d630e0b1-4536-4869-ba91-999e142c5c29@group-7E67A150DC6A-LeaderElection33] INFO  server.RaftServerConfigKeys (ConfUtils.java:logGet(43)) - raft.server.watch.timeout.denomination = 1s (default)
2019-11-14 14:46:33,926 [d630e0b1-4536-4869-ba91-999e142c5c29@group-7E67A150DC6A-LeaderElection33] INFO  server.RaftServerConfigKeys (ConfUtils.java:logGet(43)) - raft.server.watch.element-limit = 65536 (default)
2019-11-14 14:46:33,926 [d630e0b1-4536-4869-ba91-999e142c5c29@group-7E67A150DC6A-LeaderElection33] INFO  impl.RoleInfo (RoleInfo.java:updateAndGet(143)) - d630e0b1-4536-4869-ba91-999e142c5c29: start LeaderState
2019-11-14 14:46:33,926 [EventQueue-PipelineReportForPipelineReportHandler] INFO  pipeline.PipelineStateManager (PipelineStateManager.java:openPipeline(134)) - Pipeline Pipeline[ Id: dfc90025-8648-4d9f-b65b-7e67a150dc6a, Nodes: d630e0b1-4536-4869-ba91-999e142c5c29{ip: 192.168.157.221, host: pr-hdds-2408-9n676-254309887, networkLocation: /default-rack, certSerialId: null}, Type:RATIS, Factor:ONE, State:OPEN] moved to OPEN state
2019-11-14 14:46:33,926 [d630e0b1-4536-4869-ba91-999e142c5c29@group-7E67A150DC6A-LeaderElection33] INFO  segmented.SegmentedRaftLogWorker (SegmentedRaftLogWorker.java:startLogSegment(385)) - d630e0b1-4536-4869-ba91-999e142c5c29@group-7E67A150DC6A-SegmentedRaftLogWorker: Starting segment from index:0
2019-11-14 14:46:33,927 [d630e0b1-4536-4869-ba91-999e142c5c29@group-7E67A150DC6A-LeaderElection33] INFO  impl.RaftServerImpl (ServerState.java:setRaftConf(356)) - d630e0b1-4536-4869-ba91-999e142c5c29@group-7E67A150DC6A: set configuration 0: [d630e0b1-4536-4869-ba91-999e142c5c29:192.168.157.221:34031], old=null at 0
2019-11-14 14:46:33,949 [7df5b927-629b-4e54-9168-113c4a7809a2@group-573953232396-SegmentedRaftLogWorker] INFO  segmented.SegmentedRaftLogWorker (SegmentedRaftLogWorker.java:execute(576)) - 7df5b927-629b-4e54-9168-113c4a7809a2@group-573953232396-SegmentedRaftLogWorker: created new log segment /workdir/hadoop-ozone/integration-test/target/test-dir/MiniOzoneClusterImpl-fe7ca568-a673-4336-8267-b2734a58a5d6/datanode-3/data/ratis/899b271a-07a0-4cf0-bb60-573953232396/current/log_inprogress_0
2019-11-14 14:46:33,958 [Thread-1908] INFO  impl.FollowerState (FollowerState.java:run(111)) - f7c73f5f-a922-4e72-9f0e-14e1adb29082@group-BAB06F5605F8-FollowerState: change to CANDIDATE, lastRpcTime:1102ms, electionTimeout:1102ms
2019-11-14 14:46:33,958 [Thread-1908] INFO  impl.RoleInfo (RoleInfo.java:shutdownFollowerState(121)) - f7c73f5f-a922-4e72-9f0e-14e1adb29082: shutdown FollowerState
2019-11-14 14:46:33,958 [Thread-1908] INFO  impl.RaftServerImpl (RaftServerImpl.java:setRole(173)) - f7c73f5f-a922-4e72-9f0e-14e1adb29082@group-BAB06F5605F8: changes role from  FOLLOWER to CANDIDATE at term 0 for changeToCandidate
2019-11-14 14:46:33,958 [Thread-1908] INFO  impl.RoleInfo (RoleInfo.java:updateAndGet(143)) - f7c73f5f-a922-4e72-9f0e-14e1adb29082: start LeaderElection
2019-11-14 14:46:33,975 [d630e0b1-4536-4869-ba91-999e142c5c29@group-7E67A150DC6A-SegmentedRaftLogWorker] INFO  segmented.SegmentedRaftLogWorker (SegmentedRaftLogWorker.java:execute(576)) - d630e0b1-4536-4869-ba91-999e142c5c29@group-7E67A150DC6A-SegmentedRaftLogWorker: created new log segment /workdir/hadoop-ozone/integration-test/target/test-dir/MiniOzoneClusterImpl-fe7ca568-a673-4336-8267-b2734a58a5d6/datanode-2/data/ratis/dfc90025-8648-4d9f-b65b-7e67a150dc6a/current/log_inprogress_0
2019-11-14 14:46:33,992 [f7c73f5f-a922-4e72-9f0e-14e1adb29082@group-BAB06F5605F8-LeaderElection34] INFO  impl.LeaderElection (LeaderElection.java:askForVotes(178)) - f7c73f5f-a922-4e72-9f0e-14e1adb29082@group-BAB06F5605F8-LeaderElection34: begin an election at term 1 for -1: [f7c73f5f-a922-4e72-9f0e-14e1adb29082:192.168.157.221:38185], old=null
2019-11-14 14:46:33,992 [f7c73f5f-a922-4e72-9f0e-14e1adb29082@group-BAB06F5605F8-LeaderElection34] INFO  impl.RoleInfo (RoleInfo.java:shutdownLeaderElection(134)) - f7c73f5f-a922-4e72-9f0e-14e1adb29082: shutdown LeaderElection
2019-11-14 14:46:33,992 [f7c73f5f-a922-4e72-9f0e-14e1adb29082@group-BAB06F5605F8-LeaderElection34] INFO  impl.RaftServerImpl (RaftServerImpl.java:setRole(173)) - f7c73f5f-a922-4e72-9f0e-14e1adb29082@group-BAB06F5605F8: changes role from CANDIDATE to LEADER at term 1 for changeToLeader
2019-11-14 14:46:33,992 [f7c73f5f-a922-4e72-9f0e-14e1adb29082@group-BAB06F5605F8-LeaderElection34] INFO  ratis.XceiverServerRatis (XceiverServerRatis.java:handleLeaderChangedNotification(697)) - Leader change notification received for group: group-BAB06F5605F8 with new leaderId: f7c73f5f-a922-4e72-9f0e-14e1adb29082
2019-11-14 14:46:33,992 [f7c73f5f-a922-4e72-9f0e-14e1adb29082@group-BAB06F5605F8-LeaderElection34] INFO  impl.RaftServerImpl (ServerState.java:setLeader(255)) - f7c73f5f-a922-4e72-9f0e-14e1adb29082@group-BAB06F5605F8: change Leader from null to f7c73f5f-a922-4e72-9f0e-14e1adb29082 at term 1 for becomeLeader, leader elected after 1140ms
2019-11-14 14:46:33,992 [f7c73f5f-a922-4e72-9f0e-14e1adb29082@group-BAB06F5605F8-LeaderElection34] INFO  server.RaftServerConfigKeys (ConfUtils.java:logGet(43)) - raft.server.staging.catchup.gap = 1000 (default)
2019-11-14 14:46:33,994 [f7c73f5f-a922-4e72-9f0e-14e1adb29082@group-BAB06F5605F8-LeaderElection34] INFO  server.RaftServerConfigKeys (ConfUtils.java:logGet(43)) - raft.server.rpc.sleep.time = 25ms (default)
2019-11-14 14:46:33,994 [f7c73f5f-a922-4e72-9f0e-14e1adb29082@group-BAB06F5605F8-LeaderElection34] INFO  server.RaftServerConfigKeys (ConfUtils.java:logGet(43)) - raft.server.write.element-limit = 4096 (default)
2019-11-14 14:46:33,994 [f7c73f5f-a922-4e72-9f0e-14e1adb29082@group-BAB06F5605F8-LeaderElection34] INFO  server.RaftServerConfigKeys (ConfUtils.java:logGet(43)) - raft.server.watch.timeout = 10s (default)
2019-11-14 14:46:33,994 [f7c73f5f-a922-4e72-9f0e-14e1adb29082@group-BAB06F5605F8-LeaderElection34] INFO  server.RaftServerConfigKeys (ConfUtils.java:logGet(43)) - raft.server.watch.timeout.denomination = 1s (default)
2019-11-14 14:46:33,995 [f7c73f5f-a922-4e72-9f0e-14e1adb29082@group-BAB06F5605F8-LeaderElection34] INFO  server.RaftServerConfigKeys (ConfUtils.java:logGet(43)) - raft.server.watch.element-limit = 65536 (default)
2019-11-14 14:46:33,995 [EventQueue-PipelineReportForPipelineReportHandler] INFO  pipeline.PipelineStateManager (PipelineStateManager.java:openPipeline(134)) - Pipeline Pipeline[ Id: 0b4f614a-1594-4fd3-a2ef-bab06f5605f8, Nodes: f7c73f5f-a922-4e72-9f0e-14e1adb29082{ip: 192.168.157.221, host: pr-hdds-2408-9n676-254309887, networkLocation: /default-rack, certSerialId: null}, Type:RATIS, Factor:ONE, State:OPEN] moved to OPEN state
2019-11-14 14:46:33,995 [f7c73f5f-a922-4e72-9f0e-14e1adb29082@group-BAB06F5605F8-LeaderElection34] INFO  impl.RoleInfo (RoleInfo.java:updateAndGet(143)) - f7c73f5f-a922-4e72-9f0e-14e1adb29082: start LeaderState
2019-11-14 14:46:33,995 [f7c73f5f-a922-4e72-9f0e-14e1adb29082@group-BAB06F5605F8-LeaderElection34] INFO  segmented.SegmentedRaftLogWorker (SegmentedRaftLogWorker.java:startLogSegment(385)) - f7c73f5f-a922-4e72-9f0e-14e1adb29082@group-BAB06F5605F8-SegmentedRaftLogWorker: Starting segment from index:0
2019-11-14 14:46:33,996 [f7c73f5f-a922-4e72-9f0e-14e1adb29082@group-BAB06F5605F8-LeaderElection34] INFO  impl.RaftServerImpl (ServerState.java:setRaftConf(356)) - f7c73f5f-a922-4e72-9f0e-14e1adb29082@group-BAB06F5605F8: set configuration 0: [f7c73f5f-a922-4e72-9f0e-14e1adb29082:192.168.157.221:38185], old=null at 0
2019-11-14 14:46:34,051 [f7c73f5f-a922-4e72-9f0e-14e1adb29082@group-BAB06F5605F8-SegmentedRaftLogWorker] INFO  segmented.SegmentedRaftLogWorker (SegmentedRaftLogWorker.java:execute(576)) - f7c73f5f-a922-4e72-9f0e-14e1adb29082@group-BAB06F5605F8-SegmentedRaftLogWorker: created new log segment /workdir/hadoop-ozone/integration-test/target/test-dir/MiniOzoneClusterImpl-fe7ca568-a673-4336-8267-b2734a58a5d6/datanode-4/data/ratis/0b4f614a-1594-4fd3-a2ef-bab06f5605f8/current/log_inprogress_0
2019-11-14 14:46:34,065 [Thread-1919] INFO  impl.FollowerState (FollowerState.java:run(111)) - 7df5b927-629b-4e54-9168-113c4a7809a2@group-1E1C7163D28A-FollowerState: change to CANDIDATE, lastRpcTime:1057ms, electionTimeout:1057ms
2019-11-14 14:46:34,065 [Thread-1919] INFO  impl.RoleInfo (RoleInfo.java:shutdownFollowerState(121)) - 7df5b927-629b-4e54-9168-113c4a7809a2: shutdown FollowerState
2019-11-14 14:46:34,065 [Thread-1919] INFO  impl.RaftServerImpl (RaftServerImpl.java:setRole(173)) - 7df5b927-629b-4e54-9168-113c4a7809a2@group-1E1C7163D28A: changes role from  FOLLOWER to CANDIDATE at term 0 for changeToCandidate
2019-11-14 14:46:34,065 [Thread-1919] INFO  impl.RoleInfo (RoleInfo.java:updateAndGet(143)) - 7df5b927-629b-4e54-9168-113c4a7809a2: start LeaderElection
2019-11-14 14:46:34,070 [Thread-1911] INFO  impl.FollowerState (FollowerState.java:run(111)) - 26facaca-2eaa-4eab-ad66-7bd9fd6334c7@group-0B85F07CDE2A-FollowerState: change to CANDIDATE, lastRpcTime:1147ms, electionTimeout:1147ms
2019-11-14 14:46:34,070 [Thread-1911] INFO  impl.RoleInfo (RoleInfo.java:shutdownFollowerState(121)) - 26facaca-2eaa-4eab-ad66-7bd9fd6334c7: shutdown FollowerState
2019-11-14 14:46:34,071 [Thread-1911] INFO  impl.RaftServerImpl (RaftServerImpl.java:setRole(173)) - 26facaca-2eaa-4eab-ad66-7bd9fd6334c7@group-0B85F07CDE2A: changes role from  FOLLOWER to CANDIDATE at term 0 for changeToCandidate
2019-11-14 14:46:34,071 [Thread-1911] INFO  impl.RoleInfo (RoleInfo.java:updateAndGet(143)) - 26facaca-2eaa-4eab-ad66-7bd9fd6334c7: start LeaderElection
2019-11-14 14:46:34,081 [Thread-1918] INFO  impl.FollowerState (FollowerState.java:run(111)) - d630e0b1-4536-4869-ba91-999e142c5c29@group-1E1C7163D28A-FollowerState: change to CANDIDATE, lastRpcTime:1073ms, electionTimeout:1073ms
2019-11-14 14:46:34,081 [Thread-1918] INFO  impl.RoleInfo (RoleInfo.java:shutdownFollowerState(121)) - d630e0b1-4536-4869-ba91-999e142c5c29: shutdown FollowerState
2019-11-14 14:46:34,081 [Thread-1918] INFO  impl.RaftServerImpl (RaftServerImpl.java:setRole(173)) - d630e0b1-4536-4869-ba91-999e142c5c29@group-1E1C7163D28A: changes role from  FOLLOWER to CANDIDATE at term 0 for changeToCandidate
2019-11-14 14:46:34,081 [Thread-1918] INFO  impl.RoleInfo (RoleInfo.java:updateAndGet(143)) - d630e0b1-4536-4869-ba91-999e142c5c29: start LeaderElection
2019-11-14 14:46:34,090 [main] INFO  ozone.MiniOzoneClusterImpl (MiniOzoneClusterImpl.java:lambda$waitForClusterToBeReady$2(163)) - Waiting for 3 number of pipelines out of 8, to report a leader.
2019-11-14 14:46:34,102 [7df5b927-629b-4e54-9168-113c4a7809a2@group-1E1C7163D28A-LeaderElection35] INFO  impl.LeaderElection (LeaderElection.java:askForVotes(178)) - 7df5b927-629b-4e54-9168-113c4a7809a2@group-1E1C7163D28A-LeaderElection35: begin an election at term 1 for -1: [7df5b927-629b-4e54-9168-113c4a7809a2:192.168.157.221:44414, d630e0b1-4536-4869-ba91-999e142c5c29:192.168.157.221:34031, 57a77f7a-d8c9-4cec-aa3c-e1c9007164ed:192.168.157.221:37354], old=null
2019-11-14 14:46:34,102 [d630e0b1-4536-4869-ba91-999e142c5c29@group-1E1C7163D28A-LeaderElection37] INFO  impl.LeaderElection (LeaderElection.java:askForVotes(178)) - d630e0b1-4536-4869-ba91-999e142c5c29@group-1E1C7163D28A-LeaderElection37: begin an election at term 1 for -1: [7df5b927-629b-4e54-9168-113c4a7809a2:192.168.157.221:44414, d630e0b1-4536-4869-ba91-999e142c5c29:192.168.157.221:34031, 57a77f7a-d8c9-4cec-aa3c-e1c9007164ed:192.168.157.221:37354], old=null
2019-11-14 14:46:34,102 [26facaca-2eaa-4eab-ad66-7bd9fd6334c7@group-0B85F07CDE2A-LeaderElection36] INFO  impl.LeaderElection (LeaderElection.java:askForVotes(178)) - 26facaca-2eaa-4eab-ad66-7bd9fd6334c7@group-0B85F07CDE2A-LeaderElection36: begin an election at term 1 for -1: [26facaca-2eaa-4eab-ad66-7bd9fd6334c7:192.168.157.221:41610], old=null
2019-11-14 14:46:34,102 [26facaca-2eaa-4eab-ad66-7bd9fd6334c7@group-0B85F07CDE2A-LeaderElection36] INFO  impl.RoleInfo (RoleInfo.java:shutdownLeaderElection(134)) - 26facaca-2eaa-4eab-ad66-7bd9fd6334c7: shutdown LeaderElection
2019-11-14 14:46:34,103 [26facaca-2eaa-4eab-ad66-7bd9fd6334c7@group-0B85F07CDE2A-LeaderElection36] INFO  impl.RaftServerImpl (RaftServerImpl.java:setRole(173)) - 26facaca-2eaa-4eab-ad66-7bd9fd6334c7@group-0B85F07CDE2A: changes role from CANDIDATE to LEADER at term 1 for changeToLeader
2019-11-14 14:46:34,103 [26facaca-2eaa-4eab-ad66-7bd9fd6334c7@group-0B85F07CDE2A-LeaderElection36] INFO  ratis.XceiverServerRatis (XceiverServerRatis.java:handleLeaderChangedNotification(697)) - Leader change notification received for group: group-0B85F07CDE2A with new leaderId: 26facaca-2eaa-4eab-ad66-7bd9fd6334c7
2019-11-14 14:46:34,103 [26facaca-2eaa-4eab-ad66-7bd9fd6334c7@group-0B85F07CDE2A-LeaderElection36] INFO  impl.RaftServerImpl (ServerState.java:setLeader(255)) - 26facaca-2eaa-4eab-ad66-7bd9fd6334c7@group-0B85F07CDE2A: change Leader from null to 26facaca-2eaa-4eab-ad66-7bd9fd6334c7 at term 1 for becomeLeader, leader elected after 1183ms
2019-11-14 14:46:34,103 [26facaca-2eaa-4eab-ad66-7bd9fd6334c7@group-0B85F07CDE2A-LeaderElection36] INFO  server.RaftServerConfigKeys (ConfUtils.java:logGet(43)) - raft.server.staging.catchup.gap = 1000 (default)
2019-11-14 14:46:34,105 [26facaca-2eaa-4eab-ad66-7bd9fd6334c7@group-0B85F07CDE2A-LeaderElection36] INFO  server.RaftServerConfigKeys (ConfUtils.java:logGet(43)) - raft.server.rpc.sleep.time = 25ms (default)
2019-11-14 14:46:34,105 [26facaca-2eaa-4eab-ad66-7bd9fd6334c7@group-0B85F07CDE2A-LeaderElection36] INFO  server.RaftServerConfigKeys (ConfUtils.java:logGet(43)) - raft.server.write.element-limit = 4096 (default)
2019-11-14 14:46:34,106 [26facaca-2eaa-4eab-ad66-7bd9fd6334c7@group-0B85F07CDE2A-LeaderElection36] INFO  server.RaftServerConfigKeys (ConfUtils.java:logGet(43)) - raft.server.watch.timeout = 10s (default)
2019-11-14 14:46:34,106 [EventQueue-PipelineReportForPipelineReportHandler] INFO  pipeline.PipelineStateManager (PipelineStateManager.java:openPipeline(134)) - Pipeline Pipeline[ Id: 945c1790-2a48-49c5-984b-0b85f07cde2a, Nodes: 26facaca-2eaa-4eab-ad66-7bd9fd6334c7{ip: 192.168.157.221, host: pr-hdds-2408-9n676-254309887, networkLocation: /default-rack, certSerialId: null}, Type:RATIS, Factor:ONE, State:OPEN] moved to OPEN state
2019-11-14 14:46:34,106 [26facaca-2eaa-4eab-ad66-7bd9fd6334c7@group-0B85F07CDE2A-LeaderElection36] INFO  server.RaftServerConfigKeys (ConfUtils.java:logGet(43)) - raft.server.watch.timeout.denomination = 1s (default)
2019-11-14 14:46:34,106 [26facaca-2eaa-4eab-ad66-7bd9fd6334c7@group-0B85F07CDE2A-LeaderElection36] INFO  server.RaftServerConfigKeys (ConfUtils.java:logGet(43)) - raft.server.watch.element-limit = 65536 (default)
2019-11-14 14:46:34,106 [26facaca-2eaa-4eab-ad66-7bd9fd6334c7@group-0B85F07CDE2A-LeaderElection36] INFO  impl.RoleInfo (RoleInfo.java:updateAndGet(143)) - 26facaca-2eaa-4eab-ad66-7bd9fd6334c7: start LeaderState
2019-11-14 14:46:34,107 [26facaca-2eaa-4eab-ad66-7bd9fd6334c7@group-0B85F07CDE2A-LeaderElection36] INFO  segmented.SegmentedRaftLogWorker (SegmentedRaftLogWorker.java:startLogSegment(385)) - 26facaca-2eaa-4eab-ad66-7bd9fd6334c7@group-0B85F07CDE2A-SegmentedRaftLogWorker: Starting segment from index:0
2019-11-14 14:46:34,107 [26facaca-2eaa-4eab-ad66-7bd9fd6334c7@group-0B85F07CDE2A-LeaderElection36] INFO  impl.RaftServerImpl (ServerState.java:setRaftConf(356)) - 26facaca-2eaa-4eab-ad66-7bd9fd6334c7@group-0B85F07CDE2A: set configuration 0: [26facaca-2eaa-4eab-ad66-7bd9fd6334c7:192.168.157.221:41610], old=null at 0
2019-11-14 14:46:34,145 [grpc-default-executor-2] INFO  impl.RaftServerImpl (RaftServerImpl.java:setRole(173)) - 57a77f7a-d8c9-4cec-aa3c-e1c9007164ed@group-1E1C7163D28A: changes role from  FOLLOWER to FOLLOWER at term 1 for recognizeCandidate:7df5b927-629b-4e54-9168-113c4a7809a2
2019-11-14 14:46:34,145 [Thread-1925] INFO  impl.FollowerState (FollowerState.java:run(111)) - f7c73f5f-a922-4e72-9f0e-14e1adb29082@group-C501AF52FAFD-FollowerState: change to CANDIDATE, lastRpcTime:1065ms, electionTimeout:1050ms
2019-11-14 14:46:34,147 [grpc-default-executor-2] INFO  impl.RoleInfo (RoleInfo.java:shutdownFollowerState(121)) - 57a77f7a-d8c9-4cec-aa3c-e1c9007164ed: shutdown FollowerState
2019-11-14 14:46:34,147 [Thread-1925] INFO  impl.RoleInfo (RoleInfo.java:shutdownFollowerState(121)) - f7c73f5f-a922-4e72-9f0e-14e1adb29082: shutdown FollowerState
2019-11-14 14:46:34,147 [grpc-default-executor-2] INFO  impl.RoleInfo (RoleInfo.java:updateAndGet(143)) - 57a77f7a-d8c9-4cec-aa3c-e1c9007164ed: start FollowerState
2019-11-14 14:46:34,147 [Thread-1925] INFO  impl.RaftServerImpl (RaftServerImpl.java:setRole(173)) - f7c73f5f-a922-4e72-9f0e-14e1adb29082@group-C501AF52FAFD: changes role from  FOLLOWER to CANDIDATE at term 0 for changeToCandidate
2019-11-14 14:46:34,148 [Thread-1925] INFO  impl.RoleInfo (RoleInfo.java:updateAndGet(143)) - f7c73f5f-a922-4e72-9f0e-14e1adb29082: start LeaderElection
2019-11-14 14:46:34,169 [26facaca-2eaa-4eab-ad66-7bd9fd6334c7@group-0B85F07CDE2A-SegmentedRaftLogWorker] INFO  segmented.SegmentedRaftLogWorker (SegmentedRaftLogWorker.java:execute(576)) - 26facaca-2eaa-4eab-ad66-7bd9fd6334c7@group-0B85F07CDE2A-SegmentedRaftLogWorker: created new log segment /workdir/hadoop-ozone/integration-test/target/test-dir/MiniOzoneClusterImpl-fe7ca568-a673-4336-8267-b2734a58a5d6/datanode-5/data/ratis/945c1790-2a48-49c5-984b-0b85f07cde2a/current/log_inprogress_0
2019-11-14 14:46:34,169 [f7c73f5f-a922-4e72-9f0e-14e1adb29082@group-C501AF52FAFD-LeaderElection38] INFO  impl.LeaderElection (LeaderElection.java:askForVotes(178)) - f7c73f5f-a922-4e72-9f0e-14e1adb29082@group-C501AF52FAFD-LeaderElection38: begin an election at term 1 for -1: [c792febc-28cf-4355-b2f7-5c4ed618863d:192.168.157.221:39600, f7c73f5f-a922-4e72-9f0e-14e1adb29082:192.168.157.221:38185, 26facaca-2eaa-4eab-ad66-7bd9fd6334c7:192.168.157.221:41610], old=null
2019-11-14 14:46:34,171 [d630e0b1-4536-4869-ba91-999e142c5c29@group-1E1C7163D28A-LeaderElection37] INFO  impl.LeaderElection (LeaderElection.java:logAndReturn(56)) - d630e0b1-4536-4869-ba91-999e142c5c29@group-1E1C7163D28A-LeaderElection37: Election REJECTED; received 2 response(s) [d630e0b1-4536-4869-ba91-999e142c5c29<-7df5b927-629b-4e54-9168-113c4a7809a2#0:FAIL-t1, d630e0b1-4536-4869-ba91-999e142c5c29<-57a77f7a-d8c9-4cec-aa3c-e1c9007164ed#0:FAIL-t1] and 0 exception(s); d630e0b1-4536-4869-ba91-999e142c5c29@group-1E1C7163D28A:t1, leader=null, voted=d630e0b1-4536-4869-ba91-999e142c5c29, raftlog=d630e0b1-4536-4869-ba91-999e142c5c29@group-1E1C7163D28A-SegmentedRaftLog:OPENED:c-1,f-1,i0, conf=-1: [7df5b927-629b-4e54-9168-113c4a7809a2:192.168.157.221:44414, d630e0b1-4536-4869-ba91-999e142c5c29:192.168.157.221:34031, 57a77f7a-d8c9-4cec-aa3c-e1c9007164ed:192.168.157.221:37354], old=null
2019-11-14 14:46:34,171 [7df5b927-629b-4e54-9168-113c4a7809a2@group-1E1C7163D28A-LeaderElection35] INFO  impl.LeaderElection (LeaderElection.java:logAndReturn(56)) - 7df5b927-629b-4e54-9168-113c4a7809a2@group-1E1C7163D28A-LeaderElection35: Election PASSED; received 2 response(s) [7df5b927-629b-4e54-9168-113c4a7809a2<-d630e0b1-4536-4869-ba91-999e142c5c29#0:FAIL-t1, 7df5b927-629b-4e54-9168-113c4a7809a2<-57a77f7a-d8c9-4cec-aa3c-e1c9007164ed#0:OK-t1] and 0 exception(s); 7df5b927-629b-4e54-9168-113c4a7809a2@group-1E1C7163D28A:t1, leader=null, voted=7df5b927-629b-4e54-9168-113c4a7809a2, raftlog=7df5b927-629b-4e54-9168-113c4a7809a2@group-1E1C7163D28A-SegmentedRaftLog:OPENED:c-1,f-1,i0, conf=-1: [7df5b927-629b-4e54-9168-113c4a7809a2:192.168.157.221:44414, d630e0b1-4536-4869-ba91-999e142c5c29:192.168.157.221:34031, 57a77f7a-d8c9-4cec-aa3c-e1c9007164ed:192.168.157.221:37354], old=null
2019-11-14 14:46:34,171 [d630e0b1-4536-4869-ba91-999e142c5c29@group-1E1C7163D28A-LeaderElection37] INFO  impl.RaftServerImpl (RaftServerImpl.java:setRole(173)) - d630e0b1-4536-4869-ba91-999e142c5c29@group-1E1C7163D28A: changes role from CANDIDATE to FOLLOWER at term 1 for DISCOVERED_A_NEW_TERM
2019-11-14 14:46:34,174 [d630e0b1-4536-4869-ba91-999e142c5c29@group-1E1C7163D28A-LeaderElection37] INFO  impl.RoleInfo (RoleInfo.java:shutdownLeaderElection(134)) - d630e0b1-4536-4869-ba91-999e142c5c29: shutdown LeaderElection
2019-11-14 14:46:34,174 [7df5b927-629b-4e54-9168-113c4a7809a2@group-1E1C7163D28A-LeaderElection35] INFO  impl.RoleInfo (RoleInfo.java:shutdownLeaderElection(134)) - 7df5b927-629b-4e54-9168-113c4a7809a2: shutdown LeaderElection
2019-11-14 14:46:34,176 [7df5b927-629b-4e54-9168-113c4a7809a2@group-1E1C7163D28A-LeaderElection35] INFO  impl.RaftServerImpl (RaftServerImpl.java:setRole(173)) - 7df5b927-629b-4e54-9168-113c4a7809a2@group-1E1C7163D28A: changes role from CANDIDATE to LEADER at term 1 for changeToLeader
2019-11-14 14:46:34,176 [7df5b927-629b-4e54-9168-113c4a7809a2@group-1E1C7163D28A-LeaderElection35] INFO  ratis.XceiverServerRatis (XceiverServerRatis.java:handleLeaderChangedNotification(697)) - Leader change notification received for group: group-1E1C7163D28A with new leaderId: 7df5b927-629b-4e54-9168-113c4a7809a2
2019-11-14 14:46:34,176 [d630e0b1-4536-4869-ba91-999e142c5c29@group-1E1C7163D28A-LeaderElection37] INFO  impl.RoleInfo (RoleInfo.java:updateAndGet(143)) - d630e0b1-4536-4869-ba91-999e142c5c29: start FollowerState
2019-11-14 14:46:34,176 [7df5b927-629b-4e54-9168-113c4a7809a2@group-1E1C7163D28A-LeaderElection35] INFO  impl.RaftServerImpl (ServerState.java:setLeader(255)) - 7df5b927-629b-4e54-9168-113c4a7809a2@group-1E1C7163D28A: change Leader from null to 7df5b927-629b-4e54-9168-113c4a7809a2 at term 1 for becomeLeader, leader elected after 1179ms
2019-11-14 14:46:34,176 [7df5b927-629b-4e54-9168-113c4a7809a2@group-1E1C7163D28A-LeaderElection35] INFO  server.RaftServerConfigKeys (ConfUtils.java:logGet(43)) - raft.server.staging.catchup.gap = 1000 (default)
2019-11-14 14:46:34,179 [7df5b927-629b-4e54-9168-113c4a7809a2@group-1E1C7163D28A-LeaderElection35] INFO  server.RaftServerConfigKeys (ConfUtils.java:logGet(43)) - raft.server.rpc.sleep.time = 25ms (default)
2019-11-14 14:46:34,179 [7df5b927-629b-4e54-9168-113c4a7809a2@group-1E1C7163D28A-LeaderElection35] INFO  server.RaftServerConfigKeys (ConfUtils.java:logGet(43)) - raft.server.write.element-limit = 4096 (default)
2019-11-14 14:46:34,179 [7df5b927-629b-4e54-9168-113c4a7809a2@group-1E1C7163D28A-LeaderElection35] INFO  server.RaftServerConfigKeys (ConfUtils.java:logGet(43)) - raft.server.watch.timeout = 10s (default)
2019-11-14 14:46:34,179 [7df5b927-629b-4e54-9168-113c4a7809a2@group-1E1C7163D28A-LeaderElection35] INFO  server.RaftServerConfigKeys (ConfUtils.java:logGet(43)) - raft.server.watch.timeout.denomination = 1s (default)
2019-11-14 14:46:34,179 [EventQueue-PipelineReportForPipelineReportHandler] INFO  pipeline.PipelineStateManager (PipelineStateManager.java:openPipeline(134)) - Pipeline Pipeline[ Id: b3138f24-0ecc-43d8-80a4-1e1c7163d28a, Nodes: 57a77f7a-d8c9-4cec-aa3c-e1c9007164ed{ip: 192.168.157.221, host: pr-hdds-2408-9n676-254309887, networkLocation: /default-rack, certSerialId: null}7df5b927-629b-4e54-9168-113c4a7809a2{ip: 192.168.157.221, host: pr-hdds-2408-9n676-254309887, networkLocation: /default-rack, certSerialId: null}d630e0b1-4536-4869-ba91-999e142c5c29{ip: 192.168.157.221, host: pr-hdds-2408-9n676-254309887, networkLocation: /default-rack, certSerialId: null}, Type:RATIS, Factor:THREE, State:OPEN] moved to OPEN state
2019-11-14 14:46:34,179 [7df5b927-629b-4e54-9168-113c4a7809a2@group-1E1C7163D28A-LeaderElection35] INFO  server.RaftServerConfigKeys (ConfUtils.java:logGet(43)) - raft.server.watch.element-limit = 65536 (default)
2019-11-14 14:46:34,180 [7df5b927-629b-4e54-9168-113c4a7809a2@group-1E1C7163D28A-LeaderElection35] INFO  server.RaftServerConfigKeys (ConfUtils.java:logGet(43)) - raft.server.log.appender.snapshot.chunk.size.max = 16MB (=16777216) (default)
2019-11-14 14:46:34,180 [7df5b927-629b-4e54-9168-113c4a7809a2@group-1E1C7163D28A-LeaderElection35] INFO  server.RaftServerConfigKeys (ConfUtils.java:logGet(43)) - raft.server.log.appender.buffer.byte-limit = 33554432 (custom)
2019-11-14 14:46:34,180 [7df5b927-629b-4e54-9168-113c4a7809a2@group-1E1C7163D28A-LeaderElection35] INFO  server.RaftServerConfigKeys (ConfUtils.java:logGet(43)) - raft.server.log.appender.buffer.element-limit = 1 (custom)
2019-11-14 14:46:34,182 [grpc-default-executor-2] INFO  impl.RaftServerImpl (RaftServerImpl.java:setRole(173)) - c792febc-28cf-4355-b2f7-5c4ed618863d@group-C501AF52FAFD: changes role from  FOLLOWER to FOLLOWER at term 1 for recognizeCandidate:f7c73f5f-a922-4e72-9f0e-14e1adb29082
2019-11-14 14:46:34,184 [7df5b927-629b-4e54-9168-113c4a7809a2@group-1E1C7163D28A-LeaderElection35] INFO  grpc.GrpcConfigKeys$Server (ConfUtils.java:logGet(43)) - raft.grpc.server.leader.outstanding.appends.max = 128 (default)
2019-11-14 14:46:34,186 [grpc-default-executor-5] INFO  impl.RaftServerImpl (RaftServerImpl.java:setRole(173)) - 26facaca-2eaa-4eab-ad66-7bd9fd6334c7@group-C501AF52FAFD: changes role from  FOLLOWER to FOLLOWER at term 1 for recognizeCandidate:f7c73f5f-a922-4e72-9f0e-14e1adb29082
2019-11-14 14:46:34,186 [grpc-default-executor-5] INFO  impl.RoleInfo (RoleInfo.java:shutdownFollowerState(121)) - 26facaca-2eaa-4eab-ad66-7bd9fd6334c7: shutdown FollowerState
2019-11-14 14:46:34,184 [grpc-default-executor-2] INFO  impl.RoleInfo (RoleInfo.java:shutdownFollowerState(121)) - c792febc-28cf-4355-b2f7-5c4ed618863d: shutdown FollowerState
2019-11-14 14:46:34,187 [grpc-default-executor-5] INFO  impl.RoleInfo (RoleInfo.java:updateAndGet(143)) - 26facaca-2eaa-4eab-ad66-7bd9fd6334c7: start FollowerState
2019-11-14 14:46:34,186 [7df5b927-629b-4e54-9168-113c4a7809a2@group-1E1C7163D28A-LeaderElection35] INFO  server.RaftServerConfigKeys (ConfUtils.java:logGet(43)) - raft.server.rpc.request.timeout = 3000ms (default)
2019-11-14 14:46:34,187 [Thread-1928] INFO  impl.FollowerState (FollowerState.java:run(120)) - c792febc-28cf-4355-b2f7-5c4ed618863d@group-C501AF52FAFD-FollowerState was interrupted: java.lang.InterruptedException: sleep interrupted
2019-11-14 14:46:34,187 [grpc-default-executor-2] INFO  impl.RoleInfo (RoleInfo.java:updateAndGet(143)) - c792febc-28cf-4355-b2f7-5c4ed618863d: start FollowerState
2019-11-14 14:46:34,187 [Thread-1924] INFO  impl.FollowerState (FollowerState.java:run(120)) - 26facaca-2eaa-4eab-ad66-7bd9fd6334c7@group-C501AF52FAFD-FollowerState was interrupted: java.lang.InterruptedException: sleep interrupted
2019-11-14 14:46:34,187 [7df5b927-629b-4e54-9168-113c4a7809a2@group-1E1C7163D28A-LeaderElection35] INFO  server.RaftServerConfigKeys (ConfUtils.java:logGet(43)) - raft.server.log.appender.install.snapshot.enabled = false (custom)
2019-11-14 14:46:34,188 [7df5b927-629b-4e54-9168-113c4a7809a2@group-1E1C7163D28A-LeaderElection35] WARN  impl.MetricRegistriesImpl (MetricRegistriesImpl.java:lambda$create$1(61)) - First MetricRegistry has been created without registering reporters. You may need to call MetricRegistries.global().addReportRegistration(...) before.
2019-11-14 14:46:34,188 [7df5b927-629b-4e54-9168-113c4a7809a2@group-1E1C7163D28A-LeaderElection35] INFO  server.RaftServerConfigKeys (ConfUtils.java:logGet(43)) - raft.server.log.appender.snapshot.chunk.size.max = 16MB (=16777216) (default)
2019-11-14 14:46:34,188 [7df5b927-629b-4e54-9168-113c4a7809a2@group-1E1C7163D28A-LeaderElection35] INFO  server.RaftServerConfigKeys (ConfUtils.java:logGet(43)) - raft.server.log.appender.buffer.byte-limit = 33554432 (custom)
2019-11-14 14:46:34,188 [7df5b927-629b-4e54-9168-113c4a7809a2@group-1E1C7163D28A-LeaderElection35] INFO  server.RaftServerConfigKeys (ConfUtils.java:logGet(43)) - raft.server.log.appender.buffer.element-limit = 1 (custom)
2019-11-14 14:46:34,188 [7df5b927-629b-4e54-9168-113c4a7809a2@group-1E1C7163D28A-LeaderElection35] INFO  grpc.GrpcConfigKeys$Server (ConfUtils.java:logGet(43)) - raft.grpc.server.leader.outstanding.appends.max = 128 (default)
2019-11-14 14:46:34,189 [7df5b927-629b-4e54-9168-113c4a7809a2@group-1E1C7163D28A-LeaderElection35] INFO  server.RaftServerConfigKeys (ConfUtils.java:logGet(43)) - raft.server.rpc.request.timeout = 3000ms (default)
2019-11-14 14:46:34,189 [7df5b927-629b-4e54-9168-113c4a7809a2@group-1E1C7163D28A-LeaderElection35] INFO  server.RaftServerConfigKeys (ConfUtils.java:logGet(43)) - raft.server.log.appender.install.snapshot.enabled = false (custom)
2019-11-14 14:46:34,189 [7df5b927-629b-4e54-9168-113c4a7809a2@group-1E1C7163D28A-LeaderElection35] INFO  impl.RoleInfo (RoleInfo.java:updateAndGet(143)) - 7df5b927-629b-4e54-9168-113c4a7809a2: start LeaderState
2019-11-14 14:46:34,189 [7df5b927-629b-4e54-9168-113c4a7809a2@group-1E1C7163D28A-LeaderElection35] INFO  segmented.SegmentedRaftLogWorker (SegmentedRaftLogWorker.java:startLogSegment(385)) - 7df5b927-629b-4e54-9168-113c4a7809a2@group-1E1C7163D28A-SegmentedRaftLogWorker: Starting segment from index:0
2019-11-14 14:46:34,190 [7df5b927-629b-4e54-9168-113c4a7809a2@group-1E1C7163D28A-LeaderElection35] INFO  impl.RaftServerImpl (ServerState.java:setRaftConf(356)) - 7df5b927-629b-4e54-9168-113c4a7809a2@group-1E1C7163D28A: set configuration 0: [7df5b927-629b-4e54-9168-113c4a7809a2:192.168.157.221:44414, d630e0b1-4536-4869-ba91-999e142c5c29:192.168.157.221:34031, 57a77f7a-d8c9-4cec-aa3c-e1c9007164ed:192.168.157.221:37354], old=null at 0
2019-11-14 14:46:34,224 [f7c73f5f-a922-4e72-9f0e-14e1adb29082@group-C501AF52FAFD-LeaderElection38] INFO  impl.LeaderElection (LeaderElection.java:logAndReturn(56)) - f7c73f5f-a922-4e72-9f0e-14e1adb29082@group-C501AF52FAFD-LeaderElection38: Election PASSED; received 1 response(s) [f7c73f5f-a922-4e72-9f0e-14e1adb29082<-c792febc-28cf-4355-b2f7-5c4ed618863d#0:OK-t1] and 0 exception(s); f7c73f5f-a922-4e72-9f0e-14e1adb29082@group-C501AF52FAFD:t1, leader=null, voted=f7c73f5f-a922-4e72-9f0e-14e1adb29082, raftlog=f7c73f5f-a922-4e72-9f0e-14e1adb29082@group-C501AF52FAFD-SegmentedRaftLog:OPENED:c-1,f-1,i0, conf=-1: [c792febc-28cf-4355-b2f7-5c4ed618863d:192.168.157.221:39600, f7c73f5f-a922-4e72-9f0e-14e1adb29082:192.168.157.221:38185, 26facaca-2eaa-4eab-ad66-7bd9fd6334c7:192.168.157.221:41610], old=null
2019-11-14 14:46:34,224 [grpc-default-executor-5] INFO  ratis.XceiverServerRatis (XceiverServerRatis.java:handleLeaderChangedNotification(697)) - Leader change notification received for group: group-1E1C7163D28A with new leaderId: 7df5b927-629b-4e54-9168-113c4a7809a2
2019-11-14 14:46:34,225 [grpc-default-executor-5] INFO  impl.RaftServerImpl (ServerState.java:setLeader(255)) - 57a77f7a-d8c9-4cec-aa3c-e1c9007164ed@group-1E1C7163D28A: change Leader from null to 7df5b927-629b-4e54-9168-113c4a7809a2 at term 1 for appendEntries, leader elected after 1228ms
2019-11-14 14:46:34,224 [f7c73f5f-a922-4e72-9f0e-14e1adb29082@group-C501AF52FAFD-LeaderElection38] INFO  impl.RoleInfo (RoleInfo.java:shutdownLeaderElection(134)) - f7c73f5f-a922-4e72-9f0e-14e1adb29082: shutdown LeaderElection
2019-11-14 14:46:34,224 [grpc-default-executor-1] INFO  ratis.XceiverServerRatis (XceiverServerRatis.java:handleLeaderChangedNotification(697)) - Leader change notification received for group: group-1E1C7163D28A with new leaderId: 7df5b927-629b-4e54-9168-113c4a7809a2
2019-11-14 14:46:34,227 [f7c73f5f-a922-4e72-9f0e-14e1adb29082@group-C501AF52FAFD-LeaderElection38] INFO  impl.RaftServerImpl (RaftServerImpl.java:setRole(173)) - f7c73f5f-a922-4e72-9f0e-14e1adb29082@group-C501AF52FAFD: changes role from CANDIDATE to LEADER at term 1 for changeToLeader
2019-11-14 14:46:34,227 [grpc-default-executor-1] INFO  impl.RaftServerImpl (ServerState.java:setLeader(255)) - d630e0b1-4536-4869-ba91-999e142c5c29@group-1E1C7163D28A: change Leader from null to 7df5b927-629b-4e54-9168-113c4a7809a2 at term 1 for appendEntries, leader elected after 1228ms
2019-11-14 14:46:34,227 [f7c73f5f-a922-4e72-9f0e-14e1adb29082@group-C501AF52FAFD-LeaderElection38] INFO  ratis.XceiverServerRatis (XceiverServerRatis.java:handleLeaderChangedNotification(697)) - Leader change notification received for group: group-C501AF52FAFD with new leaderId: f7c73f5f-a922-4e72-9f0e-14e1adb29082
2019-11-14 14:46:34,228 [f7c73f5f-a922-4e72-9f0e-14e1adb29082@group-C501AF52FAFD-LeaderElection38] INFO  impl.RaftServerImpl (ServerState.java:setLeader(255)) - f7c73f5f-a922-4e72-9f0e-14e1adb29082@group-C501AF52FAFD: change Leader from null to f7c73f5f-a922-4e72-9f0e-14e1adb29082 at term 1 for becomeLeader, leader elected after 1154ms
2019-11-14 14:46:34,228 [f7c73f5f-a922-4e72-9f0e-14e1adb29082@group-C501AF52FAFD-LeaderElection38] INFO  server.RaftServerConfigKeys (ConfUtils.java:logGet(43)) - raft.server.staging.catchup.gap = 1000 (default)
2019-11-14 14:46:34,228 [f7c73f5f-a922-4e72-9f0e-14e1adb29082@group-C501AF52FAFD-LeaderElection38] INFO  server.RaftServerConfigKeys (ConfUtils.java:logGet(43)) - raft.server.rpc.sleep.time = 25ms (default)
2019-11-14 14:46:34,229 [f7c73f5f-a922-4e72-9f0e-14e1adb29082@group-C501AF52FAFD-LeaderElection38] INFO  server.RaftServerConfigKeys (ConfUtils.java:logGet(43)) - raft.server.write.element-limit = 4096 (default)
2019-11-14 14:46:34,229 [f7c73f5f-a922-4e72-9f0e-14e1adb29082@group-C501AF52FAFD-LeaderElection38] INFO  server.RaftServerConfigKeys (ConfUtils.java:logGet(43)) - raft.server.watch.timeout = 10s (default)
2019-11-14 14:46:34,229 [f7c73f5f-a922-4e72-9f0e-14e1adb29082@group-C501AF52FAFD-LeaderElection38] INFO  server.RaftServerConfigKeys (ConfUtils.java:logGet(43)) - raft.server.watch.timeout.denomination = 1s (default)
2019-11-14 14:46:34,229 [f7c73f5f-a922-4e72-9f0e-14e1adb29082@group-C501AF52FAFD-LeaderElection38] INFO  server.RaftServerConfigKeys (ConfUtils.java:logGet(43)) - raft.server.watch.element-limit = 65536 (default)
2019-11-14 14:46:34,229 [EventQueue-PipelineReportForPipelineReportHandler] INFO  pipeline.PipelineStateManager (PipelineStateManager.java:openPipeline(134)) - Pipeline Pipeline[ Id: e393f22e-6055-439d-a3e5-c501af52fafd, Nodes: f7c73f5f-a922-4e72-9f0e-14e1adb29082{ip: 192.168.157.221, host: pr-hdds-2408-9n676-254309887, networkLocation: /default-rack, certSerialId: null}c792febc-28cf-4355-b2f7-5c4ed618863d{ip: 192.168.157.221, host: pr-hdds-2408-9n676-254309887, networkLocation: /default-rack, certSerialId: null}26facaca-2eaa-4eab-ad66-7bd9fd6334c7{ip: 192.168.157.221, host: pr-hdds-2408-9n676-254309887, networkLocation: /default-rack, certSerialId: null}, Type:RATIS, Factor:THREE, State:OPEN] moved to OPEN state
2019-11-14 14:46:34,229 [grpc-default-executor-1] INFO  impl.RaftServerImpl (ServerState.java:setRaftConf(356)) - 57a77f7a-d8c9-4cec-aa3c-e1c9007164ed@group-1E1C7163D28A: set configuration 0: [7df5b927-629b-4e54-9168-113c4a7809a2:192.168.157.221:44414, d630e0b1-4536-4869-ba91-999e142c5c29:192.168.157.221:34031, 57a77f7a-d8c9-4cec-aa3c-e1c9007164ed:192.168.157.221:37354], old=null at 0
2019-11-14 14:46:34,229 [f7c73f5f-a922-4e72-9f0e-14e1adb29082@group-C501AF52FAFD-LeaderElection38] INFO  server.RaftServerConfigKeys (ConfUtils.java:logGet(43)) - raft.server.log.appender.snapshot.chunk.size.max = 16MB (=16777216) (default)
2019-11-14 14:46:34,229 [grpc-default-executor-5] INFO  impl.RaftServerImpl (ServerState.java:setRaftConf(356)) - d630e0b1-4536-4869-ba91-999e142c5c29@group-1E1C7163D28A: set configuration 0: [7df5b927-629b-4e54-9168-113c4a7809a2:192.168.157.221:44414, d630e0b1-4536-4869-ba91-999e142c5c29:192.168.157.221:34031, 57a77f7a-d8c9-4cec-aa3c-e1c9007164ed:192.168.157.221:37354], old=null at 0
2019-11-14 14:46:34,232 [f7c73f5f-a922-4e72-9f0e-14e1adb29082@group-C501AF52FAFD-LeaderElection38] INFO  server.RaftServerConfigKeys (ConfUtils.java:logGet(43)) - raft.server.log.appender.buffer.byte-limit = 33554432 (custom)
2019-11-14 14:46:34,231 [grpc-default-executor-1] INFO  segmented.SegmentedRaftLogWorker (SegmentedRaftLogWorker.java:startLogSegment(385)) - 57a77f7a-d8c9-4cec-aa3c-e1c9007164ed@group-1E1C7163D28A-SegmentedRaftLogWorker: Starting segment from index:0
2019-11-14 14:46:34,232 [f7c73f5f-a922-4e72-9f0e-14e1adb29082@group-C501AF52FAFD-LeaderElection38] INFO  server.RaftServerConfigKeys (ConfUtils.java:logGet(43)) - raft.server.log.appender.buffer.element-limit = 1 (custom)
2019-11-14 14:46:34,232 [grpc-default-executor-5] INFO  segmented.SegmentedRaftLogWorker (SegmentedRaftLogWorker.java:startLogSegment(385)) - d630e0b1-4536-4869-ba91-999e142c5c29@group-1E1C7163D28A-SegmentedRaftLogWorker: Starting segment from index:0
2019-11-14 14:46:34,232 [f7c73f5f-a922-4e72-9f0e-14e1adb29082@group-C501AF52FAFD-LeaderElection38] INFO  grpc.GrpcConfigKeys$Server (ConfUtils.java:logGet(43)) - raft.grpc.server.leader.outstanding.appends.max = 128 (default)
2019-11-14 14:46:34,233 [f7c73f5f-a922-4e72-9f0e-14e1adb29082@group-C501AF52FAFD-LeaderElection38] INFO  server.RaftServerConfigKeys (ConfUtils.java:logGet(43)) - raft.server.rpc.request.timeout = 3000ms (default)
2019-11-14 14:46:34,233 [f7c73f5f-a922-4e72-9f0e-14e1adb29082@group-C501AF52FAFD-LeaderElection38] INFO  server.RaftServerConfigKeys (ConfUtils.java:logGet(43)) - raft.server.log.appender.install.snapshot.enabled = false (custom)
2019-11-14 14:46:34,233 [f7c73f5f-a922-4e72-9f0e-14e1adb29082@group-C501AF52FAFD-LeaderElection38] WARN  impl.MetricRegistriesImpl (MetricRegistriesImpl.java:lambda$create$1(61)) - First MetricRegistry has been created without registering reporters. You may need to call MetricRegistries.global().addReportRegistration(...) before.
2019-11-14 14:46:34,233 [f7c73f5f-a922-4e72-9f0e-14e1adb29082@group-C501AF52FAFD-LeaderElection38] INFO  server.RaftServerConfigKeys (ConfUtils.java:logGet(43)) - raft.server.log.appender.snapshot.chunk.size.max = 16MB (=16777216) (default)
2019-11-14 14:46:34,234 [f7c73f5f-a922-4e72-9f0e-14e1adb29082@group-C501AF52FAFD-LeaderElection38] INFO  server.RaftServerConfigKeys (ConfUtils.java:logGet(43)) - raft.server.log.appender.buffer.byte-limit = 33554432 (custom)
2019-11-14 14:46:34,234 [f7c73f5f-a922-4e72-9f0e-14e1adb29082@group-C501AF52FAFD-LeaderElection38] INFO  server.RaftServerConfigKeys (ConfUtils.java:logGet(43)) - raft.server.log.appender.buffer.element-limit = 1 (custom)
2019-11-14 14:46:34,234 [f7c73f5f-a922-4e72-9f0e-14e1adb29082@group-C501AF52FAFD-LeaderElection38] INFO  grpc.GrpcConfigKeys$Server (ConfUtils.java:logGet(43)) - raft.grpc.server.leader.outstanding.appends.max = 128 (default)
2019-11-14 14:46:34,234 [f7c73f5f-a922-4e72-9f0e-14e1adb29082@group-C501AF52FAFD-LeaderElection38] INFO  server.RaftServerConfigKeys (ConfUtils.java:logGet(43)) - raft.server.rpc.request.timeout = 3000ms (default)
2019-11-14 14:46:34,234 [f7c73f5f-a922-4e72-9f0e-14e1adb29082@group-C501AF52FAFD-LeaderElection38] INFO  server.RaftServerConfigKeys (ConfUtils.java:logGet(43)) - raft.server.log.appender.install.snapshot.enabled = false (custom)
2019-11-14 14:46:34,235 [f7c73f5f-a922-4e72-9f0e-14e1adb29082@group-C501AF52FAFD-LeaderElection38] INFO  impl.RoleInfo (RoleInfo.java:updateAndGet(143)) - f7c73f5f-a922-4e72-9f0e-14e1adb29082: start LeaderState
2019-11-14 14:46:34,235 [f7c73f5f-a922-4e72-9f0e-14e1adb29082@group-C501AF52FAFD-LeaderElection38] INFO  segmented.SegmentedRaftLogWorker (SegmentedRaftLogWorker.java:startLogSegment(385)) - f7c73f5f-a922-4e72-9f0e-14e1adb29082@group-C501AF52FAFD-SegmentedRaftLogWorker: Starting segment from index:0
2019-11-14 14:46:34,236 [f7c73f5f-a922-4e72-9f0e-14e1adb29082@group-C501AF52FAFD-LeaderElection38] INFO  impl.RaftServerImpl (ServerState.java:setRaftConf(356)) - f7c73f5f-a922-4e72-9f0e-14e1adb29082@group-C501AF52FAFD: set configuration 0: [c792febc-28cf-4355-b2f7-5c4ed618863d:192.168.157.221:39600, f7c73f5f-a922-4e72-9f0e-14e1adb29082:192.168.157.221:38185, 26facaca-2eaa-4eab-ad66-7bd9fd6334c7:192.168.157.221:41610], old=null at 0
2019-11-14 14:46:34,267 [7df5b927-629b-4e54-9168-113c4a7809a2@group-1E1C7163D28A-SegmentedRaftLogWorker] INFO  segmented.SegmentedRaftLogWorker (SegmentedRaftLogWorker.java:execute(576)) - 7df5b927-629b-4e54-9168-113c4a7809a2@group-1E1C7163D28A-SegmentedRaftLogWorker: created new log segment /workdir/hadoop-ozone/integration-test/target/test-dir/MiniOzoneClusterImpl-fe7ca568-a673-4336-8267-b2734a58a5d6/datanode-3/data/ratis/b3138f24-0ecc-43d8-80a4-1e1c7163d28a/current/log_inprogress_0
2019-11-14 14:46:34,298 [grpc-default-executor-5] INFO  ratis.XceiverServerRatis (XceiverServerRatis.java:handleLeaderChangedNotification(697)) - Leader change notification received for group: group-C501AF52FAFD with new leaderId: f7c73f5f-a922-4e72-9f0e-14e1adb29082
2019-11-14 14:46:34,298 [grpc-default-executor-1] INFO  ratis.XceiverServerRatis (XceiverServerRatis.java:handleLeaderChangedNotification(697)) - Leader change notification received for group: group-C501AF52FAFD with new leaderId: f7c73f5f-a922-4e72-9f0e-14e1adb29082
2019-11-14 14:46:34,299 [grpc-default-executor-1] INFO  impl.RaftServerImpl (ServerState.java:setLeader(255)) - 26facaca-2eaa-4eab-ad66-7bd9fd6334c7@group-C501AF52FAFD: change Leader from null to f7c73f5f-a922-4e72-9f0e-14e1adb29082 at term 1 for appendEntries, leader elected after 1226ms
2019-11-14 14:46:34,298 [d630e0b1-4536-4869-ba91-999e142c5c29@group-1E1C7163D28A-SegmentedRaftLogWorker] INFO  segmented.SegmentedRaftLogWorker (SegmentedRaftLogWorker.java:execute(576)) - d630e0b1-4536-4869-ba91-999e142c5c29@group-1E1C7163D28A-SegmentedRaftLogWorker: created new log segment /workdir/hadoop-ozone/integration-test/target/test-dir/MiniOzoneClusterImpl-fe7ca568-a673-4336-8267-b2734a58a5d6/datanode-2/data/ratis/b3138f24-0ecc-43d8-80a4-1e1c7163d28a/current/log_inprogress_0
2019-11-14 14:46:34,298 [57a77f7a-d8c9-4cec-aa3c-e1c9007164ed@group-1E1C7163D28A-SegmentedRaftLogWorker] INFO  segmented.SegmentedRaftLogWorker (SegmentedRaftLogWorker.java:execute(576)) - 57a77f7a-d8c9-4cec-aa3c-e1c9007164ed@group-1E1C7163D28A-SegmentedRaftLogWorker: created new log segment /workdir/hadoop-ozone/integration-test/target/test-dir/MiniOzoneClusterImpl-fe7ca568-a673-4336-8267-b2734a58a5d6/datanode-1/data/ratis/b3138f24-0ecc-43d8-80a4-1e1c7163d28a/current/log_inprogress_0
2019-11-14 14:46:34,299 [grpc-default-executor-5] INFO  impl.RaftServerImpl (ServerState.java:setLeader(255)) - c792febc-28cf-4355-b2f7-5c4ed618863d@group-C501AF52FAFD: change Leader from null to f7c73f5f-a922-4e72-9f0e-14e1adb29082 at term 1 for appendEntries, leader elected after 1225ms
2019-11-14 14:46:34,301 [grpc-default-executor-5] INFO  impl.RaftServerImpl (ServerState.java:setRaftConf(356)) - 26facaca-2eaa-4eab-ad66-7bd9fd6334c7@group-C501AF52FAFD: set configuration 0: [c792febc-28cf-4355-b2f7-5c4ed618863d:192.168.157.221:39600, f7c73f5f-a922-4e72-9f0e-14e1adb29082:192.168.157.221:38185, 26facaca-2eaa-4eab-ad66-7bd9fd6334c7:192.168.157.221:41610], old=null at 0
2019-11-14 14:46:34,301 [grpc-default-executor-1] INFO  impl.RaftServerImpl (ServerState.java:setRaftConf(356)) - c792febc-28cf-4355-b2f7-5c4ed618863d@group-C501AF52FAFD: set configuration 0: [c792febc-28cf-4355-b2f7-5c4ed618863d:192.168.157.221:39600, f7c73f5f-a922-4e72-9f0e-14e1adb29082:192.168.157.221:38185, 26facaca-2eaa-4eab-ad66-7bd9fd6334c7:192.168.157.221:41610], old=null at 0
2019-11-14 14:46:34,301 [grpc-default-executor-5] INFO  segmented.SegmentedRaftLogWorker (SegmentedRaftLogWorker.java:startLogSegment(385)) - 26facaca-2eaa-4eab-ad66-7bd9fd6334c7@group-C501AF52FAFD-SegmentedRaftLogWorker: Starting segment from index:0
2019-11-14 14:46:34,301 [grpc-default-executor-1] INFO  segmented.SegmentedRaftLogWorker (SegmentedRaftLogWorker.java:startLogSegment(385)) - c792febc-28cf-4355-b2f7-5c4ed618863d@group-C501AF52FAFD-SegmentedRaftLogWorker: Starting segment from index:0
2019-11-14 14:46:34,321 [f7c73f5f-a922-4e72-9f0e-14e1adb29082@group-C501AF52FAFD-SegmentedRaftLogWorker] INFO  segmented.SegmentedRaftLogWorker (SegmentedRaftLogWorker.java:execute(576)) - f7c73f5f-a922-4e72-9f0e-14e1adb29082@group-C501AF52FAFD-SegmentedRaftLogWorker: created new log segment /workdir/hadoop-ozone/integration-test/target/test-dir/MiniOzoneClusterImpl-fe7ca568-a673-4336-8267-b2734a58a5d6/datanode-4/data/ratis/e393f22e-6055-439d-a3e5-c501af52fafd/current/log_inprogress_0
2019-11-14 14:46:34,346 [26facaca-2eaa-4eab-ad66-7bd9fd6334c7@group-C501AF52FAFD-SegmentedRaftLogWorker] INFO  segmented.SegmentedRaftLogWorker (SegmentedRaftLogWorker.java:execute(576)) - 26facaca-2eaa-4eab-ad66-7bd9fd6334c7@group-C501AF52FAFD-SegmentedRaftLogWorker: created new log segment /workdir/hadoop-ozone/integration-test/target/test-dir/MiniOzoneClusterImpl-fe7ca568-a673-4336-8267-b2734a58a5d6/datanode-5/data/ratis/e393f22e-6055-439d-a3e5-c501af52fafd/current/log_inprogress_0
2019-11-14 14:46:34,346 [c792febc-28cf-4355-b2f7-5c4ed618863d@group-C501AF52FAFD-SegmentedRaftLogWorker] INFO  segmented.SegmentedRaftLogWorker (SegmentedRaftLogWorker.java:execute(576)) - c792febc-28cf-4355-b2f7-5c4ed618863d@group-C501AF52FAFD-SegmentedRaftLogWorker: created new log segment /workdir/hadoop-ozone/integration-test/target/test-dir/MiniOzoneClusterImpl-fe7ca568-a673-4336-8267-b2734a58a5d6/datanode-0/data/ratis/e393f22e-6055-439d-a3e5-c501af52fafd/current/log_inprogress_0
2019-11-14 14:46:35,090 [main] INFO  ozone.MiniOzoneClusterImpl (MiniOzoneClusterImpl.java:lambda$waitForClusterToBeReady$2(171)) - Cluster is ready. Got 6 of 6 DN Heartbeats.
2019-11-14 14:46:35,111 [main] INFO  rpc.RpcClient (RpcClient.java:createVolume(292)) - Creating Volume: datanodefailurehandlingtest, with jenkins1000 as owner.
2019-11-14 14:46:35,113 [IPC Server handler 2 on 40978] INFO  volume.OMVolumeCreateRequest (OMVolumeCreateRequest.java:validateAndUpdateCache(193)) - created volume:datanodefailurehandlingtest for user:jenkins1000
2019-11-14 14:46:35,130 [main] INFO  rpc.RpcClient (RpcClient.java:createBucket(431)) - Creating Bucket: datanodefailurehandlingtest/datanodefailurehandlingtest, with Versioning false and Storage Type set to DISK and Encryption set to false 
2019-11-14 14:46:35,497 [Thread-1894] INFO  container.ReplicationManager (ReplicationManager.java:start(162)) - Starting Replication Monitor Thread.
2019-11-14 14:46:35,498 [Thread-1894] INFO  pipeline.SCMPipelineManager (SCMPipelineManager.java:finalizeAndDestroyPipeline(315)) - destroying pipeline:Pipeline[ Id: 82ea00ae-d840-43e2-9ca8-206b723d1309, Nodes: c792febc-28cf-4355-b2f7-5c4ed618863d{ip: 192.168.157.221, host: pr-hdds-2408-9n676-254309887, networkLocation: /default-rack, certSerialId: null}, Type:RATIS, Factor:ONE, State:OPEN]
2019-11-14 14:46:35,500 [Thread-1894] INFO  pipeline.PipelineStateManager (PipelineStateManager.java:finalizePipeline(121)) - Pipeline Pipeline[ Id: 82ea00ae-d840-43e2-9ca8-206b723d1309, Nodes: c792febc-28cf-4355-b2f7-5c4ed618863d{ip: 192.168.157.221, host: pr-hdds-2408-9n676-254309887, networkLocation: /default-rack, certSerialId: null}, Type:RATIS, Factor:ONE, State:CLOSED] moved to CLOSED state
2019-11-14 14:46:35,500 [ReplicationMonitor] INFO  container.ReplicationManager (ReplicationManager.java:run(225)) - Replication Monitor Thread took 0 milliseconds for processing 1 containers.
2019-11-14 14:46:35,504 [grpc-default-executor-2] INFO  impl.RaftServerProxy (RaftServerProxy.java:remove(95)) - c792febc-28cf-4355-b2f7-5c4ed618863d: remove    LEADER c792febc-28cf-4355-b2f7-5c4ed618863d@group-206B723D1309:t1, leader=c792febc-28cf-4355-b2f7-5c4ed618863d, voted=c792febc-28cf-4355-b2f7-5c4ed618863d, raftlog=c792febc-28cf-4355-b2f7-5c4ed618863d@group-206B723D1309-SegmentedRaftLog:OPENED:c0,f0,i0, conf=0: [c792febc-28cf-4355-b2f7-5c4ed618863d:192.168.157.221:39600], old=null RUNNING
2019-11-14 14:46:35,504 [grpc-default-executor-2] INFO  impl.RaftServerImpl (RaftServerImpl.java:lambda$shutdown$3(250)) - c792febc-28cf-4355-b2f7-5c4ed618863d@group-206B723D1309: shutdown
2019-11-14 14:46:35,505 [grpc-default-executor-2] INFO  util.JmxRegister (JmxRegister.java:unregister(73)) - Successfully un-registered JMX Bean with object name Ratis:service=RaftServer,group=group-206B723D1309,id=c792febc-28cf-4355-b2f7-5c4ed618863d
2019-11-14 14:46:35,505 [grpc-default-executor-2] INFO  impl.RoleInfo (RoleInfo.java:shutdownLeaderState(104)) - c792febc-28cf-4355-b2f7-5c4ed618863d: shutdown LeaderState
2019-11-14 14:46:35,505 [grpc-default-executor-2] INFO  impl.PendingRequests (PendingRequests.java:sendNotLeaderResponses(206)) - c792febc-28cf-4355-b2f7-5c4ed618863d@group-206B723D1309-PendingRequests: sendNotLeaderResponses
2019-11-14 14:46:35,505 [grpc-default-executor-2] INFO  impl.StateMachineUpdater (StateMachineUpdater.java:stopAndJoin(136)) - c792febc-28cf-4355-b2f7-5c4ed618863d@group-206B723D1309-StateMachineUpdater: set stopIndex = 0
2019-11-14 14:46:35,505 [grpc-default-executor-2] INFO  impl.RaftServerImpl (ServerState.java:close(387)) - c792febc-28cf-4355-b2f7-5c4ed618863d@group-206B723D1309: closes. applyIndex: 0
2019-11-14 14:46:35,506 [c792febc-28cf-4355-b2f7-5c4ed618863d@group-206B723D1309-SegmentedRaftLogWorker] INFO  segmented.SegmentedRaftLogWorker (SegmentedRaftLogWorker.java:run(316)) - c792febc-28cf-4355-b2f7-5c4ed618863d@group-206B723D1309-SegmentedRaftLogWorker was interrupted, exiting. There are 0 tasks remaining in the queue.
2019-11-14 14:46:35,508 [grpc-default-executor-2] INFO  segmented.SegmentedRaftLogWorker (SegmentedRaftLogWorker.java:close(224)) - c792febc-28cf-4355-b2f7-5c4ed618863d@group-206B723D1309-SegmentedRaftLogWorker close()
2019-11-14 14:46:35,513 [Thread-1894] INFO  pipeline.PipelineStateManager (PipelineStateManager.java:removePipeline(106)) - Pipeline Pipeline[ Id: 82ea00ae-d840-43e2-9ca8-206b723d1309, Nodes: c792febc-28cf-4355-b2f7-5c4ed618863d{ip: 192.168.157.221, host: pr-hdds-2408-9n676-254309887, networkLocation: /default-rack, certSerialId: null}, Type:RATIS, Factor:ONE, State:CLOSED] removed from db
2019-11-14 14:46:35,514 [Thread-1894] INFO  pipeline.SCMPipelineManager (SCMPipelineManager.java:finalizeAndDestroyPipeline(315)) - destroying pipeline:Pipeline[ Id: b3138f24-0ecc-43d8-80a4-1e1c7163d28a, Nodes: 57a77f7a-d8c9-4cec-aa3c-e1c9007164ed{ip: 192.168.157.221, host: pr-hdds-2408-9n676-254309887, networkLocation: /default-rack, certSerialId: null}7df5b927-629b-4e54-9168-113c4a7809a2{ip: 192.168.157.221, host: pr-hdds-2408-9n676-254309887, networkLocation: /default-rack, certSerialId: null}d630e0b1-4536-4869-ba91-999e142c5c29{ip: 192.168.157.221, host: pr-hdds-2408-9n676-254309887, networkLocation: /default-rack, certSerialId: null}, Type:RATIS, Factor:THREE, State:OPEN]
2019-11-14 14:46:35,518 [grpc-default-executor-2] INFO  impl.RaftServerProxy (RaftServerProxy.java:addNew(89)) - c792febc-28cf-4355-b2f7-5c4ed618863d: addNew group-CC864FCB266F:[c792febc-28cf-4355-b2f7-5c4ed618863d:192.168.157.221:39600] returns group-CC864FCB266F:java.util.concurrent.CompletableFuture@6f910ae5[Not completed]
2019-11-14 14:46:35,519 [pool-153-thread-1] INFO  impl.RaftServerImpl (RaftServerImpl.java:<init>(98)) - c792febc-28cf-4355-b2f7-5c4ed618863d: new RaftServerImpl for group-CC864FCB266F:[c792febc-28cf-4355-b2f7-5c4ed618863d:192.168.157.221:39600] with ContainerStateMachine:uninitialized
2019-11-14 14:46:35,521 [pool-153-thread-1] INFO  server.RaftServerConfigKeys (ConfUtils.java:logGet(43)) - raft.server.rpc.timeout.min = 1s (custom)
2019-11-14 14:46:35,521 [pool-153-thread-1] INFO  server.RaftServerConfigKeys (ConfUtils.java:logGet(43)) - raft.server.rpc.timeout.max = 1200ms (custom)
2019-11-14 14:46:35,521 [pool-153-thread-1] INFO  server.RaftServerConfigKeys (ConfUtils.java:logGet(43)) - raft.server.rpcslowness.timeout = 120s (custom)
2019-11-14 14:46:35,521 [pool-153-thread-1] INFO  server.RaftServerConfigKeys (ConfUtils.java:logGet(43)) - raft.server.sleep.deviation.threshold = 300 (default)
2019-11-14 14:46:35,521 [pool-153-thread-1] INFO  server.RaftServerConfigKeys (ConfUtils.java:logGet(43)) - raft.server.log.appender.install.snapshot.enabled = false (custom)
2019-11-14 14:46:35,521 [pool-153-thread-1] INFO  impl.RaftServerImpl (ServerState.java:<init>(103)) - c792febc-28cf-4355-b2f7-5c4ed618863d@group-CC864FCB266F: ConfigurationManager, init=-1: [c792febc-28cf-4355-b2f7-5c4ed618863d:192.168.157.221:39600], old=null, confs=<EMPTY_MAP>
2019-11-14 14:46:35,521 [pool-153-thread-1] INFO  server.RaftServerConfigKeys (ConfUtils.java:logGet(43)) - raft.server.storage.dir = [/workdir/hadoop-ozone/integration-test/target/test-dir/MiniOzoneClusterImpl-fe7ca568-a673-4336-8267-b2734a58a5d6/datanode-0/data/ratis] (custom)
2019-11-14 14:46:35,521 [pool-153-thread-1] INFO  server.RaftServerConfigKeys (ConfUtils.java:logGet(43)) - raft.server.log.corruption.policy = EXCEPTION (default)
2019-11-14 14:46:35,522 [pool-153-thread-1] INFO  storage.RaftStorageDirectory (RaftStorageDirectory.java:analyzeStorage(246)) - The storage directory /workdir/hadoop-ozone/integration-test/target/test-dir/MiniOzoneClusterImpl-fe7ca568-a673-4336-8267-b2734a58a5d6/datanode-0/data/ratis/f7e3ba1a-82e7-4e23-919c-cc864fcb266f does not exist. Creating ...
2019-11-14 14:46:35,536 [pool-153-thread-1] INFO  storage.RaftStorageDirectory (RaftStorageDirectory.java:tryLock(328)) - Lock on /workdir/hadoop-ozone/integration-test/target/test-dir/MiniOzoneClusterImpl-fe7ca568-a673-4336-8267-b2734a58a5d6/datanode-0/data/ratis/f7e3ba1a-82e7-4e23-919c-cc864fcb266f/in_use.lock acquired by nodename 20979@pr-hdds-2408-9n676-254309887
2019-11-14 14:46:35,570 [pool-153-thread-1] INFO  storage.RaftStorage (RaftStorage.java:format(84)) - Storage directory /workdir/hadoop-ozone/integration-test/target/test-dir/MiniOzoneClusterImpl-fe7ca568-a673-4336-8267-b2734a58a5d6/datanode-0/data/ratis/f7e3ba1a-82e7-4e23-919c-cc864fcb266f has been successfully formatted.
2019-11-14 14:46:35,570 [pool-153-thread-1] INFO  ratis.ContainerStateMachine (ContainerStateMachine.java:loadSnapshot(223)) - group-CC864FCB266F: The snapshot info is null. Setting the last applied indexto:(t:0, i:~)
2019-11-14 14:46:35,570 [pool-153-thread-1] INFO  server.RaftServerConfigKeys (ConfUtils.java:logGet(43)) - raft.server.notification.no-leader.timeout = 120s (custom)
2019-11-14 14:46:35,570 [pool-153-thread-1] INFO  server.RaftServerConfigKeys (ConfUtils.java:logGet(43)) - raft.server.log.use.memory = false (default)
2019-11-14 14:46:35,571 [pool-153-thread-1] INFO  server.RaftServerConfigKeys (ConfUtils.java:logGet(43)) - raft.server.log.purge.gap = 1000000 (custom)
2019-11-14 14:46:35,571 [pool-153-thread-1] INFO  server.RaftServerConfigKeys (ConfUtils.java:logGet(43)) - raft.server.log.appender.buffer.byte-limit = 33554432 (custom)
2019-11-14 14:46:35,571 [pool-153-thread-1] INFO  server.RaftServerConfigKeys (ConfUtils.java:logGet(43)) - raft.server.log.segment.size.max = 1048576 (custom)
2019-11-14 14:46:35,571 [pool-153-thread-1] INFO  server.RaftServerConfigKeys (ConfUtils.java:logGet(43)) - raft.server.log.segment.cache.num.max = 2 (custom)
2019-11-14 14:46:35,571 [pool-153-thread-1] INFO  segmented.SegmentedRaftLogWorker (SegmentedRaftLogWorker.java:<init>(173)) - new c792febc-28cf-4355-b2f7-5c4ed618863d@group-CC864FCB266F-SegmentedRaftLogWorker for RaftStorage:Storage Directory /workdir/hadoop-ozone/integration-test/target/test-dir/MiniOzoneClusterImpl-fe7ca568-a673-4336-8267-b2734a58a5d6/datanode-0/data/ratis/f7e3ba1a-82e7-4e23-919c-cc864fcb266f
2019-11-14 14:46:35,571 [pool-153-thread-1] INFO  server.RaftServerConfigKeys (ConfUtils.java:logGet(43)) - raft.server.log.queue.byte-limit = 2147483647 (custom)
2019-11-14 14:46:35,571 [pool-153-thread-1] INFO  server.RaftServerConfigKeys (ConfUtils.java:logGet(43)) - raft.server.log.queue.element-limit = 1024 (custom)
2019-11-14 14:46:35,571 [pool-153-thread-1] INFO  server.RaftServerConfigKeys (ConfUtils.java:logGet(43)) - raft.server.log.segment.size.max = 1048576 (custom)
2019-11-14 14:46:35,572 [pool-153-thread-1] INFO  server.RaftServerConfigKeys (ConfUtils.java:logGet(43)) - raft.server.log.preallocated.size = 16384 (custom)
2019-11-14 14:46:35,572 [pool-153-thread-1] INFO  server.RaftServerConfigKeys (ConfUtils.java:logGet(43)) - raft.server.log.write.buffer.size = 33554432 (custom)
2019-11-14 14:46:35,572 [pool-153-thread-1] INFO  server.RaftServerConfigKeys (ConfUtils.java:logGet(43)) - raft.server.log.force.sync.num = 128 (default)
2019-11-14 14:46:35,572 [pool-153-thread-1] INFO  server.RaftServerConfigKeys (ConfUtils.java:logGet(43)) - raft.server.log.statemachine.data.sync = true (default)
2019-11-14 14:46:35,572 [pool-153-thread-1] INFO  server.RaftServerConfigKeys (ConfUtils.java:logGet(43)) - raft.server.log.statemachine.data.sync.timeout = 10s (default)
2019-11-14 14:46:35,572 [pool-153-thread-1] INFO  server.RaftServerConfigKeys (ConfUtils.java:logGet(43)) - raft.server.log.statemachine.data.sync.timeout.retry = -1 (default)
2019-11-14 14:46:35,572 [pool-153-thread-1] INFO  server.RaftServerConfigKeys (ConfUtils.java:logGet(43)) - raft.server.log.statemachine.data.caching.enabled = true (custom)
2019-11-14 14:46:35,573 [pool-153-thread-1] INFO  segmented.SegmentedRaftLogWorker (SegmentedRaftLogWorker.java:lambda$new$0(128)) - c792febc-28cf-4355-b2f7-5c4ed618863d@group-CC864FCB266F-SegmentedRaftLogWorker: flushIndex: setUnconditionally 0 -> -1
2019-11-14 14:46:35,573 [pool-153-thread-1] INFO  server.RaftServerConfigKeys (ConfUtils.java:logGet(43)) - raft.server.snapshot.auto.trigger.enabled = true (custom)
2019-11-14 14:46:35,573 [pool-153-thread-1] INFO  server.RaftServerConfigKeys (ConfUtils.java:logGet(43)) - raft.server.snapshot.auto.trigger.threshold = 10000 (custom)
2019-11-14 14:46:35,573 [pool-153-thread-1] INFO  server.RaftServerConfigKeys (ConfUtils.java:logGet(43)) - raft.server.snapshot.retention.file.num = 5 (custom)
2019-11-14 14:46:35,574 [pool-153-thread-1] INFO  server.RaftServerConfigKeys (ConfUtils.java:logGet(43)) - raft.server.retrycache.expirytime = 600000ms (custom)
2019-11-14 14:46:35,574 [pool-153-thread-1] WARN  impl.MetricRegistriesImpl (MetricRegistriesImpl.java:lambda$create$1(61)) - First MetricRegistry has been created without registering reporters. You may need to call MetricRegistries.global().addReportRegistration(...) before.
2019-11-14 14:46:35,574 [pool-153-thread-1] WARN  impl.MetricRegistriesImpl (MetricRegistriesImpl.java:lambda$create$1(61)) - First MetricRegistry has been created without registering reporters. You may need to call MetricRegistries.global().addReportRegistration(...) before.
2019-11-14 14:46:35,574 [pool-153-thread-1] INFO  impl.RaftServerImpl (RaftServerImpl.java:start(184)) - c792febc-28cf-4355-b2f7-5c4ed618863d@group-CC864FCB266F: start as a follower, conf=-1: [c792febc-28cf-4355-b2f7-5c4ed618863d:192.168.157.221:39600], old=null
2019-11-14 14:46:35,574 [pool-153-thread-1] INFO  impl.RaftServerImpl (RaftServerImpl.java:setRole(173)) - c792febc-28cf-4355-b2f7-5c4ed618863d@group-CC864FCB266F: changes role from      null to FOLLOWER at term 0 for startAsFollower
2019-11-14 14:46:35,575 [pool-153-thread-1] INFO  impl.RoleInfo (RoleInfo.java:updateAndGet(143)) - c792febc-28cf-4355-b2f7-5c4ed618863d: start FollowerState
2019-11-14 14:46:35,575 [pool-153-thread-1] INFO  util.JmxRegister (JmxRegister.java:tryRegister(44)) - Successfully registered JMX Bean with object name Ratis:service=RaftServer,group=group-CC864FCB266F,id=c792febc-28cf-4355-b2f7-5c4ed618863d
2019-11-14 14:46:35,575 [pool-153-thread-1] WARN  impl.MetricRegistriesImpl (MetricRegistriesImpl.java:lambda$create$1(61)) - First MetricRegistry has been created without registering reporters. You may need to call MetricRegistries.global().addReportRegistration(...) before.
2019-11-14 14:46:35,578 [RatisPipelineUtilsThread] INFO  pipeline.PipelineStateManager (PipelineStateManager.java:addPipeline(55)) - Created pipeline Pipeline[ Id: f7e3ba1a-82e7-4e23-919c-cc864fcb266f, Nodes: c792febc-28cf-4355-b2f7-5c4ed618863d{ip: 192.168.157.221, host: pr-hdds-2408-9n676-254309887, networkLocation: /default-rack, certSerialId: null}, Type:RATIS, Factor:ONE, State:ALLOCATED]
2019-11-14 14:46:35,580 [Thread-1894] INFO  pipeline.PipelineStateManager (PipelineStateManager.java:finalizePipeline(121)) - Pipeline Pipeline[ Id: b3138f24-0ecc-43d8-80a4-1e1c7163d28a, Nodes: 57a77f7a-d8c9-4cec-aa3c-e1c9007164ed{ip: 192.168.157.221, host: pr-hdds-2408-9n676-254309887, networkLocation: /default-rack, certSerialId: null}7df5b927-629b-4e54-9168-113c4a7809a2{ip: 192.168.157.221, host: pr-hdds-2408-9n676-254309887, networkLocation: /default-rack, certSerialId: null}d630e0b1-4536-4869-ba91-999e142c5c29{ip: 192.168.157.221, host: pr-hdds-2408-9n676-254309887, networkLocation: /default-rack, certSerialId: null}, Type:RATIS, Factor:THREE, State:CLOSED] moved to CLOSED state
2019-11-14 14:46:35,581 [EventQueue-CloseContainerForCloseContainerEventHandler] INFO  container.CloseContainerEventHandler (CloseContainerEventHandler.java:onMessage(61)) - Close container Event triggered for container : #1
2019-11-14 14:46:35,584 [grpc-default-executor-2] INFO  impl.RaftServerProxy (RaftServerProxy.java:remove(95)) - 57a77f7a-d8c9-4cec-aa3c-e1c9007164ed: remove  FOLLOWER 57a77f7a-d8c9-4cec-aa3c-e1c9007164ed@group-1E1C7163D28A:t1, leader=7df5b927-629b-4e54-9168-113c4a7809a2, voted=7df5b927-629b-4e54-9168-113c4a7809a2, raftlog=57a77f7a-d8c9-4cec-aa3c-e1c9007164ed@group-1E1C7163D28A-SegmentedRaftLog:OPENED:c4,f8,i8, conf=0: [7df5b927-629b-4e54-9168-113c4a7809a2:192.168.157.221:44414, d630e0b1-4536-4869-ba91-999e142c5c29:192.168.157.221:34031, 57a77f7a-d8c9-4cec-aa3c-e1c9007164ed:192.168.157.221:37354], old=null RUNNING
2019-11-14 14:46:35,591 [grpc-default-executor-2] INFO  impl.RaftServerImpl (RaftServerImpl.java:lambda$shutdown$3(250)) - 57a77f7a-d8c9-4cec-aa3c-e1c9007164ed@group-1E1C7163D28A: shutdown
2019-11-14 14:46:35,591 [grpc-default-executor-2] INFO  util.JmxRegister (JmxRegister.java:unregister(73)) - Successfully un-registered JMX Bean with object name Ratis:service=RaftServer,group=group-1E1C7163D28A,id=57a77f7a-d8c9-4cec-aa3c-e1c9007164ed
2019-11-14 14:46:35,591 [grpc-default-executor-2] INFO  impl.RoleInfo (RoleInfo.java:shutdownFollowerState(121)) - 57a77f7a-d8c9-4cec-aa3c-e1c9007164ed: shutdown FollowerState
2019-11-14 14:46:35,591 [grpc-default-executor-2] INFO  impl.StateMachineUpdater (StateMachineUpdater.java:stopAndJoin(136)) - 57a77f7a-d8c9-4cec-aa3c-e1c9007164ed@group-1E1C7163D28A-StateMachineUpdater: set stopIndex = 4
2019-11-14 14:46:35,591 [Thread-1949] INFO  impl.FollowerState (FollowerState.java:run(120)) - 57a77f7a-d8c9-4cec-aa3c-e1c9007164ed@group-1E1C7163D28A-FollowerState was interrupted: java.lang.InterruptedException: sleep interrupted
2019-11-14 14:46:35,591 [57a77f7a-d8c9-4cec-aa3c-e1c9007164ed@group-1E1C7163D28A-StateMachineUpdater] INFO  ratis.ContainerStateMachine (ContainerStateMachine.java:takeSnapshot(285)) - group-1E1C7163D28A: Taking a snapshot at:(t:1, i:3) file /workdir/hadoop-ozone/integration-test/target/test-dir/MiniOzoneClusterImpl-fe7ca568-a673-4336-8267-b2734a58a5d6/datanode-1/data/ratis/b3138f24-0ecc-43d8-80a4-1e1c7163d28a/sm/snapshot.1_3
2019-11-14 14:46:35,608 [57a77f7a-d8c9-4cec-aa3c-e1c9007164ed@group-1E1C7163D28A-StateMachineUpdater] INFO  ratis.ContainerStateMachine (ContainerStateMachine.java:takeSnapshot(296)) - group-1E1C7163D28A: Finished taking a snapshot at:(t:1, i:3) file:/workdir/hadoop-ozone/integration-test/target/test-dir/MiniOzoneClusterImpl-fe7ca568-a673-4336-8267-b2734a58a5d6/datanode-1/data/ratis/b3138f24-0ecc-43d8-80a4-1e1c7163d28a/sm/snapshot.1_3 time:17
2019-11-14 14:46:35,608 [57a77f7a-d8c9-4cec-aa3c-e1c9007164ed@group-1E1C7163D28A-StateMachineUpdater] INFO  impl.StateMachineUpdater (StateMachineUpdater.java:takeSnapshot(269)) - 57a77f7a-d8c9-4cec-aa3c-e1c9007164ed@group-1E1C7163D28A-StateMachineUpdater: Took a snapshot at index 3
2019-11-14 14:46:35,608 [57a77f7a-d8c9-4cec-aa3c-e1c9007164ed@group-1E1C7163D28A-StateMachineUpdater] INFO  impl.StateMachineUpdater (StateMachineUpdater.java:lambda$new$0(84)) - 57a77f7a-d8c9-4cec-aa3c-e1c9007164ed@group-1E1C7163D28A-StateMachineUpdater: snapshotIndex: updateIncreasingly -1 -> 3
2019-11-14 14:46:35,609 [57a77f7a-d8c9-4cec-aa3c-e1c9007164ed@group-1E1C7163D28A-StateMachineUpdater] INFO  ratis.ContainerStateMachine (ContainerStateMachine.java:takeSnapshot(285)) - group-1E1C7163D28A: Taking a snapshot at:(t:1, i:3) file /workdir/hadoop-ozone/integration-test/target/test-dir/MiniOzoneClusterImpl-fe7ca568-a673-4336-8267-b2734a58a5d6/datanode-1/data/ratis/b3138f24-0ecc-43d8-80a4-1e1c7163d28a/sm/snapshot.1_3
2019-11-14 14:46:35,642 [57a77f7a-d8c9-4cec-aa3c-e1c9007164ed@group-1E1C7163D28A-StateMachineUpdater] INFO  ratis.ContainerStateMachine (ContainerStateMachine.java:takeSnapshot(296)) - group-1E1C7163D28A: Finished taking a snapshot at:(t:1, i:3) file:/workdir/hadoop-ozone/integration-test/target/test-dir/MiniOzoneClusterImpl-fe7ca568-a673-4336-8267-b2734a58a5d6/datanode-1/data/ratis/b3138f24-0ecc-43d8-80a4-1e1c7163d28a/sm/snapshot.1_3 time:34
2019-11-14 14:46:35,643 [57a77f7a-d8c9-4cec-aa3c-e1c9007164ed@group-1E1C7163D28A-StateMachineUpdater] INFO  impl.StateMachineUpdater (StateMachineUpdater.java:takeSnapshot(269)) - 57a77f7a-d8c9-4cec-aa3c-e1c9007164ed@group-1E1C7163D28A-StateMachineUpdater: Took a snapshot at index 3
2019-11-14 14:46:35,643 [57a77f7a-d8c9-4cec-aa3c-e1c9007164ed@group-1E1C7163D28A-StateMachineUpdater] INFO  impl.StateMachineUpdater (StateMachineUpdater.java:lambda$new$0(84)) - 57a77f7a-d8c9-4cec-aa3c-e1c9007164ed@group-1E1C7163D28A-StateMachineUpdater: snapshotIndex: updateIncreasingly 3 -> 3
2019-11-14 14:46:35,643 [grpc-default-executor-2] INFO  impl.RaftServerImpl (ServerState.java:close(387)) - 57a77f7a-d8c9-4cec-aa3c-e1c9007164ed@group-1E1C7163D28A: closes. applyIndex: 4
2019-11-14 14:46:35,643 [57a77f7a-d8c9-4cec-aa3c-e1c9007164ed@group-1E1C7163D28A-SegmentedRaftLogWorker] INFO  segmented.SegmentedRaftLogWorker (SegmentedRaftLogWorker.java:run(316)) - 57a77f7a-d8c9-4cec-aa3c-e1c9007164ed@group-1E1C7163D28A-SegmentedRaftLogWorker was interrupted, exiting. There are 0 tasks remaining in the queue.
2019-11-14 14:46:35,645 [grpc-default-executor-2] INFO  segmented.SegmentedRaftLogWorker (SegmentedRaftLogWorker.java:close(224)) - 57a77f7a-d8c9-4cec-aa3c-e1c9007164ed@group-1E1C7163D28A-SegmentedRaftLogWorker close()
2019-11-14 14:46:35,691 [grpc-default-executor-2] INFO  interfaces.Container (KeyValueContainer.java:flushAndSyncDB(400)) - Container 1 is synced with bcsId 4.
2019-11-14 14:46:35,692 [grpc-default-executor-2] INFO  interfaces.Container (KeyValueContainer.java:flushAndSyncDB(400)) - Container 1 is synced with bcsId 4.
2019-11-14 14:46:35,713 [EventQueue-IncrementalContainerReportForIncrementalContainerReportHandler] INFO  container.IncrementalContainerReportHandler (AbstractContainerReportHandler.java:updateContainerState(171)) - Moving container #1 to QUASI_CLOSED state, datanode 57a77f7a-d8c9-4cec-aa3c-e1c9007164ed{ip: 192.168.157.221, host: pr-hdds-2408-9n676-254309887, networkLocation: /default-rack, certSerialId: null} reported QUASI_CLOSED replica.
2019-11-14 14:46:35,716 [grpc-default-executor-2] INFO  impl.RaftServerProxy (RaftServerProxy.java:remove(95)) - 7df5b927-629b-4e54-9168-113c4a7809a2: remove    LEADER 7df5b927-629b-4e54-9168-113c4a7809a2@group-1E1C7163D28A:t1, leader=7df5b927-629b-4e54-9168-113c4a7809a2, voted=7df5b927-629b-4e54-9168-113c4a7809a2, raftlog=7df5b927-629b-4e54-9168-113c4a7809a2@group-1E1C7163D28A-SegmentedRaftLog:OPENED:c13,f14,i14, conf=0: [7df5b927-629b-4e54-9168-113c4a7809a2:192.168.157.221:44414, d630e0b1-4536-4869-ba91-999e142c5c29:192.168.157.221:34031, 57a77f7a-d8c9-4cec-aa3c-e1c9007164ed:192.168.157.221:37354], old=null RUNNING
2019-11-14 14:46:35,716 [grpc-default-executor-2] INFO  impl.RaftServerImpl (RaftServerImpl.java:lambda$shutdown$3(250)) - 7df5b927-629b-4e54-9168-113c4a7809a2@group-1E1C7163D28A: shutdown
2019-11-14 14:46:35,716 [grpc-default-executor-2] INFO  util.JmxRegister (JmxRegister.java:unregister(73)) - Successfully un-registered JMX Bean with object name Ratis:service=RaftServer,group=group-1E1C7163D28A,id=7df5b927-629b-4e54-9168-113c4a7809a2
2019-11-14 14:46:35,716 [grpc-default-executor-2] INFO  impl.RoleInfo (RoleInfo.java:shutdownLeaderState(104)) - 7df5b927-629b-4e54-9168-113c4a7809a2: shutdown LeaderState
2019-11-14 14:46:35,719 [grpc-default-executor-2] INFO  impl.PendingRequests (PendingRequests.java:sendNotLeaderResponses(206)) - 7df5b927-629b-4e54-9168-113c4a7809a2@group-1E1C7163D28A-PendingRequests: sendNotLeaderResponses
2019-11-14 14:46:35,719 [org.apache.ratis.server.impl.LogAppender$AppenderDaemon$$Lambda$413/903611965@48566c28] WARN  server.GrpcLogAppender (GrpcLogAppender.java:mayWait(151)) - 7df5b927-629b-4e54-9168-113c4a7809a2@group-1E1C7163D28A->d630e0b1-4536-4869-ba91-999e142c5c29-GrpcLogAppender: Wait interrupted by java.lang.InterruptedException
2019-11-14 14:46:35,719 [org.apache.ratis.server.impl.LogAppender$AppenderDaemon$$Lambda$413/903611965@d54fb46] WARN  server.GrpcLogAppender (GrpcLogAppender.java:mayWait(151)) - 7df5b927-629b-4e54-9168-113c4a7809a2@group-1E1C7163D28A->57a77f7a-d8c9-4cec-aa3c-e1c9007164ed-GrpcLogAppender: Wait interrupted by java.lang.InterruptedException
2019-11-14 14:46:35,722 [7df5b927-629b-4e54-9168-113c4a7809a2@group-1E1C7163D28A-StateMachineUpdater] INFO  ratis.ContainerStateMachine (ContainerStateMachine.java:takeSnapshot(285)) - group-1E1C7163D28A: Taking a snapshot at:(t:1, i:12) file /workdir/hadoop-ozone/integration-test/target/test-dir/MiniOzoneClusterImpl-fe7ca568-a673-4336-8267-b2734a58a5d6/datanode-3/data/ratis/b3138f24-0ecc-43d8-80a4-1e1c7163d28a/sm/snapshot.1_12
2019-11-14 14:46:35,722 [Thread-2024] INFO  client.GrpcClientProtocolService (GrpcClientProtocolService.java:lambda$processClientRequest$0(279)) - Failed RaftClientRequest:client-6A84AF06D632->7df5b927-629b-4e54-9168-113c4a7809a2@group-1E1C7163D28A, cid=115, seq=0, Watch-ALL_COMMITTED(10), Message:<EMPTY>, reply=RaftClientReply:client-6A84AF06D632->7df5b927-629b-4e54-9168-113c4a7809a2@group-1E1C7163D28A, cid=115, FAILED org.apache.ratis.protocol.NotLeaderException: Server 7df5b927-629b-4e54-9168-113c4a7809a2@group-1E1C7163D28A is not the leader, logIndex=0, commits[7df5b927-629b-4e54-9168-113c4a7809a2:c13]
2019-11-14 14:46:35,722 [grpc-default-executor-2] INFO  impl.StateMachineUpdater (StateMachineUpdater.java:stopAndJoin(136)) - 7df5b927-629b-4e54-9168-113c4a7809a2@group-1E1C7163D28A-StateMachineUpdater: set stopIndex = 13
2019-11-14 14:46:35,722 [grpc-default-executor-1] INFO  server.GrpcServerProtocolService (GrpcServerProtocolService.java:onCompleted(113)) - 57a77f7a-d8c9-4cec-aa3c-e1c9007164ed: Completed APPEND_ENTRIES, lastRequest: 7df5b927-629b-4e54-9168-113c4a7809a2->57a77f7a-d8c9-4cec-aa3c-e1c9007164ed#16-t1, previous=(t:1, i:13), leaderCommit=12, initializing? false, entries: size=1, first=(t:1, i:14), METADATAENTRY(c12)
2019-11-14 14:46:35,722 [grpc-default-executor-5] INFO  server.GrpcServerProtocolService (GrpcServerProtocolService.java:onCompleted(113)) - d630e0b1-4536-4869-ba91-999e142c5c29: Completed APPEND_ENTRIES, lastRequest: 7df5b927-629b-4e54-9168-113c4a7809a2->d630e0b1-4536-4869-ba91-999e142c5c29#16-t1, previous=(t:1, i:13), leaderCommit=12, initializing? false, entries: size=1, first=(t:1, i:14), METADATAENTRY(c12)
2019-11-14 14:46:35,725 [grpc-default-executor-5] INFO  server.GrpcLogAppender (GrpcLogAppender.java:onCompleted(308)) - 7df5b927-629b-4e54-9168-113c4a7809a2@group-1E1C7163D28A->57a77f7a-d8c9-4cec-aa3c-e1c9007164ed-AppendLogResponseHandler: follower responses appendEntries COMPLETED
2019-11-14 14:46:35,726 [grpc-default-executor-4] INFO  server.GrpcLogAppender (GrpcLogAppender.java:onCompleted(308)) - 7df5b927-629b-4e54-9168-113c4a7809a2@group-1E1C7163D28A->d630e0b1-4536-4869-ba91-999e142c5c29-AppendLogResponseHandler: follower responses appendEntries COMPLETED
2019-11-14 14:46:35,729 [grpc-default-executor-5] INFO  impl.FollowerInfo (FollowerInfo.java:lambda$new$0(51)) - 7df5b927-629b-4e54-9168-113c4a7809a2@group-1E1C7163D28A->57a77f7a-d8c9-4cec-aa3c-e1c9007164ed: nextIndex: updateUnconditionally 15 -> 9
2019-11-14 14:46:35,729 [grpc-default-executor-4] INFO  impl.FollowerInfo (FollowerInfo.java:lambda$new$0(51)) - 7df5b927-629b-4e54-9168-113c4a7809a2@group-1E1C7163D28A->d630e0b1-4536-4869-ba91-999e142c5c29: nextIndex: updateUnconditionally 15 -> 14
2019-11-14 14:46:35,745 [7df5b927-629b-4e54-9168-113c4a7809a2@group-1E1C7163D28A-StateMachineUpdater] INFO  ratis.ContainerStateMachine (ContainerStateMachine.java:takeSnapshot(296)) - group-1E1C7163D28A: Finished taking a snapshot at:(t:1, i:12) file:/workdir/hadoop-ozone/integration-test/target/test-dir/MiniOzoneClusterImpl-fe7ca568-a673-4336-8267-b2734a58a5d6/datanode-3/data/ratis/b3138f24-0ecc-43d8-80a4-1e1c7163d28a/sm/snapshot.1_12 time:22
2019-11-14 14:46:35,745 [7df5b927-629b-4e54-9168-113c4a7809a2@group-1E1C7163D28A-StateMachineUpdater] INFO  impl.StateMachineUpdater (StateMachineUpdater.java:takeSnapshot(269)) - 7df5b927-629b-4e54-9168-113c4a7809a2@group-1E1C7163D28A-StateMachineUpdater: Took a snapshot at index 12
2019-11-14 14:46:35,745 [7df5b927-629b-4e54-9168-113c4a7809a2@group-1E1C7163D28A-StateMachineUpdater] INFO  impl.StateMachineUpdater (StateMachineUpdater.java:lambda$new$0(84)) - 7df5b927-629b-4e54-9168-113c4a7809a2@group-1E1C7163D28A-StateMachineUpdater: snapshotIndex: updateIncreasingly -1 -> 12
2019-11-14 14:46:35,745 [7df5b927-629b-4e54-9168-113c4a7809a2@group-1E1C7163D28A-StateMachineUpdater] INFO  ratis.ContainerStateMachine (ContainerStateMachine.java:takeSnapshot(285)) - group-1E1C7163D28A: Taking a snapshot at:(t:1, i:12) file /workdir/hadoop-ozone/integration-test/target/test-dir/MiniOzoneClusterImpl-fe7ca568-a673-4336-8267-b2734a58a5d6/datanode-3/data/ratis/b3138f24-0ecc-43d8-80a4-1e1c7163d28a/sm/snapshot.1_12
2019-11-14 14:46:35,767 [7df5b927-629b-4e54-9168-113c4a7809a2@group-1E1C7163D28A-StateMachineUpdater] INFO  ratis.ContainerStateMachine (ContainerStateMachine.java:takeSnapshot(296)) - group-1E1C7163D28A: Finished taking a snapshot at:(t:1, i:12) file:/workdir/hadoop-ozone/integration-test/target/test-dir/MiniOzoneClusterImpl-fe7ca568-a673-4336-8267-b2734a58a5d6/datanode-3/data/ratis/b3138f24-0ecc-43d8-80a4-1e1c7163d28a/sm/snapshot.1_12 time:22
2019-11-14 14:46:35,767 [7df5b927-629b-4e54-9168-113c4a7809a2@group-1E1C7163D28A-StateMachineUpdater] INFO  impl.StateMachineUpdater (StateMachineUpdater.java:takeSnapshot(269)) - 7df5b927-629b-4e54-9168-113c4a7809a2@group-1E1C7163D28A-StateMachineUpdater: Took a snapshot at index 12
2019-11-14 14:46:35,767 [7df5b927-629b-4e54-9168-113c4a7809a2@group-1E1C7163D28A-StateMachineUpdater] INFO  impl.StateMachineUpdater (StateMachineUpdater.java:lambda$new$0(84)) - 7df5b927-629b-4e54-9168-113c4a7809a2@group-1E1C7163D28A-StateMachineUpdater: snapshotIndex: updateIncreasingly 12 -> 12
2019-11-14 14:46:35,768 [grpc-default-executor-2] INFO  impl.RaftServerImpl (ServerState.java:close(387)) - 7df5b927-629b-4e54-9168-113c4a7809a2@group-1E1C7163D28A: closes. applyIndex: 13
2019-11-14 14:46:35,768 [7df5b927-629b-4e54-9168-113c4a7809a2@group-1E1C7163D28A-SegmentedRaftLogWorker] INFO  segmented.SegmentedRaftLogWorker (SegmentedRaftLogWorker.java:run(316)) - 7df5b927-629b-4e54-9168-113c4a7809a2@group-1E1C7163D28A-SegmentedRaftLogWorker was interrupted, exiting. There are 0 tasks remaining in the queue.
2019-11-14 14:46:35,770 [grpc-default-executor-2] INFO  segmented.SegmentedRaftLogWorker (SegmentedRaftLogWorker.java:close(224)) - 7df5b927-629b-4e54-9168-113c4a7809a2@group-1E1C7163D28A-SegmentedRaftLogWorker close()
2019-11-14 14:46:35,811 [grpc-default-executor-2] INFO  interfaces.Container (KeyValueContainer.java:flushAndSyncDB(400)) - Container 1 is synced with bcsId 12.
2019-11-14 14:46:35,812 [grpc-default-executor-2] INFO  interfaces.Container (KeyValueContainer.java:flushAndSyncDB(400)) - Container 1 is synced with bcsId 12.
2019-11-14 14:46:35,841 [grpc-default-executor-2] INFO  impl.RaftServerProxy (RaftServerProxy.java:remove(95)) - d630e0b1-4536-4869-ba91-999e142c5c29: remove  FOLLOWER d630e0b1-4536-4869-ba91-999e142c5c29@group-1E1C7163D28A:t1, leader=7df5b927-629b-4e54-9168-113c4a7809a2, voted=d630e0b1-4536-4869-ba91-999e142c5c29, raftlog=d630e0b1-4536-4869-ba91-999e142c5c29@group-1E1C7163D28A-SegmentedRaftLog:OPENED:c12,f14,i14, conf=0: [7df5b927-629b-4e54-9168-113c4a7809a2:192.168.157.221:44414, d630e0b1-4536-4869-ba91-999e142c5c29:192.168.157.221:34031, 57a77f7a-d8c9-4cec-aa3c-e1c9007164ed:192.168.157.221:37354], old=null RUNNING
2019-11-14 14:46:35,841 [grpc-default-executor-2] INFO  impl.RaftServerImpl (RaftServerImpl.java:lambda$shutdown$3(250)) - d630e0b1-4536-4869-ba91-999e142c5c29@group-1E1C7163D28A: shutdown
2019-11-14 14:46:35,842 [grpc-default-executor-2] INFO  util.JmxRegister (JmxRegister.java:unregister(73)) - Successfully un-registered JMX Bean with object name Ratis:service=RaftServer,group=group-1E1C7163D28A,id=d630e0b1-4536-4869-ba91-999e142c5c29
2019-11-14 14:46:35,842 [grpc-default-executor-2] INFO  impl.RoleInfo (RoleInfo.java:shutdownFollowerState(121)) - d630e0b1-4536-4869-ba91-999e142c5c29: shutdown FollowerState
2019-11-14 14:46:35,842 [grpc-default-executor-2] INFO  impl.StateMachineUpdater (StateMachineUpdater.java:stopAndJoin(136)) - d630e0b1-4536-4869-ba91-999e142c5c29@group-1E1C7163D28A-StateMachineUpdater: set stopIndex = 12
2019-11-14 14:46:35,842 [d630e0b1-4536-4869-ba91-999e142c5c29@group-1E1C7163D28A-StateMachineUpdater] INFO  ratis.ContainerStateMachine (ContainerStateMachine.java:takeSnapshot(285)) - group-1E1C7163D28A: Taking a snapshot at:(t:1, i:12) file /workdir/hadoop-ozone/integration-test/target/test-dir/MiniOzoneClusterImpl-fe7ca568-a673-4336-8267-b2734a58a5d6/datanode-2/data/ratis/b3138f24-0ecc-43d8-80a4-1e1c7163d28a/sm/snapshot.1_12
2019-11-14 14:46:35,842 [Thread-1953] INFO  impl.FollowerState (FollowerState.java:run(120)) - d630e0b1-4536-4869-ba91-999e142c5c29@group-1E1C7163D28A-FollowerState was interrupted: java.lang.InterruptedException: sleep interrupted
2019-11-14 14:46:35,867 [d630e0b1-4536-4869-ba91-999e142c5c29@group-1E1C7163D28A-StateMachineUpdater] INFO  ratis.ContainerStateMachine (ContainerStateMachine.java:takeSnapshot(296)) - group-1E1C7163D28A: Finished taking a snapshot at:(t:1, i:12) file:/workdir/hadoop-ozone/integration-test/target/test-dir/MiniOzoneClusterImpl-fe7ca568-a673-4336-8267-b2734a58a5d6/datanode-2/data/ratis/b3138f24-0ecc-43d8-80a4-1e1c7163d28a/sm/snapshot.1_12 time:25
2019-11-14 14:46:35,867 [d630e0b1-4536-4869-ba91-999e142c5c29@group-1E1C7163D28A-StateMachineUpdater] INFO  impl.StateMachineUpdater (StateMachineUpdater.java:takeSnapshot(269)) - d630e0b1-4536-4869-ba91-999e142c5c29@group-1E1C7163D28A-StateMachineUpdater: Took a snapshot at index 12
2019-11-14 14:46:35,868 [d630e0b1-4536-4869-ba91-999e142c5c29@group-1E1C7163D28A-StateMachineUpdater] INFO  impl.StateMachineUpdater (StateMachineUpdater.java:lambda$new$0(84)) - d630e0b1-4536-4869-ba91-999e142c5c29@group-1E1C7163D28A-StateMachineUpdater: snapshotIndex: updateIncreasingly -1 -> 12
2019-11-14 14:46:35,868 [grpc-default-executor-2] INFO  impl.RaftServerImpl (ServerState.java:close(387)) - d630e0b1-4536-4869-ba91-999e142c5c29@group-1E1C7163D28A: closes. applyIndex: 12
2019-11-14 14:46:35,868 [d630e0b1-4536-4869-ba91-999e142c5c29@group-1E1C7163D28A-SegmentedRaftLogWorker] INFO  segmented.SegmentedRaftLogWorker (SegmentedRaftLogWorker.java:run(316)) - d630e0b1-4536-4869-ba91-999e142c5c29@group-1E1C7163D28A-SegmentedRaftLogWorker was interrupted, exiting. There are 0 tasks remaining in the queue.
2019-11-14 14:46:35,870 [grpc-default-executor-2] INFO  segmented.SegmentedRaftLogWorker (SegmentedRaftLogWorker.java:close(224)) - d630e0b1-4536-4869-ba91-999e142c5c29@group-1E1C7163D28A-SegmentedRaftLogWorker close()
2019-11-14 14:46:35,909 [grpc-default-executor-2] INFO  interfaces.Container (KeyValueContainer.java:flushAndSyncDB(400)) - Container 1 is synced with bcsId 12.
2019-11-14 14:46:35,909 [grpc-default-executor-2] INFO  interfaces.Container (KeyValueContainer.java:flushAndSyncDB(400)) - Container 1 is synced with bcsId 12.
2019-11-14 14:46:35,936 [Thread-1894] INFO  pipeline.PipelineStateManager (PipelineStateManager.java:removePipeline(106)) - Pipeline Pipeline[ Id: b3138f24-0ecc-43d8-80a4-1e1c7163d28a, Nodes: 57a77f7a-d8c9-4cec-aa3c-e1c9007164ed{ip: 192.168.157.221, host: pr-hdds-2408-9n676-254309887, networkLocation: /default-rack, certSerialId: null}7df5b927-629b-4e54-9168-113c4a7809a2{ip: 192.168.157.221, host: pr-hdds-2408-9n676-254309887, networkLocation: /default-rack, certSerialId: null}d630e0b1-4536-4869-ba91-999e142c5c29{ip: 192.168.157.221, host: pr-hdds-2408-9n676-254309887, networkLocation: /default-rack, certSerialId: null}, Type:RATIS, Factor:THREE, State:CLOSED] removed from db
2019-11-14 14:46:35,936 [Thread-1894] INFO  pipeline.SCMPipelineManager (SCMPipelineManager.java:finalizeAndDestroyPipeline(315)) - destroying pipeline:Pipeline[ Id: 945c1790-2a48-49c5-984b-0b85f07cde2a, Nodes: 26facaca-2eaa-4eab-ad66-7bd9fd6334c7{ip: 192.168.157.221, host: pr-hdds-2408-9n676-254309887, networkLocation: /default-rack, certSerialId: null}, Type:RATIS, Factor:ONE, State:OPEN]
2019-11-14 14:46:35,941 [grpc-default-executor-4] INFO  impl.RaftServerProxy (RaftServerProxy.java:addNew(89)) - 7df5b927-629b-4e54-9168-113c4a7809a2: addNew group-B4C6BDE6A3AE:[7df5b927-629b-4e54-9168-113c4a7809a2:192.168.157.221:44414, d630e0b1-4536-4869-ba91-999e142c5c29:192.168.157.221:34031, 57a77f7a-d8c9-4cec-aa3c-e1c9007164ed:192.168.157.221:37354] returns group-B4C6BDE6A3AE:java.util.concurrent.CompletableFuture@508e8f0d[Not completed]
2019-11-14 14:46:35,941 [grpc-default-executor-5] INFO  impl.RaftServerProxy (RaftServerProxy.java:addNew(89)) - d630e0b1-4536-4869-ba91-999e142c5c29: addNew group-B4C6BDE6A3AE:[7df5b927-629b-4e54-9168-113c4a7809a2:192.168.157.221:44414, d630e0b1-4536-4869-ba91-999e142c5c29:192.168.157.221:34031, 57a77f7a-d8c9-4cec-aa3c-e1c9007164ed:192.168.157.221:37354] returns group-B4C6BDE6A3AE:java.util.concurrent.CompletableFuture@57cdf955[Not completed]
2019-11-14 14:46:35,941 [grpc-default-executor-2] INFO  impl.RaftServerProxy (RaftServerProxy.java:addNew(89)) - 57a77f7a-d8c9-4cec-aa3c-e1c9007164ed: addNew group-B4C6BDE6A3AE:[7df5b927-629b-4e54-9168-113c4a7809a2:192.168.157.221:44414, d630e0b1-4536-4869-ba91-999e142c5c29:192.168.157.221:34031, 57a77f7a-d8c9-4cec-aa3c-e1c9007164ed:192.168.157.221:37354] returns group-B4C6BDE6A3AE:java.util.concurrent.CompletableFuture@13a86d8[Not completed]
2019-11-14 14:46:35,946 [pool-173-thread-1] INFO  impl.RaftServerImpl (RaftServerImpl.java:<init>(98)) - d630e0b1-4536-4869-ba91-999e142c5c29: new RaftServerImpl for group-B4C6BDE6A3AE:[7df5b927-629b-4e54-9168-113c4a7809a2:192.168.157.221:44414, d630e0b1-4536-4869-ba91-999e142c5c29:192.168.157.221:34031, 57a77f7a-d8c9-4cec-aa3c-e1c9007164ed:192.168.157.221:37354] with ContainerStateMachine:uninitialized
2019-11-14 14:46:35,946 [pool-173-thread-1] INFO  server.RaftServerConfigKeys (ConfUtils.java:logGet(43)) - raft.server.rpc.timeout.min = 1s (custom)
2019-11-14 14:46:35,947 [pool-173-thread-1] INFO  server.RaftServerConfigKeys (ConfUtils.java:logGet(43)) - raft.server.rpc.timeout.max = 1200ms (custom)
2019-11-14 14:46:35,947 [pool-173-thread-1] INFO  server.RaftServerConfigKeys (ConfUtils.java:logGet(43)) - raft.server.rpcslowness.timeout = 120s (custom)
2019-11-14 14:46:35,947 [pool-173-thread-1] INFO  server.RaftServerConfigKeys (ConfUtils.java:logGet(43)) - raft.server.sleep.deviation.threshold = 300 (default)
2019-11-14 14:46:35,947 [pool-173-thread-1] INFO  server.RaftServerConfigKeys (ConfUtils.java:logGet(43)) - raft.server.log.appender.install.snapshot.enabled = false (custom)
2019-11-14 14:46:35,947 [pool-183-thread-1] INFO  impl.RaftServerImpl (RaftServerImpl.java:<init>(98)) - 7df5b927-629b-4e54-9168-113c4a7809a2: new RaftServerImpl for group-B4C6BDE6A3AE:[7df5b927-629b-4e54-9168-113c4a7809a2:192.168.157.221:44414, d630e0b1-4536-4869-ba91-999e142c5c29:192.168.157.221:34031, 57a77f7a-d8c9-4cec-aa3c-e1c9007164ed:192.168.157.221:37354] with ContainerStateMachine:uninitialized
2019-11-14 14:46:35,947 [pool-173-thread-1] INFO  impl.RaftServerImpl (ServerState.java:<init>(103)) - d630e0b1-4536-4869-ba91-999e142c5c29@group-B4C6BDE6A3AE: ConfigurationManager, init=-1: [7df5b927-629b-4e54-9168-113c4a7809a2:192.168.157.221:44414, d630e0b1-4536-4869-ba91-999e142c5c29:192.168.157.221:34031, 57a77f7a-d8c9-4cec-aa3c-e1c9007164ed:192.168.157.221:37354], old=null, confs=<EMPTY_MAP>
2019-11-14 14:46:35,947 [pool-183-thread-1] INFO  server.RaftServerConfigKeys (ConfUtils.java:logGet(43)) - raft.server.rpc.timeout.min = 1s (custom)
2019-11-14 14:46:35,947 [pool-173-thread-1] INFO  server.RaftServerConfigKeys (ConfUtils.java:logGet(43)) - raft.server.storage.dir = [/workdir/hadoop-ozone/integration-test/target/test-dir/MiniOzoneClusterImpl-fe7ca568-a673-4336-8267-b2734a58a5d6/datanode-2/data/ratis] (custom)
2019-11-14 14:46:35,947 [pool-183-thread-1] INFO  server.RaftServerConfigKeys (ConfUtils.java:logGet(43)) - raft.server.rpc.timeout.max = 1200ms (custom)
2019-11-14 14:46:35,947 [pool-183-thread-1] INFO  server.RaftServerConfigKeys (ConfUtils.java:logGet(43)) - raft.server.rpcslowness.timeout = 120s (custom)
2019-11-14 14:46:35,948 [pool-163-thread-1] INFO  impl.RaftServerImpl (RaftServerImpl.java:<init>(98)) - 57a77f7a-d8c9-4cec-aa3c-e1c9007164ed: new RaftServerImpl for group-B4C6BDE6A3AE:[7df5b927-629b-4e54-9168-113c4a7809a2:192.168.157.221:44414, d630e0b1-4536-4869-ba91-999e142c5c29:192.168.157.221:34031, 57a77f7a-d8c9-4cec-aa3c-e1c9007164ed:192.168.157.221:37354] with ContainerStateMachine:uninitialized
2019-11-14 14:46:35,948 [pool-173-thread-1] INFO  server.RaftServerConfigKeys (ConfUtils.java:logGet(43)) - raft.server.log.corruption.policy = EXCEPTION (default)
2019-11-14 14:46:35,948 [pool-183-thread-1] INFO  server.RaftServerConfigKeys (ConfUtils.java:logGet(43)) - raft.server.sleep.deviation.threshold = 300 (default)
2019-11-14 14:46:35,948 [pool-163-thread-1] INFO  server.RaftServerConfigKeys (ConfUtils.java:logGet(43)) - raft.server.rpc.timeout.min = 1s (custom)
2019-11-14 14:46:35,948 [pool-173-thread-1] INFO  storage.RaftStorageDirectory (RaftStorageDirectory.java:analyzeStorage(246)) - The storage directory /workdir/hadoop-ozone/integration-test/target/test-dir/MiniOzoneClusterImpl-fe7ca568-a673-4336-8267-b2734a58a5d6/datanode-2/data/ratis/3600c835-05c4-4b6b-ba44-b4c6bde6a3ae does not exist. Creating ...
2019-11-14 14:46:35,948 [pool-183-thread-1] INFO  server.RaftServerConfigKeys (ConfUtils.java:logGet(43)) - raft.server.log.appender.install.snapshot.enabled = false (custom)
2019-11-14 14:46:35,948 [pool-163-thread-1] INFO  server.RaftServerConfigKeys (ConfUtils.java:logGet(43)) - raft.server.rpc.timeout.max = 1200ms (custom)
2019-11-14 14:46:35,948 [pool-183-thread-1] INFO  impl.RaftServerImpl (ServerState.java:<init>(103)) - 7df5b927-629b-4e54-9168-113c4a7809a2@group-B4C6BDE6A3AE: ConfigurationManager, init=-1: [7df5b927-629b-4e54-9168-113c4a7809a2:192.168.157.221:44414, d630e0b1-4536-4869-ba91-999e142c5c29:192.168.157.221:34031, 57a77f7a-d8c9-4cec-aa3c-e1c9007164ed:192.168.157.221:37354], old=null, confs=<EMPTY_MAP>
2019-11-14 14:46:35,948 [pool-163-thread-1] INFO  server.RaftServerConfigKeys (ConfUtils.java:logGet(43)) - raft.server.rpcslowness.timeout = 120s (custom)
2019-11-14 14:46:35,948 [pool-183-thread-1] INFO  server.RaftServerConfigKeys (ConfUtils.java:logGet(43)) - raft.server.storage.dir = [/workdir/hadoop-ozone/integration-test/target/test-dir/MiniOzoneClusterImpl-fe7ca568-a673-4336-8267-b2734a58a5d6/datanode-3/data/ratis] (custom)
2019-11-14 14:46:35,948 [pool-163-thread-1] INFO  server.RaftServerConfigKeys (ConfUtils.java:logGet(43)) - raft.server.sleep.deviation.threshold = 300 (default)
2019-11-14 14:46:35,949 [pool-163-thread-1] INFO  server.RaftServerConfigKeys (ConfUtils.java:logGet(43)) - raft.server.log.appender.install.snapshot.enabled = false (custom)
2019-11-14 14:46:35,949 [pool-183-thread-1] INFO  server.RaftServerConfigKeys (ConfUtils.java:logGet(43)) - raft.server.log.corruption.policy = EXCEPTION (default)
2019-11-14 14:46:35,949 [pool-163-thread-1] INFO  impl.RaftServerImpl (ServerState.java:<init>(103)) - 57a77f7a-d8c9-4cec-aa3c-e1c9007164ed@group-B4C6BDE6A3AE: ConfigurationManager, init=-1: [7df5b927-629b-4e54-9168-113c4a7809a2:192.168.157.221:44414, d630e0b1-4536-4869-ba91-999e142c5c29:192.168.157.221:34031, 57a77f7a-d8c9-4cec-aa3c-e1c9007164ed:192.168.157.221:37354], old=null, confs=<EMPTY_MAP>
2019-11-14 14:46:35,949 [pool-183-thread-1] INFO  storage.RaftStorageDirectory (RaftStorageDirectory.java:analyzeStorage(246)) - The storage directory /workdir/hadoop-ozone/integration-test/target/test-dir/MiniOzoneClusterImpl-fe7ca568-a673-4336-8267-b2734a58a5d6/datanode-3/data/ratis/3600c835-05c4-4b6b-ba44-b4c6bde6a3ae does not exist. Creating ...
2019-11-14 14:46:35,949 [pool-163-thread-1] INFO  server.RaftServerConfigKeys (ConfUtils.java:logGet(43)) - raft.server.storage.dir = [/workdir/hadoop-ozone/integration-test/target/test-dir/MiniOzoneClusterImpl-fe7ca568-a673-4336-8267-b2734a58a5d6/datanode-1/data/ratis] (custom)
2019-11-14 14:46:35,949 [pool-163-thread-1] INFO  server.RaftServerConfigKeys (ConfUtils.java:logGet(43)) - raft.server.log.corruption.policy = EXCEPTION (default)
2019-11-14 14:46:35,950 [pool-163-thread-1] INFO  storage.RaftStorageDirectory (RaftStorageDirectory.java:analyzeStorage(246)) - The storage directory /workdir/hadoop-ozone/integration-test/target/test-dir/MiniOzoneClusterImpl-fe7ca568-a673-4336-8267-b2734a58a5d6/datanode-1/data/ratis/3600c835-05c4-4b6b-ba44-b4c6bde6a3ae does not exist. Creating ...
2019-11-14 14:46:35,971 [pool-173-thread-1] INFO  storage.RaftStorageDirectory (RaftStorageDirectory.java:tryLock(328)) - Lock on /workdir/hadoop-ozone/integration-test/target/test-dir/MiniOzoneClusterImpl-fe7ca568-a673-4336-8267-b2734a58a5d6/datanode-2/data/ratis/3600c835-05c4-4b6b-ba44-b4c6bde6a3ae/in_use.lock acquired by nodename 20979@pr-hdds-2408-9n676-254309887
2019-11-14 14:46:35,971 [pool-183-thread-1] INFO  storage.RaftStorageDirectory (RaftStorageDirectory.java:tryLock(328)) - Lock on /workdir/hadoop-ozone/integration-test/target/test-dir/MiniOzoneClusterImpl-fe7ca568-a673-4336-8267-b2734a58a5d6/datanode-3/data/ratis/3600c835-05c4-4b6b-ba44-b4c6bde6a3ae/in_use.lock acquired by nodename 20979@pr-hdds-2408-9n676-254309887
2019-11-14 14:46:35,971 [pool-163-thread-1] INFO  storage.RaftStorageDirectory (RaftStorageDirectory.java:tryLock(328)) - Lock on /workdir/hadoop-ozone/integration-test/target/test-dir/MiniOzoneClusterImpl-fe7ca568-a673-4336-8267-b2734a58a5d6/datanode-1/data/ratis/3600c835-05c4-4b6b-ba44-b4c6bde6a3ae/in_use.lock acquired by nodename 20979@pr-hdds-2408-9n676-254309887
2019-11-14 14:46:35,995 [pool-173-thread-1] INFO  storage.RaftStorage (RaftStorage.java:format(84)) - Storage directory /workdir/hadoop-ozone/integration-test/target/test-dir/MiniOzoneClusterImpl-fe7ca568-a673-4336-8267-b2734a58a5d6/datanode-2/data/ratis/3600c835-05c4-4b6b-ba44-b4c6bde6a3ae has been successfully formatted.
2019-11-14 14:46:35,995 [pool-163-thread-1] INFO  storage.RaftStorage (RaftStorage.java:format(84)) - Storage directory /workdir/hadoop-ozone/integration-test/target/test-dir/MiniOzoneClusterImpl-fe7ca568-a673-4336-8267-b2734a58a5d6/datanode-1/data/ratis/3600c835-05c4-4b6b-ba44-b4c6bde6a3ae has been successfully formatted.
2019-11-14 14:46:35,995 [pool-183-thread-1] INFO  storage.RaftStorage (RaftStorage.java:format(84)) - Storage directory /workdir/hadoop-ozone/integration-test/target/test-dir/MiniOzoneClusterImpl-fe7ca568-a673-4336-8267-b2734a58a5d6/datanode-3/data/ratis/3600c835-05c4-4b6b-ba44-b4c6bde6a3ae has been successfully formatted.
2019-11-14 14:46:35,995 [pool-163-thread-1] INFO  ratis.ContainerStateMachine (ContainerStateMachine.java:loadSnapshot(223)) - group-B4C6BDE6A3AE: The snapshot info is null. Setting the last applied indexto:(t:0, i:~)
2019-11-14 14:46:35,995 [pool-173-thread-1] INFO  ratis.ContainerStateMachine (ContainerStateMachine.java:loadSnapshot(223)) - group-B4C6BDE6A3AE: The snapshot info is null. Setting the last applied indexto:(t:0, i:~)
2019-11-14 14:46:35,996 [pool-183-thread-1] INFO  ratis.ContainerStateMachine (ContainerStateMachine.java:loadSnapshot(223)) - group-B4C6BDE6A3AE: The snapshot info is null. Setting the last applied indexto:(t:0, i:~)
2019-11-14 14:46:35,996 [pool-163-thread-1] INFO  server.RaftServerConfigKeys (ConfUtils.java:logGet(43)) - raft.server.notification.no-leader.timeout = 120s (custom)
2019-11-14 14:46:35,996 [pool-183-thread-1] INFO  server.RaftServerConfigKeys (ConfUtils.java:logGet(43)) - raft.server.notification.no-leader.timeout = 120s (custom)
2019-11-14 14:46:35,996 [pool-173-thread-1] INFO  server.RaftServerConfigKeys (ConfUtils.java:logGet(43)) - raft.server.notification.no-leader.timeout = 120s (custom)
2019-11-14 14:46:35,996 [pool-183-thread-1] INFO  server.RaftServerConfigKeys (ConfUtils.java:logGet(43)) - raft.server.log.use.memory = false (default)
2019-11-14 14:46:35,996 [pool-163-thread-1] INFO  server.RaftServerConfigKeys (ConfUtils.java:logGet(43)) - raft.server.log.use.memory = false (default)
2019-11-14 14:46:35,996 [pool-183-thread-1] INFO  server.RaftServerConfigKeys (ConfUtils.java:logGet(43)) - raft.server.log.purge.gap = 1000000 (custom)
2019-11-14 14:46:35,996 [pool-173-thread-1] INFO  server.RaftServerConfigKeys (ConfUtils.java:logGet(43)) - raft.server.log.use.memory = false (default)
2019-11-14 14:46:35,997 [pool-183-thread-1] INFO  server.RaftServerConfigKeys (ConfUtils.java:logGet(43)) - raft.server.log.appender.buffer.byte-limit = 33554432 (custom)
2019-11-14 14:46:35,996 [pool-163-thread-1] INFO  server.RaftServerConfigKeys (ConfUtils.java:logGet(43)) - raft.server.log.purge.gap = 1000000 (custom)
2019-11-14 14:46:35,997 [pool-183-thread-1] INFO  server.RaftServerConfigKeys (ConfUtils.java:logGet(43)) - raft.server.log.segment.size.max = 1048576 (custom)
2019-11-14 14:46:35,997 [pool-173-thread-1] INFO  server.RaftServerConfigKeys (ConfUtils.java:logGet(43)) - raft.server.log.purge.gap = 1000000 (custom)
2019-11-14 14:46:35,997 [pool-183-thread-1] INFO  server.RaftServerConfigKeys (ConfUtils.java:logGet(43)) - raft.server.log.segment.cache.num.max = 2 (custom)
2019-11-14 14:46:35,997 [pool-163-thread-1] INFO  server.RaftServerConfigKeys (ConfUtils.java:logGet(43)) - raft.server.log.appender.buffer.byte-limit = 33554432 (custom)
2019-11-14 14:46:35,997 [pool-183-thread-1] INFO  segmented.SegmentedRaftLogWorker (SegmentedRaftLogWorker.java:<init>(173)) - new 7df5b927-629b-4e54-9168-113c4a7809a2@group-B4C6BDE6A3AE-SegmentedRaftLogWorker for RaftStorage:Storage Directory /workdir/hadoop-ozone/integration-test/target/test-dir/MiniOzoneClusterImpl-fe7ca568-a673-4336-8267-b2734a58a5d6/datanode-3/data/ratis/3600c835-05c4-4b6b-ba44-b4c6bde6a3ae
2019-11-14 14:46:35,997 [pool-173-thread-1] INFO  server.RaftServerConfigKeys (ConfUtils.java:logGet(43)) - raft.server.log.appender.buffer.byte-limit = 33554432 (custom)
2019-11-14 14:46:35,997 [pool-183-thread-1] INFO  server.RaftServerConfigKeys (ConfUtils.java:logGet(43)) - raft.server.log.queue.byte-limit = 2147483647 (custom)
2019-11-14 14:46:35,997 [pool-163-thread-1] INFO  server.RaftServerConfigKeys (ConfUtils.java:logGet(43)) - raft.server.log.segment.size.max = 1048576 (custom)
2019-11-14 14:46:35,998 [pool-183-thread-1] INFO  server.RaftServerConfigKeys (ConfUtils.java:logGet(43)) - raft.server.log.queue.element-limit = 1024 (custom)
2019-11-14 14:46:35,998 [pool-173-thread-1] INFO  server.RaftServerConfigKeys (ConfUtils.java:logGet(43)) - raft.server.log.segment.size.max = 1048576 (custom)
2019-11-14 14:46:35,998 [pool-183-thread-1] INFO  server.RaftServerConfigKeys (ConfUtils.java:logGet(43)) - raft.server.log.segment.size.max = 1048576 (custom)
2019-11-14 14:46:35,998 [pool-163-thread-1] INFO  server.RaftServerConfigKeys (ConfUtils.java:logGet(43)) - raft.server.log.segment.cache.num.max = 2 (custom)
2019-11-14 14:46:35,998 [pool-183-thread-1] INFO  server.RaftServerConfigKeys (ConfUtils.java:logGet(43)) - raft.server.log.preallocated.size = 16384 (custom)
2019-11-14 14:46:35,998 [pool-173-thread-1] INFO  server.RaftServerConfigKeys (ConfUtils.java:logGet(43)) - raft.server.log.segment.cache.num.max = 2 (custom)
2019-11-14 14:46:35,998 [pool-183-thread-1] INFO  server.RaftServerConfigKeys (ConfUtils.java:logGet(43)) - raft.server.log.write.buffer.size = 33554432 (custom)
2019-11-14 14:46:35,998 [pool-163-thread-1] INFO  segmented.SegmentedRaftLogWorker (SegmentedRaftLogWorker.java:<init>(173)) - new 57a77f7a-d8c9-4cec-aa3c-e1c9007164ed@group-B4C6BDE6A3AE-SegmentedRaftLogWorker for RaftStorage:Storage Directory /workdir/hadoop-ozone/integration-test/target/test-dir/MiniOzoneClusterImpl-fe7ca568-a673-4336-8267-b2734a58a5d6/datanode-1/data/ratis/3600c835-05c4-4b6b-ba44-b4c6bde6a3ae
2019-11-14 14:46:35,999 [pool-183-thread-1] INFO  server.RaftServerConfigKeys (ConfUtils.java:logGet(43)) - raft.server.log.force.sync.num = 128 (default)
2019-11-14 14:46:35,999 [pool-173-thread-1] INFO  segmented.SegmentedRaftLogWorker (SegmentedRaftLogWorker.java:<init>(173)) - new d630e0b1-4536-4869-ba91-999e142c5c29@group-B4C6BDE6A3AE-SegmentedRaftLogWorker for RaftStorage:Storage Directory /workdir/hadoop-ozone/integration-test/target/test-dir/MiniOzoneClusterImpl-fe7ca568-a673-4336-8267-b2734a58a5d6/datanode-2/data/ratis/3600c835-05c4-4b6b-ba44-b4c6bde6a3ae
2019-11-14 14:46:35,999 [pool-183-thread-1] INFO  server.RaftServerConfigKeys (ConfUtils.java:logGet(43)) - raft.server.log.statemachine.data.sync = true (default)
2019-11-14 14:46:35,999 [pool-163-thread-1] INFO  server.RaftServerConfigKeys (ConfUtils.java:logGet(43)) - raft.server.log.queue.byte-limit = 2147483647 (custom)
2019-11-14 14:46:35,999 [pool-183-thread-1] INFO  server.RaftServerConfigKeys (ConfUtils.java:logGet(43)) - raft.server.log.statemachine.data.sync.timeout = 10s (default)
2019-11-14 14:46:35,999 [pool-173-thread-1] INFO  server.RaftServerConfigKeys (ConfUtils.java:logGet(43)) - raft.server.log.queue.byte-limit = 2147483647 (custom)
2019-11-14 14:46:35,999 [pool-183-thread-1] INFO  server.RaftServerConfigKeys (ConfUtils.java:logGet(43)) - raft.server.log.statemachine.data.sync.timeout.retry = -1 (default)
2019-11-14 14:46:35,999 [pool-163-thread-1] INFO  server.RaftServerConfigKeys (ConfUtils.java:logGet(43)) - raft.server.log.queue.element-limit = 1024 (custom)
2019-11-14 14:46:36,000 [pool-183-thread-1] INFO  server.RaftServerConfigKeys (ConfUtils.java:logGet(43)) - raft.server.log.statemachine.data.caching.enabled = true (custom)
2019-11-14 14:46:35,999 [pool-173-thread-1] INFO  server.RaftServerConfigKeys (ConfUtils.java:logGet(43)) - raft.server.log.queue.element-limit = 1024 (custom)
2019-11-14 14:46:36,000 [pool-163-thread-1] INFO  server.RaftServerConfigKeys (ConfUtils.java:logGet(43)) - raft.server.log.segment.size.max = 1048576 (custom)
2019-11-14 14:46:36,000 [pool-173-thread-1] INFO  server.RaftServerConfigKeys (ConfUtils.java:logGet(43)) - raft.server.log.segment.size.max = 1048576 (custom)
2019-11-14 14:46:36,000 [pool-183-thread-1] INFO  segmented.SegmentedRaftLogWorker (SegmentedRaftLogWorker.java:lambda$new$0(128)) - 7df5b927-629b-4e54-9168-113c4a7809a2@group-B4C6BDE6A3AE-SegmentedRaftLogWorker: flushIndex: setUnconditionally 0 -> -1
2019-11-14 14:46:36,000 [pool-173-thread-1] INFO  server.RaftServerConfigKeys (ConfUtils.java:logGet(43)) - raft.server.log.preallocated.size = 16384 (custom)
2019-11-14 14:46:36,001 [pool-173-thread-1] INFO  server.RaftServerConfigKeys (ConfUtils.java:logGet(43)) - raft.server.log.write.buffer.size = 33554432 (custom)
2019-11-14 14:46:36,000 [pool-163-thread-1] INFO  server.RaftServerConfigKeys (ConfUtils.java:logGet(43)) - raft.server.log.preallocated.size = 16384 (custom)
2019-11-14 14:46:36,001 [pool-173-thread-1] INFO  server.RaftServerConfigKeys (ConfUtils.java:logGet(43)) - raft.server.log.force.sync.num = 128 (default)
2019-11-14 14:46:36,001 [pool-183-thread-1] INFO  server.RaftServerConfigKeys (ConfUtils.java:logGet(43)) - raft.server.snapshot.auto.trigger.enabled = true (custom)
2019-11-14 14:46:36,001 [pool-173-thread-1] INFO  server.RaftServerConfigKeys (ConfUtils.java:logGet(43)) - raft.server.log.statemachine.data.sync = true (default)
2019-11-14 14:46:36,001 [pool-163-thread-1] INFO  server.RaftServerConfigKeys (ConfUtils.java:logGet(43)) - raft.server.log.write.buffer.size = 33554432 (custom)
2019-11-14 14:46:36,001 [pool-173-thread-1] INFO  server.RaftServerConfigKeys (ConfUtils.java:logGet(43)) - raft.server.log.statemachine.data.sync.timeout = 10s (default)
2019-11-14 14:46:36,002 [pool-173-thread-1] INFO  server.RaftServerConfigKeys (ConfUtils.java:logGet(43)) - raft.server.log.statemachine.data.sync.timeout.retry = -1 (default)
2019-11-14 14:46:36,001 [pool-183-thread-1] INFO  server.RaftServerConfigKeys (ConfUtils.java:logGet(43)) - raft.server.snapshot.auto.trigger.threshold = 10000 (custom)
2019-11-14 14:46:36,002 [pool-173-thread-1] INFO  server.RaftServerConfigKeys (ConfUtils.java:logGet(43)) - raft.server.log.statemachine.data.caching.enabled = true (custom)
2019-11-14 14:46:36,001 [pool-163-thread-1] INFO  server.RaftServerConfigKeys (ConfUtils.java:logGet(43)) - raft.server.log.force.sync.num = 128 (default)
2019-11-14 14:46:36,002 [pool-173-thread-1] INFO  segmented.SegmentedRaftLogWorker (SegmentedRaftLogWorker.java:lambda$new$0(128)) - d630e0b1-4536-4869-ba91-999e142c5c29@group-B4C6BDE6A3AE-SegmentedRaftLogWorker: flushIndex: setUnconditionally 0 -> -1
2019-11-14 14:46:36,002 [pool-183-thread-1] INFO  server.RaftServerConfigKeys (ConfUtils.java:logGet(43)) - raft.server.snapshot.retention.file.num = 5 (custom)
2019-11-14 14:46:36,002 [pool-163-thread-1] INFO  server.RaftServerConfigKeys (ConfUtils.java:logGet(43)) - raft.server.log.statemachine.data.sync = true (default)
2019-11-14 14:46:36,002 [pool-183-thread-1] INFO  server.RaftServerConfigKeys (ConfUtils.java:logGet(43)) - raft.server.retrycache.expirytime = 600000ms (custom)
2019-11-14 14:46:36,002 [pool-173-thread-1] INFO  server.RaftServerConfigKeys (ConfUtils.java:logGet(43)) - raft.server.snapshot.auto.trigger.enabled = true (custom)
2019-11-14 14:46:36,003 [pool-183-thread-1] WARN  impl.MetricRegistriesImpl (MetricRegistriesImpl.java:lambda$create$1(61)) - First MetricRegistry has been created without registering reporters. You may need to call MetricRegistries.global().addReportRegistration(...) before.
2019-11-14 14:46:36,002 [pool-163-thread-1] INFO  server.RaftServerConfigKeys (ConfUtils.java:logGet(43)) - raft.server.log.statemachine.data.sync.timeout = 10s (default)
2019-11-14 14:46:36,003 [pool-183-thread-1] WARN  impl.MetricRegistriesImpl (MetricRegistriesImpl.java:lambda$create$1(61)) - First MetricRegistry has been created without registering reporters. You may need to call MetricRegistries.global().addReportRegistration(...) before.
2019-11-14 14:46:36,003 [pool-173-thread-1] INFO  server.RaftServerConfigKeys (ConfUtils.java:logGet(43)) - raft.server.snapshot.auto.trigger.threshold = 10000 (custom)
2019-11-14 14:46:36,003 [pool-163-thread-1] INFO  server.RaftServerConfigKeys (ConfUtils.java:logGet(43)) - raft.server.log.statemachine.data.sync.timeout.retry = -1 (default)
2019-11-14 14:46:36,003 [pool-173-thread-1] INFO  server.RaftServerConfigKeys (ConfUtils.java:logGet(43)) - raft.server.snapshot.retention.file.num = 5 (custom)
2019-11-14 14:46:36,003 [pool-183-thread-1] INFO  impl.RaftServerImpl (RaftServerImpl.java:start(184)) - 7df5b927-629b-4e54-9168-113c4a7809a2@group-B4C6BDE6A3AE: start as a follower, conf=-1: [7df5b927-629b-4e54-9168-113c4a7809a2:192.168.157.221:44414, d630e0b1-4536-4869-ba91-999e142c5c29:192.168.157.221:34031, 57a77f7a-d8c9-4cec-aa3c-e1c9007164ed:192.168.157.221:37354], old=null
2019-11-14 14:46:36,003 [pool-173-thread-1] INFO  server.RaftServerConfigKeys (ConfUtils.java:logGet(43)) - raft.server.retrycache.expirytime = 600000ms (custom)
2019-11-14 14:46:36,003 [pool-163-thread-1] INFO  server.RaftServerConfigKeys (ConfUtils.java:logGet(43)) - raft.server.log.statemachine.data.caching.enabled = true (custom)
2019-11-14 14:46:36,004 [pool-173-thread-1] WARN  impl.MetricRegistriesImpl (MetricRegistriesImpl.java:lambda$create$1(61)) - First MetricRegistry has been created without registering reporters. You may need to call MetricRegistries.global().addReportRegistration(...) before.
2019-11-14 14:46:36,004 [pool-183-thread-1] INFO  impl.RaftServerImpl (RaftServerImpl.java:setRole(173)) - 7df5b927-629b-4e54-9168-113c4a7809a2@group-B4C6BDE6A3AE: changes role from      null to FOLLOWER at term 0 for startAsFollower
2019-11-14 14:46:36,004 [pool-163-thread-1] INFO  segmented.SegmentedRaftLogWorker (SegmentedRaftLogWorker.java:lambda$new$0(128)) - 57a77f7a-d8c9-4cec-aa3c-e1c9007164ed@group-B4C6BDE6A3AE-SegmentedRaftLogWorker: flushIndex: setUnconditionally 0 -> -1
2019-11-14 14:46:36,004 [pool-173-thread-1] WARN  impl.MetricRegistriesImpl (MetricRegistriesImpl.java:lambda$create$1(61)) - First MetricRegistry has been created without registering reporters. You may need to call MetricRegistries.global().addReportRegistration(...) before.
2019-11-14 14:46:36,004 [pool-183-thread-1] INFO  impl.RoleInfo (RoleInfo.java:updateAndGet(143)) - 7df5b927-629b-4e54-9168-113c4a7809a2: start FollowerState
2019-11-14 14:46:36,004 [pool-173-thread-1] INFO  impl.RaftServerImpl (RaftServerImpl.java:start(184)) - d630e0b1-4536-4869-ba91-999e142c5c29@group-B4C6BDE6A3AE: start as a follower, conf=-1: [7df5b927-629b-4e54-9168-113c4a7809a2:192.168.157.221:44414, d630e0b1-4536-4869-ba91-999e142c5c29:192.168.157.221:34031, 57a77f7a-d8c9-4cec-aa3c-e1c9007164ed:192.168.157.221:37354], old=null
2019-11-14 14:46:36,004 [pool-163-thread-1] INFO  server.RaftServerConfigKeys (ConfUtils.java:logGet(43)) - raft.server.snapshot.auto.trigger.enabled = true (custom)
2019-11-14 14:46:36,005 [pool-173-thread-1] INFO  impl.RaftServerImpl (RaftServerImpl.java:setRole(173)) - d630e0b1-4536-4869-ba91-999e142c5c29@group-B4C6BDE6A3AE: changes role from      null to FOLLOWER at term 0 for startAsFollower
2019-11-14 14:46:36,005 [pool-163-thread-1] INFO  server.RaftServerConfigKeys (ConfUtils.java:logGet(43)) - raft.server.snapshot.auto.trigger.threshold = 10000 (custom)
2019-11-14 14:46:36,005 [pool-173-thread-1] INFO  impl.RoleInfo (RoleInfo.java:updateAndGet(143)) - d630e0b1-4536-4869-ba91-999e142c5c29: start FollowerState
2019-11-14 14:46:36,005 [pool-183-thread-1] INFO  util.JmxRegister (JmxRegister.java:tryRegister(44)) - Successfully registered JMX Bean with object name Ratis:service=RaftServer,group=group-B4C6BDE6A3AE,id=7df5b927-629b-4e54-9168-113c4a7809a2
2019-11-14 14:46:36,005 [pool-163-thread-1] INFO  server.RaftServerConfigKeys (ConfUtils.java:logGet(43)) - raft.server.snapshot.retention.file.num = 5 (custom)
2019-11-14 14:46:36,005 [pool-183-thread-1] WARN  impl.MetricRegistriesImpl (MetricRegistriesImpl.java:lambda$create$1(61)) - First MetricRegistry has been created without registering reporters. You may need to call MetricRegistries.global().addReportRegistration(...) before.
2019-11-14 14:46:36,005 [pool-163-thread-1] INFO  server.RaftServerConfigKeys (ConfUtils.java:logGet(43)) - raft.server.retrycache.expirytime = 600000ms (custom)
2019-11-14 14:46:36,005 [pool-173-thread-1] INFO  util.JmxRegister (JmxRegister.java:tryRegister(44)) - Successfully registered JMX Bean with object name Ratis:service=RaftServer,group=group-B4C6BDE6A3AE,id=d630e0b1-4536-4869-ba91-999e142c5c29
2019-11-14 14:46:36,005 [pool-163-thread-1] WARN  impl.MetricRegistriesImpl (MetricRegistriesImpl.java:lambda$create$1(61)) - First MetricRegistry has been created without registering reporters. You may need to call MetricRegistries.global().addReportRegistration(...) before.
2019-11-14 14:46:36,006 [pool-173-thread-1] WARN  impl.MetricRegistriesImpl (MetricRegistriesImpl.java:lambda$create$1(61)) - First MetricRegistry has been created without registering reporters. You may need to call MetricRegistries.global().addReportRegistration(...) before.
2019-11-14 14:46:36,006 [pool-163-thread-1] WARN  impl.MetricRegistriesImpl (MetricRegistriesImpl.java:lambda$create$1(61)) - First MetricRegistry has been created without registering reporters. You may need to call MetricRegistries.global().addReportRegistration(...) before.
2019-11-14 14:46:36,006 [pool-163-thread-1] INFO  impl.RaftServerImpl (RaftServerImpl.java:start(184)) - 57a77f7a-d8c9-4cec-aa3c-e1c9007164ed@group-B4C6BDE6A3AE: start as a follower, conf=-1: [7df5b927-629b-4e54-9168-113c4a7809a2:192.168.157.221:44414, d630e0b1-4536-4869-ba91-999e142c5c29:192.168.157.221:34031, 57a77f7a-d8c9-4cec-aa3c-e1c9007164ed:192.168.157.221:37354], old=null
2019-11-14 14:46:36,006 [pool-163-thread-1] INFO  impl.RaftServerImpl (RaftServerImpl.java:setRole(173)) - 57a77f7a-d8c9-4cec-aa3c-e1c9007164ed@group-B4C6BDE6A3AE: changes role from      null to FOLLOWER at term 0 for startAsFollower
2019-11-14 14:46:36,006 [pool-163-thread-1] INFO  impl.RoleInfo (RoleInfo.java:updateAndGet(143)) - 57a77f7a-d8c9-4cec-aa3c-e1c9007164ed: start FollowerState
2019-11-14 14:46:36,007 [pool-163-thread-1] INFO  util.JmxRegister (JmxRegister.java:tryRegister(44)) - Successfully registered JMX Bean with object name Ratis:service=RaftServer,group=group-B4C6BDE6A3AE,id=57a77f7a-d8c9-4cec-aa3c-e1c9007164ed
2019-11-14 14:46:36,007 [pool-163-thread-1] WARN  impl.MetricRegistriesImpl (MetricRegistriesImpl.java:lambda$create$1(61)) - First MetricRegistry has been created without registering reporters. You may need to call MetricRegistries.global().addReportRegistration(...) before.
2019-11-14 14:46:36,009 [RatisPipelineUtilsThread] INFO  pipeline.PipelineStateManager (PipelineStateManager.java:addPipeline(55)) - Created pipeline Pipeline[ Id: 3600c835-05c4-4b6b-ba44-b4c6bde6a3ae, Nodes: 57a77f7a-d8c9-4cec-aa3c-e1c9007164ed{ip: 192.168.157.221, host: pr-hdds-2408-9n676-254309887, networkLocation: /default-rack, certSerialId: null}7df5b927-629b-4e54-9168-113c4a7809a2{ip: 192.168.157.221, host: pr-hdds-2408-9n676-254309887, networkLocation: /default-rack, certSerialId: null}d630e0b1-4536-4869-ba91-999e142c5c29{ip: 192.168.157.221, host: pr-hdds-2408-9n676-254309887, networkLocation: /default-rack, certSerialId: null}, Type:RATIS, Factor:THREE, State:ALLOCATED]
2019-11-14 14:46:36,010 [Thread-1894] INFO  pipeline.PipelineStateManager (PipelineStateManager.java:finalizePipeline(121)) - Pipeline Pipeline[ Id: 945c1790-2a48-49c5-984b-0b85f07cde2a, Nodes: 26facaca-2eaa-4eab-ad66-7bd9fd6334c7{ip: 192.168.157.221, host: pr-hdds-2408-9n676-254309887, networkLocation: /default-rack, certSerialId: null}, Type:RATIS, Factor:ONE, State:CLOSED] moved to CLOSED state
2019-11-14 14:46:36,014 [grpc-default-executor-2] INFO  impl.RaftServerProxy (RaftServerProxy.java:remove(95)) - 26facaca-2eaa-4eab-ad66-7bd9fd6334c7: remove    LEADER 26facaca-2eaa-4eab-ad66-7bd9fd6334c7@group-0B85F07CDE2A:t1, leader=26facaca-2eaa-4eab-ad66-7bd9fd6334c7, voted=26facaca-2eaa-4eab-ad66-7bd9fd6334c7, raftlog=26facaca-2eaa-4eab-ad66-7bd9fd6334c7@group-0B85F07CDE2A-SegmentedRaftLog:OPENED:c0,f0,i0, conf=0: [26facaca-2eaa-4eab-ad66-7bd9fd6334c7:192.168.157.221:41610], old=null RUNNING
2019-11-14 14:46:36,017 [grpc-default-executor-2] INFO  impl.RaftServerImpl (RaftServerImpl.java:lambda$shutdown$3(250)) - 26facaca-2eaa-4eab-ad66-7bd9fd6334c7@group-0B85F07CDE2A: shutdown
2019-11-14 14:46:36,017 [grpc-default-executor-2] INFO  util.JmxRegister (JmxRegister.java:unregister(73)) - Successfully un-registered JMX Bean with object name Ratis:service=RaftServer,group=group-0B85F07CDE2A,id=26facaca-2eaa-4eab-ad66-7bd9fd6334c7
2019-11-14 14:46:36,017 [grpc-default-executor-2] INFO  impl.RoleInfo (RoleInfo.java:shutdownLeaderState(104)) - 26facaca-2eaa-4eab-ad66-7bd9fd6334c7: shutdown LeaderState
2019-11-14 14:46:36,017 [grpc-default-executor-2] INFO  impl.PendingRequests (PendingRequests.java:sendNotLeaderResponses(206)) - 26facaca-2eaa-4eab-ad66-7bd9fd6334c7@group-0B85F07CDE2A-PendingRequests: sendNotLeaderResponses
2019-11-14 14:46:36,017 [grpc-default-executor-2] INFO  impl.StateMachineUpdater (StateMachineUpdater.java:stopAndJoin(136)) - 26facaca-2eaa-4eab-ad66-7bd9fd6334c7@group-0B85F07CDE2A-StateMachineUpdater: set stopIndex = 0
2019-11-14 14:46:36,018 [grpc-default-executor-2] INFO  impl.RaftServerImpl (ServerState.java:close(387)) - 26facaca-2eaa-4eab-ad66-7bd9fd6334c7@group-0B85F07CDE2A: closes. applyIndex: 0
2019-11-14 14:46:36,018 [26facaca-2eaa-4eab-ad66-7bd9fd6334c7@group-0B85F07CDE2A-SegmentedRaftLogWorker] INFO  segmented.SegmentedRaftLogWorker (SegmentedRaftLogWorker.java:run(316)) - 26facaca-2eaa-4eab-ad66-7bd9fd6334c7@group-0B85F07CDE2A-SegmentedRaftLogWorker was interrupted, exiting. There are 0 tasks remaining in the queue.
2019-11-14 14:46:36,020 [grpc-default-executor-2] INFO  segmented.SegmentedRaftLogWorker (SegmentedRaftLogWorker.java:close(224)) - 26facaca-2eaa-4eab-ad66-7bd9fd6334c7@group-0B85F07CDE2A-SegmentedRaftLogWorker close()
2019-11-14 14:46:36,025 [Thread-1894] INFO  pipeline.PipelineStateManager (PipelineStateManager.java:removePipeline(106)) - Pipeline Pipeline[ Id: 945c1790-2a48-49c5-984b-0b85f07cde2a, Nodes: 26facaca-2eaa-4eab-ad66-7bd9fd6334c7{ip: 192.168.157.221, host: pr-hdds-2408-9n676-254309887, networkLocation: /default-rack, certSerialId: null}, Type:RATIS, Factor:ONE, State:CLOSED] removed from db
2019-11-14 14:46:36,026 [Thread-1894] INFO  pipeline.SCMPipelineManager (SCMPipelineManager.java:finalizeAndDestroyPipeline(315)) - destroying pipeline:Pipeline[ Id: ebd63582-a574-4c49-9ef8-32c8987298e0, Nodes: 57a77f7a-d8c9-4cec-aa3c-e1c9007164ed{ip: 192.168.157.221, host: pr-hdds-2408-9n676-254309887, networkLocation: /default-rack, certSerialId: null}, Type:RATIS, Factor:ONE, State:OPEN]
2019-11-14 14:46:36,029 [grpc-default-executor-2] INFO  impl.RaftServerProxy (RaftServerProxy.java:addNew(89)) - 26facaca-2eaa-4eab-ad66-7bd9fd6334c7: addNew group-C727FAC6AA45:[26facaca-2eaa-4eab-ad66-7bd9fd6334c7:192.168.157.221:41610] returns group-C727FAC6AA45:java.util.concurrent.CompletableFuture@330e4549[Not completed]
2019-11-14 14:46:36,030 [pool-203-thread-1] INFO  impl.RaftServerImpl (RaftServerImpl.java:<init>(98)) - 26facaca-2eaa-4eab-ad66-7bd9fd6334c7: new RaftServerImpl for group-C727FAC6AA45:[26facaca-2eaa-4eab-ad66-7bd9fd6334c7:192.168.157.221:41610] with ContainerStateMachine:uninitialized
2019-11-14 14:46:36,030 [pool-203-thread-1] INFO  server.RaftServerConfigKeys (ConfUtils.java:logGet(43)) - raft.server.rpc.timeout.min = 1s (custom)
2019-11-14 14:46:36,030 [pool-203-thread-1] INFO  server.RaftServerConfigKeys (ConfUtils.java:logGet(43)) - raft.server.rpc.timeout.max = 1200ms (custom)
2019-11-14 14:46:36,030 [pool-203-thread-1] INFO  server.RaftServerConfigKeys (ConfUtils.java:logGet(43)) - raft.server.rpcslowness.timeout = 120s (custom)
2019-11-14 14:46:36,030 [pool-203-thread-1] INFO  server.RaftServerConfigKeys (ConfUtils.java:logGet(43)) - raft.server.sleep.deviation.threshold = 300 (default)
2019-11-14 14:46:36,031 [pool-203-thread-1] INFO  server.RaftServerConfigKeys (ConfUtils.java:logGet(43)) - raft.server.log.appender.install.snapshot.enabled = false (custom)
2019-11-14 14:46:36,031 [pool-203-thread-1] INFO  impl.RaftServerImpl (ServerState.java:<init>(103)) - 26facaca-2eaa-4eab-ad66-7bd9fd6334c7@group-C727FAC6AA45: ConfigurationManager, init=-1: [26facaca-2eaa-4eab-ad66-7bd9fd6334c7:192.168.157.221:41610], old=null, confs=<EMPTY_MAP>
2019-11-14 14:46:36,031 [pool-203-thread-1] INFO  server.RaftServerConfigKeys (ConfUtils.java:logGet(43)) - raft.server.storage.dir = [/workdir/hadoop-ozone/integration-test/target/test-dir/MiniOzoneClusterImpl-fe7ca568-a673-4336-8267-b2734a58a5d6/datanode-5/data/ratis] (custom)
2019-11-14 14:46:36,031 [pool-203-thread-1] INFO  server.RaftServerConfigKeys (ConfUtils.java:logGet(43)) - raft.server.log.corruption.policy = EXCEPTION (default)
2019-11-14 14:46:36,031 [pool-203-thread-1] INFO  storage.RaftStorageDirectory (RaftStorageDirectory.java:analyzeStorage(246)) - The storage directory /workdir/hadoop-ozone/integration-test/target/test-dir/MiniOzoneClusterImpl-fe7ca568-a673-4336-8267-b2734a58a5d6/datanode-5/data/ratis/df1b023d-9b5e-4e38-b1ac-c727fac6aa45 does not exist. Creating ...
2019-11-14 14:46:36,055 [pool-203-thread-1] INFO  storage.RaftStorageDirectory (RaftStorageDirectory.java:tryLock(328)) - Lock on /workdir/hadoop-ozone/integration-test/target/test-dir/MiniOzoneClusterImpl-fe7ca568-a673-4336-8267-b2734a58a5d6/datanode-5/data/ratis/df1b023d-9b5e-4e38-b1ac-c727fac6aa45/in_use.lock acquired by nodename 20979@pr-hdds-2408-9n676-254309887
2019-11-14 14:46:36,069 [pool-203-thread-1] INFO  storage.RaftStorage (RaftStorage.java:format(84)) - Storage directory /workdir/hadoop-ozone/integration-test/target/test-dir/MiniOzoneClusterImpl-fe7ca568-a673-4336-8267-b2734a58a5d6/datanode-5/data/ratis/df1b023d-9b5e-4e38-b1ac-c727fac6aa45 has been successfully formatted.
2019-11-14 14:46:36,069 [pool-203-thread-1] INFO  ratis.ContainerStateMachine (ContainerStateMachine.java:loadSnapshot(223)) - group-C727FAC6AA45: The snapshot info is null. Setting the last applied indexto:(t:0, i:~)
2019-11-14 14:46:36,069 [pool-203-thread-1] INFO  server.RaftServerConfigKeys (ConfUtils.java:logGet(43)) - raft.server.notification.no-leader.timeout = 120s (custom)
2019-11-14 14:46:36,069 [pool-203-thread-1] INFO  server.RaftServerConfigKeys (ConfUtils.java:logGet(43)) - raft.server.log.use.memory = false (default)
2019-11-14 14:46:36,070 [pool-203-thread-1] INFO  server.RaftServerConfigKeys (ConfUtils.java:logGet(43)) - raft.server.log.purge.gap = 1000000 (custom)
2019-11-14 14:46:36,070 [pool-203-thread-1] INFO  server.RaftServerConfigKeys (ConfUtils.java:logGet(43)) - raft.server.log.appender.buffer.byte-limit = 33554432 (custom)
2019-11-14 14:46:36,070 [pool-203-thread-1] INFO  server.RaftServerConfigKeys (ConfUtils.java:logGet(43)) - raft.server.log.segment.size.max = 1048576 (custom)
2019-11-14 14:46:36,070 [pool-203-thread-1] INFO  server.RaftServerConfigKeys (ConfUtils.java:logGet(43)) - raft.server.log.segment.cache.num.max = 2 (custom)
2019-11-14 14:46:36,070 [pool-203-thread-1] INFO  segmented.SegmentedRaftLogWorker (SegmentedRaftLogWorker.java:<init>(173)) - new 26facaca-2eaa-4eab-ad66-7bd9fd6334c7@group-C727FAC6AA45-SegmentedRaftLogWorker for RaftStorage:Storage Directory /workdir/hadoop-ozone/integration-test/target/test-dir/MiniOzoneClusterImpl-fe7ca568-a673-4336-8267-b2734a58a5d6/datanode-5/data/ratis/df1b023d-9b5e-4e38-b1ac-c727fac6aa45
2019-11-14 14:46:36,070 [pool-203-thread-1] INFO  server.RaftServerConfigKeys (ConfUtils.java:logGet(43)) - raft.server.log.queue.byte-limit = 2147483647 (custom)
2019-11-14 14:46:36,070 [pool-203-thread-1] INFO  server.RaftServerConfigKeys (ConfUtils.java:logGet(43)) - raft.server.log.queue.element-limit = 1024 (custom)
2019-11-14 14:46:36,071 [pool-203-thread-1] INFO  server.RaftServerConfigKeys (ConfUtils.java:logGet(43)) - raft.server.log.segment.size.max = 1048576 (custom)
2019-11-14 14:46:36,071 [pool-203-thread-1] INFO  server.RaftServerConfigKeys (ConfUtils.java:logGet(43)) - raft.server.log.preallocated.size = 16384 (custom)
2019-11-14 14:46:36,071 [pool-203-thread-1] INFO  server.RaftServerConfigKeys (ConfUtils.java:logGet(43)) - raft.server.log.write.buffer.size = 33554432 (custom)
2019-11-14 14:46:36,071 [pool-203-thread-1] INFO  server.RaftServerConfigKeys (ConfUtils.java:logGet(43)) - raft.server.log.force.sync.num = 128 (default)
2019-11-14 14:46:36,071 [pool-203-thread-1] INFO  server.RaftServerConfigKeys (ConfUtils.java:logGet(43)) - raft.server.log.statemachine.data.sync = true (default)
2019-11-14 14:46:36,071 [pool-203-thread-1] INFO  server.RaftServerConfigKeys (ConfUtils.java:logGet(43)) - raft.server.log.statemachine.data.sync.timeout = 10s (default)
2019-11-14 14:46:36,071 [pool-203-thread-1] INFO  server.RaftServerConfigKeys (ConfUtils.java:logGet(43)) - raft.server.log.statemachine.data.sync.timeout.retry = -1 (default)
2019-11-14 14:46:36,072 [pool-203-thread-1] INFO  server.RaftServerConfigKeys (ConfUtils.java:logGet(43)) - raft.server.log.statemachine.data.caching.enabled = true (custom)
2019-11-14 14:46:36,072 [pool-203-thread-1] INFO  segmented.SegmentedRaftLogWorker (SegmentedRaftLogWorker.java:lambda$new$0(128)) - 26facaca-2eaa-4eab-ad66-7bd9fd6334c7@group-C727FAC6AA45-SegmentedRaftLogWorker: flushIndex: setUnconditionally 0 -> -1
2019-11-14 14:46:36,072 [pool-203-thread-1] INFO  server.RaftServerConfigKeys (ConfUtils.java:logGet(43)) - raft.server.snapshot.auto.trigger.enabled = true (custom)
2019-11-14 14:46:36,072 [pool-203-thread-1] INFO  server.RaftServerConfigKeys (ConfUtils.java:logGet(43)) - raft.server.snapshot.auto.trigger.threshold = 10000 (custom)
2019-11-14 14:46:36,072 [pool-203-thread-1] INFO  server.RaftServerConfigKeys (ConfUtils.java:logGet(43)) - raft.server.snapshot.retention.file.num = 5 (custom)
2019-11-14 14:46:36,073 [pool-203-thread-1] INFO  server.RaftServerConfigKeys (ConfUtils.java:logGet(43)) - raft.server.retrycache.expirytime = 600000ms (custom)
2019-11-14 14:46:36,073 [pool-203-thread-1] WARN  impl.MetricRegistriesImpl (MetricRegistriesImpl.java:lambda$create$1(61)) - First MetricRegistry has been created without registering reporters. You may need to call MetricRegistries.global().addReportRegistration(...) before.
2019-11-14 14:46:36,073 [pool-203-thread-1] WARN  impl.MetricRegistriesImpl (MetricRegistriesImpl.java:lambda$create$1(61)) - First MetricRegistry has been created without registering reporters. You may need to call MetricRegistries.global().addReportRegistration(...) before.
2019-11-14 14:46:36,073 [pool-203-thread-1] INFO  impl.RaftServerImpl (RaftServerImpl.java:start(184)) - 26facaca-2eaa-4eab-ad66-7bd9fd6334c7@group-C727FAC6AA45: start as a follower, conf=-1: [26facaca-2eaa-4eab-ad66-7bd9fd6334c7:192.168.157.221:41610], old=null
2019-11-14 14:46:36,073 [pool-203-thread-1] INFO  impl.RaftServerImpl (RaftServerImpl.java:setRole(173)) - 26facaca-2eaa-4eab-ad66-7bd9fd6334c7@group-C727FAC6AA45: changes role from      null to FOLLOWER at term 0 for startAsFollower
2019-11-14 14:46:36,074 [pool-203-thread-1] INFO  impl.RoleInfo (RoleInfo.java:updateAndGet(143)) - 26facaca-2eaa-4eab-ad66-7bd9fd6334c7: start FollowerState
2019-11-14 14:46:36,074 [pool-203-thread-1] INFO  util.JmxRegister (JmxRegister.java:tryRegister(44)) - Successfully registered JMX Bean with object name Ratis:service=RaftServer,group=group-C727FAC6AA45,id=26facaca-2eaa-4eab-ad66-7bd9fd6334c7
2019-11-14 14:46:36,074 [pool-203-thread-1] WARN  impl.MetricRegistriesImpl (MetricRegistriesImpl.java:lambda$create$1(61)) - First MetricRegistry has been created without registering reporters. You may need to call MetricRegistries.global().addReportRegistration(...) before.
2019-11-14 14:46:36,083 [RatisPipelineUtilsThread] INFO  pipeline.PipelineStateManager (PipelineStateManager.java:addPipeline(55)) - Created pipeline Pipeline[ Id: df1b023d-9b5e-4e38-b1ac-c727fac6aa45, Nodes: 26facaca-2eaa-4eab-ad66-7bd9fd6334c7{ip: 192.168.157.221, host: pr-hdds-2408-9n676-254309887, networkLocation: /default-rack, certSerialId: null}, Type:RATIS, Factor:ONE, State:ALLOCATED]
2019-11-14 14:46:36,086 [Thread-1894] INFO  pipeline.PipelineStateManager (PipelineStateManager.java:finalizePipeline(121)) - Pipeline Pipeline[ Id: ebd63582-a574-4c49-9ef8-32c8987298e0, Nodes: 57a77f7a-d8c9-4cec-aa3c-e1c9007164ed{ip: 192.168.157.221, host: pr-hdds-2408-9n676-254309887, networkLocation: /default-rack, certSerialId: null}, Type:RATIS, Factor:ONE, State:CLOSED] moved to CLOSED state
2019-11-14 14:46:36,090 [grpc-default-executor-2] INFO  impl.RaftServerProxy (RaftServerProxy.java:remove(95)) - 57a77f7a-d8c9-4cec-aa3c-e1c9007164ed: remove    LEADER 57a77f7a-d8c9-4cec-aa3c-e1c9007164ed@group-32C8987298E0:t1, leader=57a77f7a-d8c9-4cec-aa3c-e1c9007164ed, voted=57a77f7a-d8c9-4cec-aa3c-e1c9007164ed, raftlog=57a77f7a-d8c9-4cec-aa3c-e1c9007164ed@group-32C8987298E0-SegmentedRaftLog:OPENED:c0,f0,i0, conf=0: [57a77f7a-d8c9-4cec-aa3c-e1c9007164ed:192.168.157.221:37354], old=null RUNNING
2019-11-14 14:46:36,090 [grpc-default-executor-2] INFO  impl.RaftServerImpl (RaftServerImpl.java:lambda$shutdown$3(250)) - 57a77f7a-d8c9-4cec-aa3c-e1c9007164ed@group-32C8987298E0: shutdown
2019-11-14 14:46:36,090 [grpc-default-executor-2] INFO  util.JmxRegister (JmxRegister.java:unregister(73)) - Successfully un-registered JMX Bean with object name Ratis:service=RaftServer,group=group-32C8987298E0,id=57a77f7a-d8c9-4cec-aa3c-e1c9007164ed
2019-11-14 14:46:36,090 [grpc-default-executor-2] INFO  impl.RoleInfo (RoleInfo.java:shutdownLeaderState(104)) - 57a77f7a-d8c9-4cec-aa3c-e1c9007164ed: shutdown LeaderState
2019-11-14 14:46:36,091 [grpc-default-executor-2] INFO  impl.PendingRequests (PendingRequests.java:sendNotLeaderResponses(206)) - 57a77f7a-d8c9-4cec-aa3c-e1c9007164ed@group-32C8987298E0-PendingRequests: sendNotLeaderResponses
2019-11-14 14:46:36,091 [grpc-default-executor-2] INFO  impl.StateMachineUpdater (StateMachineUpdater.java:stopAndJoin(136)) - 57a77f7a-d8c9-4cec-aa3c-e1c9007164ed@group-32C8987298E0-StateMachineUpdater: set stopIndex = 0
2019-11-14 14:46:36,091 [grpc-default-executor-2] INFO  impl.RaftServerImpl (ServerState.java:close(387)) - 57a77f7a-d8c9-4cec-aa3c-e1c9007164ed@group-32C8987298E0: closes. applyIndex: 0
2019-11-14 14:46:36,092 [57a77f7a-d8c9-4cec-aa3c-e1c9007164ed@group-32C8987298E0-SegmentedRaftLogWorker] INFO  segmented.SegmentedRaftLogWorker (SegmentedRaftLogWorker.java:run(316)) - 57a77f7a-d8c9-4cec-aa3c-e1c9007164ed@group-32C8987298E0-SegmentedRaftLogWorker was interrupted, exiting. There are 0 tasks remaining in the queue.
2019-11-14 14:46:36,094 [grpc-default-executor-2] INFO  segmented.SegmentedRaftLogWorker (SegmentedRaftLogWorker.java:close(224)) - 57a77f7a-d8c9-4cec-aa3c-e1c9007164ed@group-32C8987298E0-SegmentedRaftLogWorker close()
2019-11-14 14:46:36,099 [Thread-1894] INFO  pipeline.PipelineStateManager (PipelineStateManager.java:removePipeline(106)) - Pipeline Pipeline[ Id: ebd63582-a574-4c49-9ef8-32c8987298e0, Nodes: 57a77f7a-d8c9-4cec-aa3c-e1c9007164ed{ip: 192.168.157.221, host: pr-hdds-2408-9n676-254309887, networkLocation: /default-rack, certSerialId: null}, Type:RATIS, Factor:ONE, State:CLOSED] removed from db
2019-11-14 14:46:36,099 [Thread-1894] INFO  pipeline.SCMPipelineManager (SCMPipelineManager.java:finalizeAndDestroyPipeline(315)) - destroying pipeline:Pipeline[ Id: dfc90025-8648-4d9f-b65b-7e67a150dc6a, Nodes: d630e0b1-4536-4869-ba91-999e142c5c29{ip: 192.168.157.221, host: pr-hdds-2408-9n676-254309887, networkLocation: /default-rack, certSerialId: null}, Type:RATIS, Factor:ONE, State:OPEN]
2019-11-14 14:46:36,103 [grpc-default-executor-2] INFO  impl.RaftServerProxy (RaftServerProxy.java:addNew(89)) - 57a77f7a-d8c9-4cec-aa3c-e1c9007164ed: addNew group-2BD930EE7B71:[57a77f7a-d8c9-4cec-aa3c-e1c9007164ed:192.168.157.221:37354] returns group-2BD930EE7B71:java.util.concurrent.CompletableFuture@89ca0be[Not completed]
2019-11-14 14:46:36,104 [pool-163-thread-1] INFO  impl.RaftServerImpl (RaftServerImpl.java:<init>(98)) - 57a77f7a-d8c9-4cec-aa3c-e1c9007164ed: new RaftServerImpl for group-2BD930EE7B71:[57a77f7a-d8c9-4cec-aa3c-e1c9007164ed:192.168.157.221:37354] with ContainerStateMachine:uninitialized
2019-11-14 14:46:36,105 [pool-163-thread-1] INFO  server.RaftServerConfigKeys (ConfUtils.java:logGet(43)) - raft.server.rpc.timeout.min = 1s (custom)
2019-11-14 14:46:36,105 [pool-163-thread-1] INFO  server.RaftServerConfigKeys (ConfUtils.java:logGet(43)) - raft.server.rpc.timeout.max = 1200ms (custom)
2019-11-14 14:46:36,105 [pool-163-thread-1] INFO  server.RaftServerConfigKeys (ConfUtils.java:logGet(43)) - raft.server.rpcslowness.timeout = 120s (custom)
2019-11-14 14:46:36,105 [pool-163-thread-1] INFO  server.RaftServerConfigKeys (ConfUtils.java:logGet(43)) - raft.server.sleep.deviation.threshold = 300 (default)
2019-11-14 14:46:36,105 [pool-163-thread-1] INFO  server.RaftServerConfigKeys (ConfUtils.java:logGet(43)) - raft.server.log.appender.install.snapshot.enabled = false (custom)
2019-11-14 14:46:36,105 [pool-163-thread-1] INFO  impl.RaftServerImpl (ServerState.java:<init>(103)) - 57a77f7a-d8c9-4cec-aa3c-e1c9007164ed@group-2BD930EE7B71: ConfigurationManager, init=-1: [57a77f7a-d8c9-4cec-aa3c-e1c9007164ed:192.168.157.221:37354], old=null, confs=<EMPTY_MAP>
2019-11-14 14:46:36,105 [pool-163-thread-1] INFO  server.RaftServerConfigKeys (ConfUtils.java:logGet(43)) - raft.server.storage.dir = [/workdir/hadoop-ozone/integration-test/target/test-dir/MiniOzoneClusterImpl-fe7ca568-a673-4336-8267-b2734a58a5d6/datanode-1/data/ratis] (custom)
2019-11-14 14:46:36,106 [pool-163-thread-1] INFO  server.RaftServerConfigKeys (ConfUtils.java:logGet(43)) - raft.server.log.corruption.policy = EXCEPTION (default)
2019-11-14 14:46:36,106 [pool-163-thread-1] INFO  storage.RaftStorageDirectory (RaftStorageDirectory.java:analyzeStorage(246)) - The storage directory /workdir/hadoop-ozone/integration-test/target/test-dir/MiniOzoneClusterImpl-fe7ca568-a673-4336-8267-b2734a58a5d6/datanode-1/data/ratis/b74d4172-18ed-4c30-bbab-2bd930ee7b71 does not exist. Creating ...
2019-11-14 14:46:36,129 [pool-163-thread-1] INFO  storage.RaftStorageDirectory (RaftStorageDirectory.java:tryLock(328)) - Lock on /workdir/hadoop-ozone/integration-test/target/test-dir/MiniOzoneClusterImpl-fe7ca568-a673-4336-8267-b2734a58a5d6/datanode-1/data/ratis/b74d4172-18ed-4c30-bbab-2bd930ee7b71/in_use.lock acquired by nodename 20979@pr-hdds-2408-9n676-254309887
2019-11-14 14:46:36,164 [pool-163-thread-1] INFO  storage.RaftStorage (RaftStorage.java:format(84)) - Storage directory /workdir/hadoop-ozone/integration-test/target/test-dir/MiniOzoneClusterImpl-fe7ca568-a673-4336-8267-b2734a58a5d6/datanode-1/data/ratis/b74d4172-18ed-4c30-bbab-2bd930ee7b71 has been successfully formatted.
2019-11-14 14:46:36,164 [pool-163-thread-1] INFO  ratis.ContainerStateMachine (ContainerStateMachine.java:loadSnapshot(223)) - group-2BD930EE7B71: The snapshot info is null. Setting the last applied indexto:(t:0, i:~)
2019-11-14 14:46:36,164 [pool-163-thread-1] INFO  server.RaftServerConfigKeys (ConfUtils.java:logGet(43)) - raft.server.notification.no-leader.timeout = 120s (custom)
2019-11-14 14:46:36,164 [pool-163-thread-1] INFO  server.RaftServerConfigKeys (ConfUtils.java:logGet(43)) - raft.server.log.use.memory = false (default)
2019-11-14 14:46:36,164 [pool-163-thread-1] INFO  server.RaftServerConfigKeys (ConfUtils.java:logGet(43)) - raft.server.log.purge.gap = 1000000 (custom)
2019-11-14 14:46:36,165 [pool-163-thread-1] INFO  server.RaftServerConfigKeys (ConfUtils.java:logGet(43)) - raft.server.log.appender.buffer.byte-limit = 33554432 (custom)
2019-11-14 14:46:36,165 [pool-163-thread-1] INFO  server.RaftServerConfigKeys (ConfUtils.java:logGet(43)) - raft.server.log.segment.size.max = 1048576 (custom)
2019-11-14 14:46:36,165 [pool-163-thread-1] INFO  server.RaftServerConfigKeys (ConfUtils.java:logGet(43)) - raft.server.log.segment.cache.num.max = 2 (custom)
2019-11-14 14:46:36,165 [pool-163-thread-1] INFO  segmented.SegmentedRaftLogWorker (SegmentedRaftLogWorker.java:<init>(173)) - new 57a77f7a-d8c9-4cec-aa3c-e1c9007164ed@group-2BD930EE7B71-SegmentedRaftLogWorker for RaftStorage:Storage Directory /workdir/hadoop-ozone/integration-test/target/test-dir/MiniOzoneClusterImpl-fe7ca568-a673-4336-8267-b2734a58a5d6/datanode-1/data/ratis/b74d4172-18ed-4c30-bbab-2bd930ee7b71
2019-11-14 14:46:36,165 [pool-163-thread-1] INFO  server.RaftServerConfigKeys (ConfUtils.java:logGet(43)) - raft.server.log.queue.byte-limit = 2147483647 (custom)
2019-11-14 14:46:36,165 [pool-163-thread-1] INFO  server.RaftServerConfigKeys (ConfUtils.java:logGet(43)) - raft.server.log.queue.element-limit = 1024 (custom)
2019-11-14 14:46:36,165 [pool-163-thread-1] INFO  server.RaftServerConfigKeys (ConfUtils.java:logGet(43)) - raft.server.log.segment.size.max = 1048576 (custom)
2019-11-14 14:46:36,166 [pool-163-thread-1] INFO  server.RaftServerConfigKeys (ConfUtils.java:logGet(43)) - raft.server.log.preallocated.size = 16384 (custom)
2019-11-14 14:46:36,166 [pool-163-thread-1] INFO  server.RaftServerConfigKeys (ConfUtils.java:logGet(43)) - raft.server.log.write.buffer.size = 33554432 (custom)
2019-11-14 14:46:36,166 [pool-163-thread-1] INFO  server.RaftServerConfigKeys (ConfUtils.java:logGet(43)) - raft.server.log.force.sync.num = 128 (default)
2019-11-14 14:46:36,166 [pool-163-thread-1] INFO  server.RaftServerConfigKeys (ConfUtils.java:logGet(43)) - raft.server.log.statemachine.data.sync = true (default)
2019-11-14 14:46:36,166 [pool-163-thread-1] INFO  server.RaftServerConfigKeys (ConfUtils.java:logGet(43)) - raft.server.log.statemachine.data.sync.timeout = 10s (default)
2019-11-14 14:46:36,166 [pool-163-thread-1] INFO  server.RaftServerConfigKeys (ConfUtils.java:logGet(43)) - raft.server.log.statemachine.data.sync.timeout.retry = -1 (default)
2019-11-14 14:46:36,166 [pool-163-thread-1] INFO  server.RaftServerConfigKeys (ConfUtils.java:logGet(43)) - raft.server.log.statemachine.data.caching.enabled = true (custom)
2019-11-14 14:46:36,167 [pool-163-thread-1] INFO  segmented.SegmentedRaftLogWorker (SegmentedRaftLogWorker.java:lambda$new$0(128)) - 57a77f7a-d8c9-4cec-aa3c-e1c9007164ed@group-2BD930EE7B71-SegmentedRaftLogWorker: flushIndex: setUnconditionally 0 -> -1
2019-11-14 14:46:36,167 [pool-163-thread-1] INFO  server.RaftServerConfigKeys (ConfUtils.java:logGet(43)) - raft.server.snapshot.auto.trigger.enabled = true (custom)
2019-11-14 14:46:36,167 [pool-163-thread-1] INFO  server.RaftServerConfigKeys (ConfUtils.java:logGet(43)) - raft.server.snapshot.auto.trigger.threshold = 10000 (custom)
2019-11-14 14:46:36,167 [pool-163-thread-1] INFO  server.RaftServerConfigKeys (ConfUtils.java:logGet(43)) - raft.server.snapshot.retention.file.num = 5 (custom)
2019-11-14 14:46:36,167 [pool-163-thread-1] INFO  server.RaftServerConfigKeys (ConfUtils.java:logGet(43)) - raft.server.retrycache.expirytime = 600000ms (custom)
2019-11-14 14:46:36,168 [pool-163-thread-1] WARN  impl.MetricRegistriesImpl (MetricRegistriesImpl.java:lambda$create$1(61)) - First MetricRegistry has been created without registering reporters. You may need to call MetricRegistries.global().addReportRegistration(...) before.
2019-11-14 14:46:36,168 [pool-163-thread-1] WARN  impl.MetricRegistriesImpl (MetricRegistriesImpl.java:lambda$create$1(61)) - First MetricRegistry has been created without registering reporters. You may need to call MetricRegistries.global().addReportRegistration(...) before.
2019-11-14 14:46:36,168 [pool-163-thread-1] INFO  impl.RaftServerImpl (RaftServerImpl.java:start(184)) - 57a77f7a-d8c9-4cec-aa3c-e1c9007164ed@group-2BD930EE7B71: start as a follower, conf=-1: [57a77f7a-d8c9-4cec-aa3c-e1c9007164ed:192.168.157.221:37354], old=null
2019-11-14 14:46:36,168 [pool-163-thread-1] INFO  impl.RaftServerImpl (RaftServerImpl.java:setRole(173)) - 57a77f7a-d8c9-4cec-aa3c-e1c9007164ed@group-2BD930EE7B71: changes role from      null to FOLLOWER at term 0 for startAsFollower
2019-11-14 14:46:36,168 [pool-163-thread-1] INFO  impl.RoleInfo (RoleInfo.java:updateAndGet(143)) - 57a77f7a-d8c9-4cec-aa3c-e1c9007164ed: start FollowerState
2019-11-14 14:46:36,169 [pool-163-thread-1] INFO  util.JmxRegister (JmxRegister.java:tryRegister(44)) - Successfully registered JMX Bean with object name Ratis:service=RaftServer,group=group-2BD930EE7B71,id=57a77f7a-d8c9-4cec-aa3c-e1c9007164ed
2019-11-14 14:46:36,169 [pool-163-thread-1] WARN  impl.MetricRegistriesImpl (MetricRegistriesImpl.java:lambda$create$1(61)) - First MetricRegistry has been created without registering reporters. You may need to call MetricRegistries.global().addReportRegistration(...) before.
2019-11-14 14:46:36,171 [RatisPipelineUtilsThread] INFO  pipeline.PipelineStateManager (PipelineStateManager.java:addPipeline(55)) - Created pipeline Pipeline[ Id: b74d4172-18ed-4c30-bbab-2bd930ee7b71, Nodes: 57a77f7a-d8c9-4cec-aa3c-e1c9007164ed{ip: 192.168.157.221, host: pr-hdds-2408-9n676-254309887, networkLocation: /default-rack, certSerialId: null}, Type:RATIS, Factor:ONE, State:ALLOCATED]
2019-11-14 14:46:36,172 [Thread-1894] INFO  pipeline.PipelineStateManager (PipelineStateManager.java:finalizePipeline(121)) - Pipeline Pipeline[ Id: dfc90025-8648-4d9f-b65b-7e67a150dc6a, Nodes: d630e0b1-4536-4869-ba91-999e142c5c29{ip: 192.168.157.221, host: pr-hdds-2408-9n676-254309887, networkLocation: /default-rack, certSerialId: null}, Type:RATIS, Factor:ONE, State:CLOSED] moved to CLOSED state
2019-11-14 14:46:36,176 [grpc-default-executor-2] INFO  impl.RaftServerProxy (RaftServerProxy.java:remove(95)) - d630e0b1-4536-4869-ba91-999e142c5c29: remove    LEADER d630e0b1-4536-4869-ba91-999e142c5c29@group-7E67A150DC6A:t1, leader=d630e0b1-4536-4869-ba91-999e142c5c29, voted=d630e0b1-4536-4869-ba91-999e142c5c29, raftlog=d630e0b1-4536-4869-ba91-999e142c5c29@group-7E67A150DC6A-SegmentedRaftLog:OPENED:c0,f0,i0, conf=0: [d630e0b1-4536-4869-ba91-999e142c5c29:192.168.157.221:34031], old=null RUNNING
2019-11-14 14:46:36,176 [grpc-default-executor-2] INFO  impl.RaftServerImpl (RaftServerImpl.java:lambda$shutdown$3(250)) - d630e0b1-4536-4869-ba91-999e142c5c29@group-7E67A150DC6A: shutdown
2019-11-14 14:46:36,176 [grpc-default-executor-2] INFO  util.JmxRegister (JmxRegister.java:unregister(73)) - Successfully un-registered JMX Bean with object name Ratis:service=RaftServer,group=group-7E67A150DC6A,id=d630e0b1-4536-4869-ba91-999e142c5c29
2019-11-14 14:46:36,176 [grpc-default-executor-2] INFO  impl.RoleInfo (RoleInfo.java:shutdownLeaderState(104)) - d630e0b1-4536-4869-ba91-999e142c5c29: shutdown LeaderState
2019-11-14 14:46:36,177 [grpc-default-executor-2] INFO  impl.PendingRequests (PendingRequests.java:sendNotLeaderResponses(206)) - d630e0b1-4536-4869-ba91-999e142c5c29@group-7E67A150DC6A-PendingRequests: sendNotLeaderResponses
2019-11-14 14:46:36,177 [grpc-default-executor-2] INFO  impl.StateMachineUpdater (StateMachineUpdater.java:stopAndJoin(136)) - d630e0b1-4536-4869-ba91-999e142c5c29@group-7E67A150DC6A-StateMachineUpdater: set stopIndex = 0
2019-11-14 14:46:36,177 [grpc-default-executor-2] INFO  impl.RaftServerImpl (ServerState.java:close(387)) - d630e0b1-4536-4869-ba91-999e142c5c29@group-7E67A150DC6A: closes. applyIndex: 0
2019-11-14 14:46:36,177 [d630e0b1-4536-4869-ba91-999e142c5c29@group-7E67A150DC6A-SegmentedRaftLogWorker] INFO  segmented.SegmentedRaftLogWorker (SegmentedRaftLogWorker.java:run(316)) - d630e0b1-4536-4869-ba91-999e142c5c29@group-7E67A150DC6A-SegmentedRaftLogWorker was interrupted, exiting. There are 0 tasks remaining in the queue.
2019-11-14 14:46:36,180 [grpc-default-executor-2] INFO  segmented.SegmentedRaftLogWorker (SegmentedRaftLogWorker.java:close(224)) - d630e0b1-4536-4869-ba91-999e142c5c29@group-7E67A150DC6A-SegmentedRaftLogWorker close()
2019-11-14 14:46:36,184 [Thread-1894] INFO  pipeline.PipelineStateManager (PipelineStateManager.java:removePipeline(106)) - Pipeline Pipeline[ Id: dfc90025-8648-4d9f-b65b-7e67a150dc6a, Nodes: d630e0b1-4536-4869-ba91-999e142c5c29{ip: 192.168.157.221, host: pr-hdds-2408-9n676-254309887, networkLocation: /default-rack, certSerialId: null}, Type:RATIS, Factor:ONE, State:CLOSED] removed from db
2019-11-14 14:46:36,184 [Thread-1894] INFO  pipeline.SCMPipelineManager (SCMPipelineManager.java:finalizeAndDestroyPipeline(315)) - destroying pipeline:Pipeline[ Id: e393f22e-6055-439d-a3e5-c501af52fafd, Nodes: f7c73f5f-a922-4e72-9f0e-14e1adb29082{ip: 192.168.157.221, host: pr-hdds-2408-9n676-254309887, networkLocation: /default-rack, certSerialId: null}c792febc-28cf-4355-b2f7-5c4ed618863d{ip: 192.168.157.221, host: pr-hdds-2408-9n676-254309887, networkLocation: /default-rack, certSerialId: null}26facaca-2eaa-4eab-ad66-7bd9fd6334c7{ip: 192.168.157.221, host: pr-hdds-2408-9n676-254309887, networkLocation: /default-rack, certSerialId: null}, Type:RATIS, Factor:THREE, State:OPEN]
2019-11-14 14:46:36,189 [grpc-default-executor-2] INFO  impl.RaftServerProxy (RaftServerProxy.java:addNew(89)) - d630e0b1-4536-4869-ba91-999e142c5c29: addNew group-64B4F938D99D:[d630e0b1-4536-4869-ba91-999e142c5c29:192.168.157.221:34031] returns group-64B4F938D99D:java.util.concurrent.CompletableFuture@4ecf9619[Not completed]
2019-11-14 14:46:36,191 [pool-173-thread-1] INFO  impl.RaftServerImpl (RaftServerImpl.java:<init>(98)) - d630e0b1-4536-4869-ba91-999e142c5c29: new RaftServerImpl for group-64B4F938D99D:[d630e0b1-4536-4869-ba91-999e142c5c29:192.168.157.221:34031] with ContainerStateMachine:uninitialized
2019-11-14 14:46:36,192 [pool-173-thread-1] INFO  server.RaftServerConfigKeys (ConfUtils.java:logGet(43)) - raft.server.rpc.timeout.min = 1s (custom)
2019-11-14 14:46:36,192 [pool-173-thread-1] INFO  server.RaftServerConfigKeys (ConfUtils.java:logGet(43)) - raft.server.rpc.timeout.max = 1200ms (custom)
2019-11-14 14:46:36,193 [pool-173-thread-1] INFO  server.RaftServerConfigKeys (ConfUtils.java:logGet(43)) - raft.server.rpcslowness.timeout = 120s (custom)
2019-11-14 14:46:36,193 [pool-173-thread-1] INFO  server.RaftServerConfigKeys (ConfUtils.java:logGet(43)) - raft.server.sleep.deviation.threshold = 300 (default)
2019-11-14 14:46:36,193 [pool-173-thread-1] INFO  server.RaftServerConfigKeys (ConfUtils.java:logGet(43)) - raft.server.log.appender.install.snapshot.enabled = false (custom)
2019-11-14 14:46:36,193 [pool-173-thread-1] INFO  impl.RaftServerImpl (ServerState.java:<init>(103)) - d630e0b1-4536-4869-ba91-999e142c5c29@group-64B4F938D99D: ConfigurationManager, init=-1: [d630e0b1-4536-4869-ba91-999e142c5c29:192.168.157.221:34031], old=null, confs=<EMPTY_MAP>
2019-11-14 14:46:36,193 [pool-173-thread-1] INFO  server.RaftServerConfigKeys (ConfUtils.java:logGet(43)) - raft.server.storage.dir = [/workdir/hadoop-ozone/integration-test/target/test-dir/MiniOzoneClusterImpl-fe7ca568-a673-4336-8267-b2734a58a5d6/datanode-2/data/ratis] (custom)
2019-11-14 14:46:36,194 [pool-173-thread-1] INFO  server.RaftServerConfigKeys (ConfUtils.java:logGet(43)) - raft.server.log.corruption.policy = EXCEPTION (default)
2019-11-14 14:46:36,194 [pool-173-thread-1] INFO  storage.RaftStorageDirectory (RaftStorageDirectory.java:analyzeStorage(246)) - The storage directory /workdir/hadoop-ozone/integration-test/target/test-dir/MiniOzoneClusterImpl-fe7ca568-a673-4336-8267-b2734a58a5d6/datanode-2/data/ratis/c44cc9e5-e9f1-4cb6-8e6b-64b4f938d99d does not exist. Creating ...
2019-11-14 14:46:36,217 [pool-173-thread-1] INFO  storage.RaftStorageDirectory (RaftStorageDirectory.java:tryLock(328)) - Lock on /workdir/hadoop-ozone/integration-test/target/test-dir/MiniOzoneClusterImpl-fe7ca568-a673-4336-8267-b2734a58a5d6/datanode-2/data/ratis/c44cc9e5-e9f1-4cb6-8e6b-64b4f938d99d/in_use.lock acquired by nodename 20979@pr-hdds-2408-9n676-254309887
2019-11-14 14:46:36,237 [pool-173-thread-1] INFO  storage.RaftStorage (RaftStorage.java:format(84)) - Storage directory /workdir/hadoop-ozone/integration-test/target/test-dir/MiniOzoneClusterImpl-fe7ca568-a673-4336-8267-b2734a58a5d6/datanode-2/data/ratis/c44cc9e5-e9f1-4cb6-8e6b-64b4f938d99d has been successfully formatted.
2019-11-14 14:46:36,237 [pool-173-thread-1] INFO  ratis.ContainerStateMachine (ContainerStateMachine.java:loadSnapshot(223)) - group-64B4F938D99D: The snapshot info is null. Setting the last applied indexto:(t:0, i:~)
2019-11-14 14:46:36,238 [pool-173-thread-1] INFO  server.RaftServerConfigKeys (ConfUtils.java:logGet(43)) - raft.server.notification.no-leader.timeout = 120s (custom)
2019-11-14 14:46:36,238 [pool-173-thread-1] INFO  server.RaftServerConfigKeys (ConfUtils.java:logGet(43)) - raft.server.log.use.memory = false (default)
2019-11-14 14:46:36,238 [pool-173-thread-1] INFO  server.RaftServerConfigKeys (ConfUtils.java:logGet(43)) - raft.server.log.purge.gap = 1000000 (custom)
2019-11-14 14:46:36,238 [pool-173-thread-1] INFO  server.RaftServerConfigKeys (ConfUtils.java:logGet(43)) - raft.server.log.appender.buffer.byte-limit = 33554432 (custom)
2019-11-14 14:46:36,238 [pool-173-thread-1] INFO  server.RaftServerConfigKeys (ConfUtils.java:logGet(43)) - raft.server.log.segment.size.max = 1048576 (custom)
2019-11-14 14:46:36,239 [pool-173-thread-1] INFO  server.RaftServerConfigKeys (ConfUtils.java:logGet(43)) - raft.server.log.segment.cache.num.max = 2 (custom)
2019-11-14 14:46:36,239 [pool-173-thread-1] INFO  segmented.SegmentedRaftLogWorker (SegmentedRaftLogWorker.java:<init>(173)) - new d630e0b1-4536-4869-ba91-999e142c5c29@group-64B4F938D99D-SegmentedRaftLogWorker for RaftStorage:Storage Directory /workdir/hadoop-ozone/integration-test/target/test-dir/MiniOzoneClusterImpl-fe7ca568-a673-4336-8267-b2734a58a5d6/datanode-2/data/ratis/c44cc9e5-e9f1-4cb6-8e6b-64b4f938d99d
2019-11-14 14:46:36,239 [pool-173-thread-1] INFO  server.RaftServerConfigKeys (ConfUtils.java:logGet(43)) - raft.server.log.queue.byte-limit = 2147483647 (custom)
2019-11-14 14:46:36,239 [pool-173-thread-1] INFO  server.RaftServerConfigKeys (ConfUtils.java:logGet(43)) - raft.server.log.queue.element-limit = 1024 (custom)
2019-11-14 14:46:36,239 [pool-173-thread-1] INFO  server.RaftServerConfigKeys (ConfUtils.java:logGet(43)) - raft.server.log.segment.size.max = 1048576 (custom)
2019-11-14 14:46:36,239 [pool-173-thread-1] INFO  server.RaftServerConfigKeys (ConfUtils.java:logGet(43)) - raft.server.log.preallocated.size = 16384 (custom)
2019-11-14 14:46:36,239 [pool-173-thread-1] INFO  server.RaftServerConfigKeys (ConfUtils.java:logGet(43)) - raft.server.log.write.buffer.size = 33554432 (custom)
2019-11-14 14:46:36,239 [pool-173-thread-1] INFO  server.RaftServerConfigKeys (ConfUtils.java:logGet(43)) - raft.server.log.force.sync.num = 128 (default)
2019-11-14 14:46:36,240 [pool-173-thread-1] INFO  server.RaftServerConfigKeys (ConfUtils.java:logGet(43)) - raft.server.log.statemachine.data.sync = true (default)
2019-11-14 14:46:36,240 [pool-173-thread-1] INFO  server.RaftServerConfigKeys (ConfUtils.java:logGet(43)) - raft.server.log.statemachine.data.sync.timeout = 10s (default)
2019-11-14 14:46:36,240 [pool-173-thread-1] INFO  server.RaftServerConfigKeys (ConfUtils.java:logGet(43)) - raft.server.log.statemachine.data.sync.timeout.retry = -1 (default)
2019-11-14 14:46:36,240 [pool-173-thread-1] INFO  server.RaftServerConfigKeys (ConfUtils.java:logGet(43)) - raft.server.log.statemachine.data.caching.enabled = true (custom)
2019-11-14 14:46:36,241 [pool-173-thread-1] INFO  segmented.SegmentedRaftLogWorker (SegmentedRaftLogWorker.java:lambda$new$0(128)) - d630e0b1-4536-4869-ba91-999e142c5c29@group-64B4F938D99D-SegmentedRaftLogWorker: flushIndex: setUnconditionally 0 -> -1
2019-11-14 14:46:36,241 [pool-173-thread-1] INFO  server.RaftServerConfigKeys (ConfUtils.java:logGet(43)) - raft.server.snapshot.auto.trigger.enabled = true (custom)
2019-11-14 14:46:36,241 [pool-173-thread-1] INFO  server.RaftServerConfigKeys (ConfUtils.java:logGet(43)) - raft.server.snapshot.auto.trigger.threshold = 10000 (custom)
2019-11-14 14:46:36,241 [pool-173-thread-1] INFO  server.RaftServerConfigKeys (ConfUtils.java:logGet(43)) - raft.server.snapshot.retention.file.num = 5 (custom)
2019-11-14 14:46:36,241 [pool-173-thread-1] INFO  server.RaftServerConfigKeys (ConfUtils.java:logGet(43)) - raft.server.retrycache.expirytime = 600000ms (custom)
2019-11-14 14:46:36,242 [pool-173-thread-1] WARN  impl.MetricRegistriesImpl (MetricRegistriesImpl.java:lambda$create$1(61)) - First MetricRegistry has been created without registering reporters. You may need to call MetricRegistries.global().addReportRegistration(...) before.
2019-11-14 14:46:36,242 [pool-173-thread-1] WARN  impl.MetricRegistriesImpl (MetricRegistriesImpl.java:lambda$create$1(61)) - First MetricRegistry has been created without registering reporters. You may need to call MetricRegistries.global().addReportRegistration(...) before.
2019-11-14 14:46:36,242 [pool-173-thread-1] INFO  impl.RaftServerImpl (RaftServerImpl.java:start(184)) - d630e0b1-4536-4869-ba91-999e142c5c29@group-64B4F938D99D: start as a follower, conf=-1: [d630e0b1-4536-4869-ba91-999e142c5c29:192.168.157.221:34031], old=null
2019-11-14 14:46:36,242 [pool-173-thread-1] INFO  impl.RaftServerImpl (RaftServerImpl.java:setRole(173)) - d630e0b1-4536-4869-ba91-999e142c5c29@group-64B4F938D99D: changes role from      null to FOLLOWER at term 0 for startAsFollower
2019-11-14 14:46:36,242 [pool-173-thread-1] INFO  impl.RoleInfo (RoleInfo.java:updateAndGet(143)) - d630e0b1-4536-4869-ba91-999e142c5c29: start FollowerState
2019-11-14 14:46:36,243 [pool-173-thread-1] INFO  util.JmxRegister (JmxRegister.java:tryRegister(44)) - Successfully registered JMX Bean with object name Ratis:service=RaftServer,group=group-64B4F938D99D,id=d630e0b1-4536-4869-ba91-999e142c5c29
2019-11-14 14:46:36,243 [pool-173-thread-1] WARN  impl.MetricRegistriesImpl (MetricRegistriesImpl.java:lambda$create$1(61)) - First MetricRegistry has been created without registering reporters. You may need to call MetricRegistries.global().addReportRegistration(...) before.
2019-11-14 14:46:36,245 [RatisPipelineUtilsThread] INFO  pipeline.PipelineStateManager (PipelineStateManager.java:addPipeline(55)) - Created pipeline Pipeline[ Id: c44cc9e5-e9f1-4cb6-8e6b-64b4f938d99d, Nodes: d630e0b1-4536-4869-ba91-999e142c5c29{ip: 192.168.157.221, host: pr-hdds-2408-9n676-254309887, networkLocation: /default-rack, certSerialId: null}, Type:RATIS, Factor:ONE, State:ALLOCATED]
2019-11-14 14:46:36,246 [Thread-1894] INFO  pipeline.PipelineStateManager (PipelineStateManager.java:finalizePipeline(121)) - Pipeline Pipeline[ Id: e393f22e-6055-439d-a3e5-c501af52fafd, Nodes: f7c73f5f-a922-4e72-9f0e-14e1adb29082{ip: 192.168.157.221, host: pr-hdds-2408-9n676-254309887, networkLocation: /default-rack, certSerialId: null}c792febc-28cf-4355-b2f7-5c4ed618863d{ip: 192.168.157.221, host: pr-hdds-2408-9n676-254309887, networkLocation: /default-rack, certSerialId: null}26facaca-2eaa-4eab-ad66-7bd9fd6334c7{ip: 192.168.157.221, host: pr-hdds-2408-9n676-254309887, networkLocation: /default-rack, certSerialId: null}, Type:RATIS, Factor:THREE, State:CLOSED] moved to CLOSED state
2019-11-14 14:46:36,249 [grpc-default-executor-2] INFO  impl.RaftServerProxy (RaftServerProxy.java:remove(95)) - f7c73f5f-a922-4e72-9f0e-14e1adb29082: remove    LEADER f7c73f5f-a922-4e72-9f0e-14e1adb29082@group-C501AF52FAFD:t1, leader=f7c73f5f-a922-4e72-9f0e-14e1adb29082, voted=f7c73f5f-a922-4e72-9f0e-14e1adb29082, raftlog=f7c73f5f-a922-4e72-9f0e-14e1adb29082@group-C501AF52FAFD-SegmentedRaftLog:OPENED:c0,f0,i0, conf=0: [c792febc-28cf-4355-b2f7-5c4ed618863d:192.168.157.221:39600, f7c73f5f-a922-4e72-9f0e-14e1adb29082:192.168.157.221:38185, 26facaca-2eaa-4eab-ad66-7bd9fd6334c7:192.168.157.221:41610], old=null RUNNING
2019-11-14 14:46:36,249 [grpc-default-executor-2] INFO  impl.RaftServerImpl (RaftServerImpl.java:lambda$shutdown$3(250)) - f7c73f5f-a922-4e72-9f0e-14e1adb29082@group-C501AF52FAFD: shutdown
2019-11-14 14:46:36,249 [grpc-default-executor-2] INFO  util.JmxRegister (JmxRegister.java:unregister(73)) - Successfully un-registered JMX Bean with object name Ratis:service=RaftServer,group=group-C501AF52FAFD,id=f7c73f5f-a922-4e72-9f0e-14e1adb29082
2019-11-14 14:46:36,249 [grpc-default-executor-2] INFO  impl.RoleInfo (RoleInfo.java:shutdownLeaderState(104)) - f7c73f5f-a922-4e72-9f0e-14e1adb29082: shutdown LeaderState
2019-11-14 14:46:36,253 [grpc-default-executor-2] INFO  impl.PendingRequests (PendingRequests.java:sendNotLeaderResponses(206)) - f7c73f5f-a922-4e72-9f0e-14e1adb29082@group-C501AF52FAFD-PendingRequests: sendNotLeaderResponses
2019-11-14 14:46:36,253 [org.apache.ratis.server.impl.LogAppender$AppenderDaemon$$Lambda$413/903611965@764e368a] WARN  server.GrpcLogAppender (GrpcLogAppender.java:mayWait(151)) - f7c73f5f-a922-4e72-9f0e-14e1adb29082@group-C501AF52FAFD->26facaca-2eaa-4eab-ad66-7bd9fd6334c7-GrpcLogAppender: Wait interrupted by java.lang.InterruptedException
2019-11-14 14:46:36,254 [org.apache.ratis.server.impl.LogAppender$AppenderDaemon$$Lambda$413/903611965@334cbe87] WARN  server.GrpcLogAppender (GrpcLogAppender.java:mayWait(151)) - f7c73f5f-a922-4e72-9f0e-14e1adb29082@group-C501AF52FAFD->c792febc-28cf-4355-b2f7-5c4ed618863d-GrpcLogAppender: Wait interrupted by java.lang.InterruptedException
2019-11-14 14:46:36,255 [grpc-default-executor-2] INFO  impl.StateMachineUpdater (StateMachineUpdater.java:stopAndJoin(136)) - f7c73f5f-a922-4e72-9f0e-14e1adb29082@group-C501AF52FAFD-StateMachineUpdater: set stopIndex = 0
2019-11-14 14:46:36,255 [grpc-default-executor-5] INFO  server.GrpcServerProtocolService (GrpcServerProtocolService.java:onCompleted(113)) - 26facaca-2eaa-4eab-ad66-7bd9fd6334c7: Completed APPEND_ENTRIES, lastRequest: f7c73f5f-a922-4e72-9f0e-14e1adb29082->26facaca-2eaa-4eab-ad66-7bd9fd6334c7#4-t1, previous=(t:1, i:0), leaderCommit=0, initializing? false, entries: <empty>
2019-11-14 14:46:36,255 [grpc-default-executor-4] INFO  server.GrpcServerProtocolService (GrpcServerProtocolService.java:onCompleted(113)) - c792febc-28cf-4355-b2f7-5c4ed618863d: Completed APPEND_ENTRIES, lastRequest: f7c73f5f-a922-4e72-9f0e-14e1adb29082->c792febc-28cf-4355-b2f7-5c4ed618863d#4-t1, previous=(t:1, i:0), leaderCommit=0, initializing? false, entries: <empty>
2019-11-14 14:46:36,255 [grpc-default-executor-2] INFO  impl.RaftServerImpl (ServerState.java:close(387)) - f7c73f5f-a922-4e72-9f0e-14e1adb29082@group-C501AF52FAFD: closes. applyIndex: 0
2019-11-14 14:46:36,255 [grpc-default-executor-5] INFO  server.GrpcLogAppender (GrpcLogAppender.java:onCompleted(308)) - f7c73f5f-a922-4e72-9f0e-14e1adb29082@group-C501AF52FAFD->26facaca-2eaa-4eab-ad66-7bd9fd6334c7-AppendLogResponseHandler: follower responses appendEntries COMPLETED
2019-11-14 14:46:36,255 [f7c73f5f-a922-4e72-9f0e-14e1adb29082@group-C501AF52FAFD-SegmentedRaftLogWorker] INFO  segmented.SegmentedRaftLogWorker (SegmentedRaftLogWorker.java:run(316)) - f7c73f5f-a922-4e72-9f0e-14e1adb29082@group-C501AF52FAFD-SegmentedRaftLogWorker was interrupted, exiting. There are 0 tasks remaining in the queue.
2019-11-14 14:46:36,256 [grpc-default-executor-1] INFO  server.GrpcLogAppender (GrpcLogAppender.java:onCompleted(308)) - f7c73f5f-a922-4e72-9f0e-14e1adb29082@group-C501AF52FAFD->c792febc-28cf-4355-b2f7-5c4ed618863d-AppendLogResponseHandler: follower responses appendEntries COMPLETED
2019-11-14 14:46:36,257 [grpc-default-executor-2] INFO  segmented.SegmentedRaftLogWorker (SegmentedRaftLogWorker.java:close(224)) - f7c73f5f-a922-4e72-9f0e-14e1adb29082@group-C501AF52FAFD-SegmentedRaftLogWorker close()
2019-11-14 14:46:36,261 [grpc-default-executor-1] INFO  impl.FollowerInfo (FollowerInfo.java:lambda$new$0(51)) - f7c73f5f-a922-4e72-9f0e-14e1adb29082@group-C501AF52FAFD->c792febc-28cf-4355-b2f7-5c4ed618863d: nextIndex: updateUnconditionally 1 -> 0
2019-11-14 14:46:36,261 [grpc-default-executor-5] INFO  impl.FollowerInfo (FollowerInfo.java:lambda$new$0(51)) - f7c73f5f-a922-4e72-9f0e-14e1adb29082@group-C501AF52FAFD->26facaca-2eaa-4eab-ad66-7bd9fd6334c7: nextIndex: updateUnconditionally 1 -> 0
2019-11-14 14:46:36,266 [grpc-default-executor-5] INFO  impl.RaftServerProxy (RaftServerProxy.java:remove(95)) - c792febc-28cf-4355-b2f7-5c4ed618863d: remove  FOLLOWER c792febc-28cf-4355-b2f7-5c4ed618863d@group-C501AF52FAFD:t1, leader=f7c73f5f-a922-4e72-9f0e-14e1adb29082, voted=f7c73f5f-a922-4e72-9f0e-14e1adb29082, raftlog=c792febc-28cf-4355-b2f7-5c4ed618863d@group-C501AF52FAFD-SegmentedRaftLog:OPENED:c0,f0,i0, conf=0: [c792febc-28cf-4355-b2f7-5c4ed618863d:192.168.157.221:39600, f7c73f5f-a922-4e72-9f0e-14e1adb29082:192.168.157.221:38185, 26facaca-2eaa-4eab-ad66-7bd9fd6334c7:192.168.157.221:41610], old=null RUNNING
2019-11-14 14:46:36,266 [grpc-default-executor-5] INFO  impl.RaftServerImpl (RaftServerImpl.java:lambda$shutdown$3(250)) - c792febc-28cf-4355-b2f7-5c4ed618863d@group-C501AF52FAFD: shutdown
2019-11-14 14:46:36,267 [grpc-default-executor-5] INFO  util.JmxRegister (JmxRegister.java:unregister(73)) - Successfully un-registered JMX Bean with object name Ratis:service=RaftServer,group=group-C501AF52FAFD,id=c792febc-28cf-4355-b2f7-5c4ed618863d
2019-11-14 14:46:36,267 [grpc-default-executor-5] INFO  impl.RoleInfo (RoleInfo.java:shutdownFollowerState(121)) - c792febc-28cf-4355-b2f7-5c4ed618863d: shutdown FollowerState
2019-11-14 14:46:36,267 [grpc-default-executor-5] INFO  impl.StateMachineUpdater (StateMachineUpdater.java:stopAndJoin(136)) - c792febc-28cf-4355-b2f7-5c4ed618863d@group-C501AF52FAFD-StateMachineUpdater: set stopIndex = 0
2019-11-14 14:46:36,267 [Thread-1957] INFO  impl.FollowerState (FollowerState.java:run(120)) - c792febc-28cf-4355-b2f7-5c4ed618863d@group-C501AF52FAFD-FollowerState was interrupted: java.lang.InterruptedException: sleep interrupted
2019-11-14 14:46:36,267 [grpc-default-executor-5] INFO  impl.RaftServerImpl (ServerState.java:close(387)) - c792febc-28cf-4355-b2f7-5c4ed618863d@group-C501AF52FAFD: closes. applyIndex: 0
2019-11-14 14:46:36,271 [c792febc-28cf-4355-b2f7-5c4ed618863d@group-C501AF52FAFD-SegmentedRaftLogWorker] INFO  segmented.SegmentedRaftLogWorker (SegmentedRaftLogWorker.java:run(316)) - c792febc-28cf-4355-b2f7-5c4ed618863d@group-C501AF52FAFD-SegmentedRaftLogWorker was interrupted, exiting. There are 0 tasks remaining in the queue.
2019-11-14 14:46:36,272 [grpc-default-executor-5] INFO  segmented.SegmentedRaftLogWorker (SegmentedRaftLogWorker.java:close(224)) - c792febc-28cf-4355-b2f7-5c4ed618863d@group-C501AF52FAFD-SegmentedRaftLogWorker close()
2019-11-14 14:46:36,280 [grpc-default-executor-5] INFO  impl.RaftServerProxy (RaftServerProxy.java:remove(95)) - 26facaca-2eaa-4eab-ad66-7bd9fd6334c7: remove  FOLLOWER 26facaca-2eaa-4eab-ad66-7bd9fd6334c7@group-C501AF52FAFD:t1, leader=f7c73f5f-a922-4e72-9f0e-14e1adb29082, voted=f7c73f5f-a922-4e72-9f0e-14e1adb29082, raftlog=26facaca-2eaa-4eab-ad66-7bd9fd6334c7@group-C501AF52FAFD-SegmentedRaftLog:OPENED:c0,f0,i0, conf=0: [c792febc-28cf-4355-b2f7-5c4ed618863d:192.168.157.221:39600, f7c73f5f-a922-4e72-9f0e-14e1adb29082:192.168.157.221:38185, 26facaca-2eaa-4eab-ad66-7bd9fd6334c7:192.168.157.221:41610], old=null RUNNING
2019-11-14 14:46:36,280 [grpc-default-executor-5] INFO  impl.RaftServerImpl (RaftServerImpl.java:lambda$shutdown$3(250)) - 26facaca-2eaa-4eab-ad66-7bd9fd6334c7@group-C501AF52FAFD: shutdown
2019-11-14 14:46:36,280 [grpc-default-executor-5] INFO  util.JmxRegister (JmxRegister.java:unregister(73)) - Successfully un-registered JMX Bean with object name Ratis:service=RaftServer,group=group-C501AF52FAFD,id=26facaca-2eaa-4eab-ad66-7bd9fd6334c7
2019-11-14 14:46:36,280 [grpc-default-executor-5] INFO  impl.RoleInfo (RoleInfo.java:shutdownFollowerState(121)) - 26facaca-2eaa-4eab-ad66-7bd9fd6334c7: shutdown FollowerState
2019-11-14 14:46:36,280 [grpc-default-executor-5] INFO  impl.StateMachineUpdater (StateMachineUpdater.java:stopAndJoin(136)) - 26facaca-2eaa-4eab-ad66-7bd9fd6334c7@group-C501AF52FAFD-StateMachineUpdater: set stopIndex = 0
2019-11-14 14:46:36,281 [Thread-1956] INFO  impl.FollowerState (FollowerState.java:run(120)) - 26facaca-2eaa-4eab-ad66-7bd9fd6334c7@group-C501AF52FAFD-FollowerState was interrupted: java.lang.InterruptedException: sleep interrupted
2019-11-14 14:46:36,284 [grpc-default-executor-5] INFO  impl.RaftServerImpl (ServerState.java:close(387)) - 26facaca-2eaa-4eab-ad66-7bd9fd6334c7@group-C501AF52FAFD: closes. applyIndex: 0
2019-11-14 14:46:36,284 [26facaca-2eaa-4eab-ad66-7bd9fd6334c7@group-C501AF52FAFD-SegmentedRaftLogWorker] INFO  segmented.SegmentedRaftLogWorker (SegmentedRaftLogWorker.java:run(316)) - 26facaca-2eaa-4eab-ad66-7bd9fd6334c7@group-C501AF52FAFD-SegmentedRaftLogWorker was interrupted, exiting. There are 0 tasks remaining in the queue.
2019-11-14 14:46:36,285 [grpc-default-executor-5] INFO  segmented.SegmentedRaftLogWorker (SegmentedRaftLogWorker.java:close(224)) - 26facaca-2eaa-4eab-ad66-7bd9fd6334c7@group-C501AF52FAFD-SegmentedRaftLogWorker close()
2019-11-14 14:46:36,295 [Thread-1894] INFO  pipeline.PipelineStateManager (PipelineStateManager.java:removePipeline(106)) - Pipeline Pipeline[ Id: e393f22e-6055-439d-a3e5-c501af52fafd, Nodes: f7c73f5f-a922-4e72-9f0e-14e1adb29082{ip: 192.168.157.221, host: pr-hdds-2408-9n676-254309887, networkLocation: /default-rack, certSerialId: null}c792febc-28cf-4355-b2f7-5c4ed618863d{ip: 192.168.157.221, host: pr-hdds-2408-9n676-254309887, networkLocation: /default-rack, certSerialId: null}26facaca-2eaa-4eab-ad66-7bd9fd6334c7{ip: 192.168.157.221, host: pr-hdds-2408-9n676-254309887, networkLocation: /default-rack, certSerialId: null}, Type:RATIS, Factor:THREE, State:CLOSED] removed from db
2019-11-14 14:46:36,302 [grpc-default-executor-1] INFO  impl.RaftServerProxy (RaftServerProxy.java:addNew(89)) - 26facaca-2eaa-4eab-ad66-7bd9fd6334c7: addNew group-6B170D7346CA:[c792febc-28cf-4355-b2f7-5c4ed618863d:192.168.157.221:39600, f7c73f5f-a922-4e72-9f0e-14e1adb29082:192.168.157.221:38185, 26facaca-2eaa-4eab-ad66-7bd9fd6334c7:192.168.157.221:41610] returns group-6B170D7346CA:java.util.concurrent.CompletableFuture@49866007[Not completed]
2019-11-14 14:46:36,302 [grpc-default-executor-2] INFO  impl.RaftServerProxy (RaftServerProxy.java:addNew(89)) - c792febc-28cf-4355-b2f7-5c4ed618863d: addNew group-6B170D7346CA:[c792febc-28cf-4355-b2f7-5c4ed618863d:192.168.157.221:39600, f7c73f5f-a922-4e72-9f0e-14e1adb29082:192.168.157.221:38185, 26facaca-2eaa-4eab-ad66-7bd9fd6334c7:192.168.157.221:41610] returns group-6B170D7346CA:java.util.concurrent.CompletableFuture@58d56983[Not completed]
2019-11-14 14:46:36,302 [grpc-default-executor-5] INFO  impl.RaftServerProxy (RaftServerProxy.java:addNew(89)) - f7c73f5f-a922-4e72-9f0e-14e1adb29082: addNew group-6B170D7346CA:[c792febc-28cf-4355-b2f7-5c4ed618863d:192.168.157.221:39600, f7c73f5f-a922-4e72-9f0e-14e1adb29082:192.168.157.221:38185, 26facaca-2eaa-4eab-ad66-7bd9fd6334c7:192.168.157.221:41610] returns group-6B170D7346CA:java.util.concurrent.CompletableFuture@7c112022[Not completed]
2019-11-14 14:46:36,305 [pool-193-thread-1] INFO  impl.RaftServerImpl (RaftServerImpl.java:<init>(98)) - f7c73f5f-a922-4e72-9f0e-14e1adb29082: new RaftServerImpl for group-6B170D7346CA:[c792febc-28cf-4355-b2f7-5c4ed618863d:192.168.157.221:39600, f7c73f5f-a922-4e72-9f0e-14e1adb29082:192.168.157.221:38185, 26facaca-2eaa-4eab-ad66-7bd9fd6334c7:192.168.157.221:41610] with ContainerStateMachine:uninitialized
2019-11-14 14:46:36,305 [pool-193-thread-1] INFO  server.RaftServerConfigKeys (ConfUtils.java:logGet(43)) - raft.server.rpc.timeout.min = 1s (custom)
2019-11-14 14:46:36,305 [pool-193-thread-1] INFO  server.RaftServerConfigKeys (ConfUtils.java:logGet(43)) - raft.server.rpc.timeout.max = 1200ms (custom)
2019-11-14 14:46:36,305 [pool-193-thread-1] INFO  server.RaftServerConfigKeys (ConfUtils.java:logGet(43)) - raft.server.rpcslowness.timeout = 120s (custom)
2019-11-14 14:46:36,305 [pool-193-thread-1] INFO  server.RaftServerConfigKeys (ConfUtils.java:logGet(43)) - raft.server.sleep.deviation.threshold = 300 (default)
2019-11-14 14:46:36,306 [pool-203-thread-1] INFO  impl.RaftServerImpl (RaftServerImpl.java:<init>(98)) - 26facaca-2eaa-4eab-ad66-7bd9fd6334c7: new RaftServerImpl for group-6B170D7346CA:[c792febc-28cf-4355-b2f7-5c4ed618863d:192.168.157.221:39600, f7c73f5f-a922-4e72-9f0e-14e1adb29082:192.168.157.221:38185, 26facaca-2eaa-4eab-ad66-7bd9fd6334c7:192.168.157.221:41610] with ContainerStateMachine:uninitialized
2019-11-14 14:46:36,306 [pool-193-thread-1] INFO  server.RaftServerConfigKeys (ConfUtils.java:logGet(43)) - raft.server.log.appender.install.snapshot.enabled = false (custom)
2019-11-14 14:46:36,306 [pool-203-thread-1] INFO  server.RaftServerConfigKeys (ConfUtils.java:logGet(43)) - raft.server.rpc.timeout.min = 1s (custom)
2019-11-14 14:46:36,306 [pool-193-thread-1] INFO  impl.RaftServerImpl (ServerState.java:<init>(103)) - f7c73f5f-a922-4e72-9f0e-14e1adb29082@group-6B170D7346CA: ConfigurationManager, init=-1: [c792febc-28cf-4355-b2f7-5c4ed618863d:192.168.157.221:39600, f7c73f5f-a922-4e72-9f0e-14e1adb29082:192.168.157.221:38185, 26facaca-2eaa-4eab-ad66-7bd9fd6334c7:192.168.157.221:41610], old=null, confs=<EMPTY_MAP>
2019-11-14 14:46:36,306 [pool-203-thread-1] INFO  server.RaftServerConfigKeys (ConfUtils.java:logGet(43)) - raft.server.rpc.timeout.max = 1200ms (custom)
2019-11-14 14:46:36,306 [pool-153-thread-1] INFO  impl.RaftServerImpl (RaftServerImpl.java:<init>(98)) - c792febc-28cf-4355-b2f7-5c4ed618863d: new RaftServerImpl for group-6B170D7346CA:[c792febc-28cf-4355-b2f7-5c4ed618863d:192.168.157.221:39600, f7c73f5f-a922-4e72-9f0e-14e1adb29082:192.168.157.221:38185, 26facaca-2eaa-4eab-ad66-7bd9fd6334c7:192.168.157.221:41610] with ContainerStateMachine:uninitialized
2019-11-14 14:46:36,306 [pool-203-thread-1] INFO  server.RaftServerConfigKeys (ConfUtils.java:logGet(43)) - raft.server.rpcslowness.timeout = 120s (custom)
2019-11-14 14:46:36,306 [pool-193-thread-1] INFO  server.RaftServerConfigKeys (ConfUtils.java:logGet(43)) - raft.server.storage.dir = [/workdir/hadoop-ozone/integration-test/target/test-dir/MiniOzoneClusterImpl-fe7ca568-a673-4336-8267-b2734a58a5d6/datanode-4/data/ratis] (custom)
2019-11-14 14:46:36,306 [pool-203-thread-1] INFO  server.RaftServerConfigKeys (ConfUtils.java:logGet(43)) - raft.server.sleep.deviation.threshold = 300 (default)
2019-11-14 14:46:36,306 [pool-153-thread-1] INFO  server.RaftServerConfigKeys (ConfUtils.java:logGet(43)) - raft.server.rpc.timeout.min = 1s (custom)
2019-11-14 14:46:36,307 [pool-193-thread-1] INFO  server.RaftServerConfigKeys (ConfUtils.java:logGet(43)) - raft.server.log.corruption.policy = EXCEPTION (default)
2019-11-14 14:46:36,307 [pool-203-thread-1] INFO  server.RaftServerConfigKeys (ConfUtils.java:logGet(43)) - raft.server.log.appender.install.snapshot.enabled = false (custom)
2019-11-14 14:46:36,307 [pool-153-thread-1] INFO  server.RaftServerConfigKeys (ConfUtils.java:logGet(43)) - raft.server.rpc.timeout.max = 1200ms (custom)
2019-11-14 14:46:36,307 [pool-203-thread-1] INFO  impl.RaftServerImpl (ServerState.java:<init>(103)) - 26facaca-2eaa-4eab-ad66-7bd9fd6334c7@group-6B170D7346CA: ConfigurationManager, init=-1: [c792febc-28cf-4355-b2f7-5c4ed618863d:192.168.157.221:39600, f7c73f5f-a922-4e72-9f0e-14e1adb29082:192.168.157.221:38185, 26facaca-2eaa-4eab-ad66-7bd9fd6334c7:192.168.157.221:41610], old=null, confs=<EMPTY_MAP>
2019-11-14 14:46:36,307 [pool-193-thread-1] INFO  storage.RaftStorageDirectory (RaftStorageDirectory.java:analyzeStorage(246)) - The storage directory /workdir/hadoop-ozone/integration-test/target/test-dir/MiniOzoneClusterImpl-fe7ca568-a673-4336-8267-b2734a58a5d6/datanode-4/data/ratis/9509bf5c-6cfe-47d6-a95d-6b170d7346ca does not exist. Creating ...
2019-11-14 14:46:36,307 [pool-203-thread-1] INFO  server.RaftServerConfigKeys (ConfUtils.java:logGet(43)) - raft.server.storage.dir = [/workdir/hadoop-ozone/integration-test/target/test-dir/MiniOzoneClusterImpl-fe7ca568-a673-4336-8267-b2734a58a5d6/datanode-5/data/ratis] (custom)
2019-11-14 14:46:36,307 [pool-153-thread-1] INFO  server.RaftServerConfigKeys (ConfUtils.java:logGet(43)) - raft.server.rpcslowness.timeout = 120s (custom)
2019-11-14 14:46:36,307 [pool-153-thread-1] INFO  server.RaftServerConfigKeys (ConfUtils.java:logGet(43)) - raft.server.sleep.deviation.threshold = 300 (default)
2019-11-14 14:46:36,307 [pool-203-thread-1] INFO  server.RaftServerConfigKeys (ConfUtils.java:logGet(43)) - raft.server.log.corruption.policy = EXCEPTION (default)
2019-11-14 14:46:36,307 [pool-153-thread-1] INFO  server.RaftServerConfigKeys (ConfUtils.java:logGet(43)) - raft.server.log.appender.install.snapshot.enabled = false (custom)
2019-11-14 14:46:36,308 [pool-203-thread-1] INFO  storage.RaftStorageDirectory (RaftStorageDirectory.java:analyzeStorage(246)) - The storage directory /workdir/hadoop-ozone/integration-test/target/test-dir/MiniOzoneClusterImpl-fe7ca568-a673-4336-8267-b2734a58a5d6/datanode-5/data/ratis/9509bf5c-6cfe-47d6-a95d-6b170d7346ca does not exist. Creating ...
2019-11-14 14:46:36,308 [pool-153-thread-1] INFO  impl.RaftServerImpl (ServerState.java:<init>(103)) - c792febc-28cf-4355-b2f7-5c4ed618863d@group-6B170D7346CA: ConfigurationManager, init=-1: [c792febc-28cf-4355-b2f7-5c4ed618863d:192.168.157.221:39600, f7c73f5f-a922-4e72-9f0e-14e1adb29082:192.168.157.221:38185, 26facaca-2eaa-4eab-ad66-7bd9fd6334c7:192.168.157.221:41610], old=null, confs=<EMPTY_MAP>
2019-11-14 14:46:36,308 [pool-153-thread-1] INFO  server.RaftServerConfigKeys (ConfUtils.java:logGet(43)) - raft.server.storage.dir = [/workdir/hadoop-ozone/integration-test/target/test-dir/MiniOzoneClusterImpl-fe7ca568-a673-4336-8267-b2734a58a5d6/datanode-0/data/ratis] (custom)
2019-11-14 14:46:36,308 [pool-153-thread-1] INFO  server.RaftServerConfigKeys (ConfUtils.java:logGet(43)) - raft.server.log.corruption.policy = EXCEPTION (default)
2019-11-14 14:46:36,308 [pool-153-thread-1] INFO  storage.RaftStorageDirectory (RaftStorageDirectory.java:analyzeStorage(246)) - The storage directory /workdir/hadoop-ozone/integration-test/target/test-dir/MiniOzoneClusterImpl-fe7ca568-a673-4336-8267-b2734a58a5d6/datanode-0/data/ratis/9509bf5c-6cfe-47d6-a95d-6b170d7346ca does not exist. Creating ...
2019-11-14 14:46:36,331 [pool-193-thread-1] INFO  storage.RaftStorageDirectory (RaftStorageDirectory.java:tryLock(328)) - Lock on /workdir/hadoop-ozone/integration-test/target/test-dir/MiniOzoneClusterImpl-fe7ca568-a673-4336-8267-b2734a58a5d6/datanode-4/data/ratis/9509bf5c-6cfe-47d6-a95d-6b170d7346ca/in_use.lock acquired by nodename 20979@pr-hdds-2408-9n676-254309887
2019-11-14 14:46:36,331 [pool-203-thread-1] INFO  storage.RaftStorageDirectory (RaftStorageDirectory.java:tryLock(328)) - Lock on /workdir/hadoop-ozone/integration-test/target/test-dir/MiniOzoneClusterImpl-fe7ca568-a673-4336-8267-b2734a58a5d6/datanode-5/data/ratis/9509bf5c-6cfe-47d6-a95d-6b170d7346ca/in_use.lock acquired by nodename 20979@pr-hdds-2408-9n676-254309887
2019-11-14 14:46:36,331 [pool-153-thread-1] INFO  storage.RaftStorageDirectory (RaftStorageDirectory.java:tryLock(328)) - Lock on /workdir/hadoop-ozone/integration-test/target/test-dir/MiniOzoneClusterImpl-fe7ca568-a673-4336-8267-b2734a58a5d6/datanode-0/data/ratis/9509bf5c-6cfe-47d6-a95d-6b170d7346ca/in_use.lock acquired by nodename 20979@pr-hdds-2408-9n676-254309887
2019-11-14 14:46:36,352 [pool-203-thread-1] INFO  storage.RaftStorage (RaftStorage.java:format(84)) - Storage directory /workdir/hadoop-ozone/integration-test/target/test-dir/MiniOzoneClusterImpl-fe7ca568-a673-4336-8267-b2734a58a5d6/datanode-5/data/ratis/9509bf5c-6cfe-47d6-a95d-6b170d7346ca has been successfully formatted.
2019-11-14 14:46:36,352 [pool-193-thread-1] INFO  storage.RaftStorage (RaftStorage.java:format(84)) - Storage directory /workdir/hadoop-ozone/integration-test/target/test-dir/MiniOzoneClusterImpl-fe7ca568-a673-4336-8267-b2734a58a5d6/datanode-4/data/ratis/9509bf5c-6cfe-47d6-a95d-6b170d7346ca has been successfully formatted.
2019-11-14 14:46:36,352 [pool-153-thread-1] INFO  storage.RaftStorage (RaftStorage.java:format(84)) - Storage directory /workdir/hadoop-ozone/integration-test/target/test-dir/MiniOzoneClusterImpl-fe7ca568-a673-4336-8267-b2734a58a5d6/datanode-0/data/ratis/9509bf5c-6cfe-47d6-a95d-6b170d7346ca has been successfully formatted.
2019-11-14 14:46:36,352 [pool-193-thread-1] INFO  ratis.ContainerStateMachine (ContainerStateMachine.java:loadSnapshot(223)) - group-6B170D7346CA: The snapshot info is null. Setting the last applied indexto:(t:0, i:~)
2019-11-14 14:46:36,352 [pool-203-thread-1] INFO  ratis.ContainerStateMachine (ContainerStateMachine.java:loadSnapshot(223)) - group-6B170D7346CA: The snapshot info is null. Setting the last applied indexto:(t:0, i:~)
2019-11-14 14:46:36,353 [pool-193-thread-1] INFO  server.RaftServerConfigKeys (ConfUtils.java:logGet(43)) - raft.server.notification.no-leader.timeout = 120s (custom)
2019-11-14 14:46:36,353 [pool-153-thread-1] INFO  ratis.ContainerStateMachine (ContainerStateMachine.java:loadSnapshot(223)) - group-6B170D7346CA: The snapshot info is null. Setting the last applied indexto:(t:0, i:~)
2019-11-14 14:46:36,353 [pool-193-thread-1] INFO  server.RaftServerConfigKeys (ConfUtils.java:logGet(43)) - raft.server.log.use.memory = false (default)
2019-11-14 14:46:36,353 [pool-203-thread-1] INFO  server.RaftServerConfigKeys (ConfUtils.java:logGet(43)) - raft.server.notification.no-leader.timeout = 120s (custom)
2019-11-14 14:46:36,353 [pool-193-thread-1] INFO  server.RaftServerConfigKeys (ConfUtils.java:logGet(43)) - raft.server.log.purge.gap = 1000000 (custom)
2019-11-14 14:46:36,353 [pool-193-thread-1] INFO  server.RaftServerConfigKeys (ConfUtils.java:logGet(43)) - raft.server.log.appender.buffer.byte-limit = 33554432 (custom)
2019-11-14 14:46:36,353 [pool-153-thread-1] INFO  server.RaftServerConfigKeys (ConfUtils.java:logGet(43)) - raft.server.notification.no-leader.timeout = 120s (custom)
2019-11-14 14:46:36,354 [pool-193-thread-1] INFO  server.RaftServerConfigKeys (ConfUtils.java:logGet(43)) - raft.server.log.segment.size.max = 1048576 (custom)
2019-11-14 14:46:36,353 [pool-203-thread-1] INFO  server.RaftServerConfigKeys (ConfUtils.java:logGet(43)) - raft.server.log.use.memory = false (default)
2019-11-14 14:46:36,354 [pool-193-thread-1] INFO  server.RaftServerConfigKeys (ConfUtils.java:logGet(43)) - raft.server.log.segment.cache.num.max = 2 (custom)
2019-11-14 14:46:36,354 [pool-153-thread-1] INFO  server.RaftServerConfigKeys (ConfUtils.java:logGet(43)) - raft.server.log.use.memory = false (default)
2019-11-14 14:46:36,354 [pool-193-thread-1] INFO  segmented.SegmentedRaftLogWorker (SegmentedRaftLogWorker.java:<init>(173)) - new f7c73f5f-a922-4e72-9f0e-14e1adb29082@group-6B170D7346CA-SegmentedRaftLogWorker for RaftStorage:Storage Directory /workdir/hadoop-ozone/integration-test/target/test-dir/MiniOzoneClusterImpl-fe7ca568-a673-4336-8267-b2734a58a5d6/datanode-4/data/ratis/9509bf5c-6cfe-47d6-a95d-6b170d7346ca
2019-11-14 14:46:36,354 [pool-203-thread-1] INFO  server.RaftServerConfigKeys (ConfUtils.java:logGet(43)) - raft.server.log.purge.gap = 1000000 (custom)
2019-11-14 14:46:36,354 [pool-193-thread-1] INFO  server.RaftServerConfigKeys (ConfUtils.java:logGet(43)) - raft.server.log.queue.byte-limit = 2147483647 (custom)
2019-11-14 14:46:36,354 [pool-153-thread-1] INFO  server.RaftServerConfigKeys (ConfUtils.java:logGet(43)) - raft.server.log.purge.gap = 1000000 (custom)
2019-11-14 14:46:36,355 [pool-193-thread-1] INFO  server.RaftServerConfigKeys (ConfUtils.java:logGet(43)) - raft.server.log.queue.element-limit = 1024 (custom)
2019-11-14 14:46:36,354 [pool-203-thread-1] INFO  server.RaftServerConfigKeys (ConfUtils.java:logGet(43)) - raft.server.log.appender.buffer.byte-limit = 33554432 (custom)
2019-11-14 14:46:36,355 [pool-193-thread-1] INFO  server.RaftServerConfigKeys (ConfUtils.java:logGet(43)) - raft.server.log.segment.size.max = 1048576 (custom)
2019-11-14 14:46:36,355 [pool-153-thread-1] INFO  server.RaftServerConfigKeys (ConfUtils.java:logGet(43)) - raft.server.log.appender.buffer.byte-limit = 33554432 (custom)
2019-11-14 14:46:36,355 [pool-193-thread-1] INFO  server.RaftServerConfigKeys (ConfUtils.java:logGet(43)) - raft.server.log.preallocated.size = 16384 (custom)
2019-11-14 14:46:36,355 [pool-203-thread-1] INFO  server.RaftServerConfigKeys (ConfUtils.java:logGet(43)) - raft.server.log.segment.size.max = 1048576 (custom)
2019-11-14 14:46:36,355 [pool-193-thread-1] INFO  server.RaftServerConfigKeys (ConfUtils.java:logGet(43)) - raft.server.log.write.buffer.size = 33554432 (custom)
2019-11-14 14:46:36,356 [pool-193-thread-1] INFO  server.RaftServerConfigKeys (ConfUtils.java:logGet(43)) - raft.server.log.force.sync.num = 128 (default)
2019-11-14 14:46:36,355 [pool-153-thread-1] INFO  server.RaftServerConfigKeys (ConfUtils.java:logGet(43)) - raft.server.log.segment.size.max = 1048576 (custom)
2019-11-14 14:46:36,356 [pool-193-thread-1] INFO  server.RaftServerConfigKeys (ConfUtils.java:logGet(43)) - raft.server.log.statemachine.data.sync = true (default)
2019-11-14 14:46:36,355 [pool-203-thread-1] INFO  server.RaftServerConfigKeys (ConfUtils.java:logGet(43)) - raft.server.log.segment.cache.num.max = 2 (custom)
2019-11-14 14:46:36,356 [pool-193-thread-1] INFO  server.RaftServerConfigKeys (ConfUtils.java:logGet(43)) - raft.server.log.statemachine.data.sync.timeout = 10s (default)
2019-11-14 14:46:36,356 [pool-153-thread-1] INFO  server.RaftServerConfigKeys (ConfUtils.java:logGet(43)) - raft.server.log.segment.cache.num.max = 2 (custom)
2019-11-14 14:46:36,356 [pool-193-thread-1] INFO  server.RaftServerConfigKeys (ConfUtils.java:logGet(43)) - raft.server.log.statemachine.data.sync.timeout.retry = -1 (default)
2019-11-14 14:46:36,356 [pool-203-thread-1] INFO  segmented.SegmentedRaftLogWorker (SegmentedRaftLogWorker.java:<init>(173)) - new 26facaca-2eaa-4eab-ad66-7bd9fd6334c7@group-6B170D7346CA-SegmentedRaftLogWorker for RaftStorage:Storage Directory /workdir/hadoop-ozone/integration-test/target/test-dir/MiniOzoneClusterImpl-fe7ca568-a673-4336-8267-b2734a58a5d6/datanode-5/data/ratis/9509bf5c-6cfe-47d6-a95d-6b170d7346ca
2019-11-14 14:46:36,356 [pool-153-thread-1] INFO  segmented.SegmentedRaftLogWorker (SegmentedRaftLogWorker.java:<init>(173)) - new c792febc-28cf-4355-b2f7-5c4ed618863d@group-6B170D7346CA-SegmentedRaftLogWorker for RaftStorage:Storage Directory /workdir/hadoop-ozone/integration-test/target/test-dir/MiniOzoneClusterImpl-fe7ca568-a673-4336-8267-b2734a58a5d6/datanode-0/data/ratis/9509bf5c-6cfe-47d6-a95d-6b170d7346ca
2019-11-14 14:46:36,357 [pool-203-thread-1] INFO  server.RaftServerConfigKeys (ConfUtils.java:logGet(43)) - raft.server.log.queue.byte-limit = 2147483647 (custom)
2019-11-14 14:46:36,357 [pool-193-thread-1] INFO  server.RaftServerConfigKeys (ConfUtils.java:logGet(43)) - raft.server.log.statemachine.data.caching.enabled = true (custom)
2019-11-14 14:46:36,357 [pool-203-thread-1] INFO  server.RaftServerConfigKeys (ConfUtils.java:logGet(43)) - raft.server.log.queue.element-limit = 1024 (custom)
2019-11-14 14:46:36,357 [pool-153-thread-1] INFO  server.RaftServerConfigKeys (ConfUtils.java:logGet(43)) - raft.server.log.queue.byte-limit = 2147483647 (custom)
2019-11-14 14:46:36,357 [pool-193-thread-1] INFO  segmented.SegmentedRaftLogWorker (SegmentedRaftLogWorker.java:lambda$new$0(128)) - f7c73f5f-a922-4e72-9f0e-14e1adb29082@group-6B170D7346CA-SegmentedRaftLogWorker: flushIndex: setUnconditionally 0 -> -1
2019-11-14 14:46:36,357 [pool-203-thread-1] INFO  server.RaftServerConfigKeys (ConfUtils.java:logGet(43)) - raft.server.log.segment.size.max = 1048576 (custom)
2019-11-14 14:46:36,357 [pool-153-thread-1] INFO  server.RaftServerConfigKeys (ConfUtils.java:logGet(43)) - raft.server.log.queue.element-limit = 1024 (custom)
2019-11-14 14:46:36,357 [pool-193-thread-1] INFO  server.RaftServerConfigKeys (ConfUtils.java:logGet(43)) - raft.server.snapshot.auto.trigger.enabled = true (custom)
2019-11-14 14:46:36,357 [pool-203-thread-1] INFO  server.RaftServerConfigKeys (ConfUtils.java:logGet(43)) - raft.server.log.preallocated.size = 16384 (custom)
2019-11-14 14:46:36,358 [pool-193-thread-1] INFO  server.RaftServerConfigKeys (ConfUtils.java:logGet(43)) - raft.server.snapshot.auto.trigger.threshold = 10000 (custom)
2019-11-14 14:46:36,357 [pool-153-thread-1] INFO  server.RaftServerConfigKeys (ConfUtils.java:logGet(43)) - raft.server.log.segment.size.max = 1048576 (custom)
2019-11-14 14:46:36,358 [pool-193-thread-1] INFO  server.RaftServerConfigKeys (ConfUtils.java:logGet(43)) - raft.server.snapshot.retention.file.num = 5 (custom)
2019-11-14 14:46:36,358 [pool-203-thread-1] INFO  server.RaftServerConfigKeys (ConfUtils.java:logGet(43)) - raft.server.log.write.buffer.size = 33554432 (custom)
2019-11-14 14:46:36,358 [pool-193-thread-1] INFO  server.RaftServerConfigKeys (ConfUtils.java:logGet(43)) - raft.server.retrycache.expirytime = 600000ms (custom)
2019-11-14 14:46:36,358 [pool-153-thread-1] INFO  server.RaftServerConfigKeys (ConfUtils.java:logGet(43)) - raft.server.log.preallocated.size = 16384 (custom)
2019-11-14 14:46:36,358 [pool-203-thread-1] INFO  server.RaftServerConfigKeys (ConfUtils.java:logGet(43)) - raft.server.log.force.sync.num = 128 (default)
2019-11-14 14:46:36,358 [pool-193-thread-1] WARN  impl.MetricRegistriesImpl (MetricRegistriesImpl.java:lambda$create$1(61)) - First MetricRegistry has been created without registering reporters. You may need to call MetricRegistries.global().addReportRegistration(...) before.
2019-11-14 14:46:36,358 [pool-153-thread-1] INFO  server.RaftServerConfigKeys (ConfUtils.java:logGet(43)) - raft.server.log.write.buffer.size = 33554432 (custom)
2019-11-14 14:46:36,359 [pool-193-thread-1] WARN  impl.MetricRegistriesImpl (MetricRegistriesImpl.java:lambda$create$1(61)) - First MetricRegistry has been created without registering reporters. You may need to call MetricRegistries.global().addReportRegistration(...) before.
2019-11-14 14:46:36,358 [pool-203-thread-1] INFO  server.RaftServerConfigKeys (ConfUtils.java:logGet(43)) - raft.server.log.statemachine.data.sync = true (default)
2019-11-14 14:46:36,359 [pool-153-thread-1] INFO  server.RaftServerConfigKeys (ConfUtils.java:logGet(43)) - raft.server.log.force.sync.num = 128 (default)
2019-11-14 14:46:36,359 [pool-193-thread-1] INFO  impl.RaftServerImpl (RaftServerImpl.java:start(184)) - f7c73f5f-a922-4e72-9f0e-14e1adb29082@group-6B170D7346CA: start as a follower, conf=-1: [c792febc-28cf-4355-b2f7-5c4ed618863d:192.168.157.221:39600, f7c73f5f-a922-4e72-9f0e-14e1adb29082:192.168.157.221:38185, 26facaca-2eaa-4eab-ad66-7bd9fd6334c7:192.168.157.221:41610], old=null
2019-11-14 14:46:36,359 [pool-203-thread-1] INFO  server.RaftServerConfigKeys (ConfUtils.java:logGet(43)) - raft.server.log.statemachine.data.sync.timeout = 10s (default)
2019-11-14 14:46:36,359 [pool-193-thread-1] INFO  impl.RaftServerImpl (RaftServerImpl.java:setRole(173)) - f7c73f5f-a922-4e72-9f0e-14e1adb29082@group-6B170D7346CA: changes role from      null to FOLLOWER at term 0 for startAsFollower
2019-11-14 14:46:36,359 [pool-153-thread-1] INFO  server.RaftServerConfigKeys (ConfUtils.java:logGet(43)) - raft.server.log.statemachine.data.sync = true (default)
2019-11-14 14:46:36,359 [pool-193-thread-1] INFO  impl.RoleInfo (RoleInfo.java:updateAndGet(143)) - f7c73f5f-a922-4e72-9f0e-14e1adb29082: start FollowerState
2019-11-14 14:46:36,359 [pool-203-thread-1] INFO  server.RaftServerConfigKeys (ConfUtils.java:logGet(43)) - raft.server.log.statemachine.data.sync.timeout.retry = -1 (default)
2019-11-14 14:46:36,359 [pool-153-thread-1] INFO  server.RaftServerConfigKeys (ConfUtils.java:logGet(43)) - raft.server.log.statemachine.data.sync.timeout = 10s (default)
2019-11-14 14:46:36,360 [pool-203-thread-1] INFO  server.RaftServerConfigKeys (ConfUtils.java:logGet(43)) - raft.server.log.statemachine.data.caching.enabled = true (custom)
2019-11-14 14:46:36,360 [pool-153-thread-1] INFO  server.RaftServerConfigKeys (ConfUtils.java:logGet(43)) - raft.server.log.statemachine.data.sync.timeout.retry = -1 (default)
2019-11-14 14:46:36,368 [pool-203-thread-1] INFO  segmented.SegmentedRaftLogWorker (SegmentedRaftLogWorker.java:lambda$new$0(128)) - 26facaca-2eaa-4eab-ad66-7bd9fd6334c7@group-6B170D7346CA-SegmentedRaftLogWorker: flushIndex: setUnconditionally 0 -> -1
2019-11-14 14:46:36,368 [pool-193-thread-1] INFO  util.JmxRegister (JmxRegister.java:tryRegister(44)) - Successfully registered JMX Bean with object name Ratis:service=RaftServer,group=group-6B170D7346CA,id=f7c73f5f-a922-4e72-9f0e-14e1adb29082
2019-11-14 14:46:36,369 [pool-203-thread-1] INFO  server.RaftServerConfigKeys (ConfUtils.java:logGet(43)) - raft.server.snapshot.auto.trigger.enabled = true (custom)
2019-11-14 14:46:36,369 [pool-193-thread-1] WARN  impl.MetricRegistriesImpl (MetricRegistriesImpl.java:lambda$create$1(61)) - First MetricRegistry has been created without registering reporters. You may need to call MetricRegistries.global().addReportRegistration(...) before.
2019-11-14 14:46:36,368 [pool-153-thread-1] INFO  server.RaftServerConfigKeys (ConfUtils.java:logGet(43)) - raft.server.log.statemachine.data.caching.enabled = true (custom)
2019-11-14 14:46:36,369 [pool-203-thread-1] INFO  server.RaftServerConfigKeys (ConfUtils.java:logGet(43)) - raft.server.snapshot.auto.trigger.threshold = 10000 (custom)
2019-11-14 14:46:36,369 [pool-203-thread-1] INFO  server.RaftServerConfigKeys (ConfUtils.java:logGet(43)) - raft.server.snapshot.retention.file.num = 5 (custom)
2019-11-14 14:46:36,369 [pool-153-thread-1] INFO  segmented.SegmentedRaftLogWorker (SegmentedRaftLogWorker.java:lambda$new$0(128)) - c792febc-28cf-4355-b2f7-5c4ed618863d@group-6B170D7346CA-SegmentedRaftLogWorker: flushIndex: setUnconditionally 0 -> -1
2019-11-14 14:46:36,373 [pool-203-thread-1] INFO  server.RaftServerConfigKeys (ConfUtils.java:logGet(43)) - raft.server.retrycache.expirytime = 600000ms (custom)
2019-11-14 14:46:36,373 [pool-153-thread-1] INFO  server.RaftServerConfigKeys (ConfUtils.java:logGet(43)) - raft.server.snapshot.auto.trigger.enabled = true (custom)
2019-11-14 14:46:36,374 [pool-203-thread-1] WARN  impl.MetricRegistriesImpl (MetricRegistriesImpl.java:lambda$create$1(61)) - First MetricRegistry has been created without registering reporters. You may need to call MetricRegistries.global().addReportRegistration(...) before.
2019-11-14 14:46:36,374 [pool-153-thread-1] INFO  server.RaftServerConfigKeys (ConfUtils.java:logGet(43)) - raft.server.snapshot.auto.trigger.threshold = 10000 (custom)
2019-11-14 14:46:36,374 [pool-203-thread-1] WARN  impl.MetricRegistriesImpl (MetricRegistriesImpl.java:lambda$create$1(61)) - First MetricRegistry has been created without registering reporters. You may need to call MetricRegistries.global().addReportRegistration(...) before.
2019-11-14 14:46:36,374 [pool-153-thread-1] INFO  server.RaftServerConfigKeys (ConfUtils.java:logGet(43)) - raft.server.snapshot.retention.file.num = 5 (custom)
2019-11-14 14:46:36,374 [pool-203-thread-1] INFO  impl.RaftServerImpl (RaftServerImpl.java:start(184)) - 26facaca-2eaa-4eab-ad66-7bd9fd6334c7@group-6B170D7346CA: start as a follower, conf=-1: [c792febc-28cf-4355-b2f7-5c4ed618863d:192.168.157.221:39600, f7c73f5f-a922-4e72-9f0e-14e1adb29082:192.168.157.221:38185, 26facaca-2eaa-4eab-ad66-7bd9fd6334c7:192.168.157.221:41610], old=null
2019-11-14 14:46:36,374 [pool-153-thread-1] INFO  server.RaftServerConfigKeys (ConfUtils.java:logGet(43)) - raft.server.retrycache.expirytime = 600000ms (custom)
2019-11-14 14:46:36,374 [pool-203-thread-1] INFO  impl.RaftServerImpl (RaftServerImpl.java:setRole(173)) - 26facaca-2eaa-4eab-ad66-7bd9fd6334c7@group-6B170D7346CA: changes role from      null to FOLLOWER at term 0 for startAsFollower
2019-11-14 14:46:36,374 [pool-153-thread-1] WARN  impl.MetricRegistriesImpl (MetricRegistriesImpl.java:lambda$create$1(61)) - First MetricRegistry has been created without registering reporters. You may need to call MetricRegistries.global().addReportRegistration(...) before.
2019-11-14 14:46:36,374 [pool-203-thread-1] INFO  impl.RoleInfo (RoleInfo.java:updateAndGet(143)) - 26facaca-2eaa-4eab-ad66-7bd9fd6334c7: start FollowerState
2019-11-14 14:46:36,374 [pool-153-thread-1] WARN  impl.MetricRegistriesImpl (MetricRegistriesImpl.java:lambda$create$1(61)) - First MetricRegistry has been created without registering reporters. You may need to call MetricRegistries.global().addReportRegistration(...) before.
2019-11-14 14:46:36,375 [pool-153-thread-1] INFO  impl.RaftServerImpl (RaftServerImpl.java:start(184)) - c792febc-28cf-4355-b2f7-5c4ed618863d@group-6B170D7346CA: start as a follower, conf=-1: [c792febc-28cf-4355-b2f7-5c4ed618863d:192.168.157.221:39600, f7c73f5f-a922-4e72-9f0e-14e1adb29082:192.168.157.221:38185, 26facaca-2eaa-4eab-ad66-7bd9fd6334c7:192.168.157.221:41610], old=null
2019-11-14 14:46:36,375 [pool-203-thread-1] INFO  util.JmxRegister (JmxRegister.java:tryRegister(44)) - Successfully registered JMX Bean with object name Ratis:service=RaftServer,group=group-6B170D7346CA,id=26facaca-2eaa-4eab-ad66-7bd9fd6334c7
2019-11-14 14:46:36,375 [pool-153-thread-1] INFO  impl.RaftServerImpl (RaftServerImpl.java:setRole(173)) - c792febc-28cf-4355-b2f7-5c4ed618863d@group-6B170D7346CA: changes role from      null to FOLLOWER at term 0 for startAsFollower
2019-11-14 14:46:36,375 [pool-203-thread-1] WARN  impl.MetricRegistriesImpl (MetricRegistriesImpl.java:lambda$create$1(61)) - First MetricRegistry has been created without registering reporters. You may need to call MetricRegistries.global().addReportRegistration(...) before.
2019-11-14 14:46:36,375 [pool-153-thread-1] INFO  impl.RoleInfo (RoleInfo.java:updateAndGet(143)) - c792febc-28cf-4355-b2f7-5c4ed618863d: start FollowerState
2019-11-14 14:46:36,375 [pool-153-thread-1] INFO  util.JmxRegister (JmxRegister.java:tryRegister(44)) - Successfully registered JMX Bean with object name Ratis:service=RaftServer,group=group-6B170D7346CA,id=c792febc-28cf-4355-b2f7-5c4ed618863d
2019-11-14 14:46:36,376 [pool-153-thread-1] WARN  impl.MetricRegistriesImpl (MetricRegistriesImpl.java:lambda$create$1(61)) - First MetricRegistry has been created without registering reporters. You may need to call MetricRegistries.global().addReportRegistration(...) before.
2019-11-14 14:46:36,378 [RatisPipelineUtilsThread] INFO  pipeline.PipelineStateManager (PipelineStateManager.java:addPipeline(55)) - Created pipeline Pipeline[ Id: 9509bf5c-6cfe-47d6-a95d-6b170d7346ca, Nodes: f7c73f5f-a922-4e72-9f0e-14e1adb29082{ip: 192.168.157.221, host: pr-hdds-2408-9n676-254309887, networkLocation: /default-rack, certSerialId: null}c792febc-28cf-4355-b2f7-5c4ed618863d{ip: 192.168.157.221, host: pr-hdds-2408-9n676-254309887, networkLocation: /default-rack, certSerialId: null}26facaca-2eaa-4eab-ad66-7bd9fd6334c7{ip: 192.168.157.221, host: pr-hdds-2408-9n676-254309887, networkLocation: /default-rack, certSerialId: null}, Type:RATIS, Factor:THREE, State:ALLOCATED]
2019-11-14 14:46:36,700 [Thread-2008] INFO  impl.FollowerState (FollowerState.java:run(111)) - c792febc-28cf-4355-b2f7-5c4ed618863d@group-CC864FCB266F-FollowerState: change to CANDIDATE, lastRpcTime:1125ms, electionTimeout:1125ms
2019-11-14 14:46:36,700 [Thread-2008] INFO  impl.RoleInfo (RoleInfo.java:shutdownFollowerState(121)) - c792febc-28cf-4355-b2f7-5c4ed618863d: shutdown FollowerState
2019-11-14 14:46:36,701 [Thread-2008] INFO  impl.RaftServerImpl (RaftServerImpl.java:setRole(173)) - c792febc-28cf-4355-b2f7-5c4ed618863d@group-CC864FCB266F: changes role from  FOLLOWER to CANDIDATE at term 0 for changeToCandidate
2019-11-14 14:46:36,701 [Thread-2008] INFO  impl.RoleInfo (RoleInfo.java:updateAndGet(143)) - c792febc-28cf-4355-b2f7-5c4ed618863d: start LeaderElection
2019-11-14 14:46:36,750 [c792febc-28cf-4355-b2f7-5c4ed618863d@group-CC864FCB266F-LeaderElection39] INFO  impl.LeaderElection (LeaderElection.java:askForVotes(178)) - c792febc-28cf-4355-b2f7-5c4ed618863d@group-CC864FCB266F-LeaderElection39: begin an election at term 1 for -1: [c792febc-28cf-4355-b2f7-5c4ed618863d:192.168.157.221:39600], old=null
2019-11-14 14:46:36,754 [c792febc-28cf-4355-b2f7-5c4ed618863d@group-CC864FCB266F-LeaderElection39] INFO  impl.RoleInfo (RoleInfo.java:shutdownLeaderElection(134)) - c792febc-28cf-4355-b2f7-5c4ed618863d: shutdown LeaderElection
2019-11-14 14:46:36,754 [main] WARN  scm.XceiverClientRatis (XceiverClientRatis.java:watchForCommit(277)) - 3 way commit failed on pipeline Pipeline[ Id: b3138f24-0ecc-43d8-80a4-1e1c7163d28a, Nodes: 57a77f7a-d8c9-4cec-aa3c-e1c9007164ed{ip: 192.168.157.221, host: pr-hdds-2408-9n676-254309887, networkLocation: /default-rack, certSerialId: null}7df5b927-629b-4e54-9168-113c4a7809a2{ip: 192.168.157.221, host: pr-hdds-2408-9n676-254309887, networkLocation: /default-rack, certSerialId: null}d630e0b1-4536-4869-ba91-999e142c5c29{ip: 192.168.157.221, host: pr-hdds-2408-9n676-254309887, networkLocation: /default-rack, certSerialId: null}, Type:RATIS, Factor:THREE, State:OPEN]
java.util.concurrent.ExecutionException: org.apache.ratis.protocol.GroupMismatchException: d630e0b1-4536-4869-ba91-999e142c5c29: group-1E1C7163D28A not found.
	at java.util.concurrent.CompletableFuture.reportGet(CompletableFuture.java:357)
	at java.util.concurrent.CompletableFuture.get(CompletableFuture.java:1915)
	at org.apache.hadoop.hdds.scm.XceiverClientRatis.watchForCommit(XceiverClientRatis.java:274)
	at org.apache.hadoop.hdds.scm.storage.CommitWatcher.watchForCommit(CommitWatcher.java:198)
	at org.apache.hadoop.hdds.scm.storage.CommitWatcher.watchOnFirstIndex(CommitWatcher.java:137)
	at org.apache.hadoop.hdds.scm.storage.BlockOutputStream.watchForCommit(BlockOutputStream.java:346)
	at org.apache.hadoop.hdds.scm.storage.BlockOutputStream.handleFullBuffer(BlockOutputStream.java:323)
	at org.apache.hadoop.hdds.scm.storage.BlockOutputStream.write(BlockOutputStream.java:250)
	at org.apache.hadoop.ozone.client.io.BlockOutputStreamEntry.write(BlockOutputStreamEntry.java:129)
	at org.apache.hadoop.ozone.client.io.KeyOutputStream.handleWrite(KeyOutputStream.java:208)
	at org.apache.hadoop.ozone.client.io.KeyOutputStream.write(KeyOutputStream.java:190)
	at org.apache.hadoop.ozone.client.io.OzoneOutputStream.write(OzoneOutputStream.java:49)
	at java.io.OutputStream.write(OutputStream.java:75)
	at org.apache.hadoop.ozone.client.rpc.TestMultiBlockWritesWithDnFailures.testMultiBlockWritesWithDnFailures(TestMultiBlockWritesWithDnFailures.java:123)
	at sun.reflect.NativeMethodAccessorImpl.invoke0(Native Method)
	at sun.reflect.NativeMethodAccessorImpl.invoke(NativeMethodAccessorImpl.java:62)
	at sun.reflect.DelegatingMethodAccessorImpl.invoke(DelegatingMethodAccessorImpl.java:43)
	at java.lang.reflect.Method.invoke(Method.java:498)
	at org.junit.runners.model.FrameworkMethod$1.runReflectiveCall(FrameworkMethod.java:47)
	at org.junit.internal.runners.model.ReflectiveCallable.run(ReflectiveCallable.java:12)
	at org.junit.runners.model.FrameworkMethod.invokeExplosively(FrameworkMethod.java:44)
	at org.junit.internal.runners.statements.InvokeMethod.evaluate(InvokeMethod.java:17)
	at org.junit.internal.runners.statements.RunAfters.evaluate(RunAfters.java:27)
	at org.junit.runners.ParentRunner.runLeaf(ParentRunner.java:271)
	at org.junit.runners.BlockJUnit4ClassRunner.runChild(BlockJUnit4ClassRunner.java:70)
	at org.junit.runners.BlockJUnit4ClassRunner.runChild(BlockJUnit4ClassRunner.java:50)
	at org.junit.runners.ParentRunner$3.run(ParentRunner.java:238)
	at org.junit.runners.ParentRunner$1.schedule(ParentRunner.java:63)
	at org.junit.runners.ParentRunner.runChildren(ParentRunner.java:236)
	at org.junit.runners.ParentRunner.access$000(ParentRunner.java:53)
	at org.junit.runners.ParentRunner$2.evaluate(ParentRunner.java:229)
	at org.junit.runners.ParentRunner.run(ParentRunner.java:309)
	at org.apache.maven.surefire.junit4.JUnit4Provider.execute(JUnit4Provider.java:365)
	at org.apache.maven.surefire.junit4.JUnit4Provider.executeWithRerun(JUnit4Provider.java:273)
	at org.apache.maven.surefire.junit4.JUnit4Provider.executeTestSet(JUnit4Provider.java:238)
	at org.apache.maven.surefire.junit4.JUnit4Provider.invoke(JUnit4Provider.java:159)
	at org.apache.maven.surefire.booter.ForkedBooter.invokeProviderInSameClassLoader(ForkedBooter.java:384)
	at org.apache.maven.surefire.booter.ForkedBooter.runSuitesInProcess(ForkedBooter.java:345)
	at org.apache.maven.surefire.booter.ForkedBooter.execute(ForkedBooter.java:126)
	at org.apache.maven.surefire.booter.ForkedBooter.main(ForkedBooter.java:418)
Caused by: org.apache.ratis.protocol.GroupMismatchException: d630e0b1-4536-4869-ba91-999e142c5c29: group-1E1C7163D28A not found.
	at org.apache.ratis.server.impl.RaftServerProxy$ImplMap.get(RaftServerProxy.java:122)
	at org.apache.ratis.server.impl.RaftServerProxy.getImplFuture(RaftServerProxy.java:269)
	at org.apache.ratis.server.impl.RaftServerProxy.submitRequest(RaftServerProxy.java:327)
	at org.apache.ratis.server.impl.RaftServerProxy.submitClientRequestAsync(RaftServerProxy.java:333)
	at org.apache.ratis.grpc.client.GrpcClientProtocolService$RequestStreamObserver.processClientRequest(GrpcClientProtocolService.java:221)
	at org.apache.ratis.grpc.client.GrpcClientProtocolService$UnorderedRequestStreamObserver.processClientRequest(GrpcClientProtocolService.java:277)
	at org.apache.ratis.grpc.client.GrpcClientProtocolService$RequestStreamObserver.onNext(GrpcClientProtocolService.java:241)
	at org.apache.ratis.grpc.client.GrpcClientProtocolService$RequestStreamObserver.onNext(GrpcClientProtocolService.java:168)
	at org.apache.ratis.thirdparty.io.grpc.stub.ServerCalls$StreamingServerCallHandler$StreamingServerCallListener.onMessage(ServerCalls.java:248)
	at org.apache.ratis.thirdparty.io.grpc.internal.ServerCallImpl$ServerStreamListenerImpl.messagesAvailable(ServerCallImpl.java:263)
	at org.apache.ratis.thirdparty.io.grpc.internal.ServerImpl$JumpToApplicationThreadServerStreamListener$1MessagesAvailable.runInContext(ServerImpl.java:686)
	at org.apache.ratis.thirdparty.io.grpc.internal.ContextRunnable.run(ContextRunnable.java:37)
	at org.apache.ratis.thirdparty.io.grpc.internal.SerializingExecutor.run(SerializingExecutor.java:123)
	at java.util.concurrent.ThreadPoolExecutor.runWorker(ThreadPoolExecutor.java:1149)
	at java.util.concurrent.ThreadPoolExecutor$Worker.run(ThreadPoolExecutor.java:624)
	at java.lang.Thread.run(Thread.java:748)
2019-11-14 14:46:36,754 [c792febc-28cf-4355-b2f7-5c4ed618863d@group-CC864FCB266F-LeaderElection39] INFO  impl.RaftServerImpl (RaftServerImpl.java:setRole(173)) - c792febc-28cf-4355-b2f7-5c4ed618863d@group-CC864FCB266F: changes role from CANDIDATE to LEADER at term 1 for changeToLeader
2019-11-14 14:46:36,755 [main] WARN  storage.CommitWatcher (CommitWatcher.java:watchForCommit(207)) - watchForCommit failed for index 10
java.util.concurrent.ExecutionException: org.apache.ratis.protocol.GroupMismatchException: d630e0b1-4536-4869-ba91-999e142c5c29: group-1E1C7163D28A not found.
	at java.util.concurrent.CompletableFuture.reportGet(CompletableFuture.java:357)
	at java.util.concurrent.CompletableFuture.get(CompletableFuture.java:1915)
	at org.apache.hadoop.hdds.scm.XceiverClientRatis.watchForCommit(XceiverClientRatis.java:274)
	at org.apache.hadoop.hdds.scm.storage.CommitWatcher.watchForCommit(CommitWatcher.java:198)
	at org.apache.hadoop.hdds.scm.storage.CommitWatcher.watchOnFirstIndex(CommitWatcher.java:137)
	at org.apache.hadoop.hdds.scm.storage.BlockOutputStream.watchForCommit(BlockOutputStream.java:346)
	at org.apache.hadoop.hdds.scm.storage.BlockOutputStream.handleFullBuffer(BlockOutputStream.java:323)
	at org.apache.hadoop.hdds.scm.storage.BlockOutputStream.write(BlockOutputStream.java:250)
	at org.apache.hadoop.ozone.client.io.BlockOutputStreamEntry.write(BlockOutputStreamEntry.java:129)
	at org.apache.hadoop.ozone.client.io.KeyOutputStream.handleWrite(KeyOutputStream.java:208)
	at org.apache.hadoop.ozone.client.io.KeyOutputStream.write(KeyOutputStream.java:190)
	at org.apache.hadoop.ozone.client.io.OzoneOutputStream.write(OzoneOutputStream.java:49)
	at java.io.OutputStream.write(OutputStream.java:75)
	at org.apache.hadoop.ozone.client.rpc.TestMultiBlockWritesWithDnFailures.testMultiBlockWritesWithDnFailures(TestMultiBlockWritesWithDnFailures.java:123)
	at sun.reflect.NativeMethodAccessorImpl.invoke0(Native Method)
	at sun.reflect.NativeMethodAccessorImpl.invoke(NativeMethodAccessorImpl.java:62)
	at sun.reflect.DelegatingMethodAccessorImpl.invoke(DelegatingMethodAccessorImpl.java:43)
	at java.lang.reflect.Method.invoke(Method.java:498)
	at org.junit.runners.model.FrameworkMethod$1.runReflectiveCall(FrameworkMethod.java:47)
	at org.junit.internal.runners.model.ReflectiveCallable.run(ReflectiveCallable.java:12)
	at org.junit.runners.model.FrameworkMethod.invokeExplosively(FrameworkMethod.java:44)
	at org.junit.internal.runners.statements.InvokeMethod.evaluate(InvokeMethod.java:17)
	at org.junit.internal.runners.statements.RunAfters.evaluate(RunAfters.java:27)
	at org.junit.runners.ParentRunner.runLeaf(ParentRunner.java:271)
	at org.junit.runners.BlockJUnit4ClassRunner.runChild(BlockJUnit4ClassRunner.java:70)
	at org.junit.runners.BlockJUnit4ClassRunner.runChild(BlockJUnit4ClassRunner.java:50)
	at org.junit.runners.ParentRunner$3.run(ParentRunner.java:238)
	at org.junit.runners.ParentRunner$1.schedule(ParentRunner.java:63)
	at org.junit.runners.ParentRunner.runChildren(ParentRunner.java:236)
	at org.junit.runners.ParentRunner.access$000(ParentRunner.java:53)
	at org.junit.runners.ParentRunner$2.evaluate(ParentRunner.java:229)
	at org.junit.runners.ParentRunner.run(ParentRunner.java:309)
	at org.apache.maven.surefire.junit4.JUnit4Provider.execute(JUnit4Provider.java:365)
	at org.apache.maven.surefire.junit4.JUnit4Provider.executeWithRerun(JUnit4Provider.java:273)
	at org.apache.maven.surefire.junit4.JUnit4Provider.executeTestSet(JUnit4Provider.java:238)
	at org.apache.maven.surefire.junit4.JUnit4Provider.invoke(JUnit4Provider.java:159)
	at org.apache.maven.surefire.booter.ForkedBooter.invokeProviderInSameClassLoader(ForkedBooter.java:384)
	at org.apache.maven.surefire.booter.ForkedBooter.runSuitesInProcess(ForkedBooter.java:345)
	at org.apache.maven.surefire.booter.ForkedBooter.execute(ForkedBooter.java:126)
	at org.apache.maven.surefire.booter.ForkedBooter.main(ForkedBooter.java:418)
Caused by: org.apache.ratis.protocol.GroupMismatchException: d630e0b1-4536-4869-ba91-999e142c5c29: group-1E1C7163D28A not found.
	at org.apache.ratis.server.impl.RaftServerProxy$ImplMap.get(RaftServerProxy.java:122)
	at org.apache.ratis.server.impl.RaftServerProxy.getImplFuture(RaftServerProxy.java:269)
	at org.apache.ratis.server.impl.RaftServerProxy.submitRequest(RaftServerProxy.java:327)
	at org.apache.ratis.server.impl.RaftServerProxy.submitClientRequestAsync(RaftServerProxy.java:333)
	at org.apache.ratis.grpc.client.GrpcClientProtocolService$RequestStreamObserver.processClientRequest(GrpcClientProtocolService.java:221)
	at org.apache.ratis.grpc.client.GrpcClientProtocolService$UnorderedRequestStreamObserver.processClientRequest(GrpcClientProtocolService.java:277)
	at org.apache.ratis.grpc.client.GrpcClientProtocolService$RequestStreamObserver.onNext(GrpcClientProtocolService.java:241)
	at org.apache.ratis.grpc.client.GrpcClientProtocolService$RequestStreamObserver.onNext(GrpcClientProtocolService.java:168)
	at org.apache.ratis.thirdparty.io.grpc.stub.ServerCalls$StreamingServerCallHandler$StreamingServerCallListener.onMessage(ServerCalls.java:248)
	at org.apache.ratis.thirdparty.io.grpc.internal.ServerCallImpl$ServerStreamListenerImpl.messagesAvailable(ServerCallImpl.java:263)
	at org.apache.ratis.thirdparty.io.grpc.internal.ServerImpl$JumpToApplicationThreadServerStreamListener$1MessagesAvailable.runInContext(ServerImpl.java:686)
	at org.apache.ratis.thirdparty.io.grpc.internal.ContextRunnable.run(ContextRunnable.java:37)
	at org.apache.ratis.thirdparty.io.grpc.internal.SerializingExecutor.run(SerializingExecutor.java:123)
	at java.util.concurrent.ThreadPoolExecutor.runWorker(ThreadPoolExecutor.java:1149)
	at java.util.concurrent.ThreadPoolExecutor$Worker.run(ThreadPoolExecutor.java:624)
	at java.lang.Thread.run(Thread.java:748)
2019-11-14 14:46:36,755 [c792febc-28cf-4355-b2f7-5c4ed618863d@group-CC864FCB266F-LeaderElection39] INFO  ratis.XceiverServerRatis (XceiverServerRatis.java:handleLeaderChangedNotification(697)) - Leader change notification received for group: group-CC864FCB266F with new leaderId: c792febc-28cf-4355-b2f7-5c4ed618863d
2019-11-14 14:46:36,757 [c792febc-28cf-4355-b2f7-5c4ed618863d@group-CC864FCB266F-LeaderElection39] INFO  impl.RaftServerImpl (ServerState.java:setLeader(255)) - c792febc-28cf-4355-b2f7-5c4ed618863d@group-CC864FCB266F: change Leader from null to c792febc-28cf-4355-b2f7-5c4ed618863d at term 1 for becomeLeader, leader elected after 1185ms
2019-11-14 14:46:36,758 [c792febc-28cf-4355-b2f7-5c4ed618863d@group-CC864FCB266F-LeaderElection39] INFO  server.RaftServerConfigKeys (ConfUtils.java:logGet(43)) - raft.server.staging.catchup.gap = 1000 (default)
2019-11-14 14:46:36,758 [c792febc-28cf-4355-b2f7-5c4ed618863d@group-CC864FCB266F-LeaderElection39] INFO  server.RaftServerConfigKeys (ConfUtils.java:logGet(43)) - raft.server.rpc.sleep.time = 25ms (default)
2019-11-14 14:46:36,758 [main] WARN  io.KeyOutputStream (KeyOutputStream.java:handleException(274)) - Encountered exception java.io.IOException: Unexpected Storage Container Exception: java.io.IOException: Unexpected Storage Container Exception: java.util.concurrent.ExecutionException: org.apache.ratis.protocol.GroupMismatchException: d630e0b1-4536-4869-ba91-999e142c5c29: group-1E1C7163D28A not found. on the pipeline Pipeline[ Id: b3138f24-0ecc-43d8-80a4-1e1c7163d28a, Nodes: 57a77f7a-d8c9-4cec-aa3c-e1c9007164ed{ip: 192.168.157.221, host: pr-hdds-2408-9n676-254309887, networkLocation: /default-rack, certSerialId: null}7df5b927-629b-4e54-9168-113c4a7809a2{ip: 192.168.157.221, host: pr-hdds-2408-9n676-254309887, networkLocation: /default-rack, certSerialId: null}d630e0b1-4536-4869-ba91-999e142c5c29{ip: 192.168.157.221, host: pr-hdds-2408-9n676-254309887, networkLocation: /default-rack, certSerialId: null}, Type:RATIS, Factor:THREE, State:OPEN]. The last committed block length is 2097152, uncommitted data length is 2097152 retry count 0
2019-11-14 14:46:36,758 [c792febc-28cf-4355-b2f7-5c4ed618863d@group-CC864FCB266F-LeaderElection39] INFO  server.RaftServerConfigKeys (ConfUtils.java:logGet(43)) - raft.server.write.element-limit = 4096 (default)
2019-11-14 14:46:36,758 [c792febc-28cf-4355-b2f7-5c4ed618863d@group-CC864FCB266F-LeaderElection39] INFO  server.RaftServerConfigKeys (ConfUtils.java:logGet(43)) - raft.server.watch.timeout = 10s (default)
2019-11-14 14:46:36,758 [main] INFO  io.BlockOutputStreamEntryPool (BlockOutputStreamEntryPool.java:allocateNewBlock(257)) - Allocating block with ExcludeList {datanodes = [], containerIds = [], pipelineIds = [PipelineID=b3138f24-0ecc-43d8-80a4-1e1c7163d28a]}
2019-11-14 14:46:36,758 [c792febc-28cf-4355-b2f7-5c4ed618863d@group-CC864FCB266F-LeaderElection39] INFO  server.RaftServerConfigKeys (ConfUtils.java:logGet(43)) - raft.server.watch.timeout.denomination = 1s (default)
2019-11-14 14:46:36,760 [c792febc-28cf-4355-b2f7-5c4ed618863d@group-CC864FCB266F-LeaderElection39] INFO  server.RaftServerConfigKeys (ConfUtils.java:logGet(43)) - raft.server.watch.element-limit = 65536 (default)
2019-11-14 14:46:36,760 [EventQueue-PipelineReportForPipelineReportHandler] INFO  pipeline.PipelineStateManager (PipelineStateManager.java:openPipeline(134)) - Pipeline Pipeline[ Id: f7e3ba1a-82e7-4e23-919c-cc864fcb266f, Nodes: c792febc-28cf-4355-b2f7-5c4ed618863d{ip: 192.168.157.221, host: pr-hdds-2408-9n676-254309887, networkLocation: /default-rack, certSerialId: null}, Type:RATIS, Factor:ONE, State:OPEN] moved to OPEN state
2019-11-14 14:46:36,760 [c792febc-28cf-4355-b2f7-5c4ed618863d@group-CC864FCB266F-LeaderElection39] INFO  impl.RoleInfo (RoleInfo.java:updateAndGet(143)) - c792febc-28cf-4355-b2f7-5c4ed618863d: start LeaderState
2019-11-14 14:46:36,761 [c792febc-28cf-4355-b2f7-5c4ed618863d@group-CC864FCB266F-LeaderElection39] INFO  segmented.SegmentedRaftLogWorker (SegmentedRaftLogWorker.java:startLogSegment(385)) - c792febc-28cf-4355-b2f7-5c4ed618863d@group-CC864FCB266F-SegmentedRaftLogWorker: Starting segment from index:0
2019-11-14 14:46:36,761 [c792febc-28cf-4355-b2f7-5c4ed618863d@group-CC864FCB266F-LeaderElection39] INFO  impl.RaftServerImpl (ServerState.java:setRaftConf(356)) - c792febc-28cf-4355-b2f7-5c4ed618863d@group-CC864FCB266F: set configuration 0: [c792febc-28cf-4355-b2f7-5c4ed618863d:192.168.157.221:39600], old=null at 0
2019-11-14 14:46:36,793 [IPC Server handler 0 on 32834] WARN  block.BlockManagerImpl (BlockManagerImpl.java:allocateBlock(200)) - Pipeline creation failed for type:RATIS factor:THREE. Retrying get pipelines call once.
org.apache.hadoop.hdds.scm.pipeline.InsufficientDatanodesException: Cannot create pipeline of factor 3 using 0 nodes.
	at org.apache.hadoop.hdds.scm.pipeline.RatisPipelineProvider.create(RatisPipelineProvider.java:153)
	at org.apache.hadoop.hdds.scm.pipeline.PipelineFactory.create(PipelineFactory.java:58)
	at org.apache.hadoop.hdds.scm.pipeline.SCMPipelineManager.createPipeline(SCMPipelineManager.java:155)
	at org.apache.hadoop.hdds.scm.block.BlockManagerImpl.allocateBlock(BlockManagerImpl.java:198)
	at org.apache.hadoop.hdds.scm.server.SCMBlockProtocolServer.allocateBlock(SCMBlockProtocolServer.java:187)
	at org.apache.hadoop.hdds.scm.protocol.ScmBlockLocationProtocolServerSideTranslatorPB.allocateScmBlock(ScmBlockLocationProtocolServerSideTranslatorPB.java:159)
	at org.apache.hadoop.hdds.scm.protocol.ScmBlockLocationProtocolServerSideTranslatorPB.processMessage(ScmBlockLocationProtocolServerSideTranslatorPB.java:117)
	at org.apache.hadoop.hdds.server.OzoneProtocolMessageDispatcher.processRequest(OzoneProtocolMessageDispatcher.java:72)
	at org.apache.hadoop.hdds.scm.protocol.ScmBlockLocationProtocolServerSideTranslatorPB.send(ScmBlockLocationProtocolServerSideTranslatorPB.java:98)
	at org.apache.hadoop.hdds.protocol.proto.ScmBlockLocationProtocolProtos$ScmBlockLocationProtocolService$2.callBlockingMethod(ScmBlockLocationProtocolProtos.java:13157)
	at org.apache.hadoop.ipc.ProtobufRpcEngine$Server$ProtoBufRpcInvoker.call(ProtobufRpcEngine.java:524)
	at org.apache.hadoop.ipc.RPC$Server.call(RPC.java:1025)
	at org.apache.hadoop.ipc.Server$RpcCall.run(Server.java:876)
	at org.apache.hadoop.ipc.Server$RpcCall.run(Server.java:822)
	at java.security.AccessController.doPrivileged(Native Method)
	at javax.security.auth.Subject.doAs(Subject.java:422)
	at org.apache.hadoop.security.UserGroupInformation.doAs(UserGroupInformation.java:1730)
	at org.apache.hadoop.ipc.Server$Handler.run(Server.java:2682)
2019-11-14 14:46:36,794 [IPC Server handler 0 on 32834] INFO  block.BlockManagerImpl (BlockManagerImpl.java:allocateBlock(212)) - Could not find available pipeline of type:RATIS and factor:THREE even after retrying
2019-11-14 14:46:36,794 [IPC Server handler 0 on 32834] ERROR block.BlockManagerImpl (BlockManagerImpl.java:allocateBlock(236)) - Unable to allocate a block for the size: 4194304, type: RATIS, factor: THREE
2019-11-14 14:46:36,799 [main] ERROR io.BlockOutputStreamEntryPool (BlockOutputStreamEntryPool.java:allocateBlockIfNeeded(310)) - Try to allocate more blocks for write failed, already allocated 0 blocks for this write.
INTERNAL_ERROR org.apache.hadoop.ozone.om.exceptions.OMException: Allocated 0 blocks. Requested 1 blocks
	at org.apache.hadoop.ozone.om.protocolPB.OzoneManagerProtocolClientSideTranslatorPB.handleError(OzoneManagerProtocolClientSideTranslatorPB.java:761)
	at org.apache.hadoop.ozone.om.protocolPB.OzoneManagerProtocolClientSideTranslatorPB.allocateBlock(OzoneManagerProtocolClientSideTranslatorPB.java:793)
	at sun.reflect.NativeMethodAccessorImpl.invoke0(Native Method)
	at sun.reflect.NativeMethodAccessorImpl.invoke(NativeMethodAccessorImpl.java:62)
	at sun.reflect.DelegatingMethodAccessorImpl.invoke(DelegatingMethodAccessorImpl.java:43)
	at java.lang.reflect.Method.invoke(Method.java:498)
	at org.apache.hadoop.hdds.tracing.TraceAllMethod.invoke(TraceAllMethod.java:66)
	at com.sun.proxy.$Proxy36.allocateBlock(Unknown Source)
	at org.apache.hadoop.ozone.client.io.BlockOutputStreamEntryPool.allocateNewBlock(BlockOutputStreamEntryPool.java:259)
	at org.apache.hadoop.ozone.client.io.BlockOutputStreamEntryPool.allocateBlockIfNeeded(BlockOutputStreamEntryPool.java:307)
	at org.apache.hadoop.ozone.client.io.KeyOutputStream.handleWrite(KeyOutputStream.java:198)
	at org.apache.hadoop.ozone.client.io.KeyOutputStream.handleRetry(KeyOutputStream.java:375)
	at org.apache.hadoop.ozone.client.io.KeyOutputStream.handleException(KeyOutputStream.java:324)
	at org.apache.hadoop.ozone.client.io.KeyOutputStream.handleWrite(KeyOutputStream.java:228)
	at org.apache.hadoop.ozone.client.io.KeyOutputStream.write(KeyOutputStream.java:190)
	at org.apache.hadoop.ozone.client.io.OzoneOutputStream.write(OzoneOutputStream.java:49)
	at java.io.OutputStream.write(OutputStream.java:75)
	at org.apache.hadoop.ozone.client.rpc.TestMultiBlockWritesWithDnFailures.testMultiBlockWritesWithDnFailures(TestMultiBlockWritesWithDnFailures.java:123)
	at sun.reflect.NativeMethodAccessorImpl.invoke0(Native Method)
	at sun.reflect.NativeMethodAccessorImpl.invoke(NativeMethodAccessorImpl.java:62)
	at sun.reflect.DelegatingMethodAccessorImpl.invoke(DelegatingMethodAccessorImpl.java:43)
	at java.lang.reflect.Method.invoke(Method.java:498)
	at org.junit.runners.model.FrameworkMethod$1.runReflectiveCall(FrameworkMethod.java:47)
	at org.junit.internal.runners.model.ReflectiveCallable.run(ReflectiveCallable.java:12)
	at org.junit.runners.model.FrameworkMethod.invokeExplosively(FrameworkMethod.java:44)
	at org.junit.internal.runners.statements.InvokeMethod.evaluate(InvokeMethod.java:17)
	at org.junit.internal.runners.statements.RunAfters.evaluate(RunAfters.java:27)
	at org.junit.runners.ParentRunner.runLeaf(ParentRunner.java:271)
	at org.junit.runners.BlockJUnit4ClassRunner.runChild(BlockJUnit4ClassRunner.java:70)
	at org.junit.runners.BlockJUnit4ClassRunner.runChild(BlockJUnit4ClassRunner.java:50)
	at org.junit.runners.ParentRunner$3.run(ParentRunner.java:238)
	at org.junit.runners.ParentRunner$1.schedule(ParentRunner.java:63)
	at org.junit.runners.ParentRunner.runChildren(ParentRunner.java:236)
	at org.junit.runners.ParentRunner.access$000(ParentRunner.java:53)
	at org.junit.runners.ParentRunner$2.evaluate(ParentRunner.java:229)
	at org.junit.runners.ParentRunner.run(ParentRunner.java:309)
	at org.apache.maven.surefire.junit4.JUnit4Provider.execute(JUnit4Provider.java:365)
	at org.apache.maven.surefire.junit4.JUnit4Provider.executeWithRerun(JUnit4Provider.java:273)
	at org.apache.maven.surefire.junit4.JUnit4Provider.executeTestSet(JUnit4Provider.java:238)
	at org.apache.maven.surefire.junit4.JUnit4Provider.invoke(JUnit4Provider.java:159)
	at org.apache.maven.surefire.booter.ForkedBooter.invokeProviderInSameClassLoader(ForkedBooter.java:384)
	at org.apache.maven.surefire.booter.ForkedBooter.runSuitesInProcess(ForkedBooter.java:345)
	at org.apache.maven.surefire.booter.ForkedBooter.execute(ForkedBooter.java:126)
	at org.apache.maven.surefire.booter.ForkedBooter.main(ForkedBooter.java:418)
2019-11-14 14:46:36,800 [main] INFO  ozone.MiniOzoneClusterImpl (MiniOzoneClusterImpl.java:shutdown(352)) - Shutting down the Mini Ozone Cluster
2019-11-14 14:46:36,800 [main] INFO  ozone.MiniOzoneClusterImpl (MiniOzoneClusterImpl.java:stop(368)) - Stopping the Mini Ozone Cluster
2019-11-14 14:46:36,801 [main] INFO  ozone.MiniOzoneClusterImpl (MiniOzoneClusterImpl.java:stopOM(438)) - Stopping the OzoneManager
2019-11-14 14:46:36,801 [main] INFO  ipc.Server (Server.java:stop(3082)) - Stopping server on 40978
2019-11-14 14:46:36,808 [IPC Server listener on 40978] INFO  ipc.Server (Server.java:run(1185)) - Stopping IPC Server listener on 40978
2019-11-14 14:46:36,809 [main] INFO  ratis.OzoneManagerDoubleBuffer (OzoneManagerDoubleBuffer.java:stop(261)) - Stopping OMDoubleBuffer flush thread
2019-11-14 14:46:36,810 [IPC Server Responder] INFO  ipc.Server (Server.java:run(1319)) - Stopping IPC Server Responder
2019-11-14 14:46:36,812 [OMDoubleBufferFlushThread] INFO  ratis.OzoneManagerDoubleBuffer (OzoneManagerDoubleBuffer.java:flushTransactions(199)) - OMDoubleBuffer flush thread OMDoubleBufferFlushThread is interrupted and will exit. OMDoubleBufferFlushThread
2019-11-14 14:46:36,814 [main] INFO  utils.BackgroundService (BackgroundService.java:shutdown(151)) - Shutting down service KeyDeletingService
2019-11-14 14:46:36,826 [main] INFO  handler.ContextHandler (ContextHandler.java:doStop(910)) - Stopped o.e.j.w.WebAppContext@1d4fb213{/,null,UNAVAILABLE}{/ozoneManager}
2019-11-14 14:46:36,827 [main] INFO  server.AbstractConnector (AbstractConnector.java:doStop(318)) - Stopped ServerConnector@6ef60295{HTTP/1.1,[http/1.1]}{0.0.0.0:0}
2019-11-14 14:46:36,828 [main] INFO  handler.ContextHandler (ContextHandler.java:doStop(910)) - Stopped o.e.j.s.ServletContextHandler@fb49fdf{/static,file:///workdir/hadoop-ozone/integration-test/target/test-classes/webapps/static,UNAVAILABLE}
2019-11-14 14:46:36,828 [main] INFO  handler.ContextHandler (ContextHandler.java:doStop(910)) - Stopped o.e.j.s.ServletContextHandler@7f4701b1{/logs,file:///workdir/hadoop-ozone/integration-test/target/log,UNAVAILABLE}
2019-11-14 14:46:36,830 [c792febc-28cf-4355-b2f7-5c4ed618863d@group-CC864FCB266F-SegmentedRaftLogWorker] INFO  segmented.SegmentedRaftLogWorker (SegmentedRaftLogWorker.java:execute(576)) - c792febc-28cf-4355-b2f7-5c4ed618863d@group-CC864FCB266F-SegmentedRaftLogWorker: created new log segment /workdir/hadoop-ozone/integration-test/target/test-dir/MiniOzoneClusterImpl-fe7ca568-a673-4336-8267-b2734a58a5d6/datanode-0/data/ratis/f7e3ba1a-82e7-4e23-919c-cc864fcb266f/current/log_inprogress_0
2019-11-14 14:46:36,831 [main] INFO  ozone.MiniOzoneClusterImpl (MiniOzoneClusterImpl.java:stopDatanodes(415)) - Stopping the HddsDatanodes
2019-11-14 14:46:36,836 [Datanode State Machine Thread - 0] INFO  statemachine.DatanodeStateMachine (DatanodeStateMachine.java:lambda$startDaemon$0(350)) - Ozone container server started.
2019-11-14 14:46:37,036 [Thread-2035] INFO  impl.FollowerState (FollowerState.java:run(111)) - 7df5b927-629b-4e54-9168-113c4a7809a2@group-B4C6BDE6A3AE-FollowerState: change to CANDIDATE, lastRpcTime:1031ms, electionTimeout:1031ms
2019-11-14 14:46:37,036 [Thread-2035] INFO  impl.RoleInfo (RoleInfo.java:shutdownFollowerState(121)) - 7df5b927-629b-4e54-9168-113c4a7809a2: shutdown FollowerState
2019-11-14 14:46:37,036 [Thread-2035] INFO  impl.RaftServerImpl (RaftServerImpl.java:setRole(173)) - 7df5b927-629b-4e54-9168-113c4a7809a2@group-B4C6BDE6A3AE: changes role from  FOLLOWER to CANDIDATE at term 0 for changeToCandidate
2019-11-14 14:46:37,036 [Thread-2036] INFO  impl.FollowerState (FollowerState.java:run(111)) - d630e0b1-4536-4869-ba91-999e142c5c29@group-B4C6BDE6A3AE-FollowerState: change to CANDIDATE, lastRpcTime:1031ms, electionTimeout:1031ms
2019-11-14 14:46:37,036 [Thread-2036] INFO  impl.RoleInfo (RoleInfo.java:shutdownFollowerState(121)) - d630e0b1-4536-4869-ba91-999e142c5c29: shutdown FollowerState
2019-11-14 14:46:37,036 [Thread-2035] INFO  impl.RoleInfo (RoleInfo.java:updateAndGet(143)) - 7df5b927-629b-4e54-9168-113c4a7809a2: start LeaderElection
2019-11-14 14:46:37,036 [Thread-2036] INFO  impl.RaftServerImpl (RaftServerImpl.java:setRole(173)) - d630e0b1-4536-4869-ba91-999e142c5c29@group-B4C6BDE6A3AE: changes role from  FOLLOWER to CANDIDATE at term 0 for changeToCandidate
2019-11-14 14:46:37,037 [Thread-2036] INFO  impl.RoleInfo (RoleInfo.java:updateAndGet(143)) - d630e0b1-4536-4869-ba91-999e142c5c29: start LeaderElection
2019-11-14 14:46:37,073 [7df5b927-629b-4e54-9168-113c4a7809a2@group-B4C6BDE6A3AE-LeaderElection40] INFO  impl.LeaderElection (LeaderElection.java:askForVotes(178)) - 7df5b927-629b-4e54-9168-113c4a7809a2@group-B4C6BDE6A3AE-LeaderElection40: begin an election at term 1 for -1: [7df5b927-629b-4e54-9168-113c4a7809a2:192.168.157.221:44414, d630e0b1-4536-4869-ba91-999e142c5c29:192.168.157.221:34031, 57a77f7a-d8c9-4cec-aa3c-e1c9007164ed:192.168.157.221:37354], old=null
2019-11-14 14:46:37,073 [d630e0b1-4536-4869-ba91-999e142c5c29@group-B4C6BDE6A3AE-LeaderElection41] INFO  impl.LeaderElection (LeaderElection.java:askForVotes(178)) - d630e0b1-4536-4869-ba91-999e142c5c29@group-B4C6BDE6A3AE-LeaderElection41: begin an election at term 1 for -1: [7df5b927-629b-4e54-9168-113c4a7809a2:192.168.157.221:44414, d630e0b1-4536-4869-ba91-999e142c5c29:192.168.157.221:34031, 57a77f7a-d8c9-4cec-aa3c-e1c9007164ed:192.168.157.221:37354], old=null
2019-11-14 14:46:37,074 [Thread-2044] INFO  impl.FollowerState (FollowerState.java:run(111)) - 26facaca-2eaa-4eab-ad66-7bd9fd6334c7@group-C727FAC6AA45-FollowerState: change to CANDIDATE, lastRpcTime:1000ms, electionTimeout:1000ms
2019-11-14 14:46:37,074 [Thread-2044] INFO  impl.RoleInfo (RoleInfo.java:shutdownFollowerState(121)) - 26facaca-2eaa-4eab-ad66-7bd9fd6334c7: shutdown FollowerState
2019-11-14 14:46:37,074 [Thread-2044] INFO  impl.RaftServerImpl (RaftServerImpl.java:setRole(173)) - 26facaca-2eaa-4eab-ad66-7bd9fd6334c7@group-C727FAC6AA45: changes role from  FOLLOWER to CANDIDATE at term 0 for changeToCandidate
2019-11-14 14:46:37,074 [Thread-2044] INFO  impl.RoleInfo (RoleInfo.java:updateAndGet(143)) - 26facaca-2eaa-4eab-ad66-7bd9fd6334c7: start LeaderElection
2019-11-14 14:46:37,083 [grpc-default-executor-2] INFO  impl.RaftServerImpl (RaftServerImpl.java:setRole(173)) - 57a77f7a-d8c9-4cec-aa3c-e1c9007164ed@group-B4C6BDE6A3AE: changes role from  FOLLOWER to FOLLOWER at term 1 for recognizeCandidate:d630e0b1-4536-4869-ba91-999e142c5c29
2019-11-14 14:46:37,083 [grpc-default-executor-2] INFO  impl.RoleInfo (RoleInfo.java:shutdownFollowerState(121)) - 57a77f7a-d8c9-4cec-aa3c-e1c9007164ed: shutdown FollowerState
2019-11-14 14:46:37,083 [grpc-default-executor-2] INFO  impl.RoleInfo (RoleInfo.java:updateAndGet(143)) - 57a77f7a-d8c9-4cec-aa3c-e1c9007164ed: start FollowerState
2019-11-14 14:46:37,083 [Thread-2040] INFO  impl.FollowerState (FollowerState.java:run(120)) - 57a77f7a-d8c9-4cec-aa3c-e1c9007164ed@group-B4C6BDE6A3AE-FollowerState was interrupted: java.lang.InterruptedException: sleep interrupted
2019-11-14 14:46:37,102 [26facaca-2eaa-4eab-ad66-7bd9fd6334c7@group-C727FAC6AA45-LeaderElection42] INFO  impl.LeaderElection (LeaderElection.java:askForVotes(178)) - 26facaca-2eaa-4eab-ad66-7bd9fd6334c7@group-C727FAC6AA45-LeaderElection42: begin an election at term 1 for -1: [26facaca-2eaa-4eab-ad66-7bd9fd6334c7:192.168.157.221:41610], old=null
2019-11-14 14:46:37,102 [26facaca-2eaa-4eab-ad66-7bd9fd6334c7@group-C727FAC6AA45-LeaderElection42] INFO  impl.RoleInfo (RoleInfo.java:shutdownLeaderElection(134)) - 26facaca-2eaa-4eab-ad66-7bd9fd6334c7: shutdown LeaderElection
2019-11-14 14:46:37,102 [26facaca-2eaa-4eab-ad66-7bd9fd6334c7@group-C727FAC6AA45-LeaderElection42] INFO  impl.RaftServerImpl (RaftServerImpl.java:setRole(173)) - 26facaca-2eaa-4eab-ad66-7bd9fd6334c7@group-C727FAC6AA45: changes role from CANDIDATE to LEADER at term 1 for changeToLeader
2019-11-14 14:46:37,102 [26facaca-2eaa-4eab-ad66-7bd9fd6334c7@group-C727FAC6AA45-LeaderElection42] INFO  ratis.XceiverServerRatis (XceiverServerRatis.java:handleLeaderChangedNotification(697)) - Leader change notification received for group: group-C727FAC6AA45 with new leaderId: 26facaca-2eaa-4eab-ad66-7bd9fd6334c7
2019-11-14 14:46:37,102 [26facaca-2eaa-4eab-ad66-7bd9fd6334c7@group-C727FAC6AA45-LeaderElection42] INFO  impl.RaftServerImpl (ServerState.java:setLeader(255)) - 26facaca-2eaa-4eab-ad66-7bd9fd6334c7@group-C727FAC6AA45: change Leader from null to 26facaca-2eaa-4eab-ad66-7bd9fd6334c7 at term 1 for becomeLeader, leader elected after 1033ms
2019-11-14 14:46:37,102 [26facaca-2eaa-4eab-ad66-7bd9fd6334c7@group-C727FAC6AA45-LeaderElection42] INFO  server.RaftServerConfigKeys (ConfUtils.java:logGet(43)) - raft.server.staging.catchup.gap = 1000 (default)
2019-11-14 14:46:37,103 [26facaca-2eaa-4eab-ad66-7bd9fd6334c7@group-C727FAC6AA45-LeaderElection42] INFO  server.RaftServerConfigKeys (ConfUtils.java:logGet(43)) - raft.server.rpc.sleep.time = 25ms (default)
2019-11-14 14:46:37,103 [d630e0b1-4536-4869-ba91-999e142c5c29@group-B4C6BDE6A3AE-LeaderElection41] INFO  impl.LeaderElection (LeaderElection.java:logAndReturn(56)) - d630e0b1-4536-4869-ba91-999e142c5c29@group-B4C6BDE6A3AE-LeaderElection41: Election PASSED; received 2 response(s) [d630e0b1-4536-4869-ba91-999e142c5c29<-7df5b927-629b-4e54-9168-113c4a7809a2#0:FAIL-t1, d630e0b1-4536-4869-ba91-999e142c5c29<-57a77f7a-d8c9-4cec-aa3c-e1c9007164ed#0:OK-t1] and 0 exception(s); d630e0b1-4536-4869-ba91-999e142c5c29@group-B4C6BDE6A3AE:t1, leader=null, voted=d630e0b1-4536-4869-ba91-999e142c5c29, raftlog=d630e0b1-4536-4869-ba91-999e142c5c29@group-B4C6BDE6A3AE-SegmentedRaftLog:OPENED:c-1,f-1,i0, conf=-1: [7df5b927-629b-4e54-9168-113c4a7809a2:192.168.157.221:44414, d630e0b1-4536-4869-ba91-999e142c5c29:192.168.157.221:34031, 57a77f7a-d8c9-4cec-aa3c-e1c9007164ed:192.168.157.221:37354], old=null
2019-11-14 14:46:37,103 [26facaca-2eaa-4eab-ad66-7bd9fd6334c7@group-C727FAC6AA45-LeaderElection42] INFO  server.RaftServerConfigKeys (ConfUtils.java:logGet(43)) - raft.server.write.element-limit = 4096 (default)
2019-11-14 14:46:37,103 [d630e0b1-4536-4869-ba91-999e142c5c29@group-B4C6BDE6A3AE-LeaderElection41] INFO  impl.RoleInfo (RoleInfo.java:shutdownLeaderElection(134)) - d630e0b1-4536-4869-ba91-999e142c5c29: shutdown LeaderElection
2019-11-14 14:46:37,103 [7df5b927-629b-4e54-9168-113c4a7809a2@group-B4C6BDE6A3AE-LeaderElection40] INFO  impl.LeaderElection (LeaderElection.java:logAndReturn(56)) - 7df5b927-629b-4e54-9168-113c4a7809a2@group-B4C6BDE6A3AE-LeaderElection40: Election REJECTED; received 2 response(s) [7df5b927-629b-4e54-9168-113c4a7809a2<-d630e0b1-4536-4869-ba91-999e142c5c29#0:FAIL-t1, 7df5b927-629b-4e54-9168-113c4a7809a2<-57a77f7a-d8c9-4cec-aa3c-e1c9007164ed#0:FAIL-t1] and 0 exception(s); 7df5b927-629b-4e54-9168-113c4a7809a2@group-B4C6BDE6A3AE:t1, leader=null, voted=7df5b927-629b-4e54-9168-113c4a7809a2, raftlog=7df5b927-629b-4e54-9168-113c4a7809a2@group-B4C6BDE6A3AE-SegmentedRaftLog:OPENED:c-1,f-1,i0, conf=-1: [7df5b927-629b-4e54-9168-113c4a7809a2:192.168.157.221:44414, d630e0b1-4536-4869-ba91-999e142c5c29:192.168.157.221:34031, 57a77f7a-d8c9-4cec-aa3c-e1c9007164ed:192.168.157.221:37354], old=null
2019-11-14 14:46:37,104 [d630e0b1-4536-4869-ba91-999e142c5c29@group-B4C6BDE6A3AE-LeaderElection41] INFO  impl.RaftServerImpl (RaftServerImpl.java:setRole(173)) - d630e0b1-4536-4869-ba91-999e142c5c29@group-B4C6BDE6A3AE: changes role from CANDIDATE to LEADER at term 1 for changeToLeader
2019-11-14 14:46:37,104 [d630e0b1-4536-4869-ba91-999e142c5c29@group-B4C6BDE6A3AE-LeaderElection41] INFO  ratis.XceiverServerRatis (XceiverServerRatis.java:handleLeaderChangedNotification(697)) - Leader change notification received for group: group-B4C6BDE6A3AE with new leaderId: d630e0b1-4536-4869-ba91-999e142c5c29
2019-11-14 14:46:37,104 [26facaca-2eaa-4eab-ad66-7bd9fd6334c7@group-C727FAC6AA45-LeaderElection42] INFO  server.RaftServerConfigKeys (ConfUtils.java:logGet(43)) - raft.server.watch.timeout = 10s (default)
2019-11-14 14:46:37,106 [d630e0b1-4536-4869-ba91-999e142c5c29@group-B4C6BDE6A3AE-LeaderElection41] INFO  impl.RaftServerImpl (ServerState.java:setLeader(255)) - d630e0b1-4536-4869-ba91-999e142c5c29@group-B4C6BDE6A3AE: change Leader from null to d630e0b1-4536-4869-ba91-999e142c5c29 at term 1 for becomeLeader, leader elected after 1108ms
2019-11-14 14:46:37,104 [7df5b927-629b-4e54-9168-113c4a7809a2@group-B4C6BDE6A3AE-LeaderElection40] INFO  impl.RaftServerImpl (RaftServerImpl.java:setRole(173)) - 7df5b927-629b-4e54-9168-113c4a7809a2@group-B4C6BDE6A3AE: changes role from CANDIDATE to FOLLOWER at term 1 for DISCOVERED_A_NEW_TERM
2019-11-14 14:46:37,106 [7df5b927-629b-4e54-9168-113c4a7809a2@group-B4C6BDE6A3AE-LeaderElection40] INFO  impl.RoleInfo (RoleInfo.java:shutdownLeaderElection(134)) - 7df5b927-629b-4e54-9168-113c4a7809a2: shutdown LeaderElection
2019-11-14 14:46:37,106 [d630e0b1-4536-4869-ba91-999e142c5c29@group-B4C6BDE6A3AE-LeaderElection41] INFO  server.RaftServerConfigKeys (ConfUtils.java:logGet(43)) - raft.server.staging.catchup.gap = 1000 (default)
2019-11-14 14:46:37,106 [26facaca-2eaa-4eab-ad66-7bd9fd6334c7@group-C727FAC6AA45-LeaderElection42] INFO  server.RaftServerConfigKeys (ConfUtils.java:logGet(43)) - raft.server.watch.timeout.denomination = 1s (default)
2019-11-14 14:46:37,106 [d630e0b1-4536-4869-ba91-999e142c5c29@group-B4C6BDE6A3AE-LeaderElection41] INFO  server.RaftServerConfigKeys (ConfUtils.java:logGet(43)) - raft.server.rpc.sleep.time = 25ms (default)
2019-11-14 14:46:37,106 [7df5b927-629b-4e54-9168-113c4a7809a2@group-B4C6BDE6A3AE-LeaderElection40] INFO  impl.RoleInfo (RoleInfo.java:updateAndGet(143)) - 7df5b927-629b-4e54-9168-113c4a7809a2: start FollowerState
2019-11-14 14:46:37,106 [EventQueue-PipelineReportForPipelineReportHandler] INFO  pipeline.PipelineStateManager (PipelineStateManager.java:openPipeline(134)) - Pipeline Pipeline[ Id: df1b023d-9b5e-4e38-b1ac-c727fac6aa45, Nodes: 26facaca-2eaa-4eab-ad66-7bd9fd6334c7{ip: 192.168.157.221, host: pr-hdds-2408-9n676-254309887, networkLocation: /default-rack, certSerialId: null}, Type:RATIS, Factor:ONE, State:OPEN] moved to OPEN state
2019-11-14 14:46:37,106 [d630e0b1-4536-4869-ba91-999e142c5c29@group-B4C6BDE6A3AE-LeaderElection41] INFO  server.RaftServerConfigKeys (ConfUtils.java:logGet(43)) - raft.server.write.element-limit = 4096 (default)
2019-11-14 14:46:37,106 [26facaca-2eaa-4eab-ad66-7bd9fd6334c7@group-C727FAC6AA45-LeaderElection42] INFO  server.RaftServerConfigKeys (ConfUtils.java:logGet(43)) - raft.server.watch.element-limit = 65536 (default)
2019-11-14 14:46:37,107 [d630e0b1-4536-4869-ba91-999e142c5c29@group-B4C6BDE6A3AE-LeaderElection41] INFO  server.RaftServerConfigKeys (ConfUtils.java:logGet(43)) - raft.server.watch.timeout = 10s (default)
2019-11-14 14:46:37,107 [26facaca-2eaa-4eab-ad66-7bd9fd6334c7@group-C727FAC6AA45-LeaderElection42] INFO  impl.RoleInfo (RoleInfo.java:updateAndGet(143)) - 26facaca-2eaa-4eab-ad66-7bd9fd6334c7: start LeaderState
2019-11-14 14:46:37,107 [EventQueue-PipelineReportForPipelineReportHandler] INFO  pipeline.PipelineStateManager (PipelineStateManager.java:openPipeline(134)) - Pipeline Pipeline[ Id: 3600c835-05c4-4b6b-ba44-b4c6bde6a3ae, Nodes: 57a77f7a-d8c9-4cec-aa3c-e1c9007164ed{ip: 192.168.157.221, host: pr-hdds-2408-9n676-254309887, networkLocation: /default-rack, certSerialId: null}7df5b927-629b-4e54-9168-113c4a7809a2{ip: 192.168.157.221, host: pr-hdds-2408-9n676-254309887, networkLocation: /default-rack, certSerialId: null}d630e0b1-4536-4869-ba91-999e142c5c29{ip: 192.168.157.221, host: pr-hdds-2408-9n676-254309887, networkLocation: /default-rack, certSerialId: null}, Type:RATIS, Factor:THREE, State:OPEN] moved to OPEN state
2019-11-14 14:46:37,107 [26facaca-2eaa-4eab-ad66-7bd9fd6334c7@group-C727FAC6AA45-LeaderElection42] INFO  segmented.SegmentedRaftLogWorker (SegmentedRaftLogWorker.java:startLogSegment(385)) - 26facaca-2eaa-4eab-ad66-7bd9fd6334c7@group-C727FAC6AA45-SegmentedRaftLogWorker: Starting segment from index:0
2019-11-14 14:46:37,107 [d630e0b1-4536-4869-ba91-999e142c5c29@group-B4C6BDE6A3AE-LeaderElection41] INFO  server.RaftServerConfigKeys (ConfUtils.java:logGet(43)) - raft.server.watch.timeout.denomination = 1s (default)
2019-11-14 14:46:37,108 [d630e0b1-4536-4869-ba91-999e142c5c29@group-B4C6BDE6A3AE-LeaderElection41] INFO  server.RaftServerConfigKeys (ConfUtils.java:logGet(43)) - raft.server.watch.element-limit = 65536 (default)
2019-11-14 14:46:37,108 [26facaca-2eaa-4eab-ad66-7bd9fd6334c7@group-C727FAC6AA45-LeaderElection42] INFO  impl.RaftServerImpl (ServerState.java:setRaftConf(356)) - 26facaca-2eaa-4eab-ad66-7bd9fd6334c7@group-C727FAC6AA45: set configuration 0: [26facaca-2eaa-4eab-ad66-7bd9fd6334c7:192.168.157.221:41610], old=null at 0
2019-11-14 14:46:37,108 [d630e0b1-4536-4869-ba91-999e142c5c29@group-B4C6BDE6A3AE-LeaderElection41] INFO  server.RaftServerConfigKeys (ConfUtils.java:logGet(43)) - raft.server.log.appender.snapshot.chunk.size.max = 16MB (=16777216) (default)
2019-11-14 14:46:37,108 [d630e0b1-4536-4869-ba91-999e142c5c29@group-B4C6BDE6A3AE-LeaderElection41] INFO  server.RaftServerConfigKeys (ConfUtils.java:logGet(43)) - raft.server.log.appender.buffer.byte-limit = 33554432 (custom)
2019-11-14 14:46:37,109 [d630e0b1-4536-4869-ba91-999e142c5c29@group-B4C6BDE6A3AE-LeaderElection41] INFO  server.RaftServerConfigKeys (ConfUtils.java:logGet(43)) - raft.server.log.appender.buffer.element-limit = 1 (custom)
2019-11-14 14:46:37,109 [d630e0b1-4536-4869-ba91-999e142c5c29@group-B4C6BDE6A3AE-LeaderElection41] INFO  grpc.GrpcConfigKeys$Server (ConfUtils.java:logGet(43)) - raft.grpc.server.leader.outstanding.appends.max = 128 (default)
2019-11-14 14:46:37,109 [d630e0b1-4536-4869-ba91-999e142c5c29@group-B4C6BDE6A3AE-LeaderElection41] INFO  server.RaftServerConfigKeys (ConfUtils.java:logGet(43)) - raft.server.rpc.request.timeout = 3000ms (default)
2019-11-14 14:46:37,109 [d630e0b1-4536-4869-ba91-999e142c5c29@group-B4C6BDE6A3AE-LeaderElection41] INFO  server.RaftServerConfigKeys (ConfUtils.java:logGet(43)) - raft.server.log.appender.install.snapshot.enabled = false (custom)
2019-11-14 14:46:37,109 [d630e0b1-4536-4869-ba91-999e142c5c29@group-B4C6BDE6A3AE-LeaderElection41] WARN  impl.MetricRegistriesImpl (MetricRegistriesImpl.java:lambda$create$1(61)) - First MetricRegistry has been created without registering reporters. You may need to call MetricRegistries.global().addReportRegistration(...) before.
2019-11-14 14:46:37,109 [d630e0b1-4536-4869-ba91-999e142c5c29@group-B4C6BDE6A3AE-LeaderElection41] INFO  server.RaftServerConfigKeys (ConfUtils.java:logGet(43)) - raft.server.log.appender.snapshot.chunk.size.max = 16MB (=16777216) (default)
2019-11-14 14:46:37,110 [d630e0b1-4536-4869-ba91-999e142c5c29@group-B4C6BDE6A3AE-LeaderElection41] INFO  server.RaftServerConfigKeys (ConfUtils.java:logGet(43)) - raft.server.log.appender.buffer.byte-limit = 33554432 (custom)
2019-11-14 14:46:37,110 [d630e0b1-4536-4869-ba91-999e142c5c29@group-B4C6BDE6A3AE-LeaderElection41] INFO  server.RaftServerConfigKeys (ConfUtils.java:logGet(43)) - raft.server.log.appender.buffer.element-limit = 1 (custom)
2019-11-14 14:46:37,110 [d630e0b1-4536-4869-ba91-999e142c5c29@group-B4C6BDE6A3AE-LeaderElection41] INFO  grpc.GrpcConfigKeys$Server (ConfUtils.java:logGet(43)) - raft.grpc.server.leader.outstanding.appends.max = 128 (default)
2019-11-14 14:46:37,110 [d630e0b1-4536-4869-ba91-999e142c5c29@group-B4C6BDE6A3AE-LeaderElection41] INFO  server.RaftServerConfigKeys (ConfUtils.java:logGet(43)) - raft.server.rpc.request.timeout = 3000ms (default)
2019-11-14 14:46:37,110 [d630e0b1-4536-4869-ba91-999e142c5c29@group-B4C6BDE6A3AE-LeaderElection41] INFO  server.RaftServerConfigKeys (ConfUtils.java:logGet(43)) - raft.server.log.appender.install.snapshot.enabled = false (custom)
2019-11-14 14:46:37,110 [d630e0b1-4536-4869-ba91-999e142c5c29@group-B4C6BDE6A3AE-LeaderElection41] INFO  impl.RoleInfo (RoleInfo.java:updateAndGet(143)) - d630e0b1-4536-4869-ba91-999e142c5c29: start LeaderState
2019-11-14 14:46:37,111 [d630e0b1-4536-4869-ba91-999e142c5c29@group-B4C6BDE6A3AE-LeaderElection41] INFO  segmented.SegmentedRaftLogWorker (SegmentedRaftLogWorker.java:startLogSegment(385)) - d630e0b1-4536-4869-ba91-999e142c5c29@group-B4C6BDE6A3AE-SegmentedRaftLogWorker: Starting segment from index:0
2019-11-14 14:46:37,111 [d630e0b1-4536-4869-ba91-999e142c5c29@group-B4C6BDE6A3AE-LeaderElection41] INFO  impl.RaftServerImpl (ServerState.java:setRaftConf(356)) - d630e0b1-4536-4869-ba91-999e142c5c29@group-B4C6BDE6A3AE: set configuration 0: [7df5b927-629b-4e54-9168-113c4a7809a2:192.168.157.221:44414, d630e0b1-4536-4869-ba91-999e142c5c29:192.168.157.221:34031, 57a77f7a-d8c9-4cec-aa3c-e1c9007164ed:192.168.157.221:37354], old=null at 0
2019-11-14 14:46:37,112 [grpc-default-executor-2] INFO  ratis.XceiverServerRatis (XceiverServerRatis.java:handleLeaderChangedNotification(697)) - Leader change notification received for group: group-B4C6BDE6A3AE with new leaderId: d630e0b1-4536-4869-ba91-999e142c5c29
2019-11-14 14:46:37,113 [grpc-default-executor-1] INFO  ratis.XceiverServerRatis (XceiverServerRatis.java:handleLeaderChangedNotification(697)) - Leader change notification received for group: group-B4C6BDE6A3AE with new leaderId: d630e0b1-4536-4869-ba91-999e142c5c29
2019-11-14 14:46:37,113 [grpc-default-executor-2] INFO  impl.RaftServerImpl (ServerState.java:setLeader(255)) - 7df5b927-629b-4e54-9168-113c4a7809a2@group-B4C6BDE6A3AE: change Leader from null to d630e0b1-4536-4869-ba91-999e142c5c29 at term 1 for appendEntries, leader elected after 1116ms
2019-11-14 14:46:37,113 [grpc-default-executor-1] INFO  impl.RaftServerImpl (ServerState.java:setLeader(255)) - 57a77f7a-d8c9-4cec-aa3c-e1c9007164ed@group-B4C6BDE6A3AE: change Leader from null to d630e0b1-4536-4869-ba91-999e142c5c29 at term 1 for appendEntries, leader elected after 1116ms
2019-11-14 14:46:37,114 [grpc-default-executor-1] INFO  impl.RaftServerImpl (ServerState.java:setRaftConf(356)) - 7df5b927-629b-4e54-9168-113c4a7809a2@group-B4C6BDE6A3AE: set configuration 0: [7df5b927-629b-4e54-9168-113c4a7809a2:192.168.157.221:44414, d630e0b1-4536-4869-ba91-999e142c5c29:192.168.157.221:34031, 57a77f7a-d8c9-4cec-aa3c-e1c9007164ed:192.168.157.221:37354], old=null at 0
2019-11-14 14:46:37,115 [grpc-default-executor-2] INFO  impl.RaftServerImpl (ServerState.java:setRaftConf(356)) - 57a77f7a-d8c9-4cec-aa3c-e1c9007164ed@group-B4C6BDE6A3AE: set configuration 0: [7df5b927-629b-4e54-9168-113c4a7809a2:192.168.157.221:44414, d630e0b1-4536-4869-ba91-999e142c5c29:192.168.157.221:34031, 57a77f7a-d8c9-4cec-aa3c-e1c9007164ed:192.168.157.221:37354], old=null at 0
2019-11-14 14:46:37,115 [grpc-default-executor-1] INFO  segmented.SegmentedRaftLogWorker (SegmentedRaftLogWorker.java:startLogSegment(385)) - 7df5b927-629b-4e54-9168-113c4a7809a2@group-B4C6BDE6A3AE-SegmentedRaftLogWorker: Starting segment from index:0
2019-11-14 14:46:37,115 [grpc-default-executor-2] INFO  segmented.SegmentedRaftLogWorker (SegmentedRaftLogWorker.java:startLogSegment(385)) - 57a77f7a-d8c9-4cec-aa3c-e1c9007164ed@group-B4C6BDE6A3AE-SegmentedRaftLogWorker: Starting segment from index:0
2019-11-14 14:46:37,157 [7df5b927-629b-4e54-9168-113c4a7809a2@group-B4C6BDE6A3AE-SegmentedRaftLogWorker] INFO  segmented.SegmentedRaftLogWorker (SegmentedRaftLogWorker.java:execute(576)) - 7df5b927-629b-4e54-9168-113c4a7809a2@group-B4C6BDE6A3AE-SegmentedRaftLogWorker: created new log segment /workdir/hadoop-ozone/integration-test/target/test-dir/MiniOzoneClusterImpl-fe7ca568-a673-4336-8267-b2734a58a5d6/datanode-3/data/ratis/3600c835-05c4-4b6b-ba44-b4c6bde6a3ae/current/log_inprogress_0
2019-11-14 14:46:37,157 [d630e0b1-4536-4869-ba91-999e142c5c29@group-B4C6BDE6A3AE-SegmentedRaftLogWorker] INFO  segmented.SegmentedRaftLogWorker (SegmentedRaftLogWorker.java:execute(576)) - d630e0b1-4536-4869-ba91-999e142c5c29@group-B4C6BDE6A3AE-SegmentedRaftLogWorker: created new log segment /workdir/hadoop-ozone/integration-test/target/test-dir/MiniOzoneClusterImpl-fe7ca568-a673-4336-8267-b2734a58a5d6/datanode-2/data/ratis/3600c835-05c4-4b6b-ba44-b4c6bde6a3ae/current/log_inprogress_0
2019-11-14 14:46:37,157 [26facaca-2eaa-4eab-ad66-7bd9fd6334c7@group-C727FAC6AA45-SegmentedRaftLogWorker] INFO  segmented.SegmentedRaftLogWorker (SegmentedRaftLogWorker.java:execute(576)) - 26facaca-2eaa-4eab-ad66-7bd9fd6334c7@group-C727FAC6AA45-SegmentedRaftLogWorker: created new log segment /workdir/hadoop-ozone/integration-test/target/test-dir/MiniOzoneClusterImpl-fe7ca568-a673-4336-8267-b2734a58a5d6/datanode-5/data/ratis/df1b023d-9b5e-4e38-b1ac-c727fac6aa45/current/log_inprogress_0
2019-11-14 14:46:37,208 [57a77f7a-d8c9-4cec-aa3c-e1c9007164ed@group-B4C6BDE6A3AE-SegmentedRaftLogWorker] INFO  segmented.SegmentedRaftLogWorker (SegmentedRaftLogWorker.java:execute(576)) - 57a77f7a-d8c9-4cec-aa3c-e1c9007164ed@group-B4C6BDE6A3AE-SegmentedRaftLogWorker: created new log segment /workdir/hadoop-ozone/integration-test/target/test-dir/MiniOzoneClusterImpl-fe7ca568-a673-4336-8267-b2734a58a5d6/datanode-1/data/ratis/3600c835-05c4-4b6b-ba44-b4c6bde6a3ae/current/log_inprogress_0
2019-11-14 14:46:37,368 [Thread-2048] INFO  impl.FollowerState (FollowerState.java:run(111)) - 57a77f7a-d8c9-4cec-aa3c-e1c9007164ed@group-2BD930EE7B71-FollowerState: change to CANDIDATE, lastRpcTime:1199ms, electionTimeout:1199ms
2019-11-14 14:46:37,368 [Thread-2048] INFO  impl.RoleInfo (RoleInfo.java:shutdownFollowerState(121)) - 57a77f7a-d8c9-4cec-aa3c-e1c9007164ed: shutdown FollowerState
2019-11-14 14:46:37,368 [Thread-2048] INFO  impl.RaftServerImpl (RaftServerImpl.java:setRole(173)) - 57a77f7a-d8c9-4cec-aa3c-e1c9007164ed@group-2BD930EE7B71: changes role from  FOLLOWER to CANDIDATE at term 0 for changeToCandidate
2019-11-14 14:46:37,368 [Thread-2048] INFO  impl.RoleInfo (RoleInfo.java:updateAndGet(143)) - 57a77f7a-d8c9-4cec-aa3c-e1c9007164ed: start LeaderElection
2019-11-14 14:46:37,392 [Thread-2052] INFO  impl.FollowerState (FollowerState.java:run(111)) - d630e0b1-4536-4869-ba91-999e142c5c29@group-64B4F938D99D-FollowerState: change to CANDIDATE, lastRpcTime:1149ms, electionTimeout:1149ms
2019-11-14 14:46:37,392 [Thread-2052] INFO  impl.RoleInfo (RoleInfo.java:shutdownFollowerState(121)) - d630e0b1-4536-4869-ba91-999e142c5c29: shutdown FollowerState
2019-11-14 14:46:37,392 [Thread-2052] INFO  impl.RaftServerImpl (RaftServerImpl.java:setRole(173)) - d630e0b1-4536-4869-ba91-999e142c5c29@group-64B4F938D99D: changes role from  FOLLOWER to CANDIDATE at term 0 for changeToCandidate
2019-11-14 14:46:37,392 [Thread-2052] INFO  impl.RoleInfo (RoleInfo.java:updateAndGet(143)) - d630e0b1-4536-4869-ba91-999e142c5c29: start LeaderElection
2019-11-14 14:46:37,398 [57a77f7a-d8c9-4cec-aa3c-e1c9007164ed@group-2BD930EE7B71-LeaderElection43] INFO  impl.LeaderElection (LeaderElection.java:askForVotes(178)) - 57a77f7a-d8c9-4cec-aa3c-e1c9007164ed@group-2BD930EE7B71-LeaderElection43: begin an election at term 1 for -1: [57a77f7a-d8c9-4cec-aa3c-e1c9007164ed:192.168.157.221:37354], old=null
2019-11-14 14:46:37,398 [57a77f7a-d8c9-4cec-aa3c-e1c9007164ed@group-2BD930EE7B71-LeaderElection43] INFO  impl.RoleInfo (RoleInfo.java:shutdownLeaderElection(134)) - 57a77f7a-d8c9-4cec-aa3c-e1c9007164ed: shutdown LeaderElection
2019-11-14 14:46:37,398 [57a77f7a-d8c9-4cec-aa3c-e1c9007164ed@group-2BD930EE7B71-LeaderElection43] INFO  impl.RaftServerImpl (RaftServerImpl.java:setRole(173)) - 57a77f7a-d8c9-4cec-aa3c-e1c9007164ed@group-2BD930EE7B71: changes role from CANDIDATE to LEADER at term 1 for changeToLeader
2019-11-14 14:46:37,398 [57a77f7a-d8c9-4cec-aa3c-e1c9007164ed@group-2BD930EE7B71-LeaderElection43] INFO  ratis.XceiverServerRatis (XceiverServerRatis.java:handleLeaderChangedNotification(697)) - Leader change notification received for group: group-2BD930EE7B71 with new leaderId: 57a77f7a-d8c9-4cec-aa3c-e1c9007164ed
2019-11-14 14:46:37,398 [57a77f7a-d8c9-4cec-aa3c-e1c9007164ed@group-2BD930EE7B71-LeaderElection43] INFO  impl.RaftServerImpl (ServerState.java:setLeader(255)) - 57a77f7a-d8c9-4cec-aa3c-e1c9007164ed@group-2BD930EE7B71: change Leader from null to 57a77f7a-d8c9-4cec-aa3c-e1c9007164ed at term 1 for becomeLeader, leader elected after 1233ms
2019-11-14 14:46:37,398 [Datanode State Machine Thread - 0] INFO  statemachine.DatanodeStateMachine (DatanodeStateMachine.java:lambda$startDaemon$0(350)) - Ozone container server started.
2019-11-14 14:46:37,398 [57a77f7a-d8c9-4cec-aa3c-e1c9007164ed@group-2BD930EE7B71-LeaderElection43] INFO  server.RaftServerConfigKeys (ConfUtils.java:logGet(43)) - raft.server.staging.catchup.gap = 1000 (default)
2019-11-14 14:46:37,399 [57a77f7a-d8c9-4cec-aa3c-e1c9007164ed@group-2BD930EE7B71-LeaderElection43] INFO  server.RaftServerConfigKeys (ConfUtils.java:logGet(43)) - raft.server.rpc.sleep.time = 25ms (default)
2019-11-14 14:46:37,399 [57a77f7a-d8c9-4cec-aa3c-e1c9007164ed@group-2BD930EE7B71-LeaderElection43] INFO  server.RaftServerConfigKeys (ConfUtils.java:logGet(43)) - raft.server.write.element-limit = 4096 (default)
2019-11-14 14:46:37,399 [Thread-2058] INFO  impl.FollowerState (FollowerState.java:run(111)) - f7c73f5f-a922-4e72-9f0e-14e1adb29082@group-6B170D7346CA-FollowerState: change to CANDIDATE, lastRpcTime:1039ms, electionTimeout:1039ms
2019-11-14 14:46:37,399 [57a77f7a-d8c9-4cec-aa3c-e1c9007164ed@group-2BD930EE7B71-LeaderElection43] INFO  server.RaftServerConfigKeys (ConfUtils.java:logGet(43)) - raft.server.watch.timeout = 10s (default)
2019-11-14 14:46:37,399 [Thread-2058] INFO  impl.RoleInfo (RoleInfo.java:shutdownFollowerState(121)) - f7c73f5f-a922-4e72-9f0e-14e1adb29082: shutdown FollowerState
2019-11-14 14:46:37,399 [57a77f7a-d8c9-4cec-aa3c-e1c9007164ed@group-2BD930EE7B71-LeaderElection43] INFO  server.RaftServerConfigKeys (ConfUtils.java:logGet(43)) - raft.server.watch.timeout.denomination = 1s (default)
2019-11-14 14:46:37,399 [Thread-2058] INFO  impl.RaftServerImpl (RaftServerImpl.java:setRole(173)) - f7c73f5f-a922-4e72-9f0e-14e1adb29082@group-6B170D7346CA: changes role from  FOLLOWER to CANDIDATE at term 0 for changeToCandidate
2019-11-14 14:46:37,399 [57a77f7a-d8c9-4cec-aa3c-e1c9007164ed@group-2BD930EE7B71-LeaderElection43] INFO  server.RaftServerConfigKeys (ConfUtils.java:logGet(43)) - raft.server.watch.element-limit = 65536 (default)
2019-11-14 14:46:37,399 [Thread-2058] INFO  impl.RoleInfo (RoleInfo.java:updateAndGet(143)) - f7c73f5f-a922-4e72-9f0e-14e1adb29082: start LeaderElection
2019-11-14 14:46:37,400 [57a77f7a-d8c9-4cec-aa3c-e1c9007164ed@group-2BD930EE7B71-LeaderElection43] INFO  impl.RoleInfo (RoleInfo.java:updateAndGet(143)) - 57a77f7a-d8c9-4cec-aa3c-e1c9007164ed: start LeaderState
2019-11-14 14:46:37,401 [57a77f7a-d8c9-4cec-aa3c-e1c9007164ed@group-2BD930EE7B71-LeaderElection43] INFO  segmented.SegmentedRaftLogWorker (SegmentedRaftLogWorker.java:startLogSegment(385)) - 57a77f7a-d8c9-4cec-aa3c-e1c9007164ed@group-2BD930EE7B71-SegmentedRaftLogWorker: Starting segment from index:0
2019-11-14 14:46:37,411 [57a77f7a-d8c9-4cec-aa3c-e1c9007164ed@group-2BD930EE7B71-LeaderElection43] INFO  impl.RaftServerImpl (ServerState.java:setRaftConf(356)) - 57a77f7a-d8c9-4cec-aa3c-e1c9007164ed@group-2BD930EE7B71: set configuration 0: [57a77f7a-d8c9-4cec-aa3c-e1c9007164ed:192.168.157.221:37354], old=null at 0
2019-11-14 14:46:37,413 [d630e0b1-4536-4869-ba91-999e142c5c29@group-64B4F938D99D-LeaderElection44] INFO  impl.LeaderElection (LeaderElection.java:askForVotes(178)) - d630e0b1-4536-4869-ba91-999e142c5c29@group-64B4F938D99D-LeaderElection44: begin an election at term 1 for -1: [d630e0b1-4536-4869-ba91-999e142c5c29:192.168.157.221:34031], old=null
2019-11-14 14:46:37,413 [d630e0b1-4536-4869-ba91-999e142c5c29@group-64B4F938D99D-LeaderElection44] INFO  impl.RoleInfo (RoleInfo.java:shutdownLeaderElection(134)) - d630e0b1-4536-4869-ba91-999e142c5c29: shutdown LeaderElection
2019-11-14 14:46:37,413 [d630e0b1-4536-4869-ba91-999e142c5c29@group-64B4F938D99D-LeaderElection44] INFO  impl.RaftServerImpl (RaftServerImpl.java:setRole(173)) - d630e0b1-4536-4869-ba91-999e142c5c29@group-64B4F938D99D: changes role from CANDIDATE to LEADER at term 1 for changeToLeader
2019-11-14 14:46:37,413 [d630e0b1-4536-4869-ba91-999e142c5c29@group-64B4F938D99D-LeaderElection44] INFO  ratis.XceiverServerRatis (XceiverServerRatis.java:handleLeaderChangedNotification(697)) - Leader change notification received for group: group-64B4F938D99D with new leaderId: d630e0b1-4536-4869-ba91-999e142c5c29
2019-11-14 14:46:37,413 [d630e0b1-4536-4869-ba91-999e142c5c29@group-64B4F938D99D-LeaderElection44] INFO  impl.RaftServerImpl (ServerState.java:setLeader(255)) - d630e0b1-4536-4869-ba91-999e142c5c29@group-64B4F938D99D: change Leader from null to d630e0b1-4536-4869-ba91-999e142c5c29 at term 1 for becomeLeader, leader elected after 1175ms
2019-11-14 14:46:37,413 [d630e0b1-4536-4869-ba91-999e142c5c29@group-64B4F938D99D-LeaderElection44] INFO  server.RaftServerConfigKeys (ConfUtils.java:logGet(43)) - raft.server.staging.catchup.gap = 1000 (default)
2019-11-14 14:46:37,413 [d630e0b1-4536-4869-ba91-999e142c5c29@group-64B4F938D99D-LeaderElection44] INFO  server.RaftServerConfigKeys (ConfUtils.java:logGet(43)) - raft.server.rpc.sleep.time = 25ms (default)
2019-11-14 14:46:37,414 [d630e0b1-4536-4869-ba91-999e142c5c29@group-64B4F938D99D-LeaderElection44] INFO  server.RaftServerConfigKeys (ConfUtils.java:logGet(43)) - raft.server.write.element-limit = 4096 (default)
2019-11-14 14:46:37,414 [d630e0b1-4536-4869-ba91-999e142c5c29@group-64B4F938D99D-LeaderElection44] INFO  server.RaftServerConfigKeys (ConfUtils.java:logGet(43)) - raft.server.watch.timeout = 10s (default)
2019-11-14 14:46:37,414 [d630e0b1-4536-4869-ba91-999e142c5c29@group-64B4F938D99D-LeaderElection44] INFO  server.RaftServerConfigKeys (ConfUtils.java:logGet(43)) - raft.server.watch.timeout.denomination = 1s (default)
2019-11-14 14:46:37,414 [d630e0b1-4536-4869-ba91-999e142c5c29@group-64B4F938D99D-LeaderElection44] INFO  server.RaftServerConfigKeys (ConfUtils.java:logGet(43)) - raft.server.watch.element-limit = 65536 (default)
2019-11-14 14:46:37,414 [EventQueue-PipelineReportForPipelineReportHandler] INFO  pipeline.PipelineStateManager (PipelineStateManager.java:openPipeline(134)) - Pipeline Pipeline[ Id: c44cc9e5-e9f1-4cb6-8e6b-64b4f938d99d, Nodes: d630e0b1-4536-4869-ba91-999e142c5c29{ip: 192.168.157.221, host: pr-hdds-2408-9n676-254309887, networkLocation: /default-rack, certSerialId: null}, Type:RATIS, Factor:ONE, State:OPEN] moved to OPEN state
2019-11-14 14:46:37,414 [d630e0b1-4536-4869-ba91-999e142c5c29@group-64B4F938D99D-LeaderElection44] INFO  impl.RoleInfo (RoleInfo.java:updateAndGet(143)) - d630e0b1-4536-4869-ba91-999e142c5c29: start LeaderState
2019-11-14 14:46:37,414 [d630e0b1-4536-4869-ba91-999e142c5c29@group-64B4F938D99D-LeaderElection44] INFO  segmented.SegmentedRaftLogWorker (SegmentedRaftLogWorker.java:startLogSegment(385)) - d630e0b1-4536-4869-ba91-999e142c5c29@group-64B4F938D99D-SegmentedRaftLogWorker: Starting segment from index:0
2019-11-14 14:46:37,415 [d630e0b1-4536-4869-ba91-999e142c5c29@group-64B4F938D99D-LeaderElection44] INFO  impl.RaftServerImpl (ServerState.java:setRaftConf(356)) - d630e0b1-4536-4869-ba91-999e142c5c29@group-64B4F938D99D: set configuration 0: [d630e0b1-4536-4869-ba91-999e142c5c29:192.168.157.221:34031], old=null at 0
2019-11-14 14:46:37,427 [f7c73f5f-a922-4e72-9f0e-14e1adb29082@group-6B170D7346CA-LeaderElection45] INFO  impl.LeaderElection (LeaderElection.java:askForVotes(178)) - f7c73f5f-a922-4e72-9f0e-14e1adb29082@group-6B170D7346CA-LeaderElection45: begin an election at term 1 for -1: [c792febc-28cf-4355-b2f7-5c4ed618863d:192.168.157.221:39600, f7c73f5f-a922-4e72-9f0e-14e1adb29082:192.168.157.221:38185, 26facaca-2eaa-4eab-ad66-7bd9fd6334c7:192.168.157.221:41610], old=null
2019-11-14 14:46:37,431 [grpc-default-executor-2] INFO  impl.RaftServerImpl (RaftServerImpl.java:setRole(173)) - 26facaca-2eaa-4eab-ad66-7bd9fd6334c7@group-6B170D7346CA: changes role from  FOLLOWER to FOLLOWER at term 1 for recognizeCandidate:f7c73f5f-a922-4e72-9f0e-14e1adb29082
2019-11-14 14:46:37,432 [grpc-default-executor-1] INFO  impl.RaftServerImpl (RaftServerImpl.java:setRole(173)) - c792febc-28cf-4355-b2f7-5c4ed618863d@group-6B170D7346CA: changes role from  FOLLOWER to FOLLOWER at term 1 for recognizeCandidate:f7c73f5f-a922-4e72-9f0e-14e1adb29082
2019-11-14 14:46:37,432 [grpc-default-executor-2] INFO  impl.RoleInfo (RoleInfo.java:shutdownFollowerState(121)) - 26facaca-2eaa-4eab-ad66-7bd9fd6334c7: shutdown FollowerState
2019-11-14 14:46:37,432 [grpc-default-executor-1] INFO  impl.RoleInfo (RoleInfo.java:shutdownFollowerState(121)) - c792febc-28cf-4355-b2f7-5c4ed618863d: shutdown FollowerState
2019-11-14 14:46:37,432 [Thread-2062] INFO  impl.FollowerState (FollowerState.java:run(120)) - 26facaca-2eaa-4eab-ad66-7bd9fd6334c7@group-6B170D7346CA-FollowerState was interrupted: java.lang.InterruptedException: sleep interrupted
2019-11-14 14:46:37,432 [grpc-default-executor-2] INFO  impl.RoleInfo (RoleInfo.java:updateAndGet(143)) - 26facaca-2eaa-4eab-ad66-7bd9fd6334c7: start FollowerState
2019-11-14 14:46:37,432 [grpc-default-executor-1] INFO  impl.RoleInfo (RoleInfo.java:updateAndGet(143)) - c792febc-28cf-4355-b2f7-5c4ed618863d: start FollowerState
2019-11-14 14:46:37,461 [Thread-2063] INFO  impl.FollowerState (FollowerState.java:run(120)) - c792febc-28cf-4355-b2f7-5c4ed618863d@group-6B170D7346CA-FollowerState was interrupted: java.lang.InterruptedException: sleep interrupted
2019-11-14 14:46:37,476 [d630e0b1-4536-4869-ba91-999e142c5c29@group-64B4F938D99D-SegmentedRaftLogWorker] INFO  segmented.SegmentedRaftLogWorker (SegmentedRaftLogWorker.java:execute(576)) - d630e0b1-4536-4869-ba91-999e142c5c29@group-64B4F938D99D-SegmentedRaftLogWorker: created new log segment /workdir/hadoop-ozone/integration-test/target/test-dir/MiniOzoneClusterImpl-fe7ca568-a673-4336-8267-b2734a58a5d6/datanode-2/data/ratis/c44cc9e5-e9f1-4cb6-8e6b-64b4f938d99d/current/log_inprogress_0
2019-11-14 14:46:37,476 [57a77f7a-d8c9-4cec-aa3c-e1c9007164ed@group-2BD930EE7B71-SegmentedRaftLogWorker] INFO  segmented.SegmentedRaftLogWorker (SegmentedRaftLogWorker.java:execute(576)) - 57a77f7a-d8c9-4cec-aa3c-e1c9007164ed@group-2BD930EE7B71-SegmentedRaftLogWorker: created new log segment /workdir/hadoop-ozone/integration-test/target/test-dir/MiniOzoneClusterImpl-fe7ca568-a673-4336-8267-b2734a58a5d6/datanode-1/data/ratis/b74d4172-18ed-4c30-bbab-2bd930ee7b71/current/log_inprogress_0
2019-11-14 14:46:37,477 [f7c73f5f-a922-4e72-9f0e-14e1adb29082@group-6B170D7346CA-LeaderElection45] INFO  impl.LeaderElection (LeaderElection.java:logAndReturn(56)) - f7c73f5f-a922-4e72-9f0e-14e1adb29082@group-6B170D7346CA-LeaderElection45: Election PASSED; received 1 response(s) [f7c73f5f-a922-4e72-9f0e-14e1adb29082<-26facaca-2eaa-4eab-ad66-7bd9fd6334c7#0:OK-t1] and 0 exception(s); f7c73f5f-a922-4e72-9f0e-14e1adb29082@group-6B170D7346CA:t1, leader=null, voted=f7c73f5f-a922-4e72-9f0e-14e1adb29082, raftlog=f7c73f5f-a922-4e72-9f0e-14e1adb29082@group-6B170D7346CA-SegmentedRaftLog:OPENED:c-1,f-1,i0, conf=-1: [c792febc-28cf-4355-b2f7-5c4ed618863d:192.168.157.221:39600, f7c73f5f-a922-4e72-9f0e-14e1adb29082:192.168.157.221:38185, 26facaca-2eaa-4eab-ad66-7bd9fd6334c7:192.168.157.221:41610], old=null
2019-11-14 14:46:37,477 [f7c73f5f-a922-4e72-9f0e-14e1adb29082@group-6B170D7346CA-LeaderElection45] INFO  impl.RoleInfo (RoleInfo.java:shutdownLeaderElection(134)) - f7c73f5f-a922-4e72-9f0e-14e1adb29082: shutdown LeaderElection
2019-11-14 14:46:37,478 [f7c73f5f-a922-4e72-9f0e-14e1adb29082@group-6B170D7346CA-LeaderElection45] INFO  impl.RaftServerImpl (RaftServerImpl.java:setRole(173)) - f7c73f5f-a922-4e72-9f0e-14e1adb29082@group-6B170D7346CA: changes role from CANDIDATE to LEADER at term 1 for changeToLeader
2019-11-14 14:46:37,478 [f7c73f5f-a922-4e72-9f0e-14e1adb29082@group-6B170D7346CA-LeaderElection45] INFO  ratis.XceiverServerRatis (XceiverServerRatis.java:handleLeaderChangedNotification(697)) - Leader change notification received for group: group-6B170D7346CA with new leaderId: f7c73f5f-a922-4e72-9f0e-14e1adb29082
2019-11-14 14:46:37,478 [f7c73f5f-a922-4e72-9f0e-14e1adb29082@group-6B170D7346CA-LeaderElection45] INFO  impl.RaftServerImpl (ServerState.java:setLeader(255)) - f7c73f5f-a922-4e72-9f0e-14e1adb29082@group-6B170D7346CA: change Leader from null to f7c73f5f-a922-4e72-9f0e-14e1adb29082 at term 1 for becomeLeader, leader elected after 1125ms
2019-11-14 14:46:37,478 [f7c73f5f-a922-4e72-9f0e-14e1adb29082@group-6B170D7346CA-LeaderElection45] INFO  server.RaftServerConfigKeys (ConfUtils.java:logGet(43)) - raft.server.staging.catchup.gap = 1000 (default)
2019-11-14 14:46:37,478 [f7c73f5f-a922-4e72-9f0e-14e1adb29082@group-6B170D7346CA-LeaderElection45] INFO  server.RaftServerConfigKeys (ConfUtils.java:logGet(43)) - raft.server.rpc.sleep.time = 25ms (default)
2019-11-14 14:46:37,479 [f7c73f5f-a922-4e72-9f0e-14e1adb29082@group-6B170D7346CA-LeaderElection45] INFO  server.RaftServerConfigKeys (ConfUtils.java:logGet(43)) - raft.server.write.element-limit = 4096 (default)
2019-11-14 14:46:37,479 [f7c73f5f-a922-4e72-9f0e-14e1adb29082@group-6B170D7346CA-LeaderElection45] INFO  server.RaftServerConfigKeys (ConfUtils.java:logGet(43)) - raft.server.watch.timeout = 10s (default)
2019-11-14 14:46:37,479 [EventQueue-PipelineReportForPipelineReportHandler] INFO  pipeline.PipelineStateManager (PipelineStateManager.java:openPipeline(134)) - Pipeline Pipeline[ Id: 9509bf5c-6cfe-47d6-a95d-6b170d7346ca, Nodes: f7c73f5f-a922-4e72-9f0e-14e1adb29082{ip: 192.168.157.221, host: pr-hdds-2408-9n676-254309887, networkLocation: /default-rack, certSerialId: null}c792febc-28cf-4355-b2f7-5c4ed618863d{ip: 192.168.157.221, host: pr-hdds-2408-9n676-254309887, networkLocation: /default-rack, certSerialId: null}26facaca-2eaa-4eab-ad66-7bd9fd6334c7{ip: 192.168.157.221, host: pr-hdds-2408-9n676-254309887, networkLocation: /default-rack, certSerialId: null}, Type:RATIS, Factor:THREE, State:OPEN] moved to OPEN state
2019-11-14 14:46:37,479 [f7c73f5f-a922-4e72-9f0e-14e1adb29082@group-6B170D7346CA-LeaderElection45] INFO  server.RaftServerConfigKeys (ConfUtils.java:logGet(43)) - raft.server.watch.timeout.denomination = 1s (default)
2019-11-14 14:46:37,481 [f7c73f5f-a922-4e72-9f0e-14e1adb29082@group-6B170D7346CA-LeaderElection45] INFO  server.RaftServerConfigKeys (ConfUtils.java:logGet(43)) - raft.server.watch.element-limit = 65536 (default)
2019-11-14 14:46:37,481 [f7c73f5f-a922-4e72-9f0e-14e1adb29082@group-6B170D7346CA-LeaderElection45] INFO  server.RaftServerConfigKeys (ConfUtils.java:logGet(43)) - raft.server.log.appender.snapshot.chunk.size.max = 16MB (=16777216) (default)
2019-11-14 14:46:37,482 [f7c73f5f-a922-4e72-9f0e-14e1adb29082@group-6B170D7346CA-LeaderElection45] INFO  server.RaftServerConfigKeys (ConfUtils.java:logGet(43)) - raft.server.log.appender.buffer.byte-limit = 33554432 (custom)
2019-11-14 14:46:37,482 [f7c73f5f-a922-4e72-9f0e-14e1adb29082@group-6B170D7346CA-LeaderElection45] INFO  server.RaftServerConfigKeys (ConfUtils.java:logGet(43)) - raft.server.log.appender.buffer.element-limit = 1 (custom)
2019-11-14 14:46:37,482 [f7c73f5f-a922-4e72-9f0e-14e1adb29082@group-6B170D7346CA-LeaderElection45] INFO  grpc.GrpcConfigKeys$Server (ConfUtils.java:logGet(43)) - raft.grpc.server.leader.outstanding.appends.max = 128 (default)
2019-11-14 14:46:37,482 [f7c73f5f-a922-4e72-9f0e-14e1adb29082@group-6B170D7346CA-LeaderElection45] INFO  server.RaftServerConfigKeys (ConfUtils.java:logGet(43)) - raft.server.rpc.request.timeout = 3000ms (default)
2019-11-14 14:46:37,483 [f7c73f5f-a922-4e72-9f0e-14e1adb29082@group-6B170D7346CA-LeaderElection45] INFO  server.RaftServerConfigKeys (ConfUtils.java:logGet(43)) - raft.server.log.appender.install.snapshot.enabled = false (custom)
2019-11-14 14:46:37,483 [f7c73f5f-a922-4e72-9f0e-14e1adb29082@group-6B170D7346CA-LeaderElection45] WARN  impl.MetricRegistriesImpl (MetricRegistriesImpl.java:lambda$create$1(61)) - First MetricRegistry has been created without registering reporters. You may need to call MetricRegistries.global().addReportRegistration(...) before.
2019-11-14 14:46:37,483 [f7c73f5f-a922-4e72-9f0e-14e1adb29082@group-6B170D7346CA-LeaderElection45] INFO  server.RaftServerConfigKeys (ConfUtils.java:logGet(43)) - raft.server.log.appender.snapshot.chunk.size.max = 16MB (=16777216) (default)
2019-11-14 14:46:37,484 [f7c73f5f-a922-4e72-9f0e-14e1adb29082@group-6B170D7346CA-LeaderElection45] INFO  server.RaftServerConfigKeys (ConfUtils.java:logGet(43)) - raft.server.log.appender.buffer.byte-limit = 33554432 (custom)
2019-11-14 14:46:37,484 [f7c73f5f-a922-4e72-9f0e-14e1adb29082@group-6B170D7346CA-LeaderElection45] INFO  server.RaftServerConfigKeys (ConfUtils.java:logGet(43)) - raft.server.log.appender.buffer.element-limit = 1 (custom)
2019-11-14 14:46:37,484 [f7c73f5f-a922-4e72-9f0e-14e1adb29082@group-6B170D7346CA-LeaderElection45] INFO  grpc.GrpcConfigKeys$Server (ConfUtils.java:logGet(43)) - raft.grpc.server.leader.outstanding.appends.max = 128 (default)
2019-11-14 14:46:37,484 [f7c73f5f-a922-4e72-9f0e-14e1adb29082@group-6B170D7346CA-LeaderElection45] INFO  server.RaftServerConfigKeys (ConfUtils.java:logGet(43)) - raft.server.rpc.request.timeout = 3000ms (default)
2019-11-14 14:46:37,485 [f7c73f5f-a922-4e72-9f0e-14e1adb29082@group-6B170D7346CA-LeaderElection45] INFO  server.RaftServerConfigKeys (ConfUtils.java:logGet(43)) - raft.server.log.appender.install.snapshot.enabled = false (custom)
2019-11-14 14:46:37,485 [f7c73f5f-a922-4e72-9f0e-14e1adb29082@group-6B170D7346CA-LeaderElection45] INFO  impl.RoleInfo (RoleInfo.java:updateAndGet(143)) - f7c73f5f-a922-4e72-9f0e-14e1adb29082: start LeaderState
2019-11-14 14:46:37,485 [f7c73f5f-a922-4e72-9f0e-14e1adb29082@group-6B170D7346CA-LeaderElection45] INFO  segmented.SegmentedRaftLogWorker (SegmentedRaftLogWorker.java:startLogSegment(385)) - f7c73f5f-a922-4e72-9f0e-14e1adb29082@group-6B170D7346CA-SegmentedRaftLogWorker: Starting segment from index:0
2019-11-14 14:46:37,511 [f7c73f5f-a922-4e72-9f0e-14e1adb29082@group-6B170D7346CA-LeaderElection45] INFO  impl.RaftServerImpl (ServerState.java:setRaftConf(356)) - f7c73f5f-a922-4e72-9f0e-14e1adb29082@group-6B170D7346CA: set configuration 0: [c792febc-28cf-4355-b2f7-5c4ed618863d:192.168.157.221:39600, f7c73f5f-a922-4e72-9f0e-14e1adb29082:192.168.157.221:38185, 26facaca-2eaa-4eab-ad66-7bd9fd6334c7:192.168.157.221:41610], old=null at 0
2019-11-14 14:46:37,515 [grpc-default-executor-1] INFO  ratis.XceiverServerRatis (XceiverServerRatis.java:handleLeaderChangedNotification(697)) - Leader change notification received for group: group-6B170D7346CA with new leaderId: f7c73f5f-a922-4e72-9f0e-14e1adb29082
2019-11-14 14:46:37,517 [grpc-default-executor-1] INFO  impl.RaftServerImpl (ServerState.java:setLeader(255)) - 26facaca-2eaa-4eab-ad66-7bd9fd6334c7@group-6B170D7346CA: change Leader from null to f7c73f5f-a922-4e72-9f0e-14e1adb29082 at term 1 for appendEntries, leader elected after 1162ms
2019-11-14 14:46:37,517 [grpc-default-executor-2] INFO  ratis.XceiverServerRatis (XceiverServerRatis.java:handleLeaderChangedNotification(697)) - Leader change notification received for group: group-6B170D7346CA with new leaderId: f7c73f5f-a922-4e72-9f0e-14e1adb29082
2019-11-14 14:46:37,517 [grpc-default-executor-2] INFO  impl.RaftServerImpl (ServerState.java:setLeader(255)) - c792febc-28cf-4355-b2f7-5c4ed618863d@group-6B170D7346CA: change Leader from null to f7c73f5f-a922-4e72-9f0e-14e1adb29082 at term 1 for appendEntries, leader elected after 1163ms
2019-11-14 14:46:37,520 [grpc-default-executor-1] INFO  impl.RaftServerImpl (ServerState.java:setRaftConf(356)) - 26facaca-2eaa-4eab-ad66-7bd9fd6334c7@group-6B170D7346CA: set configuration 0: [c792febc-28cf-4355-b2f7-5c4ed618863d:192.168.157.221:39600, f7c73f5f-a922-4e72-9f0e-14e1adb29082:192.168.157.221:38185, 26facaca-2eaa-4eab-ad66-7bd9fd6334c7:192.168.157.221:41610], old=null at 0
2019-11-14 14:46:37,520 [grpc-default-executor-1] INFO  segmented.SegmentedRaftLogWorker (SegmentedRaftLogWorker.java:startLogSegment(385)) - 26facaca-2eaa-4eab-ad66-7bd9fd6334c7@group-6B170D7346CA-SegmentedRaftLogWorker: Starting segment from index:0
2019-11-14 14:46:37,522 [grpc-default-executor-2] INFO  impl.RaftServerImpl (ServerState.java:setRaftConf(356)) - c792febc-28cf-4355-b2f7-5c4ed618863d@group-6B170D7346CA: set configuration 0: [c792febc-28cf-4355-b2f7-5c4ed618863d:192.168.157.221:39600, f7c73f5f-a922-4e72-9f0e-14e1adb29082:192.168.157.221:38185, 26facaca-2eaa-4eab-ad66-7bd9fd6334c7:192.168.157.221:41610], old=null at 0
2019-11-14 14:46:37,522 [grpc-default-executor-2] INFO  segmented.SegmentedRaftLogWorker (SegmentedRaftLogWorker.java:startLogSegment(385)) - c792febc-28cf-4355-b2f7-5c4ed618863d@group-6B170D7346CA-SegmentedRaftLogWorker: Starting segment from index:0
2019-11-14 14:46:37,534 [f7c73f5f-a922-4e72-9f0e-14e1adb29082@group-6B170D7346CA-SegmentedRaftLogWorker] INFO  segmented.SegmentedRaftLogWorker (SegmentedRaftLogWorker.java:execute(576)) - f7c73f5f-a922-4e72-9f0e-14e1adb29082@group-6B170D7346CA-SegmentedRaftLogWorker: created new log segment /workdir/hadoop-ozone/integration-test/target/test-dir/MiniOzoneClusterImpl-fe7ca568-a673-4336-8267-b2734a58a5d6/datanode-4/data/ratis/9509bf5c-6cfe-47d6-a95d-6b170d7346ca/current/log_inprogress_0
2019-11-14 14:46:37,568 [26facaca-2eaa-4eab-ad66-7bd9fd6334c7@group-6B170D7346CA-SegmentedRaftLogWorker] INFO  segmented.SegmentedRaftLogWorker (SegmentedRaftLogWorker.java:execute(576)) - 26facaca-2eaa-4eab-ad66-7bd9fd6334c7@group-6B170D7346CA-SegmentedRaftLogWorker: created new log segment /workdir/hadoop-ozone/integration-test/target/test-dir/MiniOzoneClusterImpl-fe7ca568-a673-4336-8267-b2734a58a5d6/datanode-5/data/ratis/9509bf5c-6cfe-47d6-a95d-6b170d7346ca/current/log_inprogress_0
2019-11-14 14:46:37,590 [c792febc-28cf-4355-b2f7-5c4ed618863d@group-6B170D7346CA-SegmentedRaftLogWorker] INFO  segmented.SegmentedRaftLogWorker (SegmentedRaftLogWorker.java:execute(576)) - c792febc-28cf-4355-b2f7-5c4ed618863d@group-6B170D7346CA-SegmentedRaftLogWorker: created new log segment /workdir/hadoop-ozone/integration-test/target/test-dir/MiniOzoneClusterImpl-fe7ca568-a673-4336-8267-b2734a58a5d6/datanode-0/data/ratis/9509bf5c-6cfe-47d6-a95d-6b170d7346ca/current/log_inprogress_0
2019-11-14 14:46:41,833 [main] INFO  ozoneimpl.OzoneContainer (OzoneContainer.java:stop(244)) - Attempting to stop container services.
2019-11-14 14:46:41,833 [ForkJoinPool.commonPool-worker-0] INFO  ozoneimpl.OzoneContainer (OzoneContainer.java:stop(244)) - Attempting to stop container services.
2019-11-14 14:46:41,835 [main] INFO  impl.RaftServerProxy (RaftServerProxy.java:lambda$close$4(314)) - 7df5b927-629b-4e54-9168-113c4a7809a2: close
2019-11-14 14:46:41,835 [ForkJoinPool.commonPool-worker-0] INFO  impl.RaftServerProxy (RaftServerProxy.java:lambda$close$4(314)) - 57a77f7a-d8c9-4cec-aa3c-e1c9007164ed: close
2019-11-14 14:46:41,836 [ForkJoinPool.commonPool-worker-0] INFO  impl.RaftServerImpl (RaftServerImpl.java:lambda$shutdown$3(250)) - 57a77f7a-d8c9-4cec-aa3c-e1c9007164ed@group-B4C6BDE6A3AE: shutdown
2019-11-14 14:46:41,836 [main] INFO  impl.RaftServerImpl (RaftServerImpl.java:lambda$shutdown$3(250)) - 7df5b927-629b-4e54-9168-113c4a7809a2@group-B4C6BDE6A3AE: shutdown
2019-11-14 14:46:41,836 [ForkJoinPool.commonPool-worker-0] INFO  util.JmxRegister (JmxRegister.java:unregister(73)) - Successfully un-registered JMX Bean with object name Ratis:service=RaftServer,group=group-B4C6BDE6A3AE,id=57a77f7a-d8c9-4cec-aa3c-e1c9007164ed
2019-11-14 14:46:41,836 [main] INFO  util.JmxRegister (JmxRegister.java:unregister(73)) - Successfully un-registered JMX Bean with object name Ratis:service=RaftServer,group=group-B4C6BDE6A3AE,id=7df5b927-629b-4e54-9168-113c4a7809a2
2019-11-14 14:46:41,837 [ForkJoinPool.commonPool-worker-0] INFO  impl.RoleInfo (RoleInfo.java:shutdownFollowerState(121)) - 57a77f7a-d8c9-4cec-aa3c-e1c9007164ed: shutdown FollowerState
2019-11-14 14:46:41,837 [main] INFO  impl.RoleInfo (RoleInfo.java:shutdownFollowerState(121)) - 7df5b927-629b-4e54-9168-113c4a7809a2: shutdown FollowerState
2019-11-14 14:46:41,837 [Thread-2077] INFO  impl.FollowerState (FollowerState.java:run(120)) - 57a77f7a-d8c9-4cec-aa3c-e1c9007164ed@group-B4C6BDE6A3AE-FollowerState was interrupted: java.lang.InterruptedException: sleep interrupted
2019-11-14 14:46:41,837 [ForkJoinPool.commonPool-worker-0] INFO  impl.StateMachineUpdater (StateMachineUpdater.java:stopAndJoin(136)) - 57a77f7a-d8c9-4cec-aa3c-e1c9007164ed@group-B4C6BDE6A3AE-StateMachineUpdater: set stopIndex = 0
2019-11-14 14:46:41,843 [Thread-2079] INFO  impl.FollowerState (FollowerState.java:run(120)) - 7df5b927-629b-4e54-9168-113c4a7809a2@group-B4C6BDE6A3AE-FollowerState was interrupted: java.lang.InterruptedException: sleep interrupted
2019-11-14 14:46:41,837 [main] INFO  impl.StateMachineUpdater (StateMachineUpdater.java:stopAndJoin(136)) - 7df5b927-629b-4e54-9168-113c4a7809a2@group-B4C6BDE6A3AE-StateMachineUpdater: set stopIndex = 0
2019-11-14 14:46:41,845 [ForkJoinPool.commonPool-worker-0] INFO  impl.RaftServerImpl (ServerState.java:close(387)) - 57a77f7a-d8c9-4cec-aa3c-e1c9007164ed@group-B4C6BDE6A3AE: closes. applyIndex: 0
2019-11-14 14:46:41,845 [main] INFO  impl.RaftServerImpl (ServerState.java:close(387)) - 7df5b927-629b-4e54-9168-113c4a7809a2@group-B4C6BDE6A3AE: closes. applyIndex: 0
2019-11-14 14:46:41,846 [57a77f7a-d8c9-4cec-aa3c-e1c9007164ed@group-B4C6BDE6A3AE-SegmentedRaftLogWorker] INFO  segmented.SegmentedRaftLogWorker (SegmentedRaftLogWorker.java:run(316)) - 57a77f7a-d8c9-4cec-aa3c-e1c9007164ed@group-B4C6BDE6A3AE-SegmentedRaftLogWorker was interrupted, exiting. There are 0 tasks remaining in the queue.
2019-11-14 14:46:41,846 [7df5b927-629b-4e54-9168-113c4a7809a2@group-B4C6BDE6A3AE-SegmentedRaftLogWorker] INFO  segmented.SegmentedRaftLogWorker (SegmentedRaftLogWorker.java:run(316)) - 7df5b927-629b-4e54-9168-113c4a7809a2@group-B4C6BDE6A3AE-SegmentedRaftLogWorker was interrupted, exiting. There are 0 tasks remaining in the queue.
2019-11-14 14:46:41,847 [ForkJoinPool.commonPool-worker-0] INFO  segmented.SegmentedRaftLogWorker (SegmentedRaftLogWorker.java:close(224)) - 57a77f7a-d8c9-4cec-aa3c-e1c9007164ed@group-B4C6BDE6A3AE-SegmentedRaftLogWorker close()
2019-11-14 14:46:41,847 [main] INFO  segmented.SegmentedRaftLogWorker (SegmentedRaftLogWorker.java:close(224)) - 7df5b927-629b-4e54-9168-113c4a7809a2@group-B4C6BDE6A3AE-SegmentedRaftLogWorker close()
2019-11-14 14:46:41,848 [ForkJoinPool.commonPool-worker-0] INFO  impl.RaftServerImpl (RaftServerImpl.java:lambda$shutdown$3(250)) - 57a77f7a-d8c9-4cec-aa3c-e1c9007164ed@group-2BD930EE7B71: shutdown
2019-11-14 14:46:41,850 [main] INFO  impl.RaftServerImpl (RaftServerImpl.java:lambda$shutdown$3(250)) - 7df5b927-629b-4e54-9168-113c4a7809a2@group-573953232396: shutdown
2019-11-14 14:46:41,850 [ForkJoinPool.commonPool-worker-0] INFO  util.JmxRegister (JmxRegister.java:unregister(73)) - Successfully un-registered JMX Bean with object name Ratis:service=RaftServer,group=group-2BD930EE7B71,id=57a77f7a-d8c9-4cec-aa3c-e1c9007164ed
2019-11-14 14:46:41,850 [main] INFO  util.JmxRegister (JmxRegister.java:unregister(73)) - Successfully un-registered JMX Bean with object name Ratis:service=RaftServer,group=group-573953232396,id=7df5b927-629b-4e54-9168-113c4a7809a2
2019-11-14 14:46:41,850 [ForkJoinPool.commonPool-worker-0] INFO  impl.RoleInfo (RoleInfo.java:shutdownLeaderState(104)) - 57a77f7a-d8c9-4cec-aa3c-e1c9007164ed: shutdown LeaderState
2019-11-14 14:46:41,851 [main] INFO  impl.RoleInfo (RoleInfo.java:shutdownLeaderState(104)) - 7df5b927-629b-4e54-9168-113c4a7809a2: shutdown LeaderState
2019-11-14 14:46:41,851 [ForkJoinPool.commonPool-worker-0] INFO  impl.PendingRequests (PendingRequests.java:sendNotLeaderResponses(206)) - 57a77f7a-d8c9-4cec-aa3c-e1c9007164ed@group-2BD930EE7B71-PendingRequests: sendNotLeaderResponses
2019-11-14 14:46:41,851 [main] INFO  impl.PendingRequests (PendingRequests.java:sendNotLeaderResponses(206)) - 7df5b927-629b-4e54-9168-113c4a7809a2@group-573953232396-PendingRequests: sendNotLeaderResponses
2019-11-14 14:46:41,851 [ForkJoinPool.commonPool-worker-0] INFO  impl.StateMachineUpdater (StateMachineUpdater.java:stopAndJoin(136)) - 57a77f7a-d8c9-4cec-aa3c-e1c9007164ed@group-2BD930EE7B71-StateMachineUpdater: set stopIndex = 0
2019-11-14 14:46:41,852 [main] INFO  impl.StateMachineUpdater (StateMachineUpdater.java:stopAndJoin(136)) - 7df5b927-629b-4e54-9168-113c4a7809a2@group-573953232396-StateMachineUpdater: set stopIndex = 0
2019-11-14 14:46:41,852 [ForkJoinPool.commonPool-worker-0] INFO  impl.RaftServerImpl (ServerState.java:close(387)) - 57a77f7a-d8c9-4cec-aa3c-e1c9007164ed@group-2BD930EE7B71: closes. applyIndex: 0
2019-11-14 14:46:41,852 [main] INFO  impl.RaftServerImpl (ServerState.java:close(387)) - 7df5b927-629b-4e54-9168-113c4a7809a2@group-573953232396: closes. applyIndex: 0
2019-11-14 14:46:41,852 [57a77f7a-d8c9-4cec-aa3c-e1c9007164ed@group-2BD930EE7B71-SegmentedRaftLogWorker] INFO  segmented.SegmentedRaftLogWorker (SegmentedRaftLogWorker.java:run(316)) - 57a77f7a-d8c9-4cec-aa3c-e1c9007164ed@group-2BD930EE7B71-SegmentedRaftLogWorker was interrupted, exiting. There are 0 tasks remaining in the queue.
2019-11-14 14:46:41,853 [7df5b927-629b-4e54-9168-113c4a7809a2@group-573953232396-SegmentedRaftLogWorker] INFO  segmented.SegmentedRaftLogWorker (SegmentedRaftLogWorker.java:run(316)) - 7df5b927-629b-4e54-9168-113c4a7809a2@group-573953232396-SegmentedRaftLogWorker was interrupted, exiting. There are 0 tasks remaining in the queue.
2019-11-14 14:46:41,853 [ForkJoinPool.commonPool-worker-0] INFO  segmented.SegmentedRaftLogWorker (SegmentedRaftLogWorker.java:close(224)) - 57a77f7a-d8c9-4cec-aa3c-e1c9007164ed@group-2BD930EE7B71-SegmentedRaftLogWorker close()
2019-11-14 14:46:41,853 [main] INFO  segmented.SegmentedRaftLogWorker (SegmentedRaftLogWorker.java:close(224)) - 7df5b927-629b-4e54-9168-113c4a7809a2@group-573953232396-SegmentedRaftLogWorker close()
2019-11-14 14:46:41,854 [ForkJoinPool.commonPool-worker-0] INFO  server.GrpcService (GrpcService.java:closeImpl(164)) - 57a77f7a-d8c9-4cec-aa3c-e1c9007164ed: shutdown server with port 37354 now
2019-11-14 14:46:41,855 [main] INFO  server.GrpcService (GrpcService.java:closeImpl(164)) - 7df5b927-629b-4e54-9168-113c4a7809a2: shutdown server with port 44414 now
2019-11-14 14:46:41,857 [ForkJoinPool.commonPool-worker-0] INFO  server.GrpcService (GrpcService.java:closeImpl(172)) - 57a77f7a-d8c9-4cec-aa3c-e1c9007164ed: shutdown server with port 37354 successfully
2019-11-14 14:46:41,857 [grpc-default-executor-5] WARN  server.GrpcServerProtocolService (LogUtils.java:warn(134)) - 57a77f7a-d8c9-4cec-aa3c-e1c9007164ed: installSnapshot onError, lastRequest: d630e0b1-4536-4869-ba91-999e142c5c29->57a77f7a-d8c9-4cec-aa3c-e1c9007164ed#10-t1, previous=(t:1, i:0), leaderCommit=0, initializing? false, entries: <empty>: org.apache.ratis.thirdparty.io.grpc.StatusRuntimeException: CANCELLED: cancelled before receiving half close
2019-11-14 14:46:41,857 [grpc-default-executor-4] WARN  server.GrpcServerProtocolService (LogUtils.java:warn(134)) - 7df5b927-629b-4e54-9168-113c4a7809a2: installSnapshot onError, lastRequest: d630e0b1-4536-4869-ba91-999e142c5c29->7df5b927-629b-4e54-9168-113c4a7809a2#10-t1, previous=(t:1, i:0), leaderCommit=0, initializing? false, entries: <empty>: org.apache.ratis.thirdparty.io.grpc.StatusRuntimeException: CANCELLED: cancelled before receiving half close
2019-11-14 14:46:41,857 [grpc-default-executor-2] WARN  server.GrpcLogAppender (LogUtils.java:warn(134)) - d630e0b1-4536-4869-ba91-999e142c5c29@group-B4C6BDE6A3AE->7df5b927-629b-4e54-9168-113c4a7809a2-AppendLogResponseHandler: Failed appendEntries: org.apache.ratis.thirdparty.io.grpc.StatusRuntimeException: CANCELLED: HTTP/2 error code: CANCEL
Received Rst Stream
2019-11-14 14:46:41,858 [main] INFO  server.GrpcService (GrpcService.java:closeImpl(172)) - 7df5b927-629b-4e54-9168-113c4a7809a2: shutdown server with port 44414 successfully
2019-11-14 14:46:41,857 [grpc-default-executor-6] WARN  server.GrpcLogAppender (LogUtils.java:warn(134)) - d630e0b1-4536-4869-ba91-999e142c5c29@group-B4C6BDE6A3AE->57a77f7a-d8c9-4cec-aa3c-e1c9007164ed-AppendLogResponseHandler: Failed appendEntries: org.apache.ratis.thirdparty.io.grpc.StatusRuntimeException: CANCELLED: HTTP/2 error code: CANCEL
Received Rst Stream
2019-11-14 14:46:41,858 [grpc-default-executor-2] INFO  impl.FollowerInfo (FollowerInfo.java:lambda$new$0(51)) - d630e0b1-4536-4869-ba91-999e142c5c29@group-B4C6BDE6A3AE->7df5b927-629b-4e54-9168-113c4a7809a2: nextIndex: updateUnconditionally 1 -> 0
2019-11-14 14:46:41,859 [grpc-default-executor-6] INFO  impl.FollowerInfo (FollowerInfo.java:lambda$new$0(51)) - d630e0b1-4536-4869-ba91-999e142c5c29@group-B4C6BDE6A3AE->57a77f7a-d8c9-4cec-aa3c-e1c9007164ed: nextIndex: updateUnconditionally 1 -> 0
2019-11-14 14:46:41,860 [refreshUsed-/workdir/hadoop-ozone/integration-test/target/test-dir/MiniOzoneClusterImpl-fe7ca568-a673-4336-8267-b2734a58a5d6/datanode-1/data/containers] WARN  fs.CachingGetSpaceUsed (CachingGetSpaceUsed.java:run(183)) - Thread Interrupted waiting to refresh disk information: sleep interrupted
2019-11-14 14:46:41,862 [refreshUsed-/workdir/hadoop-ozone/integration-test/target/test-dir/MiniOzoneClusterImpl-fe7ca568-a673-4336-8267-b2734a58a5d6/datanode-3/data/containers] WARN  fs.CachingGetSpaceUsed (CachingGetSpaceUsed.java:run(183)) - Thread Interrupted waiting to refresh disk information: sleep interrupted
2019-11-14 14:46:41,889 [ForkJoinPool.commonPool-worker-0] INFO  utils.BackgroundService (BackgroundService.java:shutdown(151)) - Shutting down service BlockDeletingService
2019-11-14 14:46:41,889 [main] INFO  utils.BackgroundService (BackgroundService.java:shutdown(151)) - Shutting down service BlockDeletingService
2019-11-14 14:46:41,894 [main] INFO  statemachine.DatanodeStateMachine (DatanodeStateMachine.java:stopDaemon(395)) - Ozone container server stopped.
2019-11-14 14:46:41,895 [ForkJoinPool.commonPool-worker-0] INFO  statemachine.DatanodeStateMachine (DatanodeStateMachine.java:stopDaemon(395)) - Ozone container server stopped.
2019-11-14 14:46:41,902 [main] INFO  handler.ContextHandler (ContextHandler.java:doStop(910)) - Stopped o.e.j.w.WebAppContext@53c99b09{/,null,UNAVAILABLE}{/hddsDatanode}
2019-11-14 14:46:41,902 [ForkJoinPool.commonPool-worker-0] INFO  handler.ContextHandler (ContextHandler.java:doStop(910)) - Stopped o.e.j.w.WebAppContext@e280403{/,null,UNAVAILABLE}{/hddsDatanode}
2019-11-14 14:46:41,903 [main] INFO  server.AbstractConnector (AbstractConnector.java:doStop(318)) - Stopped ServerConnector@2539cd1c{HTTP/1.1,[http/1.1]}{0.0.0.0:0}
2019-11-14 14:46:41,903 [ForkJoinPool.commonPool-worker-0] INFO  server.AbstractConnector (AbstractConnector.java:doStop(318)) - Stopped ServerConnector@42f85fa4{HTTP/1.1,[http/1.1]}{0.0.0.0:0}
2019-11-14 14:46:41,905 [ForkJoinPool.commonPool-worker-0] INFO  handler.ContextHandler (ContextHandler.java:doStop(910)) - Stopped o.e.j.s.ServletContextHandler@29c17c3d{/static,jar:file:/home/user/.m2/repository/org/apache/hadoop/hadoop-hdds-container-service/0.5.0-SNAPSHOT/hadoop-hdds-container-service-0.5.0-SNAPSHOT.jar!/webapps/static,UNAVAILABLE}
2019-11-14 14:46:41,905 [main] INFO  handler.ContextHandler (ContextHandler.java:doStop(910)) - Stopped o.e.j.s.ServletContextHandler@3965bdf9{/static,jar:file:/home/user/.m2/repository/org/apache/hadoop/hadoop-hdds-container-service/0.5.0-SNAPSHOT/hadoop-hdds-container-service-0.5.0-SNAPSHOT.jar!/webapps/static,UNAVAILABLE}
2019-11-14 14:46:41,906 [ForkJoinPool.commonPool-worker-0] INFO  handler.ContextHandler (ContextHandler.java:doStop(910)) - Stopped o.e.j.s.ServletContextHandler@6bcb12e6{/logs,file:///workdir/hadoop-ozone/integration-test/target/log,UNAVAILABLE}
2019-11-14 14:46:41,906 [main] INFO  handler.ContextHandler (ContextHandler.java:doStop(910)) - Stopped o.e.j.s.ServletContextHandler@7f7b6639{/logs,file:///workdir/hadoop-ozone/integration-test/target/log,UNAVAILABLE}
2019-11-14 14:46:42,103 [Datanode State Machine Thread - 0] INFO  statemachine.DatanodeStateMachine (DatanodeStateMachine.java:lambda$startDaemon$0(350)) - Ozone container server started.
2019-11-14 14:46:42,191 [grpc-default-executor-4] WARN  server.GrpcLogAppender (LogUtils.java:warn(134)) - d630e0b1-4536-4869-ba91-999e142c5c29@group-B4C6BDE6A3AE->7df5b927-629b-4e54-9168-113c4a7809a2-AppendLogResponseHandler: Failed appendEntries: org.apache.ratis.thirdparty.io.grpc.StatusRuntimeException: UNAVAILABLE: io exception
2019-11-14 14:46:42,192 [grpc-default-executor-4] INFO  impl.FollowerInfo (FollowerInfo.java:lambda$new$0(51)) - d630e0b1-4536-4869-ba91-999e142c5c29@group-B4C6BDE6A3AE->7df5b927-629b-4e54-9168-113c4a7809a2: nextIndex: updateUnconditionally 0 -> 0
2019-11-14 14:46:42,334 [grpc-default-executor-6] WARN  server.GrpcLogAppender (LogUtils.java:warn(134)) - d630e0b1-4536-4869-ba91-999e142c5c29@group-B4C6BDE6A3AE->57a77f7a-d8c9-4cec-aa3c-e1c9007164ed-AppendLogResponseHandler: Failed appendEntries: org.apache.ratis.thirdparty.io.grpc.StatusRuntimeException: UNAVAILABLE: io exception
2019-11-14 14:46:42,334 [grpc-default-executor-6] INFO  impl.FollowerInfo (FollowerInfo.java:lambda$new$0(51)) - d630e0b1-4536-4869-ba91-999e142c5c29@group-B4C6BDE6A3AE->57a77f7a-d8c9-4cec-aa3c-e1c9007164ed: nextIndex: updateUnconditionally 0 -> 0
2019-11-14 14:46:42,414 [Datanode State Machine Thread - 0] INFO  statemachine.DatanodeStateMachine (DatanodeStateMachine.java:lambda$startDaemon$0(350)) - Ozone container server started.
2019-11-14 14:46:42,690 [grpc-default-executor-6] WARN  server.GrpcLogAppender (LogUtils.java:warn(134)) - d630e0b1-4536-4869-ba91-999e142c5c29@group-B4C6BDE6A3AE->7df5b927-629b-4e54-9168-113c4a7809a2-AppendLogResponseHandler: Failed appendEntries: org.apache.ratis.thirdparty.io.grpc.StatusRuntimeException: UNAVAILABLE: io exception
2019-11-14 14:46:42,691 [grpc-default-executor-6] INFO  impl.FollowerInfo (FollowerInfo.java:lambda$new$0(51)) - d630e0b1-4536-4869-ba91-999e142c5c29@group-B4C6BDE6A3AE->7df5b927-629b-4e54-9168-113c4a7809a2: nextIndex: updateUnconditionally 0 -> 0
2019-11-14 14:46:42,834 [grpc-default-executor-6] WARN  server.GrpcLogAppender (LogUtils.java:warn(134)) - d630e0b1-4536-4869-ba91-999e142c5c29@group-B4C6BDE6A3AE->57a77f7a-d8c9-4cec-aa3c-e1c9007164ed-AppendLogResponseHandler: Failed appendEntries: org.apache.ratis.thirdparty.io.grpc.StatusRuntimeException: UNAVAILABLE: io exception
2019-11-14 14:46:42,835 [grpc-default-executor-6] INFO  impl.FollowerInfo (FollowerInfo.java:lambda$new$0(51)) - d630e0b1-4536-4869-ba91-999e142c5c29@group-B4C6BDE6A3AE->57a77f7a-d8c9-4cec-aa3c-e1c9007164ed: nextIndex: updateUnconditionally 0 -> 0
2019-11-14 14:46:43,191 [grpc-default-executor-6] WARN  server.GrpcLogAppender (LogUtils.java:warn(134)) - d630e0b1-4536-4869-ba91-999e142c5c29@group-B4C6BDE6A3AE->7df5b927-629b-4e54-9168-113c4a7809a2-AppendLogResponseHandler: Failed appendEntries: org.apache.ratis.thirdparty.io.grpc.StatusRuntimeException: UNAVAILABLE: io exception
2019-11-14 14:46:43,191 [grpc-default-executor-6] INFO  impl.FollowerInfo (FollowerInfo.java:lambda$new$0(51)) - d630e0b1-4536-4869-ba91-999e142c5c29@group-B4C6BDE6A3AE->7df5b927-629b-4e54-9168-113c4a7809a2: nextIndex: updateUnconditionally 0 -> 0
2019-11-14 14:46:43,335 [grpc-default-executor-6] WARN  server.GrpcLogAppender (LogUtils.java:warn(134)) - d630e0b1-4536-4869-ba91-999e142c5c29@group-B4C6BDE6A3AE->57a77f7a-d8c9-4cec-aa3c-e1c9007164ed-AppendLogResponseHandler: Failed appendEntries: org.apache.ratis.thirdparty.io.grpc.StatusRuntimeException: UNAVAILABLE: io exception
2019-11-14 14:46:43,336 [grpc-default-executor-6] INFO  impl.FollowerInfo (FollowerInfo.java:lambda$new$0(51)) - d630e0b1-4536-4869-ba91-999e142c5c29@group-B4C6BDE6A3AE->57a77f7a-d8c9-4cec-aa3c-e1c9007164ed: nextIndex: updateUnconditionally 0 -> 0
2019-11-14 14:46:43,692 [grpc-default-executor-6] WARN  server.GrpcLogAppender (LogUtils.java:warn(134)) - d630e0b1-4536-4869-ba91-999e142c5c29@group-B4C6BDE6A3AE->7df5b927-629b-4e54-9168-113c4a7809a2-AppendLogResponseHandler: Failed appendEntries: org.apache.ratis.thirdparty.io.grpc.StatusRuntimeException: UNAVAILABLE: io exception
2019-11-14 14:46:43,692 [grpc-default-executor-6] INFO  impl.FollowerInfo (FollowerInfo.java:lambda$new$0(51)) - d630e0b1-4536-4869-ba91-999e142c5c29@group-B4C6BDE6A3AE->7df5b927-629b-4e54-9168-113c4a7809a2: nextIndex: updateUnconditionally 0 -> 0
2019-11-14 14:46:43,836 [grpc-default-executor-6] WARN  server.GrpcLogAppender (LogUtils.java:warn(134)) - d630e0b1-4536-4869-ba91-999e142c5c29@group-B4C6BDE6A3AE->57a77f7a-d8c9-4cec-aa3c-e1c9007164ed-AppendLogResponseHandler: Failed appendEntries: org.apache.ratis.thirdparty.io.grpc.StatusRuntimeException: UNAVAILABLE: io exception
2019-11-14 14:46:43,836 [grpc-default-executor-6] INFO  impl.FollowerInfo (FollowerInfo.java:lambda$new$0(51)) - d630e0b1-4536-4869-ba91-999e142c5c29@group-B4C6BDE6A3AE->57a77f7a-d8c9-4cec-aa3c-e1c9007164ed: nextIndex: updateUnconditionally 0 -> 0
2019-11-14 14:46:44,193 [grpc-default-executor-4] WARN  server.GrpcLogAppender (LogUtils.java:warn(134)) - d630e0b1-4536-4869-ba91-999e142c5c29@group-B4C6BDE6A3AE->7df5b927-629b-4e54-9168-113c4a7809a2-AppendLogResponseHandler: Failed appendEntries: org.apache.ratis.thirdparty.io.grpc.StatusRuntimeException: UNAVAILABLE: io exception
2019-11-14 14:46:44,193 [grpc-default-executor-4] INFO  impl.FollowerInfo (FollowerInfo.java:lambda$new$0(51)) - d630e0b1-4536-4869-ba91-999e142c5c29@group-B4C6BDE6A3AE->7df5b927-629b-4e54-9168-113c4a7809a2: nextIndex: updateUnconditionally 0 -> 0
2019-11-14 14:46:44,337 [grpc-default-executor-4] WARN  server.GrpcLogAppender (LogUtils.java:warn(134)) - d630e0b1-4536-4869-ba91-999e142c5c29@group-B4C6BDE6A3AE->57a77f7a-d8c9-4cec-aa3c-e1c9007164ed-AppendLogResponseHandler: Failed appendEntries: org.apache.ratis.thirdparty.io.grpc.StatusRuntimeException: UNAVAILABLE: io exception
2019-11-14 14:46:44,337 [grpc-default-executor-4] INFO  impl.FollowerInfo (FollowerInfo.java:lambda$new$0(51)) - d630e0b1-4536-4869-ba91-999e142c5c29@group-B4C6BDE6A3AE->57a77f7a-d8c9-4cec-aa3c-e1c9007164ed: nextIndex: updateUnconditionally 0 -> 0
2019-11-14 14:46:44,694 [grpc-default-executor-5] WARN  server.GrpcLogAppender (LogUtils.java:warn(134)) - d630e0b1-4536-4869-ba91-999e142c5c29@group-B4C6BDE6A3AE->7df5b927-629b-4e54-9168-113c4a7809a2-AppendLogResponseHandler: Failed appendEntries: org.apache.ratis.thirdparty.io.grpc.StatusRuntimeException: UNAVAILABLE: io exception
2019-11-14 14:46:44,695 [grpc-default-executor-5] INFO  impl.FollowerInfo (FollowerInfo.java:lambda$new$0(51)) - d630e0b1-4536-4869-ba91-999e142c5c29@group-B4C6BDE6A3AE->7df5b927-629b-4e54-9168-113c4a7809a2: nextIndex: updateUnconditionally 0 -> 0
2019-11-14 14:46:44,839 [grpc-default-executor-5] WARN  server.GrpcLogAppender (LogUtils.java:warn(134)) - d630e0b1-4536-4869-ba91-999e142c5c29@group-B4C6BDE6A3AE->57a77f7a-d8c9-4cec-aa3c-e1c9007164ed-AppendLogResponseHandler: Failed appendEntries: org.apache.ratis.thirdparty.io.grpc.StatusRuntimeException: UNAVAILABLE: io exception
2019-11-14 14:46:44,839 [grpc-default-executor-5] INFO  impl.FollowerInfo (FollowerInfo.java:lambda$new$0(51)) - d630e0b1-4536-4869-ba91-999e142c5c29@group-B4C6BDE6A3AE->57a77f7a-d8c9-4cec-aa3c-e1c9007164ed: nextIndex: updateUnconditionally 0 -> 0
2019-11-14 14:46:45,196 [grpc-default-executor-5] WARN  server.GrpcLogAppender (LogUtils.java:warn(134)) - d630e0b1-4536-4869-ba91-999e142c5c29@group-B4C6BDE6A3AE->7df5b927-629b-4e54-9168-113c4a7809a2-AppendLogResponseHandler: Failed appendEntries: org.apache.ratis.thirdparty.io.grpc.StatusRuntimeException: UNAVAILABLE: io exception
2019-11-14 14:46:45,197 [grpc-default-executor-5] INFO  impl.FollowerInfo (FollowerInfo.java:lambda$new$0(51)) - d630e0b1-4536-4869-ba91-999e142c5c29@group-B4C6BDE6A3AE->7df5b927-629b-4e54-9168-113c4a7809a2: nextIndex: updateUnconditionally 0 -> 0
2019-11-14 14:46:45,339 [grpc-default-executor-4] WARN  server.GrpcLogAppender (LogUtils.java:warn(134)) - d630e0b1-4536-4869-ba91-999e142c5c29@group-B4C6BDE6A3AE->57a77f7a-d8c9-4cec-aa3c-e1c9007164ed-AppendLogResponseHandler: Failed appendEntries: org.apache.ratis.thirdparty.io.grpc.StatusRuntimeException: UNAVAILABLE: io exception
2019-11-14 14:46:45,339 [grpc-default-executor-4] INFO  impl.FollowerInfo (FollowerInfo.java:lambda$new$0(51)) - d630e0b1-4536-4869-ba91-999e142c5c29@group-B4C6BDE6A3AE->57a77f7a-d8c9-4cec-aa3c-e1c9007164ed: nextIndex: updateUnconditionally 0 -> 0
2019-11-14 14:46:45,695 [grpc-default-executor-6] WARN  server.GrpcLogAppender (LogUtils.java:warn(134)) - d630e0b1-4536-4869-ba91-999e142c5c29@group-B4C6BDE6A3AE->7df5b927-629b-4e54-9168-113c4a7809a2-AppendLogResponseHandler: Failed appendEntries: org.apache.ratis.thirdparty.io.grpc.StatusRuntimeException: UNAVAILABLE: io exception
2019-11-14 14:46:45,696 [grpc-default-executor-6] INFO  impl.FollowerInfo (FollowerInfo.java:lambda$new$0(51)) - d630e0b1-4536-4869-ba91-999e142c5c29@group-B4C6BDE6A3AE->7df5b927-629b-4e54-9168-113c4a7809a2: nextIndex: updateUnconditionally 0 -> 0
2019-11-14 14:46:45,839 [grpc-default-executor-5] WARN  server.GrpcLogAppender (LogUtils.java:warn(134)) - d630e0b1-4536-4869-ba91-999e142c5c29@group-B4C6BDE6A3AE->57a77f7a-d8c9-4cec-aa3c-e1c9007164ed-AppendLogResponseHandler: Failed appendEntries: org.apache.ratis.thirdparty.io.grpc.StatusRuntimeException: UNAVAILABLE: io exception
2019-11-14 14:46:45,840 [grpc-default-executor-5] INFO  impl.FollowerInfo (FollowerInfo.java:lambda$new$0(51)) - d630e0b1-4536-4869-ba91-999e142c5c29@group-B4C6BDE6A3AE->57a77f7a-d8c9-4cec-aa3c-e1c9007164ed: nextIndex: updateUnconditionally 0 -> 0
2019-11-14 14:46:46,197 [grpc-default-executor-5] WARN  server.GrpcLogAppender (LogUtils.java:warn(134)) - d630e0b1-4536-4869-ba91-999e142c5c29@group-B4C6BDE6A3AE->7df5b927-629b-4e54-9168-113c4a7809a2-AppendLogResponseHandler: Failed appendEntries: org.apache.ratis.thirdparty.io.grpc.StatusRuntimeException: UNAVAILABLE: io exception
2019-11-14 14:46:46,197 [grpc-default-executor-5] INFO  impl.FollowerInfo (FollowerInfo.java:lambda$new$0(51)) - d630e0b1-4536-4869-ba91-999e142c5c29@group-B4C6BDE6A3AE->7df5b927-629b-4e54-9168-113c4a7809a2: nextIndex: updateUnconditionally 0 -> 0
2019-11-14 14:46:46,340 [grpc-default-executor-6] WARN  server.GrpcLogAppender (LogUtils.java:warn(134)) - d630e0b1-4536-4869-ba91-999e142c5c29@group-B4C6BDE6A3AE->57a77f7a-d8c9-4cec-aa3c-e1c9007164ed-AppendLogResponseHandler: Failed appendEntries: org.apache.ratis.thirdparty.io.grpc.StatusRuntimeException: UNAVAILABLE: io exception
2019-11-14 14:46:46,340 [grpc-default-executor-6] INFO  impl.FollowerInfo (FollowerInfo.java:lambda$new$0(51)) - d630e0b1-4536-4869-ba91-999e142c5c29@group-B4C6BDE6A3AE->57a77f7a-d8c9-4cec-aa3c-e1c9007164ed: nextIndex: updateUnconditionally 0 -> 0
2019-11-14 14:46:46,698 [grpc-default-executor-5] WARN  server.GrpcLogAppender (LogUtils.java:warn(134)) - d630e0b1-4536-4869-ba91-999e142c5c29@group-B4C6BDE6A3AE->7df5b927-629b-4e54-9168-113c4a7809a2-AppendLogResponseHandler: Failed appendEntries: org.apache.ratis.thirdparty.io.grpc.StatusRuntimeException: UNAVAILABLE: io exception
2019-11-14 14:46:46,699 [grpc-default-executor-5] INFO  impl.FollowerInfo (FollowerInfo.java:lambda$new$0(51)) - d630e0b1-4536-4869-ba91-999e142c5c29@group-B4C6BDE6A3AE->7df5b927-629b-4e54-9168-113c4a7809a2: nextIndex: updateUnconditionally 0 -> 0
2019-11-14 14:46:46,845 [grpc-default-executor-5] WARN  server.GrpcLogAppender (LogUtils.java:warn(134)) - d630e0b1-4536-4869-ba91-999e142c5c29@group-B4C6BDE6A3AE->57a77f7a-d8c9-4cec-aa3c-e1c9007164ed-AppendLogResponseHandler: Failed appendEntries: org.apache.ratis.thirdparty.io.grpc.StatusRuntimeException: UNAVAILABLE: io exception
2019-11-14 14:46:46,846 [grpc-default-executor-5] INFO  impl.FollowerInfo (FollowerInfo.java:lambda$new$0(51)) - d630e0b1-4536-4869-ba91-999e142c5c29@group-B4C6BDE6A3AE->57a77f7a-d8c9-4cec-aa3c-e1c9007164ed: nextIndex: updateUnconditionally 0 -> 0
2019-11-14 14:46:46,910 [main] INFO  ozoneimpl.OzoneContainer (OzoneContainer.java:stop(244)) - Attempting to stop container services.
2019-11-14 14:46:46,910 [ForkJoinPool.commonPool-worker-0] INFO  ozoneimpl.OzoneContainer (OzoneContainer.java:stop(244)) - Attempting to stop container services.
2019-11-14 14:46:46,911 [main] INFO  impl.RaftServerProxy (RaftServerProxy.java:lambda$close$4(314)) - 26facaca-2eaa-4eab-ad66-7bd9fd6334c7: close
2019-11-14 14:46:46,911 [ForkJoinPool.commonPool-worker-0] INFO  impl.RaftServerProxy (RaftServerProxy.java:lambda$close$4(314)) - d630e0b1-4536-4869-ba91-999e142c5c29: close
2019-11-14 14:46:46,911 [main] INFO  impl.RaftServerImpl (RaftServerImpl.java:lambda$shutdown$3(250)) - 26facaca-2eaa-4eab-ad66-7bd9fd6334c7@group-C727FAC6AA45: shutdown
2019-11-14 14:46:46,911 [ForkJoinPool.commonPool-worker-0] INFO  impl.RaftServerImpl (RaftServerImpl.java:lambda$shutdown$3(250)) - d630e0b1-4536-4869-ba91-999e142c5c29@group-B4C6BDE6A3AE: shutdown
2019-11-14 14:46:46,911 [main] INFO  util.JmxRegister (JmxRegister.java:unregister(73)) - Successfully un-registered JMX Bean with object name Ratis:service=RaftServer,group=group-C727FAC6AA45,id=26facaca-2eaa-4eab-ad66-7bd9fd6334c7
2019-11-14 14:46:46,912 [ForkJoinPool.commonPool-worker-0] INFO  util.JmxRegister (JmxRegister.java:unregister(73)) - Successfully un-registered JMX Bean with object name Ratis:service=RaftServer,group=group-B4C6BDE6A3AE,id=d630e0b1-4536-4869-ba91-999e142c5c29
2019-11-14 14:46:46,912 [main] INFO  impl.RoleInfo (RoleInfo.java:shutdownLeaderState(104)) - 26facaca-2eaa-4eab-ad66-7bd9fd6334c7: shutdown LeaderState
2019-11-14 14:46:46,912 [ForkJoinPool.commonPool-worker-0] INFO  impl.RoleInfo (RoleInfo.java:shutdownLeaderState(104)) - d630e0b1-4536-4869-ba91-999e142c5c29: shutdown LeaderState
2019-11-14 14:46:46,912 [main] INFO  impl.PendingRequests (PendingRequests.java:sendNotLeaderResponses(206)) - 26facaca-2eaa-4eab-ad66-7bd9fd6334c7@group-C727FAC6AA45-PendingRequests: sendNotLeaderResponses
2019-11-14 14:46:46,916 [org.apache.ratis.server.impl.LogAppender$AppenderDaemon$$Lambda$413/903611965@7e835f04] WARN  server.GrpcLogAppender (GrpcLogAppender.java:mayWait(151)) - d630e0b1-4536-4869-ba91-999e142c5c29@group-B4C6BDE6A3AE->7df5b927-629b-4e54-9168-113c4a7809a2-GrpcLogAppender: Wait interrupted by java.lang.InterruptedException
2019-11-14 14:46:46,917 [org.apache.ratis.server.impl.LogAppender$AppenderDaemon$$Lambda$413/903611965@3b81ceb0] WARN  server.GrpcLogAppender (GrpcLogAppender.java:mayWait(151)) - d630e0b1-4536-4869-ba91-999e142c5c29@group-B4C6BDE6A3AE->57a77f7a-d8c9-4cec-aa3c-e1c9007164ed-GrpcLogAppender: Wait interrupted by java.lang.InterruptedException
2019-11-14 14:46:46,917 [ForkJoinPool.commonPool-worker-0] INFO  impl.PendingRequests (PendingRequests.java:sendNotLeaderResponses(206)) - d630e0b1-4536-4869-ba91-999e142c5c29@group-B4C6BDE6A3AE-PendingRequests: sendNotLeaderResponses
2019-11-14 14:46:46,918 [main] INFO  impl.StateMachineUpdater (StateMachineUpdater.java:stopAndJoin(136)) - 26facaca-2eaa-4eab-ad66-7bd9fd6334c7@group-C727FAC6AA45-StateMachineUpdater: set stopIndex = 0
2019-11-14 14:46:46,918 [ForkJoinPool.commonPool-worker-0] INFO  impl.StateMachineUpdater (StateMachineUpdater.java:stopAndJoin(136)) - d630e0b1-4536-4869-ba91-999e142c5c29@group-B4C6BDE6A3AE-StateMachineUpdater: set stopIndex = 0
2019-11-14 14:46:46,918 [main] INFO  impl.RaftServerImpl (ServerState.java:close(387)) - 26facaca-2eaa-4eab-ad66-7bd9fd6334c7@group-C727FAC6AA45: closes. applyIndex: 0
2019-11-14 14:46:46,918 [ForkJoinPool.commonPool-worker-0] INFO  impl.RaftServerImpl (ServerState.java:close(387)) - d630e0b1-4536-4869-ba91-999e142c5c29@group-B4C6BDE6A3AE: closes. applyIndex: 0
2019-11-14 14:46:46,918 [26facaca-2eaa-4eab-ad66-7bd9fd6334c7@group-C727FAC6AA45-SegmentedRaftLogWorker] INFO  segmented.SegmentedRaftLogWorker (SegmentedRaftLogWorker.java:run(316)) - 26facaca-2eaa-4eab-ad66-7bd9fd6334c7@group-C727FAC6AA45-SegmentedRaftLogWorker was interrupted, exiting. There are 0 tasks remaining in the queue.
2019-11-14 14:46:46,919 [d630e0b1-4536-4869-ba91-999e142c5c29@group-B4C6BDE6A3AE-SegmentedRaftLogWorker] INFO  segmented.SegmentedRaftLogWorker (SegmentedRaftLogWorker.java:run(316)) - d630e0b1-4536-4869-ba91-999e142c5c29@group-B4C6BDE6A3AE-SegmentedRaftLogWorker was interrupted, exiting. There are 0 tasks remaining in the queue.
2019-11-14 14:46:46,925 [main] INFO  segmented.SegmentedRaftLogWorker (SegmentedRaftLogWorker.java:close(224)) - 26facaca-2eaa-4eab-ad66-7bd9fd6334c7@group-C727FAC6AA45-SegmentedRaftLogWorker close()
2019-11-14 14:46:46,925 [ForkJoinPool.commonPool-worker-0] INFO  segmented.SegmentedRaftLogWorker (SegmentedRaftLogWorker.java:close(224)) - d630e0b1-4536-4869-ba91-999e142c5c29@group-B4C6BDE6A3AE-SegmentedRaftLogWorker close()
2019-11-14 14:46:46,927 [main] INFO  impl.RaftServerImpl (RaftServerImpl.java:lambda$shutdown$3(250)) - 26facaca-2eaa-4eab-ad66-7bd9fd6334c7@group-6B170D7346CA: shutdown
2019-11-14 14:46:46,928 [ForkJoinPool.commonPool-worker-0] INFO  impl.RaftServerImpl (RaftServerImpl.java:lambda$shutdown$3(250)) - d630e0b1-4536-4869-ba91-999e142c5c29@group-64B4F938D99D: shutdown
2019-11-14 14:46:46,928 [main] INFO  util.JmxRegister (JmxRegister.java:unregister(73)) - Successfully un-registered JMX Bean with object name Ratis:service=RaftServer,group=group-6B170D7346CA,id=26facaca-2eaa-4eab-ad66-7bd9fd6334c7
2019-11-14 14:46:46,928 [ForkJoinPool.commonPool-worker-0] INFO  util.JmxRegister (JmxRegister.java:unregister(73)) - Successfully un-registered JMX Bean with object name Ratis:service=RaftServer,group=group-64B4F938D99D,id=d630e0b1-4536-4869-ba91-999e142c5c29
2019-11-14 14:46:46,928 [main] INFO  impl.RoleInfo (RoleInfo.java:shutdownFollowerState(121)) - 26facaca-2eaa-4eab-ad66-7bd9fd6334c7: shutdown FollowerState
2019-11-14 14:46:46,929 [ForkJoinPool.commonPool-worker-0] INFO  impl.RoleInfo (RoleInfo.java:shutdownLeaderState(104)) - d630e0b1-4536-4869-ba91-999e142c5c29: shutdown LeaderState
2019-11-14 14:46:46,929 [Thread-2094] INFO  impl.FollowerState (FollowerState.java:run(120)) - 26facaca-2eaa-4eab-ad66-7bd9fd6334c7@group-6B170D7346CA-FollowerState was interrupted: java.lang.InterruptedException: sleep interrupted
2019-11-14 14:46:46,929 [main] INFO  impl.StateMachineUpdater (StateMachineUpdater.java:stopAndJoin(136)) - 26facaca-2eaa-4eab-ad66-7bd9fd6334c7@group-6B170D7346CA-StateMachineUpdater: set stopIndex = 0
2019-11-14 14:46:46,930 [main] INFO  impl.RaftServerImpl (ServerState.java:close(387)) - 26facaca-2eaa-4eab-ad66-7bd9fd6334c7@group-6B170D7346CA: closes. applyIndex: 0
2019-11-14 14:46:46,929 [ForkJoinPool.commonPool-worker-0] INFO  impl.PendingRequests (PendingRequests.java:sendNotLeaderResponses(206)) - d630e0b1-4536-4869-ba91-999e142c5c29@group-64B4F938D99D-PendingRequests: sendNotLeaderResponses
2019-11-14 14:46:46,931 [26facaca-2eaa-4eab-ad66-7bd9fd6334c7@group-6B170D7346CA-SegmentedRaftLogWorker] INFO  segmented.SegmentedRaftLogWorker (SegmentedRaftLogWorker.java:run(316)) - 26facaca-2eaa-4eab-ad66-7bd9fd6334c7@group-6B170D7346CA-SegmentedRaftLogWorker was interrupted, exiting. There are 0 tasks remaining in the queue.
2019-11-14 14:46:46,931 [ForkJoinPool.commonPool-worker-0] INFO  impl.StateMachineUpdater (StateMachineUpdater.java:stopAndJoin(136)) - d630e0b1-4536-4869-ba91-999e142c5c29@group-64B4F938D99D-StateMachineUpdater: set stopIndex = 0
2019-11-14 14:46:46,931 [main] INFO  segmented.SegmentedRaftLogWorker (SegmentedRaftLogWorker.java:close(224)) - 26facaca-2eaa-4eab-ad66-7bd9fd6334c7@group-6B170D7346CA-SegmentedRaftLogWorker close()
2019-11-14 14:46:46,931 [ForkJoinPool.commonPool-worker-0] INFO  impl.RaftServerImpl (ServerState.java:close(387)) - d630e0b1-4536-4869-ba91-999e142c5c29@group-64B4F938D99D: closes. applyIndex: 0
2019-11-14 14:46:46,932 [main] INFO  server.GrpcService (GrpcService.java:closeImpl(164)) - 26facaca-2eaa-4eab-ad66-7bd9fd6334c7: shutdown server with port 41610 now
2019-11-14 14:46:46,933 [d630e0b1-4536-4869-ba91-999e142c5c29@group-64B4F938D99D-SegmentedRaftLogWorker] INFO  segmented.SegmentedRaftLogWorker (SegmentedRaftLogWorker.java:run(316)) - d630e0b1-4536-4869-ba91-999e142c5c29@group-64B4F938D99D-SegmentedRaftLogWorker was interrupted, exiting. There are 0 tasks remaining in the queue.
2019-11-14 14:46:46,933 [ForkJoinPool.commonPool-worker-0] INFO  segmented.SegmentedRaftLogWorker (SegmentedRaftLogWorker.java:close(224)) - d630e0b1-4536-4869-ba91-999e142c5c29@group-64B4F938D99D-SegmentedRaftLogWorker close()
2019-11-14 14:46:46,935 [ForkJoinPool.commonPool-worker-0] INFO  server.GrpcService (GrpcService.java:closeImpl(164)) - d630e0b1-4536-4869-ba91-999e142c5c29: shutdown server with port 34031 now
2019-11-14 14:46:46,935 [grpc-default-executor-6] WARN  server.GrpcServerProtocolService (LogUtils.java:warn(134)) - 26facaca-2eaa-4eab-ad66-7bd9fd6334c7: installSnapshot onError, lastRequest: f7c73f5f-a922-4e72-9f0e-14e1adb29082->26facaca-2eaa-4eab-ad66-7bd9fd6334c7#19-t1, previous=(t:1, i:0), leaderCommit=0, initializing? false, entries: <empty>: org.apache.ratis.thirdparty.io.grpc.StatusRuntimeException: CANCELLED: cancelled before receiving half close
2019-11-14 14:46:46,935 [main] INFO  server.GrpcService (GrpcService.java:closeImpl(172)) - 26facaca-2eaa-4eab-ad66-7bd9fd6334c7: shutdown server with port 41610 successfully
2019-11-14 14:46:46,935 [ForkJoinPool.commonPool-worker-0] INFO  server.GrpcService (GrpcService.java:closeImpl(172)) - d630e0b1-4536-4869-ba91-999e142c5c29: shutdown server with port 34031 successfully
2019-11-14 14:46:46,935 [grpc-default-executor-4] WARN  server.GrpcLogAppender (LogUtils.java:warn(134)) - f7c73f5f-a922-4e72-9f0e-14e1adb29082@group-6B170D7346CA->26facaca-2eaa-4eab-ad66-7bd9fd6334c7-AppendLogResponseHandler: Failed appendEntries: org.apache.ratis.thirdparty.io.grpc.StatusRuntimeException: CANCELLED: HTTP/2 error code: CANCEL
Received Rst Stream
2019-11-14 14:46:46,937 [grpc-default-executor-4] INFO  impl.FollowerInfo (FollowerInfo.java:lambda$new$0(51)) - f7c73f5f-a922-4e72-9f0e-14e1adb29082@group-6B170D7346CA->26facaca-2eaa-4eab-ad66-7bd9fd6334c7: nextIndex: updateUnconditionally 1 -> 0
2019-11-14 14:46:46,939 [refreshUsed-/workdir/hadoop-ozone/integration-test/target/test-dir/MiniOzoneClusterImpl-fe7ca568-a673-4336-8267-b2734a58a5d6/datanode-5/data/containers] WARN  fs.CachingGetSpaceUsed (CachingGetSpaceUsed.java:run(183)) - Thread Interrupted waiting to refresh disk information: sleep interrupted
2019-11-14 14:46:46,939 [refreshUsed-/workdir/hadoop-ozone/integration-test/target/test-dir/MiniOzoneClusterImpl-fe7ca568-a673-4336-8267-b2734a58a5d6/datanode-2/data/containers] WARN  fs.CachingGetSpaceUsed (CachingGetSpaceUsed.java:run(183)) - Thread Interrupted waiting to refresh disk information: sleep interrupted
2019-11-14 14:46:46,963 [main] INFO  utils.BackgroundService (BackgroundService.java:shutdown(151)) - Shutting down service BlockDeletingService
2019-11-14 14:46:46,963 [ForkJoinPool.commonPool-worker-0] INFO  utils.BackgroundService (BackgroundService.java:shutdown(151)) - Shutting down service BlockDeletingService
2019-11-14 14:46:46,967 [ForkJoinPool.commonPool-worker-0] INFO  statemachine.DatanodeStateMachine (DatanodeStateMachine.java:stopDaemon(395)) - Ozone container server stopped.
2019-11-14 14:46:46,968 [main] INFO  statemachine.DatanodeStateMachine (DatanodeStateMachine.java:stopDaemon(395)) - Ozone container server stopped.
2019-11-14 14:46:46,971 [ForkJoinPool.commonPool-worker-0] INFO  handler.ContextHandler (ContextHandler.java:doStop(910)) - Stopped o.e.j.w.WebAppContext@32eae6f2{/,null,UNAVAILABLE}{/hddsDatanode}
2019-11-14 14:46:46,971 [main] INFO  handler.ContextHandler (ContextHandler.java:doStop(910)) - Stopped o.e.j.w.WebAppContext@52227eb2{/,null,UNAVAILABLE}{/hddsDatanode}
2019-11-14 14:46:46,972 [ForkJoinPool.commonPool-worker-0] INFO  server.AbstractConnector (AbstractConnector.java:doStop(318)) - Stopped ServerConnector@26ca61bf{HTTP/1.1,[http/1.1]}{0.0.0.0:0}
2019-11-14 14:46:46,973 [main] INFO  server.AbstractConnector (AbstractConnector.java:doStop(318)) - Stopped ServerConnector@5ad1904f{HTTP/1.1,[http/1.1]}{0.0.0.0:0}
2019-11-14 14:46:46,973 [ForkJoinPool.commonPool-worker-0] INFO  handler.ContextHandler (ContextHandler.java:doStop(910)) - Stopped o.e.j.s.ServletContextHandler@2404b5a{/static,jar:file:/home/user/.m2/repository/org/apache/hadoop/hadoop-hdds-container-service/0.5.0-SNAPSHOT/hadoop-hdds-container-service-0.5.0-SNAPSHOT.jar!/webapps/static,UNAVAILABLE}
2019-11-14 14:46:46,974 [main] INFO  handler.ContextHandler (ContextHandler.java:doStop(910)) - Stopped o.e.j.s.ServletContextHandler@a9c5b75{/static,jar:file:/home/user/.m2/repository/org/apache/hadoop/hadoop-hdds-container-service/0.5.0-SNAPSHOT/hadoop-hdds-container-service-0.5.0-SNAPSHOT.jar!/webapps/static,UNAVAILABLE}
2019-11-14 14:46:46,975 [ForkJoinPool.commonPool-worker-0] INFO  handler.ContextHandler (ContextHandler.java:doStop(910)) - Stopped o.e.j.s.ServletContextHandler@39f5b723{/logs,file:///workdir/hadoop-ozone/integration-test/target/log,UNAVAILABLE}
2019-11-14 14:46:46,975 [main] INFO  handler.ContextHandler (ContextHandler.java:doStop(910)) - Stopped o.e.j.s.ServletContextHandler@78d71df1{/logs,file:///workdir/hadoop-ozone/integration-test/target/log,UNAVAILABLE}
2019-11-14 14:46:47,131 [grpc-default-executor-2] WARN  server.GrpcLogAppender (LogUtils.java:warn(134)) - f7c73f5f-a922-4e72-9f0e-14e1adb29082@group-6B170D7346CA->26facaca-2eaa-4eab-ad66-7bd9fd6334c7-AppendLogResponseHandler: Failed appendEntries: org.apache.ratis.thirdparty.io.grpc.StatusRuntimeException: UNAVAILABLE: io exception
2019-11-14 14:46:47,132 [grpc-default-executor-2] INFO  impl.FollowerInfo (FollowerInfo.java:lambda$new$0(51)) - f7c73f5f-a922-4e72-9f0e-14e1adb29082@group-6B170D7346CA->26facaca-2eaa-4eab-ad66-7bd9fd6334c7: nextIndex: updateUnconditionally 0 -> 0
2019-11-14 14:46:47,480 [Datanode State Machine Thread - 0] INFO  statemachine.DatanodeStateMachine (DatanodeStateMachine.java:lambda$startDaemon$0(350)) - Ozone container server started.
2019-11-14 14:46:47,632 [grpc-default-executor-2] WARN  server.GrpcLogAppender (LogUtils.java:warn(134)) - f7c73f5f-a922-4e72-9f0e-14e1adb29082@group-6B170D7346CA->26facaca-2eaa-4eab-ad66-7bd9fd6334c7-AppendLogResponseHandler: Failed appendEntries: org.apache.ratis.thirdparty.io.grpc.StatusRuntimeException: UNAVAILABLE: io exception
2019-11-14 14:46:47,632 [grpc-default-executor-2] INFO  impl.FollowerInfo (FollowerInfo.java:lambda$new$0(51)) - f7c73f5f-a922-4e72-9f0e-14e1adb29082@group-6B170D7346CA->26facaca-2eaa-4eab-ad66-7bd9fd6334c7: nextIndex: updateUnconditionally 0 -> 0
2019-11-14 14:46:47,757 [Datanode State Machine Thread - 0] INFO  statemachine.DatanodeStateMachine (DatanodeStateMachine.java:lambda$startDaemon$0(350)) - Ozone container server started.
2019-11-14 14:46:48,133 [grpc-default-executor-2] WARN  server.GrpcLogAppender (LogUtils.java:warn(134)) - f7c73f5f-a922-4e72-9f0e-14e1adb29082@group-6B170D7346CA->26facaca-2eaa-4eab-ad66-7bd9fd6334c7-AppendLogResponseHandler: Failed appendEntries: org.apache.ratis.thirdparty.io.grpc.StatusRuntimeException: UNAVAILABLE: io exception
2019-11-14 14:46:48,134 [grpc-default-executor-2] INFO  impl.FollowerInfo (FollowerInfo.java:lambda$new$0(51)) - f7c73f5f-a922-4e72-9f0e-14e1adb29082@group-6B170D7346CA->26facaca-2eaa-4eab-ad66-7bd9fd6334c7: nextIndex: updateUnconditionally 0 -> 0
2019-11-14 14:46:48,635 [grpc-default-executor-5] WARN  server.GrpcLogAppender (LogUtils.java:warn(134)) - f7c73f5f-a922-4e72-9f0e-14e1adb29082@group-6B170D7346CA->26facaca-2eaa-4eab-ad66-7bd9fd6334c7-AppendLogResponseHandler: Failed appendEntries: org.apache.ratis.thirdparty.io.grpc.StatusRuntimeException: UNAVAILABLE: io exception
2019-11-14 14:46:48,635 [grpc-default-executor-5] INFO  impl.FollowerInfo (FollowerInfo.java:lambda$new$0(51)) - f7c73f5f-a922-4e72-9f0e-14e1adb29082@group-6B170D7346CA->26facaca-2eaa-4eab-ad66-7bd9fd6334c7: nextIndex: updateUnconditionally 0 -> 0
2019-11-14 14:46:49,141 [grpc-default-executor-2] WARN  server.GrpcLogAppender (LogUtils.java:warn(134)) - f7c73f5f-a922-4e72-9f0e-14e1adb29082@group-6B170D7346CA->26facaca-2eaa-4eab-ad66-7bd9fd6334c7-AppendLogResponseHandler: Failed appendEntries: org.apache.ratis.thirdparty.io.grpc.StatusRuntimeException: UNAVAILABLE: io exception
2019-11-14 14:46:49,142 [grpc-default-executor-2] INFO  impl.FollowerInfo (FollowerInfo.java:lambda$new$0(51)) - f7c73f5f-a922-4e72-9f0e-14e1adb29082@group-6B170D7346CA->26facaca-2eaa-4eab-ad66-7bd9fd6334c7: nextIndex: updateUnconditionally 0 -> 0
2019-11-14 14:46:49,640 [grpc-default-executor-2] WARN  server.GrpcLogAppender (LogUtils.java:warn(134)) - f7c73f5f-a922-4e72-9f0e-14e1adb29082@group-6B170D7346CA->26facaca-2eaa-4eab-ad66-7bd9fd6334c7-AppendLogResponseHandler: Failed appendEntries: org.apache.ratis.thirdparty.io.grpc.StatusRuntimeException: UNAVAILABLE: io exception
2019-11-14 14:46:49,641 [grpc-default-executor-2] INFO  impl.FollowerInfo (FollowerInfo.java:lambda$new$0(51)) - f7c73f5f-a922-4e72-9f0e-14e1adb29082@group-6B170D7346CA->26facaca-2eaa-4eab-ad66-7bd9fd6334c7: nextIndex: updateUnconditionally 0 -> 0
2019-11-14 14:46:50,141 [grpc-default-executor-2] WARN  server.GrpcLogAppender (LogUtils.java:warn(134)) - f7c73f5f-a922-4e72-9f0e-14e1adb29082@group-6B170D7346CA->26facaca-2eaa-4eab-ad66-7bd9fd6334c7-AppendLogResponseHandler: Failed appendEntries: org.apache.ratis.thirdparty.io.grpc.StatusRuntimeException: UNAVAILABLE: io exception
2019-11-14 14:46:50,142 [grpc-default-executor-2] INFO  impl.FollowerInfo (FollowerInfo.java:lambda$new$0(51)) - f7c73f5f-a922-4e72-9f0e-14e1adb29082@group-6B170D7346CA->26facaca-2eaa-4eab-ad66-7bd9fd6334c7: nextIndex: updateUnconditionally 0 -> 0
2019-11-14 14:46:50,642 [grpc-default-executor-2] WARN  server.GrpcLogAppender (LogUtils.java:warn(134)) - f7c73f5f-a922-4e72-9f0e-14e1adb29082@group-6B170D7346CA->26facaca-2eaa-4eab-ad66-7bd9fd6334c7-AppendLogResponseHandler: Failed appendEntries: org.apache.ratis.thirdparty.io.grpc.StatusRuntimeException: UNAVAILABLE: io exception
2019-11-14 14:46:50,642 [grpc-default-executor-2] INFO  impl.FollowerInfo (FollowerInfo.java:lambda$new$0(51)) - f7c73f5f-a922-4e72-9f0e-14e1adb29082@group-6B170D7346CA->26facaca-2eaa-4eab-ad66-7bd9fd6334c7: nextIndex: updateUnconditionally 0 -> 0
2019-11-14 14:46:51,143 [grpc-default-executor-2] WARN  server.GrpcLogAppender (LogUtils.java:warn(134)) - f7c73f5f-a922-4e72-9f0e-14e1adb29082@group-6B170D7346CA->26facaca-2eaa-4eab-ad66-7bd9fd6334c7-AppendLogResponseHandler: Failed appendEntries: org.apache.ratis.thirdparty.io.grpc.StatusRuntimeException: UNAVAILABLE: io exception
2019-11-14 14:46:51,144 [grpc-default-executor-2] INFO  impl.FollowerInfo (FollowerInfo.java:lambda$new$0(51)) - f7c73f5f-a922-4e72-9f0e-14e1adb29082@group-6B170D7346CA->26facaca-2eaa-4eab-ad66-7bd9fd6334c7: nextIndex: updateUnconditionally 0 -> 0
2019-11-14 14:46:51,647 [grpc-default-executor-6] WARN  server.GrpcLogAppender (LogUtils.java:warn(134)) - f7c73f5f-a922-4e72-9f0e-14e1adb29082@group-6B170D7346CA->26facaca-2eaa-4eab-ad66-7bd9fd6334c7-AppendLogResponseHandler: Failed appendEntries: org.apache.ratis.thirdparty.io.grpc.StatusRuntimeException: UNAVAILABLE: io exception
2019-11-14 14:46:51,648 [grpc-default-executor-6] INFO  impl.FollowerInfo (FollowerInfo.java:lambda$new$0(51)) - f7c73f5f-a922-4e72-9f0e-14e1adb29082@group-6B170D7346CA->26facaca-2eaa-4eab-ad66-7bd9fd6334c7: nextIndex: updateUnconditionally 0 -> 0
2019-11-14 14:46:51,978 [main] INFO  ozoneimpl.OzoneContainer (OzoneContainer.java:stop(244)) - Attempting to stop container services.
2019-11-14 14:46:51,978 [ForkJoinPool.commonPool-worker-0] INFO  ozoneimpl.OzoneContainer (OzoneContainer.java:stop(244)) - Attempting to stop container services.
2019-11-14 14:46:51,979 [main] INFO  impl.RaftServerProxy (RaftServerProxy.java:lambda$close$4(314)) - f7c73f5f-a922-4e72-9f0e-14e1adb29082: close
2019-11-14 14:46:51,979 [ForkJoinPool.commonPool-worker-0] INFO  impl.RaftServerProxy (RaftServerProxy.java:lambda$close$4(314)) - c792febc-28cf-4355-b2f7-5c4ed618863d: close
2019-11-14 14:46:51,980 [main] INFO  impl.RaftServerImpl (RaftServerImpl.java:lambda$shutdown$3(250)) - f7c73f5f-a922-4e72-9f0e-14e1adb29082@group-BAB06F5605F8: shutdown
2019-11-14 14:46:51,980 [ForkJoinPool.commonPool-worker-0] INFO  impl.RaftServerImpl (RaftServerImpl.java:lambda$shutdown$3(250)) - c792febc-28cf-4355-b2f7-5c4ed618863d@group-CC864FCB266F: shutdown
2019-11-14 14:46:51,980 [main] INFO  util.JmxRegister (JmxRegister.java:unregister(73)) - Successfully un-registered JMX Bean with object name Ratis:service=RaftServer,group=group-BAB06F5605F8,id=f7c73f5f-a922-4e72-9f0e-14e1adb29082
2019-11-14 14:46:51,980 [ForkJoinPool.commonPool-worker-0] INFO  util.JmxRegister (JmxRegister.java:unregister(73)) - Successfully un-registered JMX Bean with object name Ratis:service=RaftServer,group=group-CC864FCB266F,id=c792febc-28cf-4355-b2f7-5c4ed618863d
2019-11-14 14:46:51,981 [main] INFO  impl.RoleInfo (RoleInfo.java:shutdownLeaderState(104)) - f7c73f5f-a922-4e72-9f0e-14e1adb29082: shutdown LeaderState
2019-11-14 14:46:51,981 [ForkJoinPool.commonPool-worker-0] INFO  impl.RoleInfo (RoleInfo.java:shutdownLeaderState(104)) - c792febc-28cf-4355-b2f7-5c4ed618863d: shutdown LeaderState
2019-11-14 14:46:51,981 [main] INFO  impl.PendingRequests (PendingRequests.java:sendNotLeaderResponses(206)) - f7c73f5f-a922-4e72-9f0e-14e1adb29082@group-BAB06F5605F8-PendingRequests: sendNotLeaderResponses
2019-11-14 14:46:51,981 [ForkJoinPool.commonPool-worker-0] INFO  impl.PendingRequests (PendingRequests.java:sendNotLeaderResponses(206)) - c792febc-28cf-4355-b2f7-5c4ed618863d@group-CC864FCB266F-PendingRequests: sendNotLeaderResponses
2019-11-14 14:46:51,982 [main] INFO  impl.StateMachineUpdater (StateMachineUpdater.java:stopAndJoin(136)) - f7c73f5f-a922-4e72-9f0e-14e1adb29082@group-BAB06F5605F8-StateMachineUpdater: set stopIndex = 0
2019-11-14 14:46:51,982 [ForkJoinPool.commonPool-worker-0] INFO  impl.StateMachineUpdater (StateMachineUpdater.java:stopAndJoin(136)) - c792febc-28cf-4355-b2f7-5c4ed618863d@group-CC864FCB266F-StateMachineUpdater: set stopIndex = 0
2019-11-14 14:46:51,983 [main] INFO  impl.RaftServerImpl (ServerState.java:close(387)) - f7c73f5f-a922-4e72-9f0e-14e1adb29082@group-BAB06F5605F8: closes. applyIndex: 0
2019-11-14 14:46:51,983 [ForkJoinPool.commonPool-worker-0] INFO  impl.RaftServerImpl (ServerState.java:close(387)) - c792febc-28cf-4355-b2f7-5c4ed618863d@group-CC864FCB266F: closes. applyIndex: 0
2019-11-14 14:46:51,983 [f7c73f5f-a922-4e72-9f0e-14e1adb29082@group-BAB06F5605F8-SegmentedRaftLogWorker] INFO  segmented.SegmentedRaftLogWorker (SegmentedRaftLogWorker.java:run(316)) - f7c73f5f-a922-4e72-9f0e-14e1adb29082@group-BAB06F5605F8-SegmentedRaftLogWorker was interrupted, exiting. There are 0 tasks remaining in the queue.
2019-11-14 14:46:51,984 [c792febc-28cf-4355-b2f7-5c4ed618863d@group-CC864FCB266F-SegmentedRaftLogWorker] INFO  segmented.SegmentedRaftLogWorker (SegmentedRaftLogWorker.java:run(316)) - c792febc-28cf-4355-b2f7-5c4ed618863d@group-CC864FCB266F-SegmentedRaftLogWorker was interrupted, exiting. There are 0 tasks remaining in the queue.
2019-11-14 14:46:51,984 [main] INFO  segmented.SegmentedRaftLogWorker (SegmentedRaftLogWorker.java:close(224)) - f7c73f5f-a922-4e72-9f0e-14e1adb29082@group-BAB06F5605F8-SegmentedRaftLogWorker close()
2019-11-14 14:46:51,984 [ForkJoinPool.commonPool-worker-0] INFO  segmented.SegmentedRaftLogWorker (SegmentedRaftLogWorker.java:close(224)) - c792febc-28cf-4355-b2f7-5c4ed618863d@group-CC864FCB266F-SegmentedRaftLogWorker close()
2019-11-14 14:46:51,987 [main] INFO  impl.RaftServerImpl (RaftServerImpl.java:lambda$shutdown$3(250)) - f7c73f5f-a922-4e72-9f0e-14e1adb29082@group-6B170D7346CA: shutdown
2019-11-14 14:46:51,987 [ForkJoinPool.commonPool-worker-0] INFO  impl.RaftServerImpl (RaftServerImpl.java:lambda$shutdown$3(250)) - c792febc-28cf-4355-b2f7-5c4ed618863d@group-6B170D7346CA: shutdown
2019-11-14 14:46:51,988 [main] INFO  util.JmxRegister (JmxRegister.java:unregister(73)) - Successfully un-registered JMX Bean with object name Ratis:service=RaftServer,group=group-6B170D7346CA,id=f7c73f5f-a922-4e72-9f0e-14e1adb29082
2019-11-14 14:46:51,988 [ForkJoinPool.commonPool-worker-0] INFO  util.JmxRegister (JmxRegister.java:unregister(73)) - Successfully un-registered JMX Bean with object name Ratis:service=RaftServer,group=group-6B170D7346CA,id=c792febc-28cf-4355-b2f7-5c4ed618863d
2019-11-14 14:46:51,988 [main] INFO  impl.RoleInfo (RoleInfo.java:shutdownLeaderState(104)) - f7c73f5f-a922-4e72-9f0e-14e1adb29082: shutdown LeaderState
2019-11-14 14:46:51,988 [ForkJoinPool.commonPool-worker-0] INFO  impl.RoleInfo (RoleInfo.java:shutdownFollowerState(121)) - c792febc-28cf-4355-b2f7-5c4ed618863d: shutdown FollowerState
2019-11-14 14:46:51,990 [main] INFO  impl.PendingRequests (PendingRequests.java:sendNotLeaderResponses(206)) - f7c73f5f-a922-4e72-9f0e-14e1adb29082@group-6B170D7346CA-PendingRequests: sendNotLeaderResponses
2019-11-14 14:46:51,990 [org.apache.ratis.server.impl.LogAppender$AppenderDaemon$$Lambda$413/903611965@3091b7ee] WARN  server.GrpcLogAppender (GrpcLogAppender.java:mayWait(151)) - f7c73f5f-a922-4e72-9f0e-14e1adb29082@group-6B170D7346CA->26facaca-2eaa-4eab-ad66-7bd9fd6334c7-GrpcLogAppender: Wait interrupted by java.lang.InterruptedException
2019-11-14 14:46:51,990 [org.apache.ratis.server.impl.LogAppender$AppenderDaemon$$Lambda$413/903611965@44d895c1] WARN  server.GrpcLogAppender (GrpcLogAppender.java:mayWait(151)) - f7c73f5f-a922-4e72-9f0e-14e1adb29082@group-6B170D7346CA->c792febc-28cf-4355-b2f7-5c4ed618863d-GrpcLogAppender: Wait interrupted by java.lang.InterruptedException
2019-11-14 14:46:51,990 [main] INFO  impl.StateMachineUpdater (StateMachineUpdater.java:stopAndJoin(136)) - f7c73f5f-a922-4e72-9f0e-14e1adb29082@group-6B170D7346CA-StateMachineUpdater: set stopIndex = 0
2019-11-14 14:46:51,991 [main] INFO  impl.RaftServerImpl (ServerState.java:close(387)) - f7c73f5f-a922-4e72-9f0e-14e1adb29082@group-6B170D7346CA: closes. applyIndex: 0
2019-11-14 14:46:51,990 [Thread-2095] INFO  impl.FollowerState (FollowerState.java:run(120)) - c792febc-28cf-4355-b2f7-5c4ed618863d@group-6B170D7346CA-FollowerState was interrupted: java.lang.InterruptedException: sleep interrupted
2019-11-14 14:46:51,990 [ForkJoinPool.commonPool-worker-0] INFO  impl.StateMachineUpdater (StateMachineUpdater.java:stopAndJoin(136)) - c792febc-28cf-4355-b2f7-5c4ed618863d@group-6B170D7346CA-StateMachineUpdater: set stopIndex = 0
2019-11-14 14:46:51,991 [f7c73f5f-a922-4e72-9f0e-14e1adb29082@group-6B170D7346CA-SegmentedRaftLogWorker] INFO  segmented.SegmentedRaftLogWorker (SegmentedRaftLogWorker.java:run(316)) - f7c73f5f-a922-4e72-9f0e-14e1adb29082@group-6B170D7346CA-SegmentedRaftLogWorker was interrupted, exiting. There are 0 tasks remaining in the queue.
2019-11-14 14:46:51,992 [ForkJoinPool.commonPool-worker-0] INFO  impl.RaftServerImpl (ServerState.java:close(387)) - c792febc-28cf-4355-b2f7-5c4ed618863d@group-6B170D7346CA: closes. applyIndex: 0
2019-11-14 14:46:51,992 [main] INFO  segmented.SegmentedRaftLogWorker (SegmentedRaftLogWorker.java:close(224)) - f7c73f5f-a922-4e72-9f0e-14e1adb29082@group-6B170D7346CA-SegmentedRaftLogWorker close()
2019-11-14 14:46:51,992 [grpc-default-executor-6] INFO  server.GrpcServerProtocolService (GrpcServerProtocolService.java:onCompleted(113)) - c792febc-28cf-4355-b2f7-5c4ed618863d: Completed APPEND_ENTRIES, lastRequest: f7c73f5f-a922-4e72-9f0e-14e1adb29082->c792febc-28cf-4355-b2f7-5c4ed618863d#29-t1, previous=(t:1, i:0), leaderCommit=0, initializing? false, entries: <empty>
2019-11-14 14:46:51,992 [c792febc-28cf-4355-b2f7-5c4ed618863d@group-6B170D7346CA-SegmentedRaftLogWorker] INFO  segmented.SegmentedRaftLogWorker (SegmentedRaftLogWorker.java:run(316)) - c792febc-28cf-4355-b2f7-5c4ed618863d@group-6B170D7346CA-SegmentedRaftLogWorker was interrupted, exiting. There are 0 tasks remaining in the queue.
2019-11-14 14:46:51,993 [main] INFO  server.GrpcService (GrpcService.java:closeImpl(164)) - f7c73f5f-a922-4e72-9f0e-14e1adb29082: shutdown server with port 38185 now
2019-11-14 14:46:51,993 [ForkJoinPool.commonPool-worker-0] INFO  segmented.SegmentedRaftLogWorker (SegmentedRaftLogWorker.java:close(224)) - c792febc-28cf-4355-b2f7-5c4ed618863d@group-6B170D7346CA-SegmentedRaftLogWorker close()
2019-11-14 14:46:51,994 [ForkJoinPool.commonPool-worker-0] INFO  server.GrpcService (GrpcService.java:closeImpl(164)) - c792febc-28cf-4355-b2f7-5c4ed618863d: shutdown server with port 39600 now
2019-11-14 14:46:51,994 [grpc-default-executor-6] INFO  server.GrpcLogAppender (GrpcLogAppender.java:onCompleted(308)) - f7c73f5f-a922-4e72-9f0e-14e1adb29082@group-6B170D7346CA->c792febc-28cf-4355-b2f7-5c4ed618863d-AppendLogResponseHandler: follower responses appendEntries COMPLETED
2019-11-14 14:46:51,994 [grpc-default-executor-6] INFO  impl.FollowerInfo (FollowerInfo.java:lambda$new$0(51)) - f7c73f5f-a922-4e72-9f0e-14e1adb29082@group-6B170D7346CA->c792febc-28cf-4355-b2f7-5c4ed618863d: nextIndex: updateUnconditionally 1 -> 0
2019-11-14 14:46:51,994 [main] INFO  server.GrpcService (GrpcService.java:closeImpl(172)) - f7c73f5f-a922-4e72-9f0e-14e1adb29082: shutdown server with port 38185 successfully
2019-11-14 14:46:51,994 [ForkJoinPool.commonPool-worker-0] INFO  server.GrpcService (GrpcService.java:closeImpl(172)) - c792febc-28cf-4355-b2f7-5c4ed618863d: shutdown server with port 39600 successfully
2019-11-14 14:46:51,998 [refreshUsed-/workdir/hadoop-ozone/integration-test/target/test-dir/MiniOzoneClusterImpl-fe7ca568-a673-4336-8267-b2734a58a5d6/datanode-4/data/containers] WARN  fs.CachingGetSpaceUsed (CachingGetSpaceUsed.java:run(183)) - Thread Interrupted waiting to refresh disk information: sleep interrupted
2019-11-14 14:46:52,001 [refreshUsed-/workdir/hadoop-ozone/integration-test/target/test-dir/MiniOzoneClusterImpl-fe7ca568-a673-4336-8267-b2734a58a5d6/datanode-0/data/containers] WARN  fs.CachingGetSpaceUsed (CachingGetSpaceUsed.java:run(183)) - Thread Interrupted waiting to refresh disk information: sleep interrupted
2019-11-14 14:46:52,021 [ForkJoinPool.commonPool-worker-0] INFO  utils.BackgroundService (BackgroundService.java:shutdown(151)) - Shutting down service BlockDeletingService
2019-11-14 14:46:52,023 [ForkJoinPool.commonPool-worker-0] INFO  statemachine.DatanodeStateMachine (DatanodeStateMachine.java:stopDaemon(395)) - Ozone container server stopped.
2019-11-14 14:46:52,026 [main] INFO  utils.BackgroundService (BackgroundService.java:shutdown(151)) - Shutting down service BlockDeletingService
2019-11-14 14:46:52,027 [ForkJoinPool.commonPool-worker-0] INFO  handler.ContextHandler (ContextHandler.java:doStop(910)) - Stopped o.e.j.w.WebAppContext@58658f63{/,null,UNAVAILABLE}{/hddsDatanode}
2019-11-14 14:46:52,028 [main] INFO  statemachine.DatanodeStateMachine (DatanodeStateMachine.java:stopDaemon(395)) - Ozone container server stopped.
2019-11-14 14:46:52,029 [ForkJoinPool.commonPool-worker-0] INFO  server.AbstractConnector (AbstractConnector.java:doStop(318)) - Stopped ServerConnector@54e12f4c{HTTP/1.1,[http/1.1]}{0.0.0.0:0}
2019-11-14 14:46:52,032 [ForkJoinPool.commonPool-worker-0] INFO  handler.ContextHandler (ContextHandler.java:doStop(910)) - Stopped o.e.j.s.ServletContextHandler@2954f6ab{/static,jar:file:/home/user/.m2/repository/org/apache/hadoop/hadoop-hdds-container-service/0.5.0-SNAPSHOT/hadoop-hdds-container-service-0.5.0-SNAPSHOT.jar!/webapps/static,UNAVAILABLE}
2019-11-14 14:46:52,032 [main] INFO  handler.ContextHandler (ContextHandler.java:doStop(910)) - Stopped o.e.j.w.WebAppContext@23cbbd07{/,null,UNAVAILABLE}{/hddsDatanode}
2019-11-14 14:46:52,032 [ForkJoinPool.commonPool-worker-0] INFO  handler.ContextHandler (ContextHandler.java:doStop(910)) - Stopped o.e.j.s.ServletContextHandler@7327a447{/logs,file:///workdir/hadoop-ozone/integration-test/target/log,UNAVAILABLE}
2019-11-14 14:46:52,033 [main] INFO  server.AbstractConnector (AbstractConnector.java:doStop(318)) - Stopped ServerConnector@448b808a{HTTP/1.1,[http/1.1]}{0.0.0.0:0}
2019-11-14 14:46:52,034 [main] INFO  handler.ContextHandler (ContextHandler.java:doStop(910)) - Stopped o.e.j.s.ServletContextHandler@34d713a2{/static,jar:file:/home/user/.m2/repository/org/apache/hadoop/hadoop-hdds-container-service/0.5.0-SNAPSHOT/hadoop-hdds-container-service-0.5.0-SNAPSHOT.jar!/webapps/static,UNAVAILABLE}
2019-11-14 14:46:52,034 [main] INFO  handler.ContextHandler (ContextHandler.java:doStop(910)) - Stopped o.e.j.s.ServletContextHandler@4c0e426a{/logs,file:///workdir/hadoop-ozone/integration-test/target/log,UNAVAILABLE}
2019-11-14 14:46:52,035 [main] INFO  ozone.MiniOzoneClusterImpl (MiniOzoneClusterImpl.java:stopSCM(430)) - Stopping the StorageContainerManager
2019-11-14 14:46:52,036 [main] INFO  server.StorageContainerManager (StorageContainerManager.java:stop(769)) - Stopping Replication Manager Service.
2019-11-14 14:46:52,036 [main] INFO  container.ReplicationManager (ReplicationManager.java:stop(203)) - Stopping Replication Monitor Thread.
2019-11-14 14:46:52,036 [main] INFO  server.StorageContainerManager (StorageContainerManager.java:stop(776)) - Stopping Lease Manager of the command watchers
2019-11-14 14:46:52,036 [main] INFO  server.StorageContainerManager (StorageContainerManager.java:stop(783)) - Stopping datanode service RPC server
2019-11-14 14:46:52,036 [main] INFO  server.SCMDatanodeProtocolServer (SCMDatanodeProtocolServer.java:stop(346)) - Stopping the RPC server for DataNodes
2019-11-14 14:46:52,037 [main] INFO  ipc.Server (Server.java:stop(3082)) - Stopping server on 43425
2019-11-14 14:46:52,039 [IPC Server listener on 43425] INFO  ipc.Server (Server.java:run(1185)) - Stopping IPC Server listener on 43425
2019-11-14 14:46:52,039 [IPC Server Responder] INFO  ipc.Server (Server.java:run(1319)) - Stopping IPC Server Responder
2019-11-14 14:46:52,132 [SCM Heartbeat Processing Thread - 0] WARN  node.NodeStateManager (NodeStateManager.java:scheduleNextHealthCheck(646)) - Current Thread is interrupted, shutting down HB processing thread for Node Manager.
2019-11-14 14:46:52,133 [main] INFO  server.StorageContainerManager (StorageContainerManager.java:stop(791)) - Stopping block service RPC server
2019-11-14 14:46:52,133 [main] INFO  server.SCMBlockProtocolServer (SCMBlockProtocolServer.java:stop(155)) - Stopping the RPC server for Block Protocol
2019-11-14 14:46:52,133 [main] INFO  ipc.Server (Server.java:stop(3082)) - Stopping server on 32834
2019-11-14 14:46:52,134 [IPC Server listener on 32834] INFO  ipc.Server (Server.java:run(1185)) - Stopping IPC Server listener on 32834
2019-11-14 14:46:52,135 [main] INFO  server.StorageContainerManager (StorageContainerManager.java:stop(798)) - Stopping the StorageContainerLocationProtocol RPC server
2019-11-14 14:46:52,136 [IPC Server Responder] INFO  ipc.Server (Server.java:run(1319)) - Stopping IPC Server Responder
2019-11-14 14:46:52,136 [main] INFO  server.SCMClientProtocolServer (SCMClientProtocolServer.java:stop(169)) - Stopping the RPC server for Client Protocol
2019-11-14 14:46:52,136 [main] INFO  ipc.Server (Server.java:stop(3082)) - Stopping server on 43771
2019-11-14 14:46:52,138 [main] INFO  server.StorageContainerManager (StorageContainerManager.java:stop(805)) - Stopping Storage Container Manager HTTP server.
2019-11-14 14:46:52,138 [IPC Server listener on 43771] INFO  ipc.Server (Server.java:run(1185)) - Stopping IPC Server listener on 43771
2019-11-14 14:46:52,138 [IPC Server Responder] INFO  ipc.Server (Server.java:run(1319)) - Stopping IPC Server Responder
2019-11-14 14:46:52,139 [main] INFO  handler.ContextHandler (ContextHandler.java:doStop(910)) - Stopped o.e.j.w.WebAppContext@42383cb0{/,null,UNAVAILABLE}{/scm}
2019-11-14 14:46:52,140 [main] INFO  server.AbstractConnector (AbstractConnector.java:doStop(318)) - Stopped ServerConnector@7668892a{HTTP/1.1,[http/1.1]}{0.0.0.0:0}
2019-11-14 14:46:52,140 [main] INFO  handler.ContextHandler (ContextHandler.java:doStop(910)) - Stopped o.e.j.s.ServletContextHandler@f5cf29b{/static,file:///workdir/hadoop-ozone/integration-test/target/test-classes/webapps/static,UNAVAILABLE}
2019-11-14 14:46:52,140 [main] INFO  handler.ContextHandler (ContextHandler.java:doStop(910)) - Stopped o.e.j.s.ServletContextHandler@3e36b7a0{/logs,file:///workdir/hadoop-ozone/integration-test/target/log,UNAVAILABLE}
2019-11-14 14:46:52,141 [main] INFO  server.StorageContainerManager (StorageContainerManager.java:stop(816)) - Stopping Block Manager Service.
2019-11-14 14:46:52,141 [main] INFO  utils.BackgroundService (BackgroundService.java:shutdown(151)) - Shutting down service SCMBlockDeletingService
2019-11-14 14:46:52,142 [main] INFO  utils.BackgroundService (BackgroundService.java:shutdown(151)) - Shutting down service SCMBlockDeletingService
2019-11-14 14:46:52,142 [main] INFO  server.StorageContainerManager (StorageContainerManager.java:stop(838)) - Stopping SCM Event Queue.
2019-11-14 14:46:52,148 [main] INFO  impl.MetricsSystemImpl (MetricsSystemImpl.java:stop(210)) - Stopping HddsDatanode metrics system...
2019-11-14 14:46:52,155 [main] INFO  impl.MetricsSystemImpl (MetricsSystemImpl.java:stop(216)) - HddsDatanode metrics system stopped.
]]></system-out>
    <system-err><![CDATA[Nov 14, 2019 2:46:41 PM org.apache.ratis.thirdparty.io.grpc.internal.SerializingExecutor run
SEVERE: Exception while executing runnable org.apache.ratis.thirdparty.io.grpc.internal.ServerImpl$JumpToApplicationThreadServerStreamListener$1Closed@7c87d69b
org.apache.ratis.thirdparty.io.grpc.StatusRuntimeException: CANCELLED: call already cancelled
	at org.apache.ratis.thirdparty.io.grpc.Status.asRuntimeException(Status.java:517)
	at org.apache.ratis.thirdparty.io.grpc.stub.ServerCalls$ServerCallStreamObserverImpl.onCompleted(ServerCalls.java:356)
	at org.apache.ratis.grpc.server.GrpcServerProtocolService$ServerRequestStreamObserver.onError(GrpcServerProtocolService.java:121)
	at org.apache.ratis.thirdparty.io.grpc.stub.ServerCalls$StreamingServerCallHandler$StreamingServerCallListener.onCancel(ServerCalls.java:269)
	at org.apache.ratis.thirdparty.io.grpc.internal.ServerCallImpl$ServerStreamListenerImpl.closed(ServerCallImpl.java:293)
	at org.apache.ratis.thirdparty.io.grpc.internal.ServerImpl$JumpToApplicationThreadServerStreamListener$1Closed.runInContext(ServerImpl.java:741)
	at org.apache.ratis.thirdparty.io.grpc.internal.ContextRunnable.run(ContextRunnable.java:37)
	at org.apache.ratis.thirdparty.io.grpc.internal.SerializingExecutor.run(SerializingExecutor.java:123)
	at java.util.concurrent.ThreadPoolExecutor.runWorker(ThreadPoolExecutor.java:1149)
	at java.util.concurrent.ThreadPoolExecutor$Worker.run(ThreadPoolExecutor.java:624)
	at java.lang.Thread.run(Thread.java:748)

Nov 14, 2019 2:46:41 PM org.apache.ratis.thirdparty.io.grpc.internal.SerializingExecutor run
SEVERE: Exception while executing runnable org.apache.ratis.thirdparty.io.grpc.internal.ServerImpl$JumpToApplicationThreadServerStreamListener$1Closed@67995709
org.apache.ratis.thirdparty.io.grpc.StatusRuntimeException: CANCELLED: call already cancelled
	at org.apache.ratis.thirdparty.io.grpc.Status.asRuntimeException(Status.java:517)
	at org.apache.ratis.thirdparty.io.grpc.stub.ServerCalls$ServerCallStreamObserverImpl.onCompleted(ServerCalls.java:356)
	at org.apache.ratis.grpc.server.GrpcServerProtocolService$ServerRequestStreamObserver.onError(GrpcServerProtocolService.java:121)
	at org.apache.ratis.thirdparty.io.grpc.stub.ServerCalls$StreamingServerCallHandler$StreamingServerCallListener.onCancel(ServerCalls.java:269)
	at org.apache.ratis.thirdparty.io.grpc.internal.ServerCallImpl$ServerStreamListenerImpl.closed(ServerCallImpl.java:293)
	at org.apache.ratis.thirdparty.io.grpc.internal.ServerImpl$JumpToApplicationThreadServerStreamListener$1Closed.runInContext(ServerImpl.java:741)
	at org.apache.ratis.thirdparty.io.grpc.internal.ContextRunnable.run(ContextRunnable.java:37)
	at org.apache.ratis.thirdparty.io.grpc.internal.SerializingExecutor.run(SerializingExecutor.java:123)
	at java.util.concurrent.ThreadPoolExecutor.runWorker(ThreadPoolExecutor.java:1149)
	at java.util.concurrent.ThreadPoolExecutor$Worker.run(ThreadPoolExecutor.java:624)
	at java.lang.Thread.run(Thread.java:748)

Nov 14, 2019 2:46:46 PM org.apache.ratis.thirdparty.io.grpc.internal.SerializingExecutor run
SEVERE: Exception while executing runnable org.apache.ratis.thirdparty.io.grpc.internal.ServerImpl$JumpToApplicationThreadServerStreamListener$1Closed@45114530
org.apache.ratis.thirdparty.io.grpc.StatusRuntimeException: CANCELLED: call already cancelled
	at org.apache.ratis.thirdparty.io.grpc.Status.asRuntimeException(Status.java:517)
	at org.apache.ratis.thirdparty.io.grpc.stub.ServerCalls$ServerCallStreamObserverImpl.onCompleted(ServerCalls.java:356)
	at org.apache.ratis.grpc.server.GrpcServerProtocolService$ServerRequestStreamObserver.onError(GrpcServerProtocolService.java:121)
	at org.apache.ratis.thirdparty.io.grpc.stub.ServerCalls$StreamingServerCallHandler$StreamingServerCallListener.onCancel(ServerCalls.java:269)
	at org.apache.ratis.thirdparty.io.grpc.internal.ServerCallImpl$ServerStreamListenerImpl.closed(ServerCallImpl.java:293)
	at org.apache.ratis.thirdparty.io.grpc.internal.ServerImpl$JumpToApplicationThreadServerStreamListener$1Closed.runInContext(ServerImpl.java:741)
	at org.apache.ratis.thirdparty.io.grpc.internal.ContextRunnable.run(ContextRunnable.java:37)
	at org.apache.ratis.thirdparty.io.grpc.internal.SerializingExecutor.run(SerializingExecutor.java:123)
	at java.util.concurrent.ThreadPoolExecutor.runWorker(ThreadPoolExecutor.java:1149)
	at java.util.concurrent.ThreadPoolExecutor$Worker.run(ThreadPoolExecutor.java:624)
	at java.lang.Thread.run(Thread.java:748)

]]></system-err>
  </testcase>
</testsuite>