<?xml version="1.0" encoding="UTF-8"?>
<testsuite xmlns:xsi="http://www.w3.org/2001/XMLSchema-instance" xsi:noNamespaceSchemaLocation="https://maven.apache.org/surefire/maven-surefire-plugin/xsd/surefire-test-report.xsd" name="org.apache.hadoop.ozone.client.rpc.TestDeleteWithSlowFollower" time="138.614" tests="1" errors="0" skipped="0" failures="1">
  <properties>
    <property name="awt.toolkit" value="sun.awt.X11.XToolkit"/>
    <property name="file.encoding.pkg" value="sun.io"/>
    <property name="java.specification.version" value="1.8"/>
    <property name="sun.cpu.isalist" value=""/>
    <property name="sun.jnu.encoding" value="ANSI_X3.4-1968"/>
    <property name="java.class.path" value="/workdir/hadoop-ozone/integration-test/target/test-classes:/workdir/hadoop-ozone/integration-test/target/classes:/home/user/.m2/repository/org/apache/hadoop/hadoop-ozone-common/0.5.0-SNAPSHOT/hadoop-ozone-common-0.5.0-SNAPSHOT.jar:/home/user/.m2/repository/org/apache/commons/commons-compress/1.4.1/commons-compress-1.4.1.jar:/home/user/.m2/repository/org/tukaani/xz/1.0/xz-1.0.jar:/home/user/.m2/repository/org/apache/hadoop/hadoop-common/3.2.0/hadoop-common-3.2.0.jar:/home/user/.m2/repository/org/apache/hadoop/hadoop-hdfs/3.2.0/hadoop-hdfs-3.2.0.jar:/home/user/.m2/repository/org/apache/hadoop/hadoop-hdfs-client/3.2.0/hadoop-hdfs-client-3.2.0.jar:/home/user/.m2/repository/com/fasterxml/jackson/core/jackson-annotations/2.9.9/jackson-annotations-2.9.9.jar:/home/user/.m2/repository/org/apache/hadoop/hadoop-hdds-common/0.5.0-SNAPSHOT/hadoop-hdds-common-0.5.0-SNAPSHOT.jar:/home/user/.m2/repository/javax/annotation/javax.annotation-api/1.2/javax.annotation-api-1.2.jar:/home/user/.m2/repository/org/apache/ratis/ratis-server/0.5.0-ced7dbf-SNAPSHOT/ratis-server-0.5.0-ced7dbf-SNAPSHOT.jar:/home/user/.m2/repository/org/apache/ratis/ratis-thirdparty-misc/0.2.0/ratis-thirdparty-misc-0.2.0.jar:/home/user/.m2/repository/org/apache/ratis/ratis-proto/0.5.0-ced7dbf-SNAPSHOT/ratis-proto-0.5.0-ced7dbf-SNAPSHOT.jar:/home/user/.m2/repository/org/apache/ratis/ratis-common/0.5.0-ced7dbf-SNAPSHOT/ratis-common-0.5.0-ced7dbf-SNAPSHOT.jar:/home/user/.m2/repository/org/apache/ratis/ratis-client/0.5.0-ced7dbf-SNAPSHOT/ratis-client-0.5.0-ced7dbf-SNAPSHOT.jar:/home/user/.m2/repository/org/apache/ratis/ratis-metrics/0.5.0-ced7dbf-SNAPSHOT/ratis-metrics-0.5.0-ced7dbf-SNAPSHOT.jar:/home/user/.m2/repository/org/apache/ratis/ratis-netty/0.5.0-ced7dbf-SNAPSHOT/ratis-netty-0.5.0-ced7dbf-SNAPSHOT.jar:/home/user/.m2/repository/org/apache/ratis/ratis-grpc/0.5.0-ced7dbf-SNAPSHOT/ratis-grpc-0.5.0-ced7dbf-SNAPSHOT.jar:/home/user/.m2/repository/org/rocksdb/rocksdbjni/6.0.1/rocksdbjni-6.0.1.jar:/home/user/.m2/repository/org/apache/logging/log4j/log4j-api/2.11.0/log4j-api-2.11.0.jar:/home/user/.m2/repository/org/apache/logging/log4j/log4j-core/2.11.0/log4j-core-2.11.0.jar:/home/user/.m2/repository/com/lmax/disruptor/3.4.2/disruptor-3.4.2.jar:/home/user/.m2/repository/org/apache/commons/commons-pool2/2.6.0/commons-pool2-2.6.0.jar:/home/user/.m2/repository/org/bouncycastle/bcpkix-jdk15on/1.60/bcpkix-jdk15on-1.60.jar:/home/user/.m2/repository/commons-validator/commons-validator/1.6/commons-validator-1.6.jar:/home/user/.m2/repository/commons-digester/commons-digester/1.8.1/commons-digester-1.8.1.jar:/home/user/.m2/repository/io/jaegertracing/jaeger-client/0.34.0/jaeger-client-0.34.0.jar:/home/user/.m2/repository/io/jaegertracing/jaeger-thrift/0.34.0/jaeger-thrift-0.34.0.jar:/home/user/.m2/repository/org/apache/thrift/libthrift/0.12.0/libthrift-0.12.0.jar:/home/user/.m2/repository/com/squareup/okhttp3/okhttp/3.9.0/okhttp-3.9.0.jar:/home/user/.m2/repository/com/squareup/okio/okio/1.13.0/okio-1.13.0.jar:/home/user/.m2/repository/io/jaegertracing/jaeger-core/0.34.0/jaeger-core-0.34.0.jar:/home/user/.m2/repository/io/jaegertracing/jaeger-tracerresolver/0.34.0/jaeger-tracerresolver-0.34.0.jar:/home/user/.m2/repository/io/opentracing/contrib/opentracing-tracerresolver/0.1.5/opentracing-tracerresolver-0.1.5.jar:/home/user/.m2/repository/io/opentracing/opentracing-util/0.31.0/opentracing-util-0.31.0.jar:/home/user/.m2/repository/io/opentracing/opentracing-api/0.31.0/opentracing-api-0.31.0.jar:/home/user/.m2/repository/io/opentracing/opentracing-noop/0.31.0/opentracing-noop-0.31.0.jar:/home/user/.m2/repository/org/apache/hadoop/hadoop-hdds-server-framework/0.5.0-SNAPSHOT/hadoop-hdds-server-framework-0.5.0-SNAPSHOT.jar:/home/user/.m2/repository/org/apache/hadoop/hadoop-hdds-container-service/0.5.0-SNAPSHOT/hadoop-hdds-container-service-0.5.0-SNAPSHOT.jar:/home/user/.m2/repository/org/apache/hadoop/hadoop-hdds-client/0.5.0-SNAPSHOT/hadoop-hdds-client-0.5.0-SNAPSHOT.jar:/home/user/.m2/repository/org/apache/hadoop/hadoop-hdds-tools/0.5.0-SNAPSHOT/hadoop-hdds-tools-0.5.0-SNAPSHOT.jar:/home/user/.m2/repository/org/apache/hadoop/hadoop-hdds-server-scm/0.5.0-SNAPSHOT/hadoop-hdds-server-scm-0.5.0-SNAPSHOT.jar:/home/user/.m2/repository/org/apache/hadoop/hadoop-hdds-docs/0.5.0-SNAPSHOT/hadoop-hdds-docs-0.5.0-SNAPSHOT.jar:/home/user/.m2/repository/io/dropwizard/metrics/metrics-core/3.2.4/metrics-core-3.2.4.jar:/home/user/.m2/repository/org/hamcrest/hamcrest-all/1.3/hamcrest-all-1.3.jar:/home/user/.m2/repository/org/bouncycastle/bcprov-jdk15on/1.60/bcprov-jdk15on-1.60.jar:/home/user/.m2/repository/info/picocli/picocli/3.9.6/picocli-3.9.6.jar:/home/user/.m2/repository/com/google/protobuf/protobuf-java/2.5.0/protobuf-java-2.5.0.jar:/home/user/.m2/repository/com/google/guava/guava/11.0.2/guava-11.0.2.jar:/home/user/.m2/repository/org/apache/hadoop/hadoop-ozone-ozone-manager/0.5.0-SNAPSHOT/hadoop-ozone-ozone-manager-0.5.0-SNAPSHOT.jar:/home/user/.m2/repository/org/apache/hadoop/hadoop-minikdc/3.2.0/hadoop-minikdc-3.2.0.jar:/home/user/.m2/repository/commons-io/commons-io/2.5/commons-io-2.5.jar:/home/user/.m2/repository/org/apache/kerby/kerb-simplekdc/1.0.1/kerb-simplekdc-1.0.1.jar:/home/user/.m2/repository/org/apache/kerby/kerb-client/1.0.1/kerb-client-1.0.1.jar:/home/user/.m2/repository/org/apache/kerby/kerby-config/1.0.1/kerby-config-1.0.1.jar:/home/user/.m2/repository/org/apache/kerby/kerb-core/1.0.1/kerb-core-1.0.1.jar:/home/user/.m2/repository/org/apache/kerby/kerby-pkix/1.0.1/kerby-pkix-1.0.1.jar:/home/user/.m2/repository/org/apache/kerby/kerby-asn1/1.0.1/kerby-asn1-1.0.1.jar:/home/user/.m2/repository/org/apache/kerby/kerby-util/1.0.1/kerby-util-1.0.1.jar:/home/user/.m2/repository/org/apache/kerby/kerb-common/1.0.1/kerb-common-1.0.1.jar:/home/user/.m2/repository/org/apache/kerby/kerb-crypto/1.0.1/kerb-crypto-1.0.1.jar:/home/user/.m2/repository/org/apache/kerby/kerb-util/1.0.1/kerb-util-1.0.1.jar:/home/user/.m2/repository/org/apache/kerby/token-provider/1.0.1/token-provider-1.0.1.jar:/home/user/.m2/repository/org/apache/kerby/kerb-admin/1.0.1/kerb-admin-1.0.1.jar:/home/user/.m2/repository/org/apache/kerby/kerb-server/1.0.1/kerb-server-1.0.1.jar:/home/user/.m2/repository/org/apache/kerby/kerb-identity/1.0.1/kerb-identity-1.0.1.jar:/home/user/.m2/repository/org/apache/kerby/kerby-xdr/1.0.1/kerby-xdr-1.0.1.jar:/home/user/.m2/repository/org/slf4j/slf4j-log4j12/1.7.25/slf4j-log4j12-1.7.25.jar:/home/user/.m2/repository/org/apache/hadoop/hadoop-ozone-s3gateway/0.5.0-SNAPSHOT/hadoop-ozone-s3gateway-0.5.0-SNAPSHOT.jar:/home/user/.m2/repository/org/jboss/weld/servlet/weld-servlet/2.4.7.Final/weld-servlet-2.4.7.Final.jar:/home/user/.m2/repository/org/glassfish/jersey/containers/jersey-container-servlet-core/2.27/jersey-container-servlet-core-2.27.jar:/home/user/.m2/repository/org/glassfish/hk2/external/javax.inject/2.5.0-b42/javax.inject-2.5.0-b42.jar:/home/user/.m2/repository/org/glassfish/jersey/core/jersey-common/2.27/jersey-common-2.27.jar:/home/user/.m2/repository/org/glassfish/hk2/osgi-resource-locator/1.0.1/osgi-resource-locator-1.0.1.jar:/home/user/.m2/repository/javax/ws/rs/javax.ws.rs-api/2.1/javax.ws.rs-api-2.1.jar:/home/user/.m2/repository/org/glassfish/jersey/ext/cdi/jersey-cdi1x/2.27/jersey-cdi1x-2.27.jar:/home/user/.m2/repository/org/glassfish/jersey/inject/jersey-hk2/2.27/jersey-hk2-2.27.jar:/home/user/.m2/repository/org/glassfish/hk2/hk2-locator/2.5.0-b42/hk2-locator-2.5.0-b42.jar:/home/user/.m2/repository/org/javassist/javassist/3.22.0-CR2/javassist-3.22.0-CR2.jar:/home/user/.m2/repository/org/glassfish/hk2/hk2-api/2.5.0/hk2-api-2.5.0.jar:/home/user/.m2/repository/org/glassfish/hk2/external/jakarta.inject/2.5.0/jakarta.inject-2.5.0.jar:/home/user/.m2/repository/org/glassfish/hk2/hk2-utils/2.5.0/hk2-utils-2.5.0.jar:/home/user/.m2/repository/jakarta/annotation/jakarta.annotation-api/1.3.4/jakarta.annotation-api-1.3.4.jar:/home/user/.m2/repository/org/glassfish/hk2/external/aopalliance-repackaged/2.5.0/aopalliance-repackaged-2.5.0.jar:/home/user/.m2/repository/com/fasterxml/jackson/dataformat/jackson-dataformat-xml/2.9.0/jackson-dataformat-xml-2.9.0.jar:/home/user/.m2/repository/com/fasterxml/jackson/core/jackson-core/2.9.9/jackson-core-2.9.9.jar:/home/user/.m2/repository/com/fasterxml/jackson/module/jackson-module-jaxb-annotations/2.9.9/jackson-module-jaxb-annotations-2.9.9.jar:/home/user/.m2/repository/javax/enterprise/cdi-api/1.2/cdi-api-1.2.jar:/home/user/.m2/repository/javax/el/javax.el-api/3.0.0/javax.el-api-3.0.0.jar:/home/user/.m2/repository/javax/interceptor/javax.interceptor-api/1.2/javax.interceptor-api-1.2.jar:/home/user/.m2/repository/javax/inject/javax.inject/1/javax.inject-1.jar:/home/user/.m2/repository/com/sun/xml/bind/jaxb-impl/2.3.0.1/jaxb-impl-2.3.0.1.jar:/home/user/.m2/repository/com/sun/xml/bind/jaxb-core/2.3.0.1/jaxb-core-2.3.0.1.jar:/home/user/.m2/repository/javax/xml/bind/jaxb-api/2.3.0/jaxb-api-2.3.0.jar:/home/user/.m2/repository/javax/activation/activation/1.1.1/activation-1.1.1.jar:/home/user/.m2/repository/org/apache/hadoop/hadoop-ozone-csi/0.5.0-SNAPSHOT/hadoop-ozone-csi-0.5.0-SNAPSHOT.jar:/home/user/.m2/repository/com/google/protobuf/protobuf-java-util/3.5.1/protobuf-java-util-3.5.1.jar:/home/user/.m2/repository/org/apache/hadoop/hadoop-hdds-config/0.5.0-SNAPSHOT/hadoop-hdds-config-0.5.0-SNAPSHOT.jar:/home/user/.m2/repository/io/grpc/grpc-netty/1.17.1/grpc-netty-1.17.1.jar:/home/user/.m2/repository/io/grpc/grpc-core/1.17.1/grpc-core-1.17.1.jar:/home/user/.m2/repository/io/grpc/grpc-context/1.17.1/grpc-context-1.17.1.jar:/home/user/.m2/repository/com/google/errorprone/error_prone_annotations/2.2.0/error_prone_annotations-2.2.0.jar:/home/user/.m2/repository/org/codehaus/mojo/animal-sniffer-annotations/1.17/animal-sniffer-annotations-1.17.jar:/home/user/.m2/repository/io/opencensus/opencensus-api/0.17.0/opencensus-api-0.17.0.jar:/home/user/.m2/repository/io/opencensus/opencensus-contrib-grpc-metrics/0.17.0/opencensus-contrib-grpc-metrics-0.17.0.jar:/home/user/.m2/repository/io/netty/netty-codec-http2/4.1.30.Final/netty-codec-http2-4.1.30.Final.jar:/home/user/.m2/repository/io/netty/netty-codec-http/4.1.30.Final/netty-codec-http-4.1.30.Final.jar:/home/user/.m2/repository/io/netty/netty-codec/4.1.30.Final/netty-codec-4.1.30.Final.jar:/home/user/.m2/repository/io/netty/netty-handler/4.1.30.Final/netty-handler-4.1.30.Final.jar:/home/user/.m2/repository/io/netty/netty-handler-proxy/4.1.30.Final/netty-handler-proxy-4.1.30.Final.jar:/home/user/.m2/repository/io/netty/netty-codec-socks/4.1.30.Final/netty-codec-socks-4.1.30.Final.jar:/home/user/.m2/repository/io/netty/netty-transport-native-epoll/4.1.30.Final/netty-transport-native-epoll-4.1.30.Final.jar:/home/user/.m2/repository/io/netty/netty-common/4.1.30.Final/netty-common-4.1.30.Final.jar:/home/user/.m2/repository/io/netty/netty-buffer/4.1.30.Final/netty-buffer-4.1.30.Final.jar:/home/user/.m2/repository/io/netty/netty-transport/4.1.30.Final/netty-transport-4.1.30.Final.jar:/home/user/.m2/repository/io/netty/netty-resolver/4.1.30.Final/netty-resolver-4.1.30.Final.jar:/home/user/.m2/repository/io/netty/netty-transport-native-unix-common/4.1.30.Final/netty-transport-native-unix-common-4.1.30.Final.jar:/home/user/.m2/repository/io/grpc/grpc-protobuf/1.17.1/grpc-protobuf-1.17.1.jar:/home/user/.m2/repository/com/google/api/grpc/proto-google-common-protos/1.0.0/proto-google-common-protos-1.0.0.jar:/home/user/.m2/repository/io/grpc/grpc-protobuf-lite/1.17.1/grpc-protobuf-lite-1.17.1.jar:/home/user/.m2/repository/io/grpc/grpc-stub/1.17.1/grpc-stub-1.17.1.jar:/home/user/.m2/repository/org/apache/hadoop/hadoop-ozone-recon/0.5.0-SNAPSHOT/hadoop-ozone-recon-0.5.0-SNAPSHOT.jar:/home/user/.m2/repository/org/apache/hadoop/hadoop-ozone-reconcodegen/0.5.0-SNAPSHOT/hadoop-ozone-reconcodegen-0.5.0-SNAPSHOT.jar:/home/user/.m2/repository/com/google/inject/extensions/guice-multibindings/4.0/guice-multibindings-4.0.jar:/home/user/.m2/repository/com/google/inject/guice/4.0/guice-4.0.jar:/home/user/.m2/repository/aopalliance/aopalliance/1.0/aopalliance-1.0.jar:/home/user/.m2/repository/com/google/inject/extensions/guice-servlet/4.0/guice-servlet-4.0.jar:/home/user/.m2/repository/org/glassfish/jersey/containers/jersey-container-servlet/2.27/jersey-container-servlet-2.27.jar:/home/user/.m2/repository/org/glassfish/hk2/guice-bridge/2.5.0/guice-bridge-2.5.0.jar:/home/user/.m2/repository/org/glassfish/jersey/core/jersey-server/2.27/jersey-server-2.27.jar:/home/user/.m2/repository/org/glassfish/jersey/core/jersey-client/2.27/jersey-client-2.27.jar:/home/user/.m2/repository/org/glassfish/jersey/media/jersey-media-jaxb/2.27/jersey-media-jaxb-2.27.jar:/home/user/.m2/repository/javax/validation/validation-api/1.1.0.Final/validation-api-1.1.0.Final.jar:/home/user/.m2/repository/org/glassfish/jersey/media/jersey-media-json-jackson/2.27/jersey-media-json-jackson-2.27.jar:/home/user/.m2/repository/org/glassfish/jersey/ext/jersey-entity-filtering/2.27/jersey-entity-filtering-2.27.jar:/home/user/.m2/repository/com/google/inject/extensions/guice-assistedinject/4.0/guice-assistedinject-4.0.jar:/home/user/.m2/repository/org/jooq/jooq/3.11.10/jooq-3.11.10.jar:/home/user/.m2/repository/org/jooq/jooq-meta/3.11.10/jooq-meta-3.11.10.jar:/home/user/.m2/repository/org/jooq/jooq-codegen/3.11.10/jooq-codegen-3.11.10.jar:/home/user/.m2/repository/com/jolbox/bonecp/0.8.0.RELEASE/bonecp-0.8.0.RELEASE.jar:/home/user/.m2/repository/org/xerial/sqlite-jdbc/3.25.2/sqlite-jdbc-3.25.2.jar:/home/user/.m2/repository/org/springframework/spring-jdbc/5.1.3.RELEASE/spring-jdbc-5.1.3.RELEASE.jar:/home/user/.m2/repository/org/springframework/spring-beans/5.1.3.RELEASE/spring-beans-5.1.3.RELEASE.jar:/home/user/.m2/repository/org/springframework/spring-core/5.1.3.RELEASE/spring-core-5.1.3.RELEASE.jar:/home/user/.m2/repository/org/springframework/spring-jcl/5.1.3.RELEASE/spring-jcl-5.1.3.RELEASE.jar:/home/user/.m2/repository/org/springframework/spring-tx/5.1.3.RELEASE/spring-tx-5.1.3.RELEASE.jar:/home/user/.m2/repository/org/apache/hadoop/hadoop-ozone-client/0.5.0-SNAPSHOT/hadoop-ozone-client-0.5.0-SNAPSHOT.jar:/home/user/.m2/repository/commons-lang/commons-lang/2.6/commons-lang-2.6.jar:/home/user/.m2/repository/org/apache/hadoop/hadoop-ozone-ozone-manager/0.5.0-SNAPSHOT/hadoop-ozone-ozone-manager-0.5.0-SNAPSHOT-tests.jar:/home/user/.m2/repository/junit/junit/4.11/junit-4.11.jar:/home/user/.m2/repository/org/hamcrest/hamcrest-core/1.3/hamcrest-core-1.3.jar:/home/user/.m2/repository/org/openjdk/jmh/jmh-core/1.19/jmh-core-1.19.jar:/home/user/.m2/repository/net/sf/jopt-simple/jopt-simple/4.6/jopt-simple-4.6.jar:/home/user/.m2/repository/org/apache/commons/commons-math3/3.1.1/commons-math3-3.1.1.jar:/home/user/.m2/repository/org/openjdk/jmh/jmh-generator-annprocess/1.19/jmh-generator-annprocess-1.19.jar:/home/user/.m2/repository/org/mockito/mockito-all/1.8.5/mockito-all-1.8.5.jar:/home/user/.m2/repository/org/apache/hadoop/hadoop-kms/3.2.0/hadoop-kms-3.2.0.jar:/home/user/.m2/repository/org/apache/hadoop/hadoop-auth/3.2.0/hadoop-auth-3.2.0.jar:/home/user/.m2/repository/com/nimbusds/nimbus-jose-jwt/4.41.1/nimbus-jose-jwt-4.41.1.jar:/home/user/.m2/repository/com/github/stephenc/jcip/jcip-annotations/1.0-1/jcip-annotations-1.0-1.jar:/home/user/.m2/repository/net/minidev/json-smart/2.3/json-smart-2.3.jar:/home/user/.m2/repository/net/minidev/accessors-smart/1.2/accessors-smart-1.2.jar:/home/user/.m2/repository/org/ow2/asm/asm/5.0.4/asm-5.0.4.jar:/home/user/.m2/repository/org/apache/curator/curator-framework/2.12.0/curator-framework-2.12.0.jar:/home/user/.m2/repository/com/sun/jersey/jersey-core/1.19/jersey-core-1.19.jar:/home/user/.m2/repository/javax/ws/rs/jsr311-api/1.1.1/jsr311-api-1.1.1.jar:/home/user/.m2/repository/com/sun/jersey/jersey-server/1.19/jersey-server-1.19.jar:/home/user/.m2/repository/javax/servlet/javax.servlet-api/3.1.0/javax.servlet-api-3.1.0.jar:/home/user/.m2/repository/org/eclipse/jetty/jetty-server/9.3.25.v20180904/jetty-server-9.3.25.v20180904.jar:/home/user/.m2/repository/org/eclipse/jetty/jetty-http/9.3.25.v20180904/jetty-http-9.3.25.v20180904.jar:/home/user/.m2/repository/org/eclipse/jetty/jetty-io/9.3.25.v20180904/jetty-io-9.3.25.v20180904.jar:/home/user/.m2/repository/org/eclipse/jetty/jetty-webapp/9.3.25.v20180904/jetty-webapp-9.3.25.v20180904.jar:/home/user/.m2/repository/org/eclipse/jetty/jetty-xml/9.3.25.v20180904/jetty-xml-9.3.25.v20180904.jar:/home/user/.m2/repository/log4j/log4j/1.2.17/log4j-1.2.17.jar:/home/user/.m2/repository/org/slf4j/slf4j-api/1.7.25/slf4j-api-1.7.25.jar:/home/user/.m2/repository/org/slf4j/jul-to-slf4j/1.7.25/jul-to-slf4j-1.7.25.jar:/home/user/.m2/repository/org/eclipse/jetty/jetty-util/9.3.25.v20180904/jetty-util-9.3.25.v20180904.jar:/home/user/.m2/repository/com/fasterxml/jackson/core/jackson-databind/2.9.9/jackson-databind-2.9.9.jar:/home/user/.m2/repository/org/apache/hadoop/hadoop-kms/3.2.0/hadoop-kms-3.2.0-tests.jar:/home/user/.m2/repository/org/apache/hadoop/hadoop-hdds-server-scm/0.5.0-SNAPSHOT/hadoop-hdds-server-scm-0.5.0-SNAPSHOT-tests.jar:/home/user/.m2/repository/org/apache/hadoop/hadoop-hdds-container-service/0.5.0-SNAPSHOT/hadoop-hdds-container-service-0.5.0-SNAPSHOT-tests.jar:/home/user/.m2/repository/org/yaml/snakeyaml/1.16/snakeyaml-1.16.jar:/home/user/.m2/repository/org/apache/hadoop/hadoop-common/3.2.0/hadoop-common-3.2.0-tests.jar:/home/user/.m2/repository/org/apache/hadoop/hadoop-annotations/3.2.0/hadoop-annotations-3.2.0.jar:/usr/lib/jvm/java-1.8.0-openjdk-1.8.0.222.b10-1.el7_7.x86_64/jre/../lib/tools.jar:/home/user/.m2/repository/commons-cli/commons-cli/1.2/commons-cli-1.2.jar:/home/user/.m2/repository/org/apache/httpcomponents/httpclient/4.5.2/httpclient-4.5.2.jar:/home/user/.m2/repository/org/apache/httpcomponents/httpcore/4.4.4/httpcore-4.4.4.jar:/home/user/.m2/repository/commons-codec/commons-codec/1.11/commons-codec-1.11.jar:/home/user/.m2/repository/commons-net/commons-net/3.6/commons-net-3.6.jar:/home/user/.m2/repository/commons-collections/commons-collections/3.2.2/commons-collections-3.2.2.jar:/home/user/.m2/repository/org/eclipse/jetty/jetty-servlet/9.3.25.v20180904/jetty-servlet-9.3.25.v20180904.jar:/home/user/.m2/repository/org/eclipse/jetty/jetty-security/9.3.25.v20180904/jetty-security-9.3.25.v20180904.jar:/home/user/.m2/repository/javax/servlet/jsp/jsp-api/2.1/jsp-api-2.1.jar:/home/user/.m2/repository/com/sun/jersey/jersey-servlet/1.19/jersey-servlet-1.19.jar:/home/user/.m2/repository/com/sun/jersey/jersey-json/1.19/jersey-json-1.19.jar:/home/user/.m2/repository/org/codehaus/jettison/jettison/1.1/jettison-1.1.jar:/home/user/.m2/repository/org/codehaus/jackson/jackson-core-asl/1.9.13/jackson-core-asl-1.9.13.jar:/home/user/.m2/repository/org/codehaus/jackson/jackson-mapper-asl/1.9.13/jackson-mapper-asl-1.9.13.jar:/home/user/.m2/repository/org/codehaus/jackson/jackson-jaxrs/1.9.13/jackson-jaxrs-1.9.13.jar:/home/user/.m2/repository/org/codehaus/jackson/jackson-xc/1.9.13/jackson-xc-1.9.13.jar:/home/user/.m2/repository/commons-logging/commons-logging/1.1.3/commons-logging-1.1.3.jar:/home/user/.m2/repository/commons-beanutils/commons-beanutils/1.9.4/commons-beanutils-1.9.4.jar:/home/user/.m2/repository/org/apache/commons/commons-configuration2/2.1.1/commons-configuration2-2.1.1.jar:/home/user/.m2/repository/org/apache/commons/commons-lang3/3.7/commons-lang3-3.7.jar:/home/user/.m2/repository/org/apache/commons/commons-text/1.4/commons-text-1.4.jar:/home/user/.m2/repository/org/apache/avro/avro/1.7.7/avro-1.7.7.jar:/home/user/.m2/repository/com/thoughtworks/paranamer/paranamer/2.3/paranamer-2.3.jar:/home/user/.m2/repository/org/xerial/snappy/snappy-java/1.0.5/snappy-java-1.0.5.jar:/home/user/.m2/repository/com/google/re2j/re2j/1.1/re2j-1.1.jar:/home/user/.m2/repository/com/google/code/gson/gson/2.2.4/gson-2.2.4.jar:/home/user/.m2/repository/com/jcraft/jsch/0.1.54/jsch-0.1.54.jar:/home/user/.m2/repository/org/apache/curator/curator-client/2.12.0/curator-client-2.12.0.jar:/home/user/.m2/repository/org/apache/curator/curator-recipes/2.12.0/curator-recipes-2.12.0.jar:/home/user/.m2/repository/com/google/code/findbugs/jsr305/3.0.0/jsr305-3.0.0.jar:/home/user/.m2/repository/org/apache/htrace/htrace-core4/4.1.0-incubating/htrace-core4-4.1.0-incubating.jar:/home/user/.m2/repository/org/apache/zookeeper/zookeeper/3.4.13/zookeeper-3.4.13.jar:/home/user/.m2/repository/jline/jline/0.9.94/jline-0.9.94.jar:/home/user/.m2/repository/org/apache/yetus/audience-annotations/0.5.0/audience-annotations-0.5.0.jar:/home/user/.m2/repository/org/codehaus/woodstox/stax2-api/3.1.4/stax2-api-3.1.4.jar:/home/user/.m2/repository/com/fasterxml/woodstox/woodstox-core/5.0.3/woodstox-core-5.0.3.jar:/home/user/.m2/repository/dnsjava/dnsjava/2.1.7/dnsjava-2.1.7.jar:/home/user/.m2/repository/org/apache/hadoop/hadoop-hdfs/3.2.0/hadoop-hdfs-3.2.0-tests.jar:/home/user/.m2/repository/org/eclipse/jetty/jetty-util-ajax/9.3.25.v20180904/jetty-util-ajax-9.3.25.v20180904.jar:/home/user/.m2/repository/commons-daemon/commons-daemon/1.0.13/commons-daemon-1.0.13.jar:/home/user/.m2/repository/io/netty/netty/3.10.5.Final/netty-3.10.5.Final.jar:/home/user/.m2/repository/io/netty/netty-all/4.0.52.Final/netty-all-4.0.52.Final.jar:/home/user/.m2/repository/org/fusesource/leveldbjni/leveldbjni-all/1.8/leveldbjni-all-1.8.jar:"/>
    <property name="java.vm.vendor" value="Oracle Corporation"/>
    <property name="sun.arch.data.model" value="64"/>
    <property name="test.build.dir" value="/workdir/hadoop-ozone/integration-test/target/test-dir"/>
    <property name="test.cache.data" value=""/>
    <property name="java.vendor.url" value="http://java.oracle.com/"/>
    <property name="user.timezone" value=""/>
    <property name="java.vm.specification.version" value="1.8"/>
    <property name="os.name" value="Linux"/>
    <property name="test.build.data" value="/workdir/hadoop-ozone/integration-test/target/test-dir"/>
    <property name="user.country" value="US"/>
    <property name="sun.java.launcher" value="SUN_STANDARD"/>
    <property name="sun.boot.library.path" value="/usr/lib/jvm/java-1.8.0-openjdk-1.8.0.222.b10-1.el7_7.x86_64/jre/lib/amd64"/>
    <property name="sun.java.command" value="/workdir/hadoop-ozone/integration-test/target/surefire/surefirebooter2005559356307338405.jar /workdir/hadoop-ozone/integration-test/target/surefire 2019-10-25T04-40-37_779-jvmRun1 surefire8995892699375516637tmp surefire_483050915825184650165tmp"/>
    <property name="surefire.test.class.path" value="/workdir/hadoop-ozone/integration-test/target/test-classes:/workdir/hadoop-ozone/integration-test/target/classes:/home/user/.m2/repository/org/apache/hadoop/hadoop-ozone-common/0.5.0-SNAPSHOT/hadoop-ozone-common-0.5.0-SNAPSHOT.jar:/home/user/.m2/repository/org/apache/commons/commons-compress/1.4.1/commons-compress-1.4.1.jar:/home/user/.m2/repository/org/tukaani/xz/1.0/xz-1.0.jar:/home/user/.m2/repository/org/apache/hadoop/hadoop-common/3.2.0/hadoop-common-3.2.0.jar:/home/user/.m2/repository/org/apache/hadoop/hadoop-hdfs/3.2.0/hadoop-hdfs-3.2.0.jar:/home/user/.m2/repository/org/apache/hadoop/hadoop-hdfs-client/3.2.0/hadoop-hdfs-client-3.2.0.jar:/home/user/.m2/repository/com/fasterxml/jackson/core/jackson-annotations/2.9.9/jackson-annotations-2.9.9.jar:/home/user/.m2/repository/org/apache/hadoop/hadoop-hdds-common/0.5.0-SNAPSHOT/hadoop-hdds-common-0.5.0-SNAPSHOT.jar:/home/user/.m2/repository/javax/annotation/javax.annotation-api/1.2/javax.annotation-api-1.2.jar:/home/user/.m2/repository/org/apache/ratis/ratis-server/0.5.0-ced7dbf-SNAPSHOT/ratis-server-0.5.0-ced7dbf-SNAPSHOT.jar:/home/user/.m2/repository/org/apache/ratis/ratis-thirdparty-misc/0.2.0/ratis-thirdparty-misc-0.2.0.jar:/home/user/.m2/repository/org/apache/ratis/ratis-proto/0.5.0-ced7dbf-SNAPSHOT/ratis-proto-0.5.0-ced7dbf-SNAPSHOT.jar:/home/user/.m2/repository/org/apache/ratis/ratis-common/0.5.0-ced7dbf-SNAPSHOT/ratis-common-0.5.0-ced7dbf-SNAPSHOT.jar:/home/user/.m2/repository/org/apache/ratis/ratis-client/0.5.0-ced7dbf-SNAPSHOT/ratis-client-0.5.0-ced7dbf-SNAPSHOT.jar:/home/user/.m2/repository/org/apache/ratis/ratis-metrics/0.5.0-ced7dbf-SNAPSHOT/ratis-metrics-0.5.0-ced7dbf-SNAPSHOT.jar:/home/user/.m2/repository/org/apache/ratis/ratis-netty/0.5.0-ced7dbf-SNAPSHOT/ratis-netty-0.5.0-ced7dbf-SNAPSHOT.jar:/home/user/.m2/repository/org/apache/ratis/ratis-grpc/0.5.0-ced7dbf-SNAPSHOT/ratis-grpc-0.5.0-ced7dbf-SNAPSHOT.jar:/home/user/.m2/repository/org/rocksdb/rocksdbjni/6.0.1/rocksdbjni-6.0.1.jar:/home/user/.m2/repository/org/apache/logging/log4j/log4j-api/2.11.0/log4j-api-2.11.0.jar:/home/user/.m2/repository/org/apache/logging/log4j/log4j-core/2.11.0/log4j-core-2.11.0.jar:/home/user/.m2/repository/com/lmax/disruptor/3.4.2/disruptor-3.4.2.jar:/home/user/.m2/repository/org/apache/commons/commons-pool2/2.6.0/commons-pool2-2.6.0.jar:/home/user/.m2/repository/org/bouncycastle/bcpkix-jdk15on/1.60/bcpkix-jdk15on-1.60.jar:/home/user/.m2/repository/commons-validator/commons-validator/1.6/commons-validator-1.6.jar:/home/user/.m2/repository/commons-digester/commons-digester/1.8.1/commons-digester-1.8.1.jar:/home/user/.m2/repository/io/jaegertracing/jaeger-client/0.34.0/jaeger-client-0.34.0.jar:/home/user/.m2/repository/io/jaegertracing/jaeger-thrift/0.34.0/jaeger-thrift-0.34.0.jar:/home/user/.m2/repository/org/apache/thrift/libthrift/0.12.0/libthrift-0.12.0.jar:/home/user/.m2/repository/com/squareup/okhttp3/okhttp/3.9.0/okhttp-3.9.0.jar:/home/user/.m2/repository/com/squareup/okio/okio/1.13.0/okio-1.13.0.jar:/home/user/.m2/repository/io/jaegertracing/jaeger-core/0.34.0/jaeger-core-0.34.0.jar:/home/user/.m2/repository/io/jaegertracing/jaeger-tracerresolver/0.34.0/jaeger-tracerresolver-0.34.0.jar:/home/user/.m2/repository/io/opentracing/contrib/opentracing-tracerresolver/0.1.5/opentracing-tracerresolver-0.1.5.jar:/home/user/.m2/repository/io/opentracing/opentracing-util/0.31.0/opentracing-util-0.31.0.jar:/home/user/.m2/repository/io/opentracing/opentracing-api/0.31.0/opentracing-api-0.31.0.jar:/home/user/.m2/repository/io/opentracing/opentracing-noop/0.31.0/opentracing-noop-0.31.0.jar:/home/user/.m2/repository/org/apache/hadoop/hadoop-hdds-server-framework/0.5.0-SNAPSHOT/hadoop-hdds-server-framework-0.5.0-SNAPSHOT.jar:/home/user/.m2/repository/org/apache/hadoop/hadoop-hdds-container-service/0.5.0-SNAPSHOT/hadoop-hdds-container-service-0.5.0-SNAPSHOT.jar:/home/user/.m2/repository/org/apache/hadoop/hadoop-hdds-client/0.5.0-SNAPSHOT/hadoop-hdds-client-0.5.0-SNAPSHOT.jar:/home/user/.m2/repository/org/apache/hadoop/hadoop-hdds-tools/0.5.0-SNAPSHOT/hadoop-hdds-tools-0.5.0-SNAPSHOT.jar:/home/user/.m2/repository/org/apache/hadoop/hadoop-hdds-server-scm/0.5.0-SNAPSHOT/hadoop-hdds-server-scm-0.5.0-SNAPSHOT.jar:/home/user/.m2/repository/org/apache/hadoop/hadoop-hdds-docs/0.5.0-SNAPSHOT/hadoop-hdds-docs-0.5.0-SNAPSHOT.jar:/home/user/.m2/repository/io/dropwizard/metrics/metrics-core/3.2.4/metrics-core-3.2.4.jar:/home/user/.m2/repository/org/hamcrest/hamcrest-all/1.3/hamcrest-all-1.3.jar:/home/user/.m2/repository/org/bouncycastle/bcprov-jdk15on/1.60/bcprov-jdk15on-1.60.jar:/home/user/.m2/repository/info/picocli/picocli/3.9.6/picocli-3.9.6.jar:/home/user/.m2/repository/com/google/protobuf/protobuf-java/2.5.0/protobuf-java-2.5.0.jar:/home/user/.m2/repository/com/google/guava/guava/11.0.2/guava-11.0.2.jar:/home/user/.m2/repository/org/apache/hadoop/hadoop-ozone-ozone-manager/0.5.0-SNAPSHOT/hadoop-ozone-ozone-manager-0.5.0-SNAPSHOT.jar:/home/user/.m2/repository/org/apache/hadoop/hadoop-minikdc/3.2.0/hadoop-minikdc-3.2.0.jar:/home/user/.m2/repository/commons-io/commons-io/2.5/commons-io-2.5.jar:/home/user/.m2/repository/org/apache/kerby/kerb-simplekdc/1.0.1/kerb-simplekdc-1.0.1.jar:/home/user/.m2/repository/org/apache/kerby/kerb-client/1.0.1/kerb-client-1.0.1.jar:/home/user/.m2/repository/org/apache/kerby/kerby-config/1.0.1/kerby-config-1.0.1.jar:/home/user/.m2/repository/org/apache/kerby/kerb-core/1.0.1/kerb-core-1.0.1.jar:/home/user/.m2/repository/org/apache/kerby/kerby-pkix/1.0.1/kerby-pkix-1.0.1.jar:/home/user/.m2/repository/org/apache/kerby/kerby-asn1/1.0.1/kerby-asn1-1.0.1.jar:/home/user/.m2/repository/org/apache/kerby/kerby-util/1.0.1/kerby-util-1.0.1.jar:/home/user/.m2/repository/org/apache/kerby/kerb-common/1.0.1/kerb-common-1.0.1.jar:/home/user/.m2/repository/org/apache/kerby/kerb-crypto/1.0.1/kerb-crypto-1.0.1.jar:/home/user/.m2/repository/org/apache/kerby/kerb-util/1.0.1/kerb-util-1.0.1.jar:/home/user/.m2/repository/org/apache/kerby/token-provider/1.0.1/token-provider-1.0.1.jar:/home/user/.m2/repository/org/apache/kerby/kerb-admin/1.0.1/kerb-admin-1.0.1.jar:/home/user/.m2/repository/org/apache/kerby/kerb-server/1.0.1/kerb-server-1.0.1.jar:/home/user/.m2/repository/org/apache/kerby/kerb-identity/1.0.1/kerb-identity-1.0.1.jar:/home/user/.m2/repository/org/apache/kerby/kerby-xdr/1.0.1/kerby-xdr-1.0.1.jar:/home/user/.m2/repository/org/slf4j/slf4j-log4j12/1.7.25/slf4j-log4j12-1.7.25.jar:/home/user/.m2/repository/org/apache/hadoop/hadoop-ozone-s3gateway/0.5.0-SNAPSHOT/hadoop-ozone-s3gateway-0.5.0-SNAPSHOT.jar:/home/user/.m2/repository/org/jboss/weld/servlet/weld-servlet/2.4.7.Final/weld-servlet-2.4.7.Final.jar:/home/user/.m2/repository/org/glassfish/jersey/containers/jersey-container-servlet-core/2.27/jersey-container-servlet-core-2.27.jar:/home/user/.m2/repository/org/glassfish/hk2/external/javax.inject/2.5.0-b42/javax.inject-2.5.0-b42.jar:/home/user/.m2/repository/org/glassfish/jersey/core/jersey-common/2.27/jersey-common-2.27.jar:/home/user/.m2/repository/org/glassfish/hk2/osgi-resource-locator/1.0.1/osgi-resource-locator-1.0.1.jar:/home/user/.m2/repository/javax/ws/rs/javax.ws.rs-api/2.1/javax.ws.rs-api-2.1.jar:/home/user/.m2/repository/org/glassfish/jersey/ext/cdi/jersey-cdi1x/2.27/jersey-cdi1x-2.27.jar:/home/user/.m2/repository/org/glassfish/jersey/inject/jersey-hk2/2.27/jersey-hk2-2.27.jar:/home/user/.m2/repository/org/glassfish/hk2/hk2-locator/2.5.0-b42/hk2-locator-2.5.0-b42.jar:/home/user/.m2/repository/org/javassist/javassist/3.22.0-CR2/javassist-3.22.0-CR2.jar:/home/user/.m2/repository/org/glassfish/hk2/hk2-api/2.5.0/hk2-api-2.5.0.jar:/home/user/.m2/repository/org/glassfish/hk2/external/jakarta.inject/2.5.0/jakarta.inject-2.5.0.jar:/home/user/.m2/repository/org/glassfish/hk2/hk2-utils/2.5.0/hk2-utils-2.5.0.jar:/home/user/.m2/repository/jakarta/annotation/jakarta.annotation-api/1.3.4/jakarta.annotation-api-1.3.4.jar:/home/user/.m2/repository/org/glassfish/hk2/external/aopalliance-repackaged/2.5.0/aopalliance-repackaged-2.5.0.jar:/home/user/.m2/repository/com/fasterxml/jackson/dataformat/jackson-dataformat-xml/2.9.0/jackson-dataformat-xml-2.9.0.jar:/home/user/.m2/repository/com/fasterxml/jackson/core/jackson-core/2.9.9/jackson-core-2.9.9.jar:/home/user/.m2/repository/com/fasterxml/jackson/module/jackson-module-jaxb-annotations/2.9.9/jackson-module-jaxb-annotations-2.9.9.jar:/home/user/.m2/repository/javax/enterprise/cdi-api/1.2/cdi-api-1.2.jar:/home/user/.m2/repository/javax/el/javax.el-api/3.0.0/javax.el-api-3.0.0.jar:/home/user/.m2/repository/javax/interceptor/javax.interceptor-api/1.2/javax.interceptor-api-1.2.jar:/home/user/.m2/repository/javax/inject/javax.inject/1/javax.inject-1.jar:/home/user/.m2/repository/com/sun/xml/bind/jaxb-impl/2.3.0.1/jaxb-impl-2.3.0.1.jar:/home/user/.m2/repository/com/sun/xml/bind/jaxb-core/2.3.0.1/jaxb-core-2.3.0.1.jar:/home/user/.m2/repository/javax/xml/bind/jaxb-api/2.3.0/jaxb-api-2.3.0.jar:/home/user/.m2/repository/javax/activation/activation/1.1.1/activation-1.1.1.jar:/home/user/.m2/repository/org/apache/hadoop/hadoop-ozone-csi/0.5.0-SNAPSHOT/hadoop-ozone-csi-0.5.0-SNAPSHOT.jar:/home/user/.m2/repository/com/google/protobuf/protobuf-java-util/3.5.1/protobuf-java-util-3.5.1.jar:/home/user/.m2/repository/org/apache/hadoop/hadoop-hdds-config/0.5.0-SNAPSHOT/hadoop-hdds-config-0.5.0-SNAPSHOT.jar:/home/user/.m2/repository/io/grpc/grpc-netty/1.17.1/grpc-netty-1.17.1.jar:/home/user/.m2/repository/io/grpc/grpc-core/1.17.1/grpc-core-1.17.1.jar:/home/user/.m2/repository/io/grpc/grpc-context/1.17.1/grpc-context-1.17.1.jar:/home/user/.m2/repository/com/google/errorprone/error_prone_annotations/2.2.0/error_prone_annotations-2.2.0.jar:/home/user/.m2/repository/org/codehaus/mojo/animal-sniffer-annotations/1.17/animal-sniffer-annotations-1.17.jar:/home/user/.m2/repository/io/opencensus/opencensus-api/0.17.0/opencensus-api-0.17.0.jar:/home/user/.m2/repository/io/opencensus/opencensus-contrib-grpc-metrics/0.17.0/opencensus-contrib-grpc-metrics-0.17.0.jar:/home/user/.m2/repository/io/netty/netty-codec-http2/4.1.30.Final/netty-codec-http2-4.1.30.Final.jar:/home/user/.m2/repository/io/netty/netty-codec-http/4.1.30.Final/netty-codec-http-4.1.30.Final.jar:/home/user/.m2/repository/io/netty/netty-codec/4.1.30.Final/netty-codec-4.1.30.Final.jar:/home/user/.m2/repository/io/netty/netty-handler/4.1.30.Final/netty-handler-4.1.30.Final.jar:/home/user/.m2/repository/io/netty/netty-handler-proxy/4.1.30.Final/netty-handler-proxy-4.1.30.Final.jar:/home/user/.m2/repository/io/netty/netty-codec-socks/4.1.30.Final/netty-codec-socks-4.1.30.Final.jar:/home/user/.m2/repository/io/netty/netty-transport-native-epoll/4.1.30.Final/netty-transport-native-epoll-4.1.30.Final.jar:/home/user/.m2/repository/io/netty/netty-common/4.1.30.Final/netty-common-4.1.30.Final.jar:/home/user/.m2/repository/io/netty/netty-buffer/4.1.30.Final/netty-buffer-4.1.30.Final.jar:/home/user/.m2/repository/io/netty/netty-transport/4.1.30.Final/netty-transport-4.1.30.Final.jar:/home/user/.m2/repository/io/netty/netty-resolver/4.1.30.Final/netty-resolver-4.1.30.Final.jar:/home/user/.m2/repository/io/netty/netty-transport-native-unix-common/4.1.30.Final/netty-transport-native-unix-common-4.1.30.Final.jar:/home/user/.m2/repository/io/grpc/grpc-protobuf/1.17.1/grpc-protobuf-1.17.1.jar:/home/user/.m2/repository/com/google/api/grpc/proto-google-common-protos/1.0.0/proto-google-common-protos-1.0.0.jar:/home/user/.m2/repository/io/grpc/grpc-protobuf-lite/1.17.1/grpc-protobuf-lite-1.17.1.jar:/home/user/.m2/repository/io/grpc/grpc-stub/1.17.1/grpc-stub-1.17.1.jar:/home/user/.m2/repository/org/apache/hadoop/hadoop-ozone-recon/0.5.0-SNAPSHOT/hadoop-ozone-recon-0.5.0-SNAPSHOT.jar:/home/user/.m2/repository/org/apache/hadoop/hadoop-ozone-reconcodegen/0.5.0-SNAPSHOT/hadoop-ozone-reconcodegen-0.5.0-SNAPSHOT.jar:/home/user/.m2/repository/com/google/inject/extensions/guice-multibindings/4.0/guice-multibindings-4.0.jar:/home/user/.m2/repository/com/google/inject/guice/4.0/guice-4.0.jar:/home/user/.m2/repository/aopalliance/aopalliance/1.0/aopalliance-1.0.jar:/home/user/.m2/repository/com/google/inject/extensions/guice-servlet/4.0/guice-servlet-4.0.jar:/home/user/.m2/repository/org/glassfish/jersey/containers/jersey-container-servlet/2.27/jersey-container-servlet-2.27.jar:/home/user/.m2/repository/org/glassfish/hk2/guice-bridge/2.5.0/guice-bridge-2.5.0.jar:/home/user/.m2/repository/org/glassfish/jersey/core/jersey-server/2.27/jersey-server-2.27.jar:/home/user/.m2/repository/org/glassfish/jersey/core/jersey-client/2.27/jersey-client-2.27.jar:/home/user/.m2/repository/org/glassfish/jersey/media/jersey-media-jaxb/2.27/jersey-media-jaxb-2.27.jar:/home/user/.m2/repository/javax/validation/validation-api/1.1.0.Final/validation-api-1.1.0.Final.jar:/home/user/.m2/repository/org/glassfish/jersey/media/jersey-media-json-jackson/2.27/jersey-media-json-jackson-2.27.jar:/home/user/.m2/repository/org/glassfish/jersey/ext/jersey-entity-filtering/2.27/jersey-entity-filtering-2.27.jar:/home/user/.m2/repository/com/google/inject/extensions/guice-assistedinject/4.0/guice-assistedinject-4.0.jar:/home/user/.m2/repository/org/jooq/jooq/3.11.10/jooq-3.11.10.jar:/home/user/.m2/repository/org/jooq/jooq-meta/3.11.10/jooq-meta-3.11.10.jar:/home/user/.m2/repository/org/jooq/jooq-codegen/3.11.10/jooq-codegen-3.11.10.jar:/home/user/.m2/repository/com/jolbox/bonecp/0.8.0.RELEASE/bonecp-0.8.0.RELEASE.jar:/home/user/.m2/repository/org/xerial/sqlite-jdbc/3.25.2/sqlite-jdbc-3.25.2.jar:/home/user/.m2/repository/org/springframework/spring-jdbc/5.1.3.RELEASE/spring-jdbc-5.1.3.RELEASE.jar:/home/user/.m2/repository/org/springframework/spring-beans/5.1.3.RELEASE/spring-beans-5.1.3.RELEASE.jar:/home/user/.m2/repository/org/springframework/spring-core/5.1.3.RELEASE/spring-core-5.1.3.RELEASE.jar:/home/user/.m2/repository/org/springframework/spring-jcl/5.1.3.RELEASE/spring-jcl-5.1.3.RELEASE.jar:/home/user/.m2/repository/org/springframework/spring-tx/5.1.3.RELEASE/spring-tx-5.1.3.RELEASE.jar:/home/user/.m2/repository/org/apache/hadoop/hadoop-ozone-client/0.5.0-SNAPSHOT/hadoop-ozone-client-0.5.0-SNAPSHOT.jar:/home/user/.m2/repository/commons-lang/commons-lang/2.6/commons-lang-2.6.jar:/home/user/.m2/repository/org/apache/hadoop/hadoop-ozone-ozone-manager/0.5.0-SNAPSHOT/hadoop-ozone-ozone-manager-0.5.0-SNAPSHOT-tests.jar:/home/user/.m2/repository/junit/junit/4.11/junit-4.11.jar:/home/user/.m2/repository/org/hamcrest/hamcrest-core/1.3/hamcrest-core-1.3.jar:/home/user/.m2/repository/org/openjdk/jmh/jmh-core/1.19/jmh-core-1.19.jar:/home/user/.m2/repository/net/sf/jopt-simple/jopt-simple/4.6/jopt-simple-4.6.jar:/home/user/.m2/repository/org/apache/commons/commons-math3/3.1.1/commons-math3-3.1.1.jar:/home/user/.m2/repository/org/openjdk/jmh/jmh-generator-annprocess/1.19/jmh-generator-annprocess-1.19.jar:/home/user/.m2/repository/org/mockito/mockito-all/1.8.5/mockito-all-1.8.5.jar:/home/user/.m2/repository/org/apache/hadoop/hadoop-kms/3.2.0/hadoop-kms-3.2.0.jar:/home/user/.m2/repository/org/apache/hadoop/hadoop-auth/3.2.0/hadoop-auth-3.2.0.jar:/home/user/.m2/repository/com/nimbusds/nimbus-jose-jwt/4.41.1/nimbus-jose-jwt-4.41.1.jar:/home/user/.m2/repository/com/github/stephenc/jcip/jcip-annotations/1.0-1/jcip-annotations-1.0-1.jar:/home/user/.m2/repository/net/minidev/json-smart/2.3/json-smart-2.3.jar:/home/user/.m2/repository/net/minidev/accessors-smart/1.2/accessors-smart-1.2.jar:/home/user/.m2/repository/org/ow2/asm/asm/5.0.4/asm-5.0.4.jar:/home/user/.m2/repository/org/apache/curator/curator-framework/2.12.0/curator-framework-2.12.0.jar:/home/user/.m2/repository/com/sun/jersey/jersey-core/1.19/jersey-core-1.19.jar:/home/user/.m2/repository/javax/ws/rs/jsr311-api/1.1.1/jsr311-api-1.1.1.jar:/home/user/.m2/repository/com/sun/jersey/jersey-server/1.19/jersey-server-1.19.jar:/home/user/.m2/repository/javax/servlet/javax.servlet-api/3.1.0/javax.servlet-api-3.1.0.jar:/home/user/.m2/repository/org/eclipse/jetty/jetty-server/9.3.25.v20180904/jetty-server-9.3.25.v20180904.jar:/home/user/.m2/repository/org/eclipse/jetty/jetty-http/9.3.25.v20180904/jetty-http-9.3.25.v20180904.jar:/home/user/.m2/repository/org/eclipse/jetty/jetty-io/9.3.25.v20180904/jetty-io-9.3.25.v20180904.jar:/home/user/.m2/repository/org/eclipse/jetty/jetty-webapp/9.3.25.v20180904/jetty-webapp-9.3.25.v20180904.jar:/home/user/.m2/repository/org/eclipse/jetty/jetty-xml/9.3.25.v20180904/jetty-xml-9.3.25.v20180904.jar:/home/user/.m2/repository/log4j/log4j/1.2.17/log4j-1.2.17.jar:/home/user/.m2/repository/org/slf4j/slf4j-api/1.7.25/slf4j-api-1.7.25.jar:/home/user/.m2/repository/org/slf4j/jul-to-slf4j/1.7.25/jul-to-slf4j-1.7.25.jar:/home/user/.m2/repository/org/eclipse/jetty/jetty-util/9.3.25.v20180904/jetty-util-9.3.25.v20180904.jar:/home/user/.m2/repository/com/fasterxml/jackson/core/jackson-databind/2.9.9/jackson-databind-2.9.9.jar:/home/user/.m2/repository/org/apache/hadoop/hadoop-kms/3.2.0/hadoop-kms-3.2.0-tests.jar:/home/user/.m2/repository/org/apache/hadoop/hadoop-hdds-server-scm/0.5.0-SNAPSHOT/hadoop-hdds-server-scm-0.5.0-SNAPSHOT-tests.jar:/home/user/.m2/repository/org/apache/hadoop/hadoop-hdds-container-service/0.5.0-SNAPSHOT/hadoop-hdds-container-service-0.5.0-SNAPSHOT-tests.jar:/home/user/.m2/repository/org/yaml/snakeyaml/1.16/snakeyaml-1.16.jar:/home/user/.m2/repository/org/apache/hadoop/hadoop-common/3.2.0/hadoop-common-3.2.0-tests.jar:/home/user/.m2/repository/org/apache/hadoop/hadoop-annotations/3.2.0/hadoop-annotations-3.2.0.jar:/usr/lib/jvm/java-1.8.0-openjdk-1.8.0.222.b10-1.el7_7.x86_64/jre/../lib/tools.jar:/home/user/.m2/repository/commons-cli/commons-cli/1.2/commons-cli-1.2.jar:/home/user/.m2/repository/org/apache/httpcomponents/httpclient/4.5.2/httpclient-4.5.2.jar:/home/user/.m2/repository/org/apache/httpcomponents/httpcore/4.4.4/httpcore-4.4.4.jar:/home/user/.m2/repository/commons-codec/commons-codec/1.11/commons-codec-1.11.jar:/home/user/.m2/repository/commons-net/commons-net/3.6/commons-net-3.6.jar:/home/user/.m2/repository/commons-collections/commons-collections/3.2.2/commons-collections-3.2.2.jar:/home/user/.m2/repository/org/eclipse/jetty/jetty-servlet/9.3.25.v20180904/jetty-servlet-9.3.25.v20180904.jar:/home/user/.m2/repository/org/eclipse/jetty/jetty-security/9.3.25.v20180904/jetty-security-9.3.25.v20180904.jar:/home/user/.m2/repository/javax/servlet/jsp/jsp-api/2.1/jsp-api-2.1.jar:/home/user/.m2/repository/com/sun/jersey/jersey-servlet/1.19/jersey-servlet-1.19.jar:/home/user/.m2/repository/com/sun/jersey/jersey-json/1.19/jersey-json-1.19.jar:/home/user/.m2/repository/org/codehaus/jettison/jettison/1.1/jettison-1.1.jar:/home/user/.m2/repository/org/codehaus/jackson/jackson-core-asl/1.9.13/jackson-core-asl-1.9.13.jar:/home/user/.m2/repository/org/codehaus/jackson/jackson-mapper-asl/1.9.13/jackson-mapper-asl-1.9.13.jar:/home/user/.m2/repository/org/codehaus/jackson/jackson-jaxrs/1.9.13/jackson-jaxrs-1.9.13.jar:/home/user/.m2/repository/org/codehaus/jackson/jackson-xc/1.9.13/jackson-xc-1.9.13.jar:/home/user/.m2/repository/commons-logging/commons-logging/1.1.3/commons-logging-1.1.3.jar:/home/user/.m2/repository/commons-beanutils/commons-beanutils/1.9.4/commons-beanutils-1.9.4.jar:/home/user/.m2/repository/org/apache/commons/commons-configuration2/2.1.1/commons-configuration2-2.1.1.jar:/home/user/.m2/repository/org/apache/commons/commons-lang3/3.7/commons-lang3-3.7.jar:/home/user/.m2/repository/org/apache/commons/commons-text/1.4/commons-text-1.4.jar:/home/user/.m2/repository/org/apache/avro/avro/1.7.7/avro-1.7.7.jar:/home/user/.m2/repository/com/thoughtworks/paranamer/paranamer/2.3/paranamer-2.3.jar:/home/user/.m2/repository/org/xerial/snappy/snappy-java/1.0.5/snappy-java-1.0.5.jar:/home/user/.m2/repository/com/google/re2j/re2j/1.1/re2j-1.1.jar:/home/user/.m2/repository/com/google/code/gson/gson/2.2.4/gson-2.2.4.jar:/home/user/.m2/repository/com/jcraft/jsch/0.1.54/jsch-0.1.54.jar:/home/user/.m2/repository/org/apache/curator/curator-client/2.12.0/curator-client-2.12.0.jar:/home/user/.m2/repository/org/apache/curator/curator-recipes/2.12.0/curator-recipes-2.12.0.jar:/home/user/.m2/repository/com/google/code/findbugs/jsr305/3.0.0/jsr305-3.0.0.jar:/home/user/.m2/repository/org/apache/htrace/htrace-core4/4.1.0-incubating/htrace-core4-4.1.0-incubating.jar:/home/user/.m2/repository/org/apache/zookeeper/zookeeper/3.4.13/zookeeper-3.4.13.jar:/home/user/.m2/repository/jline/jline/0.9.94/jline-0.9.94.jar:/home/user/.m2/repository/org/apache/yetus/audience-annotations/0.5.0/audience-annotations-0.5.0.jar:/home/user/.m2/repository/org/codehaus/woodstox/stax2-api/3.1.4/stax2-api-3.1.4.jar:/home/user/.m2/repository/com/fasterxml/woodstox/woodstox-core/5.0.3/woodstox-core-5.0.3.jar:/home/user/.m2/repository/dnsjava/dnsjava/2.1.7/dnsjava-2.1.7.jar:/home/user/.m2/repository/org/apache/hadoop/hadoop-hdfs/3.2.0/hadoop-hdfs-3.2.0-tests.jar:/home/user/.m2/repository/org/eclipse/jetty/jetty-util-ajax/9.3.25.v20180904/jetty-util-ajax-9.3.25.v20180904.jar:/home/user/.m2/repository/commons-daemon/commons-daemon/1.0.13/commons-daemon-1.0.13.jar:/home/user/.m2/repository/io/netty/netty/3.10.5.Final/netty-3.10.5.Final.jar:/home/user/.m2/repository/io/netty/netty-all/4.0.52.Final/netty-all-4.0.52.Final.jar:/home/user/.m2/repository/org/fusesource/leveldbjni/leveldbjni-all/1.8/leveldbjni-all-1.8.jar:"/>
    <property name="sun.cpu.endian" value="little"/>
    <property name="user.home" value="/home/user"/>
    <property name="user.language" value="en"/>
    <property name="java.specification.vendor" value="Oracle Corporation"/>
    <property name="java.home" value="/usr/lib/jvm/java-1.8.0-openjdk-1.8.0.222.b10-1.el7_7.x86_64/jre"/>
    <property name="surefire.excludesFile" value="/tools/ozone-bad-unit-tests"/>
    <property name="java.security.krb5.conf" value="/workdir/hadoop-ozone/integration-test/target/test-classes/krb5.conf"/>
    <property name="basedir" value="/workdir/hadoop-ozone/integration-test"/>
    <property name="file.separator" value="/"/>
    <property name="line.separator" value="&#10;"/>
    <property name="java.vm.specification.vendor" value="Oracle Corporation"/>
    <property name="java.specification.name" value="Java Platform API Specification"/>
    <property name="java.awt.graphicsenv" value="sun.awt.X11GraphicsEnvironment"/>
    <property name="surefire.real.class.path" value="/workdir/hadoop-ozone/integration-test/target/surefire/surefirebooter2005559356307338405.jar"/>
    <property name="hadoop.log.dir" value="/workdir/hadoop-ozone/integration-test/target/log"/>
    <property name="sun.boot.class.path" value="/usr/lib/jvm/java-1.8.0-openjdk-1.8.0.222.b10-1.el7_7.x86_64/jre/lib/resources.jar:/usr/lib/jvm/java-1.8.0-openjdk-1.8.0.222.b10-1.el7_7.x86_64/jre/lib/rt.jar:/usr/lib/jvm/java-1.8.0-openjdk-1.8.0.222.b10-1.el7_7.x86_64/jre/lib/sunrsasign.jar:/usr/lib/jvm/java-1.8.0-openjdk-1.8.0.222.b10-1.el7_7.x86_64/jre/lib/jsse.jar:/usr/lib/jvm/java-1.8.0-openjdk-1.8.0.222.b10-1.el7_7.x86_64/jre/lib/jce.jar:/usr/lib/jvm/java-1.8.0-openjdk-1.8.0.222.b10-1.el7_7.x86_64/jre/lib/charsets.jar:/usr/lib/jvm/java-1.8.0-openjdk-1.8.0.222.b10-1.el7_7.x86_64/jre/lib/jfr.jar:/usr/lib/jvm/java-1.8.0-openjdk-1.8.0.222.b10-1.el7_7.x86_64/jre/classes"/>
    <property name="sun.management.compiler" value="HotSpot 64-Bit Tiered Compilers"/>
    <property name="java.runtime.version" value="1.8.0_222-b10"/>
    <property name="java.net.preferIPv4Stack" value="true"/>
    <property name="user.name" value="jenkins1000"/>
    <property name="path.separator" value=":"/>
    <property name="java.security.egd" value="file:///dev/urandom"/>
    <property name="os.version" value="3.10.0-957.12.2.el7.x86_64"/>
    <property name="java.endorsed.dirs" value="/usr/lib/jvm/java-1.8.0-openjdk-1.8.0.222.b10-1.el7_7.x86_64/jre/lib/endorsed"/>
    <property name="java.runtime.name" value="OpenJDK Runtime Environment"/>
    <property name="file.encoding" value="ANSI_X3.4-1968"/>
    <property name="java.vm.name" value="OpenJDK 64-Bit Server VM"/>
    <property name="test.build.webapps" value=""/>
    <property name="localRepository" value="/home/user/.m2/repository"/>
    <property name="java.vendor.url.bug" value="http://bugreport.sun.com/bugreport/"/>
    <property name="java.io.tmpdir" value="/tmp"/>
    <property name="require.test.libhadoop" value=""/>
    <property name="java.version" value="1.8.0_222"/>
    <property name="user.dir" value="/workdir/hadoop-ozone/integration-test"/>
    <property name="os.arch" value="amd64"/>
    <property name="java.vm.specification.name" value="Java Virtual Machine Specification"/>
    <property name="test.build.classes" value="/workdir/hadoop-ozone/integration-test/target/test-classes"/>
    <property name="java.awt.printerjob" value="sun.print.PSPrinterJob"/>
    <property name="sun.os.patch.level" value="unknown"/>
    <property name="hadoop.tmp.dir" value="/workdir/hadoop-ozone/integration-test/target/tmp"/>
    <property name="java.library.path" value="/usr/lib:/workdir/hadoop-ozone/integration-test/target/native/target/usr/local/lib:/workdir/hadoop-ozone/integration-test/../../hadoop-common-project/hadoop-common/target/native/target/usr/local/lib:/usr/java/packages/lib/amd64:/usr/lib64:/lib64:/lib:/usr/lib"/>
    <property name="java.vm.info" value="mixed mode"/>
    <property name="java.vendor" value="Oracle Corporation"/>
    <property name="java.vm.version" value="25.222-b10"/>
    <property name="java.ext.dirs" value="/usr/lib/jvm/java-1.8.0-openjdk-1.8.0.222.b10-1.el7_7.x86_64/jre/lib/ext:/usr/java/packages/lib/ext"/>
    <property name="sun.io.unicode.encoding" value="UnicodeLittle"/>
    <property name="java.class.version" value="52.0"/>
  </properties>
  <testcase name="testDeleteKeyWithSlowFollower" classname="org.apache.hadoop.ozone.client.rpc.TestDeleteWithSlowFollower" time="117.595">
    <failure type="java.lang.AssertionError">java.lang.AssertionError
	at org.junit.Assert.fail(Assert.java:86)
	at org.junit.Assert.assertTrue(Assert.java:41)
	at org.junit.Assert.assertTrue(Assert.java:52)
	at org.apache.hadoop.ozone.client.rpc.TestDeleteWithSlowFollower.testDeleteKeyWithSlowFollower(TestDeleteWithSlowFollower.java:265)
	at sun.reflect.NativeMethodAccessorImpl.invoke0(Native Method)
	at sun.reflect.NativeMethodAccessorImpl.invoke(NativeMethodAccessorImpl.java:62)
	at sun.reflect.DelegatingMethodAccessorImpl.invoke(DelegatingMethodAccessorImpl.java:43)
	at java.lang.reflect.Method.invoke(Method.java:498)
	at org.junit.runners.model.FrameworkMethod$1.runReflectiveCall(FrameworkMethod.java:47)
	at org.junit.internal.runners.model.ReflectiveCallable.run(ReflectiveCallable.java:12)
	at org.junit.runners.model.FrameworkMethod.invokeExplosively(FrameworkMethod.java:44)
	at org.junit.internal.runners.statements.InvokeMethod.evaluate(InvokeMethod.java:17)
	at org.junit.runners.ParentRunner.runLeaf(ParentRunner.java:271)
	at org.junit.runners.BlockJUnit4ClassRunner.runChild(BlockJUnit4ClassRunner.java:70)
	at org.junit.runners.BlockJUnit4ClassRunner.runChild(BlockJUnit4ClassRunner.java:50)
	at org.junit.runners.ParentRunner$3.run(ParentRunner.java:238)
	at org.junit.runners.ParentRunner$1.schedule(ParentRunner.java:63)
	at org.junit.runners.ParentRunner.runChildren(ParentRunner.java:236)
	at org.junit.runners.ParentRunner.access$000(ParentRunner.java:53)
	at org.junit.runners.ParentRunner$2.evaluate(ParentRunner.java:229)
	at org.junit.internal.runners.statements.RunBefores.evaluate(RunBefores.java:26)
	at org.junit.internal.runners.statements.RunAfters.evaluate(RunAfters.java:27)
	at org.junit.runners.ParentRunner.run(ParentRunner.java:309)
	at org.apache.maven.surefire.junit4.JUnit4Provider.execute(JUnit4Provider.java:365)
	at org.apache.maven.surefire.junit4.JUnit4Provider.executeWithRerun(JUnit4Provider.java:273)
	at org.apache.maven.surefire.junit4.JUnit4Provider.executeTestSet(JUnit4Provider.java:238)
	at org.apache.maven.surefire.junit4.JUnit4Provider.invoke(JUnit4Provider.java:159)
	at org.apache.maven.surefire.booter.ForkedBooter.invokeProviderInSameClassLoader(ForkedBooter.java:384)
	at org.apache.maven.surefire.booter.ForkedBooter.runSuitesInProcess(ForkedBooter.java:345)
	at org.apache.maven.surefire.booter.ForkedBooter.execute(ForkedBooter.java:126)
	at org.apache.maven.surefire.booter.ForkedBooter.main(ForkedBooter.java:418)
</failure>
    <system-out><![CDATA[2019-10-25 05:32:03,742 [main] WARN  server.ServerUtils (ServerUtils.java:getScmDbDir(145)) - ozone.scm.db.dirs is not configured. We recommend adding this setting. Falling back to ozone.metadata.dirs instead.
2019-10-25 05:32:03,831 [main] WARN  server.ServerUtils (ServerUtils.java:getScmDbDir(145)) - ozone.scm.db.dirs is not configured. We recommend adding this setting. Falling back to ozone.metadata.dirs instead.
2019-10-25 05:32:03,833 [main] WARN  server.ServerUtils (ServerUtils.java:getScmDbDir(145)) - ozone.scm.db.dirs is not configured. We recommend adding this setting. Falling back to ozone.metadata.dirs instead.
2019-10-25 05:32:03,855 [main] INFO  util.log (Log.java:initialized(192)) - Logging initialized @800ms
2019-10-25 05:32:03,955 [main] INFO  db.DBStoreBuilder (DBStoreBuilder.java:addTable(127)) - using custom profile for table: deletedBlocks
2019-10-25 05:32:03,955 [main] INFO  db.DBStoreBuilder (DBStoreBuilder.java:processTables(183)) - Using default column profile:DBProfile.DISK for Table:deletedBlocks
2019-10-25 05:32:03,956 [main] INFO  db.DBStoreBuilder (DBStoreBuilder.java:addTable(127)) - using custom profile for table: validCerts
2019-10-25 05:32:03,956 [main] INFO  db.DBStoreBuilder (DBStoreBuilder.java:processTables(183)) - Using default column profile:DBProfile.DISK for Table:validCerts
2019-10-25 05:32:03,956 [main] INFO  db.DBStoreBuilder (DBStoreBuilder.java:addTable(127)) - using custom profile for table: revokedCerts
2019-10-25 05:32:03,956 [main] INFO  db.DBStoreBuilder (DBStoreBuilder.java:processTables(183)) - Using default column profile:DBProfile.DISK for Table:revokedCerts
2019-10-25 05:32:03,970 [main] INFO  db.DBStoreBuilder (DBStoreBuilder.java:addTable(127)) - using custom profile for table: default
2019-10-25 05:32:03,970 [main] INFO  db.DBStoreBuilder (DBStoreBuilder.java:processTables(189)) - Using default column profile:DBProfile.DISK for Table:default
2019-10-25 05:32:03,972 [main] INFO  db.DBStoreBuilder (DBStoreBuilder.java:getDbProfile(220)) - Using default options. DBProfile.DISK
2019-10-25 05:32:04,209 [main] INFO  net.NodeSchemaLoader (NodeSchemaLoader.java:loadSchemaFromFile(125)) - Loading file from sun.misc.CompoundEnumeration@78691363
2019-10-25 05:32:04,211 [main] INFO  net.NodeSchemaLoader (NodeSchemaLoader.java:loadSchema(171)) - Loading network topology layer schema file
2019-10-25 05:32:04,274 [main] WARN  server.ServerUtils (ServerUtils.java:sanitizeUserArgs(70)) - ozone.scm.stale.node.interval value = 1000000 is larger than max = 100000 based on the key value of ozone.scm.heartbeat.thread.interval, reset to the max value 100000.
2019-10-25 05:32:04,276 [main] WARN  server.ServerUtils (ServerUtils.java:sanitizeUserArgs(70)) - ozone.scm.stale.node.interval value = 1000000 is larger than max = 100000 based on the key value of ozone.scm.heartbeat.thread.interval, reset to the max value 100000.
2019-10-25 05:32:04,279 [main] INFO  node.SCMNodeManager (SCMNodeManager.java:<init>(116)) - Entering startup safe mode.
2019-10-25 05:32:04,347 [main] INFO  algorithms.ContainerPlacementPolicyFactory (ContainerPlacementPolicyFactory.java:getPolicy(57)) - Create container placement policy of type org.apache.hadoop.hdds.scm.container.placement.algorithms.SCMContainerPlacementRandom
2019-10-25 05:32:04,363 [main] WARN  server.ServerUtils (ServerUtils.java:getScmDbDir(145)) - ozone.scm.db.dirs is not configured. We recommend adding this setting. Falling back to ozone.metadata.dirs instead.
2019-10-25 05:32:04,424 [main] INFO  pipeline.SCMPipelineManager (SCMPipelineManager.java:initializePipelineState(132)) - No pipeline exists in current db
2019-10-25 05:32:04,427 [main] WARN  server.ServerUtils (ServerUtils.java:getScmDbDir(145)) - ozone.scm.db.dirs is not configured. We recommend adding this setting. Falling back to ozone.metadata.dirs instead.
2019-10-25 05:32:04,548 [main] WARN  events.EventQueue (EventQueue.java:fireEvent(183)) - No event handler registered for event TypedEvent{payloadType=SafeModeStatus, name='SafeModeStatus'}
2019-10-25 05:32:04,897 [main] INFO  ipc.CallQueueManager (CallQueueManager.java:<init>(84)) - Using callQueue: class java.util.concurrent.LinkedBlockingQueue, queueCapacity: 2000, scheduler: class org.apache.hadoop.ipc.DefaultRpcScheduler, ipcBackoff: false.
2019-10-25 05:32:05,021 [Socket Reader #1 for port 34313] INFO  ipc.Server (Server.java:run(1074)) - Starting Socket Reader #1 for port 34313
2019-10-25 05:32:05,063 [main] INFO  ipc.CallQueueManager (CallQueueManager.java:<init>(84)) - Using callQueue: class java.util.concurrent.LinkedBlockingQueue, queueCapacity: 2000, scheduler: class org.apache.hadoop.ipc.DefaultRpcScheduler, ipcBackoff: false.
2019-10-25 05:32:05,064 [Socket Reader #1 for port 45108] INFO  ipc.Server (Server.java:run(1074)) - Starting Socket Reader #1 for port 45108
2019-10-25 05:32:05,075 [main] INFO  ipc.CallQueueManager (CallQueueManager.java:<init>(84)) - Using callQueue: class java.util.concurrent.LinkedBlockingQueue, queueCapacity: 2000, scheduler: class org.apache.hadoop.ipc.DefaultRpcScheduler, ipcBackoff: false.
2019-10-25 05:32:05,077 [Socket Reader #1 for port 40875] INFO  ipc.Server (Server.java:run(1074)) - Starting Socket Reader #1 for port 40875
2019-10-25 05:32:05,102 [main] INFO  hdfs.DFSUtil (DFSUtil.java:httpServerTemplateForNNAndJN(1641)) - Starting Web-server for scm at: http://0.0.0.0:0
2019-10-25 05:32:05,269 [main] INFO  server.AuthenticationFilter (AuthenticationFilter.java:constructSecretProvider(240)) - Unable to initialize FileSignerSecretProvider, falling back to use random secrets.
2019-10-25 05:32:05,277 [main] WARN  http.HttpRequestLog (HttpRequestLog.java:getRequestLog(97)) - Jetty request log can only be enabled using Log4j
2019-10-25 05:32:05,285 [main] INFO  http.HttpServer2 (HttpServer2.java:addGlobalFilter(975)) - Added global filter 'safety' (class=org.apache.hadoop.http.HttpServer2$QuotingInputFilter)
2019-10-25 05:32:05,287 [main] INFO  http.HttpServer2 (HttpServer2.java:addFilter(948)) - Added filter static_user_filter (class=org.apache.hadoop.http.lib.StaticUserWebFilter$StaticUserFilter) to context scm
2019-10-25 05:32:05,288 [main] INFO  http.HttpServer2 (HttpServer2.java:addFilter(958)) - Added filter static_user_filter (class=org.apache.hadoop.http.lib.StaticUserWebFilter$StaticUserFilter) to context static
2019-10-25 05:32:05,288 [main] INFO  http.HttpServer2 (HttpServer2.java:addFilter(958)) - Added filter static_user_filter (class=org.apache.hadoop.http.lib.StaticUserWebFilter$StaticUserFilter) to context logs
2019-10-25 05:32:05,319 [main] INFO  server.StorageContainerManager (StorageContainerManager.java:start(772)) - StorageContainerLocationProtocol RPC server is listening at /0.0.0.0:40875
2019-10-25 05:32:05,381 [main] WARN  impl.MetricsConfig (MetricsConfig.java:loadFirst(134)) - Cannot locate configuration: tried hadoop-metrics2-storagecontainermanager.properties,hadoop-metrics2.properties
2019-10-25 05:32:05,394 [main] INFO  impl.MetricsSystemImpl (MetricsSystemImpl.java:startTimer(374)) - Scheduled Metric snapshot period at 10 second(s).
2019-10-25 05:32:05,394 [main] INFO  impl.MetricsSystemImpl (MetricsSystemImpl.java:start(191)) - StorageContainerManager metrics system started
2019-10-25 05:32:05,661 [main] INFO  server.SCMClientProtocolServer (SCMClientProtocolServer.java:start(159)) - RPC server for Client  is listening at /0.0.0.0:40875
2019-10-25 05:32:05,662 [IPC Server Responder] INFO  ipc.Server (Server.java:run(1314)) - IPC Server Responder: starting
2019-10-25 05:32:05,662 [IPC Server listener on 40875] INFO  ipc.Server (Server.java:run(1153)) - IPC Server listener on 40875: starting
2019-10-25 05:32:05,665 [main] INFO  server.StorageContainerManager (StorageContainerManager.java:start(782)) - ScmBlockLocationProtocol RPC server is listening at /0.0.0.0:45108
2019-10-25 05:32:05,666 [main] INFO  server.SCMBlockProtocolServer (SCMBlockProtocolServer.java:start(146)) - RPC server for Block Protocol is listening at /0.0.0.0:45108
2019-10-25 05:32:05,667 [IPC Server Responder] INFO  ipc.Server (Server.java:run(1314)) - IPC Server Responder: starting
2019-10-25 05:32:05,667 [IPC Server listener on 45108] INFO  ipc.Server (Server.java:run(1153)) - IPC Server listener on 45108: starting
2019-10-25 05:32:05,669 [main] INFO  server.StorageContainerManager (StorageContainerManager.java:start(786)) - ScmDatanodeProtocl RPC server is listening at /0.0.0.0:34313
2019-10-25 05:32:05,669 [main] INFO  server.SCMDatanodeProtocolServer (SCMDatanodeProtocolServer.java:start(169)) - RPC server for DataNodes is listening at /0.0.0.0:34313
2019-10-25 05:32:05,671 [IPC Server Responder] INFO  ipc.Server (Server.java:run(1314)) - IPC Server Responder: starting
2019-10-25 05:32:05,671 [IPC Server listener on 34313] INFO  ipc.Server (Server.java:run(1153)) - IPC Server listener on 34313: starting
2019-10-25 05:32:05,675 [main] INFO  http.HttpServer2 (HttpServer2.java:bindListener(1191)) - Jetty bound to port 43813
2019-10-25 05:32:05,677 [main] INFO  server.Server (Server.java:doStart(351)) - jetty-9.3.25.v20180904, build timestamp: 2018-09-04T21:11:46Z, git hash: 3ce520221d0240229c862b122d2b06c12a625732
2019-10-25 05:32:05,719 [main] INFO  handler.ContextHandler (ContextHandler.java:doStart(781)) - Started o.e.j.s.ServletContextHandler@2f48b3d2{/logs,file:///workdir/hadoop-ozone/integration-test/target/log,AVAILABLE}
2019-10-25 05:32:05,720 [main] INFO  handler.ContextHandler (ContextHandler.java:doStart(781)) - Started o.e.j.s.ServletContextHandler@753432a2{/static,file:///workdir/hadoop-ozone/integration-test/target/test-classes/webapps/static,AVAILABLE}
2019-10-25 05:32:05,835 [main] INFO  handler.ContextHandler (ContextHandler.java:doStart(781)) - Started o.e.j.w.WebAppContext@23a9ba52{/,file:///workdir/hadoop-ozone/integration-test/target/test-classes/webapps/scm/,AVAILABLE}{/scm}
2019-10-25 05:32:05,843 [main] INFO  server.AbstractConnector (AbstractConnector.java:doStart(278)) - Started ServerConnector@7927bd9f{HTTP/1.1,[http/1.1]}{0.0.0.0:43813}
2019-10-25 05:32:05,843 [main] INFO  server.Server (Server.java:doStart(419)) - Started @2788ms
2019-10-25 05:32:05,846 [main] INFO  impl.MetricsSinkAdapter (MetricsSinkAdapter.java:start(204)) - Sink prometheus started
2019-10-25 05:32:05,846 [main] INFO  impl.MetricsSystemImpl (MetricsSystemImpl.java:registerSink(301)) - Registered sink prometheus
2019-10-25 05:32:05,848 [main] INFO  server.BaseHttpServer (BaseHttpServer.java:updateConnectorAddress(215)) - HTTP server of SCM is listening at http://0.0.0.0:43813
2019-10-25 05:32:05,856 [org.apache.hadoop.util.JvmPauseMonitor$Monitor@3d3f761a] INFO  util.JvmPauseMonitor (JvmPauseMonitor.java:run(188)) - Starting JVM pause monitor
2019-10-25 05:32:05,860 [main] WARN  server.ServerUtils (ServerUtils.java:getDBPath(222)) - ozone.om.db.dirs is not configured. We recommend adding this setting. Falling back to ozone.metadata.dirs instead.
2019-10-25 05:32:05,971 [main] INFO  ha.OMHANodeDetails (OMHANodeDetails.java:loadOMHAConfig(190)) - Configuration either no ozone.om.address set. Falling back to the default OM address /127.0.0.1:0
2019-10-25 05:32:05,972 [main] INFO  ha.OMHANodeDetails (OMHANodeDetails.java:getOMNodeDetails(220)) - OM Service ID is not set. Setting it to the default ID: omServiceIdDefault
2019-10-25 05:32:05,973 [main] WARN  server.ServerUtils (ServerUtils.java:getDBPath(222)) - ozone.om.db.dirs is not configured. We recommend adding this setting. Falling back to ozone.metadata.dirs instead.
2019-10-25 05:32:05,974 [main] WARN  server.ServerUtils (ServerUtils.java:getDBPath(222)) - ozone.om.db.dirs is not configured. We recommend adding this setting. Falling back to ozone.metadata.dirs instead.
2019-10-25 05:32:06,664 [main] WARN  server.ServerUtils (ServerUtils.java:getDBPath(222)) - ozone.om.db.dirs is not configured. We recommend adding this setting. Falling back to ozone.metadata.dirs instead.
2019-10-25 05:32:06,672 [main] INFO  db.DBStoreBuilder (DBStoreBuilder.java:addTable(127)) - using custom profile for table: userTable
2019-10-25 05:32:06,672 [main] INFO  db.DBStoreBuilder (DBStoreBuilder.java:processTables(183)) - Using default column profile:DBProfile.DISK for Table:userTable
2019-10-25 05:32:06,673 [main] INFO  db.DBStoreBuilder (DBStoreBuilder.java:addTable(127)) - using custom profile for table: volumeTable
2019-10-25 05:32:06,673 [main] INFO  db.DBStoreBuilder (DBStoreBuilder.java:processTables(183)) - Using default column profile:DBProfile.DISK for Table:volumeTable
2019-10-25 05:32:06,673 [main] INFO  db.DBStoreBuilder (DBStoreBuilder.java:addTable(127)) - using custom profile for table: bucketTable
2019-10-25 05:32:06,673 [main] INFO  db.DBStoreBuilder (DBStoreBuilder.java:processTables(183)) - Using default column profile:DBProfile.DISK for Table:bucketTable
2019-10-25 05:32:06,673 [main] INFO  db.DBStoreBuilder (DBStoreBuilder.java:addTable(127)) - using custom profile for table: keyTable
2019-10-25 05:32:06,674 [main] INFO  db.DBStoreBuilder (DBStoreBuilder.java:processTables(183)) - Using default column profile:DBProfile.DISK for Table:keyTable
2019-10-25 05:32:06,674 [main] INFO  db.DBStoreBuilder (DBStoreBuilder.java:addTable(127)) - using custom profile for table: deletedTable
2019-10-25 05:32:06,674 [main] INFO  db.DBStoreBuilder (DBStoreBuilder.java:processTables(183)) - Using default column profile:DBProfile.DISK for Table:deletedTable
2019-10-25 05:32:06,674 [main] INFO  db.DBStoreBuilder (DBStoreBuilder.java:addTable(127)) - using custom profile for table: openKeyTable
2019-10-25 05:32:06,674 [main] INFO  db.DBStoreBuilder (DBStoreBuilder.java:processTables(183)) - Using default column profile:DBProfile.DISK for Table:openKeyTable
2019-10-25 05:32:06,675 [main] INFO  db.DBStoreBuilder (DBStoreBuilder.java:addTable(127)) - using custom profile for table: s3Table
2019-10-25 05:32:06,675 [main] INFO  db.DBStoreBuilder (DBStoreBuilder.java:processTables(183)) - Using default column profile:DBProfile.DISK for Table:s3Table
2019-10-25 05:32:06,675 [main] INFO  db.DBStoreBuilder (DBStoreBuilder.java:addTable(127)) - using custom profile for table: multipartInfoTable
2019-10-25 05:32:06,675 [main] INFO  db.DBStoreBuilder (DBStoreBuilder.java:processTables(183)) - Using default column profile:DBProfile.DISK for Table:multipartInfoTable
2019-10-25 05:32:06,676 [main] INFO  db.DBStoreBuilder (DBStoreBuilder.java:addTable(127)) - using custom profile for table: dTokenTable
2019-10-25 05:32:06,676 [main] INFO  db.DBStoreBuilder (DBStoreBuilder.java:processTables(183)) - Using default column profile:DBProfile.DISK for Table:dTokenTable
2019-10-25 05:32:06,676 [main] INFO  db.DBStoreBuilder (DBStoreBuilder.java:addTable(127)) - using custom profile for table: s3SecretTable
2019-10-25 05:32:06,676 [main] INFO  db.DBStoreBuilder (DBStoreBuilder.java:processTables(183)) - Using default column profile:DBProfile.DISK for Table:s3SecretTable
2019-10-25 05:32:06,677 [main] INFO  db.DBStoreBuilder (DBStoreBuilder.java:addTable(127)) - using custom profile for table: prefixTable
2019-10-25 05:32:06,677 [main] INFO  db.DBStoreBuilder (DBStoreBuilder.java:processTables(183)) - Using default column profile:DBProfile.DISK for Table:prefixTable
2019-10-25 05:32:06,677 [main] INFO  db.DBStoreBuilder (DBStoreBuilder.java:addTable(127)) - using custom profile for table: default
2019-10-25 05:32:06,677 [main] INFO  db.DBStoreBuilder (DBStoreBuilder.java:processTables(189)) - Using default column profile:DBProfile.DISK for Table:default
2019-10-25 05:32:06,678 [main] INFO  db.DBStoreBuilder (DBStoreBuilder.java:getDbProfile(220)) - Using default options. DBProfile.DISK
2019-10-25 05:32:06,951 [main] INFO  ipc.CallQueueManager (CallQueueManager.java:<init>(84)) - Using callQueue: class java.util.concurrent.LinkedBlockingQueue, queueCapacity: 2000, scheduler: class org.apache.hadoop.ipc.DefaultRpcScheduler, ipcBackoff: false.
2019-10-25 05:32:06,952 [Socket Reader #1 for port 41210] INFO  ipc.Server (Server.java:run(1074)) - Starting Socket Reader #1 for port 41210
2019-10-25 05:32:06,971 [main] INFO  om.OzoneManager (OzoneManager.java:start(1074)) - OzoneManager RPC server is listening at localhost/127.0.0.1:41210
2019-10-25 05:32:06,971 [main] INFO  impl.MetricsSystemImpl (MetricsSystemImpl.java:init(158)) - OzoneManager metrics system started (again)
2019-10-25 05:32:06,978 [IPC Server Responder] INFO  ipc.Server (Server.java:run(1314)) - IPC Server Responder: starting
2019-10-25 05:32:06,978 [IPC Server listener on 41210] INFO  ipc.Server (Server.java:run(1153)) - IPC Server listener on 41210: starting
2019-10-25 05:32:06,983 [main] INFO  hdfs.DFSUtil (DFSUtil.java:httpServerTemplateForNNAndJN(1641)) - Starting Web-server for ozoneManager at: http://0.0.0.0:0
2019-10-25 05:32:06,984 [main] INFO  server.AuthenticationFilter (AuthenticationFilter.java:constructSecretProvider(240)) - Unable to initialize FileSignerSecretProvider, falling back to use random secrets.
2019-10-25 05:32:06,985 [main] WARN  http.HttpRequestLog (HttpRequestLog.java:getRequestLog(97)) - Jetty request log can only be enabled using Log4j
2019-10-25 05:32:06,987 [main] INFO  http.HttpServer2 (HttpServer2.java:addGlobalFilter(975)) - Added global filter 'safety' (class=org.apache.hadoop.http.HttpServer2$QuotingInputFilter)
2019-10-25 05:32:06,988 [main] INFO  http.HttpServer2 (HttpServer2.java:addFilter(948)) - Added filter static_user_filter (class=org.apache.hadoop.http.lib.StaticUserWebFilter$StaticUserFilter) to context ozoneManager
2019-10-25 05:32:06,988 [main] INFO  http.HttpServer2 (HttpServer2.java:addFilter(958)) - Added filter static_user_filter (class=org.apache.hadoop.http.lib.StaticUserWebFilter$StaticUserFilter) to context logs
2019-10-25 05:32:06,988 [main] INFO  http.HttpServer2 (HttpServer2.java:addFilter(958)) - Added filter static_user_filter (class=org.apache.hadoop.http.lib.StaticUserWebFilter$StaticUserFilter) to context static
2019-10-25 05:32:06,990 [main] INFO  http.HttpServer2 (HttpServer2.java:bindListener(1191)) - Jetty bound to port 35902
2019-10-25 05:32:06,990 [main] INFO  server.Server (Server.java:doStart(351)) - jetty-9.3.25.v20180904, build timestamp: 2018-09-04T21:11:46Z, git hash: 3ce520221d0240229c862b122d2b06c12a625732
2019-10-25 05:32:06,992 [main] INFO  handler.ContextHandler (ContextHandler.java:doStart(781)) - Started o.e.j.s.ServletContextHandler@40ab8a8{/logs,file:///workdir/hadoop-ozone/integration-test/target/log,AVAILABLE}
2019-10-25 05:32:06,993 [main] INFO  handler.ContextHandler (ContextHandler.java:doStart(781)) - Started o.e.j.s.ServletContextHandler@65cc8228{/static,file:///workdir/hadoop-ozone/integration-test/target/test-classes/webapps/static,AVAILABLE}
2019-10-25 05:32:06,997 [main] INFO  handler.ContextHandler (ContextHandler.java:doStart(781)) - Started o.e.j.w.WebAppContext@5d235104{/,file:///workdir/hadoop-ozone/integration-test/target/test-classes/webapps/ozoneManager/,AVAILABLE}{/ozoneManager}
2019-10-25 05:32:06,998 [main] INFO  server.AbstractConnector (AbstractConnector.java:doStart(278)) - Started ServerConnector@4e8e8621{HTTP/1.1,[http/1.1]}{0.0.0.0:35902}
2019-10-25 05:32:06,998 [main] INFO  server.Server (Server.java:doStart(419)) - Started @3943ms
2019-10-25 05:32:06,998 [main] WARN  impl.MetricsSystemImpl (MetricsSystemImpl.java:register(276)) - Sink prometheus already exists!
2019-10-25 05:32:06,999 [main] INFO  server.BaseHttpServer (BaseHttpServer.java:updateConnectorAddress(215)) - HTTP server of OZONEMANAGER is listening at http://0.0.0.0:35902
2019-10-25 05:32:07,258 [main] INFO  impl.MetricsSystemImpl (MetricsSystemImpl.java:init(158)) - HddsDatanode metrics system started (again)
2019-10-25 05:32:07,303 [main] INFO  ozone.HddsDatanodeService (HddsDatanodeService.java:start(184)) - HddsDatanodeService host:pr-hdds-1701-29n7p-3046025130 ip:192.168.164.244
2019-10-25 05:32:07,334 [main] INFO  volume.HddsVolume (HddsVolume.java:<init>(176)) - Creating Volume: /workdir/hadoop-ozone/integration-test/target/test-dir/MiniOzoneClusterImpl-8530639b-a9ef-4264-b602-ead7924d693f/datanode-0/data/containers/hdds of  storage type : DISK and capacity : 1482555576320
2019-10-25 05:32:07,336 [main] INFO  volume.VolumeSet (VolumeSet.java:initializeVolumeSet(170)) - Added Volume : /workdir/hadoop-ozone/integration-test/target/test-dir/MiniOzoneClusterImpl-8530639b-a9ef-4264-b602-ead7924d693f/datanode-0/data/containers/hdds to VolumeSet
2019-10-25 05:32:07,339 [main] INFO  volume.ThrottledAsyncChecker (ThrottledAsyncChecker.java:schedule(141)) - Scheduling a check for /workdir/hadoop-ozone/integration-test/target/test-dir/MiniOzoneClusterImpl-8530639b-a9ef-4264-b602-ead7924d693f/datanode-0/data/containers/hdds
2019-10-25 05:32:07,355 [main] INFO  volume.HddsVolumeChecker (HddsVolumeChecker.java:checkAllVolumes(204)) - Scheduled health check for volume /workdir/hadoop-ozone/integration-test/target/test-dir/MiniOzoneClusterImpl-8530639b-a9ef-4264-b602-ead7924d693f/datanode-0/data/containers/hdds
2019-10-25 05:32:07,461 [main] INFO  impl.RaftServerProxy (ConfUtils.java:logGet(43)) - raft.rpc.type = GRPC (default)
2019-10-25 05:32:07,524 [main] INFO  grpc.GrpcFactory (GrpcFactory.java:checkPooledByteBufAllocatorUseCacheForAllThreads(45)) - PERFORMANCE WARNING: useCacheForAllThreads is true that may cause Netty to create a lot garbage objects and, as a result, trigger GC.
	It is recommended to disable useCacheForAllThreads by setting -Dorg.apache.ratis.thirdparty.io.netty.allocator.useCacheForAllThreads=false in command line.
2019-10-25 05:32:07,529 [main] INFO  grpc.GrpcConfigKeys$Server (ConfUtils.java:logGet(43)) - raft.grpc.server.port = 0 (default)
2019-10-25 05:32:07,530 [main] INFO  server.GrpcService (ConfUtils.java:logGet(43)) - raft.grpc.message.size.max = 33570816 (custom)
2019-10-25 05:32:07,531 [main] INFO  server.RaftServerConfigKeys (ConfUtils.java:logGet(43)) - raft.server.log.appender.buffer.byte-limit = 33554432 (custom)
2019-10-25 05:32:07,532 [main] INFO  server.GrpcService (ConfUtils.java:logGet(43)) - raft.grpc.flow.control.window = 1MB (=1048576) (default)
2019-10-25 05:32:07,533 [main] INFO  server.RaftServerConfigKeys (ConfUtils.java:logGet(43)) - raft.server.rpc.request.timeout = 3000ms (default)
2019-10-25 05:32:07,677 [main] INFO  server.RaftServerConfigKeys (ConfUtils.java:logGet(43)) - raft.server.storage.dir = [/workdir/hadoop-ozone/integration-test/target/test-dir/MiniOzoneClusterImpl-8530639b-a9ef-4264-b602-ead7924d693f/datanode-0/data/ratis] (custom)
2019-10-25 05:32:07,735 [main] INFO  hdfs.DFSUtil (DFSUtil.java:httpServerTemplateForNNAndJN(1641)) - Starting Web-server for hddsDatanode at: http://0.0.0.0:0
2019-10-25 05:32:07,737 [main] INFO  server.AuthenticationFilter (AuthenticationFilter.java:constructSecretProvider(240)) - Unable to initialize FileSignerSecretProvider, falling back to use random secrets.
2019-10-25 05:32:07,738 [main] WARN  http.HttpRequestLog (HttpRequestLog.java:getRequestLog(97)) - Jetty request log can only be enabled using Log4j
2019-10-25 05:32:07,741 [main] INFO  http.HttpServer2 (HttpServer2.java:addGlobalFilter(975)) - Added global filter 'safety' (class=org.apache.hadoop.http.HttpServer2$QuotingInputFilter)
2019-10-25 05:32:07,741 [main] INFO  http.HttpServer2 (HttpServer2.java:addFilter(948)) - Added filter static_user_filter (class=org.apache.hadoop.http.lib.StaticUserWebFilter$StaticUserFilter) to context hddsDatanode
2019-10-25 05:32:07,742 [main] INFO  http.HttpServer2 (HttpServer2.java:addFilter(958)) - Added filter static_user_filter (class=org.apache.hadoop.http.lib.StaticUserWebFilter$StaticUserFilter) to context logs
2019-10-25 05:32:07,742 [main] INFO  http.HttpServer2 (HttpServer2.java:addFilter(958)) - Added filter static_user_filter (class=org.apache.hadoop.http.lib.StaticUserWebFilter$StaticUserFilter) to context static
2019-10-25 05:32:07,743 [main] INFO  http.HttpServer2 (HttpServer2.java:bindListener(1191)) - Jetty bound to port 34746
2019-10-25 05:32:07,743 [main] INFO  server.Server (Server.java:doStart(351)) - jetty-9.3.25.v20180904, build timestamp: 2018-09-04T21:11:46Z, git hash: 3ce520221d0240229c862b122d2b06c12a625732
2019-10-25 05:32:07,745 [main] INFO  handler.ContextHandler (ContextHandler.java:doStart(781)) - Started o.e.j.s.ServletContextHandler@6c008c24{/logs,file:///workdir/hadoop-ozone/integration-test/target/log,AVAILABLE}
2019-10-25 05:32:07,745 [main] INFO  handler.ContextHandler (ContextHandler.java:doStart(781)) - Started o.e.j.s.ServletContextHandler@21079a12{/static,jar:file:/home/user/.m2/repository/org/apache/hadoop/hadoop-hdds-container-service/0.5.0-SNAPSHOT/hadoop-hdds-container-service-0.5.0-SNAPSHOT.jar!/webapps/static,AVAILABLE}
2019-10-25 05:32:08,016 [main] INFO  handler.ContextHandler (ContextHandler.java:doStart(781)) - Started o.e.j.w.WebAppContext@673919a7{/,file:///tmp/jetty-0.0.0.0-34746-hddsDatanode-_-any-3918551475183265104.dir/webapp/,AVAILABLE}{/hddsDatanode}
2019-10-25 05:32:08,017 [main] INFO  server.AbstractConnector (AbstractConnector.java:doStart(278)) - Started ServerConnector@25d93198{HTTP/1.1,[http/1.1]}{0.0.0.0:34746}
2019-10-25 05:32:08,017 [main] INFO  server.Server (Server.java:doStart(419)) - Started @4962ms
2019-10-25 05:32:08,018 [main] WARN  impl.MetricsSystemImpl (MetricsSystemImpl.java:register(276)) - Sink prometheus already exists!
2019-10-25 05:32:08,020 [main] INFO  server.BaseHttpServer (BaseHttpServer.java:updateConnectorAddress(215)) - HTTP server of HDDSDATANODE is listening at http://0.0.0.0:34746
2019-10-25 05:32:08,022 [main] INFO  impl.MetricsSystemImpl (MetricsSystemImpl.java:init(158)) - HddsDatanode metrics system started (again)
2019-10-25 05:32:08,025 [main] INFO  ozone.HddsDatanodeService (HddsDatanodeService.java:start(184)) - HddsDatanodeService host:pr-hdds-1701-29n7p-3046025130 ip:192.168.164.244
2019-10-25 05:32:08,026 [org.apache.hadoop.util.JvmPauseMonitor$Monitor@22a0fe8d] INFO  util.JvmPauseMonitor (JvmPauseMonitor.java:run(188)) - Starting JVM pause monitor
2019-10-25 05:32:08,037 [main] INFO  volume.HddsVolume (HddsVolume.java:<init>(176)) - Creating Volume: /workdir/hadoop-ozone/integration-test/target/test-dir/MiniOzoneClusterImpl-8530639b-a9ef-4264-b602-ead7924d693f/datanode-1/data/containers/hdds of  storage type : DISK and capacity : 1482555576320
2019-10-25 05:32:08,038 [main] INFO  volume.VolumeSet (VolumeSet.java:initializeVolumeSet(170)) - Added Volume : /workdir/hadoop-ozone/integration-test/target/test-dir/MiniOzoneClusterImpl-8530639b-a9ef-4264-b602-ead7924d693f/datanode-1/data/containers/hdds to VolumeSet
2019-10-25 05:32:08,038 [main] INFO  volume.ThrottledAsyncChecker (ThrottledAsyncChecker.java:schedule(141)) - Scheduling a check for /workdir/hadoop-ozone/integration-test/target/test-dir/MiniOzoneClusterImpl-8530639b-a9ef-4264-b602-ead7924d693f/datanode-1/data/containers/hdds
2019-10-25 05:32:08,039 [main] INFO  volume.HddsVolumeChecker (HddsVolumeChecker.java:checkAllVolumes(204)) - Scheduled health check for volume /workdir/hadoop-ozone/integration-test/target/test-dir/MiniOzoneClusterImpl-8530639b-a9ef-4264-b602-ead7924d693f/datanode-1/data/containers/hdds
2019-10-25 05:32:08,058 [main] INFO  impl.RaftServerProxy (ConfUtils.java:logGet(43)) - raft.rpc.type = GRPC (default)
2019-10-25 05:32:08,059 [main] INFO  grpc.GrpcFactory (GrpcFactory.java:checkPooledByteBufAllocatorUseCacheForAllThreads(45)) - PERFORMANCE WARNING: useCacheForAllThreads is true that may cause Netty to create a lot garbage objects and, as a result, trigger GC.
	It is recommended to disable useCacheForAllThreads by setting -Dorg.apache.ratis.thirdparty.io.netty.allocator.useCacheForAllThreads=false in command line.
2019-10-25 05:32:08,059 [main] INFO  grpc.GrpcConfigKeys$Server (ConfUtils.java:logGet(43)) - raft.grpc.server.port = 0 (default)
2019-10-25 05:32:08,060 [main] INFO  server.GrpcService (ConfUtils.java:logGet(43)) - raft.grpc.message.size.max = 33570816 (custom)
2019-10-25 05:32:08,060 [main] INFO  server.RaftServerConfigKeys (ConfUtils.java:logGet(43)) - raft.server.log.appender.buffer.byte-limit = 33554432 (custom)
2019-10-25 05:32:08,060 [main] INFO  server.GrpcService (ConfUtils.java:logGet(43)) - raft.grpc.flow.control.window = 1MB (=1048576) (default)
2019-10-25 05:32:08,060 [main] INFO  server.RaftServerConfigKeys (ConfUtils.java:logGet(43)) - raft.server.rpc.request.timeout = 3000ms (default)
2019-10-25 05:32:08,061 [main] INFO  server.RaftServerConfigKeys (ConfUtils.java:logGet(43)) - raft.server.storage.dir = [/workdir/hadoop-ozone/integration-test/target/test-dir/MiniOzoneClusterImpl-8530639b-a9ef-4264-b602-ead7924d693f/datanode-1/data/ratis] (custom)
2019-10-25 05:32:08,064 [main] INFO  hdfs.DFSUtil (DFSUtil.java:httpServerTemplateForNNAndJN(1641)) - Starting Web-server for hddsDatanode at: http://0.0.0.0:0
2019-10-25 05:32:08,066 [main] INFO  server.AuthenticationFilter (AuthenticationFilter.java:constructSecretProvider(240)) - Unable to initialize FileSignerSecretProvider, falling back to use random secrets.
2019-10-25 05:32:08,067 [main] WARN  http.HttpRequestLog (HttpRequestLog.java:getRequestLog(97)) - Jetty request log can only be enabled using Log4j
2019-10-25 05:32:08,069 [main] INFO  http.HttpServer2 (HttpServer2.java:addGlobalFilter(975)) - Added global filter 'safety' (class=org.apache.hadoop.http.HttpServer2$QuotingInputFilter)
2019-10-25 05:32:08,069 [main] INFO  http.HttpServer2 (HttpServer2.java:addFilter(948)) - Added filter static_user_filter (class=org.apache.hadoop.http.lib.StaticUserWebFilter$StaticUserFilter) to context hddsDatanode
2019-10-25 05:32:08,070 [main] INFO  http.HttpServer2 (HttpServer2.java:addFilter(958)) - Added filter static_user_filter (class=org.apache.hadoop.http.lib.StaticUserWebFilter$StaticUserFilter) to context logs
2019-10-25 05:32:08,070 [main] INFO  http.HttpServer2 (HttpServer2.java:addFilter(958)) - Added filter static_user_filter (class=org.apache.hadoop.http.lib.StaticUserWebFilter$StaticUserFilter) to context static
2019-10-25 05:32:08,071 [main] INFO  http.HttpServer2 (HttpServer2.java:bindListener(1191)) - Jetty bound to port 40117
2019-10-25 05:32:08,071 [main] INFO  server.Server (Server.java:doStart(351)) - jetty-9.3.25.v20180904, build timestamp: 2018-09-04T21:11:46Z, git hash: 3ce520221d0240229c862b122d2b06c12a625732
2019-10-25 05:32:08,074 [main] INFO  handler.ContextHandler (ContextHandler.java:doStart(781)) - Started o.e.j.s.ServletContextHandler@38bb9d7a{/logs,file:///workdir/hadoop-ozone/integration-test/target/log,AVAILABLE}
2019-10-25 05:32:08,075 [main] INFO  handler.ContextHandler (ContextHandler.java:doStart(781)) - Started o.e.j.s.ServletContextHandler@78d6447a{/static,jar:file:/home/user/.m2/repository/org/apache/hadoop/hadoop-hdds-container-service/0.5.0-SNAPSHOT/hadoop-hdds-container-service-0.5.0-SNAPSHOT.jar!/webapps/static,AVAILABLE}
2019-10-25 05:32:08,110 [main] INFO  handler.ContextHandler (ContextHandler.java:doStart(781)) - Started o.e.j.w.WebAppContext@2f37f1f9{/,file:///tmp/jetty-0.0.0.0-40117-hddsDatanode-_-any-1433679728281969622.dir/webapp/,AVAILABLE}{/hddsDatanode}
2019-10-25 05:32:08,111 [main] INFO  server.AbstractConnector (AbstractConnector.java:doStart(278)) - Started ServerConnector@3374b5bc{HTTP/1.1,[http/1.1]}{0.0.0.0:40117}
2019-10-25 05:32:08,112 [main] INFO  server.Server (Server.java:doStart(419)) - Started @5056ms
2019-10-25 05:32:08,112 [main] WARN  impl.MetricsSystemImpl (MetricsSystemImpl.java:register(276)) - Sink prometheus already exists!
2019-10-25 05:32:08,113 [main] INFO  server.BaseHttpServer (BaseHttpServer.java:updateConnectorAddress(215)) - HTTP server of HDDSDATANODE is listening at http://0.0.0.0:40117
2019-10-25 05:32:08,114 [main] INFO  impl.MetricsSystemImpl (MetricsSystemImpl.java:init(158)) - HddsDatanode metrics system started (again)
2019-10-25 05:32:08,118 [org.apache.hadoop.util.JvmPauseMonitor$Monitor@32f616eb] INFO  util.JvmPauseMonitor (JvmPauseMonitor.java:run(188)) - Starting JVM pause monitor
2019-10-25 05:32:08,120 [main] INFO  ozone.HddsDatanodeService (HddsDatanodeService.java:start(184)) - HddsDatanodeService host:pr-hdds-1701-29n7p-3046025130 ip:192.168.164.244
2019-10-25 05:32:08,131 [main] INFO  volume.HddsVolume (HddsVolume.java:<init>(176)) - Creating Volume: /workdir/hadoop-ozone/integration-test/target/test-dir/MiniOzoneClusterImpl-8530639b-a9ef-4264-b602-ead7924d693f/datanode-2/data/containers/hdds of  storage type : DISK and capacity : 1482555576320
2019-10-25 05:32:08,132 [main] INFO  volume.VolumeSet (VolumeSet.java:initializeVolumeSet(170)) - Added Volume : /workdir/hadoop-ozone/integration-test/target/test-dir/MiniOzoneClusterImpl-8530639b-a9ef-4264-b602-ead7924d693f/datanode-2/data/containers/hdds to VolumeSet
2019-10-25 05:32:08,132 [main] INFO  volume.ThrottledAsyncChecker (ThrottledAsyncChecker.java:schedule(141)) - Scheduling a check for /workdir/hadoop-ozone/integration-test/target/test-dir/MiniOzoneClusterImpl-8530639b-a9ef-4264-b602-ead7924d693f/datanode-2/data/containers/hdds
2019-10-25 05:32:08,133 [main] INFO  volume.HddsVolumeChecker (HddsVolumeChecker.java:checkAllVolumes(204)) - Scheduled health check for volume /workdir/hadoop-ozone/integration-test/target/test-dir/MiniOzoneClusterImpl-8530639b-a9ef-4264-b602-ead7924d693f/datanode-2/data/containers/hdds
2019-10-25 05:32:08,157 [main] INFO  impl.RaftServerProxy (ConfUtils.java:logGet(43)) - raft.rpc.type = GRPC (default)
2019-10-25 05:32:08,157 [main] INFO  grpc.GrpcFactory (GrpcFactory.java:checkPooledByteBufAllocatorUseCacheForAllThreads(45)) - PERFORMANCE WARNING: useCacheForAllThreads is true that may cause Netty to create a lot garbage objects and, as a result, trigger GC.
	It is recommended to disable useCacheForAllThreads by setting -Dorg.apache.ratis.thirdparty.io.netty.allocator.useCacheForAllThreads=false in command line.
2019-10-25 05:32:08,157 [main] INFO  grpc.GrpcConfigKeys$Server (ConfUtils.java:logGet(43)) - raft.grpc.server.port = 0 (default)
2019-10-25 05:32:08,158 [main] INFO  server.GrpcService (ConfUtils.java:logGet(43)) - raft.grpc.message.size.max = 33570816 (custom)
2019-10-25 05:32:08,158 [main] INFO  server.RaftServerConfigKeys (ConfUtils.java:logGet(43)) - raft.server.log.appender.buffer.byte-limit = 33554432 (custom)
2019-10-25 05:32:08,158 [main] INFO  server.GrpcService (ConfUtils.java:logGet(43)) - raft.grpc.flow.control.window = 1MB (=1048576) (default)
2019-10-25 05:32:08,159 [main] INFO  server.RaftServerConfigKeys (ConfUtils.java:logGet(43)) - raft.server.rpc.request.timeout = 3000ms (default)
2019-10-25 05:32:08,159 [main] INFO  server.RaftServerConfigKeys (ConfUtils.java:logGet(43)) - raft.server.storage.dir = [/workdir/hadoop-ozone/integration-test/target/test-dir/MiniOzoneClusterImpl-8530639b-a9ef-4264-b602-ead7924d693f/datanode-2/data/ratis] (custom)
2019-10-25 05:32:08,160 [Datanode State Machine Thread - 0] INFO  datanode.InitDatanodeState (InitDatanodeState.java:persistContainerDatanodeDetails(140)) - DatanodeDetails is persisted to /workdir/hadoop-ozone/integration-test/target/test-dir/MiniOzoneClusterImpl-8530639b-a9ef-4264-b602-ead7924d693f/datanode-0/meta/datanode.id
2019-10-25 05:32:08,163 [Datanode State Machine Thread - 0] INFO  datanode.InitDatanodeState (InitDatanodeState.java:persistContainerDatanodeDetails(140)) - DatanodeDetails is persisted to /workdir/hadoop-ozone/integration-test/target/test-dir/MiniOzoneClusterImpl-8530639b-a9ef-4264-b602-ead7924d693f/datanode-1/meta/datanode.id
2019-10-25 05:32:08,163 [main] INFO  hdfs.DFSUtil (DFSUtil.java:httpServerTemplateForNNAndJN(1641)) - Starting Web-server for hddsDatanode at: http://0.0.0.0:0
2019-10-25 05:32:08,165 [main] INFO  server.AuthenticationFilter (AuthenticationFilter.java:constructSecretProvider(240)) - Unable to initialize FileSignerSecretProvider, falling back to use random secrets.
2019-10-25 05:32:08,166 [main] WARN  http.HttpRequestLog (HttpRequestLog.java:getRequestLog(97)) - Jetty request log can only be enabled using Log4j
2019-10-25 05:32:08,168 [main] INFO  http.HttpServer2 (HttpServer2.java:addGlobalFilter(975)) - Added global filter 'safety' (class=org.apache.hadoop.http.HttpServer2$QuotingInputFilter)
2019-10-25 05:32:08,169 [main] INFO  http.HttpServer2 (HttpServer2.java:addFilter(948)) - Added filter static_user_filter (class=org.apache.hadoop.http.lib.StaticUserWebFilter$StaticUserFilter) to context hddsDatanode
2019-10-25 05:32:08,169 [main] INFO  http.HttpServer2 (HttpServer2.java:addFilter(958)) - Added filter static_user_filter (class=org.apache.hadoop.http.lib.StaticUserWebFilter$StaticUserFilter) to context static
2019-10-25 05:32:08,169 [main] INFO  http.HttpServer2 (HttpServer2.java:addFilter(958)) - Added filter static_user_filter (class=org.apache.hadoop.http.lib.StaticUserWebFilter$StaticUserFilter) to context logs
2019-10-25 05:32:08,170 [main] INFO  http.HttpServer2 (HttpServer2.java:bindListener(1191)) - Jetty bound to port 38841
2019-10-25 05:32:08,170 [main] INFO  server.Server (Server.java:doStart(351)) - jetty-9.3.25.v20180904, build timestamp: 2018-09-04T21:11:46Z, git hash: 3ce520221d0240229c862b122d2b06c12a625732
2019-10-25 05:32:08,173 [main] INFO  handler.ContextHandler (ContextHandler.java:doStart(781)) - Started o.e.j.s.ServletContextHandler@e5cbff2{/logs,file:///workdir/hadoop-ozone/integration-test/target/log,AVAILABLE}
2019-10-25 05:32:08,174 [main] INFO  handler.ContextHandler (ContextHandler.java:doStart(781)) - Started o.e.j.s.ServletContextHandler@4fc3c165{/static,jar:file:/home/user/.m2/repository/org/apache/hadoop/hadoop-hdds-container-service/0.5.0-SNAPSHOT/hadoop-hdds-container-service-0.5.0-SNAPSHOT.jar!/webapps/static,AVAILABLE}
2019-10-25 05:32:08,210 [main] INFO  handler.ContextHandler (ContextHandler.java:doStart(781)) - Started o.e.j.w.WebAppContext@70228253{/,file:///tmp/jetty-0.0.0.0-38841-hddsDatanode-_-any-4977313599861554775.dir/webapp/,AVAILABLE}{/hddsDatanode}
2019-10-25 05:32:08,211 [main] INFO  server.AbstractConnector (AbstractConnector.java:doStart(278)) - Started ServerConnector@63c12e52{HTTP/1.1,[http/1.1]}{0.0.0.0:38841}
2019-10-25 05:32:08,211 [main] INFO  server.Server (Server.java:doStart(419)) - Started @5155ms
2019-10-25 05:32:08,211 [main] WARN  impl.MetricsSystemImpl (MetricsSystemImpl.java:register(276)) - Sink prometheus already exists!
2019-10-25 05:32:08,213 [main] INFO  server.BaseHttpServer (BaseHttpServer.java:updateConnectorAddress(215)) - HTTP server of HDDSDATANODE is listening at http://0.0.0.0:38841
2019-10-25 05:32:08,215 [main] INFO  ozone.MiniOzoneClusterImpl (MiniOzoneClusterImpl.java:lambda$waitForClusterToBeReady$0(147)) - Waiting for cluster to be ready. Got 0 of 3 DN Heartbeats.
2019-10-25 05:32:08,216 [org.apache.hadoop.util.JvmPauseMonitor$Monitor@1332d27] INFO  util.JvmPauseMonitor (JvmPauseMonitor.java:run(188)) - Starting JVM pause monitor
2019-10-25 05:32:08,219 [Datanode State Machine Thread - 0] INFO  datanode.InitDatanodeState (InitDatanodeState.java:persistContainerDatanodeDetails(140)) - DatanodeDetails is persisted to /workdir/hadoop-ozone/integration-test/target/test-dir/MiniOzoneClusterImpl-8530639b-a9ef-4264-b602-ead7924d693f/datanode-2/meta/datanode.id
2019-10-25 05:32:09,216 [main] INFO  ozone.MiniOzoneClusterImpl (MiniOzoneClusterImpl.java:lambda$waitForClusterToBeReady$0(147)) - Waiting for cluster to be ready. Got 0 of 3 DN Heartbeats.
2019-10-25 05:32:10,115 [Datanode State Machine Thread - 0] INFO  ozoneimpl.OzoneContainer (OzoneContainer.java:start(213)) - Attempting to start container services.
2019-10-25 05:32:10,119 [Datanode State Machine Thread - 0] INFO  ozoneimpl.OzoneContainer (OzoneContainer.java:startContainerScrub(177)) - Background container scanner has been disabled.
2019-10-25 05:32:10,120 [Datanode State Machine Thread - 0] INFO  ratis.XceiverServerRatis (XceiverServerRatis.java:start(418)) - Starting XceiverServerRatis 9484238f-0427-4b0f-b3b9-a493ba149161 at port 0
2019-10-25 05:32:10,136 [Datanode State Machine Thread - 0] INFO  ozoneimpl.OzoneContainer (OzoneContainer.java:start(213)) - Attempting to start container services.
2019-10-25 05:32:10,142 [Datanode State Machine Thread - 0] INFO  ozoneimpl.OzoneContainer (OzoneContainer.java:startContainerScrub(177)) - Background container scanner has been disabled.
2019-10-25 05:32:10,142 [Datanode State Machine Thread - 0] INFO  ratis.XceiverServerRatis (XceiverServerRatis.java:start(418)) - Starting XceiverServerRatis a05bcb01-8262-4b6c-960b-c3a46ef8bd63 at port 0
2019-10-25 05:32:10,149 [Datanode State Machine Thread - 0] INFO  impl.RaftServerProxy (RaftServerProxy.java:lambda$start$3(299)) - 9484238f-0427-4b0f-b3b9-a493ba149161: start RPC server
2019-10-25 05:32:10,155 [Datanode State Machine Thread - 0] INFO  impl.RaftServerProxy (RaftServerProxy.java:lambda$start$3(299)) - a05bcb01-8262-4b6c-960b-c3a46ef8bd63: start RPC server
2019-10-25 05:32:10,216 [main] INFO  ozone.MiniOzoneClusterImpl (MiniOzoneClusterImpl.java:lambda$waitForClusterToBeReady$0(147)) - Waiting for cluster to be ready. Got 0 of 3 DN Heartbeats.
2019-10-25 05:32:10,232 [Datanode State Machine Thread - 0] INFO  ozoneimpl.OzoneContainer (OzoneContainer.java:start(213)) - Attempting to start container services.
2019-10-25 05:32:10,233 [Datanode State Machine Thread - 0] INFO  ozoneimpl.OzoneContainer (OzoneContainer.java:startContainerScrub(177)) - Background container scanner has been disabled.
2019-10-25 05:32:10,234 [Datanode State Machine Thread - 0] INFO  ratis.XceiverServerRatis (XceiverServerRatis.java:start(418)) - Starting XceiverServerRatis 4ce8dd57-9997-4466-b69c-bdc1e0ed84f6 at port 0
2019-10-25 05:32:10,243 [Datanode State Machine Thread - 0] INFO  impl.RaftServerProxy (RaftServerProxy.java:lambda$start$3(299)) - 4ce8dd57-9997-4466-b69c-bdc1e0ed84f6: start RPC server
2019-10-25 05:32:10,316 [Datanode State Machine Thread - 0] INFO  server.GrpcService (GrpcService.java:startImpl(158)) - a05bcb01-8262-4b6c-960b-c3a46ef8bd63: GrpcService started, listening on 0.0.0.0/0.0.0.0:44076
2019-10-25 05:32:10,316 [Datanode State Machine Thread - 0] INFO  server.GrpcService (GrpcService.java:startImpl(158)) - 9484238f-0427-4b0f-b3b9-a493ba149161: GrpcService started, listening on 0.0.0.0/0.0.0.0:33617
2019-10-25 05:32:10,316 [Datanode State Machine Thread - 0] INFO  server.GrpcService (GrpcService.java:startImpl(158)) - 4ce8dd57-9997-4466-b69c-bdc1e0ed84f6: GrpcService started, listening on 0.0.0.0/0.0.0.0:37504
2019-10-25 05:32:10,317 [Datanode State Machine Thread - 0] INFO  ratis.XceiverServerRatis (XceiverServerRatis.java:start(428)) - XceiverServerRatis 9484238f-0427-4b0f-b3b9-a493ba149161 is started using port 33617
2019-10-25 05:32:10,317 [Datanode State Machine Thread - 0] INFO  ratis.XceiverServerRatis (XceiverServerRatis.java:start(428)) - XceiverServerRatis a05bcb01-8262-4b6c-960b-c3a46ef8bd63 is started using port 44076
2019-10-25 05:32:10,317 [Datanode State Machine Thread - 0] INFO  ratis.XceiverServerRatis (XceiverServerRatis.java:start(428)) - XceiverServerRatis 4ce8dd57-9997-4466-b69c-bdc1e0ed84f6 is started using port 37504
2019-10-25 05:32:10,322 [Datanode State Machine Thread - 0] INFO  server.XceiverServerGrpc (XceiverServerGrpc.java:start(149)) - XceiverServerGrpc 4ce8dd57-9997-4466-b69c-bdc1e0ed84f6 is started using port 41061
2019-10-25 05:32:10,322 [Datanode State Machine Thread - 0] INFO  server.XceiverServerGrpc (XceiverServerGrpc.java:start(149)) - XceiverServerGrpc 9484238f-0427-4b0f-b3b9-a493ba149161 is started using port 40030
2019-10-25 05:32:10,322 [Datanode State Machine Thread - 0] INFO  server.XceiverServerGrpc (XceiverServerGrpc.java:start(149)) - XceiverServerGrpc a05bcb01-8262-4b6c-960b-c3a46ef8bd63 is started using port 35420
2019-10-25 05:32:11,218 [main] INFO  ozone.MiniOzoneClusterImpl (MiniOzoneClusterImpl.java:lambda$waitForClusterToBeReady$0(147)) - Waiting for cluster to be ready. Got 0 of 3 DN Heartbeats.
2019-10-25 05:32:12,063 [IPC Server handler 0 on 34313] INFO  net.NetworkTopology (NetworkTopologyImpl.java:add(111)) - Added a new node: /default-rack/9484238f-0427-4b0f-b3b9-a493ba149161
2019-10-25 05:32:12,066 [IPC Server handler 0 on 34313] INFO  node.SCMNodeManager (SCMNodeManager.java:register(268)) - Registered Data node : 9484238f-0427-4b0f-b3b9-a493ba149161{ip: 192.168.164.244, host: pr-hdds-1701-29n7p-3046025130, networkLocation: /default-rack, certSerialId: null}
2019-10-25 05:32:12,073 [EventQueue-NodeRegistrationContainerReportForDataNodeSafeModeRule] INFO  safemode.SCMSafeModeManager (DataNodeSafeModeRule.java:process(71)) - SCM in safe mode. 1 DataNodes registered, 1 required.
2019-10-25 05:32:12,073 [EventQueue-NodeRegistrationContainerReportForDataNodeSafeModeRule] INFO  safemode.SCMSafeModeManager (SCMSafeModeManager.java:validateSafeModeExitRules(177)) - ScmSafeModeManager, all rules are successfully validated
2019-10-25 05:32:12,073 [EventQueue-NodeRegistrationContainerReportForDataNodeSafeModeRule] INFO  safemode.SCMSafeModeManager (SCMSafeModeManager.java:exitSafeMode(193)) - SCM exiting safe mode.
2019-10-25 05:32:12,122 [IPC Server handler 1 on 34313] INFO  net.NetworkTopology (NetworkTopologyImpl.java:add(111)) - Added a new node: /default-rack/a05bcb01-8262-4b6c-960b-c3a46ef8bd63
2019-10-25 05:32:12,123 [IPC Server handler 1 on 34313] INFO  node.SCMNodeManager (SCMNodeManager.java:register(268)) - Registered Data node : a05bcb01-8262-4b6c-960b-c3a46ef8bd63{ip: 192.168.164.244, host: pr-hdds-1701-29n7p-3046025130, networkLocation: /default-rack, certSerialId: null}
2019-10-25 05:32:12,219 [main] INFO  ozone.MiniOzoneClusterImpl (MiniOzoneClusterImpl.java:lambda$waitForClusterToBeReady$0(147)) - Waiting for cluster to be ready. Got 2 of 3 DN Heartbeats.
2019-10-25 05:32:12,220 [IPC Server handler 3 on 34313] INFO  net.NetworkTopology (NetworkTopologyImpl.java:add(111)) - Added a new node: /default-rack/4ce8dd57-9997-4466-b69c-bdc1e0ed84f6
2019-10-25 05:32:12,220 [IPC Server handler 3 on 34313] INFO  node.SCMNodeManager (SCMNodeManager.java:register(268)) - Registered Data node : 4ce8dd57-9997-4466-b69c-bdc1e0ed84f6{ip: 192.168.164.244, host: pr-hdds-1701-29n7p-3046025130, networkLocation: /default-rack, certSerialId: null}
2019-10-25 05:32:12,597 [grpc-default-executor-0] INFO  impl.RaftServerProxy (RaftServerProxy.java:addNew(89)) - 9484238f-0427-4b0f-b3b9-a493ba149161: addNew group-F18A6A10DBD3:[9484238f-0427-4b0f-b3b9-a493ba149161:192.168.164.244:33617] returns group-F18A6A10DBD3:java.util.concurrent.CompletableFuture@54a5a01c[Not completed]
2019-10-25 05:32:12,613 [pool-27-thread-1] INFO  impl.RaftServerImpl (RaftServerImpl.java:<init>(98)) - 9484238f-0427-4b0f-b3b9-a493ba149161: new RaftServerImpl for group-F18A6A10DBD3:[9484238f-0427-4b0f-b3b9-a493ba149161:192.168.164.244:33617] with ContainerStateMachine:uninitialized
2019-10-25 05:32:12,616 [pool-27-thread-1] INFO  server.RaftServerConfigKeys (ConfUtils.java:logGet(43)) - raft.server.rpc.timeout.min = 5s (custom)
2019-10-25 05:32:12,617 [pool-27-thread-1] INFO  server.RaftServerConfigKeys (ConfUtils.java:logGet(43)) - raft.server.rpc.timeout.max = 5200ms (custom)
2019-10-25 05:32:12,618 [pool-27-thread-1] INFO  server.RaftServerConfigKeys (ConfUtils.java:logGet(43)) - raft.server.rpcslowness.timeout = 1000s (custom)
2019-10-25 05:32:12,619 [pool-27-thread-1] INFO  server.RaftServerConfigKeys (ConfUtils.java:logGet(43)) - raft.server.sleep.deviation.threshold = 300 (default)
2019-10-25 05:32:12,620 [pool-27-thread-1] INFO  server.RaftServerConfigKeys (ConfUtils.java:logGet(43)) - raft.server.log.appender.install.snapshot.enabled = false (custom)
2019-10-25 05:32:12,630 [pool-27-thread-1] INFO  impl.RaftServerImpl (ServerState.java:<init>(103)) - 9484238f-0427-4b0f-b3b9-a493ba149161@group-F18A6A10DBD3: ConfigurationManager, init=-1: [9484238f-0427-4b0f-b3b9-a493ba149161:192.168.164.244:33617], old=null, confs=<EMPTY_MAP>
2019-10-25 05:32:12,630 [pool-27-thread-1] INFO  server.RaftServerConfigKeys (ConfUtils.java:logGet(43)) - raft.server.storage.dir = [/workdir/hadoop-ozone/integration-test/target/test-dir/MiniOzoneClusterImpl-8530639b-a9ef-4264-b602-ead7924d693f/datanode-0/data/ratis] (custom)
2019-10-25 05:32:12,638 [pool-27-thread-1] INFO  server.RaftServerConfigKeys (ConfUtils.java:logGet(43)) - raft.server.log.corruption.policy = EXCEPTION (default)
2019-10-25 05:32:12,640 [pool-27-thread-1] INFO  storage.RaftStorageDirectory (RaftStorageDirectory.java:analyzeStorage(246)) - The storage directory /workdir/hadoop-ozone/integration-test/target/test-dir/MiniOzoneClusterImpl-8530639b-a9ef-4264-b602-ead7924d693f/datanode-0/data/ratis/8f947bb6-13de-4364-8238-f18a6a10dbd3 does not exist. Creating ...
2019-10-25 05:32:12,658 [pool-27-thread-1] INFO  storage.RaftStorageDirectory (RaftStorageDirectory.java:tryLock(328)) - Lock on /workdir/hadoop-ozone/integration-test/target/test-dir/MiniOzoneClusterImpl-8530639b-a9ef-4264-b602-ead7924d693f/datanode-0/data/ratis/8f947bb6-13de-4364-8238-f18a6a10dbd3/in_use.lock acquired by nodename 16345@pr-hdds-1701-29n7p-3046025130
2019-10-25 05:32:12,674 [pool-27-thread-1] INFO  storage.RaftStorage (RaftStorage.java:format(84)) - Storage directory /workdir/hadoop-ozone/integration-test/target/test-dir/MiniOzoneClusterImpl-8530639b-a9ef-4264-b602-ead7924d693f/datanode-0/data/ratis/8f947bb6-13de-4364-8238-f18a6a10dbd3 has been successfully formatted.
2019-10-25 05:32:12,677 [pool-27-thread-1] INFO  ratis.ContainerStateMachine (ContainerStateMachine.java:loadSnapshot(231)) - group-F18A6A10DBD3: The snapshot info is null. Setting the last applied indexto:(t:0, i:~)
2019-10-25 05:32:12,678 [pool-27-thread-1] INFO  server.RaftServerConfigKeys (ConfUtils.java:logGet(43)) - raft.server.notification.no-leader.timeout = 1000s (custom)
2019-10-25 05:32:12,680 [pool-27-thread-1] INFO  server.RaftServerConfigKeys (ConfUtils.java:logGet(43)) - raft.server.log.use.memory = false (default)
2019-10-25 05:32:12,686 [pool-27-thread-1] INFO  server.RaftServerConfigKeys (ConfUtils.java:logGet(43)) - raft.server.log.purge.gap = 1000000 (custom)
2019-10-25 05:32:12,686 [pool-27-thread-1] INFO  server.RaftServerConfigKeys (ConfUtils.java:logGet(43)) - raft.server.log.appender.buffer.byte-limit = 33554432 (custom)
2019-10-25 05:32:12,688 [pool-27-thread-1] INFO  server.RaftServerConfigKeys (ConfUtils.java:logGet(43)) - raft.server.log.segment.size.max = 1048576 (custom)
2019-10-25 05:32:12,693 [pool-27-thread-1] INFO  metrics.MetricRegistries (MetricRegistriesLoader.java:load(64)) - Loaded MetricRegistries class org.apache.ratis.metrics.impl.MetricRegistriesImpl
2019-10-25 05:32:12,697 [pool-27-thread-1] WARN  impl.MetricRegistriesImpl (MetricRegistriesImpl.java:lambda$create$1(61)) - First MetricRegistry has been created without registering reporters. You may need to call MetricRegistries.global().addReportRegistration(...) before.
2019-10-25 05:32:12,704 [pool-27-thread-1] INFO  server.RaftServerConfigKeys (ConfUtils.java:logGet(43)) - raft.server.log.segment.cache.num.max = 2 (custom)
2019-10-25 05:32:12,709 [pool-27-thread-1] INFO  segmented.SegmentedRaftLogWorker (SegmentedRaftLogWorker.java:<init>(173)) - new 9484238f-0427-4b0f-b3b9-a493ba149161@group-F18A6A10DBD3-SegmentedRaftLogWorker for RaftStorage:Storage Directory /workdir/hadoop-ozone/integration-test/target/test-dir/MiniOzoneClusterImpl-8530639b-a9ef-4264-b602-ead7924d693f/datanode-0/data/ratis/8f947bb6-13de-4364-8238-f18a6a10dbd3
2019-10-25 05:32:12,710 [pool-27-thread-1] INFO  server.RaftServerConfigKeys (ConfUtils.java:logGet(43)) - raft.server.log.queue.byte-limit = 2147483647 (custom)
2019-10-25 05:32:12,711 [pool-27-thread-1] INFO  server.RaftServerConfigKeys (ConfUtils.java:logGet(43)) - raft.server.log.queue.element-limit = 1024 (custom)
2019-10-25 05:32:12,712 [pool-27-thread-1] INFO  server.RaftServerConfigKeys (ConfUtils.java:logGet(43)) - raft.server.log.segment.size.max = 1048576 (custom)
2019-10-25 05:32:12,712 [pool-27-thread-1] INFO  server.RaftServerConfigKeys (ConfUtils.java:logGet(43)) - raft.server.log.preallocated.size = 16384 (custom)
2019-10-25 05:32:12,713 [pool-27-thread-1] INFO  server.RaftServerConfigKeys (ConfUtils.java:logGet(43)) - raft.server.log.write.buffer.size = 33554432 (custom)
2019-10-25 05:32:12,714 [pool-27-thread-1] INFO  server.RaftServerConfigKeys (ConfUtils.java:logGet(43)) - raft.server.log.force.sync.num = 128 (default)
2019-10-25 05:32:12,715 [pool-27-thread-1] INFO  server.RaftServerConfigKeys (ConfUtils.java:logGet(43)) - raft.server.log.statemachine.data.sync = true (default)
2019-10-25 05:32:12,715 [pool-27-thread-1] INFO  server.RaftServerConfigKeys (ConfUtils.java:logGet(43)) - raft.server.log.statemachine.data.sync.timeout = 10s (default)
2019-10-25 05:32:12,715 [pool-27-thread-1] INFO  server.RaftServerConfigKeys (ConfUtils.java:logGet(43)) - raft.server.log.statemachine.data.sync.timeout.retry = -1 (default)
2019-10-25 05:32:12,725 [pool-27-thread-1] INFO  server.RaftServerConfigKeys (ConfUtils.java:logGet(43)) - raft.server.log.statemachine.data.caching.enabled = true (custom)
2019-10-25 05:32:12,730 [pool-27-thread-1] INFO  segmented.SegmentedRaftLogWorker (SegmentedRaftLogWorker.java:lambda$new$0(128)) - 9484238f-0427-4b0f-b3b9-a493ba149161@group-F18A6A10DBD3-SegmentedRaftLogWorker: flushIndex: setUnconditionally 0 -> -1
2019-10-25 05:32:12,734 [pool-27-thread-1] INFO  server.RaftServerConfigKeys (ConfUtils.java:logGet(43)) - raft.server.snapshot.auto.trigger.enabled = true (custom)
2019-10-25 05:32:12,735 [pool-27-thread-1] INFO  server.RaftServerConfigKeys (ConfUtils.java:logGet(43)) - raft.server.snapshot.auto.trigger.threshold = 10000 (custom)
2019-10-25 05:32:12,735 [pool-27-thread-1] INFO  server.RaftServerConfigKeys (ConfUtils.java:logGet(43)) - raft.server.snapshot.retention.file.num = 5 (custom)
2019-10-25 05:32:12,736 [pool-27-thread-1] INFO  server.RaftServerConfigKeys (ConfUtils.java:logGet(43)) - raft.server.retrycache.expirytime = 600000ms (custom)
2019-10-25 05:32:12,754 [pool-27-thread-1] WARN  impl.MetricRegistriesImpl (MetricRegistriesImpl.java:lambda$create$1(61)) - First MetricRegistry has been created without registering reporters. You may need to call MetricRegistries.global().addReportRegistration(...) before.
2019-10-25 05:32:12,756 [pool-27-thread-1] WARN  impl.MetricRegistriesImpl (MetricRegistriesImpl.java:lambda$create$1(61)) - First MetricRegistry has been created without registering reporters. You may need to call MetricRegistries.global().addReportRegistration(...) before.
2019-10-25 05:32:12,758 [pool-27-thread-1] INFO  impl.RaftServerImpl (RaftServerImpl.java:start(184)) - 9484238f-0427-4b0f-b3b9-a493ba149161@group-F18A6A10DBD3: start as a follower, conf=-1: [9484238f-0427-4b0f-b3b9-a493ba149161:192.168.164.244:33617], old=null
2019-10-25 05:32:12,759 [pool-27-thread-1] INFO  impl.RaftServerImpl (RaftServerImpl.java:setRole(173)) - 9484238f-0427-4b0f-b3b9-a493ba149161@group-F18A6A10DBD3: changes role from      null to FOLLOWER at term 0 for startAsFollower
2019-10-25 05:32:12,760 [pool-27-thread-1] INFO  impl.RoleInfo (RoleInfo.java:updateAndGet(143)) - 9484238f-0427-4b0f-b3b9-a493ba149161: start FollowerState
2019-10-25 05:32:12,761 [pool-27-thread-1] INFO  util.JmxRegister (JmxRegister.java:tryRegister(44)) - Successfully registered JMX Bean with object name Ratis:service=RaftServer,group=group-F18A6A10DBD3,id=9484238f-0427-4b0f-b3b9-a493ba149161
2019-10-25 05:32:12,763 [pool-27-thread-1] WARN  impl.MetricRegistriesImpl (MetricRegistriesImpl.java:lambda$create$1(61)) - First MetricRegistry has been created without registering reporters. You may need to call MetricRegistries.global().addReportRegistration(...) before.
2019-10-25 05:32:12,825 [RatisPipelineUtilsThread] INFO  pipeline.PipelineStateManager (PipelineStateManager.java:addPipeline(56)) - Created pipeline Pipeline[ Id: 8f947bb6-13de-4364-8238-f18a6a10dbd3, Nodes: 9484238f-0427-4b0f-b3b9-a493ba149161{ip: 192.168.164.244, host: pr-hdds-1701-29n7p-3046025130, networkLocation: /default-rack, certSerialId: null}, Type:RATIS, Factor:ONE, State:OPEN]
2019-10-25 05:32:12,845 [grpc-default-executor-0] INFO  impl.RaftServerProxy (RaftServerProxy.java:addNew(89)) - a05bcb01-8262-4b6c-960b-c3a46ef8bd63: addNew group-939A5C71540C:[a05bcb01-8262-4b6c-960b-c3a46ef8bd63:192.168.164.244:44076] returns group-939A5C71540C:java.util.concurrent.CompletableFuture@126e488[Not completed]
2019-10-25 05:32:12,869 [pool-37-thread-1] INFO  impl.RaftServerImpl (RaftServerImpl.java:<init>(98)) - a05bcb01-8262-4b6c-960b-c3a46ef8bd63: new RaftServerImpl for group-939A5C71540C:[a05bcb01-8262-4b6c-960b-c3a46ef8bd63:192.168.164.244:44076] with ContainerStateMachine:uninitialized
2019-10-25 05:32:12,870 [pool-37-thread-1] INFO  server.RaftServerConfigKeys (ConfUtils.java:logGet(43)) - raft.server.rpc.timeout.min = 5s (custom)
2019-10-25 05:32:12,870 [pool-37-thread-1] INFO  server.RaftServerConfigKeys (ConfUtils.java:logGet(43)) - raft.server.rpc.timeout.max = 5200ms (custom)
2019-10-25 05:32:12,870 [pool-37-thread-1] INFO  server.RaftServerConfigKeys (ConfUtils.java:logGet(43)) - raft.server.rpcslowness.timeout = 1000s (custom)
2019-10-25 05:32:12,870 [pool-37-thread-1] INFO  server.RaftServerConfigKeys (ConfUtils.java:logGet(43)) - raft.server.sleep.deviation.threshold = 300 (default)
2019-10-25 05:32:12,871 [pool-37-thread-1] INFO  server.RaftServerConfigKeys (ConfUtils.java:logGet(43)) - raft.server.log.appender.install.snapshot.enabled = false (custom)
2019-10-25 05:32:12,871 [pool-37-thread-1] INFO  impl.RaftServerImpl (ServerState.java:<init>(103)) - a05bcb01-8262-4b6c-960b-c3a46ef8bd63@group-939A5C71540C: ConfigurationManager, init=-1: [a05bcb01-8262-4b6c-960b-c3a46ef8bd63:192.168.164.244:44076], old=null, confs=<EMPTY_MAP>
2019-10-25 05:32:12,871 [pool-37-thread-1] INFO  server.RaftServerConfigKeys (ConfUtils.java:logGet(43)) - raft.server.storage.dir = [/workdir/hadoop-ozone/integration-test/target/test-dir/MiniOzoneClusterImpl-8530639b-a9ef-4264-b602-ead7924d693f/datanode-1/data/ratis] (custom)
2019-10-25 05:32:12,871 [pool-37-thread-1] INFO  server.RaftServerConfigKeys (ConfUtils.java:logGet(43)) - raft.server.log.corruption.policy = EXCEPTION (default)
2019-10-25 05:32:12,872 [pool-37-thread-1] INFO  storage.RaftStorageDirectory (RaftStorageDirectory.java:analyzeStorage(246)) - The storage directory /workdir/hadoop-ozone/integration-test/target/test-dir/MiniOzoneClusterImpl-8530639b-a9ef-4264-b602-ead7924d693f/datanode-1/data/ratis/3ff13f83-dcf9-4310-aab9-939a5c71540c does not exist. Creating ...
2019-10-25 05:32:12,885 [pool-37-thread-1] INFO  storage.RaftStorageDirectory (RaftStorageDirectory.java:tryLock(328)) - Lock on /workdir/hadoop-ozone/integration-test/target/test-dir/MiniOzoneClusterImpl-8530639b-a9ef-4264-b602-ead7924d693f/datanode-1/data/ratis/3ff13f83-dcf9-4310-aab9-939a5c71540c/in_use.lock acquired by nodename 16345@pr-hdds-1701-29n7p-3046025130
2019-10-25 05:32:12,898 [pool-37-thread-1] INFO  storage.RaftStorage (RaftStorage.java:format(84)) - Storage directory /workdir/hadoop-ozone/integration-test/target/test-dir/MiniOzoneClusterImpl-8530639b-a9ef-4264-b602-ead7924d693f/datanode-1/data/ratis/3ff13f83-dcf9-4310-aab9-939a5c71540c has been successfully formatted.
2019-10-25 05:32:12,899 [pool-37-thread-1] INFO  ratis.ContainerStateMachine (ContainerStateMachine.java:loadSnapshot(231)) - group-939A5C71540C: The snapshot info is null. Setting the last applied indexto:(t:0, i:~)
2019-10-25 05:32:12,900 [pool-37-thread-1] INFO  server.RaftServerConfigKeys (ConfUtils.java:logGet(43)) - raft.server.notification.no-leader.timeout = 1000s (custom)
2019-10-25 05:32:12,900 [pool-37-thread-1] INFO  server.RaftServerConfigKeys (ConfUtils.java:logGet(43)) - raft.server.log.use.memory = false (default)
2019-10-25 05:32:12,900 [pool-37-thread-1] INFO  server.RaftServerConfigKeys (ConfUtils.java:logGet(43)) - raft.server.log.purge.gap = 1000000 (custom)
2019-10-25 05:32:12,900 [pool-37-thread-1] INFO  server.RaftServerConfigKeys (ConfUtils.java:logGet(43)) - raft.server.log.appender.buffer.byte-limit = 33554432 (custom)
2019-10-25 05:32:12,900 [pool-37-thread-1] INFO  server.RaftServerConfigKeys (ConfUtils.java:logGet(43)) - raft.server.log.segment.size.max = 1048576 (custom)
2019-10-25 05:32:12,900 [pool-37-thread-1] WARN  impl.MetricRegistriesImpl (MetricRegistriesImpl.java:lambda$create$1(61)) - First MetricRegistry has been created without registering reporters. You may need to call MetricRegistries.global().addReportRegistration(...) before.
2019-10-25 05:32:12,901 [pool-37-thread-1] INFO  server.RaftServerConfigKeys (ConfUtils.java:logGet(43)) - raft.server.log.segment.cache.num.max = 2 (custom)
2019-10-25 05:32:12,901 [pool-37-thread-1] INFO  segmented.SegmentedRaftLogWorker (SegmentedRaftLogWorker.java:<init>(173)) - new a05bcb01-8262-4b6c-960b-c3a46ef8bd63@group-939A5C71540C-SegmentedRaftLogWorker for RaftStorage:Storage Directory /workdir/hadoop-ozone/integration-test/target/test-dir/MiniOzoneClusterImpl-8530639b-a9ef-4264-b602-ead7924d693f/datanode-1/data/ratis/3ff13f83-dcf9-4310-aab9-939a5c71540c
2019-10-25 05:32:12,901 [pool-37-thread-1] INFO  server.RaftServerConfigKeys (ConfUtils.java:logGet(43)) - raft.server.log.queue.byte-limit = 2147483647 (custom)
2019-10-25 05:32:12,901 [pool-37-thread-1] INFO  server.RaftServerConfigKeys (ConfUtils.java:logGet(43)) - raft.server.log.queue.element-limit = 1024 (custom)
2019-10-25 05:32:12,902 [pool-37-thread-1] INFO  server.RaftServerConfigKeys (ConfUtils.java:logGet(43)) - raft.server.log.segment.size.max = 1048576 (custom)
2019-10-25 05:32:12,902 [pool-37-thread-1] INFO  server.RaftServerConfigKeys (ConfUtils.java:logGet(43)) - raft.server.log.preallocated.size = 16384 (custom)
2019-10-25 05:32:12,902 [pool-37-thread-1] INFO  server.RaftServerConfigKeys (ConfUtils.java:logGet(43)) - raft.server.log.write.buffer.size = 33554432 (custom)
2019-10-25 05:32:12,902 [pool-37-thread-1] INFO  server.RaftServerConfigKeys (ConfUtils.java:logGet(43)) - raft.server.log.force.sync.num = 128 (default)
2019-10-25 05:32:12,902 [pool-37-thread-1] INFO  server.RaftServerConfigKeys (ConfUtils.java:logGet(43)) - raft.server.log.statemachine.data.sync = true (default)
2019-10-25 05:32:12,902 [pool-37-thread-1] INFO  server.RaftServerConfigKeys (ConfUtils.java:logGet(43)) - raft.server.log.statemachine.data.sync.timeout = 10s (default)
2019-10-25 05:32:12,902 [pool-37-thread-1] INFO  server.RaftServerConfigKeys (ConfUtils.java:logGet(43)) - raft.server.log.statemachine.data.sync.timeout.retry = -1 (default)
2019-10-25 05:32:12,903 [pool-37-thread-1] INFO  server.RaftServerConfigKeys (ConfUtils.java:logGet(43)) - raft.server.log.statemachine.data.caching.enabled = true (custom)
2019-10-25 05:32:12,903 [pool-37-thread-1] INFO  segmented.SegmentedRaftLogWorker (SegmentedRaftLogWorker.java:lambda$new$0(128)) - a05bcb01-8262-4b6c-960b-c3a46ef8bd63@group-939A5C71540C-SegmentedRaftLogWorker: flushIndex: setUnconditionally 0 -> -1
2019-10-25 05:32:12,903 [pool-37-thread-1] INFO  server.RaftServerConfigKeys (ConfUtils.java:logGet(43)) - raft.server.snapshot.auto.trigger.enabled = true (custom)
2019-10-25 05:32:12,903 [pool-37-thread-1] INFO  server.RaftServerConfigKeys (ConfUtils.java:logGet(43)) - raft.server.snapshot.auto.trigger.threshold = 10000 (custom)
2019-10-25 05:32:12,903 [pool-37-thread-1] INFO  server.RaftServerConfigKeys (ConfUtils.java:logGet(43)) - raft.server.snapshot.retention.file.num = 5 (custom)
2019-10-25 05:32:12,904 [pool-37-thread-1] INFO  server.RaftServerConfigKeys (ConfUtils.java:logGet(43)) - raft.server.retrycache.expirytime = 600000ms (custom)
2019-10-25 05:32:12,904 [pool-37-thread-1] WARN  impl.MetricRegistriesImpl (MetricRegistriesImpl.java:lambda$create$1(61)) - First MetricRegistry has been created without registering reporters. You may need to call MetricRegistries.global().addReportRegistration(...) before.
2019-10-25 05:32:12,904 [pool-37-thread-1] WARN  impl.MetricRegistriesImpl (MetricRegistriesImpl.java:lambda$create$1(61)) - First MetricRegistry has been created without registering reporters. You may need to call MetricRegistries.global().addReportRegistration(...) before.
2019-10-25 05:32:12,904 [pool-37-thread-1] INFO  impl.RaftServerImpl (RaftServerImpl.java:start(184)) - a05bcb01-8262-4b6c-960b-c3a46ef8bd63@group-939A5C71540C: start as a follower, conf=-1: [a05bcb01-8262-4b6c-960b-c3a46ef8bd63:192.168.164.244:44076], old=null
2019-10-25 05:32:12,904 [pool-37-thread-1] INFO  impl.RaftServerImpl (RaftServerImpl.java:setRole(173)) - a05bcb01-8262-4b6c-960b-c3a46ef8bd63@group-939A5C71540C: changes role from      null to FOLLOWER at term 0 for startAsFollower
2019-10-25 05:32:12,904 [pool-37-thread-1] INFO  impl.RoleInfo (RoleInfo.java:updateAndGet(143)) - a05bcb01-8262-4b6c-960b-c3a46ef8bd63: start FollowerState
2019-10-25 05:32:12,905 [pool-37-thread-1] INFO  util.JmxRegister (JmxRegister.java:tryRegister(44)) - Successfully registered JMX Bean with object name Ratis:service=RaftServer,group=group-939A5C71540C,id=a05bcb01-8262-4b6c-960b-c3a46ef8bd63
2019-10-25 05:32:12,906 [pool-37-thread-1] WARN  impl.MetricRegistriesImpl (MetricRegistriesImpl.java:lambda$create$1(61)) - First MetricRegistry has been created without registering reporters. You may need to call MetricRegistries.global().addReportRegistration(...) before.
2019-10-25 05:32:12,916 [RatisPipelineUtilsThread] INFO  pipeline.PipelineStateManager (PipelineStateManager.java:addPipeline(56)) - Created pipeline Pipeline[ Id: 3ff13f83-dcf9-4310-aab9-939a5c71540c, Nodes: a05bcb01-8262-4b6c-960b-c3a46ef8bd63{ip: 192.168.164.244, host: pr-hdds-1701-29n7p-3046025130, networkLocation: /default-rack, certSerialId: null}, Type:RATIS, Factor:ONE, State:OPEN]
2019-10-25 05:32:12,936 [grpc-default-executor-0] INFO  impl.RaftServerProxy (RaftServerProxy.java:addNew(89)) - 4ce8dd57-9997-4466-b69c-bdc1e0ed84f6: addNew group-B708A726817B:[4ce8dd57-9997-4466-b69c-bdc1e0ed84f6:192.168.164.244:37504] returns group-B708A726817B:java.util.concurrent.CompletableFuture@b336566[Not completed]
2019-10-25 05:32:12,951 [pool-47-thread-1] INFO  impl.RaftServerImpl (RaftServerImpl.java:<init>(98)) - 4ce8dd57-9997-4466-b69c-bdc1e0ed84f6: new RaftServerImpl for group-B708A726817B:[4ce8dd57-9997-4466-b69c-bdc1e0ed84f6:192.168.164.244:37504] with ContainerStateMachine:uninitialized
2019-10-25 05:32:12,952 [pool-47-thread-1] INFO  server.RaftServerConfigKeys (ConfUtils.java:logGet(43)) - raft.server.rpc.timeout.min = 5s (custom)
2019-10-25 05:32:12,952 [pool-47-thread-1] INFO  server.RaftServerConfigKeys (ConfUtils.java:logGet(43)) - raft.server.rpc.timeout.max = 5200ms (custom)
2019-10-25 05:32:12,952 [pool-47-thread-1] INFO  server.RaftServerConfigKeys (ConfUtils.java:logGet(43)) - raft.server.rpcslowness.timeout = 1000s (custom)
2019-10-25 05:32:12,952 [pool-47-thread-1] INFO  server.RaftServerConfigKeys (ConfUtils.java:logGet(43)) - raft.server.sleep.deviation.threshold = 300 (default)
2019-10-25 05:32:12,953 [pool-47-thread-1] INFO  server.RaftServerConfigKeys (ConfUtils.java:logGet(43)) - raft.server.log.appender.install.snapshot.enabled = false (custom)
2019-10-25 05:32:12,953 [pool-47-thread-1] INFO  impl.RaftServerImpl (ServerState.java:<init>(103)) - 4ce8dd57-9997-4466-b69c-bdc1e0ed84f6@group-B708A726817B: ConfigurationManager, init=-1: [4ce8dd57-9997-4466-b69c-bdc1e0ed84f6:192.168.164.244:37504], old=null, confs=<EMPTY_MAP>
2019-10-25 05:32:12,953 [pool-47-thread-1] INFO  server.RaftServerConfigKeys (ConfUtils.java:logGet(43)) - raft.server.storage.dir = [/workdir/hadoop-ozone/integration-test/target/test-dir/MiniOzoneClusterImpl-8530639b-a9ef-4264-b602-ead7924d693f/datanode-2/data/ratis] (custom)
2019-10-25 05:32:12,953 [pool-47-thread-1] INFO  server.RaftServerConfigKeys (ConfUtils.java:logGet(43)) - raft.server.log.corruption.policy = EXCEPTION (default)
2019-10-25 05:32:12,953 [pool-47-thread-1] INFO  storage.RaftStorageDirectory (RaftStorageDirectory.java:analyzeStorage(246)) - The storage directory /workdir/hadoop-ozone/integration-test/target/test-dir/MiniOzoneClusterImpl-8530639b-a9ef-4264-b602-ead7924d693f/datanode-2/data/ratis/b6a37c68-4d3d-4580-b2ff-b708a726817b does not exist. Creating ...
2019-10-25 05:32:12,966 [pool-47-thread-1] INFO  storage.RaftStorageDirectory (RaftStorageDirectory.java:tryLock(328)) - Lock on /workdir/hadoop-ozone/integration-test/target/test-dir/MiniOzoneClusterImpl-8530639b-a9ef-4264-b602-ead7924d693f/datanode-2/data/ratis/b6a37c68-4d3d-4580-b2ff-b708a726817b/in_use.lock acquired by nodename 16345@pr-hdds-1701-29n7p-3046025130
2019-10-25 05:32:12,978 [pool-47-thread-1] INFO  storage.RaftStorage (RaftStorage.java:format(84)) - Storage directory /workdir/hadoop-ozone/integration-test/target/test-dir/MiniOzoneClusterImpl-8530639b-a9ef-4264-b602-ead7924d693f/datanode-2/data/ratis/b6a37c68-4d3d-4580-b2ff-b708a726817b has been successfully formatted.
2019-10-25 05:32:12,979 [pool-47-thread-1] INFO  ratis.ContainerStateMachine (ContainerStateMachine.java:loadSnapshot(231)) - group-B708A726817B: The snapshot info is null. Setting the last applied indexto:(t:0, i:~)
2019-10-25 05:32:12,979 [pool-47-thread-1] INFO  server.RaftServerConfigKeys (ConfUtils.java:logGet(43)) - raft.server.notification.no-leader.timeout = 1000s (custom)
2019-10-25 05:32:12,979 [pool-47-thread-1] INFO  server.RaftServerConfigKeys (ConfUtils.java:logGet(43)) - raft.server.log.use.memory = false (default)
2019-10-25 05:32:12,979 [pool-47-thread-1] INFO  server.RaftServerConfigKeys (ConfUtils.java:logGet(43)) - raft.server.log.purge.gap = 1000000 (custom)
2019-10-25 05:32:12,979 [pool-47-thread-1] INFO  server.RaftServerConfigKeys (ConfUtils.java:logGet(43)) - raft.server.log.appender.buffer.byte-limit = 33554432 (custom)
2019-10-25 05:32:12,980 [pool-47-thread-1] INFO  server.RaftServerConfigKeys (ConfUtils.java:logGet(43)) - raft.server.log.segment.size.max = 1048576 (custom)
2019-10-25 05:32:12,980 [pool-47-thread-1] WARN  impl.MetricRegistriesImpl (MetricRegistriesImpl.java:lambda$create$1(61)) - First MetricRegistry has been created without registering reporters. You may need to call MetricRegistries.global().addReportRegistration(...) before.
2019-10-25 05:32:12,980 [pool-47-thread-1] INFO  server.RaftServerConfigKeys (ConfUtils.java:logGet(43)) - raft.server.log.segment.cache.num.max = 2 (custom)
2019-10-25 05:32:12,980 [pool-47-thread-1] INFO  segmented.SegmentedRaftLogWorker (SegmentedRaftLogWorker.java:<init>(173)) - new 4ce8dd57-9997-4466-b69c-bdc1e0ed84f6@group-B708A726817B-SegmentedRaftLogWorker for RaftStorage:Storage Directory /workdir/hadoop-ozone/integration-test/target/test-dir/MiniOzoneClusterImpl-8530639b-a9ef-4264-b602-ead7924d693f/datanode-2/data/ratis/b6a37c68-4d3d-4580-b2ff-b708a726817b
2019-10-25 05:32:12,980 [pool-47-thread-1] INFO  server.RaftServerConfigKeys (ConfUtils.java:logGet(43)) - raft.server.log.queue.byte-limit = 2147483647 (custom)
2019-10-25 05:32:12,980 [pool-47-thread-1] INFO  server.RaftServerConfigKeys (ConfUtils.java:logGet(43)) - raft.server.log.queue.element-limit = 1024 (custom)
2019-10-25 05:32:12,980 [pool-47-thread-1] INFO  server.RaftServerConfigKeys (ConfUtils.java:logGet(43)) - raft.server.log.segment.size.max = 1048576 (custom)
2019-10-25 05:32:12,980 [pool-47-thread-1] INFO  server.RaftServerConfigKeys (ConfUtils.java:logGet(43)) - raft.server.log.preallocated.size = 16384 (custom)
2019-10-25 05:32:12,981 [pool-47-thread-1] INFO  server.RaftServerConfigKeys (ConfUtils.java:logGet(43)) - raft.server.log.write.buffer.size = 33554432 (custom)
2019-10-25 05:32:12,981 [pool-47-thread-1] INFO  server.RaftServerConfigKeys (ConfUtils.java:logGet(43)) - raft.server.log.force.sync.num = 128 (default)
2019-10-25 05:32:12,981 [pool-47-thread-1] INFO  server.RaftServerConfigKeys (ConfUtils.java:logGet(43)) - raft.server.log.statemachine.data.sync = true (default)
2019-10-25 05:32:12,981 [pool-47-thread-1] INFO  server.RaftServerConfigKeys (ConfUtils.java:logGet(43)) - raft.server.log.statemachine.data.sync.timeout = 10s (default)
2019-10-25 05:32:12,981 [pool-47-thread-1] INFO  server.RaftServerConfigKeys (ConfUtils.java:logGet(43)) - raft.server.log.statemachine.data.sync.timeout.retry = -1 (default)
2019-10-25 05:32:12,981 [pool-47-thread-1] INFO  server.RaftServerConfigKeys (ConfUtils.java:logGet(43)) - raft.server.log.statemachine.data.caching.enabled = true (custom)
2019-10-25 05:32:12,982 [pool-47-thread-1] INFO  segmented.SegmentedRaftLogWorker (SegmentedRaftLogWorker.java:lambda$new$0(128)) - 4ce8dd57-9997-4466-b69c-bdc1e0ed84f6@group-B708A726817B-SegmentedRaftLogWorker: flushIndex: setUnconditionally 0 -> -1
2019-10-25 05:32:12,982 [pool-47-thread-1] INFO  server.RaftServerConfigKeys (ConfUtils.java:logGet(43)) - raft.server.snapshot.auto.trigger.enabled = true (custom)
2019-10-25 05:32:12,982 [pool-47-thread-1] INFO  server.RaftServerConfigKeys (ConfUtils.java:logGet(43)) - raft.server.snapshot.auto.trigger.threshold = 10000 (custom)
2019-10-25 05:32:12,982 [pool-47-thread-1] INFO  server.RaftServerConfigKeys (ConfUtils.java:logGet(43)) - raft.server.snapshot.retention.file.num = 5 (custom)
2019-10-25 05:32:12,982 [pool-47-thread-1] INFO  server.RaftServerConfigKeys (ConfUtils.java:logGet(43)) - raft.server.retrycache.expirytime = 600000ms (custom)
2019-10-25 05:32:12,982 [pool-47-thread-1] WARN  impl.MetricRegistriesImpl (MetricRegistriesImpl.java:lambda$create$1(61)) - First MetricRegistry has been created without registering reporters. You may need to call MetricRegistries.global().addReportRegistration(...) before.
2019-10-25 05:32:12,983 [pool-47-thread-1] WARN  impl.MetricRegistriesImpl (MetricRegistriesImpl.java:lambda$create$1(61)) - First MetricRegistry has been created without registering reporters. You may need to call MetricRegistries.global().addReportRegistration(...) before.
2019-10-25 05:32:12,983 [pool-47-thread-1] INFO  impl.RaftServerImpl (RaftServerImpl.java:start(184)) - 4ce8dd57-9997-4466-b69c-bdc1e0ed84f6@group-B708A726817B: start as a follower, conf=-1: [4ce8dd57-9997-4466-b69c-bdc1e0ed84f6:192.168.164.244:37504], old=null
2019-10-25 05:32:12,983 [pool-47-thread-1] INFO  impl.RaftServerImpl (RaftServerImpl.java:setRole(173)) - 4ce8dd57-9997-4466-b69c-bdc1e0ed84f6@group-B708A726817B: changes role from      null to FOLLOWER at term 0 for startAsFollower
2019-10-25 05:32:12,983 [pool-47-thread-1] INFO  impl.RoleInfo (RoleInfo.java:updateAndGet(143)) - 4ce8dd57-9997-4466-b69c-bdc1e0ed84f6: start FollowerState
2019-10-25 05:32:12,984 [pool-47-thread-1] INFO  util.JmxRegister (JmxRegister.java:tryRegister(44)) - Successfully registered JMX Bean with object name Ratis:service=RaftServer,group=group-B708A726817B,id=4ce8dd57-9997-4466-b69c-bdc1e0ed84f6
2019-10-25 05:32:12,984 [pool-47-thread-1] WARN  impl.MetricRegistriesImpl (MetricRegistriesImpl.java:lambda$create$1(61)) - First MetricRegistry has been created without registering reporters. You may need to call MetricRegistries.global().addReportRegistration(...) before.
2019-10-25 05:32:12,996 [RatisPipelineUtilsThread] INFO  pipeline.PipelineStateManager (PipelineStateManager.java:addPipeline(56)) - Created pipeline Pipeline[ Id: b6a37c68-4d3d-4580-b2ff-b708a726817b, Nodes: 4ce8dd57-9997-4466-b69c-bdc1e0ed84f6{ip: 192.168.164.244, host: pr-hdds-1701-29n7p-3046025130, networkLocation: /default-rack, certSerialId: null}, Type:RATIS, Factor:ONE, State:OPEN]
2019-10-25 05:32:13,024 [grpc-default-executor-2] INFO  impl.RaftServerProxy (RaftServerProxy.java:addNew(89)) - 9484238f-0427-4b0f-b3b9-a493ba149161: addNew group-B84BBA7D09AC:[a05bcb01-8262-4b6c-960b-c3a46ef8bd63:192.168.164.244:44076, 4ce8dd57-9997-4466-b69c-bdc1e0ed84f6:192.168.164.244:37504, 9484238f-0427-4b0f-b3b9-a493ba149161:192.168.164.244:33617] returns group-B84BBA7D09AC:java.util.concurrent.CompletableFuture@3a3cc797[Not completed]
2019-10-25 05:32:13,026 [pool-27-thread-1] INFO  impl.RaftServerImpl (RaftServerImpl.java:<init>(98)) - 9484238f-0427-4b0f-b3b9-a493ba149161: new RaftServerImpl for group-B84BBA7D09AC:[a05bcb01-8262-4b6c-960b-c3a46ef8bd63:192.168.164.244:44076, 4ce8dd57-9997-4466-b69c-bdc1e0ed84f6:192.168.164.244:37504, 9484238f-0427-4b0f-b3b9-a493ba149161:192.168.164.244:33617] with ContainerStateMachine:uninitialized
2019-10-25 05:32:13,026 [pool-27-thread-1] INFO  server.RaftServerConfigKeys (ConfUtils.java:logGet(43)) - raft.server.rpc.timeout.min = 5s (custom)
2019-10-25 05:32:13,026 [pool-27-thread-1] INFO  server.RaftServerConfigKeys (ConfUtils.java:logGet(43)) - raft.server.rpc.timeout.max = 5200ms (custom)
2019-10-25 05:32:13,026 [pool-27-thread-1] INFO  server.RaftServerConfigKeys (ConfUtils.java:logGet(43)) - raft.server.rpcslowness.timeout = 1000s (custom)
2019-10-25 05:32:13,026 [pool-27-thread-1] INFO  server.RaftServerConfigKeys (ConfUtils.java:logGet(43)) - raft.server.sleep.deviation.threshold = 300 (default)
2019-10-25 05:32:13,026 [pool-27-thread-1] INFO  server.RaftServerConfigKeys (ConfUtils.java:logGet(43)) - raft.server.log.appender.install.snapshot.enabled = false (custom)
2019-10-25 05:32:13,026 [pool-27-thread-1] INFO  impl.RaftServerImpl (ServerState.java:<init>(103)) - 9484238f-0427-4b0f-b3b9-a493ba149161@group-B84BBA7D09AC: ConfigurationManager, init=-1: [a05bcb01-8262-4b6c-960b-c3a46ef8bd63:192.168.164.244:44076, 4ce8dd57-9997-4466-b69c-bdc1e0ed84f6:192.168.164.244:37504, 9484238f-0427-4b0f-b3b9-a493ba149161:192.168.164.244:33617], old=null, confs=<EMPTY_MAP>
2019-10-25 05:32:13,027 [pool-27-thread-1] INFO  server.RaftServerConfigKeys (ConfUtils.java:logGet(43)) - raft.server.storage.dir = [/workdir/hadoop-ozone/integration-test/target/test-dir/MiniOzoneClusterImpl-8530639b-a9ef-4264-b602-ead7924d693f/datanode-0/data/ratis] (custom)
2019-10-25 05:32:13,028 [pool-27-thread-1] INFO  server.RaftServerConfigKeys (ConfUtils.java:logGet(43)) - raft.server.log.corruption.policy = EXCEPTION (default)
2019-10-25 05:32:13,028 [pool-27-thread-1] INFO  storage.RaftStorageDirectory (RaftStorageDirectory.java:analyzeStorage(246)) - The storage directory /workdir/hadoop-ozone/integration-test/target/test-dir/MiniOzoneClusterImpl-8530639b-a9ef-4264-b602-ead7924d693f/datanode-0/data/ratis/5e939ce8-5918-4d57-a2cf-b84bba7d09ac does not exist. Creating ...
2019-10-25 05:32:13,029 [grpc-default-executor-2] INFO  impl.RaftServerProxy (RaftServerProxy.java:addNew(89)) - 4ce8dd57-9997-4466-b69c-bdc1e0ed84f6: addNew group-B84BBA7D09AC:[a05bcb01-8262-4b6c-960b-c3a46ef8bd63:192.168.164.244:44076, 4ce8dd57-9997-4466-b69c-bdc1e0ed84f6:192.168.164.244:37504, 9484238f-0427-4b0f-b3b9-a493ba149161:192.168.164.244:33617] returns group-B84BBA7D09AC:java.util.concurrent.CompletableFuture@7b01cdac[Not completed]
2019-10-25 05:32:13,031 [grpc-default-executor-1] INFO  impl.RaftServerProxy (RaftServerProxy.java:addNew(89)) - a05bcb01-8262-4b6c-960b-c3a46ef8bd63: addNew group-B84BBA7D09AC:[a05bcb01-8262-4b6c-960b-c3a46ef8bd63:192.168.164.244:44076, 4ce8dd57-9997-4466-b69c-bdc1e0ed84f6:192.168.164.244:37504, 9484238f-0427-4b0f-b3b9-a493ba149161:192.168.164.244:33617] returns group-B84BBA7D09AC:java.util.concurrent.CompletableFuture@17fb398e[Not completed]
2019-10-25 05:32:13,031 [pool-47-thread-1] INFO  impl.RaftServerImpl (RaftServerImpl.java:<init>(98)) - 4ce8dd57-9997-4466-b69c-bdc1e0ed84f6: new RaftServerImpl for group-B84BBA7D09AC:[a05bcb01-8262-4b6c-960b-c3a46ef8bd63:192.168.164.244:44076, 4ce8dd57-9997-4466-b69c-bdc1e0ed84f6:192.168.164.244:37504, 9484238f-0427-4b0f-b3b9-a493ba149161:192.168.164.244:33617] with ContainerStateMachine:uninitialized
2019-10-25 05:32:13,031 [pool-47-thread-1] INFO  server.RaftServerConfigKeys (ConfUtils.java:logGet(43)) - raft.server.rpc.timeout.min = 5s (custom)
2019-10-25 05:32:13,031 [pool-47-thread-1] INFO  server.RaftServerConfigKeys (ConfUtils.java:logGet(43)) - raft.server.rpc.timeout.max = 5200ms (custom)
2019-10-25 05:32:13,031 [pool-47-thread-1] INFO  server.RaftServerConfigKeys (ConfUtils.java:logGet(43)) - raft.server.rpcslowness.timeout = 1000s (custom)
2019-10-25 05:32:13,031 [pool-47-thread-1] INFO  server.RaftServerConfigKeys (ConfUtils.java:logGet(43)) - raft.server.sleep.deviation.threshold = 300 (default)
2019-10-25 05:32:13,031 [pool-47-thread-1] INFO  server.RaftServerConfigKeys (ConfUtils.java:logGet(43)) - raft.server.log.appender.install.snapshot.enabled = false (custom)
2019-10-25 05:32:13,032 [pool-47-thread-1] INFO  impl.RaftServerImpl (ServerState.java:<init>(103)) - 4ce8dd57-9997-4466-b69c-bdc1e0ed84f6@group-B84BBA7D09AC: ConfigurationManager, init=-1: [a05bcb01-8262-4b6c-960b-c3a46ef8bd63:192.168.164.244:44076, 4ce8dd57-9997-4466-b69c-bdc1e0ed84f6:192.168.164.244:37504, 9484238f-0427-4b0f-b3b9-a493ba149161:192.168.164.244:33617], old=null, confs=<EMPTY_MAP>
2019-10-25 05:32:13,032 [pool-47-thread-1] INFO  server.RaftServerConfigKeys (ConfUtils.java:logGet(43)) - raft.server.storage.dir = [/workdir/hadoop-ozone/integration-test/target/test-dir/MiniOzoneClusterImpl-8530639b-a9ef-4264-b602-ead7924d693f/datanode-2/data/ratis] (custom)
2019-10-25 05:32:13,032 [pool-37-thread-1] INFO  impl.RaftServerImpl (RaftServerImpl.java:<init>(98)) - a05bcb01-8262-4b6c-960b-c3a46ef8bd63: new RaftServerImpl for group-B84BBA7D09AC:[a05bcb01-8262-4b6c-960b-c3a46ef8bd63:192.168.164.244:44076, 4ce8dd57-9997-4466-b69c-bdc1e0ed84f6:192.168.164.244:37504, 9484238f-0427-4b0f-b3b9-a493ba149161:192.168.164.244:33617] with ContainerStateMachine:uninitialized
2019-10-25 05:32:13,032 [pool-37-thread-1] INFO  server.RaftServerConfigKeys (ConfUtils.java:logGet(43)) - raft.server.rpc.timeout.min = 5s (custom)
2019-10-25 05:32:13,032 [pool-47-thread-1] INFO  server.RaftServerConfigKeys (ConfUtils.java:logGet(43)) - raft.server.log.corruption.policy = EXCEPTION (default)
2019-10-25 05:32:13,032 [pool-37-thread-1] INFO  server.RaftServerConfigKeys (ConfUtils.java:logGet(43)) - raft.server.rpc.timeout.max = 5200ms (custom)
2019-10-25 05:32:13,032 [pool-47-thread-1] INFO  storage.RaftStorageDirectory (RaftStorageDirectory.java:analyzeStorage(246)) - The storage directory /workdir/hadoop-ozone/integration-test/target/test-dir/MiniOzoneClusterImpl-8530639b-a9ef-4264-b602-ead7924d693f/datanode-2/data/ratis/5e939ce8-5918-4d57-a2cf-b84bba7d09ac does not exist. Creating ...
2019-10-25 05:32:13,032 [pool-37-thread-1] INFO  server.RaftServerConfigKeys (ConfUtils.java:logGet(43)) - raft.server.rpcslowness.timeout = 1000s (custom)
2019-10-25 05:32:13,033 [pool-37-thread-1] INFO  server.RaftServerConfigKeys (ConfUtils.java:logGet(43)) - raft.server.sleep.deviation.threshold = 300 (default)
2019-10-25 05:32:13,033 [pool-37-thread-1] INFO  server.RaftServerConfigKeys (ConfUtils.java:logGet(43)) - raft.server.log.appender.install.snapshot.enabled = false (custom)
2019-10-25 05:32:13,033 [pool-37-thread-1] INFO  impl.RaftServerImpl (ServerState.java:<init>(103)) - a05bcb01-8262-4b6c-960b-c3a46ef8bd63@group-B84BBA7D09AC: ConfigurationManager, init=-1: [a05bcb01-8262-4b6c-960b-c3a46ef8bd63:192.168.164.244:44076, 4ce8dd57-9997-4466-b69c-bdc1e0ed84f6:192.168.164.244:37504, 9484238f-0427-4b0f-b3b9-a493ba149161:192.168.164.244:33617], old=null, confs=<EMPTY_MAP>
2019-10-25 05:32:13,033 [pool-37-thread-1] INFO  server.RaftServerConfigKeys (ConfUtils.java:logGet(43)) - raft.server.storage.dir = [/workdir/hadoop-ozone/integration-test/target/test-dir/MiniOzoneClusterImpl-8530639b-a9ef-4264-b602-ead7924d693f/datanode-1/data/ratis] (custom)
2019-10-25 05:32:13,033 [pool-37-thread-1] INFO  server.RaftServerConfigKeys (ConfUtils.java:logGet(43)) - raft.server.log.corruption.policy = EXCEPTION (default)
2019-10-25 05:32:13,033 [pool-37-thread-1] INFO  storage.RaftStorageDirectory (RaftStorageDirectory.java:analyzeStorage(246)) - The storage directory /workdir/hadoop-ozone/integration-test/target/test-dir/MiniOzoneClusterImpl-8530639b-a9ef-4264-b602-ead7924d693f/datanode-1/data/ratis/5e939ce8-5918-4d57-a2cf-b84bba7d09ac does not exist. Creating ...
2019-10-25 05:32:13,042 [pool-47-thread-1] INFO  storage.RaftStorageDirectory (RaftStorageDirectory.java:tryLock(328)) - Lock on /workdir/hadoop-ozone/integration-test/target/test-dir/MiniOzoneClusterImpl-8530639b-a9ef-4264-b602-ead7924d693f/datanode-2/data/ratis/5e939ce8-5918-4d57-a2cf-b84bba7d09ac/in_use.lock acquired by nodename 16345@pr-hdds-1701-29n7p-3046025130
2019-10-25 05:32:13,042 [pool-37-thread-1] INFO  storage.RaftStorageDirectory (RaftStorageDirectory.java:tryLock(328)) - Lock on /workdir/hadoop-ozone/integration-test/target/test-dir/MiniOzoneClusterImpl-8530639b-a9ef-4264-b602-ead7924d693f/datanode-1/data/ratis/5e939ce8-5918-4d57-a2cf-b84bba7d09ac/in_use.lock acquired by nodename 16345@pr-hdds-1701-29n7p-3046025130
2019-10-25 05:32:13,042 [pool-27-thread-1] INFO  storage.RaftStorageDirectory (RaftStorageDirectory.java:tryLock(328)) - Lock on /workdir/hadoop-ozone/integration-test/target/test-dir/MiniOzoneClusterImpl-8530639b-a9ef-4264-b602-ead7924d693f/datanode-0/data/ratis/5e939ce8-5918-4d57-a2cf-b84bba7d09ac/in_use.lock acquired by nodename 16345@pr-hdds-1701-29n7p-3046025130
2019-10-25 05:32:13,056 [pool-47-thread-1] INFO  storage.RaftStorage (RaftStorage.java:format(84)) - Storage directory /workdir/hadoop-ozone/integration-test/target/test-dir/MiniOzoneClusterImpl-8530639b-a9ef-4264-b602-ead7924d693f/datanode-2/data/ratis/5e939ce8-5918-4d57-a2cf-b84bba7d09ac has been successfully formatted.
2019-10-25 05:32:13,056 [pool-27-thread-1] INFO  storage.RaftStorage (RaftStorage.java:format(84)) - Storage directory /workdir/hadoop-ozone/integration-test/target/test-dir/MiniOzoneClusterImpl-8530639b-a9ef-4264-b602-ead7924d693f/datanode-0/data/ratis/5e939ce8-5918-4d57-a2cf-b84bba7d09ac has been successfully formatted.
2019-10-25 05:32:13,056 [pool-37-thread-1] INFO  storage.RaftStorage (RaftStorage.java:format(84)) - Storage directory /workdir/hadoop-ozone/integration-test/target/test-dir/MiniOzoneClusterImpl-8530639b-a9ef-4264-b602-ead7924d693f/datanode-1/data/ratis/5e939ce8-5918-4d57-a2cf-b84bba7d09ac has been successfully formatted.
2019-10-25 05:32:13,056 [pool-47-thread-1] INFO  ratis.ContainerStateMachine (ContainerStateMachine.java:loadSnapshot(231)) - group-B84BBA7D09AC: The snapshot info is null. Setting the last applied indexto:(t:0, i:~)
2019-10-25 05:32:13,057 [pool-27-thread-1] INFO  ratis.ContainerStateMachine (ContainerStateMachine.java:loadSnapshot(231)) - group-B84BBA7D09AC: The snapshot info is null. Setting the last applied indexto:(t:0, i:~)
2019-10-25 05:32:13,057 [pool-37-thread-1] INFO  ratis.ContainerStateMachine (ContainerStateMachine.java:loadSnapshot(231)) - group-B84BBA7D09AC: The snapshot info is null. Setting the last applied indexto:(t:0, i:~)
2019-10-25 05:32:13,057 [pool-27-thread-1] INFO  server.RaftServerConfigKeys (ConfUtils.java:logGet(43)) - raft.server.notification.no-leader.timeout = 1000s (custom)
2019-10-25 05:32:13,057 [pool-47-thread-1] INFO  server.RaftServerConfigKeys (ConfUtils.java:logGet(43)) - raft.server.notification.no-leader.timeout = 1000s (custom)
2019-10-25 05:32:13,057 [pool-27-thread-1] INFO  server.RaftServerConfigKeys (ConfUtils.java:logGet(43)) - raft.server.log.use.memory = false (default)
2019-10-25 05:32:13,057 [pool-37-thread-1] INFO  server.RaftServerConfigKeys (ConfUtils.java:logGet(43)) - raft.server.notification.no-leader.timeout = 1000s (custom)
2019-10-25 05:32:13,057 [pool-27-thread-1] INFO  server.RaftServerConfigKeys (ConfUtils.java:logGet(43)) - raft.server.log.purge.gap = 1000000 (custom)
2019-10-25 05:32:13,057 [pool-47-thread-1] INFO  server.RaftServerConfigKeys (ConfUtils.java:logGet(43)) - raft.server.log.use.memory = false (default)
2019-10-25 05:32:13,058 [pool-37-thread-1] INFO  server.RaftServerConfigKeys (ConfUtils.java:logGet(43)) - raft.server.log.use.memory = false (default)
2019-10-25 05:32:13,058 [pool-47-thread-1] INFO  server.RaftServerConfigKeys (ConfUtils.java:logGet(43)) - raft.server.log.purge.gap = 1000000 (custom)
2019-10-25 05:32:13,058 [pool-27-thread-1] INFO  server.RaftServerConfigKeys (ConfUtils.java:logGet(43)) - raft.server.log.appender.buffer.byte-limit = 33554432 (custom)
2019-10-25 05:32:13,058 [pool-47-thread-1] INFO  server.RaftServerConfigKeys (ConfUtils.java:logGet(43)) - raft.server.log.appender.buffer.byte-limit = 33554432 (custom)
2019-10-25 05:32:13,058 [pool-27-thread-1] INFO  server.RaftServerConfigKeys (ConfUtils.java:logGet(43)) - raft.server.log.segment.size.max = 1048576 (custom)
2019-10-25 05:32:13,058 [pool-37-thread-1] INFO  server.RaftServerConfigKeys (ConfUtils.java:logGet(43)) - raft.server.log.purge.gap = 1000000 (custom)
2019-10-25 05:32:13,059 [pool-27-thread-1] INFO  server.RaftServerConfigKeys (ConfUtils.java:logGet(43)) - raft.server.log.segment.cache.num.max = 2 (custom)
2019-10-25 05:32:13,058 [pool-47-thread-1] INFO  server.RaftServerConfigKeys (ConfUtils.java:logGet(43)) - raft.server.log.segment.size.max = 1048576 (custom)
2019-10-25 05:32:13,059 [pool-27-thread-1] INFO  segmented.SegmentedRaftLogWorker (SegmentedRaftLogWorker.java:<init>(173)) - new 9484238f-0427-4b0f-b3b9-a493ba149161@group-B84BBA7D09AC-SegmentedRaftLogWorker for RaftStorage:Storage Directory /workdir/hadoop-ozone/integration-test/target/test-dir/MiniOzoneClusterImpl-8530639b-a9ef-4264-b602-ead7924d693f/datanode-0/data/ratis/5e939ce8-5918-4d57-a2cf-b84bba7d09ac
2019-10-25 05:32:13,059 [pool-37-thread-1] INFO  server.RaftServerConfigKeys (ConfUtils.java:logGet(43)) - raft.server.log.appender.buffer.byte-limit = 33554432 (custom)
2019-10-25 05:32:13,059 [pool-27-thread-1] INFO  server.RaftServerConfigKeys (ConfUtils.java:logGet(43)) - raft.server.log.queue.byte-limit = 2147483647 (custom)
2019-10-25 05:32:13,059 [pool-47-thread-1] INFO  server.RaftServerConfigKeys (ConfUtils.java:logGet(43)) - raft.server.log.segment.cache.num.max = 2 (custom)
2019-10-25 05:32:13,059 [pool-27-thread-1] INFO  server.RaftServerConfigKeys (ConfUtils.java:logGet(43)) - raft.server.log.queue.element-limit = 1024 (custom)
2019-10-25 05:32:13,059 [pool-37-thread-1] INFO  server.RaftServerConfigKeys (ConfUtils.java:logGet(43)) - raft.server.log.segment.size.max = 1048576 (custom)
2019-10-25 05:32:13,060 [pool-27-thread-1] INFO  server.RaftServerConfigKeys (ConfUtils.java:logGet(43)) - raft.server.log.segment.size.max = 1048576 (custom)
2019-10-25 05:32:13,059 [pool-47-thread-1] INFO  segmented.SegmentedRaftLogWorker (SegmentedRaftLogWorker.java:<init>(173)) - new 4ce8dd57-9997-4466-b69c-bdc1e0ed84f6@group-B84BBA7D09AC-SegmentedRaftLogWorker for RaftStorage:Storage Directory /workdir/hadoop-ozone/integration-test/target/test-dir/MiniOzoneClusterImpl-8530639b-a9ef-4264-b602-ead7924d693f/datanode-2/data/ratis/5e939ce8-5918-4d57-a2cf-b84bba7d09ac
2019-10-25 05:32:13,060 [pool-27-thread-1] INFO  server.RaftServerConfigKeys (ConfUtils.java:logGet(43)) - raft.server.log.preallocated.size = 16384 (custom)
2019-10-25 05:32:13,060 [pool-37-thread-1] INFO  server.RaftServerConfigKeys (ConfUtils.java:logGet(43)) - raft.server.log.segment.cache.num.max = 2 (custom)
2019-10-25 05:32:13,060 [pool-27-thread-1] INFO  server.RaftServerConfigKeys (ConfUtils.java:logGet(43)) - raft.server.log.write.buffer.size = 33554432 (custom)
2019-10-25 05:32:13,060 [pool-47-thread-1] INFO  server.RaftServerConfigKeys (ConfUtils.java:logGet(43)) - raft.server.log.queue.byte-limit = 2147483647 (custom)
2019-10-25 05:32:13,060 [pool-27-thread-1] INFO  server.RaftServerConfigKeys (ConfUtils.java:logGet(43)) - raft.server.log.force.sync.num = 128 (default)
2019-10-25 05:32:13,060 [pool-37-thread-1] INFO  segmented.SegmentedRaftLogWorker (SegmentedRaftLogWorker.java:<init>(173)) - new a05bcb01-8262-4b6c-960b-c3a46ef8bd63@group-B84BBA7D09AC-SegmentedRaftLogWorker for RaftStorage:Storage Directory /workdir/hadoop-ozone/integration-test/target/test-dir/MiniOzoneClusterImpl-8530639b-a9ef-4264-b602-ead7924d693f/datanode-1/data/ratis/5e939ce8-5918-4d57-a2cf-b84bba7d09ac
2019-10-25 05:32:13,061 [pool-27-thread-1] INFO  server.RaftServerConfigKeys (ConfUtils.java:logGet(43)) - raft.server.log.statemachine.data.sync = true (default)
2019-10-25 05:32:13,061 [pool-47-thread-1] INFO  server.RaftServerConfigKeys (ConfUtils.java:logGet(43)) - raft.server.log.queue.element-limit = 1024 (custom)
2019-10-25 05:32:13,061 [pool-27-thread-1] INFO  server.RaftServerConfigKeys (ConfUtils.java:logGet(43)) - raft.server.log.statemachine.data.sync.timeout = 10s (default)
2019-10-25 05:32:13,061 [pool-37-thread-1] INFO  server.RaftServerConfigKeys (ConfUtils.java:logGet(43)) - raft.server.log.queue.byte-limit = 2147483647 (custom)
2019-10-25 05:32:13,061 [pool-27-thread-1] INFO  server.RaftServerConfigKeys (ConfUtils.java:logGet(43)) - raft.server.log.statemachine.data.sync.timeout.retry = -1 (default)
2019-10-25 05:32:13,061 [pool-47-thread-1] INFO  server.RaftServerConfigKeys (ConfUtils.java:logGet(43)) - raft.server.log.segment.size.max = 1048576 (custom)
2019-10-25 05:32:13,061 [pool-37-thread-1] INFO  server.RaftServerConfigKeys (ConfUtils.java:logGet(43)) - raft.server.log.queue.element-limit = 1024 (custom)
2019-10-25 05:32:13,062 [pool-27-thread-1] INFO  server.RaftServerConfigKeys (ConfUtils.java:logGet(43)) - raft.server.log.statemachine.data.caching.enabled = true (custom)
2019-10-25 05:32:13,062 [pool-47-thread-1] INFO  server.RaftServerConfigKeys (ConfUtils.java:logGet(43)) - raft.server.log.preallocated.size = 16384 (custom)
2019-10-25 05:32:13,062 [pool-37-thread-1] INFO  server.RaftServerConfigKeys (ConfUtils.java:logGet(43)) - raft.server.log.segment.size.max = 1048576 (custom)
2019-10-25 05:32:13,062 [pool-47-thread-1] INFO  server.RaftServerConfigKeys (ConfUtils.java:logGet(43)) - raft.server.log.write.buffer.size = 33554432 (custom)
2019-10-25 05:32:13,062 [pool-37-thread-1] INFO  server.RaftServerConfigKeys (ConfUtils.java:logGet(43)) - raft.server.log.preallocated.size = 16384 (custom)
2019-10-25 05:32:13,062 [pool-27-thread-1] INFO  segmented.SegmentedRaftLogWorker (SegmentedRaftLogWorker.java:lambda$new$0(128)) - 9484238f-0427-4b0f-b3b9-a493ba149161@group-B84BBA7D09AC-SegmentedRaftLogWorker: flushIndex: setUnconditionally 0 -> -1
2019-10-25 05:32:13,062 [pool-47-thread-1] INFO  server.RaftServerConfigKeys (ConfUtils.java:logGet(43)) - raft.server.log.force.sync.num = 128 (default)
2019-10-25 05:32:13,062 [pool-37-thread-1] INFO  server.RaftServerConfigKeys (ConfUtils.java:logGet(43)) - raft.server.log.write.buffer.size = 33554432 (custom)
2019-10-25 05:32:13,063 [pool-47-thread-1] INFO  server.RaftServerConfigKeys (ConfUtils.java:logGet(43)) - raft.server.log.statemachine.data.sync = true (default)
2019-10-25 05:32:13,063 [pool-27-thread-1] INFO  server.RaftServerConfigKeys (ConfUtils.java:logGet(43)) - raft.server.snapshot.auto.trigger.enabled = true (custom)
2019-10-25 05:32:13,063 [pool-37-thread-1] INFO  server.RaftServerConfigKeys (ConfUtils.java:logGet(43)) - raft.server.log.force.sync.num = 128 (default)
2019-10-25 05:32:13,063 [pool-27-thread-1] INFO  server.RaftServerConfigKeys (ConfUtils.java:logGet(43)) - raft.server.snapshot.auto.trigger.threshold = 10000 (custom)
2019-10-25 05:32:13,063 [pool-47-thread-1] INFO  server.RaftServerConfigKeys (ConfUtils.java:logGet(43)) - raft.server.log.statemachine.data.sync.timeout = 10s (default)
2019-10-25 05:32:13,063 [pool-27-thread-1] INFO  server.RaftServerConfigKeys (ConfUtils.java:logGet(43)) - raft.server.snapshot.retention.file.num = 5 (custom)
2019-10-25 05:32:13,063 [pool-37-thread-1] INFO  server.RaftServerConfigKeys (ConfUtils.java:logGet(43)) - raft.server.log.statemachine.data.sync = true (default)
2019-10-25 05:32:13,063 [pool-47-thread-1] INFO  server.RaftServerConfigKeys (ConfUtils.java:logGet(43)) - raft.server.log.statemachine.data.sync.timeout.retry = -1 (default)
2019-10-25 05:32:13,064 [pool-37-thread-1] INFO  server.RaftServerConfigKeys (ConfUtils.java:logGet(43)) - raft.server.log.statemachine.data.sync.timeout = 10s (default)
2019-10-25 05:32:13,064 [pool-27-thread-1] INFO  server.RaftServerConfigKeys (ConfUtils.java:logGet(43)) - raft.server.retrycache.expirytime = 600000ms (custom)
2019-10-25 05:32:13,064 [pool-37-thread-1] INFO  server.RaftServerConfigKeys (ConfUtils.java:logGet(43)) - raft.server.log.statemachine.data.sync.timeout.retry = -1 (default)
2019-10-25 05:32:13,064 [pool-27-thread-1] WARN  impl.MetricRegistriesImpl (MetricRegistriesImpl.java:lambda$create$1(61)) - First MetricRegistry has been created without registering reporters. You may need to call MetricRegistries.global().addReportRegistration(...) before.
2019-10-25 05:32:13,064 [pool-37-thread-1] INFO  server.RaftServerConfigKeys (ConfUtils.java:logGet(43)) - raft.server.log.statemachine.data.caching.enabled = true (custom)
2019-10-25 05:32:13,064 [pool-47-thread-1] INFO  server.RaftServerConfigKeys (ConfUtils.java:logGet(43)) - raft.server.log.statemachine.data.caching.enabled = true (custom)
2019-10-25 05:32:13,064 [pool-27-thread-1] WARN  impl.MetricRegistriesImpl (MetricRegistriesImpl.java:lambda$create$1(61)) - First MetricRegistry has been created without registering reporters. You may need to call MetricRegistries.global().addReportRegistration(...) before.
2019-10-25 05:32:13,065 [pool-37-thread-1] INFO  segmented.SegmentedRaftLogWorker (SegmentedRaftLogWorker.java:lambda$new$0(128)) - a05bcb01-8262-4b6c-960b-c3a46ef8bd63@group-B84BBA7D09AC-SegmentedRaftLogWorker: flushIndex: setUnconditionally 0 -> -1
2019-10-25 05:32:13,065 [pool-47-thread-1] INFO  segmented.SegmentedRaftLogWorker (SegmentedRaftLogWorker.java:lambda$new$0(128)) - 4ce8dd57-9997-4466-b69c-bdc1e0ed84f6@group-B84BBA7D09AC-SegmentedRaftLogWorker: flushIndex: setUnconditionally 0 -> -1
2019-10-25 05:32:13,065 [pool-27-thread-1] INFO  impl.RaftServerImpl (RaftServerImpl.java:start(184)) - 9484238f-0427-4b0f-b3b9-a493ba149161@group-B84BBA7D09AC: start as a follower, conf=-1: [a05bcb01-8262-4b6c-960b-c3a46ef8bd63:192.168.164.244:44076, 4ce8dd57-9997-4466-b69c-bdc1e0ed84f6:192.168.164.244:37504, 9484238f-0427-4b0f-b3b9-a493ba149161:192.168.164.244:33617], old=null
2019-10-25 05:32:13,065 [pool-37-thread-1] INFO  server.RaftServerConfigKeys (ConfUtils.java:logGet(43)) - raft.server.snapshot.auto.trigger.enabled = true (custom)
2019-10-25 05:32:13,065 [pool-47-thread-1] INFO  server.RaftServerConfigKeys (ConfUtils.java:logGet(43)) - raft.server.snapshot.auto.trigger.enabled = true (custom)
2019-10-25 05:32:13,065 [pool-27-thread-1] INFO  impl.RaftServerImpl (RaftServerImpl.java:setRole(173)) - 9484238f-0427-4b0f-b3b9-a493ba149161@group-B84BBA7D09AC: changes role from      null to FOLLOWER at term 0 for startAsFollower
2019-10-25 05:32:13,065 [pool-47-thread-1] INFO  server.RaftServerConfigKeys (ConfUtils.java:logGet(43)) - raft.server.snapshot.auto.trigger.threshold = 10000 (custom)
2019-10-25 05:32:13,065 [pool-37-thread-1] INFO  server.RaftServerConfigKeys (ConfUtils.java:logGet(43)) - raft.server.snapshot.auto.trigger.threshold = 10000 (custom)
2019-10-25 05:32:13,066 [pool-27-thread-1] INFO  impl.RoleInfo (RoleInfo.java:updateAndGet(143)) - 9484238f-0427-4b0f-b3b9-a493ba149161: start FollowerState
2019-10-25 05:32:13,066 [pool-47-thread-1] INFO  server.RaftServerConfigKeys (ConfUtils.java:logGet(43)) - raft.server.snapshot.retention.file.num = 5 (custom)
2019-10-25 05:32:13,066 [pool-37-thread-1] INFO  server.RaftServerConfigKeys (ConfUtils.java:logGet(43)) - raft.server.snapshot.retention.file.num = 5 (custom)
2019-10-25 05:32:13,066 [pool-47-thread-1] INFO  server.RaftServerConfigKeys (ConfUtils.java:logGet(43)) - raft.server.retrycache.expirytime = 600000ms (custom)
2019-10-25 05:32:13,066 [pool-37-thread-1] INFO  server.RaftServerConfigKeys (ConfUtils.java:logGet(43)) - raft.server.retrycache.expirytime = 600000ms (custom)
2019-10-25 05:32:13,066 [pool-27-thread-1] INFO  util.JmxRegister (JmxRegister.java:tryRegister(44)) - Successfully registered JMX Bean with object name Ratis:service=RaftServer,group=group-B84BBA7D09AC,id=9484238f-0427-4b0f-b3b9-a493ba149161
2019-10-25 05:32:13,066 [pool-47-thread-1] WARN  impl.MetricRegistriesImpl (MetricRegistriesImpl.java:lambda$create$1(61)) - First MetricRegistry has been created without registering reporters. You may need to call MetricRegistries.global().addReportRegistration(...) before.
2019-10-25 05:32:13,067 [pool-27-thread-1] WARN  impl.MetricRegistriesImpl (MetricRegistriesImpl.java:lambda$create$1(61)) - First MetricRegistry has been created without registering reporters. You may need to call MetricRegistries.global().addReportRegistration(...) before.
2019-10-25 05:32:13,066 [pool-37-thread-1] WARN  impl.MetricRegistriesImpl (MetricRegistriesImpl.java:lambda$create$1(61)) - First MetricRegistry has been created without registering reporters. You may need to call MetricRegistries.global().addReportRegistration(...) before.
2019-10-25 05:32:13,067 [pool-47-thread-1] WARN  impl.MetricRegistriesImpl (MetricRegistriesImpl.java:lambda$create$1(61)) - First MetricRegistry has been created without registering reporters. You may need to call MetricRegistries.global().addReportRegistration(...) before.
2019-10-25 05:32:13,067 [pool-37-thread-1] WARN  impl.MetricRegistriesImpl (MetricRegistriesImpl.java:lambda$create$1(61)) - First MetricRegistry has been created without registering reporters. You may need to call MetricRegistries.global().addReportRegistration(...) before.
2019-10-25 05:32:13,067 [pool-47-thread-1] INFO  impl.RaftServerImpl (RaftServerImpl.java:start(184)) - 4ce8dd57-9997-4466-b69c-bdc1e0ed84f6@group-B84BBA7D09AC: start as a follower, conf=-1: [a05bcb01-8262-4b6c-960b-c3a46ef8bd63:192.168.164.244:44076, 4ce8dd57-9997-4466-b69c-bdc1e0ed84f6:192.168.164.244:37504, 9484238f-0427-4b0f-b3b9-a493ba149161:192.168.164.244:33617], old=null
2019-10-25 05:32:13,067 [pool-37-thread-1] INFO  impl.RaftServerImpl (RaftServerImpl.java:start(184)) - a05bcb01-8262-4b6c-960b-c3a46ef8bd63@group-B84BBA7D09AC: start as a follower, conf=-1: [a05bcb01-8262-4b6c-960b-c3a46ef8bd63:192.168.164.244:44076, 4ce8dd57-9997-4466-b69c-bdc1e0ed84f6:192.168.164.244:37504, 9484238f-0427-4b0f-b3b9-a493ba149161:192.168.164.244:33617], old=null
2019-10-25 05:32:13,067 [pool-47-thread-1] INFO  impl.RaftServerImpl (RaftServerImpl.java:setRole(173)) - 4ce8dd57-9997-4466-b69c-bdc1e0ed84f6@group-B84BBA7D09AC: changes role from      null to FOLLOWER at term 0 for startAsFollower
2019-10-25 05:32:13,067 [pool-37-thread-1] INFO  impl.RaftServerImpl (RaftServerImpl.java:setRole(173)) - a05bcb01-8262-4b6c-960b-c3a46ef8bd63@group-B84BBA7D09AC: changes role from      null to FOLLOWER at term 0 for startAsFollower
2019-10-25 05:32:13,068 [pool-47-thread-1] INFO  impl.RoleInfo (RoleInfo.java:updateAndGet(143)) - 4ce8dd57-9997-4466-b69c-bdc1e0ed84f6: start FollowerState
2019-10-25 05:32:13,068 [pool-37-thread-1] INFO  impl.RoleInfo (RoleInfo.java:updateAndGet(143)) - a05bcb01-8262-4b6c-960b-c3a46ef8bd63: start FollowerState
2019-10-25 05:32:13,068 [pool-47-thread-1] INFO  util.JmxRegister (JmxRegister.java:tryRegister(44)) - Successfully registered JMX Bean with object name Ratis:service=RaftServer,group=group-B84BBA7D09AC,id=4ce8dd57-9997-4466-b69c-bdc1e0ed84f6
2019-10-25 05:32:13,068 [pool-47-thread-1] WARN  impl.MetricRegistriesImpl (MetricRegistriesImpl.java:lambda$create$1(61)) - First MetricRegistry has been created without registering reporters. You may need to call MetricRegistries.global().addReportRegistration(...) before.
2019-10-25 05:32:13,070 [pool-37-thread-1] INFO  util.JmxRegister (JmxRegister.java:tryRegister(44)) - Successfully registered JMX Bean with object name Ratis:service=RaftServer,group=group-B84BBA7D09AC,id=a05bcb01-8262-4b6c-960b-c3a46ef8bd63
2019-10-25 05:32:13,070 [pool-37-thread-1] WARN  impl.MetricRegistriesImpl (MetricRegistriesImpl.java:lambda$create$1(61)) - First MetricRegistry has been created without registering reporters. You may need to call MetricRegistries.global().addReportRegistration(...) before.
2019-10-25 05:32:13,085 [RatisPipelineUtilsThread] INFO  pipeline.PipelineStateManager (PipelineStateManager.java:addPipeline(56)) - Created pipeline Pipeline[ Id: 5e939ce8-5918-4d57-a2cf-b84bba7d09ac, Nodes: a05bcb01-8262-4b6c-960b-c3a46ef8bd63{ip: 192.168.164.244, host: pr-hdds-1701-29n7p-3046025130, networkLocation: /default-rack, certSerialId: null}4ce8dd57-9997-4466-b69c-bdc1e0ed84f6{ip: 192.168.164.244, host: pr-hdds-1701-29n7p-3046025130, networkLocation: /default-rack, certSerialId: null}9484238f-0427-4b0f-b3b9-a493ba149161{ip: 192.168.164.244, host: pr-hdds-1701-29n7p-3046025130, networkLocation: /default-rack, certSerialId: null}, Type:RATIS, Factor:THREE, State:OPEN]
2019-10-25 05:32:13,219 [main] INFO  ozone.MiniOzoneClusterImpl (MiniOzoneClusterImpl.java:lambda$waitForClusterToBeReady$0(147)) - Cluster is ready. Got 3 of 3 DN Heartbeats.
2019-10-25 05:32:13,702 [main] INFO  rpc.RpcClient (RpcClient.java:createVolume(272)) - Creating Volume: testcontainerstatemachinefailures, with jenkins1000 as owner.
2019-10-25 05:32:13,805 [IPC Server handler 2 on 41210] INFO  volume.OMVolumeCreateRequest (OMVolumeCreateRequest.java:validateAndUpdateCache(193)) - created volume:testcontainerstatemachinefailures for user:jenkins1000
2019-10-25 05:32:13,843 [main] INFO  rpc.RpcClient (RpcClient.java:createBucket(411)) - Creating Bucket: testcontainerstatemachinefailures/testcontainerstatemachinefailures, with Versioning false and Storage Type set to DISK and Encryption set to false 
2019-10-25 05:32:14,304 [main] INFO  impl.MetricsSystemImpl (MetricsSystemImpl.java:init(158)) - XceiverClientMetrics metrics system started (again)
2019-10-25 05:32:15,078 [Thread-181] INFO  container.ReplicationManager (ReplicationManager.java:start(162)) - Starting Replication Monitor Thread.
2019-10-25 05:32:15,084 [ReplicationMonitor] INFO  container.ReplicationManager (ReplicationManager.java:run(225)) - Replication Monitor Thread took 4 milliseconds for processing 1 containers.
2019-10-25 05:32:17,766 [Thread-186] INFO  impl.FollowerState (FollowerState.java:run(111)) - 9484238f-0427-4b0f-b3b9-a493ba149161@group-F18A6A10DBD3-FollowerState: change to CANDIDATE, lastRpcTime:5006ms, electionTimeout:5005ms
2019-10-25 05:32:17,768 [Thread-186] INFO  impl.RoleInfo (RoleInfo.java:shutdownFollowerState(121)) - 9484238f-0427-4b0f-b3b9-a493ba149161: shutdown FollowerState
2019-10-25 05:32:17,768 [Thread-186] INFO  impl.RaftServerImpl (RaftServerImpl.java:setRole(173)) - 9484238f-0427-4b0f-b3b9-a493ba149161@group-F18A6A10DBD3: changes role from  FOLLOWER to CANDIDATE at term 0 for changeToCandidate
2019-10-25 05:32:17,778 [Thread-186] INFO  impl.RoleInfo (RoleInfo.java:updateAndGet(143)) - 9484238f-0427-4b0f-b3b9-a493ba149161: start LeaderElection
2019-10-25 05:32:17,795 [9484238f-0427-4b0f-b3b9-a493ba149161@group-F18A6A10DBD3-LeaderElection1] INFO  impl.LeaderElection (LeaderElection.java:askForVotes(178)) - 9484238f-0427-4b0f-b3b9-a493ba149161@group-F18A6A10DBD3-LeaderElection1: begin an election at term 1 for -1: [9484238f-0427-4b0f-b3b9-a493ba149161:192.168.164.244:33617], old=null
2019-10-25 05:32:17,797 [9484238f-0427-4b0f-b3b9-a493ba149161@group-F18A6A10DBD3-LeaderElection1] INFO  impl.RoleInfo (RoleInfo.java:shutdownLeaderElection(134)) - 9484238f-0427-4b0f-b3b9-a493ba149161: shutdown LeaderElection
2019-10-25 05:32:17,797 [9484238f-0427-4b0f-b3b9-a493ba149161@group-F18A6A10DBD3-LeaderElection1] INFO  impl.RaftServerImpl (RaftServerImpl.java:setRole(173)) - 9484238f-0427-4b0f-b3b9-a493ba149161@group-F18A6A10DBD3: changes role from CANDIDATE to LEADER at term 1 for changeToLeader
2019-10-25 05:32:17,798 [9484238f-0427-4b0f-b3b9-a493ba149161@group-F18A6A10DBD3-LeaderElection1] INFO  impl.RaftServerImpl (ServerState.java:setLeader(255)) - 9484238f-0427-4b0f-b3b9-a493ba149161@group-F18A6A10DBD3: change Leader from null to 9484238f-0427-4b0f-b3b9-a493ba149161 at term 1 for becomeLeader, leader elected after 5120ms
2019-10-25 05:32:17,805 [9484238f-0427-4b0f-b3b9-a493ba149161@group-F18A6A10DBD3-LeaderElection1] INFO  server.RaftServerConfigKeys (ConfUtils.java:logGet(43)) - raft.server.staging.catchup.gap = 1000 (default)
2019-10-25 05:32:17,805 [9484238f-0427-4b0f-b3b9-a493ba149161@group-F18A6A10DBD3-LeaderElection1] INFO  server.RaftServerConfigKeys (ConfUtils.java:logGet(43)) - raft.server.rpc.sleep.time = 25ms (default)
2019-10-25 05:32:17,810 [9484238f-0427-4b0f-b3b9-a493ba149161@group-F18A6A10DBD3-LeaderElection1] INFO  server.RaftServerConfigKeys (ConfUtils.java:logGet(43)) - raft.server.write.element-limit = 4096 (default)
2019-10-25 05:32:17,816 [9484238f-0427-4b0f-b3b9-a493ba149161@group-F18A6A10DBD3-LeaderElection1] INFO  server.RaftServerConfigKeys (ConfUtils.java:logGet(43)) - raft.server.watch.timeout = 10s (default)
2019-10-25 05:32:17,816 [9484238f-0427-4b0f-b3b9-a493ba149161@group-F18A6A10DBD3-LeaderElection1] INFO  server.RaftServerConfigKeys (ConfUtils.java:logGet(43)) - raft.server.watch.timeout.denomination = 1s (default)
2019-10-25 05:32:17,817 [9484238f-0427-4b0f-b3b9-a493ba149161@group-F18A6A10DBD3-LeaderElection1] INFO  server.RaftServerConfigKeys (ConfUtils.java:logGet(43)) - raft.server.watch.element-limit = 65536 (default)
2019-10-25 05:32:17,827 [9484238f-0427-4b0f-b3b9-a493ba149161@group-F18A6A10DBD3-LeaderElection1] INFO  impl.RoleInfo (RoleInfo.java:updateAndGet(143)) - 9484238f-0427-4b0f-b3b9-a493ba149161: start LeaderState
2019-10-25 05:32:17,850 [9484238f-0427-4b0f-b3b9-a493ba149161@group-F18A6A10DBD3-LeaderElection1] INFO  segmented.SegmentedRaftLogWorker (SegmentedRaftLogWorker.java:startLogSegment(385)) - 9484238f-0427-4b0f-b3b9-a493ba149161@group-F18A6A10DBD3-SegmentedRaftLogWorker: Starting segment from index:0
2019-10-25 05:32:17,861 [9484238f-0427-4b0f-b3b9-a493ba149161@group-F18A6A10DBD3-LeaderElection1] INFO  impl.RaftServerImpl (ServerState.java:setRaftConf(356)) - 9484238f-0427-4b0f-b3b9-a493ba149161@group-F18A6A10DBD3: set configuration 0: [9484238f-0427-4b0f-b3b9-a493ba149161:192.168.164.244:33617], old=null at 0
2019-10-25 05:32:18,033 [9484238f-0427-4b0f-b3b9-a493ba149161@group-F18A6A10DBD3-SegmentedRaftLogWorker] INFO  segmented.SegmentedRaftLogWorker (SegmentedRaftLogWorker.java:execute(576)) - 9484238f-0427-4b0f-b3b9-a493ba149161@group-F18A6A10DBD3-SegmentedRaftLogWorker: created new log segment /workdir/hadoop-ozone/integration-test/target/test-dir/MiniOzoneClusterImpl-8530639b-a9ef-4264-b602-ead7924d693f/datanode-0/data/ratis/8f947bb6-13de-4364-8238-f18a6a10dbd3/current/log_inprogress_0
2019-10-25 05:32:18,054 [Thread-192] INFO  impl.FollowerState (FollowerState.java:run(111)) - 4ce8dd57-9997-4466-b69c-bdc1e0ed84f6@group-B708A726817B-FollowerState: change to CANDIDATE, lastRpcTime:5070ms, electionTimeout:5070ms
2019-10-25 05:32:18,055 [Thread-192] INFO  impl.RoleInfo (RoleInfo.java:shutdownFollowerState(121)) - 4ce8dd57-9997-4466-b69c-bdc1e0ed84f6: shutdown FollowerState
2019-10-25 05:32:18,056 [Thread-192] INFO  impl.RaftServerImpl (RaftServerImpl.java:setRole(173)) - 4ce8dd57-9997-4466-b69c-bdc1e0ed84f6@group-B708A726817B: changes role from  FOLLOWER to CANDIDATE at term 0 for changeToCandidate
2019-10-25 05:32:18,056 [Thread-192] INFO  impl.RoleInfo (RoleInfo.java:updateAndGet(143)) - 4ce8dd57-9997-4466-b69c-bdc1e0ed84f6: start LeaderElection
2019-10-25 05:32:18,066 [4ce8dd57-9997-4466-b69c-bdc1e0ed84f6@group-B708A726817B-LeaderElection2] INFO  impl.LeaderElection (LeaderElection.java:askForVotes(178)) - 4ce8dd57-9997-4466-b69c-bdc1e0ed84f6@group-B708A726817B-LeaderElection2: begin an election at term 1 for -1: [4ce8dd57-9997-4466-b69c-bdc1e0ed84f6:192.168.164.244:37504], old=null
2019-10-25 05:32:18,067 [4ce8dd57-9997-4466-b69c-bdc1e0ed84f6@group-B708A726817B-LeaderElection2] INFO  impl.RoleInfo (RoleInfo.java:shutdownLeaderElection(134)) - 4ce8dd57-9997-4466-b69c-bdc1e0ed84f6: shutdown LeaderElection
2019-10-25 05:32:18,067 [4ce8dd57-9997-4466-b69c-bdc1e0ed84f6@group-B708A726817B-LeaderElection2] INFO  impl.RaftServerImpl (RaftServerImpl.java:setRole(173)) - 4ce8dd57-9997-4466-b69c-bdc1e0ed84f6@group-B708A726817B: changes role from CANDIDATE to LEADER at term 1 for changeToLeader
2019-10-25 05:32:18,067 [4ce8dd57-9997-4466-b69c-bdc1e0ed84f6@group-B708A726817B-LeaderElection2] INFO  impl.RaftServerImpl (ServerState.java:setLeader(255)) - 4ce8dd57-9997-4466-b69c-bdc1e0ed84f6@group-B708A726817B: change Leader from null to 4ce8dd57-9997-4466-b69c-bdc1e0ed84f6 at term 1 for becomeLeader, leader elected after 5088ms
2019-10-25 05:32:18,068 [4ce8dd57-9997-4466-b69c-bdc1e0ed84f6@group-B708A726817B-LeaderElection2] INFO  server.RaftServerConfigKeys (ConfUtils.java:logGet(43)) - raft.server.staging.catchup.gap = 1000 (default)
2019-10-25 05:32:18,068 [4ce8dd57-9997-4466-b69c-bdc1e0ed84f6@group-B708A726817B-LeaderElection2] INFO  server.RaftServerConfigKeys (ConfUtils.java:logGet(43)) - raft.server.rpc.sleep.time = 25ms (default)
2019-10-25 05:32:18,068 [4ce8dd57-9997-4466-b69c-bdc1e0ed84f6@group-B708A726817B-LeaderElection2] INFO  server.RaftServerConfigKeys (ConfUtils.java:logGet(43)) - raft.server.write.element-limit = 4096 (default)
2019-10-25 05:32:18,068 [4ce8dd57-9997-4466-b69c-bdc1e0ed84f6@group-B708A726817B-LeaderElection2] INFO  server.RaftServerConfigKeys (ConfUtils.java:logGet(43)) - raft.server.watch.timeout = 10s (default)
2019-10-25 05:32:18,068 [4ce8dd57-9997-4466-b69c-bdc1e0ed84f6@group-B708A726817B-LeaderElection2] INFO  server.RaftServerConfigKeys (ConfUtils.java:logGet(43)) - raft.server.watch.timeout.denomination = 1s (default)
2019-10-25 05:32:18,069 [4ce8dd57-9997-4466-b69c-bdc1e0ed84f6@group-B708A726817B-LeaderElection2] INFO  server.RaftServerConfigKeys (ConfUtils.java:logGet(43)) - raft.server.watch.element-limit = 65536 (default)
2019-10-25 05:32:18,069 [4ce8dd57-9997-4466-b69c-bdc1e0ed84f6@group-B708A726817B-LeaderElection2] INFO  impl.RoleInfo (RoleInfo.java:updateAndGet(143)) - 4ce8dd57-9997-4466-b69c-bdc1e0ed84f6: start LeaderState
2019-10-25 05:32:18,069 [4ce8dd57-9997-4466-b69c-bdc1e0ed84f6@group-B708A726817B-LeaderElection2] INFO  segmented.SegmentedRaftLogWorker (SegmentedRaftLogWorker.java:startLogSegment(385)) - 4ce8dd57-9997-4466-b69c-bdc1e0ed84f6@group-B708A726817B-SegmentedRaftLogWorker: Starting segment from index:0
2019-10-25 05:32:18,070 [4ce8dd57-9997-4466-b69c-bdc1e0ed84f6@group-B708A726817B-LeaderElection2] INFO  impl.RaftServerImpl (ServerState.java:setRaftConf(356)) - 4ce8dd57-9997-4466-b69c-bdc1e0ed84f6@group-B708A726817B: set configuration 0: [4ce8dd57-9997-4466-b69c-bdc1e0ed84f6:192.168.164.244:37504], old=null at 0
2019-10-25 05:32:18,104 [Thread-200] INFO  impl.FollowerState (FollowerState.java:run(111)) - a05bcb01-8262-4b6c-960b-c3a46ef8bd63@group-B84BBA7D09AC-FollowerState: change to CANDIDATE, lastRpcTime:5036ms, electionTimeout:5004ms
2019-10-25 05:32:18,104 [Thread-189] INFO  impl.FollowerState (FollowerState.java:run(111)) - a05bcb01-8262-4b6c-960b-c3a46ef8bd63@group-939A5C71540C-FollowerState: change to CANDIDATE, lastRpcTime:5199ms, electionTimeout:5166ms
2019-10-25 05:32:18,105 [Thread-200] INFO  impl.RoleInfo (RoleInfo.java:shutdownFollowerState(121)) - a05bcb01-8262-4b6c-960b-c3a46ef8bd63: shutdown FollowerState
2019-10-25 05:32:18,105 [Thread-189] INFO  impl.RoleInfo (RoleInfo.java:shutdownFollowerState(121)) - a05bcb01-8262-4b6c-960b-c3a46ef8bd63: shutdown FollowerState
2019-10-25 05:32:18,105 [Thread-200] INFO  impl.RaftServerImpl (RaftServerImpl.java:setRole(173)) - a05bcb01-8262-4b6c-960b-c3a46ef8bd63@group-B84BBA7D09AC: changes role from  FOLLOWER to CANDIDATE at term 0 for changeToCandidate
2019-10-25 05:32:18,105 [Thread-189] INFO  impl.RaftServerImpl (RaftServerImpl.java:setRole(173)) - a05bcb01-8262-4b6c-960b-c3a46ef8bd63@group-939A5C71540C: changes role from  FOLLOWER to CANDIDATE at term 0 for changeToCandidate
2019-10-25 05:32:18,105 [Thread-200] INFO  impl.RoleInfo (RoleInfo.java:updateAndGet(143)) - a05bcb01-8262-4b6c-960b-c3a46ef8bd63: start LeaderElection
2019-10-25 05:32:18,106 [Thread-189] INFO  impl.RoleInfo (RoleInfo.java:updateAndGet(143)) - a05bcb01-8262-4b6c-960b-c3a46ef8bd63: start LeaderElection
2019-10-25 05:32:18,117 [4ce8dd57-9997-4466-b69c-bdc1e0ed84f6@group-B708A726817B-SegmentedRaftLogWorker] INFO  segmented.SegmentedRaftLogWorker (SegmentedRaftLogWorker.java:execute(576)) - 4ce8dd57-9997-4466-b69c-bdc1e0ed84f6@group-B708A726817B-SegmentedRaftLogWorker: created new log segment /workdir/hadoop-ozone/integration-test/target/test-dir/MiniOzoneClusterImpl-8530639b-a9ef-4264-b602-ead7924d693f/datanode-2/data/ratis/b6a37c68-4d3d-4580-b2ff-b708a726817b/current/log_inprogress_0
2019-10-25 05:32:18,117 [a05bcb01-8262-4b6c-960b-c3a46ef8bd63@group-B84BBA7D09AC-LeaderElection3] INFO  impl.LeaderElection (LeaderElection.java:askForVotes(178)) - a05bcb01-8262-4b6c-960b-c3a46ef8bd63@group-B84BBA7D09AC-LeaderElection3: begin an election at term 1 for -1: [a05bcb01-8262-4b6c-960b-c3a46ef8bd63:192.168.164.244:44076, 4ce8dd57-9997-4466-b69c-bdc1e0ed84f6:192.168.164.244:37504, 9484238f-0427-4b0f-b3b9-a493ba149161:192.168.164.244:33617], old=null
2019-10-25 05:32:18,117 [a05bcb01-8262-4b6c-960b-c3a46ef8bd63@group-939A5C71540C-LeaderElection4] INFO  impl.LeaderElection (LeaderElection.java:askForVotes(178)) - a05bcb01-8262-4b6c-960b-c3a46ef8bd63@group-939A5C71540C-LeaderElection4: begin an election at term 1 for -1: [a05bcb01-8262-4b6c-960b-c3a46ef8bd63:192.168.164.244:44076], old=null
2019-10-25 05:32:18,118 [a05bcb01-8262-4b6c-960b-c3a46ef8bd63@group-939A5C71540C-LeaderElection4] INFO  impl.RoleInfo (RoleInfo.java:shutdownLeaderElection(134)) - a05bcb01-8262-4b6c-960b-c3a46ef8bd63: shutdown LeaderElection
2019-10-25 05:32:18,118 [a05bcb01-8262-4b6c-960b-c3a46ef8bd63@group-939A5C71540C-LeaderElection4] INFO  impl.RaftServerImpl (RaftServerImpl.java:setRole(173)) - a05bcb01-8262-4b6c-960b-c3a46ef8bd63@group-939A5C71540C: changes role from CANDIDATE to LEADER at term 1 for changeToLeader
2019-10-25 05:32:18,118 [a05bcb01-8262-4b6c-960b-c3a46ef8bd63@group-939A5C71540C-LeaderElection4] INFO  impl.RaftServerImpl (ServerState.java:setLeader(255)) - a05bcb01-8262-4b6c-960b-c3a46ef8bd63@group-939A5C71540C: change Leader from null to a05bcb01-8262-4b6c-960b-c3a46ef8bd63 at term 1 for becomeLeader, leader elected after 5218ms
2019-10-25 05:32:18,118 [a05bcb01-8262-4b6c-960b-c3a46ef8bd63@group-939A5C71540C-LeaderElection4] INFO  server.RaftServerConfigKeys (ConfUtils.java:logGet(43)) - raft.server.staging.catchup.gap = 1000 (default)
2019-10-25 05:32:18,118 [a05bcb01-8262-4b6c-960b-c3a46ef8bd63@group-939A5C71540C-LeaderElection4] INFO  server.RaftServerConfigKeys (ConfUtils.java:logGet(43)) - raft.server.rpc.sleep.time = 25ms (default)
2019-10-25 05:32:18,119 [a05bcb01-8262-4b6c-960b-c3a46ef8bd63@group-939A5C71540C-LeaderElection4] INFO  server.RaftServerConfigKeys (ConfUtils.java:logGet(43)) - raft.server.write.element-limit = 4096 (default)
2019-10-25 05:32:18,119 [a05bcb01-8262-4b6c-960b-c3a46ef8bd63@group-939A5C71540C-LeaderElection4] INFO  server.RaftServerConfigKeys (ConfUtils.java:logGet(43)) - raft.server.watch.timeout = 10s (default)
2019-10-25 05:32:18,119 [a05bcb01-8262-4b6c-960b-c3a46ef8bd63@group-939A5C71540C-LeaderElection4] INFO  server.RaftServerConfigKeys (ConfUtils.java:logGet(43)) - raft.server.watch.timeout.denomination = 1s (default)
2019-10-25 05:32:18,119 [a05bcb01-8262-4b6c-960b-c3a46ef8bd63@group-939A5C71540C-LeaderElection4] INFO  server.RaftServerConfigKeys (ConfUtils.java:logGet(43)) - raft.server.watch.element-limit = 65536 (default)
2019-10-25 05:32:18,119 [a05bcb01-8262-4b6c-960b-c3a46ef8bd63@group-939A5C71540C-LeaderElection4] INFO  impl.RoleInfo (RoleInfo.java:updateAndGet(143)) - a05bcb01-8262-4b6c-960b-c3a46ef8bd63: start LeaderState
2019-10-25 05:32:18,120 [a05bcb01-8262-4b6c-960b-c3a46ef8bd63@group-939A5C71540C-LeaderElection4] INFO  segmented.SegmentedRaftLogWorker (SegmentedRaftLogWorker.java:startLogSegment(385)) - a05bcb01-8262-4b6c-960b-c3a46ef8bd63@group-939A5C71540C-SegmentedRaftLogWorker: Starting segment from index:0
2019-10-25 05:32:18,120 [a05bcb01-8262-4b6c-960b-c3a46ef8bd63@group-939A5C71540C-LeaderElection4] INFO  impl.RaftServerImpl (ServerState.java:setRaftConf(356)) - a05bcb01-8262-4b6c-960b-c3a46ef8bd63@group-939A5C71540C: set configuration 0: [a05bcb01-8262-4b6c-960b-c3a46ef8bd63:192.168.164.244:44076], old=null at 0
2019-10-25 05:32:18,157 [Thread-199] INFO  impl.FollowerState (FollowerState.java:run(111)) - 4ce8dd57-9997-4466-b69c-bdc1e0ed84f6@group-B84BBA7D09AC-FollowerState: change to CANDIDATE, lastRpcTime:5089ms, electionTimeout:5089ms
2019-10-25 05:32:18,157 [Thread-199] INFO  impl.RoleInfo (RoleInfo.java:shutdownFollowerState(121)) - 4ce8dd57-9997-4466-b69c-bdc1e0ed84f6: shutdown FollowerState
2019-10-25 05:32:18,157 [Thread-199] INFO  impl.RaftServerImpl (RaftServerImpl.java:setRole(173)) - 4ce8dd57-9997-4466-b69c-bdc1e0ed84f6@group-B84BBA7D09AC: changes role from  FOLLOWER to CANDIDATE at term 0 for changeToCandidate
2019-10-25 05:32:18,158 [Thread-199] INFO  impl.RoleInfo (RoleInfo.java:updateAndGet(143)) - 4ce8dd57-9997-4466-b69c-bdc1e0ed84f6: start LeaderElection
2019-10-25 05:32:18,168 [a05bcb01-8262-4b6c-960b-c3a46ef8bd63@group-939A5C71540C-SegmentedRaftLogWorker] INFO  segmented.SegmentedRaftLogWorker (SegmentedRaftLogWorker.java:execute(576)) - a05bcb01-8262-4b6c-960b-c3a46ef8bd63@group-939A5C71540C-SegmentedRaftLogWorker: created new log segment /workdir/hadoop-ozone/integration-test/target/test-dir/MiniOzoneClusterImpl-8530639b-a9ef-4264-b602-ead7924d693f/datanode-1/data/ratis/3ff13f83-dcf9-4310-aab9-939a5c71540c/current/log_inprogress_0
2019-10-25 05:32:18,168 [4ce8dd57-9997-4466-b69c-bdc1e0ed84f6@group-B84BBA7D09AC-LeaderElection5] INFO  impl.LeaderElection (LeaderElection.java:askForVotes(178)) - 4ce8dd57-9997-4466-b69c-bdc1e0ed84f6@group-B84BBA7D09AC-LeaderElection5: begin an election at term 1 for -1: [a05bcb01-8262-4b6c-960b-c3a46ef8bd63:192.168.164.244:44076, 4ce8dd57-9997-4466-b69c-bdc1e0ed84f6:192.168.164.244:37504, 9484238f-0427-4b0f-b3b9-a493ba149161:192.168.164.244:33617], old=null
2019-10-25 05:32:18,181 [grpc-default-executor-1] INFO  impl.RaftServerImpl (RaftServerImpl.java:setRole(173)) - 9484238f-0427-4b0f-b3b9-a493ba149161@group-B84BBA7D09AC: changes role from  FOLLOWER to FOLLOWER at term 1 for recognizeCandidate:a05bcb01-8262-4b6c-960b-c3a46ef8bd63
2019-10-25 05:32:18,183 [grpc-default-executor-1] INFO  impl.RoleInfo (RoleInfo.java:shutdownFollowerState(121)) - 9484238f-0427-4b0f-b3b9-a493ba149161: shutdown FollowerState
2019-10-25 05:32:18,183 [Thread-195] INFO  impl.FollowerState (FollowerState.java:run(120)) - 9484238f-0427-4b0f-b3b9-a493ba149161@group-B84BBA7D09AC-FollowerState was interrupted: java.lang.InterruptedException: sleep interrupted
2019-10-25 05:32:18,183 [grpc-default-executor-1] INFO  impl.RoleInfo (RoleInfo.java:updateAndGet(143)) - 9484238f-0427-4b0f-b3b9-a493ba149161: start FollowerState
2019-10-25 05:32:18,213 [a05bcb01-8262-4b6c-960b-c3a46ef8bd63@group-B84BBA7D09AC-LeaderElection3] INFO  impl.LeaderElection (LeaderElection.java:logAndReturn(56)) - a05bcb01-8262-4b6c-960b-c3a46ef8bd63@group-B84BBA7D09AC-LeaderElection3: Election PASSED; received 2 response(s) [a05bcb01-8262-4b6c-960b-c3a46ef8bd63<-4ce8dd57-9997-4466-b69c-bdc1e0ed84f6#0:FAIL-t1, a05bcb01-8262-4b6c-960b-c3a46ef8bd63<-9484238f-0427-4b0f-b3b9-a493ba149161#0:OK-t1] and 0 exception(s); a05bcb01-8262-4b6c-960b-c3a46ef8bd63@group-B84BBA7D09AC:t1, leader=null, voted=a05bcb01-8262-4b6c-960b-c3a46ef8bd63, raftlog=a05bcb01-8262-4b6c-960b-c3a46ef8bd63@group-B84BBA7D09AC-SegmentedRaftLog:OPENED:c-1,f-1,i0, conf=-1: [a05bcb01-8262-4b6c-960b-c3a46ef8bd63:192.168.164.244:44076, 4ce8dd57-9997-4466-b69c-bdc1e0ed84f6:192.168.164.244:37504, 9484238f-0427-4b0f-b3b9-a493ba149161:192.168.164.244:33617], old=null
2019-10-25 05:32:18,213 [4ce8dd57-9997-4466-b69c-bdc1e0ed84f6@group-B84BBA7D09AC-LeaderElection5] INFO  impl.LeaderElection (LeaderElection.java:logAndReturn(56)) - 4ce8dd57-9997-4466-b69c-bdc1e0ed84f6@group-B84BBA7D09AC-LeaderElection5: Election REJECTED; received 2 response(s) [4ce8dd57-9997-4466-b69c-bdc1e0ed84f6<-a05bcb01-8262-4b6c-960b-c3a46ef8bd63#0:FAIL-t1, 4ce8dd57-9997-4466-b69c-bdc1e0ed84f6<-9484238f-0427-4b0f-b3b9-a493ba149161#0:FAIL-t1] and 0 exception(s); 4ce8dd57-9997-4466-b69c-bdc1e0ed84f6@group-B84BBA7D09AC:t1, leader=null, voted=4ce8dd57-9997-4466-b69c-bdc1e0ed84f6, raftlog=4ce8dd57-9997-4466-b69c-bdc1e0ed84f6@group-B84BBA7D09AC-SegmentedRaftLog:OPENED:c-1,f-1,i0, conf=-1: [a05bcb01-8262-4b6c-960b-c3a46ef8bd63:192.168.164.244:44076, 4ce8dd57-9997-4466-b69c-bdc1e0ed84f6:192.168.164.244:37504, 9484238f-0427-4b0f-b3b9-a493ba149161:192.168.164.244:33617], old=null
2019-10-25 05:32:18,213 [a05bcb01-8262-4b6c-960b-c3a46ef8bd63@group-B84BBA7D09AC-LeaderElection3] INFO  impl.RoleInfo (RoleInfo.java:shutdownLeaderElection(134)) - a05bcb01-8262-4b6c-960b-c3a46ef8bd63: shutdown LeaderElection
2019-10-25 05:32:18,214 [4ce8dd57-9997-4466-b69c-bdc1e0ed84f6@group-B84BBA7D09AC-LeaderElection5] INFO  impl.RaftServerImpl (RaftServerImpl.java:setRole(173)) - 4ce8dd57-9997-4466-b69c-bdc1e0ed84f6@group-B84BBA7D09AC: changes role from CANDIDATE to FOLLOWER at term 1 for DISCOVERED_A_NEW_TERM
2019-10-25 05:32:18,217 [4ce8dd57-9997-4466-b69c-bdc1e0ed84f6@group-B84BBA7D09AC-LeaderElection5] INFO  impl.RoleInfo (RoleInfo.java:shutdownLeaderElection(134)) - 4ce8dd57-9997-4466-b69c-bdc1e0ed84f6: shutdown LeaderElection
2019-10-25 05:32:18,216 [a05bcb01-8262-4b6c-960b-c3a46ef8bd63@group-B84BBA7D09AC-LeaderElection3] INFO  impl.RaftServerImpl (RaftServerImpl.java:setRole(173)) - a05bcb01-8262-4b6c-960b-c3a46ef8bd63@group-B84BBA7D09AC: changes role from CANDIDATE to LEADER at term 1 for changeToLeader
2019-10-25 05:32:18,217 [a05bcb01-8262-4b6c-960b-c3a46ef8bd63@group-B84BBA7D09AC-LeaderElection3] INFO  impl.RaftServerImpl (ServerState.java:setLeader(255)) - a05bcb01-8262-4b6c-960b-c3a46ef8bd63@group-B84BBA7D09AC: change Leader from null to a05bcb01-8262-4b6c-960b-c3a46ef8bd63 at term 1 for becomeLeader, leader elected after 5159ms
2019-10-25 05:32:18,217 [4ce8dd57-9997-4466-b69c-bdc1e0ed84f6@group-B84BBA7D09AC-LeaderElection5] INFO  impl.RoleInfo (RoleInfo.java:updateAndGet(143)) - 4ce8dd57-9997-4466-b69c-bdc1e0ed84f6: start FollowerState
2019-10-25 05:32:18,217 [a05bcb01-8262-4b6c-960b-c3a46ef8bd63@group-B84BBA7D09AC-LeaderElection3] INFO  server.RaftServerConfigKeys (ConfUtils.java:logGet(43)) - raft.server.staging.catchup.gap = 1000 (default)
2019-10-25 05:32:18,218 [a05bcb01-8262-4b6c-960b-c3a46ef8bd63@group-B84BBA7D09AC-LeaderElection3] INFO  server.RaftServerConfigKeys (ConfUtils.java:logGet(43)) - raft.server.rpc.sleep.time = 25ms (default)
2019-10-25 05:32:18,218 [a05bcb01-8262-4b6c-960b-c3a46ef8bd63@group-B84BBA7D09AC-LeaderElection3] INFO  server.RaftServerConfigKeys (ConfUtils.java:logGet(43)) - raft.server.write.element-limit = 4096 (default)
2019-10-25 05:32:18,218 [a05bcb01-8262-4b6c-960b-c3a46ef8bd63@group-B84BBA7D09AC-LeaderElection3] INFO  server.RaftServerConfigKeys (ConfUtils.java:logGet(43)) - raft.server.watch.timeout = 10s (default)
2019-10-25 05:32:18,218 [a05bcb01-8262-4b6c-960b-c3a46ef8bd63@group-B84BBA7D09AC-LeaderElection3] INFO  server.RaftServerConfigKeys (ConfUtils.java:logGet(43)) - raft.server.watch.timeout.denomination = 1s (default)
2019-10-25 05:32:18,218 [a05bcb01-8262-4b6c-960b-c3a46ef8bd63@group-B84BBA7D09AC-LeaderElection3] INFO  server.RaftServerConfigKeys (ConfUtils.java:logGet(43)) - raft.server.watch.element-limit = 65536 (default)
2019-10-25 05:32:18,221 [a05bcb01-8262-4b6c-960b-c3a46ef8bd63@group-B84BBA7D09AC-LeaderElection3] INFO  server.RaftServerConfigKeys (ConfUtils.java:logGet(43)) - raft.server.log.appender.snapshot.chunk.size.max = 16MB (=16777216) (default)
2019-10-25 05:32:18,221 [a05bcb01-8262-4b6c-960b-c3a46ef8bd63@group-B84BBA7D09AC-LeaderElection3] INFO  server.RaftServerConfigKeys (ConfUtils.java:logGet(43)) - raft.server.log.appender.buffer.byte-limit = 33554432 (custom)
2019-10-25 05:32:18,221 [a05bcb01-8262-4b6c-960b-c3a46ef8bd63@group-B84BBA7D09AC-LeaderElection3] INFO  server.RaftServerConfigKeys (ConfUtils.java:logGet(43)) - raft.server.log.appender.buffer.element-limit = 1 (custom)
2019-10-25 05:32:18,224 [a05bcb01-8262-4b6c-960b-c3a46ef8bd63@group-B84BBA7D09AC-LeaderElection3] INFO  grpc.GrpcConfigKeys$Server (ConfUtils.java:logGet(43)) - raft.grpc.server.leader.outstanding.appends.max = 128 (default)
2019-10-25 05:32:18,227 [a05bcb01-8262-4b6c-960b-c3a46ef8bd63@group-B84BBA7D09AC-LeaderElection3] INFO  server.RaftServerConfigKeys (ConfUtils.java:logGet(43)) - raft.server.rpc.request.timeout = 3000ms (default)
2019-10-25 05:32:18,227 [a05bcb01-8262-4b6c-960b-c3a46ef8bd63@group-B84BBA7D09AC-LeaderElection3] INFO  server.RaftServerConfigKeys (ConfUtils.java:logGet(43)) - raft.server.log.appender.install.snapshot.enabled = false (custom)
2019-10-25 05:32:18,228 [a05bcb01-8262-4b6c-960b-c3a46ef8bd63@group-B84BBA7D09AC-LeaderElection3] WARN  impl.MetricRegistriesImpl (MetricRegistriesImpl.java:lambda$create$1(61)) - First MetricRegistry has been created without registering reporters. You may need to call MetricRegistries.global().addReportRegistration(...) before.
2019-10-25 05:32:18,229 [a05bcb01-8262-4b6c-960b-c3a46ef8bd63@group-B84BBA7D09AC-LeaderElection3] INFO  server.RaftServerConfigKeys (ConfUtils.java:logGet(43)) - raft.server.log.appender.snapshot.chunk.size.max = 16MB (=16777216) (default)
2019-10-25 05:32:18,229 [a05bcb01-8262-4b6c-960b-c3a46ef8bd63@group-B84BBA7D09AC-LeaderElection3] INFO  server.RaftServerConfigKeys (ConfUtils.java:logGet(43)) - raft.server.log.appender.buffer.byte-limit = 33554432 (custom)
2019-10-25 05:32:18,229 [a05bcb01-8262-4b6c-960b-c3a46ef8bd63@group-B84BBA7D09AC-LeaderElection3] INFO  server.RaftServerConfigKeys (ConfUtils.java:logGet(43)) - raft.server.log.appender.buffer.element-limit = 1 (custom)
2019-10-25 05:32:18,229 [a05bcb01-8262-4b6c-960b-c3a46ef8bd63@group-B84BBA7D09AC-LeaderElection3] INFO  grpc.GrpcConfigKeys$Server (ConfUtils.java:logGet(43)) - raft.grpc.server.leader.outstanding.appends.max = 128 (default)
2019-10-25 05:32:18,229 [a05bcb01-8262-4b6c-960b-c3a46ef8bd63@group-B84BBA7D09AC-LeaderElection3] INFO  server.RaftServerConfigKeys (ConfUtils.java:logGet(43)) - raft.server.rpc.request.timeout = 3000ms (default)
2019-10-25 05:32:18,229 [a05bcb01-8262-4b6c-960b-c3a46ef8bd63@group-B84BBA7D09AC-LeaderElection3] INFO  server.RaftServerConfigKeys (ConfUtils.java:logGet(43)) - raft.server.log.appender.install.snapshot.enabled = false (custom)
2019-10-25 05:32:18,230 [a05bcb01-8262-4b6c-960b-c3a46ef8bd63@group-B84BBA7D09AC-LeaderElection3] INFO  impl.RoleInfo (RoleInfo.java:updateAndGet(143)) - a05bcb01-8262-4b6c-960b-c3a46ef8bd63: start LeaderState
2019-10-25 05:32:18,231 [a05bcb01-8262-4b6c-960b-c3a46ef8bd63@group-B84BBA7D09AC-LeaderElection3] INFO  segmented.SegmentedRaftLogWorker (SegmentedRaftLogWorker.java:startLogSegment(385)) - a05bcb01-8262-4b6c-960b-c3a46ef8bd63@group-B84BBA7D09AC-SegmentedRaftLogWorker: Starting segment from index:0
2019-10-25 05:32:18,231 [a05bcb01-8262-4b6c-960b-c3a46ef8bd63@group-B84BBA7D09AC-LeaderElection3] INFO  impl.RaftServerImpl (ServerState.java:setRaftConf(356)) - a05bcb01-8262-4b6c-960b-c3a46ef8bd63@group-B84BBA7D09AC: set configuration 0: [a05bcb01-8262-4b6c-960b-c3a46ef8bd63:192.168.164.244:44076, 4ce8dd57-9997-4466-b69c-bdc1e0ed84f6:192.168.164.244:37504, 9484238f-0427-4b0f-b3b9-a493ba149161:192.168.164.244:33617], old=null at 0
2019-10-25 05:32:18,277 [a05bcb01-8262-4b6c-960b-c3a46ef8bd63@group-B84BBA7D09AC-SegmentedRaftLogWorker] INFO  segmented.SegmentedRaftLogWorker (SegmentedRaftLogWorker.java:execute(576)) - a05bcb01-8262-4b6c-960b-c3a46ef8bd63@group-B84BBA7D09AC-SegmentedRaftLogWorker: created new log segment /workdir/hadoop-ozone/integration-test/target/test-dir/MiniOzoneClusterImpl-8530639b-a9ef-4264-b602-ead7924d693f/datanode-1/data/ratis/5e939ce8-5918-4d57-a2cf-b84bba7d09ac/current/log_inprogress_0
2019-10-25 05:32:18,282 [grpc-default-executor-1] INFO  impl.RaftServerImpl (ServerState.java:setLeader(255)) - 4ce8dd57-9997-4466-b69c-bdc1e0ed84f6@group-B84BBA7D09AC: change Leader from null to a05bcb01-8262-4b6c-960b-c3a46ef8bd63 at term 1 for appendEntries, leader elected after 5225ms
2019-10-25 05:32:18,282 [grpc-default-executor-0] INFO  impl.RaftServerImpl (ServerState.java:setLeader(255)) - 9484238f-0427-4b0f-b3b9-a493ba149161@group-B84BBA7D09AC: change Leader from null to a05bcb01-8262-4b6c-960b-c3a46ef8bd63 at term 1 for appendEntries, leader elected after 5225ms
2019-10-25 05:32:18,308 [grpc-default-executor-0] INFO  impl.RaftServerImpl (ServerState.java:setRaftConf(356)) - 4ce8dd57-9997-4466-b69c-bdc1e0ed84f6@group-B84BBA7D09AC: set configuration 0: [a05bcb01-8262-4b6c-960b-c3a46ef8bd63:192.168.164.244:44076, 4ce8dd57-9997-4466-b69c-bdc1e0ed84f6:192.168.164.244:37504, 9484238f-0427-4b0f-b3b9-a493ba149161:192.168.164.244:33617], old=null at 0
2019-10-25 05:32:18,308 [grpc-default-executor-1] INFO  impl.RaftServerImpl (ServerState.java:setRaftConf(356)) - 9484238f-0427-4b0f-b3b9-a493ba149161@group-B84BBA7D09AC: set configuration 0: [a05bcb01-8262-4b6c-960b-c3a46ef8bd63:192.168.164.244:44076, 4ce8dd57-9997-4466-b69c-bdc1e0ed84f6:192.168.164.244:37504, 9484238f-0427-4b0f-b3b9-a493ba149161:192.168.164.244:33617], old=null at 0
2019-10-25 05:32:18,309 [grpc-default-executor-0] INFO  segmented.SegmentedRaftLogWorker (SegmentedRaftLogWorker.java:startLogSegment(385)) - 4ce8dd57-9997-4466-b69c-bdc1e0ed84f6@group-B84BBA7D09AC-SegmentedRaftLogWorker: Starting segment from index:0
2019-10-25 05:32:18,309 [grpc-default-executor-1] INFO  segmented.SegmentedRaftLogWorker (SegmentedRaftLogWorker.java:startLogSegment(385)) - 9484238f-0427-4b0f-b3b9-a493ba149161@group-B84BBA7D09AC-SegmentedRaftLogWorker: Starting segment from index:0
2019-10-25 05:32:18,363 [4ce8dd57-9997-4466-b69c-bdc1e0ed84f6@group-B84BBA7D09AC-SegmentedRaftLogWorker] INFO  segmented.SegmentedRaftLogWorker (SegmentedRaftLogWorker.java:execute(576)) - 4ce8dd57-9997-4466-b69c-bdc1e0ed84f6@group-B84BBA7D09AC-SegmentedRaftLogWorker: created new log segment /workdir/hadoop-ozone/integration-test/target/test-dir/MiniOzoneClusterImpl-8530639b-a9ef-4264-b602-ead7924d693f/datanode-2/data/ratis/5e939ce8-5918-4d57-a2cf-b84bba7d09ac/current/log_inprogress_0
2019-10-25 05:32:18,363 [9484238f-0427-4b0f-b3b9-a493ba149161@group-B84BBA7D09AC-SegmentedRaftLogWorker] INFO  segmented.SegmentedRaftLogWorker (SegmentedRaftLogWorker.java:execute(576)) - 9484238f-0427-4b0f-b3b9-a493ba149161@group-B84BBA7D09AC-SegmentedRaftLogWorker: created new log segment /workdir/hadoop-ozone/integration-test/target/test-dir/MiniOzoneClusterImpl-8530639b-a9ef-4264-b602-ead7924d693f/datanode-0/data/ratis/5e939ce8-5918-4d57-a2cf-b84bba7d09ac/current/log_inprogress_0
2019-10-25 05:32:18,899 [Datanode State Machine Thread - 0] INFO  statemachine.DatanodeStateMachine (DatanodeStateMachine.java:lambda$startDaemon$0(350)) - Ozone container server started.
2019-10-25 05:32:23,870 [main] INFO  ozoneimpl.OzoneContainer (OzoneContainer.java:stop(227)) - Attempting to stop container services.
2019-10-25 05:32:23,872 [main] INFO  impl.RaftServerProxy (RaftServerProxy.java:lambda$close$4(314)) - 4ce8dd57-9997-4466-b69c-bdc1e0ed84f6: close
2019-10-25 05:32:23,873 [main] INFO  impl.RaftServerImpl (RaftServerImpl.java:lambda$shutdown$3(250)) - 4ce8dd57-9997-4466-b69c-bdc1e0ed84f6@group-B84BBA7D09AC: shutdown
2019-10-25 05:32:23,873 [ForkJoinPool.commonPool-worker-1] INFO  impl.RaftServerImpl (RaftServerImpl.java:lambda$shutdown$3(250)) - 4ce8dd57-9997-4466-b69c-bdc1e0ed84f6@group-B708A726817B: shutdown
2019-10-25 05:32:23,874 [main] INFO  util.JmxRegister (JmxRegister.java:unregister(73)) - Successfully un-registered JMX Bean with object name Ratis:service=RaftServer,group=group-B84BBA7D09AC,id=4ce8dd57-9997-4466-b69c-bdc1e0ed84f6
2019-10-25 05:32:23,874 [ForkJoinPool.commonPool-worker-1] INFO  util.JmxRegister (JmxRegister.java:unregister(73)) - Successfully un-registered JMX Bean with object name Ratis:service=RaftServer,group=group-B708A726817B,id=4ce8dd57-9997-4466-b69c-bdc1e0ed84f6
2019-10-25 05:32:23,874 [main] INFO  impl.RoleInfo (RoleInfo.java:shutdownFollowerState(121)) - 4ce8dd57-9997-4466-b69c-bdc1e0ed84f6: shutdown FollowerState
2019-10-25 05:32:23,874 [ForkJoinPool.commonPool-worker-1] INFO  impl.RoleInfo (RoleInfo.java:shutdownLeaderState(104)) - 4ce8dd57-9997-4466-b69c-bdc1e0ed84f6: shutdown LeaderState
2019-10-25 05:32:23,875 [Thread-244] INFO  impl.FollowerState (FollowerState.java:run(120)) - 4ce8dd57-9997-4466-b69c-bdc1e0ed84f6@group-B84BBA7D09AC-FollowerState was interrupted: java.lang.InterruptedException: sleep interrupted
2019-10-25 05:32:23,875 [main] INFO  impl.StateMachineUpdater (StateMachineUpdater.java:stopAndJoin(136)) - 4ce8dd57-9997-4466-b69c-bdc1e0ed84f6@group-B84BBA7D09AC-StateMachineUpdater: set stopIndex = 4
2019-10-25 05:32:23,875 [4ce8dd57-9997-4466-b69c-bdc1e0ed84f6@group-B84BBA7D09AC-StateMachineUpdater] INFO  ratis.ContainerStateMachine (ContainerStateMachine.java:takeSnapshot(294)) - group-B84BBA7D09AC: Taking a snapshot at:(t:1, i:3) file /workdir/hadoop-ozone/integration-test/target/test-dir/MiniOzoneClusterImpl-8530639b-a9ef-4264-b602-ead7924d693f/datanode-2/data/ratis/5e939ce8-5918-4d57-a2cf-b84bba7d09ac/sm/snapshot.1_3
2019-10-25 05:32:23,878 [ForkJoinPool.commonPool-worker-1] INFO  impl.PendingRequests (PendingRequests.java:sendNotLeaderResponses(206)) - 4ce8dd57-9997-4466-b69c-bdc1e0ed84f6@group-B708A726817B-PendingRequests: sendNotLeaderResponses
2019-10-25 05:32:23,880 [ForkJoinPool.commonPool-worker-1] INFO  impl.StateMachineUpdater (StateMachineUpdater.java:stopAndJoin(136)) - 4ce8dd57-9997-4466-b69c-bdc1e0ed84f6@group-B708A726817B-StateMachineUpdater: set stopIndex = 0
2019-10-25 05:32:23,883 [ForkJoinPool.commonPool-worker-1] INFO  impl.RaftServerImpl (ServerState.java:close(387)) - 4ce8dd57-9997-4466-b69c-bdc1e0ed84f6@group-B708A726817B: closes. applyIndex: 0
2019-10-25 05:32:23,886 [4ce8dd57-9997-4466-b69c-bdc1e0ed84f6@group-B708A726817B-SegmentedRaftLogWorker] INFO  segmented.SegmentedRaftLogWorker (SegmentedRaftLogWorker.java:run(316)) - 4ce8dd57-9997-4466-b69c-bdc1e0ed84f6@group-B708A726817B-SegmentedRaftLogWorker was interrupted, exiting. There are 0 tasks remaining in the queue.
2019-10-25 05:32:23,888 [ForkJoinPool.commonPool-worker-1] INFO  segmented.SegmentedRaftLogWorker (SegmentedRaftLogWorker.java:close(224)) - 4ce8dd57-9997-4466-b69c-bdc1e0ed84f6@group-B708A726817B-SegmentedRaftLogWorker close()
2019-10-25 05:32:23,999 [4ce8dd57-9997-4466-b69c-bdc1e0ed84f6@group-B84BBA7D09AC-StateMachineUpdater] INFO  ratis.ContainerStateMachine (ContainerStateMachine.java:takeSnapshot(305)) - group-B84BBA7D09AC: Finished taking a snapshot at:(t:1, i:3) file:/workdir/hadoop-ozone/integration-test/target/test-dir/MiniOzoneClusterImpl-8530639b-a9ef-4264-b602-ead7924d693f/datanode-2/data/ratis/5e939ce8-5918-4d57-a2cf-b84bba7d09ac/sm/snapshot.1_3 time:124
2019-10-25 05:32:24,001 [4ce8dd57-9997-4466-b69c-bdc1e0ed84f6@group-B84BBA7D09AC-StateMachineUpdater] INFO  impl.StateMachineUpdater (StateMachineUpdater.java:takeSnapshot(269)) - 4ce8dd57-9997-4466-b69c-bdc1e0ed84f6@group-B84BBA7D09AC-StateMachineUpdater: Took a snapshot at index 3
2019-10-25 05:32:24,001 [4ce8dd57-9997-4466-b69c-bdc1e0ed84f6@group-B84BBA7D09AC-StateMachineUpdater] INFO  impl.StateMachineUpdater (StateMachineUpdater.java:lambda$new$0(84)) - 4ce8dd57-9997-4466-b69c-bdc1e0ed84f6@group-B84BBA7D09AC-StateMachineUpdater: snapshotIndex: updateIncreasingly -1 -> 3
2019-10-25 05:32:24,004 [4ce8dd57-9997-4466-b69c-bdc1e0ed84f6@group-B84BBA7D09AC-StateMachineUpdater] INFO  ratis.ContainerStateMachine (ContainerStateMachine.java:takeSnapshot(294)) - group-B84BBA7D09AC: Taking a snapshot at:(t:1, i:3) file /workdir/hadoop-ozone/integration-test/target/test-dir/MiniOzoneClusterImpl-8530639b-a9ef-4264-b602-ead7924d693f/datanode-2/data/ratis/5e939ce8-5918-4d57-a2cf-b84bba7d09ac/sm/snapshot.1_3
2019-10-25 05:32:24,011 [4ce8dd57-9997-4466-b69c-bdc1e0ed84f6@group-B84BBA7D09AC-StateMachineUpdater] INFO  ratis.ContainerStateMachine (ContainerStateMachine.java:takeSnapshot(305)) - group-B84BBA7D09AC: Finished taking a snapshot at:(t:1, i:3) file:/workdir/hadoop-ozone/integration-test/target/test-dir/MiniOzoneClusterImpl-8530639b-a9ef-4264-b602-ead7924d693f/datanode-2/data/ratis/5e939ce8-5918-4d57-a2cf-b84bba7d09ac/sm/snapshot.1_3 time:7
2019-10-25 05:32:24,011 [4ce8dd57-9997-4466-b69c-bdc1e0ed84f6@group-B84BBA7D09AC-StateMachineUpdater] INFO  impl.StateMachineUpdater (StateMachineUpdater.java:takeSnapshot(269)) - 4ce8dd57-9997-4466-b69c-bdc1e0ed84f6@group-B84BBA7D09AC-StateMachineUpdater: Took a snapshot at index 3
2019-10-25 05:32:24,011 [4ce8dd57-9997-4466-b69c-bdc1e0ed84f6@group-B84BBA7D09AC-StateMachineUpdater] INFO  impl.StateMachineUpdater (StateMachineUpdater.java:lambda$new$0(84)) - 4ce8dd57-9997-4466-b69c-bdc1e0ed84f6@group-B84BBA7D09AC-StateMachineUpdater: snapshotIndex: updateIncreasingly 3 -> 3
2019-10-25 05:32:24,012 [main] INFO  impl.RaftServerImpl (ServerState.java:close(387)) - 4ce8dd57-9997-4466-b69c-bdc1e0ed84f6@group-B84BBA7D09AC: closes. applyIndex: 4
2019-10-25 05:32:24,012 [4ce8dd57-9997-4466-b69c-bdc1e0ed84f6@group-B84BBA7D09AC-SegmentedRaftLogWorker] INFO  segmented.SegmentedRaftLogWorker (SegmentedRaftLogWorker.java:run(316)) - 4ce8dd57-9997-4466-b69c-bdc1e0ed84f6@group-B84BBA7D09AC-SegmentedRaftLogWorker was interrupted, exiting. There are 0 tasks remaining in the queue.
2019-10-25 05:32:24,014 [main] INFO  segmented.SegmentedRaftLogWorker (SegmentedRaftLogWorker.java:close(224)) - 4ce8dd57-9997-4466-b69c-bdc1e0ed84f6@group-B84BBA7D09AC-SegmentedRaftLogWorker close()
2019-10-25 05:32:24,016 [main] INFO  server.GrpcService (GrpcService.java:closeImpl(164)) - 4ce8dd57-9997-4466-b69c-bdc1e0ed84f6: shutdown server with port 37504 now
2019-10-25 05:32:24,024 [grpc-default-executor-3] WARN  server.GrpcServerProtocolService (LogUtils.java:warn(134)) - 4ce8dd57-9997-4466-b69c-bdc1e0ed84f6: installSnapshot onError, lastRequest: a05bcb01-8262-4b6c-960b-c3a46ef8bd63->4ce8dd57-9997-4466-b69c-bdc1e0ed84f6#7-t1, previous=(t:1, i:4), leaderCommit=4, initializing? false, entries: <empty>: org.apache.ratis.thirdparty.io.grpc.StatusRuntimeException: CANCELLED: cancelled before receiving half close
2019-10-25 05:32:24,024 [main] INFO  server.GrpcService (GrpcService.java:closeImpl(172)) - 4ce8dd57-9997-4466-b69c-bdc1e0ed84f6: shutdown server with port 37504 successfully
2019-10-25 05:32:24,026 [grpc-default-executor-0] WARN  server.GrpcLogAppender (LogUtils.java:warn(134)) - a05bcb01-8262-4b6c-960b-c3a46ef8bd63@group-B84BBA7D09AC->4ce8dd57-9997-4466-b69c-bdc1e0ed84f6-AppendLogResponseHandler: Failed appendEntries: org.apache.ratis.thirdparty.io.grpc.StatusRuntimeException: CANCELLED: HTTP/2 error code: CANCEL
Received Rst Stream
2019-10-25 05:32:24,028 [refreshUsed-/workdir/hadoop-ozone/integration-test/target/test-dir/MiniOzoneClusterImpl-8530639b-a9ef-4264-b602-ead7924d693f/datanode-2/data/containers] WARN  fs.CachingGetSpaceUsed (CachingGetSpaceUsed.java:run(183)) - Thread Interrupted waiting to refresh disk information: sleep interrupted
2019-10-25 05:32:24,044 [main] INFO  utils.BackgroundService (BackgroundService.java:shutdown(151)) - Shutting down service BlockDeletingService
2019-10-25 05:32:24,048 [main] INFO  statemachine.DatanodeStateMachine (DatanodeStateMachine.java:stopDaemon(395)) - Ozone container server stopped.
2019-10-25 05:32:24,052 [main] INFO  handler.ContextHandler (ContextHandler.java:doStop(910)) - Stopped o.e.j.w.WebAppContext@70228253{/,null,UNAVAILABLE}{/hddsDatanode}
2019-10-25 05:32:24,057 [main] INFO  server.AbstractConnector (AbstractConnector.java:doStop(318)) - Stopped ServerConnector@63c12e52{HTTP/1.1,[http/1.1]}{0.0.0.0:0}
2019-10-25 05:32:24,058 [main] INFO  handler.ContextHandler (ContextHandler.java:doStop(910)) - Stopped o.e.j.s.ServletContextHandler@4fc3c165{/static,jar:file:/home/user/.m2/repository/org/apache/hadoop/hadoop-hdds-container-service/0.5.0-SNAPSHOT/hadoop-hdds-container-service-0.5.0-SNAPSHOT.jar!/webapps/static,UNAVAILABLE}
2019-10-25 05:32:24,058 [main] INFO  handler.ContextHandler (ContextHandler.java:doStop(910)) - Stopped o.e.j.s.ServletContextHandler@e5cbff2{/logs,file:///workdir/hadoop-ozone/integration-test/target/log,UNAVAILABLE}
2019-10-25 05:32:27,064 [java.util.concurrent.ThreadPoolExecutor$Worker@b00648b[State = -1, empty queue]] WARN  server.GrpcLogAppender (GrpcLogAppender.java:timeoutAppendRequest(209)) - a05bcb01-8262-4b6c-960b-c3a46ef8bd63@group-B84BBA7D09AC->4ce8dd57-9997-4466-b69c-bdc1e0ed84f6-GrpcLogAppender: appendEntries Timeout, request=a05bcb01-8262-4b6c-960b-c3a46ef8bd63->4ce8dd57-9997-4466-b69c-bdc1e0ed84f6#8-t1, previous=(t:1, i:4), leaderCommit=4, initializing? false, entries: size=1, first=(t:1, i:5), STATEMACHINELOGENTRY, client-B1E3923C01C0, cid=8
2019-10-25 05:32:27,066 [java.util.concurrent.ThreadPoolExecutor$Worker@b00648b[State = -1, empty queue]] WARN  server.GrpcLogAppender (GrpcLogAppender.java:timeoutAppendRequest(209)) - a05bcb01-8262-4b6c-960b-c3a46ef8bd63@group-B84BBA7D09AC->4ce8dd57-9997-4466-b69c-bdc1e0ed84f6-GrpcLogAppender: appendEntries Timeout, request=a05bcb01-8262-4b6c-960b-c3a46ef8bd63->4ce8dd57-9997-4466-b69c-bdc1e0ed84f6#9-t1, previous=(t:1, i:5), leaderCommit=4, initializing? false, entries: size=1, first=(t:1, i:6), STATEMACHINELOGENTRY, client-B1E3923C01C0, cid=9
2019-10-25 05:32:27,078 [java.util.concurrent.ThreadPoolExecutor$Worker@b00648b[State = -1, empty queue]] WARN  server.GrpcLogAppender (GrpcLogAppender.java:timeoutAppendRequest(209)) - a05bcb01-8262-4b6c-960b-c3a46ef8bd63@group-B84BBA7D09AC->4ce8dd57-9997-4466-b69c-bdc1e0ed84f6-GrpcLogAppender: appendEntries Timeout, request=a05bcb01-8262-4b6c-960b-c3a46ef8bd63->4ce8dd57-9997-4466-b69c-bdc1e0ed84f6#10-t1, previous=(t:1, i:6), leaderCommit=6, initializing? false, entries: size=1, first=(t:1, i:7), METADATAENTRY(c5)
2019-10-25 05:32:27,079 [java.util.concurrent.ThreadPoolExecutor$Worker@b00648b[State = -1, empty queue]] WARN  server.GrpcLogAppender (GrpcLogAppender.java:timeoutAppendRequest(209)) - a05bcb01-8262-4b6c-960b-c3a46ef8bd63@group-B84BBA7D09AC->4ce8dd57-9997-4466-b69c-bdc1e0ed84f6-GrpcLogAppender: appendEntries Timeout, request=a05bcb01-8262-4b6c-960b-c3a46ef8bd63->4ce8dd57-9997-4466-b69c-bdc1e0ed84f6#11-t1, previous=(t:1, i:7), leaderCommit=6, initializing? false, entries: size=1, first=(t:1, i:8), METADATAENTRY(c6)
2019-10-25 05:32:29,580 [java.util.concurrent.ThreadPoolExecutor$Worker@b00648b[State = -1, empty queue]] WARN  server.GrpcLogAppender (GrpcLogAppender.java:timeoutAppendRequest(209)) - a05bcb01-8262-4b6c-960b-c3a46ef8bd63@group-B84BBA7D09AC->4ce8dd57-9997-4466-b69c-bdc1e0ed84f6-GrpcLogAppender: appendEntries Timeout, request=a05bcb01-8262-4b6c-960b-c3a46ef8bd63->4ce8dd57-9997-4466-b69c-bdc1e0ed84f6#12-t1, previous=(t:1, i:8), leaderCommit=8, initializing? false, entries: <empty>
2019-10-25 05:32:32,082 [java.util.concurrent.ThreadPoolExecutor$Worker@b00648b[State = -1, empty queue]] WARN  server.GrpcLogAppender (GrpcLogAppender.java:timeoutAppendRequest(209)) - a05bcb01-8262-4b6c-960b-c3a46ef8bd63@group-B84BBA7D09AC->4ce8dd57-9997-4466-b69c-bdc1e0ed84f6-GrpcLogAppender: appendEntries Timeout, request=a05bcb01-8262-4b6c-960b-c3a46ef8bd63->4ce8dd57-9997-4466-b69c-bdc1e0ed84f6#13-t1, previous=(t:1, i:8), leaderCommit=8, initializing? false, entries: <empty>
2019-10-25 05:32:33,107 [Thread-288] INFO  client.GrpcClientProtocolService (GrpcClientProtocolService.java:lambda$processClientRequest$0(279)) - Failed RaftClientRequest:client-B1E3923C01C0->9484238f-0427-4b0f-b3b9-a493ba149161@group-B84BBA7D09AC, cid=10, seq=0, Watch-ALL_COMMITTED(6), Message:<EMPTY>, reply=RaftClientReply:client-B1E3923C01C0->9484238f-0427-4b0f-b3b9-a493ba149161@group-B84BBA7D09AC, cid=10, FAILED org.apache.ratis.protocol.NotLeaderException: Server 9484238f-0427-4b0f-b3b9-a493ba149161@group-B84BBA7D09AC is not the leader a05bcb01-8262-4b6c-960b-c3a46ef8bd63:192.168.164.244:44076, logIndex=0, commits[9484238f-0427-4b0f-b3b9-a493ba149161:c8, a05bcb01-8262-4b6c-960b-c3a46ef8bd63:c8, 4ce8dd57-9997-4466-b69c-bdc1e0ed84f6:c4]
2019-10-25 05:32:34,586 [java.util.concurrent.ThreadPoolExecutor$Worker@b00648b[State = -1, empty queue]] WARN  server.GrpcLogAppender (GrpcLogAppender.java:timeoutAppendRequest(209)) - a05bcb01-8262-4b6c-960b-c3a46ef8bd63@group-B84BBA7D09AC->4ce8dd57-9997-4466-b69c-bdc1e0ed84f6-GrpcLogAppender: appendEntries Timeout, request=a05bcb01-8262-4b6c-960b-c3a46ef8bd63->4ce8dd57-9997-4466-b69c-bdc1e0ed84f6#14-t1, previous=(t:1, i:8), leaderCommit=8, initializing? false, entries: <empty>
2019-10-25 05:32:34,688 [Thread-292] INFO  client.GrpcClientProtocolService (GrpcClientProtocolService.java:lambda$processClientRequest$0(279)) - Failed RaftClientRequest:client-B1E3923C01C0->a05bcb01-8262-4b6c-960b-c3a46ef8bd63@group-B84BBA7D09AC, cid=10, seq=0, Watch-ALL_COMMITTED(6), Message:<EMPTY>, reply=RaftClientReply:client-B1E3923C01C0->a05bcb01-8262-4b6c-960b-c3a46ef8bd63@group-B84BBA7D09AC, cid=10, FAILED org.apache.ratis.protocol.NotReplicatedException: Request with call Id 10 and log index 6 is not yet replicated to ALL_COMMITTED, logIndex=6, commits[a05bcb01-8262-4b6c-960b-c3a46ef8bd63:c8, 4ce8dd57-9997-4466-b69c-bdc1e0ed84f6:c4, 9484238f-0427-4b0f-b3b9-a493ba149161:c8]
2019-10-25 05:32:37,087 [java.util.concurrent.ThreadPoolExecutor$Worker@b00648b[State = -1, empty queue]] WARN  server.GrpcLogAppender (GrpcLogAppender.java:timeoutAppendRequest(209)) - a05bcb01-8262-4b6c-960b-c3a46ef8bd63@group-B84BBA7D09AC->4ce8dd57-9997-4466-b69c-bdc1e0ed84f6-GrpcLogAppender: appendEntries Timeout, request=a05bcb01-8262-4b6c-960b-c3a46ef8bd63->4ce8dd57-9997-4466-b69c-bdc1e0ed84f6#15-t1, previous=(t:1, i:8), leaderCommit=8, initializing? false, entries: <empty>
2019-10-25 05:32:39,588 [java.util.concurrent.ThreadPoolExecutor$Worker@b00648b[State = -1, empty queue]] WARN  server.GrpcLogAppender (GrpcLogAppender.java:timeoutAppendRequest(209)) - a05bcb01-8262-4b6c-960b-c3a46ef8bd63@group-B84BBA7D09AC->4ce8dd57-9997-4466-b69c-bdc1e0ed84f6-GrpcLogAppender: appendEntries Timeout, request=a05bcb01-8262-4b6c-960b-c3a46ef8bd63->4ce8dd57-9997-4466-b69c-bdc1e0ed84f6#16-t1, previous=(t:1, i:8), leaderCommit=8, initializing? false, entries: <empty>
2019-10-25 05:32:42,089 [java.util.concurrent.ThreadPoolExecutor$Worker@b00648b[State = -1, empty queue]] WARN  server.GrpcLogAppender (GrpcLogAppender.java:timeoutAppendRequest(209)) - a05bcb01-8262-4b6c-960b-c3a46ef8bd63@group-B84BBA7D09AC->4ce8dd57-9997-4466-b69c-bdc1e0ed84f6-GrpcLogAppender: appendEntries Timeout, request=a05bcb01-8262-4b6c-960b-c3a46ef8bd63->4ce8dd57-9997-4466-b69c-bdc1e0ed84f6#17-t1, previous=(t:1, i:8), leaderCommit=8, initializing? false, entries: <empty>
2019-10-25 05:32:42,134 [Thread-298] INFO  client.GrpcClientProtocolService (GrpcClientProtocolService.java:lambda$processClientRequest$0(279)) - Failed RaftClientRequest:client-B1E3923C01C0->9484238f-0427-4b0f-b3b9-a493ba149161@group-B84BBA7D09AC, cid=10, seq=0, Watch-ALL_COMMITTED(6), Message:<EMPTY>, reply=RaftClientReply:client-B1E3923C01C0->9484238f-0427-4b0f-b3b9-a493ba149161@group-B84BBA7D09AC, cid=10, FAILED org.apache.ratis.protocol.NotLeaderException: Server 9484238f-0427-4b0f-b3b9-a493ba149161@group-B84BBA7D09AC is not the leader a05bcb01-8262-4b6c-960b-c3a46ef8bd63:192.168.164.244:44076, logIndex=0, commits[9484238f-0427-4b0f-b3b9-a493ba149161:c8, a05bcb01-8262-4b6c-960b-c3a46ef8bd63:c8, 4ce8dd57-9997-4466-b69c-bdc1e0ed84f6:c4]
2019-10-25 05:32:43,684 [Thread-301] INFO  client.GrpcClientProtocolService (GrpcClientProtocolService.java:lambda$processClientRequest$0(279)) - Failed RaftClientRequest:client-B1E3923C01C0->a05bcb01-8262-4b6c-960b-c3a46ef8bd63@group-B84BBA7D09AC, cid=10, seq=0, Watch-ALL_COMMITTED(6), Message:<EMPTY>, reply=RaftClientReply:client-B1E3923C01C0->a05bcb01-8262-4b6c-960b-c3a46ef8bd63@group-B84BBA7D09AC, cid=10, FAILED org.apache.ratis.protocol.NotReplicatedException: Request with call Id 10 and log index 6 is not yet replicated to ALL_COMMITTED, logIndex=6, commits[a05bcb01-8262-4b6c-960b-c3a46ef8bd63:c8, 4ce8dd57-9997-4466-b69c-bdc1e0ed84f6:c4, 9484238f-0427-4b0f-b3b9-a493ba149161:c8]
2019-10-25 05:32:44,590 [java.util.concurrent.ThreadPoolExecutor$Worker@b00648b[State = -1, empty queue]] WARN  server.GrpcLogAppender (GrpcLogAppender.java:timeoutAppendRequest(209)) - a05bcb01-8262-4b6c-960b-c3a46ef8bd63@group-B84BBA7D09AC->4ce8dd57-9997-4466-b69c-bdc1e0ed84f6-GrpcLogAppender: appendEntries Timeout, request=a05bcb01-8262-4b6c-960b-c3a46ef8bd63->4ce8dd57-9997-4466-b69c-bdc1e0ed84f6#18-t1, previous=(t:1, i:8), leaderCommit=8, initializing? false, entries: <empty>
2019-10-25 05:32:47,091 [java.util.concurrent.ThreadPoolExecutor$Worker@b00648b[State = -1, empty queue]] WARN  server.GrpcLogAppender (GrpcLogAppender.java:timeoutAppendRequest(209)) - a05bcb01-8262-4b6c-960b-c3a46ef8bd63@group-B84BBA7D09AC->4ce8dd57-9997-4466-b69c-bdc1e0ed84f6-GrpcLogAppender: appendEntries Timeout, request=a05bcb01-8262-4b6c-960b-c3a46ef8bd63->4ce8dd57-9997-4466-b69c-bdc1e0ed84f6#19-t1, previous=(t:1, i:8), leaderCommit=8, initializing? false, entries: <empty>
2019-10-25 05:32:49,593 [java.util.concurrent.ThreadPoolExecutor$Worker@b00648b[State = -1, empty queue]] WARN  server.GrpcLogAppender (GrpcLogAppender.java:timeoutAppendRequest(209)) - a05bcb01-8262-4b6c-960b-c3a46ef8bd63@group-B84BBA7D09AC->4ce8dd57-9997-4466-b69c-bdc1e0ed84f6-GrpcLogAppender: appendEntries Timeout, request=a05bcb01-8262-4b6c-960b-c3a46ef8bd63->4ce8dd57-9997-4466-b69c-bdc1e0ed84f6#20-t1, previous=(t:1, i:8), leaderCommit=8, initializing? false, entries: <empty>
2019-10-25 05:32:52,095 [java.util.concurrent.ThreadPoolExecutor$Worker@b00648b[State = -1, empty queue]] WARN  server.GrpcLogAppender (GrpcLogAppender.java:timeoutAppendRequest(209)) - a05bcb01-8262-4b6c-960b-c3a46ef8bd63@group-B84BBA7D09AC->4ce8dd57-9997-4466-b69c-bdc1e0ed84f6-GrpcLogAppender: appendEntries Timeout, request=a05bcb01-8262-4b6c-960b-c3a46ef8bd63->4ce8dd57-9997-4466-b69c-bdc1e0ed84f6#21-t1, previous=(t:1, i:8), leaderCommit=8, initializing? false, entries: <empty>
2019-10-25 05:32:52,188 [Thread-310] INFO  client.GrpcClientProtocolService (GrpcClientProtocolService.java:lambda$processClientRequest$0(279)) - Failed RaftClientRequest:client-B1E3923C01C0->9484238f-0427-4b0f-b3b9-a493ba149161@group-B84BBA7D09AC, cid=10, seq=0, Watch-ALL_COMMITTED(6), Message:<EMPTY>, reply=RaftClientReply:client-B1E3923C01C0->9484238f-0427-4b0f-b3b9-a493ba149161@group-B84BBA7D09AC, cid=10, FAILED org.apache.ratis.protocol.NotLeaderException: Server 9484238f-0427-4b0f-b3b9-a493ba149161@group-B84BBA7D09AC is not the leader a05bcb01-8262-4b6c-960b-c3a46ef8bd63:192.168.164.244:44076, logIndex=0, commits[9484238f-0427-4b0f-b3b9-a493ba149161:c8, a05bcb01-8262-4b6c-960b-c3a46ef8bd63:c8, 4ce8dd57-9997-4466-b69c-bdc1e0ed84f6:c4]
2019-10-25 05:32:52,683 [Thread-313] INFO  client.GrpcClientProtocolService (GrpcClientProtocolService.java:lambda$processClientRequest$0(279)) - Failed RaftClientRequest:client-B1E3923C01C0->a05bcb01-8262-4b6c-960b-c3a46ef8bd63@group-B84BBA7D09AC, cid=10, seq=0, Watch-ALL_COMMITTED(6), Message:<EMPTY>, reply=RaftClientReply:client-B1E3923C01C0->a05bcb01-8262-4b6c-960b-c3a46ef8bd63@group-B84BBA7D09AC, cid=10, FAILED org.apache.ratis.protocol.NotReplicatedException: Request with call Id 10 and log index 6 is not yet replicated to ALL_COMMITTED, logIndex=6, commits[a05bcb01-8262-4b6c-960b-c3a46ef8bd63:c8, 4ce8dd57-9997-4466-b69c-bdc1e0ed84f6:c4, 9484238f-0427-4b0f-b3b9-a493ba149161:c8]
2019-10-25 05:32:54,092 [main] WARN  scm.XceiverClientRatis (XceiverClientRatis.java:watchForCommit(277)) - 3 way commit failed on pipeline Pipeline[ Id: 5e939ce8-5918-4d57-a2cf-b84bba7d09ac, Nodes: a05bcb01-8262-4b6c-960b-c3a46ef8bd63{ip: 192.168.164.244, host: pr-hdds-1701-29n7p-3046025130, networkLocation: /default-rack, certSerialId: null}4ce8dd57-9997-4466-b69c-bdc1e0ed84f6{ip: 192.168.164.244, host: pr-hdds-1701-29n7p-3046025130, networkLocation: /default-rack, certSerialId: null}9484238f-0427-4b0f-b3b9-a493ba149161{ip: 192.168.164.244, host: pr-hdds-1701-29n7p-3046025130, networkLocation: /default-rack, certSerialId: null}, Type:RATIS, Factor:THREE, State:OPEN]
java.util.concurrent.TimeoutException
	at java.util.concurrent.CompletableFuture.timedGet(CompletableFuture.java:1771)
	at java.util.concurrent.CompletableFuture.get(CompletableFuture.java:1915)
	at org.apache.hadoop.hdds.scm.XceiverClientRatis.watchForCommit(XceiverClientRatis.java:274)
	at org.apache.hadoop.hdds.scm.storage.CommitWatcher.watchForCommit(CommitWatcher.java:198)
	at org.apache.hadoop.hdds.scm.storage.CommitWatcher.watchOnLastIndex(CommitWatcher.java:161)
	at org.apache.hadoop.hdds.scm.storage.BlockOutputStream.watchForCommit(BlockOutputStream.java:346)
	at org.apache.hadoop.hdds.scm.storage.BlockOutputStream.handleFlush(BlockOutputStream.java:482)
	at org.apache.hadoop.hdds.scm.storage.BlockOutputStream.close(BlockOutputStream.java:496)
	at org.apache.hadoop.ozone.client.io.BlockOutputStreamEntry.close(BlockOutputStreamEntry.java:143)
	at org.apache.hadoop.ozone.client.io.KeyOutputStream.handleFlushOrClose(KeyOutputStream.java:435)
	at org.apache.hadoop.ozone.client.io.KeyOutputStream.close(KeyOutputStream.java:473)
	at org.apache.hadoop.ozone.client.io.OzoneOutputStream.close(OzoneOutputStream.java:60)
	at org.apache.hadoop.ozone.client.rpc.TestDeleteWithSlowFollower.testDeleteKeyWithSlowFollower(TestDeleteWithSlowFollower.java:193)
	at sun.reflect.NativeMethodAccessorImpl.invoke0(Native Method)
	at sun.reflect.NativeMethodAccessorImpl.invoke(NativeMethodAccessorImpl.java:62)
	at sun.reflect.DelegatingMethodAccessorImpl.invoke(DelegatingMethodAccessorImpl.java:43)
	at java.lang.reflect.Method.invoke(Method.java:498)
	at org.junit.runners.model.FrameworkMethod$1.runReflectiveCall(FrameworkMethod.java:47)
	at org.junit.internal.runners.model.ReflectiveCallable.run(ReflectiveCallable.java:12)
	at org.junit.runners.model.FrameworkMethod.invokeExplosively(FrameworkMethod.java:44)
	at org.junit.internal.runners.statements.InvokeMethod.evaluate(InvokeMethod.java:17)
	at org.junit.runners.ParentRunner.runLeaf(ParentRunner.java:271)
	at org.junit.runners.BlockJUnit4ClassRunner.runChild(BlockJUnit4ClassRunner.java:70)
	at org.junit.runners.BlockJUnit4ClassRunner.runChild(BlockJUnit4ClassRunner.java:50)
	at org.junit.runners.ParentRunner$3.run(ParentRunner.java:238)
	at org.junit.runners.ParentRunner$1.schedule(ParentRunner.java:63)
	at org.junit.runners.ParentRunner.runChildren(ParentRunner.java:236)
	at org.junit.runners.ParentRunner.access$000(ParentRunner.java:53)
	at org.junit.runners.ParentRunner$2.evaluate(ParentRunner.java:229)
	at org.junit.internal.runners.statements.RunBefores.evaluate(RunBefores.java:26)
	at org.junit.internal.runners.statements.RunAfters.evaluate(RunAfters.java:27)
	at org.junit.runners.ParentRunner.run(ParentRunner.java:309)
	at org.apache.maven.surefire.junit4.JUnit4Provider.execute(JUnit4Provider.java:365)
	at org.apache.maven.surefire.junit4.JUnit4Provider.executeWithRerun(JUnit4Provider.java:273)
	at org.apache.maven.surefire.junit4.JUnit4Provider.executeTestSet(JUnit4Provider.java:238)
	at org.apache.maven.surefire.junit4.JUnit4Provider.invoke(JUnit4Provider.java:159)
	at org.apache.maven.surefire.booter.ForkedBooter.invokeProviderInSameClassLoader(ForkedBooter.java:384)
	at org.apache.maven.surefire.booter.ForkedBooter.runSuitesInProcess(ForkedBooter.java:345)
	at org.apache.maven.surefire.booter.ForkedBooter.execute(ForkedBooter.java:126)
	at org.apache.maven.surefire.booter.ForkedBooter.main(ForkedBooter.java:418)
2019-10-25 05:32:54,110 [main] INFO  scm.XceiverClientRatis (XceiverClientRatis.java:lambda$watchForCommit$5(295)) - Could not commit index 6 on pipeline Pipeline[ Id: 5e939ce8-5918-4d57-a2cf-b84bba7d09ac, Nodes: a05bcb01-8262-4b6c-960b-c3a46ef8bd63{ip: 192.168.164.244, host: pr-hdds-1701-29n7p-3046025130, networkLocation: /default-rack, certSerialId: null}4ce8dd57-9997-4466-b69c-bdc1e0ed84f6{ip: 192.168.164.244, host: pr-hdds-1701-29n7p-3046025130, networkLocation: /default-rack, certSerialId: null}9484238f-0427-4b0f-b3b9-a493ba149161{ip: 192.168.164.244, host: pr-hdds-1701-29n7p-3046025130, networkLocation: /default-rack, certSerialId: null}, Type:RATIS, Factor:THREE, State:OPEN] to all the nodes. Server 4ce8dd57-9997-4466-b69c-bdc1e0ed84f6 has failed. Committed by majority.
2019-10-25 05:32:54,110 [main] WARN  storage.BlockOutputStream (BlockOutputStream.java:watchForCommit(352)) - Failed to commit BlockId conID: 1 locID: 103021381825396736 bcsId: 6 on Pipeline[ Id: 5e939ce8-5918-4d57-a2cf-b84bba7d09ac, Nodes: a05bcb01-8262-4b6c-960b-c3a46ef8bd63{ip: 192.168.164.244, host: pr-hdds-1701-29n7p-3046025130, networkLocation: /default-rack, certSerialId: null}4ce8dd57-9997-4466-b69c-bdc1e0ed84f6{ip: 192.168.164.244, host: pr-hdds-1701-29n7p-3046025130, networkLocation: /default-rack, certSerialId: null}9484238f-0427-4b0f-b3b9-a493ba149161{ip: 192.168.164.244, host: pr-hdds-1701-29n7p-3046025130, networkLocation: /default-rack, certSerialId: null}, Type:RATIS, Factor:THREE, State:OPEN]. Failed nodes: [4ce8dd57-9997-4466-b69c-bdc1e0ed84f6{ip: null, host: null, networkLocation: /default-rack, certSerialId: null}]
2019-10-25 05:32:54,195 [EventQueue-IncrementalContainerReportForIncrementalContainerReportHandler] WARN  container.IncrementalContainerReportHandler (AbstractContainerReportHandler.java:updateContainerState(145)) - Container #1 is in OPEN state, but the datanode a05bcb01-8262-4b6c-960b-c3a46ef8bd63{ip: 192.168.164.244, host: pr-hdds-1701-29n7p-3046025130, networkLocation: /default-rack, certSerialId: null} reports an CLOSING replica.
2019-10-25 05:32:54,206 [RatisApplyTransactionExecutor 1] INFO  interfaces.Container (KeyValueContainer.java:flushAndSyncDB(386)) - Container 1 is synced with bcsId 6.
2019-10-25 05:32:54,207 [RatisApplyTransactionExecutor 1] INFO  interfaces.Container (KeyValueContainer.java:flushAndSyncDB(386)) - Container 1 is synced with bcsId 6.
2019-10-25 05:32:54,221 [RatisApplyTransactionExecutor 1] INFO  interfaces.Container (KeyValueContainer.java:close(335)) - Container 1 is closed with bcsId 6.
2019-10-25 05:32:54,223 [EventQueue-IncrementalContainerReportForIncrementalContainerReportHandler] WARN  container.IncrementalContainerReportHandler (AbstractContainerReportHandler.java:updateContainerState(145)) - Container #1 is in OPEN state, but the datanode 9484238f-0427-4b0f-b3b9-a493ba149161{ip: 192.168.164.244, host: pr-hdds-1701-29n7p-3046025130, networkLocation: /default-rack, certSerialId: null} reports an CLOSING replica.
2019-10-25 05:32:54,224 [EventQueue-IncrementalContainerReportForIncrementalContainerReportHandler] WARN  container.IncrementalContainerReportHandler (AbstractContainerReportHandler.java:updateContainerState(145)) - Container #1 is in OPEN state, but the datanode a05bcb01-8262-4b6c-960b-c3a46ef8bd63{ip: 192.168.164.244, host: pr-hdds-1701-29n7p-3046025130, networkLocation: /default-rack, certSerialId: null} reports an CLOSED replica.
2019-10-25 05:32:54,232 [RatisApplyTransactionExecutor 1] INFO  interfaces.Container (KeyValueContainer.java:flushAndSyncDB(386)) - Container 1 is synced with bcsId 6.
2019-10-25 05:32:54,233 [RatisApplyTransactionExecutor 1] INFO  interfaces.Container (KeyValueContainer.java:flushAndSyncDB(386)) - Container 1 is synced with bcsId 6.
2019-10-25 05:32:54,249 [RatisApplyTransactionExecutor 1] INFO  interfaces.Container (KeyValueContainer.java:close(335)) - Container 1 is closed with bcsId 6.
2019-10-25 05:32:54,250 [EventQueue-IncrementalContainerReportForIncrementalContainerReportHandler] WARN  container.IncrementalContainerReportHandler (AbstractContainerReportHandler.java:updateContainerState(145)) - Container #1 is in OPEN state, but the datanode 9484238f-0427-4b0f-b3b9-a493ba149161{ip: 192.168.164.244, host: pr-hdds-1701-29n7p-3046025130, networkLocation: /default-rack, certSerialId: null} reports an CLOSED replica.
2019-10-25 05:32:54,322 [EventQueue-ContainerReportForContainerReportHandler] WARN  container.ContainerReportHandler (AbstractContainerReportHandler.java:updateContainerState(145)) - Container #1 is in OPEN state, but the datanode a05bcb01-8262-4b6c-960b-c3a46ef8bd63{ip: 192.168.164.244, host: pr-hdds-1701-29n7p-3046025130, networkLocation: /default-rack, certSerialId: null} reports an CLOSED replica.
2019-10-25 05:32:54,363 [BlockDeletingService#2] WARN  background.BlockDeletingService (BlockDeletingService.java:isDeletionAllowed(187)) - Close Container log Index 6 is not replicated across allthe servers in the pipeline 5e939ce8-5918-4d57-a2cf-b84bba7d09ac as the min replicated index is 4. Deletion is not allowed in this container yet.
2019-10-25 05:32:54,364 [BlockDeletingService#2] WARN  background.BlockDeletingService (BlockDeletingService.java:isDeletionAllowed(187)) - Close Container log Index 6 is not replicated across allthe servers in the pipeline 5e939ce8-5918-4d57-a2cf-b84bba7d09ac as the min replicated index is 4. Deletion is not allowed in this container yet.
2019-10-25 05:32:54,450 [EventQueue-ContainerReportForContainerReportHandler] WARN  container.ContainerReportHandler (AbstractContainerReportHandler.java:updateContainerState(145)) - Container #1 is in OPEN state, but the datanode 9484238f-0427-4b0f-b3b9-a493ba149161{ip: 192.168.164.244, host: pr-hdds-1701-29n7p-3046025130, networkLocation: /default-rack, certSerialId: null} reports an CLOSED replica.
2019-10-25 05:32:54,598 [java.util.concurrent.ThreadPoolExecutor$Worker@b00648b[State = -1, empty queue]] WARN  server.GrpcLogAppender (GrpcLogAppender.java:timeoutAppendRequest(209)) - a05bcb01-8262-4b6c-960b-c3a46ef8bd63@group-B84BBA7D09AC->4ce8dd57-9997-4466-b69c-bdc1e0ed84f6-GrpcLogAppender: appendEntries Timeout, request=a05bcb01-8262-4b6c-960b-c3a46ef8bd63->4ce8dd57-9997-4466-b69c-bdc1e0ed84f6#22-t1, previous=(t:1, i:8), leaderCommit=8, initializing? false, entries: <empty>
2019-10-25 05:32:54,622 [EventQueue-ContainerReportForContainerReportHandler] WARN  container.ContainerReportHandler (AbstractContainerReportHandler.java:updateContainerState(145)) - Container #1 is in OPEN state, but the datanode a05bcb01-8262-4b6c-960b-c3a46ef8bd63{ip: 192.168.164.244, host: pr-hdds-1701-29n7p-3046025130, networkLocation: /default-rack, certSerialId: null} reports an CLOSED replica.
2019-10-25 05:32:54,652 [EventQueue-ContainerReportForContainerReportHandler] WARN  container.ContainerReportHandler (AbstractContainerReportHandler.java:updateContainerState(145)) - Container #1 is in OPEN state, but the datanode 9484238f-0427-4b0f-b3b9-a493ba149161{ip: 192.168.164.244, host: pr-hdds-1701-29n7p-3046025130, networkLocation: /default-rack, certSerialId: null} reports an CLOSED replica.
2019-10-25 05:32:54,951 [EventQueue-ContainerReportForContainerReportHandler] WARN  container.ContainerReportHandler (AbstractContainerReportHandler.java:updateContainerState(145)) - Container #1 is in OPEN state, but the datanode 9484238f-0427-4b0f-b3b9-a493ba149161{ip: 192.168.164.244, host: pr-hdds-1701-29n7p-3046025130, networkLocation: /default-rack, certSerialId: null} reports an CLOSED replica.
2019-10-25 05:32:55,023 [EventQueue-ContainerReportForContainerReportHandler] WARN  container.ContainerReportHandler (AbstractContainerReportHandler.java:updateContainerState(145)) - Container #1 is in OPEN state, but the datanode a05bcb01-8262-4b6c-960b-c3a46ef8bd63{ip: 192.168.164.244, host: pr-hdds-1701-29n7p-3046025130, networkLocation: /default-rack, certSerialId: null} reports an CLOSED replica.
2019-10-25 05:32:55,152 [EventQueue-ContainerReportForContainerReportHandler] WARN  container.ContainerReportHandler (AbstractContainerReportHandler.java:updateContainerState(145)) - Container #1 is in OPEN state, but the datanode 9484238f-0427-4b0f-b3b9-a493ba149161{ip: 192.168.164.244, host: pr-hdds-1701-29n7p-3046025130, networkLocation: /default-rack, certSerialId: null} reports an CLOSED replica.
2019-10-25 05:32:55,221 [IPC Server handler 0 on 45108] INFO  server.SCMBlockProtocolServer (SCMBlockProtocolServer.java:deleteKeyBlocks(217)) - SCM is informed by OM to delete 1 blocks
2019-10-25 05:32:55,222 [IPC Server handler 0 on 45108] INFO  block.BlockManagerImpl (BlockManagerImpl.java:deleteBlocks(285)) - Deleting blocks conID: 1 locID: 103021381825396736 bcsId: 0
2019-10-25 05:32:55,322 [EventQueue-ContainerReportForContainerReportHandler] WARN  container.ContainerReportHandler (AbstractContainerReportHandler.java:updateContainerState(145)) - Container #1 is in OPEN state, but the datanode a05bcb01-8262-4b6c-960b-c3a46ef8bd63{ip: 192.168.164.244, host: pr-hdds-1701-29n7p-3046025130, networkLocation: /default-rack, certSerialId: null} reports an CLOSED replica.
2019-10-25 05:32:55,365 [BlockDeletingService#2] WARN  background.BlockDeletingService (BlockDeletingService.java:isDeletionAllowed(187)) - Close Container log Index 6 is not replicated across allthe servers in the pipeline 5e939ce8-5918-4d57-a2cf-b84bba7d09ac as the min replicated index is 4. Deletion is not allowed in this container yet.
2019-10-25 05:32:55,366 [BlockDeletingService#2] WARN  background.BlockDeletingService (BlockDeletingService.java:isDeletionAllowed(187)) - Close Container log Index 6 is not replicated across allthe servers in the pipeline 5e939ce8-5918-4d57-a2cf-b84bba7d09ac as the min replicated index is 4. Deletion is not allowed in this container yet.
2019-10-25 05:32:55,523 [EventQueue-ContainerReportForContainerReportHandler] WARN  container.ContainerReportHandler (AbstractContainerReportHandler.java:updateContainerState(145)) - Container #1 is in OPEN state, but the datanode a05bcb01-8262-4b6c-960b-c3a46ef8bd63{ip: 192.168.164.244, host: pr-hdds-1701-29n7p-3046025130, networkLocation: /default-rack, certSerialId: null} reports an CLOSED replica.
2019-10-25 05:32:55,552 [EventQueue-ContainerReportForContainerReportHandler] WARN  container.ContainerReportHandler (AbstractContainerReportHandler.java:updateContainerState(145)) - Container #1 is in OPEN state, but the datanode 9484238f-0427-4b0f-b3b9-a493ba149161{ip: 192.168.164.244, host: pr-hdds-1701-29n7p-3046025130, networkLocation: /default-rack, certSerialId: null} reports an CLOSED replica.
2019-10-25 05:32:55,852 [EventQueue-ContainerReportForContainerReportHandler] WARN  container.ContainerReportHandler (AbstractContainerReportHandler.java:updateContainerState(145)) - Container #1 is in OPEN state, but the datanode 9484238f-0427-4b0f-b3b9-a493ba149161{ip: 192.168.164.244, host: pr-hdds-1701-29n7p-3046025130, networkLocation: /default-rack, certSerialId: null} reports an CLOSED replica.
2019-10-25 05:32:55,923 [EventQueue-ContainerReportForContainerReportHandler] WARN  container.ContainerReportHandler (AbstractContainerReportHandler.java:updateContainerState(145)) - Container #1 is in OPEN state, but the datanode a05bcb01-8262-4b6c-960b-c3a46ef8bd63{ip: 192.168.164.244, host: pr-hdds-1701-29n7p-3046025130, networkLocation: /default-rack, certSerialId: null} reports an CLOSED replica.
2019-10-25 05:32:56,152 [EventQueue-ContainerReportForContainerReportHandler] WARN  container.ContainerReportHandler (AbstractContainerReportHandler.java:updateContainerState(145)) - Container #1 is in OPEN state, but the datanode 9484238f-0427-4b0f-b3b9-a493ba149161{ip: 192.168.164.244, host: pr-hdds-1701-29n7p-3046025130, networkLocation: /default-rack, certSerialId: null} reports an CLOSED replica.
2019-10-25 05:32:56,223 [EventQueue-ContainerReportForContainerReportHandler] WARN  container.ContainerReportHandler (AbstractContainerReportHandler.java:updateContainerState(145)) - Container #1 is in OPEN state, but the datanode a05bcb01-8262-4b6c-960b-c3a46ef8bd63{ip: 192.168.164.244, host: pr-hdds-1701-29n7p-3046025130, networkLocation: /default-rack, certSerialId: null} reports an CLOSED replica.
2019-10-25 05:32:56,366 [BlockDeletingService#2] WARN  background.BlockDeletingService (BlockDeletingService.java:isDeletionAllowed(187)) - Close Container log Index 6 is not replicated across allthe servers in the pipeline 5e939ce8-5918-4d57-a2cf-b84bba7d09ac as the min replicated index is 4. Deletion is not allowed in this container yet.
2019-10-25 05:32:56,367 [BlockDeletingService#2] WARN  background.BlockDeletingService (BlockDeletingService.java:isDeletionAllowed(187)) - Close Container log Index 6 is not replicated across allthe servers in the pipeline 5e939ce8-5918-4d57-a2cf-b84bba7d09ac as the min replicated index is 4. Deletion is not allowed in this container yet.
2019-10-25 05:32:56,553 [EventQueue-ContainerReportForContainerReportHandler] WARN  container.ContainerReportHandler (AbstractContainerReportHandler.java:updateContainerState(145)) - Container #1 is in OPEN state, but the datanode 9484238f-0427-4b0f-b3b9-a493ba149161{ip: 192.168.164.244, host: pr-hdds-1701-29n7p-3046025130, networkLocation: /default-rack, certSerialId: null} reports an CLOSED replica.
2019-10-25 05:32:56,623 [EventQueue-ContainerReportForContainerReportHandler] WARN  container.ContainerReportHandler (AbstractContainerReportHandler.java:updateContainerState(145)) - Container #1 is in OPEN state, but the datanode a05bcb01-8262-4b6c-960b-c3a46ef8bd63{ip: 192.168.164.244, host: pr-hdds-1701-29n7p-3046025130, networkLocation: /default-rack, certSerialId: null} reports an CLOSED replica.
2019-10-25 05:32:56,753 [EventQueue-ContainerReportForContainerReportHandler] WARN  container.ContainerReportHandler (AbstractContainerReportHandler.java:updateContainerState(145)) - Container #1 is in OPEN state, but the datanode 9484238f-0427-4b0f-b3b9-a493ba149161{ip: 192.168.164.244, host: pr-hdds-1701-29n7p-3046025130, networkLocation: /default-rack, certSerialId: null} reports an CLOSED replica.
2019-10-25 05:32:57,023 [EventQueue-ContainerReportForContainerReportHandler] WARN  container.ContainerReportHandler (AbstractContainerReportHandler.java:updateContainerState(145)) - Container #1 is in OPEN state, but the datanode a05bcb01-8262-4b6c-960b-c3a46ef8bd63{ip: 192.168.164.244, host: pr-hdds-1701-29n7p-3046025130, networkLocation: /default-rack, certSerialId: null} reports an CLOSED replica.
2019-10-25 05:32:57,101 [java.util.concurrent.ThreadPoolExecutor$Worker@b00648b[State = -1, empty queue]] WARN  server.GrpcLogAppender (GrpcLogAppender.java:timeoutAppendRequest(209)) - a05bcb01-8262-4b6c-960b-c3a46ef8bd63@group-B84BBA7D09AC->4ce8dd57-9997-4466-b69c-bdc1e0ed84f6-GrpcLogAppender: appendEntries Timeout, request=a05bcb01-8262-4b6c-960b-c3a46ef8bd63->4ce8dd57-9997-4466-b69c-bdc1e0ed84f6#23-t1, previous=(t:1, i:8), leaderCommit=8, initializing? false, entries: <empty>
2019-10-25 05:32:57,154 [EventQueue-ContainerReportForContainerReportHandler] WARN  container.ContainerReportHandler (AbstractContainerReportHandler.java:updateContainerState(145)) - Container #1 is in OPEN state, but the datanode 9484238f-0427-4b0f-b3b9-a493ba149161{ip: 192.168.164.244, host: pr-hdds-1701-29n7p-3046025130, networkLocation: /default-rack, certSerialId: null} reports an CLOSED replica.
2019-10-25 05:32:57,167 [java.util.concurrent.ThreadPoolExecutor$Worker@b00648b[State = -1, empty queue]] WARN  server.GrpcLogAppender (GrpcLogAppender.java:timeoutAppendRequest(209)) - a05bcb01-8262-4b6c-960b-c3a46ef8bd63@group-B84BBA7D09AC->4ce8dd57-9997-4466-b69c-bdc1e0ed84f6-GrpcLogAppender: appendEntries Timeout, request=a05bcb01-8262-4b6c-960b-c3a46ef8bd63->4ce8dd57-9997-4466-b69c-bdc1e0ed84f6#24-t1, previous=(t:1, i:8), leaderCommit=8, initializing? false, entries: size=1, first=(t:1, i:9), STATEMACHINELOGENTRY, client-96B77EFFD845, cid=12
2019-10-25 05:32:57,182 [java.util.concurrent.ThreadPoolExecutor$Worker@b00648b[State = -1, empty queue]] WARN  server.GrpcLogAppender (GrpcLogAppender.java:timeoutAppendRequest(209)) - a05bcb01-8262-4b6c-960b-c3a46ef8bd63@group-B84BBA7D09AC->4ce8dd57-9997-4466-b69c-bdc1e0ed84f6-GrpcLogAppender: appendEntries Timeout, request=a05bcb01-8262-4b6c-960b-c3a46ef8bd63->4ce8dd57-9997-4466-b69c-bdc1e0ed84f6#25-t1, previous=(t:1, i:9), leaderCommit=9, initializing? false, entries: size=1, first=(t:1, i:10), METADATAENTRY(c9)
2019-10-25 05:32:57,325 [EventQueue-ContainerReportForContainerReportHandler] WARN  container.ContainerReportHandler (AbstractContainerReportHandler.java:updateContainerState(145)) - Container #1 is in OPEN state, but the datanode a05bcb01-8262-4b6c-960b-c3a46ef8bd63{ip: 192.168.164.244, host: pr-hdds-1701-29n7p-3046025130, networkLocation: /default-rack, certSerialId: null} reports an CLOSED replica.
2019-10-25 05:32:57,368 [BlockDeletingService#2] WARN  background.BlockDeletingService (BlockDeletingService.java:isDeletionAllowed(187)) - Close Container log Index 6 is not replicated across allthe servers in the pipeline 5e939ce8-5918-4d57-a2cf-b84bba7d09ac as the min replicated index is 4. Deletion is not allowed in this container yet.
2019-10-25 05:32:57,369 [BlockDeletingService#2] WARN  background.BlockDeletingService (BlockDeletingService.java:isDeletionAllowed(187)) - Close Container log Index 6 is not replicated across allthe servers in the pipeline 5e939ce8-5918-4d57-a2cf-b84bba7d09ac as the min replicated index is 4. Deletion is not allowed in this container yet.
2019-10-25 05:32:57,455 [EventQueue-ContainerReportForContainerReportHandler] WARN  container.ContainerReportHandler (AbstractContainerReportHandler.java:updateContainerState(145)) - Container #1 is in OPEN state, but the datanode 9484238f-0427-4b0f-b3b9-a493ba149161{ip: 192.168.164.244, host: pr-hdds-1701-29n7p-3046025130, networkLocation: /default-rack, certSerialId: null} reports an CLOSED replica.
2019-10-25 05:32:57,626 [EventQueue-ContainerReportForContainerReportHandler] WARN  container.ContainerReportHandler (AbstractContainerReportHandler.java:updateContainerState(145)) - Container #1 is in OPEN state, but the datanode a05bcb01-8262-4b6c-960b-c3a46ef8bd63{ip: 192.168.164.244, host: pr-hdds-1701-29n7p-3046025130, networkLocation: /default-rack, certSerialId: null} reports an CLOSED replica.
2019-10-25 05:32:57,655 [EventQueue-ContainerReportForContainerReportHandler] WARN  container.ContainerReportHandler (AbstractContainerReportHandler.java:updateContainerState(145)) - Container #1 is in OPEN state, but the datanode 9484238f-0427-4b0f-b3b9-a493ba149161{ip: 192.168.164.244, host: pr-hdds-1701-29n7p-3046025130, networkLocation: /default-rack, certSerialId: null} reports an CLOSED replica.
2019-10-25 05:32:57,926 [EventQueue-ContainerReportForContainerReportHandler] WARN  container.ContainerReportHandler (AbstractContainerReportHandler.java:updateContainerState(145)) - Container #1 is in OPEN state, but the datanode a05bcb01-8262-4b6c-960b-c3a46ef8bd63{ip: 192.168.164.244, host: pr-hdds-1701-29n7p-3046025130, networkLocation: /default-rack, certSerialId: null} reports an CLOSED replica.
2019-10-25 05:32:57,955 [EventQueue-ContainerReportForContainerReportHandler] WARN  container.ContainerReportHandler (AbstractContainerReportHandler.java:updateContainerState(145)) - Container #1 is in OPEN state, but the datanode 9484238f-0427-4b0f-b3b9-a493ba149161{ip: 192.168.164.244, host: pr-hdds-1701-29n7p-3046025130, networkLocation: /default-rack, certSerialId: null} reports an CLOSED replica.
2019-10-25 05:32:58,126 [EventQueue-ContainerReportForContainerReportHandler] WARN  container.ContainerReportHandler (AbstractContainerReportHandler.java:updateContainerState(145)) - Container #1 is in OPEN state, but the datanode a05bcb01-8262-4b6c-960b-c3a46ef8bd63{ip: 192.168.164.244, host: pr-hdds-1701-29n7p-3046025130, networkLocation: /default-rack, certSerialId: null} reports an CLOSED replica.
2019-10-25 05:32:58,155 [EventQueue-ContainerReportForContainerReportHandler] WARN  container.ContainerReportHandler (AbstractContainerReportHandler.java:updateContainerState(145)) - Container #1 is in OPEN state, but the datanode 9484238f-0427-4b0f-b3b9-a493ba149161{ip: 192.168.164.244, host: pr-hdds-1701-29n7p-3046025130, networkLocation: /default-rack, certSerialId: null} reports an CLOSED replica.
2019-10-25 05:32:58,355 [EventQueue-ContainerReportForContainerReportHandler] WARN  container.ContainerReportHandler (AbstractContainerReportHandler.java:updateContainerState(145)) - Container #1 is in OPEN state, but the datanode 9484238f-0427-4b0f-b3b9-a493ba149161{ip: 192.168.164.244, host: pr-hdds-1701-29n7p-3046025130, networkLocation: /default-rack, certSerialId: null} reports an CLOSED replica.
2019-10-25 05:32:58,372 [BlockDeletingService#2] WARN  background.BlockDeletingService (BlockDeletingService.java:isDeletionAllowed(187)) - Close Container log Index 6 is not replicated across allthe servers in the pipeline 5e939ce8-5918-4d57-a2cf-b84bba7d09ac as the min replicated index is 4. Deletion is not allowed in this container yet.
2019-10-25 05:32:58,372 [BlockDeletingService#2] WARN  background.BlockDeletingService (BlockDeletingService.java:isDeletionAllowed(187)) - Close Container log Index 6 is not replicated across allthe servers in the pipeline 5e939ce8-5918-4d57-a2cf-b84bba7d09ac as the min replicated index is 4. Deletion is not allowed in this container yet.
2019-10-25 05:32:58,526 [EventQueue-ContainerReportForContainerReportHandler] WARN  container.ContainerReportHandler (AbstractContainerReportHandler.java:updateContainerState(145)) - Container #1 is in OPEN state, but the datanode a05bcb01-8262-4b6c-960b-c3a46ef8bd63{ip: 192.168.164.244, host: pr-hdds-1701-29n7p-3046025130, networkLocation: /default-rack, certSerialId: null} reports an CLOSED replica.
2019-10-25 05:32:58,655 [EventQueue-ContainerReportForContainerReportHandler] WARN  container.ContainerReportHandler (AbstractContainerReportHandler.java:updateContainerState(145)) - Container #1 is in OPEN state, but the datanode 9484238f-0427-4b0f-b3b9-a493ba149161{ip: 192.168.164.244, host: pr-hdds-1701-29n7p-3046025130, networkLocation: /default-rack, certSerialId: null} reports an CLOSED replica.
2019-10-25 05:32:58,827 [EventQueue-ContainerReportForContainerReportHandler] WARN  container.ContainerReportHandler (AbstractContainerReportHandler.java:updateContainerState(145)) - Container #1 is in OPEN state, but the datanode a05bcb01-8262-4b6c-960b-c3a46ef8bd63{ip: 192.168.164.244, host: pr-hdds-1701-29n7p-3046025130, networkLocation: /default-rack, certSerialId: null} reports an CLOSED replica.
2019-10-25 05:32:58,955 [EventQueue-ContainerReportForContainerReportHandler] WARN  container.ContainerReportHandler (AbstractContainerReportHandler.java:updateContainerState(145)) - Container #1 is in OPEN state, but the datanode 9484238f-0427-4b0f-b3b9-a493ba149161{ip: 192.168.164.244, host: pr-hdds-1701-29n7p-3046025130, networkLocation: /default-rack, certSerialId: null} reports an CLOSED replica.
2019-10-25 05:32:59,227 [EventQueue-ContainerReportForContainerReportHandler] WARN  container.ContainerReportHandler (AbstractContainerReportHandler.java:updateContainerState(145)) - Container #1 is in OPEN state, but the datanode a05bcb01-8262-4b6c-960b-c3a46ef8bd63{ip: 192.168.164.244, host: pr-hdds-1701-29n7p-3046025130, networkLocation: /default-rack, certSerialId: null} reports an CLOSED replica.
2019-10-25 05:32:59,356 [EventQueue-ContainerReportForContainerReportHandler] WARN  container.ContainerReportHandler (AbstractContainerReportHandler.java:updateContainerState(145)) - Container #1 is in OPEN state, but the datanode 9484238f-0427-4b0f-b3b9-a493ba149161{ip: 192.168.164.244, host: pr-hdds-1701-29n7p-3046025130, networkLocation: /default-rack, certSerialId: null} reports an CLOSED replica.
2019-10-25 05:32:59,375 [BlockDeletingService#2] WARN  background.BlockDeletingService (BlockDeletingService.java:isDeletionAllowed(187)) - Close Container log Index 6 is not replicated across allthe servers in the pipeline 5e939ce8-5918-4d57-a2cf-b84bba7d09ac as the min replicated index is 4. Deletion is not allowed in this container yet.
2019-10-25 05:32:59,375 [BlockDeletingService#2] WARN  background.BlockDeletingService (BlockDeletingService.java:isDeletionAllowed(187)) - Close Container log Index 6 is not replicated across allthe servers in the pipeline 5e939ce8-5918-4d57-a2cf-b84bba7d09ac as the min replicated index is 4. Deletion is not allowed in this container yet.
2019-10-25 05:32:59,427 [EventQueue-ContainerReportForContainerReportHandler] WARN  container.ContainerReportHandler (AbstractContainerReportHandler.java:updateContainerState(145)) - Container #1 is in OPEN state, but the datanode a05bcb01-8262-4b6c-960b-c3a46ef8bd63{ip: 192.168.164.244, host: pr-hdds-1701-29n7p-3046025130, networkLocation: /default-rack, certSerialId: null} reports an CLOSED replica.
2019-10-25 05:32:59,557 [EventQueue-ContainerReportForContainerReportHandler] WARN  container.ContainerReportHandler (AbstractContainerReportHandler.java:updateContainerState(145)) - Container #1 is in OPEN state, but the datanode 9484238f-0427-4b0f-b3b9-a493ba149161{ip: 192.168.164.244, host: pr-hdds-1701-29n7p-3046025130, networkLocation: /default-rack, certSerialId: null} reports an CLOSED replica.
2019-10-25 05:32:59,683 [java.util.concurrent.ThreadPoolExecutor$Worker@b00648b[State = -1, empty queue]] WARN  server.GrpcLogAppender (GrpcLogAppender.java:timeoutAppendRequest(209)) - a05bcb01-8262-4b6c-960b-c3a46ef8bd63@group-B84BBA7D09AC->4ce8dd57-9997-4466-b69c-bdc1e0ed84f6-GrpcLogAppender: appendEntries Timeout, request=a05bcb01-8262-4b6c-960b-c3a46ef8bd63->4ce8dd57-9997-4466-b69c-bdc1e0ed84f6#26-t1, previous=(t:1, i:10), leaderCommit=10, initializing? false, entries: <empty>
2019-10-25 05:32:59,728 [EventQueue-ContainerReportForContainerReportHandler] WARN  container.ContainerReportHandler (AbstractContainerReportHandler.java:updateContainerState(145)) - Container #1 is in OPEN state, but the datanode a05bcb01-8262-4b6c-960b-c3a46ef8bd63{ip: 192.168.164.244, host: pr-hdds-1701-29n7p-3046025130, networkLocation: /default-rack, certSerialId: null} reports an CLOSED replica.
2019-10-25 05:32:59,956 [EventQueue-ContainerReportForContainerReportHandler] WARN  container.ContainerReportHandler (AbstractContainerReportHandler.java:updateContainerState(145)) - Container #1 is in OPEN state, but the datanode 9484238f-0427-4b0f-b3b9-a493ba149161{ip: 192.168.164.244, host: pr-hdds-1701-29n7p-3046025130, networkLocation: /default-rack, certSerialId: null} reports an CLOSED replica.
2019-10-25 05:33:00,028 [EventQueue-ContainerReportForContainerReportHandler] WARN  container.ContainerReportHandler (AbstractContainerReportHandler.java:updateContainerState(145)) - Container #1 is in OPEN state, but the datanode a05bcb01-8262-4b6c-960b-c3a46ef8bd63{ip: 192.168.164.244, host: pr-hdds-1701-29n7p-3046025130, networkLocation: /default-rack, certSerialId: null} reports an CLOSED replica.
2019-10-25 05:33:00,157 [EventQueue-ContainerReportForContainerReportHandler] WARN  container.ContainerReportHandler (AbstractContainerReportHandler.java:updateContainerState(145)) - Container #1 is in OPEN state, but the datanode 9484238f-0427-4b0f-b3b9-a493ba149161{ip: 192.168.164.244, host: pr-hdds-1701-29n7p-3046025130, networkLocation: /default-rack, certSerialId: null} reports an CLOSED replica.
2019-10-25 05:33:00,329 [EventQueue-ContainerReportForContainerReportHandler] WARN  container.ContainerReportHandler (AbstractContainerReportHandler.java:updateContainerState(145)) - Container #1 is in OPEN state, but the datanode a05bcb01-8262-4b6c-960b-c3a46ef8bd63{ip: 192.168.164.244, host: pr-hdds-1701-29n7p-3046025130, networkLocation: /default-rack, certSerialId: null} reports an CLOSED replica.
2019-10-25 05:33:00,377 [BlockDeletingService#2] WARN  background.BlockDeletingService (BlockDeletingService.java:isDeletionAllowed(187)) - Close Container log Index 6 is not replicated across allthe servers in the pipeline 5e939ce8-5918-4d57-a2cf-b84bba7d09ac as the min replicated index is 4. Deletion is not allowed in this container yet.
2019-10-25 05:33:00,377 [BlockDeletingService#2] WARN  background.BlockDeletingService (BlockDeletingService.java:isDeletionAllowed(187)) - Close Container log Index 6 is not replicated across allthe servers in the pipeline 5e939ce8-5918-4d57-a2cf-b84bba7d09ac as the min replicated index is 4. Deletion is not allowed in this container yet.
2019-10-25 05:33:00,458 [EventQueue-ContainerReportForContainerReportHandler] WARN  container.ContainerReportHandler (AbstractContainerReportHandler.java:updateContainerState(145)) - Container #1 is in OPEN state, but the datanode 9484238f-0427-4b0f-b3b9-a493ba149161{ip: 192.168.164.244, host: pr-hdds-1701-29n7p-3046025130, networkLocation: /default-rack, certSerialId: null} reports an CLOSED replica.
2019-10-25 05:33:00,630 [EventQueue-ContainerReportForContainerReportHandler] WARN  container.ContainerReportHandler (AbstractContainerReportHandler.java:updateContainerState(145)) - Container #1 is in OPEN state, but the datanode a05bcb01-8262-4b6c-960b-c3a46ef8bd63{ip: 192.168.164.244, host: pr-hdds-1701-29n7p-3046025130, networkLocation: /default-rack, certSerialId: null} reports an CLOSED replica.
2019-10-25 05:33:00,858 [EventQueue-ContainerReportForContainerReportHandler] WARN  container.ContainerReportHandler (AbstractContainerReportHandler.java:updateContainerState(145)) - Container #1 is in OPEN state, but the datanode 9484238f-0427-4b0f-b3b9-a493ba149161{ip: 192.168.164.244, host: pr-hdds-1701-29n7p-3046025130, networkLocation: /default-rack, certSerialId: null} reports an CLOSED replica.
2019-10-25 05:33:01,030 [EventQueue-ContainerReportForContainerReportHandler] WARN  container.ContainerReportHandler (AbstractContainerReportHandler.java:updateContainerState(145)) - Container #1 is in OPEN state, but the datanode a05bcb01-8262-4b6c-960b-c3a46ef8bd63{ip: 192.168.164.244, host: pr-hdds-1701-29n7p-3046025130, networkLocation: /default-rack, certSerialId: null} reports an CLOSED replica.
2019-10-25 05:33:01,058 [EventQueue-ContainerReportForContainerReportHandler] WARN  container.ContainerReportHandler (AbstractContainerReportHandler.java:updateContainerState(145)) - Container #1 is in OPEN state, but the datanode 9484238f-0427-4b0f-b3b9-a493ba149161{ip: 192.168.164.244, host: pr-hdds-1701-29n7p-3046025130, networkLocation: /default-rack, certSerialId: null} reports an CLOSED replica.
2019-10-25 05:33:01,257 [EventQueue-ContainerReportForContainerReportHandler] WARN  container.ContainerReportHandler (AbstractContainerReportHandler.java:updateContainerState(145)) - Container #1 is in OPEN state, but the datanode 9484238f-0427-4b0f-b3b9-a493ba149161{ip: 192.168.164.244, host: pr-hdds-1701-29n7p-3046025130, networkLocation: /default-rack, certSerialId: null} reports an CLOSED replica.
2019-10-25 05:33:01,330 [EventQueue-ContainerReportForContainerReportHandler] WARN  container.ContainerReportHandler (AbstractContainerReportHandler.java:updateContainerState(145)) - Container #1 is in OPEN state, but the datanode a05bcb01-8262-4b6c-960b-c3a46ef8bd63{ip: 192.168.164.244, host: pr-hdds-1701-29n7p-3046025130, networkLocation: /default-rack, certSerialId: null} reports an CLOSED replica.
2019-10-25 05:33:01,378 [BlockDeletingService#2] WARN  background.BlockDeletingService (BlockDeletingService.java:isDeletionAllowed(187)) - Close Container log Index 6 is not replicated across allthe servers in the pipeline 5e939ce8-5918-4d57-a2cf-b84bba7d09ac as the min replicated index is 4. Deletion is not allowed in this container yet.
2019-10-25 05:33:01,378 [BlockDeletingService#2] WARN  background.BlockDeletingService (BlockDeletingService.java:isDeletionAllowed(187)) - Close Container log Index 6 is not replicated across allthe servers in the pipeline 5e939ce8-5918-4d57-a2cf-b84bba7d09ac as the min replicated index is 4. Deletion is not allowed in this container yet.
2019-10-25 05:33:01,530 [EventQueue-ContainerReportForContainerReportHandler] WARN  container.ContainerReportHandler (AbstractContainerReportHandler.java:updateContainerState(145)) - Container #1 is in OPEN state, but the datanode a05bcb01-8262-4b6c-960b-c3a46ef8bd63{ip: 192.168.164.244, host: pr-hdds-1701-29n7p-3046025130, networkLocation: /default-rack, certSerialId: null} reports an CLOSED replica.
2019-10-25 05:33:01,658 [EventQueue-ContainerReportForContainerReportHandler] WARN  container.ContainerReportHandler (AbstractContainerReportHandler.java:updateContainerState(145)) - Container #1 is in OPEN state, but the datanode 9484238f-0427-4b0f-b3b9-a493ba149161{ip: 192.168.164.244, host: pr-hdds-1701-29n7p-3046025130, networkLocation: /default-rack, certSerialId: null} reports an CLOSED replica.
2019-10-25 05:33:01,831 [EventQueue-ContainerReportForContainerReportHandler] WARN  container.ContainerReportHandler (AbstractContainerReportHandler.java:updateContainerState(145)) - Container #1 is in OPEN state, but the datanode a05bcb01-8262-4b6c-960b-c3a46ef8bd63{ip: 192.168.164.244, host: pr-hdds-1701-29n7p-3046025130, networkLocation: /default-rack, certSerialId: null} reports an CLOSED replica.
2019-10-25 05:33:01,959 [EventQueue-ContainerReportForContainerReportHandler] WARN  container.ContainerReportHandler (AbstractContainerReportHandler.java:updateContainerState(145)) - Container #1 is in OPEN state, but the datanode 9484238f-0427-4b0f-b3b9-a493ba149161{ip: 192.168.164.244, host: pr-hdds-1701-29n7p-3046025130, networkLocation: /default-rack, certSerialId: null} reports an CLOSED replica.
2019-10-25 05:33:02,132 [EventQueue-ContainerReportForContainerReportHandler] WARN  container.ContainerReportHandler (AbstractContainerReportHandler.java:updateContainerState(145)) - Container #1 is in OPEN state, but the datanode a05bcb01-8262-4b6c-960b-c3a46ef8bd63{ip: 192.168.164.244, host: pr-hdds-1701-29n7p-3046025130, networkLocation: /default-rack, certSerialId: null} reports an CLOSED replica.
2019-10-25 05:33:02,186 [java.util.concurrent.ThreadPoolExecutor$Worker@b00648b[State = -1, empty queue]] WARN  server.GrpcLogAppender (GrpcLogAppender.java:timeoutAppendRequest(209)) - a05bcb01-8262-4b6c-960b-c3a46ef8bd63@group-B84BBA7D09AC->4ce8dd57-9997-4466-b69c-bdc1e0ed84f6-GrpcLogAppender: appendEntries Timeout, request=a05bcb01-8262-4b6c-960b-c3a46ef8bd63->4ce8dd57-9997-4466-b69c-bdc1e0ed84f6#27-t1, previous=(t:1, i:10), leaderCommit=10, initializing? false, entries: <empty>
2019-10-25 05:33:02,223 [Thread-346] INFO  client.GrpcClientProtocolService (GrpcClientProtocolService.java:lambda$processClientRequest$0(279)) - Failed RaftClientRequest:client-B1E3923C01C0->9484238f-0427-4b0f-b3b9-a493ba149161@group-B84BBA7D09AC, cid=10, seq=0, Watch-ALL_COMMITTED(6), Message:<EMPTY>, reply=RaftClientReply:client-B1E3923C01C0->9484238f-0427-4b0f-b3b9-a493ba149161@group-B84BBA7D09AC, cid=10, FAILED org.apache.ratis.protocol.NotLeaderException: Server 9484238f-0427-4b0f-b3b9-a493ba149161@group-B84BBA7D09AC is not the leader a05bcb01-8262-4b6c-960b-c3a46ef8bd63:192.168.164.244:44076, logIndex=0, commits[9484238f-0427-4b0f-b3b9-a493ba149161:c10, a05bcb01-8262-4b6c-960b-c3a46ef8bd63:c10, 4ce8dd57-9997-4466-b69c-bdc1e0ed84f6:c4]
2019-10-25 05:33:02,259 [EventQueue-ContainerReportForContainerReportHandler] WARN  container.ContainerReportHandler (AbstractContainerReportHandler.java:updateContainerState(145)) - Container #1 is in OPEN state, but the datanode 9484238f-0427-4b0f-b3b9-a493ba149161{ip: 192.168.164.244, host: pr-hdds-1701-29n7p-3046025130, networkLocation: /default-rack, certSerialId: null} reports an CLOSED replica.
2019-10-25 05:33:02,380 [BlockDeletingService#2] WARN  background.BlockDeletingService (BlockDeletingService.java:isDeletionAllowed(187)) - Close Container log Index 6 is not replicated across allthe servers in the pipeline 5e939ce8-5918-4d57-a2cf-b84bba7d09ac as the min replicated index is 4. Deletion is not allowed in this container yet.
2019-10-25 05:33:02,380 [BlockDeletingService#2] WARN  background.BlockDeletingService (BlockDeletingService.java:isDeletionAllowed(187)) - Close Container log Index 6 is not replicated across allthe servers in the pipeline 5e939ce8-5918-4d57-a2cf-b84bba7d09ac as the min replicated index is 4. Deletion is not allowed in this container yet.
2019-10-25 05:33:02,532 [EventQueue-ContainerReportForContainerReportHandler] WARN  container.ContainerReportHandler (AbstractContainerReportHandler.java:updateContainerState(145)) - Container #1 is in OPEN state, but the datanode a05bcb01-8262-4b6c-960b-c3a46ef8bd63{ip: 192.168.164.244, host: pr-hdds-1701-29n7p-3046025130, networkLocation: /default-rack, certSerialId: null} reports an CLOSED replica.
2019-10-25 05:33:02,559 [EventQueue-ContainerReportForContainerReportHandler] WARN  container.ContainerReportHandler (AbstractContainerReportHandler.java:updateContainerState(145)) - Container #1 is in OPEN state, but the datanode 9484238f-0427-4b0f-b3b9-a493ba149161{ip: 192.168.164.244, host: pr-hdds-1701-29n7p-3046025130, networkLocation: /default-rack, certSerialId: null} reports an CLOSED replica.
2019-10-25 05:33:02,683 [Thread-351] INFO  client.GrpcClientProtocolService (GrpcClientProtocolService.java:lambda$processClientRequest$0(279)) - Failed RaftClientRequest:client-B1E3923C01C0->a05bcb01-8262-4b6c-960b-c3a46ef8bd63@group-B84BBA7D09AC, cid=10, seq=0, Watch-ALL_COMMITTED(6), Message:<EMPTY>, reply=RaftClientReply:client-B1E3923C01C0->a05bcb01-8262-4b6c-960b-c3a46ef8bd63@group-B84BBA7D09AC, cid=10, FAILED org.apache.ratis.protocol.NotReplicatedException: Request with call Id 10 and log index 6 is not yet replicated to ALL_COMMITTED, logIndex=6, commits[a05bcb01-8262-4b6c-960b-c3a46ef8bd63:c10, 4ce8dd57-9997-4466-b69c-bdc1e0ed84f6:c4, 9484238f-0427-4b0f-b3b9-a493ba149161:c10]
2019-10-25 05:33:02,832 [EventQueue-ContainerReportForContainerReportHandler] WARN  container.ContainerReportHandler (AbstractContainerReportHandler.java:updateContainerState(145)) - Container #1 is in OPEN state, but the datanode a05bcb01-8262-4b6c-960b-c3a46ef8bd63{ip: 192.168.164.244, host: pr-hdds-1701-29n7p-3046025130, networkLocation: /default-rack, certSerialId: null} reports an CLOSED replica.
2019-10-25 05:33:02,859 [EventQueue-ContainerReportForContainerReportHandler] WARN  container.ContainerReportHandler (AbstractContainerReportHandler.java:updateContainerState(145)) - Container #1 is in OPEN state, but the datanode 9484238f-0427-4b0f-b3b9-a493ba149161{ip: 192.168.164.244, host: pr-hdds-1701-29n7p-3046025130, networkLocation: /default-rack, certSerialId: null} reports an CLOSED replica.
2019-10-25 05:33:03,134 [EventQueue-ContainerReportForContainerReportHandler] WARN  container.ContainerReportHandler (AbstractContainerReportHandler.java:updateContainerState(145)) - Container #1 is in OPEN state, but the datanode a05bcb01-8262-4b6c-960b-c3a46ef8bd63{ip: 192.168.164.244, host: pr-hdds-1701-29n7p-3046025130, networkLocation: /default-rack, certSerialId: null} reports an CLOSED replica.
2019-10-25 05:33:03,259 [EventQueue-ContainerReportForContainerReportHandler] WARN  container.ContainerReportHandler (AbstractContainerReportHandler.java:updateContainerState(145)) - Container #1 is in OPEN state, but the datanode 9484238f-0427-4b0f-b3b9-a493ba149161{ip: 192.168.164.244, host: pr-hdds-1701-29n7p-3046025130, networkLocation: /default-rack, certSerialId: null} reports an CLOSED replica.
2019-10-25 05:33:03,384 [BlockDeletingService#2] WARN  background.BlockDeletingService (BlockDeletingService.java:isDeletionAllowed(187)) - Close Container log Index 6 is not replicated across allthe servers in the pipeline 5e939ce8-5918-4d57-a2cf-b84bba7d09ac as the min replicated index is 4. Deletion is not allowed in this container yet.
2019-10-25 05:33:03,385 [BlockDeletingService#2] WARN  background.BlockDeletingService (BlockDeletingService.java:isDeletionAllowed(187)) - Close Container log Index 6 is not replicated across allthe servers in the pipeline 5e939ce8-5918-4d57-a2cf-b84bba7d09ac as the min replicated index is 4. Deletion is not allowed in this container yet.
2019-10-25 05:33:03,435 [EventQueue-ContainerReportForContainerReportHandler] WARN  container.ContainerReportHandler (AbstractContainerReportHandler.java:updateContainerState(145)) - Container #1 is in OPEN state, but the datanode a05bcb01-8262-4b6c-960b-c3a46ef8bd63{ip: 192.168.164.244, host: pr-hdds-1701-29n7p-3046025130, networkLocation: /default-rack, certSerialId: null} reports an CLOSED replica.
2019-10-25 05:33:03,558 [EventQueue-ContainerReportForContainerReportHandler] WARN  container.ContainerReportHandler (AbstractContainerReportHandler.java:updateContainerState(145)) - Container #1 is in OPEN state, but the datanode 9484238f-0427-4b0f-b3b9-a493ba149161{ip: 192.168.164.244, host: pr-hdds-1701-29n7p-3046025130, networkLocation: /default-rack, certSerialId: null} reports an CLOSED replica.
2019-10-25 05:33:03,637 [EventQueue-ContainerReportForContainerReportHandler] WARN  container.ContainerReportHandler (AbstractContainerReportHandler.java:updateContainerState(145)) - Container #1 is in OPEN state, but the datanode a05bcb01-8262-4b6c-960b-c3a46ef8bd63{ip: 192.168.164.244, host: pr-hdds-1701-29n7p-3046025130, networkLocation: /default-rack, certSerialId: null} reports an CLOSED replica.
2019-10-25 05:33:03,937 [EventQueue-ContainerReportForContainerReportHandler] WARN  container.ContainerReportHandler (AbstractContainerReportHandler.java:updateContainerState(145)) - Container #1 is in OPEN state, but the datanode a05bcb01-8262-4b6c-960b-c3a46ef8bd63{ip: 192.168.164.244, host: pr-hdds-1701-29n7p-3046025130, networkLocation: /default-rack, certSerialId: null} reports an CLOSED replica.
2019-10-25 05:33:03,959 [EventQueue-ContainerReportForContainerReportHandler] WARN  container.ContainerReportHandler (AbstractContainerReportHandler.java:updateContainerState(145)) - Container #1 is in OPEN state, but the datanode 9484238f-0427-4b0f-b3b9-a493ba149161{ip: 192.168.164.244, host: pr-hdds-1701-29n7p-3046025130, networkLocation: /default-rack, certSerialId: null} reports an CLOSED replica.
2019-10-25 05:33:04,237 [EventQueue-ContainerReportForContainerReportHandler] WARN  container.ContainerReportHandler (AbstractContainerReportHandler.java:updateContainerState(145)) - Container #1 is in OPEN state, but the datanode a05bcb01-8262-4b6c-960b-c3a46ef8bd63{ip: 192.168.164.244, host: pr-hdds-1701-29n7p-3046025130, networkLocation: /default-rack, certSerialId: null} reports an CLOSED replica.
2019-10-25 05:33:04,259 [EventQueue-ContainerReportForContainerReportHandler] WARN  container.ContainerReportHandler (AbstractContainerReportHandler.java:updateContainerState(145)) - Container #1 is in OPEN state, but the datanode 9484238f-0427-4b0f-b3b9-a493ba149161{ip: 192.168.164.244, host: pr-hdds-1701-29n7p-3046025130, networkLocation: /default-rack, certSerialId: null} reports an CLOSED replica.
2019-10-25 05:33:04,387 [BlockDeletingService#2] WARN  background.BlockDeletingService (BlockDeletingService.java:isDeletionAllowed(187)) - Close Container log Index 6 is not replicated across allthe servers in the pipeline 5e939ce8-5918-4d57-a2cf-b84bba7d09ac as the min replicated index is 4. Deletion is not allowed in this container yet.
2019-10-25 05:33:04,387 [BlockDeletingService#2] WARN  background.BlockDeletingService (BlockDeletingService.java:isDeletionAllowed(187)) - Close Container log Index 6 is not replicated across allthe servers in the pipeline 5e939ce8-5918-4d57-a2cf-b84bba7d09ac as the min replicated index is 4. Deletion is not allowed in this container yet.
2019-10-25 05:33:04,438 [EventQueue-ContainerReportForContainerReportHandler] WARN  container.ContainerReportHandler (AbstractContainerReportHandler.java:updateContainerState(145)) - Container #1 is in OPEN state, but the datanode a05bcb01-8262-4b6c-960b-c3a46ef8bd63{ip: 192.168.164.244, host: pr-hdds-1701-29n7p-3046025130, networkLocation: /default-rack, certSerialId: null} reports an CLOSED replica.
2019-10-25 05:33:04,560 [EventQueue-ContainerReportForContainerReportHandler] WARN  container.ContainerReportHandler (AbstractContainerReportHandler.java:updateContainerState(145)) - Container #1 is in OPEN state, but the datanode 9484238f-0427-4b0f-b3b9-a493ba149161{ip: 192.168.164.244, host: pr-hdds-1701-29n7p-3046025130, networkLocation: /default-rack, certSerialId: null} reports an CLOSED replica.
2019-10-25 05:33:04,687 [java.util.concurrent.ThreadPoolExecutor$Worker@b00648b[State = -1, empty queue]] WARN  server.GrpcLogAppender (GrpcLogAppender.java:timeoutAppendRequest(209)) - a05bcb01-8262-4b6c-960b-c3a46ef8bd63@group-B84BBA7D09AC->4ce8dd57-9997-4466-b69c-bdc1e0ed84f6-GrpcLogAppender: appendEntries Timeout, request=a05bcb01-8262-4b6c-960b-c3a46ef8bd63->4ce8dd57-9997-4466-b69c-bdc1e0ed84f6#28-t1, previous=(t:1, i:10), leaderCommit=10, initializing? false, entries: <empty>
2019-10-25 05:33:04,737 [EventQueue-ContainerReportForContainerReportHandler] WARN  container.ContainerReportHandler (AbstractContainerReportHandler.java:updateContainerState(145)) - Container #1 is in OPEN state, but the datanode a05bcb01-8262-4b6c-960b-c3a46ef8bd63{ip: 192.168.164.244, host: pr-hdds-1701-29n7p-3046025130, networkLocation: /default-rack, certSerialId: null} reports an CLOSED replica.
2019-10-25 05:33:04,760 [EventQueue-ContainerReportForContainerReportHandler] WARN  container.ContainerReportHandler (AbstractContainerReportHandler.java:updateContainerState(145)) - Container #1 is in OPEN state, but the datanode 9484238f-0427-4b0f-b3b9-a493ba149161{ip: 192.168.164.244, host: pr-hdds-1701-29n7p-3046025130, networkLocation: /default-rack, certSerialId: null} reports an CLOSED replica.
2019-10-25 05:33:05,038 [EventQueue-ContainerReportForContainerReportHandler] WARN  container.ContainerReportHandler (AbstractContainerReportHandler.java:updateContainerState(145)) - Container #1 is in OPEN state, but the datanode a05bcb01-8262-4b6c-960b-c3a46ef8bd63{ip: 192.168.164.244, host: pr-hdds-1701-29n7p-3046025130, networkLocation: /default-rack, certSerialId: null} reports an CLOSED replica.
2019-10-25 05:33:05,061 [EventQueue-ContainerReportForContainerReportHandler] WARN  container.ContainerReportHandler (AbstractContainerReportHandler.java:updateContainerState(145)) - Container #1 is in OPEN state, but the datanode 9484238f-0427-4b0f-b3b9-a493ba149161{ip: 192.168.164.244, host: pr-hdds-1701-29n7p-3046025130, networkLocation: /default-rack, certSerialId: null} reports an CLOSED replica.
2019-10-25 05:33:05,261 [EventQueue-ContainerReportForContainerReportHandler] WARN  container.ContainerReportHandler (AbstractContainerReportHandler.java:updateContainerState(145)) - Container #1 is in OPEN state, but the datanode 9484238f-0427-4b0f-b3b9-a493ba149161{ip: 192.168.164.244, host: pr-hdds-1701-29n7p-3046025130, networkLocation: /default-rack, certSerialId: null} reports an CLOSED replica.
2019-10-25 05:33:05,338 [EventQueue-ContainerReportForContainerReportHandler] WARN  container.ContainerReportHandler (AbstractContainerReportHandler.java:updateContainerState(145)) - Container #1 is in OPEN state, but the datanode a05bcb01-8262-4b6c-960b-c3a46ef8bd63{ip: 192.168.164.244, host: pr-hdds-1701-29n7p-3046025130, networkLocation: /default-rack, certSerialId: null} reports an CLOSED replica.
2019-10-25 05:33:05,388 [BlockDeletingService#2] WARN  background.BlockDeletingService (BlockDeletingService.java:isDeletionAllowed(187)) - Close Container log Index 6 is not replicated across allthe servers in the pipeline 5e939ce8-5918-4d57-a2cf-b84bba7d09ac as the min replicated index is 4. Deletion is not allowed in this container yet.
2019-10-25 05:33:05,388 [BlockDeletingService#2] WARN  background.BlockDeletingService (BlockDeletingService.java:isDeletionAllowed(187)) - Close Container log Index 6 is not replicated across allthe servers in the pipeline 5e939ce8-5918-4d57-a2cf-b84bba7d09ac as the min replicated index is 4. Deletion is not allowed in this container yet.
2019-10-25 05:33:05,461 [EventQueue-ContainerReportForContainerReportHandler] WARN  container.ContainerReportHandler (AbstractContainerReportHandler.java:updateContainerState(145)) - Container #1 is in OPEN state, but the datanode 9484238f-0427-4b0f-b3b9-a493ba149161{ip: 192.168.164.244, host: pr-hdds-1701-29n7p-3046025130, networkLocation: /default-rack, certSerialId: null} reports an CLOSED replica.
2019-10-25 05:33:05,638 [EventQueue-ContainerReportForContainerReportHandler] WARN  container.ContainerReportHandler (AbstractContainerReportHandler.java:updateContainerState(145)) - Container #1 is in OPEN state, but the datanode a05bcb01-8262-4b6c-960b-c3a46ef8bd63{ip: 192.168.164.244, host: pr-hdds-1701-29n7p-3046025130, networkLocation: /default-rack, certSerialId: null} reports an CLOSED replica.
2019-10-25 05:33:05,861 [EventQueue-ContainerReportForContainerReportHandler] WARN  container.ContainerReportHandler (AbstractContainerReportHandler.java:updateContainerState(145)) - Container #1 is in OPEN state, but the datanode 9484238f-0427-4b0f-b3b9-a493ba149161{ip: 192.168.164.244, host: pr-hdds-1701-29n7p-3046025130, networkLocation: /default-rack, certSerialId: null} reports an CLOSED replica.
2019-10-25 05:33:05,940 [EventQueue-ContainerReportForContainerReportHandler] WARN  container.ContainerReportHandler (AbstractContainerReportHandler.java:updateContainerState(145)) - Container #1 is in OPEN state, but the datanode a05bcb01-8262-4b6c-960b-c3a46ef8bd63{ip: 192.168.164.244, host: pr-hdds-1701-29n7p-3046025130, networkLocation: /default-rack, certSerialId: null} reports an CLOSED replica.
2019-10-25 05:33:06,162 [EventQueue-ContainerReportForContainerReportHandler] WARN  container.ContainerReportHandler (AbstractContainerReportHandler.java:updateContainerState(145)) - Container #1 is in OPEN state, but the datanode 9484238f-0427-4b0f-b3b9-a493ba149161{ip: 192.168.164.244, host: pr-hdds-1701-29n7p-3046025130, networkLocation: /default-rack, certSerialId: null} reports an CLOSED replica.
2019-10-25 05:33:06,240 [EventQueue-ContainerReportForContainerReportHandler] WARN  container.ContainerReportHandler (AbstractContainerReportHandler.java:updateContainerState(145)) - Container #1 is in OPEN state, but the datanode a05bcb01-8262-4b6c-960b-c3a46ef8bd63{ip: 192.168.164.244, host: pr-hdds-1701-29n7p-3046025130, networkLocation: /default-rack, certSerialId: null} reports an CLOSED replica.
2019-10-25 05:33:06,390 [BlockDeletingService#2] WARN  background.BlockDeletingService (BlockDeletingService.java:isDeletionAllowed(187)) - Close Container log Index 6 is not replicated across allthe servers in the pipeline 5e939ce8-5918-4d57-a2cf-b84bba7d09ac as the min replicated index is 4. Deletion is not allowed in this container yet.
2019-10-25 05:33:06,390 [BlockDeletingService#2] WARN  background.BlockDeletingService (BlockDeletingService.java:isDeletionAllowed(187)) - Close Container log Index 6 is not replicated across allthe servers in the pipeline 5e939ce8-5918-4d57-a2cf-b84bba7d09ac as the min replicated index is 4. Deletion is not allowed in this container yet.
2019-10-25 05:33:06,462 [EventQueue-ContainerReportForContainerReportHandler] WARN  container.ContainerReportHandler (AbstractContainerReportHandler.java:updateContainerState(145)) - Container #1 is in OPEN state, but the datanode 9484238f-0427-4b0f-b3b9-a493ba149161{ip: 192.168.164.244, host: pr-hdds-1701-29n7p-3046025130, networkLocation: /default-rack, certSerialId: null} reports an CLOSED replica.
2019-10-25 05:33:06,541 [EventQueue-ContainerReportForContainerReportHandler] WARN  container.ContainerReportHandler (AbstractContainerReportHandler.java:updateContainerState(145)) - Container #1 is in OPEN state, but the datanode a05bcb01-8262-4b6c-960b-c3a46ef8bd63{ip: 192.168.164.244, host: pr-hdds-1701-29n7p-3046025130, networkLocation: /default-rack, certSerialId: null} reports an CLOSED replica.
2019-10-25 05:33:06,762 [EventQueue-ContainerReportForContainerReportHandler] WARN  container.ContainerReportHandler (AbstractContainerReportHandler.java:updateContainerState(145)) - Container #1 is in OPEN state, but the datanode 9484238f-0427-4b0f-b3b9-a493ba149161{ip: 192.168.164.244, host: pr-hdds-1701-29n7p-3046025130, networkLocation: /default-rack, certSerialId: null} reports an CLOSED replica.
2019-10-25 05:33:06,941 [EventQueue-ContainerReportForContainerReportHandler] WARN  container.ContainerReportHandler (AbstractContainerReportHandler.java:updateContainerState(145)) - Container #1 is in OPEN state, but the datanode a05bcb01-8262-4b6c-960b-c3a46ef8bd63{ip: 192.168.164.244, host: pr-hdds-1701-29n7p-3046025130, networkLocation: /default-rack, certSerialId: null} reports an CLOSED replica.
2019-10-25 05:33:07,062 [EventQueue-ContainerReportForContainerReportHandler] WARN  container.ContainerReportHandler (AbstractContainerReportHandler.java:updateContainerState(145)) - Container #1 is in OPEN state, but the datanode 9484238f-0427-4b0f-b3b9-a493ba149161{ip: 192.168.164.244, host: pr-hdds-1701-29n7p-3046025130, networkLocation: /default-rack, certSerialId: null} reports an CLOSED replica.
2019-10-25 05:33:07,188 [java.util.concurrent.ThreadPoolExecutor$Worker@b00648b[State = -1, empty queue]] WARN  server.GrpcLogAppender (GrpcLogAppender.java:timeoutAppendRequest(209)) - a05bcb01-8262-4b6c-960b-c3a46ef8bd63@group-B84BBA7D09AC->4ce8dd57-9997-4466-b69c-bdc1e0ed84f6-GrpcLogAppender: appendEntries Timeout, request=a05bcb01-8262-4b6c-960b-c3a46ef8bd63->4ce8dd57-9997-4466-b69c-bdc1e0ed84f6#29-t1, previous=(t:1, i:10), leaderCommit=10, initializing? false, entries: <empty>
2019-10-25 05:33:07,341 [EventQueue-ContainerReportForContainerReportHandler] WARN  container.ContainerReportHandler (AbstractContainerReportHandler.java:updateContainerState(145)) - Container #1 is in OPEN state, but the datanode a05bcb01-8262-4b6c-960b-c3a46ef8bd63{ip: 192.168.164.244, host: pr-hdds-1701-29n7p-3046025130, networkLocation: /default-rack, certSerialId: null} reports an CLOSED replica.
2019-10-25 05:33:07,362 [EventQueue-ContainerReportForContainerReportHandler] WARN  container.ContainerReportHandler (AbstractContainerReportHandler.java:updateContainerState(145)) - Container #1 is in OPEN state, but the datanode 9484238f-0427-4b0f-b3b9-a493ba149161{ip: 192.168.164.244, host: pr-hdds-1701-29n7p-3046025130, networkLocation: /default-rack, certSerialId: null} reports an CLOSED replica.
2019-10-25 05:33:07,392 [BlockDeletingService#2] WARN  background.BlockDeletingService (BlockDeletingService.java:isDeletionAllowed(187)) - Close Container log Index 6 is not replicated across allthe servers in the pipeline 5e939ce8-5918-4d57-a2cf-b84bba7d09ac as the min replicated index is 4. Deletion is not allowed in this container yet.
2019-10-25 05:33:07,392 [BlockDeletingService#2] WARN  background.BlockDeletingService (BlockDeletingService.java:isDeletionAllowed(187)) - Close Container log Index 6 is not replicated across allthe servers in the pipeline 5e939ce8-5918-4d57-a2cf-b84bba7d09ac as the min replicated index is 4. Deletion is not allowed in this container yet.
2019-10-25 05:33:07,541 [EventQueue-ContainerReportForContainerReportHandler] WARN  container.ContainerReportHandler (AbstractContainerReportHandler.java:updateContainerState(145)) - Container #1 is in OPEN state, but the datanode a05bcb01-8262-4b6c-960b-c3a46ef8bd63{ip: 192.168.164.244, host: pr-hdds-1701-29n7p-3046025130, networkLocation: /default-rack, certSerialId: null} reports an CLOSED replica.
2019-10-25 05:33:07,664 [EventQueue-ContainerReportForContainerReportHandler] WARN  container.ContainerReportHandler (AbstractContainerReportHandler.java:updateContainerState(145)) - Container #1 is in OPEN state, but the datanode 9484238f-0427-4b0f-b3b9-a493ba149161{ip: 192.168.164.244, host: pr-hdds-1701-29n7p-3046025130, networkLocation: /default-rack, certSerialId: null} reports an CLOSED replica.
2019-10-25 05:33:07,842 [EventQueue-ContainerReportForContainerReportHandler] WARN  container.ContainerReportHandler (AbstractContainerReportHandler.java:updateContainerState(145)) - Container #1 is in OPEN state, but the datanode a05bcb01-8262-4b6c-960b-c3a46ef8bd63{ip: 192.168.164.244, host: pr-hdds-1701-29n7p-3046025130, networkLocation: /default-rack, certSerialId: null} reports an CLOSED replica.
2019-10-25 05:33:07,864 [EventQueue-ContainerReportForContainerReportHandler] WARN  container.ContainerReportHandler (AbstractContainerReportHandler.java:updateContainerState(145)) - Container #1 is in OPEN state, but the datanode 9484238f-0427-4b0f-b3b9-a493ba149161{ip: 192.168.164.244, host: pr-hdds-1701-29n7p-3046025130, networkLocation: /default-rack, certSerialId: null} reports an CLOSED replica.
2019-10-25 05:33:08,242 [EventQueue-ContainerReportForContainerReportHandler] WARN  container.ContainerReportHandler (AbstractContainerReportHandler.java:updateContainerState(145)) - Container #1 is in OPEN state, but the datanode a05bcb01-8262-4b6c-960b-c3a46ef8bd63{ip: 192.168.164.244, host: pr-hdds-1701-29n7p-3046025130, networkLocation: /default-rack, certSerialId: null} reports an CLOSED replica.
2019-10-25 05:33:08,264 [EventQueue-ContainerReportForContainerReportHandler] WARN  container.ContainerReportHandler (AbstractContainerReportHandler.java:updateContainerState(145)) - Container #1 is in OPEN state, but the datanode 9484238f-0427-4b0f-b3b9-a493ba149161{ip: 192.168.164.244, host: pr-hdds-1701-29n7p-3046025130, networkLocation: /default-rack, certSerialId: null} reports an CLOSED replica.
2019-10-25 05:33:08,393 [BlockDeletingService#2] WARN  background.BlockDeletingService (BlockDeletingService.java:isDeletionAllowed(187)) - Close Container log Index 6 is not replicated across allthe servers in the pipeline 5e939ce8-5918-4d57-a2cf-b84bba7d09ac as the min replicated index is 4. Deletion is not allowed in this container yet.
2019-10-25 05:33:08,393 [BlockDeletingService#2] WARN  background.BlockDeletingService (BlockDeletingService.java:isDeletionAllowed(187)) - Close Container log Index 6 is not replicated across allthe servers in the pipeline 5e939ce8-5918-4d57-a2cf-b84bba7d09ac as the min replicated index is 4. Deletion is not allowed in this container yet.
2019-10-25 05:33:08,564 [EventQueue-ContainerReportForContainerReportHandler] WARN  container.ContainerReportHandler (AbstractContainerReportHandler.java:updateContainerState(145)) - Container #1 is in OPEN state, but the datanode 9484238f-0427-4b0f-b3b9-a493ba149161{ip: 192.168.164.244, host: pr-hdds-1701-29n7p-3046025130, networkLocation: /default-rack, certSerialId: null} reports an CLOSED replica.
2019-10-25 05:33:08,642 [EventQueue-ContainerReportForContainerReportHandler] WARN  container.ContainerReportHandler (AbstractContainerReportHandler.java:updateContainerState(145)) - Container #1 is in OPEN state, but the datanode a05bcb01-8262-4b6c-960b-c3a46ef8bd63{ip: 192.168.164.244, host: pr-hdds-1701-29n7p-3046025130, networkLocation: /default-rack, certSerialId: null} reports an CLOSED replica.
2019-10-25 05:33:08,864 [EventQueue-ContainerReportForContainerReportHandler] WARN  container.ContainerReportHandler (AbstractContainerReportHandler.java:updateContainerState(145)) - Container #1 is in OPEN state, but the datanode 9484238f-0427-4b0f-b3b9-a493ba149161{ip: 192.168.164.244, host: pr-hdds-1701-29n7p-3046025130, networkLocation: /default-rack, certSerialId: null} reports an CLOSED replica.
2019-10-25 05:33:08,942 [EventQueue-ContainerReportForContainerReportHandler] WARN  container.ContainerReportHandler (AbstractContainerReportHandler.java:updateContainerState(145)) - Container #1 is in OPEN state, but the datanode a05bcb01-8262-4b6c-960b-c3a46ef8bd63{ip: 192.168.164.244, host: pr-hdds-1701-29n7p-3046025130, networkLocation: /default-rack, certSerialId: null} reports an CLOSED replica.
2019-10-25 05:33:09,165 [EventQueue-ContainerReportForContainerReportHandler] WARN  container.ContainerReportHandler (AbstractContainerReportHandler.java:updateContainerState(145)) - Container #1 is in OPEN state, but the datanode 9484238f-0427-4b0f-b3b9-a493ba149161{ip: 192.168.164.244, host: pr-hdds-1701-29n7p-3046025130, networkLocation: /default-rack, certSerialId: null} reports an CLOSED replica.
2019-10-25 05:33:09,344 [EventQueue-ContainerReportForContainerReportHandler] WARN  container.ContainerReportHandler (AbstractContainerReportHandler.java:updateContainerState(145)) - Container #1 is in OPEN state, but the datanode a05bcb01-8262-4b6c-960b-c3a46ef8bd63{ip: 192.168.164.244, host: pr-hdds-1701-29n7p-3046025130, networkLocation: /default-rack, certSerialId: null} reports an CLOSED replica.
2019-10-25 05:33:09,395 [BlockDeletingService#2] WARN  background.BlockDeletingService (BlockDeletingService.java:isDeletionAllowed(187)) - Close Container log Index 6 is not replicated across allthe servers in the pipeline 5e939ce8-5918-4d57-a2cf-b84bba7d09ac as the min replicated index is 4. Deletion is not allowed in this container yet.
2019-10-25 05:33:09,395 [BlockDeletingService#2] WARN  background.BlockDeletingService (BlockDeletingService.java:isDeletionAllowed(187)) - Close Container log Index 6 is not replicated across allthe servers in the pipeline 5e939ce8-5918-4d57-a2cf-b84bba7d09ac as the min replicated index is 4. Deletion is not allowed in this container yet.
2019-10-25 05:33:09,465 [EventQueue-ContainerReportForContainerReportHandler] WARN  container.ContainerReportHandler (AbstractContainerReportHandler.java:updateContainerState(145)) - Container #1 is in OPEN state, but the datanode 9484238f-0427-4b0f-b3b9-a493ba149161{ip: 192.168.164.244, host: pr-hdds-1701-29n7p-3046025130, networkLocation: /default-rack, certSerialId: null} reports an CLOSED replica.
2019-10-25 05:33:09,544 [EventQueue-ContainerReportForContainerReportHandler] WARN  container.ContainerReportHandler (AbstractContainerReportHandler.java:updateContainerState(145)) - Container #1 is in OPEN state, but the datanode a05bcb01-8262-4b6c-960b-c3a46ef8bd63{ip: 192.168.164.244, host: pr-hdds-1701-29n7p-3046025130, networkLocation: /default-rack, certSerialId: null} reports an CLOSED replica.
2019-10-25 05:33:09,688 [java.util.concurrent.ThreadPoolExecutor$Worker@b00648b[State = -1, empty queue]] WARN  server.GrpcLogAppender (GrpcLogAppender.java:timeoutAppendRequest(209)) - a05bcb01-8262-4b6c-960b-c3a46ef8bd63@group-B84BBA7D09AC->4ce8dd57-9997-4466-b69c-bdc1e0ed84f6-GrpcLogAppender: appendEntries Timeout, request=a05bcb01-8262-4b6c-960b-c3a46ef8bd63->4ce8dd57-9997-4466-b69c-bdc1e0ed84f6#30-t1, previous=(t:1, i:10), leaderCommit=10, initializing? false, entries: <empty>
2019-10-25 05:33:09,865 [EventQueue-ContainerReportForContainerReportHandler] WARN  container.ContainerReportHandler (AbstractContainerReportHandler.java:updateContainerState(145)) - Container #1 is in OPEN state, but the datanode 9484238f-0427-4b0f-b3b9-a493ba149161{ip: 192.168.164.244, host: pr-hdds-1701-29n7p-3046025130, networkLocation: /default-rack, certSerialId: null} reports an CLOSED replica.
2019-10-25 05:33:09,944 [EventQueue-ContainerReportForContainerReportHandler] WARN  container.ContainerReportHandler (AbstractContainerReportHandler.java:updateContainerState(145)) - Container #1 is in OPEN state, but the datanode a05bcb01-8262-4b6c-960b-c3a46ef8bd63{ip: 192.168.164.244, host: pr-hdds-1701-29n7p-3046025130, networkLocation: /default-rack, certSerialId: null} reports an CLOSED replica.
2019-10-25 05:33:10,065 [EventQueue-ContainerReportForContainerReportHandler] WARN  container.ContainerReportHandler (AbstractContainerReportHandler.java:updateContainerState(145)) - Container #1 is in OPEN state, but the datanode 9484238f-0427-4b0f-b3b9-a493ba149161{ip: 192.168.164.244, host: pr-hdds-1701-29n7p-3046025130, networkLocation: /default-rack, certSerialId: null} reports an CLOSED replica.
2019-10-25 05:33:10,144 [EventQueue-ContainerReportForContainerReportHandler] WARN  container.ContainerReportHandler (AbstractContainerReportHandler.java:updateContainerState(145)) - Container #1 is in OPEN state, but the datanode a05bcb01-8262-4b6c-960b-c3a46ef8bd63{ip: 192.168.164.244, host: pr-hdds-1701-29n7p-3046025130, networkLocation: /default-rack, certSerialId: null} reports an CLOSED replica.
2019-10-25 05:33:10,344 [EventQueue-ContainerReportForContainerReportHandler] WARN  container.ContainerReportHandler (AbstractContainerReportHandler.java:updateContainerState(145)) - Container #1 is in OPEN state, but the datanode a05bcb01-8262-4b6c-960b-c3a46ef8bd63{ip: 192.168.164.244, host: pr-hdds-1701-29n7p-3046025130, networkLocation: /default-rack, certSerialId: null} reports an CLOSED replica.
2019-10-25 05:33:10,397 [BlockDeletingService#2] WARN  background.BlockDeletingService (BlockDeletingService.java:isDeletionAllowed(187)) - Close Container log Index 6 is not replicated across allthe servers in the pipeline 5e939ce8-5918-4d57-a2cf-b84bba7d09ac as the min replicated index is 4. Deletion is not allowed in this container yet.
2019-10-25 05:33:10,397 [BlockDeletingService#2] WARN  background.BlockDeletingService (BlockDeletingService.java:isDeletionAllowed(187)) - Close Container log Index 6 is not replicated across allthe servers in the pipeline 5e939ce8-5918-4d57-a2cf-b84bba7d09ac as the min replicated index is 4. Deletion is not allowed in this container yet.
2019-10-25 05:33:10,465 [EventQueue-ContainerReportForContainerReportHandler] WARN  container.ContainerReportHandler (AbstractContainerReportHandler.java:updateContainerState(145)) - Container #1 is in OPEN state, but the datanode 9484238f-0427-4b0f-b3b9-a493ba149161{ip: 192.168.164.244, host: pr-hdds-1701-29n7p-3046025130, networkLocation: /default-rack, certSerialId: null} reports an CLOSED replica.
2019-10-25 05:33:10,745 [EventQueue-ContainerReportForContainerReportHandler] WARN  container.ContainerReportHandler (AbstractContainerReportHandler.java:updateContainerState(145)) - Container #1 is in OPEN state, but the datanode a05bcb01-8262-4b6c-960b-c3a46ef8bd63{ip: 192.168.164.244, host: pr-hdds-1701-29n7p-3046025130, networkLocation: /default-rack, certSerialId: null} reports an CLOSED replica.
2019-10-25 05:33:10,765 [EventQueue-ContainerReportForContainerReportHandler] WARN  container.ContainerReportHandler (AbstractContainerReportHandler.java:updateContainerState(145)) - Container #1 is in OPEN state, but the datanode 9484238f-0427-4b0f-b3b9-a493ba149161{ip: 192.168.164.244, host: pr-hdds-1701-29n7p-3046025130, networkLocation: /default-rack, certSerialId: null} reports an CLOSED replica.
2019-10-25 05:33:10,945 [EventQueue-ContainerReportForContainerReportHandler] WARN  container.ContainerReportHandler (AbstractContainerReportHandler.java:updateContainerState(145)) - Container #1 is in OPEN state, but the datanode a05bcb01-8262-4b6c-960b-c3a46ef8bd63{ip: 192.168.164.244, host: pr-hdds-1701-29n7p-3046025130, networkLocation: /default-rack, certSerialId: null} reports an CLOSED replica.
2019-10-25 05:33:10,966 [EventQueue-ContainerReportForContainerReportHandler] WARN  container.ContainerReportHandler (AbstractContainerReportHandler.java:updateContainerState(145)) - Container #1 is in OPEN state, but the datanode 9484238f-0427-4b0f-b3b9-a493ba149161{ip: 192.168.164.244, host: pr-hdds-1701-29n7p-3046025130, networkLocation: /default-rack, certSerialId: null} reports an CLOSED replica.
2019-10-25 05:33:11,145 [EventQueue-ContainerReportForContainerReportHandler] WARN  container.ContainerReportHandler (AbstractContainerReportHandler.java:updateContainerState(145)) - Container #1 is in OPEN state, but the datanode a05bcb01-8262-4b6c-960b-c3a46ef8bd63{ip: 192.168.164.244, host: pr-hdds-1701-29n7p-3046025130, networkLocation: /default-rack, certSerialId: null} reports an CLOSED replica.
2019-10-25 05:33:11,251 [Thread-374] INFO  client.GrpcClientProtocolService (GrpcClientProtocolService.java:lambda$processClientRequest$0(279)) - Failed RaftClientRequest:client-B1E3923C01C0->9484238f-0427-4b0f-b3b9-a493ba149161@group-B84BBA7D09AC, cid=10, seq=0, Watch-ALL_COMMITTED(6), Message:<EMPTY>, reply=RaftClientReply:client-B1E3923C01C0->9484238f-0427-4b0f-b3b9-a493ba149161@group-B84BBA7D09AC, cid=10, FAILED org.apache.ratis.protocol.NotLeaderException: Server 9484238f-0427-4b0f-b3b9-a493ba149161@group-B84BBA7D09AC is not the leader a05bcb01-8262-4b6c-960b-c3a46ef8bd63:192.168.164.244:44076, logIndex=0, commits[9484238f-0427-4b0f-b3b9-a493ba149161:c10, a05bcb01-8262-4b6c-960b-c3a46ef8bd63:c10, 4ce8dd57-9997-4466-b69c-bdc1e0ed84f6:c4]
2019-10-25 05:33:11,267 [EventQueue-ContainerReportForContainerReportHandler] WARN  container.ContainerReportHandler (AbstractContainerReportHandler.java:updateContainerState(145)) - Container #1 is in OPEN state, but the datanode 9484238f-0427-4b0f-b3b9-a493ba149161{ip: 192.168.164.244, host: pr-hdds-1701-29n7p-3046025130, networkLocation: /default-rack, certSerialId: null} reports an CLOSED replica.
2019-10-25 05:33:11,399 [BlockDeletingService#2] WARN  background.BlockDeletingService (BlockDeletingService.java:isDeletionAllowed(187)) - Close Container log Index 6 is not replicated across allthe servers in the pipeline 5e939ce8-5918-4d57-a2cf-b84bba7d09ac as the min replicated index is 4. Deletion is not allowed in this container yet.
2019-10-25 05:33:11,400 [BlockDeletingService#2] WARN  background.BlockDeletingService (BlockDeletingService.java:isDeletionAllowed(187)) - Close Container log Index 6 is not replicated across allthe servers in the pipeline 5e939ce8-5918-4d57-a2cf-b84bba7d09ac as the min replicated index is 4. Deletion is not allowed in this container yet.
2019-10-25 05:33:11,544 [EventQueue-ContainerReportForContainerReportHandler] WARN  container.ContainerReportHandler (AbstractContainerReportHandler.java:updateContainerState(145)) - Container #1 is in OPEN state, but the datanode a05bcb01-8262-4b6c-960b-c3a46ef8bd63{ip: 192.168.164.244, host: pr-hdds-1701-29n7p-3046025130, networkLocation: /default-rack, certSerialId: null} reports an CLOSED replica.
2019-10-25 05:33:11,569 [EventQueue-ContainerReportForContainerReportHandler] WARN  container.ContainerReportHandler (AbstractContainerReportHandler.java:updateContainerState(145)) - Container #1 is in OPEN state, but the datanode 9484238f-0427-4b0f-b3b9-a493ba149161{ip: 192.168.164.244, host: pr-hdds-1701-29n7p-3046025130, networkLocation: /default-rack, certSerialId: null} reports an CLOSED replica.
2019-10-25 05:33:11,769 [EventQueue-ContainerReportForContainerReportHandler] WARN  container.ContainerReportHandler (AbstractContainerReportHandler.java:updateContainerState(145)) - Container #1 is in OPEN state, but the datanode 9484238f-0427-4b0f-b3b9-a493ba149161{ip: 192.168.164.244, host: pr-hdds-1701-29n7p-3046025130, networkLocation: /default-rack, certSerialId: null} reports an CLOSED replica.
2019-10-25 05:33:11,844 [EventQueue-ContainerReportForContainerReportHandler] WARN  container.ContainerReportHandler (AbstractContainerReportHandler.java:updateContainerState(145)) - Container #1 is in OPEN state, but the datanode a05bcb01-8262-4b6c-960b-c3a46ef8bd63{ip: 192.168.164.244, host: pr-hdds-1701-29n7p-3046025130, networkLocation: /default-rack, certSerialId: null} reports an CLOSED replica.
2019-10-25 05:33:12,071 [EventQueue-ContainerReportForContainerReportHandler] WARN  container.ContainerReportHandler (AbstractContainerReportHandler.java:updateContainerState(145)) - Container #1 is in OPEN state, but the datanode 9484238f-0427-4b0f-b3b9-a493ba149161{ip: 192.168.164.244, host: pr-hdds-1701-29n7p-3046025130, networkLocation: /default-rack, certSerialId: null} reports an CLOSED replica.
2019-10-25 05:33:12,145 [EventQueue-ContainerReportForContainerReportHandler] WARN  container.ContainerReportHandler (AbstractContainerReportHandler.java:updateContainerState(145)) - Container #1 is in OPEN state, but the datanode a05bcb01-8262-4b6c-960b-c3a46ef8bd63{ip: 192.168.164.244, host: pr-hdds-1701-29n7p-3046025130, networkLocation: /default-rack, certSerialId: null} reports an CLOSED replica.
2019-10-25 05:33:12,190 [java.util.concurrent.ThreadPoolExecutor$Worker@b00648b[State = -1, empty queue]] WARN  server.GrpcLogAppender (GrpcLogAppender.java:timeoutAppendRequest(209)) - a05bcb01-8262-4b6c-960b-c3a46ef8bd63@group-B84BBA7D09AC->4ce8dd57-9997-4466-b69c-bdc1e0ed84f6-GrpcLogAppender: appendEntries Timeout, request=a05bcb01-8262-4b6c-960b-c3a46ef8bd63->4ce8dd57-9997-4466-b69c-bdc1e0ed84f6#31-t1, previous=(t:1, i:10), leaderCommit=10, initializing? false, entries: <empty>
2019-10-25 05:33:12,272 [EventQueue-ContainerReportForContainerReportHandler] WARN  container.ContainerReportHandler (AbstractContainerReportHandler.java:updateContainerState(145)) - Container #1 is in OPEN state, but the datanode 9484238f-0427-4b0f-b3b9-a493ba149161{ip: 192.168.164.244, host: pr-hdds-1701-29n7p-3046025130, networkLocation: /default-rack, certSerialId: null} reports an CLOSED replica.
2019-10-25 05:33:12,403 [BlockDeletingService#2] WARN  background.BlockDeletingService (BlockDeletingService.java:isDeletionAllowed(187)) - Close Container log Index 6 is not replicated across allthe servers in the pipeline 5e939ce8-5918-4d57-a2cf-b84bba7d09ac as the min replicated index is 4. Deletion is not allowed in this container yet.
2019-10-25 05:33:12,403 [BlockDeletingService#2] WARN  background.BlockDeletingService (BlockDeletingService.java:isDeletionAllowed(187)) - Close Container log Index 6 is not replicated across allthe servers in the pipeline 5e939ce8-5918-4d57-a2cf-b84bba7d09ac as the min replicated index is 4. Deletion is not allowed in this container yet.
2019-10-25 05:33:12,445 [EventQueue-ContainerReportForContainerReportHandler] WARN  container.ContainerReportHandler (AbstractContainerReportHandler.java:updateContainerState(145)) - Container #1 is in OPEN state, but the datanode a05bcb01-8262-4b6c-960b-c3a46ef8bd63{ip: 192.168.164.244, host: pr-hdds-1701-29n7p-3046025130, networkLocation: /default-rack, certSerialId: null} reports an CLOSED replica.
2019-10-25 05:33:12,572 [EventQueue-ContainerReportForContainerReportHandler] WARN  container.ContainerReportHandler (AbstractContainerReportHandler.java:updateContainerState(145)) - Container #1 is in OPEN state, but the datanode 9484238f-0427-4b0f-b3b9-a493ba149161{ip: 192.168.164.244, host: pr-hdds-1701-29n7p-3046025130, networkLocation: /default-rack, certSerialId: null} reports an CLOSED replica.
2019-10-25 05:33:12,683 [Thread-382] INFO  client.GrpcClientProtocolService (GrpcClientProtocolService.java:lambda$processClientRequest$0(279)) - Failed RaftClientRequest:client-B1E3923C01C0->a05bcb01-8262-4b6c-960b-c3a46ef8bd63@group-B84BBA7D09AC, cid=10, seq=0, Watch-ALL_COMMITTED(6), Message:<EMPTY>, reply=RaftClientReply:client-B1E3923C01C0->a05bcb01-8262-4b6c-960b-c3a46ef8bd63@group-B84BBA7D09AC, cid=10, FAILED org.apache.ratis.protocol.NotReplicatedException: Request with call Id 10 and log index 6 is not yet replicated to ALL_COMMITTED, logIndex=6, commits[a05bcb01-8262-4b6c-960b-c3a46ef8bd63:c10, 4ce8dd57-9997-4466-b69c-bdc1e0ed84f6:c4, 9484238f-0427-4b0f-b3b9-a493ba149161:c10]
2019-10-25 05:33:12,746 [EventQueue-ContainerReportForContainerReportHandler] WARN  container.ContainerReportHandler (AbstractContainerReportHandler.java:updateContainerState(145)) - Container #1 is in OPEN state, but the datanode a05bcb01-8262-4b6c-960b-c3a46ef8bd63{ip: 192.168.164.244, host: pr-hdds-1701-29n7p-3046025130, networkLocation: /default-rack, certSerialId: null} reports an CLOSED replica.
2019-10-25 05:33:12,972 [EventQueue-ContainerReportForContainerReportHandler] WARN  container.ContainerReportHandler (AbstractContainerReportHandler.java:updateContainerState(145)) - Container #1 is in OPEN state, but the datanode 9484238f-0427-4b0f-b3b9-a493ba149161{ip: 192.168.164.244, host: pr-hdds-1701-29n7p-3046025130, networkLocation: /default-rack, certSerialId: null} reports an CLOSED replica.
2019-10-25 05:33:13,046 [EventQueue-ContainerReportForContainerReportHandler] WARN  container.ContainerReportHandler (AbstractContainerReportHandler.java:updateContainerState(145)) - Container #1 is in OPEN state, but the datanode a05bcb01-8262-4b6c-960b-c3a46ef8bd63{ip: 192.168.164.244, host: pr-hdds-1701-29n7p-3046025130, networkLocation: /default-rack, certSerialId: null} reports an CLOSED replica.
2019-10-25 05:33:13,347 [EventQueue-ContainerReportForContainerReportHandler] WARN  container.ContainerReportHandler (AbstractContainerReportHandler.java:updateContainerState(145)) - Container #1 is in OPEN state, but the datanode a05bcb01-8262-4b6c-960b-c3a46ef8bd63{ip: 192.168.164.244, host: pr-hdds-1701-29n7p-3046025130, networkLocation: /default-rack, certSerialId: null} reports an CLOSED replica.
2019-10-25 05:33:13,374 [EventQueue-ContainerReportForContainerReportHandler] WARN  container.ContainerReportHandler (AbstractContainerReportHandler.java:updateContainerState(145)) - Container #1 is in OPEN state, but the datanode 9484238f-0427-4b0f-b3b9-a493ba149161{ip: 192.168.164.244, host: pr-hdds-1701-29n7p-3046025130, networkLocation: /default-rack, certSerialId: null} reports an CLOSED replica.
2019-10-25 05:33:13,404 [BlockDeletingService#2] WARN  background.BlockDeletingService (BlockDeletingService.java:isDeletionAllowed(187)) - Close Container log Index 6 is not replicated across allthe servers in the pipeline 5e939ce8-5918-4d57-a2cf-b84bba7d09ac as the min replicated index is 4. Deletion is not allowed in this container yet.
2019-10-25 05:33:13,406 [BlockDeletingService#2] WARN  background.BlockDeletingService (BlockDeletingService.java:isDeletionAllowed(187)) - Close Container log Index 6 is not replicated across allthe servers in the pipeline 5e939ce8-5918-4d57-a2cf-b84bba7d09ac as the min replicated index is 4. Deletion is not allowed in this container yet.
2019-10-25 05:33:13,547 [EventQueue-ContainerReportForContainerReportHandler] WARN  container.ContainerReportHandler (AbstractContainerReportHandler.java:updateContainerState(145)) - Container #1 is in OPEN state, but the datanode a05bcb01-8262-4b6c-960b-c3a46ef8bd63{ip: 192.168.164.244, host: pr-hdds-1701-29n7p-3046025130, networkLocation: /default-rack, certSerialId: null} reports an CLOSED replica.
2019-10-25 05:33:13,673 [EventQueue-ContainerReportForContainerReportHandler] WARN  container.ContainerReportHandler (AbstractContainerReportHandler.java:updateContainerState(145)) - Container #1 is in OPEN state, but the datanode 9484238f-0427-4b0f-b3b9-a493ba149161{ip: 192.168.164.244, host: pr-hdds-1701-29n7p-3046025130, networkLocation: /default-rack, certSerialId: null} reports an CLOSED replica.
2019-10-25 05:33:13,848 [EventQueue-ContainerReportForContainerReportHandler] WARN  container.ContainerReportHandler (AbstractContainerReportHandler.java:updateContainerState(145)) - Container #1 is in OPEN state, but the datanode a05bcb01-8262-4b6c-960b-c3a46ef8bd63{ip: 192.168.164.244, host: pr-hdds-1701-29n7p-3046025130, networkLocation: /default-rack, certSerialId: null} reports an CLOSED replica.
2019-10-25 05:33:13,974 [EventQueue-ContainerReportForContainerReportHandler] WARN  container.ContainerReportHandler (AbstractContainerReportHandler.java:updateContainerState(145)) - Container #1 is in OPEN state, but the datanode 9484238f-0427-4b0f-b3b9-a493ba149161{ip: 192.168.164.244, host: pr-hdds-1701-29n7p-3046025130, networkLocation: /default-rack, certSerialId: null} reports an CLOSED replica.
2019-10-25 05:33:14,148 [EventQueue-ContainerReportForContainerReportHandler] WARN  container.ContainerReportHandler (AbstractContainerReportHandler.java:updateContainerState(145)) - Container #1 is in OPEN state, but the datanode a05bcb01-8262-4b6c-960b-c3a46ef8bd63{ip: 192.168.164.244, host: pr-hdds-1701-29n7p-3046025130, networkLocation: /default-rack, certSerialId: null} reports an CLOSED replica.
2019-10-25 05:33:14,374 [EventQueue-ContainerReportForContainerReportHandler] WARN  container.ContainerReportHandler (AbstractContainerReportHandler.java:updateContainerState(145)) - Container #1 is in OPEN state, but the datanode 9484238f-0427-4b0f-b3b9-a493ba149161{ip: 192.168.164.244, host: pr-hdds-1701-29n7p-3046025130, networkLocation: /default-rack, certSerialId: null} reports an CLOSED replica.
2019-10-25 05:33:14,407 [BlockDeletingService#2] WARN  background.BlockDeletingService (BlockDeletingService.java:isDeletionAllowed(187)) - Close Container log Index 6 is not replicated across allthe servers in the pipeline 5e939ce8-5918-4d57-a2cf-b84bba7d09ac as the min replicated index is 4. Deletion is not allowed in this container yet.
2019-10-25 05:33:14,407 [BlockDeletingService#2] WARN  background.BlockDeletingService (BlockDeletingService.java:isDeletionAllowed(187)) - Close Container log Index 6 is not replicated across allthe servers in the pipeline 5e939ce8-5918-4d57-a2cf-b84bba7d09ac as the min replicated index is 4. Deletion is not allowed in this container yet.
2019-10-25 05:33:14,449 [EventQueue-ContainerReportForContainerReportHandler] WARN  container.ContainerReportHandler (AbstractContainerReportHandler.java:updateContainerState(145)) - Container #1 is in OPEN state, but the datanode a05bcb01-8262-4b6c-960b-c3a46ef8bd63{ip: 192.168.164.244, host: pr-hdds-1701-29n7p-3046025130, networkLocation: /default-rack, certSerialId: null} reports an CLOSED replica.
2019-10-25 05:33:14,693 [java.util.concurrent.ThreadPoolExecutor$Worker@b00648b[State = -1, empty queue]] WARN  server.GrpcLogAppender (GrpcLogAppender.java:timeoutAppendRequest(209)) - a05bcb01-8262-4b6c-960b-c3a46ef8bd63@group-B84BBA7D09AC->4ce8dd57-9997-4466-b69c-bdc1e0ed84f6-GrpcLogAppender: appendEntries Timeout, request=a05bcb01-8262-4b6c-960b-c3a46ef8bd63->4ce8dd57-9997-4466-b69c-bdc1e0ed84f6#32-t1, previous=(t:1, i:10), leaderCommit=10, initializing? false, entries: <empty>
2019-10-25 05:33:14,774 [EventQueue-ContainerReportForContainerReportHandler] WARN  container.ContainerReportHandler (AbstractContainerReportHandler.java:updateContainerState(145)) - Container #1 is in OPEN state, but the datanode 9484238f-0427-4b0f-b3b9-a493ba149161{ip: 192.168.164.244, host: pr-hdds-1701-29n7p-3046025130, networkLocation: /default-rack, certSerialId: null} reports an CLOSED replica.
2019-10-25 05:33:14,848 [EventQueue-ContainerReportForContainerReportHandler] WARN  container.ContainerReportHandler (AbstractContainerReportHandler.java:updateContainerState(145)) - Container #1 is in OPEN state, but the datanode a05bcb01-8262-4b6c-960b-c3a46ef8bd63{ip: 192.168.164.244, host: pr-hdds-1701-29n7p-3046025130, networkLocation: /default-rack, certSerialId: null} reports an CLOSED replica.
2019-10-25 05:33:15,073 [EventQueue-ContainerReportForContainerReportHandler] WARN  container.ContainerReportHandler (AbstractContainerReportHandler.java:updateContainerState(145)) - Container #1 is in OPEN state, but the datanode 9484238f-0427-4b0f-b3b9-a493ba149161{ip: 192.168.164.244, host: pr-hdds-1701-29n7p-3046025130, networkLocation: /default-rack, certSerialId: null} reports an CLOSED replica.
2019-10-25 05:33:15,148 [EventQueue-ContainerReportForContainerReportHandler] WARN  container.ContainerReportHandler (AbstractContainerReportHandler.java:updateContainerState(145)) - Container #1 is in OPEN state, but the datanode a05bcb01-8262-4b6c-960b-c3a46ef8bd63{ip: 192.168.164.244, host: pr-hdds-1701-29n7p-3046025130, networkLocation: /default-rack, certSerialId: null} reports an CLOSED replica.
2019-10-25 05:33:15,348 [EventQueue-ContainerReportForContainerReportHandler] WARN  container.ContainerReportHandler (AbstractContainerReportHandler.java:updateContainerState(145)) - Container #1 is in OPEN state, but the datanode a05bcb01-8262-4b6c-960b-c3a46ef8bd63{ip: 192.168.164.244, host: pr-hdds-1701-29n7p-3046025130, networkLocation: /default-rack, certSerialId: null} reports an CLOSED replica.
2019-10-25 05:33:15,374 [EventQueue-ContainerReportForContainerReportHandler] WARN  container.ContainerReportHandler (AbstractContainerReportHandler.java:updateContainerState(145)) - Container #1 is in OPEN state, but the datanode 9484238f-0427-4b0f-b3b9-a493ba149161{ip: 192.168.164.244, host: pr-hdds-1701-29n7p-3046025130, networkLocation: /default-rack, certSerialId: null} reports an CLOSED replica.
2019-10-25 05:33:15,410 [BlockDeletingService#2] WARN  background.BlockDeletingService (BlockDeletingService.java:isDeletionAllowed(187)) - Close Container log Index 6 is not replicated across allthe servers in the pipeline 5e939ce8-5918-4d57-a2cf-b84bba7d09ac as the min replicated index is 4. Deletion is not allowed in this container yet.
2019-10-25 05:33:15,410 [BlockDeletingService#2] WARN  background.BlockDeletingService (BlockDeletingService.java:isDeletionAllowed(187)) - Close Container log Index 6 is not replicated across allthe servers in the pipeline 5e939ce8-5918-4d57-a2cf-b84bba7d09ac as the min replicated index is 4. Deletion is not allowed in this container yet.
2019-10-25 05:33:15,574 [EventQueue-ContainerReportForContainerReportHandler] WARN  container.ContainerReportHandler (AbstractContainerReportHandler.java:updateContainerState(145)) - Container #1 is in OPEN state, but the datanode 9484238f-0427-4b0f-b3b9-a493ba149161{ip: 192.168.164.244, host: pr-hdds-1701-29n7p-3046025130, networkLocation: /default-rack, certSerialId: null} reports an CLOSED replica.
2019-10-25 05:33:15,748 [EventQueue-ContainerReportForContainerReportHandler] WARN  container.ContainerReportHandler (AbstractContainerReportHandler.java:updateContainerState(145)) - Container #1 is in OPEN state, but the datanode a05bcb01-8262-4b6c-960b-c3a46ef8bd63{ip: 192.168.164.244, host: pr-hdds-1701-29n7p-3046025130, networkLocation: /default-rack, certSerialId: null} reports an CLOSED replica.
2019-10-25 05:33:15,873 [EventQueue-ContainerReportForContainerReportHandler] WARN  container.ContainerReportHandler (AbstractContainerReportHandler.java:updateContainerState(145)) - Container #1 is in OPEN state, but the datanode 9484238f-0427-4b0f-b3b9-a493ba149161{ip: 192.168.164.244, host: pr-hdds-1701-29n7p-3046025130, networkLocation: /default-rack, certSerialId: null} reports an CLOSED replica.
2019-10-25 05:33:15,949 [EventQueue-ContainerReportForContainerReportHandler] WARN  container.ContainerReportHandler (AbstractContainerReportHandler.java:updateContainerState(145)) - Container #1 is in OPEN state, but the datanode a05bcb01-8262-4b6c-960b-c3a46ef8bd63{ip: 192.168.164.244, host: pr-hdds-1701-29n7p-3046025130, networkLocation: /default-rack, certSerialId: null} reports an CLOSED replica.
2019-10-25 05:33:16,149 [EventQueue-ContainerReportForContainerReportHandler] WARN  container.ContainerReportHandler (AbstractContainerReportHandler.java:updateContainerState(145)) - Container #1 is in OPEN state, but the datanode a05bcb01-8262-4b6c-960b-c3a46ef8bd63{ip: 192.168.164.244, host: pr-hdds-1701-29n7p-3046025130, networkLocation: /default-rack, certSerialId: null} reports an CLOSED replica.
2019-10-25 05:33:16,174 [EventQueue-ContainerReportForContainerReportHandler] WARN  container.ContainerReportHandler (AbstractContainerReportHandler.java:updateContainerState(145)) - Container #1 is in OPEN state, but the datanode 9484238f-0427-4b0f-b3b9-a493ba149161{ip: 192.168.164.244, host: pr-hdds-1701-29n7p-3046025130, networkLocation: /default-rack, certSerialId: null} reports an CLOSED replica.
2019-10-25 05:33:16,413 [BlockDeletingService#2] WARN  background.BlockDeletingService (BlockDeletingService.java:isDeletionAllowed(187)) - Close Container log Index 6 is not replicated across allthe servers in the pipeline 5e939ce8-5918-4d57-a2cf-b84bba7d09ac as the min replicated index is 4. Deletion is not allowed in this container yet.
2019-10-25 05:33:16,413 [BlockDeletingService#2] WARN  background.BlockDeletingService (BlockDeletingService.java:isDeletionAllowed(187)) - Close Container log Index 6 is not replicated across allthe servers in the pipeline 5e939ce8-5918-4d57-a2cf-b84bba7d09ac as the min replicated index is 4. Deletion is not allowed in this container yet.
2019-10-25 05:33:16,449 [EventQueue-ContainerReportForContainerReportHandler] WARN  container.ContainerReportHandler (AbstractContainerReportHandler.java:updateContainerState(145)) - Container #1 is in OPEN state, but the datanode a05bcb01-8262-4b6c-960b-c3a46ef8bd63{ip: 192.168.164.244, host: pr-hdds-1701-29n7p-3046025130, networkLocation: /default-rack, certSerialId: null} reports an CLOSED replica.
2019-10-25 05:33:16,577 [EventQueue-ContainerReportForContainerReportHandler] WARN  container.ContainerReportHandler (AbstractContainerReportHandler.java:updateContainerState(145)) - Container #1 is in OPEN state, but the datanode 9484238f-0427-4b0f-b3b9-a493ba149161{ip: 192.168.164.244, host: pr-hdds-1701-29n7p-3046025130, networkLocation: /default-rack, certSerialId: null} reports an CLOSED replica.
2019-10-25 05:33:16,751 [EventQueue-ContainerReportForContainerReportHandler] WARN  container.ContainerReportHandler (AbstractContainerReportHandler.java:updateContainerState(145)) - Container #1 is in OPEN state, but the datanode a05bcb01-8262-4b6c-960b-c3a46ef8bd63{ip: 192.168.164.244, host: pr-hdds-1701-29n7p-3046025130, networkLocation: /default-rack, certSerialId: null} reports an CLOSED replica.
2019-10-25 05:33:16,878 [EventQueue-ContainerReportForContainerReportHandler] WARN  container.ContainerReportHandler (AbstractContainerReportHandler.java:updateContainerState(145)) - Container #1 is in OPEN state, but the datanode 9484238f-0427-4b0f-b3b9-a493ba149161{ip: 192.168.164.244, host: pr-hdds-1701-29n7p-3046025130, networkLocation: /default-rack, certSerialId: null} reports an CLOSED replica.
2019-10-25 05:33:16,950 [EventQueue-ContainerReportForContainerReportHandler] WARN  container.ContainerReportHandler (AbstractContainerReportHandler.java:updateContainerState(145)) - Container #1 is in OPEN state, but the datanode a05bcb01-8262-4b6c-960b-c3a46ef8bd63{ip: 192.168.164.244, host: pr-hdds-1701-29n7p-3046025130, networkLocation: /default-rack, certSerialId: null} reports an CLOSED replica.
2019-10-25 05:33:17,196 [java.util.concurrent.ThreadPoolExecutor$Worker@b00648b[State = -1, empty queue]] WARN  server.GrpcLogAppender (GrpcLogAppender.java:timeoutAppendRequest(209)) - a05bcb01-8262-4b6c-960b-c3a46ef8bd63@group-B84BBA7D09AC->4ce8dd57-9997-4466-b69c-bdc1e0ed84f6-GrpcLogAppender: appendEntries Timeout, request=a05bcb01-8262-4b6c-960b-c3a46ef8bd63->4ce8dd57-9997-4466-b69c-bdc1e0ed84f6#33-t1, previous=(t:1, i:10), leaderCommit=10, initializing? false, entries: <empty>
2019-10-25 05:33:17,253 [EventQueue-ContainerReportForContainerReportHandler] WARN  container.ContainerReportHandler (AbstractContainerReportHandler.java:updateContainerState(145)) - Container #1 is in OPEN state, but the datanode a05bcb01-8262-4b6c-960b-c3a46ef8bd63{ip: 192.168.164.244, host: pr-hdds-1701-29n7p-3046025130, networkLocation: /default-rack, certSerialId: null} reports an CLOSED replica.
2019-10-25 05:33:17,279 [EventQueue-ContainerReportForContainerReportHandler] WARN  container.ContainerReportHandler (AbstractContainerReportHandler.java:updateContainerState(145)) - Container #1 is in OPEN state, but the datanode 9484238f-0427-4b0f-b3b9-a493ba149161{ip: 192.168.164.244, host: pr-hdds-1701-29n7p-3046025130, networkLocation: /default-rack, certSerialId: null} reports an CLOSED replica.
2019-10-25 05:33:17,416 [BlockDeletingService#2] WARN  background.BlockDeletingService (BlockDeletingService.java:isDeletionAllowed(187)) - Close Container log Index 6 is not replicated across allthe servers in the pipeline 5e939ce8-5918-4d57-a2cf-b84bba7d09ac as the min replicated index is 4. Deletion is not allowed in this container yet.
2019-10-25 05:33:17,416 [BlockDeletingService#2] WARN  background.BlockDeletingService (BlockDeletingService.java:isDeletionAllowed(187)) - Close Container log Index 6 is not replicated across allthe servers in the pipeline 5e939ce8-5918-4d57-a2cf-b84bba7d09ac as the min replicated index is 4. Deletion is not allowed in this container yet.
2019-10-25 05:33:17,452 [EventQueue-ContainerReportForContainerReportHandler] WARN  container.ContainerReportHandler (AbstractContainerReportHandler.java:updateContainerState(145)) - Container #1 is in OPEN state, but the datanode a05bcb01-8262-4b6c-960b-c3a46ef8bd63{ip: 192.168.164.244, host: pr-hdds-1701-29n7p-3046025130, networkLocation: /default-rack, certSerialId: null} reports an CLOSED replica.
2019-10-25 05:33:17,580 [EventQueue-ContainerReportForContainerReportHandler] WARN  container.ContainerReportHandler (AbstractContainerReportHandler.java:updateContainerState(145)) - Container #1 is in OPEN state, but the datanode 9484238f-0427-4b0f-b3b9-a493ba149161{ip: 192.168.164.244, host: pr-hdds-1701-29n7p-3046025130, networkLocation: /default-rack, certSerialId: null} reports an CLOSED replica.
2019-10-25 05:33:17,854 [EventQueue-ContainerReportForContainerReportHandler] WARN  container.ContainerReportHandler (AbstractContainerReportHandler.java:updateContainerState(145)) - Container #1 is in OPEN state, but the datanode a05bcb01-8262-4b6c-960b-c3a46ef8bd63{ip: 192.168.164.244, host: pr-hdds-1701-29n7p-3046025130, networkLocation: /default-rack, certSerialId: null} reports an CLOSED replica.
2019-10-25 05:33:17,980 [EventQueue-ContainerReportForContainerReportHandler] WARN  container.ContainerReportHandler (AbstractContainerReportHandler.java:updateContainerState(145)) - Container #1 is in OPEN state, but the datanode 9484238f-0427-4b0f-b3b9-a493ba149161{ip: 192.168.164.244, host: pr-hdds-1701-29n7p-3046025130, networkLocation: /default-rack, certSerialId: null} reports an CLOSED replica.
2019-10-25 05:33:18,055 [EventQueue-ContainerReportForContainerReportHandler] WARN  container.ContainerReportHandler (AbstractContainerReportHandler.java:updateContainerState(145)) - Container #1 is in OPEN state, but the datanode a05bcb01-8262-4b6c-960b-c3a46ef8bd63{ip: 192.168.164.244, host: pr-hdds-1701-29n7p-3046025130, networkLocation: /default-rack, certSerialId: null} reports an CLOSED replica.
2019-10-25 05:33:18,280 [EventQueue-ContainerReportForContainerReportHandler] WARN  container.ContainerReportHandler (AbstractContainerReportHandler.java:updateContainerState(145)) - Container #1 is in OPEN state, but the datanode 9484238f-0427-4b0f-b3b9-a493ba149161{ip: 192.168.164.244, host: pr-hdds-1701-29n7p-3046025130, networkLocation: /default-rack, certSerialId: null} reports an CLOSED replica.
2019-10-25 05:33:18,356 [EventQueue-ContainerReportForContainerReportHandler] WARN  container.ContainerReportHandler (AbstractContainerReportHandler.java:updateContainerState(145)) - Container #1 is in OPEN state, but the datanode a05bcb01-8262-4b6c-960b-c3a46ef8bd63{ip: 192.168.164.244, host: pr-hdds-1701-29n7p-3046025130, networkLocation: /default-rack, certSerialId: null} reports an CLOSED replica.
2019-10-25 05:33:18,418 [BlockDeletingService#2] WARN  background.BlockDeletingService (BlockDeletingService.java:isDeletionAllowed(187)) - Close Container log Index 6 is not replicated across allthe servers in the pipeline 5e939ce8-5918-4d57-a2cf-b84bba7d09ac as the min replicated index is 4. Deletion is not allowed in this container yet.
2019-10-25 05:33:18,418 [BlockDeletingService#2] WARN  background.BlockDeletingService (BlockDeletingService.java:isDeletionAllowed(187)) - Close Container log Index 6 is not replicated across allthe servers in the pipeline 5e939ce8-5918-4d57-a2cf-b84bba7d09ac as the min replicated index is 4. Deletion is not allowed in this container yet.
2019-10-25 05:33:18,581 [EventQueue-ContainerReportForContainerReportHandler] WARN  container.ContainerReportHandler (AbstractContainerReportHandler.java:updateContainerState(145)) - Container #1 is in OPEN state, but the datanode 9484238f-0427-4b0f-b3b9-a493ba149161{ip: 192.168.164.244, host: pr-hdds-1701-29n7p-3046025130, networkLocation: /default-rack, certSerialId: null} reports an CLOSED replica.
2019-10-25 05:33:18,756 [EventQueue-ContainerReportForContainerReportHandler] WARN  container.ContainerReportHandler (AbstractContainerReportHandler.java:updateContainerState(145)) - Container #1 is in OPEN state, but the datanode a05bcb01-8262-4b6c-960b-c3a46ef8bd63{ip: 192.168.164.244, host: pr-hdds-1701-29n7p-3046025130, networkLocation: /default-rack, certSerialId: null} reports an CLOSED replica.
2019-10-25 05:33:18,881 [EventQueue-ContainerReportForContainerReportHandler] WARN  container.ContainerReportHandler (AbstractContainerReportHandler.java:updateContainerState(145)) - Container #1 is in OPEN state, but the datanode 9484238f-0427-4b0f-b3b9-a493ba149161{ip: 192.168.164.244, host: pr-hdds-1701-29n7p-3046025130, networkLocation: /default-rack, certSerialId: null} reports an CLOSED replica.
2019-10-25 05:33:18,956 [EventQueue-ContainerReportForContainerReportHandler] WARN  container.ContainerReportHandler (AbstractContainerReportHandler.java:updateContainerState(145)) - Container #1 is in OPEN state, but the datanode a05bcb01-8262-4b6c-960b-c3a46ef8bd63{ip: 192.168.164.244, host: pr-hdds-1701-29n7p-3046025130, networkLocation: /default-rack, certSerialId: null} reports an CLOSED replica.
2019-10-25 05:33:19,281 [EventQueue-ContainerReportForContainerReportHandler] WARN  container.ContainerReportHandler (AbstractContainerReportHandler.java:updateContainerState(145)) - Container #1 is in OPEN state, but the datanode 9484238f-0427-4b0f-b3b9-a493ba149161{ip: 192.168.164.244, host: pr-hdds-1701-29n7p-3046025130, networkLocation: /default-rack, certSerialId: null} reports an CLOSED replica.
2019-10-25 05:33:19,358 [EventQueue-ContainerReportForContainerReportHandler] WARN  container.ContainerReportHandler (AbstractContainerReportHandler.java:updateContainerState(145)) - Container #1 is in OPEN state, but the datanode a05bcb01-8262-4b6c-960b-c3a46ef8bd63{ip: 192.168.164.244, host: pr-hdds-1701-29n7p-3046025130, networkLocation: /default-rack, certSerialId: null} reports an CLOSED replica.
2019-10-25 05:33:19,420 [BlockDeletingService#2] WARN  background.BlockDeletingService (BlockDeletingService.java:isDeletionAllowed(187)) - Close Container log Index 6 is not replicated across allthe servers in the pipeline 5e939ce8-5918-4d57-a2cf-b84bba7d09ac as the min replicated index is 4. Deletion is not allowed in this container yet.
2019-10-25 05:33:19,421 [BlockDeletingService#2] WARN  background.BlockDeletingService (BlockDeletingService.java:isDeletionAllowed(187)) - Close Container log Index 6 is not replicated across allthe servers in the pipeline 5e939ce8-5918-4d57-a2cf-b84bba7d09ac as the min replicated index is 4. Deletion is not allowed in this container yet.
2019-10-25 05:33:19,581 [EventQueue-ContainerReportForContainerReportHandler] WARN  container.ContainerReportHandler (AbstractContainerReportHandler.java:updateContainerState(145)) - Container #1 is in OPEN state, but the datanode 9484238f-0427-4b0f-b3b9-a493ba149161{ip: 192.168.164.244, host: pr-hdds-1701-29n7p-3046025130, networkLocation: /default-rack, certSerialId: null} reports an CLOSED replica.
2019-10-25 05:33:19,659 [EventQueue-ContainerReportForContainerReportHandler] WARN  container.ContainerReportHandler (AbstractContainerReportHandler.java:updateContainerState(145)) - Container #1 is in OPEN state, but the datanode a05bcb01-8262-4b6c-960b-c3a46ef8bd63{ip: 192.168.164.244, host: pr-hdds-1701-29n7p-3046025130, networkLocation: /default-rack, certSerialId: null} reports an CLOSED replica.
2019-10-25 05:33:19,697 [java.util.concurrent.ThreadPoolExecutor$Worker@b00648b[State = -1, empty queue]] WARN  server.GrpcLogAppender (GrpcLogAppender.java:timeoutAppendRequest(209)) - a05bcb01-8262-4b6c-960b-c3a46ef8bd63@group-B84BBA7D09AC->4ce8dd57-9997-4466-b69c-bdc1e0ed84f6-GrpcLogAppender: appendEntries Timeout, request=a05bcb01-8262-4b6c-960b-c3a46ef8bd63->4ce8dd57-9997-4466-b69c-bdc1e0ed84f6#34-t1, previous=(t:1, i:10), leaderCommit=10, initializing? false, entries: <empty>
2019-10-25 05:33:19,859 [EventQueue-ContainerReportForContainerReportHandler] WARN  container.ContainerReportHandler (AbstractContainerReportHandler.java:updateContainerState(145)) - Container #1 is in OPEN state, but the datanode a05bcb01-8262-4b6c-960b-c3a46ef8bd63{ip: 192.168.164.244, host: pr-hdds-1701-29n7p-3046025130, networkLocation: /default-rack, certSerialId: null} reports an CLOSED replica.
2019-10-25 05:33:19,881 [EventQueue-ContainerReportForContainerReportHandler] WARN  container.ContainerReportHandler (AbstractContainerReportHandler.java:updateContainerState(145)) - Container #1 is in OPEN state, but the datanode 9484238f-0427-4b0f-b3b9-a493ba149161{ip: 192.168.164.244, host: pr-hdds-1701-29n7p-3046025130, networkLocation: /default-rack, certSerialId: null} reports an CLOSED replica.
2019-10-25 05:33:20,059 [EventQueue-ContainerReportForContainerReportHandler] WARN  container.ContainerReportHandler (AbstractContainerReportHandler.java:updateContainerState(145)) - Container #1 is in OPEN state, but the datanode a05bcb01-8262-4b6c-960b-c3a46ef8bd63{ip: 192.168.164.244, host: pr-hdds-1701-29n7p-3046025130, networkLocation: /default-rack, certSerialId: null} reports an CLOSED replica.
2019-10-25 05:33:20,081 [EventQueue-ContainerReportForContainerReportHandler] WARN  container.ContainerReportHandler (AbstractContainerReportHandler.java:updateContainerState(145)) - Container #1 is in OPEN state, but the datanode 9484238f-0427-4b0f-b3b9-a493ba149161{ip: 192.168.164.244, host: pr-hdds-1701-29n7p-3046025130, networkLocation: /default-rack, certSerialId: null} reports an CLOSED replica.
2019-10-25 05:33:20,259 [EventQueue-ContainerReportForContainerReportHandler] WARN  container.ContainerReportHandler (AbstractContainerReportHandler.java:updateContainerState(145)) - Container #1 is in OPEN state, but the datanode a05bcb01-8262-4b6c-960b-c3a46ef8bd63{ip: 192.168.164.244, host: pr-hdds-1701-29n7p-3046025130, networkLocation: /default-rack, certSerialId: null} reports an CLOSED replica.
2019-10-25 05:33:20,282 [Thread-402] INFO  client.GrpcClientProtocolService (GrpcClientProtocolService.java:lambda$processClientRequest$0(279)) - Failed RaftClientRequest:client-B1E3923C01C0->9484238f-0427-4b0f-b3b9-a493ba149161@group-B84BBA7D09AC, cid=10, seq=0, Watch-ALL_COMMITTED(6), Message:<EMPTY>, reply=RaftClientReply:client-B1E3923C01C0->9484238f-0427-4b0f-b3b9-a493ba149161@group-B84BBA7D09AC, cid=10, FAILED org.apache.ratis.protocol.NotLeaderException: Server 9484238f-0427-4b0f-b3b9-a493ba149161@group-B84BBA7D09AC is not the leader a05bcb01-8262-4b6c-960b-c3a46ef8bd63:192.168.164.244:44076, logIndex=0, commits[9484238f-0427-4b0f-b3b9-a493ba149161:c10, a05bcb01-8262-4b6c-960b-c3a46ef8bd63:c10, 4ce8dd57-9997-4466-b69c-bdc1e0ed84f6:c4]
2019-10-25 05:33:20,381 [EventQueue-ContainerReportForContainerReportHandler] WARN  container.ContainerReportHandler (AbstractContainerReportHandler.java:updateContainerState(145)) - Container #1 is in OPEN state, but the datanode 9484238f-0427-4b0f-b3b9-a493ba149161{ip: 192.168.164.244, host: pr-hdds-1701-29n7p-3046025130, networkLocation: /default-rack, certSerialId: null} reports an CLOSED replica.
2019-10-25 05:33:20,423 [BlockDeletingService#2] WARN  background.BlockDeletingService (BlockDeletingService.java:isDeletionAllowed(187)) - Close Container log Index 6 is not replicated across allthe servers in the pipeline 5e939ce8-5918-4d57-a2cf-b84bba7d09ac as the min replicated index is 4. Deletion is not allowed in this container yet.
2019-10-25 05:33:20,423 [BlockDeletingService#2] WARN  background.BlockDeletingService (BlockDeletingService.java:isDeletionAllowed(187)) - Close Container log Index 6 is not replicated across allthe servers in the pipeline 5e939ce8-5918-4d57-a2cf-b84bba7d09ac as the min replicated index is 4. Deletion is not allowed in this container yet.
2019-10-25 05:33:20,559 [EventQueue-ContainerReportForContainerReportHandler] WARN  container.ContainerReportHandler (AbstractContainerReportHandler.java:updateContainerState(145)) - Container #1 is in OPEN state, but the datanode a05bcb01-8262-4b6c-960b-c3a46ef8bd63{ip: 192.168.164.244, host: pr-hdds-1701-29n7p-3046025130, networkLocation: /default-rack, certSerialId: null} reports an CLOSED replica.
2019-10-25 05:33:20,681 [EventQueue-ContainerReportForContainerReportHandler] WARN  container.ContainerReportHandler (AbstractContainerReportHandler.java:updateContainerState(145)) - Container #1 is in OPEN state, but the datanode 9484238f-0427-4b0f-b3b9-a493ba149161{ip: 192.168.164.244, host: pr-hdds-1701-29n7p-3046025130, networkLocation: /default-rack, certSerialId: null} reports an CLOSED replica.
2019-10-25 05:33:20,959 [EventQueue-ContainerReportForContainerReportHandler] WARN  container.ContainerReportHandler (AbstractContainerReportHandler.java:updateContainerState(145)) - Container #1 is in OPEN state, but the datanode a05bcb01-8262-4b6c-960b-c3a46ef8bd63{ip: 192.168.164.244, host: pr-hdds-1701-29n7p-3046025130, networkLocation: /default-rack, certSerialId: null} reports an CLOSED replica.
2019-10-25 05:33:21,082 [EventQueue-ContainerReportForContainerReportHandler] WARN  container.ContainerReportHandler (AbstractContainerReportHandler.java:updateContainerState(145)) - Container #1 is in OPEN state, but the datanode 9484238f-0427-4b0f-b3b9-a493ba149161{ip: 192.168.164.244, host: pr-hdds-1701-29n7p-3046025130, networkLocation: /default-rack, certSerialId: null} reports an CLOSED replica.
2019-10-25 05:33:21,259 [EventQueue-ContainerReportForContainerReportHandler] WARN  container.ContainerReportHandler (AbstractContainerReportHandler.java:updateContainerState(145)) - Container #1 is in OPEN state, but the datanode a05bcb01-8262-4b6c-960b-c3a46ef8bd63{ip: 192.168.164.244, host: pr-hdds-1701-29n7p-3046025130, networkLocation: /default-rack, certSerialId: null} reports an CLOSED replica.
2019-10-25 05:33:21,383 [EventQueue-ContainerReportForContainerReportHandler] WARN  container.ContainerReportHandler (AbstractContainerReportHandler.java:updateContainerState(145)) - Container #1 is in OPEN state, but the datanode 9484238f-0427-4b0f-b3b9-a493ba149161{ip: 192.168.164.244, host: pr-hdds-1701-29n7p-3046025130, networkLocation: /default-rack, certSerialId: null} reports an CLOSED replica.
2019-10-25 05:33:21,429 [BlockDeletingService#2] WARN  background.BlockDeletingService (BlockDeletingService.java:isDeletionAllowed(187)) - Close Container log Index 6 is not replicated across allthe servers in the pipeline 5e939ce8-5918-4d57-a2cf-b84bba7d09ac as the min replicated index is 4. Deletion is not allowed in this container yet.
2019-10-25 05:33:21,429 [BlockDeletingService#2] WARN  background.BlockDeletingService (BlockDeletingService.java:isDeletionAllowed(187)) - Close Container log Index 6 is not replicated across allthe servers in the pipeline 5e939ce8-5918-4d57-a2cf-b84bba7d09ac as the min replicated index is 4. Deletion is not allowed in this container yet.
2019-10-25 05:33:21,461 [EventQueue-ContainerReportForContainerReportHandler] WARN  container.ContainerReportHandler (AbstractContainerReportHandler.java:updateContainerState(145)) - Container #1 is in OPEN state, but the datanode a05bcb01-8262-4b6c-960b-c3a46ef8bd63{ip: 192.168.164.244, host: pr-hdds-1701-29n7p-3046025130, networkLocation: /default-rack, certSerialId: null} reports an CLOSED replica.
2019-10-25 05:33:21,683 [Thread-409] INFO  client.GrpcClientProtocolService (GrpcClientProtocolService.java:lambda$processClientRequest$0(279)) - Failed RaftClientRequest:client-B1E3923C01C0->a05bcb01-8262-4b6c-960b-c3a46ef8bd63@group-B84BBA7D09AC, cid=10, seq=0, Watch-ALL_COMMITTED(6), Message:<EMPTY>, reply=RaftClientReply:client-B1E3923C01C0->a05bcb01-8262-4b6c-960b-c3a46ef8bd63@group-B84BBA7D09AC, cid=10, FAILED org.apache.ratis.protocol.NotReplicatedException: Request with call Id 10 and log index 6 is not yet replicated to ALL_COMMITTED, logIndex=6, commits[a05bcb01-8262-4b6c-960b-c3a46ef8bd63:c10, 4ce8dd57-9997-4466-b69c-bdc1e0ed84f6:c4, 9484238f-0427-4b0f-b3b9-a493ba149161:c10]
2019-10-25 05:33:21,684 [EventQueue-ContainerReportForContainerReportHandler] WARN  container.ContainerReportHandler (AbstractContainerReportHandler.java:updateContainerState(145)) - Container #1 is in OPEN state, but the datanode 9484238f-0427-4b0f-b3b9-a493ba149161{ip: 192.168.164.244, host: pr-hdds-1701-29n7p-3046025130, networkLocation: /default-rack, certSerialId: null} reports an CLOSED replica.
2019-10-25 05:33:21,859 [EventQueue-ContainerReportForContainerReportHandler] WARN  container.ContainerReportHandler (AbstractContainerReportHandler.java:updateContainerState(145)) - Container #1 is in OPEN state, but the datanode a05bcb01-8262-4b6c-960b-c3a46ef8bd63{ip: 192.168.164.244, host: pr-hdds-1701-29n7p-3046025130, networkLocation: /default-rack, certSerialId: null} reports an CLOSED replica.
2019-10-25 05:33:21,984 [EventQueue-ContainerReportForContainerReportHandler] WARN  container.ContainerReportHandler (AbstractContainerReportHandler.java:updateContainerState(145)) - Container #1 is in OPEN state, but the datanode 9484238f-0427-4b0f-b3b9-a493ba149161{ip: 192.168.164.244, host: pr-hdds-1701-29n7p-3046025130, networkLocation: /default-rack, certSerialId: null} reports an CLOSED replica.
2019-10-25 05:33:22,200 [java.util.concurrent.ThreadPoolExecutor$Worker@b00648b[State = -1, empty queue]] WARN  server.GrpcLogAppender (GrpcLogAppender.java:timeoutAppendRequest(209)) - a05bcb01-8262-4b6c-960b-c3a46ef8bd63@group-B84BBA7D09AC->4ce8dd57-9997-4466-b69c-bdc1e0ed84f6-GrpcLogAppender: appendEntries Timeout, request=a05bcb01-8262-4b6c-960b-c3a46ef8bd63->4ce8dd57-9997-4466-b69c-bdc1e0ed84f6#35-t1, previous=(t:1, i:10), leaderCommit=10, initializing? false, entries: <empty>
2019-10-25 05:33:22,261 [EventQueue-ContainerReportForContainerReportHandler] WARN  container.ContainerReportHandler (AbstractContainerReportHandler.java:updateContainerState(145)) - Container #1 is in OPEN state, but the datanode a05bcb01-8262-4b6c-960b-c3a46ef8bd63{ip: 192.168.164.244, host: pr-hdds-1701-29n7p-3046025130, networkLocation: /default-rack, certSerialId: null} reports an CLOSED replica.
2019-10-25 05:33:22,285 [EventQueue-ContainerReportForContainerReportHandler] WARN  container.ContainerReportHandler (AbstractContainerReportHandler.java:updateContainerState(145)) - Container #1 is in OPEN state, but the datanode 9484238f-0427-4b0f-b3b9-a493ba149161{ip: 192.168.164.244, host: pr-hdds-1701-29n7p-3046025130, networkLocation: /default-rack, certSerialId: null} reports an CLOSED replica.
2019-10-25 05:33:22,431 [BlockDeletingService#2] WARN  background.BlockDeletingService (BlockDeletingService.java:isDeletionAllowed(187)) - Close Container log Index 6 is not replicated across allthe servers in the pipeline 5e939ce8-5918-4d57-a2cf-b84bba7d09ac as the min replicated index is 4. Deletion is not allowed in this container yet.
2019-10-25 05:33:22,431 [BlockDeletingService#2] WARN  background.BlockDeletingService (BlockDeletingService.java:isDeletionAllowed(187)) - Close Container log Index 6 is not replicated across allthe servers in the pipeline 5e939ce8-5918-4d57-a2cf-b84bba7d09ac as the min replicated index is 4. Deletion is not allowed in this container yet.
2019-10-25 05:33:22,561 [EventQueue-ContainerReportForContainerReportHandler] WARN  container.ContainerReportHandler (AbstractContainerReportHandler.java:updateContainerState(145)) - Container #1 is in OPEN state, but the datanode a05bcb01-8262-4b6c-960b-c3a46ef8bd63{ip: 192.168.164.244, host: pr-hdds-1701-29n7p-3046025130, networkLocation: /default-rack, certSerialId: null} reports an CLOSED replica.
2019-10-25 05:33:22,685 [EventQueue-ContainerReportForContainerReportHandler] WARN  container.ContainerReportHandler (AbstractContainerReportHandler.java:updateContainerState(145)) - Container #1 is in OPEN state, but the datanode 9484238f-0427-4b0f-b3b9-a493ba149161{ip: 192.168.164.244, host: pr-hdds-1701-29n7p-3046025130, networkLocation: /default-rack, certSerialId: null} reports an CLOSED replica.
2019-10-25 05:33:22,862 [EventQueue-ContainerReportForContainerReportHandler] WARN  container.ContainerReportHandler (AbstractContainerReportHandler.java:updateContainerState(145)) - Container #1 is in OPEN state, but the datanode a05bcb01-8262-4b6c-960b-c3a46ef8bd63{ip: 192.168.164.244, host: pr-hdds-1701-29n7p-3046025130, networkLocation: /default-rack, certSerialId: null} reports an CLOSED replica.
2019-10-25 05:33:22,986 [EventQueue-ContainerReportForContainerReportHandler] WARN  container.ContainerReportHandler (AbstractContainerReportHandler.java:updateContainerState(145)) - Container #1 is in OPEN state, but the datanode 9484238f-0427-4b0f-b3b9-a493ba149161{ip: 192.168.164.244, host: pr-hdds-1701-29n7p-3046025130, networkLocation: /default-rack, certSerialId: null} reports an CLOSED replica.
2019-10-25 05:33:23,261 [EventQueue-ContainerReportForContainerReportHandler] WARN  container.ContainerReportHandler (AbstractContainerReportHandler.java:updateContainerState(145)) - Container #1 is in OPEN state, but the datanode a05bcb01-8262-4b6c-960b-c3a46ef8bd63{ip: 192.168.164.244, host: pr-hdds-1701-29n7p-3046025130, networkLocation: /default-rack, certSerialId: null} reports an CLOSED replica.
2019-10-25 05:33:23,386 [EventQueue-ContainerReportForContainerReportHandler] WARN  container.ContainerReportHandler (AbstractContainerReportHandler.java:updateContainerState(145)) - Container #1 is in OPEN state, but the datanode 9484238f-0427-4b0f-b3b9-a493ba149161{ip: 192.168.164.244, host: pr-hdds-1701-29n7p-3046025130, networkLocation: /default-rack, certSerialId: null} reports an CLOSED replica.
2019-10-25 05:33:23,433 [BlockDeletingService#2] WARN  background.BlockDeletingService (BlockDeletingService.java:isDeletionAllowed(187)) - Close Container log Index 6 is not replicated across allthe servers in the pipeline 5e939ce8-5918-4d57-a2cf-b84bba7d09ac as the min replicated index is 4. Deletion is not allowed in this container yet.
2019-10-25 05:33:23,433 [BlockDeletingService#2] WARN  background.BlockDeletingService (BlockDeletingService.java:isDeletionAllowed(187)) - Close Container log Index 6 is not replicated across allthe servers in the pipeline 5e939ce8-5918-4d57-a2cf-b84bba7d09ac as the min replicated index is 4. Deletion is not allowed in this container yet.
2019-10-25 05:33:23,562 [EventQueue-ContainerReportForContainerReportHandler] WARN  container.ContainerReportHandler (AbstractContainerReportHandler.java:updateContainerState(145)) - Container #1 is in OPEN state, but the datanode a05bcb01-8262-4b6c-960b-c3a46ef8bd63{ip: 192.168.164.244, host: pr-hdds-1701-29n7p-3046025130, networkLocation: /default-rack, certSerialId: null} reports an CLOSED replica.
2019-10-25 05:33:23,586 [EventQueue-ContainerReportForContainerReportHandler] WARN  container.ContainerReportHandler (AbstractContainerReportHandler.java:updateContainerState(145)) - Container #1 is in OPEN state, but the datanode 9484238f-0427-4b0f-b3b9-a493ba149161{ip: 192.168.164.244, host: pr-hdds-1701-29n7p-3046025130, networkLocation: /default-rack, certSerialId: null} reports an CLOSED replica.
2019-10-25 05:33:23,786 [EventQueue-ContainerReportForContainerReportHandler] WARN  container.ContainerReportHandler (AbstractContainerReportHandler.java:updateContainerState(145)) - Container #1 is in OPEN state, but the datanode 9484238f-0427-4b0f-b3b9-a493ba149161{ip: 192.168.164.244, host: pr-hdds-1701-29n7p-3046025130, networkLocation: /default-rack, certSerialId: null} reports an CLOSED replica.
2019-10-25 05:33:23,871 [EventQueue-ContainerReportForContainerReportHandler] WARN  container.ContainerReportHandler (AbstractContainerReportHandler.java:updateContainerState(145)) - Container #1 is in OPEN state, but the datanode a05bcb01-8262-4b6c-960b-c3a46ef8bd63{ip: 192.168.164.244, host: pr-hdds-1701-29n7p-3046025130, networkLocation: /default-rack, certSerialId: null} reports an CLOSED replica.
2019-10-25 05:33:24,086 [EventQueue-ContainerReportForContainerReportHandler] WARN  container.ContainerReportHandler (AbstractContainerReportHandler.java:updateContainerState(145)) - Container #1 is in OPEN state, but the datanode 9484238f-0427-4b0f-b3b9-a493ba149161{ip: 192.168.164.244, host: pr-hdds-1701-29n7p-3046025130, networkLocation: /default-rack, certSerialId: null} reports an CLOSED replica.
2019-10-25 05:33:24,171 [EventQueue-ContainerReportForContainerReportHandler] WARN  container.ContainerReportHandler (AbstractContainerReportHandler.java:updateContainerState(145)) - Container #1 is in OPEN state, but the datanode a05bcb01-8262-4b6c-960b-c3a46ef8bd63{ip: 192.168.164.244, host: pr-hdds-1701-29n7p-3046025130, networkLocation: /default-rack, certSerialId: null} reports an CLOSED replica.
2019-10-25 05:33:24,386 [EventQueue-ContainerReportForContainerReportHandler] WARN  container.ContainerReportHandler (AbstractContainerReportHandler.java:updateContainerState(145)) - Container #1 is in OPEN state, but the datanode 9484238f-0427-4b0f-b3b9-a493ba149161{ip: 192.168.164.244, host: pr-hdds-1701-29n7p-3046025130, networkLocation: /default-rack, certSerialId: null} reports an CLOSED replica.
2019-10-25 05:33:24,435 [BlockDeletingService#2] WARN  background.BlockDeletingService (BlockDeletingService.java:isDeletionAllowed(187)) - Close Container log Index 6 is not replicated across allthe servers in the pipeline 5e939ce8-5918-4d57-a2cf-b84bba7d09ac as the min replicated index is 4. Deletion is not allowed in this container yet.
2019-10-25 05:33:24,435 [BlockDeletingService#2] WARN  background.BlockDeletingService (BlockDeletingService.java:isDeletionAllowed(187)) - Close Container log Index 6 is not replicated across allthe servers in the pipeline 5e939ce8-5918-4d57-a2cf-b84bba7d09ac as the min replicated index is 4. Deletion is not allowed in this container yet.
2019-10-25 05:33:24,471 [EventQueue-ContainerReportForContainerReportHandler] WARN  container.ContainerReportHandler (AbstractContainerReportHandler.java:updateContainerState(145)) - Container #1 is in OPEN state, but the datanode a05bcb01-8262-4b6c-960b-c3a46ef8bd63{ip: 192.168.164.244, host: pr-hdds-1701-29n7p-3046025130, networkLocation: /default-rack, certSerialId: null} reports an CLOSED replica.
2019-10-25 05:33:24,686 [EventQueue-ContainerReportForContainerReportHandler] WARN  container.ContainerReportHandler (AbstractContainerReportHandler.java:updateContainerState(145)) - Container #1 is in OPEN state, but the datanode 9484238f-0427-4b0f-b3b9-a493ba149161{ip: 192.168.164.244, host: pr-hdds-1701-29n7p-3046025130, networkLocation: /default-rack, certSerialId: null} reports an CLOSED replica.
2019-10-25 05:33:24,700 [java.util.concurrent.ThreadPoolExecutor$Worker@b00648b[State = -1, empty queue]] WARN  server.GrpcLogAppender (GrpcLogAppender.java:timeoutAppendRequest(209)) - a05bcb01-8262-4b6c-960b-c3a46ef8bd63@group-B84BBA7D09AC->4ce8dd57-9997-4466-b69c-bdc1e0ed84f6-GrpcLogAppender: appendEntries Timeout, request=a05bcb01-8262-4b6c-960b-c3a46ef8bd63->4ce8dd57-9997-4466-b69c-bdc1e0ed84f6#36-t1, previous=(t:1, i:10), leaderCommit=10, initializing? false, entries: <empty>
2019-10-25 05:33:24,871 [EventQueue-ContainerReportForContainerReportHandler] WARN  container.ContainerReportHandler (AbstractContainerReportHandler.java:updateContainerState(145)) - Container #1 is in OPEN state, but the datanode a05bcb01-8262-4b6c-960b-c3a46ef8bd63{ip: 192.168.164.244, host: pr-hdds-1701-29n7p-3046025130, networkLocation: /default-rack, certSerialId: null} reports an CLOSED replica.
2019-10-25 05:33:25,087 [EventQueue-ContainerReportForContainerReportHandler] WARN  container.ContainerReportHandler (AbstractContainerReportHandler.java:updateContainerState(145)) - Container #1 is in OPEN state, but the datanode 9484238f-0427-4b0f-b3b9-a493ba149161{ip: 192.168.164.244, host: pr-hdds-1701-29n7p-3046025130, networkLocation: /default-rack, certSerialId: null} reports an CLOSED replica.
2019-10-25 05:33:25,172 [EventQueue-ContainerReportForContainerReportHandler] WARN  container.ContainerReportHandler (AbstractContainerReportHandler.java:updateContainerState(145)) - Container #1 is in OPEN state, but the datanode a05bcb01-8262-4b6c-960b-c3a46ef8bd63{ip: 192.168.164.244, host: pr-hdds-1701-29n7p-3046025130, networkLocation: /default-rack, certSerialId: null} reports an CLOSED replica.
2019-10-25 05:33:25,387 [EventQueue-ContainerReportForContainerReportHandler] WARN  container.ContainerReportHandler (AbstractContainerReportHandler.java:updateContainerState(145)) - Container #1 is in OPEN state, but the datanode 9484238f-0427-4b0f-b3b9-a493ba149161{ip: 192.168.164.244, host: pr-hdds-1701-29n7p-3046025130, networkLocation: /default-rack, certSerialId: null} reports an CLOSED replica.
2019-10-25 05:33:25,437 [BlockDeletingService#2] WARN  background.BlockDeletingService (BlockDeletingService.java:isDeletionAllowed(187)) - Close Container log Index 6 is not replicated across allthe servers in the pipeline 5e939ce8-5918-4d57-a2cf-b84bba7d09ac as the min replicated index is 4. Deletion is not allowed in this container yet.
2019-10-25 05:33:25,437 [BlockDeletingService#2] WARN  background.BlockDeletingService (BlockDeletingService.java:isDeletionAllowed(187)) - Close Container log Index 6 is not replicated across allthe servers in the pipeline 5e939ce8-5918-4d57-a2cf-b84bba7d09ac as the min replicated index is 4. Deletion is not allowed in this container yet.
2019-10-25 05:33:25,472 [EventQueue-ContainerReportForContainerReportHandler] WARN  container.ContainerReportHandler (AbstractContainerReportHandler.java:updateContainerState(145)) - Container #1 is in OPEN state, but the datanode a05bcb01-8262-4b6c-960b-c3a46ef8bd63{ip: 192.168.164.244, host: pr-hdds-1701-29n7p-3046025130, networkLocation: /default-rack, certSerialId: null} reports an CLOSED replica.
2019-10-25 05:33:25,587 [EventQueue-ContainerReportForContainerReportHandler] WARN  container.ContainerReportHandler (AbstractContainerReportHandler.java:updateContainerState(145)) - Container #1 is in OPEN state, but the datanode 9484238f-0427-4b0f-b3b9-a493ba149161{ip: 192.168.164.244, host: pr-hdds-1701-29n7p-3046025130, networkLocation: /default-rack, certSerialId: null} reports an CLOSED replica.
2019-10-25 05:33:25,673 [EventQueue-ContainerReportForContainerReportHandler] WARN  container.ContainerReportHandler (AbstractContainerReportHandler.java:updateContainerState(145)) - Container #1 is in OPEN state, but the datanode a05bcb01-8262-4b6c-960b-c3a46ef8bd63{ip: 192.168.164.244, host: pr-hdds-1701-29n7p-3046025130, networkLocation: /default-rack, certSerialId: null} reports an CLOSED replica.
2019-10-25 05:33:25,887 [EventQueue-ContainerReportForContainerReportHandler] WARN  container.ContainerReportHandler (AbstractContainerReportHandler.java:updateContainerState(145)) - Container #1 is in OPEN state, but the datanode 9484238f-0427-4b0f-b3b9-a493ba149161{ip: 192.168.164.244, host: pr-hdds-1701-29n7p-3046025130, networkLocation: /default-rack, certSerialId: null} reports an CLOSED replica.
2019-10-25 05:33:25,973 [EventQueue-ContainerReportForContainerReportHandler] WARN  container.ContainerReportHandler (AbstractContainerReportHandler.java:updateContainerState(145)) - Container #1 is in OPEN state, but the datanode a05bcb01-8262-4b6c-960b-c3a46ef8bd63{ip: 192.168.164.244, host: pr-hdds-1701-29n7p-3046025130, networkLocation: /default-rack, certSerialId: null} reports an CLOSED replica.
2019-10-25 05:33:26,187 [EventQueue-ContainerReportForContainerReportHandler] WARN  container.ContainerReportHandler (AbstractContainerReportHandler.java:updateContainerState(145)) - Container #1 is in OPEN state, but the datanode 9484238f-0427-4b0f-b3b9-a493ba149161{ip: 192.168.164.244, host: pr-hdds-1701-29n7p-3046025130, networkLocation: /default-rack, certSerialId: null} reports an CLOSED replica.
2019-10-25 05:33:26,274 [EventQueue-ContainerReportForContainerReportHandler] WARN  container.ContainerReportHandler (AbstractContainerReportHandler.java:updateContainerState(145)) - Container #1 is in OPEN state, but the datanode a05bcb01-8262-4b6c-960b-c3a46ef8bd63{ip: 192.168.164.244, host: pr-hdds-1701-29n7p-3046025130, networkLocation: /default-rack, certSerialId: null} reports an CLOSED replica.
2019-10-25 05:33:26,388 [EventQueue-ContainerReportForContainerReportHandler] WARN  container.ContainerReportHandler (AbstractContainerReportHandler.java:updateContainerState(145)) - Container #1 is in OPEN state, but the datanode 9484238f-0427-4b0f-b3b9-a493ba149161{ip: 192.168.164.244, host: pr-hdds-1701-29n7p-3046025130, networkLocation: /default-rack, certSerialId: null} reports an CLOSED replica.
2019-10-25 05:33:26,440 [BlockDeletingService#2] WARN  background.BlockDeletingService (BlockDeletingService.java:isDeletionAllowed(187)) - Close Container log Index 6 is not replicated across allthe servers in the pipeline 5e939ce8-5918-4d57-a2cf-b84bba7d09ac as the min replicated index is 4. Deletion is not allowed in this container yet.
2019-10-25 05:33:26,440 [BlockDeletingService#2] WARN  background.BlockDeletingService (BlockDeletingService.java:isDeletionAllowed(187)) - Close Container log Index 6 is not replicated across allthe servers in the pipeline 5e939ce8-5918-4d57-a2cf-b84bba7d09ac as the min replicated index is 4. Deletion is not allowed in this container yet.
2019-10-25 05:33:26,675 [EventQueue-ContainerReportForContainerReportHandler] WARN  container.ContainerReportHandler (AbstractContainerReportHandler.java:updateContainerState(145)) - Container #1 is in OPEN state, but the datanode a05bcb01-8262-4b6c-960b-c3a46ef8bd63{ip: 192.168.164.244, host: pr-hdds-1701-29n7p-3046025130, networkLocation: /default-rack, certSerialId: null} reports an CLOSED replica.
2019-10-25 05:33:26,689 [EventQueue-ContainerReportForContainerReportHandler] WARN  container.ContainerReportHandler (AbstractContainerReportHandler.java:updateContainerState(145)) - Container #1 is in OPEN state, but the datanode 9484238f-0427-4b0f-b3b9-a493ba149161{ip: 192.168.164.244, host: pr-hdds-1701-29n7p-3046025130, networkLocation: /default-rack, certSerialId: null} reports an CLOSED replica.
2019-10-25 05:33:26,873 [EventQueue-ContainerReportForContainerReportHandler] WARN  container.ContainerReportHandler (AbstractContainerReportHandler.java:updateContainerState(145)) - Container #1 is in OPEN state, but the datanode a05bcb01-8262-4b6c-960b-c3a46ef8bd63{ip: 192.168.164.244, host: pr-hdds-1701-29n7p-3046025130, networkLocation: /default-rack, certSerialId: null} reports an CLOSED replica.
2019-10-25 05:33:26,990 [EventQueue-ContainerReportForContainerReportHandler] WARN  container.ContainerReportHandler (AbstractContainerReportHandler.java:updateContainerState(145)) - Container #1 is in OPEN state, but the datanode 9484238f-0427-4b0f-b3b9-a493ba149161{ip: 192.168.164.244, host: pr-hdds-1701-29n7p-3046025130, networkLocation: /default-rack, certSerialId: null} reports an CLOSED replica.
2019-10-25 05:33:27,074 [EventQueue-ContainerReportForContainerReportHandler] WARN  container.ContainerReportHandler (AbstractContainerReportHandler.java:updateContainerState(145)) - Container #1 is in OPEN state, but the datanode a05bcb01-8262-4b6c-960b-c3a46ef8bd63{ip: 192.168.164.244, host: pr-hdds-1701-29n7p-3046025130, networkLocation: /default-rack, certSerialId: null} reports an CLOSED replica.
2019-10-25 05:33:27,201 [java.util.concurrent.ThreadPoolExecutor$Worker@b00648b[State = -1, empty queue]] WARN  server.GrpcLogAppender (GrpcLogAppender.java:timeoutAppendRequest(209)) - a05bcb01-8262-4b6c-960b-c3a46ef8bd63@group-B84BBA7D09AC->4ce8dd57-9997-4466-b69c-bdc1e0ed84f6-GrpcLogAppender: appendEntries Timeout, request=a05bcb01-8262-4b6c-960b-c3a46ef8bd63->4ce8dd57-9997-4466-b69c-bdc1e0ed84f6#37-t1, previous=(t:1, i:10), leaderCommit=10, initializing? false, entries: <empty>
2019-10-25 05:33:27,391 [EventQueue-ContainerReportForContainerReportHandler] WARN  container.ContainerReportHandler (AbstractContainerReportHandler.java:updateContainerState(145)) - Container #1 is in OPEN state, but the datanode 9484238f-0427-4b0f-b3b9-a493ba149161{ip: 192.168.164.244, host: pr-hdds-1701-29n7p-3046025130, networkLocation: /default-rack, certSerialId: null} reports an CLOSED replica.
2019-10-25 05:33:27,443 [BlockDeletingService#2] WARN  background.BlockDeletingService (BlockDeletingService.java:isDeletionAllowed(187)) - Close Container log Index 6 is not replicated across allthe servers in the pipeline 5e939ce8-5918-4d57-a2cf-b84bba7d09ac as the min replicated index is 4. Deletion is not allowed in this container yet.
2019-10-25 05:33:27,443 [BlockDeletingService#2] WARN  background.BlockDeletingService (BlockDeletingService.java:isDeletionAllowed(187)) - Close Container log Index 6 is not replicated across allthe servers in the pipeline 5e939ce8-5918-4d57-a2cf-b84bba7d09ac as the min replicated index is 4. Deletion is not allowed in this container yet.
2019-10-25 05:33:27,475 [EventQueue-ContainerReportForContainerReportHandler] WARN  container.ContainerReportHandler (AbstractContainerReportHandler.java:updateContainerState(145)) - Container #1 is in OPEN state, but the datanode a05bcb01-8262-4b6c-960b-c3a46ef8bd63{ip: 192.168.164.244, host: pr-hdds-1701-29n7p-3046025130, networkLocation: /default-rack, certSerialId: null} reports an CLOSED replica.
2019-10-25 05:33:27,591 [EventQueue-ContainerReportForContainerReportHandler] WARN  container.ContainerReportHandler (AbstractContainerReportHandler.java:updateContainerState(145)) - Container #1 is in OPEN state, but the datanode 9484238f-0427-4b0f-b3b9-a493ba149161{ip: 192.168.164.244, host: pr-hdds-1701-29n7p-3046025130, networkLocation: /default-rack, certSerialId: null} reports an CLOSED replica.
2019-10-25 05:33:27,876 [EventQueue-ContainerReportForContainerReportHandler] WARN  container.ContainerReportHandler (AbstractContainerReportHandler.java:updateContainerState(145)) - Container #1 is in OPEN state, but the datanode a05bcb01-8262-4b6c-960b-c3a46ef8bd63{ip: 192.168.164.244, host: pr-hdds-1701-29n7p-3046025130, networkLocation: /default-rack, certSerialId: null} reports an CLOSED replica.
2019-10-25 05:33:27,991 [EventQueue-ContainerReportForContainerReportHandler] WARN  container.ContainerReportHandler (AbstractContainerReportHandler.java:updateContainerState(145)) - Container #1 is in OPEN state, but the datanode 9484238f-0427-4b0f-b3b9-a493ba149161{ip: 192.168.164.244, host: pr-hdds-1701-29n7p-3046025130, networkLocation: /default-rack, certSerialId: null} reports an CLOSED replica.
2019-10-25 05:33:28,176 [EventQueue-ContainerReportForContainerReportHandler] WARN  container.ContainerReportHandler (AbstractContainerReportHandler.java:updateContainerState(145)) - Container #1 is in OPEN state, but the datanode a05bcb01-8262-4b6c-960b-c3a46ef8bd63{ip: 192.168.164.244, host: pr-hdds-1701-29n7p-3046025130, networkLocation: /default-rack, certSerialId: null} reports an CLOSED replica.
2019-10-25 05:33:28,290 [EventQueue-ContainerReportForContainerReportHandler] WARN  container.ContainerReportHandler (AbstractContainerReportHandler.java:updateContainerState(145)) - Container #1 is in OPEN state, but the datanode 9484238f-0427-4b0f-b3b9-a493ba149161{ip: 192.168.164.244, host: pr-hdds-1701-29n7p-3046025130, networkLocation: /default-rack, certSerialId: null} reports an CLOSED replica.
2019-10-25 05:33:28,445 [BlockDeletingService#2] WARN  background.BlockDeletingService (BlockDeletingService.java:isDeletionAllowed(187)) - Close Container log Index 6 is not replicated across allthe servers in the pipeline 5e939ce8-5918-4d57-a2cf-b84bba7d09ac as the min replicated index is 4. Deletion is not allowed in this container yet.
2019-10-25 05:33:28,445 [BlockDeletingService#2] WARN  background.BlockDeletingService (BlockDeletingService.java:isDeletionAllowed(187)) - Close Container log Index 6 is not replicated across allthe servers in the pipeline 5e939ce8-5918-4d57-a2cf-b84bba7d09ac as the min replicated index is 4. Deletion is not allowed in this container yet.
2019-10-25 05:33:28,476 [EventQueue-ContainerReportForContainerReportHandler] WARN  container.ContainerReportHandler (AbstractContainerReportHandler.java:updateContainerState(145)) - Container #1 is in OPEN state, but the datanode a05bcb01-8262-4b6c-960b-c3a46ef8bd63{ip: 192.168.164.244, host: pr-hdds-1701-29n7p-3046025130, networkLocation: /default-rack, certSerialId: null} reports an CLOSED replica.
2019-10-25 05:33:28,691 [EventQueue-ContainerReportForContainerReportHandler] WARN  container.ContainerReportHandler (AbstractContainerReportHandler.java:updateContainerState(145)) - Container #1 is in OPEN state, but the datanode 9484238f-0427-4b0f-b3b9-a493ba149161{ip: 192.168.164.244, host: pr-hdds-1701-29n7p-3046025130, networkLocation: /default-rack, certSerialId: null} reports an CLOSED replica.
2019-10-25 05:33:28,876 [EventQueue-ContainerReportForContainerReportHandler] WARN  container.ContainerReportHandler (AbstractContainerReportHandler.java:updateContainerState(145)) - Container #1 is in OPEN state, but the datanode a05bcb01-8262-4b6c-960b-c3a46ef8bd63{ip: 192.168.164.244, host: pr-hdds-1701-29n7p-3046025130, networkLocation: /default-rack, certSerialId: null} reports an CLOSED replica.
2019-10-25 05:33:28,891 [EventQueue-ContainerReportForContainerReportHandler] WARN  container.ContainerReportHandler (AbstractContainerReportHandler.java:updateContainerState(145)) - Container #1 is in OPEN state, but the datanode 9484238f-0427-4b0f-b3b9-a493ba149161{ip: 192.168.164.244, host: pr-hdds-1701-29n7p-3046025130, networkLocation: /default-rack, certSerialId: null} reports an CLOSED replica.
2019-10-25 05:33:29,177 [EventQueue-ContainerReportForContainerReportHandler] WARN  container.ContainerReportHandler (AbstractContainerReportHandler.java:updateContainerState(145)) - Container #1 is in OPEN state, but the datanode a05bcb01-8262-4b6c-960b-c3a46ef8bd63{ip: 192.168.164.244, host: pr-hdds-1701-29n7p-3046025130, networkLocation: /default-rack, certSerialId: null} reports an CLOSED replica.
2019-10-25 05:33:29,292 [EventQueue-ContainerReportForContainerReportHandler] WARN  container.ContainerReportHandler (AbstractContainerReportHandler.java:updateContainerState(145)) - Container #1 is in OPEN state, but the datanode 9484238f-0427-4b0f-b3b9-a493ba149161{ip: 192.168.164.244, host: pr-hdds-1701-29n7p-3046025130, networkLocation: /default-rack, certSerialId: null} reports an CLOSED replica.
2019-10-25 05:33:29,378 [EventQueue-ContainerReportForContainerReportHandler] WARN  container.ContainerReportHandler (AbstractContainerReportHandler.java:updateContainerState(145)) - Container #1 is in OPEN state, but the datanode a05bcb01-8262-4b6c-960b-c3a46ef8bd63{ip: 192.168.164.244, host: pr-hdds-1701-29n7p-3046025130, networkLocation: /default-rack, certSerialId: null} reports an CLOSED replica.
2019-10-25 05:33:29,449 [BlockDeletingService#2] WARN  background.BlockDeletingService (BlockDeletingService.java:isDeletionAllowed(187)) - Close Container log Index 6 is not replicated across allthe servers in the pipeline 5e939ce8-5918-4d57-a2cf-b84bba7d09ac as the min replicated index is 4. Deletion is not allowed in this container yet.
2019-10-25 05:33:29,449 [BlockDeletingService#2] WARN  background.BlockDeletingService (BlockDeletingService.java:isDeletionAllowed(187)) - Close Container log Index 6 is not replicated across allthe servers in the pipeline 5e939ce8-5918-4d57-a2cf-b84bba7d09ac as the min replicated index is 4. Deletion is not allowed in this container yet.
2019-10-25 05:33:29,593 [EventQueue-ContainerReportForContainerReportHandler] WARN  container.ContainerReportHandler (AbstractContainerReportHandler.java:updateContainerState(145)) - Container #1 is in OPEN state, but the datanode 9484238f-0427-4b0f-b3b9-a493ba149161{ip: 192.168.164.244, host: pr-hdds-1701-29n7p-3046025130, networkLocation: /default-rack, certSerialId: null} reports an CLOSED replica.
2019-10-25 05:33:29,704 [java.util.concurrent.ThreadPoolExecutor$Worker@b00648b[State = -1, empty queue]] WARN  server.GrpcLogAppender (GrpcLogAppender.java:timeoutAppendRequest(209)) - a05bcb01-8262-4b6c-960b-c3a46ef8bd63@group-B84BBA7D09AC->4ce8dd57-9997-4466-b69c-bdc1e0ed84f6-GrpcLogAppender: appendEntries Timeout, request=a05bcb01-8262-4b6c-960b-c3a46ef8bd63->4ce8dd57-9997-4466-b69c-bdc1e0ed84f6#38-t1, previous=(t:1, i:10), leaderCommit=10, initializing? false, entries: <empty>
2019-10-25 05:33:29,779 [EventQueue-ContainerReportForContainerReportHandler] WARN  container.ContainerReportHandler (AbstractContainerReportHandler.java:updateContainerState(145)) - Container #1 is in OPEN state, but the datanode a05bcb01-8262-4b6c-960b-c3a46ef8bd63{ip: 192.168.164.244, host: pr-hdds-1701-29n7p-3046025130, networkLocation: /default-rack, certSerialId: null} reports an CLOSED replica.
2019-10-25 05:33:29,893 [EventQueue-ContainerReportForContainerReportHandler] WARN  container.ContainerReportHandler (AbstractContainerReportHandler.java:updateContainerState(145)) - Container #1 is in OPEN state, but the datanode 9484238f-0427-4b0f-b3b9-a493ba149161{ip: 192.168.164.244, host: pr-hdds-1701-29n7p-3046025130, networkLocation: /default-rack, certSerialId: null} reports an CLOSED replica.
2019-10-25 05:33:30,079 [EventQueue-ContainerReportForContainerReportHandler] WARN  container.ContainerReportHandler (AbstractContainerReportHandler.java:updateContainerState(145)) - Container #1 is in OPEN state, but the datanode a05bcb01-8262-4b6c-960b-c3a46ef8bd63{ip: 192.168.164.244, host: pr-hdds-1701-29n7p-3046025130, networkLocation: /default-rack, certSerialId: null} reports an CLOSED replica.
2019-10-25 05:33:30,193 [EventQueue-ContainerReportForContainerReportHandler] WARN  container.ContainerReportHandler (AbstractContainerReportHandler.java:updateContainerState(145)) - Container #1 is in OPEN state, but the datanode 9484238f-0427-4b0f-b3b9-a493ba149161{ip: 192.168.164.244, host: pr-hdds-1701-29n7p-3046025130, networkLocation: /default-rack, certSerialId: null} reports an CLOSED replica.
2019-10-25 05:33:30,379 [EventQueue-ContainerReportForContainerReportHandler] WARN  container.ContainerReportHandler (AbstractContainerReportHandler.java:updateContainerState(145)) - Container #1 is in OPEN state, but the datanode a05bcb01-8262-4b6c-960b-c3a46ef8bd63{ip: 192.168.164.244, host: pr-hdds-1701-29n7p-3046025130, networkLocation: /default-rack, certSerialId: null} reports an CLOSED replica.
2019-10-25 05:33:30,451 [BlockDeletingService#2] WARN  background.BlockDeletingService (BlockDeletingService.java:isDeletionAllowed(187)) - Close Container log Index 6 is not replicated across allthe servers in the pipeline 5e939ce8-5918-4d57-a2cf-b84bba7d09ac as the min replicated index is 4. Deletion is not allowed in this container yet.
2019-10-25 05:33:30,451 [BlockDeletingService#2] WARN  background.BlockDeletingService (BlockDeletingService.java:isDeletionAllowed(187)) - Close Container log Index 6 is not replicated across allthe servers in the pipeline 5e939ce8-5918-4d57-a2cf-b84bba7d09ac as the min replicated index is 4. Deletion is not allowed in this container yet.
2019-10-25 05:33:30,492 [EventQueue-ContainerReportForContainerReportHandler] WARN  container.ContainerReportHandler (AbstractContainerReportHandler.java:updateContainerState(145)) - Container #1 is in OPEN state, but the datanode 9484238f-0427-4b0f-b3b9-a493ba149161{ip: 192.168.164.244, host: pr-hdds-1701-29n7p-3046025130, networkLocation: /default-rack, certSerialId: null} reports an CLOSED replica.
2019-10-25 05:33:30,579 [EventQueue-ContainerReportForContainerReportHandler] WARN  container.ContainerReportHandler (AbstractContainerReportHandler.java:updateContainerState(145)) - Container #1 is in OPEN state, but the datanode a05bcb01-8262-4b6c-960b-c3a46ef8bd63{ip: 192.168.164.244, host: pr-hdds-1701-29n7p-3046025130, networkLocation: /default-rack, certSerialId: null} reports an CLOSED replica.
2019-10-25 05:33:30,683 [Thread-436] INFO  client.GrpcClientProtocolService (GrpcClientProtocolService.java:lambda$processClientRequest$0(279)) - Failed RaftClientRequest:client-B1E3923C01C0->a05bcb01-8262-4b6c-960b-c3a46ef8bd63@group-B84BBA7D09AC, cid=10, seq=0, Watch-ALL_COMMITTED(6), Message:<EMPTY>, reply=RaftClientReply:client-B1E3923C01C0->a05bcb01-8262-4b6c-960b-c3a46ef8bd63@group-B84BBA7D09AC, cid=10, FAILED org.apache.ratis.protocol.NotReplicatedException: Request with call Id 10 and log index 6 is not yet replicated to ALL_COMMITTED, logIndex=6, commits[a05bcb01-8262-4b6c-960b-c3a46ef8bd63:c10, 4ce8dd57-9997-4466-b69c-bdc1e0ed84f6:c4, 9484238f-0427-4b0f-b3b9-a493ba149161:c10]
2019-10-25 05:33:30,779 [EventQueue-ContainerReportForContainerReportHandler] WARN  container.ContainerReportHandler (AbstractContainerReportHandler.java:updateContainerState(145)) - Container #1 is in OPEN state, but the datanode a05bcb01-8262-4b6c-960b-c3a46ef8bd63{ip: 192.168.164.244, host: pr-hdds-1701-29n7p-3046025130, networkLocation: /default-rack, certSerialId: null} reports an CLOSED replica.
2019-10-25 05:33:30,893 [EventQueue-ContainerReportForContainerReportHandler] WARN  container.ContainerReportHandler (AbstractContainerReportHandler.java:updateContainerState(145)) - Container #1 is in OPEN state, but the datanode 9484238f-0427-4b0f-b3b9-a493ba149161{ip: 192.168.164.244, host: pr-hdds-1701-29n7p-3046025130, networkLocation: /default-rack, certSerialId: null} reports an CLOSED replica.
2019-10-25 05:33:31,179 [EventQueue-ContainerReportForContainerReportHandler] WARN  container.ContainerReportHandler (AbstractContainerReportHandler.java:updateContainerState(145)) - Container #1 is in OPEN state, but the datanode a05bcb01-8262-4b6c-960b-c3a46ef8bd63{ip: 192.168.164.244, host: pr-hdds-1701-29n7p-3046025130, networkLocation: /default-rack, certSerialId: null} reports an CLOSED replica.
2019-10-25 05:33:31,194 [EventQueue-ContainerReportForContainerReportHandler] WARN  container.ContainerReportHandler (AbstractContainerReportHandler.java:updateContainerState(145)) - Container #1 is in OPEN state, but the datanode 9484238f-0427-4b0f-b3b9-a493ba149161{ip: 192.168.164.244, host: pr-hdds-1701-29n7p-3046025130, networkLocation: /default-rack, certSerialId: null} reports an CLOSED replica.
2019-10-25 05:33:31,453 [BlockDeletingService#2] WARN  background.BlockDeletingService (BlockDeletingService.java:isDeletionAllowed(187)) - Close Container log Index 6 is not replicated across allthe servers in the pipeline 5e939ce8-5918-4d57-a2cf-b84bba7d09ac as the min replicated index is 4. Deletion is not allowed in this container yet.
2019-10-25 05:33:31,458 [BlockDeletingService#2] WARN  background.BlockDeletingService (BlockDeletingService.java:isDeletionAllowed(187)) - Close Container log Index 6 is not replicated across allthe servers in the pipeline 5e939ce8-5918-4d57-a2cf-b84bba7d09ac as the min replicated index is 4. Deletion is not allowed in this container yet.
2019-10-25 05:33:31,480 [EventQueue-ContainerReportForContainerReportHandler] WARN  container.ContainerReportHandler (AbstractContainerReportHandler.java:updateContainerState(145)) - Container #1 is in OPEN state, but the datanode a05bcb01-8262-4b6c-960b-c3a46ef8bd63{ip: 192.168.164.244, host: pr-hdds-1701-29n7p-3046025130, networkLocation: /default-rack, certSerialId: null} reports an CLOSED replica.
2019-10-25 05:33:31,593 [EventQueue-ContainerReportForContainerReportHandler] WARN  container.ContainerReportHandler (AbstractContainerReportHandler.java:updateContainerState(145)) - Container #1 is in OPEN state, but the datanode 9484238f-0427-4b0f-b3b9-a493ba149161{ip: 192.168.164.244, host: pr-hdds-1701-29n7p-3046025130, networkLocation: /default-rack, certSerialId: null} reports an CLOSED replica.
2019-10-25 05:33:31,780 [EventQueue-ContainerReportForContainerReportHandler] WARN  container.ContainerReportHandler (AbstractContainerReportHandler.java:updateContainerState(145)) - Container #1 is in OPEN state, but the datanode a05bcb01-8262-4b6c-960b-c3a46ef8bd63{ip: 192.168.164.244, host: pr-hdds-1701-29n7p-3046025130, networkLocation: /default-rack, certSerialId: null} reports an CLOSED replica.
2019-10-25 05:33:31,894 [EventQueue-ContainerReportForContainerReportHandler] WARN  container.ContainerReportHandler (AbstractContainerReportHandler.java:updateContainerState(145)) - Container #1 is in OPEN state, but the datanode 9484238f-0427-4b0f-b3b9-a493ba149161{ip: 192.168.164.244, host: pr-hdds-1701-29n7p-3046025130, networkLocation: /default-rack, certSerialId: null} reports an CLOSED replica.
2019-10-25 05:33:32,081 [EventQueue-ContainerReportForContainerReportHandler] WARN  container.ContainerReportHandler (AbstractContainerReportHandler.java:updateContainerState(145)) - Container #1 is in OPEN state, but the datanode a05bcb01-8262-4b6c-960b-c3a46ef8bd63{ip: 192.168.164.244, host: pr-hdds-1701-29n7p-3046025130, networkLocation: /default-rack, certSerialId: null} reports an CLOSED replica.
2019-10-25 05:33:32,195 [EventQueue-ContainerReportForContainerReportHandler] WARN  container.ContainerReportHandler (AbstractContainerReportHandler.java:updateContainerState(145)) - Container #1 is in OPEN state, but the datanode 9484238f-0427-4b0f-b3b9-a493ba149161{ip: 192.168.164.244, host: pr-hdds-1701-29n7p-3046025130, networkLocation: /default-rack, certSerialId: null} reports an CLOSED replica.
2019-10-25 05:33:32,207 [java.util.concurrent.ThreadPoolExecutor$Worker@b00648b[State = -1, empty queue]] WARN  server.GrpcLogAppender (GrpcLogAppender.java:timeoutAppendRequest(209)) - a05bcb01-8262-4b6c-960b-c3a46ef8bd63@group-B84BBA7D09AC->4ce8dd57-9997-4466-b69c-bdc1e0ed84f6-GrpcLogAppender: appendEntries Timeout, request=a05bcb01-8262-4b6c-960b-c3a46ef8bd63->4ce8dd57-9997-4466-b69c-bdc1e0ed84f6#39-t1, previous=(t:1, i:10), leaderCommit=10, initializing? false, entries: <empty>
2019-10-25 05:33:32,463 [BlockDeletingService#2] WARN  background.BlockDeletingService (BlockDeletingService.java:isDeletionAllowed(187)) - Close Container log Index 6 is not replicated across allthe servers in the pipeline 5e939ce8-5918-4d57-a2cf-b84bba7d09ac as the min replicated index is 4. Deletion is not allowed in this container yet.
2019-10-25 05:33:32,463 [BlockDeletingService#2] WARN  background.BlockDeletingService (BlockDeletingService.java:isDeletionAllowed(187)) - Close Container log Index 6 is not replicated across allthe servers in the pipeline 5e939ce8-5918-4d57-a2cf-b84bba7d09ac as the min replicated index is 4. Deletion is not allowed in this container yet.
2019-10-25 05:33:32,481 [EventQueue-ContainerReportForContainerReportHandler] WARN  container.ContainerReportHandler (AbstractContainerReportHandler.java:updateContainerState(145)) - Container #1 is in OPEN state, but the datanode a05bcb01-8262-4b6c-960b-c3a46ef8bd63{ip: 192.168.164.244, host: pr-hdds-1701-29n7p-3046025130, networkLocation: /default-rack, certSerialId: null} reports an CLOSED replica.
2019-10-25 05:33:32,495 [EventQueue-ContainerReportForContainerReportHandler] WARN  container.ContainerReportHandler (AbstractContainerReportHandler.java:updateContainerState(145)) - Container #1 is in OPEN state, but the datanode 9484238f-0427-4b0f-b3b9-a493ba149161{ip: 192.168.164.244, host: pr-hdds-1701-29n7p-3046025130, networkLocation: /default-rack, certSerialId: null} reports an CLOSED replica.
2019-10-25 05:33:32,782 [EventQueue-ContainerReportForContainerReportHandler] WARN  container.ContainerReportHandler (AbstractContainerReportHandler.java:updateContainerState(145)) - Container #1 is in OPEN state, but the datanode a05bcb01-8262-4b6c-960b-c3a46ef8bd63{ip: 192.168.164.244, host: pr-hdds-1701-29n7p-3046025130, networkLocation: /default-rack, certSerialId: null} reports an CLOSED replica.
2019-10-25 05:33:32,896 [EventQueue-ContainerReportForContainerReportHandler] WARN  container.ContainerReportHandler (AbstractContainerReportHandler.java:updateContainerState(145)) - Container #1 is in OPEN state, but the datanode 9484238f-0427-4b0f-b3b9-a493ba149161{ip: 192.168.164.244, host: pr-hdds-1701-29n7p-3046025130, networkLocation: /default-rack, certSerialId: null} reports an CLOSED replica.
2019-10-25 05:33:33,098 [EventQueue-ContainerReportForContainerReportHandler] WARN  container.ContainerReportHandler (AbstractContainerReportHandler.java:updateContainerState(145)) - Container #1 is in OPEN state, but the datanode 9484238f-0427-4b0f-b3b9-a493ba149161{ip: 192.168.164.244, host: pr-hdds-1701-29n7p-3046025130, networkLocation: /default-rack, certSerialId: null} reports an CLOSED replica.
2019-10-25 05:33:33,184 [EventQueue-ContainerReportForContainerReportHandler] WARN  container.ContainerReportHandler (AbstractContainerReportHandler.java:updateContainerState(145)) - Container #1 is in OPEN state, but the datanode a05bcb01-8262-4b6c-960b-c3a46ef8bd63{ip: 192.168.164.244, host: pr-hdds-1701-29n7p-3046025130, networkLocation: /default-rack, certSerialId: null} reports an CLOSED replica.
2019-10-25 05:33:33,466 [BlockDeletingService#2] WARN  background.BlockDeletingService (BlockDeletingService.java:isDeletionAllowed(187)) - Close Container log Index 6 is not replicated across allthe servers in the pipeline 5e939ce8-5918-4d57-a2cf-b84bba7d09ac as the min replicated index is 4. Deletion is not allowed in this container yet.
2019-10-25 05:33:33,466 [BlockDeletingService#2] WARN  background.BlockDeletingService (BlockDeletingService.java:isDeletionAllowed(187)) - Close Container log Index 6 is not replicated across allthe servers in the pipeline 5e939ce8-5918-4d57-a2cf-b84bba7d09ac as the min replicated index is 4. Deletion is not allowed in this container yet.
2019-10-25 05:33:33,484 [EventQueue-ContainerReportForContainerReportHandler] WARN  container.ContainerReportHandler (AbstractContainerReportHandler.java:updateContainerState(145)) - Container #1 is in OPEN state, but the datanode a05bcb01-8262-4b6c-960b-c3a46ef8bd63{ip: 192.168.164.244, host: pr-hdds-1701-29n7p-3046025130, networkLocation: /default-rack, certSerialId: null} reports an CLOSED replica.
2019-10-25 05:33:33,498 [EventQueue-ContainerReportForContainerReportHandler] WARN  container.ContainerReportHandler (AbstractContainerReportHandler.java:updateContainerState(145)) - Container #1 is in OPEN state, but the datanode 9484238f-0427-4b0f-b3b9-a493ba149161{ip: 192.168.164.244, host: pr-hdds-1701-29n7p-3046025130, networkLocation: /default-rack, certSerialId: null} reports an CLOSED replica.
2019-10-25 05:33:33,785 [EventQueue-ContainerReportForContainerReportHandler] WARN  container.ContainerReportHandler (AbstractContainerReportHandler.java:updateContainerState(145)) - Container #1 is in OPEN state, but the datanode a05bcb01-8262-4b6c-960b-c3a46ef8bd63{ip: 192.168.164.244, host: pr-hdds-1701-29n7p-3046025130, networkLocation: /default-rack, certSerialId: null} reports an CLOSED replica.
2019-10-25 05:33:33,798 [EventQueue-ContainerReportForContainerReportHandler] WARN  container.ContainerReportHandler (AbstractContainerReportHandler.java:updateContainerState(145)) - Container #1 is in OPEN state, but the datanode 9484238f-0427-4b0f-b3b9-a493ba149161{ip: 192.168.164.244, host: pr-hdds-1701-29n7p-3046025130, networkLocation: /default-rack, certSerialId: null} reports an CLOSED replica.
2019-10-25 05:33:34,085 [EventQueue-ContainerReportForContainerReportHandler] WARN  container.ContainerReportHandler (AbstractContainerReportHandler.java:updateContainerState(145)) - Container #1 is in OPEN state, but the datanode a05bcb01-8262-4b6c-960b-c3a46ef8bd63{ip: 192.168.164.244, host: pr-hdds-1701-29n7p-3046025130, networkLocation: /default-rack, certSerialId: null} reports an CLOSED replica.
2019-10-25 05:33:34,098 [EventQueue-ContainerReportForContainerReportHandler] WARN  container.ContainerReportHandler (AbstractContainerReportHandler.java:updateContainerState(145)) - Container #1 is in OPEN state, but the datanode 9484238f-0427-4b0f-b3b9-a493ba149161{ip: 192.168.164.244, host: pr-hdds-1701-29n7p-3046025130, networkLocation: /default-rack, certSerialId: null} reports an CLOSED replica.
2019-10-25 05:33:34,385 [EventQueue-ContainerReportForContainerReportHandler] WARN  container.ContainerReportHandler (AbstractContainerReportHandler.java:updateContainerState(145)) - Container #1 is in OPEN state, but the datanode a05bcb01-8262-4b6c-960b-c3a46ef8bd63{ip: 192.168.164.244, host: pr-hdds-1701-29n7p-3046025130, networkLocation: /default-rack, certSerialId: null} reports an CLOSED replica.
2019-10-25 05:33:34,398 [EventQueue-ContainerReportForContainerReportHandler] WARN  container.ContainerReportHandler (AbstractContainerReportHandler.java:updateContainerState(145)) - Container #1 is in OPEN state, but the datanode 9484238f-0427-4b0f-b3b9-a493ba149161{ip: 192.168.164.244, host: pr-hdds-1701-29n7p-3046025130, networkLocation: /default-rack, certSerialId: null} reports an CLOSED replica.
2019-10-25 05:33:34,468 [BlockDeletingService#2] WARN  background.BlockDeletingService (BlockDeletingService.java:isDeletionAllowed(187)) - Close Container log Index 6 is not replicated across allthe servers in the pipeline 5e939ce8-5918-4d57-a2cf-b84bba7d09ac as the min replicated index is 4. Deletion is not allowed in this container yet.
2019-10-25 05:33:34,468 [BlockDeletingService#2] WARN  background.BlockDeletingService (BlockDeletingService.java:isDeletionAllowed(187)) - Close Container log Index 6 is not replicated across allthe servers in the pipeline 5e939ce8-5918-4d57-a2cf-b84bba7d09ac as the min replicated index is 4. Deletion is not allowed in this container yet.
2019-10-25 05:33:34,586 [EventQueue-ContainerReportForContainerReportHandler] WARN  container.ContainerReportHandler (AbstractContainerReportHandler.java:updateContainerState(145)) - Container #1 is in OPEN state, but the datanode a05bcb01-8262-4b6c-960b-c3a46ef8bd63{ip: 192.168.164.244, host: pr-hdds-1701-29n7p-3046025130, networkLocation: /default-rack, certSerialId: null} reports an CLOSED replica.
2019-10-25 05:33:34,699 [EventQueue-ContainerReportForContainerReportHandler] WARN  container.ContainerReportHandler (AbstractContainerReportHandler.java:updateContainerState(145)) - Container #1 is in OPEN state, but the datanode 9484238f-0427-4b0f-b3b9-a493ba149161{ip: 192.168.164.244, host: pr-hdds-1701-29n7p-3046025130, networkLocation: /default-rack, certSerialId: null} reports an CLOSED replica.
2019-10-25 05:33:34,708 [java.util.concurrent.ThreadPoolExecutor$Worker@b00648b[State = -1, empty queue]] WARN  server.GrpcLogAppender (GrpcLogAppender.java:timeoutAppendRequest(209)) - a05bcb01-8262-4b6c-960b-c3a46ef8bd63@group-B84BBA7D09AC->4ce8dd57-9997-4466-b69c-bdc1e0ed84f6-GrpcLogAppender: appendEntries Timeout, request=a05bcb01-8262-4b6c-960b-c3a46ef8bd63->4ce8dd57-9997-4466-b69c-bdc1e0ed84f6#40-t1, previous=(t:1, i:10), leaderCommit=10, initializing? false, entries: <empty>
2019-10-25 05:33:34,887 [EventQueue-ContainerReportForContainerReportHandler] WARN  container.ContainerReportHandler (AbstractContainerReportHandler.java:updateContainerState(145)) - Container #1 is in OPEN state, but the datanode a05bcb01-8262-4b6c-960b-c3a46ef8bd63{ip: 192.168.164.244, host: pr-hdds-1701-29n7p-3046025130, networkLocation: /default-rack, certSerialId: null} reports an CLOSED replica.
2019-10-25 05:33:34,899 [EventQueue-ContainerReportForContainerReportHandler] WARN  container.ContainerReportHandler (AbstractContainerReportHandler.java:updateContainerState(145)) - Container #1 is in OPEN state, but the datanode 9484238f-0427-4b0f-b3b9-a493ba149161{ip: 192.168.164.244, host: pr-hdds-1701-29n7p-3046025130, networkLocation: /default-rack, certSerialId: null} reports an CLOSED replica.
2019-10-25 05:33:35,199 [EventQueue-ContainerReportForContainerReportHandler] WARN  container.ContainerReportHandler (AbstractContainerReportHandler.java:updateContainerState(145)) - Container #1 is in OPEN state, but the datanode 9484238f-0427-4b0f-b3b9-a493ba149161{ip: 192.168.164.244, host: pr-hdds-1701-29n7p-3046025130, networkLocation: /default-rack, certSerialId: null} reports an CLOSED replica.
2019-10-25 05:33:35,286 [EventQueue-ContainerReportForContainerReportHandler] WARN  container.ContainerReportHandler (AbstractContainerReportHandler.java:updateContainerState(145)) - Container #1 is in OPEN state, but the datanode a05bcb01-8262-4b6c-960b-c3a46ef8bd63{ip: 192.168.164.244, host: pr-hdds-1701-29n7p-3046025130, networkLocation: /default-rack, certSerialId: null} reports an CLOSED replica.
2019-10-25 05:33:35,399 [EventQueue-ContainerReportForContainerReportHandler] WARN  container.ContainerReportHandler (AbstractContainerReportHandler.java:updateContainerState(145)) - Container #1 is in OPEN state, but the datanode 9484238f-0427-4b0f-b3b9-a493ba149161{ip: 192.168.164.244, host: pr-hdds-1701-29n7p-3046025130, networkLocation: /default-rack, certSerialId: null} reports an CLOSED replica.
2019-10-25 05:33:35,471 [BlockDeletingService#2] WARN  background.BlockDeletingService (BlockDeletingService.java:isDeletionAllowed(187)) - Close Container log Index 6 is not replicated across allthe servers in the pipeline 5e939ce8-5918-4d57-a2cf-b84bba7d09ac as the min replicated index is 4. Deletion is not allowed in this container yet.
2019-10-25 05:33:35,471 [BlockDeletingService#2] WARN  background.BlockDeletingService (BlockDeletingService.java:isDeletionAllowed(187)) - Close Container log Index 6 is not replicated across allthe servers in the pipeline 5e939ce8-5918-4d57-a2cf-b84bba7d09ac as the min replicated index is 4. Deletion is not allowed in this container yet.
2019-10-25 05:33:35,486 [EventQueue-ContainerReportForContainerReportHandler] WARN  container.ContainerReportHandler (AbstractContainerReportHandler.java:updateContainerState(145)) - Container #1 is in OPEN state, but the datanode a05bcb01-8262-4b6c-960b-c3a46ef8bd63{ip: 192.168.164.244, host: pr-hdds-1701-29n7p-3046025130, networkLocation: /default-rack, certSerialId: null} reports an CLOSED replica.
2019-10-25 05:33:35,699 [EventQueue-ContainerReportForContainerReportHandler] WARN  container.ContainerReportHandler (AbstractContainerReportHandler.java:updateContainerState(145)) - Container #1 is in OPEN state, but the datanode 9484238f-0427-4b0f-b3b9-a493ba149161{ip: 192.168.164.244, host: pr-hdds-1701-29n7p-3046025130, networkLocation: /default-rack, certSerialId: null} reports an CLOSED replica.
2019-10-25 05:33:35,787 [EventQueue-ContainerReportForContainerReportHandler] WARN  container.ContainerReportHandler (AbstractContainerReportHandler.java:updateContainerState(145)) - Container #1 is in OPEN state, but the datanode a05bcb01-8262-4b6c-960b-c3a46ef8bd63{ip: 192.168.164.244, host: pr-hdds-1701-29n7p-3046025130, networkLocation: /default-rack, certSerialId: null} reports an CLOSED replica.
2019-10-25 05:33:36,088 [EventQueue-ContainerReportForContainerReportHandler] WARN  container.ContainerReportHandler (AbstractContainerReportHandler.java:updateContainerState(145)) - Container #1 is in OPEN state, but the datanode a05bcb01-8262-4b6c-960b-c3a46ef8bd63{ip: 192.168.164.244, host: pr-hdds-1701-29n7p-3046025130, networkLocation: /default-rack, certSerialId: null} reports an CLOSED replica.
2019-10-25 05:33:36,098 [EventQueue-ContainerReportForContainerReportHandler] WARN  container.ContainerReportHandler (AbstractContainerReportHandler.java:updateContainerState(145)) - Container #1 is in OPEN state, but the datanode 9484238f-0427-4b0f-b3b9-a493ba149161{ip: 192.168.164.244, host: pr-hdds-1701-29n7p-3046025130, networkLocation: /default-rack, certSerialId: null} reports an CLOSED replica.
2019-10-25 05:33:36,298 [EventQueue-ContainerReportForContainerReportHandler] WARN  container.ContainerReportHandler (AbstractContainerReportHandler.java:updateContainerState(145)) - Container #1 is in OPEN state, but the datanode 9484238f-0427-4b0f-b3b9-a493ba149161{ip: 192.168.164.244, host: pr-hdds-1701-29n7p-3046025130, networkLocation: /default-rack, certSerialId: null} reports an CLOSED replica.
2019-10-25 05:33:36,388 [EventQueue-ContainerReportForContainerReportHandler] WARN  container.ContainerReportHandler (AbstractContainerReportHandler.java:updateContainerState(145)) - Container #1 is in OPEN state, but the datanode a05bcb01-8262-4b6c-960b-c3a46ef8bd63{ip: 192.168.164.244, host: pr-hdds-1701-29n7p-3046025130, networkLocation: /default-rack, certSerialId: null} reports an CLOSED replica.
2019-10-25 05:33:36,473 [BlockDeletingService#2] WARN  background.BlockDeletingService (BlockDeletingService.java:isDeletionAllowed(187)) - Close Container log Index 6 is not replicated across allthe servers in the pipeline 5e939ce8-5918-4d57-a2cf-b84bba7d09ac as the min replicated index is 4. Deletion is not allowed in this container yet.
2019-10-25 05:33:36,473 [BlockDeletingService#2] WARN  background.BlockDeletingService (BlockDeletingService.java:isDeletionAllowed(187)) - Close Container log Index 6 is not replicated across allthe servers in the pipeline 5e939ce8-5918-4d57-a2cf-b84bba7d09ac as the min replicated index is 4. Deletion is not allowed in this container yet.
2019-10-25 05:33:36,598 [EventQueue-ContainerReportForContainerReportHandler] WARN  container.ContainerReportHandler (AbstractContainerReportHandler.java:updateContainerState(145)) - Container #1 is in OPEN state, but the datanode 9484238f-0427-4b0f-b3b9-a493ba149161{ip: 192.168.164.244, host: pr-hdds-1701-29n7p-3046025130, networkLocation: /default-rack, certSerialId: null} reports an CLOSED replica.
2019-10-25 05:33:36,788 [EventQueue-ContainerReportForContainerReportHandler] WARN  container.ContainerReportHandler (AbstractContainerReportHandler.java:updateContainerState(145)) - Container #1 is in OPEN state, but the datanode a05bcb01-8262-4b6c-960b-c3a46ef8bd63{ip: 192.168.164.244, host: pr-hdds-1701-29n7p-3046025130, networkLocation: /default-rack, certSerialId: null} reports an CLOSED replica.
2019-10-25 05:33:36,898 [EventQueue-ContainerReportForContainerReportHandler] WARN  container.ContainerReportHandler (AbstractContainerReportHandler.java:updateContainerState(145)) - Container #1 is in OPEN state, but the datanode 9484238f-0427-4b0f-b3b9-a493ba149161{ip: 192.168.164.244, host: pr-hdds-1701-29n7p-3046025130, networkLocation: /default-rack, certSerialId: null} reports an CLOSED replica.
2019-10-25 05:33:36,988 [EventQueue-ContainerReportForContainerReportHandler] WARN  container.ContainerReportHandler (AbstractContainerReportHandler.java:updateContainerState(145)) - Container #1 is in OPEN state, but the datanode a05bcb01-8262-4b6c-960b-c3a46ef8bd63{ip: 192.168.164.244, host: pr-hdds-1701-29n7p-3046025130, networkLocation: /default-rack, certSerialId: null} reports an CLOSED replica.
2019-10-25 05:33:37,209 [java.util.concurrent.ThreadPoolExecutor$Worker@b00648b[State = -1, empty queue]] WARN  server.GrpcLogAppender (GrpcLogAppender.java:timeoutAppendRequest(209)) - a05bcb01-8262-4b6c-960b-c3a46ef8bd63@group-B84BBA7D09AC->4ce8dd57-9997-4466-b69c-bdc1e0ed84f6-GrpcLogAppender: appendEntries Timeout, request=a05bcb01-8262-4b6c-960b-c3a46ef8bd63->4ce8dd57-9997-4466-b69c-bdc1e0ed84f6#41-t1, previous=(t:1, i:10), leaderCommit=10, initializing? false, entries: <empty>
2019-10-25 05:33:37,289 [EventQueue-ContainerReportForContainerReportHandler] WARN  container.ContainerReportHandler (AbstractContainerReportHandler.java:updateContainerState(145)) - Container #1 is in OPEN state, but the datanode a05bcb01-8262-4b6c-960b-c3a46ef8bd63{ip: 192.168.164.244, host: pr-hdds-1701-29n7p-3046025130, networkLocation: /default-rack, certSerialId: null} reports an CLOSED replica.
2019-10-25 05:33:37,299 [EventQueue-ContainerReportForContainerReportHandler] WARN  container.ContainerReportHandler (AbstractContainerReportHandler.java:updateContainerState(145)) - Container #1 is in OPEN state, but the datanode 9484238f-0427-4b0f-b3b9-a493ba149161{ip: 192.168.164.244, host: pr-hdds-1701-29n7p-3046025130, networkLocation: /default-rack, certSerialId: null} reports an CLOSED replica.
2019-10-25 05:33:37,475 [BlockDeletingService#2] WARN  background.BlockDeletingService (BlockDeletingService.java:isDeletionAllowed(187)) - Close Container log Index 6 is not replicated across allthe servers in the pipeline 5e939ce8-5918-4d57-a2cf-b84bba7d09ac as the min replicated index is 4. Deletion is not allowed in this container yet.
2019-10-25 05:33:37,475 [BlockDeletingService#2] WARN  background.BlockDeletingService (BlockDeletingService.java:isDeletionAllowed(187)) - Close Container log Index 6 is not replicated across allthe servers in the pipeline 5e939ce8-5918-4d57-a2cf-b84bba7d09ac as the min replicated index is 4. Deletion is not allowed in this container yet.
2019-10-25 05:33:37,489 [EventQueue-ContainerReportForContainerReportHandler] WARN  container.ContainerReportHandler (AbstractContainerReportHandler.java:updateContainerState(145)) - Container #1 is in OPEN state, but the datanode a05bcb01-8262-4b6c-960b-c3a46ef8bd63{ip: 192.168.164.244, host: pr-hdds-1701-29n7p-3046025130, networkLocation: /default-rack, certSerialId: null} reports an CLOSED replica.
2019-10-25 05:33:37,499 [EventQueue-ContainerReportForContainerReportHandler] WARN  container.ContainerReportHandler (AbstractContainerReportHandler.java:updateContainerState(145)) - Container #1 is in OPEN state, but the datanode 9484238f-0427-4b0f-b3b9-a493ba149161{ip: 192.168.164.244, host: pr-hdds-1701-29n7p-3046025130, networkLocation: /default-rack, certSerialId: null} reports an CLOSED replica.
2019-10-25 05:33:37,801 [EventQueue-ContainerReportForContainerReportHandler] WARN  container.ContainerReportHandler (AbstractContainerReportHandler.java:updateContainerState(145)) - Container #1 is in OPEN state, but the datanode 9484238f-0427-4b0f-b3b9-a493ba149161{ip: 192.168.164.244, host: pr-hdds-1701-29n7p-3046025130, networkLocation: /default-rack, certSerialId: null} reports an CLOSED replica.
2019-10-25 05:33:37,889 [EventQueue-ContainerReportForContainerReportHandler] WARN  container.ContainerReportHandler (AbstractContainerReportHandler.java:updateContainerState(145)) - Container #1 is in OPEN state, but the datanode a05bcb01-8262-4b6c-960b-c3a46ef8bd63{ip: 192.168.164.244, host: pr-hdds-1701-29n7p-3046025130, networkLocation: /default-rack, certSerialId: null} reports an CLOSED replica.
2019-10-25 05:33:38,104 [EventQueue-ContainerReportForContainerReportHandler] WARN  container.ContainerReportHandler (AbstractContainerReportHandler.java:updateContainerState(145)) - Container #1 is in OPEN state, but the datanode 9484238f-0427-4b0f-b3b9-a493ba149161{ip: 192.168.164.244, host: pr-hdds-1701-29n7p-3046025130, networkLocation: /default-rack, certSerialId: null} reports an CLOSED replica.
2019-10-25 05:33:38,189 [EventQueue-ContainerReportForContainerReportHandler] WARN  container.ContainerReportHandler (AbstractContainerReportHandler.java:updateContainerState(145)) - Container #1 is in OPEN state, but the datanode a05bcb01-8262-4b6c-960b-c3a46ef8bd63{ip: 192.168.164.244, host: pr-hdds-1701-29n7p-3046025130, networkLocation: /default-rack, certSerialId: null} reports an CLOSED replica.
2019-10-25 05:33:38,401 [EventQueue-ContainerReportForContainerReportHandler] WARN  container.ContainerReportHandler (AbstractContainerReportHandler.java:updateContainerState(145)) - Container #1 is in OPEN state, but the datanode 9484238f-0427-4b0f-b3b9-a493ba149161{ip: 192.168.164.244, host: pr-hdds-1701-29n7p-3046025130, networkLocation: /default-rack, certSerialId: null} reports an CLOSED replica.
2019-10-25 05:33:38,477 [BlockDeletingService#2] WARN  background.BlockDeletingService (BlockDeletingService.java:isDeletionAllowed(187)) - Close Container log Index 6 is not replicated across allthe servers in the pipeline 5e939ce8-5918-4d57-a2cf-b84bba7d09ac as the min replicated index is 4. Deletion is not allowed in this container yet.
2019-10-25 05:33:38,477 [BlockDeletingService#2] WARN  background.BlockDeletingService (BlockDeletingService.java:isDeletionAllowed(187)) - Close Container log Index 6 is not replicated across allthe servers in the pipeline 5e939ce8-5918-4d57-a2cf-b84bba7d09ac as the min replicated index is 4. Deletion is not allowed in this container yet.
2019-10-25 05:33:38,492 [EventQueue-ContainerReportForContainerReportHandler] WARN  container.ContainerReportHandler (AbstractContainerReportHandler.java:updateContainerState(145)) - Container #1 is in OPEN state, but the datanode a05bcb01-8262-4b6c-960b-c3a46ef8bd63{ip: 192.168.164.244, host: pr-hdds-1701-29n7p-3046025130, networkLocation: /default-rack, certSerialId: null} reports an CLOSED replica.
2019-10-25 05:33:38,701 [EventQueue-ContainerReportForContainerReportHandler] WARN  container.ContainerReportHandler (AbstractContainerReportHandler.java:updateContainerState(145)) - Container #1 is in OPEN state, but the datanode 9484238f-0427-4b0f-b3b9-a493ba149161{ip: 192.168.164.244, host: pr-hdds-1701-29n7p-3046025130, networkLocation: /default-rack, certSerialId: null} reports an CLOSED replica.
2019-10-25 05:33:38,893 [EventQueue-ContainerReportForContainerReportHandler] WARN  container.ContainerReportHandler (AbstractContainerReportHandler.java:updateContainerState(145)) - Container #1 is in OPEN state, but the datanode a05bcb01-8262-4b6c-960b-c3a46ef8bd63{ip: 192.168.164.244, host: pr-hdds-1701-29n7p-3046025130, networkLocation: /default-rack, certSerialId: null} reports an CLOSED replica.
2019-10-25 05:33:39,002 [EventQueue-ContainerReportForContainerReportHandler] WARN  container.ContainerReportHandler (AbstractContainerReportHandler.java:updateContainerState(145)) - Container #1 is in OPEN state, but the datanode 9484238f-0427-4b0f-b3b9-a493ba149161{ip: 192.168.164.244, host: pr-hdds-1701-29n7p-3046025130, networkLocation: /default-rack, certSerialId: null} reports an CLOSED replica.
2019-10-25 05:33:39,093 [EventQueue-ContainerReportForContainerReportHandler] WARN  container.ContainerReportHandler (AbstractContainerReportHandler.java:updateContainerState(145)) - Container #1 is in OPEN state, but the datanode a05bcb01-8262-4b6c-960b-c3a46ef8bd63{ip: 192.168.164.244, host: pr-hdds-1701-29n7p-3046025130, networkLocation: /default-rack, certSerialId: null} reports an CLOSED replica.
2019-10-25 05:33:39,302 [EventQueue-ContainerReportForContainerReportHandler] WARN  container.ContainerReportHandler (AbstractContainerReportHandler.java:updateContainerState(145)) - Container #1 is in OPEN state, but the datanode 9484238f-0427-4b0f-b3b9-a493ba149161{ip: 192.168.164.244, host: pr-hdds-1701-29n7p-3046025130, networkLocation: /default-rack, certSerialId: null} reports an CLOSED replica.
2019-10-25 05:33:39,393 [EventQueue-ContainerReportForContainerReportHandler] WARN  container.ContainerReportHandler (AbstractContainerReportHandler.java:updateContainerState(145)) - Container #1 is in OPEN state, but the datanode a05bcb01-8262-4b6c-960b-c3a46ef8bd63{ip: 192.168.164.244, host: pr-hdds-1701-29n7p-3046025130, networkLocation: /default-rack, certSerialId: null} reports an CLOSED replica.
2019-10-25 05:33:39,479 [BlockDeletingService#2] WARN  background.BlockDeletingService (BlockDeletingService.java:isDeletionAllowed(187)) - Close Container log Index 6 is not replicated across allthe servers in the pipeline 5e939ce8-5918-4d57-a2cf-b84bba7d09ac as the min replicated index is 4. Deletion is not allowed in this container yet.
2019-10-25 05:33:39,479 [BlockDeletingService#2] WARN  background.BlockDeletingService (BlockDeletingService.java:isDeletionAllowed(187)) - Close Container log Index 6 is not replicated across allthe servers in the pipeline 5e939ce8-5918-4d57-a2cf-b84bba7d09ac as the min replicated index is 4. Deletion is not allowed in this container yet.
2019-10-25 05:33:39,603 [EventQueue-ContainerReportForContainerReportHandler] WARN  container.ContainerReportHandler (AbstractContainerReportHandler.java:updateContainerState(145)) - Container #1 is in OPEN state, but the datanode 9484238f-0427-4b0f-b3b9-a493ba149161{ip: 192.168.164.244, host: pr-hdds-1701-29n7p-3046025130, networkLocation: /default-rack, certSerialId: null} reports an CLOSED replica.
2019-10-25 05:33:39,711 [java.util.concurrent.ThreadPoolExecutor$Worker@b00648b[State = -1, empty queue]] WARN  server.GrpcLogAppender (GrpcLogAppender.java:timeoutAppendRequest(209)) - a05bcb01-8262-4b6c-960b-c3a46ef8bd63@group-B84BBA7D09AC->4ce8dd57-9997-4466-b69c-bdc1e0ed84f6-GrpcLogAppender: appendEntries Timeout, request=a05bcb01-8262-4b6c-960b-c3a46ef8bd63->4ce8dd57-9997-4466-b69c-bdc1e0ed84f6#42-t1, previous=(t:1, i:10), leaderCommit=10, initializing? false, entries: <empty>
2019-10-25 05:33:39,794 [EventQueue-ContainerReportForContainerReportHandler] WARN  container.ContainerReportHandler (AbstractContainerReportHandler.java:updateContainerState(145)) - Container #1 is in OPEN state, but the datanode a05bcb01-8262-4b6c-960b-c3a46ef8bd63{ip: 192.168.164.244, host: pr-hdds-1701-29n7p-3046025130, networkLocation: /default-rack, certSerialId: null} reports an CLOSED replica.
2019-10-25 05:33:39,994 [EventQueue-ContainerReportForContainerReportHandler] WARN  container.ContainerReportHandler (AbstractContainerReportHandler.java:updateContainerState(145)) - Container #1 is in OPEN state, but the datanode a05bcb01-8262-4b6c-960b-c3a46ef8bd63{ip: 192.168.164.244, host: pr-hdds-1701-29n7p-3046025130, networkLocation: /default-rack, certSerialId: null} reports an CLOSED replica.
2019-10-25 05:33:40,002 [EventQueue-ContainerReportForContainerReportHandler] WARN  container.ContainerReportHandler (AbstractContainerReportHandler.java:updateContainerState(145)) - Container #1 is in OPEN state, but the datanode 9484238f-0427-4b0f-b3b9-a493ba149161{ip: 192.168.164.244, host: pr-hdds-1701-29n7p-3046025130, networkLocation: /default-rack, certSerialId: null} reports an CLOSED replica.
2019-10-25 05:33:40,294 [EventQueue-ContainerReportForContainerReportHandler] WARN  container.ContainerReportHandler (AbstractContainerReportHandler.java:updateContainerState(145)) - Container #1 is in OPEN state, but the datanode a05bcb01-8262-4b6c-960b-c3a46ef8bd63{ip: 192.168.164.244, host: pr-hdds-1701-29n7p-3046025130, networkLocation: /default-rack, certSerialId: null} reports an CLOSED replica.
2019-10-25 05:33:40,402 [EventQueue-ContainerReportForContainerReportHandler] WARN  container.ContainerReportHandler (AbstractContainerReportHandler.java:updateContainerState(145)) - Container #1 is in OPEN state, but the datanode 9484238f-0427-4b0f-b3b9-a493ba149161{ip: 192.168.164.244, host: pr-hdds-1701-29n7p-3046025130, networkLocation: /default-rack, certSerialId: null} reports an CLOSED replica.
2019-10-25 05:33:40,480 [BlockDeletingService#2] WARN  background.BlockDeletingService (BlockDeletingService.java:isDeletionAllowed(187)) - Close Container log Index 6 is not replicated across allthe servers in the pipeline 5e939ce8-5918-4d57-a2cf-b84bba7d09ac as the min replicated index is 4. Deletion is not allowed in this container yet.
2019-10-25 05:33:40,480 [BlockDeletingService#2] WARN  background.BlockDeletingService (BlockDeletingService.java:isDeletionAllowed(187)) - Close Container log Index 6 is not replicated across allthe servers in the pipeline 5e939ce8-5918-4d57-a2cf-b84bba7d09ac as the min replicated index is 4. Deletion is not allowed in this container yet.
2019-10-25 05:33:40,494 [EventQueue-ContainerReportForContainerReportHandler] WARN  container.ContainerReportHandler (AbstractContainerReportHandler.java:updateContainerState(145)) - Container #1 is in OPEN state, but the datanode a05bcb01-8262-4b6c-960b-c3a46ef8bd63{ip: 192.168.164.244, host: pr-hdds-1701-29n7p-3046025130, networkLocation: /default-rack, certSerialId: null} reports an CLOSED replica.
2019-10-25 05:33:40,683 [Thread-465] INFO  client.GrpcClientProtocolService (GrpcClientProtocolService.java:lambda$processClientRequest$0(279)) - Failed RaftClientRequest:client-B1E3923C01C0->a05bcb01-8262-4b6c-960b-c3a46ef8bd63@group-B84BBA7D09AC, cid=10, seq=0, Watch-ALL_COMMITTED(6), Message:<EMPTY>, reply=RaftClientReply:client-B1E3923C01C0->a05bcb01-8262-4b6c-960b-c3a46ef8bd63@group-B84BBA7D09AC, cid=10, FAILED org.apache.ratis.protocol.NotReplicatedException: Request with call Id 10 and log index 6 is not yet replicated to ALL_COMMITTED, logIndex=6, commits[a05bcb01-8262-4b6c-960b-c3a46ef8bd63:c10, 4ce8dd57-9997-4466-b69c-bdc1e0ed84f6:c4, 9484238f-0427-4b0f-b3b9-a493ba149161:c10]
2019-10-25 05:33:40,703 [EventQueue-ContainerReportForContainerReportHandler] WARN  container.ContainerReportHandler (AbstractContainerReportHandler.java:updateContainerState(145)) - Container #1 is in OPEN state, but the datanode 9484238f-0427-4b0f-b3b9-a493ba149161{ip: 192.168.164.244, host: pr-hdds-1701-29n7p-3046025130, networkLocation: /default-rack, certSerialId: null} reports an CLOSED replica.
2019-10-25 05:33:40,794 [EventQueue-ContainerReportForContainerReportHandler] WARN  container.ContainerReportHandler (AbstractContainerReportHandler.java:updateContainerState(145)) - Container #1 is in OPEN state, but the datanode a05bcb01-8262-4b6c-960b-c3a46ef8bd63{ip: 192.168.164.244, host: pr-hdds-1701-29n7p-3046025130, networkLocation: /default-rack, certSerialId: null} reports an CLOSED replica.
2019-10-25 05:33:41,003 [EventQueue-ContainerReportForContainerReportHandler] WARN  container.ContainerReportHandler (AbstractContainerReportHandler.java:updateContainerState(145)) - Container #1 is in OPEN state, but the datanode 9484238f-0427-4b0f-b3b9-a493ba149161{ip: 192.168.164.244, host: pr-hdds-1701-29n7p-3046025130, networkLocation: /default-rack, certSerialId: null} reports an CLOSED replica.
2019-10-25 05:33:41,194 [EventQueue-ContainerReportForContainerReportHandler] WARN  container.ContainerReportHandler (AbstractContainerReportHandler.java:updateContainerState(145)) - Container #1 is in OPEN state, but the datanode a05bcb01-8262-4b6c-960b-c3a46ef8bd63{ip: 192.168.164.244, host: pr-hdds-1701-29n7p-3046025130, networkLocation: /default-rack, certSerialId: null} reports an CLOSED replica.
2019-10-25 05:33:41,403 [EventQueue-ContainerReportForContainerReportHandler] WARN  container.ContainerReportHandler (AbstractContainerReportHandler.java:updateContainerState(145)) - Container #1 is in OPEN state, but the datanode 9484238f-0427-4b0f-b3b9-a493ba149161{ip: 192.168.164.244, host: pr-hdds-1701-29n7p-3046025130, networkLocation: /default-rack, certSerialId: null} reports an CLOSED replica.
2019-10-25 05:33:41,483 [BlockDeletingService#2] WARN  background.BlockDeletingService (BlockDeletingService.java:isDeletionAllowed(187)) - Close Container log Index 6 is not replicated across allthe servers in the pipeline 5e939ce8-5918-4d57-a2cf-b84bba7d09ac as the min replicated index is 4. Deletion is not allowed in this container yet.
2019-10-25 05:33:41,483 [BlockDeletingService#2] WARN  background.BlockDeletingService (BlockDeletingService.java:isDeletionAllowed(187)) - Close Container log Index 6 is not replicated across allthe servers in the pipeline 5e939ce8-5918-4d57-a2cf-b84bba7d09ac as the min replicated index is 4. Deletion is not allowed in this container yet.
2019-10-25 05:33:41,495 [EventQueue-ContainerReportForContainerReportHandler] WARN  container.ContainerReportHandler (AbstractContainerReportHandler.java:updateContainerState(145)) - Container #1 is in OPEN state, but the datanode a05bcb01-8262-4b6c-960b-c3a46ef8bd63{ip: 192.168.164.244, host: pr-hdds-1701-29n7p-3046025130, networkLocation: /default-rack, certSerialId: null} reports an CLOSED replica.
2019-10-25 05:33:41,796 [EventQueue-ContainerReportForContainerReportHandler] WARN  container.ContainerReportHandler (AbstractContainerReportHandler.java:updateContainerState(145)) - Container #1 is in OPEN state, but the datanode a05bcb01-8262-4b6c-960b-c3a46ef8bd63{ip: 192.168.164.244, host: pr-hdds-1701-29n7p-3046025130, networkLocation: /default-rack, certSerialId: null} reports an CLOSED replica.
2019-10-25 05:33:41,802 [EventQueue-ContainerReportForContainerReportHandler] WARN  container.ContainerReportHandler (AbstractContainerReportHandler.java:updateContainerState(145)) - Container #1 is in OPEN state, but the datanode 9484238f-0427-4b0f-b3b9-a493ba149161{ip: 192.168.164.244, host: pr-hdds-1701-29n7p-3046025130, networkLocation: /default-rack, certSerialId: null} reports an CLOSED replica.
2019-10-25 05:33:42,095 [EventQueue-ContainerReportForContainerReportHandler] WARN  container.ContainerReportHandler (AbstractContainerReportHandler.java:updateContainerState(145)) - Container #1 is in OPEN state, but the datanode a05bcb01-8262-4b6c-960b-c3a46ef8bd63{ip: 192.168.164.244, host: pr-hdds-1701-29n7p-3046025130, networkLocation: /default-rack, certSerialId: null} reports an CLOSED replica.
2019-10-25 05:33:42,102 [EventQueue-ContainerReportForContainerReportHandler] WARN  container.ContainerReportHandler (AbstractContainerReportHandler.java:updateContainerState(145)) - Container #1 is in OPEN state, but the datanode 9484238f-0427-4b0f-b3b9-a493ba149161{ip: 192.168.164.244, host: pr-hdds-1701-29n7p-3046025130, networkLocation: /default-rack, certSerialId: null} reports an CLOSED replica.
2019-10-25 05:33:42,214 [java.util.concurrent.ThreadPoolExecutor$Worker@b00648b[State = -1, empty queue]] WARN  server.GrpcLogAppender (GrpcLogAppender.java:timeoutAppendRequest(209)) - a05bcb01-8262-4b6c-960b-c3a46ef8bd63@group-B84BBA7D09AC->4ce8dd57-9997-4466-b69c-bdc1e0ed84f6-GrpcLogAppender: appendEntries Timeout, request=a05bcb01-8262-4b6c-960b-c3a46ef8bd63->4ce8dd57-9997-4466-b69c-bdc1e0ed84f6#43-t1, previous=(t:1, i:10), leaderCommit=10, initializing? false, entries: <empty>
2019-10-25 05:33:42,295 [EventQueue-ContainerReportForContainerReportHandler] WARN  container.ContainerReportHandler (AbstractContainerReportHandler.java:updateContainerState(145)) - Container #1 is in OPEN state, but the datanode a05bcb01-8262-4b6c-960b-c3a46ef8bd63{ip: 192.168.164.244, host: pr-hdds-1701-29n7p-3046025130, networkLocation: /default-rack, certSerialId: null} reports an CLOSED replica.
2019-10-25 05:33:42,402 [EventQueue-ContainerReportForContainerReportHandler] WARN  container.ContainerReportHandler (AbstractContainerReportHandler.java:updateContainerState(145)) - Container #1 is in OPEN state, but the datanode 9484238f-0427-4b0f-b3b9-a493ba149161{ip: 192.168.164.244, host: pr-hdds-1701-29n7p-3046025130, networkLocation: /default-rack, certSerialId: null} reports an CLOSED replica.
2019-10-25 05:33:42,487 [BlockDeletingService#2] WARN  background.BlockDeletingService (BlockDeletingService.java:isDeletionAllowed(187)) - Close Container log Index 6 is not replicated across allthe servers in the pipeline 5e939ce8-5918-4d57-a2cf-b84bba7d09ac as the min replicated index is 4. Deletion is not allowed in this container yet.
2019-10-25 05:33:42,487 [BlockDeletingService#2] WARN  background.BlockDeletingService (BlockDeletingService.java:isDeletionAllowed(187)) - Close Container log Index 6 is not replicated across allthe servers in the pipeline 5e939ce8-5918-4d57-a2cf-b84bba7d09ac as the min replicated index is 4. Deletion is not allowed in this container yet.
2019-10-25 05:33:42,696 [EventQueue-ContainerReportForContainerReportHandler] WARN  container.ContainerReportHandler (AbstractContainerReportHandler.java:updateContainerState(145)) - Container #1 is in OPEN state, but the datanode a05bcb01-8262-4b6c-960b-c3a46ef8bd63{ip: 192.168.164.244, host: pr-hdds-1701-29n7p-3046025130, networkLocation: /default-rack, certSerialId: null} reports an CLOSED replica.
2019-10-25 05:33:42,703 [EventQueue-ContainerReportForContainerReportHandler] WARN  container.ContainerReportHandler (AbstractContainerReportHandler.java:updateContainerState(145)) - Container #1 is in OPEN state, but the datanode 9484238f-0427-4b0f-b3b9-a493ba149161{ip: 192.168.164.244, host: pr-hdds-1701-29n7p-3046025130, networkLocation: /default-rack, certSerialId: null} reports an CLOSED replica.
2019-10-25 05:33:42,996 [EventQueue-ContainerReportForContainerReportHandler] WARN  container.ContainerReportHandler (AbstractContainerReportHandler.java:updateContainerState(145)) - Container #1 is in OPEN state, but the datanode a05bcb01-8262-4b6c-960b-c3a46ef8bd63{ip: 192.168.164.244, host: pr-hdds-1701-29n7p-3046025130, networkLocation: /default-rack, certSerialId: null} reports an CLOSED replica.
2019-10-25 05:33:43,003 [EventQueue-ContainerReportForContainerReportHandler] WARN  container.ContainerReportHandler (AbstractContainerReportHandler.java:updateContainerState(145)) - Container #1 is in OPEN state, but the datanode 9484238f-0427-4b0f-b3b9-a493ba149161{ip: 192.168.164.244, host: pr-hdds-1701-29n7p-3046025130, networkLocation: /default-rack, certSerialId: null} reports an CLOSED replica.
2019-10-25 05:33:43,296 [EventQueue-ContainerReportForContainerReportHandler] WARN  container.ContainerReportHandler (AbstractContainerReportHandler.java:updateContainerState(145)) - Container #1 is in OPEN state, but the datanode a05bcb01-8262-4b6c-960b-c3a46ef8bd63{ip: 192.168.164.244, host: pr-hdds-1701-29n7p-3046025130, networkLocation: /default-rack, certSerialId: null} reports an CLOSED replica.
2019-10-25 05:33:43,403 [EventQueue-ContainerReportForContainerReportHandler] WARN  container.ContainerReportHandler (AbstractContainerReportHandler.java:updateContainerState(145)) - Container #1 is in OPEN state, but the datanode 9484238f-0427-4b0f-b3b9-a493ba149161{ip: 192.168.164.244, host: pr-hdds-1701-29n7p-3046025130, networkLocation: /default-rack, certSerialId: null} reports an CLOSED replica.
2019-10-25 05:33:43,489 [BlockDeletingService#2] WARN  background.BlockDeletingService (BlockDeletingService.java:isDeletionAllowed(187)) - Close Container log Index 6 is not replicated across allthe servers in the pipeline 5e939ce8-5918-4d57-a2cf-b84bba7d09ac as the min replicated index is 4. Deletion is not allowed in this container yet.
2019-10-25 05:33:43,489 [BlockDeletingService#2] WARN  background.BlockDeletingService (BlockDeletingService.java:isDeletionAllowed(187)) - Close Container log Index 6 is not replicated across allthe servers in the pipeline 5e939ce8-5918-4d57-a2cf-b84bba7d09ac as the min replicated index is 4. Deletion is not allowed in this container yet.
2019-10-25 05:33:43,596 [EventQueue-ContainerReportForContainerReportHandler] WARN  container.ContainerReportHandler (AbstractContainerReportHandler.java:updateContainerState(145)) - Container #1 is in OPEN state, but the datanode a05bcb01-8262-4b6c-960b-c3a46ef8bd63{ip: 192.168.164.244, host: pr-hdds-1701-29n7p-3046025130, networkLocation: /default-rack, certSerialId: null} reports an CLOSED replica.
2019-10-25 05:33:43,603 [EventQueue-ContainerReportForContainerReportHandler] WARN  container.ContainerReportHandler (AbstractContainerReportHandler.java:updateContainerState(145)) - Container #1 is in OPEN state, but the datanode 9484238f-0427-4b0f-b3b9-a493ba149161{ip: 192.168.164.244, host: pr-hdds-1701-29n7p-3046025130, networkLocation: /default-rack, certSerialId: null} reports an CLOSED replica.
2019-10-25 05:33:43,797 [EventQueue-ContainerReportForContainerReportHandler] WARN  container.ContainerReportHandler (AbstractContainerReportHandler.java:updateContainerState(145)) - Container #1 is in OPEN state, but the datanode a05bcb01-8262-4b6c-960b-c3a46ef8bd63{ip: 192.168.164.244, host: pr-hdds-1701-29n7p-3046025130, networkLocation: /default-rack, certSerialId: null} reports an CLOSED replica.
2019-10-25 05:33:43,903 [EventQueue-ContainerReportForContainerReportHandler] WARN  container.ContainerReportHandler (AbstractContainerReportHandler.java:updateContainerState(145)) - Container #1 is in OPEN state, but the datanode 9484238f-0427-4b0f-b3b9-a493ba149161{ip: 192.168.164.244, host: pr-hdds-1701-29n7p-3046025130, networkLocation: /default-rack, certSerialId: null} reports an CLOSED replica.
2019-10-25 05:33:44,198 [EventQueue-ContainerReportForContainerReportHandler] WARN  container.ContainerReportHandler (AbstractContainerReportHandler.java:updateContainerState(145)) - Container #1 is in OPEN state, but the datanode a05bcb01-8262-4b6c-960b-c3a46ef8bd63{ip: 192.168.164.244, host: pr-hdds-1701-29n7p-3046025130, networkLocation: /default-rack, certSerialId: null} reports an CLOSED replica.
2019-10-25 05:33:44,302 [EventQueue-ContainerReportForContainerReportHandler] WARN  container.ContainerReportHandler (AbstractContainerReportHandler.java:updateContainerState(145)) - Container #1 is in OPEN state, but the datanode 9484238f-0427-4b0f-b3b9-a493ba149161{ip: 192.168.164.244, host: pr-hdds-1701-29n7p-3046025130, networkLocation: /default-rack, certSerialId: null} reports an CLOSED replica.
2019-10-25 05:33:44,492 [BlockDeletingService#2] WARN  background.BlockDeletingService (BlockDeletingService.java:isDeletionAllowed(187)) - Close Container log Index 6 is not replicated across allthe servers in the pipeline 5e939ce8-5918-4d57-a2cf-b84bba7d09ac as the min replicated index is 4. Deletion is not allowed in this container yet.
2019-10-25 05:33:44,492 [BlockDeletingService#2] WARN  background.BlockDeletingService (BlockDeletingService.java:isDeletionAllowed(187)) - Close Container log Index 6 is not replicated across allthe servers in the pipeline 5e939ce8-5918-4d57-a2cf-b84bba7d09ac as the min replicated index is 4. Deletion is not allowed in this container yet.
2019-10-25 05:33:44,597 [EventQueue-ContainerReportForContainerReportHandler] WARN  container.ContainerReportHandler (AbstractContainerReportHandler.java:updateContainerState(145)) - Container #1 is in OPEN state, but the datanode a05bcb01-8262-4b6c-960b-c3a46ef8bd63{ip: 192.168.164.244, host: pr-hdds-1701-29n7p-3046025130, networkLocation: /default-rack, certSerialId: null} reports an CLOSED replica.
2019-10-25 05:33:44,702 [EventQueue-ContainerReportForContainerReportHandler] WARN  container.ContainerReportHandler (AbstractContainerReportHandler.java:updateContainerState(145)) - Container #1 is in OPEN state, but the datanode 9484238f-0427-4b0f-b3b9-a493ba149161{ip: 192.168.164.244, host: pr-hdds-1701-29n7p-3046025130, networkLocation: /default-rack, certSerialId: null} reports an CLOSED replica.
2019-10-25 05:33:44,717 [java.util.concurrent.ThreadPoolExecutor$Worker@b00648b[State = -1, empty queue]] WARN  server.GrpcLogAppender (GrpcLogAppender.java:timeoutAppendRequest(209)) - a05bcb01-8262-4b6c-960b-c3a46ef8bd63@group-B84BBA7D09AC->4ce8dd57-9997-4466-b69c-bdc1e0ed84f6-GrpcLogAppender: appendEntries Timeout, request=a05bcb01-8262-4b6c-960b-c3a46ef8bd63->4ce8dd57-9997-4466-b69c-bdc1e0ed84f6#44-t1, previous=(t:1, i:10), leaderCommit=10, initializing? false, entries: <empty>
2019-10-25 05:33:44,796 [EventQueue-ContainerReportForContainerReportHandler] WARN  container.ContainerReportHandler (AbstractContainerReportHandler.java:updateContainerState(145)) - Container #1 is in OPEN state, but the datanode a05bcb01-8262-4b6c-960b-c3a46ef8bd63{ip: 192.168.164.244, host: pr-hdds-1701-29n7p-3046025130, networkLocation: /default-rack, certSerialId: null} reports an CLOSED replica.
2019-10-25 05:33:44,903 [EventQueue-ContainerReportForContainerReportHandler] WARN  container.ContainerReportHandler (AbstractContainerReportHandler.java:updateContainerState(145)) - Container #1 is in OPEN state, but the datanode 9484238f-0427-4b0f-b3b9-a493ba149161{ip: 192.168.164.244, host: pr-hdds-1701-29n7p-3046025130, networkLocation: /default-rack, certSerialId: null} reports an CLOSED replica.
2019-10-25 05:33:45,097 [EventQueue-ContainerReportForContainerReportHandler] WARN  container.ContainerReportHandler (AbstractContainerReportHandler.java:updateContainerState(145)) - Container #1 is in OPEN state, but the datanode a05bcb01-8262-4b6c-960b-c3a46ef8bd63{ip: 192.168.164.244, host: pr-hdds-1701-29n7p-3046025130, networkLocation: /default-rack, certSerialId: null} reports an CLOSED replica.
2019-10-25 05:33:45,303 [EventQueue-ContainerReportForContainerReportHandler] WARN  container.ContainerReportHandler (AbstractContainerReportHandler.java:updateContainerState(145)) - Container #1 is in OPEN state, but the datanode 9484238f-0427-4b0f-b3b9-a493ba149161{ip: 192.168.164.244, host: pr-hdds-1701-29n7p-3046025130, networkLocation: /default-rack, certSerialId: null} reports an CLOSED replica.
2019-10-25 05:33:45,493 [BlockDeletingService#2] WARN  background.BlockDeletingService (BlockDeletingService.java:isDeletionAllowed(187)) - Close Container log Index 6 is not replicated across allthe servers in the pipeline 5e939ce8-5918-4d57-a2cf-b84bba7d09ac as the min replicated index is 4. Deletion is not allowed in this container yet.
2019-10-25 05:33:45,493 [BlockDeletingService#2] WARN  background.BlockDeletingService (BlockDeletingService.java:isDeletionAllowed(187)) - Close Container log Index 6 is not replicated across allthe servers in the pipeline 5e939ce8-5918-4d57-a2cf-b84bba7d09ac as the min replicated index is 4. Deletion is not allowed in this container yet.
2019-10-25 05:33:45,497 [EventQueue-ContainerReportForContainerReportHandler] WARN  container.ContainerReportHandler (AbstractContainerReportHandler.java:updateContainerState(145)) - Container #1 is in OPEN state, but the datanode a05bcb01-8262-4b6c-960b-c3a46ef8bd63{ip: 192.168.164.244, host: pr-hdds-1701-29n7p-3046025130, networkLocation: /default-rack, certSerialId: null} reports an CLOSED replica.
2019-10-25 05:33:45,603 [EventQueue-ContainerReportForContainerReportHandler] WARN  container.ContainerReportHandler (AbstractContainerReportHandler.java:updateContainerState(145)) - Container #1 is in OPEN state, but the datanode 9484238f-0427-4b0f-b3b9-a493ba149161{ip: 192.168.164.244, host: pr-hdds-1701-29n7p-3046025130, networkLocation: /default-rack, certSerialId: null} reports an CLOSED replica.
2019-10-25 05:33:45,798 [EventQueue-ContainerReportForContainerReportHandler] WARN  container.ContainerReportHandler (AbstractContainerReportHandler.java:updateContainerState(145)) - Container #1 is in OPEN state, but the datanode a05bcb01-8262-4b6c-960b-c3a46ef8bd63{ip: 192.168.164.244, host: pr-hdds-1701-29n7p-3046025130, networkLocation: /default-rack, certSerialId: null} reports an CLOSED replica.
2019-10-25 05:33:45,805 [EventQueue-ContainerReportForContainerReportHandler] WARN  container.ContainerReportHandler (AbstractContainerReportHandler.java:updateContainerState(145)) - Container #1 is in OPEN state, but the datanode 9484238f-0427-4b0f-b3b9-a493ba149161{ip: 192.168.164.244, host: pr-hdds-1701-29n7p-3046025130, networkLocation: /default-rack, certSerialId: null} reports an CLOSED replica.
2019-10-25 05:33:46,105 [EventQueue-ContainerReportForContainerReportHandler] WARN  container.ContainerReportHandler (AbstractContainerReportHandler.java:updateContainerState(145)) - Container #1 is in OPEN state, but the datanode 9484238f-0427-4b0f-b3b9-a493ba149161{ip: 192.168.164.244, host: pr-hdds-1701-29n7p-3046025130, networkLocation: /default-rack, certSerialId: null} reports an CLOSED replica.
2019-10-25 05:33:46,201 [EventQueue-ContainerReportForContainerReportHandler] WARN  container.ContainerReportHandler (AbstractContainerReportHandler.java:updateContainerState(145)) - Container #1 is in OPEN state, but the datanode a05bcb01-8262-4b6c-960b-c3a46ef8bd63{ip: 192.168.164.244, host: pr-hdds-1701-29n7p-3046025130, networkLocation: /default-rack, certSerialId: null} reports an CLOSED replica.
2019-10-25 05:33:46,404 [EventQueue-ContainerReportForContainerReportHandler] WARN  container.ContainerReportHandler (AbstractContainerReportHandler.java:updateContainerState(145)) - Container #1 is in OPEN state, but the datanode 9484238f-0427-4b0f-b3b9-a493ba149161{ip: 192.168.164.244, host: pr-hdds-1701-29n7p-3046025130, networkLocation: /default-rack, certSerialId: null} reports an CLOSED replica.
2019-10-25 05:33:46,497 [BlockDeletingService#2] WARN  background.BlockDeletingService (BlockDeletingService.java:isDeletionAllowed(187)) - Close Container log Index 6 is not replicated across allthe servers in the pipeline 5e939ce8-5918-4d57-a2cf-b84bba7d09ac as the min replicated index is 4. Deletion is not allowed in this container yet.
2019-10-25 05:33:46,497 [BlockDeletingService#2] WARN  background.BlockDeletingService (BlockDeletingService.java:isDeletionAllowed(187)) - Close Container log Index 6 is not replicated across allthe servers in the pipeline 5e939ce8-5918-4d57-a2cf-b84bba7d09ac as the min replicated index is 4. Deletion is not allowed in this container yet.
2019-10-25 05:33:46,500 [EventQueue-ContainerReportForContainerReportHandler] WARN  container.ContainerReportHandler (AbstractContainerReportHandler.java:updateContainerState(145)) - Container #1 is in OPEN state, but the datanode a05bcb01-8262-4b6c-960b-c3a46ef8bd63{ip: 192.168.164.244, host: pr-hdds-1701-29n7p-3046025130, networkLocation: /default-rack, certSerialId: null} reports an CLOSED replica.
2019-10-25 05:33:46,700 [EventQueue-ContainerReportForContainerReportHandler] WARN  container.ContainerReportHandler (AbstractContainerReportHandler.java:updateContainerState(145)) - Container #1 is in OPEN state, but the datanode a05bcb01-8262-4b6c-960b-c3a46ef8bd63{ip: 192.168.164.244, host: pr-hdds-1701-29n7p-3046025130, networkLocation: /default-rack, certSerialId: null} reports an CLOSED replica.
2019-10-25 05:33:46,705 [EventQueue-ContainerReportForContainerReportHandler] WARN  container.ContainerReportHandler (AbstractContainerReportHandler.java:updateContainerState(145)) - Container #1 is in OPEN state, but the datanode 9484238f-0427-4b0f-b3b9-a493ba149161{ip: 192.168.164.244, host: pr-hdds-1701-29n7p-3046025130, networkLocation: /default-rack, certSerialId: null} reports an CLOSED replica.
2019-10-25 05:33:46,901 [EventQueue-ContainerReportForContainerReportHandler] WARN  container.ContainerReportHandler (AbstractContainerReportHandler.java:updateContainerState(145)) - Container #1 is in OPEN state, but the datanode a05bcb01-8262-4b6c-960b-c3a46ef8bd63{ip: 192.168.164.244, host: pr-hdds-1701-29n7p-3046025130, networkLocation: /default-rack, certSerialId: null} reports an CLOSED replica.
2019-10-25 05:33:47,005 [EventQueue-ContainerReportForContainerReportHandler] WARN  container.ContainerReportHandler (AbstractContainerReportHandler.java:updateContainerState(145)) - Container #1 is in OPEN state, but the datanode 9484238f-0427-4b0f-b3b9-a493ba149161{ip: 192.168.164.244, host: pr-hdds-1701-29n7p-3046025130, networkLocation: /default-rack, certSerialId: null} reports an CLOSED replica.
2019-10-25 05:33:47,200 [EventQueue-ContainerReportForContainerReportHandler] WARN  container.ContainerReportHandler (AbstractContainerReportHandler.java:updateContainerState(145)) - Container #1 is in OPEN state, but the datanode a05bcb01-8262-4b6c-960b-c3a46ef8bd63{ip: 192.168.164.244, host: pr-hdds-1701-29n7p-3046025130, networkLocation: /default-rack, certSerialId: null} reports an CLOSED replica.
2019-10-25 05:33:47,220 [java.util.concurrent.ThreadPoolExecutor$Worker@b00648b[State = -1, empty queue]] WARN  server.GrpcLogAppender (GrpcLogAppender.java:timeoutAppendRequest(209)) - a05bcb01-8262-4b6c-960b-c3a46ef8bd63@group-B84BBA7D09AC->4ce8dd57-9997-4466-b69c-bdc1e0ed84f6-GrpcLogAppender: appendEntries Timeout, request=a05bcb01-8262-4b6c-960b-c3a46ef8bd63->4ce8dd57-9997-4466-b69c-bdc1e0ed84f6#45-t1, previous=(t:1, i:10), leaderCommit=10, initializing? false, entries: <empty>
2019-10-25 05:33:47,307 [EventQueue-ContainerReportForContainerReportHandler] WARN  container.ContainerReportHandler (AbstractContainerReportHandler.java:updateContainerState(145)) - Container #1 is in OPEN state, but the datanode 9484238f-0427-4b0f-b3b9-a493ba149161{ip: 192.168.164.244, host: pr-hdds-1701-29n7p-3046025130, networkLocation: /default-rack, certSerialId: null} reports an CLOSED replica.
2019-10-25 05:33:47,401 [EventQueue-ContainerReportForContainerReportHandler] WARN  container.ContainerReportHandler (AbstractContainerReportHandler.java:updateContainerState(145)) - Container #1 is in OPEN state, but the datanode a05bcb01-8262-4b6c-960b-c3a46ef8bd63{ip: 192.168.164.244, host: pr-hdds-1701-29n7p-3046025130, networkLocation: /default-rack, certSerialId: null} reports an CLOSED replica.
2019-10-25 05:33:47,499 [BlockDeletingService#2] WARN  background.BlockDeletingService (BlockDeletingService.java:isDeletionAllowed(187)) - Close Container log Index 6 is not replicated across allthe servers in the pipeline 5e939ce8-5918-4d57-a2cf-b84bba7d09ac as the min replicated index is 4. Deletion is not allowed in this container yet.
2019-10-25 05:33:47,499 [BlockDeletingService#2] WARN  background.BlockDeletingService (BlockDeletingService.java:isDeletionAllowed(187)) - Close Container log Index 6 is not replicated across allthe servers in the pipeline 5e939ce8-5918-4d57-a2cf-b84bba7d09ac as the min replicated index is 4. Deletion is not allowed in this container yet.
2019-10-25 05:33:47,606 [EventQueue-ContainerReportForContainerReportHandler] WARN  container.ContainerReportHandler (AbstractContainerReportHandler.java:updateContainerState(145)) - Container #1 is in OPEN state, but the datanode 9484238f-0427-4b0f-b3b9-a493ba149161{ip: 192.168.164.244, host: pr-hdds-1701-29n7p-3046025130, networkLocation: /default-rack, certSerialId: null} reports an CLOSED replica.
2019-10-25 05:33:47,801 [EventQueue-ContainerReportForContainerReportHandler] WARN  container.ContainerReportHandler (AbstractContainerReportHandler.java:updateContainerState(145)) - Container #1 is in OPEN state, but the datanode a05bcb01-8262-4b6c-960b-c3a46ef8bd63{ip: 192.168.164.244, host: pr-hdds-1701-29n7p-3046025130, networkLocation: /default-rack, certSerialId: null} reports an CLOSED replica.
2019-10-25 05:33:47,907 [EventQueue-ContainerReportForContainerReportHandler] WARN  container.ContainerReportHandler (AbstractContainerReportHandler.java:updateContainerState(145)) - Container #1 is in OPEN state, but the datanode 9484238f-0427-4b0f-b3b9-a493ba149161{ip: 192.168.164.244, host: pr-hdds-1701-29n7p-3046025130, networkLocation: /default-rack, certSerialId: null} reports an CLOSED replica.
2019-10-25 05:33:48,101 [EventQueue-ContainerReportForContainerReportHandler] WARN  container.ContainerReportHandler (AbstractContainerReportHandler.java:updateContainerState(145)) - Container #1 is in OPEN state, but the datanode a05bcb01-8262-4b6c-960b-c3a46ef8bd63{ip: 192.168.164.244, host: pr-hdds-1701-29n7p-3046025130, networkLocation: /default-rack, certSerialId: null} reports an CLOSED replica.
2019-10-25 05:33:48,207 [EventQueue-ContainerReportForContainerReportHandler] WARN  container.ContainerReportHandler (AbstractContainerReportHandler.java:updateContainerState(145)) - Container #1 is in OPEN state, but the datanode 9484238f-0427-4b0f-b3b9-a493ba149161{ip: 192.168.164.244, host: pr-hdds-1701-29n7p-3046025130, networkLocation: /default-rack, certSerialId: null} reports an CLOSED replica.
2019-10-25 05:33:48,301 [EventQueue-ContainerReportForContainerReportHandler] WARN  container.ContainerReportHandler (AbstractContainerReportHandler.java:updateContainerState(145)) - Container #1 is in OPEN state, but the datanode a05bcb01-8262-4b6c-960b-c3a46ef8bd63{ip: 192.168.164.244, host: pr-hdds-1701-29n7p-3046025130, networkLocation: /default-rack, certSerialId: null} reports an CLOSED replica.
2019-10-25 05:33:48,500 [BlockDeletingService#2] WARN  background.BlockDeletingService (BlockDeletingService.java:isDeletionAllowed(187)) - Close Container log Index 6 is not replicated across allthe servers in the pipeline 5e939ce8-5918-4d57-a2cf-b84bba7d09ac as the min replicated index is 4. Deletion is not allowed in this container yet.
2019-10-25 05:33:48,500 [BlockDeletingService#2] WARN  background.BlockDeletingService (BlockDeletingService.java:isDeletionAllowed(187)) - Close Container log Index 6 is not replicated across allthe servers in the pipeline 5e939ce8-5918-4d57-a2cf-b84bba7d09ac as the min replicated index is 4. Deletion is not allowed in this container yet.
2019-10-25 05:33:48,601 [EventQueue-ContainerReportForContainerReportHandler] WARN  container.ContainerReportHandler (AbstractContainerReportHandler.java:updateContainerState(145)) - Container #1 is in OPEN state, but the datanode a05bcb01-8262-4b6c-960b-c3a46ef8bd63{ip: 192.168.164.244, host: pr-hdds-1701-29n7p-3046025130, networkLocation: /default-rack, certSerialId: null} reports an CLOSED replica.
2019-10-25 05:33:48,606 [EventQueue-ContainerReportForContainerReportHandler] WARN  container.ContainerReportHandler (AbstractContainerReportHandler.java:updateContainerState(145)) - Container #1 is in OPEN state, but the datanode 9484238f-0427-4b0f-b3b9-a493ba149161{ip: 192.168.164.244, host: pr-hdds-1701-29n7p-3046025130, networkLocation: /default-rack, certSerialId: null} reports an CLOSED replica.
2019-10-25 05:33:49,002 [EventQueue-ContainerReportForContainerReportHandler] WARN  container.ContainerReportHandler (AbstractContainerReportHandler.java:updateContainerState(145)) - Container #1 is in OPEN state, but the datanode a05bcb01-8262-4b6c-960b-c3a46ef8bd63{ip: 192.168.164.244, host: pr-hdds-1701-29n7p-3046025130, networkLocation: /default-rack, certSerialId: null} reports an CLOSED replica.
2019-10-25 05:33:49,008 [EventQueue-ContainerReportForContainerReportHandler] WARN  container.ContainerReportHandler (AbstractContainerReportHandler.java:updateContainerState(145)) - Container #1 is in OPEN state, but the datanode 9484238f-0427-4b0f-b3b9-a493ba149161{ip: 192.168.164.244, host: pr-hdds-1701-29n7p-3046025130, networkLocation: /default-rack, certSerialId: null} reports an CLOSED replica.
2019-10-25 05:33:49,302 [EventQueue-ContainerReportForContainerReportHandler] WARN  container.ContainerReportHandler (AbstractContainerReportHandler.java:updateContainerState(145)) - Container #1 is in OPEN state, but the datanode a05bcb01-8262-4b6c-960b-c3a46ef8bd63{ip: 192.168.164.244, host: pr-hdds-1701-29n7p-3046025130, networkLocation: /default-rack, certSerialId: null} reports an CLOSED replica.
2019-10-25 05:33:49,371 [Thread-488] INFO  client.GrpcClientProtocolService (GrpcClientProtocolService.java:lambda$processClientRequest$0(279)) - Failed RaftClientRequest:client-B1E3923C01C0->9484238f-0427-4b0f-b3b9-a493ba149161@group-B84BBA7D09AC, cid=10, seq=0, Watch-ALL_COMMITTED(6), Message:<EMPTY>, reply=RaftClientReply:client-B1E3923C01C0->9484238f-0427-4b0f-b3b9-a493ba149161@group-B84BBA7D09AC, cid=10, FAILED org.apache.ratis.protocol.NotLeaderException: Server 9484238f-0427-4b0f-b3b9-a493ba149161@group-B84BBA7D09AC is not the leader a05bcb01-8262-4b6c-960b-c3a46ef8bd63:192.168.164.244:44076, logIndex=0, commits[9484238f-0427-4b0f-b3b9-a493ba149161:c10, a05bcb01-8262-4b6c-960b-c3a46ef8bd63:c10, 4ce8dd57-9997-4466-b69c-bdc1e0ed84f6:c4]
2019-10-25 05:33:49,407 [EventQueue-ContainerReportForContainerReportHandler] WARN  container.ContainerReportHandler (AbstractContainerReportHandler.java:updateContainerState(145)) - Container #1 is in OPEN state, but the datanode 9484238f-0427-4b0f-b3b9-a493ba149161{ip: 192.168.164.244, host: pr-hdds-1701-29n7p-3046025130, networkLocation: /default-rack, certSerialId: null} reports an CLOSED replica.
2019-10-25 05:33:49,502 [BlockDeletingService#2] WARN  background.BlockDeletingService (BlockDeletingService.java:isDeletionAllowed(187)) - Close Container log Index 6 is not replicated across allthe servers in the pipeline 5e939ce8-5918-4d57-a2cf-b84bba7d09ac as the min replicated index is 4. Deletion is not allowed in this container yet.
2019-10-25 05:33:49,502 [BlockDeletingService#2] WARN  background.BlockDeletingService (BlockDeletingService.java:isDeletionAllowed(187)) - Close Container log Index 6 is not replicated across allthe servers in the pipeline 5e939ce8-5918-4d57-a2cf-b84bba7d09ac as the min replicated index is 4. Deletion is not allowed in this container yet.
2019-10-25 05:33:49,705 [EventQueue-ContainerReportForContainerReportHandler] WARN  container.ContainerReportHandler (AbstractContainerReportHandler.java:updateContainerState(145)) - Container #1 is in OPEN state, but the datanode a05bcb01-8262-4b6c-960b-c3a46ef8bd63{ip: 192.168.164.244, host: pr-hdds-1701-29n7p-3046025130, networkLocation: /default-rack, certSerialId: null} reports an CLOSED replica.
2019-10-25 05:33:49,708 [EventQueue-ContainerReportForContainerReportHandler] WARN  container.ContainerReportHandler (AbstractContainerReportHandler.java:updateContainerState(145)) - Container #1 is in OPEN state, but the datanode 9484238f-0427-4b0f-b3b9-a493ba149161{ip: 192.168.164.244, host: pr-hdds-1701-29n7p-3046025130, networkLocation: /default-rack, certSerialId: null} reports an CLOSED replica.
2019-10-25 05:33:49,723 [java.util.concurrent.ThreadPoolExecutor$Worker@b00648b[State = -1, empty queue]] WARN  server.GrpcLogAppender (GrpcLogAppender.java:timeoutAppendRequest(209)) - a05bcb01-8262-4b6c-960b-c3a46ef8bd63@group-B84BBA7D09AC->4ce8dd57-9997-4466-b69c-bdc1e0ed84f6-GrpcLogAppender: appendEntries Timeout, request=a05bcb01-8262-4b6c-960b-c3a46ef8bd63->4ce8dd57-9997-4466-b69c-bdc1e0ed84f6#46-t1, previous=(t:1, i:10), leaderCommit=10, initializing? false, entries: <empty>
2019-10-25 05:33:50,005 [EventQueue-ContainerReportForContainerReportHandler] WARN  container.ContainerReportHandler (AbstractContainerReportHandler.java:updateContainerState(145)) - Container #1 is in OPEN state, but the datanode a05bcb01-8262-4b6c-960b-c3a46ef8bd63{ip: 192.168.164.244, host: pr-hdds-1701-29n7p-3046025130, networkLocation: /default-rack, certSerialId: null} reports an CLOSED replica.
2019-10-25 05:33:50,010 [EventQueue-ContainerReportForContainerReportHandler] WARN  container.ContainerReportHandler (AbstractContainerReportHandler.java:updateContainerState(145)) - Container #1 is in OPEN state, but the datanode 9484238f-0427-4b0f-b3b9-a493ba149161{ip: 192.168.164.244, host: pr-hdds-1701-29n7p-3046025130, networkLocation: /default-rack, certSerialId: null} reports an CLOSED replica.
2019-10-25 05:33:50,205 [EventQueue-ContainerReportForContainerReportHandler] WARN  container.ContainerReportHandler (AbstractContainerReportHandler.java:updateContainerState(145)) - Container #1 is in OPEN state, but the datanode a05bcb01-8262-4b6c-960b-c3a46ef8bd63{ip: 192.168.164.244, host: pr-hdds-1701-29n7p-3046025130, networkLocation: /default-rack, certSerialId: null} reports an CLOSED replica.
2019-10-25 05:33:50,209 [EventQueue-ContainerReportForContainerReportHandler] WARN  container.ContainerReportHandler (AbstractContainerReportHandler.java:updateContainerState(145)) - Container #1 is in OPEN state, but the datanode 9484238f-0427-4b0f-b3b9-a493ba149161{ip: 192.168.164.244, host: pr-hdds-1701-29n7p-3046025130, networkLocation: /default-rack, certSerialId: null} reports an CLOSED replica.
2019-10-25 05:33:50,506 [BlockDeletingService#2] WARN  background.BlockDeletingService (BlockDeletingService.java:isDeletionAllowed(187)) - Close Container log Index 6 is not replicated across allthe servers in the pipeline 5e939ce8-5918-4d57-a2cf-b84bba7d09ac as the min replicated index is 4. Deletion is not allowed in this container yet.
2019-10-25 05:33:50,506 [BlockDeletingService#2] WARN  background.BlockDeletingService (BlockDeletingService.java:isDeletionAllowed(187)) - Close Container log Index 6 is not replicated across allthe servers in the pipeline 5e939ce8-5918-4d57-a2cf-b84bba7d09ac as the min replicated index is 4. Deletion is not allowed in this container yet.
2019-10-25 05:33:50,607 [EventQueue-ContainerReportForContainerReportHandler] WARN  container.ContainerReportHandler (AbstractContainerReportHandler.java:updateContainerState(145)) - Container #1 is in OPEN state, but the datanode a05bcb01-8262-4b6c-960b-c3a46ef8bd63{ip: 192.168.164.244, host: pr-hdds-1701-29n7p-3046025130, networkLocation: /default-rack, certSerialId: null} reports an CLOSED replica.
2019-10-25 05:33:50,609 [EventQueue-ContainerReportForContainerReportHandler] WARN  container.ContainerReportHandler (AbstractContainerReportHandler.java:updateContainerState(145)) - Container #1 is in OPEN state, but the datanode 9484238f-0427-4b0f-b3b9-a493ba149161{ip: 192.168.164.244, host: pr-hdds-1701-29n7p-3046025130, networkLocation: /default-rack, certSerialId: null} reports an CLOSED replica.
2019-10-25 05:33:50,682 [Thread-495] INFO  client.GrpcClientProtocolService (GrpcClientProtocolService.java:lambda$processClientRequest$0(279)) - Failed RaftClientRequest:client-B1E3923C01C0->a05bcb01-8262-4b6c-960b-c3a46ef8bd63@group-B84BBA7D09AC, cid=10, seq=0, Watch-ALL_COMMITTED(6), Message:<EMPTY>, reply=RaftClientReply:client-B1E3923C01C0->a05bcb01-8262-4b6c-960b-c3a46ef8bd63@group-B84BBA7D09AC, cid=10, FAILED org.apache.ratis.protocol.NotReplicatedException: Request with call Id 10 and log index 6 is not yet replicated to ALL_COMMITTED, logIndex=6, commits[a05bcb01-8262-4b6c-960b-c3a46ef8bd63:c10, 4ce8dd57-9997-4466-b69c-bdc1e0ed84f6:c4, 9484238f-0427-4b0f-b3b9-a493ba149161:c10]
2019-10-25 05:33:50,907 [EventQueue-ContainerReportForContainerReportHandler] WARN  container.ContainerReportHandler (AbstractContainerReportHandler.java:updateContainerState(145)) - Container #1 is in OPEN state, but the datanode a05bcb01-8262-4b6c-960b-c3a46ef8bd63{ip: 192.168.164.244, host: pr-hdds-1701-29n7p-3046025130, networkLocation: /default-rack, certSerialId: null} reports an CLOSED replica.
2019-10-25 05:33:50,910 [EventQueue-ContainerReportForContainerReportHandler] WARN  container.ContainerReportHandler (AbstractContainerReportHandler.java:updateContainerState(145)) - Container #1 is in OPEN state, but the datanode 9484238f-0427-4b0f-b3b9-a493ba149161{ip: 192.168.164.244, host: pr-hdds-1701-29n7p-3046025130, networkLocation: /default-rack, certSerialId: null} reports an CLOSED replica.
2019-10-25 05:33:51,208 [EventQueue-ContainerReportForContainerReportHandler] WARN  container.ContainerReportHandler (AbstractContainerReportHandler.java:updateContainerState(145)) - Container #1 is in OPEN state, but the datanode a05bcb01-8262-4b6c-960b-c3a46ef8bd63{ip: 192.168.164.244, host: pr-hdds-1701-29n7p-3046025130, networkLocation: /default-rack, certSerialId: null} reports an CLOSED replica.
2019-10-25 05:33:51,209 [EventQueue-ContainerReportForContainerReportHandler] WARN  container.ContainerReportHandler (AbstractContainerReportHandler.java:updateContainerState(145)) - Container #1 is in OPEN state, but the datanode 9484238f-0427-4b0f-b3b9-a493ba149161{ip: 192.168.164.244, host: pr-hdds-1701-29n7p-3046025130, networkLocation: /default-rack, certSerialId: null} reports an CLOSED replica.
2019-10-25 05:33:51,409 [EventQueue-ContainerReportForContainerReportHandler] WARN  container.ContainerReportHandler (AbstractContainerReportHandler.java:updateContainerState(145)) - Container #1 is in OPEN state, but the datanode a05bcb01-8262-4b6c-960b-c3a46ef8bd63{ip: 192.168.164.244, host: pr-hdds-1701-29n7p-3046025130, networkLocation: /default-rack, certSerialId: null} reports an CLOSED replica.
2019-10-25 05:33:51,507 [BlockDeletingService#2] WARN  background.BlockDeletingService (BlockDeletingService.java:isDeletionAllowed(187)) - Close Container log Index 6 is not replicated across allthe servers in the pipeline 5e939ce8-5918-4d57-a2cf-b84bba7d09ac as the min replicated index is 4. Deletion is not allowed in this container yet.
2019-10-25 05:33:51,509 [BlockDeletingService#2] WARN  background.BlockDeletingService (BlockDeletingService.java:isDeletionAllowed(187)) - Close Container log Index 6 is not replicated across allthe servers in the pipeline 5e939ce8-5918-4d57-a2cf-b84bba7d09ac as the min replicated index is 4. Deletion is not allowed in this container yet.
2019-10-25 05:33:51,610 [EventQueue-ContainerReportForContainerReportHandler] WARN  container.ContainerReportHandler (AbstractContainerReportHandler.java:updateContainerState(145)) - Container #1 is in OPEN state, but the datanode a05bcb01-8262-4b6c-960b-c3a46ef8bd63{ip: 192.168.164.244, host: pr-hdds-1701-29n7p-3046025130, networkLocation: /default-rack, certSerialId: null} reports an CLOSED replica.
2019-10-25 05:33:51,610 [EventQueue-ContainerReportForContainerReportHandler] WARN  container.ContainerReportHandler (AbstractContainerReportHandler.java:updateContainerState(145)) - Container #1 is in OPEN state, but the datanode 9484238f-0427-4b0f-b3b9-a493ba149161{ip: 192.168.164.244, host: pr-hdds-1701-29n7p-3046025130, networkLocation: /default-rack, certSerialId: null} reports an CLOSED replica.
2019-10-25 05:33:51,810 [EventQueue-ContainerReportForContainerReportHandler] WARN  container.ContainerReportHandler (AbstractContainerReportHandler.java:updateContainerState(145)) - Container #1 is in OPEN state, but the datanode a05bcb01-8262-4b6c-960b-c3a46ef8bd63{ip: 192.168.164.244, host: pr-hdds-1701-29n7p-3046025130, networkLocation: /default-rack, certSerialId: null} reports an CLOSED replica.
2019-10-25 05:33:51,911 [EventQueue-ContainerReportForContainerReportHandler] WARN  container.ContainerReportHandler (AbstractContainerReportHandler.java:updateContainerState(145)) - Container #1 is in OPEN state, but the datanode 9484238f-0427-4b0f-b3b9-a493ba149161{ip: 192.168.164.244, host: pr-hdds-1701-29n7p-3046025130, networkLocation: /default-rack, certSerialId: null} reports an CLOSED replica.
2019-10-25 05:33:52,110 [EventQueue-ContainerReportForContainerReportHandler] WARN  container.ContainerReportHandler (AbstractContainerReportHandler.java:updateContainerState(145)) - Container #1 is in OPEN state, but the datanode a05bcb01-8262-4b6c-960b-c3a46ef8bd63{ip: 192.168.164.244, host: pr-hdds-1701-29n7p-3046025130, networkLocation: /default-rack, certSerialId: null} reports an CLOSED replica.
2019-10-25 05:33:52,210 [EventQueue-ContainerReportForContainerReportHandler] WARN  container.ContainerReportHandler (AbstractContainerReportHandler.java:updateContainerState(145)) - Container #1 is in OPEN state, but the datanode 9484238f-0427-4b0f-b3b9-a493ba149161{ip: 192.168.164.244, host: pr-hdds-1701-29n7p-3046025130, networkLocation: /default-rack, certSerialId: null} reports an CLOSED replica.
2019-10-25 05:33:52,224 [java.util.concurrent.ThreadPoolExecutor$Worker@b00648b[State = -1, empty queue]] WARN  server.GrpcLogAppender (GrpcLogAppender.java:timeoutAppendRequest(209)) - a05bcb01-8262-4b6c-960b-c3a46ef8bd63@group-B84BBA7D09AC->4ce8dd57-9997-4466-b69c-bdc1e0ed84f6-GrpcLogAppender: appendEntries Timeout, request=a05bcb01-8262-4b6c-960b-c3a46ef8bd63->4ce8dd57-9997-4466-b69c-bdc1e0ed84f6#47-t1, previous=(t:1, i:10), leaderCommit=10, initializing? false, entries: <empty>
2019-10-25 05:33:52,510 [BlockDeletingService#2] WARN  background.BlockDeletingService (BlockDeletingService.java:isDeletionAllowed(187)) - Close Container log Index 6 is not replicated across allthe servers in the pipeline 5e939ce8-5918-4d57-a2cf-b84bba7d09ac as the min replicated index is 4. Deletion is not allowed in this container yet.
2019-10-25 05:33:52,511 [EventQueue-ContainerReportForContainerReportHandler] WARN  container.ContainerReportHandler (AbstractContainerReportHandler.java:updateContainerState(145)) - Container #1 is in OPEN state, but the datanode 9484238f-0427-4b0f-b3b9-a493ba149161{ip: 192.168.164.244, host: pr-hdds-1701-29n7p-3046025130, networkLocation: /default-rack, certSerialId: null} reports an CLOSED replica.
2019-10-25 05:33:52,511 [BlockDeletingService#2] WARN  background.BlockDeletingService (BlockDeletingService.java:isDeletionAllowed(187)) - Close Container log Index 6 is not replicated across allthe servers in the pipeline 5e939ce8-5918-4d57-a2cf-b84bba7d09ac as the min replicated index is 4. Deletion is not allowed in this container yet.
2019-10-25 05:33:52,511 [EventQueue-ContainerReportForContainerReportHandler] WARN  container.ContainerReportHandler (AbstractContainerReportHandler.java:updateContainerState(145)) - Container #1 is in OPEN state, but the datanode a05bcb01-8262-4b6c-960b-c3a46ef8bd63{ip: 192.168.164.244, host: pr-hdds-1701-29n7p-3046025130, networkLocation: /default-rack, certSerialId: null} reports an CLOSED replica.
2019-10-25 05:33:52,811 [EventQueue-ContainerReportForContainerReportHandler] WARN  container.ContainerReportHandler (AbstractContainerReportHandler.java:updateContainerState(145)) - Container #1 is in OPEN state, but the datanode a05bcb01-8262-4b6c-960b-c3a46ef8bd63{ip: 192.168.164.244, host: pr-hdds-1701-29n7p-3046025130, networkLocation: /default-rack, certSerialId: null} reports an CLOSED replica.
2019-10-25 05:33:52,912 [EventQueue-ContainerReportForContainerReportHandler] WARN  container.ContainerReportHandler (AbstractContainerReportHandler.java:updateContainerState(145)) - Container #1 is in OPEN state, but the datanode 9484238f-0427-4b0f-b3b9-a493ba149161{ip: 192.168.164.244, host: pr-hdds-1701-29n7p-3046025130, networkLocation: /default-rack, certSerialId: null} reports an CLOSED replica.
2019-10-25 05:33:53,112 [EventQueue-ContainerReportForContainerReportHandler] WARN  container.ContainerReportHandler (AbstractContainerReportHandler.java:updateContainerState(145)) - Container #1 is in OPEN state, but the datanode a05bcb01-8262-4b6c-960b-c3a46ef8bd63{ip: 192.168.164.244, host: pr-hdds-1701-29n7p-3046025130, networkLocation: /default-rack, certSerialId: null} reports an CLOSED replica.
2019-10-25 05:33:53,212 [EventQueue-ContainerReportForContainerReportHandler] WARN  container.ContainerReportHandler (AbstractContainerReportHandler.java:updateContainerState(145)) - Container #1 is in OPEN state, but the datanode 9484238f-0427-4b0f-b3b9-a493ba149161{ip: 192.168.164.244, host: pr-hdds-1701-29n7p-3046025130, networkLocation: /default-rack, certSerialId: null} reports an CLOSED replica.
2019-10-25 05:33:53,413 [EventQueue-ContainerReportForContainerReportHandler] WARN  container.ContainerReportHandler (AbstractContainerReportHandler.java:updateContainerState(145)) - Container #1 is in OPEN state, but the datanode a05bcb01-8262-4b6c-960b-c3a46ef8bd63{ip: 192.168.164.244, host: pr-hdds-1701-29n7p-3046025130, networkLocation: /default-rack, certSerialId: null} reports an CLOSED replica.
2019-10-25 05:33:53,512 [EventQueue-ContainerReportForContainerReportHandler] WARN  container.ContainerReportHandler (AbstractContainerReportHandler.java:updateContainerState(145)) - Container #1 is in OPEN state, but the datanode 9484238f-0427-4b0f-b3b9-a493ba149161{ip: 192.168.164.244, host: pr-hdds-1701-29n7p-3046025130, networkLocation: /default-rack, certSerialId: null} reports an CLOSED replica.
2019-10-25 05:33:53,512 [BlockDeletingService#2] WARN  background.BlockDeletingService (BlockDeletingService.java:isDeletionAllowed(187)) - Close Container log Index 6 is not replicated across allthe servers in the pipeline 5e939ce8-5918-4d57-a2cf-b84bba7d09ac as the min replicated index is 4. Deletion is not allowed in this container yet.
2019-10-25 05:33:53,512 [BlockDeletingService#2] WARN  background.BlockDeletingService (BlockDeletingService.java:isDeletionAllowed(187)) - Close Container log Index 6 is not replicated across allthe servers in the pipeline 5e939ce8-5918-4d57-a2cf-b84bba7d09ac as the min replicated index is 4. Deletion is not allowed in this container yet.
2019-10-25 05:33:53,813 [EventQueue-ContainerReportForContainerReportHandler] WARN  container.ContainerReportHandler (AbstractContainerReportHandler.java:updateContainerState(145)) - Container #1 is in OPEN state, but the datanode 9484238f-0427-4b0f-b3b9-a493ba149161{ip: 192.168.164.244, host: pr-hdds-1701-29n7p-3046025130, networkLocation: /default-rack, certSerialId: null} reports an CLOSED replica.
2019-10-25 05:33:53,813 [EventQueue-ContainerReportForContainerReportHandler] WARN  container.ContainerReportHandler (AbstractContainerReportHandler.java:updateContainerState(145)) - Container #1 is in OPEN state, but the datanode a05bcb01-8262-4b6c-960b-c3a46ef8bd63{ip: 192.168.164.244, host: pr-hdds-1701-29n7p-3046025130, networkLocation: /default-rack, certSerialId: null} reports an CLOSED replica.
2019-10-25 05:33:54,113 [EventQueue-ContainerReportForContainerReportHandler] WARN  container.ContainerReportHandler (AbstractContainerReportHandler.java:updateContainerState(145)) - Container #1 is in OPEN state, but the datanode 9484238f-0427-4b0f-b3b9-a493ba149161{ip: 192.168.164.244, host: pr-hdds-1701-29n7p-3046025130, networkLocation: /default-rack, certSerialId: null} reports an CLOSED replica.
2019-10-25 05:33:54,114 [EventQueue-ContainerReportForContainerReportHandler] WARN  container.ContainerReportHandler (AbstractContainerReportHandler.java:updateContainerState(145)) - Container #1 is in OPEN state, but the datanode a05bcb01-8262-4b6c-960b-c3a46ef8bd63{ip: 192.168.164.244, host: pr-hdds-1701-29n7p-3046025130, networkLocation: /default-rack, certSerialId: null} reports an CLOSED replica.
2019-10-25 05:33:54,414 [EventQueue-ContainerReportForContainerReportHandler] WARN  container.ContainerReportHandler (AbstractContainerReportHandler.java:updateContainerState(145)) - Container #1 is in OPEN state, but the datanode a05bcb01-8262-4b6c-960b-c3a46ef8bd63{ip: 192.168.164.244, host: pr-hdds-1701-29n7p-3046025130, networkLocation: /default-rack, certSerialId: null} reports an CLOSED replica.
2019-10-25 05:33:54,414 [EventQueue-ContainerReportForContainerReportHandler] WARN  container.ContainerReportHandler (AbstractContainerReportHandler.java:updateContainerState(145)) - Container #1 is in OPEN state, but the datanode 9484238f-0427-4b0f-b3b9-a493ba149161{ip: 192.168.164.244, host: pr-hdds-1701-29n7p-3046025130, networkLocation: /default-rack, certSerialId: null} reports an CLOSED replica.
2019-10-25 05:33:54,514 [BlockDeletingService#2] WARN  background.BlockDeletingService (BlockDeletingService.java:isDeletionAllowed(187)) - Close Container log Index 6 is not replicated across allthe servers in the pipeline 5e939ce8-5918-4d57-a2cf-b84bba7d09ac as the min replicated index is 4. Deletion is not allowed in this container yet.
2019-10-25 05:33:54,514 [BlockDeletingService#2] WARN  background.BlockDeletingService (BlockDeletingService.java:isDeletionAllowed(187)) - Close Container log Index 6 is not replicated across allthe servers in the pipeline 5e939ce8-5918-4d57-a2cf-b84bba7d09ac as the min replicated index is 4. Deletion is not allowed in this container yet.
2019-10-25 05:33:54,614 [EventQueue-ContainerReportForContainerReportHandler] WARN  container.ContainerReportHandler (AbstractContainerReportHandler.java:updateContainerState(145)) - Container #1 is in OPEN state, but the datanode 9484238f-0427-4b0f-b3b9-a493ba149161{ip: 192.168.164.244, host: pr-hdds-1701-29n7p-3046025130, networkLocation: /default-rack, certSerialId: null} reports an CLOSED replica.
2019-10-25 05:33:54,614 [EventQueue-ContainerReportForContainerReportHandler] WARN  container.ContainerReportHandler (AbstractContainerReportHandler.java:updateContainerState(145)) - Container #1 is in OPEN state, but the datanode a05bcb01-8262-4b6c-960b-c3a46ef8bd63{ip: 192.168.164.244, host: pr-hdds-1701-29n7p-3046025130, networkLocation: /default-rack, certSerialId: null} reports an CLOSED replica.
2019-10-25 05:33:54,724 [java.util.concurrent.ThreadPoolExecutor$Worker@b00648b[State = -1, empty queue]] WARN  server.GrpcLogAppender (GrpcLogAppender.java:timeoutAppendRequest(209)) - a05bcb01-8262-4b6c-960b-c3a46ef8bd63@group-B84BBA7D09AC->4ce8dd57-9997-4466-b69c-bdc1e0ed84f6-GrpcLogAppender: appendEntries Timeout, request=a05bcb01-8262-4b6c-960b-c3a46ef8bd63->4ce8dd57-9997-4466-b69c-bdc1e0ed84f6#48-t1, previous=(t:1, i:10), leaderCommit=10, initializing? false, entries: <empty>
2019-10-25 05:33:54,914 [EventQueue-ContainerReportForContainerReportHandler] WARN  container.ContainerReportHandler (AbstractContainerReportHandler.java:updateContainerState(145)) - Container #1 is in OPEN state, but the datanode 9484238f-0427-4b0f-b3b9-a493ba149161{ip: 192.168.164.244, host: pr-hdds-1701-29n7p-3046025130, networkLocation: /default-rack, certSerialId: null} reports an CLOSED replica.
2019-10-25 05:33:55,014 [EventQueue-ContainerReportForContainerReportHandler] WARN  container.ContainerReportHandler (AbstractContainerReportHandler.java:updateContainerState(145)) - Container #1 is in OPEN state, but the datanode a05bcb01-8262-4b6c-960b-c3a46ef8bd63{ip: 192.168.164.244, host: pr-hdds-1701-29n7p-3046025130, networkLocation: /default-rack, certSerialId: null} reports an CLOSED replica.
2019-10-25 05:33:55,215 [EventQueue-ContainerReportForContainerReportHandler] WARN  container.ContainerReportHandler (AbstractContainerReportHandler.java:updateContainerState(145)) - Container #1 is in OPEN state, but the datanode 9484238f-0427-4b0f-b3b9-a493ba149161{ip: 192.168.164.244, host: pr-hdds-1701-29n7p-3046025130, networkLocation: /default-rack, certSerialId: null} reports an CLOSED replica.
2019-10-25 05:33:55,215 [EventQueue-ContainerReportForContainerReportHandler] WARN  container.ContainerReportHandler (AbstractContainerReportHandler.java:updateContainerState(145)) - Container #1 is in OPEN state, but the datanode a05bcb01-8262-4b6c-960b-c3a46ef8bd63{ip: 192.168.164.244, host: pr-hdds-1701-29n7p-3046025130, networkLocation: /default-rack, certSerialId: null} reports an CLOSED replica.
2019-10-25 05:33:55,515 [EventQueue-ContainerReportForContainerReportHandler] WARN  container.ContainerReportHandler (AbstractContainerReportHandler.java:updateContainerState(145)) - Container #1 is in OPEN state, but the datanode 9484238f-0427-4b0f-b3b9-a493ba149161{ip: 192.168.164.244, host: pr-hdds-1701-29n7p-3046025130, networkLocation: /default-rack, certSerialId: null} reports an CLOSED replica.
2019-10-25 05:33:55,515 [BlockDeletingService#2] WARN  background.BlockDeletingService (BlockDeletingService.java:isDeletionAllowed(187)) - Close Container log Index 6 is not replicated across allthe servers in the pipeline 5e939ce8-5918-4d57-a2cf-b84bba7d09ac as the min replicated index is 4. Deletion is not allowed in this container yet.
2019-10-25 05:33:55,515 [BlockDeletingService#2] WARN  background.BlockDeletingService (BlockDeletingService.java:isDeletionAllowed(187)) - Close Container log Index 6 is not replicated across allthe servers in the pipeline 5e939ce8-5918-4d57-a2cf-b84bba7d09ac as the min replicated index is 4. Deletion is not allowed in this container yet.
2019-10-25 05:33:55,615 [EventQueue-ContainerReportForContainerReportHandler] WARN  container.ContainerReportHandler (AbstractContainerReportHandler.java:updateContainerState(145)) - Container #1 is in OPEN state, but the datanode a05bcb01-8262-4b6c-960b-c3a46ef8bd63{ip: 192.168.164.244, host: pr-hdds-1701-29n7p-3046025130, networkLocation: /default-rack, certSerialId: null} reports an CLOSED replica.
2019-10-25 05:33:55,815 [EventQueue-ContainerReportForContainerReportHandler] WARN  container.ContainerReportHandler (AbstractContainerReportHandler.java:updateContainerState(145)) - Container #1 is in OPEN state, but the datanode 9484238f-0427-4b0f-b3b9-a493ba149161{ip: 192.168.164.244, host: pr-hdds-1701-29n7p-3046025130, networkLocation: /default-rack, certSerialId: null} reports an CLOSED replica.
2019-10-25 05:33:55,915 [EventQueue-ContainerReportForContainerReportHandler] WARN  container.ContainerReportHandler (AbstractContainerReportHandler.java:updateContainerState(145)) - Container #1 is in OPEN state, but the datanode a05bcb01-8262-4b6c-960b-c3a46ef8bd63{ip: 192.168.164.244, host: pr-hdds-1701-29n7p-3046025130, networkLocation: /default-rack, certSerialId: null} reports an CLOSED replica.
2019-10-25 05:33:56,115 [EventQueue-ContainerReportForContainerReportHandler] WARN  container.ContainerReportHandler (AbstractContainerReportHandler.java:updateContainerState(145)) - Container #1 is in OPEN state, but the datanode a05bcb01-8262-4b6c-960b-c3a46ef8bd63{ip: 192.168.164.244, host: pr-hdds-1701-29n7p-3046025130, networkLocation: /default-rack, certSerialId: null} reports an CLOSED replica.
2019-10-25 05:33:56,215 [EventQueue-ContainerReportForContainerReportHandler] WARN  container.ContainerReportHandler (AbstractContainerReportHandler.java:updateContainerState(145)) - Container #1 is in OPEN state, but the datanode 9484238f-0427-4b0f-b3b9-a493ba149161{ip: 192.168.164.244, host: pr-hdds-1701-29n7p-3046025130, networkLocation: /default-rack, certSerialId: null} reports an CLOSED replica.
2019-10-25 05:33:56,515 [EventQueue-ContainerReportForContainerReportHandler] WARN  container.ContainerReportHandler (AbstractContainerReportHandler.java:updateContainerState(145)) - Container #1 is in OPEN state, but the datanode 9484238f-0427-4b0f-b3b9-a493ba149161{ip: 192.168.164.244, host: pr-hdds-1701-29n7p-3046025130, networkLocation: /default-rack, certSerialId: null} reports an CLOSED replica.
2019-10-25 05:33:56,516 [EventQueue-ContainerReportForContainerReportHandler] WARN  container.ContainerReportHandler (AbstractContainerReportHandler.java:updateContainerState(145)) - Container #1 is in OPEN state, but the datanode a05bcb01-8262-4b6c-960b-c3a46ef8bd63{ip: 192.168.164.244, host: pr-hdds-1701-29n7p-3046025130, networkLocation: /default-rack, certSerialId: null} reports an CLOSED replica.
2019-10-25 05:33:56,517 [BlockDeletingService#2] WARN  background.BlockDeletingService (BlockDeletingService.java:isDeletionAllowed(187)) - Close Container log Index 6 is not replicated across allthe servers in the pipeline 5e939ce8-5918-4d57-a2cf-b84bba7d09ac as the min replicated index is 4. Deletion is not allowed in this container yet.
2019-10-25 05:33:56,517 [BlockDeletingService#2] WARN  background.BlockDeletingService (BlockDeletingService.java:isDeletionAllowed(187)) - Close Container log Index 6 is not replicated across allthe servers in the pipeline 5e939ce8-5918-4d57-a2cf-b84bba7d09ac as the min replicated index is 4. Deletion is not allowed in this container yet.
2019-10-25 05:33:56,716 [EventQueue-ContainerReportForContainerReportHandler] WARN  container.ContainerReportHandler (AbstractContainerReportHandler.java:updateContainerState(145)) - Container #1 is in OPEN state, but the datanode a05bcb01-8262-4b6c-960b-c3a46ef8bd63{ip: 192.168.164.244, host: pr-hdds-1701-29n7p-3046025130, networkLocation: /default-rack, certSerialId: null} reports an CLOSED replica.
2019-10-25 05:33:56,816 [EventQueue-ContainerReportForContainerReportHandler] WARN  container.ContainerReportHandler (AbstractContainerReportHandler.java:updateContainerState(145)) - Container #1 is in OPEN state, but the datanode 9484238f-0427-4b0f-b3b9-a493ba149161{ip: 192.168.164.244, host: pr-hdds-1701-29n7p-3046025130, networkLocation: /default-rack, certSerialId: null} reports an CLOSED replica.
2019-10-25 05:33:57,116 [EventQueue-ContainerReportForContainerReportHandler] WARN  container.ContainerReportHandler (AbstractContainerReportHandler.java:updateContainerState(145)) - Container #1 is in OPEN state, but the datanode a05bcb01-8262-4b6c-960b-c3a46ef8bd63{ip: 192.168.164.244, host: pr-hdds-1701-29n7p-3046025130, networkLocation: /default-rack, certSerialId: null} reports an CLOSED replica.
2019-10-25 05:33:57,116 [EventQueue-ContainerReportForContainerReportHandler] WARN  container.ContainerReportHandler (AbstractContainerReportHandler.java:updateContainerState(145)) - Container #1 is in OPEN state, but the datanode 9484238f-0427-4b0f-b3b9-a493ba149161{ip: 192.168.164.244, host: pr-hdds-1701-29n7p-3046025130, networkLocation: /default-rack, certSerialId: null} reports an CLOSED replica.
2019-10-25 05:33:57,225 [java.util.concurrent.ThreadPoolExecutor$Worker@b00648b[State = -1, empty queue]] WARN  server.GrpcLogAppender (GrpcLogAppender.java:timeoutAppendRequest(209)) - a05bcb01-8262-4b6c-960b-c3a46ef8bd63@group-B84BBA7D09AC->4ce8dd57-9997-4466-b69c-bdc1e0ed84f6-GrpcLogAppender: appendEntries Timeout, request=a05bcb01-8262-4b6c-960b-c3a46ef8bd63->4ce8dd57-9997-4466-b69c-bdc1e0ed84f6#49-t1, previous=(t:1, i:10), leaderCommit=10, initializing? false, entries: <empty>
2019-10-25 05:33:57,316 [EventQueue-ContainerReportForContainerReportHandler] WARN  container.ContainerReportHandler (AbstractContainerReportHandler.java:updateContainerState(145)) - Container #1 is in OPEN state, but the datanode 9484238f-0427-4b0f-b3b9-a493ba149161{ip: 192.168.164.244, host: pr-hdds-1701-29n7p-3046025130, networkLocation: /default-rack, certSerialId: null} reports an CLOSED replica.
2019-10-25 05:33:57,316 [EventQueue-ContainerReportForContainerReportHandler] WARN  container.ContainerReportHandler (AbstractContainerReportHandler.java:updateContainerState(145)) - Container #1 is in OPEN state, but the datanode a05bcb01-8262-4b6c-960b-c3a46ef8bd63{ip: 192.168.164.244, host: pr-hdds-1701-29n7p-3046025130, networkLocation: /default-rack, certSerialId: null} reports an CLOSED replica.
2019-10-25 05:33:57,518 [BlockDeletingService#2] WARN  background.BlockDeletingService (BlockDeletingService.java:isDeletionAllowed(187)) - Close Container log Index 6 is not replicated across allthe servers in the pipeline 5e939ce8-5918-4d57-a2cf-b84bba7d09ac as the min replicated index is 4. Deletion is not allowed in this container yet.
2019-10-25 05:33:57,519 [BlockDeletingService#2] WARN  background.BlockDeletingService (BlockDeletingService.java:isDeletionAllowed(187)) - Close Container log Index 6 is not replicated across allthe servers in the pipeline 5e939ce8-5918-4d57-a2cf-b84bba7d09ac as the min replicated index is 4. Deletion is not allowed in this container yet.
2019-10-25 05:33:57,617 [EventQueue-ContainerReportForContainerReportHandler] WARN  container.ContainerReportHandler (AbstractContainerReportHandler.java:updateContainerState(145)) - Container #1 is in OPEN state, but the datanode a05bcb01-8262-4b6c-960b-c3a46ef8bd63{ip: 192.168.164.244, host: pr-hdds-1701-29n7p-3046025130, networkLocation: /default-rack, certSerialId: null} reports an CLOSED replica.
2019-10-25 05:33:57,717 [EventQueue-ContainerReportForContainerReportHandler] WARN  container.ContainerReportHandler (AbstractContainerReportHandler.java:updateContainerState(145)) - Container #1 is in OPEN state, but the datanode 9484238f-0427-4b0f-b3b9-a493ba149161{ip: 192.168.164.244, host: pr-hdds-1701-29n7p-3046025130, networkLocation: /default-rack, certSerialId: null} reports an CLOSED replica.
2019-10-25 05:33:57,916 [EventQueue-ContainerReportForContainerReportHandler] WARN  container.ContainerReportHandler (AbstractContainerReportHandler.java:updateContainerState(145)) - Container #1 is in OPEN state, but the datanode a05bcb01-8262-4b6c-960b-c3a46ef8bd63{ip: 192.168.164.244, host: pr-hdds-1701-29n7p-3046025130, networkLocation: /default-rack, certSerialId: null} reports an CLOSED replica.
2019-10-25 05:33:58,017 [EventQueue-ContainerReportForContainerReportHandler] WARN  container.ContainerReportHandler (AbstractContainerReportHandler.java:updateContainerState(145)) - Container #1 is in OPEN state, but the datanode 9484238f-0427-4b0f-b3b9-a493ba149161{ip: 192.168.164.244, host: pr-hdds-1701-29n7p-3046025130, networkLocation: /default-rack, certSerialId: null} reports an CLOSED replica.
2019-10-25 05:33:58,217 [EventQueue-ContainerReportForContainerReportHandler] WARN  container.ContainerReportHandler (AbstractContainerReportHandler.java:updateContainerState(145)) - Container #1 is in OPEN state, but the datanode 9484238f-0427-4b0f-b3b9-a493ba149161{ip: 192.168.164.244, host: pr-hdds-1701-29n7p-3046025130, networkLocation: /default-rack, certSerialId: null} reports an CLOSED replica.
2019-10-25 05:33:58,317 [EventQueue-ContainerReportForContainerReportHandler] WARN  container.ContainerReportHandler (AbstractContainerReportHandler.java:updateContainerState(145)) - Container #1 is in OPEN state, but the datanode a05bcb01-8262-4b6c-960b-c3a46ef8bd63{ip: 192.168.164.244, host: pr-hdds-1701-29n7p-3046025130, networkLocation: /default-rack, certSerialId: null} reports an CLOSED replica.
2019-10-25 05:33:58,393 [Thread-515] INFO  client.GrpcClientProtocolService (GrpcClientProtocolService.java:lambda$processClientRequest$0(279)) - Failed RaftClientRequest:client-B1E3923C01C0->9484238f-0427-4b0f-b3b9-a493ba149161@group-B84BBA7D09AC, cid=10, seq=0, Watch-ALL_COMMITTED(6), Message:<EMPTY>, reply=RaftClientReply:client-B1E3923C01C0->9484238f-0427-4b0f-b3b9-a493ba149161@group-B84BBA7D09AC, cid=10, FAILED org.apache.ratis.protocol.NotLeaderException: Server 9484238f-0427-4b0f-b3b9-a493ba149161@group-B84BBA7D09AC is not the leader a05bcb01-8262-4b6c-960b-c3a46ef8bd63:192.168.164.244:44076, logIndex=0, commits[9484238f-0427-4b0f-b3b9-a493ba149161:c10, a05bcb01-8262-4b6c-960b-c3a46ef8bd63:c10, 4ce8dd57-9997-4466-b69c-bdc1e0ed84f6:c4]
2019-10-25 05:33:58,517 [EventQueue-ContainerReportForContainerReportHandler] WARN  container.ContainerReportHandler (AbstractContainerReportHandler.java:updateContainerState(145)) - Container #1 is in OPEN state, but the datanode a05bcb01-8262-4b6c-960b-c3a46ef8bd63{ip: 192.168.164.244, host: pr-hdds-1701-29n7p-3046025130, networkLocation: /default-rack, certSerialId: null} reports an CLOSED replica.
2019-10-25 05:33:58,520 [BlockDeletingService#2] WARN  background.BlockDeletingService (BlockDeletingService.java:isDeletionAllowed(187)) - Close Container log Index 6 is not replicated across allthe servers in the pipeline 5e939ce8-5918-4d57-a2cf-b84bba7d09ac as the min replicated index is 4. Deletion is not allowed in this container yet.
2019-10-25 05:33:58,520 [BlockDeletingService#2] WARN  background.BlockDeletingService (BlockDeletingService.java:isDeletionAllowed(187)) - Close Container log Index 6 is not replicated across allthe servers in the pipeline 5e939ce8-5918-4d57-a2cf-b84bba7d09ac as the min replicated index is 4. Deletion is not allowed in this container yet.
2019-10-25 05:33:58,616 [EventQueue-ContainerReportForContainerReportHandler] WARN  container.ContainerReportHandler (AbstractContainerReportHandler.java:updateContainerState(145)) - Container #1 is in OPEN state, but the datanode 9484238f-0427-4b0f-b3b9-a493ba149161{ip: 192.168.164.244, host: pr-hdds-1701-29n7p-3046025130, networkLocation: /default-rack, certSerialId: null} reports an CLOSED replica.
2019-10-25 05:33:58,716 [EventQueue-ContainerReportForContainerReportHandler] WARN  container.ContainerReportHandler (AbstractContainerReportHandler.java:updateContainerState(145)) - Container #1 is in OPEN state, but the datanode a05bcb01-8262-4b6c-960b-c3a46ef8bd63{ip: 192.168.164.244, host: pr-hdds-1701-29n7p-3046025130, networkLocation: /default-rack, certSerialId: null} reports an CLOSED replica.
2019-10-25 05:33:58,890 [EventQueue-StaleNodeForStaleNodeHandler] INFO  node.StaleNodeHandler (StaleNodeHandler.java:onMessage(58)) - Datanode 4ce8dd57-9997-4466-b69c-bdc1e0ed84f6{ip: 192.168.164.244, host: pr-hdds-1701-29n7p-3046025130, networkLocation: /default-rack, certSerialId: null} moved to stale state. Finalizing its pipelines [PipelineID=5e939ce8-5918-4d57-a2cf-b84bba7d09ac, PipelineID=b6a37c68-4d3d-4580-b2ff-b708a726817b]
2019-10-25 05:33:58,890 [EventQueue-StaleNodeForStaleNodeHandler] INFO  pipeline.SCMPipelineManager (SCMPipelineManager.java:finalizeAndDestroyPipeline(315)) - destroying pipeline:Pipeline[ Id: 5e939ce8-5918-4d57-a2cf-b84bba7d09ac, Nodes: a05bcb01-8262-4b6c-960b-c3a46ef8bd63{ip: 192.168.164.244, host: pr-hdds-1701-29n7p-3046025130, networkLocation: /default-rack, certSerialId: null}4ce8dd57-9997-4466-b69c-bdc1e0ed84f6{ip: 192.168.164.244, host: pr-hdds-1701-29n7p-3046025130, networkLocation: /default-rack, certSerialId: null}9484238f-0427-4b0f-b3b9-a493ba149161{ip: 192.168.164.244, host: pr-hdds-1701-29n7p-3046025130, networkLocation: /default-rack, certSerialId: null}, Type:RATIS, Factor:THREE, State:OPEN]
2019-10-25 05:33:58,892 [EventQueue-StaleNodeForStaleNodeHandler] INFO  pipeline.PipelineStateManager (PipelineStateManager.java:finalizePipeline(123)) - Pipeline Pipeline[ Id: 5e939ce8-5918-4d57-a2cf-b84bba7d09ac, Nodes: a05bcb01-8262-4b6c-960b-c3a46ef8bd63{ip: 192.168.164.244, host: pr-hdds-1701-29n7p-3046025130, networkLocation: /default-rack, certSerialId: null}4ce8dd57-9997-4466-b69c-bdc1e0ed84f6{ip: 192.168.164.244, host: pr-hdds-1701-29n7p-3046025130, networkLocation: /default-rack, certSerialId: null}9484238f-0427-4b0f-b3b9-a493ba149161{ip: 192.168.164.244, host: pr-hdds-1701-29n7p-3046025130, networkLocation: /default-rack, certSerialId: null}, Type:RATIS, Factor:THREE, State:CLOSED] moved to CLOSED state
2019-10-25 05:33:58,892 [EventQueue-CloseContainerForCloseContainerEventHandler] INFO  container.CloseContainerEventHandler (CloseContainerEventHandler.java:onMessage(61)) - Close container Event triggered for container : #1
2019-10-25 05:33:58,895 [EventQueue-StaleNodeForStaleNodeHandler] INFO  pipeline.SCMPipelineManager (SCMPipelineManager.java:finalizeAndDestroyPipeline(315)) - destroying pipeline:Pipeline[ Id: b6a37c68-4d3d-4580-b2ff-b708a726817b, Nodes: 4ce8dd57-9997-4466-b69c-bdc1e0ed84f6{ip: 192.168.164.244, host: pr-hdds-1701-29n7p-3046025130, networkLocation: /default-rack, certSerialId: null}, Type:RATIS, Factor:ONE, State:OPEN]
2019-10-25 05:33:58,895 [EventQueue-StaleNodeForStaleNodeHandler] INFO  pipeline.PipelineStateManager (PipelineStateManager.java:finalizePipeline(123)) - Pipeline Pipeline[ Id: b6a37c68-4d3d-4580-b2ff-b708a726817b, Nodes: 4ce8dd57-9997-4466-b69c-bdc1e0ed84f6{ip: 192.168.164.244, host: pr-hdds-1701-29n7p-3046025130, networkLocation: /default-rack, certSerialId: null}, Type:RATIS, Factor:ONE, State:CLOSED] moved to CLOSED state
2019-10-25 05:33:59,018 [EventQueue-ContainerReportForContainerReportHandler] INFO  container.ContainerReportHandler (AbstractContainerReportHandler.java:updateContainerState(178)) - Moving container #1 to CLOSED state, datanode 9484238f-0427-4b0f-b3b9-a493ba149161{ip: 192.168.164.244, host: pr-hdds-1701-29n7p-3046025130, networkLocation: /default-rack, certSerialId: null} reported CLOSED replica.
2019-10-25 05:33:59,523 [BlockDeletingService#2] WARN  background.BlockDeletingService (BlockDeletingService.java:isDeletionAllowed(187)) - Close Container log Index 6 is not replicated across allthe servers in the pipeline 5e939ce8-5918-4d57-a2cf-b84bba7d09ac as the min replicated index is 4. Deletion is not allowed in this container yet.
2019-10-25 05:33:59,523 [BlockDeletingService#2] WARN  background.BlockDeletingService (BlockDeletingService.java:isDeletionAllowed(187)) - Close Container log Index 6 is not replicated across allthe servers in the pipeline 5e939ce8-5918-4d57-a2cf-b84bba7d09ac as the min replicated index is 4. Deletion is not allowed in this container yet.
2019-10-25 05:33:59,682 [Thread-526] INFO  client.GrpcClientProtocolService (GrpcClientProtocolService.java:lambda$processClientRequest$0(279)) - Failed RaftClientRequest:client-B1E3923C01C0->a05bcb01-8262-4b6c-960b-c3a46ef8bd63@group-B84BBA7D09AC, cid=10, seq=0, Watch-ALL_COMMITTED(6), Message:<EMPTY>, reply=RaftClientReply:client-B1E3923C01C0->a05bcb01-8262-4b6c-960b-c3a46ef8bd63@group-B84BBA7D09AC, cid=10, FAILED org.apache.ratis.protocol.NotReplicatedException: Request with call Id 10 and log index 6 is not yet replicated to ALL_COMMITTED, logIndex=6, commits[a05bcb01-8262-4b6c-960b-c3a46ef8bd63:c10, 4ce8dd57-9997-4466-b69c-bdc1e0ed84f6:c4, 9484238f-0427-4b0f-b3b9-a493ba149161:c10]
2019-10-25 05:33:59,725 [java.util.concurrent.ThreadPoolExecutor$Worker@b00648b[State = -1, empty queue]] WARN  server.GrpcLogAppender (GrpcLogAppender.java:timeoutAppendRequest(209)) - a05bcb01-8262-4b6c-960b-c3a46ef8bd63@group-B84BBA7D09AC->4ce8dd57-9997-4466-b69c-bdc1e0ed84f6-GrpcLogAppender: appendEntries Timeout, request=a05bcb01-8262-4b6c-960b-c3a46ef8bd63->4ce8dd57-9997-4466-b69c-bdc1e0ed84f6#50-t1, previous=(t:1, i:10), leaderCommit=10, initializing? false, entries: <empty>
2019-10-25 05:33:59,943 [SCMBlockDeletingService#0] INFO  block.SCMBlockDeletingService (SCMBlockDeletingService.java:call(184)) - Totally added 3 delete blocks command for 3 datanodes, task elapsed time: 6ms
2019-10-25 05:34:00,020 [EventQueue-PendingDeleteStatusForPendingDeleteHandler] INFO  block.SCMBlockDeletingService (SCMBlockDeletingService.java:handlePendingDeletes(115)) - Block deletion txnID mismatch in datanode 9484238f-0427-4b0f-b3b9-a493ba149161 for containerID 1. Datanode delete txnID: 0, SCM txnID: 1
2019-10-25 05:34:00,020 [EventQueue-PendingDeleteStatusForPendingDeleteHandler] INFO  block.SCMBlockDeletingService (SCMBlockDeletingService.java:handlePendingDeletes(115)) - Block deletion txnID mismatch in datanode a05bcb01-8262-4b6c-960b-c3a46ef8bd63 for containerID 1. Datanode delete txnID: 0, SCM txnID: 1
2019-10-25 05:34:00,218 [EventQueue-PendingDeleteStatusForPendingDeleteHandler] INFO  block.SCMBlockDeletingService (SCMBlockDeletingService.java:handlePendingDeletes(115)) - Block deletion txnID mismatch in datanode 9484238f-0427-4b0f-b3b9-a493ba149161 for containerID 1. Datanode delete txnID: 0, SCM txnID: 1
2019-10-25 05:34:00,419 [EventQueue-PendingDeleteStatusForPendingDeleteHandler] INFO  block.SCMBlockDeletingService (SCMBlockDeletingService.java:handlePendingDeletes(115)) - Block deletion txnID mismatch in datanode a05bcb01-8262-4b6c-960b-c3a46ef8bd63 for containerID 1. Datanode delete txnID: 0, SCM txnID: 1
2019-10-25 05:34:00,420 [Command processor thread] INFO  commandhandler.DeleteBlocksCommandHandler (DeleteBlocksCommandHandler.java:handle(106)) - Start to delete container blocks, TXIDs=[1(0)], numOfContainers=1, numOfBlocks=1
2019-10-25 05:34:00,525 [BlockDeletingService#2] WARN  background.BlockDeletingService (BlockDeletingService.java:isDeletionAllowed(187)) - Close Container log Index 6 is not replicated across allthe servers in the pipeline 5e939ce8-5918-4d57-a2cf-b84bba7d09ac as the min replicated index is 4. Deletion is not allowed in this container yet.
2019-10-25 05:34:00,525 [BlockDeletingService#2] WARN  background.BlockDeletingService (BlockDeletingService.java:isDeletionAllowed(187)) - Close Container log Index 6 is not replicated across allthe servers in the pipeline 5e939ce8-5918-4d57-a2cf-b84bba7d09ac as the min replicated index is 4. Deletion is not allowed in this container yet.
2019-10-25 05:34:00,629 [EventQueue-PendingDeleteStatusForPendingDeleteHandler] INFO  block.SCMBlockDeletingService (SCMBlockDeletingService.java:handlePendingDeletes(115)) - Block deletion txnID mismatch in datanode a05bcb01-8262-4b6c-960b-c3a46ef8bd63 for containerID 1. Datanode delete txnID: 0, SCM txnID: 1
2019-10-25 05:34:00,930 [EventQueue-PendingDeleteStatusForPendingDeleteHandler] INFO  block.SCMBlockDeletingService (SCMBlockDeletingService.java:handlePendingDeletes(115)) - Block deletion txnID mismatch in datanode a05bcb01-8262-4b6c-960b-c3a46ef8bd63 for containerID 1. Datanode delete txnID: 0, SCM txnID: 1
2019-10-25 05:34:00,945 [SCMBlockDeletingService#0] INFO  block.SCMBlockDeletingService (SCMBlockDeletingService.java:call(184)) - Totally added 2 delete blocks command for 2 datanodes, task elapsed time: 0ms
2019-10-25 05:34:00,946 [pool-7-thread-2] INFO  commands.RetriableDatanodeEventWatcher (RetriableDatanodeEventWatcher.java:onTimeout(47)) - RetriableDatanodeCommand type=deleteBlocksCommand with id=1571981639943 timed out. Retrying.
2019-10-25 05:34:00,946 [pool-7-thread-1] INFO  commands.RetriableDatanodeEventWatcher (RetriableDatanodeEventWatcher.java:onTimeout(47)) - RetriableDatanodeCommand type=deleteBlocksCommand with id=1571981639942 timed out. Retrying.
2019-10-25 05:34:01,119 [Command processor thread] INFO  commandhandler.DeleteBlocksCommandHandler (DeleteBlocksCommandHandler.java:handle(106)) - Start to delete container blocks, TXIDs=[1(0)], numOfContainers=1, numOfBlocks=1
2019-10-25 05:34:01,121 [Command processor thread] INFO  commandhandler.DeleteBlocksCommandHandler (DeleteBlocksCommandHandler.java:handle(106)) - Start to delete container blocks, TXIDs=[1(2)], numOfContainers=1, numOfBlocks=1
2019-10-25 05:34:01,121 [Command processor thread] INFO  commandhandler.DeleteBlocksCommandHandler (DeleteBlocksCommandHandler.java:handle(106)) - Start to delete container blocks, TXIDs=[1(0)], numOfContainers=1, numOfBlocks=1
2019-10-25 05:34:01,279 [main] INFO  impl.MetricsSystemImpl (MetricsSystemImpl.java:init(158)) - HddsDatanode metrics system started (again)
2019-10-25 05:34:01,328 [main] INFO  ozone.HddsDatanodeService (HddsDatanodeService.java:start(184)) - HddsDatanodeService host:pr-hdds-1701-29n7p-3046025130 ip:192.168.164.244
2019-10-25 05:34:01,333 [main] INFO  volume.VolumeUsage (VolumeUsage.java:loadScmUsed(144)) - Cached ScmUsed found for /workdir/hadoop-ozone/integration-test/target/test-dir/MiniOzoneClusterImpl-8530639b-a9ef-4264-b602-ead7924d693f/datanode-2/data/containers : 4096 
2019-10-25 05:34:01,333 [main] INFO  volume.HddsVolume (HddsVolume.java:<init>(176)) - Creating Volume: /workdir/hadoop-ozone/integration-test/target/test-dir/MiniOzoneClusterImpl-8530639b-a9ef-4264-b602-ead7924d693f/datanode-2/data/containers/hdds of  storage type : DISK and capacity : 1482555576320
2019-10-25 05:34:01,334 [main] INFO  volume.VolumeSet (VolumeSet.java:initializeVolumeSet(170)) - Added Volume : /workdir/hadoop-ozone/integration-test/target/test-dir/MiniOzoneClusterImpl-8530639b-a9ef-4264-b602-ead7924d693f/datanode-2/data/containers/hdds to VolumeSet
2019-10-25 05:34:01,335 [main] INFO  volume.ThrottledAsyncChecker (ThrottledAsyncChecker.java:schedule(141)) - Scheduling a check for /workdir/hadoop-ozone/integration-test/target/test-dir/MiniOzoneClusterImpl-8530639b-a9ef-4264-b602-ead7924d693f/datanode-2/data/containers/hdds
2019-10-25 05:34:01,335 [main] INFO  volume.HddsVolumeChecker (HddsVolumeChecker.java:checkAllVolumes(204)) - Scheduled health check for volume /workdir/hadoop-ozone/integration-test/target/test-dir/MiniOzoneClusterImpl-8530639b-a9ef-4264-b602-ead7924d693f/datanode-2/data/containers/hdds
2019-10-25 05:34:01,382 [main] INFO  impl.RaftServerProxy (ConfUtils.java:logGet(43)) - raft.rpc.type = GRPC (default)
2019-10-25 05:34:01,382 [main] INFO  grpc.GrpcFactory (GrpcFactory.java:checkPooledByteBufAllocatorUseCacheForAllThreads(45)) - PERFORMANCE WARNING: useCacheForAllThreads is true that may cause Netty to create a lot garbage objects and, as a result, trigger GC.
	It is recommended to disable useCacheForAllThreads by setting -Dorg.apache.ratis.thirdparty.io.netty.allocator.useCacheForAllThreads=false in command line.
2019-10-25 05:34:01,383 [main] INFO  grpc.GrpcConfigKeys$Server (ConfUtils.java:logGet(43)) - raft.grpc.server.port = 37504 (custom)
2019-10-25 05:34:01,384 [main] INFO  server.GrpcService (ConfUtils.java:logGet(43)) - raft.grpc.message.size.max = 33570816 (custom)
2019-10-25 05:34:01,384 [main] INFO  server.RaftServerConfigKeys (ConfUtils.java:logGet(43)) - raft.server.log.appender.buffer.byte-limit = 33554432 (custom)
2019-10-25 05:34:01,385 [main] INFO  server.GrpcService (ConfUtils.java:logGet(43)) - raft.grpc.flow.control.window = 1MB (=1048576) (default)
2019-10-25 05:34:01,385 [main] INFO  server.RaftServerConfigKeys (ConfUtils.java:logGet(43)) - raft.server.rpc.request.timeout = 3000ms (default)
2019-10-25 05:34:01,386 [main] INFO  server.RaftServerConfigKeys (ConfUtils.java:logGet(43)) - raft.server.storage.dir = [/workdir/hadoop-ozone/integration-test/target/test-dir/MiniOzoneClusterImpl-8530639b-a9ef-4264-b602-ead7924d693f/datanode-2/data/ratis] (custom)
2019-10-25 05:34:01,386 [main] INFO  impl.RaftServerProxy (RaftServerProxy.java:lambda$null$0(191)) - 4ce8dd57-9997-4466-b69c-bdc1e0ed84f6: found a subdirectory /workdir/hadoop-ozone/integration-test/target/test-dir/MiniOzoneClusterImpl-8530639b-a9ef-4264-b602-ead7924d693f/datanode-2/data/ratis/5e939ce8-5918-4d57-a2cf-b84bba7d09ac
2019-10-25 05:34:01,388 [main] INFO  impl.RaftServerProxy (RaftServerProxy.java:addNew(89)) - 4ce8dd57-9997-4466-b69c-bdc1e0ed84f6: addNew group-B84BBA7D09AC:[] returns group-B84BBA7D09AC:java.util.concurrent.CompletableFuture@d2291de[Not completed]
2019-10-25 05:34:01,388 [main] INFO  impl.RaftServerProxy (RaftServerProxy.java:lambda$null$0(191)) - 4ce8dd57-9997-4466-b69c-bdc1e0ed84f6: found a subdirectory /workdir/hadoop-ozone/integration-test/target/test-dir/MiniOzoneClusterImpl-8530639b-a9ef-4264-b602-ead7924d693f/datanode-2/data/ratis/b6a37c68-4d3d-4580-b2ff-b708a726817b
2019-10-25 05:34:01,389 [main] INFO  impl.RaftServerProxy (RaftServerProxy.java:addNew(89)) - 4ce8dd57-9997-4466-b69c-bdc1e0ed84f6: addNew group-B708A726817B:[] returns group-B708A726817B:java.util.concurrent.CompletableFuture@51c8f62c[Not completed]
2019-10-25 05:34:01,392 [main] INFO  hdfs.DFSUtil (DFSUtil.java:httpServerTemplateForNNAndJN(1641)) - Starting Web-server for hddsDatanode at: http://0.0.0.0:38841
2019-10-25 05:34:01,392 [pool-59-thread-1] INFO  impl.RaftServerImpl (RaftServerImpl.java:<init>(98)) - 4ce8dd57-9997-4466-b69c-bdc1e0ed84f6: new RaftServerImpl for group-B84BBA7D09AC:[] with ContainerStateMachine:uninitialized
2019-10-25 05:34:01,394 [pool-59-thread-1] INFO  server.RaftServerConfigKeys (ConfUtils.java:logGet(43)) - raft.server.rpc.timeout.min = 5s (custom)
2019-10-25 05:34:01,394 [pool-59-thread-1] INFO  server.RaftServerConfigKeys (ConfUtils.java:logGet(43)) - raft.server.rpc.timeout.max = 5200ms (custom)
2019-10-25 05:34:01,394 [pool-59-thread-1] INFO  server.RaftServerConfigKeys (ConfUtils.java:logGet(43)) - raft.server.rpcslowness.timeout = 1000s (custom)
2019-10-25 05:34:01,394 [pool-59-thread-1] INFO  server.RaftServerConfigKeys (ConfUtils.java:logGet(43)) - raft.server.sleep.deviation.threshold = 300 (default)
2019-10-25 05:34:01,395 [pool-59-thread-1] INFO  server.RaftServerConfigKeys (ConfUtils.java:logGet(43)) - raft.server.log.appender.install.snapshot.enabled = false (custom)
2019-10-25 05:34:01,395 [pool-59-thread-1] INFO  impl.RaftServerImpl (ServerState.java:<init>(103)) - 4ce8dd57-9997-4466-b69c-bdc1e0ed84f6@group-B84BBA7D09AC: ConfigurationManager, init=-1: [], old=null, confs=<EMPTY_MAP>
2019-10-25 05:34:01,395 [pool-59-thread-1] INFO  server.RaftServerConfigKeys (ConfUtils.java:logGet(43)) - raft.server.storage.dir = [/workdir/hadoop-ozone/integration-test/target/test-dir/MiniOzoneClusterImpl-8530639b-a9ef-4264-b602-ead7924d693f/datanode-2/data/ratis] (custom)
2019-10-25 05:34:01,396 [pool-59-thread-1] INFO  server.RaftServerConfigKeys (ConfUtils.java:logGet(43)) - raft.server.log.corruption.policy = EXCEPTION (default)
2019-10-25 05:34:01,396 [main] INFO  server.AuthenticationFilter (AuthenticationFilter.java:constructSecretProvider(240)) - Unable to initialize FileSignerSecretProvider, falling back to use random secrets.
2019-10-25 05:34:01,396 [main] WARN  http.HttpRequestLog (HttpRequestLog.java:getRequestLog(97)) - Jetty request log can only be enabled using Log4j
2019-10-25 05:34:01,398 [main] INFO  http.HttpServer2 (HttpServer2.java:addGlobalFilter(975)) - Added global filter 'safety' (class=org.apache.hadoop.http.HttpServer2$QuotingInputFilter)
2019-10-25 05:34:01,399 [main] INFO  http.HttpServer2 (HttpServer2.java:addFilter(948)) - Added filter static_user_filter (class=org.apache.hadoop.http.lib.StaticUserWebFilter$StaticUserFilter) to context hddsDatanode
2019-10-25 05:34:01,399 [main] INFO  http.HttpServer2 (HttpServer2.java:addFilter(958)) - Added filter static_user_filter (class=org.apache.hadoop.http.lib.StaticUserWebFilter$StaticUserFilter) to context static
2019-10-25 05:34:01,399 [main] INFO  http.HttpServer2 (HttpServer2.java:addFilter(958)) - Added filter static_user_filter (class=org.apache.hadoop.http.lib.StaticUserWebFilter$StaticUserFilter) to context logs
2019-10-25 05:34:01,400 [main] INFO  http.HttpServer2 (HttpServer2.java:bindListener(1191)) - Jetty bound to port 38841
2019-10-25 05:34:01,400 [main] INFO  server.Server (Server.java:doStart(351)) - jetty-9.3.25.v20180904, build timestamp: 2018-09-04T21:11:46Z, git hash: 3ce520221d0240229c862b122d2b06c12a625732
2019-10-25 05:34:01,402 [main] INFO  handler.ContextHandler (ContextHandler.java:doStart(781)) - Started o.e.j.s.ServletContextHandler@1fc713c9{/logs,file:///workdir/hadoop-ozone/integration-test/target/log,AVAILABLE}
2019-10-25 05:34:01,403 [main] INFO  handler.ContextHandler (ContextHandler.java:doStart(781)) - Started o.e.j.s.ServletContextHandler@76b47204{/static,jar:file:/home/user/.m2/repository/org/apache/hadoop/hadoop-hdds-container-service/0.5.0-SNAPSHOT/hadoop-hdds-container-service-0.5.0-SNAPSHOT.jar!/webapps/static,AVAILABLE}
2019-10-25 05:34:01,408 [pool-59-thread-1] INFO  storage.RaftStorageDirectory (RaftStorageDirectory.java:tryLock(328)) - Lock on /workdir/hadoop-ozone/integration-test/target/test-dir/MiniOzoneClusterImpl-8530639b-a9ef-4264-b602-ead7924d693f/datanode-2/data/ratis/5e939ce8-5918-4d57-a2cf-b84bba7d09ac/in_use.lock acquired by nodename 16345@pr-hdds-1701-29n7p-3046025130
2019-10-25 05:34:01,411 [pool-59-thread-1] INFO  ratis.ContainerStateMachine (ContainerStateMachine.java:loadSnapshot(240)) - group-B84BBA7D09AC: Setting the last applied index to (t:1, i:3)
2019-10-25 05:34:01,417 [pool-59-thread-1] INFO  impl.RaftServerImpl (ServerState.java:setRaftConf(356)) - 4ce8dd57-9997-4466-b69c-bdc1e0ed84f6@group-B84BBA7D09AC: set configuration 0: [a05bcb01-8262-4b6c-960b-c3a46ef8bd63:192.168.164.244:44076, 4ce8dd57-9997-4466-b69c-bdc1e0ed84f6:192.168.164.244:37504, 9484238f-0427-4b0f-b3b9-a493ba149161:192.168.164.244:33617], old=null at 0
2019-10-25 05:34:01,417 [pool-59-thread-1] INFO  server.RaftServerConfigKeys (ConfUtils.java:logGet(43)) - raft.server.notification.no-leader.timeout = 1000s (custom)
2019-10-25 05:34:01,417 [pool-59-thread-1] INFO  server.RaftServerConfigKeys (ConfUtils.java:logGet(43)) - raft.server.log.use.memory = false (default)
2019-10-25 05:34:01,417 [pool-59-thread-1] INFO  server.RaftServerConfigKeys (ConfUtils.java:logGet(43)) - raft.server.log.purge.gap = 1000000 (custom)
2019-10-25 05:34:01,417 [pool-59-thread-1] INFO  server.RaftServerConfigKeys (ConfUtils.java:logGet(43)) - raft.server.log.appender.buffer.byte-limit = 33554432 (custom)
2019-10-25 05:34:01,417 [pool-59-thread-1] INFO  server.RaftServerConfigKeys (ConfUtils.java:logGet(43)) - raft.server.log.segment.size.max = 1048576 (custom)
2019-10-25 05:34:01,418 [pool-59-thread-1] INFO  server.RaftServerConfigKeys (ConfUtils.java:logGet(43)) - raft.server.log.segment.cache.num.max = 2 (custom)
2019-10-25 05:34:01,418 [pool-59-thread-1] INFO  segmented.SegmentedRaftLogWorker (SegmentedRaftLogWorker.java:<init>(173)) - new 4ce8dd57-9997-4466-b69c-bdc1e0ed84f6@group-B84BBA7D09AC-SegmentedRaftLogWorker for RaftStorage:Storage Directory /workdir/hadoop-ozone/integration-test/target/test-dir/MiniOzoneClusterImpl-8530639b-a9ef-4264-b602-ead7924d693f/datanode-2/data/ratis/5e939ce8-5918-4d57-a2cf-b84bba7d09ac
2019-10-25 05:34:01,418 [pool-59-thread-1] INFO  server.RaftServerConfigKeys (ConfUtils.java:logGet(43)) - raft.server.log.queue.byte-limit = 2147483647 (custom)
2019-10-25 05:34:01,418 [pool-59-thread-1] INFO  server.RaftServerConfigKeys (ConfUtils.java:logGet(43)) - raft.server.log.queue.element-limit = 1024 (custom)
2019-10-25 05:34:01,418 [pool-59-thread-1] INFO  server.RaftServerConfigKeys (ConfUtils.java:logGet(43)) - raft.server.log.segment.size.max = 1048576 (custom)
2019-10-25 05:34:01,418 [pool-59-thread-1] INFO  server.RaftServerConfigKeys (ConfUtils.java:logGet(43)) - raft.server.log.preallocated.size = 16384 (custom)
2019-10-25 05:34:01,418 [pool-59-thread-1] INFO  server.RaftServerConfigKeys (ConfUtils.java:logGet(43)) - raft.server.log.write.buffer.size = 33554432 (custom)
2019-10-25 05:34:01,418 [pool-59-thread-1] INFO  server.RaftServerConfigKeys (ConfUtils.java:logGet(43)) - raft.server.log.force.sync.num = 128 (default)
2019-10-25 05:34:01,419 [pool-59-thread-1] INFO  server.RaftServerConfigKeys (ConfUtils.java:logGet(43)) - raft.server.log.statemachine.data.sync = true (default)
2019-10-25 05:34:01,419 [pool-59-thread-1] INFO  server.RaftServerConfigKeys (ConfUtils.java:logGet(43)) - raft.server.log.statemachine.data.sync.timeout = 10s (default)
2019-10-25 05:34:01,419 [pool-59-thread-1] INFO  server.RaftServerConfigKeys (ConfUtils.java:logGet(43)) - raft.server.log.statemachine.data.sync.timeout.retry = -1 (default)
2019-10-25 05:34:01,419 [pool-59-thread-1] INFO  server.RaftServerConfigKeys (ConfUtils.java:logGet(43)) - raft.server.log.statemachine.data.caching.enabled = true (custom)
2019-10-25 05:34:01,425 [pool-59-thread-1] INFO  impl.RaftServerImpl (ServerState.java:setRaftConf(356)) - 4ce8dd57-9997-4466-b69c-bdc1e0ed84f6@group-B84BBA7D09AC: set configuration 0: [a05bcb01-8262-4b6c-960b-c3a46ef8bd63:192.168.164.244:44076, 4ce8dd57-9997-4466-b69c-bdc1e0ed84f6:192.168.164.244:37504, 9484238f-0427-4b0f-b3b9-a493ba149161:192.168.164.244:33617], old=null at 0
2019-10-25 05:34:01,426 [pool-59-thread-1] INFO  segmented.LogSegment (LogSegment.java:loadSegment(140)) - Successfully read 5 entries from segment file /workdir/hadoop-ozone/integration-test/target/test-dir/MiniOzoneClusterImpl-8530639b-a9ef-4264-b602-ead7924d693f/datanode-2/data/ratis/5e939ce8-5918-4d57-a2cf-b84bba7d09ac/current/log_inprogress_0
2019-10-25 05:34:01,427 [pool-59-thread-1] INFO  segmented.SegmentedRaftLogWorker (SegmentedRaftLogWorker.java:lambda$new$0(128)) - 4ce8dd57-9997-4466-b69c-bdc1e0ed84f6@group-B84BBA7D09AC-SegmentedRaftLogWorker: flushIndex: setUnconditionally 0 -> 4
2019-10-25 05:34:01,438 [main] INFO  handler.ContextHandler (ContextHandler.java:doStart(781)) - Started o.e.j.w.WebAppContext@6e3ecf5c{/,file:///tmp/jetty-0.0.0.0-38841-hddsDatanode-_-any-8657194276897453111.dir/webapp/,AVAILABLE}{/hddsDatanode}
2019-10-25 05:34:01,439 [main] INFO  server.AbstractConnector (AbstractConnector.java:doStart(278)) - Started ServerConnector@67507df{HTTP/1.1,[http/1.1]}{0.0.0.0:38841}
2019-10-25 05:34:01,452 [pool-59-thread-1] INFO  raftlog.RaftLog (RaftLog.java:lambda$new$0(61)) - 4ce8dd57-9997-4466-b69c-bdc1e0ed84f6@group-B84BBA7D09AC-SegmentedRaftLog: commitIndex: updateToMax old=3, new=3, updated? false
2019-10-25 05:34:01,452 [main] INFO  server.Server (Server.java:doStart(419)) - Started @118397ms
2019-10-25 05:34:01,452 [main] WARN  impl.MetricsSystemImpl (MetricsSystemImpl.java:register(276)) - Sink prometheus already exists!
2019-10-25 05:34:01,453 [pool-59-thread-1] INFO  server.RaftServerConfigKeys (ConfUtils.java:logGet(43)) - raft.server.snapshot.auto.trigger.enabled = true (custom)
2019-10-25 05:34:01,453 [pool-59-thread-1] INFO  server.RaftServerConfigKeys (ConfUtils.java:logGet(43)) - raft.server.snapshot.auto.trigger.threshold = 10000 (custom)
2019-10-25 05:34:01,453 [pool-59-thread-1] INFO  server.RaftServerConfigKeys (ConfUtils.java:logGet(43)) - raft.server.snapshot.retention.file.num = 5 (custom)
2019-10-25 05:34:01,453 [pool-59-thread-1] INFO  server.RaftServerConfigKeys (ConfUtils.java:logGet(43)) - raft.server.retrycache.expirytime = 600000ms (custom)
2019-10-25 05:34:01,454 [main] INFO  server.BaseHttpServer (BaseHttpServer.java:updateConnectorAddress(215)) - HTTP server of HDDSDATANODE is listening at http://0.0.0.0:38841
2019-10-25 05:34:01,455 [pool-59-thread-1] INFO  impl.RaftServerImpl (RaftServerImpl.java:<init>(98)) - 4ce8dd57-9997-4466-b69c-bdc1e0ed84f6: new RaftServerImpl for group-B708A726817B:[] with ContainerStateMachine:uninitialized
2019-10-25 05:34:01,455 [pool-59-thread-1] INFO  server.RaftServerConfigKeys (ConfUtils.java:logGet(43)) - raft.server.rpc.timeout.min = 5s (custom)
2019-10-25 05:34:01,455 [pool-59-thread-1] INFO  server.RaftServerConfigKeys (ConfUtils.java:logGet(43)) - raft.server.rpc.timeout.max = 5200ms (custom)
2019-10-25 05:34:01,455 [pool-59-thread-1] INFO  server.RaftServerConfigKeys (ConfUtils.java:logGet(43)) - raft.server.rpcslowness.timeout = 1000s (custom)
2019-10-25 05:34:01,455 [pool-59-thread-1] INFO  server.RaftServerConfigKeys (ConfUtils.java:logGet(43)) - raft.server.sleep.deviation.threshold = 300 (default)
2019-10-25 05:34:01,456 [pool-59-thread-1] INFO  server.RaftServerConfigKeys (ConfUtils.java:logGet(43)) - raft.server.log.appender.install.snapshot.enabled = false (custom)
2019-10-25 05:34:01,456 [org.apache.hadoop.util.JvmPauseMonitor$Monitor@680b761] INFO  util.JvmPauseMonitor (JvmPauseMonitor.java:run(188)) - Starting JVM pause monitor
2019-10-25 05:34:01,456 [pool-59-thread-1] INFO  impl.RaftServerImpl (ServerState.java:<init>(103)) - 4ce8dd57-9997-4466-b69c-bdc1e0ed84f6@group-B708A726817B: ConfigurationManager, init=-1: [], old=null, confs=<EMPTY_MAP>
2019-10-25 05:34:01,456 [pool-59-thread-1] INFO  server.RaftServerConfigKeys (ConfUtils.java:logGet(43)) - raft.server.storage.dir = [/workdir/hadoop-ozone/integration-test/target/test-dir/MiniOzoneClusterImpl-8530639b-a9ef-4264-b602-ead7924d693f/datanode-2/data/ratis] (custom)
2019-10-25 05:34:01,456 [pool-59-thread-1] INFO  server.RaftServerConfigKeys (ConfUtils.java:logGet(43)) - raft.server.log.corruption.policy = EXCEPTION (default)
2019-10-25 05:34:01,468 [pool-59-thread-1] INFO  storage.RaftStorageDirectory (RaftStorageDirectory.java:tryLock(328)) - Lock on /workdir/hadoop-ozone/integration-test/target/test-dir/MiniOzoneClusterImpl-8530639b-a9ef-4264-b602-ead7924d693f/datanode-2/data/ratis/b6a37c68-4d3d-4580-b2ff-b708a726817b/in_use.lock acquired by nodename 16345@pr-hdds-1701-29n7p-3046025130
2019-10-25 05:34:01,469 [pool-59-thread-1] INFO  ratis.ContainerStateMachine (ContainerStateMachine.java:loadSnapshot(231)) - group-B708A726817B: The snapshot info is null. Setting the last applied indexto:(t:0, i:~)
2019-10-25 05:34:01,469 [pool-59-thread-1] INFO  server.RaftServerConfigKeys (ConfUtils.java:logGet(43)) - raft.server.notification.no-leader.timeout = 1000s (custom)
2019-10-25 05:34:01,469 [pool-59-thread-1] INFO  server.RaftServerConfigKeys (ConfUtils.java:logGet(43)) - raft.server.log.use.memory = false (default)
2019-10-25 05:34:01,469 [pool-59-thread-1] INFO  server.RaftServerConfigKeys (ConfUtils.java:logGet(43)) - raft.server.log.purge.gap = 1000000 (custom)
2019-10-25 05:34:01,470 [pool-59-thread-1] INFO  server.RaftServerConfigKeys (ConfUtils.java:logGet(43)) - raft.server.log.appender.buffer.byte-limit = 33554432 (custom)
2019-10-25 05:34:01,470 [pool-59-thread-1] INFO  server.RaftServerConfigKeys (ConfUtils.java:logGet(43)) - raft.server.log.segment.size.max = 1048576 (custom)
2019-10-25 05:34:01,470 [pool-59-thread-1] INFO  server.RaftServerConfigKeys (ConfUtils.java:logGet(43)) - raft.server.log.segment.cache.num.max = 2 (custom)
2019-10-25 05:34:01,470 [pool-59-thread-1] INFO  segmented.SegmentedRaftLogWorker (SegmentedRaftLogWorker.java:<init>(173)) - new 4ce8dd57-9997-4466-b69c-bdc1e0ed84f6@group-B708A726817B-SegmentedRaftLogWorker for RaftStorage:Storage Directory /workdir/hadoop-ozone/integration-test/target/test-dir/MiniOzoneClusterImpl-8530639b-a9ef-4264-b602-ead7924d693f/datanode-2/data/ratis/b6a37c68-4d3d-4580-b2ff-b708a726817b
2019-10-25 05:34:01,470 [pool-59-thread-1] INFO  server.RaftServerConfigKeys (ConfUtils.java:logGet(43)) - raft.server.log.queue.byte-limit = 2147483647 (custom)
2019-10-25 05:34:01,470 [pool-59-thread-1] INFO  server.RaftServerConfigKeys (ConfUtils.java:logGet(43)) - raft.server.log.queue.element-limit = 1024 (custom)
2019-10-25 05:34:01,470 [pool-59-thread-1] INFO  server.RaftServerConfigKeys (ConfUtils.java:logGet(43)) - raft.server.log.segment.size.max = 1048576 (custom)
2019-10-25 05:34:01,470 [pool-59-thread-1] INFO  server.RaftServerConfigKeys (ConfUtils.java:logGet(43)) - raft.server.log.preallocated.size = 16384 (custom)
2019-10-25 05:34:01,470 [pool-59-thread-1] INFO  server.RaftServerConfigKeys (ConfUtils.java:logGet(43)) - raft.server.log.write.buffer.size = 33554432 (custom)
2019-10-25 05:34:01,470 [pool-59-thread-1] INFO  server.RaftServerConfigKeys (ConfUtils.java:logGet(43)) - raft.server.log.force.sync.num = 128 (default)
2019-10-25 05:34:01,471 [pool-59-thread-1] INFO  server.RaftServerConfigKeys (ConfUtils.java:logGet(43)) - raft.server.log.statemachine.data.sync = true (default)
2019-10-25 05:34:01,471 [pool-59-thread-1] INFO  server.RaftServerConfigKeys (ConfUtils.java:logGet(43)) - raft.server.log.statemachine.data.sync.timeout = 10s (default)
2019-10-25 05:34:01,471 [pool-59-thread-1] INFO  server.RaftServerConfigKeys (ConfUtils.java:logGet(43)) - raft.server.log.statemachine.data.sync.timeout.retry = -1 (default)
2019-10-25 05:34:01,471 [pool-59-thread-1] INFO  server.RaftServerConfigKeys (ConfUtils.java:logGet(43)) - raft.server.log.statemachine.data.caching.enabled = true (custom)
2019-10-25 05:34:01,472 [pool-59-thread-1] INFO  impl.RaftServerImpl (ServerState.java:setRaftConf(356)) - 4ce8dd57-9997-4466-b69c-bdc1e0ed84f6@group-B708A726817B: set configuration 0: [4ce8dd57-9997-4466-b69c-bdc1e0ed84f6:192.168.164.244:37504], old=null at 0
2019-10-25 05:34:01,472 [pool-59-thread-1] INFO  segmented.LogSegment (LogSegment.java:loadSegment(140)) - Successfully read 1 entries from segment file /workdir/hadoop-ozone/integration-test/target/test-dir/MiniOzoneClusterImpl-8530639b-a9ef-4264-b602-ead7924d693f/datanode-2/data/ratis/b6a37c68-4d3d-4580-b2ff-b708a726817b/current/log_inprogress_0
2019-10-25 05:34:01,472 [pool-59-thread-1] INFO  segmented.SegmentedRaftLogWorker (SegmentedRaftLogWorker.java:lambda$new$0(128)) - 4ce8dd57-9997-4466-b69c-bdc1e0ed84f6@group-B708A726817B-SegmentedRaftLogWorker: flushIndex: setUnconditionally 0 -> 0
2019-10-25 05:34:01,495 [pool-59-thread-1] INFO  server.RaftServerConfigKeys (ConfUtils.java:logGet(43)) - raft.server.snapshot.auto.trigger.enabled = true (custom)
2019-10-25 05:34:01,496 [pool-59-thread-1] INFO  server.RaftServerConfigKeys (ConfUtils.java:logGet(43)) - raft.server.snapshot.auto.trigger.threshold = 10000 (custom)
2019-10-25 05:34:01,496 [pool-59-thread-1] INFO  server.RaftServerConfigKeys (ConfUtils.java:logGet(43)) - raft.server.snapshot.retention.file.num = 5 (custom)
2019-10-25 05:34:01,496 [pool-59-thread-1] INFO  server.RaftServerConfigKeys (ConfUtils.java:logGet(43)) - raft.server.retrycache.expirytime = 600000ms (custom)
2019-10-25 05:34:01,527 [BlockDeletingService#2] WARN  background.BlockDeletingService (BlockDeletingService.java:isDeletionAllowed(187)) - Close Container log Index 6 is not replicated across allthe servers in the pipeline 5e939ce8-5918-4d57-a2cf-b84bba7d09ac as the min replicated index is 4. Deletion is not allowed in this container yet.
2019-10-25 05:34:01,527 [BlockDeletingService#2] WARN  background.BlockDeletingService (BlockDeletingService.java:isDeletionAllowed(187)) - Close Container log Index 6 is not replicated across allthe servers in the pipeline 5e939ce8-5918-4d57-a2cf-b84bba7d09ac as the min replicated index is 4. Deletion is not allowed in this container yet.
2019-10-25 05:34:01,945 [pool-7-thread-1] INFO  commands.RetriableDatanodeEventWatcher (RetriableDatanodeEventWatcher.java:onTimeout(47)) - RetriableDatanodeCommand type=deleteBlocksCommand with id=1571981639946 timed out. Retrying.
2019-10-25 05:34:01,946 [SCMBlockDeletingService#0] INFO  block.SCMBlockDeletingService (SCMBlockDeletingService.java:call(184)) - Totally added 1 delete blocks command for 1 datanodes, task elapsed time: 0ms
2019-10-25 05:34:01,947 [pool-7-thread-1] INFO  commands.RetriableDatanodeEventWatcher (RetriableDatanodeEventWatcher.java:onTimeout(47)) - RetriableDatanodeCommand type=deleteBlocksCommand with id=1571981639943 timed out. Retrying.
2019-10-25 05:34:02,226 [java.util.concurrent.ThreadPoolExecutor$Worker@b00648b[State = -1, empty queue]] WARN  server.GrpcLogAppender (GrpcLogAppender.java:timeoutAppendRequest(209)) - a05bcb01-8262-4b6c-960b-c3a46ef8bd63@group-B84BBA7D09AC->4ce8dd57-9997-4466-b69c-bdc1e0ed84f6-GrpcLogAppender: appendEntries Timeout, request=a05bcb01-8262-4b6c-960b-c3a46ef8bd63->4ce8dd57-9997-4466-b69c-bdc1e0ed84f6#51-t1, previous=(t:1, i:10), leaderCommit=10, initializing? false, entries: <empty>
2019-10-25 05:34:02,528 [BlockDeletingService#2] WARN  background.BlockDeletingService (BlockDeletingService.java:isDeletionAllowed(187)) - Close Container log Index 6 is not replicated across allthe servers in the pipeline 5e939ce8-5918-4d57-a2cf-b84bba7d09ac as the min replicated index is 4. Deletion is not allowed in this container yet.
2019-10-25 05:34:02,528 [BlockDeletingService#2] WARN  background.BlockDeletingService (BlockDeletingService.java:isDeletionAllowed(187)) - Close Container log Index 6 is not replicated across allthe servers in the pipeline 5e939ce8-5918-4d57-a2cf-b84bba7d09ac as the min replicated index is 4. Deletion is not allowed in this container yet.
2019-10-25 05:34:02,945 [pool-7-thread-1] INFO  commands.RetriableDatanodeEventWatcher (RetriableDatanodeEventWatcher.java:onTimeout(47)) - RetriableDatanodeCommand type=deleteBlocksCommand with id=1571981639946 timed out. Retrying.
2019-10-25 05:34:02,945 [pool-7-thread-1] INFO  commands.RetriableDatanodeEventWatcher (RetriableDatanodeEventWatcher.java:onTimeout(47)) - RetriableDatanodeCommand type=deleteBlocksCommand with id=1571981639947 timed out. Retrying.
2019-10-25 05:34:02,947 [SCMBlockDeletingService#0] INFO  block.SCMBlockDeletingService (SCMBlockDeletingService.java:call(184)) - Totally added 1 delete blocks command for 1 datanodes, task elapsed time: 1ms
2019-10-25 05:34:02,948 [pool-7-thread-1] INFO  commands.RetriableDatanodeEventWatcher (RetriableDatanodeEventWatcher.java:onTimeout(47)) - RetriableDatanodeCommand type=deleteBlocksCommand with id=1571981639943 timed out. Retrying.
2019-10-25 05:34:03,459 [Datanode State Machine Thread - 0] INFO  ozoneimpl.OzoneContainer (OzoneContainer.java:start(213)) - Attempting to start container services.
2019-10-25 05:34:03,459 [Datanode State Machine Thread - 0] INFO  ozoneimpl.OzoneContainer (OzoneContainer.java:startContainerScrub(177)) - Background container scanner has been disabled.
2019-10-25 05:34:03,459 [Datanode State Machine Thread - 0] INFO  ratis.XceiverServerRatis (XceiverServerRatis.java:start(418)) - Starting XceiverServerRatis 4ce8dd57-9997-4466-b69c-bdc1e0ed84f6 at port 37504
2019-10-25 05:34:03,470 [Datanode State Machine Thread - 0] INFO  impl.RaftServerImpl (RaftServerImpl.java:start(184)) - 4ce8dd57-9997-4466-b69c-bdc1e0ed84f6@group-B708A726817B: start as a follower, conf=0: [4ce8dd57-9997-4466-b69c-bdc1e0ed84f6:192.168.164.244:37504], old=null
2019-10-25 05:34:03,471 [ForkJoinPool.commonPool-worker-1] INFO  impl.RaftServerImpl (RaftServerImpl.java:start(184)) - 4ce8dd57-9997-4466-b69c-bdc1e0ed84f6@group-B84BBA7D09AC: start as a follower, conf=0: [a05bcb01-8262-4b6c-960b-c3a46ef8bd63:192.168.164.244:44076, 4ce8dd57-9997-4466-b69c-bdc1e0ed84f6:192.168.164.244:37504, 9484238f-0427-4b0f-b3b9-a493ba149161:192.168.164.244:33617], old=null
2019-10-25 05:34:03,472 [Datanode State Machine Thread - 0] INFO  impl.RaftServerImpl (RaftServerImpl.java:setRole(173)) - 4ce8dd57-9997-4466-b69c-bdc1e0ed84f6@group-B708A726817B: changes role from      null to FOLLOWER at term 1 for startAsFollower
2019-10-25 05:34:03,472 [ForkJoinPool.commonPool-worker-1] INFO  impl.RaftServerImpl (RaftServerImpl.java:setRole(173)) - 4ce8dd57-9997-4466-b69c-bdc1e0ed84f6@group-B84BBA7D09AC: changes role from      null to FOLLOWER at term 1 for startAsFollower
2019-10-25 05:34:03,472 [Datanode State Machine Thread - 0] INFO  impl.RoleInfo (RoleInfo.java:updateAndGet(143)) - 4ce8dd57-9997-4466-b69c-bdc1e0ed84f6: start FollowerState
2019-10-25 05:34:03,472 [ForkJoinPool.commonPool-worker-1] INFO  impl.RoleInfo (RoleInfo.java:updateAndGet(143)) - 4ce8dd57-9997-4466-b69c-bdc1e0ed84f6: start FollowerState
2019-10-25 05:34:03,473 [Datanode State Machine Thread - 0] INFO  util.JmxRegister (JmxRegister.java:tryRegister(44)) - Successfully registered JMX Bean with object name Ratis:service=RaftServer,group=group-B708A726817B,id=4ce8dd57-9997-4466-b69c-bdc1e0ed84f6
2019-10-25 05:34:03,473 [ForkJoinPool.commonPool-worker-1] INFO  util.JmxRegister (JmxRegister.java:tryRegister(44)) - Successfully registered JMX Bean with object name Ratis:service=RaftServer,group=group-B84BBA7D09AC,id=4ce8dd57-9997-4466-b69c-bdc1e0ed84f6
2019-10-25 05:34:03,475 [Datanode State Machine Thread - 0] INFO  impl.RaftServerProxy (RaftServerProxy.java:lambda$start$3(299)) - 4ce8dd57-9997-4466-b69c-bdc1e0ed84f6: start RPC server
2019-10-25 05:34:03,477 [Datanode State Machine Thread - 0] INFO  server.GrpcService (GrpcService.java:startImpl(158)) - 4ce8dd57-9997-4466-b69c-bdc1e0ed84f6: GrpcService started, listening on 0.0.0.0/0.0.0.0:37504
2019-10-25 05:34:03,531 [BlockDeletingService#2] WARN  background.BlockDeletingService (BlockDeletingService.java:isDeletionAllowed(187)) - Close Container log Index 6 is not replicated across allthe servers in the pipeline 5e939ce8-5918-4d57-a2cf-b84bba7d09ac as the min replicated index is 4. Deletion is not allowed in this container yet.
2019-10-25 05:34:03,531 [BlockDeletingService#2] WARN  background.BlockDeletingService (BlockDeletingService.java:isDeletionAllowed(187)) - Close Container log Index 6 is not replicated across allthe servers in the pipeline 5e939ce8-5918-4d57-a2cf-b84bba7d09ac as the min replicated index is 4. Deletion is not allowed in this container yet.
2019-10-25 05:34:03,945 [pool-7-thread-1] INFO  commands.RetriableDatanodeEventWatcher (RetriableDatanodeEventWatcher.java:onTimeout(47)) - RetriableDatanodeCommand type=deleteBlocksCommand with id=1571981639946 timed out. Retrying.
2019-10-25 05:34:03,946 [pool-7-thread-1] INFO  commands.RetriableDatanodeEventWatcher (RetriableDatanodeEventWatcher.java:onTimeout(47)) - RetriableDatanodeCommand type=deleteBlocksCommand with id=1571981639947 timed out. Retrying.
2019-10-25 05:34:03,947 [pool-7-thread-1] INFO  commands.RetriableDatanodeEventWatcher (RetriableDatanodeEventWatcher.java:onTimeout(47)) - RetriableDatanodeCommand type=deleteBlocksCommand with id=1571981639948 timed out. Retrying.
2019-10-25 05:34:03,948 [pool-7-thread-1] INFO  commands.RetriableDatanodeEventWatcher (RetriableDatanodeEventWatcher.java:onTimeout(47)) - RetriableDatanodeCommand type=deleteBlocksCommand with id=1571981639943 timed out. Retrying.
2019-10-25 05:34:03,949 [SCMBlockDeletingService#0] INFO  block.SCMBlockDeletingService (SCMBlockDeletingService.java:call(184)) - Totally added 1 delete blocks command for 1 datanodes, task elapsed time: 1ms
2019-10-25 05:34:04,533 [BlockDeletingService#2] WARN  background.BlockDeletingService (BlockDeletingService.java:isDeletionAllowed(187)) - Close Container log Index 6 is not replicated across allthe servers in the pipeline 5e939ce8-5918-4d57-a2cf-b84bba7d09ac as the min replicated index is 4. Deletion is not allowed in this container yet.
2019-10-25 05:34:04,533 [BlockDeletingService#2] WARN  background.BlockDeletingService (BlockDeletingService.java:isDeletionAllowed(187)) - Close Container log Index 6 is not replicated across allthe servers in the pipeline 5e939ce8-5918-4d57-a2cf-b84bba7d09ac as the min replicated index is 4. Deletion is not allowed in this container yet.
2019-10-25 05:34:04,727 [java.util.concurrent.ThreadPoolExecutor$Worker@b00648b[State = -1, empty queue]] WARN  server.GrpcLogAppender (GrpcLogAppender.java:timeoutAppendRequest(209)) - a05bcb01-8262-4b6c-960b-c3a46ef8bd63@group-B84BBA7D09AC->4ce8dd57-9997-4466-b69c-bdc1e0ed84f6-GrpcLogAppender: appendEntries Timeout, request=a05bcb01-8262-4b6c-960b-c3a46ef8bd63->4ce8dd57-9997-4466-b69c-bdc1e0ed84f6#52-t1, previous=(t:1, i:10), leaderCommit=10, initializing? false, entries: <empty>
2019-10-25 05:34:04,946 [pool-7-thread-1] INFO  commands.RetriableDatanodeEventWatcher (RetriableDatanodeEventWatcher.java:onTimeout(47)) - RetriableDatanodeCommand type=deleteBlocksCommand with id=1571981639946 timed out. Retrying.
2019-10-25 05:34:04,947 [pool-7-thread-2] INFO  commands.RetriableDatanodeEventWatcher (RetriableDatanodeEventWatcher.java:onTimeout(47)) - RetriableDatanodeCommand type=deleteBlocksCommand with id=1571981639947 timed out. Retrying.
2019-10-25 05:34:04,948 [pool-7-thread-2] INFO  commands.RetriableDatanodeEventWatcher (RetriableDatanodeEventWatcher.java:onTimeout(47)) - RetriableDatanodeCommand type=deleteBlocksCommand with id=1571981639948 timed out. Retrying.
2019-10-25 05:34:04,949 [pool-7-thread-2] INFO  commands.RetriableDatanodeEventWatcher (RetriableDatanodeEventWatcher.java:onTimeout(47)) - RetriableDatanodeCommand type=deleteBlocksCommand with id=1571981639943 timed out. Retrying.
2019-10-25 05:34:04,949 [pool-7-thread-1] INFO  commands.RetriableDatanodeEventWatcher (RetriableDatanodeEventWatcher.java:onTimeout(47)) - RetriableDatanodeCommand type=deleteBlocksCommand with id=1571981639949 timed out. Retrying.
2019-10-25 05:34:04,951 [SCMBlockDeletingService#0] INFO  block.SCMBlockDeletingService (SCMBlockDeletingService.java:call(184)) - Totally added 1 delete blocks command for 1 datanodes, task elapsed time: 1ms
2019-10-25 05:34:05,459 [EventQueue-PendingDeleteStatusForPendingDeleteHandler] INFO  block.SCMBlockDeletingService (SCMBlockDeletingService.java:handlePendingDeletes(115)) - Block deletion txnID mismatch in datanode 4ce8dd57-9997-4466-b69c-bdc1e0ed84f6 for containerID 1. Datanode delete txnID: 0, SCM txnID: 1
2019-10-25 05:34:05,534 [BlockDeletingService#2] WARN  background.BlockDeletingService (BlockDeletingService.java:isDeletionAllowed(187)) - Close Container log Index 6 is not replicated across allthe servers in the pipeline 5e939ce8-5918-4d57-a2cf-b84bba7d09ac as the min replicated index is 4. Deletion is not allowed in this container yet.
2019-10-25 05:34:05,534 [BlockDeletingService#2] WARN  background.BlockDeletingService (BlockDeletingService.java:isDeletionAllowed(187)) - Close Container log Index 6 is not replicated across allthe servers in the pipeline 5e939ce8-5918-4d57-a2cf-b84bba7d09ac as the min replicated index is 4. Deletion is not allowed in this container yet.
2019-10-25 05:34:05,948 [pool-7-thread-1] INFO  commands.RetriableDatanodeEventWatcher (RetriableDatanodeEventWatcher.java:onTimeout(47)) - RetriableDatanodeCommand type=deleteBlocksCommand with id=1571981639948 timed out. Retrying.
2019-10-25 05:34:05,949 [pool-7-thread-3] INFO  commands.RetriableDatanodeEventWatcher (RetriableDatanodeEventWatcher.java:onTimeout(47)) - RetriableDatanodeCommand type=deleteBlocksCommand with id=1571981639947 timed out. Retrying.
2019-10-25 05:34:05,949 [pool-7-thread-2] INFO  commands.RetriableDatanodeEventWatcher (RetriableDatanodeEventWatcher.java:onTimeout(47)) - RetriableDatanodeCommand type=deleteBlocksCommand with id=1571981639946 timed out. Retrying.
2019-10-25 05:34:05,950 [pool-7-thread-1] INFO  commands.RetriableDatanodeEventWatcher (RetriableDatanodeEventWatcher.java:onTimeout(47)) - RetriableDatanodeCommand type=deleteBlocksCommand with id=1571981639950 timed out. Retrying.
2019-10-25 05:34:05,950 [pool-7-thread-3] INFO  commands.RetriableDatanodeEventWatcher (RetriableDatanodeEventWatcher.java:onTimeout(47)) - RetriableDatanodeCommand type=deleteBlocksCommand with id=1571981639943 timed out. Retrying.
2019-10-25 05:34:05,950 [pool-7-thread-4] INFO  commands.RetriableDatanodeEventWatcher (RetriableDatanodeEventWatcher.java:onTimeout(47)) - RetriableDatanodeCommand type=deleteBlocksCommand with id=1571981639949 timed out. Retrying.
2019-10-25 05:34:05,952 [SCMBlockDeletingService#0] INFO  block.SCMBlockDeletingService (SCMBlockDeletingService.java:call(184)) - Totally added 1 delete blocks command for 1 datanodes, task elapsed time: 1ms
2019-10-25 05:34:06,536 [BlockDeletingService#2] WARN  background.BlockDeletingService (BlockDeletingService.java:isDeletionAllowed(187)) - Close Container log Index 6 is not replicated across allthe servers in the pipeline 5e939ce8-5918-4d57-a2cf-b84bba7d09ac as the min replicated index is 4. Deletion is not allowed in this container yet.
2019-10-25 05:34:06,536 [BlockDeletingService#2] WARN  background.BlockDeletingService (BlockDeletingService.java:isDeletionAllowed(187)) - Close Container log Index 6 is not replicated across allthe servers in the pipeline 5e939ce8-5918-4d57-a2cf-b84bba7d09ac as the min replicated index is 4. Deletion is not allowed in this container yet.
2019-10-25 05:34:06,949 [pool-7-thread-4] INFO  commands.RetriableDatanodeEventWatcher (RetriableDatanodeEventWatcher.java:onTimeout(47)) - RetriableDatanodeCommand type=deleteBlocksCommand with id=1571981639948 timed out. Retrying.
2019-10-25 05:34:06,949 [pool-7-thread-3] INFO  commands.RetriableDatanodeEventWatcher (RetriableDatanodeEventWatcher.java:onTimeout(47)) - RetriableDatanodeCommand type=deleteBlocksCommand with id=1571981639947 timed out. Retrying.
2019-10-25 05:34:06,950 [pool-7-thread-3] INFO  commands.RetriableDatanodeEventWatcher (RetriableDatanodeEventWatcher.java:onTimeout(47)) - RetriableDatanodeCommand type=deleteBlocksCommand with id=1571981639943 timed out. Retrying.
2019-10-25 05:34:06,950 [pool-7-thread-1] INFO  commands.RetriableDatanodeEventWatcher (RetriableDatanodeEventWatcher.java:onTimeout(47)) - RetriableDatanodeCommand type=deleteBlocksCommand with id=1571981639946 timed out. Retrying.
2019-10-25 05:34:06,950 [pool-7-thread-4] INFO  commands.RetriableDatanodeEventWatcher (RetriableDatanodeEventWatcher.java:onTimeout(47)) - RetriableDatanodeCommand type=deleteBlocksCommand with id=1571981639950 timed out. Retrying.
2019-10-25 05:34:06,950 [pool-7-thread-4] INFO  commands.RetriableDatanodeEventWatcher (RetriableDatanodeEventWatcher.java:onTimeout(47)) - RetriableDatanodeCommand type=deleteBlocksCommand with id=1571981639949 timed out. Retrying.
2019-10-25 05:34:06,952 [pool-7-thread-4] INFO  commands.RetriableDatanodeEventWatcher (RetriableDatanodeEventWatcher.java:onTimeout(47)) - RetriableDatanodeCommand type=deleteBlocksCommand with id=1571981639951 timed out. Retrying.
2019-10-25 05:34:06,953 [SCMBlockDeletingService#0] INFO  block.SCMBlockDeletingService (SCMBlockDeletingService.java:call(184)) - Totally added 1 delete blocks command for 1 datanodes, task elapsed time: 1ms
2019-10-25 05:34:07,229 [java.util.concurrent.ThreadPoolExecutor$Worker@b00648b[State = -1, empty queue]] WARN  server.GrpcLogAppender (GrpcLogAppender.java:timeoutAppendRequest(209)) - a05bcb01-8262-4b6c-960b-c3a46ef8bd63@group-B84BBA7D09AC->4ce8dd57-9997-4466-b69c-bdc1e0ed84f6-GrpcLogAppender: appendEntries Timeout, request=a05bcb01-8262-4b6c-960b-c3a46ef8bd63->4ce8dd57-9997-4466-b69c-bdc1e0ed84f6#53-t1, previous=(t:1, i:10), leaderCommit=10, initializing? false, entries: <empty>
2019-10-25 05:34:07,418 [Thread-573] INFO  client.GrpcClientProtocolService (GrpcClientProtocolService.java:lambda$processClientRequest$0(279)) - Failed RaftClientRequest:client-B1E3923C01C0->4ce8dd57-9997-4466-b69c-bdc1e0ed84f6@group-B84BBA7D09AC, cid=10, seq=0, Watch-ALL_COMMITTED(6), Message:<EMPTY>, reply=RaftClientReply:client-B1E3923C01C0->4ce8dd57-9997-4466-b69c-bdc1e0ed84f6@group-B84BBA7D09AC, cid=10, FAILED org.apache.ratis.protocol.NotLeaderException: Server 4ce8dd57-9997-4466-b69c-bdc1e0ed84f6@group-B84BBA7D09AC is not the leader, logIndex=0, commits[4ce8dd57-9997-4466-b69c-bdc1e0ed84f6:c3]
2019-10-25 05:34:07,457 [EventQueue-PendingDeleteStatusForPendingDeleteHandler] INFO  block.SCMBlockDeletingService (SCMBlockDeletingService.java:handlePendingDeletes(115)) - Block deletion txnID mismatch in datanode 4ce8dd57-9997-4466-b69c-bdc1e0ed84f6 for containerID 1. Datanode delete txnID: 0, SCM txnID: 1
2019-10-25 05:34:07,516 [grpc-default-executor-4] INFO  impl.RaftServerProxy (RaftServerProxy.java:addNew(89)) - 4ce8dd57-9997-4466-b69c-bdc1e0ed84f6: addNew group-B0175195F4C5:[4ce8dd57-9997-4466-b69c-bdc1e0ed84f6:192.168.164.244:37504] returns group-B0175195F4C5:java.util.concurrent.CompletableFuture@23032698[Not completed]
2019-10-25 05:34:07,519 [pool-59-thread-1] INFO  impl.RaftServerImpl (RaftServerImpl.java:<init>(98)) - 4ce8dd57-9997-4466-b69c-bdc1e0ed84f6: new RaftServerImpl for group-B0175195F4C5:[4ce8dd57-9997-4466-b69c-bdc1e0ed84f6:192.168.164.244:37504] with ContainerStateMachine:uninitialized
2019-10-25 05:34:07,520 [pool-59-thread-1] INFO  server.RaftServerConfigKeys (ConfUtils.java:logGet(43)) - raft.server.rpc.timeout.min = 5s (custom)
2019-10-25 05:34:07,520 [pool-59-thread-1] INFO  server.RaftServerConfigKeys (ConfUtils.java:logGet(43)) - raft.server.rpc.timeout.max = 5200ms (custom)
2019-10-25 05:34:07,520 [pool-59-thread-1] INFO  server.RaftServerConfigKeys (ConfUtils.java:logGet(43)) - raft.server.rpcslowness.timeout = 1000s (custom)
2019-10-25 05:34:07,520 [pool-59-thread-1] INFO  server.RaftServerConfigKeys (ConfUtils.java:logGet(43)) - raft.server.sleep.deviation.threshold = 300 (default)
2019-10-25 05:34:07,520 [pool-59-thread-1] INFO  server.RaftServerConfigKeys (ConfUtils.java:logGet(43)) - raft.server.log.appender.install.snapshot.enabled = false (custom)
2019-10-25 05:34:07,520 [pool-59-thread-1] INFO  impl.RaftServerImpl (ServerState.java:<init>(103)) - 4ce8dd57-9997-4466-b69c-bdc1e0ed84f6@group-B0175195F4C5: ConfigurationManager, init=-1: [4ce8dd57-9997-4466-b69c-bdc1e0ed84f6:192.168.164.244:37504], old=null, confs=<EMPTY_MAP>
2019-10-25 05:34:07,521 [pool-59-thread-1] INFO  server.RaftServerConfigKeys (ConfUtils.java:logGet(43)) - raft.server.storage.dir = [/workdir/hadoop-ozone/integration-test/target/test-dir/MiniOzoneClusterImpl-8530639b-a9ef-4264-b602-ead7924d693f/datanode-2/data/ratis] (custom)
2019-10-25 05:34:07,521 [pool-59-thread-1] INFO  server.RaftServerConfigKeys (ConfUtils.java:logGet(43)) - raft.server.log.corruption.policy = EXCEPTION (default)
2019-10-25 05:34:07,521 [pool-59-thread-1] INFO  storage.RaftStorageDirectory (RaftStorageDirectory.java:analyzeStorage(246)) - The storage directory /workdir/hadoop-ozone/integration-test/target/test-dir/MiniOzoneClusterImpl-8530639b-a9ef-4264-b602-ead7924d693f/datanode-2/data/ratis/ad3596d8-afc6-464f-a1b7-b0175195f4c5 does not exist. Creating ...
2019-10-25 05:34:07,535 [pool-59-thread-1] INFO  storage.RaftStorageDirectory (RaftStorageDirectory.java:tryLock(328)) - Lock on /workdir/hadoop-ozone/integration-test/target/test-dir/MiniOzoneClusterImpl-8530639b-a9ef-4264-b602-ead7924d693f/datanode-2/data/ratis/ad3596d8-afc6-464f-a1b7-b0175195f4c5/in_use.lock acquired by nodename 16345@pr-hdds-1701-29n7p-3046025130
2019-10-25 05:34:07,537 [BlockDeletingService#2] WARN  background.BlockDeletingService (BlockDeletingService.java:isDeletionAllowed(187)) - Close Container log Index 6 is not replicated across allthe servers in the pipeline 5e939ce8-5918-4d57-a2cf-b84bba7d09ac as the min replicated index is 4. Deletion is not allowed in this container yet.
2019-10-25 05:34:07,537 [BlockDeletingService#2] WARN  background.BlockDeletingService (BlockDeletingService.java:isDeletionAllowed(187)) - Close Container log Index 6 is not replicated across allthe servers in the pipeline 5e939ce8-5918-4d57-a2cf-b84bba7d09ac as the min replicated index is 4. Deletion is not allowed in this container yet.
2019-10-25 05:34:07,547 [pool-59-thread-1] INFO  storage.RaftStorage (RaftStorage.java:format(84)) - Storage directory /workdir/hadoop-ozone/integration-test/target/test-dir/MiniOzoneClusterImpl-8530639b-a9ef-4264-b602-ead7924d693f/datanode-2/data/ratis/ad3596d8-afc6-464f-a1b7-b0175195f4c5 has been successfully formatted.
2019-10-25 05:34:07,548 [pool-59-thread-1] INFO  ratis.ContainerStateMachine (ContainerStateMachine.java:loadSnapshot(231)) - group-B0175195F4C5: The snapshot info is null. Setting the last applied indexto:(t:0, i:~)
2019-10-25 05:34:07,548 [pool-59-thread-1] INFO  server.RaftServerConfigKeys (ConfUtils.java:logGet(43)) - raft.server.notification.no-leader.timeout = 1000s (custom)
2019-10-25 05:34:07,548 [pool-59-thread-1] INFO  server.RaftServerConfigKeys (ConfUtils.java:logGet(43)) - raft.server.log.use.memory = false (default)
2019-10-25 05:34:07,548 [pool-59-thread-1] INFO  server.RaftServerConfigKeys (ConfUtils.java:logGet(43)) - raft.server.log.purge.gap = 1000000 (custom)
2019-10-25 05:34:07,548 [pool-59-thread-1] INFO  server.RaftServerConfigKeys (ConfUtils.java:logGet(43)) - raft.server.log.appender.buffer.byte-limit = 33554432 (custom)
2019-10-25 05:34:07,548 [pool-59-thread-1] INFO  server.RaftServerConfigKeys (ConfUtils.java:logGet(43)) - raft.server.log.segment.size.max = 1048576 (custom)
2019-10-25 05:34:07,549 [pool-59-thread-1] INFO  server.RaftServerConfigKeys (ConfUtils.java:logGet(43)) - raft.server.log.segment.cache.num.max = 2 (custom)
2019-10-25 05:34:07,549 [pool-59-thread-1] INFO  segmented.SegmentedRaftLogWorker (SegmentedRaftLogWorker.java:<init>(173)) - new 4ce8dd57-9997-4466-b69c-bdc1e0ed84f6@group-B0175195F4C5-SegmentedRaftLogWorker for RaftStorage:Storage Directory /workdir/hadoop-ozone/integration-test/target/test-dir/MiniOzoneClusterImpl-8530639b-a9ef-4264-b602-ead7924d693f/datanode-2/data/ratis/ad3596d8-afc6-464f-a1b7-b0175195f4c5
2019-10-25 05:34:07,549 [pool-59-thread-1] INFO  server.RaftServerConfigKeys (ConfUtils.java:logGet(43)) - raft.server.log.queue.byte-limit = 2147483647 (custom)
2019-10-25 05:34:07,549 [pool-59-thread-1] INFO  server.RaftServerConfigKeys (ConfUtils.java:logGet(43)) - raft.server.log.queue.element-limit = 1024 (custom)
2019-10-25 05:34:07,549 [pool-59-thread-1] INFO  server.RaftServerConfigKeys (ConfUtils.java:logGet(43)) - raft.server.log.segment.size.max = 1048576 (custom)
2019-10-25 05:34:07,549 [pool-59-thread-1] INFO  server.RaftServerConfigKeys (ConfUtils.java:logGet(43)) - raft.server.log.preallocated.size = 16384 (custom)
2019-10-25 05:34:07,549 [pool-59-thread-1] INFO  server.RaftServerConfigKeys (ConfUtils.java:logGet(43)) - raft.server.log.write.buffer.size = 33554432 (custom)
2019-10-25 05:34:07,550 [pool-59-thread-1] INFO  server.RaftServerConfigKeys (ConfUtils.java:logGet(43)) - raft.server.log.force.sync.num = 128 (default)
2019-10-25 05:34:07,550 [pool-59-thread-1] INFO  server.RaftServerConfigKeys (ConfUtils.java:logGet(43)) - raft.server.log.statemachine.data.sync = true (default)
2019-10-25 05:34:07,550 [pool-59-thread-1] INFO  server.RaftServerConfigKeys (ConfUtils.java:logGet(43)) - raft.server.log.statemachine.data.sync.timeout = 10s (default)
2019-10-25 05:34:07,550 [pool-59-thread-1] INFO  server.RaftServerConfigKeys (ConfUtils.java:logGet(43)) - raft.server.log.statemachine.data.sync.timeout.retry = -1 (default)
2019-10-25 05:34:07,550 [pool-59-thread-1] INFO  server.RaftServerConfigKeys (ConfUtils.java:logGet(43)) - raft.server.log.statemachine.data.caching.enabled = true (custom)
2019-10-25 05:34:07,550 [pool-59-thread-1] INFO  segmented.SegmentedRaftLogWorker (SegmentedRaftLogWorker.java:lambda$new$0(128)) - 4ce8dd57-9997-4466-b69c-bdc1e0ed84f6@group-B0175195F4C5-SegmentedRaftLogWorker: flushIndex: setUnconditionally 0 -> -1
2019-10-25 05:34:07,551 [pool-59-thread-1] INFO  server.RaftServerConfigKeys (ConfUtils.java:logGet(43)) - raft.server.snapshot.auto.trigger.enabled = true (custom)
2019-10-25 05:34:07,551 [pool-59-thread-1] INFO  server.RaftServerConfigKeys (ConfUtils.java:logGet(43)) - raft.server.snapshot.auto.trigger.threshold = 10000 (custom)
2019-10-25 05:34:07,551 [pool-59-thread-1] INFO  server.RaftServerConfigKeys (ConfUtils.java:logGet(43)) - raft.server.snapshot.retention.file.num = 5 (custom)
2019-10-25 05:34:07,551 [pool-59-thread-1] INFO  server.RaftServerConfigKeys (ConfUtils.java:logGet(43)) - raft.server.retrycache.expirytime = 600000ms (custom)
2019-10-25 05:34:07,552 [pool-59-thread-1] WARN  impl.MetricRegistriesImpl (MetricRegistriesImpl.java:lambda$create$1(61)) - First MetricRegistry has been created without registering reporters. You may need to call MetricRegistries.global().addReportRegistration(...) before.
2019-10-25 05:34:07,552 [pool-59-thread-1] WARN  impl.MetricRegistriesImpl (MetricRegistriesImpl.java:lambda$create$1(61)) - First MetricRegistry has been created without registering reporters. You may need to call MetricRegistries.global().addReportRegistration(...) before.
2019-10-25 05:34:07,552 [pool-59-thread-1] INFO  impl.RaftServerImpl (RaftServerImpl.java:start(184)) - 4ce8dd57-9997-4466-b69c-bdc1e0ed84f6@group-B0175195F4C5: start as a follower, conf=-1: [4ce8dd57-9997-4466-b69c-bdc1e0ed84f6:192.168.164.244:37504], old=null
2019-10-25 05:34:07,552 [pool-59-thread-1] INFO  impl.RaftServerImpl (RaftServerImpl.java:setRole(173)) - 4ce8dd57-9997-4466-b69c-bdc1e0ed84f6@group-B0175195F4C5: changes role from      null to FOLLOWER at term 0 for startAsFollower
2019-10-25 05:34:07,552 [pool-59-thread-1] INFO  impl.RoleInfo (RoleInfo.java:updateAndGet(143)) - 4ce8dd57-9997-4466-b69c-bdc1e0ed84f6: start FollowerState
2019-10-25 05:34:07,553 [pool-59-thread-1] INFO  util.JmxRegister (JmxRegister.java:tryRegister(44)) - Successfully registered JMX Bean with object name Ratis:service=RaftServer,group=group-B0175195F4C5,id=4ce8dd57-9997-4466-b69c-bdc1e0ed84f6
2019-10-25 05:34:07,553 [pool-59-thread-1] WARN  impl.MetricRegistriesImpl (MetricRegistriesImpl.java:lambda$create$1(61)) - First MetricRegistry has been created without registering reporters. You may need to call MetricRegistries.global().addReportRegistration(...) before.
2019-10-25 05:34:07,559 [RatisPipelineUtilsThread] INFO  pipeline.PipelineStateManager (PipelineStateManager.java:addPipeline(56)) - Created pipeline Pipeline[ Id: ad3596d8-afc6-464f-a1b7-b0175195f4c5, Nodes: 4ce8dd57-9997-4466-b69c-bdc1e0ed84f6{ip: 192.168.164.244, host: pr-hdds-1701-29n7p-3046025130, networkLocation: /default-rack, certSerialId: null}, Type:RATIS, Factor:ONE, State:OPEN]
2019-10-25 05:34:07,569 [grpc-default-executor-3] INFO  impl.RaftServerProxy (RaftServerProxy.java:addNew(89)) - 4ce8dd57-9997-4466-b69c-bdc1e0ed84f6: addNew group-E72857C71DEB:[a05bcb01-8262-4b6c-960b-c3a46ef8bd63:192.168.164.244:44076, 4ce8dd57-9997-4466-b69c-bdc1e0ed84f6:192.168.164.244:37504, 9484238f-0427-4b0f-b3b9-a493ba149161:192.168.164.244:33617] returns group-E72857C71DEB:java.util.concurrent.CompletableFuture@5419b40a[Not completed]
2019-10-25 05:34:07,569 [grpc-default-executor-0] INFO  impl.RaftServerProxy (RaftServerProxy.java:addNew(89)) - 9484238f-0427-4b0f-b3b9-a493ba149161: addNew group-E72857C71DEB:[a05bcb01-8262-4b6c-960b-c3a46ef8bd63:192.168.164.244:44076, 4ce8dd57-9997-4466-b69c-bdc1e0ed84f6:192.168.164.244:37504, 9484238f-0427-4b0f-b3b9-a493ba149161:192.168.164.244:33617] returns group-E72857C71DEB:java.util.concurrent.CompletableFuture@48f1ebc9[Not completed]
2019-10-25 05:34:07,569 [grpc-default-executor-4] INFO  impl.RaftServerProxy (RaftServerProxy.java:addNew(89)) - a05bcb01-8262-4b6c-960b-c3a46ef8bd63: addNew group-E72857C71DEB:[a05bcb01-8262-4b6c-960b-c3a46ef8bd63:192.168.164.244:44076, 4ce8dd57-9997-4466-b69c-bdc1e0ed84f6:192.168.164.244:37504, 9484238f-0427-4b0f-b3b9-a493ba149161:192.168.164.244:33617] returns group-E72857C71DEB:java.util.concurrent.CompletableFuture@126a61b8[Not completed]
2019-10-25 05:34:07,571 [pool-59-thread-1] INFO  impl.RaftServerImpl (RaftServerImpl.java:<init>(98)) - 4ce8dd57-9997-4466-b69c-bdc1e0ed84f6: new RaftServerImpl for group-E72857C71DEB:[a05bcb01-8262-4b6c-960b-c3a46ef8bd63:192.168.164.244:44076, 4ce8dd57-9997-4466-b69c-bdc1e0ed84f6:192.168.164.244:37504, 9484238f-0427-4b0f-b3b9-a493ba149161:192.168.164.244:33617] with ContainerStateMachine:uninitialized
2019-10-25 05:34:07,571 [pool-59-thread-1] INFO  server.RaftServerConfigKeys (ConfUtils.java:logGet(43)) - raft.server.rpc.timeout.min = 5s (custom)
2019-10-25 05:34:07,571 [pool-59-thread-1] INFO  server.RaftServerConfigKeys (ConfUtils.java:logGet(43)) - raft.server.rpc.timeout.max = 5200ms (custom)
2019-10-25 05:34:07,571 [pool-59-thread-1] INFO  server.RaftServerConfigKeys (ConfUtils.java:logGet(43)) - raft.server.rpcslowness.timeout = 1000s (custom)
2019-10-25 05:34:07,572 [pool-59-thread-1] INFO  server.RaftServerConfigKeys (ConfUtils.java:logGet(43)) - raft.server.sleep.deviation.threshold = 300 (default)
2019-10-25 05:34:07,572 [pool-59-thread-1] INFO  server.RaftServerConfigKeys (ConfUtils.java:logGet(43)) - raft.server.log.appender.install.snapshot.enabled = false (custom)
2019-10-25 05:34:07,572 [pool-59-thread-1] INFO  impl.RaftServerImpl (ServerState.java:<init>(103)) - 4ce8dd57-9997-4466-b69c-bdc1e0ed84f6@group-E72857C71DEB: ConfigurationManager, init=-1: [a05bcb01-8262-4b6c-960b-c3a46ef8bd63:192.168.164.244:44076, 4ce8dd57-9997-4466-b69c-bdc1e0ed84f6:192.168.164.244:37504, 9484238f-0427-4b0f-b3b9-a493ba149161:192.168.164.244:33617], old=null, confs=<EMPTY_MAP>
2019-10-25 05:34:07,572 [pool-59-thread-1] INFO  server.RaftServerConfigKeys (ConfUtils.java:logGet(43)) - raft.server.storage.dir = [/workdir/hadoop-ozone/integration-test/target/test-dir/MiniOzoneClusterImpl-8530639b-a9ef-4264-b602-ead7924d693f/datanode-2/data/ratis] (custom)
2019-10-25 05:34:07,572 [pool-27-thread-1] INFO  impl.RaftServerImpl (RaftServerImpl.java:<init>(98)) - 9484238f-0427-4b0f-b3b9-a493ba149161: new RaftServerImpl for group-E72857C71DEB:[a05bcb01-8262-4b6c-960b-c3a46ef8bd63:192.168.164.244:44076, 4ce8dd57-9997-4466-b69c-bdc1e0ed84f6:192.168.164.244:37504, 9484238f-0427-4b0f-b3b9-a493ba149161:192.168.164.244:33617] with ContainerStateMachine:uninitialized
2019-10-25 05:34:07,572 [pool-27-thread-1] INFO  server.RaftServerConfigKeys (ConfUtils.java:logGet(43)) - raft.server.rpc.timeout.min = 5s (custom)
2019-10-25 05:34:07,572 [pool-59-thread-1] INFO  server.RaftServerConfigKeys (ConfUtils.java:logGet(43)) - raft.server.log.corruption.policy = EXCEPTION (default)
2019-10-25 05:34:07,572 [pool-27-thread-1] INFO  server.RaftServerConfigKeys (ConfUtils.java:logGet(43)) - raft.server.rpc.timeout.max = 5200ms (custom)
2019-10-25 05:34:07,573 [pool-59-thread-1] INFO  storage.RaftStorageDirectory (RaftStorageDirectory.java:analyzeStorage(246)) - The storage directory /workdir/hadoop-ozone/integration-test/target/test-dir/MiniOzoneClusterImpl-8530639b-a9ef-4264-b602-ead7924d693f/datanode-2/data/ratis/62e946c2-e528-4b6d-859d-e72857c71deb does not exist. Creating ...
2019-10-25 05:34:07,573 [pool-37-thread-1] INFO  impl.RaftServerImpl (RaftServerImpl.java:<init>(98)) - a05bcb01-8262-4b6c-960b-c3a46ef8bd63: new RaftServerImpl for group-E72857C71DEB:[a05bcb01-8262-4b6c-960b-c3a46ef8bd63:192.168.164.244:44076, 4ce8dd57-9997-4466-b69c-bdc1e0ed84f6:192.168.164.244:37504, 9484238f-0427-4b0f-b3b9-a493ba149161:192.168.164.244:33617] with ContainerStateMachine:uninitialized
2019-10-25 05:34:07,573 [pool-27-thread-1] INFO  server.RaftServerConfigKeys (ConfUtils.java:logGet(43)) - raft.server.rpcslowness.timeout = 1000s (custom)
2019-10-25 05:34:07,573 [pool-37-thread-1] INFO  server.RaftServerConfigKeys (ConfUtils.java:logGet(43)) - raft.server.rpc.timeout.min = 5s (custom)
2019-10-25 05:34:07,573 [pool-27-thread-1] INFO  server.RaftServerConfigKeys (ConfUtils.java:logGet(43)) - raft.server.sleep.deviation.threshold = 300 (default)
2019-10-25 05:34:07,573 [pool-37-thread-1] INFO  server.RaftServerConfigKeys (ConfUtils.java:logGet(43)) - raft.server.rpc.timeout.max = 5200ms (custom)
2019-10-25 05:34:07,573 [pool-27-thread-1] INFO  server.RaftServerConfigKeys (ConfUtils.java:logGet(43)) - raft.server.log.appender.install.snapshot.enabled = false (custom)
2019-10-25 05:34:07,573 [pool-37-thread-1] INFO  server.RaftServerConfigKeys (ConfUtils.java:logGet(43)) - raft.server.rpcslowness.timeout = 1000s (custom)
2019-10-25 05:34:07,573 [pool-27-thread-1] INFO  impl.RaftServerImpl (ServerState.java:<init>(103)) - 9484238f-0427-4b0f-b3b9-a493ba149161@group-E72857C71DEB: ConfigurationManager, init=-1: [a05bcb01-8262-4b6c-960b-c3a46ef8bd63:192.168.164.244:44076, 4ce8dd57-9997-4466-b69c-bdc1e0ed84f6:192.168.164.244:37504, 9484238f-0427-4b0f-b3b9-a493ba149161:192.168.164.244:33617], old=null, confs=<EMPTY_MAP>
2019-10-25 05:34:07,573 [pool-37-thread-1] INFO  server.RaftServerConfigKeys (ConfUtils.java:logGet(43)) - raft.server.sleep.deviation.threshold = 300 (default)
2019-10-25 05:34:07,573 [pool-27-thread-1] INFO  server.RaftServerConfigKeys (ConfUtils.java:logGet(43)) - raft.server.storage.dir = [/workdir/hadoop-ozone/integration-test/target/test-dir/MiniOzoneClusterImpl-8530639b-a9ef-4264-b602-ead7924d693f/datanode-0/data/ratis] (custom)
2019-10-25 05:34:07,573 [pool-37-thread-1] INFO  server.RaftServerConfigKeys (ConfUtils.java:logGet(43)) - raft.server.log.appender.install.snapshot.enabled = false (custom)
2019-10-25 05:34:07,574 [pool-37-thread-1] INFO  impl.RaftServerImpl (ServerState.java:<init>(103)) - a05bcb01-8262-4b6c-960b-c3a46ef8bd63@group-E72857C71DEB: ConfigurationManager, init=-1: [a05bcb01-8262-4b6c-960b-c3a46ef8bd63:192.168.164.244:44076, 4ce8dd57-9997-4466-b69c-bdc1e0ed84f6:192.168.164.244:37504, 9484238f-0427-4b0f-b3b9-a493ba149161:192.168.164.244:33617], old=null, confs=<EMPTY_MAP>
2019-10-25 05:34:07,574 [pool-27-thread-1] INFO  server.RaftServerConfigKeys (ConfUtils.java:logGet(43)) - raft.server.log.corruption.policy = EXCEPTION (default)
2019-10-25 05:34:07,574 [pool-37-thread-1] INFO  server.RaftServerConfigKeys (ConfUtils.java:logGet(43)) - raft.server.storage.dir = [/workdir/hadoop-ozone/integration-test/target/test-dir/MiniOzoneClusterImpl-8530639b-a9ef-4264-b602-ead7924d693f/datanode-1/data/ratis] (custom)
2019-10-25 05:34:07,574 [pool-27-thread-1] INFO  storage.RaftStorageDirectory (RaftStorageDirectory.java:analyzeStorage(246)) - The storage directory /workdir/hadoop-ozone/integration-test/target/test-dir/MiniOzoneClusterImpl-8530639b-a9ef-4264-b602-ead7924d693f/datanode-0/data/ratis/62e946c2-e528-4b6d-859d-e72857c71deb does not exist. Creating ...
2019-10-25 05:34:07,574 [pool-37-thread-1] INFO  server.RaftServerConfigKeys (ConfUtils.java:logGet(43)) - raft.server.log.corruption.policy = EXCEPTION (default)
2019-10-25 05:34:07,574 [pool-37-thread-1] INFO  storage.RaftStorageDirectory (RaftStorageDirectory.java:analyzeStorage(246)) - The storage directory /workdir/hadoop-ozone/integration-test/target/test-dir/MiniOzoneClusterImpl-8530639b-a9ef-4264-b602-ead7924d693f/datanode-1/data/ratis/62e946c2-e528-4b6d-859d-e72857c71deb does not exist. Creating ...
2019-10-25 05:34:07,586 [pool-37-thread-1] INFO  storage.RaftStorageDirectory (RaftStorageDirectory.java:tryLock(328)) - Lock on /workdir/hadoop-ozone/integration-test/target/test-dir/MiniOzoneClusterImpl-8530639b-a9ef-4264-b602-ead7924d693f/datanode-1/data/ratis/62e946c2-e528-4b6d-859d-e72857c71deb/in_use.lock acquired by nodename 16345@pr-hdds-1701-29n7p-3046025130
2019-10-25 05:34:07,586 [pool-59-thread-1] INFO  storage.RaftStorageDirectory (RaftStorageDirectory.java:tryLock(328)) - Lock on /workdir/hadoop-ozone/integration-test/target/test-dir/MiniOzoneClusterImpl-8530639b-a9ef-4264-b602-ead7924d693f/datanode-2/data/ratis/62e946c2-e528-4b6d-859d-e72857c71deb/in_use.lock acquired by nodename 16345@pr-hdds-1701-29n7p-3046025130
2019-10-25 05:34:07,586 [pool-27-thread-1] INFO  storage.RaftStorageDirectory (RaftStorageDirectory.java:tryLock(328)) - Lock on /workdir/hadoop-ozone/integration-test/target/test-dir/MiniOzoneClusterImpl-8530639b-a9ef-4264-b602-ead7924d693f/datanode-0/data/ratis/62e946c2-e528-4b6d-859d-e72857c71deb/in_use.lock acquired by nodename 16345@pr-hdds-1701-29n7p-3046025130
2019-10-25 05:34:07,600 [pool-59-thread-1] INFO  storage.RaftStorage (RaftStorage.java:format(84)) - Storage directory /workdir/hadoop-ozone/integration-test/target/test-dir/MiniOzoneClusterImpl-8530639b-a9ef-4264-b602-ead7924d693f/datanode-2/data/ratis/62e946c2-e528-4b6d-859d-e72857c71deb has been successfully formatted.
2019-10-25 05:34:07,600 [pool-27-thread-1] INFO  storage.RaftStorage (RaftStorage.java:format(84)) - Storage directory /workdir/hadoop-ozone/integration-test/target/test-dir/MiniOzoneClusterImpl-8530639b-a9ef-4264-b602-ead7924d693f/datanode-0/data/ratis/62e946c2-e528-4b6d-859d-e72857c71deb has been successfully formatted.
2019-10-25 05:34:07,600 [pool-37-thread-1] INFO  storage.RaftStorage (RaftStorage.java:format(84)) - Storage directory /workdir/hadoop-ozone/integration-test/target/test-dir/MiniOzoneClusterImpl-8530639b-a9ef-4264-b602-ead7924d693f/datanode-1/data/ratis/62e946c2-e528-4b6d-859d-e72857c71deb has been successfully formatted.
2019-10-25 05:34:07,600 [pool-59-thread-1] INFO  ratis.ContainerStateMachine (ContainerStateMachine.java:loadSnapshot(231)) - group-E72857C71DEB: The snapshot info is null. Setting the last applied indexto:(t:0, i:~)
2019-10-25 05:34:07,601 [pool-27-thread-1] INFO  ratis.ContainerStateMachine (ContainerStateMachine.java:loadSnapshot(231)) - group-E72857C71DEB: The snapshot info is null. Setting the last applied indexto:(t:0, i:~)
2019-10-25 05:34:07,601 [pool-37-thread-1] INFO  ratis.ContainerStateMachine (ContainerStateMachine.java:loadSnapshot(231)) - group-E72857C71DEB: The snapshot info is null. Setting the last applied indexto:(t:0, i:~)
2019-10-25 05:34:07,601 [pool-27-thread-1] INFO  server.RaftServerConfigKeys (ConfUtils.java:logGet(43)) - raft.server.notification.no-leader.timeout = 1000s (custom)
2019-10-25 05:34:07,601 [pool-59-thread-1] INFO  server.RaftServerConfigKeys (ConfUtils.java:logGet(43)) - raft.server.notification.no-leader.timeout = 1000s (custom)
2019-10-25 05:34:07,601 [pool-27-thread-1] INFO  server.RaftServerConfigKeys (ConfUtils.java:logGet(43)) - raft.server.log.use.memory = false (default)
2019-10-25 05:34:07,601 [pool-37-thread-1] INFO  server.RaftServerConfigKeys (ConfUtils.java:logGet(43)) - raft.server.notification.no-leader.timeout = 1000s (custom)
2019-10-25 05:34:07,601 [pool-59-thread-1] INFO  server.RaftServerConfigKeys (ConfUtils.java:logGet(43)) - raft.server.log.use.memory = false (default)
2019-10-25 05:34:07,601 [pool-27-thread-1] INFO  server.RaftServerConfigKeys (ConfUtils.java:logGet(43)) - raft.server.log.purge.gap = 1000000 (custom)
2019-10-25 05:34:07,601 [pool-37-thread-1] INFO  server.RaftServerConfigKeys (ConfUtils.java:logGet(43)) - raft.server.log.use.memory = false (default)
2019-10-25 05:34:07,602 [pool-27-thread-1] INFO  server.RaftServerConfigKeys (ConfUtils.java:logGet(43)) - raft.server.log.appender.buffer.byte-limit = 33554432 (custom)
2019-10-25 05:34:07,601 [pool-59-thread-1] INFO  server.RaftServerConfigKeys (ConfUtils.java:logGet(43)) - raft.server.log.purge.gap = 1000000 (custom)
2019-10-25 05:34:07,602 [pool-27-thread-1] INFO  server.RaftServerConfigKeys (ConfUtils.java:logGet(43)) - raft.server.log.segment.size.max = 1048576 (custom)
2019-10-25 05:34:07,602 [pool-37-thread-1] INFO  server.RaftServerConfigKeys (ConfUtils.java:logGet(43)) - raft.server.log.purge.gap = 1000000 (custom)
2019-10-25 05:34:07,602 [pool-27-thread-1] INFO  server.RaftServerConfigKeys (ConfUtils.java:logGet(43)) - raft.server.log.segment.cache.num.max = 2 (custom)
2019-10-25 05:34:07,602 [pool-59-thread-1] INFO  server.RaftServerConfigKeys (ConfUtils.java:logGet(43)) - raft.server.log.appender.buffer.byte-limit = 33554432 (custom)
2019-10-25 05:34:07,603 [pool-27-thread-1] INFO  segmented.SegmentedRaftLogWorker (SegmentedRaftLogWorker.java:<init>(173)) - new 9484238f-0427-4b0f-b3b9-a493ba149161@group-E72857C71DEB-SegmentedRaftLogWorker for RaftStorage:Storage Directory /workdir/hadoop-ozone/integration-test/target/test-dir/MiniOzoneClusterImpl-8530639b-a9ef-4264-b602-ead7924d693f/datanode-0/data/ratis/62e946c2-e528-4b6d-859d-e72857c71deb
2019-10-25 05:34:07,602 [pool-37-thread-1] INFO  server.RaftServerConfigKeys (ConfUtils.java:logGet(43)) - raft.server.log.appender.buffer.byte-limit = 33554432 (custom)
2019-10-25 05:34:07,603 [pool-27-thread-1] INFO  server.RaftServerConfigKeys (ConfUtils.java:logGet(43)) - raft.server.log.queue.byte-limit = 2147483647 (custom)
2019-10-25 05:34:07,603 [pool-59-thread-1] INFO  server.RaftServerConfigKeys (ConfUtils.java:logGet(43)) - raft.server.log.segment.size.max = 1048576 (custom)
2019-10-25 05:34:07,603 [pool-27-thread-1] INFO  server.RaftServerConfigKeys (ConfUtils.java:logGet(43)) - raft.server.log.queue.element-limit = 1024 (custom)
2019-10-25 05:34:07,603 [pool-37-thread-1] INFO  server.RaftServerConfigKeys (ConfUtils.java:logGet(43)) - raft.server.log.segment.size.max = 1048576 (custom)
2019-10-25 05:34:07,604 [pool-27-thread-1] INFO  server.RaftServerConfigKeys (ConfUtils.java:logGet(43)) - raft.server.log.segment.size.max = 1048576 (custom)
2019-10-25 05:34:07,603 [pool-59-thread-1] INFO  server.RaftServerConfigKeys (ConfUtils.java:logGet(43)) - raft.server.log.segment.cache.num.max = 2 (custom)
2019-10-25 05:34:07,604 [pool-27-thread-1] INFO  server.RaftServerConfigKeys (ConfUtils.java:logGet(43)) - raft.server.log.preallocated.size = 16384 (custom)
2019-10-25 05:34:07,604 [pool-27-thread-1] INFO  server.RaftServerConfigKeys (ConfUtils.java:logGet(43)) - raft.server.log.write.buffer.size = 33554432 (custom)
2019-10-25 05:34:07,604 [pool-37-thread-1] INFO  server.RaftServerConfigKeys (ConfUtils.java:logGet(43)) - raft.server.log.segment.cache.num.max = 2 (custom)
2019-10-25 05:34:07,604 [pool-27-thread-1] INFO  server.RaftServerConfigKeys (ConfUtils.java:logGet(43)) - raft.server.log.force.sync.num = 128 (default)
2019-10-25 05:34:07,605 [pool-27-thread-1] INFO  server.RaftServerConfigKeys (ConfUtils.java:logGet(43)) - raft.server.log.statemachine.data.sync = true (default)
2019-10-25 05:34:07,604 [pool-59-thread-1] INFO  segmented.SegmentedRaftLogWorker (SegmentedRaftLogWorker.java:<init>(173)) - new 4ce8dd57-9997-4466-b69c-bdc1e0ed84f6@group-E72857C71DEB-SegmentedRaftLogWorker for RaftStorage:Storage Directory /workdir/hadoop-ozone/integration-test/target/test-dir/MiniOzoneClusterImpl-8530639b-a9ef-4264-b602-ead7924d693f/datanode-2/data/ratis/62e946c2-e528-4b6d-859d-e72857c71deb
2019-10-25 05:34:07,605 [pool-27-thread-1] INFO  server.RaftServerConfigKeys (ConfUtils.java:logGet(43)) - raft.server.log.statemachine.data.sync.timeout = 10s (default)
2019-10-25 05:34:07,605 [pool-27-thread-1] INFO  server.RaftServerConfigKeys (ConfUtils.java:logGet(43)) - raft.server.log.statemachine.data.sync.timeout.retry = -1 (default)
2019-10-25 05:34:07,604 [pool-37-thread-1] INFO  segmented.SegmentedRaftLogWorker (SegmentedRaftLogWorker.java:<init>(173)) - new a05bcb01-8262-4b6c-960b-c3a46ef8bd63@group-E72857C71DEB-SegmentedRaftLogWorker for RaftStorage:Storage Directory /workdir/hadoop-ozone/integration-test/target/test-dir/MiniOzoneClusterImpl-8530639b-a9ef-4264-b602-ead7924d693f/datanode-1/data/ratis/62e946c2-e528-4b6d-859d-e72857c71deb
2019-10-25 05:34:07,605 [pool-59-thread-1] INFO  server.RaftServerConfigKeys (ConfUtils.java:logGet(43)) - raft.server.log.queue.byte-limit = 2147483647 (custom)
2019-10-25 05:34:07,605 [pool-37-thread-1] INFO  server.RaftServerConfigKeys (ConfUtils.java:logGet(43)) - raft.server.log.queue.byte-limit = 2147483647 (custom)
2019-10-25 05:34:07,605 [pool-27-thread-1] INFO  server.RaftServerConfigKeys (ConfUtils.java:logGet(43)) - raft.server.log.statemachine.data.caching.enabled = true (custom)
2019-10-25 05:34:07,606 [pool-37-thread-1] INFO  server.RaftServerConfigKeys (ConfUtils.java:logGet(43)) - raft.server.log.queue.element-limit = 1024 (custom)
2019-10-25 05:34:07,606 [pool-59-thread-1] INFO  server.RaftServerConfigKeys (ConfUtils.java:logGet(43)) - raft.server.log.queue.element-limit = 1024 (custom)
2019-10-25 05:34:07,606 [pool-27-thread-1] INFO  segmented.SegmentedRaftLogWorker (SegmentedRaftLogWorker.java:lambda$new$0(128)) - 9484238f-0427-4b0f-b3b9-a493ba149161@group-E72857C71DEB-SegmentedRaftLogWorker: flushIndex: setUnconditionally 0 -> -1
2019-10-25 05:34:07,606 [pool-37-thread-1] INFO  server.RaftServerConfigKeys (ConfUtils.java:logGet(43)) - raft.server.log.segment.size.max = 1048576 (custom)
2019-10-25 05:34:07,606 [pool-59-thread-1] INFO  server.RaftServerConfigKeys (ConfUtils.java:logGet(43)) - raft.server.log.segment.size.max = 1048576 (custom)
2019-10-25 05:34:07,607 [pool-27-thread-1] INFO  server.RaftServerConfigKeys (ConfUtils.java:logGet(43)) - raft.server.snapshot.auto.trigger.enabled = true (custom)
2019-10-25 05:34:07,606 [pool-37-thread-1] INFO  server.RaftServerConfigKeys (ConfUtils.java:logGet(43)) - raft.server.log.preallocated.size = 16384 (custom)
2019-10-25 05:34:07,607 [pool-27-thread-1] INFO  server.RaftServerConfigKeys (ConfUtils.java:logGet(43)) - raft.server.snapshot.auto.trigger.threshold = 10000 (custom)
2019-10-25 05:34:07,607 [pool-59-thread-1] INFO  server.RaftServerConfigKeys (ConfUtils.java:logGet(43)) - raft.server.log.preallocated.size = 16384 (custom)
2019-10-25 05:34:07,607 [pool-27-thread-1] INFO  server.RaftServerConfigKeys (ConfUtils.java:logGet(43)) - raft.server.snapshot.retention.file.num = 5 (custom)
2019-10-25 05:34:07,607 [pool-37-thread-1] INFO  server.RaftServerConfigKeys (ConfUtils.java:logGet(43)) - raft.server.log.write.buffer.size = 33554432 (custom)
2019-10-25 05:34:07,607 [pool-27-thread-1] INFO  server.RaftServerConfigKeys (ConfUtils.java:logGet(43)) - raft.server.retrycache.expirytime = 600000ms (custom)
2019-10-25 05:34:07,607 [pool-59-thread-1] INFO  server.RaftServerConfigKeys (ConfUtils.java:logGet(43)) - raft.server.log.write.buffer.size = 33554432 (custom)
2019-10-25 05:34:07,607 [pool-37-thread-1] INFO  server.RaftServerConfigKeys (ConfUtils.java:logGet(43)) - raft.server.log.force.sync.num = 128 (default)
2019-10-25 05:34:07,608 [pool-27-thread-1] WARN  impl.MetricRegistriesImpl (MetricRegistriesImpl.java:lambda$create$1(61)) - First MetricRegistry has been created without registering reporters. You may need to call MetricRegistries.global().addReportRegistration(...) before.
2019-10-25 05:34:07,608 [pool-59-thread-1] INFO  server.RaftServerConfigKeys (ConfUtils.java:logGet(43)) - raft.server.log.force.sync.num = 128 (default)
2019-10-25 05:34:07,608 [pool-27-thread-1] WARN  impl.MetricRegistriesImpl (MetricRegistriesImpl.java:lambda$create$1(61)) - First MetricRegistry has been created without registering reporters. You may need to call MetricRegistries.global().addReportRegistration(...) before.
2019-10-25 05:34:07,608 [pool-37-thread-1] INFO  server.RaftServerConfigKeys (ConfUtils.java:logGet(43)) - raft.server.log.statemachine.data.sync = true (default)
2019-10-25 05:34:07,608 [pool-59-thread-1] INFO  server.RaftServerConfigKeys (ConfUtils.java:logGet(43)) - raft.server.log.statemachine.data.sync = true (default)
2019-10-25 05:34:07,608 [pool-37-thread-1] INFO  server.RaftServerConfigKeys (ConfUtils.java:logGet(43)) - raft.server.log.statemachine.data.sync.timeout = 10s (default)
2019-10-25 05:34:07,608 [pool-27-thread-1] INFO  impl.RaftServerImpl (RaftServerImpl.java:start(184)) - 9484238f-0427-4b0f-b3b9-a493ba149161@group-E72857C71DEB: start as a follower, conf=-1: [a05bcb01-8262-4b6c-960b-c3a46ef8bd63:192.168.164.244:44076, 4ce8dd57-9997-4466-b69c-bdc1e0ed84f6:192.168.164.244:37504, 9484238f-0427-4b0f-b3b9-a493ba149161:192.168.164.244:33617], old=null
2019-10-25 05:34:07,609 [pool-37-thread-1] INFO  server.RaftServerConfigKeys (ConfUtils.java:logGet(43)) - raft.server.log.statemachine.data.sync.timeout.retry = -1 (default)
2019-10-25 05:34:07,608 [pool-59-thread-1] INFO  server.RaftServerConfigKeys (ConfUtils.java:logGet(43)) - raft.server.log.statemachine.data.sync.timeout = 10s (default)
2019-10-25 05:34:07,609 [pool-27-thread-1] INFO  impl.RaftServerImpl (RaftServerImpl.java:setRole(173)) - 9484238f-0427-4b0f-b3b9-a493ba149161@group-E72857C71DEB: changes role from      null to FOLLOWER at term 0 for startAsFollower
2019-10-25 05:34:07,609 [pool-37-thread-1] INFO  server.RaftServerConfigKeys (ConfUtils.java:logGet(43)) - raft.server.log.statemachine.data.caching.enabled = true (custom)
2019-10-25 05:34:07,609 [pool-59-thread-1] INFO  server.RaftServerConfigKeys (ConfUtils.java:logGet(43)) - raft.server.log.statemachine.data.sync.timeout.retry = -1 (default)
2019-10-25 05:34:07,609 [pool-27-thread-1] INFO  impl.RoleInfo (RoleInfo.java:updateAndGet(143)) - 9484238f-0427-4b0f-b3b9-a493ba149161: start FollowerState
2019-10-25 05:34:07,609 [pool-59-thread-1] INFO  server.RaftServerConfigKeys (ConfUtils.java:logGet(43)) - raft.server.log.statemachine.data.caching.enabled = true (custom)
2019-10-25 05:34:07,609 [pool-37-thread-1] INFO  segmented.SegmentedRaftLogWorker (SegmentedRaftLogWorker.java:lambda$new$0(128)) - a05bcb01-8262-4b6c-960b-c3a46ef8bd63@group-E72857C71DEB-SegmentedRaftLogWorker: flushIndex: setUnconditionally 0 -> -1
2019-10-25 05:34:07,610 [pool-59-thread-1] INFO  segmented.SegmentedRaftLogWorker (SegmentedRaftLogWorker.java:lambda$new$0(128)) - 4ce8dd57-9997-4466-b69c-bdc1e0ed84f6@group-E72857C71DEB-SegmentedRaftLogWorker: flushIndex: setUnconditionally 0 -> -1
2019-10-25 05:34:07,610 [pool-27-thread-1] INFO  util.JmxRegister (JmxRegister.java:tryRegister(44)) - Successfully registered JMX Bean with object name Ratis:service=RaftServer,group=group-E72857C71DEB,id=9484238f-0427-4b0f-b3b9-a493ba149161
2019-10-25 05:34:07,610 [pool-59-thread-1] INFO  server.RaftServerConfigKeys (ConfUtils.java:logGet(43)) - raft.server.snapshot.auto.trigger.enabled = true (custom)
2019-10-25 05:34:07,610 [pool-37-thread-1] INFO  server.RaftServerConfigKeys (ConfUtils.java:logGet(43)) - raft.server.snapshot.auto.trigger.enabled = true (custom)
2019-10-25 05:34:07,610 [pool-59-thread-1] INFO  server.RaftServerConfigKeys (ConfUtils.java:logGet(43)) - raft.server.snapshot.auto.trigger.threshold = 10000 (custom)
2019-10-25 05:34:07,610 [pool-27-thread-1] WARN  impl.MetricRegistriesImpl (MetricRegistriesImpl.java:lambda$create$1(61)) - First MetricRegistry has been created without registering reporters. You may need to call MetricRegistries.global().addReportRegistration(...) before.
2019-10-25 05:34:07,610 [pool-59-thread-1] INFO  server.RaftServerConfigKeys (ConfUtils.java:logGet(43)) - raft.server.snapshot.retention.file.num = 5 (custom)
2019-10-25 05:34:07,610 [pool-37-thread-1] INFO  server.RaftServerConfigKeys (ConfUtils.java:logGet(43)) - raft.server.snapshot.auto.trigger.threshold = 10000 (custom)
2019-10-25 05:34:07,611 [pool-59-thread-1] INFO  server.RaftServerConfigKeys (ConfUtils.java:logGet(43)) - raft.server.retrycache.expirytime = 600000ms (custom)
2019-10-25 05:34:07,611 [pool-37-thread-1] INFO  server.RaftServerConfigKeys (ConfUtils.java:logGet(43)) - raft.server.snapshot.retention.file.num = 5 (custom)
2019-10-25 05:34:07,611 [pool-59-thread-1] WARN  impl.MetricRegistriesImpl (MetricRegistriesImpl.java:lambda$create$1(61)) - First MetricRegistry has been created without registering reporters. You may need to call MetricRegistries.global().addReportRegistration(...) before.
2019-10-25 05:34:07,611 [pool-37-thread-1] INFO  server.RaftServerConfigKeys (ConfUtils.java:logGet(43)) - raft.server.retrycache.expirytime = 600000ms (custom)
2019-10-25 05:34:07,611 [pool-59-thread-1] WARN  impl.MetricRegistriesImpl (MetricRegistriesImpl.java:lambda$create$1(61)) - First MetricRegistry has been created without registering reporters. You may need to call MetricRegistries.global().addReportRegistration(...) before.
2019-10-25 05:34:07,611 [pool-37-thread-1] WARN  impl.MetricRegistriesImpl (MetricRegistriesImpl.java:lambda$create$1(61)) - First MetricRegistry has been created without registering reporters. You may need to call MetricRegistries.global().addReportRegistration(...) before.
2019-10-25 05:34:07,611 [pool-59-thread-1] INFO  impl.RaftServerImpl (RaftServerImpl.java:start(184)) - 4ce8dd57-9997-4466-b69c-bdc1e0ed84f6@group-E72857C71DEB: start as a follower, conf=-1: [a05bcb01-8262-4b6c-960b-c3a46ef8bd63:192.168.164.244:44076, 4ce8dd57-9997-4466-b69c-bdc1e0ed84f6:192.168.164.244:37504, 9484238f-0427-4b0f-b3b9-a493ba149161:192.168.164.244:33617], old=null
2019-10-25 05:34:07,611 [pool-37-thread-1] WARN  impl.MetricRegistriesImpl (MetricRegistriesImpl.java:lambda$create$1(61)) - First MetricRegistry has been created without registering reporters. You may need to call MetricRegistries.global().addReportRegistration(...) before.
2019-10-25 05:34:07,611 [pool-59-thread-1] INFO  impl.RaftServerImpl (RaftServerImpl.java:setRole(173)) - 4ce8dd57-9997-4466-b69c-bdc1e0ed84f6@group-E72857C71DEB: changes role from      null to FOLLOWER at term 0 for startAsFollower
2019-10-25 05:34:07,611 [pool-37-thread-1] INFO  impl.RaftServerImpl (RaftServerImpl.java:start(184)) - a05bcb01-8262-4b6c-960b-c3a46ef8bd63@group-E72857C71DEB: start as a follower, conf=-1: [a05bcb01-8262-4b6c-960b-c3a46ef8bd63:192.168.164.244:44076, 4ce8dd57-9997-4466-b69c-bdc1e0ed84f6:192.168.164.244:37504, 9484238f-0427-4b0f-b3b9-a493ba149161:192.168.164.244:33617], old=null
2019-10-25 05:34:07,611 [pool-59-thread-1] INFO  impl.RoleInfo (RoleInfo.java:updateAndGet(143)) - 4ce8dd57-9997-4466-b69c-bdc1e0ed84f6: start FollowerState
2019-10-25 05:34:07,611 [pool-37-thread-1] INFO  impl.RaftServerImpl (RaftServerImpl.java:setRole(173)) - a05bcb01-8262-4b6c-960b-c3a46ef8bd63@group-E72857C71DEB: changes role from      null to FOLLOWER at term 0 for startAsFollower
2019-10-25 05:34:07,612 [pool-37-thread-1] INFO  impl.RoleInfo (RoleInfo.java:updateAndGet(143)) - a05bcb01-8262-4b6c-960b-c3a46ef8bd63: start FollowerState
2019-10-25 05:34:07,613 [pool-37-thread-1] INFO  util.JmxRegister (JmxRegister.java:tryRegister(44)) - Successfully registered JMX Bean with object name Ratis:service=RaftServer,group=group-E72857C71DEB,id=a05bcb01-8262-4b6c-960b-c3a46ef8bd63
2019-10-25 05:34:07,613 [pool-37-thread-1] WARN  impl.MetricRegistriesImpl (MetricRegistriesImpl.java:lambda$create$1(61)) - First MetricRegistry has been created without registering reporters. You may need to call MetricRegistries.global().addReportRegistration(...) before.
2019-10-25 05:34:07,613 [pool-59-thread-1] INFO  util.JmxRegister (JmxRegister.java:tryRegister(44)) - Successfully registered JMX Bean with object name Ratis:service=RaftServer,group=group-E72857C71DEB,id=4ce8dd57-9997-4466-b69c-bdc1e0ed84f6
2019-10-25 05:34:07,614 [pool-59-thread-1] WARN  impl.MetricRegistriesImpl (MetricRegistriesImpl.java:lambda$create$1(61)) - First MetricRegistry has been created without registering reporters. You may need to call MetricRegistries.global().addReportRegistration(...) before.
2019-10-25 05:34:07,623 [RatisPipelineUtilsThread] INFO  pipeline.PipelineStateManager (PipelineStateManager.java:addPipeline(56)) - Created pipeline Pipeline[ Id: 62e946c2-e528-4b6d-859d-e72857c71deb, Nodes: a05bcb01-8262-4b6c-960b-c3a46ef8bd63{ip: 192.168.164.244, host: pr-hdds-1701-29n7p-3046025130, networkLocation: /default-rack, certSerialId: null}4ce8dd57-9997-4466-b69c-bdc1e0ed84f6{ip: 192.168.164.244, host: pr-hdds-1701-29n7p-3046025130, networkLocation: /default-rack, certSerialId: null}9484238f-0427-4b0f-b3b9-a493ba149161{ip: 192.168.164.244, host: pr-hdds-1701-29n7p-3046025130, networkLocation: /default-rack, certSerialId: null}, Type:RATIS, Factor:THREE, State:OPEN]
2019-10-25 05:34:07,656 [EventQueue-PendingDeleteStatusForPendingDeleteHandler] INFO  block.SCMBlockDeletingService (SCMBlockDeletingService.java:handlePendingDeletes(115)) - Block deletion txnID mismatch in datanode 4ce8dd57-9997-4466-b69c-bdc1e0ed84f6 for containerID 1. Datanode delete txnID: 0, SCM txnID: 1
2019-10-25 05:34:07,950 [pool-7-thread-4] INFO  commands.RetriableDatanodeEventWatcher (RetriableDatanodeEventWatcher.java:onTimeout(47)) - RetriableDatanodeCommand type=deleteBlocksCommand with id=1571981639943 timed out. Retrying.
2019-10-25 05:34:07,951 [pool-7-thread-5] INFO  commands.RetriableDatanodeEventWatcher (RetriableDatanodeEventWatcher.java:onTimeout(47)) - RetriableDatanodeCommand type=deleteBlocksCommand with id=1571981639950 timed out. Retrying.
2019-10-25 05:34:07,952 [pool-7-thread-4] INFO  commands.RetriableDatanodeEventWatcher (RetriableDatanodeEventWatcher.java:onTimeout(47)) - RetriableDatanodeCommand type=deleteBlocksCommand with id=1571981639949 timed out. Retrying.
2019-10-25 05:34:07,952 [pool-7-thread-1] INFO  commands.RetriableDatanodeEventWatcher (RetriableDatanodeEventWatcher.java:onTimeout(47)) - RetriableDatanodeCommand type=deleteBlocksCommand with id=1571981639948 timed out. Retrying.
2019-10-25 05:34:07,952 [pool-7-thread-3] INFO  commands.RetriableDatanodeEventWatcher (RetriableDatanodeEventWatcher.java:onTimeout(47)) - RetriableDatanodeCommand type=deleteBlocksCommand with id=1571981639946 timed out. Retrying.
2019-10-25 05:34:07,952 [pool-7-thread-2] INFO  commands.RetriableDatanodeEventWatcher (RetriableDatanodeEventWatcher.java:onTimeout(47)) - RetriableDatanodeCommand type=deleteBlocksCommand with id=1571981639947 timed out. Retrying.
2019-10-25 05:34:07,953 [pool-7-thread-6] INFO  commands.RetriableDatanodeEventWatcher (RetriableDatanodeEventWatcher.java:onTimeout(47)) - RetriableDatanodeCommand type=deleteBlocksCommand with id=1571981639951 timed out. Retrying.
2019-10-25 05:34:07,953 [pool-7-thread-2] INFO  commands.RetriableDatanodeEventWatcher (RetriableDatanodeEventWatcher.java:onTimeout(47)) - RetriableDatanodeCommand type=deleteBlocksCommand with id=1571981639952 timed out. Retrying.
2019-10-25 05:34:07,954 [SCMBlockDeletingService#0] INFO  block.SCMBlockDeletingService (SCMBlockDeletingService.java:call(184)) - Totally added 1 delete blocks command for 1 datanodes, task elapsed time: 0ms
2019-10-25 05:34:08,057 [EventQueue-PendingDeleteStatusForPendingDeleteHandler] INFO  block.SCMBlockDeletingService (SCMBlockDeletingService.java:handlePendingDeletes(115)) - Block deletion txnID mismatch in datanode 4ce8dd57-9997-4466-b69c-bdc1e0ed84f6 for containerID 1. Datanode delete txnID: 0, SCM txnID: 1
2019-10-25 05:34:08,357 [EventQueue-PendingDeleteStatusForPendingDeleteHandler] INFO  block.SCMBlockDeletingService (SCMBlockDeletingService.java:handlePendingDeletes(115)) - Block deletion txnID mismatch in datanode 4ce8dd57-9997-4466-b69c-bdc1e0ed84f6 for containerID 1. Datanode delete txnID: 0, SCM txnID: 1
2019-10-25 05:34:08,475 [Command processor thread] INFO  commandhandler.DeleteBlocksCommandHandler (DeleteBlocksCommandHandler.java:handle(106)) - Start to delete container blocks, TXIDs=[1(0)], numOfContainers=1, numOfBlocks=1
2019-10-25 05:34:08,476 [Command processor thread] INFO  commandhandler.DeleteBlocksCommandHandler (DeleteBlocksCommandHandler.java:handle(106)) - Start to delete container blocks, TXIDs=[1(2)], numOfContainers=1, numOfBlocks=1
2019-10-25 05:34:08,476 [Command processor thread] INFO  commandhandler.DeleteBlocksCommandHandler (DeleteBlocksCommandHandler.java:handle(106)) - Start to delete container blocks, TXIDs=[1(0)], numOfContainers=1, numOfBlocks=1
2019-10-25 05:34:08,477 [Command processor thread] INFO  commandhandler.DeleteBlocksCommandHandler (DeleteBlocksCommandHandler.java:handle(106)) - Start to delete container blocks, TXIDs=[1(2)], numOfContainers=1, numOfBlocks=1
2019-10-25 05:34:08,477 [Command processor thread] INFO  commandhandler.DeleteBlocksCommandHandler (DeleteBlocksCommandHandler.java:handle(106)) - Start to delete container blocks, TXIDs=[1(4)], numOfContainers=1, numOfBlocks=1
2019-10-25 05:34:08,477 [Command processor thread] INFO  commandhandler.DeleteBlocksCommandHandler (DeleteBlocksCommandHandler.java:handle(106)) - Start to delete container blocks, TXIDs=[1(0)], numOfContainers=1, numOfBlocks=1
2019-10-25 05:34:08,477 [Command processor thread] INFO  commandhandler.DeleteBlocksCommandHandler (DeleteBlocksCommandHandler.java:handle(106)) - Start to delete container blocks, TXIDs=[1(2)], numOfContainers=1, numOfBlocks=1
2019-10-25 05:34:08,478 [Command processor thread] INFO  commandhandler.DeleteBlocksCommandHandler (DeleteBlocksCommandHandler.java:handle(106)) - Start to delete container blocks, TXIDs=[1(4)], numOfContainers=1, numOfBlocks=1
2019-10-25 05:34:08,478 [Command processor thread] INFO  commandhandler.DeleteBlocksCommandHandler (DeleteBlocksCommandHandler.java:handle(106)) - Start to delete container blocks, TXIDs=[1(4)], numOfContainers=1, numOfBlocks=1
2019-10-25 05:34:08,478 [Command processor thread] INFO  commandhandler.DeleteBlocksCommandHandler (DeleteBlocksCommandHandler.java:handle(106)) - Start to delete container blocks, TXIDs=[1(0)], numOfContainers=1, numOfBlocks=1
2019-10-25 05:34:08,478 [Command processor thread] INFO  commandhandler.DeleteBlocksCommandHandler (DeleteBlocksCommandHandler.java:handle(106)) - Start to delete container blocks, TXIDs=[1(2)], numOfContainers=1, numOfBlocks=1
2019-10-25 05:34:08,478 [Command processor thread] INFO  commandhandler.DeleteBlocksCommandHandler (DeleteBlocksCommandHandler.java:handle(106)) - Start to delete container blocks, TXIDs=[1(4)], numOfContainers=1, numOfBlocks=1
2019-10-25 05:34:08,479 [Command processor thread] INFO  commandhandler.DeleteBlocksCommandHandler (DeleteBlocksCommandHandler.java:handle(106)) - Start to delete container blocks, TXIDs=[1(4)], numOfContainers=1, numOfBlocks=1
2019-10-25 05:34:08,479 [Command processor thread] INFO  commandhandler.DeleteBlocksCommandHandler (DeleteBlocksCommandHandler.java:handle(106)) - Start to delete container blocks, TXIDs=[1(4)], numOfContainers=1, numOfBlocks=1
2019-10-25 05:34:08,479 [Command processor thread] INFO  commandhandler.DeleteBlocksCommandHandler (DeleteBlocksCommandHandler.java:handle(106)) - Start to delete container blocks, TXIDs=[1(0)], numOfContainers=1, numOfBlocks=1
2019-10-25 05:34:08,479 [Command processor thread] INFO  commandhandler.DeleteBlocksCommandHandler (DeleteBlocksCommandHandler.java:handle(106)) - Start to delete container blocks, TXIDs=[1(2)], numOfContainers=1, numOfBlocks=1
2019-10-25 05:34:08,480 [Command processor thread] INFO  commandhandler.DeleteBlocksCommandHandler (DeleteBlocksCommandHandler.java:handle(106)) - Start to delete container blocks, TXIDs=[1(4)], numOfContainers=1, numOfBlocks=1
2019-10-25 05:34:08,480 [Command processor thread] INFO  commandhandler.DeleteBlocksCommandHandler (DeleteBlocksCommandHandler.java:handle(106)) - Start to delete container blocks, TXIDs=[1(4)], numOfContainers=1, numOfBlocks=1
2019-10-25 05:34:08,480 [Command processor thread] INFO  commandhandler.DeleteBlocksCommandHandler (DeleteBlocksCommandHandler.java:handle(106)) - Start to delete container blocks, TXIDs=[1(0)], numOfContainers=1, numOfBlocks=1
2019-10-25 05:34:08,480 [Command processor thread] INFO  commandhandler.DeleteBlocksCommandHandler (DeleteBlocksCommandHandler.java:handle(106)) - Start to delete container blocks, TXIDs=[1(4)], numOfContainers=1, numOfBlocks=1
2019-10-25 05:34:08,481 [Command processor thread] INFO  commandhandler.DeleteBlocksCommandHandler (DeleteBlocksCommandHandler.java:handle(106)) - Start to delete container blocks, TXIDs=[1(4)], numOfContainers=1, numOfBlocks=1
2019-10-25 05:34:08,481 [Command processor thread] INFO  commandhandler.DeleteBlocksCommandHandler (DeleteBlocksCommandHandler.java:handle(106)) - Start to delete container blocks, TXIDs=[1(4)], numOfContainers=1, numOfBlocks=1
2019-10-25 05:34:08,481 [Command processor thread] INFO  commandhandler.DeleteBlocksCommandHandler (DeleteBlocksCommandHandler.java:handle(106)) - Start to delete container blocks, TXIDs=[1(4)], numOfContainers=1, numOfBlocks=1
2019-10-25 05:34:08,481 [Command processor thread] INFO  commandhandler.DeleteBlocksCommandHandler (DeleteBlocksCommandHandler.java:handle(106)) - Start to delete container blocks, TXIDs=[1(2)], numOfContainers=1, numOfBlocks=1
2019-10-25 05:34:08,481 [Command processor thread] INFO  commandhandler.DeleteBlocksCommandHandler (DeleteBlocksCommandHandler.java:handle(106)) - Start to delete container blocks, TXIDs=[1(4)], numOfContainers=1, numOfBlocks=1
2019-10-25 05:34:08,482 [Command processor thread] INFO  commandhandler.DeleteBlocksCommandHandler (DeleteBlocksCommandHandler.java:handle(106)) - Start to delete container blocks, TXIDs=[1(0)], numOfContainers=1, numOfBlocks=1
2019-10-25 05:34:08,482 [Command processor thread] INFO  commandhandler.DeleteBlocksCommandHandler (DeleteBlocksCommandHandler.java:handle(106)) - Start to delete container blocks, TXIDs=[1(4)], numOfContainers=1, numOfBlocks=1
2019-10-25 05:34:08,482 [Command processor thread] INFO  commandhandler.DeleteBlocksCommandHandler (DeleteBlocksCommandHandler.java:handle(106)) - Start to delete container blocks, TXIDs=[1(4)], numOfContainers=1, numOfBlocks=1
2019-10-25 05:34:08,482 [Command processor thread] INFO  commandhandler.DeleteBlocksCommandHandler (DeleteBlocksCommandHandler.java:handle(106)) - Start to delete container blocks, TXIDs=[1(4)], numOfContainers=1, numOfBlocks=1
2019-10-25 05:34:08,483 [Command processor thread] INFO  commandhandler.DeleteBlocksCommandHandler (DeleteBlocksCommandHandler.java:handle(106)) - Start to delete container blocks, TXIDs=[1(4)], numOfContainers=1, numOfBlocks=1
2019-10-25 05:34:08,483 [Command processor thread] INFO  commandhandler.DeleteBlocksCommandHandler (DeleteBlocksCommandHandler.java:handle(106)) - Start to delete container blocks, TXIDs=[1(0)], numOfContainers=1, numOfBlocks=1
2019-10-25 05:34:08,483 [Command processor thread] INFO  commandhandler.DeleteBlocksCommandHandler (DeleteBlocksCommandHandler.java:handle(106)) - Start to delete container blocks, TXIDs=[1(2)], numOfContainers=1, numOfBlocks=1
2019-10-25 05:34:08,483 [Command processor thread] INFO  commandhandler.DeleteBlocksCommandHandler (DeleteBlocksCommandHandler.java:handle(106)) - Start to delete container blocks, TXIDs=[1(4)], numOfContainers=1, numOfBlocks=1
2019-10-25 05:34:08,484 [Command processor thread] INFO  commandhandler.DeleteBlocksCommandHandler (DeleteBlocksCommandHandler.java:handle(106)) - Start to delete container blocks, TXIDs=[1(4)], numOfContainers=1, numOfBlocks=1
2019-10-25 05:34:08,484 [Command processor thread] INFO  commandhandler.DeleteBlocksCommandHandler (DeleteBlocksCommandHandler.java:handle(106)) - Start to delete container blocks, TXIDs=[1(4)], numOfContainers=1, numOfBlocks=1
2019-10-25 05:34:08,484 [Command processor thread] INFO  commandhandler.DeleteBlocksCommandHandler (DeleteBlocksCommandHandler.java:handle(106)) - Start to delete container blocks, TXIDs=[1(4)], numOfContainers=1, numOfBlocks=1
2019-10-25 05:34:08,484 [Command processor thread] INFO  commandhandler.DeleteBlocksCommandHandler (DeleteBlocksCommandHandler.java:handle(106)) - Start to delete container blocks, TXIDs=[1(0)], numOfContainers=1, numOfBlocks=1
2019-10-25 05:34:08,484 [Command processor thread] INFO  commandhandler.DeleteBlocksCommandHandler (DeleteBlocksCommandHandler.java:handle(106)) - Start to delete container blocks, TXIDs=[1(4)], numOfContainers=1, numOfBlocks=1
2019-10-25 05:34:08,485 [Command processor thread] INFO  commandhandler.DeleteBlocksCommandHandler (DeleteBlocksCommandHandler.java:handle(106)) - Start to delete container blocks, TXIDs=[1(4)], numOfContainers=1, numOfBlocks=1
2019-10-25 05:34:08,485 [Command processor thread] INFO  commandhandler.DeleteBlocksCommandHandler (DeleteBlocksCommandHandler.java:handle(106)) - Start to delete container blocks, TXIDs=[1(4)], numOfContainers=1, numOfBlocks=1
2019-10-25 05:34:08,485 [Command processor thread] INFO  commandhandler.DeleteBlocksCommandHandler (DeleteBlocksCommandHandler.java:handle(106)) - Start to delete container blocks, TXIDs=[1(2)], numOfContainers=1, numOfBlocks=1
2019-10-25 05:34:08,485 [Command processor thread] INFO  commandhandler.DeleteBlocksCommandHandler (DeleteBlocksCommandHandler.java:handle(106)) - Start to delete container blocks, TXIDs=[1(4)], numOfContainers=1, numOfBlocks=1
2019-10-25 05:34:08,486 [Command processor thread] INFO  commandhandler.DeleteBlocksCommandHandler (DeleteBlocksCommandHandler.java:handle(106)) - Start to delete container blocks, TXIDs=[1(4)], numOfContainers=1, numOfBlocks=1
2019-10-25 05:34:08,486 [Command processor thread] INFO  commandhandler.DeleteBlocksCommandHandler (DeleteBlocksCommandHandler.java:handle(106)) - Start to delete container blocks, TXIDs=[1(4)], numOfContainers=1, numOfBlocks=1
2019-10-25 05:34:08,486 [Command processor thread] INFO  commandhandler.DeleteBlocksCommandHandler (DeleteBlocksCommandHandler.java:handle(106)) - Start to delete container blocks, TXIDs=[1(40)], numOfContainers=1, numOfBlocks=1
2019-10-25 05:34:08,507 [Thread-555] INFO  impl.FollowerState (FollowerState.java:run(111)) - 4ce8dd57-9997-4466-b69c-bdc1e0ed84f6@group-B708A726817B-FollowerState: change to CANDIDATE, lastRpcTime:5034ms, electionTimeout:5034ms
2019-10-25 05:34:08,507 [Thread-555] INFO  impl.RoleInfo (RoleInfo.java:shutdownFollowerState(121)) - 4ce8dd57-9997-4466-b69c-bdc1e0ed84f6: shutdown FollowerState
2019-10-25 05:34:08,507 [Thread-555] INFO  impl.RaftServerImpl (RaftServerImpl.java:setRole(173)) - 4ce8dd57-9997-4466-b69c-bdc1e0ed84f6@group-B708A726817B: changes role from  FOLLOWER to CANDIDATE at term 1 for changeToCandidate
2019-10-25 05:34:08,507 [Thread-555] INFO  impl.RoleInfo (RoleInfo.java:updateAndGet(143)) - 4ce8dd57-9997-4466-b69c-bdc1e0ed84f6: start LeaderElection
2019-10-25 05:34:08,511 [Thread-556] INFO  impl.FollowerState (FollowerState.java:run(111)) - 4ce8dd57-9997-4466-b69c-bdc1e0ed84f6@group-B84BBA7D09AC-FollowerState: change to CANDIDATE, lastRpcTime:5038ms, electionTimeout:5038ms
2019-10-25 05:34:08,511 [Thread-556] INFO  impl.RoleInfo (RoleInfo.java:shutdownFollowerState(121)) - 4ce8dd57-9997-4466-b69c-bdc1e0ed84f6: shutdown FollowerState
2019-10-25 05:34:08,511 [Thread-556] INFO  impl.RaftServerImpl (RaftServerImpl.java:setRole(173)) - 4ce8dd57-9997-4466-b69c-bdc1e0ed84f6@group-B84BBA7D09AC: changes role from  FOLLOWER to CANDIDATE at term 1 for changeToCandidate
2019-10-25 05:34:08,511 [Thread-556] INFO  impl.RoleInfo (RoleInfo.java:updateAndGet(143)) - 4ce8dd57-9997-4466-b69c-bdc1e0ed84f6: start LeaderElection
2019-10-25 05:34:08,524 [4ce8dd57-9997-4466-b69c-bdc1e0ed84f6@group-B84BBA7D09AC-LeaderElection7] INFO  impl.LeaderElection (LeaderElection.java:askForVotes(178)) - 4ce8dd57-9997-4466-b69c-bdc1e0ed84f6@group-B84BBA7D09AC-LeaderElection7: begin an election at term 2 for 0: [a05bcb01-8262-4b6c-960b-c3a46ef8bd63:192.168.164.244:44076, 4ce8dd57-9997-4466-b69c-bdc1e0ed84f6:192.168.164.244:37504, 9484238f-0427-4b0f-b3b9-a493ba149161:192.168.164.244:33617], old=null
2019-10-25 05:34:08,524 [4ce8dd57-9997-4466-b69c-bdc1e0ed84f6@group-B708A726817B-LeaderElection6] INFO  impl.LeaderElection (LeaderElection.java:askForVotes(178)) - 4ce8dd57-9997-4466-b69c-bdc1e0ed84f6@group-B708A726817B-LeaderElection6: begin an election at term 2 for 0: [4ce8dd57-9997-4466-b69c-bdc1e0ed84f6:192.168.164.244:37504], old=null
2019-10-25 05:34:08,524 [4ce8dd57-9997-4466-b69c-bdc1e0ed84f6@group-B708A726817B-LeaderElection6] INFO  impl.RoleInfo (RoleInfo.java:shutdownLeaderElection(134)) - 4ce8dd57-9997-4466-b69c-bdc1e0ed84f6: shutdown LeaderElection
2019-10-25 05:34:08,525 [4ce8dd57-9997-4466-b69c-bdc1e0ed84f6@group-B708A726817B-LeaderElection6] INFO  impl.RaftServerImpl (RaftServerImpl.java:setRole(173)) - 4ce8dd57-9997-4466-b69c-bdc1e0ed84f6@group-B708A726817B: changes role from CANDIDATE to LEADER at term 2 for changeToLeader
2019-10-25 05:34:08,525 [4ce8dd57-9997-4466-b69c-bdc1e0ed84f6@group-B708A726817B-LeaderElection6] INFO  impl.RaftServerImpl (ServerState.java:setLeader(255)) - 4ce8dd57-9997-4466-b69c-bdc1e0ed84f6@group-B708A726817B: change Leader from null to 4ce8dd57-9997-4466-b69c-bdc1e0ed84f6 at term 2 for becomeLeader, leader elected after 7055ms
2019-10-25 05:34:08,525 [4ce8dd57-9997-4466-b69c-bdc1e0ed84f6@group-B708A726817B-LeaderElection6] INFO  server.RaftServerConfigKeys (ConfUtils.java:logGet(43)) - raft.server.staging.catchup.gap = 1000 (default)
2019-10-25 05:34:08,525 [4ce8dd57-9997-4466-b69c-bdc1e0ed84f6@group-B708A726817B-LeaderElection6] INFO  server.RaftServerConfigKeys (ConfUtils.java:logGet(43)) - raft.server.rpc.sleep.time = 25ms (default)
2019-10-25 05:34:08,525 [4ce8dd57-9997-4466-b69c-bdc1e0ed84f6@group-B708A726817B-LeaderElection6] INFO  server.RaftServerConfigKeys (ConfUtils.java:logGet(43)) - raft.server.write.element-limit = 4096 (default)
2019-10-25 05:34:08,527 [4ce8dd57-9997-4466-b69c-bdc1e0ed84f6@group-B708A726817B-LeaderElection6] INFO  server.RaftServerConfigKeys (ConfUtils.java:logGet(43)) - raft.server.watch.timeout = 10s (default)
2019-10-25 05:34:08,527 [4ce8dd57-9997-4466-b69c-bdc1e0ed84f6@group-B708A726817B-LeaderElection6] INFO  server.RaftServerConfigKeys (ConfUtils.java:logGet(43)) - raft.server.watch.timeout.denomination = 1s (default)
2019-10-25 05:34:08,527 [4ce8dd57-9997-4466-b69c-bdc1e0ed84f6@group-B708A726817B-LeaderElection6] INFO  server.RaftServerConfigKeys (ConfUtils.java:logGet(43)) - raft.server.watch.element-limit = 65536 (default)
2019-10-25 05:34:08,528 [4ce8dd57-9997-4466-b69c-bdc1e0ed84f6@group-B708A726817B-LeaderElection6] INFO  impl.RoleInfo (RoleInfo.java:updateAndGet(143)) - 4ce8dd57-9997-4466-b69c-bdc1e0ed84f6: start LeaderState
2019-10-25 05:34:08,529 [4ce8dd57-9997-4466-b69c-bdc1e0ed84f6@group-B708A726817B-LeaderElection6] INFO  segmented.SegmentedRaftLogWorker (SegmentedRaftLogWorker.java:rollLogSegment(390)) - 4ce8dd57-9997-4466-b69c-bdc1e0ed84f6@group-B708A726817B-SegmentedRaftLogWorker: Rolling segment log-0_0 to index:0
2019-10-25 05:34:08,534 [grpc-default-executor-0] INFO  impl.RaftServerImpl (ServerState.java:setLeader(255)) - 9484238f-0427-4b0f-b3b9-a493ba149161@group-B84BBA7D09AC: change Leader from a05bcb01-8262-4b6c-960b-c3a46ef8bd63 to null at term 2 for updateCurrentTerm
2019-10-25 05:34:08,534 [grpc-default-executor-4] INFO  impl.RaftServerImpl (ServerState.java:setLeader(255)) - a05bcb01-8262-4b6c-960b-c3a46ef8bd63@group-B84BBA7D09AC: change Leader from a05bcb01-8262-4b6c-960b-c3a46ef8bd63 to null at term 2 for updateCurrentTerm
2019-10-25 05:34:08,534 [grpc-default-executor-0] INFO  impl.RaftServerImpl (RaftServerImpl.java:setRole(173)) - 9484238f-0427-4b0f-b3b9-a493ba149161@group-B84BBA7D09AC: changes role from  FOLLOWER to FOLLOWER at term 2 for recognizeCandidate:4ce8dd57-9997-4466-b69c-bdc1e0ed84f6
2019-10-25 05:34:08,534 [grpc-default-executor-4] INFO  impl.RaftServerImpl (RaftServerImpl.java:setRole(173)) - a05bcb01-8262-4b6c-960b-c3a46ef8bd63@group-B84BBA7D09AC: changes role from    LEADER to FOLLOWER at term 2 for recognizeCandidate:4ce8dd57-9997-4466-b69c-bdc1e0ed84f6
2019-10-25 05:34:08,534 [grpc-default-executor-0] INFO  impl.RoleInfo (RoleInfo.java:shutdownFollowerState(121)) - 9484238f-0427-4b0f-b3b9-a493ba149161: shutdown FollowerState
2019-10-25 05:34:08,534 [grpc-default-executor-4] INFO  impl.RoleInfo (RoleInfo.java:shutdownLeaderState(104)) - a05bcb01-8262-4b6c-960b-c3a46ef8bd63: shutdown LeaderState
2019-10-25 05:34:08,535 [grpc-default-executor-0] INFO  impl.RoleInfo (RoleInfo.java:updateAndGet(143)) - 9484238f-0427-4b0f-b3b9-a493ba149161: start FollowerState
2019-10-25 05:34:08,535 [4ce8dd57-9997-4466-b69c-bdc1e0ed84f6@group-B708A726817B-SegmentedRaftLogWorker] INFO  segmented.SegmentedRaftLogWorker (SegmentedRaftLogWorker.java:execute(533)) - 4ce8dd57-9997-4466-b69c-bdc1e0ed84f6@group-B708A726817B-SegmentedRaftLogWorker: Rolled log segment from /workdir/hadoop-ozone/integration-test/target/test-dir/MiniOzoneClusterImpl-8530639b-a9ef-4264-b602-ead7924d693f/datanode-2/data/ratis/b6a37c68-4d3d-4580-b2ff-b708a726817b/current/log_inprogress_0 to /workdir/hadoop-ozone/integration-test/target/test-dir/MiniOzoneClusterImpl-8530639b-a9ef-4264-b602-ead7924d693f/datanode-2/data/ratis/b6a37c68-4d3d-4580-b2ff-b708a726817b/current/log_0-0
2019-10-25 05:34:08,534 [4ce8dd57-9997-4466-b69c-bdc1e0ed84f6@group-B708A726817B-LeaderElection6] INFO  impl.RaftServerImpl (ServerState.java:setRaftConf(356)) - 4ce8dd57-9997-4466-b69c-bdc1e0ed84f6@group-B708A726817B: set configuration 1: [4ce8dd57-9997-4466-b69c-bdc1e0ed84f6:192.168.164.244:37504], old=null at 1
2019-10-25 05:34:08,537 [org.apache.ratis.server.impl.LogAppender$AppenderDaemon$$Lambda$533/226645552@321d17fa] WARN  server.GrpcLogAppender (GrpcLogAppender.java:mayWait(149)) - a05bcb01-8262-4b6c-960b-c3a46ef8bd63@group-B84BBA7D09AC->4ce8dd57-9997-4466-b69c-bdc1e0ed84f6-GrpcLogAppender: Wait interrupted by java.lang.InterruptedException
2019-10-25 05:34:08,535 [Thread-243] INFO  impl.FollowerState (FollowerState.java:run(120)) - 9484238f-0427-4b0f-b3b9-a493ba149161@group-B84BBA7D09AC-FollowerState was interrupted: java.lang.InterruptedException: sleep interrupted
2019-10-25 05:34:08,537 [grpc-default-executor-4] INFO  impl.PendingRequests (PendingRequests.java:sendNotLeaderResponses(206)) - a05bcb01-8262-4b6c-960b-c3a46ef8bd63@group-B84BBA7D09AC-PendingRequests: sendNotLeaderResponses
2019-10-25 05:34:08,537 [org.apache.ratis.server.impl.LogAppender$AppenderDaemon$$Lambda$533/226645552@2b7374fd] WARN  server.GrpcLogAppender (GrpcLogAppender.java:mayWait(149)) - a05bcb01-8262-4b6c-960b-c3a46ef8bd63@group-B84BBA7D09AC->9484238f-0427-4b0f-b3b9-a493ba149161-GrpcLogAppender: Wait interrupted by java.lang.InterruptedException
2019-10-25 05:34:08,572 [BlockDeletingService#2] WARN  background.BlockDeletingService (BlockDeletingService.java:isDeletionAllowed(187)) - Close Container log Index 6 is not replicated across allthe servers in the pipeline 5e939ce8-5918-4d57-a2cf-b84bba7d09ac as the min replicated index is 4. Deletion is not allowed in this container yet.
2019-10-25 05:34:08,574 [BlockDeletingService#2] WARN  background.BlockDeletingService (BlockDeletingService.java:isDeletionAllowed(187)) - Close Container log Index 6 is not replicated across allthe servers in the pipeline 5e939ce8-5918-4d57-a2cf-b84bba7d09ac as the min replicated index is 4. Deletion is not allowed in this container yet.
2019-10-25 05:34:08,575 [Thread-601] INFO  client.GrpcClientProtocolService (GrpcClientProtocolService.java:lambda$processClientRequest$0(279)) - Failed RaftClientRequest:client-B1E3923C01C0->a05bcb01-8262-4b6c-960b-c3a46ef8bd63@group-B84BBA7D09AC, cid=10, seq=0, Watch-ALL_COMMITTED(6), Message:<EMPTY>, reply=RaftClientReply:client-B1E3923C01C0->a05bcb01-8262-4b6c-960b-c3a46ef8bd63@group-B84BBA7D09AC, cid=10, FAILED org.apache.ratis.protocol.NotLeaderException: Server a05bcb01-8262-4b6c-960b-c3a46ef8bd63@group-B84BBA7D09AC is not the leader, logIndex=0, commits[a05bcb01-8262-4b6c-960b-c3a46ef8bd63:c10, 4ce8dd57-9997-4466-b69c-bdc1e0ed84f6:c4, 9484238f-0427-4b0f-b3b9-a493ba149161:c10]
2019-10-25 05:34:08,576 [grpc-default-executor-4] INFO  impl.RoleInfo (RoleInfo.java:updateAndGet(143)) - a05bcb01-8262-4b6c-960b-c3a46ef8bd63: start FollowerState
2019-10-25 05:34:08,576 [Thread-602] INFO  client.GrpcClientProtocolService (GrpcClientProtocolService.java:lambda$processClientRequest$0(279)) - Failed RaftClientRequest:client-B1E3923C01C0->a05bcb01-8262-4b6c-960b-c3a46ef8bd63@group-B84BBA7D09AC, cid=10, seq=0, Watch-ALL_COMMITTED(6), Message:<EMPTY>, reply=RaftClientReply:client-B1E3923C01C0->a05bcb01-8262-4b6c-960b-c3a46ef8bd63@group-B84BBA7D09AC, cid=10, FAILED org.apache.ratis.protocol.NotLeaderException: Server a05bcb01-8262-4b6c-960b-c3a46ef8bd63@group-B84BBA7D09AC is not the leader, logIndex=0, commits[a05bcb01-8262-4b6c-960b-c3a46ef8bd63:c10, 4ce8dd57-9997-4466-b69c-bdc1e0ed84f6:c4, 9484238f-0427-4b0f-b3b9-a493ba149161:c10]
2019-10-25 05:34:08,576 [grpc-default-executor-3] INFO  server.GrpcServerProtocolService (GrpcServerProtocolService.java:onCompleted(113)) - 9484238f-0427-4b0f-b3b9-a493ba149161: Completed APPEND_ENTRIES, lastRequest: a05bcb01-8262-4b6c-960b-c3a46ef8bd63->9484238f-0427-4b0f-b3b9-a493ba149161#54-t1, previous=(t:1, i:10), leaderCommit=10, initializing? false, entries: <empty>
2019-10-25 05:34:08,585 [4ce8dd57-9997-4466-b69c-bdc1e0ed84f6@group-B708A726817B-SegmentedRaftLogWorker] INFO  segmented.SegmentedRaftLogWorker (SegmentedRaftLogWorker.java:execute(576)) - 4ce8dd57-9997-4466-b69c-bdc1e0ed84f6@group-B708A726817B-SegmentedRaftLogWorker: created new log segment /workdir/hadoop-ozone/integration-test/target/test-dir/MiniOzoneClusterImpl-8530639b-a9ef-4264-b602-ead7924d693f/datanode-2/data/ratis/b6a37c68-4d3d-4580-b2ff-b708a726817b/current/log_inprogress_1
2019-10-25 05:34:08,590 [grpc-default-executor-0] INFO  server.GrpcLogAppender (GrpcLogAppender.java:onCompleted(308)) - a05bcb01-8262-4b6c-960b-c3a46ef8bd63@group-B84BBA7D09AC->9484238f-0427-4b0f-b3b9-a493ba149161-AppendLogResponseHandler: follower responses appendEntries COMPLETED
2019-10-25 05:34:08,600 [grpc-default-executor-0] INFO  impl.FollowerInfo (FollowerInfo.java:lambda$new$0(51)) - a05bcb01-8262-4b6c-960b-c3a46ef8bd63@group-B84BBA7D09AC->9484238f-0427-4b0f-b3b9-a493ba149161: nextIndex: updateUnconditionally 11 -> 10
2019-10-25 05:34:08,602 [4ce8dd57-9997-4466-b69c-bdc1e0ed84f6@group-B84BBA7D09AC-LeaderElection7] INFO  impl.LeaderElection (LeaderElection.java:logAndReturn(56)) - 4ce8dd57-9997-4466-b69c-bdc1e0ed84f6@group-B84BBA7D09AC-LeaderElection7: Election REJECTED; received 2 response(s) [4ce8dd57-9997-4466-b69c-bdc1e0ed84f6<-a05bcb01-8262-4b6c-960b-c3a46ef8bd63#0:FAIL-t2, 4ce8dd57-9997-4466-b69c-bdc1e0ed84f6<-9484238f-0427-4b0f-b3b9-a493ba149161#0:FAIL-t2] and 0 exception(s); 4ce8dd57-9997-4466-b69c-bdc1e0ed84f6@group-B84BBA7D09AC:t2, leader=null, voted=4ce8dd57-9997-4466-b69c-bdc1e0ed84f6, raftlog=4ce8dd57-9997-4466-b69c-bdc1e0ed84f6@group-B84BBA7D09AC-SegmentedRaftLog:OPENED:c3,f4,i4, conf=0: [a05bcb01-8262-4b6c-960b-c3a46ef8bd63:192.168.164.244:44076, 4ce8dd57-9997-4466-b69c-bdc1e0ed84f6:192.168.164.244:37504, 9484238f-0427-4b0f-b3b9-a493ba149161:192.168.164.244:33617], old=null
2019-10-25 05:34:08,602 [4ce8dd57-9997-4466-b69c-bdc1e0ed84f6@group-B84BBA7D09AC-LeaderElection7] INFO  impl.RaftServerImpl (RaftServerImpl.java:setRole(173)) - 4ce8dd57-9997-4466-b69c-bdc1e0ed84f6@group-B84BBA7D09AC: changes role from CANDIDATE to FOLLOWER at term 2 for DISCOVERED_A_NEW_TERM
2019-10-25 05:34:08,603 [4ce8dd57-9997-4466-b69c-bdc1e0ed84f6@group-B84BBA7D09AC-LeaderElection7] INFO  impl.RoleInfo (RoleInfo.java:shutdownLeaderElection(134)) - 4ce8dd57-9997-4466-b69c-bdc1e0ed84f6: shutdown LeaderElection
2019-10-25 05:34:08,603 [4ce8dd57-9997-4466-b69c-bdc1e0ed84f6@group-B84BBA7D09AC-LeaderElection7] INFO  impl.RoleInfo (RoleInfo.java:updateAndGet(143)) - 4ce8dd57-9997-4466-b69c-bdc1e0ed84f6: start FollowerState
2019-10-25 05:34:08,679 [EventQueue-DeleteBlockStatusForDeletedBlockLogImpl] WARN  block.DeletedBlockLogImpl (DeletedBlockLogImpl.java:commitTransactions(205)) - Transaction txId=1 commit by dnId=4ce8dd57-9997-4466-b69c-bdc1e0ed84f6 for containerID=#1 failed. Corresponding entry not found.
2019-10-25 05:34:08,681 [EventQueue-DeleteBlockStatusForDeletedBlockLogImpl] WARN  block.DeletedBlockLogImpl (DeletedBlockLogImpl.java:commitTransactions(205)) - Transaction txId=1 commit by dnId=4ce8dd57-9997-4466-b69c-bdc1e0ed84f6 for containerID=#1 failed. Corresponding entry not found.
2019-10-25 05:34:08,681 [EventQueue-DeleteBlockStatusForDeletedBlockLogImpl] WARN  block.DeletedBlockLogImpl (DeletedBlockLogImpl.java:commitTransactions(205)) - Transaction txId=1 commit by dnId=4ce8dd57-9997-4466-b69c-bdc1e0ed84f6 for containerID=#1 failed. Corresponding entry not found.
2019-10-25 05:34:08,681 [EventQueue-DeleteBlockStatusForDeletedBlockLogImpl] WARN  block.DeletedBlockLogImpl (DeletedBlockLogImpl.java:commitTransactions(205)) - Transaction txId=1 commit by dnId=4ce8dd57-9997-4466-b69c-bdc1e0ed84f6 for containerID=#1 failed. Corresponding entry not found.
2019-10-25 05:34:08,681 [EventQueue-DeleteBlockStatusForDeletedBlockLogImpl] WARN  block.DeletedBlockLogImpl (DeletedBlockLogImpl.java:commitTransactions(205)) - Transaction txId=1 commit by dnId=4ce8dd57-9997-4466-b69c-bdc1e0ed84f6 for containerID=#1 failed. Corresponding entry not found.
2019-10-25 05:34:08,681 [EventQueue-DeleteBlockStatusForDeletedBlockLogImpl] WARN  block.DeletedBlockLogImpl (DeletedBlockLogImpl.java:commitTransactions(205)) - Transaction txId=1 commit by dnId=4ce8dd57-9997-4466-b69c-bdc1e0ed84f6 for containerID=#1 failed. Corresponding entry not found.
2019-10-25 05:34:08,682 [EventQueue-DeleteBlockStatusForDeletedBlockLogImpl] WARN  block.DeletedBlockLogImpl (DeletedBlockLogImpl.java:commitTransactions(205)) - Transaction txId=1 commit by dnId=4ce8dd57-9997-4466-b69c-bdc1e0ed84f6 for containerID=#1 failed. Corresponding entry not found.
2019-10-25 05:34:08,682 [EventQueue-DeleteBlockStatusForDeletedBlockLogImpl] WARN  block.DeletedBlockLogImpl (DeletedBlockLogImpl.java:commitTransactions(205)) - Transaction txId=1 commit by dnId=4ce8dd57-9997-4466-b69c-bdc1e0ed84f6 for containerID=#1 failed. Corresponding entry not found.
2019-10-25 05:34:09,576 [BlockDeletingService#2] WARN  background.BlockDeletingService (BlockDeletingService.java:isDeletionAllowed(187)) - Close Container log Index 6 is not replicated across allthe servers in the pipeline 5e939ce8-5918-4d57-a2cf-b84bba7d09ac as the min replicated index is 4. Deletion is not allowed in this container yet.
2019-10-25 05:34:09,576 [BlockDeletingService#2] WARN  background.BlockDeletingService (BlockDeletingService.java:isDeletionAllowed(187)) - Close Container log Index 6 is not replicated across allthe servers in the pipeline 5e939ce8-5918-4d57-a2cf-b84bba7d09ac as the min replicated index is 4. Deletion is not allowed in this container yet.
2019-10-25 05:34:09,606 [Thread-610] INFO  client.GrpcClientProtocolService (GrpcClientProtocolService.java:lambda$processClientRequest$0(279)) - Failed RaftClientRequest:client-B1E3923C01C0->4ce8dd57-9997-4466-b69c-bdc1e0ed84f6@group-B84BBA7D09AC, cid=10, seq=0, Watch-ALL_COMMITTED(6), Message:<EMPTY>, reply=RaftClientReply:client-B1E3923C01C0->4ce8dd57-9997-4466-b69c-bdc1e0ed84f6@group-B84BBA7D09AC, cid=10, FAILED org.apache.ratis.protocol.NotLeaderException: Server 4ce8dd57-9997-4466-b69c-bdc1e0ed84f6@group-B84BBA7D09AC is not the leader, logIndex=0, commits[4ce8dd57-9997-4466-b69c-bdc1e0ed84f6:c3]
2019-10-25 05:34:09,730 [java.util.concurrent.ThreadPoolExecutor$Worker@b00648b[State = -1, empty queue]] WARN  server.GrpcLogAppender (GrpcLogAppender.java:timeoutAppendRequest(209)) - a05bcb01-8262-4b6c-960b-c3a46ef8bd63@group-B84BBA7D09AC->4ce8dd57-9997-4466-b69c-bdc1e0ed84f6-GrpcLogAppender: appendEntries Timeout, request=a05bcb01-8262-4b6c-960b-c3a46ef8bd63->4ce8dd57-9997-4466-b69c-bdc1e0ed84f6#54-t1, previous=(t:1, i:10), leaderCommit=10, initializing? false, entries: <empty>
2019-10-25 05:34:10,577 [BlockDeletingService#2] WARN  background.BlockDeletingService (BlockDeletingService.java:isDeletionAllowed(187)) - Close Container log Index 6 is not replicated across allthe servers in the pipeline 5e939ce8-5918-4d57-a2cf-b84bba7d09ac as the min replicated index is 4. Deletion is not allowed in this container yet.
2019-10-25 05:34:10,577 [BlockDeletingService#2] WARN  background.BlockDeletingService (BlockDeletingService.java:isDeletionAllowed(187)) - Close Container log Index 6 is not replicated across allthe servers in the pipeline 5e939ce8-5918-4d57-a2cf-b84bba7d09ac as the min replicated index is 4. Deletion is not allowed in this container yet.
2019-10-25 05:34:10,629 [Thread-616] INFO  client.GrpcClientProtocolService (GrpcClientProtocolService.java:lambda$processClientRequest$0(279)) - Failed RaftClientRequest:client-B1E3923C01C0->9484238f-0427-4b0f-b3b9-a493ba149161@group-B84BBA7D09AC, cid=10, seq=0, Watch-ALL_COMMITTED(6), Message:<EMPTY>, reply=RaftClientReply:client-B1E3923C01C0->9484238f-0427-4b0f-b3b9-a493ba149161@group-B84BBA7D09AC, cid=10, FAILED org.apache.ratis.protocol.NotLeaderException: Server 9484238f-0427-4b0f-b3b9-a493ba149161@group-B84BBA7D09AC is not the leader, logIndex=0, commits[9484238f-0427-4b0f-b3b9-a493ba149161:c10, a05bcb01-8262-4b6c-960b-c3a46ef8bd63:c10, 4ce8dd57-9997-4466-b69c-bdc1e0ed84f6:c4]
]]></system-out>
    <system-err><![CDATA[ERROR StatusLogger No Log4j 2 configuration file found. Using default configuration (logging only errors to the console), or user programmatically provided configurations. Set system property 'log4j2.debug' to show Log4j 2 internal initialization logging. See https://logging.apache.org/log4j/2.x/manual/configuration.html for instructions on how to configure Log4j 2
Oct 25, 2019 5:32:24 AM org.apache.ratis.thirdparty.io.grpc.internal.SerializingExecutor run
SEVERE: Exception while executing runnable org.apache.ratis.thirdparty.io.grpc.internal.ServerImpl$JumpToApplicationThreadServerStreamListener$1Closed@63ec59e2
org.apache.ratis.thirdparty.io.grpc.StatusRuntimeException: CANCELLED: call already cancelled
	at org.apache.ratis.thirdparty.io.grpc.Status.asRuntimeException(Status.java:517)
	at org.apache.ratis.thirdparty.io.grpc.stub.ServerCalls$ServerCallStreamObserverImpl.onCompleted(ServerCalls.java:356)
	at org.apache.ratis.grpc.server.GrpcServerProtocolService$ServerRequestStreamObserver.onError(GrpcServerProtocolService.java:121)
	at org.apache.ratis.thirdparty.io.grpc.stub.ServerCalls$StreamingServerCallHandler$StreamingServerCallListener.onCancel(ServerCalls.java:269)
	at org.apache.ratis.thirdparty.io.grpc.internal.ServerCallImpl$ServerStreamListenerImpl.closed(ServerCallImpl.java:293)
	at org.apache.ratis.thirdparty.io.grpc.internal.ServerImpl$JumpToApplicationThreadServerStreamListener$1Closed.runInContext(ServerImpl.java:741)
	at org.apache.ratis.thirdparty.io.grpc.internal.ContextRunnable.run(ContextRunnable.java:37)
	at org.apache.ratis.thirdparty.io.grpc.internal.SerializingExecutor.run(SerializingExecutor.java:123)
	at java.util.concurrent.ThreadPoolExecutor.runWorker(ThreadPoolExecutor.java:1149)
	at java.util.concurrent.ThreadPoolExecutor$Worker.run(ThreadPoolExecutor.java:624)
	at java.lang.Thread.run(Thread.java:748)

Oct 25, 2019 5:32:24 AM org.apache.ratis.thirdparty.io.grpc.internal.SerializingExecutor run
SEVERE: Exception while executing runnable org.apache.ratis.thirdparty.io.grpc.internal.ClientCallImpl$ClientStreamListenerImpl$1StreamClosed@750db68
java.lang.NullPointerException
	at org.apache.ratis.grpc.server.GrpcLogAppender$AppendLogResponseHandler.onError(GrpcLogAppender.java:303)
	at org.apache.ratis.thirdparty.io.grpc.stub.ClientCalls$StreamObserverToCallListenerAdapter.onClose(ClientCalls.java:434)
	at org.apache.ratis.thirdparty.io.grpc.PartialForwardingClientCallListener.onClose(PartialForwardingClientCallListener.java:39)
	at org.apache.ratis.thirdparty.io.grpc.ForwardingClientCallListener.onClose(ForwardingClientCallListener.java:23)
	at org.apache.ratis.thirdparty.io.grpc.ForwardingClientCallListener$SimpleForwardingClientCallListener.onClose(ForwardingClientCallListener.java:40)
	at org.apache.ratis.thirdparty.io.grpc.internal.CensusStatsModule$StatsClientInterceptor$1$1.onClose(CensusStatsModule.java:678)
	at org.apache.ratis.thirdparty.io.grpc.PartialForwardingClientCallListener.onClose(PartialForwardingClientCallListener.java:39)
	at org.apache.ratis.thirdparty.io.grpc.ForwardingClientCallListener.onClose(ForwardingClientCallListener.java:23)
	at org.apache.ratis.thirdparty.io.grpc.ForwardingClientCallListener$SimpleForwardingClientCallListener.onClose(ForwardingClientCallListener.java:40)
	at org.apache.ratis.thirdparty.io.grpc.internal.CensusTracingModule$TracingClientInterceptor$1$1.onClose(CensusTracingModule.java:397)
	at org.apache.ratis.thirdparty.io.grpc.internal.ClientCallImpl.closeObserver(ClientCallImpl.java:459)
	at org.apache.ratis.thirdparty.io.grpc.internal.ClientCallImpl.access$300(ClientCallImpl.java:63)
	at org.apache.ratis.thirdparty.io.grpc.internal.ClientCallImpl$ClientStreamListenerImpl.close(ClientCallImpl.java:546)
	at org.apache.ratis.thirdparty.io.grpc.internal.ClientCallImpl$ClientStreamListenerImpl.access$600(ClientCallImpl.java:467)
	at org.apache.ratis.thirdparty.io.grpc.internal.ClientCallImpl$ClientStreamListenerImpl$1StreamClosed.runInContext(ClientCallImpl.java:584)
	at org.apache.ratis.thirdparty.io.grpc.internal.ContextRunnable.run(ContextRunnable.java:37)
	at org.apache.ratis.thirdparty.io.grpc.internal.SerializingExecutor.run(SerializingExecutor.java:123)
	at java.util.concurrent.ThreadPoolExecutor.runWorker(ThreadPoolExecutor.java:1149)
	at java.util.concurrent.ThreadPoolExecutor$Worker.run(ThreadPoolExecutor.java:624)
	at java.lang.Thread.run(Thread.java:748)

]]></system-err>
  </testcase>
</testsuite>