<?xml version="1.0" encoding="UTF-8"?>
<testsuite xmlns:xsi="http://www.w3.org/2001/XMLSchema-instance" xsi:noNamespaceSchemaLocation="https://maven.apache.org/surefire/maven-surefire-plugin/xsd/surefire-test-report.xsd" name="org.apache.hadoop.ozone.client.rpc.TestDeleteWithSlowFollower" time="133.312" tests="1" errors="0" skipped="0" failures="1">
  <properties>
    <property name="awt.toolkit" value="sun.awt.X11.XToolkit"/>
    <property name="file.encoding.pkg" value="sun.io"/>
    <property name="java.specification.version" value="1.8"/>
    <property name="sun.cpu.isalist" value=""/>
    <property name="sun.jnu.encoding" value="ANSI_X3.4-1968"/>
    <property name="java.class.path" value="/workdir/hadoop-ozone/integration-test/target/test-classes:/workdir/hadoop-ozone/integration-test/target/classes:/home/user/.m2/repository/org/apache/hadoop/hadoop-ozone-common/0.5.0-SNAPSHOT/hadoop-ozone-common-0.5.0-SNAPSHOT.jar:/home/user/.m2/repository/org/apache/commons/commons-compress/1.4.1/commons-compress-1.4.1.jar:/home/user/.m2/repository/org/tukaani/xz/1.0/xz-1.0.jar:/home/user/.m2/repository/org/apache/hadoop/hadoop-common/3.2.0/hadoop-common-3.2.0.jar:/home/user/.m2/repository/org/apache/hadoop/hadoop-hdfs/3.2.0/hadoop-hdfs-3.2.0.jar:/home/user/.m2/repository/org/apache/hadoop/hadoop-hdfs-client/3.2.0/hadoop-hdfs-client-3.2.0.jar:/home/user/.m2/repository/com/fasterxml/jackson/core/jackson-annotations/2.9.9/jackson-annotations-2.9.9.jar:/home/user/.m2/repository/org/apache/hadoop/hadoop-hdds-common/0.5.0-SNAPSHOT/hadoop-hdds-common-0.5.0-SNAPSHOT.jar:/home/user/.m2/repository/javax/annotation/javax.annotation-api/1.2/javax.annotation-api-1.2.jar:/home/user/.m2/repository/org/apache/ratis/ratis-server/0.5.0-3f446aa-SNAPSHOT/ratis-server-0.5.0-3f446aa-SNAPSHOT.jar:/home/user/.m2/repository/org/apache/ratis/ratis-thirdparty-misc/0.2.0/ratis-thirdparty-misc-0.2.0.jar:/home/user/.m2/repository/org/apache/ratis/ratis-proto/0.5.0-3f446aa-SNAPSHOT/ratis-proto-0.5.0-3f446aa-SNAPSHOT.jar:/home/user/.m2/repository/org/apache/ratis/ratis-common/0.5.0-3f446aa-SNAPSHOT/ratis-common-0.5.0-3f446aa-SNAPSHOT.jar:/home/user/.m2/repository/org/apache/ratis/ratis-client/0.5.0-3f446aa-SNAPSHOT/ratis-client-0.5.0-3f446aa-SNAPSHOT.jar:/home/user/.m2/repository/org/apache/ratis/ratis-metrics/0.5.0-3f446aa-SNAPSHOT/ratis-metrics-0.5.0-3f446aa-SNAPSHOT.jar:/home/user/.m2/repository/com/github/joshelser/dropwizard-metrics-hadoop-metrics2-reporter/0.1.2/dropwizard-metrics-hadoop-metrics2-reporter-0.1.2.jar:/home/user/.m2/repository/io/dropwizard/metrics/metrics-jvm/3.2.5/metrics-jvm-3.2.5.jar:/home/user/.m2/repository/io/dropwizard/metrics/metrics-ganglia/3.2.5/metrics-ganglia-3.2.5.jar:/home/user/.m2/repository/info/ganglia/gmetric4j/gmetric4j/1.0.7/gmetric4j-1.0.7.jar:/home/user/.m2/repository/org/apache/ratis/ratis-netty/0.5.0-3f446aa-SNAPSHOT/ratis-netty-0.5.0-3f446aa-SNAPSHOT.jar:/home/user/.m2/repository/org/apache/ratis/ratis-grpc/0.5.0-3f446aa-SNAPSHOT/ratis-grpc-0.5.0-3f446aa-SNAPSHOT.jar:/home/user/.m2/repository/org/rocksdb/rocksdbjni/6.0.1/rocksdbjni-6.0.1.jar:/home/user/.m2/repository/org/apache/logging/log4j/log4j-api/2.11.0/log4j-api-2.11.0.jar:/home/user/.m2/repository/org/apache/logging/log4j/log4j-core/2.11.0/log4j-core-2.11.0.jar:/home/user/.m2/repository/com/lmax/disruptor/3.4.2/disruptor-3.4.2.jar:/home/user/.m2/repository/org/apache/commons/commons-pool2/2.6.0/commons-pool2-2.6.0.jar:/home/user/.m2/repository/org/bouncycastle/bcpkix-jdk15on/1.60/bcpkix-jdk15on-1.60.jar:/home/user/.m2/repository/commons-validator/commons-validator/1.6/commons-validator-1.6.jar:/home/user/.m2/repository/commons-digester/commons-digester/1.8.1/commons-digester-1.8.1.jar:/home/user/.m2/repository/io/jaegertracing/jaeger-client/0.34.0/jaeger-client-0.34.0.jar:/home/user/.m2/repository/io/jaegertracing/jaeger-thrift/0.34.0/jaeger-thrift-0.34.0.jar:/home/user/.m2/repository/org/apache/thrift/libthrift/0.12.0/libthrift-0.12.0.jar:/home/user/.m2/repository/com/squareup/okhttp3/okhttp/3.9.0/okhttp-3.9.0.jar:/home/user/.m2/repository/com/squareup/okio/okio/1.13.0/okio-1.13.0.jar:/home/user/.m2/repository/io/jaegertracing/jaeger-core/0.34.0/jaeger-core-0.34.0.jar:/home/user/.m2/repository/io/jaegertracing/jaeger-tracerresolver/0.34.0/jaeger-tracerresolver-0.34.0.jar:/home/user/.m2/repository/io/opentracing/contrib/opentracing-tracerresolver/0.1.5/opentracing-tracerresolver-0.1.5.jar:/home/user/.m2/repository/io/opentracing/opentracing-util/0.31.0/opentracing-util-0.31.0.jar:/home/user/.m2/repository/io/opentracing/opentracing-api/0.31.0/opentracing-api-0.31.0.jar:/home/user/.m2/repository/io/opentracing/opentracing-noop/0.31.0/opentracing-noop-0.31.0.jar:/home/user/.m2/repository/org/apache/hadoop/hadoop-hdds-server-framework/0.5.0-SNAPSHOT/hadoop-hdds-server-framework-0.5.0-SNAPSHOT.jar:/home/user/.m2/repository/org/apache/hadoop/hadoop-hdds-container-service/0.5.0-SNAPSHOT/hadoop-hdds-container-service-0.5.0-SNAPSHOT.jar:/home/user/.m2/repository/org/apache/hadoop/hadoop-hdds-client/0.5.0-SNAPSHOT/hadoop-hdds-client-0.5.0-SNAPSHOT.jar:/home/user/.m2/repository/org/apache/hadoop/hadoop-hdds-tools/0.5.0-SNAPSHOT/hadoop-hdds-tools-0.5.0-SNAPSHOT.jar:/home/user/.m2/repository/org/apache/hadoop/hadoop-hdds-server-scm/0.5.0-SNAPSHOT/hadoop-hdds-server-scm-0.5.0-SNAPSHOT.jar:/home/user/.m2/repository/org/apache/hadoop/hadoop-hdds-docs/0.5.0-SNAPSHOT/hadoop-hdds-docs-0.5.0-SNAPSHOT.jar:/home/user/.m2/repository/io/dropwizard/metrics/metrics-core/3.2.4/metrics-core-3.2.4.jar:/home/user/.m2/repository/org/hamcrest/hamcrest-all/1.3/hamcrest-all-1.3.jar:/home/user/.m2/repository/org/bouncycastle/bcprov-jdk15on/1.60/bcprov-jdk15on-1.60.jar:/home/user/.m2/repository/info/picocli/picocli/3.9.6/picocli-3.9.6.jar:/home/user/.m2/repository/com/google/protobuf/protobuf-java/2.5.0/protobuf-java-2.5.0.jar:/home/user/.m2/repository/com/google/guava/guava/11.0.2/guava-11.0.2.jar:/home/user/.m2/repository/org/apache/hadoop/hadoop-ozone-ozone-manager/0.5.0-SNAPSHOT/hadoop-ozone-ozone-manager-0.5.0-SNAPSHOT.jar:/home/user/.m2/repository/org/apache/hadoop/hadoop-minikdc/3.2.0/hadoop-minikdc-3.2.0.jar:/home/user/.m2/repository/commons-io/commons-io/2.5/commons-io-2.5.jar:/home/user/.m2/repository/org/apache/kerby/kerb-simplekdc/1.0.1/kerb-simplekdc-1.0.1.jar:/home/user/.m2/repository/org/apache/kerby/kerb-client/1.0.1/kerb-client-1.0.1.jar:/home/user/.m2/repository/org/apache/kerby/kerby-config/1.0.1/kerby-config-1.0.1.jar:/home/user/.m2/repository/org/apache/kerby/kerb-core/1.0.1/kerb-core-1.0.1.jar:/home/user/.m2/repository/org/apache/kerby/kerby-pkix/1.0.1/kerby-pkix-1.0.1.jar:/home/user/.m2/repository/org/apache/kerby/kerby-asn1/1.0.1/kerby-asn1-1.0.1.jar:/home/user/.m2/repository/org/apache/kerby/kerby-util/1.0.1/kerby-util-1.0.1.jar:/home/user/.m2/repository/org/apache/kerby/kerb-common/1.0.1/kerb-common-1.0.1.jar:/home/user/.m2/repository/org/apache/kerby/kerb-crypto/1.0.1/kerb-crypto-1.0.1.jar:/home/user/.m2/repository/org/apache/kerby/kerb-util/1.0.1/kerb-util-1.0.1.jar:/home/user/.m2/repository/org/apache/kerby/token-provider/1.0.1/token-provider-1.0.1.jar:/home/user/.m2/repository/org/apache/kerby/kerb-admin/1.0.1/kerb-admin-1.0.1.jar:/home/user/.m2/repository/org/apache/kerby/kerb-server/1.0.1/kerb-server-1.0.1.jar:/home/user/.m2/repository/org/apache/kerby/kerb-identity/1.0.1/kerb-identity-1.0.1.jar:/home/user/.m2/repository/org/apache/kerby/kerby-xdr/1.0.1/kerby-xdr-1.0.1.jar:/home/user/.m2/repository/org/slf4j/slf4j-log4j12/1.7.25/slf4j-log4j12-1.7.25.jar:/home/user/.m2/repository/org/apache/hadoop/hadoop-ozone-s3gateway/0.5.0-SNAPSHOT/hadoop-ozone-s3gateway-0.5.0-SNAPSHOT.jar:/home/user/.m2/repository/org/jboss/weld/servlet/weld-servlet/2.4.7.Final/weld-servlet-2.4.7.Final.jar:/home/user/.m2/repository/org/glassfish/jersey/containers/jersey-container-servlet-core/2.27/jersey-container-servlet-core-2.27.jar:/home/user/.m2/repository/org/glassfish/hk2/external/javax.inject/2.5.0-b42/javax.inject-2.5.0-b42.jar:/home/user/.m2/repository/org/glassfish/jersey/core/jersey-common/2.27/jersey-common-2.27.jar:/home/user/.m2/repository/org/glassfish/hk2/osgi-resource-locator/1.0.1/osgi-resource-locator-1.0.1.jar:/home/user/.m2/repository/javax/ws/rs/javax.ws.rs-api/2.1/javax.ws.rs-api-2.1.jar:/home/user/.m2/repository/org/glassfish/jersey/ext/cdi/jersey-cdi1x/2.27/jersey-cdi1x-2.27.jar:/home/user/.m2/repository/org/glassfish/jersey/inject/jersey-hk2/2.27/jersey-hk2-2.27.jar:/home/user/.m2/repository/org/glassfish/hk2/hk2-locator/2.5.0-b42/hk2-locator-2.5.0-b42.jar:/home/user/.m2/repository/org/javassist/javassist/3.22.0-CR2/javassist-3.22.0-CR2.jar:/home/user/.m2/repository/org/glassfish/hk2/hk2-api/2.5.0/hk2-api-2.5.0.jar:/home/user/.m2/repository/org/glassfish/hk2/external/jakarta.inject/2.5.0/jakarta.inject-2.5.0.jar:/home/user/.m2/repository/org/glassfish/hk2/hk2-utils/2.5.0/hk2-utils-2.5.0.jar:/home/user/.m2/repository/jakarta/annotation/jakarta.annotation-api/1.3.4/jakarta.annotation-api-1.3.4.jar:/home/user/.m2/repository/org/glassfish/hk2/external/aopalliance-repackaged/2.5.0/aopalliance-repackaged-2.5.0.jar:/home/user/.m2/repository/com/fasterxml/jackson/dataformat/jackson-dataformat-xml/2.9.0/jackson-dataformat-xml-2.9.0.jar:/home/user/.m2/repository/com/fasterxml/jackson/core/jackson-core/2.9.9/jackson-core-2.9.9.jar:/home/user/.m2/repository/com/fasterxml/jackson/module/jackson-module-jaxb-annotations/2.9.9/jackson-module-jaxb-annotations-2.9.9.jar:/home/user/.m2/repository/javax/enterprise/cdi-api/1.2/cdi-api-1.2.jar:/home/user/.m2/repository/javax/el/javax.el-api/3.0.0/javax.el-api-3.0.0.jar:/home/user/.m2/repository/javax/interceptor/javax.interceptor-api/1.2/javax.interceptor-api-1.2.jar:/home/user/.m2/repository/javax/inject/javax.inject/1/javax.inject-1.jar:/home/user/.m2/repository/com/sun/xml/bind/jaxb-impl/2.3.0.1/jaxb-impl-2.3.0.1.jar:/home/user/.m2/repository/com/sun/xml/bind/jaxb-core/2.3.0.1/jaxb-core-2.3.0.1.jar:/home/user/.m2/repository/javax/xml/bind/jaxb-api/2.3.0/jaxb-api-2.3.0.jar:/home/user/.m2/repository/javax/activation/activation/1.1.1/activation-1.1.1.jar:/home/user/.m2/repository/org/apache/hadoop/hadoop-ozone-csi/0.5.0-SNAPSHOT/hadoop-ozone-csi-0.5.0-SNAPSHOT.jar:/home/user/.m2/repository/com/google/protobuf/protobuf-java-util/3.5.1/protobuf-java-util-3.5.1.jar:/home/user/.m2/repository/org/apache/hadoop/hadoop-hdds-config/0.5.0-SNAPSHOT/hadoop-hdds-config-0.5.0-SNAPSHOT.jar:/home/user/.m2/repository/io/grpc/grpc-netty/1.17.1/grpc-netty-1.17.1.jar:/home/user/.m2/repository/io/grpc/grpc-core/1.17.1/grpc-core-1.17.1.jar:/home/user/.m2/repository/io/grpc/grpc-context/1.17.1/grpc-context-1.17.1.jar:/home/user/.m2/repository/com/google/errorprone/error_prone_annotations/2.2.0/error_prone_annotations-2.2.0.jar:/home/user/.m2/repository/org/codehaus/mojo/animal-sniffer-annotations/1.17/animal-sniffer-annotations-1.17.jar:/home/user/.m2/repository/io/opencensus/opencensus-api/0.17.0/opencensus-api-0.17.0.jar:/home/user/.m2/repository/io/opencensus/opencensus-contrib-grpc-metrics/0.17.0/opencensus-contrib-grpc-metrics-0.17.0.jar:/home/user/.m2/repository/io/netty/netty-codec-http2/4.1.30.Final/netty-codec-http2-4.1.30.Final.jar:/home/user/.m2/repository/io/netty/netty-codec-http/4.1.30.Final/netty-codec-http-4.1.30.Final.jar:/home/user/.m2/repository/io/netty/netty-codec/4.1.30.Final/netty-codec-4.1.30.Final.jar:/home/user/.m2/repository/io/netty/netty-handler/4.1.30.Final/netty-handler-4.1.30.Final.jar:/home/user/.m2/repository/io/netty/netty-handler-proxy/4.1.30.Final/netty-handler-proxy-4.1.30.Final.jar:/home/user/.m2/repository/io/netty/netty-codec-socks/4.1.30.Final/netty-codec-socks-4.1.30.Final.jar:/home/user/.m2/repository/io/netty/netty-transport-native-epoll/4.1.30.Final/netty-transport-native-epoll-4.1.30.Final.jar:/home/user/.m2/repository/io/netty/netty-common/4.1.30.Final/netty-common-4.1.30.Final.jar:/home/user/.m2/repository/io/netty/netty-buffer/4.1.30.Final/netty-buffer-4.1.30.Final.jar:/home/user/.m2/repository/io/netty/netty-transport/4.1.30.Final/netty-transport-4.1.30.Final.jar:/home/user/.m2/repository/io/netty/netty-resolver/4.1.30.Final/netty-resolver-4.1.30.Final.jar:/home/user/.m2/repository/io/netty/netty-transport-native-unix-common/4.1.30.Final/netty-transport-native-unix-common-4.1.30.Final.jar:/home/user/.m2/repository/io/grpc/grpc-protobuf/1.17.1/grpc-protobuf-1.17.1.jar:/home/user/.m2/repository/com/google/api/grpc/proto-google-common-protos/1.0.0/proto-google-common-protos-1.0.0.jar:/home/user/.m2/repository/io/grpc/grpc-protobuf-lite/1.17.1/grpc-protobuf-lite-1.17.1.jar:/home/user/.m2/repository/io/grpc/grpc-stub/1.17.1/grpc-stub-1.17.1.jar:/home/user/.m2/repository/org/apache/hadoop/hadoop-ozone-recon/0.5.0-SNAPSHOT/hadoop-ozone-recon-0.5.0-SNAPSHOT.jar:/home/user/.m2/repository/org/apache/hadoop/hadoop-ozone-reconcodegen/0.5.0-SNAPSHOT/hadoop-ozone-reconcodegen-0.5.0-SNAPSHOT.jar:/home/user/.m2/repository/com/google/inject/extensions/guice-multibindings/4.0/guice-multibindings-4.0.jar:/home/user/.m2/repository/com/google/inject/guice/4.0/guice-4.0.jar:/home/user/.m2/repository/aopalliance/aopalliance/1.0/aopalliance-1.0.jar:/home/user/.m2/repository/com/google/inject/extensions/guice-servlet/4.0/guice-servlet-4.0.jar:/home/user/.m2/repository/org/glassfish/jersey/containers/jersey-container-servlet/2.27/jersey-container-servlet-2.27.jar:/home/user/.m2/repository/org/glassfish/hk2/guice-bridge/2.5.0/guice-bridge-2.5.0.jar:/home/user/.m2/repository/org/glassfish/jersey/core/jersey-server/2.27/jersey-server-2.27.jar:/home/user/.m2/repository/org/glassfish/jersey/core/jersey-client/2.27/jersey-client-2.27.jar:/home/user/.m2/repository/org/glassfish/jersey/media/jersey-media-jaxb/2.27/jersey-media-jaxb-2.27.jar:/home/user/.m2/repository/javax/validation/validation-api/1.1.0.Final/validation-api-1.1.0.Final.jar:/home/user/.m2/repository/org/glassfish/jersey/media/jersey-media-json-jackson/2.27/jersey-media-json-jackson-2.27.jar:/home/user/.m2/repository/org/glassfish/jersey/ext/jersey-entity-filtering/2.27/jersey-entity-filtering-2.27.jar:/home/user/.m2/repository/com/google/inject/extensions/guice-assistedinject/4.0/guice-assistedinject-4.0.jar:/home/user/.m2/repository/org/jooq/jooq/3.11.10/jooq-3.11.10.jar:/home/user/.m2/repository/org/jooq/jooq-meta/3.11.10/jooq-meta-3.11.10.jar:/home/user/.m2/repository/org/jooq/jooq-codegen/3.11.10/jooq-codegen-3.11.10.jar:/home/user/.m2/repository/com/jolbox/bonecp/0.8.0.RELEASE/bonecp-0.8.0.RELEASE.jar:/home/user/.m2/repository/org/xerial/sqlite-jdbc/3.25.2/sqlite-jdbc-3.25.2.jar:/home/user/.m2/repository/org/springframework/spring-jdbc/5.1.3.RELEASE/spring-jdbc-5.1.3.RELEASE.jar:/home/user/.m2/repository/org/springframework/spring-beans/5.1.3.RELEASE/spring-beans-5.1.3.RELEASE.jar:/home/user/.m2/repository/org/springframework/spring-core/5.1.3.RELEASE/spring-core-5.1.3.RELEASE.jar:/home/user/.m2/repository/org/springframework/spring-jcl/5.1.3.RELEASE/spring-jcl-5.1.3.RELEASE.jar:/home/user/.m2/repository/org/springframework/spring-tx/5.1.3.RELEASE/spring-tx-5.1.3.RELEASE.jar:/home/user/.m2/repository/org/apache/hadoop/hadoop-ozone-client/0.5.0-SNAPSHOT/hadoop-ozone-client-0.5.0-SNAPSHOT.jar:/home/user/.m2/repository/commons-lang/commons-lang/2.6/commons-lang-2.6.jar:/home/user/.m2/repository/org/apache/hadoop/hadoop-ozone-ozone-manager/0.5.0-SNAPSHOT/hadoop-ozone-ozone-manager-0.5.0-SNAPSHOT-tests.jar:/home/user/.m2/repository/junit/junit/4.11/junit-4.11.jar:/home/user/.m2/repository/org/hamcrest/hamcrest-core/1.3/hamcrest-core-1.3.jar:/home/user/.m2/repository/org/openjdk/jmh/jmh-core/1.19/jmh-core-1.19.jar:/home/user/.m2/repository/net/sf/jopt-simple/jopt-simple/4.6/jopt-simple-4.6.jar:/home/user/.m2/repository/org/apache/commons/commons-math3/3.1.1/commons-math3-3.1.1.jar:/home/user/.m2/repository/org/openjdk/jmh/jmh-generator-annprocess/1.19/jmh-generator-annprocess-1.19.jar:/home/user/.m2/repository/org/mockito/mockito-all/1.8.5/mockito-all-1.8.5.jar:/home/user/.m2/repository/org/apache/hadoop/hadoop-kms/3.2.0/hadoop-kms-3.2.0.jar:/home/user/.m2/repository/org/apache/hadoop/hadoop-auth/3.2.0/hadoop-auth-3.2.0.jar:/home/user/.m2/repository/com/nimbusds/nimbus-jose-jwt/4.41.1/nimbus-jose-jwt-4.41.1.jar:/home/user/.m2/repository/com/github/stephenc/jcip/jcip-annotations/1.0-1/jcip-annotations-1.0-1.jar:/home/user/.m2/repository/net/minidev/json-smart/2.3/json-smart-2.3.jar:/home/user/.m2/repository/net/minidev/accessors-smart/1.2/accessors-smart-1.2.jar:/home/user/.m2/repository/org/ow2/asm/asm/5.0.4/asm-5.0.4.jar:/home/user/.m2/repository/org/apache/curator/curator-framework/2.12.0/curator-framework-2.12.0.jar:/home/user/.m2/repository/com/sun/jersey/jersey-core/1.19/jersey-core-1.19.jar:/home/user/.m2/repository/javax/ws/rs/jsr311-api/1.1.1/jsr311-api-1.1.1.jar:/home/user/.m2/repository/com/sun/jersey/jersey-server/1.19/jersey-server-1.19.jar:/home/user/.m2/repository/javax/servlet/javax.servlet-api/3.1.0/javax.servlet-api-3.1.0.jar:/home/user/.m2/repository/org/eclipse/jetty/jetty-server/9.3.25.v20180904/jetty-server-9.3.25.v20180904.jar:/home/user/.m2/repository/org/eclipse/jetty/jetty-http/9.3.25.v20180904/jetty-http-9.3.25.v20180904.jar:/home/user/.m2/repository/org/eclipse/jetty/jetty-io/9.3.25.v20180904/jetty-io-9.3.25.v20180904.jar:/home/user/.m2/repository/org/eclipse/jetty/jetty-webapp/9.3.25.v20180904/jetty-webapp-9.3.25.v20180904.jar:/home/user/.m2/repository/org/eclipse/jetty/jetty-xml/9.3.25.v20180904/jetty-xml-9.3.25.v20180904.jar:/home/user/.m2/repository/log4j/log4j/1.2.17/log4j-1.2.17.jar:/home/user/.m2/repository/org/slf4j/slf4j-api/1.7.25/slf4j-api-1.7.25.jar:/home/user/.m2/repository/org/slf4j/jul-to-slf4j/1.7.25/jul-to-slf4j-1.7.25.jar:/home/user/.m2/repository/org/eclipse/jetty/jetty-util/9.3.25.v20180904/jetty-util-9.3.25.v20180904.jar:/home/user/.m2/repository/com/fasterxml/jackson/core/jackson-databind/2.9.9/jackson-databind-2.9.9.jar:/home/user/.m2/repository/org/apache/hadoop/hadoop-kms/3.2.0/hadoop-kms-3.2.0-tests.jar:/home/user/.m2/repository/org/apache/hadoop/hadoop-hdds-server-scm/0.5.0-SNAPSHOT/hadoop-hdds-server-scm-0.5.0-SNAPSHOT-tests.jar:/home/user/.m2/repository/org/apache/hadoop/hadoop-hdds-container-service/0.5.0-SNAPSHOT/hadoop-hdds-container-service-0.5.0-SNAPSHOT-tests.jar:/home/user/.m2/repository/org/yaml/snakeyaml/1.16/snakeyaml-1.16.jar:/home/user/.m2/repository/org/apache/hadoop/hadoop-common/3.2.0/hadoop-common-3.2.0-tests.jar:/home/user/.m2/repository/org/apache/hadoop/hadoop-annotations/3.2.0/hadoop-annotations-3.2.0.jar:/usr/lib/jvm/java-1.8.0-openjdk-1.8.0.222.b10-1.el7_7.x86_64/jre/../lib/tools.jar:/home/user/.m2/repository/commons-cli/commons-cli/1.2/commons-cli-1.2.jar:/home/user/.m2/repository/org/apache/httpcomponents/httpclient/4.5.2/httpclient-4.5.2.jar:/home/user/.m2/repository/org/apache/httpcomponents/httpcore/4.4.4/httpcore-4.4.4.jar:/home/user/.m2/repository/commons-codec/commons-codec/1.11/commons-codec-1.11.jar:/home/user/.m2/repository/commons-net/commons-net/3.6/commons-net-3.6.jar:/home/user/.m2/repository/commons-collections/commons-collections/3.2.2/commons-collections-3.2.2.jar:/home/user/.m2/repository/org/eclipse/jetty/jetty-servlet/9.3.25.v20180904/jetty-servlet-9.3.25.v20180904.jar:/home/user/.m2/repository/org/eclipse/jetty/jetty-security/9.3.25.v20180904/jetty-security-9.3.25.v20180904.jar:/home/user/.m2/repository/javax/servlet/jsp/jsp-api/2.1/jsp-api-2.1.jar:/home/user/.m2/repository/com/sun/jersey/jersey-servlet/1.19/jersey-servlet-1.19.jar:/home/user/.m2/repository/com/sun/jersey/jersey-json/1.19/jersey-json-1.19.jar:/home/user/.m2/repository/org/codehaus/jettison/jettison/1.1/jettison-1.1.jar:/home/user/.m2/repository/org/codehaus/jackson/jackson-core-asl/1.9.13/jackson-core-asl-1.9.13.jar:/home/user/.m2/repository/org/codehaus/jackson/jackson-mapper-asl/1.9.13/jackson-mapper-asl-1.9.13.jar:/home/user/.m2/repository/org/codehaus/jackson/jackson-jaxrs/1.9.13/jackson-jaxrs-1.9.13.jar:/home/user/.m2/repository/org/codehaus/jackson/jackson-xc/1.9.13/jackson-xc-1.9.13.jar:/home/user/.m2/repository/commons-logging/commons-logging/1.1.3/commons-logging-1.1.3.jar:/home/user/.m2/repository/commons-beanutils/commons-beanutils/1.9.4/commons-beanutils-1.9.4.jar:/home/user/.m2/repository/org/apache/commons/commons-configuration2/2.1.1/commons-configuration2-2.1.1.jar:/home/user/.m2/repository/org/apache/commons/commons-lang3/3.7/commons-lang3-3.7.jar:/home/user/.m2/repository/org/apache/commons/commons-text/1.4/commons-text-1.4.jar:/home/user/.m2/repository/org/apache/avro/avro/1.7.7/avro-1.7.7.jar:/home/user/.m2/repository/com/thoughtworks/paranamer/paranamer/2.3/paranamer-2.3.jar:/home/user/.m2/repository/org/xerial/snappy/snappy-java/1.0.5/snappy-java-1.0.5.jar:/home/user/.m2/repository/com/google/re2j/re2j/1.1/re2j-1.1.jar:/home/user/.m2/repository/com/google/code/gson/gson/2.2.4/gson-2.2.4.jar:/home/user/.m2/repository/com/jcraft/jsch/0.1.54/jsch-0.1.54.jar:/home/user/.m2/repository/org/apache/curator/curator-client/2.12.0/curator-client-2.12.0.jar:/home/user/.m2/repository/org/apache/curator/curator-recipes/2.12.0/curator-recipes-2.12.0.jar:/home/user/.m2/repository/com/google/code/findbugs/jsr305/3.0.0/jsr305-3.0.0.jar:/home/user/.m2/repository/org/apache/htrace/htrace-core4/4.1.0-incubating/htrace-core4-4.1.0-incubating.jar:/home/user/.m2/repository/org/apache/zookeeper/zookeeper/3.4.13/zookeeper-3.4.13.jar:/home/user/.m2/repository/jline/jline/0.9.94/jline-0.9.94.jar:/home/user/.m2/repository/org/apache/yetus/audience-annotations/0.5.0/audience-annotations-0.5.0.jar:/home/user/.m2/repository/org/codehaus/woodstox/stax2-api/3.1.4/stax2-api-3.1.4.jar:/home/user/.m2/repository/com/fasterxml/woodstox/woodstox-core/5.0.3/woodstox-core-5.0.3.jar:/home/user/.m2/repository/dnsjava/dnsjava/2.1.7/dnsjava-2.1.7.jar:/home/user/.m2/repository/org/apache/hadoop/hadoop-hdfs/3.2.0/hadoop-hdfs-3.2.0-tests.jar:/home/user/.m2/repository/org/eclipse/jetty/jetty-util-ajax/9.3.25.v20180904/jetty-util-ajax-9.3.25.v20180904.jar:/home/user/.m2/repository/commons-daemon/commons-daemon/1.0.13/commons-daemon-1.0.13.jar:/home/user/.m2/repository/io/netty/netty/3.10.5.Final/netty-3.10.5.Final.jar:/home/user/.m2/repository/io/netty/netty-all/4.0.52.Final/netty-all-4.0.52.Final.jar:/home/user/.m2/repository/org/fusesource/leveldbjni/leveldbjni-all/1.8/leveldbjni-all-1.8.jar:"/>
    <property name="java.vm.vendor" value="Oracle Corporation"/>
    <property name="sun.arch.data.model" value="64"/>
    <property name="test.build.dir" value="/workdir/hadoop-ozone/integration-test/target/test-dir"/>
    <property name="test.cache.data" value=""/>
    <property name="java.vendor.url" value="http://java.oracle.com/"/>
    <property name="user.timezone" value=""/>
    <property name="java.vm.specification.version" value="1.8"/>
    <property name="os.name" value="Linux"/>
    <property name="test.build.data" value="/workdir/hadoop-ozone/integration-test/target/test-dir"/>
    <property name="user.country" value="US"/>
    <property name="sun.java.launcher" value="SUN_STANDARD"/>
    <property name="sun.boot.library.path" value="/usr/lib/jvm/java-1.8.0-openjdk-1.8.0.222.b10-1.el7_7.x86_64/jre/lib/amd64"/>
    <property name="sun.java.command" value="/workdir/hadoop-ozone/integration-test/target/surefire/surefirebooter8007726696944700707.jar /workdir/hadoop-ozone/integration-test/target/surefire 2019-10-25T20-39-16_349-jvmRun1 surefire8805900804110302984tmp surefire_42312423074266812618tmp"/>
    <property name="surefire.test.class.path" value="/workdir/hadoop-ozone/integration-test/target/test-classes:/workdir/hadoop-ozone/integration-test/target/classes:/home/user/.m2/repository/org/apache/hadoop/hadoop-ozone-common/0.5.0-SNAPSHOT/hadoop-ozone-common-0.5.0-SNAPSHOT.jar:/home/user/.m2/repository/org/apache/commons/commons-compress/1.4.1/commons-compress-1.4.1.jar:/home/user/.m2/repository/org/tukaani/xz/1.0/xz-1.0.jar:/home/user/.m2/repository/org/apache/hadoop/hadoop-common/3.2.0/hadoop-common-3.2.0.jar:/home/user/.m2/repository/org/apache/hadoop/hadoop-hdfs/3.2.0/hadoop-hdfs-3.2.0.jar:/home/user/.m2/repository/org/apache/hadoop/hadoop-hdfs-client/3.2.0/hadoop-hdfs-client-3.2.0.jar:/home/user/.m2/repository/com/fasterxml/jackson/core/jackson-annotations/2.9.9/jackson-annotations-2.9.9.jar:/home/user/.m2/repository/org/apache/hadoop/hadoop-hdds-common/0.5.0-SNAPSHOT/hadoop-hdds-common-0.5.0-SNAPSHOT.jar:/home/user/.m2/repository/javax/annotation/javax.annotation-api/1.2/javax.annotation-api-1.2.jar:/home/user/.m2/repository/org/apache/ratis/ratis-server/0.5.0-3f446aa-SNAPSHOT/ratis-server-0.5.0-3f446aa-SNAPSHOT.jar:/home/user/.m2/repository/org/apache/ratis/ratis-thirdparty-misc/0.2.0/ratis-thirdparty-misc-0.2.0.jar:/home/user/.m2/repository/org/apache/ratis/ratis-proto/0.5.0-3f446aa-SNAPSHOT/ratis-proto-0.5.0-3f446aa-SNAPSHOT.jar:/home/user/.m2/repository/org/apache/ratis/ratis-common/0.5.0-3f446aa-SNAPSHOT/ratis-common-0.5.0-3f446aa-SNAPSHOT.jar:/home/user/.m2/repository/org/apache/ratis/ratis-client/0.5.0-3f446aa-SNAPSHOT/ratis-client-0.5.0-3f446aa-SNAPSHOT.jar:/home/user/.m2/repository/org/apache/ratis/ratis-metrics/0.5.0-3f446aa-SNAPSHOT/ratis-metrics-0.5.0-3f446aa-SNAPSHOT.jar:/home/user/.m2/repository/com/github/joshelser/dropwizard-metrics-hadoop-metrics2-reporter/0.1.2/dropwizard-metrics-hadoop-metrics2-reporter-0.1.2.jar:/home/user/.m2/repository/io/dropwizard/metrics/metrics-jvm/3.2.5/metrics-jvm-3.2.5.jar:/home/user/.m2/repository/io/dropwizard/metrics/metrics-ganglia/3.2.5/metrics-ganglia-3.2.5.jar:/home/user/.m2/repository/info/ganglia/gmetric4j/gmetric4j/1.0.7/gmetric4j-1.0.7.jar:/home/user/.m2/repository/org/apache/ratis/ratis-netty/0.5.0-3f446aa-SNAPSHOT/ratis-netty-0.5.0-3f446aa-SNAPSHOT.jar:/home/user/.m2/repository/org/apache/ratis/ratis-grpc/0.5.0-3f446aa-SNAPSHOT/ratis-grpc-0.5.0-3f446aa-SNAPSHOT.jar:/home/user/.m2/repository/org/rocksdb/rocksdbjni/6.0.1/rocksdbjni-6.0.1.jar:/home/user/.m2/repository/org/apache/logging/log4j/log4j-api/2.11.0/log4j-api-2.11.0.jar:/home/user/.m2/repository/org/apache/logging/log4j/log4j-core/2.11.0/log4j-core-2.11.0.jar:/home/user/.m2/repository/com/lmax/disruptor/3.4.2/disruptor-3.4.2.jar:/home/user/.m2/repository/org/apache/commons/commons-pool2/2.6.0/commons-pool2-2.6.0.jar:/home/user/.m2/repository/org/bouncycastle/bcpkix-jdk15on/1.60/bcpkix-jdk15on-1.60.jar:/home/user/.m2/repository/commons-validator/commons-validator/1.6/commons-validator-1.6.jar:/home/user/.m2/repository/commons-digester/commons-digester/1.8.1/commons-digester-1.8.1.jar:/home/user/.m2/repository/io/jaegertracing/jaeger-client/0.34.0/jaeger-client-0.34.0.jar:/home/user/.m2/repository/io/jaegertracing/jaeger-thrift/0.34.0/jaeger-thrift-0.34.0.jar:/home/user/.m2/repository/org/apache/thrift/libthrift/0.12.0/libthrift-0.12.0.jar:/home/user/.m2/repository/com/squareup/okhttp3/okhttp/3.9.0/okhttp-3.9.0.jar:/home/user/.m2/repository/com/squareup/okio/okio/1.13.0/okio-1.13.0.jar:/home/user/.m2/repository/io/jaegertracing/jaeger-core/0.34.0/jaeger-core-0.34.0.jar:/home/user/.m2/repository/io/jaegertracing/jaeger-tracerresolver/0.34.0/jaeger-tracerresolver-0.34.0.jar:/home/user/.m2/repository/io/opentracing/contrib/opentracing-tracerresolver/0.1.5/opentracing-tracerresolver-0.1.5.jar:/home/user/.m2/repository/io/opentracing/opentracing-util/0.31.0/opentracing-util-0.31.0.jar:/home/user/.m2/repository/io/opentracing/opentracing-api/0.31.0/opentracing-api-0.31.0.jar:/home/user/.m2/repository/io/opentracing/opentracing-noop/0.31.0/opentracing-noop-0.31.0.jar:/home/user/.m2/repository/org/apache/hadoop/hadoop-hdds-server-framework/0.5.0-SNAPSHOT/hadoop-hdds-server-framework-0.5.0-SNAPSHOT.jar:/home/user/.m2/repository/org/apache/hadoop/hadoop-hdds-container-service/0.5.0-SNAPSHOT/hadoop-hdds-container-service-0.5.0-SNAPSHOT.jar:/home/user/.m2/repository/org/apache/hadoop/hadoop-hdds-client/0.5.0-SNAPSHOT/hadoop-hdds-client-0.5.0-SNAPSHOT.jar:/home/user/.m2/repository/org/apache/hadoop/hadoop-hdds-tools/0.5.0-SNAPSHOT/hadoop-hdds-tools-0.5.0-SNAPSHOT.jar:/home/user/.m2/repository/org/apache/hadoop/hadoop-hdds-server-scm/0.5.0-SNAPSHOT/hadoop-hdds-server-scm-0.5.0-SNAPSHOT.jar:/home/user/.m2/repository/org/apache/hadoop/hadoop-hdds-docs/0.5.0-SNAPSHOT/hadoop-hdds-docs-0.5.0-SNAPSHOT.jar:/home/user/.m2/repository/io/dropwizard/metrics/metrics-core/3.2.4/metrics-core-3.2.4.jar:/home/user/.m2/repository/org/hamcrest/hamcrest-all/1.3/hamcrest-all-1.3.jar:/home/user/.m2/repository/org/bouncycastle/bcprov-jdk15on/1.60/bcprov-jdk15on-1.60.jar:/home/user/.m2/repository/info/picocli/picocli/3.9.6/picocli-3.9.6.jar:/home/user/.m2/repository/com/google/protobuf/protobuf-java/2.5.0/protobuf-java-2.5.0.jar:/home/user/.m2/repository/com/google/guava/guava/11.0.2/guava-11.0.2.jar:/home/user/.m2/repository/org/apache/hadoop/hadoop-ozone-ozone-manager/0.5.0-SNAPSHOT/hadoop-ozone-ozone-manager-0.5.0-SNAPSHOT.jar:/home/user/.m2/repository/org/apache/hadoop/hadoop-minikdc/3.2.0/hadoop-minikdc-3.2.0.jar:/home/user/.m2/repository/commons-io/commons-io/2.5/commons-io-2.5.jar:/home/user/.m2/repository/org/apache/kerby/kerb-simplekdc/1.0.1/kerb-simplekdc-1.0.1.jar:/home/user/.m2/repository/org/apache/kerby/kerb-client/1.0.1/kerb-client-1.0.1.jar:/home/user/.m2/repository/org/apache/kerby/kerby-config/1.0.1/kerby-config-1.0.1.jar:/home/user/.m2/repository/org/apache/kerby/kerb-core/1.0.1/kerb-core-1.0.1.jar:/home/user/.m2/repository/org/apache/kerby/kerby-pkix/1.0.1/kerby-pkix-1.0.1.jar:/home/user/.m2/repository/org/apache/kerby/kerby-asn1/1.0.1/kerby-asn1-1.0.1.jar:/home/user/.m2/repository/org/apache/kerby/kerby-util/1.0.1/kerby-util-1.0.1.jar:/home/user/.m2/repository/org/apache/kerby/kerb-common/1.0.1/kerb-common-1.0.1.jar:/home/user/.m2/repository/org/apache/kerby/kerb-crypto/1.0.1/kerb-crypto-1.0.1.jar:/home/user/.m2/repository/org/apache/kerby/kerb-util/1.0.1/kerb-util-1.0.1.jar:/home/user/.m2/repository/org/apache/kerby/token-provider/1.0.1/token-provider-1.0.1.jar:/home/user/.m2/repository/org/apache/kerby/kerb-admin/1.0.1/kerb-admin-1.0.1.jar:/home/user/.m2/repository/org/apache/kerby/kerb-server/1.0.1/kerb-server-1.0.1.jar:/home/user/.m2/repository/org/apache/kerby/kerb-identity/1.0.1/kerb-identity-1.0.1.jar:/home/user/.m2/repository/org/apache/kerby/kerby-xdr/1.0.1/kerby-xdr-1.0.1.jar:/home/user/.m2/repository/org/slf4j/slf4j-log4j12/1.7.25/slf4j-log4j12-1.7.25.jar:/home/user/.m2/repository/org/apache/hadoop/hadoop-ozone-s3gateway/0.5.0-SNAPSHOT/hadoop-ozone-s3gateway-0.5.0-SNAPSHOT.jar:/home/user/.m2/repository/org/jboss/weld/servlet/weld-servlet/2.4.7.Final/weld-servlet-2.4.7.Final.jar:/home/user/.m2/repository/org/glassfish/jersey/containers/jersey-container-servlet-core/2.27/jersey-container-servlet-core-2.27.jar:/home/user/.m2/repository/org/glassfish/hk2/external/javax.inject/2.5.0-b42/javax.inject-2.5.0-b42.jar:/home/user/.m2/repository/org/glassfish/jersey/core/jersey-common/2.27/jersey-common-2.27.jar:/home/user/.m2/repository/org/glassfish/hk2/osgi-resource-locator/1.0.1/osgi-resource-locator-1.0.1.jar:/home/user/.m2/repository/javax/ws/rs/javax.ws.rs-api/2.1/javax.ws.rs-api-2.1.jar:/home/user/.m2/repository/org/glassfish/jersey/ext/cdi/jersey-cdi1x/2.27/jersey-cdi1x-2.27.jar:/home/user/.m2/repository/org/glassfish/jersey/inject/jersey-hk2/2.27/jersey-hk2-2.27.jar:/home/user/.m2/repository/org/glassfish/hk2/hk2-locator/2.5.0-b42/hk2-locator-2.5.0-b42.jar:/home/user/.m2/repository/org/javassist/javassist/3.22.0-CR2/javassist-3.22.0-CR2.jar:/home/user/.m2/repository/org/glassfish/hk2/hk2-api/2.5.0/hk2-api-2.5.0.jar:/home/user/.m2/repository/org/glassfish/hk2/external/jakarta.inject/2.5.0/jakarta.inject-2.5.0.jar:/home/user/.m2/repository/org/glassfish/hk2/hk2-utils/2.5.0/hk2-utils-2.5.0.jar:/home/user/.m2/repository/jakarta/annotation/jakarta.annotation-api/1.3.4/jakarta.annotation-api-1.3.4.jar:/home/user/.m2/repository/org/glassfish/hk2/external/aopalliance-repackaged/2.5.0/aopalliance-repackaged-2.5.0.jar:/home/user/.m2/repository/com/fasterxml/jackson/dataformat/jackson-dataformat-xml/2.9.0/jackson-dataformat-xml-2.9.0.jar:/home/user/.m2/repository/com/fasterxml/jackson/core/jackson-core/2.9.9/jackson-core-2.9.9.jar:/home/user/.m2/repository/com/fasterxml/jackson/module/jackson-module-jaxb-annotations/2.9.9/jackson-module-jaxb-annotations-2.9.9.jar:/home/user/.m2/repository/javax/enterprise/cdi-api/1.2/cdi-api-1.2.jar:/home/user/.m2/repository/javax/el/javax.el-api/3.0.0/javax.el-api-3.0.0.jar:/home/user/.m2/repository/javax/interceptor/javax.interceptor-api/1.2/javax.interceptor-api-1.2.jar:/home/user/.m2/repository/javax/inject/javax.inject/1/javax.inject-1.jar:/home/user/.m2/repository/com/sun/xml/bind/jaxb-impl/2.3.0.1/jaxb-impl-2.3.0.1.jar:/home/user/.m2/repository/com/sun/xml/bind/jaxb-core/2.3.0.1/jaxb-core-2.3.0.1.jar:/home/user/.m2/repository/javax/xml/bind/jaxb-api/2.3.0/jaxb-api-2.3.0.jar:/home/user/.m2/repository/javax/activation/activation/1.1.1/activation-1.1.1.jar:/home/user/.m2/repository/org/apache/hadoop/hadoop-ozone-csi/0.5.0-SNAPSHOT/hadoop-ozone-csi-0.5.0-SNAPSHOT.jar:/home/user/.m2/repository/com/google/protobuf/protobuf-java-util/3.5.1/protobuf-java-util-3.5.1.jar:/home/user/.m2/repository/org/apache/hadoop/hadoop-hdds-config/0.5.0-SNAPSHOT/hadoop-hdds-config-0.5.0-SNAPSHOT.jar:/home/user/.m2/repository/io/grpc/grpc-netty/1.17.1/grpc-netty-1.17.1.jar:/home/user/.m2/repository/io/grpc/grpc-core/1.17.1/grpc-core-1.17.1.jar:/home/user/.m2/repository/io/grpc/grpc-context/1.17.1/grpc-context-1.17.1.jar:/home/user/.m2/repository/com/google/errorprone/error_prone_annotations/2.2.0/error_prone_annotations-2.2.0.jar:/home/user/.m2/repository/org/codehaus/mojo/animal-sniffer-annotations/1.17/animal-sniffer-annotations-1.17.jar:/home/user/.m2/repository/io/opencensus/opencensus-api/0.17.0/opencensus-api-0.17.0.jar:/home/user/.m2/repository/io/opencensus/opencensus-contrib-grpc-metrics/0.17.0/opencensus-contrib-grpc-metrics-0.17.0.jar:/home/user/.m2/repository/io/netty/netty-codec-http2/4.1.30.Final/netty-codec-http2-4.1.30.Final.jar:/home/user/.m2/repository/io/netty/netty-codec-http/4.1.30.Final/netty-codec-http-4.1.30.Final.jar:/home/user/.m2/repository/io/netty/netty-codec/4.1.30.Final/netty-codec-4.1.30.Final.jar:/home/user/.m2/repository/io/netty/netty-handler/4.1.30.Final/netty-handler-4.1.30.Final.jar:/home/user/.m2/repository/io/netty/netty-handler-proxy/4.1.30.Final/netty-handler-proxy-4.1.30.Final.jar:/home/user/.m2/repository/io/netty/netty-codec-socks/4.1.30.Final/netty-codec-socks-4.1.30.Final.jar:/home/user/.m2/repository/io/netty/netty-transport-native-epoll/4.1.30.Final/netty-transport-native-epoll-4.1.30.Final.jar:/home/user/.m2/repository/io/netty/netty-common/4.1.30.Final/netty-common-4.1.30.Final.jar:/home/user/.m2/repository/io/netty/netty-buffer/4.1.30.Final/netty-buffer-4.1.30.Final.jar:/home/user/.m2/repository/io/netty/netty-transport/4.1.30.Final/netty-transport-4.1.30.Final.jar:/home/user/.m2/repository/io/netty/netty-resolver/4.1.30.Final/netty-resolver-4.1.30.Final.jar:/home/user/.m2/repository/io/netty/netty-transport-native-unix-common/4.1.30.Final/netty-transport-native-unix-common-4.1.30.Final.jar:/home/user/.m2/repository/io/grpc/grpc-protobuf/1.17.1/grpc-protobuf-1.17.1.jar:/home/user/.m2/repository/com/google/api/grpc/proto-google-common-protos/1.0.0/proto-google-common-protos-1.0.0.jar:/home/user/.m2/repository/io/grpc/grpc-protobuf-lite/1.17.1/grpc-protobuf-lite-1.17.1.jar:/home/user/.m2/repository/io/grpc/grpc-stub/1.17.1/grpc-stub-1.17.1.jar:/home/user/.m2/repository/org/apache/hadoop/hadoop-ozone-recon/0.5.0-SNAPSHOT/hadoop-ozone-recon-0.5.0-SNAPSHOT.jar:/home/user/.m2/repository/org/apache/hadoop/hadoop-ozone-reconcodegen/0.5.0-SNAPSHOT/hadoop-ozone-reconcodegen-0.5.0-SNAPSHOT.jar:/home/user/.m2/repository/com/google/inject/extensions/guice-multibindings/4.0/guice-multibindings-4.0.jar:/home/user/.m2/repository/com/google/inject/guice/4.0/guice-4.0.jar:/home/user/.m2/repository/aopalliance/aopalliance/1.0/aopalliance-1.0.jar:/home/user/.m2/repository/com/google/inject/extensions/guice-servlet/4.0/guice-servlet-4.0.jar:/home/user/.m2/repository/org/glassfish/jersey/containers/jersey-container-servlet/2.27/jersey-container-servlet-2.27.jar:/home/user/.m2/repository/org/glassfish/hk2/guice-bridge/2.5.0/guice-bridge-2.5.0.jar:/home/user/.m2/repository/org/glassfish/jersey/core/jersey-server/2.27/jersey-server-2.27.jar:/home/user/.m2/repository/org/glassfish/jersey/core/jersey-client/2.27/jersey-client-2.27.jar:/home/user/.m2/repository/org/glassfish/jersey/media/jersey-media-jaxb/2.27/jersey-media-jaxb-2.27.jar:/home/user/.m2/repository/javax/validation/validation-api/1.1.0.Final/validation-api-1.1.0.Final.jar:/home/user/.m2/repository/org/glassfish/jersey/media/jersey-media-json-jackson/2.27/jersey-media-json-jackson-2.27.jar:/home/user/.m2/repository/org/glassfish/jersey/ext/jersey-entity-filtering/2.27/jersey-entity-filtering-2.27.jar:/home/user/.m2/repository/com/google/inject/extensions/guice-assistedinject/4.0/guice-assistedinject-4.0.jar:/home/user/.m2/repository/org/jooq/jooq/3.11.10/jooq-3.11.10.jar:/home/user/.m2/repository/org/jooq/jooq-meta/3.11.10/jooq-meta-3.11.10.jar:/home/user/.m2/repository/org/jooq/jooq-codegen/3.11.10/jooq-codegen-3.11.10.jar:/home/user/.m2/repository/com/jolbox/bonecp/0.8.0.RELEASE/bonecp-0.8.0.RELEASE.jar:/home/user/.m2/repository/org/xerial/sqlite-jdbc/3.25.2/sqlite-jdbc-3.25.2.jar:/home/user/.m2/repository/org/springframework/spring-jdbc/5.1.3.RELEASE/spring-jdbc-5.1.3.RELEASE.jar:/home/user/.m2/repository/org/springframework/spring-beans/5.1.3.RELEASE/spring-beans-5.1.3.RELEASE.jar:/home/user/.m2/repository/org/springframework/spring-core/5.1.3.RELEASE/spring-core-5.1.3.RELEASE.jar:/home/user/.m2/repository/org/springframework/spring-jcl/5.1.3.RELEASE/spring-jcl-5.1.3.RELEASE.jar:/home/user/.m2/repository/org/springframework/spring-tx/5.1.3.RELEASE/spring-tx-5.1.3.RELEASE.jar:/home/user/.m2/repository/org/apache/hadoop/hadoop-ozone-client/0.5.0-SNAPSHOT/hadoop-ozone-client-0.5.0-SNAPSHOT.jar:/home/user/.m2/repository/commons-lang/commons-lang/2.6/commons-lang-2.6.jar:/home/user/.m2/repository/org/apache/hadoop/hadoop-ozone-ozone-manager/0.5.0-SNAPSHOT/hadoop-ozone-ozone-manager-0.5.0-SNAPSHOT-tests.jar:/home/user/.m2/repository/junit/junit/4.11/junit-4.11.jar:/home/user/.m2/repository/org/hamcrest/hamcrest-core/1.3/hamcrest-core-1.3.jar:/home/user/.m2/repository/org/openjdk/jmh/jmh-core/1.19/jmh-core-1.19.jar:/home/user/.m2/repository/net/sf/jopt-simple/jopt-simple/4.6/jopt-simple-4.6.jar:/home/user/.m2/repository/org/apache/commons/commons-math3/3.1.1/commons-math3-3.1.1.jar:/home/user/.m2/repository/org/openjdk/jmh/jmh-generator-annprocess/1.19/jmh-generator-annprocess-1.19.jar:/home/user/.m2/repository/org/mockito/mockito-all/1.8.5/mockito-all-1.8.5.jar:/home/user/.m2/repository/org/apache/hadoop/hadoop-kms/3.2.0/hadoop-kms-3.2.0.jar:/home/user/.m2/repository/org/apache/hadoop/hadoop-auth/3.2.0/hadoop-auth-3.2.0.jar:/home/user/.m2/repository/com/nimbusds/nimbus-jose-jwt/4.41.1/nimbus-jose-jwt-4.41.1.jar:/home/user/.m2/repository/com/github/stephenc/jcip/jcip-annotations/1.0-1/jcip-annotations-1.0-1.jar:/home/user/.m2/repository/net/minidev/json-smart/2.3/json-smart-2.3.jar:/home/user/.m2/repository/net/minidev/accessors-smart/1.2/accessors-smart-1.2.jar:/home/user/.m2/repository/org/ow2/asm/asm/5.0.4/asm-5.0.4.jar:/home/user/.m2/repository/org/apache/curator/curator-framework/2.12.0/curator-framework-2.12.0.jar:/home/user/.m2/repository/com/sun/jersey/jersey-core/1.19/jersey-core-1.19.jar:/home/user/.m2/repository/javax/ws/rs/jsr311-api/1.1.1/jsr311-api-1.1.1.jar:/home/user/.m2/repository/com/sun/jersey/jersey-server/1.19/jersey-server-1.19.jar:/home/user/.m2/repository/javax/servlet/javax.servlet-api/3.1.0/javax.servlet-api-3.1.0.jar:/home/user/.m2/repository/org/eclipse/jetty/jetty-server/9.3.25.v20180904/jetty-server-9.3.25.v20180904.jar:/home/user/.m2/repository/org/eclipse/jetty/jetty-http/9.3.25.v20180904/jetty-http-9.3.25.v20180904.jar:/home/user/.m2/repository/org/eclipse/jetty/jetty-io/9.3.25.v20180904/jetty-io-9.3.25.v20180904.jar:/home/user/.m2/repository/org/eclipse/jetty/jetty-webapp/9.3.25.v20180904/jetty-webapp-9.3.25.v20180904.jar:/home/user/.m2/repository/org/eclipse/jetty/jetty-xml/9.3.25.v20180904/jetty-xml-9.3.25.v20180904.jar:/home/user/.m2/repository/log4j/log4j/1.2.17/log4j-1.2.17.jar:/home/user/.m2/repository/org/slf4j/slf4j-api/1.7.25/slf4j-api-1.7.25.jar:/home/user/.m2/repository/org/slf4j/jul-to-slf4j/1.7.25/jul-to-slf4j-1.7.25.jar:/home/user/.m2/repository/org/eclipse/jetty/jetty-util/9.3.25.v20180904/jetty-util-9.3.25.v20180904.jar:/home/user/.m2/repository/com/fasterxml/jackson/core/jackson-databind/2.9.9/jackson-databind-2.9.9.jar:/home/user/.m2/repository/org/apache/hadoop/hadoop-kms/3.2.0/hadoop-kms-3.2.0-tests.jar:/home/user/.m2/repository/org/apache/hadoop/hadoop-hdds-server-scm/0.5.0-SNAPSHOT/hadoop-hdds-server-scm-0.5.0-SNAPSHOT-tests.jar:/home/user/.m2/repository/org/apache/hadoop/hadoop-hdds-container-service/0.5.0-SNAPSHOT/hadoop-hdds-container-service-0.5.0-SNAPSHOT-tests.jar:/home/user/.m2/repository/org/yaml/snakeyaml/1.16/snakeyaml-1.16.jar:/home/user/.m2/repository/org/apache/hadoop/hadoop-common/3.2.0/hadoop-common-3.2.0-tests.jar:/home/user/.m2/repository/org/apache/hadoop/hadoop-annotations/3.2.0/hadoop-annotations-3.2.0.jar:/usr/lib/jvm/java-1.8.0-openjdk-1.8.0.222.b10-1.el7_7.x86_64/jre/../lib/tools.jar:/home/user/.m2/repository/commons-cli/commons-cli/1.2/commons-cli-1.2.jar:/home/user/.m2/repository/org/apache/httpcomponents/httpclient/4.5.2/httpclient-4.5.2.jar:/home/user/.m2/repository/org/apache/httpcomponents/httpcore/4.4.4/httpcore-4.4.4.jar:/home/user/.m2/repository/commons-codec/commons-codec/1.11/commons-codec-1.11.jar:/home/user/.m2/repository/commons-net/commons-net/3.6/commons-net-3.6.jar:/home/user/.m2/repository/commons-collections/commons-collections/3.2.2/commons-collections-3.2.2.jar:/home/user/.m2/repository/org/eclipse/jetty/jetty-servlet/9.3.25.v20180904/jetty-servlet-9.3.25.v20180904.jar:/home/user/.m2/repository/org/eclipse/jetty/jetty-security/9.3.25.v20180904/jetty-security-9.3.25.v20180904.jar:/home/user/.m2/repository/javax/servlet/jsp/jsp-api/2.1/jsp-api-2.1.jar:/home/user/.m2/repository/com/sun/jersey/jersey-servlet/1.19/jersey-servlet-1.19.jar:/home/user/.m2/repository/com/sun/jersey/jersey-json/1.19/jersey-json-1.19.jar:/home/user/.m2/repository/org/codehaus/jettison/jettison/1.1/jettison-1.1.jar:/home/user/.m2/repository/org/codehaus/jackson/jackson-core-asl/1.9.13/jackson-core-asl-1.9.13.jar:/home/user/.m2/repository/org/codehaus/jackson/jackson-mapper-asl/1.9.13/jackson-mapper-asl-1.9.13.jar:/home/user/.m2/repository/org/codehaus/jackson/jackson-jaxrs/1.9.13/jackson-jaxrs-1.9.13.jar:/home/user/.m2/repository/org/codehaus/jackson/jackson-xc/1.9.13/jackson-xc-1.9.13.jar:/home/user/.m2/repository/commons-logging/commons-logging/1.1.3/commons-logging-1.1.3.jar:/home/user/.m2/repository/commons-beanutils/commons-beanutils/1.9.4/commons-beanutils-1.9.4.jar:/home/user/.m2/repository/org/apache/commons/commons-configuration2/2.1.1/commons-configuration2-2.1.1.jar:/home/user/.m2/repository/org/apache/commons/commons-lang3/3.7/commons-lang3-3.7.jar:/home/user/.m2/repository/org/apache/commons/commons-text/1.4/commons-text-1.4.jar:/home/user/.m2/repository/org/apache/avro/avro/1.7.7/avro-1.7.7.jar:/home/user/.m2/repository/com/thoughtworks/paranamer/paranamer/2.3/paranamer-2.3.jar:/home/user/.m2/repository/org/xerial/snappy/snappy-java/1.0.5/snappy-java-1.0.5.jar:/home/user/.m2/repository/com/google/re2j/re2j/1.1/re2j-1.1.jar:/home/user/.m2/repository/com/google/code/gson/gson/2.2.4/gson-2.2.4.jar:/home/user/.m2/repository/com/jcraft/jsch/0.1.54/jsch-0.1.54.jar:/home/user/.m2/repository/org/apache/curator/curator-client/2.12.0/curator-client-2.12.0.jar:/home/user/.m2/repository/org/apache/curator/curator-recipes/2.12.0/curator-recipes-2.12.0.jar:/home/user/.m2/repository/com/google/code/findbugs/jsr305/3.0.0/jsr305-3.0.0.jar:/home/user/.m2/repository/org/apache/htrace/htrace-core4/4.1.0-incubating/htrace-core4-4.1.0-incubating.jar:/home/user/.m2/repository/org/apache/zookeeper/zookeeper/3.4.13/zookeeper-3.4.13.jar:/home/user/.m2/repository/jline/jline/0.9.94/jline-0.9.94.jar:/home/user/.m2/repository/org/apache/yetus/audience-annotations/0.5.0/audience-annotations-0.5.0.jar:/home/user/.m2/repository/org/codehaus/woodstox/stax2-api/3.1.4/stax2-api-3.1.4.jar:/home/user/.m2/repository/com/fasterxml/woodstox/woodstox-core/5.0.3/woodstox-core-5.0.3.jar:/home/user/.m2/repository/dnsjava/dnsjava/2.1.7/dnsjava-2.1.7.jar:/home/user/.m2/repository/org/apache/hadoop/hadoop-hdfs/3.2.0/hadoop-hdfs-3.2.0-tests.jar:/home/user/.m2/repository/org/eclipse/jetty/jetty-util-ajax/9.3.25.v20180904/jetty-util-ajax-9.3.25.v20180904.jar:/home/user/.m2/repository/commons-daemon/commons-daemon/1.0.13/commons-daemon-1.0.13.jar:/home/user/.m2/repository/io/netty/netty/3.10.5.Final/netty-3.10.5.Final.jar:/home/user/.m2/repository/io/netty/netty-all/4.0.52.Final/netty-all-4.0.52.Final.jar:/home/user/.m2/repository/org/fusesource/leveldbjni/leveldbjni-all/1.8/leveldbjni-all-1.8.jar:"/>
    <property name="sun.cpu.endian" value="little"/>
    <property name="user.home" value="/home/user"/>
    <property name="user.language" value="en"/>
    <property name="java.specification.vendor" value="Oracle Corporation"/>
    <property name="java.home" value="/usr/lib/jvm/java-1.8.0-openjdk-1.8.0.222.b10-1.el7_7.x86_64/jre"/>
    <property name="surefire.excludesFile" value="/tools/ozone-bad-unit-tests"/>
    <property name="java.security.krb5.conf" value="/workdir/hadoop-ozone/integration-test/target/test-classes/krb5.conf"/>
    <property name="basedir" value="/workdir/hadoop-ozone/integration-test"/>
    <property name="file.separator" value="/"/>
    <property name="line.separator" value="&#10;"/>
    <property name="java.vm.specification.vendor" value="Oracle Corporation"/>
    <property name="java.specification.name" value="Java Platform API Specification"/>
    <property name="java.awt.graphicsenv" value="sun.awt.X11GraphicsEnvironment"/>
    <property name="surefire.real.class.path" value="/workdir/hadoop-ozone/integration-test/target/surefire/surefirebooter8007726696944700707.jar"/>
    <property name="hadoop.log.dir" value="/workdir/hadoop-ozone/integration-test/target/log"/>
    <property name="sun.boot.class.path" value="/usr/lib/jvm/java-1.8.0-openjdk-1.8.0.222.b10-1.el7_7.x86_64/jre/lib/resources.jar:/usr/lib/jvm/java-1.8.0-openjdk-1.8.0.222.b10-1.el7_7.x86_64/jre/lib/rt.jar:/usr/lib/jvm/java-1.8.0-openjdk-1.8.0.222.b10-1.el7_7.x86_64/jre/lib/sunrsasign.jar:/usr/lib/jvm/java-1.8.0-openjdk-1.8.0.222.b10-1.el7_7.x86_64/jre/lib/jsse.jar:/usr/lib/jvm/java-1.8.0-openjdk-1.8.0.222.b10-1.el7_7.x86_64/jre/lib/jce.jar:/usr/lib/jvm/java-1.8.0-openjdk-1.8.0.222.b10-1.el7_7.x86_64/jre/lib/charsets.jar:/usr/lib/jvm/java-1.8.0-openjdk-1.8.0.222.b10-1.el7_7.x86_64/jre/lib/jfr.jar:/usr/lib/jvm/java-1.8.0-openjdk-1.8.0.222.b10-1.el7_7.x86_64/jre/classes"/>
    <property name="sun.management.compiler" value="HotSpot 64-Bit Tiered Compilers"/>
    <property name="java.runtime.version" value="1.8.0_222-b10"/>
    <property name="java.net.preferIPv4Stack" value="true"/>
    <property name="user.name" value="jenkins1000"/>
    <property name="path.separator" value=":"/>
    <property name="java.security.egd" value="file:///dev/urandom"/>
    <property name="os.version" value="3.10.0-957.12.2.el7.x86_64"/>
    <property name="java.endorsed.dirs" value="/usr/lib/jvm/java-1.8.0-openjdk-1.8.0.222.b10-1.el7_7.x86_64/jre/lib/endorsed"/>
    <property name="java.runtime.name" value="OpenJDK Runtime Environment"/>
    <property name="file.encoding" value="ANSI_X3.4-1968"/>
    <property name="java.vm.name" value="OpenJDK 64-Bit Server VM"/>
    <property name="test.build.webapps" value=""/>
    <property name="localRepository" value="/home/user/.m2/repository"/>
    <property name="java.vendor.url.bug" value="http://bugreport.sun.com/bugreport/"/>
    <property name="java.io.tmpdir" value="/tmp"/>
    <property name="require.test.libhadoop" value=""/>
    <property name="java.version" value="1.8.0_222"/>
    <property name="user.dir" value="/workdir/hadoop-ozone/integration-test"/>
    <property name="os.arch" value="amd64"/>
    <property name="java.vm.specification.name" value="Java Virtual Machine Specification"/>
    <property name="test.build.classes" value="/workdir/hadoop-ozone/integration-test/target/test-classes"/>
    <property name="java.awt.printerjob" value="sun.print.PSPrinterJob"/>
    <property name="sun.os.patch.level" value="unknown"/>
    <property name="hadoop.tmp.dir" value="/workdir/hadoop-ozone/integration-test/target/tmp"/>
    <property name="java.library.path" value="/usr/lib:/workdir/hadoop-ozone/integration-test/target/native/target/usr/local/lib:/workdir/hadoop-ozone/integration-test/../../hadoop-common-project/hadoop-common/target/native/target/usr/local/lib:/usr/java/packages/lib/amd64:/usr/lib64:/lib64:/lib:/usr/lib"/>
    <property name="java.vm.info" value="mixed mode"/>
    <property name="java.vendor" value="Oracle Corporation"/>
    <property name="java.vm.version" value="25.222-b10"/>
    <property name="java.ext.dirs" value="/usr/lib/jvm/java-1.8.0-openjdk-1.8.0.222.b10-1.el7_7.x86_64/jre/lib/ext:/usr/java/packages/lib/ext"/>
    <property name="sun.io.unicode.encoding" value="UnicodeLittle"/>
    <property name="java.class.version" value="52.0"/>
  </properties>
  <testcase name="testDeleteKeyWithSlowFollower" classname="org.apache.hadoop.ozone.client.rpc.TestDeleteWithSlowFollower" time="112.273">
    <failure type="java.lang.AssertionError">java.lang.AssertionError
	at org.junit.Assert.fail(Assert.java:86)
	at org.junit.Assert.assertTrue(Assert.java:41)
	at org.junit.Assert.assertTrue(Assert.java:52)
	at org.apache.hadoop.ozone.client.rpc.TestDeleteWithSlowFollower.testDeleteKeyWithSlowFollower(TestDeleteWithSlowFollower.java:265)
	at sun.reflect.NativeMethodAccessorImpl.invoke0(Native Method)
	at sun.reflect.NativeMethodAccessorImpl.invoke(NativeMethodAccessorImpl.java:62)
	at sun.reflect.DelegatingMethodAccessorImpl.invoke(DelegatingMethodAccessorImpl.java:43)
	at java.lang.reflect.Method.invoke(Method.java:498)
	at org.junit.runners.model.FrameworkMethod$1.runReflectiveCall(FrameworkMethod.java:47)
	at org.junit.internal.runners.model.ReflectiveCallable.run(ReflectiveCallable.java:12)
	at org.junit.runners.model.FrameworkMethod.invokeExplosively(FrameworkMethod.java:44)
	at org.junit.internal.runners.statements.InvokeMethod.evaluate(InvokeMethod.java:17)
	at org.junit.runners.ParentRunner.runLeaf(ParentRunner.java:271)
	at org.junit.runners.BlockJUnit4ClassRunner.runChild(BlockJUnit4ClassRunner.java:70)
	at org.junit.runners.BlockJUnit4ClassRunner.runChild(BlockJUnit4ClassRunner.java:50)
	at org.junit.runners.ParentRunner$3.run(ParentRunner.java:238)
	at org.junit.runners.ParentRunner$1.schedule(ParentRunner.java:63)
	at org.junit.runners.ParentRunner.runChildren(ParentRunner.java:236)
	at org.junit.runners.ParentRunner.access$000(ParentRunner.java:53)
	at org.junit.runners.ParentRunner$2.evaluate(ParentRunner.java:229)
	at org.junit.internal.runners.statements.RunBefores.evaluate(RunBefores.java:26)
	at org.junit.internal.runners.statements.RunAfters.evaluate(RunAfters.java:27)
	at org.junit.runners.ParentRunner.run(ParentRunner.java:309)
	at org.apache.maven.surefire.junit4.JUnit4Provider.execute(JUnit4Provider.java:365)
	at org.apache.maven.surefire.junit4.JUnit4Provider.executeWithRerun(JUnit4Provider.java:273)
	at org.apache.maven.surefire.junit4.JUnit4Provider.executeTestSet(JUnit4Provider.java:238)
	at org.apache.maven.surefire.junit4.JUnit4Provider.invoke(JUnit4Provider.java:159)
	at org.apache.maven.surefire.booter.ForkedBooter.invokeProviderInSameClassLoader(ForkedBooter.java:384)
	at org.apache.maven.surefire.booter.ForkedBooter.runSuitesInProcess(ForkedBooter.java:345)
	at org.apache.maven.surefire.booter.ForkedBooter.execute(ForkedBooter.java:126)
	at org.apache.maven.surefire.booter.ForkedBooter.main(ForkedBooter.java:418)
</failure>
    <system-out><![CDATA[2019-10-25 21:27:00,116 [main] WARN  server.ServerUtils (ServerUtils.java:getScmDbDir(145)) - ozone.scm.db.dirs is not configured. We recommend adding this setting. Falling back to ozone.metadata.dirs instead.
2019-10-25 21:27:00,270 [main] WARN  server.ServerUtils (ServerUtils.java:getScmDbDir(145)) - ozone.scm.db.dirs is not configured. We recommend adding this setting. Falling back to ozone.metadata.dirs instead.
2019-10-25 21:27:00,275 [main] WARN  server.ServerUtils (ServerUtils.java:getScmDbDir(145)) - ozone.scm.db.dirs is not configured. We recommend adding this setting. Falling back to ozone.metadata.dirs instead.
2019-10-25 21:27:00,311 [main] INFO  util.log (Log.java:initialized(192)) - Logging initialized @910ms
2019-10-25 21:27:00,396 [main] INFO  db.DBStoreBuilder (DBStoreBuilder.java:addTable(117)) - using custom profile for table: deletedBlocks
2019-10-25 21:27:00,397 [main] INFO  db.DBStoreBuilder (DBStoreBuilder.java:processTables(168)) - Using default column profile:DBProfile.DISK for Table:deletedBlocks
2019-10-25 21:27:00,397 [main] INFO  db.DBStoreBuilder (DBStoreBuilder.java:addTable(117)) - using custom profile for table: validCerts
2019-10-25 21:27:00,397 [main] INFO  db.DBStoreBuilder (DBStoreBuilder.java:processTables(168)) - Using default column profile:DBProfile.DISK for Table:validCerts
2019-10-25 21:27:00,397 [main] INFO  db.DBStoreBuilder (DBStoreBuilder.java:addTable(117)) - using custom profile for table: revokedCerts
2019-10-25 21:27:00,397 [main] INFO  db.DBStoreBuilder (DBStoreBuilder.java:processTables(168)) - Using default column profile:DBProfile.DISK for Table:revokedCerts
2019-10-25 21:27:00,407 [main] INFO  db.DBStoreBuilder (DBStoreBuilder.java:addTable(117)) - using custom profile for table: default
2019-10-25 21:27:00,407 [main] INFO  db.DBStoreBuilder (DBStoreBuilder.java:processTables(174)) - Using default column profile:DBProfile.DISK for Table:default
2019-10-25 21:27:00,408 [main] INFO  db.DBStoreBuilder (DBStoreBuilder.java:getDbProfile(205)) - Using default options. DBProfile.DISK
2019-10-25 21:27:00,701 [main] INFO  net.NodeSchemaLoader (NodeSchemaLoader.java:loadSchemaFromFile(125)) - Loading file from sun.misc.CompoundEnumeration@765d7657
2019-10-25 21:27:00,703 [main] INFO  net.NodeSchemaLoader (NodeSchemaLoader.java:loadSchema(171)) - Loading network topology layer schema file
2019-10-25 21:27:00,762 [main] WARN  server.ServerUtils (ServerUtils.java:sanitizeUserArgs(70)) - ozone.scm.stale.node.interval value = 1000000 is larger than max = 100000 based on the key value of ozone.scm.heartbeat.thread.interval, reset to the max value 100000.
2019-10-25 21:27:00,764 [main] WARN  server.ServerUtils (ServerUtils.java:sanitizeUserArgs(70)) - ozone.scm.stale.node.interval value = 1000000 is larger than max = 100000 based on the key value of ozone.scm.heartbeat.thread.interval, reset to the max value 100000.
2019-10-25 21:27:00,766 [main] INFO  node.SCMNodeManager (SCMNodeManager.java:<init>(116)) - Entering startup safe mode.
2019-10-25 21:27:00,828 [main] INFO  algorithms.ContainerPlacementPolicyFactory (ContainerPlacementPolicyFactory.java:getPolicy(57)) - Create container placement policy of type org.apache.hadoop.hdds.scm.container.placement.algorithms.SCMContainerPlacementRandom
2019-10-25 21:27:00,841 [main] WARN  server.ServerUtils (ServerUtils.java:getScmDbDir(145)) - ozone.scm.db.dirs is not configured. We recommend adding this setting. Falling back to ozone.metadata.dirs instead.
2019-10-25 21:27:00,925 [main] INFO  pipeline.SCMPipelineManager (SCMPipelineManager.java:initializePipelineState(132)) - No pipeline exists in current db
2019-10-25 21:27:00,928 [main] WARN  server.ServerUtils (ServerUtils.java:getScmDbDir(145)) - ozone.scm.db.dirs is not configured. We recommend adding this setting. Falling back to ozone.metadata.dirs instead.
2019-10-25 21:27:01,035 [main] WARN  events.EventQueue (EventQueue.java:fireEvent(183)) - No event handler registered for event TypedEvent{payloadType=SafeModeStatus, name='SafeModeStatus'}
2019-10-25 21:27:01,377 [main] INFO  ipc.CallQueueManager (CallQueueManager.java:<init>(84)) - Using callQueue: class java.util.concurrent.LinkedBlockingQueue, queueCapacity: 2000, scheduler: class org.apache.hadoop.ipc.DefaultRpcScheduler, ipcBackoff: false.
2019-10-25 21:27:01,494 [Socket Reader #1 for port 45059] INFO  ipc.Server (Server.java:run(1074)) - Starting Socket Reader #1 for port 45059
2019-10-25 21:27:01,525 [main] INFO  ipc.CallQueueManager (CallQueueManager.java:<init>(84)) - Using callQueue: class java.util.concurrent.LinkedBlockingQueue, queueCapacity: 2000, scheduler: class org.apache.hadoop.ipc.DefaultRpcScheduler, ipcBackoff: false.
2019-10-25 21:27:01,527 [Socket Reader #1 for port 36017] INFO  ipc.Server (Server.java:run(1074)) - Starting Socket Reader #1 for port 36017
2019-10-25 21:27:01,539 [main] INFO  ipc.CallQueueManager (CallQueueManager.java:<init>(84)) - Using callQueue: class java.util.concurrent.LinkedBlockingQueue, queueCapacity: 2000, scheduler: class org.apache.hadoop.ipc.DefaultRpcScheduler, ipcBackoff: false.
2019-10-25 21:27:01,540 [Socket Reader #1 for port 35051] INFO  ipc.Server (Server.java:run(1074)) - Starting Socket Reader #1 for port 35051
2019-10-25 21:27:01,572 [main] INFO  hdfs.DFSUtil (DFSUtil.java:httpServerTemplateForNNAndJN(1641)) - Starting Web-server for scm at: http://0.0.0.0:0
2019-10-25 21:27:01,723 [main] INFO  server.AuthenticationFilter (AuthenticationFilter.java:constructSecretProvider(240)) - Unable to initialize FileSignerSecretProvider, falling back to use random secrets.
2019-10-25 21:27:01,731 [main] WARN  http.HttpRequestLog (HttpRequestLog.java:getRequestLog(97)) - Jetty request log can only be enabled using Log4j
2019-10-25 21:27:01,738 [main] INFO  http.HttpServer2 (HttpServer2.java:addGlobalFilter(975)) - Added global filter 'safety' (class=org.apache.hadoop.http.HttpServer2$QuotingInputFilter)
2019-10-25 21:27:01,741 [main] INFO  http.HttpServer2 (HttpServer2.java:addFilter(948)) - Added filter static_user_filter (class=org.apache.hadoop.http.lib.StaticUserWebFilter$StaticUserFilter) to context scm
2019-10-25 21:27:01,741 [main] INFO  http.HttpServer2 (HttpServer2.java:addFilter(958)) - Added filter static_user_filter (class=org.apache.hadoop.http.lib.StaticUserWebFilter$StaticUserFilter) to context static
2019-10-25 21:27:01,741 [main] INFO  http.HttpServer2 (HttpServer2.java:addFilter(958)) - Added filter static_user_filter (class=org.apache.hadoop.http.lib.StaticUserWebFilter$StaticUserFilter) to context logs
2019-10-25 21:27:01,772 [main] INFO  server.StorageContainerManager (StorageContainerManager.java:start(772)) - StorageContainerLocationProtocol RPC server is listening at /0.0.0.0:35051
2019-10-25 21:27:01,843 [main] WARN  impl.MetricsConfig (MetricsConfig.java:loadFirst(134)) - Cannot locate configuration: tried hadoop-metrics2-storagecontainermanager.properties,hadoop-metrics2.properties
2019-10-25 21:27:01,857 [main] INFO  impl.MetricsSystemImpl (MetricsSystemImpl.java:startTimer(374)) - Scheduled Metric snapshot period at 10 second(s).
2019-10-25 21:27:01,857 [main] INFO  impl.MetricsSystemImpl (MetricsSystemImpl.java:start(191)) - StorageContainerManager metrics system started
2019-10-25 21:27:02,088 [main] INFO  server.SCMClientProtocolServer (SCMClientProtocolServer.java:start(159)) - RPC server for Client  is listening at /0.0.0.0:35051
2019-10-25 21:27:02,088 [IPC Server Responder] INFO  ipc.Server (Server.java:run(1314)) - IPC Server Responder: starting
2019-10-25 21:27:02,088 [IPC Server listener on 35051] INFO  ipc.Server (Server.java:run(1153)) - IPC Server listener on 35051: starting
2019-10-25 21:27:02,091 [main] INFO  server.StorageContainerManager (StorageContainerManager.java:start(782)) - ScmBlockLocationProtocol RPC server is listening at /0.0.0.0:36017
2019-10-25 21:27:02,092 [main] INFO  server.SCMBlockProtocolServer (SCMBlockProtocolServer.java:start(146)) - RPC server for Block Protocol is listening at /0.0.0.0:36017
2019-10-25 21:27:02,093 [IPC Server Responder] INFO  ipc.Server (Server.java:run(1314)) - IPC Server Responder: starting
2019-10-25 21:27:02,093 [IPC Server listener on 36017] INFO  ipc.Server (Server.java:run(1153)) - IPC Server listener on 36017: starting
2019-10-25 21:27:02,095 [main] INFO  server.StorageContainerManager (StorageContainerManager.java:start(786)) - ScmDatanodeProtocl RPC server is listening at /0.0.0.0:45059
2019-10-25 21:27:02,095 [main] INFO  server.SCMDatanodeProtocolServer (SCMDatanodeProtocolServer.java:start(169)) - RPC server for DataNodes is listening at /0.0.0.0:45059
2019-10-25 21:27:02,096 [IPC Server Responder] INFO  ipc.Server (Server.java:run(1314)) - IPC Server Responder: starting
2019-10-25 21:27:02,096 [IPC Server listener on 45059] INFO  ipc.Server (Server.java:run(1153)) - IPC Server listener on 45059: starting
2019-10-25 21:27:02,100 [main] INFO  http.HttpServer2 (HttpServer2.java:bindListener(1191)) - Jetty bound to port 35305
2019-10-25 21:27:02,102 [main] INFO  server.Server (Server.java:doStart(351)) - jetty-9.3.25.v20180904, build timestamp: 2018-09-04T21:11:46Z, git hash: 3ce520221d0240229c862b122d2b06c12a625732
2019-10-25 21:27:02,138 [main] INFO  handler.ContextHandler (ContextHandler.java:doStart(781)) - Started o.e.j.s.ServletContextHandler@18bc345{/logs,file:///workdir/hadoop-ozone/integration-test/target/log,AVAILABLE}
2019-10-25 21:27:02,139 [main] INFO  handler.ContextHandler (ContextHandler.java:doStart(781)) - Started o.e.j.s.ServletContextHandler@26bab2f1{/static,file:///workdir/hadoop-ozone/integration-test/target/test-classes/webapps/static,AVAILABLE}
2019-10-25 21:27:02,171 [main] INFO  handler.ContextHandler (ContextHandler.java:doStart(781)) - Started o.e.j.w.WebAppContext@1b822fcc{/,file:///workdir/hadoop-ozone/integration-test/target/test-classes/webapps/scm/,AVAILABLE}{/scm}
2019-10-25 21:27:02,176 [main] INFO  server.AbstractConnector (AbstractConnector.java:doStart(278)) - Started ServerConnector@245a26e1{HTTP/1.1,[http/1.1]}{0.0.0.0:35305}
2019-10-25 21:27:02,176 [main] INFO  server.Server (Server.java:doStart(419)) - Started @2775ms
2019-10-25 21:27:02,178 [main] INFO  impl.MetricsSinkAdapter (MetricsSinkAdapter.java:start(204)) - Sink prometheus started
2019-10-25 21:27:02,179 [main] INFO  impl.MetricsSystemImpl (MetricsSystemImpl.java:registerSink(301)) - Registered sink prometheus
2019-10-25 21:27:02,181 [main] INFO  server.BaseHttpServer (BaseHttpServer.java:updateConnectorAddress(215)) - HTTP server of SCM is listening at http://0.0.0.0:35305
2019-10-25 21:27:02,186 [org.apache.hadoop.util.JvmPauseMonitor$Monitor@733c423e] INFO  util.JvmPauseMonitor (JvmPauseMonitor.java:run(188)) - Starting JVM pause monitor
2019-10-25 21:27:02,189 [main] WARN  server.ServerUtils (ServerUtils.java:getDBPath(222)) - ozone.om.db.dirs is not configured. We recommend adding this setting. Falling back to ozone.metadata.dirs instead.
2019-10-25 21:27:02,284 [main] INFO  ha.OMHANodeDetails (OMHANodeDetails.java:loadOMHAConfig(190)) - Configuration either no ozone.om.address set. Falling back to the default OM address /127.0.0.1:0
2019-10-25 21:27:02,284 [main] INFO  ha.OMHANodeDetails (OMHANodeDetails.java:getOMNodeDetails(220)) - OM Service ID is not set. Setting it to the default ID: omServiceIdDefault
2019-10-25 21:27:02,286 [main] WARN  server.ServerUtils (ServerUtils.java:getDBPath(222)) - ozone.om.db.dirs is not configured. We recommend adding this setting. Falling back to ozone.metadata.dirs instead.
2019-10-25 21:27:02,286 [main] WARN  server.ServerUtils (ServerUtils.java:getDBPath(222)) - ozone.om.db.dirs is not configured. We recommend adding this setting. Falling back to ozone.metadata.dirs instead.
2019-10-25 21:27:02,827 [main] WARN  server.ServerUtils (ServerUtils.java:getDBPath(222)) - ozone.om.db.dirs is not configured. We recommend adding this setting. Falling back to ozone.metadata.dirs instead.
2019-10-25 21:27:02,835 [main] INFO  db.DBStoreBuilder (DBStoreBuilder.java:addTable(117)) - using custom profile for table: userTable
2019-10-25 21:27:02,835 [main] INFO  db.DBStoreBuilder (DBStoreBuilder.java:processTables(168)) - Using default column profile:DBProfile.DISK for Table:userTable
2019-10-25 21:27:02,836 [main] INFO  db.DBStoreBuilder (DBStoreBuilder.java:addTable(117)) - using custom profile for table: volumeTable
2019-10-25 21:27:02,836 [main] INFO  db.DBStoreBuilder (DBStoreBuilder.java:processTables(168)) - Using default column profile:DBProfile.DISK for Table:volumeTable
2019-10-25 21:27:02,836 [main] INFO  db.DBStoreBuilder (DBStoreBuilder.java:addTable(117)) - using custom profile for table: bucketTable
2019-10-25 21:27:02,837 [main] INFO  db.DBStoreBuilder (DBStoreBuilder.java:processTables(168)) - Using default column profile:DBProfile.DISK for Table:bucketTable
2019-10-25 21:27:02,837 [main] INFO  db.DBStoreBuilder (DBStoreBuilder.java:addTable(117)) - using custom profile for table: keyTable
2019-10-25 21:27:02,837 [main] INFO  db.DBStoreBuilder (DBStoreBuilder.java:processTables(168)) - Using default column profile:DBProfile.DISK for Table:keyTable
2019-10-25 21:27:02,838 [main] INFO  db.DBStoreBuilder (DBStoreBuilder.java:addTable(117)) - using custom profile for table: deletedTable
2019-10-25 21:27:02,838 [main] INFO  db.DBStoreBuilder (DBStoreBuilder.java:processTables(168)) - Using default column profile:DBProfile.DISK for Table:deletedTable
2019-10-25 21:27:02,838 [main] INFO  db.DBStoreBuilder (DBStoreBuilder.java:addTable(117)) - using custom profile for table: openKeyTable
2019-10-25 21:27:02,838 [main] INFO  db.DBStoreBuilder (DBStoreBuilder.java:processTables(168)) - Using default column profile:DBProfile.DISK for Table:openKeyTable
2019-10-25 21:27:02,839 [main] INFO  db.DBStoreBuilder (DBStoreBuilder.java:addTable(117)) - using custom profile for table: s3Table
2019-10-25 21:27:02,839 [main] INFO  db.DBStoreBuilder (DBStoreBuilder.java:processTables(168)) - Using default column profile:DBProfile.DISK for Table:s3Table
2019-10-25 21:27:02,839 [main] INFO  db.DBStoreBuilder (DBStoreBuilder.java:addTable(117)) - using custom profile for table: multipartInfoTable
2019-10-25 21:27:02,839 [main] INFO  db.DBStoreBuilder (DBStoreBuilder.java:processTables(168)) - Using default column profile:DBProfile.DISK for Table:multipartInfoTable
2019-10-25 21:27:02,839 [main] INFO  db.DBStoreBuilder (DBStoreBuilder.java:addTable(117)) - using custom profile for table: dTokenTable
2019-10-25 21:27:02,840 [main] INFO  db.DBStoreBuilder (DBStoreBuilder.java:processTables(168)) - Using default column profile:DBProfile.DISK for Table:dTokenTable
2019-10-25 21:27:02,840 [main] INFO  db.DBStoreBuilder (DBStoreBuilder.java:addTable(117)) - using custom profile for table: s3SecretTable
2019-10-25 21:27:02,840 [main] INFO  db.DBStoreBuilder (DBStoreBuilder.java:processTables(168)) - Using default column profile:DBProfile.DISK for Table:s3SecretTable
2019-10-25 21:27:02,840 [main] INFO  db.DBStoreBuilder (DBStoreBuilder.java:addTable(117)) - using custom profile for table: prefixTable
2019-10-25 21:27:02,840 [main] INFO  db.DBStoreBuilder (DBStoreBuilder.java:processTables(168)) - Using default column profile:DBProfile.DISK for Table:prefixTable
2019-10-25 21:27:02,841 [main] INFO  db.DBStoreBuilder (DBStoreBuilder.java:addTable(117)) - using custom profile for table: default
2019-10-25 21:27:02,841 [main] INFO  db.DBStoreBuilder (DBStoreBuilder.java:processTables(174)) - Using default column profile:DBProfile.DISK for Table:default
2019-10-25 21:27:02,841 [main] INFO  db.DBStoreBuilder (DBStoreBuilder.java:getDbProfile(205)) - Using default options. DBProfile.DISK
2019-10-25 21:27:03,240 [main] INFO  ipc.CallQueueManager (CallQueueManager.java:<init>(84)) - Using callQueue: class java.util.concurrent.LinkedBlockingQueue, queueCapacity: 2000, scheduler: class org.apache.hadoop.ipc.DefaultRpcScheduler, ipcBackoff: false.
2019-10-25 21:27:03,241 [Socket Reader #1 for port 44025] INFO  ipc.Server (Server.java:run(1074)) - Starting Socket Reader #1 for port 44025
2019-10-25 21:27:03,259 [main] INFO  om.OzoneManager (OzoneManager.java:start(1074)) - OzoneManager RPC server is listening at localhost/127.0.0.1:44025
2019-10-25 21:27:03,259 [main] INFO  impl.MetricsSystemImpl (MetricsSystemImpl.java:init(158)) - OzoneManager metrics system started (again)
2019-10-25 21:27:03,266 [IPC Server Responder] INFO  ipc.Server (Server.java:run(1314)) - IPC Server Responder: starting
2019-10-25 21:27:03,267 [IPC Server listener on 44025] INFO  ipc.Server (Server.java:run(1153)) - IPC Server listener on 44025: starting
2019-10-25 21:27:03,271 [main] INFO  hdfs.DFSUtil (DFSUtil.java:httpServerTemplateForNNAndJN(1641)) - Starting Web-server for ozoneManager at: http://0.0.0.0:0
2019-10-25 21:27:03,273 [main] INFO  server.AuthenticationFilter (AuthenticationFilter.java:constructSecretProvider(240)) - Unable to initialize FileSignerSecretProvider, falling back to use random secrets.
2019-10-25 21:27:03,273 [main] WARN  http.HttpRequestLog (HttpRequestLog.java:getRequestLog(97)) - Jetty request log can only be enabled using Log4j
2019-10-25 21:27:03,275 [main] INFO  http.HttpServer2 (HttpServer2.java:addGlobalFilter(975)) - Added global filter 'safety' (class=org.apache.hadoop.http.HttpServer2$QuotingInputFilter)
2019-10-25 21:27:03,276 [main] INFO  http.HttpServer2 (HttpServer2.java:addFilter(948)) - Added filter static_user_filter (class=org.apache.hadoop.http.lib.StaticUserWebFilter$StaticUserFilter) to context ozoneManager
2019-10-25 21:27:03,276 [main] INFO  http.HttpServer2 (HttpServer2.java:addFilter(958)) - Added filter static_user_filter (class=org.apache.hadoop.http.lib.StaticUserWebFilter$StaticUserFilter) to context logs
2019-10-25 21:27:03,276 [main] INFO  http.HttpServer2 (HttpServer2.java:addFilter(958)) - Added filter static_user_filter (class=org.apache.hadoop.http.lib.StaticUserWebFilter$StaticUserFilter) to context static
2019-10-25 21:27:03,278 [main] INFO  http.HttpServer2 (HttpServer2.java:bindListener(1191)) - Jetty bound to port 40418
2019-10-25 21:27:03,279 [main] INFO  server.Server (Server.java:doStart(351)) - jetty-9.3.25.v20180904, build timestamp: 2018-09-04T21:11:46Z, git hash: 3ce520221d0240229c862b122d2b06c12a625732
2019-10-25 21:27:03,281 [main] INFO  handler.ContextHandler (ContextHandler.java:doStart(781)) - Started o.e.j.s.ServletContextHandler@12a160c2{/logs,file:///workdir/hadoop-ozone/integration-test/target/log,AVAILABLE}
2019-10-25 21:27:03,281 [main] INFO  handler.ContextHandler (ContextHandler.java:doStart(781)) - Started o.e.j.s.ServletContextHandler@6b3871d6{/static,file:///workdir/hadoop-ozone/integration-test/target/test-classes/webapps/static,AVAILABLE}
2019-10-25 21:27:03,286 [main] INFO  handler.ContextHandler (ContextHandler.java:doStart(781)) - Started o.e.j.w.WebAppContext@303a5119{/,file:///workdir/hadoop-ozone/integration-test/target/test-classes/webapps/ozoneManager/,AVAILABLE}{/ozoneManager}
2019-10-25 21:27:03,287 [main] INFO  server.AbstractConnector (AbstractConnector.java:doStart(278)) - Started ServerConnector@75b3673{HTTP/1.1,[http/1.1]}{0.0.0.0:40418}
2019-10-25 21:27:03,287 [main] INFO  server.Server (Server.java:doStart(419)) - Started @3886ms
2019-10-25 21:27:03,287 [main] WARN  impl.MetricsSystemImpl (MetricsSystemImpl.java:register(276)) - Sink prometheus already exists!
2019-10-25 21:27:03,288 [main] INFO  server.BaseHttpServer (BaseHttpServer.java:updateConnectorAddress(215)) - HTTP server of OZONEMANAGER is listening at http://0.0.0.0:40418
2019-10-25 21:27:03,574 [main] INFO  impl.MetricsSystemImpl (MetricsSystemImpl.java:init(158)) - HddsDatanode metrics system started (again)
2019-10-25 21:27:03,619 [main] INFO  ozone.HddsDatanodeService (HddsDatanodeService.java:start(184)) - HddsDatanodeService host:pr-hdds-2311-njw4j-1908075285 ip:192.168.34.41
2019-10-25 21:27:03,652 [main] INFO  volume.HddsVolume (HddsVolume.java:<init>(176)) - Creating Volume: /workdir/hadoop-ozone/integration-test/target/test-dir/MiniOzoneClusterImpl-92884b77-011c-4f6d-b986-a415730dccc4/datanode-0/data/containers/hdds of  storage type : DISK and capacity : 1482555576320
2019-10-25 21:27:03,654 [main] INFO  volume.VolumeSet (VolumeSet.java:initializeVolumeSet(170)) - Added Volume : /workdir/hadoop-ozone/integration-test/target/test-dir/MiniOzoneClusterImpl-92884b77-011c-4f6d-b986-a415730dccc4/datanode-0/data/containers/hdds to VolumeSet
2019-10-25 21:27:03,657 [main] INFO  volume.ThrottledAsyncChecker (ThrottledAsyncChecker.java:schedule(141)) - Scheduling a check for /workdir/hadoop-ozone/integration-test/target/test-dir/MiniOzoneClusterImpl-92884b77-011c-4f6d-b986-a415730dccc4/datanode-0/data/containers/hdds
2019-10-25 21:27:03,674 [main] INFO  volume.HddsVolumeChecker (HddsVolumeChecker.java:checkAllVolumes(204)) - Scheduled health check for volume /workdir/hadoop-ozone/integration-test/target/test-dir/MiniOzoneClusterImpl-92884b77-011c-4f6d-b986-a415730dccc4/datanode-0/data/containers/hdds
2019-10-25 21:27:03,780 [main] INFO  impl.RaftServerProxy (ConfUtils.java:logGet(43)) - raft.rpc.type = GRPC (default)
2019-10-25 21:27:03,847 [main] INFO  grpc.GrpcFactory (GrpcFactory.java:checkPooledByteBufAllocatorUseCacheForAllThreads(45)) - PERFORMANCE WARNING: useCacheForAllThreads is true that may cause Netty to create a lot garbage objects and, as a result, trigger GC.
	It is recommended to disable useCacheForAllThreads by setting -Dorg.apache.ratis.thirdparty.io.netty.allocator.useCacheForAllThreads=false in command line.
2019-10-25 21:27:03,852 [main] INFO  grpc.GrpcConfigKeys$Server (ConfUtils.java:logGet(43)) - raft.grpc.server.port = 0 (default)
2019-10-25 21:27:03,853 [main] INFO  server.GrpcService (ConfUtils.java:logGet(43)) - raft.grpc.message.size.max = 33570816 (custom)
2019-10-25 21:27:03,854 [main] INFO  server.RaftServerConfigKeys (ConfUtils.java:logGet(43)) - raft.server.log.appender.buffer.byte-limit = 33554432 (custom)
2019-10-25 21:27:03,855 [main] INFO  server.GrpcService (ConfUtils.java:logGet(43)) - raft.grpc.flow.control.window = 1MB (=1048576) (default)
2019-10-25 21:27:03,856 [main] INFO  server.RaftServerConfigKeys (ConfUtils.java:logGet(43)) - raft.server.rpc.request.timeout = 3000ms (default)
2019-10-25 21:27:04,009 [main] INFO  server.RaftServerConfigKeys (ConfUtils.java:logGet(43)) - raft.server.storage.dir = [/workdir/hadoop-ozone/integration-test/target/test-dir/MiniOzoneClusterImpl-92884b77-011c-4f6d-b986-a415730dccc4/datanode-0/data/ratis] (custom)
2019-10-25 21:27:04,066 [main] INFO  hdfs.DFSUtil (DFSUtil.java:httpServerTemplateForNNAndJN(1641)) - Starting Web-server for hddsDatanode at: http://0.0.0.0:0
2019-10-25 21:27:04,068 [main] INFO  server.AuthenticationFilter (AuthenticationFilter.java:constructSecretProvider(240)) - Unable to initialize FileSignerSecretProvider, falling back to use random secrets.
2019-10-25 21:27:04,068 [main] WARN  http.HttpRequestLog (HttpRequestLog.java:getRequestLog(97)) - Jetty request log can only be enabled using Log4j
2019-10-25 21:27:04,070 [main] INFO  http.HttpServer2 (HttpServer2.java:addGlobalFilter(975)) - Added global filter 'safety' (class=org.apache.hadoop.http.HttpServer2$QuotingInputFilter)
2019-10-25 21:27:04,071 [main] INFO  http.HttpServer2 (HttpServer2.java:addFilter(948)) - Added filter static_user_filter (class=org.apache.hadoop.http.lib.StaticUserWebFilter$StaticUserFilter) to context hddsDatanode
2019-10-25 21:27:04,071 [main] INFO  http.HttpServer2 (HttpServer2.java:addFilter(958)) - Added filter static_user_filter (class=org.apache.hadoop.http.lib.StaticUserWebFilter$StaticUserFilter) to context static
2019-10-25 21:27:04,071 [main] INFO  http.HttpServer2 (HttpServer2.java:addFilter(958)) - Added filter static_user_filter (class=org.apache.hadoop.http.lib.StaticUserWebFilter$StaticUserFilter) to context logs
2019-10-25 21:27:04,072 [main] INFO  http.HttpServer2 (HttpServer2.java:bindListener(1191)) - Jetty bound to port 37542
2019-10-25 21:27:04,072 [main] INFO  server.Server (Server.java:doStart(351)) - jetty-9.3.25.v20180904, build timestamp: 2018-09-04T21:11:46Z, git hash: 3ce520221d0240229c862b122d2b06c12a625732
2019-10-25 21:27:04,075 [main] INFO  handler.ContextHandler (ContextHandler.java:doStart(781)) - Started o.e.j.s.ServletContextHandler@51288417{/logs,file:///workdir/hadoop-ozone/integration-test/target/log,AVAILABLE}
2019-10-25 21:27:04,076 [main] INFO  handler.ContextHandler (ContextHandler.java:doStart(781)) - Started o.e.j.s.ServletContextHandler@1e0895f5{/static,jar:file:/home/user/.m2/repository/org/apache/hadoop/hadoop-hdds-container-service/0.5.0-SNAPSHOT/hadoop-hdds-container-service-0.5.0-SNAPSHOT.jar!/webapps/static,AVAILABLE}
2019-10-25 21:27:04,110 [main] INFO  handler.ContextHandler (ContextHandler.java:doStart(781)) - Started o.e.j.w.WebAppContext@73c9e8e8{/,file:///tmp/jetty-0.0.0.0-37542-hddsDatanode-_-any-253926677849169098.dir/webapp/,AVAILABLE}{/hddsDatanode}
2019-10-25 21:27:04,111 [main] INFO  server.AbstractConnector (AbstractConnector.java:doStart(278)) - Started ServerConnector@de8039f{HTTP/1.1,[http/1.1]}{0.0.0.0:37542}
2019-10-25 21:27:04,111 [main] INFO  server.Server (Server.java:doStart(419)) - Started @4710ms
2019-10-25 21:27:04,112 [main] WARN  impl.MetricsSystemImpl (MetricsSystemImpl.java:register(276)) - Sink prometheus already exists!
2019-10-25 21:27:04,113 [main] INFO  server.BaseHttpServer (BaseHttpServer.java:updateConnectorAddress(215)) - HTTP server of HDDSDATANODE is listening at http://0.0.0.0:37542
2019-10-25 21:27:04,114 [main] INFO  impl.MetricsSystemImpl (MetricsSystemImpl.java:init(158)) - HddsDatanode metrics system started (again)
2019-10-25 21:27:04,116 [main] INFO  ozone.HddsDatanodeService (HddsDatanodeService.java:start(184)) - HddsDatanodeService host:pr-hdds-2311-njw4j-1908075285 ip:192.168.34.41
2019-10-25 21:27:04,121 [org.apache.hadoop.util.JvmPauseMonitor$Monitor@16c52adb] INFO  util.JvmPauseMonitor (JvmPauseMonitor.java:run(188)) - Starting JVM pause monitor
2019-10-25 21:27:04,126 [main] INFO  volume.HddsVolume (HddsVolume.java:<init>(176)) - Creating Volume: /workdir/hadoop-ozone/integration-test/target/test-dir/MiniOzoneClusterImpl-92884b77-011c-4f6d-b986-a415730dccc4/datanode-1/data/containers/hdds of  storage type : DISK and capacity : 1482555576320
2019-10-25 21:27:04,126 [main] INFO  volume.VolumeSet (VolumeSet.java:initializeVolumeSet(170)) - Added Volume : /workdir/hadoop-ozone/integration-test/target/test-dir/MiniOzoneClusterImpl-92884b77-011c-4f6d-b986-a415730dccc4/datanode-1/data/containers/hdds to VolumeSet
2019-10-25 21:27:04,126 [main] INFO  volume.ThrottledAsyncChecker (ThrottledAsyncChecker.java:schedule(141)) - Scheduling a check for /workdir/hadoop-ozone/integration-test/target/test-dir/MiniOzoneClusterImpl-92884b77-011c-4f6d-b986-a415730dccc4/datanode-1/data/containers/hdds
2019-10-25 21:27:04,127 [main] INFO  volume.HddsVolumeChecker (HddsVolumeChecker.java:checkAllVolumes(204)) - Scheduled health check for volume /workdir/hadoop-ozone/integration-test/target/test-dir/MiniOzoneClusterImpl-92884b77-011c-4f6d-b986-a415730dccc4/datanode-1/data/containers/hdds
2019-10-25 21:27:04,142 [main] INFO  impl.RaftServerProxy (ConfUtils.java:logGet(43)) - raft.rpc.type = GRPC (default)
2019-10-25 21:27:04,142 [main] INFO  grpc.GrpcFactory (GrpcFactory.java:checkPooledByteBufAllocatorUseCacheForAllThreads(45)) - PERFORMANCE WARNING: useCacheForAllThreads is true that may cause Netty to create a lot garbage objects and, as a result, trigger GC.
	It is recommended to disable useCacheForAllThreads by setting -Dorg.apache.ratis.thirdparty.io.netty.allocator.useCacheForAllThreads=false in command line.
2019-10-25 21:27:04,143 [main] INFO  grpc.GrpcConfigKeys$Server (ConfUtils.java:logGet(43)) - raft.grpc.server.port = 0 (default)
2019-10-25 21:27:04,143 [main] INFO  server.GrpcService (ConfUtils.java:logGet(43)) - raft.grpc.message.size.max = 33570816 (custom)
2019-10-25 21:27:04,143 [main] INFO  server.RaftServerConfigKeys (ConfUtils.java:logGet(43)) - raft.server.log.appender.buffer.byte-limit = 33554432 (custom)
2019-10-25 21:27:04,143 [main] INFO  server.GrpcService (ConfUtils.java:logGet(43)) - raft.grpc.flow.control.window = 1MB (=1048576) (default)
2019-10-25 21:27:04,143 [main] INFO  server.RaftServerConfigKeys (ConfUtils.java:logGet(43)) - raft.server.rpc.request.timeout = 3000ms (default)
2019-10-25 21:27:04,144 [main] INFO  server.RaftServerConfigKeys (ConfUtils.java:logGet(43)) - raft.server.storage.dir = [/workdir/hadoop-ozone/integration-test/target/test-dir/MiniOzoneClusterImpl-92884b77-011c-4f6d-b986-a415730dccc4/datanode-1/data/ratis] (custom)
2019-10-25 21:27:04,146 [main] INFO  hdfs.DFSUtil (DFSUtil.java:httpServerTemplateForNNAndJN(1641)) - Starting Web-server for hddsDatanode at: http://0.0.0.0:0
2019-10-25 21:27:04,147 [main] INFO  server.AuthenticationFilter (AuthenticationFilter.java:constructSecretProvider(240)) - Unable to initialize FileSignerSecretProvider, falling back to use random secrets.
2019-10-25 21:27:04,148 [main] WARN  http.HttpRequestLog (HttpRequestLog.java:getRequestLog(97)) - Jetty request log can only be enabled using Log4j
2019-10-25 21:27:04,149 [main] INFO  http.HttpServer2 (HttpServer2.java:addGlobalFilter(975)) - Added global filter 'safety' (class=org.apache.hadoop.http.HttpServer2$QuotingInputFilter)
2019-10-25 21:27:04,150 [main] INFO  http.HttpServer2 (HttpServer2.java:addFilter(948)) - Added filter static_user_filter (class=org.apache.hadoop.http.lib.StaticUserWebFilter$StaticUserFilter) to context hddsDatanode
2019-10-25 21:27:04,150 [main] INFO  http.HttpServer2 (HttpServer2.java:addFilter(958)) - Added filter static_user_filter (class=org.apache.hadoop.http.lib.StaticUserWebFilter$StaticUserFilter) to context logs
2019-10-25 21:27:04,150 [main] INFO  http.HttpServer2 (HttpServer2.java:addFilter(958)) - Added filter static_user_filter (class=org.apache.hadoop.http.lib.StaticUserWebFilter$StaticUserFilter) to context static
2019-10-25 21:27:04,151 [main] INFO  http.HttpServer2 (HttpServer2.java:bindListener(1191)) - Jetty bound to port 35266
2019-10-25 21:27:04,151 [main] INFO  server.Server (Server.java:doStart(351)) - jetty-9.3.25.v20180904, build timestamp: 2018-09-04T21:11:46Z, git hash: 3ce520221d0240229c862b122d2b06c12a625732
2019-10-25 21:27:04,153 [main] INFO  handler.ContextHandler (ContextHandler.java:doStart(781)) - Started o.e.j.s.ServletContextHandler@6a472566{/logs,file:///workdir/hadoop-ozone/integration-test/target/log,AVAILABLE}
2019-10-25 21:27:04,154 [main] INFO  handler.ContextHandler (ContextHandler.java:doStart(781)) - Started o.e.j.s.ServletContextHandler@5e65afb6{/static,jar:file:/home/user/.m2/repository/org/apache/hadoop/hadoop-hdds-container-service/0.5.0-SNAPSHOT/hadoop-hdds-container-service-0.5.0-SNAPSHOT.jar!/webapps/static,AVAILABLE}
2019-10-25 21:27:04,185 [main] INFO  handler.ContextHandler (ContextHandler.java:doStart(781)) - Started o.e.j.w.WebAppContext@5c77ba8f{/,file:///tmp/jetty-0.0.0.0-35266-hddsDatanode-_-any-1810656071970624776.dir/webapp/,AVAILABLE}{/hddsDatanode}
2019-10-25 21:27:04,186 [main] INFO  server.AbstractConnector (AbstractConnector.java:doStart(278)) - Started ServerConnector@660f0c{HTTP/1.1,[http/1.1]}{0.0.0.0:35266}
2019-10-25 21:27:04,187 [main] INFO  server.Server (Server.java:doStart(419)) - Started @4786ms
2019-10-25 21:27:04,187 [main] WARN  impl.MetricsSystemImpl (MetricsSystemImpl.java:register(276)) - Sink prometheus already exists!
2019-10-25 21:27:04,189 [main] INFO  server.BaseHttpServer (BaseHttpServer.java:updateConnectorAddress(215)) - HTTP server of HDDSDATANODE is listening at http://0.0.0.0:35266
2019-10-25 21:27:04,189 [main] INFO  impl.MetricsSystemImpl (MetricsSystemImpl.java:init(158)) - HddsDatanode metrics system started (again)
2019-10-25 21:27:04,192 [main] INFO  ozone.HddsDatanodeService (HddsDatanodeService.java:start(184)) - HddsDatanodeService host:pr-hdds-2311-njw4j-1908075285 ip:192.168.34.41
2019-10-25 21:27:04,192 [org.apache.hadoop.util.JvmPauseMonitor$Monitor@16aefff5] INFO  util.JvmPauseMonitor (JvmPauseMonitor.java:run(188)) - Starting JVM pause monitor
2019-10-25 21:27:04,201 [main] INFO  volume.HddsVolume (HddsVolume.java:<init>(176)) - Creating Volume: /workdir/hadoop-ozone/integration-test/target/test-dir/MiniOzoneClusterImpl-92884b77-011c-4f6d-b986-a415730dccc4/datanode-2/data/containers/hdds of  storage type : DISK and capacity : 1482555576320
2019-10-25 21:27:04,201 [main] INFO  volume.VolumeSet (VolumeSet.java:initializeVolumeSet(170)) - Added Volume : /workdir/hadoop-ozone/integration-test/target/test-dir/MiniOzoneClusterImpl-92884b77-011c-4f6d-b986-a415730dccc4/datanode-2/data/containers/hdds to VolumeSet
2019-10-25 21:27:04,201 [main] INFO  volume.ThrottledAsyncChecker (ThrottledAsyncChecker.java:schedule(141)) - Scheduling a check for /workdir/hadoop-ozone/integration-test/target/test-dir/MiniOzoneClusterImpl-92884b77-011c-4f6d-b986-a415730dccc4/datanode-2/data/containers/hdds
2019-10-25 21:27:04,202 [main] INFO  volume.HddsVolumeChecker (HddsVolumeChecker.java:checkAllVolumes(204)) - Scheduled health check for volume /workdir/hadoop-ozone/integration-test/target/test-dir/MiniOzoneClusterImpl-92884b77-011c-4f6d-b986-a415730dccc4/datanode-2/data/containers/hdds
2019-10-25 21:27:04,216 [main] INFO  impl.RaftServerProxy (ConfUtils.java:logGet(43)) - raft.rpc.type = GRPC (default)
2019-10-25 21:27:04,216 [main] INFO  grpc.GrpcFactory (GrpcFactory.java:checkPooledByteBufAllocatorUseCacheForAllThreads(45)) - PERFORMANCE WARNING: useCacheForAllThreads is true that may cause Netty to create a lot garbage objects and, as a result, trigger GC.
	It is recommended to disable useCacheForAllThreads by setting -Dorg.apache.ratis.thirdparty.io.netty.allocator.useCacheForAllThreads=false in command line.
2019-10-25 21:27:04,216 [main] INFO  grpc.GrpcConfigKeys$Server (ConfUtils.java:logGet(43)) - raft.grpc.server.port = 0 (default)
2019-10-25 21:27:04,216 [main] INFO  server.GrpcService (ConfUtils.java:logGet(43)) - raft.grpc.message.size.max = 33570816 (custom)
2019-10-25 21:27:04,217 [main] INFO  server.RaftServerConfigKeys (ConfUtils.java:logGet(43)) - raft.server.log.appender.buffer.byte-limit = 33554432 (custom)
2019-10-25 21:27:04,217 [main] INFO  server.GrpcService (ConfUtils.java:logGet(43)) - raft.grpc.flow.control.window = 1MB (=1048576) (default)
2019-10-25 21:27:04,217 [main] INFO  server.RaftServerConfigKeys (ConfUtils.java:logGet(43)) - raft.server.rpc.request.timeout = 3000ms (default)
2019-10-25 21:27:04,218 [main] INFO  server.RaftServerConfigKeys (ConfUtils.java:logGet(43)) - raft.server.storage.dir = [/workdir/hadoop-ozone/integration-test/target/test-dir/MiniOzoneClusterImpl-92884b77-011c-4f6d-b986-a415730dccc4/datanode-2/data/ratis] (custom)
2019-10-25 21:27:04,220 [main] INFO  hdfs.DFSUtil (DFSUtil.java:httpServerTemplateForNNAndJN(1641)) - Starting Web-server for hddsDatanode at: http://0.0.0.0:0
2019-10-25 21:27:04,221 [main] INFO  server.AuthenticationFilter (AuthenticationFilter.java:constructSecretProvider(240)) - Unable to initialize FileSignerSecretProvider, falling back to use random secrets.
2019-10-25 21:27:04,222 [main] WARN  http.HttpRequestLog (HttpRequestLog.java:getRequestLog(97)) - Jetty request log can only be enabled using Log4j
2019-10-25 21:27:04,223 [main] INFO  http.HttpServer2 (HttpServer2.java:addGlobalFilter(975)) - Added global filter 'safety' (class=org.apache.hadoop.http.HttpServer2$QuotingInputFilter)
2019-10-25 21:27:04,224 [main] INFO  http.HttpServer2 (HttpServer2.java:addFilter(948)) - Added filter static_user_filter (class=org.apache.hadoop.http.lib.StaticUserWebFilter$StaticUserFilter) to context hddsDatanode
2019-10-25 21:27:04,224 [main] INFO  http.HttpServer2 (HttpServer2.java:addFilter(958)) - Added filter static_user_filter (class=org.apache.hadoop.http.lib.StaticUserWebFilter$StaticUserFilter) to context static
2019-10-25 21:27:04,224 [main] INFO  http.HttpServer2 (HttpServer2.java:addFilter(958)) - Added filter static_user_filter (class=org.apache.hadoop.http.lib.StaticUserWebFilter$StaticUserFilter) to context logs
2019-10-25 21:27:04,225 [main] INFO  http.HttpServer2 (HttpServer2.java:bindListener(1191)) - Jetty bound to port 33404
2019-10-25 21:27:04,225 [main] INFO  server.Server (Server.java:doStart(351)) - jetty-9.3.25.v20180904, build timestamp: 2018-09-04T21:11:46Z, git hash: 3ce520221d0240229c862b122d2b06c12a625732
2019-10-25 21:27:04,229 [main] INFO  handler.ContextHandler (ContextHandler.java:doStart(781)) - Started o.e.j.s.ServletContextHandler@6920614{/logs,file:///workdir/hadoop-ozone/integration-test/target/log,AVAILABLE}
2019-10-25 21:27:04,230 [main] INFO  handler.ContextHandler (ContextHandler.java:doStart(781)) - Started o.e.j.s.ServletContextHandler@5fa23c{/static,jar:file:/home/user/.m2/repository/org/apache/hadoop/hadoop-hdds-container-service/0.5.0-SNAPSHOT/hadoop-hdds-container-service-0.5.0-SNAPSHOT.jar!/webapps/static,AVAILABLE}
2019-10-25 21:27:04,255 [Datanode State Machine Thread - 0] INFO  datanode.InitDatanodeState (InitDatanodeState.java:persistContainerDatanodeDetails(140)) - DatanodeDetails is persisted to /workdir/hadoop-ozone/integration-test/target/test-dir/MiniOzoneClusterImpl-92884b77-011c-4f6d-b986-a415730dccc4/datanode-0/meta/datanode.id
2019-10-25 21:27:04,259 [Datanode State Machine Thread - 0] INFO  datanode.InitDatanodeState (InitDatanodeState.java:persistContainerDatanodeDetails(140)) - DatanodeDetails is persisted to /workdir/hadoop-ozone/integration-test/target/test-dir/MiniOzoneClusterImpl-92884b77-011c-4f6d-b986-a415730dccc4/datanode-1/meta/datanode.id
2019-10-25 21:27:04,266 [main] INFO  handler.ContextHandler (ContextHandler.java:doStart(781)) - Started o.e.j.w.WebAppContext@7a0e7ecd{/,file:///tmp/jetty-0.0.0.0-33404-hddsDatanode-_-any-2016948762346899134.dir/webapp/,AVAILABLE}{/hddsDatanode}
2019-10-25 21:27:04,266 [main] INFO  server.AbstractConnector (AbstractConnector.java:doStart(278)) - Started ServerConnector@54e3658c{HTTP/1.1,[http/1.1]}{0.0.0.0:33404}
2019-10-25 21:27:04,267 [main] INFO  server.Server (Server.java:doStart(419)) - Started @4865ms
2019-10-25 21:27:04,268 [main] WARN  impl.MetricsSystemImpl (MetricsSystemImpl.java:register(276)) - Sink prometheus already exists!
2019-10-25 21:27:04,270 [main] INFO  server.BaseHttpServer (BaseHttpServer.java:updateConnectorAddress(215)) - HTTP server of HDDSDATANODE is listening at http://0.0.0.0:33404
2019-10-25 21:27:04,272 [main] INFO  ozone.MiniOzoneClusterImpl (MiniOzoneClusterImpl.java:lambda$waitForClusterToBeReady$0(147)) - Waiting for cluster to be ready. Got 0 of 3 DN Heartbeats.
2019-10-25 21:27:04,273 [org.apache.hadoop.util.JvmPauseMonitor$Monitor@167319f9] INFO  util.JvmPauseMonitor (JvmPauseMonitor.java:run(188)) - Starting JVM pause monitor
2019-10-25 21:27:04,277 [Datanode State Machine Thread - 0] INFO  datanode.InitDatanodeState (InitDatanodeState.java:persistContainerDatanodeDetails(140)) - DatanodeDetails is persisted to /workdir/hadoop-ozone/integration-test/target/test-dir/MiniOzoneClusterImpl-92884b77-011c-4f6d-b986-a415730dccc4/datanode-2/meta/datanode.id
2019-10-25 21:27:05,272 [main] INFO  ozone.MiniOzoneClusterImpl (MiniOzoneClusterImpl.java:lambda$waitForClusterToBeReady$0(147)) - Waiting for cluster to be ready. Got 0 of 3 DN Heartbeats.
2019-10-25 21:27:06,226 [Datanode State Machine Thread - 0] INFO  ozoneimpl.OzoneContainer (OzoneContainer.java:start(213)) - Attempting to start container services.
2019-10-25 21:27:06,226 [Datanode State Machine Thread - 0] INFO  ozoneimpl.OzoneContainer (OzoneContainer.java:start(213)) - Attempting to start container services.
2019-10-25 21:27:06,230 [Datanode State Machine Thread - 0] INFO  ozoneimpl.OzoneContainer (OzoneContainer.java:startContainerScrub(177)) - Background container scanner has been disabled.
2019-10-25 21:27:06,230 [Datanode State Machine Thread - 0] INFO  ozoneimpl.OzoneContainer (OzoneContainer.java:startContainerScrub(177)) - Background container scanner has been disabled.
2019-10-25 21:27:06,231 [Datanode State Machine Thread - 0] INFO  ratis.XceiverServerRatis (XceiverServerRatis.java:start(418)) - Starting XceiverServerRatis 1e09a021-a6d7-4a53-819d-98ce6b091a77 at port 0
2019-10-25 21:27:06,231 [Datanode State Machine Thread - 0] INFO  ratis.XceiverServerRatis (XceiverServerRatis.java:start(418)) - Starting XceiverServerRatis b43dc2d2-5265-4a31-922b-3f50c0227a2c at port 0
2019-10-25 21:27:06,270 [Datanode State Machine Thread - 0] INFO  impl.RaftServerProxy (RaftServerProxy.java:lambda$start$3(299)) - b43dc2d2-5265-4a31-922b-3f50c0227a2c: start RPC server
2019-10-25 21:27:06,270 [Datanode State Machine Thread - 0] INFO  impl.RaftServerProxy (RaftServerProxy.java:lambda$start$3(299)) - 1e09a021-a6d7-4a53-819d-98ce6b091a77: start RPC server
2019-10-25 21:27:06,273 [main] INFO  ozone.MiniOzoneClusterImpl (MiniOzoneClusterImpl.java:lambda$waitForClusterToBeReady$0(147)) - Waiting for cluster to be ready. Got 0 of 3 DN Heartbeats.
2019-10-25 21:27:06,289 [Datanode State Machine Thread - 0] INFO  ozoneimpl.OzoneContainer (OzoneContainer.java:start(213)) - Attempting to start container services.
2019-10-25 21:27:06,297 [Datanode State Machine Thread - 0] INFO  ozoneimpl.OzoneContainer (OzoneContainer.java:startContainerScrub(177)) - Background container scanner has been disabled.
2019-10-25 21:27:06,297 [Datanode State Machine Thread - 0] INFO  ratis.XceiverServerRatis (XceiverServerRatis.java:start(418)) - Starting XceiverServerRatis fe8e0c84-158f-427e-8307-4b533a2376d4 at port 0
2019-10-25 21:27:06,309 [Datanode State Machine Thread - 0] INFO  impl.RaftServerProxy (RaftServerProxy.java:lambda$start$3(299)) - fe8e0c84-158f-427e-8307-4b533a2376d4: start RPC server
2019-10-25 21:27:06,412 [Datanode State Machine Thread - 0] INFO  server.GrpcService (GrpcService.java:startImpl(158)) - b43dc2d2-5265-4a31-922b-3f50c0227a2c: GrpcService started, listening on 0.0.0.0/0.0.0.0:35789
2019-10-25 21:27:06,413 [Datanode State Machine Thread - 0] INFO  server.GrpcService (GrpcService.java:startImpl(158)) - fe8e0c84-158f-427e-8307-4b533a2376d4: GrpcService started, listening on 0.0.0.0/0.0.0.0:37955
2019-10-25 21:27:06,413 [Datanode State Machine Thread - 0] INFO  server.GrpcService (GrpcService.java:startImpl(158)) - 1e09a021-a6d7-4a53-819d-98ce6b091a77: GrpcService started, listening on 0.0.0.0/0.0.0.0:46402
2019-10-25 21:27:06,414 [Datanode State Machine Thread - 0] INFO  ratis.XceiverServerRatis (XceiverServerRatis.java:start(428)) - XceiverServerRatis fe8e0c84-158f-427e-8307-4b533a2376d4 is started using port 37955
2019-10-25 21:27:06,413 [Datanode State Machine Thread - 0] INFO  ratis.XceiverServerRatis (XceiverServerRatis.java:start(428)) - XceiverServerRatis b43dc2d2-5265-4a31-922b-3f50c0227a2c is started using port 35789
2019-10-25 21:27:06,414 [Datanode State Machine Thread - 0] INFO  ratis.XceiverServerRatis (XceiverServerRatis.java:start(428)) - XceiverServerRatis 1e09a021-a6d7-4a53-819d-98ce6b091a77 is started using port 46402
2019-10-25 21:27:06,419 [Datanode State Machine Thread - 0] INFO  server.XceiverServerGrpc (XceiverServerGrpc.java:start(149)) - XceiverServerGrpc b43dc2d2-5265-4a31-922b-3f50c0227a2c is started using port 34480
2019-10-25 21:27:06,419 [Datanode State Machine Thread - 0] INFO  server.XceiverServerGrpc (XceiverServerGrpc.java:start(149)) - XceiverServerGrpc 1e09a021-a6d7-4a53-819d-98ce6b091a77 is started using port 38417
2019-10-25 21:27:06,419 [Datanode State Machine Thread - 0] INFO  server.XceiverServerGrpc (XceiverServerGrpc.java:start(149)) - XceiverServerGrpc fe8e0c84-158f-427e-8307-4b533a2376d4 is started using port 33778
2019-10-25 21:27:07,273 [main] INFO  ozone.MiniOzoneClusterImpl (MiniOzoneClusterImpl.java:lambda$waitForClusterToBeReady$0(147)) - Waiting for cluster to be ready. Got 0 of 3 DN Heartbeats.
2019-10-25 21:27:08,161 [IPC Server handler 0 on 45059] INFO  net.NetworkTopology (NetworkTopologyImpl.java:add(111)) - Added a new node: /default-rack/b43dc2d2-5265-4a31-922b-3f50c0227a2c
2019-10-25 21:27:08,162 [IPC Server handler 0 on 45059] INFO  node.SCMNodeManager (SCMNodeManager.java:register(268)) - Registered Data node : b43dc2d2-5265-4a31-922b-3f50c0227a2c{ip: 192.168.34.41, host: pr-hdds-2311-njw4j-1908075285, networkLocation: /default-rack, certSerialId: null}
2019-10-25 21:27:08,165 [EventQueue-NodeRegistrationContainerReportForDataNodeSafeModeRule] INFO  safemode.SCMSafeModeManager (DataNodeSafeModeRule.java:process(71)) - SCM in safe mode. 1 DataNodes registered, 1 required.
2019-10-25 21:27:08,166 [EventQueue-NodeRegistrationContainerReportForDataNodeSafeModeRule] INFO  safemode.SCMSafeModeManager (SCMSafeModeManager.java:validateSafeModeExitRules(177)) - ScmSafeModeManager, all rules are successfully validated
2019-10-25 21:27:08,166 [EventQueue-NodeRegistrationContainerReportForDataNodeSafeModeRule] INFO  safemode.SCMSafeModeManager (SCMSafeModeManager.java:exitSafeMode(193)) - SCM exiting safe mode.
2019-10-25 21:27:08,195 [IPC Server handler 2 on 45059] INFO  net.NetworkTopology (NetworkTopologyImpl.java:add(111)) - Added a new node: /default-rack/1e09a021-a6d7-4a53-819d-98ce6b091a77
2019-10-25 21:27:08,195 [IPC Server handler 2 on 45059] INFO  node.SCMNodeManager (SCMNodeManager.java:register(268)) - Registered Data node : 1e09a021-a6d7-4a53-819d-98ce6b091a77{ip: 192.168.34.41, host: pr-hdds-2311-njw4j-1908075285, networkLocation: /default-rack, certSerialId: null}
2019-10-25 21:27:08,274 [main] INFO  ozone.MiniOzoneClusterImpl (MiniOzoneClusterImpl.java:lambda$waitForClusterToBeReady$0(147)) - Waiting for cluster to be ready. Got 2 of 3 DN Heartbeats.
2019-10-25 21:27:08,276 [IPC Server handler 3 on 45059] INFO  net.NetworkTopology (NetworkTopologyImpl.java:add(111)) - Added a new node: /default-rack/fe8e0c84-158f-427e-8307-4b533a2376d4
2019-10-25 21:27:08,277 [IPC Server handler 3 on 45059] INFO  node.SCMNodeManager (SCMNodeManager.java:register(268)) - Registered Data node : fe8e0c84-158f-427e-8307-4b533a2376d4{ip: 192.168.34.41, host: pr-hdds-2311-njw4j-1908075285, networkLocation: /default-rack, certSerialId: null}
2019-10-25 21:27:08,686 [grpc-default-executor-0] INFO  impl.RaftServerProxy (RaftServerProxy.java:addNew(89)) - b43dc2d2-5265-4a31-922b-3f50c0227a2c: addNew group-F56BCD471088:[b43dc2d2-5265-4a31-922b-3f50c0227a2c:192.168.34.41:35789] returns group-F56BCD471088:java.util.concurrent.CompletableFuture@15f3ce2e[Not completed]
2019-10-25 21:27:08,703 [pool-27-thread-1] INFO  impl.RaftServerImpl (RaftServerImpl.java:<init>(104)) - b43dc2d2-5265-4a31-922b-3f50c0227a2c: new RaftServerImpl for group-F56BCD471088:[b43dc2d2-5265-4a31-922b-3f50c0227a2c:192.168.34.41:35789] with ContainerStateMachine:uninitialized
2019-10-25 21:27:08,706 [pool-27-thread-1] INFO  server.RaftServerConfigKeys (ConfUtils.java:logGet(43)) - raft.server.rpc.timeout.min = 5s (custom)
2019-10-25 21:27:08,707 [pool-27-thread-1] INFO  server.RaftServerConfigKeys (ConfUtils.java:logGet(43)) - raft.server.rpc.timeout.max = 5200ms (custom)
2019-10-25 21:27:08,707 [pool-27-thread-1] INFO  server.RaftServerConfigKeys (ConfUtils.java:logGet(43)) - raft.server.rpcslowness.timeout = 1000s (custom)
2019-10-25 21:27:08,708 [pool-27-thread-1] INFO  server.RaftServerConfigKeys (ConfUtils.java:logGet(43)) - raft.server.sleep.deviation.threshold = 300 (default)
2019-10-25 21:27:08,709 [pool-27-thread-1] INFO  server.RaftServerConfigKeys (ConfUtils.java:logGet(43)) - raft.server.log.appender.install.snapshot.enabled = false (custom)
2019-10-25 21:27:08,719 [pool-27-thread-1] INFO  impl.RaftServerImpl (ServerState.java:<init>(103)) - b43dc2d2-5265-4a31-922b-3f50c0227a2c@group-F56BCD471088: ConfigurationManager, init=-1: [b43dc2d2-5265-4a31-922b-3f50c0227a2c:192.168.34.41:35789], old=null, confs=<EMPTY_MAP>
2019-10-25 21:27:08,719 [pool-27-thread-1] INFO  server.RaftServerConfigKeys (ConfUtils.java:logGet(43)) - raft.server.storage.dir = [/workdir/hadoop-ozone/integration-test/target/test-dir/MiniOzoneClusterImpl-92884b77-011c-4f6d-b986-a415730dccc4/datanode-0/data/ratis] (custom)
2019-10-25 21:27:08,726 [pool-27-thread-1] INFO  server.RaftServerConfigKeys (ConfUtils.java:logGet(43)) - raft.server.log.corruption.policy = EXCEPTION (default)
2019-10-25 21:27:08,729 [pool-27-thread-1] INFO  storage.RaftStorageDirectory (RaftStorageDirectory.java:analyzeStorage(246)) - The storage directory /workdir/hadoop-ozone/integration-test/target/test-dir/MiniOzoneClusterImpl-92884b77-011c-4f6d-b986-a415730dccc4/datanode-0/data/ratis/148b056e-775e-40c0-96be-f56bcd471088 does not exist. Creating ...
2019-10-25 21:27:08,748 [pool-27-thread-1] INFO  storage.RaftStorageDirectory (RaftStorageDirectory.java:tryLock(328)) - Lock on /workdir/hadoop-ozone/integration-test/target/test-dir/MiniOzoneClusterImpl-92884b77-011c-4f6d-b986-a415730dccc4/datanode-0/data/ratis/148b056e-775e-40c0-96be-f56bcd471088/in_use.lock acquired by nodename 18419@pr-hdds-2311-njw4j-1908075285
2019-10-25 21:27:08,762 [pool-27-thread-1] INFO  storage.RaftStorage (RaftStorage.java:format(84)) - Storage directory /workdir/hadoop-ozone/integration-test/target/test-dir/MiniOzoneClusterImpl-92884b77-011c-4f6d-b986-a415730dccc4/datanode-0/data/ratis/148b056e-775e-40c0-96be-f56bcd471088 has been successfully formatted.
2019-10-25 21:27:08,765 [pool-27-thread-1] INFO  ratis.ContainerStateMachine (ContainerStateMachine.java:loadSnapshot(231)) - group-F56BCD471088: The snapshot info is null. Setting the last applied indexto:(t:0, i:~)
2019-10-25 21:27:08,765 [pool-27-thread-1] INFO  server.RaftServerConfigKeys (ConfUtils.java:logGet(43)) - raft.server.notification.no-leader.timeout = 1000s (custom)
2019-10-25 21:27:08,768 [pool-27-thread-1] INFO  server.RaftServerConfigKeys (ConfUtils.java:logGet(43)) - raft.server.log.use.memory = false (default)
2019-10-25 21:27:08,773 [pool-27-thread-1] INFO  server.RaftServerConfigKeys (ConfUtils.java:logGet(43)) - raft.server.log.purge.gap = 1000000 (custom)
2019-10-25 21:27:08,773 [pool-27-thread-1] INFO  server.RaftServerConfigKeys (ConfUtils.java:logGet(43)) - raft.server.log.appender.buffer.byte-limit = 33554432 (custom)
2019-10-25 21:27:08,775 [pool-27-thread-1] INFO  server.RaftServerConfigKeys (ConfUtils.java:logGet(43)) - raft.server.log.segment.size.max = 1048576 (custom)
2019-10-25 21:27:08,777 [pool-27-thread-1] INFO  impl.MetricsSystemImpl (MetricsSystemImpl.java:init(158)) - ratis metrics system started (again)
2019-10-25 21:27:08,781 [pool-27-thread-1] INFO  metrics.MetricRegistries (MetricRegistriesLoader.java:load(64)) - Loaded MetricRegistries class org.apache.ratis.metrics.impl.MetricRegistriesImpl
2019-10-25 21:27:08,815 [pool-27-thread-1] INFO  server.RaftServerConfigKeys (ConfUtils.java:logGet(43)) - raft.server.log.segment.cache.num.max = 2 (custom)
2019-10-25 21:27:08,819 [pool-27-thread-1] INFO  segmented.SegmentedRaftLogWorker (SegmentedRaftLogWorker.java:<init>(173)) - new b43dc2d2-5265-4a31-922b-3f50c0227a2c@group-F56BCD471088-SegmentedRaftLogWorker for RaftStorage:Storage Directory /workdir/hadoop-ozone/integration-test/target/test-dir/MiniOzoneClusterImpl-92884b77-011c-4f6d-b986-a415730dccc4/datanode-0/data/ratis/148b056e-775e-40c0-96be-f56bcd471088
2019-10-25 21:27:08,820 [pool-27-thread-1] INFO  server.RaftServerConfigKeys (ConfUtils.java:logGet(43)) - raft.server.log.queue.byte-limit = 2147483647 (custom)
2019-10-25 21:27:08,820 [pool-27-thread-1] INFO  server.RaftServerConfigKeys (ConfUtils.java:logGet(43)) - raft.server.log.queue.element-limit = 1024 (custom)
2019-10-25 21:27:08,821 [pool-27-thread-1] INFO  server.RaftServerConfigKeys (ConfUtils.java:logGet(43)) - raft.server.log.segment.size.max = 1048576 (custom)
2019-10-25 21:27:08,822 [pool-27-thread-1] INFO  server.RaftServerConfigKeys (ConfUtils.java:logGet(43)) - raft.server.log.preallocated.size = 16384 (custom)
2019-10-25 21:27:08,822 [pool-27-thread-1] INFO  server.RaftServerConfigKeys (ConfUtils.java:logGet(43)) - raft.server.log.write.buffer.size = 33554432 (custom)
2019-10-25 21:27:08,823 [pool-27-thread-1] INFO  server.RaftServerConfigKeys (ConfUtils.java:logGet(43)) - raft.server.log.force.sync.num = 128 (default)
2019-10-25 21:27:08,823 [pool-27-thread-1] INFO  server.RaftServerConfigKeys (ConfUtils.java:logGet(43)) - raft.server.log.statemachine.data.sync = true (default)
2019-10-25 21:27:08,824 [pool-27-thread-1] INFO  server.RaftServerConfigKeys (ConfUtils.java:logGet(43)) - raft.server.log.statemachine.data.sync.timeout = 10s (default)
2019-10-25 21:27:08,824 [pool-27-thread-1] INFO  server.RaftServerConfigKeys (ConfUtils.java:logGet(43)) - raft.server.log.statemachine.data.sync.timeout.retry = -1 (default)
2019-10-25 21:27:08,834 [pool-27-thread-1] INFO  server.RaftServerConfigKeys (ConfUtils.java:logGet(43)) - raft.server.log.statemachine.data.caching.enabled = true (custom)
2019-10-25 21:27:08,838 [pool-27-thread-1] INFO  segmented.SegmentedRaftLogWorker (SegmentedRaftLogWorker.java:lambda$new$0(128)) - b43dc2d2-5265-4a31-922b-3f50c0227a2c@group-F56BCD471088-SegmentedRaftLogWorker: flushIndex: setUnconditionally 0 -> -1
2019-10-25 21:27:08,841 [pool-27-thread-1] INFO  server.RaftServerConfigKeys (ConfUtils.java:logGet(43)) - raft.server.snapshot.auto.trigger.enabled = true (custom)
2019-10-25 21:27:08,842 [pool-27-thread-1] INFO  server.RaftServerConfigKeys (ConfUtils.java:logGet(43)) - raft.server.snapshot.auto.trigger.threshold = 10000 (custom)
2019-10-25 21:27:08,843 [pool-27-thread-1] INFO  server.RaftServerConfigKeys (ConfUtils.java:logGet(43)) - raft.server.snapshot.retention.file.num = 5 (custom)
2019-10-25 21:27:08,843 [pool-27-thread-1] INFO  server.RaftServerConfigKeys (ConfUtils.java:logGet(43)) - raft.server.retrycache.expirytime = 600000ms (custom)
2019-10-25 21:27:08,868 [pool-27-thread-1] INFO  impl.RaftServerImpl (RaftServerImpl.java:start(195)) - b43dc2d2-5265-4a31-922b-3f50c0227a2c@group-F56BCD471088: start as a follower, conf=-1: [b43dc2d2-5265-4a31-922b-3f50c0227a2c:192.168.34.41:35789], old=null
2019-10-25 21:27:08,869 [pool-27-thread-1] INFO  impl.RaftServerImpl (RaftServerImpl.java:setRole(184)) - b43dc2d2-5265-4a31-922b-3f50c0227a2c@group-F56BCD471088: changes role from      null to FOLLOWER at term 0 for startAsFollower
2019-10-25 21:27:08,870 [pool-27-thread-1] INFO  impl.RoleInfo (RoleInfo.java:updateAndGet(143)) - b43dc2d2-5265-4a31-922b-3f50c0227a2c: start FollowerState
2019-10-25 21:27:08,872 [pool-27-thread-1] INFO  util.JmxRegister (JmxRegister.java:tryRegister(44)) - Successfully registered JMX Bean with object name Ratis:service=RaftServer,group=group-F56BCD471088,id=b43dc2d2-5265-4a31-922b-3f50c0227a2c
2019-10-25 21:27:08,901 [Thread-186] INFO  impl.FollowerState (FollowerState.java:run(108)) - b43dc2d2-5265-4a31-922b-3f50c0227a2c@group-F56BCD471088-FollowerState: change to CANDIDATE, lastRpcTime:30ms, electionTimeout:29ms
2019-10-25 21:27:08,904 [Thread-186] INFO  impl.RoleInfo (RoleInfo.java:shutdownFollowerState(121)) - b43dc2d2-5265-4a31-922b-3f50c0227a2c: shutdown FollowerState
2019-10-25 21:27:08,905 [Thread-186] INFO  impl.RaftServerImpl (RaftServerImpl.java:setRole(184)) - b43dc2d2-5265-4a31-922b-3f50c0227a2c@group-F56BCD471088: changes role from  FOLLOWER to CANDIDATE at term 0 for changeToCandidate
2019-10-25 21:27:08,911 [Thread-186] INFO  impl.RoleInfo (RoleInfo.java:updateAndGet(143)) - b43dc2d2-5265-4a31-922b-3f50c0227a2c: start LeaderElection
2019-10-25 21:27:08,927 [b43dc2d2-5265-4a31-922b-3f50c0227a2c@group-F56BCD471088-LeaderElection1] INFO  impl.LeaderElection (LeaderElection.java:askForVotes(178)) - b43dc2d2-5265-4a31-922b-3f50c0227a2c@group-F56BCD471088-LeaderElection1: begin an election at term 1 for -1: [b43dc2d2-5265-4a31-922b-3f50c0227a2c:192.168.34.41:35789], old=null
2019-10-25 21:27:08,929 [b43dc2d2-5265-4a31-922b-3f50c0227a2c@group-F56BCD471088-LeaderElection1] INFO  impl.RoleInfo (RoleInfo.java:shutdownLeaderElection(134)) - b43dc2d2-5265-4a31-922b-3f50c0227a2c: shutdown LeaderElection
2019-10-25 21:27:08,929 [b43dc2d2-5265-4a31-922b-3f50c0227a2c@group-F56BCD471088-LeaderElection1] INFO  impl.RaftServerImpl (RaftServerImpl.java:setRole(184)) - b43dc2d2-5265-4a31-922b-3f50c0227a2c@group-F56BCD471088: changes role from CANDIDATE to LEADER at term 1 for changeToLeader
2019-10-25 21:27:08,930 [b43dc2d2-5265-4a31-922b-3f50c0227a2c@group-F56BCD471088-LeaderElection1] INFO  impl.RaftServerImpl (ServerState.java:setLeader(256)) - b43dc2d2-5265-4a31-922b-3f50c0227a2c@group-F56BCD471088: change Leader from null to b43dc2d2-5265-4a31-922b-3f50c0227a2c at term 1 for becomeLeader, leader elected after 164ms
2019-10-25 21:27:08,936 [b43dc2d2-5265-4a31-922b-3f50c0227a2c@group-F56BCD471088-LeaderElection1] INFO  server.RaftServerConfigKeys (ConfUtils.java:logGet(43)) - raft.server.staging.catchup.gap = 1000 (default)
2019-10-25 21:27:08,937 [b43dc2d2-5265-4a31-922b-3f50c0227a2c@group-F56BCD471088-LeaderElection1] INFO  server.RaftServerConfigKeys (ConfUtils.java:logGet(43)) - raft.server.rpc.sleep.time = 25ms (default)
2019-10-25 21:27:08,941 [b43dc2d2-5265-4a31-922b-3f50c0227a2c@group-F56BCD471088-LeaderElection1] INFO  server.RaftServerConfigKeys (ConfUtils.java:logGet(43)) - raft.server.write.element-limit = 4096 (default)
2019-10-25 21:27:08,944 [b43dc2d2-5265-4a31-922b-3f50c0227a2c@group-F56BCD471088-LeaderElection1] INFO  server.RaftServerConfigKeys (ConfUtils.java:logGet(43)) - raft.server.watch.timeout = 10s (default)
2019-10-25 21:27:08,945 [b43dc2d2-5265-4a31-922b-3f50c0227a2c@group-F56BCD471088-LeaderElection1] INFO  server.RaftServerConfigKeys (ConfUtils.java:logGet(43)) - raft.server.watch.timeout.denomination = 1s (default)
2019-10-25 21:27:08,946 [b43dc2d2-5265-4a31-922b-3f50c0227a2c@group-F56BCD471088-LeaderElection1] INFO  server.RaftServerConfigKeys (ConfUtils.java:logGet(43)) - raft.server.watch.element-limit = 65536 (default)
2019-10-25 21:27:08,948 [RatisPipelineUtilsThread] INFO  pipeline.PipelineStateManager (PipelineStateManager.java:addPipeline(56)) - Created pipeline Pipeline[ Id: 148b056e-775e-40c0-96be-f56bcd471088, Nodes: b43dc2d2-5265-4a31-922b-3f50c0227a2c{ip: 192.168.34.41, host: pr-hdds-2311-njw4j-1908075285, networkLocation: /default-rack, certSerialId: null}, Type:RATIS, Factor:ONE, State:OPEN]
2019-10-25 21:27:08,984 [grpc-default-executor-0] INFO  impl.RaftServerProxy (RaftServerProxy.java:addNew(89)) - 1e09a021-a6d7-4a53-819d-98ce6b091a77: addNew group-CA168699FDEB:[1e09a021-a6d7-4a53-819d-98ce6b091a77:192.168.34.41:46402] returns group-CA168699FDEB:java.util.concurrent.CompletableFuture@235efc2a[Not completed]
2019-10-25 21:27:08,985 [b43dc2d2-5265-4a31-922b-3f50c0227a2c@group-F56BCD471088-LeaderElection1] INFO  impl.RoleInfo (RoleInfo.java:updateAndGet(143)) - b43dc2d2-5265-4a31-922b-3f50c0227a2c: start LeaderState
2019-10-25 21:27:08,986 [pool-37-thread-1] INFO  impl.RaftServerImpl (RaftServerImpl.java:<init>(104)) - 1e09a021-a6d7-4a53-819d-98ce6b091a77: new RaftServerImpl for group-CA168699FDEB:[1e09a021-a6d7-4a53-819d-98ce6b091a77:192.168.34.41:46402] with ContainerStateMachine:uninitialized
2019-10-25 21:27:08,987 [pool-37-thread-1] INFO  server.RaftServerConfigKeys (ConfUtils.java:logGet(43)) - raft.server.rpc.timeout.min = 5s (custom)
2019-10-25 21:27:08,987 [pool-37-thread-1] INFO  server.RaftServerConfigKeys (ConfUtils.java:logGet(43)) - raft.server.rpc.timeout.max = 5200ms (custom)
2019-10-25 21:27:08,987 [pool-37-thread-1] INFO  server.RaftServerConfigKeys (ConfUtils.java:logGet(43)) - raft.server.rpcslowness.timeout = 1000s (custom)
2019-10-25 21:27:08,988 [pool-37-thread-1] INFO  server.RaftServerConfigKeys (ConfUtils.java:logGet(43)) - raft.server.sleep.deviation.threshold = 300 (default)
2019-10-25 21:27:08,988 [pool-37-thread-1] INFO  server.RaftServerConfigKeys (ConfUtils.java:logGet(43)) - raft.server.log.appender.install.snapshot.enabled = false (custom)
2019-10-25 21:27:08,988 [pool-37-thread-1] INFO  impl.RaftServerImpl (ServerState.java:<init>(103)) - 1e09a021-a6d7-4a53-819d-98ce6b091a77@group-CA168699FDEB: ConfigurationManager, init=-1: [1e09a021-a6d7-4a53-819d-98ce6b091a77:192.168.34.41:46402], old=null, confs=<EMPTY_MAP>
2019-10-25 21:27:08,988 [pool-37-thread-1] INFO  server.RaftServerConfigKeys (ConfUtils.java:logGet(43)) - raft.server.storage.dir = [/workdir/hadoop-ozone/integration-test/target/test-dir/MiniOzoneClusterImpl-92884b77-011c-4f6d-b986-a415730dccc4/datanode-1/data/ratis] (custom)
2019-10-25 21:27:08,988 [pool-37-thread-1] INFO  server.RaftServerConfigKeys (ConfUtils.java:logGet(43)) - raft.server.log.corruption.policy = EXCEPTION (default)
2019-10-25 21:27:08,989 [pool-37-thread-1] INFO  storage.RaftStorageDirectory (RaftStorageDirectory.java:analyzeStorage(246)) - The storage directory /workdir/hadoop-ozone/integration-test/target/test-dir/MiniOzoneClusterImpl-92884b77-011c-4f6d-b986-a415730dccc4/datanode-1/data/ratis/613882b3-c627-462f-bcb7-ca168699fdeb does not exist. Creating ...
2019-10-25 21:27:09,008 [b43dc2d2-5265-4a31-922b-3f50c0227a2c@group-F56BCD471088-LeaderElection1] INFO  segmented.SegmentedRaftLogWorker (SegmentedRaftLogWorker.java:startLogSegment(385)) - b43dc2d2-5265-4a31-922b-3f50c0227a2c@group-F56BCD471088-SegmentedRaftLogWorker: Starting segment from index:0
2019-10-25 21:27:09,010 [pool-37-thread-1] INFO  storage.RaftStorageDirectory (RaftStorageDirectory.java:tryLock(328)) - Lock on /workdir/hadoop-ozone/integration-test/target/test-dir/MiniOzoneClusterImpl-92884b77-011c-4f6d-b986-a415730dccc4/datanode-1/data/ratis/613882b3-c627-462f-bcb7-ca168699fdeb/in_use.lock acquired by nodename 18419@pr-hdds-2311-njw4j-1908075285
2019-10-25 21:27:09,018 [b43dc2d2-5265-4a31-922b-3f50c0227a2c@group-F56BCD471088-LeaderElection1] INFO  impl.RaftServerImpl (ServerState.java:setRaftConf(357)) - b43dc2d2-5265-4a31-922b-3f50c0227a2c@group-F56BCD471088: set configuration 0: [b43dc2d2-5265-4a31-922b-3f50c0227a2c:192.168.34.41:35789], old=null at 0
2019-10-25 21:27:09,047 [pool-37-thread-1] INFO  storage.RaftStorage (RaftStorage.java:format(84)) - Storage directory /workdir/hadoop-ozone/integration-test/target/test-dir/MiniOzoneClusterImpl-92884b77-011c-4f6d-b986-a415730dccc4/datanode-1/data/ratis/613882b3-c627-462f-bcb7-ca168699fdeb has been successfully formatted.
2019-10-25 21:27:09,049 [pool-37-thread-1] INFO  ratis.ContainerStateMachine (ContainerStateMachine.java:loadSnapshot(231)) - group-CA168699FDEB: The snapshot info is null. Setting the last applied indexto:(t:0, i:~)
2019-10-25 21:27:09,049 [pool-37-thread-1] INFO  server.RaftServerConfigKeys (ConfUtils.java:logGet(43)) - raft.server.notification.no-leader.timeout = 1000s (custom)
2019-10-25 21:27:09,050 [pool-37-thread-1] INFO  server.RaftServerConfigKeys (ConfUtils.java:logGet(43)) - raft.server.log.use.memory = false (default)
2019-10-25 21:27:09,050 [pool-37-thread-1] INFO  server.RaftServerConfigKeys (ConfUtils.java:logGet(43)) - raft.server.log.purge.gap = 1000000 (custom)
2019-10-25 21:27:09,050 [pool-37-thread-1] INFO  server.RaftServerConfigKeys (ConfUtils.java:logGet(43)) - raft.server.log.appender.buffer.byte-limit = 33554432 (custom)
2019-10-25 21:27:09,050 [pool-37-thread-1] INFO  server.RaftServerConfigKeys (ConfUtils.java:logGet(43)) - raft.server.log.segment.size.max = 1048576 (custom)
2019-10-25 21:27:09,072 [pool-37-thread-1] INFO  server.RaftServerConfigKeys (ConfUtils.java:logGet(43)) - raft.server.log.segment.cache.num.max = 2 (custom)
2019-10-25 21:27:09,072 [pool-37-thread-1] INFO  segmented.SegmentedRaftLogWorker (SegmentedRaftLogWorker.java:<init>(173)) - new 1e09a021-a6d7-4a53-819d-98ce6b091a77@group-CA168699FDEB-SegmentedRaftLogWorker for RaftStorage:Storage Directory /workdir/hadoop-ozone/integration-test/target/test-dir/MiniOzoneClusterImpl-92884b77-011c-4f6d-b986-a415730dccc4/datanode-1/data/ratis/613882b3-c627-462f-bcb7-ca168699fdeb
2019-10-25 21:27:09,072 [pool-37-thread-1] INFO  server.RaftServerConfigKeys (ConfUtils.java:logGet(43)) - raft.server.log.queue.byte-limit = 2147483647 (custom)
2019-10-25 21:27:09,072 [pool-37-thread-1] INFO  server.RaftServerConfigKeys (ConfUtils.java:logGet(43)) - raft.server.log.queue.element-limit = 1024 (custom)
2019-10-25 21:27:09,073 [pool-37-thread-1] INFO  server.RaftServerConfigKeys (ConfUtils.java:logGet(43)) - raft.server.log.segment.size.max = 1048576 (custom)
2019-10-25 21:27:09,073 [pool-37-thread-1] INFO  server.RaftServerConfigKeys (ConfUtils.java:logGet(43)) - raft.server.log.preallocated.size = 16384 (custom)
2019-10-25 21:27:09,073 [pool-37-thread-1] INFO  server.RaftServerConfigKeys (ConfUtils.java:logGet(43)) - raft.server.log.write.buffer.size = 33554432 (custom)
2019-10-25 21:27:09,073 [pool-37-thread-1] INFO  server.RaftServerConfigKeys (ConfUtils.java:logGet(43)) - raft.server.log.force.sync.num = 128 (default)
2019-10-25 21:27:09,073 [pool-37-thread-1] INFO  server.RaftServerConfigKeys (ConfUtils.java:logGet(43)) - raft.server.log.statemachine.data.sync = true (default)
2019-10-25 21:27:09,073 [pool-37-thread-1] INFO  server.RaftServerConfigKeys (ConfUtils.java:logGet(43)) - raft.server.log.statemachine.data.sync.timeout = 10s (default)
2019-10-25 21:27:09,073 [pool-37-thread-1] INFO  server.RaftServerConfigKeys (ConfUtils.java:logGet(43)) - raft.server.log.statemachine.data.sync.timeout.retry = -1 (default)
2019-10-25 21:27:09,074 [pool-37-thread-1] INFO  server.RaftServerConfigKeys (ConfUtils.java:logGet(43)) - raft.server.log.statemachine.data.caching.enabled = true (custom)
2019-10-25 21:27:09,074 [pool-37-thread-1] INFO  segmented.SegmentedRaftLogWorker (SegmentedRaftLogWorker.java:lambda$new$0(128)) - 1e09a021-a6d7-4a53-819d-98ce6b091a77@group-CA168699FDEB-SegmentedRaftLogWorker: flushIndex: setUnconditionally 0 -> -1
2019-10-25 21:27:09,074 [pool-37-thread-1] INFO  server.RaftServerConfigKeys (ConfUtils.java:logGet(43)) - raft.server.snapshot.auto.trigger.enabled = true (custom)
2019-10-25 21:27:09,074 [pool-37-thread-1] INFO  server.RaftServerConfigKeys (ConfUtils.java:logGet(43)) - raft.server.snapshot.auto.trigger.threshold = 10000 (custom)
2019-10-25 21:27:09,075 [pool-37-thread-1] INFO  server.RaftServerConfigKeys (ConfUtils.java:logGet(43)) - raft.server.snapshot.retention.file.num = 5 (custom)
2019-10-25 21:27:09,075 [pool-37-thread-1] INFO  server.RaftServerConfigKeys (ConfUtils.java:logGet(43)) - raft.server.retrycache.expirytime = 600000ms (custom)
2019-10-25 21:27:09,081 [pool-37-thread-1] INFO  impl.RaftServerImpl (RaftServerImpl.java:start(195)) - 1e09a021-a6d7-4a53-819d-98ce6b091a77@group-CA168699FDEB: start as a follower, conf=-1: [1e09a021-a6d7-4a53-819d-98ce6b091a77:192.168.34.41:46402], old=null
2019-10-25 21:27:09,081 [pool-37-thread-1] INFO  impl.RaftServerImpl (RaftServerImpl.java:setRole(184)) - 1e09a021-a6d7-4a53-819d-98ce6b091a77@group-CA168699FDEB: changes role from      null to FOLLOWER at term 0 for startAsFollower
2019-10-25 21:27:09,081 [pool-37-thread-1] INFO  impl.RoleInfo (RoleInfo.java:updateAndGet(143)) - 1e09a021-a6d7-4a53-819d-98ce6b091a77: start FollowerState
2019-10-25 21:27:09,081 [pool-37-thread-1] INFO  util.JmxRegister (JmxRegister.java:tryRegister(44)) - Successfully registered JMX Bean with object name Ratis:service=RaftServer,group=group-CA168699FDEB,id=1e09a021-a6d7-4a53-819d-98ce6b091a77
2019-10-25 21:27:09,095 [RatisPipelineUtilsThread] INFO  pipeline.PipelineStateManager (PipelineStateManager.java:addPipeline(56)) - Created pipeline Pipeline[ Id: 613882b3-c627-462f-bcb7-ca168699fdeb, Nodes: 1e09a021-a6d7-4a53-819d-98ce6b091a77{ip: 192.168.34.41, host: pr-hdds-2311-njw4j-1908075285, networkLocation: /default-rack, certSerialId: null}, Type:RATIS, Factor:ONE, State:OPEN]
2019-10-25 21:27:09,113 [grpc-default-executor-0] INFO  impl.RaftServerProxy (RaftServerProxy.java:addNew(89)) - fe8e0c84-158f-427e-8307-4b533a2376d4: addNew group-889EF0DFBAAA:[fe8e0c84-158f-427e-8307-4b533a2376d4:192.168.34.41:37955] returns group-889EF0DFBAAA:java.util.concurrent.CompletableFuture@4e133a57[Not completed]
2019-10-25 21:27:09,121 [pool-47-thread-1] INFO  impl.RaftServerImpl (RaftServerImpl.java:<init>(104)) - fe8e0c84-158f-427e-8307-4b533a2376d4: new RaftServerImpl for group-889EF0DFBAAA:[fe8e0c84-158f-427e-8307-4b533a2376d4:192.168.34.41:37955] with ContainerStateMachine:uninitialized
2019-10-25 21:27:09,122 [pool-47-thread-1] INFO  server.RaftServerConfigKeys (ConfUtils.java:logGet(43)) - raft.server.rpc.timeout.min = 5s (custom)
2019-10-25 21:27:09,122 [pool-47-thread-1] INFO  server.RaftServerConfigKeys (ConfUtils.java:logGet(43)) - raft.server.rpc.timeout.max = 5200ms (custom)
2019-10-25 21:27:09,122 [pool-47-thread-1] INFO  server.RaftServerConfigKeys (ConfUtils.java:logGet(43)) - raft.server.rpcslowness.timeout = 1000s (custom)
2019-10-25 21:27:09,123 [pool-47-thread-1] INFO  server.RaftServerConfigKeys (ConfUtils.java:logGet(43)) - raft.server.sleep.deviation.threshold = 300 (default)
2019-10-25 21:27:09,123 [pool-47-thread-1] INFO  server.RaftServerConfigKeys (ConfUtils.java:logGet(43)) - raft.server.log.appender.install.snapshot.enabled = false (custom)
2019-10-25 21:27:09,123 [pool-47-thread-1] INFO  impl.RaftServerImpl (ServerState.java:<init>(103)) - fe8e0c84-158f-427e-8307-4b533a2376d4@group-889EF0DFBAAA: ConfigurationManager, init=-1: [fe8e0c84-158f-427e-8307-4b533a2376d4:192.168.34.41:37955], old=null, confs=<EMPTY_MAP>
2019-10-25 21:27:09,123 [pool-47-thread-1] INFO  server.RaftServerConfigKeys (ConfUtils.java:logGet(43)) - raft.server.storage.dir = [/workdir/hadoop-ozone/integration-test/target/test-dir/MiniOzoneClusterImpl-92884b77-011c-4f6d-b986-a415730dccc4/datanode-2/data/ratis] (custom)
2019-10-25 21:27:09,123 [pool-47-thread-1] INFO  server.RaftServerConfigKeys (ConfUtils.java:logGet(43)) - raft.server.log.corruption.policy = EXCEPTION (default)
2019-10-25 21:27:09,124 [pool-47-thread-1] INFO  storage.RaftStorageDirectory (RaftStorageDirectory.java:analyzeStorage(246)) - The storage directory /workdir/hadoop-ozone/integration-test/target/test-dir/MiniOzoneClusterImpl-92884b77-011c-4f6d-b986-a415730dccc4/datanode-2/data/ratis/de2e5f83-4b68-4e85-adcf-889ef0dfbaaa does not exist. Creating ...
2019-10-25 21:27:09,138 [pool-47-thread-1] INFO  storage.RaftStorageDirectory (RaftStorageDirectory.java:tryLock(328)) - Lock on /workdir/hadoop-ozone/integration-test/target/test-dir/MiniOzoneClusterImpl-92884b77-011c-4f6d-b986-a415730dccc4/datanode-2/data/ratis/de2e5f83-4b68-4e85-adcf-889ef0dfbaaa/in_use.lock acquired by nodename 18419@pr-hdds-2311-njw4j-1908075285
2019-10-25 21:27:09,150 [pool-47-thread-1] INFO  storage.RaftStorage (RaftStorage.java:format(84)) - Storage directory /workdir/hadoop-ozone/integration-test/target/test-dir/MiniOzoneClusterImpl-92884b77-011c-4f6d-b986-a415730dccc4/datanode-2/data/ratis/de2e5f83-4b68-4e85-adcf-889ef0dfbaaa has been successfully formatted.
2019-10-25 21:27:09,151 [pool-47-thread-1] INFO  ratis.ContainerStateMachine (ContainerStateMachine.java:loadSnapshot(231)) - group-889EF0DFBAAA: The snapshot info is null. Setting the last applied indexto:(t:0, i:~)
2019-10-25 21:27:09,151 [pool-47-thread-1] INFO  server.RaftServerConfigKeys (ConfUtils.java:logGet(43)) - raft.server.notification.no-leader.timeout = 1000s (custom)
2019-10-25 21:27:09,151 [pool-47-thread-1] INFO  server.RaftServerConfigKeys (ConfUtils.java:logGet(43)) - raft.server.log.use.memory = false (default)
2019-10-25 21:27:09,151 [pool-47-thread-1] INFO  server.RaftServerConfigKeys (ConfUtils.java:logGet(43)) - raft.server.log.purge.gap = 1000000 (custom)
2019-10-25 21:27:09,151 [pool-47-thread-1] INFO  server.RaftServerConfigKeys (ConfUtils.java:logGet(43)) - raft.server.log.appender.buffer.byte-limit = 33554432 (custom)
2019-10-25 21:27:09,152 [pool-47-thread-1] INFO  server.RaftServerConfigKeys (ConfUtils.java:logGet(43)) - raft.server.log.segment.size.max = 1048576 (custom)
2019-10-25 21:27:09,154 [pool-47-thread-1] INFO  server.RaftServerConfigKeys (ConfUtils.java:logGet(43)) - raft.server.log.segment.cache.num.max = 2 (custom)
2019-10-25 21:27:09,155 [pool-47-thread-1] INFO  segmented.SegmentedRaftLogWorker (SegmentedRaftLogWorker.java:<init>(173)) - new fe8e0c84-158f-427e-8307-4b533a2376d4@group-889EF0DFBAAA-SegmentedRaftLogWorker for RaftStorage:Storage Directory /workdir/hadoop-ozone/integration-test/target/test-dir/MiniOzoneClusterImpl-92884b77-011c-4f6d-b986-a415730dccc4/datanode-2/data/ratis/de2e5f83-4b68-4e85-adcf-889ef0dfbaaa
2019-10-25 21:27:09,155 [pool-47-thread-1] INFO  server.RaftServerConfigKeys (ConfUtils.java:logGet(43)) - raft.server.log.queue.byte-limit = 2147483647 (custom)
2019-10-25 21:27:09,155 [pool-47-thread-1] INFO  server.RaftServerConfigKeys (ConfUtils.java:logGet(43)) - raft.server.log.queue.element-limit = 1024 (custom)
2019-10-25 21:27:09,155 [pool-47-thread-1] INFO  server.RaftServerConfigKeys (ConfUtils.java:logGet(43)) - raft.server.log.segment.size.max = 1048576 (custom)
2019-10-25 21:27:09,155 [pool-47-thread-1] INFO  server.RaftServerConfigKeys (ConfUtils.java:logGet(43)) - raft.server.log.preallocated.size = 16384 (custom)
2019-10-25 21:27:09,155 [pool-47-thread-1] INFO  server.RaftServerConfigKeys (ConfUtils.java:logGet(43)) - raft.server.log.write.buffer.size = 33554432 (custom)
2019-10-25 21:27:09,155 [pool-47-thread-1] INFO  server.RaftServerConfigKeys (ConfUtils.java:logGet(43)) - raft.server.log.force.sync.num = 128 (default)
2019-10-25 21:27:09,155 [pool-47-thread-1] INFO  server.RaftServerConfigKeys (ConfUtils.java:logGet(43)) - raft.server.log.statemachine.data.sync = true (default)
2019-10-25 21:27:09,156 [pool-47-thread-1] INFO  server.RaftServerConfigKeys (ConfUtils.java:logGet(43)) - raft.server.log.statemachine.data.sync.timeout = 10s (default)
2019-10-25 21:27:09,156 [pool-47-thread-1] INFO  server.RaftServerConfigKeys (ConfUtils.java:logGet(43)) - raft.server.log.statemachine.data.sync.timeout.retry = -1 (default)
2019-10-25 21:27:09,156 [pool-47-thread-1] INFO  server.RaftServerConfigKeys (ConfUtils.java:logGet(43)) - raft.server.log.statemachine.data.caching.enabled = true (custom)
2019-10-25 21:27:09,157 [pool-47-thread-1] INFO  segmented.SegmentedRaftLogWorker (SegmentedRaftLogWorker.java:lambda$new$0(128)) - fe8e0c84-158f-427e-8307-4b533a2376d4@group-889EF0DFBAAA-SegmentedRaftLogWorker: flushIndex: setUnconditionally 0 -> -1
2019-10-25 21:27:09,157 [pool-47-thread-1] INFO  server.RaftServerConfigKeys (ConfUtils.java:logGet(43)) - raft.server.snapshot.auto.trigger.enabled = true (custom)
2019-10-25 21:27:09,157 [pool-47-thread-1] INFO  server.RaftServerConfigKeys (ConfUtils.java:logGet(43)) - raft.server.snapshot.auto.trigger.threshold = 10000 (custom)
2019-10-25 21:27:09,157 [pool-47-thread-1] INFO  server.RaftServerConfigKeys (ConfUtils.java:logGet(43)) - raft.server.snapshot.retention.file.num = 5 (custom)
2019-10-25 21:27:09,157 [pool-47-thread-1] INFO  server.RaftServerConfigKeys (ConfUtils.java:logGet(43)) - raft.server.retrycache.expirytime = 600000ms (custom)
2019-10-25 21:27:09,163 [pool-47-thread-1] INFO  impl.RaftServerImpl (RaftServerImpl.java:start(195)) - fe8e0c84-158f-427e-8307-4b533a2376d4@group-889EF0DFBAAA: start as a follower, conf=-1: [fe8e0c84-158f-427e-8307-4b533a2376d4:192.168.34.41:37955], old=null
2019-10-25 21:27:09,163 [pool-47-thread-1] INFO  impl.RaftServerImpl (RaftServerImpl.java:setRole(184)) - fe8e0c84-158f-427e-8307-4b533a2376d4@group-889EF0DFBAAA: changes role from      null to FOLLOWER at term 0 for startAsFollower
2019-10-25 21:27:09,163 [pool-47-thread-1] INFO  impl.RoleInfo (RoleInfo.java:updateAndGet(143)) - fe8e0c84-158f-427e-8307-4b533a2376d4: start FollowerState
2019-10-25 21:27:09,163 [pool-47-thread-1] INFO  util.JmxRegister (JmxRegister.java:tryRegister(44)) - Successfully registered JMX Bean with object name Ratis:service=RaftServer,group=group-889EF0DFBAAA,id=fe8e0c84-158f-427e-8307-4b533a2376d4
2019-10-25 21:27:09,176 [RatisPipelineUtilsThread] INFO  pipeline.PipelineStateManager (PipelineStateManager.java:addPipeline(56)) - Created pipeline Pipeline[ Id: de2e5f83-4b68-4e85-adcf-889ef0dfbaaa, Nodes: fe8e0c84-158f-427e-8307-4b533a2376d4{ip: 192.168.34.41, host: pr-hdds-2311-njw4j-1908075285, networkLocation: /default-rack, certSerialId: null}, Type:RATIS, Factor:ONE, State:OPEN]
2019-10-25 21:27:09,177 [Thread-191] INFO  impl.FollowerState (FollowerState.java:run(108)) - 1e09a021-a6d7-4a53-819d-98ce6b091a77@group-CA168699FDEB-FollowerState: change to CANDIDATE, lastRpcTime:95ms, electionTimeout:95ms
2019-10-25 21:27:09,178 [Thread-191] INFO  impl.RoleInfo (RoleInfo.java:shutdownFollowerState(121)) - 1e09a021-a6d7-4a53-819d-98ce6b091a77: shutdown FollowerState
2019-10-25 21:27:09,178 [Thread-191] INFO  impl.RaftServerImpl (RaftServerImpl.java:setRole(184)) - 1e09a021-a6d7-4a53-819d-98ce6b091a77@group-CA168699FDEB: changes role from  FOLLOWER to CANDIDATE at term 0 for changeToCandidate
2019-10-25 21:27:09,178 [Thread-191] INFO  impl.RoleInfo (RoleInfo.java:updateAndGet(143)) - 1e09a021-a6d7-4a53-819d-98ce6b091a77: start LeaderElection
2019-10-25 21:27:09,194 [1e09a021-a6d7-4a53-819d-98ce6b091a77@group-CA168699FDEB-LeaderElection2] INFO  impl.LeaderElection (LeaderElection.java:askForVotes(178)) - 1e09a021-a6d7-4a53-819d-98ce6b091a77@group-CA168699FDEB-LeaderElection2: begin an election at term 1 for -1: [1e09a021-a6d7-4a53-819d-98ce6b091a77:192.168.34.41:46402], old=null
2019-10-25 21:27:09,198 [1e09a021-a6d7-4a53-819d-98ce6b091a77@group-CA168699FDEB-LeaderElection2] INFO  impl.RoleInfo (RoleInfo.java:shutdownLeaderElection(134)) - 1e09a021-a6d7-4a53-819d-98ce6b091a77: shutdown LeaderElection
2019-10-25 21:27:09,199 [1e09a021-a6d7-4a53-819d-98ce6b091a77@group-CA168699FDEB-LeaderElection2] INFO  impl.RaftServerImpl (RaftServerImpl.java:setRole(184)) - 1e09a021-a6d7-4a53-819d-98ce6b091a77@group-CA168699FDEB: changes role from CANDIDATE to LEADER at term 1 for changeToLeader
2019-10-25 21:27:09,201 [1e09a021-a6d7-4a53-819d-98ce6b091a77@group-CA168699FDEB-LeaderElection2] INFO  impl.RaftServerImpl (ServerState.java:setLeader(256)) - 1e09a021-a6d7-4a53-819d-98ce6b091a77@group-CA168699FDEB: change Leader from null to 1e09a021-a6d7-4a53-819d-98ce6b091a77 at term 1 for becomeLeader, leader elected after 150ms
2019-10-25 21:27:09,201 [1e09a021-a6d7-4a53-819d-98ce6b091a77@group-CA168699FDEB-LeaderElection2] INFO  server.RaftServerConfigKeys (ConfUtils.java:logGet(43)) - raft.server.staging.catchup.gap = 1000 (default)
2019-10-25 21:27:09,202 [1e09a021-a6d7-4a53-819d-98ce6b091a77@group-CA168699FDEB-LeaderElection2] INFO  server.RaftServerConfigKeys (ConfUtils.java:logGet(43)) - raft.server.rpc.sleep.time = 25ms (default)
2019-10-25 21:27:09,204 [1e09a021-a6d7-4a53-819d-98ce6b091a77@group-CA168699FDEB-LeaderElection2] INFO  server.RaftServerConfigKeys (ConfUtils.java:logGet(43)) - raft.server.write.element-limit = 4096 (default)
2019-10-25 21:27:09,204 [1e09a021-a6d7-4a53-819d-98ce6b091a77@group-CA168699FDEB-LeaderElection2] INFO  server.RaftServerConfigKeys (ConfUtils.java:logGet(43)) - raft.server.watch.timeout = 10s (default)
2019-10-25 21:27:09,205 [1e09a021-a6d7-4a53-819d-98ce6b091a77@group-CA168699FDEB-LeaderElection2] INFO  server.RaftServerConfigKeys (ConfUtils.java:logGet(43)) - raft.server.watch.timeout.denomination = 1s (default)
2019-10-25 21:27:09,205 [1e09a021-a6d7-4a53-819d-98ce6b091a77@group-CA168699FDEB-LeaderElection2] INFO  server.RaftServerConfigKeys (ConfUtils.java:logGet(43)) - raft.server.watch.element-limit = 65536 (default)
2019-10-25 21:27:09,215 [grpc-default-executor-2] INFO  impl.RaftServerProxy (RaftServerProxy.java:addNew(89)) - fe8e0c84-158f-427e-8307-4b533a2376d4: addNew group-B007A63A5CCA:[1e09a021-a6d7-4a53-819d-98ce6b091a77:192.168.34.41:46402, b43dc2d2-5265-4a31-922b-3f50c0227a2c:192.168.34.41:35789, fe8e0c84-158f-427e-8307-4b533a2376d4:192.168.34.41:37955] returns group-B007A63A5CCA:java.util.concurrent.CompletableFuture@522c0352[Not completed]
2019-10-25 21:27:09,245 [1e09a021-a6d7-4a53-819d-98ce6b091a77@group-CA168699FDEB-LeaderElection2] INFO  impl.RoleInfo (RoleInfo.java:updateAndGet(143)) - 1e09a021-a6d7-4a53-819d-98ce6b091a77: start LeaderState
2019-10-25 21:27:09,245 [grpc-default-executor-2] INFO  impl.RaftServerProxy (RaftServerProxy.java:addNew(89)) - 1e09a021-a6d7-4a53-819d-98ce6b091a77: addNew group-B007A63A5CCA:[1e09a021-a6d7-4a53-819d-98ce6b091a77:192.168.34.41:46402, b43dc2d2-5265-4a31-922b-3f50c0227a2c:192.168.34.41:35789, fe8e0c84-158f-427e-8307-4b533a2376d4:192.168.34.41:37955] returns group-B007A63A5CCA:java.util.concurrent.CompletableFuture@6cc068cc[Not completed]
2019-10-25 21:27:09,245 [1e09a021-a6d7-4a53-819d-98ce6b091a77@group-CA168699FDEB-LeaderElection2] INFO  segmented.SegmentedRaftLogWorker (SegmentedRaftLogWorker.java:startLogSegment(385)) - 1e09a021-a6d7-4a53-819d-98ce6b091a77@group-CA168699FDEB-SegmentedRaftLogWorker: Starting segment from index:0
2019-10-25 21:27:09,246 [pool-47-thread-1] INFO  impl.RaftServerImpl (RaftServerImpl.java:<init>(104)) - fe8e0c84-158f-427e-8307-4b533a2376d4: new RaftServerImpl for group-B007A63A5CCA:[1e09a021-a6d7-4a53-819d-98ce6b091a77:192.168.34.41:46402, b43dc2d2-5265-4a31-922b-3f50c0227a2c:192.168.34.41:35789, fe8e0c84-158f-427e-8307-4b533a2376d4:192.168.34.41:37955] with ContainerStateMachine:uninitialized
2019-10-25 21:27:09,248 [pool-47-thread-1] INFO  server.RaftServerConfigKeys (ConfUtils.java:logGet(43)) - raft.server.rpc.timeout.min = 5s (custom)
2019-10-25 21:27:09,248 [pool-47-thread-1] INFO  server.RaftServerConfigKeys (ConfUtils.java:logGet(43)) - raft.server.rpc.timeout.max = 5200ms (custom)
2019-10-25 21:27:09,248 [1e09a021-a6d7-4a53-819d-98ce6b091a77@group-CA168699FDEB-LeaderElection2] INFO  impl.RaftServerImpl (ServerState.java:setRaftConf(357)) - 1e09a021-a6d7-4a53-819d-98ce6b091a77@group-CA168699FDEB: set configuration 0: [1e09a021-a6d7-4a53-819d-98ce6b091a77:192.168.34.41:46402], old=null at 0
2019-10-25 21:27:09,248 [pool-47-thread-1] INFO  server.RaftServerConfigKeys (ConfUtils.java:logGet(43)) - raft.server.rpcslowness.timeout = 1000s (custom)
2019-10-25 21:27:09,285 [b43dc2d2-5265-4a31-922b-3f50c0227a2c@group-F56BCD471088-SegmentedRaftLogWorker] INFO  segmented.SegmentedRaftLogWorker (SegmentedRaftLogWorker.java:execute(576)) - b43dc2d2-5265-4a31-922b-3f50c0227a2c@group-F56BCD471088-SegmentedRaftLogWorker: created new log segment /workdir/hadoop-ozone/integration-test/target/test-dir/MiniOzoneClusterImpl-92884b77-011c-4f6d-b986-a415730dccc4/datanode-0/data/ratis/148b056e-775e-40c0-96be-f56bcd471088/current/log_inprogress_0
2019-10-25 21:27:09,285 [main] INFO  ozone.MiniOzoneClusterImpl (MiniOzoneClusterImpl.java:lambda$waitForClusterToBeReady$0(147)) - Cluster is ready. Got 3 of 3 DN Heartbeats.
2019-10-25 21:27:09,286 [pool-37-thread-1] INFO  impl.RaftServerImpl (RaftServerImpl.java:<init>(104)) - 1e09a021-a6d7-4a53-819d-98ce6b091a77: new RaftServerImpl for group-B007A63A5CCA:[1e09a021-a6d7-4a53-819d-98ce6b091a77:192.168.34.41:46402, b43dc2d2-5265-4a31-922b-3f50c0227a2c:192.168.34.41:35789, fe8e0c84-158f-427e-8307-4b533a2376d4:192.168.34.41:37955] with ContainerStateMachine:uninitialized
2019-10-25 21:27:09,286 [pool-47-thread-1] INFO  server.RaftServerConfigKeys (ConfUtils.java:logGet(43)) - raft.server.sleep.deviation.threshold = 300 (default)
2019-10-25 21:27:09,288 [pool-37-thread-1] INFO  server.RaftServerConfigKeys (ConfUtils.java:logGet(43)) - raft.server.rpc.timeout.min = 5s (custom)
2019-10-25 21:27:09,288 [pool-47-thread-1] INFO  server.RaftServerConfigKeys (ConfUtils.java:logGet(43)) - raft.server.log.appender.install.snapshot.enabled = false (custom)
2019-10-25 21:27:09,288 [pool-37-thread-1] INFO  server.RaftServerConfigKeys (ConfUtils.java:logGet(43)) - raft.server.rpc.timeout.max = 5200ms (custom)
2019-10-25 21:27:09,288 [pool-47-thread-1] INFO  impl.RaftServerImpl (ServerState.java:<init>(103)) - fe8e0c84-158f-427e-8307-4b533a2376d4@group-B007A63A5CCA: ConfigurationManager, init=-1: [1e09a021-a6d7-4a53-819d-98ce6b091a77:192.168.34.41:46402, b43dc2d2-5265-4a31-922b-3f50c0227a2c:192.168.34.41:35789, fe8e0c84-158f-427e-8307-4b533a2376d4:192.168.34.41:37955], old=null, confs=<EMPTY_MAP>
2019-10-25 21:27:09,288 [pool-37-thread-1] INFO  server.RaftServerConfigKeys (ConfUtils.java:logGet(43)) - raft.server.rpcslowness.timeout = 1000s (custom)
2019-10-25 21:27:09,289 [pool-47-thread-1] INFO  server.RaftServerConfigKeys (ConfUtils.java:logGet(43)) - raft.server.storage.dir = [/workdir/hadoop-ozone/integration-test/target/test-dir/MiniOzoneClusterImpl-92884b77-011c-4f6d-b986-a415730dccc4/datanode-2/data/ratis] (custom)
2019-10-25 21:27:09,289 [pool-37-thread-1] INFO  server.RaftServerConfigKeys (ConfUtils.java:logGet(43)) - raft.server.sleep.deviation.threshold = 300 (default)
2019-10-25 21:27:09,289 [grpc-default-executor-2] INFO  impl.RaftServerProxy (RaftServerProxy.java:addNew(89)) - b43dc2d2-5265-4a31-922b-3f50c0227a2c: addNew group-B007A63A5CCA:[1e09a021-a6d7-4a53-819d-98ce6b091a77:192.168.34.41:46402, b43dc2d2-5265-4a31-922b-3f50c0227a2c:192.168.34.41:35789, fe8e0c84-158f-427e-8307-4b533a2376d4:192.168.34.41:37955] returns group-B007A63A5CCA:java.util.concurrent.CompletableFuture@2673d1d1[Not completed]
2019-10-25 21:27:09,289 [pool-47-thread-1] INFO  server.RaftServerConfigKeys (ConfUtils.java:logGet(43)) - raft.server.log.corruption.policy = EXCEPTION (default)
2019-10-25 21:27:09,289 [pool-37-thread-1] INFO  server.RaftServerConfigKeys (ConfUtils.java:logGet(43)) - raft.server.log.appender.install.snapshot.enabled = false (custom)
2019-10-25 21:27:09,290 [pool-47-thread-1] INFO  storage.RaftStorageDirectory (RaftStorageDirectory.java:analyzeStorage(246)) - The storage directory /workdir/hadoop-ozone/integration-test/target/test-dir/MiniOzoneClusterImpl-92884b77-011c-4f6d-b986-a415730dccc4/datanode-2/data/ratis/69397456-ee7f-4bbb-8423-b007a63a5cca does not exist. Creating ...
2019-10-25 21:27:09,290 [pool-37-thread-1] INFO  impl.RaftServerImpl (ServerState.java:<init>(103)) - 1e09a021-a6d7-4a53-819d-98ce6b091a77@group-B007A63A5CCA: ConfigurationManager, init=-1: [1e09a021-a6d7-4a53-819d-98ce6b091a77:192.168.34.41:46402, b43dc2d2-5265-4a31-922b-3f50c0227a2c:192.168.34.41:35789, fe8e0c84-158f-427e-8307-4b533a2376d4:192.168.34.41:37955], old=null, confs=<EMPTY_MAP>
2019-10-25 21:27:09,290 [pool-37-thread-1] INFO  server.RaftServerConfigKeys (ConfUtils.java:logGet(43)) - raft.server.storage.dir = [/workdir/hadoop-ozone/integration-test/target/test-dir/MiniOzoneClusterImpl-92884b77-011c-4f6d-b986-a415730dccc4/datanode-1/data/ratis] (custom)
2019-10-25 21:27:09,290 [pool-37-thread-1] INFO  server.RaftServerConfigKeys (ConfUtils.java:logGet(43)) - raft.server.log.corruption.policy = EXCEPTION (default)
2019-10-25 21:27:09,291 [pool-37-thread-1] INFO  storage.RaftStorageDirectory (RaftStorageDirectory.java:analyzeStorage(246)) - The storage directory /workdir/hadoop-ozone/integration-test/target/test-dir/MiniOzoneClusterImpl-92884b77-011c-4f6d-b986-a415730dccc4/datanode-1/data/ratis/69397456-ee7f-4bbb-8423-b007a63a5cca does not exist. Creating ...
2019-10-25 21:27:09,291 [pool-27-thread-1] INFO  impl.RaftServerImpl (RaftServerImpl.java:<init>(104)) - b43dc2d2-5265-4a31-922b-3f50c0227a2c: new RaftServerImpl for group-B007A63A5CCA:[1e09a021-a6d7-4a53-819d-98ce6b091a77:192.168.34.41:46402, b43dc2d2-5265-4a31-922b-3f50c0227a2c:192.168.34.41:35789, fe8e0c84-158f-427e-8307-4b533a2376d4:192.168.34.41:37955] with ContainerStateMachine:uninitialized
2019-10-25 21:27:09,291 [pool-27-thread-1] INFO  server.RaftServerConfigKeys (ConfUtils.java:logGet(43)) - raft.server.rpc.timeout.min = 5s (custom)
2019-10-25 21:27:09,291 [pool-27-thread-1] INFO  server.RaftServerConfigKeys (ConfUtils.java:logGet(43)) - raft.server.rpc.timeout.max = 5200ms (custom)
2019-10-25 21:27:09,292 [pool-27-thread-1] INFO  server.RaftServerConfigKeys (ConfUtils.java:logGet(43)) - raft.server.rpcslowness.timeout = 1000s (custom)
2019-10-25 21:27:09,292 [pool-27-thread-1] INFO  server.RaftServerConfigKeys (ConfUtils.java:logGet(43)) - raft.server.sleep.deviation.threshold = 300 (default)
2019-10-25 21:27:09,292 [pool-27-thread-1] INFO  server.RaftServerConfigKeys (ConfUtils.java:logGet(43)) - raft.server.log.appender.install.snapshot.enabled = false (custom)
2019-10-25 21:27:09,292 [pool-27-thread-1] INFO  impl.RaftServerImpl (ServerState.java:<init>(103)) - b43dc2d2-5265-4a31-922b-3f50c0227a2c@group-B007A63A5CCA: ConfigurationManager, init=-1: [1e09a021-a6d7-4a53-819d-98ce6b091a77:192.168.34.41:46402, b43dc2d2-5265-4a31-922b-3f50c0227a2c:192.168.34.41:35789, fe8e0c84-158f-427e-8307-4b533a2376d4:192.168.34.41:37955], old=null, confs=<EMPTY_MAP>
2019-10-25 21:27:09,292 [pool-27-thread-1] INFO  server.RaftServerConfigKeys (ConfUtils.java:logGet(43)) - raft.server.storage.dir = [/workdir/hadoop-ozone/integration-test/target/test-dir/MiniOzoneClusterImpl-92884b77-011c-4f6d-b986-a415730dccc4/datanode-0/data/ratis] (custom)
2019-10-25 21:27:09,293 [pool-27-thread-1] INFO  server.RaftServerConfigKeys (ConfUtils.java:logGet(43)) - raft.server.log.corruption.policy = EXCEPTION (default)
2019-10-25 21:27:09,293 [pool-27-thread-1] INFO  storage.RaftStorageDirectory (RaftStorageDirectory.java:analyzeStorage(246)) - The storage directory /workdir/hadoop-ozone/integration-test/target/test-dir/MiniOzoneClusterImpl-92884b77-011c-4f6d-b986-a415730dccc4/datanode-0/data/ratis/69397456-ee7f-4bbb-8423-b007a63a5cca does not exist. Creating ...
2019-10-25 21:27:09,295 [pool-47-thread-1] INFO  storage.RaftStorageDirectory (RaftStorageDirectory.java:tryLock(328)) - Lock on /workdir/hadoop-ozone/integration-test/target/test-dir/MiniOzoneClusterImpl-92884b77-011c-4f6d-b986-a415730dccc4/datanode-2/data/ratis/69397456-ee7f-4bbb-8423-b007a63a5cca/in_use.lock acquired by nodename 18419@pr-hdds-2311-njw4j-1908075285
2019-10-25 21:27:09,295 [1e09a021-a6d7-4a53-819d-98ce6b091a77@group-CA168699FDEB-SegmentedRaftLogWorker] INFO  segmented.SegmentedRaftLogWorker (SegmentedRaftLogWorker.java:execute(576)) - 1e09a021-a6d7-4a53-819d-98ce6b091a77@group-CA168699FDEB-SegmentedRaftLogWorker: created new log segment /workdir/hadoop-ozone/integration-test/target/test-dir/MiniOzoneClusterImpl-92884b77-011c-4f6d-b986-a415730dccc4/datanode-1/data/ratis/613882b3-c627-462f-bcb7-ca168699fdeb/current/log_inprogress_0
2019-10-25 21:27:09,295 [pool-37-thread-1] INFO  storage.RaftStorageDirectory (RaftStorageDirectory.java:tryLock(328)) - Lock on /workdir/hadoop-ozone/integration-test/target/test-dir/MiniOzoneClusterImpl-92884b77-011c-4f6d-b986-a415730dccc4/datanode-1/data/ratis/69397456-ee7f-4bbb-8423-b007a63a5cca/in_use.lock acquired by nodename 18419@pr-hdds-2311-njw4j-1908075285
2019-10-25 21:27:09,297 [pool-27-thread-1] INFO  storage.RaftStorageDirectory (RaftStorageDirectory.java:tryLock(328)) - Lock on /workdir/hadoop-ozone/integration-test/target/test-dir/MiniOzoneClusterImpl-92884b77-011c-4f6d-b986-a415730dccc4/datanode-0/data/ratis/69397456-ee7f-4bbb-8423-b007a63a5cca/in_use.lock acquired by nodename 18419@pr-hdds-2311-njw4j-1908075285
2019-10-25 21:27:09,302 [pool-47-thread-1] INFO  storage.RaftStorage (RaftStorage.java:format(84)) - Storage directory /workdir/hadoop-ozone/integration-test/target/test-dir/MiniOzoneClusterImpl-92884b77-011c-4f6d-b986-a415730dccc4/datanode-2/data/ratis/69397456-ee7f-4bbb-8423-b007a63a5cca has been successfully formatted.
2019-10-25 21:27:09,302 [pool-37-thread-1] INFO  storage.RaftStorage (RaftStorage.java:format(84)) - Storage directory /workdir/hadoop-ozone/integration-test/target/test-dir/MiniOzoneClusterImpl-92884b77-011c-4f6d-b986-a415730dccc4/datanode-1/data/ratis/69397456-ee7f-4bbb-8423-b007a63a5cca has been successfully formatted.
2019-10-25 21:27:09,303 [pool-47-thread-1] INFO  ratis.ContainerStateMachine (ContainerStateMachine.java:loadSnapshot(231)) - group-B007A63A5CCA: The snapshot info is null. Setting the last applied indexto:(t:0, i:~)
2019-10-25 21:27:09,303 [pool-37-thread-1] INFO  ratis.ContainerStateMachine (ContainerStateMachine.java:loadSnapshot(231)) - group-B007A63A5CCA: The snapshot info is null. Setting the last applied indexto:(t:0, i:~)
2019-10-25 21:27:09,303 [pool-47-thread-1] INFO  server.RaftServerConfigKeys (ConfUtils.java:logGet(43)) - raft.server.notification.no-leader.timeout = 1000s (custom)
2019-10-25 21:27:09,303 [pool-37-thread-1] INFO  server.RaftServerConfigKeys (ConfUtils.java:logGet(43)) - raft.server.notification.no-leader.timeout = 1000s (custom)
2019-10-25 21:27:09,303 [pool-47-thread-1] INFO  server.RaftServerConfigKeys (ConfUtils.java:logGet(43)) - raft.server.log.use.memory = false (default)
2019-10-25 21:27:09,303 [pool-37-thread-1] INFO  server.RaftServerConfigKeys (ConfUtils.java:logGet(43)) - raft.server.log.use.memory = false (default)
2019-10-25 21:27:09,304 [pool-47-thread-1] INFO  server.RaftServerConfigKeys (ConfUtils.java:logGet(43)) - raft.server.log.purge.gap = 1000000 (custom)
2019-10-25 21:27:09,304 [pool-37-thread-1] INFO  server.RaftServerConfigKeys (ConfUtils.java:logGet(43)) - raft.server.log.purge.gap = 1000000 (custom)
2019-10-25 21:27:09,304 [pool-47-thread-1] INFO  server.RaftServerConfigKeys (ConfUtils.java:logGet(43)) - raft.server.log.appender.buffer.byte-limit = 33554432 (custom)
2019-10-25 21:27:09,304 [pool-37-thread-1] INFO  server.RaftServerConfigKeys (ConfUtils.java:logGet(43)) - raft.server.log.appender.buffer.byte-limit = 33554432 (custom)
2019-10-25 21:27:09,304 [pool-47-thread-1] INFO  server.RaftServerConfigKeys (ConfUtils.java:logGet(43)) - raft.server.log.segment.size.max = 1048576 (custom)
2019-10-25 21:27:09,304 [pool-37-thread-1] INFO  server.RaftServerConfigKeys (ConfUtils.java:logGet(43)) - raft.server.log.segment.size.max = 1048576 (custom)
2019-10-25 21:27:09,304 [pool-47-thread-1] INFO  server.RaftServerConfigKeys (ConfUtils.java:logGet(43)) - raft.server.log.segment.cache.num.max = 2 (custom)
2019-10-25 21:27:09,305 [pool-37-thread-1] INFO  server.RaftServerConfigKeys (ConfUtils.java:logGet(43)) - raft.server.log.segment.cache.num.max = 2 (custom)
2019-10-25 21:27:09,305 [pool-47-thread-1] INFO  segmented.SegmentedRaftLogWorker (SegmentedRaftLogWorker.java:<init>(173)) - new fe8e0c84-158f-427e-8307-4b533a2376d4@group-B007A63A5CCA-SegmentedRaftLogWorker for RaftStorage:Storage Directory /workdir/hadoop-ozone/integration-test/target/test-dir/MiniOzoneClusterImpl-92884b77-011c-4f6d-b986-a415730dccc4/datanode-2/data/ratis/69397456-ee7f-4bbb-8423-b007a63a5cca
2019-10-25 21:27:09,305 [pool-37-thread-1] INFO  segmented.SegmentedRaftLogWorker (SegmentedRaftLogWorker.java:<init>(173)) - new 1e09a021-a6d7-4a53-819d-98ce6b091a77@group-B007A63A5CCA-SegmentedRaftLogWorker for RaftStorage:Storage Directory /workdir/hadoop-ozone/integration-test/target/test-dir/MiniOzoneClusterImpl-92884b77-011c-4f6d-b986-a415730dccc4/datanode-1/data/ratis/69397456-ee7f-4bbb-8423-b007a63a5cca
2019-10-25 21:27:09,305 [pool-47-thread-1] INFO  server.RaftServerConfigKeys (ConfUtils.java:logGet(43)) - raft.server.log.queue.byte-limit = 2147483647 (custom)
2019-10-25 21:27:09,305 [pool-37-thread-1] INFO  server.RaftServerConfigKeys (ConfUtils.java:logGet(43)) - raft.server.log.queue.byte-limit = 2147483647 (custom)
2019-10-25 21:27:09,305 [pool-47-thread-1] INFO  server.RaftServerConfigKeys (ConfUtils.java:logGet(43)) - raft.server.log.queue.element-limit = 1024 (custom)
2019-10-25 21:27:09,306 [pool-37-thread-1] INFO  server.RaftServerConfigKeys (ConfUtils.java:logGet(43)) - raft.server.log.queue.element-limit = 1024 (custom)
2019-10-25 21:27:09,306 [pool-47-thread-1] INFO  server.RaftServerConfigKeys (ConfUtils.java:logGet(43)) - raft.server.log.segment.size.max = 1048576 (custom)
2019-10-25 21:27:09,306 [pool-37-thread-1] INFO  server.RaftServerConfigKeys (ConfUtils.java:logGet(43)) - raft.server.log.segment.size.max = 1048576 (custom)
2019-10-25 21:27:09,306 [pool-47-thread-1] INFO  server.RaftServerConfigKeys (ConfUtils.java:logGet(43)) - raft.server.log.preallocated.size = 16384 (custom)
2019-10-25 21:27:09,306 [pool-37-thread-1] INFO  server.RaftServerConfigKeys (ConfUtils.java:logGet(43)) - raft.server.log.preallocated.size = 16384 (custom)
2019-10-25 21:27:09,306 [pool-47-thread-1] INFO  server.RaftServerConfigKeys (ConfUtils.java:logGet(43)) - raft.server.log.write.buffer.size = 33554432 (custom)
2019-10-25 21:27:09,306 [pool-37-thread-1] INFO  server.RaftServerConfigKeys (ConfUtils.java:logGet(43)) - raft.server.log.write.buffer.size = 33554432 (custom)
2019-10-25 21:27:09,307 [pool-47-thread-1] INFO  server.RaftServerConfigKeys (ConfUtils.java:logGet(43)) - raft.server.log.force.sync.num = 128 (default)
2019-10-25 21:27:09,307 [pool-37-thread-1] INFO  server.RaftServerConfigKeys (ConfUtils.java:logGet(43)) - raft.server.log.force.sync.num = 128 (default)
2019-10-25 21:27:09,307 [pool-47-thread-1] INFO  server.RaftServerConfigKeys (ConfUtils.java:logGet(43)) - raft.server.log.statemachine.data.sync = true (default)
2019-10-25 21:27:09,307 [pool-37-thread-1] INFO  server.RaftServerConfigKeys (ConfUtils.java:logGet(43)) - raft.server.log.statemachine.data.sync = true (default)
2019-10-25 21:27:09,307 [pool-47-thread-1] INFO  server.RaftServerConfigKeys (ConfUtils.java:logGet(43)) - raft.server.log.statemachine.data.sync.timeout = 10s (default)
2019-10-25 21:27:09,307 [pool-37-thread-1] INFO  server.RaftServerConfigKeys (ConfUtils.java:logGet(43)) - raft.server.log.statemachine.data.sync.timeout = 10s (default)
2019-10-25 21:27:09,307 [pool-47-thread-1] INFO  server.RaftServerConfigKeys (ConfUtils.java:logGet(43)) - raft.server.log.statemachine.data.sync.timeout.retry = -1 (default)
2019-10-25 21:27:09,308 [pool-37-thread-1] INFO  server.RaftServerConfigKeys (ConfUtils.java:logGet(43)) - raft.server.log.statemachine.data.sync.timeout.retry = -1 (default)
2019-10-25 21:27:09,308 [pool-47-thread-1] INFO  server.RaftServerConfigKeys (ConfUtils.java:logGet(43)) - raft.server.log.statemachine.data.caching.enabled = true (custom)
2019-10-25 21:27:09,308 [pool-37-thread-1] INFO  server.RaftServerConfigKeys (ConfUtils.java:logGet(43)) - raft.server.log.statemachine.data.caching.enabled = true (custom)
2019-10-25 21:27:09,308 [pool-47-thread-1] INFO  segmented.SegmentedRaftLogWorker (SegmentedRaftLogWorker.java:lambda$new$0(128)) - fe8e0c84-158f-427e-8307-4b533a2376d4@group-B007A63A5CCA-SegmentedRaftLogWorker: flushIndex: setUnconditionally 0 -> -1
2019-10-25 21:27:09,308 [pool-37-thread-1] INFO  segmented.SegmentedRaftLogWorker (SegmentedRaftLogWorker.java:lambda$new$0(128)) - 1e09a021-a6d7-4a53-819d-98ce6b091a77@group-B007A63A5CCA-SegmentedRaftLogWorker: flushIndex: setUnconditionally 0 -> -1
2019-10-25 21:27:09,309 [pool-47-thread-1] INFO  server.RaftServerConfigKeys (ConfUtils.java:logGet(43)) - raft.server.snapshot.auto.trigger.enabled = true (custom)
2019-10-25 21:27:09,309 [pool-37-thread-1] INFO  server.RaftServerConfigKeys (ConfUtils.java:logGet(43)) - raft.server.snapshot.auto.trigger.enabled = true (custom)
2019-10-25 21:27:09,309 [pool-47-thread-1] INFO  server.RaftServerConfigKeys (ConfUtils.java:logGet(43)) - raft.server.snapshot.auto.trigger.threshold = 10000 (custom)
2019-10-25 21:27:09,309 [pool-37-thread-1] INFO  server.RaftServerConfigKeys (ConfUtils.java:logGet(43)) - raft.server.snapshot.auto.trigger.threshold = 10000 (custom)
2019-10-25 21:27:09,309 [pool-47-thread-1] INFO  server.RaftServerConfigKeys (ConfUtils.java:logGet(43)) - raft.server.snapshot.retention.file.num = 5 (custom)
2019-10-25 21:27:09,309 [pool-37-thread-1] INFO  server.RaftServerConfigKeys (ConfUtils.java:logGet(43)) - raft.server.snapshot.retention.file.num = 5 (custom)
2019-10-25 21:27:09,310 [pool-47-thread-1] INFO  server.RaftServerConfigKeys (ConfUtils.java:logGet(43)) - raft.server.retrycache.expirytime = 600000ms (custom)
2019-10-25 21:27:09,310 [pool-37-thread-1] INFO  server.RaftServerConfigKeys (ConfUtils.java:logGet(43)) - raft.server.retrycache.expirytime = 600000ms (custom)
2019-10-25 21:27:09,313 [pool-27-thread-1] INFO  storage.RaftStorage (RaftStorage.java:format(84)) - Storage directory /workdir/hadoop-ozone/integration-test/target/test-dir/MiniOzoneClusterImpl-92884b77-011c-4f6d-b986-a415730dccc4/datanode-0/data/ratis/69397456-ee7f-4bbb-8423-b007a63a5cca has been successfully formatted.
2019-10-25 21:27:09,313 [pool-27-thread-1] INFO  ratis.ContainerStateMachine (ContainerStateMachine.java:loadSnapshot(231)) - group-B007A63A5CCA: The snapshot info is null. Setting the last applied indexto:(t:0, i:~)
2019-10-25 21:27:09,314 [pool-27-thread-1] INFO  server.RaftServerConfigKeys (ConfUtils.java:logGet(43)) - raft.server.notification.no-leader.timeout = 1000s (custom)
2019-10-25 21:27:09,314 [pool-27-thread-1] INFO  server.RaftServerConfigKeys (ConfUtils.java:logGet(43)) - raft.server.log.use.memory = false (default)
2019-10-25 21:27:09,314 [pool-47-thread-1] INFO  impl.RaftServerImpl (RaftServerImpl.java:start(195)) - fe8e0c84-158f-427e-8307-4b533a2376d4@group-B007A63A5CCA: start as a follower, conf=-1: [1e09a021-a6d7-4a53-819d-98ce6b091a77:192.168.34.41:46402, b43dc2d2-5265-4a31-922b-3f50c0227a2c:192.168.34.41:35789, fe8e0c84-158f-427e-8307-4b533a2376d4:192.168.34.41:37955], old=null
2019-10-25 21:27:09,314 [pool-27-thread-1] INFO  server.RaftServerConfigKeys (ConfUtils.java:logGet(43)) - raft.server.log.purge.gap = 1000000 (custom)
2019-10-25 21:27:09,314 [pool-37-thread-1] INFO  impl.RaftServerImpl (RaftServerImpl.java:start(195)) - 1e09a021-a6d7-4a53-819d-98ce6b091a77@group-B007A63A5CCA: start as a follower, conf=-1: [1e09a021-a6d7-4a53-819d-98ce6b091a77:192.168.34.41:46402, b43dc2d2-5265-4a31-922b-3f50c0227a2c:192.168.34.41:35789, fe8e0c84-158f-427e-8307-4b533a2376d4:192.168.34.41:37955], old=null
2019-10-25 21:27:09,314 [pool-27-thread-1] INFO  server.RaftServerConfigKeys (ConfUtils.java:logGet(43)) - raft.server.log.appender.buffer.byte-limit = 33554432 (custom)
2019-10-25 21:27:09,314 [pool-47-thread-1] INFO  impl.RaftServerImpl (RaftServerImpl.java:setRole(184)) - fe8e0c84-158f-427e-8307-4b533a2376d4@group-B007A63A5CCA: changes role from      null to FOLLOWER at term 0 for startAsFollower
2019-10-25 21:27:09,314 [pool-27-thread-1] INFO  server.RaftServerConfigKeys (ConfUtils.java:logGet(43)) - raft.server.log.segment.size.max = 1048576 (custom)
2019-10-25 21:27:09,315 [pool-47-thread-1] INFO  impl.RoleInfo (RoleInfo.java:updateAndGet(143)) - fe8e0c84-158f-427e-8307-4b533a2376d4: start FollowerState
2019-10-25 21:27:09,314 [pool-37-thread-1] INFO  impl.RaftServerImpl (RaftServerImpl.java:setRole(184)) - 1e09a021-a6d7-4a53-819d-98ce6b091a77@group-B007A63A5CCA: changes role from      null to FOLLOWER at term 0 for startAsFollower
2019-10-25 21:27:09,315 [pool-27-thread-1] INFO  server.RaftServerConfigKeys (ConfUtils.java:logGet(43)) - raft.server.log.segment.cache.num.max = 2 (custom)
2019-10-25 21:27:09,315 [pool-37-thread-1] INFO  impl.RoleInfo (RoleInfo.java:updateAndGet(143)) - 1e09a021-a6d7-4a53-819d-98ce6b091a77: start FollowerState
2019-10-25 21:27:09,315 [pool-27-thread-1] INFO  segmented.SegmentedRaftLogWorker (SegmentedRaftLogWorker.java:<init>(173)) - new b43dc2d2-5265-4a31-922b-3f50c0227a2c@group-B007A63A5CCA-SegmentedRaftLogWorker for RaftStorage:Storage Directory /workdir/hadoop-ozone/integration-test/target/test-dir/MiniOzoneClusterImpl-92884b77-011c-4f6d-b986-a415730dccc4/datanode-0/data/ratis/69397456-ee7f-4bbb-8423-b007a63a5cca
2019-10-25 21:27:09,315 [pool-47-thread-1] INFO  util.JmxRegister (JmxRegister.java:tryRegister(44)) - Successfully registered JMX Bean with object name Ratis:service=RaftServer,group=group-B007A63A5CCA,id=fe8e0c84-158f-427e-8307-4b533a2376d4
2019-10-25 21:27:09,315 [pool-27-thread-1] INFO  server.RaftServerConfigKeys (ConfUtils.java:logGet(43)) - raft.server.log.queue.byte-limit = 2147483647 (custom)
2019-10-25 21:27:09,315 [pool-37-thread-1] INFO  util.JmxRegister (JmxRegister.java:tryRegister(44)) - Successfully registered JMX Bean with object name Ratis:service=RaftServer,group=group-B007A63A5CCA,id=1e09a021-a6d7-4a53-819d-98ce6b091a77
2019-10-25 21:27:09,316 [pool-27-thread-1] INFO  server.RaftServerConfigKeys (ConfUtils.java:logGet(43)) - raft.server.log.queue.element-limit = 1024 (custom)
2019-10-25 21:27:09,316 [pool-27-thread-1] INFO  server.RaftServerConfigKeys (ConfUtils.java:logGet(43)) - raft.server.log.segment.size.max = 1048576 (custom)
2019-10-25 21:27:09,316 [pool-27-thread-1] INFO  server.RaftServerConfigKeys (ConfUtils.java:logGet(43)) - raft.server.log.preallocated.size = 16384 (custom)
2019-10-25 21:27:09,316 [pool-27-thread-1] INFO  server.RaftServerConfigKeys (ConfUtils.java:logGet(43)) - raft.server.log.write.buffer.size = 33554432 (custom)
2019-10-25 21:27:09,317 [pool-27-thread-1] INFO  server.RaftServerConfigKeys (ConfUtils.java:logGet(43)) - raft.server.log.force.sync.num = 128 (default)
2019-10-25 21:27:09,317 [pool-27-thread-1] INFO  server.RaftServerConfigKeys (ConfUtils.java:logGet(43)) - raft.server.log.statemachine.data.sync = true (default)
2019-10-25 21:27:09,317 [pool-27-thread-1] INFO  server.RaftServerConfigKeys (ConfUtils.java:logGet(43)) - raft.server.log.statemachine.data.sync.timeout = 10s (default)
2019-10-25 21:27:09,317 [pool-27-thread-1] INFO  server.RaftServerConfigKeys (ConfUtils.java:logGet(43)) - raft.server.log.statemachine.data.sync.timeout.retry = -1 (default)
2019-10-25 21:27:09,317 [pool-27-thread-1] INFO  server.RaftServerConfigKeys (ConfUtils.java:logGet(43)) - raft.server.log.statemachine.data.caching.enabled = true (custom)
2019-10-25 21:27:09,318 [pool-27-thread-1] INFO  segmented.SegmentedRaftLogWorker (SegmentedRaftLogWorker.java:lambda$new$0(128)) - b43dc2d2-5265-4a31-922b-3f50c0227a2c@group-B007A63A5CCA-SegmentedRaftLogWorker: flushIndex: setUnconditionally 0 -> -1
2019-10-25 21:27:09,318 [pool-27-thread-1] INFO  server.RaftServerConfigKeys (ConfUtils.java:logGet(43)) - raft.server.snapshot.auto.trigger.enabled = true (custom)
2019-10-25 21:27:09,318 [pool-27-thread-1] INFO  server.RaftServerConfigKeys (ConfUtils.java:logGet(43)) - raft.server.snapshot.auto.trigger.threshold = 10000 (custom)
2019-10-25 21:27:09,318 [pool-27-thread-1] INFO  server.RaftServerConfigKeys (ConfUtils.java:logGet(43)) - raft.server.snapshot.retention.file.num = 5 (custom)
2019-10-25 21:27:09,318 [pool-27-thread-1] INFO  server.RaftServerConfigKeys (ConfUtils.java:logGet(43)) - raft.server.retrycache.expirytime = 600000ms (custom)
2019-10-25 21:27:09,325 [pool-27-thread-1] INFO  impl.RaftServerImpl (RaftServerImpl.java:start(195)) - b43dc2d2-5265-4a31-922b-3f50c0227a2c@group-B007A63A5CCA: start as a follower, conf=-1: [1e09a021-a6d7-4a53-819d-98ce6b091a77:192.168.34.41:46402, b43dc2d2-5265-4a31-922b-3f50c0227a2c:192.168.34.41:35789, fe8e0c84-158f-427e-8307-4b533a2376d4:192.168.34.41:37955], old=null
2019-10-25 21:27:09,325 [pool-27-thread-1] INFO  impl.RaftServerImpl (RaftServerImpl.java:setRole(184)) - b43dc2d2-5265-4a31-922b-3f50c0227a2c@group-B007A63A5CCA: changes role from      null to FOLLOWER at term 0 for startAsFollower
2019-10-25 21:27:09,326 [pool-27-thread-1] INFO  impl.RoleInfo (RoleInfo.java:updateAndGet(143)) - b43dc2d2-5265-4a31-922b-3f50c0227a2c: start FollowerState
2019-10-25 21:27:09,327 [pool-27-thread-1] INFO  util.JmxRegister (JmxRegister.java:tryRegister(44)) - Successfully registered JMX Bean with object name Ratis:service=RaftServer,group=group-B007A63A5CCA,id=b43dc2d2-5265-4a31-922b-3f50c0227a2c
2019-10-25 21:27:09,342 [RatisPipelineUtilsThread] INFO  pipeline.PipelineStateManager (PipelineStateManager.java:addPipeline(56)) - Created pipeline Pipeline[ Id: 69397456-ee7f-4bbb-8423-b007a63a5cca, Nodes: 1e09a021-a6d7-4a53-819d-98ce6b091a77{ip: 192.168.34.41, host: pr-hdds-2311-njw4j-1908075285, networkLocation: /default-rack, certSerialId: null}fe8e0c84-158f-427e-8307-4b533a2376d4{ip: 192.168.34.41, host: pr-hdds-2311-njw4j-1908075285, networkLocation: /default-rack, certSerialId: null}b43dc2d2-5265-4a31-922b-3f50c0227a2c{ip: 192.168.34.41, host: pr-hdds-2311-njw4j-1908075285, networkLocation: /default-rack, certSerialId: null}, Type:RATIS, Factor:THREE, State:OPEN]
2019-10-25 21:27:09,344 [Thread-194] INFO  impl.FollowerState (FollowerState.java:run(108)) - fe8e0c84-158f-427e-8307-4b533a2376d4@group-889EF0DFBAAA-FollowerState: change to CANDIDATE, lastRpcTime:180ms, electionTimeout:180ms
2019-10-25 21:27:09,344 [Thread-194] INFO  impl.RoleInfo (RoleInfo.java:shutdownFollowerState(121)) - fe8e0c84-158f-427e-8307-4b533a2376d4: shutdown FollowerState
2019-10-25 21:27:09,344 [Thread-194] INFO  impl.RaftServerImpl (RaftServerImpl.java:setRole(184)) - fe8e0c84-158f-427e-8307-4b533a2376d4@group-889EF0DFBAAA: changes role from  FOLLOWER to CANDIDATE at term 0 for changeToCandidate
2019-10-25 21:27:09,344 [Thread-194] INFO  impl.RoleInfo (RoleInfo.java:updateAndGet(143)) - fe8e0c84-158f-427e-8307-4b533a2376d4: start LeaderElection
2019-10-25 21:27:09,360 [fe8e0c84-158f-427e-8307-4b533a2376d4@group-889EF0DFBAAA-LeaderElection3] INFO  impl.LeaderElection (LeaderElection.java:askForVotes(178)) - fe8e0c84-158f-427e-8307-4b533a2376d4@group-889EF0DFBAAA-LeaderElection3: begin an election at term 1 for -1: [fe8e0c84-158f-427e-8307-4b533a2376d4:192.168.34.41:37955], old=null
2019-10-25 21:27:09,362 [fe8e0c84-158f-427e-8307-4b533a2376d4@group-889EF0DFBAAA-LeaderElection3] INFO  impl.RoleInfo (RoleInfo.java:shutdownLeaderElection(134)) - fe8e0c84-158f-427e-8307-4b533a2376d4: shutdown LeaderElection
2019-10-25 21:27:09,362 [fe8e0c84-158f-427e-8307-4b533a2376d4@group-889EF0DFBAAA-LeaderElection3] INFO  impl.RaftServerImpl (RaftServerImpl.java:setRole(184)) - fe8e0c84-158f-427e-8307-4b533a2376d4@group-889EF0DFBAAA: changes role from CANDIDATE to LEADER at term 1 for changeToLeader
2019-10-25 21:27:09,362 [fe8e0c84-158f-427e-8307-4b533a2376d4@group-889EF0DFBAAA-LeaderElection3] INFO  impl.RaftServerImpl (ServerState.java:setLeader(256)) - fe8e0c84-158f-427e-8307-4b533a2376d4@group-889EF0DFBAAA: change Leader from null to fe8e0c84-158f-427e-8307-4b533a2376d4 at term 1 for becomeLeader, leader elected after 211ms
2019-10-25 21:27:09,362 [fe8e0c84-158f-427e-8307-4b533a2376d4@group-889EF0DFBAAA-LeaderElection3] INFO  server.RaftServerConfigKeys (ConfUtils.java:logGet(43)) - raft.server.staging.catchup.gap = 1000 (default)
2019-10-25 21:27:09,363 [fe8e0c84-158f-427e-8307-4b533a2376d4@group-889EF0DFBAAA-LeaderElection3] INFO  server.RaftServerConfigKeys (ConfUtils.java:logGet(43)) - raft.server.rpc.sleep.time = 25ms (default)
2019-10-25 21:27:09,363 [fe8e0c84-158f-427e-8307-4b533a2376d4@group-889EF0DFBAAA-LeaderElection3] INFO  server.RaftServerConfigKeys (ConfUtils.java:logGet(43)) - raft.server.write.element-limit = 4096 (default)
2019-10-25 21:27:09,363 [fe8e0c84-158f-427e-8307-4b533a2376d4@group-889EF0DFBAAA-LeaderElection3] INFO  server.RaftServerConfigKeys (ConfUtils.java:logGet(43)) - raft.server.watch.timeout = 10s (default)
2019-10-25 21:27:09,363 [fe8e0c84-158f-427e-8307-4b533a2376d4@group-889EF0DFBAAA-LeaderElection3] INFO  server.RaftServerConfigKeys (ConfUtils.java:logGet(43)) - raft.server.watch.timeout.denomination = 1s (default)
2019-10-25 21:27:09,363 [fe8e0c84-158f-427e-8307-4b533a2376d4@group-889EF0DFBAAA-LeaderElection3] INFO  server.RaftServerConfigKeys (ConfUtils.java:logGet(43)) - raft.server.watch.element-limit = 65536 (default)
2019-10-25 21:27:09,366 [fe8e0c84-158f-427e-8307-4b533a2376d4@group-889EF0DFBAAA-LeaderElection3] INFO  impl.RoleInfo (RoleInfo.java:updateAndGet(143)) - fe8e0c84-158f-427e-8307-4b533a2376d4: start LeaderState
2019-10-25 21:27:09,366 [fe8e0c84-158f-427e-8307-4b533a2376d4@group-889EF0DFBAAA-LeaderElection3] INFO  segmented.SegmentedRaftLogWorker (SegmentedRaftLogWorker.java:startLogSegment(385)) - fe8e0c84-158f-427e-8307-4b533a2376d4@group-889EF0DFBAAA-SegmentedRaftLogWorker: Starting segment from index:0
2019-10-25 21:27:09,367 [fe8e0c84-158f-427e-8307-4b533a2376d4@group-889EF0DFBAAA-LeaderElection3] INFO  impl.RaftServerImpl (ServerState.java:setRaftConf(357)) - fe8e0c84-158f-427e-8307-4b533a2376d4@group-889EF0DFBAAA: set configuration 0: [fe8e0c84-158f-427e-8307-4b533a2376d4:192.168.34.41:37955], old=null at 0
2019-10-25 21:27:09,396 [Thread-200] INFO  impl.FollowerState (FollowerState.java:run(108)) - fe8e0c84-158f-427e-8307-4b533a2376d4@group-B007A63A5CCA-FollowerState: change to CANDIDATE, lastRpcTime:81ms, electionTimeout:56ms
2019-10-25 21:27:09,397 [Thread-200] INFO  impl.RoleInfo (RoleInfo.java:shutdownFollowerState(121)) - fe8e0c84-158f-427e-8307-4b533a2376d4: shutdown FollowerState
2019-10-25 21:27:09,397 [Thread-200] INFO  impl.RaftServerImpl (RaftServerImpl.java:setRole(184)) - fe8e0c84-158f-427e-8307-4b533a2376d4@group-B007A63A5CCA: changes role from  FOLLOWER to CANDIDATE at term 0 for changeToCandidate
2019-10-25 21:27:09,397 [Thread-200] INFO  impl.RoleInfo (RoleInfo.java:updateAndGet(143)) - fe8e0c84-158f-427e-8307-4b533a2376d4: start LeaderElection
2019-10-25 21:27:09,420 [fe8e0c84-158f-427e-8307-4b533a2376d4@group-889EF0DFBAAA-SegmentedRaftLogWorker] INFO  segmented.SegmentedRaftLogWorker (SegmentedRaftLogWorker.java:execute(576)) - fe8e0c84-158f-427e-8307-4b533a2376d4@group-889EF0DFBAAA-SegmentedRaftLogWorker: created new log segment /workdir/hadoop-ozone/integration-test/target/test-dir/MiniOzoneClusterImpl-92884b77-011c-4f6d-b986-a415730dccc4/datanode-2/data/ratis/de2e5f83-4b68-4e85-adcf-889ef0dfbaaa/current/log_inprogress_0
2019-10-25 21:27:09,420 [fe8e0c84-158f-427e-8307-4b533a2376d4@group-B007A63A5CCA-LeaderElection4] INFO  impl.LeaderElection (LeaderElection.java:askForVotes(178)) - fe8e0c84-158f-427e-8307-4b533a2376d4@group-B007A63A5CCA-LeaderElection4: begin an election at term 1 for -1: [1e09a021-a6d7-4a53-819d-98ce6b091a77:192.168.34.41:46402, b43dc2d2-5265-4a31-922b-3f50c0227a2c:192.168.34.41:35789, fe8e0c84-158f-427e-8307-4b533a2376d4:192.168.34.41:37955], old=null
2019-10-25 21:27:09,448 [Thread-201] INFO  impl.FollowerState (FollowerState.java:run(108)) - 1e09a021-a6d7-4a53-819d-98ce6b091a77@group-B007A63A5CCA-FollowerState: change to CANDIDATE, lastRpcTime:133ms, electionTimeout:132ms
2019-10-25 21:27:09,448 [Thread-201] INFO  impl.RoleInfo (RoleInfo.java:shutdownFollowerState(121)) - 1e09a021-a6d7-4a53-819d-98ce6b091a77: shutdown FollowerState
2019-10-25 21:27:09,448 [Thread-201] INFO  impl.RaftServerImpl (RaftServerImpl.java:setRole(184)) - 1e09a021-a6d7-4a53-819d-98ce6b091a77@group-B007A63A5CCA: changes role from  FOLLOWER to CANDIDATE at term 0 for changeToCandidate
2019-10-25 21:27:09,449 [Thread-201] INFO  impl.RoleInfo (RoleInfo.java:updateAndGet(143)) - 1e09a021-a6d7-4a53-819d-98ce6b091a77: start LeaderElection
2019-10-25 21:27:09,454 [grpc-default-executor-1] INFO  impl.RaftServerImpl (RaftServerImpl.java:setRole(184)) - b43dc2d2-5265-4a31-922b-3f50c0227a2c@group-B007A63A5CCA: changes role from  FOLLOWER to FOLLOWER at term 1 for recognizeCandidate:fe8e0c84-158f-427e-8307-4b533a2376d4
2019-10-25 21:27:09,454 [grpc-default-executor-1] INFO  impl.RoleInfo (RoleInfo.java:shutdownFollowerState(121)) - b43dc2d2-5265-4a31-922b-3f50c0227a2c: shutdown FollowerState
2019-10-25 21:27:09,455 [grpc-default-executor-1] INFO  impl.RoleInfo (RoleInfo.java:updateAndGet(143)) - b43dc2d2-5265-4a31-922b-3f50c0227a2c: start FollowerState
2019-10-25 21:27:09,455 [Thread-205] INFO  impl.FollowerState (FollowerState.java:run(117)) - b43dc2d2-5265-4a31-922b-3f50c0227a2c@group-B007A63A5CCA-FollowerState was interrupted: java.lang.InterruptedException: sleep interrupted
2019-10-25 21:27:09,477 [1e09a021-a6d7-4a53-819d-98ce6b091a77@group-B007A63A5CCA-LeaderElection5] INFO  impl.LeaderElection (LeaderElection.java:askForVotes(178)) - 1e09a021-a6d7-4a53-819d-98ce6b091a77@group-B007A63A5CCA-LeaderElection5: begin an election at term 1 for -1: [1e09a021-a6d7-4a53-819d-98ce6b091a77:192.168.34.41:46402, b43dc2d2-5265-4a31-922b-3f50c0227a2c:192.168.34.41:35789, fe8e0c84-158f-427e-8307-4b533a2376d4:192.168.34.41:37955], old=null
2019-10-25 21:27:09,496 [fe8e0c84-158f-427e-8307-4b533a2376d4@group-B007A63A5CCA-LeaderElection4] INFO  impl.LeaderElection (LeaderElection.java:logAndReturn(56)) - fe8e0c84-158f-427e-8307-4b533a2376d4@group-B007A63A5CCA-LeaderElection4: Election PASSED; received 1 response(s) [fe8e0c84-158f-427e-8307-4b533a2376d4<-b43dc2d2-5265-4a31-922b-3f50c0227a2c#0:OK-t1] and 0 exception(s); fe8e0c84-158f-427e-8307-4b533a2376d4@group-B007A63A5CCA:t1, leader=null, voted=fe8e0c84-158f-427e-8307-4b533a2376d4, raftlog=fe8e0c84-158f-427e-8307-4b533a2376d4@group-B007A63A5CCA-SegmentedRaftLog:OPENED:c-1,f-1,i0, conf=-1: [1e09a021-a6d7-4a53-819d-98ce6b091a77:192.168.34.41:46402, b43dc2d2-5265-4a31-922b-3f50c0227a2c:192.168.34.41:35789, fe8e0c84-158f-427e-8307-4b533a2376d4:192.168.34.41:37955], old=null
2019-10-25 21:27:09,496 [fe8e0c84-158f-427e-8307-4b533a2376d4@group-B007A63A5CCA-LeaderElection4] INFO  impl.RoleInfo (RoleInfo.java:shutdownLeaderElection(134)) - fe8e0c84-158f-427e-8307-4b533a2376d4: shutdown LeaderElection
2019-10-25 21:27:09,497 [fe8e0c84-158f-427e-8307-4b533a2376d4@group-B007A63A5CCA-LeaderElection4] INFO  impl.RaftServerImpl (RaftServerImpl.java:setRole(184)) - fe8e0c84-158f-427e-8307-4b533a2376d4@group-B007A63A5CCA: changes role from CANDIDATE to LEADER at term 1 for changeToLeader
2019-10-25 21:27:09,498 [fe8e0c84-158f-427e-8307-4b533a2376d4@group-B007A63A5CCA-LeaderElection4] INFO  impl.RaftServerImpl (ServerState.java:setLeader(256)) - fe8e0c84-158f-427e-8307-4b533a2376d4@group-B007A63A5CCA: change Leader from null to fe8e0c84-158f-427e-8307-4b533a2376d4 at term 1 for becomeLeader, leader elected after 194ms
2019-10-25 21:27:09,498 [fe8e0c84-158f-427e-8307-4b533a2376d4@group-B007A63A5CCA-LeaderElection4] INFO  server.RaftServerConfigKeys (ConfUtils.java:logGet(43)) - raft.server.staging.catchup.gap = 1000 (default)
2019-10-25 21:27:09,498 [fe8e0c84-158f-427e-8307-4b533a2376d4@group-B007A63A5CCA-LeaderElection4] INFO  server.RaftServerConfigKeys (ConfUtils.java:logGet(43)) - raft.server.rpc.sleep.time = 25ms (default)
2019-10-25 21:27:09,498 [fe8e0c84-158f-427e-8307-4b533a2376d4@group-B007A63A5CCA-LeaderElection4] INFO  server.RaftServerConfigKeys (ConfUtils.java:logGet(43)) - raft.server.write.element-limit = 4096 (default)
2019-10-25 21:27:09,499 [fe8e0c84-158f-427e-8307-4b533a2376d4@group-B007A63A5CCA-LeaderElection4] INFO  server.RaftServerConfigKeys (ConfUtils.java:logGet(43)) - raft.server.watch.timeout = 10s (default)
2019-10-25 21:27:09,499 [fe8e0c84-158f-427e-8307-4b533a2376d4@group-B007A63A5CCA-LeaderElection4] INFO  server.RaftServerConfigKeys (ConfUtils.java:logGet(43)) - raft.server.watch.timeout.denomination = 1s (default)
2019-10-25 21:27:09,499 [fe8e0c84-158f-427e-8307-4b533a2376d4@group-B007A63A5CCA-LeaderElection4] INFO  server.RaftServerConfigKeys (ConfUtils.java:logGet(43)) - raft.server.watch.element-limit = 65536 (default)
2019-10-25 21:27:09,510 [fe8e0c84-158f-427e-8307-4b533a2376d4@group-B007A63A5CCA-LeaderElection4] INFO  server.RaftServerConfigKeys (ConfUtils.java:logGet(43)) - raft.server.log.appender.snapshot.chunk.size.max = 16MB (=16777216) (default)
2019-10-25 21:27:09,510 [fe8e0c84-158f-427e-8307-4b533a2376d4@group-B007A63A5CCA-LeaderElection4] INFO  server.RaftServerConfigKeys (ConfUtils.java:logGet(43)) - raft.server.log.appender.buffer.byte-limit = 33554432 (custom)
2019-10-25 21:27:09,511 [fe8e0c84-158f-427e-8307-4b533a2376d4@group-B007A63A5CCA-LeaderElection4] INFO  server.RaftServerConfigKeys (ConfUtils.java:logGet(43)) - raft.server.log.appender.buffer.element-limit = 1 (custom)
2019-10-25 21:27:09,514 [fe8e0c84-158f-427e-8307-4b533a2376d4@group-B007A63A5CCA-LeaderElection4] INFO  grpc.GrpcConfigKeys$Server (ConfUtils.java:logGet(43)) - raft.grpc.server.leader.outstanding.appends.max = 128 (default)
2019-10-25 21:27:09,515 [fe8e0c84-158f-427e-8307-4b533a2376d4@group-B007A63A5CCA-LeaderElection4] INFO  server.RaftServerConfigKeys (ConfUtils.java:logGet(43)) - raft.server.rpc.request.timeout = 3000ms (default)
2019-10-25 21:27:09,515 [fe8e0c84-158f-427e-8307-4b533a2376d4@group-B007A63A5CCA-LeaderElection4] INFO  server.RaftServerConfigKeys (ConfUtils.java:logGet(43)) - raft.server.log.appender.install.snapshot.enabled = false (custom)
2019-10-25 21:27:09,519 [fe8e0c84-158f-427e-8307-4b533a2376d4@group-B007A63A5CCA-LeaderElection4] INFO  server.RaftServerConfigKeys (ConfUtils.java:logGet(43)) - raft.server.log.appender.snapshot.chunk.size.max = 16MB (=16777216) (default)
2019-10-25 21:27:09,520 [fe8e0c84-158f-427e-8307-4b533a2376d4@group-B007A63A5CCA-LeaderElection4] INFO  server.RaftServerConfigKeys (ConfUtils.java:logGet(43)) - raft.server.log.appender.buffer.byte-limit = 33554432 (custom)
2019-10-25 21:27:09,520 [fe8e0c84-158f-427e-8307-4b533a2376d4@group-B007A63A5CCA-LeaderElection4] INFO  server.RaftServerConfigKeys (ConfUtils.java:logGet(43)) - raft.server.log.appender.buffer.element-limit = 1 (custom)
2019-10-25 21:27:09,520 [fe8e0c84-158f-427e-8307-4b533a2376d4@group-B007A63A5CCA-LeaderElection4] INFO  grpc.GrpcConfigKeys$Server (ConfUtils.java:logGet(43)) - raft.grpc.server.leader.outstanding.appends.max = 128 (default)
2019-10-25 21:27:09,520 [fe8e0c84-158f-427e-8307-4b533a2376d4@group-B007A63A5CCA-LeaderElection4] INFO  server.RaftServerConfigKeys (ConfUtils.java:logGet(43)) - raft.server.rpc.request.timeout = 3000ms (default)
2019-10-25 21:27:09,520 [fe8e0c84-158f-427e-8307-4b533a2376d4@group-B007A63A5CCA-LeaderElection4] INFO  server.RaftServerConfigKeys (ConfUtils.java:logGet(43)) - raft.server.log.appender.install.snapshot.enabled = false (custom)
2019-10-25 21:27:09,526 [fe8e0c84-158f-427e-8307-4b533a2376d4@group-B007A63A5CCA-LeaderElection4] INFO  impl.RoleInfo (RoleInfo.java:updateAndGet(143)) - fe8e0c84-158f-427e-8307-4b533a2376d4: start LeaderState
2019-10-25 21:27:09,526 [fe8e0c84-158f-427e-8307-4b533a2376d4@group-B007A63A5CCA-LeaderElection4] INFO  segmented.SegmentedRaftLogWorker (SegmentedRaftLogWorker.java:startLogSegment(385)) - fe8e0c84-158f-427e-8307-4b533a2376d4@group-B007A63A5CCA-SegmentedRaftLogWorker: Starting segment from index:0
2019-10-25 21:27:09,528 [fe8e0c84-158f-427e-8307-4b533a2376d4@group-B007A63A5CCA-LeaderElection4] INFO  impl.RaftServerImpl (ServerState.java:setRaftConf(357)) - fe8e0c84-158f-427e-8307-4b533a2376d4@group-B007A63A5CCA: set configuration 0: [1e09a021-a6d7-4a53-819d-98ce6b091a77:192.168.34.41:46402, b43dc2d2-5265-4a31-922b-3f50c0227a2c:192.168.34.41:35789, fe8e0c84-158f-427e-8307-4b533a2376d4:192.168.34.41:37955], old=null at 0
2019-10-25 21:27:09,559 [grpc-default-executor-0] INFO  impl.RaftServerImpl (RaftServerImpl.java:requestVote(776)) - fe8e0c84-158f-427e-8307-4b533a2376d4@group-B007A63A5CCA-   LEADER: Withhold vote from candidate 1e09a021-a6d7-4a53-819d-98ce6b091a77 with term 1. State: leader=fe8e0c84-158f-427e-8307-4b533a2376d4, term=1, lastRpcElapsed=null
2019-10-25 21:27:09,575 [1e09a021-a6d7-4a53-819d-98ce6b091a77@group-B007A63A5CCA-LeaderElection5] INFO  impl.LeaderElection (LeaderElection.java:logAndReturn(56)) - 1e09a021-a6d7-4a53-819d-98ce6b091a77@group-B007A63A5CCA-LeaderElection5: Election REJECTED; received 2 response(s) [1e09a021-a6d7-4a53-819d-98ce6b091a77<-b43dc2d2-5265-4a31-922b-3f50c0227a2c#0:FAIL-t1, 1e09a021-a6d7-4a53-819d-98ce6b091a77<-fe8e0c84-158f-427e-8307-4b533a2376d4#0:FAIL-t1] and 0 exception(s); 1e09a021-a6d7-4a53-819d-98ce6b091a77@group-B007A63A5CCA:t1, leader=null, voted=1e09a021-a6d7-4a53-819d-98ce6b091a77, raftlog=1e09a021-a6d7-4a53-819d-98ce6b091a77@group-B007A63A5CCA-SegmentedRaftLog:OPENED:c-1,f-1,i0, conf=-1: [1e09a021-a6d7-4a53-819d-98ce6b091a77:192.168.34.41:46402, b43dc2d2-5265-4a31-922b-3f50c0227a2c:192.168.34.41:35789, fe8e0c84-158f-427e-8307-4b533a2376d4:192.168.34.41:37955], old=null
2019-10-25 21:27:09,577 [1e09a021-a6d7-4a53-819d-98ce6b091a77@group-B007A63A5CCA-LeaderElection5] INFO  impl.RaftServerImpl (RaftServerImpl.java:setRole(184)) - 1e09a021-a6d7-4a53-819d-98ce6b091a77@group-B007A63A5CCA: changes role from CANDIDATE to FOLLOWER at term 1 for DISCOVERED_A_NEW_TERM
2019-10-25 21:27:09,577 [1e09a021-a6d7-4a53-819d-98ce6b091a77@group-B007A63A5CCA-LeaderElection5] INFO  impl.RoleInfo (RoleInfo.java:shutdownLeaderElection(134)) - 1e09a021-a6d7-4a53-819d-98ce6b091a77: shutdown LeaderElection
2019-10-25 21:27:09,577 [1e09a021-a6d7-4a53-819d-98ce6b091a77@group-B007A63A5CCA-LeaderElection5] INFO  impl.RoleInfo (RoleInfo.java:updateAndGet(143)) - 1e09a021-a6d7-4a53-819d-98ce6b091a77: start FollowerState
2019-10-25 21:27:09,585 [Thread-222] INFO  impl.FollowerState (FollowerState.java:run(108)) - 1e09a021-a6d7-4a53-819d-98ce6b091a77@group-B007A63A5CCA-FollowerState: change to CANDIDATE, lastRpcTime:7ms, electionTimeout:6ms
2019-10-25 21:27:09,586 [Thread-222] INFO  impl.RoleInfo (RoleInfo.java:shutdownFollowerState(121)) - 1e09a021-a6d7-4a53-819d-98ce6b091a77: shutdown FollowerState
2019-10-25 21:27:09,586 [Thread-222] INFO  impl.RaftServerImpl (RaftServerImpl.java:setRole(184)) - 1e09a021-a6d7-4a53-819d-98ce6b091a77@group-B007A63A5CCA: changes role from  FOLLOWER to CANDIDATE at term 1 for changeToCandidate
2019-10-25 21:27:09,586 [Thread-222] INFO  impl.RoleInfo (RoleInfo.java:updateAndGet(143)) - 1e09a021-a6d7-4a53-819d-98ce6b091a77: start LeaderElection
2019-10-25 21:27:09,589 [fe8e0c84-158f-427e-8307-4b533a2376d4@group-B007A63A5CCA-SegmentedRaftLogWorker] INFO  segmented.SegmentedRaftLogWorker (SegmentedRaftLogWorker.java:execute(576)) - fe8e0c84-158f-427e-8307-4b533a2376d4@group-B007A63A5CCA-SegmentedRaftLogWorker: created new log segment /workdir/hadoop-ozone/integration-test/target/test-dir/MiniOzoneClusterImpl-92884b77-011c-4f6d-b986-a415730dccc4/datanode-2/data/ratis/69397456-ee7f-4bbb-8423-b007a63a5cca/current/log_inprogress_0
2019-10-25 21:27:09,602 [1e09a021-a6d7-4a53-819d-98ce6b091a77@group-B007A63A5CCA-LeaderElection6] INFO  impl.LeaderElection (LeaderElection.java:askForVotes(178)) - 1e09a021-a6d7-4a53-819d-98ce6b091a77@group-B007A63A5CCA-LeaderElection6: begin an election at term 2 for -1: [1e09a021-a6d7-4a53-819d-98ce6b091a77:192.168.34.41:46402, b43dc2d2-5265-4a31-922b-3f50c0227a2c:192.168.34.41:35789, fe8e0c84-158f-427e-8307-4b533a2376d4:192.168.34.41:37955], old=null
2019-10-25 21:27:09,603 [grpc-default-executor-2] INFO  impl.RaftServerImpl (ServerState.java:setLeader(256)) - b43dc2d2-5265-4a31-922b-3f50c0227a2c@group-B007A63A5CCA: change Leader from null to fe8e0c84-158f-427e-8307-4b533a2376d4 at term 1 for appendEntries, leader elected after 289ms
2019-10-25 21:27:09,608 [grpc-default-executor-1] INFO  impl.RaftServerImpl (ServerState.java:setLeader(256)) - b43dc2d2-5265-4a31-922b-3f50c0227a2c@group-B007A63A5CCA: change Leader from fe8e0c84-158f-427e-8307-4b533a2376d4 to null at term 2 for updateCurrentTerm
2019-10-25 21:27:09,609 [grpc-default-executor-1] INFO  impl.RaftServerImpl (RaftServerImpl.java:setRole(184)) - b43dc2d2-5265-4a31-922b-3f50c0227a2c@group-B007A63A5CCA: changes role from  FOLLOWER to FOLLOWER at term 2 for recognizeCandidate:1e09a021-a6d7-4a53-819d-98ce6b091a77
2019-10-25 21:27:09,609 [grpc-default-executor-1] INFO  impl.RoleInfo (RoleInfo.java:shutdownFollowerState(121)) - b43dc2d2-5265-4a31-922b-3f50c0227a2c: shutdown FollowerState
2019-10-25 21:27:09,610 [Thread-216] INFO  impl.FollowerState (FollowerState.java:run(117)) - b43dc2d2-5265-4a31-922b-3f50c0227a2c@group-B007A63A5CCA-FollowerState was interrupted: java.lang.InterruptedException: sleep interrupted
2019-10-25 21:27:09,610 [grpc-default-executor-1] INFO  impl.RoleInfo (RoleInfo.java:updateAndGet(143)) - b43dc2d2-5265-4a31-922b-3f50c0227a2c: start FollowerState
2019-10-25 21:27:09,611 [grpc-default-executor-3] INFO  impl.RaftServerImpl (ServerState.java:setLeader(256)) - fe8e0c84-158f-427e-8307-4b533a2376d4@group-B007A63A5CCA: change Leader from fe8e0c84-158f-427e-8307-4b533a2376d4 to null at term 2 for updateCurrentTerm
2019-10-25 21:27:09,611 [grpc-default-executor-3] INFO  impl.RaftServerImpl (RaftServerImpl.java:setRole(184)) - fe8e0c84-158f-427e-8307-4b533a2376d4@group-B007A63A5CCA: changes role from    LEADER to FOLLOWER at term 2 for recognizeCandidate:1e09a021-a6d7-4a53-819d-98ce6b091a77
2019-10-25 21:27:09,611 [grpc-default-executor-3] INFO  impl.RoleInfo (RoleInfo.java:shutdownLeaderState(104)) - fe8e0c84-158f-427e-8307-4b533a2376d4: shutdown LeaderState
2019-10-25 21:27:09,613 [org.apache.ratis.server.impl.LogAppender$AppenderDaemon$$Lambda$408/1062421233@265224c2] WARN  server.GrpcLogAppender (GrpcLogAppender.java:mayWait(149)) - fe8e0c84-158f-427e-8307-4b533a2376d4@group-B007A63A5CCA->1e09a021-a6d7-4a53-819d-98ce6b091a77-GrpcLogAppender: Wait interrupted by java.lang.InterruptedException
2019-10-25 21:27:09,613 [org.apache.ratis.server.impl.LogAppender$AppenderDaemon$$Lambda$408/1062421233@2cdad475] WARN  server.GrpcLogAppender (GrpcLogAppender.java:mayWait(149)) - fe8e0c84-158f-427e-8307-4b533a2376d4@group-B007A63A5CCA->b43dc2d2-5265-4a31-922b-3f50c0227a2c-GrpcLogAppender: Wait interrupted by java.lang.InterruptedException
2019-10-25 21:27:09,617 [grpc-default-executor-3] INFO  impl.PendingRequests (PendingRequests.java:sendNotLeaderResponses(202)) - fe8e0c84-158f-427e-8307-4b533a2376d4@group-B007A63A5CCA-PendingRequests: sendNotLeaderResponses
2019-10-25 21:27:09,618 [grpc-default-executor-4] INFO  server.GrpcServerProtocolService (GrpcServerProtocolService.java:onCompleted(113)) - 1e09a021-a6d7-4a53-819d-98ce6b091a77: Completed APPEND_ENTRIES, lastRequest: fe8e0c84-158f-427e-8307-4b533a2376d4->1e09a021-a6d7-4a53-819d-98ce6b091a77#0-t1, previous=(t:0, i:0), leaderCommit=-1, initializing? false, entries: <empty>
2019-10-25 21:27:09,619 [grpc-default-executor-3] INFO  impl.RoleInfo (RoleInfo.java:updateAndGet(143)) - fe8e0c84-158f-427e-8307-4b533a2376d4: start FollowerState
2019-10-25 21:27:09,636 [grpc-default-executor-0] INFO  server.GrpcLogAppender (GrpcLogAppender.java:onCompleted(308)) - fe8e0c84-158f-427e-8307-4b533a2376d4@group-B007A63A5CCA->1e09a021-a6d7-4a53-819d-98ce6b091a77-AppendLogResponseHandler: follower responses appendEntries COMPLETED
2019-10-25 21:27:09,638 [grpc-default-executor-2] INFO  server.GrpcServerProtocolService (GrpcServerProtocolService.java:onCompleted(113)) - b43dc2d2-5265-4a31-922b-3f50c0227a2c: Completed APPEND_ENTRIES, lastRequest: fe8e0c84-158f-427e-8307-4b533a2376d4->b43dc2d2-5265-4a31-922b-3f50c0227a2c#0-t1, previous=(t:0, i:0), leaderCommit=-1, initializing? false, entries: <empty>
2019-10-25 21:27:09,643 [1e09a021-a6d7-4a53-819d-98ce6b091a77@group-B007A63A5CCA-LeaderElection6] INFO  impl.LeaderElection (LeaderElection.java:logAndReturn(56)) - 1e09a021-a6d7-4a53-819d-98ce6b091a77@group-B007A63A5CCA-LeaderElection6: Election PASSED; received 1 response(s) [1e09a021-a6d7-4a53-819d-98ce6b091a77<-b43dc2d2-5265-4a31-922b-3f50c0227a2c#0:OK-t2] and 0 exception(s); 1e09a021-a6d7-4a53-819d-98ce6b091a77@group-B007A63A5CCA:t2, leader=null, voted=1e09a021-a6d7-4a53-819d-98ce6b091a77, raftlog=1e09a021-a6d7-4a53-819d-98ce6b091a77@group-B007A63A5CCA-SegmentedRaftLog:OPENED:c-1,f-1,i0, conf=-1: [1e09a021-a6d7-4a53-819d-98ce6b091a77:192.168.34.41:46402, b43dc2d2-5265-4a31-922b-3f50c0227a2c:192.168.34.41:35789, fe8e0c84-158f-427e-8307-4b533a2376d4:192.168.34.41:37955], old=null
2019-10-25 21:27:09,644 [1e09a021-a6d7-4a53-819d-98ce6b091a77@group-B007A63A5CCA-LeaderElection6] INFO  impl.RoleInfo (RoleInfo.java:shutdownLeaderElection(134)) - 1e09a021-a6d7-4a53-819d-98ce6b091a77: shutdown LeaderElection
2019-10-25 21:27:09,645 [grpc-default-executor-0] INFO  impl.FollowerInfo (FollowerInfo.java:lambda$new$0(51)) - fe8e0c84-158f-427e-8307-4b533a2376d4@group-B007A63A5CCA->1e09a021-a6d7-4a53-819d-98ce6b091a77: nextIndex: updateUnconditionally 0 -> 0
2019-10-25 21:27:09,646 [1e09a021-a6d7-4a53-819d-98ce6b091a77@group-B007A63A5CCA-LeaderElection6] INFO  impl.RaftServerImpl (RaftServerImpl.java:setRole(184)) - 1e09a021-a6d7-4a53-819d-98ce6b091a77@group-B007A63A5CCA: changes role from CANDIDATE to LEADER at term 2 for changeToLeader
2019-10-25 21:27:09,646 [1e09a021-a6d7-4a53-819d-98ce6b091a77@group-B007A63A5CCA-LeaderElection6] INFO  impl.RaftServerImpl (ServerState.java:setLeader(256)) - 1e09a021-a6d7-4a53-819d-98ce6b091a77@group-B007A63A5CCA: change Leader from null to 1e09a021-a6d7-4a53-819d-98ce6b091a77 at term 2 for becomeLeader, leader elected after 342ms
2019-10-25 21:27:09,646 [1e09a021-a6d7-4a53-819d-98ce6b091a77@group-B007A63A5CCA-LeaderElection6] INFO  server.RaftServerConfigKeys (ConfUtils.java:logGet(43)) - raft.server.staging.catchup.gap = 1000 (default)
2019-10-25 21:27:09,646 [1e09a021-a6d7-4a53-819d-98ce6b091a77@group-B007A63A5CCA-LeaderElection6] INFO  server.RaftServerConfigKeys (ConfUtils.java:logGet(43)) - raft.server.rpc.sleep.time = 25ms (default)
2019-10-25 21:27:09,647 [1e09a021-a6d7-4a53-819d-98ce6b091a77@group-B007A63A5CCA-LeaderElection6] INFO  server.RaftServerConfigKeys (ConfUtils.java:logGet(43)) - raft.server.write.element-limit = 4096 (default)
2019-10-25 21:27:09,649 [1e09a021-a6d7-4a53-819d-98ce6b091a77@group-B007A63A5CCA-LeaderElection6] INFO  server.RaftServerConfigKeys (ConfUtils.java:logGet(43)) - raft.server.watch.timeout = 10s (default)
2019-10-25 21:27:09,649 [1e09a021-a6d7-4a53-819d-98ce6b091a77@group-B007A63A5CCA-LeaderElection6] INFO  server.RaftServerConfigKeys (ConfUtils.java:logGet(43)) - raft.server.watch.timeout.denomination = 1s (default)
2019-10-25 21:27:09,649 [1e09a021-a6d7-4a53-819d-98ce6b091a77@group-B007A63A5CCA-LeaderElection6] INFO  server.RaftServerConfigKeys (ConfUtils.java:logGet(43)) - raft.server.watch.element-limit = 65536 (default)
2019-10-25 21:27:09,651 [grpc-default-executor-2] INFO  server.GrpcLogAppender (GrpcLogAppender.java:onCompleted(308)) - fe8e0c84-158f-427e-8307-4b533a2376d4@group-B007A63A5CCA->b43dc2d2-5265-4a31-922b-3f50c0227a2c-AppendLogResponseHandler: follower responses appendEntries COMPLETED
2019-10-25 21:27:09,652 [1e09a021-a6d7-4a53-819d-98ce6b091a77@group-B007A63A5CCA-LeaderElection6] INFO  server.RaftServerConfigKeys (ConfUtils.java:logGet(43)) - raft.server.log.appender.snapshot.chunk.size.max = 16MB (=16777216) (default)
2019-10-25 21:27:09,654 [1e09a021-a6d7-4a53-819d-98ce6b091a77@group-B007A63A5CCA-LeaderElection6] INFO  server.RaftServerConfigKeys (ConfUtils.java:logGet(43)) - raft.server.log.appender.buffer.byte-limit = 33554432 (custom)
2019-10-25 21:27:09,654 [1e09a021-a6d7-4a53-819d-98ce6b091a77@group-B007A63A5CCA-LeaderElection6] INFO  server.RaftServerConfigKeys (ConfUtils.java:logGet(43)) - raft.server.log.appender.buffer.element-limit = 1 (custom)
2019-10-25 21:27:09,654 [grpc-default-executor-2] INFO  impl.FollowerInfo (FollowerInfo.java:lambda$new$0(51)) - fe8e0c84-158f-427e-8307-4b533a2376d4@group-B007A63A5CCA->b43dc2d2-5265-4a31-922b-3f50c0227a2c: nextIndex: updateUnconditionally 0 -> 0
2019-10-25 21:27:09,655 [1e09a021-a6d7-4a53-819d-98ce6b091a77@group-B007A63A5CCA-LeaderElection6] INFO  grpc.GrpcConfigKeys$Server (ConfUtils.java:logGet(43)) - raft.grpc.server.leader.outstanding.appends.max = 128 (default)
2019-10-25 21:27:09,656 [1e09a021-a6d7-4a53-819d-98ce6b091a77@group-B007A63A5CCA-LeaderElection6] INFO  server.RaftServerConfigKeys (ConfUtils.java:logGet(43)) - raft.server.rpc.request.timeout = 3000ms (default)
2019-10-25 21:27:09,656 [1e09a021-a6d7-4a53-819d-98ce6b091a77@group-B007A63A5CCA-LeaderElection6] INFO  server.RaftServerConfigKeys (ConfUtils.java:logGet(43)) - raft.server.log.appender.install.snapshot.enabled = false (custom)
2019-10-25 21:27:09,659 [1e09a021-a6d7-4a53-819d-98ce6b091a77@group-B007A63A5CCA-LeaderElection6] INFO  server.RaftServerConfigKeys (ConfUtils.java:logGet(43)) - raft.server.log.appender.snapshot.chunk.size.max = 16MB (=16777216) (default)
2019-10-25 21:27:09,659 [1e09a021-a6d7-4a53-819d-98ce6b091a77@group-B007A63A5CCA-LeaderElection6] INFO  server.RaftServerConfigKeys (ConfUtils.java:logGet(43)) - raft.server.log.appender.buffer.byte-limit = 33554432 (custom)
2019-10-25 21:27:09,659 [1e09a021-a6d7-4a53-819d-98ce6b091a77@group-B007A63A5CCA-LeaderElection6] INFO  server.RaftServerConfigKeys (ConfUtils.java:logGet(43)) - raft.server.log.appender.buffer.element-limit = 1 (custom)
2019-10-25 21:27:09,659 [1e09a021-a6d7-4a53-819d-98ce6b091a77@group-B007A63A5CCA-LeaderElection6] INFO  grpc.GrpcConfigKeys$Server (ConfUtils.java:logGet(43)) - raft.grpc.server.leader.outstanding.appends.max = 128 (default)
2019-10-25 21:27:09,659 [1e09a021-a6d7-4a53-819d-98ce6b091a77@group-B007A63A5CCA-LeaderElection6] INFO  server.RaftServerConfigKeys (ConfUtils.java:logGet(43)) - raft.server.rpc.request.timeout = 3000ms (default)
2019-10-25 21:27:09,660 [1e09a021-a6d7-4a53-819d-98ce6b091a77@group-B007A63A5CCA-LeaderElection6] INFO  server.RaftServerConfigKeys (ConfUtils.java:logGet(43)) - raft.server.log.appender.install.snapshot.enabled = false (custom)
2019-10-25 21:27:09,662 [1e09a021-a6d7-4a53-819d-98ce6b091a77@group-B007A63A5CCA-LeaderElection6] INFO  impl.RoleInfo (RoleInfo.java:updateAndGet(143)) - 1e09a021-a6d7-4a53-819d-98ce6b091a77: start LeaderState
2019-10-25 21:27:09,663 [1e09a021-a6d7-4a53-819d-98ce6b091a77@group-B007A63A5CCA-LeaderElection6] INFO  segmented.SegmentedRaftLogWorker (SegmentedRaftLogWorker.java:startLogSegment(385)) - 1e09a021-a6d7-4a53-819d-98ce6b091a77@group-B007A63A5CCA-SegmentedRaftLogWorker: Starting segment from index:0
2019-10-25 21:27:09,664 [1e09a021-a6d7-4a53-819d-98ce6b091a77@group-B007A63A5CCA-LeaderElection6] INFO  impl.RaftServerImpl (ServerState.java:setRaftConf(357)) - 1e09a021-a6d7-4a53-819d-98ce6b091a77@group-B007A63A5CCA: set configuration 0: [1e09a021-a6d7-4a53-819d-98ce6b091a77:192.168.34.41:46402, b43dc2d2-5265-4a31-922b-3f50c0227a2c:192.168.34.41:35789, fe8e0c84-158f-427e-8307-4b533a2376d4:192.168.34.41:37955], old=null at 0
2019-10-25 21:27:09,706 [grpc-default-executor-2] INFO  impl.RaftServerImpl (ServerState.java:setLeader(256)) - fe8e0c84-158f-427e-8307-4b533a2376d4@group-B007A63A5CCA: change Leader from null to 1e09a021-a6d7-4a53-819d-98ce6b091a77 at term 2 for appendEntries, leader elected after 95ms
2019-10-25 21:27:09,706 [grpc-default-executor-0] INFO  impl.RaftServerImpl (ServerState.java:setLeader(256)) - b43dc2d2-5265-4a31-922b-3f50c0227a2c@group-B007A63A5CCA: change Leader from null to 1e09a021-a6d7-4a53-819d-98ce6b091a77 at term 2 for appendEntries, leader elected after 97ms
2019-10-25 21:27:09,721 [grpc-default-executor-2] INFO  impl.RaftServerImpl (ServerState.java:setRaftConf(357)) - fe8e0c84-158f-427e-8307-4b533a2376d4@group-B007A63A5CCA: set configuration 0: [1e09a021-a6d7-4a53-819d-98ce6b091a77:192.168.34.41:46402, b43dc2d2-5265-4a31-922b-3f50c0227a2c:192.168.34.41:35789, fe8e0c84-158f-427e-8307-4b533a2376d4:192.168.34.41:37955], old=null at 0
2019-10-25 21:27:09,721 [grpc-default-executor-0] INFO  impl.RaftServerImpl (ServerState.java:setRaftConf(357)) - b43dc2d2-5265-4a31-922b-3f50c0227a2c@group-B007A63A5CCA: set configuration 0: [1e09a021-a6d7-4a53-819d-98ce6b091a77:192.168.34.41:46402, b43dc2d2-5265-4a31-922b-3f50c0227a2c:192.168.34.41:35789, fe8e0c84-158f-427e-8307-4b533a2376d4:192.168.34.41:37955], old=null at 0
2019-10-25 21:27:09,721 [1e09a021-a6d7-4a53-819d-98ce6b091a77@group-B007A63A5CCA-SegmentedRaftLogWorker] INFO  segmented.SegmentedRaftLogWorker (SegmentedRaftLogWorker.java:execute(576)) - 1e09a021-a6d7-4a53-819d-98ce6b091a77@group-B007A63A5CCA-SegmentedRaftLogWorker: created new log segment /workdir/hadoop-ozone/integration-test/target/test-dir/MiniOzoneClusterImpl-92884b77-011c-4f6d-b986-a415730dccc4/datanode-1/data/ratis/69397456-ee7f-4bbb-8423-b007a63a5cca/current/log_inprogress_0
2019-10-25 21:27:09,722 [grpc-default-executor-0] INFO  segmented.SegmentedRaftLogWorker (SegmentedRaftLogWorker.java:startLogSegment(385)) - b43dc2d2-5265-4a31-922b-3f50c0227a2c@group-B007A63A5CCA-SegmentedRaftLogWorker: Starting segment from index:0
2019-10-25 21:27:09,725 [grpc-default-executor-2] INFO  segmented.SegmentedRaftLogWorker (SegmentedRaftLogWorker.java:truncate(401)) - fe8e0c84-158f-427e-8307-4b533a2376d4@group-B007A63A5CCA-SegmentedRaftLogWorker: Truncating segments toTruncate: null
  toDelete: [(0, 0) isOpen? true, length=0, newEndIndex=-1], start index 0
2019-10-25 21:27:09,726 [grpc-default-executor-2] INFO  segmented.SegmentedRaftLogWorker (SegmentedRaftLogWorker.java:startLogSegment(385)) - fe8e0c84-158f-427e-8307-4b533a2376d4@group-B007A63A5CCA-SegmentedRaftLogWorker: Starting segment from index:0
2019-10-25 21:27:09,728 [fe8e0c84-158f-427e-8307-4b533a2376d4@group-B007A63A5CCA-SegmentedRaftLogWorker] INFO  segmented.SegmentedRaftLogWorker (SegmentedRaftLogWorker.java:execute(640)) - fe8e0c84-158f-427e-8307-4b533a2376d4@group-B007A63A5CCA-SegmentedRaftLogWorker: Deleted log file /workdir/hadoop-ozone/integration-test/target/test-dir/MiniOzoneClusterImpl-92884b77-011c-4f6d-b986-a415730dccc4/datanode-2/data/ratis/69397456-ee7f-4bbb-8423-b007a63a5cca/current/log_inprogress_0
2019-10-25 21:27:09,729 [fe8e0c84-158f-427e-8307-4b533a2376d4@group-B007A63A5CCA-SegmentedRaftLogWorker] INFO  segmented.SegmentedRaftLogWorker (SegmentedRaftLogWorker.java:lambda$new$0(128)) - fe8e0c84-158f-427e-8307-4b533a2376d4@group-B007A63A5CCA-SegmentedRaftLogWorker: flushIndex: setUnconditionally 0 -> -1
2019-10-25 21:27:09,770 [b43dc2d2-5265-4a31-922b-3f50c0227a2c@group-B007A63A5CCA-SegmentedRaftLogWorker] INFO  segmented.SegmentedRaftLogWorker (SegmentedRaftLogWorker.java:execute(576)) - b43dc2d2-5265-4a31-922b-3f50c0227a2c@group-B007A63A5CCA-SegmentedRaftLogWorker: created new log segment /workdir/hadoop-ozone/integration-test/target/test-dir/MiniOzoneClusterImpl-92884b77-011c-4f6d-b986-a415730dccc4/datanode-0/data/ratis/69397456-ee7f-4bbb-8423-b007a63a5cca/current/log_inprogress_0
2019-10-25 21:27:09,770 [fe8e0c84-158f-427e-8307-4b533a2376d4@group-B007A63A5CCA-SegmentedRaftLogWorker] INFO  segmented.SegmentedRaftLogWorker (SegmentedRaftLogWorker.java:execute(576)) - fe8e0c84-158f-427e-8307-4b533a2376d4@group-B007A63A5CCA-SegmentedRaftLogWorker: created new log segment /workdir/hadoop-ozone/integration-test/target/test-dir/MiniOzoneClusterImpl-92884b77-011c-4f6d-b986-a415730dccc4/datanode-2/data/ratis/69397456-ee7f-4bbb-8423-b007a63a5cca/current/log_inprogress_0
2019-10-25 21:27:10,286 [main] INFO  rpc.RpcClient (RpcClient.java:createVolume(272)) - Creating Volume: testcontainerstatemachinefailures, with jenkins1000 as owner.
2019-10-25 21:27:10,389 [IPC Server handler 19 on 44025] INFO  volume.OMVolumeCreateRequest (OMVolumeCreateRequest.java:validateAndUpdateCache(193)) - created volume:testcontainerstatemachinefailures for user:jenkins1000
2019-10-25 21:27:10,417 [main] INFO  rpc.RpcClient (RpcClient.java:createBucket(411)) - Creating Bucket: testcontainerstatemachinefailures/testcontainerstatemachinefailures, with Versioning false and Storage Type set to DISK and Encryption set to false 
2019-10-25 21:27:10,570 [main] INFO  impl.MetricsSystemImpl (MetricsSystemImpl.java:init(158)) - XceiverClientMetrics metrics system started (again)
2019-10-25 21:27:11,170 [Thread-181] INFO  container.ReplicationManager (ReplicationManager.java:start(162)) - Starting Replication Monitor Thread.
2019-10-25 21:27:11,173 [ReplicationMonitor] INFO  container.ReplicationManager (ReplicationManager.java:run(225)) - Replication Monitor Thread took 1 milliseconds for processing 1 containers.
2019-10-25 21:27:11,180 [Datanode State Machine Thread - 0] INFO  statemachine.DatanodeStateMachine (DatanodeStateMachine.java:lambda$startDaemon$0(350)) - Ozone container server started.
2019-10-25 21:27:16,100 [main] INFO  ozoneimpl.OzoneContainer (OzoneContainer.java:stop(227)) - Attempting to stop container services.
2019-10-25 21:27:16,102 [main] INFO  impl.RaftServerProxy (RaftServerProxy.java:lambda$close$4(314)) - fe8e0c84-158f-427e-8307-4b533a2376d4: close
2019-10-25 21:27:16,104 [main] INFO  impl.RaftServerImpl (RaftServerImpl.java:lambda$shutdown$3(261)) - fe8e0c84-158f-427e-8307-4b533a2376d4@group-889EF0DFBAAA: shutdown
2019-10-25 21:27:16,104 [ForkJoinPool.commonPool-worker-0] INFO  impl.RaftServerImpl (RaftServerImpl.java:lambda$shutdown$3(261)) - fe8e0c84-158f-427e-8307-4b533a2376d4@group-B007A63A5CCA: shutdown
2019-10-25 21:27:16,104 [main] INFO  util.JmxRegister (JmxRegister.java:unregister(73)) - Successfully un-registered JMX Bean with object name Ratis:service=RaftServer,group=group-889EF0DFBAAA,id=fe8e0c84-158f-427e-8307-4b533a2376d4
2019-10-25 21:27:16,104 [ForkJoinPool.commonPool-worker-0] INFO  util.JmxRegister (JmxRegister.java:unregister(73)) - Successfully un-registered JMX Bean with object name Ratis:service=RaftServer,group=group-B007A63A5CCA,id=fe8e0c84-158f-427e-8307-4b533a2376d4
2019-10-25 21:27:16,105 [main] INFO  impl.RoleInfo (RoleInfo.java:shutdownLeaderState(104)) - fe8e0c84-158f-427e-8307-4b533a2376d4: shutdown LeaderState
2019-10-25 21:27:16,105 [ForkJoinPool.commonPool-worker-0] INFO  impl.RoleInfo (RoleInfo.java:shutdownFollowerState(121)) - fe8e0c84-158f-427e-8307-4b533a2376d4: shutdown FollowerState
2019-10-25 21:27:16,105 [main] INFO  impl.PendingRequests (PendingRequests.java:sendNotLeaderResponses(202)) - fe8e0c84-158f-427e-8307-4b533a2376d4@group-889EF0DFBAAA-PendingRequests: sendNotLeaderResponses
2019-10-25 21:27:16,107 [Thread-231] INFO  impl.FollowerState (FollowerState.java:run(117)) - fe8e0c84-158f-427e-8307-4b533a2376d4@group-B007A63A5CCA-FollowerState was interrupted: java.lang.InterruptedException: sleep interrupted
2019-10-25 21:27:16,107 [ForkJoinPool.commonPool-worker-0] INFO  impl.StateMachineUpdater (StateMachineUpdater.java:stopAndJoin(136)) - fe8e0c84-158f-427e-8307-4b533a2376d4@group-B007A63A5CCA-StateMachineUpdater: set stopIndex = 4
2019-10-25 21:27:16,107 [fe8e0c84-158f-427e-8307-4b533a2376d4@group-B007A63A5CCA-StateMachineUpdater] INFO  ratis.ContainerStateMachine (ContainerStateMachine.java:takeSnapshot(294)) - group-B007A63A5CCA: Taking a snapshot at:(t:2, i:3) file /workdir/hadoop-ozone/integration-test/target/test-dir/MiniOzoneClusterImpl-92884b77-011c-4f6d-b986-a415730dccc4/datanode-2/data/ratis/69397456-ee7f-4bbb-8423-b007a63a5cca/sm/snapshot.2_3
2019-10-25 21:27:16,108 [main] INFO  impl.StateMachineUpdater (StateMachineUpdater.java:stopAndJoin(136)) - fe8e0c84-158f-427e-8307-4b533a2376d4@group-889EF0DFBAAA-StateMachineUpdater: set stopIndex = 0
2019-10-25 21:27:16,111 [main] INFO  impl.RaftServerImpl (ServerState.java:close(388)) - fe8e0c84-158f-427e-8307-4b533a2376d4@group-889EF0DFBAAA: closes. applyIndex: 0
2019-10-25 21:27:16,113 [fe8e0c84-158f-427e-8307-4b533a2376d4@group-889EF0DFBAAA-SegmentedRaftLogWorker] INFO  segmented.SegmentedRaftLogWorker (SegmentedRaftLogWorker.java:run(316)) - fe8e0c84-158f-427e-8307-4b533a2376d4@group-889EF0DFBAAA-SegmentedRaftLogWorker was interrupted, exiting. There are 0 tasks remaining in the queue.
2019-10-25 21:27:16,114 [main] INFO  segmented.SegmentedRaftLogWorker (SegmentedRaftLogWorker.java:close(224)) - fe8e0c84-158f-427e-8307-4b533a2376d4@group-889EF0DFBAAA-SegmentedRaftLogWorker close()
2019-10-25 21:27:16,233 [fe8e0c84-158f-427e-8307-4b533a2376d4@group-B007A63A5CCA-StateMachineUpdater] INFO  ratis.ContainerStateMachine (ContainerStateMachine.java:takeSnapshot(305)) - group-B007A63A5CCA: Finished taking a snapshot at:(t:2, i:3) file:/workdir/hadoop-ozone/integration-test/target/test-dir/MiniOzoneClusterImpl-92884b77-011c-4f6d-b986-a415730dccc4/datanode-2/data/ratis/69397456-ee7f-4bbb-8423-b007a63a5cca/sm/snapshot.2_3 time:127
2019-10-25 21:27:16,235 [fe8e0c84-158f-427e-8307-4b533a2376d4@group-B007A63A5CCA-StateMachineUpdater] INFO  impl.StateMachineUpdater (StateMachineUpdater.java:takeSnapshot(269)) - fe8e0c84-158f-427e-8307-4b533a2376d4@group-B007A63A5CCA-StateMachineUpdater: Took a snapshot at index 3
2019-10-25 21:27:16,235 [fe8e0c84-158f-427e-8307-4b533a2376d4@group-B007A63A5CCA-StateMachineUpdater] INFO  impl.StateMachineUpdater (StateMachineUpdater.java:lambda$new$0(84)) - fe8e0c84-158f-427e-8307-4b533a2376d4@group-B007A63A5CCA-StateMachineUpdater: snapshotIndex: updateIncreasingly -1 -> 3
2019-10-25 21:27:16,238 [fe8e0c84-158f-427e-8307-4b533a2376d4@group-B007A63A5CCA-StateMachineUpdater] INFO  ratis.ContainerStateMachine (ContainerStateMachine.java:takeSnapshot(294)) - group-B007A63A5CCA: Taking a snapshot at:(t:2, i:3) file /workdir/hadoop-ozone/integration-test/target/test-dir/MiniOzoneClusterImpl-92884b77-011c-4f6d-b986-a415730dccc4/datanode-2/data/ratis/69397456-ee7f-4bbb-8423-b007a63a5cca/sm/snapshot.2_3
2019-10-25 21:27:16,250 [fe8e0c84-158f-427e-8307-4b533a2376d4@group-B007A63A5CCA-StateMachineUpdater] INFO  ratis.ContainerStateMachine (ContainerStateMachine.java:takeSnapshot(305)) - group-B007A63A5CCA: Finished taking a snapshot at:(t:2, i:3) file:/workdir/hadoop-ozone/integration-test/target/test-dir/MiniOzoneClusterImpl-92884b77-011c-4f6d-b986-a415730dccc4/datanode-2/data/ratis/69397456-ee7f-4bbb-8423-b007a63a5cca/sm/snapshot.2_3 time:12
2019-10-25 21:27:16,251 [fe8e0c84-158f-427e-8307-4b533a2376d4@group-B007A63A5CCA-StateMachineUpdater] INFO  impl.StateMachineUpdater (StateMachineUpdater.java:takeSnapshot(269)) - fe8e0c84-158f-427e-8307-4b533a2376d4@group-B007A63A5CCA-StateMachineUpdater: Took a snapshot at index 3
2019-10-25 21:27:16,251 [fe8e0c84-158f-427e-8307-4b533a2376d4@group-B007A63A5CCA-StateMachineUpdater] INFO  impl.StateMachineUpdater (StateMachineUpdater.java:lambda$new$0(84)) - fe8e0c84-158f-427e-8307-4b533a2376d4@group-B007A63A5CCA-StateMachineUpdater: snapshotIndex: updateIncreasingly 3 -> 3
2019-10-25 21:27:16,251 [ForkJoinPool.commonPool-worker-0] INFO  impl.RaftServerImpl (ServerState.java:close(388)) - fe8e0c84-158f-427e-8307-4b533a2376d4@group-B007A63A5CCA: closes. applyIndex: 4
2019-10-25 21:27:16,252 [fe8e0c84-158f-427e-8307-4b533a2376d4@group-B007A63A5CCA-SegmentedRaftLogWorker] INFO  segmented.SegmentedRaftLogWorker (SegmentedRaftLogWorker.java:run(316)) - fe8e0c84-158f-427e-8307-4b533a2376d4@group-B007A63A5CCA-SegmentedRaftLogWorker was interrupted, exiting. There are 0 tasks remaining in the queue.
2019-10-25 21:27:16,253 [ForkJoinPool.commonPool-worker-0] INFO  segmented.SegmentedRaftLogWorker (SegmentedRaftLogWorker.java:close(224)) - fe8e0c84-158f-427e-8307-4b533a2376d4@group-B007A63A5CCA-SegmentedRaftLogWorker close()
2019-10-25 21:27:16,256 [main] INFO  server.GrpcService (GrpcService.java:closeImpl(164)) - fe8e0c84-158f-427e-8307-4b533a2376d4: shutdown server with port 37955 now
2019-10-25 21:27:16,262 [grpc-default-executor-3] WARN  server.GrpcServerProtocolService (LogUtils.java:warn(134)) - fe8e0c84-158f-427e-8307-4b533a2376d4: installSnapshot onError, lastRequest: 1e09a021-a6d7-4a53-819d-98ce6b091a77->fe8e0c84-158f-427e-8307-4b533a2376d4#7-t2, previous=(t:2, i:4), leaderCommit=4, initializing? false, entries: <empty>: org.apache.ratis.thirdparty.io.grpc.StatusRuntimeException: CANCELLED: cancelled before receiving half close
2019-10-25 21:27:16,264 [main] INFO  server.GrpcService (GrpcService.java:closeImpl(172)) - fe8e0c84-158f-427e-8307-4b533a2376d4: shutdown server with port 37955 successfully
2019-10-25 21:27:16,266 [grpc-default-executor-2] WARN  server.GrpcLogAppender (LogUtils.java:warn(134)) - 1e09a021-a6d7-4a53-819d-98ce6b091a77@group-B007A63A5CCA->fe8e0c84-158f-427e-8307-4b533a2376d4-AppendLogResponseHandler: Failed appendEntries: org.apache.ratis.thirdparty.io.grpc.StatusRuntimeException: CANCELLED: HTTP/2 error code: CANCEL
Received Rst Stream
2019-10-25 21:27:16,269 [refreshUsed-/workdir/hadoop-ozone/integration-test/target/test-dir/MiniOzoneClusterImpl-92884b77-011c-4f6d-b986-a415730dccc4/datanode-2/data/containers] WARN  fs.CachingGetSpaceUsed (CachingGetSpaceUsed.java:run(183)) - Thread Interrupted waiting to refresh disk information: sleep interrupted
2019-10-25 21:27:16,290 [main] INFO  utils.BackgroundService (BackgroundService.java:shutdown(151)) - Shutting down service BlockDeletingService
2019-10-25 21:27:16,293 [main] INFO  statemachine.DatanodeStateMachine (DatanodeStateMachine.java:stopDaemon(395)) - Ozone container server stopped.
2019-10-25 21:27:16,298 [main] INFO  handler.ContextHandler (ContextHandler.java:doStop(910)) - Stopped o.e.j.w.WebAppContext@7a0e7ecd{/,null,UNAVAILABLE}{/hddsDatanode}
2019-10-25 21:27:16,303 [main] INFO  server.AbstractConnector (AbstractConnector.java:doStop(318)) - Stopped ServerConnector@54e3658c{HTTP/1.1,[http/1.1]}{0.0.0.0:0}
2019-10-25 21:27:16,303 [main] INFO  handler.ContextHandler (ContextHandler.java:doStop(910)) - Stopped o.e.j.s.ServletContextHandler@5fa23c{/static,jar:file:/home/user/.m2/repository/org/apache/hadoop/hadoop-hdds-container-service/0.5.0-SNAPSHOT/hadoop-hdds-container-service-0.5.0-SNAPSHOT.jar!/webapps/static,UNAVAILABLE}
2019-10-25 21:27:16,304 [main] INFO  handler.ContextHandler (ContextHandler.java:doStop(910)) - Stopped o.e.j.s.ServletContextHandler@6920614{/logs,file:///workdir/hadoop-ozone/integration-test/target/log,UNAVAILABLE}
2019-10-25 21:27:19,312 [java.util.concurrent.ThreadPoolExecutor$Worker@1ea5ced5[State = -1, empty queue]] WARN  server.GrpcLogAppender (GrpcLogAppender.java:timeoutAppendRequest(209)) - 1e09a021-a6d7-4a53-819d-98ce6b091a77@group-B007A63A5CCA->fe8e0c84-158f-427e-8307-4b533a2376d4-GrpcLogAppender: appendEntries Timeout, request=1e09a021-a6d7-4a53-819d-98ce6b091a77->fe8e0c84-158f-427e-8307-4b533a2376d4#8-t2, previous=(t:2, i:4), leaderCommit=4, initializing? false, entries: size=1, first=(t:2, i:5), STATEMACHINELOGENTRY, client-6DCA51C798D1, cid=8
2019-10-25 21:27:19,315 [java.util.concurrent.ThreadPoolExecutor$Worker@1ea5ced5[State = -1, empty queue]] WARN  server.GrpcLogAppender (GrpcLogAppender.java:timeoutAppendRequest(209)) - 1e09a021-a6d7-4a53-819d-98ce6b091a77@group-B007A63A5CCA->fe8e0c84-158f-427e-8307-4b533a2376d4-GrpcLogAppender: appendEntries Timeout, request=1e09a021-a6d7-4a53-819d-98ce6b091a77->fe8e0c84-158f-427e-8307-4b533a2376d4#9-t2, previous=(t:2, i:5), leaderCommit=4, initializing? false, entries: size=1, first=(t:2, i:6), STATEMACHINELOGENTRY, client-6DCA51C798D1, cid=9
2019-10-25 21:27:19,329 [java.util.concurrent.ThreadPoolExecutor$Worker@1ea5ced5[State = -1, empty queue]] WARN  server.GrpcLogAppender (GrpcLogAppender.java:timeoutAppendRequest(209)) - 1e09a021-a6d7-4a53-819d-98ce6b091a77@group-B007A63A5CCA->fe8e0c84-158f-427e-8307-4b533a2376d4-GrpcLogAppender: appendEntries Timeout, request=1e09a021-a6d7-4a53-819d-98ce6b091a77->fe8e0c84-158f-427e-8307-4b533a2376d4#10-t2, previous=(t:2, i:6), leaderCommit=6, initializing? false, entries: size=1, first=(t:2, i:7), METADATAENTRY(c5)
2019-10-25 21:27:19,329 [java.util.concurrent.ThreadPoolExecutor$Worker@1ea5ced5[State = -1, empty queue]] WARN  server.GrpcLogAppender (GrpcLogAppender.java:timeoutAppendRequest(209)) - 1e09a021-a6d7-4a53-819d-98ce6b091a77@group-B007A63A5CCA->fe8e0c84-158f-427e-8307-4b533a2376d4-GrpcLogAppender: appendEntries Timeout, request=1e09a021-a6d7-4a53-819d-98ce6b091a77->fe8e0c84-158f-427e-8307-4b533a2376d4#11-t2, previous=(t:2, i:7), leaderCommit=6, initializing? false, entries: size=1, first=(t:2, i:8), METADATAENTRY(c6)
2019-10-25 21:27:21,830 [java.util.concurrent.ThreadPoolExecutor$Worker@1ea5ced5[State = -1, empty queue]] WARN  server.GrpcLogAppender (GrpcLogAppender.java:timeoutAppendRequest(209)) - 1e09a021-a6d7-4a53-819d-98ce6b091a77@group-B007A63A5CCA->fe8e0c84-158f-427e-8307-4b533a2376d4-GrpcLogAppender: appendEntries Timeout, request=1e09a021-a6d7-4a53-819d-98ce6b091a77->fe8e0c84-158f-427e-8307-4b533a2376d4#12-t2, previous=(t:2, i:8), leaderCommit=8, initializing? false, entries: <empty>
2019-10-25 21:27:24,332 [java.util.concurrent.ThreadPoolExecutor$Worker@1ea5ced5[State = -1, empty queue]] WARN  server.GrpcLogAppender (GrpcLogAppender.java:timeoutAppendRequest(209)) - 1e09a021-a6d7-4a53-819d-98ce6b091a77@group-B007A63A5CCA->fe8e0c84-158f-427e-8307-4b533a2376d4-GrpcLogAppender: appendEntries Timeout, request=1e09a021-a6d7-4a53-819d-98ce6b091a77->fe8e0c84-158f-427e-8307-4b533a2376d4#13-t2, previous=(t:2, i:8), leaderCommit=8, initializing? false, entries: <empty>
2019-10-25 21:27:25,374 [Thread-291] INFO  client.GrpcClientProtocolService (GrpcClientProtocolService.java:lambda$processClientRequest$0(278)) - Failed RaftClientRequest:client-6DCA51C798D1->b43dc2d2-5265-4a31-922b-3f50c0227a2c@group-B007A63A5CCA, cid=10, seq=0, Watch-ALL_COMMITTED(6), Message:<EMPTY>, reply=RaftClientReply:client-6DCA51C798D1->b43dc2d2-5265-4a31-922b-3f50c0227a2c@group-B007A63A5CCA, cid=10, FAILED org.apache.ratis.protocol.NotLeaderException: Server b43dc2d2-5265-4a31-922b-3f50c0227a2c@group-B007A63A5CCA is not the leader 1e09a021-a6d7-4a53-819d-98ce6b091a77:192.168.34.41:46402, logIndex=0, commits[b43dc2d2-5265-4a31-922b-3f50c0227a2c:c8, 1e09a021-a6d7-4a53-819d-98ce6b091a77:c8, fe8e0c84-158f-427e-8307-4b533a2376d4:c4]
2019-10-25 21:27:26,759 [Thread-295] INFO  client.GrpcClientProtocolService (GrpcClientProtocolService.java:lambda$processClientRequest$0(278)) - Failed RaftClientRequest:client-6DCA51C798D1->1e09a021-a6d7-4a53-819d-98ce6b091a77@group-B007A63A5CCA, cid=10, seq=0, Watch-ALL_COMMITTED(6), Message:<EMPTY>, reply=RaftClientReply:client-6DCA51C798D1->1e09a021-a6d7-4a53-819d-98ce6b091a77@group-B007A63A5CCA, cid=10, FAILED org.apache.ratis.protocol.NotReplicatedException: Request with call Id 10 and log index 6 is not yet replicated to ALL_COMMITTED, logIndex=6, commits[1e09a021-a6d7-4a53-819d-98ce6b091a77:c8, b43dc2d2-5265-4a31-922b-3f50c0227a2c:c8, fe8e0c84-158f-427e-8307-4b533a2376d4:c4]
2019-10-25 21:27:26,835 [java.util.concurrent.ThreadPoolExecutor$Worker@1ea5ced5[State = -1, empty queue]] WARN  server.GrpcLogAppender (GrpcLogAppender.java:timeoutAppendRequest(209)) - 1e09a021-a6d7-4a53-819d-98ce6b091a77@group-B007A63A5CCA->fe8e0c84-158f-427e-8307-4b533a2376d4-GrpcLogAppender: appendEntries Timeout, request=1e09a021-a6d7-4a53-819d-98ce6b091a77->fe8e0c84-158f-427e-8307-4b533a2376d4#14-t2, previous=(t:2, i:8), leaderCommit=8, initializing? false, entries: <empty>
2019-10-25 21:27:29,336 [java.util.concurrent.ThreadPoolExecutor$Worker@1ea5ced5[State = -1, empty queue]] WARN  server.GrpcLogAppender (GrpcLogAppender.java:timeoutAppendRequest(209)) - 1e09a021-a6d7-4a53-819d-98ce6b091a77@group-B007A63A5CCA->fe8e0c84-158f-427e-8307-4b533a2376d4-GrpcLogAppender: appendEntries Timeout, request=1e09a021-a6d7-4a53-819d-98ce6b091a77->fe8e0c84-158f-427e-8307-4b533a2376d4#15-t2, previous=(t:2, i:8), leaderCommit=8, initializing? false, entries: <empty>
2019-10-25 21:27:31,836 [java.util.concurrent.ThreadPoolExecutor$Worker@1ea5ced5[State = -1, empty queue]] WARN  server.GrpcLogAppender (GrpcLogAppender.java:timeoutAppendRequest(209)) - 1e09a021-a6d7-4a53-819d-98ce6b091a77@group-B007A63A5CCA->fe8e0c84-158f-427e-8307-4b533a2376d4-GrpcLogAppender: appendEntries Timeout, request=1e09a021-a6d7-4a53-819d-98ce6b091a77->fe8e0c84-158f-427e-8307-4b533a2376d4#16-t2, previous=(t:2, i:8), leaderCommit=8, initializing? false, entries: <empty>
2019-10-25 21:27:34,338 [java.util.concurrent.ThreadPoolExecutor$Worker@1ea5ced5[State = -1, empty queue]] WARN  server.GrpcLogAppender (GrpcLogAppender.java:timeoutAppendRequest(209)) - 1e09a021-a6d7-4a53-819d-98ce6b091a77@group-B007A63A5CCA->fe8e0c84-158f-427e-8307-4b533a2376d4-GrpcLogAppender: appendEntries Timeout, request=1e09a021-a6d7-4a53-819d-98ce6b091a77->fe8e0c84-158f-427e-8307-4b533a2376d4#17-t2, previous=(t:2, i:8), leaderCommit=8, initializing? false, entries: <empty>
2019-10-25 21:27:34,411 [Thread-301] INFO  client.GrpcClientProtocolService (GrpcClientProtocolService.java:lambda$processClientRequest$0(278)) - Failed RaftClientRequest:client-6DCA51C798D1->b43dc2d2-5265-4a31-922b-3f50c0227a2c@group-B007A63A5CCA, cid=10, seq=0, Watch-ALL_COMMITTED(6), Message:<EMPTY>, reply=RaftClientReply:client-6DCA51C798D1->b43dc2d2-5265-4a31-922b-3f50c0227a2c@group-B007A63A5CCA, cid=10, FAILED org.apache.ratis.protocol.NotLeaderException: Server b43dc2d2-5265-4a31-922b-3f50c0227a2c@group-B007A63A5CCA is not the leader 1e09a021-a6d7-4a53-819d-98ce6b091a77:192.168.34.41:46402, logIndex=0, commits[b43dc2d2-5265-4a31-922b-3f50c0227a2c:c8, 1e09a021-a6d7-4a53-819d-98ce6b091a77:c8, fe8e0c84-158f-427e-8307-4b533a2376d4:c4]
2019-10-25 21:27:35,755 [Thread-304] INFO  client.GrpcClientProtocolService (GrpcClientProtocolService.java:lambda$processClientRequest$0(278)) - Failed RaftClientRequest:client-6DCA51C798D1->1e09a021-a6d7-4a53-819d-98ce6b091a77@group-B007A63A5CCA, cid=10, seq=0, Watch-ALL_COMMITTED(6), Message:<EMPTY>, reply=RaftClientReply:client-6DCA51C798D1->1e09a021-a6d7-4a53-819d-98ce6b091a77@group-B007A63A5CCA, cid=10, FAILED org.apache.ratis.protocol.NotReplicatedException: Request with call Id 10 and log index 6 is not yet replicated to ALL_COMMITTED, logIndex=6, commits[1e09a021-a6d7-4a53-819d-98ce6b091a77:c8, b43dc2d2-5265-4a31-922b-3f50c0227a2c:c8, fe8e0c84-158f-427e-8307-4b533a2376d4:c4]
2019-10-25 21:27:36,840 [java.util.concurrent.ThreadPoolExecutor$Worker@1ea5ced5[State = -1, empty queue]] WARN  server.GrpcLogAppender (GrpcLogAppender.java:timeoutAppendRequest(209)) - 1e09a021-a6d7-4a53-819d-98ce6b091a77@group-B007A63A5CCA->fe8e0c84-158f-427e-8307-4b533a2376d4-GrpcLogAppender: appendEntries Timeout, request=1e09a021-a6d7-4a53-819d-98ce6b091a77->fe8e0c84-158f-427e-8307-4b533a2376d4#18-t2, previous=(t:2, i:8), leaderCommit=8, initializing? false, entries: <empty>
2019-10-25 21:27:39,341 [java.util.concurrent.ThreadPoolExecutor$Worker@1ea5ced5[State = -1, empty queue]] WARN  server.GrpcLogAppender (GrpcLogAppender.java:timeoutAppendRequest(209)) - 1e09a021-a6d7-4a53-819d-98ce6b091a77@group-B007A63A5CCA->fe8e0c84-158f-427e-8307-4b533a2376d4-GrpcLogAppender: appendEntries Timeout, request=1e09a021-a6d7-4a53-819d-98ce6b091a77->fe8e0c84-158f-427e-8307-4b533a2376d4#19-t2, previous=(t:2, i:8), leaderCommit=8, initializing? false, entries: <empty>
2019-10-25 21:27:41,844 [java.util.concurrent.ThreadPoolExecutor$Worker@1ea5ced5[State = -1, empty queue]] WARN  server.GrpcLogAppender (GrpcLogAppender.java:timeoutAppendRequest(209)) - 1e09a021-a6d7-4a53-819d-98ce6b091a77@group-B007A63A5CCA->fe8e0c84-158f-427e-8307-4b533a2376d4-GrpcLogAppender: appendEntries Timeout, request=1e09a021-a6d7-4a53-819d-98ce6b091a77->fe8e0c84-158f-427e-8307-4b533a2376d4#20-t2, previous=(t:2, i:8), leaderCommit=8, initializing? false, entries: <empty>
2019-10-25 21:27:43,465 [Thread-310] INFO  client.GrpcClientProtocolService (GrpcClientProtocolService.java:lambda$processClientRequest$0(278)) - Failed RaftClientRequest:client-6DCA51C798D1->b43dc2d2-5265-4a31-922b-3f50c0227a2c@group-B007A63A5CCA, cid=10, seq=0, Watch-ALL_COMMITTED(6), Message:<EMPTY>, reply=RaftClientReply:client-6DCA51C798D1->b43dc2d2-5265-4a31-922b-3f50c0227a2c@group-B007A63A5CCA, cid=10, FAILED org.apache.ratis.protocol.NotLeaderException: Server b43dc2d2-5265-4a31-922b-3f50c0227a2c@group-B007A63A5CCA is not the leader 1e09a021-a6d7-4a53-819d-98ce6b091a77:192.168.34.41:46402, logIndex=0, commits[b43dc2d2-5265-4a31-922b-3f50c0227a2c:c8, 1e09a021-a6d7-4a53-819d-98ce6b091a77:c8, fe8e0c84-158f-427e-8307-4b533a2376d4:c4]
2019-10-25 21:27:44,347 [java.util.concurrent.ThreadPoolExecutor$Worker@1ea5ced5[State = -1, empty queue]] WARN  server.GrpcLogAppender (GrpcLogAppender.java:timeoutAppendRequest(209)) - 1e09a021-a6d7-4a53-819d-98ce6b091a77@group-B007A63A5CCA->fe8e0c84-158f-427e-8307-4b533a2376d4-GrpcLogAppender: appendEntries Timeout, request=1e09a021-a6d7-4a53-819d-98ce6b091a77->fe8e0c84-158f-427e-8307-4b533a2376d4#21-t2, previous=(t:2, i:8), leaderCommit=8, initializing? false, entries: <empty>
2019-10-25 21:27:44,757 [Thread-314] INFO  client.GrpcClientProtocolService (GrpcClientProtocolService.java:lambda$processClientRequest$0(278)) - Failed RaftClientRequest:client-6DCA51C798D1->1e09a021-a6d7-4a53-819d-98ce6b091a77@group-B007A63A5CCA, cid=10, seq=0, Watch-ALL_COMMITTED(6), Message:<EMPTY>, reply=RaftClientReply:client-6DCA51C798D1->1e09a021-a6d7-4a53-819d-98ce6b091a77@group-B007A63A5CCA, cid=10, FAILED org.apache.ratis.protocol.NotReplicatedException: Request with call Id 10 and log index 6 is not yet replicated to ALL_COMMITTED, logIndex=6, commits[1e09a021-a6d7-4a53-819d-98ce6b091a77:c8, b43dc2d2-5265-4a31-922b-3f50c0227a2c:c8, fe8e0c84-158f-427e-8307-4b533a2376d4:c4]
2019-10-25 21:27:46,345 [main] WARN  scm.XceiverClientRatis (XceiverClientRatis.java:watchForCommit(277)) - 3 way commit failed on pipeline Pipeline[ Id: 69397456-ee7f-4bbb-8423-b007a63a5cca, Nodes: 1e09a021-a6d7-4a53-819d-98ce6b091a77{ip: 192.168.34.41, host: pr-hdds-2311-njw4j-1908075285, networkLocation: /default-rack, certSerialId: null}fe8e0c84-158f-427e-8307-4b533a2376d4{ip: 192.168.34.41, host: pr-hdds-2311-njw4j-1908075285, networkLocation: /default-rack, certSerialId: null}b43dc2d2-5265-4a31-922b-3f50c0227a2c{ip: 192.168.34.41, host: pr-hdds-2311-njw4j-1908075285, networkLocation: /default-rack, certSerialId: null}, Type:RATIS, Factor:THREE, State:OPEN]
java.util.concurrent.TimeoutException
	at java.util.concurrent.CompletableFuture.timedGet(CompletableFuture.java:1771)
	at java.util.concurrent.CompletableFuture.get(CompletableFuture.java:1915)
	at org.apache.hadoop.hdds.scm.XceiverClientRatis.watchForCommit(XceiverClientRatis.java:274)
	at org.apache.hadoop.hdds.scm.storage.CommitWatcher.watchForCommit(CommitWatcher.java:198)
	at org.apache.hadoop.hdds.scm.storage.CommitWatcher.watchOnLastIndex(CommitWatcher.java:161)
	at org.apache.hadoop.hdds.scm.storage.BlockOutputStream.watchForCommit(BlockOutputStream.java:346)
	at org.apache.hadoop.hdds.scm.storage.BlockOutputStream.handleFlush(BlockOutputStream.java:482)
	at org.apache.hadoop.hdds.scm.storage.BlockOutputStream.close(BlockOutputStream.java:496)
	at org.apache.hadoop.ozone.client.io.BlockOutputStreamEntry.close(BlockOutputStreamEntry.java:143)
	at org.apache.hadoop.ozone.client.io.KeyOutputStream.handleFlushOrClose(KeyOutputStream.java:435)
	at org.apache.hadoop.ozone.client.io.KeyOutputStream.close(KeyOutputStream.java:473)
	at org.apache.hadoop.ozone.client.io.OzoneOutputStream.close(OzoneOutputStream.java:60)
	at org.apache.hadoop.ozone.client.rpc.TestDeleteWithSlowFollower.testDeleteKeyWithSlowFollower(TestDeleteWithSlowFollower.java:193)
	at sun.reflect.NativeMethodAccessorImpl.invoke0(Native Method)
	at sun.reflect.NativeMethodAccessorImpl.invoke(NativeMethodAccessorImpl.java:62)
	at sun.reflect.DelegatingMethodAccessorImpl.invoke(DelegatingMethodAccessorImpl.java:43)
	at java.lang.reflect.Method.invoke(Method.java:498)
	at org.junit.runners.model.FrameworkMethod$1.runReflectiveCall(FrameworkMethod.java:47)
	at org.junit.internal.runners.model.ReflectiveCallable.run(ReflectiveCallable.java:12)
	at org.junit.runners.model.FrameworkMethod.invokeExplosively(FrameworkMethod.java:44)
	at org.junit.internal.runners.statements.InvokeMethod.evaluate(InvokeMethod.java:17)
	at org.junit.runners.ParentRunner.runLeaf(ParentRunner.java:271)
	at org.junit.runners.BlockJUnit4ClassRunner.runChild(BlockJUnit4ClassRunner.java:70)
	at org.junit.runners.BlockJUnit4ClassRunner.runChild(BlockJUnit4ClassRunner.java:50)
	at org.junit.runners.ParentRunner$3.run(ParentRunner.java:238)
	at org.junit.runners.ParentRunner$1.schedule(ParentRunner.java:63)
	at org.junit.runners.ParentRunner.runChildren(ParentRunner.java:236)
	at org.junit.runners.ParentRunner.access$000(ParentRunner.java:53)
	at org.junit.runners.ParentRunner$2.evaluate(ParentRunner.java:229)
	at org.junit.internal.runners.statements.RunBefores.evaluate(RunBefores.java:26)
	at org.junit.internal.runners.statements.RunAfters.evaluate(RunAfters.java:27)
	at org.junit.runners.ParentRunner.run(ParentRunner.java:309)
	at org.apache.maven.surefire.junit4.JUnit4Provider.execute(JUnit4Provider.java:365)
	at org.apache.maven.surefire.junit4.JUnit4Provider.executeWithRerun(JUnit4Provider.java:273)
	at org.apache.maven.surefire.junit4.JUnit4Provider.executeTestSet(JUnit4Provider.java:238)
	at org.apache.maven.surefire.junit4.JUnit4Provider.invoke(JUnit4Provider.java:159)
	at org.apache.maven.surefire.booter.ForkedBooter.invokeProviderInSameClassLoader(ForkedBooter.java:384)
	at org.apache.maven.surefire.booter.ForkedBooter.runSuitesInProcess(ForkedBooter.java:345)
	at org.apache.maven.surefire.booter.ForkedBooter.execute(ForkedBooter.java:126)
	at org.apache.maven.surefire.booter.ForkedBooter.main(ForkedBooter.java:418)
2019-10-25 21:27:46,365 [main] INFO  scm.XceiverClientRatis (XceiverClientRatis.java:lambda$watchForCommit$5(295)) - Could not commit index 6 on pipeline Pipeline[ Id: 69397456-ee7f-4bbb-8423-b007a63a5cca, Nodes: 1e09a021-a6d7-4a53-819d-98ce6b091a77{ip: 192.168.34.41, host: pr-hdds-2311-njw4j-1908075285, networkLocation: /default-rack, certSerialId: null}fe8e0c84-158f-427e-8307-4b533a2376d4{ip: 192.168.34.41, host: pr-hdds-2311-njw4j-1908075285, networkLocation: /default-rack, certSerialId: null}b43dc2d2-5265-4a31-922b-3f50c0227a2c{ip: 192.168.34.41, host: pr-hdds-2311-njw4j-1908075285, networkLocation: /default-rack, certSerialId: null}, Type:RATIS, Factor:THREE, State:OPEN] to all the nodes. Server fe8e0c84-158f-427e-8307-4b533a2376d4 has failed. Committed by majority.
2019-10-25 21:27:46,366 [main] WARN  storage.BlockOutputStream (BlockOutputStream.java:watchForCommit(352)) - Failed to commit BlockId conID: 1 locID: 103025136795123712 bcsId: 6 on Pipeline[ Id: 69397456-ee7f-4bbb-8423-b007a63a5cca, Nodes: 1e09a021-a6d7-4a53-819d-98ce6b091a77{ip: 192.168.34.41, host: pr-hdds-2311-njw4j-1908075285, networkLocation: /default-rack, certSerialId: null}fe8e0c84-158f-427e-8307-4b533a2376d4{ip: 192.168.34.41, host: pr-hdds-2311-njw4j-1908075285, networkLocation: /default-rack, certSerialId: null}b43dc2d2-5265-4a31-922b-3f50c0227a2c{ip: 192.168.34.41, host: pr-hdds-2311-njw4j-1908075285, networkLocation: /default-rack, certSerialId: null}, Type:RATIS, Factor:THREE, State:OPEN]. Failed nodes: [fe8e0c84-158f-427e-8307-4b533a2376d4{ip: null, host: null, networkLocation: /default-rack, certSerialId: null}]
2019-10-25 21:27:46,436 [EventQueue-IncrementalContainerReportForIncrementalContainerReportHandler] WARN  container.IncrementalContainerReportHandler (AbstractContainerReportHandler.java:updateContainerState(145)) - Container #1 is in OPEN state, but the datanode 1e09a021-a6d7-4a53-819d-98ce6b091a77{ip: 192.168.34.41, host: pr-hdds-2311-njw4j-1908075285, networkLocation: /default-rack, certSerialId: null} reports an CLOSING replica.
2019-10-25 21:27:46,447 [RatisApplyTransactionExecutor 1] INFO  interfaces.Container (KeyValueContainer.java:flushAndSyncDB(386)) - Container 1 is synced with bcsId 6.
2019-10-25 21:27:46,448 [RatisApplyTransactionExecutor 1] INFO  interfaces.Container (KeyValueContainer.java:flushAndSyncDB(386)) - Container 1 is synced with bcsId 6.
2019-10-25 21:27:46,474 [RatisApplyTransactionExecutor 1] INFO  interfaces.Container (KeyValueContainer.java:close(335)) - Container 1 is closed with bcsId 6.
2019-10-25 21:27:46,476 [EventQueue-ContainerReportForContainerReportHandler] WARN  container.ContainerReportHandler (AbstractContainerReportHandler.java:updateContainerState(145)) - Container #1 is in OPEN state, but the datanode 1e09a021-a6d7-4a53-819d-98ce6b091a77{ip: 192.168.34.41, host: pr-hdds-2311-njw4j-1908075285, networkLocation: /default-rack, certSerialId: null} reports an CLOSING replica.
2019-10-25 21:27:46,476 [EventQueue-IncrementalContainerReportForIncrementalContainerReportHandler] WARN  container.IncrementalContainerReportHandler (AbstractContainerReportHandler.java:updateContainerState(145)) - Container #1 is in OPEN state, but the datanode 1e09a021-a6d7-4a53-819d-98ce6b091a77{ip: 192.168.34.41, host: pr-hdds-2311-njw4j-1908075285, networkLocation: /default-rack, certSerialId: null} reports an CLOSED replica.
2019-10-25 21:27:46,477 [EventQueue-IncrementalContainerReportForIncrementalContainerReportHandler] WARN  container.IncrementalContainerReportHandler (AbstractContainerReportHandler.java:updateContainerState(145)) - Container #1 is in OPEN state, but the datanode b43dc2d2-5265-4a31-922b-3f50c0227a2c{ip: 192.168.34.41, host: pr-hdds-2311-njw4j-1908075285, networkLocation: /default-rack, certSerialId: null} reports an CLOSING replica.
2019-10-25 21:27:46,485 [RatisApplyTransactionExecutor 1] INFO  interfaces.Container (KeyValueContainer.java:flushAndSyncDB(386)) - Container 1 is synced with bcsId 6.
2019-10-25 21:27:46,486 [RatisApplyTransactionExecutor 1] INFO  interfaces.Container (KeyValueContainer.java:flushAndSyncDB(386)) - Container 1 is synced with bcsId 6.
2019-10-25 21:27:46,502 [RatisApplyTransactionExecutor 1] INFO  interfaces.Container (KeyValueContainer.java:close(335)) - Container 1 is closed with bcsId 6.
2019-10-25 21:27:46,504 [EventQueue-IncrementalContainerReportForIncrementalContainerReportHandler] WARN  container.IncrementalContainerReportHandler (AbstractContainerReportHandler.java:updateContainerState(145)) - Container #1 is in OPEN state, but the datanode b43dc2d2-5265-4a31-922b-3f50c0227a2c{ip: 192.168.34.41, host: pr-hdds-2311-njw4j-1908075285, networkLocation: /default-rack, certSerialId: null} reports an CLOSED replica.
2019-10-25 21:27:46,604 [EventQueue-ContainerReportForContainerReportHandler] WARN  container.ContainerReportHandler (AbstractContainerReportHandler.java:updateContainerState(145)) - Container #1 is in OPEN state, but the datanode b43dc2d2-5265-4a31-922b-3f50c0227a2c{ip: 192.168.34.41, host: pr-hdds-2311-njw4j-1908075285, networkLocation: /default-rack, certSerialId: null} reports an CLOSED replica.
2019-10-25 21:27:46,675 [EventQueue-ContainerReportForContainerReportHandler] WARN  container.ContainerReportHandler (AbstractContainerReportHandler.java:updateContainerState(145)) - Container #1 is in OPEN state, but the datanode 1e09a021-a6d7-4a53-819d-98ce6b091a77{ip: 192.168.34.41, host: pr-hdds-2311-njw4j-1908075285, networkLocation: /default-rack, certSerialId: null} reports an CLOSED replica.
2019-10-25 21:27:46,848 [java.util.concurrent.ThreadPoolExecutor$Worker@1ea5ced5[State = -1, empty queue]] WARN  server.GrpcLogAppender (GrpcLogAppender.java:timeoutAppendRequest(209)) - 1e09a021-a6d7-4a53-819d-98ce6b091a77@group-B007A63A5CCA->fe8e0c84-158f-427e-8307-4b533a2376d4-GrpcLogAppender: appendEntries Timeout, request=1e09a021-a6d7-4a53-819d-98ce6b091a77->fe8e0c84-158f-427e-8307-4b533a2376d4#22-t2, previous=(t:2, i:8), leaderCommit=8, initializing? false, entries: <empty>
2019-10-25 21:27:46,904 [EventQueue-ContainerReportForContainerReportHandler] WARN  container.ContainerReportHandler (AbstractContainerReportHandler.java:updateContainerState(145)) - Container #1 is in OPEN state, but the datanode b43dc2d2-5265-4a31-922b-3f50c0227a2c{ip: 192.168.34.41, host: pr-hdds-2311-njw4j-1908075285, networkLocation: /default-rack, certSerialId: null} reports an CLOSED replica.
2019-10-25 21:27:47,076 [EventQueue-ContainerReportForContainerReportHandler] WARN  container.ContainerReportHandler (AbstractContainerReportHandler.java:updateContainerState(145)) - Container #1 is in OPEN state, but the datanode 1e09a021-a6d7-4a53-819d-98ce6b091a77{ip: 192.168.34.41, host: pr-hdds-2311-njw4j-1908075285, networkLocation: /default-rack, certSerialId: null} reports an CLOSED replica.
2019-10-25 21:27:47,204 [EventQueue-ContainerReportForContainerReportHandler] WARN  container.ContainerReportHandler (AbstractContainerReportHandler.java:updateContainerState(145)) - Container #1 is in OPEN state, but the datanode b43dc2d2-5265-4a31-922b-3f50c0227a2c{ip: 192.168.34.41, host: pr-hdds-2311-njw4j-1908075285, networkLocation: /default-rack, certSerialId: null} reports an CLOSED replica.
2019-10-25 21:27:47,318 [IPC Server handler 0 on 36017] INFO  server.SCMBlockProtocolServer (SCMBlockProtocolServer.java:deleteKeyBlocks(212)) - SCM is informed by OM to delete 1 blocks
2019-10-25 21:27:47,319 [IPC Server handler 0 on 36017] INFO  block.BlockManagerImpl (BlockManagerImpl.java:deleteBlocks(285)) - Deleting blocks conID: 1 locID: 103025136795123712 bcsId: 0
2019-10-25 21:27:47,376 [EventQueue-ContainerReportForContainerReportHandler] WARN  container.ContainerReportHandler (AbstractContainerReportHandler.java:updateContainerState(145)) - Container #1 is in OPEN state, but the datanode 1e09a021-a6d7-4a53-819d-98ce6b091a77{ip: 192.168.34.41, host: pr-hdds-2311-njw4j-1908075285, networkLocation: /default-rack, certSerialId: null} reports an CLOSED replica.
2019-10-25 21:27:47,467 [BlockDeletingService#2] WARN  background.BlockDeletingService (BlockDeletingService.java:isDeletionAllowed(187)) - Close Container log Index 6 is not replicated across allthe servers in the pipeline 69397456-ee7f-4bbb-8423-b007a63a5cca as the min replicated index is 4. Deletion is not allowed in this container yet.
2019-10-25 21:27:47,469 [BlockDeletingService#2] WARN  background.BlockDeletingService (BlockDeletingService.java:isDeletionAllowed(187)) - Close Container log Index 6 is not replicated across allthe servers in the pipeline 69397456-ee7f-4bbb-8423-b007a63a5cca as the min replicated index is 4. Deletion is not allowed in this container yet.
2019-10-25 21:27:47,503 [EventQueue-ContainerReportForContainerReportHandler] WARN  container.ContainerReportHandler (AbstractContainerReportHandler.java:updateContainerState(145)) - Container #1 is in OPEN state, but the datanode b43dc2d2-5265-4a31-922b-3f50c0227a2c{ip: 192.168.34.41, host: pr-hdds-2311-njw4j-1908075285, networkLocation: /default-rack, certSerialId: null} reports an CLOSED replica.
2019-10-25 21:27:47,676 [EventQueue-ContainerReportForContainerReportHandler] WARN  container.ContainerReportHandler (AbstractContainerReportHandler.java:updateContainerState(145)) - Container #1 is in OPEN state, but the datanode 1e09a021-a6d7-4a53-819d-98ce6b091a77{ip: 192.168.34.41, host: pr-hdds-2311-njw4j-1908075285, networkLocation: /default-rack, certSerialId: null} reports an CLOSED replica.
2019-10-25 21:27:47,704 [EventQueue-ContainerReportForContainerReportHandler] WARN  container.ContainerReportHandler (AbstractContainerReportHandler.java:updateContainerState(145)) - Container #1 is in OPEN state, but the datanode b43dc2d2-5265-4a31-922b-3f50c0227a2c{ip: 192.168.34.41, host: pr-hdds-2311-njw4j-1908075285, networkLocation: /default-rack, certSerialId: null} reports an CLOSED replica.
2019-10-25 21:27:47,979 [EventQueue-ContainerReportForContainerReportHandler] WARN  container.ContainerReportHandler (AbstractContainerReportHandler.java:updateContainerState(145)) - Container #1 is in OPEN state, but the datanode 1e09a021-a6d7-4a53-819d-98ce6b091a77{ip: 192.168.34.41, host: pr-hdds-2311-njw4j-1908075285, networkLocation: /default-rack, certSerialId: null} reports an CLOSED replica.
2019-10-25 21:27:48,004 [EventQueue-ContainerReportForContainerReportHandler] WARN  container.ContainerReportHandler (AbstractContainerReportHandler.java:updateContainerState(145)) - Container #1 is in OPEN state, but the datanode b43dc2d2-5265-4a31-922b-3f50c0227a2c{ip: 192.168.34.41, host: pr-hdds-2311-njw4j-1908075285, networkLocation: /default-rack, certSerialId: null} reports an CLOSED replica.
2019-10-25 21:27:48,177 [EventQueue-ContainerReportForContainerReportHandler] WARN  container.ContainerReportHandler (AbstractContainerReportHandler.java:updateContainerState(145)) - Container #1 is in OPEN state, but the datanode 1e09a021-a6d7-4a53-819d-98ce6b091a77{ip: 192.168.34.41, host: pr-hdds-2311-njw4j-1908075285, networkLocation: /default-rack, certSerialId: null} reports an CLOSED replica.
2019-10-25 21:27:48,304 [EventQueue-ContainerReportForContainerReportHandler] WARN  container.ContainerReportHandler (AbstractContainerReportHandler.java:updateContainerState(145)) - Container #1 is in OPEN state, but the datanode b43dc2d2-5265-4a31-922b-3f50c0227a2c{ip: 192.168.34.41, host: pr-hdds-2311-njw4j-1908075285, networkLocation: /default-rack, certSerialId: null} reports an CLOSED replica.
2019-10-25 21:27:48,468 [BlockDeletingService#2] WARN  background.BlockDeletingService (BlockDeletingService.java:isDeletionAllowed(187)) - Close Container log Index 6 is not replicated across allthe servers in the pipeline 69397456-ee7f-4bbb-8423-b007a63a5cca as the min replicated index is 4. Deletion is not allowed in this container yet.
2019-10-25 21:27:48,472 [BlockDeletingService#2] WARN  background.BlockDeletingService (BlockDeletingService.java:isDeletionAllowed(187)) - Close Container log Index 6 is not replicated across allthe servers in the pipeline 69397456-ee7f-4bbb-8423-b007a63a5cca as the min replicated index is 4. Deletion is not allowed in this container yet.
2019-10-25 21:27:48,477 [EventQueue-ContainerReportForContainerReportHandler] WARN  container.ContainerReportHandler (AbstractContainerReportHandler.java:updateContainerState(145)) - Container #1 is in OPEN state, but the datanode 1e09a021-a6d7-4a53-819d-98ce6b091a77{ip: 192.168.34.41, host: pr-hdds-2311-njw4j-1908075285, networkLocation: /default-rack, certSerialId: null} reports an CLOSED replica.
2019-10-25 21:27:48,604 [EventQueue-ContainerReportForContainerReportHandler] WARN  container.ContainerReportHandler (AbstractContainerReportHandler.java:updateContainerState(145)) - Container #1 is in OPEN state, but the datanode b43dc2d2-5265-4a31-922b-3f50c0227a2c{ip: 192.168.34.41, host: pr-hdds-2311-njw4j-1908075285, networkLocation: /default-rack, certSerialId: null} reports an CLOSED replica.
2019-10-25 21:27:48,877 [EventQueue-ContainerReportForContainerReportHandler] WARN  container.ContainerReportHandler (AbstractContainerReportHandler.java:updateContainerState(145)) - Container #1 is in OPEN state, but the datanode 1e09a021-a6d7-4a53-819d-98ce6b091a77{ip: 192.168.34.41, host: pr-hdds-2311-njw4j-1908075285, networkLocation: /default-rack, certSerialId: null} reports an CLOSED replica.
2019-10-25 21:27:48,904 [EventQueue-ContainerReportForContainerReportHandler] WARN  container.ContainerReportHandler (AbstractContainerReportHandler.java:updateContainerState(145)) - Container #1 is in OPEN state, but the datanode b43dc2d2-5265-4a31-922b-3f50c0227a2c{ip: 192.168.34.41, host: pr-hdds-2311-njw4j-1908075285, networkLocation: /default-rack, certSerialId: null} reports an CLOSED replica.
2019-10-25 21:27:49,077 [EventQueue-ContainerReportForContainerReportHandler] WARN  container.ContainerReportHandler (AbstractContainerReportHandler.java:updateContainerState(145)) - Container #1 is in OPEN state, but the datanode 1e09a021-a6d7-4a53-819d-98ce6b091a77{ip: 192.168.34.41, host: pr-hdds-2311-njw4j-1908075285, networkLocation: /default-rack, certSerialId: null} reports an CLOSED replica.
2019-10-25 21:27:49,303 [EventQueue-ContainerReportForContainerReportHandler] WARN  container.ContainerReportHandler (AbstractContainerReportHandler.java:updateContainerState(145)) - Container #1 is in OPEN state, but the datanode b43dc2d2-5265-4a31-922b-3f50c0227a2c{ip: 192.168.34.41, host: pr-hdds-2311-njw4j-1908075285, networkLocation: /default-rack, certSerialId: null} reports an CLOSED replica.
2019-10-25 21:27:49,353 [java.util.concurrent.ThreadPoolExecutor$Worker@1ea5ced5[State = -1, empty queue]] WARN  server.GrpcLogAppender (GrpcLogAppender.java:timeoutAppendRequest(209)) - 1e09a021-a6d7-4a53-819d-98ce6b091a77@group-B007A63A5CCA->fe8e0c84-158f-427e-8307-4b533a2376d4-GrpcLogAppender: appendEntries Timeout, request=1e09a021-a6d7-4a53-819d-98ce6b091a77->fe8e0c84-158f-427e-8307-4b533a2376d4#23-t2, previous=(t:2, i:8), leaderCommit=8, initializing? false, entries: <empty>
2019-10-25 21:27:49,409 [java.util.concurrent.ThreadPoolExecutor$Worker@1ea5ced5[State = -1, empty queue]] WARN  server.GrpcLogAppender (GrpcLogAppender.java:timeoutAppendRequest(209)) - 1e09a021-a6d7-4a53-819d-98ce6b091a77@group-B007A63A5CCA->fe8e0c84-158f-427e-8307-4b533a2376d4-GrpcLogAppender: appendEntries Timeout, request=1e09a021-a6d7-4a53-819d-98ce6b091a77->fe8e0c84-158f-427e-8307-4b533a2376d4#24-t2, previous=(t:2, i:8), leaderCommit=8, initializing? false, entries: size=1, first=(t:2, i:9), STATEMACHINELOGENTRY, client-E2D1874F80EB, cid=12
2019-10-25 21:27:49,424 [java.util.concurrent.ThreadPoolExecutor$Worker@1ea5ced5[State = -1, empty queue]] WARN  server.GrpcLogAppender (GrpcLogAppender.java:timeoutAppendRequest(209)) - 1e09a021-a6d7-4a53-819d-98ce6b091a77@group-B007A63A5CCA->fe8e0c84-158f-427e-8307-4b533a2376d4-GrpcLogAppender: appendEntries Timeout, request=1e09a021-a6d7-4a53-819d-98ce6b091a77->fe8e0c84-158f-427e-8307-4b533a2376d4#25-t2, previous=(t:2, i:9), leaderCommit=9, initializing? false, entries: size=1, first=(t:2, i:10), METADATAENTRY(c9)
2019-10-25 21:27:49,471 [BlockDeletingService#2] WARN  background.BlockDeletingService (BlockDeletingService.java:isDeletionAllowed(187)) - Close Container log Index 6 is not replicated across allthe servers in the pipeline 69397456-ee7f-4bbb-8423-b007a63a5cca as the min replicated index is 4. Deletion is not allowed in this container yet.
2019-10-25 21:27:49,474 [BlockDeletingService#2] WARN  background.BlockDeletingService (BlockDeletingService.java:isDeletionAllowed(187)) - Close Container log Index 6 is not replicated across allthe servers in the pipeline 69397456-ee7f-4bbb-8423-b007a63a5cca as the min replicated index is 4. Deletion is not allowed in this container yet.
2019-10-25 21:27:49,477 [EventQueue-ContainerReportForContainerReportHandler] WARN  container.ContainerReportHandler (AbstractContainerReportHandler.java:updateContainerState(145)) - Container #1 is in OPEN state, but the datanode 1e09a021-a6d7-4a53-819d-98ce6b091a77{ip: 192.168.34.41, host: pr-hdds-2311-njw4j-1908075285, networkLocation: /default-rack, certSerialId: null} reports an CLOSED replica.
2019-10-25 21:27:49,506 [EventQueue-ContainerReportForContainerReportHandler] WARN  container.ContainerReportHandler (AbstractContainerReportHandler.java:updateContainerState(145)) - Container #1 is in OPEN state, but the datanode b43dc2d2-5265-4a31-922b-3f50c0227a2c{ip: 192.168.34.41, host: pr-hdds-2311-njw4j-1908075285, networkLocation: /default-rack, certSerialId: null} reports an CLOSED replica.
2019-10-25 21:27:49,776 [EventQueue-ContainerReportForContainerReportHandler] WARN  container.ContainerReportHandler (AbstractContainerReportHandler.java:updateContainerState(145)) - Container #1 is in OPEN state, but the datanode 1e09a021-a6d7-4a53-819d-98ce6b091a77{ip: 192.168.34.41, host: pr-hdds-2311-njw4j-1908075285, networkLocation: /default-rack, certSerialId: null} reports an CLOSED replica.
2019-10-25 21:27:49,907 [EventQueue-ContainerReportForContainerReportHandler] WARN  container.ContainerReportHandler (AbstractContainerReportHandler.java:updateContainerState(145)) - Container #1 is in OPEN state, but the datanode b43dc2d2-5265-4a31-922b-3f50c0227a2c{ip: 192.168.34.41, host: pr-hdds-2311-njw4j-1908075285, networkLocation: /default-rack, certSerialId: null} reports an CLOSED replica.
2019-10-25 21:27:50,176 [EventQueue-ContainerReportForContainerReportHandler] WARN  container.ContainerReportHandler (AbstractContainerReportHandler.java:updateContainerState(145)) - Container #1 is in OPEN state, but the datanode 1e09a021-a6d7-4a53-819d-98ce6b091a77{ip: 192.168.34.41, host: pr-hdds-2311-njw4j-1908075285, networkLocation: /default-rack, certSerialId: null} reports an CLOSED replica.
2019-10-25 21:27:50,207 [EventQueue-ContainerReportForContainerReportHandler] WARN  container.ContainerReportHandler (AbstractContainerReportHandler.java:updateContainerState(145)) - Container #1 is in OPEN state, but the datanode b43dc2d2-5265-4a31-922b-3f50c0227a2c{ip: 192.168.34.41, host: pr-hdds-2311-njw4j-1908075285, networkLocation: /default-rack, certSerialId: null} reports an CLOSED replica.
2019-10-25 21:27:50,407 [EventQueue-ContainerReportForContainerReportHandler] WARN  container.ContainerReportHandler (AbstractContainerReportHandler.java:updateContainerState(145)) - Container #1 is in OPEN state, but the datanode b43dc2d2-5265-4a31-922b-3f50c0227a2c{ip: 192.168.34.41, host: pr-hdds-2311-njw4j-1908075285, networkLocation: /default-rack, certSerialId: null} reports an CLOSED replica.
2019-10-25 21:27:50,475 [BlockDeletingService#2] WARN  background.BlockDeletingService (BlockDeletingService.java:isDeletionAllowed(187)) - Close Container log Index 6 is not replicated across allthe servers in the pipeline 69397456-ee7f-4bbb-8423-b007a63a5cca as the min replicated index is 4. Deletion is not allowed in this container yet.
2019-10-25 21:27:50,476 [BlockDeletingService#2] WARN  background.BlockDeletingService (BlockDeletingService.java:isDeletionAllowed(187)) - Close Container log Index 6 is not replicated across allthe servers in the pipeline 69397456-ee7f-4bbb-8423-b007a63a5cca as the min replicated index is 4. Deletion is not allowed in this container yet.
2019-10-25 21:27:50,476 [EventQueue-ContainerReportForContainerReportHandler] WARN  container.ContainerReportHandler (AbstractContainerReportHandler.java:updateContainerState(145)) - Container #1 is in OPEN state, but the datanode 1e09a021-a6d7-4a53-819d-98ce6b091a77{ip: 192.168.34.41, host: pr-hdds-2311-njw4j-1908075285, networkLocation: /default-rack, certSerialId: null} reports an CLOSED replica.
2019-10-25 21:27:50,777 [EventQueue-ContainerReportForContainerReportHandler] WARN  container.ContainerReportHandler (AbstractContainerReportHandler.java:updateContainerState(145)) - Container #1 is in OPEN state, but the datanode 1e09a021-a6d7-4a53-819d-98ce6b091a77{ip: 192.168.34.41, host: pr-hdds-2311-njw4j-1908075285, networkLocation: /default-rack, certSerialId: null} reports an CLOSED replica.
2019-10-25 21:27:50,806 [EventQueue-ContainerReportForContainerReportHandler] WARN  container.ContainerReportHandler (AbstractContainerReportHandler.java:updateContainerState(145)) - Container #1 is in OPEN state, but the datanode b43dc2d2-5265-4a31-922b-3f50c0227a2c{ip: 192.168.34.41, host: pr-hdds-2311-njw4j-1908075285, networkLocation: /default-rack, certSerialId: null} reports an CLOSED replica.
2019-10-25 21:27:50,977 [EventQueue-ContainerReportForContainerReportHandler] WARN  container.ContainerReportHandler (AbstractContainerReportHandler.java:updateContainerState(145)) - Container #1 is in OPEN state, but the datanode 1e09a021-a6d7-4a53-819d-98ce6b091a77{ip: 192.168.34.41, host: pr-hdds-2311-njw4j-1908075285, networkLocation: /default-rack, certSerialId: null} reports an CLOSED replica.
2019-10-25 21:27:51,107 [EventQueue-ContainerReportForContainerReportHandler] WARN  container.ContainerReportHandler (AbstractContainerReportHandler.java:updateContainerState(145)) - Container #1 is in OPEN state, but the datanode b43dc2d2-5265-4a31-922b-3f50c0227a2c{ip: 192.168.34.41, host: pr-hdds-2311-njw4j-1908075285, networkLocation: /default-rack, certSerialId: null} reports an CLOSED replica.
2019-10-25 21:27:51,278 [EventQueue-ContainerReportForContainerReportHandler] WARN  container.ContainerReportHandler (AbstractContainerReportHandler.java:updateContainerState(145)) - Container #1 is in OPEN state, but the datanode 1e09a021-a6d7-4a53-819d-98ce6b091a77{ip: 192.168.34.41, host: pr-hdds-2311-njw4j-1908075285, networkLocation: /default-rack, certSerialId: null} reports an CLOSED replica.
2019-10-25 21:27:51,407 [EventQueue-ContainerReportForContainerReportHandler] WARN  container.ContainerReportHandler (AbstractContainerReportHandler.java:updateContainerState(145)) - Container #1 is in OPEN state, but the datanode b43dc2d2-5265-4a31-922b-3f50c0227a2c{ip: 192.168.34.41, host: pr-hdds-2311-njw4j-1908075285, networkLocation: /default-rack, certSerialId: null} reports an CLOSED replica.
2019-10-25 21:27:51,479 [BlockDeletingService#2] WARN  background.BlockDeletingService (BlockDeletingService.java:isDeletionAllowed(187)) - Close Container log Index 6 is not replicated across allthe servers in the pipeline 69397456-ee7f-4bbb-8423-b007a63a5cca as the min replicated index is 4. Deletion is not allowed in this container yet.
2019-10-25 21:27:51,479 [BlockDeletingService#2] WARN  background.BlockDeletingService (BlockDeletingService.java:isDeletionAllowed(187)) - Close Container log Index 6 is not replicated across allthe servers in the pipeline 69397456-ee7f-4bbb-8423-b007a63a5cca as the min replicated index is 4. Deletion is not allowed in this container yet.
2019-10-25 21:27:51,578 [EventQueue-ContainerReportForContainerReportHandler] WARN  container.ContainerReportHandler (AbstractContainerReportHandler.java:updateContainerState(145)) - Container #1 is in OPEN state, but the datanode 1e09a021-a6d7-4a53-819d-98ce6b091a77{ip: 192.168.34.41, host: pr-hdds-2311-njw4j-1908075285, networkLocation: /default-rack, certSerialId: null} reports an CLOSED replica.
2019-10-25 21:27:51,607 [EventQueue-ContainerReportForContainerReportHandler] WARN  container.ContainerReportHandler (AbstractContainerReportHandler.java:updateContainerState(145)) - Container #1 is in OPEN state, but the datanode b43dc2d2-5265-4a31-922b-3f50c0227a2c{ip: 192.168.34.41, host: pr-hdds-2311-njw4j-1908075285, networkLocation: /default-rack, certSerialId: null} reports an CLOSED replica.
2019-10-25 21:27:51,907 [EventQueue-ContainerReportForContainerReportHandler] WARN  container.ContainerReportHandler (AbstractContainerReportHandler.java:updateContainerState(145)) - Container #1 is in OPEN state, but the datanode b43dc2d2-5265-4a31-922b-3f50c0227a2c{ip: 192.168.34.41, host: pr-hdds-2311-njw4j-1908075285, networkLocation: /default-rack, certSerialId: null} reports an CLOSED replica.
2019-10-25 21:27:51,925 [java.util.concurrent.ThreadPoolExecutor$Worker@1ea5ced5[State = -1, empty queue]] WARN  server.GrpcLogAppender (GrpcLogAppender.java:timeoutAppendRequest(209)) - 1e09a021-a6d7-4a53-819d-98ce6b091a77@group-B007A63A5CCA->fe8e0c84-158f-427e-8307-4b533a2376d4-GrpcLogAppender: appendEntries Timeout, request=1e09a021-a6d7-4a53-819d-98ce6b091a77->fe8e0c84-158f-427e-8307-4b533a2376d4#26-t2, previous=(t:2, i:10), leaderCommit=10, initializing? false, entries: <empty>
2019-10-25 21:27:51,980 [EventQueue-ContainerReportForContainerReportHandler] WARN  container.ContainerReportHandler (AbstractContainerReportHandler.java:updateContainerState(145)) - Container #1 is in OPEN state, but the datanode 1e09a021-a6d7-4a53-819d-98ce6b091a77{ip: 192.168.34.41, host: pr-hdds-2311-njw4j-1908075285, networkLocation: /default-rack, certSerialId: null} reports an CLOSED replica.
2019-10-25 21:27:52,280 [EventQueue-ContainerReportForContainerReportHandler] WARN  container.ContainerReportHandler (AbstractContainerReportHandler.java:updateContainerState(145)) - Container #1 is in OPEN state, but the datanode 1e09a021-a6d7-4a53-819d-98ce6b091a77{ip: 192.168.34.41, host: pr-hdds-2311-njw4j-1908075285, networkLocation: /default-rack, certSerialId: null} reports an CLOSED replica.
2019-10-25 21:27:52,308 [EventQueue-ContainerReportForContainerReportHandler] WARN  container.ContainerReportHandler (AbstractContainerReportHandler.java:updateContainerState(145)) - Container #1 is in OPEN state, but the datanode b43dc2d2-5265-4a31-922b-3f50c0227a2c{ip: 192.168.34.41, host: pr-hdds-2311-njw4j-1908075285, networkLocation: /default-rack, certSerialId: null} reports an CLOSED replica.
2019-10-25 21:27:52,482 [BlockDeletingService#2] WARN  background.BlockDeletingService (BlockDeletingService.java:isDeletionAllowed(187)) - Close Container log Index 6 is not replicated across allthe servers in the pipeline 69397456-ee7f-4bbb-8423-b007a63a5cca as the min replicated index is 4. Deletion is not allowed in this container yet.
2019-10-25 21:27:52,482 [BlockDeletingService#2] WARN  background.BlockDeletingService (BlockDeletingService.java:isDeletionAllowed(187)) - Close Container log Index 6 is not replicated across allthe servers in the pipeline 69397456-ee7f-4bbb-8423-b007a63a5cca as the min replicated index is 4. Deletion is not allowed in this container yet.
2019-10-25 21:27:52,580 [EventQueue-ContainerReportForContainerReportHandler] WARN  container.ContainerReportHandler (AbstractContainerReportHandler.java:updateContainerState(145)) - Container #1 is in OPEN state, but the datanode 1e09a021-a6d7-4a53-819d-98ce6b091a77{ip: 192.168.34.41, host: pr-hdds-2311-njw4j-1908075285, networkLocation: /default-rack, certSerialId: null} reports an CLOSED replica.
2019-10-25 21:27:52,609 [EventQueue-ContainerReportForContainerReportHandler] WARN  container.ContainerReportHandler (AbstractContainerReportHandler.java:updateContainerState(145)) - Container #1 is in OPEN state, but the datanode b43dc2d2-5265-4a31-922b-3f50c0227a2c{ip: 192.168.34.41, host: pr-hdds-2311-njw4j-1908075285, networkLocation: /default-rack, certSerialId: null} reports an CLOSED replica.
2019-10-25 21:27:52,879 [EventQueue-ContainerReportForContainerReportHandler] WARN  container.ContainerReportHandler (AbstractContainerReportHandler.java:updateContainerState(145)) - Container #1 is in OPEN state, but the datanode 1e09a021-a6d7-4a53-819d-98ce6b091a77{ip: 192.168.34.41, host: pr-hdds-2311-njw4j-1908075285, networkLocation: /default-rack, certSerialId: null} reports an CLOSED replica.
2019-10-25 21:27:53,011 [EventQueue-ContainerReportForContainerReportHandler] WARN  container.ContainerReportHandler (AbstractContainerReportHandler.java:updateContainerState(145)) - Container #1 is in OPEN state, but the datanode b43dc2d2-5265-4a31-922b-3f50c0227a2c{ip: 192.168.34.41, host: pr-hdds-2311-njw4j-1908075285, networkLocation: /default-rack, certSerialId: null} reports an CLOSED replica.
2019-10-25 21:27:53,180 [EventQueue-ContainerReportForContainerReportHandler] WARN  container.ContainerReportHandler (AbstractContainerReportHandler.java:updateContainerState(145)) - Container #1 is in OPEN state, but the datanode 1e09a021-a6d7-4a53-819d-98ce6b091a77{ip: 192.168.34.41, host: pr-hdds-2311-njw4j-1908075285, networkLocation: /default-rack, certSerialId: null} reports an CLOSED replica.
2019-10-25 21:27:53,312 [EventQueue-ContainerReportForContainerReportHandler] WARN  container.ContainerReportHandler (AbstractContainerReportHandler.java:updateContainerState(145)) - Container #1 is in OPEN state, but the datanode b43dc2d2-5265-4a31-922b-3f50c0227a2c{ip: 192.168.34.41, host: pr-hdds-2311-njw4j-1908075285, networkLocation: /default-rack, certSerialId: null} reports an CLOSED replica.
2019-10-25 21:27:53,379 [EventQueue-ContainerReportForContainerReportHandler] WARN  container.ContainerReportHandler (AbstractContainerReportHandler.java:updateContainerState(145)) - Container #1 is in OPEN state, but the datanode 1e09a021-a6d7-4a53-819d-98ce6b091a77{ip: 192.168.34.41, host: pr-hdds-2311-njw4j-1908075285, networkLocation: /default-rack, certSerialId: null} reports an CLOSED replica.
2019-10-25 21:27:53,484 [BlockDeletingService#2] WARN  background.BlockDeletingService (BlockDeletingService.java:isDeletionAllowed(187)) - Close Container log Index 6 is not replicated across allthe servers in the pipeline 69397456-ee7f-4bbb-8423-b007a63a5cca as the min replicated index is 4. Deletion is not allowed in this container yet.
2019-10-25 21:27:53,484 [BlockDeletingService#2] WARN  background.BlockDeletingService (BlockDeletingService.java:isDeletionAllowed(187)) - Close Container log Index 6 is not replicated across allthe servers in the pipeline 69397456-ee7f-4bbb-8423-b007a63a5cca as the min replicated index is 4. Deletion is not allowed in this container yet.
2019-10-25 21:27:53,512 [EventQueue-ContainerReportForContainerReportHandler] WARN  container.ContainerReportHandler (AbstractContainerReportHandler.java:updateContainerState(145)) - Container #1 is in OPEN state, but the datanode b43dc2d2-5265-4a31-922b-3f50c0227a2c{ip: 192.168.34.41, host: pr-hdds-2311-njw4j-1908075285, networkLocation: /default-rack, certSerialId: null} reports an CLOSED replica.
2019-10-25 21:27:53,580 [EventQueue-ContainerReportForContainerReportHandler] WARN  container.ContainerReportHandler (AbstractContainerReportHandler.java:updateContainerState(145)) - Container #1 is in OPEN state, but the datanode 1e09a021-a6d7-4a53-819d-98ce6b091a77{ip: 192.168.34.41, host: pr-hdds-2311-njw4j-1908075285, networkLocation: /default-rack, certSerialId: null} reports an CLOSED replica.
2019-10-25 21:27:53,755 [Thread-343] INFO  client.GrpcClientProtocolService (GrpcClientProtocolService.java:lambda$processClientRequest$0(278)) - Failed RaftClientRequest:client-6DCA51C798D1->1e09a021-a6d7-4a53-819d-98ce6b091a77@group-B007A63A5CCA, cid=10, seq=0, Watch-ALL_COMMITTED(6), Message:<EMPTY>, reply=RaftClientReply:client-6DCA51C798D1->1e09a021-a6d7-4a53-819d-98ce6b091a77@group-B007A63A5CCA, cid=10, FAILED org.apache.ratis.protocol.NotReplicatedException: Request with call Id 10 and log index 6 is not yet replicated to ALL_COMMITTED, logIndex=6, commits[1e09a021-a6d7-4a53-819d-98ce6b091a77:c10, b43dc2d2-5265-4a31-922b-3f50c0227a2c:c10, fe8e0c84-158f-427e-8307-4b533a2376d4:c4]
2019-10-25 21:27:53,814 [EventQueue-ContainerReportForContainerReportHandler] WARN  container.ContainerReportHandler (AbstractContainerReportHandler.java:updateContainerState(145)) - Container #1 is in OPEN state, but the datanode b43dc2d2-5265-4a31-922b-3f50c0227a2c{ip: 192.168.34.41, host: pr-hdds-2311-njw4j-1908075285, networkLocation: /default-rack, certSerialId: null} reports an CLOSED replica.
2019-10-25 21:27:53,879 [EventQueue-ContainerReportForContainerReportHandler] WARN  container.ContainerReportHandler (AbstractContainerReportHandler.java:updateContainerState(145)) - Container #1 is in OPEN state, but the datanode 1e09a021-a6d7-4a53-819d-98ce6b091a77{ip: 192.168.34.41, host: pr-hdds-2311-njw4j-1908075285, networkLocation: /default-rack, certSerialId: null} reports an CLOSED replica.
2019-10-25 21:27:54,114 [EventQueue-ContainerReportForContainerReportHandler] WARN  container.ContainerReportHandler (AbstractContainerReportHandler.java:updateContainerState(145)) - Container #1 is in OPEN state, but the datanode b43dc2d2-5265-4a31-922b-3f50c0227a2c{ip: 192.168.34.41, host: pr-hdds-2311-njw4j-1908075285, networkLocation: /default-rack, certSerialId: null} reports an CLOSED replica.
2019-10-25 21:27:54,179 [EventQueue-ContainerReportForContainerReportHandler] WARN  container.ContainerReportHandler (AbstractContainerReportHandler.java:updateContainerState(145)) - Container #1 is in OPEN state, but the datanode 1e09a021-a6d7-4a53-819d-98ce6b091a77{ip: 192.168.34.41, host: pr-hdds-2311-njw4j-1908075285, networkLocation: /default-rack, certSerialId: null} reports an CLOSED replica.
2019-10-25 21:27:54,379 [EventQueue-ContainerReportForContainerReportHandler] WARN  container.ContainerReportHandler (AbstractContainerReportHandler.java:updateContainerState(145)) - Container #1 is in OPEN state, but the datanode 1e09a021-a6d7-4a53-819d-98ce6b091a77{ip: 192.168.34.41, host: pr-hdds-2311-njw4j-1908075285, networkLocation: /default-rack, certSerialId: null} reports an CLOSED replica.
2019-10-25 21:27:54,415 [EventQueue-ContainerReportForContainerReportHandler] WARN  container.ContainerReportHandler (AbstractContainerReportHandler.java:updateContainerState(145)) - Container #1 is in OPEN state, but the datanode b43dc2d2-5265-4a31-922b-3f50c0227a2c{ip: 192.168.34.41, host: pr-hdds-2311-njw4j-1908075285, networkLocation: /default-rack, certSerialId: null} reports an CLOSED replica.
2019-10-25 21:27:54,427 [java.util.concurrent.ThreadPoolExecutor$Worker@1ea5ced5[State = -1, empty queue]] WARN  server.GrpcLogAppender (GrpcLogAppender.java:timeoutAppendRequest(209)) - 1e09a021-a6d7-4a53-819d-98ce6b091a77@group-B007A63A5CCA->fe8e0c84-158f-427e-8307-4b533a2376d4-GrpcLogAppender: appendEntries Timeout, request=1e09a021-a6d7-4a53-819d-98ce6b091a77->fe8e0c84-158f-427e-8307-4b533a2376d4#27-t2, previous=(t:2, i:10), leaderCommit=10, initializing? false, entries: <empty>
2019-10-25 21:27:54,488 [BlockDeletingService#2] WARN  background.BlockDeletingService (BlockDeletingService.java:isDeletionAllowed(187)) - Close Container log Index 6 is not replicated across allthe servers in the pipeline 69397456-ee7f-4bbb-8423-b007a63a5cca as the min replicated index is 4. Deletion is not allowed in this container yet.
2019-10-25 21:27:54,488 [BlockDeletingService#2] WARN  background.BlockDeletingService (BlockDeletingService.java:isDeletionAllowed(187)) - Close Container log Index 6 is not replicated across allthe servers in the pipeline 69397456-ee7f-4bbb-8423-b007a63a5cca as the min replicated index is 4. Deletion is not allowed in this container yet.
2019-10-25 21:27:54,615 [EventQueue-ContainerReportForContainerReportHandler] WARN  container.ContainerReportHandler (AbstractContainerReportHandler.java:updateContainerState(145)) - Container #1 is in OPEN state, but the datanode b43dc2d2-5265-4a31-922b-3f50c0227a2c{ip: 192.168.34.41, host: pr-hdds-2311-njw4j-1908075285, networkLocation: /default-rack, certSerialId: null} reports an CLOSED replica.
2019-10-25 21:27:54,682 [EventQueue-ContainerReportForContainerReportHandler] WARN  container.ContainerReportHandler (AbstractContainerReportHandler.java:updateContainerState(145)) - Container #1 is in OPEN state, but the datanode 1e09a021-a6d7-4a53-819d-98ce6b091a77{ip: 192.168.34.41, host: pr-hdds-2311-njw4j-1908075285, networkLocation: /default-rack, certSerialId: null} reports an CLOSED replica.
2019-10-25 21:27:54,880 [EventQueue-ContainerReportForContainerReportHandler] WARN  container.ContainerReportHandler (AbstractContainerReportHandler.java:updateContainerState(145)) - Container #1 is in OPEN state, but the datanode 1e09a021-a6d7-4a53-819d-98ce6b091a77{ip: 192.168.34.41, host: pr-hdds-2311-njw4j-1908075285, networkLocation: /default-rack, certSerialId: null} reports an CLOSED replica.
2019-10-25 21:27:54,918 [EventQueue-ContainerReportForContainerReportHandler] WARN  container.ContainerReportHandler (AbstractContainerReportHandler.java:updateContainerState(145)) - Container #1 is in OPEN state, but the datanode b43dc2d2-5265-4a31-922b-3f50c0227a2c{ip: 192.168.34.41, host: pr-hdds-2311-njw4j-1908075285, networkLocation: /default-rack, certSerialId: null} reports an CLOSED replica.
2019-10-25 21:27:55,220 [EventQueue-ContainerReportForContainerReportHandler] WARN  container.ContainerReportHandler (AbstractContainerReportHandler.java:updateContainerState(145)) - Container #1 is in OPEN state, but the datanode b43dc2d2-5265-4a31-922b-3f50c0227a2c{ip: 192.168.34.41, host: pr-hdds-2311-njw4j-1908075285, networkLocation: /default-rack, certSerialId: null} reports an CLOSED replica.
2019-10-25 21:27:55,280 [EventQueue-ContainerReportForContainerReportHandler] WARN  container.ContainerReportHandler (AbstractContainerReportHandler.java:updateContainerState(145)) - Container #1 is in OPEN state, but the datanode 1e09a021-a6d7-4a53-819d-98ce6b091a77{ip: 192.168.34.41, host: pr-hdds-2311-njw4j-1908075285, networkLocation: /default-rack, certSerialId: null} reports an CLOSED replica.
2019-10-25 21:27:55,479 [EventQueue-ContainerReportForContainerReportHandler] WARN  container.ContainerReportHandler (AbstractContainerReportHandler.java:updateContainerState(145)) - Container #1 is in OPEN state, but the datanode 1e09a021-a6d7-4a53-819d-98ce6b091a77{ip: 192.168.34.41, host: pr-hdds-2311-njw4j-1908075285, networkLocation: /default-rack, certSerialId: null} reports an CLOSED replica.
2019-10-25 21:27:55,491 [BlockDeletingService#2] WARN  background.BlockDeletingService (BlockDeletingService.java:isDeletionAllowed(187)) - Close Container log Index 6 is not replicated across allthe servers in the pipeline 69397456-ee7f-4bbb-8423-b007a63a5cca as the min replicated index is 4. Deletion is not allowed in this container yet.
2019-10-25 21:27:55,491 [BlockDeletingService#2] WARN  background.BlockDeletingService (BlockDeletingService.java:isDeletionAllowed(187)) - Close Container log Index 6 is not replicated across allthe servers in the pipeline 69397456-ee7f-4bbb-8423-b007a63a5cca as the min replicated index is 4. Deletion is not allowed in this container yet.
2019-10-25 21:27:55,520 [EventQueue-ContainerReportForContainerReportHandler] WARN  container.ContainerReportHandler (AbstractContainerReportHandler.java:updateContainerState(145)) - Container #1 is in OPEN state, but the datanode b43dc2d2-5265-4a31-922b-3f50c0227a2c{ip: 192.168.34.41, host: pr-hdds-2311-njw4j-1908075285, networkLocation: /default-rack, certSerialId: null} reports an CLOSED replica.
2019-10-25 21:27:55,680 [EventQueue-ContainerReportForContainerReportHandler] WARN  container.ContainerReportHandler (AbstractContainerReportHandler.java:updateContainerState(145)) - Container #1 is in OPEN state, but the datanode 1e09a021-a6d7-4a53-819d-98ce6b091a77{ip: 192.168.34.41, host: pr-hdds-2311-njw4j-1908075285, networkLocation: /default-rack, certSerialId: null} reports an CLOSED replica.
2019-10-25 21:27:55,820 [EventQueue-ContainerReportForContainerReportHandler] WARN  container.ContainerReportHandler (AbstractContainerReportHandler.java:updateContainerState(145)) - Container #1 is in OPEN state, but the datanode b43dc2d2-5265-4a31-922b-3f50c0227a2c{ip: 192.168.34.41, host: pr-hdds-2311-njw4j-1908075285, networkLocation: /default-rack, certSerialId: null} reports an CLOSED replica.
2019-10-25 21:27:56,081 [EventQueue-ContainerReportForContainerReportHandler] WARN  container.ContainerReportHandler (AbstractContainerReportHandler.java:updateContainerState(145)) - Container #1 is in OPEN state, but the datanode 1e09a021-a6d7-4a53-819d-98ce6b091a77{ip: 192.168.34.41, host: pr-hdds-2311-njw4j-1908075285, networkLocation: /default-rack, certSerialId: null} reports an CLOSED replica.
2019-10-25 21:27:56,120 [EventQueue-ContainerReportForContainerReportHandler] WARN  container.ContainerReportHandler (AbstractContainerReportHandler.java:updateContainerState(145)) - Container #1 is in OPEN state, but the datanode b43dc2d2-5265-4a31-922b-3f50c0227a2c{ip: 192.168.34.41, host: pr-hdds-2311-njw4j-1908075285, networkLocation: /default-rack, certSerialId: null} reports an CLOSED replica.
2019-10-25 21:27:56,321 [EventQueue-ContainerReportForContainerReportHandler] WARN  container.ContainerReportHandler (AbstractContainerReportHandler.java:updateContainerState(145)) - Container #1 is in OPEN state, but the datanode b43dc2d2-5265-4a31-922b-3f50c0227a2c{ip: 192.168.34.41, host: pr-hdds-2311-njw4j-1908075285, networkLocation: /default-rack, certSerialId: null} reports an CLOSED replica.
2019-10-25 21:27:56,381 [EventQueue-ContainerReportForContainerReportHandler] WARN  container.ContainerReportHandler (AbstractContainerReportHandler.java:updateContainerState(145)) - Container #1 is in OPEN state, but the datanode 1e09a021-a6d7-4a53-819d-98ce6b091a77{ip: 192.168.34.41, host: pr-hdds-2311-njw4j-1908075285, networkLocation: /default-rack, certSerialId: null} reports an CLOSED replica.
2019-10-25 21:27:56,492 [BlockDeletingService#2] WARN  background.BlockDeletingService (BlockDeletingService.java:isDeletionAllowed(187)) - Close Container log Index 6 is not replicated across allthe servers in the pipeline 69397456-ee7f-4bbb-8423-b007a63a5cca as the min replicated index is 4. Deletion is not allowed in this container yet.
2019-10-25 21:27:56,492 [BlockDeletingService#2] WARN  background.BlockDeletingService (BlockDeletingService.java:isDeletionAllowed(187)) - Close Container log Index 6 is not replicated across allthe servers in the pipeline 69397456-ee7f-4bbb-8423-b007a63a5cca as the min replicated index is 4. Deletion is not allowed in this container yet.
2019-10-25 21:27:56,521 [EventQueue-ContainerReportForContainerReportHandler] WARN  container.ContainerReportHandler (AbstractContainerReportHandler.java:updateContainerState(145)) - Container #1 is in OPEN state, but the datanode b43dc2d2-5265-4a31-922b-3f50c0227a2c{ip: 192.168.34.41, host: pr-hdds-2311-njw4j-1908075285, networkLocation: /default-rack, certSerialId: null} reports an CLOSED replica.
2019-10-25 21:27:56,781 [EventQueue-ContainerReportForContainerReportHandler] WARN  container.ContainerReportHandler (AbstractContainerReportHandler.java:updateContainerState(145)) - Container #1 is in OPEN state, but the datanode 1e09a021-a6d7-4a53-819d-98ce6b091a77{ip: 192.168.34.41, host: pr-hdds-2311-njw4j-1908075285, networkLocation: /default-rack, certSerialId: null} reports an CLOSED replica.
2019-10-25 21:27:56,921 [EventQueue-ContainerReportForContainerReportHandler] WARN  container.ContainerReportHandler (AbstractContainerReportHandler.java:updateContainerState(145)) - Container #1 is in OPEN state, but the datanode b43dc2d2-5265-4a31-922b-3f50c0227a2c{ip: 192.168.34.41, host: pr-hdds-2311-njw4j-1908075285, networkLocation: /default-rack, certSerialId: null} reports an CLOSED replica.
2019-10-25 21:27:56,929 [java.util.concurrent.ThreadPoolExecutor$Worker@1ea5ced5[State = -1, empty queue]] WARN  server.GrpcLogAppender (GrpcLogAppender.java:timeoutAppendRequest(209)) - 1e09a021-a6d7-4a53-819d-98ce6b091a77@group-B007A63A5CCA->fe8e0c84-158f-427e-8307-4b533a2376d4-GrpcLogAppender: appendEntries Timeout, request=1e09a021-a6d7-4a53-819d-98ce6b091a77->fe8e0c84-158f-427e-8307-4b533a2376d4#28-t2, previous=(t:2, i:10), leaderCommit=10, initializing? false, entries: <empty>
2019-10-25 21:27:57,081 [EventQueue-ContainerReportForContainerReportHandler] WARN  container.ContainerReportHandler (AbstractContainerReportHandler.java:updateContainerState(145)) - Container #1 is in OPEN state, but the datanode 1e09a021-a6d7-4a53-819d-98ce6b091a77{ip: 192.168.34.41, host: pr-hdds-2311-njw4j-1908075285, networkLocation: /default-rack, certSerialId: null} reports an CLOSED replica.
2019-10-25 21:27:57,122 [EventQueue-ContainerReportForContainerReportHandler] WARN  container.ContainerReportHandler (AbstractContainerReportHandler.java:updateContainerState(145)) - Container #1 is in OPEN state, but the datanode b43dc2d2-5265-4a31-922b-3f50c0227a2c{ip: 192.168.34.41, host: pr-hdds-2311-njw4j-1908075285, networkLocation: /default-rack, certSerialId: null} reports an CLOSED replica.
2019-10-25 21:27:57,384 [EventQueue-ContainerReportForContainerReportHandler] WARN  container.ContainerReportHandler (AbstractContainerReportHandler.java:updateContainerState(145)) - Container #1 is in OPEN state, but the datanode 1e09a021-a6d7-4a53-819d-98ce6b091a77{ip: 192.168.34.41, host: pr-hdds-2311-njw4j-1908075285, networkLocation: /default-rack, certSerialId: null} reports an CLOSED replica.
2019-10-25 21:27:57,422 [EventQueue-ContainerReportForContainerReportHandler] WARN  container.ContainerReportHandler (AbstractContainerReportHandler.java:updateContainerState(145)) - Container #1 is in OPEN state, but the datanode b43dc2d2-5265-4a31-922b-3f50c0227a2c{ip: 192.168.34.41, host: pr-hdds-2311-njw4j-1908075285, networkLocation: /default-rack, certSerialId: null} reports an CLOSED replica.
2019-10-25 21:27:57,496 [BlockDeletingService#2] WARN  background.BlockDeletingService (BlockDeletingService.java:isDeletionAllowed(187)) - Close Container log Index 6 is not replicated across allthe servers in the pipeline 69397456-ee7f-4bbb-8423-b007a63a5cca as the min replicated index is 4. Deletion is not allowed in this container yet.
2019-10-25 21:27:57,496 [BlockDeletingService#2] WARN  background.BlockDeletingService (BlockDeletingService.java:isDeletionAllowed(187)) - Close Container log Index 6 is not replicated across allthe servers in the pipeline 69397456-ee7f-4bbb-8423-b007a63a5cca as the min replicated index is 4. Deletion is not allowed in this container yet.
2019-10-25 21:27:57,683 [EventQueue-ContainerReportForContainerReportHandler] WARN  container.ContainerReportHandler (AbstractContainerReportHandler.java:updateContainerState(145)) - Container #1 is in OPEN state, but the datanode 1e09a021-a6d7-4a53-819d-98ce6b091a77{ip: 192.168.34.41, host: pr-hdds-2311-njw4j-1908075285, networkLocation: /default-rack, certSerialId: null} reports an CLOSED replica.
2019-10-25 21:27:57,722 [EventQueue-ContainerReportForContainerReportHandler] WARN  container.ContainerReportHandler (AbstractContainerReportHandler.java:updateContainerState(145)) - Container #1 is in OPEN state, but the datanode b43dc2d2-5265-4a31-922b-3f50c0227a2c{ip: 192.168.34.41, host: pr-hdds-2311-njw4j-1908075285, networkLocation: /default-rack, certSerialId: null} reports an CLOSED replica.
2019-10-25 21:27:57,881 [EventQueue-ContainerReportForContainerReportHandler] WARN  container.ContainerReportHandler (AbstractContainerReportHandler.java:updateContainerState(145)) - Container #1 is in OPEN state, but the datanode 1e09a021-a6d7-4a53-819d-98ce6b091a77{ip: 192.168.34.41, host: pr-hdds-2311-njw4j-1908075285, networkLocation: /default-rack, certSerialId: null} reports an CLOSED replica.
2019-10-25 21:27:58,082 [EventQueue-ContainerReportForContainerReportHandler] WARN  container.ContainerReportHandler (AbstractContainerReportHandler.java:updateContainerState(145)) - Container #1 is in OPEN state, but the datanode 1e09a021-a6d7-4a53-819d-98ce6b091a77{ip: 192.168.34.41, host: pr-hdds-2311-njw4j-1908075285, networkLocation: /default-rack, certSerialId: null} reports an CLOSED replica.
2019-10-25 21:27:58,122 [EventQueue-ContainerReportForContainerReportHandler] WARN  container.ContainerReportHandler (AbstractContainerReportHandler.java:updateContainerState(145)) - Container #1 is in OPEN state, but the datanode b43dc2d2-5265-4a31-922b-3f50c0227a2c{ip: 192.168.34.41, host: pr-hdds-2311-njw4j-1908075285, networkLocation: /default-rack, certSerialId: null} reports an CLOSED replica.
2019-10-25 21:27:58,383 [EventQueue-ContainerReportForContainerReportHandler] WARN  container.ContainerReportHandler (AbstractContainerReportHandler.java:updateContainerState(145)) - Container #1 is in OPEN state, but the datanode 1e09a021-a6d7-4a53-819d-98ce6b091a77{ip: 192.168.34.41, host: pr-hdds-2311-njw4j-1908075285, networkLocation: /default-rack, certSerialId: null} reports an CLOSED replica.
2019-10-25 21:27:58,423 [EventQueue-ContainerReportForContainerReportHandler] WARN  container.ContainerReportHandler (AbstractContainerReportHandler.java:updateContainerState(145)) - Container #1 is in OPEN state, but the datanode b43dc2d2-5265-4a31-922b-3f50c0227a2c{ip: 192.168.34.41, host: pr-hdds-2311-njw4j-1908075285, networkLocation: /default-rack, certSerialId: null} reports an CLOSED replica.
2019-10-25 21:27:58,498 [BlockDeletingService#2] WARN  background.BlockDeletingService (BlockDeletingService.java:isDeletionAllowed(187)) - Close Container log Index 6 is not replicated across allthe servers in the pipeline 69397456-ee7f-4bbb-8423-b007a63a5cca as the min replicated index is 4. Deletion is not allowed in this container yet.
2019-10-25 21:27:58,498 [BlockDeletingService#2] WARN  background.BlockDeletingService (BlockDeletingService.java:isDeletionAllowed(187)) - Close Container log Index 6 is not replicated across allthe servers in the pipeline 69397456-ee7f-4bbb-8423-b007a63a5cca as the min replicated index is 4. Deletion is not allowed in this container yet.
2019-10-25 21:27:58,784 [EventQueue-ContainerReportForContainerReportHandler] WARN  container.ContainerReportHandler (AbstractContainerReportHandler.java:updateContainerState(145)) - Container #1 is in OPEN state, but the datanode 1e09a021-a6d7-4a53-819d-98ce6b091a77{ip: 192.168.34.41, host: pr-hdds-2311-njw4j-1908075285, networkLocation: /default-rack, certSerialId: null} reports an CLOSED replica.
2019-10-25 21:27:58,823 [EventQueue-ContainerReportForContainerReportHandler] WARN  container.ContainerReportHandler (AbstractContainerReportHandler.java:updateContainerState(145)) - Container #1 is in OPEN state, but the datanode b43dc2d2-5265-4a31-922b-3f50c0227a2c{ip: 192.168.34.41, host: pr-hdds-2311-njw4j-1908075285, networkLocation: /default-rack, certSerialId: null} reports an CLOSED replica.
2019-10-25 21:27:59,124 [EventQueue-ContainerReportForContainerReportHandler] WARN  container.ContainerReportHandler (AbstractContainerReportHandler.java:updateContainerState(145)) - Container #1 is in OPEN state, but the datanode b43dc2d2-5265-4a31-922b-3f50c0227a2c{ip: 192.168.34.41, host: pr-hdds-2311-njw4j-1908075285, networkLocation: /default-rack, certSerialId: null} reports an CLOSED replica.
2019-10-25 21:27:59,183 [EventQueue-ContainerReportForContainerReportHandler] WARN  container.ContainerReportHandler (AbstractContainerReportHandler.java:updateContainerState(145)) - Container #1 is in OPEN state, but the datanode 1e09a021-a6d7-4a53-819d-98ce6b091a77{ip: 192.168.34.41, host: pr-hdds-2311-njw4j-1908075285, networkLocation: /default-rack, certSerialId: null} reports an CLOSED replica.
2019-10-25 21:27:59,430 [java.util.concurrent.ThreadPoolExecutor$Worker@1ea5ced5[State = -1, empty queue]] WARN  server.GrpcLogAppender (GrpcLogAppender.java:timeoutAppendRequest(209)) - 1e09a021-a6d7-4a53-819d-98ce6b091a77@group-B007A63A5CCA->fe8e0c84-158f-427e-8307-4b533a2376d4-GrpcLogAppender: appendEntries Timeout, request=1e09a021-a6d7-4a53-819d-98ce6b091a77->fe8e0c84-158f-427e-8307-4b533a2376d4#29-t2, previous=(t:2, i:10), leaderCommit=10, initializing? false, entries: <empty>
2019-10-25 21:27:59,484 [EventQueue-ContainerReportForContainerReportHandler] WARN  container.ContainerReportHandler (AbstractContainerReportHandler.java:updateContainerState(145)) - Container #1 is in OPEN state, but the datanode 1e09a021-a6d7-4a53-819d-98ce6b091a77{ip: 192.168.34.41, host: pr-hdds-2311-njw4j-1908075285, networkLocation: /default-rack, certSerialId: null} reports an CLOSED replica.
2019-10-25 21:27:59,502 [BlockDeletingService#2] WARN  background.BlockDeletingService (BlockDeletingService.java:isDeletionAllowed(187)) - Close Container log Index 6 is not replicated across allthe servers in the pipeline 69397456-ee7f-4bbb-8423-b007a63a5cca as the min replicated index is 4. Deletion is not allowed in this container yet.
2019-10-25 21:27:59,502 [BlockDeletingService#2] WARN  background.BlockDeletingService (BlockDeletingService.java:isDeletionAllowed(187)) - Close Container log Index 6 is not replicated across allthe servers in the pipeline 69397456-ee7f-4bbb-8423-b007a63a5cca as the min replicated index is 4. Deletion is not allowed in this container yet.
2019-10-25 21:27:59,525 [EventQueue-ContainerReportForContainerReportHandler] WARN  container.ContainerReportHandler (AbstractContainerReportHandler.java:updateContainerState(145)) - Container #1 is in OPEN state, but the datanode b43dc2d2-5265-4a31-922b-3f50c0227a2c{ip: 192.168.34.41, host: pr-hdds-2311-njw4j-1908075285, networkLocation: /default-rack, certSerialId: null} reports an CLOSED replica.
2019-10-25 21:27:59,826 [EventQueue-ContainerReportForContainerReportHandler] WARN  container.ContainerReportHandler (AbstractContainerReportHandler.java:updateContainerState(145)) - Container #1 is in OPEN state, but the datanode b43dc2d2-5265-4a31-922b-3f50c0227a2c{ip: 192.168.34.41, host: pr-hdds-2311-njw4j-1908075285, networkLocation: /default-rack, certSerialId: null} reports an CLOSED replica.
2019-10-25 21:27:59,886 [EventQueue-ContainerReportForContainerReportHandler] WARN  container.ContainerReportHandler (AbstractContainerReportHandler.java:updateContainerState(145)) - Container #1 is in OPEN state, but the datanode 1e09a021-a6d7-4a53-819d-98ce6b091a77{ip: 192.168.34.41, host: pr-hdds-2311-njw4j-1908075285, networkLocation: /default-rack, certSerialId: null} reports an CLOSED replica.
2019-10-25 21:28:00,185 [EventQueue-ContainerReportForContainerReportHandler] WARN  container.ContainerReportHandler (AbstractContainerReportHandler.java:updateContainerState(145)) - Container #1 is in OPEN state, but the datanode 1e09a021-a6d7-4a53-819d-98ce6b091a77{ip: 192.168.34.41, host: pr-hdds-2311-njw4j-1908075285, networkLocation: /default-rack, certSerialId: null} reports an CLOSED replica.
2019-10-25 21:28:00,226 [EventQueue-ContainerReportForContainerReportHandler] WARN  container.ContainerReportHandler (AbstractContainerReportHandler.java:updateContainerState(145)) - Container #1 is in OPEN state, but the datanode b43dc2d2-5265-4a31-922b-3f50c0227a2c{ip: 192.168.34.41, host: pr-hdds-2311-njw4j-1908075285, networkLocation: /default-rack, certSerialId: null} reports an CLOSED replica.
2019-10-25 21:28:00,426 [EventQueue-ContainerReportForContainerReportHandler] WARN  container.ContainerReportHandler (AbstractContainerReportHandler.java:updateContainerState(145)) - Container #1 is in OPEN state, but the datanode b43dc2d2-5265-4a31-922b-3f50c0227a2c{ip: 192.168.34.41, host: pr-hdds-2311-njw4j-1908075285, networkLocation: /default-rack, certSerialId: null} reports an CLOSED replica.
2019-10-25 21:28:00,505 [BlockDeletingService#2] WARN  background.BlockDeletingService (BlockDeletingService.java:isDeletionAllowed(187)) - Close Container log Index 6 is not replicated across allthe servers in the pipeline 69397456-ee7f-4bbb-8423-b007a63a5cca as the min replicated index is 4. Deletion is not allowed in this container yet.
2019-10-25 21:28:00,505 [BlockDeletingService#2] WARN  background.BlockDeletingService (BlockDeletingService.java:isDeletionAllowed(187)) - Close Container log Index 6 is not replicated across allthe servers in the pipeline 69397456-ee7f-4bbb-8423-b007a63a5cca as the min replicated index is 4. Deletion is not allowed in this container yet.
2019-10-25 21:28:00,585 [EventQueue-ContainerReportForContainerReportHandler] WARN  container.ContainerReportHandler (AbstractContainerReportHandler.java:updateContainerState(145)) - Container #1 is in OPEN state, but the datanode 1e09a021-a6d7-4a53-819d-98ce6b091a77{ip: 192.168.34.41, host: pr-hdds-2311-njw4j-1908075285, networkLocation: /default-rack, certSerialId: null} reports an CLOSED replica.
2019-10-25 21:28:00,726 [EventQueue-ContainerReportForContainerReportHandler] WARN  container.ContainerReportHandler (AbstractContainerReportHandler.java:updateContainerState(145)) - Container #1 is in OPEN state, but the datanode b43dc2d2-5265-4a31-922b-3f50c0227a2c{ip: 192.168.34.41, host: pr-hdds-2311-njw4j-1908075285, networkLocation: /default-rack, certSerialId: null} reports an CLOSED replica.
2019-10-25 21:28:00,886 [EventQueue-ContainerReportForContainerReportHandler] WARN  container.ContainerReportHandler (AbstractContainerReportHandler.java:updateContainerState(145)) - Container #1 is in OPEN state, but the datanode 1e09a021-a6d7-4a53-819d-98ce6b091a77{ip: 192.168.34.41, host: pr-hdds-2311-njw4j-1908075285, networkLocation: /default-rack, certSerialId: null} reports an CLOSED replica.
2019-10-25 21:28:01,027 [EventQueue-ContainerReportForContainerReportHandler] WARN  container.ContainerReportHandler (AbstractContainerReportHandler.java:updateContainerState(145)) - Container #1 is in OPEN state, but the datanode b43dc2d2-5265-4a31-922b-3f50c0227a2c{ip: 192.168.34.41, host: pr-hdds-2311-njw4j-1908075285, networkLocation: /default-rack, certSerialId: null} reports an CLOSED replica.
2019-10-25 21:28:01,086 [EventQueue-ContainerReportForContainerReportHandler] WARN  container.ContainerReportHandler (AbstractContainerReportHandler.java:updateContainerState(145)) - Container #1 is in OPEN state, but the datanode 1e09a021-a6d7-4a53-819d-98ce6b091a77{ip: 192.168.34.41, host: pr-hdds-2311-njw4j-1908075285, networkLocation: /default-rack, certSerialId: null} reports an CLOSED replica.
2019-10-25 21:28:01,287 [EventQueue-ContainerReportForContainerReportHandler] WARN  container.ContainerReportHandler (AbstractContainerReportHandler.java:updateContainerState(145)) - Container #1 is in OPEN state, but the datanode 1e09a021-a6d7-4a53-819d-98ce6b091a77{ip: 192.168.34.41, host: pr-hdds-2311-njw4j-1908075285, networkLocation: /default-rack, certSerialId: null} reports an CLOSED replica.
2019-10-25 21:28:01,427 [EventQueue-ContainerReportForContainerReportHandler] WARN  container.ContainerReportHandler (AbstractContainerReportHandler.java:updateContainerState(145)) - Container #1 is in OPEN state, but the datanode b43dc2d2-5265-4a31-922b-3f50c0227a2c{ip: 192.168.34.41, host: pr-hdds-2311-njw4j-1908075285, networkLocation: /default-rack, certSerialId: null} reports an CLOSED replica.
2019-10-25 21:28:01,507 [BlockDeletingService#2] WARN  background.BlockDeletingService (BlockDeletingService.java:isDeletionAllowed(187)) - Close Container log Index 6 is not replicated across allthe servers in the pipeline 69397456-ee7f-4bbb-8423-b007a63a5cca as the min replicated index is 4. Deletion is not allowed in this container yet.
2019-10-25 21:28:01,507 [BlockDeletingService#2] WARN  background.BlockDeletingService (BlockDeletingService.java:isDeletionAllowed(187)) - Close Container log Index 6 is not replicated across allthe servers in the pipeline 69397456-ee7f-4bbb-8423-b007a63a5cca as the min replicated index is 4. Deletion is not allowed in this container yet.
2019-10-25 21:28:01,629 [EventQueue-ContainerReportForContainerReportHandler] WARN  container.ContainerReportHandler (AbstractContainerReportHandler.java:updateContainerState(145)) - Container #1 is in OPEN state, but the datanode b43dc2d2-5265-4a31-922b-3f50c0227a2c{ip: 192.168.34.41, host: pr-hdds-2311-njw4j-1908075285, networkLocation: /default-rack, certSerialId: null} reports an CLOSED replica.
2019-10-25 21:28:01,687 [EventQueue-ContainerReportForContainerReportHandler] WARN  container.ContainerReportHandler (AbstractContainerReportHandler.java:updateContainerState(145)) - Container #1 is in OPEN state, but the datanode 1e09a021-a6d7-4a53-819d-98ce6b091a77{ip: 192.168.34.41, host: pr-hdds-2311-njw4j-1908075285, networkLocation: /default-rack, certSerialId: null} reports an CLOSED replica.
2019-10-25 21:28:01,829 [EventQueue-ContainerReportForContainerReportHandler] WARN  container.ContainerReportHandler (AbstractContainerReportHandler.java:updateContainerState(145)) - Container #1 is in OPEN state, but the datanode b43dc2d2-5265-4a31-922b-3f50c0227a2c{ip: 192.168.34.41, host: pr-hdds-2311-njw4j-1908075285, networkLocation: /default-rack, certSerialId: null} reports an CLOSED replica.
2019-10-25 21:28:01,933 [java.util.concurrent.ThreadPoolExecutor$Worker@1ea5ced5[State = -1, empty queue]] WARN  server.GrpcLogAppender (GrpcLogAppender.java:timeoutAppendRequest(209)) - 1e09a021-a6d7-4a53-819d-98ce6b091a77@group-B007A63A5CCA->fe8e0c84-158f-427e-8307-4b533a2376d4-GrpcLogAppender: appendEntries Timeout, request=1e09a021-a6d7-4a53-819d-98ce6b091a77->fe8e0c84-158f-427e-8307-4b533a2376d4#30-t2, previous=(t:2, i:10), leaderCommit=10, initializing? false, entries: <empty>
2019-10-25 21:28:01,988 [EventQueue-ContainerReportForContainerReportHandler] WARN  container.ContainerReportHandler (AbstractContainerReportHandler.java:updateContainerState(145)) - Container #1 is in OPEN state, but the datanode 1e09a021-a6d7-4a53-819d-98ce6b091a77{ip: 192.168.34.41, host: pr-hdds-2311-njw4j-1908075285, networkLocation: /default-rack, certSerialId: null} reports an CLOSED replica.
2019-10-25 21:28:02,188 [EventQueue-ContainerReportForContainerReportHandler] WARN  container.ContainerReportHandler (AbstractContainerReportHandler.java:updateContainerState(145)) - Container #1 is in OPEN state, but the datanode 1e09a021-a6d7-4a53-819d-98ce6b091a77{ip: 192.168.34.41, host: pr-hdds-2311-njw4j-1908075285, networkLocation: /default-rack, certSerialId: null} reports an CLOSED replica.
2019-10-25 21:28:02,230 [EventQueue-ContainerReportForContainerReportHandler] WARN  container.ContainerReportHandler (AbstractContainerReportHandler.java:updateContainerState(145)) - Container #1 is in OPEN state, but the datanode b43dc2d2-5265-4a31-922b-3f50c0227a2c{ip: 192.168.34.41, host: pr-hdds-2311-njw4j-1908075285, networkLocation: /default-rack, certSerialId: null} reports an CLOSED replica.
2019-10-25 21:28:02,510 [BlockDeletingService#2] WARN  background.BlockDeletingService (BlockDeletingService.java:isDeletionAllowed(187)) - Close Container log Index 6 is not replicated across allthe servers in the pipeline 69397456-ee7f-4bbb-8423-b007a63a5cca as the min replicated index is 4. Deletion is not allowed in this container yet.
2019-10-25 21:28:02,510 [BlockDeletingService#2] WARN  background.BlockDeletingService (BlockDeletingService.java:isDeletionAllowed(187)) - Close Container log Index 6 is not replicated across allthe servers in the pipeline 69397456-ee7f-4bbb-8423-b007a63a5cca as the min replicated index is 4. Deletion is not allowed in this container yet.
2019-10-25 21:28:02,533 [EventQueue-ContainerReportForContainerReportHandler] WARN  container.ContainerReportHandler (AbstractContainerReportHandler.java:updateContainerState(145)) - Container #1 is in OPEN state, but the datanode b43dc2d2-5265-4a31-922b-3f50c0227a2c{ip: 192.168.34.41, host: pr-hdds-2311-njw4j-1908075285, networkLocation: /default-rack, certSerialId: null} reports an CLOSED replica.
2019-10-25 21:28:02,588 [EventQueue-ContainerReportForContainerReportHandler] WARN  container.ContainerReportHandler (AbstractContainerReportHandler.java:updateContainerState(145)) - Container #1 is in OPEN state, but the datanode 1e09a021-a6d7-4a53-819d-98ce6b091a77{ip: 192.168.34.41, host: pr-hdds-2311-njw4j-1908075285, networkLocation: /default-rack, certSerialId: null} reports an CLOSED replica.
2019-10-25 21:28:02,732 [EventQueue-ContainerReportForContainerReportHandler] WARN  container.ContainerReportHandler (AbstractContainerReportHandler.java:updateContainerState(145)) - Container #1 is in OPEN state, but the datanode b43dc2d2-5265-4a31-922b-3f50c0227a2c{ip: 192.168.34.41, host: pr-hdds-2311-njw4j-1908075285, networkLocation: /default-rack, certSerialId: null} reports an CLOSED replica.
2019-10-25 21:28:02,889 [EventQueue-ContainerReportForContainerReportHandler] WARN  container.ContainerReportHandler (AbstractContainerReportHandler.java:updateContainerState(145)) - Container #1 is in OPEN state, but the datanode 1e09a021-a6d7-4a53-819d-98ce6b091a77{ip: 192.168.34.41, host: pr-hdds-2311-njw4j-1908075285, networkLocation: /default-rack, certSerialId: null} reports an CLOSED replica.
2019-10-25 21:28:03,088 [EventQueue-ContainerReportForContainerReportHandler] WARN  container.ContainerReportHandler (AbstractContainerReportHandler.java:updateContainerState(145)) - Container #1 is in OPEN state, but the datanode 1e09a021-a6d7-4a53-819d-98ce6b091a77{ip: 192.168.34.41, host: pr-hdds-2311-njw4j-1908075285, networkLocation: /default-rack, certSerialId: null} reports an CLOSED replica.
2019-10-25 21:28:03,133 [EventQueue-ContainerReportForContainerReportHandler] WARN  container.ContainerReportHandler (AbstractContainerReportHandler.java:updateContainerState(145)) - Container #1 is in OPEN state, but the datanode b43dc2d2-5265-4a31-922b-3f50c0227a2c{ip: 192.168.34.41, host: pr-hdds-2311-njw4j-1908075285, networkLocation: /default-rack, certSerialId: null} reports an CLOSED replica.
2019-10-25 21:28:03,388 [EventQueue-ContainerReportForContainerReportHandler] WARN  container.ContainerReportHandler (AbstractContainerReportHandler.java:updateContainerState(145)) - Container #1 is in OPEN state, but the datanode 1e09a021-a6d7-4a53-819d-98ce6b091a77{ip: 192.168.34.41, host: pr-hdds-2311-njw4j-1908075285, networkLocation: /default-rack, certSerialId: null} reports an CLOSED replica.
2019-10-25 21:28:03,435 [EventQueue-ContainerReportForContainerReportHandler] WARN  container.ContainerReportHandler (AbstractContainerReportHandler.java:updateContainerState(145)) - Container #1 is in OPEN state, but the datanode b43dc2d2-5265-4a31-922b-3f50c0227a2c{ip: 192.168.34.41, host: pr-hdds-2311-njw4j-1908075285, networkLocation: /default-rack, certSerialId: null} reports an CLOSED replica.
2019-10-25 21:28:03,511 [BlockDeletingService#2] WARN  background.BlockDeletingService (BlockDeletingService.java:isDeletionAllowed(187)) - Close Container log Index 6 is not replicated across allthe servers in the pipeline 69397456-ee7f-4bbb-8423-b007a63a5cca as the min replicated index is 4. Deletion is not allowed in this container yet.
2019-10-25 21:28:03,511 [BlockDeletingService#2] WARN  background.BlockDeletingService (BlockDeletingService.java:isDeletionAllowed(187)) - Close Container log Index 6 is not replicated across allthe servers in the pipeline 69397456-ee7f-4bbb-8423-b007a63a5cca as the min replicated index is 4. Deletion is not allowed in this container yet.
2019-10-25 21:28:03,589 [EventQueue-ContainerReportForContainerReportHandler] WARN  container.ContainerReportHandler (AbstractContainerReportHandler.java:updateContainerState(145)) - Container #1 is in OPEN state, but the datanode 1e09a021-a6d7-4a53-819d-98ce6b091a77{ip: 192.168.34.41, host: pr-hdds-2311-njw4j-1908075285, networkLocation: /default-rack, certSerialId: null} reports an CLOSED replica.
2019-10-25 21:28:03,735 [EventQueue-ContainerReportForContainerReportHandler] WARN  container.ContainerReportHandler (AbstractContainerReportHandler.java:updateContainerState(145)) - Container #1 is in OPEN state, but the datanode b43dc2d2-5265-4a31-922b-3f50c0227a2c{ip: 192.168.34.41, host: pr-hdds-2311-njw4j-1908075285, networkLocation: /default-rack, certSerialId: null} reports an CLOSED replica.
2019-10-25 21:28:03,755 [Thread-372] INFO  client.GrpcClientProtocolService (GrpcClientProtocolService.java:lambda$processClientRequest$0(278)) - Failed RaftClientRequest:client-6DCA51C798D1->1e09a021-a6d7-4a53-819d-98ce6b091a77@group-B007A63A5CCA, cid=10, seq=0, Watch-ALL_COMMITTED(6), Message:<EMPTY>, reply=RaftClientReply:client-6DCA51C798D1->1e09a021-a6d7-4a53-819d-98ce6b091a77@group-B007A63A5CCA, cid=10, FAILED org.apache.ratis.protocol.NotReplicatedException: Request with call Id 10 and log index 6 is not yet replicated to ALL_COMMITTED, logIndex=6, commits[1e09a021-a6d7-4a53-819d-98ce6b091a77:c10, b43dc2d2-5265-4a31-922b-3f50c0227a2c:c10, fe8e0c84-158f-427e-8307-4b533a2376d4:c4]
2019-10-25 21:28:03,789 [EventQueue-ContainerReportForContainerReportHandler] WARN  container.ContainerReportHandler (AbstractContainerReportHandler.java:updateContainerState(145)) - Container #1 is in OPEN state, but the datanode 1e09a021-a6d7-4a53-819d-98ce6b091a77{ip: 192.168.34.41, host: pr-hdds-2311-njw4j-1908075285, networkLocation: /default-rack, certSerialId: null} reports an CLOSED replica.
2019-10-25 21:28:04,035 [EventQueue-ContainerReportForContainerReportHandler] WARN  container.ContainerReportHandler (AbstractContainerReportHandler.java:updateContainerState(145)) - Container #1 is in OPEN state, but the datanode b43dc2d2-5265-4a31-922b-3f50c0227a2c{ip: 192.168.34.41, host: pr-hdds-2311-njw4j-1908075285, networkLocation: /default-rack, certSerialId: null} reports an CLOSED replica.
2019-10-25 21:28:04,189 [EventQueue-ContainerReportForContainerReportHandler] WARN  container.ContainerReportHandler (AbstractContainerReportHandler.java:updateContainerState(145)) - Container #1 is in OPEN state, but the datanode 1e09a021-a6d7-4a53-819d-98ce6b091a77{ip: 192.168.34.41, host: pr-hdds-2311-njw4j-1908075285, networkLocation: /default-rack, certSerialId: null} reports an CLOSED replica.
2019-10-25 21:28:04,334 [EventQueue-ContainerReportForContainerReportHandler] WARN  container.ContainerReportHandler (AbstractContainerReportHandler.java:updateContainerState(145)) - Container #1 is in OPEN state, but the datanode b43dc2d2-5265-4a31-922b-3f50c0227a2c{ip: 192.168.34.41, host: pr-hdds-2311-njw4j-1908075285, networkLocation: /default-rack, certSerialId: null} reports an CLOSED replica.
2019-10-25 21:28:04,435 [java.util.concurrent.ThreadPoolExecutor$Worker@1ea5ced5[State = -1, empty queue]] WARN  server.GrpcLogAppender (GrpcLogAppender.java:timeoutAppendRequest(209)) - 1e09a021-a6d7-4a53-819d-98ce6b091a77@group-B007A63A5CCA->fe8e0c84-158f-427e-8307-4b533a2376d4-GrpcLogAppender: appendEntries Timeout, request=1e09a021-a6d7-4a53-819d-98ce6b091a77->fe8e0c84-158f-427e-8307-4b533a2376d4#31-t2, previous=(t:2, i:10), leaderCommit=10, initializing? false, entries: <empty>
2019-10-25 21:28:04,489 [EventQueue-ContainerReportForContainerReportHandler] WARN  container.ContainerReportHandler (AbstractContainerReportHandler.java:updateContainerState(145)) - Container #1 is in OPEN state, but the datanode 1e09a021-a6d7-4a53-819d-98ce6b091a77{ip: 192.168.34.41, host: pr-hdds-2311-njw4j-1908075285, networkLocation: /default-rack, certSerialId: null} reports an CLOSED replica.
2019-10-25 21:28:04,513 [BlockDeletingService#2] WARN  background.BlockDeletingService (BlockDeletingService.java:isDeletionAllowed(187)) - Close Container log Index 6 is not replicated across allthe servers in the pipeline 69397456-ee7f-4bbb-8423-b007a63a5cca as the min replicated index is 4. Deletion is not allowed in this container yet.
2019-10-25 21:28:04,513 [BlockDeletingService#2] WARN  background.BlockDeletingService (BlockDeletingService.java:isDeletionAllowed(187)) - Close Container log Index 6 is not replicated across allthe servers in the pipeline 69397456-ee7f-4bbb-8423-b007a63a5cca as the min replicated index is 4. Deletion is not allowed in this container yet.
2019-10-25 21:28:04,634 [EventQueue-ContainerReportForContainerReportHandler] WARN  container.ContainerReportHandler (AbstractContainerReportHandler.java:updateContainerState(145)) - Container #1 is in OPEN state, but the datanode b43dc2d2-5265-4a31-922b-3f50c0227a2c{ip: 192.168.34.41, host: pr-hdds-2311-njw4j-1908075285, networkLocation: /default-rack, certSerialId: null} reports an CLOSED replica.
2019-10-25 21:28:04,689 [EventQueue-ContainerReportForContainerReportHandler] WARN  container.ContainerReportHandler (AbstractContainerReportHandler.java:updateContainerState(145)) - Container #1 is in OPEN state, but the datanode 1e09a021-a6d7-4a53-819d-98ce6b091a77{ip: 192.168.34.41, host: pr-hdds-2311-njw4j-1908075285, networkLocation: /default-rack, certSerialId: null} reports an CLOSED replica.
2019-10-25 21:28:04,890 [EventQueue-ContainerReportForContainerReportHandler] WARN  container.ContainerReportHandler (AbstractContainerReportHandler.java:updateContainerState(145)) - Container #1 is in OPEN state, but the datanode 1e09a021-a6d7-4a53-819d-98ce6b091a77{ip: 192.168.34.41, host: pr-hdds-2311-njw4j-1908075285, networkLocation: /default-rack, certSerialId: null} reports an CLOSED replica.
2019-10-25 21:28:04,935 [EventQueue-ContainerReportForContainerReportHandler] WARN  container.ContainerReportHandler (AbstractContainerReportHandler.java:updateContainerState(145)) - Container #1 is in OPEN state, but the datanode b43dc2d2-5265-4a31-922b-3f50c0227a2c{ip: 192.168.34.41, host: pr-hdds-2311-njw4j-1908075285, networkLocation: /default-rack, certSerialId: null} reports an CLOSED replica.
2019-10-25 21:28:05,090 [EventQueue-ContainerReportForContainerReportHandler] WARN  container.ContainerReportHandler (AbstractContainerReportHandler.java:updateContainerState(145)) - Container #1 is in OPEN state, but the datanode 1e09a021-a6d7-4a53-819d-98ce6b091a77{ip: 192.168.34.41, host: pr-hdds-2311-njw4j-1908075285, networkLocation: /default-rack, certSerialId: null} reports an CLOSED replica.
2019-10-25 21:28:05,335 [EventQueue-ContainerReportForContainerReportHandler] WARN  container.ContainerReportHandler (AbstractContainerReportHandler.java:updateContainerState(145)) - Container #1 is in OPEN state, but the datanode b43dc2d2-5265-4a31-922b-3f50c0227a2c{ip: 192.168.34.41, host: pr-hdds-2311-njw4j-1908075285, networkLocation: /default-rack, certSerialId: null} reports an CLOSED replica.
2019-10-25 21:28:05,390 [EventQueue-ContainerReportForContainerReportHandler] WARN  container.ContainerReportHandler (AbstractContainerReportHandler.java:updateContainerState(145)) - Container #1 is in OPEN state, but the datanode 1e09a021-a6d7-4a53-819d-98ce6b091a77{ip: 192.168.34.41, host: pr-hdds-2311-njw4j-1908075285, networkLocation: /default-rack, certSerialId: null} reports an CLOSED replica.
2019-10-25 21:28:05,514 [BlockDeletingService#2] WARN  background.BlockDeletingService (BlockDeletingService.java:isDeletionAllowed(187)) - Close Container log Index 6 is not replicated across allthe servers in the pipeline 69397456-ee7f-4bbb-8423-b007a63a5cca as the min replicated index is 4. Deletion is not allowed in this container yet.
2019-10-25 21:28:05,514 [BlockDeletingService#2] WARN  background.BlockDeletingService (BlockDeletingService.java:isDeletionAllowed(187)) - Close Container log Index 6 is not replicated across allthe servers in the pipeline 69397456-ee7f-4bbb-8423-b007a63a5cca as the min replicated index is 4. Deletion is not allowed in this container yet.
2019-10-25 21:28:05,636 [EventQueue-ContainerReportForContainerReportHandler] WARN  container.ContainerReportHandler (AbstractContainerReportHandler.java:updateContainerState(145)) - Container #1 is in OPEN state, but the datanode b43dc2d2-5265-4a31-922b-3f50c0227a2c{ip: 192.168.34.41, host: pr-hdds-2311-njw4j-1908075285, networkLocation: /default-rack, certSerialId: null} reports an CLOSED replica.
2019-10-25 21:28:05,790 [EventQueue-ContainerReportForContainerReportHandler] WARN  container.ContainerReportHandler (AbstractContainerReportHandler.java:updateContainerState(145)) - Container #1 is in OPEN state, but the datanode 1e09a021-a6d7-4a53-819d-98ce6b091a77{ip: 192.168.34.41, host: pr-hdds-2311-njw4j-1908075285, networkLocation: /default-rack, certSerialId: null} reports an CLOSED replica.
2019-10-25 21:28:05,935 [EventQueue-ContainerReportForContainerReportHandler] WARN  container.ContainerReportHandler (AbstractContainerReportHandler.java:updateContainerState(145)) - Container #1 is in OPEN state, but the datanode b43dc2d2-5265-4a31-922b-3f50c0227a2c{ip: 192.168.34.41, host: pr-hdds-2311-njw4j-1908075285, networkLocation: /default-rack, certSerialId: null} reports an CLOSED replica.
2019-10-25 21:28:05,990 [EventQueue-ContainerReportForContainerReportHandler] WARN  container.ContainerReportHandler (AbstractContainerReportHandler.java:updateContainerState(145)) - Container #1 is in OPEN state, but the datanode 1e09a021-a6d7-4a53-819d-98ce6b091a77{ip: 192.168.34.41, host: pr-hdds-2311-njw4j-1908075285, networkLocation: /default-rack, certSerialId: null} reports an CLOSED replica.
2019-10-25 21:28:06,237 [EventQueue-ContainerReportForContainerReportHandler] WARN  container.ContainerReportHandler (AbstractContainerReportHandler.java:updateContainerState(145)) - Container #1 is in OPEN state, but the datanode b43dc2d2-5265-4a31-922b-3f50c0227a2c{ip: 192.168.34.41, host: pr-hdds-2311-njw4j-1908075285, networkLocation: /default-rack, certSerialId: null} reports an CLOSED replica.
2019-10-25 21:28:06,291 [EventQueue-ContainerReportForContainerReportHandler] WARN  container.ContainerReportHandler (AbstractContainerReportHandler.java:updateContainerState(145)) - Container #1 is in OPEN state, but the datanode 1e09a021-a6d7-4a53-819d-98ce6b091a77{ip: 192.168.34.41, host: pr-hdds-2311-njw4j-1908075285, networkLocation: /default-rack, certSerialId: null} reports an CLOSED replica.
2019-10-25 21:28:06,516 [BlockDeletingService#2] WARN  background.BlockDeletingService (BlockDeletingService.java:isDeletionAllowed(187)) - Close Container log Index 6 is not replicated across allthe servers in the pipeline 69397456-ee7f-4bbb-8423-b007a63a5cca as the min replicated index is 4. Deletion is not allowed in this container yet.
2019-10-25 21:28:06,516 [BlockDeletingService#2] WARN  background.BlockDeletingService (BlockDeletingService.java:isDeletionAllowed(187)) - Close Container log Index 6 is not replicated across allthe servers in the pipeline 69397456-ee7f-4bbb-8423-b007a63a5cca as the min replicated index is 4. Deletion is not allowed in this container yet.
2019-10-25 21:28:06,639 [EventQueue-ContainerReportForContainerReportHandler] WARN  container.ContainerReportHandler (AbstractContainerReportHandler.java:updateContainerState(145)) - Container #1 is in OPEN state, but the datanode b43dc2d2-5265-4a31-922b-3f50c0227a2c{ip: 192.168.34.41, host: pr-hdds-2311-njw4j-1908075285, networkLocation: /default-rack, certSerialId: null} reports an CLOSED replica.
2019-10-25 21:28:06,692 [EventQueue-ContainerReportForContainerReportHandler] WARN  container.ContainerReportHandler (AbstractContainerReportHandler.java:updateContainerState(145)) - Container #1 is in OPEN state, but the datanode 1e09a021-a6d7-4a53-819d-98ce6b091a77{ip: 192.168.34.41, host: pr-hdds-2311-njw4j-1908075285, networkLocation: /default-rack, certSerialId: null} reports an CLOSED replica.
2019-10-25 21:28:06,936 [java.util.concurrent.ThreadPoolExecutor$Worker@1ea5ced5[State = -1, empty queue]] WARN  server.GrpcLogAppender (GrpcLogAppender.java:timeoutAppendRequest(209)) - 1e09a021-a6d7-4a53-819d-98ce6b091a77@group-B007A63A5CCA->fe8e0c84-158f-427e-8307-4b533a2376d4-GrpcLogAppender: appendEntries Timeout, request=1e09a021-a6d7-4a53-819d-98ce6b091a77->fe8e0c84-158f-427e-8307-4b533a2376d4#32-t2, previous=(t:2, i:10), leaderCommit=10, initializing? false, entries: <empty>
2019-10-25 21:28:06,993 [EventQueue-ContainerReportForContainerReportHandler] WARN  container.ContainerReportHandler (AbstractContainerReportHandler.java:updateContainerState(145)) - Container #1 is in OPEN state, but the datanode 1e09a021-a6d7-4a53-819d-98ce6b091a77{ip: 192.168.34.41, host: pr-hdds-2311-njw4j-1908075285, networkLocation: /default-rack, certSerialId: null} reports an CLOSED replica.
2019-10-25 21:28:07,040 [EventQueue-ContainerReportForContainerReportHandler] WARN  container.ContainerReportHandler (AbstractContainerReportHandler.java:updateContainerState(145)) - Container #1 is in OPEN state, but the datanode b43dc2d2-5265-4a31-922b-3f50c0227a2c{ip: 192.168.34.41, host: pr-hdds-2311-njw4j-1908075285, networkLocation: /default-rack, certSerialId: null} reports an CLOSED replica.
2019-10-25 21:28:07,193 [EventQueue-ContainerReportForContainerReportHandler] WARN  container.ContainerReportHandler (AbstractContainerReportHandler.java:updateContainerState(145)) - Container #1 is in OPEN state, but the datanode 1e09a021-a6d7-4a53-819d-98ce6b091a77{ip: 192.168.34.41, host: pr-hdds-2311-njw4j-1908075285, networkLocation: /default-rack, certSerialId: null} reports an CLOSED replica.
2019-10-25 21:28:07,441 [EventQueue-ContainerReportForContainerReportHandler] WARN  container.ContainerReportHandler (AbstractContainerReportHandler.java:updateContainerState(145)) - Container #1 is in OPEN state, but the datanode b43dc2d2-5265-4a31-922b-3f50c0227a2c{ip: 192.168.34.41, host: pr-hdds-2311-njw4j-1908075285, networkLocation: /default-rack, certSerialId: null} reports an CLOSED replica.
2019-10-25 21:28:07,519 [BlockDeletingService#2] WARN  background.BlockDeletingService (BlockDeletingService.java:isDeletionAllowed(187)) - Close Container log Index 6 is not replicated across allthe servers in the pipeline 69397456-ee7f-4bbb-8423-b007a63a5cca as the min replicated index is 4. Deletion is not allowed in this container yet.
2019-10-25 21:28:07,519 [BlockDeletingService#2] WARN  background.BlockDeletingService (BlockDeletingService.java:isDeletionAllowed(187)) - Close Container log Index 6 is not replicated across allthe servers in the pipeline 69397456-ee7f-4bbb-8423-b007a63a5cca as the min replicated index is 4. Deletion is not allowed in this container yet.
2019-10-25 21:28:07,592 [EventQueue-ContainerReportForContainerReportHandler] WARN  container.ContainerReportHandler (AbstractContainerReportHandler.java:updateContainerState(145)) - Container #1 is in OPEN state, but the datanode 1e09a021-a6d7-4a53-819d-98ce6b091a77{ip: 192.168.34.41, host: pr-hdds-2311-njw4j-1908075285, networkLocation: /default-rack, certSerialId: null} reports an CLOSED replica.
2019-10-25 21:28:07,642 [EventQueue-ContainerReportForContainerReportHandler] WARN  container.ContainerReportHandler (AbstractContainerReportHandler.java:updateContainerState(145)) - Container #1 is in OPEN state, but the datanode b43dc2d2-5265-4a31-922b-3f50c0227a2c{ip: 192.168.34.41, host: pr-hdds-2311-njw4j-1908075285, networkLocation: /default-rack, certSerialId: null} reports an CLOSED replica.
2019-10-25 21:28:07,793 [EventQueue-ContainerReportForContainerReportHandler] WARN  container.ContainerReportHandler (AbstractContainerReportHandler.java:updateContainerState(145)) - Container #1 is in OPEN state, but the datanode 1e09a021-a6d7-4a53-819d-98ce6b091a77{ip: 192.168.34.41, host: pr-hdds-2311-njw4j-1908075285, networkLocation: /default-rack, certSerialId: null} reports an CLOSED replica.
2019-10-25 21:28:07,942 [EventQueue-ContainerReportForContainerReportHandler] WARN  container.ContainerReportHandler (AbstractContainerReportHandler.java:updateContainerState(145)) - Container #1 is in OPEN state, but the datanode b43dc2d2-5265-4a31-922b-3f50c0227a2c{ip: 192.168.34.41, host: pr-hdds-2311-njw4j-1908075285, networkLocation: /default-rack, certSerialId: null} reports an CLOSED replica.
2019-10-25 21:28:08,092 [EventQueue-ContainerReportForContainerReportHandler] WARN  container.ContainerReportHandler (AbstractContainerReportHandler.java:updateContainerState(145)) - Container #1 is in OPEN state, but the datanode 1e09a021-a6d7-4a53-819d-98ce6b091a77{ip: 192.168.34.41, host: pr-hdds-2311-njw4j-1908075285, networkLocation: /default-rack, certSerialId: null} reports an CLOSED replica.
2019-10-25 21:28:08,143 [EventQueue-ContainerReportForContainerReportHandler] WARN  container.ContainerReportHandler (AbstractContainerReportHandler.java:updateContainerState(145)) - Container #1 is in OPEN state, but the datanode b43dc2d2-5265-4a31-922b-3f50c0227a2c{ip: 192.168.34.41, host: pr-hdds-2311-njw4j-1908075285, networkLocation: /default-rack, certSerialId: null} reports an CLOSED replica.
2019-10-25 21:28:08,292 [EventQueue-ContainerReportForContainerReportHandler] WARN  container.ContainerReportHandler (AbstractContainerReportHandler.java:updateContainerState(145)) - Container #1 is in OPEN state, but the datanode 1e09a021-a6d7-4a53-819d-98ce6b091a77{ip: 192.168.34.41, host: pr-hdds-2311-njw4j-1908075285, networkLocation: /default-rack, certSerialId: null} reports an CLOSED replica.
2019-10-25 21:28:08,444 [EventQueue-ContainerReportForContainerReportHandler] WARN  container.ContainerReportHandler (AbstractContainerReportHandler.java:updateContainerState(145)) - Container #1 is in OPEN state, but the datanode b43dc2d2-5265-4a31-922b-3f50c0227a2c{ip: 192.168.34.41, host: pr-hdds-2311-njw4j-1908075285, networkLocation: /default-rack, certSerialId: null} reports an CLOSED replica.
2019-10-25 21:28:08,521 [BlockDeletingService#2] WARN  background.BlockDeletingService (BlockDeletingService.java:isDeletionAllowed(187)) - Close Container log Index 6 is not replicated across allthe servers in the pipeline 69397456-ee7f-4bbb-8423-b007a63a5cca as the min replicated index is 4. Deletion is not allowed in this container yet.
2019-10-25 21:28:08,521 [BlockDeletingService#2] WARN  background.BlockDeletingService (BlockDeletingService.java:isDeletionAllowed(187)) - Close Container log Index 6 is not replicated across allthe servers in the pipeline 69397456-ee7f-4bbb-8423-b007a63a5cca as the min replicated index is 4. Deletion is not allowed in this container yet.
2019-10-25 21:28:08,593 [EventQueue-ContainerReportForContainerReportHandler] WARN  container.ContainerReportHandler (AbstractContainerReportHandler.java:updateContainerState(145)) - Container #1 is in OPEN state, but the datanode 1e09a021-a6d7-4a53-819d-98ce6b091a77{ip: 192.168.34.41, host: pr-hdds-2311-njw4j-1908075285, networkLocation: /default-rack, certSerialId: null} reports an CLOSED replica.
2019-10-25 21:28:08,747 [EventQueue-ContainerReportForContainerReportHandler] WARN  container.ContainerReportHandler (AbstractContainerReportHandler.java:updateContainerState(145)) - Container #1 is in OPEN state, but the datanode b43dc2d2-5265-4a31-922b-3f50c0227a2c{ip: 192.168.34.41, host: pr-hdds-2311-njw4j-1908075285, networkLocation: /default-rack, certSerialId: null} reports an CLOSED replica.
2019-10-25 21:28:08,896 [EventQueue-ContainerReportForContainerReportHandler] WARN  container.ContainerReportHandler (AbstractContainerReportHandler.java:updateContainerState(145)) - Container #1 is in OPEN state, but the datanode 1e09a021-a6d7-4a53-819d-98ce6b091a77{ip: 192.168.34.41, host: pr-hdds-2311-njw4j-1908075285, networkLocation: /default-rack, certSerialId: null} reports an CLOSED replica.
2019-10-25 21:28:09,050 [EventQueue-ContainerReportForContainerReportHandler] WARN  container.ContainerReportHandler (AbstractContainerReportHandler.java:updateContainerState(145)) - Container #1 is in OPEN state, but the datanode b43dc2d2-5265-4a31-922b-3f50c0227a2c{ip: 192.168.34.41, host: pr-hdds-2311-njw4j-1908075285, networkLocation: /default-rack, certSerialId: null} reports an CLOSED replica.
2019-10-25 21:28:09,096 [EventQueue-ContainerReportForContainerReportHandler] WARN  container.ContainerReportHandler (AbstractContainerReportHandler.java:updateContainerState(145)) - Container #1 is in OPEN state, but the datanode 1e09a021-a6d7-4a53-819d-98ce6b091a77{ip: 192.168.34.41, host: pr-hdds-2311-njw4j-1908075285, networkLocation: /default-rack, certSerialId: null} reports an CLOSED replica.
2019-10-25 21:28:09,352 [EventQueue-ContainerReportForContainerReportHandler] WARN  container.ContainerReportHandler (AbstractContainerReportHandler.java:updateContainerState(145)) - Container #1 is in OPEN state, but the datanode b43dc2d2-5265-4a31-922b-3f50c0227a2c{ip: 192.168.34.41, host: pr-hdds-2311-njw4j-1908075285, networkLocation: /default-rack, certSerialId: null} reports an CLOSED replica.
2019-10-25 21:28:09,439 [java.util.concurrent.ThreadPoolExecutor$Worker@1ea5ced5[State = -1, empty queue]] WARN  server.GrpcLogAppender (GrpcLogAppender.java:timeoutAppendRequest(209)) - 1e09a021-a6d7-4a53-819d-98ce6b091a77@group-B007A63A5CCA->fe8e0c84-158f-427e-8307-4b533a2376d4-GrpcLogAppender: appendEntries Timeout, request=1e09a021-a6d7-4a53-819d-98ce6b091a77->fe8e0c84-158f-427e-8307-4b533a2376d4#33-t2, previous=(t:2, i:10), leaderCommit=10, initializing? false, entries: <empty>
2019-10-25 21:28:09,497 [EventQueue-ContainerReportForContainerReportHandler] WARN  container.ContainerReportHandler (AbstractContainerReportHandler.java:updateContainerState(145)) - Container #1 is in OPEN state, but the datanode 1e09a021-a6d7-4a53-819d-98ce6b091a77{ip: 192.168.34.41, host: pr-hdds-2311-njw4j-1908075285, networkLocation: /default-rack, certSerialId: null} reports an CLOSED replica.
2019-10-25 21:28:09,523 [BlockDeletingService#2] WARN  background.BlockDeletingService (BlockDeletingService.java:isDeletionAllowed(187)) - Close Container log Index 6 is not replicated across allthe servers in the pipeline 69397456-ee7f-4bbb-8423-b007a63a5cca as the min replicated index is 4. Deletion is not allowed in this container yet.
2019-10-25 21:28:09,524 [BlockDeletingService#2] WARN  background.BlockDeletingService (BlockDeletingService.java:isDeletionAllowed(187)) - Close Container log Index 6 is not replicated across allthe servers in the pipeline 69397456-ee7f-4bbb-8423-b007a63a5cca as the min replicated index is 4. Deletion is not allowed in this container yet.
2019-10-25 21:28:09,650 [EventQueue-ContainerReportForContainerReportHandler] WARN  container.ContainerReportHandler (AbstractContainerReportHandler.java:updateContainerState(145)) - Container #1 is in OPEN state, but the datanode b43dc2d2-5265-4a31-922b-3f50c0227a2c{ip: 192.168.34.41, host: pr-hdds-2311-njw4j-1908075285, networkLocation: /default-rack, certSerialId: null} reports an CLOSED replica.
2019-10-25 21:28:09,797 [EventQueue-ContainerReportForContainerReportHandler] WARN  container.ContainerReportHandler (AbstractContainerReportHandler.java:updateContainerState(145)) - Container #1 is in OPEN state, but the datanode 1e09a021-a6d7-4a53-819d-98ce6b091a77{ip: 192.168.34.41, host: pr-hdds-2311-njw4j-1908075285, networkLocation: /default-rack, certSerialId: null} reports an CLOSED replica.
2019-10-25 21:28:09,850 [EventQueue-ContainerReportForContainerReportHandler] WARN  container.ContainerReportHandler (AbstractContainerReportHandler.java:updateContainerState(145)) - Container #1 is in OPEN state, but the datanode b43dc2d2-5265-4a31-922b-3f50c0227a2c{ip: 192.168.34.41, host: pr-hdds-2311-njw4j-1908075285, networkLocation: /default-rack, certSerialId: null} reports an CLOSED replica.
2019-10-25 21:28:10,100 [EventQueue-ContainerReportForContainerReportHandler] WARN  container.ContainerReportHandler (AbstractContainerReportHandler.java:updateContainerState(145)) - Container #1 is in OPEN state, but the datanode 1e09a021-a6d7-4a53-819d-98ce6b091a77{ip: 192.168.34.41, host: pr-hdds-2311-njw4j-1908075285, networkLocation: /default-rack, certSerialId: null} reports an CLOSED replica.
2019-10-25 21:28:10,150 [EventQueue-ContainerReportForContainerReportHandler] WARN  container.ContainerReportHandler (AbstractContainerReportHandler.java:updateContainerState(145)) - Container #1 is in OPEN state, but the datanode b43dc2d2-5265-4a31-922b-3f50c0227a2c{ip: 192.168.34.41, host: pr-hdds-2311-njw4j-1908075285, networkLocation: /default-rack, certSerialId: null} reports an CLOSED replica.
2019-10-25 21:28:10,350 [EventQueue-ContainerReportForContainerReportHandler] WARN  container.ContainerReportHandler (AbstractContainerReportHandler.java:updateContainerState(145)) - Container #1 is in OPEN state, but the datanode b43dc2d2-5265-4a31-922b-3f50c0227a2c{ip: 192.168.34.41, host: pr-hdds-2311-njw4j-1908075285, networkLocation: /default-rack, certSerialId: null} reports an CLOSED replica.
2019-10-25 21:28:10,400 [EventQueue-ContainerReportForContainerReportHandler] WARN  container.ContainerReportHandler (AbstractContainerReportHandler.java:updateContainerState(145)) - Container #1 is in OPEN state, but the datanode 1e09a021-a6d7-4a53-819d-98ce6b091a77{ip: 192.168.34.41, host: pr-hdds-2311-njw4j-1908075285, networkLocation: /default-rack, certSerialId: null} reports an CLOSED replica.
2019-10-25 21:28:10,525 [BlockDeletingService#2] WARN  background.BlockDeletingService (BlockDeletingService.java:isDeletionAllowed(187)) - Close Container log Index 6 is not replicated across allthe servers in the pipeline 69397456-ee7f-4bbb-8423-b007a63a5cca as the min replicated index is 4. Deletion is not allowed in this container yet.
2019-10-25 21:28:10,525 [BlockDeletingService#2] WARN  background.BlockDeletingService (BlockDeletingService.java:isDeletionAllowed(187)) - Close Container log Index 6 is not replicated across allthe servers in the pipeline 69397456-ee7f-4bbb-8423-b007a63a5cca as the min replicated index is 4. Deletion is not allowed in this container yet.
2019-10-25 21:28:10,701 [EventQueue-ContainerReportForContainerReportHandler] WARN  container.ContainerReportHandler (AbstractContainerReportHandler.java:updateContainerState(145)) - Container #1 is in OPEN state, but the datanode 1e09a021-a6d7-4a53-819d-98ce6b091a77{ip: 192.168.34.41, host: pr-hdds-2311-njw4j-1908075285, networkLocation: /default-rack, certSerialId: null} reports an CLOSED replica.
2019-10-25 21:28:10,751 [EventQueue-ContainerReportForContainerReportHandler] WARN  container.ContainerReportHandler (AbstractContainerReportHandler.java:updateContainerState(145)) - Container #1 is in OPEN state, but the datanode b43dc2d2-5265-4a31-922b-3f50c0227a2c{ip: 192.168.34.41, host: pr-hdds-2311-njw4j-1908075285, networkLocation: /default-rack, certSerialId: null} reports an CLOSED replica.
2019-10-25 21:28:10,901 [EventQueue-ContainerReportForContainerReportHandler] WARN  container.ContainerReportHandler (AbstractContainerReportHandler.java:updateContainerState(145)) - Container #1 is in OPEN state, but the datanode 1e09a021-a6d7-4a53-819d-98ce6b091a77{ip: 192.168.34.41, host: pr-hdds-2311-njw4j-1908075285, networkLocation: /default-rack, certSerialId: null} reports an CLOSED replica.
2019-10-25 21:28:10,951 [EventQueue-ContainerReportForContainerReportHandler] WARN  container.ContainerReportHandler (AbstractContainerReportHandler.java:updateContainerState(145)) - Container #1 is in OPEN state, but the datanode b43dc2d2-5265-4a31-922b-3f50c0227a2c{ip: 192.168.34.41, host: pr-hdds-2311-njw4j-1908075285, networkLocation: /default-rack, certSerialId: null} reports an CLOSED replica.
2019-10-25 21:28:11,200 [EventQueue-ContainerReportForContainerReportHandler] WARN  container.ContainerReportHandler (AbstractContainerReportHandler.java:updateContainerState(145)) - Container #1 is in OPEN state, but the datanode 1e09a021-a6d7-4a53-819d-98ce6b091a77{ip: 192.168.34.41, host: pr-hdds-2311-njw4j-1908075285, networkLocation: /default-rack, certSerialId: null} reports an CLOSED replica.
2019-10-25 21:28:11,351 [EventQueue-ContainerReportForContainerReportHandler] WARN  container.ContainerReportHandler (AbstractContainerReportHandler.java:updateContainerState(145)) - Container #1 is in OPEN state, but the datanode b43dc2d2-5265-4a31-922b-3f50c0227a2c{ip: 192.168.34.41, host: pr-hdds-2311-njw4j-1908075285, networkLocation: /default-rack, certSerialId: null} reports an CLOSED replica.
2019-10-25 21:28:11,400 [EventQueue-ContainerReportForContainerReportHandler] WARN  container.ContainerReportHandler (AbstractContainerReportHandler.java:updateContainerState(145)) - Container #1 is in OPEN state, but the datanode 1e09a021-a6d7-4a53-819d-98ce6b091a77{ip: 192.168.34.41, host: pr-hdds-2311-njw4j-1908075285, networkLocation: /default-rack, certSerialId: null} reports an CLOSED replica.
2019-10-25 21:28:11,527 [BlockDeletingService#2] WARN  background.BlockDeletingService (BlockDeletingService.java:isDeletionAllowed(187)) - Close Container log Index 6 is not replicated across allthe servers in the pipeline 69397456-ee7f-4bbb-8423-b007a63a5cca as the min replicated index is 4. Deletion is not allowed in this container yet.
2019-10-25 21:28:11,527 [BlockDeletingService#2] WARN  background.BlockDeletingService (BlockDeletingService.java:isDeletionAllowed(187)) - Close Container log Index 6 is not replicated across allthe servers in the pipeline 69397456-ee7f-4bbb-8423-b007a63a5cca as the min replicated index is 4. Deletion is not allowed in this container yet.
2019-10-25 21:28:11,652 [EventQueue-ContainerReportForContainerReportHandler] WARN  container.ContainerReportHandler (AbstractContainerReportHandler.java:updateContainerState(145)) - Container #1 is in OPEN state, but the datanode b43dc2d2-5265-4a31-922b-3f50c0227a2c{ip: 192.168.34.41, host: pr-hdds-2311-njw4j-1908075285, networkLocation: /default-rack, certSerialId: null} reports an CLOSED replica.
2019-10-25 21:28:11,801 [EventQueue-ContainerReportForContainerReportHandler] WARN  container.ContainerReportHandler (AbstractContainerReportHandler.java:updateContainerState(145)) - Container #1 is in OPEN state, but the datanode 1e09a021-a6d7-4a53-819d-98ce6b091a77{ip: 192.168.34.41, host: pr-hdds-2311-njw4j-1908075285, networkLocation: /default-rack, certSerialId: null} reports an CLOSED replica.
2019-10-25 21:28:11,941 [java.util.concurrent.ThreadPoolExecutor$Worker@1ea5ced5[State = -1, empty queue]] WARN  server.GrpcLogAppender (GrpcLogAppender.java:timeoutAppendRequest(209)) - 1e09a021-a6d7-4a53-819d-98ce6b091a77@group-B007A63A5CCA->fe8e0c84-158f-427e-8307-4b533a2376d4-GrpcLogAppender: appendEntries Timeout, request=1e09a021-a6d7-4a53-819d-98ce6b091a77->fe8e0c84-158f-427e-8307-4b533a2376d4#34-t2, previous=(t:2, i:10), leaderCommit=10, initializing? false, entries: <empty>
2019-10-25 21:28:11,951 [EventQueue-ContainerReportForContainerReportHandler] WARN  container.ContainerReportHandler (AbstractContainerReportHandler.java:updateContainerState(145)) - Container #1 is in OPEN state, but the datanode b43dc2d2-5265-4a31-922b-3f50c0227a2c{ip: 192.168.34.41, host: pr-hdds-2311-njw4j-1908075285, networkLocation: /default-rack, certSerialId: null} reports an CLOSED replica.
2019-10-25 21:28:12,001 [EventQueue-ContainerReportForContainerReportHandler] WARN  container.ContainerReportHandler (AbstractContainerReportHandler.java:updateContainerState(145)) - Container #1 is in OPEN state, but the datanode 1e09a021-a6d7-4a53-819d-98ce6b091a77{ip: 192.168.34.41, host: pr-hdds-2311-njw4j-1908075285, networkLocation: /default-rack, certSerialId: null} reports an CLOSED replica.
2019-10-25 21:28:12,302 [EventQueue-ContainerReportForContainerReportHandler] WARN  container.ContainerReportHandler (AbstractContainerReportHandler.java:updateContainerState(145)) - Container #1 is in OPEN state, but the datanode 1e09a021-a6d7-4a53-819d-98ce6b091a77{ip: 192.168.34.41, host: pr-hdds-2311-njw4j-1908075285, networkLocation: /default-rack, certSerialId: null} reports an CLOSED replica.
2019-10-25 21:28:12,352 [EventQueue-ContainerReportForContainerReportHandler] WARN  container.ContainerReportHandler (AbstractContainerReportHandler.java:updateContainerState(145)) - Container #1 is in OPEN state, but the datanode b43dc2d2-5265-4a31-922b-3f50c0227a2c{ip: 192.168.34.41, host: pr-hdds-2311-njw4j-1908075285, networkLocation: /default-rack, certSerialId: null} reports an CLOSED replica.
2019-10-25 21:28:12,529 [BlockDeletingService#2] WARN  background.BlockDeletingService (BlockDeletingService.java:isDeletionAllowed(187)) - Close Container log Index 6 is not replicated across allthe servers in the pipeline 69397456-ee7f-4bbb-8423-b007a63a5cca as the min replicated index is 4. Deletion is not allowed in this container yet.
2019-10-25 21:28:12,529 [BlockDeletingService#2] WARN  background.BlockDeletingService (BlockDeletingService.java:isDeletionAllowed(187)) - Close Container log Index 6 is not replicated across allthe servers in the pipeline 69397456-ee7f-4bbb-8423-b007a63a5cca as the min replicated index is 4. Deletion is not allowed in this container yet.
2019-10-25 21:28:12,551 [EventQueue-ContainerReportForContainerReportHandler] WARN  container.ContainerReportHandler (AbstractContainerReportHandler.java:updateContainerState(145)) - Container #1 is in OPEN state, but the datanode b43dc2d2-5265-4a31-922b-3f50c0227a2c{ip: 192.168.34.41, host: pr-hdds-2311-njw4j-1908075285, networkLocation: /default-rack, certSerialId: null} reports an CLOSED replica.
2019-10-25 21:28:12,702 [EventQueue-ContainerReportForContainerReportHandler] WARN  container.ContainerReportHandler (AbstractContainerReportHandler.java:updateContainerState(145)) - Container #1 is in OPEN state, but the datanode 1e09a021-a6d7-4a53-819d-98ce6b091a77{ip: 192.168.34.41, host: pr-hdds-2311-njw4j-1908075285, networkLocation: /default-rack, certSerialId: null} reports an CLOSED replica.
2019-10-25 21:28:12,951 [EventQueue-ContainerReportForContainerReportHandler] WARN  container.ContainerReportHandler (AbstractContainerReportHandler.java:updateContainerState(145)) - Container #1 is in OPEN state, but the datanode b43dc2d2-5265-4a31-922b-3f50c0227a2c{ip: 192.168.34.41, host: pr-hdds-2311-njw4j-1908075285, networkLocation: /default-rack, certSerialId: null} reports an CLOSED replica.
2019-10-25 21:28:13,002 [EventQueue-ContainerReportForContainerReportHandler] WARN  container.ContainerReportHandler (AbstractContainerReportHandler.java:updateContainerState(145)) - Container #1 is in OPEN state, but the datanode 1e09a021-a6d7-4a53-819d-98ce6b091a77{ip: 192.168.34.41, host: pr-hdds-2311-njw4j-1908075285, networkLocation: /default-rack, certSerialId: null} reports an CLOSED replica.
2019-10-25 21:28:13,252 [EventQueue-ContainerReportForContainerReportHandler] WARN  container.ContainerReportHandler (AbstractContainerReportHandler.java:updateContainerState(145)) - Container #1 is in OPEN state, but the datanode b43dc2d2-5265-4a31-922b-3f50c0227a2c{ip: 192.168.34.41, host: pr-hdds-2311-njw4j-1908075285, networkLocation: /default-rack, certSerialId: null} reports an CLOSED replica.
2019-10-25 21:28:13,304 [EventQueue-ContainerReportForContainerReportHandler] WARN  container.ContainerReportHandler (AbstractContainerReportHandler.java:updateContainerState(145)) - Container #1 is in OPEN state, but the datanode 1e09a021-a6d7-4a53-819d-98ce6b091a77{ip: 192.168.34.41, host: pr-hdds-2311-njw4j-1908075285, networkLocation: /default-rack, certSerialId: null} reports an CLOSED replica.
2019-10-25 21:28:13,505 [EventQueue-ContainerReportForContainerReportHandler] WARN  container.ContainerReportHandler (AbstractContainerReportHandler.java:updateContainerState(145)) - Container #1 is in OPEN state, but the datanode 1e09a021-a6d7-4a53-819d-98ce6b091a77{ip: 192.168.34.41, host: pr-hdds-2311-njw4j-1908075285, networkLocation: /default-rack, certSerialId: null} reports an CLOSED replica.
2019-10-25 21:28:13,531 [BlockDeletingService#2] WARN  background.BlockDeletingService (BlockDeletingService.java:isDeletionAllowed(187)) - Close Container log Index 6 is not replicated across allthe servers in the pipeline 69397456-ee7f-4bbb-8423-b007a63a5cca as the min replicated index is 4. Deletion is not allowed in this container yet.
2019-10-25 21:28:13,531 [BlockDeletingService#2] WARN  background.BlockDeletingService (BlockDeletingService.java:isDeletionAllowed(187)) - Close Container log Index 6 is not replicated across allthe servers in the pipeline 69397456-ee7f-4bbb-8423-b007a63a5cca as the min replicated index is 4. Deletion is not allowed in this container yet.
2019-10-25 21:28:13,580 [Thread-402] INFO  client.GrpcClientProtocolService (GrpcClientProtocolService.java:lambda$processClientRequest$0(278)) - Failed RaftClientRequest:client-6DCA51C798D1->b43dc2d2-5265-4a31-922b-3f50c0227a2c@group-B007A63A5CCA, cid=10, seq=0, Watch-ALL_COMMITTED(6), Message:<EMPTY>, reply=RaftClientReply:client-6DCA51C798D1->b43dc2d2-5265-4a31-922b-3f50c0227a2c@group-B007A63A5CCA, cid=10, FAILED org.apache.ratis.protocol.NotLeaderException: Server b43dc2d2-5265-4a31-922b-3f50c0227a2c@group-B007A63A5CCA is not the leader 1e09a021-a6d7-4a53-819d-98ce6b091a77:192.168.34.41:46402, logIndex=0, commits[b43dc2d2-5265-4a31-922b-3f50c0227a2c:c10, 1e09a021-a6d7-4a53-819d-98ce6b091a77:c10, fe8e0c84-158f-427e-8307-4b533a2376d4:c4]
2019-10-25 21:28:13,651 [EventQueue-ContainerReportForContainerReportHandler] WARN  container.ContainerReportHandler (AbstractContainerReportHandler.java:updateContainerState(145)) - Container #1 is in OPEN state, but the datanode b43dc2d2-5265-4a31-922b-3f50c0227a2c{ip: 192.168.34.41, host: pr-hdds-2311-njw4j-1908075285, networkLocation: /default-rack, certSerialId: null} reports an CLOSED replica.
2019-10-25 21:28:13,755 [Thread-405] INFO  client.GrpcClientProtocolService (GrpcClientProtocolService.java:lambda$processClientRequest$0(278)) - Failed RaftClientRequest:client-6DCA51C798D1->1e09a021-a6d7-4a53-819d-98ce6b091a77@group-B007A63A5CCA, cid=10, seq=0, Watch-ALL_COMMITTED(6), Message:<EMPTY>, reply=RaftClientReply:client-6DCA51C798D1->1e09a021-a6d7-4a53-819d-98ce6b091a77@group-B007A63A5CCA, cid=10, FAILED org.apache.ratis.protocol.NotReplicatedException: Request with call Id 10 and log index 6 is not yet replicated to ALL_COMMITTED, logIndex=6, commits[1e09a021-a6d7-4a53-819d-98ce6b091a77:c10, b43dc2d2-5265-4a31-922b-3f50c0227a2c:c10, fe8e0c84-158f-427e-8307-4b533a2376d4:c4]
2019-10-25 21:28:13,851 [EventQueue-ContainerReportForContainerReportHandler] WARN  container.ContainerReportHandler (AbstractContainerReportHandler.java:updateContainerState(145)) - Container #1 is in OPEN state, but the datanode b43dc2d2-5265-4a31-922b-3f50c0227a2c{ip: 192.168.34.41, host: pr-hdds-2311-njw4j-1908075285, networkLocation: /default-rack, certSerialId: null} reports an CLOSED replica.
2019-10-25 21:28:13,905 [EventQueue-ContainerReportForContainerReportHandler] WARN  container.ContainerReportHandler (AbstractContainerReportHandler.java:updateContainerState(145)) - Container #1 is in OPEN state, but the datanode 1e09a021-a6d7-4a53-819d-98ce6b091a77{ip: 192.168.34.41, host: pr-hdds-2311-njw4j-1908075285, networkLocation: /default-rack, certSerialId: null} reports an CLOSED replica.
2019-10-25 21:28:14,252 [EventQueue-ContainerReportForContainerReportHandler] WARN  container.ContainerReportHandler (AbstractContainerReportHandler.java:updateContainerState(145)) - Container #1 is in OPEN state, but the datanode b43dc2d2-5265-4a31-922b-3f50c0227a2c{ip: 192.168.34.41, host: pr-hdds-2311-njw4j-1908075285, networkLocation: /default-rack, certSerialId: null} reports an CLOSED replica.
2019-10-25 21:28:14,306 [EventQueue-ContainerReportForContainerReportHandler] WARN  container.ContainerReportHandler (AbstractContainerReportHandler.java:updateContainerState(145)) - Container #1 is in OPEN state, but the datanode 1e09a021-a6d7-4a53-819d-98ce6b091a77{ip: 192.168.34.41, host: pr-hdds-2311-njw4j-1908075285, networkLocation: /default-rack, certSerialId: null} reports an CLOSED replica.
2019-10-25 21:28:14,441 [java.util.concurrent.ThreadPoolExecutor$Worker@1ea5ced5[State = -1, empty queue]] WARN  server.GrpcLogAppender (GrpcLogAppender.java:timeoutAppendRequest(209)) - 1e09a021-a6d7-4a53-819d-98ce6b091a77@group-B007A63A5CCA->fe8e0c84-158f-427e-8307-4b533a2376d4-GrpcLogAppender: appendEntries Timeout, request=1e09a021-a6d7-4a53-819d-98ce6b091a77->fe8e0c84-158f-427e-8307-4b533a2376d4#35-t2, previous=(t:2, i:10), leaderCommit=10, initializing? false, entries: <empty>
2019-10-25 21:28:14,452 [EventQueue-ContainerReportForContainerReportHandler] WARN  container.ContainerReportHandler (AbstractContainerReportHandler.java:updateContainerState(145)) - Container #1 is in OPEN state, but the datanode b43dc2d2-5265-4a31-922b-3f50c0227a2c{ip: 192.168.34.41, host: pr-hdds-2311-njw4j-1908075285, networkLocation: /default-rack, certSerialId: null} reports an CLOSED replica.
2019-10-25 21:28:14,532 [BlockDeletingService#2] WARN  background.BlockDeletingService (BlockDeletingService.java:isDeletionAllowed(187)) - Close Container log Index 6 is not replicated across allthe servers in the pipeline 69397456-ee7f-4bbb-8423-b007a63a5cca as the min replicated index is 4. Deletion is not allowed in this container yet.
2019-10-25 21:28:14,532 [BlockDeletingService#2] WARN  background.BlockDeletingService (BlockDeletingService.java:isDeletionAllowed(187)) - Close Container log Index 6 is not replicated across allthe servers in the pipeline 69397456-ee7f-4bbb-8423-b007a63a5cca as the min replicated index is 4. Deletion is not allowed in this container yet.
2019-10-25 21:28:14,708 [EventQueue-ContainerReportForContainerReportHandler] WARN  container.ContainerReportHandler (AbstractContainerReportHandler.java:updateContainerState(145)) - Container #1 is in OPEN state, but the datanode 1e09a021-a6d7-4a53-819d-98ce6b091a77{ip: 192.168.34.41, host: pr-hdds-2311-njw4j-1908075285, networkLocation: /default-rack, certSerialId: null} reports an CLOSED replica.
2019-10-25 21:28:14,853 [EventQueue-ContainerReportForContainerReportHandler] WARN  container.ContainerReportHandler (AbstractContainerReportHandler.java:updateContainerState(145)) - Container #1 is in OPEN state, but the datanode b43dc2d2-5265-4a31-922b-3f50c0227a2c{ip: 192.168.34.41, host: pr-hdds-2311-njw4j-1908075285, networkLocation: /default-rack, certSerialId: null} reports an CLOSED replica.
2019-10-25 21:28:15,007 [EventQueue-ContainerReportForContainerReportHandler] WARN  container.ContainerReportHandler (AbstractContainerReportHandler.java:updateContainerState(145)) - Container #1 is in OPEN state, but the datanode 1e09a021-a6d7-4a53-819d-98ce6b091a77{ip: 192.168.34.41, host: pr-hdds-2311-njw4j-1908075285, networkLocation: /default-rack, certSerialId: null} reports an CLOSED replica.
2019-10-25 21:28:15,254 [EventQueue-ContainerReportForContainerReportHandler] WARN  container.ContainerReportHandler (AbstractContainerReportHandler.java:updateContainerState(145)) - Container #1 is in OPEN state, but the datanode b43dc2d2-5265-4a31-922b-3f50c0227a2c{ip: 192.168.34.41, host: pr-hdds-2311-njw4j-1908075285, networkLocation: /default-rack, certSerialId: null} reports an CLOSED replica.
2019-10-25 21:28:15,308 [EventQueue-ContainerReportForContainerReportHandler] WARN  container.ContainerReportHandler (AbstractContainerReportHandler.java:updateContainerState(145)) - Container #1 is in OPEN state, but the datanode 1e09a021-a6d7-4a53-819d-98ce6b091a77{ip: 192.168.34.41, host: pr-hdds-2311-njw4j-1908075285, networkLocation: /default-rack, certSerialId: null} reports an CLOSED replica.
2019-10-25 21:28:15,534 [BlockDeletingService#2] WARN  background.BlockDeletingService (BlockDeletingService.java:isDeletionAllowed(187)) - Close Container log Index 6 is not replicated across allthe servers in the pipeline 69397456-ee7f-4bbb-8423-b007a63a5cca as the min replicated index is 4. Deletion is not allowed in this container yet.
2019-10-25 21:28:15,534 [BlockDeletingService#2] WARN  background.BlockDeletingService (BlockDeletingService.java:isDeletionAllowed(187)) - Close Container log Index 6 is not replicated across allthe servers in the pipeline 69397456-ee7f-4bbb-8423-b007a63a5cca as the min replicated index is 4. Deletion is not allowed in this container yet.
2019-10-25 21:28:15,555 [EventQueue-ContainerReportForContainerReportHandler] WARN  container.ContainerReportHandler (AbstractContainerReportHandler.java:updateContainerState(145)) - Container #1 is in OPEN state, but the datanode b43dc2d2-5265-4a31-922b-3f50c0227a2c{ip: 192.168.34.41, host: pr-hdds-2311-njw4j-1908075285, networkLocation: /default-rack, certSerialId: null} reports an CLOSED replica.
2019-10-25 21:28:15,608 [EventQueue-ContainerReportForContainerReportHandler] WARN  container.ContainerReportHandler (AbstractContainerReportHandler.java:updateContainerState(145)) - Container #1 is in OPEN state, but the datanode 1e09a021-a6d7-4a53-819d-98ce6b091a77{ip: 192.168.34.41, host: pr-hdds-2311-njw4j-1908075285, networkLocation: /default-rack, certSerialId: null} reports an CLOSED replica.
2019-10-25 21:28:15,808 [EventQueue-ContainerReportForContainerReportHandler] WARN  container.ContainerReportHandler (AbstractContainerReportHandler.java:updateContainerState(145)) - Container #1 is in OPEN state, but the datanode 1e09a021-a6d7-4a53-819d-98ce6b091a77{ip: 192.168.34.41, host: pr-hdds-2311-njw4j-1908075285, networkLocation: /default-rack, certSerialId: null} reports an CLOSED replica.
2019-10-25 21:28:15,855 [EventQueue-ContainerReportForContainerReportHandler] WARN  container.ContainerReportHandler (AbstractContainerReportHandler.java:updateContainerState(145)) - Container #1 is in OPEN state, but the datanode b43dc2d2-5265-4a31-922b-3f50c0227a2c{ip: 192.168.34.41, host: pr-hdds-2311-njw4j-1908075285, networkLocation: /default-rack, certSerialId: null} reports an CLOSED replica.
2019-10-25 21:28:16,109 [EventQueue-ContainerReportForContainerReportHandler] WARN  container.ContainerReportHandler (AbstractContainerReportHandler.java:updateContainerState(145)) - Container #1 is in OPEN state, but the datanode 1e09a021-a6d7-4a53-819d-98ce6b091a77{ip: 192.168.34.41, host: pr-hdds-2311-njw4j-1908075285, networkLocation: /default-rack, certSerialId: null} reports an CLOSED replica.
2019-10-25 21:28:16,155 [EventQueue-ContainerReportForContainerReportHandler] WARN  container.ContainerReportHandler (AbstractContainerReportHandler.java:updateContainerState(145)) - Container #1 is in OPEN state, but the datanode b43dc2d2-5265-4a31-922b-3f50c0227a2c{ip: 192.168.34.41, host: pr-hdds-2311-njw4j-1908075285, networkLocation: /default-rack, certSerialId: null} reports an CLOSED replica.
2019-10-25 21:28:16,409 [EventQueue-ContainerReportForContainerReportHandler] WARN  container.ContainerReportHandler (AbstractContainerReportHandler.java:updateContainerState(145)) - Container #1 is in OPEN state, but the datanode 1e09a021-a6d7-4a53-819d-98ce6b091a77{ip: 192.168.34.41, host: pr-hdds-2311-njw4j-1908075285, networkLocation: /default-rack, certSerialId: null} reports an CLOSED replica.
2019-10-25 21:28:16,537 [BlockDeletingService#2] WARN  background.BlockDeletingService (BlockDeletingService.java:isDeletionAllowed(187)) - Close Container log Index 6 is not replicated across allthe servers in the pipeline 69397456-ee7f-4bbb-8423-b007a63a5cca as the min replicated index is 4. Deletion is not allowed in this container yet.
2019-10-25 21:28:16,537 [BlockDeletingService#2] WARN  background.BlockDeletingService (BlockDeletingService.java:isDeletionAllowed(187)) - Close Container log Index 6 is not replicated across allthe servers in the pipeline 69397456-ee7f-4bbb-8423-b007a63a5cca as the min replicated index is 4. Deletion is not allowed in this container yet.
2019-10-25 21:28:16,556 [EventQueue-ContainerReportForContainerReportHandler] WARN  container.ContainerReportHandler (AbstractContainerReportHandler.java:updateContainerState(145)) - Container #1 is in OPEN state, but the datanode b43dc2d2-5265-4a31-922b-3f50c0227a2c{ip: 192.168.34.41, host: pr-hdds-2311-njw4j-1908075285, networkLocation: /default-rack, certSerialId: null} reports an CLOSED replica.
2019-10-25 21:28:16,811 [EventQueue-ContainerReportForContainerReportHandler] WARN  container.ContainerReportHandler (AbstractContainerReportHandler.java:updateContainerState(145)) - Container #1 is in OPEN state, but the datanode 1e09a021-a6d7-4a53-819d-98ce6b091a77{ip: 192.168.34.41, host: pr-hdds-2311-njw4j-1908075285, networkLocation: /default-rack, certSerialId: null} reports an CLOSED replica.
2019-10-25 21:28:16,856 [EventQueue-ContainerReportForContainerReportHandler] WARN  container.ContainerReportHandler (AbstractContainerReportHandler.java:updateContainerState(145)) - Container #1 is in OPEN state, but the datanode b43dc2d2-5265-4a31-922b-3f50c0227a2c{ip: 192.168.34.41, host: pr-hdds-2311-njw4j-1908075285, networkLocation: /default-rack, certSerialId: null} reports an CLOSED replica.
2019-10-25 21:28:16,942 [java.util.concurrent.ThreadPoolExecutor$Worker@1ea5ced5[State = -1, empty queue]] WARN  server.GrpcLogAppender (GrpcLogAppender.java:timeoutAppendRequest(209)) - 1e09a021-a6d7-4a53-819d-98ce6b091a77@group-B007A63A5CCA->fe8e0c84-158f-427e-8307-4b533a2376d4-GrpcLogAppender: appendEntries Timeout, request=1e09a021-a6d7-4a53-819d-98ce6b091a77->fe8e0c84-158f-427e-8307-4b533a2376d4#36-t2, previous=(t:2, i:10), leaderCommit=10, initializing? false, entries: <empty>
2019-10-25 21:28:17,057 [EventQueue-ContainerReportForContainerReportHandler] WARN  container.ContainerReportHandler (AbstractContainerReportHandler.java:updateContainerState(145)) - Container #1 is in OPEN state, but the datanode b43dc2d2-5265-4a31-922b-3f50c0227a2c{ip: 192.168.34.41, host: pr-hdds-2311-njw4j-1908075285, networkLocation: /default-rack, certSerialId: null} reports an CLOSED replica.
2019-10-25 21:28:17,111 [EventQueue-ContainerReportForContainerReportHandler] WARN  container.ContainerReportHandler (AbstractContainerReportHandler.java:updateContainerState(145)) - Container #1 is in OPEN state, but the datanode 1e09a021-a6d7-4a53-819d-98ce6b091a77{ip: 192.168.34.41, host: pr-hdds-2311-njw4j-1908075285, networkLocation: /default-rack, certSerialId: null} reports an CLOSED replica.
2019-10-25 21:28:17,412 [EventQueue-ContainerReportForContainerReportHandler] WARN  container.ContainerReportHandler (AbstractContainerReportHandler.java:updateContainerState(145)) - Container #1 is in OPEN state, but the datanode 1e09a021-a6d7-4a53-819d-98ce6b091a77{ip: 192.168.34.41, host: pr-hdds-2311-njw4j-1908075285, networkLocation: /default-rack, certSerialId: null} reports an CLOSED replica.
2019-10-25 21:28:17,458 [EventQueue-ContainerReportForContainerReportHandler] WARN  container.ContainerReportHandler (AbstractContainerReportHandler.java:updateContainerState(145)) - Container #1 is in OPEN state, but the datanode b43dc2d2-5265-4a31-922b-3f50c0227a2c{ip: 192.168.34.41, host: pr-hdds-2311-njw4j-1908075285, networkLocation: /default-rack, certSerialId: null} reports an CLOSED replica.
2019-10-25 21:28:17,539 [BlockDeletingService#2] WARN  background.BlockDeletingService (BlockDeletingService.java:isDeletionAllowed(187)) - Close Container log Index 6 is not replicated across allthe servers in the pipeline 69397456-ee7f-4bbb-8423-b007a63a5cca as the min replicated index is 4. Deletion is not allowed in this container yet.
2019-10-25 21:28:17,539 [BlockDeletingService#2] WARN  background.BlockDeletingService (BlockDeletingService.java:isDeletionAllowed(187)) - Close Container log Index 6 is not replicated across allthe servers in the pipeline 69397456-ee7f-4bbb-8423-b007a63a5cca as the min replicated index is 4. Deletion is not allowed in this container yet.
2019-10-25 21:28:17,658 [EventQueue-ContainerReportForContainerReportHandler] WARN  container.ContainerReportHandler (AbstractContainerReportHandler.java:updateContainerState(145)) - Container #1 is in OPEN state, but the datanode b43dc2d2-5265-4a31-922b-3f50c0227a2c{ip: 192.168.34.41, host: pr-hdds-2311-njw4j-1908075285, networkLocation: /default-rack, certSerialId: null} reports an CLOSED replica.
2019-10-25 21:28:17,711 [EventQueue-ContainerReportForContainerReportHandler] WARN  container.ContainerReportHandler (AbstractContainerReportHandler.java:updateContainerState(145)) - Container #1 is in OPEN state, but the datanode 1e09a021-a6d7-4a53-819d-98ce6b091a77{ip: 192.168.34.41, host: pr-hdds-2311-njw4j-1908075285, networkLocation: /default-rack, certSerialId: null} reports an CLOSED replica.
2019-10-25 21:28:17,959 [EventQueue-ContainerReportForContainerReportHandler] WARN  container.ContainerReportHandler (AbstractContainerReportHandler.java:updateContainerState(145)) - Container #1 is in OPEN state, but the datanode b43dc2d2-5265-4a31-922b-3f50c0227a2c{ip: 192.168.34.41, host: pr-hdds-2311-njw4j-1908075285, networkLocation: /default-rack, certSerialId: null} reports an CLOSED replica.
2019-10-25 21:28:18,011 [EventQueue-ContainerReportForContainerReportHandler] WARN  container.ContainerReportHandler (AbstractContainerReportHandler.java:updateContainerState(145)) - Container #1 is in OPEN state, but the datanode 1e09a021-a6d7-4a53-819d-98ce6b091a77{ip: 192.168.34.41, host: pr-hdds-2311-njw4j-1908075285, networkLocation: /default-rack, certSerialId: null} reports an CLOSED replica.
2019-10-25 21:28:18,311 [EventQueue-ContainerReportForContainerReportHandler] WARN  container.ContainerReportHandler (AbstractContainerReportHandler.java:updateContainerState(145)) - Container #1 is in OPEN state, but the datanode 1e09a021-a6d7-4a53-819d-98ce6b091a77{ip: 192.168.34.41, host: pr-hdds-2311-njw4j-1908075285, networkLocation: /default-rack, certSerialId: null} reports an CLOSED replica.
2019-10-25 21:28:18,360 [EventQueue-ContainerReportForContainerReportHandler] WARN  container.ContainerReportHandler (AbstractContainerReportHandler.java:updateContainerState(145)) - Container #1 is in OPEN state, but the datanode b43dc2d2-5265-4a31-922b-3f50c0227a2c{ip: 192.168.34.41, host: pr-hdds-2311-njw4j-1908075285, networkLocation: /default-rack, certSerialId: null} reports an CLOSED replica.
2019-10-25 21:28:18,540 [BlockDeletingService#2] WARN  background.BlockDeletingService (BlockDeletingService.java:isDeletionAllowed(187)) - Close Container log Index 6 is not replicated across allthe servers in the pipeline 69397456-ee7f-4bbb-8423-b007a63a5cca as the min replicated index is 4. Deletion is not allowed in this container yet.
2019-10-25 21:28:18,541 [BlockDeletingService#2] WARN  background.BlockDeletingService (BlockDeletingService.java:isDeletionAllowed(187)) - Close Container log Index 6 is not replicated across allthe servers in the pipeline 69397456-ee7f-4bbb-8423-b007a63a5cca as the min replicated index is 4. Deletion is not allowed in this container yet.
2019-10-25 21:28:18,560 [EventQueue-ContainerReportForContainerReportHandler] WARN  container.ContainerReportHandler (AbstractContainerReportHandler.java:updateContainerState(145)) - Container #1 is in OPEN state, but the datanode b43dc2d2-5265-4a31-922b-3f50c0227a2c{ip: 192.168.34.41, host: pr-hdds-2311-njw4j-1908075285, networkLocation: /default-rack, certSerialId: null} reports an CLOSED replica.
2019-10-25 21:28:18,612 [EventQueue-ContainerReportForContainerReportHandler] WARN  container.ContainerReportHandler (AbstractContainerReportHandler.java:updateContainerState(145)) - Container #1 is in OPEN state, but the datanode 1e09a021-a6d7-4a53-819d-98ce6b091a77{ip: 192.168.34.41, host: pr-hdds-2311-njw4j-1908075285, networkLocation: /default-rack, certSerialId: null} reports an CLOSED replica.
2019-10-25 21:28:18,859 [EventQueue-ContainerReportForContainerReportHandler] WARN  container.ContainerReportHandler (AbstractContainerReportHandler.java:updateContainerState(145)) - Container #1 is in OPEN state, but the datanode b43dc2d2-5265-4a31-922b-3f50c0227a2c{ip: 192.168.34.41, host: pr-hdds-2311-njw4j-1908075285, networkLocation: /default-rack, certSerialId: null} reports an CLOSED replica.
2019-10-25 21:28:19,012 [EventQueue-ContainerReportForContainerReportHandler] WARN  container.ContainerReportHandler (AbstractContainerReportHandler.java:updateContainerState(145)) - Container #1 is in OPEN state, but the datanode 1e09a021-a6d7-4a53-819d-98ce6b091a77{ip: 192.168.34.41, host: pr-hdds-2311-njw4j-1908075285, networkLocation: /default-rack, certSerialId: null} reports an CLOSED replica.
2019-10-25 21:28:19,260 [EventQueue-ContainerReportForContainerReportHandler] WARN  container.ContainerReportHandler (AbstractContainerReportHandler.java:updateContainerState(145)) - Container #1 is in OPEN state, but the datanode b43dc2d2-5265-4a31-922b-3f50c0227a2c{ip: 192.168.34.41, host: pr-hdds-2311-njw4j-1908075285, networkLocation: /default-rack, certSerialId: null} reports an CLOSED replica.
2019-10-25 21:28:19,312 [EventQueue-ContainerReportForContainerReportHandler] WARN  container.ContainerReportHandler (AbstractContainerReportHandler.java:updateContainerState(145)) - Container #1 is in OPEN state, but the datanode 1e09a021-a6d7-4a53-819d-98ce6b091a77{ip: 192.168.34.41, host: pr-hdds-2311-njw4j-1908075285, networkLocation: /default-rack, certSerialId: null} reports an CLOSED replica.
2019-10-25 21:28:19,448 [java.util.concurrent.ThreadPoolExecutor$Worker@1ea5ced5[State = -1, empty queue]] WARN  server.GrpcLogAppender (GrpcLogAppender.java:timeoutAppendRequest(209)) - 1e09a021-a6d7-4a53-819d-98ce6b091a77@group-B007A63A5CCA->fe8e0c84-158f-427e-8307-4b533a2376d4-GrpcLogAppender: appendEntries Timeout, request=1e09a021-a6d7-4a53-819d-98ce6b091a77->fe8e0c84-158f-427e-8307-4b533a2376d4#37-t2, previous=(t:2, i:10), leaderCommit=10, initializing? false, entries: <empty>
2019-10-25 21:28:19,463 [EventQueue-ContainerReportForContainerReportHandler] WARN  container.ContainerReportHandler (AbstractContainerReportHandler.java:updateContainerState(145)) - Container #1 is in OPEN state, but the datanode b43dc2d2-5265-4a31-922b-3f50c0227a2c{ip: 192.168.34.41, host: pr-hdds-2311-njw4j-1908075285, networkLocation: /default-rack, certSerialId: null} reports an CLOSED replica.
2019-10-25 21:28:19,512 [EventQueue-ContainerReportForContainerReportHandler] WARN  container.ContainerReportHandler (AbstractContainerReportHandler.java:updateContainerState(145)) - Container #1 is in OPEN state, but the datanode 1e09a021-a6d7-4a53-819d-98ce6b091a77{ip: 192.168.34.41, host: pr-hdds-2311-njw4j-1908075285, networkLocation: /default-rack, certSerialId: null} reports an CLOSED replica.
2019-10-25 21:28:19,544 [BlockDeletingService#2] WARN  background.BlockDeletingService (BlockDeletingService.java:isDeletionAllowed(187)) - Close Container log Index 6 is not replicated across allthe servers in the pipeline 69397456-ee7f-4bbb-8423-b007a63a5cca as the min replicated index is 4. Deletion is not allowed in this container yet.
2019-10-25 21:28:19,544 [BlockDeletingService#2] WARN  background.BlockDeletingService (BlockDeletingService.java:isDeletionAllowed(187)) - Close Container log Index 6 is not replicated across allthe servers in the pipeline 69397456-ee7f-4bbb-8423-b007a63a5cca as the min replicated index is 4. Deletion is not allowed in this container yet.
2019-10-25 21:28:19,813 [EventQueue-ContainerReportForContainerReportHandler] WARN  container.ContainerReportHandler (AbstractContainerReportHandler.java:updateContainerState(145)) - Container #1 is in OPEN state, but the datanode 1e09a021-a6d7-4a53-819d-98ce6b091a77{ip: 192.168.34.41, host: pr-hdds-2311-njw4j-1908075285, networkLocation: /default-rack, certSerialId: null} reports an CLOSED replica.
2019-10-25 21:28:19,861 [EventQueue-ContainerReportForContainerReportHandler] WARN  container.ContainerReportHandler (AbstractContainerReportHandler.java:updateContainerState(145)) - Container #1 is in OPEN state, but the datanode b43dc2d2-5265-4a31-922b-3f50c0227a2c{ip: 192.168.34.41, host: pr-hdds-2311-njw4j-1908075285, networkLocation: /default-rack, certSerialId: null} reports an CLOSED replica.
2019-10-25 21:28:20,161 [EventQueue-ContainerReportForContainerReportHandler] WARN  container.ContainerReportHandler (AbstractContainerReportHandler.java:updateContainerState(145)) - Container #1 is in OPEN state, but the datanode b43dc2d2-5265-4a31-922b-3f50c0227a2c{ip: 192.168.34.41, host: pr-hdds-2311-njw4j-1908075285, networkLocation: /default-rack, certSerialId: null} reports an CLOSED replica.
2019-10-25 21:28:20,213 [EventQueue-ContainerReportForContainerReportHandler] WARN  container.ContainerReportHandler (AbstractContainerReportHandler.java:updateContainerState(145)) - Container #1 is in OPEN state, but the datanode 1e09a021-a6d7-4a53-819d-98ce6b091a77{ip: 192.168.34.41, host: pr-hdds-2311-njw4j-1908075285, networkLocation: /default-rack, certSerialId: null} reports an CLOSED replica.
2019-10-25 21:28:20,362 [EventQueue-ContainerReportForContainerReportHandler] WARN  container.ContainerReportHandler (AbstractContainerReportHandler.java:updateContainerState(145)) - Container #1 is in OPEN state, but the datanode b43dc2d2-5265-4a31-922b-3f50c0227a2c{ip: 192.168.34.41, host: pr-hdds-2311-njw4j-1908075285, networkLocation: /default-rack, certSerialId: null} reports an CLOSED replica.
2019-10-25 21:28:20,513 [EventQueue-ContainerReportForContainerReportHandler] WARN  container.ContainerReportHandler (AbstractContainerReportHandler.java:updateContainerState(145)) - Container #1 is in OPEN state, but the datanode 1e09a021-a6d7-4a53-819d-98ce6b091a77{ip: 192.168.34.41, host: pr-hdds-2311-njw4j-1908075285, networkLocation: /default-rack, certSerialId: null} reports an CLOSED replica.
2019-10-25 21:28:20,546 [BlockDeletingService#2] WARN  background.BlockDeletingService (BlockDeletingService.java:isDeletionAllowed(187)) - Close Container log Index 6 is not replicated across allthe servers in the pipeline 69397456-ee7f-4bbb-8423-b007a63a5cca as the min replicated index is 4. Deletion is not allowed in this container yet.
2019-10-25 21:28:20,546 [BlockDeletingService#2] WARN  background.BlockDeletingService (BlockDeletingService.java:isDeletionAllowed(187)) - Close Container log Index 6 is not replicated across allthe servers in the pipeline 69397456-ee7f-4bbb-8423-b007a63a5cca as the min replicated index is 4. Deletion is not allowed in this container yet.
2019-10-25 21:28:20,713 [EventQueue-ContainerReportForContainerReportHandler] WARN  container.ContainerReportHandler (AbstractContainerReportHandler.java:updateContainerState(145)) - Container #1 is in OPEN state, but the datanode 1e09a021-a6d7-4a53-819d-98ce6b091a77{ip: 192.168.34.41, host: pr-hdds-2311-njw4j-1908075285, networkLocation: /default-rack, certSerialId: null} reports an CLOSED replica.
2019-10-25 21:28:20,763 [EventQueue-ContainerReportForContainerReportHandler] WARN  container.ContainerReportHandler (AbstractContainerReportHandler.java:updateContainerState(145)) - Container #1 is in OPEN state, but the datanode b43dc2d2-5265-4a31-922b-3f50c0227a2c{ip: 192.168.34.41, host: pr-hdds-2311-njw4j-1908075285, networkLocation: /default-rack, certSerialId: null} reports an CLOSED replica.
2019-10-25 21:28:21,064 [EventQueue-ContainerReportForContainerReportHandler] WARN  container.ContainerReportHandler (AbstractContainerReportHandler.java:updateContainerState(145)) - Container #1 is in OPEN state, but the datanode b43dc2d2-5265-4a31-922b-3f50c0227a2c{ip: 192.168.34.41, host: pr-hdds-2311-njw4j-1908075285, networkLocation: /default-rack, certSerialId: null} reports an CLOSED replica.
2019-10-25 21:28:21,113 [EventQueue-ContainerReportForContainerReportHandler] WARN  container.ContainerReportHandler (AbstractContainerReportHandler.java:updateContainerState(145)) - Container #1 is in OPEN state, but the datanode 1e09a021-a6d7-4a53-819d-98ce6b091a77{ip: 192.168.34.41, host: pr-hdds-2311-njw4j-1908075285, networkLocation: /default-rack, certSerialId: null} reports an CLOSED replica.
2019-10-25 21:28:21,263 [EventQueue-ContainerReportForContainerReportHandler] WARN  container.ContainerReportHandler (AbstractContainerReportHandler.java:updateContainerState(145)) - Container #1 is in OPEN state, but the datanode b43dc2d2-5265-4a31-922b-3f50c0227a2c{ip: 192.168.34.41, host: pr-hdds-2311-njw4j-1908075285, networkLocation: /default-rack, certSerialId: null} reports an CLOSED replica.
2019-10-25 21:28:21,312 [EventQueue-ContainerReportForContainerReportHandler] WARN  container.ContainerReportHandler (AbstractContainerReportHandler.java:updateContainerState(145)) - Container #1 is in OPEN state, but the datanode 1e09a021-a6d7-4a53-819d-98ce6b091a77{ip: 192.168.34.41, host: pr-hdds-2311-njw4j-1908075285, networkLocation: /default-rack, certSerialId: null} reports an CLOSED replica.
2019-10-25 21:28:21,547 [BlockDeletingService#2] WARN  background.BlockDeletingService (BlockDeletingService.java:isDeletionAllowed(187)) - Close Container log Index 6 is not replicated across allthe servers in the pipeline 69397456-ee7f-4bbb-8423-b007a63a5cca as the min replicated index is 4. Deletion is not allowed in this container yet.
2019-10-25 21:28:21,547 [BlockDeletingService#2] WARN  background.BlockDeletingService (BlockDeletingService.java:isDeletionAllowed(187)) - Close Container log Index 6 is not replicated across allthe servers in the pipeline 69397456-ee7f-4bbb-8423-b007a63a5cca as the min replicated index is 4. Deletion is not allowed in this container yet.
2019-10-25 21:28:21,612 [EventQueue-ContainerReportForContainerReportHandler] WARN  container.ContainerReportHandler (AbstractContainerReportHandler.java:updateContainerState(145)) - Container #1 is in OPEN state, but the datanode 1e09a021-a6d7-4a53-819d-98ce6b091a77{ip: 192.168.34.41, host: pr-hdds-2311-njw4j-1908075285, networkLocation: /default-rack, certSerialId: null} reports an CLOSED replica.
2019-10-25 21:28:21,663 [EventQueue-ContainerReportForContainerReportHandler] WARN  container.ContainerReportHandler (AbstractContainerReportHandler.java:updateContainerState(145)) - Container #1 is in OPEN state, but the datanode b43dc2d2-5265-4a31-922b-3f50c0227a2c{ip: 192.168.34.41, host: pr-hdds-2311-njw4j-1908075285, networkLocation: /default-rack, certSerialId: null} reports an CLOSED replica.
2019-10-25 21:28:21,949 [java.util.concurrent.ThreadPoolExecutor$Worker@1ea5ced5[State = -1, empty queue]] WARN  server.GrpcLogAppender (GrpcLogAppender.java:timeoutAppendRequest(209)) - 1e09a021-a6d7-4a53-819d-98ce6b091a77@group-B007A63A5CCA->fe8e0c84-158f-427e-8307-4b533a2376d4-GrpcLogAppender: appendEntries Timeout, request=1e09a021-a6d7-4a53-819d-98ce6b091a77->fe8e0c84-158f-427e-8307-4b533a2376d4#38-t2, previous=(t:2, i:10), leaderCommit=10, initializing? false, entries: <empty>
2019-10-25 21:28:21,963 [EventQueue-ContainerReportForContainerReportHandler] WARN  container.ContainerReportHandler (AbstractContainerReportHandler.java:updateContainerState(145)) - Container #1 is in OPEN state, but the datanode b43dc2d2-5265-4a31-922b-3f50c0227a2c{ip: 192.168.34.41, host: pr-hdds-2311-njw4j-1908075285, networkLocation: /default-rack, certSerialId: null} reports an CLOSED replica.
2019-10-25 21:28:22,016 [EventQueue-ContainerReportForContainerReportHandler] WARN  container.ContainerReportHandler (AbstractContainerReportHandler.java:updateContainerState(145)) - Container #1 is in OPEN state, but the datanode 1e09a021-a6d7-4a53-819d-98ce6b091a77{ip: 192.168.34.41, host: pr-hdds-2311-njw4j-1908075285, networkLocation: /default-rack, certSerialId: null} reports an CLOSED replica.
2019-10-25 21:28:22,263 [EventQueue-ContainerReportForContainerReportHandler] WARN  container.ContainerReportHandler (AbstractContainerReportHandler.java:updateContainerState(145)) - Container #1 is in OPEN state, but the datanode b43dc2d2-5265-4a31-922b-3f50c0227a2c{ip: 192.168.34.41, host: pr-hdds-2311-njw4j-1908075285, networkLocation: /default-rack, certSerialId: null} reports an CLOSED replica.
2019-10-25 21:28:22,317 [EventQueue-ContainerReportForContainerReportHandler] WARN  container.ContainerReportHandler (AbstractContainerReportHandler.java:updateContainerState(145)) - Container #1 is in OPEN state, but the datanode 1e09a021-a6d7-4a53-819d-98ce6b091a77{ip: 192.168.34.41, host: pr-hdds-2311-njw4j-1908075285, networkLocation: /default-rack, certSerialId: null} reports an CLOSED replica.
2019-10-25 21:28:22,549 [BlockDeletingService#2] WARN  background.BlockDeletingService (BlockDeletingService.java:isDeletionAllowed(187)) - Close Container log Index 6 is not replicated across allthe servers in the pipeline 69397456-ee7f-4bbb-8423-b007a63a5cca as the min replicated index is 4. Deletion is not allowed in this container yet.
2019-10-25 21:28:22,549 [BlockDeletingService#2] WARN  background.BlockDeletingService (BlockDeletingService.java:isDeletionAllowed(187)) - Close Container log Index 6 is not replicated across allthe servers in the pipeline 69397456-ee7f-4bbb-8423-b007a63a5cca as the min replicated index is 4. Deletion is not allowed in this container yet.
2019-10-25 21:28:22,563 [EventQueue-ContainerReportForContainerReportHandler] WARN  container.ContainerReportHandler (AbstractContainerReportHandler.java:updateContainerState(145)) - Container #1 is in OPEN state, but the datanode b43dc2d2-5265-4a31-922b-3f50c0227a2c{ip: 192.168.34.41, host: pr-hdds-2311-njw4j-1908075285, networkLocation: /default-rack, certSerialId: null} reports an CLOSED replica.
2019-10-25 21:28:22,619 [EventQueue-ContainerReportForContainerReportHandler] WARN  container.ContainerReportHandler (AbstractContainerReportHandler.java:updateContainerState(145)) - Container #1 is in OPEN state, but the datanode 1e09a021-a6d7-4a53-819d-98ce6b091a77{ip: 192.168.34.41, host: pr-hdds-2311-njw4j-1908075285, networkLocation: /default-rack, certSerialId: null} reports an CLOSED replica.
2019-10-25 21:28:22,620 [Thread-430] INFO  client.GrpcClientProtocolService (GrpcClientProtocolService.java:lambda$processClientRequest$0(278)) - Failed RaftClientRequest:client-6DCA51C798D1->b43dc2d2-5265-4a31-922b-3f50c0227a2c@group-B007A63A5CCA, cid=10, seq=0, Watch-ALL_COMMITTED(6), Message:<EMPTY>, reply=RaftClientReply:client-6DCA51C798D1->b43dc2d2-5265-4a31-922b-3f50c0227a2c@group-B007A63A5CCA, cid=10, FAILED org.apache.ratis.protocol.NotLeaderException: Server b43dc2d2-5265-4a31-922b-3f50c0227a2c@group-B007A63A5CCA is not the leader 1e09a021-a6d7-4a53-819d-98ce6b091a77:192.168.34.41:46402, logIndex=0, commits[b43dc2d2-5265-4a31-922b-3f50c0227a2c:c10, 1e09a021-a6d7-4a53-819d-98ce6b091a77:c10, fe8e0c84-158f-427e-8307-4b533a2376d4:c4]
2019-10-25 21:28:22,818 [EventQueue-ContainerReportForContainerReportHandler] WARN  container.ContainerReportHandler (AbstractContainerReportHandler.java:updateContainerState(145)) - Container #1 is in OPEN state, but the datanode 1e09a021-a6d7-4a53-819d-98ce6b091a77{ip: 192.168.34.41, host: pr-hdds-2311-njw4j-1908075285, networkLocation: /default-rack, certSerialId: null} reports an CLOSED replica.
2019-10-25 21:28:22,963 [EventQueue-ContainerReportForContainerReportHandler] WARN  container.ContainerReportHandler (AbstractContainerReportHandler.java:updateContainerState(145)) - Container #1 is in OPEN state, but the datanode b43dc2d2-5265-4a31-922b-3f50c0227a2c{ip: 192.168.34.41, host: pr-hdds-2311-njw4j-1908075285, networkLocation: /default-rack, certSerialId: null} reports an CLOSED replica.
2019-10-25 21:28:23,119 [EventQueue-ContainerReportForContainerReportHandler] WARN  container.ContainerReportHandler (AbstractContainerReportHandler.java:updateContainerState(145)) - Container #1 is in OPEN state, but the datanode 1e09a021-a6d7-4a53-819d-98ce6b091a77{ip: 192.168.34.41, host: pr-hdds-2311-njw4j-1908075285, networkLocation: /default-rack, certSerialId: null} reports an CLOSED replica.
2019-10-25 21:28:23,263 [EventQueue-ContainerReportForContainerReportHandler] WARN  container.ContainerReportHandler (AbstractContainerReportHandler.java:updateContainerState(145)) - Container #1 is in OPEN state, but the datanode b43dc2d2-5265-4a31-922b-3f50c0227a2c{ip: 192.168.34.41, host: pr-hdds-2311-njw4j-1908075285, networkLocation: /default-rack, certSerialId: null} reports an CLOSED replica.
2019-10-25 21:28:23,418 [EventQueue-ContainerReportForContainerReportHandler] WARN  container.ContainerReportHandler (AbstractContainerReportHandler.java:updateContainerState(145)) - Container #1 is in OPEN state, but the datanode 1e09a021-a6d7-4a53-819d-98ce6b091a77{ip: 192.168.34.41, host: pr-hdds-2311-njw4j-1908075285, networkLocation: /default-rack, certSerialId: null} reports an CLOSED replica.
2019-10-25 21:28:23,551 [BlockDeletingService#2] WARN  background.BlockDeletingService (BlockDeletingService.java:isDeletionAllowed(187)) - Close Container log Index 6 is not replicated across allthe servers in the pipeline 69397456-ee7f-4bbb-8423-b007a63a5cca as the min replicated index is 4. Deletion is not allowed in this container yet.
2019-10-25 21:28:23,552 [BlockDeletingService#2] WARN  background.BlockDeletingService (BlockDeletingService.java:isDeletionAllowed(187)) - Close Container log Index 6 is not replicated across allthe servers in the pipeline 69397456-ee7f-4bbb-8423-b007a63a5cca as the min replicated index is 4. Deletion is not allowed in this container yet.
2019-10-25 21:28:23,663 [EventQueue-ContainerReportForContainerReportHandler] WARN  container.ContainerReportHandler (AbstractContainerReportHandler.java:updateContainerState(145)) - Container #1 is in OPEN state, but the datanode b43dc2d2-5265-4a31-922b-3f50c0227a2c{ip: 192.168.34.41, host: pr-hdds-2311-njw4j-1908075285, networkLocation: /default-rack, certSerialId: null} reports an CLOSED replica.
2019-10-25 21:28:23,720 [EventQueue-ContainerReportForContainerReportHandler] WARN  container.ContainerReportHandler (AbstractContainerReportHandler.java:updateContainerState(145)) - Container #1 is in OPEN state, but the datanode 1e09a021-a6d7-4a53-819d-98ce6b091a77{ip: 192.168.34.41, host: pr-hdds-2311-njw4j-1908075285, networkLocation: /default-rack, certSerialId: null} reports an CLOSED replica.
2019-10-25 21:28:23,756 [Thread-435] INFO  client.GrpcClientProtocolService (GrpcClientProtocolService.java:lambda$processClientRequest$0(278)) - Failed RaftClientRequest:client-6DCA51C798D1->1e09a021-a6d7-4a53-819d-98ce6b091a77@group-B007A63A5CCA, cid=10, seq=0, Watch-ALL_COMMITTED(6), Message:<EMPTY>, reply=RaftClientReply:client-6DCA51C798D1->1e09a021-a6d7-4a53-819d-98ce6b091a77@group-B007A63A5CCA, cid=10, FAILED org.apache.ratis.protocol.NotReplicatedException: Request with call Id 10 and log index 6 is not yet replicated to ALL_COMMITTED, logIndex=6, commits[1e09a021-a6d7-4a53-819d-98ce6b091a77:c10, b43dc2d2-5265-4a31-922b-3f50c0227a2c:c10, fe8e0c84-158f-427e-8307-4b533a2376d4:c4]
2019-10-25 21:28:24,019 [EventQueue-ContainerReportForContainerReportHandler] WARN  container.ContainerReportHandler (AbstractContainerReportHandler.java:updateContainerState(145)) - Container #1 is in OPEN state, but the datanode 1e09a021-a6d7-4a53-819d-98ce6b091a77{ip: 192.168.34.41, host: pr-hdds-2311-njw4j-1908075285, networkLocation: /default-rack, certSerialId: null} reports an CLOSED replica.
2019-10-25 21:28:24,063 [EventQueue-ContainerReportForContainerReportHandler] WARN  container.ContainerReportHandler (AbstractContainerReportHandler.java:updateContainerState(145)) - Container #1 is in OPEN state, but the datanode b43dc2d2-5265-4a31-922b-3f50c0227a2c{ip: 192.168.34.41, host: pr-hdds-2311-njw4j-1908075285, networkLocation: /default-rack, certSerialId: null} reports an CLOSED replica.
2019-10-25 21:28:24,219 [EventQueue-ContainerReportForContainerReportHandler] WARN  container.ContainerReportHandler (AbstractContainerReportHandler.java:updateContainerState(145)) - Container #1 is in OPEN state, but the datanode 1e09a021-a6d7-4a53-819d-98ce6b091a77{ip: 192.168.34.41, host: pr-hdds-2311-njw4j-1908075285, networkLocation: /default-rack, certSerialId: null} reports an CLOSED replica.
2019-10-25 21:28:24,263 [EventQueue-ContainerReportForContainerReportHandler] WARN  container.ContainerReportHandler (AbstractContainerReportHandler.java:updateContainerState(145)) - Container #1 is in OPEN state, but the datanode b43dc2d2-5265-4a31-922b-3f50c0227a2c{ip: 192.168.34.41, host: pr-hdds-2311-njw4j-1908075285, networkLocation: /default-rack, certSerialId: null} reports an CLOSED replica.
2019-10-25 21:28:24,451 [java.util.concurrent.ThreadPoolExecutor$Worker@1ea5ced5[State = -1, empty queue]] WARN  server.GrpcLogAppender (GrpcLogAppender.java:timeoutAppendRequest(209)) - 1e09a021-a6d7-4a53-819d-98ce6b091a77@group-B007A63A5CCA->fe8e0c84-158f-427e-8307-4b533a2376d4-GrpcLogAppender: appendEntries Timeout, request=1e09a021-a6d7-4a53-819d-98ce6b091a77->fe8e0c84-158f-427e-8307-4b533a2376d4#39-t2, previous=(t:2, i:10), leaderCommit=10, initializing? false, entries: <empty>
2019-10-25 21:28:24,555 [BlockDeletingService#2] WARN  background.BlockDeletingService (BlockDeletingService.java:isDeletionAllowed(187)) - Close Container log Index 6 is not replicated across allthe servers in the pipeline 69397456-ee7f-4bbb-8423-b007a63a5cca as the min replicated index is 4. Deletion is not allowed in this container yet.
2019-10-25 21:28:24,555 [BlockDeletingService#2] WARN  background.BlockDeletingService (BlockDeletingService.java:isDeletionAllowed(187)) - Close Container log Index 6 is not replicated across allthe servers in the pipeline 69397456-ee7f-4bbb-8423-b007a63a5cca as the min replicated index is 4. Deletion is not allowed in this container yet.
2019-10-25 21:28:24,563 [EventQueue-ContainerReportForContainerReportHandler] WARN  container.ContainerReportHandler (AbstractContainerReportHandler.java:updateContainerState(145)) - Container #1 is in OPEN state, but the datanode b43dc2d2-5265-4a31-922b-3f50c0227a2c{ip: 192.168.34.41, host: pr-hdds-2311-njw4j-1908075285, networkLocation: /default-rack, certSerialId: null} reports an CLOSED replica.
2019-10-25 21:28:24,619 [EventQueue-ContainerReportForContainerReportHandler] WARN  container.ContainerReportHandler (AbstractContainerReportHandler.java:updateContainerState(145)) - Container #1 is in OPEN state, but the datanode 1e09a021-a6d7-4a53-819d-98ce6b091a77{ip: 192.168.34.41, host: pr-hdds-2311-njw4j-1908075285, networkLocation: /default-rack, certSerialId: null} reports an CLOSED replica.
2019-10-25 21:28:24,863 [EventQueue-ContainerReportForContainerReportHandler] WARN  container.ContainerReportHandler (AbstractContainerReportHandler.java:updateContainerState(145)) - Container #1 is in OPEN state, but the datanode b43dc2d2-5265-4a31-922b-3f50c0227a2c{ip: 192.168.34.41, host: pr-hdds-2311-njw4j-1908075285, networkLocation: /default-rack, certSerialId: null} reports an CLOSED replica.
2019-10-25 21:28:24,919 [EventQueue-ContainerReportForContainerReportHandler] WARN  container.ContainerReportHandler (AbstractContainerReportHandler.java:updateContainerState(145)) - Container #1 is in OPEN state, but the datanode 1e09a021-a6d7-4a53-819d-98ce6b091a77{ip: 192.168.34.41, host: pr-hdds-2311-njw4j-1908075285, networkLocation: /default-rack, certSerialId: null} reports an CLOSED replica.
2019-10-25 21:28:25,163 [EventQueue-ContainerReportForContainerReportHandler] WARN  container.ContainerReportHandler (AbstractContainerReportHandler.java:updateContainerState(145)) - Container #1 is in OPEN state, but the datanode b43dc2d2-5265-4a31-922b-3f50c0227a2c{ip: 192.168.34.41, host: pr-hdds-2311-njw4j-1908075285, networkLocation: /default-rack, certSerialId: null} reports an CLOSED replica.
2019-10-25 21:28:25,219 [EventQueue-ContainerReportForContainerReportHandler] WARN  container.ContainerReportHandler (AbstractContainerReportHandler.java:updateContainerState(145)) - Container #1 is in OPEN state, but the datanode 1e09a021-a6d7-4a53-819d-98ce6b091a77{ip: 192.168.34.41, host: pr-hdds-2311-njw4j-1908075285, networkLocation: /default-rack, certSerialId: null} reports an CLOSED replica.
2019-10-25 21:28:25,560 [BlockDeletingService#2] WARN  background.BlockDeletingService (BlockDeletingService.java:isDeletionAllowed(187)) - Close Container log Index 6 is not replicated across allthe servers in the pipeline 69397456-ee7f-4bbb-8423-b007a63a5cca as the min replicated index is 4. Deletion is not allowed in this container yet.
2019-10-25 21:28:25,560 [BlockDeletingService#2] WARN  background.BlockDeletingService (BlockDeletingService.java:isDeletionAllowed(187)) - Close Container log Index 6 is not replicated across allthe servers in the pipeline 69397456-ee7f-4bbb-8423-b007a63a5cca as the min replicated index is 4. Deletion is not allowed in this container yet.
2019-10-25 21:28:25,563 [EventQueue-ContainerReportForContainerReportHandler] WARN  container.ContainerReportHandler (AbstractContainerReportHandler.java:updateContainerState(145)) - Container #1 is in OPEN state, but the datanode b43dc2d2-5265-4a31-922b-3f50c0227a2c{ip: 192.168.34.41, host: pr-hdds-2311-njw4j-1908075285, networkLocation: /default-rack, certSerialId: null} reports an CLOSED replica.
2019-10-25 21:28:25,621 [EventQueue-ContainerReportForContainerReportHandler] WARN  container.ContainerReportHandler (AbstractContainerReportHandler.java:updateContainerState(145)) - Container #1 is in OPEN state, but the datanode 1e09a021-a6d7-4a53-819d-98ce6b091a77{ip: 192.168.34.41, host: pr-hdds-2311-njw4j-1908075285, networkLocation: /default-rack, certSerialId: null} reports an CLOSED replica.
2019-10-25 21:28:25,864 [EventQueue-ContainerReportForContainerReportHandler] WARN  container.ContainerReportHandler (AbstractContainerReportHandler.java:updateContainerState(145)) - Container #1 is in OPEN state, but the datanode b43dc2d2-5265-4a31-922b-3f50c0227a2c{ip: 192.168.34.41, host: pr-hdds-2311-njw4j-1908075285, networkLocation: /default-rack, certSerialId: null} reports an CLOSED replica.
2019-10-25 21:28:25,921 [EventQueue-ContainerReportForContainerReportHandler] WARN  container.ContainerReportHandler (AbstractContainerReportHandler.java:updateContainerState(145)) - Container #1 is in OPEN state, but the datanode 1e09a021-a6d7-4a53-819d-98ce6b091a77{ip: 192.168.34.41, host: pr-hdds-2311-njw4j-1908075285, networkLocation: /default-rack, certSerialId: null} reports an CLOSED replica.
2019-10-25 21:28:26,121 [EventQueue-ContainerReportForContainerReportHandler] WARN  container.ContainerReportHandler (AbstractContainerReportHandler.java:updateContainerState(145)) - Container #1 is in OPEN state, but the datanode 1e09a021-a6d7-4a53-819d-98ce6b091a77{ip: 192.168.34.41, host: pr-hdds-2311-njw4j-1908075285, networkLocation: /default-rack, certSerialId: null} reports an CLOSED replica.
2019-10-25 21:28:26,265 [EventQueue-ContainerReportForContainerReportHandler] WARN  container.ContainerReportHandler (AbstractContainerReportHandler.java:updateContainerState(145)) - Container #1 is in OPEN state, but the datanode b43dc2d2-5265-4a31-922b-3f50c0227a2c{ip: 192.168.34.41, host: pr-hdds-2311-njw4j-1908075285, networkLocation: /default-rack, certSerialId: null} reports an CLOSED replica.
2019-10-25 21:28:26,523 [EventQueue-ContainerReportForContainerReportHandler] WARN  container.ContainerReportHandler (AbstractContainerReportHandler.java:updateContainerState(145)) - Container #1 is in OPEN state, but the datanode 1e09a021-a6d7-4a53-819d-98ce6b091a77{ip: 192.168.34.41, host: pr-hdds-2311-njw4j-1908075285, networkLocation: /default-rack, certSerialId: null} reports an CLOSED replica.
2019-10-25 21:28:26,561 [BlockDeletingService#2] WARN  background.BlockDeletingService (BlockDeletingService.java:isDeletionAllowed(187)) - Close Container log Index 6 is not replicated across allthe servers in the pipeline 69397456-ee7f-4bbb-8423-b007a63a5cca as the min replicated index is 4. Deletion is not allowed in this container yet.
2019-10-25 21:28:26,562 [BlockDeletingService#2] WARN  background.BlockDeletingService (BlockDeletingService.java:isDeletionAllowed(187)) - Close Container log Index 6 is not replicated across allthe servers in the pipeline 69397456-ee7f-4bbb-8423-b007a63a5cca as the min replicated index is 4. Deletion is not allowed in this container yet.
2019-10-25 21:28:26,565 [EventQueue-ContainerReportForContainerReportHandler] WARN  container.ContainerReportHandler (AbstractContainerReportHandler.java:updateContainerState(145)) - Container #1 is in OPEN state, but the datanode b43dc2d2-5265-4a31-922b-3f50c0227a2c{ip: 192.168.34.41, host: pr-hdds-2311-njw4j-1908075285, networkLocation: /default-rack, certSerialId: null} reports an CLOSED replica.
2019-10-25 21:28:26,822 [EventQueue-ContainerReportForContainerReportHandler] WARN  container.ContainerReportHandler (AbstractContainerReportHandler.java:updateContainerState(145)) - Container #1 is in OPEN state, but the datanode 1e09a021-a6d7-4a53-819d-98ce6b091a77{ip: 192.168.34.41, host: pr-hdds-2311-njw4j-1908075285, networkLocation: /default-rack, certSerialId: null} reports an CLOSED replica.
2019-10-25 21:28:26,867 [EventQueue-ContainerReportForContainerReportHandler] WARN  container.ContainerReportHandler (AbstractContainerReportHandler.java:updateContainerState(145)) - Container #1 is in OPEN state, but the datanode b43dc2d2-5265-4a31-922b-3f50c0227a2c{ip: 192.168.34.41, host: pr-hdds-2311-njw4j-1908075285, networkLocation: /default-rack, certSerialId: null} reports an CLOSED replica.
2019-10-25 21:28:26,953 [java.util.concurrent.ThreadPoolExecutor$Worker@1ea5ced5[State = -1, empty queue]] WARN  server.GrpcLogAppender (GrpcLogAppender.java:timeoutAppendRequest(209)) - 1e09a021-a6d7-4a53-819d-98ce6b091a77@group-B007A63A5CCA->fe8e0c84-158f-427e-8307-4b533a2376d4-GrpcLogAppender: appendEntries Timeout, request=1e09a021-a6d7-4a53-819d-98ce6b091a77->fe8e0c84-158f-427e-8307-4b533a2376d4#40-t2, previous=(t:2, i:10), leaderCommit=10, initializing? false, entries: <empty>
2019-10-25 21:28:27,067 [EventQueue-ContainerReportForContainerReportHandler] WARN  container.ContainerReportHandler (AbstractContainerReportHandler.java:updateContainerState(145)) - Container #1 is in OPEN state, but the datanode b43dc2d2-5265-4a31-922b-3f50c0227a2c{ip: 192.168.34.41, host: pr-hdds-2311-njw4j-1908075285, networkLocation: /default-rack, certSerialId: null} reports an CLOSED replica.
2019-10-25 21:28:27,223 [EventQueue-ContainerReportForContainerReportHandler] WARN  container.ContainerReportHandler (AbstractContainerReportHandler.java:updateContainerState(145)) - Container #1 is in OPEN state, but the datanode 1e09a021-a6d7-4a53-819d-98ce6b091a77{ip: 192.168.34.41, host: pr-hdds-2311-njw4j-1908075285, networkLocation: /default-rack, certSerialId: null} reports an CLOSED replica.
2019-10-25 21:28:27,368 [EventQueue-ContainerReportForContainerReportHandler] WARN  container.ContainerReportHandler (AbstractContainerReportHandler.java:updateContainerState(145)) - Container #1 is in OPEN state, but the datanode b43dc2d2-5265-4a31-922b-3f50c0227a2c{ip: 192.168.34.41, host: pr-hdds-2311-njw4j-1908075285, networkLocation: /default-rack, certSerialId: null} reports an CLOSED replica.
2019-10-25 21:28:27,565 [BlockDeletingService#2] WARN  background.BlockDeletingService (BlockDeletingService.java:isDeletionAllowed(187)) - Close Container log Index 6 is not replicated across allthe servers in the pipeline 69397456-ee7f-4bbb-8423-b007a63a5cca as the min replicated index is 4. Deletion is not allowed in this container yet.
2019-10-25 21:28:27,565 [BlockDeletingService#2] WARN  background.BlockDeletingService (BlockDeletingService.java:isDeletionAllowed(187)) - Close Container log Index 6 is not replicated across allthe servers in the pipeline 69397456-ee7f-4bbb-8423-b007a63a5cca as the min replicated index is 4. Deletion is not allowed in this container yet.
2019-10-25 21:28:27,569 [EventQueue-ContainerReportForContainerReportHandler] WARN  container.ContainerReportHandler (AbstractContainerReportHandler.java:updateContainerState(145)) - Container #1 is in OPEN state, but the datanode b43dc2d2-5265-4a31-922b-3f50c0227a2c{ip: 192.168.34.41, host: pr-hdds-2311-njw4j-1908075285, networkLocation: /default-rack, certSerialId: null} reports an CLOSED replica.
2019-10-25 21:28:27,624 [EventQueue-ContainerReportForContainerReportHandler] WARN  container.ContainerReportHandler (AbstractContainerReportHandler.java:updateContainerState(145)) - Container #1 is in OPEN state, but the datanode 1e09a021-a6d7-4a53-819d-98ce6b091a77{ip: 192.168.34.41, host: pr-hdds-2311-njw4j-1908075285, networkLocation: /default-rack, certSerialId: null} reports an CLOSED replica.
2019-10-25 21:28:27,869 [EventQueue-ContainerReportForContainerReportHandler] WARN  container.ContainerReportHandler (AbstractContainerReportHandler.java:updateContainerState(145)) - Container #1 is in OPEN state, but the datanode b43dc2d2-5265-4a31-922b-3f50c0227a2c{ip: 192.168.34.41, host: pr-hdds-2311-njw4j-1908075285, networkLocation: /default-rack, certSerialId: null} reports an CLOSED replica.
2019-10-25 21:28:28,025 [EventQueue-ContainerReportForContainerReportHandler] WARN  container.ContainerReportHandler (AbstractContainerReportHandler.java:updateContainerState(145)) - Container #1 is in OPEN state, but the datanode 1e09a021-a6d7-4a53-819d-98ce6b091a77{ip: 192.168.34.41, host: pr-hdds-2311-njw4j-1908075285, networkLocation: /default-rack, certSerialId: null} reports an CLOSED replica.
2019-10-25 21:28:28,169 [EventQueue-ContainerReportForContainerReportHandler] WARN  container.ContainerReportHandler (AbstractContainerReportHandler.java:updateContainerState(145)) - Container #1 is in OPEN state, but the datanode b43dc2d2-5265-4a31-922b-3f50c0227a2c{ip: 192.168.34.41, host: pr-hdds-2311-njw4j-1908075285, networkLocation: /default-rack, certSerialId: null} reports an CLOSED replica.
2019-10-25 21:28:28,324 [EventQueue-ContainerReportForContainerReportHandler] WARN  container.ContainerReportHandler (AbstractContainerReportHandler.java:updateContainerState(145)) - Container #1 is in OPEN state, but the datanode 1e09a021-a6d7-4a53-819d-98ce6b091a77{ip: 192.168.34.41, host: pr-hdds-2311-njw4j-1908075285, networkLocation: /default-rack, certSerialId: null} reports an CLOSED replica.
2019-10-25 21:28:28,468 [EventQueue-ContainerReportForContainerReportHandler] WARN  container.ContainerReportHandler (AbstractContainerReportHandler.java:updateContainerState(145)) - Container #1 is in OPEN state, but the datanode b43dc2d2-5265-4a31-922b-3f50c0227a2c{ip: 192.168.34.41, host: pr-hdds-2311-njw4j-1908075285, networkLocation: /default-rack, certSerialId: null} reports an CLOSED replica.
2019-10-25 21:28:28,567 [BlockDeletingService#2] WARN  background.BlockDeletingService (BlockDeletingService.java:isDeletionAllowed(187)) - Close Container log Index 6 is not replicated across allthe servers in the pipeline 69397456-ee7f-4bbb-8423-b007a63a5cca as the min replicated index is 4. Deletion is not allowed in this container yet.
2019-10-25 21:28:28,567 [BlockDeletingService#2] WARN  background.BlockDeletingService (BlockDeletingService.java:isDeletionAllowed(187)) - Close Container log Index 6 is not replicated across allthe servers in the pipeline 69397456-ee7f-4bbb-8423-b007a63a5cca as the min replicated index is 4. Deletion is not allowed in this container yet.
2019-10-25 21:28:28,725 [EventQueue-ContainerReportForContainerReportHandler] WARN  container.ContainerReportHandler (AbstractContainerReportHandler.java:updateContainerState(145)) - Container #1 is in OPEN state, but the datanode 1e09a021-a6d7-4a53-819d-98ce6b091a77{ip: 192.168.34.41, host: pr-hdds-2311-njw4j-1908075285, networkLocation: /default-rack, certSerialId: null} reports an CLOSED replica.
2019-10-25 21:28:28,768 [EventQueue-ContainerReportForContainerReportHandler] WARN  container.ContainerReportHandler (AbstractContainerReportHandler.java:updateContainerState(145)) - Container #1 is in OPEN state, but the datanode b43dc2d2-5265-4a31-922b-3f50c0227a2c{ip: 192.168.34.41, host: pr-hdds-2311-njw4j-1908075285, networkLocation: /default-rack, certSerialId: null} reports an CLOSED replica.
2019-10-25 21:28:29,024 [EventQueue-ContainerReportForContainerReportHandler] WARN  container.ContainerReportHandler (AbstractContainerReportHandler.java:updateContainerState(145)) - Container #1 is in OPEN state, but the datanode 1e09a021-a6d7-4a53-819d-98ce6b091a77{ip: 192.168.34.41, host: pr-hdds-2311-njw4j-1908075285, networkLocation: /default-rack, certSerialId: null} reports an CLOSED replica.
2019-10-25 21:28:29,169 [EventQueue-ContainerReportForContainerReportHandler] WARN  container.ContainerReportHandler (AbstractContainerReportHandler.java:updateContainerState(145)) - Container #1 is in OPEN state, but the datanode b43dc2d2-5265-4a31-922b-3f50c0227a2c{ip: 192.168.34.41, host: pr-hdds-2311-njw4j-1908075285, networkLocation: /default-rack, certSerialId: null} reports an CLOSED replica.
2019-10-25 21:28:29,325 [EventQueue-ContainerReportForContainerReportHandler] WARN  container.ContainerReportHandler (AbstractContainerReportHandler.java:updateContainerState(145)) - Container #1 is in OPEN state, but the datanode 1e09a021-a6d7-4a53-819d-98ce6b091a77{ip: 192.168.34.41, host: pr-hdds-2311-njw4j-1908075285, networkLocation: /default-rack, certSerialId: null} reports an CLOSED replica.
2019-10-25 21:28:29,369 [EventQueue-ContainerReportForContainerReportHandler] WARN  container.ContainerReportHandler (AbstractContainerReportHandler.java:updateContainerState(145)) - Container #1 is in OPEN state, but the datanode b43dc2d2-5265-4a31-922b-3f50c0227a2c{ip: 192.168.34.41, host: pr-hdds-2311-njw4j-1908075285, networkLocation: /default-rack, certSerialId: null} reports an CLOSED replica.
2019-10-25 21:28:29,454 [java.util.concurrent.ThreadPoolExecutor$Worker@1ea5ced5[State = -1, empty queue]] WARN  server.GrpcLogAppender (GrpcLogAppender.java:timeoutAppendRequest(209)) - 1e09a021-a6d7-4a53-819d-98ce6b091a77@group-B007A63A5CCA->fe8e0c84-158f-427e-8307-4b533a2376d4-GrpcLogAppender: appendEntries Timeout, request=1e09a021-a6d7-4a53-819d-98ce6b091a77->fe8e0c84-158f-427e-8307-4b533a2376d4#41-t2, previous=(t:2, i:10), leaderCommit=10, initializing? false, entries: <empty>
2019-10-25 21:28:29,570 [EventQueue-ContainerReportForContainerReportHandler] WARN  container.ContainerReportHandler (AbstractContainerReportHandler.java:updateContainerState(145)) - Container #1 is in OPEN state, but the datanode b43dc2d2-5265-4a31-922b-3f50c0227a2c{ip: 192.168.34.41, host: pr-hdds-2311-njw4j-1908075285, networkLocation: /default-rack, certSerialId: null} reports an CLOSED replica.
2019-10-25 21:28:29,570 [BlockDeletingService#2] WARN  background.BlockDeletingService (BlockDeletingService.java:isDeletionAllowed(187)) - Close Container log Index 6 is not replicated across allthe servers in the pipeline 69397456-ee7f-4bbb-8423-b007a63a5cca as the min replicated index is 4. Deletion is not allowed in this container yet.
2019-10-25 21:28:29,570 [BlockDeletingService#2] WARN  background.BlockDeletingService (BlockDeletingService.java:isDeletionAllowed(187)) - Close Container log Index 6 is not replicated across allthe servers in the pipeline 69397456-ee7f-4bbb-8423-b007a63a5cca as the min replicated index is 4. Deletion is not allowed in this container yet.
2019-10-25 21:28:29,625 [EventQueue-ContainerReportForContainerReportHandler] WARN  container.ContainerReportHandler (AbstractContainerReportHandler.java:updateContainerState(145)) - Container #1 is in OPEN state, but the datanode 1e09a021-a6d7-4a53-819d-98ce6b091a77{ip: 192.168.34.41, host: pr-hdds-2311-njw4j-1908075285, networkLocation: /default-rack, certSerialId: null} reports an CLOSED replica.
2019-10-25 21:28:29,925 [EventQueue-ContainerReportForContainerReportHandler] WARN  container.ContainerReportHandler (AbstractContainerReportHandler.java:updateContainerState(145)) - Container #1 is in OPEN state, but the datanode 1e09a021-a6d7-4a53-819d-98ce6b091a77{ip: 192.168.34.41, host: pr-hdds-2311-njw4j-1908075285, networkLocation: /default-rack, certSerialId: null} reports an CLOSED replica.
2019-10-25 21:28:29,969 [EventQueue-ContainerReportForContainerReportHandler] WARN  container.ContainerReportHandler (AbstractContainerReportHandler.java:updateContainerState(145)) - Container #1 is in OPEN state, but the datanode b43dc2d2-5265-4a31-922b-3f50c0227a2c{ip: 192.168.34.41, host: pr-hdds-2311-njw4j-1908075285, networkLocation: /default-rack, certSerialId: null} reports an CLOSED replica.
2019-10-25 21:28:30,269 [EventQueue-ContainerReportForContainerReportHandler] WARN  container.ContainerReportHandler (AbstractContainerReportHandler.java:updateContainerState(145)) - Container #1 is in OPEN state, but the datanode b43dc2d2-5265-4a31-922b-3f50c0227a2c{ip: 192.168.34.41, host: pr-hdds-2311-njw4j-1908075285, networkLocation: /default-rack, certSerialId: null} reports an CLOSED replica.
2019-10-25 21:28:30,325 [EventQueue-ContainerReportForContainerReportHandler] WARN  container.ContainerReportHandler (AbstractContainerReportHandler.java:updateContainerState(145)) - Container #1 is in OPEN state, but the datanode 1e09a021-a6d7-4a53-819d-98ce6b091a77{ip: 192.168.34.41, host: pr-hdds-2311-njw4j-1908075285, networkLocation: /default-rack, certSerialId: null} reports an CLOSED replica.
2019-10-25 21:28:30,569 [EventQueue-ContainerReportForContainerReportHandler] WARN  container.ContainerReportHandler (AbstractContainerReportHandler.java:updateContainerState(145)) - Container #1 is in OPEN state, but the datanode b43dc2d2-5265-4a31-922b-3f50c0227a2c{ip: 192.168.34.41, host: pr-hdds-2311-njw4j-1908075285, networkLocation: /default-rack, certSerialId: null} reports an CLOSED replica.
2019-10-25 21:28:30,572 [BlockDeletingService#2] WARN  background.BlockDeletingService (BlockDeletingService.java:isDeletionAllowed(187)) - Close Container log Index 6 is not replicated across allthe servers in the pipeline 69397456-ee7f-4bbb-8423-b007a63a5cca as the min replicated index is 4. Deletion is not allowed in this container yet.
2019-10-25 21:28:30,572 [BlockDeletingService#2] WARN  background.BlockDeletingService (BlockDeletingService.java:isDeletionAllowed(187)) - Close Container log Index 6 is not replicated across allthe servers in the pipeline 69397456-ee7f-4bbb-8423-b007a63a5cca as the min replicated index is 4. Deletion is not allowed in this container yet.
2019-10-25 21:28:30,726 [EventQueue-ContainerReportForContainerReportHandler] WARN  container.ContainerReportHandler (AbstractContainerReportHandler.java:updateContainerState(145)) - Container #1 is in OPEN state, but the datanode 1e09a021-a6d7-4a53-819d-98ce6b091a77{ip: 192.168.34.41, host: pr-hdds-2311-njw4j-1908075285, networkLocation: /default-rack, certSerialId: null} reports an CLOSED replica.
2019-10-25 21:28:30,869 [EventQueue-ContainerReportForContainerReportHandler] WARN  container.ContainerReportHandler (AbstractContainerReportHandler.java:updateContainerState(145)) - Container #1 is in OPEN state, but the datanode b43dc2d2-5265-4a31-922b-3f50c0227a2c{ip: 192.168.34.41, host: pr-hdds-2311-njw4j-1908075285, networkLocation: /default-rack, certSerialId: null} reports an CLOSED replica.
2019-10-25 21:28:31,026 [EventQueue-ContainerReportForContainerReportHandler] WARN  container.ContainerReportHandler (AbstractContainerReportHandler.java:updateContainerState(145)) - Container #1 is in OPEN state, but the datanode 1e09a021-a6d7-4a53-819d-98ce6b091a77{ip: 192.168.34.41, host: pr-hdds-2311-njw4j-1908075285, networkLocation: /default-rack, certSerialId: null} reports an CLOSED replica.
2019-10-25 21:28:31,171 [EventQueue-ContainerReportForContainerReportHandler] WARN  container.ContainerReportHandler (AbstractContainerReportHandler.java:updateContainerState(145)) - Container #1 is in OPEN state, but the datanode b43dc2d2-5265-4a31-922b-3f50c0227a2c{ip: 192.168.34.41, host: pr-hdds-2311-njw4j-1908075285, networkLocation: /default-rack, certSerialId: null} reports an CLOSED replica.
2019-10-25 21:28:31,426 [EventQueue-ContainerReportForContainerReportHandler] WARN  container.ContainerReportHandler (AbstractContainerReportHandler.java:updateContainerState(145)) - Container #1 is in OPEN state, but the datanode 1e09a021-a6d7-4a53-819d-98ce6b091a77{ip: 192.168.34.41, host: pr-hdds-2311-njw4j-1908075285, networkLocation: /default-rack, certSerialId: null} reports an CLOSED replica.
2019-10-25 21:28:31,573 [EventQueue-ContainerReportForContainerReportHandler] WARN  container.ContainerReportHandler (AbstractContainerReportHandler.java:updateContainerState(145)) - Container #1 is in OPEN state, but the datanode b43dc2d2-5265-4a31-922b-3f50c0227a2c{ip: 192.168.34.41, host: pr-hdds-2311-njw4j-1908075285, networkLocation: /default-rack, certSerialId: null} reports an CLOSED replica.
2019-10-25 21:28:31,574 [BlockDeletingService#2] WARN  background.BlockDeletingService (BlockDeletingService.java:isDeletionAllowed(187)) - Close Container log Index 6 is not replicated across allthe servers in the pipeline 69397456-ee7f-4bbb-8423-b007a63a5cca as the min replicated index is 4. Deletion is not allowed in this container yet.
2019-10-25 21:28:31,574 [BlockDeletingService#2] WARN  background.BlockDeletingService (BlockDeletingService.java:isDeletionAllowed(187)) - Close Container log Index 6 is not replicated across allthe servers in the pipeline 69397456-ee7f-4bbb-8423-b007a63a5cca as the min replicated index is 4. Deletion is not allowed in this container yet.
2019-10-25 21:28:31,729 [EventQueue-ContainerReportForContainerReportHandler] WARN  container.ContainerReportHandler (AbstractContainerReportHandler.java:updateContainerState(145)) - Container #1 is in OPEN state, but the datanode 1e09a021-a6d7-4a53-819d-98ce6b091a77{ip: 192.168.34.41, host: pr-hdds-2311-njw4j-1908075285, networkLocation: /default-rack, certSerialId: null} reports an CLOSED replica.
2019-10-25 21:28:31,774 [EventQueue-ContainerReportForContainerReportHandler] WARN  container.ContainerReportHandler (AbstractContainerReportHandler.java:updateContainerState(145)) - Container #1 is in OPEN state, but the datanode b43dc2d2-5265-4a31-922b-3f50c0227a2c{ip: 192.168.34.41, host: pr-hdds-2311-njw4j-1908075285, networkLocation: /default-rack, certSerialId: null} reports an CLOSED replica.
2019-10-25 21:28:31,955 [java.util.concurrent.ThreadPoolExecutor$Worker@1ea5ced5[State = -1, empty queue]] WARN  server.GrpcLogAppender (GrpcLogAppender.java:timeoutAppendRequest(209)) - 1e09a021-a6d7-4a53-819d-98ce6b091a77@group-B007A63A5CCA->fe8e0c84-158f-427e-8307-4b533a2376d4-GrpcLogAppender: appendEntries Timeout, request=1e09a021-a6d7-4a53-819d-98ce6b091a77->fe8e0c84-158f-427e-8307-4b533a2376d4#42-t2, previous=(t:2, i:10), leaderCommit=10, initializing? false, entries: <empty>
2019-10-25 21:28:32,026 [EventQueue-ContainerReportForContainerReportHandler] WARN  container.ContainerReportHandler (AbstractContainerReportHandler.java:updateContainerState(145)) - Container #1 is in OPEN state, but the datanode 1e09a021-a6d7-4a53-819d-98ce6b091a77{ip: 192.168.34.41, host: pr-hdds-2311-njw4j-1908075285, networkLocation: /default-rack, certSerialId: null} reports an CLOSED replica.
2019-10-25 21:28:32,074 [EventQueue-ContainerReportForContainerReportHandler] WARN  container.ContainerReportHandler (AbstractContainerReportHandler.java:updateContainerState(145)) - Container #1 is in OPEN state, but the datanode b43dc2d2-5265-4a31-922b-3f50c0227a2c{ip: 192.168.34.41, host: pr-hdds-2311-njw4j-1908075285, networkLocation: /default-rack, certSerialId: null} reports an CLOSED replica.
2019-10-25 21:28:32,326 [EventQueue-ContainerReportForContainerReportHandler] WARN  container.ContainerReportHandler (AbstractContainerReportHandler.java:updateContainerState(145)) - Container #1 is in OPEN state, but the datanode 1e09a021-a6d7-4a53-819d-98ce6b091a77{ip: 192.168.34.41, host: pr-hdds-2311-njw4j-1908075285, networkLocation: /default-rack, certSerialId: null} reports an CLOSED replica.
2019-10-25 21:28:32,374 [EventQueue-ContainerReportForContainerReportHandler] WARN  container.ContainerReportHandler (AbstractContainerReportHandler.java:updateContainerState(145)) - Container #1 is in OPEN state, but the datanode b43dc2d2-5265-4a31-922b-3f50c0227a2c{ip: 192.168.34.41, host: pr-hdds-2311-njw4j-1908075285, networkLocation: /default-rack, certSerialId: null} reports an CLOSED replica.
2019-10-25 21:28:32,576 [BlockDeletingService#2] WARN  background.BlockDeletingService (BlockDeletingService.java:isDeletionAllowed(187)) - Close Container log Index 6 is not replicated across allthe servers in the pipeline 69397456-ee7f-4bbb-8423-b007a63a5cca as the min replicated index is 4. Deletion is not allowed in this container yet.
2019-10-25 21:28:32,576 [BlockDeletingService#2] WARN  background.BlockDeletingService (BlockDeletingService.java:isDeletionAllowed(187)) - Close Container log Index 6 is not replicated across allthe servers in the pipeline 69397456-ee7f-4bbb-8423-b007a63a5cca as the min replicated index is 4. Deletion is not allowed in this container yet.
2019-10-25 21:28:32,627 [EventQueue-ContainerReportForContainerReportHandler] WARN  container.ContainerReportHandler (AbstractContainerReportHandler.java:updateContainerState(145)) - Container #1 is in OPEN state, but the datanode 1e09a021-a6d7-4a53-819d-98ce6b091a77{ip: 192.168.34.41, host: pr-hdds-2311-njw4j-1908075285, networkLocation: /default-rack, certSerialId: null} reports an CLOSED replica.
2019-10-25 21:28:32,674 [EventQueue-ContainerReportForContainerReportHandler] WARN  container.ContainerReportHandler (AbstractContainerReportHandler.java:updateContainerState(145)) - Container #1 is in OPEN state, but the datanode b43dc2d2-5265-4a31-922b-3f50c0227a2c{ip: 192.168.34.41, host: pr-hdds-2311-njw4j-1908075285, networkLocation: /default-rack, certSerialId: null} reports an CLOSED replica.
2019-10-25 21:28:32,756 [Thread-462] INFO  client.GrpcClientProtocolService (GrpcClientProtocolService.java:lambda$processClientRequest$0(278)) - Failed RaftClientRequest:client-6DCA51C798D1->1e09a021-a6d7-4a53-819d-98ce6b091a77@group-B007A63A5CCA, cid=10, seq=0, Watch-ALL_COMMITTED(6), Message:<EMPTY>, reply=RaftClientReply:client-6DCA51C798D1->1e09a021-a6d7-4a53-819d-98ce6b091a77@group-B007A63A5CCA, cid=10, FAILED org.apache.ratis.protocol.NotReplicatedException: Request with call Id 10 and log index 6 is not yet replicated to ALL_COMMITTED, logIndex=6, commits[1e09a021-a6d7-4a53-819d-98ce6b091a77:c10, b43dc2d2-5265-4a31-922b-3f50c0227a2c:c10, fe8e0c84-158f-427e-8307-4b533a2376d4:c4]
2019-10-25 21:28:32,874 [EventQueue-ContainerReportForContainerReportHandler] WARN  container.ContainerReportHandler (AbstractContainerReportHandler.java:updateContainerState(145)) - Container #1 is in OPEN state, but the datanode b43dc2d2-5265-4a31-922b-3f50c0227a2c{ip: 192.168.34.41, host: pr-hdds-2311-njw4j-1908075285, networkLocation: /default-rack, certSerialId: null} reports an CLOSED replica.
2019-10-25 21:28:33,027 [EventQueue-ContainerReportForContainerReportHandler] WARN  container.ContainerReportHandler (AbstractContainerReportHandler.java:updateContainerState(145)) - Container #1 is in OPEN state, but the datanode 1e09a021-a6d7-4a53-819d-98ce6b091a77{ip: 192.168.34.41, host: pr-hdds-2311-njw4j-1908075285, networkLocation: /default-rack, certSerialId: null} reports an CLOSED replica.
2019-10-25 21:28:33,226 [EventQueue-ContainerReportForContainerReportHandler] WARN  container.ContainerReportHandler (AbstractContainerReportHandler.java:updateContainerState(145)) - Container #1 is in OPEN state, but the datanode 1e09a021-a6d7-4a53-819d-98ce6b091a77{ip: 192.168.34.41, host: pr-hdds-2311-njw4j-1908075285, networkLocation: /default-rack, certSerialId: null} reports an CLOSED replica.
2019-10-25 21:28:33,275 [EventQueue-ContainerReportForContainerReportHandler] WARN  container.ContainerReportHandler (AbstractContainerReportHandler.java:updateContainerState(145)) - Container #1 is in OPEN state, but the datanode b43dc2d2-5265-4a31-922b-3f50c0227a2c{ip: 192.168.34.41, host: pr-hdds-2311-njw4j-1908075285, networkLocation: /default-rack, certSerialId: null} reports an CLOSED replica.
2019-10-25 21:28:33,426 [EventQueue-ContainerReportForContainerReportHandler] WARN  container.ContainerReportHandler (AbstractContainerReportHandler.java:updateContainerState(145)) - Container #1 is in OPEN state, but the datanode 1e09a021-a6d7-4a53-819d-98ce6b091a77{ip: 192.168.34.41, host: pr-hdds-2311-njw4j-1908075285, networkLocation: /default-rack, certSerialId: null} reports an CLOSED replica.
2019-10-25 21:28:33,578 [BlockDeletingService#2] WARN  background.BlockDeletingService (BlockDeletingService.java:isDeletionAllowed(187)) - Close Container log Index 6 is not replicated across allthe servers in the pipeline 69397456-ee7f-4bbb-8423-b007a63a5cca as the min replicated index is 4. Deletion is not allowed in this container yet.
2019-10-25 21:28:33,578 [BlockDeletingService#2] WARN  background.BlockDeletingService (BlockDeletingService.java:isDeletionAllowed(187)) - Close Container log Index 6 is not replicated across allthe servers in the pipeline 69397456-ee7f-4bbb-8423-b007a63a5cca as the min replicated index is 4. Deletion is not allowed in this container yet.
2019-10-25 21:28:33,674 [EventQueue-ContainerReportForContainerReportHandler] WARN  container.ContainerReportHandler (AbstractContainerReportHandler.java:updateContainerState(145)) - Container #1 is in OPEN state, but the datanode b43dc2d2-5265-4a31-922b-3f50c0227a2c{ip: 192.168.34.41, host: pr-hdds-2311-njw4j-1908075285, networkLocation: /default-rack, certSerialId: null} reports an CLOSED replica.
2019-10-25 21:28:33,726 [EventQueue-ContainerReportForContainerReportHandler] WARN  container.ContainerReportHandler (AbstractContainerReportHandler.java:updateContainerState(145)) - Container #1 is in OPEN state, but the datanode 1e09a021-a6d7-4a53-819d-98ce6b091a77{ip: 192.168.34.41, host: pr-hdds-2311-njw4j-1908075285, networkLocation: /default-rack, certSerialId: null} reports an CLOSED replica.
2019-10-25 21:28:33,874 [EventQueue-ContainerReportForContainerReportHandler] WARN  container.ContainerReportHandler (AbstractContainerReportHandler.java:updateContainerState(145)) - Container #1 is in OPEN state, but the datanode b43dc2d2-5265-4a31-922b-3f50c0227a2c{ip: 192.168.34.41, host: pr-hdds-2311-njw4j-1908075285, networkLocation: /default-rack, certSerialId: null} reports an CLOSED replica.
2019-10-25 21:28:34,028 [EventQueue-ContainerReportForContainerReportHandler] WARN  container.ContainerReportHandler (AbstractContainerReportHandler.java:updateContainerState(145)) - Container #1 is in OPEN state, but the datanode 1e09a021-a6d7-4a53-819d-98ce6b091a77{ip: 192.168.34.41, host: pr-hdds-2311-njw4j-1908075285, networkLocation: /default-rack, certSerialId: null} reports an CLOSED replica.
2019-10-25 21:28:34,174 [EventQueue-ContainerReportForContainerReportHandler] WARN  container.ContainerReportHandler (AbstractContainerReportHandler.java:updateContainerState(145)) - Container #1 is in OPEN state, but the datanode b43dc2d2-5265-4a31-922b-3f50c0227a2c{ip: 192.168.34.41, host: pr-hdds-2311-njw4j-1908075285, networkLocation: /default-rack, certSerialId: null} reports an CLOSED replica.
2019-10-25 21:28:34,374 [EventQueue-ContainerReportForContainerReportHandler] WARN  container.ContainerReportHandler (AbstractContainerReportHandler.java:updateContainerState(145)) - Container #1 is in OPEN state, but the datanode b43dc2d2-5265-4a31-922b-3f50c0227a2c{ip: 192.168.34.41, host: pr-hdds-2311-njw4j-1908075285, networkLocation: /default-rack, certSerialId: null} reports an CLOSED replica.
2019-10-25 21:28:34,427 [EventQueue-ContainerReportForContainerReportHandler] WARN  container.ContainerReportHandler (AbstractContainerReportHandler.java:updateContainerState(145)) - Container #1 is in OPEN state, but the datanode 1e09a021-a6d7-4a53-819d-98ce6b091a77{ip: 192.168.34.41, host: pr-hdds-2311-njw4j-1908075285, networkLocation: /default-rack, certSerialId: null} reports an CLOSED replica.
2019-10-25 21:28:34,459 [java.util.concurrent.ThreadPoolExecutor$Worker@1ea5ced5[State = -1, empty queue]] WARN  server.GrpcLogAppender (GrpcLogAppender.java:timeoutAppendRequest(209)) - 1e09a021-a6d7-4a53-819d-98ce6b091a77@group-B007A63A5CCA->fe8e0c84-158f-427e-8307-4b533a2376d4-GrpcLogAppender: appendEntries Timeout, request=1e09a021-a6d7-4a53-819d-98ce6b091a77->fe8e0c84-158f-427e-8307-4b533a2376d4#43-t2, previous=(t:2, i:10), leaderCommit=10, initializing? false, entries: <empty>
2019-10-25 21:28:34,584 [BlockDeletingService#2] WARN  background.BlockDeletingService (BlockDeletingService.java:isDeletionAllowed(187)) - Close Container log Index 6 is not replicated across allthe servers in the pipeline 69397456-ee7f-4bbb-8423-b007a63a5cca as the min replicated index is 4. Deletion is not allowed in this container yet.
2019-10-25 21:28:34,584 [BlockDeletingService#2] WARN  background.BlockDeletingService (BlockDeletingService.java:isDeletionAllowed(187)) - Close Container log Index 6 is not replicated across allthe servers in the pipeline 69397456-ee7f-4bbb-8423-b007a63a5cca as the min replicated index is 4. Deletion is not allowed in this container yet.
2019-10-25 21:28:34,675 [EventQueue-ContainerReportForContainerReportHandler] WARN  container.ContainerReportHandler (AbstractContainerReportHandler.java:updateContainerState(145)) - Container #1 is in OPEN state, but the datanode b43dc2d2-5265-4a31-922b-3f50c0227a2c{ip: 192.168.34.41, host: pr-hdds-2311-njw4j-1908075285, networkLocation: /default-rack, certSerialId: null} reports an CLOSED replica.
2019-10-25 21:28:34,727 [EventQueue-ContainerReportForContainerReportHandler] WARN  container.ContainerReportHandler (AbstractContainerReportHandler.java:updateContainerState(145)) - Container #1 is in OPEN state, but the datanode 1e09a021-a6d7-4a53-819d-98ce6b091a77{ip: 192.168.34.41, host: pr-hdds-2311-njw4j-1908075285, networkLocation: /default-rack, certSerialId: null} reports an CLOSED replica.
2019-10-25 21:28:34,976 [EventQueue-ContainerReportForContainerReportHandler] WARN  container.ContainerReportHandler (AbstractContainerReportHandler.java:updateContainerState(145)) - Container #1 is in OPEN state, but the datanode b43dc2d2-5265-4a31-922b-3f50c0227a2c{ip: 192.168.34.41, host: pr-hdds-2311-njw4j-1908075285, networkLocation: /default-rack, certSerialId: null} reports an CLOSED replica.
2019-10-25 21:28:35,028 [EventQueue-ContainerReportForContainerReportHandler] WARN  container.ContainerReportHandler (AbstractContainerReportHandler.java:updateContainerState(145)) - Container #1 is in OPEN state, but the datanode 1e09a021-a6d7-4a53-819d-98ce6b091a77{ip: 192.168.34.41, host: pr-hdds-2311-njw4j-1908075285, networkLocation: /default-rack, certSerialId: null} reports an CLOSED replica.
2019-10-25 21:28:35,229 [EventQueue-ContainerReportForContainerReportHandler] WARN  container.ContainerReportHandler (AbstractContainerReportHandler.java:updateContainerState(145)) - Container #1 is in OPEN state, but the datanode 1e09a021-a6d7-4a53-819d-98ce6b091a77{ip: 192.168.34.41, host: pr-hdds-2311-njw4j-1908075285, networkLocation: /default-rack, certSerialId: null} reports an CLOSED replica.
2019-10-25 21:28:35,376 [EventQueue-ContainerReportForContainerReportHandler] WARN  container.ContainerReportHandler (AbstractContainerReportHandler.java:updateContainerState(145)) - Container #1 is in OPEN state, but the datanode b43dc2d2-5265-4a31-922b-3f50c0227a2c{ip: 192.168.34.41, host: pr-hdds-2311-njw4j-1908075285, networkLocation: /default-rack, certSerialId: null} reports an CLOSED replica.
2019-10-25 21:28:35,530 [EventQueue-ContainerReportForContainerReportHandler] WARN  container.ContainerReportHandler (AbstractContainerReportHandler.java:updateContainerState(145)) - Container #1 is in OPEN state, but the datanode 1e09a021-a6d7-4a53-819d-98ce6b091a77{ip: 192.168.34.41, host: pr-hdds-2311-njw4j-1908075285, networkLocation: /default-rack, certSerialId: null} reports an CLOSED replica.
2019-10-25 21:28:35,586 [BlockDeletingService#2] WARN  background.BlockDeletingService (BlockDeletingService.java:isDeletionAllowed(187)) - Close Container log Index 6 is not replicated across allthe servers in the pipeline 69397456-ee7f-4bbb-8423-b007a63a5cca as the min replicated index is 4. Deletion is not allowed in this container yet.
2019-10-25 21:28:35,586 [BlockDeletingService#2] WARN  background.BlockDeletingService (BlockDeletingService.java:isDeletionAllowed(187)) - Close Container log Index 6 is not replicated across allthe servers in the pipeline 69397456-ee7f-4bbb-8423-b007a63a5cca as the min replicated index is 4. Deletion is not allowed in this container yet.
2019-10-25 21:28:35,676 [EventQueue-ContainerReportForContainerReportHandler] WARN  container.ContainerReportHandler (AbstractContainerReportHandler.java:updateContainerState(145)) - Container #1 is in OPEN state, but the datanode b43dc2d2-5265-4a31-922b-3f50c0227a2c{ip: 192.168.34.41, host: pr-hdds-2311-njw4j-1908075285, networkLocation: /default-rack, certSerialId: null} reports an CLOSED replica.
2019-10-25 21:28:35,730 [EventQueue-ContainerReportForContainerReportHandler] WARN  container.ContainerReportHandler (AbstractContainerReportHandler.java:updateContainerState(145)) - Container #1 is in OPEN state, but the datanode 1e09a021-a6d7-4a53-819d-98ce6b091a77{ip: 192.168.34.41, host: pr-hdds-2311-njw4j-1908075285, networkLocation: /default-rack, certSerialId: null} reports an CLOSED replica.
2019-10-25 21:28:35,876 [EventQueue-ContainerReportForContainerReportHandler] WARN  container.ContainerReportHandler (AbstractContainerReportHandler.java:updateContainerState(145)) - Container #1 is in OPEN state, but the datanode b43dc2d2-5265-4a31-922b-3f50c0227a2c{ip: 192.168.34.41, host: pr-hdds-2311-njw4j-1908075285, networkLocation: /default-rack, certSerialId: null} reports an CLOSED replica.
2019-10-25 21:28:36,030 [EventQueue-ContainerReportForContainerReportHandler] WARN  container.ContainerReportHandler (AbstractContainerReportHandler.java:updateContainerState(145)) - Container #1 is in OPEN state, but the datanode 1e09a021-a6d7-4a53-819d-98ce6b091a77{ip: 192.168.34.41, host: pr-hdds-2311-njw4j-1908075285, networkLocation: /default-rack, certSerialId: null} reports an CLOSED replica.
2019-10-25 21:28:36,276 [EventQueue-ContainerReportForContainerReportHandler] WARN  container.ContainerReportHandler (AbstractContainerReportHandler.java:updateContainerState(145)) - Container #1 is in OPEN state, but the datanode b43dc2d2-5265-4a31-922b-3f50c0227a2c{ip: 192.168.34.41, host: pr-hdds-2311-njw4j-1908075285, networkLocation: /default-rack, certSerialId: null} reports an CLOSED replica.
2019-10-25 21:28:36,431 [EventQueue-ContainerReportForContainerReportHandler] WARN  container.ContainerReportHandler (AbstractContainerReportHandler.java:updateContainerState(145)) - Container #1 is in OPEN state, but the datanode 1e09a021-a6d7-4a53-819d-98ce6b091a77{ip: 192.168.34.41, host: pr-hdds-2311-njw4j-1908075285, networkLocation: /default-rack, certSerialId: null} reports an CLOSED replica.
2019-10-25 21:28:36,577 [EventQueue-ContainerReportForContainerReportHandler] WARN  container.ContainerReportHandler (AbstractContainerReportHandler.java:updateContainerState(145)) - Container #1 is in OPEN state, but the datanode b43dc2d2-5265-4a31-922b-3f50c0227a2c{ip: 192.168.34.41, host: pr-hdds-2311-njw4j-1908075285, networkLocation: /default-rack, certSerialId: null} reports an CLOSED replica.
2019-10-25 21:28:36,588 [BlockDeletingService#2] WARN  background.BlockDeletingService (BlockDeletingService.java:isDeletionAllowed(187)) - Close Container log Index 6 is not replicated across allthe servers in the pipeline 69397456-ee7f-4bbb-8423-b007a63a5cca as the min replicated index is 4. Deletion is not allowed in this container yet.
2019-10-25 21:28:36,588 [BlockDeletingService#2] WARN  background.BlockDeletingService (BlockDeletingService.java:isDeletionAllowed(187)) - Close Container log Index 6 is not replicated across allthe servers in the pipeline 69397456-ee7f-4bbb-8423-b007a63a5cca as the min replicated index is 4. Deletion is not allowed in this container yet.
2019-10-25 21:28:36,633 [EventQueue-ContainerReportForContainerReportHandler] WARN  container.ContainerReportHandler (AbstractContainerReportHandler.java:updateContainerState(145)) - Container #1 is in OPEN state, but the datanode 1e09a021-a6d7-4a53-819d-98ce6b091a77{ip: 192.168.34.41, host: pr-hdds-2311-njw4j-1908075285, networkLocation: /default-rack, certSerialId: null} reports an CLOSED replica.
2019-10-25 21:28:36,778 [EventQueue-ContainerReportForContainerReportHandler] WARN  container.ContainerReportHandler (AbstractContainerReportHandler.java:updateContainerState(145)) - Container #1 is in OPEN state, but the datanode b43dc2d2-5265-4a31-922b-3f50c0227a2c{ip: 192.168.34.41, host: pr-hdds-2311-njw4j-1908075285, networkLocation: /default-rack, certSerialId: null} reports an CLOSED replica.
2019-10-25 21:28:36,934 [EventQueue-ContainerReportForContainerReportHandler] WARN  container.ContainerReportHandler (AbstractContainerReportHandler.java:updateContainerState(145)) - Container #1 is in OPEN state, but the datanode 1e09a021-a6d7-4a53-819d-98ce6b091a77{ip: 192.168.34.41, host: pr-hdds-2311-njw4j-1908075285, networkLocation: /default-rack, certSerialId: null} reports an CLOSED replica.
2019-10-25 21:28:36,960 [java.util.concurrent.ThreadPoolExecutor$Worker@1ea5ced5[State = -1, empty queue]] WARN  server.GrpcLogAppender (GrpcLogAppender.java:timeoutAppendRequest(209)) - 1e09a021-a6d7-4a53-819d-98ce6b091a77@group-B007A63A5CCA->fe8e0c84-158f-427e-8307-4b533a2376d4-GrpcLogAppender: appendEntries Timeout, request=1e09a021-a6d7-4a53-819d-98ce6b091a77->fe8e0c84-158f-427e-8307-4b533a2376d4#44-t2, previous=(t:2, i:10), leaderCommit=10, initializing? false, entries: <empty>
2019-10-25 21:28:36,978 [EventQueue-ContainerReportForContainerReportHandler] WARN  container.ContainerReportHandler (AbstractContainerReportHandler.java:updateContainerState(145)) - Container #1 is in OPEN state, but the datanode b43dc2d2-5265-4a31-922b-3f50c0227a2c{ip: 192.168.34.41, host: pr-hdds-2311-njw4j-1908075285, networkLocation: /default-rack, certSerialId: null} reports an CLOSED replica.
2019-10-25 21:28:37,234 [EventQueue-ContainerReportForContainerReportHandler] WARN  container.ContainerReportHandler (AbstractContainerReportHandler.java:updateContainerState(145)) - Container #1 is in OPEN state, but the datanode 1e09a021-a6d7-4a53-819d-98ce6b091a77{ip: 192.168.34.41, host: pr-hdds-2311-njw4j-1908075285, networkLocation: /default-rack, certSerialId: null} reports an CLOSED replica.
2019-10-25 21:28:37,279 [EventQueue-ContainerReportForContainerReportHandler] WARN  container.ContainerReportHandler (AbstractContainerReportHandler.java:updateContainerState(145)) - Container #1 is in OPEN state, but the datanode b43dc2d2-5265-4a31-922b-3f50c0227a2c{ip: 192.168.34.41, host: pr-hdds-2311-njw4j-1908075285, networkLocation: /default-rack, certSerialId: null} reports an CLOSED replica.
2019-10-25 21:28:37,479 [EventQueue-ContainerReportForContainerReportHandler] WARN  container.ContainerReportHandler (AbstractContainerReportHandler.java:updateContainerState(145)) - Container #1 is in OPEN state, but the datanode b43dc2d2-5265-4a31-922b-3f50c0227a2c{ip: 192.168.34.41, host: pr-hdds-2311-njw4j-1908075285, networkLocation: /default-rack, certSerialId: null} reports an CLOSED replica.
2019-10-25 21:28:37,590 [BlockDeletingService#2] WARN  background.BlockDeletingService (BlockDeletingService.java:isDeletionAllowed(187)) - Close Container log Index 6 is not replicated across allthe servers in the pipeline 69397456-ee7f-4bbb-8423-b007a63a5cca as the min replicated index is 4. Deletion is not allowed in this container yet.
2019-10-25 21:28:37,590 [BlockDeletingService#2] WARN  background.BlockDeletingService (BlockDeletingService.java:isDeletionAllowed(187)) - Close Container log Index 6 is not replicated across allthe servers in the pipeline 69397456-ee7f-4bbb-8423-b007a63a5cca as the min replicated index is 4. Deletion is not allowed in this container yet.
2019-10-25 21:28:37,634 [EventQueue-ContainerReportForContainerReportHandler] WARN  container.ContainerReportHandler (AbstractContainerReportHandler.java:updateContainerState(145)) - Container #1 is in OPEN state, but the datanode 1e09a021-a6d7-4a53-819d-98ce6b091a77{ip: 192.168.34.41, host: pr-hdds-2311-njw4j-1908075285, networkLocation: /default-rack, certSerialId: null} reports an CLOSED replica.
2019-10-25 21:28:37,680 [EventQueue-ContainerReportForContainerReportHandler] WARN  container.ContainerReportHandler (AbstractContainerReportHandler.java:updateContainerState(145)) - Container #1 is in OPEN state, but the datanode b43dc2d2-5265-4a31-922b-3f50c0227a2c{ip: 192.168.34.41, host: pr-hdds-2311-njw4j-1908075285, networkLocation: /default-rack, certSerialId: null} reports an CLOSED replica.
2019-10-25 21:28:37,835 [EventQueue-ContainerReportForContainerReportHandler] WARN  container.ContainerReportHandler (AbstractContainerReportHandler.java:updateContainerState(145)) - Container #1 is in OPEN state, but the datanode 1e09a021-a6d7-4a53-819d-98ce6b091a77{ip: 192.168.34.41, host: pr-hdds-2311-njw4j-1908075285, networkLocation: /default-rack, certSerialId: null} reports an CLOSED replica.
2019-10-25 21:28:37,980 [EventQueue-ContainerReportForContainerReportHandler] WARN  container.ContainerReportHandler (AbstractContainerReportHandler.java:updateContainerState(145)) - Container #1 is in OPEN state, but the datanode b43dc2d2-5265-4a31-922b-3f50c0227a2c{ip: 192.168.34.41, host: pr-hdds-2311-njw4j-1908075285, networkLocation: /default-rack, certSerialId: null} reports an CLOSED replica.
2019-10-25 21:28:38,237 [EventQueue-ContainerReportForContainerReportHandler] WARN  container.ContainerReportHandler (AbstractContainerReportHandler.java:updateContainerState(145)) - Container #1 is in OPEN state, but the datanode 1e09a021-a6d7-4a53-819d-98ce6b091a77{ip: 192.168.34.41, host: pr-hdds-2311-njw4j-1908075285, networkLocation: /default-rack, certSerialId: null} reports an CLOSED replica.
2019-10-25 21:28:38,280 [EventQueue-ContainerReportForContainerReportHandler] WARN  container.ContainerReportHandler (AbstractContainerReportHandler.java:updateContainerState(145)) - Container #1 is in OPEN state, but the datanode b43dc2d2-5265-4a31-922b-3f50c0227a2c{ip: 192.168.34.41, host: pr-hdds-2311-njw4j-1908075285, networkLocation: /default-rack, certSerialId: null} reports an CLOSED replica.
2019-10-25 21:28:38,480 [EventQueue-ContainerReportForContainerReportHandler] WARN  container.ContainerReportHandler (AbstractContainerReportHandler.java:updateContainerState(145)) - Container #1 is in OPEN state, but the datanode b43dc2d2-5265-4a31-922b-3f50c0227a2c{ip: 192.168.34.41, host: pr-hdds-2311-njw4j-1908075285, networkLocation: /default-rack, certSerialId: null} reports an CLOSED replica.
2019-10-25 21:28:38,592 [BlockDeletingService#2] WARN  background.BlockDeletingService (BlockDeletingService.java:isDeletionAllowed(187)) - Close Container log Index 6 is not replicated across allthe servers in the pipeline 69397456-ee7f-4bbb-8423-b007a63a5cca as the min replicated index is 4. Deletion is not allowed in this container yet.
2019-10-25 21:28:38,592 [BlockDeletingService#2] WARN  background.BlockDeletingService (BlockDeletingService.java:isDeletionAllowed(187)) - Close Container log Index 6 is not replicated across allthe servers in the pipeline 69397456-ee7f-4bbb-8423-b007a63a5cca as the min replicated index is 4. Deletion is not allowed in this container yet.
2019-10-25 21:28:38,637 [EventQueue-ContainerReportForContainerReportHandler] WARN  container.ContainerReportHandler (AbstractContainerReportHandler.java:updateContainerState(145)) - Container #1 is in OPEN state, but the datanode 1e09a021-a6d7-4a53-819d-98ce6b091a77{ip: 192.168.34.41, host: pr-hdds-2311-njw4j-1908075285, networkLocation: /default-rack, certSerialId: null} reports an CLOSED replica.
2019-10-25 21:28:38,837 [EventQueue-ContainerReportForContainerReportHandler] WARN  container.ContainerReportHandler (AbstractContainerReportHandler.java:updateContainerState(145)) - Container #1 is in OPEN state, but the datanode 1e09a021-a6d7-4a53-819d-98ce6b091a77{ip: 192.168.34.41, host: pr-hdds-2311-njw4j-1908075285, networkLocation: /default-rack, certSerialId: null} reports an CLOSED replica.
2019-10-25 21:28:38,883 [EventQueue-ContainerReportForContainerReportHandler] WARN  container.ContainerReportHandler (AbstractContainerReportHandler.java:updateContainerState(145)) - Container #1 is in OPEN state, but the datanode b43dc2d2-5265-4a31-922b-3f50c0227a2c{ip: 192.168.34.41, host: pr-hdds-2311-njw4j-1908075285, networkLocation: /default-rack, certSerialId: null} reports an CLOSED replica.
2019-10-25 21:28:39,084 [EventQueue-ContainerReportForContainerReportHandler] WARN  container.ContainerReportHandler (AbstractContainerReportHandler.java:updateContainerState(145)) - Container #1 is in OPEN state, but the datanode b43dc2d2-5265-4a31-922b-3f50c0227a2c{ip: 192.168.34.41, host: pr-hdds-2311-njw4j-1908075285, networkLocation: /default-rack, certSerialId: null} reports an CLOSED replica.
2019-10-25 21:28:39,137 [EventQueue-ContainerReportForContainerReportHandler] WARN  container.ContainerReportHandler (AbstractContainerReportHandler.java:updateContainerState(145)) - Container #1 is in OPEN state, but the datanode 1e09a021-a6d7-4a53-819d-98ce6b091a77{ip: 192.168.34.41, host: pr-hdds-2311-njw4j-1908075285, networkLocation: /default-rack, certSerialId: null} reports an CLOSED replica.
2019-10-25 21:28:39,285 [EventQueue-ContainerReportForContainerReportHandler] WARN  container.ContainerReportHandler (AbstractContainerReportHandler.java:updateContainerState(145)) - Container #1 is in OPEN state, but the datanode b43dc2d2-5265-4a31-922b-3f50c0227a2c{ip: 192.168.34.41, host: pr-hdds-2311-njw4j-1908075285, networkLocation: /default-rack, certSerialId: null} reports an CLOSED replica.
2019-10-25 21:28:39,460 [java.util.concurrent.ThreadPoolExecutor$Worker@1ea5ced5[State = -1, empty queue]] WARN  server.GrpcLogAppender (GrpcLogAppender.java:timeoutAppendRequest(209)) - 1e09a021-a6d7-4a53-819d-98ce6b091a77@group-B007A63A5CCA->fe8e0c84-158f-427e-8307-4b533a2376d4-GrpcLogAppender: appendEntries Timeout, request=1e09a021-a6d7-4a53-819d-98ce6b091a77->fe8e0c84-158f-427e-8307-4b533a2376d4#45-t2, previous=(t:2, i:10), leaderCommit=10, initializing? false, entries: <empty>
2019-10-25 21:28:39,538 [EventQueue-ContainerReportForContainerReportHandler] WARN  container.ContainerReportHandler (AbstractContainerReportHandler.java:updateContainerState(145)) - Container #1 is in OPEN state, but the datanode 1e09a021-a6d7-4a53-819d-98ce6b091a77{ip: 192.168.34.41, host: pr-hdds-2311-njw4j-1908075285, networkLocation: /default-rack, certSerialId: null} reports an CLOSED replica.
2019-10-25 21:28:39,584 [EventQueue-ContainerReportForContainerReportHandler] WARN  container.ContainerReportHandler (AbstractContainerReportHandler.java:updateContainerState(145)) - Container #1 is in OPEN state, but the datanode b43dc2d2-5265-4a31-922b-3f50c0227a2c{ip: 192.168.34.41, host: pr-hdds-2311-njw4j-1908075285, networkLocation: /default-rack, certSerialId: null} reports an CLOSED replica.
2019-10-25 21:28:39,594 [BlockDeletingService#2] WARN  background.BlockDeletingService (BlockDeletingService.java:isDeletionAllowed(187)) - Close Container log Index 6 is not replicated across allthe servers in the pipeline 69397456-ee7f-4bbb-8423-b007a63a5cca as the min replicated index is 4. Deletion is not allowed in this container yet.
2019-10-25 21:28:39,594 [BlockDeletingService#2] WARN  background.BlockDeletingService (BlockDeletingService.java:isDeletionAllowed(187)) - Close Container log Index 6 is not replicated across allthe servers in the pipeline 69397456-ee7f-4bbb-8423-b007a63a5cca as the min replicated index is 4. Deletion is not allowed in this container yet.
2019-10-25 21:28:39,937 [EventQueue-ContainerReportForContainerReportHandler] WARN  container.ContainerReportHandler (AbstractContainerReportHandler.java:updateContainerState(145)) - Container #1 is in OPEN state, but the datanode 1e09a021-a6d7-4a53-819d-98ce6b091a77{ip: 192.168.34.41, host: pr-hdds-2311-njw4j-1908075285, networkLocation: /default-rack, certSerialId: null} reports an CLOSED replica.
2019-10-25 21:28:39,984 [EventQueue-ContainerReportForContainerReportHandler] WARN  container.ContainerReportHandler (AbstractContainerReportHandler.java:updateContainerState(145)) - Container #1 is in OPEN state, but the datanode b43dc2d2-5265-4a31-922b-3f50c0227a2c{ip: 192.168.34.41, host: pr-hdds-2311-njw4j-1908075285, networkLocation: /default-rack, certSerialId: null} reports an CLOSED replica.
2019-10-25 21:28:40,237 [EventQueue-ContainerReportForContainerReportHandler] WARN  container.ContainerReportHandler (AbstractContainerReportHandler.java:updateContainerState(145)) - Container #1 is in OPEN state, but the datanode 1e09a021-a6d7-4a53-819d-98ce6b091a77{ip: 192.168.34.41, host: pr-hdds-2311-njw4j-1908075285, networkLocation: /default-rack, certSerialId: null} reports an CLOSED replica.
2019-10-25 21:28:40,285 [EventQueue-ContainerReportForContainerReportHandler] WARN  container.ContainerReportHandler (AbstractContainerReportHandler.java:updateContainerState(145)) - Container #1 is in OPEN state, but the datanode b43dc2d2-5265-4a31-922b-3f50c0227a2c{ip: 192.168.34.41, host: pr-hdds-2311-njw4j-1908075285, networkLocation: /default-rack, certSerialId: null} reports an CLOSED replica.
2019-10-25 21:28:40,538 [EventQueue-ContainerReportForContainerReportHandler] WARN  container.ContainerReportHandler (AbstractContainerReportHandler.java:updateContainerState(145)) - Container #1 is in OPEN state, but the datanode 1e09a021-a6d7-4a53-819d-98ce6b091a77{ip: 192.168.34.41, host: pr-hdds-2311-njw4j-1908075285, networkLocation: /default-rack, certSerialId: null} reports an CLOSED replica.
2019-10-25 21:28:40,597 [BlockDeletingService#2] WARN  background.BlockDeletingService (BlockDeletingService.java:isDeletionAllowed(187)) - Close Container log Index 6 is not replicated across allthe servers in the pipeline 69397456-ee7f-4bbb-8423-b007a63a5cca as the min replicated index is 4. Deletion is not allowed in this container yet.
2019-10-25 21:28:40,597 [BlockDeletingService#2] WARN  background.BlockDeletingService (BlockDeletingService.java:isDeletionAllowed(187)) - Close Container log Index 6 is not replicated across allthe servers in the pipeline 69397456-ee7f-4bbb-8423-b007a63a5cca as the min replicated index is 4. Deletion is not allowed in this container yet.
2019-10-25 21:28:40,685 [EventQueue-ContainerReportForContainerReportHandler] WARN  container.ContainerReportHandler (AbstractContainerReportHandler.java:updateContainerState(145)) - Container #1 is in OPEN state, but the datanode b43dc2d2-5265-4a31-922b-3f50c0227a2c{ip: 192.168.34.41, host: pr-hdds-2311-njw4j-1908075285, networkLocation: /default-rack, certSerialId: null} reports an CLOSED replica.
2019-10-25 21:28:40,837 [EventQueue-ContainerReportForContainerReportHandler] WARN  container.ContainerReportHandler (AbstractContainerReportHandler.java:updateContainerState(145)) - Container #1 is in OPEN state, but the datanode 1e09a021-a6d7-4a53-819d-98ce6b091a77{ip: 192.168.34.41, host: pr-hdds-2311-njw4j-1908075285, networkLocation: /default-rack, certSerialId: null} reports an CLOSED replica.
2019-10-25 21:28:40,985 [EventQueue-ContainerReportForContainerReportHandler] WARN  container.ContainerReportHandler (AbstractContainerReportHandler.java:updateContainerState(145)) - Container #1 is in OPEN state, but the datanode b43dc2d2-5265-4a31-922b-3f50c0227a2c{ip: 192.168.34.41, host: pr-hdds-2311-njw4j-1908075285, networkLocation: /default-rack, certSerialId: null} reports an CLOSED replica.
2019-10-25 21:28:41,238 [EventQueue-ContainerReportForContainerReportHandler] WARN  container.ContainerReportHandler (AbstractContainerReportHandler.java:updateContainerState(145)) - Container #1 is in OPEN state, but the datanode 1e09a021-a6d7-4a53-819d-98ce6b091a77{ip: 192.168.34.41, host: pr-hdds-2311-njw4j-1908075285, networkLocation: /default-rack, certSerialId: null} reports an CLOSED replica.
2019-10-25 21:28:41,286 [EventQueue-ContainerReportForContainerReportHandler] WARN  container.ContainerReportHandler (AbstractContainerReportHandler.java:updateContainerState(145)) - Container #1 is in OPEN state, but the datanode b43dc2d2-5265-4a31-922b-3f50c0227a2c{ip: 192.168.34.41, host: pr-hdds-2311-njw4j-1908075285, networkLocation: /default-rack, certSerialId: null} reports an CLOSED replica.
2019-10-25 21:28:41,538 [EventQueue-ContainerReportForContainerReportHandler] WARN  container.ContainerReportHandler (AbstractContainerReportHandler.java:updateContainerState(145)) - Container #1 is in OPEN state, but the datanode 1e09a021-a6d7-4a53-819d-98ce6b091a77{ip: 192.168.34.41, host: pr-hdds-2311-njw4j-1908075285, networkLocation: /default-rack, certSerialId: null} reports an CLOSED replica.
2019-10-25 21:28:41,588 [EventQueue-ContainerReportForContainerReportHandler] WARN  container.ContainerReportHandler (AbstractContainerReportHandler.java:updateContainerState(145)) - Container #1 is in OPEN state, but the datanode b43dc2d2-5265-4a31-922b-3f50c0227a2c{ip: 192.168.34.41, host: pr-hdds-2311-njw4j-1908075285, networkLocation: /default-rack, certSerialId: null} reports an CLOSED replica.
2019-10-25 21:28:41,599 [BlockDeletingService#2] WARN  background.BlockDeletingService (BlockDeletingService.java:isDeletionAllowed(187)) - Close Container log Index 6 is not replicated across allthe servers in the pipeline 69397456-ee7f-4bbb-8423-b007a63a5cca as the min replicated index is 4. Deletion is not allowed in this container yet.
2019-10-25 21:28:41,599 [BlockDeletingService#2] WARN  background.BlockDeletingService (BlockDeletingService.java:isDeletionAllowed(187)) - Close Container log Index 6 is not replicated across allthe servers in the pipeline 69397456-ee7f-4bbb-8423-b007a63a5cca as the min replicated index is 4. Deletion is not allowed in this container yet.
2019-10-25 21:28:41,738 [EventQueue-ContainerReportForContainerReportHandler] WARN  container.ContainerReportHandler (AbstractContainerReportHandler.java:updateContainerState(145)) - Container #1 is in OPEN state, but the datanode 1e09a021-a6d7-4a53-819d-98ce6b091a77{ip: 192.168.34.41, host: pr-hdds-2311-njw4j-1908075285, networkLocation: /default-rack, certSerialId: null} reports an CLOSED replica.
2019-10-25 21:28:41,890 [EventQueue-ContainerReportForContainerReportHandler] WARN  container.ContainerReportHandler (AbstractContainerReportHandler.java:updateContainerState(145)) - Container #1 is in OPEN state, but the datanode b43dc2d2-5265-4a31-922b-3f50c0227a2c{ip: 192.168.34.41, host: pr-hdds-2311-njw4j-1908075285, networkLocation: /default-rack, certSerialId: null} reports an CLOSED replica.
2019-10-25 21:28:41,961 [java.util.concurrent.ThreadPoolExecutor$Worker@1ea5ced5[State = -1, empty queue]] WARN  server.GrpcLogAppender (GrpcLogAppender.java:timeoutAppendRequest(209)) - 1e09a021-a6d7-4a53-819d-98ce6b091a77@group-B007A63A5CCA->fe8e0c84-158f-427e-8307-4b533a2376d4-GrpcLogAppender: appendEntries Timeout, request=1e09a021-a6d7-4a53-819d-98ce6b091a77->fe8e0c84-158f-427e-8307-4b533a2376d4#46-t2, previous=(t:2, i:10), leaderCommit=10, initializing? false, entries: <empty>
2019-10-25 21:28:42,039 [EventQueue-ContainerReportForContainerReportHandler] WARN  container.ContainerReportHandler (AbstractContainerReportHandler.java:updateContainerState(145)) - Container #1 is in OPEN state, but the datanode 1e09a021-a6d7-4a53-819d-98ce6b091a77{ip: 192.168.34.41, host: pr-hdds-2311-njw4j-1908075285, networkLocation: /default-rack, certSerialId: null} reports an CLOSED replica.
2019-10-25 21:28:42,090 [EventQueue-ContainerReportForContainerReportHandler] WARN  container.ContainerReportHandler (AbstractContainerReportHandler.java:updateContainerState(145)) - Container #1 is in OPEN state, but the datanode b43dc2d2-5265-4a31-922b-3f50c0227a2c{ip: 192.168.34.41, host: pr-hdds-2311-njw4j-1908075285, networkLocation: /default-rack, certSerialId: null} reports an CLOSED replica.
2019-10-25 21:28:42,239 [EventQueue-ContainerReportForContainerReportHandler] WARN  container.ContainerReportHandler (AbstractContainerReportHandler.java:updateContainerState(145)) - Container #1 is in OPEN state, but the datanode 1e09a021-a6d7-4a53-819d-98ce6b091a77{ip: 192.168.34.41, host: pr-hdds-2311-njw4j-1908075285, networkLocation: /default-rack, certSerialId: null} reports an CLOSED replica.
2019-10-25 21:28:42,390 [EventQueue-ContainerReportForContainerReportHandler] WARN  container.ContainerReportHandler (AbstractContainerReportHandler.java:updateContainerState(145)) - Container #1 is in OPEN state, but the datanode b43dc2d2-5265-4a31-922b-3f50c0227a2c{ip: 192.168.34.41, host: pr-hdds-2311-njw4j-1908075285, networkLocation: /default-rack, certSerialId: null} reports an CLOSED replica.
2019-10-25 21:28:42,601 [BlockDeletingService#2] WARN  background.BlockDeletingService (BlockDeletingService.java:isDeletionAllowed(187)) - Close Container log Index 6 is not replicated across allthe servers in the pipeline 69397456-ee7f-4bbb-8423-b007a63a5cca as the min replicated index is 4. Deletion is not allowed in this container yet.
2019-10-25 21:28:42,601 [BlockDeletingService#2] WARN  background.BlockDeletingService (BlockDeletingService.java:isDeletionAllowed(187)) - Close Container log Index 6 is not replicated across allthe servers in the pipeline 69397456-ee7f-4bbb-8423-b007a63a5cca as the min replicated index is 4. Deletion is not allowed in this container yet.
2019-10-25 21:28:42,639 [EventQueue-ContainerReportForContainerReportHandler] WARN  container.ContainerReportHandler (AbstractContainerReportHandler.java:updateContainerState(145)) - Container #1 is in OPEN state, but the datanode 1e09a021-a6d7-4a53-819d-98ce6b091a77{ip: 192.168.34.41, host: pr-hdds-2311-njw4j-1908075285, networkLocation: /default-rack, certSerialId: null} reports an CLOSED replica.
2019-10-25 21:28:42,710 [Thread-491] INFO  client.GrpcClientProtocolService (GrpcClientProtocolService.java:lambda$processClientRequest$0(278)) - Failed RaftClientRequest:client-6DCA51C798D1->b43dc2d2-5265-4a31-922b-3f50c0227a2c@group-B007A63A5CCA, cid=10, seq=0, Watch-ALL_COMMITTED(6), Message:<EMPTY>, reply=RaftClientReply:client-6DCA51C798D1->b43dc2d2-5265-4a31-922b-3f50c0227a2c@group-B007A63A5CCA, cid=10, FAILED org.apache.ratis.protocol.NotLeaderException: Server b43dc2d2-5265-4a31-922b-3f50c0227a2c@group-B007A63A5CCA is not the leader 1e09a021-a6d7-4a53-819d-98ce6b091a77:192.168.34.41:46402, logIndex=0, commits[b43dc2d2-5265-4a31-922b-3f50c0227a2c:c10, 1e09a021-a6d7-4a53-819d-98ce6b091a77:c10, fe8e0c84-158f-427e-8307-4b533a2376d4:c4]
2019-10-25 21:28:42,755 [Thread-494] INFO  client.GrpcClientProtocolService (GrpcClientProtocolService.java:lambda$processClientRequest$0(278)) - Failed RaftClientRequest:client-6DCA51C798D1->1e09a021-a6d7-4a53-819d-98ce6b091a77@group-B007A63A5CCA, cid=10, seq=0, Watch-ALL_COMMITTED(6), Message:<EMPTY>, reply=RaftClientReply:client-6DCA51C798D1->1e09a021-a6d7-4a53-819d-98ce6b091a77@group-B007A63A5CCA, cid=10, FAILED org.apache.ratis.protocol.NotReplicatedException: Request with call Id 10 and log index 6 is not yet replicated to ALL_COMMITTED, logIndex=6, commits[1e09a021-a6d7-4a53-819d-98ce6b091a77:c10, b43dc2d2-5265-4a31-922b-3f50c0227a2c:c10, fe8e0c84-158f-427e-8307-4b533a2376d4:c4]
2019-10-25 21:28:42,790 [EventQueue-ContainerReportForContainerReportHandler] WARN  container.ContainerReportHandler (AbstractContainerReportHandler.java:updateContainerState(145)) - Container #1 is in OPEN state, but the datanode b43dc2d2-5265-4a31-922b-3f50c0227a2c{ip: 192.168.34.41, host: pr-hdds-2311-njw4j-1908075285, networkLocation: /default-rack, certSerialId: null} reports an CLOSED replica.
2019-10-25 21:28:42,939 [EventQueue-ContainerReportForContainerReportHandler] WARN  container.ContainerReportHandler (AbstractContainerReportHandler.java:updateContainerState(145)) - Container #1 is in OPEN state, but the datanode 1e09a021-a6d7-4a53-819d-98ce6b091a77{ip: 192.168.34.41, host: pr-hdds-2311-njw4j-1908075285, networkLocation: /default-rack, certSerialId: null} reports an CLOSED replica.
2019-10-25 21:28:43,091 [EventQueue-ContainerReportForContainerReportHandler] WARN  container.ContainerReportHandler (AbstractContainerReportHandler.java:updateContainerState(145)) - Container #1 is in OPEN state, but the datanode b43dc2d2-5265-4a31-922b-3f50c0227a2c{ip: 192.168.34.41, host: pr-hdds-2311-njw4j-1908075285, networkLocation: /default-rack, certSerialId: null} reports an CLOSED replica.
2019-10-25 21:28:43,239 [EventQueue-ContainerReportForContainerReportHandler] WARN  container.ContainerReportHandler (AbstractContainerReportHandler.java:updateContainerState(145)) - Container #1 is in OPEN state, but the datanode 1e09a021-a6d7-4a53-819d-98ce6b091a77{ip: 192.168.34.41, host: pr-hdds-2311-njw4j-1908075285, networkLocation: /default-rack, certSerialId: null} reports an CLOSED replica.
2019-10-25 21:28:43,390 [EventQueue-ContainerReportForContainerReportHandler] WARN  container.ContainerReportHandler (AbstractContainerReportHandler.java:updateContainerState(145)) - Container #1 is in OPEN state, but the datanode b43dc2d2-5265-4a31-922b-3f50c0227a2c{ip: 192.168.34.41, host: pr-hdds-2311-njw4j-1908075285, networkLocation: /default-rack, certSerialId: null} reports an CLOSED replica.
2019-10-25 21:28:43,440 [EventQueue-ContainerReportForContainerReportHandler] WARN  container.ContainerReportHandler (AbstractContainerReportHandler.java:updateContainerState(145)) - Container #1 is in OPEN state, but the datanode 1e09a021-a6d7-4a53-819d-98ce6b091a77{ip: 192.168.34.41, host: pr-hdds-2311-njw4j-1908075285, networkLocation: /default-rack, certSerialId: null} reports an CLOSED replica.
2019-10-25 21:28:43,591 [EventQueue-ContainerReportForContainerReportHandler] WARN  container.ContainerReportHandler (AbstractContainerReportHandler.java:updateContainerState(145)) - Container #1 is in OPEN state, but the datanode b43dc2d2-5265-4a31-922b-3f50c0227a2c{ip: 192.168.34.41, host: pr-hdds-2311-njw4j-1908075285, networkLocation: /default-rack, certSerialId: null} reports an CLOSED replica.
2019-10-25 21:28:43,604 [BlockDeletingService#2] WARN  background.BlockDeletingService (BlockDeletingService.java:isDeletionAllowed(187)) - Close Container log Index 6 is not replicated across allthe servers in the pipeline 69397456-ee7f-4bbb-8423-b007a63a5cca as the min replicated index is 4. Deletion is not allowed in this container yet.
2019-10-25 21:28:43,607 [BlockDeletingService#2] WARN  background.BlockDeletingService (BlockDeletingService.java:isDeletionAllowed(187)) - Close Container log Index 6 is not replicated across allthe servers in the pipeline 69397456-ee7f-4bbb-8423-b007a63a5cca as the min replicated index is 4. Deletion is not allowed in this container yet.
2019-10-25 21:28:43,740 [EventQueue-ContainerReportForContainerReportHandler] WARN  container.ContainerReportHandler (AbstractContainerReportHandler.java:updateContainerState(145)) - Container #1 is in OPEN state, but the datanode 1e09a021-a6d7-4a53-819d-98ce6b091a77{ip: 192.168.34.41, host: pr-hdds-2311-njw4j-1908075285, networkLocation: /default-rack, certSerialId: null} reports an CLOSED replica.
2019-10-25 21:28:43,992 [EventQueue-ContainerReportForContainerReportHandler] WARN  container.ContainerReportHandler (AbstractContainerReportHandler.java:updateContainerState(145)) - Container #1 is in OPEN state, but the datanode b43dc2d2-5265-4a31-922b-3f50c0227a2c{ip: 192.168.34.41, host: pr-hdds-2311-njw4j-1908075285, networkLocation: /default-rack, certSerialId: null} reports an CLOSED replica.
2019-10-25 21:28:44,040 [EventQueue-ContainerReportForContainerReportHandler] WARN  container.ContainerReportHandler (AbstractContainerReportHandler.java:updateContainerState(145)) - Container #1 is in OPEN state, but the datanode 1e09a021-a6d7-4a53-819d-98ce6b091a77{ip: 192.168.34.41, host: pr-hdds-2311-njw4j-1908075285, networkLocation: /default-rack, certSerialId: null} reports an CLOSED replica.
2019-10-25 21:28:44,293 [EventQueue-ContainerReportForContainerReportHandler] WARN  container.ContainerReportHandler (AbstractContainerReportHandler.java:updateContainerState(145)) - Container #1 is in OPEN state, but the datanode b43dc2d2-5265-4a31-922b-3f50c0227a2c{ip: 192.168.34.41, host: pr-hdds-2311-njw4j-1908075285, networkLocation: /default-rack, certSerialId: null} reports an CLOSED replica.
2019-10-25 21:28:44,440 [EventQueue-ContainerReportForContainerReportHandler] WARN  container.ContainerReportHandler (AbstractContainerReportHandler.java:updateContainerState(145)) - Container #1 is in OPEN state, but the datanode 1e09a021-a6d7-4a53-819d-98ce6b091a77{ip: 192.168.34.41, host: pr-hdds-2311-njw4j-1908075285, networkLocation: /default-rack, certSerialId: null} reports an CLOSED replica.
2019-10-25 21:28:44,464 [java.util.concurrent.ThreadPoolExecutor$Worker@1ea5ced5[State = -1, empty queue]] WARN  server.GrpcLogAppender (GrpcLogAppender.java:timeoutAppendRequest(209)) - 1e09a021-a6d7-4a53-819d-98ce6b091a77@group-B007A63A5CCA->fe8e0c84-158f-427e-8307-4b533a2376d4-GrpcLogAppender: appendEntries Timeout, request=1e09a021-a6d7-4a53-819d-98ce6b091a77->fe8e0c84-158f-427e-8307-4b533a2376d4#47-t2, previous=(t:2, i:10), leaderCommit=10, initializing? false, entries: <empty>
2019-10-25 21:28:44,593 [EventQueue-ContainerReportForContainerReportHandler] WARN  container.ContainerReportHandler (AbstractContainerReportHandler.java:updateContainerState(145)) - Container #1 is in OPEN state, but the datanode b43dc2d2-5265-4a31-922b-3f50c0227a2c{ip: 192.168.34.41, host: pr-hdds-2311-njw4j-1908075285, networkLocation: /default-rack, certSerialId: null} reports an CLOSED replica.
2019-10-25 21:28:44,609 [BlockDeletingService#2] WARN  background.BlockDeletingService (BlockDeletingService.java:isDeletionAllowed(187)) - Close Container log Index 6 is not replicated across allthe servers in the pipeline 69397456-ee7f-4bbb-8423-b007a63a5cca as the min replicated index is 4. Deletion is not allowed in this container yet.
2019-10-25 21:28:44,609 [BlockDeletingService#2] WARN  background.BlockDeletingService (BlockDeletingService.java:isDeletionAllowed(187)) - Close Container log Index 6 is not replicated across allthe servers in the pipeline 69397456-ee7f-4bbb-8423-b007a63a5cca as the min replicated index is 4. Deletion is not allowed in this container yet.
2019-10-25 21:28:44,740 [EventQueue-ContainerReportForContainerReportHandler] WARN  container.ContainerReportHandler (AbstractContainerReportHandler.java:updateContainerState(145)) - Container #1 is in OPEN state, but the datanode 1e09a021-a6d7-4a53-819d-98ce6b091a77{ip: 192.168.34.41, host: pr-hdds-2311-njw4j-1908075285, networkLocation: /default-rack, certSerialId: null} reports an CLOSED replica.
2019-10-25 21:28:44,994 [EventQueue-ContainerReportForContainerReportHandler] WARN  container.ContainerReportHandler (AbstractContainerReportHandler.java:updateContainerState(145)) - Container #1 is in OPEN state, but the datanode b43dc2d2-5265-4a31-922b-3f50c0227a2c{ip: 192.168.34.41, host: pr-hdds-2311-njw4j-1908075285, networkLocation: /default-rack, certSerialId: null} reports an CLOSED replica.
2019-10-25 21:28:45,141 [EventQueue-ContainerReportForContainerReportHandler] WARN  container.ContainerReportHandler (AbstractContainerReportHandler.java:updateContainerState(145)) - Container #1 is in OPEN state, but the datanode 1e09a021-a6d7-4a53-819d-98ce6b091a77{ip: 192.168.34.41, host: pr-hdds-2311-njw4j-1908075285, networkLocation: /default-rack, certSerialId: null} reports an CLOSED replica.
2019-10-25 21:28:45,193 [EventQueue-ContainerReportForContainerReportHandler] WARN  container.ContainerReportHandler (AbstractContainerReportHandler.java:updateContainerState(145)) - Container #1 is in OPEN state, but the datanode b43dc2d2-5265-4a31-922b-3f50c0227a2c{ip: 192.168.34.41, host: pr-hdds-2311-njw4j-1908075285, networkLocation: /default-rack, certSerialId: null} reports an CLOSED replica.
2019-10-25 21:28:45,493 [EventQueue-ContainerReportForContainerReportHandler] WARN  container.ContainerReportHandler (AbstractContainerReportHandler.java:updateContainerState(145)) - Container #1 is in OPEN state, but the datanode b43dc2d2-5265-4a31-922b-3f50c0227a2c{ip: 192.168.34.41, host: pr-hdds-2311-njw4j-1908075285, networkLocation: /default-rack, certSerialId: null} reports an CLOSED replica.
2019-10-25 21:28:45,540 [EventQueue-ContainerReportForContainerReportHandler] WARN  container.ContainerReportHandler (AbstractContainerReportHandler.java:updateContainerState(145)) - Container #1 is in OPEN state, but the datanode 1e09a021-a6d7-4a53-819d-98ce6b091a77{ip: 192.168.34.41, host: pr-hdds-2311-njw4j-1908075285, networkLocation: /default-rack, certSerialId: null} reports an CLOSED replica.
2019-10-25 21:28:45,610 [BlockDeletingService#2] WARN  background.BlockDeletingService (BlockDeletingService.java:isDeletionAllowed(187)) - Close Container log Index 6 is not replicated across allthe servers in the pipeline 69397456-ee7f-4bbb-8423-b007a63a5cca as the min replicated index is 4. Deletion is not allowed in this container yet.
2019-10-25 21:28:45,610 [BlockDeletingService#2] WARN  background.BlockDeletingService (BlockDeletingService.java:isDeletionAllowed(187)) - Close Container log Index 6 is not replicated across allthe servers in the pipeline 69397456-ee7f-4bbb-8423-b007a63a5cca as the min replicated index is 4. Deletion is not allowed in this container yet.
2019-10-25 21:28:45,694 [EventQueue-ContainerReportForContainerReportHandler] WARN  container.ContainerReportHandler (AbstractContainerReportHandler.java:updateContainerState(145)) - Container #1 is in OPEN state, but the datanode b43dc2d2-5265-4a31-922b-3f50c0227a2c{ip: 192.168.34.41, host: pr-hdds-2311-njw4j-1908075285, networkLocation: /default-rack, certSerialId: null} reports an CLOSED replica.
2019-10-25 21:28:45,941 [EventQueue-ContainerReportForContainerReportHandler] WARN  container.ContainerReportHandler (AbstractContainerReportHandler.java:updateContainerState(145)) - Container #1 is in OPEN state, but the datanode 1e09a021-a6d7-4a53-819d-98ce6b091a77{ip: 192.168.34.41, host: pr-hdds-2311-njw4j-1908075285, networkLocation: /default-rack, certSerialId: null} reports an CLOSED replica.
2019-10-25 21:28:45,996 [EventQueue-ContainerReportForContainerReportHandler] WARN  container.ContainerReportHandler (AbstractContainerReportHandler.java:updateContainerState(145)) - Container #1 is in OPEN state, but the datanode b43dc2d2-5265-4a31-922b-3f50c0227a2c{ip: 192.168.34.41, host: pr-hdds-2311-njw4j-1908075285, networkLocation: /default-rack, certSerialId: null} reports an CLOSED replica.
2019-10-25 21:28:46,140 [EventQueue-ContainerReportForContainerReportHandler] WARN  container.ContainerReportHandler (AbstractContainerReportHandler.java:updateContainerState(145)) - Container #1 is in OPEN state, but the datanode 1e09a021-a6d7-4a53-819d-98ce6b091a77{ip: 192.168.34.41, host: pr-hdds-2311-njw4j-1908075285, networkLocation: /default-rack, certSerialId: null} reports an CLOSED replica.
2019-10-25 21:28:46,299 [EventQueue-ContainerReportForContainerReportHandler] WARN  container.ContainerReportHandler (AbstractContainerReportHandler.java:updateContainerState(145)) - Container #1 is in OPEN state, but the datanode b43dc2d2-5265-4a31-922b-3f50c0227a2c{ip: 192.168.34.41, host: pr-hdds-2311-njw4j-1908075285, networkLocation: /default-rack, certSerialId: null} reports an CLOSED replica.
2019-10-25 21:28:46,541 [EventQueue-ContainerReportForContainerReportHandler] WARN  container.ContainerReportHandler (AbstractContainerReportHandler.java:updateContainerState(145)) - Container #1 is in OPEN state, but the datanode 1e09a021-a6d7-4a53-819d-98ce6b091a77{ip: 192.168.34.41, host: pr-hdds-2311-njw4j-1908075285, networkLocation: /default-rack, certSerialId: null} reports an CLOSED replica.
2019-10-25 21:28:46,599 [EventQueue-ContainerReportForContainerReportHandler] WARN  container.ContainerReportHandler (AbstractContainerReportHandler.java:updateContainerState(145)) - Container #1 is in OPEN state, but the datanode b43dc2d2-5265-4a31-922b-3f50c0227a2c{ip: 192.168.34.41, host: pr-hdds-2311-njw4j-1908075285, networkLocation: /default-rack, certSerialId: null} reports an CLOSED replica.
2019-10-25 21:28:46,612 [BlockDeletingService#2] WARN  background.BlockDeletingService (BlockDeletingService.java:isDeletionAllowed(187)) - Close Container log Index 6 is not replicated across allthe servers in the pipeline 69397456-ee7f-4bbb-8423-b007a63a5cca as the min replicated index is 4. Deletion is not allowed in this container yet.
2019-10-25 21:28:46,612 [BlockDeletingService#2] WARN  background.BlockDeletingService (BlockDeletingService.java:isDeletionAllowed(187)) - Close Container log Index 6 is not replicated across allthe servers in the pipeline 69397456-ee7f-4bbb-8423-b007a63a5cca as the min replicated index is 4. Deletion is not allowed in this container yet.
2019-10-25 21:28:46,842 [EventQueue-ContainerReportForContainerReportHandler] WARN  container.ContainerReportHandler (AbstractContainerReportHandler.java:updateContainerState(145)) - Container #1 is in OPEN state, but the datanode 1e09a021-a6d7-4a53-819d-98ce6b091a77{ip: 192.168.34.41, host: pr-hdds-2311-njw4j-1908075285, networkLocation: /default-rack, certSerialId: null} reports an CLOSED replica.
2019-10-25 21:28:46,899 [EventQueue-ContainerReportForContainerReportHandler] WARN  container.ContainerReportHandler (AbstractContainerReportHandler.java:updateContainerState(145)) - Container #1 is in OPEN state, but the datanode b43dc2d2-5265-4a31-922b-3f50c0227a2c{ip: 192.168.34.41, host: pr-hdds-2311-njw4j-1908075285, networkLocation: /default-rack, certSerialId: null} reports an CLOSED replica.
2019-10-25 21:28:46,966 [java.util.concurrent.ThreadPoolExecutor$Worker@1ea5ced5[State = -1, empty queue]] WARN  server.GrpcLogAppender (GrpcLogAppender.java:timeoutAppendRequest(209)) - 1e09a021-a6d7-4a53-819d-98ce6b091a77@group-B007A63A5CCA->fe8e0c84-158f-427e-8307-4b533a2376d4-GrpcLogAppender: appendEntries Timeout, request=1e09a021-a6d7-4a53-819d-98ce6b091a77->fe8e0c84-158f-427e-8307-4b533a2376d4#48-t2, previous=(t:2, i:10), leaderCommit=10, initializing? false, entries: <empty>
2019-10-25 21:28:47,142 [EventQueue-ContainerReportForContainerReportHandler] WARN  container.ContainerReportHandler (AbstractContainerReportHandler.java:updateContainerState(145)) - Container #1 is in OPEN state, but the datanode 1e09a021-a6d7-4a53-819d-98ce6b091a77{ip: 192.168.34.41, host: pr-hdds-2311-njw4j-1908075285, networkLocation: /default-rack, certSerialId: null} reports an CLOSED replica.
2019-10-25 21:28:47,199 [EventQueue-ContainerReportForContainerReportHandler] WARN  container.ContainerReportHandler (AbstractContainerReportHandler.java:updateContainerState(145)) - Container #1 is in OPEN state, but the datanode b43dc2d2-5265-4a31-922b-3f50c0227a2c{ip: 192.168.34.41, host: pr-hdds-2311-njw4j-1908075285, networkLocation: /default-rack, certSerialId: null} reports an CLOSED replica.
2019-10-25 21:28:47,341 [EventQueue-ContainerReportForContainerReportHandler] WARN  container.ContainerReportHandler (AbstractContainerReportHandler.java:updateContainerState(145)) - Container #1 is in OPEN state, but the datanode 1e09a021-a6d7-4a53-819d-98ce6b091a77{ip: 192.168.34.41, host: pr-hdds-2311-njw4j-1908075285, networkLocation: /default-rack, certSerialId: null} reports an CLOSED replica.
2019-10-25 21:28:47,499 [EventQueue-ContainerReportForContainerReportHandler] WARN  container.ContainerReportHandler (AbstractContainerReportHandler.java:updateContainerState(145)) - Container #1 is in OPEN state, but the datanode b43dc2d2-5265-4a31-922b-3f50c0227a2c{ip: 192.168.34.41, host: pr-hdds-2311-njw4j-1908075285, networkLocation: /default-rack, certSerialId: null} reports an CLOSED replica.
2019-10-25 21:28:47,616 [BlockDeletingService#2] WARN  background.BlockDeletingService (BlockDeletingService.java:isDeletionAllowed(187)) - Close Container log Index 6 is not replicated across allthe servers in the pipeline 69397456-ee7f-4bbb-8423-b007a63a5cca as the min replicated index is 4. Deletion is not allowed in this container yet.
2019-10-25 21:28:47,616 [BlockDeletingService#2] WARN  background.BlockDeletingService (BlockDeletingService.java:isDeletionAllowed(187)) - Close Container log Index 6 is not replicated across allthe servers in the pipeline 69397456-ee7f-4bbb-8423-b007a63a5cca as the min replicated index is 4. Deletion is not allowed in this container yet.
2019-10-25 21:28:47,642 [EventQueue-ContainerReportForContainerReportHandler] WARN  container.ContainerReportHandler (AbstractContainerReportHandler.java:updateContainerState(145)) - Container #1 is in OPEN state, but the datanode 1e09a021-a6d7-4a53-819d-98ce6b091a77{ip: 192.168.34.41, host: pr-hdds-2311-njw4j-1908075285, networkLocation: /default-rack, certSerialId: null} reports an CLOSED replica.
2019-10-25 21:28:47,802 [EventQueue-ContainerReportForContainerReportHandler] WARN  container.ContainerReportHandler (AbstractContainerReportHandler.java:updateContainerState(145)) - Container #1 is in OPEN state, but the datanode b43dc2d2-5265-4a31-922b-3f50c0227a2c{ip: 192.168.34.41, host: pr-hdds-2311-njw4j-1908075285, networkLocation: /default-rack, certSerialId: null} reports an CLOSED replica.
2019-10-25 21:28:47,942 [EventQueue-ContainerReportForContainerReportHandler] WARN  container.ContainerReportHandler (AbstractContainerReportHandler.java:updateContainerState(145)) - Container #1 is in OPEN state, but the datanode 1e09a021-a6d7-4a53-819d-98ce6b091a77{ip: 192.168.34.41, host: pr-hdds-2311-njw4j-1908075285, networkLocation: /default-rack, certSerialId: null} reports an CLOSED replica.
2019-10-25 21:28:48,102 [EventQueue-ContainerReportForContainerReportHandler] WARN  container.ContainerReportHandler (AbstractContainerReportHandler.java:updateContainerState(145)) - Container #1 is in OPEN state, but the datanode b43dc2d2-5265-4a31-922b-3f50c0227a2c{ip: 192.168.34.41, host: pr-hdds-2311-njw4j-1908075285, networkLocation: /default-rack, certSerialId: null} reports an CLOSED replica.
2019-10-25 21:28:48,244 [EventQueue-ContainerReportForContainerReportHandler] WARN  container.ContainerReportHandler (AbstractContainerReportHandler.java:updateContainerState(145)) - Container #1 is in OPEN state, but the datanode 1e09a021-a6d7-4a53-819d-98ce6b091a77{ip: 192.168.34.41, host: pr-hdds-2311-njw4j-1908075285, networkLocation: /default-rack, certSerialId: null} reports an CLOSED replica.
2019-10-25 21:28:48,502 [EventQueue-ContainerReportForContainerReportHandler] WARN  container.ContainerReportHandler (AbstractContainerReportHandler.java:updateContainerState(145)) - Container #1 is in OPEN state, but the datanode b43dc2d2-5265-4a31-922b-3f50c0227a2c{ip: 192.168.34.41, host: pr-hdds-2311-njw4j-1908075285, networkLocation: /default-rack, certSerialId: null} reports an CLOSED replica.
2019-10-25 21:28:48,546 [EventQueue-ContainerReportForContainerReportHandler] WARN  container.ContainerReportHandler (AbstractContainerReportHandler.java:updateContainerState(145)) - Container #1 is in OPEN state, but the datanode 1e09a021-a6d7-4a53-819d-98ce6b091a77{ip: 192.168.34.41, host: pr-hdds-2311-njw4j-1908075285, networkLocation: /default-rack, certSerialId: null} reports an CLOSED replica.
2019-10-25 21:28:48,618 [BlockDeletingService#2] WARN  background.BlockDeletingService (BlockDeletingService.java:isDeletionAllowed(187)) - Close Container log Index 6 is not replicated across allthe servers in the pipeline 69397456-ee7f-4bbb-8423-b007a63a5cca as the min replicated index is 4. Deletion is not allowed in this container yet.
2019-10-25 21:28:48,618 [BlockDeletingService#2] WARN  background.BlockDeletingService (BlockDeletingService.java:isDeletionAllowed(187)) - Close Container log Index 6 is not replicated across allthe servers in the pipeline 69397456-ee7f-4bbb-8423-b007a63a5cca as the min replicated index is 4. Deletion is not allowed in this container yet.
2019-10-25 21:28:48,746 [EventQueue-ContainerReportForContainerReportHandler] WARN  container.ContainerReportHandler (AbstractContainerReportHandler.java:updateContainerState(145)) - Container #1 is in OPEN state, but the datanode 1e09a021-a6d7-4a53-819d-98ce6b091a77{ip: 192.168.34.41, host: pr-hdds-2311-njw4j-1908075285, networkLocation: /default-rack, certSerialId: null} reports an CLOSED replica.
2019-10-25 21:28:48,902 [EventQueue-ContainerReportForContainerReportHandler] WARN  container.ContainerReportHandler (AbstractContainerReportHandler.java:updateContainerState(145)) - Container #1 is in OPEN state, but the datanode b43dc2d2-5265-4a31-922b-3f50c0227a2c{ip: 192.168.34.41, host: pr-hdds-2311-njw4j-1908075285, networkLocation: /default-rack, certSerialId: null} reports an CLOSED replica.
2019-10-25 21:28:49,046 [EventQueue-ContainerReportForContainerReportHandler] WARN  container.ContainerReportHandler (AbstractContainerReportHandler.java:updateContainerState(145)) - Container #1 is in OPEN state, but the datanode 1e09a021-a6d7-4a53-819d-98ce6b091a77{ip: 192.168.34.41, host: pr-hdds-2311-njw4j-1908075285, networkLocation: /default-rack, certSerialId: null} reports an CLOSED replica.
2019-10-25 21:28:49,103 [EventQueue-ContainerReportForContainerReportHandler] WARN  container.ContainerReportHandler (AbstractContainerReportHandler.java:updateContainerState(145)) - Container #1 is in OPEN state, but the datanode b43dc2d2-5265-4a31-922b-3f50c0227a2c{ip: 192.168.34.41, host: pr-hdds-2311-njw4j-1908075285, networkLocation: /default-rack, certSerialId: null} reports an CLOSED replica.
2019-10-25 21:28:49,346 [EventQueue-ContainerReportForContainerReportHandler] WARN  container.ContainerReportHandler (AbstractContainerReportHandler.java:updateContainerState(145)) - Container #1 is in OPEN state, but the datanode 1e09a021-a6d7-4a53-819d-98ce6b091a77{ip: 192.168.34.41, host: pr-hdds-2311-njw4j-1908075285, networkLocation: /default-rack, certSerialId: null} reports an CLOSED replica.
2019-10-25 21:28:49,404 [EventQueue-ContainerReportForContainerReportHandler] WARN  container.ContainerReportHandler (AbstractContainerReportHandler.java:updateContainerState(145)) - Container #1 is in OPEN state, but the datanode b43dc2d2-5265-4a31-922b-3f50c0227a2c{ip: 192.168.34.41, host: pr-hdds-2311-njw4j-1908075285, networkLocation: /default-rack, certSerialId: null} reports an CLOSED replica.
2019-10-25 21:28:49,467 [java.util.concurrent.ThreadPoolExecutor$Worker@1ea5ced5[State = -1, empty queue]] WARN  server.GrpcLogAppender (GrpcLogAppender.java:timeoutAppendRequest(209)) - 1e09a021-a6d7-4a53-819d-98ce6b091a77@group-B007A63A5CCA->fe8e0c84-158f-427e-8307-4b533a2376d4-GrpcLogAppender: appendEntries Timeout, request=1e09a021-a6d7-4a53-819d-98ce6b091a77->fe8e0c84-158f-427e-8307-4b533a2376d4#49-t2, previous=(t:2, i:10), leaderCommit=10, initializing? false, entries: <empty>
2019-10-25 21:28:49,545 [EventQueue-ContainerReportForContainerReportHandler] WARN  container.ContainerReportHandler (AbstractContainerReportHandler.java:updateContainerState(145)) - Container #1 is in OPEN state, but the datanode 1e09a021-a6d7-4a53-819d-98ce6b091a77{ip: 192.168.34.41, host: pr-hdds-2311-njw4j-1908075285, networkLocation: /default-rack, certSerialId: null} reports an CLOSED replica.
2019-10-25 21:28:49,620 [BlockDeletingService#2] WARN  background.BlockDeletingService (BlockDeletingService.java:isDeletionAllowed(187)) - Close Container log Index 6 is not replicated across allthe servers in the pipeline 69397456-ee7f-4bbb-8423-b007a63a5cca as the min replicated index is 4. Deletion is not allowed in this container yet.
2019-10-25 21:28:49,620 [BlockDeletingService#2] WARN  background.BlockDeletingService (BlockDeletingService.java:isDeletionAllowed(187)) - Close Container log Index 6 is not replicated across allthe servers in the pipeline 69397456-ee7f-4bbb-8423-b007a63a5cca as the min replicated index is 4. Deletion is not allowed in this container yet.
2019-10-25 21:28:49,808 [EventQueue-ContainerReportForContainerReportHandler] WARN  container.ContainerReportHandler (AbstractContainerReportHandler.java:updateContainerState(145)) - Container #1 is in OPEN state, but the datanode b43dc2d2-5265-4a31-922b-3f50c0227a2c{ip: 192.168.34.41, host: pr-hdds-2311-njw4j-1908075285, networkLocation: /default-rack, certSerialId: null} reports an CLOSED replica.
2019-10-25 21:28:49,945 [EventQueue-ContainerReportForContainerReportHandler] WARN  container.ContainerReportHandler (AbstractContainerReportHandler.java:updateContainerState(145)) - Container #1 is in OPEN state, but the datanode 1e09a021-a6d7-4a53-819d-98ce6b091a77{ip: 192.168.34.41, host: pr-hdds-2311-njw4j-1908075285, networkLocation: /default-rack, certSerialId: null} reports an CLOSED replica.
2019-10-25 21:28:50,209 [EventQueue-ContainerReportForContainerReportHandler] WARN  container.ContainerReportHandler (AbstractContainerReportHandler.java:updateContainerState(145)) - Container #1 is in OPEN state, but the datanode b43dc2d2-5265-4a31-922b-3f50c0227a2c{ip: 192.168.34.41, host: pr-hdds-2311-njw4j-1908075285, networkLocation: /default-rack, certSerialId: null} reports an CLOSED replica.
2019-10-25 21:28:50,245 [EventQueue-ContainerReportForContainerReportHandler] WARN  container.ContainerReportHandler (AbstractContainerReportHandler.java:updateContainerState(145)) - Container #1 is in OPEN state, but the datanode 1e09a021-a6d7-4a53-819d-98ce6b091a77{ip: 192.168.34.41, host: pr-hdds-2311-njw4j-1908075285, networkLocation: /default-rack, certSerialId: null} reports an CLOSED replica.
2019-10-25 21:28:50,409 [EventQueue-ContainerReportForContainerReportHandler] WARN  container.ContainerReportHandler (AbstractContainerReportHandler.java:updateContainerState(145)) - Container #1 is in OPEN state, but the datanode b43dc2d2-5265-4a31-922b-3f50c0227a2c{ip: 192.168.34.41, host: pr-hdds-2311-njw4j-1908075285, networkLocation: /default-rack, certSerialId: null} reports an CLOSED replica.
2019-10-25 21:28:50,545 [EventQueue-ContainerReportForContainerReportHandler] WARN  container.ContainerReportHandler (AbstractContainerReportHandler.java:updateContainerState(145)) - Container #1 is in OPEN state, but the datanode 1e09a021-a6d7-4a53-819d-98ce6b091a77{ip: 192.168.34.41, host: pr-hdds-2311-njw4j-1908075285, networkLocation: /default-rack, certSerialId: null} reports an CLOSED replica.
2019-10-25 21:28:50,622 [BlockDeletingService#2] WARN  background.BlockDeletingService (BlockDeletingService.java:isDeletionAllowed(187)) - Close Container log Index 6 is not replicated across allthe servers in the pipeline 69397456-ee7f-4bbb-8423-b007a63a5cca as the min replicated index is 4. Deletion is not allowed in this container yet.
2019-10-25 21:28:50,622 [BlockDeletingService#2] WARN  background.BlockDeletingService (BlockDeletingService.java:isDeletionAllowed(187)) - Close Container log Index 6 is not replicated across allthe servers in the pipeline 69397456-ee7f-4bbb-8423-b007a63a5cca as the min replicated index is 4. Deletion is not allowed in this container yet.
2019-10-25 21:28:50,710 [EventQueue-ContainerReportForContainerReportHandler] WARN  container.ContainerReportHandler (AbstractContainerReportHandler.java:updateContainerState(145)) - Container #1 is in OPEN state, but the datanode b43dc2d2-5265-4a31-922b-3f50c0227a2c{ip: 192.168.34.41, host: pr-hdds-2311-njw4j-1908075285, networkLocation: /default-rack, certSerialId: null} reports an CLOSED replica.
2019-10-25 21:28:50,845 [EventQueue-ContainerReportForContainerReportHandler] WARN  container.ContainerReportHandler (AbstractContainerReportHandler.java:updateContainerState(145)) - Container #1 is in OPEN state, but the datanode 1e09a021-a6d7-4a53-819d-98ce6b091a77{ip: 192.168.34.41, host: pr-hdds-2311-njw4j-1908075285, networkLocation: /default-rack, certSerialId: null} reports an CLOSED replica.
2019-10-25 21:28:51,012 [EventQueue-ContainerReportForContainerReportHandler] WARN  container.ContainerReportHandler (AbstractContainerReportHandler.java:updateContainerState(145)) - Container #1 is in OPEN state, but the datanode b43dc2d2-5265-4a31-922b-3f50c0227a2c{ip: 192.168.34.41, host: pr-hdds-2311-njw4j-1908075285, networkLocation: /default-rack, certSerialId: null} reports an CLOSED replica.
2019-10-25 21:28:51,157 [EventQueue-StaleNodeForStaleNodeHandler] INFO  node.StaleNodeHandler (StaleNodeHandler.java:onMessage(58)) - Datanode fe8e0c84-158f-427e-8307-4b533a2376d4{ip: 192.168.34.41, host: pr-hdds-2311-njw4j-1908075285, networkLocation: /default-rack, certSerialId: null} moved to stale state. Finalizing its pipelines [PipelineID=de2e5f83-4b68-4e85-adcf-889ef0dfbaaa, PipelineID=69397456-ee7f-4bbb-8423-b007a63a5cca]
2019-10-25 21:28:51,158 [EventQueue-StaleNodeForStaleNodeHandler] INFO  pipeline.SCMPipelineManager (SCMPipelineManager.java:finalizeAndDestroyPipeline(315)) - destroying pipeline:Pipeline[ Id: de2e5f83-4b68-4e85-adcf-889ef0dfbaaa, Nodes: fe8e0c84-158f-427e-8307-4b533a2376d4{ip: 192.168.34.41, host: pr-hdds-2311-njw4j-1908075285, networkLocation: /default-rack, certSerialId: null}, Type:RATIS, Factor:ONE, State:OPEN]
2019-10-25 21:28:51,161 [EventQueue-StaleNodeForStaleNodeHandler] INFO  pipeline.PipelineStateManager (PipelineStateManager.java:finalizePipeline(123)) - Pipeline Pipeline[ Id: de2e5f83-4b68-4e85-adcf-889ef0dfbaaa, Nodes: fe8e0c84-158f-427e-8307-4b533a2376d4{ip: 192.168.34.41, host: pr-hdds-2311-njw4j-1908075285, networkLocation: /default-rack, certSerialId: null}, Type:RATIS, Factor:ONE, State:CLOSED] moved to CLOSED state
2019-10-25 21:28:51,163 [EventQueue-StaleNodeForStaleNodeHandler] INFO  pipeline.SCMPipelineManager (SCMPipelineManager.java:finalizeAndDestroyPipeline(315)) - destroying pipeline:Pipeline[ Id: 69397456-ee7f-4bbb-8423-b007a63a5cca, Nodes: 1e09a021-a6d7-4a53-819d-98ce6b091a77{ip: 192.168.34.41, host: pr-hdds-2311-njw4j-1908075285, networkLocation: /default-rack, certSerialId: null}fe8e0c84-158f-427e-8307-4b533a2376d4{ip: 192.168.34.41, host: pr-hdds-2311-njw4j-1908075285, networkLocation: /default-rack, certSerialId: null}b43dc2d2-5265-4a31-922b-3f50c0227a2c{ip: 192.168.34.41, host: pr-hdds-2311-njw4j-1908075285, networkLocation: /default-rack, certSerialId: null}, Type:RATIS, Factor:THREE, State:OPEN]
2019-10-25 21:28:51,163 [EventQueue-StaleNodeForStaleNodeHandler] INFO  pipeline.PipelineStateManager (PipelineStateManager.java:finalizePipeline(123)) - Pipeline Pipeline[ Id: 69397456-ee7f-4bbb-8423-b007a63a5cca, Nodes: 1e09a021-a6d7-4a53-819d-98ce6b091a77{ip: 192.168.34.41, host: pr-hdds-2311-njw4j-1908075285, networkLocation: /default-rack, certSerialId: null}fe8e0c84-158f-427e-8307-4b533a2376d4{ip: 192.168.34.41, host: pr-hdds-2311-njw4j-1908075285, networkLocation: /default-rack, certSerialId: null}b43dc2d2-5265-4a31-922b-3f50c0227a2c{ip: 192.168.34.41, host: pr-hdds-2311-njw4j-1908075285, networkLocation: /default-rack, certSerialId: null}, Type:RATIS, Factor:THREE, State:CLOSED] moved to CLOSED state
2019-10-25 21:28:51,164 [EventQueue-CloseContainerForCloseContainerEventHandler] INFO  container.CloseContainerEventHandler (CloseContainerEventHandler.java:onMessage(61)) - Close container Event triggered for container : #1
2019-10-25 21:28:51,246 [EventQueue-ContainerReportForContainerReportHandler] INFO  container.ContainerReportHandler (AbstractContainerReportHandler.java:updateContainerState(178)) - Moving container #1 to CLOSED state, datanode 1e09a021-a6d7-4a53-819d-98ce6b091a77{ip: 192.168.34.41, host: pr-hdds-2311-njw4j-1908075285, networkLocation: /default-rack, certSerialId: null} reported CLOSED replica.
2019-10-25 21:28:51,281 [SCMBlockDeletingService#1] INFO  block.SCMBlockDeletingService (SCMBlockDeletingService.java:call(184)) - Totally added 3 delete blocks command for 3 datanodes, task elapsed time: 7ms
2019-10-25 21:28:51,413 [EventQueue-PendingDeleteStatusForPendingDeleteHandler] INFO  block.SCMBlockDeletingService (SCMBlockDeletingService.java:handlePendingDeletes(115)) - Block deletion txnID mismatch in datanode b43dc2d2-5265-4a31-922b-3f50c0227a2c for containerID 1. Datanode delete txnID: 0, SCM txnID: 1
2019-10-25 21:28:51,546 [EventQueue-PendingDeleteStatusForPendingDeleteHandler] INFO  block.SCMBlockDeletingService (SCMBlockDeletingService.java:handlePendingDeletes(115)) - Block deletion txnID mismatch in datanode 1e09a021-a6d7-4a53-819d-98ce6b091a77 for containerID 1. Datanode delete txnID: 0, SCM txnID: 1
2019-10-25 21:28:51,611 [EventQueue-PendingDeleteStatusForPendingDeleteHandler] INFO  block.SCMBlockDeletingService (SCMBlockDeletingService.java:handlePendingDeletes(115)) - Block deletion txnID mismatch in datanode b43dc2d2-5265-4a31-922b-3f50c0227a2c for containerID 1. Datanode delete txnID: 0, SCM txnID: 1
2019-10-25 21:28:51,624 [BlockDeletingService#2] WARN  background.BlockDeletingService (BlockDeletingService.java:isDeletionAllowed(187)) - Close Container log Index 6 is not replicated across allthe servers in the pipeline 69397456-ee7f-4bbb-8423-b007a63a5cca as the min replicated index is 4. Deletion is not allowed in this container yet.
2019-10-25 21:28:51,624 [BlockDeletingService#2] WARN  background.BlockDeletingService (BlockDeletingService.java:isDeletionAllowed(187)) - Close Container log Index 6 is not replicated across allthe servers in the pipeline 69397456-ee7f-4bbb-8423-b007a63a5cca as the min replicated index is 4. Deletion is not allowed in this container yet.
2019-10-25 21:28:51,744 [Thread-525] INFO  client.GrpcClientProtocolService (GrpcClientProtocolService.java:lambda$processClientRequest$0(278)) - Failed RaftClientRequest:client-6DCA51C798D1->b43dc2d2-5265-4a31-922b-3f50c0227a2c@group-B007A63A5CCA, cid=10, seq=0, Watch-ALL_COMMITTED(6), Message:<EMPTY>, reply=RaftClientReply:client-6DCA51C798D1->b43dc2d2-5265-4a31-922b-3f50c0227a2c@group-B007A63A5CCA, cid=10, FAILED org.apache.ratis.protocol.NotLeaderException: Server b43dc2d2-5265-4a31-922b-3f50c0227a2c@group-B007A63A5CCA is not the leader 1e09a021-a6d7-4a53-819d-98ce6b091a77:192.168.34.41:46402, logIndex=0, commits[b43dc2d2-5265-4a31-922b-3f50c0227a2c:c10, 1e09a021-a6d7-4a53-819d-98ce6b091a77:c10, fe8e0c84-158f-427e-8307-4b533a2376d4:c4]
2019-10-25 21:28:51,748 [EventQueue-PendingDeleteStatusForPendingDeleteHandler] INFO  block.SCMBlockDeletingService (SCMBlockDeletingService.java:handlePendingDeletes(115)) - Block deletion txnID mismatch in datanode 1e09a021-a6d7-4a53-819d-98ce6b091a77 for containerID 1. Datanode delete txnID: 0, SCM txnID: 1
2019-10-25 21:28:51,812 [EventQueue-PendingDeleteStatusForPendingDeleteHandler] INFO  block.SCMBlockDeletingService (SCMBlockDeletingService.java:handlePendingDeletes(115)) - Block deletion txnID mismatch in datanode b43dc2d2-5265-4a31-922b-3f50c0227a2c for containerID 1. Datanode delete txnID: 0, SCM txnID: 1
2019-10-25 21:28:51,967 [java.util.concurrent.ThreadPoolExecutor$Worker@1ea5ced5[State = -1, empty queue]] WARN  server.GrpcLogAppender (GrpcLogAppender.java:timeoutAppendRequest(209)) - 1e09a021-a6d7-4a53-819d-98ce6b091a77@group-B007A63A5CCA->fe8e0c84-158f-427e-8307-4b533a2376d4-GrpcLogAppender: appendEntries Timeout, request=1e09a021-a6d7-4a53-819d-98ce6b091a77->fe8e0c84-158f-427e-8307-4b533a2376d4#50-t2, previous=(t:2, i:10), leaderCommit=10, initializing? false, entries: <empty>
2019-10-25 21:28:52,047 [EventQueue-PendingDeleteStatusForPendingDeleteHandler] INFO  block.SCMBlockDeletingService (SCMBlockDeletingService.java:handlePendingDeletes(115)) - Block deletion txnID mismatch in datanode 1e09a021-a6d7-4a53-819d-98ce6b091a77 for containerID 1. Datanode delete txnID: 0, SCM txnID: 1
2019-10-25 21:28:52,048 [Command processor thread] INFO  commandhandler.DeleteBlocksCommandHandler (DeleteBlocksCommandHandler.java:handle(106)) - Start to delete container blocks, TXIDs=[1(0)], numOfContainers=1, numOfBlocks=1
2019-10-25 21:28:52,111 [EventQueue-PendingDeleteStatusForPendingDeleteHandler] INFO  block.SCMBlockDeletingService (SCMBlockDeletingService.java:handlePendingDeletes(115)) - Block deletion txnID mismatch in datanode b43dc2d2-5265-4a31-922b-3f50c0227a2c for containerID 1. Datanode delete txnID: 0, SCM txnID: 1
2019-10-25 21:28:52,282 [SCMBlockDeletingService#1] INFO  block.SCMBlockDeletingService (SCMBlockDeletingService.java:call(184)) - Totally added 2 delete blocks command for 2 datanodes, task elapsed time: 0ms
2019-10-25 21:28:52,284 [pool-7-thread-1] INFO  commands.RetriableDatanodeEventWatcher (RetriableDatanodeEventWatcher.java:onTimeout(47)) - RetriableDatanodeCommand type=deleteBlocksCommand with id=1572038931281 timed out. Retrying.
2019-10-25 21:28:52,284 [pool-7-thread-2] INFO  commands.RetriableDatanodeEventWatcher (RetriableDatanodeEventWatcher.java:onTimeout(47)) - RetriableDatanodeCommand type=deleteBlocksCommand with id=1572038931282 timed out. Retrying.
2019-10-25 21:28:52,310 [Command processor thread] INFO  commandhandler.DeleteBlocksCommandHandler (DeleteBlocksCommandHandler.java:handle(106)) - Start to delete container blocks, TXIDs=[1(0)], numOfContainers=1, numOfBlocks=1
2019-10-25 21:28:52,519 [main] INFO  impl.MetricsSystemImpl (MetricsSystemImpl.java:init(158)) - HddsDatanode metrics system started (again)
2019-10-25 21:28:52,570 [main] INFO  ozone.HddsDatanodeService (HddsDatanodeService.java:start(184)) - HddsDatanodeService host:pr-hdds-2311-njw4j-1908075285 ip:192.168.34.41
2019-10-25 21:28:52,575 [main] INFO  volume.VolumeUsage (VolumeUsage.java:loadScmUsed(144)) - Cached ScmUsed found for /workdir/hadoop-ozone/integration-test/target/test-dir/MiniOzoneClusterImpl-92884b77-011c-4f6d-b986-a415730dccc4/datanode-2/data/containers : 4096 
2019-10-25 21:28:52,575 [main] INFO  volume.HddsVolume (HddsVolume.java:<init>(176)) - Creating Volume: /workdir/hadoop-ozone/integration-test/target/test-dir/MiniOzoneClusterImpl-92884b77-011c-4f6d-b986-a415730dccc4/datanode-2/data/containers/hdds of  storage type : DISK and capacity : 1482555576320
2019-10-25 21:28:52,576 [main] INFO  volume.VolumeSet (VolumeSet.java:initializeVolumeSet(170)) - Added Volume : /workdir/hadoop-ozone/integration-test/target/test-dir/MiniOzoneClusterImpl-92884b77-011c-4f6d-b986-a415730dccc4/datanode-2/data/containers/hdds to VolumeSet
2019-10-25 21:28:52,576 [main] INFO  volume.ThrottledAsyncChecker (ThrottledAsyncChecker.java:schedule(141)) - Scheduling a check for /workdir/hadoop-ozone/integration-test/target/test-dir/MiniOzoneClusterImpl-92884b77-011c-4f6d-b986-a415730dccc4/datanode-2/data/containers/hdds
2019-10-25 21:28:52,577 [main] INFO  volume.HddsVolumeChecker (HddsVolumeChecker.java:checkAllVolumes(204)) - Scheduled health check for volume /workdir/hadoop-ozone/integration-test/target/test-dir/MiniOzoneClusterImpl-92884b77-011c-4f6d-b986-a415730dccc4/datanode-2/data/containers/hdds
2019-10-25 21:28:52,623 [main] INFO  impl.RaftServerProxy (ConfUtils.java:logGet(43)) - raft.rpc.type = GRPC (default)
2019-10-25 21:28:52,624 [main] INFO  grpc.GrpcFactory (GrpcFactory.java:checkPooledByteBufAllocatorUseCacheForAllThreads(45)) - PERFORMANCE WARNING: useCacheForAllThreads is true that may cause Netty to create a lot garbage objects and, as a result, trigger GC.
	It is recommended to disable useCacheForAllThreads by setting -Dorg.apache.ratis.thirdparty.io.netty.allocator.useCacheForAllThreads=false in command line.
2019-10-25 21:28:52,624 [main] INFO  grpc.GrpcConfigKeys$Server (ConfUtils.java:logGet(43)) - raft.grpc.server.port = 37955 (custom)
2019-10-25 21:28:52,624 [main] INFO  server.GrpcService (ConfUtils.java:logGet(43)) - raft.grpc.message.size.max = 33570816 (custom)
2019-10-25 21:28:52,625 [main] INFO  server.RaftServerConfigKeys (ConfUtils.java:logGet(43)) - raft.server.log.appender.buffer.byte-limit = 33554432 (custom)
2019-10-25 21:28:52,625 [main] INFO  server.GrpcService (ConfUtils.java:logGet(43)) - raft.grpc.flow.control.window = 1MB (=1048576) (default)
2019-10-25 21:28:52,625 [main] INFO  server.RaftServerConfigKeys (ConfUtils.java:logGet(43)) - raft.server.rpc.request.timeout = 3000ms (default)
2019-10-25 21:28:52,625 [BlockDeletingService#2] WARN  background.BlockDeletingService (BlockDeletingService.java:isDeletionAllowed(187)) - Close Container log Index 6 is not replicated across allthe servers in the pipeline 69397456-ee7f-4bbb-8423-b007a63a5cca as the min replicated index is 4. Deletion is not allowed in this container yet.
2019-10-25 21:28:52,625 [BlockDeletingService#2] WARN  background.BlockDeletingService (BlockDeletingService.java:isDeletionAllowed(187)) - Close Container log Index 6 is not replicated across allthe servers in the pipeline 69397456-ee7f-4bbb-8423-b007a63a5cca as the min replicated index is 4. Deletion is not allowed in this container yet.
2019-10-25 21:28:52,626 [main] INFO  server.RaftServerConfigKeys (ConfUtils.java:logGet(43)) - raft.server.storage.dir = [/workdir/hadoop-ozone/integration-test/target/test-dir/MiniOzoneClusterImpl-92884b77-011c-4f6d-b986-a415730dccc4/datanode-2/data/ratis] (custom)
2019-10-25 21:28:52,626 [main] INFO  impl.RaftServerProxy (RaftServerProxy.java:lambda$null$0(191)) - fe8e0c84-158f-427e-8307-4b533a2376d4: found a subdirectory /workdir/hadoop-ozone/integration-test/target/test-dir/MiniOzoneClusterImpl-92884b77-011c-4f6d-b986-a415730dccc4/datanode-2/data/ratis/69397456-ee7f-4bbb-8423-b007a63a5cca
2019-10-25 21:28:52,628 [main] INFO  impl.RaftServerProxy (RaftServerProxy.java:addNew(89)) - fe8e0c84-158f-427e-8307-4b533a2376d4: addNew group-B007A63A5CCA:[] returns group-B007A63A5CCA:java.util.concurrent.CompletableFuture@2b5c4f17[Not completed]
2019-10-25 21:28:52,628 [main] INFO  impl.RaftServerProxy (RaftServerProxy.java:lambda$null$0(191)) - fe8e0c84-158f-427e-8307-4b533a2376d4: found a subdirectory /workdir/hadoop-ozone/integration-test/target/test-dir/MiniOzoneClusterImpl-92884b77-011c-4f6d-b986-a415730dccc4/datanode-2/data/ratis/de2e5f83-4b68-4e85-adcf-889ef0dfbaaa
2019-10-25 21:28:52,628 [main] INFO  impl.RaftServerProxy (RaftServerProxy.java:addNew(89)) - fe8e0c84-158f-427e-8307-4b533a2376d4: addNew group-889EF0DFBAAA:[] returns group-889EF0DFBAAA:java.util.concurrent.CompletableFuture@6ca8fcf3[Not completed]
2019-10-25 21:28:52,631 [pool-59-thread-1] INFO  impl.RaftServerImpl (RaftServerImpl.java:<init>(104)) - fe8e0c84-158f-427e-8307-4b533a2376d4: new RaftServerImpl for group-B007A63A5CCA:[] with ContainerStateMachine:uninitialized
2019-10-25 21:28:52,632 [pool-59-thread-1] INFO  server.RaftServerConfigKeys (ConfUtils.java:logGet(43)) - raft.server.rpc.timeout.min = 5s (custom)
2019-10-25 21:28:52,633 [pool-59-thread-1] INFO  server.RaftServerConfigKeys (ConfUtils.java:logGet(43)) - raft.server.rpc.timeout.max = 5200ms (custom)
2019-10-25 21:28:52,633 [pool-59-thread-1] INFO  server.RaftServerConfigKeys (ConfUtils.java:logGet(43)) - raft.server.rpcslowness.timeout = 1000s (custom)
2019-10-25 21:28:52,633 [pool-59-thread-1] INFO  server.RaftServerConfigKeys (ConfUtils.java:logGet(43)) - raft.server.sleep.deviation.threshold = 300 (default)
2019-10-25 21:28:52,633 [pool-59-thread-1] INFO  server.RaftServerConfigKeys (ConfUtils.java:logGet(43)) - raft.server.log.appender.install.snapshot.enabled = false (custom)
2019-10-25 21:28:52,633 [pool-59-thread-1] INFO  impl.RaftServerImpl (ServerState.java:<init>(103)) - fe8e0c84-158f-427e-8307-4b533a2376d4@group-B007A63A5CCA: ConfigurationManager, init=-1: [], old=null, confs=<EMPTY_MAP>
2019-10-25 21:28:52,633 [pool-59-thread-1] INFO  server.RaftServerConfigKeys (ConfUtils.java:logGet(43)) - raft.server.storage.dir = [/workdir/hadoop-ozone/integration-test/target/test-dir/MiniOzoneClusterImpl-92884b77-011c-4f6d-b986-a415730dccc4/datanode-2/data/ratis] (custom)
2019-10-25 21:28:52,634 [pool-59-thread-1] INFO  server.RaftServerConfigKeys (ConfUtils.java:logGet(43)) - raft.server.log.corruption.policy = EXCEPTION (default)
2019-10-25 21:28:52,634 [main] INFO  hdfs.DFSUtil (DFSUtil.java:httpServerTemplateForNNAndJN(1641)) - Starting Web-server for hddsDatanode at: http://0.0.0.0:33404
2019-10-25 21:28:52,638 [main] INFO  server.AuthenticationFilter (AuthenticationFilter.java:constructSecretProvider(240)) - Unable to initialize FileSignerSecretProvider, falling back to use random secrets.
2019-10-25 21:28:52,639 [main] WARN  http.HttpRequestLog (HttpRequestLog.java:getRequestLog(97)) - Jetty request log can only be enabled using Log4j
2019-10-25 21:28:52,641 [main] INFO  http.HttpServer2 (HttpServer2.java:addGlobalFilter(975)) - Added global filter 'safety' (class=org.apache.hadoop.http.HttpServer2$QuotingInputFilter)
2019-10-25 21:28:52,642 [main] INFO  http.HttpServer2 (HttpServer2.java:addFilter(948)) - Added filter static_user_filter (class=org.apache.hadoop.http.lib.StaticUserWebFilter$StaticUserFilter) to context hddsDatanode
2019-10-25 21:28:52,643 [main] INFO  http.HttpServer2 (HttpServer2.java:addFilter(958)) - Added filter static_user_filter (class=org.apache.hadoop.http.lib.StaticUserWebFilter$StaticUserFilter) to context static
2019-10-25 21:28:52,643 [main] INFO  http.HttpServer2 (HttpServer2.java:addFilter(958)) - Added filter static_user_filter (class=org.apache.hadoop.http.lib.StaticUserWebFilter$StaticUserFilter) to context logs
2019-10-25 21:28:52,644 [main] INFO  http.HttpServer2 (HttpServer2.java:bindListener(1191)) - Jetty bound to port 33404
2019-10-25 21:28:52,645 [main] INFO  server.Server (Server.java:doStart(351)) - jetty-9.3.25.v20180904, build timestamp: 2018-09-04T21:11:46Z, git hash: 3ce520221d0240229c862b122d2b06c12a625732
2019-10-25 21:28:52,646 [pool-59-thread-1] INFO  storage.RaftStorageDirectory (RaftStorageDirectory.java:tryLock(328)) - Lock on /workdir/hadoop-ozone/integration-test/target/test-dir/MiniOzoneClusterImpl-92884b77-011c-4f6d-b986-a415730dccc4/datanode-2/data/ratis/69397456-ee7f-4bbb-8423-b007a63a5cca/in_use.lock acquired by nodename 18419@pr-hdds-2311-njw4j-1908075285
2019-10-25 21:28:52,647 [main] INFO  handler.ContextHandler (ContextHandler.java:doStart(781)) - Started o.e.j.s.ServletContextHandler@177c41d7{/logs,file:///workdir/hadoop-ozone/integration-test/target/log,AVAILABLE}
2019-10-25 21:28:52,648 [main] INFO  handler.ContextHandler (ContextHandler.java:doStart(781)) - Started o.e.j.s.ServletContextHandler@1d61a348{/static,jar:file:/home/user/.m2/repository/org/apache/hadoop/hadoop-hdds-container-service/0.5.0-SNAPSHOT/hadoop-hdds-container-service-0.5.0-SNAPSHOT.jar!/webapps/static,AVAILABLE}
2019-10-25 21:28:52,650 [pool-59-thread-1] INFO  ratis.ContainerStateMachine (ContainerStateMachine.java:loadSnapshot(240)) - group-B007A63A5CCA: Setting the last applied index to (t:2, i:3)
2019-10-25 21:28:52,657 [pool-59-thread-1] INFO  impl.RaftServerImpl (ServerState.java:setRaftConf(357)) - fe8e0c84-158f-427e-8307-4b533a2376d4@group-B007A63A5CCA: set configuration 0: [1e09a021-a6d7-4a53-819d-98ce6b091a77:192.168.34.41:46402, b43dc2d2-5265-4a31-922b-3f50c0227a2c:192.168.34.41:35789, fe8e0c84-158f-427e-8307-4b533a2376d4:192.168.34.41:37955], old=null at 0
2019-10-25 21:28:52,657 [pool-59-thread-1] INFO  server.RaftServerConfigKeys (ConfUtils.java:logGet(43)) - raft.server.notification.no-leader.timeout = 1000s (custom)
2019-10-25 21:28:52,658 [pool-59-thread-1] INFO  server.RaftServerConfigKeys (ConfUtils.java:logGet(43)) - raft.server.log.use.memory = false (default)
2019-10-25 21:28:52,658 [pool-59-thread-1] INFO  server.RaftServerConfigKeys (ConfUtils.java:logGet(43)) - raft.server.log.purge.gap = 1000000 (custom)
2019-10-25 21:28:52,658 [pool-59-thread-1] INFO  server.RaftServerConfigKeys (ConfUtils.java:logGet(43)) - raft.server.log.appender.buffer.byte-limit = 33554432 (custom)
2019-10-25 21:28:52,658 [pool-59-thread-1] INFO  server.RaftServerConfigKeys (ConfUtils.java:logGet(43)) - raft.server.log.segment.size.max = 1048576 (custom)
2019-10-25 21:28:52,658 [pool-59-thread-1] INFO  server.RaftServerConfigKeys (ConfUtils.java:logGet(43)) - raft.server.log.segment.cache.num.max = 2 (custom)
2019-10-25 21:28:52,659 [pool-59-thread-1] INFO  segmented.SegmentedRaftLogWorker (SegmentedRaftLogWorker.java:<init>(173)) - new fe8e0c84-158f-427e-8307-4b533a2376d4@group-B007A63A5CCA-SegmentedRaftLogWorker for RaftStorage:Storage Directory /workdir/hadoop-ozone/integration-test/target/test-dir/MiniOzoneClusterImpl-92884b77-011c-4f6d-b986-a415730dccc4/datanode-2/data/ratis/69397456-ee7f-4bbb-8423-b007a63a5cca
2019-10-25 21:28:52,659 [pool-59-thread-1] INFO  server.RaftServerConfigKeys (ConfUtils.java:logGet(43)) - raft.server.log.queue.byte-limit = 2147483647 (custom)
2019-10-25 21:28:52,659 [pool-59-thread-1] INFO  server.RaftServerConfigKeys (ConfUtils.java:logGet(43)) - raft.server.log.queue.element-limit = 1024 (custom)
2019-10-25 21:28:52,659 [pool-59-thread-1] INFO  server.RaftServerConfigKeys (ConfUtils.java:logGet(43)) - raft.server.log.segment.size.max = 1048576 (custom)
2019-10-25 21:28:52,659 [pool-59-thread-1] INFO  server.RaftServerConfigKeys (ConfUtils.java:logGet(43)) - raft.server.log.preallocated.size = 16384 (custom)
2019-10-25 21:28:52,659 [pool-59-thread-1] INFO  server.RaftServerConfigKeys (ConfUtils.java:logGet(43)) - raft.server.log.write.buffer.size = 33554432 (custom)
2019-10-25 21:28:52,660 [pool-59-thread-1] INFO  server.RaftServerConfigKeys (ConfUtils.java:logGet(43)) - raft.server.log.force.sync.num = 128 (default)
2019-10-25 21:28:52,660 [pool-59-thread-1] INFO  server.RaftServerConfigKeys (ConfUtils.java:logGet(43)) - raft.server.log.statemachine.data.sync = true (default)
2019-10-25 21:28:52,660 [pool-59-thread-1] INFO  server.RaftServerConfigKeys (ConfUtils.java:logGet(43)) - raft.server.log.statemachine.data.sync.timeout = 10s (default)
2019-10-25 21:28:52,660 [pool-59-thread-1] INFO  server.RaftServerConfigKeys (ConfUtils.java:logGet(43)) - raft.server.log.statemachine.data.sync.timeout.retry = -1 (default)
2019-10-25 21:28:52,660 [pool-59-thread-1] INFO  server.RaftServerConfigKeys (ConfUtils.java:logGet(43)) - raft.server.log.statemachine.data.caching.enabled = true (custom)
2019-10-25 21:28:52,668 [pool-59-thread-1] INFO  impl.RaftServerImpl (ServerState.java:setRaftConf(357)) - fe8e0c84-158f-427e-8307-4b533a2376d4@group-B007A63A5CCA: set configuration 0: [1e09a021-a6d7-4a53-819d-98ce6b091a77:192.168.34.41:46402, b43dc2d2-5265-4a31-922b-3f50c0227a2c:192.168.34.41:35789, fe8e0c84-158f-427e-8307-4b533a2376d4:192.168.34.41:37955], old=null at 0
2019-10-25 21:28:52,669 [pool-59-thread-1] INFO  segmented.LogSegment (LogSegment.java:loadSegment(140)) - Successfully read 5 entries from segment file /workdir/hadoop-ozone/integration-test/target/test-dir/MiniOzoneClusterImpl-92884b77-011c-4f6d-b986-a415730dccc4/datanode-2/data/ratis/69397456-ee7f-4bbb-8423-b007a63a5cca/current/log_inprogress_0
2019-10-25 21:28:52,669 [pool-59-thread-1] INFO  segmented.SegmentedRaftLogWorker (SegmentedRaftLogWorker.java:lambda$new$0(128)) - fe8e0c84-158f-427e-8307-4b533a2376d4@group-B007A63A5CCA-SegmentedRaftLogWorker: flushIndex: setUnconditionally 0 -> 4
2019-10-25 21:28:52,692 [main] INFO  handler.ContextHandler (ContextHandler.java:doStart(781)) - Started o.e.j.w.WebAppContext@79518e00{/,file:///tmp/jetty-0.0.0.0-33404-hddsDatanode-_-any-2484120407043613032.dir/webapp/,AVAILABLE}{/hddsDatanode}
2019-10-25 21:28:52,693 [main] INFO  server.AbstractConnector (AbstractConnector.java:doStart(278)) - Started ServerConnector@3c91530d{HTTP/1.1,[http/1.1]}{0.0.0.0:33404}
2019-10-25 21:28:52,701 [pool-59-thread-1] INFO  raftlog.RaftLog (RaftLog.java:lambda$new$0(61)) - fe8e0c84-158f-427e-8307-4b533a2376d4@group-B007A63A5CCA-SegmentedRaftLog: commitIndex: updateToMax old=3, new=3, updated? false
2019-10-25 21:28:52,701 [main] INFO  server.Server (Server.java:doStart(419)) - Started @113300ms
2019-10-25 21:28:52,702 [main] WARN  impl.MetricsSystemImpl (MetricsSystemImpl.java:register(276)) - Sink prometheus already exists!
2019-10-25 21:28:52,702 [pool-59-thread-1] INFO  server.RaftServerConfigKeys (ConfUtils.java:logGet(43)) - raft.server.snapshot.auto.trigger.enabled = true (custom)
2019-10-25 21:28:52,702 [pool-59-thread-1] INFO  server.RaftServerConfigKeys (ConfUtils.java:logGet(43)) - raft.server.snapshot.auto.trigger.threshold = 10000 (custom)
2019-10-25 21:28:52,702 [pool-59-thread-1] INFO  server.RaftServerConfigKeys (ConfUtils.java:logGet(43)) - raft.server.snapshot.retention.file.num = 5 (custom)
2019-10-25 21:28:52,702 [pool-59-thread-1] INFO  server.RaftServerConfigKeys (ConfUtils.java:logGet(43)) - raft.server.retrycache.expirytime = 600000ms (custom)
2019-10-25 21:28:52,703 [main] INFO  server.BaseHttpServer (BaseHttpServer.java:updateConnectorAddress(215)) - HTTP server of HDDSDATANODE is listening at http://0.0.0.0:33404
2019-10-25 21:28:52,704 [pool-59-thread-1] INFO  impl.RaftServerImpl (RaftServerImpl.java:<init>(104)) - fe8e0c84-158f-427e-8307-4b533a2376d4: new RaftServerImpl for group-889EF0DFBAAA:[] with ContainerStateMachine:uninitialized
2019-10-25 21:28:52,705 [org.apache.hadoop.util.JvmPauseMonitor$Monitor@18e462f8] INFO  util.JvmPauseMonitor (JvmPauseMonitor.java:run(188)) - Starting JVM pause monitor
2019-10-25 21:28:52,705 [pool-59-thread-1] INFO  server.RaftServerConfigKeys (ConfUtils.java:logGet(43)) - raft.server.rpc.timeout.min = 5s (custom)
2019-10-25 21:28:52,705 [pool-59-thread-1] INFO  server.RaftServerConfigKeys (ConfUtils.java:logGet(43)) - raft.server.rpc.timeout.max = 5200ms (custom)
2019-10-25 21:28:52,705 [pool-59-thread-1] INFO  server.RaftServerConfigKeys (ConfUtils.java:logGet(43)) - raft.server.rpcslowness.timeout = 1000s (custom)
2019-10-25 21:28:52,705 [pool-59-thread-1] INFO  server.RaftServerConfigKeys (ConfUtils.java:logGet(43)) - raft.server.sleep.deviation.threshold = 300 (default)
2019-10-25 21:28:52,705 [pool-59-thread-1] INFO  server.RaftServerConfigKeys (ConfUtils.java:logGet(43)) - raft.server.log.appender.install.snapshot.enabled = false (custom)
2019-10-25 21:28:52,705 [pool-59-thread-1] INFO  impl.RaftServerImpl (ServerState.java:<init>(103)) - fe8e0c84-158f-427e-8307-4b533a2376d4@group-889EF0DFBAAA: ConfigurationManager, init=-1: [], old=null, confs=<EMPTY_MAP>
2019-10-25 21:28:52,705 [pool-59-thread-1] INFO  server.RaftServerConfigKeys (ConfUtils.java:logGet(43)) - raft.server.storage.dir = [/workdir/hadoop-ozone/integration-test/target/test-dir/MiniOzoneClusterImpl-92884b77-011c-4f6d-b986-a415730dccc4/datanode-2/data/ratis] (custom)
2019-10-25 21:28:52,706 [pool-59-thread-1] INFO  server.RaftServerConfigKeys (ConfUtils.java:logGet(43)) - raft.server.log.corruption.policy = EXCEPTION (default)
2019-10-25 21:28:52,718 [pool-59-thread-1] INFO  storage.RaftStorageDirectory (RaftStorageDirectory.java:tryLock(328)) - Lock on /workdir/hadoop-ozone/integration-test/target/test-dir/MiniOzoneClusterImpl-92884b77-011c-4f6d-b986-a415730dccc4/datanode-2/data/ratis/de2e5f83-4b68-4e85-adcf-889ef0dfbaaa/in_use.lock acquired by nodename 18419@pr-hdds-2311-njw4j-1908075285
2019-10-25 21:28:52,719 [pool-59-thread-1] INFO  ratis.ContainerStateMachine (ContainerStateMachine.java:loadSnapshot(231)) - group-889EF0DFBAAA: The snapshot info is null. Setting the last applied indexto:(t:0, i:~)
2019-10-25 21:28:52,719 [pool-59-thread-1] INFO  server.RaftServerConfigKeys (ConfUtils.java:logGet(43)) - raft.server.notification.no-leader.timeout = 1000s (custom)
2019-10-25 21:28:52,719 [pool-59-thread-1] INFO  server.RaftServerConfigKeys (ConfUtils.java:logGet(43)) - raft.server.log.use.memory = false (default)
2019-10-25 21:28:52,719 [pool-59-thread-1] INFO  server.RaftServerConfigKeys (ConfUtils.java:logGet(43)) - raft.server.log.purge.gap = 1000000 (custom)
2019-10-25 21:28:52,719 [pool-59-thread-1] INFO  server.RaftServerConfigKeys (ConfUtils.java:logGet(43)) - raft.server.log.appender.buffer.byte-limit = 33554432 (custom)
2019-10-25 21:28:52,719 [pool-59-thread-1] INFO  server.RaftServerConfigKeys (ConfUtils.java:logGet(43)) - raft.server.log.segment.size.max = 1048576 (custom)
2019-10-25 21:28:52,720 [pool-59-thread-1] INFO  server.RaftServerConfigKeys (ConfUtils.java:logGet(43)) - raft.server.log.segment.cache.num.max = 2 (custom)
2019-10-25 21:28:52,720 [pool-59-thread-1] INFO  segmented.SegmentedRaftLogWorker (SegmentedRaftLogWorker.java:<init>(173)) - new fe8e0c84-158f-427e-8307-4b533a2376d4@group-889EF0DFBAAA-SegmentedRaftLogWorker for RaftStorage:Storage Directory /workdir/hadoop-ozone/integration-test/target/test-dir/MiniOzoneClusterImpl-92884b77-011c-4f6d-b986-a415730dccc4/datanode-2/data/ratis/de2e5f83-4b68-4e85-adcf-889ef0dfbaaa
2019-10-25 21:28:52,720 [pool-59-thread-1] INFO  server.RaftServerConfigKeys (ConfUtils.java:logGet(43)) - raft.server.log.queue.byte-limit = 2147483647 (custom)
2019-10-25 21:28:52,720 [pool-59-thread-1] INFO  server.RaftServerConfigKeys (ConfUtils.java:logGet(43)) - raft.server.log.queue.element-limit = 1024 (custom)
2019-10-25 21:28:52,720 [pool-59-thread-1] INFO  server.RaftServerConfigKeys (ConfUtils.java:logGet(43)) - raft.server.log.segment.size.max = 1048576 (custom)
2019-10-25 21:28:52,720 [pool-59-thread-1] INFO  server.RaftServerConfigKeys (ConfUtils.java:logGet(43)) - raft.server.log.preallocated.size = 16384 (custom)
2019-10-25 21:28:52,720 [pool-59-thread-1] INFO  server.RaftServerConfigKeys (ConfUtils.java:logGet(43)) - raft.server.log.write.buffer.size = 33554432 (custom)
2019-10-25 21:28:52,720 [pool-59-thread-1] INFO  server.RaftServerConfigKeys (ConfUtils.java:logGet(43)) - raft.server.log.force.sync.num = 128 (default)
2019-10-25 21:28:52,720 [pool-59-thread-1] INFO  server.RaftServerConfigKeys (ConfUtils.java:logGet(43)) - raft.server.log.statemachine.data.sync = true (default)
2019-10-25 21:28:52,721 [pool-59-thread-1] INFO  server.RaftServerConfigKeys (ConfUtils.java:logGet(43)) - raft.server.log.statemachine.data.sync.timeout = 10s (default)
2019-10-25 21:28:52,721 [pool-59-thread-1] INFO  server.RaftServerConfigKeys (ConfUtils.java:logGet(43)) - raft.server.log.statemachine.data.sync.timeout.retry = -1 (default)
2019-10-25 21:28:52,721 [pool-59-thread-1] INFO  server.RaftServerConfigKeys (ConfUtils.java:logGet(43)) - raft.server.log.statemachine.data.caching.enabled = true (custom)
2019-10-25 21:28:52,721 [pool-59-thread-1] INFO  impl.RaftServerImpl (ServerState.java:setRaftConf(357)) - fe8e0c84-158f-427e-8307-4b533a2376d4@group-889EF0DFBAAA: set configuration 0: [fe8e0c84-158f-427e-8307-4b533a2376d4:192.168.34.41:37955], old=null at 0
2019-10-25 21:28:52,722 [pool-59-thread-1] INFO  segmented.LogSegment (LogSegment.java:loadSegment(140)) - Successfully read 1 entries from segment file /workdir/hadoop-ozone/integration-test/target/test-dir/MiniOzoneClusterImpl-92884b77-011c-4f6d-b986-a415730dccc4/datanode-2/data/ratis/de2e5f83-4b68-4e85-adcf-889ef0dfbaaa/current/log_inprogress_0
2019-10-25 21:28:52,722 [pool-59-thread-1] INFO  segmented.SegmentedRaftLogWorker (SegmentedRaftLogWorker.java:lambda$new$0(128)) - fe8e0c84-158f-427e-8307-4b533a2376d4@group-889EF0DFBAAA-SegmentedRaftLogWorker: flushIndex: setUnconditionally 0 -> 0
2019-10-25 21:28:52,749 [pool-59-thread-1] INFO  server.RaftServerConfigKeys (ConfUtils.java:logGet(43)) - raft.server.snapshot.auto.trigger.enabled = true (custom)
2019-10-25 21:28:52,749 [pool-59-thread-1] INFO  server.RaftServerConfigKeys (ConfUtils.java:logGet(43)) - raft.server.snapshot.auto.trigger.threshold = 10000 (custom)
2019-10-25 21:28:52,749 [pool-59-thread-1] INFO  server.RaftServerConfigKeys (ConfUtils.java:logGet(43)) - raft.server.snapshot.retention.file.num = 5 (custom)
2019-10-25 21:28:52,749 [pool-59-thread-1] INFO  server.RaftServerConfigKeys (ConfUtils.java:logGet(43)) - raft.server.retrycache.expirytime = 600000ms (custom)
2019-10-25 21:28:52,756 [Thread-547] INFO  client.GrpcClientProtocolService (GrpcClientProtocolService.java:lambda$processClientRequest$0(278)) - Failed RaftClientRequest:client-6DCA51C798D1->1e09a021-a6d7-4a53-819d-98ce6b091a77@group-B007A63A5CCA, cid=10, seq=0, Watch-ALL_COMMITTED(6), Message:<EMPTY>, reply=RaftClientReply:client-6DCA51C798D1->1e09a021-a6d7-4a53-819d-98ce6b091a77@group-B007A63A5CCA, cid=10, FAILED org.apache.ratis.protocol.NotReplicatedException: Request with call Id 10 and log index 6 is not yet replicated to ALL_COMMITTED, logIndex=6, commits[1e09a021-a6d7-4a53-819d-98ce6b091a77:c10, b43dc2d2-5265-4a31-922b-3f50c0227a2c:c10, fe8e0c84-158f-427e-8307-4b533a2376d4:c4]
2019-10-25 21:28:53,281 [pool-7-thread-2] INFO  commands.RetriableDatanodeEventWatcher (RetriableDatanodeEventWatcher.java:onTimeout(47)) - RetriableDatanodeCommand type=deleteBlocksCommand with id=1572038931284 timed out. Retrying.
2019-10-25 21:28:53,282 [pool-7-thread-1] INFO  commands.RetriableDatanodeEventWatcher (RetriableDatanodeEventWatcher.java:onTimeout(47)) - RetriableDatanodeCommand type=deleteBlocksCommand with id=1572038931283 timed out. Retrying.
2019-10-25 21:28:53,284 [pool-7-thread-2] INFO  commands.RetriableDatanodeEventWatcher (RetriableDatanodeEventWatcher.java:onTimeout(47)) - RetriableDatanodeCommand type=deleteBlocksCommand with id=1572038931282 timed out. Retrying.
2019-10-25 21:28:53,284 [pool-7-thread-1] INFO  commands.RetriableDatanodeEventWatcher (RetriableDatanodeEventWatcher.java:onTimeout(47)) - RetriableDatanodeCommand type=deleteBlocksCommand with id=1572038931281 timed out. Retrying.
2019-10-25 21:28:53,284 [SCMBlockDeletingService#1] INFO  block.SCMBlockDeletingService (SCMBlockDeletingService.java:call(184)) - Totally added 2 delete blocks command for 2 datanodes, task elapsed time: 0ms
2019-10-25 21:28:53,411 [Command processor thread] INFO  commandhandler.DeleteBlocksCommandHandler (DeleteBlocksCommandHandler.java:handle(106)) - Start to delete container blocks, TXIDs=[1(2)], numOfContainers=1, numOfBlocks=1
2019-10-25 21:28:53,412 [Command processor thread] INFO  commandhandler.DeleteBlocksCommandHandler (DeleteBlocksCommandHandler.java:handle(106)) - Start to delete container blocks, TXIDs=[1(0)], numOfContainers=1, numOfBlocks=1
2019-10-25 21:28:53,412 [Command processor thread] INFO  commandhandler.DeleteBlocksCommandHandler (DeleteBlocksCommandHandler.java:handle(106)) - Start to delete container blocks, TXIDs=[1(2)], numOfContainers=1, numOfBlocks=1
2019-10-25 21:28:53,412 [Command processor thread] INFO  commandhandler.DeleteBlocksCommandHandler (DeleteBlocksCommandHandler.java:handle(106)) - Start to delete container blocks, TXIDs=[1(4)], numOfContainers=1, numOfBlocks=1
2019-10-25 21:28:53,413 [Command processor thread] INFO  commandhandler.DeleteBlocksCommandHandler (DeleteBlocksCommandHandler.java:handle(106)) - Start to delete container blocks, TXIDs=[1(0)], numOfContainers=1, numOfBlocks=1
2019-10-25 21:28:53,627 [BlockDeletingService#2] WARN  background.BlockDeletingService (BlockDeletingService.java:isDeletionAllowed(187)) - Close Container log Index 6 is not replicated across allthe servers in the pipeline 69397456-ee7f-4bbb-8423-b007a63a5cca as the min replicated index is 4. Deletion is not allowed in this container yet.
2019-10-25 21:28:53,627 [BlockDeletingService#2] WARN  background.BlockDeletingService (BlockDeletingService.java:isDeletionAllowed(187)) - Close Container log Index 6 is not replicated across allthe servers in the pipeline 69397456-ee7f-4bbb-8423-b007a63a5cca as the min replicated index is 4. Deletion is not allowed in this container yet.
2019-10-25 21:28:54,284 [pool-7-thread-2] INFO  commands.RetriableDatanodeEventWatcher (RetriableDatanodeEventWatcher.java:onTimeout(47)) - RetriableDatanodeCommand type=deleteBlocksCommand with id=1572038931281 timed out. Retrying.
2019-10-25 21:28:54,285 [pool-7-thread-3] INFO  commands.RetriableDatanodeEventWatcher (RetriableDatanodeEventWatcher.java:onTimeout(47)) - RetriableDatanodeCommand type=deleteBlocksCommand with id=1572038931283 timed out. Retrying.
2019-10-25 21:28:54,285 [SCMBlockDeletingService#1] INFO  block.SCMBlockDeletingService (SCMBlockDeletingService.java:call(184)) - Totally added 1 delete blocks command for 1 datanodes, task elapsed time: 0ms
2019-10-25 21:28:54,285 [pool-7-thread-1] INFO  commands.RetriableDatanodeEventWatcher (RetriableDatanodeEventWatcher.java:onTimeout(47)) - RetriableDatanodeCommand type=deleteBlocksCommand with id=1572038931285 timed out. Retrying.
2019-10-25 21:28:54,469 [java.util.concurrent.ThreadPoolExecutor$Worker@1ea5ced5[State = -1, empty queue]] WARN  server.GrpcLogAppender (GrpcLogAppender.java:timeoutAppendRequest(209)) - 1e09a021-a6d7-4a53-819d-98ce6b091a77@group-B007A63A5CCA->fe8e0c84-158f-427e-8307-4b533a2376d4-GrpcLogAppender: appendEntries Timeout, request=1e09a021-a6d7-4a53-819d-98ce6b091a77->fe8e0c84-158f-427e-8307-4b533a2376d4#51-t2, previous=(t:2, i:10), leaderCommit=10, initializing? false, entries: <empty>
2019-10-25 21:28:54,629 [BlockDeletingService#2] WARN  background.BlockDeletingService (BlockDeletingService.java:isDeletionAllowed(187)) - Close Container log Index 6 is not replicated across allthe servers in the pipeline 69397456-ee7f-4bbb-8423-b007a63a5cca as the min replicated index is 4. Deletion is not allowed in this container yet.
2019-10-25 21:28:54,629 [BlockDeletingService#2] WARN  background.BlockDeletingService (BlockDeletingService.java:isDeletionAllowed(187)) - Close Container log Index 6 is not replicated across allthe servers in the pipeline 69397456-ee7f-4bbb-8423-b007a63a5cca as the min replicated index is 4. Deletion is not allowed in this container yet.
2019-10-25 21:28:54,707 [Datanode State Machine Thread - 0] INFO  ozoneimpl.OzoneContainer (OzoneContainer.java:start(213)) - Attempting to start container services.
2019-10-25 21:28:54,707 [Datanode State Machine Thread - 0] INFO  ozoneimpl.OzoneContainer (OzoneContainer.java:startContainerScrub(177)) - Background container scanner has been disabled.
2019-10-25 21:28:54,707 [Datanode State Machine Thread - 0] INFO  ratis.XceiverServerRatis (XceiverServerRatis.java:start(418)) - Starting XceiverServerRatis fe8e0c84-158f-427e-8307-4b533a2376d4 at port 37955
2019-10-25 21:28:54,717 [Datanode State Machine Thread - 0] INFO  impl.RaftServerImpl (RaftServerImpl.java:start(195)) - fe8e0c84-158f-427e-8307-4b533a2376d4@group-B007A63A5CCA: start as a follower, conf=0: [1e09a021-a6d7-4a53-819d-98ce6b091a77:192.168.34.41:46402, b43dc2d2-5265-4a31-922b-3f50c0227a2c:192.168.34.41:35789, fe8e0c84-158f-427e-8307-4b533a2376d4:192.168.34.41:37955], old=null
2019-10-25 21:28:54,718 [ForkJoinPool.commonPool-worker-0] INFO  impl.RaftServerImpl (RaftServerImpl.java:start(195)) - fe8e0c84-158f-427e-8307-4b533a2376d4@group-889EF0DFBAAA: start as a follower, conf=0: [fe8e0c84-158f-427e-8307-4b533a2376d4:192.168.34.41:37955], old=null
2019-10-25 21:28:54,718 [Datanode State Machine Thread - 0] INFO  impl.RaftServerImpl (RaftServerImpl.java:setRole(184)) - fe8e0c84-158f-427e-8307-4b533a2376d4@group-B007A63A5CCA: changes role from      null to FOLLOWER at term 2 for startAsFollower
2019-10-25 21:28:54,718 [ForkJoinPool.commonPool-worker-0] INFO  impl.RaftServerImpl (RaftServerImpl.java:setRole(184)) - fe8e0c84-158f-427e-8307-4b533a2376d4@group-889EF0DFBAAA: changes role from      null to FOLLOWER at term 1 for startAsFollower
2019-10-25 21:28:54,719 [Datanode State Machine Thread - 0] INFO  impl.RoleInfo (RoleInfo.java:updateAndGet(143)) - fe8e0c84-158f-427e-8307-4b533a2376d4: start FollowerState
2019-10-25 21:28:54,719 [ForkJoinPool.commonPool-worker-0] INFO  impl.RoleInfo (RoleInfo.java:updateAndGet(143)) - fe8e0c84-158f-427e-8307-4b533a2376d4: start FollowerState
2019-10-25 21:28:54,719 [Datanode State Machine Thread - 0] INFO  util.JmxRegister (JmxRegister.java:tryRegister(44)) - Successfully registered JMX Bean with object name Ratis:service=RaftServer,group=group-B007A63A5CCA,id=fe8e0c84-158f-427e-8307-4b533a2376d4
2019-10-25 21:28:54,719 [ForkJoinPool.commonPool-worker-0] INFO  util.JmxRegister (JmxRegister.java:tryRegister(44)) - Successfully registered JMX Bean with object name Ratis:service=RaftServer,group=group-889EF0DFBAAA,id=fe8e0c84-158f-427e-8307-4b533a2376d4
2019-10-25 21:28:54,721 [Datanode State Machine Thread - 0] INFO  impl.RaftServerProxy (RaftServerProxy.java:lambda$start$3(299)) - fe8e0c84-158f-427e-8307-4b533a2376d4: start RPC server
2019-10-25 21:28:54,723 [Datanode State Machine Thread - 0] INFO  server.GrpcService (GrpcService.java:startImpl(158)) - fe8e0c84-158f-427e-8307-4b533a2376d4: GrpcService started, listening on 0.0.0.0/0.0.0.0:37955
2019-10-25 21:28:54,749 [Thread-554] INFO  impl.FollowerState (FollowerState.java:run(108)) - fe8e0c84-158f-427e-8307-4b533a2376d4@group-889EF0DFBAAA-FollowerState: change to CANDIDATE, lastRpcTime:30ms, electionTimeout:30ms
2019-10-25 21:28:54,750 [Thread-554] INFO  impl.RoleInfo (RoleInfo.java:shutdownFollowerState(121)) - fe8e0c84-158f-427e-8307-4b533a2376d4: shutdown FollowerState
2019-10-25 21:28:54,750 [Thread-554] INFO  impl.RaftServerImpl (RaftServerImpl.java:setRole(184)) - fe8e0c84-158f-427e-8307-4b533a2376d4@group-889EF0DFBAAA: changes role from  FOLLOWER to CANDIDATE at term 1 for changeToCandidate
2019-10-25 21:28:54,750 [Thread-554] INFO  impl.RoleInfo (RoleInfo.java:updateAndGet(143)) - fe8e0c84-158f-427e-8307-4b533a2376d4: start LeaderElection
2019-10-25 21:28:54,764 [fe8e0c84-158f-427e-8307-4b533a2376d4@group-889EF0DFBAAA-LeaderElection7] INFO  impl.LeaderElection (LeaderElection.java:askForVotes(178)) - fe8e0c84-158f-427e-8307-4b533a2376d4@group-889EF0DFBAAA-LeaderElection7: begin an election at term 2 for 0: [fe8e0c84-158f-427e-8307-4b533a2376d4:192.168.34.41:37955], old=null
2019-10-25 21:28:54,764 [fe8e0c84-158f-427e-8307-4b533a2376d4@group-889EF0DFBAAA-LeaderElection7] INFO  impl.RoleInfo (RoleInfo.java:shutdownLeaderElection(134)) - fe8e0c84-158f-427e-8307-4b533a2376d4: shutdown LeaderElection
2019-10-25 21:28:54,764 [fe8e0c84-158f-427e-8307-4b533a2376d4@group-889EF0DFBAAA-LeaderElection7] INFO  impl.RaftServerImpl (RaftServerImpl.java:setRole(184)) - fe8e0c84-158f-427e-8307-4b533a2376d4@group-889EF0DFBAAA: changes role from CANDIDATE to LEADER at term 2 for changeToLeader
2019-10-25 21:28:54,765 [fe8e0c84-158f-427e-8307-4b533a2376d4@group-889EF0DFBAAA-LeaderElection7] INFO  impl.RaftServerImpl (ServerState.java:setLeader(256)) - fe8e0c84-158f-427e-8307-4b533a2376d4@group-889EF0DFBAAA: change Leader from null to fe8e0c84-158f-427e-8307-4b533a2376d4 at term 2 for becomeLeader, leader elected after 2045ms
2019-10-25 21:28:54,765 [fe8e0c84-158f-427e-8307-4b533a2376d4@group-889EF0DFBAAA-LeaderElection7] INFO  server.RaftServerConfigKeys (ConfUtils.java:logGet(43)) - raft.server.staging.catchup.gap = 1000 (default)
2019-10-25 21:28:54,765 [fe8e0c84-158f-427e-8307-4b533a2376d4@group-889EF0DFBAAA-LeaderElection7] INFO  server.RaftServerConfigKeys (ConfUtils.java:logGet(43)) - raft.server.rpc.sleep.time = 25ms (default)
2019-10-25 21:28:54,765 [fe8e0c84-158f-427e-8307-4b533a2376d4@group-889EF0DFBAAA-LeaderElection7] INFO  server.RaftServerConfigKeys (ConfUtils.java:logGet(43)) - raft.server.write.element-limit = 4096 (default)
2019-10-25 21:28:54,765 [fe8e0c84-158f-427e-8307-4b533a2376d4@group-889EF0DFBAAA-LeaderElection7] INFO  server.RaftServerConfigKeys (ConfUtils.java:logGet(43)) - raft.server.watch.timeout = 10s (default)
2019-10-25 21:28:54,765 [fe8e0c84-158f-427e-8307-4b533a2376d4@group-889EF0DFBAAA-LeaderElection7] INFO  server.RaftServerConfigKeys (ConfUtils.java:logGet(43)) - raft.server.watch.timeout.denomination = 1s (default)
2019-10-25 21:28:54,765 [fe8e0c84-158f-427e-8307-4b533a2376d4@group-889EF0DFBAAA-LeaderElection7] INFO  server.RaftServerConfigKeys (ConfUtils.java:logGet(43)) - raft.server.watch.element-limit = 65536 (default)
2019-10-25 21:28:54,766 [fe8e0c84-158f-427e-8307-4b533a2376d4@group-889EF0DFBAAA-LeaderElection7] INFO  impl.RoleInfo (RoleInfo.java:updateAndGet(143)) - fe8e0c84-158f-427e-8307-4b533a2376d4: start LeaderState
2019-10-25 21:28:54,766 [fe8e0c84-158f-427e-8307-4b533a2376d4@group-889EF0DFBAAA-LeaderElection7] INFO  segmented.SegmentedRaftLogWorker (SegmentedRaftLogWorker.java:rollLogSegment(390)) - fe8e0c84-158f-427e-8307-4b533a2376d4@group-889EF0DFBAAA-SegmentedRaftLogWorker: Rolling segment log-0_0 to index:0
2019-10-25 21:28:54,769 [fe8e0c84-158f-427e-8307-4b533a2376d4@group-889EF0DFBAAA-LeaderElection7] INFO  impl.RaftServerImpl (ServerState.java:setRaftConf(357)) - fe8e0c84-158f-427e-8307-4b533a2376d4@group-889EF0DFBAAA: set configuration 1: [fe8e0c84-158f-427e-8307-4b533a2376d4:192.168.34.41:37955], old=null at 1
2019-10-25 21:28:54,770 [fe8e0c84-158f-427e-8307-4b533a2376d4@group-889EF0DFBAAA-SegmentedRaftLogWorker] INFO  segmented.SegmentedRaftLogWorker (SegmentedRaftLogWorker.java:execute(533)) - fe8e0c84-158f-427e-8307-4b533a2376d4@group-889EF0DFBAAA-SegmentedRaftLogWorker: Rolled log segment from /workdir/hadoop-ozone/integration-test/target/test-dir/MiniOzoneClusterImpl-92884b77-011c-4f6d-b986-a415730dccc4/datanode-2/data/ratis/de2e5f83-4b68-4e85-adcf-889ef0dfbaaa/current/log_inprogress_0 to /workdir/hadoop-ozone/integration-test/target/test-dir/MiniOzoneClusterImpl-92884b77-011c-4f6d-b986-a415730dccc4/datanode-2/data/ratis/de2e5f83-4b68-4e85-adcf-889ef0dfbaaa/current/log_0-0
2019-10-25 21:28:54,815 [fe8e0c84-158f-427e-8307-4b533a2376d4@group-889EF0DFBAAA-SegmentedRaftLogWorker] INFO  segmented.SegmentedRaftLogWorker (SegmentedRaftLogWorker.java:execute(576)) - fe8e0c84-158f-427e-8307-4b533a2376d4@group-889EF0DFBAAA-SegmentedRaftLogWorker: created new log segment /workdir/hadoop-ozone/integration-test/target/test-dir/MiniOzoneClusterImpl-92884b77-011c-4f6d-b986-a415730dccc4/datanode-2/data/ratis/de2e5f83-4b68-4e85-adcf-889ef0dfbaaa/current/log_inprogress_1
2019-10-25 21:28:54,904 [Thread-553] INFO  impl.FollowerState (FollowerState.java:run(108)) - fe8e0c84-158f-427e-8307-4b533a2376d4@group-B007A63A5CCA-FollowerState: change to CANDIDATE, lastRpcTime:185ms, electionTimeout:185ms
2019-10-25 21:28:54,906 [Thread-553] INFO  impl.RoleInfo (RoleInfo.java:shutdownFollowerState(121)) - fe8e0c84-158f-427e-8307-4b533a2376d4: shutdown FollowerState
2019-10-25 21:28:54,906 [Thread-553] INFO  impl.RaftServerImpl (RaftServerImpl.java:setRole(184)) - fe8e0c84-158f-427e-8307-4b533a2376d4@group-B007A63A5CCA: changes role from  FOLLOWER to CANDIDATE at term 2 for changeToCandidate
2019-10-25 21:28:54,906 [Thread-553] INFO  impl.RoleInfo (RoleInfo.java:updateAndGet(143)) - fe8e0c84-158f-427e-8307-4b533a2376d4: start LeaderElection
2019-10-25 21:28:54,920 [fe8e0c84-158f-427e-8307-4b533a2376d4@group-B007A63A5CCA-LeaderElection8] INFO  impl.LeaderElection (LeaderElection.java:askForVotes(178)) - fe8e0c84-158f-427e-8307-4b533a2376d4@group-B007A63A5CCA-LeaderElection8: begin an election at term 3 for 0: [1e09a021-a6d7-4a53-819d-98ce6b091a77:192.168.34.41:46402, b43dc2d2-5265-4a31-922b-3f50c0227a2c:192.168.34.41:35789, fe8e0c84-158f-427e-8307-4b533a2376d4:192.168.34.41:37955], old=null
2019-10-25 21:28:54,934 [grpc-default-executor-2] INFO  impl.RaftServerImpl (ServerState.java:setLeader(256)) - 1e09a021-a6d7-4a53-819d-98ce6b091a77@group-B007A63A5CCA: change Leader from 1e09a021-a6d7-4a53-819d-98ce6b091a77 to null at term 3 for updateCurrentTerm
2019-10-25 21:28:54,934 [grpc-default-executor-0] INFO  impl.RaftServerImpl (ServerState.java:setLeader(256)) - b43dc2d2-5265-4a31-922b-3f50c0227a2c@group-B007A63A5CCA: change Leader from 1e09a021-a6d7-4a53-819d-98ce6b091a77 to null at term 3 for updateCurrentTerm
2019-10-25 21:28:54,935 [grpc-default-executor-2] INFO  impl.RaftServerImpl (RaftServerImpl.java:setRole(184)) - 1e09a021-a6d7-4a53-819d-98ce6b091a77@group-B007A63A5CCA: changes role from    LEADER to FOLLOWER at term 3 for recognizeCandidate:fe8e0c84-158f-427e-8307-4b533a2376d4
2019-10-25 21:28:54,935 [grpc-default-executor-0] INFO  impl.RaftServerImpl (RaftServerImpl.java:setRole(184)) - b43dc2d2-5265-4a31-922b-3f50c0227a2c@group-B007A63A5CCA: changes role from  FOLLOWER to FOLLOWER at term 3 for recognizeCandidate:fe8e0c84-158f-427e-8307-4b533a2376d4
2019-10-25 21:28:54,935 [grpc-default-executor-2] INFO  impl.RoleInfo (RoleInfo.java:shutdownLeaderState(104)) - 1e09a021-a6d7-4a53-819d-98ce6b091a77: shutdown LeaderState
2019-10-25 21:28:54,935 [grpc-default-executor-0] INFO  impl.RoleInfo (RoleInfo.java:shutdownFollowerState(121)) - b43dc2d2-5265-4a31-922b-3f50c0227a2c: shutdown FollowerState
2019-10-25 21:28:54,937 [grpc-default-executor-2] INFO  impl.PendingRequests (PendingRequests.java:sendNotLeaderResponses(202)) - 1e09a021-a6d7-4a53-819d-98ce6b091a77@group-B007A63A5CCA-PendingRequests: sendNotLeaderResponses
2019-10-25 21:28:54,937 [Thread-230] INFO  impl.FollowerState (FollowerState.java:run(117)) - b43dc2d2-5265-4a31-922b-3f50c0227a2c@group-B007A63A5CCA-FollowerState was interrupted: java.lang.InterruptedException: sleep interrupted
2019-10-25 21:28:54,937 [grpc-default-executor-0] INFO  impl.RoleInfo (RoleInfo.java:updateAndGet(143)) - b43dc2d2-5265-4a31-922b-3f50c0227a2c: start FollowerState
2019-10-25 21:28:54,937 [org.apache.ratis.server.impl.LogAppender$AppenderDaemon$$Lambda$408/1062421233@417162f3] WARN  server.GrpcLogAppender (GrpcLogAppender.java:mayWait(149)) - 1e09a021-a6d7-4a53-819d-98ce6b091a77@group-B007A63A5CCA->fe8e0c84-158f-427e-8307-4b533a2376d4-GrpcLogAppender: Wait interrupted by java.lang.InterruptedException
2019-10-25 21:28:54,937 [org.apache.ratis.server.impl.LogAppender$AppenderDaemon$$Lambda$408/1062421233@70cb3619] WARN  server.GrpcLogAppender (GrpcLogAppender.java:mayWait(149)) - 1e09a021-a6d7-4a53-819d-98ce6b091a77@group-B007A63A5CCA->b43dc2d2-5265-4a31-922b-3f50c0227a2c-GrpcLogAppender: Wait interrupted by java.lang.InterruptedException
2019-10-25 21:28:54,941 [grpc-default-executor-3] INFO  server.GrpcServerProtocolService (GrpcServerProtocolService.java:onCompleted(113)) - b43dc2d2-5265-4a31-922b-3f50c0227a2c: Completed APPEND_ENTRIES, lastRequest: 1e09a021-a6d7-4a53-819d-98ce6b091a77->b43dc2d2-5265-4a31-922b-3f50c0227a2c#51-t2, previous=(t:2, i:10), leaderCommit=10, initializing? false, entries: <empty>
2019-10-25 21:28:54,941 [Thread-564] INFO  client.GrpcClientProtocolService (GrpcClientProtocolService.java:lambda$processClientRequest$0(278)) - Failed RaftClientRequest:client-6DCA51C798D1->1e09a021-a6d7-4a53-819d-98ce6b091a77@group-B007A63A5CCA, cid=10, seq=0, Watch-ALL_COMMITTED(6), Message:<EMPTY>, reply=RaftClientReply:client-6DCA51C798D1->1e09a021-a6d7-4a53-819d-98ce6b091a77@group-B007A63A5CCA, cid=10, FAILED org.apache.ratis.protocol.NotLeaderException: Server 1e09a021-a6d7-4a53-819d-98ce6b091a77@group-B007A63A5CCA is not the leader, logIndex=0, commits[1e09a021-a6d7-4a53-819d-98ce6b091a77:c10, b43dc2d2-5265-4a31-922b-3f50c0227a2c:c10, fe8e0c84-158f-427e-8307-4b533a2376d4:c4]
2019-10-25 21:28:54,942 [grpc-default-executor-2] INFO  impl.RoleInfo (RoleInfo.java:updateAndGet(143)) - 1e09a021-a6d7-4a53-819d-98ce6b091a77: start FollowerState
2019-10-25 21:28:54,943 [grpc-default-executor-3] INFO  server.GrpcLogAppender (GrpcLogAppender.java:onCompleted(308)) - 1e09a021-a6d7-4a53-819d-98ce6b091a77@group-B007A63A5CCA->b43dc2d2-5265-4a31-922b-3f50c0227a2c-AppendLogResponseHandler: follower responses appendEntries COMPLETED
2019-10-25 21:28:54,948 [grpc-default-executor-3] INFO  impl.FollowerInfo (FollowerInfo.java:lambda$new$0(51)) - 1e09a021-a6d7-4a53-819d-98ce6b091a77@group-B007A63A5CCA->b43dc2d2-5265-4a31-922b-3f50c0227a2c: nextIndex: updateUnconditionally 11 -> 10
2019-10-25 21:28:54,960 [fe8e0c84-158f-427e-8307-4b533a2376d4@group-B007A63A5CCA-LeaderElection8] INFO  impl.LeaderElection (LeaderElection.java:logAndReturn(56)) - fe8e0c84-158f-427e-8307-4b533a2376d4@group-B007A63A5CCA-LeaderElection8: Election REJECTED; received 2 response(s) [fe8e0c84-158f-427e-8307-4b533a2376d4<-1e09a021-a6d7-4a53-819d-98ce6b091a77#0:FAIL-t3, fe8e0c84-158f-427e-8307-4b533a2376d4<-b43dc2d2-5265-4a31-922b-3f50c0227a2c#0:FAIL-t3] and 0 exception(s); fe8e0c84-158f-427e-8307-4b533a2376d4@group-B007A63A5CCA:t3, leader=null, voted=fe8e0c84-158f-427e-8307-4b533a2376d4, raftlog=fe8e0c84-158f-427e-8307-4b533a2376d4@group-B007A63A5CCA-SegmentedRaftLog:OPENED:c3,f4,i4, conf=0: [1e09a021-a6d7-4a53-819d-98ce6b091a77:192.168.34.41:46402, b43dc2d2-5265-4a31-922b-3f50c0227a2c:192.168.34.41:35789, fe8e0c84-158f-427e-8307-4b533a2376d4:192.168.34.41:37955], old=null
2019-10-25 21:28:54,960 [fe8e0c84-158f-427e-8307-4b533a2376d4@group-B007A63A5CCA-LeaderElection8] INFO  impl.RaftServerImpl (RaftServerImpl.java:setRole(184)) - fe8e0c84-158f-427e-8307-4b533a2376d4@group-B007A63A5CCA: changes role from CANDIDATE to FOLLOWER at term 3 for DISCOVERED_A_NEW_TERM
2019-10-25 21:28:54,967 [fe8e0c84-158f-427e-8307-4b533a2376d4@group-B007A63A5CCA-LeaderElection8] INFO  impl.RoleInfo (RoleInfo.java:shutdownLeaderElection(134)) - fe8e0c84-158f-427e-8307-4b533a2376d4: shutdown LeaderElection
2019-10-25 21:28:54,967 [fe8e0c84-158f-427e-8307-4b533a2376d4@group-B007A63A5CCA-LeaderElection8] INFO  impl.RoleInfo (RoleInfo.java:updateAndGet(143)) - fe8e0c84-158f-427e-8307-4b533a2376d4: start FollowerState
2019-10-25 21:28:55,054 [Thread-566] INFO  impl.FollowerState (FollowerState.java:run(108)) - fe8e0c84-158f-427e-8307-4b533a2376d4@group-B007A63A5CCA-FollowerState: change to CANDIDATE, lastRpcTime:87ms, electionTimeout:87ms
2019-10-25 21:28:55,056 [Thread-566] INFO  impl.RoleInfo (RoleInfo.java:shutdownFollowerState(121)) - fe8e0c84-158f-427e-8307-4b533a2376d4: shutdown FollowerState
2019-10-25 21:28:55,056 [Thread-566] INFO  impl.RaftServerImpl (RaftServerImpl.java:setRole(184)) - fe8e0c84-158f-427e-8307-4b533a2376d4@group-B007A63A5CCA: changes role from  FOLLOWER to CANDIDATE at term 3 for changeToCandidate
2019-10-25 21:28:55,056 [Thread-566] INFO  impl.RoleInfo (RoleInfo.java:updateAndGet(143)) - fe8e0c84-158f-427e-8307-4b533a2376d4: start LeaderElection
2019-10-25 21:28:55,070 [fe8e0c84-158f-427e-8307-4b533a2376d4@group-B007A63A5CCA-LeaderElection9] INFO  impl.LeaderElection (LeaderElection.java:askForVotes(178)) - fe8e0c84-158f-427e-8307-4b533a2376d4@group-B007A63A5CCA-LeaderElection9: begin an election at term 4 for 0: [1e09a021-a6d7-4a53-819d-98ce6b091a77:192.168.34.41:46402, b43dc2d2-5265-4a31-922b-3f50c0227a2c:192.168.34.41:35789, fe8e0c84-158f-427e-8307-4b533a2376d4:192.168.34.41:37955], old=null
2019-10-25 21:28:55,075 [grpc-default-executor-2] INFO  impl.RaftServerImpl (RaftServerImpl.java:setRole(184)) - 1e09a021-a6d7-4a53-819d-98ce6b091a77@group-B007A63A5CCA: changes role from  FOLLOWER to FOLLOWER at term 4 for recognizeCandidate:fe8e0c84-158f-427e-8307-4b533a2376d4
2019-10-25 21:28:55,075 [grpc-default-executor-0] INFO  impl.RaftServerImpl (RaftServerImpl.java:setRole(184)) - b43dc2d2-5265-4a31-922b-3f50c0227a2c@group-B007A63A5CCA: changes role from  FOLLOWER to FOLLOWER at term 4 for recognizeCandidate:fe8e0c84-158f-427e-8307-4b533a2376d4
2019-10-25 21:28:55,075 [grpc-default-executor-2] INFO  impl.RoleInfo (RoleInfo.java:shutdownFollowerState(121)) - 1e09a021-a6d7-4a53-819d-98ce6b091a77: shutdown FollowerState
2019-10-25 21:28:55,075 [grpc-default-executor-0] INFO  impl.RoleInfo (RoleInfo.java:shutdownFollowerState(121)) - b43dc2d2-5265-4a31-922b-3f50c0227a2c: shutdown FollowerState
2019-10-25 21:28:55,075 [grpc-default-executor-2] INFO  impl.RoleInfo (RoleInfo.java:updateAndGet(143)) - 1e09a021-a6d7-4a53-819d-98ce6b091a77: start FollowerState
2019-10-25 21:28:55,075 [Thread-565] INFO  impl.FollowerState (FollowerState.java:run(117)) - 1e09a021-a6d7-4a53-819d-98ce6b091a77@group-B007A63A5CCA-FollowerState was interrupted: java.lang.InterruptedException: sleep interrupted
2019-10-25 21:28:55,076 [Thread-563] INFO  impl.FollowerState (FollowerState.java:run(117)) - b43dc2d2-5265-4a31-922b-3f50c0227a2c@group-B007A63A5CCA-FollowerState was interrupted: java.lang.InterruptedException: sleep interrupted
2019-10-25 21:28:55,076 [grpc-default-executor-0] INFO  impl.RoleInfo (RoleInfo.java:updateAndGet(143)) - b43dc2d2-5265-4a31-922b-3f50c0227a2c: start FollowerState
2019-10-25 21:28:55,093 [fe8e0c84-158f-427e-8307-4b533a2376d4@group-B007A63A5CCA-LeaderElection9] INFO  impl.LeaderElection (LeaderElection.java:logAndReturn(56)) - fe8e0c84-158f-427e-8307-4b533a2376d4@group-B007A63A5CCA-LeaderElection9: Election REJECTED; received 2 response(s) [fe8e0c84-158f-427e-8307-4b533a2376d4<-1e09a021-a6d7-4a53-819d-98ce6b091a77#0:FAIL-t4, fe8e0c84-158f-427e-8307-4b533a2376d4<-b43dc2d2-5265-4a31-922b-3f50c0227a2c#0:FAIL-t4] and 0 exception(s); fe8e0c84-158f-427e-8307-4b533a2376d4@group-B007A63A5CCA:t4, leader=null, voted=fe8e0c84-158f-427e-8307-4b533a2376d4, raftlog=fe8e0c84-158f-427e-8307-4b533a2376d4@group-B007A63A5CCA-SegmentedRaftLog:OPENED:c3,f4,i4, conf=0: [1e09a021-a6d7-4a53-819d-98ce6b091a77:192.168.34.41:46402, b43dc2d2-5265-4a31-922b-3f50c0227a2c:192.168.34.41:35789, fe8e0c84-158f-427e-8307-4b533a2376d4:192.168.34.41:37955], old=null
2019-10-25 21:28:55,093 [fe8e0c84-158f-427e-8307-4b533a2376d4@group-B007A63A5CCA-LeaderElection9] INFO  impl.RaftServerImpl (RaftServerImpl.java:setRole(184)) - fe8e0c84-158f-427e-8307-4b533a2376d4@group-B007A63A5CCA: changes role from CANDIDATE to FOLLOWER at term 4 for DISCOVERED_A_NEW_TERM
2019-10-25 21:28:55,094 [fe8e0c84-158f-427e-8307-4b533a2376d4@group-B007A63A5CCA-LeaderElection9] INFO  impl.RoleInfo (RoleInfo.java:shutdownLeaderElection(134)) - fe8e0c84-158f-427e-8307-4b533a2376d4: shutdown LeaderElection
2019-10-25 21:28:55,094 [fe8e0c84-158f-427e-8307-4b533a2376d4@group-B007A63A5CCA-LeaderElection9] INFO  impl.RoleInfo (RoleInfo.java:updateAndGet(143)) - fe8e0c84-158f-427e-8307-4b533a2376d4: start FollowerState
2019-10-25 21:28:55,212 [Thread-572] INFO  impl.FollowerState (FollowerState.java:run(108)) - fe8e0c84-158f-427e-8307-4b533a2376d4@group-B007A63A5CCA-FollowerState: change to CANDIDATE, lastRpcTime:117ms, electionTimeout:116ms
2019-10-25 21:28:55,213 [Thread-572] INFO  impl.RoleInfo (RoleInfo.java:shutdownFollowerState(121)) - fe8e0c84-158f-427e-8307-4b533a2376d4: shutdown FollowerState
2019-10-25 21:28:55,213 [Thread-572] INFO  impl.RaftServerImpl (RaftServerImpl.java:setRole(184)) - fe8e0c84-158f-427e-8307-4b533a2376d4@group-B007A63A5CCA: changes role from  FOLLOWER to CANDIDATE at term 4 for changeToCandidate
2019-10-25 21:28:55,213 [Thread-572] INFO  impl.RoleInfo (RoleInfo.java:updateAndGet(143)) - fe8e0c84-158f-427e-8307-4b533a2376d4: start LeaderElection
2019-10-25 21:28:55,227 [fe8e0c84-158f-427e-8307-4b533a2376d4@group-B007A63A5CCA-LeaderElection10] INFO  impl.LeaderElection (LeaderElection.java:askForVotes(178)) - fe8e0c84-158f-427e-8307-4b533a2376d4@group-B007A63A5CCA-LeaderElection10: begin an election at term 5 for 0: [1e09a021-a6d7-4a53-819d-98ce6b091a77:192.168.34.41:46402, b43dc2d2-5265-4a31-922b-3f50c0227a2c:192.168.34.41:35789, fe8e0c84-158f-427e-8307-4b533a2376d4:192.168.34.41:37955], old=null
2019-10-25 21:28:55,231 [grpc-default-executor-0] INFO  impl.RaftServerImpl (RaftServerImpl.java:setRole(184)) - b43dc2d2-5265-4a31-922b-3f50c0227a2c@group-B007A63A5CCA: changes role from  FOLLOWER to FOLLOWER at term 5 for recognizeCandidate:fe8e0c84-158f-427e-8307-4b533a2376d4
2019-10-25 21:28:55,232 [grpc-default-executor-0] INFO  impl.RoleInfo (RoleInfo.java:shutdownFollowerState(121)) - b43dc2d2-5265-4a31-922b-3f50c0227a2c: shutdown FollowerState
2019-10-25 21:28:55,232 [grpc-default-executor-0] INFO  impl.RoleInfo (RoleInfo.java:updateAndGet(143)) - b43dc2d2-5265-4a31-922b-3f50c0227a2c: start FollowerState
2019-10-25 21:28:55,232 [Thread-571] INFO  impl.FollowerState (FollowerState.java:run(117)) - b43dc2d2-5265-4a31-922b-3f50c0227a2c@group-B007A63A5CCA-FollowerState was interrupted: java.lang.InterruptedException: sleep interrupted
2019-10-25 21:28:55,232 [grpc-default-executor-2] INFO  impl.RaftServerImpl (RaftServerImpl.java:setRole(184)) - 1e09a021-a6d7-4a53-819d-98ce6b091a77@group-B007A63A5CCA: changes role from  FOLLOWER to FOLLOWER at term 5 for recognizeCandidate:fe8e0c84-158f-427e-8307-4b533a2376d4
2019-10-25 21:28:55,234 [grpc-default-executor-2] INFO  impl.RoleInfo (RoleInfo.java:shutdownFollowerState(121)) - 1e09a021-a6d7-4a53-819d-98ce6b091a77: shutdown FollowerState
2019-10-25 21:28:55,234 [grpc-default-executor-2] INFO  impl.RoleInfo (RoleInfo.java:updateAndGet(143)) - 1e09a021-a6d7-4a53-819d-98ce6b091a77: start FollowerState
2019-10-25 21:28:55,234 [Thread-570] INFO  impl.FollowerState (FollowerState.java:run(117)) - 1e09a021-a6d7-4a53-819d-98ce6b091a77@group-B007A63A5CCA-FollowerState was interrupted: java.lang.InterruptedException: sleep interrupted
2019-10-25 21:28:55,252 [fe8e0c84-158f-427e-8307-4b533a2376d4@group-B007A63A5CCA-LeaderElection10] INFO  impl.LeaderElection (LeaderElection.java:logAndReturn(56)) - fe8e0c84-158f-427e-8307-4b533a2376d4@group-B007A63A5CCA-LeaderElection10: Election REJECTED; received 2 response(s) [fe8e0c84-158f-427e-8307-4b533a2376d4<-1e09a021-a6d7-4a53-819d-98ce6b091a77#0:FAIL-t5, fe8e0c84-158f-427e-8307-4b533a2376d4<-b43dc2d2-5265-4a31-922b-3f50c0227a2c#0:FAIL-t5] and 0 exception(s); fe8e0c84-158f-427e-8307-4b533a2376d4@group-B007A63A5CCA:t5, leader=null, voted=fe8e0c84-158f-427e-8307-4b533a2376d4, raftlog=fe8e0c84-158f-427e-8307-4b533a2376d4@group-B007A63A5CCA-SegmentedRaftLog:OPENED:c3,f4,i4, conf=0: [1e09a021-a6d7-4a53-819d-98ce6b091a77:192.168.34.41:46402, b43dc2d2-5265-4a31-922b-3f50c0227a2c:192.168.34.41:35789, fe8e0c84-158f-427e-8307-4b533a2376d4:192.168.34.41:37955], old=null
2019-10-25 21:28:55,252 [fe8e0c84-158f-427e-8307-4b533a2376d4@group-B007A63A5CCA-LeaderElection10] INFO  impl.RaftServerImpl (RaftServerImpl.java:setRole(184)) - fe8e0c84-158f-427e-8307-4b533a2376d4@group-B007A63A5CCA: changes role from CANDIDATE to FOLLOWER at term 5 for DISCOVERED_A_NEW_TERM
2019-10-25 21:28:55,253 [fe8e0c84-158f-427e-8307-4b533a2376d4@group-B007A63A5CCA-LeaderElection10] INFO  impl.RoleInfo (RoleInfo.java:shutdownLeaderElection(134)) - fe8e0c84-158f-427e-8307-4b533a2376d4: shutdown LeaderElection
2019-10-25 21:28:55,254 [fe8e0c84-158f-427e-8307-4b533a2376d4@group-B007A63A5CCA-LeaderElection10] INFO  impl.RoleInfo (RoleInfo.java:updateAndGet(143)) - fe8e0c84-158f-427e-8307-4b533a2376d4: start FollowerState
2019-10-25 21:28:55,285 [pool-7-thread-3] INFO  commands.RetriableDatanodeEventWatcher (RetriableDatanodeEventWatcher.java:onTimeout(47)) - RetriableDatanodeCommand type=deleteBlocksCommand with id=1572038931281 timed out. Retrying.
2019-10-25 21:28:55,286 [pool-7-thread-2] INFO  commands.RetriableDatanodeEventWatcher (RetriableDatanodeEventWatcher.java:onTimeout(47)) - RetriableDatanodeCommand type=deleteBlocksCommand with id=1572038931283 timed out. Retrying.
2019-10-25 21:28:55,286 [pool-7-thread-4] INFO  commands.RetriableDatanodeEventWatcher (RetriableDatanodeEventWatcher.java:onTimeout(47)) - RetriableDatanodeCommand type=deleteBlocksCommand with id=1572038931285 timed out. Retrying.
2019-10-25 21:28:55,286 [pool-7-thread-1] INFO  commands.RetriableDatanodeEventWatcher (RetriableDatanodeEventWatcher.java:onTimeout(47)) - RetriableDatanodeCommand type=deleteBlocksCommand with id=1572038931287 timed out. Retrying.
2019-10-25 21:28:55,287 [SCMBlockDeletingService#1] INFO  block.SCMBlockDeletingService (SCMBlockDeletingService.java:call(184)) - Totally added 1 delete blocks command for 1 datanodes, task elapsed time: 1ms
2019-10-25 21:28:55,413 [Thread-578] INFO  impl.FollowerState (FollowerState.java:run(108)) - fe8e0c84-158f-427e-8307-4b533a2376d4@group-B007A63A5CCA-FollowerState: change to CANDIDATE, lastRpcTime:159ms, electionTimeout:158ms
2019-10-25 21:28:55,413 [Thread-578] INFO  impl.RoleInfo (RoleInfo.java:shutdownFollowerState(121)) - fe8e0c84-158f-427e-8307-4b533a2376d4: shutdown FollowerState
2019-10-25 21:28:55,413 [Thread-578] INFO  impl.RaftServerImpl (RaftServerImpl.java:setRole(184)) - fe8e0c84-158f-427e-8307-4b533a2376d4@group-B007A63A5CCA: changes role from  FOLLOWER to CANDIDATE at term 5 for changeToCandidate
2019-10-25 21:28:55,414 [Thread-578] INFO  impl.RoleInfo (RoleInfo.java:updateAndGet(143)) - fe8e0c84-158f-427e-8307-4b533a2376d4: start LeaderElection
2019-10-25 21:28:55,428 [fe8e0c84-158f-427e-8307-4b533a2376d4@group-B007A63A5CCA-LeaderElection11] INFO  impl.LeaderElection (LeaderElection.java:askForVotes(178)) - fe8e0c84-158f-427e-8307-4b533a2376d4@group-B007A63A5CCA-LeaderElection11: begin an election at term 6 for 0: [1e09a021-a6d7-4a53-819d-98ce6b091a77:192.168.34.41:46402, b43dc2d2-5265-4a31-922b-3f50c0227a2c:192.168.34.41:35789, fe8e0c84-158f-427e-8307-4b533a2376d4:192.168.34.41:37955], old=null
2019-10-25 21:28:55,434 [grpc-default-executor-0] INFO  impl.RaftServerImpl (RaftServerImpl.java:setRole(184)) - 1e09a021-a6d7-4a53-819d-98ce6b091a77@group-B007A63A5CCA: changes role from  FOLLOWER to FOLLOWER at term 6 for recognizeCandidate:fe8e0c84-158f-427e-8307-4b533a2376d4
2019-10-25 21:28:55,434 [grpc-default-executor-2] INFO  impl.RaftServerImpl (RaftServerImpl.java:setRole(184)) - b43dc2d2-5265-4a31-922b-3f50c0227a2c@group-B007A63A5CCA: changes role from  FOLLOWER to FOLLOWER at term 6 for recognizeCandidate:fe8e0c84-158f-427e-8307-4b533a2376d4
2019-10-25 21:28:55,434 [grpc-default-executor-0] INFO  impl.RoleInfo (RoleInfo.java:shutdownFollowerState(121)) - 1e09a021-a6d7-4a53-819d-98ce6b091a77: shutdown FollowerState
2019-10-25 21:28:55,435 [grpc-default-executor-2] INFO  impl.RoleInfo (RoleInfo.java:shutdownFollowerState(121)) - b43dc2d2-5265-4a31-922b-3f50c0227a2c: shutdown FollowerState
2019-10-25 21:28:55,435 [Thread-577] INFO  impl.FollowerState (FollowerState.java:run(117)) - 1e09a021-a6d7-4a53-819d-98ce6b091a77@group-B007A63A5CCA-FollowerState was interrupted: java.lang.InterruptedException: sleep interrupted
2019-10-25 21:28:55,435 [Thread-576] INFO  impl.FollowerState (FollowerState.java:run(117)) - b43dc2d2-5265-4a31-922b-3f50c0227a2c@group-B007A63A5CCA-FollowerState was interrupted: java.lang.InterruptedException: sleep interrupted
2019-10-25 21:28:55,435 [grpc-default-executor-2] INFO  impl.RoleInfo (RoleInfo.java:updateAndGet(143)) - b43dc2d2-5265-4a31-922b-3f50c0227a2c: start FollowerState
2019-10-25 21:28:55,435 [grpc-default-executor-0] INFO  impl.RoleInfo (RoleInfo.java:updateAndGet(143)) - 1e09a021-a6d7-4a53-819d-98ce6b091a77: start FollowerState
2019-10-25 21:28:55,468 [fe8e0c84-158f-427e-8307-4b533a2376d4@group-B007A63A5CCA-LeaderElection11] INFO  impl.LeaderElection (LeaderElection.java:logAndReturn(56)) - fe8e0c84-158f-427e-8307-4b533a2376d4@group-B007A63A5CCA-LeaderElection11: Election REJECTED; received 2 response(s) [fe8e0c84-158f-427e-8307-4b533a2376d4<-1e09a021-a6d7-4a53-819d-98ce6b091a77#0:FAIL-t6, fe8e0c84-158f-427e-8307-4b533a2376d4<-b43dc2d2-5265-4a31-922b-3f50c0227a2c#0:FAIL-t6] and 0 exception(s); fe8e0c84-158f-427e-8307-4b533a2376d4@group-B007A63A5CCA:t6, leader=null, voted=fe8e0c84-158f-427e-8307-4b533a2376d4, raftlog=fe8e0c84-158f-427e-8307-4b533a2376d4@group-B007A63A5CCA-SegmentedRaftLog:OPENED:c3,f4,i4, conf=0: [1e09a021-a6d7-4a53-819d-98ce6b091a77:192.168.34.41:46402, b43dc2d2-5265-4a31-922b-3f50c0227a2c:192.168.34.41:35789, fe8e0c84-158f-427e-8307-4b533a2376d4:192.168.34.41:37955], old=null
2019-10-25 21:28:55,468 [fe8e0c84-158f-427e-8307-4b533a2376d4@group-B007A63A5CCA-LeaderElection11] INFO  impl.RaftServerImpl (RaftServerImpl.java:setRole(184)) - fe8e0c84-158f-427e-8307-4b533a2376d4@group-B007A63A5CCA: changes role from CANDIDATE to FOLLOWER at term 6 for DISCOVERED_A_NEW_TERM
2019-10-25 21:28:55,470 [fe8e0c84-158f-427e-8307-4b533a2376d4@group-B007A63A5CCA-LeaderElection11] INFO  impl.RoleInfo (RoleInfo.java:shutdownLeaderElection(134)) - fe8e0c84-158f-427e-8307-4b533a2376d4: shutdown LeaderElection
2019-10-25 21:28:55,470 [fe8e0c84-158f-427e-8307-4b533a2376d4@group-B007A63A5CCA-LeaderElection11] INFO  impl.RoleInfo (RoleInfo.java:updateAndGet(143)) - fe8e0c84-158f-427e-8307-4b533a2376d4: start FollowerState
2019-10-25 21:28:55,631 [BlockDeletingService#2] WARN  background.BlockDeletingService (BlockDeletingService.java:isDeletionAllowed(187)) - Close Container log Index 6 is not replicated across allthe servers in the pipeline 69397456-ee7f-4bbb-8423-b007a63a5cca as the min replicated index is 4. Deletion is not allowed in this container yet.
2019-10-25 21:28:55,631 [BlockDeletingService#2] WARN  background.BlockDeletingService (BlockDeletingService.java:isDeletionAllowed(187)) - Close Container log Index 6 is not replicated across allthe servers in the pipeline 69397456-ee7f-4bbb-8423-b007a63a5cca as the min replicated index is 4. Deletion is not allowed in this container yet.
2019-10-25 21:28:55,640 [Thread-584] INFO  impl.FollowerState (FollowerState.java:run(108)) - fe8e0c84-158f-427e-8307-4b533a2376d4@group-B007A63A5CCA-FollowerState: change to CANDIDATE, lastRpcTime:170ms, electionTimeout:169ms
2019-10-25 21:28:55,640 [Thread-584] INFO  impl.RoleInfo (RoleInfo.java:shutdownFollowerState(121)) - fe8e0c84-158f-427e-8307-4b533a2376d4: shutdown FollowerState
2019-10-25 21:28:55,641 [Thread-584] INFO  impl.RaftServerImpl (RaftServerImpl.java:setRole(184)) - fe8e0c84-158f-427e-8307-4b533a2376d4@group-B007A63A5CCA: changes role from  FOLLOWER to CANDIDATE at term 6 for changeToCandidate
2019-10-25 21:28:55,641 [Thread-584] INFO  impl.RoleInfo (RoleInfo.java:updateAndGet(143)) - fe8e0c84-158f-427e-8307-4b533a2376d4: start LeaderElection
2019-10-25 21:28:55,655 [fe8e0c84-158f-427e-8307-4b533a2376d4@group-B007A63A5CCA-LeaderElection12] INFO  impl.LeaderElection (LeaderElection.java:askForVotes(178)) - fe8e0c84-158f-427e-8307-4b533a2376d4@group-B007A63A5CCA-LeaderElection12: begin an election at term 7 for 0: [1e09a021-a6d7-4a53-819d-98ce6b091a77:192.168.34.41:46402, b43dc2d2-5265-4a31-922b-3f50c0227a2c:192.168.34.41:35789, fe8e0c84-158f-427e-8307-4b533a2376d4:192.168.34.41:37955], old=null
2019-10-25 21:28:55,660 [grpc-default-executor-0] INFO  impl.RaftServerImpl (RaftServerImpl.java:setRole(184)) - 1e09a021-a6d7-4a53-819d-98ce6b091a77@group-B007A63A5CCA: changes role from  FOLLOWER to FOLLOWER at term 7 for recognizeCandidate:fe8e0c84-158f-427e-8307-4b533a2376d4
2019-10-25 21:28:55,660 [grpc-default-executor-2] INFO  impl.RaftServerImpl (RaftServerImpl.java:setRole(184)) - b43dc2d2-5265-4a31-922b-3f50c0227a2c@group-B007A63A5CCA: changes role from  FOLLOWER to FOLLOWER at term 7 for recognizeCandidate:fe8e0c84-158f-427e-8307-4b533a2376d4
2019-10-25 21:28:55,660 [grpc-default-executor-0] INFO  impl.RoleInfo (RoleInfo.java:shutdownFollowerState(121)) - 1e09a021-a6d7-4a53-819d-98ce6b091a77: shutdown FollowerState
2019-10-25 21:28:55,660 [grpc-default-executor-2] INFO  impl.RoleInfo (RoleInfo.java:shutdownFollowerState(121)) - b43dc2d2-5265-4a31-922b-3f50c0227a2c: shutdown FollowerState
2019-10-25 21:28:55,660 [Thread-582] INFO  impl.FollowerState (FollowerState.java:run(117)) - 1e09a021-a6d7-4a53-819d-98ce6b091a77@group-B007A63A5CCA-FollowerState was interrupted: java.lang.InterruptedException: sleep interrupted
2019-10-25 21:28:55,660 [grpc-default-executor-2] INFO  impl.RoleInfo (RoleInfo.java:updateAndGet(143)) - b43dc2d2-5265-4a31-922b-3f50c0227a2c: start FollowerState
2019-10-25 21:28:55,660 [Thread-583] INFO  impl.FollowerState (FollowerState.java:run(117)) - b43dc2d2-5265-4a31-922b-3f50c0227a2c@group-B007A63A5CCA-FollowerState was interrupted: java.lang.InterruptedException: sleep interrupted
2019-10-25 21:28:55,660 [grpc-default-executor-0] INFO  impl.RoleInfo (RoleInfo.java:updateAndGet(143)) - 1e09a021-a6d7-4a53-819d-98ce6b091a77: start FollowerState
2019-10-25 21:28:55,674 [fe8e0c84-158f-427e-8307-4b533a2376d4@group-B007A63A5CCA-LeaderElection12] INFO  impl.LeaderElection (LeaderElection.java:logAndReturn(56)) - fe8e0c84-158f-427e-8307-4b533a2376d4@group-B007A63A5CCA-LeaderElection12: Election REJECTED; received 2 response(s) [fe8e0c84-158f-427e-8307-4b533a2376d4<-1e09a021-a6d7-4a53-819d-98ce6b091a77#0:FAIL-t7, fe8e0c84-158f-427e-8307-4b533a2376d4<-b43dc2d2-5265-4a31-922b-3f50c0227a2c#0:FAIL-t7] and 0 exception(s); fe8e0c84-158f-427e-8307-4b533a2376d4@group-B007A63A5CCA:t7, leader=null, voted=fe8e0c84-158f-427e-8307-4b533a2376d4, raftlog=fe8e0c84-158f-427e-8307-4b533a2376d4@group-B007A63A5CCA-SegmentedRaftLog:OPENED:c3,f4,i4, conf=0: [1e09a021-a6d7-4a53-819d-98ce6b091a77:192.168.34.41:46402, b43dc2d2-5265-4a31-922b-3f50c0227a2c:192.168.34.41:35789, fe8e0c84-158f-427e-8307-4b533a2376d4:192.168.34.41:37955], old=null
2019-10-25 21:28:55,675 [fe8e0c84-158f-427e-8307-4b533a2376d4@group-B007A63A5CCA-LeaderElection12] INFO  impl.RaftServerImpl (RaftServerImpl.java:setRole(184)) - fe8e0c84-158f-427e-8307-4b533a2376d4@group-B007A63A5CCA: changes role from CANDIDATE to FOLLOWER at term 7 for DISCOVERED_A_NEW_TERM
2019-10-25 21:28:55,676 [fe8e0c84-158f-427e-8307-4b533a2376d4@group-B007A63A5CCA-LeaderElection12] INFO  impl.RoleInfo (RoleInfo.java:shutdownLeaderElection(134)) - fe8e0c84-158f-427e-8307-4b533a2376d4: shutdown LeaderElection
2019-10-25 21:28:55,676 [fe8e0c84-158f-427e-8307-4b533a2376d4@group-B007A63A5CCA-LeaderElection12] INFO  impl.RoleInfo (RoleInfo.java:updateAndGet(143)) - fe8e0c84-158f-427e-8307-4b533a2376d4: start FollowerState
2019-10-25 21:28:55,765 [Thread-592] INFO  impl.FollowerState (FollowerState.java:run(108)) - fe8e0c84-158f-427e-8307-4b533a2376d4@group-B007A63A5CCA-FollowerState: change to CANDIDATE, lastRpcTime:89ms, electionTimeout:88ms
2019-10-25 21:28:55,768 [Thread-592] INFO  impl.RoleInfo (RoleInfo.java:shutdownFollowerState(121)) - fe8e0c84-158f-427e-8307-4b533a2376d4: shutdown FollowerState
2019-10-25 21:28:55,768 [Thread-592] INFO  impl.RaftServerImpl (RaftServerImpl.java:setRole(184)) - fe8e0c84-158f-427e-8307-4b533a2376d4@group-B007A63A5CCA: changes role from  FOLLOWER to CANDIDATE at term 7 for changeToCandidate
2019-10-25 21:28:55,768 [Thread-592] INFO  impl.RoleInfo (RoleInfo.java:updateAndGet(143)) - fe8e0c84-158f-427e-8307-4b533a2376d4: start LeaderElection
2019-10-25 21:28:55,783 [fe8e0c84-158f-427e-8307-4b533a2376d4@group-B007A63A5CCA-LeaderElection13] INFO  impl.LeaderElection (LeaderElection.java:askForVotes(178)) - fe8e0c84-158f-427e-8307-4b533a2376d4@group-B007A63A5CCA-LeaderElection13: begin an election at term 8 for 0: [1e09a021-a6d7-4a53-819d-98ce6b091a77:192.168.34.41:46402, b43dc2d2-5265-4a31-922b-3f50c0227a2c:192.168.34.41:35789, fe8e0c84-158f-427e-8307-4b533a2376d4:192.168.34.41:37955], old=null
2019-10-25 21:28:55,790 [grpc-default-executor-2] INFO  impl.RaftServerImpl (RaftServerImpl.java:setRole(184)) - b43dc2d2-5265-4a31-922b-3f50c0227a2c@group-B007A63A5CCA: changes role from  FOLLOWER to FOLLOWER at term 8 for recognizeCandidate:fe8e0c84-158f-427e-8307-4b533a2376d4
2019-10-25 21:28:55,790 [grpc-default-executor-2] INFO  impl.RoleInfo (RoleInfo.java:shutdownFollowerState(121)) - b43dc2d2-5265-4a31-922b-3f50c0227a2c: shutdown FollowerState
2019-10-25 21:28:55,790 [grpc-default-executor-0] INFO  impl.RaftServerImpl (RaftServerImpl.java:setRole(184)) - 1e09a021-a6d7-4a53-819d-98ce6b091a77@group-B007A63A5CCA: changes role from  FOLLOWER to FOLLOWER at term 8 for recognizeCandidate:fe8e0c84-158f-427e-8307-4b533a2376d4
2019-10-25 21:28:55,790 [Thread-591] INFO  impl.FollowerState (FollowerState.java:run(117)) - b43dc2d2-5265-4a31-922b-3f50c0227a2c@group-B007A63A5CCA-FollowerState was interrupted: java.lang.InterruptedException: sleep interrupted
2019-10-25 21:28:55,790 [grpc-default-executor-2] INFO  impl.RoleInfo (RoleInfo.java:updateAndGet(143)) - b43dc2d2-5265-4a31-922b-3f50c0227a2c: start FollowerState
2019-10-25 21:28:55,790 [grpc-default-executor-0] INFO  impl.RoleInfo (RoleInfo.java:shutdownFollowerState(121)) - 1e09a021-a6d7-4a53-819d-98ce6b091a77: shutdown FollowerState
2019-10-25 21:28:55,792 [Thread-590] INFO  impl.FollowerState (FollowerState.java:run(117)) - 1e09a021-a6d7-4a53-819d-98ce6b091a77@group-B007A63A5CCA-FollowerState was interrupted: java.lang.InterruptedException: sleep interrupted
2019-10-25 21:28:55,792 [grpc-default-executor-0] INFO  impl.RoleInfo (RoleInfo.java:updateAndGet(143)) - 1e09a021-a6d7-4a53-819d-98ce6b091a77: start FollowerState
2019-10-25 21:28:55,808 [fe8e0c84-158f-427e-8307-4b533a2376d4@group-B007A63A5CCA-LeaderElection13] INFO  impl.LeaderElection (LeaderElection.java:logAndReturn(56)) - fe8e0c84-158f-427e-8307-4b533a2376d4@group-B007A63A5CCA-LeaderElection13: Election REJECTED; received 2 response(s) [fe8e0c84-158f-427e-8307-4b533a2376d4<-1e09a021-a6d7-4a53-819d-98ce6b091a77#0:FAIL-t8, fe8e0c84-158f-427e-8307-4b533a2376d4<-b43dc2d2-5265-4a31-922b-3f50c0227a2c#0:FAIL-t8] and 0 exception(s); fe8e0c84-158f-427e-8307-4b533a2376d4@group-B007A63A5CCA:t8, leader=null, voted=fe8e0c84-158f-427e-8307-4b533a2376d4, raftlog=fe8e0c84-158f-427e-8307-4b533a2376d4@group-B007A63A5CCA-SegmentedRaftLog:OPENED:c3,f4,i4, conf=0: [1e09a021-a6d7-4a53-819d-98ce6b091a77:192.168.34.41:46402, b43dc2d2-5265-4a31-922b-3f50c0227a2c:192.168.34.41:35789, fe8e0c84-158f-427e-8307-4b533a2376d4:192.168.34.41:37955], old=null
2019-10-25 21:28:55,808 [fe8e0c84-158f-427e-8307-4b533a2376d4@group-B007A63A5CCA-LeaderElection13] INFO  impl.RaftServerImpl (RaftServerImpl.java:setRole(184)) - fe8e0c84-158f-427e-8307-4b533a2376d4@group-B007A63A5CCA: changes role from CANDIDATE to FOLLOWER at term 8 for DISCOVERED_A_NEW_TERM
2019-10-25 21:28:55,809 [fe8e0c84-158f-427e-8307-4b533a2376d4@group-B007A63A5CCA-LeaderElection13] INFO  impl.RoleInfo (RoleInfo.java:shutdownLeaderElection(134)) - fe8e0c84-158f-427e-8307-4b533a2376d4: shutdown LeaderElection
2019-10-25 21:28:55,809 [fe8e0c84-158f-427e-8307-4b533a2376d4@group-B007A63A5CCA-LeaderElection13] INFO  impl.RoleInfo (RoleInfo.java:updateAndGet(143)) - fe8e0c84-158f-427e-8307-4b533a2376d4: start FollowerState
2019-10-25 21:28:55,879 [Thread-599] INFO  impl.FollowerState (FollowerState.java:run(108)) - fe8e0c84-158f-427e-8307-4b533a2376d4@group-B007A63A5CCA-FollowerState: change to CANDIDATE, lastRpcTime:70ms, electionTimeout:69ms
2019-10-25 21:28:55,881 [Thread-599] INFO  impl.RoleInfo (RoleInfo.java:shutdownFollowerState(121)) - fe8e0c84-158f-427e-8307-4b533a2376d4: shutdown FollowerState
2019-10-25 21:28:55,881 [Thread-599] INFO  impl.RaftServerImpl (RaftServerImpl.java:setRole(184)) - fe8e0c84-158f-427e-8307-4b533a2376d4@group-B007A63A5CCA: changes role from  FOLLOWER to CANDIDATE at term 8 for changeToCandidate
2019-10-25 21:28:55,881 [Thread-599] INFO  impl.RoleInfo (RoleInfo.java:updateAndGet(143)) - fe8e0c84-158f-427e-8307-4b533a2376d4: start LeaderElection
2019-10-25 21:28:55,895 [fe8e0c84-158f-427e-8307-4b533a2376d4@group-B007A63A5CCA-LeaderElection14] INFO  impl.LeaderElection (LeaderElection.java:askForVotes(178)) - fe8e0c84-158f-427e-8307-4b533a2376d4@group-B007A63A5CCA-LeaderElection14: begin an election at term 9 for 0: [1e09a021-a6d7-4a53-819d-98ce6b091a77:192.168.34.41:46402, b43dc2d2-5265-4a31-922b-3f50c0227a2c:192.168.34.41:35789, fe8e0c84-158f-427e-8307-4b533a2376d4:192.168.34.41:37955], old=null
2019-10-25 21:28:55,899 [grpc-default-executor-2] INFO  impl.RaftServerImpl (RaftServerImpl.java:setRole(184)) - 1e09a021-a6d7-4a53-819d-98ce6b091a77@group-B007A63A5CCA: changes role from  FOLLOWER to FOLLOWER at term 9 for recognizeCandidate:fe8e0c84-158f-427e-8307-4b533a2376d4
2019-10-25 21:28:55,900 [grpc-default-executor-2] INFO  impl.RoleInfo (RoleInfo.java:shutdownFollowerState(121)) - 1e09a021-a6d7-4a53-819d-98ce6b091a77: shutdown FollowerState
2019-10-25 21:28:55,900 [grpc-default-executor-0] INFO  impl.RaftServerImpl (RaftServerImpl.java:setRole(184)) - b43dc2d2-5265-4a31-922b-3f50c0227a2c@group-B007A63A5CCA: changes role from  FOLLOWER to FOLLOWER at term 9 for recognizeCandidate:fe8e0c84-158f-427e-8307-4b533a2376d4
2019-10-25 21:28:55,900 [grpc-default-executor-2] INFO  impl.RoleInfo (RoleInfo.java:updateAndGet(143)) - 1e09a021-a6d7-4a53-819d-98ce6b091a77: start FollowerState
2019-10-25 21:28:55,900 [grpc-default-executor-0] INFO  impl.RoleInfo (RoleInfo.java:shutdownFollowerState(121)) - b43dc2d2-5265-4a31-922b-3f50c0227a2c: shutdown FollowerState
2019-10-25 21:28:55,900 [Thread-598] INFO  impl.FollowerState (FollowerState.java:run(117)) - 1e09a021-a6d7-4a53-819d-98ce6b091a77@group-B007A63A5CCA-FollowerState was interrupted: java.lang.InterruptedException: sleep interrupted
2019-10-25 21:28:55,901 [Thread-597] INFO  impl.FollowerState (FollowerState.java:run(117)) - b43dc2d2-5265-4a31-922b-3f50c0227a2c@group-B007A63A5CCA-FollowerState was interrupted: java.lang.InterruptedException: sleep interrupted
2019-10-25 21:28:55,901 [grpc-default-executor-0] INFO  impl.RoleInfo (RoleInfo.java:updateAndGet(143)) - b43dc2d2-5265-4a31-922b-3f50c0227a2c: start FollowerState
2019-10-25 21:28:55,914 [fe8e0c84-158f-427e-8307-4b533a2376d4@group-B007A63A5CCA-LeaderElection14] INFO  impl.LeaderElection (LeaderElection.java:logAndReturn(56)) - fe8e0c84-158f-427e-8307-4b533a2376d4@group-B007A63A5CCA-LeaderElection14: Election REJECTED; received 2 response(s) [fe8e0c84-158f-427e-8307-4b533a2376d4<-1e09a021-a6d7-4a53-819d-98ce6b091a77#0:FAIL-t9, fe8e0c84-158f-427e-8307-4b533a2376d4<-b43dc2d2-5265-4a31-922b-3f50c0227a2c#0:FAIL-t9] and 0 exception(s); fe8e0c84-158f-427e-8307-4b533a2376d4@group-B007A63A5CCA:t9, leader=null, voted=fe8e0c84-158f-427e-8307-4b533a2376d4, raftlog=fe8e0c84-158f-427e-8307-4b533a2376d4@group-B007A63A5CCA-SegmentedRaftLog:OPENED:c3,f4,i4, conf=0: [1e09a021-a6d7-4a53-819d-98ce6b091a77:192.168.34.41:46402, b43dc2d2-5265-4a31-922b-3f50c0227a2c:192.168.34.41:35789, fe8e0c84-158f-427e-8307-4b533a2376d4:192.168.34.41:37955], old=null
2019-10-25 21:28:55,914 [fe8e0c84-158f-427e-8307-4b533a2376d4@group-B007A63A5CCA-LeaderElection14] INFO  impl.RaftServerImpl (RaftServerImpl.java:setRole(184)) - fe8e0c84-158f-427e-8307-4b533a2376d4@group-B007A63A5CCA: changes role from CANDIDATE to FOLLOWER at term 9 for DISCOVERED_A_NEW_TERM
2019-10-25 21:28:55,915 [fe8e0c84-158f-427e-8307-4b533a2376d4@group-B007A63A5CCA-LeaderElection14] INFO  impl.RoleInfo (RoleInfo.java:shutdownLeaderElection(134)) - fe8e0c84-158f-427e-8307-4b533a2376d4: shutdown LeaderElection
2019-10-25 21:28:55,916 [fe8e0c84-158f-427e-8307-4b533a2376d4@group-B007A63A5CCA-LeaderElection14] INFO  impl.RoleInfo (RoleInfo.java:updateAndGet(143)) - fe8e0c84-158f-427e-8307-4b533a2376d4: start FollowerState
2019-10-25 21:28:55,959 [Thread-607] INFO  client.GrpcClientProtocolService (GrpcClientProtocolService.java:lambda$processClientRequest$0(278)) - Failed RaftClientRequest:client-6DCA51C798D1->b43dc2d2-5265-4a31-922b-3f50c0227a2c@group-B007A63A5CCA, cid=10, seq=0, Watch-ALL_COMMITTED(6), Message:<EMPTY>, reply=RaftClientReply:client-6DCA51C798D1->b43dc2d2-5265-4a31-922b-3f50c0227a2c@group-B007A63A5CCA, cid=10, FAILED org.apache.ratis.protocol.NotLeaderException: Server b43dc2d2-5265-4a31-922b-3f50c0227a2c@group-B007A63A5CCA is not the leader, logIndex=0, commits[b43dc2d2-5265-4a31-922b-3f50c0227a2c:c10, 1e09a021-a6d7-4a53-819d-98ce6b091a77:c10, fe8e0c84-158f-427e-8307-4b533a2376d4:c4]
2019-10-25 21:28:56,113 [Thread-605] INFO  impl.FollowerState (FollowerState.java:run(108)) - fe8e0c84-158f-427e-8307-4b533a2376d4@group-B007A63A5CCA-FollowerState: change to CANDIDATE, lastRpcTime:197ms, electionTimeout:196ms
2019-10-25 21:28:56,114 [Thread-605] INFO  impl.RoleInfo (RoleInfo.java:shutdownFollowerState(121)) - fe8e0c84-158f-427e-8307-4b533a2376d4: shutdown FollowerState
2019-10-25 21:28:56,114 [Thread-605] INFO  impl.RaftServerImpl (RaftServerImpl.java:setRole(184)) - fe8e0c84-158f-427e-8307-4b533a2376d4@group-B007A63A5CCA: changes role from  FOLLOWER to CANDIDATE at term 9 for changeToCandidate
2019-10-25 21:28:56,114 [Thread-605] INFO  impl.RoleInfo (RoleInfo.java:updateAndGet(143)) - fe8e0c84-158f-427e-8307-4b533a2376d4: start LeaderElection
2019-10-25 21:28:56,129 [fe8e0c84-158f-427e-8307-4b533a2376d4@group-B007A63A5CCA-LeaderElection15] INFO  impl.LeaderElection (LeaderElection.java:askForVotes(178)) - fe8e0c84-158f-427e-8307-4b533a2376d4@group-B007A63A5CCA-LeaderElection15: begin an election at term 10 for 0: [1e09a021-a6d7-4a53-819d-98ce6b091a77:192.168.34.41:46402, b43dc2d2-5265-4a31-922b-3f50c0227a2c:192.168.34.41:35789, fe8e0c84-158f-427e-8307-4b533a2376d4:192.168.34.41:37955], old=null
2019-10-25 21:28:56,238 [grpc-default-executor-2] INFO  impl.RaftServerImpl (RaftServerImpl.java:setRole(184)) - b43dc2d2-5265-4a31-922b-3f50c0227a2c@group-B007A63A5CCA: changes role from  FOLLOWER to FOLLOWER at term 10 for recognizeCandidate:fe8e0c84-158f-427e-8307-4b533a2376d4
2019-10-25 21:28:56,238 [grpc-default-executor-0] INFO  impl.RaftServerImpl (RaftServerImpl.java:setRole(184)) - 1e09a021-a6d7-4a53-819d-98ce6b091a77@group-B007A63A5CCA: changes role from  FOLLOWER to FOLLOWER at term 10 for recognizeCandidate:fe8e0c84-158f-427e-8307-4b533a2376d4
2019-10-25 21:28:56,238 [grpc-default-executor-2] INFO  impl.RoleInfo (RoleInfo.java:shutdownFollowerState(121)) - b43dc2d2-5265-4a31-922b-3f50c0227a2c: shutdown FollowerState
2019-10-25 21:28:56,238 [grpc-default-executor-0] INFO  impl.RoleInfo (RoleInfo.java:shutdownFollowerState(121)) - 1e09a021-a6d7-4a53-819d-98ce6b091a77: shutdown FollowerState
2019-10-25 21:28:56,239 [grpc-default-executor-2] INFO  impl.RoleInfo (RoleInfo.java:updateAndGet(143)) - b43dc2d2-5265-4a31-922b-3f50c0227a2c: start FollowerState
2019-10-25 21:28:56,239 [Thread-603] INFO  impl.FollowerState (FollowerState.java:run(117)) - 1e09a021-a6d7-4a53-819d-98ce6b091a77@group-B007A63A5CCA-FollowerState was interrupted: java.lang.InterruptedException: sleep interrupted
2019-10-25 21:28:56,239 [grpc-default-executor-0] INFO  impl.RoleInfo (RoleInfo.java:updateAndGet(143)) - 1e09a021-a6d7-4a53-819d-98ce6b091a77: start FollowerState
2019-10-25 21:28:56,239 [Thread-604] INFO  impl.FollowerState (FollowerState.java:run(117)) - b43dc2d2-5265-4a31-922b-3f50c0227a2c@group-B007A63A5CCA-FollowerState was interrupted: java.lang.InterruptedException: sleep interrupted
2019-10-25 21:28:56,269 [fe8e0c84-158f-427e-8307-4b533a2376d4@group-B007A63A5CCA-LeaderElection15] INFO  impl.LeaderElection (LeaderElection.java:logAndReturn(56)) - fe8e0c84-158f-427e-8307-4b533a2376d4@group-B007A63A5CCA-LeaderElection15: Election REJECTED; received 2 response(s) [fe8e0c84-158f-427e-8307-4b533a2376d4<-1e09a021-a6d7-4a53-819d-98ce6b091a77#0:FAIL-t10, fe8e0c84-158f-427e-8307-4b533a2376d4<-b43dc2d2-5265-4a31-922b-3f50c0227a2c#0:FAIL-t10] and 0 exception(s); fe8e0c84-158f-427e-8307-4b533a2376d4@group-B007A63A5CCA:t10, leader=null, voted=fe8e0c84-158f-427e-8307-4b533a2376d4, raftlog=fe8e0c84-158f-427e-8307-4b533a2376d4@group-B007A63A5CCA-SegmentedRaftLog:OPENED:c3,f4,i4, conf=0: [1e09a021-a6d7-4a53-819d-98ce6b091a77:192.168.34.41:46402, b43dc2d2-5265-4a31-922b-3f50c0227a2c:192.168.34.41:35789, fe8e0c84-158f-427e-8307-4b533a2376d4:192.168.34.41:37955], old=null
2019-10-25 21:28:56,269 [fe8e0c84-158f-427e-8307-4b533a2376d4@group-B007A63A5CCA-LeaderElection15] INFO  impl.RaftServerImpl (RaftServerImpl.java:setRole(184)) - fe8e0c84-158f-427e-8307-4b533a2376d4@group-B007A63A5CCA: changes role from CANDIDATE to FOLLOWER at term 10 for DISCOVERED_A_NEW_TERM
2019-10-25 21:28:56,274 [fe8e0c84-158f-427e-8307-4b533a2376d4@group-B007A63A5CCA-LeaderElection15] INFO  impl.RoleInfo (RoleInfo.java:shutdownLeaderElection(134)) - fe8e0c84-158f-427e-8307-4b533a2376d4: shutdown LeaderElection
2019-10-25 21:28:56,274 [fe8e0c84-158f-427e-8307-4b533a2376d4@group-B007A63A5CCA-LeaderElection15] INFO  impl.RoleInfo (RoleInfo.java:updateAndGet(143)) - fe8e0c84-158f-427e-8307-4b533a2376d4: start FollowerState
2019-10-25 21:28:56,287 [pool-7-thread-4] INFO  commands.RetriableDatanodeEventWatcher (RetriableDatanodeEventWatcher.java:onTimeout(47)) - RetriableDatanodeCommand type=deleteBlocksCommand with id=1572038931285 timed out. Retrying.
2019-10-25 21:28:56,289 [pool-7-thread-5] INFO  commands.RetriableDatanodeEventWatcher (RetriableDatanodeEventWatcher.java:onTimeout(47)) - RetriableDatanodeCommand type=deleteBlocksCommand with id=1572038931283 timed out. Retrying.
2019-10-25 21:28:56,289 [pool-7-thread-1] INFO  commands.RetriableDatanodeEventWatcher (RetriableDatanodeEventWatcher.java:onTimeout(47)) - RetriableDatanodeCommand type=deleteBlocksCommand with id=1572038931288 timed out. Retrying.
2019-10-25 21:28:56,289 [pool-7-thread-3] INFO  commands.RetriableDatanodeEventWatcher (RetriableDatanodeEventWatcher.java:onTimeout(47)) - RetriableDatanodeCommand type=deleteBlocksCommand with id=1572038931281 timed out. Retrying.
2019-10-25 21:28:56,290 [SCMBlockDeletingService#1] INFO  block.SCMBlockDeletingService (SCMBlockDeletingService.java:call(184)) - Totally added 1 delete blocks command for 1 datanodes, task elapsed time: 1ms
2019-10-25 21:28:56,290 [pool-7-thread-2] INFO  commands.RetriableDatanodeEventWatcher (RetriableDatanodeEventWatcher.java:onTimeout(47)) - RetriableDatanodeCommand type=deleteBlocksCommand with id=1572038931287 timed out. Retrying.
2019-10-25 21:28:56,422 [Thread-614] INFO  impl.FollowerState (FollowerState.java:run(108)) - fe8e0c84-158f-427e-8307-4b533a2376d4@group-B007A63A5CCA-FollowerState: change to CANDIDATE, lastRpcTime:147ms, electionTimeout:147ms
2019-10-25 21:28:56,422 [Thread-614] INFO  impl.RoleInfo (RoleInfo.java:shutdownFollowerState(121)) - fe8e0c84-158f-427e-8307-4b533a2376d4: shutdown FollowerState
2019-10-25 21:28:56,422 [Thread-614] INFO  impl.RaftServerImpl (RaftServerImpl.java:setRole(184)) - fe8e0c84-158f-427e-8307-4b533a2376d4@group-B007A63A5CCA: changes role from  FOLLOWER to CANDIDATE at term 10 for changeToCandidate
2019-10-25 21:28:56,422 [Thread-614] INFO  impl.RoleInfo (RoleInfo.java:updateAndGet(143)) - fe8e0c84-158f-427e-8307-4b533a2376d4: start LeaderElection
2019-10-25 21:28:56,436 [fe8e0c84-158f-427e-8307-4b533a2376d4@group-B007A63A5CCA-LeaderElection16] INFO  impl.LeaderElection (LeaderElection.java:askForVotes(178)) - fe8e0c84-158f-427e-8307-4b533a2376d4@group-B007A63A5CCA-LeaderElection16: begin an election at term 11 for 0: [1e09a021-a6d7-4a53-819d-98ce6b091a77:192.168.34.41:46402, b43dc2d2-5265-4a31-922b-3f50c0227a2c:192.168.34.41:35789, fe8e0c84-158f-427e-8307-4b533a2376d4:192.168.34.41:37955], old=null
2019-10-25 21:28:56,441 [grpc-default-executor-2] INFO  impl.RaftServerImpl (RaftServerImpl.java:setRole(184)) - 1e09a021-a6d7-4a53-819d-98ce6b091a77@group-B007A63A5CCA: changes role from  FOLLOWER to FOLLOWER at term 11 for recognizeCandidate:fe8e0c84-158f-427e-8307-4b533a2376d4
2019-10-25 21:28:56,441 [grpc-default-executor-2] INFO  impl.RoleInfo (RoleInfo.java:shutdownFollowerState(121)) - 1e09a021-a6d7-4a53-819d-98ce6b091a77: shutdown FollowerState
2019-10-25 21:28:56,441 [Thread-613] INFO  impl.FollowerState (FollowerState.java:run(117)) - 1e09a021-a6d7-4a53-819d-98ce6b091a77@group-B007A63A5CCA-FollowerState was interrupted: java.lang.InterruptedException: sleep interrupted
2019-10-25 21:28:56,441 [grpc-default-executor-2] INFO  impl.RoleInfo (RoleInfo.java:updateAndGet(143)) - 1e09a021-a6d7-4a53-819d-98ce6b091a77: start FollowerState
2019-10-25 21:28:56,443 [grpc-default-executor-0] INFO  impl.RaftServerImpl (RaftServerImpl.java:setRole(184)) - b43dc2d2-5265-4a31-922b-3f50c0227a2c@group-B007A63A5CCA: changes role from  FOLLOWER to FOLLOWER at term 11 for recognizeCandidate:fe8e0c84-158f-427e-8307-4b533a2376d4
2019-10-25 21:28:56,443 [grpc-default-executor-0] INFO  impl.RoleInfo (RoleInfo.java:shutdownFollowerState(121)) - b43dc2d2-5265-4a31-922b-3f50c0227a2c: shutdown FollowerState
2019-10-25 21:28:56,444 [Thread-612] INFO  impl.FollowerState (FollowerState.java:run(117)) - b43dc2d2-5265-4a31-922b-3f50c0227a2c@group-B007A63A5CCA-FollowerState was interrupted: java.lang.InterruptedException: sleep interrupted
2019-10-25 21:28:56,444 [grpc-default-executor-0] INFO  impl.RoleInfo (RoleInfo.java:updateAndGet(143)) - b43dc2d2-5265-4a31-922b-3f50c0227a2c: start FollowerState
2019-10-25 21:28:56,460 [fe8e0c84-158f-427e-8307-4b533a2376d4@group-B007A63A5CCA-LeaderElection16] INFO  impl.LeaderElection (LeaderElection.java:logAndReturn(56)) - fe8e0c84-158f-427e-8307-4b533a2376d4@group-B007A63A5CCA-LeaderElection16: Election REJECTED; received 2 response(s) [fe8e0c84-158f-427e-8307-4b533a2376d4<-1e09a021-a6d7-4a53-819d-98ce6b091a77#0:FAIL-t11, fe8e0c84-158f-427e-8307-4b533a2376d4<-b43dc2d2-5265-4a31-922b-3f50c0227a2c#0:FAIL-t11] and 0 exception(s); fe8e0c84-158f-427e-8307-4b533a2376d4@group-B007A63A5CCA:t11, leader=null, voted=fe8e0c84-158f-427e-8307-4b533a2376d4, raftlog=fe8e0c84-158f-427e-8307-4b533a2376d4@group-B007A63A5CCA-SegmentedRaftLog:OPENED:c3,f4,i4, conf=0: [1e09a021-a6d7-4a53-819d-98ce6b091a77:192.168.34.41:46402, b43dc2d2-5265-4a31-922b-3f50c0227a2c:192.168.34.41:35789, fe8e0c84-158f-427e-8307-4b533a2376d4:192.168.34.41:37955], old=null
2019-10-25 21:28:56,460 [fe8e0c84-158f-427e-8307-4b533a2376d4@group-B007A63A5CCA-LeaderElection16] INFO  impl.RaftServerImpl (RaftServerImpl.java:setRole(184)) - fe8e0c84-158f-427e-8307-4b533a2376d4@group-B007A63A5CCA: changes role from CANDIDATE to FOLLOWER at term 11 for DISCOVERED_A_NEW_TERM
2019-10-25 21:28:56,461 [fe8e0c84-158f-427e-8307-4b533a2376d4@group-B007A63A5CCA-LeaderElection16] INFO  impl.RoleInfo (RoleInfo.java:shutdownLeaderElection(134)) - fe8e0c84-158f-427e-8307-4b533a2376d4: shutdown LeaderElection
2019-10-25 21:28:56,461 [fe8e0c84-158f-427e-8307-4b533a2376d4@group-B007A63A5CCA-LeaderElection16] INFO  impl.RoleInfo (RoleInfo.java:updateAndGet(143)) - fe8e0c84-158f-427e-8307-4b533a2376d4: start FollowerState
2019-10-25 21:28:56,582 [Thread-620] INFO  impl.FollowerState (FollowerState.java:run(108)) - fe8e0c84-158f-427e-8307-4b533a2376d4@group-B007A63A5CCA-FollowerState: change to CANDIDATE, lastRpcTime:121ms, electionTimeout:121ms
2019-10-25 21:28:56,583 [Thread-620] INFO  impl.RoleInfo (RoleInfo.java:shutdownFollowerState(121)) - fe8e0c84-158f-427e-8307-4b533a2376d4: shutdown FollowerState
2019-10-25 21:28:56,583 [Thread-620] INFO  impl.RaftServerImpl (RaftServerImpl.java:setRole(184)) - fe8e0c84-158f-427e-8307-4b533a2376d4@group-B007A63A5CCA: changes role from  FOLLOWER to CANDIDATE at term 11 for changeToCandidate
2019-10-25 21:28:56,583 [Thread-620] INFO  impl.RoleInfo (RoleInfo.java:updateAndGet(143)) - fe8e0c84-158f-427e-8307-4b533a2376d4: start LeaderElection
2019-10-25 21:28:56,597 [fe8e0c84-158f-427e-8307-4b533a2376d4@group-B007A63A5CCA-LeaderElection17] INFO  impl.LeaderElection (LeaderElection.java:askForVotes(178)) - fe8e0c84-158f-427e-8307-4b533a2376d4@group-B007A63A5CCA-LeaderElection17: begin an election at term 12 for 0: [1e09a021-a6d7-4a53-819d-98ce6b091a77:192.168.34.41:46402, b43dc2d2-5265-4a31-922b-3f50c0227a2c:192.168.34.41:35789, fe8e0c84-158f-427e-8307-4b533a2376d4:192.168.34.41:37955], old=null
2019-10-25 21:28:56,602 [grpc-default-executor-0] INFO  impl.RaftServerImpl (RaftServerImpl.java:setRole(184)) - 1e09a021-a6d7-4a53-819d-98ce6b091a77@group-B007A63A5CCA: changes role from  FOLLOWER to FOLLOWER at term 12 for recognizeCandidate:fe8e0c84-158f-427e-8307-4b533a2376d4
2019-10-25 21:28:56,603 [grpc-default-executor-0] INFO  impl.RoleInfo (RoleInfo.java:shutdownFollowerState(121)) - 1e09a021-a6d7-4a53-819d-98ce6b091a77: shutdown FollowerState
2019-10-25 21:28:56,603 [grpc-default-executor-2] INFO  impl.RaftServerImpl (RaftServerImpl.java:setRole(184)) - b43dc2d2-5265-4a31-922b-3f50c0227a2c@group-B007A63A5CCA: changes role from  FOLLOWER to FOLLOWER at term 12 for recognizeCandidate:fe8e0c84-158f-427e-8307-4b533a2376d4
2019-10-25 21:28:56,603 [grpc-default-executor-0] INFO  impl.RoleInfo (RoleInfo.java:updateAndGet(143)) - 1e09a021-a6d7-4a53-819d-98ce6b091a77: start FollowerState
2019-10-25 21:28:56,603 [Thread-618] INFO  impl.FollowerState (FollowerState.java:run(117)) - 1e09a021-a6d7-4a53-819d-98ce6b091a77@group-B007A63A5CCA-FollowerState was interrupted: java.lang.InterruptedException: sleep interrupted
2019-10-25 21:28:56,603 [grpc-default-executor-2] INFO  impl.RoleInfo (RoleInfo.java:shutdownFollowerState(121)) - b43dc2d2-5265-4a31-922b-3f50c0227a2c: shutdown FollowerState
2019-10-25 21:28:56,605 [Thread-619] INFO  impl.FollowerState (FollowerState.java:run(117)) - b43dc2d2-5265-4a31-922b-3f50c0227a2c@group-B007A63A5CCA-FollowerState was interrupted: java.lang.InterruptedException: sleep interrupted
2019-10-25 21:28:56,605 [grpc-default-executor-2] INFO  impl.RoleInfo (RoleInfo.java:updateAndGet(143)) - b43dc2d2-5265-4a31-922b-3f50c0227a2c: start FollowerState
2019-10-25 21:28:56,622 [fe8e0c84-158f-427e-8307-4b533a2376d4@group-B007A63A5CCA-LeaderElection17] INFO  impl.LeaderElection (LeaderElection.java:logAndReturn(56)) - fe8e0c84-158f-427e-8307-4b533a2376d4@group-B007A63A5CCA-LeaderElection17: Election REJECTED; received 2 response(s) [fe8e0c84-158f-427e-8307-4b533a2376d4<-1e09a021-a6d7-4a53-819d-98ce6b091a77#0:FAIL-t12, fe8e0c84-158f-427e-8307-4b533a2376d4<-b43dc2d2-5265-4a31-922b-3f50c0227a2c#0:FAIL-t12] and 0 exception(s); fe8e0c84-158f-427e-8307-4b533a2376d4@group-B007A63A5CCA:t12, leader=null, voted=fe8e0c84-158f-427e-8307-4b533a2376d4, raftlog=fe8e0c84-158f-427e-8307-4b533a2376d4@group-B007A63A5CCA-SegmentedRaftLog:OPENED:c3,f4,i4, conf=0: [1e09a021-a6d7-4a53-819d-98ce6b091a77:192.168.34.41:46402, b43dc2d2-5265-4a31-922b-3f50c0227a2c:192.168.34.41:35789, fe8e0c84-158f-427e-8307-4b533a2376d4:192.168.34.41:37955], old=null
2019-10-25 21:28:56,622 [fe8e0c84-158f-427e-8307-4b533a2376d4@group-B007A63A5CCA-LeaderElection17] INFO  impl.RaftServerImpl (RaftServerImpl.java:setRole(184)) - fe8e0c84-158f-427e-8307-4b533a2376d4@group-B007A63A5CCA: changes role from CANDIDATE to FOLLOWER at term 12 for DISCOVERED_A_NEW_TERM
2019-10-25 21:28:56,622 [fe8e0c84-158f-427e-8307-4b533a2376d4@group-B007A63A5CCA-LeaderElection17] INFO  impl.RoleInfo (RoleInfo.java:shutdownLeaderElection(134)) - fe8e0c84-158f-427e-8307-4b533a2376d4: shutdown LeaderElection
2019-10-25 21:28:56,622 [fe8e0c84-158f-427e-8307-4b533a2376d4@group-B007A63A5CCA-LeaderElection17] INFO  impl.RoleInfo (RoleInfo.java:updateAndGet(143)) - fe8e0c84-158f-427e-8307-4b533a2376d4: start FollowerState
2019-10-25 21:28:56,634 [BlockDeletingService#2] WARN  background.BlockDeletingService (BlockDeletingService.java:isDeletionAllowed(187)) - Close Container log Index 6 is not replicated across allthe servers in the pipeline 69397456-ee7f-4bbb-8423-b007a63a5cca as the min replicated index is 4. Deletion is not allowed in this container yet.
2019-10-25 21:28:56,634 [BlockDeletingService#2] WARN  background.BlockDeletingService (BlockDeletingService.java:isDeletionAllowed(187)) - Close Container log Index 6 is not replicated across allthe servers in the pipeline 69397456-ee7f-4bbb-8423-b007a63a5cca as the min replicated index is 4. Deletion is not allowed in this container yet.
2019-10-25 21:28:56,708 [EventQueue-PendingDeleteStatusForPendingDeleteHandler] INFO  block.SCMBlockDeletingService (SCMBlockDeletingService.java:handlePendingDeletes(115)) - Block deletion txnID mismatch in datanode fe8e0c84-158f-427e-8307-4b533a2376d4 for containerID 1. Datanode delete txnID: 0, SCM txnID: 1
2019-10-25 21:28:56,709 [Thread-626] INFO  impl.FollowerState (FollowerState.java:run(108)) - fe8e0c84-158f-427e-8307-4b533a2376d4@group-B007A63A5CCA-FollowerState: change to CANDIDATE, lastRpcTime:86ms, electionTimeout:86ms
2019-10-25 21:28:56,709 [Thread-626] INFO  impl.RoleInfo (RoleInfo.java:shutdownFollowerState(121)) - fe8e0c84-158f-427e-8307-4b533a2376d4: shutdown FollowerState
2019-10-25 21:28:56,709 [Thread-626] INFO  impl.RaftServerImpl (RaftServerImpl.java:setRole(184)) - fe8e0c84-158f-427e-8307-4b533a2376d4@group-B007A63A5CCA: changes role from  FOLLOWER to CANDIDATE at term 12 for changeToCandidate
2019-10-25 21:28:56,709 [Thread-626] INFO  impl.RoleInfo (RoleInfo.java:updateAndGet(143)) - fe8e0c84-158f-427e-8307-4b533a2376d4: start LeaderElection
2019-10-25 21:28:56,744 [fe8e0c84-158f-427e-8307-4b533a2376d4@group-B007A63A5CCA-LeaderElection18] INFO  impl.LeaderElection (LeaderElection.java:askForVotes(178)) - fe8e0c84-158f-427e-8307-4b533a2376d4@group-B007A63A5CCA-LeaderElection18: begin an election at term 13 for 0: [1e09a021-a6d7-4a53-819d-98ce6b091a77:192.168.34.41:46402, b43dc2d2-5265-4a31-922b-3f50c0227a2c:192.168.34.41:35789, fe8e0c84-158f-427e-8307-4b533a2376d4:192.168.34.41:37955], old=null
2019-10-25 21:28:56,749 [grpc-default-executor-2] INFO  impl.RaftServerImpl (RaftServerImpl.java:setRole(184)) - 1e09a021-a6d7-4a53-819d-98ce6b091a77@group-B007A63A5CCA: changes role from  FOLLOWER to FOLLOWER at term 13 for recognizeCandidate:fe8e0c84-158f-427e-8307-4b533a2376d4
2019-10-25 21:28:56,749 [grpc-default-executor-2] INFO  impl.RoleInfo (RoleInfo.java:shutdownFollowerState(121)) - 1e09a021-a6d7-4a53-819d-98ce6b091a77: shutdown FollowerState
2019-10-25 21:28:56,749 [grpc-default-executor-2] INFO  impl.RoleInfo (RoleInfo.java:updateAndGet(143)) - 1e09a021-a6d7-4a53-819d-98ce6b091a77: start FollowerState
2019-10-25 21:28:56,749 [Thread-624] INFO  impl.FollowerState (FollowerState.java:run(117)) - 1e09a021-a6d7-4a53-819d-98ce6b091a77@group-B007A63A5CCA-FollowerState was interrupted: java.lang.InterruptedException: sleep interrupted
2019-10-25 21:28:56,751 [grpc-default-executor-0] INFO  impl.RaftServerImpl (RaftServerImpl.java:setRole(184)) - b43dc2d2-5265-4a31-922b-3f50c0227a2c@group-B007A63A5CCA: changes role from  FOLLOWER to FOLLOWER at term 13 for recognizeCandidate:fe8e0c84-158f-427e-8307-4b533a2376d4
2019-10-25 21:28:56,754 [grpc-default-executor-0] INFO  impl.RoleInfo (RoleInfo.java:shutdownFollowerState(121)) - b43dc2d2-5265-4a31-922b-3f50c0227a2c: shutdown FollowerState
2019-10-25 21:28:56,755 [grpc-default-executor-0] INFO  impl.RoleInfo (RoleInfo.java:updateAndGet(143)) - b43dc2d2-5265-4a31-922b-3f50c0227a2c: start FollowerState
2019-10-25 21:28:56,755 [Thread-625] INFO  impl.FollowerState (FollowerState.java:run(117)) - b43dc2d2-5265-4a31-922b-3f50c0227a2c@group-B007A63A5CCA-FollowerState was interrupted: java.lang.InterruptedException: sleep interrupted
2019-10-25 21:28:56,769 [fe8e0c84-158f-427e-8307-4b533a2376d4@group-B007A63A5CCA-LeaderElection18] INFO  impl.LeaderElection (LeaderElection.java:logAndReturn(56)) - fe8e0c84-158f-427e-8307-4b533a2376d4@group-B007A63A5CCA-LeaderElection18: Election REJECTED; received 2 response(s) [fe8e0c84-158f-427e-8307-4b533a2376d4<-1e09a021-a6d7-4a53-819d-98ce6b091a77#0:FAIL-t13, fe8e0c84-158f-427e-8307-4b533a2376d4<-b43dc2d2-5265-4a31-922b-3f50c0227a2c#0:FAIL-t13] and 0 exception(s); fe8e0c84-158f-427e-8307-4b533a2376d4@group-B007A63A5CCA:t13, leader=null, voted=fe8e0c84-158f-427e-8307-4b533a2376d4, raftlog=fe8e0c84-158f-427e-8307-4b533a2376d4@group-B007A63A5CCA-SegmentedRaftLog:OPENED:c3,f4,i4, conf=0: [1e09a021-a6d7-4a53-819d-98ce6b091a77:192.168.34.41:46402, b43dc2d2-5265-4a31-922b-3f50c0227a2c:192.168.34.41:35789, fe8e0c84-158f-427e-8307-4b533a2376d4:192.168.34.41:37955], old=null
2019-10-25 21:28:56,769 [fe8e0c84-158f-427e-8307-4b533a2376d4@group-B007A63A5CCA-LeaderElection18] INFO  impl.RaftServerImpl (RaftServerImpl.java:setRole(184)) - fe8e0c84-158f-427e-8307-4b533a2376d4@group-B007A63A5CCA: changes role from CANDIDATE to FOLLOWER at term 13 for DISCOVERED_A_NEW_TERM
2019-10-25 21:28:56,769 [fe8e0c84-158f-427e-8307-4b533a2376d4@group-B007A63A5CCA-LeaderElection18] INFO  impl.RoleInfo (RoleInfo.java:shutdownLeaderElection(134)) - fe8e0c84-158f-427e-8307-4b533a2376d4: shutdown LeaderElection
2019-10-25 21:28:56,769 [fe8e0c84-158f-427e-8307-4b533a2376d4@group-B007A63A5CCA-LeaderElection18] INFO  impl.RoleInfo (RoleInfo.java:updateAndGet(143)) - fe8e0c84-158f-427e-8307-4b533a2376d4: start FollowerState
2019-10-25 21:28:56,773 [Thread-635] INFO  impl.FollowerState (FollowerState.java:run(108)) - fe8e0c84-158f-427e-8307-4b533a2376d4@group-B007A63A5CCA-FollowerState: change to CANDIDATE, lastRpcTime:3ms, electionTimeout:3ms
2019-10-25 21:28:56,774 [Thread-635] INFO  impl.RoleInfo (RoleInfo.java:shutdownFollowerState(121)) - fe8e0c84-158f-427e-8307-4b533a2376d4: shutdown FollowerState
2019-10-25 21:28:56,774 [Thread-635] INFO  impl.RaftServerImpl (RaftServerImpl.java:setRole(184)) - fe8e0c84-158f-427e-8307-4b533a2376d4@group-B007A63A5CCA: changes role from  FOLLOWER to CANDIDATE at term 13 for changeToCandidate
2019-10-25 21:28:56,774 [Thread-635] INFO  impl.RoleInfo (RoleInfo.java:updateAndGet(143)) - fe8e0c84-158f-427e-8307-4b533a2376d4: start LeaderElection
2019-10-25 21:28:56,789 [fe8e0c84-158f-427e-8307-4b533a2376d4@group-B007A63A5CCA-LeaderElection19] INFO  impl.LeaderElection (LeaderElection.java:askForVotes(178)) - fe8e0c84-158f-427e-8307-4b533a2376d4@group-B007A63A5CCA-LeaderElection19: begin an election at term 14 for 0: [1e09a021-a6d7-4a53-819d-98ce6b091a77:192.168.34.41:46402, b43dc2d2-5265-4a31-922b-3f50c0227a2c:192.168.34.41:35789, fe8e0c84-158f-427e-8307-4b533a2376d4:192.168.34.41:37955], old=null
2019-10-25 21:28:56,793 [grpc-default-executor-2] INFO  impl.RaftServerImpl (RaftServerImpl.java:setRole(184)) - 1e09a021-a6d7-4a53-819d-98ce6b091a77@group-B007A63A5CCA: changes role from  FOLLOWER to FOLLOWER at term 14 for recognizeCandidate:fe8e0c84-158f-427e-8307-4b533a2376d4
2019-10-25 21:28:56,793 [grpc-default-executor-2] INFO  impl.RoleInfo (RoleInfo.java:shutdownFollowerState(121)) - 1e09a021-a6d7-4a53-819d-98ce6b091a77: shutdown FollowerState
2019-10-25 21:28:56,793 [Thread-633] INFO  impl.FollowerState (FollowerState.java:run(117)) - 1e09a021-a6d7-4a53-819d-98ce6b091a77@group-B007A63A5CCA-FollowerState was interrupted: java.lang.InterruptedException: sleep interrupted
2019-10-25 21:28:56,793 [grpc-default-executor-2] INFO  impl.RoleInfo (RoleInfo.java:updateAndGet(143)) - 1e09a021-a6d7-4a53-819d-98ce6b091a77: start FollowerState
2019-10-25 21:28:56,794 [grpc-default-executor-0] INFO  impl.RaftServerImpl (RaftServerImpl.java:setRole(184)) - b43dc2d2-5265-4a31-922b-3f50c0227a2c@group-B007A63A5CCA: changes role from  FOLLOWER to FOLLOWER at term 14 for recognizeCandidate:fe8e0c84-158f-427e-8307-4b533a2376d4
2019-10-25 21:28:56,795 [grpc-default-executor-0] INFO  impl.RoleInfo (RoleInfo.java:shutdownFollowerState(121)) - b43dc2d2-5265-4a31-922b-3f50c0227a2c: shutdown FollowerState
2019-10-25 21:28:56,795 [grpc-default-executor-0] INFO  impl.RoleInfo (RoleInfo.java:updateAndGet(143)) - b43dc2d2-5265-4a31-922b-3f50c0227a2c: start FollowerState
2019-10-25 21:28:56,795 [Thread-634] INFO  impl.FollowerState (FollowerState.java:run(117)) - b43dc2d2-5265-4a31-922b-3f50c0227a2c@group-B007A63A5CCA-FollowerState was interrupted: java.lang.InterruptedException: sleep interrupted
2019-10-25 21:28:56,821 [fe8e0c84-158f-427e-8307-4b533a2376d4@group-B007A63A5CCA-LeaderElection19] INFO  impl.LeaderElection (LeaderElection.java:logAndReturn(56)) - fe8e0c84-158f-427e-8307-4b533a2376d4@group-B007A63A5CCA-LeaderElection19: Election REJECTED; received 2 response(s) [fe8e0c84-158f-427e-8307-4b533a2376d4<-1e09a021-a6d7-4a53-819d-98ce6b091a77#0:FAIL-t14, fe8e0c84-158f-427e-8307-4b533a2376d4<-b43dc2d2-5265-4a31-922b-3f50c0227a2c#0:FAIL-t14] and 0 exception(s); fe8e0c84-158f-427e-8307-4b533a2376d4@group-B007A63A5CCA:t14, leader=null, voted=fe8e0c84-158f-427e-8307-4b533a2376d4, raftlog=fe8e0c84-158f-427e-8307-4b533a2376d4@group-B007A63A5CCA-SegmentedRaftLog:OPENED:c3,f4,i4, conf=0: [1e09a021-a6d7-4a53-819d-98ce6b091a77:192.168.34.41:46402, b43dc2d2-5265-4a31-922b-3f50c0227a2c:192.168.34.41:35789, fe8e0c84-158f-427e-8307-4b533a2376d4:192.168.34.41:37955], old=null
2019-10-25 21:28:56,821 [fe8e0c84-158f-427e-8307-4b533a2376d4@group-B007A63A5CCA-LeaderElection19] INFO  impl.RaftServerImpl (RaftServerImpl.java:setRole(184)) - fe8e0c84-158f-427e-8307-4b533a2376d4@group-B007A63A5CCA: changes role from CANDIDATE to FOLLOWER at term 14 for DISCOVERED_A_NEW_TERM
2019-10-25 21:28:56,821 [fe8e0c84-158f-427e-8307-4b533a2376d4@group-B007A63A5CCA-LeaderElection19] INFO  impl.RoleInfo (RoleInfo.java:shutdownLeaderElection(134)) - fe8e0c84-158f-427e-8307-4b533a2376d4: shutdown LeaderElection
2019-10-25 21:28:56,821 [fe8e0c84-158f-427e-8307-4b533a2376d4@group-B007A63A5CCA-LeaderElection19] INFO  impl.RoleInfo (RoleInfo.java:updateAndGet(143)) - fe8e0c84-158f-427e-8307-4b533a2376d4: start FollowerState
2019-10-25 21:28:56,935 [Thread-641] INFO  impl.FollowerState (FollowerState.java:run(108)) - fe8e0c84-158f-427e-8307-4b533a2376d4@group-B007A63A5CCA-FollowerState: change to CANDIDATE, lastRpcTime:113ms, electionTimeout:113ms
2019-10-25 21:28:56,937 [Thread-641] INFO  impl.RoleInfo (RoleInfo.java:shutdownFollowerState(121)) - fe8e0c84-158f-427e-8307-4b533a2376d4: shutdown FollowerState
2019-10-25 21:28:56,937 [Thread-641] INFO  impl.RaftServerImpl (RaftServerImpl.java:setRole(184)) - fe8e0c84-158f-427e-8307-4b533a2376d4@group-B007A63A5CCA: changes role from  FOLLOWER to CANDIDATE at term 14 for changeToCandidate
2019-10-25 21:28:56,937 [Thread-641] INFO  impl.RoleInfo (RoleInfo.java:updateAndGet(143)) - fe8e0c84-158f-427e-8307-4b533a2376d4: start LeaderElection
2019-10-25 21:28:56,950 [fe8e0c84-158f-427e-8307-4b533a2376d4@group-B007A63A5CCA-LeaderElection20] INFO  impl.LeaderElection (LeaderElection.java:askForVotes(178)) - fe8e0c84-158f-427e-8307-4b533a2376d4@group-B007A63A5CCA-LeaderElection20: begin an election at term 15 for 0: [1e09a021-a6d7-4a53-819d-98ce6b091a77:192.168.34.41:46402, b43dc2d2-5265-4a31-922b-3f50c0227a2c:192.168.34.41:35789, fe8e0c84-158f-427e-8307-4b533a2376d4:192.168.34.41:37955], old=null
2019-10-25 21:28:56,955 [grpc-default-executor-2] INFO  impl.RaftServerImpl (RaftServerImpl.java:setRole(184)) - 1e09a021-a6d7-4a53-819d-98ce6b091a77@group-B007A63A5CCA: changes role from  FOLLOWER to FOLLOWER at term 15 for recognizeCandidate:fe8e0c84-158f-427e-8307-4b533a2376d4
2019-10-25 21:28:56,955 [grpc-default-executor-2] INFO  impl.RoleInfo (RoleInfo.java:shutdownFollowerState(121)) - 1e09a021-a6d7-4a53-819d-98ce6b091a77: shutdown FollowerState
2019-10-25 21:28:56,955 [grpc-default-executor-0] INFO  impl.RaftServerImpl (RaftServerImpl.java:setRole(184)) - b43dc2d2-5265-4a31-922b-3f50c0227a2c@group-B007A63A5CCA: changes role from  FOLLOWER to FOLLOWER at term 15 for recognizeCandidate:fe8e0c84-158f-427e-8307-4b533a2376d4
2019-10-25 21:28:56,955 [Thread-639] INFO  impl.FollowerState (FollowerState.java:run(117)) - 1e09a021-a6d7-4a53-819d-98ce6b091a77@group-B007A63A5CCA-FollowerState was interrupted: java.lang.InterruptedException: sleep interrupted
2019-10-25 21:28:56,955 [grpc-default-executor-0] INFO  impl.RoleInfo (RoleInfo.java:shutdownFollowerState(121)) - b43dc2d2-5265-4a31-922b-3f50c0227a2c: shutdown FollowerState
2019-10-25 21:28:56,955 [grpc-default-executor-2] INFO  impl.RoleInfo (RoleInfo.java:updateAndGet(143)) - 1e09a021-a6d7-4a53-819d-98ce6b091a77: start FollowerState
2019-10-25 21:28:56,956 [grpc-default-executor-0] INFO  impl.RoleInfo (RoleInfo.java:updateAndGet(143)) - b43dc2d2-5265-4a31-922b-3f50c0227a2c: start FollowerState
2019-10-25 21:28:56,956 [Thread-640] INFO  impl.FollowerState (FollowerState.java:run(117)) - b43dc2d2-5265-4a31-922b-3f50c0227a2c@group-B007A63A5CCA-FollowerState was interrupted: java.lang.InterruptedException: sleep interrupted
2019-10-25 21:28:56,970 [java.util.concurrent.ThreadPoolExecutor$Worker@1ea5ced5[State = -1, empty queue]] WARN  server.GrpcLogAppender (GrpcLogAppender.java:timeoutAppendRequest(209)) - 1e09a021-a6d7-4a53-819d-98ce6b091a77@group-B007A63A5CCA->fe8e0c84-158f-427e-8307-4b533a2376d4-GrpcLogAppender: appendEntries Timeout, request=1e09a021-a6d7-4a53-819d-98ce6b091a77->fe8e0c84-158f-427e-8307-4b533a2376d4#52-t2, previous=(t:2, i:10), leaderCommit=10, initializing? false, entries: <empty>
2019-10-25 21:28:56,970 [fe8e0c84-158f-427e-8307-4b533a2376d4@group-B007A63A5CCA-LeaderElection20] INFO  impl.LeaderElection (LeaderElection.java:logAndReturn(56)) - fe8e0c84-158f-427e-8307-4b533a2376d4@group-B007A63A5CCA-LeaderElection20: Election REJECTED; received 2 response(s) [fe8e0c84-158f-427e-8307-4b533a2376d4<-1e09a021-a6d7-4a53-819d-98ce6b091a77#0:FAIL-t15, fe8e0c84-158f-427e-8307-4b533a2376d4<-b43dc2d2-5265-4a31-922b-3f50c0227a2c#0:FAIL-t15] and 0 exception(s); fe8e0c84-158f-427e-8307-4b533a2376d4@group-B007A63A5CCA:t15, leader=null, voted=fe8e0c84-158f-427e-8307-4b533a2376d4, raftlog=fe8e0c84-158f-427e-8307-4b533a2376d4@group-B007A63A5CCA-SegmentedRaftLog:OPENED:c3,f4,i4, conf=0: [1e09a021-a6d7-4a53-819d-98ce6b091a77:192.168.34.41:46402, b43dc2d2-5265-4a31-922b-3f50c0227a2c:192.168.34.41:35789, fe8e0c84-158f-427e-8307-4b533a2376d4:192.168.34.41:37955], old=null
2019-10-25 21:28:56,971 [fe8e0c84-158f-427e-8307-4b533a2376d4@group-B007A63A5CCA-LeaderElection20] INFO  impl.RaftServerImpl (RaftServerImpl.java:setRole(184)) - fe8e0c84-158f-427e-8307-4b533a2376d4@group-B007A63A5CCA: changes role from CANDIDATE to FOLLOWER at term 15 for DISCOVERED_A_NEW_TERM
2019-10-25 21:28:56,971 [fe8e0c84-158f-427e-8307-4b533a2376d4@group-B007A63A5CCA-LeaderElection20] INFO  impl.RoleInfo (RoleInfo.java:shutdownLeaderElection(134)) - fe8e0c84-158f-427e-8307-4b533a2376d4: shutdown LeaderElection
2019-10-25 21:28:56,972 [fe8e0c84-158f-427e-8307-4b533a2376d4@group-B007A63A5CCA-LeaderElection20] INFO  impl.RoleInfo (RoleInfo.java:updateAndGet(143)) - fe8e0c84-158f-427e-8307-4b533a2376d4: start FollowerState
2019-10-25 21:28:56,978 [Thread-649] INFO  client.GrpcClientProtocolService (GrpcClientProtocolService.java:lambda$processClientRequest$0(278)) - Failed RaftClientRequest:client-6DCA51C798D1->fe8e0c84-158f-427e-8307-4b533a2376d4@group-B007A63A5CCA, cid=10, seq=0, Watch-ALL_COMMITTED(6), Message:<EMPTY>, reply=RaftClientReply:client-6DCA51C798D1->fe8e0c84-158f-427e-8307-4b533a2376d4@group-B007A63A5CCA, cid=10, FAILED org.apache.ratis.protocol.NotLeaderException: Server fe8e0c84-158f-427e-8307-4b533a2376d4@group-B007A63A5CCA is not the leader, logIndex=0, commits[fe8e0c84-158f-427e-8307-4b533a2376d4:c3]
2019-10-25 21:28:57,047 [Thread-648] INFO  impl.FollowerState (FollowerState.java:run(108)) - fe8e0c84-158f-427e-8307-4b533a2376d4@group-B007A63A5CCA-FollowerState: change to CANDIDATE, lastRpcTime:75ms, electionTimeout:75ms
2019-10-25 21:28:57,049 [Thread-648] INFO  impl.RoleInfo (RoleInfo.java:shutdownFollowerState(121)) - fe8e0c84-158f-427e-8307-4b533a2376d4: shutdown FollowerState
2019-10-25 21:28:57,049 [Thread-648] INFO  impl.RaftServerImpl (RaftServerImpl.java:setRole(184)) - fe8e0c84-158f-427e-8307-4b533a2376d4@group-B007A63A5CCA: changes role from  FOLLOWER to CANDIDATE at term 15 for changeToCandidate
2019-10-25 21:28:57,049 [Thread-648] INFO  impl.RoleInfo (RoleInfo.java:updateAndGet(143)) - fe8e0c84-158f-427e-8307-4b533a2376d4: start LeaderElection
2019-10-25 21:28:57,065 [fe8e0c84-158f-427e-8307-4b533a2376d4@group-B007A63A5CCA-LeaderElection21] INFO  impl.LeaderElection (LeaderElection.java:askForVotes(178)) - fe8e0c84-158f-427e-8307-4b533a2376d4@group-B007A63A5CCA-LeaderElection21: begin an election at term 16 for 0: [1e09a021-a6d7-4a53-819d-98ce6b091a77:192.168.34.41:46402, b43dc2d2-5265-4a31-922b-3f50c0227a2c:192.168.34.41:35789, fe8e0c84-158f-427e-8307-4b533a2376d4:192.168.34.41:37955], old=null
2019-10-25 21:28:57,070 [grpc-default-executor-0] INFO  impl.RaftServerImpl (RaftServerImpl.java:setRole(184)) - 1e09a021-a6d7-4a53-819d-98ce6b091a77@group-B007A63A5CCA: changes role from  FOLLOWER to FOLLOWER at term 16 for recognizeCandidate:fe8e0c84-158f-427e-8307-4b533a2376d4
2019-10-25 21:28:57,071 [grpc-default-executor-0] INFO  impl.RoleInfo (RoleInfo.java:shutdownFollowerState(121)) - 1e09a021-a6d7-4a53-819d-98ce6b091a77: shutdown FollowerState
2019-10-25 21:28:57,071 [grpc-default-executor-2] INFO  impl.RaftServerImpl (RaftServerImpl.java:setRole(184)) - b43dc2d2-5265-4a31-922b-3f50c0227a2c@group-B007A63A5CCA: changes role from  FOLLOWER to FOLLOWER at term 16 for recognizeCandidate:fe8e0c84-158f-427e-8307-4b533a2376d4
2019-10-25 21:28:57,071 [Thread-645] INFO  impl.FollowerState (FollowerState.java:run(117)) - 1e09a021-a6d7-4a53-819d-98ce6b091a77@group-B007A63A5CCA-FollowerState was interrupted: java.lang.InterruptedException: sleep interrupted
2019-10-25 21:28:57,071 [grpc-default-executor-0] INFO  impl.RoleInfo (RoleInfo.java:updateAndGet(143)) - 1e09a021-a6d7-4a53-819d-98ce6b091a77: start FollowerState
2019-10-25 21:28:57,071 [grpc-default-executor-2] INFO  impl.RoleInfo (RoleInfo.java:shutdownFollowerState(121)) - b43dc2d2-5265-4a31-922b-3f50c0227a2c: shutdown FollowerState
2019-10-25 21:28:57,072 [grpc-default-executor-2] INFO  impl.RoleInfo (RoleInfo.java:updateAndGet(143)) - b43dc2d2-5265-4a31-922b-3f50c0227a2c: start FollowerState
2019-10-25 21:28:57,072 [Thread-646] INFO  impl.FollowerState (FollowerState.java:run(117)) - b43dc2d2-5265-4a31-922b-3f50c0227a2c@group-B007A63A5CCA-FollowerState was interrupted: java.lang.InterruptedException: sleep interrupted
2019-10-25 21:28:57,088 [fe8e0c84-158f-427e-8307-4b533a2376d4@group-B007A63A5CCA-LeaderElection21] INFO  impl.LeaderElection (LeaderElection.java:logAndReturn(56)) - fe8e0c84-158f-427e-8307-4b533a2376d4@group-B007A63A5CCA-LeaderElection21: Election REJECTED; received 2 response(s) [fe8e0c84-158f-427e-8307-4b533a2376d4<-1e09a021-a6d7-4a53-819d-98ce6b091a77#0:FAIL-t16, fe8e0c84-158f-427e-8307-4b533a2376d4<-b43dc2d2-5265-4a31-922b-3f50c0227a2c#0:FAIL-t16] and 0 exception(s); fe8e0c84-158f-427e-8307-4b533a2376d4@group-B007A63A5CCA:t16, leader=null, voted=fe8e0c84-158f-427e-8307-4b533a2376d4, raftlog=fe8e0c84-158f-427e-8307-4b533a2376d4@group-B007A63A5CCA-SegmentedRaftLog:OPENED:c3,f4,i4, conf=0: [1e09a021-a6d7-4a53-819d-98ce6b091a77:192.168.34.41:46402, b43dc2d2-5265-4a31-922b-3f50c0227a2c:192.168.34.41:35789, fe8e0c84-158f-427e-8307-4b533a2376d4:192.168.34.41:37955], old=null
2019-10-25 21:28:57,089 [fe8e0c84-158f-427e-8307-4b533a2376d4@group-B007A63A5CCA-LeaderElection21] INFO  impl.RaftServerImpl (RaftServerImpl.java:setRole(184)) - fe8e0c84-158f-427e-8307-4b533a2376d4@group-B007A63A5CCA: changes role from CANDIDATE to FOLLOWER at term 16 for DISCOVERED_A_NEW_TERM
2019-10-25 21:28:57,089 [fe8e0c84-158f-427e-8307-4b533a2376d4@group-B007A63A5CCA-LeaderElection21] INFO  impl.RoleInfo (RoleInfo.java:shutdownLeaderElection(134)) - fe8e0c84-158f-427e-8307-4b533a2376d4: shutdown LeaderElection
2019-10-25 21:28:57,089 [fe8e0c84-158f-427e-8307-4b533a2376d4@group-B007A63A5CCA-LeaderElection21] INFO  impl.RoleInfo (RoleInfo.java:updateAndGet(143)) - fe8e0c84-158f-427e-8307-4b533a2376d4: start FollowerState
2019-10-25 21:28:57,195 [Thread-656] INFO  impl.FollowerState (FollowerState.java:run(108)) - fe8e0c84-158f-427e-8307-4b533a2376d4@group-B007A63A5CCA-FollowerState: change to CANDIDATE, lastRpcTime:106ms, electionTimeout:106ms
2019-10-25 21:28:57,197 [Thread-656] INFO  impl.RoleInfo (RoleInfo.java:shutdownFollowerState(121)) - fe8e0c84-158f-427e-8307-4b533a2376d4: shutdown FollowerState
2019-10-25 21:28:57,197 [Thread-656] INFO  impl.RaftServerImpl (RaftServerImpl.java:setRole(184)) - fe8e0c84-158f-427e-8307-4b533a2376d4@group-B007A63A5CCA: changes role from  FOLLOWER to CANDIDATE at term 16 for changeToCandidate
2019-10-25 21:28:57,197 [Thread-656] INFO  impl.RoleInfo (RoleInfo.java:updateAndGet(143)) - fe8e0c84-158f-427e-8307-4b533a2376d4: start LeaderElection
2019-10-25 21:28:57,210 [fe8e0c84-158f-427e-8307-4b533a2376d4@group-B007A63A5CCA-LeaderElection22] INFO  impl.LeaderElection (LeaderElection.java:askForVotes(178)) - fe8e0c84-158f-427e-8307-4b533a2376d4@group-B007A63A5CCA-LeaderElection22: begin an election at term 17 for 0: [1e09a021-a6d7-4a53-819d-98ce6b091a77:192.168.34.41:46402, b43dc2d2-5265-4a31-922b-3f50c0227a2c:192.168.34.41:35789, fe8e0c84-158f-427e-8307-4b533a2376d4:192.168.34.41:37955], old=null
2019-10-25 21:28:57,215 [grpc-default-executor-0] INFO  impl.RaftServerImpl (RaftServerImpl.java:setRole(184)) - 1e09a021-a6d7-4a53-819d-98ce6b091a77@group-B007A63A5CCA: changes role from  FOLLOWER to FOLLOWER at term 17 for recognizeCandidate:fe8e0c84-158f-427e-8307-4b533a2376d4
2019-10-25 21:28:57,215 [grpc-default-executor-2] INFO  impl.RaftServerImpl (RaftServerImpl.java:setRole(184)) - b43dc2d2-5265-4a31-922b-3f50c0227a2c@group-B007A63A5CCA: changes role from  FOLLOWER to FOLLOWER at term 17 for recognizeCandidate:fe8e0c84-158f-427e-8307-4b533a2376d4
2019-10-25 21:28:57,215 [grpc-default-executor-0] INFO  impl.RoleInfo (RoleInfo.java:shutdownFollowerState(121)) - 1e09a021-a6d7-4a53-819d-98ce6b091a77: shutdown FollowerState
2019-10-25 21:28:57,215 [grpc-default-executor-2] INFO  impl.RoleInfo (RoleInfo.java:shutdownFollowerState(121)) - b43dc2d2-5265-4a31-922b-3f50c0227a2c: shutdown FollowerState
2019-10-25 21:28:57,216 [Thread-654] INFO  impl.FollowerState (FollowerState.java:run(117)) - 1e09a021-a6d7-4a53-819d-98ce6b091a77@group-B007A63A5CCA-FollowerState was interrupted: java.lang.InterruptedException: sleep interrupted
2019-10-25 21:28:57,216 [Thread-655] INFO  impl.FollowerState (FollowerState.java:run(117)) - b43dc2d2-5265-4a31-922b-3f50c0227a2c@group-B007A63A5CCA-FollowerState was interrupted: java.lang.InterruptedException: sleep interrupted
2019-10-25 21:28:57,216 [grpc-default-executor-2] INFO  impl.RoleInfo (RoleInfo.java:updateAndGet(143)) - b43dc2d2-5265-4a31-922b-3f50c0227a2c: start FollowerState
2019-10-25 21:28:57,216 [grpc-default-executor-0] INFO  impl.RoleInfo (RoleInfo.java:updateAndGet(143)) - 1e09a021-a6d7-4a53-819d-98ce6b091a77: start FollowerState
2019-10-25 21:28:57,231 [fe8e0c84-158f-427e-8307-4b533a2376d4@group-B007A63A5CCA-LeaderElection22] INFO  impl.LeaderElection (LeaderElection.java:logAndReturn(56)) - fe8e0c84-158f-427e-8307-4b533a2376d4@group-B007A63A5CCA-LeaderElection22: Election REJECTED; received 2 response(s) [fe8e0c84-158f-427e-8307-4b533a2376d4<-1e09a021-a6d7-4a53-819d-98ce6b091a77#0:FAIL-t17, fe8e0c84-158f-427e-8307-4b533a2376d4<-b43dc2d2-5265-4a31-922b-3f50c0227a2c#0:FAIL-t17] and 0 exception(s); fe8e0c84-158f-427e-8307-4b533a2376d4@group-B007A63A5CCA:t17, leader=null, voted=fe8e0c84-158f-427e-8307-4b533a2376d4, raftlog=fe8e0c84-158f-427e-8307-4b533a2376d4@group-B007A63A5CCA-SegmentedRaftLog:OPENED:c3,f4,i4, conf=0: [1e09a021-a6d7-4a53-819d-98ce6b091a77:192.168.34.41:46402, b43dc2d2-5265-4a31-922b-3f50c0227a2c:192.168.34.41:35789, fe8e0c84-158f-427e-8307-4b533a2376d4:192.168.34.41:37955], old=null
2019-10-25 21:28:57,232 [fe8e0c84-158f-427e-8307-4b533a2376d4@group-B007A63A5CCA-LeaderElection22] INFO  impl.RaftServerImpl (RaftServerImpl.java:setRole(184)) - fe8e0c84-158f-427e-8307-4b533a2376d4@group-B007A63A5CCA: changes role from CANDIDATE to FOLLOWER at term 17 for DISCOVERED_A_NEW_TERM
2019-10-25 21:28:57,232 [fe8e0c84-158f-427e-8307-4b533a2376d4@group-B007A63A5CCA-LeaderElection22] INFO  impl.RoleInfo (RoleInfo.java:shutdownLeaderElection(134)) - fe8e0c84-158f-427e-8307-4b533a2376d4: shutdown LeaderElection
2019-10-25 21:28:57,232 [fe8e0c84-158f-427e-8307-4b533a2376d4@group-B007A63A5CCA-LeaderElection22] INFO  impl.RoleInfo (RoleInfo.java:updateAndGet(143)) - fe8e0c84-158f-427e-8307-4b533a2376d4: start FollowerState
2019-10-25 21:28:57,288 [pool-7-thread-2] INFO  commands.RetriableDatanodeEventWatcher (RetriableDatanodeEventWatcher.java:onTimeout(47)) - RetriableDatanodeCommand type=deleteBlocksCommand with id=1572038931285 timed out. Retrying.
2019-10-25 21:28:57,290 [pool-7-thread-3] INFO  commands.RetriableDatanodeEventWatcher (RetriableDatanodeEventWatcher.java:onTimeout(47)) - RetriableDatanodeCommand type=deleteBlocksCommand with id=1572038931283 timed out. Retrying.
2019-10-25 21:28:57,290 [pool-7-thread-6] INFO  commands.RetriableDatanodeEventWatcher (RetriableDatanodeEventWatcher.java:onTimeout(47)) - RetriableDatanodeCommand type=deleteBlocksCommand with id=1572038931281 timed out. Retrying.
2019-10-25 21:28:57,290 [pool-7-thread-5] INFO  commands.RetriableDatanodeEventWatcher (RetriableDatanodeEventWatcher.java:onTimeout(47)) - RetriableDatanodeCommand type=deleteBlocksCommand with id=1572038931289 timed out. Retrying.
2019-10-25 21:28:57,290 [pool-7-thread-4] INFO  commands.RetriableDatanodeEventWatcher (RetriableDatanodeEventWatcher.java:onTimeout(47)) - RetriableDatanodeCommand type=deleteBlocksCommand with id=1572038931287 timed out. Retrying.
2019-10-25 21:28:57,291 [SCMBlockDeletingService#1] INFO  block.SCMBlockDeletingService (SCMBlockDeletingService.java:call(184)) - Totally added 1 delete blocks command for 1 datanodes, task elapsed time: 1ms
2019-10-25 21:28:57,291 [pool-7-thread-1] INFO  commands.RetriableDatanodeEventWatcher (RetriableDatanodeEventWatcher.java:onTimeout(47)) - RetriableDatanodeCommand type=deleteBlocksCommand with id=1572038931288 timed out. Retrying.
2019-10-25 21:28:57,379 [Thread-662] INFO  impl.FollowerState (FollowerState.java:run(108)) - fe8e0c84-158f-427e-8307-4b533a2376d4@group-B007A63A5CCA-FollowerState: change to CANDIDATE, lastRpcTime:147ms, electionTimeout:147ms
2019-10-25 21:28:57,379 [Thread-662] INFO  impl.RoleInfo (RoleInfo.java:shutdownFollowerState(121)) - fe8e0c84-158f-427e-8307-4b533a2376d4: shutdown FollowerState
2019-10-25 21:28:57,380 [Thread-662] INFO  impl.RaftServerImpl (RaftServerImpl.java:setRole(184)) - fe8e0c84-158f-427e-8307-4b533a2376d4@group-B007A63A5CCA: changes role from  FOLLOWER to CANDIDATE at term 17 for changeToCandidate
2019-10-25 21:28:57,380 [Thread-662] INFO  impl.RoleInfo (RoleInfo.java:updateAndGet(143)) - fe8e0c84-158f-427e-8307-4b533a2376d4: start LeaderElection
2019-10-25 21:28:57,395 [fe8e0c84-158f-427e-8307-4b533a2376d4@group-B007A63A5CCA-LeaderElection23] INFO  impl.LeaderElection (LeaderElection.java:askForVotes(178)) - fe8e0c84-158f-427e-8307-4b533a2376d4@group-B007A63A5CCA-LeaderElection23: begin an election at term 18 for 0: [1e09a021-a6d7-4a53-819d-98ce6b091a77:192.168.34.41:46402, b43dc2d2-5265-4a31-922b-3f50c0227a2c:192.168.34.41:35789, fe8e0c84-158f-427e-8307-4b533a2376d4:192.168.34.41:37955], old=null
2019-10-25 21:28:57,398 [grpc-default-executor-2] INFO  impl.RaftServerImpl (RaftServerImpl.java:setRole(184)) - 1e09a021-a6d7-4a53-819d-98ce6b091a77@group-B007A63A5CCA: changes role from  FOLLOWER to FOLLOWER at term 18 for recognizeCandidate:fe8e0c84-158f-427e-8307-4b533a2376d4
2019-10-25 21:28:57,399 [grpc-default-executor-2] INFO  impl.RoleInfo (RoleInfo.java:shutdownFollowerState(121)) - 1e09a021-a6d7-4a53-819d-98ce6b091a77: shutdown FollowerState
2019-10-25 21:28:57,399 [grpc-default-executor-0] INFO  impl.RaftServerImpl (RaftServerImpl.java:setRole(184)) - b43dc2d2-5265-4a31-922b-3f50c0227a2c@group-B007A63A5CCA: changes role from  FOLLOWER to FOLLOWER at term 18 for recognizeCandidate:fe8e0c84-158f-427e-8307-4b533a2376d4
2019-10-25 21:28:57,399 [grpc-default-executor-2] INFO  impl.RoleInfo (RoleInfo.java:updateAndGet(143)) - 1e09a021-a6d7-4a53-819d-98ce6b091a77: start FollowerState
2019-10-25 21:28:57,399 [grpc-default-executor-0] INFO  impl.RoleInfo (RoleInfo.java:shutdownFollowerState(121)) - b43dc2d2-5265-4a31-922b-3f50c0227a2c: shutdown FollowerState
2019-10-25 21:28:57,399 [Thread-660] INFO  impl.FollowerState (FollowerState.java:run(117)) - 1e09a021-a6d7-4a53-819d-98ce6b091a77@group-B007A63A5CCA-FollowerState was interrupted: java.lang.InterruptedException: sleep interrupted
2019-10-25 21:28:57,400 [Thread-661] INFO  impl.FollowerState (FollowerState.java:run(117)) - b43dc2d2-5265-4a31-922b-3f50c0227a2c@group-B007A63A5CCA-FollowerState was interrupted: java.lang.InterruptedException: sleep interrupted
2019-10-25 21:28:57,400 [grpc-default-executor-0] INFO  impl.RoleInfo (RoleInfo.java:updateAndGet(143)) - b43dc2d2-5265-4a31-922b-3f50c0227a2c: start FollowerState
2019-10-25 21:28:57,414 [fe8e0c84-158f-427e-8307-4b533a2376d4@group-B007A63A5CCA-LeaderElection23] INFO  impl.LeaderElection (LeaderElection.java:logAndReturn(56)) - fe8e0c84-158f-427e-8307-4b533a2376d4@group-B007A63A5CCA-LeaderElection23: Election REJECTED; received 2 response(s) [fe8e0c84-158f-427e-8307-4b533a2376d4<-1e09a021-a6d7-4a53-819d-98ce6b091a77#0:FAIL-t18, fe8e0c84-158f-427e-8307-4b533a2376d4<-b43dc2d2-5265-4a31-922b-3f50c0227a2c#0:FAIL-t18] and 0 exception(s); fe8e0c84-158f-427e-8307-4b533a2376d4@group-B007A63A5CCA:t18, leader=null, voted=fe8e0c84-158f-427e-8307-4b533a2376d4, raftlog=fe8e0c84-158f-427e-8307-4b533a2376d4@group-B007A63A5CCA-SegmentedRaftLog:OPENED:c3,f4,i4, conf=0: [1e09a021-a6d7-4a53-819d-98ce6b091a77:192.168.34.41:46402, b43dc2d2-5265-4a31-922b-3f50c0227a2c:192.168.34.41:35789, fe8e0c84-158f-427e-8307-4b533a2376d4:192.168.34.41:37955], old=null
2019-10-25 21:28:57,414 [fe8e0c84-158f-427e-8307-4b533a2376d4@group-B007A63A5CCA-LeaderElection23] INFO  impl.RaftServerImpl (RaftServerImpl.java:setRole(184)) - fe8e0c84-158f-427e-8307-4b533a2376d4@group-B007A63A5CCA: changes role from CANDIDATE to FOLLOWER at term 18 for DISCOVERED_A_NEW_TERM
2019-10-25 21:28:57,415 [fe8e0c84-158f-427e-8307-4b533a2376d4@group-B007A63A5CCA-LeaderElection23] INFO  impl.RoleInfo (RoleInfo.java:shutdownLeaderElection(134)) - fe8e0c84-158f-427e-8307-4b533a2376d4: shutdown LeaderElection
2019-10-25 21:28:57,415 [fe8e0c84-158f-427e-8307-4b533a2376d4@group-B007A63A5CCA-LeaderElection23] INFO  impl.RoleInfo (RoleInfo.java:updateAndGet(143)) - fe8e0c84-158f-427e-8307-4b533a2376d4: start FollowerState
2019-10-25 21:28:57,574 [Thread-668] INFO  impl.FollowerState (FollowerState.java:run(108)) - fe8e0c84-158f-427e-8307-4b533a2376d4@group-B007A63A5CCA-FollowerState: change to CANDIDATE, lastRpcTime:159ms, electionTimeout:159ms
2019-10-25 21:28:57,575 [Thread-668] INFO  impl.RoleInfo (RoleInfo.java:shutdownFollowerState(121)) - fe8e0c84-158f-427e-8307-4b533a2376d4: shutdown FollowerState
2019-10-25 21:28:57,575 [Thread-668] INFO  impl.RaftServerImpl (RaftServerImpl.java:setRole(184)) - fe8e0c84-158f-427e-8307-4b533a2376d4@group-B007A63A5CCA: changes role from  FOLLOWER to CANDIDATE at term 18 for changeToCandidate
2019-10-25 21:28:57,576 [Thread-668] INFO  impl.RoleInfo (RoleInfo.java:updateAndGet(143)) - fe8e0c84-158f-427e-8307-4b533a2376d4: start LeaderElection
2019-10-25 21:28:57,597 [fe8e0c84-158f-427e-8307-4b533a2376d4@group-B007A63A5CCA-LeaderElection24] INFO  impl.LeaderElection (LeaderElection.java:askForVotes(178)) - fe8e0c84-158f-427e-8307-4b533a2376d4@group-B007A63A5CCA-LeaderElection24: begin an election at term 19 for 0: [1e09a021-a6d7-4a53-819d-98ce6b091a77:192.168.34.41:46402, b43dc2d2-5265-4a31-922b-3f50c0227a2c:192.168.34.41:35789, fe8e0c84-158f-427e-8307-4b533a2376d4:192.168.34.41:37955], old=null
2019-10-25 21:28:57,601 [grpc-default-executor-0] INFO  impl.RaftServerImpl (RaftServerImpl.java:setRole(184)) - 1e09a021-a6d7-4a53-819d-98ce6b091a77@group-B007A63A5CCA: changes role from  FOLLOWER to FOLLOWER at term 19 for recognizeCandidate:fe8e0c84-158f-427e-8307-4b533a2376d4
2019-10-25 21:28:57,601 [grpc-default-executor-2] INFO  impl.RaftServerImpl (RaftServerImpl.java:setRole(184)) - b43dc2d2-5265-4a31-922b-3f50c0227a2c@group-B007A63A5CCA: changes role from  FOLLOWER to FOLLOWER at term 19 for recognizeCandidate:fe8e0c84-158f-427e-8307-4b533a2376d4
2019-10-25 21:28:57,601 [grpc-default-executor-0] INFO  impl.RoleInfo (RoleInfo.java:shutdownFollowerState(121)) - 1e09a021-a6d7-4a53-819d-98ce6b091a77: shutdown FollowerState
2019-10-25 21:28:57,601 [grpc-default-executor-2] INFO  impl.RoleInfo (RoleInfo.java:shutdownFollowerState(121)) - b43dc2d2-5265-4a31-922b-3f50c0227a2c: shutdown FollowerState
2019-10-25 21:28:57,601 [grpc-default-executor-0] INFO  impl.RoleInfo (RoleInfo.java:updateAndGet(143)) - 1e09a021-a6d7-4a53-819d-98ce6b091a77: start FollowerState
2019-10-25 21:28:57,601 [Thread-666] INFO  impl.FollowerState (FollowerState.java:run(117)) - 1e09a021-a6d7-4a53-819d-98ce6b091a77@group-B007A63A5CCA-FollowerState was interrupted: java.lang.InterruptedException: sleep interrupted
2019-10-25 21:28:57,602 [Thread-667] INFO  impl.FollowerState (FollowerState.java:run(117)) - b43dc2d2-5265-4a31-922b-3f50c0227a2c@group-B007A63A5CCA-FollowerState was interrupted: java.lang.InterruptedException: sleep interrupted
2019-10-25 21:28:57,602 [grpc-default-executor-2] INFO  impl.RoleInfo (RoleInfo.java:updateAndGet(143)) - b43dc2d2-5265-4a31-922b-3f50c0227a2c: start FollowerState
2019-10-25 21:28:57,618 [fe8e0c84-158f-427e-8307-4b533a2376d4@group-B007A63A5CCA-LeaderElection24] INFO  impl.LeaderElection (LeaderElection.java:logAndReturn(56)) - fe8e0c84-158f-427e-8307-4b533a2376d4@group-B007A63A5CCA-LeaderElection24: Election REJECTED; received 2 response(s) [fe8e0c84-158f-427e-8307-4b533a2376d4<-1e09a021-a6d7-4a53-819d-98ce6b091a77#0:FAIL-t19, fe8e0c84-158f-427e-8307-4b533a2376d4<-b43dc2d2-5265-4a31-922b-3f50c0227a2c#0:FAIL-t19] and 0 exception(s); fe8e0c84-158f-427e-8307-4b533a2376d4@group-B007A63A5CCA:t19, leader=null, voted=fe8e0c84-158f-427e-8307-4b533a2376d4, raftlog=fe8e0c84-158f-427e-8307-4b533a2376d4@group-B007A63A5CCA-SegmentedRaftLog:OPENED:c3,f4,i4, conf=0: [1e09a021-a6d7-4a53-819d-98ce6b091a77:192.168.34.41:46402, b43dc2d2-5265-4a31-922b-3f50c0227a2c:192.168.34.41:35789, fe8e0c84-158f-427e-8307-4b533a2376d4:192.168.34.41:37955], old=null
2019-10-25 21:28:57,618 [fe8e0c84-158f-427e-8307-4b533a2376d4@group-B007A63A5CCA-LeaderElection24] INFO  impl.RaftServerImpl (RaftServerImpl.java:setRole(184)) - fe8e0c84-158f-427e-8307-4b533a2376d4@group-B007A63A5CCA: changes role from CANDIDATE to FOLLOWER at term 19 for DISCOVERED_A_NEW_TERM
2019-10-25 21:28:57,619 [fe8e0c84-158f-427e-8307-4b533a2376d4@group-B007A63A5CCA-LeaderElection24] INFO  impl.RoleInfo (RoleInfo.java:shutdownLeaderElection(134)) - fe8e0c84-158f-427e-8307-4b533a2376d4: shutdown LeaderElection
2019-10-25 21:28:57,619 [fe8e0c84-158f-427e-8307-4b533a2376d4@group-B007A63A5CCA-LeaderElection24] INFO  impl.RoleInfo (RoleInfo.java:updateAndGet(143)) - fe8e0c84-158f-427e-8307-4b533a2376d4: start FollowerState
2019-10-25 21:28:57,636 [BlockDeletingService#2] WARN  background.BlockDeletingService (BlockDeletingService.java:isDeletionAllowed(187)) - Close Container log Index 6 is not replicated across allthe servers in the pipeline 69397456-ee7f-4bbb-8423-b007a63a5cca as the min replicated index is 4. Deletion is not allowed in this container yet.
2019-10-25 21:28:57,636 [BlockDeletingService#2] WARN  background.BlockDeletingService (BlockDeletingService.java:isDeletionAllowed(187)) - Close Container log Index 6 is not replicated across allthe servers in the pipeline 69397456-ee7f-4bbb-8423-b007a63a5cca as the min replicated index is 4. Deletion is not allowed in this container yet.
2019-10-25 21:28:57,786 [Thread-674] INFO  impl.FollowerState (FollowerState.java:run(108)) - fe8e0c84-158f-427e-8307-4b533a2376d4@group-B007A63A5CCA-FollowerState: change to CANDIDATE, lastRpcTime:167ms, electionTimeout:167ms
2019-10-25 21:28:57,786 [Thread-674] INFO  impl.RoleInfo (RoleInfo.java:shutdownFollowerState(121)) - fe8e0c84-158f-427e-8307-4b533a2376d4: shutdown FollowerState
2019-10-25 21:28:57,786 [Thread-674] INFO  impl.RaftServerImpl (RaftServerImpl.java:setRole(184)) - fe8e0c84-158f-427e-8307-4b533a2376d4@group-B007A63A5CCA: changes role from  FOLLOWER to CANDIDATE at term 19 for changeToCandidate
2019-10-25 21:28:57,787 [Thread-674] INFO  impl.RoleInfo (RoleInfo.java:updateAndGet(143)) - fe8e0c84-158f-427e-8307-4b533a2376d4: start LeaderElection
2019-10-25 21:28:57,799 [fe8e0c84-158f-427e-8307-4b533a2376d4@group-B007A63A5CCA-LeaderElection25] INFO  impl.LeaderElection (LeaderElection.java:askForVotes(178)) - fe8e0c84-158f-427e-8307-4b533a2376d4@group-B007A63A5CCA-LeaderElection25: begin an election at term 20 for 0: [1e09a021-a6d7-4a53-819d-98ce6b091a77:192.168.34.41:46402, b43dc2d2-5265-4a31-922b-3f50c0227a2c:192.168.34.41:35789, fe8e0c84-158f-427e-8307-4b533a2376d4:192.168.34.41:37955], old=null
2019-10-25 21:28:57,803 [grpc-default-executor-0] INFO  impl.RaftServerImpl (RaftServerImpl.java:setRole(184)) - 1e09a021-a6d7-4a53-819d-98ce6b091a77@group-B007A63A5CCA: changes role from  FOLLOWER to FOLLOWER at term 20 for recognizeCandidate:fe8e0c84-158f-427e-8307-4b533a2376d4
2019-10-25 21:28:57,804 [grpc-default-executor-0] INFO  impl.RoleInfo (RoleInfo.java:shutdownFollowerState(121)) - 1e09a021-a6d7-4a53-819d-98ce6b091a77: shutdown FollowerState
2019-10-25 21:28:57,804 [grpc-default-executor-2] INFO  impl.RaftServerImpl (RaftServerImpl.java:setRole(184)) - b43dc2d2-5265-4a31-922b-3f50c0227a2c@group-B007A63A5CCA: changes role from  FOLLOWER to FOLLOWER at term 20 for recognizeCandidate:fe8e0c84-158f-427e-8307-4b533a2376d4
2019-10-25 21:28:57,804 [grpc-default-executor-0] INFO  impl.RoleInfo (RoleInfo.java:updateAndGet(143)) - 1e09a021-a6d7-4a53-819d-98ce6b091a77: start FollowerState
2019-10-25 21:28:57,804 [Thread-672] INFO  impl.FollowerState (FollowerState.java:run(117)) - 1e09a021-a6d7-4a53-819d-98ce6b091a77@group-B007A63A5CCA-FollowerState was interrupted: java.lang.InterruptedException: sleep interrupted
2019-10-25 21:28:57,804 [grpc-default-executor-2] INFO  impl.RoleInfo (RoleInfo.java:shutdownFollowerState(121)) - b43dc2d2-5265-4a31-922b-3f50c0227a2c: shutdown FollowerState
2019-10-25 21:28:57,804 [grpc-default-executor-2] INFO  impl.RoleInfo (RoleInfo.java:updateAndGet(143)) - b43dc2d2-5265-4a31-922b-3f50c0227a2c: start FollowerState
2019-10-25 21:28:57,804 [Thread-673] INFO  impl.FollowerState (FollowerState.java:run(117)) - b43dc2d2-5265-4a31-922b-3f50c0227a2c@group-B007A63A5CCA-FollowerState was interrupted: java.lang.InterruptedException: sleep interrupted
2019-10-25 21:28:57,818 [fe8e0c84-158f-427e-8307-4b533a2376d4@group-B007A63A5CCA-LeaderElection25] INFO  impl.LeaderElection (LeaderElection.java:logAndReturn(56)) - fe8e0c84-158f-427e-8307-4b533a2376d4@group-B007A63A5CCA-LeaderElection25: Election REJECTED; received 2 response(s) [fe8e0c84-158f-427e-8307-4b533a2376d4<-1e09a021-a6d7-4a53-819d-98ce6b091a77#0:FAIL-t20, fe8e0c84-158f-427e-8307-4b533a2376d4<-b43dc2d2-5265-4a31-922b-3f50c0227a2c#0:FAIL-t20] and 0 exception(s); fe8e0c84-158f-427e-8307-4b533a2376d4@group-B007A63A5CCA:t20, leader=null, voted=fe8e0c84-158f-427e-8307-4b533a2376d4, raftlog=fe8e0c84-158f-427e-8307-4b533a2376d4@group-B007A63A5CCA-SegmentedRaftLog:OPENED:c3,f4,i4, conf=0: [1e09a021-a6d7-4a53-819d-98ce6b091a77:192.168.34.41:46402, b43dc2d2-5265-4a31-922b-3f50c0227a2c:192.168.34.41:35789, fe8e0c84-158f-427e-8307-4b533a2376d4:192.168.34.41:37955], old=null
2019-10-25 21:28:57,818 [fe8e0c84-158f-427e-8307-4b533a2376d4@group-B007A63A5CCA-LeaderElection25] INFO  impl.RaftServerImpl (RaftServerImpl.java:setRole(184)) - fe8e0c84-158f-427e-8307-4b533a2376d4@group-B007A63A5CCA: changes role from CANDIDATE to FOLLOWER at term 20 for DISCOVERED_A_NEW_TERM
2019-10-25 21:28:57,818 [fe8e0c84-158f-427e-8307-4b533a2376d4@group-B007A63A5CCA-LeaderElection25] INFO  impl.RoleInfo (RoleInfo.java:shutdownLeaderElection(134)) - fe8e0c84-158f-427e-8307-4b533a2376d4: shutdown LeaderElection
2019-10-25 21:28:57,818 [fe8e0c84-158f-427e-8307-4b533a2376d4@group-B007A63A5CCA-LeaderElection25] INFO  impl.RoleInfo (RoleInfo.java:updateAndGet(143)) - fe8e0c84-158f-427e-8307-4b533a2376d4: start FollowerState
2019-10-25 21:28:57,855 [Thread-683] INFO  impl.FollowerState (FollowerState.java:run(108)) - fe8e0c84-158f-427e-8307-4b533a2376d4@group-B007A63A5CCA-FollowerState: change to CANDIDATE, lastRpcTime:37ms, electionTimeout:37ms
2019-10-25 21:28:57,857 [Thread-683] INFO  impl.RoleInfo (RoleInfo.java:shutdownFollowerState(121)) - fe8e0c84-158f-427e-8307-4b533a2376d4: shutdown FollowerState
2019-10-25 21:28:57,857 [Thread-683] INFO  impl.RaftServerImpl (RaftServerImpl.java:setRole(184)) - fe8e0c84-158f-427e-8307-4b533a2376d4@group-B007A63A5CCA: changes role from  FOLLOWER to CANDIDATE at term 20 for changeToCandidate
2019-10-25 21:28:57,857 [Thread-683] INFO  impl.RoleInfo (RoleInfo.java:updateAndGet(143)) - fe8e0c84-158f-427e-8307-4b533a2376d4: start LeaderElection
2019-10-25 21:28:57,870 [fe8e0c84-158f-427e-8307-4b533a2376d4@group-B007A63A5CCA-LeaderElection26] INFO  impl.LeaderElection (LeaderElection.java:askForVotes(178)) - fe8e0c84-158f-427e-8307-4b533a2376d4@group-B007A63A5CCA-LeaderElection26: begin an election at term 21 for 0: [1e09a021-a6d7-4a53-819d-98ce6b091a77:192.168.34.41:46402, b43dc2d2-5265-4a31-922b-3f50c0227a2c:192.168.34.41:35789, fe8e0c84-158f-427e-8307-4b533a2376d4:192.168.34.41:37955], old=null
2019-10-25 21:28:57,877 [grpc-default-executor-2] INFO  impl.RaftServerImpl (RaftServerImpl.java:setRole(184)) - 1e09a021-a6d7-4a53-819d-98ce6b091a77@group-B007A63A5CCA: changes role from  FOLLOWER to FOLLOWER at term 21 for recognizeCandidate:fe8e0c84-158f-427e-8307-4b533a2376d4
2019-10-25 21:28:57,877 [grpc-default-executor-0] INFO  impl.RaftServerImpl (RaftServerImpl.java:setRole(184)) - b43dc2d2-5265-4a31-922b-3f50c0227a2c@group-B007A63A5CCA: changes role from  FOLLOWER to FOLLOWER at term 21 for recognizeCandidate:fe8e0c84-158f-427e-8307-4b533a2376d4
2019-10-25 21:28:57,877 [grpc-default-executor-2] INFO  impl.RoleInfo (RoleInfo.java:shutdownFollowerState(121)) - 1e09a021-a6d7-4a53-819d-98ce6b091a77: shutdown FollowerState
2019-10-25 21:28:57,878 [grpc-default-executor-0] INFO  impl.RoleInfo (RoleInfo.java:shutdownFollowerState(121)) - b43dc2d2-5265-4a31-922b-3f50c0227a2c: shutdown FollowerState
2019-10-25 21:28:57,878 [Thread-681] INFO  impl.FollowerState (FollowerState.java:run(117)) - 1e09a021-a6d7-4a53-819d-98ce6b091a77@group-B007A63A5CCA-FollowerState was interrupted: java.lang.InterruptedException: sleep interrupted
2019-10-25 21:28:57,878 [grpc-default-executor-2] INFO  impl.RoleInfo (RoleInfo.java:updateAndGet(143)) - 1e09a021-a6d7-4a53-819d-98ce6b091a77: start FollowerState
2019-10-25 21:28:57,878 [Thread-682] INFO  impl.FollowerState (FollowerState.java:run(117)) - b43dc2d2-5265-4a31-922b-3f50c0227a2c@group-B007A63A5CCA-FollowerState was interrupted: java.lang.InterruptedException: sleep interrupted
2019-10-25 21:28:57,878 [grpc-default-executor-0] INFO  impl.RoleInfo (RoleInfo.java:updateAndGet(143)) - b43dc2d2-5265-4a31-922b-3f50c0227a2c: start FollowerState
2019-10-25 21:28:57,893 [fe8e0c84-158f-427e-8307-4b533a2376d4@group-B007A63A5CCA-LeaderElection26] INFO  impl.LeaderElection (LeaderElection.java:logAndReturn(56)) - fe8e0c84-158f-427e-8307-4b533a2376d4@group-B007A63A5CCA-LeaderElection26: Election REJECTED; received 2 response(s) [fe8e0c84-158f-427e-8307-4b533a2376d4<-1e09a021-a6d7-4a53-819d-98ce6b091a77#0:FAIL-t21, fe8e0c84-158f-427e-8307-4b533a2376d4<-b43dc2d2-5265-4a31-922b-3f50c0227a2c#0:FAIL-t21] and 0 exception(s); fe8e0c84-158f-427e-8307-4b533a2376d4@group-B007A63A5CCA:t21, leader=null, voted=fe8e0c84-158f-427e-8307-4b533a2376d4, raftlog=fe8e0c84-158f-427e-8307-4b533a2376d4@group-B007A63A5CCA-SegmentedRaftLog:OPENED:c3,f4,i4, conf=0: [1e09a021-a6d7-4a53-819d-98ce6b091a77:192.168.34.41:46402, b43dc2d2-5265-4a31-922b-3f50c0227a2c:192.168.34.41:35789, fe8e0c84-158f-427e-8307-4b533a2376d4:192.168.34.41:37955], old=null
2019-10-25 21:28:57,893 [fe8e0c84-158f-427e-8307-4b533a2376d4@group-B007A63A5CCA-LeaderElection26] INFO  impl.RaftServerImpl (RaftServerImpl.java:setRole(184)) - fe8e0c84-158f-427e-8307-4b533a2376d4@group-B007A63A5CCA: changes role from CANDIDATE to FOLLOWER at term 21 for DISCOVERED_A_NEW_TERM
2019-10-25 21:28:57,893 [fe8e0c84-158f-427e-8307-4b533a2376d4@group-B007A63A5CCA-LeaderElection26] INFO  impl.RoleInfo (RoleInfo.java:shutdownLeaderElection(134)) - fe8e0c84-158f-427e-8307-4b533a2376d4: shutdown LeaderElection
2019-10-25 21:28:57,893 [fe8e0c84-158f-427e-8307-4b533a2376d4@group-B007A63A5CCA-LeaderElection26] INFO  impl.RoleInfo (RoleInfo.java:updateAndGet(143)) - fe8e0c84-158f-427e-8307-4b533a2376d4: start FollowerState
2019-10-25 21:28:57,941 [Thread-689] INFO  impl.FollowerState (FollowerState.java:run(108)) - fe8e0c84-158f-427e-8307-4b533a2376d4@group-B007A63A5CCA-FollowerState: change to CANDIDATE, lastRpcTime:47ms, electionTimeout:47ms
2019-10-25 21:28:57,942 [Thread-689] INFO  impl.RoleInfo (RoleInfo.java:shutdownFollowerState(121)) - fe8e0c84-158f-427e-8307-4b533a2376d4: shutdown FollowerState
2019-10-25 21:28:57,942 [Thread-689] INFO  impl.RaftServerImpl (RaftServerImpl.java:setRole(184)) - fe8e0c84-158f-427e-8307-4b533a2376d4@group-B007A63A5CCA: changes role from  FOLLOWER to CANDIDATE at term 21 for changeToCandidate
2019-10-25 21:28:57,942 [Thread-689] INFO  impl.RoleInfo (RoleInfo.java:updateAndGet(143)) - fe8e0c84-158f-427e-8307-4b533a2376d4: start LeaderElection
2019-10-25 21:28:57,955 [fe8e0c84-158f-427e-8307-4b533a2376d4@group-B007A63A5CCA-LeaderElection27] INFO  impl.LeaderElection (LeaderElection.java:askForVotes(178)) - fe8e0c84-158f-427e-8307-4b533a2376d4@group-B007A63A5CCA-LeaderElection27: begin an election at term 22 for 0: [1e09a021-a6d7-4a53-819d-98ce6b091a77:192.168.34.41:46402, b43dc2d2-5265-4a31-922b-3f50c0227a2c:192.168.34.41:35789, fe8e0c84-158f-427e-8307-4b533a2376d4:192.168.34.41:37955], old=null
2019-10-25 21:28:57,958 [grpc-default-executor-0] INFO  impl.RaftServerImpl (RaftServerImpl.java:setRole(184)) - b43dc2d2-5265-4a31-922b-3f50c0227a2c@group-B007A63A5CCA: changes role from  FOLLOWER to FOLLOWER at term 22 for recognizeCandidate:fe8e0c84-158f-427e-8307-4b533a2376d4
2019-10-25 21:28:57,958 [grpc-default-executor-2] INFO  impl.RaftServerImpl (RaftServerImpl.java:setRole(184)) - 1e09a021-a6d7-4a53-819d-98ce6b091a77@group-B007A63A5CCA: changes role from  FOLLOWER to FOLLOWER at term 22 for recognizeCandidate:fe8e0c84-158f-427e-8307-4b533a2376d4
2019-10-25 21:28:57,958 [grpc-default-executor-0] INFO  impl.RoleInfo (RoleInfo.java:shutdownFollowerState(121)) - b43dc2d2-5265-4a31-922b-3f50c0227a2c: shutdown FollowerState
2019-10-25 21:28:57,958 [grpc-default-executor-2] INFO  impl.RoleInfo (RoleInfo.java:shutdownFollowerState(121)) - 1e09a021-a6d7-4a53-819d-98ce6b091a77: shutdown FollowerState
2019-10-25 21:28:57,958 [Thread-688] INFO  impl.FollowerState (FollowerState.java:run(117)) - b43dc2d2-5265-4a31-922b-3f50c0227a2c@group-B007A63A5CCA-FollowerState was interrupted: java.lang.InterruptedException: sleep interrupted
2019-10-25 21:28:57,958 [grpc-default-executor-0] INFO  impl.RoleInfo (RoleInfo.java:updateAndGet(143)) - b43dc2d2-5265-4a31-922b-3f50c0227a2c: start FollowerState
2019-10-25 21:28:57,959 [Thread-687] INFO  impl.FollowerState (FollowerState.java:run(117)) - 1e09a021-a6d7-4a53-819d-98ce6b091a77@group-B007A63A5CCA-FollowerState was interrupted: java.lang.InterruptedException: sleep interrupted
2019-10-25 21:28:57,959 [grpc-default-executor-2] INFO  impl.RoleInfo (RoleInfo.java:updateAndGet(143)) - 1e09a021-a6d7-4a53-819d-98ce6b091a77: start FollowerState
2019-10-25 21:28:57,965 [fe8e0c84-158f-427e-8307-4b533a2376d4@group-B007A63A5CCA-LeaderElection27] INFO  impl.LeaderElection (LeaderElection.java:logAndReturn(56)) - fe8e0c84-158f-427e-8307-4b533a2376d4@group-B007A63A5CCA-LeaderElection27: Election TIMEOUT; received 0 response(s) [] and 0 exception(s); fe8e0c84-158f-427e-8307-4b533a2376d4@group-B007A63A5CCA:t22, leader=null, voted=fe8e0c84-158f-427e-8307-4b533a2376d4, raftlog=fe8e0c84-158f-427e-8307-4b533a2376d4@group-B007A63A5CCA-SegmentedRaftLog:OPENED:c3,f4,i4, conf=0: [1e09a021-a6d7-4a53-819d-98ce6b091a77:192.168.34.41:46402, b43dc2d2-5265-4a31-922b-3f50c0227a2c:192.168.34.41:35789, fe8e0c84-158f-427e-8307-4b533a2376d4:192.168.34.41:37955], old=null
2019-10-25 21:28:57,984 [fe8e0c84-158f-427e-8307-4b533a2376d4@group-B007A63A5CCA-LeaderElection27] INFO  impl.LeaderElection (LeaderElection.java:askForVotes(178)) - fe8e0c84-158f-427e-8307-4b533a2376d4@group-B007A63A5CCA-LeaderElection27: begin an election at term 23 for 0: [1e09a021-a6d7-4a53-819d-98ce6b091a77:192.168.34.41:46402, b43dc2d2-5265-4a31-922b-3f50c0227a2c:192.168.34.41:35789, fe8e0c84-158f-427e-8307-4b533a2376d4:192.168.34.41:37955], old=null
2019-10-25 21:28:57,987 [grpc-default-executor-2] INFO  impl.RaftServerImpl (RaftServerImpl.java:setRole(184)) - b43dc2d2-5265-4a31-922b-3f50c0227a2c@group-B007A63A5CCA: changes role from  FOLLOWER to FOLLOWER at term 23 for recognizeCandidate:fe8e0c84-158f-427e-8307-4b533a2376d4
2019-10-25 21:28:57,988 [grpc-default-executor-2] INFO  impl.RoleInfo (RoleInfo.java:shutdownFollowerState(121)) - b43dc2d2-5265-4a31-922b-3f50c0227a2c: shutdown FollowerState
2019-10-25 21:28:57,988 [grpc-default-executor-0] INFO  impl.RaftServerImpl (RaftServerImpl.java:setRole(184)) - 1e09a021-a6d7-4a53-819d-98ce6b091a77@group-B007A63A5CCA: changes role from  FOLLOWER to FOLLOWER at term 23 for recognizeCandidate:fe8e0c84-158f-427e-8307-4b533a2376d4
2019-10-25 21:28:57,988 [grpc-default-executor-2] INFO  impl.RoleInfo (RoleInfo.java:updateAndGet(143)) - b43dc2d2-5265-4a31-922b-3f50c0227a2c: start FollowerState
2019-10-25 21:28:57,988 [Thread-693] INFO  impl.FollowerState (FollowerState.java:run(117)) - b43dc2d2-5265-4a31-922b-3f50c0227a2c@group-B007A63A5CCA-FollowerState was interrupted: java.lang.InterruptedException: sleep interrupted
2019-10-25 21:28:57,988 [grpc-default-executor-0] INFO  impl.RoleInfo (RoleInfo.java:shutdownFollowerState(121)) - 1e09a021-a6d7-4a53-819d-98ce6b091a77: shutdown FollowerState
2019-10-25 21:28:57,989 [grpc-default-executor-0] INFO  impl.RoleInfo (RoleInfo.java:updateAndGet(143)) - 1e09a021-a6d7-4a53-819d-98ce6b091a77: start FollowerState
2019-10-25 21:28:57,989 [Thread-694] INFO  impl.FollowerState (FollowerState.java:run(117)) - 1e09a021-a6d7-4a53-819d-98ce6b091a77@group-B007A63A5CCA-FollowerState was interrupted: java.lang.InterruptedException: sleep interrupted
2019-10-25 21:28:58,001 [Thread-700] INFO  client.GrpcClientProtocolService (GrpcClientProtocolService.java:lambda$processClientRequest$0(278)) - Failed RaftClientRequest:client-6DCA51C798D1->b43dc2d2-5265-4a31-922b-3f50c0227a2c@group-B007A63A5CCA, cid=10, seq=0, Watch-ALL_COMMITTED(6), Message:<EMPTY>, reply=RaftClientReply:client-6DCA51C798D1->b43dc2d2-5265-4a31-922b-3f50c0227a2c@group-B007A63A5CCA, cid=10, FAILED org.apache.ratis.protocol.NotLeaderException: Server b43dc2d2-5265-4a31-922b-3f50c0227a2c@group-B007A63A5CCA is not the leader, logIndex=0, commits[b43dc2d2-5265-4a31-922b-3f50c0227a2c:c10, 1e09a021-a6d7-4a53-819d-98ce6b091a77:c10, fe8e0c84-158f-427e-8307-4b533a2376d4:c4]
2019-10-25 21:28:58,005 [fe8e0c84-158f-427e-8307-4b533a2376d4@group-B007A63A5CCA-LeaderElection27] INFO  impl.LeaderElection (LeaderElection.java:logAndReturn(56)) - fe8e0c84-158f-427e-8307-4b533a2376d4@group-B007A63A5CCA-LeaderElection27: Election REJECTED; received 2 response(s) [fe8e0c84-158f-427e-8307-4b533a2376d4<-1e09a021-a6d7-4a53-819d-98ce6b091a77#0:FAIL-t23, fe8e0c84-158f-427e-8307-4b533a2376d4<-b43dc2d2-5265-4a31-922b-3f50c0227a2c#0:FAIL-t23] and 0 exception(s); fe8e0c84-158f-427e-8307-4b533a2376d4@group-B007A63A5CCA:t23, leader=null, voted=fe8e0c84-158f-427e-8307-4b533a2376d4, raftlog=fe8e0c84-158f-427e-8307-4b533a2376d4@group-B007A63A5CCA-SegmentedRaftLog:OPENED:c3,f4,i4, conf=0: [1e09a021-a6d7-4a53-819d-98ce6b091a77:192.168.34.41:46402, b43dc2d2-5265-4a31-922b-3f50c0227a2c:192.168.34.41:35789, fe8e0c84-158f-427e-8307-4b533a2376d4:192.168.34.41:37955], old=null
2019-10-25 21:28:58,005 [fe8e0c84-158f-427e-8307-4b533a2376d4@group-B007A63A5CCA-LeaderElection27] INFO  impl.RaftServerImpl (RaftServerImpl.java:setRole(184)) - fe8e0c84-158f-427e-8307-4b533a2376d4@group-B007A63A5CCA: changes role from CANDIDATE to FOLLOWER at term 23 for DISCOVERED_A_NEW_TERM
2019-10-25 21:28:58,006 [fe8e0c84-158f-427e-8307-4b533a2376d4@group-B007A63A5CCA-LeaderElection27] INFO  impl.RoleInfo (RoleInfo.java:shutdownLeaderElection(134)) - fe8e0c84-158f-427e-8307-4b533a2376d4: shutdown LeaderElection
2019-10-25 21:28:58,006 [fe8e0c84-158f-427e-8307-4b533a2376d4@group-B007A63A5CCA-LeaderElection27] INFO  impl.RoleInfo (RoleInfo.java:updateAndGet(143)) - fe8e0c84-158f-427e-8307-4b533a2376d4: start FollowerState
2019-10-25 21:28:58,083 [Thread-702] INFO  impl.FollowerState (FollowerState.java:run(108)) - fe8e0c84-158f-427e-8307-4b533a2376d4@group-B007A63A5CCA-FollowerState: change to CANDIDATE, lastRpcTime:77ms, electionTimeout:75ms
2019-10-25 21:28:58,084 [Thread-702] INFO  impl.RoleInfo (RoleInfo.java:shutdownFollowerState(121)) - fe8e0c84-158f-427e-8307-4b533a2376d4: shutdown FollowerState
2019-10-25 21:28:58,084 [Thread-702] INFO  impl.RaftServerImpl (RaftServerImpl.java:setRole(184)) - fe8e0c84-158f-427e-8307-4b533a2376d4@group-B007A63A5CCA: changes role from  FOLLOWER to CANDIDATE at term 23 for changeToCandidate
2019-10-25 21:28:58,085 [Thread-702] INFO  impl.RoleInfo (RoleInfo.java:updateAndGet(143)) - fe8e0c84-158f-427e-8307-4b533a2376d4: start LeaderElection
2019-10-25 21:28:58,098 [fe8e0c84-158f-427e-8307-4b533a2376d4@group-B007A63A5CCA-LeaderElection28] INFO  impl.LeaderElection (LeaderElection.java:askForVotes(178)) - fe8e0c84-158f-427e-8307-4b533a2376d4@group-B007A63A5CCA-LeaderElection28: begin an election at term 24 for 0: [1e09a021-a6d7-4a53-819d-98ce6b091a77:192.168.34.41:46402, b43dc2d2-5265-4a31-922b-3f50c0227a2c:192.168.34.41:35789, fe8e0c84-158f-427e-8307-4b533a2376d4:192.168.34.41:37955], old=null
2019-10-25 21:28:58,100 [grpc-default-executor-0] INFO  impl.RaftServerImpl (RaftServerImpl.java:setRole(184)) - 1e09a021-a6d7-4a53-819d-98ce6b091a77@group-B007A63A5CCA: changes role from  FOLLOWER to FOLLOWER at term 24 for recognizeCandidate:fe8e0c84-158f-427e-8307-4b533a2376d4
2019-10-25 21:28:58,100 [grpc-default-executor-0] INFO  impl.RoleInfo (RoleInfo.java:shutdownFollowerState(121)) - 1e09a021-a6d7-4a53-819d-98ce6b091a77: shutdown FollowerState
2019-10-25 21:28:58,100 [grpc-default-executor-0] INFO  impl.RoleInfo (RoleInfo.java:updateAndGet(143)) - 1e09a021-a6d7-4a53-819d-98ce6b091a77: start FollowerState
2019-10-25 21:28:58,100 [Thread-698] INFO  impl.FollowerState (FollowerState.java:run(117)) - 1e09a021-a6d7-4a53-819d-98ce6b091a77@group-B007A63A5CCA-FollowerState was interrupted: java.lang.InterruptedException: sleep interrupted
2019-10-25 21:28:58,100 [grpc-default-executor-2] INFO  impl.RaftServerImpl (RaftServerImpl.java:setRole(184)) - b43dc2d2-5265-4a31-922b-3f50c0227a2c@group-B007A63A5CCA: changes role from  FOLLOWER to FOLLOWER at term 24 for recognizeCandidate:fe8e0c84-158f-427e-8307-4b533a2376d4
2019-10-25 21:28:58,101 [grpc-default-executor-2] INFO  impl.RoleInfo (RoleInfo.java:shutdownFollowerState(121)) - b43dc2d2-5265-4a31-922b-3f50c0227a2c: shutdown FollowerState
2019-10-25 21:28:58,101 [grpc-default-executor-2] INFO  impl.RoleInfo (RoleInfo.java:updateAndGet(143)) - b43dc2d2-5265-4a31-922b-3f50c0227a2c: start FollowerState
2019-10-25 21:28:58,101 [Thread-697] INFO  impl.FollowerState (FollowerState.java:run(117)) - b43dc2d2-5265-4a31-922b-3f50c0227a2c@group-B007A63A5CCA-FollowerState was interrupted: java.lang.InterruptedException: sleep interrupted
2019-10-25 21:28:58,115 [fe8e0c84-158f-427e-8307-4b533a2376d4@group-B007A63A5CCA-LeaderElection28] INFO  impl.LeaderElection (LeaderElection.java:logAndReturn(56)) - fe8e0c84-158f-427e-8307-4b533a2376d4@group-B007A63A5CCA-LeaderElection28: Election REJECTED; received 2 response(s) [fe8e0c84-158f-427e-8307-4b533a2376d4<-1e09a021-a6d7-4a53-819d-98ce6b091a77#0:FAIL-t24, fe8e0c84-158f-427e-8307-4b533a2376d4<-b43dc2d2-5265-4a31-922b-3f50c0227a2c#0:FAIL-t24] and 0 exception(s); fe8e0c84-158f-427e-8307-4b533a2376d4@group-B007A63A5CCA:t24, leader=null, voted=fe8e0c84-158f-427e-8307-4b533a2376d4, raftlog=fe8e0c84-158f-427e-8307-4b533a2376d4@group-B007A63A5CCA-SegmentedRaftLog:OPENED:c3,f4,i4, conf=0: [1e09a021-a6d7-4a53-819d-98ce6b091a77:192.168.34.41:46402, b43dc2d2-5265-4a31-922b-3f50c0227a2c:192.168.34.41:35789, fe8e0c84-158f-427e-8307-4b533a2376d4:192.168.34.41:37955], old=null
2019-10-25 21:28:58,115 [fe8e0c84-158f-427e-8307-4b533a2376d4@group-B007A63A5CCA-LeaderElection28] INFO  impl.RaftServerImpl (RaftServerImpl.java:setRole(184)) - fe8e0c84-158f-427e-8307-4b533a2376d4@group-B007A63A5CCA: changes role from CANDIDATE to FOLLOWER at term 24 for DISCOVERED_A_NEW_TERM
2019-10-25 21:28:58,116 [fe8e0c84-158f-427e-8307-4b533a2376d4@group-B007A63A5CCA-LeaderElection28] INFO  impl.RoleInfo (RoleInfo.java:shutdownLeaderElection(134)) - fe8e0c84-158f-427e-8307-4b533a2376d4: shutdown LeaderElection
2019-10-25 21:28:58,116 [fe8e0c84-158f-427e-8307-4b533a2376d4@group-B007A63A5CCA-LeaderElection28] INFO  impl.RoleInfo (RoleInfo.java:updateAndGet(143)) - fe8e0c84-158f-427e-8307-4b533a2376d4: start FollowerState
2019-10-25 21:28:58,269 [Thread-708] INFO  impl.FollowerState (FollowerState.java:run(108)) - fe8e0c84-158f-427e-8307-4b533a2376d4@group-B007A63A5CCA-FollowerState: change to CANDIDATE, lastRpcTime:153ms, electionTimeout:153ms
2019-10-25 21:28:58,270 [Thread-708] INFO  impl.RoleInfo (RoleInfo.java:shutdownFollowerState(121)) - fe8e0c84-158f-427e-8307-4b533a2376d4: shutdown FollowerState
2019-10-25 21:28:58,271 [Thread-708] INFO  impl.RaftServerImpl (RaftServerImpl.java:setRole(184)) - fe8e0c84-158f-427e-8307-4b533a2376d4@group-B007A63A5CCA: changes role from  FOLLOWER to CANDIDATE at term 24 for changeToCandidate
2019-10-25 21:28:58,271 [Thread-708] INFO  impl.RoleInfo (RoleInfo.java:updateAndGet(143)) - fe8e0c84-158f-427e-8307-4b533a2376d4: start LeaderElection
2019-10-25 21:28:58,290 [pool-7-thread-1] INFO  commands.RetriableDatanodeEventWatcher (RetriableDatanodeEventWatcher.java:onTimeout(47)) - RetriableDatanodeCommand type=deleteBlocksCommand with id=1572038931289 timed out. Retrying.
2019-10-25 21:28:58,291 [pool-7-thread-3] INFO  commands.RetriableDatanodeEventWatcher (RetriableDatanodeEventWatcher.java:onTimeout(47)) - RetriableDatanodeCommand type=deleteBlocksCommand with id=1572038931283 timed out. Retrying.
2019-10-25 21:28:58,291 [pool-7-thread-4] INFO  commands.RetriableDatanodeEventWatcher (RetriableDatanodeEventWatcher.java:onTimeout(47)) - RetriableDatanodeCommand type=deleteBlocksCommand with id=1572038931290 timed out. Retrying.
2019-10-25 21:28:58,291 [pool-7-thread-6] INFO  commands.RetriableDatanodeEventWatcher (RetriableDatanodeEventWatcher.java:onTimeout(47)) - RetriableDatanodeCommand type=deleteBlocksCommand with id=1572038931281 timed out. Retrying.
2019-10-25 21:28:58,292 [pool-7-thread-5] INFO  commands.RetriableDatanodeEventWatcher (RetriableDatanodeEventWatcher.java:onTimeout(47)) - RetriableDatanodeCommand type=deleteBlocksCommand with id=1572038931285 timed out. Retrying.
2019-10-25 21:28:58,292 [SCMBlockDeletingService#1] INFO  block.SCMBlockDeletingService (SCMBlockDeletingService.java:call(184)) - Totally added 1 delete blocks command for 1 datanodes, task elapsed time: 1ms
2019-10-25 21:28:58,292 [pool-7-thread-4] INFO  commands.RetriableDatanodeEventWatcher (RetriableDatanodeEventWatcher.java:onTimeout(47)) - RetriableDatanodeCommand type=deleteBlocksCommand with id=1572038931287 timed out. Retrying.
2019-10-25 21:28:58,292 [pool-7-thread-6] INFO  commands.RetriableDatanodeEventWatcher (RetriableDatanodeEventWatcher.java:onTimeout(47)) - RetriableDatanodeCommand type=deleteBlocksCommand with id=1572038931288 timed out. Retrying.
2019-10-25 21:28:58,292 [fe8e0c84-158f-427e-8307-4b533a2376d4@group-B007A63A5CCA-LeaderElection29] INFO  impl.LeaderElection (LeaderElection.java:askForVotes(178)) - fe8e0c84-158f-427e-8307-4b533a2376d4@group-B007A63A5CCA-LeaderElection29: begin an election at term 25 for 0: [1e09a021-a6d7-4a53-819d-98ce6b091a77:192.168.34.41:46402, b43dc2d2-5265-4a31-922b-3f50c0227a2c:192.168.34.41:35789, fe8e0c84-158f-427e-8307-4b533a2376d4:192.168.34.41:37955], old=null
2019-10-25 21:28:58,295 [grpc-default-executor-2] INFO  impl.RaftServerImpl (RaftServerImpl.java:setRole(184)) - b43dc2d2-5265-4a31-922b-3f50c0227a2c@group-B007A63A5CCA: changes role from  FOLLOWER to FOLLOWER at term 25 for recognizeCandidate:fe8e0c84-158f-427e-8307-4b533a2376d4
2019-10-25 21:28:58,296 [grpc-default-executor-0] INFO  impl.RaftServerImpl (RaftServerImpl.java:setRole(184)) - 1e09a021-a6d7-4a53-819d-98ce6b091a77@group-B007A63A5CCA: changes role from  FOLLOWER to FOLLOWER at term 25 for recognizeCandidate:fe8e0c84-158f-427e-8307-4b533a2376d4
2019-10-25 21:28:58,296 [grpc-default-executor-2] INFO  impl.RoleInfo (RoleInfo.java:shutdownFollowerState(121)) - b43dc2d2-5265-4a31-922b-3f50c0227a2c: shutdown FollowerState
2019-10-25 21:28:58,296 [grpc-default-executor-0] INFO  impl.RoleInfo (RoleInfo.java:shutdownFollowerState(121)) - 1e09a021-a6d7-4a53-819d-98ce6b091a77: shutdown FollowerState
2019-10-25 21:28:58,296 [grpc-default-executor-2] INFO  impl.RoleInfo (RoleInfo.java:updateAndGet(143)) - b43dc2d2-5265-4a31-922b-3f50c0227a2c: start FollowerState
2019-10-25 21:28:58,296 [Thread-707] INFO  impl.FollowerState (FollowerState.java:run(117)) - b43dc2d2-5265-4a31-922b-3f50c0227a2c@group-B007A63A5CCA-FollowerState was interrupted: java.lang.InterruptedException: sleep interrupted
2019-10-25 21:28:58,296 [grpc-default-executor-0] INFO  impl.RoleInfo (RoleInfo.java:updateAndGet(143)) - 1e09a021-a6d7-4a53-819d-98ce6b091a77: start FollowerState
2019-10-25 21:28:58,296 [Thread-706] INFO  impl.FollowerState (FollowerState.java:run(117)) - 1e09a021-a6d7-4a53-819d-98ce6b091a77@group-B007A63A5CCA-FollowerState was interrupted: java.lang.InterruptedException: sleep interrupted
2019-10-25 21:28:58,321 [fe8e0c84-158f-427e-8307-4b533a2376d4@group-B007A63A5CCA-LeaderElection29] INFO  impl.LeaderElection (LeaderElection.java:logAndReturn(56)) - fe8e0c84-158f-427e-8307-4b533a2376d4@group-B007A63A5CCA-LeaderElection29: Election TIMEOUT; received 0 response(s) [] and 0 exception(s); fe8e0c84-158f-427e-8307-4b533a2376d4@group-B007A63A5CCA:t25, leader=null, voted=fe8e0c84-158f-427e-8307-4b533a2376d4, raftlog=fe8e0c84-158f-427e-8307-4b533a2376d4@group-B007A63A5CCA-SegmentedRaftLog:OPENED:c3,f4,i4, conf=0: [1e09a021-a6d7-4a53-819d-98ce6b091a77:192.168.34.41:46402, b43dc2d2-5265-4a31-922b-3f50c0227a2c:192.168.34.41:35789, fe8e0c84-158f-427e-8307-4b533a2376d4:192.168.34.41:37955], old=null
2019-10-25 21:28:58,324 [fe8e0c84-158f-427e-8307-4b533a2376d4@group-B007A63A5CCA-LeaderElection29] INFO  impl.LeaderElection (LeaderElection.java:askForVotes(178)) - fe8e0c84-158f-427e-8307-4b533a2376d4@group-B007A63A5CCA-LeaderElection29: begin an election at term 26 for 0: [1e09a021-a6d7-4a53-819d-98ce6b091a77:192.168.34.41:46402, b43dc2d2-5265-4a31-922b-3f50c0227a2c:192.168.34.41:35789, fe8e0c84-158f-427e-8307-4b533a2376d4:192.168.34.41:37955], old=null
2019-10-25 21:28:58,326 [grpc-default-executor-2] INFO  impl.RaftServerImpl (RaftServerImpl.java:setRole(184)) - 1e09a021-a6d7-4a53-819d-98ce6b091a77@group-B007A63A5CCA: changes role from  FOLLOWER to FOLLOWER at term 26 for recognizeCandidate:fe8e0c84-158f-427e-8307-4b533a2376d4
2019-10-25 21:28:58,327 [grpc-default-executor-2] INFO  impl.RoleInfo (RoleInfo.java:shutdownFollowerState(121)) - 1e09a021-a6d7-4a53-819d-98ce6b091a77: shutdown FollowerState
2019-10-25 21:28:58,327 [grpc-default-executor-0] INFO  impl.RaftServerImpl (RaftServerImpl.java:setRole(184)) - b43dc2d2-5265-4a31-922b-3f50c0227a2c@group-B007A63A5CCA: changes role from  FOLLOWER to FOLLOWER at term 26 for recognizeCandidate:fe8e0c84-158f-427e-8307-4b533a2376d4
2019-10-25 21:28:58,328 [Thread-713] INFO  impl.FollowerState (FollowerState.java:run(117)) - 1e09a021-a6d7-4a53-819d-98ce6b091a77@group-B007A63A5CCA-FollowerState was interrupted: java.lang.InterruptedException: sleep interrupted
2019-10-25 21:28:58,328 [grpc-default-executor-2] INFO  impl.RoleInfo (RoleInfo.java:updateAndGet(143)) - 1e09a021-a6d7-4a53-819d-98ce6b091a77: start FollowerState
2019-10-25 21:28:58,328 [grpc-default-executor-0] INFO  impl.RoleInfo (RoleInfo.java:shutdownFollowerState(121)) - b43dc2d2-5265-4a31-922b-3f50c0227a2c: shutdown FollowerState
2019-10-25 21:28:58,328 [grpc-default-executor-0] INFO  impl.RoleInfo (RoleInfo.java:updateAndGet(143)) - b43dc2d2-5265-4a31-922b-3f50c0227a2c: start FollowerState
2019-10-25 21:28:58,328 [Thread-712] INFO  impl.FollowerState (FollowerState.java:run(117)) - b43dc2d2-5265-4a31-922b-3f50c0227a2c@group-B007A63A5CCA-FollowerState was interrupted: java.lang.InterruptedException: sleep interrupted
2019-10-25 21:28:58,344 [fe8e0c84-158f-427e-8307-4b533a2376d4@group-B007A63A5CCA-LeaderElection29] INFO  impl.LeaderElection (LeaderElection.java:logAndReturn(56)) - fe8e0c84-158f-427e-8307-4b533a2376d4@group-B007A63A5CCA-LeaderElection29: Election REJECTED; received 2 response(s) [fe8e0c84-158f-427e-8307-4b533a2376d4<-1e09a021-a6d7-4a53-819d-98ce6b091a77#0:FAIL-t26, fe8e0c84-158f-427e-8307-4b533a2376d4<-b43dc2d2-5265-4a31-922b-3f50c0227a2c#0:FAIL-t26] and 0 exception(s); fe8e0c84-158f-427e-8307-4b533a2376d4@group-B007A63A5CCA:t26, leader=null, voted=fe8e0c84-158f-427e-8307-4b533a2376d4, raftlog=fe8e0c84-158f-427e-8307-4b533a2376d4@group-B007A63A5CCA-SegmentedRaftLog:OPENED:c3,f4,i4, conf=0: [1e09a021-a6d7-4a53-819d-98ce6b091a77:192.168.34.41:46402, b43dc2d2-5265-4a31-922b-3f50c0227a2c:192.168.34.41:35789, fe8e0c84-158f-427e-8307-4b533a2376d4:192.168.34.41:37955], old=null
2019-10-25 21:28:58,344 [fe8e0c84-158f-427e-8307-4b533a2376d4@group-B007A63A5CCA-LeaderElection29] INFO  impl.RaftServerImpl (RaftServerImpl.java:setRole(184)) - fe8e0c84-158f-427e-8307-4b533a2376d4@group-B007A63A5CCA: changes role from CANDIDATE to FOLLOWER at term 26 for DISCOVERED_A_NEW_TERM
2019-10-25 21:28:58,344 [fe8e0c84-158f-427e-8307-4b533a2376d4@group-B007A63A5CCA-LeaderElection29] INFO  impl.RoleInfo (RoleInfo.java:shutdownLeaderElection(134)) - fe8e0c84-158f-427e-8307-4b533a2376d4: shutdown LeaderElection
2019-10-25 21:28:58,344 [fe8e0c84-158f-427e-8307-4b533a2376d4@group-B007A63A5CCA-LeaderElection29] INFO  impl.RoleInfo (RoleInfo.java:updateAndGet(143)) - fe8e0c84-158f-427e-8307-4b533a2376d4: start FollowerState
2019-10-25 21:28:58,459 [Thread-718] INFO  impl.FollowerState (FollowerState.java:run(108)) - fe8e0c84-158f-427e-8307-4b533a2376d4@group-B007A63A5CCA-FollowerState: change to CANDIDATE, lastRpcTime:114ms, electionTimeout:114ms
2019-10-25 21:28:58,460 [Thread-718] INFO  impl.RoleInfo (RoleInfo.java:shutdownFollowerState(121)) - fe8e0c84-158f-427e-8307-4b533a2376d4: shutdown FollowerState
2019-10-25 21:28:58,461 [Thread-718] INFO  impl.RaftServerImpl (RaftServerImpl.java:setRole(184)) - fe8e0c84-158f-427e-8307-4b533a2376d4@group-B007A63A5CCA: changes role from  FOLLOWER to CANDIDATE at term 26 for changeToCandidate
2019-10-25 21:28:58,461 [Thread-718] INFO  impl.RoleInfo (RoleInfo.java:updateAndGet(143)) - fe8e0c84-158f-427e-8307-4b533a2376d4: start LeaderElection
2019-10-25 21:28:58,476 [fe8e0c84-158f-427e-8307-4b533a2376d4@group-B007A63A5CCA-LeaderElection30] INFO  impl.LeaderElection (LeaderElection.java:askForVotes(178)) - fe8e0c84-158f-427e-8307-4b533a2376d4@group-B007A63A5CCA-LeaderElection30: begin an election at term 27 for 0: [1e09a021-a6d7-4a53-819d-98ce6b091a77:192.168.34.41:46402, b43dc2d2-5265-4a31-922b-3f50c0227a2c:192.168.34.41:35789, fe8e0c84-158f-427e-8307-4b533a2376d4:192.168.34.41:37955], old=null
2019-10-25 21:28:58,479 [grpc-default-executor-2] INFO  impl.RaftServerImpl (RaftServerImpl.java:setRole(184)) - 1e09a021-a6d7-4a53-819d-98ce6b091a77@group-B007A63A5CCA: changes role from  FOLLOWER to FOLLOWER at term 27 for recognizeCandidate:fe8e0c84-158f-427e-8307-4b533a2376d4
2019-10-25 21:28:58,479 [grpc-default-executor-0] INFO  impl.RaftServerImpl (RaftServerImpl.java:setRole(184)) - b43dc2d2-5265-4a31-922b-3f50c0227a2c@group-B007A63A5CCA: changes role from  FOLLOWER to FOLLOWER at term 27 for recognizeCandidate:fe8e0c84-158f-427e-8307-4b533a2376d4
2019-10-25 21:28:58,479 [grpc-default-executor-2] INFO  impl.RoleInfo (RoleInfo.java:shutdownFollowerState(121)) - 1e09a021-a6d7-4a53-819d-98ce6b091a77: shutdown FollowerState
2019-10-25 21:28:58,479 [grpc-default-executor-0] INFO  impl.RoleInfo (RoleInfo.java:shutdownFollowerState(121)) - b43dc2d2-5265-4a31-922b-3f50c0227a2c: shutdown FollowerState
2019-10-25 21:28:58,479 [grpc-default-executor-2] INFO  impl.RoleInfo (RoleInfo.java:updateAndGet(143)) - 1e09a021-a6d7-4a53-819d-98ce6b091a77: start FollowerState
2019-10-25 21:28:58,480 [Thread-717] INFO  impl.FollowerState (FollowerState.java:run(117)) - b43dc2d2-5265-4a31-922b-3f50c0227a2c@group-B007A63A5CCA-FollowerState was interrupted: java.lang.InterruptedException: sleep interrupted
2019-10-25 21:28:58,480 [Thread-716] INFO  impl.FollowerState (FollowerState.java:run(117)) - 1e09a021-a6d7-4a53-819d-98ce6b091a77@group-B007A63A5CCA-FollowerState was interrupted: java.lang.InterruptedException: sleep interrupted
2019-10-25 21:28:58,480 [grpc-default-executor-0] INFO  impl.RoleInfo (RoleInfo.java:updateAndGet(143)) - b43dc2d2-5265-4a31-922b-3f50c0227a2c: start FollowerState
2019-10-25 21:28:58,495 [fe8e0c84-158f-427e-8307-4b533a2376d4@group-B007A63A5CCA-LeaderElection30] INFO  impl.LeaderElection (LeaderElection.java:logAndReturn(56)) - fe8e0c84-158f-427e-8307-4b533a2376d4@group-B007A63A5CCA-LeaderElection30: Election REJECTED; received 2 response(s) [fe8e0c84-158f-427e-8307-4b533a2376d4<-1e09a021-a6d7-4a53-819d-98ce6b091a77#0:FAIL-t27, fe8e0c84-158f-427e-8307-4b533a2376d4<-b43dc2d2-5265-4a31-922b-3f50c0227a2c#0:FAIL-t27] and 0 exception(s); fe8e0c84-158f-427e-8307-4b533a2376d4@group-B007A63A5CCA:t27, leader=null, voted=fe8e0c84-158f-427e-8307-4b533a2376d4, raftlog=fe8e0c84-158f-427e-8307-4b533a2376d4@group-B007A63A5CCA-SegmentedRaftLog:OPENED:c3,f4,i4, conf=0: [1e09a021-a6d7-4a53-819d-98ce6b091a77:192.168.34.41:46402, b43dc2d2-5265-4a31-922b-3f50c0227a2c:192.168.34.41:35789, fe8e0c84-158f-427e-8307-4b533a2376d4:192.168.34.41:37955], old=null
2019-10-25 21:28:58,495 [fe8e0c84-158f-427e-8307-4b533a2376d4@group-B007A63A5CCA-LeaderElection30] INFO  impl.RaftServerImpl (RaftServerImpl.java:setRole(184)) - fe8e0c84-158f-427e-8307-4b533a2376d4@group-B007A63A5CCA: changes role from CANDIDATE to FOLLOWER at term 27 for DISCOVERED_A_NEW_TERM
2019-10-25 21:28:58,496 [fe8e0c84-158f-427e-8307-4b533a2376d4@group-B007A63A5CCA-LeaderElection30] INFO  impl.RoleInfo (RoleInfo.java:shutdownLeaderElection(134)) - fe8e0c84-158f-427e-8307-4b533a2376d4: shutdown LeaderElection
2019-10-25 21:28:58,496 [fe8e0c84-158f-427e-8307-4b533a2376d4@group-B007A63A5CCA-LeaderElection30] INFO  impl.RoleInfo (RoleInfo.java:updateAndGet(143)) - fe8e0c84-158f-427e-8307-4b533a2376d4: start FollowerState
2019-10-25 21:28:58,598 [Thread-724] INFO  impl.FollowerState (FollowerState.java:run(108)) - fe8e0c84-158f-427e-8307-4b533a2376d4@group-B007A63A5CCA-FollowerState: change to CANDIDATE, lastRpcTime:102ms, electionTimeout:102ms
2019-10-25 21:28:58,600 [Thread-724] INFO  impl.RoleInfo (RoleInfo.java:shutdownFollowerState(121)) - fe8e0c84-158f-427e-8307-4b533a2376d4: shutdown FollowerState
2019-10-25 21:28:58,600 [Thread-724] INFO  impl.RaftServerImpl (RaftServerImpl.java:setRole(184)) - fe8e0c84-158f-427e-8307-4b533a2376d4@group-B007A63A5CCA: changes role from  FOLLOWER to CANDIDATE at term 27 for changeToCandidate
2019-10-25 21:28:58,600 [Thread-724] INFO  impl.RoleInfo (RoleInfo.java:updateAndGet(143)) - fe8e0c84-158f-427e-8307-4b533a2376d4: start LeaderElection
2019-10-25 21:28:58,613 [fe8e0c84-158f-427e-8307-4b533a2376d4@group-B007A63A5CCA-LeaderElection31] INFO  impl.LeaderElection (LeaderElection.java:askForVotes(178)) - fe8e0c84-158f-427e-8307-4b533a2376d4@group-B007A63A5CCA-LeaderElection31: begin an election at term 28 for 0: [1e09a021-a6d7-4a53-819d-98ce6b091a77:192.168.34.41:46402, b43dc2d2-5265-4a31-922b-3f50c0227a2c:192.168.34.41:35789, fe8e0c84-158f-427e-8307-4b533a2376d4:192.168.34.41:37955], old=null
2019-10-25 21:28:58,615 [grpc-default-executor-0] INFO  impl.RaftServerImpl (RaftServerImpl.java:setRole(184)) - 1e09a021-a6d7-4a53-819d-98ce6b091a77@group-B007A63A5CCA: changes role from  FOLLOWER to FOLLOWER at term 28 for recognizeCandidate:fe8e0c84-158f-427e-8307-4b533a2376d4
2019-10-25 21:28:58,616 [grpc-default-executor-0] INFO  impl.RoleInfo (RoleInfo.java:shutdownFollowerState(121)) - 1e09a021-a6d7-4a53-819d-98ce6b091a77: shutdown FollowerState
2019-10-25 21:28:58,616 [grpc-default-executor-2] INFO  impl.RaftServerImpl (RaftServerImpl.java:setRole(184)) - b43dc2d2-5265-4a31-922b-3f50c0227a2c@group-B007A63A5CCA: changes role from  FOLLOWER to FOLLOWER at term 28 for recognizeCandidate:fe8e0c84-158f-427e-8307-4b533a2376d4
2019-10-25 21:28:58,616 [Thread-722] INFO  impl.FollowerState (FollowerState.java:run(117)) - 1e09a021-a6d7-4a53-819d-98ce6b091a77@group-B007A63A5CCA-FollowerState was interrupted: java.lang.InterruptedException: sleep interrupted
2019-10-25 21:28:58,616 [grpc-default-executor-0] INFO  impl.RoleInfo (RoleInfo.java:updateAndGet(143)) - 1e09a021-a6d7-4a53-819d-98ce6b091a77: start FollowerState
2019-10-25 21:28:58,616 [grpc-default-executor-2] INFO  impl.RoleInfo (RoleInfo.java:shutdownFollowerState(121)) - b43dc2d2-5265-4a31-922b-3f50c0227a2c: shutdown FollowerState
2019-10-25 21:28:58,616 [Thread-723] INFO  impl.FollowerState (FollowerState.java:run(117)) - b43dc2d2-5265-4a31-922b-3f50c0227a2c@group-B007A63A5CCA-FollowerState was interrupted: java.lang.InterruptedException: sleep interrupted
2019-10-25 21:28:58,616 [grpc-default-executor-2] INFO  impl.RoleInfo (RoleInfo.java:updateAndGet(143)) - b43dc2d2-5265-4a31-922b-3f50c0227a2c: start FollowerState
2019-10-25 21:28:58,635 [fe8e0c84-158f-427e-8307-4b533a2376d4@group-B007A63A5CCA-LeaderElection31] INFO  impl.LeaderElection (LeaderElection.java:logAndReturn(56)) - fe8e0c84-158f-427e-8307-4b533a2376d4@group-B007A63A5CCA-LeaderElection31: Election REJECTED; received 2 response(s) [fe8e0c84-158f-427e-8307-4b533a2376d4<-1e09a021-a6d7-4a53-819d-98ce6b091a77#0:FAIL-t28, fe8e0c84-158f-427e-8307-4b533a2376d4<-b43dc2d2-5265-4a31-922b-3f50c0227a2c#0:FAIL-t28] and 0 exception(s); fe8e0c84-158f-427e-8307-4b533a2376d4@group-B007A63A5CCA:t28, leader=null, voted=fe8e0c84-158f-427e-8307-4b533a2376d4, raftlog=fe8e0c84-158f-427e-8307-4b533a2376d4@group-B007A63A5CCA-SegmentedRaftLog:OPENED:c3,f4,i4, conf=0: [1e09a021-a6d7-4a53-819d-98ce6b091a77:192.168.34.41:46402, b43dc2d2-5265-4a31-922b-3f50c0227a2c:192.168.34.41:35789, fe8e0c84-158f-427e-8307-4b533a2376d4:192.168.34.41:37955], old=null
2019-10-25 21:28:58,635 [fe8e0c84-158f-427e-8307-4b533a2376d4@group-B007A63A5CCA-LeaderElection31] INFO  impl.RaftServerImpl (RaftServerImpl.java:setRole(184)) - fe8e0c84-158f-427e-8307-4b533a2376d4@group-B007A63A5CCA: changes role from CANDIDATE to FOLLOWER at term 28 for DISCOVERED_A_NEW_TERM
2019-10-25 21:28:58,636 [fe8e0c84-158f-427e-8307-4b533a2376d4@group-B007A63A5CCA-LeaderElection31] INFO  impl.RoleInfo (RoleInfo.java:shutdownLeaderElection(134)) - fe8e0c84-158f-427e-8307-4b533a2376d4: shutdown LeaderElection
2019-10-25 21:28:58,636 [fe8e0c84-158f-427e-8307-4b533a2376d4@group-B007A63A5CCA-LeaderElection31] INFO  impl.RoleInfo (RoleInfo.java:updateAndGet(143)) - fe8e0c84-158f-427e-8307-4b533a2376d4: start FollowerState
2019-10-25 21:28:58,639 [BlockDeletingService#2] WARN  background.BlockDeletingService (BlockDeletingService.java:isDeletionAllowed(187)) - Close Container log Index 6 is not replicated across allthe servers in the pipeline 69397456-ee7f-4bbb-8423-b007a63a5cca as the min replicated index is 4. Deletion is not allowed in this container yet.
2019-10-25 21:28:58,639 [BlockDeletingService#2] WARN  background.BlockDeletingService (BlockDeletingService.java:isDeletionAllowed(187)) - Close Container log Index 6 is not replicated across allthe servers in the pipeline 69397456-ee7f-4bbb-8423-b007a63a5cca as the min replicated index is 4. Deletion is not allowed in this container yet.
2019-10-25 21:28:58,706 [EventQueue-PendingDeleteStatusForPendingDeleteHandler] INFO  block.SCMBlockDeletingService (SCMBlockDeletingService.java:handlePendingDeletes(115)) - Block deletion txnID mismatch in datanode fe8e0c84-158f-427e-8307-4b533a2376d4 for containerID 1. Datanode delete txnID: 0, SCM txnID: 1
2019-10-25 21:28:58,746 [grpc-default-executor-2] INFO  impl.RaftServerProxy (RaftServerProxy.java:addNew(89)) - fe8e0c84-158f-427e-8307-4b533a2376d4: addNew group-04C1FCBD168C:[fe8e0c84-158f-427e-8307-4b533a2376d4:192.168.34.41:37955] returns group-04C1FCBD168C:java.util.concurrent.CompletableFuture@91e8203[Not completed]
2019-10-25 21:28:58,750 [pool-59-thread-1] INFO  impl.RaftServerImpl (RaftServerImpl.java:<init>(104)) - fe8e0c84-158f-427e-8307-4b533a2376d4: new RaftServerImpl for group-04C1FCBD168C:[fe8e0c84-158f-427e-8307-4b533a2376d4:192.168.34.41:37955] with ContainerStateMachine:uninitialized
2019-10-25 21:28:58,750 [pool-59-thread-1] INFO  server.RaftServerConfigKeys (ConfUtils.java:logGet(43)) - raft.server.rpc.timeout.min = 5s (custom)
2019-10-25 21:28:58,750 [pool-59-thread-1] INFO  server.RaftServerConfigKeys (ConfUtils.java:logGet(43)) - raft.server.rpc.timeout.max = 5200ms (custom)
2019-10-25 21:28:58,750 [pool-59-thread-1] INFO  server.RaftServerConfigKeys (ConfUtils.java:logGet(43)) - raft.server.rpcslowness.timeout = 1000s (custom)
2019-10-25 21:28:58,750 [pool-59-thread-1] INFO  server.RaftServerConfigKeys (ConfUtils.java:logGet(43)) - raft.server.sleep.deviation.threshold = 300 (default)
2019-10-25 21:28:58,751 [pool-59-thread-1] INFO  server.RaftServerConfigKeys (ConfUtils.java:logGet(43)) - raft.server.log.appender.install.snapshot.enabled = false (custom)
2019-10-25 21:28:58,751 [pool-59-thread-1] INFO  impl.RaftServerImpl (ServerState.java:<init>(103)) - fe8e0c84-158f-427e-8307-4b533a2376d4@group-04C1FCBD168C: ConfigurationManager, init=-1: [fe8e0c84-158f-427e-8307-4b533a2376d4:192.168.34.41:37955], old=null, confs=<EMPTY_MAP>
2019-10-25 21:28:58,751 [pool-59-thread-1] INFO  server.RaftServerConfigKeys (ConfUtils.java:logGet(43)) - raft.server.storage.dir = [/workdir/hadoop-ozone/integration-test/target/test-dir/MiniOzoneClusterImpl-92884b77-011c-4f6d-b986-a415730dccc4/datanode-2/data/ratis] (custom)
2019-10-25 21:28:58,752 [pool-59-thread-1] INFO  server.RaftServerConfigKeys (ConfUtils.java:logGet(43)) - raft.server.log.corruption.policy = EXCEPTION (default)
2019-10-25 21:28:58,752 [pool-59-thread-1] INFO  storage.RaftStorageDirectory (RaftStorageDirectory.java:analyzeStorage(246)) - The storage directory /workdir/hadoop-ozone/integration-test/target/test-dir/MiniOzoneClusterImpl-92884b77-011c-4f6d-b986-a415730dccc4/datanode-2/data/ratis/5336f7d7-2ec1-4945-bb6c-04c1fcbd168c does not exist. Creating ...
2019-10-25 21:28:58,766 [pool-59-thread-1] INFO  storage.RaftStorageDirectory (RaftStorageDirectory.java:tryLock(328)) - Lock on /workdir/hadoop-ozone/integration-test/target/test-dir/MiniOzoneClusterImpl-92884b77-011c-4f6d-b986-a415730dccc4/datanode-2/data/ratis/5336f7d7-2ec1-4945-bb6c-04c1fcbd168c/in_use.lock acquired by nodename 18419@pr-hdds-2311-njw4j-1908075285
2019-10-25 21:28:58,779 [pool-59-thread-1] INFO  storage.RaftStorage (RaftStorage.java:format(84)) - Storage directory /workdir/hadoop-ozone/integration-test/target/test-dir/MiniOzoneClusterImpl-92884b77-011c-4f6d-b986-a415730dccc4/datanode-2/data/ratis/5336f7d7-2ec1-4945-bb6c-04c1fcbd168c has been successfully formatted.
2019-10-25 21:28:58,780 [pool-59-thread-1] INFO  ratis.ContainerStateMachine (ContainerStateMachine.java:loadSnapshot(231)) - group-04C1FCBD168C: The snapshot info is null. Setting the last applied indexto:(t:0, i:~)
2019-10-25 21:28:58,780 [pool-59-thread-1] INFO  server.RaftServerConfigKeys (ConfUtils.java:logGet(43)) - raft.server.notification.no-leader.timeout = 1000s (custom)
2019-10-25 21:28:58,780 [pool-59-thread-1] INFO  server.RaftServerConfigKeys (ConfUtils.java:logGet(43)) - raft.server.log.use.memory = false (default)
2019-10-25 21:28:58,780 [pool-59-thread-1] INFO  server.RaftServerConfigKeys (ConfUtils.java:logGet(43)) - raft.server.log.purge.gap = 1000000 (custom)
2019-10-25 21:28:58,781 [pool-59-thread-1] INFO  server.RaftServerConfigKeys (ConfUtils.java:logGet(43)) - raft.server.log.appender.buffer.byte-limit = 33554432 (custom)
2019-10-25 21:28:58,781 [pool-59-thread-1] INFO  server.RaftServerConfigKeys (ConfUtils.java:logGet(43)) - raft.server.log.segment.size.max = 1048576 (custom)
2019-10-25 21:28:58,781 [pool-59-thread-1] INFO  server.RaftServerConfigKeys (ConfUtils.java:logGet(43)) - raft.server.log.segment.cache.num.max = 2 (custom)
2019-10-25 21:28:58,781 [pool-59-thread-1] INFO  segmented.SegmentedRaftLogWorker (SegmentedRaftLogWorker.java:<init>(173)) - new fe8e0c84-158f-427e-8307-4b533a2376d4@group-04C1FCBD168C-SegmentedRaftLogWorker for RaftStorage:Storage Directory /workdir/hadoop-ozone/integration-test/target/test-dir/MiniOzoneClusterImpl-92884b77-011c-4f6d-b986-a415730dccc4/datanode-2/data/ratis/5336f7d7-2ec1-4945-bb6c-04c1fcbd168c
2019-10-25 21:28:58,781 [pool-59-thread-1] INFO  server.RaftServerConfigKeys (ConfUtils.java:logGet(43)) - raft.server.log.queue.byte-limit = 2147483647 (custom)
2019-10-25 21:28:58,782 [pool-59-thread-1] INFO  server.RaftServerConfigKeys (ConfUtils.java:logGet(43)) - raft.server.log.queue.element-limit = 1024 (custom)
2019-10-25 21:28:58,782 [pool-59-thread-1] INFO  server.RaftServerConfigKeys (ConfUtils.java:logGet(43)) - raft.server.log.segment.size.max = 1048576 (custom)
2019-10-25 21:28:58,782 [pool-59-thread-1] INFO  server.RaftServerConfigKeys (ConfUtils.java:logGet(43)) - raft.server.log.preallocated.size = 16384 (custom)
2019-10-25 21:28:58,782 [pool-59-thread-1] INFO  server.RaftServerConfigKeys (ConfUtils.java:logGet(43)) - raft.server.log.write.buffer.size = 33554432 (custom)
2019-10-25 21:28:58,782 [pool-59-thread-1] INFO  server.RaftServerConfigKeys (ConfUtils.java:logGet(43)) - raft.server.log.force.sync.num = 128 (default)
2019-10-25 21:28:58,782 [pool-59-thread-1] INFO  server.RaftServerConfigKeys (ConfUtils.java:logGet(43)) - raft.server.log.statemachine.data.sync = true (default)
2019-10-25 21:28:58,783 [pool-59-thread-1] INFO  server.RaftServerConfigKeys (ConfUtils.java:logGet(43)) - raft.server.log.statemachine.data.sync.timeout = 10s (default)
2019-10-25 21:28:58,783 [pool-59-thread-1] INFO  server.RaftServerConfigKeys (ConfUtils.java:logGet(43)) - raft.server.log.statemachine.data.sync.timeout.retry = -1 (default)
2019-10-25 21:28:58,783 [pool-59-thread-1] INFO  server.RaftServerConfigKeys (ConfUtils.java:logGet(43)) - raft.server.log.statemachine.data.caching.enabled = true (custom)
2019-10-25 21:28:58,784 [pool-59-thread-1] INFO  segmented.SegmentedRaftLogWorker (SegmentedRaftLogWorker.java:lambda$new$0(128)) - fe8e0c84-158f-427e-8307-4b533a2376d4@group-04C1FCBD168C-SegmentedRaftLogWorker: flushIndex: setUnconditionally 0 -> -1
2019-10-25 21:28:58,784 [pool-59-thread-1] INFO  server.RaftServerConfigKeys (ConfUtils.java:logGet(43)) - raft.server.snapshot.auto.trigger.enabled = true (custom)
2019-10-25 21:28:58,784 [pool-59-thread-1] INFO  server.RaftServerConfigKeys (ConfUtils.java:logGet(43)) - raft.server.snapshot.auto.trigger.threshold = 10000 (custom)
2019-10-25 21:28:58,784 [pool-59-thread-1] INFO  server.RaftServerConfigKeys (ConfUtils.java:logGet(43)) - raft.server.snapshot.retention.file.num = 5 (custom)
2019-10-25 21:28:58,785 [pool-59-thread-1] INFO  server.RaftServerConfigKeys (ConfUtils.java:logGet(43)) - raft.server.retrycache.expirytime = 600000ms (custom)
2019-10-25 21:28:58,787 [Thread-730] INFO  impl.FollowerState (FollowerState.java:run(108)) - fe8e0c84-158f-427e-8307-4b533a2376d4@group-B007A63A5CCA-FollowerState: change to CANDIDATE, lastRpcTime:151ms, electionTimeout:151ms
2019-10-25 21:28:58,788 [Thread-730] INFO  impl.RoleInfo (RoleInfo.java:shutdownFollowerState(121)) - fe8e0c84-158f-427e-8307-4b533a2376d4: shutdown FollowerState
2019-10-25 21:28:58,788 [Thread-730] INFO  impl.RaftServerImpl (RaftServerImpl.java:setRole(184)) - fe8e0c84-158f-427e-8307-4b533a2376d4@group-B007A63A5CCA: changes role from  FOLLOWER to CANDIDATE at term 28 for changeToCandidate
2019-10-25 21:28:58,788 [Thread-730] INFO  impl.RoleInfo (RoleInfo.java:updateAndGet(143)) - fe8e0c84-158f-427e-8307-4b533a2376d4: start LeaderElection
2019-10-25 21:28:58,789 [pool-59-thread-1] INFO  impl.RaftServerImpl (RaftServerImpl.java:start(195)) - fe8e0c84-158f-427e-8307-4b533a2376d4@group-04C1FCBD168C: start as a follower, conf=-1: [fe8e0c84-158f-427e-8307-4b533a2376d4:192.168.34.41:37955], old=null
2019-10-25 21:28:58,789 [pool-59-thread-1] INFO  impl.RaftServerImpl (RaftServerImpl.java:setRole(184)) - fe8e0c84-158f-427e-8307-4b533a2376d4@group-04C1FCBD168C: changes role from      null to FOLLOWER at term 0 for startAsFollower
2019-10-25 21:28:58,789 [pool-59-thread-1] INFO  impl.RoleInfo (RoleInfo.java:updateAndGet(143)) - fe8e0c84-158f-427e-8307-4b533a2376d4: start FollowerState
2019-10-25 21:28:58,790 [pool-59-thread-1] INFO  util.JmxRegister (JmxRegister.java:tryRegister(44)) - Successfully registered JMX Bean with object name Ratis:service=RaftServer,group=group-04C1FCBD168C,id=fe8e0c84-158f-427e-8307-4b533a2376d4
2019-10-25 21:28:58,797 [RatisPipelineUtilsThread] INFO  pipeline.PipelineStateManager (PipelineStateManager.java:addPipeline(56)) - Created pipeline Pipeline[ Id: 5336f7d7-2ec1-4945-bb6c-04c1fcbd168c, Nodes: fe8e0c84-158f-427e-8307-4b533a2376d4{ip: 192.168.34.41, host: pr-hdds-2311-njw4j-1908075285, networkLocation: /default-rack, certSerialId: null}, Type:RATIS, Factor:ONE, State:OPEN]
2019-10-25 21:28:58,801 [fe8e0c84-158f-427e-8307-4b533a2376d4@group-B007A63A5CCA-LeaderElection32] INFO  impl.LeaderElection (LeaderElection.java:askForVotes(178)) - fe8e0c84-158f-427e-8307-4b533a2376d4@group-B007A63A5CCA-LeaderElection32: begin an election at term 29 for 0: [1e09a021-a6d7-4a53-819d-98ce6b091a77:192.168.34.41:46402, b43dc2d2-5265-4a31-922b-3f50c0227a2c:192.168.34.41:35789, fe8e0c84-158f-427e-8307-4b533a2376d4:192.168.34.41:37955], old=null
2019-10-25 21:28:58,813 [grpc-default-executor-3] INFO  impl.RaftServerImpl (RaftServerImpl.java:setRole(184)) - b43dc2d2-5265-4a31-922b-3f50c0227a2c@group-B007A63A5CCA: changes role from  FOLLOWER to FOLLOWER at term 29 for recognizeCandidate:fe8e0c84-158f-427e-8307-4b533a2376d4
2019-10-25 21:28:58,813 [grpc-default-executor-3] INFO  impl.RoleInfo (RoleInfo.java:shutdownFollowerState(121)) - b43dc2d2-5265-4a31-922b-3f50c0227a2c: shutdown FollowerState
2019-10-25 21:28:58,814 [grpc-default-executor-3] INFO  impl.RoleInfo (RoleInfo.java:updateAndGet(143)) - b43dc2d2-5265-4a31-922b-3f50c0227a2c: start FollowerState
2019-10-25 21:28:58,814 [Thread-729] INFO  impl.FollowerState (FollowerState.java:run(117)) - b43dc2d2-5265-4a31-922b-3f50c0227a2c@group-B007A63A5CCA-FollowerState was interrupted: java.lang.InterruptedException: sleep interrupted
2019-10-25 21:28:58,814 [grpc-default-executor-0] INFO  impl.RaftServerProxy (RaftServerProxy.java:addNew(89)) - fe8e0c84-158f-427e-8307-4b533a2376d4: addNew group-0A12EB5539E1:[1e09a021-a6d7-4a53-819d-98ce6b091a77:192.168.34.41:46402, b43dc2d2-5265-4a31-922b-3f50c0227a2c:192.168.34.41:35789, fe8e0c84-158f-427e-8307-4b533a2376d4:192.168.34.41:37955] returns group-0A12EB5539E1:java.util.concurrent.CompletableFuture@4c8d675[Not completed]
2019-10-25 21:28:58,815 [grpc-default-executor-0] INFO  impl.RaftServerImpl (RaftServerImpl.java:setRole(184)) - 1e09a021-a6d7-4a53-819d-98ce6b091a77@group-B007A63A5CCA: changes role from  FOLLOWER to FOLLOWER at term 29 for recognizeCandidate:fe8e0c84-158f-427e-8307-4b533a2376d4
2019-10-25 21:28:58,815 [grpc-default-executor-0] INFO  impl.RoleInfo (RoleInfo.java:shutdownFollowerState(121)) - 1e09a021-a6d7-4a53-819d-98ce6b091a77: shutdown FollowerState
2019-10-25 21:28:58,815 [grpc-default-executor-0] INFO  impl.RoleInfo (RoleInfo.java:updateAndGet(143)) - 1e09a021-a6d7-4a53-819d-98ce6b091a77: start FollowerState
2019-10-25 21:28:58,815 [Thread-728] INFO  impl.FollowerState (FollowerState.java:run(117)) - 1e09a021-a6d7-4a53-819d-98ce6b091a77@group-B007A63A5CCA-FollowerState was interrupted: java.lang.InterruptedException: sleep interrupted
2019-10-25 21:28:58,816 [grpc-default-executor-2] INFO  impl.RaftServerProxy (RaftServerProxy.java:addNew(89)) - b43dc2d2-5265-4a31-922b-3f50c0227a2c: addNew group-0A12EB5539E1:[1e09a021-a6d7-4a53-819d-98ce6b091a77:192.168.34.41:46402, b43dc2d2-5265-4a31-922b-3f50c0227a2c:192.168.34.41:35789, fe8e0c84-158f-427e-8307-4b533a2376d4:192.168.34.41:37955] returns group-0A12EB5539E1:java.util.concurrent.CompletableFuture@7c87b3c6[Not completed]
2019-10-25 21:28:58,816 [pool-59-thread-1] INFO  impl.RaftServerImpl (RaftServerImpl.java:<init>(104)) - fe8e0c84-158f-427e-8307-4b533a2376d4: new RaftServerImpl for group-0A12EB5539E1:[1e09a021-a6d7-4a53-819d-98ce6b091a77:192.168.34.41:46402, b43dc2d2-5265-4a31-922b-3f50c0227a2c:192.168.34.41:35789, fe8e0c84-158f-427e-8307-4b533a2376d4:192.168.34.41:37955] with ContainerStateMachine:uninitialized
2019-10-25 21:28:58,816 [grpc-default-executor-5] INFO  impl.RaftServerProxy (RaftServerProxy.java:addNew(89)) - 1e09a021-a6d7-4a53-819d-98ce6b091a77: addNew group-0A12EB5539E1:[1e09a021-a6d7-4a53-819d-98ce6b091a77:192.168.34.41:46402, b43dc2d2-5265-4a31-922b-3f50c0227a2c:192.168.34.41:35789, fe8e0c84-158f-427e-8307-4b533a2376d4:192.168.34.41:37955] returns group-0A12EB5539E1:java.util.concurrent.CompletableFuture@5fd75dc6[Not completed]
2019-10-25 21:28:58,816 [pool-59-thread-1] INFO  server.RaftServerConfigKeys (ConfUtils.java:logGet(43)) - raft.server.rpc.timeout.min = 5s (custom)
2019-10-25 21:28:58,817 [pool-59-thread-1] INFO  server.RaftServerConfigKeys (ConfUtils.java:logGet(43)) - raft.server.rpc.timeout.max = 5200ms (custom)
2019-10-25 21:28:58,817 [pool-59-thread-1] INFO  server.RaftServerConfigKeys (ConfUtils.java:logGet(43)) - raft.server.rpcslowness.timeout = 1000s (custom)
2019-10-25 21:28:58,817 [pool-59-thread-1] INFO  server.RaftServerConfigKeys (ConfUtils.java:logGet(43)) - raft.server.sleep.deviation.threshold = 300 (default)
2019-10-25 21:28:58,817 [pool-59-thread-1] INFO  server.RaftServerConfigKeys (ConfUtils.java:logGet(43)) - raft.server.log.appender.install.snapshot.enabled = false (custom)
2019-10-25 21:28:58,817 [pool-59-thread-1] INFO  impl.RaftServerImpl (ServerState.java:<init>(103)) - fe8e0c84-158f-427e-8307-4b533a2376d4@group-0A12EB5539E1: ConfigurationManager, init=-1: [1e09a021-a6d7-4a53-819d-98ce6b091a77:192.168.34.41:46402, b43dc2d2-5265-4a31-922b-3f50c0227a2c:192.168.34.41:35789, fe8e0c84-158f-427e-8307-4b533a2376d4:192.168.34.41:37955], old=null, confs=<EMPTY_MAP>
2019-10-25 21:28:58,817 [pool-59-thread-1] INFO  server.RaftServerConfigKeys (ConfUtils.java:logGet(43)) - raft.server.storage.dir = [/workdir/hadoop-ozone/integration-test/target/test-dir/MiniOzoneClusterImpl-92884b77-011c-4f6d-b986-a415730dccc4/datanode-2/data/ratis] (custom)
2019-10-25 21:28:58,817 [pool-27-thread-1] INFO  impl.RaftServerImpl (RaftServerImpl.java:<init>(104)) - b43dc2d2-5265-4a31-922b-3f50c0227a2c: new RaftServerImpl for group-0A12EB5539E1:[1e09a021-a6d7-4a53-819d-98ce6b091a77:192.168.34.41:46402, b43dc2d2-5265-4a31-922b-3f50c0227a2c:192.168.34.41:35789, fe8e0c84-158f-427e-8307-4b533a2376d4:192.168.34.41:37955] with ContainerStateMachine:uninitialized
2019-10-25 21:28:58,818 [pool-27-thread-1] INFO  server.RaftServerConfigKeys (ConfUtils.java:logGet(43)) - raft.server.rpc.timeout.min = 5s (custom)
2019-10-25 21:28:58,818 [pool-59-thread-1] INFO  server.RaftServerConfigKeys (ConfUtils.java:logGet(43)) - raft.server.log.corruption.policy = EXCEPTION (default)
2019-10-25 21:28:58,818 [pool-27-thread-1] INFO  server.RaftServerConfigKeys (ConfUtils.java:logGet(43)) - raft.server.rpc.timeout.max = 5200ms (custom)
2019-10-25 21:28:58,818 [pool-27-thread-1] INFO  server.RaftServerConfigKeys (ConfUtils.java:logGet(43)) - raft.server.rpcslowness.timeout = 1000s (custom)
2019-10-25 21:28:58,818 [pool-59-thread-1] INFO  storage.RaftStorageDirectory (RaftStorageDirectory.java:analyzeStorage(246)) - The storage directory /workdir/hadoop-ozone/integration-test/target/test-dir/MiniOzoneClusterImpl-92884b77-011c-4f6d-b986-a415730dccc4/datanode-2/data/ratis/c1a31abb-b851-4658-a658-0a12eb5539e1 does not exist. Creating ...
2019-10-25 21:28:58,818 [pool-27-thread-1] INFO  server.RaftServerConfigKeys (ConfUtils.java:logGet(43)) - raft.server.sleep.deviation.threshold = 300 (default)
2019-10-25 21:28:58,818 [pool-37-thread-1] INFO  impl.RaftServerImpl (RaftServerImpl.java:<init>(104)) - 1e09a021-a6d7-4a53-819d-98ce6b091a77: new RaftServerImpl for group-0A12EB5539E1:[1e09a021-a6d7-4a53-819d-98ce6b091a77:192.168.34.41:46402, b43dc2d2-5265-4a31-922b-3f50c0227a2c:192.168.34.41:35789, fe8e0c84-158f-427e-8307-4b533a2376d4:192.168.34.41:37955] with ContainerStateMachine:uninitialized
2019-10-25 21:28:58,818 [pool-27-thread-1] INFO  server.RaftServerConfigKeys (ConfUtils.java:logGet(43)) - raft.server.log.appender.install.snapshot.enabled = false (custom)
2019-10-25 21:28:58,818 [pool-37-thread-1] INFO  server.RaftServerConfigKeys (ConfUtils.java:logGet(43)) - raft.server.rpc.timeout.min = 5s (custom)
2019-10-25 21:28:58,818 [pool-27-thread-1] INFO  impl.RaftServerImpl (ServerState.java:<init>(103)) - b43dc2d2-5265-4a31-922b-3f50c0227a2c@group-0A12EB5539E1: ConfigurationManager, init=-1: [1e09a021-a6d7-4a53-819d-98ce6b091a77:192.168.34.41:46402, b43dc2d2-5265-4a31-922b-3f50c0227a2c:192.168.34.41:35789, fe8e0c84-158f-427e-8307-4b533a2376d4:192.168.34.41:37955], old=null, confs=<EMPTY_MAP>
2019-10-25 21:28:58,819 [pool-37-thread-1] INFO  server.RaftServerConfigKeys (ConfUtils.java:logGet(43)) - raft.server.rpc.timeout.max = 5200ms (custom)
2019-10-25 21:28:58,819 [pool-27-thread-1] INFO  server.RaftServerConfigKeys (ConfUtils.java:logGet(43)) - raft.server.storage.dir = [/workdir/hadoop-ozone/integration-test/target/test-dir/MiniOzoneClusterImpl-92884b77-011c-4f6d-b986-a415730dccc4/datanode-0/data/ratis] (custom)
2019-10-25 21:28:58,819 [pool-37-thread-1] INFO  server.RaftServerConfigKeys (ConfUtils.java:logGet(43)) - raft.server.rpcslowness.timeout = 1000s (custom)
2019-10-25 21:28:58,819 [pool-37-thread-1] INFO  server.RaftServerConfigKeys (ConfUtils.java:logGet(43)) - raft.server.sleep.deviation.threshold = 300 (default)
2019-10-25 21:28:58,819 [pool-27-thread-1] INFO  server.RaftServerConfigKeys (ConfUtils.java:logGet(43)) - raft.server.log.corruption.policy = EXCEPTION (default)
2019-10-25 21:28:58,819 [pool-37-thread-1] INFO  server.RaftServerConfigKeys (ConfUtils.java:logGet(43)) - raft.server.log.appender.install.snapshot.enabled = false (custom)
2019-10-25 21:28:58,819 [pool-27-thread-1] INFO  storage.RaftStorageDirectory (RaftStorageDirectory.java:analyzeStorage(246)) - The storage directory /workdir/hadoop-ozone/integration-test/target/test-dir/MiniOzoneClusterImpl-92884b77-011c-4f6d-b986-a415730dccc4/datanode-0/data/ratis/c1a31abb-b851-4658-a658-0a12eb5539e1 does not exist. Creating ...
2019-10-25 21:28:58,819 [pool-37-thread-1] INFO  impl.RaftServerImpl (ServerState.java:<init>(103)) - 1e09a021-a6d7-4a53-819d-98ce6b091a77@group-0A12EB5539E1: ConfigurationManager, init=-1: [1e09a021-a6d7-4a53-819d-98ce6b091a77:192.168.34.41:46402, b43dc2d2-5265-4a31-922b-3f50c0227a2c:192.168.34.41:35789, fe8e0c84-158f-427e-8307-4b533a2376d4:192.168.34.41:37955], old=null, confs=<EMPTY_MAP>
2019-10-25 21:28:58,819 [pool-37-thread-1] INFO  server.RaftServerConfigKeys (ConfUtils.java:logGet(43)) - raft.server.storage.dir = [/workdir/hadoop-ozone/integration-test/target/test-dir/MiniOzoneClusterImpl-92884b77-011c-4f6d-b986-a415730dccc4/datanode-1/data/ratis] (custom)
2019-10-25 21:28:58,820 [pool-37-thread-1] INFO  server.RaftServerConfigKeys (ConfUtils.java:logGet(43)) - raft.server.log.corruption.policy = EXCEPTION (default)
2019-10-25 21:28:58,820 [pool-37-thread-1] INFO  storage.RaftStorageDirectory (RaftStorageDirectory.java:analyzeStorage(246)) - The storage directory /workdir/hadoop-ozone/integration-test/target/test-dir/MiniOzoneClusterImpl-92884b77-011c-4f6d-b986-a415730dccc4/datanode-1/data/ratis/c1a31abb-b851-4658-a658-0a12eb5539e1 does not exist. Creating ...
2019-10-25 21:28:58,828 [pool-27-thread-1] INFO  storage.RaftStorageDirectory (RaftStorageDirectory.java:tryLock(328)) - Lock on /workdir/hadoop-ozone/integration-test/target/test-dir/MiniOzoneClusterImpl-92884b77-011c-4f6d-b986-a415730dccc4/datanode-0/data/ratis/c1a31abb-b851-4658-a658-0a12eb5539e1/in_use.lock acquired by nodename 18419@pr-hdds-2311-njw4j-1908075285
2019-10-25 21:28:58,828 [pool-37-thread-1] INFO  storage.RaftStorageDirectory (RaftStorageDirectory.java:tryLock(328)) - Lock on /workdir/hadoop-ozone/integration-test/target/test-dir/MiniOzoneClusterImpl-92884b77-011c-4f6d-b986-a415730dccc4/datanode-1/data/ratis/c1a31abb-b851-4658-a658-0a12eb5539e1/in_use.lock acquired by nodename 18419@pr-hdds-2311-njw4j-1908075285
2019-10-25 21:28:58,828 [pool-59-thread-1] INFO  storage.RaftStorageDirectory (RaftStorageDirectory.java:tryLock(328)) - Lock on /workdir/hadoop-ozone/integration-test/target/test-dir/MiniOzoneClusterImpl-92884b77-011c-4f6d-b986-a415730dccc4/datanode-2/data/ratis/c1a31abb-b851-4658-a658-0a12eb5539e1/in_use.lock acquired by nodename 18419@pr-hdds-2311-njw4j-1908075285
2019-10-25 21:28:58,829 [fe8e0c84-158f-427e-8307-4b533a2376d4@group-B007A63A5CCA-LeaderElection32] INFO  impl.LeaderElection (LeaderElection.java:logAndReturn(56)) - fe8e0c84-158f-427e-8307-4b533a2376d4@group-B007A63A5CCA-LeaderElection32: Election REJECTED; received 2 response(s) [fe8e0c84-158f-427e-8307-4b533a2376d4<-1e09a021-a6d7-4a53-819d-98ce6b091a77#0:FAIL-t29, fe8e0c84-158f-427e-8307-4b533a2376d4<-b43dc2d2-5265-4a31-922b-3f50c0227a2c#0:FAIL-t29] and 0 exception(s); fe8e0c84-158f-427e-8307-4b533a2376d4@group-B007A63A5CCA:t29, leader=null, voted=fe8e0c84-158f-427e-8307-4b533a2376d4, raftlog=fe8e0c84-158f-427e-8307-4b533a2376d4@group-B007A63A5CCA-SegmentedRaftLog:OPENED:c3,f4,i4, conf=0: [1e09a021-a6d7-4a53-819d-98ce6b091a77:192.168.34.41:46402, b43dc2d2-5265-4a31-922b-3f50c0227a2c:192.168.34.41:35789, fe8e0c84-158f-427e-8307-4b533a2376d4:192.168.34.41:37955], old=null
2019-10-25 21:28:58,829 [fe8e0c84-158f-427e-8307-4b533a2376d4@group-B007A63A5CCA-LeaderElection32] INFO  impl.RaftServerImpl (RaftServerImpl.java:setRole(184)) - fe8e0c84-158f-427e-8307-4b533a2376d4@group-B007A63A5CCA: changes role from CANDIDATE to FOLLOWER at term 29 for DISCOVERED_A_NEW_TERM
2019-10-25 21:28:58,829 [fe8e0c84-158f-427e-8307-4b533a2376d4@group-B007A63A5CCA-LeaderElection32] INFO  impl.RoleInfo (RoleInfo.java:shutdownLeaderElection(134)) - fe8e0c84-158f-427e-8307-4b533a2376d4: shutdown LeaderElection
2019-10-25 21:28:58,830 [fe8e0c84-158f-427e-8307-4b533a2376d4@group-B007A63A5CCA-LeaderElection32] INFO  impl.RoleInfo (RoleInfo.java:updateAndGet(143)) - fe8e0c84-158f-427e-8307-4b533a2376d4: start FollowerState
2019-10-25 21:28:58,842 [pool-37-thread-1] INFO  storage.RaftStorage (RaftStorage.java:format(84)) - Storage directory /workdir/hadoop-ozone/integration-test/target/test-dir/MiniOzoneClusterImpl-92884b77-011c-4f6d-b986-a415730dccc4/datanode-1/data/ratis/c1a31abb-b851-4658-a658-0a12eb5539e1 has been successfully formatted.
2019-10-25 21:28:58,842 [pool-27-thread-1] INFO  storage.RaftStorage (RaftStorage.java:format(84)) - Storage directory /workdir/hadoop-ozone/integration-test/target/test-dir/MiniOzoneClusterImpl-92884b77-011c-4f6d-b986-a415730dccc4/datanode-0/data/ratis/c1a31abb-b851-4658-a658-0a12eb5539e1 has been successfully formatted.
2019-10-25 21:28:58,843 [pool-37-thread-1] INFO  ratis.ContainerStateMachine (ContainerStateMachine.java:loadSnapshot(231)) - group-0A12EB5539E1: The snapshot info is null. Setting the last applied indexto:(t:0, i:~)
2019-10-25 21:28:58,842 [pool-59-thread-1] INFO  storage.RaftStorage (RaftStorage.java:format(84)) - Storage directory /workdir/hadoop-ozone/integration-test/target/test-dir/MiniOzoneClusterImpl-92884b77-011c-4f6d-b986-a415730dccc4/datanode-2/data/ratis/c1a31abb-b851-4658-a658-0a12eb5539e1 has been successfully formatted.
2019-10-25 21:28:58,844 [pool-27-thread-1] INFO  ratis.ContainerStateMachine (ContainerStateMachine.java:loadSnapshot(231)) - group-0A12EB5539E1: The snapshot info is null. Setting the last applied indexto:(t:0, i:~)
2019-10-25 21:28:58,844 [pool-37-thread-1] INFO  server.RaftServerConfigKeys (ConfUtils.java:logGet(43)) - raft.server.notification.no-leader.timeout = 1000s (custom)
2019-10-25 21:28:58,844 [pool-27-thread-1] INFO  server.RaftServerConfigKeys (ConfUtils.java:logGet(43)) - raft.server.notification.no-leader.timeout = 1000s (custom)
2019-10-25 21:28:58,844 [pool-59-thread-1] INFO  ratis.ContainerStateMachine (ContainerStateMachine.java:loadSnapshot(231)) - group-0A12EB5539E1: The snapshot info is null. Setting the last applied indexto:(t:0, i:~)
2019-10-25 21:28:58,844 [pool-27-thread-1] INFO  server.RaftServerConfigKeys (ConfUtils.java:logGet(43)) - raft.server.log.use.memory = false (default)
2019-10-25 21:28:58,844 [pool-37-thread-1] INFO  server.RaftServerConfigKeys (ConfUtils.java:logGet(43)) - raft.server.log.use.memory = false (default)
2019-10-25 21:28:58,845 [pool-27-thread-1] INFO  server.RaftServerConfigKeys (ConfUtils.java:logGet(43)) - raft.server.log.purge.gap = 1000000 (custom)
2019-10-25 21:28:58,844 [pool-59-thread-1] INFO  server.RaftServerConfigKeys (ConfUtils.java:logGet(43)) - raft.server.notification.no-leader.timeout = 1000s (custom)
2019-10-25 21:28:58,845 [pool-27-thread-1] INFO  server.RaftServerConfigKeys (ConfUtils.java:logGet(43)) - raft.server.log.appender.buffer.byte-limit = 33554432 (custom)
2019-10-25 21:28:58,845 [pool-37-thread-1] INFO  server.RaftServerConfigKeys (ConfUtils.java:logGet(43)) - raft.server.log.purge.gap = 1000000 (custom)
2019-10-25 21:28:58,845 [pool-27-thread-1] INFO  server.RaftServerConfigKeys (ConfUtils.java:logGet(43)) - raft.server.log.segment.size.max = 1048576 (custom)
2019-10-25 21:28:58,845 [pool-59-thread-1] INFO  server.RaftServerConfigKeys (ConfUtils.java:logGet(43)) - raft.server.log.use.memory = false (default)
2019-10-25 21:28:58,845 [pool-27-thread-1] INFO  server.RaftServerConfigKeys (ConfUtils.java:logGet(43)) - raft.server.log.segment.cache.num.max = 2 (custom)
2019-10-25 21:28:58,845 [pool-37-thread-1] INFO  server.RaftServerConfigKeys (ConfUtils.java:logGet(43)) - raft.server.log.appender.buffer.byte-limit = 33554432 (custom)
2019-10-25 21:28:58,846 [pool-27-thread-1] INFO  segmented.SegmentedRaftLogWorker (SegmentedRaftLogWorker.java:<init>(173)) - new b43dc2d2-5265-4a31-922b-3f50c0227a2c@group-0A12EB5539E1-SegmentedRaftLogWorker for RaftStorage:Storage Directory /workdir/hadoop-ozone/integration-test/target/test-dir/MiniOzoneClusterImpl-92884b77-011c-4f6d-b986-a415730dccc4/datanode-0/data/ratis/c1a31abb-b851-4658-a658-0a12eb5539e1
2019-10-25 21:28:58,846 [pool-59-thread-1] INFO  server.RaftServerConfigKeys (ConfUtils.java:logGet(43)) - raft.server.log.purge.gap = 1000000 (custom)
2019-10-25 21:28:58,846 [pool-27-thread-1] INFO  server.RaftServerConfigKeys (ConfUtils.java:logGet(43)) - raft.server.log.queue.byte-limit = 2147483647 (custom)
2019-10-25 21:28:58,846 [pool-37-thread-1] INFO  server.RaftServerConfigKeys (ConfUtils.java:logGet(43)) - raft.server.log.segment.size.max = 1048576 (custom)
2019-10-25 21:28:58,846 [pool-27-thread-1] INFO  server.RaftServerConfigKeys (ConfUtils.java:logGet(43)) - raft.server.log.queue.element-limit = 1024 (custom)
2019-10-25 21:28:58,846 [pool-59-thread-1] INFO  server.RaftServerConfigKeys (ConfUtils.java:logGet(43)) - raft.server.log.appender.buffer.byte-limit = 33554432 (custom)
2019-10-25 21:28:58,847 [pool-27-thread-1] INFO  server.RaftServerConfigKeys (ConfUtils.java:logGet(43)) - raft.server.log.segment.size.max = 1048576 (custom)
2019-10-25 21:28:58,846 [pool-37-thread-1] INFO  server.RaftServerConfigKeys (ConfUtils.java:logGet(43)) - raft.server.log.segment.cache.num.max = 2 (custom)
2019-10-25 21:28:58,847 [pool-27-thread-1] INFO  server.RaftServerConfigKeys (ConfUtils.java:logGet(43)) - raft.server.log.preallocated.size = 16384 (custom)
2019-10-25 21:28:58,847 [pool-59-thread-1] INFO  server.RaftServerConfigKeys (ConfUtils.java:logGet(43)) - raft.server.log.segment.size.max = 1048576 (custom)
2019-10-25 21:28:58,847 [pool-27-thread-1] INFO  server.RaftServerConfigKeys (ConfUtils.java:logGet(43)) - raft.server.log.write.buffer.size = 33554432 (custom)
2019-10-25 21:28:58,847 [pool-37-thread-1] INFO  segmented.SegmentedRaftLogWorker (SegmentedRaftLogWorker.java:<init>(173)) - new 1e09a021-a6d7-4a53-819d-98ce6b091a77@group-0A12EB5539E1-SegmentedRaftLogWorker for RaftStorage:Storage Directory /workdir/hadoop-ozone/integration-test/target/test-dir/MiniOzoneClusterImpl-92884b77-011c-4f6d-b986-a415730dccc4/datanode-1/data/ratis/c1a31abb-b851-4658-a658-0a12eb5539e1
2019-10-25 21:28:58,847 [pool-27-thread-1] INFO  server.RaftServerConfigKeys (ConfUtils.java:logGet(43)) - raft.server.log.force.sync.num = 128 (default)
2019-10-25 21:28:58,847 [pool-59-thread-1] INFO  server.RaftServerConfigKeys (ConfUtils.java:logGet(43)) - raft.server.log.segment.cache.num.max = 2 (custom)
2019-10-25 21:28:58,848 [pool-27-thread-1] INFO  server.RaftServerConfigKeys (ConfUtils.java:logGet(43)) - raft.server.log.statemachine.data.sync = true (default)
2019-10-25 21:28:58,848 [pool-37-thread-1] INFO  server.RaftServerConfigKeys (ConfUtils.java:logGet(43)) - raft.server.log.queue.byte-limit = 2147483647 (custom)
2019-10-25 21:28:58,848 [pool-27-thread-1] INFO  server.RaftServerConfigKeys (ConfUtils.java:logGet(43)) - raft.server.log.statemachine.data.sync.timeout = 10s (default)
2019-10-25 21:28:58,848 [pool-59-thread-1] INFO  segmented.SegmentedRaftLogWorker (SegmentedRaftLogWorker.java:<init>(173)) - new fe8e0c84-158f-427e-8307-4b533a2376d4@group-0A12EB5539E1-SegmentedRaftLogWorker for RaftStorage:Storage Directory /workdir/hadoop-ozone/integration-test/target/test-dir/MiniOzoneClusterImpl-92884b77-011c-4f6d-b986-a415730dccc4/datanode-2/data/ratis/c1a31abb-b851-4658-a658-0a12eb5539e1
2019-10-25 21:28:58,848 [pool-27-thread-1] INFO  server.RaftServerConfigKeys (ConfUtils.java:logGet(43)) - raft.server.log.statemachine.data.sync.timeout.retry = -1 (default)
2019-10-25 21:28:58,848 [pool-37-thread-1] INFO  server.RaftServerConfigKeys (ConfUtils.java:logGet(43)) - raft.server.log.queue.element-limit = 1024 (custom)
2019-10-25 21:28:58,848 [pool-59-thread-1] INFO  server.RaftServerConfigKeys (ConfUtils.java:logGet(43)) - raft.server.log.queue.byte-limit = 2147483647 (custom)
2019-10-25 21:28:58,849 [pool-37-thread-1] INFO  server.RaftServerConfigKeys (ConfUtils.java:logGet(43)) - raft.server.log.segment.size.max = 1048576 (custom)
2019-10-25 21:28:58,849 [pool-27-thread-1] INFO  server.RaftServerConfigKeys (ConfUtils.java:logGet(43)) - raft.server.log.statemachine.data.caching.enabled = true (custom)
2019-10-25 21:28:58,849 [pool-37-thread-1] INFO  server.RaftServerConfigKeys (ConfUtils.java:logGet(43)) - raft.server.log.preallocated.size = 16384 (custom)
2019-10-25 21:28:58,849 [pool-59-thread-1] INFO  server.RaftServerConfigKeys (ConfUtils.java:logGet(43)) - raft.server.log.queue.element-limit = 1024 (custom)
2019-10-25 21:28:58,849 [pool-27-thread-1] INFO  segmented.SegmentedRaftLogWorker (SegmentedRaftLogWorker.java:lambda$new$0(128)) - b43dc2d2-5265-4a31-922b-3f50c0227a2c@group-0A12EB5539E1-SegmentedRaftLogWorker: flushIndex: setUnconditionally 0 -> -1
2019-10-25 21:28:58,849 [pool-37-thread-1] INFO  server.RaftServerConfigKeys (ConfUtils.java:logGet(43)) - raft.server.log.write.buffer.size = 33554432 (custom)
2019-10-25 21:28:58,849 [pool-59-thread-1] INFO  server.RaftServerConfigKeys (ConfUtils.java:logGet(43)) - raft.server.log.segment.size.max = 1048576 (custom)
2019-10-25 21:28:58,850 [pool-27-thread-1] INFO  server.RaftServerConfigKeys (ConfUtils.java:logGet(43)) - raft.server.snapshot.auto.trigger.enabled = true (custom)
2019-10-25 21:28:58,849 [pool-37-thread-1] INFO  server.RaftServerConfigKeys (ConfUtils.java:logGet(43)) - raft.server.log.force.sync.num = 128 (default)
2019-10-25 21:28:58,850 [pool-27-thread-1] INFO  server.RaftServerConfigKeys (ConfUtils.java:logGet(43)) - raft.server.snapshot.auto.trigger.threshold = 10000 (custom)
2019-10-25 21:28:58,850 [pool-59-thread-1] INFO  server.RaftServerConfigKeys (ConfUtils.java:logGet(43)) - raft.server.log.preallocated.size = 16384 (custom)
2019-10-25 21:28:58,850 [pool-27-thread-1] INFO  server.RaftServerConfigKeys (ConfUtils.java:logGet(43)) - raft.server.snapshot.retention.file.num = 5 (custom)
2019-10-25 21:28:58,850 [pool-37-thread-1] INFO  server.RaftServerConfigKeys (ConfUtils.java:logGet(43)) - raft.server.log.statemachine.data.sync = true (default)
2019-10-25 21:28:58,850 [pool-27-thread-1] INFO  server.RaftServerConfigKeys (ConfUtils.java:logGet(43)) - raft.server.retrycache.expirytime = 600000ms (custom)
2019-10-25 21:28:58,850 [pool-59-thread-1] INFO  server.RaftServerConfigKeys (ConfUtils.java:logGet(43)) - raft.server.log.write.buffer.size = 33554432 (custom)
2019-10-25 21:28:58,850 [pool-37-thread-1] INFO  server.RaftServerConfigKeys (ConfUtils.java:logGet(43)) - raft.server.log.statemachine.data.sync.timeout = 10s (default)
2019-10-25 21:28:58,851 [pool-59-thread-1] INFO  server.RaftServerConfigKeys (ConfUtils.java:logGet(43)) - raft.server.log.force.sync.num = 128 (default)
2019-10-25 21:28:58,851 [pool-37-thread-1] INFO  server.RaftServerConfigKeys (ConfUtils.java:logGet(43)) - raft.server.log.statemachine.data.sync.timeout.retry = -1 (default)
2019-10-25 21:28:58,851 [pool-59-thread-1] INFO  server.RaftServerConfigKeys (ConfUtils.java:logGet(43)) - raft.server.log.statemachine.data.sync = true (default)
2019-10-25 21:28:58,851 [pool-37-thread-1] INFO  server.RaftServerConfigKeys (ConfUtils.java:logGet(43)) - raft.server.log.statemachine.data.caching.enabled = true (custom)
2019-10-25 21:28:58,851 [pool-59-thread-1] INFO  server.RaftServerConfigKeys (ConfUtils.java:logGet(43)) - raft.server.log.statemachine.data.sync.timeout = 10s (default)
2019-10-25 21:28:58,851 [pool-37-thread-1] INFO  segmented.SegmentedRaftLogWorker (SegmentedRaftLogWorker.java:lambda$new$0(128)) - 1e09a021-a6d7-4a53-819d-98ce6b091a77@group-0A12EB5539E1-SegmentedRaftLogWorker: flushIndex: setUnconditionally 0 -> -1
2019-10-25 21:28:58,852 [pool-59-thread-1] INFO  server.RaftServerConfigKeys (ConfUtils.java:logGet(43)) - raft.server.log.statemachine.data.sync.timeout.retry = -1 (default)
2019-10-25 21:28:58,852 [pool-37-thread-1] INFO  server.RaftServerConfigKeys (ConfUtils.java:logGet(43)) - raft.server.snapshot.auto.trigger.enabled = true (custom)
2019-10-25 21:28:58,852 [pool-37-thread-1] INFO  server.RaftServerConfigKeys (ConfUtils.java:logGet(43)) - raft.server.snapshot.auto.trigger.threshold = 10000 (custom)
2019-10-25 21:28:58,852 [pool-59-thread-1] INFO  server.RaftServerConfigKeys (ConfUtils.java:logGet(43)) - raft.server.log.statemachine.data.caching.enabled = true (custom)
2019-10-25 21:28:58,852 [pool-37-thread-1] INFO  server.RaftServerConfigKeys (ConfUtils.java:logGet(43)) - raft.server.snapshot.retention.file.num = 5 (custom)
2019-10-25 21:28:58,852 [pool-37-thread-1] INFO  server.RaftServerConfigKeys (ConfUtils.java:logGet(43)) - raft.server.retrycache.expirytime = 600000ms (custom)
2019-10-25 21:28:58,852 [pool-59-thread-1] INFO  segmented.SegmentedRaftLogWorker (SegmentedRaftLogWorker.java:lambda$new$0(128)) - fe8e0c84-158f-427e-8307-4b533a2376d4@group-0A12EB5539E1-SegmentedRaftLogWorker: flushIndex: setUnconditionally 0 -> -1
2019-10-25 21:28:58,853 [pool-59-thread-1] INFO  server.RaftServerConfigKeys (ConfUtils.java:logGet(43)) - raft.server.snapshot.auto.trigger.enabled = true (custom)
2019-10-25 21:28:58,853 [pool-59-thread-1] INFO  server.RaftServerConfigKeys (ConfUtils.java:logGet(43)) - raft.server.snapshot.auto.trigger.threshold = 10000 (custom)
2019-10-25 21:28:58,853 [pool-27-thread-1] INFO  impl.RaftServerImpl (RaftServerImpl.java:start(195)) - b43dc2d2-5265-4a31-922b-3f50c0227a2c@group-0A12EB5539E1: start as a follower, conf=-1: [1e09a021-a6d7-4a53-819d-98ce6b091a77:192.168.34.41:46402, b43dc2d2-5265-4a31-922b-3f50c0227a2c:192.168.34.41:35789, fe8e0c84-158f-427e-8307-4b533a2376d4:192.168.34.41:37955], old=null
2019-10-25 21:28:58,853 [pool-59-thread-1] INFO  server.RaftServerConfigKeys (ConfUtils.java:logGet(43)) - raft.server.snapshot.retention.file.num = 5 (custom)
2019-10-25 21:28:58,853 [pool-27-thread-1] INFO  impl.RaftServerImpl (RaftServerImpl.java:setRole(184)) - b43dc2d2-5265-4a31-922b-3f50c0227a2c@group-0A12EB5539E1: changes role from      null to FOLLOWER at term 0 for startAsFollower
2019-10-25 21:28:58,854 [pool-59-thread-1] INFO  server.RaftServerConfigKeys (ConfUtils.java:logGet(43)) - raft.server.retrycache.expirytime = 600000ms (custom)
2019-10-25 21:28:58,854 [pool-27-thread-1] INFO  impl.RoleInfo (RoleInfo.java:updateAndGet(143)) - b43dc2d2-5265-4a31-922b-3f50c0227a2c: start FollowerState
2019-10-25 21:28:58,854 [pool-27-thread-1] INFO  util.JmxRegister (JmxRegister.java:tryRegister(44)) - Successfully registered JMX Bean with object name Ratis:service=RaftServer,group=group-0A12EB5539E1,id=b43dc2d2-5265-4a31-922b-3f50c0227a2c
2019-10-25 21:28:58,854 [pool-37-thread-1] INFO  impl.RaftServerImpl (RaftServerImpl.java:start(195)) - 1e09a021-a6d7-4a53-819d-98ce6b091a77@group-0A12EB5539E1: start as a follower, conf=-1: [1e09a021-a6d7-4a53-819d-98ce6b091a77:192.168.34.41:46402, b43dc2d2-5265-4a31-922b-3f50c0227a2c:192.168.34.41:35789, fe8e0c84-158f-427e-8307-4b533a2376d4:192.168.34.41:37955], old=null
2019-10-25 21:28:58,855 [pool-37-thread-1] INFO  impl.RaftServerImpl (RaftServerImpl.java:setRole(184)) - 1e09a021-a6d7-4a53-819d-98ce6b091a77@group-0A12EB5539E1: changes role from      null to FOLLOWER at term 0 for startAsFollower
2019-10-25 21:28:58,855 [pool-37-thread-1] INFO  impl.RoleInfo (RoleInfo.java:updateAndGet(143)) - 1e09a021-a6d7-4a53-819d-98ce6b091a77: start FollowerState
2019-10-25 21:28:58,855 [pool-37-thread-1] INFO  util.JmxRegister (JmxRegister.java:tryRegister(44)) - Successfully registered JMX Bean with object name Ratis:service=RaftServer,group=group-0A12EB5539E1,id=1e09a021-a6d7-4a53-819d-98ce6b091a77
2019-10-25 21:28:58,859 [Thread-747] INFO  impl.FollowerState (FollowerState.java:run(108)) - b43dc2d2-5265-4a31-922b-3f50c0227a2c@group-0A12EB5539E1-FollowerState: change to CANDIDATE, lastRpcTime:5ms, electionTimeout:5ms
2019-10-25 21:28:58,859 [Thread-747] INFO  impl.RoleInfo (RoleInfo.java:shutdownFollowerState(121)) - b43dc2d2-5265-4a31-922b-3f50c0227a2c: shutdown FollowerState
2019-10-25 21:28:58,860 [Thread-747] INFO  impl.RaftServerImpl (RaftServerImpl.java:setRole(184)) - b43dc2d2-5265-4a31-922b-3f50c0227a2c@group-0A12EB5539E1: changes role from  FOLLOWER to CANDIDATE at term 0 for changeToCandidate
2019-10-25 21:28:58,860 [pool-59-thread-1] INFO  impl.RaftServerImpl (RaftServerImpl.java:start(195)) - fe8e0c84-158f-427e-8307-4b533a2376d4@group-0A12EB5539E1: start as a follower, conf=-1: [1e09a021-a6d7-4a53-819d-98ce6b091a77:192.168.34.41:46402, b43dc2d2-5265-4a31-922b-3f50c0227a2c:192.168.34.41:35789, fe8e0c84-158f-427e-8307-4b533a2376d4:192.168.34.41:37955], old=null
2019-10-25 21:28:58,860 [Thread-747] INFO  impl.RoleInfo (RoleInfo.java:updateAndGet(143)) - b43dc2d2-5265-4a31-922b-3f50c0227a2c: start LeaderElection
2019-10-25 21:28:58,860 [pool-59-thread-1] INFO  impl.RaftServerImpl (RaftServerImpl.java:setRole(184)) - fe8e0c84-158f-427e-8307-4b533a2376d4@group-0A12EB5539E1: changes role from      null to FOLLOWER at term 0 for startAsFollower
2019-10-25 21:28:58,860 [pool-59-thread-1] INFO  impl.RoleInfo (RoleInfo.java:updateAndGet(143)) - fe8e0c84-158f-427e-8307-4b533a2376d4: start FollowerState
2019-10-25 21:28:58,863 [pool-59-thread-1] INFO  util.JmxRegister (JmxRegister.java:tryRegister(44)) - Successfully registered JMX Bean with object name Ratis:service=RaftServer,group=group-0A12EB5539E1,id=fe8e0c84-158f-427e-8307-4b533a2376d4
2019-10-25 21:28:58,871 [RatisPipelineUtilsThread] INFO  pipeline.PipelineStateManager (PipelineStateManager.java:addPipeline(56)) - Created pipeline Pipeline[ Id: c1a31abb-b851-4658-a658-0a12eb5539e1, Nodes: 1e09a021-a6d7-4a53-819d-98ce6b091a77{ip: 192.168.34.41, host: pr-hdds-2311-njw4j-1908075285, networkLocation: /default-rack, certSerialId: null}fe8e0c84-158f-427e-8307-4b533a2376d4{ip: 192.168.34.41, host: pr-hdds-2311-njw4j-1908075285, networkLocation: /default-rack, certSerialId: null}b43dc2d2-5265-4a31-922b-3f50c0227a2c{ip: 192.168.34.41, host: pr-hdds-2311-njw4j-1908075285, networkLocation: /default-rack, certSerialId: null}, Type:RATIS, Factor:THREE, State:OPEN]
2019-10-25 21:28:58,883 [b43dc2d2-5265-4a31-922b-3f50c0227a2c@group-0A12EB5539E1-LeaderElection33] INFO  impl.LeaderElection (LeaderElection.java:askForVotes(178)) - b43dc2d2-5265-4a31-922b-3f50c0227a2c@group-0A12EB5539E1-LeaderElection33: begin an election at term 1 for -1: [1e09a021-a6d7-4a53-819d-98ce6b091a77:192.168.34.41:46402, b43dc2d2-5265-4a31-922b-3f50c0227a2c:192.168.34.41:35789, fe8e0c84-158f-427e-8307-4b533a2376d4:192.168.34.41:37955], old=null
2019-10-25 21:28:58,896 [grpc-default-executor-0] INFO  impl.RaftServerImpl (RaftServerImpl.java:setRole(184)) - fe8e0c84-158f-427e-8307-4b533a2376d4@group-0A12EB5539E1: changes role from  FOLLOWER to FOLLOWER at term 1 for recognizeCandidate:b43dc2d2-5265-4a31-922b-3f50c0227a2c
2019-10-25 21:28:58,899 [grpc-default-executor-3] INFO  impl.RaftServerImpl (RaftServerImpl.java:setRole(184)) - 1e09a021-a6d7-4a53-819d-98ce6b091a77@group-0A12EB5539E1: changes role from  FOLLOWER to FOLLOWER at term 1 for recognizeCandidate:b43dc2d2-5265-4a31-922b-3f50c0227a2c
2019-10-25 21:28:58,899 [grpc-default-executor-0] INFO  impl.RoleInfo (RoleInfo.java:shutdownFollowerState(121)) - fe8e0c84-158f-427e-8307-4b533a2376d4: shutdown FollowerState
2019-10-25 21:28:58,899 [grpc-default-executor-3] INFO  impl.RoleInfo (RoleInfo.java:shutdownFollowerState(121)) - 1e09a021-a6d7-4a53-819d-98ce6b091a77: shutdown FollowerState
2019-10-25 21:28:58,899 [Thread-751] INFO  impl.FollowerState (FollowerState.java:run(117)) - fe8e0c84-158f-427e-8307-4b533a2376d4@group-0A12EB5539E1-FollowerState was interrupted: java.lang.InterruptedException: sleep interrupted
2019-10-25 21:28:58,900 [Thread-748] INFO  impl.FollowerState (FollowerState.java:run(117)) - 1e09a021-a6d7-4a53-819d-98ce6b091a77@group-0A12EB5539E1-FollowerState was interrupted: java.lang.InterruptedException: sleep interrupted
2019-10-25 21:28:58,899 [grpc-default-executor-0] INFO  impl.RoleInfo (RoleInfo.java:updateAndGet(143)) - fe8e0c84-158f-427e-8307-4b533a2376d4: start FollowerState
2019-10-25 21:28:58,899 [grpc-default-executor-3] INFO  impl.RoleInfo (RoleInfo.java:updateAndGet(143)) - 1e09a021-a6d7-4a53-819d-98ce6b091a77: start FollowerState
2019-10-25 21:28:58,916 [b43dc2d2-5265-4a31-922b-3f50c0227a2c@group-0A12EB5539E1-LeaderElection33] INFO  impl.LeaderElection (LeaderElection.java:logAndReturn(56)) - b43dc2d2-5265-4a31-922b-3f50c0227a2c@group-0A12EB5539E1-LeaderElection33: Election PASSED; received 1 response(s) [b43dc2d2-5265-4a31-922b-3f50c0227a2c<-fe8e0c84-158f-427e-8307-4b533a2376d4#0:OK-t1] and 0 exception(s); b43dc2d2-5265-4a31-922b-3f50c0227a2c@group-0A12EB5539E1:t1, leader=null, voted=b43dc2d2-5265-4a31-922b-3f50c0227a2c, raftlog=b43dc2d2-5265-4a31-922b-3f50c0227a2c@group-0A12EB5539E1-SegmentedRaftLog:OPENED:c-1,f-1,i0, conf=-1: [1e09a021-a6d7-4a53-819d-98ce6b091a77:192.168.34.41:46402, b43dc2d2-5265-4a31-922b-3f50c0227a2c:192.168.34.41:35789, fe8e0c84-158f-427e-8307-4b533a2376d4:192.168.34.41:37955], old=null
2019-10-25 21:28:58,918 [Thread-757] INFO  impl.FollowerState (FollowerState.java:run(108)) - 1e09a021-a6d7-4a53-819d-98ce6b091a77@group-0A12EB5539E1-FollowerState: change to CANDIDATE, lastRpcTime:18ms, electionTimeout:16ms
2019-10-25 21:28:58,918 [b43dc2d2-5265-4a31-922b-3f50c0227a2c@group-0A12EB5539E1-LeaderElection33] INFO  impl.RoleInfo (RoleInfo.java:shutdownLeaderElection(134)) - b43dc2d2-5265-4a31-922b-3f50c0227a2c: shutdown LeaderElection
2019-10-25 21:28:58,919 [b43dc2d2-5265-4a31-922b-3f50c0227a2c@group-0A12EB5539E1-LeaderElection33] INFO  impl.RaftServerImpl (RaftServerImpl.java:setRole(184)) - b43dc2d2-5265-4a31-922b-3f50c0227a2c@group-0A12EB5539E1: changes role from CANDIDATE to LEADER at term 1 for changeToLeader
2019-10-25 21:28:58,919 [Thread-757] INFO  impl.RoleInfo (RoleInfo.java:shutdownFollowerState(121)) - 1e09a021-a6d7-4a53-819d-98ce6b091a77: shutdown FollowerState
2019-10-25 21:28:58,919 [b43dc2d2-5265-4a31-922b-3f50c0227a2c@group-0A12EB5539E1-LeaderElection33] INFO  impl.RaftServerImpl (ServerState.java:setLeader(256)) - b43dc2d2-5265-4a31-922b-3f50c0227a2c@group-0A12EB5539E1: change Leader from null to b43dc2d2-5265-4a31-922b-3f50c0227a2c at term 1 for becomeLeader, leader elected after 75ms
2019-10-25 21:28:58,919 [Thread-757] INFO  impl.RaftServerImpl (RaftServerImpl.java:setRole(184)) - 1e09a021-a6d7-4a53-819d-98ce6b091a77@group-0A12EB5539E1: changes role from  FOLLOWER to CANDIDATE at term 1 for changeToCandidate
2019-10-25 21:28:58,920 [b43dc2d2-5265-4a31-922b-3f50c0227a2c@group-0A12EB5539E1-LeaderElection33] INFO  server.RaftServerConfigKeys (ConfUtils.java:logGet(43)) - raft.server.staging.catchup.gap = 1000 (default)
2019-10-25 21:28:58,920 [Thread-757] INFO  impl.RoleInfo (RoleInfo.java:updateAndGet(143)) - 1e09a021-a6d7-4a53-819d-98ce6b091a77: start LeaderElection
2019-10-25 21:28:58,920 [b43dc2d2-5265-4a31-922b-3f50c0227a2c@group-0A12EB5539E1-LeaderElection33] INFO  server.RaftServerConfigKeys (ConfUtils.java:logGet(43)) - raft.server.rpc.sleep.time = 25ms (default)
2019-10-25 21:28:58,920 [b43dc2d2-5265-4a31-922b-3f50c0227a2c@group-0A12EB5539E1-LeaderElection33] INFO  server.RaftServerConfigKeys (ConfUtils.java:logGet(43)) - raft.server.write.element-limit = 4096 (default)
2019-10-25 21:28:58,921 [b43dc2d2-5265-4a31-922b-3f50c0227a2c@group-0A12EB5539E1-LeaderElection33] INFO  server.RaftServerConfigKeys (ConfUtils.java:logGet(43)) - raft.server.watch.timeout = 10s (default)
2019-10-25 21:28:58,921 [b43dc2d2-5265-4a31-922b-3f50c0227a2c@group-0A12EB5539E1-LeaderElection33] INFO  server.RaftServerConfigKeys (ConfUtils.java:logGet(43)) - raft.server.watch.timeout.denomination = 1s (default)
2019-10-25 21:28:58,921 [b43dc2d2-5265-4a31-922b-3f50c0227a2c@group-0A12EB5539E1-LeaderElection33] INFO  server.RaftServerConfigKeys (ConfUtils.java:logGet(43)) - raft.server.watch.element-limit = 65536 (default)
2019-10-25 21:28:58,925 [b43dc2d2-5265-4a31-922b-3f50c0227a2c@group-0A12EB5539E1-LeaderElection33] INFO  server.RaftServerConfigKeys (ConfUtils.java:logGet(43)) - raft.server.log.appender.snapshot.chunk.size.max = 16MB (=16777216) (default)
2019-10-25 21:28:58,925 [b43dc2d2-5265-4a31-922b-3f50c0227a2c@group-0A12EB5539E1-LeaderElection33] INFO  server.RaftServerConfigKeys (ConfUtils.java:logGet(43)) - raft.server.log.appender.buffer.byte-limit = 33554432 (custom)
2019-10-25 21:28:58,925 [b43dc2d2-5265-4a31-922b-3f50c0227a2c@group-0A12EB5539E1-LeaderElection33] INFO  server.RaftServerConfigKeys (ConfUtils.java:logGet(43)) - raft.server.log.appender.buffer.element-limit = 1 (custom)
2019-10-25 21:28:58,926 [b43dc2d2-5265-4a31-922b-3f50c0227a2c@group-0A12EB5539E1-LeaderElection33] INFO  grpc.GrpcConfigKeys$Server (ConfUtils.java:logGet(43)) - raft.grpc.server.leader.outstanding.appends.max = 128 (default)
2019-10-25 21:28:58,926 [b43dc2d2-5265-4a31-922b-3f50c0227a2c@group-0A12EB5539E1-LeaderElection33] INFO  server.RaftServerConfigKeys (ConfUtils.java:logGet(43)) - raft.server.rpc.request.timeout = 3000ms (default)
2019-10-25 21:28:58,926 [b43dc2d2-5265-4a31-922b-3f50c0227a2c@group-0A12EB5539E1-LeaderElection33] INFO  server.RaftServerConfigKeys (ConfUtils.java:logGet(43)) - raft.server.log.appender.install.snapshot.enabled = false (custom)
2019-10-25 21:28:58,930 [b43dc2d2-5265-4a31-922b-3f50c0227a2c@group-0A12EB5539E1-LeaderElection33] INFO  server.RaftServerConfigKeys (ConfUtils.java:logGet(43)) - raft.server.log.appender.snapshot.chunk.size.max = 16MB (=16777216) (default)
2019-10-25 21:28:58,930 [b43dc2d2-5265-4a31-922b-3f50c0227a2c@group-0A12EB5539E1-LeaderElection33] INFO  server.RaftServerConfigKeys (ConfUtils.java:logGet(43)) - raft.server.log.appender.buffer.byte-limit = 33554432 (custom)
2019-10-25 21:28:58,930 [b43dc2d2-5265-4a31-922b-3f50c0227a2c@group-0A12EB5539E1-LeaderElection33] INFO  server.RaftServerConfigKeys (ConfUtils.java:logGet(43)) - raft.server.log.appender.buffer.element-limit = 1 (custom)
2019-10-25 21:28:58,931 [b43dc2d2-5265-4a31-922b-3f50c0227a2c@group-0A12EB5539E1-LeaderElection33] INFO  grpc.GrpcConfigKeys$Server (ConfUtils.java:logGet(43)) - raft.grpc.server.leader.outstanding.appends.max = 128 (default)
2019-10-25 21:28:58,931 [b43dc2d2-5265-4a31-922b-3f50c0227a2c@group-0A12EB5539E1-LeaderElection33] INFO  server.RaftServerConfigKeys (ConfUtils.java:logGet(43)) - raft.server.rpc.request.timeout = 3000ms (default)
2019-10-25 21:28:58,931 [b43dc2d2-5265-4a31-922b-3f50c0227a2c@group-0A12EB5539E1-LeaderElection33] INFO  server.RaftServerConfigKeys (ConfUtils.java:logGet(43)) - raft.server.log.appender.install.snapshot.enabled = false (custom)
2019-10-25 21:28:58,933 [1e09a021-a6d7-4a53-819d-98ce6b091a77@group-0A12EB5539E1-LeaderElection34] INFO  impl.LeaderElection (LeaderElection.java:askForVotes(178)) - 1e09a021-a6d7-4a53-819d-98ce6b091a77@group-0A12EB5539E1-LeaderElection34: begin an election at term 2 for -1: [1e09a021-a6d7-4a53-819d-98ce6b091a77:192.168.34.41:46402, b43dc2d2-5265-4a31-922b-3f50c0227a2c:192.168.34.41:35789, fe8e0c84-158f-427e-8307-4b533a2376d4:192.168.34.41:37955], old=null
2019-10-25 21:28:58,934 [b43dc2d2-5265-4a31-922b-3f50c0227a2c@group-0A12EB5539E1-LeaderElection33] INFO  impl.RoleInfo (RoleInfo.java:updateAndGet(143)) - b43dc2d2-5265-4a31-922b-3f50c0227a2c: start LeaderState
2019-10-25 21:28:58,934 [b43dc2d2-5265-4a31-922b-3f50c0227a2c@group-0A12EB5539E1-LeaderElection33] INFO  segmented.SegmentedRaftLogWorker (SegmentedRaftLogWorker.java:startLogSegment(385)) - b43dc2d2-5265-4a31-922b-3f50c0227a2c@group-0A12EB5539E1-SegmentedRaftLogWorker: Starting segment from index:0
2019-10-25 21:28:58,968 [Thread-743] INFO  impl.FollowerState (FollowerState.java:run(108)) - fe8e0c84-158f-427e-8307-4b533a2376d4@group-B007A63A5CCA-FollowerState: change to CANDIDATE, lastRpcTime:138ms, electionTimeout:112ms
2019-10-25 21:28:58,969 [b43dc2d2-5265-4a31-922b-3f50c0227a2c@group-0A12EB5539E1-LeaderElection33] INFO  impl.RaftServerImpl (ServerState.java:setRaftConf(357)) - b43dc2d2-5265-4a31-922b-3f50c0227a2c@group-0A12EB5539E1: set configuration 0: [1e09a021-a6d7-4a53-819d-98ce6b091a77:192.168.34.41:46402, b43dc2d2-5265-4a31-922b-3f50c0227a2c:192.168.34.41:35789, fe8e0c84-158f-427e-8307-4b533a2376d4:192.168.34.41:37955], old=null at 0
2019-10-25 21:28:58,969 [Thread-743] INFO  impl.RoleInfo (RoleInfo.java:shutdownFollowerState(121)) - fe8e0c84-158f-427e-8307-4b533a2376d4: shutdown FollowerState
2019-10-25 21:28:58,969 [Thread-756] INFO  impl.FollowerState (FollowerState.java:run(108)) - fe8e0c84-158f-427e-8307-4b533a2376d4@group-0A12EB5539E1-FollowerState: change to CANDIDATE, lastRpcTime:69ms, electionTimeout:38ms
2019-10-25 21:28:58,970 [Thread-743] INFO  impl.RaftServerImpl (RaftServerImpl.java:setRole(184)) - fe8e0c84-158f-427e-8307-4b533a2376d4@group-B007A63A5CCA: changes role from  FOLLOWER to CANDIDATE at term 29 for changeToCandidate
2019-10-25 21:28:58,971 [Thread-756] INFO  impl.RoleInfo (RoleInfo.java:shutdownFollowerState(121)) - fe8e0c84-158f-427e-8307-4b533a2376d4: shutdown FollowerState
2019-10-25 21:28:58,971 [Thread-743] INFO  impl.RoleInfo (RoleInfo.java:updateAndGet(143)) - fe8e0c84-158f-427e-8307-4b533a2376d4: start LeaderElection
2019-10-25 21:28:58,971 [Thread-756] INFO  impl.RaftServerImpl (RaftServerImpl.java:setRole(184)) - fe8e0c84-158f-427e-8307-4b533a2376d4@group-0A12EB5539E1: changes role from  FOLLOWER to CANDIDATE at term 1 for changeToCandidate
2019-10-25 21:28:58,972 [Thread-756] INFO  impl.RoleInfo (RoleInfo.java:updateAndGet(143)) - fe8e0c84-158f-427e-8307-4b533a2376d4: start LeaderElection
2019-10-25 21:28:58,974 [grpc-default-executor-5] INFO  impl.RaftServerImpl (ServerState.java:setLeader(256)) - b43dc2d2-5265-4a31-922b-3f50c0227a2c@group-0A12EB5539E1: change Leader from b43dc2d2-5265-4a31-922b-3f50c0227a2c to null at term 2 for updateCurrentTerm
2019-10-25 21:28:58,975 [grpc-default-executor-5] INFO  impl.RaftServerImpl (RaftServerImpl.java:setRole(184)) - b43dc2d2-5265-4a31-922b-3f50c0227a2c@group-0A12EB5539E1: changes role from    LEADER to FOLLOWER at term 2 for recognizeCandidate:1e09a021-a6d7-4a53-819d-98ce6b091a77
2019-10-25 21:28:58,975 [grpc-default-executor-5] INFO  impl.RoleInfo (RoleInfo.java:shutdownLeaderState(104)) - b43dc2d2-5265-4a31-922b-3f50c0227a2c: shutdown LeaderState
2019-10-25 21:28:58,976 [org.apache.ratis.server.impl.LogAppender$AppenderDaemon$$Lambda$408/1062421233@14bbcf3a] WARN  server.GrpcLogAppender (GrpcLogAppender.java:mayWait(149)) - b43dc2d2-5265-4a31-922b-3f50c0227a2c@group-0A12EB5539E1->1e09a021-a6d7-4a53-819d-98ce6b091a77-GrpcLogAppender: Wait interrupted by java.lang.InterruptedException
2019-10-25 21:28:58,976 [grpc-default-executor-5] INFO  impl.PendingRequests (PendingRequests.java:sendNotLeaderResponses(202)) - b43dc2d2-5265-4a31-922b-3f50c0227a2c@group-0A12EB5539E1-PendingRequests: sendNotLeaderResponses
2019-10-25 21:28:58,976 [org.apache.ratis.server.impl.LogAppender$AppenderDaemon$$Lambda$408/1062421233@25e51f55] WARN  server.GrpcLogAppender (GrpcLogAppender.java:mayWait(149)) - b43dc2d2-5265-4a31-922b-3f50c0227a2c@group-0A12EB5539E1->fe8e0c84-158f-427e-8307-4b533a2376d4-GrpcLogAppender: Wait interrupted by java.lang.InterruptedException
2019-10-25 21:28:58,977 [grpc-default-executor-5] INFO  impl.RoleInfo (RoleInfo.java:updateAndGet(143)) - b43dc2d2-5265-4a31-922b-3f50c0227a2c: start FollowerState
2019-10-25 21:28:58,977 [grpc-default-executor-6] INFO  server.GrpcServerProtocolService (GrpcServerProtocolService.java:onCompleted(113)) - 1e09a021-a6d7-4a53-819d-98ce6b091a77: Completed APPEND_ENTRIES, lastRequest: b43dc2d2-5265-4a31-922b-3f50c0227a2c->1e09a021-a6d7-4a53-819d-98ce6b091a77#0-t1, previous=(t:0, i:0), leaderCommit=-1, initializing? false, entries: <empty>
2019-10-25 21:28:58,980 [Thread-737] INFO  impl.FollowerState (FollowerState.java:run(108)) - fe8e0c84-158f-427e-8307-4b533a2376d4@group-04C1FCBD168C-FollowerState: change to CANDIDATE, lastRpcTime:190ms, electionTimeout:190ms
2019-10-25 21:28:58,980 [Thread-737] INFO  impl.RoleInfo (RoleInfo.java:shutdownFollowerState(121)) - fe8e0c84-158f-427e-8307-4b533a2376d4: shutdown FollowerState
2019-10-25 21:28:58,980 [Thread-737] INFO  impl.RaftServerImpl (RaftServerImpl.java:setRole(184)) - fe8e0c84-158f-427e-8307-4b533a2376d4@group-04C1FCBD168C: changes role from  FOLLOWER to CANDIDATE at term 0 for changeToCandidate
2019-10-25 21:28:58,980 [1e09a021-a6d7-4a53-819d-98ce6b091a77@group-0A12EB5539E1-LeaderElection34] INFO  impl.LeaderElection (LeaderElection.java:logAndReturn(56)) - 1e09a021-a6d7-4a53-819d-98ce6b091a77@group-0A12EB5539E1-LeaderElection34: Election TIMEOUT; received 0 response(s) [] and 0 exception(s); 1e09a021-a6d7-4a53-819d-98ce6b091a77@group-0A12EB5539E1:t2, leader=null, voted=1e09a021-a6d7-4a53-819d-98ce6b091a77, raftlog=1e09a021-a6d7-4a53-819d-98ce6b091a77@group-0A12EB5539E1-SegmentedRaftLog:OPENED:c-1,f-1,i0, conf=-1: [1e09a021-a6d7-4a53-819d-98ce6b091a77:192.168.34.41:46402, b43dc2d2-5265-4a31-922b-3f50c0227a2c:192.168.34.41:35789, fe8e0c84-158f-427e-8307-4b533a2376d4:192.168.34.41:37955], old=null
2019-10-25 21:28:58,980 [Thread-737] INFO  impl.RoleInfo (RoleInfo.java:updateAndGet(143)) - fe8e0c84-158f-427e-8307-4b533a2376d4: start LeaderElection
2019-10-25 21:28:58,982 [b43dc2d2-5265-4a31-922b-3f50c0227a2c@group-0A12EB5539E1-SegmentedRaftLogWorker] INFO  segmented.SegmentedRaftLogWorker (SegmentedRaftLogWorker.java:execute(576)) - b43dc2d2-5265-4a31-922b-3f50c0227a2c@group-0A12EB5539E1-SegmentedRaftLogWorker: created new log segment /workdir/hadoop-ozone/integration-test/target/test-dir/MiniOzoneClusterImpl-92884b77-011c-4f6d-b986-a415730dccc4/datanode-0/data/ratis/c1a31abb-b851-4658-a658-0a12eb5539e1/current/log_inprogress_0
2019-10-25 21:28:58,983 [fe8e0c84-158f-427e-8307-4b533a2376d4@group-B007A63A5CCA-LeaderElection35] INFO  impl.LeaderElection (LeaderElection.java:askForVotes(178)) - fe8e0c84-158f-427e-8307-4b533a2376d4@group-B007A63A5CCA-LeaderElection35: begin an election at term 30 for 0: [1e09a021-a6d7-4a53-819d-98ce6b091a77:192.168.34.41:46402, b43dc2d2-5265-4a31-922b-3f50c0227a2c:192.168.34.41:35789, fe8e0c84-158f-427e-8307-4b533a2376d4:192.168.34.41:37955], old=null
2019-10-25 21:28:58,983 [grpc-default-executor-3] INFO  server.GrpcLogAppender (GrpcLogAppender.java:onCompleted(308)) - b43dc2d2-5265-4a31-922b-3f50c0227a2c@group-0A12EB5539E1->1e09a021-a6d7-4a53-819d-98ce6b091a77-AppendLogResponseHandler: follower responses appendEntries COMPLETED
2019-10-25 21:28:58,983 [fe8e0c84-158f-427e-8307-4b533a2376d4@group-0A12EB5539E1-LeaderElection36] INFO  impl.LeaderElection (LeaderElection.java:askForVotes(178)) - fe8e0c84-158f-427e-8307-4b533a2376d4@group-0A12EB5539E1-LeaderElection36: begin an election at term 2 for -1: [1e09a021-a6d7-4a53-819d-98ce6b091a77:192.168.34.41:46402, b43dc2d2-5265-4a31-922b-3f50c0227a2c:192.168.34.41:35789, fe8e0c84-158f-427e-8307-4b533a2376d4:192.168.34.41:37955], old=null
2019-10-25 21:28:58,983 [grpc-default-executor-0] INFO  server.GrpcServerProtocolService (GrpcServerProtocolService.java:onCompleted(113)) - fe8e0c84-158f-427e-8307-4b533a2376d4: Completed APPEND_ENTRIES, lastRequest: b43dc2d2-5265-4a31-922b-3f50c0227a2c->fe8e0c84-158f-427e-8307-4b533a2376d4#0-t1, previous=(t:0, i:0), leaderCommit=-1, initializing? false, entries: <empty>
2019-10-25 21:28:58,986 [grpc-default-executor-3] INFO  impl.FollowerInfo (FollowerInfo.java:lambda$new$0(51)) - b43dc2d2-5265-4a31-922b-3f50c0227a2c@group-0A12EB5539E1->1e09a021-a6d7-4a53-819d-98ce6b091a77: nextIndex: updateUnconditionally 0 -> 0
2019-10-25 21:28:58,988 [grpc-default-executor-3] INFO  server.GrpcLogAppender (GrpcLogAppender.java:onCompleted(308)) - b43dc2d2-5265-4a31-922b-3f50c0227a2c@group-0A12EB5539E1->fe8e0c84-158f-427e-8307-4b533a2376d4-AppendLogResponseHandler: follower responses appendEntries COMPLETED
2019-10-25 21:28:58,990 [grpc-default-executor-3] INFO  impl.FollowerInfo (FollowerInfo.java:lambda$new$0(51)) - b43dc2d2-5265-4a31-922b-3f50c0227a2c@group-0A12EB5539E1->fe8e0c84-158f-427e-8307-4b533a2376d4: nextIndex: updateUnconditionally 0 -> 0
2019-10-25 21:28:58,990 [grpc-default-executor-5] INFO  impl.RaftServerImpl (RaftServerImpl.java:setRole(184)) - 1e09a021-a6d7-4a53-819d-98ce6b091a77@group-B007A63A5CCA: changes role from  FOLLOWER to FOLLOWER at term 30 for recognizeCandidate:fe8e0c84-158f-427e-8307-4b533a2376d4
2019-10-25 21:28:58,990 [grpc-default-executor-5] INFO  impl.RoleInfo (RoleInfo.java:shutdownFollowerState(121)) - 1e09a021-a6d7-4a53-819d-98ce6b091a77: shutdown FollowerState
2019-10-25 21:28:58,991 [grpc-default-executor-3] INFO  impl.RaftServerImpl (RaftServerImpl.java:setRole(184)) - b43dc2d2-5265-4a31-922b-3f50c0227a2c@group-B007A63A5CCA: changes role from  FOLLOWER to FOLLOWER at term 30 for recognizeCandidate:fe8e0c84-158f-427e-8307-4b533a2376d4
2019-10-25 21:28:58,991 [Thread-742] INFO  impl.FollowerState (FollowerState.java:run(117)) - 1e09a021-a6d7-4a53-819d-98ce6b091a77@group-B007A63A5CCA-FollowerState was interrupted: java.lang.InterruptedException: sleep interrupted
2019-10-25 21:28:58,991 [grpc-default-executor-5] INFO  impl.RoleInfo (RoleInfo.java:updateAndGet(143)) - 1e09a021-a6d7-4a53-819d-98ce6b091a77: start FollowerState
2019-10-25 21:28:58,991 [grpc-default-executor-2] INFO  impl.RaftServerImpl (RaftServerImpl.java:setRole(184)) - b43dc2d2-5265-4a31-922b-3f50c0227a2c@group-0A12EB5539E1: changes role from  FOLLOWER to FOLLOWER at term 2 for recognizeCandidate:fe8e0c84-158f-427e-8307-4b533a2376d4
2019-10-25 21:28:58,991 [grpc-default-executor-3] INFO  impl.RoleInfo (RoleInfo.java:shutdownFollowerState(121)) - b43dc2d2-5265-4a31-922b-3f50c0227a2c: shutdown FollowerState
2019-10-25 21:28:58,991 [grpc-default-executor-2] INFO  impl.RoleInfo (RoleInfo.java:shutdownFollowerState(121)) - b43dc2d2-5265-4a31-922b-3f50c0227a2c: shutdown FollowerState
2019-10-25 21:28:58,991 [Thread-741] INFO  impl.FollowerState (FollowerState.java:run(117)) - b43dc2d2-5265-4a31-922b-3f50c0227a2c@group-B007A63A5CCA-FollowerState was interrupted: java.lang.InterruptedException: sleep interrupted
2019-10-25 21:28:58,991 [grpc-default-executor-3] INFO  impl.RoleInfo (RoleInfo.java:updateAndGet(143)) - b43dc2d2-5265-4a31-922b-3f50c0227a2c: start FollowerState
2019-10-25 21:28:58,991 [Thread-768] INFO  impl.FollowerState (FollowerState.java:run(117)) - b43dc2d2-5265-4a31-922b-3f50c0227a2c@group-0A12EB5539E1-FollowerState was interrupted: java.lang.InterruptedException: sleep interrupted
2019-10-25 21:28:58,991 [grpc-default-executor-2] INFO  impl.RoleInfo (RoleInfo.java:updateAndGet(143)) - b43dc2d2-5265-4a31-922b-3f50c0227a2c: start FollowerState
2019-10-25 21:28:58,996 [fe8e0c84-158f-427e-8307-4b533a2376d4@group-04C1FCBD168C-LeaderElection37] INFO  impl.LeaderElection (LeaderElection.java:askForVotes(178)) - fe8e0c84-158f-427e-8307-4b533a2376d4@group-04C1FCBD168C-LeaderElection37: begin an election at term 1 for -1: [fe8e0c84-158f-427e-8307-4b533a2376d4:192.168.34.41:37955], old=null
2019-10-25 21:28:58,996 [1e09a021-a6d7-4a53-819d-98ce6b091a77@group-0A12EB5539E1-LeaderElection34] INFO  impl.LeaderElection (LeaderElection.java:askForVotes(178)) - 1e09a021-a6d7-4a53-819d-98ce6b091a77@group-0A12EB5539E1-LeaderElection34: begin an election at term 3 for -1: [1e09a021-a6d7-4a53-819d-98ce6b091a77:192.168.34.41:46402, b43dc2d2-5265-4a31-922b-3f50c0227a2c:192.168.34.41:35789, fe8e0c84-158f-427e-8307-4b533a2376d4:192.168.34.41:37955], old=null
2019-10-25 21:28:58,996 [fe8e0c84-158f-427e-8307-4b533a2376d4@group-04C1FCBD168C-LeaderElection37] INFO  impl.RoleInfo (RoleInfo.java:shutdownLeaderElection(134)) - fe8e0c84-158f-427e-8307-4b533a2376d4: shutdown LeaderElection
2019-10-25 21:28:58,996 [fe8e0c84-158f-427e-8307-4b533a2376d4@group-04C1FCBD168C-LeaderElection37] INFO  impl.RaftServerImpl (RaftServerImpl.java:setRole(184)) - fe8e0c84-158f-427e-8307-4b533a2376d4@group-04C1FCBD168C: changes role from CANDIDATE to LEADER at term 1 for changeToLeader
2019-10-25 21:28:58,996 [fe8e0c84-158f-427e-8307-4b533a2376d4@group-04C1FCBD168C-LeaderElection37] INFO  impl.RaftServerImpl (ServerState.java:setLeader(256)) - fe8e0c84-158f-427e-8307-4b533a2376d4@group-04C1FCBD168C: change Leader from null to fe8e0c84-158f-427e-8307-4b533a2376d4 at term 1 for becomeLeader, leader elected after 216ms
2019-10-25 21:28:58,996 [fe8e0c84-158f-427e-8307-4b533a2376d4@group-04C1FCBD168C-LeaderElection37] INFO  server.RaftServerConfigKeys (ConfUtils.java:logGet(43)) - raft.server.staging.catchup.gap = 1000 (default)
2019-10-25 21:28:58,996 [fe8e0c84-158f-427e-8307-4b533a2376d4@group-04C1FCBD168C-LeaderElection37] INFO  server.RaftServerConfigKeys (ConfUtils.java:logGet(43)) - raft.server.rpc.sleep.time = 25ms (default)
2019-10-25 21:28:58,997 [fe8e0c84-158f-427e-8307-4b533a2376d4@group-04C1FCBD168C-LeaderElection37] INFO  server.RaftServerConfigKeys (ConfUtils.java:logGet(43)) - raft.server.write.element-limit = 4096 (default)
2019-10-25 21:28:58,997 [fe8e0c84-158f-427e-8307-4b533a2376d4@group-04C1FCBD168C-LeaderElection37] INFO  server.RaftServerConfigKeys (ConfUtils.java:logGet(43)) - raft.server.watch.timeout = 10s (default)
2019-10-25 21:28:58,997 [fe8e0c84-158f-427e-8307-4b533a2376d4@group-04C1FCBD168C-LeaderElection37] INFO  server.RaftServerConfigKeys (ConfUtils.java:logGet(43)) - raft.server.watch.timeout.denomination = 1s (default)
2019-10-25 21:28:58,997 [fe8e0c84-158f-427e-8307-4b533a2376d4@group-04C1FCBD168C-LeaderElection37] INFO  server.RaftServerConfigKeys (ConfUtils.java:logGet(43)) - raft.server.watch.element-limit = 65536 (default)
2019-10-25 21:28:58,997 [fe8e0c84-158f-427e-8307-4b533a2376d4@group-0A12EB5539E1-LeaderElection36] INFO  impl.LeaderElection (LeaderElection.java:logAndReturn(56)) - fe8e0c84-158f-427e-8307-4b533a2376d4@group-0A12EB5539E1-LeaderElection36: Election DISCOVERED_A_NEW_TERM; received 2 response(s) [fe8e0c84-158f-427e-8307-4b533a2376d4<-1e09a021-a6d7-4a53-819d-98ce6b091a77#0:FAIL-t3, fe8e0c84-158f-427e-8307-4b533a2376d4<-b43dc2d2-5265-4a31-922b-3f50c0227a2c#0:FAIL-t2] and 0 exception(s); fe8e0c84-158f-427e-8307-4b533a2376d4@group-0A12EB5539E1:t2, leader=null, voted=fe8e0c84-158f-427e-8307-4b533a2376d4, raftlog=fe8e0c84-158f-427e-8307-4b533a2376d4@group-0A12EB5539E1-SegmentedRaftLog:OPENED:c-1,f-1,i0, conf=-1: [1e09a021-a6d7-4a53-819d-98ce6b091a77:192.168.34.41:46402, b43dc2d2-5265-4a31-922b-3f50c0227a2c:192.168.34.41:35789, fe8e0c84-158f-427e-8307-4b533a2376d4:192.168.34.41:37955], old=null
2019-10-25 21:28:58,998 [fe8e0c84-158f-427e-8307-4b533a2376d4@group-0A12EB5539E1-LeaderElection36] INFO  impl.RaftServerImpl (RaftServerImpl.java:setRole(184)) - fe8e0c84-158f-427e-8307-4b533a2376d4@group-0A12EB5539E1: changes role from CANDIDATE to FOLLOWER at term 3 for DISCOVERED_A_NEW_TERM
2019-10-25 21:28:58,998 [fe8e0c84-158f-427e-8307-4b533a2376d4@group-0A12EB5539E1-LeaderElection36] INFO  impl.RoleInfo (RoleInfo.java:shutdownLeaderElection(134)) - fe8e0c84-158f-427e-8307-4b533a2376d4: shutdown LeaderElection
2019-10-25 21:28:58,998 [fe8e0c84-158f-427e-8307-4b533a2376d4@group-0A12EB5539E1-LeaderElection36] INFO  impl.RoleInfo (RoleInfo.java:updateAndGet(143)) - fe8e0c84-158f-427e-8307-4b533a2376d4: start FollowerState
2019-10-25 21:28:58,998 [grpc-default-executor-5] INFO  impl.RaftServerImpl (RaftServerImpl.java:setRole(184)) - b43dc2d2-5265-4a31-922b-3f50c0227a2c@group-0A12EB5539E1: changes role from  FOLLOWER to FOLLOWER at term 3 for recognizeCandidate:1e09a021-a6d7-4a53-819d-98ce6b091a77
2019-10-25 21:28:59,005 [grpc-default-executor-5] INFO  impl.RoleInfo (RoleInfo.java:shutdownFollowerState(121)) - b43dc2d2-5265-4a31-922b-3f50c0227a2c: shutdown FollowerState
2019-10-25 21:28:58,998 [fe8e0c84-158f-427e-8307-4b533a2376d4@group-B007A63A5CCA-LeaderElection35] INFO  impl.LeaderElection (LeaderElection.java:logAndReturn(56)) - fe8e0c84-158f-427e-8307-4b533a2376d4@group-B007A63A5CCA-LeaderElection35: Election REJECTED; received 2 response(s) [fe8e0c84-158f-427e-8307-4b533a2376d4<-1e09a021-a6d7-4a53-819d-98ce6b091a77#0:FAIL-t30, fe8e0c84-158f-427e-8307-4b533a2376d4<-b43dc2d2-5265-4a31-922b-3f50c0227a2c#0:FAIL-t30] and 0 exception(s); fe8e0c84-158f-427e-8307-4b533a2376d4@group-B007A63A5CCA:t30, leader=null, voted=fe8e0c84-158f-427e-8307-4b533a2376d4, raftlog=fe8e0c84-158f-427e-8307-4b533a2376d4@group-B007A63A5CCA-SegmentedRaftLog:OPENED:c3,f4,i4, conf=0: [1e09a021-a6d7-4a53-819d-98ce6b091a77:192.168.34.41:46402, b43dc2d2-5265-4a31-922b-3f50c0227a2c:192.168.34.41:35789, fe8e0c84-158f-427e-8307-4b533a2376d4:192.168.34.41:37955], old=null
2019-10-25 21:28:59,005 [Thread-776] INFO  impl.FollowerState (FollowerState.java:run(117)) - b43dc2d2-5265-4a31-922b-3f50c0227a2c@group-0A12EB5539E1-FollowerState was interrupted: java.lang.InterruptedException: sleep interrupted
2019-10-25 21:28:59,006 [fe8e0c84-158f-427e-8307-4b533a2376d4@group-B007A63A5CCA-LeaderElection35] INFO  impl.RaftServerImpl (RaftServerImpl.java:setRole(184)) - fe8e0c84-158f-427e-8307-4b533a2376d4@group-B007A63A5CCA: changes role from CANDIDATE to FOLLOWER at term 30 for DISCOVERED_A_NEW_TERM
2019-10-25 21:28:59,005 [grpc-default-executor-5] INFO  impl.RoleInfo (RoleInfo.java:updateAndGet(143)) - b43dc2d2-5265-4a31-922b-3f50c0227a2c: start FollowerState
2019-10-25 21:28:59,006 [fe8e0c84-158f-427e-8307-4b533a2376d4@group-B007A63A5CCA-LeaderElection35] INFO  impl.RoleInfo (RoleInfo.java:shutdownLeaderElection(134)) - fe8e0c84-158f-427e-8307-4b533a2376d4: shutdown LeaderElection
2019-10-25 21:28:59,006 [fe8e0c84-158f-427e-8307-4b533a2376d4@group-B007A63A5CCA-LeaderElection35] INFO  impl.RoleInfo (RoleInfo.java:updateAndGet(143)) - fe8e0c84-158f-427e-8307-4b533a2376d4: start FollowerState
2019-10-25 21:28:59,007 [fe8e0c84-158f-427e-8307-4b533a2376d4@group-04C1FCBD168C-LeaderElection37] INFO  impl.RoleInfo (RoleInfo.java:updateAndGet(143)) - fe8e0c84-158f-427e-8307-4b533a2376d4: start LeaderState
2019-10-25 21:28:59,007 [fe8e0c84-158f-427e-8307-4b533a2376d4@group-04C1FCBD168C-LeaderElection37] INFO  segmented.SegmentedRaftLogWorker (SegmentedRaftLogWorker.java:startLogSegment(385)) - fe8e0c84-158f-427e-8307-4b533a2376d4@group-04C1FCBD168C-SegmentedRaftLogWorker: Starting segment from index:0
2019-10-25 21:28:59,007 [fe8e0c84-158f-427e-8307-4b533a2376d4@group-04C1FCBD168C-LeaderElection37] INFO  impl.RaftServerImpl (ServerState.java:setRaftConf(357)) - fe8e0c84-158f-427e-8307-4b533a2376d4@group-04C1FCBD168C: set configuration 0: [fe8e0c84-158f-427e-8307-4b533a2376d4:192.168.34.41:37955], old=null at 0
2019-10-25 21:28:59,033 [Thread-780] INFO  impl.FollowerState (FollowerState.java:run(108)) - fe8e0c84-158f-427e-8307-4b533a2376d4@group-0A12EB5539E1-FollowerState: change to CANDIDATE, lastRpcTime:35ms, electionTimeout:14ms
2019-10-25 21:28:59,034 [Thread-780] INFO  impl.RoleInfo (RoleInfo.java:shutdownFollowerState(121)) - fe8e0c84-158f-427e-8307-4b533a2376d4: shutdown FollowerState
2019-10-25 21:28:59,034 [Thread-780] INFO  impl.RaftServerImpl (RaftServerImpl.java:setRole(184)) - fe8e0c84-158f-427e-8307-4b533a2376d4@group-0A12EB5539E1: changes role from  FOLLOWER to CANDIDATE at term 3 for changeToCandidate
2019-10-25 21:28:59,034 [Thread-780] INFO  impl.RoleInfo (RoleInfo.java:updateAndGet(143)) - fe8e0c84-158f-427e-8307-4b533a2376d4: start LeaderElection
2019-10-25 21:28:59,034 [grpc-default-executor-0] INFO  impl.RaftServerImpl (RaftServerImpl.java:setRole(184)) - fe8e0c84-158f-427e-8307-4b533a2376d4@group-0A12EB5539E1: changes role from CANDIDATE to FOLLOWER at term 3 for recognizeCandidate:1e09a021-a6d7-4a53-819d-98ce6b091a77
2019-10-25 21:28:59,035 [grpc-default-executor-0] INFO  impl.RoleInfo (RoleInfo.java:shutdownLeaderElection(134)) - fe8e0c84-158f-427e-8307-4b533a2376d4: shutdown LeaderElection
2019-10-25 21:28:59,035 [grpc-default-executor-0] INFO  impl.RoleInfo (RoleInfo.java:updateAndGet(143)) - fe8e0c84-158f-427e-8307-4b533a2376d4: start FollowerState
2019-10-25 21:28:59,038 [1e09a021-a6d7-4a53-819d-98ce6b091a77@group-0A12EB5539E1-LeaderElection34] INFO  impl.LeaderElection (LeaderElection.java:logAndReturn(56)) - 1e09a021-a6d7-4a53-819d-98ce6b091a77@group-0A12EB5539E1-LeaderElection34: Election REJECTED; received 2 response(s) [1e09a021-a6d7-4a53-819d-98ce6b091a77<-b43dc2d2-5265-4a31-922b-3f50c0227a2c#0:FAIL-t3, 1e09a021-a6d7-4a53-819d-98ce6b091a77<-fe8e0c84-158f-427e-8307-4b533a2376d4#0:FAIL-t3] and 0 exception(s); 1e09a021-a6d7-4a53-819d-98ce6b091a77@group-0A12EB5539E1:t3, leader=null, voted=1e09a021-a6d7-4a53-819d-98ce6b091a77, raftlog=1e09a021-a6d7-4a53-819d-98ce6b091a77@group-0A12EB5539E1-SegmentedRaftLog:OPENED:c-1,f-1,i0, conf=-1: [1e09a021-a6d7-4a53-819d-98ce6b091a77:192.168.34.41:46402, b43dc2d2-5265-4a31-922b-3f50c0227a2c:192.168.34.41:35789, fe8e0c84-158f-427e-8307-4b533a2376d4:192.168.34.41:37955], old=null
2019-10-25 21:28:59,038 [1e09a021-a6d7-4a53-819d-98ce6b091a77@group-0A12EB5539E1-LeaderElection34] INFO  impl.RaftServerImpl (RaftServerImpl.java:setRole(184)) - 1e09a021-a6d7-4a53-819d-98ce6b091a77@group-0A12EB5539E1: changes role from CANDIDATE to FOLLOWER at term 3 for DISCOVERED_A_NEW_TERM
2019-10-25 21:28:59,038 [1e09a021-a6d7-4a53-819d-98ce6b091a77@group-0A12EB5539E1-LeaderElection34] INFO  impl.RoleInfo (RoleInfo.java:shutdownLeaderElection(134)) - 1e09a021-a6d7-4a53-819d-98ce6b091a77: shutdown LeaderElection
2019-10-25 21:28:59,038 [1e09a021-a6d7-4a53-819d-98ce6b091a77@group-0A12EB5539E1-LeaderElection34] INFO  impl.RoleInfo (RoleInfo.java:updateAndGet(143)) - 1e09a021-a6d7-4a53-819d-98ce6b091a77: start FollowerState
2019-10-25 21:28:59,040 [Thread-787] INFO  client.GrpcClientProtocolService (GrpcClientProtocolService.java:lambda$processClientRequest$0(278)) - Failed RaftClientRequest:client-6DCA51C798D1->fe8e0c84-158f-427e-8307-4b533a2376d4@group-B007A63A5CCA, cid=10, seq=0, Watch-ALL_COMMITTED(6), Message:<EMPTY>, reply=RaftClientReply:client-6DCA51C798D1->fe8e0c84-158f-427e-8307-4b533a2376d4@group-B007A63A5CCA, cid=10, FAILED org.apache.ratis.protocol.NotLeaderException: Server fe8e0c84-158f-427e-8307-4b533a2376d4@group-B007A63A5CCA is not the leader, logIndex=0, commits[fe8e0c84-158f-427e-8307-4b533a2376d4:c3]
2019-10-25 21:28:59,046 [fe8e0c84-158f-427e-8307-4b533a2376d4@group-04C1FCBD168C-SegmentedRaftLogWorker] INFO  segmented.SegmentedRaftLogWorker (SegmentedRaftLogWorker.java:execute(576)) - fe8e0c84-158f-427e-8307-4b533a2376d4@group-04C1FCBD168C-SegmentedRaftLogWorker: created new log segment /workdir/hadoop-ozone/integration-test/target/test-dir/MiniOzoneClusterImpl-92884b77-011c-4f6d-b986-a415730dccc4/datanode-2/data/ratis/5336f7d7-2ec1-4945-bb6c-04c1fcbd168c/current/log_inprogress_0
2019-10-25 21:28:59,046 [fe8e0c84-158f-427e-8307-4b533a2376d4@group-0A12EB5539E1-LeaderElection38] INFO  impl.LeaderElection (LeaderElection.java:askForVotes(178)) - fe8e0c84-158f-427e-8307-4b533a2376d4@group-0A12EB5539E1-LeaderElection38: begin an election at term 4 for -1: [1e09a021-a6d7-4a53-819d-98ce6b091a77:192.168.34.41:46402, b43dc2d2-5265-4a31-922b-3f50c0227a2c:192.168.34.41:35789, fe8e0c84-158f-427e-8307-4b533a2376d4:192.168.34.41:37955], old=null
2019-10-25 21:28:59,046 [fe8e0c84-158f-427e-8307-4b533a2376d4@group-0A12EB5539E1-LeaderElection38] INFO  impl.LeaderElection (LeaderElection.java:logAndReturn(56)) - fe8e0c84-158f-427e-8307-4b533a2376d4@group-0A12EB5539E1-LeaderElection38: Election REJECTED; received 0 response(s) [] and 0 exception(s); fe8e0c84-158f-427e-8307-4b533a2376d4@group-0A12EB5539E1:t4, leader=null, voted=fe8e0c84-158f-427e-8307-4b533a2376d4, raftlog=fe8e0c84-158f-427e-8307-4b533a2376d4@group-0A12EB5539E1-SegmentedRaftLog:OPENED:c-1,f-1,i0, conf=-1: [1e09a021-a6d7-4a53-819d-98ce6b091a77:192.168.34.41:46402, b43dc2d2-5265-4a31-922b-3f50c0227a2c:192.168.34.41:35789, fe8e0c84-158f-427e-8307-4b533a2376d4:192.168.34.41:37955], old=null
2019-10-25 21:28:59,047 [Thread-786] INFO  impl.FollowerState (FollowerState.java:run(108)) - 1e09a021-a6d7-4a53-819d-98ce6b091a77@group-0A12EB5539E1-FollowerState: change to CANDIDATE, lastRpcTime:8ms, electionTimeout:8ms
2019-10-25 21:28:59,047 [Thread-786] INFO  impl.RoleInfo (RoleInfo.java:shutdownFollowerState(121)) - 1e09a021-a6d7-4a53-819d-98ce6b091a77: shutdown FollowerState
2019-10-25 21:28:59,047 [Thread-786] INFO  impl.RaftServerImpl (RaftServerImpl.java:setRole(184)) - 1e09a021-a6d7-4a53-819d-98ce6b091a77@group-0A12EB5539E1: changes role from  FOLLOWER to CANDIDATE at term 3 for changeToCandidate
2019-10-25 21:28:59,047 [Thread-786] INFO  impl.RoleInfo (RoleInfo.java:updateAndGet(143)) - 1e09a021-a6d7-4a53-819d-98ce6b091a77: start LeaderElection
2019-10-25 21:28:59,050 [grpc-default-executor-3] INFO  impl.RaftServerImpl (RaftServerImpl.java:setRole(184)) - b43dc2d2-5265-4a31-922b-3f50c0227a2c@group-0A12EB5539E1: changes role from  FOLLOWER to FOLLOWER at term 4 for recognizeCandidate:fe8e0c84-158f-427e-8307-4b533a2376d4
2019-10-25 21:28:59,050 [grpc-default-executor-3] INFO  impl.RoleInfo (RoleInfo.java:shutdownFollowerState(121)) - b43dc2d2-5265-4a31-922b-3f50c0227a2c: shutdown FollowerState
2019-10-25 21:28:59,050 [grpc-default-executor-3] INFO  impl.RoleInfo (RoleInfo.java:updateAndGet(143)) - b43dc2d2-5265-4a31-922b-3f50c0227a2c: start FollowerState
2019-10-25 21:28:59,050 [Thread-781] INFO  impl.FollowerState (FollowerState.java:run(117)) - b43dc2d2-5265-4a31-922b-3f50c0227a2c@group-0A12EB5539E1-FollowerState was interrupted: java.lang.InterruptedException: sleep interrupted
2019-10-25 21:28:59,071 [1e09a021-a6d7-4a53-819d-98ce6b091a77@group-0A12EB5539E1-LeaderElection39] INFO  impl.LeaderElection (LeaderElection.java:askForVotes(178)) - 1e09a021-a6d7-4a53-819d-98ce6b091a77@group-0A12EB5539E1-LeaderElection39: begin an election at term 4 for -1: [1e09a021-a6d7-4a53-819d-98ce6b091a77:192.168.34.41:46402, b43dc2d2-5265-4a31-922b-3f50c0227a2c:192.168.34.41:35789, fe8e0c84-158f-427e-8307-4b533a2376d4:192.168.34.41:37955], old=null
2019-10-25 21:28:59,073 [grpc-default-executor-3] INFO  impl.RaftServerImpl (RaftServerImpl.java:setRole(184)) - b43dc2d2-5265-4a31-922b-3f50c0227a2c@group-0A12EB5539E1: changes role from  FOLLOWER to FOLLOWER at term 4 for recognizeCandidate:1e09a021-a6d7-4a53-819d-98ce6b091a77
2019-10-25 21:28:59,073 [grpc-default-executor-3] INFO  impl.RoleInfo (RoleInfo.java:shutdownFollowerState(121)) - b43dc2d2-5265-4a31-922b-3f50c0227a2c: shutdown FollowerState
2019-10-25 21:28:59,073 [grpc-default-executor-3] INFO  impl.RoleInfo (RoleInfo.java:updateAndGet(143)) - b43dc2d2-5265-4a31-922b-3f50c0227a2c: start FollowerState
2019-10-25 21:28:59,073 [Thread-792] INFO  impl.FollowerState (FollowerState.java:run(117)) - b43dc2d2-5265-4a31-922b-3f50c0227a2c@group-0A12EB5539E1-FollowerState was interrupted: java.lang.InterruptedException: sleep interrupted
2019-10-25 21:28:59,074 [1e09a021-a6d7-4a53-819d-98ce6b091a77@group-0A12EB5539E1-LeaderElection39] INFO  impl.LeaderElection (LeaderElection.java:logAndReturn(56)) - 1e09a021-a6d7-4a53-819d-98ce6b091a77@group-0A12EB5539E1-LeaderElection39: Election REJECTED; received 2 response(s) [1e09a021-a6d7-4a53-819d-98ce6b091a77<-b43dc2d2-5265-4a31-922b-3f50c0227a2c#0:FAIL-t4, 1e09a021-a6d7-4a53-819d-98ce6b091a77<-fe8e0c84-158f-427e-8307-4b533a2376d4#0:FAIL-t4] and 0 exception(s); 1e09a021-a6d7-4a53-819d-98ce6b091a77@group-0A12EB5539E1:t4, leader=null, voted=1e09a021-a6d7-4a53-819d-98ce6b091a77, raftlog=1e09a021-a6d7-4a53-819d-98ce6b091a77@group-0A12EB5539E1-SegmentedRaftLog:OPENED:c-1,f-1,i0, conf=-1: [1e09a021-a6d7-4a53-819d-98ce6b091a77:192.168.34.41:46402, b43dc2d2-5265-4a31-922b-3f50c0227a2c:192.168.34.41:35789, fe8e0c84-158f-427e-8307-4b533a2376d4:192.168.34.41:37955], old=null
2019-10-25 21:28:59,074 [1e09a021-a6d7-4a53-819d-98ce6b091a77@group-0A12EB5539E1-LeaderElection39] INFO  impl.RaftServerImpl (RaftServerImpl.java:setRole(184)) - 1e09a021-a6d7-4a53-819d-98ce6b091a77@group-0A12EB5539E1: changes role from CANDIDATE to FOLLOWER at term 4 for DISCOVERED_A_NEW_TERM
2019-10-25 21:28:59,074 [1e09a021-a6d7-4a53-819d-98ce6b091a77@group-0A12EB5539E1-LeaderElection39] INFO  impl.RoleInfo (RoleInfo.java:shutdownLeaderElection(134)) - 1e09a021-a6d7-4a53-819d-98ce6b091a77: shutdown LeaderElection
2019-10-25 21:28:59,074 [1e09a021-a6d7-4a53-819d-98ce6b091a77@group-0A12EB5539E1-LeaderElection39] INFO  impl.RoleInfo (RoleInfo.java:updateAndGet(143)) - 1e09a021-a6d7-4a53-819d-98ce6b091a77: start FollowerState
2019-10-25 21:28:59,108 [EventQueue-PendingDeleteStatusForPendingDeleteHandler] INFO  block.SCMBlockDeletingService (SCMBlockDeletingService.java:handlePendingDeletes(115)) - Block deletion txnID mismatch in datanode fe8e0c84-158f-427e-8307-4b533a2376d4 for containerID 1. Datanode delete txnID: 0, SCM txnID: 1
2019-10-25 21:28:59,139 [Thread-796] INFO  impl.FollowerState (FollowerState.java:run(108)) - 1e09a021-a6d7-4a53-819d-98ce6b091a77@group-0A12EB5539E1-FollowerState: change to CANDIDATE, lastRpcTime:64ms, electionTimeout:64ms
2019-10-25 21:28:59,139 [Thread-796] INFO  impl.RoleInfo (RoleInfo.java:shutdownFollowerState(121)) - 1e09a021-a6d7-4a53-819d-98ce6b091a77: shutdown FollowerState
2019-10-25 21:28:59,139 [Thread-796] INFO  impl.RaftServerImpl (RaftServerImpl.java:setRole(184)) - 1e09a021-a6d7-4a53-819d-98ce6b091a77@group-0A12EB5539E1: changes role from  FOLLOWER to CANDIDATE at term 4 for changeToCandidate
2019-10-25 21:28:59,139 [Thread-796] INFO  impl.RoleInfo (RoleInfo.java:updateAndGet(143)) - 1e09a021-a6d7-4a53-819d-98ce6b091a77: start LeaderElection
2019-10-25 21:28:59,145 [1e09a021-a6d7-4a53-819d-98ce6b091a77@group-0A12EB5539E1-LeaderElection40] INFO  impl.LeaderElection (LeaderElection.java:askForVotes(178)) - 1e09a021-a6d7-4a53-819d-98ce6b091a77@group-0A12EB5539E1-LeaderElection40: begin an election at term 5 for -1: [1e09a021-a6d7-4a53-819d-98ce6b091a77:192.168.34.41:46402, b43dc2d2-5265-4a31-922b-3f50c0227a2c:192.168.34.41:35789, fe8e0c84-158f-427e-8307-4b533a2376d4:192.168.34.41:37955], old=null
2019-10-25 21:28:59,148 [grpc-default-executor-0] INFO  impl.RaftServerImpl (RaftServerImpl.java:setRole(184)) - b43dc2d2-5265-4a31-922b-3f50c0227a2c@group-0A12EB5539E1: changes role from  FOLLOWER to FOLLOWER at term 5 for recognizeCandidate:1e09a021-a6d7-4a53-819d-98ce6b091a77
2019-10-25 21:28:59,148 [grpc-default-executor-0] INFO  impl.RoleInfo (RoleInfo.java:shutdownFollowerState(121)) - b43dc2d2-5265-4a31-922b-3f50c0227a2c: shutdown FollowerState
2019-10-25 21:28:59,149 [Thread-795] INFO  impl.FollowerState (FollowerState.java:run(117)) - b43dc2d2-5265-4a31-922b-3f50c0227a2c@group-0A12EB5539E1-FollowerState was interrupted: java.lang.InterruptedException: sleep interrupted
2019-10-25 21:28:59,149 [grpc-default-executor-0] INFO  impl.RoleInfo (RoleInfo.java:updateAndGet(143)) - b43dc2d2-5265-4a31-922b-3f50c0227a2c: start FollowerState
2019-10-25 21:28:59,149 [grpc-default-executor-3] INFO  impl.RaftServerImpl (RaftServerImpl.java:setRole(184)) - fe8e0c84-158f-427e-8307-4b533a2376d4@group-0A12EB5539E1: changes role from  FOLLOWER to FOLLOWER at term 5 for recognizeCandidate:1e09a021-a6d7-4a53-819d-98ce6b091a77
2019-10-25 21:28:59,149 [grpc-default-executor-3] INFO  impl.RoleInfo (RoleInfo.java:shutdownFollowerState(121)) - fe8e0c84-158f-427e-8307-4b533a2376d4: shutdown FollowerState
2019-10-25 21:28:59,149 [grpc-default-executor-3] INFO  impl.RoleInfo (RoleInfo.java:updateAndGet(143)) - fe8e0c84-158f-427e-8307-4b533a2376d4: start FollowerState
2019-10-25 21:28:59,149 [Thread-785] INFO  impl.FollowerState (FollowerState.java:run(117)) - fe8e0c84-158f-427e-8307-4b533a2376d4@group-0A12EB5539E1-FollowerState was interrupted: java.lang.InterruptedException: sleep interrupted
2019-10-25 21:28:59,160 [Thread-782] INFO  impl.FollowerState (FollowerState.java:run(108)) - fe8e0c84-158f-427e-8307-4b533a2376d4@group-B007A63A5CCA-FollowerState: change to CANDIDATE, lastRpcTime:153ms, electionTimeout:153ms
2019-10-25 21:28:59,160 [Thread-782] INFO  impl.RoleInfo (RoleInfo.java:shutdownFollowerState(121)) - fe8e0c84-158f-427e-8307-4b533a2376d4: shutdown FollowerState
2019-10-25 21:28:59,160 [Thread-782] INFO  impl.RaftServerImpl (RaftServerImpl.java:setRole(184)) - fe8e0c84-158f-427e-8307-4b533a2376d4@group-B007A63A5CCA: changes role from  FOLLOWER to CANDIDATE at term 30 for changeToCandidate
2019-10-25 21:28:59,160 [Thread-782] INFO  impl.RoleInfo (RoleInfo.java:updateAndGet(143)) - fe8e0c84-158f-427e-8307-4b533a2376d4: start LeaderElection
2019-10-25 21:28:59,164 [1e09a021-a6d7-4a53-819d-98ce6b091a77@group-0A12EB5539E1-LeaderElection40] INFO  impl.LeaderElection (LeaderElection.java:logAndReturn(56)) - 1e09a021-a6d7-4a53-819d-98ce6b091a77@group-0A12EB5539E1-LeaderElection40: Election PASSED; received 2 response(s) [1e09a021-a6d7-4a53-819d-98ce6b091a77<-b43dc2d2-5265-4a31-922b-3f50c0227a2c#0:FAIL-t5, 1e09a021-a6d7-4a53-819d-98ce6b091a77<-fe8e0c84-158f-427e-8307-4b533a2376d4#0:OK-t5] and 0 exception(s); 1e09a021-a6d7-4a53-819d-98ce6b091a77@group-0A12EB5539E1:t5, leader=null, voted=1e09a021-a6d7-4a53-819d-98ce6b091a77, raftlog=1e09a021-a6d7-4a53-819d-98ce6b091a77@group-0A12EB5539E1-SegmentedRaftLog:OPENED:c-1,f-1,i0, conf=-1: [1e09a021-a6d7-4a53-819d-98ce6b091a77:192.168.34.41:46402, b43dc2d2-5265-4a31-922b-3f50c0227a2c:192.168.34.41:35789, fe8e0c84-158f-427e-8307-4b533a2376d4:192.168.34.41:37955], old=null
2019-10-25 21:28:59,164 [1e09a021-a6d7-4a53-819d-98ce6b091a77@group-0A12EB5539E1-LeaderElection40] INFO  impl.RoleInfo (RoleInfo.java:shutdownLeaderElection(134)) - 1e09a021-a6d7-4a53-819d-98ce6b091a77: shutdown LeaderElection
2019-10-25 21:28:59,164 [1e09a021-a6d7-4a53-819d-98ce6b091a77@group-0A12EB5539E1-LeaderElection40] INFO  impl.RaftServerImpl (RaftServerImpl.java:setRole(184)) - 1e09a021-a6d7-4a53-819d-98ce6b091a77@group-0A12EB5539E1: changes role from CANDIDATE to LEADER at term 5 for changeToLeader
2019-10-25 21:28:59,164 [fe8e0c84-158f-427e-8307-4b533a2376d4@group-B007A63A5CCA-LeaderElection41] INFO  impl.LeaderElection (LeaderElection.java:askForVotes(178)) - fe8e0c84-158f-427e-8307-4b533a2376d4@group-B007A63A5CCA-LeaderElection41: begin an election at term 31 for 0: [1e09a021-a6d7-4a53-819d-98ce6b091a77:192.168.34.41:46402, b43dc2d2-5265-4a31-922b-3f50c0227a2c:192.168.34.41:35789, fe8e0c84-158f-427e-8307-4b533a2376d4:192.168.34.41:37955], old=null
2019-10-25 21:28:59,164 [1e09a021-a6d7-4a53-819d-98ce6b091a77@group-0A12EB5539E1-LeaderElection40] INFO  impl.RaftServerImpl (ServerState.java:setLeader(256)) - 1e09a021-a6d7-4a53-819d-98ce6b091a77@group-0A12EB5539E1: change Leader from null to 1e09a021-a6d7-4a53-819d-98ce6b091a77 at term 5 for becomeLeader, leader elected after 320ms
2019-10-25 21:28:59,165 [1e09a021-a6d7-4a53-819d-98ce6b091a77@group-0A12EB5539E1-LeaderElection40] INFO  server.RaftServerConfigKeys (ConfUtils.java:logGet(43)) - raft.server.staging.catchup.gap = 1000 (default)
2019-10-25 21:28:59,165 [1e09a021-a6d7-4a53-819d-98ce6b091a77@group-0A12EB5539E1-LeaderElection40] INFO  server.RaftServerConfigKeys (ConfUtils.java:logGet(43)) - raft.server.rpc.sleep.time = 25ms (default)
2019-10-25 21:28:59,165 [1e09a021-a6d7-4a53-819d-98ce6b091a77@group-0A12EB5539E1-LeaderElection40] INFO  server.RaftServerConfigKeys (ConfUtils.java:logGet(43)) - raft.server.write.element-limit = 4096 (default)
2019-10-25 21:28:59,165 [1e09a021-a6d7-4a53-819d-98ce6b091a77@group-0A12EB5539E1-LeaderElection40] INFO  server.RaftServerConfigKeys (ConfUtils.java:logGet(43)) - raft.server.watch.timeout = 10s (default)
2019-10-25 21:28:59,165 [1e09a021-a6d7-4a53-819d-98ce6b091a77@group-0A12EB5539E1-LeaderElection40] INFO  server.RaftServerConfigKeys (ConfUtils.java:logGet(43)) - raft.server.watch.timeout.denomination = 1s (default)
2019-10-25 21:28:59,165 [1e09a021-a6d7-4a53-819d-98ce6b091a77@group-0A12EB5539E1-LeaderElection40] INFO  server.RaftServerConfigKeys (ConfUtils.java:logGet(43)) - raft.server.watch.element-limit = 65536 (default)
2019-10-25 21:28:59,167 [grpc-default-executor-3] INFO  impl.RaftServerImpl (RaftServerImpl.java:setRole(184)) - 1e09a021-a6d7-4a53-819d-98ce6b091a77@group-B007A63A5CCA: changes role from  FOLLOWER to FOLLOWER at term 31 for recognizeCandidate:fe8e0c84-158f-427e-8307-4b533a2376d4
2019-10-25 21:28:59,168 [grpc-default-executor-3] INFO  impl.RoleInfo (RoleInfo.java:shutdownFollowerState(121)) - 1e09a021-a6d7-4a53-819d-98ce6b091a77: shutdown FollowerState
2019-10-25 21:28:59,168 [grpc-default-executor-3] INFO  impl.RoleInfo (RoleInfo.java:updateAndGet(143)) - 1e09a021-a6d7-4a53-819d-98ce6b091a77: start FollowerState
2019-10-25 21:28:59,168 [grpc-default-executor-0] INFO  impl.RaftServerImpl (RaftServerImpl.java:setRole(184)) - b43dc2d2-5265-4a31-922b-3f50c0227a2c@group-B007A63A5CCA: changes role from  FOLLOWER to FOLLOWER at term 31 for recognizeCandidate:fe8e0c84-158f-427e-8307-4b533a2376d4
2019-10-25 21:28:59,168 [Thread-774] INFO  impl.FollowerState (FollowerState.java:run(117)) - 1e09a021-a6d7-4a53-819d-98ce6b091a77@group-B007A63A5CCA-FollowerState was interrupted: java.lang.InterruptedException: sleep interrupted
2019-10-25 21:28:59,168 [grpc-default-executor-0] INFO  impl.RoleInfo (RoleInfo.java:shutdownFollowerState(121)) - b43dc2d2-5265-4a31-922b-3f50c0227a2c: shutdown FollowerState
2019-10-25 21:28:59,168 [Thread-775] INFO  impl.FollowerState (FollowerState.java:run(117)) - b43dc2d2-5265-4a31-922b-3f50c0227a2c@group-B007A63A5CCA-FollowerState was interrupted: java.lang.InterruptedException: sleep interrupted
2019-10-25 21:28:59,168 [1e09a021-a6d7-4a53-819d-98ce6b091a77@group-0A12EB5539E1-LeaderElection40] INFO  server.RaftServerConfigKeys (ConfUtils.java:logGet(43)) - raft.server.log.appender.snapshot.chunk.size.max = 16MB (=16777216) (default)
2019-10-25 21:28:59,168 [grpc-default-executor-0] INFO  impl.RoleInfo (RoleInfo.java:updateAndGet(143)) - b43dc2d2-5265-4a31-922b-3f50c0227a2c: start FollowerState
2019-10-25 21:28:59,168 [1e09a021-a6d7-4a53-819d-98ce6b091a77@group-0A12EB5539E1-LeaderElection40] INFO  server.RaftServerConfigKeys (ConfUtils.java:logGet(43)) - raft.server.log.appender.buffer.byte-limit = 33554432 (custom)
2019-10-25 21:28:59,169 [1e09a021-a6d7-4a53-819d-98ce6b091a77@group-0A12EB5539E1-LeaderElection40] INFO  server.RaftServerConfigKeys (ConfUtils.java:logGet(43)) - raft.server.log.appender.buffer.element-limit = 1 (custom)
2019-10-25 21:28:59,169 [1e09a021-a6d7-4a53-819d-98ce6b091a77@group-0A12EB5539E1-LeaderElection40] INFO  grpc.GrpcConfigKeys$Server (ConfUtils.java:logGet(43)) - raft.grpc.server.leader.outstanding.appends.max = 128 (default)
2019-10-25 21:28:59,169 [1e09a021-a6d7-4a53-819d-98ce6b091a77@group-0A12EB5539E1-LeaderElection40] INFO  server.RaftServerConfigKeys (ConfUtils.java:logGet(43)) - raft.server.rpc.request.timeout = 3000ms (default)
2019-10-25 21:28:59,169 [1e09a021-a6d7-4a53-819d-98ce6b091a77@group-0A12EB5539E1-LeaderElection40] INFO  server.RaftServerConfigKeys (ConfUtils.java:logGet(43)) - raft.server.log.appender.install.snapshot.enabled = false (custom)
2019-10-25 21:28:59,171 [1e09a021-a6d7-4a53-819d-98ce6b091a77@group-0A12EB5539E1-LeaderElection40] INFO  server.RaftServerConfigKeys (ConfUtils.java:logGet(43)) - raft.server.log.appender.snapshot.chunk.size.max = 16MB (=16777216) (default)
2019-10-25 21:28:59,171 [1e09a021-a6d7-4a53-819d-98ce6b091a77@group-0A12EB5539E1-LeaderElection40] INFO  server.RaftServerConfigKeys (ConfUtils.java:logGet(43)) - raft.server.log.appender.buffer.byte-limit = 33554432 (custom)
2019-10-25 21:28:59,171 [1e09a021-a6d7-4a53-819d-98ce6b091a77@group-0A12EB5539E1-LeaderElection40] INFO  server.RaftServerConfigKeys (ConfUtils.java:logGet(43)) - raft.server.log.appender.buffer.element-limit = 1 (custom)
2019-10-25 21:28:59,171 [1e09a021-a6d7-4a53-819d-98ce6b091a77@group-0A12EB5539E1-LeaderElection40] INFO  grpc.GrpcConfigKeys$Server (ConfUtils.java:logGet(43)) - raft.grpc.server.leader.outstanding.appends.max = 128 (default)
2019-10-25 21:28:59,171 [1e09a021-a6d7-4a53-819d-98ce6b091a77@group-0A12EB5539E1-LeaderElection40] INFO  server.RaftServerConfigKeys (ConfUtils.java:logGet(43)) - raft.server.rpc.request.timeout = 3000ms (default)
2019-10-25 21:28:59,171 [1e09a021-a6d7-4a53-819d-98ce6b091a77@group-0A12EB5539E1-LeaderElection40] INFO  server.RaftServerConfigKeys (ConfUtils.java:logGet(43)) - raft.server.log.appender.install.snapshot.enabled = false (custom)
2019-10-25 21:28:59,173 [1e09a021-a6d7-4a53-819d-98ce6b091a77@group-0A12EB5539E1-LeaderElection40] INFO  impl.RoleInfo (RoleInfo.java:updateAndGet(143)) - 1e09a021-a6d7-4a53-819d-98ce6b091a77: start LeaderState
2019-10-25 21:28:59,173 [1e09a021-a6d7-4a53-819d-98ce6b091a77@group-0A12EB5539E1-LeaderElection40] INFO  segmented.SegmentedRaftLogWorker (SegmentedRaftLogWorker.java:startLogSegment(385)) - 1e09a021-a6d7-4a53-819d-98ce6b091a77@group-0A12EB5539E1-SegmentedRaftLogWorker: Starting segment from index:0
2019-10-25 21:28:59,174 [1e09a021-a6d7-4a53-819d-98ce6b091a77@group-0A12EB5539E1-LeaderElection40] INFO  impl.RaftServerImpl (ServerState.java:setRaftConf(357)) - 1e09a021-a6d7-4a53-819d-98ce6b091a77@group-0A12EB5539E1: set configuration 0: [1e09a021-a6d7-4a53-819d-98ce6b091a77:192.168.34.41:46402, b43dc2d2-5265-4a31-922b-3f50c0227a2c:192.168.34.41:35789, fe8e0c84-158f-427e-8307-4b533a2376d4:192.168.34.41:37955], old=null at 0
2019-10-25 21:28:59,210 [grpc-default-executor-0] INFO  impl.RaftServerImpl (ServerState.java:setLeader(256)) - fe8e0c84-158f-427e-8307-4b533a2376d4@group-0A12EB5539E1: change Leader from null to 1e09a021-a6d7-4a53-819d-98ce6b091a77 at term 5 for appendEntries, leader elected after 365ms
2019-10-25 21:28:59,210 [fe8e0c84-158f-427e-8307-4b533a2376d4@group-B007A63A5CCA-LeaderElection41] INFO  impl.LeaderElection (LeaderElection.java:logAndReturn(56)) - fe8e0c84-158f-427e-8307-4b533a2376d4@group-B007A63A5CCA-LeaderElection41: Election REJECTED; received 2 response(s) [fe8e0c84-158f-427e-8307-4b533a2376d4<-1e09a021-a6d7-4a53-819d-98ce6b091a77#0:FAIL-t31, fe8e0c84-158f-427e-8307-4b533a2376d4<-b43dc2d2-5265-4a31-922b-3f50c0227a2c#0:FAIL-t31] and 0 exception(s); fe8e0c84-158f-427e-8307-4b533a2376d4@group-B007A63A5CCA:t31, leader=null, voted=fe8e0c84-158f-427e-8307-4b533a2376d4, raftlog=fe8e0c84-158f-427e-8307-4b533a2376d4@group-B007A63A5CCA-SegmentedRaftLog:OPENED:c3,f4,i4, conf=0: [1e09a021-a6d7-4a53-819d-98ce6b091a77:192.168.34.41:46402, b43dc2d2-5265-4a31-922b-3f50c0227a2c:192.168.34.41:35789, fe8e0c84-158f-427e-8307-4b533a2376d4:192.168.34.41:37955], old=null
2019-10-25 21:28:59,211 [grpc-default-executor-3] INFO  impl.RaftServerImpl (ServerState.java:setLeader(256)) - b43dc2d2-5265-4a31-922b-3f50c0227a2c@group-0A12EB5539E1: change Leader from null to 1e09a021-a6d7-4a53-819d-98ce6b091a77 at term 5 for appendEntries, leader elected after 236ms
2019-10-25 21:28:59,211 [fe8e0c84-158f-427e-8307-4b533a2376d4@group-B007A63A5CCA-LeaderElection41] INFO  impl.RaftServerImpl (RaftServerImpl.java:setRole(184)) - fe8e0c84-158f-427e-8307-4b533a2376d4@group-B007A63A5CCA: changes role from CANDIDATE to FOLLOWER at term 31 for DISCOVERED_A_NEW_TERM
2019-10-25 21:28:59,211 [fe8e0c84-158f-427e-8307-4b533a2376d4@group-B007A63A5CCA-LeaderElection41] INFO  impl.RoleInfo (RoleInfo.java:shutdownLeaderElection(134)) - fe8e0c84-158f-427e-8307-4b533a2376d4: shutdown LeaderElection
2019-10-25 21:28:59,211 [fe8e0c84-158f-427e-8307-4b533a2376d4@group-B007A63A5CCA-LeaderElection41] INFO  impl.RoleInfo (RoleInfo.java:updateAndGet(143)) - fe8e0c84-158f-427e-8307-4b533a2376d4: start FollowerState
2019-10-25 21:28:59,214 [grpc-default-executor-0] INFO  impl.RaftServerImpl (ServerState.java:setRaftConf(357)) - fe8e0c84-158f-427e-8307-4b533a2376d4@group-0A12EB5539E1: set configuration 0: [1e09a021-a6d7-4a53-819d-98ce6b091a77:192.168.34.41:46402, b43dc2d2-5265-4a31-922b-3f50c0227a2c:192.168.34.41:35789, fe8e0c84-158f-427e-8307-4b533a2376d4:192.168.34.41:37955], old=null at 0
2019-10-25 21:28:59,214 [grpc-default-executor-3] INFO  impl.RaftServerImpl (ServerState.java:setRaftConf(357)) - b43dc2d2-5265-4a31-922b-3f50c0227a2c@group-0A12EB5539E1: set configuration 0: [1e09a021-a6d7-4a53-819d-98ce6b091a77:192.168.34.41:46402, b43dc2d2-5265-4a31-922b-3f50c0227a2c:192.168.34.41:35789, fe8e0c84-158f-427e-8307-4b533a2376d4:192.168.34.41:37955], old=null at 0
2019-10-25 21:28:59,214 [grpc-default-executor-0] INFO  segmented.SegmentedRaftLogWorker (SegmentedRaftLogWorker.java:startLogSegment(385)) - fe8e0c84-158f-427e-8307-4b533a2376d4@group-0A12EB5539E1-SegmentedRaftLogWorker: Starting segment from index:0
2019-10-25 21:28:59,215 [grpc-default-executor-3] INFO  segmented.SegmentedRaftLogWorker (SegmentedRaftLogWorker.java:truncate(401)) - b43dc2d2-5265-4a31-922b-3f50c0227a2c@group-0A12EB5539E1-SegmentedRaftLogWorker: Truncating segments toTruncate: null
  toDelete: [(0, 0) isOpen? true, length=0, newEndIndex=-1], start index 0
2019-10-25 21:28:59,215 [grpc-default-executor-3] INFO  segmented.SegmentedRaftLogWorker (SegmentedRaftLogWorker.java:startLogSegment(385)) - b43dc2d2-5265-4a31-922b-3f50c0227a2c@group-0A12EB5539E1-SegmentedRaftLogWorker: Starting segment from index:0
2019-10-25 21:28:59,215 [b43dc2d2-5265-4a31-922b-3f50c0227a2c@group-0A12EB5539E1-SegmentedRaftLogWorker] INFO  segmented.SegmentedRaftLogWorker (SegmentedRaftLogWorker.java:execute(640)) - b43dc2d2-5265-4a31-922b-3f50c0227a2c@group-0A12EB5539E1-SegmentedRaftLogWorker: Deleted log file /workdir/hadoop-ozone/integration-test/target/test-dir/MiniOzoneClusterImpl-92884b77-011c-4f6d-b986-a415730dccc4/datanode-0/data/ratis/c1a31abb-b851-4658-a658-0a12eb5539e1/current/log_inprogress_0
2019-10-25 21:28:59,216 [b43dc2d2-5265-4a31-922b-3f50c0227a2c@group-0A12EB5539E1-SegmentedRaftLogWorker] INFO  segmented.SegmentedRaftLogWorker (SegmentedRaftLogWorker.java:lambda$new$0(128)) - b43dc2d2-5265-4a31-922b-3f50c0227a2c@group-0A12EB5539E1-SegmentedRaftLogWorker: flushIndex: setUnconditionally 0 -> -1
2019-10-25 21:28:59,221 [1e09a021-a6d7-4a53-819d-98ce6b091a77@group-0A12EB5539E1-SegmentedRaftLogWorker] INFO  segmented.SegmentedRaftLogWorker (SegmentedRaftLogWorker.java:execute(576)) - 1e09a021-a6d7-4a53-819d-98ce6b091a77@group-0A12EB5539E1-SegmentedRaftLogWorker: created new log segment /workdir/hadoop-ozone/integration-test/target/test-dir/MiniOzoneClusterImpl-92884b77-011c-4f6d-b986-a415730dccc4/datanode-1/data/ratis/c1a31abb-b851-4658-a658-0a12eb5539e1/current/log_inprogress_0
2019-10-25 21:28:59,257 [fe8e0c84-158f-427e-8307-4b533a2376d4@group-0A12EB5539E1-SegmentedRaftLogWorker] INFO  segmented.SegmentedRaftLogWorker (SegmentedRaftLogWorker.java:execute(576)) - fe8e0c84-158f-427e-8307-4b533a2376d4@group-0A12EB5539E1-SegmentedRaftLogWorker: created new log segment /workdir/hadoop-ozone/integration-test/target/test-dir/MiniOzoneClusterImpl-92884b77-011c-4f6d-b986-a415730dccc4/datanode-2/data/ratis/c1a31abb-b851-4658-a658-0a12eb5539e1/current/log_inprogress_0
2019-10-25 21:28:59,257 [b43dc2d2-5265-4a31-922b-3f50c0227a2c@group-0A12EB5539E1-SegmentedRaftLogWorker] INFO  segmented.SegmentedRaftLogWorker (SegmentedRaftLogWorker.java:execute(576)) - b43dc2d2-5265-4a31-922b-3f50c0227a2c@group-0A12EB5539E1-SegmentedRaftLogWorker: created new log segment /workdir/hadoop-ozone/integration-test/target/test-dir/MiniOzoneClusterImpl-92884b77-011c-4f6d-b986-a415730dccc4/datanode-0/data/ratis/c1a31abb-b851-4658-a658-0a12eb5539e1/current/log_inprogress_0
2019-10-25 21:28:59,293 [pool-7-thread-4] INFO  commands.RetriableDatanodeEventWatcher (RetriableDatanodeEventWatcher.java:onTimeout(47)) - RetriableDatanodeCommand type=deleteBlocksCommand with id=1572038931289 timed out. Retrying.
2019-10-25 21:28:59,293 [SCMBlockDeletingService#1] INFO  block.SCMBlockDeletingService (SCMBlockDeletingService.java:call(184)) - Totally added 1 delete blocks command for 1 datanodes, task elapsed time: 0ms
2019-10-25 21:28:59,293 [pool-7-thread-7] INFO  commands.RetriableDatanodeEventWatcher (RetriableDatanodeEventWatcher.java:onTimeout(47)) - RetriableDatanodeCommand type=deleteBlocksCommand with id=1572038931281 timed out. Retrying.
2019-10-25 21:28:59,294 [pool-7-thread-3] INFO  commands.RetriableDatanodeEventWatcher (RetriableDatanodeEventWatcher.java:onTimeout(47)) - RetriableDatanodeCommand type=deleteBlocksCommand with id=1572038931291 timed out. Retrying.
2019-10-25 21:28:59,294 [pool-7-thread-5] INFO  commands.RetriableDatanodeEventWatcher (RetriableDatanodeEventWatcher.java:onTimeout(47)) - RetriableDatanodeCommand type=deleteBlocksCommand with id=1572038931290 timed out. Retrying.
2019-10-25 21:28:59,294 [pool-7-thread-2] INFO  commands.RetriableDatanodeEventWatcher (RetriableDatanodeEventWatcher.java:onTimeout(47)) - RetriableDatanodeCommand type=deleteBlocksCommand with id=1572038931287 timed out. Retrying.
2019-10-25 21:28:59,294 [pool-7-thread-6] INFO  commands.RetriableDatanodeEventWatcher (RetriableDatanodeEventWatcher.java:onTimeout(47)) - RetriableDatanodeCommand type=deleteBlocksCommand with id=1572038931288 timed out. Retrying.
2019-10-25 21:28:59,295 [pool-7-thread-1] INFO  commands.RetriableDatanodeEventWatcher (RetriableDatanodeEventWatcher.java:onTimeout(47)) - RetriableDatanodeCommand type=deleteBlocksCommand with id=1572038931285 timed out. Retrying.
2019-10-25 21:28:59,295 [pool-7-thread-8] INFO  commands.RetriableDatanodeEventWatcher (RetriableDatanodeEventWatcher.java:onTimeout(47)) - RetriableDatanodeCommand type=deleteBlocksCommand with id=1572038931283 timed out. Retrying.
2019-10-25 21:28:59,309 [Thread-814] INFO  impl.FollowerState (FollowerState.java:run(108)) - fe8e0c84-158f-427e-8307-4b533a2376d4@group-B007A63A5CCA-FollowerState: change to CANDIDATE, lastRpcTime:97ms, electionTimeout:97ms
2019-10-25 21:28:59,309 [Thread-814] INFO  impl.RoleInfo (RoleInfo.java:shutdownFollowerState(121)) - fe8e0c84-158f-427e-8307-4b533a2376d4: shutdown FollowerState
2019-10-25 21:28:59,309 [Thread-814] INFO  impl.RaftServerImpl (RaftServerImpl.java:setRole(184)) - fe8e0c84-158f-427e-8307-4b533a2376d4@group-B007A63A5CCA: changes role from  FOLLOWER to CANDIDATE at term 31 for changeToCandidate
2019-10-25 21:28:59,309 [EventQueue-PendingDeleteStatusForPendingDeleteHandler] INFO  block.SCMBlockDeletingService (SCMBlockDeletingService.java:handlePendingDeletes(115)) - Block deletion txnID mismatch in datanode fe8e0c84-158f-427e-8307-4b533a2376d4 for containerID 1. Datanode delete txnID: 0, SCM txnID: 1
2019-10-25 21:28:59,309 [Thread-814] INFO  impl.RoleInfo (RoleInfo.java:updateAndGet(143)) - fe8e0c84-158f-427e-8307-4b533a2376d4: start LeaderElection
2019-10-25 21:28:59,323 [fe8e0c84-158f-427e-8307-4b533a2376d4@group-B007A63A5CCA-LeaderElection42] INFO  impl.LeaderElection (LeaderElection.java:askForVotes(178)) - fe8e0c84-158f-427e-8307-4b533a2376d4@group-B007A63A5CCA-LeaderElection42: begin an election at term 32 for 0: [1e09a021-a6d7-4a53-819d-98ce6b091a77:192.168.34.41:46402, b43dc2d2-5265-4a31-922b-3f50c0227a2c:192.168.34.41:35789, fe8e0c84-158f-427e-8307-4b533a2376d4:192.168.34.41:37955], old=null
2019-10-25 21:28:59,326 [grpc-default-executor-3] INFO  impl.RaftServerImpl (RaftServerImpl.java:setRole(184)) - 1e09a021-a6d7-4a53-819d-98ce6b091a77@group-B007A63A5CCA: changes role from  FOLLOWER to FOLLOWER at term 32 for recognizeCandidate:fe8e0c84-158f-427e-8307-4b533a2376d4
2019-10-25 21:28:59,326 [grpc-default-executor-0] INFO  impl.RaftServerImpl (RaftServerImpl.java:setRole(184)) - b43dc2d2-5265-4a31-922b-3f50c0227a2c@group-B007A63A5CCA: changes role from  FOLLOWER to FOLLOWER at term 32 for recognizeCandidate:fe8e0c84-158f-427e-8307-4b533a2376d4
2019-10-25 21:28:59,326 [grpc-default-executor-3] INFO  impl.RoleInfo (RoleInfo.java:shutdownFollowerState(121)) - 1e09a021-a6d7-4a53-819d-98ce6b091a77: shutdown FollowerState
2019-10-25 21:28:59,327 [grpc-default-executor-0] INFO  impl.RoleInfo (RoleInfo.java:shutdownFollowerState(121)) - b43dc2d2-5265-4a31-922b-3f50c0227a2c: shutdown FollowerState
2019-10-25 21:28:59,327 [Thread-806] INFO  impl.FollowerState (FollowerState.java:run(117)) - 1e09a021-a6d7-4a53-819d-98ce6b091a77@group-B007A63A5CCA-FollowerState was interrupted: java.lang.InterruptedException: sleep interrupted
2019-10-25 21:28:59,327 [grpc-default-executor-3] INFO  impl.RoleInfo (RoleInfo.java:updateAndGet(143)) - 1e09a021-a6d7-4a53-819d-98ce6b091a77: start FollowerState
2019-10-25 21:28:59,327 [grpc-default-executor-0] INFO  impl.RoleInfo (RoleInfo.java:updateAndGet(143)) - b43dc2d2-5265-4a31-922b-3f50c0227a2c: start FollowerState
2019-10-25 21:28:59,327 [Thread-807] INFO  impl.FollowerState (FollowerState.java:run(117)) - b43dc2d2-5265-4a31-922b-3f50c0227a2c@group-B007A63A5CCA-FollowerState was interrupted: java.lang.InterruptedException: sleep interrupted
2019-10-25 21:28:59,341 [fe8e0c84-158f-427e-8307-4b533a2376d4@group-B007A63A5CCA-LeaderElection42] INFO  impl.LeaderElection (LeaderElection.java:logAndReturn(56)) - fe8e0c84-158f-427e-8307-4b533a2376d4@group-B007A63A5CCA-LeaderElection42: Election REJECTED; received 2 response(s) [fe8e0c84-158f-427e-8307-4b533a2376d4<-1e09a021-a6d7-4a53-819d-98ce6b091a77#0:FAIL-t32, fe8e0c84-158f-427e-8307-4b533a2376d4<-b43dc2d2-5265-4a31-922b-3f50c0227a2c#0:FAIL-t32] and 0 exception(s); fe8e0c84-158f-427e-8307-4b533a2376d4@group-B007A63A5CCA:t32, leader=null, voted=fe8e0c84-158f-427e-8307-4b533a2376d4, raftlog=fe8e0c84-158f-427e-8307-4b533a2376d4@group-B007A63A5CCA-SegmentedRaftLog:OPENED:c3,f4,i4, conf=0: [1e09a021-a6d7-4a53-819d-98ce6b091a77:192.168.34.41:46402, b43dc2d2-5265-4a31-922b-3f50c0227a2c:192.168.34.41:35789, fe8e0c84-158f-427e-8307-4b533a2376d4:192.168.34.41:37955], old=null
2019-10-25 21:28:59,341 [fe8e0c84-158f-427e-8307-4b533a2376d4@group-B007A63A5CCA-LeaderElection42] INFO  impl.RaftServerImpl (RaftServerImpl.java:setRole(184)) - fe8e0c84-158f-427e-8307-4b533a2376d4@group-B007A63A5CCA: changes role from CANDIDATE to FOLLOWER at term 32 for DISCOVERED_A_NEW_TERM
2019-10-25 21:28:59,341 [fe8e0c84-158f-427e-8307-4b533a2376d4@group-B007A63A5CCA-LeaderElection42] INFO  impl.RoleInfo (RoleInfo.java:shutdownLeaderElection(134)) - fe8e0c84-158f-427e-8307-4b533a2376d4: shutdown LeaderElection
2019-10-25 21:28:59,342 [fe8e0c84-158f-427e-8307-4b533a2376d4@group-B007A63A5CCA-LeaderElection42] INFO  impl.RoleInfo (RoleInfo.java:updateAndGet(143)) - fe8e0c84-158f-427e-8307-4b533a2376d4: start FollowerState
2019-10-25 21:28:59,433 [Thread-822] INFO  impl.FollowerState (FollowerState.java:run(108)) - fe8e0c84-158f-427e-8307-4b533a2376d4@group-B007A63A5CCA-FollowerState: change to CANDIDATE, lastRpcTime:91ms, electionTimeout:91ms
2019-10-25 21:28:59,433 [Thread-822] INFO  impl.RoleInfo (RoleInfo.java:shutdownFollowerState(121)) - fe8e0c84-158f-427e-8307-4b533a2376d4: shutdown FollowerState
2019-10-25 21:28:59,433 [Thread-822] INFO  impl.RaftServerImpl (RaftServerImpl.java:setRole(184)) - fe8e0c84-158f-427e-8307-4b533a2376d4@group-B007A63A5CCA: changes role from  FOLLOWER to CANDIDATE at term 32 for changeToCandidate
2019-10-25 21:28:59,433 [Thread-822] INFO  impl.RoleInfo (RoleInfo.java:updateAndGet(143)) - fe8e0c84-158f-427e-8307-4b533a2376d4: start LeaderElection
2019-10-25 21:28:59,455 [fe8e0c84-158f-427e-8307-4b533a2376d4@group-B007A63A5CCA-LeaderElection43] INFO  impl.LeaderElection (LeaderElection.java:askForVotes(178)) - fe8e0c84-158f-427e-8307-4b533a2376d4@group-B007A63A5CCA-LeaderElection43: begin an election at term 33 for 0: [1e09a021-a6d7-4a53-819d-98ce6b091a77:192.168.34.41:46402, b43dc2d2-5265-4a31-922b-3f50c0227a2c:192.168.34.41:35789, fe8e0c84-158f-427e-8307-4b533a2376d4:192.168.34.41:37955], old=null
2019-10-25 21:28:59,459 [grpc-default-executor-3] INFO  impl.RaftServerImpl (RaftServerImpl.java:setRole(184)) - b43dc2d2-5265-4a31-922b-3f50c0227a2c@group-B007A63A5CCA: changes role from  FOLLOWER to FOLLOWER at term 33 for recognizeCandidate:fe8e0c84-158f-427e-8307-4b533a2376d4
2019-10-25 21:28:59,459 [grpc-default-executor-3] INFO  impl.RoleInfo (RoleInfo.java:shutdownFollowerState(121)) - b43dc2d2-5265-4a31-922b-3f50c0227a2c: shutdown FollowerState
2019-10-25 21:28:59,459 [grpc-default-executor-0] INFO  impl.RaftServerImpl (RaftServerImpl.java:setRole(184)) - 1e09a021-a6d7-4a53-819d-98ce6b091a77@group-B007A63A5CCA: changes role from  FOLLOWER to FOLLOWER at term 33 for recognizeCandidate:fe8e0c84-158f-427e-8307-4b533a2376d4
2019-10-25 21:28:59,459 [Thread-821] INFO  impl.FollowerState (FollowerState.java:run(117)) - b43dc2d2-5265-4a31-922b-3f50c0227a2c@group-B007A63A5CCA-FollowerState was interrupted: java.lang.InterruptedException: sleep interrupted
2019-10-25 21:28:59,459 [grpc-default-executor-3] INFO  impl.RoleInfo (RoleInfo.java:updateAndGet(143)) - b43dc2d2-5265-4a31-922b-3f50c0227a2c: start FollowerState
2019-10-25 21:28:59,459 [grpc-default-executor-0] INFO  impl.RoleInfo (RoleInfo.java:shutdownFollowerState(121)) - 1e09a021-a6d7-4a53-819d-98ce6b091a77: shutdown FollowerState
2019-10-25 21:28:59,460 [Thread-820] INFO  impl.FollowerState (FollowerState.java:run(117)) - 1e09a021-a6d7-4a53-819d-98ce6b091a77@group-B007A63A5CCA-FollowerState was interrupted: java.lang.InterruptedException: sleep interrupted
2019-10-25 21:28:59,460 [grpc-default-executor-0] INFO  impl.RoleInfo (RoleInfo.java:updateAndGet(143)) - 1e09a021-a6d7-4a53-819d-98ce6b091a77: start FollowerState
2019-10-25 21:28:59,477 [fe8e0c84-158f-427e-8307-4b533a2376d4@group-B007A63A5CCA-LeaderElection43] INFO  impl.LeaderElection (LeaderElection.java:logAndReturn(56)) - fe8e0c84-158f-427e-8307-4b533a2376d4@group-B007A63A5CCA-LeaderElection43: Election REJECTED; received 2 response(s) [fe8e0c84-158f-427e-8307-4b533a2376d4<-1e09a021-a6d7-4a53-819d-98ce6b091a77#0:FAIL-t33, fe8e0c84-158f-427e-8307-4b533a2376d4<-b43dc2d2-5265-4a31-922b-3f50c0227a2c#0:FAIL-t33] and 0 exception(s); fe8e0c84-158f-427e-8307-4b533a2376d4@group-B007A63A5CCA:t33, leader=null, voted=fe8e0c84-158f-427e-8307-4b533a2376d4, raftlog=fe8e0c84-158f-427e-8307-4b533a2376d4@group-B007A63A5CCA-SegmentedRaftLog:OPENED:c3,f4,i4, conf=0: [1e09a021-a6d7-4a53-819d-98ce6b091a77:192.168.34.41:46402, b43dc2d2-5265-4a31-922b-3f50c0227a2c:192.168.34.41:35789, fe8e0c84-158f-427e-8307-4b533a2376d4:192.168.34.41:37955], old=null
2019-10-25 21:28:59,477 [fe8e0c84-158f-427e-8307-4b533a2376d4@group-B007A63A5CCA-LeaderElection43] INFO  impl.RaftServerImpl (RaftServerImpl.java:setRole(184)) - fe8e0c84-158f-427e-8307-4b533a2376d4@group-B007A63A5CCA: changes role from CANDIDATE to FOLLOWER at term 33 for DISCOVERED_A_NEW_TERM
2019-10-25 21:28:59,477 [fe8e0c84-158f-427e-8307-4b533a2376d4@group-B007A63A5CCA-LeaderElection43] INFO  impl.RoleInfo (RoleInfo.java:shutdownLeaderElection(134)) - fe8e0c84-158f-427e-8307-4b533a2376d4: shutdown LeaderElection
2019-10-25 21:28:59,477 [fe8e0c84-158f-427e-8307-4b533a2376d4@group-B007A63A5CCA-LeaderElection43] INFO  impl.RoleInfo (RoleInfo.java:updateAndGet(143)) - fe8e0c84-158f-427e-8307-4b533a2376d4: start FollowerState
2019-10-25 21:28:59,510 [EventQueue-PendingDeleteStatusForPendingDeleteHandler] INFO  block.SCMBlockDeletingService (SCMBlockDeletingService.java:handlePendingDeletes(115)) - Block deletion txnID mismatch in datanode fe8e0c84-158f-427e-8307-4b533a2376d4 for containerID 1. Datanode delete txnID: 0, SCM txnID: 1
2019-10-25 21:28:59,642 [BlockDeletingService#2] WARN  background.BlockDeletingService (BlockDeletingService.java:isDeletionAllowed(187)) - Close Container log Index 6 is not replicated across allthe servers in the pipeline 69397456-ee7f-4bbb-8423-b007a63a5cca as the min replicated index is 4. Deletion is not allowed in this container yet.
2019-10-25 21:28:59,642 [BlockDeletingService#2] WARN  background.BlockDeletingService (BlockDeletingService.java:isDeletionAllowed(187)) - Close Container log Index 6 is not replicated across allthe servers in the pipeline 69397456-ee7f-4bbb-8423-b007a63a5cca as the min replicated index is 4. Deletion is not allowed in this container yet.
2019-10-25 21:28:59,644 [Thread-828] INFO  impl.FollowerState (FollowerState.java:run(108)) - fe8e0c84-158f-427e-8307-4b533a2376d4@group-B007A63A5CCA-FollowerState: change to CANDIDATE, lastRpcTime:166ms, electionTimeout:166ms
2019-10-25 21:28:59,644 [Thread-828] INFO  impl.RoleInfo (RoleInfo.java:shutdownFollowerState(121)) - fe8e0c84-158f-427e-8307-4b533a2376d4: shutdown FollowerState
2019-10-25 21:28:59,644 [Thread-828] INFO  impl.RaftServerImpl (RaftServerImpl.java:setRole(184)) - fe8e0c84-158f-427e-8307-4b533a2376d4@group-B007A63A5CCA: changes role from  FOLLOWER to CANDIDATE at term 33 for changeToCandidate
2019-10-25 21:28:59,644 [Thread-828] INFO  impl.RoleInfo (RoleInfo.java:updateAndGet(143)) - fe8e0c84-158f-427e-8307-4b533a2376d4: start LeaderElection
2019-10-25 21:28:59,657 [fe8e0c84-158f-427e-8307-4b533a2376d4@group-B007A63A5CCA-LeaderElection44] INFO  impl.LeaderElection (LeaderElection.java:askForVotes(178)) - fe8e0c84-158f-427e-8307-4b533a2376d4@group-B007A63A5CCA-LeaderElection44: begin an election at term 34 for 0: [1e09a021-a6d7-4a53-819d-98ce6b091a77:192.168.34.41:46402, b43dc2d2-5265-4a31-922b-3f50c0227a2c:192.168.34.41:35789, fe8e0c84-158f-427e-8307-4b533a2376d4:192.168.34.41:37955], old=null
2019-10-25 21:28:59,660 [grpc-default-executor-3] INFO  impl.RaftServerImpl (RaftServerImpl.java:setRole(184)) - 1e09a021-a6d7-4a53-819d-98ce6b091a77@group-B007A63A5CCA: changes role from  FOLLOWER to FOLLOWER at term 34 for recognizeCandidate:fe8e0c84-158f-427e-8307-4b533a2376d4
2019-10-25 21:28:59,660 [grpc-default-executor-3] INFO  impl.RoleInfo (RoleInfo.java:shutdownFollowerState(121)) - 1e09a021-a6d7-4a53-819d-98ce6b091a77: shutdown FollowerState
2019-10-25 21:28:59,661 [grpc-default-executor-0] INFO  impl.RaftServerImpl (RaftServerImpl.java:setRole(184)) - b43dc2d2-5265-4a31-922b-3f50c0227a2c@group-B007A63A5CCA: changes role from  FOLLOWER to FOLLOWER at term 34 for recognizeCandidate:fe8e0c84-158f-427e-8307-4b533a2376d4
2019-10-25 21:28:59,661 [grpc-default-executor-0] INFO  impl.RoleInfo (RoleInfo.java:shutdownFollowerState(121)) - b43dc2d2-5265-4a31-922b-3f50c0227a2c: shutdown FollowerState
2019-10-25 21:28:59,661 [Thread-827] INFO  impl.FollowerState (FollowerState.java:run(117)) - 1e09a021-a6d7-4a53-819d-98ce6b091a77@group-B007A63A5CCA-FollowerState was interrupted: java.lang.InterruptedException: sleep interrupted
2019-10-25 21:28:59,661 [grpc-default-executor-3] INFO  impl.RoleInfo (RoleInfo.java:updateAndGet(143)) - 1e09a021-a6d7-4a53-819d-98ce6b091a77: start FollowerState
2019-10-25 21:28:59,661 [Thread-826] INFO  impl.FollowerState (FollowerState.java:run(117)) - b43dc2d2-5265-4a31-922b-3f50c0227a2c@group-B007A63A5CCA-FollowerState was interrupted: java.lang.InterruptedException: sleep interrupted
2019-10-25 21:28:59,661 [grpc-default-executor-0] INFO  impl.RoleInfo (RoleInfo.java:updateAndGet(143)) - b43dc2d2-5265-4a31-922b-3f50c0227a2c: start FollowerState
2019-10-25 21:28:59,688 [fe8e0c84-158f-427e-8307-4b533a2376d4@group-B007A63A5CCA-LeaderElection44] INFO  impl.LeaderElection (LeaderElection.java:logAndReturn(56)) - fe8e0c84-158f-427e-8307-4b533a2376d4@group-B007A63A5CCA-LeaderElection44: Election REJECTED; received 2 response(s) [fe8e0c84-158f-427e-8307-4b533a2376d4<-1e09a021-a6d7-4a53-819d-98ce6b091a77#0:FAIL-t34, fe8e0c84-158f-427e-8307-4b533a2376d4<-b43dc2d2-5265-4a31-922b-3f50c0227a2c#0:FAIL-t34] and 0 exception(s); fe8e0c84-158f-427e-8307-4b533a2376d4@group-B007A63A5CCA:t34, leader=null, voted=fe8e0c84-158f-427e-8307-4b533a2376d4, raftlog=fe8e0c84-158f-427e-8307-4b533a2376d4@group-B007A63A5CCA-SegmentedRaftLog:OPENED:c3,f4,i4, conf=0: [1e09a021-a6d7-4a53-819d-98ce6b091a77:192.168.34.41:46402, b43dc2d2-5265-4a31-922b-3f50c0227a2c:192.168.34.41:35789, fe8e0c84-158f-427e-8307-4b533a2376d4:192.168.34.41:37955], old=null
2019-10-25 21:28:59,688 [fe8e0c84-158f-427e-8307-4b533a2376d4@group-B007A63A5CCA-LeaderElection44] INFO  impl.RaftServerImpl (RaftServerImpl.java:setRole(184)) - fe8e0c84-158f-427e-8307-4b533a2376d4@group-B007A63A5CCA: changes role from CANDIDATE to FOLLOWER at term 34 for DISCOVERED_A_NEW_TERM
2019-10-25 21:28:59,689 [fe8e0c84-158f-427e-8307-4b533a2376d4@group-B007A63A5CCA-LeaderElection44] INFO  impl.RoleInfo (RoleInfo.java:shutdownLeaderElection(134)) - fe8e0c84-158f-427e-8307-4b533a2376d4: shutdown LeaderElection
2019-10-25 21:28:59,689 [fe8e0c84-158f-427e-8307-4b533a2376d4@group-B007A63A5CCA-LeaderElection44] INFO  impl.RoleInfo (RoleInfo.java:updateAndGet(143)) - fe8e0c84-158f-427e-8307-4b533a2376d4: start FollowerState
2019-10-25 21:28:59,711 [EventQueue-PendingDeleteStatusForPendingDeleteHandler] INFO  block.SCMBlockDeletingService (SCMBlockDeletingService.java:handlePendingDeletes(115)) - Block deletion txnID mismatch in datanode fe8e0c84-158f-427e-8307-4b533a2376d4 for containerID 1. Datanode delete txnID: 0, SCM txnID: 1
2019-10-25 21:28:59,723 [Command processor thread] INFO  commandhandler.DeleteBlocksCommandHandler (DeleteBlocksCommandHandler.java:handle(106)) - Start to delete container blocks, TXIDs=[1(0)], numOfContainers=1, numOfBlocks=1
2019-10-25 21:28:59,724 [Command processor thread] INFO  commandhandler.DeleteBlocksCommandHandler (DeleteBlocksCommandHandler.java:handle(106)) - Start to delete container blocks, TXIDs=[1(2)], numOfContainers=1, numOfBlocks=1
2019-10-25 21:28:59,724 [Command processor thread] INFO  commandhandler.DeleteBlocksCommandHandler (DeleteBlocksCommandHandler.java:handle(106)) - Start to delete container blocks, TXIDs=[1(0)], numOfContainers=1, numOfBlocks=1
2019-10-25 21:28:59,724 [Command processor thread] INFO  commandhandler.DeleteBlocksCommandHandler (DeleteBlocksCommandHandler.java:handle(106)) - Start to delete container blocks, TXIDs=[1(2)], numOfContainers=1, numOfBlocks=1
2019-10-25 21:28:59,725 [Command processor thread] INFO  commandhandler.DeleteBlocksCommandHandler (DeleteBlocksCommandHandler.java:handle(106)) - Start to delete container blocks, TXIDs=[1(4)], numOfContainers=1, numOfBlocks=1
2019-10-25 21:28:59,725 [Command processor thread] INFO  commandhandler.DeleteBlocksCommandHandler (DeleteBlocksCommandHandler.java:handle(106)) - Start to delete container blocks, TXIDs=[1(0)], numOfContainers=1, numOfBlocks=1
2019-10-25 21:28:59,725 [Command processor thread] INFO  commandhandler.DeleteBlocksCommandHandler (DeleteBlocksCommandHandler.java:handle(106)) - Start to delete container blocks, TXIDs=[1(0)], numOfContainers=1, numOfBlocks=1
2019-10-25 21:28:59,725 [Command processor thread] INFO  commandhandler.DeleteBlocksCommandHandler (DeleteBlocksCommandHandler.java:handle(106)) - Start to delete container blocks, TXIDs=[1(7)], numOfContainers=1, numOfBlocks=1
2019-10-25 21:28:59,726 [Command processor thread] INFO  commandhandler.DeleteBlocksCommandHandler (DeleteBlocksCommandHandler.java:handle(106)) - Start to delete container blocks, TXIDs=[1(2)], numOfContainers=1, numOfBlocks=1
2019-10-25 21:28:59,726 [Command processor thread] INFO  commandhandler.DeleteBlocksCommandHandler (DeleteBlocksCommandHandler.java:handle(106)) - Start to delete container blocks, TXIDs=[1(4)], numOfContainers=1, numOfBlocks=1
2019-10-25 21:28:59,726 [Command processor thread] INFO  commandhandler.DeleteBlocksCommandHandler (DeleteBlocksCommandHandler.java:handle(106)) - Start to delete container blocks, TXIDs=[1(0)], numOfContainers=1, numOfBlocks=1
2019-10-25 21:28:59,726 [Command processor thread] INFO  commandhandler.DeleteBlocksCommandHandler (DeleteBlocksCommandHandler.java:handle(106)) - Start to delete container blocks, TXIDs=[1(2)], numOfContainers=1, numOfBlocks=1
2019-10-25 21:28:59,727 [Command processor thread] INFO  commandhandler.DeleteBlocksCommandHandler (DeleteBlocksCommandHandler.java:handle(106)) - Start to delete container blocks, TXIDs=[1(7)], numOfContainers=1, numOfBlocks=1
2019-10-25 21:28:59,727 [Command processor thread] INFO  commandhandler.DeleteBlocksCommandHandler (DeleteBlocksCommandHandler.java:handle(106)) - Start to delete container blocks, TXIDs=[1(4)], numOfContainers=1, numOfBlocks=1
2019-10-25 21:28:59,727 [Command processor thread] INFO  commandhandler.DeleteBlocksCommandHandler (DeleteBlocksCommandHandler.java:handle(106)) - Start to delete container blocks, TXIDs=[1(7)], numOfContainers=1, numOfBlocks=1
2019-10-25 21:28:59,727 [Command processor thread] INFO  commandhandler.DeleteBlocksCommandHandler (DeleteBlocksCommandHandler.java:handle(106)) - Start to delete container blocks, TXIDs=[1(4)], numOfContainers=1, numOfBlocks=1
2019-10-25 21:28:59,728 [Command processor thread] INFO  commandhandler.DeleteBlocksCommandHandler (DeleteBlocksCommandHandler.java:handle(106)) - Start to delete container blocks, TXIDs=[1(2)], numOfContainers=1, numOfBlocks=1
2019-10-25 21:28:59,728 [Command processor thread] INFO  commandhandler.DeleteBlocksCommandHandler (DeleteBlocksCommandHandler.java:handle(106)) - Start to delete container blocks, TXIDs=[1(7)], numOfContainers=1, numOfBlocks=1
2019-10-25 21:28:59,728 [Command processor thread] INFO  commandhandler.DeleteBlocksCommandHandler (DeleteBlocksCommandHandler.java:handle(106)) - Start to delete container blocks, TXIDs=[1(7)], numOfContainers=1, numOfBlocks=1
2019-10-25 21:28:59,728 [Command processor thread] INFO  commandhandler.DeleteBlocksCommandHandler (DeleteBlocksCommandHandler.java:handle(106)) - Start to delete container blocks, TXIDs=[1(0)], numOfContainers=1, numOfBlocks=1
2019-10-25 21:28:59,729 [Command processor thread] INFO  commandhandler.DeleteBlocksCommandHandler (DeleteBlocksCommandHandler.java:handle(106)) - Start to delete container blocks, TXIDs=[1(7)], numOfContainers=1, numOfBlocks=1
2019-10-25 21:28:59,729 [Command processor thread] INFO  commandhandler.DeleteBlocksCommandHandler (DeleteBlocksCommandHandler.java:handle(106)) - Start to delete container blocks, TXIDs=[1(4)], numOfContainers=1, numOfBlocks=1
2019-10-25 21:28:59,729 [Command processor thread] INFO  commandhandler.DeleteBlocksCommandHandler (DeleteBlocksCommandHandler.java:handle(106)) - Start to delete container blocks, TXIDs=[1(2)], numOfContainers=1, numOfBlocks=1
2019-10-25 21:28:59,729 [Command processor thread] INFO  commandhandler.DeleteBlocksCommandHandler (DeleteBlocksCommandHandler.java:handle(106)) - Start to delete container blocks, TXIDs=[1(0)], numOfContainers=1, numOfBlocks=1
2019-10-25 21:28:59,730 [Command processor thread] INFO  commandhandler.DeleteBlocksCommandHandler (DeleteBlocksCommandHandler.java:handle(106)) - Start to delete container blocks, TXIDs=[1(7)], numOfContainers=1, numOfBlocks=1
2019-10-25 21:28:59,730 [Command processor thread] INFO  commandhandler.DeleteBlocksCommandHandler (DeleteBlocksCommandHandler.java:handle(106)) - Start to delete container blocks, TXIDs=[1(7)], numOfContainers=1, numOfBlocks=1
2019-10-25 21:28:59,730 [Command processor thread] INFO  commandhandler.DeleteBlocksCommandHandler (DeleteBlocksCommandHandler.java:handle(106)) - Start to delete container blocks, TXIDs=[1(7)], numOfContainers=1, numOfBlocks=1
2019-10-25 21:28:59,730 [Command processor thread] INFO  commandhandler.DeleteBlocksCommandHandler (DeleteBlocksCommandHandler.java:handle(106)) - Start to delete container blocks, TXIDs=[1(7)], numOfContainers=1, numOfBlocks=1
2019-10-25 21:28:59,731 [Command processor thread] INFO  commandhandler.DeleteBlocksCommandHandler (DeleteBlocksCommandHandler.java:handle(106)) - Start to delete container blocks, TXIDs=[1(7)], numOfContainers=1, numOfBlocks=1
2019-10-25 21:28:59,731 [Command processor thread] INFO  commandhandler.DeleteBlocksCommandHandler (DeleteBlocksCommandHandler.java:handle(106)) - Start to delete container blocks, TXIDs=[1(2)], numOfContainers=1, numOfBlocks=1
2019-10-25 21:28:59,731 [Command processor thread] INFO  commandhandler.DeleteBlocksCommandHandler (DeleteBlocksCommandHandler.java:handle(106)) - Start to delete container blocks, TXIDs=[1(7)], numOfContainers=1, numOfBlocks=1
2019-10-25 21:28:59,731 [Command processor thread] INFO  commandhandler.DeleteBlocksCommandHandler (DeleteBlocksCommandHandler.java:handle(106)) - Start to delete container blocks, TXIDs=[1(7)], numOfContainers=1, numOfBlocks=1
2019-10-25 21:28:59,732 [Command processor thread] INFO  commandhandler.DeleteBlocksCommandHandler (DeleteBlocksCommandHandler.java:handle(106)) - Start to delete container blocks, TXIDs=[1(0)], numOfContainers=1, numOfBlocks=1
2019-10-25 21:28:59,732 [Command processor thread] INFO  commandhandler.DeleteBlocksCommandHandler (DeleteBlocksCommandHandler.java:handle(106)) - Start to delete container blocks, TXIDs=[1(4)], numOfContainers=1, numOfBlocks=1
2019-10-25 21:28:59,732 [Command processor thread] INFO  commandhandler.DeleteBlocksCommandHandler (DeleteBlocksCommandHandler.java:handle(106)) - Start to delete container blocks, TXIDs=[1(7)], numOfContainers=1, numOfBlocks=1
2019-10-25 21:28:59,732 [Command processor thread] INFO  commandhandler.DeleteBlocksCommandHandler (DeleteBlocksCommandHandler.java:handle(106)) - Start to delete container blocks, TXIDs=[1(7)], numOfContainers=1, numOfBlocks=1
2019-10-25 21:28:59,732 [Command processor thread] INFO  commandhandler.DeleteBlocksCommandHandler (DeleteBlocksCommandHandler.java:handle(106)) - Start to delete container blocks, TXIDs=[1(43)], numOfContainers=1, numOfBlocks=1
2019-10-25 21:28:59,733 [Command processor thread] INFO  commandhandler.DeleteBlocksCommandHandler (DeleteBlocksCommandHandler.java:handle(106)) - Start to delete container blocks, TXIDs=[1(7)], numOfContainers=1, numOfBlocks=1
2019-10-25 21:28:59,733 [Command processor thread] INFO  commandhandler.DeleteBlocksCommandHandler (DeleteBlocksCommandHandler.java:handle(106)) - Start to delete container blocks, TXIDs=[1(0)], numOfContainers=1, numOfBlocks=1
2019-10-25 21:28:59,733 [Command processor thread] INFO  commandhandler.DeleteBlocksCommandHandler (DeleteBlocksCommandHandler.java:handle(106)) - Start to delete container blocks, TXIDs=[1(7)], numOfContainers=1, numOfBlocks=1
2019-10-25 21:28:59,733 [Command processor thread] INFO  commandhandler.DeleteBlocksCommandHandler (DeleteBlocksCommandHandler.java:handle(106)) - Start to delete container blocks, TXIDs=[1(7)], numOfContainers=1, numOfBlocks=1
2019-10-25 21:28:59,734 [Command processor thread] INFO  commandhandler.DeleteBlocksCommandHandler (DeleteBlocksCommandHandler.java:handle(106)) - Start to delete container blocks, TXIDs=[1(7)], numOfContainers=1, numOfBlocks=1
2019-10-25 21:28:59,734 [Command processor thread] INFO  commandhandler.DeleteBlocksCommandHandler (DeleteBlocksCommandHandler.java:handle(106)) - Start to delete container blocks, TXIDs=[1(7)], numOfContainers=1, numOfBlocks=1
2019-10-25 21:28:59,734 [Command processor thread] INFO  commandhandler.DeleteBlocksCommandHandler (DeleteBlocksCommandHandler.java:handle(106)) - Start to delete container blocks, TXIDs=[1(4)], numOfContainers=1, numOfBlocks=1
2019-10-25 21:28:59,734 [Command processor thread] INFO  commandhandler.DeleteBlocksCommandHandler (DeleteBlocksCommandHandler.java:handle(106)) - Start to delete container blocks, TXIDs=[1(2)], numOfContainers=1, numOfBlocks=1
2019-10-25 21:28:59,887 [Thread-836] INFO  impl.FollowerState (FollowerState.java:run(108)) - fe8e0c84-158f-427e-8307-4b533a2376d4@group-B007A63A5CCA-FollowerState: change to CANDIDATE, lastRpcTime:198ms, electionTimeout:198ms
2019-10-25 21:28:59,887 [Thread-836] INFO  impl.RoleInfo (RoleInfo.java:shutdownFollowerState(121)) - fe8e0c84-158f-427e-8307-4b533a2376d4: shutdown FollowerState
2019-10-25 21:28:59,888 [Thread-836] INFO  impl.RaftServerImpl (RaftServerImpl.java:setRole(184)) - fe8e0c84-158f-427e-8307-4b533a2376d4@group-B007A63A5CCA: changes role from  FOLLOWER to CANDIDATE at term 34 for changeToCandidate
2019-10-25 21:28:59,888 [Thread-836] INFO  impl.RoleInfo (RoleInfo.java:updateAndGet(143)) - fe8e0c84-158f-427e-8307-4b533a2376d4: start LeaderElection
2019-10-25 21:28:59,901 [fe8e0c84-158f-427e-8307-4b533a2376d4@group-B007A63A5CCA-LeaderElection45] INFO  impl.LeaderElection (LeaderElection.java:askForVotes(178)) - fe8e0c84-158f-427e-8307-4b533a2376d4@group-B007A63A5CCA-LeaderElection45: begin an election at term 35 for 0: [1e09a021-a6d7-4a53-819d-98ce6b091a77:192.168.34.41:46402, b43dc2d2-5265-4a31-922b-3f50c0227a2c:192.168.34.41:35789, fe8e0c84-158f-427e-8307-4b533a2376d4:192.168.34.41:37955], old=null
2019-10-25 21:28:59,904 [grpc-default-executor-0] INFO  impl.RaftServerImpl (RaftServerImpl.java:setRole(184)) - 1e09a021-a6d7-4a53-819d-98ce6b091a77@group-B007A63A5CCA: changes role from  FOLLOWER to FOLLOWER at term 35 for recognizeCandidate:fe8e0c84-158f-427e-8307-4b533a2376d4
2019-10-25 21:28:59,905 [grpc-default-executor-0] INFO  impl.RoleInfo (RoleInfo.java:shutdownFollowerState(121)) - 1e09a021-a6d7-4a53-819d-98ce6b091a77: shutdown FollowerState
2019-10-25 21:28:59,905 [grpc-default-executor-3] INFO  impl.RaftServerImpl (RaftServerImpl.java:setRole(184)) - b43dc2d2-5265-4a31-922b-3f50c0227a2c@group-B007A63A5CCA: changes role from  FOLLOWER to FOLLOWER at term 35 for recognizeCandidate:fe8e0c84-158f-427e-8307-4b533a2376d4
2019-10-25 21:28:59,905 [Thread-834] INFO  impl.FollowerState (FollowerState.java:run(117)) - 1e09a021-a6d7-4a53-819d-98ce6b091a77@group-B007A63A5CCA-FollowerState was interrupted: java.lang.InterruptedException: sleep interrupted
2019-10-25 21:28:59,905 [grpc-default-executor-0] INFO  impl.RoleInfo (RoleInfo.java:updateAndGet(143)) - 1e09a021-a6d7-4a53-819d-98ce6b091a77: start FollowerState
2019-10-25 21:28:59,905 [grpc-default-executor-3] INFO  impl.RoleInfo (RoleInfo.java:shutdownFollowerState(121)) - b43dc2d2-5265-4a31-922b-3f50c0227a2c: shutdown FollowerState
2019-10-25 21:28:59,906 [grpc-default-executor-3] INFO  impl.RoleInfo (RoleInfo.java:updateAndGet(143)) - b43dc2d2-5265-4a31-922b-3f50c0227a2c: start FollowerState
2019-10-25 21:28:59,906 [Thread-835] INFO  impl.FollowerState (FollowerState.java:run(117)) - b43dc2d2-5265-4a31-922b-3f50c0227a2c@group-B007A63A5CCA-FollowerState was interrupted: java.lang.InterruptedException: sleep interrupted
2019-10-25 21:28:59,926 [EventQueue-DeleteBlockStatusForDeletedBlockLogImpl] WARN  block.DeletedBlockLogImpl (DeletedBlockLogImpl.java:commitTransactions(205)) - Transaction txId=1 commit by dnId=fe8e0c84-158f-427e-8307-4b533a2376d4 for containerID=#1 failed. Corresponding entry not found.
2019-10-25 21:28:59,926 [EventQueue-DeleteBlockStatusForDeletedBlockLogImpl] WARN  block.DeletedBlockLogImpl (DeletedBlockLogImpl.java:commitTransactions(205)) - Transaction txId=1 commit by dnId=fe8e0c84-158f-427e-8307-4b533a2376d4 for containerID=#1 failed. Corresponding entry not found.
2019-10-25 21:28:59,926 [EventQueue-DeleteBlockStatusForDeletedBlockLogImpl] WARN  block.DeletedBlockLogImpl (DeletedBlockLogImpl.java:commitTransactions(205)) - Transaction txId=1 commit by dnId=fe8e0c84-158f-427e-8307-4b533a2376d4 for containerID=#1 failed. Corresponding entry not found.
2019-10-25 21:28:59,926 [EventQueue-DeleteBlockStatusForDeletedBlockLogImpl] WARN  block.DeletedBlockLogImpl (DeletedBlockLogImpl.java:commitTransactions(205)) - Transaction txId=1 commit by dnId=fe8e0c84-158f-427e-8307-4b533a2376d4 for containerID=#1 failed. Corresponding entry not found.
2019-10-25 21:28:59,926 [EventQueue-DeleteBlockStatusForDeletedBlockLogImpl] WARN  block.DeletedBlockLogImpl (DeletedBlockLogImpl.java:commitTransactions(205)) - Transaction txId=1 commit by dnId=fe8e0c84-158f-427e-8307-4b533a2376d4 for containerID=#1 failed. Corresponding entry not found.
2019-10-25 21:28:59,927 [EventQueue-DeleteBlockStatusForDeletedBlockLogImpl] WARN  block.DeletedBlockLogImpl (DeletedBlockLogImpl.java:commitTransactions(205)) - Transaction txId=1 commit by dnId=fe8e0c84-158f-427e-8307-4b533a2376d4 for containerID=#1 failed. Corresponding entry not found.
2019-10-25 21:28:59,927 [EventQueue-DeleteBlockStatusForDeletedBlockLogImpl] WARN  block.DeletedBlockLogImpl (DeletedBlockLogImpl.java:commitTransactions(205)) - Transaction txId=1 commit by dnId=fe8e0c84-158f-427e-8307-4b533a2376d4 for containerID=#1 failed. Corresponding entry not found.
2019-10-25 21:28:59,927 [EventQueue-DeleteBlockStatusForDeletedBlockLogImpl] WARN  block.DeletedBlockLogImpl (DeletedBlockLogImpl.java:commitTransactions(205)) - Transaction txId=1 commit by dnId=fe8e0c84-158f-427e-8307-4b533a2376d4 for containerID=#1 failed. Corresponding entry not found.
2019-10-25 21:28:59,932 [fe8e0c84-158f-427e-8307-4b533a2376d4@group-B007A63A5CCA-LeaderElection45] INFO  impl.LeaderElection (LeaderElection.java:logAndReturn(56)) - fe8e0c84-158f-427e-8307-4b533a2376d4@group-B007A63A5CCA-LeaderElection45: Election REJECTED; received 2 response(s) [fe8e0c84-158f-427e-8307-4b533a2376d4<-1e09a021-a6d7-4a53-819d-98ce6b091a77#0:FAIL-t35, fe8e0c84-158f-427e-8307-4b533a2376d4<-b43dc2d2-5265-4a31-922b-3f50c0227a2c#0:FAIL-t35] and 0 exception(s); fe8e0c84-158f-427e-8307-4b533a2376d4@group-B007A63A5CCA:t35, leader=null, voted=fe8e0c84-158f-427e-8307-4b533a2376d4, raftlog=fe8e0c84-158f-427e-8307-4b533a2376d4@group-B007A63A5CCA-SegmentedRaftLog:OPENED:c3,f4,i4, conf=0: [1e09a021-a6d7-4a53-819d-98ce6b091a77:192.168.34.41:46402, b43dc2d2-5265-4a31-922b-3f50c0227a2c:192.168.34.41:35789, fe8e0c84-158f-427e-8307-4b533a2376d4:192.168.34.41:37955], old=null
2019-10-25 21:28:59,932 [fe8e0c84-158f-427e-8307-4b533a2376d4@group-B007A63A5CCA-LeaderElection45] INFO  impl.RaftServerImpl (RaftServerImpl.java:setRole(184)) - fe8e0c84-158f-427e-8307-4b533a2376d4@group-B007A63A5CCA: changes role from CANDIDATE to FOLLOWER at term 35 for DISCOVERED_A_NEW_TERM
2019-10-25 21:28:59,932 [fe8e0c84-158f-427e-8307-4b533a2376d4@group-B007A63A5CCA-LeaderElection45] INFO  impl.RoleInfo (RoleInfo.java:shutdownLeaderElection(134)) - fe8e0c84-158f-427e-8307-4b533a2376d4: shutdown LeaderElection
2019-10-25 21:28:59,932 [fe8e0c84-158f-427e-8307-4b533a2376d4@group-B007A63A5CCA-LeaderElection45] INFO  impl.RoleInfo (RoleInfo.java:updateAndGet(143)) - fe8e0c84-158f-427e-8307-4b533a2376d4: start FollowerState
2019-10-25 21:28:59,974 [Thread-843] INFO  impl.FollowerState (FollowerState.java:run(108)) - fe8e0c84-158f-427e-8307-4b533a2376d4@group-B007A63A5CCA-FollowerState: change to CANDIDATE, lastRpcTime:41ms, electionTimeout:41ms
2019-10-25 21:28:59,974 [Thread-843] INFO  impl.RoleInfo (RoleInfo.java:shutdownFollowerState(121)) - fe8e0c84-158f-427e-8307-4b533a2376d4: shutdown FollowerState
2019-10-25 21:28:59,974 [Thread-843] INFO  impl.RaftServerImpl (RaftServerImpl.java:setRole(184)) - fe8e0c84-158f-427e-8307-4b533a2376d4@group-B007A63A5CCA: changes role from  FOLLOWER to CANDIDATE at term 35 for changeToCandidate
2019-10-25 21:28:59,974 [Thread-843] INFO  impl.RoleInfo (RoleInfo.java:updateAndGet(143)) - fe8e0c84-158f-427e-8307-4b533a2376d4: start LeaderElection
2019-10-25 21:28:59,988 [fe8e0c84-158f-427e-8307-4b533a2376d4@group-B007A63A5CCA-LeaderElection46] INFO  impl.LeaderElection (LeaderElection.java:askForVotes(178)) - fe8e0c84-158f-427e-8307-4b533a2376d4@group-B007A63A5CCA-LeaderElection46: begin an election at term 36 for 0: [1e09a021-a6d7-4a53-819d-98ce6b091a77:192.168.34.41:46402, b43dc2d2-5265-4a31-922b-3f50c0227a2c:192.168.34.41:35789, fe8e0c84-158f-427e-8307-4b533a2376d4:192.168.34.41:37955], old=null
2019-10-25 21:28:59,992 [grpc-default-executor-0] INFO  impl.RaftServerImpl (RaftServerImpl.java:setRole(184)) - b43dc2d2-5265-4a31-922b-3f50c0227a2c@group-B007A63A5CCA: changes role from  FOLLOWER to FOLLOWER at term 36 for recognizeCandidate:fe8e0c84-158f-427e-8307-4b533a2376d4
2019-10-25 21:28:59,992 [grpc-default-executor-0] INFO  impl.RoleInfo (RoleInfo.java:shutdownFollowerState(121)) - b43dc2d2-5265-4a31-922b-3f50c0227a2c: shutdown FollowerState
2019-10-25 21:28:59,992 [grpc-default-executor-0] INFO  impl.RoleInfo (RoleInfo.java:updateAndGet(143)) - b43dc2d2-5265-4a31-922b-3f50c0227a2c: start FollowerState
2019-10-25 21:28:59,992 [grpc-default-executor-3] INFO  impl.RaftServerImpl (RaftServerImpl.java:setRole(184)) - 1e09a021-a6d7-4a53-819d-98ce6b091a77@group-B007A63A5CCA: changes role from  FOLLOWER to FOLLOWER at term 36 for recognizeCandidate:fe8e0c84-158f-427e-8307-4b533a2376d4
2019-10-25 21:28:59,992 [Thread-842] INFO  impl.FollowerState (FollowerState.java:run(117)) - b43dc2d2-5265-4a31-922b-3f50c0227a2c@group-B007A63A5CCA-FollowerState was interrupted: java.lang.InterruptedException: sleep interrupted
2019-10-25 21:28:59,993 [grpc-default-executor-3] INFO  impl.RoleInfo (RoleInfo.java:shutdownFollowerState(121)) - 1e09a021-a6d7-4a53-819d-98ce6b091a77: shutdown FollowerState
2019-10-25 21:28:59,993 [grpc-default-executor-3] INFO  impl.RoleInfo (RoleInfo.java:updateAndGet(143)) - 1e09a021-a6d7-4a53-819d-98ce6b091a77: start FollowerState
2019-10-25 21:28:59,993 [Thread-841] INFO  impl.FollowerState (FollowerState.java:run(117)) - 1e09a021-a6d7-4a53-819d-98ce6b091a77@group-B007A63A5CCA-FollowerState was interrupted: java.lang.InterruptedException: sleep interrupted
2019-10-25 21:29:00,008 [fe8e0c84-158f-427e-8307-4b533a2376d4@group-B007A63A5CCA-LeaderElection46] INFO  impl.LeaderElection (LeaderElection.java:logAndReturn(56)) - fe8e0c84-158f-427e-8307-4b533a2376d4@group-B007A63A5CCA-LeaderElection46: Election REJECTED; received 2 response(s) [fe8e0c84-158f-427e-8307-4b533a2376d4<-1e09a021-a6d7-4a53-819d-98ce6b091a77#0:FAIL-t36, fe8e0c84-158f-427e-8307-4b533a2376d4<-b43dc2d2-5265-4a31-922b-3f50c0227a2c#0:FAIL-t36] and 0 exception(s); fe8e0c84-158f-427e-8307-4b533a2376d4@group-B007A63A5CCA:t36, leader=null, voted=fe8e0c84-158f-427e-8307-4b533a2376d4, raftlog=fe8e0c84-158f-427e-8307-4b533a2376d4@group-B007A63A5CCA-SegmentedRaftLog:OPENED:c3,f4,i4, conf=0: [1e09a021-a6d7-4a53-819d-98ce6b091a77:192.168.34.41:46402, b43dc2d2-5265-4a31-922b-3f50c0227a2c:192.168.34.41:35789, fe8e0c84-158f-427e-8307-4b533a2376d4:192.168.34.41:37955], old=null
2019-10-25 21:29:00,008 [fe8e0c84-158f-427e-8307-4b533a2376d4@group-B007A63A5CCA-LeaderElection46] INFO  impl.RaftServerImpl (RaftServerImpl.java:setRole(184)) - fe8e0c84-158f-427e-8307-4b533a2376d4@group-B007A63A5CCA: changes role from CANDIDATE to FOLLOWER at term 36 for DISCOVERED_A_NEW_TERM
2019-10-25 21:29:00,008 [fe8e0c84-158f-427e-8307-4b533a2376d4@group-B007A63A5CCA-LeaderElection46] INFO  impl.RoleInfo (RoleInfo.java:shutdownLeaderElection(134)) - fe8e0c84-158f-427e-8307-4b533a2376d4: shutdown LeaderElection
2019-10-25 21:29:00,008 [fe8e0c84-158f-427e-8307-4b533a2376d4@group-B007A63A5CCA-LeaderElection46] INFO  impl.RoleInfo (RoleInfo.java:updateAndGet(143)) - fe8e0c84-158f-427e-8307-4b533a2376d4: start FollowerState
2019-10-25 21:29:00,056 [Thread-851] INFO  client.GrpcClientProtocolService (GrpcClientProtocolService.java:lambda$processClientRequest$0(278)) - Failed RaftClientRequest:client-6DCA51C798D1->1e09a021-a6d7-4a53-819d-98ce6b091a77@group-B007A63A5CCA, cid=10, seq=0, Watch-ALL_COMMITTED(6), Message:<EMPTY>, reply=RaftClientReply:client-6DCA51C798D1->1e09a021-a6d7-4a53-819d-98ce6b091a77@group-B007A63A5CCA, cid=10, FAILED org.apache.ratis.protocol.NotLeaderException: Server 1e09a021-a6d7-4a53-819d-98ce6b091a77@group-B007A63A5CCA is not the leader, logIndex=0, commits[1e09a021-a6d7-4a53-819d-98ce6b091a77:c10, b43dc2d2-5265-4a31-922b-3f50c0227a2c:c10, fe8e0c84-158f-427e-8307-4b533a2376d4:c4]
2019-10-25 21:29:00,176 [Thread-849] INFO  impl.FollowerState (FollowerState.java:run(108)) - fe8e0c84-158f-427e-8307-4b533a2376d4@group-B007A63A5CCA-FollowerState: change to CANDIDATE, lastRpcTime:167ms, electionTimeout:167ms
2019-10-25 21:29:00,176 [Thread-849] INFO  impl.RoleInfo (RoleInfo.java:shutdownFollowerState(121)) - fe8e0c84-158f-427e-8307-4b533a2376d4: shutdown FollowerState
2019-10-25 21:29:00,176 [Thread-849] INFO  impl.RaftServerImpl (RaftServerImpl.java:setRole(184)) - fe8e0c84-158f-427e-8307-4b533a2376d4@group-B007A63A5CCA: changes role from  FOLLOWER to CANDIDATE at term 36 for changeToCandidate
2019-10-25 21:29:00,176 [Thread-849] INFO  impl.RoleInfo (RoleInfo.java:updateAndGet(143)) - fe8e0c84-158f-427e-8307-4b533a2376d4: start LeaderElection
2019-10-25 21:29:00,190 [fe8e0c84-158f-427e-8307-4b533a2376d4@group-B007A63A5CCA-LeaderElection47] INFO  impl.LeaderElection (LeaderElection.java:askForVotes(178)) - fe8e0c84-158f-427e-8307-4b533a2376d4@group-B007A63A5CCA-LeaderElection47: begin an election at term 37 for 0: [1e09a021-a6d7-4a53-819d-98ce6b091a77:192.168.34.41:46402, b43dc2d2-5265-4a31-922b-3f50c0227a2c:192.168.34.41:35789, fe8e0c84-158f-427e-8307-4b533a2376d4:192.168.34.41:37955], old=null
2019-10-25 21:29:00,193 [grpc-default-executor-3] INFO  impl.RaftServerImpl (RaftServerImpl.java:setRole(184)) - 1e09a021-a6d7-4a53-819d-98ce6b091a77@group-B007A63A5CCA: changes role from  FOLLOWER to FOLLOWER at term 37 for recognizeCandidate:fe8e0c84-158f-427e-8307-4b533a2376d4
2019-10-25 21:29:00,194 [grpc-default-executor-3] INFO  impl.RoleInfo (RoleInfo.java:shutdownFollowerState(121)) - 1e09a021-a6d7-4a53-819d-98ce6b091a77: shutdown FollowerState
2019-10-25 21:29:00,194 [grpc-default-executor-3] INFO  impl.RoleInfo (RoleInfo.java:updateAndGet(143)) - 1e09a021-a6d7-4a53-819d-98ce6b091a77: start FollowerState
2019-10-25 21:29:00,194 [Thread-848] INFO  impl.FollowerState (FollowerState.java:run(117)) - 1e09a021-a6d7-4a53-819d-98ce6b091a77@group-B007A63A5CCA-FollowerState was interrupted: java.lang.InterruptedException: sleep interrupted
2019-10-25 21:29:00,194 [grpc-default-executor-0] INFO  impl.RaftServerImpl (RaftServerImpl.java:setRole(184)) - b43dc2d2-5265-4a31-922b-3f50c0227a2c@group-B007A63A5CCA: changes role from  FOLLOWER to FOLLOWER at term 37 for recognizeCandidate:fe8e0c84-158f-427e-8307-4b533a2376d4
2019-10-25 21:29:00,194 [grpc-default-executor-0] INFO  impl.RoleInfo (RoleInfo.java:shutdownFollowerState(121)) - b43dc2d2-5265-4a31-922b-3f50c0227a2c: shutdown FollowerState
2019-10-25 21:29:00,194 [grpc-default-executor-0] INFO  impl.RoleInfo (RoleInfo.java:updateAndGet(143)) - b43dc2d2-5265-4a31-922b-3f50c0227a2c: start FollowerState
2019-10-25 21:29:00,194 [Thread-847] INFO  impl.FollowerState (FollowerState.java:run(117)) - b43dc2d2-5265-4a31-922b-3f50c0227a2c@group-B007A63A5CCA-FollowerState was interrupted: java.lang.InterruptedException: sleep interrupted
2019-10-25 21:29:00,210 [fe8e0c84-158f-427e-8307-4b533a2376d4@group-B007A63A5CCA-LeaderElection47] INFO  impl.LeaderElection (LeaderElection.java:logAndReturn(56)) - fe8e0c84-158f-427e-8307-4b533a2376d4@group-B007A63A5CCA-LeaderElection47: Election REJECTED; received 2 response(s) [fe8e0c84-158f-427e-8307-4b533a2376d4<-1e09a021-a6d7-4a53-819d-98ce6b091a77#0:FAIL-t37, fe8e0c84-158f-427e-8307-4b533a2376d4<-b43dc2d2-5265-4a31-922b-3f50c0227a2c#0:FAIL-t37] and 0 exception(s); fe8e0c84-158f-427e-8307-4b533a2376d4@group-B007A63A5CCA:t37, leader=null, voted=fe8e0c84-158f-427e-8307-4b533a2376d4, raftlog=fe8e0c84-158f-427e-8307-4b533a2376d4@group-B007A63A5CCA-SegmentedRaftLog:OPENED:c3,f4,i4, conf=0: [1e09a021-a6d7-4a53-819d-98ce6b091a77:192.168.34.41:46402, b43dc2d2-5265-4a31-922b-3f50c0227a2c:192.168.34.41:35789, fe8e0c84-158f-427e-8307-4b533a2376d4:192.168.34.41:37955], old=null
2019-10-25 21:29:00,210 [fe8e0c84-158f-427e-8307-4b533a2376d4@group-B007A63A5CCA-LeaderElection47] INFO  impl.RaftServerImpl (RaftServerImpl.java:setRole(184)) - fe8e0c84-158f-427e-8307-4b533a2376d4@group-B007A63A5CCA: changes role from CANDIDATE to FOLLOWER at term 37 for DISCOVERED_A_NEW_TERM
2019-10-25 21:29:00,210 [fe8e0c84-158f-427e-8307-4b533a2376d4@group-B007A63A5CCA-LeaderElection47] INFO  impl.RoleInfo (RoleInfo.java:shutdownLeaderElection(134)) - fe8e0c84-158f-427e-8307-4b533a2376d4: shutdown LeaderElection
2019-10-25 21:29:00,210 [fe8e0c84-158f-427e-8307-4b533a2376d4@group-B007A63A5CCA-LeaderElection47] INFO  impl.RoleInfo (RoleInfo.java:updateAndGet(143)) - fe8e0c84-158f-427e-8307-4b533a2376d4: start FollowerState
2019-10-25 21:29:00,381 [Thread-858] INFO  impl.FollowerState (FollowerState.java:run(108)) - fe8e0c84-158f-427e-8307-4b533a2376d4@group-B007A63A5CCA-FollowerState: change to CANDIDATE, lastRpcTime:170ms, electionTimeout:170ms
2019-10-25 21:29:00,381 [Thread-858] INFO  impl.RoleInfo (RoleInfo.java:shutdownFollowerState(121)) - fe8e0c84-158f-427e-8307-4b533a2376d4: shutdown FollowerState
2019-10-25 21:29:00,381 [Thread-858] INFO  impl.RaftServerImpl (RaftServerImpl.java:setRole(184)) - fe8e0c84-158f-427e-8307-4b533a2376d4@group-B007A63A5CCA: changes role from  FOLLOWER to CANDIDATE at term 37 for changeToCandidate
2019-10-25 21:29:00,381 [Thread-858] INFO  impl.RoleInfo (RoleInfo.java:updateAndGet(143)) - fe8e0c84-158f-427e-8307-4b533a2376d4: start LeaderElection
2019-10-25 21:29:00,396 [fe8e0c84-158f-427e-8307-4b533a2376d4@group-B007A63A5CCA-LeaderElection48] INFO  impl.LeaderElection (LeaderElection.java:askForVotes(178)) - fe8e0c84-158f-427e-8307-4b533a2376d4@group-B007A63A5CCA-LeaderElection48: begin an election at term 38 for 0: [1e09a021-a6d7-4a53-819d-98ce6b091a77:192.168.34.41:46402, b43dc2d2-5265-4a31-922b-3f50c0227a2c:192.168.34.41:35789, fe8e0c84-158f-427e-8307-4b533a2376d4:192.168.34.41:37955], old=null
2019-10-25 21:29:00,399 [grpc-default-executor-0] INFO  impl.RaftServerImpl (RaftServerImpl.java:setRole(184)) - 1e09a021-a6d7-4a53-819d-98ce6b091a77@group-B007A63A5CCA: changes role from  FOLLOWER to FOLLOWER at term 38 for recognizeCandidate:fe8e0c84-158f-427e-8307-4b533a2376d4
2019-10-25 21:29:00,399 [grpc-default-executor-0] INFO  impl.RoleInfo (RoleInfo.java:shutdownFollowerState(121)) - 1e09a021-a6d7-4a53-819d-98ce6b091a77: shutdown FollowerState
2019-10-25 21:29:00,400 [grpc-default-executor-0] INFO  impl.RoleInfo (RoleInfo.java:updateAndGet(143)) - 1e09a021-a6d7-4a53-819d-98ce6b091a77: start FollowerState
2019-10-25 21:29:00,400 [grpc-default-executor-3] INFO  impl.RaftServerImpl (RaftServerImpl.java:setRole(184)) - b43dc2d2-5265-4a31-922b-3f50c0227a2c@group-B007A63A5CCA: changes role from  FOLLOWER to FOLLOWER at term 38 for recognizeCandidate:fe8e0c84-158f-427e-8307-4b533a2376d4
2019-10-25 21:29:00,400 [Thread-856] INFO  impl.FollowerState (FollowerState.java:run(117)) - 1e09a021-a6d7-4a53-819d-98ce6b091a77@group-B007A63A5CCA-FollowerState was interrupted: java.lang.InterruptedException: sleep interrupted
2019-10-25 21:29:00,400 [grpc-default-executor-3] INFO  impl.RoleInfo (RoleInfo.java:shutdownFollowerState(121)) - b43dc2d2-5265-4a31-922b-3f50c0227a2c: shutdown FollowerState
2019-10-25 21:29:00,400 [grpc-default-executor-3] INFO  impl.RoleInfo (RoleInfo.java:updateAndGet(143)) - b43dc2d2-5265-4a31-922b-3f50c0227a2c: start FollowerState
2019-10-25 21:29:00,400 [Thread-857] INFO  impl.FollowerState (FollowerState.java:run(117)) - b43dc2d2-5265-4a31-922b-3f50c0227a2c@group-B007A63A5CCA-FollowerState was interrupted: java.lang.InterruptedException: sleep interrupted
2019-10-25 21:29:00,415 [fe8e0c84-158f-427e-8307-4b533a2376d4@group-B007A63A5CCA-LeaderElection48] INFO  impl.LeaderElection (LeaderElection.java:logAndReturn(56)) - fe8e0c84-158f-427e-8307-4b533a2376d4@group-B007A63A5CCA-LeaderElection48: Election REJECTED; received 2 response(s) [fe8e0c84-158f-427e-8307-4b533a2376d4<-1e09a021-a6d7-4a53-819d-98ce6b091a77#0:FAIL-t38, fe8e0c84-158f-427e-8307-4b533a2376d4<-b43dc2d2-5265-4a31-922b-3f50c0227a2c#0:FAIL-t38] and 0 exception(s); fe8e0c84-158f-427e-8307-4b533a2376d4@group-B007A63A5CCA:t38, leader=null, voted=fe8e0c84-158f-427e-8307-4b533a2376d4, raftlog=fe8e0c84-158f-427e-8307-4b533a2376d4@group-B007A63A5CCA-SegmentedRaftLog:OPENED:c3,f4,i4, conf=0: [1e09a021-a6d7-4a53-819d-98ce6b091a77:192.168.34.41:46402, b43dc2d2-5265-4a31-922b-3f50c0227a2c:192.168.34.41:35789, fe8e0c84-158f-427e-8307-4b533a2376d4:192.168.34.41:37955], old=null
2019-10-25 21:29:00,416 [fe8e0c84-158f-427e-8307-4b533a2376d4@group-B007A63A5CCA-LeaderElection48] INFO  impl.RaftServerImpl (RaftServerImpl.java:setRole(184)) - fe8e0c84-158f-427e-8307-4b533a2376d4@group-B007A63A5CCA: changes role from CANDIDATE to FOLLOWER at term 38 for DISCOVERED_A_NEW_TERM
2019-10-25 21:29:00,416 [fe8e0c84-158f-427e-8307-4b533a2376d4@group-B007A63A5CCA-LeaderElection48] INFO  impl.RoleInfo (RoleInfo.java:shutdownLeaderElection(134)) - fe8e0c84-158f-427e-8307-4b533a2376d4: shutdown LeaderElection
2019-10-25 21:29:00,416 [fe8e0c84-158f-427e-8307-4b533a2376d4@group-B007A63A5CCA-LeaderElection48] INFO  impl.RoleInfo (RoleInfo.java:updateAndGet(143)) - fe8e0c84-158f-427e-8307-4b533a2376d4: start FollowerState
2019-10-25 21:29:00,615 [Thread-864] INFO  impl.FollowerState (FollowerState.java:run(108)) - fe8e0c84-158f-427e-8307-4b533a2376d4@group-B007A63A5CCA-FollowerState: change to CANDIDATE, lastRpcTime:199ms, electionTimeout:199ms
2019-10-25 21:29:00,616 [Thread-864] INFO  impl.RoleInfo (RoleInfo.java:shutdownFollowerState(121)) - fe8e0c84-158f-427e-8307-4b533a2376d4: shutdown FollowerState
2019-10-25 21:29:00,616 [Thread-864] INFO  impl.RaftServerImpl (RaftServerImpl.java:setRole(184)) - fe8e0c84-158f-427e-8307-4b533a2376d4@group-B007A63A5CCA: changes role from  FOLLOWER to CANDIDATE at term 38 for changeToCandidate
2019-10-25 21:29:00,616 [Thread-864] INFO  impl.RoleInfo (RoleInfo.java:updateAndGet(143)) - fe8e0c84-158f-427e-8307-4b533a2376d4: start LeaderElection
2019-10-25 21:29:00,629 [fe8e0c84-158f-427e-8307-4b533a2376d4@group-B007A63A5CCA-LeaderElection49] INFO  impl.LeaderElection (LeaderElection.java:askForVotes(178)) - fe8e0c84-158f-427e-8307-4b533a2376d4@group-B007A63A5CCA-LeaderElection49: begin an election at term 39 for 0: [1e09a021-a6d7-4a53-819d-98ce6b091a77:192.168.34.41:46402, b43dc2d2-5265-4a31-922b-3f50c0227a2c:192.168.34.41:35789, fe8e0c84-158f-427e-8307-4b533a2376d4:192.168.34.41:37955], old=null
2019-10-25 21:29:00,632 [grpc-default-executor-0] INFO  impl.RaftServerImpl (RaftServerImpl.java:setRole(184)) - 1e09a021-a6d7-4a53-819d-98ce6b091a77@group-B007A63A5CCA: changes role from  FOLLOWER to FOLLOWER at term 39 for recognizeCandidate:fe8e0c84-158f-427e-8307-4b533a2376d4
2019-10-25 21:29:00,632 [grpc-default-executor-0] INFO  impl.RoleInfo (RoleInfo.java:shutdownFollowerState(121)) - 1e09a021-a6d7-4a53-819d-98ce6b091a77: shutdown FollowerState
2019-10-25 21:29:00,633 [grpc-default-executor-0] INFO  impl.RoleInfo (RoleInfo.java:updateAndGet(143)) - 1e09a021-a6d7-4a53-819d-98ce6b091a77: start FollowerState
2019-10-25 21:29:00,633 [grpc-default-executor-3] INFO  impl.RaftServerImpl (RaftServerImpl.java:setRole(184)) - b43dc2d2-5265-4a31-922b-3f50c0227a2c@group-B007A63A5CCA: changes role from  FOLLOWER to FOLLOWER at term 39 for recognizeCandidate:fe8e0c84-158f-427e-8307-4b533a2376d4
2019-10-25 21:29:00,633 [grpc-default-executor-3] INFO  impl.RoleInfo (RoleInfo.java:shutdownFollowerState(121)) - b43dc2d2-5265-4a31-922b-3f50c0227a2c: shutdown FollowerState
2019-10-25 21:29:00,633 [Thread-862] INFO  impl.FollowerState (FollowerState.java:run(117)) - 1e09a021-a6d7-4a53-819d-98ce6b091a77@group-B007A63A5CCA-FollowerState was interrupted: java.lang.InterruptedException: sleep interrupted
2019-10-25 21:29:00,633 [Thread-863] INFO  impl.FollowerState (FollowerState.java:run(117)) - b43dc2d2-5265-4a31-922b-3f50c0227a2c@group-B007A63A5CCA-FollowerState was interrupted: java.lang.InterruptedException: sleep interrupted
2019-10-25 21:29:00,633 [grpc-default-executor-3] INFO  impl.RoleInfo (RoleInfo.java:updateAndGet(143)) - b43dc2d2-5265-4a31-922b-3f50c0227a2c: start FollowerState
2019-10-25 21:29:00,643 [BlockDeletingService#2] WARN  background.BlockDeletingService (BlockDeletingService.java:isDeletionAllowed(187)) - Close Container log Index 6 is not replicated across allthe servers in the pipeline 69397456-ee7f-4bbb-8423-b007a63a5cca as the min replicated index is 4. Deletion is not allowed in this container yet.
2019-10-25 21:29:00,643 [BlockDeletingService#2] WARN  background.BlockDeletingService (BlockDeletingService.java:isDeletionAllowed(187)) - Close Container log Index 6 is not replicated across allthe servers in the pipeline 69397456-ee7f-4bbb-8423-b007a63a5cca as the min replicated index is 4. Deletion is not allowed in this container yet.
2019-10-25 21:29:00,648 [fe8e0c84-158f-427e-8307-4b533a2376d4@group-B007A63A5CCA-LeaderElection49] INFO  impl.LeaderElection (LeaderElection.java:logAndReturn(56)) - fe8e0c84-158f-427e-8307-4b533a2376d4@group-B007A63A5CCA-LeaderElection49: Election REJECTED; received 2 response(s) [fe8e0c84-158f-427e-8307-4b533a2376d4<-1e09a021-a6d7-4a53-819d-98ce6b091a77#0:FAIL-t39, fe8e0c84-158f-427e-8307-4b533a2376d4<-b43dc2d2-5265-4a31-922b-3f50c0227a2c#0:FAIL-t39] and 0 exception(s); fe8e0c84-158f-427e-8307-4b533a2376d4@group-B007A63A5CCA:t39, leader=null, voted=fe8e0c84-158f-427e-8307-4b533a2376d4, raftlog=fe8e0c84-158f-427e-8307-4b533a2376d4@group-B007A63A5CCA-SegmentedRaftLog:OPENED:c3,f4,i4, conf=0: [1e09a021-a6d7-4a53-819d-98ce6b091a77:192.168.34.41:46402, b43dc2d2-5265-4a31-922b-3f50c0227a2c:192.168.34.41:35789, fe8e0c84-158f-427e-8307-4b533a2376d4:192.168.34.41:37955], old=null
2019-10-25 21:29:00,648 [fe8e0c84-158f-427e-8307-4b533a2376d4@group-B007A63A5CCA-LeaderElection49] INFO  impl.RaftServerImpl (RaftServerImpl.java:setRole(184)) - fe8e0c84-158f-427e-8307-4b533a2376d4@group-B007A63A5CCA: changes role from CANDIDATE to FOLLOWER at term 39 for DISCOVERED_A_NEW_TERM
2019-10-25 21:29:00,648 [fe8e0c84-158f-427e-8307-4b533a2376d4@group-B007A63A5CCA-LeaderElection49] INFO  impl.RoleInfo (RoleInfo.java:shutdownLeaderElection(134)) - fe8e0c84-158f-427e-8307-4b533a2376d4: shutdown LeaderElection
2019-10-25 21:29:00,648 [fe8e0c84-158f-427e-8307-4b533a2376d4@group-B007A63A5CCA-LeaderElection49] INFO  impl.RoleInfo (RoleInfo.java:updateAndGet(143)) - fe8e0c84-158f-427e-8307-4b533a2376d4: start FollowerState
2019-10-25 21:29:00,699 [Thread-872] INFO  impl.FollowerState (FollowerState.java:run(108)) - fe8e0c84-158f-427e-8307-4b533a2376d4@group-B007A63A5CCA-FollowerState: change to CANDIDATE, lastRpcTime:50ms, electionTimeout:50ms
2019-10-25 21:29:00,699 [Thread-872] INFO  impl.RoleInfo (RoleInfo.java:shutdownFollowerState(121)) - fe8e0c84-158f-427e-8307-4b533a2376d4: shutdown FollowerState
2019-10-25 21:29:00,699 [Thread-872] INFO  impl.RaftServerImpl (RaftServerImpl.java:setRole(184)) - fe8e0c84-158f-427e-8307-4b533a2376d4@group-B007A63A5CCA: changes role from  FOLLOWER to CANDIDATE at term 39 for changeToCandidate
2019-10-25 21:29:00,699 [Thread-872] INFO  impl.RoleInfo (RoleInfo.java:updateAndGet(143)) - fe8e0c84-158f-427e-8307-4b533a2376d4: start LeaderElection
2019-10-25 21:29:00,712 [fe8e0c84-158f-427e-8307-4b533a2376d4@group-B007A63A5CCA-LeaderElection50] INFO  impl.LeaderElection (LeaderElection.java:askForVotes(178)) - fe8e0c84-158f-427e-8307-4b533a2376d4@group-B007A63A5CCA-LeaderElection50: begin an election at term 40 for 0: [1e09a021-a6d7-4a53-819d-98ce6b091a77:192.168.34.41:46402, b43dc2d2-5265-4a31-922b-3f50c0227a2c:192.168.34.41:35789, fe8e0c84-158f-427e-8307-4b533a2376d4:192.168.34.41:37955], old=null
2019-10-25 21:29:00,714 [grpc-default-executor-0] INFO  impl.RaftServerImpl (RaftServerImpl.java:setRole(184)) - 1e09a021-a6d7-4a53-819d-98ce6b091a77@group-B007A63A5CCA: changes role from  FOLLOWER to FOLLOWER at term 40 for recognizeCandidate:fe8e0c84-158f-427e-8307-4b533a2376d4
2019-10-25 21:29:00,714 [grpc-default-executor-0] INFO  impl.RoleInfo (RoleInfo.java:shutdownFollowerState(121)) - 1e09a021-a6d7-4a53-819d-98ce6b091a77: shutdown FollowerState
2019-10-25 21:29:00,714 [grpc-default-executor-0] INFO  impl.RoleInfo (RoleInfo.java:updateAndGet(143)) - 1e09a021-a6d7-4a53-819d-98ce6b091a77: start FollowerState
2019-10-25 21:29:00,714 [Thread-868] INFO  impl.FollowerState (FollowerState.java:run(117)) - 1e09a021-a6d7-4a53-819d-98ce6b091a77@group-B007A63A5CCA-FollowerState was interrupted: java.lang.InterruptedException: sleep interrupted
2019-10-25 21:29:00,715 [grpc-default-executor-3] INFO  impl.RaftServerImpl (RaftServerImpl.java:setRole(184)) - b43dc2d2-5265-4a31-922b-3f50c0227a2c@group-B007A63A5CCA: changes role from  FOLLOWER to FOLLOWER at term 40 for recognizeCandidate:fe8e0c84-158f-427e-8307-4b533a2376d4
2019-10-25 21:29:00,715 [grpc-default-executor-3] INFO  impl.RoleInfo (RoleInfo.java:shutdownFollowerState(121)) - b43dc2d2-5265-4a31-922b-3f50c0227a2c: shutdown FollowerState
2019-10-25 21:29:00,715 [grpc-default-executor-3] INFO  impl.RoleInfo (RoleInfo.java:updateAndGet(143)) - b43dc2d2-5265-4a31-922b-3f50c0227a2c: start FollowerState
2019-10-25 21:29:00,715 [Thread-869] INFO  impl.FollowerState (FollowerState.java:run(117)) - b43dc2d2-5265-4a31-922b-3f50c0227a2c@group-B007A63A5CCA-FollowerState was interrupted: java.lang.InterruptedException: sleep interrupted
2019-10-25 21:29:00,728 [fe8e0c84-158f-427e-8307-4b533a2376d4@group-B007A63A5CCA-LeaderElection50] INFO  impl.LeaderElection (LeaderElection.java:logAndReturn(56)) - fe8e0c84-158f-427e-8307-4b533a2376d4@group-B007A63A5CCA-LeaderElection50: Election REJECTED; received 2 response(s) [fe8e0c84-158f-427e-8307-4b533a2376d4<-1e09a021-a6d7-4a53-819d-98ce6b091a77#0:FAIL-t40, fe8e0c84-158f-427e-8307-4b533a2376d4<-b43dc2d2-5265-4a31-922b-3f50c0227a2c#0:FAIL-t40] and 0 exception(s); fe8e0c84-158f-427e-8307-4b533a2376d4@group-B007A63A5CCA:t40, leader=null, voted=fe8e0c84-158f-427e-8307-4b533a2376d4, raftlog=fe8e0c84-158f-427e-8307-4b533a2376d4@group-B007A63A5CCA-SegmentedRaftLog:OPENED:c3,f4,i4, conf=0: [1e09a021-a6d7-4a53-819d-98ce6b091a77:192.168.34.41:46402, b43dc2d2-5265-4a31-922b-3f50c0227a2c:192.168.34.41:35789, fe8e0c84-158f-427e-8307-4b533a2376d4:192.168.34.41:37955], old=null
2019-10-25 21:29:00,728 [fe8e0c84-158f-427e-8307-4b533a2376d4@group-B007A63A5CCA-LeaderElection50] INFO  impl.RaftServerImpl (RaftServerImpl.java:setRole(184)) - fe8e0c84-158f-427e-8307-4b533a2376d4@group-B007A63A5CCA: changes role from CANDIDATE to FOLLOWER at term 40 for DISCOVERED_A_NEW_TERM
2019-10-25 21:29:00,728 [fe8e0c84-158f-427e-8307-4b533a2376d4@group-B007A63A5CCA-LeaderElection50] INFO  impl.RoleInfo (RoleInfo.java:shutdownLeaderElection(134)) - fe8e0c84-158f-427e-8307-4b533a2376d4: shutdown LeaderElection
2019-10-25 21:29:00,728 [fe8e0c84-158f-427e-8307-4b533a2376d4@group-B007A63A5CCA-LeaderElection50] INFO  impl.RoleInfo (RoleInfo.java:updateAndGet(143)) - fe8e0c84-158f-427e-8307-4b533a2376d4: start FollowerState
2019-10-25 21:29:00,837 [Thread-879] INFO  impl.FollowerState (FollowerState.java:run(108)) - fe8e0c84-158f-427e-8307-4b533a2376d4@group-B007A63A5CCA-FollowerState: change to CANDIDATE, lastRpcTime:108ms, electionTimeout:108ms
2019-10-25 21:29:00,837 [Thread-879] INFO  impl.RoleInfo (RoleInfo.java:shutdownFollowerState(121)) - fe8e0c84-158f-427e-8307-4b533a2376d4: shutdown FollowerState
2019-10-25 21:29:00,837 [Thread-879] INFO  impl.RaftServerImpl (RaftServerImpl.java:setRole(184)) - fe8e0c84-158f-427e-8307-4b533a2376d4@group-B007A63A5CCA: changes role from  FOLLOWER to CANDIDATE at term 40 for changeToCandidate
2019-10-25 21:29:00,838 [Thread-879] INFO  impl.RoleInfo (RoleInfo.java:updateAndGet(143)) - fe8e0c84-158f-427e-8307-4b533a2376d4: start LeaderElection
2019-10-25 21:29:00,852 [fe8e0c84-158f-427e-8307-4b533a2376d4@group-B007A63A5CCA-LeaderElection51] INFO  impl.LeaderElection (LeaderElection.java:askForVotes(178)) - fe8e0c84-158f-427e-8307-4b533a2376d4@group-B007A63A5CCA-LeaderElection51: begin an election at term 41 for 0: [1e09a021-a6d7-4a53-819d-98ce6b091a77:192.168.34.41:46402, b43dc2d2-5265-4a31-922b-3f50c0227a2c:192.168.34.41:35789, fe8e0c84-158f-427e-8307-4b533a2376d4:192.168.34.41:37955], old=null
2019-10-25 21:29:00,856 [grpc-default-executor-0] INFO  impl.RaftServerImpl (RaftServerImpl.java:setRole(184)) - 1e09a021-a6d7-4a53-819d-98ce6b091a77@group-B007A63A5CCA: changes role from  FOLLOWER to FOLLOWER at term 41 for recognizeCandidate:fe8e0c84-158f-427e-8307-4b533a2376d4
2019-10-25 21:29:00,856 [grpc-default-executor-0] INFO  impl.RoleInfo (RoleInfo.java:shutdownFollowerState(121)) - 1e09a021-a6d7-4a53-819d-98ce6b091a77: shutdown FollowerState
2019-10-25 21:29:00,856 [grpc-default-executor-0] INFO  impl.RoleInfo (RoleInfo.java:updateAndGet(143)) - 1e09a021-a6d7-4a53-819d-98ce6b091a77: start FollowerState
2019-10-25 21:29:00,857 [Thread-876] INFO  impl.FollowerState (FollowerState.java:run(117)) - 1e09a021-a6d7-4a53-819d-98ce6b091a77@group-B007A63A5CCA-FollowerState was interrupted: java.lang.InterruptedException: sleep interrupted
2019-10-25 21:29:00,857 [grpc-default-executor-3] INFO  impl.RaftServerImpl (RaftServerImpl.java:setRole(184)) - b43dc2d2-5265-4a31-922b-3f50c0227a2c@group-B007A63A5CCA: changes role from  FOLLOWER to FOLLOWER at term 41 for recognizeCandidate:fe8e0c84-158f-427e-8307-4b533a2376d4
2019-10-25 21:29:00,857 [grpc-default-executor-3] INFO  impl.RoleInfo (RoleInfo.java:shutdownFollowerState(121)) - b43dc2d2-5265-4a31-922b-3f50c0227a2c: shutdown FollowerState
2019-10-25 21:29:00,857 [grpc-default-executor-3] INFO  impl.RoleInfo (RoleInfo.java:updateAndGet(143)) - b43dc2d2-5265-4a31-922b-3f50c0227a2c: start FollowerState
2019-10-25 21:29:00,857 [Thread-877] INFO  impl.FollowerState (FollowerState.java:run(117)) - b43dc2d2-5265-4a31-922b-3f50c0227a2c@group-B007A63A5CCA-FollowerState was interrupted: java.lang.InterruptedException: sleep interrupted
2019-10-25 21:29:00,876 [fe8e0c84-158f-427e-8307-4b533a2376d4@group-B007A63A5CCA-LeaderElection51] INFO  impl.LeaderElection (LeaderElection.java:logAndReturn(56)) - fe8e0c84-158f-427e-8307-4b533a2376d4@group-B007A63A5CCA-LeaderElection51: Election REJECTED; received 2 response(s) [fe8e0c84-158f-427e-8307-4b533a2376d4<-1e09a021-a6d7-4a53-819d-98ce6b091a77#0:FAIL-t41, fe8e0c84-158f-427e-8307-4b533a2376d4<-b43dc2d2-5265-4a31-922b-3f50c0227a2c#0:FAIL-t41] and 0 exception(s); fe8e0c84-158f-427e-8307-4b533a2376d4@group-B007A63A5CCA:t41, leader=null, voted=fe8e0c84-158f-427e-8307-4b533a2376d4, raftlog=fe8e0c84-158f-427e-8307-4b533a2376d4@group-B007A63A5CCA-SegmentedRaftLog:OPENED:c3,f4,i4, conf=0: [1e09a021-a6d7-4a53-819d-98ce6b091a77:192.168.34.41:46402, b43dc2d2-5265-4a31-922b-3f50c0227a2c:192.168.34.41:35789, fe8e0c84-158f-427e-8307-4b533a2376d4:192.168.34.41:37955], old=null
2019-10-25 21:29:00,876 [fe8e0c84-158f-427e-8307-4b533a2376d4@group-B007A63A5CCA-LeaderElection51] INFO  impl.RaftServerImpl (RaftServerImpl.java:setRole(184)) - fe8e0c84-158f-427e-8307-4b533a2376d4@group-B007A63A5CCA: changes role from CANDIDATE to FOLLOWER at term 41 for DISCOVERED_A_NEW_TERM
2019-10-25 21:29:00,877 [fe8e0c84-158f-427e-8307-4b533a2376d4@group-B007A63A5CCA-LeaderElection51] INFO  impl.RoleInfo (RoleInfo.java:shutdownLeaderElection(134)) - fe8e0c84-158f-427e-8307-4b533a2376d4: shutdown LeaderElection
2019-10-25 21:29:00,877 [fe8e0c84-158f-427e-8307-4b533a2376d4@group-B007A63A5CCA-LeaderElection51] INFO  impl.RoleInfo (RoleInfo.java:updateAndGet(143)) - fe8e0c84-158f-427e-8307-4b533a2376d4: start FollowerState
2019-10-25 21:29:00,985 [Thread-885] INFO  impl.FollowerState (FollowerState.java:run(108)) - fe8e0c84-158f-427e-8307-4b533a2376d4@group-B007A63A5CCA-FollowerState: change to CANDIDATE, lastRpcTime:108ms, electionTimeout:108ms
2019-10-25 21:29:00,986 [Thread-885] INFO  impl.RoleInfo (RoleInfo.java:shutdownFollowerState(121)) - fe8e0c84-158f-427e-8307-4b533a2376d4: shutdown FollowerState
2019-10-25 21:29:00,986 [Thread-885] INFO  impl.RaftServerImpl (RaftServerImpl.java:setRole(184)) - fe8e0c84-158f-427e-8307-4b533a2376d4@group-B007A63A5CCA: changes role from  FOLLOWER to CANDIDATE at term 41 for changeToCandidate
2019-10-25 21:29:00,986 [Thread-885] INFO  impl.RoleInfo (RoleInfo.java:updateAndGet(143)) - fe8e0c84-158f-427e-8307-4b533a2376d4: start LeaderElection
2019-10-25 21:29:01,001 [fe8e0c84-158f-427e-8307-4b533a2376d4@group-B007A63A5CCA-LeaderElection52] INFO  impl.LeaderElection (LeaderElection.java:askForVotes(178)) - fe8e0c84-158f-427e-8307-4b533a2376d4@group-B007A63A5CCA-LeaderElection52: begin an election at term 42 for 0: [1e09a021-a6d7-4a53-819d-98ce6b091a77:192.168.34.41:46402, b43dc2d2-5265-4a31-922b-3f50c0227a2c:192.168.34.41:35789, fe8e0c84-158f-427e-8307-4b533a2376d4:192.168.34.41:37955], old=null
2019-10-25 21:29:01,004 [grpc-default-executor-0] INFO  impl.RaftServerImpl (RaftServerImpl.java:setRole(184)) - 1e09a021-a6d7-4a53-819d-98ce6b091a77@group-B007A63A5CCA: changes role from  FOLLOWER to FOLLOWER at term 42 for recognizeCandidate:fe8e0c84-158f-427e-8307-4b533a2376d4
2019-10-25 21:29:01,004 [grpc-default-executor-0] INFO  impl.RoleInfo (RoleInfo.java:shutdownFollowerState(121)) - 1e09a021-a6d7-4a53-819d-98ce6b091a77: shutdown FollowerState
2019-10-25 21:29:01,004 [grpc-default-executor-0] INFO  impl.RoleInfo (RoleInfo.java:updateAndGet(143)) - 1e09a021-a6d7-4a53-819d-98ce6b091a77: start FollowerState
2019-10-25 21:29:01,004 [Thread-883] INFO  impl.FollowerState (FollowerState.java:run(117)) - 1e09a021-a6d7-4a53-819d-98ce6b091a77@group-B007A63A5CCA-FollowerState was interrupted: java.lang.InterruptedException: sleep interrupted
2019-10-25 21:29:01,004 [grpc-default-executor-3] INFO  impl.RaftServerImpl (RaftServerImpl.java:setRole(184)) - b43dc2d2-5265-4a31-922b-3f50c0227a2c@group-B007A63A5CCA: changes role from  FOLLOWER to FOLLOWER at term 42 for recognizeCandidate:fe8e0c84-158f-427e-8307-4b533a2376d4
2019-10-25 21:29:01,004 [grpc-default-executor-3] INFO  impl.RoleInfo (RoleInfo.java:shutdownFollowerState(121)) - b43dc2d2-5265-4a31-922b-3f50c0227a2c: shutdown FollowerState
2019-10-25 21:29:01,005 [grpc-default-executor-3] INFO  impl.RoleInfo (RoleInfo.java:updateAndGet(143)) - b43dc2d2-5265-4a31-922b-3f50c0227a2c: start FollowerState
2019-10-25 21:29:01,005 [Thread-884] INFO  impl.FollowerState (FollowerState.java:run(117)) - b43dc2d2-5265-4a31-922b-3f50c0227a2c@group-B007A63A5CCA-FollowerState was interrupted: java.lang.InterruptedException: sleep interrupted
2019-10-25 21:29:01,018 [fe8e0c84-158f-427e-8307-4b533a2376d4@group-B007A63A5CCA-LeaderElection52] INFO  impl.LeaderElection (LeaderElection.java:logAndReturn(56)) - fe8e0c84-158f-427e-8307-4b533a2376d4@group-B007A63A5CCA-LeaderElection52: Election REJECTED; received 2 response(s) [fe8e0c84-158f-427e-8307-4b533a2376d4<-1e09a021-a6d7-4a53-819d-98ce6b091a77#0:FAIL-t42, fe8e0c84-158f-427e-8307-4b533a2376d4<-b43dc2d2-5265-4a31-922b-3f50c0227a2c#0:FAIL-t42] and 0 exception(s); fe8e0c84-158f-427e-8307-4b533a2376d4@group-B007A63A5CCA:t42, leader=null, voted=fe8e0c84-158f-427e-8307-4b533a2376d4, raftlog=fe8e0c84-158f-427e-8307-4b533a2376d4@group-B007A63A5CCA-SegmentedRaftLog:OPENED:c3,f4,i4, conf=0: [1e09a021-a6d7-4a53-819d-98ce6b091a77:192.168.34.41:46402, b43dc2d2-5265-4a31-922b-3f50c0227a2c:192.168.34.41:35789, fe8e0c84-158f-427e-8307-4b533a2376d4:192.168.34.41:37955], old=null
2019-10-25 21:29:01,019 [fe8e0c84-158f-427e-8307-4b533a2376d4@group-B007A63A5CCA-LeaderElection52] INFO  impl.RaftServerImpl (RaftServerImpl.java:setRole(184)) - fe8e0c84-158f-427e-8307-4b533a2376d4@group-B007A63A5CCA: changes role from CANDIDATE to FOLLOWER at term 42 for DISCOVERED_A_NEW_TERM
2019-10-25 21:29:01,019 [fe8e0c84-158f-427e-8307-4b533a2376d4@group-B007A63A5CCA-LeaderElection52] INFO  impl.RoleInfo (RoleInfo.java:shutdownLeaderElection(134)) - fe8e0c84-158f-427e-8307-4b533a2376d4: shutdown LeaderElection
2019-10-25 21:29:01,019 [fe8e0c84-158f-427e-8307-4b533a2376d4@group-B007A63A5CCA-LeaderElection52] INFO  impl.RoleInfo (RoleInfo.java:updateAndGet(143)) - fe8e0c84-158f-427e-8307-4b533a2376d4: start FollowerState
2019-10-25 21:29:01,087 [Thread-893] INFO  client.GrpcClientProtocolService (GrpcClientProtocolService.java:lambda$processClientRequest$0(278)) - Failed RaftClientRequest:client-6DCA51C798D1->fe8e0c84-158f-427e-8307-4b533a2376d4@group-B007A63A5CCA, cid=10, seq=0, Watch-ALL_COMMITTED(6), Message:<EMPTY>, reply=RaftClientReply:client-6DCA51C798D1->fe8e0c84-158f-427e-8307-4b533a2376d4@group-B007A63A5CCA, cid=10, FAILED org.apache.ratis.protocol.NotLeaderException: Server fe8e0c84-158f-427e-8307-4b533a2376d4@group-B007A63A5CCA is not the leader, logIndex=0, commits[fe8e0c84-158f-427e-8307-4b533a2376d4:c3]
2019-10-25 21:29:01,171 [Thread-891] INFO  impl.FollowerState (FollowerState.java:run(108)) - fe8e0c84-158f-427e-8307-4b533a2376d4@group-B007A63A5CCA-FollowerState: change to CANDIDATE, lastRpcTime:152ms, electionTimeout:152ms
2019-10-25 21:29:01,172 [Thread-891] INFO  impl.RoleInfo (RoleInfo.java:shutdownFollowerState(121)) - fe8e0c84-158f-427e-8307-4b533a2376d4: shutdown FollowerState
2019-10-25 21:29:01,172 [Thread-891] INFO  impl.RaftServerImpl (RaftServerImpl.java:setRole(184)) - fe8e0c84-158f-427e-8307-4b533a2376d4@group-B007A63A5CCA: changes role from  FOLLOWER to CANDIDATE at term 42 for changeToCandidate
2019-10-25 21:29:01,172 [Thread-891] INFO  impl.RoleInfo (RoleInfo.java:updateAndGet(143)) - fe8e0c84-158f-427e-8307-4b533a2376d4: start LeaderElection
2019-10-25 21:29:01,194 [fe8e0c84-158f-427e-8307-4b533a2376d4@group-B007A63A5CCA-LeaderElection53] INFO  impl.LeaderElection (LeaderElection.java:askForVotes(178)) - fe8e0c84-158f-427e-8307-4b533a2376d4@group-B007A63A5CCA-LeaderElection53: begin an election at term 43 for 0: [1e09a021-a6d7-4a53-819d-98ce6b091a77:192.168.34.41:46402, b43dc2d2-5265-4a31-922b-3f50c0227a2c:192.168.34.41:35789, fe8e0c84-158f-427e-8307-4b533a2376d4:192.168.34.41:37955], old=null
2019-10-25 21:29:01,197 [grpc-default-executor-3] INFO  impl.RaftServerImpl (RaftServerImpl.java:setRole(184)) - 1e09a021-a6d7-4a53-819d-98ce6b091a77@group-B007A63A5CCA: changes role from  FOLLOWER to FOLLOWER at term 43 for recognizeCandidate:fe8e0c84-158f-427e-8307-4b533a2376d4
2019-10-25 21:29:01,197 [grpc-default-executor-3] INFO  impl.RoleInfo (RoleInfo.java:shutdownFollowerState(121)) - 1e09a021-a6d7-4a53-819d-98ce6b091a77: shutdown FollowerState
2019-10-25 21:29:01,197 [grpc-default-executor-0] INFO  impl.RaftServerImpl (RaftServerImpl.java:setRole(184)) - b43dc2d2-5265-4a31-922b-3f50c0227a2c@group-B007A63A5CCA: changes role from  FOLLOWER to FOLLOWER at term 43 for recognizeCandidate:fe8e0c84-158f-427e-8307-4b533a2376d4
2019-10-25 21:29:01,197 [Thread-889] INFO  impl.FollowerState (FollowerState.java:run(117)) - 1e09a021-a6d7-4a53-819d-98ce6b091a77@group-B007A63A5CCA-FollowerState was interrupted: java.lang.InterruptedException: sleep interrupted
2019-10-25 21:29:01,197 [grpc-default-executor-3] INFO  impl.RoleInfo (RoleInfo.java:updateAndGet(143)) - 1e09a021-a6d7-4a53-819d-98ce6b091a77: start FollowerState
2019-10-25 21:29:01,197 [grpc-default-executor-0] INFO  impl.RoleInfo (RoleInfo.java:shutdownFollowerState(121)) - b43dc2d2-5265-4a31-922b-3f50c0227a2c: shutdown FollowerState
2019-10-25 21:29:01,198 [grpc-default-executor-0] INFO  impl.RoleInfo (RoleInfo.java:updateAndGet(143)) - b43dc2d2-5265-4a31-922b-3f50c0227a2c: start FollowerState
2019-10-25 21:29:01,198 [Thread-890] INFO  impl.FollowerState (FollowerState.java:run(117)) - b43dc2d2-5265-4a31-922b-3f50c0227a2c@group-B007A63A5CCA-FollowerState was interrupted: java.lang.InterruptedException: sleep interrupted
2019-10-25 21:29:01,212 [fe8e0c84-158f-427e-8307-4b533a2376d4@group-B007A63A5CCA-LeaderElection53] INFO  impl.LeaderElection (LeaderElection.java:logAndReturn(56)) - fe8e0c84-158f-427e-8307-4b533a2376d4@group-B007A63A5CCA-LeaderElection53: Election REJECTED; received 2 response(s) [fe8e0c84-158f-427e-8307-4b533a2376d4<-1e09a021-a6d7-4a53-819d-98ce6b091a77#0:FAIL-t43, fe8e0c84-158f-427e-8307-4b533a2376d4<-b43dc2d2-5265-4a31-922b-3f50c0227a2c#0:FAIL-t43] and 0 exception(s); fe8e0c84-158f-427e-8307-4b533a2376d4@group-B007A63A5CCA:t43, leader=null, voted=fe8e0c84-158f-427e-8307-4b533a2376d4, raftlog=fe8e0c84-158f-427e-8307-4b533a2376d4@group-B007A63A5CCA-SegmentedRaftLog:OPENED:c3,f4,i4, conf=0: [1e09a021-a6d7-4a53-819d-98ce6b091a77:192.168.34.41:46402, b43dc2d2-5265-4a31-922b-3f50c0227a2c:192.168.34.41:35789, fe8e0c84-158f-427e-8307-4b533a2376d4:192.168.34.41:37955], old=null
2019-10-25 21:29:01,212 [fe8e0c84-158f-427e-8307-4b533a2376d4@group-B007A63A5CCA-LeaderElection53] INFO  impl.RaftServerImpl (RaftServerImpl.java:setRole(184)) - fe8e0c84-158f-427e-8307-4b533a2376d4@group-B007A63A5CCA: changes role from CANDIDATE to FOLLOWER at term 43 for DISCOVERED_A_NEW_TERM
2019-10-25 21:29:01,212 [fe8e0c84-158f-427e-8307-4b533a2376d4@group-B007A63A5CCA-LeaderElection53] INFO  impl.RoleInfo (RoleInfo.java:shutdownLeaderElection(134)) - fe8e0c84-158f-427e-8307-4b533a2376d4: shutdown LeaderElection
2019-10-25 21:29:01,213 [fe8e0c84-158f-427e-8307-4b533a2376d4@group-B007A63A5CCA-LeaderElection53] INFO  impl.RoleInfo (RoleInfo.java:updateAndGet(143)) - fe8e0c84-158f-427e-8307-4b533a2376d4: start FollowerState
2019-10-25 21:29:01,399 [Thread-900] INFO  impl.FollowerState (FollowerState.java:run(108)) - fe8e0c84-158f-427e-8307-4b533a2376d4@group-B007A63A5CCA-FollowerState: change to CANDIDATE, lastRpcTime:186ms, electionTimeout:186ms
2019-10-25 21:29:01,399 [Thread-900] INFO  impl.RoleInfo (RoleInfo.java:shutdownFollowerState(121)) - fe8e0c84-158f-427e-8307-4b533a2376d4: shutdown FollowerState
2019-10-25 21:29:01,399 [Thread-900] INFO  impl.RaftServerImpl (RaftServerImpl.java:setRole(184)) - fe8e0c84-158f-427e-8307-4b533a2376d4@group-B007A63A5CCA: changes role from  FOLLOWER to CANDIDATE at term 43 for changeToCandidate
2019-10-25 21:29:01,399 [Thread-900] INFO  impl.RoleInfo (RoleInfo.java:updateAndGet(143)) - fe8e0c84-158f-427e-8307-4b533a2376d4: start LeaderElection
2019-10-25 21:29:01,413 [fe8e0c84-158f-427e-8307-4b533a2376d4@group-B007A63A5CCA-LeaderElection54] INFO  impl.LeaderElection (LeaderElection.java:askForVotes(178)) - fe8e0c84-158f-427e-8307-4b533a2376d4@group-B007A63A5CCA-LeaderElection54: begin an election at term 44 for 0: [1e09a021-a6d7-4a53-819d-98ce6b091a77:192.168.34.41:46402, b43dc2d2-5265-4a31-922b-3f50c0227a2c:192.168.34.41:35789, fe8e0c84-158f-427e-8307-4b533a2376d4:192.168.34.41:37955], old=null
2019-10-25 21:29:01,417 [grpc-default-executor-3] INFO  impl.RaftServerImpl (RaftServerImpl.java:setRole(184)) - b43dc2d2-5265-4a31-922b-3f50c0227a2c@group-B007A63A5CCA: changes role from  FOLLOWER to FOLLOWER at term 44 for recognizeCandidate:fe8e0c84-158f-427e-8307-4b533a2376d4
2019-10-25 21:29:01,417 [grpc-default-executor-3] INFO  impl.RoleInfo (RoleInfo.java:shutdownFollowerState(121)) - b43dc2d2-5265-4a31-922b-3f50c0227a2c: shutdown FollowerState
2019-10-25 21:29:01,418 [grpc-default-executor-3] INFO  impl.RoleInfo (RoleInfo.java:updateAndGet(143)) - b43dc2d2-5265-4a31-922b-3f50c0227a2c: start FollowerState
2019-10-25 21:29:01,418 [Thread-899] INFO  impl.FollowerState (FollowerState.java:run(117)) - b43dc2d2-5265-4a31-922b-3f50c0227a2c@group-B007A63A5CCA-FollowerState was interrupted: java.lang.InterruptedException: sleep interrupted
2019-10-25 21:29:01,418 [grpc-default-executor-0] INFO  impl.RaftServerImpl (RaftServerImpl.java:setRole(184)) - 1e09a021-a6d7-4a53-819d-98ce6b091a77@group-B007A63A5CCA: changes role from  FOLLOWER to FOLLOWER at term 44 for recognizeCandidate:fe8e0c84-158f-427e-8307-4b533a2376d4
2019-10-25 21:29:01,418 [grpc-default-executor-0] INFO  impl.RoleInfo (RoleInfo.java:shutdownFollowerState(121)) - 1e09a021-a6d7-4a53-819d-98ce6b091a77: shutdown FollowerState
2019-10-25 21:29:01,418 [grpc-default-executor-0] INFO  impl.RoleInfo (RoleInfo.java:updateAndGet(143)) - 1e09a021-a6d7-4a53-819d-98ce6b091a77: start FollowerState
2019-10-25 21:29:01,418 [Thread-898] INFO  impl.FollowerState (FollowerState.java:run(117)) - 1e09a021-a6d7-4a53-819d-98ce6b091a77@group-B007A63A5CCA-FollowerState was interrupted: java.lang.InterruptedException: sleep interrupted
2019-10-25 21:29:01,433 [fe8e0c84-158f-427e-8307-4b533a2376d4@group-B007A63A5CCA-LeaderElection54] INFO  impl.LeaderElection (LeaderElection.java:logAndReturn(56)) - fe8e0c84-158f-427e-8307-4b533a2376d4@group-B007A63A5CCA-LeaderElection54: Election REJECTED; received 2 response(s) [fe8e0c84-158f-427e-8307-4b533a2376d4<-1e09a021-a6d7-4a53-819d-98ce6b091a77#0:FAIL-t44, fe8e0c84-158f-427e-8307-4b533a2376d4<-b43dc2d2-5265-4a31-922b-3f50c0227a2c#0:FAIL-t44] and 0 exception(s); fe8e0c84-158f-427e-8307-4b533a2376d4@group-B007A63A5CCA:t44, leader=null, voted=fe8e0c84-158f-427e-8307-4b533a2376d4, raftlog=fe8e0c84-158f-427e-8307-4b533a2376d4@group-B007A63A5CCA-SegmentedRaftLog:OPENED:c3,f4,i4, conf=0: [1e09a021-a6d7-4a53-819d-98ce6b091a77:192.168.34.41:46402, b43dc2d2-5265-4a31-922b-3f50c0227a2c:192.168.34.41:35789, fe8e0c84-158f-427e-8307-4b533a2376d4:192.168.34.41:37955], old=null
2019-10-25 21:29:01,433 [fe8e0c84-158f-427e-8307-4b533a2376d4@group-B007A63A5CCA-LeaderElection54] INFO  impl.RaftServerImpl (RaftServerImpl.java:setRole(184)) - fe8e0c84-158f-427e-8307-4b533a2376d4@group-B007A63A5CCA: changes role from CANDIDATE to FOLLOWER at term 44 for DISCOVERED_A_NEW_TERM
2019-10-25 21:29:01,433 [fe8e0c84-158f-427e-8307-4b533a2376d4@group-B007A63A5CCA-LeaderElection54] INFO  impl.RoleInfo (RoleInfo.java:shutdownLeaderElection(134)) - fe8e0c84-158f-427e-8307-4b533a2376d4: shutdown LeaderElection
2019-10-25 21:29:01,433 [fe8e0c84-158f-427e-8307-4b533a2376d4@group-B007A63A5CCA-LeaderElection54] INFO  impl.RoleInfo (RoleInfo.java:updateAndGet(143)) - fe8e0c84-158f-427e-8307-4b533a2376d4: start FollowerState
2019-10-25 21:29:01,611 [Thread-906] INFO  impl.FollowerState (FollowerState.java:run(108)) - fe8e0c84-158f-427e-8307-4b533a2376d4@group-B007A63A5CCA-FollowerState: change to CANDIDATE, lastRpcTime:177ms, electionTimeout:177ms
2019-10-25 21:29:01,611 [Thread-906] INFO  impl.RoleInfo (RoleInfo.java:shutdownFollowerState(121)) - fe8e0c84-158f-427e-8307-4b533a2376d4: shutdown FollowerState
2019-10-25 21:29:01,611 [Thread-906] INFO  impl.RaftServerImpl (RaftServerImpl.java:setRole(184)) - fe8e0c84-158f-427e-8307-4b533a2376d4@group-B007A63A5CCA: changes role from  FOLLOWER to CANDIDATE at term 44 for changeToCandidate
2019-10-25 21:29:01,611 [Thread-906] INFO  impl.RoleInfo (RoleInfo.java:updateAndGet(143)) - fe8e0c84-158f-427e-8307-4b533a2376d4: start LeaderElection
2019-10-25 21:29:01,633 [fe8e0c84-158f-427e-8307-4b533a2376d4@group-B007A63A5CCA-LeaderElection55] INFO  impl.LeaderElection (LeaderElection.java:askForVotes(178)) - fe8e0c84-158f-427e-8307-4b533a2376d4@group-B007A63A5CCA-LeaderElection55: begin an election at term 45 for 0: [1e09a021-a6d7-4a53-819d-98ce6b091a77:192.168.34.41:46402, b43dc2d2-5265-4a31-922b-3f50c0227a2c:192.168.34.41:35789, fe8e0c84-158f-427e-8307-4b533a2376d4:192.168.34.41:37955], old=null
2019-10-25 21:29:01,636 [grpc-default-executor-0] INFO  impl.RaftServerImpl (RaftServerImpl.java:setRole(184)) - 1e09a021-a6d7-4a53-819d-98ce6b091a77@group-B007A63A5CCA: changes role from  FOLLOWER to FOLLOWER at term 45 for recognizeCandidate:fe8e0c84-158f-427e-8307-4b533a2376d4
2019-10-25 21:29:01,636 [grpc-default-executor-0] INFO  impl.RoleInfo (RoleInfo.java:shutdownFollowerState(121)) - 1e09a021-a6d7-4a53-819d-98ce6b091a77: shutdown FollowerState
2019-10-25 21:29:01,636 [grpc-default-executor-0] INFO  impl.RoleInfo (RoleInfo.java:updateAndGet(143)) - 1e09a021-a6d7-4a53-819d-98ce6b091a77: start FollowerState
2019-10-25 21:29:01,636 [grpc-default-executor-3] INFO  impl.RaftServerImpl (RaftServerImpl.java:setRole(184)) - b43dc2d2-5265-4a31-922b-3f50c0227a2c@group-B007A63A5CCA: changes role from  FOLLOWER to FOLLOWER at term 45 for recognizeCandidate:fe8e0c84-158f-427e-8307-4b533a2376d4
2019-10-25 21:29:01,636 [Thread-905] INFO  impl.FollowerState (FollowerState.java:run(117)) - 1e09a021-a6d7-4a53-819d-98ce6b091a77@group-B007A63A5CCA-FollowerState was interrupted: java.lang.InterruptedException: sleep interrupted
2019-10-25 21:29:01,637 [grpc-default-executor-3] INFO  impl.RoleInfo (RoleInfo.java:shutdownFollowerState(121)) - b43dc2d2-5265-4a31-922b-3f50c0227a2c: shutdown FollowerState
2019-10-25 21:29:01,637 [grpc-default-executor-3] INFO  impl.RoleInfo (RoleInfo.java:updateAndGet(143)) - b43dc2d2-5265-4a31-922b-3f50c0227a2c: start FollowerState
2019-10-25 21:29:01,637 [Thread-904] INFO  impl.FollowerState (FollowerState.java:run(117)) - b43dc2d2-5265-4a31-922b-3f50c0227a2c@group-B007A63A5CCA-FollowerState was interrupted: java.lang.InterruptedException: sleep interrupted
2019-10-25 21:29:01,644 [BlockDeletingService#2] WARN  background.BlockDeletingService (BlockDeletingService.java:isDeletionAllowed(187)) - Close Container log Index 6 is not replicated across allthe servers in the pipeline 69397456-ee7f-4bbb-8423-b007a63a5cca as the min replicated index is 4. Deletion is not allowed in this container yet.
2019-10-25 21:29:01,645 [BlockDeletingService#2] WARN  background.BlockDeletingService (BlockDeletingService.java:isDeletionAllowed(187)) - Close Container log Index 6 is not replicated across allthe servers in the pipeline 69397456-ee7f-4bbb-8423-b007a63a5cca as the min replicated index is 4. Deletion is not allowed in this container yet.
2019-10-25 21:29:01,652 [fe8e0c84-158f-427e-8307-4b533a2376d4@group-B007A63A5CCA-LeaderElection55] INFO  impl.LeaderElection (LeaderElection.java:logAndReturn(56)) - fe8e0c84-158f-427e-8307-4b533a2376d4@group-B007A63A5CCA-LeaderElection55: Election REJECTED; received 2 response(s) [fe8e0c84-158f-427e-8307-4b533a2376d4<-1e09a021-a6d7-4a53-819d-98ce6b091a77#0:FAIL-t45, fe8e0c84-158f-427e-8307-4b533a2376d4<-b43dc2d2-5265-4a31-922b-3f50c0227a2c#0:FAIL-t45] and 0 exception(s); fe8e0c84-158f-427e-8307-4b533a2376d4@group-B007A63A5CCA:t45, leader=null, voted=fe8e0c84-158f-427e-8307-4b533a2376d4, raftlog=fe8e0c84-158f-427e-8307-4b533a2376d4@group-B007A63A5CCA-SegmentedRaftLog:OPENED:c3,f4,i4, conf=0: [1e09a021-a6d7-4a53-819d-98ce6b091a77:192.168.34.41:46402, b43dc2d2-5265-4a31-922b-3f50c0227a2c:192.168.34.41:35789, fe8e0c84-158f-427e-8307-4b533a2376d4:192.168.34.41:37955], old=null
2019-10-25 21:29:01,652 [fe8e0c84-158f-427e-8307-4b533a2376d4@group-B007A63A5CCA-LeaderElection55] INFO  impl.RaftServerImpl (RaftServerImpl.java:setRole(184)) - fe8e0c84-158f-427e-8307-4b533a2376d4@group-B007A63A5CCA: changes role from CANDIDATE to FOLLOWER at term 45 for DISCOVERED_A_NEW_TERM
2019-10-25 21:29:01,652 [fe8e0c84-158f-427e-8307-4b533a2376d4@group-B007A63A5CCA-LeaderElection55] INFO  impl.RoleInfo (RoleInfo.java:shutdownLeaderElection(134)) - fe8e0c84-158f-427e-8307-4b533a2376d4: shutdown LeaderElection
2019-10-25 21:29:01,652 [fe8e0c84-158f-427e-8307-4b533a2376d4@group-B007A63A5CCA-LeaderElection55] INFO  impl.RoleInfo (RoleInfo.java:updateAndGet(143)) - fe8e0c84-158f-427e-8307-4b533a2376d4: start FollowerState
2019-10-25 21:29:01,775 [Thread-914] INFO  impl.FollowerState (FollowerState.java:run(108)) - fe8e0c84-158f-427e-8307-4b533a2376d4@group-B007A63A5CCA-FollowerState: change to CANDIDATE, lastRpcTime:122ms, electionTimeout:122ms
2019-10-25 21:29:01,775 [Thread-914] INFO  impl.RoleInfo (RoleInfo.java:shutdownFollowerState(121)) - fe8e0c84-158f-427e-8307-4b533a2376d4: shutdown FollowerState
2019-10-25 21:29:01,775 [Thread-914] INFO  impl.RaftServerImpl (RaftServerImpl.java:setRole(184)) - fe8e0c84-158f-427e-8307-4b533a2376d4@group-B007A63A5CCA: changes role from  FOLLOWER to CANDIDATE at term 45 for changeToCandidate
2019-10-25 21:29:01,775 [Thread-914] INFO  impl.RoleInfo (RoleInfo.java:updateAndGet(143)) - fe8e0c84-158f-427e-8307-4b533a2376d4: start LeaderElection
2019-10-25 21:29:01,790 [fe8e0c84-158f-427e-8307-4b533a2376d4@group-B007A63A5CCA-LeaderElection56] INFO  impl.LeaderElection (LeaderElection.java:askForVotes(178)) - fe8e0c84-158f-427e-8307-4b533a2376d4@group-B007A63A5CCA-LeaderElection56: begin an election at term 46 for 0: [1e09a021-a6d7-4a53-819d-98ce6b091a77:192.168.34.41:46402, b43dc2d2-5265-4a31-922b-3f50c0227a2c:192.168.34.41:35789, fe8e0c84-158f-427e-8307-4b533a2376d4:192.168.34.41:37955], old=null
2019-10-25 21:29:01,790 [fe8e0c84-158f-427e-8307-4b533a2376d4@group-B007A63A5CCA-LeaderElection56] INFO  impl.LeaderElection (LeaderElection.java:logAndReturn(56)) - fe8e0c84-158f-427e-8307-4b533a2376d4@group-B007A63A5CCA-LeaderElection56: Election TIMEOUT; received 0 response(s) [] and 0 exception(s); fe8e0c84-158f-427e-8307-4b533a2376d4@group-B007A63A5CCA:t46, leader=null, voted=fe8e0c84-158f-427e-8307-4b533a2376d4, raftlog=fe8e0c84-158f-427e-8307-4b533a2376d4@group-B007A63A5CCA-SegmentedRaftLog:OPENED:c3,f4,i4, conf=0: [1e09a021-a6d7-4a53-819d-98ce6b091a77:192.168.34.41:46402, b43dc2d2-5265-4a31-922b-3f50c0227a2c:192.168.34.41:35789, fe8e0c84-158f-427e-8307-4b533a2376d4:192.168.34.41:37955], old=null
2019-10-25 21:29:01,793 [grpc-default-executor-3] INFO  impl.RaftServerImpl (RaftServerImpl.java:setRole(184)) - 1e09a021-a6d7-4a53-819d-98ce6b091a77@group-B007A63A5CCA: changes role from  FOLLOWER to FOLLOWER at term 46 for recognizeCandidate:fe8e0c84-158f-427e-8307-4b533a2376d4
2019-10-25 21:29:01,793 [grpc-default-executor-0] INFO  impl.RaftServerImpl (RaftServerImpl.java:setRole(184)) - b43dc2d2-5265-4a31-922b-3f50c0227a2c@group-B007A63A5CCA: changes role from  FOLLOWER to FOLLOWER at term 46 for recognizeCandidate:fe8e0c84-158f-427e-8307-4b533a2376d4
2019-10-25 21:29:01,793 [grpc-default-executor-3] INFO  impl.RoleInfo (RoleInfo.java:shutdownFollowerState(121)) - 1e09a021-a6d7-4a53-819d-98ce6b091a77: shutdown FollowerState
2019-10-25 21:29:01,793 [grpc-default-executor-0] INFO  impl.RoleInfo (RoleInfo.java:shutdownFollowerState(121)) - b43dc2d2-5265-4a31-922b-3f50c0227a2c: shutdown FollowerState
2019-10-25 21:29:01,793 [Thread-910] INFO  impl.FollowerState (FollowerState.java:run(117)) - 1e09a021-a6d7-4a53-819d-98ce6b091a77@group-B007A63A5CCA-FollowerState was interrupted: java.lang.InterruptedException: sleep interrupted
2019-10-25 21:29:01,793 [grpc-default-executor-3] INFO  impl.RoleInfo (RoleInfo.java:updateAndGet(143)) - 1e09a021-a6d7-4a53-819d-98ce6b091a77: start FollowerState
2019-10-25 21:29:01,793 [Thread-911] INFO  impl.FollowerState (FollowerState.java:run(117)) - b43dc2d2-5265-4a31-922b-3f50c0227a2c@group-B007A63A5CCA-FollowerState was interrupted: java.lang.InterruptedException: sleep interrupted
2019-10-25 21:29:01,793 [grpc-default-executor-0] INFO  impl.RoleInfo (RoleInfo.java:updateAndGet(143)) - b43dc2d2-5265-4a31-922b-3f50c0227a2c: start FollowerState
2019-10-25 21:29:01,804 [fe8e0c84-158f-427e-8307-4b533a2376d4@group-B007A63A5CCA-LeaderElection56] INFO  impl.LeaderElection (LeaderElection.java:askForVotes(178)) - fe8e0c84-158f-427e-8307-4b533a2376d4@group-B007A63A5CCA-LeaderElection56: begin an election at term 47 for 0: [1e09a021-a6d7-4a53-819d-98ce6b091a77:192.168.34.41:46402, b43dc2d2-5265-4a31-922b-3f50c0227a2c:192.168.34.41:35789, fe8e0c84-158f-427e-8307-4b533a2376d4:192.168.34.41:37955], old=null
2019-10-25 21:29:01,806 [grpc-default-executor-0] INFO  impl.RaftServerImpl (RaftServerImpl.java:setRole(184)) - 1e09a021-a6d7-4a53-819d-98ce6b091a77@group-B007A63A5CCA: changes role from  FOLLOWER to FOLLOWER at term 47 for recognizeCandidate:fe8e0c84-158f-427e-8307-4b533a2376d4
2019-10-25 21:29:01,807 [grpc-default-executor-0] INFO  impl.RoleInfo (RoleInfo.java:shutdownFollowerState(121)) - 1e09a021-a6d7-4a53-819d-98ce6b091a77: shutdown FollowerState
2019-10-25 21:29:01,807 [grpc-default-executor-3] INFO  impl.RaftServerImpl (RaftServerImpl.java:setRole(184)) - b43dc2d2-5265-4a31-922b-3f50c0227a2c@group-B007A63A5CCA: changes role from  FOLLOWER to FOLLOWER at term 47 for recognizeCandidate:fe8e0c84-158f-427e-8307-4b533a2376d4
2019-10-25 21:29:01,807 [Thread-921] INFO  impl.FollowerState (FollowerState.java:run(117)) - 1e09a021-a6d7-4a53-819d-98ce6b091a77@group-B007A63A5CCA-FollowerState was interrupted: java.lang.InterruptedException: sleep interrupted
2019-10-25 21:29:01,807 [grpc-default-executor-0] INFO  impl.RoleInfo (RoleInfo.java:updateAndGet(143)) - 1e09a021-a6d7-4a53-819d-98ce6b091a77: start FollowerState
2019-10-25 21:29:01,807 [grpc-default-executor-3] INFO  impl.RoleInfo (RoleInfo.java:shutdownFollowerState(121)) - b43dc2d2-5265-4a31-922b-3f50c0227a2c: shutdown FollowerState
2019-10-25 21:29:01,808 [grpc-default-executor-3] INFO  impl.RoleInfo (RoleInfo.java:updateAndGet(143)) - b43dc2d2-5265-4a31-922b-3f50c0227a2c: start FollowerState
2019-10-25 21:29:01,808 [Thread-922] INFO  impl.FollowerState (FollowerState.java:run(117)) - b43dc2d2-5265-4a31-922b-3f50c0227a2c@group-B007A63A5CCA-FollowerState was interrupted: java.lang.InterruptedException: sleep interrupted
2019-10-25 21:29:01,808 [fe8e0c84-158f-427e-8307-4b533a2376d4@group-B007A63A5CCA-LeaderElection56] INFO  impl.LeaderElection (LeaderElection.java:logAndReturn(56)) - fe8e0c84-158f-427e-8307-4b533a2376d4@group-B007A63A5CCA-LeaderElection56: Election TIMEOUT; received 0 response(s) [] and 0 exception(s); fe8e0c84-158f-427e-8307-4b533a2376d4@group-B007A63A5CCA:t47, leader=null, voted=fe8e0c84-158f-427e-8307-4b533a2376d4, raftlog=fe8e0c84-158f-427e-8307-4b533a2376d4@group-B007A63A5CCA-SegmentedRaftLog:OPENED:c3,f4,i4, conf=0: [1e09a021-a6d7-4a53-819d-98ce6b091a77:192.168.34.41:46402, b43dc2d2-5265-4a31-922b-3f50c0227a2c:192.168.34.41:35789, fe8e0c84-158f-427e-8307-4b533a2376d4:192.168.34.41:37955], old=null
2019-10-25 21:29:01,821 [fe8e0c84-158f-427e-8307-4b533a2376d4@group-B007A63A5CCA-LeaderElection56] INFO  impl.LeaderElection (LeaderElection.java:askForVotes(178)) - fe8e0c84-158f-427e-8307-4b533a2376d4@group-B007A63A5CCA-LeaderElection56: begin an election at term 48 for 0: [1e09a021-a6d7-4a53-819d-98ce6b091a77:192.168.34.41:46402, b43dc2d2-5265-4a31-922b-3f50c0227a2c:192.168.34.41:35789, fe8e0c84-158f-427e-8307-4b533a2376d4:192.168.34.41:37955], old=null
2019-10-25 21:29:01,823 [grpc-default-executor-0] INFO  impl.RaftServerImpl (RaftServerImpl.java:setRole(184)) - 1e09a021-a6d7-4a53-819d-98ce6b091a77@group-B007A63A5CCA: changes role from  FOLLOWER to FOLLOWER at term 48 for recognizeCandidate:fe8e0c84-158f-427e-8307-4b533a2376d4
2019-10-25 21:29:01,823 [grpc-default-executor-0] INFO  impl.RoleInfo (RoleInfo.java:shutdownFollowerState(121)) - 1e09a021-a6d7-4a53-819d-98ce6b091a77: shutdown FollowerState
2019-10-25 21:29:01,823 [grpc-default-executor-3] INFO  impl.RaftServerImpl (RaftServerImpl.java:setRole(184)) - b43dc2d2-5265-4a31-922b-3f50c0227a2c@group-B007A63A5CCA: changes role from  FOLLOWER to FOLLOWER at term 48 for recognizeCandidate:fe8e0c84-158f-427e-8307-4b533a2376d4
2019-10-25 21:29:01,823 [Thread-925] INFO  impl.FollowerState (FollowerState.java:run(117)) - 1e09a021-a6d7-4a53-819d-98ce6b091a77@group-B007A63A5CCA-FollowerState was interrupted: java.lang.InterruptedException: sleep interrupted
2019-10-25 21:29:01,823 [grpc-default-executor-0] INFO  impl.RoleInfo (RoleInfo.java:updateAndGet(143)) - 1e09a021-a6d7-4a53-819d-98ce6b091a77: start FollowerState
2019-10-25 21:29:01,823 [grpc-default-executor-3] INFO  impl.RoleInfo (RoleInfo.java:shutdownFollowerState(121)) - b43dc2d2-5265-4a31-922b-3f50c0227a2c: shutdown FollowerState
2019-10-25 21:29:01,824 [grpc-default-executor-3] INFO  impl.RoleInfo (RoleInfo.java:updateAndGet(143)) - b43dc2d2-5265-4a31-922b-3f50c0227a2c: start FollowerState
2019-10-25 21:29:01,824 [Thread-926] INFO  impl.FollowerState (FollowerState.java:run(117)) - b43dc2d2-5265-4a31-922b-3f50c0227a2c@group-B007A63A5CCA-FollowerState was interrupted: java.lang.InterruptedException: sleep interrupted
2019-10-25 21:29:01,839 [fe8e0c84-158f-427e-8307-4b533a2376d4@group-B007A63A5CCA-LeaderElection56] INFO  impl.LeaderElection (LeaderElection.java:logAndReturn(56)) - fe8e0c84-158f-427e-8307-4b533a2376d4@group-B007A63A5CCA-LeaderElection56: Election REJECTED; received 2 response(s) [fe8e0c84-158f-427e-8307-4b533a2376d4<-1e09a021-a6d7-4a53-819d-98ce6b091a77#0:FAIL-t48, fe8e0c84-158f-427e-8307-4b533a2376d4<-b43dc2d2-5265-4a31-922b-3f50c0227a2c#0:FAIL-t48] and 0 exception(s); fe8e0c84-158f-427e-8307-4b533a2376d4@group-B007A63A5CCA:t48, leader=null, voted=fe8e0c84-158f-427e-8307-4b533a2376d4, raftlog=fe8e0c84-158f-427e-8307-4b533a2376d4@group-B007A63A5CCA-SegmentedRaftLog:OPENED:c3,f4,i4, conf=0: [1e09a021-a6d7-4a53-819d-98ce6b091a77:192.168.34.41:46402, b43dc2d2-5265-4a31-922b-3f50c0227a2c:192.168.34.41:35789, fe8e0c84-158f-427e-8307-4b533a2376d4:192.168.34.41:37955], old=null
2019-10-25 21:29:01,840 [fe8e0c84-158f-427e-8307-4b533a2376d4@group-B007A63A5CCA-LeaderElection56] INFO  impl.RaftServerImpl (RaftServerImpl.java:setRole(184)) - fe8e0c84-158f-427e-8307-4b533a2376d4@group-B007A63A5CCA: changes role from CANDIDATE to FOLLOWER at term 48 for DISCOVERED_A_NEW_TERM
2019-10-25 21:29:01,840 [fe8e0c84-158f-427e-8307-4b533a2376d4@group-B007A63A5CCA-LeaderElection56] INFO  impl.RoleInfo (RoleInfo.java:shutdownLeaderElection(134)) - fe8e0c84-158f-427e-8307-4b533a2376d4: shutdown LeaderElection
2019-10-25 21:29:01,840 [fe8e0c84-158f-427e-8307-4b533a2376d4@group-B007A63A5CCA-LeaderElection56] INFO  impl.RoleInfo (RoleInfo.java:updateAndGet(143)) - fe8e0c84-158f-427e-8307-4b533a2376d4: start FollowerState
2019-10-25 21:29:01,899 [Thread-931] INFO  impl.FollowerState (FollowerState.java:run(108)) - fe8e0c84-158f-427e-8307-4b533a2376d4@group-B007A63A5CCA-FollowerState: change to CANDIDATE, lastRpcTime:59ms, electionTimeout:59ms
2019-10-25 21:29:01,900 [Thread-931] INFO  impl.RoleInfo (RoleInfo.java:shutdownFollowerState(121)) - fe8e0c84-158f-427e-8307-4b533a2376d4: shutdown FollowerState
2019-10-25 21:29:01,900 [Thread-931] INFO  impl.RaftServerImpl (RaftServerImpl.java:setRole(184)) - fe8e0c84-158f-427e-8307-4b533a2376d4@group-B007A63A5CCA: changes role from  FOLLOWER to CANDIDATE at term 48 for changeToCandidate
2019-10-25 21:29:01,900 [Thread-931] INFO  impl.RoleInfo (RoleInfo.java:updateAndGet(143)) - fe8e0c84-158f-427e-8307-4b533a2376d4: start LeaderElection
2019-10-25 21:29:01,926 [fe8e0c84-158f-427e-8307-4b533a2376d4@group-B007A63A5CCA-LeaderElection57] INFO  impl.LeaderElection (LeaderElection.java:askForVotes(178)) - fe8e0c84-158f-427e-8307-4b533a2376d4@group-B007A63A5CCA-LeaderElection57: begin an election at term 49 for 0: [1e09a021-a6d7-4a53-819d-98ce6b091a77:192.168.34.41:46402, b43dc2d2-5265-4a31-922b-3f50c0227a2c:192.168.34.41:35789, fe8e0c84-158f-427e-8307-4b533a2376d4:192.168.34.41:37955], old=null
2019-10-25 21:29:01,943 [grpc-default-executor-0] INFO  impl.RaftServerImpl (RaftServerImpl.java:setRole(184)) - b43dc2d2-5265-4a31-922b-3f50c0227a2c@group-B007A63A5CCA: changes role from  FOLLOWER to FOLLOWER at term 49 for recognizeCandidate:fe8e0c84-158f-427e-8307-4b533a2376d4
2019-10-25 21:29:01,943 [grpc-default-executor-0] INFO  impl.RoleInfo (RoleInfo.java:shutdownFollowerState(121)) - b43dc2d2-5265-4a31-922b-3f50c0227a2c: shutdown FollowerState
2019-10-25 21:29:01,943 [grpc-default-executor-0] INFO  impl.RoleInfo (RoleInfo.java:updateAndGet(143)) - b43dc2d2-5265-4a31-922b-3f50c0227a2c: start FollowerState
2019-10-25 21:29:01,943 [Thread-930] INFO  impl.FollowerState (FollowerState.java:run(117)) - b43dc2d2-5265-4a31-922b-3f50c0227a2c@group-B007A63A5CCA-FollowerState was interrupted: java.lang.InterruptedException: sleep interrupted
2019-10-25 21:29:01,943 [grpc-default-executor-3] INFO  impl.RaftServerImpl (RaftServerImpl.java:setRole(184)) - 1e09a021-a6d7-4a53-819d-98ce6b091a77@group-B007A63A5CCA: changes role from  FOLLOWER to FOLLOWER at term 49 for recognizeCandidate:fe8e0c84-158f-427e-8307-4b533a2376d4
2019-10-25 21:29:01,944 [grpc-default-executor-3] INFO  impl.RoleInfo (RoleInfo.java:shutdownFollowerState(121)) - 1e09a021-a6d7-4a53-819d-98ce6b091a77: shutdown FollowerState
2019-10-25 21:29:01,944 [grpc-default-executor-3] INFO  impl.RoleInfo (RoleInfo.java:updateAndGet(143)) - 1e09a021-a6d7-4a53-819d-98ce6b091a77: start FollowerState
2019-10-25 21:29:01,944 [Thread-929] INFO  impl.FollowerState (FollowerState.java:run(117)) - 1e09a021-a6d7-4a53-819d-98ce6b091a77@group-B007A63A5CCA-FollowerState was interrupted: java.lang.InterruptedException: sleep interrupted
2019-10-25 21:29:01,960 [fe8e0c84-158f-427e-8307-4b533a2376d4@group-B007A63A5CCA-LeaderElection57] INFO  impl.LeaderElection (LeaderElection.java:logAndReturn(56)) - fe8e0c84-158f-427e-8307-4b533a2376d4@group-B007A63A5CCA-LeaderElection57: Election REJECTED; received 2 response(s) [fe8e0c84-158f-427e-8307-4b533a2376d4<-1e09a021-a6d7-4a53-819d-98ce6b091a77#0:FAIL-t49, fe8e0c84-158f-427e-8307-4b533a2376d4<-b43dc2d2-5265-4a31-922b-3f50c0227a2c#0:FAIL-t49] and 0 exception(s); fe8e0c84-158f-427e-8307-4b533a2376d4@group-B007A63A5CCA:t49, leader=null, voted=fe8e0c84-158f-427e-8307-4b533a2376d4, raftlog=fe8e0c84-158f-427e-8307-4b533a2376d4@group-B007A63A5CCA-SegmentedRaftLog:OPENED:c3,f4,i4, conf=0: [1e09a021-a6d7-4a53-819d-98ce6b091a77:192.168.34.41:46402, b43dc2d2-5265-4a31-922b-3f50c0227a2c:192.168.34.41:35789, fe8e0c84-158f-427e-8307-4b533a2376d4:192.168.34.41:37955], old=null
2019-10-25 21:29:01,961 [fe8e0c84-158f-427e-8307-4b533a2376d4@group-B007A63A5CCA-LeaderElection57] INFO  impl.RaftServerImpl (RaftServerImpl.java:setRole(184)) - fe8e0c84-158f-427e-8307-4b533a2376d4@group-B007A63A5CCA: changes role from CANDIDATE to FOLLOWER at term 49 for DISCOVERED_A_NEW_TERM
2019-10-25 21:29:01,961 [fe8e0c84-158f-427e-8307-4b533a2376d4@group-B007A63A5CCA-LeaderElection57] INFO  impl.RoleInfo (RoleInfo.java:shutdownLeaderElection(134)) - fe8e0c84-158f-427e-8307-4b533a2376d4: shutdown LeaderElection
2019-10-25 21:29:01,961 [fe8e0c84-158f-427e-8307-4b533a2376d4@group-B007A63A5CCA-LeaderElection57] INFO  impl.RoleInfo (RoleInfo.java:updateAndGet(143)) - fe8e0c84-158f-427e-8307-4b533a2376d4: start FollowerState
2019-10-25 21:29:02,113 [Thread-939] INFO  client.GrpcClientProtocolService (GrpcClientProtocolService.java:lambda$processClientRequest$0(278)) - Failed RaftClientRequest:client-6DCA51C798D1->b43dc2d2-5265-4a31-922b-3f50c0227a2c@group-B007A63A5CCA, cid=10, seq=0, Watch-ALL_COMMITTED(6), Message:<EMPTY>, reply=RaftClientReply:client-6DCA51C798D1->b43dc2d2-5265-4a31-922b-3f50c0227a2c@group-B007A63A5CCA, cid=10, FAILED org.apache.ratis.protocol.NotLeaderException: Server b43dc2d2-5265-4a31-922b-3f50c0227a2c@group-B007A63A5CCA is not the leader, logIndex=0, commits[b43dc2d2-5265-4a31-922b-3f50c0227a2c:c10, 1e09a021-a6d7-4a53-819d-98ce6b091a77:c10, fe8e0c84-158f-427e-8307-4b533a2376d4:c4]
2019-10-25 21:29:02,153 [Thread-937] INFO  impl.FollowerState (FollowerState.java:run(108)) - fe8e0c84-158f-427e-8307-4b533a2376d4@group-B007A63A5CCA-FollowerState: change to CANDIDATE, lastRpcTime:191ms, electionTimeout:191ms
2019-10-25 21:29:02,153 [Thread-937] INFO  impl.RoleInfo (RoleInfo.java:shutdownFollowerState(121)) - fe8e0c84-158f-427e-8307-4b533a2376d4: shutdown FollowerState
2019-10-25 21:29:02,153 [Thread-937] INFO  impl.RaftServerImpl (RaftServerImpl.java:setRole(184)) - fe8e0c84-158f-427e-8307-4b533a2376d4@group-B007A63A5CCA: changes role from  FOLLOWER to CANDIDATE at term 49 for changeToCandidate
2019-10-25 21:29:02,153 [Thread-937] INFO  impl.RoleInfo (RoleInfo.java:updateAndGet(143)) - fe8e0c84-158f-427e-8307-4b533a2376d4: start LeaderElection
2019-10-25 21:29:02,167 [fe8e0c84-158f-427e-8307-4b533a2376d4@group-B007A63A5CCA-LeaderElection58] INFO  impl.LeaderElection (LeaderElection.java:askForVotes(178)) - fe8e0c84-158f-427e-8307-4b533a2376d4@group-B007A63A5CCA-LeaderElection58: begin an election at term 50 for 0: [1e09a021-a6d7-4a53-819d-98ce6b091a77:192.168.34.41:46402, b43dc2d2-5265-4a31-922b-3f50c0227a2c:192.168.34.41:35789, fe8e0c84-158f-427e-8307-4b533a2376d4:192.168.34.41:37955], old=null
2019-10-25 21:29:02,171 [grpc-default-executor-0] INFO  impl.RaftServerImpl (RaftServerImpl.java:setRole(184)) - b43dc2d2-5265-4a31-922b-3f50c0227a2c@group-B007A63A5CCA: changes role from  FOLLOWER to FOLLOWER at term 50 for recognizeCandidate:fe8e0c84-158f-427e-8307-4b533a2376d4
2019-10-25 21:29:02,171 [grpc-default-executor-3] INFO  impl.RaftServerImpl (RaftServerImpl.java:setRole(184)) - 1e09a021-a6d7-4a53-819d-98ce6b091a77@group-B007A63A5CCA: changes role from  FOLLOWER to FOLLOWER at term 50 for recognizeCandidate:fe8e0c84-158f-427e-8307-4b533a2376d4
2019-10-25 21:29:02,171 [grpc-default-executor-0] INFO  impl.RoleInfo (RoleInfo.java:shutdownFollowerState(121)) - b43dc2d2-5265-4a31-922b-3f50c0227a2c: shutdown FollowerState
2019-10-25 21:29:02,171 [grpc-default-executor-3] INFO  impl.RoleInfo (RoleInfo.java:shutdownFollowerState(121)) - 1e09a021-a6d7-4a53-819d-98ce6b091a77: shutdown FollowerState
2019-10-25 21:29:02,172 [Thread-935] INFO  impl.FollowerState (FollowerState.java:run(117)) - b43dc2d2-5265-4a31-922b-3f50c0227a2c@group-B007A63A5CCA-FollowerState was interrupted: java.lang.InterruptedException: sleep interrupted
2019-10-25 21:29:02,172 [Thread-936] INFO  impl.FollowerState (FollowerState.java:run(117)) - 1e09a021-a6d7-4a53-819d-98ce6b091a77@group-B007A63A5CCA-FollowerState was interrupted: java.lang.InterruptedException: sleep interrupted
2019-10-25 21:29:02,172 [grpc-default-executor-0] INFO  impl.RoleInfo (RoleInfo.java:updateAndGet(143)) - b43dc2d2-5265-4a31-922b-3f50c0227a2c: start FollowerState
2019-10-25 21:29:02,172 [grpc-default-executor-3] INFO  impl.RoleInfo (RoleInfo.java:updateAndGet(143)) - 1e09a021-a6d7-4a53-819d-98ce6b091a77: start FollowerState
2019-10-25 21:29:02,198 [fe8e0c84-158f-427e-8307-4b533a2376d4@group-B007A63A5CCA-LeaderElection58] INFO  impl.LeaderElection (LeaderElection.java:logAndReturn(56)) - fe8e0c84-158f-427e-8307-4b533a2376d4@group-B007A63A5CCA-LeaderElection58: Election REJECTED; received 2 response(s) [fe8e0c84-158f-427e-8307-4b533a2376d4<-1e09a021-a6d7-4a53-819d-98ce6b091a77#0:FAIL-t50, fe8e0c84-158f-427e-8307-4b533a2376d4<-b43dc2d2-5265-4a31-922b-3f50c0227a2c#0:FAIL-t50] and 0 exception(s); fe8e0c84-158f-427e-8307-4b533a2376d4@group-B007A63A5CCA:t50, leader=null, voted=fe8e0c84-158f-427e-8307-4b533a2376d4, raftlog=fe8e0c84-158f-427e-8307-4b533a2376d4@group-B007A63A5CCA-SegmentedRaftLog:OPENED:c3,f4,i4, conf=0: [1e09a021-a6d7-4a53-819d-98ce6b091a77:192.168.34.41:46402, b43dc2d2-5265-4a31-922b-3f50c0227a2c:192.168.34.41:35789, fe8e0c84-158f-427e-8307-4b533a2376d4:192.168.34.41:37955], old=null
2019-10-25 21:29:02,198 [fe8e0c84-158f-427e-8307-4b533a2376d4@group-B007A63A5CCA-LeaderElection58] INFO  impl.RaftServerImpl (RaftServerImpl.java:setRole(184)) - fe8e0c84-158f-427e-8307-4b533a2376d4@group-B007A63A5CCA: changes role from CANDIDATE to FOLLOWER at term 50 for DISCOVERED_A_NEW_TERM
2019-10-25 21:29:02,198 [fe8e0c84-158f-427e-8307-4b533a2376d4@group-B007A63A5CCA-LeaderElection58] INFO  impl.RoleInfo (RoleInfo.java:shutdownLeaderElection(134)) - fe8e0c84-158f-427e-8307-4b533a2376d4: shutdown LeaderElection
2019-10-25 21:29:02,198 [fe8e0c84-158f-427e-8307-4b533a2376d4@group-B007A63A5CCA-LeaderElection58] INFO  impl.RoleInfo (RoleInfo.java:updateAndGet(143)) - fe8e0c84-158f-427e-8307-4b533a2376d4: start FollowerState
2019-10-25 21:29:02,214 [Thread-946] INFO  impl.FollowerState (FollowerState.java:run(108)) - fe8e0c84-158f-427e-8307-4b533a2376d4@group-B007A63A5CCA-FollowerState: change to CANDIDATE, lastRpcTime:15ms, electionTimeout:15ms
2019-10-25 21:29:02,214 [Thread-946] INFO  impl.RoleInfo (RoleInfo.java:shutdownFollowerState(121)) - fe8e0c84-158f-427e-8307-4b533a2376d4: shutdown FollowerState
2019-10-25 21:29:02,214 [Thread-946] INFO  impl.RaftServerImpl (RaftServerImpl.java:setRole(184)) - fe8e0c84-158f-427e-8307-4b533a2376d4@group-B007A63A5CCA: changes role from  FOLLOWER to CANDIDATE at term 50 for changeToCandidate
2019-10-25 21:29:02,214 [Thread-946] INFO  impl.RoleInfo (RoleInfo.java:updateAndGet(143)) - fe8e0c84-158f-427e-8307-4b533a2376d4: start LeaderElection
2019-10-25 21:29:02,229 [fe8e0c84-158f-427e-8307-4b533a2376d4@group-B007A63A5CCA-LeaderElection59] INFO  impl.LeaderElection (LeaderElection.java:askForVotes(178)) - fe8e0c84-158f-427e-8307-4b533a2376d4@group-B007A63A5CCA-LeaderElection59: begin an election at term 51 for 0: [1e09a021-a6d7-4a53-819d-98ce6b091a77:192.168.34.41:46402, b43dc2d2-5265-4a31-922b-3f50c0227a2c:192.168.34.41:35789, fe8e0c84-158f-427e-8307-4b533a2376d4:192.168.34.41:37955], old=null
2019-10-25 21:29:02,232 [grpc-default-executor-3] INFO  impl.RaftServerImpl (RaftServerImpl.java:setRole(184)) - 1e09a021-a6d7-4a53-819d-98ce6b091a77@group-B007A63A5CCA: changes role from  FOLLOWER to FOLLOWER at term 51 for recognizeCandidate:fe8e0c84-158f-427e-8307-4b533a2376d4
2019-10-25 21:29:02,232 [grpc-default-executor-0] INFO  impl.RaftServerImpl (RaftServerImpl.java:setRole(184)) - b43dc2d2-5265-4a31-922b-3f50c0227a2c@group-B007A63A5CCA: changes role from  FOLLOWER to FOLLOWER at term 51 for recognizeCandidate:fe8e0c84-158f-427e-8307-4b533a2376d4
2019-10-25 21:29:02,232 [grpc-default-executor-3] INFO  impl.RoleInfo (RoleInfo.java:shutdownFollowerState(121)) - 1e09a021-a6d7-4a53-819d-98ce6b091a77: shutdown FollowerState
2019-10-25 21:29:02,232 [grpc-default-executor-0] INFO  impl.RoleInfo (RoleInfo.java:shutdownFollowerState(121)) - b43dc2d2-5265-4a31-922b-3f50c0227a2c: shutdown FollowerState
2019-10-25 21:29:02,232 [Thread-945] INFO  impl.FollowerState (FollowerState.java:run(117)) - 1e09a021-a6d7-4a53-819d-98ce6b091a77@group-B007A63A5CCA-FollowerState was interrupted: java.lang.InterruptedException: sleep interrupted
2019-10-25 21:29:02,232 [grpc-default-executor-3] INFO  impl.RoleInfo (RoleInfo.java:updateAndGet(143)) - 1e09a021-a6d7-4a53-819d-98ce6b091a77: start FollowerState
2019-10-25 21:29:02,233 [Thread-944] INFO  impl.FollowerState (FollowerState.java:run(117)) - b43dc2d2-5265-4a31-922b-3f50c0227a2c@group-B007A63A5CCA-FollowerState was interrupted: java.lang.InterruptedException: sleep interrupted
2019-10-25 21:29:02,233 [grpc-default-executor-0] INFO  impl.RoleInfo (RoleInfo.java:updateAndGet(143)) - b43dc2d2-5265-4a31-922b-3f50c0227a2c: start FollowerState
2019-10-25 21:29:02,242 [fe8e0c84-158f-427e-8307-4b533a2376d4@group-B007A63A5CCA-LeaderElection59] INFO  impl.LeaderElection (LeaderElection.java:logAndReturn(56)) - fe8e0c84-158f-427e-8307-4b533a2376d4@group-B007A63A5CCA-LeaderElection59: Election TIMEOUT; received 0 response(s) [] and 0 exception(s); fe8e0c84-158f-427e-8307-4b533a2376d4@group-B007A63A5CCA:t51, leader=null, voted=fe8e0c84-158f-427e-8307-4b533a2376d4, raftlog=fe8e0c84-158f-427e-8307-4b533a2376d4@group-B007A63A5CCA-SegmentedRaftLog:OPENED:c3,f4,i4, conf=0: [1e09a021-a6d7-4a53-819d-98ce6b091a77:192.168.34.41:46402, b43dc2d2-5265-4a31-922b-3f50c0227a2c:192.168.34.41:35789, fe8e0c84-158f-427e-8307-4b533a2376d4:192.168.34.41:37955], old=null
2019-10-25 21:29:02,246 [fe8e0c84-158f-427e-8307-4b533a2376d4@group-B007A63A5CCA-LeaderElection59] INFO  impl.LeaderElection (LeaderElection.java:askForVotes(178)) - fe8e0c84-158f-427e-8307-4b533a2376d4@group-B007A63A5CCA-LeaderElection59: begin an election at term 52 for 0: [1e09a021-a6d7-4a53-819d-98ce6b091a77:192.168.34.41:46402, b43dc2d2-5265-4a31-922b-3f50c0227a2c:192.168.34.41:35789, fe8e0c84-158f-427e-8307-4b533a2376d4:192.168.34.41:37955], old=null
2019-10-25 21:29:02,248 [grpc-default-executor-3] INFO  impl.RaftServerImpl (RaftServerImpl.java:setRole(184)) - b43dc2d2-5265-4a31-922b-3f50c0227a2c@group-B007A63A5CCA: changes role from  FOLLOWER to FOLLOWER at term 52 for recognizeCandidate:fe8e0c84-158f-427e-8307-4b533a2376d4
2019-10-25 21:29:02,248 [grpc-default-executor-0] INFO  impl.RaftServerImpl (RaftServerImpl.java:setRole(184)) - 1e09a021-a6d7-4a53-819d-98ce6b091a77@group-B007A63A5CCA: changes role from  FOLLOWER to FOLLOWER at term 52 for recognizeCandidate:fe8e0c84-158f-427e-8307-4b533a2376d4
2019-10-25 21:29:02,248 [grpc-default-executor-3] INFO  impl.RoleInfo (RoleInfo.java:shutdownFollowerState(121)) - b43dc2d2-5265-4a31-922b-3f50c0227a2c: shutdown FollowerState
2019-10-25 21:29:02,249 [grpc-default-executor-0] INFO  impl.RoleInfo (RoleInfo.java:shutdownFollowerState(121)) - 1e09a021-a6d7-4a53-819d-98ce6b091a77: shutdown FollowerState
2019-10-25 21:29:02,249 [Thread-951] INFO  impl.FollowerState (FollowerState.java:run(117)) - b43dc2d2-5265-4a31-922b-3f50c0227a2c@group-B007A63A5CCA-FollowerState was interrupted: java.lang.InterruptedException: sleep interrupted
2019-10-25 21:29:02,249 [grpc-default-executor-3] INFO  impl.RoleInfo (RoleInfo.java:updateAndGet(143)) - b43dc2d2-5265-4a31-922b-3f50c0227a2c: start FollowerState
2019-10-25 21:29:02,249 [Thread-950] INFO  impl.FollowerState (FollowerState.java:run(117)) - 1e09a021-a6d7-4a53-819d-98ce6b091a77@group-B007A63A5CCA-FollowerState was interrupted: java.lang.InterruptedException: sleep interrupted
2019-10-25 21:29:02,249 [grpc-default-executor-0] INFO  impl.RoleInfo (RoleInfo.java:updateAndGet(143)) - 1e09a021-a6d7-4a53-819d-98ce6b091a77: start FollowerState
2019-10-25 21:29:02,264 [fe8e0c84-158f-427e-8307-4b533a2376d4@group-B007A63A5CCA-LeaderElection59] INFO  impl.LeaderElection (LeaderElection.java:logAndReturn(56)) - fe8e0c84-158f-427e-8307-4b533a2376d4@group-B007A63A5CCA-LeaderElection59: Election REJECTED; received 2 response(s) [fe8e0c84-158f-427e-8307-4b533a2376d4<-1e09a021-a6d7-4a53-819d-98ce6b091a77#0:FAIL-t52, fe8e0c84-158f-427e-8307-4b533a2376d4<-b43dc2d2-5265-4a31-922b-3f50c0227a2c#0:FAIL-t52] and 0 exception(s); fe8e0c84-158f-427e-8307-4b533a2376d4@group-B007A63A5CCA:t52, leader=null, voted=fe8e0c84-158f-427e-8307-4b533a2376d4, raftlog=fe8e0c84-158f-427e-8307-4b533a2376d4@group-B007A63A5CCA-SegmentedRaftLog:OPENED:c3,f4,i4, conf=0: [1e09a021-a6d7-4a53-819d-98ce6b091a77:192.168.34.41:46402, b43dc2d2-5265-4a31-922b-3f50c0227a2c:192.168.34.41:35789, fe8e0c84-158f-427e-8307-4b533a2376d4:192.168.34.41:37955], old=null
2019-10-25 21:29:02,264 [fe8e0c84-158f-427e-8307-4b533a2376d4@group-B007A63A5CCA-LeaderElection59] INFO  impl.RaftServerImpl (RaftServerImpl.java:setRole(184)) - fe8e0c84-158f-427e-8307-4b533a2376d4@group-B007A63A5CCA: changes role from CANDIDATE to FOLLOWER at term 52 for DISCOVERED_A_NEW_TERM
2019-10-25 21:29:02,264 [fe8e0c84-158f-427e-8307-4b533a2376d4@group-B007A63A5CCA-LeaderElection59] INFO  impl.RoleInfo (RoleInfo.java:shutdownLeaderElection(134)) - fe8e0c84-158f-427e-8307-4b533a2376d4: shutdown LeaderElection
2019-10-25 21:29:02,264 [fe8e0c84-158f-427e-8307-4b533a2376d4@group-B007A63A5CCA-LeaderElection59] INFO  impl.RoleInfo (RoleInfo.java:updateAndGet(143)) - fe8e0c84-158f-427e-8307-4b533a2376d4: start FollowerState
2019-10-25 21:29:02,402 [Thread-956] INFO  impl.FollowerState (FollowerState.java:run(108)) - fe8e0c84-158f-427e-8307-4b533a2376d4@group-B007A63A5CCA-FollowerState: change to CANDIDATE, lastRpcTime:137ms, electionTimeout:137ms
2019-10-25 21:29:02,402 [Thread-956] INFO  impl.RoleInfo (RoleInfo.java:shutdownFollowerState(121)) - fe8e0c84-158f-427e-8307-4b533a2376d4: shutdown FollowerState
2019-10-25 21:29:02,402 [Thread-956] INFO  impl.RaftServerImpl (RaftServerImpl.java:setRole(184)) - fe8e0c84-158f-427e-8307-4b533a2376d4@group-B007A63A5CCA: changes role from  FOLLOWER to CANDIDATE at term 52 for changeToCandidate
2019-10-25 21:29:02,402 [Thread-956] INFO  impl.RoleInfo (RoleInfo.java:updateAndGet(143)) - fe8e0c84-158f-427e-8307-4b533a2376d4: start LeaderElection
2019-10-25 21:29:02,415 [fe8e0c84-158f-427e-8307-4b533a2376d4@group-B007A63A5CCA-LeaderElection60] INFO  impl.LeaderElection (LeaderElection.java:askForVotes(178)) - fe8e0c84-158f-427e-8307-4b533a2376d4@group-B007A63A5CCA-LeaderElection60: begin an election at term 53 for 0: [1e09a021-a6d7-4a53-819d-98ce6b091a77:192.168.34.41:46402, b43dc2d2-5265-4a31-922b-3f50c0227a2c:192.168.34.41:35789, fe8e0c84-158f-427e-8307-4b533a2376d4:192.168.34.41:37955], old=null
2019-10-25 21:29:02,418 [grpc-default-executor-3] INFO  impl.RaftServerImpl (RaftServerImpl.java:setRole(184)) - 1e09a021-a6d7-4a53-819d-98ce6b091a77@group-B007A63A5CCA: changes role from  FOLLOWER to FOLLOWER at term 53 for recognizeCandidate:fe8e0c84-158f-427e-8307-4b533a2376d4
2019-10-25 21:29:02,418 [grpc-default-executor-0] INFO  impl.RaftServerImpl (RaftServerImpl.java:setRole(184)) - b43dc2d2-5265-4a31-922b-3f50c0227a2c@group-B007A63A5CCA: changes role from  FOLLOWER to FOLLOWER at term 53 for recognizeCandidate:fe8e0c84-158f-427e-8307-4b533a2376d4
2019-10-25 21:29:02,419 [grpc-default-executor-3] INFO  impl.RoleInfo (RoleInfo.java:shutdownFollowerState(121)) - 1e09a021-a6d7-4a53-819d-98ce6b091a77: shutdown FollowerState
2019-10-25 21:29:02,419 [grpc-default-executor-0] INFO  impl.RoleInfo (RoleInfo.java:shutdownFollowerState(121)) - b43dc2d2-5265-4a31-922b-3f50c0227a2c: shutdown FollowerState
2019-10-25 21:29:02,419 [Thread-955] INFO  impl.FollowerState (FollowerState.java:run(117)) - 1e09a021-a6d7-4a53-819d-98ce6b091a77@group-B007A63A5CCA-FollowerState was interrupted: java.lang.InterruptedException: sleep interrupted
2019-10-25 21:29:02,419 [Thread-954] INFO  impl.FollowerState (FollowerState.java:run(117)) - b43dc2d2-5265-4a31-922b-3f50c0227a2c@group-B007A63A5CCA-FollowerState was interrupted: java.lang.InterruptedException: sleep interrupted
2019-10-25 21:29:02,419 [grpc-default-executor-3] INFO  impl.RoleInfo (RoleInfo.java:updateAndGet(143)) - 1e09a021-a6d7-4a53-819d-98ce6b091a77: start FollowerState
2019-10-25 21:29:02,419 [grpc-default-executor-0] INFO  impl.RoleInfo (RoleInfo.java:updateAndGet(143)) - b43dc2d2-5265-4a31-922b-3f50c0227a2c: start FollowerState
2019-10-25 21:29:02,436 [fe8e0c84-158f-427e-8307-4b533a2376d4@group-B007A63A5CCA-LeaderElection60] INFO  impl.LeaderElection (LeaderElection.java:logAndReturn(56)) - fe8e0c84-158f-427e-8307-4b533a2376d4@group-B007A63A5CCA-LeaderElection60: Election REJECTED; received 2 response(s) [fe8e0c84-158f-427e-8307-4b533a2376d4<-1e09a021-a6d7-4a53-819d-98ce6b091a77#0:FAIL-t53, fe8e0c84-158f-427e-8307-4b533a2376d4<-b43dc2d2-5265-4a31-922b-3f50c0227a2c#0:FAIL-t53] and 0 exception(s); fe8e0c84-158f-427e-8307-4b533a2376d4@group-B007A63A5CCA:t53, leader=null, voted=fe8e0c84-158f-427e-8307-4b533a2376d4, raftlog=fe8e0c84-158f-427e-8307-4b533a2376d4@group-B007A63A5CCA-SegmentedRaftLog:OPENED:c3,f4,i4, conf=0: [1e09a021-a6d7-4a53-819d-98ce6b091a77:192.168.34.41:46402, b43dc2d2-5265-4a31-922b-3f50c0227a2c:192.168.34.41:35789, fe8e0c84-158f-427e-8307-4b533a2376d4:192.168.34.41:37955], old=null
2019-10-25 21:29:02,436 [fe8e0c84-158f-427e-8307-4b533a2376d4@group-B007A63A5CCA-LeaderElection60] INFO  impl.RaftServerImpl (RaftServerImpl.java:setRole(184)) - fe8e0c84-158f-427e-8307-4b533a2376d4@group-B007A63A5CCA: changes role from CANDIDATE to FOLLOWER at term 53 for DISCOVERED_A_NEW_TERM
2019-10-25 21:29:02,436 [fe8e0c84-158f-427e-8307-4b533a2376d4@group-B007A63A5CCA-LeaderElection60] INFO  impl.RoleInfo (RoleInfo.java:shutdownLeaderElection(134)) - fe8e0c84-158f-427e-8307-4b533a2376d4: shutdown LeaderElection
2019-10-25 21:29:02,436 [fe8e0c84-158f-427e-8307-4b533a2376d4@group-B007A63A5CCA-LeaderElection60] INFO  impl.RoleInfo (RoleInfo.java:updateAndGet(143)) - fe8e0c84-158f-427e-8307-4b533a2376d4: start FollowerState
2019-10-25 21:29:02,528 [Thread-962] INFO  impl.FollowerState (FollowerState.java:run(108)) - fe8e0c84-158f-427e-8307-4b533a2376d4@group-B007A63A5CCA-FollowerState: change to CANDIDATE, lastRpcTime:91ms, electionTimeout:91ms
2019-10-25 21:29:02,528 [Thread-962] INFO  impl.RoleInfo (RoleInfo.java:shutdownFollowerState(121)) - fe8e0c84-158f-427e-8307-4b533a2376d4: shutdown FollowerState
2019-10-25 21:29:02,528 [Thread-962] INFO  impl.RaftServerImpl (RaftServerImpl.java:setRole(184)) - fe8e0c84-158f-427e-8307-4b533a2376d4@group-B007A63A5CCA: changes role from  FOLLOWER to CANDIDATE at term 53 for changeToCandidate
2019-10-25 21:29:02,528 [Thread-962] INFO  impl.RoleInfo (RoleInfo.java:updateAndGet(143)) - fe8e0c84-158f-427e-8307-4b533a2376d4: start LeaderElection
2019-10-25 21:29:02,542 [fe8e0c84-158f-427e-8307-4b533a2376d4@group-B007A63A5CCA-LeaderElection61] INFO  impl.LeaderElection (LeaderElection.java:askForVotes(178)) - fe8e0c84-158f-427e-8307-4b533a2376d4@group-B007A63A5CCA-LeaderElection61: begin an election at term 54 for 0: [1e09a021-a6d7-4a53-819d-98ce6b091a77:192.168.34.41:46402, b43dc2d2-5265-4a31-922b-3f50c0227a2c:192.168.34.41:35789, fe8e0c84-158f-427e-8307-4b533a2376d4:192.168.34.41:37955], old=null
2019-10-25 21:29:02,544 [grpc-default-executor-3] INFO  impl.RaftServerImpl (RaftServerImpl.java:setRole(184)) - 1e09a021-a6d7-4a53-819d-98ce6b091a77@group-B007A63A5CCA: changes role from  FOLLOWER to FOLLOWER at term 54 for recognizeCandidate:fe8e0c84-158f-427e-8307-4b533a2376d4
2019-10-25 21:29:02,545 [grpc-default-executor-3] INFO  impl.RoleInfo (RoleInfo.java:shutdownFollowerState(121)) - 1e09a021-a6d7-4a53-819d-98ce6b091a77: shutdown FollowerState
2019-10-25 21:29:02,545 [grpc-default-executor-0] INFO  impl.RaftServerImpl (RaftServerImpl.java:setRole(184)) - b43dc2d2-5265-4a31-922b-3f50c0227a2c@group-B007A63A5CCA: changes role from  FOLLOWER to FOLLOWER at term 54 for recognizeCandidate:fe8e0c84-158f-427e-8307-4b533a2376d4
2019-10-25 21:29:02,545 [Thread-960] INFO  impl.FollowerState (FollowerState.java:run(117)) - 1e09a021-a6d7-4a53-819d-98ce6b091a77@group-B007A63A5CCA-FollowerState was interrupted: java.lang.InterruptedException: sleep interrupted
2019-10-25 21:29:02,545 [grpc-default-executor-3] INFO  impl.RoleInfo (RoleInfo.java:updateAndGet(143)) - 1e09a021-a6d7-4a53-819d-98ce6b091a77: start FollowerState
2019-10-25 21:29:02,545 [grpc-default-executor-0] INFO  impl.RoleInfo (RoleInfo.java:shutdownFollowerState(121)) - b43dc2d2-5265-4a31-922b-3f50c0227a2c: shutdown FollowerState
2019-10-25 21:29:02,546 [grpc-default-executor-0] INFO  impl.RoleInfo (RoleInfo.java:updateAndGet(143)) - b43dc2d2-5265-4a31-922b-3f50c0227a2c: start FollowerState
2019-10-25 21:29:02,546 [Thread-961] INFO  impl.FollowerState (FollowerState.java:run(117)) - b43dc2d2-5265-4a31-922b-3f50c0227a2c@group-B007A63A5CCA-FollowerState was interrupted: java.lang.InterruptedException: sleep interrupted
2019-10-25 21:29:02,562 [fe8e0c84-158f-427e-8307-4b533a2376d4@group-B007A63A5CCA-LeaderElection61] INFO  impl.LeaderElection (LeaderElection.java:logAndReturn(56)) - fe8e0c84-158f-427e-8307-4b533a2376d4@group-B007A63A5CCA-LeaderElection61: Election REJECTED; received 2 response(s) [fe8e0c84-158f-427e-8307-4b533a2376d4<-1e09a021-a6d7-4a53-819d-98ce6b091a77#0:FAIL-t54, fe8e0c84-158f-427e-8307-4b533a2376d4<-b43dc2d2-5265-4a31-922b-3f50c0227a2c#0:FAIL-t54] and 0 exception(s); fe8e0c84-158f-427e-8307-4b533a2376d4@group-B007A63A5CCA:t54, leader=null, voted=fe8e0c84-158f-427e-8307-4b533a2376d4, raftlog=fe8e0c84-158f-427e-8307-4b533a2376d4@group-B007A63A5CCA-SegmentedRaftLog:OPENED:c3,f4,i4, conf=0: [1e09a021-a6d7-4a53-819d-98ce6b091a77:192.168.34.41:46402, b43dc2d2-5265-4a31-922b-3f50c0227a2c:192.168.34.41:35789, fe8e0c84-158f-427e-8307-4b533a2376d4:192.168.34.41:37955], old=null
2019-10-25 21:29:02,562 [fe8e0c84-158f-427e-8307-4b533a2376d4@group-B007A63A5CCA-LeaderElection61] INFO  impl.RaftServerImpl (RaftServerImpl.java:setRole(184)) - fe8e0c84-158f-427e-8307-4b533a2376d4@group-B007A63A5CCA: changes role from CANDIDATE to FOLLOWER at term 54 for DISCOVERED_A_NEW_TERM
2019-10-25 21:29:02,562 [fe8e0c84-158f-427e-8307-4b533a2376d4@group-B007A63A5CCA-LeaderElection61] INFO  impl.RoleInfo (RoleInfo.java:shutdownLeaderElection(134)) - fe8e0c84-158f-427e-8307-4b533a2376d4: shutdown LeaderElection
2019-10-25 21:29:02,562 [fe8e0c84-158f-427e-8307-4b533a2376d4@group-B007A63A5CCA-LeaderElection61] INFO  impl.RoleInfo (RoleInfo.java:updateAndGet(143)) - fe8e0c84-158f-427e-8307-4b533a2376d4: start FollowerState
2019-10-25 21:29:02,646 [BlockDeletingService#2] WARN  background.BlockDeletingService (BlockDeletingService.java:isDeletionAllowed(187)) - Close Container log Index 6 is not replicated across allthe servers in the pipeline 69397456-ee7f-4bbb-8423-b007a63a5cca as the min replicated index is 4. Deletion is not allowed in this container yet.
2019-10-25 21:29:02,646 [BlockDeletingService#2] WARN  background.BlockDeletingService (BlockDeletingService.java:isDeletionAllowed(187)) - Close Container log Index 6 is not replicated across allthe servers in the pipeline 69397456-ee7f-4bbb-8423-b007a63a5cca as the min replicated index is 4. Deletion is not allowed in this container yet.
2019-10-25 21:29:02,695 [Thread-968] INFO  impl.FollowerState (FollowerState.java:run(108)) - fe8e0c84-158f-427e-8307-4b533a2376d4@group-B007A63A5CCA-FollowerState: change to CANDIDATE, lastRpcTime:132ms, electionTimeout:132ms
2019-10-25 21:29:02,695 [Thread-968] INFO  impl.RoleInfo (RoleInfo.java:shutdownFollowerState(121)) - fe8e0c84-158f-427e-8307-4b533a2376d4: shutdown FollowerState
2019-10-25 21:29:02,695 [Thread-968] INFO  impl.RaftServerImpl (RaftServerImpl.java:setRole(184)) - fe8e0c84-158f-427e-8307-4b533a2376d4@group-B007A63A5CCA: changes role from  FOLLOWER to CANDIDATE at term 54 for changeToCandidate
2019-10-25 21:29:02,695 [Thread-968] INFO  impl.RoleInfo (RoleInfo.java:updateAndGet(143)) - fe8e0c84-158f-427e-8307-4b533a2376d4: start LeaderElection
2019-10-25 21:29:02,709 [fe8e0c84-158f-427e-8307-4b533a2376d4@group-B007A63A5CCA-LeaderElection62] INFO  impl.LeaderElection (LeaderElection.java:askForVotes(178)) - fe8e0c84-158f-427e-8307-4b533a2376d4@group-B007A63A5CCA-LeaderElection62: begin an election at term 55 for 0: [1e09a021-a6d7-4a53-819d-98ce6b091a77:192.168.34.41:46402, b43dc2d2-5265-4a31-922b-3f50c0227a2c:192.168.34.41:35789, fe8e0c84-158f-427e-8307-4b533a2376d4:192.168.34.41:37955], old=null
2019-10-25 21:29:02,712 [grpc-default-executor-3] INFO  impl.RaftServerImpl (RaftServerImpl.java:setRole(184)) - 1e09a021-a6d7-4a53-819d-98ce6b091a77@group-B007A63A5CCA: changes role from  FOLLOWER to FOLLOWER at term 55 for recognizeCandidate:fe8e0c84-158f-427e-8307-4b533a2376d4
2019-10-25 21:29:02,712 [grpc-default-executor-0] INFO  impl.RaftServerImpl (RaftServerImpl.java:setRole(184)) - b43dc2d2-5265-4a31-922b-3f50c0227a2c@group-B007A63A5CCA: changes role from  FOLLOWER to FOLLOWER at term 55 for recognizeCandidate:fe8e0c84-158f-427e-8307-4b533a2376d4
2019-10-25 21:29:02,712 [grpc-default-executor-3] INFO  impl.RoleInfo (RoleInfo.java:shutdownFollowerState(121)) - 1e09a021-a6d7-4a53-819d-98ce6b091a77: shutdown FollowerState
2019-10-25 21:29:02,713 [grpc-default-executor-0] INFO  impl.RoleInfo (RoleInfo.java:shutdownFollowerState(121)) - b43dc2d2-5265-4a31-922b-3f50c0227a2c: shutdown FollowerState
2019-10-25 21:29:02,713 [grpc-default-executor-3] INFO  impl.RoleInfo (RoleInfo.java:updateAndGet(143)) - 1e09a021-a6d7-4a53-819d-98ce6b091a77: start FollowerState
2019-10-25 21:29:02,713 [grpc-default-executor-0] INFO  impl.RoleInfo (RoleInfo.java:updateAndGet(143)) - b43dc2d2-5265-4a31-922b-3f50c0227a2c: start FollowerState
2019-10-25 21:29:02,713 [Thread-966] INFO  impl.FollowerState (FollowerState.java:run(117)) - 1e09a021-a6d7-4a53-819d-98ce6b091a77@group-B007A63A5CCA-FollowerState was interrupted: java.lang.InterruptedException: sleep interrupted
2019-10-25 21:29:02,713 [Thread-967] INFO  impl.FollowerState (FollowerState.java:run(117)) - b43dc2d2-5265-4a31-922b-3f50c0227a2c@group-B007A63A5CCA-FollowerState was interrupted: java.lang.InterruptedException: sleep interrupted
]]></system-out>
    <system-err><![CDATA[ERROR StatusLogger No Log4j 2 configuration file found. Using default configuration (logging only errors to the console), or user programmatically provided configurations. Set system property 'log4j2.debug' to show Log4j 2 internal initialization logging. See https://logging.apache.org/log4j/2.x/manual/configuration.html for instructions on how to configure Log4j 2
Oct 25, 2019 9:27:16 PM org.apache.ratis.thirdparty.io.grpc.internal.SerializingExecutor run
SEVERE: Exception while executing runnable org.apache.ratis.thirdparty.io.grpc.internal.ServerImpl$JumpToApplicationThreadServerStreamListener$1Closed@3ba6b1bf
org.apache.ratis.thirdparty.io.grpc.StatusRuntimeException: CANCELLED: call already cancelled
	at org.apache.ratis.thirdparty.io.grpc.Status.asRuntimeException(Status.java:517)
	at org.apache.ratis.thirdparty.io.grpc.stub.ServerCalls$ServerCallStreamObserverImpl.onCompleted(ServerCalls.java:356)
	at org.apache.ratis.grpc.server.GrpcServerProtocolService$ServerRequestStreamObserver.onError(GrpcServerProtocolService.java:121)
	at org.apache.ratis.thirdparty.io.grpc.stub.ServerCalls$StreamingServerCallHandler$StreamingServerCallListener.onCancel(ServerCalls.java:269)
	at org.apache.ratis.thirdparty.io.grpc.internal.ServerCallImpl$ServerStreamListenerImpl.closed(ServerCallImpl.java:293)
	at org.apache.ratis.thirdparty.io.grpc.internal.ServerImpl$JumpToApplicationThreadServerStreamListener$1Closed.runInContext(ServerImpl.java:741)
	at org.apache.ratis.thirdparty.io.grpc.internal.ContextRunnable.run(ContextRunnable.java:37)
	at org.apache.ratis.thirdparty.io.grpc.internal.SerializingExecutor.run(SerializingExecutor.java:123)
	at java.util.concurrent.ThreadPoolExecutor.runWorker(ThreadPoolExecutor.java:1149)
	at java.util.concurrent.ThreadPoolExecutor$Worker.run(ThreadPoolExecutor.java:624)
	at java.lang.Thread.run(Thread.java:748)

Oct 25, 2019 9:27:16 PM org.apache.ratis.thirdparty.io.grpc.internal.SerializingExecutor run
SEVERE: Exception while executing runnable org.apache.ratis.thirdparty.io.grpc.internal.ClientCallImpl$ClientStreamListenerImpl$1StreamClosed@2892d109
java.lang.NullPointerException
	at org.apache.ratis.grpc.server.GrpcLogAppender$AppendLogResponseHandler.onError(GrpcLogAppender.java:303)
	at org.apache.ratis.thirdparty.io.grpc.stub.ClientCalls$StreamObserverToCallListenerAdapter.onClose(ClientCalls.java:434)
	at org.apache.ratis.thirdparty.io.grpc.PartialForwardingClientCallListener.onClose(PartialForwardingClientCallListener.java:39)
	at org.apache.ratis.thirdparty.io.grpc.ForwardingClientCallListener.onClose(ForwardingClientCallListener.java:23)
	at org.apache.ratis.thirdparty.io.grpc.ForwardingClientCallListener$SimpleForwardingClientCallListener.onClose(ForwardingClientCallListener.java:40)
	at org.apache.ratis.thirdparty.io.grpc.internal.CensusStatsModule$StatsClientInterceptor$1$1.onClose(CensusStatsModule.java:678)
	at org.apache.ratis.thirdparty.io.grpc.PartialForwardingClientCallListener.onClose(PartialForwardingClientCallListener.java:39)
	at org.apache.ratis.thirdparty.io.grpc.ForwardingClientCallListener.onClose(ForwardingClientCallListener.java:23)
	at org.apache.ratis.thirdparty.io.grpc.ForwardingClientCallListener$SimpleForwardingClientCallListener.onClose(ForwardingClientCallListener.java:40)
	at org.apache.ratis.thirdparty.io.grpc.internal.CensusTracingModule$TracingClientInterceptor$1$1.onClose(CensusTracingModule.java:397)
	at org.apache.ratis.thirdparty.io.grpc.internal.ClientCallImpl.closeObserver(ClientCallImpl.java:459)
	at org.apache.ratis.thirdparty.io.grpc.internal.ClientCallImpl.access$300(ClientCallImpl.java:63)
	at org.apache.ratis.thirdparty.io.grpc.internal.ClientCallImpl$ClientStreamListenerImpl.close(ClientCallImpl.java:546)
	at org.apache.ratis.thirdparty.io.grpc.internal.ClientCallImpl$ClientStreamListenerImpl.access$600(ClientCallImpl.java:467)
	at org.apache.ratis.thirdparty.io.grpc.internal.ClientCallImpl$ClientStreamListenerImpl$1StreamClosed.runInContext(ClientCallImpl.java:584)
	at org.apache.ratis.thirdparty.io.grpc.internal.ContextRunnable.run(ContextRunnable.java:37)
	at org.apache.ratis.thirdparty.io.grpc.internal.SerializingExecutor.run(SerializingExecutor.java:123)
	at java.util.concurrent.ThreadPoolExecutor.runWorker(ThreadPoolExecutor.java:1149)
	at java.util.concurrent.ThreadPoolExecutor$Worker.run(ThreadPoolExecutor.java:624)
	at java.lang.Thread.run(Thread.java:748)

]]></system-err>
  </testcase>
</testsuite>