<?xml version="1.0" encoding="UTF-8"?>
<testsuite xmlns:xsi="http://www.w3.org/2001/XMLSchema-instance" xsi:noNamespaceSchemaLocation="https://maven.apache.org/surefire/maven-surefire-plugin/xsd/surefire-test-report.xsd" name="org.apache.hadoop.ozone.client.rpc.TestMultiBlockWritesWithDnFailures" time="117.061" tests="2" errors="0" skipped="0" failures="1">
  <properties>
    <property name="awt.toolkit" value="sun.awt.X11.XToolkit"/>
    <property name="file.encoding.pkg" value="sun.io"/>
    <property name="java.specification.version" value="1.8"/>
    <property name="sun.cpu.isalist" value=""/>
    <property name="sun.jnu.encoding" value="ANSI_X3.4-1968"/>
    <property name="java.class.path" value="/workdir/hadoop-ozone/integration-test/target/test-classes:/workdir/hadoop-ozone/integration-test/target/classes:/home/user/.m2/repository/org/apache/hadoop/hadoop-ozone-common/0.5.0-SNAPSHOT/hadoop-ozone-common-0.5.0-SNAPSHOT.jar:/home/user/.m2/repository/org/apache/commons/commons-compress/1.4.1/commons-compress-1.4.1.jar:/home/user/.m2/repository/org/tukaani/xz/1.0/xz-1.0.jar:/home/user/.m2/repository/org/apache/hadoop/hadoop-common/3.2.0/hadoop-common-3.2.0.jar:/home/user/.m2/repository/org/apache/hadoop/hadoop-hdfs/3.2.0/hadoop-hdfs-3.2.0.jar:/home/user/.m2/repository/org/apache/hadoop/hadoop-hdfs-client/3.2.0/hadoop-hdfs-client-3.2.0.jar:/home/user/.m2/repository/com/fasterxml/jackson/core/jackson-annotations/2.9.9/jackson-annotations-2.9.9.jar:/home/user/.m2/repository/org/apache/hadoop/hadoop-hdds-common/0.5.0-SNAPSHOT/hadoop-hdds-common-0.5.0-SNAPSHOT.jar:/home/user/.m2/repository/javax/annotation/javax.annotation-api/1.2/javax.annotation-api-1.2.jar:/home/user/.m2/repository/org/apache/ratis/ratis-server/0.5.0-d6d58d0-SNAPSHOT/ratis-server-0.5.0-d6d58d0-SNAPSHOT.jar:/home/user/.m2/repository/org/apache/ratis/ratis-thirdparty-misc/0.2.0/ratis-thirdparty-misc-0.2.0.jar:/home/user/.m2/repository/org/apache/ratis/ratis-proto/0.5.0-d6d58d0-SNAPSHOT/ratis-proto-0.5.0-d6d58d0-SNAPSHOT.jar:/home/user/.m2/repository/org/apache/ratis/ratis-common/0.5.0-d6d58d0-SNAPSHOT/ratis-common-0.5.0-d6d58d0-SNAPSHOT.jar:/home/user/.m2/repository/org/apache/ratis/ratis-client/0.5.0-d6d58d0-SNAPSHOT/ratis-client-0.5.0-d6d58d0-SNAPSHOT.jar:/home/user/.m2/repository/org/apache/ratis/ratis-metrics/0.5.0-d6d58d0-SNAPSHOT/ratis-metrics-0.5.0-d6d58d0-SNAPSHOT.jar:/home/user/.m2/repository/org/apache/ratis/ratis-netty/0.5.0-d6d58d0-SNAPSHOT/ratis-netty-0.5.0-d6d58d0-SNAPSHOT.jar:/home/user/.m2/repository/org/apache/ratis/ratis-grpc/0.5.0-d6d58d0-SNAPSHOT/ratis-grpc-0.5.0-d6d58d0-SNAPSHOT.jar:/home/user/.m2/repository/org/rocksdb/rocksdbjni/6.0.1/rocksdbjni-6.0.1.jar:/home/user/.m2/repository/org/apache/logging/log4j/log4j-api/2.11.0/log4j-api-2.11.0.jar:/home/user/.m2/repository/org/apache/logging/log4j/log4j-core/2.11.0/log4j-core-2.11.0.jar:/home/user/.m2/repository/com/lmax/disruptor/3.4.2/disruptor-3.4.2.jar:/home/user/.m2/repository/org/apache/commons/commons-pool2/2.6.0/commons-pool2-2.6.0.jar:/home/user/.m2/repository/org/bouncycastle/bcpkix-jdk15on/1.60/bcpkix-jdk15on-1.60.jar:/home/user/.m2/repository/commons-validator/commons-validator/1.6/commons-validator-1.6.jar:/home/user/.m2/repository/commons-digester/commons-digester/1.8.1/commons-digester-1.8.1.jar:/home/user/.m2/repository/io/jaegertracing/jaeger-client/0.34.0/jaeger-client-0.34.0.jar:/home/user/.m2/repository/io/jaegertracing/jaeger-thrift/0.34.0/jaeger-thrift-0.34.0.jar:/home/user/.m2/repository/org/apache/thrift/libthrift/0.12.0/libthrift-0.12.0.jar:/home/user/.m2/repository/com/squareup/okhttp3/okhttp/3.9.0/okhttp-3.9.0.jar:/home/user/.m2/repository/com/squareup/okio/okio/1.13.0/okio-1.13.0.jar:/home/user/.m2/repository/io/jaegertracing/jaeger-core/0.34.0/jaeger-core-0.34.0.jar:/home/user/.m2/repository/io/jaegertracing/jaeger-tracerresolver/0.34.0/jaeger-tracerresolver-0.34.0.jar:/home/user/.m2/repository/io/opentracing/contrib/opentracing-tracerresolver/0.1.5/opentracing-tracerresolver-0.1.5.jar:/home/user/.m2/repository/io/opentracing/opentracing-util/0.31.0/opentracing-util-0.31.0.jar:/home/user/.m2/repository/io/opentracing/opentracing-api/0.31.0/opentracing-api-0.31.0.jar:/home/user/.m2/repository/io/opentracing/opentracing-noop/0.31.0/opentracing-noop-0.31.0.jar:/home/user/.m2/repository/org/apache/hadoop/hadoop-hdds-server-framework/0.5.0-SNAPSHOT/hadoop-hdds-server-framework-0.5.0-SNAPSHOT.jar:/home/user/.m2/repository/org/apache/hadoop/hadoop-hdds-container-service/0.5.0-SNAPSHOT/hadoop-hdds-container-service-0.5.0-SNAPSHOT.jar:/home/user/.m2/repository/org/apache/hadoop/hadoop-hdds-client/0.5.0-SNAPSHOT/hadoop-hdds-client-0.5.0-SNAPSHOT.jar:/home/user/.m2/repository/org/apache/hadoop/hadoop-hdds-tools/0.5.0-SNAPSHOT/hadoop-hdds-tools-0.5.0-SNAPSHOT.jar:/home/user/.m2/repository/org/apache/hadoop/hadoop-hdds-server-scm/0.5.0-SNAPSHOT/hadoop-hdds-server-scm-0.5.0-SNAPSHOT.jar:/home/user/.m2/repository/org/apache/hadoop/hadoop-hdds-docs/0.5.0-SNAPSHOT/hadoop-hdds-docs-0.5.0-SNAPSHOT.jar:/home/user/.m2/repository/io/dropwizard/metrics/metrics-core/3.2.4/metrics-core-3.2.4.jar:/home/user/.m2/repository/org/hamcrest/hamcrest-all/1.3/hamcrest-all-1.3.jar:/home/user/.m2/repository/org/bouncycastle/bcprov-jdk15on/1.60/bcprov-jdk15on-1.60.jar:/home/user/.m2/repository/info/picocli/picocli/3.9.6/picocli-3.9.6.jar:/home/user/.m2/repository/com/google/protobuf/protobuf-java/2.5.0/protobuf-java-2.5.0.jar:/home/user/.m2/repository/com/google/guava/guava/11.0.2/guava-11.0.2.jar:/home/user/.m2/repository/org/apache/hadoop/hadoop-ozone-ozone-manager/0.5.0-SNAPSHOT/hadoop-ozone-ozone-manager-0.5.0-SNAPSHOT.jar:/home/user/.m2/repository/org/apache/hadoop/hadoop-minikdc/3.2.0/hadoop-minikdc-3.2.0.jar:/home/user/.m2/repository/commons-io/commons-io/2.5/commons-io-2.5.jar:/home/user/.m2/repository/org/apache/kerby/kerb-simplekdc/1.0.1/kerb-simplekdc-1.0.1.jar:/home/user/.m2/repository/org/apache/kerby/kerb-client/1.0.1/kerb-client-1.0.1.jar:/home/user/.m2/repository/org/apache/kerby/kerby-config/1.0.1/kerby-config-1.0.1.jar:/home/user/.m2/repository/org/apache/kerby/kerb-core/1.0.1/kerb-core-1.0.1.jar:/home/user/.m2/repository/org/apache/kerby/kerby-pkix/1.0.1/kerby-pkix-1.0.1.jar:/home/user/.m2/repository/org/apache/kerby/kerby-asn1/1.0.1/kerby-asn1-1.0.1.jar:/home/user/.m2/repository/org/apache/kerby/kerby-util/1.0.1/kerby-util-1.0.1.jar:/home/user/.m2/repository/org/apache/kerby/kerb-common/1.0.1/kerb-common-1.0.1.jar:/home/user/.m2/repository/org/apache/kerby/kerb-crypto/1.0.1/kerb-crypto-1.0.1.jar:/home/user/.m2/repository/org/apache/kerby/kerb-util/1.0.1/kerb-util-1.0.1.jar:/home/user/.m2/repository/org/apache/kerby/token-provider/1.0.1/token-provider-1.0.1.jar:/home/user/.m2/repository/org/apache/kerby/kerb-admin/1.0.1/kerb-admin-1.0.1.jar:/home/user/.m2/repository/org/apache/kerby/kerb-server/1.0.1/kerb-server-1.0.1.jar:/home/user/.m2/repository/org/apache/kerby/kerb-identity/1.0.1/kerb-identity-1.0.1.jar:/home/user/.m2/repository/org/apache/kerby/kerby-xdr/1.0.1/kerby-xdr-1.0.1.jar:/home/user/.m2/repository/org/slf4j/slf4j-log4j12/1.7.25/slf4j-log4j12-1.7.25.jar:/home/user/.m2/repository/org/apache/hadoop/hadoop-ozone-s3gateway/0.5.0-SNAPSHOT/hadoop-ozone-s3gateway-0.5.0-SNAPSHOT.jar:/home/user/.m2/repository/org/jboss/weld/servlet/weld-servlet/2.4.7.Final/weld-servlet-2.4.7.Final.jar:/home/user/.m2/repository/org/glassfish/jersey/containers/jersey-container-servlet-core/2.27/jersey-container-servlet-core-2.27.jar:/home/user/.m2/repository/org/glassfish/hk2/external/javax.inject/2.5.0-b42/javax.inject-2.5.0-b42.jar:/home/user/.m2/repository/org/glassfish/jersey/core/jersey-common/2.27/jersey-common-2.27.jar:/home/user/.m2/repository/org/glassfish/hk2/osgi-resource-locator/1.0.1/osgi-resource-locator-1.0.1.jar:/home/user/.m2/repository/javax/ws/rs/javax.ws.rs-api/2.1/javax.ws.rs-api-2.1.jar:/home/user/.m2/repository/org/glassfish/jersey/ext/cdi/jersey-cdi1x/2.27/jersey-cdi1x-2.27.jar:/home/user/.m2/repository/org/glassfish/jersey/inject/jersey-hk2/2.27/jersey-hk2-2.27.jar:/home/user/.m2/repository/org/glassfish/hk2/hk2-locator/2.5.0-b42/hk2-locator-2.5.0-b42.jar:/home/user/.m2/repository/org/javassist/javassist/3.22.0-CR2/javassist-3.22.0-CR2.jar:/home/user/.m2/repository/org/glassfish/hk2/hk2-api/2.5.0/hk2-api-2.5.0.jar:/home/user/.m2/repository/org/glassfish/hk2/external/jakarta.inject/2.5.0/jakarta.inject-2.5.0.jar:/home/user/.m2/repository/org/glassfish/hk2/hk2-utils/2.5.0/hk2-utils-2.5.0.jar:/home/user/.m2/repository/jakarta/annotation/jakarta.annotation-api/1.3.4/jakarta.annotation-api-1.3.4.jar:/home/user/.m2/repository/org/glassfish/hk2/external/aopalliance-repackaged/2.5.0/aopalliance-repackaged-2.5.0.jar:/home/user/.m2/repository/com/fasterxml/jackson/dataformat/jackson-dataformat-xml/2.9.0/jackson-dataformat-xml-2.9.0.jar:/home/user/.m2/repository/com/fasterxml/jackson/core/jackson-core/2.9.9/jackson-core-2.9.9.jar:/home/user/.m2/repository/com/fasterxml/jackson/module/jackson-module-jaxb-annotations/2.9.9/jackson-module-jaxb-annotations-2.9.9.jar:/home/user/.m2/repository/javax/enterprise/cdi-api/1.2/cdi-api-1.2.jar:/home/user/.m2/repository/javax/el/javax.el-api/3.0.0/javax.el-api-3.0.0.jar:/home/user/.m2/repository/javax/interceptor/javax.interceptor-api/1.2/javax.interceptor-api-1.2.jar:/home/user/.m2/repository/javax/inject/javax.inject/1/javax.inject-1.jar:/home/user/.m2/repository/com/sun/xml/bind/jaxb-impl/2.3.0.1/jaxb-impl-2.3.0.1.jar:/home/user/.m2/repository/com/sun/xml/bind/jaxb-core/2.3.0.1/jaxb-core-2.3.0.1.jar:/home/user/.m2/repository/javax/xml/bind/jaxb-api/2.3.0/jaxb-api-2.3.0.jar:/home/user/.m2/repository/javax/activation/activation/1.1.1/activation-1.1.1.jar:/home/user/.m2/repository/org/apache/hadoop/hadoop-ozone-csi/0.5.0-SNAPSHOT/hadoop-ozone-csi-0.5.0-SNAPSHOT.jar:/home/user/.m2/repository/com/google/protobuf/protobuf-java-util/3.5.1/protobuf-java-util-3.5.1.jar:/home/user/.m2/repository/org/apache/hadoop/hadoop-hdds-config/0.5.0-SNAPSHOT/hadoop-hdds-config-0.5.0-SNAPSHOT.jar:/home/user/.m2/repository/io/grpc/grpc-netty/1.17.1/grpc-netty-1.17.1.jar:/home/user/.m2/repository/io/grpc/grpc-core/1.17.1/grpc-core-1.17.1.jar:/home/user/.m2/repository/io/grpc/grpc-context/1.17.1/grpc-context-1.17.1.jar:/home/user/.m2/repository/com/google/errorprone/error_prone_annotations/2.2.0/error_prone_annotations-2.2.0.jar:/home/user/.m2/repository/org/codehaus/mojo/animal-sniffer-annotations/1.17/animal-sniffer-annotations-1.17.jar:/home/user/.m2/repository/io/opencensus/opencensus-api/0.17.0/opencensus-api-0.17.0.jar:/home/user/.m2/repository/io/opencensus/opencensus-contrib-grpc-metrics/0.17.0/opencensus-contrib-grpc-metrics-0.17.0.jar:/home/user/.m2/repository/io/netty/netty-codec-http2/4.1.30.Final/netty-codec-http2-4.1.30.Final.jar:/home/user/.m2/repository/io/netty/netty-codec-http/4.1.30.Final/netty-codec-http-4.1.30.Final.jar:/home/user/.m2/repository/io/netty/netty-codec/4.1.30.Final/netty-codec-4.1.30.Final.jar:/home/user/.m2/repository/io/netty/netty-handler/4.1.30.Final/netty-handler-4.1.30.Final.jar:/home/user/.m2/repository/io/netty/netty-handler-proxy/4.1.30.Final/netty-handler-proxy-4.1.30.Final.jar:/home/user/.m2/repository/io/netty/netty-codec-socks/4.1.30.Final/netty-codec-socks-4.1.30.Final.jar:/home/user/.m2/repository/io/netty/netty-transport-native-epoll/4.1.30.Final/netty-transport-native-epoll-4.1.30.Final.jar:/home/user/.m2/repository/io/netty/netty-common/4.1.30.Final/netty-common-4.1.30.Final.jar:/home/user/.m2/repository/io/netty/netty-buffer/4.1.30.Final/netty-buffer-4.1.30.Final.jar:/home/user/.m2/repository/io/netty/netty-transport/4.1.30.Final/netty-transport-4.1.30.Final.jar:/home/user/.m2/repository/io/netty/netty-resolver/4.1.30.Final/netty-resolver-4.1.30.Final.jar:/home/user/.m2/repository/io/netty/netty-transport-native-unix-common/4.1.30.Final/netty-transport-native-unix-common-4.1.30.Final.jar:/home/user/.m2/repository/io/grpc/grpc-protobuf/1.17.1/grpc-protobuf-1.17.1.jar:/home/user/.m2/repository/com/google/api/grpc/proto-google-common-protos/1.0.0/proto-google-common-protos-1.0.0.jar:/home/user/.m2/repository/io/grpc/grpc-protobuf-lite/1.17.1/grpc-protobuf-lite-1.17.1.jar:/home/user/.m2/repository/io/grpc/grpc-stub/1.17.1/grpc-stub-1.17.1.jar:/home/user/.m2/repository/org/apache/hadoop/hadoop-ozone-recon/0.5.0-SNAPSHOT/hadoop-ozone-recon-0.5.0-SNAPSHOT.jar:/home/user/.m2/repository/org/apache/hadoop/hadoop-ozone-reconcodegen/0.5.0-SNAPSHOT/hadoop-ozone-reconcodegen-0.5.0-SNAPSHOT.jar:/home/user/.m2/repository/com/google/inject/extensions/guice-multibindings/4.0/guice-multibindings-4.0.jar:/home/user/.m2/repository/com/google/inject/guice/4.0/guice-4.0.jar:/home/user/.m2/repository/aopalliance/aopalliance/1.0/aopalliance-1.0.jar:/home/user/.m2/repository/com/google/inject/extensions/guice-servlet/4.0/guice-servlet-4.0.jar:/home/user/.m2/repository/org/glassfish/jersey/containers/jersey-container-servlet/2.27/jersey-container-servlet-2.27.jar:/home/user/.m2/repository/org/glassfish/hk2/guice-bridge/2.5.0/guice-bridge-2.5.0.jar:/home/user/.m2/repository/org/glassfish/jersey/core/jersey-server/2.27/jersey-server-2.27.jar:/home/user/.m2/repository/org/glassfish/jersey/core/jersey-client/2.27/jersey-client-2.27.jar:/home/user/.m2/repository/org/glassfish/jersey/media/jersey-media-jaxb/2.27/jersey-media-jaxb-2.27.jar:/home/user/.m2/repository/javax/validation/validation-api/1.1.0.Final/validation-api-1.1.0.Final.jar:/home/user/.m2/repository/org/glassfish/jersey/media/jersey-media-json-jackson/2.27/jersey-media-json-jackson-2.27.jar:/home/user/.m2/repository/org/glassfish/jersey/ext/jersey-entity-filtering/2.27/jersey-entity-filtering-2.27.jar:/home/user/.m2/repository/com/google/inject/extensions/guice-assistedinject/4.0/guice-assistedinject-4.0.jar:/home/user/.m2/repository/org/jooq/jooq/3.11.10/jooq-3.11.10.jar:/home/user/.m2/repository/org/jooq/jooq-meta/3.11.10/jooq-meta-3.11.10.jar:/home/user/.m2/repository/org/jooq/jooq-codegen/3.11.10/jooq-codegen-3.11.10.jar:/home/user/.m2/repository/com/jolbox/bonecp/0.8.0.RELEASE/bonecp-0.8.0.RELEASE.jar:/home/user/.m2/repository/org/xerial/sqlite-jdbc/3.25.2/sqlite-jdbc-3.25.2.jar:/home/user/.m2/repository/org/springframework/spring-jdbc/5.1.3.RELEASE/spring-jdbc-5.1.3.RELEASE.jar:/home/user/.m2/repository/org/springframework/spring-beans/5.1.3.RELEASE/spring-beans-5.1.3.RELEASE.jar:/home/user/.m2/repository/org/springframework/spring-core/5.1.3.RELEASE/spring-core-5.1.3.RELEASE.jar:/home/user/.m2/repository/org/springframework/spring-jcl/5.1.3.RELEASE/spring-jcl-5.1.3.RELEASE.jar:/home/user/.m2/repository/org/springframework/spring-tx/5.1.3.RELEASE/spring-tx-5.1.3.RELEASE.jar:/home/user/.m2/repository/org/apache/hadoop/hadoop-ozone-client/0.5.0-SNAPSHOT/hadoop-ozone-client-0.5.0-SNAPSHOT.jar:/home/user/.m2/repository/commons-lang/commons-lang/2.6/commons-lang-2.6.jar:/home/user/.m2/repository/org/apache/hadoop/hadoop-ozone-ozone-manager/0.5.0-SNAPSHOT/hadoop-ozone-ozone-manager-0.5.0-SNAPSHOT-tests.jar:/home/user/.m2/repository/junit/junit/4.11/junit-4.11.jar:/home/user/.m2/repository/org/hamcrest/hamcrest-core/1.3/hamcrest-core-1.3.jar:/home/user/.m2/repository/org/openjdk/jmh/jmh-core/1.19/jmh-core-1.19.jar:/home/user/.m2/repository/net/sf/jopt-simple/jopt-simple/4.6/jopt-simple-4.6.jar:/home/user/.m2/repository/org/apache/commons/commons-math3/3.1.1/commons-math3-3.1.1.jar:/home/user/.m2/repository/org/openjdk/jmh/jmh-generator-annprocess/1.19/jmh-generator-annprocess-1.19.jar:/home/user/.m2/repository/org/mockito/mockito-all/1.8.5/mockito-all-1.8.5.jar:/home/user/.m2/repository/org/apache/hadoop/hadoop-kms/3.2.0/hadoop-kms-3.2.0.jar:/home/user/.m2/repository/org/apache/hadoop/hadoop-auth/3.2.0/hadoop-auth-3.2.0.jar:/home/user/.m2/repository/com/nimbusds/nimbus-jose-jwt/4.41.1/nimbus-jose-jwt-4.41.1.jar:/home/user/.m2/repository/com/github/stephenc/jcip/jcip-annotations/1.0-1/jcip-annotations-1.0-1.jar:/home/user/.m2/repository/net/minidev/json-smart/2.3/json-smart-2.3.jar:/home/user/.m2/repository/net/minidev/accessors-smart/1.2/accessors-smart-1.2.jar:/home/user/.m2/repository/org/ow2/asm/asm/5.0.4/asm-5.0.4.jar:/home/user/.m2/repository/org/apache/curator/curator-framework/2.12.0/curator-framework-2.12.0.jar:/home/user/.m2/repository/com/sun/jersey/jersey-core/1.19/jersey-core-1.19.jar:/home/user/.m2/repository/javax/ws/rs/jsr311-api/1.1.1/jsr311-api-1.1.1.jar:/home/user/.m2/repository/com/sun/jersey/jersey-server/1.19/jersey-server-1.19.jar:/home/user/.m2/repository/javax/servlet/javax.servlet-api/3.1.0/javax.servlet-api-3.1.0.jar:/home/user/.m2/repository/org/eclipse/jetty/jetty-server/9.3.25.v20180904/jetty-server-9.3.25.v20180904.jar:/home/user/.m2/repository/org/eclipse/jetty/jetty-http/9.3.25.v20180904/jetty-http-9.3.25.v20180904.jar:/home/user/.m2/repository/org/eclipse/jetty/jetty-io/9.3.25.v20180904/jetty-io-9.3.25.v20180904.jar:/home/user/.m2/repository/org/eclipse/jetty/jetty-webapp/9.3.25.v20180904/jetty-webapp-9.3.25.v20180904.jar:/home/user/.m2/repository/org/eclipse/jetty/jetty-xml/9.3.25.v20180904/jetty-xml-9.3.25.v20180904.jar:/home/user/.m2/repository/log4j/log4j/1.2.17/log4j-1.2.17.jar:/home/user/.m2/repository/org/slf4j/slf4j-api/1.7.25/slf4j-api-1.7.25.jar:/home/user/.m2/repository/org/slf4j/jul-to-slf4j/1.7.25/jul-to-slf4j-1.7.25.jar:/home/user/.m2/repository/org/eclipse/jetty/jetty-util/9.3.25.v20180904/jetty-util-9.3.25.v20180904.jar:/home/user/.m2/repository/com/fasterxml/jackson/core/jackson-databind/2.9.9/jackson-databind-2.9.9.jar:/home/user/.m2/repository/org/apache/hadoop/hadoop-kms/3.2.0/hadoop-kms-3.2.0-tests.jar:/home/user/.m2/repository/org/apache/hadoop/hadoop-hdds-server-scm/0.5.0-SNAPSHOT/hadoop-hdds-server-scm-0.5.0-SNAPSHOT-tests.jar:/home/user/.m2/repository/org/apache/hadoop/hadoop-hdds-container-service/0.5.0-SNAPSHOT/hadoop-hdds-container-service-0.5.0-SNAPSHOT-tests.jar:/home/user/.m2/repository/org/yaml/snakeyaml/1.16/snakeyaml-1.16.jar:/home/user/.m2/repository/org/apache/hadoop/hadoop-common/3.2.0/hadoop-common-3.2.0-tests.jar:/home/user/.m2/repository/org/apache/hadoop/hadoop-annotations/3.2.0/hadoop-annotations-3.2.0.jar:/usr/lib/jvm/java-1.8.0-openjdk-1.8.0.222.b10-1.el7_7.x86_64/jre/../lib/tools.jar:/home/user/.m2/repository/commons-cli/commons-cli/1.2/commons-cli-1.2.jar:/home/user/.m2/repository/org/apache/httpcomponents/httpclient/4.5.2/httpclient-4.5.2.jar:/home/user/.m2/repository/org/apache/httpcomponents/httpcore/4.4.4/httpcore-4.4.4.jar:/home/user/.m2/repository/commons-codec/commons-codec/1.11/commons-codec-1.11.jar:/home/user/.m2/repository/commons-net/commons-net/3.6/commons-net-3.6.jar:/home/user/.m2/repository/commons-collections/commons-collections/3.2.2/commons-collections-3.2.2.jar:/home/user/.m2/repository/org/eclipse/jetty/jetty-servlet/9.3.25.v20180904/jetty-servlet-9.3.25.v20180904.jar:/home/user/.m2/repository/org/eclipse/jetty/jetty-security/9.3.25.v20180904/jetty-security-9.3.25.v20180904.jar:/home/user/.m2/repository/javax/servlet/jsp/jsp-api/2.1/jsp-api-2.1.jar:/home/user/.m2/repository/com/sun/jersey/jersey-servlet/1.19/jersey-servlet-1.19.jar:/home/user/.m2/repository/com/sun/jersey/jersey-json/1.19/jersey-json-1.19.jar:/home/user/.m2/repository/org/codehaus/jettison/jettison/1.1/jettison-1.1.jar:/home/user/.m2/repository/org/codehaus/jackson/jackson-core-asl/1.9.13/jackson-core-asl-1.9.13.jar:/home/user/.m2/repository/org/codehaus/jackson/jackson-mapper-asl/1.9.13/jackson-mapper-asl-1.9.13.jar:/home/user/.m2/repository/org/codehaus/jackson/jackson-jaxrs/1.9.13/jackson-jaxrs-1.9.13.jar:/home/user/.m2/repository/org/codehaus/jackson/jackson-xc/1.9.13/jackson-xc-1.9.13.jar:/home/user/.m2/repository/commons-logging/commons-logging/1.1.3/commons-logging-1.1.3.jar:/home/user/.m2/repository/commons-beanutils/commons-beanutils/1.9.4/commons-beanutils-1.9.4.jar:/home/user/.m2/repository/org/apache/commons/commons-configuration2/2.1.1/commons-configuration2-2.1.1.jar:/home/user/.m2/repository/org/apache/commons/commons-lang3/3.7/commons-lang3-3.7.jar:/home/user/.m2/repository/org/apache/commons/commons-text/1.4/commons-text-1.4.jar:/home/user/.m2/repository/org/apache/avro/avro/1.7.7/avro-1.7.7.jar:/home/user/.m2/repository/com/thoughtworks/paranamer/paranamer/2.3/paranamer-2.3.jar:/home/user/.m2/repository/org/xerial/snappy/snappy-java/1.0.5/snappy-java-1.0.5.jar:/home/user/.m2/repository/com/google/re2j/re2j/1.1/re2j-1.1.jar:/home/user/.m2/repository/com/google/code/gson/gson/2.2.4/gson-2.2.4.jar:/home/user/.m2/repository/com/jcraft/jsch/0.1.54/jsch-0.1.54.jar:/home/user/.m2/repository/org/apache/curator/curator-client/2.12.0/curator-client-2.12.0.jar:/home/user/.m2/repository/org/apache/curator/curator-recipes/2.12.0/curator-recipes-2.12.0.jar:/home/user/.m2/repository/com/google/code/findbugs/jsr305/3.0.0/jsr305-3.0.0.jar:/home/user/.m2/repository/org/apache/htrace/htrace-core4/4.1.0-incubating/htrace-core4-4.1.0-incubating.jar:/home/user/.m2/repository/org/apache/zookeeper/zookeeper/3.4.13/zookeeper-3.4.13.jar:/home/user/.m2/repository/jline/jline/0.9.94/jline-0.9.94.jar:/home/user/.m2/repository/org/apache/yetus/audience-annotations/0.5.0/audience-annotations-0.5.0.jar:/home/user/.m2/repository/org/codehaus/woodstox/stax2-api/3.1.4/stax2-api-3.1.4.jar:/home/user/.m2/repository/com/fasterxml/woodstox/woodstox-core/5.0.3/woodstox-core-5.0.3.jar:/home/user/.m2/repository/dnsjava/dnsjava/2.1.7/dnsjava-2.1.7.jar:/home/user/.m2/repository/org/apache/hadoop/hadoop-hdfs/3.2.0/hadoop-hdfs-3.2.0-tests.jar:/home/user/.m2/repository/org/eclipse/jetty/jetty-util-ajax/9.3.25.v20180904/jetty-util-ajax-9.3.25.v20180904.jar:/home/user/.m2/repository/commons-daemon/commons-daemon/1.0.13/commons-daemon-1.0.13.jar:/home/user/.m2/repository/io/netty/netty/3.10.5.Final/netty-3.10.5.Final.jar:/home/user/.m2/repository/io/netty/netty-all/4.0.52.Final/netty-all-4.0.52.Final.jar:/home/user/.m2/repository/org/fusesource/leveldbjni/leveldbjni-all/1.8/leveldbjni-all-1.8.jar:"/>
    <property name="java.vm.vendor" value="Oracle Corporation"/>
    <property name="sun.arch.data.model" value="64"/>
    <property name="test.build.dir" value="/workdir/hadoop-ozone/integration-test/target/test-dir"/>
    <property name="test.cache.data" value=""/>
    <property name="java.vendor.url" value="http://java.oracle.com/"/>
    <property name="user.timezone" value=""/>
    <property name="java.vm.specification.version" value="1.8"/>
    <property name="os.name" value="Linux"/>
    <property name="test.build.data" value="/workdir/hadoop-ozone/integration-test/target/test-dir"/>
    <property name="user.country" value="US"/>
    <property name="sun.java.launcher" value="SUN_STANDARD"/>
    <property name="sun.boot.library.path" value="/usr/lib/jvm/java-1.8.0-openjdk-1.8.0.222.b10-1.el7_7.x86_64/jre/lib/amd64"/>
    <property name="sun.java.command" value="/workdir/hadoop-ozone/integration-test/target/surefire/surefirebooter5097030864167498973.jar /workdir/hadoop-ozone/integration-test/target/surefire 2019-11-13T17-58-28_590-jvmRun1 surefire6699317321394090174tmp surefire_456922081702949123415tmp"/>
    <property name="surefire.test.class.path" value="/workdir/hadoop-ozone/integration-test/target/test-classes:/workdir/hadoop-ozone/integration-test/target/classes:/home/user/.m2/repository/org/apache/hadoop/hadoop-ozone-common/0.5.0-SNAPSHOT/hadoop-ozone-common-0.5.0-SNAPSHOT.jar:/home/user/.m2/repository/org/apache/commons/commons-compress/1.4.1/commons-compress-1.4.1.jar:/home/user/.m2/repository/org/tukaani/xz/1.0/xz-1.0.jar:/home/user/.m2/repository/org/apache/hadoop/hadoop-common/3.2.0/hadoop-common-3.2.0.jar:/home/user/.m2/repository/org/apache/hadoop/hadoop-hdfs/3.2.0/hadoop-hdfs-3.2.0.jar:/home/user/.m2/repository/org/apache/hadoop/hadoop-hdfs-client/3.2.0/hadoop-hdfs-client-3.2.0.jar:/home/user/.m2/repository/com/fasterxml/jackson/core/jackson-annotations/2.9.9/jackson-annotations-2.9.9.jar:/home/user/.m2/repository/org/apache/hadoop/hadoop-hdds-common/0.5.0-SNAPSHOT/hadoop-hdds-common-0.5.0-SNAPSHOT.jar:/home/user/.m2/repository/javax/annotation/javax.annotation-api/1.2/javax.annotation-api-1.2.jar:/home/user/.m2/repository/org/apache/ratis/ratis-server/0.5.0-d6d58d0-SNAPSHOT/ratis-server-0.5.0-d6d58d0-SNAPSHOT.jar:/home/user/.m2/repository/org/apache/ratis/ratis-thirdparty-misc/0.2.0/ratis-thirdparty-misc-0.2.0.jar:/home/user/.m2/repository/org/apache/ratis/ratis-proto/0.5.0-d6d58d0-SNAPSHOT/ratis-proto-0.5.0-d6d58d0-SNAPSHOT.jar:/home/user/.m2/repository/org/apache/ratis/ratis-common/0.5.0-d6d58d0-SNAPSHOT/ratis-common-0.5.0-d6d58d0-SNAPSHOT.jar:/home/user/.m2/repository/org/apache/ratis/ratis-client/0.5.0-d6d58d0-SNAPSHOT/ratis-client-0.5.0-d6d58d0-SNAPSHOT.jar:/home/user/.m2/repository/org/apache/ratis/ratis-metrics/0.5.0-d6d58d0-SNAPSHOT/ratis-metrics-0.5.0-d6d58d0-SNAPSHOT.jar:/home/user/.m2/repository/org/apache/ratis/ratis-netty/0.5.0-d6d58d0-SNAPSHOT/ratis-netty-0.5.0-d6d58d0-SNAPSHOT.jar:/home/user/.m2/repository/org/apache/ratis/ratis-grpc/0.5.0-d6d58d0-SNAPSHOT/ratis-grpc-0.5.0-d6d58d0-SNAPSHOT.jar:/home/user/.m2/repository/org/rocksdb/rocksdbjni/6.0.1/rocksdbjni-6.0.1.jar:/home/user/.m2/repository/org/apache/logging/log4j/log4j-api/2.11.0/log4j-api-2.11.0.jar:/home/user/.m2/repository/org/apache/logging/log4j/log4j-core/2.11.0/log4j-core-2.11.0.jar:/home/user/.m2/repository/com/lmax/disruptor/3.4.2/disruptor-3.4.2.jar:/home/user/.m2/repository/org/apache/commons/commons-pool2/2.6.0/commons-pool2-2.6.0.jar:/home/user/.m2/repository/org/bouncycastle/bcpkix-jdk15on/1.60/bcpkix-jdk15on-1.60.jar:/home/user/.m2/repository/commons-validator/commons-validator/1.6/commons-validator-1.6.jar:/home/user/.m2/repository/commons-digester/commons-digester/1.8.1/commons-digester-1.8.1.jar:/home/user/.m2/repository/io/jaegertracing/jaeger-client/0.34.0/jaeger-client-0.34.0.jar:/home/user/.m2/repository/io/jaegertracing/jaeger-thrift/0.34.0/jaeger-thrift-0.34.0.jar:/home/user/.m2/repository/org/apache/thrift/libthrift/0.12.0/libthrift-0.12.0.jar:/home/user/.m2/repository/com/squareup/okhttp3/okhttp/3.9.0/okhttp-3.9.0.jar:/home/user/.m2/repository/com/squareup/okio/okio/1.13.0/okio-1.13.0.jar:/home/user/.m2/repository/io/jaegertracing/jaeger-core/0.34.0/jaeger-core-0.34.0.jar:/home/user/.m2/repository/io/jaegertracing/jaeger-tracerresolver/0.34.0/jaeger-tracerresolver-0.34.0.jar:/home/user/.m2/repository/io/opentracing/contrib/opentracing-tracerresolver/0.1.5/opentracing-tracerresolver-0.1.5.jar:/home/user/.m2/repository/io/opentracing/opentracing-util/0.31.0/opentracing-util-0.31.0.jar:/home/user/.m2/repository/io/opentracing/opentracing-api/0.31.0/opentracing-api-0.31.0.jar:/home/user/.m2/repository/io/opentracing/opentracing-noop/0.31.0/opentracing-noop-0.31.0.jar:/home/user/.m2/repository/org/apache/hadoop/hadoop-hdds-server-framework/0.5.0-SNAPSHOT/hadoop-hdds-server-framework-0.5.0-SNAPSHOT.jar:/home/user/.m2/repository/org/apache/hadoop/hadoop-hdds-container-service/0.5.0-SNAPSHOT/hadoop-hdds-container-service-0.5.0-SNAPSHOT.jar:/home/user/.m2/repository/org/apache/hadoop/hadoop-hdds-client/0.5.0-SNAPSHOT/hadoop-hdds-client-0.5.0-SNAPSHOT.jar:/home/user/.m2/repository/org/apache/hadoop/hadoop-hdds-tools/0.5.0-SNAPSHOT/hadoop-hdds-tools-0.5.0-SNAPSHOT.jar:/home/user/.m2/repository/org/apache/hadoop/hadoop-hdds-server-scm/0.5.0-SNAPSHOT/hadoop-hdds-server-scm-0.5.0-SNAPSHOT.jar:/home/user/.m2/repository/org/apache/hadoop/hadoop-hdds-docs/0.5.0-SNAPSHOT/hadoop-hdds-docs-0.5.0-SNAPSHOT.jar:/home/user/.m2/repository/io/dropwizard/metrics/metrics-core/3.2.4/metrics-core-3.2.4.jar:/home/user/.m2/repository/org/hamcrest/hamcrest-all/1.3/hamcrest-all-1.3.jar:/home/user/.m2/repository/org/bouncycastle/bcprov-jdk15on/1.60/bcprov-jdk15on-1.60.jar:/home/user/.m2/repository/info/picocli/picocli/3.9.6/picocli-3.9.6.jar:/home/user/.m2/repository/com/google/protobuf/protobuf-java/2.5.0/protobuf-java-2.5.0.jar:/home/user/.m2/repository/com/google/guava/guava/11.0.2/guava-11.0.2.jar:/home/user/.m2/repository/org/apache/hadoop/hadoop-ozone-ozone-manager/0.5.0-SNAPSHOT/hadoop-ozone-ozone-manager-0.5.0-SNAPSHOT.jar:/home/user/.m2/repository/org/apache/hadoop/hadoop-minikdc/3.2.0/hadoop-minikdc-3.2.0.jar:/home/user/.m2/repository/commons-io/commons-io/2.5/commons-io-2.5.jar:/home/user/.m2/repository/org/apache/kerby/kerb-simplekdc/1.0.1/kerb-simplekdc-1.0.1.jar:/home/user/.m2/repository/org/apache/kerby/kerb-client/1.0.1/kerb-client-1.0.1.jar:/home/user/.m2/repository/org/apache/kerby/kerby-config/1.0.1/kerby-config-1.0.1.jar:/home/user/.m2/repository/org/apache/kerby/kerb-core/1.0.1/kerb-core-1.0.1.jar:/home/user/.m2/repository/org/apache/kerby/kerby-pkix/1.0.1/kerby-pkix-1.0.1.jar:/home/user/.m2/repository/org/apache/kerby/kerby-asn1/1.0.1/kerby-asn1-1.0.1.jar:/home/user/.m2/repository/org/apache/kerby/kerby-util/1.0.1/kerby-util-1.0.1.jar:/home/user/.m2/repository/org/apache/kerby/kerb-common/1.0.1/kerb-common-1.0.1.jar:/home/user/.m2/repository/org/apache/kerby/kerb-crypto/1.0.1/kerb-crypto-1.0.1.jar:/home/user/.m2/repository/org/apache/kerby/kerb-util/1.0.1/kerb-util-1.0.1.jar:/home/user/.m2/repository/org/apache/kerby/token-provider/1.0.1/token-provider-1.0.1.jar:/home/user/.m2/repository/org/apache/kerby/kerb-admin/1.0.1/kerb-admin-1.0.1.jar:/home/user/.m2/repository/org/apache/kerby/kerb-server/1.0.1/kerb-server-1.0.1.jar:/home/user/.m2/repository/org/apache/kerby/kerb-identity/1.0.1/kerb-identity-1.0.1.jar:/home/user/.m2/repository/org/apache/kerby/kerby-xdr/1.0.1/kerby-xdr-1.0.1.jar:/home/user/.m2/repository/org/slf4j/slf4j-log4j12/1.7.25/slf4j-log4j12-1.7.25.jar:/home/user/.m2/repository/org/apache/hadoop/hadoop-ozone-s3gateway/0.5.0-SNAPSHOT/hadoop-ozone-s3gateway-0.5.0-SNAPSHOT.jar:/home/user/.m2/repository/org/jboss/weld/servlet/weld-servlet/2.4.7.Final/weld-servlet-2.4.7.Final.jar:/home/user/.m2/repository/org/glassfish/jersey/containers/jersey-container-servlet-core/2.27/jersey-container-servlet-core-2.27.jar:/home/user/.m2/repository/org/glassfish/hk2/external/javax.inject/2.5.0-b42/javax.inject-2.5.0-b42.jar:/home/user/.m2/repository/org/glassfish/jersey/core/jersey-common/2.27/jersey-common-2.27.jar:/home/user/.m2/repository/org/glassfish/hk2/osgi-resource-locator/1.0.1/osgi-resource-locator-1.0.1.jar:/home/user/.m2/repository/javax/ws/rs/javax.ws.rs-api/2.1/javax.ws.rs-api-2.1.jar:/home/user/.m2/repository/org/glassfish/jersey/ext/cdi/jersey-cdi1x/2.27/jersey-cdi1x-2.27.jar:/home/user/.m2/repository/org/glassfish/jersey/inject/jersey-hk2/2.27/jersey-hk2-2.27.jar:/home/user/.m2/repository/org/glassfish/hk2/hk2-locator/2.5.0-b42/hk2-locator-2.5.0-b42.jar:/home/user/.m2/repository/org/javassist/javassist/3.22.0-CR2/javassist-3.22.0-CR2.jar:/home/user/.m2/repository/org/glassfish/hk2/hk2-api/2.5.0/hk2-api-2.5.0.jar:/home/user/.m2/repository/org/glassfish/hk2/external/jakarta.inject/2.5.0/jakarta.inject-2.5.0.jar:/home/user/.m2/repository/org/glassfish/hk2/hk2-utils/2.5.0/hk2-utils-2.5.0.jar:/home/user/.m2/repository/jakarta/annotation/jakarta.annotation-api/1.3.4/jakarta.annotation-api-1.3.4.jar:/home/user/.m2/repository/org/glassfish/hk2/external/aopalliance-repackaged/2.5.0/aopalliance-repackaged-2.5.0.jar:/home/user/.m2/repository/com/fasterxml/jackson/dataformat/jackson-dataformat-xml/2.9.0/jackson-dataformat-xml-2.9.0.jar:/home/user/.m2/repository/com/fasterxml/jackson/core/jackson-core/2.9.9/jackson-core-2.9.9.jar:/home/user/.m2/repository/com/fasterxml/jackson/module/jackson-module-jaxb-annotations/2.9.9/jackson-module-jaxb-annotations-2.9.9.jar:/home/user/.m2/repository/javax/enterprise/cdi-api/1.2/cdi-api-1.2.jar:/home/user/.m2/repository/javax/el/javax.el-api/3.0.0/javax.el-api-3.0.0.jar:/home/user/.m2/repository/javax/interceptor/javax.interceptor-api/1.2/javax.interceptor-api-1.2.jar:/home/user/.m2/repository/javax/inject/javax.inject/1/javax.inject-1.jar:/home/user/.m2/repository/com/sun/xml/bind/jaxb-impl/2.3.0.1/jaxb-impl-2.3.0.1.jar:/home/user/.m2/repository/com/sun/xml/bind/jaxb-core/2.3.0.1/jaxb-core-2.3.0.1.jar:/home/user/.m2/repository/javax/xml/bind/jaxb-api/2.3.0/jaxb-api-2.3.0.jar:/home/user/.m2/repository/javax/activation/activation/1.1.1/activation-1.1.1.jar:/home/user/.m2/repository/org/apache/hadoop/hadoop-ozone-csi/0.5.0-SNAPSHOT/hadoop-ozone-csi-0.5.0-SNAPSHOT.jar:/home/user/.m2/repository/com/google/protobuf/protobuf-java-util/3.5.1/protobuf-java-util-3.5.1.jar:/home/user/.m2/repository/org/apache/hadoop/hadoop-hdds-config/0.5.0-SNAPSHOT/hadoop-hdds-config-0.5.0-SNAPSHOT.jar:/home/user/.m2/repository/io/grpc/grpc-netty/1.17.1/grpc-netty-1.17.1.jar:/home/user/.m2/repository/io/grpc/grpc-core/1.17.1/grpc-core-1.17.1.jar:/home/user/.m2/repository/io/grpc/grpc-context/1.17.1/grpc-context-1.17.1.jar:/home/user/.m2/repository/com/google/errorprone/error_prone_annotations/2.2.0/error_prone_annotations-2.2.0.jar:/home/user/.m2/repository/org/codehaus/mojo/animal-sniffer-annotations/1.17/animal-sniffer-annotations-1.17.jar:/home/user/.m2/repository/io/opencensus/opencensus-api/0.17.0/opencensus-api-0.17.0.jar:/home/user/.m2/repository/io/opencensus/opencensus-contrib-grpc-metrics/0.17.0/opencensus-contrib-grpc-metrics-0.17.0.jar:/home/user/.m2/repository/io/netty/netty-codec-http2/4.1.30.Final/netty-codec-http2-4.1.30.Final.jar:/home/user/.m2/repository/io/netty/netty-codec-http/4.1.30.Final/netty-codec-http-4.1.30.Final.jar:/home/user/.m2/repository/io/netty/netty-codec/4.1.30.Final/netty-codec-4.1.30.Final.jar:/home/user/.m2/repository/io/netty/netty-handler/4.1.30.Final/netty-handler-4.1.30.Final.jar:/home/user/.m2/repository/io/netty/netty-handler-proxy/4.1.30.Final/netty-handler-proxy-4.1.30.Final.jar:/home/user/.m2/repository/io/netty/netty-codec-socks/4.1.30.Final/netty-codec-socks-4.1.30.Final.jar:/home/user/.m2/repository/io/netty/netty-transport-native-epoll/4.1.30.Final/netty-transport-native-epoll-4.1.30.Final.jar:/home/user/.m2/repository/io/netty/netty-common/4.1.30.Final/netty-common-4.1.30.Final.jar:/home/user/.m2/repository/io/netty/netty-buffer/4.1.30.Final/netty-buffer-4.1.30.Final.jar:/home/user/.m2/repository/io/netty/netty-transport/4.1.30.Final/netty-transport-4.1.30.Final.jar:/home/user/.m2/repository/io/netty/netty-resolver/4.1.30.Final/netty-resolver-4.1.30.Final.jar:/home/user/.m2/repository/io/netty/netty-transport-native-unix-common/4.1.30.Final/netty-transport-native-unix-common-4.1.30.Final.jar:/home/user/.m2/repository/io/grpc/grpc-protobuf/1.17.1/grpc-protobuf-1.17.1.jar:/home/user/.m2/repository/com/google/api/grpc/proto-google-common-protos/1.0.0/proto-google-common-protos-1.0.0.jar:/home/user/.m2/repository/io/grpc/grpc-protobuf-lite/1.17.1/grpc-protobuf-lite-1.17.1.jar:/home/user/.m2/repository/io/grpc/grpc-stub/1.17.1/grpc-stub-1.17.1.jar:/home/user/.m2/repository/org/apache/hadoop/hadoop-ozone-recon/0.5.0-SNAPSHOT/hadoop-ozone-recon-0.5.0-SNAPSHOT.jar:/home/user/.m2/repository/org/apache/hadoop/hadoop-ozone-reconcodegen/0.5.0-SNAPSHOT/hadoop-ozone-reconcodegen-0.5.0-SNAPSHOT.jar:/home/user/.m2/repository/com/google/inject/extensions/guice-multibindings/4.0/guice-multibindings-4.0.jar:/home/user/.m2/repository/com/google/inject/guice/4.0/guice-4.0.jar:/home/user/.m2/repository/aopalliance/aopalliance/1.0/aopalliance-1.0.jar:/home/user/.m2/repository/com/google/inject/extensions/guice-servlet/4.0/guice-servlet-4.0.jar:/home/user/.m2/repository/org/glassfish/jersey/containers/jersey-container-servlet/2.27/jersey-container-servlet-2.27.jar:/home/user/.m2/repository/org/glassfish/hk2/guice-bridge/2.5.0/guice-bridge-2.5.0.jar:/home/user/.m2/repository/org/glassfish/jersey/core/jersey-server/2.27/jersey-server-2.27.jar:/home/user/.m2/repository/org/glassfish/jersey/core/jersey-client/2.27/jersey-client-2.27.jar:/home/user/.m2/repository/org/glassfish/jersey/media/jersey-media-jaxb/2.27/jersey-media-jaxb-2.27.jar:/home/user/.m2/repository/javax/validation/validation-api/1.1.0.Final/validation-api-1.1.0.Final.jar:/home/user/.m2/repository/org/glassfish/jersey/media/jersey-media-json-jackson/2.27/jersey-media-json-jackson-2.27.jar:/home/user/.m2/repository/org/glassfish/jersey/ext/jersey-entity-filtering/2.27/jersey-entity-filtering-2.27.jar:/home/user/.m2/repository/com/google/inject/extensions/guice-assistedinject/4.0/guice-assistedinject-4.0.jar:/home/user/.m2/repository/org/jooq/jooq/3.11.10/jooq-3.11.10.jar:/home/user/.m2/repository/org/jooq/jooq-meta/3.11.10/jooq-meta-3.11.10.jar:/home/user/.m2/repository/org/jooq/jooq-codegen/3.11.10/jooq-codegen-3.11.10.jar:/home/user/.m2/repository/com/jolbox/bonecp/0.8.0.RELEASE/bonecp-0.8.0.RELEASE.jar:/home/user/.m2/repository/org/xerial/sqlite-jdbc/3.25.2/sqlite-jdbc-3.25.2.jar:/home/user/.m2/repository/org/springframework/spring-jdbc/5.1.3.RELEASE/spring-jdbc-5.1.3.RELEASE.jar:/home/user/.m2/repository/org/springframework/spring-beans/5.1.3.RELEASE/spring-beans-5.1.3.RELEASE.jar:/home/user/.m2/repository/org/springframework/spring-core/5.1.3.RELEASE/spring-core-5.1.3.RELEASE.jar:/home/user/.m2/repository/org/springframework/spring-jcl/5.1.3.RELEASE/spring-jcl-5.1.3.RELEASE.jar:/home/user/.m2/repository/org/springframework/spring-tx/5.1.3.RELEASE/spring-tx-5.1.3.RELEASE.jar:/home/user/.m2/repository/org/apache/hadoop/hadoop-ozone-client/0.5.0-SNAPSHOT/hadoop-ozone-client-0.5.0-SNAPSHOT.jar:/home/user/.m2/repository/commons-lang/commons-lang/2.6/commons-lang-2.6.jar:/home/user/.m2/repository/org/apache/hadoop/hadoop-ozone-ozone-manager/0.5.0-SNAPSHOT/hadoop-ozone-ozone-manager-0.5.0-SNAPSHOT-tests.jar:/home/user/.m2/repository/junit/junit/4.11/junit-4.11.jar:/home/user/.m2/repository/org/hamcrest/hamcrest-core/1.3/hamcrest-core-1.3.jar:/home/user/.m2/repository/org/openjdk/jmh/jmh-core/1.19/jmh-core-1.19.jar:/home/user/.m2/repository/net/sf/jopt-simple/jopt-simple/4.6/jopt-simple-4.6.jar:/home/user/.m2/repository/org/apache/commons/commons-math3/3.1.1/commons-math3-3.1.1.jar:/home/user/.m2/repository/org/openjdk/jmh/jmh-generator-annprocess/1.19/jmh-generator-annprocess-1.19.jar:/home/user/.m2/repository/org/mockito/mockito-all/1.8.5/mockito-all-1.8.5.jar:/home/user/.m2/repository/org/apache/hadoop/hadoop-kms/3.2.0/hadoop-kms-3.2.0.jar:/home/user/.m2/repository/org/apache/hadoop/hadoop-auth/3.2.0/hadoop-auth-3.2.0.jar:/home/user/.m2/repository/com/nimbusds/nimbus-jose-jwt/4.41.1/nimbus-jose-jwt-4.41.1.jar:/home/user/.m2/repository/com/github/stephenc/jcip/jcip-annotations/1.0-1/jcip-annotations-1.0-1.jar:/home/user/.m2/repository/net/minidev/json-smart/2.3/json-smart-2.3.jar:/home/user/.m2/repository/net/minidev/accessors-smart/1.2/accessors-smart-1.2.jar:/home/user/.m2/repository/org/ow2/asm/asm/5.0.4/asm-5.0.4.jar:/home/user/.m2/repository/org/apache/curator/curator-framework/2.12.0/curator-framework-2.12.0.jar:/home/user/.m2/repository/com/sun/jersey/jersey-core/1.19/jersey-core-1.19.jar:/home/user/.m2/repository/javax/ws/rs/jsr311-api/1.1.1/jsr311-api-1.1.1.jar:/home/user/.m2/repository/com/sun/jersey/jersey-server/1.19/jersey-server-1.19.jar:/home/user/.m2/repository/javax/servlet/javax.servlet-api/3.1.0/javax.servlet-api-3.1.0.jar:/home/user/.m2/repository/org/eclipse/jetty/jetty-server/9.3.25.v20180904/jetty-server-9.3.25.v20180904.jar:/home/user/.m2/repository/org/eclipse/jetty/jetty-http/9.3.25.v20180904/jetty-http-9.3.25.v20180904.jar:/home/user/.m2/repository/org/eclipse/jetty/jetty-io/9.3.25.v20180904/jetty-io-9.3.25.v20180904.jar:/home/user/.m2/repository/org/eclipse/jetty/jetty-webapp/9.3.25.v20180904/jetty-webapp-9.3.25.v20180904.jar:/home/user/.m2/repository/org/eclipse/jetty/jetty-xml/9.3.25.v20180904/jetty-xml-9.3.25.v20180904.jar:/home/user/.m2/repository/log4j/log4j/1.2.17/log4j-1.2.17.jar:/home/user/.m2/repository/org/slf4j/slf4j-api/1.7.25/slf4j-api-1.7.25.jar:/home/user/.m2/repository/org/slf4j/jul-to-slf4j/1.7.25/jul-to-slf4j-1.7.25.jar:/home/user/.m2/repository/org/eclipse/jetty/jetty-util/9.3.25.v20180904/jetty-util-9.3.25.v20180904.jar:/home/user/.m2/repository/com/fasterxml/jackson/core/jackson-databind/2.9.9/jackson-databind-2.9.9.jar:/home/user/.m2/repository/org/apache/hadoop/hadoop-kms/3.2.0/hadoop-kms-3.2.0-tests.jar:/home/user/.m2/repository/org/apache/hadoop/hadoop-hdds-server-scm/0.5.0-SNAPSHOT/hadoop-hdds-server-scm-0.5.0-SNAPSHOT-tests.jar:/home/user/.m2/repository/org/apache/hadoop/hadoop-hdds-container-service/0.5.0-SNAPSHOT/hadoop-hdds-container-service-0.5.0-SNAPSHOT-tests.jar:/home/user/.m2/repository/org/yaml/snakeyaml/1.16/snakeyaml-1.16.jar:/home/user/.m2/repository/org/apache/hadoop/hadoop-common/3.2.0/hadoop-common-3.2.0-tests.jar:/home/user/.m2/repository/org/apache/hadoop/hadoop-annotations/3.2.0/hadoop-annotations-3.2.0.jar:/usr/lib/jvm/java-1.8.0-openjdk-1.8.0.222.b10-1.el7_7.x86_64/jre/../lib/tools.jar:/home/user/.m2/repository/commons-cli/commons-cli/1.2/commons-cli-1.2.jar:/home/user/.m2/repository/org/apache/httpcomponents/httpclient/4.5.2/httpclient-4.5.2.jar:/home/user/.m2/repository/org/apache/httpcomponents/httpcore/4.4.4/httpcore-4.4.4.jar:/home/user/.m2/repository/commons-codec/commons-codec/1.11/commons-codec-1.11.jar:/home/user/.m2/repository/commons-net/commons-net/3.6/commons-net-3.6.jar:/home/user/.m2/repository/commons-collections/commons-collections/3.2.2/commons-collections-3.2.2.jar:/home/user/.m2/repository/org/eclipse/jetty/jetty-servlet/9.3.25.v20180904/jetty-servlet-9.3.25.v20180904.jar:/home/user/.m2/repository/org/eclipse/jetty/jetty-security/9.3.25.v20180904/jetty-security-9.3.25.v20180904.jar:/home/user/.m2/repository/javax/servlet/jsp/jsp-api/2.1/jsp-api-2.1.jar:/home/user/.m2/repository/com/sun/jersey/jersey-servlet/1.19/jersey-servlet-1.19.jar:/home/user/.m2/repository/com/sun/jersey/jersey-json/1.19/jersey-json-1.19.jar:/home/user/.m2/repository/org/codehaus/jettison/jettison/1.1/jettison-1.1.jar:/home/user/.m2/repository/org/codehaus/jackson/jackson-core-asl/1.9.13/jackson-core-asl-1.9.13.jar:/home/user/.m2/repository/org/codehaus/jackson/jackson-mapper-asl/1.9.13/jackson-mapper-asl-1.9.13.jar:/home/user/.m2/repository/org/codehaus/jackson/jackson-jaxrs/1.9.13/jackson-jaxrs-1.9.13.jar:/home/user/.m2/repository/org/codehaus/jackson/jackson-xc/1.9.13/jackson-xc-1.9.13.jar:/home/user/.m2/repository/commons-logging/commons-logging/1.1.3/commons-logging-1.1.3.jar:/home/user/.m2/repository/commons-beanutils/commons-beanutils/1.9.4/commons-beanutils-1.9.4.jar:/home/user/.m2/repository/org/apache/commons/commons-configuration2/2.1.1/commons-configuration2-2.1.1.jar:/home/user/.m2/repository/org/apache/commons/commons-lang3/3.7/commons-lang3-3.7.jar:/home/user/.m2/repository/org/apache/commons/commons-text/1.4/commons-text-1.4.jar:/home/user/.m2/repository/org/apache/avro/avro/1.7.7/avro-1.7.7.jar:/home/user/.m2/repository/com/thoughtworks/paranamer/paranamer/2.3/paranamer-2.3.jar:/home/user/.m2/repository/org/xerial/snappy/snappy-java/1.0.5/snappy-java-1.0.5.jar:/home/user/.m2/repository/com/google/re2j/re2j/1.1/re2j-1.1.jar:/home/user/.m2/repository/com/google/code/gson/gson/2.2.4/gson-2.2.4.jar:/home/user/.m2/repository/com/jcraft/jsch/0.1.54/jsch-0.1.54.jar:/home/user/.m2/repository/org/apache/curator/curator-client/2.12.0/curator-client-2.12.0.jar:/home/user/.m2/repository/org/apache/curator/curator-recipes/2.12.0/curator-recipes-2.12.0.jar:/home/user/.m2/repository/com/google/code/findbugs/jsr305/3.0.0/jsr305-3.0.0.jar:/home/user/.m2/repository/org/apache/htrace/htrace-core4/4.1.0-incubating/htrace-core4-4.1.0-incubating.jar:/home/user/.m2/repository/org/apache/zookeeper/zookeeper/3.4.13/zookeeper-3.4.13.jar:/home/user/.m2/repository/jline/jline/0.9.94/jline-0.9.94.jar:/home/user/.m2/repository/org/apache/yetus/audience-annotations/0.5.0/audience-annotations-0.5.0.jar:/home/user/.m2/repository/org/codehaus/woodstox/stax2-api/3.1.4/stax2-api-3.1.4.jar:/home/user/.m2/repository/com/fasterxml/woodstox/woodstox-core/5.0.3/woodstox-core-5.0.3.jar:/home/user/.m2/repository/dnsjava/dnsjava/2.1.7/dnsjava-2.1.7.jar:/home/user/.m2/repository/org/apache/hadoop/hadoop-hdfs/3.2.0/hadoop-hdfs-3.2.0-tests.jar:/home/user/.m2/repository/org/eclipse/jetty/jetty-util-ajax/9.3.25.v20180904/jetty-util-ajax-9.3.25.v20180904.jar:/home/user/.m2/repository/commons-daemon/commons-daemon/1.0.13/commons-daemon-1.0.13.jar:/home/user/.m2/repository/io/netty/netty/3.10.5.Final/netty-3.10.5.Final.jar:/home/user/.m2/repository/io/netty/netty-all/4.0.52.Final/netty-all-4.0.52.Final.jar:/home/user/.m2/repository/org/fusesource/leveldbjni/leveldbjni-all/1.8/leveldbjni-all-1.8.jar:"/>
    <property name="sun.cpu.endian" value="little"/>
    <property name="user.home" value="/home/user"/>
    <property name="user.language" value="en"/>
    <property name="java.specification.vendor" value="Oracle Corporation"/>
    <property name="java.home" value="/usr/lib/jvm/java-1.8.0-openjdk-1.8.0.222.b10-1.el7_7.x86_64/jre"/>
    <property name="surefire.excludesFile" value="/tools/ozone-bad-unit-tests"/>
    <property name="java.security.krb5.conf" value="/workdir/hadoop-ozone/integration-test/target/test-classes/krb5.conf"/>
    <property name="basedir" value="/workdir/hadoop-ozone/integration-test"/>
    <property name="file.separator" value="/"/>
    <property name="line.separator" value="&#10;"/>
    <property name="java.vm.specification.vendor" value="Oracle Corporation"/>
    <property name="java.specification.name" value="Java Platform API Specification"/>
    <property name="java.awt.graphicsenv" value="sun.awt.X11GraphicsEnvironment"/>
    <property name="surefire.real.class.path" value="/workdir/hadoop-ozone/integration-test/target/surefire/surefirebooter5097030864167498973.jar"/>
    <property name="hadoop.log.dir" value="/workdir/hadoop-ozone/integration-test/target/log"/>
    <property name="sun.boot.class.path" value="/usr/lib/jvm/java-1.8.0-openjdk-1.8.0.222.b10-1.el7_7.x86_64/jre/lib/resources.jar:/usr/lib/jvm/java-1.8.0-openjdk-1.8.0.222.b10-1.el7_7.x86_64/jre/lib/rt.jar:/usr/lib/jvm/java-1.8.0-openjdk-1.8.0.222.b10-1.el7_7.x86_64/jre/lib/sunrsasign.jar:/usr/lib/jvm/java-1.8.0-openjdk-1.8.0.222.b10-1.el7_7.x86_64/jre/lib/jsse.jar:/usr/lib/jvm/java-1.8.0-openjdk-1.8.0.222.b10-1.el7_7.x86_64/jre/lib/jce.jar:/usr/lib/jvm/java-1.8.0-openjdk-1.8.0.222.b10-1.el7_7.x86_64/jre/lib/charsets.jar:/usr/lib/jvm/java-1.8.0-openjdk-1.8.0.222.b10-1.el7_7.x86_64/jre/lib/jfr.jar:/usr/lib/jvm/java-1.8.0-openjdk-1.8.0.222.b10-1.el7_7.x86_64/jre/classes"/>
    <property name="sun.management.compiler" value="HotSpot 64-Bit Tiered Compilers"/>
    <property name="java.runtime.version" value="1.8.0_222-b10"/>
    <property name="java.net.preferIPv4Stack" value="true"/>
    <property name="user.name" value="jenkins1000"/>
    <property name="path.separator" value=":"/>
    <property name="java.security.egd" value="file:///dev/urandom"/>
    <property name="os.version" value="3.10.0-957.12.2.el7.x86_64"/>
    <property name="java.endorsed.dirs" value="/usr/lib/jvm/java-1.8.0-openjdk-1.8.0.222.b10-1.el7_7.x86_64/jre/lib/endorsed"/>
    <property name="java.runtime.name" value="OpenJDK Runtime Environment"/>
    <property name="file.encoding" value="ANSI_X3.4-1968"/>
    <property name="java.vm.name" value="OpenJDK 64-Bit Server VM"/>
    <property name="test.build.webapps" value=""/>
    <property name="localRepository" value="/home/user/.m2/repository"/>
    <property name="java.vendor.url.bug" value="http://bugreport.sun.com/bugreport/"/>
    <property name="java.io.tmpdir" value="/tmp"/>
    <property name="require.test.libhadoop" value=""/>
    <property name="java.version" value="1.8.0_222"/>
    <property name="user.dir" value="/workdir/hadoop-ozone/integration-test"/>
    <property name="os.arch" value="amd64"/>
    <property name="java.vm.specification.name" value="Java Virtual Machine Specification"/>
    <property name="test.build.classes" value="/workdir/hadoop-ozone/integration-test/target/test-classes"/>
    <property name="java.awt.printerjob" value="sun.print.PSPrinterJob"/>
    <property name="sun.os.patch.level" value="unknown"/>
    <property name="hadoop.tmp.dir" value="/workdir/hadoop-ozone/integration-test/target/tmp"/>
    <property name="java.library.path" value="/usr/lib:/workdir/hadoop-ozone/integration-test/target/native/target/usr/local/lib:/workdir/hadoop-ozone/integration-test/../../hadoop-common-project/hadoop-common/target/native/target/usr/local/lib:/usr/java/packages/lib/amd64:/usr/lib64:/lib64:/lib:/usr/lib"/>
    <property name="java.vm.info" value="mixed mode"/>
    <property name="java.vendor" value="Oracle Corporation"/>
    <property name="java.vm.version" value="25.222-b10"/>
    <property name="java.ext.dirs" value="/usr/lib/jvm/java-1.8.0-openjdk-1.8.0.222.b10-1.el7_7.x86_64/jre/lib/ext:/usr/java/packages/lib/ext"/>
    <property name="sun.io.unicode.encoding" value="UnicodeLittle"/>
    <property name="java.class.version" value="52.0"/>
  </properties>
  <testcase name="testMultiBlockWritesWithIntermittentDnFailures" classname="org.apache.hadoop.ozone.client.rpc.TestMultiBlockWritesWithDnFailures" time="39.759">
    <failure message="expected:&lt;6&gt; but was:&lt;3&gt;" type="java.lang.AssertionError"><![CDATA[java.lang.AssertionError: expected:<6> but was:<3>
	at org.junit.Assert.fail(Assert.java:88)
	at org.junit.Assert.failNotEquals(Assert.java:743)
	at org.junit.Assert.assertEquals(Assert.java:118)
	at org.junit.Assert.assertEquals(Assert.java:555)
	at org.junit.Assert.assertEquals(Assert.java:542)
	at org.apache.hadoop.ozone.client.rpc.TestMultiBlockWritesWithDnFailures.testMultiBlockWritesWithIntermittentDnFailures(TestMultiBlockWritesWithDnFailures.java:176)
	at sun.reflect.NativeMethodAccessorImpl.invoke0(Native Method)
	at sun.reflect.NativeMethodAccessorImpl.invoke(NativeMethodAccessorImpl.java:62)
	at sun.reflect.DelegatingMethodAccessorImpl.invoke(DelegatingMethodAccessorImpl.java:43)
	at java.lang.reflect.Method.invoke(Method.java:498)
	at org.junit.runners.model.FrameworkMethod$1.runReflectiveCall(FrameworkMethod.java:47)
	at org.junit.internal.runners.model.ReflectiveCallable.run(ReflectiveCallable.java:12)
	at org.junit.runners.model.FrameworkMethod.invokeExplosively(FrameworkMethod.java:44)
	at org.junit.internal.runners.statements.InvokeMethod.evaluate(InvokeMethod.java:17)
	at org.junit.internal.runners.statements.RunAfters.evaluate(RunAfters.java:27)
	at org.junit.runners.ParentRunner.runLeaf(ParentRunner.java:271)
	at org.junit.runners.BlockJUnit4ClassRunner.runChild(BlockJUnit4ClassRunner.java:70)
	at org.junit.runners.BlockJUnit4ClassRunner.runChild(BlockJUnit4ClassRunner.java:50)
	at org.junit.runners.ParentRunner$3.run(ParentRunner.java:238)
	at org.junit.runners.ParentRunner$1.schedule(ParentRunner.java:63)
	at org.junit.runners.ParentRunner.runChildren(ParentRunner.java:236)
	at org.junit.runners.ParentRunner.access$000(ParentRunner.java:53)
	at org.junit.runners.ParentRunner$2.evaluate(ParentRunner.java:229)
	at org.junit.runners.ParentRunner.run(ParentRunner.java:309)
	at org.apache.maven.surefire.junit4.JUnit4Provider.execute(JUnit4Provider.java:365)
	at org.apache.maven.surefire.junit4.JUnit4Provider.executeWithRerun(JUnit4Provider.java:273)
	at org.apache.maven.surefire.junit4.JUnit4Provider.executeTestSet(JUnit4Provider.java:238)
	at org.apache.maven.surefire.junit4.JUnit4Provider.invoke(JUnit4Provider.java:159)
	at org.apache.maven.surefire.booter.ForkedBooter.invokeProviderInSameClassLoader(ForkedBooter.java:384)
	at org.apache.maven.surefire.booter.ForkedBooter.runSuitesInProcess(ForkedBooter.java:345)
	at org.apache.maven.surefire.booter.ForkedBooter.execute(ForkedBooter.java:126)
	at org.apache.maven.surefire.booter.ForkedBooter.main(ForkedBooter.java:418)
]]></failure>
    <system-out><![CDATA[2019-11-13 18:48:03,698 [main] WARN  server.ServerUtils (ServerUtils.java:getScmDbDir(145)) - ozone.scm.db.dirs is not configured. We recommend adding this setting. Falling back to ozone.metadata.dirs instead.
2019-11-13 18:48:03,802 [main] WARN  server.ServerUtils (ServerUtils.java:getScmDbDir(145)) - ozone.scm.db.dirs is not configured. We recommend adding this setting. Falling back to ozone.metadata.dirs instead.
2019-11-13 18:48:03,805 [main] WARN  server.ServerUtils (ServerUtils.java:getScmDbDir(145)) - ozone.scm.db.dirs is not configured. We recommend adding this setting. Falling back to ozone.metadata.dirs instead.
2019-11-13 18:48:03,832 [main] INFO  util.log (Log.java:initialized(192)) - Logging initialized @812ms
2019-11-13 18:48:03,939 [main] INFO  db.DBStoreBuilder (DBStoreBuilder.java:addTable(127)) - using custom profile for table: deletedBlocks
2019-11-13 18:48:03,939 [main] INFO  db.DBStoreBuilder (DBStoreBuilder.java:processTables(183)) - Using default column profile:DBProfile.DISK for Table:deletedBlocks
2019-11-13 18:48:03,940 [main] INFO  db.DBStoreBuilder (DBStoreBuilder.java:addTable(127)) - using custom profile for table: validCerts
2019-11-13 18:48:03,940 [main] INFO  db.DBStoreBuilder (DBStoreBuilder.java:processTables(183)) - Using default column profile:DBProfile.DISK for Table:validCerts
2019-11-13 18:48:03,940 [main] INFO  db.DBStoreBuilder (DBStoreBuilder.java:addTable(127)) - using custom profile for table: revokedCerts
2019-11-13 18:48:03,940 [main] INFO  db.DBStoreBuilder (DBStoreBuilder.java:processTables(183)) - Using default column profile:DBProfile.DISK for Table:revokedCerts
2019-11-13 18:48:03,952 [main] INFO  db.DBStoreBuilder (DBStoreBuilder.java:addTable(127)) - using custom profile for table: default
2019-11-13 18:48:03,952 [main] INFO  db.DBStoreBuilder (DBStoreBuilder.java:processTables(189)) - Using default column profile:DBProfile.DISK for Table:default
2019-11-13 18:48:03,953 [main] INFO  db.DBStoreBuilder (DBStoreBuilder.java:getDbProfile(220)) - Using default options. DBProfile.DISK
2019-11-13 18:48:04,156 [main] INFO  net.NodeSchemaLoader (NodeSchemaLoader.java:loadSchemaFromFile(125)) - Loading file from sun.misc.CompoundEnumeration@515c6049
2019-11-13 18:48:04,158 [main] INFO  net.NodeSchemaLoader (NodeSchemaLoader.java:loadSchema(171)) - Loading network topology layer schema file
2019-11-13 18:48:04,218 [main] INFO  node.SCMNodeManager (SCMNodeManager.java:<init>(116)) - Entering startup safe mode.
2019-11-13 18:48:04,283 [main] INFO  algorithms.ContainerPlacementPolicyFactory (ContainerPlacementPolicyFactory.java:getPolicy(57)) - Create container placement policy of type org.apache.hadoop.hdds.scm.container.placement.algorithms.SCMContainerPlacementRandom
2019-11-13 18:48:04,296 [main] WARN  server.ServerUtils (ServerUtils.java:getScmDbDir(145)) - ozone.scm.db.dirs is not configured. We recommend adding this setting. Falling back to ozone.metadata.dirs instead.
2019-11-13 18:48:04,353 [main] INFO  pipeline.SCMPipelineManager (SCMPipelineManager.java:initializePipelineState(132)) - No pipeline exists in current db
2019-11-13 18:48:04,355 [main] WARN  server.ServerUtils (ServerUtils.java:getScmDbDir(145)) - ozone.scm.db.dirs is not configured. We recommend adding this setting. Falling back to ozone.metadata.dirs instead.
2019-11-13 18:48:04,445 [main] WARN  events.EventQueue (EventQueue.java:fireEvent(183)) - No event handler registered for event TypedEvent{payloadType=SafeModeStatus, name='SafeModeStatus'}
2019-11-13 18:48:04,787 [main] INFO  ipc.CallQueueManager (CallQueueManager.java:<init>(84)) - Using callQueue: class java.util.concurrent.LinkedBlockingQueue, queueCapacity: 2000, scheduler: class org.apache.hadoop.ipc.DefaultRpcScheduler, ipcBackoff: false.
2019-11-13 18:48:04,817 [Socket Reader #1 for port 43352] INFO  ipc.Server (Server.java:run(1074)) - Starting Socket Reader #1 for port 43352
2019-11-13 18:48:04,958 [main] INFO  ipc.CallQueueManager (CallQueueManager.java:<init>(84)) - Using callQueue: class java.util.concurrent.LinkedBlockingQueue, queueCapacity: 2000, scheduler: class org.apache.hadoop.ipc.DefaultRpcScheduler, ipcBackoff: false.
2019-11-13 18:48:04,959 [Socket Reader #1 for port 34405] INFO  ipc.Server (Server.java:run(1074)) - Starting Socket Reader #1 for port 34405
2019-11-13 18:48:04,971 [main] INFO  ipc.CallQueueManager (CallQueueManager.java:<init>(84)) - Using callQueue: class java.util.concurrent.LinkedBlockingQueue, queueCapacity: 2000, scheduler: class org.apache.hadoop.ipc.DefaultRpcScheduler, ipcBackoff: false.
2019-11-13 18:48:04,972 [Socket Reader #1 for port 40260] INFO  ipc.Server (Server.java:run(1074)) - Starting Socket Reader #1 for port 40260
2019-11-13 18:48:04,999 [main] INFO  hdfs.DFSUtil (DFSUtil.java:httpServerTemplateForNNAndJN(1641)) - Starting Web-server for scm at: http://0.0.0.0:0
2019-11-13 18:48:05,164 [main] INFO  server.AuthenticationFilter (AuthenticationFilter.java:constructSecretProvider(240)) - Unable to initialize FileSignerSecretProvider, falling back to use random secrets.
2019-11-13 18:48:05,173 [main] WARN  http.HttpRequestLog (HttpRequestLog.java:getRequestLog(97)) - Jetty request log can only be enabled using Log4j
2019-11-13 18:48:05,183 [main] INFO  http.HttpServer2 (HttpServer2.java:addGlobalFilter(975)) - Added global filter 'safety' (class=org.apache.hadoop.http.HttpServer2$QuotingInputFilter)
2019-11-13 18:48:05,186 [main] INFO  http.HttpServer2 (HttpServer2.java:addFilter(948)) - Added filter static_user_filter (class=org.apache.hadoop.http.lib.StaticUserWebFilter$StaticUserFilter) to context scm
2019-11-13 18:48:05,186 [main] INFO  http.HttpServer2 (HttpServer2.java:addFilter(958)) - Added filter static_user_filter (class=org.apache.hadoop.http.lib.StaticUserWebFilter$StaticUserFilter) to context static
2019-11-13 18:48:05,186 [main] INFO  http.HttpServer2 (HttpServer2.java:addFilter(958)) - Added filter static_user_filter (class=org.apache.hadoop.http.lib.StaticUserWebFilter$StaticUserFilter) to context logs
2019-11-13 18:48:05,222 [main] INFO  server.StorageContainerManager (StorageContainerManager.java:start(764)) - StorageContainerLocationProtocol RPC server is listening at /0.0.0.0:40260
2019-11-13 18:48:05,306 [main] WARN  impl.MetricsConfig (MetricsConfig.java:loadFirst(134)) - Cannot locate configuration: tried hadoop-metrics2-storagecontainermanager.properties,hadoop-metrics2.properties
2019-11-13 18:48:05,320 [main] INFO  impl.MetricsSystemImpl (MetricsSystemImpl.java:startTimer(374)) - Scheduled Metric snapshot period at 10 second(s).
2019-11-13 18:48:05,321 [main] INFO  impl.MetricsSystemImpl (MetricsSystemImpl.java:start(191)) - StorageContainerManager metrics system started
2019-11-13 18:48:05,557 [main] INFO  server.SCMClientProtocolServer (SCMClientProtocolServer.java:start(160)) - RPC server for Client  is listening at /0.0.0.0:40260
2019-11-13 18:48:05,558 [IPC Server Responder] INFO  ipc.Server (Server.java:run(1314)) - IPC Server Responder: starting
2019-11-13 18:48:05,558 [IPC Server listener on 40260] INFO  ipc.Server (Server.java:run(1153)) - IPC Server listener on 40260: starting
2019-11-13 18:48:05,561 [main] INFO  server.StorageContainerManager (StorageContainerManager.java:start(774)) - ScmBlockLocationProtocol RPC server is listening at /0.0.0.0:34405
2019-11-13 18:48:05,561 [main] INFO  server.SCMBlockProtocolServer (SCMBlockProtocolServer.java:start(146)) - RPC server for Block Protocol is listening at /0.0.0.0:34405
2019-11-13 18:48:05,562 [IPC Server Responder] INFO  ipc.Server (Server.java:run(1314)) - IPC Server Responder: starting
2019-11-13 18:48:05,562 [IPC Server listener on 34405] INFO  ipc.Server (Server.java:run(1153)) - IPC Server listener on 34405: starting
2019-11-13 18:48:05,564 [main] INFO  server.StorageContainerManager (StorageContainerManager.java:start(778)) - ScmDatanodeProtocl RPC server is listening at /0.0.0.0:43352
2019-11-13 18:48:05,564 [main] INFO  server.SCMDatanodeProtocolServer (SCMDatanodeProtocolServer.java:start(169)) - RPC server for DataNodes is listening at /0.0.0.0:43352
2019-11-13 18:48:05,565 [IPC Server Responder] INFO  ipc.Server (Server.java:run(1314)) - IPC Server Responder: starting
2019-11-13 18:48:05,565 [IPC Server listener on 43352] INFO  ipc.Server (Server.java:run(1153)) - IPC Server listener on 43352: starting
2019-11-13 18:48:05,569 [main] INFO  http.HttpServer2 (HttpServer2.java:bindListener(1191)) - Jetty bound to port 39819
2019-11-13 18:48:05,571 [main] INFO  server.Server (Server.java:doStart(351)) - jetty-9.3.25.v20180904, build timestamp: 2018-09-04T21:11:46Z, git hash: 3ce520221d0240229c862b122d2b06c12a625732
2019-11-13 18:48:05,620 [main] INFO  handler.ContextHandler (ContextHandler.java:doStart(781)) - Started o.e.j.s.ServletContextHandler@4c550889{/logs,file:///workdir/hadoop-ozone/integration-test/target/log,AVAILABLE}
2019-11-13 18:48:05,621 [main] INFO  handler.ContextHandler (ContextHandler.java:doStart(781)) - Started o.e.j.s.ServletContextHandler@44040454{/static,file:///workdir/hadoop-ozone/integration-test/target/test-classes/webapps/static,AVAILABLE}
2019-11-13 18:48:05,661 [main] INFO  handler.ContextHandler (ContextHandler.java:doStart(781)) - Started o.e.j.w.WebAppContext@64f857e7{/,file:///workdir/hadoop-ozone/integration-test/target/test-classes/webapps/scm/,AVAILABLE}{/scm}
2019-11-13 18:48:05,667 [main] INFO  server.AbstractConnector (AbstractConnector.java:doStart(278)) - Started ServerConnector@617fe9e1{HTTP/1.1,[http/1.1]}{0.0.0.0:39819}
2019-11-13 18:48:05,667 [main] INFO  server.Server (Server.java:doStart(419)) - Started @2647ms
2019-11-13 18:48:05,670 [main] INFO  impl.MetricsSinkAdapter (MetricsSinkAdapter.java:start(204)) - Sink prometheus started
2019-11-13 18:48:05,670 [main] INFO  impl.MetricsSystemImpl (MetricsSystemImpl.java:registerSink(301)) - Registered sink prometheus
2019-11-13 18:48:05,672 [main] INFO  server.BaseHttpServer (BaseHttpServer.java:updateConnectorAddress(215)) - HTTP server of SCM is listening at http://0.0.0.0:39819
2019-11-13 18:48:05,680 [org.apache.hadoop.util.JvmPauseMonitor$Monitor@42257bdd] INFO  util.JvmPauseMonitor (JvmPauseMonitor.java:run(188)) - Starting JVM pause monitor
2019-11-13 18:48:05,686 [main] WARN  server.ServerUtils (ServerUtils.java:getDBPath(222)) - ozone.om.db.dirs is not configured. We recommend adding this setting. Falling back to ozone.metadata.dirs instead.
2019-11-13 18:48:05,800 [main] INFO  ha.OMHANodeDetails (OMHANodeDetails.java:loadOMHAConfig(190)) - Configuration either no ozone.om.address set. Falling back to the default OM address /127.0.0.1:0
2019-11-13 18:48:05,800 [main] INFO  ha.OMHANodeDetails (OMHANodeDetails.java:getOMNodeDetails(220)) - OM Service ID is not set. Setting it to the default ID: omServiceIdDefault
2019-11-13 18:48:05,802 [main] WARN  server.ServerUtils (ServerUtils.java:getDBPath(222)) - ozone.om.db.dirs is not configured. We recommend adding this setting. Falling back to ozone.metadata.dirs instead.
2019-11-13 18:48:05,802 [main] WARN  server.ServerUtils (ServerUtils.java:getDBPath(222)) - ozone.om.db.dirs is not configured. We recommend adding this setting. Falling back to ozone.metadata.dirs instead.
2019-11-13 18:48:06,410 [main] WARN  server.ServerUtils (ServerUtils.java:getDBPath(222)) - ozone.om.db.dirs is not configured. We recommend adding this setting. Falling back to ozone.metadata.dirs instead.
2019-11-13 18:48:06,418 [main] INFO  db.DBStoreBuilder (DBStoreBuilder.java:addTable(127)) - using custom profile for table: userTable
2019-11-13 18:48:06,418 [main] INFO  db.DBStoreBuilder (DBStoreBuilder.java:processTables(183)) - Using default column profile:DBProfile.DISK for Table:userTable
2019-11-13 18:48:06,418 [main] INFO  db.DBStoreBuilder (DBStoreBuilder.java:addTable(127)) - using custom profile for table: volumeTable
2019-11-13 18:48:06,419 [main] INFO  db.DBStoreBuilder (DBStoreBuilder.java:processTables(183)) - Using default column profile:DBProfile.DISK for Table:volumeTable
2019-11-13 18:48:06,419 [main] INFO  db.DBStoreBuilder (DBStoreBuilder.java:addTable(127)) - using custom profile for table: bucketTable
2019-11-13 18:48:06,419 [main] INFO  db.DBStoreBuilder (DBStoreBuilder.java:processTables(183)) - Using default column profile:DBProfile.DISK for Table:bucketTable
2019-11-13 18:48:06,419 [main] INFO  db.DBStoreBuilder (DBStoreBuilder.java:addTable(127)) - using custom profile for table: keyTable
2019-11-13 18:48:06,420 [main] INFO  db.DBStoreBuilder (DBStoreBuilder.java:processTables(183)) - Using default column profile:DBProfile.DISK for Table:keyTable
2019-11-13 18:48:06,420 [main] INFO  db.DBStoreBuilder (DBStoreBuilder.java:addTable(127)) - using custom profile for table: deletedTable
2019-11-13 18:48:06,420 [main] INFO  db.DBStoreBuilder (DBStoreBuilder.java:processTables(183)) - Using default column profile:DBProfile.DISK for Table:deletedTable
2019-11-13 18:48:06,420 [main] INFO  db.DBStoreBuilder (DBStoreBuilder.java:addTable(127)) - using custom profile for table: openKeyTable
2019-11-13 18:48:06,421 [main] INFO  db.DBStoreBuilder (DBStoreBuilder.java:processTables(183)) - Using default column profile:DBProfile.DISK for Table:openKeyTable
2019-11-13 18:48:06,421 [main] INFO  db.DBStoreBuilder (DBStoreBuilder.java:addTable(127)) - using custom profile for table: s3Table
2019-11-13 18:48:06,421 [main] INFO  db.DBStoreBuilder (DBStoreBuilder.java:processTables(183)) - Using default column profile:DBProfile.DISK for Table:s3Table
2019-11-13 18:48:06,421 [main] INFO  db.DBStoreBuilder (DBStoreBuilder.java:addTable(127)) - using custom profile for table: multipartInfoTable
2019-11-13 18:48:06,422 [main] INFO  db.DBStoreBuilder (DBStoreBuilder.java:processTables(183)) - Using default column profile:DBProfile.DISK for Table:multipartInfoTable
2019-11-13 18:48:06,422 [main] INFO  db.DBStoreBuilder (DBStoreBuilder.java:addTable(127)) - using custom profile for table: dTokenTable
2019-11-13 18:48:06,422 [main] INFO  db.DBStoreBuilder (DBStoreBuilder.java:processTables(183)) - Using default column profile:DBProfile.DISK for Table:dTokenTable
2019-11-13 18:48:06,422 [main] INFO  db.DBStoreBuilder (DBStoreBuilder.java:addTable(127)) - using custom profile for table: s3SecretTable
2019-11-13 18:48:06,422 [main] INFO  db.DBStoreBuilder (DBStoreBuilder.java:processTables(183)) - Using default column profile:DBProfile.DISK for Table:s3SecretTable
2019-11-13 18:48:06,423 [main] INFO  db.DBStoreBuilder (DBStoreBuilder.java:addTable(127)) - using custom profile for table: prefixTable
2019-11-13 18:48:06,423 [main] INFO  db.DBStoreBuilder (DBStoreBuilder.java:processTables(183)) - Using default column profile:DBProfile.DISK for Table:prefixTable
2019-11-13 18:48:06,423 [main] INFO  db.DBStoreBuilder (DBStoreBuilder.java:addTable(127)) - using custom profile for table: default
2019-11-13 18:48:06,424 [main] INFO  db.DBStoreBuilder (DBStoreBuilder.java:processTables(189)) - Using default column profile:DBProfile.DISK for Table:default
2019-11-13 18:48:06,424 [main] INFO  db.DBStoreBuilder (DBStoreBuilder.java:getDbProfile(220)) - Using default options. DBProfile.DISK
2019-11-13 18:48:06,813 [main] INFO  ipc.CallQueueManager (CallQueueManager.java:<init>(84)) - Using callQueue: class java.util.concurrent.LinkedBlockingQueue, queueCapacity: 2000, scheduler: class org.apache.hadoop.ipc.DefaultRpcScheduler, ipcBackoff: false.
2019-11-13 18:48:06,814 [Socket Reader #1 for port 34075] INFO  ipc.Server (Server.java:run(1074)) - Starting Socket Reader #1 for port 34075
2019-11-13 18:48:06,838 [main] INFO  om.OzoneManager (OzoneManager.java:start(1077)) - OzoneManager RPC server is listening at localhost/127.0.0.1:34075
2019-11-13 18:48:06,838 [main] INFO  impl.MetricsSystemImpl (MetricsSystemImpl.java:init(158)) - OzoneManager metrics system started (again)
2019-11-13 18:48:06,849 [IPC Server Responder] INFO  ipc.Server (Server.java:run(1314)) - IPC Server Responder: starting
2019-11-13 18:48:06,849 [IPC Server listener on 34075] INFO  ipc.Server (Server.java:run(1153)) - IPC Server listener on 34075: starting
2019-11-13 18:48:06,854 [main] INFO  hdfs.DFSUtil (DFSUtil.java:httpServerTemplateForNNAndJN(1641)) - Starting Web-server for ozoneManager at: http://0.0.0.0:0
2019-11-13 18:48:06,856 [main] INFO  server.AuthenticationFilter (AuthenticationFilter.java:constructSecretProvider(240)) - Unable to initialize FileSignerSecretProvider, falling back to use random secrets.
2019-11-13 18:48:06,856 [main] WARN  http.HttpRequestLog (HttpRequestLog.java:getRequestLog(97)) - Jetty request log can only be enabled using Log4j
2019-11-13 18:48:06,859 [main] INFO  http.HttpServer2 (HttpServer2.java:addGlobalFilter(975)) - Added global filter 'safety' (class=org.apache.hadoop.http.HttpServer2$QuotingInputFilter)
2019-11-13 18:48:06,860 [main] INFO  http.HttpServer2 (HttpServer2.java:addFilter(948)) - Added filter static_user_filter (class=org.apache.hadoop.http.lib.StaticUserWebFilter$StaticUserFilter) to context ozoneManager
2019-11-13 18:48:06,861 [main] INFO  http.HttpServer2 (HttpServer2.java:addFilter(958)) - Added filter static_user_filter (class=org.apache.hadoop.http.lib.StaticUserWebFilter$StaticUserFilter) to context logs
2019-11-13 18:48:06,861 [main] INFO  http.HttpServer2 (HttpServer2.java:addFilter(958)) - Added filter static_user_filter (class=org.apache.hadoop.http.lib.StaticUserWebFilter$StaticUserFilter) to context static
2019-11-13 18:48:06,864 [main] INFO  http.HttpServer2 (HttpServer2.java:bindListener(1191)) - Jetty bound to port 37194
2019-11-13 18:48:06,865 [main] INFO  server.Server (Server.java:doStart(351)) - jetty-9.3.25.v20180904, build timestamp: 2018-09-04T21:11:46Z, git hash: 3ce520221d0240229c862b122d2b06c12a625732
2019-11-13 18:48:06,867 [main] INFO  handler.ContextHandler (ContextHandler.java:doStart(781)) - Started o.e.j.s.ServletContextHandler@76911385{/logs,file:///workdir/hadoop-ozone/integration-test/target/log,AVAILABLE}
2019-11-13 18:48:06,868 [main] INFO  handler.ContextHandler (ContextHandler.java:doStart(781)) - Started o.e.j.s.ServletContextHandler@160396db{/static,file:///workdir/hadoop-ozone/integration-test/target/test-classes/webapps/static,AVAILABLE}
2019-11-13 18:48:06,876 [main] INFO  handler.ContextHandler (ContextHandler.java:doStart(781)) - Started o.e.j.w.WebAppContext@34523d46{/,file:///workdir/hadoop-ozone/integration-test/target/test-classes/webapps/ozoneManager/,AVAILABLE}{/ozoneManager}
2019-11-13 18:48:06,877 [main] INFO  server.AbstractConnector (AbstractConnector.java:doStart(278)) - Started ServerConnector@7cedfa63{HTTP/1.1,[http/1.1]}{0.0.0.0:37194}
2019-11-13 18:48:06,877 [main] INFO  server.Server (Server.java:doStart(419)) - Started @3857ms
2019-11-13 18:48:06,877 [main] WARN  impl.MetricsSystemImpl (MetricsSystemImpl.java:register(276)) - Sink prometheus already exists!
2019-11-13 18:48:06,879 [main] INFO  server.BaseHttpServer (BaseHttpServer.java:updateConnectorAddress(215)) - HTTP server of OZONEMANAGER is listening at http://0.0.0.0:37194
2019-11-13 18:48:07,189 [main] INFO  impl.MetricsSystemImpl (MetricsSystemImpl.java:init(158)) - HddsDatanode metrics system started (again)
2019-11-13 18:48:07,235 [main] INFO  ozone.HddsDatanodeService (HddsDatanodeService.java:start(186)) - HddsDatanodeService host:pr-hdds-1940-7lghg-363871468 ip:192.168.164.219
2019-11-13 18:48:07,268 [main] INFO  volume.HddsVolume (HddsVolume.java:<init>(176)) - Creating Volume: /workdir/hadoop-ozone/integration-test/target/test-dir/MiniOzoneClusterImpl-936e8649-2eb0-4b7a-921b-5d2cce332f9c/datanode-0/data/containers/hdds of  storage type : DISK and capacity : 1482555576320
2019-11-13 18:48:07,270 [main] INFO  volume.VolumeSet (VolumeSet.java:initializeVolumeSet(170)) - Added Volume : /workdir/hadoop-ozone/integration-test/target/test-dir/MiniOzoneClusterImpl-936e8649-2eb0-4b7a-921b-5d2cce332f9c/datanode-0/data/containers/hdds to VolumeSet
2019-11-13 18:48:07,273 [main] INFO  volume.ThrottledAsyncChecker (ThrottledAsyncChecker.java:schedule(141)) - Scheduling a check for /workdir/hadoop-ozone/integration-test/target/test-dir/MiniOzoneClusterImpl-936e8649-2eb0-4b7a-921b-5d2cce332f9c/datanode-0/data/containers/hdds
2019-11-13 18:48:07,288 [main] INFO  volume.HddsVolumeChecker (HddsVolumeChecker.java:checkAllVolumes(204)) - Scheduled health check for volume /workdir/hadoop-ozone/integration-test/target/test-dir/MiniOzoneClusterImpl-936e8649-2eb0-4b7a-921b-5d2cce332f9c/datanode-0/data/containers/hdds
2019-11-13 18:48:07,401 [main] INFO  impl.RaftServerProxy (ConfUtils.java:logGet(43)) - raft.rpc.type = GRPC (default)
2019-11-13 18:48:07,459 [main] INFO  grpc.GrpcFactory (GrpcFactory.java:checkPooledByteBufAllocatorUseCacheForAllThreads(45)) - PERFORMANCE WARNING: useCacheForAllThreads is true that may cause Netty to create a lot garbage objects and, as a result, trigger GC.
	It is recommended to disable useCacheForAllThreads by setting -Dorg.apache.ratis.thirdparty.io.netty.allocator.useCacheForAllThreads=false in command line.
2019-11-13 18:48:07,463 [main] INFO  grpc.GrpcConfigKeys$Server (ConfUtils.java:logGet(43)) - raft.grpc.server.port = 0 (default)
2019-11-13 18:48:07,464 [main] INFO  server.GrpcService (ConfUtils.java:logGet(43)) - raft.grpc.message.size.max = 33570816 (custom)
2019-11-13 18:48:07,465 [main] INFO  server.RaftServerConfigKeys (ConfUtils.java:logGet(43)) - raft.server.log.appender.buffer.byte-limit = 33554432 (custom)
2019-11-13 18:48:07,466 [main] INFO  server.GrpcService (ConfUtils.java:logGet(43)) - raft.grpc.flow.control.window = 1MB (=1048576) (default)
2019-11-13 18:48:07,467 [main] INFO  server.RaftServerConfigKeys (ConfUtils.java:logGet(43)) - raft.server.rpc.request.timeout = 3000ms (default)
2019-11-13 18:48:07,602 [main] INFO  server.RaftServerConfigKeys (ConfUtils.java:logGet(43)) - raft.server.storage.dir = [/workdir/hadoop-ozone/integration-test/target/test-dir/MiniOzoneClusterImpl-936e8649-2eb0-4b7a-921b-5d2cce332f9c/datanode-0/data/ratis] (custom)
2019-11-13 18:48:07,644 [main] INFO  hdfs.DFSUtil (DFSUtil.java:httpServerTemplateForNNAndJN(1641)) - Starting Web-server for hddsDatanode at: http://0.0.0.0:0
2019-11-13 18:48:07,647 [main] INFO  server.AuthenticationFilter (AuthenticationFilter.java:constructSecretProvider(240)) - Unable to initialize FileSignerSecretProvider, falling back to use random secrets.
2019-11-13 18:48:07,648 [main] WARN  http.HttpRequestLog (HttpRequestLog.java:getRequestLog(97)) - Jetty request log can only be enabled using Log4j
2019-11-13 18:48:07,651 [main] INFO  http.HttpServer2 (HttpServer2.java:addGlobalFilter(975)) - Added global filter 'safety' (class=org.apache.hadoop.http.HttpServer2$QuotingInputFilter)
2019-11-13 18:48:07,652 [main] INFO  http.HttpServer2 (HttpServer2.java:addFilter(948)) - Added filter static_user_filter (class=org.apache.hadoop.http.lib.StaticUserWebFilter$StaticUserFilter) to context hddsDatanode
2019-11-13 18:48:07,652 [main] INFO  http.HttpServer2 (HttpServer2.java:addFilter(958)) - Added filter static_user_filter (class=org.apache.hadoop.http.lib.StaticUserWebFilter$StaticUserFilter) to context logs
2019-11-13 18:48:07,652 [main] INFO  http.HttpServer2 (HttpServer2.java:addFilter(958)) - Added filter static_user_filter (class=org.apache.hadoop.http.lib.StaticUserWebFilter$StaticUserFilter) to context static
2019-11-13 18:48:07,654 [main] INFO  http.HttpServer2 (HttpServer2.java:bindListener(1191)) - Jetty bound to port 46382
2019-11-13 18:48:07,654 [main] INFO  server.Server (Server.java:doStart(351)) - jetty-9.3.25.v20180904, build timestamp: 2018-09-04T21:11:46Z, git hash: 3ce520221d0240229c862b122d2b06c12a625732
2019-11-13 18:48:07,658 [main] INFO  handler.ContextHandler (ContextHandler.java:doStart(781)) - Started o.e.j.s.ServletContextHandler@21079a12{/logs,file:///workdir/hadoop-ozone/integration-test/target/log,AVAILABLE}
2019-11-13 18:48:07,659 [main] INFO  handler.ContextHandler (ContextHandler.java:doStart(781)) - Started o.e.j.s.ServletContextHandler@67c5ac52{/static,jar:file:/home/user/.m2/repository/org/apache/hadoop/hadoop-hdds-container-service/0.5.0-SNAPSHOT/hadoop-hdds-container-service-0.5.0-SNAPSHOT.jar!/webapps/static,AVAILABLE}
2019-11-13 18:48:07,708 [main] INFO  handler.ContextHandler (ContextHandler.java:doStart(781)) - Started o.e.j.w.WebAppContext@2436ea2f{/,file:///tmp/jetty-0.0.0.0-46382-hddsDatanode-_-any-8694353926780791634.dir/webapp/,AVAILABLE}{/hddsDatanode}
2019-11-13 18:48:07,709 [main] INFO  server.AbstractConnector (AbstractConnector.java:doStart(278)) - Started ServerConnector@f951a7f{HTTP/1.1,[http/1.1]}{0.0.0.0:46382}
2019-11-13 18:48:07,710 [main] INFO  server.Server (Server.java:doStart(419)) - Started @4689ms
2019-11-13 18:48:07,710 [main] WARN  impl.MetricsSystemImpl (MetricsSystemImpl.java:register(276)) - Sink prometheus already exists!
2019-11-13 18:48:07,711 [main] INFO  server.BaseHttpServer (BaseHttpServer.java:updateConnectorAddress(215)) - HTTP server of HDDSDATANODE is listening at http://0.0.0.0:46382
2019-11-13 18:48:07,712 [main] INFO  impl.MetricsSystemImpl (MetricsSystemImpl.java:init(158)) - HddsDatanode metrics system started (again)
2019-11-13 18:48:07,715 [main] INFO  ozone.HddsDatanodeService (HddsDatanodeService.java:start(186)) - HddsDatanodeService host:pr-hdds-1940-7lghg-363871468 ip:192.168.164.219
2019-11-13 18:48:07,717 [org.apache.hadoop.util.JvmPauseMonitor$Monitor@847b778] INFO  util.JvmPauseMonitor (JvmPauseMonitor.java:run(188)) - Starting JVM pause monitor
2019-11-13 18:48:07,724 [main] INFO  volume.HddsVolume (HddsVolume.java:<init>(176)) - Creating Volume: /workdir/hadoop-ozone/integration-test/target/test-dir/MiniOzoneClusterImpl-936e8649-2eb0-4b7a-921b-5d2cce332f9c/datanode-1/data/containers/hdds of  storage type : DISK and capacity : 1482555576320
2019-11-13 18:48:07,725 [main] INFO  volume.VolumeSet (VolumeSet.java:initializeVolumeSet(170)) - Added Volume : /workdir/hadoop-ozone/integration-test/target/test-dir/MiniOzoneClusterImpl-936e8649-2eb0-4b7a-921b-5d2cce332f9c/datanode-1/data/containers/hdds to VolumeSet
2019-11-13 18:48:07,725 [main] INFO  volume.ThrottledAsyncChecker (ThrottledAsyncChecker.java:schedule(141)) - Scheduling a check for /workdir/hadoop-ozone/integration-test/target/test-dir/MiniOzoneClusterImpl-936e8649-2eb0-4b7a-921b-5d2cce332f9c/datanode-1/data/containers/hdds
2019-11-13 18:48:07,726 [main] INFO  volume.HddsVolumeChecker (HddsVolumeChecker.java:checkAllVolumes(204)) - Scheduled health check for volume /workdir/hadoop-ozone/integration-test/target/test-dir/MiniOzoneClusterImpl-936e8649-2eb0-4b7a-921b-5d2cce332f9c/datanode-1/data/containers/hdds
2019-11-13 18:48:07,741 [main] INFO  impl.RaftServerProxy (ConfUtils.java:logGet(43)) - raft.rpc.type = GRPC (default)
2019-11-13 18:48:07,741 [main] INFO  grpc.GrpcFactory (GrpcFactory.java:checkPooledByteBufAllocatorUseCacheForAllThreads(45)) - PERFORMANCE WARNING: useCacheForAllThreads is true that may cause Netty to create a lot garbage objects and, as a result, trigger GC.
	It is recommended to disable useCacheForAllThreads by setting -Dorg.apache.ratis.thirdparty.io.netty.allocator.useCacheForAllThreads=false in command line.
2019-11-13 18:48:07,741 [main] INFO  grpc.GrpcConfigKeys$Server (ConfUtils.java:logGet(43)) - raft.grpc.server.port = 0 (default)
2019-11-13 18:48:07,741 [main] INFO  server.GrpcService (ConfUtils.java:logGet(43)) - raft.grpc.message.size.max = 33570816 (custom)
2019-11-13 18:48:07,742 [main] INFO  server.RaftServerConfigKeys (ConfUtils.java:logGet(43)) - raft.server.log.appender.buffer.byte-limit = 33554432 (custom)
2019-11-13 18:48:07,742 [main] INFO  server.GrpcService (ConfUtils.java:logGet(43)) - raft.grpc.flow.control.window = 1MB (=1048576) (default)
2019-11-13 18:48:07,742 [main] INFO  server.RaftServerConfigKeys (ConfUtils.java:logGet(43)) - raft.server.rpc.request.timeout = 3000ms (default)
2019-11-13 18:48:07,743 [main] INFO  server.RaftServerConfigKeys (ConfUtils.java:logGet(43)) - raft.server.storage.dir = [/workdir/hadoop-ozone/integration-test/target/test-dir/MiniOzoneClusterImpl-936e8649-2eb0-4b7a-921b-5d2cce332f9c/datanode-1/data/ratis] (custom)
2019-11-13 18:48:07,745 [main] INFO  hdfs.DFSUtil (DFSUtil.java:httpServerTemplateForNNAndJN(1641)) - Starting Web-server for hddsDatanode at: http://0.0.0.0:0
2019-11-13 18:48:07,746 [main] INFO  server.AuthenticationFilter (AuthenticationFilter.java:constructSecretProvider(240)) - Unable to initialize FileSignerSecretProvider, falling back to use random secrets.
2019-11-13 18:48:07,747 [main] WARN  http.HttpRequestLog (HttpRequestLog.java:getRequestLog(97)) - Jetty request log can only be enabled using Log4j
2019-11-13 18:48:07,748 [main] INFO  http.HttpServer2 (HttpServer2.java:addGlobalFilter(975)) - Added global filter 'safety' (class=org.apache.hadoop.http.HttpServer2$QuotingInputFilter)
2019-11-13 18:48:07,749 [main] INFO  http.HttpServer2 (HttpServer2.java:addFilter(948)) - Added filter static_user_filter (class=org.apache.hadoop.http.lib.StaticUserWebFilter$StaticUserFilter) to context hddsDatanode
2019-11-13 18:48:07,749 [main] INFO  http.HttpServer2 (HttpServer2.java:addFilter(958)) - Added filter static_user_filter (class=org.apache.hadoop.http.lib.StaticUserWebFilter$StaticUserFilter) to context logs
2019-11-13 18:48:07,749 [main] INFO  http.HttpServer2 (HttpServer2.java:addFilter(958)) - Added filter static_user_filter (class=org.apache.hadoop.http.lib.StaticUserWebFilter$StaticUserFilter) to context static
2019-11-13 18:48:07,750 [main] INFO  http.HttpServer2 (HttpServer2.java:bindListener(1191)) - Jetty bound to port 42322
2019-11-13 18:48:07,751 [main] INFO  server.Server (Server.java:doStart(351)) - jetty-9.3.25.v20180904, build timestamp: 2018-09-04T21:11:46Z, git hash: 3ce520221d0240229c862b122d2b06c12a625732
2019-11-13 18:48:07,753 [main] INFO  handler.ContextHandler (ContextHandler.java:doStart(781)) - Started o.e.j.s.ServletContextHandler@1e8ab90f{/logs,file:///workdir/hadoop-ozone/integration-test/target/log,AVAILABLE}
2019-11-13 18:48:07,753 [main] INFO  handler.ContextHandler (ContextHandler.java:doStart(781)) - Started o.e.j.s.ServletContextHandler@7a729f84{/static,jar:file:/home/user/.m2/repository/org/apache/hadoop/hadoop-hdds-container-service/0.5.0-SNAPSHOT/hadoop-hdds-container-service-0.5.0-SNAPSHOT.jar!/webapps/static,AVAILABLE}
2019-11-13 18:48:07,786 [main] INFO  handler.ContextHandler (ContextHandler.java:doStart(781)) - Started o.e.j.w.WebAppContext@3374b5bc{/,file:///tmp/jetty-0.0.0.0-42322-hddsDatanode-_-any-654144567148004763.dir/webapp/,AVAILABLE}{/hddsDatanode}
2019-11-13 18:48:07,787 [main] INFO  server.AbstractConnector (AbstractConnector.java:doStart(278)) - Started ServerConnector@2af69643{HTTP/1.1,[http/1.1]}{0.0.0.0:42322}
2019-11-13 18:48:07,788 [main] INFO  server.Server (Server.java:doStart(419)) - Started @4767ms
2019-11-13 18:48:07,789 [main] WARN  impl.MetricsSystemImpl (MetricsSystemImpl.java:register(276)) - Sink prometheus already exists!
2019-11-13 18:48:07,790 [main] INFO  server.BaseHttpServer (BaseHttpServer.java:updateConnectorAddress(215)) - HTTP server of HDDSDATANODE is listening at http://0.0.0.0:42322
2019-11-13 18:48:07,791 [main] INFO  impl.MetricsSystemImpl (MetricsSystemImpl.java:init(158)) - HddsDatanode metrics system started (again)
2019-11-13 18:48:07,795 [main] INFO  ozone.HddsDatanodeService (HddsDatanodeService.java:start(186)) - HddsDatanodeService host:pr-hdds-1940-7lghg-363871468 ip:192.168.164.219
2019-11-13 18:48:07,796 [org.apache.hadoop.util.JvmPauseMonitor$Monitor@19ffa7b5] INFO  util.JvmPauseMonitor (JvmPauseMonitor.java:run(188)) - Starting JVM pause monitor
2019-11-13 18:48:07,807 [main] INFO  volume.HddsVolume (HddsVolume.java:<init>(176)) - Creating Volume: /workdir/hadoop-ozone/integration-test/target/test-dir/MiniOzoneClusterImpl-936e8649-2eb0-4b7a-921b-5d2cce332f9c/datanode-2/data/containers/hdds of  storage type : DISK and capacity : 1482555576320
2019-11-13 18:48:07,807 [main] INFO  volume.VolumeSet (VolumeSet.java:initializeVolumeSet(170)) - Added Volume : /workdir/hadoop-ozone/integration-test/target/test-dir/MiniOzoneClusterImpl-936e8649-2eb0-4b7a-921b-5d2cce332f9c/datanode-2/data/containers/hdds to VolumeSet
2019-11-13 18:48:07,808 [main] INFO  volume.ThrottledAsyncChecker (ThrottledAsyncChecker.java:schedule(141)) - Scheduling a check for /workdir/hadoop-ozone/integration-test/target/test-dir/MiniOzoneClusterImpl-936e8649-2eb0-4b7a-921b-5d2cce332f9c/datanode-2/data/containers/hdds
2019-11-13 18:48:07,809 [main] INFO  volume.HddsVolumeChecker (HddsVolumeChecker.java:checkAllVolumes(204)) - Scheduled health check for volume /workdir/hadoop-ozone/integration-test/target/test-dir/MiniOzoneClusterImpl-936e8649-2eb0-4b7a-921b-5d2cce332f9c/datanode-2/data/containers/hdds
2019-11-13 18:48:07,828 [main] INFO  impl.RaftServerProxy (ConfUtils.java:logGet(43)) - raft.rpc.type = GRPC (default)
2019-11-13 18:48:07,828 [main] INFO  grpc.GrpcFactory (GrpcFactory.java:checkPooledByteBufAllocatorUseCacheForAllThreads(45)) - PERFORMANCE WARNING: useCacheForAllThreads is true that may cause Netty to create a lot garbage objects and, as a result, trigger GC.
	It is recommended to disable useCacheForAllThreads by setting -Dorg.apache.ratis.thirdparty.io.netty.allocator.useCacheForAllThreads=false in command line.
2019-11-13 18:48:07,828 [main] INFO  grpc.GrpcConfigKeys$Server (ConfUtils.java:logGet(43)) - raft.grpc.server.port = 0 (default)
2019-11-13 18:48:07,829 [main] INFO  server.GrpcService (ConfUtils.java:logGet(43)) - raft.grpc.message.size.max = 33570816 (custom)
2019-11-13 18:48:07,829 [main] INFO  server.RaftServerConfigKeys (ConfUtils.java:logGet(43)) - raft.server.log.appender.buffer.byte-limit = 33554432 (custom)
2019-11-13 18:48:07,829 [main] INFO  server.GrpcService (ConfUtils.java:logGet(43)) - raft.grpc.flow.control.window = 1MB (=1048576) (default)
2019-11-13 18:48:07,830 [main] INFO  server.RaftServerConfigKeys (ConfUtils.java:logGet(43)) - raft.server.rpc.request.timeout = 3000ms (default)
2019-11-13 18:48:07,830 [main] INFO  server.RaftServerConfigKeys (ConfUtils.java:logGet(43)) - raft.server.storage.dir = [/workdir/hadoop-ozone/integration-test/target/test-dir/MiniOzoneClusterImpl-936e8649-2eb0-4b7a-921b-5d2cce332f9c/datanode-2/data/ratis] (custom)
2019-11-13 18:48:07,834 [main] INFO  hdfs.DFSUtil (DFSUtil.java:httpServerTemplateForNNAndJN(1641)) - Starting Web-server for hddsDatanode at: http://0.0.0.0:0
2019-11-13 18:48:07,836 [main] INFO  server.AuthenticationFilter (AuthenticationFilter.java:constructSecretProvider(240)) - Unable to initialize FileSignerSecretProvider, falling back to use random secrets.
2019-11-13 18:48:07,836 [main] WARN  http.HttpRequestLog (HttpRequestLog.java:getRequestLog(97)) - Jetty request log can only be enabled using Log4j
2019-11-13 18:48:07,838 [Datanode State Machine Thread - 0] INFO  datanode.InitDatanodeState (InitDatanodeState.java:persistContainerDatanodeDetails(140)) - DatanodeDetails is persisted to /workdir/hadoop-ozone/integration-test/target/test-dir/MiniOzoneClusterImpl-936e8649-2eb0-4b7a-921b-5d2cce332f9c/datanode-0/meta/datanode.id
2019-11-13 18:48:07,838 [main] INFO  http.HttpServer2 (HttpServer2.java:addGlobalFilter(975)) - Added global filter 'safety' (class=org.apache.hadoop.http.HttpServer2$QuotingInputFilter)
2019-11-13 18:48:07,841 [main] INFO  http.HttpServer2 (HttpServer2.java:addFilter(948)) - Added filter static_user_filter (class=org.apache.hadoop.http.lib.StaticUserWebFilter$StaticUserFilter) to context hddsDatanode
2019-11-13 18:48:07,841 [main] INFO  http.HttpServer2 (HttpServer2.java:addFilter(958)) - Added filter static_user_filter (class=org.apache.hadoop.http.lib.StaticUserWebFilter$StaticUserFilter) to context static
2019-11-13 18:48:07,841 [main] INFO  http.HttpServer2 (HttpServer2.java:addFilter(958)) - Added filter static_user_filter (class=org.apache.hadoop.http.lib.StaticUserWebFilter$StaticUserFilter) to context logs
2019-11-13 18:48:07,842 [Datanode State Machine Thread - 0] INFO  datanode.InitDatanodeState (InitDatanodeState.java:persistContainerDatanodeDetails(140)) - DatanodeDetails is persisted to /workdir/hadoop-ozone/integration-test/target/test-dir/MiniOzoneClusterImpl-936e8649-2eb0-4b7a-921b-5d2cce332f9c/datanode-1/meta/datanode.id
2019-11-13 18:48:07,843 [main] INFO  http.HttpServer2 (HttpServer2.java:bindListener(1191)) - Jetty bound to port 42553
2019-11-13 18:48:07,843 [main] INFO  server.Server (Server.java:doStart(351)) - jetty-9.3.25.v20180904, build timestamp: 2018-09-04T21:11:46Z, git hash: 3ce520221d0240229c862b122d2b06c12a625732
2019-11-13 18:48:07,848 [main] INFO  handler.ContextHandler (ContextHandler.java:doStart(781)) - Started o.e.j.s.ServletContextHandler@51c959a4{/logs,file:///workdir/hadoop-ozone/integration-test/target/log,AVAILABLE}
2019-11-13 18:48:07,849 [main] INFO  handler.ContextHandler (ContextHandler.java:doStart(781)) - Started o.e.j.s.ServletContextHandler@10a0fe30{/static,jar:file:/home/user/.m2/repository/org/apache/hadoop/hadoop-hdds-container-service/0.5.0-SNAPSHOT/hadoop-hdds-container-service-0.5.0-SNAPSHOT.jar!/webapps/static,AVAILABLE}
2019-11-13 18:48:07,885 [main] INFO  handler.ContextHandler (ContextHandler.java:doStart(781)) - Started o.e.j.w.WebAppContext@63c12e52{/,file:///tmp/jetty-0.0.0.0-42553-hddsDatanode-_-any-692620932316943341.dir/webapp/,AVAILABLE}{/hddsDatanode}
2019-11-13 18:48:07,887 [main] INFO  server.AbstractConnector (AbstractConnector.java:doStart(278)) - Started ServerConnector@21bd20ee{HTTP/1.1,[http/1.1]}{0.0.0.0:42553}
2019-11-13 18:48:07,890 [main] INFO  server.Server (Server.java:doStart(419)) - Started @4870ms
2019-11-13 18:48:07,890 [main] WARN  impl.MetricsSystemImpl (MetricsSystemImpl.java:register(276)) - Sink prometheus already exists!
2019-11-13 18:48:07,892 [main] INFO  server.BaseHttpServer (BaseHttpServer.java:updateConnectorAddress(215)) - HTTP server of HDDSDATANODE is listening at http://0.0.0.0:42553
2019-11-13 18:48:07,892 [main] INFO  impl.MetricsSystemImpl (MetricsSystemImpl.java:init(158)) - HddsDatanode metrics system started (again)
2019-11-13 18:48:07,895 [org.apache.hadoop.util.JvmPauseMonitor$Monitor@45872047] INFO  util.JvmPauseMonitor (JvmPauseMonitor.java:run(188)) - Starting JVM pause monitor
2019-11-13 18:48:07,895 [main] INFO  ozone.HddsDatanodeService (HddsDatanodeService.java:start(186)) - HddsDatanodeService host:pr-hdds-1940-7lghg-363871468 ip:192.168.164.219
2019-11-13 18:48:07,897 [Datanode State Machine Thread - 0] INFO  datanode.InitDatanodeState (InitDatanodeState.java:persistContainerDatanodeDetails(140)) - DatanodeDetails is persisted to /workdir/hadoop-ozone/integration-test/target/test-dir/MiniOzoneClusterImpl-936e8649-2eb0-4b7a-921b-5d2cce332f9c/datanode-2/meta/datanode.id
2019-11-13 18:48:07,903 [main] INFO  volume.HddsVolume (HddsVolume.java:<init>(176)) - Creating Volume: /workdir/hadoop-ozone/integration-test/target/test-dir/MiniOzoneClusterImpl-936e8649-2eb0-4b7a-921b-5d2cce332f9c/datanode-3/data/containers/hdds of  storage type : DISK and capacity : 1482555576320
2019-11-13 18:48:07,903 [main] INFO  volume.VolumeSet (VolumeSet.java:initializeVolumeSet(170)) - Added Volume : /workdir/hadoop-ozone/integration-test/target/test-dir/MiniOzoneClusterImpl-936e8649-2eb0-4b7a-921b-5d2cce332f9c/datanode-3/data/containers/hdds to VolumeSet
2019-11-13 18:48:07,903 [main] INFO  volume.ThrottledAsyncChecker (ThrottledAsyncChecker.java:schedule(141)) - Scheduling a check for /workdir/hadoop-ozone/integration-test/target/test-dir/MiniOzoneClusterImpl-936e8649-2eb0-4b7a-921b-5d2cce332f9c/datanode-3/data/containers/hdds
2019-11-13 18:48:07,904 [main] INFO  volume.HddsVolumeChecker (HddsVolumeChecker.java:checkAllVolumes(204)) - Scheduled health check for volume /workdir/hadoop-ozone/integration-test/target/test-dir/MiniOzoneClusterImpl-936e8649-2eb0-4b7a-921b-5d2cce332f9c/datanode-3/data/containers/hdds
2019-11-13 18:48:07,918 [main] INFO  impl.RaftServerProxy (ConfUtils.java:logGet(43)) - raft.rpc.type = GRPC (default)
2019-11-13 18:48:07,919 [main] INFO  grpc.GrpcFactory (GrpcFactory.java:checkPooledByteBufAllocatorUseCacheForAllThreads(45)) - PERFORMANCE WARNING: useCacheForAllThreads is true that may cause Netty to create a lot garbage objects and, as a result, trigger GC.
	It is recommended to disable useCacheForAllThreads by setting -Dorg.apache.ratis.thirdparty.io.netty.allocator.useCacheForAllThreads=false in command line.
2019-11-13 18:48:07,919 [main] INFO  grpc.GrpcConfigKeys$Server (ConfUtils.java:logGet(43)) - raft.grpc.server.port = 0 (default)
2019-11-13 18:48:07,919 [main] INFO  server.GrpcService (ConfUtils.java:logGet(43)) - raft.grpc.message.size.max = 33570816 (custom)
2019-11-13 18:48:07,919 [main] INFO  server.RaftServerConfigKeys (ConfUtils.java:logGet(43)) - raft.server.log.appender.buffer.byte-limit = 33554432 (custom)
2019-11-13 18:48:07,920 [main] INFO  server.GrpcService (ConfUtils.java:logGet(43)) - raft.grpc.flow.control.window = 1MB (=1048576) (default)
2019-11-13 18:48:07,920 [main] INFO  server.RaftServerConfigKeys (ConfUtils.java:logGet(43)) - raft.server.rpc.request.timeout = 3000ms (default)
2019-11-13 18:48:07,920 [main] INFO  server.RaftServerConfigKeys (ConfUtils.java:logGet(43)) - raft.server.storage.dir = [/workdir/hadoop-ozone/integration-test/target/test-dir/MiniOzoneClusterImpl-936e8649-2eb0-4b7a-921b-5d2cce332f9c/datanode-3/data/ratis] (custom)
2019-11-13 18:48:07,922 [main] INFO  hdfs.DFSUtil (DFSUtil.java:httpServerTemplateForNNAndJN(1641)) - Starting Web-server for hddsDatanode at: http://0.0.0.0:0
2019-11-13 18:48:07,924 [main] INFO  server.AuthenticationFilter (AuthenticationFilter.java:constructSecretProvider(240)) - Unable to initialize FileSignerSecretProvider, falling back to use random secrets.
2019-11-13 18:48:07,924 [main] WARN  http.HttpRequestLog (HttpRequestLog.java:getRequestLog(97)) - Jetty request log can only be enabled using Log4j
2019-11-13 18:48:07,926 [main] INFO  http.HttpServer2 (HttpServer2.java:addGlobalFilter(975)) - Added global filter 'safety' (class=org.apache.hadoop.http.HttpServer2$QuotingInputFilter)
2019-11-13 18:48:07,926 [main] INFO  http.HttpServer2 (HttpServer2.java:addFilter(948)) - Added filter static_user_filter (class=org.apache.hadoop.http.lib.StaticUserWebFilter$StaticUserFilter) to context hddsDatanode
2019-11-13 18:48:07,926 [main] INFO  http.HttpServer2 (HttpServer2.java:addFilter(958)) - Added filter static_user_filter (class=org.apache.hadoop.http.lib.StaticUserWebFilter$StaticUserFilter) to context logs
2019-11-13 18:48:07,926 [main] INFO  http.HttpServer2 (HttpServer2.java:addFilter(958)) - Added filter static_user_filter (class=org.apache.hadoop.http.lib.StaticUserWebFilter$StaticUserFilter) to context static
2019-11-13 18:48:07,927 [main] INFO  http.HttpServer2 (HttpServer2.java:bindListener(1191)) - Jetty bound to port 43454
2019-11-13 18:48:07,927 [main] INFO  server.Server (Server.java:doStart(351)) - jetty-9.3.25.v20180904, build timestamp: 2018-09-04T21:11:46Z, git hash: 3ce520221d0240229c862b122d2b06c12a625732
2019-11-13 18:48:07,929 [main] INFO  handler.ContextHandler (ContextHandler.java:doStart(781)) - Started o.e.j.s.ServletContextHandler@6dd1c3ed{/logs,file:///workdir/hadoop-ozone/integration-test/target/log,AVAILABLE}
2019-11-13 18:48:07,930 [main] INFO  handler.ContextHandler (ContextHandler.java:doStart(781)) - Started o.e.j.s.ServletContextHandler@55e42449{/static,jar:file:/home/user/.m2/repository/org/apache/hadoop/hadoop-hdds-container-service/0.5.0-SNAPSHOT/hadoop-hdds-container-service-0.5.0-SNAPSHOT.jar!/webapps/static,AVAILABLE}
2019-11-13 18:48:07,964 [main] INFO  handler.ContextHandler (ContextHandler.java:doStart(781)) - Started o.e.j.w.WebAppContext@4f0f7849{/,file:///tmp/jetty-0.0.0.0-43454-hddsDatanode-_-any-6871849136025348769.dir/webapp/,AVAILABLE}{/hddsDatanode}
2019-11-13 18:48:07,964 [main] INFO  server.AbstractConnector (AbstractConnector.java:doStart(278)) - Started ServerConnector@56a4f272{HTTP/1.1,[http/1.1]}{0.0.0.0:43454}
2019-11-13 18:48:07,966 [main] INFO  server.Server (Server.java:doStart(419)) - Started @4945ms
2019-11-13 18:48:07,967 [main] WARN  impl.MetricsSystemImpl (MetricsSystemImpl.java:register(276)) - Sink prometheus already exists!
2019-11-13 18:48:07,968 [main] INFO  server.BaseHttpServer (BaseHttpServer.java:updateConnectorAddress(215)) - HTTP server of HDDSDATANODE is listening at http://0.0.0.0:43454
2019-11-13 18:48:07,968 [main] INFO  impl.MetricsSystemImpl (MetricsSystemImpl.java:init(158)) - HddsDatanode metrics system started (again)
2019-11-13 18:48:07,972 [org.apache.hadoop.util.JvmPauseMonitor$Monitor@2fd94102] INFO  util.JvmPauseMonitor (JvmPauseMonitor.java:run(188)) - Starting JVM pause monitor
2019-11-13 18:48:07,973 [main] INFO  ozone.HddsDatanodeService (HddsDatanodeService.java:start(186)) - HddsDatanodeService host:pr-hdds-1940-7lghg-363871468 ip:192.168.164.219
2019-11-13 18:48:07,975 [Datanode State Machine Thread - 0] INFO  datanode.InitDatanodeState (InitDatanodeState.java:persistContainerDatanodeDetails(140)) - DatanodeDetails is persisted to /workdir/hadoop-ozone/integration-test/target/test-dir/MiniOzoneClusterImpl-936e8649-2eb0-4b7a-921b-5d2cce332f9c/datanode-3/meta/datanode.id
2019-11-13 18:48:07,982 [main] INFO  volume.HddsVolume (HddsVolume.java:<init>(176)) - Creating Volume: /workdir/hadoop-ozone/integration-test/target/test-dir/MiniOzoneClusterImpl-936e8649-2eb0-4b7a-921b-5d2cce332f9c/datanode-4/data/containers/hdds of  storage type : DISK and capacity : 1482555576320
2019-11-13 18:48:07,982 [main] INFO  volume.VolumeSet (VolumeSet.java:initializeVolumeSet(170)) - Added Volume : /workdir/hadoop-ozone/integration-test/target/test-dir/MiniOzoneClusterImpl-936e8649-2eb0-4b7a-921b-5d2cce332f9c/datanode-4/data/containers/hdds to VolumeSet
2019-11-13 18:48:07,982 [main] INFO  volume.ThrottledAsyncChecker (ThrottledAsyncChecker.java:schedule(141)) - Scheduling a check for /workdir/hadoop-ozone/integration-test/target/test-dir/MiniOzoneClusterImpl-936e8649-2eb0-4b7a-921b-5d2cce332f9c/datanode-4/data/containers/hdds
2019-11-13 18:48:07,983 [main] INFO  volume.HddsVolumeChecker (HddsVolumeChecker.java:checkAllVolumes(204)) - Scheduled health check for volume /workdir/hadoop-ozone/integration-test/target/test-dir/MiniOzoneClusterImpl-936e8649-2eb0-4b7a-921b-5d2cce332f9c/datanode-4/data/containers/hdds
2019-11-13 18:48:07,998 [main] INFO  impl.RaftServerProxy (ConfUtils.java:logGet(43)) - raft.rpc.type = GRPC (default)
2019-11-13 18:48:07,998 [main] INFO  grpc.GrpcFactory (GrpcFactory.java:checkPooledByteBufAllocatorUseCacheForAllThreads(45)) - PERFORMANCE WARNING: useCacheForAllThreads is true that may cause Netty to create a lot garbage objects and, as a result, trigger GC.
	It is recommended to disable useCacheForAllThreads by setting -Dorg.apache.ratis.thirdparty.io.netty.allocator.useCacheForAllThreads=false in command line.
2019-11-13 18:48:07,998 [main] INFO  grpc.GrpcConfigKeys$Server (ConfUtils.java:logGet(43)) - raft.grpc.server.port = 0 (default)
2019-11-13 18:48:07,999 [main] INFO  server.GrpcService (ConfUtils.java:logGet(43)) - raft.grpc.message.size.max = 33570816 (custom)
2019-11-13 18:48:07,999 [main] INFO  server.RaftServerConfigKeys (ConfUtils.java:logGet(43)) - raft.server.log.appender.buffer.byte-limit = 33554432 (custom)
2019-11-13 18:48:07,999 [main] INFO  server.GrpcService (ConfUtils.java:logGet(43)) - raft.grpc.flow.control.window = 1MB (=1048576) (default)
2019-11-13 18:48:07,999 [main] INFO  server.RaftServerConfigKeys (ConfUtils.java:logGet(43)) - raft.server.rpc.request.timeout = 3000ms (default)
2019-11-13 18:48:08,001 [main] INFO  server.RaftServerConfigKeys (ConfUtils.java:logGet(43)) - raft.server.storage.dir = [/workdir/hadoop-ozone/integration-test/target/test-dir/MiniOzoneClusterImpl-936e8649-2eb0-4b7a-921b-5d2cce332f9c/datanode-4/data/ratis] (custom)
2019-11-13 18:48:08,003 [main] INFO  hdfs.DFSUtil (DFSUtil.java:httpServerTemplateForNNAndJN(1641)) - Starting Web-server for hddsDatanode at: http://0.0.0.0:0
2019-11-13 18:48:08,005 [main] INFO  server.AuthenticationFilter (AuthenticationFilter.java:constructSecretProvider(240)) - Unable to initialize FileSignerSecretProvider, falling back to use random secrets.
2019-11-13 18:48:08,011 [main] WARN  http.HttpRequestLog (HttpRequestLog.java:getRequestLog(97)) - Jetty request log can only be enabled using Log4j
2019-11-13 18:48:08,013 [main] INFO  http.HttpServer2 (HttpServer2.java:addGlobalFilter(975)) - Added global filter 'safety' (class=org.apache.hadoop.http.HttpServer2$QuotingInputFilter)
2019-11-13 18:48:08,014 [main] INFO  http.HttpServer2 (HttpServer2.java:addFilter(948)) - Added filter static_user_filter (class=org.apache.hadoop.http.lib.StaticUserWebFilter$StaticUserFilter) to context hddsDatanode
2019-11-13 18:48:08,014 [main] INFO  http.HttpServer2 (HttpServer2.java:addFilter(958)) - Added filter static_user_filter (class=org.apache.hadoop.http.lib.StaticUserWebFilter$StaticUserFilter) to context static
2019-11-13 18:48:08,014 [main] INFO  http.HttpServer2 (HttpServer2.java:addFilter(958)) - Added filter static_user_filter (class=org.apache.hadoop.http.lib.StaticUserWebFilter$StaticUserFilter) to context logs
2019-11-13 18:48:08,015 [main] INFO  http.HttpServer2 (HttpServer2.java:bindListener(1191)) - Jetty bound to port 40761
2019-11-13 18:48:08,015 [main] INFO  server.Server (Server.java:doStart(351)) - jetty-9.3.25.v20180904, build timestamp: 2018-09-04T21:11:46Z, git hash: 3ce520221d0240229c862b122d2b06c12a625732
2019-11-13 18:48:08,020 [main] INFO  handler.ContextHandler (ContextHandler.java:doStart(781)) - Started o.e.j.s.ServletContextHandler@7fe82967{/logs,file:///workdir/hadoop-ozone/integration-test/target/log,AVAILABLE}
2019-11-13 18:48:08,020 [main] INFO  handler.ContextHandler (ContextHandler.java:doStart(781)) - Started o.e.j.s.ServletContextHandler@65e21ce3{/static,jar:file:/home/user/.m2/repository/org/apache/hadoop/hadoop-hdds-container-service/0.5.0-SNAPSHOT/hadoop-hdds-container-service-0.5.0-SNAPSHOT.jar!/webapps/static,AVAILABLE}
2019-11-13 18:48:08,051 [main] INFO  handler.ContextHandler (ContextHandler.java:doStart(781)) - Started o.e.j.w.WebAppContext@b52b755{/,file:///tmp/jetty-0.0.0.0-40761-hddsDatanode-_-any-6525014537321053233.dir/webapp/,AVAILABLE}{/hddsDatanode}
2019-11-13 18:48:08,052 [main] INFO  server.AbstractConnector (AbstractConnector.java:doStart(278)) - Started ServerConnector@a098d76{HTTP/1.1,[http/1.1]}{0.0.0.0:40761}
2019-11-13 18:48:08,053 [main] INFO  server.Server (Server.java:doStart(419)) - Started @5032ms
2019-11-13 18:48:08,053 [main] WARN  impl.MetricsSystemImpl (MetricsSystemImpl.java:register(276)) - Sink prometheus already exists!
2019-11-13 18:48:08,054 [main] INFO  server.BaseHttpServer (BaseHttpServer.java:updateConnectorAddress(215)) - HTTP server of HDDSDATANODE is listening at http://0.0.0.0:40761
2019-11-13 18:48:08,055 [main] INFO  impl.MetricsSystemImpl (MetricsSystemImpl.java:init(158)) - HddsDatanode metrics system started (again)
2019-11-13 18:48:08,058 [main] INFO  ozone.HddsDatanodeService (HddsDatanodeService.java:start(186)) - HddsDatanodeService host:pr-hdds-1940-7lghg-363871468 ip:192.168.164.219
2019-11-13 18:48:08,058 [org.apache.hadoop.util.JvmPauseMonitor$Monitor@eeea465] INFO  util.JvmPauseMonitor (JvmPauseMonitor.java:run(188)) - Starting JVM pause monitor
2019-11-13 18:48:08,060 [Datanode State Machine Thread - 0] INFO  datanode.InitDatanodeState (InitDatanodeState.java:persistContainerDatanodeDetails(140)) - DatanodeDetails is persisted to /workdir/hadoop-ozone/integration-test/target/test-dir/MiniOzoneClusterImpl-936e8649-2eb0-4b7a-921b-5d2cce332f9c/datanode-4/meta/datanode.id
2019-11-13 18:48:08,065 [main] INFO  volume.HddsVolume (HddsVolume.java:<init>(176)) - Creating Volume: /workdir/hadoop-ozone/integration-test/target/test-dir/MiniOzoneClusterImpl-936e8649-2eb0-4b7a-921b-5d2cce332f9c/datanode-5/data/containers/hdds of  storage type : DISK and capacity : 1482555576320
2019-11-13 18:48:08,066 [main] INFO  volume.VolumeSet (VolumeSet.java:initializeVolumeSet(170)) - Added Volume : /workdir/hadoop-ozone/integration-test/target/test-dir/MiniOzoneClusterImpl-936e8649-2eb0-4b7a-921b-5d2cce332f9c/datanode-5/data/containers/hdds to VolumeSet
2019-11-13 18:48:08,066 [main] INFO  volume.ThrottledAsyncChecker (ThrottledAsyncChecker.java:schedule(141)) - Scheduling a check for /workdir/hadoop-ozone/integration-test/target/test-dir/MiniOzoneClusterImpl-936e8649-2eb0-4b7a-921b-5d2cce332f9c/datanode-5/data/containers/hdds
2019-11-13 18:48:08,066 [main] INFO  volume.HddsVolumeChecker (HddsVolumeChecker.java:checkAllVolumes(204)) - Scheduled health check for volume /workdir/hadoop-ozone/integration-test/target/test-dir/MiniOzoneClusterImpl-936e8649-2eb0-4b7a-921b-5d2cce332f9c/datanode-5/data/containers/hdds
2019-11-13 18:48:08,080 [main] INFO  impl.RaftServerProxy (ConfUtils.java:logGet(43)) - raft.rpc.type = GRPC (default)
2019-11-13 18:48:08,080 [main] INFO  grpc.GrpcFactory (GrpcFactory.java:checkPooledByteBufAllocatorUseCacheForAllThreads(45)) - PERFORMANCE WARNING: useCacheForAllThreads is true that may cause Netty to create a lot garbage objects and, as a result, trigger GC.
	It is recommended to disable useCacheForAllThreads by setting -Dorg.apache.ratis.thirdparty.io.netty.allocator.useCacheForAllThreads=false in command line.
2019-11-13 18:48:08,081 [main] INFO  grpc.GrpcConfigKeys$Server (ConfUtils.java:logGet(43)) - raft.grpc.server.port = 0 (default)
2019-11-13 18:48:08,081 [main] INFO  server.GrpcService (ConfUtils.java:logGet(43)) - raft.grpc.message.size.max = 33570816 (custom)
2019-11-13 18:48:08,081 [main] INFO  server.RaftServerConfigKeys (ConfUtils.java:logGet(43)) - raft.server.log.appender.buffer.byte-limit = 33554432 (custom)
2019-11-13 18:48:08,081 [main] INFO  server.GrpcService (ConfUtils.java:logGet(43)) - raft.grpc.flow.control.window = 1MB (=1048576) (default)
2019-11-13 18:48:08,081 [main] INFO  server.RaftServerConfigKeys (ConfUtils.java:logGet(43)) - raft.server.rpc.request.timeout = 3000ms (default)
2019-11-13 18:48:08,082 [main] INFO  server.RaftServerConfigKeys (ConfUtils.java:logGet(43)) - raft.server.storage.dir = [/workdir/hadoop-ozone/integration-test/target/test-dir/MiniOzoneClusterImpl-936e8649-2eb0-4b7a-921b-5d2cce332f9c/datanode-5/data/ratis] (custom)
2019-11-13 18:48:08,084 [main] INFO  hdfs.DFSUtil (DFSUtil.java:httpServerTemplateForNNAndJN(1641)) - Starting Web-server for hddsDatanode at: http://0.0.0.0:0
2019-11-13 18:48:08,085 [main] INFO  server.AuthenticationFilter (AuthenticationFilter.java:constructSecretProvider(240)) - Unable to initialize FileSignerSecretProvider, falling back to use random secrets.
2019-11-13 18:48:08,086 [main] WARN  http.HttpRequestLog (HttpRequestLog.java:getRequestLog(97)) - Jetty request log can only be enabled using Log4j
2019-11-13 18:48:08,087 [main] INFO  http.HttpServer2 (HttpServer2.java:addGlobalFilter(975)) - Added global filter 'safety' (class=org.apache.hadoop.http.HttpServer2$QuotingInputFilter)
2019-11-13 18:48:08,088 [main] INFO  http.HttpServer2 (HttpServer2.java:addFilter(948)) - Added filter static_user_filter (class=org.apache.hadoop.http.lib.StaticUserWebFilter$StaticUserFilter) to context hddsDatanode
2019-11-13 18:48:08,088 [main] INFO  http.HttpServer2 (HttpServer2.java:addFilter(958)) - Added filter static_user_filter (class=org.apache.hadoop.http.lib.StaticUserWebFilter$StaticUserFilter) to context logs
2019-11-13 18:48:08,088 [main] INFO  http.HttpServer2 (HttpServer2.java:addFilter(958)) - Added filter static_user_filter (class=org.apache.hadoop.http.lib.StaticUserWebFilter$StaticUserFilter) to context static
2019-11-13 18:48:08,089 [main] INFO  http.HttpServer2 (HttpServer2.java:bindListener(1191)) - Jetty bound to port 38624
2019-11-13 18:48:08,089 [main] INFO  server.Server (Server.java:doStart(351)) - jetty-9.3.25.v20180904, build timestamp: 2018-09-04T21:11:46Z, git hash: 3ce520221d0240229c862b122d2b06c12a625732
2019-11-13 18:48:08,091 [main] INFO  handler.ContextHandler (ContextHandler.java:doStart(781)) - Started o.e.j.s.ServletContextHandler@ec8f4b9{/logs,file:///workdir/hadoop-ozone/integration-test/target/log,AVAILABLE}
2019-11-13 18:48:08,092 [main] INFO  handler.ContextHandler (ContextHandler.java:doStart(781)) - Started o.e.j.s.ServletContextHandler@5484117b{/static,jar:file:/home/user/.m2/repository/org/apache/hadoop/hadoop-hdds-container-service/0.5.0-SNAPSHOT/hadoop-hdds-container-service-0.5.0-SNAPSHOT.jar!/webapps/static,AVAILABLE}
2019-11-13 18:48:08,125 [main] INFO  handler.ContextHandler (ContextHandler.java:doStart(781)) - Started o.e.j.w.WebAppContext@3d4e405e{/,file:///tmp/jetty-0.0.0.0-38624-hddsDatanode-_-any-87594991944255640.dir/webapp/,AVAILABLE}{/hddsDatanode}
2019-11-13 18:48:08,126 [main] INFO  server.AbstractConnector (AbstractConnector.java:doStart(278)) - Started ServerConnector@54e2fe{HTTP/1.1,[http/1.1]}{0.0.0.0:38624}
2019-11-13 18:48:08,126 [main] INFO  server.Server (Server.java:doStart(419)) - Started @5106ms
2019-11-13 18:48:08,127 [main] WARN  impl.MetricsSystemImpl (MetricsSystemImpl.java:register(276)) - Sink prometheus already exists!
2019-11-13 18:48:08,128 [main] INFO  server.BaseHttpServer (BaseHttpServer.java:updateConnectorAddress(215)) - HTTP server of HDDSDATANODE is listening at http://0.0.0.0:38624
2019-11-13 18:48:08,129 [main] INFO  impl.MetricsSystemImpl (MetricsSystemImpl.java:init(158)) - HddsDatanode metrics system started (again)
2019-11-13 18:48:08,132 [org.apache.hadoop.util.JvmPauseMonitor$Monitor@23186a4f] INFO  util.JvmPauseMonitor (JvmPauseMonitor.java:run(188)) - Starting JVM pause monitor
2019-11-13 18:48:08,133 [main] INFO  ozone.HddsDatanodeService (HddsDatanodeService.java:start(186)) - HddsDatanodeService host:pr-hdds-1940-7lghg-363871468 ip:192.168.164.219
2019-11-13 18:48:08,134 [Datanode State Machine Thread - 0] INFO  datanode.InitDatanodeState (InitDatanodeState.java:persistContainerDatanodeDetails(140)) - DatanodeDetails is persisted to /workdir/hadoop-ozone/integration-test/target/test-dir/MiniOzoneClusterImpl-936e8649-2eb0-4b7a-921b-5d2cce332f9c/datanode-5/meta/datanode.id
2019-11-13 18:48:08,140 [main] INFO  volume.HddsVolume (HddsVolume.java:<init>(176)) - Creating Volume: /workdir/hadoop-ozone/integration-test/target/test-dir/MiniOzoneClusterImpl-936e8649-2eb0-4b7a-921b-5d2cce332f9c/datanode-6/data/containers/hdds of  storage type : DISK and capacity : 1482555576320
2019-11-13 18:48:08,141 [main] INFO  volume.VolumeSet (VolumeSet.java:initializeVolumeSet(170)) - Added Volume : /workdir/hadoop-ozone/integration-test/target/test-dir/MiniOzoneClusterImpl-936e8649-2eb0-4b7a-921b-5d2cce332f9c/datanode-6/data/containers/hdds to VolumeSet
2019-11-13 18:48:08,141 [main] INFO  volume.ThrottledAsyncChecker (ThrottledAsyncChecker.java:schedule(141)) - Scheduling a check for /workdir/hadoop-ozone/integration-test/target/test-dir/MiniOzoneClusterImpl-936e8649-2eb0-4b7a-921b-5d2cce332f9c/datanode-6/data/containers/hdds
2019-11-13 18:48:08,142 [main] INFO  volume.HddsVolumeChecker (HddsVolumeChecker.java:checkAllVolumes(204)) - Scheduled health check for volume /workdir/hadoop-ozone/integration-test/target/test-dir/MiniOzoneClusterImpl-936e8649-2eb0-4b7a-921b-5d2cce332f9c/datanode-6/data/containers/hdds
2019-11-13 18:48:08,159 [main] INFO  impl.RaftServerProxy (ConfUtils.java:logGet(43)) - raft.rpc.type = GRPC (default)
2019-11-13 18:48:08,160 [main] INFO  grpc.GrpcFactory (GrpcFactory.java:checkPooledByteBufAllocatorUseCacheForAllThreads(45)) - PERFORMANCE WARNING: useCacheForAllThreads is true that may cause Netty to create a lot garbage objects and, as a result, trigger GC.
	It is recommended to disable useCacheForAllThreads by setting -Dorg.apache.ratis.thirdparty.io.netty.allocator.useCacheForAllThreads=false in command line.
2019-11-13 18:48:08,160 [main] INFO  grpc.GrpcConfigKeys$Server (ConfUtils.java:logGet(43)) - raft.grpc.server.port = 0 (default)
2019-11-13 18:48:08,160 [main] INFO  server.GrpcService (ConfUtils.java:logGet(43)) - raft.grpc.message.size.max = 33570816 (custom)
2019-11-13 18:48:08,160 [main] INFO  server.RaftServerConfigKeys (ConfUtils.java:logGet(43)) - raft.server.log.appender.buffer.byte-limit = 33554432 (custom)
2019-11-13 18:48:08,161 [main] INFO  server.GrpcService (ConfUtils.java:logGet(43)) - raft.grpc.flow.control.window = 1MB (=1048576) (default)
2019-11-13 18:48:08,161 [main] INFO  server.RaftServerConfigKeys (ConfUtils.java:logGet(43)) - raft.server.rpc.request.timeout = 3000ms (default)
2019-11-13 18:48:08,161 [main] INFO  server.RaftServerConfigKeys (ConfUtils.java:logGet(43)) - raft.server.storage.dir = [/workdir/hadoop-ozone/integration-test/target/test-dir/MiniOzoneClusterImpl-936e8649-2eb0-4b7a-921b-5d2cce332f9c/datanode-6/data/ratis] (custom)
2019-11-13 18:48:08,163 [main] INFO  hdfs.DFSUtil (DFSUtil.java:httpServerTemplateForNNAndJN(1641)) - Starting Web-server for hddsDatanode at: http://0.0.0.0:0
2019-11-13 18:48:08,164 [main] INFO  server.AuthenticationFilter (AuthenticationFilter.java:constructSecretProvider(240)) - Unable to initialize FileSignerSecretProvider, falling back to use random secrets.
2019-11-13 18:48:08,165 [main] WARN  http.HttpRequestLog (HttpRequestLog.java:getRequestLog(97)) - Jetty request log can only be enabled using Log4j
2019-11-13 18:48:08,166 [main] INFO  http.HttpServer2 (HttpServer2.java:addGlobalFilter(975)) - Added global filter 'safety' (class=org.apache.hadoop.http.HttpServer2$QuotingInputFilter)
2019-11-13 18:48:08,167 [main] INFO  http.HttpServer2 (HttpServer2.java:addFilter(948)) - Added filter static_user_filter (class=org.apache.hadoop.http.lib.StaticUserWebFilter$StaticUserFilter) to context hddsDatanode
2019-11-13 18:48:08,167 [main] INFO  http.HttpServer2 (HttpServer2.java:addFilter(958)) - Added filter static_user_filter (class=org.apache.hadoop.http.lib.StaticUserWebFilter$StaticUserFilter) to context static
2019-11-13 18:48:08,167 [main] INFO  http.HttpServer2 (HttpServer2.java:addFilter(958)) - Added filter static_user_filter (class=org.apache.hadoop.http.lib.StaticUserWebFilter$StaticUserFilter) to context logs
2019-11-13 18:48:08,168 [main] INFO  http.HttpServer2 (HttpServer2.java:bindListener(1191)) - Jetty bound to port 38894
2019-11-13 18:48:08,168 [main] INFO  server.Server (Server.java:doStart(351)) - jetty-9.3.25.v20180904, build timestamp: 2018-09-04T21:11:46Z, git hash: 3ce520221d0240229c862b122d2b06c12a625732
2019-11-13 18:48:08,170 [main] INFO  handler.ContextHandler (ContextHandler.java:doStart(781)) - Started o.e.j.s.ServletContextHandler@d5d5353{/logs,file:///workdir/hadoop-ozone/integration-test/target/log,AVAILABLE}
2019-11-13 18:48:08,170 [main] INFO  handler.ContextHandler (ContextHandler.java:doStart(781)) - Started o.e.j.s.ServletContextHandler@39a87e72{/static,jar:file:/home/user/.m2/repository/org/apache/hadoop/hadoop-hdds-container-service/0.5.0-SNAPSHOT/hadoop-hdds-container-service-0.5.0-SNAPSHOT.jar!/webapps/static,AVAILABLE}
2019-11-13 18:48:08,200 [main] INFO  handler.ContextHandler (ContextHandler.java:doStart(781)) - Started o.e.j.w.WebAppContext@25aeb5ac{/,file:///tmp/jetty-0.0.0.0-38894-hddsDatanode-_-any-2091696427987314396.dir/webapp/,AVAILABLE}{/hddsDatanode}
2019-11-13 18:48:08,201 [main] INFO  server.AbstractConnector (AbstractConnector.java:doStart(278)) - Started ServerConnector@c755b2{HTTP/1.1,[http/1.1]}{0.0.0.0:38894}
2019-11-13 18:48:08,205 [main] INFO  server.Server (Server.java:doStart(419)) - Started @5182ms
2019-11-13 18:48:08,205 [main] WARN  impl.MetricsSystemImpl (MetricsSystemImpl.java:register(276)) - Sink prometheus already exists!
2019-11-13 18:48:08,206 [main] INFO  server.BaseHttpServer (BaseHttpServer.java:updateConnectorAddress(215)) - HTTP server of HDDSDATANODE is listening at http://0.0.0.0:38894
2019-11-13 18:48:08,207 [main] INFO  impl.MetricsSystemImpl (MetricsSystemImpl.java:init(158)) - HddsDatanode metrics system started (again)
2019-11-13 18:48:08,210 [main] INFO  ozone.HddsDatanodeService (HddsDatanodeService.java:start(186)) - HddsDatanodeService host:pr-hdds-1940-7lghg-363871468 ip:192.168.164.219
2019-11-13 18:48:08,210 [org.apache.hadoop.util.JvmPauseMonitor$Monitor@1844e529] INFO  util.JvmPauseMonitor (JvmPauseMonitor.java:run(188)) - Starting JVM pause monitor
2019-11-13 18:48:08,213 [Datanode State Machine Thread - 0] INFO  datanode.InitDatanodeState (InitDatanodeState.java:persistContainerDatanodeDetails(140)) - DatanodeDetails is persisted to /workdir/hadoop-ozone/integration-test/target/test-dir/MiniOzoneClusterImpl-936e8649-2eb0-4b7a-921b-5d2cce332f9c/datanode-6/meta/datanode.id
2019-11-13 18:48:08,217 [main] INFO  volume.HddsVolume (HddsVolume.java:<init>(176)) - Creating Volume: /workdir/hadoop-ozone/integration-test/target/test-dir/MiniOzoneClusterImpl-936e8649-2eb0-4b7a-921b-5d2cce332f9c/datanode-7/data/containers/hdds of  storage type : DISK and capacity : 1482555576320
2019-11-13 18:48:08,217 [main] INFO  volume.VolumeSet (VolumeSet.java:initializeVolumeSet(170)) - Added Volume : /workdir/hadoop-ozone/integration-test/target/test-dir/MiniOzoneClusterImpl-936e8649-2eb0-4b7a-921b-5d2cce332f9c/datanode-7/data/containers/hdds to VolumeSet
2019-11-13 18:48:08,218 [main] INFO  volume.ThrottledAsyncChecker (ThrottledAsyncChecker.java:schedule(141)) - Scheduling a check for /workdir/hadoop-ozone/integration-test/target/test-dir/MiniOzoneClusterImpl-936e8649-2eb0-4b7a-921b-5d2cce332f9c/datanode-7/data/containers/hdds
2019-11-13 18:48:08,218 [main] INFO  volume.HddsVolumeChecker (HddsVolumeChecker.java:checkAllVolumes(204)) - Scheduled health check for volume /workdir/hadoop-ozone/integration-test/target/test-dir/MiniOzoneClusterImpl-936e8649-2eb0-4b7a-921b-5d2cce332f9c/datanode-7/data/containers/hdds
2019-11-13 18:48:08,232 [main] INFO  impl.RaftServerProxy (ConfUtils.java:logGet(43)) - raft.rpc.type = GRPC (default)
2019-11-13 18:48:08,233 [main] INFO  grpc.GrpcFactory (GrpcFactory.java:checkPooledByteBufAllocatorUseCacheForAllThreads(45)) - PERFORMANCE WARNING: useCacheForAllThreads is true that may cause Netty to create a lot garbage objects and, as a result, trigger GC.
	It is recommended to disable useCacheForAllThreads by setting -Dorg.apache.ratis.thirdparty.io.netty.allocator.useCacheForAllThreads=false in command line.
2019-11-13 18:48:08,233 [main] INFO  grpc.GrpcConfigKeys$Server (ConfUtils.java:logGet(43)) - raft.grpc.server.port = 0 (default)
2019-11-13 18:48:08,233 [main] INFO  server.GrpcService (ConfUtils.java:logGet(43)) - raft.grpc.message.size.max = 33570816 (custom)
2019-11-13 18:48:08,233 [main] INFO  server.RaftServerConfigKeys (ConfUtils.java:logGet(43)) - raft.server.log.appender.buffer.byte-limit = 33554432 (custom)
2019-11-13 18:48:08,233 [main] INFO  server.GrpcService (ConfUtils.java:logGet(43)) - raft.grpc.flow.control.window = 1MB (=1048576) (default)
2019-11-13 18:48:08,234 [main] INFO  server.RaftServerConfigKeys (ConfUtils.java:logGet(43)) - raft.server.rpc.request.timeout = 3000ms (default)
2019-11-13 18:48:08,234 [main] INFO  server.RaftServerConfigKeys (ConfUtils.java:logGet(43)) - raft.server.storage.dir = [/workdir/hadoop-ozone/integration-test/target/test-dir/MiniOzoneClusterImpl-936e8649-2eb0-4b7a-921b-5d2cce332f9c/datanode-7/data/ratis] (custom)
2019-11-13 18:48:08,236 [main] INFO  hdfs.DFSUtil (DFSUtil.java:httpServerTemplateForNNAndJN(1641)) - Starting Web-server for hddsDatanode at: http://0.0.0.0:0
2019-11-13 18:48:08,238 [main] INFO  server.AuthenticationFilter (AuthenticationFilter.java:constructSecretProvider(240)) - Unable to initialize FileSignerSecretProvider, falling back to use random secrets.
2019-11-13 18:48:08,239 [main] WARN  http.HttpRequestLog (HttpRequestLog.java:getRequestLog(97)) - Jetty request log can only be enabled using Log4j
2019-11-13 18:48:08,241 [main] INFO  http.HttpServer2 (HttpServer2.java:addGlobalFilter(975)) - Added global filter 'safety' (class=org.apache.hadoop.http.HttpServer2$QuotingInputFilter)
2019-11-13 18:48:08,242 [main] INFO  http.HttpServer2 (HttpServer2.java:addFilter(948)) - Added filter static_user_filter (class=org.apache.hadoop.http.lib.StaticUserWebFilter$StaticUserFilter) to context hddsDatanode
2019-11-13 18:48:08,242 [main] INFO  http.HttpServer2 (HttpServer2.java:addFilter(958)) - Added filter static_user_filter (class=org.apache.hadoop.http.lib.StaticUserWebFilter$StaticUserFilter) to context static
2019-11-13 18:48:08,243 [main] INFO  http.HttpServer2 (HttpServer2.java:addFilter(958)) - Added filter static_user_filter (class=org.apache.hadoop.http.lib.StaticUserWebFilter$StaticUserFilter) to context logs
2019-11-13 18:48:08,244 [main] INFO  http.HttpServer2 (HttpServer2.java:bindListener(1191)) - Jetty bound to port 36734
2019-11-13 18:48:08,244 [main] INFO  server.Server (Server.java:doStart(351)) - jetty-9.3.25.v20180904, build timestamp: 2018-09-04T21:11:46Z, git hash: 3ce520221d0240229c862b122d2b06c12a625732
2019-11-13 18:48:08,247 [main] INFO  handler.ContextHandler (ContextHandler.java:doStart(781)) - Started o.e.j.s.ServletContextHandler@6f911326{/logs,file:///workdir/hadoop-ozone/integration-test/target/log,AVAILABLE}
2019-11-13 18:48:08,247 [main] INFO  handler.ContextHandler (ContextHandler.java:doStart(781)) - Started o.e.j.s.ServletContextHandler@6e4f263e{/static,jar:file:/home/user/.m2/repository/org/apache/hadoop/hadoop-hdds-container-service/0.5.0-SNAPSHOT/hadoop-hdds-container-service-0.5.0-SNAPSHOT.jar!/webapps/static,AVAILABLE}
2019-11-13 18:48:08,296 [main] INFO  handler.ContextHandler (ContextHandler.java:doStart(781)) - Started o.e.j.w.WebAppContext@68f0f72c{/,file:///tmp/jetty-0.0.0.0-36734-hddsDatanode-_-any-4890467491248897446.dir/webapp/,AVAILABLE}{/hddsDatanode}
2019-11-13 18:48:08,297 [main] INFO  server.AbstractConnector (AbstractConnector.java:doStart(278)) - Started ServerConnector@3d96fa9e{HTTP/1.1,[http/1.1]}{0.0.0.0:36734}
2019-11-13 18:48:08,298 [main] INFO  server.Server (Server.java:doStart(419)) - Started @5277ms
2019-11-13 18:48:08,298 [main] WARN  impl.MetricsSystemImpl (MetricsSystemImpl.java:register(276)) - Sink prometheus already exists!
2019-11-13 18:48:08,299 [main] INFO  server.BaseHttpServer (BaseHttpServer.java:updateConnectorAddress(215)) - HTTP server of HDDSDATANODE is listening at http://0.0.0.0:36734
2019-11-13 18:48:08,300 [main] INFO  impl.MetricsSystemImpl (MetricsSystemImpl.java:init(158)) - HddsDatanode metrics system started (again)
2019-11-13 18:48:08,303 [org.apache.hadoop.util.JvmPauseMonitor$Monitor@99a4083] INFO  util.JvmPauseMonitor (JvmPauseMonitor.java:run(188)) - Starting JVM pause monitor
2019-11-13 18:48:08,305 [main] INFO  ozone.HddsDatanodeService (HddsDatanodeService.java:start(186)) - HddsDatanodeService host:pr-hdds-1940-7lghg-363871468 ip:192.168.164.219
2019-11-13 18:48:08,306 [Datanode State Machine Thread - 0] INFO  datanode.InitDatanodeState (InitDatanodeState.java:persistContainerDatanodeDetails(140)) - DatanodeDetails is persisted to /workdir/hadoop-ozone/integration-test/target/test-dir/MiniOzoneClusterImpl-936e8649-2eb0-4b7a-921b-5d2cce332f9c/datanode-7/meta/datanode.id
2019-11-13 18:48:08,312 [main] INFO  volume.HddsVolume (HddsVolume.java:<init>(176)) - Creating Volume: /workdir/hadoop-ozone/integration-test/target/test-dir/MiniOzoneClusterImpl-936e8649-2eb0-4b7a-921b-5d2cce332f9c/datanode-8/data/containers/hdds of  storage type : DISK and capacity : 1482555576320
2019-11-13 18:48:08,312 [main] INFO  volume.VolumeSet (VolumeSet.java:initializeVolumeSet(170)) - Added Volume : /workdir/hadoop-ozone/integration-test/target/test-dir/MiniOzoneClusterImpl-936e8649-2eb0-4b7a-921b-5d2cce332f9c/datanode-8/data/containers/hdds to VolumeSet
2019-11-13 18:48:08,312 [main] INFO  volume.ThrottledAsyncChecker (ThrottledAsyncChecker.java:schedule(141)) - Scheduling a check for /workdir/hadoop-ozone/integration-test/target/test-dir/MiniOzoneClusterImpl-936e8649-2eb0-4b7a-921b-5d2cce332f9c/datanode-8/data/containers/hdds
2019-11-13 18:48:08,313 [main] INFO  volume.HddsVolumeChecker (HddsVolumeChecker.java:checkAllVolumes(204)) - Scheduled health check for volume /workdir/hadoop-ozone/integration-test/target/test-dir/MiniOzoneClusterImpl-936e8649-2eb0-4b7a-921b-5d2cce332f9c/datanode-8/data/containers/hdds
2019-11-13 18:48:08,329 [main] INFO  impl.RaftServerProxy (ConfUtils.java:logGet(43)) - raft.rpc.type = GRPC (default)
2019-11-13 18:48:08,329 [main] INFO  grpc.GrpcFactory (GrpcFactory.java:checkPooledByteBufAllocatorUseCacheForAllThreads(45)) - PERFORMANCE WARNING: useCacheForAllThreads is true that may cause Netty to create a lot garbage objects and, as a result, trigger GC.
	It is recommended to disable useCacheForAllThreads by setting -Dorg.apache.ratis.thirdparty.io.netty.allocator.useCacheForAllThreads=false in command line.
2019-11-13 18:48:08,329 [main] INFO  grpc.GrpcConfigKeys$Server (ConfUtils.java:logGet(43)) - raft.grpc.server.port = 0 (default)
2019-11-13 18:48:08,330 [main] INFO  server.GrpcService (ConfUtils.java:logGet(43)) - raft.grpc.message.size.max = 33570816 (custom)
2019-11-13 18:48:08,330 [main] INFO  server.RaftServerConfigKeys (ConfUtils.java:logGet(43)) - raft.server.log.appender.buffer.byte-limit = 33554432 (custom)
2019-11-13 18:48:08,330 [main] INFO  server.GrpcService (ConfUtils.java:logGet(43)) - raft.grpc.flow.control.window = 1MB (=1048576) (default)
2019-11-13 18:48:08,330 [main] INFO  server.RaftServerConfigKeys (ConfUtils.java:logGet(43)) - raft.server.rpc.request.timeout = 3000ms (default)
2019-11-13 18:48:08,331 [main] INFO  server.RaftServerConfigKeys (ConfUtils.java:logGet(43)) - raft.server.storage.dir = [/workdir/hadoop-ozone/integration-test/target/test-dir/MiniOzoneClusterImpl-936e8649-2eb0-4b7a-921b-5d2cce332f9c/datanode-8/data/ratis] (custom)
2019-11-13 18:48:08,333 [main] INFO  hdfs.DFSUtil (DFSUtil.java:httpServerTemplateForNNAndJN(1641)) - Starting Web-server for hddsDatanode at: http://0.0.0.0:0
2019-11-13 18:48:08,334 [main] INFO  server.AuthenticationFilter (AuthenticationFilter.java:constructSecretProvider(240)) - Unable to initialize FileSignerSecretProvider, falling back to use random secrets.
2019-11-13 18:48:08,335 [main] WARN  http.HttpRequestLog (HttpRequestLog.java:getRequestLog(97)) - Jetty request log can only be enabled using Log4j
2019-11-13 18:48:08,337 [main] INFO  http.HttpServer2 (HttpServer2.java:addGlobalFilter(975)) - Added global filter 'safety' (class=org.apache.hadoop.http.HttpServer2$QuotingInputFilter)
2019-11-13 18:48:08,337 [main] INFO  http.HttpServer2 (HttpServer2.java:addFilter(948)) - Added filter static_user_filter (class=org.apache.hadoop.http.lib.StaticUserWebFilter$StaticUserFilter) to context hddsDatanode
2019-11-13 18:48:08,337 [main] INFO  http.HttpServer2 (HttpServer2.java:addFilter(958)) - Added filter static_user_filter (class=org.apache.hadoop.http.lib.StaticUserWebFilter$StaticUserFilter) to context static
2019-11-13 18:48:08,338 [main] INFO  http.HttpServer2 (HttpServer2.java:addFilter(958)) - Added filter static_user_filter (class=org.apache.hadoop.http.lib.StaticUserWebFilter$StaticUserFilter) to context logs
2019-11-13 18:48:08,338 [main] INFO  http.HttpServer2 (HttpServer2.java:bindListener(1191)) - Jetty bound to port 39936
2019-11-13 18:48:08,339 [main] INFO  server.Server (Server.java:doStart(351)) - jetty-9.3.25.v20180904, build timestamp: 2018-09-04T21:11:46Z, git hash: 3ce520221d0240229c862b122d2b06c12a625732
2019-11-13 18:48:08,340 [main] INFO  handler.ContextHandler (ContextHandler.java:doStart(781)) - Started o.e.j.s.ServletContextHandler@ae2db25{/logs,file:///workdir/hadoop-ozone/integration-test/target/log,AVAILABLE}
2019-11-13 18:48:08,341 [main] INFO  handler.ContextHandler (ContextHandler.java:doStart(781)) - Started o.e.j.s.ServletContextHandler@7afc4db9{/static,jar:file:/home/user/.m2/repository/org/apache/hadoop/hadoop-hdds-container-service/0.5.0-SNAPSHOT/hadoop-hdds-container-service-0.5.0-SNAPSHOT.jar!/webapps/static,AVAILABLE}
2019-11-13 18:48:08,372 [main] INFO  handler.ContextHandler (ContextHandler.java:doStart(781)) - Started o.e.j.w.WebAppContext@1e1e9ef3{/,file:///tmp/jetty-0.0.0.0-39936-hddsDatanode-_-any-8221129680263657624.dir/webapp/,AVAILABLE}{/hddsDatanode}
2019-11-13 18:48:08,372 [main] INFO  server.AbstractConnector (AbstractConnector.java:doStart(278)) - Started ServerConnector@3dd31157{HTTP/1.1,[http/1.1]}{0.0.0.0:39936}
2019-11-13 18:48:08,373 [main] INFO  server.Server (Server.java:doStart(419)) - Started @5353ms
2019-11-13 18:48:08,373 [main] WARN  impl.MetricsSystemImpl (MetricsSystemImpl.java:register(276)) - Sink prometheus already exists!
2019-11-13 18:48:08,375 [main] INFO  server.BaseHttpServer (BaseHttpServer.java:updateConnectorAddress(215)) - HTTP server of HDDSDATANODE is listening at http://0.0.0.0:39936
2019-11-13 18:48:08,375 [main] INFO  impl.MetricsSystemImpl (MetricsSystemImpl.java:init(158)) - HddsDatanode metrics system started (again)
2019-11-13 18:48:08,378 [org.apache.hadoop.util.JvmPauseMonitor$Monitor@4395fe9b] INFO  util.JvmPauseMonitor (JvmPauseMonitor.java:run(188)) - Starting JVM pause monitor
2019-11-13 18:48:08,383 [main] INFO  ozone.HddsDatanodeService (HddsDatanodeService.java:start(186)) - HddsDatanodeService host:pr-hdds-1940-7lghg-363871468 ip:192.168.164.219
2019-11-13 18:48:08,383 [Datanode State Machine Thread - 0] INFO  datanode.InitDatanodeState (InitDatanodeState.java:persistContainerDatanodeDetails(140)) - DatanodeDetails is persisted to /workdir/hadoop-ozone/integration-test/target/test-dir/MiniOzoneClusterImpl-936e8649-2eb0-4b7a-921b-5d2cce332f9c/datanode-8/meta/datanode.id
2019-11-13 18:48:08,394 [main] INFO  volume.HddsVolume (HddsVolume.java:<init>(176)) - Creating Volume: /workdir/hadoop-ozone/integration-test/target/test-dir/MiniOzoneClusterImpl-936e8649-2eb0-4b7a-921b-5d2cce332f9c/datanode-9/data/containers/hdds of  storage type : DISK and capacity : 1482555576320
2019-11-13 18:48:08,394 [main] INFO  volume.VolumeSet (VolumeSet.java:initializeVolumeSet(170)) - Added Volume : /workdir/hadoop-ozone/integration-test/target/test-dir/MiniOzoneClusterImpl-936e8649-2eb0-4b7a-921b-5d2cce332f9c/datanode-9/data/containers/hdds to VolumeSet
2019-11-13 18:48:08,394 [main] INFO  volume.ThrottledAsyncChecker (ThrottledAsyncChecker.java:schedule(141)) - Scheduling a check for /workdir/hadoop-ozone/integration-test/target/test-dir/MiniOzoneClusterImpl-936e8649-2eb0-4b7a-921b-5d2cce332f9c/datanode-9/data/containers/hdds
2019-11-13 18:48:08,395 [main] INFO  volume.HddsVolumeChecker (HddsVolumeChecker.java:checkAllVolumes(204)) - Scheduled health check for volume /workdir/hadoop-ozone/integration-test/target/test-dir/MiniOzoneClusterImpl-936e8649-2eb0-4b7a-921b-5d2cce332f9c/datanode-9/data/containers/hdds
2019-11-13 18:48:08,413 [main] INFO  impl.RaftServerProxy (ConfUtils.java:logGet(43)) - raft.rpc.type = GRPC (default)
2019-11-13 18:48:08,413 [main] INFO  grpc.GrpcFactory (GrpcFactory.java:checkPooledByteBufAllocatorUseCacheForAllThreads(45)) - PERFORMANCE WARNING: useCacheForAllThreads is true that may cause Netty to create a lot garbage objects and, as a result, trigger GC.
	It is recommended to disable useCacheForAllThreads by setting -Dorg.apache.ratis.thirdparty.io.netty.allocator.useCacheForAllThreads=false in command line.
2019-11-13 18:48:08,414 [main] INFO  grpc.GrpcConfigKeys$Server (ConfUtils.java:logGet(43)) - raft.grpc.server.port = 0 (default)
2019-11-13 18:48:08,414 [main] INFO  server.GrpcService (ConfUtils.java:logGet(43)) - raft.grpc.message.size.max = 33570816 (custom)
2019-11-13 18:48:08,414 [main] INFO  server.RaftServerConfigKeys (ConfUtils.java:logGet(43)) - raft.server.log.appender.buffer.byte-limit = 33554432 (custom)
2019-11-13 18:48:08,414 [main] INFO  server.GrpcService (ConfUtils.java:logGet(43)) - raft.grpc.flow.control.window = 1MB (=1048576) (default)
2019-11-13 18:48:08,415 [main] INFO  server.RaftServerConfigKeys (ConfUtils.java:logGet(43)) - raft.server.rpc.request.timeout = 3000ms (default)
2019-11-13 18:48:08,415 [main] INFO  server.RaftServerConfigKeys (ConfUtils.java:logGet(43)) - raft.server.storage.dir = [/workdir/hadoop-ozone/integration-test/target/test-dir/MiniOzoneClusterImpl-936e8649-2eb0-4b7a-921b-5d2cce332f9c/datanode-9/data/ratis] (custom)
2019-11-13 18:48:08,417 [main] INFO  hdfs.DFSUtil (DFSUtil.java:httpServerTemplateForNNAndJN(1641)) - Starting Web-server for hddsDatanode at: http://0.0.0.0:0
2019-11-13 18:48:08,419 [main] INFO  server.AuthenticationFilter (AuthenticationFilter.java:constructSecretProvider(240)) - Unable to initialize FileSignerSecretProvider, falling back to use random secrets.
2019-11-13 18:48:08,419 [main] WARN  http.HttpRequestLog (HttpRequestLog.java:getRequestLog(97)) - Jetty request log can only be enabled using Log4j
2019-11-13 18:48:08,421 [main] INFO  http.HttpServer2 (HttpServer2.java:addGlobalFilter(975)) - Added global filter 'safety' (class=org.apache.hadoop.http.HttpServer2$QuotingInputFilter)
2019-11-13 18:48:08,421 [main] INFO  http.HttpServer2 (HttpServer2.java:addFilter(948)) - Added filter static_user_filter (class=org.apache.hadoop.http.lib.StaticUserWebFilter$StaticUserFilter) to context hddsDatanode
2019-11-13 18:48:08,421 [main] INFO  http.HttpServer2 (HttpServer2.java:addFilter(958)) - Added filter static_user_filter (class=org.apache.hadoop.http.lib.StaticUserWebFilter$StaticUserFilter) to context logs
2019-11-13 18:48:08,422 [main] INFO  http.HttpServer2 (HttpServer2.java:addFilter(958)) - Added filter static_user_filter (class=org.apache.hadoop.http.lib.StaticUserWebFilter$StaticUserFilter) to context static
2019-11-13 18:48:08,422 [main] INFO  http.HttpServer2 (HttpServer2.java:bindListener(1191)) - Jetty bound to port 41317
2019-11-13 18:48:08,423 [main] INFO  server.Server (Server.java:doStart(351)) - jetty-9.3.25.v20180904, build timestamp: 2018-09-04T21:11:46Z, git hash: 3ce520221d0240229c862b122d2b06c12a625732
2019-11-13 18:48:08,424 [main] INFO  handler.ContextHandler (ContextHandler.java:doStart(781)) - Started o.e.j.s.ServletContextHandler@6c841199{/logs,file:///workdir/hadoop-ozone/integration-test/target/log,AVAILABLE}
2019-11-13 18:48:08,425 [main] INFO  handler.ContextHandler (ContextHandler.java:doStart(781)) - Started o.e.j.s.ServletContextHandler@489091bd{/static,jar:file:/home/user/.m2/repository/org/apache/hadoop/hadoop-hdds-container-service/0.5.0-SNAPSHOT/hadoop-hdds-container-service-0.5.0-SNAPSHOT.jar!/webapps/static,AVAILABLE}
2019-11-13 18:48:08,455 [main] INFO  handler.ContextHandler (ContextHandler.java:doStart(781)) - Started o.e.j.w.WebAppContext@2a869a16{/,file:///tmp/jetty-0.0.0.0-41317-hddsDatanode-_-any-3339640116245966035.dir/webapp/,AVAILABLE}{/hddsDatanode}
2019-11-13 18:48:08,457 [main] INFO  server.AbstractConnector (AbstractConnector.java:doStart(278)) - Started ServerConnector@ae202c6{HTTP/1.1,[http/1.1]}{0.0.0.0:41317}
2019-11-13 18:48:08,457 [main] INFO  server.Server (Server.java:doStart(419)) - Started @5437ms
2019-11-13 18:48:08,457 [main] WARN  impl.MetricsSystemImpl (MetricsSystemImpl.java:register(276)) - Sink prometheus already exists!
2019-11-13 18:48:08,458 [main] INFO  server.BaseHttpServer (BaseHttpServer.java:updateConnectorAddress(215)) - HTTP server of HDDSDATANODE is listening at http://0.0.0.0:41317
2019-11-13 18:48:08,460 [main] INFO  ozone.MiniOzoneClusterImpl (MiniOzoneClusterImpl.java:lambda$waitForClusterToBeReady$2(171)) - Waiting for cluster to be ready. Got 0 of 10 DN Heartbeats.
2019-11-13 18:48:08,461 [org.apache.hadoop.util.JvmPauseMonitor$Monitor@f195c81] INFO  util.JvmPauseMonitor (JvmPauseMonitor.java:run(188)) - Starting JVM pause monitor
2019-11-13 18:48:08,463 [Datanode State Machine Thread - 0] INFO  datanode.InitDatanodeState (InitDatanodeState.java:persistContainerDatanodeDetails(140)) - DatanodeDetails is persisted to /workdir/hadoop-ozone/integration-test/target/test-dir/MiniOzoneClusterImpl-936e8649-2eb0-4b7a-921b-5d2cce332f9c/datanode-9/meta/datanode.id
2019-11-13 18:48:09,460 [main] INFO  ozone.MiniOzoneClusterImpl (MiniOzoneClusterImpl.java:lambda$waitForClusterToBeReady$2(171)) - Waiting for cluster to be ready. Got 0 of 10 DN Heartbeats.
2019-11-13 18:48:09,811 [Datanode State Machine Thread - 0] INFO  ozoneimpl.OzoneContainer (OzoneContainer.java:start(230)) - Attempting to start container services.
2019-11-13 18:48:09,816 [Datanode State Machine Thread - 0] INFO  ozoneimpl.OzoneContainer (OzoneContainer.java:start(230)) - Attempting to start container services.
2019-11-13 18:48:09,816 [Datanode State Machine Thread - 0] INFO  ozoneimpl.OzoneContainer (OzoneContainer.java:startContainerScrub(194)) - Background container scanner has been disabled.
2019-11-13 18:48:09,819 [Datanode State Machine Thread - 0] INFO  ratis.XceiverServerRatis (XceiverServerRatis.java:start(421)) - Starting XceiverServerRatis 8a346eb0-433c-4f64-9a22-d40a83dee003 at port 0
2019-11-13 18:48:09,819 [Datanode State Machine Thread - 0] INFO  ozoneimpl.OzoneContainer (OzoneContainer.java:startContainerScrub(194)) - Background container scanner has been disabled.
2019-11-13 18:48:09,820 [Datanode State Machine Thread - 0] INFO  ratis.XceiverServerRatis (XceiverServerRatis.java:start(421)) - Starting XceiverServerRatis dc8ab455-7be4-4b62-9320-5f4e855ec266 at port 0
2019-11-13 18:48:09,844 [Datanode State Machine Thread - 0] INFO  impl.RaftServerProxy (RaftServerProxy.java:lambda$start$3(299)) - dc8ab455-7be4-4b62-9320-5f4e855ec266: start RPC server
2019-11-13 18:48:09,844 [Datanode State Machine Thread - 0] INFO  impl.RaftServerProxy (RaftServerProxy.java:lambda$start$3(299)) - 8a346eb0-433c-4f64-9a22-d40a83dee003: start RPC server
2019-11-13 18:48:09,912 [Datanode State Machine Thread - 0] INFO  ozoneimpl.OzoneContainer (OzoneContainer.java:start(230)) - Attempting to start container services.
2019-11-13 18:48:09,913 [Datanode State Machine Thread - 0] INFO  ozoneimpl.OzoneContainer (OzoneContainer.java:startContainerScrub(194)) - Background container scanner has been disabled.
2019-11-13 18:48:09,913 [Datanode State Machine Thread - 0] INFO  ratis.XceiverServerRatis (XceiverServerRatis.java:start(421)) - Starting XceiverServerRatis 19b56e57-c404-4271-b4fe-c6c2e842ae91 at port 0
2019-11-13 18:48:09,921 [Datanode State Machine Thread - 0] INFO  impl.RaftServerProxy (RaftServerProxy.java:lambda$start$3(299)) - 19b56e57-c404-4271-b4fe-c6c2e842ae91: start RPC server
2019-11-13 18:48:09,955 [Datanode State Machine Thread - 0] INFO  server.GrpcService (GrpcService.java:startImpl(158)) - dc8ab455-7be4-4b62-9320-5f4e855ec266: GrpcService started, listening on 0.0.0.0/0.0.0.0:46852
2019-11-13 18:48:09,955 [Datanode State Machine Thread - 0] INFO  server.GrpcService (GrpcService.java:startImpl(158)) - 8a346eb0-433c-4f64-9a22-d40a83dee003: GrpcService started, listening on 0.0.0.0/0.0.0.0:45850
2019-11-13 18:48:09,956 [Datanode State Machine Thread - 0] INFO  ratis.XceiverServerRatis (XceiverServerRatis.java:start(431)) - XceiverServerRatis dc8ab455-7be4-4b62-9320-5f4e855ec266 is started using port 46852
2019-11-13 18:48:09,955 [Datanode State Machine Thread - 0] INFO  server.GrpcService (GrpcService.java:startImpl(158)) - 19b56e57-c404-4271-b4fe-c6c2e842ae91: GrpcService started, listening on 0.0.0.0/0.0.0.0:41012
2019-11-13 18:48:09,956 [Datanode State Machine Thread - 0] INFO  ratis.XceiverServerRatis (XceiverServerRatis.java:start(431)) - XceiverServerRatis 8a346eb0-433c-4f64-9a22-d40a83dee003 is started using port 45850
2019-11-13 18:48:09,957 [Datanode State Machine Thread - 0] INFO  ratis.XceiverServerRatis (XceiverServerRatis.java:start(431)) - XceiverServerRatis 19b56e57-c404-4271-b4fe-c6c2e842ae91 is started using port 41012
2019-11-13 18:48:09,961 [Datanode State Machine Thread - 0] INFO  server.XceiverServerGrpc (XceiverServerGrpc.java:start(145)) - XceiverServerGrpc dc8ab455-7be4-4b62-9320-5f4e855ec266 is started using port 36107
2019-11-13 18:48:09,961 [Datanode State Machine Thread - 0] INFO  server.XceiverServerGrpc (XceiverServerGrpc.java:start(145)) - XceiverServerGrpc 19b56e57-c404-4271-b4fe-c6c2e842ae91 is started using port 34319
2019-11-13 18:48:09,961 [Datanode State Machine Thread - 0] INFO  server.XceiverServerGrpc (XceiverServerGrpc.java:start(145)) - XceiverServerGrpc 8a346eb0-433c-4f64-9a22-d40a83dee003 is started using port 44351
2019-11-13 18:48:09,989 [Datanode State Machine Thread - 0] INFO  ozoneimpl.OzoneContainer (OzoneContainer.java:start(230)) - Attempting to start container services.
2019-11-13 18:48:09,989 [Datanode State Machine Thread - 0] INFO  ozoneimpl.OzoneContainer (OzoneContainer.java:startContainerScrub(194)) - Background container scanner has been disabled.
2019-11-13 18:48:09,990 [Datanode State Machine Thread - 0] INFO  ratis.XceiverServerRatis (XceiverServerRatis.java:start(421)) - Starting XceiverServerRatis 9582de44-b510-4bf6-b692-b66075a27588 at port 0
2019-11-13 18:48:09,998 [Datanode State Machine Thread - 0] INFO  impl.RaftServerProxy (RaftServerProxy.java:lambda$start$3(299)) - 9582de44-b510-4bf6-b692-b66075a27588: start RPC server
2019-11-13 18:48:10,001 [Datanode State Machine Thread - 0] INFO  server.GrpcService (GrpcService.java:startImpl(158)) - 9582de44-b510-4bf6-b692-b66075a27588: GrpcService started, listening on 0.0.0.0/0.0.0.0:46083
2019-11-13 18:48:10,001 [Datanode State Machine Thread - 0] INFO  ratis.XceiverServerRatis (XceiverServerRatis.java:start(431)) - XceiverServerRatis 9582de44-b510-4bf6-b692-b66075a27588 is started using port 46083
2019-11-13 18:48:10,003 [Datanode State Machine Thread - 0] INFO  server.XceiverServerGrpc (XceiverServerGrpc.java:start(145)) - XceiverServerGrpc 9582de44-b510-4bf6-b692-b66075a27588 is started using port 40371
2019-11-13 18:48:10,075 [Datanode State Machine Thread - 0] INFO  ozoneimpl.OzoneContainer (OzoneContainer.java:start(230)) - Attempting to start container services.
2019-11-13 18:48:10,075 [Datanode State Machine Thread - 0] INFO  ozoneimpl.OzoneContainer (OzoneContainer.java:startContainerScrub(194)) - Background container scanner has been disabled.
2019-11-13 18:48:10,075 [Datanode State Machine Thread - 0] INFO  ratis.XceiverServerRatis (XceiverServerRatis.java:start(421)) - Starting XceiverServerRatis cb343498-03c0-425e-a729-2b4f8684daee at port 0
2019-11-13 18:48:10,082 [Datanode State Machine Thread - 0] INFO  impl.RaftServerProxy (RaftServerProxy.java:lambda$start$3(299)) - cb343498-03c0-425e-a729-2b4f8684daee: start RPC server
2019-11-13 18:48:10,085 [Datanode State Machine Thread - 0] INFO  server.GrpcService (GrpcService.java:startImpl(158)) - cb343498-03c0-425e-a729-2b4f8684daee: GrpcService started, listening on 0.0.0.0/0.0.0.0:33301
2019-11-13 18:48:10,085 [Datanode State Machine Thread - 0] INFO  ratis.XceiverServerRatis (XceiverServerRatis.java:start(431)) - XceiverServerRatis cb343498-03c0-425e-a729-2b4f8684daee is started using port 33301
2019-11-13 18:48:10,087 [Datanode State Machine Thread - 0] INFO  server.XceiverServerGrpc (XceiverServerGrpc.java:start(145)) - XceiverServerGrpc cb343498-03c0-425e-a729-2b4f8684daee is started using port 41556
2019-11-13 18:48:10,148 [Datanode State Machine Thread - 0] INFO  ozoneimpl.OzoneContainer (OzoneContainer.java:start(230)) - Attempting to start container services.
2019-11-13 18:48:10,148 [Datanode State Machine Thread - 0] INFO  ozoneimpl.OzoneContainer (OzoneContainer.java:startContainerScrub(194)) - Background container scanner has been disabled.
2019-11-13 18:48:10,148 [Datanode State Machine Thread - 0] INFO  ratis.XceiverServerRatis (XceiverServerRatis.java:start(421)) - Starting XceiverServerRatis 694477cc-c317-4cd0-89bd-f326ada4a5ba at port 0
2019-11-13 18:48:10,155 [Datanode State Machine Thread - 0] INFO  impl.RaftServerProxy (RaftServerProxy.java:lambda$start$3(299)) - 694477cc-c317-4cd0-89bd-f326ada4a5ba: start RPC server
2019-11-13 18:48:10,158 [Datanode State Machine Thread - 0] INFO  server.GrpcService (GrpcService.java:startImpl(158)) - 694477cc-c317-4cd0-89bd-f326ada4a5ba: GrpcService started, listening on 0.0.0.0/0.0.0.0:36781
2019-11-13 18:48:10,159 [Datanode State Machine Thread - 0] INFO  ratis.XceiverServerRatis (XceiverServerRatis.java:start(431)) - XceiverServerRatis 694477cc-c317-4cd0-89bd-f326ada4a5ba is started using port 36781
2019-11-13 18:48:10,161 [Datanode State Machine Thread - 0] INFO  server.XceiverServerGrpc (XceiverServerGrpc.java:start(145)) - XceiverServerGrpc 694477cc-c317-4cd0-89bd-f326ada4a5ba is started using port 43496
2019-11-13 18:48:10,227 [Datanode State Machine Thread - 0] INFO  ozoneimpl.OzoneContainer (OzoneContainer.java:start(230)) - Attempting to start container services.
2019-11-13 18:48:10,227 [Datanode State Machine Thread - 0] INFO  ozoneimpl.OzoneContainer (OzoneContainer.java:startContainerScrub(194)) - Background container scanner has been disabled.
2019-11-13 18:48:10,227 [Datanode State Machine Thread - 0] INFO  ratis.XceiverServerRatis (XceiverServerRatis.java:start(421)) - Starting XceiverServerRatis 302e21ca-1d4a-4b22-bc74-f644a63fc179 at port 0
2019-11-13 18:48:10,236 [Datanode State Machine Thread - 0] INFO  impl.RaftServerProxy (RaftServerProxy.java:lambda$start$3(299)) - 302e21ca-1d4a-4b22-bc74-f644a63fc179: start RPC server
2019-11-13 18:48:10,240 [Datanode State Machine Thread - 0] INFO  server.GrpcService (GrpcService.java:startImpl(158)) - 302e21ca-1d4a-4b22-bc74-f644a63fc179: GrpcService started, listening on 0.0.0.0/0.0.0.0:35354
2019-11-13 18:48:10,240 [Datanode State Machine Thread - 0] INFO  ratis.XceiverServerRatis (XceiverServerRatis.java:start(431)) - XceiverServerRatis 302e21ca-1d4a-4b22-bc74-f644a63fc179 is started using port 35354
2019-11-13 18:48:10,243 [Datanode State Machine Thread - 0] INFO  server.XceiverServerGrpc (XceiverServerGrpc.java:start(145)) - XceiverServerGrpc 302e21ca-1d4a-4b22-bc74-f644a63fc179 is started using port 35924
2019-11-13 18:48:10,321 [Datanode State Machine Thread - 0] INFO  ozoneimpl.OzoneContainer (OzoneContainer.java:start(230)) - Attempting to start container services.
2019-11-13 18:48:10,321 [Datanode State Machine Thread - 0] INFO  ozoneimpl.OzoneContainer (OzoneContainer.java:startContainerScrub(194)) - Background container scanner has been disabled.
2019-11-13 18:48:10,321 [Datanode State Machine Thread - 0] INFO  ratis.XceiverServerRatis (XceiverServerRatis.java:start(421)) - Starting XceiverServerRatis 9ee498fb-dbd1-4b89-b28c-40ca18800c49 at port 0
2019-11-13 18:48:10,328 [Datanode State Machine Thread - 0] INFO  impl.RaftServerProxy (RaftServerProxy.java:lambda$start$3(299)) - 9ee498fb-dbd1-4b89-b28c-40ca18800c49: start RPC server
2019-11-13 18:48:10,332 [Datanode State Machine Thread - 0] INFO  server.GrpcService (GrpcService.java:startImpl(158)) - 9ee498fb-dbd1-4b89-b28c-40ca18800c49: GrpcService started, listening on 0.0.0.0/0.0.0.0:36915
2019-11-13 18:48:10,332 [Datanode State Machine Thread - 0] INFO  ratis.XceiverServerRatis (XceiverServerRatis.java:start(431)) - XceiverServerRatis 9ee498fb-dbd1-4b89-b28c-40ca18800c49 is started using port 36915
2019-11-13 18:48:10,335 [Datanode State Machine Thread - 0] INFO  server.XceiverServerGrpc (XceiverServerGrpc.java:start(145)) - XceiverServerGrpc 9ee498fb-dbd1-4b89-b28c-40ca18800c49 is started using port 45234
2019-11-13 18:48:10,396 [Datanode State Machine Thread - 0] INFO  ozoneimpl.OzoneContainer (OzoneContainer.java:start(230)) - Attempting to start container services.
2019-11-13 18:48:10,396 [Datanode State Machine Thread - 0] INFO  ozoneimpl.OzoneContainer (OzoneContainer.java:startContainerScrub(194)) - Background container scanner has been disabled.
2019-11-13 18:48:10,396 [Datanode State Machine Thread - 0] INFO  ratis.XceiverServerRatis (XceiverServerRatis.java:start(421)) - Starting XceiverServerRatis e8491d14-0d10-4bdc-963d-f0280d0d8b35 at port 0
2019-11-13 18:48:10,404 [Datanode State Machine Thread - 0] INFO  impl.RaftServerProxy (RaftServerProxy.java:lambda$start$3(299)) - e8491d14-0d10-4bdc-963d-f0280d0d8b35: start RPC server
2019-11-13 18:48:10,409 [Datanode State Machine Thread - 0] INFO  server.GrpcService (GrpcService.java:startImpl(158)) - e8491d14-0d10-4bdc-963d-f0280d0d8b35: GrpcService started, listening on 0.0.0.0/0.0.0.0:41564
2019-11-13 18:48:10,409 [Datanode State Machine Thread - 0] INFO  ratis.XceiverServerRatis (XceiverServerRatis.java:start(431)) - XceiverServerRatis e8491d14-0d10-4bdc-963d-f0280d0d8b35 is started using port 41564
2019-11-13 18:48:10,413 [Datanode State Machine Thread - 0] INFO  server.XceiverServerGrpc (XceiverServerGrpc.java:start(145)) - XceiverServerGrpc e8491d14-0d10-4bdc-963d-f0280d0d8b35 is started using port 34384
2019-11-13 18:48:10,461 [main] INFO  ozone.MiniOzoneClusterImpl (MiniOzoneClusterImpl.java:lambda$waitForClusterToBeReady$2(171)) - Waiting for cluster to be ready. Got 0 of 10 DN Heartbeats.
2019-11-13 18:48:10,479 [Datanode State Machine Thread - 0] INFO  ozoneimpl.OzoneContainer (OzoneContainer.java:start(230)) - Attempting to start container services.
2019-11-13 18:48:10,479 [Datanode State Machine Thread - 0] INFO  ozoneimpl.OzoneContainer (OzoneContainer.java:startContainerScrub(194)) - Background container scanner has been disabled.
2019-11-13 18:48:10,479 [Datanode State Machine Thread - 0] INFO  ratis.XceiverServerRatis (XceiverServerRatis.java:start(421)) - Starting XceiverServerRatis 6a4d2be6-9424-4ae4-9e09-f01b73daf36a at port 0
2019-11-13 18:48:10,487 [Datanode State Machine Thread - 0] INFO  impl.RaftServerProxy (RaftServerProxy.java:lambda$start$3(299)) - 6a4d2be6-9424-4ae4-9e09-f01b73daf36a: start RPC server
2019-11-13 18:48:10,492 [Datanode State Machine Thread - 0] INFO  server.GrpcService (GrpcService.java:startImpl(158)) - 6a4d2be6-9424-4ae4-9e09-f01b73daf36a: GrpcService started, listening on 0.0.0.0/0.0.0.0:39773
2019-11-13 18:48:10,492 [Datanode State Machine Thread - 0] INFO  ratis.XceiverServerRatis (XceiverServerRatis.java:start(431)) - XceiverServerRatis 6a4d2be6-9424-4ae4-9e09-f01b73daf36a is started using port 39773
2019-11-13 18:48:10,516 [Datanode State Machine Thread - 0] INFO  server.XceiverServerGrpc (XceiverServerGrpc.java:start(145)) - XceiverServerGrpc 6a4d2be6-9424-4ae4-9e09-f01b73daf36a is started using port 36272
2019-11-13 18:48:11,461 [main] INFO  ozone.MiniOzoneClusterImpl (MiniOzoneClusterImpl.java:lambda$waitForClusterToBeReady$2(171)) - Waiting for cluster to be ready. Got 0 of 10 DN Heartbeats.
2019-11-13 18:48:11,748 [IPC Server handler 0 on 43352] INFO  net.NetworkTopology (NetworkTopologyImpl.java:add(111)) - Added a new node: /default-rack/8a346eb0-433c-4f64-9a22-d40a83dee003
2019-11-13 18:48:11,749 [IPC Server handler 0 on 43352] INFO  node.SCMNodeManager (SCMNodeManager.java:register(267)) - Registered Data node : 8a346eb0-433c-4f64-9a22-d40a83dee003{ip: 192.168.164.219, host: pr-hdds-1940-7lghg-363871468, networkLocation: /default-rack, certSerialId: null}
2019-11-13 18:48:11,753 [EventQueue-NodeRegistrationContainerReportForDataNodeSafeModeRule] INFO  safemode.SCMSafeModeManager (DataNodeSafeModeRule.java:process(71)) - SCM in safe mode. 1 DataNodes registered, 1 required.
2019-11-13 18:48:11,753 [EventQueue-NodeRegistrationContainerReportForDataNodeSafeModeRule] INFO  safemode.SCMSafeModeManager (SCMSafeModeManager.java:validateSafeModeExitRules(177)) - ScmSafeModeManager, all rules are successfully validated
2019-11-13 18:48:11,753 [EventQueue-NodeRegistrationContainerReportForDataNodeSafeModeRule] INFO  safemode.SCMSafeModeManager (SCMSafeModeManager.java:exitSafeMode(193)) - SCM exiting safe mode.
2019-11-13 18:48:11,799 [IPC Server handler 1 on 43352] INFO  net.NetworkTopology (NetworkTopologyImpl.java:add(111)) - Added a new node: /default-rack/dc8ab455-7be4-4b62-9320-5f4e855ec266
2019-11-13 18:48:11,800 [IPC Server handler 1 on 43352] INFO  node.SCMNodeManager (SCMNodeManager.java:register(267)) - Registered Data node : dc8ab455-7be4-4b62-9320-5f4e855ec266{ip: 192.168.164.219, host: pr-hdds-1940-7lghg-363871468, networkLocation: /default-rack, certSerialId: null}
2019-11-13 18:48:11,900 [IPC Server handler 3 on 43352] INFO  net.NetworkTopology (NetworkTopologyImpl.java:add(111)) - Added a new node: /default-rack/19b56e57-c404-4271-b4fe-c6c2e842ae91
2019-11-13 18:48:11,900 [IPC Server handler 3 on 43352] INFO  node.SCMNodeManager (SCMNodeManager.java:register(267)) - Registered Data node : 19b56e57-c404-4271-b4fe-c6c2e842ae91{ip: 192.168.164.219, host: pr-hdds-1940-7lghg-363871468, networkLocation: /default-rack, certSerialId: null}
2019-11-13 18:48:11,977 [IPC Server handler 4 on 43352] INFO  net.NetworkTopology (NetworkTopologyImpl.java:add(111)) - Added a new node: /default-rack/9582de44-b510-4bf6-b692-b66075a27588
2019-11-13 18:48:11,977 [IPC Server handler 4 on 43352] INFO  node.SCMNodeManager (SCMNodeManager.java:register(267)) - Registered Data node : 9582de44-b510-4bf6-b692-b66075a27588{ip: 192.168.164.219, host: pr-hdds-1940-7lghg-363871468, networkLocation: /default-rack, certSerialId: null}
2019-11-13 18:48:12,063 [IPC Server handler 5 on 43352] INFO  net.NetworkTopology (NetworkTopologyImpl.java:add(111)) - Added a new node: /default-rack/cb343498-03c0-425e-a729-2b4f8684daee
2019-11-13 18:48:12,063 [IPC Server handler 5 on 43352] INFO  node.SCMNodeManager (SCMNodeManager.java:register(267)) - Registered Data node : cb343498-03c0-425e-a729-2b4f8684daee{ip: 192.168.164.219, host: pr-hdds-1940-7lghg-363871468, networkLocation: /default-rack, certSerialId: null}
2019-11-13 18:48:12,136 [IPC Server handler 6 on 43352] INFO  net.NetworkTopology (NetworkTopologyImpl.java:add(111)) - Added a new node: /default-rack/694477cc-c317-4cd0-89bd-f326ada4a5ba
2019-11-13 18:48:12,136 [IPC Server handler 6 on 43352] INFO  node.SCMNodeManager (SCMNodeManager.java:register(267)) - Registered Data node : 694477cc-c317-4cd0-89bd-f326ada4a5ba{ip: 192.168.164.219, host: pr-hdds-1940-7lghg-363871468, networkLocation: /default-rack, certSerialId: null}
2019-11-13 18:48:12,213 [IPC Server handler 8 on 43352] INFO  net.NetworkTopology (NetworkTopologyImpl.java:add(111)) - Added a new node: /default-rack/302e21ca-1d4a-4b22-bc74-f644a63fc179
2019-11-13 18:48:12,214 [IPC Server handler 8 on 43352] INFO  node.SCMNodeManager (SCMNodeManager.java:register(267)) - Registered Data node : 302e21ca-1d4a-4b22-bc74-f644a63fc179{ip: 192.168.164.219, host: pr-hdds-1940-7lghg-363871468, networkLocation: /default-rack, certSerialId: null}
2019-11-13 18:48:12,246 [grpc-default-executor-0] INFO  impl.RaftServerProxy (RaftServerProxy.java:addNew(89)) - 8a346eb0-433c-4f64-9a22-d40a83dee003: addNew group-0FD4A23451D6:[8a346eb0-433c-4f64-9a22-d40a83dee003:192.168.164.219:45850] returns group-0FD4A23451D6:java.util.concurrent.CompletableFuture@76ced9a4[Not completed]
2019-11-13 18:48:12,259 [pool-27-thread-1] INFO  impl.RaftServerImpl (RaftServerImpl.java:<init>(98)) - 8a346eb0-433c-4f64-9a22-d40a83dee003: new RaftServerImpl for group-0FD4A23451D6:[8a346eb0-433c-4f64-9a22-d40a83dee003:192.168.164.219:45850] with ContainerStateMachine:uninitialized
2019-11-13 18:48:12,261 [pool-27-thread-1] INFO  server.RaftServerConfigKeys (ConfUtils.java:logGet(43)) - raft.server.rpc.timeout.min = 1s (custom)
2019-11-13 18:48:12,262 [pool-27-thread-1] INFO  server.RaftServerConfigKeys (ConfUtils.java:logGet(43)) - raft.server.rpc.timeout.max = 1200ms (custom)
2019-11-13 18:48:12,262 [pool-27-thread-1] INFO  server.RaftServerConfigKeys (ConfUtils.java:logGet(43)) - raft.server.rpcslowness.timeout = 120s (custom)
2019-11-13 18:48:12,263 [pool-27-thread-1] INFO  server.RaftServerConfigKeys (ConfUtils.java:logGet(43)) - raft.server.sleep.deviation.threshold = 300 (default)
2019-11-13 18:48:12,264 [pool-27-thread-1] INFO  server.RaftServerConfigKeys (ConfUtils.java:logGet(43)) - raft.server.log.appender.install.snapshot.enabled = false (custom)
2019-11-13 18:48:12,271 [pool-27-thread-1] INFO  impl.RaftServerImpl (ServerState.java:<init>(103)) - 8a346eb0-433c-4f64-9a22-d40a83dee003@group-0FD4A23451D6: ConfigurationManager, init=-1: [8a346eb0-433c-4f64-9a22-d40a83dee003:192.168.164.219:45850], old=null, confs=<EMPTY_MAP>
2019-11-13 18:48:12,271 [pool-27-thread-1] INFO  server.RaftServerConfigKeys (ConfUtils.java:logGet(43)) - raft.server.storage.dir = [/workdir/hadoop-ozone/integration-test/target/test-dir/MiniOzoneClusterImpl-936e8649-2eb0-4b7a-921b-5d2cce332f9c/datanode-0/data/ratis] (custom)
2019-11-13 18:48:12,276 [pool-27-thread-1] INFO  server.RaftServerConfigKeys (ConfUtils.java:logGet(43)) - raft.server.log.corruption.policy = EXCEPTION (default)
2019-11-13 18:48:12,278 [pool-27-thread-1] INFO  storage.RaftStorageDirectory (RaftStorageDirectory.java:analyzeStorage(246)) - The storage directory /workdir/hadoop-ozone/integration-test/target/test-dir/MiniOzoneClusterImpl-936e8649-2eb0-4b7a-921b-5d2cce332f9c/datanode-0/data/ratis/900ff320-dc34-4ca3-a1e1-0fd4a23451d6 does not exist. Creating ...
2019-11-13 18:48:12,295 [pool-27-thread-1] INFO  storage.RaftStorageDirectory (RaftStorageDirectory.java:tryLock(328)) - Lock on /workdir/hadoop-ozone/integration-test/target/test-dir/MiniOzoneClusterImpl-936e8649-2eb0-4b7a-921b-5d2cce332f9c/datanode-0/data/ratis/900ff320-dc34-4ca3-a1e1-0fd4a23451d6/in_use.lock acquired by nodename 19542@pr-hdds-1940-7lghg-363871468
2019-11-13 18:48:12,306 [IPC Server handler 7 on 43352] INFO  net.NetworkTopology (NetworkTopologyImpl.java:add(111)) - Added a new node: /default-rack/9ee498fb-dbd1-4b89-b28c-40ca18800c49
2019-11-13 18:48:12,306 [IPC Server handler 7 on 43352] INFO  node.SCMNodeManager (SCMNodeManager.java:register(267)) - Registered Data node : 9ee498fb-dbd1-4b89-b28c-40ca18800c49{ip: 192.168.164.219, host: pr-hdds-1940-7lghg-363871468, networkLocation: /default-rack, certSerialId: null}
2019-11-13 18:48:12,310 [pool-27-thread-1] INFO  storage.RaftStorage (RaftStorage.java:format(84)) - Storage directory /workdir/hadoop-ozone/integration-test/target/test-dir/MiniOzoneClusterImpl-936e8649-2eb0-4b7a-921b-5d2cce332f9c/datanode-0/data/ratis/900ff320-dc34-4ca3-a1e1-0fd4a23451d6 has been successfully formatted.
2019-11-13 18:48:12,313 [pool-27-thread-1] INFO  ratis.ContainerStateMachine (ContainerStateMachine.java:loadSnapshot(223)) - group-0FD4A23451D6: The snapshot info is null. Setting the last applied indexto:(t:0, i:~)
2019-11-13 18:48:12,313 [pool-27-thread-1] INFO  server.RaftServerConfigKeys (ConfUtils.java:logGet(43)) - raft.server.notification.no-leader.timeout = 120s (custom)
2019-11-13 18:48:12,315 [pool-27-thread-1] INFO  server.RaftServerConfigKeys (ConfUtils.java:logGet(43)) - raft.server.log.use.memory = false (default)
2019-11-13 18:48:12,320 [pool-27-thread-1] INFO  server.RaftServerConfigKeys (ConfUtils.java:logGet(43)) - raft.server.log.purge.gap = 1000000 (custom)
2019-11-13 18:48:12,320 [pool-27-thread-1] INFO  server.RaftServerConfigKeys (ConfUtils.java:logGet(43)) - raft.server.log.appender.buffer.byte-limit = 33554432 (custom)
2019-11-13 18:48:12,322 [pool-27-thread-1] INFO  server.RaftServerConfigKeys (ConfUtils.java:logGet(43)) - raft.server.log.segment.size.max = 1048576 (custom)
2019-11-13 18:48:12,326 [pool-27-thread-1] INFO  metrics.MetricRegistries (MetricRegistriesLoader.java:load(64)) - Loaded MetricRegistries class org.apache.ratis.metrics.impl.MetricRegistriesImpl
2019-11-13 18:48:12,330 [pool-27-thread-1] WARN  impl.MetricRegistriesImpl (MetricRegistriesImpl.java:lambda$create$1(61)) - First MetricRegistry has been created without registering reporters. You may need to call MetricRegistries.global().addReportRegistration(...) before.
2019-11-13 18:48:12,335 [pool-27-thread-1] INFO  server.RaftServerConfigKeys (ConfUtils.java:logGet(43)) - raft.server.log.segment.cache.num.max = 2 (custom)
2019-11-13 18:48:12,340 [pool-27-thread-1] INFO  segmented.SegmentedRaftLogWorker (SegmentedRaftLogWorker.java:<init>(173)) - new 8a346eb0-433c-4f64-9a22-d40a83dee003@group-0FD4A23451D6-SegmentedRaftLogWorker for RaftStorage:Storage Directory /workdir/hadoop-ozone/integration-test/target/test-dir/MiniOzoneClusterImpl-936e8649-2eb0-4b7a-921b-5d2cce332f9c/datanode-0/data/ratis/900ff320-dc34-4ca3-a1e1-0fd4a23451d6
2019-11-13 18:48:12,341 [pool-27-thread-1] INFO  server.RaftServerConfigKeys (ConfUtils.java:logGet(43)) - raft.server.log.queue.byte-limit = 2147483647 (custom)
2019-11-13 18:48:12,341 [pool-27-thread-1] INFO  server.RaftServerConfigKeys (ConfUtils.java:logGet(43)) - raft.server.log.queue.element-limit = 1024 (custom)
2019-11-13 18:48:12,342 [pool-27-thread-1] INFO  server.RaftServerConfigKeys (ConfUtils.java:logGet(43)) - raft.server.log.segment.size.max = 1048576 (custom)
2019-11-13 18:48:12,343 [pool-27-thread-1] INFO  server.RaftServerConfigKeys (ConfUtils.java:logGet(43)) - raft.server.log.preallocated.size = 16384 (custom)
2019-11-13 18:48:12,343 [pool-27-thread-1] INFO  server.RaftServerConfigKeys (ConfUtils.java:logGet(43)) - raft.server.log.write.buffer.size = 33554432 (custom)
2019-11-13 18:48:12,343 [pool-27-thread-1] INFO  server.RaftServerConfigKeys (ConfUtils.java:logGet(43)) - raft.server.log.force.sync.num = 128 (default)
2019-11-13 18:48:12,344 [pool-27-thread-1] INFO  server.RaftServerConfigKeys (ConfUtils.java:logGet(43)) - raft.server.log.statemachine.data.sync = true (default)
2019-11-13 18:48:12,344 [pool-27-thread-1] INFO  server.RaftServerConfigKeys (ConfUtils.java:logGet(43)) - raft.server.log.statemachine.data.sync.timeout = 10s (default)
2019-11-13 18:48:12,345 [pool-27-thread-1] INFO  server.RaftServerConfigKeys (ConfUtils.java:logGet(43)) - raft.server.log.statemachine.data.sync.timeout.retry = -1 (default)
2019-11-13 18:48:12,354 [pool-27-thread-1] INFO  server.RaftServerConfigKeys (ConfUtils.java:logGet(43)) - raft.server.log.statemachine.data.caching.enabled = true (custom)
2019-11-13 18:48:12,359 [pool-27-thread-1] INFO  segmented.SegmentedRaftLogWorker (SegmentedRaftLogWorker.java:lambda$new$0(128)) - 8a346eb0-433c-4f64-9a22-d40a83dee003@group-0FD4A23451D6-SegmentedRaftLogWorker: flushIndex: setUnconditionally 0 -> -1
2019-11-13 18:48:12,363 [pool-27-thread-1] INFO  server.RaftServerConfigKeys (ConfUtils.java:logGet(43)) - raft.server.snapshot.auto.trigger.enabled = true (custom)
2019-11-13 18:48:12,364 [pool-27-thread-1] INFO  server.RaftServerConfigKeys (ConfUtils.java:logGet(43)) - raft.server.snapshot.auto.trigger.threshold = 10000 (custom)
2019-11-13 18:48:12,364 [pool-27-thread-1] INFO  server.RaftServerConfigKeys (ConfUtils.java:logGet(43)) - raft.server.snapshot.retention.file.num = 5 (custom)
2019-11-13 18:48:12,365 [pool-27-thread-1] INFO  server.RaftServerConfigKeys (ConfUtils.java:logGet(43)) - raft.server.retrycache.expirytime = 600000ms (custom)
2019-11-13 18:48:12,382 [IPC Server handler 9 on 43352] INFO  net.NetworkTopology (NetworkTopologyImpl.java:add(111)) - Added a new node: /default-rack/e8491d14-0d10-4bdc-963d-f0280d0d8b35
2019-11-13 18:48:12,382 [IPC Server handler 9 on 43352] INFO  node.SCMNodeManager (SCMNodeManager.java:register(267)) - Registered Data node : e8491d14-0d10-4bdc-963d-f0280d0d8b35{ip: 192.168.164.219, host: pr-hdds-1940-7lghg-363871468, networkLocation: /default-rack, certSerialId: null}
2019-11-13 18:48:12,386 [pool-27-thread-1] WARN  impl.MetricRegistriesImpl (MetricRegistriesImpl.java:lambda$create$1(61)) - First MetricRegistry has been created without registering reporters. You may need to call MetricRegistries.global().addReportRegistration(...) before.
2019-11-13 18:48:12,388 [pool-27-thread-1] WARN  impl.MetricRegistriesImpl (MetricRegistriesImpl.java:lambda$create$1(61)) - First MetricRegistry has been created without registering reporters. You may need to call MetricRegistries.global().addReportRegistration(...) before.
2019-11-13 18:48:12,390 [pool-27-thread-1] INFO  impl.RaftServerImpl (RaftServerImpl.java:start(184)) - 8a346eb0-433c-4f64-9a22-d40a83dee003@group-0FD4A23451D6: start as a follower, conf=-1: [8a346eb0-433c-4f64-9a22-d40a83dee003:192.168.164.219:45850], old=null
2019-11-13 18:48:12,391 [pool-27-thread-1] INFO  impl.RaftServerImpl (RaftServerImpl.java:setRole(173)) - 8a346eb0-433c-4f64-9a22-d40a83dee003@group-0FD4A23451D6: changes role from      null to FOLLOWER at term 0 for startAsFollower
2019-11-13 18:48:12,392 [pool-27-thread-1] INFO  impl.RoleInfo (RoleInfo.java:updateAndGet(143)) - 8a346eb0-433c-4f64-9a22-d40a83dee003: start FollowerState
2019-11-13 18:48:12,394 [pool-27-thread-1] INFO  util.JmxRegister (JmxRegister.java:tryRegister(44)) - Successfully registered JMX Bean with object name Ratis:service=RaftServer,group=group-0FD4A23451D6,id=8a346eb0-433c-4f64-9a22-d40a83dee003
2019-11-13 18:48:12,395 [pool-27-thread-1] WARN  impl.MetricRegistriesImpl (MetricRegistriesImpl.java:lambda$create$1(61)) - First MetricRegistry has been created without registering reporters. You may need to call MetricRegistries.global().addReportRegistration(...) before.
2019-11-13 18:48:12,447 [RatisPipelineUtilsThread] INFO  pipeline.PipelineStateManager (PipelineStateManager.java:addPipeline(55)) - Created pipeline Pipeline[ Id: 900ff320-dc34-4ca3-a1e1-0fd4a23451d6, Nodes: 8a346eb0-433c-4f64-9a22-d40a83dee003{ip: 192.168.164.219, host: pr-hdds-1940-7lghg-363871468, networkLocation: /default-rack, certSerialId: null}, Type:RATIS, Factor:ONE, State:ALLOCATED]
2019-11-13 18:48:12,472 [IPC Server handler 10 on 43352] INFO  net.NetworkTopology (NetworkTopologyImpl.java:add(111)) - Added a new node: /default-rack/6a4d2be6-9424-4ae4-9e09-f01b73daf36a
2019-11-13 18:48:12,472 [IPC Server handler 10 on 43352] INFO  node.SCMNodeManager (SCMNodeManager.java:register(267)) - Registered Data node : 6a4d2be6-9424-4ae4-9e09-f01b73daf36a{ip: 192.168.164.219, host: pr-hdds-1940-7lghg-363871468, networkLocation: /default-rack, certSerialId: null}
2019-11-13 18:48:12,478 [grpc-default-executor-0] INFO  impl.RaftServerProxy (RaftServerProxy.java:addNew(89)) - 19b56e57-c404-4271-b4fe-c6c2e842ae91: addNew group-159D0BF0A924:[19b56e57-c404-4271-b4fe-c6c2e842ae91:192.168.164.219:41012] returns group-159D0BF0A924:java.util.concurrent.CompletableFuture@11acccf6[Not completed]
2019-11-13 18:48:12,514 [pool-47-thread-1] INFO  impl.RaftServerImpl (RaftServerImpl.java:<init>(98)) - 19b56e57-c404-4271-b4fe-c6c2e842ae91: new RaftServerImpl for group-159D0BF0A924:[19b56e57-c404-4271-b4fe-c6c2e842ae91:192.168.164.219:41012] with ContainerStateMachine:uninitialized
2019-11-13 18:48:12,515 [pool-47-thread-1] INFO  server.RaftServerConfigKeys (ConfUtils.java:logGet(43)) - raft.server.rpc.timeout.min = 1s (custom)
2019-11-13 18:48:12,515 [pool-47-thread-1] INFO  server.RaftServerConfigKeys (ConfUtils.java:logGet(43)) - raft.server.rpc.timeout.max = 1200ms (custom)
2019-11-13 18:48:12,515 [pool-47-thread-1] INFO  server.RaftServerConfigKeys (ConfUtils.java:logGet(43)) - raft.server.rpcslowness.timeout = 120s (custom)
2019-11-13 18:48:12,515 [pool-47-thread-1] INFO  server.RaftServerConfigKeys (ConfUtils.java:logGet(43)) - raft.server.sleep.deviation.threshold = 300 (default)
2019-11-13 18:48:12,515 [pool-47-thread-1] INFO  server.RaftServerConfigKeys (ConfUtils.java:logGet(43)) - raft.server.log.appender.install.snapshot.enabled = false (custom)
2019-11-13 18:48:12,515 [pool-47-thread-1] INFO  impl.RaftServerImpl (ServerState.java:<init>(103)) - 19b56e57-c404-4271-b4fe-c6c2e842ae91@group-159D0BF0A924: ConfigurationManager, init=-1: [19b56e57-c404-4271-b4fe-c6c2e842ae91:192.168.164.219:41012], old=null, confs=<EMPTY_MAP>
2019-11-13 18:48:12,515 [pool-47-thread-1] INFO  server.RaftServerConfigKeys (ConfUtils.java:logGet(43)) - raft.server.storage.dir = [/workdir/hadoop-ozone/integration-test/target/test-dir/MiniOzoneClusterImpl-936e8649-2eb0-4b7a-921b-5d2cce332f9c/datanode-2/data/ratis] (custom)
2019-11-13 18:48:12,516 [pool-47-thread-1] INFO  server.RaftServerConfigKeys (ConfUtils.java:logGet(43)) - raft.server.log.corruption.policy = EXCEPTION (default)
2019-11-13 18:48:12,516 [pool-47-thread-1] INFO  storage.RaftStorageDirectory (RaftStorageDirectory.java:analyzeStorage(246)) - The storage directory /workdir/hadoop-ozone/integration-test/target/test-dir/MiniOzoneClusterImpl-936e8649-2eb0-4b7a-921b-5d2cce332f9c/datanode-2/data/ratis/3143c332-b6ae-485f-8e1e-159d0bf0a924 does not exist. Creating ...
2019-11-13 18:48:12,530 [pool-47-thread-1] INFO  storage.RaftStorageDirectory (RaftStorageDirectory.java:tryLock(328)) - Lock on /workdir/hadoop-ozone/integration-test/target/test-dir/MiniOzoneClusterImpl-936e8649-2eb0-4b7a-921b-5d2cce332f9c/datanode-2/data/ratis/3143c332-b6ae-485f-8e1e-159d0bf0a924/in_use.lock acquired by nodename 19542@pr-hdds-1940-7lghg-363871468
2019-11-13 18:48:12,543 [pool-47-thread-1] INFO  storage.RaftStorage (RaftStorage.java:format(84)) - Storage directory /workdir/hadoop-ozone/integration-test/target/test-dir/MiniOzoneClusterImpl-936e8649-2eb0-4b7a-921b-5d2cce332f9c/datanode-2/data/ratis/3143c332-b6ae-485f-8e1e-159d0bf0a924 has been successfully formatted.
2019-11-13 18:48:12,545 [pool-47-thread-1] INFO  ratis.ContainerStateMachine (ContainerStateMachine.java:loadSnapshot(223)) - group-159D0BF0A924: The snapshot info is null. Setting the last applied indexto:(t:0, i:~)
2019-11-13 18:48:12,546 [pool-47-thread-1] INFO  server.RaftServerConfigKeys (ConfUtils.java:logGet(43)) - raft.server.notification.no-leader.timeout = 120s (custom)
2019-11-13 18:48:12,546 [pool-47-thread-1] INFO  server.RaftServerConfigKeys (ConfUtils.java:logGet(43)) - raft.server.log.use.memory = false (default)
2019-11-13 18:48:12,546 [pool-47-thread-1] INFO  server.RaftServerConfigKeys (ConfUtils.java:logGet(43)) - raft.server.log.purge.gap = 1000000 (custom)
2019-11-13 18:48:12,546 [pool-47-thread-1] INFO  server.RaftServerConfigKeys (ConfUtils.java:logGet(43)) - raft.server.log.appender.buffer.byte-limit = 33554432 (custom)
2019-11-13 18:48:12,546 [pool-47-thread-1] INFO  server.RaftServerConfigKeys (ConfUtils.java:logGet(43)) - raft.server.log.segment.size.max = 1048576 (custom)
2019-11-13 18:48:12,547 [pool-47-thread-1] WARN  impl.MetricRegistriesImpl (MetricRegistriesImpl.java:lambda$create$1(61)) - First MetricRegistry has been created without registering reporters. You may need to call MetricRegistries.global().addReportRegistration(...) before.
2019-11-13 18:48:12,547 [pool-47-thread-1] INFO  server.RaftServerConfigKeys (ConfUtils.java:logGet(43)) - raft.server.log.segment.cache.num.max = 2 (custom)
2019-11-13 18:48:12,548 [pool-47-thread-1] INFO  segmented.SegmentedRaftLogWorker (SegmentedRaftLogWorker.java:<init>(173)) - new 19b56e57-c404-4271-b4fe-c6c2e842ae91@group-159D0BF0A924-SegmentedRaftLogWorker for RaftStorage:Storage Directory /workdir/hadoop-ozone/integration-test/target/test-dir/MiniOzoneClusterImpl-936e8649-2eb0-4b7a-921b-5d2cce332f9c/datanode-2/data/ratis/3143c332-b6ae-485f-8e1e-159d0bf0a924
2019-11-13 18:48:12,548 [pool-47-thread-1] INFO  server.RaftServerConfigKeys (ConfUtils.java:logGet(43)) - raft.server.log.queue.byte-limit = 2147483647 (custom)
2019-11-13 18:48:12,549 [pool-47-thread-1] INFO  server.RaftServerConfigKeys (ConfUtils.java:logGet(43)) - raft.server.log.queue.element-limit = 1024 (custom)
2019-11-13 18:48:12,549 [pool-47-thread-1] INFO  server.RaftServerConfigKeys (ConfUtils.java:logGet(43)) - raft.server.log.segment.size.max = 1048576 (custom)
2019-11-13 18:48:12,549 [pool-47-thread-1] INFO  server.RaftServerConfigKeys (ConfUtils.java:logGet(43)) - raft.server.log.preallocated.size = 16384 (custom)
2019-11-13 18:48:12,549 [pool-47-thread-1] INFO  server.RaftServerConfigKeys (ConfUtils.java:logGet(43)) - raft.server.log.write.buffer.size = 33554432 (custom)
2019-11-13 18:48:12,549 [pool-47-thread-1] INFO  server.RaftServerConfigKeys (ConfUtils.java:logGet(43)) - raft.server.log.force.sync.num = 128 (default)
2019-11-13 18:48:12,549 [pool-47-thread-1] INFO  server.RaftServerConfigKeys (ConfUtils.java:logGet(43)) - raft.server.log.statemachine.data.sync = true (default)
2019-11-13 18:48:12,550 [pool-47-thread-1] INFO  server.RaftServerConfigKeys (ConfUtils.java:logGet(43)) - raft.server.log.statemachine.data.sync.timeout = 10s (default)
2019-11-13 18:48:12,550 [pool-47-thread-1] INFO  server.RaftServerConfigKeys (ConfUtils.java:logGet(43)) - raft.server.log.statemachine.data.sync.timeout.retry = -1 (default)
2019-11-13 18:48:12,550 [pool-47-thread-1] INFO  server.RaftServerConfigKeys (ConfUtils.java:logGet(43)) - raft.server.log.statemachine.data.caching.enabled = true (custom)
2019-11-13 18:48:12,551 [pool-47-thread-1] INFO  segmented.SegmentedRaftLogWorker (SegmentedRaftLogWorker.java:lambda$new$0(128)) - 19b56e57-c404-4271-b4fe-c6c2e842ae91@group-159D0BF0A924-SegmentedRaftLogWorker: flushIndex: setUnconditionally 0 -> -1
2019-11-13 18:48:12,551 [pool-47-thread-1] INFO  server.RaftServerConfigKeys (ConfUtils.java:logGet(43)) - raft.server.snapshot.auto.trigger.enabled = true (custom)
2019-11-13 18:48:12,551 [pool-47-thread-1] INFO  server.RaftServerConfigKeys (ConfUtils.java:logGet(43)) - raft.server.snapshot.auto.trigger.threshold = 10000 (custom)
2019-11-13 18:48:12,552 [pool-47-thread-1] INFO  server.RaftServerConfigKeys (ConfUtils.java:logGet(43)) - raft.server.snapshot.retention.file.num = 5 (custom)
2019-11-13 18:48:12,552 [pool-47-thread-1] INFO  server.RaftServerConfigKeys (ConfUtils.java:logGet(43)) - raft.server.retrycache.expirytime = 600000ms (custom)
2019-11-13 18:48:12,552 [pool-47-thread-1] WARN  impl.MetricRegistriesImpl (MetricRegistriesImpl.java:lambda$create$1(61)) - First MetricRegistry has been created without registering reporters. You may need to call MetricRegistries.global().addReportRegistration(...) before.
2019-11-13 18:48:12,552 [pool-47-thread-1] WARN  impl.MetricRegistriesImpl (MetricRegistriesImpl.java:lambda$create$1(61)) - First MetricRegistry has been created without registering reporters. You may need to call MetricRegistries.global().addReportRegistration(...) before.
2019-11-13 18:48:12,553 [pool-47-thread-1] INFO  impl.RaftServerImpl (RaftServerImpl.java:start(184)) - 19b56e57-c404-4271-b4fe-c6c2e842ae91@group-159D0BF0A924: start as a follower, conf=-1: [19b56e57-c404-4271-b4fe-c6c2e842ae91:192.168.164.219:41012], old=null
2019-11-13 18:48:12,553 [pool-47-thread-1] INFO  impl.RaftServerImpl (RaftServerImpl.java:setRole(173)) - 19b56e57-c404-4271-b4fe-c6c2e842ae91@group-159D0BF0A924: changes role from      null to FOLLOWER at term 0 for startAsFollower
2019-11-13 18:48:12,553 [pool-47-thread-1] INFO  impl.RoleInfo (RoleInfo.java:updateAndGet(143)) - 19b56e57-c404-4271-b4fe-c6c2e842ae91: start FollowerState
2019-11-13 18:48:12,555 [pool-47-thread-1] INFO  util.JmxRegister (JmxRegister.java:tryRegister(44)) - Successfully registered JMX Bean with object name Ratis:service=RaftServer,group=group-159D0BF0A924,id=19b56e57-c404-4271-b4fe-c6c2e842ae91
2019-11-13 18:48:12,556 [pool-47-thread-1] WARN  impl.MetricRegistriesImpl (MetricRegistriesImpl.java:lambda$create$1(61)) - First MetricRegistry has been created without registering reporters. You may need to call MetricRegistries.global().addReportRegistration(...) before.
2019-11-13 18:48:12,567 [RatisPipelineUtilsThread] INFO  pipeline.PipelineStateManager (PipelineStateManager.java:addPipeline(55)) - Created pipeline Pipeline[ Id: 3143c332-b6ae-485f-8e1e-159d0bf0a924, Nodes: 19b56e57-c404-4271-b4fe-c6c2e842ae91{ip: 192.168.164.219, host: pr-hdds-1940-7lghg-363871468, networkLocation: /default-rack, certSerialId: null}, Type:RATIS, Factor:ONE, State:ALLOCATED]
2019-11-13 18:48:12,584 [grpc-default-executor-0] INFO  impl.RaftServerProxy (RaftServerProxy.java:addNew(89)) - 9582de44-b510-4bf6-b692-b66075a27588: addNew group-8EC9E7A3D4D6:[9582de44-b510-4bf6-b692-b66075a27588:192.168.164.219:46083] returns group-8EC9E7A3D4D6:java.util.concurrent.CompletableFuture@a65c25[Not completed]
2019-11-13 18:48:12,610 [pool-57-thread-1] INFO  impl.RaftServerImpl (RaftServerImpl.java:<init>(98)) - 9582de44-b510-4bf6-b692-b66075a27588: new RaftServerImpl for group-8EC9E7A3D4D6:[9582de44-b510-4bf6-b692-b66075a27588:192.168.164.219:46083] with ContainerStateMachine:uninitialized
2019-11-13 18:48:12,610 [pool-57-thread-1] INFO  server.RaftServerConfigKeys (ConfUtils.java:logGet(43)) - raft.server.rpc.timeout.min = 1s (custom)
2019-11-13 18:48:12,610 [pool-57-thread-1] INFO  server.RaftServerConfigKeys (ConfUtils.java:logGet(43)) - raft.server.rpc.timeout.max = 1200ms (custom)
2019-11-13 18:48:12,610 [pool-57-thread-1] INFO  server.RaftServerConfigKeys (ConfUtils.java:logGet(43)) - raft.server.rpcslowness.timeout = 120s (custom)
2019-11-13 18:48:12,610 [pool-57-thread-1] INFO  server.RaftServerConfigKeys (ConfUtils.java:logGet(43)) - raft.server.sleep.deviation.threshold = 300 (default)
2019-11-13 18:48:12,610 [pool-57-thread-1] INFO  server.RaftServerConfigKeys (ConfUtils.java:logGet(43)) - raft.server.log.appender.install.snapshot.enabled = false (custom)
2019-11-13 18:48:12,611 [pool-57-thread-1] INFO  impl.RaftServerImpl (ServerState.java:<init>(103)) - 9582de44-b510-4bf6-b692-b66075a27588@group-8EC9E7A3D4D6: ConfigurationManager, init=-1: [9582de44-b510-4bf6-b692-b66075a27588:192.168.164.219:46083], old=null, confs=<EMPTY_MAP>
2019-11-13 18:48:12,611 [pool-57-thread-1] INFO  server.RaftServerConfigKeys (ConfUtils.java:logGet(43)) - raft.server.storage.dir = [/workdir/hadoop-ozone/integration-test/target/test-dir/MiniOzoneClusterImpl-936e8649-2eb0-4b7a-921b-5d2cce332f9c/datanode-3/data/ratis] (custom)
2019-11-13 18:48:12,611 [pool-57-thread-1] INFO  server.RaftServerConfigKeys (ConfUtils.java:logGet(43)) - raft.server.log.corruption.policy = EXCEPTION (default)
2019-11-13 18:48:12,611 [pool-57-thread-1] INFO  storage.RaftStorageDirectory (RaftStorageDirectory.java:analyzeStorage(246)) - The storage directory /workdir/hadoop-ozone/integration-test/target/test-dir/MiniOzoneClusterImpl-936e8649-2eb0-4b7a-921b-5d2cce332f9c/datanode-3/data/ratis/367e8e5a-61d7-45c5-8a32-8ec9e7a3d4d6 does not exist. Creating ...
2019-11-13 18:48:12,624 [pool-57-thread-1] INFO  storage.RaftStorageDirectory (RaftStorageDirectory.java:tryLock(328)) - Lock on /workdir/hadoop-ozone/integration-test/target/test-dir/MiniOzoneClusterImpl-936e8649-2eb0-4b7a-921b-5d2cce332f9c/datanode-3/data/ratis/367e8e5a-61d7-45c5-8a32-8ec9e7a3d4d6/in_use.lock acquired by nodename 19542@pr-hdds-1940-7lghg-363871468
2019-11-13 18:48:12,637 [pool-57-thread-1] INFO  storage.RaftStorage (RaftStorage.java:format(84)) - Storage directory /workdir/hadoop-ozone/integration-test/target/test-dir/MiniOzoneClusterImpl-936e8649-2eb0-4b7a-921b-5d2cce332f9c/datanode-3/data/ratis/367e8e5a-61d7-45c5-8a32-8ec9e7a3d4d6 has been successfully formatted.
2019-11-13 18:48:12,638 [pool-57-thread-1] INFO  ratis.ContainerStateMachine (ContainerStateMachine.java:loadSnapshot(223)) - group-8EC9E7A3D4D6: The snapshot info is null. Setting the last applied indexto:(t:0, i:~)
2019-11-13 18:48:12,638 [pool-57-thread-1] INFO  server.RaftServerConfigKeys (ConfUtils.java:logGet(43)) - raft.server.notification.no-leader.timeout = 120s (custom)
2019-11-13 18:48:12,638 [pool-57-thread-1] INFO  server.RaftServerConfigKeys (ConfUtils.java:logGet(43)) - raft.server.log.use.memory = false (default)
2019-11-13 18:48:12,638 [pool-57-thread-1] INFO  server.RaftServerConfigKeys (ConfUtils.java:logGet(43)) - raft.server.log.purge.gap = 1000000 (custom)
2019-11-13 18:48:12,638 [pool-57-thread-1] INFO  server.RaftServerConfigKeys (ConfUtils.java:logGet(43)) - raft.server.log.appender.buffer.byte-limit = 33554432 (custom)
2019-11-13 18:48:12,638 [pool-57-thread-1] INFO  server.RaftServerConfigKeys (ConfUtils.java:logGet(43)) - raft.server.log.segment.size.max = 1048576 (custom)
2019-11-13 18:48:12,638 [pool-57-thread-1] WARN  impl.MetricRegistriesImpl (MetricRegistriesImpl.java:lambda$create$1(61)) - First MetricRegistry has been created without registering reporters. You may need to call MetricRegistries.global().addReportRegistration(...) before.
2019-11-13 18:48:12,638 [pool-57-thread-1] INFO  server.RaftServerConfigKeys (ConfUtils.java:logGet(43)) - raft.server.log.segment.cache.num.max = 2 (custom)
2019-11-13 18:48:12,638 [pool-57-thread-1] INFO  segmented.SegmentedRaftLogWorker (SegmentedRaftLogWorker.java:<init>(173)) - new 9582de44-b510-4bf6-b692-b66075a27588@group-8EC9E7A3D4D6-SegmentedRaftLogWorker for RaftStorage:Storage Directory /workdir/hadoop-ozone/integration-test/target/test-dir/MiniOzoneClusterImpl-936e8649-2eb0-4b7a-921b-5d2cce332f9c/datanode-3/data/ratis/367e8e5a-61d7-45c5-8a32-8ec9e7a3d4d6
2019-11-13 18:48:12,639 [pool-57-thread-1] INFO  server.RaftServerConfigKeys (ConfUtils.java:logGet(43)) - raft.server.log.queue.byte-limit = 2147483647 (custom)
2019-11-13 18:48:12,639 [pool-57-thread-1] INFO  server.RaftServerConfigKeys (ConfUtils.java:logGet(43)) - raft.server.log.queue.element-limit = 1024 (custom)
2019-11-13 18:48:12,639 [pool-57-thread-1] INFO  server.RaftServerConfigKeys (ConfUtils.java:logGet(43)) - raft.server.log.segment.size.max = 1048576 (custom)
2019-11-13 18:48:12,639 [pool-57-thread-1] INFO  server.RaftServerConfigKeys (ConfUtils.java:logGet(43)) - raft.server.log.preallocated.size = 16384 (custom)
2019-11-13 18:48:12,639 [pool-57-thread-1] INFO  server.RaftServerConfigKeys (ConfUtils.java:logGet(43)) - raft.server.log.write.buffer.size = 33554432 (custom)
2019-11-13 18:48:12,639 [pool-57-thread-1] INFO  server.RaftServerConfigKeys (ConfUtils.java:logGet(43)) - raft.server.log.force.sync.num = 128 (default)
2019-11-13 18:48:12,639 [pool-57-thread-1] INFO  server.RaftServerConfigKeys (ConfUtils.java:logGet(43)) - raft.server.log.statemachine.data.sync = true (default)
2019-11-13 18:48:12,639 [pool-57-thread-1] INFO  server.RaftServerConfigKeys (ConfUtils.java:logGet(43)) - raft.server.log.statemachine.data.sync.timeout = 10s (default)
2019-11-13 18:48:12,639 [pool-57-thread-1] INFO  server.RaftServerConfigKeys (ConfUtils.java:logGet(43)) - raft.server.log.statemachine.data.sync.timeout.retry = -1 (default)
2019-11-13 18:48:12,640 [pool-57-thread-1] INFO  server.RaftServerConfigKeys (ConfUtils.java:logGet(43)) - raft.server.log.statemachine.data.caching.enabled = true (custom)
2019-11-13 18:48:12,640 [pool-57-thread-1] INFO  segmented.SegmentedRaftLogWorker (SegmentedRaftLogWorker.java:lambda$new$0(128)) - 9582de44-b510-4bf6-b692-b66075a27588@group-8EC9E7A3D4D6-SegmentedRaftLogWorker: flushIndex: setUnconditionally 0 -> -1
2019-11-13 18:48:12,640 [pool-57-thread-1] INFO  server.RaftServerConfigKeys (ConfUtils.java:logGet(43)) - raft.server.snapshot.auto.trigger.enabled = true (custom)
2019-11-13 18:48:12,640 [pool-57-thread-1] INFO  server.RaftServerConfigKeys (ConfUtils.java:logGet(43)) - raft.server.snapshot.auto.trigger.threshold = 10000 (custom)
2019-11-13 18:48:12,640 [pool-57-thread-1] INFO  server.RaftServerConfigKeys (ConfUtils.java:logGet(43)) - raft.server.snapshot.retention.file.num = 5 (custom)
2019-11-13 18:48:12,640 [pool-57-thread-1] INFO  server.RaftServerConfigKeys (ConfUtils.java:logGet(43)) - raft.server.retrycache.expirytime = 600000ms (custom)
2019-11-13 18:48:12,641 [pool-57-thread-1] WARN  impl.MetricRegistriesImpl (MetricRegistriesImpl.java:lambda$create$1(61)) - First MetricRegistry has been created without registering reporters. You may need to call MetricRegistries.global().addReportRegistration(...) before.
2019-11-13 18:48:12,641 [pool-57-thread-1] WARN  impl.MetricRegistriesImpl (MetricRegistriesImpl.java:lambda$create$1(61)) - First MetricRegistry has been created without registering reporters. You may need to call MetricRegistries.global().addReportRegistration(...) before.
2019-11-13 18:48:12,641 [pool-57-thread-1] INFO  impl.RaftServerImpl (RaftServerImpl.java:start(184)) - 9582de44-b510-4bf6-b692-b66075a27588@group-8EC9E7A3D4D6: start as a follower, conf=-1: [9582de44-b510-4bf6-b692-b66075a27588:192.168.164.219:46083], old=null
2019-11-13 18:48:12,641 [pool-57-thread-1] INFO  impl.RaftServerImpl (RaftServerImpl.java:setRole(173)) - 9582de44-b510-4bf6-b692-b66075a27588@group-8EC9E7A3D4D6: changes role from      null to FOLLOWER at term 0 for startAsFollower
2019-11-13 18:48:12,641 [pool-57-thread-1] INFO  impl.RoleInfo (RoleInfo.java:updateAndGet(143)) - 9582de44-b510-4bf6-b692-b66075a27588: start FollowerState
2019-11-13 18:48:12,641 [pool-57-thread-1] INFO  util.JmxRegister (JmxRegister.java:tryRegister(44)) - Successfully registered JMX Bean with object name Ratis:service=RaftServer,group=group-8EC9E7A3D4D6,id=9582de44-b510-4bf6-b692-b66075a27588
2019-11-13 18:48:12,642 [pool-57-thread-1] WARN  impl.MetricRegistriesImpl (MetricRegistriesImpl.java:lambda$create$1(61)) - First MetricRegistry has been created without registering reporters. You may need to call MetricRegistries.global().addReportRegistration(...) before.
2019-11-13 18:48:12,655 [RatisPipelineUtilsThread] INFO  pipeline.PipelineStateManager (PipelineStateManager.java:addPipeline(55)) - Created pipeline Pipeline[ Id: 367e8e5a-61d7-45c5-8a32-8ec9e7a3d4d6, Nodes: 9582de44-b510-4bf6-b692-b66075a27588{ip: 192.168.164.219, host: pr-hdds-1940-7lghg-363871468, networkLocation: /default-rack, certSerialId: null}, Type:RATIS, Factor:ONE, State:ALLOCATED]
2019-11-13 18:48:12,656 [main] INFO  ozone.MiniOzoneClusterImpl (MiniOzoneClusterImpl.java:lambda$waitForClusterToBeReady$2(163)) - Waiting for 3 number of pipelines out of 3, to report a leader.
2019-11-13 18:48:12,670 [grpc-default-executor-0] INFO  impl.RaftServerProxy (RaftServerProxy.java:addNew(89)) - 9ee498fb-dbd1-4b89-b28c-40ca18800c49: addNew group-AF85F87999EB:[9ee498fb-dbd1-4b89-b28c-40ca18800c49:192.168.164.219:36915] returns group-AF85F87999EB:java.util.concurrent.CompletableFuture@1fcfc06[Not completed]
2019-11-13 18:48:12,674 [pool-97-thread-1] INFO  impl.RaftServerImpl (RaftServerImpl.java:<init>(98)) - 9ee498fb-dbd1-4b89-b28c-40ca18800c49: new RaftServerImpl for group-AF85F87999EB:[9ee498fb-dbd1-4b89-b28c-40ca18800c49:192.168.164.219:36915] with ContainerStateMachine:uninitialized
2019-11-13 18:48:12,674 [pool-97-thread-1] INFO  server.RaftServerConfigKeys (ConfUtils.java:logGet(43)) - raft.server.rpc.timeout.min = 1s (custom)
2019-11-13 18:48:12,675 [pool-97-thread-1] INFO  server.RaftServerConfigKeys (ConfUtils.java:logGet(43)) - raft.server.rpc.timeout.max = 1200ms (custom)
2019-11-13 18:48:12,675 [pool-97-thread-1] INFO  server.RaftServerConfigKeys (ConfUtils.java:logGet(43)) - raft.server.rpcslowness.timeout = 120s (custom)
2019-11-13 18:48:12,675 [pool-97-thread-1] INFO  server.RaftServerConfigKeys (ConfUtils.java:logGet(43)) - raft.server.sleep.deviation.threshold = 300 (default)
2019-11-13 18:48:12,675 [pool-97-thread-1] INFO  server.RaftServerConfigKeys (ConfUtils.java:logGet(43)) - raft.server.log.appender.install.snapshot.enabled = false (custom)
2019-11-13 18:48:12,675 [pool-97-thread-1] INFO  impl.RaftServerImpl (ServerState.java:<init>(103)) - 9ee498fb-dbd1-4b89-b28c-40ca18800c49@group-AF85F87999EB: ConfigurationManager, init=-1: [9ee498fb-dbd1-4b89-b28c-40ca18800c49:192.168.164.219:36915], old=null, confs=<EMPTY_MAP>
2019-11-13 18:48:12,675 [pool-97-thread-1] INFO  server.RaftServerConfigKeys (ConfUtils.java:logGet(43)) - raft.server.storage.dir = [/workdir/hadoop-ozone/integration-test/target/test-dir/MiniOzoneClusterImpl-936e8649-2eb0-4b7a-921b-5d2cce332f9c/datanode-7/data/ratis] (custom)
2019-11-13 18:48:12,675 [pool-97-thread-1] INFO  server.RaftServerConfigKeys (ConfUtils.java:logGet(43)) - raft.server.log.corruption.policy = EXCEPTION (default)
2019-11-13 18:48:12,675 [pool-97-thread-1] INFO  storage.RaftStorageDirectory (RaftStorageDirectory.java:analyzeStorage(246)) - The storage directory /workdir/hadoop-ozone/integration-test/target/test-dir/MiniOzoneClusterImpl-936e8649-2eb0-4b7a-921b-5d2cce332f9c/datanode-7/data/ratis/77beb795-9305-41e6-91d0-af85f87999eb does not exist. Creating ...
2019-11-13 18:48:12,688 [pool-97-thread-1] INFO  storage.RaftStorageDirectory (RaftStorageDirectory.java:tryLock(328)) - Lock on /workdir/hadoop-ozone/integration-test/target/test-dir/MiniOzoneClusterImpl-936e8649-2eb0-4b7a-921b-5d2cce332f9c/datanode-7/data/ratis/77beb795-9305-41e6-91d0-af85f87999eb/in_use.lock acquired by nodename 19542@pr-hdds-1940-7lghg-363871468
2019-11-13 18:48:12,702 [pool-97-thread-1] INFO  storage.RaftStorage (RaftStorage.java:format(84)) - Storage directory /workdir/hadoop-ozone/integration-test/target/test-dir/MiniOzoneClusterImpl-936e8649-2eb0-4b7a-921b-5d2cce332f9c/datanode-7/data/ratis/77beb795-9305-41e6-91d0-af85f87999eb has been successfully formatted.
2019-11-13 18:48:12,702 [pool-97-thread-1] INFO  ratis.ContainerStateMachine (ContainerStateMachine.java:loadSnapshot(223)) - group-AF85F87999EB: The snapshot info is null. Setting the last applied indexto:(t:0, i:~)
2019-11-13 18:48:12,702 [pool-97-thread-1] INFO  server.RaftServerConfigKeys (ConfUtils.java:logGet(43)) - raft.server.notification.no-leader.timeout = 120s (custom)
2019-11-13 18:48:12,702 [pool-97-thread-1] INFO  server.RaftServerConfigKeys (ConfUtils.java:logGet(43)) - raft.server.log.use.memory = false (default)
2019-11-13 18:48:12,702 [pool-97-thread-1] INFO  server.RaftServerConfigKeys (ConfUtils.java:logGet(43)) - raft.server.log.purge.gap = 1000000 (custom)
2019-11-13 18:48:12,702 [pool-97-thread-1] INFO  server.RaftServerConfigKeys (ConfUtils.java:logGet(43)) - raft.server.log.appender.buffer.byte-limit = 33554432 (custom)
2019-11-13 18:48:12,703 [pool-97-thread-1] INFO  server.RaftServerConfigKeys (ConfUtils.java:logGet(43)) - raft.server.log.segment.size.max = 1048576 (custom)
2019-11-13 18:48:12,703 [pool-97-thread-1] WARN  impl.MetricRegistriesImpl (MetricRegistriesImpl.java:lambda$create$1(61)) - First MetricRegistry has been created without registering reporters. You may need to call MetricRegistries.global().addReportRegistration(...) before.
2019-11-13 18:48:12,703 [pool-97-thread-1] INFO  server.RaftServerConfigKeys (ConfUtils.java:logGet(43)) - raft.server.log.segment.cache.num.max = 2 (custom)
2019-11-13 18:48:12,703 [pool-97-thread-1] INFO  segmented.SegmentedRaftLogWorker (SegmentedRaftLogWorker.java:<init>(173)) - new 9ee498fb-dbd1-4b89-b28c-40ca18800c49@group-AF85F87999EB-SegmentedRaftLogWorker for RaftStorage:Storage Directory /workdir/hadoop-ozone/integration-test/target/test-dir/MiniOzoneClusterImpl-936e8649-2eb0-4b7a-921b-5d2cce332f9c/datanode-7/data/ratis/77beb795-9305-41e6-91d0-af85f87999eb
2019-11-13 18:48:12,703 [pool-97-thread-1] INFO  server.RaftServerConfigKeys (ConfUtils.java:logGet(43)) - raft.server.log.queue.byte-limit = 2147483647 (custom)
2019-11-13 18:48:12,703 [pool-97-thread-1] INFO  server.RaftServerConfigKeys (ConfUtils.java:logGet(43)) - raft.server.log.queue.element-limit = 1024 (custom)
2019-11-13 18:48:12,703 [pool-97-thread-1] INFO  server.RaftServerConfigKeys (ConfUtils.java:logGet(43)) - raft.server.log.segment.size.max = 1048576 (custom)
2019-11-13 18:48:12,703 [pool-97-thread-1] INFO  server.RaftServerConfigKeys (ConfUtils.java:logGet(43)) - raft.server.log.preallocated.size = 16384 (custom)
2019-11-13 18:48:12,703 [pool-97-thread-1] INFO  server.RaftServerConfigKeys (ConfUtils.java:logGet(43)) - raft.server.log.write.buffer.size = 33554432 (custom)
2019-11-13 18:48:12,703 [pool-97-thread-1] INFO  server.RaftServerConfigKeys (ConfUtils.java:logGet(43)) - raft.server.log.force.sync.num = 128 (default)
2019-11-13 18:48:12,703 [pool-97-thread-1] INFO  server.RaftServerConfigKeys (ConfUtils.java:logGet(43)) - raft.server.log.statemachine.data.sync = true (default)
2019-11-13 18:48:12,704 [pool-97-thread-1] INFO  server.RaftServerConfigKeys (ConfUtils.java:logGet(43)) - raft.server.log.statemachine.data.sync.timeout = 10s (default)
2019-11-13 18:48:12,704 [pool-97-thread-1] INFO  server.RaftServerConfigKeys (ConfUtils.java:logGet(43)) - raft.server.log.statemachine.data.sync.timeout.retry = -1 (default)
2019-11-13 18:48:12,704 [pool-97-thread-1] INFO  server.RaftServerConfigKeys (ConfUtils.java:logGet(43)) - raft.server.log.statemachine.data.caching.enabled = true (custom)
2019-11-13 18:48:12,704 [pool-97-thread-1] INFO  segmented.SegmentedRaftLogWorker (SegmentedRaftLogWorker.java:lambda$new$0(128)) - 9ee498fb-dbd1-4b89-b28c-40ca18800c49@group-AF85F87999EB-SegmentedRaftLogWorker: flushIndex: setUnconditionally 0 -> -1
2019-11-13 18:48:12,704 [pool-97-thread-1] INFO  server.RaftServerConfigKeys (ConfUtils.java:logGet(43)) - raft.server.snapshot.auto.trigger.enabled = true (custom)
2019-11-13 18:48:12,704 [pool-97-thread-1] INFO  server.RaftServerConfigKeys (ConfUtils.java:logGet(43)) - raft.server.snapshot.auto.trigger.threshold = 10000 (custom)
2019-11-13 18:48:12,705 [pool-97-thread-1] INFO  server.RaftServerConfigKeys (ConfUtils.java:logGet(43)) - raft.server.snapshot.retention.file.num = 5 (custom)
2019-11-13 18:48:12,705 [pool-97-thread-1] INFO  server.RaftServerConfigKeys (ConfUtils.java:logGet(43)) - raft.server.retrycache.expirytime = 600000ms (custom)
2019-11-13 18:48:12,705 [pool-97-thread-1] WARN  impl.MetricRegistriesImpl (MetricRegistriesImpl.java:lambda$create$1(61)) - First MetricRegistry has been created without registering reporters. You may need to call MetricRegistries.global().addReportRegistration(...) before.
2019-11-13 18:48:12,705 [pool-97-thread-1] WARN  impl.MetricRegistriesImpl (MetricRegistriesImpl.java:lambda$create$1(61)) - First MetricRegistry has been created without registering reporters. You may need to call MetricRegistries.global().addReportRegistration(...) before.
2019-11-13 18:48:12,705 [pool-97-thread-1] INFO  impl.RaftServerImpl (RaftServerImpl.java:start(184)) - 9ee498fb-dbd1-4b89-b28c-40ca18800c49@group-AF85F87999EB: start as a follower, conf=-1: [9ee498fb-dbd1-4b89-b28c-40ca18800c49:192.168.164.219:36915], old=null
2019-11-13 18:48:12,705 [pool-97-thread-1] INFO  impl.RaftServerImpl (RaftServerImpl.java:setRole(173)) - 9ee498fb-dbd1-4b89-b28c-40ca18800c49@group-AF85F87999EB: changes role from      null to FOLLOWER at term 0 for startAsFollower
2019-11-13 18:48:12,705 [pool-97-thread-1] INFO  impl.RoleInfo (RoleInfo.java:updateAndGet(143)) - 9ee498fb-dbd1-4b89-b28c-40ca18800c49: start FollowerState
2019-11-13 18:48:12,706 [pool-97-thread-1] INFO  util.JmxRegister (JmxRegister.java:tryRegister(44)) - Successfully registered JMX Bean with object name Ratis:service=RaftServer,group=group-AF85F87999EB,id=9ee498fb-dbd1-4b89-b28c-40ca18800c49
2019-11-13 18:48:12,706 [pool-97-thread-1] WARN  impl.MetricRegistriesImpl (MetricRegistriesImpl.java:lambda$create$1(61)) - First MetricRegistry has been created without registering reporters. You may need to call MetricRegistries.global().addReportRegistration(...) before.
2019-11-13 18:48:12,723 [RatisPipelineUtilsThread] INFO  pipeline.PipelineStateManager (PipelineStateManager.java:addPipeline(55)) - Created pipeline Pipeline[ Id: 77beb795-9305-41e6-91d0-af85f87999eb, Nodes: 9ee498fb-dbd1-4b89-b28c-40ca18800c49{ip: 192.168.164.219, host: pr-hdds-1940-7lghg-363871468, networkLocation: /default-rack, certSerialId: null}, Type:RATIS, Factor:ONE, State:ALLOCATED]
2019-11-13 18:48:12,737 [grpc-default-executor-0] INFO  impl.RaftServerProxy (RaftServerProxy.java:addNew(89)) - 6a4d2be6-9424-4ae4-9e09-f01b73daf36a: addNew group-7F289D6C47D8:[6a4d2be6-9424-4ae4-9e09-f01b73daf36a:192.168.164.219:39773] returns group-7F289D6C47D8:java.util.concurrent.CompletableFuture@e11896c[Not completed]
2019-11-13 18:48:12,742 [pool-117-thread-1] INFO  impl.RaftServerImpl (RaftServerImpl.java:<init>(98)) - 6a4d2be6-9424-4ae4-9e09-f01b73daf36a: new RaftServerImpl for group-7F289D6C47D8:[6a4d2be6-9424-4ae4-9e09-f01b73daf36a:192.168.164.219:39773] with ContainerStateMachine:uninitialized
2019-11-13 18:48:12,743 [pool-117-thread-1] INFO  server.RaftServerConfigKeys (ConfUtils.java:logGet(43)) - raft.server.rpc.timeout.min = 1s (custom)
2019-11-13 18:48:12,743 [pool-117-thread-1] INFO  server.RaftServerConfigKeys (ConfUtils.java:logGet(43)) - raft.server.rpc.timeout.max = 1200ms (custom)
2019-11-13 18:48:12,743 [pool-117-thread-1] INFO  server.RaftServerConfigKeys (ConfUtils.java:logGet(43)) - raft.server.rpcslowness.timeout = 120s (custom)
2019-11-13 18:48:12,743 [pool-117-thread-1] INFO  server.RaftServerConfigKeys (ConfUtils.java:logGet(43)) - raft.server.sleep.deviation.threshold = 300 (default)
2019-11-13 18:48:12,743 [pool-117-thread-1] INFO  server.RaftServerConfigKeys (ConfUtils.java:logGet(43)) - raft.server.log.appender.install.snapshot.enabled = false (custom)
2019-11-13 18:48:12,743 [pool-117-thread-1] INFO  impl.RaftServerImpl (ServerState.java:<init>(103)) - 6a4d2be6-9424-4ae4-9e09-f01b73daf36a@group-7F289D6C47D8: ConfigurationManager, init=-1: [6a4d2be6-9424-4ae4-9e09-f01b73daf36a:192.168.164.219:39773], old=null, confs=<EMPTY_MAP>
2019-11-13 18:48:12,744 [pool-117-thread-1] INFO  server.RaftServerConfigKeys (ConfUtils.java:logGet(43)) - raft.server.storage.dir = [/workdir/hadoop-ozone/integration-test/target/test-dir/MiniOzoneClusterImpl-936e8649-2eb0-4b7a-921b-5d2cce332f9c/datanode-9/data/ratis] (custom)
2019-11-13 18:48:12,744 [pool-117-thread-1] INFO  server.RaftServerConfigKeys (ConfUtils.java:logGet(43)) - raft.server.log.corruption.policy = EXCEPTION (default)
2019-11-13 18:48:12,744 [pool-117-thread-1] INFO  storage.RaftStorageDirectory (RaftStorageDirectory.java:analyzeStorage(246)) - The storage directory /workdir/hadoop-ozone/integration-test/target/test-dir/MiniOzoneClusterImpl-936e8649-2eb0-4b7a-921b-5d2cce332f9c/datanode-9/data/ratis/009eb6df-6fb5-4d48-869a-7f289d6c47d8 does not exist. Creating ...
2019-11-13 18:48:12,757 [pool-117-thread-1] INFO  storage.RaftStorageDirectory (RaftStorageDirectory.java:tryLock(328)) - Lock on /workdir/hadoop-ozone/integration-test/target/test-dir/MiniOzoneClusterImpl-936e8649-2eb0-4b7a-921b-5d2cce332f9c/datanode-9/data/ratis/009eb6df-6fb5-4d48-869a-7f289d6c47d8/in_use.lock acquired by nodename 19542@pr-hdds-1940-7lghg-363871468
2019-11-13 18:48:12,770 [pool-117-thread-1] INFO  storage.RaftStorage (RaftStorage.java:format(84)) - Storage directory /workdir/hadoop-ozone/integration-test/target/test-dir/MiniOzoneClusterImpl-936e8649-2eb0-4b7a-921b-5d2cce332f9c/datanode-9/data/ratis/009eb6df-6fb5-4d48-869a-7f289d6c47d8 has been successfully formatted.
2019-11-13 18:48:12,771 [pool-117-thread-1] INFO  ratis.ContainerStateMachine (ContainerStateMachine.java:loadSnapshot(223)) - group-7F289D6C47D8: The snapshot info is null. Setting the last applied indexto:(t:0, i:~)
2019-11-13 18:48:12,771 [pool-117-thread-1] INFO  server.RaftServerConfigKeys (ConfUtils.java:logGet(43)) - raft.server.notification.no-leader.timeout = 120s (custom)
2019-11-13 18:48:12,771 [pool-117-thread-1] INFO  server.RaftServerConfigKeys (ConfUtils.java:logGet(43)) - raft.server.log.use.memory = false (default)
2019-11-13 18:48:12,771 [pool-117-thread-1] INFO  server.RaftServerConfigKeys (ConfUtils.java:logGet(43)) - raft.server.log.purge.gap = 1000000 (custom)
2019-11-13 18:48:12,771 [pool-117-thread-1] INFO  server.RaftServerConfigKeys (ConfUtils.java:logGet(43)) - raft.server.log.appender.buffer.byte-limit = 33554432 (custom)
2019-11-13 18:48:12,771 [pool-117-thread-1] INFO  server.RaftServerConfigKeys (ConfUtils.java:logGet(43)) - raft.server.log.segment.size.max = 1048576 (custom)
2019-11-13 18:48:12,772 [pool-117-thread-1] WARN  impl.MetricRegistriesImpl (MetricRegistriesImpl.java:lambda$create$1(61)) - First MetricRegistry has been created without registering reporters. You may need to call MetricRegistries.global().addReportRegistration(...) before.
2019-11-13 18:48:12,772 [pool-117-thread-1] INFO  server.RaftServerConfigKeys (ConfUtils.java:logGet(43)) - raft.server.log.segment.cache.num.max = 2 (custom)
2019-11-13 18:48:12,772 [pool-117-thread-1] INFO  segmented.SegmentedRaftLogWorker (SegmentedRaftLogWorker.java:<init>(173)) - new 6a4d2be6-9424-4ae4-9e09-f01b73daf36a@group-7F289D6C47D8-SegmentedRaftLogWorker for RaftStorage:Storage Directory /workdir/hadoop-ozone/integration-test/target/test-dir/MiniOzoneClusterImpl-936e8649-2eb0-4b7a-921b-5d2cce332f9c/datanode-9/data/ratis/009eb6df-6fb5-4d48-869a-7f289d6c47d8
2019-11-13 18:48:12,772 [pool-117-thread-1] INFO  server.RaftServerConfigKeys (ConfUtils.java:logGet(43)) - raft.server.log.queue.byte-limit = 2147483647 (custom)
2019-11-13 18:48:12,772 [pool-117-thread-1] INFO  server.RaftServerConfigKeys (ConfUtils.java:logGet(43)) - raft.server.log.queue.element-limit = 1024 (custom)
2019-11-13 18:48:12,772 [pool-117-thread-1] INFO  server.RaftServerConfigKeys (ConfUtils.java:logGet(43)) - raft.server.log.segment.size.max = 1048576 (custom)
2019-11-13 18:48:12,772 [pool-117-thread-1] INFO  server.RaftServerConfigKeys (ConfUtils.java:logGet(43)) - raft.server.log.preallocated.size = 16384 (custom)
2019-11-13 18:48:12,772 [pool-117-thread-1] INFO  server.RaftServerConfigKeys (ConfUtils.java:logGet(43)) - raft.server.log.write.buffer.size = 33554432 (custom)
2019-11-13 18:48:12,772 [pool-117-thread-1] INFO  server.RaftServerConfigKeys (ConfUtils.java:logGet(43)) - raft.server.log.force.sync.num = 128 (default)
2019-11-13 18:48:12,773 [pool-117-thread-1] INFO  server.RaftServerConfigKeys (ConfUtils.java:logGet(43)) - raft.server.log.statemachine.data.sync = true (default)
2019-11-13 18:48:12,773 [pool-117-thread-1] INFO  server.RaftServerConfigKeys (ConfUtils.java:logGet(43)) - raft.server.log.statemachine.data.sync.timeout = 10s (default)
2019-11-13 18:48:12,773 [pool-117-thread-1] INFO  server.RaftServerConfigKeys (ConfUtils.java:logGet(43)) - raft.server.log.statemachine.data.sync.timeout.retry = -1 (default)
2019-11-13 18:48:12,773 [pool-117-thread-1] INFO  server.RaftServerConfigKeys (ConfUtils.java:logGet(43)) - raft.server.log.statemachine.data.caching.enabled = true (custom)
2019-11-13 18:48:12,773 [pool-117-thread-1] INFO  segmented.SegmentedRaftLogWorker (SegmentedRaftLogWorker.java:lambda$new$0(128)) - 6a4d2be6-9424-4ae4-9e09-f01b73daf36a@group-7F289D6C47D8-SegmentedRaftLogWorker: flushIndex: setUnconditionally 0 -> -1
2019-11-13 18:48:12,774 [pool-117-thread-1] INFO  server.RaftServerConfigKeys (ConfUtils.java:logGet(43)) - raft.server.snapshot.auto.trigger.enabled = true (custom)
2019-11-13 18:48:12,774 [pool-117-thread-1] INFO  server.RaftServerConfigKeys (ConfUtils.java:logGet(43)) - raft.server.snapshot.auto.trigger.threshold = 10000 (custom)
2019-11-13 18:48:12,774 [pool-117-thread-1] INFO  server.RaftServerConfigKeys (ConfUtils.java:logGet(43)) - raft.server.snapshot.retention.file.num = 5 (custom)
2019-11-13 18:48:12,774 [pool-117-thread-1] INFO  server.RaftServerConfigKeys (ConfUtils.java:logGet(43)) - raft.server.retrycache.expirytime = 600000ms (custom)
2019-11-13 18:48:12,774 [pool-117-thread-1] WARN  impl.MetricRegistriesImpl (MetricRegistriesImpl.java:lambda$create$1(61)) - First MetricRegistry has been created without registering reporters. You may need to call MetricRegistries.global().addReportRegistration(...) before.
2019-11-13 18:48:12,774 [pool-117-thread-1] WARN  impl.MetricRegistriesImpl (MetricRegistriesImpl.java:lambda$create$1(61)) - First MetricRegistry has been created without registering reporters. You may need to call MetricRegistries.global().addReportRegistration(...) before.
2019-11-13 18:48:12,774 [pool-117-thread-1] INFO  impl.RaftServerImpl (RaftServerImpl.java:start(184)) - 6a4d2be6-9424-4ae4-9e09-f01b73daf36a@group-7F289D6C47D8: start as a follower, conf=-1: [6a4d2be6-9424-4ae4-9e09-f01b73daf36a:192.168.164.219:39773], old=null
2019-11-13 18:48:12,775 [pool-117-thread-1] INFO  impl.RaftServerImpl (RaftServerImpl.java:setRole(173)) - 6a4d2be6-9424-4ae4-9e09-f01b73daf36a@group-7F289D6C47D8: changes role from      null to FOLLOWER at term 0 for startAsFollower
2019-11-13 18:48:12,775 [pool-117-thread-1] INFO  impl.RoleInfo (RoleInfo.java:updateAndGet(143)) - 6a4d2be6-9424-4ae4-9e09-f01b73daf36a: start FollowerState
2019-11-13 18:48:12,775 [pool-117-thread-1] INFO  util.JmxRegister (JmxRegister.java:tryRegister(44)) - Successfully registered JMX Bean with object name Ratis:service=RaftServer,group=group-7F289D6C47D8,id=6a4d2be6-9424-4ae4-9e09-f01b73daf36a
2019-11-13 18:48:12,775 [pool-117-thread-1] WARN  impl.MetricRegistriesImpl (MetricRegistriesImpl.java:lambda$create$1(61)) - First MetricRegistry has been created without registering reporters. You may need to call MetricRegistries.global().addReportRegistration(...) before.
2019-11-13 18:48:12,787 [RatisPipelineUtilsThread] INFO  pipeline.PipelineStateManager (PipelineStateManager.java:addPipeline(55)) - Created pipeline Pipeline[ Id: 009eb6df-6fb5-4d48-869a-7f289d6c47d8, Nodes: 6a4d2be6-9424-4ae4-9e09-f01b73daf36a{ip: 192.168.164.219, host: pr-hdds-1940-7lghg-363871468, networkLocation: /default-rack, certSerialId: null}, Type:RATIS, Factor:ONE, State:ALLOCATED]
2019-11-13 18:48:12,800 [grpc-default-executor-0] INFO  impl.RaftServerProxy (RaftServerProxy.java:addNew(89)) - 694477cc-c317-4cd0-89bd-f326ada4a5ba: addNew group-4F595C681FBE:[694477cc-c317-4cd0-89bd-f326ada4a5ba:192.168.164.219:36781] returns group-4F595C681FBE:java.util.concurrent.CompletableFuture@73008d96[Not completed]
2019-11-13 18:48:12,804 [pool-77-thread-1] INFO  impl.RaftServerImpl (RaftServerImpl.java:<init>(98)) - 694477cc-c317-4cd0-89bd-f326ada4a5ba: new RaftServerImpl for group-4F595C681FBE:[694477cc-c317-4cd0-89bd-f326ada4a5ba:192.168.164.219:36781] with ContainerStateMachine:uninitialized
2019-11-13 18:48:12,804 [pool-77-thread-1] INFO  server.RaftServerConfigKeys (ConfUtils.java:logGet(43)) - raft.server.rpc.timeout.min = 1s (custom)
2019-11-13 18:48:12,805 [pool-77-thread-1] INFO  server.RaftServerConfigKeys (ConfUtils.java:logGet(43)) - raft.server.rpc.timeout.max = 1200ms (custom)
2019-11-13 18:48:12,805 [pool-77-thread-1] INFO  server.RaftServerConfigKeys (ConfUtils.java:logGet(43)) - raft.server.rpcslowness.timeout = 120s (custom)
2019-11-13 18:48:12,805 [pool-77-thread-1] INFO  server.RaftServerConfigKeys (ConfUtils.java:logGet(43)) - raft.server.sleep.deviation.threshold = 300 (default)
2019-11-13 18:48:12,805 [pool-77-thread-1] INFO  server.RaftServerConfigKeys (ConfUtils.java:logGet(43)) - raft.server.log.appender.install.snapshot.enabled = false (custom)
2019-11-13 18:48:12,805 [pool-77-thread-1] INFO  impl.RaftServerImpl (ServerState.java:<init>(103)) - 694477cc-c317-4cd0-89bd-f326ada4a5ba@group-4F595C681FBE: ConfigurationManager, init=-1: [694477cc-c317-4cd0-89bd-f326ada4a5ba:192.168.164.219:36781], old=null, confs=<EMPTY_MAP>
2019-11-13 18:48:12,805 [pool-77-thread-1] INFO  server.RaftServerConfigKeys (ConfUtils.java:logGet(43)) - raft.server.storage.dir = [/workdir/hadoop-ozone/integration-test/target/test-dir/MiniOzoneClusterImpl-936e8649-2eb0-4b7a-921b-5d2cce332f9c/datanode-5/data/ratis] (custom)
2019-11-13 18:48:12,806 [pool-77-thread-1] INFO  server.RaftServerConfigKeys (ConfUtils.java:logGet(43)) - raft.server.log.corruption.policy = EXCEPTION (default)
2019-11-13 18:48:12,806 [pool-77-thread-1] INFO  storage.RaftStorageDirectory (RaftStorageDirectory.java:analyzeStorage(246)) - The storage directory /workdir/hadoop-ozone/integration-test/target/test-dir/MiniOzoneClusterImpl-936e8649-2eb0-4b7a-921b-5d2cce332f9c/datanode-5/data/ratis/db84fc95-ac5f-4752-861b-4f595c681fbe does not exist. Creating ...
2019-11-13 18:48:12,819 [pool-77-thread-1] INFO  storage.RaftStorageDirectory (RaftStorageDirectory.java:tryLock(328)) - Lock on /workdir/hadoop-ozone/integration-test/target/test-dir/MiniOzoneClusterImpl-936e8649-2eb0-4b7a-921b-5d2cce332f9c/datanode-5/data/ratis/db84fc95-ac5f-4752-861b-4f595c681fbe/in_use.lock acquired by nodename 19542@pr-hdds-1940-7lghg-363871468
2019-11-13 18:48:12,844 [pool-77-thread-1] INFO  storage.RaftStorage (RaftStorage.java:format(84)) - Storage directory /workdir/hadoop-ozone/integration-test/target/test-dir/MiniOzoneClusterImpl-936e8649-2eb0-4b7a-921b-5d2cce332f9c/datanode-5/data/ratis/db84fc95-ac5f-4752-861b-4f595c681fbe has been successfully formatted.
2019-11-13 18:48:12,844 [pool-77-thread-1] INFO  ratis.ContainerStateMachine (ContainerStateMachine.java:loadSnapshot(223)) - group-4F595C681FBE: The snapshot info is null. Setting the last applied indexto:(t:0, i:~)
2019-11-13 18:48:12,844 [pool-77-thread-1] INFO  server.RaftServerConfigKeys (ConfUtils.java:logGet(43)) - raft.server.notification.no-leader.timeout = 120s (custom)
2019-11-13 18:48:12,844 [pool-77-thread-1] INFO  server.RaftServerConfigKeys (ConfUtils.java:logGet(43)) - raft.server.log.use.memory = false (default)
2019-11-13 18:48:12,845 [pool-77-thread-1] INFO  server.RaftServerConfigKeys (ConfUtils.java:logGet(43)) - raft.server.log.purge.gap = 1000000 (custom)
2019-11-13 18:48:12,845 [pool-77-thread-1] INFO  server.RaftServerConfigKeys (ConfUtils.java:logGet(43)) - raft.server.log.appender.buffer.byte-limit = 33554432 (custom)
2019-11-13 18:48:12,845 [pool-77-thread-1] INFO  server.RaftServerConfigKeys (ConfUtils.java:logGet(43)) - raft.server.log.segment.size.max = 1048576 (custom)
2019-11-13 18:48:12,845 [pool-77-thread-1] WARN  impl.MetricRegistriesImpl (MetricRegistriesImpl.java:lambda$create$1(61)) - First MetricRegistry has been created without registering reporters. You may need to call MetricRegistries.global().addReportRegistration(...) before.
2019-11-13 18:48:12,845 [pool-77-thread-1] INFO  server.RaftServerConfigKeys (ConfUtils.java:logGet(43)) - raft.server.log.segment.cache.num.max = 2 (custom)
2019-11-13 18:48:12,846 [pool-77-thread-1] INFO  segmented.SegmentedRaftLogWorker (SegmentedRaftLogWorker.java:<init>(173)) - new 694477cc-c317-4cd0-89bd-f326ada4a5ba@group-4F595C681FBE-SegmentedRaftLogWorker for RaftStorage:Storage Directory /workdir/hadoop-ozone/integration-test/target/test-dir/MiniOzoneClusterImpl-936e8649-2eb0-4b7a-921b-5d2cce332f9c/datanode-5/data/ratis/db84fc95-ac5f-4752-861b-4f595c681fbe
2019-11-13 18:48:12,846 [pool-77-thread-1] INFO  server.RaftServerConfigKeys (ConfUtils.java:logGet(43)) - raft.server.log.queue.byte-limit = 2147483647 (custom)
2019-11-13 18:48:12,846 [pool-77-thread-1] INFO  server.RaftServerConfigKeys (ConfUtils.java:logGet(43)) - raft.server.log.queue.element-limit = 1024 (custom)
2019-11-13 18:48:12,846 [pool-77-thread-1] INFO  server.RaftServerConfigKeys (ConfUtils.java:logGet(43)) - raft.server.log.segment.size.max = 1048576 (custom)
2019-11-13 18:48:12,846 [pool-77-thread-1] INFO  server.RaftServerConfigKeys (ConfUtils.java:logGet(43)) - raft.server.log.preallocated.size = 16384 (custom)
2019-11-13 18:48:12,846 [pool-77-thread-1] INFO  server.RaftServerConfigKeys (ConfUtils.java:logGet(43)) - raft.server.log.write.buffer.size = 33554432 (custom)
2019-11-13 18:48:12,847 [pool-77-thread-1] INFO  server.RaftServerConfigKeys (ConfUtils.java:logGet(43)) - raft.server.log.force.sync.num = 128 (default)
2019-11-13 18:48:12,847 [pool-77-thread-1] INFO  server.RaftServerConfigKeys (ConfUtils.java:logGet(43)) - raft.server.log.statemachine.data.sync = true (default)
2019-11-13 18:48:12,847 [pool-77-thread-1] INFO  server.RaftServerConfigKeys (ConfUtils.java:logGet(43)) - raft.server.log.statemachine.data.sync.timeout = 10s (default)
2019-11-13 18:48:12,847 [pool-77-thread-1] INFO  server.RaftServerConfigKeys (ConfUtils.java:logGet(43)) - raft.server.log.statemachine.data.sync.timeout.retry = -1 (default)
2019-11-13 18:48:12,848 [pool-77-thread-1] INFO  server.RaftServerConfigKeys (ConfUtils.java:logGet(43)) - raft.server.log.statemachine.data.caching.enabled = true (custom)
2019-11-13 18:48:12,848 [pool-77-thread-1] INFO  segmented.SegmentedRaftLogWorker (SegmentedRaftLogWorker.java:lambda$new$0(128)) - 694477cc-c317-4cd0-89bd-f326ada4a5ba@group-4F595C681FBE-SegmentedRaftLogWorker: flushIndex: setUnconditionally 0 -> -1
2019-11-13 18:48:12,848 [pool-77-thread-1] INFO  server.RaftServerConfigKeys (ConfUtils.java:logGet(43)) - raft.server.snapshot.auto.trigger.enabled = true (custom)
2019-11-13 18:48:12,848 [pool-77-thread-1] INFO  server.RaftServerConfigKeys (ConfUtils.java:logGet(43)) - raft.server.snapshot.auto.trigger.threshold = 10000 (custom)
2019-11-13 18:48:12,848 [pool-77-thread-1] INFO  server.RaftServerConfigKeys (ConfUtils.java:logGet(43)) - raft.server.snapshot.retention.file.num = 5 (custom)
2019-11-13 18:48:12,849 [pool-77-thread-1] INFO  server.RaftServerConfigKeys (ConfUtils.java:logGet(43)) - raft.server.retrycache.expirytime = 600000ms (custom)
2019-11-13 18:48:12,849 [pool-77-thread-1] WARN  impl.MetricRegistriesImpl (MetricRegistriesImpl.java:lambda$create$1(61)) - First MetricRegistry has been created without registering reporters. You may need to call MetricRegistries.global().addReportRegistration(...) before.
2019-11-13 18:48:12,849 [pool-77-thread-1] WARN  impl.MetricRegistriesImpl (MetricRegistriesImpl.java:lambda$create$1(61)) - First MetricRegistry has been created without registering reporters. You may need to call MetricRegistries.global().addReportRegistration(...) before.
2019-11-13 18:48:12,849 [pool-77-thread-1] INFO  impl.RaftServerImpl (RaftServerImpl.java:start(184)) - 694477cc-c317-4cd0-89bd-f326ada4a5ba@group-4F595C681FBE: start as a follower, conf=-1: [694477cc-c317-4cd0-89bd-f326ada4a5ba:192.168.164.219:36781], old=null
2019-11-13 18:48:12,849 [pool-77-thread-1] INFO  impl.RaftServerImpl (RaftServerImpl.java:setRole(173)) - 694477cc-c317-4cd0-89bd-f326ada4a5ba@group-4F595C681FBE: changes role from      null to FOLLOWER at term 0 for startAsFollower
2019-11-13 18:48:12,849 [pool-77-thread-1] INFO  impl.RoleInfo (RoleInfo.java:updateAndGet(143)) - 694477cc-c317-4cd0-89bd-f326ada4a5ba: start FollowerState
2019-11-13 18:48:12,850 [pool-77-thread-1] INFO  util.JmxRegister (JmxRegister.java:tryRegister(44)) - Successfully registered JMX Bean with object name Ratis:service=RaftServer,group=group-4F595C681FBE,id=694477cc-c317-4cd0-89bd-f326ada4a5ba
2019-11-13 18:48:12,850 [pool-77-thread-1] WARN  impl.MetricRegistriesImpl (MetricRegistriesImpl.java:lambda$create$1(61)) - First MetricRegistry has been created without registering reporters. You may need to call MetricRegistries.global().addReportRegistration(...) before.
2019-11-13 18:48:12,860 [RatisPipelineUtilsThread] INFO  pipeline.PipelineStateManager (PipelineStateManager.java:addPipeline(55)) - Created pipeline Pipeline[ Id: db84fc95-ac5f-4752-861b-4f595c681fbe, Nodes: 694477cc-c317-4cd0-89bd-f326ada4a5ba{ip: 192.168.164.219, host: pr-hdds-1940-7lghg-363871468, networkLocation: /default-rack, certSerialId: null}, Type:RATIS, Factor:ONE, State:ALLOCATED]
2019-11-13 18:48:12,875 [grpc-default-executor-0] INFO  impl.RaftServerProxy (RaftServerProxy.java:addNew(89)) - 302e21ca-1d4a-4b22-bc74-f644a63fc179: addNew group-60D11F530DA7:[302e21ca-1d4a-4b22-bc74-f644a63fc179:192.168.164.219:35354] returns group-60D11F530DA7:java.util.concurrent.CompletableFuture@77568e7a[Not completed]
2019-11-13 18:48:12,879 [pool-87-thread-1] INFO  impl.RaftServerImpl (RaftServerImpl.java:<init>(98)) - 302e21ca-1d4a-4b22-bc74-f644a63fc179: new RaftServerImpl for group-60D11F530DA7:[302e21ca-1d4a-4b22-bc74-f644a63fc179:192.168.164.219:35354] with ContainerStateMachine:uninitialized
2019-11-13 18:48:12,879 [pool-87-thread-1] INFO  server.RaftServerConfigKeys (ConfUtils.java:logGet(43)) - raft.server.rpc.timeout.min = 1s (custom)
2019-11-13 18:48:12,879 [pool-87-thread-1] INFO  server.RaftServerConfigKeys (ConfUtils.java:logGet(43)) - raft.server.rpc.timeout.max = 1200ms (custom)
2019-11-13 18:48:12,879 [pool-87-thread-1] INFO  server.RaftServerConfigKeys (ConfUtils.java:logGet(43)) - raft.server.rpcslowness.timeout = 120s (custom)
2019-11-13 18:48:12,880 [pool-87-thread-1] INFO  server.RaftServerConfigKeys (ConfUtils.java:logGet(43)) - raft.server.sleep.deviation.threshold = 300 (default)
2019-11-13 18:48:12,880 [pool-87-thread-1] INFO  server.RaftServerConfigKeys (ConfUtils.java:logGet(43)) - raft.server.log.appender.install.snapshot.enabled = false (custom)
2019-11-13 18:48:12,880 [pool-87-thread-1] INFO  impl.RaftServerImpl (ServerState.java:<init>(103)) - 302e21ca-1d4a-4b22-bc74-f644a63fc179@group-60D11F530DA7: ConfigurationManager, init=-1: [302e21ca-1d4a-4b22-bc74-f644a63fc179:192.168.164.219:35354], old=null, confs=<EMPTY_MAP>
2019-11-13 18:48:12,880 [pool-87-thread-1] INFO  server.RaftServerConfigKeys (ConfUtils.java:logGet(43)) - raft.server.storage.dir = [/workdir/hadoop-ozone/integration-test/target/test-dir/MiniOzoneClusterImpl-936e8649-2eb0-4b7a-921b-5d2cce332f9c/datanode-6/data/ratis] (custom)
2019-11-13 18:48:12,880 [pool-87-thread-1] INFO  server.RaftServerConfigKeys (ConfUtils.java:logGet(43)) - raft.server.log.corruption.policy = EXCEPTION (default)
2019-11-13 18:48:12,881 [pool-87-thread-1] INFO  storage.RaftStorageDirectory (RaftStorageDirectory.java:analyzeStorage(246)) - The storage directory /workdir/hadoop-ozone/integration-test/target/test-dir/MiniOzoneClusterImpl-936e8649-2eb0-4b7a-921b-5d2cce332f9c/datanode-6/data/ratis/6d6fc1a7-d58f-4122-8915-60d11f530da7 does not exist. Creating ...
2019-11-13 18:48:12,893 [pool-87-thread-1] INFO  storage.RaftStorageDirectory (RaftStorageDirectory.java:tryLock(328)) - Lock on /workdir/hadoop-ozone/integration-test/target/test-dir/MiniOzoneClusterImpl-936e8649-2eb0-4b7a-921b-5d2cce332f9c/datanode-6/data/ratis/6d6fc1a7-d58f-4122-8915-60d11f530da7/in_use.lock acquired by nodename 19542@pr-hdds-1940-7lghg-363871468
2019-11-13 18:48:12,906 [pool-87-thread-1] INFO  storage.RaftStorage (RaftStorage.java:format(84)) - Storage directory /workdir/hadoop-ozone/integration-test/target/test-dir/MiniOzoneClusterImpl-936e8649-2eb0-4b7a-921b-5d2cce332f9c/datanode-6/data/ratis/6d6fc1a7-d58f-4122-8915-60d11f530da7 has been successfully formatted.
2019-11-13 18:48:12,907 [pool-87-thread-1] INFO  ratis.ContainerStateMachine (ContainerStateMachine.java:loadSnapshot(223)) - group-60D11F530DA7: The snapshot info is null. Setting the last applied indexto:(t:0, i:~)
2019-11-13 18:48:12,907 [pool-87-thread-1] INFO  server.RaftServerConfigKeys (ConfUtils.java:logGet(43)) - raft.server.notification.no-leader.timeout = 120s (custom)
2019-11-13 18:48:12,907 [pool-87-thread-1] INFO  server.RaftServerConfigKeys (ConfUtils.java:logGet(43)) - raft.server.log.use.memory = false (default)
2019-11-13 18:48:12,907 [pool-87-thread-1] INFO  server.RaftServerConfigKeys (ConfUtils.java:logGet(43)) - raft.server.log.purge.gap = 1000000 (custom)
2019-11-13 18:48:12,907 [pool-87-thread-1] INFO  server.RaftServerConfigKeys (ConfUtils.java:logGet(43)) - raft.server.log.appender.buffer.byte-limit = 33554432 (custom)
2019-11-13 18:48:12,908 [pool-87-thread-1] INFO  server.RaftServerConfigKeys (ConfUtils.java:logGet(43)) - raft.server.log.segment.size.max = 1048576 (custom)
2019-11-13 18:48:12,908 [pool-87-thread-1] WARN  impl.MetricRegistriesImpl (MetricRegistriesImpl.java:lambda$create$1(61)) - First MetricRegistry has been created without registering reporters. You may need to call MetricRegistries.global().addReportRegistration(...) before.
2019-11-13 18:48:12,908 [pool-87-thread-1] INFO  server.RaftServerConfigKeys (ConfUtils.java:logGet(43)) - raft.server.log.segment.cache.num.max = 2 (custom)
2019-11-13 18:48:12,908 [pool-87-thread-1] INFO  segmented.SegmentedRaftLogWorker (SegmentedRaftLogWorker.java:<init>(173)) - new 302e21ca-1d4a-4b22-bc74-f644a63fc179@group-60D11F530DA7-SegmentedRaftLogWorker for RaftStorage:Storage Directory /workdir/hadoop-ozone/integration-test/target/test-dir/MiniOzoneClusterImpl-936e8649-2eb0-4b7a-921b-5d2cce332f9c/datanode-6/data/ratis/6d6fc1a7-d58f-4122-8915-60d11f530da7
2019-11-13 18:48:12,908 [pool-87-thread-1] INFO  server.RaftServerConfigKeys (ConfUtils.java:logGet(43)) - raft.server.log.queue.byte-limit = 2147483647 (custom)
2019-11-13 18:48:12,908 [pool-87-thread-1] INFO  server.RaftServerConfigKeys (ConfUtils.java:logGet(43)) - raft.server.log.queue.element-limit = 1024 (custom)
2019-11-13 18:48:12,908 [pool-87-thread-1] INFO  server.RaftServerConfigKeys (ConfUtils.java:logGet(43)) - raft.server.log.segment.size.max = 1048576 (custom)
2019-11-13 18:48:12,908 [pool-87-thread-1] INFO  server.RaftServerConfigKeys (ConfUtils.java:logGet(43)) - raft.server.log.preallocated.size = 16384 (custom)
2019-11-13 18:48:12,908 [pool-87-thread-1] INFO  server.RaftServerConfigKeys (ConfUtils.java:logGet(43)) - raft.server.log.write.buffer.size = 33554432 (custom)
2019-11-13 18:48:12,908 [pool-87-thread-1] INFO  server.RaftServerConfigKeys (ConfUtils.java:logGet(43)) - raft.server.log.force.sync.num = 128 (default)
2019-11-13 18:48:12,908 [pool-87-thread-1] INFO  server.RaftServerConfigKeys (ConfUtils.java:logGet(43)) - raft.server.log.statemachine.data.sync = true (default)
2019-11-13 18:48:12,909 [pool-87-thread-1] INFO  server.RaftServerConfigKeys (ConfUtils.java:logGet(43)) - raft.server.log.statemachine.data.sync.timeout = 10s (default)
2019-11-13 18:48:12,909 [pool-87-thread-1] INFO  server.RaftServerConfigKeys (ConfUtils.java:logGet(43)) - raft.server.log.statemachine.data.sync.timeout.retry = -1 (default)
2019-11-13 18:48:12,909 [pool-87-thread-1] INFO  server.RaftServerConfigKeys (ConfUtils.java:logGet(43)) - raft.server.log.statemachine.data.caching.enabled = true (custom)
2019-11-13 18:48:12,910 [pool-87-thread-1] INFO  segmented.SegmentedRaftLogWorker (SegmentedRaftLogWorker.java:lambda$new$0(128)) - 302e21ca-1d4a-4b22-bc74-f644a63fc179@group-60D11F530DA7-SegmentedRaftLogWorker: flushIndex: setUnconditionally 0 -> -1
2019-11-13 18:48:12,910 [pool-87-thread-1] INFO  server.RaftServerConfigKeys (ConfUtils.java:logGet(43)) - raft.server.snapshot.auto.trigger.enabled = true (custom)
2019-11-13 18:48:12,910 [pool-87-thread-1] INFO  server.RaftServerConfigKeys (ConfUtils.java:logGet(43)) - raft.server.snapshot.auto.trigger.threshold = 10000 (custom)
2019-11-13 18:48:12,910 [pool-87-thread-1] INFO  server.RaftServerConfigKeys (ConfUtils.java:logGet(43)) - raft.server.snapshot.retention.file.num = 5 (custom)
2019-11-13 18:48:12,910 [pool-87-thread-1] INFO  server.RaftServerConfigKeys (ConfUtils.java:logGet(43)) - raft.server.retrycache.expirytime = 600000ms (custom)
2019-11-13 18:48:12,911 [pool-87-thread-1] WARN  impl.MetricRegistriesImpl (MetricRegistriesImpl.java:lambda$create$1(61)) - First MetricRegistry has been created without registering reporters. You may need to call MetricRegistries.global().addReportRegistration(...) before.
2019-11-13 18:48:12,911 [pool-87-thread-1] WARN  impl.MetricRegistriesImpl (MetricRegistriesImpl.java:lambda$create$1(61)) - First MetricRegistry has been created without registering reporters. You may need to call MetricRegistries.global().addReportRegistration(...) before.
2019-11-13 18:48:12,911 [pool-87-thread-1] INFO  impl.RaftServerImpl (RaftServerImpl.java:start(184)) - 302e21ca-1d4a-4b22-bc74-f644a63fc179@group-60D11F530DA7: start as a follower, conf=-1: [302e21ca-1d4a-4b22-bc74-f644a63fc179:192.168.164.219:35354], old=null
2019-11-13 18:48:12,911 [pool-87-thread-1] INFO  impl.RaftServerImpl (RaftServerImpl.java:setRole(173)) - 302e21ca-1d4a-4b22-bc74-f644a63fc179@group-60D11F530DA7: changes role from      null to FOLLOWER at term 0 for startAsFollower
2019-11-13 18:48:12,911 [pool-87-thread-1] INFO  impl.RoleInfo (RoleInfo.java:updateAndGet(143)) - 302e21ca-1d4a-4b22-bc74-f644a63fc179: start FollowerState
2019-11-13 18:48:12,912 [pool-87-thread-1] INFO  util.JmxRegister (JmxRegister.java:tryRegister(44)) - Successfully registered JMX Bean with object name Ratis:service=RaftServer,group=group-60D11F530DA7,id=302e21ca-1d4a-4b22-bc74-f644a63fc179
2019-11-13 18:48:12,912 [pool-87-thread-1] WARN  impl.MetricRegistriesImpl (MetricRegistriesImpl.java:lambda$create$1(61)) - First MetricRegistry has been created without registering reporters. You may need to call MetricRegistries.global().addReportRegistration(...) before.
2019-11-13 18:48:12,927 [RatisPipelineUtilsThread] INFO  pipeline.PipelineStateManager (PipelineStateManager.java:addPipeline(55)) - Created pipeline Pipeline[ Id: 6d6fc1a7-d58f-4122-8915-60d11f530da7, Nodes: 302e21ca-1d4a-4b22-bc74-f644a63fc179{ip: 192.168.164.219, host: pr-hdds-1940-7lghg-363871468, networkLocation: /default-rack, certSerialId: null}, Type:RATIS, Factor:ONE, State:ALLOCATED]
2019-11-13 18:48:12,940 [grpc-default-executor-0] INFO  impl.RaftServerProxy (RaftServerProxy.java:addNew(89)) - e8491d14-0d10-4bdc-963d-f0280d0d8b35: addNew group-2E7AC95E5553:[e8491d14-0d10-4bdc-963d-f0280d0d8b35:192.168.164.219:41564] returns group-2E7AC95E5553:java.util.concurrent.CompletableFuture@64424af7[Not completed]
2019-11-13 18:48:12,944 [pool-107-thread-1] INFO  impl.RaftServerImpl (RaftServerImpl.java:<init>(98)) - e8491d14-0d10-4bdc-963d-f0280d0d8b35: new RaftServerImpl for group-2E7AC95E5553:[e8491d14-0d10-4bdc-963d-f0280d0d8b35:192.168.164.219:41564] with ContainerStateMachine:uninitialized
2019-11-13 18:48:12,944 [pool-107-thread-1] INFO  server.RaftServerConfigKeys (ConfUtils.java:logGet(43)) - raft.server.rpc.timeout.min = 1s (custom)
2019-11-13 18:48:12,944 [pool-107-thread-1] INFO  server.RaftServerConfigKeys (ConfUtils.java:logGet(43)) - raft.server.rpc.timeout.max = 1200ms (custom)
2019-11-13 18:48:12,944 [pool-107-thread-1] INFO  server.RaftServerConfigKeys (ConfUtils.java:logGet(43)) - raft.server.rpcslowness.timeout = 120s (custom)
2019-11-13 18:48:12,945 [pool-107-thread-1] INFO  server.RaftServerConfigKeys (ConfUtils.java:logGet(43)) - raft.server.sleep.deviation.threshold = 300 (default)
2019-11-13 18:48:12,945 [pool-107-thread-1] INFO  server.RaftServerConfigKeys (ConfUtils.java:logGet(43)) - raft.server.log.appender.install.snapshot.enabled = false (custom)
2019-11-13 18:48:12,945 [pool-107-thread-1] INFO  impl.RaftServerImpl (ServerState.java:<init>(103)) - e8491d14-0d10-4bdc-963d-f0280d0d8b35@group-2E7AC95E5553: ConfigurationManager, init=-1: [e8491d14-0d10-4bdc-963d-f0280d0d8b35:192.168.164.219:41564], old=null, confs=<EMPTY_MAP>
2019-11-13 18:48:12,945 [pool-107-thread-1] INFO  server.RaftServerConfigKeys (ConfUtils.java:logGet(43)) - raft.server.storage.dir = [/workdir/hadoop-ozone/integration-test/target/test-dir/MiniOzoneClusterImpl-936e8649-2eb0-4b7a-921b-5d2cce332f9c/datanode-8/data/ratis] (custom)
2019-11-13 18:48:12,945 [pool-107-thread-1] INFO  server.RaftServerConfigKeys (ConfUtils.java:logGet(43)) - raft.server.log.corruption.policy = EXCEPTION (default)
2019-11-13 18:48:12,945 [pool-107-thread-1] INFO  storage.RaftStorageDirectory (RaftStorageDirectory.java:analyzeStorage(246)) - The storage directory /workdir/hadoop-ozone/integration-test/target/test-dir/MiniOzoneClusterImpl-936e8649-2eb0-4b7a-921b-5d2cce332f9c/datanode-8/data/ratis/a7958335-975b-4414-a941-2e7ac95e5553 does not exist. Creating ...
2019-11-13 18:48:12,958 [pool-107-thread-1] INFO  storage.RaftStorageDirectory (RaftStorageDirectory.java:tryLock(328)) - Lock on /workdir/hadoop-ozone/integration-test/target/test-dir/MiniOzoneClusterImpl-936e8649-2eb0-4b7a-921b-5d2cce332f9c/datanode-8/data/ratis/a7958335-975b-4414-a941-2e7ac95e5553/in_use.lock acquired by nodename 19542@pr-hdds-1940-7lghg-363871468
2019-11-13 18:48:12,971 [pool-107-thread-1] INFO  storage.RaftStorage (RaftStorage.java:format(84)) - Storage directory /workdir/hadoop-ozone/integration-test/target/test-dir/MiniOzoneClusterImpl-936e8649-2eb0-4b7a-921b-5d2cce332f9c/datanode-8/data/ratis/a7958335-975b-4414-a941-2e7ac95e5553 has been successfully formatted.
2019-11-13 18:48:12,972 [pool-107-thread-1] INFO  ratis.ContainerStateMachine (ContainerStateMachine.java:loadSnapshot(223)) - group-2E7AC95E5553: The snapshot info is null. Setting the last applied indexto:(t:0, i:~)
2019-11-13 18:48:12,972 [pool-107-thread-1] INFO  server.RaftServerConfigKeys (ConfUtils.java:logGet(43)) - raft.server.notification.no-leader.timeout = 120s (custom)
2019-11-13 18:48:12,972 [pool-107-thread-1] INFO  server.RaftServerConfigKeys (ConfUtils.java:logGet(43)) - raft.server.log.use.memory = false (default)
2019-11-13 18:48:12,972 [pool-107-thread-1] INFO  server.RaftServerConfigKeys (ConfUtils.java:logGet(43)) - raft.server.log.purge.gap = 1000000 (custom)
2019-11-13 18:48:12,972 [pool-107-thread-1] INFO  server.RaftServerConfigKeys (ConfUtils.java:logGet(43)) - raft.server.log.appender.buffer.byte-limit = 33554432 (custom)
2019-11-13 18:48:12,972 [pool-107-thread-1] INFO  server.RaftServerConfigKeys (ConfUtils.java:logGet(43)) - raft.server.log.segment.size.max = 1048576 (custom)
2019-11-13 18:48:12,972 [pool-107-thread-1] WARN  impl.MetricRegistriesImpl (MetricRegistriesImpl.java:lambda$create$1(61)) - First MetricRegistry has been created without registering reporters. You may need to call MetricRegistries.global().addReportRegistration(...) before.
2019-11-13 18:48:12,972 [pool-107-thread-1] INFO  server.RaftServerConfigKeys (ConfUtils.java:logGet(43)) - raft.server.log.segment.cache.num.max = 2 (custom)
2019-11-13 18:48:12,973 [pool-107-thread-1] INFO  segmented.SegmentedRaftLogWorker (SegmentedRaftLogWorker.java:<init>(173)) - new e8491d14-0d10-4bdc-963d-f0280d0d8b35@group-2E7AC95E5553-SegmentedRaftLogWorker for RaftStorage:Storage Directory /workdir/hadoop-ozone/integration-test/target/test-dir/MiniOzoneClusterImpl-936e8649-2eb0-4b7a-921b-5d2cce332f9c/datanode-8/data/ratis/a7958335-975b-4414-a941-2e7ac95e5553
2019-11-13 18:48:12,973 [pool-107-thread-1] INFO  server.RaftServerConfigKeys (ConfUtils.java:logGet(43)) - raft.server.log.queue.byte-limit = 2147483647 (custom)
2019-11-13 18:48:12,973 [pool-107-thread-1] INFO  server.RaftServerConfigKeys (ConfUtils.java:logGet(43)) - raft.server.log.queue.element-limit = 1024 (custom)
2019-11-13 18:48:12,973 [pool-107-thread-1] INFO  server.RaftServerConfigKeys (ConfUtils.java:logGet(43)) - raft.server.log.segment.size.max = 1048576 (custom)
2019-11-13 18:48:12,973 [pool-107-thread-1] INFO  server.RaftServerConfigKeys (ConfUtils.java:logGet(43)) - raft.server.log.preallocated.size = 16384 (custom)
2019-11-13 18:48:12,973 [pool-107-thread-1] INFO  server.RaftServerConfigKeys (ConfUtils.java:logGet(43)) - raft.server.log.write.buffer.size = 33554432 (custom)
2019-11-13 18:48:12,973 [pool-107-thread-1] INFO  server.RaftServerConfigKeys (ConfUtils.java:logGet(43)) - raft.server.log.force.sync.num = 128 (default)
2019-11-13 18:48:12,973 [pool-107-thread-1] INFO  server.RaftServerConfigKeys (ConfUtils.java:logGet(43)) - raft.server.log.statemachine.data.sync = true (default)
2019-11-13 18:48:12,973 [pool-107-thread-1] INFO  server.RaftServerConfigKeys (ConfUtils.java:logGet(43)) - raft.server.log.statemachine.data.sync.timeout = 10s (default)
2019-11-13 18:48:12,973 [pool-107-thread-1] INFO  server.RaftServerConfigKeys (ConfUtils.java:logGet(43)) - raft.server.log.statemachine.data.sync.timeout.retry = -1 (default)
2019-11-13 18:48:12,974 [pool-107-thread-1] INFO  server.RaftServerConfigKeys (ConfUtils.java:logGet(43)) - raft.server.log.statemachine.data.caching.enabled = true (custom)
2019-11-13 18:48:12,974 [pool-107-thread-1] INFO  segmented.SegmentedRaftLogWorker (SegmentedRaftLogWorker.java:lambda$new$0(128)) - e8491d14-0d10-4bdc-963d-f0280d0d8b35@group-2E7AC95E5553-SegmentedRaftLogWorker: flushIndex: setUnconditionally 0 -> -1
2019-11-13 18:48:12,974 [pool-107-thread-1] INFO  server.RaftServerConfigKeys (ConfUtils.java:logGet(43)) - raft.server.snapshot.auto.trigger.enabled = true (custom)
2019-11-13 18:48:12,974 [pool-107-thread-1] INFO  server.RaftServerConfigKeys (ConfUtils.java:logGet(43)) - raft.server.snapshot.auto.trigger.threshold = 10000 (custom)
2019-11-13 18:48:12,974 [pool-107-thread-1] INFO  server.RaftServerConfigKeys (ConfUtils.java:logGet(43)) - raft.server.snapshot.retention.file.num = 5 (custom)
2019-11-13 18:48:12,975 [pool-107-thread-1] INFO  server.RaftServerConfigKeys (ConfUtils.java:logGet(43)) - raft.server.retrycache.expirytime = 600000ms (custom)
2019-11-13 18:48:12,975 [pool-107-thread-1] WARN  impl.MetricRegistriesImpl (MetricRegistriesImpl.java:lambda$create$1(61)) - First MetricRegistry has been created without registering reporters. You may need to call MetricRegistries.global().addReportRegistration(...) before.
2019-11-13 18:48:12,975 [pool-107-thread-1] WARN  impl.MetricRegistriesImpl (MetricRegistriesImpl.java:lambda$create$1(61)) - First MetricRegistry has been created without registering reporters. You may need to call MetricRegistries.global().addReportRegistration(...) before.
2019-11-13 18:48:12,975 [pool-107-thread-1] INFO  impl.RaftServerImpl (RaftServerImpl.java:start(184)) - e8491d14-0d10-4bdc-963d-f0280d0d8b35@group-2E7AC95E5553: start as a follower, conf=-1: [e8491d14-0d10-4bdc-963d-f0280d0d8b35:192.168.164.219:41564], old=null
2019-11-13 18:48:12,975 [pool-107-thread-1] INFO  impl.RaftServerImpl (RaftServerImpl.java:setRole(173)) - e8491d14-0d10-4bdc-963d-f0280d0d8b35@group-2E7AC95E5553: changes role from      null to FOLLOWER at term 0 for startAsFollower
2019-11-13 18:48:12,975 [pool-107-thread-1] INFO  impl.RoleInfo (RoleInfo.java:updateAndGet(143)) - e8491d14-0d10-4bdc-963d-f0280d0d8b35: start FollowerState
2019-11-13 18:48:12,976 [pool-107-thread-1] INFO  util.JmxRegister (JmxRegister.java:tryRegister(44)) - Successfully registered JMX Bean with object name Ratis:service=RaftServer,group=group-2E7AC95E5553,id=e8491d14-0d10-4bdc-963d-f0280d0d8b35
2019-11-13 18:48:12,976 [pool-107-thread-1] WARN  impl.MetricRegistriesImpl (MetricRegistriesImpl.java:lambda$create$1(61)) - First MetricRegistry has been created without registering reporters. You may need to call MetricRegistries.global().addReportRegistration(...) before.
2019-11-13 18:48:12,987 [RatisPipelineUtilsThread] INFO  pipeline.PipelineStateManager (PipelineStateManager.java:addPipeline(55)) - Created pipeline Pipeline[ Id: a7958335-975b-4414-a941-2e7ac95e5553, Nodes: e8491d14-0d10-4bdc-963d-f0280d0d8b35{ip: 192.168.164.219, host: pr-hdds-1940-7lghg-363871468, networkLocation: /default-rack, certSerialId: null}, Type:RATIS, Factor:ONE, State:ALLOCATED]
2019-11-13 18:48:13,000 [grpc-default-executor-0] INFO  impl.RaftServerProxy (RaftServerProxy.java:addNew(89)) - cb343498-03c0-425e-a729-2b4f8684daee: addNew group-15009B0F61D7:[cb343498-03c0-425e-a729-2b4f8684daee:192.168.164.219:33301] returns group-15009B0F61D7:java.util.concurrent.CompletableFuture@483e262f[Not completed]
2019-11-13 18:48:13,004 [pool-67-thread-1] INFO  impl.RaftServerImpl (RaftServerImpl.java:<init>(98)) - cb343498-03c0-425e-a729-2b4f8684daee: new RaftServerImpl for group-15009B0F61D7:[cb343498-03c0-425e-a729-2b4f8684daee:192.168.164.219:33301] with ContainerStateMachine:uninitialized
2019-11-13 18:48:13,004 [pool-67-thread-1] INFO  server.RaftServerConfigKeys (ConfUtils.java:logGet(43)) - raft.server.rpc.timeout.min = 1s (custom)
2019-11-13 18:48:13,004 [pool-67-thread-1] INFO  server.RaftServerConfigKeys (ConfUtils.java:logGet(43)) - raft.server.rpc.timeout.max = 1200ms (custom)
2019-11-13 18:48:13,005 [pool-67-thread-1] INFO  server.RaftServerConfigKeys (ConfUtils.java:logGet(43)) - raft.server.rpcslowness.timeout = 120s (custom)
2019-11-13 18:48:13,005 [pool-67-thread-1] INFO  server.RaftServerConfigKeys (ConfUtils.java:logGet(43)) - raft.server.sleep.deviation.threshold = 300 (default)
2019-11-13 18:48:13,005 [pool-67-thread-1] INFO  server.RaftServerConfigKeys (ConfUtils.java:logGet(43)) - raft.server.log.appender.install.snapshot.enabled = false (custom)
2019-11-13 18:48:13,005 [pool-67-thread-1] INFO  impl.RaftServerImpl (ServerState.java:<init>(103)) - cb343498-03c0-425e-a729-2b4f8684daee@group-15009B0F61D7: ConfigurationManager, init=-1: [cb343498-03c0-425e-a729-2b4f8684daee:192.168.164.219:33301], old=null, confs=<EMPTY_MAP>
2019-11-13 18:48:13,005 [pool-67-thread-1] INFO  server.RaftServerConfigKeys (ConfUtils.java:logGet(43)) - raft.server.storage.dir = [/workdir/hadoop-ozone/integration-test/target/test-dir/MiniOzoneClusterImpl-936e8649-2eb0-4b7a-921b-5d2cce332f9c/datanode-4/data/ratis] (custom)
2019-11-13 18:48:13,005 [pool-67-thread-1] INFO  server.RaftServerConfigKeys (ConfUtils.java:logGet(43)) - raft.server.log.corruption.policy = EXCEPTION (default)
2019-11-13 18:48:13,006 [pool-67-thread-1] INFO  storage.RaftStorageDirectory (RaftStorageDirectory.java:analyzeStorage(246)) - The storage directory /workdir/hadoop-ozone/integration-test/target/test-dir/MiniOzoneClusterImpl-936e8649-2eb0-4b7a-921b-5d2cce332f9c/datanode-4/data/ratis/da79178e-a12a-4712-a813-15009b0f61d7 does not exist. Creating ...
2019-11-13 18:48:13,018 [pool-67-thread-1] INFO  storage.RaftStorageDirectory (RaftStorageDirectory.java:tryLock(328)) - Lock on /workdir/hadoop-ozone/integration-test/target/test-dir/MiniOzoneClusterImpl-936e8649-2eb0-4b7a-921b-5d2cce332f9c/datanode-4/data/ratis/da79178e-a12a-4712-a813-15009b0f61d7/in_use.lock acquired by nodename 19542@pr-hdds-1940-7lghg-363871468
2019-11-13 18:48:13,031 [pool-67-thread-1] INFO  storage.RaftStorage (RaftStorage.java:format(84)) - Storage directory /workdir/hadoop-ozone/integration-test/target/test-dir/MiniOzoneClusterImpl-936e8649-2eb0-4b7a-921b-5d2cce332f9c/datanode-4/data/ratis/da79178e-a12a-4712-a813-15009b0f61d7 has been successfully formatted.
2019-11-13 18:48:13,031 [pool-67-thread-1] INFO  ratis.ContainerStateMachine (ContainerStateMachine.java:loadSnapshot(223)) - group-15009B0F61D7: The snapshot info is null. Setting the last applied indexto:(t:0, i:~)
2019-11-13 18:48:13,031 [pool-67-thread-1] INFO  server.RaftServerConfigKeys (ConfUtils.java:logGet(43)) - raft.server.notification.no-leader.timeout = 120s (custom)
2019-11-13 18:48:13,031 [pool-67-thread-1] INFO  server.RaftServerConfigKeys (ConfUtils.java:logGet(43)) - raft.server.log.use.memory = false (default)
2019-11-13 18:48:13,032 [pool-67-thread-1] INFO  server.RaftServerConfigKeys (ConfUtils.java:logGet(43)) - raft.server.log.purge.gap = 1000000 (custom)
2019-11-13 18:48:13,032 [pool-67-thread-1] INFO  server.RaftServerConfigKeys (ConfUtils.java:logGet(43)) - raft.server.log.appender.buffer.byte-limit = 33554432 (custom)
2019-11-13 18:48:13,032 [pool-67-thread-1] INFO  server.RaftServerConfigKeys (ConfUtils.java:logGet(43)) - raft.server.log.segment.size.max = 1048576 (custom)
2019-11-13 18:48:13,032 [pool-67-thread-1] WARN  impl.MetricRegistriesImpl (MetricRegistriesImpl.java:lambda$create$1(61)) - First MetricRegistry has been created without registering reporters. You may need to call MetricRegistries.global().addReportRegistration(...) before.
2019-11-13 18:48:13,032 [pool-67-thread-1] INFO  server.RaftServerConfigKeys (ConfUtils.java:logGet(43)) - raft.server.log.segment.cache.num.max = 2 (custom)
2019-11-13 18:48:13,032 [pool-67-thread-1] INFO  segmented.SegmentedRaftLogWorker (SegmentedRaftLogWorker.java:<init>(173)) - new cb343498-03c0-425e-a729-2b4f8684daee@group-15009B0F61D7-SegmentedRaftLogWorker for RaftStorage:Storage Directory /workdir/hadoop-ozone/integration-test/target/test-dir/MiniOzoneClusterImpl-936e8649-2eb0-4b7a-921b-5d2cce332f9c/datanode-4/data/ratis/da79178e-a12a-4712-a813-15009b0f61d7
2019-11-13 18:48:13,033 [pool-67-thread-1] INFO  server.RaftServerConfigKeys (ConfUtils.java:logGet(43)) - raft.server.log.queue.byte-limit = 2147483647 (custom)
2019-11-13 18:48:13,033 [pool-67-thread-1] INFO  server.RaftServerConfigKeys (ConfUtils.java:logGet(43)) - raft.server.log.queue.element-limit = 1024 (custom)
2019-11-13 18:48:13,033 [pool-67-thread-1] INFO  server.RaftServerConfigKeys (ConfUtils.java:logGet(43)) - raft.server.log.segment.size.max = 1048576 (custom)
2019-11-13 18:48:13,033 [pool-67-thread-1] INFO  server.RaftServerConfigKeys (ConfUtils.java:logGet(43)) - raft.server.log.preallocated.size = 16384 (custom)
2019-11-13 18:48:13,033 [pool-67-thread-1] INFO  server.RaftServerConfigKeys (ConfUtils.java:logGet(43)) - raft.server.log.write.buffer.size = 33554432 (custom)
2019-11-13 18:48:13,033 [pool-67-thread-1] INFO  server.RaftServerConfigKeys (ConfUtils.java:logGet(43)) - raft.server.log.force.sync.num = 128 (default)
2019-11-13 18:48:13,033 [pool-67-thread-1] INFO  server.RaftServerConfigKeys (ConfUtils.java:logGet(43)) - raft.server.log.statemachine.data.sync = true (default)
2019-11-13 18:48:13,033 [pool-67-thread-1] INFO  server.RaftServerConfigKeys (ConfUtils.java:logGet(43)) - raft.server.log.statemachine.data.sync.timeout = 10s (default)
2019-11-13 18:48:13,034 [pool-67-thread-1] INFO  server.RaftServerConfigKeys (ConfUtils.java:logGet(43)) - raft.server.log.statemachine.data.sync.timeout.retry = -1 (default)
2019-11-13 18:48:13,034 [pool-67-thread-1] INFO  server.RaftServerConfigKeys (ConfUtils.java:logGet(43)) - raft.server.log.statemachine.data.caching.enabled = true (custom)
2019-11-13 18:48:13,034 [pool-67-thread-1] INFO  segmented.SegmentedRaftLogWorker (SegmentedRaftLogWorker.java:lambda$new$0(128)) - cb343498-03c0-425e-a729-2b4f8684daee@group-15009B0F61D7-SegmentedRaftLogWorker: flushIndex: setUnconditionally 0 -> -1
2019-11-13 18:48:13,035 [pool-67-thread-1] INFO  server.RaftServerConfigKeys (ConfUtils.java:logGet(43)) - raft.server.snapshot.auto.trigger.enabled = true (custom)
2019-11-13 18:48:13,035 [pool-67-thread-1] INFO  server.RaftServerConfigKeys (ConfUtils.java:logGet(43)) - raft.server.snapshot.auto.trigger.threshold = 10000 (custom)
2019-11-13 18:48:13,035 [pool-67-thread-1] INFO  server.RaftServerConfigKeys (ConfUtils.java:logGet(43)) - raft.server.snapshot.retention.file.num = 5 (custom)
2019-11-13 18:48:13,035 [pool-67-thread-1] INFO  server.RaftServerConfigKeys (ConfUtils.java:logGet(43)) - raft.server.retrycache.expirytime = 600000ms (custom)
2019-11-13 18:48:13,035 [pool-67-thread-1] WARN  impl.MetricRegistriesImpl (MetricRegistriesImpl.java:lambda$create$1(61)) - First MetricRegistry has been created without registering reporters. You may need to call MetricRegistries.global().addReportRegistration(...) before.
2019-11-13 18:48:13,035 [pool-67-thread-1] WARN  impl.MetricRegistriesImpl (MetricRegistriesImpl.java:lambda$create$1(61)) - First MetricRegistry has been created without registering reporters. You may need to call MetricRegistries.global().addReportRegistration(...) before.
2019-11-13 18:48:13,036 [pool-67-thread-1] INFO  impl.RaftServerImpl (RaftServerImpl.java:start(184)) - cb343498-03c0-425e-a729-2b4f8684daee@group-15009B0F61D7: start as a follower, conf=-1: [cb343498-03c0-425e-a729-2b4f8684daee:192.168.164.219:33301], old=null
2019-11-13 18:48:13,036 [pool-67-thread-1] INFO  impl.RaftServerImpl (RaftServerImpl.java:setRole(173)) - cb343498-03c0-425e-a729-2b4f8684daee@group-15009B0F61D7: changes role from      null to FOLLOWER at term 0 for startAsFollower
2019-11-13 18:48:13,036 [pool-67-thread-1] INFO  impl.RoleInfo (RoleInfo.java:updateAndGet(143)) - cb343498-03c0-425e-a729-2b4f8684daee: start FollowerState
2019-11-13 18:48:13,037 [pool-67-thread-1] INFO  util.JmxRegister (JmxRegister.java:tryRegister(44)) - Successfully registered JMX Bean with object name Ratis:service=RaftServer,group=group-15009B0F61D7,id=cb343498-03c0-425e-a729-2b4f8684daee
2019-11-13 18:48:13,037 [pool-67-thread-1] WARN  impl.MetricRegistriesImpl (MetricRegistriesImpl.java:lambda$create$1(61)) - First MetricRegistry has been created without registering reporters. You may need to call MetricRegistries.global().addReportRegistration(...) before.
2019-11-13 18:48:13,047 [RatisPipelineUtilsThread] INFO  pipeline.PipelineStateManager (PipelineStateManager.java:addPipeline(55)) - Created pipeline Pipeline[ Id: da79178e-a12a-4712-a813-15009b0f61d7, Nodes: cb343498-03c0-425e-a729-2b4f8684daee{ip: 192.168.164.219, host: pr-hdds-1940-7lghg-363871468, networkLocation: /default-rack, certSerialId: null}, Type:RATIS, Factor:ONE, State:ALLOCATED]
2019-11-13 18:48:13,064 [grpc-default-executor-0] INFO  impl.RaftServerProxy (RaftServerProxy.java:addNew(89)) - dc8ab455-7be4-4b62-9320-5f4e855ec266: addNew group-89B323F57D7E:[dc8ab455-7be4-4b62-9320-5f4e855ec266:192.168.164.219:46852] returns group-89B323F57D7E:java.util.concurrent.CompletableFuture@601d5cb[Not completed]
2019-11-13 18:48:13,067 [pool-37-thread-1] INFO  impl.RaftServerImpl (RaftServerImpl.java:<init>(98)) - dc8ab455-7be4-4b62-9320-5f4e855ec266: new RaftServerImpl for group-89B323F57D7E:[dc8ab455-7be4-4b62-9320-5f4e855ec266:192.168.164.219:46852] with ContainerStateMachine:uninitialized
2019-11-13 18:48:13,067 [pool-37-thread-1] INFO  server.RaftServerConfigKeys (ConfUtils.java:logGet(43)) - raft.server.rpc.timeout.min = 1s (custom)
2019-11-13 18:48:13,067 [pool-37-thread-1] INFO  server.RaftServerConfigKeys (ConfUtils.java:logGet(43)) - raft.server.rpc.timeout.max = 1200ms (custom)
2019-11-13 18:48:13,067 [pool-37-thread-1] INFO  server.RaftServerConfigKeys (ConfUtils.java:logGet(43)) - raft.server.rpcslowness.timeout = 120s (custom)
2019-11-13 18:48:13,067 [pool-37-thread-1] INFO  server.RaftServerConfigKeys (ConfUtils.java:logGet(43)) - raft.server.sleep.deviation.threshold = 300 (default)
2019-11-13 18:48:13,067 [pool-37-thread-1] INFO  server.RaftServerConfigKeys (ConfUtils.java:logGet(43)) - raft.server.log.appender.install.snapshot.enabled = false (custom)
2019-11-13 18:48:13,067 [pool-37-thread-1] INFO  impl.RaftServerImpl (ServerState.java:<init>(103)) - dc8ab455-7be4-4b62-9320-5f4e855ec266@group-89B323F57D7E: ConfigurationManager, init=-1: [dc8ab455-7be4-4b62-9320-5f4e855ec266:192.168.164.219:46852], old=null, confs=<EMPTY_MAP>
2019-11-13 18:48:13,067 [pool-37-thread-1] INFO  server.RaftServerConfigKeys (ConfUtils.java:logGet(43)) - raft.server.storage.dir = [/workdir/hadoop-ozone/integration-test/target/test-dir/MiniOzoneClusterImpl-936e8649-2eb0-4b7a-921b-5d2cce332f9c/datanode-1/data/ratis] (custom)
2019-11-13 18:48:13,068 [pool-37-thread-1] INFO  server.RaftServerConfigKeys (ConfUtils.java:logGet(43)) - raft.server.log.corruption.policy = EXCEPTION (default)
2019-11-13 18:48:13,068 [pool-37-thread-1] INFO  storage.RaftStorageDirectory (RaftStorageDirectory.java:analyzeStorage(246)) - The storage directory /workdir/hadoop-ozone/integration-test/target/test-dir/MiniOzoneClusterImpl-936e8649-2eb0-4b7a-921b-5d2cce332f9c/datanode-1/data/ratis/87da36ff-815f-42ad-82ea-89b323f57d7e does not exist. Creating ...
2019-11-13 18:48:13,081 [pool-37-thread-1] INFO  storage.RaftStorageDirectory (RaftStorageDirectory.java:tryLock(328)) - Lock on /workdir/hadoop-ozone/integration-test/target/test-dir/MiniOzoneClusterImpl-936e8649-2eb0-4b7a-921b-5d2cce332f9c/datanode-1/data/ratis/87da36ff-815f-42ad-82ea-89b323f57d7e/in_use.lock acquired by nodename 19542@pr-hdds-1940-7lghg-363871468
2019-11-13 18:48:13,100 [pool-37-thread-1] INFO  storage.RaftStorage (RaftStorage.java:format(84)) - Storage directory /workdir/hadoop-ozone/integration-test/target/test-dir/MiniOzoneClusterImpl-936e8649-2eb0-4b7a-921b-5d2cce332f9c/datanode-1/data/ratis/87da36ff-815f-42ad-82ea-89b323f57d7e has been successfully formatted.
2019-11-13 18:48:13,100 [pool-37-thread-1] INFO  ratis.ContainerStateMachine (ContainerStateMachine.java:loadSnapshot(223)) - group-89B323F57D7E: The snapshot info is null. Setting the last applied indexto:(t:0, i:~)
2019-11-13 18:48:13,100 [pool-37-thread-1] INFO  server.RaftServerConfigKeys (ConfUtils.java:logGet(43)) - raft.server.notification.no-leader.timeout = 120s (custom)
2019-11-13 18:48:13,100 [pool-37-thread-1] INFO  server.RaftServerConfigKeys (ConfUtils.java:logGet(43)) - raft.server.log.use.memory = false (default)
2019-11-13 18:48:13,101 [pool-37-thread-1] INFO  server.RaftServerConfigKeys (ConfUtils.java:logGet(43)) - raft.server.log.purge.gap = 1000000 (custom)
2019-11-13 18:48:13,101 [pool-37-thread-1] INFO  server.RaftServerConfigKeys (ConfUtils.java:logGet(43)) - raft.server.log.appender.buffer.byte-limit = 33554432 (custom)
2019-11-13 18:48:13,101 [pool-37-thread-1] INFO  server.RaftServerConfigKeys (ConfUtils.java:logGet(43)) - raft.server.log.segment.size.max = 1048576 (custom)
2019-11-13 18:48:13,101 [pool-37-thread-1] WARN  impl.MetricRegistriesImpl (MetricRegistriesImpl.java:lambda$create$1(61)) - First MetricRegistry has been created without registering reporters. You may need to call MetricRegistries.global().addReportRegistration(...) before.
2019-11-13 18:48:13,101 [pool-37-thread-1] INFO  server.RaftServerConfigKeys (ConfUtils.java:logGet(43)) - raft.server.log.segment.cache.num.max = 2 (custom)
2019-11-13 18:48:13,101 [pool-37-thread-1] INFO  segmented.SegmentedRaftLogWorker (SegmentedRaftLogWorker.java:<init>(173)) - new dc8ab455-7be4-4b62-9320-5f4e855ec266@group-89B323F57D7E-SegmentedRaftLogWorker for RaftStorage:Storage Directory /workdir/hadoop-ozone/integration-test/target/test-dir/MiniOzoneClusterImpl-936e8649-2eb0-4b7a-921b-5d2cce332f9c/datanode-1/data/ratis/87da36ff-815f-42ad-82ea-89b323f57d7e
2019-11-13 18:48:13,101 [pool-37-thread-1] INFO  server.RaftServerConfigKeys (ConfUtils.java:logGet(43)) - raft.server.log.queue.byte-limit = 2147483647 (custom)
2019-11-13 18:48:13,101 [pool-37-thread-1] INFO  server.RaftServerConfigKeys (ConfUtils.java:logGet(43)) - raft.server.log.queue.element-limit = 1024 (custom)
2019-11-13 18:48:13,101 [pool-37-thread-1] INFO  server.RaftServerConfigKeys (ConfUtils.java:logGet(43)) - raft.server.log.segment.size.max = 1048576 (custom)
2019-11-13 18:48:13,101 [pool-37-thread-1] INFO  server.RaftServerConfigKeys (ConfUtils.java:logGet(43)) - raft.server.log.preallocated.size = 16384 (custom)
2019-11-13 18:48:13,101 [pool-37-thread-1] INFO  server.RaftServerConfigKeys (ConfUtils.java:logGet(43)) - raft.server.log.write.buffer.size = 33554432 (custom)
2019-11-13 18:48:13,102 [pool-37-thread-1] INFO  server.RaftServerConfigKeys (ConfUtils.java:logGet(43)) - raft.server.log.force.sync.num = 128 (default)
2019-11-13 18:48:13,102 [pool-37-thread-1] INFO  server.RaftServerConfigKeys (ConfUtils.java:logGet(43)) - raft.server.log.statemachine.data.sync = true (default)
2019-11-13 18:48:13,102 [pool-37-thread-1] INFO  server.RaftServerConfigKeys (ConfUtils.java:logGet(43)) - raft.server.log.statemachine.data.sync.timeout = 10s (default)
2019-11-13 18:48:13,102 [pool-37-thread-1] INFO  server.RaftServerConfigKeys (ConfUtils.java:logGet(43)) - raft.server.log.statemachine.data.sync.timeout.retry = -1 (default)
2019-11-13 18:48:13,102 [pool-37-thread-1] INFO  server.RaftServerConfigKeys (ConfUtils.java:logGet(43)) - raft.server.log.statemachine.data.caching.enabled = true (custom)
2019-11-13 18:48:13,102 [pool-37-thread-1] INFO  segmented.SegmentedRaftLogWorker (SegmentedRaftLogWorker.java:lambda$new$0(128)) - dc8ab455-7be4-4b62-9320-5f4e855ec266@group-89B323F57D7E-SegmentedRaftLogWorker: flushIndex: setUnconditionally 0 -> -1
2019-11-13 18:48:13,103 [pool-37-thread-1] INFO  server.RaftServerConfigKeys (ConfUtils.java:logGet(43)) - raft.server.snapshot.auto.trigger.enabled = true (custom)
2019-11-13 18:48:13,103 [pool-37-thread-1] INFO  server.RaftServerConfigKeys (ConfUtils.java:logGet(43)) - raft.server.snapshot.auto.trigger.threshold = 10000 (custom)
2019-11-13 18:48:13,103 [pool-37-thread-1] INFO  server.RaftServerConfigKeys (ConfUtils.java:logGet(43)) - raft.server.snapshot.retention.file.num = 5 (custom)
2019-11-13 18:48:13,103 [pool-37-thread-1] INFO  server.RaftServerConfigKeys (ConfUtils.java:logGet(43)) - raft.server.retrycache.expirytime = 600000ms (custom)
2019-11-13 18:48:13,103 [pool-37-thread-1] WARN  impl.MetricRegistriesImpl (MetricRegistriesImpl.java:lambda$create$1(61)) - First MetricRegistry has been created without registering reporters. You may need to call MetricRegistries.global().addReportRegistration(...) before.
2019-11-13 18:48:13,103 [pool-37-thread-1] WARN  impl.MetricRegistriesImpl (MetricRegistriesImpl.java:lambda$create$1(61)) - First MetricRegistry has been created without registering reporters. You may need to call MetricRegistries.global().addReportRegistration(...) before.
2019-11-13 18:48:13,103 [pool-37-thread-1] INFO  impl.RaftServerImpl (RaftServerImpl.java:start(184)) - dc8ab455-7be4-4b62-9320-5f4e855ec266@group-89B323F57D7E: start as a follower, conf=-1: [dc8ab455-7be4-4b62-9320-5f4e855ec266:192.168.164.219:46852], old=null
2019-11-13 18:48:13,103 [pool-37-thread-1] INFO  impl.RaftServerImpl (RaftServerImpl.java:setRole(173)) - dc8ab455-7be4-4b62-9320-5f4e855ec266@group-89B323F57D7E: changes role from      null to FOLLOWER at term 0 for startAsFollower
2019-11-13 18:48:13,104 [pool-37-thread-1] INFO  impl.RoleInfo (RoleInfo.java:updateAndGet(143)) - dc8ab455-7be4-4b62-9320-5f4e855ec266: start FollowerState
2019-11-13 18:48:13,104 [pool-37-thread-1] INFO  util.JmxRegister (JmxRegister.java:tryRegister(44)) - Successfully registered JMX Bean with object name Ratis:service=RaftServer,group=group-89B323F57D7E,id=dc8ab455-7be4-4b62-9320-5f4e855ec266
2019-11-13 18:48:13,104 [pool-37-thread-1] WARN  impl.MetricRegistriesImpl (MetricRegistriesImpl.java:lambda$create$1(61)) - First MetricRegistry has been created without registering reporters. You may need to call MetricRegistries.global().addReportRegistration(...) before.
2019-11-13 18:48:13,113 [RatisPipelineUtilsThread] INFO  pipeline.PipelineStateManager (PipelineStateManager.java:addPipeline(55)) - Created pipeline Pipeline[ Id: 87da36ff-815f-42ad-82ea-89b323f57d7e, Nodes: dc8ab455-7be4-4b62-9320-5f4e855ec266{ip: 192.168.164.219, host: pr-hdds-1940-7lghg-363871468, networkLocation: /default-rack, certSerialId: null}, Type:RATIS, Factor:ONE, State:ALLOCATED]
2019-11-13 18:48:13,231 [grpc-default-executor-0] INFO  impl.RaftServerProxy (RaftServerProxy.java:addNew(89)) - 19b56e57-c404-4271-b4fe-c6c2e842ae91: addNew group-2AD66A413E88:[9582de44-b510-4bf6-b692-b66075a27588:192.168.164.219:46083, 9ee498fb-dbd1-4b89-b28c-40ca18800c49:192.168.164.219:36915, 19b56e57-c404-4271-b4fe-c6c2e842ae91:192.168.164.219:41012] returns group-2AD66A413E88:java.util.concurrent.CompletableFuture@6ffb2f01[Not completed]
2019-11-13 18:48:13,231 [grpc-default-executor-2] INFO  impl.RaftServerProxy (RaftServerProxy.java:addNew(89)) - 9582de44-b510-4bf6-b692-b66075a27588: addNew group-2AD66A413E88:[9582de44-b510-4bf6-b692-b66075a27588:192.168.164.219:46083, 9ee498fb-dbd1-4b89-b28c-40ca18800c49:192.168.164.219:36915, 19b56e57-c404-4271-b4fe-c6c2e842ae91:192.168.164.219:41012] returns group-2AD66A413E88:java.util.concurrent.CompletableFuture@325e9fca[Not completed]
2019-11-13 18:48:13,231 [grpc-default-executor-1] INFO  impl.RaftServerProxy (RaftServerProxy.java:addNew(89)) - 9ee498fb-dbd1-4b89-b28c-40ca18800c49: addNew group-2AD66A413E88:[9582de44-b510-4bf6-b692-b66075a27588:192.168.164.219:46083, 9ee498fb-dbd1-4b89-b28c-40ca18800c49:192.168.164.219:36915, 19b56e57-c404-4271-b4fe-c6c2e842ae91:192.168.164.219:41012] returns group-2AD66A413E88:java.util.concurrent.CompletableFuture@186a2154[Not completed]
2019-11-13 18:48:13,233 [pool-57-thread-1] INFO  impl.RaftServerImpl (RaftServerImpl.java:<init>(98)) - 9582de44-b510-4bf6-b692-b66075a27588: new RaftServerImpl for group-2AD66A413E88:[9582de44-b510-4bf6-b692-b66075a27588:192.168.164.219:46083, 9ee498fb-dbd1-4b89-b28c-40ca18800c49:192.168.164.219:36915, 19b56e57-c404-4271-b4fe-c6c2e842ae91:192.168.164.219:41012] with ContainerStateMachine:uninitialized
2019-11-13 18:48:13,233 [pool-57-thread-1] INFO  server.RaftServerConfigKeys (ConfUtils.java:logGet(43)) - raft.server.rpc.timeout.min = 1s (custom)
2019-11-13 18:48:13,233 [pool-57-thread-1] INFO  server.RaftServerConfigKeys (ConfUtils.java:logGet(43)) - raft.server.rpc.timeout.max = 1200ms (custom)
2019-11-13 18:48:13,233 [pool-57-thread-1] INFO  server.RaftServerConfigKeys (ConfUtils.java:logGet(43)) - raft.server.rpcslowness.timeout = 120s (custom)
2019-11-13 18:48:13,233 [pool-57-thread-1] INFO  server.RaftServerConfigKeys (ConfUtils.java:logGet(43)) - raft.server.sleep.deviation.threshold = 300 (default)
2019-11-13 18:48:13,233 [pool-57-thread-1] INFO  server.RaftServerConfigKeys (ConfUtils.java:logGet(43)) - raft.server.log.appender.install.snapshot.enabled = false (custom)
2019-11-13 18:48:13,233 [pool-57-thread-1] INFO  impl.RaftServerImpl (ServerState.java:<init>(103)) - 9582de44-b510-4bf6-b692-b66075a27588@group-2AD66A413E88: ConfigurationManager, init=-1: [9582de44-b510-4bf6-b692-b66075a27588:192.168.164.219:46083, 9ee498fb-dbd1-4b89-b28c-40ca18800c49:192.168.164.219:36915, 19b56e57-c404-4271-b4fe-c6c2e842ae91:192.168.164.219:41012], old=null, confs=<EMPTY_MAP>
2019-11-13 18:48:13,234 [pool-57-thread-1] INFO  server.RaftServerConfigKeys (ConfUtils.java:logGet(43)) - raft.server.storage.dir = [/workdir/hadoop-ozone/integration-test/target/test-dir/MiniOzoneClusterImpl-936e8649-2eb0-4b7a-921b-5d2cce332f9c/datanode-3/data/ratis] (custom)
2019-11-13 18:48:13,234 [pool-57-thread-1] INFO  server.RaftServerConfigKeys (ConfUtils.java:logGet(43)) - raft.server.log.corruption.policy = EXCEPTION (default)
2019-11-13 18:48:13,234 [pool-47-thread-1] INFO  impl.RaftServerImpl (RaftServerImpl.java:<init>(98)) - 19b56e57-c404-4271-b4fe-c6c2e842ae91: new RaftServerImpl for group-2AD66A413E88:[9582de44-b510-4bf6-b692-b66075a27588:192.168.164.219:46083, 9ee498fb-dbd1-4b89-b28c-40ca18800c49:192.168.164.219:36915, 19b56e57-c404-4271-b4fe-c6c2e842ae91:192.168.164.219:41012] with ContainerStateMachine:uninitialized
2019-11-13 18:48:13,234 [pool-57-thread-1] INFO  storage.RaftStorageDirectory (RaftStorageDirectory.java:analyzeStorage(246)) - The storage directory /workdir/hadoop-ozone/integration-test/target/test-dir/MiniOzoneClusterImpl-936e8649-2eb0-4b7a-921b-5d2cce332f9c/datanode-3/data/ratis/f524de77-2762-44a4-bdc2-2ad66a413e88 does not exist. Creating ...
2019-11-13 18:48:13,234 [pool-47-thread-1] INFO  server.RaftServerConfigKeys (ConfUtils.java:logGet(43)) - raft.server.rpc.timeout.min = 1s (custom)
2019-11-13 18:48:13,234 [pool-47-thread-1] INFO  server.RaftServerConfigKeys (ConfUtils.java:logGet(43)) - raft.server.rpc.timeout.max = 1200ms (custom)
2019-11-13 18:48:13,235 [pool-47-thread-1] INFO  server.RaftServerConfigKeys (ConfUtils.java:logGet(43)) - raft.server.rpcslowness.timeout = 120s (custom)
2019-11-13 18:48:13,235 [pool-47-thread-1] INFO  server.RaftServerConfigKeys (ConfUtils.java:logGet(43)) - raft.server.sleep.deviation.threshold = 300 (default)
2019-11-13 18:48:13,235 [pool-47-thread-1] INFO  server.RaftServerConfigKeys (ConfUtils.java:logGet(43)) - raft.server.log.appender.install.snapshot.enabled = false (custom)
2019-11-13 18:48:13,235 [pool-97-thread-1] INFO  impl.RaftServerImpl (RaftServerImpl.java:<init>(98)) - 9ee498fb-dbd1-4b89-b28c-40ca18800c49: new RaftServerImpl for group-2AD66A413E88:[9582de44-b510-4bf6-b692-b66075a27588:192.168.164.219:46083, 9ee498fb-dbd1-4b89-b28c-40ca18800c49:192.168.164.219:36915, 19b56e57-c404-4271-b4fe-c6c2e842ae91:192.168.164.219:41012] with ContainerStateMachine:uninitialized
2019-11-13 18:48:13,235 [pool-47-thread-1] INFO  impl.RaftServerImpl (ServerState.java:<init>(103)) - 19b56e57-c404-4271-b4fe-c6c2e842ae91@group-2AD66A413E88: ConfigurationManager, init=-1: [9582de44-b510-4bf6-b692-b66075a27588:192.168.164.219:46083, 9ee498fb-dbd1-4b89-b28c-40ca18800c49:192.168.164.219:36915, 19b56e57-c404-4271-b4fe-c6c2e842ae91:192.168.164.219:41012], old=null, confs=<EMPTY_MAP>
2019-11-13 18:48:13,235 [pool-97-thread-1] INFO  server.RaftServerConfigKeys (ConfUtils.java:logGet(43)) - raft.server.rpc.timeout.min = 1s (custom)
2019-11-13 18:48:13,235 [pool-97-thread-1] INFO  server.RaftServerConfigKeys (ConfUtils.java:logGet(43)) - raft.server.rpc.timeout.max = 1200ms (custom)
2019-11-13 18:48:13,235 [pool-47-thread-1] INFO  server.RaftServerConfigKeys (ConfUtils.java:logGet(43)) - raft.server.storage.dir = [/workdir/hadoop-ozone/integration-test/target/test-dir/MiniOzoneClusterImpl-936e8649-2eb0-4b7a-921b-5d2cce332f9c/datanode-2/data/ratis] (custom)
2019-11-13 18:48:13,235 [pool-97-thread-1] INFO  server.RaftServerConfigKeys (ConfUtils.java:logGet(43)) - raft.server.rpcslowness.timeout = 120s (custom)
2019-11-13 18:48:13,236 [pool-97-thread-1] INFO  server.RaftServerConfigKeys (ConfUtils.java:logGet(43)) - raft.server.sleep.deviation.threshold = 300 (default)
2019-11-13 18:48:13,236 [pool-97-thread-1] INFO  server.RaftServerConfigKeys (ConfUtils.java:logGet(43)) - raft.server.log.appender.install.snapshot.enabled = false (custom)
2019-11-13 18:48:13,236 [pool-47-thread-1] INFO  server.RaftServerConfigKeys (ConfUtils.java:logGet(43)) - raft.server.log.corruption.policy = EXCEPTION (default)
2019-11-13 18:48:13,236 [pool-97-thread-1] INFO  impl.RaftServerImpl (ServerState.java:<init>(103)) - 9ee498fb-dbd1-4b89-b28c-40ca18800c49@group-2AD66A413E88: ConfigurationManager, init=-1: [9582de44-b510-4bf6-b692-b66075a27588:192.168.164.219:46083, 9ee498fb-dbd1-4b89-b28c-40ca18800c49:192.168.164.219:36915, 19b56e57-c404-4271-b4fe-c6c2e842ae91:192.168.164.219:41012], old=null, confs=<EMPTY_MAP>
2019-11-13 18:48:13,236 [pool-47-thread-1] INFO  storage.RaftStorageDirectory (RaftStorageDirectory.java:analyzeStorage(246)) - The storage directory /workdir/hadoop-ozone/integration-test/target/test-dir/MiniOzoneClusterImpl-936e8649-2eb0-4b7a-921b-5d2cce332f9c/datanode-2/data/ratis/f524de77-2762-44a4-bdc2-2ad66a413e88 does not exist. Creating ...
2019-11-13 18:48:13,236 [pool-97-thread-1] INFO  server.RaftServerConfigKeys (ConfUtils.java:logGet(43)) - raft.server.storage.dir = [/workdir/hadoop-ozone/integration-test/target/test-dir/MiniOzoneClusterImpl-936e8649-2eb0-4b7a-921b-5d2cce332f9c/datanode-7/data/ratis] (custom)
2019-11-13 18:48:13,236 [pool-97-thread-1] INFO  server.RaftServerConfigKeys (ConfUtils.java:logGet(43)) - raft.server.log.corruption.policy = EXCEPTION (default)
2019-11-13 18:48:13,236 [pool-97-thread-1] INFO  storage.RaftStorageDirectory (RaftStorageDirectory.java:analyzeStorage(246)) - The storage directory /workdir/hadoop-ozone/integration-test/target/test-dir/MiniOzoneClusterImpl-936e8649-2eb0-4b7a-921b-5d2cce332f9c/datanode-7/data/ratis/f524de77-2762-44a4-bdc2-2ad66a413e88 does not exist. Creating ...
2019-11-13 18:48:13,248 [pool-47-thread-1] INFO  storage.RaftStorageDirectory (RaftStorageDirectory.java:tryLock(328)) - Lock on /workdir/hadoop-ozone/integration-test/target/test-dir/MiniOzoneClusterImpl-936e8649-2eb0-4b7a-921b-5d2cce332f9c/datanode-2/data/ratis/f524de77-2762-44a4-bdc2-2ad66a413e88/in_use.lock acquired by nodename 19542@pr-hdds-1940-7lghg-363871468
2019-11-13 18:48:13,248 [pool-97-thread-1] INFO  storage.RaftStorageDirectory (RaftStorageDirectory.java:tryLock(328)) - Lock on /workdir/hadoop-ozone/integration-test/target/test-dir/MiniOzoneClusterImpl-936e8649-2eb0-4b7a-921b-5d2cce332f9c/datanode-7/data/ratis/f524de77-2762-44a4-bdc2-2ad66a413e88/in_use.lock acquired by nodename 19542@pr-hdds-1940-7lghg-363871468
2019-11-13 18:48:13,248 [pool-57-thread-1] INFO  storage.RaftStorageDirectory (RaftStorageDirectory.java:tryLock(328)) - Lock on /workdir/hadoop-ozone/integration-test/target/test-dir/MiniOzoneClusterImpl-936e8649-2eb0-4b7a-921b-5d2cce332f9c/datanode-3/data/ratis/f524de77-2762-44a4-bdc2-2ad66a413e88/in_use.lock acquired by nodename 19542@pr-hdds-1940-7lghg-363871468
2019-11-13 18:48:13,262 [pool-57-thread-1] INFO  storage.RaftStorage (RaftStorage.java:format(84)) - Storage directory /workdir/hadoop-ozone/integration-test/target/test-dir/MiniOzoneClusterImpl-936e8649-2eb0-4b7a-921b-5d2cce332f9c/datanode-3/data/ratis/f524de77-2762-44a4-bdc2-2ad66a413e88 has been successfully formatted.
2019-11-13 18:48:13,262 [pool-97-thread-1] INFO  storage.RaftStorage (RaftStorage.java:format(84)) - Storage directory /workdir/hadoop-ozone/integration-test/target/test-dir/MiniOzoneClusterImpl-936e8649-2eb0-4b7a-921b-5d2cce332f9c/datanode-7/data/ratis/f524de77-2762-44a4-bdc2-2ad66a413e88 has been successfully formatted.
2019-11-13 18:48:13,262 [pool-47-thread-1] INFO  storage.RaftStorage (RaftStorage.java:format(84)) - Storage directory /workdir/hadoop-ozone/integration-test/target/test-dir/MiniOzoneClusterImpl-936e8649-2eb0-4b7a-921b-5d2cce332f9c/datanode-2/data/ratis/f524de77-2762-44a4-bdc2-2ad66a413e88 has been successfully formatted.
2019-11-13 18:48:13,262 [pool-57-thread-1] INFO  ratis.ContainerStateMachine (ContainerStateMachine.java:loadSnapshot(223)) - group-2AD66A413E88: The snapshot info is null. Setting the last applied indexto:(t:0, i:~)
2019-11-13 18:48:13,262 [pool-97-thread-1] INFO  ratis.ContainerStateMachine (ContainerStateMachine.java:loadSnapshot(223)) - group-2AD66A413E88: The snapshot info is null. Setting the last applied indexto:(t:0, i:~)
2019-11-13 18:48:13,262 [pool-47-thread-1] INFO  ratis.ContainerStateMachine (ContainerStateMachine.java:loadSnapshot(223)) - group-2AD66A413E88: The snapshot info is null. Setting the last applied indexto:(t:0, i:~)
2019-11-13 18:48:13,262 [pool-57-thread-1] INFO  server.RaftServerConfigKeys (ConfUtils.java:logGet(43)) - raft.server.notification.no-leader.timeout = 120s (custom)
2019-11-13 18:48:13,262 [pool-47-thread-1] INFO  server.RaftServerConfigKeys (ConfUtils.java:logGet(43)) - raft.server.notification.no-leader.timeout = 120s (custom)
2019-11-13 18:48:13,262 [pool-97-thread-1] INFO  server.RaftServerConfigKeys (ConfUtils.java:logGet(43)) - raft.server.notification.no-leader.timeout = 120s (custom)
2019-11-13 18:48:13,263 [pool-47-thread-1] INFO  server.RaftServerConfigKeys (ConfUtils.java:logGet(43)) - raft.server.log.use.memory = false (default)
2019-11-13 18:48:13,262 [pool-57-thread-1] INFO  server.RaftServerConfigKeys (ConfUtils.java:logGet(43)) - raft.server.log.use.memory = false (default)
2019-11-13 18:48:13,263 [pool-47-thread-1] INFO  server.RaftServerConfigKeys (ConfUtils.java:logGet(43)) - raft.server.log.purge.gap = 1000000 (custom)
2019-11-13 18:48:13,263 [pool-97-thread-1] INFO  server.RaftServerConfigKeys (ConfUtils.java:logGet(43)) - raft.server.log.use.memory = false (default)
2019-11-13 18:48:13,263 [pool-47-thread-1] INFO  server.RaftServerConfigKeys (ConfUtils.java:logGet(43)) - raft.server.log.appender.buffer.byte-limit = 33554432 (custom)
2019-11-13 18:48:13,263 [pool-57-thread-1] INFO  server.RaftServerConfigKeys (ConfUtils.java:logGet(43)) - raft.server.log.purge.gap = 1000000 (custom)
2019-11-13 18:48:13,263 [pool-47-thread-1] INFO  server.RaftServerConfigKeys (ConfUtils.java:logGet(43)) - raft.server.log.segment.size.max = 1048576 (custom)
2019-11-13 18:48:13,263 [pool-97-thread-1] INFO  server.RaftServerConfigKeys (ConfUtils.java:logGet(43)) - raft.server.log.purge.gap = 1000000 (custom)
2019-11-13 18:48:13,263 [pool-57-thread-1] INFO  server.RaftServerConfigKeys (ConfUtils.java:logGet(43)) - raft.server.log.appender.buffer.byte-limit = 33554432 (custom)
2019-11-13 18:48:13,263 [pool-97-thread-1] INFO  server.RaftServerConfigKeys (ConfUtils.java:logGet(43)) - raft.server.log.appender.buffer.byte-limit = 33554432 (custom)
2019-11-13 18:48:13,263 [pool-47-thread-1] INFO  server.RaftServerConfigKeys (ConfUtils.java:logGet(43)) - raft.server.log.segment.cache.num.max = 2 (custom)
2019-11-13 18:48:13,263 [pool-97-thread-1] INFO  server.RaftServerConfigKeys (ConfUtils.java:logGet(43)) - raft.server.log.segment.size.max = 1048576 (custom)
2019-11-13 18:48:13,263 [pool-57-thread-1] INFO  server.RaftServerConfigKeys (ConfUtils.java:logGet(43)) - raft.server.log.segment.size.max = 1048576 (custom)
2019-11-13 18:48:13,264 [pool-97-thread-1] INFO  server.RaftServerConfigKeys (ConfUtils.java:logGet(43)) - raft.server.log.segment.cache.num.max = 2 (custom)
2019-11-13 18:48:13,264 [pool-47-thread-1] INFO  segmented.SegmentedRaftLogWorker (SegmentedRaftLogWorker.java:<init>(173)) - new 19b56e57-c404-4271-b4fe-c6c2e842ae91@group-2AD66A413E88-SegmentedRaftLogWorker for RaftStorage:Storage Directory /workdir/hadoop-ozone/integration-test/target/test-dir/MiniOzoneClusterImpl-936e8649-2eb0-4b7a-921b-5d2cce332f9c/datanode-2/data/ratis/f524de77-2762-44a4-bdc2-2ad66a413e88
2019-11-13 18:48:13,264 [pool-97-thread-1] INFO  segmented.SegmentedRaftLogWorker (SegmentedRaftLogWorker.java:<init>(173)) - new 9ee498fb-dbd1-4b89-b28c-40ca18800c49@group-2AD66A413E88-SegmentedRaftLogWorker for RaftStorage:Storage Directory /workdir/hadoop-ozone/integration-test/target/test-dir/MiniOzoneClusterImpl-936e8649-2eb0-4b7a-921b-5d2cce332f9c/datanode-7/data/ratis/f524de77-2762-44a4-bdc2-2ad66a413e88
2019-11-13 18:48:13,264 [pool-57-thread-1] INFO  server.RaftServerConfigKeys (ConfUtils.java:logGet(43)) - raft.server.log.segment.cache.num.max = 2 (custom)
2019-11-13 18:48:13,264 [pool-97-thread-1] INFO  server.RaftServerConfigKeys (ConfUtils.java:logGet(43)) - raft.server.log.queue.byte-limit = 2147483647 (custom)
2019-11-13 18:48:13,264 [pool-47-thread-1] INFO  server.RaftServerConfigKeys (ConfUtils.java:logGet(43)) - raft.server.log.queue.byte-limit = 2147483647 (custom)
2019-11-13 18:48:13,264 [pool-97-thread-1] INFO  server.RaftServerConfigKeys (ConfUtils.java:logGet(43)) - raft.server.log.queue.element-limit = 1024 (custom)
2019-11-13 18:48:13,264 [pool-57-thread-1] INFO  segmented.SegmentedRaftLogWorker (SegmentedRaftLogWorker.java:<init>(173)) - new 9582de44-b510-4bf6-b692-b66075a27588@group-2AD66A413E88-SegmentedRaftLogWorker for RaftStorage:Storage Directory /workdir/hadoop-ozone/integration-test/target/test-dir/MiniOzoneClusterImpl-936e8649-2eb0-4b7a-921b-5d2cce332f9c/datanode-3/data/ratis/f524de77-2762-44a4-bdc2-2ad66a413e88
2019-11-13 18:48:13,264 [pool-97-thread-1] INFO  server.RaftServerConfigKeys (ConfUtils.java:logGet(43)) - raft.server.log.segment.size.max = 1048576 (custom)
2019-11-13 18:48:13,264 [pool-47-thread-1] INFO  server.RaftServerConfigKeys (ConfUtils.java:logGet(43)) - raft.server.log.queue.element-limit = 1024 (custom)
2019-11-13 18:48:13,265 [pool-97-thread-1] INFO  server.RaftServerConfigKeys (ConfUtils.java:logGet(43)) - raft.server.log.preallocated.size = 16384 (custom)
2019-11-13 18:48:13,264 [pool-57-thread-1] INFO  server.RaftServerConfigKeys (ConfUtils.java:logGet(43)) - raft.server.log.queue.byte-limit = 2147483647 (custom)
2019-11-13 18:48:13,265 [pool-97-thread-1] INFO  server.RaftServerConfigKeys (ConfUtils.java:logGet(43)) - raft.server.log.write.buffer.size = 33554432 (custom)
2019-11-13 18:48:13,265 [pool-47-thread-1] INFO  server.RaftServerConfigKeys (ConfUtils.java:logGet(43)) - raft.server.log.segment.size.max = 1048576 (custom)
2019-11-13 18:48:13,265 [pool-97-thread-1] INFO  server.RaftServerConfigKeys (ConfUtils.java:logGet(43)) - raft.server.log.force.sync.num = 128 (default)
2019-11-13 18:48:13,265 [pool-57-thread-1] INFO  server.RaftServerConfigKeys (ConfUtils.java:logGet(43)) - raft.server.log.queue.element-limit = 1024 (custom)
2019-11-13 18:48:13,265 [pool-97-thread-1] INFO  server.RaftServerConfigKeys (ConfUtils.java:logGet(43)) - raft.server.log.statemachine.data.sync = true (default)
2019-11-13 18:48:13,265 [pool-47-thread-1] INFO  server.RaftServerConfigKeys (ConfUtils.java:logGet(43)) - raft.server.log.preallocated.size = 16384 (custom)
2019-11-13 18:48:13,265 [pool-97-thread-1] INFO  server.RaftServerConfigKeys (ConfUtils.java:logGet(43)) - raft.server.log.statemachine.data.sync.timeout = 10s (default)
2019-11-13 18:48:13,265 [pool-57-thread-1] INFO  server.RaftServerConfigKeys (ConfUtils.java:logGet(43)) - raft.server.log.segment.size.max = 1048576 (custom)
2019-11-13 18:48:13,265 [pool-97-thread-1] INFO  server.RaftServerConfigKeys (ConfUtils.java:logGet(43)) - raft.server.log.statemachine.data.sync.timeout.retry = -1 (default)
2019-11-13 18:48:13,265 [pool-47-thread-1] INFO  server.RaftServerConfigKeys (ConfUtils.java:logGet(43)) - raft.server.log.write.buffer.size = 33554432 (custom)
2019-11-13 18:48:13,265 [pool-57-thread-1] INFO  server.RaftServerConfigKeys (ConfUtils.java:logGet(43)) - raft.server.log.preallocated.size = 16384 (custom)
2019-11-13 18:48:13,266 [pool-47-thread-1] INFO  server.RaftServerConfigKeys (ConfUtils.java:logGet(43)) - raft.server.log.force.sync.num = 128 (default)
2019-11-13 18:48:13,266 [pool-97-thread-1] INFO  server.RaftServerConfigKeys (ConfUtils.java:logGet(43)) - raft.server.log.statemachine.data.caching.enabled = true (custom)
2019-11-13 18:48:13,266 [pool-47-thread-1] INFO  server.RaftServerConfigKeys (ConfUtils.java:logGet(43)) - raft.server.log.statemachine.data.sync = true (default)
2019-11-13 18:48:13,266 [pool-57-thread-1] INFO  server.RaftServerConfigKeys (ConfUtils.java:logGet(43)) - raft.server.log.write.buffer.size = 33554432 (custom)
2019-11-13 18:48:13,266 [pool-97-thread-1] INFO  segmented.SegmentedRaftLogWorker (SegmentedRaftLogWorker.java:lambda$new$0(128)) - 9ee498fb-dbd1-4b89-b28c-40ca18800c49@group-2AD66A413E88-SegmentedRaftLogWorker: flushIndex: setUnconditionally 0 -> -1
2019-11-13 18:48:13,266 [pool-47-thread-1] INFO  server.RaftServerConfigKeys (ConfUtils.java:logGet(43)) - raft.server.log.statemachine.data.sync.timeout = 10s (default)
2019-11-13 18:48:13,266 [pool-57-thread-1] INFO  server.RaftServerConfigKeys (ConfUtils.java:logGet(43)) - raft.server.log.force.sync.num = 128 (default)
2019-11-13 18:48:13,266 [pool-97-thread-1] INFO  server.RaftServerConfigKeys (ConfUtils.java:logGet(43)) - raft.server.snapshot.auto.trigger.enabled = true (custom)
2019-11-13 18:48:13,266 [pool-47-thread-1] INFO  server.RaftServerConfigKeys (ConfUtils.java:logGet(43)) - raft.server.log.statemachine.data.sync.timeout.retry = -1 (default)
2019-11-13 18:48:13,267 [pool-97-thread-1] INFO  server.RaftServerConfigKeys (ConfUtils.java:logGet(43)) - raft.server.snapshot.auto.trigger.threshold = 10000 (custom)
2019-11-13 18:48:13,266 [pool-57-thread-1] INFO  server.RaftServerConfigKeys (ConfUtils.java:logGet(43)) - raft.server.log.statemachine.data.sync = true (default)
2019-11-13 18:48:13,267 [pool-47-thread-1] INFO  server.RaftServerConfigKeys (ConfUtils.java:logGet(43)) - raft.server.log.statemachine.data.caching.enabled = true (custom)
2019-11-13 18:48:13,267 [pool-97-thread-1] INFO  server.RaftServerConfigKeys (ConfUtils.java:logGet(43)) - raft.server.snapshot.retention.file.num = 5 (custom)
2019-11-13 18:48:13,267 [pool-57-thread-1] INFO  server.RaftServerConfigKeys (ConfUtils.java:logGet(43)) - raft.server.log.statemachine.data.sync.timeout = 10s (default)
2019-11-13 18:48:13,267 [pool-97-thread-1] INFO  server.RaftServerConfigKeys (ConfUtils.java:logGet(43)) - raft.server.retrycache.expirytime = 600000ms (custom)
2019-11-13 18:48:13,267 [pool-47-thread-1] INFO  segmented.SegmentedRaftLogWorker (SegmentedRaftLogWorker.java:lambda$new$0(128)) - 19b56e57-c404-4271-b4fe-c6c2e842ae91@group-2AD66A413E88-SegmentedRaftLogWorker: flushIndex: setUnconditionally 0 -> -1
2019-11-13 18:48:13,267 [pool-57-thread-1] INFO  server.RaftServerConfigKeys (ConfUtils.java:logGet(43)) - raft.server.log.statemachine.data.sync.timeout.retry = -1 (default)
2019-11-13 18:48:13,267 [pool-97-thread-1] WARN  impl.MetricRegistriesImpl (MetricRegistriesImpl.java:lambda$create$1(61)) - First MetricRegistry has been created without registering reporters. You may need to call MetricRegistries.global().addReportRegistration(...) before.
2019-11-13 18:48:13,267 [pool-57-thread-1] INFO  server.RaftServerConfigKeys (ConfUtils.java:logGet(43)) - raft.server.log.statemachine.data.caching.enabled = true (custom)
2019-11-13 18:48:13,267 [pool-97-thread-1] WARN  impl.MetricRegistriesImpl (MetricRegistriesImpl.java:lambda$create$1(61)) - First MetricRegistry has been created without registering reporters. You may need to call MetricRegistries.global().addReportRegistration(...) before.
2019-11-13 18:48:13,267 [pool-47-thread-1] INFO  server.RaftServerConfigKeys (ConfUtils.java:logGet(43)) - raft.server.snapshot.auto.trigger.enabled = true (custom)
2019-11-13 18:48:13,268 [pool-57-thread-1] INFO  segmented.SegmentedRaftLogWorker (SegmentedRaftLogWorker.java:lambda$new$0(128)) - 9582de44-b510-4bf6-b692-b66075a27588@group-2AD66A413E88-SegmentedRaftLogWorker: flushIndex: setUnconditionally 0 -> -1
2019-11-13 18:48:13,268 [pool-47-thread-1] INFO  server.RaftServerConfigKeys (ConfUtils.java:logGet(43)) - raft.server.snapshot.auto.trigger.threshold = 10000 (custom)
2019-11-13 18:48:13,268 [pool-97-thread-1] INFO  impl.RaftServerImpl (RaftServerImpl.java:start(184)) - 9ee498fb-dbd1-4b89-b28c-40ca18800c49@group-2AD66A413E88: start as a follower, conf=-1: [9582de44-b510-4bf6-b692-b66075a27588:192.168.164.219:46083, 9ee498fb-dbd1-4b89-b28c-40ca18800c49:192.168.164.219:36915, 19b56e57-c404-4271-b4fe-c6c2e842ae91:192.168.164.219:41012], old=null
2019-11-13 18:48:13,268 [pool-57-thread-1] INFO  server.RaftServerConfigKeys (ConfUtils.java:logGet(43)) - raft.server.snapshot.auto.trigger.enabled = true (custom)
2019-11-13 18:48:13,268 [pool-47-thread-1] INFO  server.RaftServerConfigKeys (ConfUtils.java:logGet(43)) - raft.server.snapshot.retention.file.num = 5 (custom)
2019-11-13 18:48:13,268 [pool-57-thread-1] INFO  server.RaftServerConfigKeys (ConfUtils.java:logGet(43)) - raft.server.snapshot.auto.trigger.threshold = 10000 (custom)
2019-11-13 18:48:13,268 [pool-97-thread-1] INFO  impl.RaftServerImpl (RaftServerImpl.java:setRole(173)) - 9ee498fb-dbd1-4b89-b28c-40ca18800c49@group-2AD66A413E88: changes role from      null to FOLLOWER at term 0 for startAsFollower
2019-11-13 18:48:13,268 [pool-47-thread-1] INFO  server.RaftServerConfigKeys (ConfUtils.java:logGet(43)) - raft.server.retrycache.expirytime = 600000ms (custom)
2019-11-13 18:48:13,268 [pool-57-thread-1] INFO  server.RaftServerConfigKeys (ConfUtils.java:logGet(43)) - raft.server.snapshot.retention.file.num = 5 (custom)
2019-11-13 18:48:13,269 [pool-47-thread-1] WARN  impl.MetricRegistriesImpl (MetricRegistriesImpl.java:lambda$create$1(61)) - First MetricRegistry has been created without registering reporters. You may need to call MetricRegistries.global().addReportRegistration(...) before.
2019-11-13 18:48:13,269 [pool-57-thread-1] INFO  server.RaftServerConfigKeys (ConfUtils.java:logGet(43)) - raft.server.retrycache.expirytime = 600000ms (custom)
2019-11-13 18:48:13,268 [pool-97-thread-1] INFO  impl.RoleInfo (RoleInfo.java:updateAndGet(143)) - 9ee498fb-dbd1-4b89-b28c-40ca18800c49: start FollowerState
2019-11-13 18:48:13,269 [pool-57-thread-1] WARN  impl.MetricRegistriesImpl (MetricRegistriesImpl.java:lambda$create$1(61)) - First MetricRegistry has been created without registering reporters. You may need to call MetricRegistries.global().addReportRegistration(...) before.
2019-11-13 18:48:13,269 [pool-47-thread-1] WARN  impl.MetricRegistriesImpl (MetricRegistriesImpl.java:lambda$create$1(61)) - First MetricRegistry has been created without registering reporters. You may need to call MetricRegistries.global().addReportRegistration(...) before.
2019-11-13 18:48:13,269 [pool-57-thread-1] WARN  impl.MetricRegistriesImpl (MetricRegistriesImpl.java:lambda$create$1(61)) - First MetricRegistry has been created without registering reporters. You may need to call MetricRegistries.global().addReportRegistration(...) before.
2019-11-13 18:48:13,269 [pool-97-thread-1] INFO  util.JmxRegister (JmxRegister.java:tryRegister(44)) - Successfully registered JMX Bean with object name Ratis:service=RaftServer,group=group-2AD66A413E88,id=9ee498fb-dbd1-4b89-b28c-40ca18800c49
2019-11-13 18:48:13,269 [pool-57-thread-1] INFO  impl.RaftServerImpl (RaftServerImpl.java:start(184)) - 9582de44-b510-4bf6-b692-b66075a27588@group-2AD66A413E88: start as a follower, conf=-1: [9582de44-b510-4bf6-b692-b66075a27588:192.168.164.219:46083, 9ee498fb-dbd1-4b89-b28c-40ca18800c49:192.168.164.219:36915, 19b56e57-c404-4271-b4fe-c6c2e842ae91:192.168.164.219:41012], old=null
2019-11-13 18:48:13,269 [pool-47-thread-1] INFO  impl.RaftServerImpl (RaftServerImpl.java:start(184)) - 19b56e57-c404-4271-b4fe-c6c2e842ae91@group-2AD66A413E88: start as a follower, conf=-1: [9582de44-b510-4bf6-b692-b66075a27588:192.168.164.219:46083, 9ee498fb-dbd1-4b89-b28c-40ca18800c49:192.168.164.219:36915, 19b56e57-c404-4271-b4fe-c6c2e842ae91:192.168.164.219:41012], old=null
2019-11-13 18:48:13,269 [pool-57-thread-1] INFO  impl.RaftServerImpl (RaftServerImpl.java:setRole(173)) - 9582de44-b510-4bf6-b692-b66075a27588@group-2AD66A413E88: changes role from      null to FOLLOWER at term 0 for startAsFollower
2019-11-13 18:48:13,269 [pool-97-thread-1] WARN  impl.MetricRegistriesImpl (MetricRegistriesImpl.java:lambda$create$1(61)) - First MetricRegistry has been created without registering reporters. You may need to call MetricRegistries.global().addReportRegistration(...) before.
2019-11-13 18:48:13,270 [pool-57-thread-1] INFO  impl.RoleInfo (RoleInfo.java:updateAndGet(143)) - 9582de44-b510-4bf6-b692-b66075a27588: start FollowerState
2019-11-13 18:48:13,269 [pool-47-thread-1] INFO  impl.RaftServerImpl (RaftServerImpl.java:setRole(173)) - 19b56e57-c404-4271-b4fe-c6c2e842ae91@group-2AD66A413E88: changes role from      null to FOLLOWER at term 0 for startAsFollower
2019-11-13 18:48:13,270 [pool-47-thread-1] INFO  impl.RoleInfo (RoleInfo.java:updateAndGet(143)) - 19b56e57-c404-4271-b4fe-c6c2e842ae91: start FollowerState
2019-11-13 18:48:13,270 [pool-57-thread-1] INFO  util.JmxRegister (JmxRegister.java:tryRegister(44)) - Successfully registered JMX Bean with object name Ratis:service=RaftServer,group=group-2AD66A413E88,id=9582de44-b510-4bf6-b692-b66075a27588
2019-11-13 18:48:13,270 [pool-57-thread-1] WARN  impl.MetricRegistriesImpl (MetricRegistriesImpl.java:lambda$create$1(61)) - First MetricRegistry has been created without registering reporters. You may need to call MetricRegistries.global().addReportRegistration(...) before.
2019-11-13 18:48:13,270 [pool-47-thread-1] INFO  util.JmxRegister (JmxRegister.java:tryRegister(44)) - Successfully registered JMX Bean with object name Ratis:service=RaftServer,group=group-2AD66A413E88,id=19b56e57-c404-4271-b4fe-c6c2e842ae91
2019-11-13 18:48:13,271 [pool-47-thread-1] WARN  impl.MetricRegistriesImpl (MetricRegistriesImpl.java:lambda$create$1(61)) - First MetricRegistry has been created without registering reporters. You may need to call MetricRegistries.global().addReportRegistration(...) before.
2019-11-13 18:48:13,292 [RatisPipelineUtilsThread] INFO  pipeline.PipelineStateManager (PipelineStateManager.java:addPipeline(55)) - Created pipeline Pipeline[ Id: f524de77-2762-44a4-bdc2-2ad66a413e88, Nodes: 19b56e57-c404-4271-b4fe-c6c2e842ae91{ip: 192.168.164.219, host: pr-hdds-1940-7lghg-363871468, networkLocation: /default-rack, certSerialId: null}9582de44-b510-4bf6-b692-b66075a27588{ip: 192.168.164.219, host: pr-hdds-1940-7lghg-363871468, networkLocation: /default-rack, certSerialId: null}9ee498fb-dbd1-4b89-b28c-40ca18800c49{ip: 192.168.164.219, host: pr-hdds-1940-7lghg-363871468, networkLocation: /default-rack, certSerialId: null}, Type:RATIS, Factor:THREE, State:ALLOCATED]
2019-11-13 18:48:13,317 [grpc-default-executor-0] INFO  impl.RaftServerProxy (RaftServerProxy.java:addNew(89)) - 6a4d2be6-9424-4ae4-9e09-f01b73daf36a: addNew group-E95F516CAEBC:[6a4d2be6-9424-4ae4-9e09-f01b73daf36a:192.168.164.219:39773, 694477cc-c317-4cd0-89bd-f326ada4a5ba:192.168.164.219:36781, 8a346eb0-433c-4f64-9a22-d40a83dee003:192.168.164.219:45850] returns group-E95F516CAEBC:java.util.concurrent.CompletableFuture@77efc27e[Not completed]
2019-11-13 18:48:13,318 [grpc-default-executor-2] INFO  impl.RaftServerProxy (RaftServerProxy.java:addNew(89)) - 8a346eb0-433c-4f64-9a22-d40a83dee003: addNew group-E95F516CAEBC:[6a4d2be6-9424-4ae4-9e09-f01b73daf36a:192.168.164.219:39773, 694477cc-c317-4cd0-89bd-f326ada4a5ba:192.168.164.219:36781, 8a346eb0-433c-4f64-9a22-d40a83dee003:192.168.164.219:45850] returns group-E95F516CAEBC:java.util.concurrent.CompletableFuture@78d03e90[Not completed]
2019-11-13 18:48:13,318 [grpc-default-executor-1] INFO  impl.RaftServerProxy (RaftServerProxy.java:addNew(89)) - 694477cc-c317-4cd0-89bd-f326ada4a5ba: addNew group-E95F516CAEBC:[6a4d2be6-9424-4ae4-9e09-f01b73daf36a:192.168.164.219:39773, 694477cc-c317-4cd0-89bd-f326ada4a5ba:192.168.164.219:36781, 8a346eb0-433c-4f64-9a22-d40a83dee003:192.168.164.219:45850] returns group-E95F516CAEBC:java.util.concurrent.CompletableFuture@5d2b0ede[Not completed]
2019-11-13 18:48:13,321 [pool-117-thread-1] INFO  impl.RaftServerImpl (RaftServerImpl.java:<init>(98)) - 6a4d2be6-9424-4ae4-9e09-f01b73daf36a: new RaftServerImpl for group-E95F516CAEBC:[6a4d2be6-9424-4ae4-9e09-f01b73daf36a:192.168.164.219:39773, 694477cc-c317-4cd0-89bd-f326ada4a5ba:192.168.164.219:36781, 8a346eb0-433c-4f64-9a22-d40a83dee003:192.168.164.219:45850] with ContainerStateMachine:uninitialized
2019-11-13 18:48:13,321 [pool-117-thread-1] INFO  server.RaftServerConfigKeys (ConfUtils.java:logGet(43)) - raft.server.rpc.timeout.min = 1s (custom)
2019-11-13 18:48:13,321 [pool-117-thread-1] INFO  server.RaftServerConfigKeys (ConfUtils.java:logGet(43)) - raft.server.rpc.timeout.max = 1200ms (custom)
2019-11-13 18:48:13,321 [pool-117-thread-1] INFO  server.RaftServerConfigKeys (ConfUtils.java:logGet(43)) - raft.server.rpcslowness.timeout = 120s (custom)
2019-11-13 18:48:13,321 [pool-27-thread-1] INFO  impl.RaftServerImpl (RaftServerImpl.java:<init>(98)) - 8a346eb0-433c-4f64-9a22-d40a83dee003: new RaftServerImpl for group-E95F516CAEBC:[6a4d2be6-9424-4ae4-9e09-f01b73daf36a:192.168.164.219:39773, 694477cc-c317-4cd0-89bd-f326ada4a5ba:192.168.164.219:36781, 8a346eb0-433c-4f64-9a22-d40a83dee003:192.168.164.219:45850] with ContainerStateMachine:uninitialized
2019-11-13 18:48:13,321 [pool-117-thread-1] INFO  server.RaftServerConfigKeys (ConfUtils.java:logGet(43)) - raft.server.sleep.deviation.threshold = 300 (default)
2019-11-13 18:48:13,321 [pool-27-thread-1] INFO  server.RaftServerConfigKeys (ConfUtils.java:logGet(43)) - raft.server.rpc.timeout.min = 1s (custom)
2019-11-13 18:48:13,321 [pool-117-thread-1] INFO  server.RaftServerConfigKeys (ConfUtils.java:logGet(43)) - raft.server.log.appender.install.snapshot.enabled = false (custom)
2019-11-13 18:48:13,322 [pool-27-thread-1] INFO  server.RaftServerConfigKeys (ConfUtils.java:logGet(43)) - raft.server.rpc.timeout.max = 1200ms (custom)
2019-11-13 18:48:13,322 [pool-117-thread-1] INFO  impl.RaftServerImpl (ServerState.java:<init>(103)) - 6a4d2be6-9424-4ae4-9e09-f01b73daf36a@group-E95F516CAEBC: ConfigurationManager, init=-1: [6a4d2be6-9424-4ae4-9e09-f01b73daf36a:192.168.164.219:39773, 694477cc-c317-4cd0-89bd-f326ada4a5ba:192.168.164.219:36781, 8a346eb0-433c-4f64-9a22-d40a83dee003:192.168.164.219:45850], old=null, confs=<EMPTY_MAP>
2019-11-13 18:48:13,322 [pool-27-thread-1] INFO  server.RaftServerConfigKeys (ConfUtils.java:logGet(43)) - raft.server.rpcslowness.timeout = 120s (custom)
2019-11-13 18:48:13,322 [pool-27-thread-1] INFO  server.RaftServerConfigKeys (ConfUtils.java:logGet(43)) - raft.server.sleep.deviation.threshold = 300 (default)
2019-11-13 18:48:13,322 [pool-117-thread-1] INFO  server.RaftServerConfigKeys (ConfUtils.java:logGet(43)) - raft.server.storage.dir = [/workdir/hadoop-ozone/integration-test/target/test-dir/MiniOzoneClusterImpl-936e8649-2eb0-4b7a-921b-5d2cce332f9c/datanode-9/data/ratis] (custom)
2019-11-13 18:48:13,322 [pool-27-thread-1] INFO  server.RaftServerConfigKeys (ConfUtils.java:logGet(43)) - raft.server.log.appender.install.snapshot.enabled = false (custom)
2019-11-13 18:48:13,322 [pool-27-thread-1] INFO  impl.RaftServerImpl (ServerState.java:<init>(103)) - 8a346eb0-433c-4f64-9a22-d40a83dee003@group-E95F516CAEBC: ConfigurationManager, init=-1: [6a4d2be6-9424-4ae4-9e09-f01b73daf36a:192.168.164.219:39773, 694477cc-c317-4cd0-89bd-f326ada4a5ba:192.168.164.219:36781, 8a346eb0-433c-4f64-9a22-d40a83dee003:192.168.164.219:45850], old=null, confs=<EMPTY_MAP>
2019-11-13 18:48:13,322 [pool-27-thread-1] INFO  server.RaftServerConfigKeys (ConfUtils.java:logGet(43)) - raft.server.storage.dir = [/workdir/hadoop-ozone/integration-test/target/test-dir/MiniOzoneClusterImpl-936e8649-2eb0-4b7a-921b-5d2cce332f9c/datanode-0/data/ratis] (custom)
2019-11-13 18:48:13,322 [pool-117-thread-1] INFO  server.RaftServerConfigKeys (ConfUtils.java:logGet(43)) - raft.server.log.corruption.policy = EXCEPTION (default)
2019-11-13 18:48:13,322 [pool-77-thread-1] INFO  impl.RaftServerImpl (RaftServerImpl.java:<init>(98)) - 694477cc-c317-4cd0-89bd-f326ada4a5ba: new RaftServerImpl for group-E95F516CAEBC:[6a4d2be6-9424-4ae4-9e09-f01b73daf36a:192.168.164.219:39773, 694477cc-c317-4cd0-89bd-f326ada4a5ba:192.168.164.219:36781, 8a346eb0-433c-4f64-9a22-d40a83dee003:192.168.164.219:45850] with ContainerStateMachine:uninitialized
2019-11-13 18:48:13,323 [pool-117-thread-1] INFO  storage.RaftStorageDirectory (RaftStorageDirectory.java:analyzeStorage(246)) - The storage directory /workdir/hadoop-ozone/integration-test/target/test-dir/MiniOzoneClusterImpl-936e8649-2eb0-4b7a-921b-5d2cce332f9c/datanode-9/data/ratis/62cfdfc0-d4bf-4ef6-a0cc-e95f516caebc does not exist. Creating ...
2019-11-13 18:48:13,322 [pool-27-thread-1] INFO  server.RaftServerConfigKeys (ConfUtils.java:logGet(43)) - raft.server.log.corruption.policy = EXCEPTION (default)
2019-11-13 18:48:13,323 [pool-77-thread-1] INFO  server.RaftServerConfigKeys (ConfUtils.java:logGet(43)) - raft.server.rpc.timeout.min = 1s (custom)
2019-11-13 18:48:13,323 [pool-27-thread-1] INFO  storage.RaftStorageDirectory (RaftStorageDirectory.java:analyzeStorage(246)) - The storage directory /workdir/hadoop-ozone/integration-test/target/test-dir/MiniOzoneClusterImpl-936e8649-2eb0-4b7a-921b-5d2cce332f9c/datanode-0/data/ratis/62cfdfc0-d4bf-4ef6-a0cc-e95f516caebc does not exist. Creating ...
2019-11-13 18:48:13,323 [pool-77-thread-1] INFO  server.RaftServerConfigKeys (ConfUtils.java:logGet(43)) - raft.server.rpc.timeout.max = 1200ms (custom)
2019-11-13 18:48:13,323 [pool-77-thread-1] INFO  server.RaftServerConfigKeys (ConfUtils.java:logGet(43)) - raft.server.rpcslowness.timeout = 120s (custom)
2019-11-13 18:48:13,323 [pool-77-thread-1] INFO  server.RaftServerConfigKeys (ConfUtils.java:logGet(43)) - raft.server.sleep.deviation.threshold = 300 (default)
2019-11-13 18:48:13,323 [pool-77-thread-1] INFO  server.RaftServerConfigKeys (ConfUtils.java:logGet(43)) - raft.server.log.appender.install.snapshot.enabled = false (custom)
2019-11-13 18:48:13,324 [pool-77-thread-1] INFO  impl.RaftServerImpl (ServerState.java:<init>(103)) - 694477cc-c317-4cd0-89bd-f326ada4a5ba@group-E95F516CAEBC: ConfigurationManager, init=-1: [6a4d2be6-9424-4ae4-9e09-f01b73daf36a:192.168.164.219:39773, 694477cc-c317-4cd0-89bd-f326ada4a5ba:192.168.164.219:36781, 8a346eb0-433c-4f64-9a22-d40a83dee003:192.168.164.219:45850], old=null, confs=<EMPTY_MAP>
2019-11-13 18:48:13,324 [pool-77-thread-1] INFO  server.RaftServerConfigKeys (ConfUtils.java:logGet(43)) - raft.server.storage.dir = [/workdir/hadoop-ozone/integration-test/target/test-dir/MiniOzoneClusterImpl-936e8649-2eb0-4b7a-921b-5d2cce332f9c/datanode-5/data/ratis] (custom)
2019-11-13 18:48:13,324 [pool-77-thread-1] INFO  server.RaftServerConfigKeys (ConfUtils.java:logGet(43)) - raft.server.log.corruption.policy = EXCEPTION (default)
2019-11-13 18:48:13,324 [pool-77-thread-1] INFO  storage.RaftStorageDirectory (RaftStorageDirectory.java:analyzeStorage(246)) - The storage directory /workdir/hadoop-ozone/integration-test/target/test-dir/MiniOzoneClusterImpl-936e8649-2eb0-4b7a-921b-5d2cce332f9c/datanode-5/data/ratis/62cfdfc0-d4bf-4ef6-a0cc-e95f516caebc does not exist. Creating ...
2019-11-13 18:48:13,337 [pool-77-thread-1] INFO  storage.RaftStorageDirectory (RaftStorageDirectory.java:tryLock(328)) - Lock on /workdir/hadoop-ozone/integration-test/target/test-dir/MiniOzoneClusterImpl-936e8649-2eb0-4b7a-921b-5d2cce332f9c/datanode-5/data/ratis/62cfdfc0-d4bf-4ef6-a0cc-e95f516caebc/in_use.lock acquired by nodename 19542@pr-hdds-1940-7lghg-363871468
2019-11-13 18:48:13,337 [pool-117-thread-1] INFO  storage.RaftStorageDirectory (RaftStorageDirectory.java:tryLock(328)) - Lock on /workdir/hadoop-ozone/integration-test/target/test-dir/MiniOzoneClusterImpl-936e8649-2eb0-4b7a-921b-5d2cce332f9c/datanode-9/data/ratis/62cfdfc0-d4bf-4ef6-a0cc-e95f516caebc/in_use.lock acquired by nodename 19542@pr-hdds-1940-7lghg-363871468
2019-11-13 18:48:13,337 [pool-27-thread-1] INFO  storage.RaftStorageDirectory (RaftStorageDirectory.java:tryLock(328)) - Lock on /workdir/hadoop-ozone/integration-test/target/test-dir/MiniOzoneClusterImpl-936e8649-2eb0-4b7a-921b-5d2cce332f9c/datanode-0/data/ratis/62cfdfc0-d4bf-4ef6-a0cc-e95f516caebc/in_use.lock acquired by nodename 19542@pr-hdds-1940-7lghg-363871468
2019-11-13 18:48:13,355 [pool-77-thread-1] INFO  storage.RaftStorage (RaftStorage.java:format(84)) - Storage directory /workdir/hadoop-ozone/integration-test/target/test-dir/MiniOzoneClusterImpl-936e8649-2eb0-4b7a-921b-5d2cce332f9c/datanode-5/data/ratis/62cfdfc0-d4bf-4ef6-a0cc-e95f516caebc has been successfully formatted.
2019-11-13 18:48:13,355 [pool-27-thread-1] INFO  storage.RaftStorage (RaftStorage.java:format(84)) - Storage directory /workdir/hadoop-ozone/integration-test/target/test-dir/MiniOzoneClusterImpl-936e8649-2eb0-4b7a-921b-5d2cce332f9c/datanode-0/data/ratis/62cfdfc0-d4bf-4ef6-a0cc-e95f516caebc has been successfully formatted.
2019-11-13 18:48:13,355 [pool-117-thread-1] INFO  storage.RaftStorage (RaftStorage.java:format(84)) - Storage directory /workdir/hadoop-ozone/integration-test/target/test-dir/MiniOzoneClusterImpl-936e8649-2eb0-4b7a-921b-5d2cce332f9c/datanode-9/data/ratis/62cfdfc0-d4bf-4ef6-a0cc-e95f516caebc has been successfully formatted.
2019-11-13 18:48:13,355 [pool-77-thread-1] INFO  ratis.ContainerStateMachine (ContainerStateMachine.java:loadSnapshot(223)) - group-E95F516CAEBC: The snapshot info is null. Setting the last applied indexto:(t:0, i:~)
2019-11-13 18:48:13,356 [pool-117-thread-1] INFO  ratis.ContainerStateMachine (ContainerStateMachine.java:loadSnapshot(223)) - group-E95F516CAEBC: The snapshot info is null. Setting the last applied indexto:(t:0, i:~)
2019-11-13 18:48:13,356 [pool-77-thread-1] INFO  server.RaftServerConfigKeys (ConfUtils.java:logGet(43)) - raft.server.notification.no-leader.timeout = 120s (custom)
2019-11-13 18:48:13,356 [pool-27-thread-1] INFO  ratis.ContainerStateMachine (ContainerStateMachine.java:loadSnapshot(223)) - group-E95F516CAEBC: The snapshot info is null. Setting the last applied indexto:(t:0, i:~)
2019-11-13 18:48:13,356 [pool-77-thread-1] INFO  server.RaftServerConfigKeys (ConfUtils.java:logGet(43)) - raft.server.log.use.memory = false (default)
2019-11-13 18:48:13,356 [pool-117-thread-1] INFO  server.RaftServerConfigKeys (ConfUtils.java:logGet(43)) - raft.server.notification.no-leader.timeout = 120s (custom)
2019-11-13 18:48:13,356 [pool-77-thread-1] INFO  server.RaftServerConfigKeys (ConfUtils.java:logGet(43)) - raft.server.log.purge.gap = 1000000 (custom)
2019-11-13 18:48:13,356 [pool-27-thread-1] INFO  server.RaftServerConfigKeys (ConfUtils.java:logGet(43)) - raft.server.notification.no-leader.timeout = 120s (custom)
2019-11-13 18:48:13,356 [pool-77-thread-1] INFO  server.RaftServerConfigKeys (ConfUtils.java:logGet(43)) - raft.server.log.appender.buffer.byte-limit = 33554432 (custom)
2019-11-13 18:48:13,356 [pool-117-thread-1] INFO  server.RaftServerConfigKeys (ConfUtils.java:logGet(43)) - raft.server.log.use.memory = false (default)
2019-11-13 18:48:13,356 [pool-77-thread-1] INFO  server.RaftServerConfigKeys (ConfUtils.java:logGet(43)) - raft.server.log.segment.size.max = 1048576 (custom)
2019-11-13 18:48:13,356 [pool-27-thread-1] INFO  server.RaftServerConfigKeys (ConfUtils.java:logGet(43)) - raft.server.log.use.memory = false (default)
2019-11-13 18:48:13,356 [pool-77-thread-1] INFO  server.RaftServerConfigKeys (ConfUtils.java:logGet(43)) - raft.server.log.segment.cache.num.max = 2 (custom)
2019-11-13 18:48:13,356 [pool-117-thread-1] INFO  server.RaftServerConfigKeys (ConfUtils.java:logGet(43)) - raft.server.log.purge.gap = 1000000 (custom)
2019-11-13 18:48:13,357 [pool-77-thread-1] INFO  segmented.SegmentedRaftLogWorker (SegmentedRaftLogWorker.java:<init>(173)) - new 694477cc-c317-4cd0-89bd-f326ada4a5ba@group-E95F516CAEBC-SegmentedRaftLogWorker for RaftStorage:Storage Directory /workdir/hadoop-ozone/integration-test/target/test-dir/MiniOzoneClusterImpl-936e8649-2eb0-4b7a-921b-5d2cce332f9c/datanode-5/data/ratis/62cfdfc0-d4bf-4ef6-a0cc-e95f516caebc
2019-11-13 18:48:13,356 [pool-27-thread-1] INFO  server.RaftServerConfigKeys (ConfUtils.java:logGet(43)) - raft.server.log.purge.gap = 1000000 (custom)
2019-11-13 18:48:13,357 [pool-77-thread-1] INFO  server.RaftServerConfigKeys (ConfUtils.java:logGet(43)) - raft.server.log.queue.byte-limit = 2147483647 (custom)
2019-11-13 18:48:13,357 [pool-117-thread-1] INFO  server.RaftServerConfigKeys (ConfUtils.java:logGet(43)) - raft.server.log.appender.buffer.byte-limit = 33554432 (custom)
2019-11-13 18:48:13,357 [pool-77-thread-1] INFO  server.RaftServerConfigKeys (ConfUtils.java:logGet(43)) - raft.server.log.queue.element-limit = 1024 (custom)
2019-11-13 18:48:13,357 [pool-27-thread-1] INFO  server.RaftServerConfigKeys (ConfUtils.java:logGet(43)) - raft.server.log.appender.buffer.byte-limit = 33554432 (custom)
2019-11-13 18:48:13,357 [pool-77-thread-1] INFO  server.RaftServerConfigKeys (ConfUtils.java:logGet(43)) - raft.server.log.segment.size.max = 1048576 (custom)
2019-11-13 18:48:13,357 [pool-117-thread-1] INFO  server.RaftServerConfigKeys (ConfUtils.java:logGet(43)) - raft.server.log.segment.size.max = 1048576 (custom)
2019-11-13 18:48:13,357 [pool-77-thread-1] INFO  server.RaftServerConfigKeys (ConfUtils.java:logGet(43)) - raft.server.log.preallocated.size = 16384 (custom)
2019-11-13 18:48:13,357 [pool-27-thread-1] INFO  server.RaftServerConfigKeys (ConfUtils.java:logGet(43)) - raft.server.log.segment.size.max = 1048576 (custom)
2019-11-13 18:48:13,357 [pool-77-thread-1] INFO  server.RaftServerConfigKeys (ConfUtils.java:logGet(43)) - raft.server.log.write.buffer.size = 33554432 (custom)
2019-11-13 18:48:13,357 [pool-117-thread-1] INFO  server.RaftServerConfigKeys (ConfUtils.java:logGet(43)) - raft.server.log.segment.cache.num.max = 2 (custom)
2019-11-13 18:48:13,358 [pool-77-thread-1] INFO  server.RaftServerConfigKeys (ConfUtils.java:logGet(43)) - raft.server.log.force.sync.num = 128 (default)
2019-11-13 18:48:13,357 [pool-27-thread-1] INFO  server.RaftServerConfigKeys (ConfUtils.java:logGet(43)) - raft.server.log.segment.cache.num.max = 2 (custom)
2019-11-13 18:48:13,358 [pool-77-thread-1] INFO  server.RaftServerConfigKeys (ConfUtils.java:logGet(43)) - raft.server.log.statemachine.data.sync = true (default)
2019-11-13 18:48:13,358 [pool-117-thread-1] INFO  segmented.SegmentedRaftLogWorker (SegmentedRaftLogWorker.java:<init>(173)) - new 6a4d2be6-9424-4ae4-9e09-f01b73daf36a@group-E95F516CAEBC-SegmentedRaftLogWorker for RaftStorage:Storage Directory /workdir/hadoop-ozone/integration-test/target/test-dir/MiniOzoneClusterImpl-936e8649-2eb0-4b7a-921b-5d2cce332f9c/datanode-9/data/ratis/62cfdfc0-d4bf-4ef6-a0cc-e95f516caebc
2019-11-13 18:48:13,358 [pool-77-thread-1] INFO  server.RaftServerConfigKeys (ConfUtils.java:logGet(43)) - raft.server.log.statemachine.data.sync.timeout = 10s (default)
2019-11-13 18:48:13,358 [pool-27-thread-1] INFO  segmented.SegmentedRaftLogWorker (SegmentedRaftLogWorker.java:<init>(173)) - new 8a346eb0-433c-4f64-9a22-d40a83dee003@group-E95F516CAEBC-SegmentedRaftLogWorker for RaftStorage:Storage Directory /workdir/hadoop-ozone/integration-test/target/test-dir/MiniOzoneClusterImpl-936e8649-2eb0-4b7a-921b-5d2cce332f9c/datanode-0/data/ratis/62cfdfc0-d4bf-4ef6-a0cc-e95f516caebc
2019-11-13 18:48:13,358 [pool-77-thread-1] INFO  server.RaftServerConfigKeys (ConfUtils.java:logGet(43)) - raft.server.log.statemachine.data.sync.timeout.retry = -1 (default)
2019-11-13 18:48:13,358 [pool-117-thread-1] INFO  server.RaftServerConfigKeys (ConfUtils.java:logGet(43)) - raft.server.log.queue.byte-limit = 2147483647 (custom)
2019-11-13 18:48:13,358 [pool-27-thread-1] INFO  server.RaftServerConfigKeys (ConfUtils.java:logGet(43)) - raft.server.log.queue.byte-limit = 2147483647 (custom)
2019-11-13 18:48:13,358 [pool-117-thread-1] INFO  server.RaftServerConfigKeys (ConfUtils.java:logGet(43)) - raft.server.log.queue.element-limit = 1024 (custom)
2019-11-13 18:48:13,358 [pool-77-thread-1] INFO  server.RaftServerConfigKeys (ConfUtils.java:logGet(43)) - raft.server.log.statemachine.data.caching.enabled = true (custom)
2019-11-13 18:48:13,359 [pool-117-thread-1] INFO  server.RaftServerConfigKeys (ConfUtils.java:logGet(43)) - raft.server.log.segment.size.max = 1048576 (custom)
2019-11-13 18:48:13,358 [pool-27-thread-1] INFO  server.RaftServerConfigKeys (ConfUtils.java:logGet(43)) - raft.server.log.queue.element-limit = 1024 (custom)
2019-11-13 18:48:13,359 [pool-117-thread-1] INFO  server.RaftServerConfigKeys (ConfUtils.java:logGet(43)) - raft.server.log.preallocated.size = 16384 (custom)
2019-11-13 18:48:13,359 [pool-77-thread-1] INFO  segmented.SegmentedRaftLogWorker (SegmentedRaftLogWorker.java:lambda$new$0(128)) - 694477cc-c317-4cd0-89bd-f326ada4a5ba@group-E95F516CAEBC-SegmentedRaftLogWorker: flushIndex: setUnconditionally 0 -> -1
2019-11-13 18:48:13,359 [pool-27-thread-1] INFO  server.RaftServerConfigKeys (ConfUtils.java:logGet(43)) - raft.server.log.segment.size.max = 1048576 (custom)
2019-11-13 18:48:13,359 [pool-117-thread-1] INFO  server.RaftServerConfigKeys (ConfUtils.java:logGet(43)) - raft.server.log.write.buffer.size = 33554432 (custom)
2019-11-13 18:48:13,359 [pool-77-thread-1] INFO  server.RaftServerConfigKeys (ConfUtils.java:logGet(43)) - raft.server.snapshot.auto.trigger.enabled = true (custom)
2019-11-13 18:48:13,359 [pool-27-thread-1] INFO  server.RaftServerConfigKeys (ConfUtils.java:logGet(43)) - raft.server.log.preallocated.size = 16384 (custom)
2019-11-13 18:48:13,359 [pool-77-thread-1] INFO  server.RaftServerConfigKeys (ConfUtils.java:logGet(43)) - raft.server.snapshot.auto.trigger.threshold = 10000 (custom)
2019-11-13 18:48:13,359 [pool-117-thread-1] INFO  server.RaftServerConfigKeys (ConfUtils.java:logGet(43)) - raft.server.log.force.sync.num = 128 (default)
2019-11-13 18:48:13,359 [pool-77-thread-1] INFO  server.RaftServerConfigKeys (ConfUtils.java:logGet(43)) - raft.server.snapshot.retention.file.num = 5 (custom)
2019-11-13 18:48:13,359 [pool-27-thread-1] INFO  server.RaftServerConfigKeys (ConfUtils.java:logGet(43)) - raft.server.log.write.buffer.size = 33554432 (custom)
2019-11-13 18:48:13,360 [pool-117-thread-1] INFO  server.RaftServerConfigKeys (ConfUtils.java:logGet(43)) - raft.server.log.statemachine.data.sync = true (default)
2019-11-13 18:48:13,360 [pool-117-thread-1] INFO  server.RaftServerConfigKeys (ConfUtils.java:logGet(43)) - raft.server.log.statemachine.data.sync.timeout = 10s (default)
2019-11-13 18:48:13,360 [pool-117-thread-1] INFO  server.RaftServerConfigKeys (ConfUtils.java:logGet(43)) - raft.server.log.statemachine.data.sync.timeout.retry = -1 (default)
2019-11-13 18:48:13,360 [pool-117-thread-1] INFO  server.RaftServerConfigKeys (ConfUtils.java:logGet(43)) - raft.server.log.statemachine.data.caching.enabled = true (custom)
2019-11-13 18:48:13,360 [pool-27-thread-1] INFO  server.RaftServerConfigKeys (ConfUtils.java:logGet(43)) - raft.server.log.force.sync.num = 128 (default)
2019-11-13 18:48:13,360 [pool-117-thread-1] INFO  segmented.SegmentedRaftLogWorker (SegmentedRaftLogWorker.java:lambda$new$0(128)) - 6a4d2be6-9424-4ae4-9e09-f01b73daf36a@group-E95F516CAEBC-SegmentedRaftLogWorker: flushIndex: setUnconditionally 0 -> -1
2019-11-13 18:48:13,360 [pool-77-thread-1] INFO  server.RaftServerConfigKeys (ConfUtils.java:logGet(43)) - raft.server.retrycache.expirytime = 600000ms (custom)
2019-11-13 18:48:13,360 [pool-27-thread-1] INFO  server.RaftServerConfigKeys (ConfUtils.java:logGet(43)) - raft.server.log.statemachine.data.sync = true (default)
2019-11-13 18:48:13,361 [pool-77-thread-1] WARN  impl.MetricRegistriesImpl (MetricRegistriesImpl.java:lambda$create$1(61)) - First MetricRegistry has been created without registering reporters. You may need to call MetricRegistries.global().addReportRegistration(...) before.
2019-11-13 18:48:13,361 [pool-117-thread-1] INFO  server.RaftServerConfigKeys (ConfUtils.java:logGet(43)) - raft.server.snapshot.auto.trigger.enabled = true (custom)
2019-11-13 18:48:13,361 [pool-77-thread-1] WARN  impl.MetricRegistriesImpl (MetricRegistriesImpl.java:lambda$create$1(61)) - First MetricRegistry has been created without registering reporters. You may need to call MetricRegistries.global().addReportRegistration(...) before.
2019-11-13 18:48:13,361 [pool-27-thread-1] INFO  server.RaftServerConfigKeys (ConfUtils.java:logGet(43)) - raft.server.log.statemachine.data.sync.timeout = 10s (default)
2019-11-13 18:48:13,361 [pool-117-thread-1] INFO  server.RaftServerConfigKeys (ConfUtils.java:logGet(43)) - raft.server.snapshot.auto.trigger.threshold = 10000 (custom)
2019-11-13 18:48:13,361 [pool-77-thread-1] INFO  impl.RaftServerImpl (RaftServerImpl.java:start(184)) - 694477cc-c317-4cd0-89bd-f326ada4a5ba@group-E95F516CAEBC: start as a follower, conf=-1: [6a4d2be6-9424-4ae4-9e09-f01b73daf36a:192.168.164.219:39773, 694477cc-c317-4cd0-89bd-f326ada4a5ba:192.168.164.219:36781, 8a346eb0-433c-4f64-9a22-d40a83dee003:192.168.164.219:45850], old=null
2019-11-13 18:48:13,361 [pool-27-thread-1] INFO  server.RaftServerConfigKeys (ConfUtils.java:logGet(43)) - raft.server.log.statemachine.data.sync.timeout.retry = -1 (default)
2019-11-13 18:48:13,361 [pool-77-thread-1] INFO  impl.RaftServerImpl (RaftServerImpl.java:setRole(173)) - 694477cc-c317-4cd0-89bd-f326ada4a5ba@group-E95F516CAEBC: changes role from      null to FOLLOWER at term 0 for startAsFollower
2019-11-13 18:48:13,361 [pool-117-thread-1] INFO  server.RaftServerConfigKeys (ConfUtils.java:logGet(43)) - raft.server.snapshot.retention.file.num = 5 (custom)
2019-11-13 18:48:13,361 [pool-27-thread-1] INFO  server.RaftServerConfigKeys (ConfUtils.java:logGet(43)) - raft.server.log.statemachine.data.caching.enabled = true (custom)
2019-11-13 18:48:13,361 [pool-77-thread-1] INFO  impl.RoleInfo (RoleInfo.java:updateAndGet(143)) - 694477cc-c317-4cd0-89bd-f326ada4a5ba: start FollowerState
2019-11-13 18:48:13,361 [pool-117-thread-1] INFO  server.RaftServerConfigKeys (ConfUtils.java:logGet(43)) - raft.server.retrycache.expirytime = 600000ms (custom)
2019-11-13 18:48:13,362 [pool-27-thread-1] INFO  segmented.SegmentedRaftLogWorker (SegmentedRaftLogWorker.java:lambda$new$0(128)) - 8a346eb0-433c-4f64-9a22-d40a83dee003@group-E95F516CAEBC-SegmentedRaftLogWorker: flushIndex: setUnconditionally 0 -> -1
2019-11-13 18:48:13,362 [pool-117-thread-1] WARN  impl.MetricRegistriesImpl (MetricRegistriesImpl.java:lambda$create$1(61)) - First MetricRegistry has been created without registering reporters. You may need to call MetricRegistries.global().addReportRegistration(...) before.
2019-11-13 18:48:13,362 [pool-117-thread-1] WARN  impl.MetricRegistriesImpl (MetricRegistriesImpl.java:lambda$create$1(61)) - First MetricRegistry has been created without registering reporters. You may need to call MetricRegistries.global().addReportRegistration(...) before.
2019-11-13 18:48:13,362 [pool-77-thread-1] INFO  util.JmxRegister (JmxRegister.java:tryRegister(44)) - Successfully registered JMX Bean with object name Ratis:service=RaftServer,group=group-E95F516CAEBC,id=694477cc-c317-4cd0-89bd-f326ada4a5ba
2019-11-13 18:48:13,362 [pool-27-thread-1] INFO  server.RaftServerConfigKeys (ConfUtils.java:logGet(43)) - raft.server.snapshot.auto.trigger.enabled = true (custom)
2019-11-13 18:48:13,362 [pool-77-thread-1] WARN  impl.MetricRegistriesImpl (MetricRegistriesImpl.java:lambda$create$1(61)) - First MetricRegistry has been created without registering reporters. You may need to call MetricRegistries.global().addReportRegistration(...) before.
2019-11-13 18:48:13,362 [pool-117-thread-1] INFO  impl.RaftServerImpl (RaftServerImpl.java:start(184)) - 6a4d2be6-9424-4ae4-9e09-f01b73daf36a@group-E95F516CAEBC: start as a follower, conf=-1: [6a4d2be6-9424-4ae4-9e09-f01b73daf36a:192.168.164.219:39773, 694477cc-c317-4cd0-89bd-f326ada4a5ba:192.168.164.219:36781, 8a346eb0-433c-4f64-9a22-d40a83dee003:192.168.164.219:45850], old=null
2019-11-13 18:48:13,362 [pool-27-thread-1] INFO  server.RaftServerConfigKeys (ConfUtils.java:logGet(43)) - raft.server.snapshot.auto.trigger.threshold = 10000 (custom)
2019-11-13 18:48:13,362 [pool-117-thread-1] INFO  impl.RaftServerImpl (RaftServerImpl.java:setRole(173)) - 6a4d2be6-9424-4ae4-9e09-f01b73daf36a@group-E95F516CAEBC: changes role from      null to FOLLOWER at term 0 for startAsFollower
2019-11-13 18:48:13,362 [pool-27-thread-1] INFO  server.RaftServerConfigKeys (ConfUtils.java:logGet(43)) - raft.server.snapshot.retention.file.num = 5 (custom)
2019-11-13 18:48:13,363 [pool-27-thread-1] INFO  server.RaftServerConfigKeys (ConfUtils.java:logGet(43)) - raft.server.retrycache.expirytime = 600000ms (custom)
2019-11-13 18:48:13,363 [pool-117-thread-1] INFO  impl.RoleInfo (RoleInfo.java:updateAndGet(143)) - 6a4d2be6-9424-4ae4-9e09-f01b73daf36a: start FollowerState
2019-11-13 18:48:13,363 [pool-27-thread-1] WARN  impl.MetricRegistriesImpl (MetricRegistriesImpl.java:lambda$create$1(61)) - First MetricRegistry has been created without registering reporters. You may need to call MetricRegistries.global().addReportRegistration(...) before.
2019-11-13 18:48:13,363 [pool-27-thread-1] WARN  impl.MetricRegistriesImpl (MetricRegistriesImpl.java:lambda$create$1(61)) - First MetricRegistry has been created without registering reporters. You may need to call MetricRegistries.global().addReportRegistration(...) before.
2019-11-13 18:48:13,363 [pool-117-thread-1] INFO  util.JmxRegister (JmxRegister.java:tryRegister(44)) - Successfully registered JMX Bean with object name Ratis:service=RaftServer,group=group-E95F516CAEBC,id=6a4d2be6-9424-4ae4-9e09-f01b73daf36a
2019-11-13 18:48:13,363 [pool-27-thread-1] INFO  impl.RaftServerImpl (RaftServerImpl.java:start(184)) - 8a346eb0-433c-4f64-9a22-d40a83dee003@group-E95F516CAEBC: start as a follower, conf=-1: [6a4d2be6-9424-4ae4-9e09-f01b73daf36a:192.168.164.219:39773, 694477cc-c317-4cd0-89bd-f326ada4a5ba:192.168.164.219:36781, 8a346eb0-433c-4f64-9a22-d40a83dee003:192.168.164.219:45850], old=null
2019-11-13 18:48:13,363 [pool-117-thread-1] WARN  impl.MetricRegistriesImpl (MetricRegistriesImpl.java:lambda$create$1(61)) - First MetricRegistry has been created without registering reporters. You may need to call MetricRegistries.global().addReportRegistration(...) before.
2019-11-13 18:48:13,363 [pool-27-thread-1] INFO  impl.RaftServerImpl (RaftServerImpl.java:setRole(173)) - 8a346eb0-433c-4f64-9a22-d40a83dee003@group-E95F516CAEBC: changes role from      null to FOLLOWER at term 0 for startAsFollower
2019-11-13 18:48:13,363 [pool-27-thread-1] INFO  impl.RoleInfo (RoleInfo.java:updateAndGet(143)) - 8a346eb0-433c-4f64-9a22-d40a83dee003: start FollowerState
2019-11-13 18:48:13,364 [pool-27-thread-1] INFO  util.JmxRegister (JmxRegister.java:tryRegister(44)) - Successfully registered JMX Bean with object name Ratis:service=RaftServer,group=group-E95F516CAEBC,id=8a346eb0-433c-4f64-9a22-d40a83dee003
2019-11-13 18:48:13,364 [pool-27-thread-1] WARN  impl.MetricRegistriesImpl (MetricRegistriesImpl.java:lambda$create$1(61)) - First MetricRegistry has been created without registering reporters. You may need to call MetricRegistries.global().addReportRegistration(...) before.
2019-11-13 18:48:13,383 [RatisPipelineUtilsThread] INFO  pipeline.PipelineStateManager (PipelineStateManager.java:addPipeline(55)) - Created pipeline Pipeline[ Id: 62cfdfc0-d4bf-4ef6-a0cc-e95f516caebc, Nodes: 8a346eb0-433c-4f64-9a22-d40a83dee003{ip: 192.168.164.219, host: pr-hdds-1940-7lghg-363871468, networkLocation: /default-rack, certSerialId: null}6a4d2be6-9424-4ae4-9e09-f01b73daf36a{ip: 192.168.164.219, host: pr-hdds-1940-7lghg-363871468, networkLocation: /default-rack, certSerialId: null}694477cc-c317-4cd0-89bd-f326ada4a5ba{ip: 192.168.164.219, host: pr-hdds-1940-7lghg-363871468, networkLocation: /default-rack, certSerialId: null}, Type:RATIS, Factor:THREE, State:ALLOCATED]
2019-11-13 18:48:13,401 [grpc-default-executor-1] INFO  impl.RaftServerProxy (RaftServerProxy.java:addNew(89)) - cb343498-03c0-425e-a729-2b4f8684daee: addNew group-74545E85C80C:[cb343498-03c0-425e-a729-2b4f8684daee:192.168.164.219:33301, e8491d14-0d10-4bdc-963d-f0280d0d8b35:192.168.164.219:41564, 302e21ca-1d4a-4b22-bc74-f644a63fc179:192.168.164.219:35354] returns group-74545E85C80C:java.util.concurrent.CompletableFuture@381fe7fa[Not completed]
2019-11-13 18:48:13,403 [grpc-default-executor-2] INFO  impl.RaftServerProxy (RaftServerProxy.java:addNew(89)) - e8491d14-0d10-4bdc-963d-f0280d0d8b35: addNew group-74545E85C80C:[cb343498-03c0-425e-a729-2b4f8684daee:192.168.164.219:33301, e8491d14-0d10-4bdc-963d-f0280d0d8b35:192.168.164.219:41564, 302e21ca-1d4a-4b22-bc74-f644a63fc179:192.168.164.219:35354] returns group-74545E85C80C:java.util.concurrent.CompletableFuture@1773e8aa[Not completed]
2019-11-13 18:48:13,405 [grpc-default-executor-0] INFO  impl.RaftServerProxy (RaftServerProxy.java:addNew(89)) - 302e21ca-1d4a-4b22-bc74-f644a63fc179: addNew group-74545E85C80C:[cb343498-03c0-425e-a729-2b4f8684daee:192.168.164.219:33301, e8491d14-0d10-4bdc-963d-f0280d0d8b35:192.168.164.219:41564, 302e21ca-1d4a-4b22-bc74-f644a63fc179:192.168.164.219:35354] returns group-74545E85C80C:java.util.concurrent.CompletableFuture@408c063d[Not completed]
2019-11-13 18:48:13,405 [pool-67-thread-1] INFO  impl.RaftServerImpl (RaftServerImpl.java:<init>(98)) - cb343498-03c0-425e-a729-2b4f8684daee: new RaftServerImpl for group-74545E85C80C:[cb343498-03c0-425e-a729-2b4f8684daee:192.168.164.219:33301, e8491d14-0d10-4bdc-963d-f0280d0d8b35:192.168.164.219:41564, 302e21ca-1d4a-4b22-bc74-f644a63fc179:192.168.164.219:35354] with ContainerStateMachine:uninitialized
2019-11-13 18:48:13,406 [pool-67-thread-1] INFO  server.RaftServerConfigKeys (ConfUtils.java:logGet(43)) - raft.server.rpc.timeout.min = 1s (custom)
2019-11-13 18:48:13,406 [pool-67-thread-1] INFO  server.RaftServerConfigKeys (ConfUtils.java:logGet(43)) - raft.server.rpc.timeout.max = 1200ms (custom)
2019-11-13 18:48:13,406 [pool-67-thread-1] INFO  server.RaftServerConfigKeys (ConfUtils.java:logGet(43)) - raft.server.rpcslowness.timeout = 120s (custom)
2019-11-13 18:48:13,406 [pool-67-thread-1] INFO  server.RaftServerConfigKeys (ConfUtils.java:logGet(43)) - raft.server.sleep.deviation.threshold = 300 (default)
2019-11-13 18:48:13,406 [pool-67-thread-1] INFO  server.RaftServerConfigKeys (ConfUtils.java:logGet(43)) - raft.server.log.appender.install.snapshot.enabled = false (custom)
2019-11-13 18:48:13,406 [pool-67-thread-1] INFO  impl.RaftServerImpl (ServerState.java:<init>(103)) - cb343498-03c0-425e-a729-2b4f8684daee@group-74545E85C80C: ConfigurationManager, init=-1: [cb343498-03c0-425e-a729-2b4f8684daee:192.168.164.219:33301, e8491d14-0d10-4bdc-963d-f0280d0d8b35:192.168.164.219:41564, 302e21ca-1d4a-4b22-bc74-f644a63fc179:192.168.164.219:35354], old=null, confs=<EMPTY_MAP>
2019-11-13 18:48:13,406 [pool-67-thread-1] INFO  server.RaftServerConfigKeys (ConfUtils.java:logGet(43)) - raft.server.storage.dir = [/workdir/hadoop-ozone/integration-test/target/test-dir/MiniOzoneClusterImpl-936e8649-2eb0-4b7a-921b-5d2cce332f9c/datanode-4/data/ratis] (custom)
2019-11-13 18:48:13,406 [pool-67-thread-1] INFO  server.RaftServerConfigKeys (ConfUtils.java:logGet(43)) - raft.server.log.corruption.policy = EXCEPTION (default)
2019-11-13 18:48:13,407 [pool-67-thread-1] INFO  storage.RaftStorageDirectory (RaftStorageDirectory.java:analyzeStorage(246)) - The storage directory /workdir/hadoop-ozone/integration-test/target/test-dir/MiniOzoneClusterImpl-936e8649-2eb0-4b7a-921b-5d2cce332f9c/datanode-4/data/ratis/c1538db3-7fd1-4e4c-ae78-74545e85c80c does not exist. Creating ...
2019-11-13 18:48:13,407 [pool-87-thread-1] INFO  impl.RaftServerImpl (RaftServerImpl.java:<init>(98)) - 302e21ca-1d4a-4b22-bc74-f644a63fc179: new RaftServerImpl for group-74545E85C80C:[cb343498-03c0-425e-a729-2b4f8684daee:192.168.164.219:33301, e8491d14-0d10-4bdc-963d-f0280d0d8b35:192.168.164.219:41564, 302e21ca-1d4a-4b22-bc74-f644a63fc179:192.168.164.219:35354] with ContainerStateMachine:uninitialized
2019-11-13 18:48:13,407 [pool-87-thread-1] INFO  server.RaftServerConfigKeys (ConfUtils.java:logGet(43)) - raft.server.rpc.timeout.min = 1s (custom)
2019-11-13 18:48:13,407 [pool-87-thread-1] INFO  server.RaftServerConfigKeys (ConfUtils.java:logGet(43)) - raft.server.rpc.timeout.max = 1200ms (custom)
2019-11-13 18:48:13,407 [pool-87-thread-1] INFO  server.RaftServerConfigKeys (ConfUtils.java:logGet(43)) - raft.server.rpcslowness.timeout = 120s (custom)
2019-11-13 18:48:13,407 [pool-107-thread-1] INFO  impl.RaftServerImpl (RaftServerImpl.java:<init>(98)) - e8491d14-0d10-4bdc-963d-f0280d0d8b35: new RaftServerImpl for group-74545E85C80C:[cb343498-03c0-425e-a729-2b4f8684daee:192.168.164.219:33301, e8491d14-0d10-4bdc-963d-f0280d0d8b35:192.168.164.219:41564, 302e21ca-1d4a-4b22-bc74-f644a63fc179:192.168.164.219:35354] with ContainerStateMachine:uninitialized
2019-11-13 18:48:13,407 [pool-87-thread-1] INFO  server.RaftServerConfigKeys (ConfUtils.java:logGet(43)) - raft.server.sleep.deviation.threshold = 300 (default)
2019-11-13 18:48:13,408 [pool-107-thread-1] INFO  server.RaftServerConfigKeys (ConfUtils.java:logGet(43)) - raft.server.rpc.timeout.min = 1s (custom)
2019-11-13 18:48:13,408 [pool-87-thread-1] INFO  server.RaftServerConfigKeys (ConfUtils.java:logGet(43)) - raft.server.log.appender.install.snapshot.enabled = false (custom)
2019-11-13 18:48:13,408 [pool-107-thread-1] INFO  server.RaftServerConfigKeys (ConfUtils.java:logGet(43)) - raft.server.rpc.timeout.max = 1200ms (custom)
2019-11-13 18:48:13,408 [pool-87-thread-1] INFO  impl.RaftServerImpl (ServerState.java:<init>(103)) - 302e21ca-1d4a-4b22-bc74-f644a63fc179@group-74545E85C80C: ConfigurationManager, init=-1: [cb343498-03c0-425e-a729-2b4f8684daee:192.168.164.219:33301, e8491d14-0d10-4bdc-963d-f0280d0d8b35:192.168.164.219:41564, 302e21ca-1d4a-4b22-bc74-f644a63fc179:192.168.164.219:35354], old=null, confs=<EMPTY_MAP>
2019-11-13 18:48:13,408 [pool-107-thread-1] INFO  server.RaftServerConfigKeys (ConfUtils.java:logGet(43)) - raft.server.rpcslowness.timeout = 120s (custom)
2019-11-13 18:48:13,408 [pool-107-thread-1] INFO  server.RaftServerConfigKeys (ConfUtils.java:logGet(43)) - raft.server.sleep.deviation.threshold = 300 (default)
2019-11-13 18:48:13,408 [pool-87-thread-1] INFO  server.RaftServerConfigKeys (ConfUtils.java:logGet(43)) - raft.server.storage.dir = [/workdir/hadoop-ozone/integration-test/target/test-dir/MiniOzoneClusterImpl-936e8649-2eb0-4b7a-921b-5d2cce332f9c/datanode-6/data/ratis] (custom)
2019-11-13 18:48:13,408 [pool-107-thread-1] INFO  server.RaftServerConfigKeys (ConfUtils.java:logGet(43)) - raft.server.log.appender.install.snapshot.enabled = false (custom)
2019-11-13 18:48:13,409 [pool-107-thread-1] INFO  impl.RaftServerImpl (ServerState.java:<init>(103)) - e8491d14-0d10-4bdc-963d-f0280d0d8b35@group-74545E85C80C: ConfigurationManager, init=-1: [cb343498-03c0-425e-a729-2b4f8684daee:192.168.164.219:33301, e8491d14-0d10-4bdc-963d-f0280d0d8b35:192.168.164.219:41564, 302e21ca-1d4a-4b22-bc74-f644a63fc179:192.168.164.219:35354], old=null, confs=<EMPTY_MAP>
2019-11-13 18:48:13,409 [pool-87-thread-1] INFO  server.RaftServerConfigKeys (ConfUtils.java:logGet(43)) - raft.server.log.corruption.policy = EXCEPTION (default)
2019-11-13 18:48:13,409 [pool-107-thread-1] INFO  server.RaftServerConfigKeys (ConfUtils.java:logGet(43)) - raft.server.storage.dir = [/workdir/hadoop-ozone/integration-test/target/test-dir/MiniOzoneClusterImpl-936e8649-2eb0-4b7a-921b-5d2cce332f9c/datanode-8/data/ratis] (custom)
2019-11-13 18:48:13,409 [pool-87-thread-1] INFO  storage.RaftStorageDirectory (RaftStorageDirectory.java:analyzeStorage(246)) - The storage directory /workdir/hadoop-ozone/integration-test/target/test-dir/MiniOzoneClusterImpl-936e8649-2eb0-4b7a-921b-5d2cce332f9c/datanode-6/data/ratis/c1538db3-7fd1-4e4c-ae78-74545e85c80c does not exist. Creating ...
2019-11-13 18:48:13,409 [pool-107-thread-1] INFO  server.RaftServerConfigKeys (ConfUtils.java:logGet(43)) - raft.server.log.corruption.policy = EXCEPTION (default)
2019-11-13 18:48:13,409 [pool-107-thread-1] INFO  storage.RaftStorageDirectory (RaftStorageDirectory.java:analyzeStorage(246)) - The storage directory /workdir/hadoop-ozone/integration-test/target/test-dir/MiniOzoneClusterImpl-936e8649-2eb0-4b7a-921b-5d2cce332f9c/datanode-8/data/ratis/c1538db3-7fd1-4e4c-ae78-74545e85c80c does not exist. Creating ...
2019-11-13 18:48:13,420 [pool-107-thread-1] INFO  storage.RaftStorageDirectory (RaftStorageDirectory.java:tryLock(328)) - Lock on /workdir/hadoop-ozone/integration-test/target/test-dir/MiniOzoneClusterImpl-936e8649-2eb0-4b7a-921b-5d2cce332f9c/datanode-8/data/ratis/c1538db3-7fd1-4e4c-ae78-74545e85c80c/in_use.lock acquired by nodename 19542@pr-hdds-1940-7lghg-363871468
2019-11-13 18:48:13,420 [pool-87-thread-1] INFO  storage.RaftStorageDirectory (RaftStorageDirectory.java:tryLock(328)) - Lock on /workdir/hadoop-ozone/integration-test/target/test-dir/MiniOzoneClusterImpl-936e8649-2eb0-4b7a-921b-5d2cce332f9c/datanode-6/data/ratis/c1538db3-7fd1-4e4c-ae78-74545e85c80c/in_use.lock acquired by nodename 19542@pr-hdds-1940-7lghg-363871468
2019-11-13 18:48:13,420 [pool-67-thread-1] INFO  storage.RaftStorageDirectory (RaftStorageDirectory.java:tryLock(328)) - Lock on /workdir/hadoop-ozone/integration-test/target/test-dir/MiniOzoneClusterImpl-936e8649-2eb0-4b7a-921b-5d2cce332f9c/datanode-4/data/ratis/c1538db3-7fd1-4e4c-ae78-74545e85c80c/in_use.lock acquired by nodename 19542@pr-hdds-1940-7lghg-363871468
2019-11-13 18:48:13,434 [pool-107-thread-1] INFO  storage.RaftStorage (RaftStorage.java:format(84)) - Storage directory /workdir/hadoop-ozone/integration-test/target/test-dir/MiniOzoneClusterImpl-936e8649-2eb0-4b7a-921b-5d2cce332f9c/datanode-8/data/ratis/c1538db3-7fd1-4e4c-ae78-74545e85c80c has been successfully formatted.
2019-11-13 18:48:13,434 [pool-87-thread-1] INFO  storage.RaftStorage (RaftStorage.java:format(84)) - Storage directory /workdir/hadoop-ozone/integration-test/target/test-dir/MiniOzoneClusterImpl-936e8649-2eb0-4b7a-921b-5d2cce332f9c/datanode-6/data/ratis/c1538db3-7fd1-4e4c-ae78-74545e85c80c has been successfully formatted.
2019-11-13 18:48:13,434 [pool-67-thread-1] INFO  storage.RaftStorage (RaftStorage.java:format(84)) - Storage directory /workdir/hadoop-ozone/integration-test/target/test-dir/MiniOzoneClusterImpl-936e8649-2eb0-4b7a-921b-5d2cce332f9c/datanode-4/data/ratis/c1538db3-7fd1-4e4c-ae78-74545e85c80c has been successfully formatted.
2019-11-13 18:48:13,434 [pool-107-thread-1] INFO  ratis.ContainerStateMachine (ContainerStateMachine.java:loadSnapshot(223)) - group-74545E85C80C: The snapshot info is null. Setting the last applied indexto:(t:0, i:~)
2019-11-13 18:48:13,435 [pool-87-thread-1] INFO  ratis.ContainerStateMachine (ContainerStateMachine.java:loadSnapshot(223)) - group-74545E85C80C: The snapshot info is null. Setting the last applied indexto:(t:0, i:~)
2019-11-13 18:48:13,435 [pool-67-thread-1] INFO  ratis.ContainerStateMachine (ContainerStateMachine.java:loadSnapshot(223)) - group-74545E85C80C: The snapshot info is null. Setting the last applied indexto:(t:0, i:~)
2019-11-13 18:48:13,435 [pool-107-thread-1] INFO  server.RaftServerConfigKeys (ConfUtils.java:logGet(43)) - raft.server.notification.no-leader.timeout = 120s (custom)
2019-11-13 18:48:13,435 [pool-67-thread-1] INFO  server.RaftServerConfigKeys (ConfUtils.java:logGet(43)) - raft.server.notification.no-leader.timeout = 120s (custom)
2019-11-13 18:48:13,435 [pool-87-thread-1] INFO  server.RaftServerConfigKeys (ConfUtils.java:logGet(43)) - raft.server.notification.no-leader.timeout = 120s (custom)
2019-11-13 18:48:13,435 [pool-67-thread-1] INFO  server.RaftServerConfigKeys (ConfUtils.java:logGet(43)) - raft.server.log.use.memory = false (default)
2019-11-13 18:48:13,435 [pool-107-thread-1] INFO  server.RaftServerConfigKeys (ConfUtils.java:logGet(43)) - raft.server.log.use.memory = false (default)
2019-11-13 18:48:13,435 [pool-87-thread-1] INFO  server.RaftServerConfigKeys (ConfUtils.java:logGet(43)) - raft.server.log.use.memory = false (default)
2019-11-13 18:48:13,435 [pool-67-thread-1] INFO  server.RaftServerConfigKeys (ConfUtils.java:logGet(43)) - raft.server.log.purge.gap = 1000000 (custom)
2019-11-13 18:48:13,435 [pool-107-thread-1] INFO  server.RaftServerConfigKeys (ConfUtils.java:logGet(43)) - raft.server.log.purge.gap = 1000000 (custom)
2019-11-13 18:48:13,436 [pool-67-thread-1] INFO  server.RaftServerConfigKeys (ConfUtils.java:logGet(43)) - raft.server.log.appender.buffer.byte-limit = 33554432 (custom)
2019-11-13 18:48:13,435 [pool-87-thread-1] INFO  server.RaftServerConfigKeys (ConfUtils.java:logGet(43)) - raft.server.log.purge.gap = 1000000 (custom)
2019-11-13 18:48:13,436 [pool-67-thread-1] INFO  server.RaftServerConfigKeys (ConfUtils.java:logGet(43)) - raft.server.log.segment.size.max = 1048576 (custom)
2019-11-13 18:48:13,436 [pool-107-thread-1] INFO  server.RaftServerConfigKeys (ConfUtils.java:logGet(43)) - raft.server.log.appender.buffer.byte-limit = 33554432 (custom)
2019-11-13 18:48:13,436 [pool-87-thread-1] INFO  server.RaftServerConfigKeys (ConfUtils.java:logGet(43)) - raft.server.log.appender.buffer.byte-limit = 33554432 (custom)
2019-11-13 18:48:13,436 [pool-67-thread-1] INFO  server.RaftServerConfigKeys (ConfUtils.java:logGet(43)) - raft.server.log.segment.cache.num.max = 2 (custom)
2019-11-13 18:48:13,436 [pool-107-thread-1] INFO  server.RaftServerConfigKeys (ConfUtils.java:logGet(43)) - raft.server.log.segment.size.max = 1048576 (custom)
2019-11-13 18:48:13,436 [pool-67-thread-1] INFO  segmented.SegmentedRaftLogWorker (SegmentedRaftLogWorker.java:<init>(173)) - new cb343498-03c0-425e-a729-2b4f8684daee@group-74545E85C80C-SegmentedRaftLogWorker for RaftStorage:Storage Directory /workdir/hadoop-ozone/integration-test/target/test-dir/MiniOzoneClusterImpl-936e8649-2eb0-4b7a-921b-5d2cce332f9c/datanode-4/data/ratis/c1538db3-7fd1-4e4c-ae78-74545e85c80c
2019-11-13 18:48:13,436 [pool-87-thread-1] INFO  server.RaftServerConfigKeys (ConfUtils.java:logGet(43)) - raft.server.log.segment.size.max = 1048576 (custom)
2019-11-13 18:48:13,436 [pool-67-thread-1] INFO  server.RaftServerConfigKeys (ConfUtils.java:logGet(43)) - raft.server.log.queue.byte-limit = 2147483647 (custom)
2019-11-13 18:48:13,436 [pool-107-thread-1] INFO  server.RaftServerConfigKeys (ConfUtils.java:logGet(43)) - raft.server.log.segment.cache.num.max = 2 (custom)
2019-11-13 18:48:13,437 [pool-67-thread-1] INFO  server.RaftServerConfigKeys (ConfUtils.java:logGet(43)) - raft.server.log.queue.element-limit = 1024 (custom)
2019-11-13 18:48:13,437 [pool-87-thread-1] INFO  server.RaftServerConfigKeys (ConfUtils.java:logGet(43)) - raft.server.log.segment.cache.num.max = 2 (custom)
2019-11-13 18:48:13,437 [pool-67-thread-1] INFO  server.RaftServerConfigKeys (ConfUtils.java:logGet(43)) - raft.server.log.segment.size.max = 1048576 (custom)
2019-11-13 18:48:13,437 [pool-107-thread-1] INFO  segmented.SegmentedRaftLogWorker (SegmentedRaftLogWorker.java:<init>(173)) - new e8491d14-0d10-4bdc-963d-f0280d0d8b35@group-74545E85C80C-SegmentedRaftLogWorker for RaftStorage:Storage Directory /workdir/hadoop-ozone/integration-test/target/test-dir/MiniOzoneClusterImpl-936e8649-2eb0-4b7a-921b-5d2cce332f9c/datanode-8/data/ratis/c1538db3-7fd1-4e4c-ae78-74545e85c80c
2019-11-13 18:48:13,437 [pool-67-thread-1] INFO  server.RaftServerConfigKeys (ConfUtils.java:logGet(43)) - raft.server.log.preallocated.size = 16384 (custom)
2019-11-13 18:48:13,437 [pool-87-thread-1] INFO  segmented.SegmentedRaftLogWorker (SegmentedRaftLogWorker.java:<init>(173)) - new 302e21ca-1d4a-4b22-bc74-f644a63fc179@group-74545E85C80C-SegmentedRaftLogWorker for RaftStorage:Storage Directory /workdir/hadoop-ozone/integration-test/target/test-dir/MiniOzoneClusterImpl-936e8649-2eb0-4b7a-921b-5d2cce332f9c/datanode-6/data/ratis/c1538db3-7fd1-4e4c-ae78-74545e85c80c
2019-11-13 18:48:13,437 [pool-67-thread-1] INFO  server.RaftServerConfigKeys (ConfUtils.java:logGet(43)) - raft.server.log.write.buffer.size = 33554432 (custom)
2019-11-13 18:48:13,437 [pool-107-thread-1] INFO  server.RaftServerConfigKeys (ConfUtils.java:logGet(43)) - raft.server.log.queue.byte-limit = 2147483647 (custom)
2019-11-13 18:48:13,437 [pool-67-thread-1] INFO  server.RaftServerConfigKeys (ConfUtils.java:logGet(43)) - raft.server.log.force.sync.num = 128 (default)
2019-11-13 18:48:13,437 [pool-87-thread-1] INFO  server.RaftServerConfigKeys (ConfUtils.java:logGet(43)) - raft.server.log.queue.byte-limit = 2147483647 (custom)
2019-11-13 18:48:13,438 [pool-67-thread-1] INFO  server.RaftServerConfigKeys (ConfUtils.java:logGet(43)) - raft.server.log.statemachine.data.sync = true (default)
2019-11-13 18:48:13,438 [pool-107-thread-1] INFO  server.RaftServerConfigKeys (ConfUtils.java:logGet(43)) - raft.server.log.queue.element-limit = 1024 (custom)
2019-11-13 18:48:13,438 [pool-67-thread-1] INFO  server.RaftServerConfigKeys (ConfUtils.java:logGet(43)) - raft.server.log.statemachine.data.sync.timeout = 10s (default)
2019-11-13 18:48:13,438 [pool-87-thread-1] INFO  server.RaftServerConfigKeys (ConfUtils.java:logGet(43)) - raft.server.log.queue.element-limit = 1024 (custom)
2019-11-13 18:48:13,438 [pool-67-thread-1] INFO  server.RaftServerConfigKeys (ConfUtils.java:logGet(43)) - raft.server.log.statemachine.data.sync.timeout.retry = -1 (default)
2019-11-13 18:48:13,438 [pool-107-thread-1] INFO  server.RaftServerConfigKeys (ConfUtils.java:logGet(43)) - raft.server.log.segment.size.max = 1048576 (custom)
2019-11-13 18:48:13,438 [pool-87-thread-1] INFO  server.RaftServerConfigKeys (ConfUtils.java:logGet(43)) - raft.server.log.segment.size.max = 1048576 (custom)
2019-11-13 18:48:13,438 [pool-107-thread-1] INFO  server.RaftServerConfigKeys (ConfUtils.java:logGet(43)) - raft.server.log.preallocated.size = 16384 (custom)
2019-11-13 18:48:13,438 [pool-67-thread-1] INFO  server.RaftServerConfigKeys (ConfUtils.java:logGet(43)) - raft.server.log.statemachine.data.caching.enabled = true (custom)
2019-11-13 18:48:13,439 [pool-107-thread-1] INFO  server.RaftServerConfigKeys (ConfUtils.java:logGet(43)) - raft.server.log.write.buffer.size = 33554432 (custom)
2019-11-13 18:48:13,439 [pool-87-thread-1] INFO  server.RaftServerConfigKeys (ConfUtils.java:logGet(43)) - raft.server.log.preallocated.size = 16384 (custom)
2019-11-13 18:48:13,439 [pool-67-thread-1] INFO  segmented.SegmentedRaftLogWorker (SegmentedRaftLogWorker.java:lambda$new$0(128)) - cb343498-03c0-425e-a729-2b4f8684daee@group-74545E85C80C-SegmentedRaftLogWorker: flushIndex: setUnconditionally 0 -> -1
2019-11-13 18:48:13,439 [pool-107-thread-1] INFO  server.RaftServerConfigKeys (ConfUtils.java:logGet(43)) - raft.server.log.force.sync.num = 128 (default)
2019-11-13 18:48:13,439 [pool-87-thread-1] INFO  server.RaftServerConfigKeys (ConfUtils.java:logGet(43)) - raft.server.log.write.buffer.size = 33554432 (custom)
2019-11-13 18:48:13,439 [pool-67-thread-1] INFO  server.RaftServerConfigKeys (ConfUtils.java:logGet(43)) - raft.server.snapshot.auto.trigger.enabled = true (custom)
2019-11-13 18:48:13,439 [pool-107-thread-1] INFO  server.RaftServerConfigKeys (ConfUtils.java:logGet(43)) - raft.server.log.statemachine.data.sync = true (default)
2019-11-13 18:48:13,439 [pool-67-thread-1] INFO  server.RaftServerConfigKeys (ConfUtils.java:logGet(43)) - raft.server.snapshot.auto.trigger.threshold = 10000 (custom)
2019-11-13 18:48:13,439 [pool-87-thread-1] INFO  server.RaftServerConfigKeys (ConfUtils.java:logGet(43)) - raft.server.log.force.sync.num = 128 (default)
2019-11-13 18:48:13,439 [pool-67-thread-1] INFO  server.RaftServerConfigKeys (ConfUtils.java:logGet(43)) - raft.server.snapshot.retention.file.num = 5 (custom)
2019-11-13 18:48:13,439 [pool-107-thread-1] INFO  server.RaftServerConfigKeys (ConfUtils.java:logGet(43)) - raft.server.log.statemachine.data.sync.timeout = 10s (default)
2019-11-13 18:48:13,440 [pool-67-thread-1] INFO  server.RaftServerConfigKeys (ConfUtils.java:logGet(43)) - raft.server.retrycache.expirytime = 600000ms (custom)
2019-11-13 18:48:13,439 [pool-87-thread-1] INFO  server.RaftServerConfigKeys (ConfUtils.java:logGet(43)) - raft.server.log.statemachine.data.sync = true (default)
2019-11-13 18:48:13,440 [pool-67-thread-1] WARN  impl.MetricRegistriesImpl (MetricRegistriesImpl.java:lambda$create$1(61)) - First MetricRegistry has been created without registering reporters. You may need to call MetricRegistries.global().addReportRegistration(...) before.
2019-11-13 18:48:13,440 [pool-87-thread-1] INFO  server.RaftServerConfigKeys (ConfUtils.java:logGet(43)) - raft.server.log.statemachine.data.sync.timeout = 10s (default)
2019-11-13 18:48:13,440 [pool-107-thread-1] INFO  server.RaftServerConfigKeys (ConfUtils.java:logGet(43)) - raft.server.log.statemachine.data.sync.timeout.retry = -1 (default)
2019-11-13 18:48:13,440 [pool-87-thread-1] INFO  server.RaftServerConfigKeys (ConfUtils.java:logGet(43)) - raft.server.log.statemachine.data.sync.timeout.retry = -1 (default)
2019-11-13 18:48:13,440 [pool-67-thread-1] WARN  impl.MetricRegistriesImpl (MetricRegistriesImpl.java:lambda$create$1(61)) - First MetricRegistry has been created without registering reporters. You may need to call MetricRegistries.global().addReportRegistration(...) before.
2019-11-13 18:48:13,440 [pool-107-thread-1] INFO  server.RaftServerConfigKeys (ConfUtils.java:logGet(43)) - raft.server.log.statemachine.data.caching.enabled = true (custom)
2019-11-13 18:48:13,440 [pool-87-thread-1] INFO  server.RaftServerConfigKeys (ConfUtils.java:logGet(43)) - raft.server.log.statemachine.data.caching.enabled = true (custom)
2019-11-13 18:48:13,440 [pool-67-thread-1] INFO  impl.RaftServerImpl (RaftServerImpl.java:start(184)) - cb343498-03c0-425e-a729-2b4f8684daee@group-74545E85C80C: start as a follower, conf=-1: [cb343498-03c0-425e-a729-2b4f8684daee:192.168.164.219:33301, e8491d14-0d10-4bdc-963d-f0280d0d8b35:192.168.164.219:41564, 302e21ca-1d4a-4b22-bc74-f644a63fc179:192.168.164.219:35354], old=null
2019-11-13 18:48:13,440 [pool-67-thread-1] INFO  impl.RaftServerImpl (RaftServerImpl.java:setRole(173)) - cb343498-03c0-425e-a729-2b4f8684daee@group-74545E85C80C: changes role from      null to FOLLOWER at term 0 for startAsFollower
2019-11-13 18:48:13,440 [pool-107-thread-1] INFO  segmented.SegmentedRaftLogWorker (SegmentedRaftLogWorker.java:lambda$new$0(128)) - e8491d14-0d10-4bdc-963d-f0280d0d8b35@group-74545E85C80C-SegmentedRaftLogWorker: flushIndex: setUnconditionally 0 -> -1
2019-11-13 18:48:13,441 [pool-87-thread-1] INFO  segmented.SegmentedRaftLogWorker (SegmentedRaftLogWorker.java:lambda$new$0(128)) - 302e21ca-1d4a-4b22-bc74-f644a63fc179@group-74545E85C80C-SegmentedRaftLogWorker: flushIndex: setUnconditionally 0 -> -1
2019-11-13 18:48:13,441 [pool-67-thread-1] INFO  impl.RoleInfo (RoleInfo.java:updateAndGet(143)) - cb343498-03c0-425e-a729-2b4f8684daee: start FollowerState
2019-11-13 18:48:13,441 [pool-107-thread-1] INFO  server.RaftServerConfigKeys (ConfUtils.java:logGet(43)) - raft.server.snapshot.auto.trigger.enabled = true (custom)
2019-11-13 18:48:13,441 [pool-87-thread-1] INFO  server.RaftServerConfigKeys (ConfUtils.java:logGet(43)) - raft.server.snapshot.auto.trigger.enabled = true (custom)
2019-11-13 18:48:13,441 [pool-107-thread-1] INFO  server.RaftServerConfigKeys (ConfUtils.java:logGet(43)) - raft.server.snapshot.auto.trigger.threshold = 10000 (custom)
2019-11-13 18:48:13,441 [pool-87-thread-1] INFO  server.RaftServerConfigKeys (ConfUtils.java:logGet(43)) - raft.server.snapshot.auto.trigger.threshold = 10000 (custom)
2019-11-13 18:48:13,441 [pool-107-thread-1] INFO  server.RaftServerConfigKeys (ConfUtils.java:logGet(43)) - raft.server.snapshot.retention.file.num = 5 (custom)
2019-11-13 18:48:13,441 [pool-87-thread-1] INFO  server.RaftServerConfigKeys (ConfUtils.java:logGet(43)) - raft.server.snapshot.retention.file.num = 5 (custom)
2019-11-13 18:48:13,441 [pool-67-thread-1] INFO  util.JmxRegister (JmxRegister.java:tryRegister(44)) - Successfully registered JMX Bean with object name Ratis:service=RaftServer,group=group-74545E85C80C,id=cb343498-03c0-425e-a729-2b4f8684daee
2019-11-13 18:48:13,441 [pool-107-thread-1] INFO  server.RaftServerConfigKeys (ConfUtils.java:logGet(43)) - raft.server.retrycache.expirytime = 600000ms (custom)
2019-11-13 18:48:13,441 [pool-67-thread-1] WARN  impl.MetricRegistriesImpl (MetricRegistriesImpl.java:lambda$create$1(61)) - First MetricRegistry has been created without registering reporters. You may need to call MetricRegistries.global().addReportRegistration(...) before.
2019-11-13 18:48:13,441 [pool-87-thread-1] INFO  server.RaftServerConfigKeys (ConfUtils.java:logGet(43)) - raft.server.retrycache.expirytime = 600000ms (custom)
2019-11-13 18:48:13,442 [pool-107-thread-1] WARN  impl.MetricRegistriesImpl (MetricRegistriesImpl.java:lambda$create$1(61)) - First MetricRegistry has been created without registering reporters. You may need to call MetricRegistries.global().addReportRegistration(...) before.
2019-11-13 18:48:13,442 [pool-87-thread-1] WARN  impl.MetricRegistriesImpl (MetricRegistriesImpl.java:lambda$create$1(61)) - First MetricRegistry has been created without registering reporters. You may need to call MetricRegistries.global().addReportRegistration(...) before.
2019-11-13 18:48:13,442 [pool-107-thread-1] WARN  impl.MetricRegistriesImpl (MetricRegistriesImpl.java:lambda$create$1(61)) - First MetricRegistry has been created without registering reporters. You may need to call MetricRegistries.global().addReportRegistration(...) before.
2019-11-13 18:48:13,442 [pool-87-thread-1] WARN  impl.MetricRegistriesImpl (MetricRegistriesImpl.java:lambda$create$1(61)) - First MetricRegistry has been created without registering reporters. You may need to call MetricRegistries.global().addReportRegistration(...) before.
2019-11-13 18:48:13,442 [pool-107-thread-1] INFO  impl.RaftServerImpl (RaftServerImpl.java:start(184)) - e8491d14-0d10-4bdc-963d-f0280d0d8b35@group-74545E85C80C: start as a follower, conf=-1: [cb343498-03c0-425e-a729-2b4f8684daee:192.168.164.219:33301, e8491d14-0d10-4bdc-963d-f0280d0d8b35:192.168.164.219:41564, 302e21ca-1d4a-4b22-bc74-f644a63fc179:192.168.164.219:35354], old=null
2019-11-13 18:48:13,442 [pool-107-thread-1] INFO  impl.RaftServerImpl (RaftServerImpl.java:setRole(173)) - e8491d14-0d10-4bdc-963d-f0280d0d8b35@group-74545E85C80C: changes role from      null to FOLLOWER at term 0 for startAsFollower
2019-11-13 18:48:13,442 [pool-87-thread-1] INFO  impl.RaftServerImpl (RaftServerImpl.java:start(184)) - 302e21ca-1d4a-4b22-bc74-f644a63fc179@group-74545E85C80C: start as a follower, conf=-1: [cb343498-03c0-425e-a729-2b4f8684daee:192.168.164.219:33301, e8491d14-0d10-4bdc-963d-f0280d0d8b35:192.168.164.219:41564, 302e21ca-1d4a-4b22-bc74-f644a63fc179:192.168.164.219:35354], old=null
2019-11-13 18:48:13,442 [pool-107-thread-1] INFO  impl.RoleInfo (RoleInfo.java:updateAndGet(143)) - e8491d14-0d10-4bdc-963d-f0280d0d8b35: start FollowerState
2019-11-13 18:48:13,442 [pool-87-thread-1] INFO  impl.RaftServerImpl (RaftServerImpl.java:setRole(173)) - 302e21ca-1d4a-4b22-bc74-f644a63fc179@group-74545E85C80C: changes role from      null to FOLLOWER at term 0 for startAsFollower
2019-11-13 18:48:13,443 [pool-87-thread-1] INFO  impl.RoleInfo (RoleInfo.java:updateAndGet(143)) - 302e21ca-1d4a-4b22-bc74-f644a63fc179: start FollowerState
2019-11-13 18:48:13,443 [pool-107-thread-1] INFO  util.JmxRegister (JmxRegister.java:tryRegister(44)) - Successfully registered JMX Bean with object name Ratis:service=RaftServer,group=group-74545E85C80C,id=e8491d14-0d10-4bdc-963d-f0280d0d8b35
2019-11-13 18:48:13,443 [pool-107-thread-1] WARN  impl.MetricRegistriesImpl (MetricRegistriesImpl.java:lambda$create$1(61)) - First MetricRegistry has been created without registering reporters. You may need to call MetricRegistries.global().addReportRegistration(...) before.
2019-11-13 18:48:13,443 [pool-87-thread-1] INFO  util.JmxRegister (JmxRegister.java:tryRegister(44)) - Successfully registered JMX Bean with object name Ratis:service=RaftServer,group=group-74545E85C80C,id=302e21ca-1d4a-4b22-bc74-f644a63fc179
2019-11-13 18:48:13,443 [pool-87-thread-1] WARN  impl.MetricRegistriesImpl (MetricRegistriesImpl.java:lambda$create$1(61)) - First MetricRegistry has been created without registering reporters. You may need to call MetricRegistries.global().addReportRegistration(...) before.
2019-11-13 18:48:13,452 [RatisPipelineUtilsThread] INFO  pipeline.PipelineStateManager (PipelineStateManager.java:addPipeline(55)) - Created pipeline Pipeline[ Id: c1538db3-7fd1-4e4c-ae78-74545e85c80c, Nodes: 302e21ca-1d4a-4b22-bc74-f644a63fc179{ip: 192.168.164.219, host: pr-hdds-1940-7lghg-363871468, networkLocation: /default-rack, certSerialId: null}e8491d14-0d10-4bdc-963d-f0280d0d8b35{ip: 192.168.164.219, host: pr-hdds-1940-7lghg-363871468, networkLocation: /default-rack, certSerialId: null}cb343498-03c0-425e-a729-2b4f8684daee{ip: 192.168.164.219, host: pr-hdds-1940-7lghg-363871468, networkLocation: /default-rack, certSerialId: null}, Type:RATIS, Factor:THREE, State:ALLOCATED]
2019-11-13 18:48:13,537 [Thread-285] INFO  impl.FollowerState (FollowerState.java:run(111)) - 8a346eb0-433c-4f64-9a22-d40a83dee003@group-0FD4A23451D6-FollowerState: change to CANDIDATE, lastRpcTime:1145ms, electionTimeout:1144ms
2019-11-13 18:48:13,538 [Thread-285] INFO  impl.RoleInfo (RoleInfo.java:shutdownFollowerState(121)) - 8a346eb0-433c-4f64-9a22-d40a83dee003: shutdown FollowerState
2019-11-13 18:48:13,538 [Thread-285] INFO  impl.RaftServerImpl (RaftServerImpl.java:setRole(173)) - 8a346eb0-433c-4f64-9a22-d40a83dee003@group-0FD4A23451D6: changes role from  FOLLOWER to CANDIDATE at term 0 for changeToCandidate
2019-11-13 18:48:13,545 [Thread-285] INFO  impl.RoleInfo (RoleInfo.java:updateAndGet(143)) - 8a346eb0-433c-4f64-9a22-d40a83dee003: start LeaderElection
2019-11-13 18:48:13,565 [8a346eb0-433c-4f64-9a22-d40a83dee003@group-0FD4A23451D6-LeaderElection1] INFO  impl.LeaderElection (LeaderElection.java:askForVotes(178)) - 8a346eb0-433c-4f64-9a22-d40a83dee003@group-0FD4A23451D6-LeaderElection1: begin an election at term 1 for -1: [8a346eb0-433c-4f64-9a22-d40a83dee003:192.168.164.219:45850], old=null
2019-11-13 18:48:13,568 [8a346eb0-433c-4f64-9a22-d40a83dee003@group-0FD4A23451D6-LeaderElection1] INFO  impl.RoleInfo (RoleInfo.java:shutdownLeaderElection(134)) - 8a346eb0-433c-4f64-9a22-d40a83dee003: shutdown LeaderElection
2019-11-13 18:48:13,568 [8a346eb0-433c-4f64-9a22-d40a83dee003@group-0FD4A23451D6-LeaderElection1] INFO  impl.RaftServerImpl (RaftServerImpl.java:setRole(173)) - 8a346eb0-433c-4f64-9a22-d40a83dee003@group-0FD4A23451D6: changes role from CANDIDATE to LEADER at term 1 for changeToLeader
2019-11-13 18:48:13,569 [8a346eb0-433c-4f64-9a22-d40a83dee003@group-0FD4A23451D6-LeaderElection1] INFO  ratis.XceiverServerRatis (XceiverServerRatis.java:handleLeaderChangedNotification(697)) - Leader change notification received for group: group-0FD4A23451D6 with new leaderId: 8a346eb0-433c-4f64-9a22-d40a83dee003
2019-11-13 18:48:13,571 [8a346eb0-433c-4f64-9a22-d40a83dee003@group-0FD4A23451D6-LeaderElection1] INFO  impl.RaftServerImpl (ServerState.java:setLeader(255)) - 8a346eb0-433c-4f64-9a22-d40a83dee003@group-0FD4A23451D6: change Leader from null to 8a346eb0-433c-4f64-9a22-d40a83dee003 at term 1 for becomeLeader, leader elected after 1255ms
2019-11-13 18:48:13,571 [Thread-288] INFO  impl.FollowerState (FollowerState.java:run(111)) - 19b56e57-c404-4271-b4fe-c6c2e842ae91@group-159D0BF0A924-FollowerState: change to CANDIDATE, lastRpcTime:1017ms, electionTimeout:1016ms
2019-11-13 18:48:13,575 [Thread-288] INFO  impl.RoleInfo (RoleInfo.java:shutdownFollowerState(121)) - 19b56e57-c404-4271-b4fe-c6c2e842ae91: shutdown FollowerState
2019-11-13 18:48:13,575 [Thread-288] INFO  impl.RaftServerImpl (RaftServerImpl.java:setRole(173)) - 19b56e57-c404-4271-b4fe-c6c2e842ae91@group-159D0BF0A924: changes role from  FOLLOWER to CANDIDATE at term 0 for changeToCandidate
2019-11-13 18:48:13,575 [Thread-288] INFO  impl.RoleInfo (RoleInfo.java:updateAndGet(143)) - 19b56e57-c404-4271-b4fe-c6c2e842ae91: start LeaderElection
2019-11-13 18:48:13,582 [8a346eb0-433c-4f64-9a22-d40a83dee003@group-0FD4A23451D6-LeaderElection1] INFO  server.RaftServerConfigKeys (ConfUtils.java:logGet(43)) - raft.server.staging.catchup.gap = 1000 (default)
2019-11-13 18:48:13,583 [8a346eb0-433c-4f64-9a22-d40a83dee003@group-0FD4A23451D6-LeaderElection1] INFO  server.RaftServerConfigKeys (ConfUtils.java:logGet(43)) - raft.server.rpc.sleep.time = 25ms (default)
2019-11-13 18:48:13,589 [8a346eb0-433c-4f64-9a22-d40a83dee003@group-0FD4A23451D6-LeaderElection1] INFO  server.RaftServerConfigKeys (ConfUtils.java:logGet(43)) - raft.server.write.element-limit = 4096 (default)
2019-11-13 18:48:13,593 [19b56e57-c404-4271-b4fe-c6c2e842ae91@group-159D0BF0A924-LeaderElection2] INFO  impl.LeaderElection (LeaderElection.java:askForVotes(178)) - 19b56e57-c404-4271-b4fe-c6c2e842ae91@group-159D0BF0A924-LeaderElection2: begin an election at term 1 for -1: [19b56e57-c404-4271-b4fe-c6c2e842ae91:192.168.164.219:41012], old=null
2019-11-13 18:48:13,600 [19b56e57-c404-4271-b4fe-c6c2e842ae91@group-159D0BF0A924-LeaderElection2] INFO  impl.RoleInfo (RoleInfo.java:shutdownLeaderElection(134)) - 19b56e57-c404-4271-b4fe-c6c2e842ae91: shutdown LeaderElection
2019-11-13 18:48:13,600 [19b56e57-c404-4271-b4fe-c6c2e842ae91@group-159D0BF0A924-LeaderElection2] INFO  impl.RaftServerImpl (RaftServerImpl.java:setRole(173)) - 19b56e57-c404-4271-b4fe-c6c2e842ae91@group-159D0BF0A924: changes role from CANDIDATE to LEADER at term 1 for changeToLeader
2019-11-13 18:48:13,600 [19b56e57-c404-4271-b4fe-c6c2e842ae91@group-159D0BF0A924-LeaderElection2] INFO  ratis.XceiverServerRatis (XceiverServerRatis.java:handleLeaderChangedNotification(697)) - Leader change notification received for group: group-159D0BF0A924 with new leaderId: 19b56e57-c404-4271-b4fe-c6c2e842ae91
2019-11-13 18:48:13,601 [19b56e57-c404-4271-b4fe-c6c2e842ae91@group-159D0BF0A924-LeaderElection2] INFO  impl.RaftServerImpl (ServerState.java:setLeader(255)) - 19b56e57-c404-4271-b4fe-c6c2e842ae91@group-159D0BF0A924: change Leader from null to 19b56e57-c404-4271-b4fe-c6c2e842ae91 at term 1 for becomeLeader, leader elected after 1054ms
2019-11-13 18:48:13,601 [19b56e57-c404-4271-b4fe-c6c2e842ae91@group-159D0BF0A924-LeaderElection2] INFO  server.RaftServerConfigKeys (ConfUtils.java:logGet(43)) - raft.server.staging.catchup.gap = 1000 (default)
2019-11-13 18:48:13,601 [19b56e57-c404-4271-b4fe-c6c2e842ae91@group-159D0BF0A924-LeaderElection2] INFO  server.RaftServerConfigKeys (ConfUtils.java:logGet(43)) - raft.server.rpc.sleep.time = 25ms (default)
2019-11-13 18:48:13,604 [19b56e57-c404-4271-b4fe-c6c2e842ae91@group-159D0BF0A924-LeaderElection2] INFO  server.RaftServerConfigKeys (ConfUtils.java:logGet(43)) - raft.server.write.element-limit = 4096 (default)
2019-11-13 18:48:13,605 [8a346eb0-433c-4f64-9a22-d40a83dee003@group-0FD4A23451D6-LeaderElection1] INFO  server.RaftServerConfigKeys (ConfUtils.java:logGet(43)) - raft.server.watch.timeout = 10s (default)
2019-11-13 18:48:13,605 [19b56e57-c404-4271-b4fe-c6c2e842ae91@group-159D0BF0A924-LeaderElection2] INFO  server.RaftServerConfigKeys (ConfUtils.java:logGet(43)) - raft.server.watch.timeout = 10s (default)
2019-11-13 18:48:13,605 [8a346eb0-433c-4f64-9a22-d40a83dee003@group-0FD4A23451D6-LeaderElection1] INFO  server.RaftServerConfigKeys (ConfUtils.java:logGet(43)) - raft.server.watch.timeout.denomination = 1s (default)
2019-11-13 18:48:13,605 [19b56e57-c404-4271-b4fe-c6c2e842ae91@group-159D0BF0A924-LeaderElection2] INFO  server.RaftServerConfigKeys (ConfUtils.java:logGet(43)) - raft.server.watch.timeout.denomination = 1s (default)
2019-11-13 18:48:13,606 [8a346eb0-433c-4f64-9a22-d40a83dee003@group-0FD4A23451D6-LeaderElection1] INFO  server.RaftServerConfigKeys (ConfUtils.java:logGet(43)) - raft.server.watch.element-limit = 65536 (default)
2019-11-13 18:48:13,606 [19b56e57-c404-4271-b4fe-c6c2e842ae91@group-159D0BF0A924-LeaderElection2] INFO  server.RaftServerConfigKeys (ConfUtils.java:logGet(43)) - raft.server.watch.element-limit = 65536 (default)
2019-11-13 18:48:13,616 [EventQueue-PipelineReportForPipelineReportHandler] INFO  pipeline.PipelineStateManager (PipelineStateManager.java:openPipeline(134)) - Pipeline Pipeline[ Id: 3143c332-b6ae-485f-8e1e-159d0bf0a924, Nodes: 19b56e57-c404-4271-b4fe-c6c2e842ae91{ip: 192.168.164.219, host: pr-hdds-1940-7lghg-363871468, networkLocation: /default-rack, certSerialId: null}, Type:RATIS, Factor:ONE, State:OPEN] moved to OPEN state
2019-11-13 18:48:13,619 [EventQueue-PipelineReportForPipelineReportHandler] INFO  pipeline.PipelineStateManager (PipelineStateManager.java:openPipeline(134)) - Pipeline Pipeline[ Id: 900ff320-dc34-4ca3-a1e1-0fd4a23451d6, Nodes: 8a346eb0-433c-4f64-9a22-d40a83dee003{ip: 192.168.164.219, host: pr-hdds-1940-7lghg-363871468, networkLocation: /default-rack, certSerialId: null}, Type:RATIS, Factor:ONE, State:OPEN] moved to OPEN state
2019-11-13 18:48:13,621 [8a346eb0-433c-4f64-9a22-d40a83dee003@group-0FD4A23451D6-LeaderElection1] INFO  impl.RoleInfo (RoleInfo.java:updateAndGet(143)) - 8a346eb0-433c-4f64-9a22-d40a83dee003: start LeaderState
2019-11-13 18:48:13,621 [19b56e57-c404-4271-b4fe-c6c2e842ae91@group-159D0BF0A924-LeaderElection2] INFO  impl.RoleInfo (RoleInfo.java:updateAndGet(143)) - 19b56e57-c404-4271-b4fe-c6c2e842ae91: start LeaderState
2019-11-13 18:48:13,640 [8a346eb0-433c-4f64-9a22-d40a83dee003@group-0FD4A23451D6-LeaderElection1] INFO  segmented.SegmentedRaftLogWorker (SegmentedRaftLogWorker.java:startLogSegment(385)) - 8a346eb0-433c-4f64-9a22-d40a83dee003@group-0FD4A23451D6-SegmentedRaftLogWorker: Starting segment from index:0
2019-11-13 18:48:13,640 [19b56e57-c404-4271-b4fe-c6c2e842ae91@group-159D0BF0A924-LeaderElection2] INFO  segmented.SegmentedRaftLogWorker (SegmentedRaftLogWorker.java:startLogSegment(385)) - 19b56e57-c404-4271-b4fe-c6c2e842ae91@group-159D0BF0A924-SegmentedRaftLogWorker: Starting segment from index:0
2019-11-13 18:48:13,644 [Thread-291] INFO  impl.FollowerState (FollowerState.java:run(111)) - 9582de44-b510-4bf6-b692-b66075a27588@group-8EC9E7A3D4D6-FollowerState: change to CANDIDATE, lastRpcTime:1002ms, electionTimeout:1002ms
2019-11-13 18:48:13,644 [Thread-291] INFO  impl.RoleInfo (RoleInfo.java:shutdownFollowerState(121)) - 9582de44-b510-4bf6-b692-b66075a27588: shutdown FollowerState
2019-11-13 18:48:13,644 [Thread-291] INFO  impl.RaftServerImpl (RaftServerImpl.java:setRole(173)) - 9582de44-b510-4bf6-b692-b66075a27588@group-8EC9E7A3D4D6: changes role from  FOLLOWER to CANDIDATE at term 0 for changeToCandidate
2019-11-13 18:48:13,644 [Thread-291] INFO  impl.RoleInfo (RoleInfo.java:updateAndGet(143)) - 9582de44-b510-4bf6-b692-b66075a27588: start LeaderElection
2019-11-13 18:48:13,651 [19b56e57-c404-4271-b4fe-c6c2e842ae91@group-159D0BF0A924-LeaderElection2] INFO  impl.RaftServerImpl (ServerState.java:setRaftConf(356)) - 19b56e57-c404-4271-b4fe-c6c2e842ae91@group-159D0BF0A924: set configuration 0: [19b56e57-c404-4271-b4fe-c6c2e842ae91:192.168.164.219:41012], old=null at 0
2019-11-13 18:48:13,651 [8a346eb0-433c-4f64-9a22-d40a83dee003@group-0FD4A23451D6-LeaderElection1] INFO  impl.RaftServerImpl (ServerState.java:setRaftConf(356)) - 8a346eb0-433c-4f64-9a22-d40a83dee003@group-0FD4A23451D6: set configuration 0: [8a346eb0-433c-4f64-9a22-d40a83dee003:192.168.164.219:45850], old=null at 0
2019-11-13 18:48:13,656 [main] INFO  ozone.MiniOzoneClusterImpl (MiniOzoneClusterImpl.java:lambda$waitForClusterToBeReady$2(163)) - Waiting for 11 number of pipelines out of 13, to report a leader.
2019-11-13 18:48:13,661 [9582de44-b510-4bf6-b692-b66075a27588@group-8EC9E7A3D4D6-LeaderElection3] INFO  impl.LeaderElection (LeaderElection.java:askForVotes(178)) - 9582de44-b510-4bf6-b692-b66075a27588@group-8EC9E7A3D4D6-LeaderElection3: begin an election at term 1 for -1: [9582de44-b510-4bf6-b692-b66075a27588:192.168.164.219:46083], old=null
2019-11-13 18:48:13,662 [9582de44-b510-4bf6-b692-b66075a27588@group-8EC9E7A3D4D6-LeaderElection3] INFO  impl.RoleInfo (RoleInfo.java:shutdownLeaderElection(134)) - 9582de44-b510-4bf6-b692-b66075a27588: shutdown LeaderElection
2019-11-13 18:48:13,662 [9582de44-b510-4bf6-b692-b66075a27588@group-8EC9E7A3D4D6-LeaderElection3] INFO  impl.RaftServerImpl (RaftServerImpl.java:setRole(173)) - 9582de44-b510-4bf6-b692-b66075a27588@group-8EC9E7A3D4D6: changes role from CANDIDATE to LEADER at term 1 for changeToLeader
2019-11-13 18:48:13,662 [9582de44-b510-4bf6-b692-b66075a27588@group-8EC9E7A3D4D6-LeaderElection3] INFO  ratis.XceiverServerRatis (XceiverServerRatis.java:handleLeaderChangedNotification(697)) - Leader change notification received for group: group-8EC9E7A3D4D6 with new leaderId: 9582de44-b510-4bf6-b692-b66075a27588
2019-11-13 18:48:13,662 [9582de44-b510-4bf6-b692-b66075a27588@group-8EC9E7A3D4D6-LeaderElection3] INFO  impl.RaftServerImpl (ServerState.java:setLeader(255)) - 9582de44-b510-4bf6-b692-b66075a27588@group-8EC9E7A3D4D6: change Leader from null to 9582de44-b510-4bf6-b692-b66075a27588 at term 1 for becomeLeader, leader elected after 1024ms
2019-11-13 18:48:13,662 [9582de44-b510-4bf6-b692-b66075a27588@group-8EC9E7A3D4D6-LeaderElection3] INFO  server.RaftServerConfigKeys (ConfUtils.java:logGet(43)) - raft.server.staging.catchup.gap = 1000 (default)
2019-11-13 18:48:13,663 [9582de44-b510-4bf6-b692-b66075a27588@group-8EC9E7A3D4D6-LeaderElection3] INFO  server.RaftServerConfigKeys (ConfUtils.java:logGet(43)) - raft.server.rpc.sleep.time = 25ms (default)
2019-11-13 18:48:13,664 [9582de44-b510-4bf6-b692-b66075a27588@group-8EC9E7A3D4D6-LeaderElection3] INFO  server.RaftServerConfigKeys (ConfUtils.java:logGet(43)) - raft.server.write.element-limit = 4096 (default)
2019-11-13 18:48:13,664 [9582de44-b510-4bf6-b692-b66075a27588@group-8EC9E7A3D4D6-LeaderElection3] INFO  server.RaftServerConfigKeys (ConfUtils.java:logGet(43)) - raft.server.watch.timeout = 10s (default)
2019-11-13 18:48:13,664 [9582de44-b510-4bf6-b692-b66075a27588@group-8EC9E7A3D4D6-LeaderElection3] INFO  server.RaftServerConfigKeys (ConfUtils.java:logGet(43)) - raft.server.watch.timeout.denomination = 1s (default)
2019-11-13 18:48:13,666 [9582de44-b510-4bf6-b692-b66075a27588@group-8EC9E7A3D4D6-LeaderElection3] INFO  server.RaftServerConfigKeys (ConfUtils.java:logGet(43)) - raft.server.watch.element-limit = 65536 (default)
2019-11-13 18:48:13,666 [9582de44-b510-4bf6-b692-b66075a27588@group-8EC9E7A3D4D6-LeaderElection3] INFO  impl.RoleInfo (RoleInfo.java:updateAndGet(143)) - 9582de44-b510-4bf6-b692-b66075a27588: start LeaderState
2019-11-13 18:48:13,666 [9582de44-b510-4bf6-b692-b66075a27588@group-8EC9E7A3D4D6-LeaderElection3] INFO  segmented.SegmentedRaftLogWorker (SegmentedRaftLogWorker.java:startLogSegment(385)) - 9582de44-b510-4bf6-b692-b66075a27588@group-8EC9E7A3D4D6-SegmentedRaftLogWorker: Starting segment from index:0
2019-11-13 18:48:13,666 [9582de44-b510-4bf6-b692-b66075a27588@group-8EC9E7A3D4D6-LeaderElection3] INFO  impl.RaftServerImpl (ServerState.java:setRaftConf(356)) - 9582de44-b510-4bf6-b692-b66075a27588@group-8EC9E7A3D4D6: set configuration 0: [9582de44-b510-4bf6-b692-b66075a27588:192.168.164.219:46083], old=null at 0
2019-11-13 18:48:13,667 [EventQueue-PipelineReportForPipelineReportHandler] INFO  pipeline.PipelineStateManager (PipelineStateManager.java:openPipeline(134)) - Pipeline Pipeline[ Id: 367e8e5a-61d7-45c5-8a32-8ec9e7a3d4d6, Nodes: 9582de44-b510-4bf6-b692-b66075a27588{ip: 192.168.164.219, host: pr-hdds-1940-7lghg-363871468, networkLocation: /default-rack, certSerialId: null}, Type:RATIS, Factor:ONE, State:OPEN] moved to OPEN state
2019-11-13 18:48:13,728 [Thread-294] INFO  impl.FollowerState (FollowerState.java:run(111)) - 9ee498fb-dbd1-4b89-b28c-40ca18800c49@group-AF85F87999EB-FollowerState: change to CANDIDATE, lastRpcTime:1022ms, electionTimeout:1022ms
2019-11-13 18:48:13,728 [Thread-294] INFO  impl.RoleInfo (RoleInfo.java:shutdownFollowerState(121)) - 9ee498fb-dbd1-4b89-b28c-40ca18800c49: shutdown FollowerState
2019-11-13 18:48:13,728 [Thread-294] INFO  impl.RaftServerImpl (RaftServerImpl.java:setRole(173)) - 9ee498fb-dbd1-4b89-b28c-40ca18800c49@group-AF85F87999EB: changes role from  FOLLOWER to CANDIDATE at term 0 for changeToCandidate
2019-11-13 18:48:13,728 [Thread-294] INFO  impl.RoleInfo (RoleInfo.java:updateAndGet(143)) - 9ee498fb-dbd1-4b89-b28c-40ca18800c49: start LeaderElection
2019-11-13 18:48:13,747 [9ee498fb-dbd1-4b89-b28c-40ca18800c49@group-AF85F87999EB-LeaderElection4] INFO  impl.LeaderElection (LeaderElection.java:askForVotes(178)) - 9ee498fb-dbd1-4b89-b28c-40ca18800c49@group-AF85F87999EB-LeaderElection4: begin an election at term 1 for -1: [9ee498fb-dbd1-4b89-b28c-40ca18800c49:192.168.164.219:36915], old=null
2019-11-13 18:48:13,747 [9ee498fb-dbd1-4b89-b28c-40ca18800c49@group-AF85F87999EB-LeaderElection4] INFO  impl.RoleInfo (RoleInfo.java:shutdownLeaderElection(134)) - 9ee498fb-dbd1-4b89-b28c-40ca18800c49: shutdown LeaderElection
2019-11-13 18:48:13,747 [9ee498fb-dbd1-4b89-b28c-40ca18800c49@group-AF85F87999EB-LeaderElection4] INFO  impl.RaftServerImpl (RaftServerImpl.java:setRole(173)) - 9ee498fb-dbd1-4b89-b28c-40ca18800c49@group-AF85F87999EB: changes role from CANDIDATE to LEADER at term 1 for changeToLeader
2019-11-13 18:48:13,747 [9ee498fb-dbd1-4b89-b28c-40ca18800c49@group-AF85F87999EB-LeaderElection4] INFO  ratis.XceiverServerRatis (XceiverServerRatis.java:handleLeaderChangedNotification(697)) - Leader change notification received for group: group-AF85F87999EB with new leaderId: 9ee498fb-dbd1-4b89-b28c-40ca18800c49
2019-11-13 18:48:13,748 [9ee498fb-dbd1-4b89-b28c-40ca18800c49@group-AF85F87999EB-LeaderElection4] INFO  impl.RaftServerImpl (ServerState.java:setLeader(255)) - 9ee498fb-dbd1-4b89-b28c-40ca18800c49@group-AF85F87999EB: change Leader from null to 9ee498fb-dbd1-4b89-b28c-40ca18800c49 at term 1 for becomeLeader, leader elected after 1045ms
2019-11-13 18:48:13,748 [9ee498fb-dbd1-4b89-b28c-40ca18800c49@group-AF85F87999EB-LeaderElection4] INFO  server.RaftServerConfigKeys (ConfUtils.java:logGet(43)) - raft.server.staging.catchup.gap = 1000 (default)
2019-11-13 18:48:13,748 [9ee498fb-dbd1-4b89-b28c-40ca18800c49@group-AF85F87999EB-LeaderElection4] INFO  server.RaftServerConfigKeys (ConfUtils.java:logGet(43)) - raft.server.rpc.sleep.time = 25ms (default)
2019-11-13 18:48:13,749 [9ee498fb-dbd1-4b89-b28c-40ca18800c49@group-AF85F87999EB-LeaderElection4] INFO  server.RaftServerConfigKeys (ConfUtils.java:logGet(43)) - raft.server.write.element-limit = 4096 (default)
2019-11-13 18:48:13,749 [9ee498fb-dbd1-4b89-b28c-40ca18800c49@group-AF85F87999EB-LeaderElection4] INFO  server.RaftServerConfigKeys (ConfUtils.java:logGet(43)) - raft.server.watch.timeout = 10s (default)
2019-11-13 18:48:13,750 [9ee498fb-dbd1-4b89-b28c-40ca18800c49@group-AF85F87999EB-LeaderElection4] INFO  server.RaftServerConfigKeys (ConfUtils.java:logGet(43)) - raft.server.watch.timeout.denomination = 1s (default)
2019-11-13 18:48:13,751 [9ee498fb-dbd1-4b89-b28c-40ca18800c49@group-AF85F87999EB-LeaderElection4] INFO  server.RaftServerConfigKeys (ConfUtils.java:logGet(43)) - raft.server.watch.element-limit = 65536 (default)
2019-11-13 18:48:13,751 [9ee498fb-dbd1-4b89-b28c-40ca18800c49@group-AF85F87999EB-LeaderElection4] INFO  impl.RoleInfo (RoleInfo.java:updateAndGet(143)) - 9ee498fb-dbd1-4b89-b28c-40ca18800c49: start LeaderState
2019-11-13 18:48:13,752 [9ee498fb-dbd1-4b89-b28c-40ca18800c49@group-AF85F87999EB-LeaderElection4] INFO  segmented.SegmentedRaftLogWorker (SegmentedRaftLogWorker.java:startLogSegment(385)) - 9ee498fb-dbd1-4b89-b28c-40ca18800c49@group-AF85F87999EB-SegmentedRaftLogWorker: Starting segment from index:0
2019-11-13 18:48:13,752 [EventQueue-PipelineReportForPipelineReportHandler] INFO  pipeline.PipelineStateManager (PipelineStateManager.java:openPipeline(134)) - Pipeline Pipeline[ Id: 77beb795-9305-41e6-91d0-af85f87999eb, Nodes: 9ee498fb-dbd1-4b89-b28c-40ca18800c49{ip: 192.168.164.219, host: pr-hdds-1940-7lghg-363871468, networkLocation: /default-rack, certSerialId: null}, Type:RATIS, Factor:ONE, State:OPEN] moved to OPEN state
2019-11-13 18:48:13,752 [9ee498fb-dbd1-4b89-b28c-40ca18800c49@group-AF85F87999EB-LeaderElection4] INFO  impl.RaftServerImpl (ServerState.java:setRaftConf(356)) - 9ee498fb-dbd1-4b89-b28c-40ca18800c49@group-AF85F87999EB: set configuration 0: [9ee498fb-dbd1-4b89-b28c-40ca18800c49:192.168.164.219:36915], old=null at 0
2019-11-13 18:48:13,808 [9ee498fb-dbd1-4b89-b28c-40ca18800c49@group-AF85F87999EB-SegmentedRaftLogWorker] INFO  segmented.SegmentedRaftLogWorker (SegmentedRaftLogWorker.java:execute(576)) - 9ee498fb-dbd1-4b89-b28c-40ca18800c49@group-AF85F87999EB-SegmentedRaftLogWorker: created new log segment /workdir/hadoop-ozone/integration-test/target/test-dir/MiniOzoneClusterImpl-936e8649-2eb0-4b7a-921b-5d2cce332f9c/datanode-7/data/ratis/77beb795-9305-41e6-91d0-af85f87999eb/current/log_inprogress_0
2019-11-13 18:48:13,808 [19b56e57-c404-4271-b4fe-c6c2e842ae91@group-159D0BF0A924-SegmentedRaftLogWorker] INFO  segmented.SegmentedRaftLogWorker (SegmentedRaftLogWorker.java:execute(576)) - 19b56e57-c404-4271-b4fe-c6c2e842ae91@group-159D0BF0A924-SegmentedRaftLogWorker: created new log segment /workdir/hadoop-ozone/integration-test/target/test-dir/MiniOzoneClusterImpl-936e8649-2eb0-4b7a-921b-5d2cce332f9c/datanode-2/data/ratis/3143c332-b6ae-485f-8e1e-159d0bf0a924/current/log_inprogress_0
2019-11-13 18:48:13,810 [8a346eb0-433c-4f64-9a22-d40a83dee003@group-0FD4A23451D6-SegmentedRaftLogWorker] INFO  segmented.SegmentedRaftLogWorker (SegmentedRaftLogWorker.java:execute(576)) - 8a346eb0-433c-4f64-9a22-d40a83dee003@group-0FD4A23451D6-SegmentedRaftLogWorker: created new log segment /workdir/hadoop-ozone/integration-test/target/test-dir/MiniOzoneClusterImpl-936e8649-2eb0-4b7a-921b-5d2cce332f9c/datanode-0/data/ratis/900ff320-dc34-4ca3-a1e1-0fd4a23451d6/current/log_inprogress_0
2019-11-13 18:48:13,810 [9582de44-b510-4bf6-b692-b66075a27588@group-8EC9E7A3D4D6-SegmentedRaftLogWorker] INFO  segmented.SegmentedRaftLogWorker (SegmentedRaftLogWorker.java:execute(576)) - 9582de44-b510-4bf6-b692-b66075a27588@group-8EC9E7A3D4D6-SegmentedRaftLogWorker: created new log segment /workdir/hadoop-ozone/integration-test/target/test-dir/MiniOzoneClusterImpl-936e8649-2eb0-4b7a-921b-5d2cce332f9c/datanode-3/data/ratis/367e8e5a-61d7-45c5-8a32-8ec9e7a3d4d6/current/log_inprogress_0
2019-11-13 18:48:13,877 [Thread-300] INFO  impl.FollowerState (FollowerState.java:run(111)) - 694477cc-c317-4cd0-89bd-f326ada4a5ba@group-4F595C681FBE-FollowerState: change to CANDIDATE, lastRpcTime:1027ms, electionTimeout:1027ms
2019-11-13 18:48:13,877 [Thread-300] INFO  impl.RoleInfo (RoleInfo.java:shutdownFollowerState(121)) - 694477cc-c317-4cd0-89bd-f326ada4a5ba: shutdown FollowerState
2019-11-13 18:48:13,877 [Thread-300] INFO  impl.RaftServerImpl (RaftServerImpl.java:setRole(173)) - 694477cc-c317-4cd0-89bd-f326ada4a5ba@group-4F595C681FBE: changes role from  FOLLOWER to CANDIDATE at term 0 for changeToCandidate
2019-11-13 18:48:13,877 [Thread-300] INFO  impl.RoleInfo (RoleInfo.java:updateAndGet(143)) - 694477cc-c317-4cd0-89bd-f326ada4a5ba: start LeaderElection
2019-11-13 18:48:13,891 [694477cc-c317-4cd0-89bd-f326ada4a5ba@group-4F595C681FBE-LeaderElection5] INFO  impl.LeaderElection (LeaderElection.java:askForVotes(178)) - 694477cc-c317-4cd0-89bd-f326ada4a5ba@group-4F595C681FBE-LeaderElection5: begin an election at term 1 for -1: [694477cc-c317-4cd0-89bd-f326ada4a5ba:192.168.164.219:36781], old=null
2019-11-13 18:48:13,891 [694477cc-c317-4cd0-89bd-f326ada4a5ba@group-4F595C681FBE-LeaderElection5] INFO  impl.RoleInfo (RoleInfo.java:shutdownLeaderElection(134)) - 694477cc-c317-4cd0-89bd-f326ada4a5ba: shutdown LeaderElection
2019-11-13 18:48:13,891 [694477cc-c317-4cd0-89bd-f326ada4a5ba@group-4F595C681FBE-LeaderElection5] INFO  impl.RaftServerImpl (RaftServerImpl.java:setRole(173)) - 694477cc-c317-4cd0-89bd-f326ada4a5ba@group-4F595C681FBE: changes role from CANDIDATE to LEADER at term 1 for changeToLeader
2019-11-13 18:48:13,891 [694477cc-c317-4cd0-89bd-f326ada4a5ba@group-4F595C681FBE-LeaderElection5] INFO  ratis.XceiverServerRatis (XceiverServerRatis.java:handleLeaderChangedNotification(697)) - Leader change notification received for group: group-4F595C681FBE with new leaderId: 694477cc-c317-4cd0-89bd-f326ada4a5ba
2019-11-13 18:48:13,892 [694477cc-c317-4cd0-89bd-f326ada4a5ba@group-4F595C681FBE-LeaderElection5] INFO  impl.RaftServerImpl (ServerState.java:setLeader(255)) - 694477cc-c317-4cd0-89bd-f326ada4a5ba@group-4F595C681FBE: change Leader from null to 694477cc-c317-4cd0-89bd-f326ada4a5ba at term 1 for becomeLeader, leader elected after 1047ms
2019-11-13 18:48:13,892 [694477cc-c317-4cd0-89bd-f326ada4a5ba@group-4F595C681FBE-LeaderElection5] INFO  server.RaftServerConfigKeys (ConfUtils.java:logGet(43)) - raft.server.staging.catchup.gap = 1000 (default)
2019-11-13 18:48:13,892 [694477cc-c317-4cd0-89bd-f326ada4a5ba@group-4F595C681FBE-LeaderElection5] INFO  server.RaftServerConfigKeys (ConfUtils.java:logGet(43)) - raft.server.rpc.sleep.time = 25ms (default)
2019-11-13 18:48:13,894 [694477cc-c317-4cd0-89bd-f326ada4a5ba@group-4F595C681FBE-LeaderElection5] INFO  server.RaftServerConfigKeys (ConfUtils.java:logGet(43)) - raft.server.write.element-limit = 4096 (default)
2019-11-13 18:48:13,894 [694477cc-c317-4cd0-89bd-f326ada4a5ba@group-4F595C681FBE-LeaderElection5] INFO  server.RaftServerConfigKeys (ConfUtils.java:logGet(43)) - raft.server.watch.timeout = 10s (default)
2019-11-13 18:48:13,894 [694477cc-c317-4cd0-89bd-f326ada4a5ba@group-4F595C681FBE-LeaderElection5] INFO  server.RaftServerConfigKeys (ConfUtils.java:logGet(43)) - raft.server.watch.timeout.denomination = 1s (default)
2019-11-13 18:48:13,894 [694477cc-c317-4cd0-89bd-f326ada4a5ba@group-4F595C681FBE-LeaderElection5] INFO  server.RaftServerConfigKeys (ConfUtils.java:logGet(43)) - raft.server.watch.element-limit = 65536 (default)
2019-11-13 18:48:13,896 [694477cc-c317-4cd0-89bd-f326ada4a5ba@group-4F595C681FBE-LeaderElection5] INFO  impl.RoleInfo (RoleInfo.java:updateAndGet(143)) - 694477cc-c317-4cd0-89bd-f326ada4a5ba: start LeaderState
2019-11-13 18:48:13,896 [694477cc-c317-4cd0-89bd-f326ada4a5ba@group-4F595C681FBE-LeaderElection5] INFO  segmented.SegmentedRaftLogWorker (SegmentedRaftLogWorker.java:startLogSegment(385)) - 694477cc-c317-4cd0-89bd-f326ada4a5ba@group-4F595C681FBE-SegmentedRaftLogWorker: Starting segment from index:0
2019-11-13 18:48:13,897 [EventQueue-PipelineReportForPipelineReportHandler] INFO  pipeline.PipelineStateManager (PipelineStateManager.java:openPipeline(134)) - Pipeline Pipeline[ Id: db84fc95-ac5f-4752-861b-4f595c681fbe, Nodes: 694477cc-c317-4cd0-89bd-f326ada4a5ba{ip: 192.168.164.219, host: pr-hdds-1940-7lghg-363871468, networkLocation: /default-rack, certSerialId: null}, Type:RATIS, Factor:ONE, State:OPEN] moved to OPEN state
2019-11-13 18:48:13,897 [694477cc-c317-4cd0-89bd-f326ada4a5ba@group-4F595C681FBE-LeaderElection5] INFO  impl.RaftServerImpl (ServerState.java:setRaftConf(356)) - 694477cc-c317-4cd0-89bd-f326ada4a5ba@group-4F595C681FBE: set configuration 0: [694477cc-c317-4cd0-89bd-f326ada4a5ba:192.168.164.219:36781], old=null at 0
2019-11-13 18:48:13,923 [Thread-303] INFO  impl.FollowerState (FollowerState.java:run(111)) - 302e21ca-1d4a-4b22-bc74-f644a63fc179@group-60D11F530DA7-FollowerState: change to CANDIDATE, lastRpcTime:1011ms, electionTimeout:1010ms
2019-11-13 18:48:13,923 [Thread-303] INFO  impl.RoleInfo (RoleInfo.java:shutdownFollowerState(121)) - 302e21ca-1d4a-4b22-bc74-f644a63fc179: shutdown FollowerState
2019-11-13 18:48:13,923 [Thread-303] INFO  impl.RaftServerImpl (RaftServerImpl.java:setRole(173)) - 302e21ca-1d4a-4b22-bc74-f644a63fc179@group-60D11F530DA7: changes role from  FOLLOWER to CANDIDATE at term 0 for changeToCandidate
2019-11-13 18:48:13,923 [Thread-303] INFO  impl.RoleInfo (RoleInfo.java:updateAndGet(143)) - 302e21ca-1d4a-4b22-bc74-f644a63fc179: start LeaderElection
2019-11-13 18:48:13,936 [694477cc-c317-4cd0-89bd-f326ada4a5ba@group-4F595C681FBE-SegmentedRaftLogWorker] INFO  segmented.SegmentedRaftLogWorker (SegmentedRaftLogWorker.java:execute(576)) - 694477cc-c317-4cd0-89bd-f326ada4a5ba@group-4F595C681FBE-SegmentedRaftLogWorker: created new log segment /workdir/hadoop-ozone/integration-test/target/test-dir/MiniOzoneClusterImpl-936e8649-2eb0-4b7a-921b-5d2cce332f9c/datanode-5/data/ratis/db84fc95-ac5f-4752-861b-4f595c681fbe/current/log_inprogress_0
2019-11-13 18:48:13,937 [302e21ca-1d4a-4b22-bc74-f644a63fc179@group-60D11F530DA7-LeaderElection6] INFO  impl.LeaderElection (LeaderElection.java:askForVotes(178)) - 302e21ca-1d4a-4b22-bc74-f644a63fc179@group-60D11F530DA7-LeaderElection6: begin an election at term 1 for -1: [302e21ca-1d4a-4b22-bc74-f644a63fc179:192.168.164.219:35354], old=null
2019-11-13 18:48:13,937 [302e21ca-1d4a-4b22-bc74-f644a63fc179@group-60D11F530DA7-LeaderElection6] INFO  impl.RoleInfo (RoleInfo.java:shutdownLeaderElection(134)) - 302e21ca-1d4a-4b22-bc74-f644a63fc179: shutdown LeaderElection
2019-11-13 18:48:13,937 [302e21ca-1d4a-4b22-bc74-f644a63fc179@group-60D11F530DA7-LeaderElection6] INFO  impl.RaftServerImpl (RaftServerImpl.java:setRole(173)) - 302e21ca-1d4a-4b22-bc74-f644a63fc179@group-60D11F530DA7: changes role from CANDIDATE to LEADER at term 1 for changeToLeader
2019-11-13 18:48:13,937 [302e21ca-1d4a-4b22-bc74-f644a63fc179@group-60D11F530DA7-LeaderElection6] INFO  ratis.XceiverServerRatis (XceiverServerRatis.java:handleLeaderChangedNotification(697)) - Leader change notification received for group: group-60D11F530DA7 with new leaderId: 302e21ca-1d4a-4b22-bc74-f644a63fc179
2019-11-13 18:48:13,937 [302e21ca-1d4a-4b22-bc74-f644a63fc179@group-60D11F530DA7-LeaderElection6] INFO  impl.RaftServerImpl (ServerState.java:setLeader(255)) - 302e21ca-1d4a-4b22-bc74-f644a63fc179@group-60D11F530DA7: change Leader from null to 302e21ca-1d4a-4b22-bc74-f644a63fc179 at term 1 for becomeLeader, leader elected after 1030ms
2019-11-13 18:48:13,937 [302e21ca-1d4a-4b22-bc74-f644a63fc179@group-60D11F530DA7-LeaderElection6] INFO  server.RaftServerConfigKeys (ConfUtils.java:logGet(43)) - raft.server.staging.catchup.gap = 1000 (default)
2019-11-13 18:48:13,937 [302e21ca-1d4a-4b22-bc74-f644a63fc179@group-60D11F530DA7-LeaderElection6] INFO  server.RaftServerConfigKeys (ConfUtils.java:logGet(43)) - raft.server.rpc.sleep.time = 25ms (default)
2019-11-13 18:48:13,939 [302e21ca-1d4a-4b22-bc74-f644a63fc179@group-60D11F530DA7-LeaderElection6] INFO  server.RaftServerConfigKeys (ConfUtils.java:logGet(43)) - raft.server.write.element-limit = 4096 (default)
2019-11-13 18:48:13,940 [302e21ca-1d4a-4b22-bc74-f644a63fc179@group-60D11F530DA7-LeaderElection6] INFO  server.RaftServerConfigKeys (ConfUtils.java:logGet(43)) - raft.server.watch.timeout = 10s (default)
2019-11-13 18:48:13,940 [302e21ca-1d4a-4b22-bc74-f644a63fc179@group-60D11F530DA7-LeaderElection6] INFO  server.RaftServerConfigKeys (ConfUtils.java:logGet(43)) - raft.server.watch.timeout.denomination = 1s (default)
2019-11-13 18:48:13,941 [302e21ca-1d4a-4b22-bc74-f644a63fc179@group-60D11F530DA7-LeaderElection6] INFO  server.RaftServerConfigKeys (ConfUtils.java:logGet(43)) - raft.server.watch.element-limit = 65536 (default)
2019-11-13 18:48:13,941 [302e21ca-1d4a-4b22-bc74-f644a63fc179@group-60D11F530DA7-LeaderElection6] INFO  impl.RoleInfo (RoleInfo.java:updateAndGet(143)) - 302e21ca-1d4a-4b22-bc74-f644a63fc179: start LeaderState
2019-11-13 18:48:13,941 [302e21ca-1d4a-4b22-bc74-f644a63fc179@group-60D11F530DA7-LeaderElection6] INFO  segmented.SegmentedRaftLogWorker (SegmentedRaftLogWorker.java:startLogSegment(385)) - 302e21ca-1d4a-4b22-bc74-f644a63fc179@group-60D11F530DA7-SegmentedRaftLogWorker: Starting segment from index:0
2019-11-13 18:48:13,942 [EventQueue-PipelineReportForPipelineReportHandler] INFO  pipeline.PipelineStateManager (PipelineStateManager.java:openPipeline(134)) - Pipeline Pipeline[ Id: 6d6fc1a7-d58f-4122-8915-60d11f530da7, Nodes: 302e21ca-1d4a-4b22-bc74-f644a63fc179{ip: 192.168.164.219, host: pr-hdds-1940-7lghg-363871468, networkLocation: /default-rack, certSerialId: null}, Type:RATIS, Factor:ONE, State:OPEN] moved to OPEN state
2019-11-13 18:48:13,942 [302e21ca-1d4a-4b22-bc74-f644a63fc179@group-60D11F530DA7-LeaderElection6] INFO  impl.RaftServerImpl (ServerState.java:setRaftConf(356)) - 302e21ca-1d4a-4b22-bc74-f644a63fc179@group-60D11F530DA7: set configuration 0: [302e21ca-1d4a-4b22-bc74-f644a63fc179:192.168.164.219:35354], old=null at 0
2019-11-13 18:48:13,967 [Thread-297] INFO  impl.FollowerState (FollowerState.java:run(111)) - 6a4d2be6-9424-4ae4-9e09-f01b73daf36a@group-7F289D6C47D8-FollowerState: change to CANDIDATE, lastRpcTime:1192ms, electionTimeout:1173ms
2019-11-13 18:48:13,967 [Thread-297] INFO  impl.RoleInfo (RoleInfo.java:shutdownFollowerState(121)) - 6a4d2be6-9424-4ae4-9e09-f01b73daf36a: shutdown FollowerState
2019-11-13 18:48:13,967 [Thread-297] INFO  impl.RaftServerImpl (RaftServerImpl.java:setRole(173)) - 6a4d2be6-9424-4ae4-9e09-f01b73daf36a@group-7F289D6C47D8: changes role from  FOLLOWER to CANDIDATE at term 0 for changeToCandidate
2019-11-13 18:48:13,967 [Thread-297] INFO  impl.RoleInfo (RoleInfo.java:updateAndGet(143)) - 6a4d2be6-9424-4ae4-9e09-f01b73daf36a: start LeaderElection
2019-11-13 18:48:14,000 [Thread-306] INFO  impl.FollowerState (FollowerState.java:run(111)) - e8491d14-0d10-4bdc-963d-f0280d0d8b35@group-2E7AC95E5553-FollowerState: change to CANDIDATE, lastRpcTime:1024ms, electionTimeout:1024ms
2019-11-13 18:48:14,000 [Thread-306] INFO  impl.RoleInfo (RoleInfo.java:shutdownFollowerState(121)) - e8491d14-0d10-4bdc-963d-f0280d0d8b35: shutdown FollowerState
2019-11-13 18:48:14,000 [Thread-306] INFO  impl.RaftServerImpl (RaftServerImpl.java:setRole(173)) - e8491d14-0d10-4bdc-963d-f0280d0d8b35@group-2E7AC95E5553: changes role from  FOLLOWER to CANDIDATE at term 0 for changeToCandidate
2019-11-13 18:48:14,000 [Thread-306] INFO  impl.RoleInfo (RoleInfo.java:updateAndGet(143)) - e8491d14-0d10-4bdc-963d-f0280d0d8b35: start LeaderElection
2019-11-13 18:48:14,014 [302e21ca-1d4a-4b22-bc74-f644a63fc179@group-60D11F530DA7-SegmentedRaftLogWorker] INFO  segmented.SegmentedRaftLogWorker (SegmentedRaftLogWorker.java:execute(576)) - 302e21ca-1d4a-4b22-bc74-f644a63fc179@group-60D11F530DA7-SegmentedRaftLogWorker: created new log segment /workdir/hadoop-ozone/integration-test/target/test-dir/MiniOzoneClusterImpl-936e8649-2eb0-4b7a-921b-5d2cce332f9c/datanode-6/data/ratis/6d6fc1a7-d58f-4122-8915-60d11f530da7/current/log_inprogress_0
2019-11-13 18:48:14,014 [6a4d2be6-9424-4ae4-9e09-f01b73daf36a@group-7F289D6C47D8-LeaderElection7] INFO  impl.LeaderElection (LeaderElection.java:askForVotes(178)) - 6a4d2be6-9424-4ae4-9e09-f01b73daf36a@group-7F289D6C47D8-LeaderElection7: begin an election at term 1 for -1: [6a4d2be6-9424-4ae4-9e09-f01b73daf36a:192.168.164.219:39773], old=null
2019-11-13 18:48:14,015 [6a4d2be6-9424-4ae4-9e09-f01b73daf36a@group-7F289D6C47D8-LeaderElection7] INFO  impl.RoleInfo (RoleInfo.java:shutdownLeaderElection(134)) - 6a4d2be6-9424-4ae4-9e09-f01b73daf36a: shutdown LeaderElection
2019-11-13 18:48:14,015 [6a4d2be6-9424-4ae4-9e09-f01b73daf36a@group-7F289D6C47D8-LeaderElection7] INFO  impl.RaftServerImpl (RaftServerImpl.java:setRole(173)) - 6a4d2be6-9424-4ae4-9e09-f01b73daf36a@group-7F289D6C47D8: changes role from CANDIDATE to LEADER at term 1 for changeToLeader
2019-11-13 18:48:14,015 [6a4d2be6-9424-4ae4-9e09-f01b73daf36a@group-7F289D6C47D8-LeaderElection7] INFO  ratis.XceiverServerRatis (XceiverServerRatis.java:handleLeaderChangedNotification(697)) - Leader change notification received for group: group-7F289D6C47D8 with new leaderId: 6a4d2be6-9424-4ae4-9e09-f01b73daf36a
2019-11-13 18:48:14,015 [6a4d2be6-9424-4ae4-9e09-f01b73daf36a@group-7F289D6C47D8-LeaderElection7] INFO  impl.RaftServerImpl (ServerState.java:setLeader(255)) - 6a4d2be6-9424-4ae4-9e09-f01b73daf36a@group-7F289D6C47D8: change Leader from null to 6a4d2be6-9424-4ae4-9e09-f01b73daf36a at term 1 for becomeLeader, leader elected after 1244ms
2019-11-13 18:48:14,015 [6a4d2be6-9424-4ae4-9e09-f01b73daf36a@group-7F289D6C47D8-LeaderElection7] INFO  server.RaftServerConfigKeys (ConfUtils.java:logGet(43)) - raft.server.staging.catchup.gap = 1000 (default)
2019-11-13 18:48:14,015 [6a4d2be6-9424-4ae4-9e09-f01b73daf36a@group-7F289D6C47D8-LeaderElection7] INFO  server.RaftServerConfigKeys (ConfUtils.java:logGet(43)) - raft.server.rpc.sleep.time = 25ms (default)
2019-11-13 18:48:14,018 [6a4d2be6-9424-4ae4-9e09-f01b73daf36a@group-7F289D6C47D8-LeaderElection7] INFO  server.RaftServerConfigKeys (ConfUtils.java:logGet(43)) - raft.server.write.element-limit = 4096 (default)
2019-11-13 18:48:14,018 [e8491d14-0d10-4bdc-963d-f0280d0d8b35@group-2E7AC95E5553-LeaderElection8] INFO  impl.LeaderElection (LeaderElection.java:askForVotes(178)) - e8491d14-0d10-4bdc-963d-f0280d0d8b35@group-2E7AC95E5553-LeaderElection8: begin an election at term 1 for -1: [e8491d14-0d10-4bdc-963d-f0280d0d8b35:192.168.164.219:41564], old=null
2019-11-13 18:48:14,018 [6a4d2be6-9424-4ae4-9e09-f01b73daf36a@group-7F289D6C47D8-LeaderElection7] INFO  server.RaftServerConfigKeys (ConfUtils.java:logGet(43)) - raft.server.watch.timeout = 10s (default)
2019-11-13 18:48:14,019 [e8491d14-0d10-4bdc-963d-f0280d0d8b35@group-2E7AC95E5553-LeaderElection8] INFO  impl.RoleInfo (RoleInfo.java:shutdownLeaderElection(134)) - e8491d14-0d10-4bdc-963d-f0280d0d8b35: shutdown LeaderElection
2019-11-13 18:48:14,019 [6a4d2be6-9424-4ae4-9e09-f01b73daf36a@group-7F289D6C47D8-LeaderElection7] INFO  server.RaftServerConfigKeys (ConfUtils.java:logGet(43)) - raft.server.watch.timeout.denomination = 1s (default)
2019-11-13 18:48:14,019 [e8491d14-0d10-4bdc-963d-f0280d0d8b35@group-2E7AC95E5553-LeaderElection8] INFO  impl.RaftServerImpl (RaftServerImpl.java:setRole(173)) - e8491d14-0d10-4bdc-963d-f0280d0d8b35@group-2E7AC95E5553: changes role from CANDIDATE to LEADER at term 1 for changeToLeader
2019-11-13 18:48:14,019 [6a4d2be6-9424-4ae4-9e09-f01b73daf36a@group-7F289D6C47D8-LeaderElection7] INFO  server.RaftServerConfigKeys (ConfUtils.java:logGet(43)) - raft.server.watch.element-limit = 65536 (default)
2019-11-13 18:48:14,020 [e8491d14-0d10-4bdc-963d-f0280d0d8b35@group-2E7AC95E5553-LeaderElection8] INFO  ratis.XceiverServerRatis (XceiverServerRatis.java:handleLeaderChangedNotification(697)) - Leader change notification received for group: group-2E7AC95E5553 with new leaderId: e8491d14-0d10-4bdc-963d-f0280d0d8b35
2019-11-13 18:48:14,020 [6a4d2be6-9424-4ae4-9e09-f01b73daf36a@group-7F289D6C47D8-LeaderElection7] INFO  impl.RoleInfo (RoleInfo.java:updateAndGet(143)) - 6a4d2be6-9424-4ae4-9e09-f01b73daf36a: start LeaderState
2019-11-13 18:48:14,020 [e8491d14-0d10-4bdc-963d-f0280d0d8b35@group-2E7AC95E5553-LeaderElection8] INFO  impl.RaftServerImpl (ServerState.java:setLeader(255)) - e8491d14-0d10-4bdc-963d-f0280d0d8b35@group-2E7AC95E5553: change Leader from null to e8491d14-0d10-4bdc-963d-f0280d0d8b35 at term 1 for becomeLeader, leader elected after 1047ms
2019-11-13 18:48:14,020 [EventQueue-PipelineReportForPipelineReportHandler] INFO  pipeline.PipelineStateManager (PipelineStateManager.java:openPipeline(134)) - Pipeline Pipeline[ Id: 009eb6df-6fb5-4d48-869a-7f289d6c47d8, Nodes: 6a4d2be6-9424-4ae4-9e09-f01b73daf36a{ip: 192.168.164.219, host: pr-hdds-1940-7lghg-363871468, networkLocation: /default-rack, certSerialId: null}, Type:RATIS, Factor:ONE, State:OPEN] moved to OPEN state
2019-11-13 18:48:14,020 [e8491d14-0d10-4bdc-963d-f0280d0d8b35@group-2E7AC95E5553-LeaderElection8] INFO  server.RaftServerConfigKeys (ConfUtils.java:logGet(43)) - raft.server.staging.catchup.gap = 1000 (default)
2019-11-13 18:48:14,021 [6a4d2be6-9424-4ae4-9e09-f01b73daf36a@group-7F289D6C47D8-LeaderElection7] INFO  segmented.SegmentedRaftLogWorker (SegmentedRaftLogWorker.java:startLogSegment(385)) - 6a4d2be6-9424-4ae4-9e09-f01b73daf36a@group-7F289D6C47D8-SegmentedRaftLogWorker: Starting segment from index:0
2019-11-13 18:48:14,021 [e8491d14-0d10-4bdc-963d-f0280d0d8b35@group-2E7AC95E5553-LeaderElection8] INFO  server.RaftServerConfigKeys (ConfUtils.java:logGet(43)) - raft.server.rpc.sleep.time = 25ms (default)
2019-11-13 18:48:14,022 [e8491d14-0d10-4bdc-963d-f0280d0d8b35@group-2E7AC95E5553-LeaderElection8] INFO  server.RaftServerConfigKeys (ConfUtils.java:logGet(43)) - raft.server.write.element-limit = 4096 (default)
2019-11-13 18:48:14,022 [6a4d2be6-9424-4ae4-9e09-f01b73daf36a@group-7F289D6C47D8-LeaderElection7] INFO  impl.RaftServerImpl (ServerState.java:setRaftConf(356)) - 6a4d2be6-9424-4ae4-9e09-f01b73daf36a@group-7F289D6C47D8: set configuration 0: [6a4d2be6-9424-4ae4-9e09-f01b73daf36a:192.168.164.219:39773], old=null at 0
2019-11-13 18:48:14,023 [e8491d14-0d10-4bdc-963d-f0280d0d8b35@group-2E7AC95E5553-LeaderElection8] INFO  server.RaftServerConfigKeys (ConfUtils.java:logGet(43)) - raft.server.watch.timeout = 10s (default)
2019-11-13 18:48:14,023 [EventQueue-PipelineReportForPipelineReportHandler] INFO  pipeline.PipelineStateManager (PipelineStateManager.java:openPipeline(134)) - Pipeline Pipeline[ Id: a7958335-975b-4414-a941-2e7ac95e5553, Nodes: e8491d14-0d10-4bdc-963d-f0280d0d8b35{ip: 192.168.164.219, host: pr-hdds-1940-7lghg-363871468, networkLocation: /default-rack, certSerialId: null}, Type:RATIS, Factor:ONE, State:OPEN] moved to OPEN state
2019-11-13 18:48:14,049 [e8491d14-0d10-4bdc-963d-f0280d0d8b35@group-2E7AC95E5553-LeaderElection8] INFO  server.RaftServerConfigKeys (ConfUtils.java:logGet(43)) - raft.server.watch.timeout.denomination = 1s (default)
2019-11-13 18:48:14,050 [e8491d14-0d10-4bdc-963d-f0280d0d8b35@group-2E7AC95E5553-LeaderElection8] INFO  server.RaftServerConfigKeys (ConfUtils.java:logGet(43)) - raft.server.watch.element-limit = 65536 (default)
2019-11-13 18:48:14,050 [e8491d14-0d10-4bdc-963d-f0280d0d8b35@group-2E7AC95E5553-LeaderElection8] INFO  impl.RoleInfo (RoleInfo.java:updateAndGet(143)) - e8491d14-0d10-4bdc-963d-f0280d0d8b35: start LeaderState
2019-11-13 18:48:14,050 [e8491d14-0d10-4bdc-963d-f0280d0d8b35@group-2E7AC95E5553-LeaderElection8] INFO  segmented.SegmentedRaftLogWorker (SegmentedRaftLogWorker.java:startLogSegment(385)) - e8491d14-0d10-4bdc-963d-f0280d0d8b35@group-2E7AC95E5553-SegmentedRaftLogWorker: Starting segment from index:0
2019-11-13 18:48:14,051 [e8491d14-0d10-4bdc-963d-f0280d0d8b35@group-2E7AC95E5553-LeaderElection8] INFO  impl.RaftServerImpl (ServerState.java:setRaftConf(356)) - e8491d14-0d10-4bdc-963d-f0280d0d8b35@group-2E7AC95E5553: set configuration 0: [e8491d14-0d10-4bdc-963d-f0280d0d8b35:192.168.164.219:41564], old=null at 0
2019-11-13 18:48:14,085 [6a4d2be6-9424-4ae4-9e09-f01b73daf36a@group-7F289D6C47D8-SegmentedRaftLogWorker] INFO  segmented.SegmentedRaftLogWorker (SegmentedRaftLogWorker.java:execute(576)) - 6a4d2be6-9424-4ae4-9e09-f01b73daf36a@group-7F289D6C47D8-SegmentedRaftLogWorker: created new log segment /workdir/hadoop-ozone/integration-test/target/test-dir/MiniOzoneClusterImpl-936e8649-2eb0-4b7a-921b-5d2cce332f9c/datanode-9/data/ratis/009eb6df-6fb5-4d48-869a-7f289d6c47d8/current/log_inprogress_0
2019-11-13 18:48:14,097 [e8491d14-0d10-4bdc-963d-f0280d0d8b35@group-2E7AC95E5553-SegmentedRaftLogWorker] INFO  segmented.SegmentedRaftLogWorker (SegmentedRaftLogWorker.java:execute(576)) - e8491d14-0d10-4bdc-963d-f0280d0d8b35@group-2E7AC95E5553-SegmentedRaftLogWorker: created new log segment /workdir/hadoop-ozone/integration-test/target/test-dir/MiniOzoneClusterImpl-936e8649-2eb0-4b7a-921b-5d2cce332f9c/datanode-8/data/ratis/a7958335-975b-4414-a941-2e7ac95e5553/current/log_inprogress_0
2019-11-13 18:48:14,171 [Thread-309] INFO  impl.FollowerState (FollowerState.java:run(111)) - cb343498-03c0-425e-a729-2b4f8684daee@group-15009B0F61D7-FollowerState: change to CANDIDATE, lastRpcTime:1135ms, electionTimeout:1135ms
2019-11-13 18:48:14,172 [Thread-309] INFO  impl.RoleInfo (RoleInfo.java:shutdownFollowerState(121)) - cb343498-03c0-425e-a729-2b4f8684daee: shutdown FollowerState
2019-11-13 18:48:14,172 [Thread-309] INFO  impl.RaftServerImpl (RaftServerImpl.java:setRole(173)) - cb343498-03c0-425e-a729-2b4f8684daee@group-15009B0F61D7: changes role from  FOLLOWER to CANDIDATE at term 0 for changeToCandidate
2019-11-13 18:48:14,172 [Thread-309] INFO  impl.RoleInfo (RoleInfo.java:updateAndGet(143)) - cb343498-03c0-425e-a729-2b4f8684daee: start LeaderElection
2019-11-13 18:48:14,191 [Thread-312] INFO  impl.FollowerState (FollowerState.java:run(111)) - dc8ab455-7be4-4b62-9320-5f4e855ec266@group-89B323F57D7E-FollowerState: change to CANDIDATE, lastRpcTime:1087ms, electionTimeout:1087ms
2019-11-13 18:48:14,191 [cb343498-03c0-425e-a729-2b4f8684daee@group-15009B0F61D7-LeaderElection9] INFO  impl.LeaderElection (LeaderElection.java:askForVotes(178)) - cb343498-03c0-425e-a729-2b4f8684daee@group-15009B0F61D7-LeaderElection9: begin an election at term 1 for -1: [cb343498-03c0-425e-a729-2b4f8684daee:192.168.164.219:33301], old=null
2019-11-13 18:48:14,191 [Thread-312] INFO  impl.RoleInfo (RoleInfo.java:shutdownFollowerState(121)) - dc8ab455-7be4-4b62-9320-5f4e855ec266: shutdown FollowerState
2019-11-13 18:48:14,191 [cb343498-03c0-425e-a729-2b4f8684daee@group-15009B0F61D7-LeaderElection9] INFO  impl.RoleInfo (RoleInfo.java:shutdownLeaderElection(134)) - cb343498-03c0-425e-a729-2b4f8684daee: shutdown LeaderElection
2019-11-13 18:48:14,191 [Thread-312] INFO  impl.RaftServerImpl (RaftServerImpl.java:setRole(173)) - dc8ab455-7be4-4b62-9320-5f4e855ec266@group-89B323F57D7E: changes role from  FOLLOWER to CANDIDATE at term 0 for changeToCandidate
2019-11-13 18:48:14,191 [cb343498-03c0-425e-a729-2b4f8684daee@group-15009B0F61D7-LeaderElection9] INFO  impl.RaftServerImpl (RaftServerImpl.java:setRole(173)) - cb343498-03c0-425e-a729-2b4f8684daee@group-15009B0F61D7: changes role from CANDIDATE to LEADER at term 1 for changeToLeader
2019-11-13 18:48:14,192 [Thread-312] INFO  impl.RoleInfo (RoleInfo.java:updateAndGet(143)) - dc8ab455-7be4-4b62-9320-5f4e855ec266: start LeaderElection
2019-11-13 18:48:14,192 [cb343498-03c0-425e-a729-2b4f8684daee@group-15009B0F61D7-LeaderElection9] INFO  ratis.XceiverServerRatis (XceiverServerRatis.java:handleLeaderChangedNotification(697)) - Leader change notification received for group: group-15009B0F61D7 with new leaderId: cb343498-03c0-425e-a729-2b4f8684daee
2019-11-13 18:48:14,203 [cb343498-03c0-425e-a729-2b4f8684daee@group-15009B0F61D7-LeaderElection9] INFO  impl.RaftServerImpl (ServerState.java:setLeader(255)) - cb343498-03c0-425e-a729-2b4f8684daee@group-15009B0F61D7: change Leader from null to cb343498-03c0-425e-a729-2b4f8684daee at term 1 for becomeLeader, leader elected after 1160ms
2019-11-13 18:48:14,203 [cb343498-03c0-425e-a729-2b4f8684daee@group-15009B0F61D7-LeaderElection9] INFO  server.RaftServerConfigKeys (ConfUtils.java:logGet(43)) - raft.server.staging.catchup.gap = 1000 (default)
2019-11-13 18:48:14,205 [cb343498-03c0-425e-a729-2b4f8684daee@group-15009B0F61D7-LeaderElection9] INFO  server.RaftServerConfigKeys (ConfUtils.java:logGet(43)) - raft.server.rpc.sleep.time = 25ms (default)
2019-11-13 18:48:14,206 [cb343498-03c0-425e-a729-2b4f8684daee@group-15009B0F61D7-LeaderElection9] INFO  server.RaftServerConfigKeys (ConfUtils.java:logGet(43)) - raft.server.write.element-limit = 4096 (default)
2019-11-13 18:48:14,206 [cb343498-03c0-425e-a729-2b4f8684daee@group-15009B0F61D7-LeaderElection9] INFO  server.RaftServerConfigKeys (ConfUtils.java:logGet(43)) - raft.server.watch.timeout = 10s (default)
2019-11-13 18:48:14,206 [cb343498-03c0-425e-a729-2b4f8684daee@group-15009B0F61D7-LeaderElection9] INFO  server.RaftServerConfigKeys (ConfUtils.java:logGet(43)) - raft.server.watch.timeout.denomination = 1s (default)
2019-11-13 18:48:14,206 [cb343498-03c0-425e-a729-2b4f8684daee@group-15009B0F61D7-LeaderElection9] INFO  server.RaftServerConfigKeys (ConfUtils.java:logGet(43)) - raft.server.watch.element-limit = 65536 (default)
2019-11-13 18:48:14,207 [cb343498-03c0-425e-a729-2b4f8684daee@group-15009B0F61D7-LeaderElection9] INFO  impl.RoleInfo (RoleInfo.java:updateAndGet(143)) - cb343498-03c0-425e-a729-2b4f8684daee: start LeaderState
2019-11-13 18:48:14,207 [EventQueue-PipelineReportForPipelineReportHandler] INFO  pipeline.PipelineStateManager (PipelineStateManager.java:openPipeline(134)) - Pipeline Pipeline[ Id: da79178e-a12a-4712-a813-15009b0f61d7, Nodes: cb343498-03c0-425e-a729-2b4f8684daee{ip: 192.168.164.219, host: pr-hdds-1940-7lghg-363871468, networkLocation: /default-rack, certSerialId: null}, Type:RATIS, Factor:ONE, State:OPEN] moved to OPEN state
2019-11-13 18:48:14,207 [cb343498-03c0-425e-a729-2b4f8684daee@group-15009B0F61D7-LeaderElection9] INFO  segmented.SegmentedRaftLogWorker (SegmentedRaftLogWorker.java:startLogSegment(385)) - cb343498-03c0-425e-a729-2b4f8684daee@group-15009B0F61D7-SegmentedRaftLogWorker: Starting segment from index:0
2019-11-13 18:48:14,208 [cb343498-03c0-425e-a729-2b4f8684daee@group-15009B0F61D7-LeaderElection9] INFO  impl.RaftServerImpl (ServerState.java:setRaftConf(356)) - cb343498-03c0-425e-a729-2b4f8684daee@group-15009B0F61D7: set configuration 0: [cb343498-03c0-425e-a729-2b4f8684daee:192.168.164.219:33301], old=null at 0
2019-11-13 18:48:14,236 [dc8ab455-7be4-4b62-9320-5f4e855ec266@group-89B323F57D7E-LeaderElection10] INFO  impl.LeaderElection (LeaderElection.java:askForVotes(178)) - dc8ab455-7be4-4b62-9320-5f4e855ec266@group-89B323F57D7E-LeaderElection10: begin an election at term 1 for -1: [dc8ab455-7be4-4b62-9320-5f4e855ec266:192.168.164.219:46852], old=null
2019-11-13 18:48:14,236 [dc8ab455-7be4-4b62-9320-5f4e855ec266@group-89B323F57D7E-LeaderElection10] INFO  impl.RoleInfo (RoleInfo.java:shutdownLeaderElection(134)) - dc8ab455-7be4-4b62-9320-5f4e855ec266: shutdown LeaderElection
2019-11-13 18:48:14,236 [dc8ab455-7be4-4b62-9320-5f4e855ec266@group-89B323F57D7E-LeaderElection10] INFO  impl.RaftServerImpl (RaftServerImpl.java:setRole(173)) - dc8ab455-7be4-4b62-9320-5f4e855ec266@group-89B323F57D7E: changes role from CANDIDATE to LEADER at term 1 for changeToLeader
2019-11-13 18:48:14,236 [dc8ab455-7be4-4b62-9320-5f4e855ec266@group-89B323F57D7E-LeaderElection10] INFO  ratis.XceiverServerRatis (XceiverServerRatis.java:handleLeaderChangedNotification(697)) - Leader change notification received for group: group-89B323F57D7E with new leaderId: dc8ab455-7be4-4b62-9320-5f4e855ec266
2019-11-13 18:48:14,236 [dc8ab455-7be4-4b62-9320-5f4e855ec266@group-89B323F57D7E-LeaderElection10] INFO  impl.RaftServerImpl (ServerState.java:setLeader(255)) - dc8ab455-7be4-4b62-9320-5f4e855ec266@group-89B323F57D7E: change Leader from null to dc8ab455-7be4-4b62-9320-5f4e855ec266 at term 1 for becomeLeader, leader elected after 1135ms
2019-11-13 18:48:14,237 [dc8ab455-7be4-4b62-9320-5f4e855ec266@group-89B323F57D7E-LeaderElection10] INFO  server.RaftServerConfigKeys (ConfUtils.java:logGet(43)) - raft.server.staging.catchup.gap = 1000 (default)
2019-11-13 18:48:14,237 [dc8ab455-7be4-4b62-9320-5f4e855ec266@group-89B323F57D7E-LeaderElection10] INFO  server.RaftServerConfigKeys (ConfUtils.java:logGet(43)) - raft.server.rpc.sleep.time = 25ms (default)
2019-11-13 18:48:14,239 [dc8ab455-7be4-4b62-9320-5f4e855ec266@group-89B323F57D7E-LeaderElection10] INFO  server.RaftServerConfigKeys (ConfUtils.java:logGet(43)) - raft.server.write.element-limit = 4096 (default)
2019-11-13 18:48:14,239 [dc8ab455-7be4-4b62-9320-5f4e855ec266@group-89B323F57D7E-LeaderElection10] INFO  server.RaftServerConfigKeys (ConfUtils.java:logGet(43)) - raft.server.watch.timeout = 10s (default)
2019-11-13 18:48:14,239 [dc8ab455-7be4-4b62-9320-5f4e855ec266@group-89B323F57D7E-LeaderElection10] INFO  server.RaftServerConfigKeys (ConfUtils.java:logGet(43)) - raft.server.watch.timeout.denomination = 1s (default)
2019-11-13 18:48:14,239 [dc8ab455-7be4-4b62-9320-5f4e855ec266@group-89B323F57D7E-LeaderElection10] INFO  server.RaftServerConfigKeys (ConfUtils.java:logGet(43)) - raft.server.watch.element-limit = 65536 (default)
2019-11-13 18:48:14,241 [dc8ab455-7be4-4b62-9320-5f4e855ec266@group-89B323F57D7E-LeaderElection10] INFO  impl.RoleInfo (RoleInfo.java:updateAndGet(143)) - dc8ab455-7be4-4b62-9320-5f4e855ec266: start LeaderState
2019-11-13 18:48:14,241 [dc8ab455-7be4-4b62-9320-5f4e855ec266@group-89B323F57D7E-LeaderElection10] INFO  segmented.SegmentedRaftLogWorker (SegmentedRaftLogWorker.java:startLogSegment(385)) - dc8ab455-7be4-4b62-9320-5f4e855ec266@group-89B323F57D7E-SegmentedRaftLogWorker: Starting segment from index:0
2019-11-13 18:48:14,242 [EventQueue-PipelineReportForPipelineReportHandler] INFO  pipeline.PipelineStateManager (PipelineStateManager.java:openPipeline(134)) - Pipeline Pipeline[ Id: 87da36ff-815f-42ad-82ea-89b323f57d7e, Nodes: dc8ab455-7be4-4b62-9320-5f4e855ec266{ip: 192.168.164.219, host: pr-hdds-1940-7lghg-363871468, networkLocation: /default-rack, certSerialId: null}, Type:RATIS, Factor:ONE, State:OPEN] moved to OPEN state
2019-11-13 18:48:14,242 [dc8ab455-7be4-4b62-9320-5f4e855ec266@group-89B323F57D7E-LeaderElection10] INFO  impl.RaftServerImpl (ServerState.java:setRaftConf(356)) - dc8ab455-7be4-4b62-9320-5f4e855ec266@group-89B323F57D7E: set configuration 0: [dc8ab455-7be4-4b62-9320-5f4e855ec266:192.168.164.219:46852], old=null at 0
2019-11-13 18:48:14,272 [cb343498-03c0-425e-a729-2b4f8684daee@group-15009B0F61D7-SegmentedRaftLogWorker] INFO  segmented.SegmentedRaftLogWorker (SegmentedRaftLogWorker.java:execute(576)) - cb343498-03c0-425e-a729-2b4f8684daee@group-15009B0F61D7-SegmentedRaftLogWorker: created new log segment /workdir/hadoop-ozone/integration-test/target/test-dir/MiniOzoneClusterImpl-936e8649-2eb0-4b7a-921b-5d2cce332f9c/datanode-4/data/ratis/da79178e-a12a-4712-a813-15009b0f61d7/current/log_inprogress_0
2019-11-13 18:48:14,285 [dc8ab455-7be4-4b62-9320-5f4e855ec266@group-89B323F57D7E-SegmentedRaftLogWorker] INFO  segmented.SegmentedRaftLogWorker (SegmentedRaftLogWorker.java:execute(576)) - dc8ab455-7be4-4b62-9320-5f4e855ec266@group-89B323F57D7E-SegmentedRaftLogWorker: created new log segment /workdir/hadoop-ozone/integration-test/target/test-dir/MiniOzoneClusterImpl-936e8649-2eb0-4b7a-921b-5d2cce332f9c/datanode-1/data/ratis/87da36ff-815f-42ad-82ea-89b323f57d7e/current/log_inprogress_0
2019-11-13 18:48:14,305 [Thread-316] INFO  impl.FollowerState (FollowerState.java:run(111)) - 9ee498fb-dbd1-4b89-b28c-40ca18800c49@group-2AD66A413E88-FollowerState: change to CANDIDATE, lastRpcTime:1036ms, electionTimeout:1036ms
2019-11-13 18:48:14,306 [Thread-316] INFO  impl.RoleInfo (RoleInfo.java:shutdownFollowerState(121)) - 9ee498fb-dbd1-4b89-b28c-40ca18800c49: shutdown FollowerState
2019-11-13 18:48:14,306 [Thread-316] INFO  impl.RaftServerImpl (RaftServerImpl.java:setRole(173)) - 9ee498fb-dbd1-4b89-b28c-40ca18800c49@group-2AD66A413E88: changes role from  FOLLOWER to CANDIDATE at term 0 for changeToCandidate
2019-11-13 18:48:14,306 [Thread-316] INFO  impl.RoleInfo (RoleInfo.java:updateAndGet(143)) - 9ee498fb-dbd1-4b89-b28c-40ca18800c49: start LeaderElection
2019-11-13 18:48:14,322 [Thread-318] INFO  impl.FollowerState (FollowerState.java:run(111)) - 9582de44-b510-4bf6-b692-b66075a27588@group-2AD66A413E88-FollowerState: change to CANDIDATE, lastRpcTime:1052ms, electionTimeout:1052ms
2019-11-13 18:48:14,323 [Thread-318] INFO  impl.RoleInfo (RoleInfo.java:shutdownFollowerState(121)) - 9582de44-b510-4bf6-b692-b66075a27588: shutdown FollowerState
2019-11-13 18:48:14,323 [Thread-318] INFO  impl.RaftServerImpl (RaftServerImpl.java:setRole(173)) - 9582de44-b510-4bf6-b692-b66075a27588@group-2AD66A413E88: changes role from  FOLLOWER to CANDIDATE at term 0 for changeToCandidate
2019-11-13 18:48:14,323 [Thread-318] INFO  impl.RoleInfo (RoleInfo.java:updateAndGet(143)) - 9582de44-b510-4bf6-b692-b66075a27588: start LeaderElection
2019-11-13 18:48:14,330 [9ee498fb-dbd1-4b89-b28c-40ca18800c49@group-2AD66A413E88-LeaderElection11] INFO  impl.LeaderElection (LeaderElection.java:askForVotes(178)) - 9ee498fb-dbd1-4b89-b28c-40ca18800c49@group-2AD66A413E88-LeaderElection11: begin an election at term 1 for -1: [9582de44-b510-4bf6-b692-b66075a27588:192.168.164.219:46083, 9ee498fb-dbd1-4b89-b28c-40ca18800c49:192.168.164.219:36915, 19b56e57-c404-4271-b4fe-c6c2e842ae91:192.168.164.219:41012], old=null
2019-11-13 18:48:14,345 [9582de44-b510-4bf6-b692-b66075a27588@group-2AD66A413E88-LeaderElection12] INFO  impl.LeaderElection (LeaderElection.java:askForVotes(178)) - 9582de44-b510-4bf6-b692-b66075a27588@group-2AD66A413E88-LeaderElection12: begin an election at term 1 for -1: [9582de44-b510-4bf6-b692-b66075a27588:192.168.164.219:46083, 9ee498fb-dbd1-4b89-b28c-40ca18800c49:192.168.164.219:36915, 19b56e57-c404-4271-b4fe-c6c2e842ae91:192.168.164.219:41012], old=null
2019-11-13 18:48:14,364 [grpc-default-executor-1] INFO  impl.RaftServerImpl (RaftServerImpl.java:setRole(173)) - 19b56e57-c404-4271-b4fe-c6c2e842ae91@group-2AD66A413E88: changes role from  FOLLOWER to FOLLOWER at term 1 for recognizeCandidate:9ee498fb-dbd1-4b89-b28c-40ca18800c49
2019-11-13 18:48:14,364 [grpc-default-executor-1] INFO  impl.RoleInfo (RoleInfo.java:shutdownFollowerState(121)) - 19b56e57-c404-4271-b4fe-c6c2e842ae91: shutdown FollowerState
2019-11-13 18:48:14,364 [grpc-default-executor-1] INFO  impl.RoleInfo (RoleInfo.java:updateAndGet(143)) - 19b56e57-c404-4271-b4fe-c6c2e842ae91: start FollowerState
2019-11-13 18:48:14,364 [Thread-319] INFO  impl.FollowerState (FollowerState.java:run(120)) - 19b56e57-c404-4271-b4fe-c6c2e842ae91@group-2AD66A413E88-FollowerState was interrupted: java.lang.InterruptedException: sleep interrupted
2019-11-13 18:48:14,393 [9582de44-b510-4bf6-b692-b66075a27588@group-2AD66A413E88-LeaderElection12] INFO  impl.LeaderElection (LeaderElection.java:logAndReturn(56)) - 9582de44-b510-4bf6-b692-b66075a27588@group-2AD66A413E88-LeaderElection12: Election REJECTED; received 2 response(s) [9582de44-b510-4bf6-b692-b66075a27588<-9ee498fb-dbd1-4b89-b28c-40ca18800c49#0:FAIL-t1, 9582de44-b510-4bf6-b692-b66075a27588<-19b56e57-c404-4271-b4fe-c6c2e842ae91#0:FAIL-t1] and 0 exception(s); 9582de44-b510-4bf6-b692-b66075a27588@group-2AD66A413E88:t1, leader=null, voted=9582de44-b510-4bf6-b692-b66075a27588, raftlog=9582de44-b510-4bf6-b692-b66075a27588@group-2AD66A413E88-SegmentedRaftLog:OPENED:c-1,f-1,i0, conf=-1: [9582de44-b510-4bf6-b692-b66075a27588:192.168.164.219:46083, 9ee498fb-dbd1-4b89-b28c-40ca18800c49:192.168.164.219:36915, 19b56e57-c404-4271-b4fe-c6c2e842ae91:192.168.164.219:41012], old=null
2019-11-13 18:48:14,393 [9ee498fb-dbd1-4b89-b28c-40ca18800c49@group-2AD66A413E88-LeaderElection11] INFO  impl.LeaderElection (LeaderElection.java:logAndReturn(56)) - 9ee498fb-dbd1-4b89-b28c-40ca18800c49@group-2AD66A413E88-LeaderElection11: Election PASSED; received 2 response(s) [9ee498fb-dbd1-4b89-b28c-40ca18800c49<-9582de44-b510-4bf6-b692-b66075a27588#0:FAIL-t1, 9ee498fb-dbd1-4b89-b28c-40ca18800c49<-19b56e57-c404-4271-b4fe-c6c2e842ae91#0:OK-t1] and 0 exception(s); 9ee498fb-dbd1-4b89-b28c-40ca18800c49@group-2AD66A413E88:t1, leader=null, voted=9ee498fb-dbd1-4b89-b28c-40ca18800c49, raftlog=9ee498fb-dbd1-4b89-b28c-40ca18800c49@group-2AD66A413E88-SegmentedRaftLog:OPENED:c-1,f-1,i0, conf=-1: [9582de44-b510-4bf6-b692-b66075a27588:192.168.164.219:46083, 9ee498fb-dbd1-4b89-b28c-40ca18800c49:192.168.164.219:36915, 19b56e57-c404-4271-b4fe-c6c2e842ae91:192.168.164.219:41012], old=null
2019-11-13 18:48:14,393 [9ee498fb-dbd1-4b89-b28c-40ca18800c49@group-2AD66A413E88-LeaderElection11] INFO  impl.RoleInfo (RoleInfo.java:shutdownLeaderElection(134)) - 9ee498fb-dbd1-4b89-b28c-40ca18800c49: shutdown LeaderElection
2019-11-13 18:48:14,393 [9582de44-b510-4bf6-b692-b66075a27588@group-2AD66A413E88-LeaderElection12] INFO  impl.RaftServerImpl (RaftServerImpl.java:setRole(173)) - 9582de44-b510-4bf6-b692-b66075a27588@group-2AD66A413E88: changes role from CANDIDATE to FOLLOWER at term 1 for DISCOVERED_A_NEW_TERM
2019-11-13 18:48:14,397 [9ee498fb-dbd1-4b89-b28c-40ca18800c49@group-2AD66A413E88-LeaderElection11] INFO  impl.RaftServerImpl (RaftServerImpl.java:setRole(173)) - 9ee498fb-dbd1-4b89-b28c-40ca18800c49@group-2AD66A413E88: changes role from CANDIDATE to LEADER at term 1 for changeToLeader
2019-11-13 18:48:14,397 [9582de44-b510-4bf6-b692-b66075a27588@group-2AD66A413E88-LeaderElection12] INFO  impl.RoleInfo (RoleInfo.java:shutdownLeaderElection(134)) - 9582de44-b510-4bf6-b692-b66075a27588: shutdown LeaderElection
2019-11-13 18:48:14,397 [9ee498fb-dbd1-4b89-b28c-40ca18800c49@group-2AD66A413E88-LeaderElection11] INFO  ratis.XceiverServerRatis (XceiverServerRatis.java:handleLeaderChangedNotification(697)) - Leader change notification received for group: group-2AD66A413E88 with new leaderId: 9ee498fb-dbd1-4b89-b28c-40ca18800c49
2019-11-13 18:48:14,397 [9582de44-b510-4bf6-b692-b66075a27588@group-2AD66A413E88-LeaderElection12] INFO  impl.RoleInfo (RoleInfo.java:updateAndGet(143)) - 9582de44-b510-4bf6-b692-b66075a27588: start FollowerState
2019-11-13 18:48:14,397 [9ee498fb-dbd1-4b89-b28c-40ca18800c49@group-2AD66A413E88-LeaderElection11] INFO  impl.RaftServerImpl (ServerState.java:setLeader(255)) - 9ee498fb-dbd1-4b89-b28c-40ca18800c49@group-2AD66A413E88: change Leader from null to 9ee498fb-dbd1-4b89-b28c-40ca18800c49 at term 1 for becomeLeader, leader elected after 1134ms
2019-11-13 18:48:14,398 [9ee498fb-dbd1-4b89-b28c-40ca18800c49@group-2AD66A413E88-LeaderElection11] INFO  server.RaftServerConfigKeys (ConfUtils.java:logGet(43)) - raft.server.staging.catchup.gap = 1000 (default)
2019-11-13 18:48:14,399 [Thread-324] INFO  impl.FollowerState (FollowerState.java:run(111)) - 694477cc-c317-4cd0-89bd-f326ada4a5ba@group-E95F516CAEBC-FollowerState: change to CANDIDATE, lastRpcTime:1037ms, electionTimeout:1036ms
2019-11-13 18:48:14,399 [9ee498fb-dbd1-4b89-b28c-40ca18800c49@group-2AD66A413E88-LeaderElection11] INFO  server.RaftServerConfigKeys (ConfUtils.java:logGet(43)) - raft.server.rpc.sleep.time = 25ms (default)
2019-11-13 18:48:14,399 [Thread-324] INFO  impl.RoleInfo (RoleInfo.java:shutdownFollowerState(121)) - 694477cc-c317-4cd0-89bd-f326ada4a5ba: shutdown FollowerState
2019-11-13 18:48:14,399 [Thread-324] INFO  impl.RaftServerImpl (RaftServerImpl.java:setRole(173)) - 694477cc-c317-4cd0-89bd-f326ada4a5ba@group-E95F516CAEBC: changes role from  FOLLOWER to CANDIDATE at term 0 for changeToCandidate
2019-11-13 18:48:14,399 [9ee498fb-dbd1-4b89-b28c-40ca18800c49@group-2AD66A413E88-LeaderElection11] INFO  server.RaftServerConfigKeys (ConfUtils.java:logGet(43)) - raft.server.write.element-limit = 4096 (default)
2019-11-13 18:48:14,399 [Thread-324] INFO  impl.RoleInfo (RoleInfo.java:updateAndGet(143)) - 694477cc-c317-4cd0-89bd-f326ada4a5ba: start LeaderElection
2019-11-13 18:48:14,399 [9ee498fb-dbd1-4b89-b28c-40ca18800c49@group-2AD66A413E88-LeaderElection11] INFO  server.RaftServerConfigKeys (ConfUtils.java:logGet(43)) - raft.server.watch.timeout = 10s (default)
2019-11-13 18:48:14,401 [9ee498fb-dbd1-4b89-b28c-40ca18800c49@group-2AD66A413E88-LeaderElection11] INFO  server.RaftServerConfigKeys (ConfUtils.java:logGet(43)) - raft.server.watch.timeout.denomination = 1s (default)
2019-11-13 18:48:14,403 [9ee498fb-dbd1-4b89-b28c-40ca18800c49@group-2AD66A413E88-LeaderElection11] INFO  server.RaftServerConfigKeys (ConfUtils.java:logGet(43)) - raft.server.watch.element-limit = 65536 (default)
2019-11-13 18:48:14,404 [EventQueue-PipelineReportForPipelineReportHandler] INFO  pipeline.PipelineStateManager (PipelineStateManager.java:openPipeline(134)) - Pipeline Pipeline[ Id: f524de77-2762-44a4-bdc2-2ad66a413e88, Nodes: 19b56e57-c404-4271-b4fe-c6c2e842ae91{ip: 192.168.164.219, host: pr-hdds-1940-7lghg-363871468, networkLocation: /default-rack, certSerialId: null}9582de44-b510-4bf6-b692-b66075a27588{ip: 192.168.164.219, host: pr-hdds-1940-7lghg-363871468, networkLocation: /default-rack, certSerialId: null}9ee498fb-dbd1-4b89-b28c-40ca18800c49{ip: 192.168.164.219, host: pr-hdds-1940-7lghg-363871468, networkLocation: /default-rack, certSerialId: null}, Type:RATIS, Factor:THREE, State:OPEN] moved to OPEN state
2019-11-13 18:48:14,406 [9ee498fb-dbd1-4b89-b28c-40ca18800c49@group-2AD66A413E88-LeaderElection11] INFO  server.RaftServerConfigKeys (ConfUtils.java:logGet(43)) - raft.server.log.appender.snapshot.chunk.size.max = 16MB (=16777216) (default)
2019-11-13 18:48:14,406 [9ee498fb-dbd1-4b89-b28c-40ca18800c49@group-2AD66A413E88-LeaderElection11] INFO  server.RaftServerConfigKeys (ConfUtils.java:logGet(43)) - raft.server.log.appender.buffer.byte-limit = 33554432 (custom)
2019-11-13 18:48:14,407 [9ee498fb-dbd1-4b89-b28c-40ca18800c49@group-2AD66A413E88-LeaderElection11] INFO  server.RaftServerConfigKeys (ConfUtils.java:logGet(43)) - raft.server.log.appender.buffer.element-limit = 1 (custom)
2019-11-13 18:48:14,409 [9ee498fb-dbd1-4b89-b28c-40ca18800c49@group-2AD66A413E88-LeaderElection11] INFO  grpc.GrpcConfigKeys$Server (ConfUtils.java:logGet(43)) - raft.grpc.server.leader.outstanding.appends.max = 128 (default)
2019-11-13 18:48:14,409 [9ee498fb-dbd1-4b89-b28c-40ca18800c49@group-2AD66A413E88-LeaderElection11] INFO  server.RaftServerConfigKeys (ConfUtils.java:logGet(43)) - raft.server.rpc.request.timeout = 3000ms (default)
2019-11-13 18:48:14,409 [9ee498fb-dbd1-4b89-b28c-40ca18800c49@group-2AD66A413E88-LeaderElection11] INFO  server.RaftServerConfigKeys (ConfUtils.java:logGet(43)) - raft.server.log.appender.install.snapshot.enabled = false (custom)
2019-11-13 18:48:14,410 [9ee498fb-dbd1-4b89-b28c-40ca18800c49@group-2AD66A413E88-LeaderElection11] WARN  impl.MetricRegistriesImpl (MetricRegistriesImpl.java:lambda$create$1(61)) - First MetricRegistry has been created without registering reporters. You may need to call MetricRegistries.global().addReportRegistration(...) before.
2019-11-13 18:48:14,411 [9ee498fb-dbd1-4b89-b28c-40ca18800c49@group-2AD66A413E88-LeaderElection11] INFO  server.RaftServerConfigKeys (ConfUtils.java:logGet(43)) - raft.server.log.appender.snapshot.chunk.size.max = 16MB (=16777216) (default)
2019-11-13 18:48:14,411 [9ee498fb-dbd1-4b89-b28c-40ca18800c49@group-2AD66A413E88-LeaderElection11] INFO  server.RaftServerConfigKeys (ConfUtils.java:logGet(43)) - raft.server.log.appender.buffer.byte-limit = 33554432 (custom)
2019-11-13 18:48:14,411 [9ee498fb-dbd1-4b89-b28c-40ca18800c49@group-2AD66A413E88-LeaderElection11] INFO  server.RaftServerConfigKeys (ConfUtils.java:logGet(43)) - raft.server.log.appender.buffer.element-limit = 1 (custom)
2019-11-13 18:48:14,411 [9ee498fb-dbd1-4b89-b28c-40ca18800c49@group-2AD66A413E88-LeaderElection11] INFO  grpc.GrpcConfigKeys$Server (ConfUtils.java:logGet(43)) - raft.grpc.server.leader.outstanding.appends.max = 128 (default)
2019-11-13 18:48:14,411 [9ee498fb-dbd1-4b89-b28c-40ca18800c49@group-2AD66A413E88-LeaderElection11] INFO  server.RaftServerConfigKeys (ConfUtils.java:logGet(43)) - raft.server.rpc.request.timeout = 3000ms (default)
2019-11-13 18:48:14,411 [9ee498fb-dbd1-4b89-b28c-40ca18800c49@group-2AD66A413E88-LeaderElection11] INFO  server.RaftServerConfigKeys (ConfUtils.java:logGet(43)) - raft.server.log.appender.install.snapshot.enabled = false (custom)
2019-11-13 18:48:14,414 [9ee498fb-dbd1-4b89-b28c-40ca18800c49@group-2AD66A413E88-LeaderElection11] INFO  impl.RoleInfo (RoleInfo.java:updateAndGet(143)) - 9ee498fb-dbd1-4b89-b28c-40ca18800c49: start LeaderState
2019-11-13 18:48:14,414 [9ee498fb-dbd1-4b89-b28c-40ca18800c49@group-2AD66A413E88-LeaderElection11] INFO  segmented.SegmentedRaftLogWorker (SegmentedRaftLogWorker.java:startLogSegment(385)) - 9ee498fb-dbd1-4b89-b28c-40ca18800c49@group-2AD66A413E88-SegmentedRaftLogWorker: Starting segment from index:0
2019-11-13 18:48:14,415 [9ee498fb-dbd1-4b89-b28c-40ca18800c49@group-2AD66A413E88-LeaderElection11] INFO  impl.RaftServerImpl (ServerState.java:setRaftConf(356)) - 9ee498fb-dbd1-4b89-b28c-40ca18800c49@group-2AD66A413E88: set configuration 0: [9582de44-b510-4bf6-b692-b66075a27588:192.168.164.219:46083, 9ee498fb-dbd1-4b89-b28c-40ca18800c49:192.168.164.219:36915, 19b56e57-c404-4271-b4fe-c6c2e842ae91:192.168.164.219:41012], old=null at 0
2019-11-13 18:48:14,439 [694477cc-c317-4cd0-89bd-f326ada4a5ba@group-E95F516CAEBC-LeaderElection13] INFO  impl.LeaderElection (LeaderElection.java:askForVotes(178)) - 694477cc-c317-4cd0-89bd-f326ada4a5ba@group-E95F516CAEBC-LeaderElection13: begin an election at term 1 for -1: [6a4d2be6-9424-4ae4-9e09-f01b73daf36a:192.168.164.219:39773, 694477cc-c317-4cd0-89bd-f326ada4a5ba:192.168.164.219:36781, 8a346eb0-433c-4f64-9a22-d40a83dee003:192.168.164.219:45850], old=null
2019-11-13 18:48:14,451 [9ee498fb-dbd1-4b89-b28c-40ca18800c49@group-2AD66A413E88-SegmentedRaftLogWorker] INFO  segmented.SegmentedRaftLogWorker (SegmentedRaftLogWorker.java:execute(576)) - 9ee498fb-dbd1-4b89-b28c-40ca18800c49@group-2AD66A413E88-SegmentedRaftLogWorker: created new log segment /workdir/hadoop-ozone/integration-test/target/test-dir/MiniOzoneClusterImpl-936e8649-2eb0-4b7a-921b-5d2cce332f9c/datanode-7/data/ratis/f524de77-2762-44a4-bdc2-2ad66a413e88/current/log_inprogress_0
2019-11-13 18:48:14,452 [grpc-default-executor-1] INFO  impl.RaftServerImpl (RaftServerImpl.java:setRole(173)) - 8a346eb0-433c-4f64-9a22-d40a83dee003@group-E95F516CAEBC: changes role from  FOLLOWER to FOLLOWER at term 1 for recognizeCandidate:694477cc-c317-4cd0-89bd-f326ada4a5ba
2019-11-13 18:48:14,453 [grpc-default-executor-3] INFO  impl.RaftServerImpl (RaftServerImpl.java:setRole(173)) - 6a4d2be6-9424-4ae4-9e09-f01b73daf36a@group-E95F516CAEBC: changes role from  FOLLOWER to FOLLOWER at term 1 for recognizeCandidate:694477cc-c317-4cd0-89bd-f326ada4a5ba
2019-11-13 18:48:14,453 [grpc-default-executor-1] INFO  impl.RoleInfo (RoleInfo.java:shutdownFollowerState(121)) - 8a346eb0-433c-4f64-9a22-d40a83dee003: shutdown FollowerState
2019-11-13 18:48:14,454 [grpc-default-executor-3] INFO  impl.RoleInfo (RoleInfo.java:shutdownFollowerState(121)) - 6a4d2be6-9424-4ae4-9e09-f01b73daf36a: shutdown FollowerState
2019-11-13 18:48:14,454 [grpc-default-executor-1] INFO  impl.RoleInfo (RoleInfo.java:updateAndGet(143)) - 8a346eb0-433c-4f64-9a22-d40a83dee003: start FollowerState
2019-11-13 18:48:14,454 [grpc-default-executor-3] INFO  impl.RoleInfo (RoleInfo.java:updateAndGet(143)) - 6a4d2be6-9424-4ae4-9e09-f01b73daf36a: start FollowerState
2019-11-13 18:48:14,454 [Thread-329] INFO  impl.FollowerState (FollowerState.java:run(120)) - 8a346eb0-433c-4f64-9a22-d40a83dee003@group-E95F516CAEBC-FollowerState was interrupted: java.lang.InterruptedException: sleep interrupted
2019-11-13 18:48:14,454 [Thread-326] INFO  impl.FollowerState (FollowerState.java:run(120)) - 6a4d2be6-9424-4ae4-9e09-f01b73daf36a@group-E95F516CAEBC-FollowerState was interrupted: java.lang.InterruptedException: sleep interrupted
2019-11-13 18:48:14,470 [grpc-default-executor-0] INFO  ratis.XceiverServerRatis (XceiverServerRatis.java:handleLeaderChangedNotification(697)) - Leader change notification received for group: group-2AD66A413E88 with new leaderId: 9ee498fb-dbd1-4b89-b28c-40ca18800c49
2019-11-13 18:48:14,470 [grpc-default-executor-2] INFO  ratis.XceiverServerRatis (XceiverServerRatis.java:handleLeaderChangedNotification(697)) - Leader change notification received for group: group-2AD66A413E88 with new leaderId: 9ee498fb-dbd1-4b89-b28c-40ca18800c49
2019-11-13 18:48:14,470 [grpc-default-executor-0] INFO  impl.RaftServerImpl (ServerState.java:setLeader(255)) - 19b56e57-c404-4271-b4fe-c6c2e842ae91@group-2AD66A413E88: change Leader from null to 9ee498fb-dbd1-4b89-b28c-40ca18800c49 at term 1 for appendEntries, leader elected after 1207ms
2019-11-13 18:48:14,470 [grpc-default-executor-2] INFO  impl.RaftServerImpl (ServerState.java:setLeader(255)) - 9582de44-b510-4bf6-b692-b66075a27588@group-2AD66A413E88: change Leader from null to 9ee498fb-dbd1-4b89-b28c-40ca18800c49 at term 1 for appendEntries, leader elected after 1207ms
2019-11-13 18:48:14,482 [694477cc-c317-4cd0-89bd-f326ada4a5ba@group-E95F516CAEBC-LeaderElection13] INFO  impl.LeaderElection (LeaderElection.java:logAndReturn(56)) - 694477cc-c317-4cd0-89bd-f326ada4a5ba@group-E95F516CAEBC-LeaderElection13: Election PASSED; received 1 response(s) [694477cc-c317-4cd0-89bd-f326ada4a5ba<-8a346eb0-433c-4f64-9a22-d40a83dee003#0:OK-t1] and 0 exception(s); 694477cc-c317-4cd0-89bd-f326ada4a5ba@group-E95F516CAEBC:t1, leader=null, voted=694477cc-c317-4cd0-89bd-f326ada4a5ba, raftlog=694477cc-c317-4cd0-89bd-f326ada4a5ba@group-E95F516CAEBC-SegmentedRaftLog:OPENED:c-1,f-1,i0, conf=-1: [6a4d2be6-9424-4ae4-9e09-f01b73daf36a:192.168.164.219:39773, 694477cc-c317-4cd0-89bd-f326ada4a5ba:192.168.164.219:36781, 8a346eb0-433c-4f64-9a22-d40a83dee003:192.168.164.219:45850], old=null
2019-11-13 18:48:14,484 [694477cc-c317-4cd0-89bd-f326ada4a5ba@group-E95F516CAEBC-LeaderElection13] INFO  impl.RoleInfo (RoleInfo.java:shutdownLeaderElection(134)) - 694477cc-c317-4cd0-89bd-f326ada4a5ba: shutdown LeaderElection
2019-11-13 18:48:14,485 [694477cc-c317-4cd0-89bd-f326ada4a5ba@group-E95F516CAEBC-LeaderElection13] INFO  impl.RaftServerImpl (RaftServerImpl.java:setRole(173)) - 694477cc-c317-4cd0-89bd-f326ada4a5ba@group-E95F516CAEBC: changes role from CANDIDATE to LEADER at term 1 for changeToLeader
2019-11-13 18:48:14,485 [694477cc-c317-4cd0-89bd-f326ada4a5ba@group-E95F516CAEBC-LeaderElection13] INFO  ratis.XceiverServerRatis (XceiverServerRatis.java:handleLeaderChangedNotification(697)) - Leader change notification received for group: group-E95F516CAEBC with new leaderId: 694477cc-c317-4cd0-89bd-f326ada4a5ba
2019-11-13 18:48:14,486 [694477cc-c317-4cd0-89bd-f326ada4a5ba@group-E95F516CAEBC-LeaderElection13] INFO  impl.RaftServerImpl (ServerState.java:setLeader(255)) - 694477cc-c317-4cd0-89bd-f326ada4a5ba@group-E95F516CAEBC: change Leader from null to 694477cc-c317-4cd0-89bd-f326ada4a5ba at term 1 for becomeLeader, leader elected after 1129ms
2019-11-13 18:48:14,486 [694477cc-c317-4cd0-89bd-f326ada4a5ba@group-E95F516CAEBC-LeaderElection13] INFO  server.RaftServerConfigKeys (ConfUtils.java:logGet(43)) - raft.server.staging.catchup.gap = 1000 (default)
2019-11-13 18:48:14,486 [694477cc-c317-4cd0-89bd-f326ada4a5ba@group-E95F516CAEBC-LeaderElection13] INFO  server.RaftServerConfigKeys (ConfUtils.java:logGet(43)) - raft.server.rpc.sleep.time = 25ms (default)
2019-11-13 18:48:14,486 [694477cc-c317-4cd0-89bd-f326ada4a5ba@group-E95F516CAEBC-LeaderElection13] INFO  server.RaftServerConfigKeys (ConfUtils.java:logGet(43)) - raft.server.write.element-limit = 4096 (default)
2019-11-13 18:48:14,486 [694477cc-c317-4cd0-89bd-f326ada4a5ba@group-E95F516CAEBC-LeaderElection13] INFO  server.RaftServerConfigKeys (ConfUtils.java:logGet(43)) - raft.server.watch.timeout = 10s (default)
2019-11-13 18:48:14,487 [694477cc-c317-4cd0-89bd-f326ada4a5ba@group-E95F516CAEBC-LeaderElection13] INFO  server.RaftServerConfigKeys (ConfUtils.java:logGet(43)) - raft.server.watch.timeout.denomination = 1s (default)
2019-11-13 18:48:14,487 [694477cc-c317-4cd0-89bd-f326ada4a5ba@group-E95F516CAEBC-LeaderElection13] INFO  server.RaftServerConfigKeys (ConfUtils.java:logGet(43)) - raft.server.watch.element-limit = 65536 (default)
2019-11-13 18:48:14,488 [694477cc-c317-4cd0-89bd-f326ada4a5ba@group-E95F516CAEBC-LeaderElection13] INFO  server.RaftServerConfigKeys (ConfUtils.java:logGet(43)) - raft.server.log.appender.snapshot.chunk.size.max = 16MB (=16777216) (default)
2019-11-13 18:48:14,488 [694477cc-c317-4cd0-89bd-f326ada4a5ba@group-E95F516CAEBC-LeaderElection13] INFO  server.RaftServerConfigKeys (ConfUtils.java:logGet(43)) - raft.server.log.appender.buffer.byte-limit = 33554432 (custom)
2019-11-13 18:48:14,488 [694477cc-c317-4cd0-89bd-f326ada4a5ba@group-E95F516CAEBC-LeaderElection13] INFO  server.RaftServerConfigKeys (ConfUtils.java:logGet(43)) - raft.server.log.appender.buffer.element-limit = 1 (custom)
2019-11-13 18:48:14,488 [694477cc-c317-4cd0-89bd-f326ada4a5ba@group-E95F516CAEBC-LeaderElection13] INFO  grpc.GrpcConfigKeys$Server (ConfUtils.java:logGet(43)) - raft.grpc.server.leader.outstanding.appends.max = 128 (default)
2019-11-13 18:48:14,489 [EventQueue-PipelineReportForPipelineReportHandler] INFO  pipeline.PipelineStateManager (PipelineStateManager.java:openPipeline(134)) - Pipeline Pipeline[ Id: 62cfdfc0-d4bf-4ef6-a0cc-e95f516caebc, Nodes: 8a346eb0-433c-4f64-9a22-d40a83dee003{ip: 192.168.164.219, host: pr-hdds-1940-7lghg-363871468, networkLocation: /default-rack, certSerialId: null}6a4d2be6-9424-4ae4-9e09-f01b73daf36a{ip: 192.168.164.219, host: pr-hdds-1940-7lghg-363871468, networkLocation: /default-rack, certSerialId: null}694477cc-c317-4cd0-89bd-f326ada4a5ba{ip: 192.168.164.219, host: pr-hdds-1940-7lghg-363871468, networkLocation: /default-rack, certSerialId: null}, Type:RATIS, Factor:THREE, State:OPEN] moved to OPEN state
2019-11-13 18:48:14,491 [694477cc-c317-4cd0-89bd-f326ada4a5ba@group-E95F516CAEBC-LeaderElection13] INFO  server.RaftServerConfigKeys (ConfUtils.java:logGet(43)) - raft.server.rpc.request.timeout = 3000ms (default)
2019-11-13 18:48:14,491 [694477cc-c317-4cd0-89bd-f326ada4a5ba@group-E95F516CAEBC-LeaderElection13] INFO  server.RaftServerConfigKeys (ConfUtils.java:logGet(43)) - raft.server.log.appender.install.snapshot.enabled = false (custom)
2019-11-13 18:48:14,491 [694477cc-c317-4cd0-89bd-f326ada4a5ba@group-E95F516CAEBC-LeaderElection13] WARN  impl.MetricRegistriesImpl (MetricRegistriesImpl.java:lambda$create$1(61)) - First MetricRegistry has been created without registering reporters. You may need to call MetricRegistries.global().addReportRegistration(...) before.
2019-11-13 18:48:14,491 [694477cc-c317-4cd0-89bd-f326ada4a5ba@group-E95F516CAEBC-LeaderElection13] INFO  server.RaftServerConfigKeys (ConfUtils.java:logGet(43)) - raft.server.log.appender.snapshot.chunk.size.max = 16MB (=16777216) (default)
2019-11-13 18:48:14,491 [694477cc-c317-4cd0-89bd-f326ada4a5ba@group-E95F516CAEBC-LeaderElection13] INFO  server.RaftServerConfigKeys (ConfUtils.java:logGet(43)) - raft.server.log.appender.buffer.byte-limit = 33554432 (custom)
2019-11-13 18:48:14,491 [694477cc-c317-4cd0-89bd-f326ada4a5ba@group-E95F516CAEBC-LeaderElection13] INFO  server.RaftServerConfigKeys (ConfUtils.java:logGet(43)) - raft.server.log.appender.buffer.element-limit = 1 (custom)
2019-11-13 18:48:14,492 [694477cc-c317-4cd0-89bd-f326ada4a5ba@group-E95F516CAEBC-LeaderElection13] INFO  grpc.GrpcConfigKeys$Server (ConfUtils.java:logGet(43)) - raft.grpc.server.leader.outstanding.appends.max = 128 (default)
2019-11-13 18:48:14,492 [694477cc-c317-4cd0-89bd-f326ada4a5ba@group-E95F516CAEBC-LeaderElection13] INFO  server.RaftServerConfigKeys (ConfUtils.java:logGet(43)) - raft.server.rpc.request.timeout = 3000ms (default)
2019-11-13 18:48:14,493 [694477cc-c317-4cd0-89bd-f326ada4a5ba@group-E95F516CAEBC-LeaderElection13] INFO  server.RaftServerConfigKeys (ConfUtils.java:logGet(43)) - raft.server.log.appender.install.snapshot.enabled = false (custom)
2019-11-13 18:48:14,494 [694477cc-c317-4cd0-89bd-f326ada4a5ba@group-E95F516CAEBC-LeaderElection13] INFO  impl.RoleInfo (RoleInfo.java:updateAndGet(143)) - 694477cc-c317-4cd0-89bd-f326ada4a5ba: start LeaderState
2019-11-13 18:48:14,494 [694477cc-c317-4cd0-89bd-f326ada4a5ba@group-E95F516CAEBC-LeaderElection13] INFO  segmented.SegmentedRaftLogWorker (SegmentedRaftLogWorker.java:startLogSegment(385)) - 694477cc-c317-4cd0-89bd-f326ada4a5ba@group-E95F516CAEBC-SegmentedRaftLogWorker: Starting segment from index:0
2019-11-13 18:48:14,495 [694477cc-c317-4cd0-89bd-f326ada4a5ba@group-E95F516CAEBC-LeaderElection13] INFO  impl.RaftServerImpl (ServerState.java:setRaftConf(356)) - 694477cc-c317-4cd0-89bd-f326ada4a5ba@group-E95F516CAEBC: set configuration 0: [6a4d2be6-9424-4ae4-9e09-f01b73daf36a:192.168.164.219:39773, 694477cc-c317-4cd0-89bd-f326ada4a5ba:192.168.164.219:36781, 8a346eb0-433c-4f64-9a22-d40a83dee003:192.168.164.219:45850], old=null at 0
2019-11-13 18:48:14,519 [Thread-333] INFO  impl.FollowerState (FollowerState.java:run(111)) - cb343498-03c0-425e-a729-2b4f8684daee@group-74545E85C80C-FollowerState: change to CANDIDATE, lastRpcTime:1078ms, electionTimeout:1064ms
2019-11-13 18:48:14,520 [Thread-333] INFO  impl.RoleInfo (RoleInfo.java:shutdownFollowerState(121)) - cb343498-03c0-425e-a729-2b4f8684daee: shutdown FollowerState
2019-11-13 18:48:14,521 [Thread-333] INFO  impl.RaftServerImpl (RaftServerImpl.java:setRole(173)) - cb343498-03c0-425e-a729-2b4f8684daee@group-74545E85C80C: changes role from  FOLLOWER to CANDIDATE at term 0 for changeToCandidate
2019-11-13 18:48:14,521 [Thread-333] INFO  impl.RoleInfo (RoleInfo.java:updateAndGet(143)) - cb343498-03c0-425e-a729-2b4f8684daee: start LeaderElection
2019-11-13 18:48:14,528 [grpc-default-executor-1] INFO  ratis.XceiverServerRatis (XceiverServerRatis.java:handleLeaderChangedNotification(697)) - Leader change notification received for group: group-E95F516CAEBC with new leaderId: 694477cc-c317-4cd0-89bd-f326ada4a5ba
2019-11-13 18:48:14,528 [grpc-default-executor-3] INFO  ratis.XceiverServerRatis (XceiverServerRatis.java:handleLeaderChangedNotification(697)) - Leader change notification received for group: group-E95F516CAEBC with new leaderId: 694477cc-c317-4cd0-89bd-f326ada4a5ba
2019-11-13 18:48:14,528 [grpc-default-executor-1] INFO  impl.RaftServerImpl (ServerState.java:setLeader(255)) - 8a346eb0-433c-4f64-9a22-d40a83dee003@group-E95F516CAEBC: change Leader from null to 694477cc-c317-4cd0-89bd-f326ada4a5ba at term 1 for appendEntries, leader elected after 1170ms
2019-11-13 18:48:14,528 [grpc-default-executor-3] INFO  impl.RaftServerImpl (ServerState.java:setLeader(255)) - 6a4d2be6-9424-4ae4-9e09-f01b73daf36a@group-E95F516CAEBC: change Leader from null to 694477cc-c317-4cd0-89bd-f326ada4a5ba at term 1 for appendEntries, leader elected after 1172ms
2019-11-13 18:48:14,535 [694477cc-c317-4cd0-89bd-f326ada4a5ba@group-E95F516CAEBC-SegmentedRaftLogWorker] INFO  segmented.SegmentedRaftLogWorker (SegmentedRaftLogWorker.java:execute(576)) - 694477cc-c317-4cd0-89bd-f326ada4a5ba@group-E95F516CAEBC-SegmentedRaftLogWorker: created new log segment /workdir/hadoop-ozone/integration-test/target/test-dir/MiniOzoneClusterImpl-936e8649-2eb0-4b7a-921b-5d2cce332f9c/datanode-5/data/ratis/62cfdfc0-d4bf-4ef6-a0cc-e95f516caebc/current/log_inprogress_0
2019-11-13 18:48:14,535 [cb343498-03c0-425e-a729-2b4f8684daee@group-74545E85C80C-LeaderElection14] INFO  impl.LeaderElection (LeaderElection.java:askForVotes(178)) - cb343498-03c0-425e-a729-2b4f8684daee@group-74545E85C80C-LeaderElection14: begin an election at term 1 for -1: [cb343498-03c0-425e-a729-2b4f8684daee:192.168.164.219:33301, e8491d14-0d10-4bdc-963d-f0280d0d8b35:192.168.164.219:41564, 302e21ca-1d4a-4b22-bc74-f644a63fc179:192.168.164.219:35354], old=null
2019-11-13 18:48:14,540 [grpc-default-executor-0] INFO  impl.RaftServerImpl (ServerState.java:setRaftConf(356)) - 9582de44-b510-4bf6-b692-b66075a27588@group-2AD66A413E88: set configuration 0: [9582de44-b510-4bf6-b692-b66075a27588:192.168.164.219:46083, 9ee498fb-dbd1-4b89-b28c-40ca18800c49:192.168.164.219:36915, 19b56e57-c404-4271-b4fe-c6c2e842ae91:192.168.164.219:41012], old=null at 0
2019-11-13 18:48:14,540 [grpc-default-executor-3] INFO  impl.RaftServerImpl (ServerState.java:setRaftConf(356)) - 8a346eb0-433c-4f64-9a22-d40a83dee003@group-E95F516CAEBC: set configuration 0: [6a4d2be6-9424-4ae4-9e09-f01b73daf36a:192.168.164.219:39773, 694477cc-c317-4cd0-89bd-f326ada4a5ba:192.168.164.219:36781, 8a346eb0-433c-4f64-9a22-d40a83dee003:192.168.164.219:45850], old=null at 0
2019-11-13 18:48:14,540 [grpc-default-executor-2] INFO  impl.RaftServerImpl (ServerState.java:setRaftConf(356)) - 6a4d2be6-9424-4ae4-9e09-f01b73daf36a@group-E95F516CAEBC: set configuration 0: [6a4d2be6-9424-4ae4-9e09-f01b73daf36a:192.168.164.219:39773, 694477cc-c317-4cd0-89bd-f326ada4a5ba:192.168.164.219:36781, 8a346eb0-433c-4f64-9a22-d40a83dee003:192.168.164.219:45850], old=null at 0
2019-11-13 18:48:14,540 [grpc-default-executor-1] INFO  impl.RaftServerImpl (ServerState.java:setRaftConf(356)) - 19b56e57-c404-4271-b4fe-c6c2e842ae91@group-2AD66A413E88: set configuration 0: [9582de44-b510-4bf6-b692-b66075a27588:192.168.164.219:46083, 9ee498fb-dbd1-4b89-b28c-40ca18800c49:192.168.164.219:36915, 19b56e57-c404-4271-b4fe-c6c2e842ae91:192.168.164.219:41012], old=null at 0
2019-11-13 18:48:14,541 [grpc-default-executor-2] INFO  segmented.SegmentedRaftLogWorker (SegmentedRaftLogWorker.java:startLogSegment(385)) - 6a4d2be6-9424-4ae4-9e09-f01b73daf36a@group-E95F516CAEBC-SegmentedRaftLogWorker: Starting segment from index:0
2019-11-13 18:48:14,541 [grpc-default-executor-3] INFO  segmented.SegmentedRaftLogWorker (SegmentedRaftLogWorker.java:startLogSegment(385)) - 8a346eb0-433c-4f64-9a22-d40a83dee003@group-E95F516CAEBC-SegmentedRaftLogWorker: Starting segment from index:0
2019-11-13 18:48:14,540 [grpc-default-executor-0] INFO  segmented.SegmentedRaftLogWorker (SegmentedRaftLogWorker.java:startLogSegment(385)) - 9582de44-b510-4bf6-b692-b66075a27588@group-2AD66A413E88-SegmentedRaftLogWorker: Starting segment from index:0
2019-11-13 18:48:14,541 [grpc-default-executor-1] INFO  segmented.SegmentedRaftLogWorker (SegmentedRaftLogWorker.java:startLogSegment(385)) - 19b56e57-c404-4271-b4fe-c6c2e842ae91@group-2AD66A413E88-SegmentedRaftLogWorker: Starting segment from index:0
2019-11-13 18:48:14,581 [grpc-default-executor-1] INFO  impl.RaftServerImpl (RaftServerImpl.java:setRole(173)) - e8491d14-0d10-4bdc-963d-f0280d0d8b35@group-74545E85C80C: changes role from  FOLLOWER to FOLLOWER at term 1 for recognizeCandidate:cb343498-03c0-425e-a729-2b4f8684daee
2019-11-13 18:48:14,581 [grpc-default-executor-0] INFO  impl.RaftServerImpl (RaftServerImpl.java:setRole(173)) - 302e21ca-1d4a-4b22-bc74-f644a63fc179@group-74545E85C80C: changes role from  FOLLOWER to FOLLOWER at term 1 for recognizeCandidate:cb343498-03c0-425e-a729-2b4f8684daee
2019-11-13 18:48:14,581 [grpc-default-executor-1] INFO  impl.RoleInfo (RoleInfo.java:shutdownFollowerState(121)) - e8491d14-0d10-4bdc-963d-f0280d0d8b35: shutdown FollowerState
2019-11-13 18:48:14,582 [grpc-default-executor-0] INFO  impl.RoleInfo (RoleInfo.java:shutdownFollowerState(121)) - 302e21ca-1d4a-4b22-bc74-f644a63fc179: shutdown FollowerState
2019-11-13 18:48:14,582 [grpc-default-executor-1] INFO  impl.RoleInfo (RoleInfo.java:updateAndGet(143)) - e8491d14-0d10-4bdc-963d-f0280d0d8b35: start FollowerState
2019-11-13 18:48:14,582 [grpc-default-executor-0] INFO  impl.RoleInfo (RoleInfo.java:updateAndGet(143)) - 302e21ca-1d4a-4b22-bc74-f644a63fc179: start FollowerState
2019-11-13 18:48:14,582 [Thread-337] INFO  impl.FollowerState (FollowerState.java:run(120)) - e8491d14-0d10-4bdc-963d-f0280d0d8b35@group-74545E85C80C-FollowerState was interrupted: java.lang.InterruptedException: sleep interrupted
2019-11-13 18:48:14,582 [Thread-338] INFO  impl.FollowerState (FollowerState.java:run(120)) - 302e21ca-1d4a-4b22-bc74-f644a63fc179@group-74545E85C80C-FollowerState was interrupted: java.lang.InterruptedException: sleep interrupted
2019-11-13 18:48:14,590 [6a4d2be6-9424-4ae4-9e09-f01b73daf36a@group-E95F516CAEBC-SegmentedRaftLogWorker] INFO  segmented.SegmentedRaftLogWorker (SegmentedRaftLogWorker.java:execute(576)) - 6a4d2be6-9424-4ae4-9e09-f01b73daf36a@group-E95F516CAEBC-SegmentedRaftLogWorker: created new log segment /workdir/hadoop-ozone/integration-test/target/test-dir/MiniOzoneClusterImpl-936e8649-2eb0-4b7a-921b-5d2cce332f9c/datanode-9/data/ratis/62cfdfc0-d4bf-4ef6-a0cc-e95f516caebc/current/log_inprogress_0
2019-11-13 18:48:14,590 [9582de44-b510-4bf6-b692-b66075a27588@group-2AD66A413E88-SegmentedRaftLogWorker] INFO  segmented.SegmentedRaftLogWorker (SegmentedRaftLogWorker.java:execute(576)) - 9582de44-b510-4bf6-b692-b66075a27588@group-2AD66A413E88-SegmentedRaftLogWorker: created new log segment /workdir/hadoop-ozone/integration-test/target/test-dir/MiniOzoneClusterImpl-936e8649-2eb0-4b7a-921b-5d2cce332f9c/datanode-3/data/ratis/f524de77-2762-44a4-bdc2-2ad66a413e88/current/log_inprogress_0
2019-11-13 18:48:14,590 [19b56e57-c404-4271-b4fe-c6c2e842ae91@group-2AD66A413E88-SegmentedRaftLogWorker] INFO  segmented.SegmentedRaftLogWorker (SegmentedRaftLogWorker.java:execute(576)) - 19b56e57-c404-4271-b4fe-c6c2e842ae91@group-2AD66A413E88-SegmentedRaftLogWorker: created new log segment /workdir/hadoop-ozone/integration-test/target/test-dir/MiniOzoneClusterImpl-936e8649-2eb0-4b7a-921b-5d2cce332f9c/datanode-2/data/ratis/f524de77-2762-44a4-bdc2-2ad66a413e88/current/log_inprogress_0
2019-11-13 18:48:14,590 [8a346eb0-433c-4f64-9a22-d40a83dee003@group-E95F516CAEBC-SegmentedRaftLogWorker] INFO  segmented.SegmentedRaftLogWorker (SegmentedRaftLogWorker.java:execute(576)) - 8a346eb0-433c-4f64-9a22-d40a83dee003@group-E95F516CAEBC-SegmentedRaftLogWorker: created new log segment /workdir/hadoop-ozone/integration-test/target/test-dir/MiniOzoneClusterImpl-936e8649-2eb0-4b7a-921b-5d2cce332f9c/datanode-0/data/ratis/62cfdfc0-d4bf-4ef6-a0cc-e95f516caebc/current/log_inprogress_0
2019-11-13 18:48:14,597 [cb343498-03c0-425e-a729-2b4f8684daee@group-74545E85C80C-LeaderElection14] INFO  impl.LeaderElection (LeaderElection.java:logAndReturn(56)) - cb343498-03c0-425e-a729-2b4f8684daee@group-74545E85C80C-LeaderElection14: Election PASSED; received 1 response(s) [cb343498-03c0-425e-a729-2b4f8684daee<-e8491d14-0d10-4bdc-963d-f0280d0d8b35#0:OK-t1] and 0 exception(s); cb343498-03c0-425e-a729-2b4f8684daee@group-74545E85C80C:t1, leader=null, voted=cb343498-03c0-425e-a729-2b4f8684daee, raftlog=cb343498-03c0-425e-a729-2b4f8684daee@group-74545E85C80C-SegmentedRaftLog:OPENED:c-1,f-1,i0, conf=-1: [cb343498-03c0-425e-a729-2b4f8684daee:192.168.164.219:33301, e8491d14-0d10-4bdc-963d-f0280d0d8b35:192.168.164.219:41564, 302e21ca-1d4a-4b22-bc74-f644a63fc179:192.168.164.219:35354], old=null
2019-11-13 18:48:14,597 [cb343498-03c0-425e-a729-2b4f8684daee@group-74545E85C80C-LeaderElection14] INFO  impl.RoleInfo (RoleInfo.java:shutdownLeaderElection(134)) - cb343498-03c0-425e-a729-2b4f8684daee: shutdown LeaderElection
2019-11-13 18:48:14,604 [cb343498-03c0-425e-a729-2b4f8684daee@group-74545E85C80C-LeaderElection14] INFO  impl.RaftServerImpl (RaftServerImpl.java:setRole(173)) - cb343498-03c0-425e-a729-2b4f8684daee@group-74545E85C80C: changes role from CANDIDATE to LEADER at term 1 for changeToLeader
2019-11-13 18:48:14,604 [cb343498-03c0-425e-a729-2b4f8684daee@group-74545E85C80C-LeaderElection14] INFO  ratis.XceiverServerRatis (XceiverServerRatis.java:handleLeaderChangedNotification(697)) - Leader change notification received for group: group-74545E85C80C with new leaderId: cb343498-03c0-425e-a729-2b4f8684daee
2019-11-13 18:48:14,604 [cb343498-03c0-425e-a729-2b4f8684daee@group-74545E85C80C-LeaderElection14] INFO  impl.RaftServerImpl (ServerState.java:setLeader(255)) - cb343498-03c0-425e-a729-2b4f8684daee@group-74545E85C80C: change Leader from null to cb343498-03c0-425e-a729-2b4f8684daee at term 1 for becomeLeader, leader elected after 1169ms
2019-11-13 18:48:14,607 [cb343498-03c0-425e-a729-2b4f8684daee@group-74545E85C80C-LeaderElection14] INFO  server.RaftServerConfigKeys (ConfUtils.java:logGet(43)) - raft.server.staging.catchup.gap = 1000 (default)
2019-11-13 18:48:14,607 [cb343498-03c0-425e-a729-2b4f8684daee@group-74545E85C80C-LeaderElection14] INFO  server.RaftServerConfigKeys (ConfUtils.java:logGet(43)) - raft.server.rpc.sleep.time = 25ms (default)
2019-11-13 18:48:14,608 [cb343498-03c0-425e-a729-2b4f8684daee@group-74545E85C80C-LeaderElection14] INFO  server.RaftServerConfigKeys (ConfUtils.java:logGet(43)) - raft.server.write.element-limit = 4096 (default)
2019-11-13 18:48:14,608 [cb343498-03c0-425e-a729-2b4f8684daee@group-74545E85C80C-LeaderElection14] INFO  server.RaftServerConfigKeys (ConfUtils.java:logGet(43)) - raft.server.watch.timeout = 10s (default)
2019-11-13 18:48:14,608 [cb343498-03c0-425e-a729-2b4f8684daee@group-74545E85C80C-LeaderElection14] INFO  server.RaftServerConfigKeys (ConfUtils.java:logGet(43)) - raft.server.watch.timeout.denomination = 1s (default)
2019-11-13 18:48:14,608 [cb343498-03c0-425e-a729-2b4f8684daee@group-74545E85C80C-LeaderElection14] INFO  server.RaftServerConfigKeys (ConfUtils.java:logGet(43)) - raft.server.watch.element-limit = 65536 (default)
2019-11-13 18:48:14,609 [EventQueue-PipelineReportForPipelineReportHandler] INFO  pipeline.PipelineStateManager (PipelineStateManager.java:openPipeline(134)) - Pipeline Pipeline[ Id: c1538db3-7fd1-4e4c-ae78-74545e85c80c, Nodes: 302e21ca-1d4a-4b22-bc74-f644a63fc179{ip: 192.168.164.219, host: pr-hdds-1940-7lghg-363871468, networkLocation: /default-rack, certSerialId: null}e8491d14-0d10-4bdc-963d-f0280d0d8b35{ip: 192.168.164.219, host: pr-hdds-1940-7lghg-363871468, networkLocation: /default-rack, certSerialId: null}cb343498-03c0-425e-a729-2b4f8684daee{ip: 192.168.164.219, host: pr-hdds-1940-7lghg-363871468, networkLocation: /default-rack, certSerialId: null}, Type:RATIS, Factor:THREE, State:OPEN] moved to OPEN state
2019-11-13 18:48:14,610 [cb343498-03c0-425e-a729-2b4f8684daee@group-74545E85C80C-LeaderElection14] INFO  server.RaftServerConfigKeys (ConfUtils.java:logGet(43)) - raft.server.log.appender.snapshot.chunk.size.max = 16MB (=16777216) (default)
2019-11-13 18:48:14,610 [cb343498-03c0-425e-a729-2b4f8684daee@group-74545E85C80C-LeaderElection14] INFO  server.RaftServerConfigKeys (ConfUtils.java:logGet(43)) - raft.server.log.appender.buffer.byte-limit = 33554432 (custom)
2019-11-13 18:48:14,610 [cb343498-03c0-425e-a729-2b4f8684daee@group-74545E85C80C-LeaderElection14] INFO  server.RaftServerConfigKeys (ConfUtils.java:logGet(43)) - raft.server.log.appender.buffer.element-limit = 1 (custom)
2019-11-13 18:48:14,610 [cb343498-03c0-425e-a729-2b4f8684daee@group-74545E85C80C-LeaderElection14] INFO  grpc.GrpcConfigKeys$Server (ConfUtils.java:logGet(43)) - raft.grpc.server.leader.outstanding.appends.max = 128 (default)
2019-11-13 18:48:14,611 [cb343498-03c0-425e-a729-2b4f8684daee@group-74545E85C80C-LeaderElection14] INFO  server.RaftServerConfigKeys (ConfUtils.java:logGet(43)) - raft.server.rpc.request.timeout = 3000ms (default)
2019-11-13 18:48:14,611 [cb343498-03c0-425e-a729-2b4f8684daee@group-74545E85C80C-LeaderElection14] INFO  server.RaftServerConfigKeys (ConfUtils.java:logGet(43)) - raft.server.log.appender.install.snapshot.enabled = false (custom)
2019-11-13 18:48:14,611 [cb343498-03c0-425e-a729-2b4f8684daee@group-74545E85C80C-LeaderElection14] WARN  impl.MetricRegistriesImpl (MetricRegistriesImpl.java:lambda$create$1(61)) - First MetricRegistry has been created without registering reporters. You may need to call MetricRegistries.global().addReportRegistration(...) before.
2019-11-13 18:48:14,611 [cb343498-03c0-425e-a729-2b4f8684daee@group-74545E85C80C-LeaderElection14] INFO  server.RaftServerConfigKeys (ConfUtils.java:logGet(43)) - raft.server.log.appender.snapshot.chunk.size.max = 16MB (=16777216) (default)
2019-11-13 18:48:14,611 [cb343498-03c0-425e-a729-2b4f8684daee@group-74545E85C80C-LeaderElection14] INFO  server.RaftServerConfigKeys (ConfUtils.java:logGet(43)) - raft.server.log.appender.buffer.byte-limit = 33554432 (custom)
2019-11-13 18:48:14,611 [cb343498-03c0-425e-a729-2b4f8684daee@group-74545E85C80C-LeaderElection14] INFO  server.RaftServerConfigKeys (ConfUtils.java:logGet(43)) - raft.server.log.appender.buffer.element-limit = 1 (custom)
2019-11-13 18:48:14,611 [cb343498-03c0-425e-a729-2b4f8684daee@group-74545E85C80C-LeaderElection14] INFO  grpc.GrpcConfigKeys$Server (ConfUtils.java:logGet(43)) - raft.grpc.server.leader.outstanding.appends.max = 128 (default)
2019-11-13 18:48:14,611 [cb343498-03c0-425e-a729-2b4f8684daee@group-74545E85C80C-LeaderElection14] INFO  server.RaftServerConfigKeys (ConfUtils.java:logGet(43)) - raft.server.rpc.request.timeout = 3000ms (default)
2019-11-13 18:48:14,611 [cb343498-03c0-425e-a729-2b4f8684daee@group-74545E85C80C-LeaderElection14] INFO  server.RaftServerConfigKeys (ConfUtils.java:logGet(43)) - raft.server.log.appender.install.snapshot.enabled = false (custom)
2019-11-13 18:48:14,612 [cb343498-03c0-425e-a729-2b4f8684daee@group-74545E85C80C-LeaderElection14] INFO  impl.RoleInfo (RoleInfo.java:updateAndGet(143)) - cb343498-03c0-425e-a729-2b4f8684daee: start LeaderState
2019-11-13 18:48:14,612 [cb343498-03c0-425e-a729-2b4f8684daee@group-74545E85C80C-LeaderElection14] INFO  segmented.SegmentedRaftLogWorker (SegmentedRaftLogWorker.java:startLogSegment(385)) - cb343498-03c0-425e-a729-2b4f8684daee@group-74545E85C80C-SegmentedRaftLogWorker: Starting segment from index:0
2019-11-13 18:48:14,612 [cb343498-03c0-425e-a729-2b4f8684daee@group-74545E85C80C-LeaderElection14] INFO  impl.RaftServerImpl (ServerState.java:setRaftConf(356)) - cb343498-03c0-425e-a729-2b4f8684daee@group-74545E85C80C: set configuration 0: [cb343498-03c0-425e-a729-2b4f8684daee:192.168.164.219:33301, e8491d14-0d10-4bdc-963d-f0280d0d8b35:192.168.164.219:41564, 302e21ca-1d4a-4b22-bc74-f644a63fc179:192.168.164.219:35354], old=null at 0
2019-11-13 18:48:14,638 [grpc-default-executor-2] INFO  ratis.XceiverServerRatis (XceiverServerRatis.java:handleLeaderChangedNotification(697)) - Leader change notification received for group: group-74545E85C80C with new leaderId: cb343498-03c0-425e-a729-2b4f8684daee
2019-11-13 18:48:14,638 [grpc-default-executor-0] INFO  ratis.XceiverServerRatis (XceiverServerRatis.java:handleLeaderChangedNotification(697)) - Leader change notification received for group: group-74545E85C80C with new leaderId: cb343498-03c0-425e-a729-2b4f8684daee
2019-11-13 18:48:14,639 [grpc-default-executor-2] INFO  impl.RaftServerImpl (ServerState.java:setLeader(255)) - 302e21ca-1d4a-4b22-bc74-f644a63fc179@group-74545E85C80C: change Leader from null to cb343498-03c0-425e-a729-2b4f8684daee at term 1 for appendEntries, leader elected after 1202ms
2019-11-13 18:48:14,639 [grpc-default-executor-0] INFO  impl.RaftServerImpl (ServerState.java:setLeader(255)) - e8491d14-0d10-4bdc-963d-f0280d0d8b35@group-74545E85C80C: change Leader from null to cb343498-03c0-425e-a729-2b4f8684daee at term 1 for appendEntries, leader elected after 1203ms
2019-11-13 18:48:14,643 [grpc-default-executor-0] INFO  impl.RaftServerImpl (ServerState.java:setRaftConf(356)) - 302e21ca-1d4a-4b22-bc74-f644a63fc179@group-74545E85C80C: set configuration 0: [cb343498-03c0-425e-a729-2b4f8684daee:192.168.164.219:33301, e8491d14-0d10-4bdc-963d-f0280d0d8b35:192.168.164.219:41564, 302e21ca-1d4a-4b22-bc74-f644a63fc179:192.168.164.219:35354], old=null at 0
2019-11-13 18:48:14,643 [grpc-default-executor-2] INFO  impl.RaftServerImpl (ServerState.java:setRaftConf(356)) - e8491d14-0d10-4bdc-963d-f0280d0d8b35@group-74545E85C80C: set configuration 0: [cb343498-03c0-425e-a729-2b4f8684daee:192.168.164.219:33301, e8491d14-0d10-4bdc-963d-f0280d0d8b35:192.168.164.219:41564, 302e21ca-1d4a-4b22-bc74-f644a63fc179:192.168.164.219:35354], old=null at 0
2019-11-13 18:48:14,643 [grpc-default-executor-0] INFO  segmented.SegmentedRaftLogWorker (SegmentedRaftLogWorker.java:startLogSegment(385)) - 302e21ca-1d4a-4b22-bc74-f644a63fc179@group-74545E85C80C-SegmentedRaftLogWorker: Starting segment from index:0
2019-11-13 18:48:14,643 [grpc-default-executor-2] INFO  segmented.SegmentedRaftLogWorker (SegmentedRaftLogWorker.java:startLogSegment(385)) - e8491d14-0d10-4bdc-963d-f0280d0d8b35@group-74545E85C80C-SegmentedRaftLogWorker: Starting segment from index:0
2019-11-13 18:48:14,650 [cb343498-03c0-425e-a729-2b4f8684daee@group-74545E85C80C-SegmentedRaftLogWorker] INFO  segmented.SegmentedRaftLogWorker (SegmentedRaftLogWorker.java:execute(576)) - cb343498-03c0-425e-a729-2b4f8684daee@group-74545E85C80C-SegmentedRaftLogWorker: created new log segment /workdir/hadoop-ozone/integration-test/target/test-dir/MiniOzoneClusterImpl-936e8649-2eb0-4b7a-921b-5d2cce332f9c/datanode-4/data/ratis/c1538db3-7fd1-4e4c-ae78-74545e85c80c/current/log_inprogress_0
2019-11-13 18:48:14,657 [main] INFO  ozone.MiniOzoneClusterImpl (MiniOzoneClusterImpl.java:lambda$waitForClusterToBeReady$2(171)) - Cluster is ready. Got 10 of 10 DN Heartbeats.
2019-11-13 18:48:14,682 [302e21ca-1d4a-4b22-bc74-f644a63fc179@group-74545E85C80C-SegmentedRaftLogWorker] INFO  segmented.SegmentedRaftLogWorker (SegmentedRaftLogWorker.java:execute(576)) - 302e21ca-1d4a-4b22-bc74-f644a63fc179@group-74545E85C80C-SegmentedRaftLogWorker: created new log segment /workdir/hadoop-ozone/integration-test/target/test-dir/MiniOzoneClusterImpl-936e8649-2eb0-4b7a-921b-5d2cce332f9c/datanode-6/data/ratis/c1538db3-7fd1-4e4c-ae78-74545e85c80c/current/log_inprogress_0
2019-11-13 18:48:14,682 [e8491d14-0d10-4bdc-963d-f0280d0d8b35@group-74545E85C80C-SegmentedRaftLogWorker] INFO  segmented.SegmentedRaftLogWorker (SegmentedRaftLogWorker.java:execute(576)) - e8491d14-0d10-4bdc-963d-f0280d0d8b35@group-74545E85C80C-SegmentedRaftLogWorker: created new log segment /workdir/hadoop-ozone/integration-test/target/test-dir/MiniOzoneClusterImpl-936e8649-2eb0-4b7a-921b-5d2cce332f9c/datanode-8/data/ratis/c1538db3-7fd1-4e4c-ae78-74545e85c80c/current/log_inprogress_0
2019-11-13 18:48:14,757 [Thread-283] INFO  container.ReplicationManager (ReplicationManager.java:start(162)) - Starting Replication Monitor Thread.
2019-11-13 18:48:14,758 [Thread-283] INFO  pipeline.SCMPipelineManager (SCMPipelineManager.java:finalizeAndDestroyPipeline(315)) - destroying pipeline:Pipeline[ Id: 87da36ff-815f-42ad-82ea-89b323f57d7e, Nodes: dc8ab455-7be4-4b62-9320-5f4e855ec266{ip: 192.168.164.219, host: pr-hdds-1940-7lghg-363871468, networkLocation: /default-rack, certSerialId: null}, Type:RATIS, Factor:ONE, State:OPEN]
2019-11-13 18:48:14,759 [ReplicationMonitor] INFO  container.ReplicationManager (ReplicationManager.java:run(225)) - Replication Monitor Thread took 1 milliseconds for processing 0 containers.
2019-11-13 18:48:14,760 [Thread-283] INFO  pipeline.PipelineStateManager (PipelineStateManager.java:finalizePipeline(121)) - Pipeline Pipeline[ Id: 87da36ff-815f-42ad-82ea-89b323f57d7e, Nodes: dc8ab455-7be4-4b62-9320-5f4e855ec266{ip: 192.168.164.219, host: pr-hdds-1940-7lghg-363871468, networkLocation: /default-rack, certSerialId: null}, Type:RATIS, Factor:ONE, State:CLOSED] moved to CLOSED state
2019-11-13 18:48:14,775 [grpc-default-executor-2] INFO  impl.RaftServerProxy (RaftServerProxy.java:remove(95)) - dc8ab455-7be4-4b62-9320-5f4e855ec266: remove    LEADER dc8ab455-7be4-4b62-9320-5f4e855ec266@group-89B323F57D7E:t1, leader=dc8ab455-7be4-4b62-9320-5f4e855ec266, voted=dc8ab455-7be4-4b62-9320-5f4e855ec266, raftlog=dc8ab455-7be4-4b62-9320-5f4e855ec266@group-89B323F57D7E-SegmentedRaftLog:OPENED:c0,f0,i0, conf=0: [dc8ab455-7be4-4b62-9320-5f4e855ec266:192.168.164.219:46852], old=null RUNNING
2019-11-13 18:48:14,777 [grpc-default-executor-2] INFO  impl.RaftServerImpl (RaftServerImpl.java:lambda$shutdown$3(250)) - dc8ab455-7be4-4b62-9320-5f4e855ec266@group-89B323F57D7E: shutdown
2019-11-13 18:48:14,777 [grpc-default-executor-2] INFO  util.JmxRegister (JmxRegister.java:unregister(73)) - Successfully un-registered JMX Bean with object name Ratis:service=RaftServer,group=group-89B323F57D7E,id=dc8ab455-7be4-4b62-9320-5f4e855ec266
2019-11-13 18:48:14,777 [grpc-default-executor-2] INFO  impl.RoleInfo (RoleInfo.java:shutdownLeaderState(104)) - dc8ab455-7be4-4b62-9320-5f4e855ec266: shutdown LeaderState
2019-11-13 18:48:14,778 [grpc-default-executor-2] INFO  impl.PendingRequests (PendingRequests.java:sendNotLeaderResponses(206)) - dc8ab455-7be4-4b62-9320-5f4e855ec266@group-89B323F57D7E-PendingRequests: sendNotLeaderResponses
2019-11-13 18:48:14,779 [grpc-default-executor-2] INFO  impl.StateMachineUpdater (StateMachineUpdater.java:stopAndJoin(136)) - dc8ab455-7be4-4b62-9320-5f4e855ec266@group-89B323F57D7E-StateMachineUpdater: set stopIndex = 0
2019-11-13 18:48:14,779 [grpc-default-executor-2] INFO  impl.RaftServerImpl (ServerState.java:close(387)) - dc8ab455-7be4-4b62-9320-5f4e855ec266@group-89B323F57D7E: closes. applyIndex: 0
2019-11-13 18:48:14,781 [dc8ab455-7be4-4b62-9320-5f4e855ec266@group-89B323F57D7E-SegmentedRaftLogWorker] INFO  segmented.SegmentedRaftLogWorker (SegmentedRaftLogWorker.java:run(316)) - dc8ab455-7be4-4b62-9320-5f4e855ec266@group-89B323F57D7E-SegmentedRaftLogWorker was interrupted, exiting. There are 0 tasks remaining in the queue.
2019-11-13 18:48:14,784 [grpc-default-executor-2] INFO  segmented.SegmentedRaftLogWorker (SegmentedRaftLogWorker.java:close(224)) - dc8ab455-7be4-4b62-9320-5f4e855ec266@group-89B323F57D7E-SegmentedRaftLogWorker close()
2019-11-13 18:48:14,795 [Thread-283] INFO  pipeline.PipelineStateManager (PipelineStateManager.java:removePipeline(106)) - Pipeline Pipeline[ Id: 87da36ff-815f-42ad-82ea-89b323f57d7e, Nodes: dc8ab455-7be4-4b62-9320-5f4e855ec266{ip: 192.168.164.219, host: pr-hdds-1940-7lghg-363871468, networkLocation: /default-rack, certSerialId: null}, Type:RATIS, Factor:ONE, State:CLOSED] removed from db
2019-11-13 18:48:14,796 [Thread-283] INFO  pipeline.SCMPipelineManager (SCMPipelineManager.java:finalizeAndDestroyPipeline(315)) - destroying pipeline:Pipeline[ Id: 62cfdfc0-d4bf-4ef6-a0cc-e95f516caebc, Nodes: 8a346eb0-433c-4f64-9a22-d40a83dee003{ip: 192.168.164.219, host: pr-hdds-1940-7lghg-363871468, networkLocation: /default-rack, certSerialId: null}6a4d2be6-9424-4ae4-9e09-f01b73daf36a{ip: 192.168.164.219, host: pr-hdds-1940-7lghg-363871468, networkLocation: /default-rack, certSerialId: null}694477cc-c317-4cd0-89bd-f326ada4a5ba{ip: 192.168.164.219, host: pr-hdds-1940-7lghg-363871468, networkLocation: /default-rack, certSerialId: null}, Type:RATIS, Factor:THREE, State:OPEN]
2019-11-13 18:48:14,805 [grpc-default-executor-2] INFO  impl.RaftServerProxy (RaftServerProxy.java:addNew(89)) - dc8ab455-7be4-4b62-9320-5f4e855ec266: addNew group-F7E34B7E9FB6:[dc8ab455-7be4-4b62-9320-5f4e855ec266:192.168.164.219:46852] returns group-F7E34B7E9FB6:java.util.concurrent.CompletableFuture@19700671[Not completed]
2019-11-13 18:48:14,807 [pool-37-thread-1] INFO  impl.RaftServerImpl (RaftServerImpl.java:<init>(98)) - dc8ab455-7be4-4b62-9320-5f4e855ec266: new RaftServerImpl for group-F7E34B7E9FB6:[dc8ab455-7be4-4b62-9320-5f4e855ec266:192.168.164.219:46852] with ContainerStateMachine:uninitialized
2019-11-13 18:48:14,808 [pool-37-thread-1] INFO  server.RaftServerConfigKeys (ConfUtils.java:logGet(43)) - raft.server.rpc.timeout.min = 1s (custom)
2019-11-13 18:48:14,809 [pool-37-thread-1] INFO  server.RaftServerConfigKeys (ConfUtils.java:logGet(43)) - raft.server.rpc.timeout.max = 1200ms (custom)
2019-11-13 18:48:14,809 [pool-37-thread-1] INFO  server.RaftServerConfigKeys (ConfUtils.java:logGet(43)) - raft.server.rpcslowness.timeout = 120s (custom)
2019-11-13 18:48:14,809 [pool-37-thread-1] INFO  server.RaftServerConfigKeys (ConfUtils.java:logGet(43)) - raft.server.sleep.deviation.threshold = 300 (default)
2019-11-13 18:48:14,809 [pool-37-thread-1] INFO  server.RaftServerConfigKeys (ConfUtils.java:logGet(43)) - raft.server.log.appender.install.snapshot.enabled = false (custom)
2019-11-13 18:48:14,809 [pool-37-thread-1] INFO  impl.RaftServerImpl (ServerState.java:<init>(103)) - dc8ab455-7be4-4b62-9320-5f4e855ec266@group-F7E34B7E9FB6: ConfigurationManager, init=-1: [dc8ab455-7be4-4b62-9320-5f4e855ec266:192.168.164.219:46852], old=null, confs=<EMPTY_MAP>
2019-11-13 18:48:14,809 [pool-37-thread-1] INFO  server.RaftServerConfigKeys (ConfUtils.java:logGet(43)) - raft.server.storage.dir = [/workdir/hadoop-ozone/integration-test/target/test-dir/MiniOzoneClusterImpl-936e8649-2eb0-4b7a-921b-5d2cce332f9c/datanode-1/data/ratis] (custom)
2019-11-13 18:48:14,810 [pool-37-thread-1] INFO  server.RaftServerConfigKeys (ConfUtils.java:logGet(43)) - raft.server.log.corruption.policy = EXCEPTION (default)
2019-11-13 18:48:14,810 [pool-37-thread-1] INFO  storage.RaftStorageDirectory (RaftStorageDirectory.java:analyzeStorage(246)) - The storage directory /workdir/hadoop-ozone/integration-test/target/test-dir/MiniOzoneClusterImpl-936e8649-2eb0-4b7a-921b-5d2cce332f9c/datanode-1/data/ratis/a1ce08e0-2793-471f-8aa7-f7e34b7e9fb6 does not exist. Creating ...
2019-11-13 18:48:14,824 [pool-37-thread-1] INFO  storage.RaftStorageDirectory (RaftStorageDirectory.java:tryLock(328)) - Lock on /workdir/hadoop-ozone/integration-test/target/test-dir/MiniOzoneClusterImpl-936e8649-2eb0-4b7a-921b-5d2cce332f9c/datanode-1/data/ratis/a1ce08e0-2793-471f-8aa7-f7e34b7e9fb6/in_use.lock acquired by nodename 19542@pr-hdds-1940-7lghg-363871468
2019-11-13 18:48:14,837 [pool-37-thread-1] INFO  storage.RaftStorage (RaftStorage.java:format(84)) - Storage directory /workdir/hadoop-ozone/integration-test/target/test-dir/MiniOzoneClusterImpl-936e8649-2eb0-4b7a-921b-5d2cce332f9c/datanode-1/data/ratis/a1ce08e0-2793-471f-8aa7-f7e34b7e9fb6 has been successfully formatted.
2019-11-13 18:48:14,837 [pool-37-thread-1] INFO  ratis.ContainerStateMachine (ContainerStateMachine.java:loadSnapshot(223)) - group-F7E34B7E9FB6: The snapshot info is null. Setting the last applied indexto:(t:0, i:~)
2019-11-13 18:48:14,837 [pool-37-thread-1] INFO  server.RaftServerConfigKeys (ConfUtils.java:logGet(43)) - raft.server.notification.no-leader.timeout = 120s (custom)
2019-11-13 18:48:14,838 [pool-37-thread-1] INFO  server.RaftServerConfigKeys (ConfUtils.java:logGet(43)) - raft.server.log.use.memory = false (default)
2019-11-13 18:48:14,838 [pool-37-thread-1] INFO  server.RaftServerConfigKeys (ConfUtils.java:logGet(43)) - raft.server.log.purge.gap = 1000000 (custom)
2019-11-13 18:48:14,838 [pool-37-thread-1] INFO  server.RaftServerConfigKeys (ConfUtils.java:logGet(43)) - raft.server.log.appender.buffer.byte-limit = 33554432 (custom)
2019-11-13 18:48:14,838 [pool-37-thread-1] INFO  server.RaftServerConfigKeys (ConfUtils.java:logGet(43)) - raft.server.log.segment.size.max = 1048576 (custom)
2019-11-13 18:48:14,838 [pool-37-thread-1] INFO  server.RaftServerConfigKeys (ConfUtils.java:logGet(43)) - raft.server.log.segment.cache.num.max = 2 (custom)
2019-11-13 18:48:14,838 [pool-37-thread-1] INFO  segmented.SegmentedRaftLogWorker (SegmentedRaftLogWorker.java:<init>(173)) - new dc8ab455-7be4-4b62-9320-5f4e855ec266@group-F7E34B7E9FB6-SegmentedRaftLogWorker for RaftStorage:Storage Directory /workdir/hadoop-ozone/integration-test/target/test-dir/MiniOzoneClusterImpl-936e8649-2eb0-4b7a-921b-5d2cce332f9c/datanode-1/data/ratis/a1ce08e0-2793-471f-8aa7-f7e34b7e9fb6
2019-11-13 18:48:14,838 [pool-37-thread-1] INFO  server.RaftServerConfigKeys (ConfUtils.java:logGet(43)) - raft.server.log.queue.byte-limit = 2147483647 (custom)
2019-11-13 18:48:14,839 [pool-37-thread-1] INFO  server.RaftServerConfigKeys (ConfUtils.java:logGet(43)) - raft.server.log.queue.element-limit = 1024 (custom)
2019-11-13 18:48:14,839 [pool-37-thread-1] INFO  server.RaftServerConfigKeys (ConfUtils.java:logGet(43)) - raft.server.log.segment.size.max = 1048576 (custom)
2019-11-13 18:48:14,839 [pool-37-thread-1] INFO  server.RaftServerConfigKeys (ConfUtils.java:logGet(43)) - raft.server.log.preallocated.size = 16384 (custom)
2019-11-13 18:48:14,839 [pool-37-thread-1] INFO  server.RaftServerConfigKeys (ConfUtils.java:logGet(43)) - raft.server.log.write.buffer.size = 33554432 (custom)
2019-11-13 18:48:14,839 [pool-37-thread-1] INFO  server.RaftServerConfigKeys (ConfUtils.java:logGet(43)) - raft.server.log.force.sync.num = 128 (default)
2019-11-13 18:48:14,839 [pool-37-thread-1] INFO  server.RaftServerConfigKeys (ConfUtils.java:logGet(43)) - raft.server.log.statemachine.data.sync = true (default)
2019-11-13 18:48:14,839 [pool-37-thread-1] INFO  server.RaftServerConfigKeys (ConfUtils.java:logGet(43)) - raft.server.log.statemachine.data.sync.timeout = 10s (default)
2019-11-13 18:48:14,839 [pool-37-thread-1] INFO  server.RaftServerConfigKeys (ConfUtils.java:logGet(43)) - raft.server.log.statemachine.data.sync.timeout.retry = -1 (default)
2019-11-13 18:48:14,840 [pool-37-thread-1] INFO  server.RaftServerConfigKeys (ConfUtils.java:logGet(43)) - raft.server.log.statemachine.data.caching.enabled = true (custom)
2019-11-13 18:48:14,840 [pool-37-thread-1] INFO  segmented.SegmentedRaftLogWorker (SegmentedRaftLogWorker.java:lambda$new$0(128)) - dc8ab455-7be4-4b62-9320-5f4e855ec266@group-F7E34B7E9FB6-SegmentedRaftLogWorker: flushIndex: setUnconditionally 0 -> -1
2019-11-13 18:48:14,840 [pool-37-thread-1] INFO  server.RaftServerConfigKeys (ConfUtils.java:logGet(43)) - raft.server.snapshot.auto.trigger.enabled = true (custom)
2019-11-13 18:48:14,840 [pool-37-thread-1] INFO  server.RaftServerConfigKeys (ConfUtils.java:logGet(43)) - raft.server.snapshot.auto.trigger.threshold = 10000 (custom)
2019-11-13 18:48:14,840 [pool-37-thread-1] INFO  server.RaftServerConfigKeys (ConfUtils.java:logGet(43)) - raft.server.snapshot.retention.file.num = 5 (custom)
2019-11-13 18:48:14,841 [pool-37-thread-1] INFO  server.RaftServerConfigKeys (ConfUtils.java:logGet(43)) - raft.server.retrycache.expirytime = 600000ms (custom)
2019-11-13 18:48:14,841 [pool-37-thread-1] WARN  impl.MetricRegistriesImpl (MetricRegistriesImpl.java:lambda$create$1(61)) - First MetricRegistry has been created without registering reporters. You may need to call MetricRegistries.global().addReportRegistration(...) before.
2019-11-13 18:48:14,841 [pool-37-thread-1] WARN  impl.MetricRegistriesImpl (MetricRegistriesImpl.java:lambda$create$1(61)) - First MetricRegistry has been created without registering reporters. You may need to call MetricRegistries.global().addReportRegistration(...) before.
2019-11-13 18:48:14,841 [pool-37-thread-1] INFO  impl.RaftServerImpl (RaftServerImpl.java:start(184)) - dc8ab455-7be4-4b62-9320-5f4e855ec266@group-F7E34B7E9FB6: start as a follower, conf=-1: [dc8ab455-7be4-4b62-9320-5f4e855ec266:192.168.164.219:46852], old=null
2019-11-13 18:48:14,841 [pool-37-thread-1] INFO  impl.RaftServerImpl (RaftServerImpl.java:setRole(173)) - dc8ab455-7be4-4b62-9320-5f4e855ec266@group-F7E34B7E9FB6: changes role from      null to FOLLOWER at term 0 for startAsFollower
2019-11-13 18:48:14,841 [pool-37-thread-1] INFO  impl.RoleInfo (RoleInfo.java:updateAndGet(143)) - dc8ab455-7be4-4b62-9320-5f4e855ec266: start FollowerState
2019-11-13 18:48:14,855 [pool-37-thread-1] INFO  util.JmxRegister (JmxRegister.java:tryRegister(44)) - Successfully registered JMX Bean with object name Ratis:service=RaftServer,group=group-F7E34B7E9FB6,id=dc8ab455-7be4-4b62-9320-5f4e855ec266
2019-11-13 18:48:14,858 [pool-37-thread-1] WARN  impl.MetricRegistriesImpl (MetricRegistriesImpl.java:lambda$create$1(61)) - First MetricRegistry has been created without registering reporters. You may need to call MetricRegistries.global().addReportRegistration(...) before.
2019-11-13 18:48:14,885 [RatisPipelineUtilsThread] INFO  pipeline.PipelineStateManager (PipelineStateManager.java:addPipeline(55)) - Created pipeline Pipeline[ Id: a1ce08e0-2793-471f-8aa7-f7e34b7e9fb6, Nodes: dc8ab455-7be4-4b62-9320-5f4e855ec266{ip: 192.168.164.219, host: pr-hdds-1940-7lghg-363871468, networkLocation: /default-rack, certSerialId: null}, Type:RATIS, Factor:ONE, State:ALLOCATED]
2019-11-13 18:48:14,888 [Thread-283] INFO  pipeline.PipelineStateManager (PipelineStateManager.java:finalizePipeline(121)) - Pipeline Pipeline[ Id: 62cfdfc0-d4bf-4ef6-a0cc-e95f516caebc, Nodes: 8a346eb0-433c-4f64-9a22-d40a83dee003{ip: 192.168.164.219, host: pr-hdds-1940-7lghg-363871468, networkLocation: /default-rack, certSerialId: null}6a4d2be6-9424-4ae4-9e09-f01b73daf36a{ip: 192.168.164.219, host: pr-hdds-1940-7lghg-363871468, networkLocation: /default-rack, certSerialId: null}694477cc-c317-4cd0-89bd-f326ada4a5ba{ip: 192.168.164.219, host: pr-hdds-1940-7lghg-363871468, networkLocation: /default-rack, certSerialId: null}, Type:RATIS, Factor:THREE, State:CLOSED] moved to CLOSED state
2019-11-13 18:48:14,902 [grpc-default-executor-2] INFO  impl.RaftServerProxy (RaftServerProxy.java:remove(95)) - 8a346eb0-433c-4f64-9a22-d40a83dee003: remove  FOLLOWER 8a346eb0-433c-4f64-9a22-d40a83dee003@group-E95F516CAEBC:t1, leader=694477cc-c317-4cd0-89bd-f326ada4a5ba, voted=694477cc-c317-4cd0-89bd-f326ada4a5ba, raftlog=8a346eb0-433c-4f64-9a22-d40a83dee003@group-E95F516CAEBC-SegmentedRaftLog:OPENED:c-1,f0,i0, conf=0: [6a4d2be6-9424-4ae4-9e09-f01b73daf36a:192.168.164.219:39773, 694477cc-c317-4cd0-89bd-f326ada4a5ba:192.168.164.219:36781, 8a346eb0-433c-4f64-9a22-d40a83dee003:192.168.164.219:45850], old=null RUNNING
2019-11-13 18:48:14,902 [grpc-default-executor-2] INFO  impl.RaftServerImpl (RaftServerImpl.java:lambda$shutdown$3(250)) - 8a346eb0-433c-4f64-9a22-d40a83dee003@group-E95F516CAEBC: shutdown
2019-11-13 18:48:14,903 [grpc-default-executor-2] INFO  util.JmxRegister (JmxRegister.java:unregister(73)) - Successfully un-registered JMX Bean with object name Ratis:service=RaftServer,group=group-E95F516CAEBC,id=8a346eb0-433c-4f64-9a22-d40a83dee003
2019-11-13 18:48:14,903 [grpc-default-executor-2] INFO  impl.RoleInfo (RoleInfo.java:shutdownFollowerState(121)) - 8a346eb0-433c-4f64-9a22-d40a83dee003: shutdown FollowerState
2019-11-13 18:48:14,903 [grpc-default-executor-2] INFO  impl.StateMachineUpdater (StateMachineUpdater.java:stopAndJoin(136)) - 8a346eb0-433c-4f64-9a22-d40a83dee003@group-E95F516CAEBC-StateMachineUpdater: set stopIndex = -1
2019-11-13 18:48:14,903 [Thread-375] INFO  impl.FollowerState (FollowerState.java:run(120)) - 8a346eb0-433c-4f64-9a22-d40a83dee003@group-E95F516CAEBC-FollowerState was interrupted: java.lang.InterruptedException: sleep interrupted
2019-11-13 18:48:14,912 [grpc-default-executor-2] INFO  impl.RaftServerImpl (ServerState.java:close(387)) - 8a346eb0-433c-4f64-9a22-d40a83dee003@group-E95F516CAEBC: closes. applyIndex: -1
2019-11-13 18:48:14,912 [8a346eb0-433c-4f64-9a22-d40a83dee003@group-E95F516CAEBC-SegmentedRaftLogWorker] INFO  segmented.SegmentedRaftLogWorker (SegmentedRaftLogWorker.java:run(316)) - 8a346eb0-433c-4f64-9a22-d40a83dee003@group-E95F516CAEBC-SegmentedRaftLogWorker was interrupted, exiting. There are 0 tasks remaining in the queue.
2019-11-13 18:48:14,915 [grpc-default-executor-2] INFO  segmented.SegmentedRaftLogWorker (SegmentedRaftLogWorker.java:close(224)) - 8a346eb0-433c-4f64-9a22-d40a83dee003@group-E95F516CAEBC-SegmentedRaftLogWorker close()
2019-11-13 18:48:14,931 [grpc-default-executor-2] INFO  impl.RaftServerProxy (RaftServerProxy.java:remove(95)) - 6a4d2be6-9424-4ae4-9e09-f01b73daf36a: remove  FOLLOWER 6a4d2be6-9424-4ae4-9e09-f01b73daf36a@group-E95F516CAEBC:t1, leader=694477cc-c317-4cd0-89bd-f326ada4a5ba, voted=694477cc-c317-4cd0-89bd-f326ada4a5ba, raftlog=6a4d2be6-9424-4ae4-9e09-f01b73daf36a@group-E95F516CAEBC-SegmentedRaftLog:OPENED:c-1,f0,i0, conf=0: [6a4d2be6-9424-4ae4-9e09-f01b73daf36a:192.168.164.219:39773, 694477cc-c317-4cd0-89bd-f326ada4a5ba:192.168.164.219:36781, 8a346eb0-433c-4f64-9a22-d40a83dee003:192.168.164.219:45850], old=null RUNNING
2019-11-13 18:48:14,931 [grpc-default-executor-2] INFO  impl.RaftServerImpl (RaftServerImpl.java:lambda$shutdown$3(250)) - 6a4d2be6-9424-4ae4-9e09-f01b73daf36a@group-E95F516CAEBC: shutdown
2019-11-13 18:48:14,931 [grpc-default-executor-2] INFO  util.JmxRegister (JmxRegister.java:unregister(73)) - Successfully un-registered JMX Bean with object name Ratis:service=RaftServer,group=group-E95F516CAEBC,id=6a4d2be6-9424-4ae4-9e09-f01b73daf36a
2019-11-13 18:48:14,931 [grpc-default-executor-2] INFO  impl.RoleInfo (RoleInfo.java:shutdownFollowerState(121)) - 6a4d2be6-9424-4ae4-9e09-f01b73daf36a: shutdown FollowerState
2019-11-13 18:48:14,931 [grpc-default-executor-2] INFO  impl.StateMachineUpdater (StateMachineUpdater.java:stopAndJoin(136)) - 6a4d2be6-9424-4ae4-9e09-f01b73daf36a@group-E95F516CAEBC-StateMachineUpdater: set stopIndex = -1
2019-11-13 18:48:14,931 [Thread-376] INFO  impl.FollowerState (FollowerState.java:run(120)) - 6a4d2be6-9424-4ae4-9e09-f01b73daf36a@group-E95F516CAEBC-FollowerState was interrupted: java.lang.InterruptedException: sleep interrupted
2019-11-13 18:48:14,933 [grpc-default-executor-2] INFO  impl.RaftServerImpl (ServerState.java:close(387)) - 6a4d2be6-9424-4ae4-9e09-f01b73daf36a@group-E95F516CAEBC: closes. applyIndex: -1
2019-11-13 18:48:14,933 [6a4d2be6-9424-4ae4-9e09-f01b73daf36a@group-E95F516CAEBC-SegmentedRaftLogWorker] INFO  segmented.SegmentedRaftLogWorker (SegmentedRaftLogWorker.java:run(316)) - 6a4d2be6-9424-4ae4-9e09-f01b73daf36a@group-E95F516CAEBC-SegmentedRaftLogWorker was interrupted, exiting. There are 0 tasks remaining in the queue.
2019-11-13 18:48:14,935 [grpc-default-executor-2] INFO  segmented.SegmentedRaftLogWorker (SegmentedRaftLogWorker.java:close(224)) - 6a4d2be6-9424-4ae4-9e09-f01b73daf36a@group-E95F516CAEBC-SegmentedRaftLogWorker close()
2019-11-13 18:48:14,961 [grpc-default-executor-2] INFO  impl.RaftServerProxy (RaftServerProxy.java:remove(95)) - 694477cc-c317-4cd0-89bd-f326ada4a5ba: remove    LEADER 694477cc-c317-4cd0-89bd-f326ada4a5ba@group-E95F516CAEBC:t1, leader=694477cc-c317-4cd0-89bd-f326ada4a5ba, voted=694477cc-c317-4cd0-89bd-f326ada4a5ba, raftlog=694477cc-c317-4cd0-89bd-f326ada4a5ba@group-E95F516CAEBC-SegmentedRaftLog:OPENED:c0,f0,i0, conf=0: [6a4d2be6-9424-4ae4-9e09-f01b73daf36a:192.168.164.219:39773, 694477cc-c317-4cd0-89bd-f326ada4a5ba:192.168.164.219:36781, 8a346eb0-433c-4f64-9a22-d40a83dee003:192.168.164.219:45850], old=null RUNNING
2019-11-13 18:48:14,961 [grpc-default-executor-2] INFO  impl.RaftServerImpl (RaftServerImpl.java:lambda$shutdown$3(250)) - 694477cc-c317-4cd0-89bd-f326ada4a5ba@group-E95F516CAEBC: shutdown
2019-11-13 18:48:14,962 [grpc-default-executor-2] INFO  util.JmxRegister (JmxRegister.java:unregister(73)) - Successfully un-registered JMX Bean with object name Ratis:service=RaftServer,group=group-E95F516CAEBC,id=694477cc-c317-4cd0-89bd-f326ada4a5ba
2019-11-13 18:48:14,962 [grpc-default-executor-2] INFO  impl.RoleInfo (RoleInfo.java:shutdownLeaderState(104)) - 694477cc-c317-4cd0-89bd-f326ada4a5ba: shutdown LeaderState
2019-11-13 18:48:14,964 [grpc-default-executor-2] INFO  impl.PendingRequests (PendingRequests.java:sendNotLeaderResponses(206)) - 694477cc-c317-4cd0-89bd-f326ada4a5ba@group-E95F516CAEBC-PendingRequests: sendNotLeaderResponses
2019-11-13 18:48:14,964 [org.apache.ratis.server.impl.LogAppender$AppenderDaemon$$Lambda$487/584218662@4da1964e] WARN  server.GrpcLogAppender (GrpcLogAppender.java:mayWait(151)) - 694477cc-c317-4cd0-89bd-f326ada4a5ba@group-E95F516CAEBC->6a4d2be6-9424-4ae4-9e09-f01b73daf36a-GrpcLogAppender: Wait interrupted by java.lang.InterruptedException
2019-11-13 18:48:14,966 [grpc-default-executor-2] INFO  impl.StateMachineUpdater (StateMachineUpdater.java:stopAndJoin(136)) - 694477cc-c317-4cd0-89bd-f326ada4a5ba@group-E95F516CAEBC-StateMachineUpdater: set stopIndex = 0
2019-11-13 18:48:14,964 [org.apache.ratis.server.impl.LogAppender$AppenderDaemon$$Lambda$487/584218662@8a3119e] WARN  server.GrpcLogAppender (GrpcLogAppender.java:mayWait(151)) - 694477cc-c317-4cd0-89bd-f326ada4a5ba@group-E95F516CAEBC->8a346eb0-433c-4f64-9a22-d40a83dee003-GrpcLogAppender: Wait interrupted by java.lang.InterruptedException
2019-11-13 18:48:14,966 [grpc-default-executor-2] INFO  impl.RaftServerImpl (ServerState.java:close(387)) - 694477cc-c317-4cd0-89bd-f326ada4a5ba@group-E95F516CAEBC: closes. applyIndex: 0
2019-11-13 18:48:14,967 [694477cc-c317-4cd0-89bd-f326ada4a5ba@group-E95F516CAEBC-SegmentedRaftLogWorker] INFO  segmented.SegmentedRaftLogWorker (SegmentedRaftLogWorker.java:run(316)) - 694477cc-c317-4cd0-89bd-f326ada4a5ba@group-E95F516CAEBC-SegmentedRaftLogWorker was interrupted, exiting. There are 0 tasks remaining in the queue.
2019-11-13 18:48:14,969 [grpc-default-executor-2] INFO  segmented.SegmentedRaftLogWorker (SegmentedRaftLogWorker.java:close(224)) - 694477cc-c317-4cd0-89bd-f326ada4a5ba@group-E95F516CAEBC-SegmentedRaftLogWorker close()
2019-11-13 18:48:14,976 [grpc-default-executor-1] INFO  server.GrpcServerProtocolService (GrpcServerProtocolService.java:onCompleted(113)) - 8a346eb0-433c-4f64-9a22-d40a83dee003: Completed APPEND_ENTRIES, lastRequest: 694477cc-c317-4cd0-89bd-f326ada4a5ba->8a346eb0-433c-4f64-9a22-d40a83dee003#1-t1, previous=(t:0, i:0), leaderCommit=-1, initializing? false, entries: size=1, first=(t:1, i:0), CONFIGURATIONENTRY
2019-11-13 18:48:14,976 [grpc-default-executor-0] INFO  server.GrpcServerProtocolService (GrpcServerProtocolService.java:onCompleted(113)) - 6a4d2be6-9424-4ae4-9e09-f01b73daf36a: Completed APPEND_ENTRIES, lastRequest: 694477cc-c317-4cd0-89bd-f326ada4a5ba->6a4d2be6-9424-4ae4-9e09-f01b73daf36a#1-t1, previous=(t:0, i:0), leaderCommit=-1, initializing? false, entries: size=1, first=(t:1, i:0), CONFIGURATIONENTRY
2019-11-13 18:48:14,978 [grpc-default-executor-1] INFO  server.GrpcLogAppender (GrpcLogAppender.java:onCompleted(308)) - 694477cc-c317-4cd0-89bd-f326ada4a5ba@group-E95F516CAEBC->8a346eb0-433c-4f64-9a22-d40a83dee003-AppendLogResponseHandler: follower responses appendEntries COMPLETED
2019-11-13 18:48:14,978 [grpc-default-executor-0] INFO  server.GrpcLogAppender (GrpcLogAppender.java:onCompleted(308)) - 694477cc-c317-4cd0-89bd-f326ada4a5ba@group-E95F516CAEBC->6a4d2be6-9424-4ae4-9e09-f01b73daf36a-AppendLogResponseHandler: follower responses appendEntries COMPLETED
2019-11-13 18:48:14,981 [Thread-283] INFO  pipeline.PipelineStateManager (PipelineStateManager.java:removePipeline(106)) - Pipeline Pipeline[ Id: 62cfdfc0-d4bf-4ef6-a0cc-e95f516caebc, Nodes: 8a346eb0-433c-4f64-9a22-d40a83dee003{ip: 192.168.164.219, host: pr-hdds-1940-7lghg-363871468, networkLocation: /default-rack, certSerialId: null}6a4d2be6-9424-4ae4-9e09-f01b73daf36a{ip: 192.168.164.219, host: pr-hdds-1940-7lghg-363871468, networkLocation: /default-rack, certSerialId: null}694477cc-c317-4cd0-89bd-f326ada4a5ba{ip: 192.168.164.219, host: pr-hdds-1940-7lghg-363871468, networkLocation: /default-rack, certSerialId: null}, Type:RATIS, Factor:THREE, State:CLOSED] removed from db
2019-11-13 18:48:14,982 [Thread-283] INFO  pipeline.SCMPipelineManager (SCMPipelineManager.java:finalizeAndDestroyPipeline(315)) - destroying pipeline:Pipeline[ Id: f524de77-2762-44a4-bdc2-2ad66a413e88, Nodes: 19b56e57-c404-4271-b4fe-c6c2e842ae91{ip: 192.168.164.219, host: pr-hdds-1940-7lghg-363871468, networkLocation: /default-rack, certSerialId: null}9582de44-b510-4bf6-b692-b66075a27588{ip: 192.168.164.219, host: pr-hdds-1940-7lghg-363871468, networkLocation: /default-rack, certSerialId: null}9ee498fb-dbd1-4b89-b28c-40ca18800c49{ip: 192.168.164.219, host: pr-hdds-1940-7lghg-363871468, networkLocation: /default-rack, certSerialId: null}, Type:RATIS, Factor:THREE, State:OPEN]
2019-11-13 18:48:14,984 [grpc-default-executor-0] INFO  impl.FollowerInfo (FollowerInfo.java:lambda$new$0(51)) - 694477cc-c317-4cd0-89bd-f326ada4a5ba@group-E95F516CAEBC->6a4d2be6-9424-4ae4-9e09-f01b73daf36a: nextIndex: updateUnconditionally 1 -> 0
2019-11-13 18:48:14,988 [grpc-default-executor-1] INFO  impl.FollowerInfo (FollowerInfo.java:lambda$new$0(51)) - 694477cc-c317-4cd0-89bd-f326ada4a5ba@group-E95F516CAEBC->8a346eb0-433c-4f64-9a22-d40a83dee003: nextIndex: updateUnconditionally 1 -> 0
2019-11-13 18:48:15,001 [grpc-default-executor-2] INFO  impl.RaftServerProxy (RaftServerProxy.java:addNew(89)) - 8a346eb0-433c-4f64-9a22-d40a83dee003: addNew group-9622AD8B65B5:[6a4d2be6-9424-4ae4-9e09-f01b73daf36a:192.168.164.219:39773, 694477cc-c317-4cd0-89bd-f326ada4a5ba:192.168.164.219:36781, 8a346eb0-433c-4f64-9a22-d40a83dee003:192.168.164.219:45850] returns group-9622AD8B65B5:java.util.concurrent.CompletableFuture@4c855de[Not completed]
2019-11-13 18:48:15,001 [grpc-default-executor-0] INFO  impl.RaftServerProxy (RaftServerProxy.java:addNew(89)) - 694477cc-c317-4cd0-89bd-f326ada4a5ba: addNew group-9622AD8B65B5:[6a4d2be6-9424-4ae4-9e09-f01b73daf36a:192.168.164.219:39773, 694477cc-c317-4cd0-89bd-f326ada4a5ba:192.168.164.219:36781, 8a346eb0-433c-4f64-9a22-d40a83dee003:192.168.164.219:45850] returns group-9622AD8B65B5:java.util.concurrent.CompletableFuture@3607cb54[Not completed]
2019-11-13 18:48:15,001 [grpc-default-executor-1] INFO  impl.RaftServerProxy (RaftServerProxy.java:addNew(89)) - 6a4d2be6-9424-4ae4-9e09-f01b73daf36a: addNew group-9622AD8B65B5:[6a4d2be6-9424-4ae4-9e09-f01b73daf36a:192.168.164.219:39773, 694477cc-c317-4cd0-89bd-f326ada4a5ba:192.168.164.219:36781, 8a346eb0-433c-4f64-9a22-d40a83dee003:192.168.164.219:45850] returns group-9622AD8B65B5:java.util.concurrent.CompletableFuture@5e8e4635[Not completed]
2019-11-13 18:48:15,003 [pool-77-thread-1] INFO  impl.RaftServerImpl (RaftServerImpl.java:<init>(98)) - 694477cc-c317-4cd0-89bd-f326ada4a5ba: new RaftServerImpl for group-9622AD8B65B5:[6a4d2be6-9424-4ae4-9e09-f01b73daf36a:192.168.164.219:39773, 694477cc-c317-4cd0-89bd-f326ada4a5ba:192.168.164.219:36781, 8a346eb0-433c-4f64-9a22-d40a83dee003:192.168.164.219:45850] with ContainerStateMachine:uninitialized
2019-11-13 18:48:15,003 [pool-77-thread-1] INFO  server.RaftServerConfigKeys (ConfUtils.java:logGet(43)) - raft.server.rpc.timeout.min = 1s (custom)
2019-11-13 18:48:15,003 [pool-77-thread-1] INFO  server.RaftServerConfigKeys (ConfUtils.java:logGet(43)) - raft.server.rpc.timeout.max = 1200ms (custom)
2019-11-13 18:48:15,004 [pool-77-thread-1] INFO  server.RaftServerConfigKeys (ConfUtils.java:logGet(43)) - raft.server.rpcslowness.timeout = 120s (custom)
2019-11-13 18:48:15,004 [pool-77-thread-1] INFO  server.RaftServerConfigKeys (ConfUtils.java:logGet(43)) - raft.server.sleep.deviation.threshold = 300 (default)
2019-11-13 18:48:15,004 [pool-77-thread-1] INFO  server.RaftServerConfigKeys (ConfUtils.java:logGet(43)) - raft.server.log.appender.install.snapshot.enabled = false (custom)
2019-11-13 18:48:15,004 [pool-77-thread-1] INFO  impl.RaftServerImpl (ServerState.java:<init>(103)) - 694477cc-c317-4cd0-89bd-f326ada4a5ba@group-9622AD8B65B5: ConfigurationManager, init=-1: [6a4d2be6-9424-4ae4-9e09-f01b73daf36a:192.168.164.219:39773, 694477cc-c317-4cd0-89bd-f326ada4a5ba:192.168.164.219:36781, 8a346eb0-433c-4f64-9a22-d40a83dee003:192.168.164.219:45850], old=null, confs=<EMPTY_MAP>
2019-11-13 18:48:15,004 [pool-27-thread-1] INFO  impl.RaftServerImpl (RaftServerImpl.java:<init>(98)) - 8a346eb0-433c-4f64-9a22-d40a83dee003: new RaftServerImpl for group-9622AD8B65B5:[6a4d2be6-9424-4ae4-9e09-f01b73daf36a:192.168.164.219:39773, 694477cc-c317-4cd0-89bd-f326ada4a5ba:192.168.164.219:36781, 8a346eb0-433c-4f64-9a22-d40a83dee003:192.168.164.219:45850] with ContainerStateMachine:uninitialized
2019-11-13 18:48:15,004 [pool-27-thread-1] INFO  server.RaftServerConfigKeys (ConfUtils.java:logGet(43)) - raft.server.rpc.timeout.min = 1s (custom)
2019-11-13 18:48:15,004 [pool-77-thread-1] INFO  server.RaftServerConfigKeys (ConfUtils.java:logGet(43)) - raft.server.storage.dir = [/workdir/hadoop-ozone/integration-test/target/test-dir/MiniOzoneClusterImpl-936e8649-2eb0-4b7a-921b-5d2cce332f9c/datanode-5/data/ratis] (custom)
2019-11-13 18:48:15,004 [pool-27-thread-1] INFO  server.RaftServerConfigKeys (ConfUtils.java:logGet(43)) - raft.server.rpc.timeout.max = 1200ms (custom)
2019-11-13 18:48:15,004 [pool-27-thread-1] INFO  server.RaftServerConfigKeys (ConfUtils.java:logGet(43)) - raft.server.rpcslowness.timeout = 120s (custom)
2019-11-13 18:48:15,004 [pool-27-thread-1] INFO  server.RaftServerConfigKeys (ConfUtils.java:logGet(43)) - raft.server.sleep.deviation.threshold = 300 (default)
2019-11-13 18:48:15,004 [pool-77-thread-1] INFO  server.RaftServerConfigKeys (ConfUtils.java:logGet(43)) - raft.server.log.corruption.policy = EXCEPTION (default)
2019-11-13 18:48:15,004 [pool-27-thread-1] INFO  server.RaftServerConfigKeys (ConfUtils.java:logGet(43)) - raft.server.log.appender.install.snapshot.enabled = false (custom)
2019-11-13 18:48:15,005 [pool-27-thread-1] INFO  impl.RaftServerImpl (ServerState.java:<init>(103)) - 8a346eb0-433c-4f64-9a22-d40a83dee003@group-9622AD8B65B5: ConfigurationManager, init=-1: [6a4d2be6-9424-4ae4-9e09-f01b73daf36a:192.168.164.219:39773, 694477cc-c317-4cd0-89bd-f326ada4a5ba:192.168.164.219:36781, 8a346eb0-433c-4f64-9a22-d40a83dee003:192.168.164.219:45850], old=null, confs=<EMPTY_MAP>
2019-11-13 18:48:15,005 [pool-77-thread-1] INFO  storage.RaftStorageDirectory (RaftStorageDirectory.java:analyzeStorage(246)) - The storage directory /workdir/hadoop-ozone/integration-test/target/test-dir/MiniOzoneClusterImpl-936e8649-2eb0-4b7a-921b-5d2cce332f9c/datanode-5/data/ratis/f2cbbdf9-338b-4895-87e7-9622ad8b65b5 does not exist. Creating ...
2019-11-13 18:48:15,005 [pool-117-thread-1] INFO  impl.RaftServerImpl (RaftServerImpl.java:<init>(98)) - 6a4d2be6-9424-4ae4-9e09-f01b73daf36a: new RaftServerImpl for group-9622AD8B65B5:[6a4d2be6-9424-4ae4-9e09-f01b73daf36a:192.168.164.219:39773, 694477cc-c317-4cd0-89bd-f326ada4a5ba:192.168.164.219:36781, 8a346eb0-433c-4f64-9a22-d40a83dee003:192.168.164.219:45850] with ContainerStateMachine:uninitialized
2019-11-13 18:48:15,005 [pool-27-thread-1] INFO  server.RaftServerConfigKeys (ConfUtils.java:logGet(43)) - raft.server.storage.dir = [/workdir/hadoop-ozone/integration-test/target/test-dir/MiniOzoneClusterImpl-936e8649-2eb0-4b7a-921b-5d2cce332f9c/datanode-0/data/ratis] (custom)
2019-11-13 18:48:15,005 [pool-117-thread-1] INFO  server.RaftServerConfigKeys (ConfUtils.java:logGet(43)) - raft.server.rpc.timeout.min = 1s (custom)
2019-11-13 18:48:15,005 [pool-27-thread-1] INFO  server.RaftServerConfigKeys (ConfUtils.java:logGet(43)) - raft.server.log.corruption.policy = EXCEPTION (default)
2019-11-13 18:48:15,005 [pool-117-thread-1] INFO  server.RaftServerConfigKeys (ConfUtils.java:logGet(43)) - raft.server.rpc.timeout.max = 1200ms (custom)
2019-11-13 18:48:15,005 [pool-27-thread-1] INFO  storage.RaftStorageDirectory (RaftStorageDirectory.java:analyzeStorage(246)) - The storage directory /workdir/hadoop-ozone/integration-test/target/test-dir/MiniOzoneClusterImpl-936e8649-2eb0-4b7a-921b-5d2cce332f9c/datanode-0/data/ratis/f2cbbdf9-338b-4895-87e7-9622ad8b65b5 does not exist. Creating ...
2019-11-13 18:48:15,005 [pool-117-thread-1] INFO  server.RaftServerConfigKeys (ConfUtils.java:logGet(43)) - raft.server.rpcslowness.timeout = 120s (custom)
2019-11-13 18:48:15,005 [pool-117-thread-1] INFO  server.RaftServerConfigKeys (ConfUtils.java:logGet(43)) - raft.server.sleep.deviation.threshold = 300 (default)
2019-11-13 18:48:15,005 [pool-117-thread-1] INFO  server.RaftServerConfigKeys (ConfUtils.java:logGet(43)) - raft.server.log.appender.install.snapshot.enabled = false (custom)
2019-11-13 18:48:15,006 [pool-117-thread-1] INFO  impl.RaftServerImpl (ServerState.java:<init>(103)) - 6a4d2be6-9424-4ae4-9e09-f01b73daf36a@group-9622AD8B65B5: ConfigurationManager, init=-1: [6a4d2be6-9424-4ae4-9e09-f01b73daf36a:192.168.164.219:39773, 694477cc-c317-4cd0-89bd-f326ada4a5ba:192.168.164.219:36781, 8a346eb0-433c-4f64-9a22-d40a83dee003:192.168.164.219:45850], old=null, confs=<EMPTY_MAP>
2019-11-13 18:48:15,006 [pool-117-thread-1] INFO  server.RaftServerConfigKeys (ConfUtils.java:logGet(43)) - raft.server.storage.dir = [/workdir/hadoop-ozone/integration-test/target/test-dir/MiniOzoneClusterImpl-936e8649-2eb0-4b7a-921b-5d2cce332f9c/datanode-9/data/ratis] (custom)
2019-11-13 18:48:15,006 [pool-117-thread-1] INFO  server.RaftServerConfigKeys (ConfUtils.java:logGet(43)) - raft.server.log.corruption.policy = EXCEPTION (default)
2019-11-13 18:48:15,006 [pool-117-thread-1] INFO  storage.RaftStorageDirectory (RaftStorageDirectory.java:analyzeStorage(246)) - The storage directory /workdir/hadoop-ozone/integration-test/target/test-dir/MiniOzoneClusterImpl-936e8649-2eb0-4b7a-921b-5d2cce332f9c/datanode-9/data/ratis/f2cbbdf9-338b-4895-87e7-9622ad8b65b5 does not exist. Creating ...
2019-11-13 18:48:15,018 [pool-27-thread-1] INFO  storage.RaftStorageDirectory (RaftStorageDirectory.java:tryLock(328)) - Lock on /workdir/hadoop-ozone/integration-test/target/test-dir/MiniOzoneClusterImpl-936e8649-2eb0-4b7a-921b-5d2cce332f9c/datanode-0/data/ratis/f2cbbdf9-338b-4895-87e7-9622ad8b65b5/in_use.lock acquired by nodename 19542@pr-hdds-1940-7lghg-363871468
2019-11-13 18:48:15,018 [pool-117-thread-1] INFO  storage.RaftStorageDirectory (RaftStorageDirectory.java:tryLock(328)) - Lock on /workdir/hadoop-ozone/integration-test/target/test-dir/MiniOzoneClusterImpl-936e8649-2eb0-4b7a-921b-5d2cce332f9c/datanode-9/data/ratis/f2cbbdf9-338b-4895-87e7-9622ad8b65b5/in_use.lock acquired by nodename 19542@pr-hdds-1940-7lghg-363871468
2019-11-13 18:48:15,018 [pool-77-thread-1] INFO  storage.RaftStorageDirectory (RaftStorageDirectory.java:tryLock(328)) - Lock on /workdir/hadoop-ozone/integration-test/target/test-dir/MiniOzoneClusterImpl-936e8649-2eb0-4b7a-921b-5d2cce332f9c/datanode-5/data/ratis/f2cbbdf9-338b-4895-87e7-9622ad8b65b5/in_use.lock acquired by nodename 19542@pr-hdds-1940-7lghg-363871468
2019-11-13 18:48:15,032 [pool-27-thread-1] INFO  storage.RaftStorage (RaftStorage.java:format(84)) - Storage directory /workdir/hadoop-ozone/integration-test/target/test-dir/MiniOzoneClusterImpl-936e8649-2eb0-4b7a-921b-5d2cce332f9c/datanode-0/data/ratis/f2cbbdf9-338b-4895-87e7-9622ad8b65b5 has been successfully formatted.
2019-11-13 18:48:15,032 [pool-77-thread-1] INFO  storage.RaftStorage (RaftStorage.java:format(84)) - Storage directory /workdir/hadoop-ozone/integration-test/target/test-dir/MiniOzoneClusterImpl-936e8649-2eb0-4b7a-921b-5d2cce332f9c/datanode-5/data/ratis/f2cbbdf9-338b-4895-87e7-9622ad8b65b5 has been successfully formatted.
2019-11-13 18:48:15,032 [pool-117-thread-1] INFO  storage.RaftStorage (RaftStorage.java:format(84)) - Storage directory /workdir/hadoop-ozone/integration-test/target/test-dir/MiniOzoneClusterImpl-936e8649-2eb0-4b7a-921b-5d2cce332f9c/datanode-9/data/ratis/f2cbbdf9-338b-4895-87e7-9622ad8b65b5 has been successfully formatted.
2019-11-13 18:48:15,032 [pool-27-thread-1] INFO  ratis.ContainerStateMachine (ContainerStateMachine.java:loadSnapshot(223)) - group-9622AD8B65B5: The snapshot info is null. Setting the last applied indexto:(t:0, i:~)
2019-11-13 18:48:15,032 [pool-77-thread-1] INFO  ratis.ContainerStateMachine (ContainerStateMachine.java:loadSnapshot(223)) - group-9622AD8B65B5: The snapshot info is null. Setting the last applied indexto:(t:0, i:~)
2019-11-13 18:48:15,032 [pool-27-thread-1] INFO  server.RaftServerConfigKeys (ConfUtils.java:logGet(43)) - raft.server.notification.no-leader.timeout = 120s (custom)
2019-11-13 18:48:15,032 [pool-117-thread-1] INFO  ratis.ContainerStateMachine (ContainerStateMachine.java:loadSnapshot(223)) - group-9622AD8B65B5: The snapshot info is null. Setting the last applied indexto:(t:0, i:~)
2019-11-13 18:48:15,032 [pool-27-thread-1] INFO  server.RaftServerConfigKeys (ConfUtils.java:logGet(43)) - raft.server.log.use.memory = false (default)
2019-11-13 18:48:15,032 [pool-77-thread-1] INFO  server.RaftServerConfigKeys (ConfUtils.java:logGet(43)) - raft.server.notification.no-leader.timeout = 120s (custom)
2019-11-13 18:48:15,033 [pool-27-thread-1] INFO  server.RaftServerConfigKeys (ConfUtils.java:logGet(43)) - raft.server.log.purge.gap = 1000000 (custom)
2019-11-13 18:48:15,033 [pool-117-thread-1] INFO  server.RaftServerConfigKeys (ConfUtils.java:logGet(43)) - raft.server.notification.no-leader.timeout = 120s (custom)
2019-11-13 18:48:15,033 [pool-27-thread-1] INFO  server.RaftServerConfigKeys (ConfUtils.java:logGet(43)) - raft.server.log.appender.buffer.byte-limit = 33554432 (custom)
2019-11-13 18:48:15,033 [pool-77-thread-1] INFO  server.RaftServerConfigKeys (ConfUtils.java:logGet(43)) - raft.server.log.use.memory = false (default)
2019-11-13 18:48:15,033 [pool-27-thread-1] INFO  server.RaftServerConfigKeys (ConfUtils.java:logGet(43)) - raft.server.log.segment.size.max = 1048576 (custom)
2019-11-13 18:48:15,033 [pool-117-thread-1] INFO  server.RaftServerConfigKeys (ConfUtils.java:logGet(43)) - raft.server.log.use.memory = false (default)
2019-11-13 18:48:15,033 [pool-27-thread-1] INFO  server.RaftServerConfigKeys (ConfUtils.java:logGet(43)) - raft.server.log.segment.cache.num.max = 2 (custom)
2019-11-13 18:48:15,033 [pool-77-thread-1] INFO  server.RaftServerConfigKeys (ConfUtils.java:logGet(43)) - raft.server.log.purge.gap = 1000000 (custom)
2019-11-13 18:48:15,033 [pool-27-thread-1] INFO  segmented.SegmentedRaftLogWorker (SegmentedRaftLogWorker.java:<init>(173)) - new 8a346eb0-433c-4f64-9a22-d40a83dee003@group-9622AD8B65B5-SegmentedRaftLogWorker for RaftStorage:Storage Directory /workdir/hadoop-ozone/integration-test/target/test-dir/MiniOzoneClusterImpl-936e8649-2eb0-4b7a-921b-5d2cce332f9c/datanode-0/data/ratis/f2cbbdf9-338b-4895-87e7-9622ad8b65b5
2019-11-13 18:48:15,033 [pool-117-thread-1] INFO  server.RaftServerConfigKeys (ConfUtils.java:logGet(43)) - raft.server.log.purge.gap = 1000000 (custom)
2019-11-13 18:48:15,033 [pool-27-thread-1] INFO  server.RaftServerConfigKeys (ConfUtils.java:logGet(43)) - raft.server.log.queue.byte-limit = 2147483647 (custom)
2019-11-13 18:48:15,033 [pool-77-thread-1] INFO  server.RaftServerConfigKeys (ConfUtils.java:logGet(43)) - raft.server.log.appender.buffer.byte-limit = 33554432 (custom)
2019-11-13 18:48:15,034 [pool-27-thread-1] INFO  server.RaftServerConfigKeys (ConfUtils.java:logGet(43)) - raft.server.log.queue.element-limit = 1024 (custom)
2019-11-13 18:48:15,034 [pool-117-thread-1] INFO  server.RaftServerConfigKeys (ConfUtils.java:logGet(43)) - raft.server.log.appender.buffer.byte-limit = 33554432 (custom)
2019-11-13 18:48:15,034 [pool-27-thread-1] INFO  server.RaftServerConfigKeys (ConfUtils.java:logGet(43)) - raft.server.log.segment.size.max = 1048576 (custom)
2019-11-13 18:48:15,034 [pool-77-thread-1] INFO  server.RaftServerConfigKeys (ConfUtils.java:logGet(43)) - raft.server.log.segment.size.max = 1048576 (custom)
2019-11-13 18:48:15,034 [pool-27-thread-1] INFO  server.RaftServerConfigKeys (ConfUtils.java:logGet(43)) - raft.server.log.preallocated.size = 16384 (custom)
2019-11-13 18:48:15,034 [pool-117-thread-1] INFO  server.RaftServerConfigKeys (ConfUtils.java:logGet(43)) - raft.server.log.segment.size.max = 1048576 (custom)
2019-11-13 18:48:15,034 [pool-27-thread-1] INFO  server.RaftServerConfigKeys (ConfUtils.java:logGet(43)) - raft.server.log.write.buffer.size = 33554432 (custom)
2019-11-13 18:48:15,034 [pool-77-thread-1] INFO  server.RaftServerConfigKeys (ConfUtils.java:logGet(43)) - raft.server.log.segment.cache.num.max = 2 (custom)
2019-11-13 18:48:15,034 [pool-27-thread-1] INFO  server.RaftServerConfigKeys (ConfUtils.java:logGet(43)) - raft.server.log.force.sync.num = 128 (default)
2019-11-13 18:48:15,034 [pool-117-thread-1] INFO  server.RaftServerConfigKeys (ConfUtils.java:logGet(43)) - raft.server.log.segment.cache.num.max = 2 (custom)
2019-11-13 18:48:15,034 [pool-27-thread-1] INFO  server.RaftServerConfigKeys (ConfUtils.java:logGet(43)) - raft.server.log.statemachine.data.sync = true (default)
2019-11-13 18:48:15,034 [pool-77-thread-1] INFO  segmented.SegmentedRaftLogWorker (SegmentedRaftLogWorker.java:<init>(173)) - new 694477cc-c317-4cd0-89bd-f326ada4a5ba@group-9622AD8B65B5-SegmentedRaftLogWorker for RaftStorage:Storage Directory /workdir/hadoop-ozone/integration-test/target/test-dir/MiniOzoneClusterImpl-936e8649-2eb0-4b7a-921b-5d2cce332f9c/datanode-5/data/ratis/f2cbbdf9-338b-4895-87e7-9622ad8b65b5
2019-11-13 18:48:15,035 [pool-27-thread-1] INFO  server.RaftServerConfigKeys (ConfUtils.java:logGet(43)) - raft.server.log.statemachine.data.sync.timeout = 10s (default)
2019-11-13 18:48:15,034 [pool-117-thread-1] INFO  segmented.SegmentedRaftLogWorker (SegmentedRaftLogWorker.java:<init>(173)) - new 6a4d2be6-9424-4ae4-9e09-f01b73daf36a@group-9622AD8B65B5-SegmentedRaftLogWorker for RaftStorage:Storage Directory /workdir/hadoop-ozone/integration-test/target/test-dir/MiniOzoneClusterImpl-936e8649-2eb0-4b7a-921b-5d2cce332f9c/datanode-9/data/ratis/f2cbbdf9-338b-4895-87e7-9622ad8b65b5
2019-11-13 18:48:15,035 [pool-27-thread-1] INFO  server.RaftServerConfigKeys (ConfUtils.java:logGet(43)) - raft.server.log.statemachine.data.sync.timeout.retry = -1 (default)
2019-11-13 18:48:15,035 [pool-77-thread-1] INFO  server.RaftServerConfigKeys (ConfUtils.java:logGet(43)) - raft.server.log.queue.byte-limit = 2147483647 (custom)
2019-11-13 18:48:15,035 [pool-117-thread-1] INFO  server.RaftServerConfigKeys (ConfUtils.java:logGet(43)) - raft.server.log.queue.byte-limit = 2147483647 (custom)
2019-11-13 18:48:15,035 [pool-27-thread-1] INFO  server.RaftServerConfigKeys (ConfUtils.java:logGet(43)) - raft.server.log.statemachine.data.caching.enabled = true (custom)
2019-11-13 18:48:15,035 [pool-77-thread-1] INFO  server.RaftServerConfigKeys (ConfUtils.java:logGet(43)) - raft.server.log.queue.element-limit = 1024 (custom)
2019-11-13 18:48:15,035 [pool-117-thread-1] INFO  server.RaftServerConfigKeys (ConfUtils.java:logGet(43)) - raft.server.log.queue.element-limit = 1024 (custom)
2019-11-13 18:48:15,035 [pool-27-thread-1] INFO  segmented.SegmentedRaftLogWorker (SegmentedRaftLogWorker.java:lambda$new$0(128)) - 8a346eb0-433c-4f64-9a22-d40a83dee003@group-9622AD8B65B5-SegmentedRaftLogWorker: flushIndex: setUnconditionally 0 -> -1
2019-11-13 18:48:15,035 [pool-77-thread-1] INFO  server.RaftServerConfigKeys (ConfUtils.java:logGet(43)) - raft.server.log.segment.size.max = 1048576 (custom)
2019-11-13 18:48:15,035 [pool-117-thread-1] INFO  server.RaftServerConfigKeys (ConfUtils.java:logGet(43)) - raft.server.log.segment.size.max = 1048576 (custom)
2019-11-13 18:48:15,036 [pool-27-thread-1] INFO  server.RaftServerConfigKeys (ConfUtils.java:logGet(43)) - raft.server.snapshot.auto.trigger.enabled = true (custom)
2019-11-13 18:48:15,036 [pool-77-thread-1] INFO  server.RaftServerConfigKeys (ConfUtils.java:logGet(43)) - raft.server.log.preallocated.size = 16384 (custom)
2019-11-13 18:48:15,036 [pool-27-thread-1] INFO  server.RaftServerConfigKeys (ConfUtils.java:logGet(43)) - raft.server.snapshot.auto.trigger.threshold = 10000 (custom)
2019-11-13 18:48:15,036 [pool-117-thread-1] INFO  server.RaftServerConfigKeys (ConfUtils.java:logGet(43)) - raft.server.log.preallocated.size = 16384 (custom)
2019-11-13 18:48:15,036 [pool-27-thread-1] INFO  server.RaftServerConfigKeys (ConfUtils.java:logGet(43)) - raft.server.snapshot.retention.file.num = 5 (custom)
2019-11-13 18:48:15,036 [pool-77-thread-1] INFO  server.RaftServerConfigKeys (ConfUtils.java:logGet(43)) - raft.server.log.write.buffer.size = 33554432 (custom)
2019-11-13 18:48:15,036 [pool-27-thread-1] INFO  server.RaftServerConfigKeys (ConfUtils.java:logGet(43)) - raft.server.retrycache.expirytime = 600000ms (custom)
2019-11-13 18:48:15,036 [pool-117-thread-1] INFO  server.RaftServerConfigKeys (ConfUtils.java:logGet(43)) - raft.server.log.write.buffer.size = 33554432 (custom)
2019-11-13 18:48:15,036 [pool-27-thread-1] WARN  impl.MetricRegistriesImpl (MetricRegistriesImpl.java:lambda$create$1(61)) - First MetricRegistry has been created without registering reporters. You may need to call MetricRegistries.global().addReportRegistration(...) before.
2019-11-13 18:48:15,036 [pool-77-thread-1] INFO  server.RaftServerConfigKeys (ConfUtils.java:logGet(43)) - raft.server.log.force.sync.num = 128 (default)
2019-11-13 18:48:15,036 [pool-27-thread-1] WARN  impl.MetricRegistriesImpl (MetricRegistriesImpl.java:lambda$create$1(61)) - First MetricRegistry has been created without registering reporters. You may need to call MetricRegistries.global().addReportRegistration(...) before.
2019-11-13 18:48:15,036 [pool-117-thread-1] INFO  server.RaftServerConfigKeys (ConfUtils.java:logGet(43)) - raft.server.log.force.sync.num = 128 (default)
2019-11-13 18:48:15,037 [pool-27-thread-1] INFO  impl.RaftServerImpl (RaftServerImpl.java:start(184)) - 8a346eb0-433c-4f64-9a22-d40a83dee003@group-9622AD8B65B5: start as a follower, conf=-1: [6a4d2be6-9424-4ae4-9e09-f01b73daf36a:192.168.164.219:39773, 694477cc-c317-4cd0-89bd-f326ada4a5ba:192.168.164.219:36781, 8a346eb0-433c-4f64-9a22-d40a83dee003:192.168.164.219:45850], old=null
2019-11-13 18:48:15,037 [pool-77-thread-1] INFO  server.RaftServerConfigKeys (ConfUtils.java:logGet(43)) - raft.server.log.statemachine.data.sync = true (default)
2019-11-13 18:48:15,037 [pool-27-thread-1] INFO  impl.RaftServerImpl (RaftServerImpl.java:setRole(173)) - 8a346eb0-433c-4f64-9a22-d40a83dee003@group-9622AD8B65B5: changes role from      null to FOLLOWER at term 0 for startAsFollower
2019-11-13 18:48:15,037 [pool-117-thread-1] INFO  server.RaftServerConfigKeys (ConfUtils.java:logGet(43)) - raft.server.log.statemachine.data.sync = true (default)
2019-11-13 18:48:15,037 [pool-27-thread-1] INFO  impl.RoleInfo (RoleInfo.java:updateAndGet(143)) - 8a346eb0-433c-4f64-9a22-d40a83dee003: start FollowerState
2019-11-13 18:48:15,037 [pool-77-thread-1] INFO  server.RaftServerConfigKeys (ConfUtils.java:logGet(43)) - raft.server.log.statemachine.data.sync.timeout = 10s (default)
2019-11-13 18:48:15,037 [pool-117-thread-1] INFO  server.RaftServerConfigKeys (ConfUtils.java:logGet(43)) - raft.server.log.statemachine.data.sync.timeout = 10s (default)
2019-11-13 18:48:15,037 [pool-77-thread-1] INFO  server.RaftServerConfigKeys (ConfUtils.java:logGet(43)) - raft.server.log.statemachine.data.sync.timeout.retry = -1 (default)
2019-11-13 18:48:15,037 [pool-117-thread-1] INFO  server.RaftServerConfigKeys (ConfUtils.java:logGet(43)) - raft.server.log.statemachine.data.sync.timeout.retry = -1 (default)
2019-11-13 18:48:15,037 [pool-77-thread-1] INFO  server.RaftServerConfigKeys (ConfUtils.java:logGet(43)) - raft.server.log.statemachine.data.caching.enabled = true (custom)
2019-11-13 18:48:15,037 [pool-27-thread-1] INFO  util.JmxRegister (JmxRegister.java:tryRegister(44)) - Successfully registered JMX Bean with object name Ratis:service=RaftServer,group=group-9622AD8B65B5,id=8a346eb0-433c-4f64-9a22-d40a83dee003
2019-11-13 18:48:15,038 [pool-117-thread-1] INFO  server.RaftServerConfigKeys (ConfUtils.java:logGet(43)) - raft.server.log.statemachine.data.caching.enabled = true (custom)
2019-11-13 18:48:15,038 [pool-77-thread-1] INFO  segmented.SegmentedRaftLogWorker (SegmentedRaftLogWorker.java:lambda$new$0(128)) - 694477cc-c317-4cd0-89bd-f326ada4a5ba@group-9622AD8B65B5-SegmentedRaftLogWorker: flushIndex: setUnconditionally 0 -> -1
2019-11-13 18:48:15,038 [pool-27-thread-1] WARN  impl.MetricRegistriesImpl (MetricRegistriesImpl.java:lambda$create$1(61)) - First MetricRegistry has been created without registering reporters. You may need to call MetricRegistries.global().addReportRegistration(...) before.
2019-11-13 18:48:15,038 [pool-117-thread-1] INFO  segmented.SegmentedRaftLogWorker (SegmentedRaftLogWorker.java:lambda$new$0(128)) - 6a4d2be6-9424-4ae4-9e09-f01b73daf36a@group-9622AD8B65B5-SegmentedRaftLogWorker: flushIndex: setUnconditionally 0 -> -1
2019-11-13 18:48:15,038 [pool-77-thread-1] INFO  server.RaftServerConfigKeys (ConfUtils.java:logGet(43)) - raft.server.snapshot.auto.trigger.enabled = true (custom)
2019-11-13 18:48:15,038 [pool-77-thread-1] INFO  server.RaftServerConfigKeys (ConfUtils.java:logGet(43)) - raft.server.snapshot.auto.trigger.threshold = 10000 (custom)
2019-11-13 18:48:15,038 [pool-77-thread-1] INFO  server.RaftServerConfigKeys (ConfUtils.java:logGet(43)) - raft.server.snapshot.retention.file.num = 5 (custom)
2019-11-13 18:48:15,038 [pool-117-thread-1] INFO  server.RaftServerConfigKeys (ConfUtils.java:logGet(43)) - raft.server.snapshot.auto.trigger.enabled = true (custom)
2019-11-13 18:48:15,038 [pool-77-thread-1] INFO  server.RaftServerConfigKeys (ConfUtils.java:logGet(43)) - raft.server.retrycache.expirytime = 600000ms (custom)
2019-11-13 18:48:15,038 [pool-117-thread-1] INFO  server.RaftServerConfigKeys (ConfUtils.java:logGet(43)) - raft.server.snapshot.auto.trigger.threshold = 10000 (custom)
2019-11-13 18:48:15,038 [pool-77-thread-1] WARN  impl.MetricRegistriesImpl (MetricRegistriesImpl.java:lambda$create$1(61)) - First MetricRegistry has been created without registering reporters. You may need to call MetricRegistries.global().addReportRegistration(...) before.
2019-11-13 18:48:15,038 [pool-117-thread-1] INFO  server.RaftServerConfigKeys (ConfUtils.java:logGet(43)) - raft.server.snapshot.retention.file.num = 5 (custom)
2019-11-13 18:48:15,039 [pool-77-thread-1] WARN  impl.MetricRegistriesImpl (MetricRegistriesImpl.java:lambda$create$1(61)) - First MetricRegistry has been created without registering reporters. You may need to call MetricRegistries.global().addReportRegistration(...) before.
2019-11-13 18:48:15,039 [pool-117-thread-1] INFO  server.RaftServerConfigKeys (ConfUtils.java:logGet(43)) - raft.server.retrycache.expirytime = 600000ms (custom)
2019-11-13 18:48:15,039 [pool-77-thread-1] INFO  impl.RaftServerImpl (RaftServerImpl.java:start(184)) - 694477cc-c317-4cd0-89bd-f326ada4a5ba@group-9622AD8B65B5: start as a follower, conf=-1: [6a4d2be6-9424-4ae4-9e09-f01b73daf36a:192.168.164.219:39773, 694477cc-c317-4cd0-89bd-f326ada4a5ba:192.168.164.219:36781, 8a346eb0-433c-4f64-9a22-d40a83dee003:192.168.164.219:45850], old=null
2019-11-13 18:48:15,039 [pool-117-thread-1] WARN  impl.MetricRegistriesImpl (MetricRegistriesImpl.java:lambda$create$1(61)) - First MetricRegistry has been created without registering reporters. You may need to call MetricRegistries.global().addReportRegistration(...) before.
2019-11-13 18:48:15,039 [pool-77-thread-1] INFO  impl.RaftServerImpl (RaftServerImpl.java:setRole(173)) - 694477cc-c317-4cd0-89bd-f326ada4a5ba@group-9622AD8B65B5: changes role from      null to FOLLOWER at term 0 for startAsFollower
2019-11-13 18:48:15,266 [pool-117-thread-1] WARN  impl.MetricRegistriesImpl (MetricRegistriesImpl.java:lambda$create$1(61)) - First MetricRegistry has been created without registering reporters. You may need to call MetricRegistries.global().addReportRegistration(...) before.
2019-11-13 18:48:15,276 [pool-77-thread-1] INFO  impl.RoleInfo (RoleInfo.java:updateAndGet(143)) - 694477cc-c317-4cd0-89bd-f326ada4a5ba: start FollowerState
2019-11-13 18:48:15,276 [pool-77-thread-1] INFO  util.JmxRegister (JmxRegister.java:tryRegister(44)) - Successfully registered JMX Bean with object name Ratis:service=RaftServer,group=group-9622AD8B65B5,id=694477cc-c317-4cd0-89bd-f326ada4a5ba
2019-11-13 18:48:15,276 [pool-77-thread-1] WARN  impl.MetricRegistriesImpl (MetricRegistriesImpl.java:lambda$create$1(61)) - First MetricRegistry has been created without registering reporters. You may need to call MetricRegistries.global().addReportRegistration(...) before.
2019-11-13 18:48:15,292 [pool-117-thread-1] INFO  impl.RaftServerImpl (RaftServerImpl.java:start(184)) - 6a4d2be6-9424-4ae4-9e09-f01b73daf36a@group-9622AD8B65B5: start as a follower, conf=-1: [6a4d2be6-9424-4ae4-9e09-f01b73daf36a:192.168.164.219:39773, 694477cc-c317-4cd0-89bd-f326ada4a5ba:192.168.164.219:36781, 8a346eb0-433c-4f64-9a22-d40a83dee003:192.168.164.219:45850], old=null
2019-11-13 18:48:15,292 [pool-117-thread-1] INFO  impl.RaftServerImpl (RaftServerImpl.java:setRole(173)) - 6a4d2be6-9424-4ae4-9e09-f01b73daf36a@group-9622AD8B65B5: changes role from      null to FOLLOWER at term 0 for startAsFollower
2019-11-13 18:48:15,293 [pool-117-thread-1] INFO  impl.RoleInfo (RoleInfo.java:updateAndGet(143)) - 6a4d2be6-9424-4ae4-9e09-f01b73daf36a: start FollowerState
2019-11-13 18:48:15,295 [pool-117-thread-1] INFO  util.JmxRegister (JmxRegister.java:tryRegister(44)) - Successfully registered JMX Bean with object name Ratis:service=RaftServer,group=group-9622AD8B65B5,id=6a4d2be6-9424-4ae4-9e09-f01b73daf36a
2019-11-13 18:48:15,296 [pool-117-thread-1] WARN  impl.MetricRegistriesImpl (MetricRegistriesImpl.java:lambda$create$1(61)) - First MetricRegistry has been created without registering reporters. You may need to call MetricRegistries.global().addReportRegistration(...) before.
2019-11-13 18:48:15,302 [RatisPipelineUtilsThread] INFO  pipeline.PipelineStateManager (PipelineStateManager.java:addPipeline(55)) - Created pipeline Pipeline[ Id: f2cbbdf9-338b-4895-87e7-9622ad8b65b5, Nodes: 8a346eb0-433c-4f64-9a22-d40a83dee003{ip: 192.168.164.219, host: pr-hdds-1940-7lghg-363871468, networkLocation: /default-rack, certSerialId: null}6a4d2be6-9424-4ae4-9e09-f01b73daf36a{ip: 192.168.164.219, host: pr-hdds-1940-7lghg-363871468, networkLocation: /default-rack, certSerialId: null}694477cc-c317-4cd0-89bd-f326ada4a5ba{ip: 192.168.164.219, host: pr-hdds-1940-7lghg-363871468, networkLocation: /default-rack, certSerialId: null}, Type:RATIS, Factor:THREE, State:ALLOCATED]
2019-11-13 18:48:15,303 [Thread-283] INFO  pipeline.PipelineStateManager (PipelineStateManager.java:finalizePipeline(121)) - Pipeline Pipeline[ Id: f524de77-2762-44a4-bdc2-2ad66a413e88, Nodes: 19b56e57-c404-4271-b4fe-c6c2e842ae91{ip: 192.168.164.219, host: pr-hdds-1940-7lghg-363871468, networkLocation: /default-rack, certSerialId: null}9582de44-b510-4bf6-b692-b66075a27588{ip: 192.168.164.219, host: pr-hdds-1940-7lghg-363871468, networkLocation: /default-rack, certSerialId: null}9ee498fb-dbd1-4b89-b28c-40ca18800c49{ip: 192.168.164.219, host: pr-hdds-1940-7lghg-363871468, networkLocation: /default-rack, certSerialId: null}, Type:RATIS, Factor:THREE, State:CLOSED] moved to CLOSED state
2019-11-13 18:48:15,311 [grpc-default-executor-0] INFO  impl.RaftServerProxy (RaftServerProxy.java:remove(95)) - 19b56e57-c404-4271-b4fe-c6c2e842ae91: remove  FOLLOWER 19b56e57-c404-4271-b4fe-c6c2e842ae91@group-2AD66A413E88:t1, leader=9ee498fb-dbd1-4b89-b28c-40ca18800c49, voted=9ee498fb-dbd1-4b89-b28c-40ca18800c49, raftlog=19b56e57-c404-4271-b4fe-c6c2e842ae91@group-2AD66A413E88-SegmentedRaftLog:OPENED:c0,f0,i0, conf=0: [9582de44-b510-4bf6-b692-b66075a27588:192.168.164.219:46083, 9ee498fb-dbd1-4b89-b28c-40ca18800c49:192.168.164.219:36915, 19b56e57-c404-4271-b4fe-c6c2e842ae91:192.168.164.219:41012], old=null RUNNING
2019-11-13 18:48:15,313 [grpc-default-executor-0] INFO  impl.RaftServerImpl (RaftServerImpl.java:lambda$shutdown$3(250)) - 19b56e57-c404-4271-b4fe-c6c2e842ae91@group-2AD66A413E88: shutdown
2019-11-13 18:48:15,313 [grpc-default-executor-0] INFO  util.JmxRegister (JmxRegister.java:unregister(73)) - Successfully un-registered JMX Bean with object name Ratis:service=RaftServer,group=group-2AD66A413E88,id=19b56e57-c404-4271-b4fe-c6c2e842ae91
2019-11-13 18:48:15,313 [grpc-default-executor-0] INFO  impl.RoleInfo (RoleInfo.java:shutdownFollowerState(121)) - 19b56e57-c404-4271-b4fe-c6c2e842ae91: shutdown FollowerState
2019-11-13 18:48:15,313 [grpc-default-executor-0] INFO  impl.StateMachineUpdater (StateMachineUpdater.java:stopAndJoin(136)) - 19b56e57-c404-4271-b4fe-c6c2e842ae91@group-2AD66A413E88-StateMachineUpdater: set stopIndex = 0
2019-11-13 18:48:15,314 [Thread-367] INFO  impl.FollowerState (FollowerState.java:run(120)) - 19b56e57-c404-4271-b4fe-c6c2e842ae91@group-2AD66A413E88-FollowerState was interrupted: java.lang.InterruptedException: sleep interrupted
2019-11-13 18:48:15,316 [grpc-default-executor-0] INFO  impl.RaftServerImpl (ServerState.java:close(387)) - 19b56e57-c404-4271-b4fe-c6c2e842ae91@group-2AD66A413E88: closes. applyIndex: 0
2019-11-13 18:48:15,316 [19b56e57-c404-4271-b4fe-c6c2e842ae91@group-2AD66A413E88-SegmentedRaftLogWorker] INFO  segmented.SegmentedRaftLogWorker (SegmentedRaftLogWorker.java:run(316)) - 19b56e57-c404-4271-b4fe-c6c2e842ae91@group-2AD66A413E88-SegmentedRaftLogWorker was interrupted, exiting. There are 0 tasks remaining in the queue.
2019-11-13 18:48:15,318 [grpc-default-executor-0] INFO  segmented.SegmentedRaftLogWorker (SegmentedRaftLogWorker.java:close(224)) - 19b56e57-c404-4271-b4fe-c6c2e842ae91@group-2AD66A413E88-SegmentedRaftLogWorker close()
2019-11-13 18:48:15,355 [grpc-default-executor-0] INFO  impl.RaftServerProxy (RaftServerProxy.java:remove(95)) - 9582de44-b510-4bf6-b692-b66075a27588: remove  FOLLOWER 9582de44-b510-4bf6-b692-b66075a27588@group-2AD66A413E88:t1, leader=9ee498fb-dbd1-4b89-b28c-40ca18800c49, voted=9582de44-b510-4bf6-b692-b66075a27588, raftlog=9582de44-b510-4bf6-b692-b66075a27588@group-2AD66A413E88-SegmentedRaftLog:OPENED:c0,f0,i0, conf=0: [9582de44-b510-4bf6-b692-b66075a27588:192.168.164.219:46083, 9ee498fb-dbd1-4b89-b28c-40ca18800c49:192.168.164.219:36915, 19b56e57-c404-4271-b4fe-c6c2e842ae91:192.168.164.219:41012], old=null RUNNING
2019-11-13 18:48:15,355 [grpc-default-executor-0] INFO  impl.RaftServerImpl (RaftServerImpl.java:lambda$shutdown$3(250)) - 9582de44-b510-4bf6-b692-b66075a27588@group-2AD66A413E88: shutdown
2019-11-13 18:48:15,355 [grpc-default-executor-0] INFO  util.JmxRegister (JmxRegister.java:unregister(73)) - Successfully un-registered JMX Bean with object name Ratis:service=RaftServer,group=group-2AD66A413E88,id=9582de44-b510-4bf6-b692-b66075a27588
2019-11-13 18:48:15,355 [grpc-default-executor-0] INFO  impl.RoleInfo (RoleInfo.java:shutdownFollowerState(121)) - 9582de44-b510-4bf6-b692-b66075a27588: shutdown FollowerState
2019-11-13 18:48:15,371 [grpc-default-executor-0] INFO  impl.StateMachineUpdater (StateMachineUpdater.java:stopAndJoin(136)) - 9582de44-b510-4bf6-b692-b66075a27588@group-2AD66A413E88-StateMachineUpdater: set stopIndex = 0
2019-11-13 18:48:15,371 [Thread-368] INFO  impl.FollowerState (FollowerState.java:run(120)) - 9582de44-b510-4bf6-b692-b66075a27588@group-2AD66A413E88-FollowerState was interrupted: java.lang.InterruptedException: sleep interrupted
2019-11-13 18:48:15,373 [grpc-default-executor-0] INFO  impl.RaftServerImpl (ServerState.java:close(387)) - 9582de44-b510-4bf6-b692-b66075a27588@group-2AD66A413E88: closes. applyIndex: 0
2019-11-13 18:48:15,373 [9582de44-b510-4bf6-b692-b66075a27588@group-2AD66A413E88-SegmentedRaftLogWorker] INFO  segmented.SegmentedRaftLogWorker (SegmentedRaftLogWorker.java:run(316)) - 9582de44-b510-4bf6-b692-b66075a27588@group-2AD66A413E88-SegmentedRaftLogWorker was interrupted, exiting. There are 0 tasks remaining in the queue.
2019-11-13 18:48:15,375 [grpc-default-executor-0] INFO  segmented.SegmentedRaftLogWorker (SegmentedRaftLogWorker.java:close(224)) - 9582de44-b510-4bf6-b692-b66075a27588@group-2AD66A413E88-SegmentedRaftLogWorker close()
2019-11-13 18:48:15,451 [grpc-default-executor-2] INFO  impl.RaftServerProxy (RaftServerProxy.java:remove(95)) - 9ee498fb-dbd1-4b89-b28c-40ca18800c49: remove    LEADER 9ee498fb-dbd1-4b89-b28c-40ca18800c49@group-2AD66A413E88:t1, leader=9ee498fb-dbd1-4b89-b28c-40ca18800c49, voted=9ee498fb-dbd1-4b89-b28c-40ca18800c49, raftlog=9ee498fb-dbd1-4b89-b28c-40ca18800c49@group-2AD66A413E88-SegmentedRaftLog:OPENED:c0,f0,i0, conf=0: [9582de44-b510-4bf6-b692-b66075a27588:192.168.164.219:46083, 9ee498fb-dbd1-4b89-b28c-40ca18800c49:192.168.164.219:36915, 19b56e57-c404-4271-b4fe-c6c2e842ae91:192.168.164.219:41012], old=null RUNNING
2019-11-13 18:48:15,451 [grpc-default-executor-2] INFO  impl.RaftServerImpl (RaftServerImpl.java:lambda$shutdown$3(250)) - 9ee498fb-dbd1-4b89-b28c-40ca18800c49@group-2AD66A413E88: shutdown
2019-11-13 18:48:15,452 [grpc-default-executor-2] INFO  util.JmxRegister (JmxRegister.java:unregister(73)) - Successfully un-registered JMX Bean with object name Ratis:service=RaftServer,group=group-2AD66A413E88,id=9ee498fb-dbd1-4b89-b28c-40ca18800c49
2019-11-13 18:48:15,452 [grpc-default-executor-2] INFO  impl.RoleInfo (RoleInfo.java:shutdownLeaderState(104)) - 9ee498fb-dbd1-4b89-b28c-40ca18800c49: shutdown LeaderState
2019-11-13 18:48:15,454 [grpc-default-executor-2] INFO  impl.PendingRequests (PendingRequests.java:sendNotLeaderResponses(206)) - 9ee498fb-dbd1-4b89-b28c-40ca18800c49@group-2AD66A413E88-PendingRequests: sendNotLeaderResponses
2019-11-13 18:48:15,454 [org.apache.ratis.server.impl.LogAppender$AppenderDaemon$$Lambda$487/584218662@1cc846a4] WARN  server.GrpcLogAppender (GrpcLogAppender.java:mayWait(151)) - 9ee498fb-dbd1-4b89-b28c-40ca18800c49@group-2AD66A413E88->19b56e57-c404-4271-b4fe-c6c2e842ae91-GrpcLogAppender: Wait interrupted by java.lang.InterruptedException
2019-11-13 18:48:15,455 [org.apache.ratis.server.impl.LogAppender$AppenderDaemon$$Lambda$487/584218662@3862c6ca] WARN  server.GrpcLogAppender (GrpcLogAppender.java:mayWait(151)) - 9ee498fb-dbd1-4b89-b28c-40ca18800c49@group-2AD66A413E88->9582de44-b510-4bf6-b692-b66075a27588-GrpcLogAppender: Wait interrupted by java.lang.InterruptedException
2019-11-13 18:48:15,456 [grpc-default-executor-2] INFO  impl.StateMachineUpdater (StateMachineUpdater.java:stopAndJoin(136)) - 9ee498fb-dbd1-4b89-b28c-40ca18800c49@group-2AD66A413E88-StateMachineUpdater: set stopIndex = 0
2019-11-13 18:48:15,456 [grpc-default-executor-2] INFO  impl.RaftServerImpl (ServerState.java:close(387)) - 9ee498fb-dbd1-4b89-b28c-40ca18800c49@group-2AD66A413E88: closes. applyIndex: 0
2019-11-13 18:48:15,456 [9ee498fb-dbd1-4b89-b28c-40ca18800c49@group-2AD66A413E88-SegmentedRaftLogWorker] INFO  segmented.SegmentedRaftLogWorker (SegmentedRaftLogWorker.java:run(316)) - 9ee498fb-dbd1-4b89-b28c-40ca18800c49@group-2AD66A413E88-SegmentedRaftLogWorker was interrupted, exiting. There are 0 tasks remaining in the queue.
2019-11-13 18:48:15,461 [grpc-default-executor-0] INFO  server.GrpcServerProtocolService (GrpcServerProtocolService.java:onCompleted(113)) - 9582de44-b510-4bf6-b692-b66075a27588: Completed APPEND_ENTRIES, lastRequest: 9ee498fb-dbd1-4b89-b28c-40ca18800c49->9582de44-b510-4bf6-b692-b66075a27588#2-t1, previous=(t:1, i:0), leaderCommit=0, initializing? false, entries: <empty>
2019-11-13 18:48:15,462 [grpc-default-executor-1] INFO  server.GrpcServerProtocolService (GrpcServerProtocolService.java:onCompleted(113)) - 19b56e57-c404-4271-b4fe-c6c2e842ae91: Completed APPEND_ENTRIES, lastRequest: 9ee498fb-dbd1-4b89-b28c-40ca18800c49->19b56e57-c404-4271-b4fe-c6c2e842ae91#2-t1, previous=(t:1, i:0), leaderCommit=0, initializing? false, entries: <empty>
2019-11-13 18:48:15,462 [grpc-default-executor-2] INFO  segmented.SegmentedRaftLogWorker (SegmentedRaftLogWorker.java:close(224)) - 9ee498fb-dbd1-4b89-b28c-40ca18800c49@group-2AD66A413E88-SegmentedRaftLogWorker close()
2019-11-13 18:48:15,473 [grpc-default-executor-1] INFO  server.GrpcLogAppender (GrpcLogAppender.java:onCompleted(308)) - 9ee498fb-dbd1-4b89-b28c-40ca18800c49@group-2AD66A413E88->9582de44-b510-4bf6-b692-b66075a27588-AppendLogResponseHandler: follower responses appendEntries COMPLETED
2019-11-13 18:48:15,473 [grpc-default-executor-0] INFO  server.GrpcLogAppender (GrpcLogAppender.java:onCompleted(308)) - 9ee498fb-dbd1-4b89-b28c-40ca18800c49@group-2AD66A413E88->19b56e57-c404-4271-b4fe-c6c2e842ae91-AppendLogResponseHandler: follower responses appendEntries COMPLETED
2019-11-13 18:48:15,504 [grpc-default-executor-1] INFO  impl.FollowerInfo (FollowerInfo.java:lambda$new$0(51)) - 9ee498fb-dbd1-4b89-b28c-40ca18800c49@group-2AD66A413E88->9582de44-b510-4bf6-b692-b66075a27588: nextIndex: updateUnconditionally 1 -> 0
2019-11-13 18:48:15,508 [grpc-default-executor-0] INFO  impl.FollowerInfo (FollowerInfo.java:lambda$new$0(51)) - 9ee498fb-dbd1-4b89-b28c-40ca18800c49@group-2AD66A413E88->19b56e57-c404-4271-b4fe-c6c2e842ae91: nextIndex: updateUnconditionally 1 -> 0
2019-11-13 18:48:15,532 [Thread-283] INFO  pipeline.PipelineStateManager (PipelineStateManager.java:removePipeline(106)) - Pipeline Pipeline[ Id: f524de77-2762-44a4-bdc2-2ad66a413e88, Nodes: 19b56e57-c404-4271-b4fe-c6c2e842ae91{ip: 192.168.164.219, host: pr-hdds-1940-7lghg-363871468, networkLocation: /default-rack, certSerialId: null}9582de44-b510-4bf6-b692-b66075a27588{ip: 192.168.164.219, host: pr-hdds-1940-7lghg-363871468, networkLocation: /default-rack, certSerialId: null}9ee498fb-dbd1-4b89-b28c-40ca18800c49{ip: 192.168.164.219, host: pr-hdds-1940-7lghg-363871468, networkLocation: /default-rack, certSerialId: null}, Type:RATIS, Factor:THREE, State:CLOSED] removed from db
2019-11-13 18:48:15,533 [Thread-283] INFO  pipeline.SCMPipelineManager (SCMPipelineManager.java:finalizeAndDestroyPipeline(315)) - destroying pipeline:Pipeline[ Id: 900ff320-dc34-4ca3-a1e1-0fd4a23451d6, Nodes: 8a346eb0-433c-4f64-9a22-d40a83dee003{ip: 192.168.164.219, host: pr-hdds-1940-7lghg-363871468, networkLocation: /default-rack, certSerialId: null}, Type:RATIS, Factor:ONE, State:OPEN]
2019-11-13 18:48:15,584 [grpc-default-executor-1] INFO  impl.RaftServerProxy (RaftServerProxy.java:addNew(89)) - 19b56e57-c404-4271-b4fe-c6c2e842ae91: addNew group-CEC72933519B:[9582de44-b510-4bf6-b692-b66075a27588:192.168.164.219:46083, 9ee498fb-dbd1-4b89-b28c-40ca18800c49:192.168.164.219:36915, 19b56e57-c404-4271-b4fe-c6c2e842ae91:192.168.164.219:41012] returns group-CEC72933519B:java.util.concurrent.CompletableFuture@78f01cb1[Not completed]
2019-11-13 18:48:15,585 [grpc-default-executor-0] INFO  impl.RaftServerProxy (RaftServerProxy.java:addNew(89)) - 9582de44-b510-4bf6-b692-b66075a27588: addNew group-CEC72933519B:[9582de44-b510-4bf6-b692-b66075a27588:192.168.164.219:46083, 9ee498fb-dbd1-4b89-b28c-40ca18800c49:192.168.164.219:36915, 19b56e57-c404-4271-b4fe-c6c2e842ae91:192.168.164.219:41012] returns group-CEC72933519B:java.util.concurrent.CompletableFuture@686fded7[Not completed]
2019-11-13 18:48:15,585 [grpc-default-executor-2] INFO  impl.RaftServerProxy (RaftServerProxy.java:addNew(89)) - 9ee498fb-dbd1-4b89-b28c-40ca18800c49: addNew group-CEC72933519B:[9582de44-b510-4bf6-b692-b66075a27588:192.168.164.219:46083, 9ee498fb-dbd1-4b89-b28c-40ca18800c49:192.168.164.219:36915, 19b56e57-c404-4271-b4fe-c6c2e842ae91:192.168.164.219:41012] returns group-CEC72933519B:java.util.concurrent.CompletableFuture@7b21420c[Not completed]
2019-11-13 18:48:15,681 [main] INFO  rpc.RpcClient (RpcClient.java:createVolume(292)) - Creating Volume: datanodefailurehandlingtest, with jenkins1000 as owner.
2019-11-13 18:48:15,736 [pool-57-thread-1] INFO  impl.RaftServerImpl (RaftServerImpl.java:<init>(98)) - 9582de44-b510-4bf6-b692-b66075a27588: new RaftServerImpl for group-CEC72933519B:[9582de44-b510-4bf6-b692-b66075a27588:192.168.164.219:46083, 9ee498fb-dbd1-4b89-b28c-40ca18800c49:192.168.164.219:36915, 19b56e57-c404-4271-b4fe-c6c2e842ae91:192.168.164.219:41012] with ContainerStateMachine:uninitialized
2019-11-13 18:48:15,736 [pool-57-thread-1] INFO  server.RaftServerConfigKeys (ConfUtils.java:logGet(43)) - raft.server.rpc.timeout.min = 1s (custom)
2019-11-13 18:48:15,736 [pool-57-thread-1] INFO  server.RaftServerConfigKeys (ConfUtils.java:logGet(43)) - raft.server.rpc.timeout.max = 1200ms (custom)
2019-11-13 18:48:15,738 [pool-57-thread-1] INFO  server.RaftServerConfigKeys (ConfUtils.java:logGet(43)) - raft.server.rpcslowness.timeout = 120s (custom)
2019-11-13 18:48:15,738 [pool-57-thread-1] INFO  server.RaftServerConfigKeys (ConfUtils.java:logGet(43)) - raft.server.sleep.deviation.threshold = 300 (default)
2019-11-13 18:48:15,738 [pool-47-thread-1] INFO  impl.RaftServerImpl (RaftServerImpl.java:<init>(98)) - 19b56e57-c404-4271-b4fe-c6c2e842ae91: new RaftServerImpl for group-CEC72933519B:[9582de44-b510-4bf6-b692-b66075a27588:192.168.164.219:46083, 9ee498fb-dbd1-4b89-b28c-40ca18800c49:192.168.164.219:36915, 19b56e57-c404-4271-b4fe-c6c2e842ae91:192.168.164.219:41012] with ContainerStateMachine:uninitialized
2019-11-13 18:48:15,738 [pool-57-thread-1] INFO  server.RaftServerConfigKeys (ConfUtils.java:logGet(43)) - raft.server.log.appender.install.snapshot.enabled = false (custom)
2019-11-13 18:48:15,738 [pool-47-thread-1] INFO  server.RaftServerConfigKeys (ConfUtils.java:logGet(43)) - raft.server.rpc.timeout.min = 1s (custom)
2019-11-13 18:48:15,739 [pool-57-thread-1] INFO  impl.RaftServerImpl (ServerState.java:<init>(103)) - 9582de44-b510-4bf6-b692-b66075a27588@group-CEC72933519B: ConfigurationManager, init=-1: [9582de44-b510-4bf6-b692-b66075a27588:192.168.164.219:46083, 9ee498fb-dbd1-4b89-b28c-40ca18800c49:192.168.164.219:36915, 19b56e57-c404-4271-b4fe-c6c2e842ae91:192.168.164.219:41012], old=null, confs=<EMPTY_MAP>
2019-11-13 18:48:15,739 [pool-47-thread-1] INFO  server.RaftServerConfigKeys (ConfUtils.java:logGet(43)) - raft.server.rpc.timeout.max = 1200ms (custom)
2019-11-13 18:48:15,739 [pool-57-thread-1] INFO  server.RaftServerConfigKeys (ConfUtils.java:logGet(43)) - raft.server.storage.dir = [/workdir/hadoop-ozone/integration-test/target/test-dir/MiniOzoneClusterImpl-936e8649-2eb0-4b7a-921b-5d2cce332f9c/datanode-3/data/ratis] (custom)
2019-11-13 18:48:15,739 [pool-47-thread-1] INFO  server.RaftServerConfigKeys (ConfUtils.java:logGet(43)) - raft.server.rpcslowness.timeout = 120s (custom)
2019-11-13 18:48:15,739 [pool-47-thread-1] INFO  server.RaftServerConfigKeys (ConfUtils.java:logGet(43)) - raft.server.sleep.deviation.threshold = 300 (default)
2019-11-13 18:48:15,739 [pool-57-thread-1] INFO  server.RaftServerConfigKeys (ConfUtils.java:logGet(43)) - raft.server.log.corruption.policy = EXCEPTION (default)
2019-11-13 18:48:15,739 [pool-97-thread-1] INFO  impl.RaftServerImpl (RaftServerImpl.java:<init>(98)) - 9ee498fb-dbd1-4b89-b28c-40ca18800c49: new RaftServerImpl for group-CEC72933519B:[9582de44-b510-4bf6-b692-b66075a27588:192.168.164.219:46083, 9ee498fb-dbd1-4b89-b28c-40ca18800c49:192.168.164.219:36915, 19b56e57-c404-4271-b4fe-c6c2e842ae91:192.168.164.219:41012] with ContainerStateMachine:uninitialized
2019-11-13 18:48:15,739 [pool-47-thread-1] INFO  server.RaftServerConfigKeys (ConfUtils.java:logGet(43)) - raft.server.log.appender.install.snapshot.enabled = false (custom)
2019-11-13 18:48:15,739 [pool-97-thread-1] INFO  server.RaftServerConfigKeys (ConfUtils.java:logGet(43)) - raft.server.rpc.timeout.min = 1s (custom)
2019-11-13 18:48:15,739 [pool-57-thread-1] INFO  storage.RaftStorageDirectory (RaftStorageDirectory.java:analyzeStorage(246)) - The storage directory /workdir/hadoop-ozone/integration-test/target/test-dir/MiniOzoneClusterImpl-936e8649-2eb0-4b7a-921b-5d2cce332f9c/datanode-3/data/ratis/85b35a98-3d2c-45a1-a976-cec72933519b does not exist. Creating ...
2019-11-13 18:48:15,739 [pool-97-thread-1] INFO  server.RaftServerConfigKeys (ConfUtils.java:logGet(43)) - raft.server.rpc.timeout.max = 1200ms (custom)
2019-11-13 18:48:15,739 [pool-47-thread-1] INFO  impl.RaftServerImpl (ServerState.java:<init>(103)) - 19b56e57-c404-4271-b4fe-c6c2e842ae91@group-CEC72933519B: ConfigurationManager, init=-1: [9582de44-b510-4bf6-b692-b66075a27588:192.168.164.219:46083, 9ee498fb-dbd1-4b89-b28c-40ca18800c49:192.168.164.219:36915, 19b56e57-c404-4271-b4fe-c6c2e842ae91:192.168.164.219:41012], old=null, confs=<EMPTY_MAP>
2019-11-13 18:48:15,740 [pool-97-thread-1] INFO  server.RaftServerConfigKeys (ConfUtils.java:logGet(43)) - raft.server.rpcslowness.timeout = 120s (custom)
2019-11-13 18:48:15,740 [pool-47-thread-1] INFO  server.RaftServerConfigKeys (ConfUtils.java:logGet(43)) - raft.server.storage.dir = [/workdir/hadoop-ozone/integration-test/target/test-dir/MiniOzoneClusterImpl-936e8649-2eb0-4b7a-921b-5d2cce332f9c/datanode-2/data/ratis] (custom)
2019-11-13 18:48:15,740 [pool-97-thread-1] INFO  server.RaftServerConfigKeys (ConfUtils.java:logGet(43)) - raft.server.sleep.deviation.threshold = 300 (default)
2019-11-13 18:48:15,740 [pool-97-thread-1] INFO  server.RaftServerConfigKeys (ConfUtils.java:logGet(43)) - raft.server.log.appender.install.snapshot.enabled = false (custom)
2019-11-13 18:48:15,740 [pool-47-thread-1] INFO  server.RaftServerConfigKeys (ConfUtils.java:logGet(43)) - raft.server.log.corruption.policy = EXCEPTION (default)
2019-11-13 18:48:15,740 [pool-97-thread-1] INFO  impl.RaftServerImpl (ServerState.java:<init>(103)) - 9ee498fb-dbd1-4b89-b28c-40ca18800c49@group-CEC72933519B: ConfigurationManager, init=-1: [9582de44-b510-4bf6-b692-b66075a27588:192.168.164.219:46083, 9ee498fb-dbd1-4b89-b28c-40ca18800c49:192.168.164.219:36915, 19b56e57-c404-4271-b4fe-c6c2e842ae91:192.168.164.219:41012], old=null, confs=<EMPTY_MAP>
2019-11-13 18:48:15,740 [pool-47-thread-1] INFO  storage.RaftStorageDirectory (RaftStorageDirectory.java:analyzeStorage(246)) - The storage directory /workdir/hadoop-ozone/integration-test/target/test-dir/MiniOzoneClusterImpl-936e8649-2eb0-4b7a-921b-5d2cce332f9c/datanode-2/data/ratis/85b35a98-3d2c-45a1-a976-cec72933519b does not exist. Creating ...
2019-11-13 18:48:15,740 [pool-97-thread-1] INFO  server.RaftServerConfigKeys (ConfUtils.java:logGet(43)) - raft.server.storage.dir = [/workdir/hadoop-ozone/integration-test/target/test-dir/MiniOzoneClusterImpl-936e8649-2eb0-4b7a-921b-5d2cce332f9c/datanode-7/data/ratis] (custom)
2019-11-13 18:48:15,741 [pool-97-thread-1] INFO  server.RaftServerConfigKeys (ConfUtils.java:logGet(43)) - raft.server.log.corruption.policy = EXCEPTION (default)
2019-11-13 18:48:15,741 [pool-97-thread-1] INFO  storage.RaftStorageDirectory (RaftStorageDirectory.java:analyzeStorage(246)) - The storage directory /workdir/hadoop-ozone/integration-test/target/test-dir/MiniOzoneClusterImpl-936e8649-2eb0-4b7a-921b-5d2cce332f9c/datanode-7/data/ratis/85b35a98-3d2c-45a1-a976-cec72933519b does not exist. Creating ...
2019-11-13 18:48:15,754 [pool-57-thread-1] INFO  storage.RaftStorageDirectory (RaftStorageDirectory.java:tryLock(328)) - Lock on /workdir/hadoop-ozone/integration-test/target/test-dir/MiniOzoneClusterImpl-936e8649-2eb0-4b7a-921b-5d2cce332f9c/datanode-3/data/ratis/85b35a98-3d2c-45a1-a976-cec72933519b/in_use.lock acquired by nodename 19542@pr-hdds-1940-7lghg-363871468
2019-11-13 18:48:15,754 [pool-97-thread-1] INFO  storage.RaftStorageDirectory (RaftStorageDirectory.java:tryLock(328)) - Lock on /workdir/hadoop-ozone/integration-test/target/test-dir/MiniOzoneClusterImpl-936e8649-2eb0-4b7a-921b-5d2cce332f9c/datanode-7/data/ratis/85b35a98-3d2c-45a1-a976-cec72933519b/in_use.lock acquired by nodename 19542@pr-hdds-1940-7lghg-363871468
2019-11-13 18:48:15,754 [pool-47-thread-1] INFO  storage.RaftStorageDirectory (RaftStorageDirectory.java:tryLock(328)) - Lock on /workdir/hadoop-ozone/integration-test/target/test-dir/MiniOzoneClusterImpl-936e8649-2eb0-4b7a-921b-5d2cce332f9c/datanode-2/data/ratis/85b35a98-3d2c-45a1-a976-cec72933519b/in_use.lock acquired by nodename 19542@pr-hdds-1940-7lghg-363871468
2019-11-13 18:48:15,767 [pool-47-thread-1] INFO  storage.RaftStorage (RaftStorage.java:format(84)) - Storage directory /workdir/hadoop-ozone/integration-test/target/test-dir/MiniOzoneClusterImpl-936e8649-2eb0-4b7a-921b-5d2cce332f9c/datanode-2/data/ratis/85b35a98-3d2c-45a1-a976-cec72933519b has been successfully formatted.
2019-11-13 18:48:15,767 [pool-97-thread-1] INFO  storage.RaftStorage (RaftStorage.java:format(84)) - Storage directory /workdir/hadoop-ozone/integration-test/target/test-dir/MiniOzoneClusterImpl-936e8649-2eb0-4b7a-921b-5d2cce332f9c/datanode-7/data/ratis/85b35a98-3d2c-45a1-a976-cec72933519b has been successfully formatted.
2019-11-13 18:48:15,767 [pool-57-thread-1] INFO  storage.RaftStorage (RaftStorage.java:format(84)) - Storage directory /workdir/hadoop-ozone/integration-test/target/test-dir/MiniOzoneClusterImpl-936e8649-2eb0-4b7a-921b-5d2cce332f9c/datanode-3/data/ratis/85b35a98-3d2c-45a1-a976-cec72933519b has been successfully formatted.
2019-11-13 18:48:15,768 [pool-47-thread-1] INFO  ratis.ContainerStateMachine (ContainerStateMachine.java:loadSnapshot(223)) - group-CEC72933519B: The snapshot info is null. Setting the last applied indexto:(t:0, i:~)
2019-11-13 18:48:15,768 [pool-97-thread-1] INFO  ratis.ContainerStateMachine (ContainerStateMachine.java:loadSnapshot(223)) - group-CEC72933519B: The snapshot info is null. Setting the last applied indexto:(t:0, i:~)
2019-11-13 18:48:15,768 [pool-47-thread-1] INFO  server.RaftServerConfigKeys (ConfUtils.java:logGet(43)) - raft.server.notification.no-leader.timeout = 120s (custom)
2019-11-13 18:48:15,768 [pool-57-thread-1] INFO  ratis.ContainerStateMachine (ContainerStateMachine.java:loadSnapshot(223)) - group-CEC72933519B: The snapshot info is null. Setting the last applied indexto:(t:0, i:~)
2019-11-13 18:48:15,768 [pool-47-thread-1] INFO  server.RaftServerConfigKeys (ConfUtils.java:logGet(43)) - raft.server.log.use.memory = false (default)
2019-11-13 18:48:15,768 [pool-97-thread-1] INFO  server.RaftServerConfigKeys (ConfUtils.java:logGet(43)) - raft.server.notification.no-leader.timeout = 120s (custom)
2019-11-13 18:48:15,768 [pool-47-thread-1] INFO  server.RaftServerConfigKeys (ConfUtils.java:logGet(43)) - raft.server.log.purge.gap = 1000000 (custom)
2019-11-13 18:48:15,768 [pool-57-thread-1] INFO  server.RaftServerConfigKeys (ConfUtils.java:logGet(43)) - raft.server.notification.no-leader.timeout = 120s (custom)
2019-11-13 18:48:15,768 [pool-47-thread-1] INFO  server.RaftServerConfigKeys (ConfUtils.java:logGet(43)) - raft.server.log.appender.buffer.byte-limit = 33554432 (custom)
2019-11-13 18:48:15,768 [pool-97-thread-1] INFO  server.RaftServerConfigKeys (ConfUtils.java:logGet(43)) - raft.server.log.use.memory = false (default)
2019-11-13 18:48:15,769 [pool-47-thread-1] INFO  server.RaftServerConfigKeys (ConfUtils.java:logGet(43)) - raft.server.log.segment.size.max = 1048576 (custom)
2019-11-13 18:48:15,768 [pool-57-thread-1] INFO  server.RaftServerConfigKeys (ConfUtils.java:logGet(43)) - raft.server.log.use.memory = false (default)
2019-11-13 18:48:15,769 [pool-47-thread-1] INFO  server.RaftServerConfigKeys (ConfUtils.java:logGet(43)) - raft.server.log.segment.cache.num.max = 2 (custom)
2019-11-13 18:48:15,769 [pool-97-thread-1] INFO  server.RaftServerConfigKeys (ConfUtils.java:logGet(43)) - raft.server.log.purge.gap = 1000000 (custom)
2019-11-13 18:48:15,769 [pool-47-thread-1] INFO  segmented.SegmentedRaftLogWorker (SegmentedRaftLogWorker.java:<init>(173)) - new 19b56e57-c404-4271-b4fe-c6c2e842ae91@group-CEC72933519B-SegmentedRaftLogWorker for RaftStorage:Storage Directory /workdir/hadoop-ozone/integration-test/target/test-dir/MiniOzoneClusterImpl-936e8649-2eb0-4b7a-921b-5d2cce332f9c/datanode-2/data/ratis/85b35a98-3d2c-45a1-a976-cec72933519b
2019-11-13 18:48:15,769 [pool-57-thread-1] INFO  server.RaftServerConfigKeys (ConfUtils.java:logGet(43)) - raft.server.log.purge.gap = 1000000 (custom)
2019-11-13 18:48:15,769 [pool-47-thread-1] INFO  server.RaftServerConfigKeys (ConfUtils.java:logGet(43)) - raft.server.log.queue.byte-limit = 2147483647 (custom)
2019-11-13 18:48:15,769 [pool-97-thread-1] INFO  server.RaftServerConfigKeys (ConfUtils.java:logGet(43)) - raft.server.log.appender.buffer.byte-limit = 33554432 (custom)
2019-11-13 18:48:15,769 [pool-47-thread-1] INFO  server.RaftServerConfigKeys (ConfUtils.java:logGet(43)) - raft.server.log.queue.element-limit = 1024 (custom)
2019-11-13 18:48:15,769 [pool-57-thread-1] INFO  server.RaftServerConfigKeys (ConfUtils.java:logGet(43)) - raft.server.log.appender.buffer.byte-limit = 33554432 (custom)
2019-11-13 18:48:15,769 [pool-47-thread-1] INFO  server.RaftServerConfigKeys (ConfUtils.java:logGet(43)) - raft.server.log.segment.size.max = 1048576 (custom)
2019-11-13 18:48:15,769 [pool-97-thread-1] INFO  server.RaftServerConfigKeys (ConfUtils.java:logGet(43)) - raft.server.log.segment.size.max = 1048576 (custom)
2019-11-13 18:48:15,770 [pool-47-thread-1] INFO  server.RaftServerConfigKeys (ConfUtils.java:logGet(43)) - raft.server.log.preallocated.size = 16384 (custom)
2019-11-13 18:48:15,770 [pool-57-thread-1] INFO  server.RaftServerConfigKeys (ConfUtils.java:logGet(43)) - raft.server.log.segment.size.max = 1048576 (custom)
2019-11-13 18:48:15,770 [pool-47-thread-1] INFO  server.RaftServerConfigKeys (ConfUtils.java:logGet(43)) - raft.server.log.write.buffer.size = 33554432 (custom)
2019-11-13 18:48:15,770 [pool-97-thread-1] INFO  server.RaftServerConfigKeys (ConfUtils.java:logGet(43)) - raft.server.log.segment.cache.num.max = 2 (custom)
2019-11-13 18:48:15,770 [pool-47-thread-1] INFO  server.RaftServerConfigKeys (ConfUtils.java:logGet(43)) - raft.server.log.force.sync.num = 128 (default)
2019-11-13 18:48:15,770 [pool-57-thread-1] INFO  server.RaftServerConfigKeys (ConfUtils.java:logGet(43)) - raft.server.log.segment.cache.num.max = 2 (custom)
2019-11-13 18:48:15,770 [pool-47-thread-1] INFO  server.RaftServerConfigKeys (ConfUtils.java:logGet(43)) - raft.server.log.statemachine.data.sync = true (default)
2019-11-13 18:48:15,770 [pool-97-thread-1] INFO  segmented.SegmentedRaftLogWorker (SegmentedRaftLogWorker.java:<init>(173)) - new 9ee498fb-dbd1-4b89-b28c-40ca18800c49@group-CEC72933519B-SegmentedRaftLogWorker for RaftStorage:Storage Directory /workdir/hadoop-ozone/integration-test/target/test-dir/MiniOzoneClusterImpl-936e8649-2eb0-4b7a-921b-5d2cce332f9c/datanode-7/data/ratis/85b35a98-3d2c-45a1-a976-cec72933519b
2019-11-13 18:48:15,770 [pool-47-thread-1] INFO  server.RaftServerConfigKeys (ConfUtils.java:logGet(43)) - raft.server.log.statemachine.data.sync.timeout = 10s (default)
2019-11-13 18:48:15,770 [pool-57-thread-1] INFO  segmented.SegmentedRaftLogWorker (SegmentedRaftLogWorker.java:<init>(173)) - new 9582de44-b510-4bf6-b692-b66075a27588@group-CEC72933519B-SegmentedRaftLogWorker for RaftStorage:Storage Directory /workdir/hadoop-ozone/integration-test/target/test-dir/MiniOzoneClusterImpl-936e8649-2eb0-4b7a-921b-5d2cce332f9c/datanode-3/data/ratis/85b35a98-3d2c-45a1-a976-cec72933519b
2019-11-13 18:48:15,771 [pool-47-thread-1] INFO  server.RaftServerConfigKeys (ConfUtils.java:logGet(43)) - raft.server.log.statemachine.data.sync.timeout.retry = -1 (default)
2019-11-13 18:48:15,771 [pool-97-thread-1] INFO  server.RaftServerConfigKeys (ConfUtils.java:logGet(43)) - raft.server.log.queue.byte-limit = 2147483647 (custom)
2019-11-13 18:48:15,771 [pool-47-thread-1] INFO  server.RaftServerConfigKeys (ConfUtils.java:logGet(43)) - raft.server.log.statemachine.data.caching.enabled = true (custom)
2019-11-13 18:48:15,771 [pool-57-thread-1] INFO  server.RaftServerConfigKeys (ConfUtils.java:logGet(43)) - raft.server.log.queue.byte-limit = 2147483647 (custom)
2019-11-13 18:48:15,771 [pool-97-thread-1] INFO  server.RaftServerConfigKeys (ConfUtils.java:logGet(43)) - raft.server.log.queue.element-limit = 1024 (custom)
2019-11-13 18:48:15,771 [pool-47-thread-1] INFO  segmented.SegmentedRaftLogWorker (SegmentedRaftLogWorker.java:lambda$new$0(128)) - 19b56e57-c404-4271-b4fe-c6c2e842ae91@group-CEC72933519B-SegmentedRaftLogWorker: flushIndex: setUnconditionally 0 -> -1
2019-11-13 18:48:15,771 [pool-57-thread-1] INFO  server.RaftServerConfigKeys (ConfUtils.java:logGet(43)) - raft.server.log.queue.element-limit = 1024 (custom)
2019-11-13 18:48:15,771 [pool-97-thread-1] INFO  server.RaftServerConfigKeys (ConfUtils.java:logGet(43)) - raft.server.log.segment.size.max = 1048576 (custom)
2019-11-13 18:48:15,771 [pool-57-thread-1] INFO  server.RaftServerConfigKeys (ConfUtils.java:logGet(43)) - raft.server.log.segment.size.max = 1048576 (custom)
2019-11-13 18:48:15,771 [pool-47-thread-1] INFO  server.RaftServerConfigKeys (ConfUtils.java:logGet(43)) - raft.server.snapshot.auto.trigger.enabled = true (custom)
2019-11-13 18:48:15,772 [pool-57-thread-1] INFO  server.RaftServerConfigKeys (ConfUtils.java:logGet(43)) - raft.server.log.preallocated.size = 16384 (custom)
2019-11-13 18:48:15,772 [pool-97-thread-1] INFO  server.RaftServerConfigKeys (ConfUtils.java:logGet(43)) - raft.server.log.preallocated.size = 16384 (custom)
2019-11-13 18:48:15,772 [pool-57-thread-1] INFO  server.RaftServerConfigKeys (ConfUtils.java:logGet(43)) - raft.server.log.write.buffer.size = 33554432 (custom)
2019-11-13 18:48:15,772 [pool-47-thread-1] INFO  server.RaftServerConfigKeys (ConfUtils.java:logGet(43)) - raft.server.snapshot.auto.trigger.threshold = 10000 (custom)
2019-11-13 18:48:15,772 [pool-57-thread-1] INFO  server.RaftServerConfigKeys (ConfUtils.java:logGet(43)) - raft.server.log.force.sync.num = 128 (default)
2019-11-13 18:48:15,772 [pool-97-thread-1] INFO  server.RaftServerConfigKeys (ConfUtils.java:logGet(43)) - raft.server.log.write.buffer.size = 33554432 (custom)
2019-11-13 18:48:15,772 [pool-57-thread-1] INFO  server.RaftServerConfigKeys (ConfUtils.java:logGet(43)) - raft.server.log.statemachine.data.sync = true (default)
2019-11-13 18:48:15,772 [pool-47-thread-1] INFO  server.RaftServerConfigKeys (ConfUtils.java:logGet(43)) - raft.server.snapshot.retention.file.num = 5 (custom)
2019-11-13 18:48:15,772 [pool-57-thread-1] INFO  server.RaftServerConfigKeys (ConfUtils.java:logGet(43)) - raft.server.log.statemachine.data.sync.timeout = 10s (default)
2019-11-13 18:48:15,772 [pool-97-thread-1] INFO  server.RaftServerConfigKeys (ConfUtils.java:logGet(43)) - raft.server.log.force.sync.num = 128 (default)
2019-11-13 18:48:15,773 [pool-57-thread-1] INFO  server.RaftServerConfigKeys (ConfUtils.java:logGet(43)) - raft.server.log.statemachine.data.sync.timeout.retry = -1 (default)
2019-11-13 18:48:15,772 [pool-47-thread-1] INFO  server.RaftServerConfigKeys (ConfUtils.java:logGet(43)) - raft.server.retrycache.expirytime = 600000ms (custom)
2019-11-13 18:48:15,773 [pool-57-thread-1] INFO  server.RaftServerConfigKeys (ConfUtils.java:logGet(43)) - raft.server.log.statemachine.data.caching.enabled = true (custom)
2019-11-13 18:48:15,773 [pool-97-thread-1] INFO  server.RaftServerConfigKeys (ConfUtils.java:logGet(43)) - raft.server.log.statemachine.data.sync = true (default)
2019-11-13 18:48:15,773 [pool-47-thread-1] WARN  impl.MetricRegistriesImpl (MetricRegistriesImpl.java:lambda$create$1(61)) - First MetricRegistry has been created without registering reporters. You may need to call MetricRegistries.global().addReportRegistration(...) before.
2019-11-13 18:48:15,773 [pool-57-thread-1] INFO  segmented.SegmentedRaftLogWorker (SegmentedRaftLogWorker.java:lambda$new$0(128)) - 9582de44-b510-4bf6-b692-b66075a27588@group-CEC72933519B-SegmentedRaftLogWorker: flushIndex: setUnconditionally 0 -> -1
2019-11-13 18:48:15,773 [pool-97-thread-1] INFO  server.RaftServerConfigKeys (ConfUtils.java:logGet(43)) - raft.server.log.statemachine.data.sync.timeout = 10s (default)
2019-11-13 18:48:15,773 [pool-57-thread-1] INFO  server.RaftServerConfigKeys (ConfUtils.java:logGet(43)) - raft.server.snapshot.auto.trigger.enabled = true (custom)
2019-11-13 18:48:15,773 [pool-47-thread-1] WARN  impl.MetricRegistriesImpl (MetricRegistriesImpl.java:lambda$create$1(61)) - First MetricRegistry has been created without registering reporters. You may need to call MetricRegistries.global().addReportRegistration(...) before.
2019-11-13 18:48:15,773 [pool-57-thread-1] INFO  server.RaftServerConfigKeys (ConfUtils.java:logGet(43)) - raft.server.snapshot.auto.trigger.threshold = 10000 (custom)
2019-11-13 18:48:15,773 [pool-97-thread-1] INFO  server.RaftServerConfigKeys (ConfUtils.java:logGet(43)) - raft.server.log.statemachine.data.sync.timeout.retry = -1 (default)
2019-11-13 18:48:15,774 [pool-47-thread-1] INFO  impl.RaftServerImpl (RaftServerImpl.java:start(184)) - 19b56e57-c404-4271-b4fe-c6c2e842ae91@group-CEC72933519B: start as a follower, conf=-1: [9582de44-b510-4bf6-b692-b66075a27588:192.168.164.219:46083, 9ee498fb-dbd1-4b89-b28c-40ca18800c49:192.168.164.219:36915, 19b56e57-c404-4271-b4fe-c6c2e842ae91:192.168.164.219:41012], old=null
2019-11-13 18:48:15,774 [pool-97-thread-1] INFO  server.RaftServerConfigKeys (ConfUtils.java:logGet(43)) - raft.server.log.statemachine.data.caching.enabled = true (custom)
2019-11-13 18:48:15,774 [pool-57-thread-1] INFO  server.RaftServerConfigKeys (ConfUtils.java:logGet(43)) - raft.server.snapshot.retention.file.num = 5 (custom)
2019-11-13 18:48:15,774 [pool-47-thread-1] INFO  impl.RaftServerImpl (RaftServerImpl.java:setRole(173)) - 19b56e57-c404-4271-b4fe-c6c2e842ae91@group-CEC72933519B: changes role from      null to FOLLOWER at term 0 for startAsFollower
2019-11-13 18:48:15,774 [pool-57-thread-1] INFO  server.RaftServerConfigKeys (ConfUtils.java:logGet(43)) - raft.server.retrycache.expirytime = 600000ms (custom)
2019-11-13 18:48:15,774 [pool-47-thread-1] INFO  impl.RoleInfo (RoleInfo.java:updateAndGet(143)) - 19b56e57-c404-4271-b4fe-c6c2e842ae91: start FollowerState
2019-11-13 18:48:15,774 [pool-97-thread-1] INFO  segmented.SegmentedRaftLogWorker (SegmentedRaftLogWorker.java:lambda$new$0(128)) - 9ee498fb-dbd1-4b89-b28c-40ca18800c49@group-CEC72933519B-SegmentedRaftLogWorker: flushIndex: setUnconditionally 0 -> -1
2019-11-13 18:48:15,774 [pool-57-thread-1] WARN  impl.MetricRegistriesImpl (MetricRegistriesImpl.java:lambda$create$1(61)) - First MetricRegistry has been created without registering reporters. You may need to call MetricRegistries.global().addReportRegistration(...) before.
2019-11-13 18:48:15,774 [IPC Server handler 10 on 34075] INFO  volume.OMVolumeCreateRequest (OMVolumeCreateRequest.java:validateAndUpdateCache(193)) - created volume:datanodefailurehandlingtest for user:jenkins1000
2019-11-13 18:48:15,775 [pool-57-thread-1] WARN  impl.MetricRegistriesImpl (MetricRegistriesImpl.java:lambda$create$1(61)) - First MetricRegistry has been created without registering reporters. You may need to call MetricRegistries.global().addReportRegistration(...) before.
2019-11-13 18:48:15,775 [pool-97-thread-1] INFO  server.RaftServerConfigKeys (ConfUtils.java:logGet(43)) - raft.server.snapshot.auto.trigger.enabled = true (custom)
2019-11-13 18:48:15,775 [pool-47-thread-1] INFO  util.JmxRegister (JmxRegister.java:tryRegister(44)) - Successfully registered JMX Bean with object name Ratis:service=RaftServer,group=group-CEC72933519B,id=19b56e57-c404-4271-b4fe-c6c2e842ae91
2019-11-13 18:48:15,775 [pool-97-thread-1] INFO  server.RaftServerConfigKeys (ConfUtils.java:logGet(43)) - raft.server.snapshot.auto.trigger.threshold = 10000 (custom)
2019-11-13 18:48:15,775 [pool-57-thread-1] INFO  impl.RaftServerImpl (RaftServerImpl.java:start(184)) - 9582de44-b510-4bf6-b692-b66075a27588@group-CEC72933519B: start as a follower, conf=-1: [9582de44-b510-4bf6-b692-b66075a27588:192.168.164.219:46083, 9ee498fb-dbd1-4b89-b28c-40ca18800c49:192.168.164.219:36915, 19b56e57-c404-4271-b4fe-c6c2e842ae91:192.168.164.219:41012], old=null
2019-11-13 18:48:15,775 [pool-97-thread-1] INFO  server.RaftServerConfigKeys (ConfUtils.java:logGet(43)) - raft.server.snapshot.retention.file.num = 5 (custom)
2019-11-13 18:48:15,775 [pool-47-thread-1] WARN  impl.MetricRegistriesImpl (MetricRegistriesImpl.java:lambda$create$1(61)) - First MetricRegistry has been created without registering reporters. You may need to call MetricRegistries.global().addReportRegistration(...) before.
2019-11-13 18:48:15,775 [pool-57-thread-1] INFO  impl.RaftServerImpl (RaftServerImpl.java:setRole(173)) - 9582de44-b510-4bf6-b692-b66075a27588@group-CEC72933519B: changes role from      null to FOLLOWER at term 0 for startAsFollower
2019-11-13 18:48:15,776 [pool-97-thread-1] INFO  server.RaftServerConfigKeys (ConfUtils.java:logGet(43)) - raft.server.retrycache.expirytime = 600000ms (custom)
2019-11-13 18:48:15,776 [pool-57-thread-1] INFO  impl.RoleInfo (RoleInfo.java:updateAndGet(143)) - 9582de44-b510-4bf6-b692-b66075a27588: start FollowerState
2019-11-13 18:48:15,776 [pool-97-thread-1] WARN  impl.MetricRegistriesImpl (MetricRegistriesImpl.java:lambda$create$1(61)) - First MetricRegistry has been created without registering reporters. You may need to call MetricRegistries.global().addReportRegistration(...) before.
2019-11-13 18:48:15,776 [pool-97-thread-1] WARN  impl.MetricRegistriesImpl (MetricRegistriesImpl.java:lambda$create$1(61)) - First MetricRegistry has been created without registering reporters. You may need to call MetricRegistries.global().addReportRegistration(...) before.
2019-11-13 18:48:15,776 [pool-57-thread-1] INFO  util.JmxRegister (JmxRegister.java:tryRegister(44)) - Successfully registered JMX Bean with object name Ratis:service=RaftServer,group=group-CEC72933519B,id=9582de44-b510-4bf6-b692-b66075a27588
2019-11-13 18:48:15,776 [pool-97-thread-1] INFO  impl.RaftServerImpl (RaftServerImpl.java:start(184)) - 9ee498fb-dbd1-4b89-b28c-40ca18800c49@group-CEC72933519B: start as a follower, conf=-1: [9582de44-b510-4bf6-b692-b66075a27588:192.168.164.219:46083, 9ee498fb-dbd1-4b89-b28c-40ca18800c49:192.168.164.219:36915, 19b56e57-c404-4271-b4fe-c6c2e842ae91:192.168.164.219:41012], old=null
2019-11-13 18:48:15,776 [pool-57-thread-1] WARN  impl.MetricRegistriesImpl (MetricRegistriesImpl.java:lambda$create$1(61)) - First MetricRegistry has been created without registering reporters. You may need to call MetricRegistries.global().addReportRegistration(...) before.
2019-11-13 18:48:15,776 [pool-97-thread-1] INFO  impl.RaftServerImpl (RaftServerImpl.java:setRole(173)) - 9ee498fb-dbd1-4b89-b28c-40ca18800c49@group-CEC72933519B: changes role from      null to FOLLOWER at term 0 for startAsFollower
2019-11-13 18:48:15,777 [pool-97-thread-1] INFO  impl.RoleInfo (RoleInfo.java:updateAndGet(143)) - 9ee498fb-dbd1-4b89-b28c-40ca18800c49: start FollowerState
2019-11-13 18:48:15,777 [pool-97-thread-1] INFO  util.JmxRegister (JmxRegister.java:tryRegister(44)) - Successfully registered JMX Bean with object name Ratis:service=RaftServer,group=group-CEC72933519B,id=9ee498fb-dbd1-4b89-b28c-40ca18800c49
2019-11-13 18:48:15,777 [pool-97-thread-1] WARN  impl.MetricRegistriesImpl (MetricRegistriesImpl.java:lambda$create$1(61)) - First MetricRegistry has been created without registering reporters. You may need to call MetricRegistries.global().addReportRegistration(...) before.
2019-11-13 18:48:15,785 [RatisPipelineUtilsThread] INFO  pipeline.PipelineStateManager (PipelineStateManager.java:addPipeline(55)) - Created pipeline Pipeline[ Id: 85b35a98-3d2c-45a1-a976-cec72933519b, Nodes: 19b56e57-c404-4271-b4fe-c6c2e842ae91{ip: 192.168.164.219, host: pr-hdds-1940-7lghg-363871468, networkLocation: /default-rack, certSerialId: null}9582de44-b510-4bf6-b692-b66075a27588{ip: 192.168.164.219, host: pr-hdds-1940-7lghg-363871468, networkLocation: /default-rack, certSerialId: null}9ee498fb-dbd1-4b89-b28c-40ca18800c49{ip: 192.168.164.219, host: pr-hdds-1940-7lghg-363871468, networkLocation: /default-rack, certSerialId: null}, Type:RATIS, Factor:THREE, State:ALLOCATED]
2019-11-13 18:48:15,786 [Thread-283] INFO  pipeline.PipelineStateManager (PipelineStateManager.java:finalizePipeline(121)) - Pipeline Pipeline[ Id: 900ff320-dc34-4ca3-a1e1-0fd4a23451d6, Nodes: 8a346eb0-433c-4f64-9a22-d40a83dee003{ip: 192.168.164.219, host: pr-hdds-1940-7lghg-363871468, networkLocation: /default-rack, certSerialId: null}, Type:RATIS, Factor:ONE, State:CLOSED] moved to CLOSED state
2019-11-13 18:48:15,791 [grpc-default-executor-2] INFO  impl.RaftServerProxy (RaftServerProxy.java:remove(95)) - 8a346eb0-433c-4f64-9a22-d40a83dee003: remove    LEADER 8a346eb0-433c-4f64-9a22-d40a83dee003@group-0FD4A23451D6:t1, leader=8a346eb0-433c-4f64-9a22-d40a83dee003, voted=8a346eb0-433c-4f64-9a22-d40a83dee003, raftlog=8a346eb0-433c-4f64-9a22-d40a83dee003@group-0FD4A23451D6-SegmentedRaftLog:OPENED:c0,f0,i0, conf=0: [8a346eb0-433c-4f64-9a22-d40a83dee003:192.168.164.219:45850], old=null RUNNING
2019-11-13 18:48:15,793 [grpc-default-executor-2] INFO  impl.RaftServerImpl (RaftServerImpl.java:lambda$shutdown$3(250)) - 8a346eb0-433c-4f64-9a22-d40a83dee003@group-0FD4A23451D6: shutdown
2019-11-13 18:48:15,793 [grpc-default-executor-2] INFO  util.JmxRegister (JmxRegister.java:unregister(73)) - Successfully un-registered JMX Bean with object name Ratis:service=RaftServer,group=group-0FD4A23451D6,id=8a346eb0-433c-4f64-9a22-d40a83dee003
2019-11-13 18:48:15,793 [grpc-default-executor-2] INFO  impl.RoleInfo (RoleInfo.java:shutdownLeaderState(104)) - 8a346eb0-433c-4f64-9a22-d40a83dee003: shutdown LeaderState
2019-11-13 18:48:15,793 [grpc-default-executor-2] INFO  impl.PendingRequests (PendingRequests.java:sendNotLeaderResponses(206)) - 8a346eb0-433c-4f64-9a22-d40a83dee003@group-0FD4A23451D6-PendingRequests: sendNotLeaderResponses
2019-11-13 18:48:15,793 [grpc-default-executor-2] INFO  impl.StateMachineUpdater (StateMachineUpdater.java:stopAndJoin(136)) - 8a346eb0-433c-4f64-9a22-d40a83dee003@group-0FD4A23451D6-StateMachineUpdater: set stopIndex = 0
2019-11-13 18:48:15,793 [grpc-default-executor-2] INFO  impl.RaftServerImpl (ServerState.java:close(387)) - 8a346eb0-433c-4f64-9a22-d40a83dee003@group-0FD4A23451D6: closes. applyIndex: 0
2019-11-13 18:48:15,794 [8a346eb0-433c-4f64-9a22-d40a83dee003@group-0FD4A23451D6-SegmentedRaftLogWorker] INFO  segmented.SegmentedRaftLogWorker (SegmentedRaftLogWorker.java:run(316)) - 8a346eb0-433c-4f64-9a22-d40a83dee003@group-0FD4A23451D6-SegmentedRaftLogWorker was interrupted, exiting. There are 0 tasks remaining in the queue.
2019-11-13 18:48:15,797 [grpc-default-executor-2] INFO  segmented.SegmentedRaftLogWorker (SegmentedRaftLogWorker.java:close(224)) - 8a346eb0-433c-4f64-9a22-d40a83dee003@group-0FD4A23451D6-SegmentedRaftLogWorker close()
2019-11-13 18:48:15,817 [Thread-283] INFO  pipeline.PipelineStateManager (PipelineStateManager.java:removePipeline(106)) - Pipeline Pipeline[ Id: 900ff320-dc34-4ca3-a1e1-0fd4a23451d6, Nodes: 8a346eb0-433c-4f64-9a22-d40a83dee003{ip: 192.168.164.219, host: pr-hdds-1940-7lghg-363871468, networkLocation: /default-rack, certSerialId: null}, Type:RATIS, Factor:ONE, State:CLOSED] removed from db
2019-11-13 18:48:15,817 [Thread-283] INFO  pipeline.SCMPipelineManager (SCMPipelineManager.java:finalizeAndDestroyPipeline(315)) - destroying pipeline:Pipeline[ Id: 6d6fc1a7-d58f-4122-8915-60d11f530da7, Nodes: 302e21ca-1d4a-4b22-bc74-f644a63fc179{ip: 192.168.164.219, host: pr-hdds-1940-7lghg-363871468, networkLocation: /default-rack, certSerialId: null}, Type:RATIS, Factor:ONE, State:OPEN]
2019-11-13 18:48:15,821 [grpc-default-executor-2] INFO  impl.RaftServerProxy (RaftServerProxy.java:addNew(89)) - 8a346eb0-433c-4f64-9a22-d40a83dee003: addNew group-DA415AAB7153:[8a346eb0-433c-4f64-9a22-d40a83dee003:192.168.164.219:45850] returns group-DA415AAB7153:java.util.concurrent.CompletableFuture@7decbf62[Not completed]
2019-11-13 18:48:15,822 [pool-27-thread-1] INFO  impl.RaftServerImpl (RaftServerImpl.java:<init>(98)) - 8a346eb0-433c-4f64-9a22-d40a83dee003: new RaftServerImpl for group-DA415AAB7153:[8a346eb0-433c-4f64-9a22-d40a83dee003:192.168.164.219:45850] with ContainerStateMachine:uninitialized
2019-11-13 18:48:15,822 [pool-27-thread-1] INFO  server.RaftServerConfigKeys (ConfUtils.java:logGet(43)) - raft.server.rpc.timeout.min = 1s (custom)
2019-11-13 18:48:15,822 [pool-27-thread-1] INFO  server.RaftServerConfigKeys (ConfUtils.java:logGet(43)) - raft.server.rpc.timeout.max = 1200ms (custom)
2019-11-13 18:48:15,822 [pool-27-thread-1] INFO  server.RaftServerConfigKeys (ConfUtils.java:logGet(43)) - raft.server.rpcslowness.timeout = 120s (custom)
2019-11-13 18:48:15,822 [pool-27-thread-1] INFO  server.RaftServerConfigKeys (ConfUtils.java:logGet(43)) - raft.server.sleep.deviation.threshold = 300 (default)
2019-11-13 18:48:15,822 [pool-27-thread-1] INFO  server.RaftServerConfigKeys (ConfUtils.java:logGet(43)) - raft.server.log.appender.install.snapshot.enabled = false (custom)
2019-11-13 18:48:15,822 [main] INFO  rpc.RpcClient (RpcClient.java:createBucket(431)) - Creating Bucket: datanodefailurehandlingtest/datanodefailurehandlingtest, with Versioning false and Storage Type set to DISK and Encryption set to false 
2019-11-13 18:48:15,822 [pool-27-thread-1] INFO  impl.RaftServerImpl (ServerState.java:<init>(103)) - 8a346eb0-433c-4f64-9a22-d40a83dee003@group-DA415AAB7153: ConfigurationManager, init=-1: [8a346eb0-433c-4f64-9a22-d40a83dee003:192.168.164.219:45850], old=null, confs=<EMPTY_MAP>
2019-11-13 18:48:15,823 [pool-27-thread-1] INFO  server.RaftServerConfigKeys (ConfUtils.java:logGet(43)) - raft.server.storage.dir = [/workdir/hadoop-ozone/integration-test/target/test-dir/MiniOzoneClusterImpl-936e8649-2eb0-4b7a-921b-5d2cce332f9c/datanode-0/data/ratis] (custom)
2019-11-13 18:48:15,823 [pool-27-thread-1] INFO  server.RaftServerConfigKeys (ConfUtils.java:logGet(43)) - raft.server.log.corruption.policy = EXCEPTION (default)
2019-11-13 18:48:15,823 [pool-27-thread-1] INFO  storage.RaftStorageDirectory (RaftStorageDirectory.java:analyzeStorage(246)) - The storage directory /workdir/hadoop-ozone/integration-test/target/test-dir/MiniOzoneClusterImpl-936e8649-2eb0-4b7a-921b-5d2cce332f9c/datanode-0/data/ratis/6616e034-f1d4-4282-932a-da415aab7153 does not exist. Creating ...
2019-11-13 18:48:15,836 [pool-27-thread-1] INFO  storage.RaftStorageDirectory (RaftStorageDirectory.java:tryLock(328)) - Lock on /workdir/hadoop-ozone/integration-test/target/test-dir/MiniOzoneClusterImpl-936e8649-2eb0-4b7a-921b-5d2cce332f9c/datanode-0/data/ratis/6616e034-f1d4-4282-932a-da415aab7153/in_use.lock acquired by nodename 19542@pr-hdds-1940-7lghg-363871468
2019-11-13 18:48:15,849 [pool-27-thread-1] INFO  storage.RaftStorage (RaftStorage.java:format(84)) - Storage directory /workdir/hadoop-ozone/integration-test/target/test-dir/MiniOzoneClusterImpl-936e8649-2eb0-4b7a-921b-5d2cce332f9c/datanode-0/data/ratis/6616e034-f1d4-4282-932a-da415aab7153 has been successfully formatted.
2019-11-13 18:48:15,850 [pool-27-thread-1] INFO  ratis.ContainerStateMachine (ContainerStateMachine.java:loadSnapshot(223)) - group-DA415AAB7153: The snapshot info is null. Setting the last applied indexto:(t:0, i:~)
2019-11-13 18:48:15,850 [pool-27-thread-1] INFO  server.RaftServerConfigKeys (ConfUtils.java:logGet(43)) - raft.server.notification.no-leader.timeout = 120s (custom)
2019-11-13 18:48:15,850 [pool-27-thread-1] INFO  server.RaftServerConfigKeys (ConfUtils.java:logGet(43)) - raft.server.log.use.memory = false (default)
2019-11-13 18:48:15,850 [pool-27-thread-1] INFO  server.RaftServerConfigKeys (ConfUtils.java:logGet(43)) - raft.server.log.purge.gap = 1000000 (custom)
2019-11-13 18:48:15,850 [pool-27-thread-1] INFO  server.RaftServerConfigKeys (ConfUtils.java:logGet(43)) - raft.server.log.appender.buffer.byte-limit = 33554432 (custom)
2019-11-13 18:48:15,850 [pool-27-thread-1] INFO  server.RaftServerConfigKeys (ConfUtils.java:logGet(43)) - raft.server.log.segment.size.max = 1048576 (custom)
2019-11-13 18:48:15,851 [pool-27-thread-1] INFO  server.RaftServerConfigKeys (ConfUtils.java:logGet(43)) - raft.server.log.segment.cache.num.max = 2 (custom)
2019-11-13 18:48:15,851 [pool-27-thread-1] INFO  segmented.SegmentedRaftLogWorker (SegmentedRaftLogWorker.java:<init>(173)) - new 8a346eb0-433c-4f64-9a22-d40a83dee003@group-DA415AAB7153-SegmentedRaftLogWorker for RaftStorage:Storage Directory /workdir/hadoop-ozone/integration-test/target/test-dir/MiniOzoneClusterImpl-936e8649-2eb0-4b7a-921b-5d2cce332f9c/datanode-0/data/ratis/6616e034-f1d4-4282-932a-da415aab7153
2019-11-13 18:48:15,851 [pool-27-thread-1] INFO  server.RaftServerConfigKeys (ConfUtils.java:logGet(43)) - raft.server.log.queue.byte-limit = 2147483647 (custom)
2019-11-13 18:48:15,851 [pool-27-thread-1] INFO  server.RaftServerConfigKeys (ConfUtils.java:logGet(43)) - raft.server.log.queue.element-limit = 1024 (custom)
2019-11-13 18:48:15,851 [pool-27-thread-1] INFO  server.RaftServerConfigKeys (ConfUtils.java:logGet(43)) - raft.server.log.segment.size.max = 1048576 (custom)
2019-11-13 18:48:15,851 [pool-27-thread-1] INFO  server.RaftServerConfigKeys (ConfUtils.java:logGet(43)) - raft.server.log.preallocated.size = 16384 (custom)
2019-11-13 18:48:15,851 [pool-27-thread-1] INFO  server.RaftServerConfigKeys (ConfUtils.java:logGet(43)) - raft.server.log.write.buffer.size = 33554432 (custom)
2019-11-13 18:48:15,851 [pool-27-thread-1] INFO  server.RaftServerConfigKeys (ConfUtils.java:logGet(43)) - raft.server.log.force.sync.num = 128 (default)
2019-11-13 18:48:15,852 [pool-27-thread-1] INFO  server.RaftServerConfigKeys (ConfUtils.java:logGet(43)) - raft.server.log.statemachine.data.sync = true (default)
2019-11-13 18:48:15,852 [pool-27-thread-1] INFO  server.RaftServerConfigKeys (ConfUtils.java:logGet(43)) - raft.server.log.statemachine.data.sync.timeout = 10s (default)
2019-11-13 18:48:15,852 [pool-27-thread-1] INFO  server.RaftServerConfigKeys (ConfUtils.java:logGet(43)) - raft.server.log.statemachine.data.sync.timeout.retry = -1 (default)
2019-11-13 18:48:15,852 [pool-27-thread-1] INFO  server.RaftServerConfigKeys (ConfUtils.java:logGet(43)) - raft.server.log.statemachine.data.caching.enabled = true (custom)
2019-11-13 18:48:15,853 [pool-27-thread-1] INFO  segmented.SegmentedRaftLogWorker (SegmentedRaftLogWorker.java:lambda$new$0(128)) - 8a346eb0-433c-4f64-9a22-d40a83dee003@group-DA415AAB7153-SegmentedRaftLogWorker: flushIndex: setUnconditionally 0 -> -1
2019-11-13 18:48:15,853 [pool-27-thread-1] INFO  server.RaftServerConfigKeys (ConfUtils.java:logGet(43)) - raft.server.snapshot.auto.trigger.enabled = true (custom)
2019-11-13 18:48:15,853 [pool-27-thread-1] INFO  server.RaftServerConfigKeys (ConfUtils.java:logGet(43)) - raft.server.snapshot.auto.trigger.threshold = 10000 (custom)
2019-11-13 18:48:15,854 [pool-27-thread-1] INFO  server.RaftServerConfigKeys (ConfUtils.java:logGet(43)) - raft.server.snapshot.retention.file.num = 5 (custom)
2019-11-13 18:48:15,854 [pool-27-thread-1] INFO  server.RaftServerConfigKeys (ConfUtils.java:logGet(43)) - raft.server.retrycache.expirytime = 600000ms (custom)
2019-11-13 18:48:15,854 [pool-27-thread-1] WARN  impl.MetricRegistriesImpl (MetricRegistriesImpl.java:lambda$create$1(61)) - First MetricRegistry has been created without registering reporters. You may need to call MetricRegistries.global().addReportRegistration(...) before.
2019-11-13 18:48:15,854 [pool-27-thread-1] WARN  impl.MetricRegistriesImpl (MetricRegistriesImpl.java:lambda$create$1(61)) - First MetricRegistry has been created without registering reporters. You may need to call MetricRegistries.global().addReportRegistration(...) before.
2019-11-13 18:48:15,854 [pool-27-thread-1] INFO  impl.RaftServerImpl (RaftServerImpl.java:start(184)) - 8a346eb0-433c-4f64-9a22-d40a83dee003@group-DA415AAB7153: start as a follower, conf=-1: [8a346eb0-433c-4f64-9a22-d40a83dee003:192.168.164.219:45850], old=null
2019-11-13 18:48:15,855 [pool-27-thread-1] INFO  impl.RaftServerImpl (RaftServerImpl.java:setRole(173)) - 8a346eb0-433c-4f64-9a22-d40a83dee003@group-DA415AAB7153: changes role from      null to FOLLOWER at term 0 for startAsFollower
2019-11-13 18:48:15,855 [pool-27-thread-1] INFO  impl.RoleInfo (RoleInfo.java:updateAndGet(143)) - 8a346eb0-433c-4f64-9a22-d40a83dee003: start FollowerState
2019-11-13 18:48:15,855 [pool-27-thread-1] INFO  util.JmxRegister (JmxRegister.java:tryRegister(44)) - Successfully registered JMX Bean with object name Ratis:service=RaftServer,group=group-DA415AAB7153,id=8a346eb0-433c-4f64-9a22-d40a83dee003
2019-11-13 18:48:15,855 [pool-27-thread-1] WARN  impl.MetricRegistriesImpl (MetricRegistriesImpl.java:lambda$create$1(61)) - First MetricRegistry has been created without registering reporters. You may need to call MetricRegistries.global().addReportRegistration(...) before.
2019-11-13 18:48:15,867 [RatisPipelineUtilsThread] INFO  pipeline.PipelineStateManager (PipelineStateManager.java:addPipeline(55)) - Created pipeline Pipeline[ Id: 6616e034-f1d4-4282-932a-da415aab7153, Nodes: 8a346eb0-433c-4f64-9a22-d40a83dee003{ip: 192.168.164.219, host: pr-hdds-1940-7lghg-363871468, networkLocation: /default-rack, certSerialId: null}, Type:RATIS, Factor:ONE, State:ALLOCATED]
2019-11-13 18:48:15,871 [Thread-283] INFO  pipeline.PipelineStateManager (PipelineStateManager.java:finalizePipeline(121)) - Pipeline Pipeline[ Id: 6d6fc1a7-d58f-4122-8915-60d11f530da7, Nodes: 302e21ca-1d4a-4b22-bc74-f644a63fc179{ip: 192.168.164.219, host: pr-hdds-1940-7lghg-363871468, networkLocation: /default-rack, certSerialId: null}, Type:RATIS, Factor:ONE, State:CLOSED] moved to CLOSED state
2019-11-13 18:48:15,875 [grpc-default-executor-2] INFO  impl.RaftServerProxy (RaftServerProxy.java:remove(95)) - 302e21ca-1d4a-4b22-bc74-f644a63fc179: remove    LEADER 302e21ca-1d4a-4b22-bc74-f644a63fc179@group-60D11F530DA7:t1, leader=302e21ca-1d4a-4b22-bc74-f644a63fc179, voted=302e21ca-1d4a-4b22-bc74-f644a63fc179, raftlog=302e21ca-1d4a-4b22-bc74-f644a63fc179@group-60D11F530DA7-SegmentedRaftLog:OPENED:c0,f0,i0, conf=0: [302e21ca-1d4a-4b22-bc74-f644a63fc179:192.168.164.219:35354], old=null RUNNING
2019-11-13 18:48:15,875 [grpc-default-executor-2] INFO  impl.RaftServerImpl (RaftServerImpl.java:lambda$shutdown$3(250)) - 302e21ca-1d4a-4b22-bc74-f644a63fc179@group-60D11F530DA7: shutdown
2019-11-13 18:48:15,875 [grpc-default-executor-2] INFO  util.JmxRegister (JmxRegister.java:unregister(73)) - Successfully un-registered JMX Bean with object name Ratis:service=RaftServer,group=group-60D11F530DA7,id=302e21ca-1d4a-4b22-bc74-f644a63fc179
2019-11-13 18:48:15,875 [grpc-default-executor-2] INFO  impl.RoleInfo (RoleInfo.java:shutdownLeaderState(104)) - 302e21ca-1d4a-4b22-bc74-f644a63fc179: shutdown LeaderState
2019-11-13 18:48:15,876 [grpc-default-executor-2] INFO  impl.PendingRequests (PendingRequests.java:sendNotLeaderResponses(206)) - 302e21ca-1d4a-4b22-bc74-f644a63fc179@group-60D11F530DA7-PendingRequests: sendNotLeaderResponses
2019-11-13 18:48:15,876 [grpc-default-executor-2] INFO  impl.StateMachineUpdater (StateMachineUpdater.java:stopAndJoin(136)) - 302e21ca-1d4a-4b22-bc74-f644a63fc179@group-60D11F530DA7-StateMachineUpdater: set stopIndex = 0
2019-11-13 18:48:15,876 [grpc-default-executor-2] INFO  impl.RaftServerImpl (ServerState.java:close(387)) - 302e21ca-1d4a-4b22-bc74-f644a63fc179@group-60D11F530DA7: closes. applyIndex: 0
2019-11-13 18:48:15,876 [302e21ca-1d4a-4b22-bc74-f644a63fc179@group-60D11F530DA7-SegmentedRaftLogWorker] INFO  segmented.SegmentedRaftLogWorker (SegmentedRaftLogWorker.java:run(316)) - 302e21ca-1d4a-4b22-bc74-f644a63fc179@group-60D11F530DA7-SegmentedRaftLogWorker was interrupted, exiting. There are 0 tasks remaining in the queue.
2019-11-13 18:48:15,879 [grpc-default-executor-2] INFO  segmented.SegmentedRaftLogWorker (SegmentedRaftLogWorker.java:close(224)) - 302e21ca-1d4a-4b22-bc74-f644a63fc179@group-60D11F530DA7-SegmentedRaftLogWorker close()
2019-11-13 18:48:15,881 [Thread-404] INFO  impl.FollowerState (FollowerState.java:run(111)) - dc8ab455-7be4-4b62-9320-5f4e855ec266@group-F7E34B7E9FB6-FollowerState: change to CANDIDATE, lastRpcTime:1039ms, electionTimeout:1039ms
2019-11-13 18:48:15,881 [Thread-404] INFO  impl.RoleInfo (RoleInfo.java:shutdownFollowerState(121)) - dc8ab455-7be4-4b62-9320-5f4e855ec266: shutdown FollowerState
2019-11-13 18:48:15,881 [Thread-404] INFO  impl.RaftServerImpl (RaftServerImpl.java:setRole(173)) - dc8ab455-7be4-4b62-9320-5f4e855ec266@group-F7E34B7E9FB6: changes role from  FOLLOWER to CANDIDATE at term 0 for changeToCandidate
2019-11-13 18:48:15,882 [Thread-404] INFO  impl.RoleInfo (RoleInfo.java:updateAndGet(143)) - dc8ab455-7be4-4b62-9320-5f4e855ec266: start LeaderElection
2019-11-13 18:48:15,894 [Thread-283] INFO  pipeline.PipelineStateManager (PipelineStateManager.java:removePipeline(106)) - Pipeline Pipeline[ Id: 6d6fc1a7-d58f-4122-8915-60d11f530da7, Nodes: 302e21ca-1d4a-4b22-bc74-f644a63fc179{ip: 192.168.164.219, host: pr-hdds-1940-7lghg-363871468, networkLocation: /default-rack, certSerialId: null}, Type:RATIS, Factor:ONE, State:CLOSED] removed from db
2019-11-13 18:48:15,895 [Thread-283] INFO  pipeline.SCMPipelineManager (SCMPipelineManager.java:finalizeAndDestroyPipeline(315)) - destroying pipeline:Pipeline[ Id: 3143c332-b6ae-485f-8e1e-159d0bf0a924, Nodes: 19b56e57-c404-4271-b4fe-c6c2e842ae91{ip: 192.168.164.219, host: pr-hdds-1940-7lghg-363871468, networkLocation: /default-rack, certSerialId: null}, Type:RATIS, Factor:ONE, State:OPEN]
2019-11-13 18:48:15,899 [grpc-default-executor-2] INFO  impl.RaftServerProxy (RaftServerProxy.java:addNew(89)) - 302e21ca-1d4a-4b22-bc74-f644a63fc179: addNew group-F4445F88E60B:[302e21ca-1d4a-4b22-bc74-f644a63fc179:192.168.164.219:35354] returns group-F4445F88E60B:java.util.concurrent.CompletableFuture@531a8450[Not completed]
2019-11-13 18:48:15,900 [pool-87-thread-1] INFO  impl.RaftServerImpl (RaftServerImpl.java:<init>(98)) - 302e21ca-1d4a-4b22-bc74-f644a63fc179: new RaftServerImpl for group-F4445F88E60B:[302e21ca-1d4a-4b22-bc74-f644a63fc179:192.168.164.219:35354] with ContainerStateMachine:uninitialized
2019-11-13 18:48:15,901 [pool-87-thread-1] INFO  server.RaftServerConfigKeys (ConfUtils.java:logGet(43)) - raft.server.rpc.timeout.min = 1s (custom)
2019-11-13 18:48:15,901 [pool-87-thread-1] INFO  server.RaftServerConfigKeys (ConfUtils.java:logGet(43)) - raft.server.rpc.timeout.max = 1200ms (custom)
2019-11-13 18:48:15,901 [pool-87-thread-1] INFO  server.RaftServerConfigKeys (ConfUtils.java:logGet(43)) - raft.server.rpcslowness.timeout = 120s (custom)
2019-11-13 18:48:15,901 [pool-87-thread-1] INFO  server.RaftServerConfigKeys (ConfUtils.java:logGet(43)) - raft.server.sleep.deviation.threshold = 300 (default)
2019-11-13 18:48:15,901 [pool-87-thread-1] INFO  server.RaftServerConfigKeys (ConfUtils.java:logGet(43)) - raft.server.log.appender.install.snapshot.enabled = false (custom)
2019-11-13 18:48:15,901 [pool-87-thread-1] INFO  impl.RaftServerImpl (ServerState.java:<init>(103)) - 302e21ca-1d4a-4b22-bc74-f644a63fc179@group-F4445F88E60B: ConfigurationManager, init=-1: [302e21ca-1d4a-4b22-bc74-f644a63fc179:192.168.164.219:35354], old=null, confs=<EMPTY_MAP>
2019-11-13 18:48:15,901 [pool-87-thread-1] INFO  server.RaftServerConfigKeys (ConfUtils.java:logGet(43)) - raft.server.storage.dir = [/workdir/hadoop-ozone/integration-test/target/test-dir/MiniOzoneClusterImpl-936e8649-2eb0-4b7a-921b-5d2cce332f9c/datanode-6/data/ratis] (custom)
2019-11-13 18:48:15,901 [pool-87-thread-1] INFO  server.RaftServerConfigKeys (ConfUtils.java:logGet(43)) - raft.server.log.corruption.policy = EXCEPTION (default)
2019-11-13 18:48:15,901 [pool-87-thread-1] INFO  storage.RaftStorageDirectory (RaftStorageDirectory.java:analyzeStorage(246)) - The storage directory /workdir/hadoop-ozone/integration-test/target/test-dir/MiniOzoneClusterImpl-936e8649-2eb0-4b7a-921b-5d2cce332f9c/datanode-6/data/ratis/476e6546-f4fe-42ab-80d8-f4445f88e60b does not exist. Creating ...
2019-11-13 18:48:15,906 [pool-87-thread-1] INFO  storage.RaftStorageDirectory (RaftStorageDirectory.java:tryLock(328)) - Lock on /workdir/hadoop-ozone/integration-test/target/test-dir/MiniOzoneClusterImpl-936e8649-2eb0-4b7a-921b-5d2cce332f9c/datanode-6/data/ratis/476e6546-f4fe-42ab-80d8-f4445f88e60b/in_use.lock acquired by nodename 19542@pr-hdds-1940-7lghg-363871468
2019-11-13 18:48:15,906 [dc8ab455-7be4-4b62-9320-5f4e855ec266@group-F7E34B7E9FB6-LeaderElection15] INFO  impl.LeaderElection (LeaderElection.java:askForVotes(178)) - dc8ab455-7be4-4b62-9320-5f4e855ec266@group-F7E34B7E9FB6-LeaderElection15: begin an election at term 1 for -1: [dc8ab455-7be4-4b62-9320-5f4e855ec266:192.168.164.219:46852], old=null
2019-11-13 18:48:15,906 [dc8ab455-7be4-4b62-9320-5f4e855ec266@group-F7E34B7E9FB6-LeaderElection15] INFO  impl.RoleInfo (RoleInfo.java:shutdownLeaderElection(134)) - dc8ab455-7be4-4b62-9320-5f4e855ec266: shutdown LeaderElection
2019-11-13 18:48:15,906 [dc8ab455-7be4-4b62-9320-5f4e855ec266@group-F7E34B7E9FB6-LeaderElection15] INFO  impl.RaftServerImpl (RaftServerImpl.java:setRole(173)) - dc8ab455-7be4-4b62-9320-5f4e855ec266@group-F7E34B7E9FB6: changes role from CANDIDATE to LEADER at term 1 for changeToLeader
2019-11-13 18:48:15,906 [dc8ab455-7be4-4b62-9320-5f4e855ec266@group-F7E34B7E9FB6-LeaderElection15] INFO  ratis.XceiverServerRatis (XceiverServerRatis.java:handleLeaderChangedNotification(697)) - Leader change notification received for group: group-F7E34B7E9FB6 with new leaderId: dc8ab455-7be4-4b62-9320-5f4e855ec266
2019-11-13 18:48:15,906 [dc8ab455-7be4-4b62-9320-5f4e855ec266@group-F7E34B7E9FB6-LeaderElection15] INFO  impl.RaftServerImpl (ServerState.java:setLeader(255)) - dc8ab455-7be4-4b62-9320-5f4e855ec266@group-F7E34B7E9FB6: change Leader from null to dc8ab455-7be4-4b62-9320-5f4e855ec266 at term 1 for becomeLeader, leader elected after 1068ms
2019-11-13 18:48:15,907 [dc8ab455-7be4-4b62-9320-5f4e855ec266@group-F7E34B7E9FB6-LeaderElection15] INFO  server.RaftServerConfigKeys (ConfUtils.java:logGet(43)) - raft.server.staging.catchup.gap = 1000 (default)
2019-11-13 18:48:15,907 [dc8ab455-7be4-4b62-9320-5f4e855ec266@group-F7E34B7E9FB6-LeaderElection15] INFO  server.RaftServerConfigKeys (ConfUtils.java:logGet(43)) - raft.server.rpc.sleep.time = 25ms (default)
2019-11-13 18:48:15,907 [dc8ab455-7be4-4b62-9320-5f4e855ec266@group-F7E34B7E9FB6-LeaderElection15] INFO  server.RaftServerConfigKeys (ConfUtils.java:logGet(43)) - raft.server.write.element-limit = 4096 (default)
2019-11-13 18:48:15,907 [dc8ab455-7be4-4b62-9320-5f4e855ec266@group-F7E34B7E9FB6-LeaderElection15] INFO  server.RaftServerConfigKeys (ConfUtils.java:logGet(43)) - raft.server.watch.timeout = 10s (default)
2019-11-13 18:48:15,907 [dc8ab455-7be4-4b62-9320-5f4e855ec266@group-F7E34B7E9FB6-LeaderElection15] INFO  server.RaftServerConfigKeys (ConfUtils.java:logGet(43)) - raft.server.watch.timeout.denomination = 1s (default)
2019-11-13 18:48:15,907 [dc8ab455-7be4-4b62-9320-5f4e855ec266@group-F7E34B7E9FB6-LeaderElection15] INFO  server.RaftServerConfigKeys (ConfUtils.java:logGet(43)) - raft.server.watch.element-limit = 65536 (default)
2019-11-13 18:48:15,907 [dc8ab455-7be4-4b62-9320-5f4e855ec266@group-F7E34B7E9FB6-LeaderElection15] INFO  impl.RoleInfo (RoleInfo.java:updateAndGet(143)) - dc8ab455-7be4-4b62-9320-5f4e855ec266: start LeaderState
2019-11-13 18:48:15,907 [dc8ab455-7be4-4b62-9320-5f4e855ec266@group-F7E34B7E9FB6-LeaderElection15] INFO  segmented.SegmentedRaftLogWorker (SegmentedRaftLogWorker.java:startLogSegment(385)) - dc8ab455-7be4-4b62-9320-5f4e855ec266@group-F7E34B7E9FB6-SegmentedRaftLogWorker: Starting segment from index:0
2019-11-13 18:48:15,908 [dc8ab455-7be4-4b62-9320-5f4e855ec266@group-F7E34B7E9FB6-LeaderElection15] INFO  impl.RaftServerImpl (ServerState.java:setRaftConf(356)) - dc8ab455-7be4-4b62-9320-5f4e855ec266@group-F7E34B7E9FB6: set configuration 0: [dc8ab455-7be4-4b62-9320-5f4e855ec266:192.168.164.219:46852], old=null at 0
2019-11-13 18:48:15,943 [pool-87-thread-1] INFO  storage.RaftStorage (RaftStorage.java:format(84)) - Storage directory /workdir/hadoop-ozone/integration-test/target/test-dir/MiniOzoneClusterImpl-936e8649-2eb0-4b7a-921b-5d2cce332f9c/datanode-6/data/ratis/476e6546-f4fe-42ab-80d8-f4445f88e60b has been successfully formatted.
2019-11-13 18:48:15,946 [pool-87-thread-1] INFO  ratis.ContainerStateMachine (ContainerStateMachine.java:loadSnapshot(223)) - group-F4445F88E60B: The snapshot info is null. Setting the last applied indexto:(t:0, i:~)
2019-11-13 18:48:15,946 [pool-87-thread-1] INFO  server.RaftServerConfigKeys (ConfUtils.java:logGet(43)) - raft.server.notification.no-leader.timeout = 120s (custom)
2019-11-13 18:48:15,947 [pool-87-thread-1] INFO  server.RaftServerConfigKeys (ConfUtils.java:logGet(43)) - raft.server.log.use.memory = false (default)
2019-11-13 18:48:15,947 [pool-87-thread-1] INFO  server.RaftServerConfigKeys (ConfUtils.java:logGet(43)) - raft.server.log.purge.gap = 1000000 (custom)
2019-11-13 18:48:15,947 [pool-87-thread-1] INFO  server.RaftServerConfigKeys (ConfUtils.java:logGet(43)) - raft.server.log.appender.buffer.byte-limit = 33554432 (custom)
2019-11-13 18:48:15,947 [pool-87-thread-1] INFO  server.RaftServerConfigKeys (ConfUtils.java:logGet(43)) - raft.server.log.segment.size.max = 1048576 (custom)
2019-11-13 18:48:15,947 [pool-87-thread-1] INFO  server.RaftServerConfigKeys (ConfUtils.java:logGet(43)) - raft.server.log.segment.cache.num.max = 2 (custom)
2019-11-13 18:48:15,947 [pool-87-thread-1] INFO  segmented.SegmentedRaftLogWorker (SegmentedRaftLogWorker.java:<init>(173)) - new 302e21ca-1d4a-4b22-bc74-f644a63fc179@group-F4445F88E60B-SegmentedRaftLogWorker for RaftStorage:Storage Directory /workdir/hadoop-ozone/integration-test/target/test-dir/MiniOzoneClusterImpl-936e8649-2eb0-4b7a-921b-5d2cce332f9c/datanode-6/data/ratis/476e6546-f4fe-42ab-80d8-f4445f88e60b
2019-11-13 18:48:15,947 [pool-87-thread-1] INFO  server.RaftServerConfigKeys (ConfUtils.java:logGet(43)) - raft.server.log.queue.byte-limit = 2147483647 (custom)
2019-11-13 18:48:15,947 [pool-87-thread-1] INFO  server.RaftServerConfigKeys (ConfUtils.java:logGet(43)) - raft.server.log.queue.element-limit = 1024 (custom)
2019-11-13 18:48:15,947 [pool-87-thread-1] INFO  server.RaftServerConfigKeys (ConfUtils.java:logGet(43)) - raft.server.log.segment.size.max = 1048576 (custom)
2019-11-13 18:48:15,947 [pool-87-thread-1] INFO  server.RaftServerConfigKeys (ConfUtils.java:logGet(43)) - raft.server.log.preallocated.size = 16384 (custom)
2019-11-13 18:48:15,947 [pool-87-thread-1] INFO  server.RaftServerConfigKeys (ConfUtils.java:logGet(43)) - raft.server.log.write.buffer.size = 33554432 (custom)
2019-11-13 18:48:15,947 [pool-87-thread-1] INFO  server.RaftServerConfigKeys (ConfUtils.java:logGet(43)) - raft.server.log.force.sync.num = 128 (default)
2019-11-13 18:48:15,947 [pool-87-thread-1] INFO  server.RaftServerConfigKeys (ConfUtils.java:logGet(43)) - raft.server.log.statemachine.data.sync = true (default)
2019-11-13 18:48:15,948 [pool-87-thread-1] INFO  server.RaftServerConfigKeys (ConfUtils.java:logGet(43)) - raft.server.log.statemachine.data.sync.timeout = 10s (default)
2019-11-13 18:48:15,948 [pool-87-thread-1] INFO  server.RaftServerConfigKeys (ConfUtils.java:logGet(43)) - raft.server.log.statemachine.data.sync.timeout.retry = -1 (default)
2019-11-13 18:48:15,948 [pool-87-thread-1] INFO  server.RaftServerConfigKeys (ConfUtils.java:logGet(43)) - raft.server.log.statemachine.data.caching.enabled = true (custom)
2019-11-13 18:48:15,948 [pool-87-thread-1] INFO  segmented.SegmentedRaftLogWorker (SegmentedRaftLogWorker.java:lambda$new$0(128)) - 302e21ca-1d4a-4b22-bc74-f644a63fc179@group-F4445F88E60B-SegmentedRaftLogWorker: flushIndex: setUnconditionally 0 -> -1
2019-11-13 18:48:15,948 [pool-87-thread-1] INFO  server.RaftServerConfigKeys (ConfUtils.java:logGet(43)) - raft.server.snapshot.auto.trigger.enabled = true (custom)
2019-11-13 18:48:15,948 [pool-87-thread-1] INFO  server.RaftServerConfigKeys (ConfUtils.java:logGet(43)) - raft.server.snapshot.auto.trigger.threshold = 10000 (custom)
2019-11-13 18:48:15,948 [pool-87-thread-1] INFO  server.RaftServerConfigKeys (ConfUtils.java:logGet(43)) - raft.server.snapshot.retention.file.num = 5 (custom)
2019-11-13 18:48:15,948 [pool-87-thread-1] INFO  server.RaftServerConfigKeys (ConfUtils.java:logGet(43)) - raft.server.retrycache.expirytime = 600000ms (custom)
2019-11-13 18:48:15,949 [pool-87-thread-1] WARN  impl.MetricRegistriesImpl (MetricRegistriesImpl.java:lambda$create$1(61)) - First MetricRegistry has been created without registering reporters. You may need to call MetricRegistries.global().addReportRegistration(...) before.
2019-11-13 18:48:15,949 [pool-87-thread-1] WARN  impl.MetricRegistriesImpl (MetricRegistriesImpl.java:lambda$create$1(61)) - First MetricRegistry has been created without registering reporters. You may need to call MetricRegistries.global().addReportRegistration(...) before.
2019-11-13 18:48:15,949 [pool-87-thread-1] INFO  impl.RaftServerImpl (RaftServerImpl.java:start(184)) - 302e21ca-1d4a-4b22-bc74-f644a63fc179@group-F4445F88E60B: start as a follower, conf=-1: [302e21ca-1d4a-4b22-bc74-f644a63fc179:192.168.164.219:35354], old=null
2019-11-13 18:48:15,949 [pool-87-thread-1] INFO  impl.RaftServerImpl (RaftServerImpl.java:setRole(173)) - 302e21ca-1d4a-4b22-bc74-f644a63fc179@group-F4445F88E60B: changes role from      null to FOLLOWER at term 0 for startAsFollower
2019-11-13 18:48:15,949 [pool-87-thread-1] INFO  impl.RoleInfo (RoleInfo.java:updateAndGet(143)) - 302e21ca-1d4a-4b22-bc74-f644a63fc179: start FollowerState
2019-11-13 18:48:15,949 [pool-87-thread-1] INFO  util.JmxRegister (JmxRegister.java:tryRegister(44)) - Successfully registered JMX Bean with object name Ratis:service=RaftServer,group=group-F4445F88E60B,id=302e21ca-1d4a-4b22-bc74-f644a63fc179
2019-11-13 18:48:15,949 [pool-87-thread-1] WARN  impl.MetricRegistriesImpl (MetricRegistriesImpl.java:lambda$create$1(61)) - First MetricRegistry has been created without registering reporters. You may need to call MetricRegistries.global().addReportRegistration(...) before.
2019-11-13 18:48:15,952 [RatisPipelineUtilsThread] INFO  pipeline.PipelineStateManager (PipelineStateManager.java:addPipeline(55)) - Created pipeline Pipeline[ Id: 476e6546-f4fe-42ab-80d8-f4445f88e60b, Nodes: 302e21ca-1d4a-4b22-bc74-f644a63fc179{ip: 192.168.164.219, host: pr-hdds-1940-7lghg-363871468, networkLocation: /default-rack, certSerialId: null}, Type:RATIS, Factor:ONE, State:ALLOCATED]
2019-11-13 18:48:15,954 [Thread-283] INFO  pipeline.PipelineStateManager (PipelineStateManager.java:finalizePipeline(121)) - Pipeline Pipeline[ Id: 3143c332-b6ae-485f-8e1e-159d0bf0a924, Nodes: 19b56e57-c404-4271-b4fe-c6c2e842ae91{ip: 192.168.164.219, host: pr-hdds-1940-7lghg-363871468, networkLocation: /default-rack, certSerialId: null}, Type:RATIS, Factor:ONE, State:CLOSED] moved to CLOSED state
2019-11-13 18:48:15,955 [EventQueue-PipelineReportForPipelineReportHandler] INFO  pipeline.PipelineStateManager (PipelineStateManager.java:openPipeline(134)) - Pipeline Pipeline[ Id: a1ce08e0-2793-471f-8aa7-f7e34b7e9fb6, Nodes: dc8ab455-7be4-4b62-9320-5f4e855ec266{ip: 192.168.164.219, host: pr-hdds-1940-7lghg-363871468, networkLocation: /default-rack, certSerialId: null}, Type:RATIS, Factor:ONE, State:OPEN] moved to OPEN state
2019-11-13 18:48:15,958 [grpc-default-executor-2] INFO  impl.RaftServerProxy (RaftServerProxy.java:remove(95)) - 19b56e57-c404-4271-b4fe-c6c2e842ae91: remove    LEADER 19b56e57-c404-4271-b4fe-c6c2e842ae91@group-159D0BF0A924:t1, leader=19b56e57-c404-4271-b4fe-c6c2e842ae91, voted=19b56e57-c404-4271-b4fe-c6c2e842ae91, raftlog=19b56e57-c404-4271-b4fe-c6c2e842ae91@group-159D0BF0A924-SegmentedRaftLog:OPENED:c0,f0,i0, conf=0: [19b56e57-c404-4271-b4fe-c6c2e842ae91:192.168.164.219:41012], old=null RUNNING
2019-11-13 18:48:15,958 [grpc-default-executor-2] INFO  impl.RaftServerImpl (RaftServerImpl.java:lambda$shutdown$3(250)) - 19b56e57-c404-4271-b4fe-c6c2e842ae91@group-159D0BF0A924: shutdown
2019-11-13 18:48:15,958 [grpc-default-executor-2] INFO  util.JmxRegister (JmxRegister.java:unregister(73)) - Successfully un-registered JMX Bean with object name Ratis:service=RaftServer,group=group-159D0BF0A924,id=19b56e57-c404-4271-b4fe-c6c2e842ae91
2019-11-13 18:48:15,958 [grpc-default-executor-2] INFO  impl.RoleInfo (RoleInfo.java:shutdownLeaderState(104)) - 19b56e57-c404-4271-b4fe-c6c2e842ae91: shutdown LeaderState
2019-11-13 18:48:15,958 [grpc-default-executor-2] INFO  impl.PendingRequests (PendingRequests.java:sendNotLeaderResponses(206)) - 19b56e57-c404-4271-b4fe-c6c2e842ae91@group-159D0BF0A924-PendingRequests: sendNotLeaderResponses
2019-11-13 18:48:15,958 [dc8ab455-7be4-4b62-9320-5f4e855ec266@group-F7E34B7E9FB6-SegmentedRaftLogWorker] INFO  segmented.SegmentedRaftLogWorker (SegmentedRaftLogWorker.java:execute(576)) - dc8ab455-7be4-4b62-9320-5f4e855ec266@group-F7E34B7E9FB6-SegmentedRaftLogWorker: created new log segment /workdir/hadoop-ozone/integration-test/target/test-dir/MiniOzoneClusterImpl-936e8649-2eb0-4b7a-921b-5d2cce332f9c/datanode-1/data/ratis/a1ce08e0-2793-471f-8aa7-f7e34b7e9fb6/current/log_inprogress_0
2019-11-13 18:48:15,958 [grpc-default-executor-2] INFO  impl.StateMachineUpdater (StateMachineUpdater.java:stopAndJoin(136)) - 19b56e57-c404-4271-b4fe-c6c2e842ae91@group-159D0BF0A924-StateMachineUpdater: set stopIndex = 0
2019-11-13 18:48:15,960 [grpc-default-executor-2] INFO  impl.RaftServerImpl (ServerState.java:close(387)) - 19b56e57-c404-4271-b4fe-c6c2e842ae91@group-159D0BF0A924: closes. applyIndex: 0
2019-11-13 18:48:15,960 [19b56e57-c404-4271-b4fe-c6c2e842ae91@group-159D0BF0A924-SegmentedRaftLogWorker] INFO  segmented.SegmentedRaftLogWorker (SegmentedRaftLogWorker.java:run(316)) - 19b56e57-c404-4271-b4fe-c6c2e842ae91@group-159D0BF0A924-SegmentedRaftLogWorker was interrupted, exiting. There are 0 tasks remaining in the queue.
2019-11-13 18:48:15,962 [grpc-default-executor-2] INFO  segmented.SegmentedRaftLogWorker (SegmentedRaftLogWorker.java:close(224)) - 19b56e57-c404-4271-b4fe-c6c2e842ae91@group-159D0BF0A924-SegmentedRaftLogWorker close()
2019-11-13 18:48:15,976 [Thread-283] INFO  pipeline.PipelineStateManager (PipelineStateManager.java:removePipeline(106)) - Pipeline Pipeline[ Id: 3143c332-b6ae-485f-8e1e-159d0bf0a924, Nodes: 19b56e57-c404-4271-b4fe-c6c2e842ae91{ip: 192.168.164.219, host: pr-hdds-1940-7lghg-363871468, networkLocation: /default-rack, certSerialId: null}, Type:RATIS, Factor:ONE, State:CLOSED] removed from db
2019-11-13 18:48:15,976 [Thread-283] INFO  pipeline.SCMPipelineManager (SCMPipelineManager.java:finalizeAndDestroyPipeline(315)) - destroying pipeline:Pipeline[ Id: 367e8e5a-61d7-45c5-8a32-8ec9e7a3d4d6, Nodes: 9582de44-b510-4bf6-b692-b66075a27588{ip: 192.168.164.219, host: pr-hdds-1940-7lghg-363871468, networkLocation: /default-rack, certSerialId: null}, Type:RATIS, Factor:ONE, State:OPEN]
2019-11-13 18:48:15,983 [grpc-default-executor-2] INFO  impl.RaftServerProxy (RaftServerProxy.java:addNew(89)) - 19b56e57-c404-4271-b4fe-c6c2e842ae91: addNew group-8A4AA25C1598:[19b56e57-c404-4271-b4fe-c6c2e842ae91:192.168.164.219:41012] returns group-8A4AA25C1598:java.util.concurrent.CompletableFuture@3f0a6f5[Not completed]
2019-11-13 18:48:15,985 [pool-47-thread-1] INFO  impl.RaftServerImpl (RaftServerImpl.java:<init>(98)) - 19b56e57-c404-4271-b4fe-c6c2e842ae91: new RaftServerImpl for group-8A4AA25C1598:[19b56e57-c404-4271-b4fe-c6c2e842ae91:192.168.164.219:41012] with ContainerStateMachine:uninitialized
2019-11-13 18:48:15,985 [pool-47-thread-1] INFO  server.RaftServerConfigKeys (ConfUtils.java:logGet(43)) - raft.server.rpc.timeout.min = 1s (custom)
2019-11-13 18:48:15,985 [pool-47-thread-1] INFO  server.RaftServerConfigKeys (ConfUtils.java:logGet(43)) - raft.server.rpc.timeout.max = 1200ms (custom)
2019-11-13 18:48:15,985 [pool-47-thread-1] INFO  server.RaftServerConfigKeys (ConfUtils.java:logGet(43)) - raft.server.rpcslowness.timeout = 120s (custom)
2019-11-13 18:48:15,985 [pool-47-thread-1] INFO  server.RaftServerConfigKeys (ConfUtils.java:logGet(43)) - raft.server.sleep.deviation.threshold = 300 (default)
2019-11-13 18:48:15,985 [pool-47-thread-1] INFO  server.RaftServerConfigKeys (ConfUtils.java:logGet(43)) - raft.server.log.appender.install.snapshot.enabled = false (custom)
2019-11-13 18:48:15,986 [pool-47-thread-1] INFO  impl.RaftServerImpl (ServerState.java:<init>(103)) - 19b56e57-c404-4271-b4fe-c6c2e842ae91@group-8A4AA25C1598: ConfigurationManager, init=-1: [19b56e57-c404-4271-b4fe-c6c2e842ae91:192.168.164.219:41012], old=null, confs=<EMPTY_MAP>
2019-11-13 18:48:15,986 [pool-47-thread-1] INFO  server.RaftServerConfigKeys (ConfUtils.java:logGet(43)) - raft.server.storage.dir = [/workdir/hadoop-ozone/integration-test/target/test-dir/MiniOzoneClusterImpl-936e8649-2eb0-4b7a-921b-5d2cce332f9c/datanode-2/data/ratis] (custom)
2019-11-13 18:48:15,986 [pool-47-thread-1] INFO  server.RaftServerConfigKeys (ConfUtils.java:logGet(43)) - raft.server.log.corruption.policy = EXCEPTION (default)
2019-11-13 18:48:15,986 [pool-47-thread-1] INFO  storage.RaftStorageDirectory (RaftStorageDirectory.java:analyzeStorage(246)) - The storage directory /workdir/hadoop-ozone/integration-test/target/test-dir/MiniOzoneClusterImpl-936e8649-2eb0-4b7a-921b-5d2cce332f9c/datanode-2/data/ratis/c74a779c-af71-4d91-8bbf-8a4aa25c1598 does not exist. Creating ...
2019-11-13 18:48:15,999 [pool-47-thread-1] INFO  storage.RaftStorageDirectory (RaftStorageDirectory.java:tryLock(328)) - Lock on /workdir/hadoop-ozone/integration-test/target/test-dir/MiniOzoneClusterImpl-936e8649-2eb0-4b7a-921b-5d2cce332f9c/datanode-2/data/ratis/c74a779c-af71-4d91-8bbf-8a4aa25c1598/in_use.lock acquired by nodename 19542@pr-hdds-1940-7lghg-363871468
2019-11-13 18:48:16,163 [pool-47-thread-1] INFO  storage.RaftStorage (RaftStorage.java:format(84)) - Storage directory /workdir/hadoop-ozone/integration-test/target/test-dir/MiniOzoneClusterImpl-936e8649-2eb0-4b7a-921b-5d2cce332f9c/datanode-2/data/ratis/c74a779c-af71-4d91-8bbf-8a4aa25c1598 has been successfully formatted.
2019-11-13 18:48:16,163 [pool-47-thread-1] INFO  ratis.ContainerStateMachine (ContainerStateMachine.java:loadSnapshot(223)) - group-8A4AA25C1598: The snapshot info is null. Setting the last applied indexto:(t:0, i:~)
2019-11-13 18:48:16,163 [pool-47-thread-1] INFO  server.RaftServerConfigKeys (ConfUtils.java:logGet(43)) - raft.server.notification.no-leader.timeout = 120s (custom)
2019-11-13 18:48:16,164 [pool-47-thread-1] INFO  server.RaftServerConfigKeys (ConfUtils.java:logGet(43)) - raft.server.log.use.memory = false (default)
2019-11-13 18:48:16,164 [pool-47-thread-1] INFO  server.RaftServerConfigKeys (ConfUtils.java:logGet(43)) - raft.server.log.purge.gap = 1000000 (custom)
2019-11-13 18:48:16,164 [pool-47-thread-1] INFO  server.RaftServerConfigKeys (ConfUtils.java:logGet(43)) - raft.server.log.appender.buffer.byte-limit = 33554432 (custom)
2019-11-13 18:48:16,164 [pool-47-thread-1] INFO  server.RaftServerConfigKeys (ConfUtils.java:logGet(43)) - raft.server.log.segment.size.max = 1048576 (custom)
2019-11-13 18:48:16,164 [pool-47-thread-1] INFO  server.RaftServerConfigKeys (ConfUtils.java:logGet(43)) - raft.server.log.segment.cache.num.max = 2 (custom)
2019-11-13 18:48:16,164 [pool-47-thread-1] INFO  segmented.SegmentedRaftLogWorker (SegmentedRaftLogWorker.java:<init>(173)) - new 19b56e57-c404-4271-b4fe-c6c2e842ae91@group-8A4AA25C1598-SegmentedRaftLogWorker for RaftStorage:Storage Directory /workdir/hadoop-ozone/integration-test/target/test-dir/MiniOzoneClusterImpl-936e8649-2eb0-4b7a-921b-5d2cce332f9c/datanode-2/data/ratis/c74a779c-af71-4d91-8bbf-8a4aa25c1598
2019-11-13 18:48:16,165 [pool-47-thread-1] INFO  server.RaftServerConfigKeys (ConfUtils.java:logGet(43)) - raft.server.log.queue.byte-limit = 2147483647 (custom)
2019-11-13 18:48:16,165 [pool-47-thread-1] INFO  server.RaftServerConfigKeys (ConfUtils.java:logGet(43)) - raft.server.log.queue.element-limit = 1024 (custom)
2019-11-13 18:48:16,165 [pool-47-thread-1] INFO  server.RaftServerConfigKeys (ConfUtils.java:logGet(43)) - raft.server.log.segment.size.max = 1048576 (custom)
2019-11-13 18:48:16,165 [pool-47-thread-1] INFO  server.RaftServerConfigKeys (ConfUtils.java:logGet(43)) - raft.server.log.preallocated.size = 16384 (custom)
2019-11-13 18:48:16,165 [pool-47-thread-1] INFO  server.RaftServerConfigKeys (ConfUtils.java:logGet(43)) - raft.server.log.write.buffer.size = 33554432 (custom)
2019-11-13 18:48:16,165 [pool-47-thread-1] INFO  server.RaftServerConfigKeys (ConfUtils.java:logGet(43)) - raft.server.log.force.sync.num = 128 (default)
2019-11-13 18:48:16,165 [pool-47-thread-1] INFO  server.RaftServerConfigKeys (ConfUtils.java:logGet(43)) - raft.server.log.statemachine.data.sync = true (default)
2019-11-13 18:48:16,165 [pool-47-thread-1] INFO  server.RaftServerConfigKeys (ConfUtils.java:logGet(43)) - raft.server.log.statemachine.data.sync.timeout = 10s (default)
2019-11-13 18:48:16,166 [pool-47-thread-1] INFO  server.RaftServerConfigKeys (ConfUtils.java:logGet(43)) - raft.server.log.statemachine.data.sync.timeout.retry = -1 (default)
2019-11-13 18:48:16,166 [pool-47-thread-1] INFO  server.RaftServerConfigKeys (ConfUtils.java:logGet(43)) - raft.server.log.statemachine.data.caching.enabled = true (custom)
2019-11-13 18:48:16,166 [pool-47-thread-1] INFO  segmented.SegmentedRaftLogWorker (SegmentedRaftLogWorker.java:lambda$new$0(128)) - 19b56e57-c404-4271-b4fe-c6c2e842ae91@group-8A4AA25C1598-SegmentedRaftLogWorker: flushIndex: setUnconditionally 0 -> -1
2019-11-13 18:48:16,166 [pool-47-thread-1] INFO  server.RaftServerConfigKeys (ConfUtils.java:logGet(43)) - raft.server.snapshot.auto.trigger.enabled = true (custom)
2019-11-13 18:48:16,167 [pool-47-thread-1] INFO  server.RaftServerConfigKeys (ConfUtils.java:logGet(43)) - raft.server.snapshot.auto.trigger.threshold = 10000 (custom)
2019-11-13 18:48:16,167 [pool-47-thread-1] INFO  server.RaftServerConfigKeys (ConfUtils.java:logGet(43)) - raft.server.snapshot.retention.file.num = 5 (custom)
2019-11-13 18:48:16,167 [pool-47-thread-1] INFO  server.RaftServerConfigKeys (ConfUtils.java:logGet(43)) - raft.server.retrycache.expirytime = 600000ms (custom)
2019-11-13 18:48:16,167 [pool-47-thread-1] WARN  impl.MetricRegistriesImpl (MetricRegistriesImpl.java:lambda$create$1(61)) - First MetricRegistry has been created without registering reporters. You may need to call MetricRegistries.global().addReportRegistration(...) before.
2019-11-13 18:48:16,167 [pool-47-thread-1] WARN  impl.MetricRegistriesImpl (MetricRegistriesImpl.java:lambda$create$1(61)) - First MetricRegistry has been created without registering reporters. You may need to call MetricRegistries.global().addReportRegistration(...) before.
2019-11-13 18:48:16,167 [pool-47-thread-1] INFO  impl.RaftServerImpl (RaftServerImpl.java:start(184)) - 19b56e57-c404-4271-b4fe-c6c2e842ae91@group-8A4AA25C1598: start as a follower, conf=-1: [19b56e57-c404-4271-b4fe-c6c2e842ae91:192.168.164.219:41012], old=null
2019-11-13 18:48:16,168 [pool-47-thread-1] INFO  impl.RaftServerImpl (RaftServerImpl.java:setRole(173)) - 19b56e57-c404-4271-b4fe-c6c2e842ae91@group-8A4AA25C1598: changes role from      null to FOLLOWER at term 0 for startAsFollower
2019-11-13 18:48:16,168 [pool-47-thread-1] INFO  impl.RoleInfo (RoleInfo.java:updateAndGet(143)) - 19b56e57-c404-4271-b4fe-c6c2e842ae91: start FollowerState
2019-11-13 18:48:16,168 [pool-47-thread-1] INFO  util.JmxRegister (JmxRegister.java:tryRegister(44)) - Successfully registered JMX Bean with object name Ratis:service=RaftServer,group=group-8A4AA25C1598,id=19b56e57-c404-4271-b4fe-c6c2e842ae91
2019-11-13 18:48:16,168 [pool-47-thread-1] WARN  impl.MetricRegistriesImpl (MetricRegistriesImpl.java:lambda$create$1(61)) - First MetricRegistry has been created without registering reporters. You may need to call MetricRegistries.global().addReportRegistration(...) before.
2019-11-13 18:48:16,173 [RatisPipelineUtilsThread] INFO  pipeline.PipelineStateManager (PipelineStateManager.java:addPipeline(55)) - Created pipeline Pipeline[ Id: c74a779c-af71-4d91-8bbf-8a4aa25c1598, Nodes: 19b56e57-c404-4271-b4fe-c6c2e842ae91{ip: 192.168.164.219, host: pr-hdds-1940-7lghg-363871468, networkLocation: /default-rack, certSerialId: null}, Type:RATIS, Factor:ONE, State:ALLOCATED]
2019-11-13 18:48:16,177 [Thread-283] INFO  pipeline.PipelineStateManager (PipelineStateManager.java:finalizePipeline(121)) - Pipeline Pipeline[ Id: 367e8e5a-61d7-45c5-8a32-8ec9e7a3d4d6, Nodes: 9582de44-b510-4bf6-b692-b66075a27588{ip: 192.168.164.219, host: pr-hdds-1940-7lghg-363871468, networkLocation: /default-rack, certSerialId: null}, Type:RATIS, Factor:ONE, State:CLOSED] moved to CLOSED state
2019-11-13 18:48:16,182 [grpc-default-executor-2] INFO  impl.RaftServerProxy (RaftServerProxy.java:remove(95)) - 9582de44-b510-4bf6-b692-b66075a27588: remove    LEADER 9582de44-b510-4bf6-b692-b66075a27588@group-8EC9E7A3D4D6:t1, leader=9582de44-b510-4bf6-b692-b66075a27588, voted=9582de44-b510-4bf6-b692-b66075a27588, raftlog=9582de44-b510-4bf6-b692-b66075a27588@group-8EC9E7A3D4D6-SegmentedRaftLog:OPENED:c0,f0,i0, conf=0: [9582de44-b510-4bf6-b692-b66075a27588:192.168.164.219:46083], old=null RUNNING
2019-11-13 18:48:16,183 [grpc-default-executor-2] INFO  impl.RaftServerImpl (RaftServerImpl.java:lambda$shutdown$3(250)) - 9582de44-b510-4bf6-b692-b66075a27588@group-8EC9E7A3D4D6: shutdown
2019-11-13 18:48:16,183 [grpc-default-executor-2] INFO  util.JmxRegister (JmxRegister.java:unregister(73)) - Successfully un-registered JMX Bean with object name Ratis:service=RaftServer,group=group-8EC9E7A3D4D6,id=9582de44-b510-4bf6-b692-b66075a27588
2019-11-13 18:48:16,183 [grpc-default-executor-2] INFO  impl.RoleInfo (RoleInfo.java:shutdownLeaderState(104)) - 9582de44-b510-4bf6-b692-b66075a27588: shutdown LeaderState
2019-11-13 18:48:16,183 [grpc-default-executor-2] INFO  impl.PendingRequests (PendingRequests.java:sendNotLeaderResponses(206)) - 9582de44-b510-4bf6-b692-b66075a27588@group-8EC9E7A3D4D6-PendingRequests: sendNotLeaderResponses
2019-11-13 18:48:16,184 [grpc-default-executor-2] INFO  impl.StateMachineUpdater (StateMachineUpdater.java:stopAndJoin(136)) - 9582de44-b510-4bf6-b692-b66075a27588@group-8EC9E7A3D4D6-StateMachineUpdater: set stopIndex = 0
2019-11-13 18:48:16,184 [grpc-default-executor-2] INFO  impl.RaftServerImpl (ServerState.java:close(387)) - 9582de44-b510-4bf6-b692-b66075a27588@group-8EC9E7A3D4D6: closes. applyIndex: 0
2019-11-13 18:48:16,185 [9582de44-b510-4bf6-b692-b66075a27588@group-8EC9E7A3D4D6-SegmentedRaftLogWorker] INFO  segmented.SegmentedRaftLogWorker (SegmentedRaftLogWorker.java:run(316)) - 9582de44-b510-4bf6-b692-b66075a27588@group-8EC9E7A3D4D6-SegmentedRaftLogWorker was interrupted, exiting. There are 0 tasks remaining in the queue.
2019-11-13 18:48:16,185 [grpc-default-executor-2] INFO  segmented.SegmentedRaftLogWorker (SegmentedRaftLogWorker.java:close(224)) - 9582de44-b510-4bf6-b692-b66075a27588@group-8EC9E7A3D4D6-SegmentedRaftLogWorker close()
2019-11-13 18:48:16,190 [Thread-283] INFO  pipeline.PipelineStateManager (PipelineStateManager.java:removePipeline(106)) - Pipeline Pipeline[ Id: 367e8e5a-61d7-45c5-8a32-8ec9e7a3d4d6, Nodes: 9582de44-b510-4bf6-b692-b66075a27588{ip: 192.168.164.219, host: pr-hdds-1940-7lghg-363871468, networkLocation: /default-rack, certSerialId: null}, Type:RATIS, Factor:ONE, State:CLOSED] removed from db
2019-11-13 18:48:16,190 [Thread-283] INFO  pipeline.SCMPipelineManager (SCMPipelineManager.java:finalizeAndDestroyPipeline(315)) - destroying pipeline:Pipeline[ Id: c1538db3-7fd1-4e4c-ae78-74545e85c80c, Nodes: 302e21ca-1d4a-4b22-bc74-f644a63fc179{ip: 192.168.164.219, host: pr-hdds-1940-7lghg-363871468, networkLocation: /default-rack, certSerialId: null}e8491d14-0d10-4bdc-963d-f0280d0d8b35{ip: 192.168.164.219, host: pr-hdds-1940-7lghg-363871468, networkLocation: /default-rack, certSerialId: null}cb343498-03c0-425e-a729-2b4f8684daee{ip: 192.168.164.219, host: pr-hdds-1940-7lghg-363871468, networkLocation: /default-rack, certSerialId: null}, Type:RATIS, Factor:THREE, State:OPEN]
2019-11-13 18:48:16,202 [grpc-default-executor-2] INFO  impl.RaftServerProxy (RaftServerProxy.java:addNew(89)) - 9582de44-b510-4bf6-b692-b66075a27588: addNew group-898F73E51E5E:[9582de44-b510-4bf6-b692-b66075a27588:192.168.164.219:46083] returns group-898F73E51E5E:java.util.concurrent.CompletableFuture@3d2110fe[Not completed]
2019-11-13 18:48:16,204 [pool-57-thread-1] INFO  impl.RaftServerImpl (RaftServerImpl.java:<init>(98)) - 9582de44-b510-4bf6-b692-b66075a27588: new RaftServerImpl for group-898F73E51E5E:[9582de44-b510-4bf6-b692-b66075a27588:192.168.164.219:46083] with ContainerStateMachine:uninitialized
2019-11-13 18:48:16,207 [pool-57-thread-1] INFO  server.RaftServerConfigKeys (ConfUtils.java:logGet(43)) - raft.server.rpc.timeout.min = 1s (custom)
2019-11-13 18:48:16,207 [pool-57-thread-1] INFO  server.RaftServerConfigKeys (ConfUtils.java:logGet(43)) - raft.server.rpc.timeout.max = 1200ms (custom)
2019-11-13 18:48:16,207 [pool-57-thread-1] INFO  server.RaftServerConfigKeys (ConfUtils.java:logGet(43)) - raft.server.rpcslowness.timeout = 120s (custom)
2019-11-13 18:48:16,207 [pool-57-thread-1] INFO  server.RaftServerConfigKeys (ConfUtils.java:logGet(43)) - raft.server.sleep.deviation.threshold = 300 (default)
2019-11-13 18:48:16,207 [pool-57-thread-1] INFO  server.RaftServerConfigKeys (ConfUtils.java:logGet(43)) - raft.server.log.appender.install.snapshot.enabled = false (custom)
2019-11-13 18:48:16,207 [pool-57-thread-1] INFO  impl.RaftServerImpl (ServerState.java:<init>(103)) - 9582de44-b510-4bf6-b692-b66075a27588@group-898F73E51E5E: ConfigurationManager, init=-1: [9582de44-b510-4bf6-b692-b66075a27588:192.168.164.219:46083], old=null, confs=<EMPTY_MAP>
2019-11-13 18:48:16,209 [pool-57-thread-1] INFO  server.RaftServerConfigKeys (ConfUtils.java:logGet(43)) - raft.server.storage.dir = [/workdir/hadoop-ozone/integration-test/target/test-dir/MiniOzoneClusterImpl-936e8649-2eb0-4b7a-921b-5d2cce332f9c/datanode-3/data/ratis] (custom)
2019-11-13 18:48:16,209 [pool-57-thread-1] INFO  server.RaftServerConfigKeys (ConfUtils.java:logGet(43)) - raft.server.log.corruption.policy = EXCEPTION (default)
2019-11-13 18:48:16,209 [pool-57-thread-1] INFO  storage.RaftStorageDirectory (RaftStorageDirectory.java:analyzeStorage(246)) - The storage directory /workdir/hadoop-ozone/integration-test/target/test-dir/MiniOzoneClusterImpl-936e8649-2eb0-4b7a-921b-5d2cce332f9c/datanode-3/data/ratis/489df670-1055-4ebd-b34b-898f73e51e5e does not exist. Creating ...
2019-11-13 18:48:16,215 [Thread-411] INFO  impl.FollowerState (FollowerState.java:run(111)) - 8a346eb0-433c-4f64-9a22-d40a83dee003@group-9622AD8B65B5-FollowerState: change to CANDIDATE, lastRpcTime:1178ms, electionTimeout:1178ms
2019-11-13 18:48:16,215 [Thread-411] INFO  impl.RoleInfo (RoleInfo.java:shutdownFollowerState(121)) - 8a346eb0-433c-4f64-9a22-d40a83dee003: shutdown FollowerState
2019-11-13 18:48:16,216 [Thread-411] INFO  impl.RaftServerImpl (RaftServerImpl.java:setRole(173)) - 8a346eb0-433c-4f64-9a22-d40a83dee003@group-9622AD8B65B5: changes role from  FOLLOWER to CANDIDATE at term 0 for changeToCandidate
2019-11-13 18:48:16,216 [Thread-411] INFO  impl.RoleInfo (RoleInfo.java:updateAndGet(143)) - 8a346eb0-433c-4f64-9a22-d40a83dee003: start LeaderElection
2019-11-13 18:48:16,223 [pool-57-thread-1] INFO  storage.RaftStorageDirectory (RaftStorageDirectory.java:tryLock(328)) - Lock on /workdir/hadoop-ozone/integration-test/target/test-dir/MiniOzoneClusterImpl-936e8649-2eb0-4b7a-921b-5d2cce332f9c/datanode-3/data/ratis/489df670-1055-4ebd-b34b-898f73e51e5e/in_use.lock acquired by nodename 19542@pr-hdds-1940-7lghg-363871468
2019-11-13 18:48:16,223 [8a346eb0-433c-4f64-9a22-d40a83dee003@group-9622AD8B65B5-LeaderElection16] INFO  impl.LeaderElection (LeaderElection.java:askForVotes(178)) - 8a346eb0-433c-4f64-9a22-d40a83dee003@group-9622AD8B65B5-LeaderElection16: begin an election at term 1 for -1: [6a4d2be6-9424-4ae4-9e09-f01b73daf36a:192.168.164.219:39773, 694477cc-c317-4cd0-89bd-f326ada4a5ba:192.168.164.219:36781, 8a346eb0-433c-4f64-9a22-d40a83dee003:192.168.164.219:45850], old=null
2019-11-13 18:48:16,234 [grpc-default-executor-0] INFO  impl.RaftServerImpl (RaftServerImpl.java:setRole(173)) - 694477cc-c317-4cd0-89bd-f326ada4a5ba@group-9622AD8B65B5: changes role from  FOLLOWER to FOLLOWER at term 1 for recognizeCandidate:8a346eb0-433c-4f64-9a22-d40a83dee003
2019-11-13 18:48:16,234 [grpc-default-executor-0] INFO  impl.RoleInfo (RoleInfo.java:shutdownFollowerState(121)) - 694477cc-c317-4cd0-89bd-f326ada4a5ba: shutdown FollowerState
2019-11-13 18:48:16,234 [grpc-default-executor-2] INFO  impl.RaftServerImpl (RaftServerImpl.java:setRole(173)) - 6a4d2be6-9424-4ae4-9e09-f01b73daf36a@group-9622AD8B65B5: changes role from  FOLLOWER to FOLLOWER at term 1 for recognizeCandidate:8a346eb0-433c-4f64-9a22-d40a83dee003
2019-11-13 18:48:16,234 [grpc-default-executor-0] INFO  impl.RoleInfo (RoleInfo.java:updateAndGet(143)) - 694477cc-c317-4cd0-89bd-f326ada4a5ba: start FollowerState
2019-11-13 18:48:16,234 [grpc-default-executor-2] INFO  impl.RoleInfo (RoleInfo.java:shutdownFollowerState(121)) - 6a4d2be6-9424-4ae4-9e09-f01b73daf36a: shutdown FollowerState
2019-11-13 18:48:16,234 [Thread-415] INFO  impl.FollowerState (FollowerState.java:run(120)) - 694477cc-c317-4cd0-89bd-f326ada4a5ba@group-9622AD8B65B5-FollowerState was interrupted: java.lang.InterruptedException: sleep interrupted
2019-11-13 18:48:16,234 [grpc-default-executor-2] INFO  impl.RoleInfo (RoleInfo.java:updateAndGet(143)) - 6a4d2be6-9424-4ae4-9e09-f01b73daf36a: start FollowerState
2019-11-13 18:48:16,234 [Thread-417] INFO  impl.FollowerState (FollowerState.java:run(120)) - 6a4d2be6-9424-4ae4-9e09-f01b73daf36a@group-9622AD8B65B5-FollowerState was interrupted: java.lang.InterruptedException: sleep interrupted
2019-11-13 18:48:16,237 [pool-57-thread-1] INFO  storage.RaftStorage (RaftStorage.java:format(84)) - Storage directory /workdir/hadoop-ozone/integration-test/target/test-dir/MiniOzoneClusterImpl-936e8649-2eb0-4b7a-921b-5d2cce332f9c/datanode-3/data/ratis/489df670-1055-4ebd-b34b-898f73e51e5e has been successfully formatted.
2019-11-13 18:48:16,238 [pool-57-thread-1] INFO  ratis.ContainerStateMachine (ContainerStateMachine.java:loadSnapshot(223)) - group-898F73E51E5E: The snapshot info is null. Setting the last applied indexto:(t:0, i:~)
2019-11-13 18:48:16,238 [pool-57-thread-1] INFO  server.RaftServerConfigKeys (ConfUtils.java:logGet(43)) - raft.server.notification.no-leader.timeout = 120s (custom)
2019-11-13 18:48:16,238 [pool-57-thread-1] INFO  server.RaftServerConfigKeys (ConfUtils.java:logGet(43)) - raft.server.log.use.memory = false (default)
2019-11-13 18:48:16,238 [pool-57-thread-1] INFO  server.RaftServerConfigKeys (ConfUtils.java:logGet(43)) - raft.server.log.purge.gap = 1000000 (custom)
2019-11-13 18:48:16,238 [pool-57-thread-1] INFO  server.RaftServerConfigKeys (ConfUtils.java:logGet(43)) - raft.server.log.appender.buffer.byte-limit = 33554432 (custom)
2019-11-13 18:48:16,238 [pool-57-thread-1] INFO  server.RaftServerConfigKeys (ConfUtils.java:logGet(43)) - raft.server.log.segment.size.max = 1048576 (custom)
2019-11-13 18:48:16,239 [pool-57-thread-1] INFO  server.RaftServerConfigKeys (ConfUtils.java:logGet(43)) - raft.server.log.segment.cache.num.max = 2 (custom)
2019-11-13 18:48:16,239 [pool-57-thread-1] INFO  segmented.SegmentedRaftLogWorker (SegmentedRaftLogWorker.java:<init>(173)) - new 9582de44-b510-4bf6-b692-b66075a27588@group-898F73E51E5E-SegmentedRaftLogWorker for RaftStorage:Storage Directory /workdir/hadoop-ozone/integration-test/target/test-dir/MiniOzoneClusterImpl-936e8649-2eb0-4b7a-921b-5d2cce332f9c/datanode-3/data/ratis/489df670-1055-4ebd-b34b-898f73e51e5e
2019-11-13 18:48:16,239 [pool-57-thread-1] INFO  server.RaftServerConfigKeys (ConfUtils.java:logGet(43)) - raft.server.log.queue.byte-limit = 2147483647 (custom)
2019-11-13 18:48:16,239 [pool-57-thread-1] INFO  server.RaftServerConfigKeys (ConfUtils.java:logGet(43)) - raft.server.log.queue.element-limit = 1024 (custom)
2019-11-13 18:48:16,239 [pool-57-thread-1] INFO  server.RaftServerConfigKeys (ConfUtils.java:logGet(43)) - raft.server.log.segment.size.max = 1048576 (custom)
2019-11-13 18:48:16,239 [pool-57-thread-1] INFO  server.RaftServerConfigKeys (ConfUtils.java:logGet(43)) - raft.server.log.preallocated.size = 16384 (custom)
2019-11-13 18:48:16,239 [pool-57-thread-1] INFO  server.RaftServerConfigKeys (ConfUtils.java:logGet(43)) - raft.server.log.write.buffer.size = 33554432 (custom)
2019-11-13 18:48:16,240 [pool-57-thread-1] INFO  server.RaftServerConfigKeys (ConfUtils.java:logGet(43)) - raft.server.log.force.sync.num = 128 (default)
2019-11-13 18:48:16,240 [pool-57-thread-1] INFO  server.RaftServerConfigKeys (ConfUtils.java:logGet(43)) - raft.server.log.statemachine.data.sync = true (default)
2019-11-13 18:48:16,240 [pool-57-thread-1] INFO  server.RaftServerConfigKeys (ConfUtils.java:logGet(43)) - raft.server.log.statemachine.data.sync.timeout = 10s (default)
2019-11-13 18:48:16,240 [pool-57-thread-1] INFO  server.RaftServerConfigKeys (ConfUtils.java:logGet(43)) - raft.server.log.statemachine.data.sync.timeout.retry = -1 (default)
2019-11-13 18:48:16,240 [pool-57-thread-1] INFO  server.RaftServerConfigKeys (ConfUtils.java:logGet(43)) - raft.server.log.statemachine.data.caching.enabled = true (custom)
2019-11-13 18:48:16,240 [pool-57-thread-1] INFO  segmented.SegmentedRaftLogWorker (SegmentedRaftLogWorker.java:lambda$new$0(128)) - 9582de44-b510-4bf6-b692-b66075a27588@group-898F73E51E5E-SegmentedRaftLogWorker: flushIndex: setUnconditionally 0 -> -1
2019-11-13 18:48:16,241 [pool-57-thread-1] INFO  server.RaftServerConfigKeys (ConfUtils.java:logGet(43)) - raft.server.snapshot.auto.trigger.enabled = true (custom)
2019-11-13 18:48:16,241 [pool-57-thread-1] INFO  server.RaftServerConfigKeys (ConfUtils.java:logGet(43)) - raft.server.snapshot.auto.trigger.threshold = 10000 (custom)
2019-11-13 18:48:16,241 [pool-57-thread-1] INFO  server.RaftServerConfigKeys (ConfUtils.java:logGet(43)) - raft.server.snapshot.retention.file.num = 5 (custom)
2019-11-13 18:48:16,241 [pool-57-thread-1] INFO  server.RaftServerConfigKeys (ConfUtils.java:logGet(43)) - raft.server.retrycache.expirytime = 600000ms (custom)
2019-11-13 18:48:16,241 [pool-57-thread-1] WARN  impl.MetricRegistriesImpl (MetricRegistriesImpl.java:lambda$create$1(61)) - First MetricRegistry has been created without registering reporters. You may need to call MetricRegistries.global().addReportRegistration(...) before.
2019-11-13 18:48:16,241 [pool-57-thread-1] WARN  impl.MetricRegistriesImpl (MetricRegistriesImpl.java:lambda$create$1(61)) - First MetricRegistry has been created without registering reporters. You may need to call MetricRegistries.global().addReportRegistration(...) before.
2019-11-13 18:48:16,242 [pool-57-thread-1] INFO  impl.RaftServerImpl (RaftServerImpl.java:start(184)) - 9582de44-b510-4bf6-b692-b66075a27588@group-898F73E51E5E: start as a follower, conf=-1: [9582de44-b510-4bf6-b692-b66075a27588:192.168.164.219:46083], old=null
2019-11-13 18:48:16,242 [pool-57-thread-1] INFO  impl.RaftServerImpl (RaftServerImpl.java:setRole(173)) - 9582de44-b510-4bf6-b692-b66075a27588@group-898F73E51E5E: changes role from      null to FOLLOWER at term 0 for startAsFollower
2019-11-13 18:48:16,242 [pool-57-thread-1] INFO  impl.RoleInfo (RoleInfo.java:updateAndGet(143)) - 9582de44-b510-4bf6-b692-b66075a27588: start FollowerState
2019-11-13 18:48:16,242 [pool-57-thread-1] INFO  util.JmxRegister (JmxRegister.java:tryRegister(44)) - Successfully registered JMX Bean with object name Ratis:service=RaftServer,group=group-898F73E51E5E,id=9582de44-b510-4bf6-b692-b66075a27588
2019-11-13 18:48:16,243 [pool-57-thread-1] WARN  impl.MetricRegistriesImpl (MetricRegistriesImpl.java:lambda$create$1(61)) - First MetricRegistry has been created without registering reporters. You may need to call MetricRegistries.global().addReportRegistration(...) before.
2019-11-13 18:48:16,246 [RatisPipelineUtilsThread] INFO  pipeline.PipelineStateManager (PipelineStateManager.java:addPipeline(55)) - Created pipeline Pipeline[ Id: 489df670-1055-4ebd-b34b-898f73e51e5e, Nodes: 9582de44-b510-4bf6-b692-b66075a27588{ip: 192.168.164.219, host: pr-hdds-1940-7lghg-363871468, networkLocation: /default-rack, certSerialId: null}, Type:RATIS, Factor:ONE, State:ALLOCATED]
2019-11-13 18:48:16,248 [Thread-283] INFO  pipeline.PipelineStateManager (PipelineStateManager.java:finalizePipeline(121)) - Pipeline Pipeline[ Id: c1538db3-7fd1-4e4c-ae78-74545e85c80c, Nodes: 302e21ca-1d4a-4b22-bc74-f644a63fc179{ip: 192.168.164.219, host: pr-hdds-1940-7lghg-363871468, networkLocation: /default-rack, certSerialId: null}e8491d14-0d10-4bdc-963d-f0280d0d8b35{ip: 192.168.164.219, host: pr-hdds-1940-7lghg-363871468, networkLocation: /default-rack, certSerialId: null}cb343498-03c0-425e-a729-2b4f8684daee{ip: 192.168.164.219, host: pr-hdds-1940-7lghg-363871468, networkLocation: /default-rack, certSerialId: null}, Type:RATIS, Factor:THREE, State:CLOSED] moved to CLOSED state
2019-11-13 18:48:16,249 [EventQueue-CloseContainerForCloseContainerEventHandler] INFO  container.CloseContainerEventHandler (CloseContainerEventHandler.java:onMessage(61)) - Close container Event triggered for container : #1
2019-11-13 18:48:16,252 [8a346eb0-433c-4f64-9a22-d40a83dee003@group-9622AD8B65B5-LeaderElection16] INFO  impl.LeaderElection (LeaderElection.java:logAndReturn(56)) - 8a346eb0-433c-4f64-9a22-d40a83dee003@group-9622AD8B65B5-LeaderElection16: Election PASSED; received 1 response(s) [8a346eb0-433c-4f64-9a22-d40a83dee003<-694477cc-c317-4cd0-89bd-f326ada4a5ba#0:OK-t1] and 0 exception(s); 8a346eb0-433c-4f64-9a22-d40a83dee003@group-9622AD8B65B5:t1, leader=null, voted=8a346eb0-433c-4f64-9a22-d40a83dee003, raftlog=8a346eb0-433c-4f64-9a22-d40a83dee003@group-9622AD8B65B5-SegmentedRaftLog:OPENED:c-1,f-1,i0, conf=-1: [6a4d2be6-9424-4ae4-9e09-f01b73daf36a:192.168.164.219:39773, 694477cc-c317-4cd0-89bd-f326ada4a5ba:192.168.164.219:36781, 8a346eb0-433c-4f64-9a22-d40a83dee003:192.168.164.219:45850], old=null
2019-11-13 18:48:16,254 [EventQueue-CloseContainerForCloseContainerEventHandler] INFO  container.CloseContainerEventHandler (CloseContainerEventHandler.java:onMessage(61)) - Close container Event triggered for container : #2
2019-11-13 18:48:16,254 [8a346eb0-433c-4f64-9a22-d40a83dee003@group-9622AD8B65B5-LeaderElection16] INFO  impl.RoleInfo (RoleInfo.java:shutdownLeaderElection(134)) - 8a346eb0-433c-4f64-9a22-d40a83dee003: shutdown LeaderElection
2019-11-13 18:48:16,256 [8a346eb0-433c-4f64-9a22-d40a83dee003@group-9622AD8B65B5-LeaderElection16] INFO  impl.RaftServerImpl (RaftServerImpl.java:setRole(173)) - 8a346eb0-433c-4f64-9a22-d40a83dee003@group-9622AD8B65B5: changes role from CANDIDATE to LEADER at term 1 for changeToLeader
2019-11-13 18:48:16,256 [EventQueue-CloseContainerForCloseContainerEventHandler] INFO  container.CloseContainerEventHandler (CloseContainerEventHandler.java:onMessage(61)) - Close container Event triggered for container : #3
2019-11-13 18:48:16,256 [8a346eb0-433c-4f64-9a22-d40a83dee003@group-9622AD8B65B5-LeaderElection16] INFO  ratis.XceiverServerRatis (XceiverServerRatis.java:handleLeaderChangedNotification(697)) - Leader change notification received for group: group-9622AD8B65B5 with new leaderId: 8a346eb0-433c-4f64-9a22-d40a83dee003
2019-11-13 18:48:16,256 [8a346eb0-433c-4f64-9a22-d40a83dee003@group-9622AD8B65B5-LeaderElection16] INFO  impl.RaftServerImpl (ServerState.java:setLeader(255)) - 8a346eb0-433c-4f64-9a22-d40a83dee003@group-9622AD8B65B5: change Leader from null to 8a346eb0-433c-4f64-9a22-d40a83dee003 at term 1 for becomeLeader, leader elected after 1223ms
2019-11-13 18:48:16,256 [8a346eb0-433c-4f64-9a22-d40a83dee003@group-9622AD8B65B5-LeaderElection16] INFO  server.RaftServerConfigKeys (ConfUtils.java:logGet(43)) - raft.server.staging.catchup.gap = 1000 (default)
2019-11-13 18:48:16,256 [8a346eb0-433c-4f64-9a22-d40a83dee003@group-9622AD8B65B5-LeaderElection16] INFO  server.RaftServerConfigKeys (ConfUtils.java:logGet(43)) - raft.server.rpc.sleep.time = 25ms (default)
2019-11-13 18:48:16,256 [8a346eb0-433c-4f64-9a22-d40a83dee003@group-9622AD8B65B5-LeaderElection16] INFO  server.RaftServerConfigKeys (ConfUtils.java:logGet(43)) - raft.server.write.element-limit = 4096 (default)
2019-11-13 18:48:16,257 [8a346eb0-433c-4f64-9a22-d40a83dee003@group-9622AD8B65B5-LeaderElection16] INFO  server.RaftServerConfigKeys (ConfUtils.java:logGet(43)) - raft.server.watch.timeout = 10s (default)
2019-11-13 18:48:16,257 [8a346eb0-433c-4f64-9a22-d40a83dee003@group-9622AD8B65B5-LeaderElection16] INFO  server.RaftServerConfigKeys (ConfUtils.java:logGet(43)) - raft.server.watch.timeout.denomination = 1s (default)
2019-11-13 18:48:16,257 [8a346eb0-433c-4f64-9a22-d40a83dee003@group-9622AD8B65B5-LeaderElection16] INFO  server.RaftServerConfigKeys (ConfUtils.java:logGet(43)) - raft.server.watch.element-limit = 65536 (default)
2019-11-13 18:48:16,257 [8a346eb0-433c-4f64-9a22-d40a83dee003@group-9622AD8B65B5-LeaderElection16] INFO  server.RaftServerConfigKeys (ConfUtils.java:logGet(43)) - raft.server.log.appender.snapshot.chunk.size.max = 16MB (=16777216) (default)
2019-11-13 18:48:16,257 [grpc-default-executor-0] INFO  impl.RaftServerProxy (RaftServerProxy.java:remove(95)) - 302e21ca-1d4a-4b22-bc74-f644a63fc179: remove  FOLLOWER 302e21ca-1d4a-4b22-bc74-f644a63fc179@group-74545E85C80C:t1, leader=cb343498-03c0-425e-a729-2b4f8684daee, voted=cb343498-03c0-425e-a729-2b4f8684daee, raftlog=302e21ca-1d4a-4b22-bc74-f644a63fc179@group-74545E85C80C-SegmentedRaftLog:OPENED:c0,f0,i0, conf=0: [cb343498-03c0-425e-a729-2b4f8684daee:192.168.164.219:33301, e8491d14-0d10-4bdc-963d-f0280d0d8b35:192.168.164.219:41564, 302e21ca-1d4a-4b22-bc74-f644a63fc179:192.168.164.219:35354], old=null RUNNING
2019-11-13 18:48:16,257 [EventQueue-PipelineReportForPipelineReportHandler] INFO  pipeline.PipelineStateManager (PipelineStateManager.java:openPipeline(134)) - Pipeline Pipeline[ Id: f2cbbdf9-338b-4895-87e7-9622ad8b65b5, Nodes: 8a346eb0-433c-4f64-9a22-d40a83dee003{ip: 192.168.164.219, host: pr-hdds-1940-7lghg-363871468, networkLocation: /default-rack, certSerialId: null}6a4d2be6-9424-4ae4-9e09-f01b73daf36a{ip: 192.168.164.219, host: pr-hdds-1940-7lghg-363871468, networkLocation: /default-rack, certSerialId: null}694477cc-c317-4cd0-89bd-f326ada4a5ba{ip: 192.168.164.219, host: pr-hdds-1940-7lghg-363871468, networkLocation: /default-rack, certSerialId: null}, Type:RATIS, Factor:THREE, State:OPEN] moved to OPEN state
2019-11-13 18:48:16,257 [8a346eb0-433c-4f64-9a22-d40a83dee003@group-9622AD8B65B5-LeaderElection16] INFO  server.RaftServerConfigKeys (ConfUtils.java:logGet(43)) - raft.server.log.appender.buffer.byte-limit = 33554432 (custom)
2019-11-13 18:48:16,257 [grpc-default-executor-0] INFO  impl.RaftServerImpl (RaftServerImpl.java:lambda$shutdown$3(250)) - 302e21ca-1d4a-4b22-bc74-f644a63fc179@group-74545E85C80C: shutdown
2019-11-13 18:48:16,260 [8a346eb0-433c-4f64-9a22-d40a83dee003@group-9622AD8B65B5-LeaderElection16] INFO  server.RaftServerConfigKeys (ConfUtils.java:logGet(43)) - raft.server.log.appender.buffer.element-limit = 1 (custom)
2019-11-13 18:48:16,261 [grpc-default-executor-0] INFO  util.JmxRegister (JmxRegister.java:unregister(73)) - Successfully un-registered JMX Bean with object name Ratis:service=RaftServer,group=group-74545E85C80C,id=302e21ca-1d4a-4b22-bc74-f644a63fc179
2019-11-13 18:48:16,261 [8a346eb0-433c-4f64-9a22-d40a83dee003@group-9622AD8B65B5-LeaderElection16] INFO  grpc.GrpcConfigKeys$Server (ConfUtils.java:logGet(43)) - raft.grpc.server.leader.outstanding.appends.max = 128 (default)
2019-11-13 18:48:16,261 [grpc-default-executor-0] INFO  impl.RoleInfo (RoleInfo.java:shutdownFollowerState(121)) - 302e21ca-1d4a-4b22-bc74-f644a63fc179: shutdown FollowerState
2019-11-13 18:48:16,261 [8a346eb0-433c-4f64-9a22-d40a83dee003@group-9622AD8B65B5-LeaderElection16] INFO  server.RaftServerConfigKeys (ConfUtils.java:logGet(43)) - raft.server.rpc.request.timeout = 3000ms (default)
2019-11-13 18:48:16,261 [Thread-389] INFO  impl.FollowerState (FollowerState.java:run(120)) - 302e21ca-1d4a-4b22-bc74-f644a63fc179@group-74545E85C80C-FollowerState was interrupted: java.lang.InterruptedException: sleep interrupted
2019-11-13 18:48:16,261 [grpc-default-executor-0] INFO  impl.StateMachineUpdater (StateMachineUpdater.java:stopAndJoin(136)) - 302e21ca-1d4a-4b22-bc74-f644a63fc179@group-74545E85C80C-StateMachineUpdater: set stopIndex = 0
2019-11-13 18:48:16,262 [8a346eb0-433c-4f64-9a22-d40a83dee003@group-9622AD8B65B5-LeaderElection16] INFO  server.RaftServerConfigKeys (ConfUtils.java:logGet(43)) - raft.server.log.appender.install.snapshot.enabled = false (custom)
2019-11-13 18:48:16,262 [grpc-default-executor-0] INFO  impl.RaftServerImpl (ServerState.java:close(387)) - 302e21ca-1d4a-4b22-bc74-f644a63fc179@group-74545E85C80C: closes. applyIndex: 0
2019-11-13 18:48:16,262 [8a346eb0-433c-4f64-9a22-d40a83dee003@group-9622AD8B65B5-LeaderElection16] WARN  impl.MetricRegistriesImpl (MetricRegistriesImpl.java:lambda$create$1(61)) - First MetricRegistry has been created without registering reporters. You may need to call MetricRegistries.global().addReportRegistration(...) before.
2019-11-13 18:48:16,262 [302e21ca-1d4a-4b22-bc74-f644a63fc179@group-74545E85C80C-SegmentedRaftLogWorker] INFO  segmented.SegmentedRaftLogWorker (SegmentedRaftLogWorker.java:run(316)) - 302e21ca-1d4a-4b22-bc74-f644a63fc179@group-74545E85C80C-SegmentedRaftLogWorker was interrupted, exiting. There are 0 tasks remaining in the queue.
2019-11-13 18:48:16,262 [8a346eb0-433c-4f64-9a22-d40a83dee003@group-9622AD8B65B5-LeaderElection16] INFO  server.RaftServerConfigKeys (ConfUtils.java:logGet(43)) - raft.server.log.appender.snapshot.chunk.size.max = 16MB (=16777216) (default)
2019-11-13 18:48:16,262 [grpc-default-executor-0] INFO  segmented.SegmentedRaftLogWorker (SegmentedRaftLogWorker.java:close(224)) - 302e21ca-1d4a-4b22-bc74-f644a63fc179@group-74545E85C80C-SegmentedRaftLogWorker close()
2019-11-13 18:48:16,262 [8a346eb0-433c-4f64-9a22-d40a83dee003@group-9622AD8B65B5-LeaderElection16] INFO  server.RaftServerConfigKeys (ConfUtils.java:logGet(43)) - raft.server.log.appender.buffer.byte-limit = 33554432 (custom)
2019-11-13 18:48:16,264 [8a346eb0-433c-4f64-9a22-d40a83dee003@group-9622AD8B65B5-LeaderElection16] INFO  server.RaftServerConfigKeys (ConfUtils.java:logGet(43)) - raft.server.log.appender.buffer.element-limit = 1 (custom)
2019-11-13 18:48:16,264 [8a346eb0-433c-4f64-9a22-d40a83dee003@group-9622AD8B65B5-LeaderElection16] INFO  grpc.GrpcConfigKeys$Server (ConfUtils.java:logGet(43)) - raft.grpc.server.leader.outstanding.appends.max = 128 (default)
2019-11-13 18:48:16,264 [8a346eb0-433c-4f64-9a22-d40a83dee003@group-9622AD8B65B5-LeaderElection16] INFO  server.RaftServerConfigKeys (ConfUtils.java:logGet(43)) - raft.server.rpc.request.timeout = 3000ms (default)
2019-11-13 18:48:16,264 [8a346eb0-433c-4f64-9a22-d40a83dee003@group-9622AD8B65B5-LeaderElection16] INFO  server.RaftServerConfigKeys (ConfUtils.java:logGet(43)) - raft.server.log.appender.install.snapshot.enabled = false (custom)
2019-11-13 18:48:16,264 [8a346eb0-433c-4f64-9a22-d40a83dee003@group-9622AD8B65B5-LeaderElection16] INFO  impl.RoleInfo (RoleInfo.java:updateAndGet(143)) - 8a346eb0-433c-4f64-9a22-d40a83dee003: start LeaderState
2019-11-13 18:48:16,265 [8a346eb0-433c-4f64-9a22-d40a83dee003@group-9622AD8B65B5-LeaderElection16] INFO  segmented.SegmentedRaftLogWorker (SegmentedRaftLogWorker.java:startLogSegment(385)) - 8a346eb0-433c-4f64-9a22-d40a83dee003@group-9622AD8B65B5-SegmentedRaftLogWorker: Starting segment from index:0
2019-11-13 18:48:16,265 [8a346eb0-433c-4f64-9a22-d40a83dee003@group-9622AD8B65B5-LeaderElection16] INFO  impl.RaftServerImpl (ServerState.java:setRaftConf(356)) - 8a346eb0-433c-4f64-9a22-d40a83dee003@group-9622AD8B65B5: set configuration 0: [6a4d2be6-9424-4ae4-9e09-f01b73daf36a:192.168.164.219:39773, 694477cc-c317-4cd0-89bd-f326ada4a5ba:192.168.164.219:36781, 8a346eb0-433c-4f64-9a22-d40a83dee003:192.168.164.219:45850], old=null at 0
2019-11-13 18:48:16,292 [grpc-default-executor-2] INFO  ratis.XceiverServerRatis (XceiverServerRatis.java:handleLeaderChangedNotification(697)) - Leader change notification received for group: group-9622AD8B65B5 with new leaderId: 8a346eb0-433c-4f64-9a22-d40a83dee003
2019-11-13 18:48:16,292 [grpc-default-executor-0] INFO  ratis.XceiverServerRatis (XceiverServerRatis.java:handleLeaderChangedNotification(697)) - Leader change notification received for group: group-9622AD8B65B5 with new leaderId: 8a346eb0-433c-4f64-9a22-d40a83dee003
2019-11-13 18:48:16,292 [grpc-default-executor-2] INFO  impl.RaftServerImpl (ServerState.java:setLeader(255)) - 6a4d2be6-9424-4ae4-9e09-f01b73daf36a@group-9622AD8B65B5: change Leader from null to 8a346eb0-433c-4f64-9a22-d40a83dee003 at term 1 for appendEntries, leader elected after 1259ms
2019-11-13 18:48:16,292 [grpc-default-executor-0] INFO  impl.RaftServerImpl (ServerState.java:setLeader(255)) - 694477cc-c317-4cd0-89bd-f326ada4a5ba@group-9622AD8B65B5: change Leader from null to 8a346eb0-433c-4f64-9a22-d40a83dee003 at term 1 for appendEntries, leader elected after 1259ms
2019-11-13 18:48:16,297 [grpc-default-executor-0] INFO  impl.RaftServerImpl (ServerState.java:setRaftConf(356)) - 6a4d2be6-9424-4ae4-9e09-f01b73daf36a@group-9622AD8B65B5: set configuration 0: [6a4d2be6-9424-4ae4-9e09-f01b73daf36a:192.168.164.219:39773, 694477cc-c317-4cd0-89bd-f326ada4a5ba:192.168.164.219:36781, 8a346eb0-433c-4f64-9a22-d40a83dee003:192.168.164.219:45850], old=null at 0
2019-11-13 18:48:16,298 [grpc-default-executor-0] INFO  segmented.SegmentedRaftLogWorker (SegmentedRaftLogWorker.java:startLogSegment(385)) - 6a4d2be6-9424-4ae4-9e09-f01b73daf36a@group-9622AD8B65B5-SegmentedRaftLogWorker: Starting segment from index:0
2019-11-13 18:48:16,299 [grpc-default-executor-1] INFO  impl.RaftServerImpl (ServerState.java:setRaftConf(356)) - 694477cc-c317-4cd0-89bd-f326ada4a5ba@group-9622AD8B65B5: set configuration 0: [6a4d2be6-9424-4ae4-9e09-f01b73daf36a:192.168.164.219:39773, 694477cc-c317-4cd0-89bd-f326ada4a5ba:192.168.164.219:36781, 8a346eb0-433c-4f64-9a22-d40a83dee003:192.168.164.219:45850], old=null at 0
2019-11-13 18:48:16,299 [grpc-default-executor-1] INFO  segmented.SegmentedRaftLogWorker (SegmentedRaftLogWorker.java:startLogSegment(385)) - 694477cc-c317-4cd0-89bd-f326ada4a5ba@group-9622AD8B65B5-SegmentedRaftLogWorker: Starting segment from index:0
2019-11-13 18:48:16,300 [grpc-default-executor-1] INFO  impl.RaftServerProxy (RaftServerProxy.java:remove(95)) - e8491d14-0d10-4bdc-963d-f0280d0d8b35: remove  FOLLOWER e8491d14-0d10-4bdc-963d-f0280d0d8b35@group-74545E85C80C:t1, leader=cb343498-03c0-425e-a729-2b4f8684daee, voted=cb343498-03c0-425e-a729-2b4f8684daee, raftlog=e8491d14-0d10-4bdc-963d-f0280d0d8b35@group-74545E85C80C-SegmentedRaftLog:OPENED:c0,f0,i0, conf=0: [cb343498-03c0-425e-a729-2b4f8684daee:192.168.164.219:33301, e8491d14-0d10-4bdc-963d-f0280d0d8b35:192.168.164.219:41564, 302e21ca-1d4a-4b22-bc74-f644a63fc179:192.168.164.219:35354], old=null RUNNING
2019-11-13 18:48:16,300 [grpc-default-executor-1] INFO  impl.RaftServerImpl (RaftServerImpl.java:lambda$shutdown$3(250)) - e8491d14-0d10-4bdc-963d-f0280d0d8b35@group-74545E85C80C: shutdown
2019-11-13 18:48:16,301 [grpc-default-executor-1] INFO  util.JmxRegister (JmxRegister.java:unregister(73)) - Successfully un-registered JMX Bean with object name Ratis:service=RaftServer,group=group-74545E85C80C,id=e8491d14-0d10-4bdc-963d-f0280d0d8b35
2019-11-13 18:48:16,301 [grpc-default-executor-1] INFO  impl.RoleInfo (RoleInfo.java:shutdownFollowerState(121)) - e8491d14-0d10-4bdc-963d-f0280d0d8b35: shutdown FollowerState
2019-11-13 18:48:16,301 [grpc-default-executor-1] INFO  impl.StateMachineUpdater (StateMachineUpdater.java:stopAndJoin(136)) - e8491d14-0d10-4bdc-963d-f0280d0d8b35@group-74545E85C80C-StateMachineUpdater: set stopIndex = 0
2019-11-13 18:48:16,301 [Thread-388] INFO  impl.FollowerState (FollowerState.java:run(120)) - e8491d14-0d10-4bdc-963d-f0280d0d8b35@group-74545E85C80C-FollowerState was interrupted: java.lang.InterruptedException: sleep interrupted
2019-11-13 18:48:16,330 [8a346eb0-433c-4f64-9a22-d40a83dee003@group-9622AD8B65B5-SegmentedRaftLogWorker] INFO  segmented.SegmentedRaftLogWorker (SegmentedRaftLogWorker.java:execute(576)) - 8a346eb0-433c-4f64-9a22-d40a83dee003@group-9622AD8B65B5-SegmentedRaftLogWorker: created new log segment /workdir/hadoop-ozone/integration-test/target/test-dir/MiniOzoneClusterImpl-936e8649-2eb0-4b7a-921b-5d2cce332f9c/datanode-0/data/ratis/f2cbbdf9-338b-4895-87e7-9622ad8b65b5/current/log_inprogress_0
2019-11-13 18:48:16,330 [grpc-default-executor-1] INFO  impl.RaftServerImpl (ServerState.java:close(387)) - e8491d14-0d10-4bdc-963d-f0280d0d8b35@group-74545E85C80C: closes. applyIndex: 0
2019-11-13 18:48:16,330 [e8491d14-0d10-4bdc-963d-f0280d0d8b35@group-74545E85C80C-SegmentedRaftLogWorker] INFO  segmented.SegmentedRaftLogWorker (SegmentedRaftLogWorker.java:run(316)) - e8491d14-0d10-4bdc-963d-f0280d0d8b35@group-74545E85C80C-SegmentedRaftLogWorker was interrupted, exiting. There are 0 tasks remaining in the queue.
2019-11-13 18:48:16,330 [grpc-default-executor-1] INFO  segmented.SegmentedRaftLogWorker (SegmentedRaftLogWorker.java:close(224)) - e8491d14-0d10-4bdc-963d-f0280d0d8b35@group-74545E85C80C-SegmentedRaftLogWorker close()
2019-11-13 18:48:16,339 [grpc-default-executor-1] INFO  impl.RaftServerProxy (RaftServerProxy.java:remove(95)) - cb343498-03c0-425e-a729-2b4f8684daee: remove    LEADER cb343498-03c0-425e-a729-2b4f8684daee@group-74545E85C80C:t1, leader=cb343498-03c0-425e-a729-2b4f8684daee, voted=cb343498-03c0-425e-a729-2b4f8684daee, raftlog=cb343498-03c0-425e-a729-2b4f8684daee@group-74545E85C80C-SegmentedRaftLog:OPENED:c0,f0,i0, conf=0: [cb343498-03c0-425e-a729-2b4f8684daee:192.168.164.219:33301, e8491d14-0d10-4bdc-963d-f0280d0d8b35:192.168.164.219:41564, 302e21ca-1d4a-4b22-bc74-f644a63fc179:192.168.164.219:35354], old=null RUNNING
2019-11-13 18:48:16,339 [grpc-default-executor-1] INFO  impl.RaftServerImpl (RaftServerImpl.java:lambda$shutdown$3(250)) - cb343498-03c0-425e-a729-2b4f8684daee@group-74545E85C80C: shutdown
2019-11-13 18:48:16,339 [grpc-default-executor-1] INFO  util.JmxRegister (JmxRegister.java:unregister(73)) - Successfully un-registered JMX Bean with object name Ratis:service=RaftServer,group=group-74545E85C80C,id=cb343498-03c0-425e-a729-2b4f8684daee
2019-11-13 18:48:16,339 [grpc-default-executor-1] INFO  impl.RoleInfo (RoleInfo.java:shutdownLeaderState(104)) - cb343498-03c0-425e-a729-2b4f8684daee: shutdown LeaderState
2019-11-13 18:48:16,343 [org.apache.ratis.server.impl.LogAppender$AppenderDaemon$$Lambda$487/584218662@187e80a9] WARN  server.GrpcLogAppender (GrpcLogAppender.java:mayWait(151)) - cb343498-03c0-425e-a729-2b4f8684daee@group-74545E85C80C->302e21ca-1d4a-4b22-bc74-f644a63fc179-GrpcLogAppender: Wait interrupted by java.lang.InterruptedException
2019-11-13 18:48:16,343 [grpc-default-executor-1] INFO  impl.PendingRequests (PendingRequests.java:sendNotLeaderResponses(206)) - cb343498-03c0-425e-a729-2b4f8684daee@group-74545E85C80C-PendingRequests: sendNotLeaderResponses
2019-11-13 18:48:16,345 [694477cc-c317-4cd0-89bd-f326ada4a5ba@group-9622AD8B65B5-SegmentedRaftLogWorker] INFO  segmented.SegmentedRaftLogWorker (SegmentedRaftLogWorker.java:execute(576)) - 694477cc-c317-4cd0-89bd-f326ada4a5ba@group-9622AD8B65B5-SegmentedRaftLogWorker: created new log segment /workdir/hadoop-ozone/integration-test/target/test-dir/MiniOzoneClusterImpl-936e8649-2eb0-4b7a-921b-5d2cce332f9c/datanode-5/data/ratis/f2cbbdf9-338b-4895-87e7-9622ad8b65b5/current/log_inprogress_0
2019-11-13 18:48:16,345 [6a4d2be6-9424-4ae4-9e09-f01b73daf36a@group-9622AD8B65B5-SegmentedRaftLogWorker] INFO  segmented.SegmentedRaftLogWorker (SegmentedRaftLogWorker.java:execute(576)) - 6a4d2be6-9424-4ae4-9e09-f01b73daf36a@group-9622AD8B65B5-SegmentedRaftLogWorker: created new log segment /workdir/hadoop-ozone/integration-test/target/test-dir/MiniOzoneClusterImpl-936e8649-2eb0-4b7a-921b-5d2cce332f9c/datanode-9/data/ratis/f2cbbdf9-338b-4895-87e7-9622ad8b65b5/current/log_inprogress_0
2019-11-13 18:48:16,347 [org.apache.ratis.server.impl.LogAppender$AppenderDaemon$$Lambda$487/584218662@5d7c1562] WARN  server.GrpcLogAppender (GrpcLogAppender.java:mayWait(151)) - cb343498-03c0-425e-a729-2b4f8684daee@group-74545E85C80C->e8491d14-0d10-4bdc-963d-f0280d0d8b35-GrpcLogAppender: Wait interrupted by java.lang.InterruptedException
2019-11-13 18:48:16,347 [grpc-default-executor-1] INFO  impl.StateMachineUpdater (StateMachineUpdater.java:stopAndJoin(136)) - cb343498-03c0-425e-a729-2b4f8684daee@group-74545E85C80C-StateMachineUpdater: set stopIndex = 0
2019-11-13 18:48:16,355 [grpc-default-executor-1] INFO  impl.RaftServerImpl (ServerState.java:close(387)) - cb343498-03c0-425e-a729-2b4f8684daee@group-74545E85C80C: closes. applyIndex: 0
2019-11-13 18:48:16,355 [grpc-default-executor-2] INFO  server.GrpcServerProtocolService (GrpcServerProtocolService.java:onCompleted(113)) - 302e21ca-1d4a-4b22-bc74-f644a63fc179: Completed APPEND_ENTRIES, lastRequest: cb343498-03c0-425e-a729-2b4f8684daee->302e21ca-1d4a-4b22-bc74-f644a63fc179#4-t1, previous=(t:1, i:0), leaderCommit=0, initializing? false, entries: <empty>
2019-11-13 18:48:16,355 [cb343498-03c0-425e-a729-2b4f8684daee@group-74545E85C80C-SegmentedRaftLogWorker] INFO  segmented.SegmentedRaftLogWorker (SegmentedRaftLogWorker.java:run(316)) - cb343498-03c0-425e-a729-2b4f8684daee@group-74545E85C80C-SegmentedRaftLogWorker was interrupted, exiting. There are 0 tasks remaining in the queue.
2019-11-13 18:48:16,356 [grpc-default-executor-2] INFO  server.GrpcServerProtocolService (GrpcServerProtocolService.java:onCompleted(113)) - e8491d14-0d10-4bdc-963d-f0280d0d8b35: Completed APPEND_ENTRIES, lastRequest: cb343498-03c0-425e-a729-2b4f8684daee->e8491d14-0d10-4bdc-963d-f0280d0d8b35#4-t1, previous=(t:1, i:0), leaderCommit=0, initializing? false, entries: <empty>
2019-11-13 18:48:16,356 [grpc-default-executor-1] INFO  segmented.SegmentedRaftLogWorker (SegmentedRaftLogWorker.java:close(224)) - cb343498-03c0-425e-a729-2b4f8684daee@group-74545E85C80C-SegmentedRaftLogWorker close()
2019-11-13 18:48:16,358 [grpc-default-executor-2] INFO  server.GrpcLogAppender (GrpcLogAppender.java:onCompleted(308)) - cb343498-03c0-425e-a729-2b4f8684daee@group-74545E85C80C->302e21ca-1d4a-4b22-bc74-f644a63fc179-AppendLogResponseHandler: follower responses appendEntries COMPLETED
2019-11-13 18:48:16,360 [grpc-default-executor-0] INFO  server.GrpcLogAppender (GrpcLogAppender.java:onCompleted(308)) - cb343498-03c0-425e-a729-2b4f8684daee@group-74545E85C80C->e8491d14-0d10-4bdc-963d-f0280d0d8b35-AppendLogResponseHandler: follower responses appendEntries COMPLETED
2019-11-13 18:48:16,361 [grpc-default-executor-2] INFO  impl.FollowerInfo (FollowerInfo.java:lambda$new$0(51)) - cb343498-03c0-425e-a729-2b4f8684daee@group-74545E85C80C->302e21ca-1d4a-4b22-bc74-f644a63fc179: nextIndex: updateUnconditionally 1 -> 0
2019-11-13 18:48:16,363 [grpc-default-executor-0] INFO  impl.FollowerInfo (FollowerInfo.java:lambda$new$0(51)) - cb343498-03c0-425e-a729-2b4f8684daee@group-74545E85C80C->e8491d14-0d10-4bdc-963d-f0280d0d8b35: nextIndex: updateUnconditionally 1 -> 0
2019-11-13 18:48:16,364 [Thread-283] INFO  pipeline.PipelineStateManager (PipelineStateManager.java:removePipeline(106)) - Pipeline Pipeline[ Id: c1538db3-7fd1-4e4c-ae78-74545e85c80c, Nodes: 302e21ca-1d4a-4b22-bc74-f644a63fc179{ip: 192.168.164.219, host: pr-hdds-1940-7lghg-363871468, networkLocation: /default-rack, certSerialId: null}e8491d14-0d10-4bdc-963d-f0280d0d8b35{ip: 192.168.164.219, host: pr-hdds-1940-7lghg-363871468, networkLocation: /default-rack, certSerialId: null}cb343498-03c0-425e-a729-2b4f8684daee{ip: 192.168.164.219, host: pr-hdds-1940-7lghg-363871468, networkLocation: /default-rack, certSerialId: null}, Type:RATIS, Factor:THREE, State:CLOSED] removed from db
2019-11-13 18:48:16,365 [Thread-283] INFO  pipeline.SCMPipelineManager (SCMPipelineManager.java:finalizeAndDestroyPipeline(315)) - destroying pipeline:Pipeline[ Id: a7958335-975b-4414-a941-2e7ac95e5553, Nodes: e8491d14-0d10-4bdc-963d-f0280d0d8b35{ip: 192.168.164.219, host: pr-hdds-1940-7lghg-363871468, networkLocation: /default-rack, certSerialId: null}, Type:RATIS, Factor:ONE, State:OPEN]
2019-11-13 18:48:16,373 [grpc-default-executor-0] INFO  impl.RaftServerProxy (RaftServerProxy.java:addNew(89)) - cb343498-03c0-425e-a729-2b4f8684daee: addNew group-172C83AAB92B:[cb343498-03c0-425e-a729-2b4f8684daee:192.168.164.219:33301, e8491d14-0d10-4bdc-963d-f0280d0d8b35:192.168.164.219:41564, 302e21ca-1d4a-4b22-bc74-f644a63fc179:192.168.164.219:35354] returns group-172C83AAB92B:java.util.concurrent.CompletableFuture@16f8cbc6[Not completed]
2019-11-13 18:48:16,375 [grpc-default-executor-2] INFO  impl.RaftServerProxy (RaftServerProxy.java:addNew(89)) - 302e21ca-1d4a-4b22-bc74-f644a63fc179: addNew group-172C83AAB92B:[cb343498-03c0-425e-a729-2b4f8684daee:192.168.164.219:33301, e8491d14-0d10-4bdc-963d-f0280d0d8b35:192.168.164.219:41564, 302e21ca-1d4a-4b22-bc74-f644a63fc179:192.168.164.219:35354] returns group-172C83AAB92B:java.util.concurrent.CompletableFuture@5a6458f0[Not completed]
2019-11-13 18:48:16,375 [grpc-default-executor-1] INFO  impl.RaftServerProxy (RaftServerProxy.java:addNew(89)) - e8491d14-0d10-4bdc-963d-f0280d0d8b35: addNew group-172C83AAB92B:[cb343498-03c0-425e-a729-2b4f8684daee:192.168.164.219:33301, e8491d14-0d10-4bdc-963d-f0280d0d8b35:192.168.164.219:41564, 302e21ca-1d4a-4b22-bc74-f644a63fc179:192.168.164.219:35354] returns group-172C83AAB92B:java.util.concurrent.CompletableFuture@46a2e7bc[Not completed]
2019-11-13 18:48:16,377 [pool-87-thread-1] INFO  impl.RaftServerImpl (RaftServerImpl.java:<init>(98)) - 302e21ca-1d4a-4b22-bc74-f644a63fc179: new RaftServerImpl for group-172C83AAB92B:[cb343498-03c0-425e-a729-2b4f8684daee:192.168.164.219:33301, e8491d14-0d10-4bdc-963d-f0280d0d8b35:192.168.164.219:41564, 302e21ca-1d4a-4b22-bc74-f644a63fc179:192.168.164.219:35354] with ContainerStateMachine:uninitialized
2019-11-13 18:48:16,377 [pool-87-thread-1] INFO  server.RaftServerConfigKeys (ConfUtils.java:logGet(43)) - raft.server.rpc.timeout.min = 1s (custom)
2019-11-13 18:48:16,377 [pool-87-thread-1] INFO  server.RaftServerConfigKeys (ConfUtils.java:logGet(43)) - raft.server.rpc.timeout.max = 1200ms (custom)
2019-11-13 18:48:16,377 [pool-87-thread-1] INFO  server.RaftServerConfigKeys (ConfUtils.java:logGet(43)) - raft.server.rpcslowness.timeout = 120s (custom)
2019-11-13 18:48:16,377 [pool-87-thread-1] INFO  server.RaftServerConfigKeys (ConfUtils.java:logGet(43)) - raft.server.sleep.deviation.threshold = 300 (default)
2019-11-13 18:48:16,377 [pool-87-thread-1] INFO  server.RaftServerConfigKeys (ConfUtils.java:logGet(43)) - raft.server.log.appender.install.snapshot.enabled = false (custom)
2019-11-13 18:48:16,377 [pool-87-thread-1] INFO  impl.RaftServerImpl (ServerState.java:<init>(103)) - 302e21ca-1d4a-4b22-bc74-f644a63fc179@group-172C83AAB92B: ConfigurationManager, init=-1: [cb343498-03c0-425e-a729-2b4f8684daee:192.168.164.219:33301, e8491d14-0d10-4bdc-963d-f0280d0d8b35:192.168.164.219:41564, 302e21ca-1d4a-4b22-bc74-f644a63fc179:192.168.164.219:35354], old=null, confs=<EMPTY_MAP>
2019-11-13 18:48:16,378 [pool-87-thread-1] INFO  server.RaftServerConfigKeys (ConfUtils.java:logGet(43)) - raft.server.storage.dir = [/workdir/hadoop-ozone/integration-test/target/test-dir/MiniOzoneClusterImpl-936e8649-2eb0-4b7a-921b-5d2cce332f9c/datanode-6/data/ratis] (custom)
2019-11-13 18:48:16,378 [pool-87-thread-1] INFO  server.RaftServerConfigKeys (ConfUtils.java:logGet(43)) - raft.server.log.corruption.policy = EXCEPTION (default)
2019-11-13 18:48:16,378 [pool-87-thread-1] INFO  storage.RaftStorageDirectory (RaftStorageDirectory.java:analyzeStorage(246)) - The storage directory /workdir/hadoop-ozone/integration-test/target/test-dir/MiniOzoneClusterImpl-936e8649-2eb0-4b7a-921b-5d2cce332f9c/datanode-6/data/ratis/ae0aad9b-b7dc-42a7-9669-172c83aab92b does not exist. Creating ...
2019-11-13 18:48:16,378 [pool-107-thread-1] INFO  impl.RaftServerImpl (RaftServerImpl.java:<init>(98)) - e8491d14-0d10-4bdc-963d-f0280d0d8b35: new RaftServerImpl for group-172C83AAB92B:[cb343498-03c0-425e-a729-2b4f8684daee:192.168.164.219:33301, e8491d14-0d10-4bdc-963d-f0280d0d8b35:192.168.164.219:41564, 302e21ca-1d4a-4b22-bc74-f644a63fc179:192.168.164.219:35354] with ContainerStateMachine:uninitialized
2019-11-13 18:48:16,378 [pool-107-thread-1] INFO  server.RaftServerConfigKeys (ConfUtils.java:logGet(43)) - raft.server.rpc.timeout.min = 1s (custom)
2019-11-13 18:48:16,378 [pool-107-thread-1] INFO  server.RaftServerConfigKeys (ConfUtils.java:logGet(43)) - raft.server.rpc.timeout.max = 1200ms (custom)
2019-11-13 18:48:16,379 [pool-107-thread-1] INFO  server.RaftServerConfigKeys (ConfUtils.java:logGet(43)) - raft.server.rpcslowness.timeout = 120s (custom)
2019-11-13 18:48:16,379 [pool-107-thread-1] INFO  server.RaftServerConfigKeys (ConfUtils.java:logGet(43)) - raft.server.sleep.deviation.threshold = 300 (default)
2019-11-13 18:48:16,379 [pool-107-thread-1] INFO  server.RaftServerConfigKeys (ConfUtils.java:logGet(43)) - raft.server.log.appender.install.snapshot.enabled = false (custom)
2019-11-13 18:48:16,379 [pool-107-thread-1] INFO  impl.RaftServerImpl (ServerState.java:<init>(103)) - e8491d14-0d10-4bdc-963d-f0280d0d8b35@group-172C83AAB92B: ConfigurationManager, init=-1: [cb343498-03c0-425e-a729-2b4f8684daee:192.168.164.219:33301, e8491d14-0d10-4bdc-963d-f0280d0d8b35:192.168.164.219:41564, 302e21ca-1d4a-4b22-bc74-f644a63fc179:192.168.164.219:35354], old=null, confs=<EMPTY_MAP>
2019-11-13 18:48:16,379 [pool-107-thread-1] INFO  server.RaftServerConfigKeys (ConfUtils.java:logGet(43)) - raft.server.storage.dir = [/workdir/hadoop-ozone/integration-test/target/test-dir/MiniOzoneClusterImpl-936e8649-2eb0-4b7a-921b-5d2cce332f9c/datanode-8/data/ratis] (custom)
2019-11-13 18:48:16,379 [pool-107-thread-1] INFO  server.RaftServerConfigKeys (ConfUtils.java:logGet(43)) - raft.server.log.corruption.policy = EXCEPTION (default)
2019-11-13 18:48:16,379 [pool-67-thread-1] INFO  impl.RaftServerImpl (RaftServerImpl.java:<init>(98)) - cb343498-03c0-425e-a729-2b4f8684daee: new RaftServerImpl for group-172C83AAB92B:[cb343498-03c0-425e-a729-2b4f8684daee:192.168.164.219:33301, e8491d14-0d10-4bdc-963d-f0280d0d8b35:192.168.164.219:41564, 302e21ca-1d4a-4b22-bc74-f644a63fc179:192.168.164.219:35354] with ContainerStateMachine:uninitialized
2019-11-13 18:48:16,379 [pool-107-thread-1] INFO  storage.RaftStorageDirectory (RaftStorageDirectory.java:analyzeStorage(246)) - The storage directory /workdir/hadoop-ozone/integration-test/target/test-dir/MiniOzoneClusterImpl-936e8649-2eb0-4b7a-921b-5d2cce332f9c/datanode-8/data/ratis/ae0aad9b-b7dc-42a7-9669-172c83aab92b does not exist. Creating ...
2019-11-13 18:48:16,380 [pool-67-thread-1] INFO  server.RaftServerConfigKeys (ConfUtils.java:logGet(43)) - raft.server.rpc.timeout.min = 1s (custom)
2019-11-13 18:48:16,380 [pool-67-thread-1] INFO  server.RaftServerConfigKeys (ConfUtils.java:logGet(43)) - raft.server.rpc.timeout.max = 1200ms (custom)
2019-11-13 18:48:16,380 [pool-67-thread-1] INFO  server.RaftServerConfigKeys (ConfUtils.java:logGet(43)) - raft.server.rpcslowness.timeout = 120s (custom)
2019-11-13 18:48:16,380 [pool-67-thread-1] INFO  server.RaftServerConfigKeys (ConfUtils.java:logGet(43)) - raft.server.sleep.deviation.threshold = 300 (default)
2019-11-13 18:48:16,380 [pool-67-thread-1] INFO  server.RaftServerConfigKeys (ConfUtils.java:logGet(43)) - raft.server.log.appender.install.snapshot.enabled = false (custom)
2019-11-13 18:48:16,380 [pool-67-thread-1] INFO  impl.RaftServerImpl (ServerState.java:<init>(103)) - cb343498-03c0-425e-a729-2b4f8684daee@group-172C83AAB92B: ConfigurationManager, init=-1: [cb343498-03c0-425e-a729-2b4f8684daee:192.168.164.219:33301, e8491d14-0d10-4bdc-963d-f0280d0d8b35:192.168.164.219:41564, 302e21ca-1d4a-4b22-bc74-f644a63fc179:192.168.164.219:35354], old=null, confs=<EMPTY_MAP>
2019-11-13 18:48:16,380 [pool-67-thread-1] INFO  server.RaftServerConfigKeys (ConfUtils.java:logGet(43)) - raft.server.storage.dir = [/workdir/hadoop-ozone/integration-test/target/test-dir/MiniOzoneClusterImpl-936e8649-2eb0-4b7a-921b-5d2cce332f9c/datanode-4/data/ratis] (custom)
2019-11-13 18:48:16,380 [pool-67-thread-1] INFO  server.RaftServerConfigKeys (ConfUtils.java:logGet(43)) - raft.server.log.corruption.policy = EXCEPTION (default)
2019-11-13 18:48:16,380 [pool-67-thread-1] INFO  storage.RaftStorageDirectory (RaftStorageDirectory.java:analyzeStorage(246)) - The storage directory /workdir/hadoop-ozone/integration-test/target/test-dir/MiniOzoneClusterImpl-936e8649-2eb0-4b7a-921b-5d2cce332f9c/datanode-4/data/ratis/ae0aad9b-b7dc-42a7-9669-172c83aab92b does not exist. Creating ...
2019-11-13 18:48:16,392 [pool-67-thread-1] INFO  storage.RaftStorageDirectory (RaftStorageDirectory.java:tryLock(328)) - Lock on /workdir/hadoop-ozone/integration-test/target/test-dir/MiniOzoneClusterImpl-936e8649-2eb0-4b7a-921b-5d2cce332f9c/datanode-4/data/ratis/ae0aad9b-b7dc-42a7-9669-172c83aab92b/in_use.lock acquired by nodename 19542@pr-hdds-1940-7lghg-363871468
2019-11-13 18:48:16,392 [pool-87-thread-1] INFO  storage.RaftStorageDirectory (RaftStorageDirectory.java:tryLock(328)) - Lock on /workdir/hadoop-ozone/integration-test/target/test-dir/MiniOzoneClusterImpl-936e8649-2eb0-4b7a-921b-5d2cce332f9c/datanode-6/data/ratis/ae0aad9b-b7dc-42a7-9669-172c83aab92b/in_use.lock acquired by nodename 19542@pr-hdds-1940-7lghg-363871468
2019-11-13 18:48:16,392 [pool-107-thread-1] INFO  storage.RaftStorageDirectory (RaftStorageDirectory.java:tryLock(328)) - Lock on /workdir/hadoop-ozone/integration-test/target/test-dir/MiniOzoneClusterImpl-936e8649-2eb0-4b7a-921b-5d2cce332f9c/datanode-8/data/ratis/ae0aad9b-b7dc-42a7-9669-172c83aab92b/in_use.lock acquired by nodename 19542@pr-hdds-1940-7lghg-363871468
2019-11-13 18:48:16,408 [pool-87-thread-1] INFO  storage.RaftStorage (RaftStorage.java:format(84)) - Storage directory /workdir/hadoop-ozone/integration-test/target/test-dir/MiniOzoneClusterImpl-936e8649-2eb0-4b7a-921b-5d2cce332f9c/datanode-6/data/ratis/ae0aad9b-b7dc-42a7-9669-172c83aab92b has been successfully formatted.
2019-11-13 18:48:16,408 [pool-107-thread-1] INFO  storage.RaftStorage (RaftStorage.java:format(84)) - Storage directory /workdir/hadoop-ozone/integration-test/target/test-dir/MiniOzoneClusterImpl-936e8649-2eb0-4b7a-921b-5d2cce332f9c/datanode-8/data/ratis/ae0aad9b-b7dc-42a7-9669-172c83aab92b has been successfully formatted.
2019-11-13 18:48:16,408 [pool-67-thread-1] INFO  storage.RaftStorage (RaftStorage.java:format(84)) - Storage directory /workdir/hadoop-ozone/integration-test/target/test-dir/MiniOzoneClusterImpl-936e8649-2eb0-4b7a-921b-5d2cce332f9c/datanode-4/data/ratis/ae0aad9b-b7dc-42a7-9669-172c83aab92b has been successfully formatted.
2019-11-13 18:48:16,408 [pool-87-thread-1] INFO  ratis.ContainerStateMachine (ContainerStateMachine.java:loadSnapshot(223)) - group-172C83AAB92B: The snapshot info is null. Setting the last applied indexto:(t:0, i:~)
2019-11-13 18:48:16,408 [pool-107-thread-1] INFO  ratis.ContainerStateMachine (ContainerStateMachine.java:loadSnapshot(223)) - group-172C83AAB92B: The snapshot info is null. Setting the last applied indexto:(t:0, i:~)
2019-11-13 18:48:16,408 [pool-87-thread-1] INFO  server.RaftServerConfigKeys (ConfUtils.java:logGet(43)) - raft.server.notification.no-leader.timeout = 120s (custom)
2019-11-13 18:48:16,408 [pool-67-thread-1] INFO  ratis.ContainerStateMachine (ContainerStateMachine.java:loadSnapshot(223)) - group-172C83AAB92B: The snapshot info is null. Setting the last applied indexto:(t:0, i:~)
2019-11-13 18:48:16,408 [pool-87-thread-1] INFO  server.RaftServerConfigKeys (ConfUtils.java:logGet(43)) - raft.server.log.use.memory = false (default)
2019-11-13 18:48:16,408 [pool-107-thread-1] INFO  server.RaftServerConfigKeys (ConfUtils.java:logGet(43)) - raft.server.notification.no-leader.timeout = 120s (custom)
2019-11-13 18:48:16,409 [pool-87-thread-1] INFO  server.RaftServerConfigKeys (ConfUtils.java:logGet(43)) - raft.server.log.purge.gap = 1000000 (custom)
2019-11-13 18:48:16,409 [pool-67-thread-1] INFO  server.RaftServerConfigKeys (ConfUtils.java:logGet(43)) - raft.server.notification.no-leader.timeout = 120s (custom)
2019-11-13 18:48:16,409 [pool-87-thread-1] INFO  server.RaftServerConfigKeys (ConfUtils.java:logGet(43)) - raft.server.log.appender.buffer.byte-limit = 33554432 (custom)
2019-11-13 18:48:16,409 [pool-107-thread-1] INFO  server.RaftServerConfigKeys (ConfUtils.java:logGet(43)) - raft.server.log.use.memory = false (default)
2019-11-13 18:48:16,409 [pool-87-thread-1] INFO  server.RaftServerConfigKeys (ConfUtils.java:logGet(43)) - raft.server.log.segment.size.max = 1048576 (custom)
2019-11-13 18:48:16,409 [pool-67-thread-1] INFO  server.RaftServerConfigKeys (ConfUtils.java:logGet(43)) - raft.server.log.use.memory = false (default)
2019-11-13 18:48:16,409 [pool-87-thread-1] INFO  server.RaftServerConfigKeys (ConfUtils.java:logGet(43)) - raft.server.log.segment.cache.num.max = 2 (custom)
2019-11-13 18:48:16,409 [pool-107-thread-1] INFO  server.RaftServerConfigKeys (ConfUtils.java:logGet(43)) - raft.server.log.purge.gap = 1000000 (custom)
2019-11-13 18:48:16,409 [pool-87-thread-1] INFO  segmented.SegmentedRaftLogWorker (SegmentedRaftLogWorker.java:<init>(173)) - new 302e21ca-1d4a-4b22-bc74-f644a63fc179@group-172C83AAB92B-SegmentedRaftLogWorker for RaftStorage:Storage Directory /workdir/hadoop-ozone/integration-test/target/test-dir/MiniOzoneClusterImpl-936e8649-2eb0-4b7a-921b-5d2cce332f9c/datanode-6/data/ratis/ae0aad9b-b7dc-42a7-9669-172c83aab92b
2019-11-13 18:48:16,409 [pool-67-thread-1] INFO  server.RaftServerConfigKeys (ConfUtils.java:logGet(43)) - raft.server.log.purge.gap = 1000000 (custom)
2019-11-13 18:48:16,409 [pool-87-thread-1] INFO  server.RaftServerConfigKeys (ConfUtils.java:logGet(43)) - raft.server.log.queue.byte-limit = 2147483647 (custom)
2019-11-13 18:48:16,409 [pool-107-thread-1] INFO  server.RaftServerConfigKeys (ConfUtils.java:logGet(43)) - raft.server.log.appender.buffer.byte-limit = 33554432 (custom)
2019-11-13 18:48:16,409 [pool-87-thread-1] INFO  server.RaftServerConfigKeys (ConfUtils.java:logGet(43)) - raft.server.log.queue.element-limit = 1024 (custom)
2019-11-13 18:48:16,409 [pool-67-thread-1] INFO  server.RaftServerConfigKeys (ConfUtils.java:logGet(43)) - raft.server.log.appender.buffer.byte-limit = 33554432 (custom)
2019-11-13 18:48:16,410 [pool-87-thread-1] INFO  server.RaftServerConfigKeys (ConfUtils.java:logGet(43)) - raft.server.log.segment.size.max = 1048576 (custom)
2019-11-13 18:48:16,410 [pool-107-thread-1] INFO  server.RaftServerConfigKeys (ConfUtils.java:logGet(43)) - raft.server.log.segment.size.max = 1048576 (custom)
2019-11-13 18:48:16,410 [pool-87-thread-1] INFO  server.RaftServerConfigKeys (ConfUtils.java:logGet(43)) - raft.server.log.preallocated.size = 16384 (custom)
2019-11-13 18:48:16,410 [pool-67-thread-1] INFO  server.RaftServerConfigKeys (ConfUtils.java:logGet(43)) - raft.server.log.segment.size.max = 1048576 (custom)
2019-11-13 18:48:16,410 [pool-87-thread-1] INFO  server.RaftServerConfigKeys (ConfUtils.java:logGet(43)) - raft.server.log.write.buffer.size = 33554432 (custom)
2019-11-13 18:48:16,410 [pool-107-thread-1] INFO  server.RaftServerConfigKeys (ConfUtils.java:logGet(43)) - raft.server.log.segment.cache.num.max = 2 (custom)
2019-11-13 18:48:16,410 [pool-87-thread-1] INFO  server.RaftServerConfigKeys (ConfUtils.java:logGet(43)) - raft.server.log.force.sync.num = 128 (default)
2019-11-13 18:48:16,410 [pool-67-thread-1] INFO  server.RaftServerConfigKeys (ConfUtils.java:logGet(43)) - raft.server.log.segment.cache.num.max = 2 (custom)
2019-11-13 18:48:16,410 [pool-87-thread-1] INFO  server.RaftServerConfigKeys (ConfUtils.java:logGet(43)) - raft.server.log.statemachine.data.sync = true (default)
2019-11-13 18:48:16,410 [pool-107-thread-1] INFO  segmented.SegmentedRaftLogWorker (SegmentedRaftLogWorker.java:<init>(173)) - new e8491d14-0d10-4bdc-963d-f0280d0d8b35@group-172C83AAB92B-SegmentedRaftLogWorker for RaftStorage:Storage Directory /workdir/hadoop-ozone/integration-test/target/test-dir/MiniOzoneClusterImpl-936e8649-2eb0-4b7a-921b-5d2cce332f9c/datanode-8/data/ratis/ae0aad9b-b7dc-42a7-9669-172c83aab92b
2019-11-13 18:48:16,410 [pool-87-thread-1] INFO  server.RaftServerConfigKeys (ConfUtils.java:logGet(43)) - raft.server.log.statemachine.data.sync.timeout = 10s (default)
2019-11-13 18:48:16,410 [pool-67-thread-1] INFO  segmented.SegmentedRaftLogWorker (SegmentedRaftLogWorker.java:<init>(173)) - new cb343498-03c0-425e-a729-2b4f8684daee@group-172C83AAB92B-SegmentedRaftLogWorker for RaftStorage:Storage Directory /workdir/hadoop-ozone/integration-test/target/test-dir/MiniOzoneClusterImpl-936e8649-2eb0-4b7a-921b-5d2cce332f9c/datanode-4/data/ratis/ae0aad9b-b7dc-42a7-9669-172c83aab92b
2019-11-13 18:48:16,411 [pool-87-thread-1] INFO  server.RaftServerConfigKeys (ConfUtils.java:logGet(43)) - raft.server.log.statemachine.data.sync.timeout.retry = -1 (default)
2019-11-13 18:48:16,410 [pool-107-thread-1] INFO  server.RaftServerConfigKeys (ConfUtils.java:logGet(43)) - raft.server.log.queue.byte-limit = 2147483647 (custom)
2019-11-13 18:48:16,411 [pool-67-thread-1] INFO  server.RaftServerConfigKeys (ConfUtils.java:logGet(43)) - raft.server.log.queue.byte-limit = 2147483647 (custom)
2019-11-13 18:48:16,411 [pool-87-thread-1] INFO  server.RaftServerConfigKeys (ConfUtils.java:logGet(43)) - raft.server.log.statemachine.data.caching.enabled = true (custom)
2019-11-13 18:48:16,411 [pool-107-thread-1] INFO  server.RaftServerConfigKeys (ConfUtils.java:logGet(43)) - raft.server.log.queue.element-limit = 1024 (custom)
2019-11-13 18:48:16,411 [pool-67-thread-1] INFO  server.RaftServerConfigKeys (ConfUtils.java:logGet(43)) - raft.server.log.queue.element-limit = 1024 (custom)
2019-11-13 18:48:16,411 [pool-87-thread-1] INFO  segmented.SegmentedRaftLogWorker (SegmentedRaftLogWorker.java:lambda$new$0(128)) - 302e21ca-1d4a-4b22-bc74-f644a63fc179@group-172C83AAB92B-SegmentedRaftLogWorker: flushIndex: setUnconditionally 0 -> -1
2019-11-13 18:48:16,411 [pool-107-thread-1] INFO  server.RaftServerConfigKeys (ConfUtils.java:logGet(43)) - raft.server.log.segment.size.max = 1048576 (custom)
2019-11-13 18:48:16,411 [pool-67-thread-1] INFO  server.RaftServerConfigKeys (ConfUtils.java:logGet(43)) - raft.server.log.segment.size.max = 1048576 (custom)
2019-11-13 18:48:16,411 [pool-107-thread-1] INFO  server.RaftServerConfigKeys (ConfUtils.java:logGet(43)) - raft.server.log.preallocated.size = 16384 (custom)
2019-11-13 18:48:16,411 [pool-87-thread-1] INFO  server.RaftServerConfigKeys (ConfUtils.java:logGet(43)) - raft.server.snapshot.auto.trigger.enabled = true (custom)
2019-11-13 18:48:16,411 [pool-107-thread-1] INFO  server.RaftServerConfigKeys (ConfUtils.java:logGet(43)) - raft.server.log.write.buffer.size = 33554432 (custom)
2019-11-13 18:48:16,411 [pool-67-thread-1] INFO  server.RaftServerConfigKeys (ConfUtils.java:logGet(43)) - raft.server.log.preallocated.size = 16384 (custom)
2019-11-13 18:48:16,412 [pool-107-thread-1] INFO  server.RaftServerConfigKeys (ConfUtils.java:logGet(43)) - raft.server.log.force.sync.num = 128 (default)
2019-11-13 18:48:16,412 [pool-87-thread-1] INFO  server.RaftServerConfigKeys (ConfUtils.java:logGet(43)) - raft.server.snapshot.auto.trigger.threshold = 10000 (custom)
2019-11-13 18:48:16,412 [pool-107-thread-1] INFO  server.RaftServerConfigKeys (ConfUtils.java:logGet(43)) - raft.server.log.statemachine.data.sync = true (default)
2019-11-13 18:48:16,412 [pool-67-thread-1] INFO  server.RaftServerConfigKeys (ConfUtils.java:logGet(43)) - raft.server.log.write.buffer.size = 33554432 (custom)
2019-11-13 18:48:16,412 [pool-107-thread-1] INFO  server.RaftServerConfigKeys (ConfUtils.java:logGet(43)) - raft.server.log.statemachine.data.sync.timeout = 10s (default)
2019-11-13 18:48:16,412 [pool-87-thread-1] INFO  server.RaftServerConfigKeys (ConfUtils.java:logGet(43)) - raft.server.snapshot.retention.file.num = 5 (custom)
2019-11-13 18:48:16,412 [pool-107-thread-1] INFO  server.RaftServerConfigKeys (ConfUtils.java:logGet(43)) - raft.server.log.statemachine.data.sync.timeout.retry = -1 (default)
2019-11-13 18:48:16,412 [pool-87-thread-1] INFO  server.RaftServerConfigKeys (ConfUtils.java:logGet(43)) - raft.server.retrycache.expirytime = 600000ms (custom)
2019-11-13 18:48:16,412 [pool-67-thread-1] INFO  server.RaftServerConfigKeys (ConfUtils.java:logGet(43)) - raft.server.log.force.sync.num = 128 (default)
2019-11-13 18:48:16,412 [pool-87-thread-1] WARN  impl.MetricRegistriesImpl (MetricRegistriesImpl.java:lambda$create$1(61)) - First MetricRegistry has been created without registering reporters. You may need to call MetricRegistries.global().addReportRegistration(...) before.
2019-11-13 18:48:16,412 [pool-107-thread-1] INFO  server.RaftServerConfigKeys (ConfUtils.java:logGet(43)) - raft.server.log.statemachine.data.caching.enabled = true (custom)
2019-11-13 18:48:16,413 [pool-87-thread-1] WARN  impl.MetricRegistriesImpl (MetricRegistriesImpl.java:lambda$create$1(61)) - First MetricRegistry has been created without registering reporters. You may need to call MetricRegistries.global().addReportRegistration(...) before.
2019-11-13 18:48:16,412 [pool-67-thread-1] INFO  server.RaftServerConfigKeys (ConfUtils.java:logGet(43)) - raft.server.log.statemachine.data.sync = true (default)
2019-11-13 18:48:16,413 [pool-107-thread-1] INFO  segmented.SegmentedRaftLogWorker (SegmentedRaftLogWorker.java:lambda$new$0(128)) - e8491d14-0d10-4bdc-963d-f0280d0d8b35@group-172C83AAB92B-SegmentedRaftLogWorker: flushIndex: setUnconditionally 0 -> -1
2019-11-13 18:48:16,413 [pool-87-thread-1] INFO  impl.RaftServerImpl (RaftServerImpl.java:start(184)) - 302e21ca-1d4a-4b22-bc74-f644a63fc179@group-172C83AAB92B: start as a follower, conf=-1: [cb343498-03c0-425e-a729-2b4f8684daee:192.168.164.219:33301, e8491d14-0d10-4bdc-963d-f0280d0d8b35:192.168.164.219:41564, 302e21ca-1d4a-4b22-bc74-f644a63fc179:192.168.164.219:35354], old=null
2019-11-13 18:48:16,413 [pool-67-thread-1] INFO  server.RaftServerConfigKeys (ConfUtils.java:logGet(43)) - raft.server.log.statemachine.data.sync.timeout = 10s (default)
2019-11-13 18:48:16,413 [pool-107-thread-1] INFO  server.RaftServerConfigKeys (ConfUtils.java:logGet(43)) - raft.server.snapshot.auto.trigger.enabled = true (custom)
2019-11-13 18:48:16,413 [pool-87-thread-1] INFO  impl.RaftServerImpl (RaftServerImpl.java:setRole(173)) - 302e21ca-1d4a-4b22-bc74-f644a63fc179@group-172C83AAB92B: changes role from      null to FOLLOWER at term 0 for startAsFollower
2019-11-13 18:48:16,413 [pool-107-thread-1] INFO  server.RaftServerConfigKeys (ConfUtils.java:logGet(43)) - raft.server.snapshot.auto.trigger.threshold = 10000 (custom)
2019-11-13 18:48:16,413 [pool-87-thread-1] INFO  impl.RoleInfo (RoleInfo.java:updateAndGet(143)) - 302e21ca-1d4a-4b22-bc74-f644a63fc179: start FollowerState
2019-11-13 18:48:16,413 [pool-67-thread-1] INFO  server.RaftServerConfigKeys (ConfUtils.java:logGet(43)) - raft.server.log.statemachine.data.sync.timeout.retry = -1 (default)
2019-11-13 18:48:16,413 [pool-107-thread-1] INFO  server.RaftServerConfigKeys (ConfUtils.java:logGet(43)) - raft.server.snapshot.retention.file.num = 5 (custom)
2019-11-13 18:48:16,413 [pool-67-thread-1] INFO  server.RaftServerConfigKeys (ConfUtils.java:logGet(43)) - raft.server.log.statemachine.data.caching.enabled = true (custom)
2019-11-13 18:48:16,413 [pool-107-thread-1] INFO  server.RaftServerConfigKeys (ConfUtils.java:logGet(43)) - raft.server.retrycache.expirytime = 600000ms (custom)
2019-11-13 18:48:16,414 [pool-87-thread-1] INFO  util.JmxRegister (JmxRegister.java:tryRegister(44)) - Successfully registered JMX Bean with object name Ratis:service=RaftServer,group=group-172C83AAB92B,id=302e21ca-1d4a-4b22-bc74-f644a63fc179
2019-11-13 18:48:16,414 [pool-107-thread-1] WARN  impl.MetricRegistriesImpl (MetricRegistriesImpl.java:lambda$create$1(61)) - First MetricRegistry has been created without registering reporters. You may need to call MetricRegistries.global().addReportRegistration(...) before.
2019-11-13 18:48:16,414 [pool-67-thread-1] INFO  segmented.SegmentedRaftLogWorker (SegmentedRaftLogWorker.java:lambda$new$0(128)) - cb343498-03c0-425e-a729-2b4f8684daee@group-172C83AAB92B-SegmentedRaftLogWorker: flushIndex: setUnconditionally 0 -> -1
2019-11-13 18:48:16,414 [pool-107-thread-1] WARN  impl.MetricRegistriesImpl (MetricRegistriesImpl.java:lambda$create$1(61)) - First MetricRegistry has been created without registering reporters. You may need to call MetricRegistries.global().addReportRegistration(...) before.
2019-11-13 18:48:16,414 [pool-87-thread-1] WARN  impl.MetricRegistriesImpl (MetricRegistriesImpl.java:lambda$create$1(61)) - First MetricRegistry has been created without registering reporters. You may need to call MetricRegistries.global().addReportRegistration(...) before.
2019-11-13 18:48:16,414 [pool-107-thread-1] INFO  impl.RaftServerImpl (RaftServerImpl.java:start(184)) - e8491d14-0d10-4bdc-963d-f0280d0d8b35@group-172C83AAB92B: start as a follower, conf=-1: [cb343498-03c0-425e-a729-2b4f8684daee:192.168.164.219:33301, e8491d14-0d10-4bdc-963d-f0280d0d8b35:192.168.164.219:41564, 302e21ca-1d4a-4b22-bc74-f644a63fc179:192.168.164.219:35354], old=null
2019-11-13 18:48:16,414 [pool-67-thread-1] INFO  server.RaftServerConfigKeys (ConfUtils.java:logGet(43)) - raft.server.snapshot.auto.trigger.enabled = true (custom)
2019-11-13 18:48:16,414 [pool-107-thread-1] INFO  impl.RaftServerImpl (RaftServerImpl.java:setRole(173)) - e8491d14-0d10-4bdc-963d-f0280d0d8b35@group-172C83AAB92B: changes role from      null to FOLLOWER at term 0 for startAsFollower
2019-11-13 18:48:16,414 [pool-67-thread-1] INFO  server.RaftServerConfigKeys (ConfUtils.java:logGet(43)) - raft.server.snapshot.auto.trigger.threshold = 10000 (custom)
2019-11-13 18:48:16,415 [pool-107-thread-1] INFO  impl.RoleInfo (RoleInfo.java:updateAndGet(143)) - e8491d14-0d10-4bdc-963d-f0280d0d8b35: start FollowerState
2019-11-13 18:48:16,415 [pool-67-thread-1] INFO  server.RaftServerConfigKeys (ConfUtils.java:logGet(43)) - raft.server.snapshot.retention.file.num = 5 (custom)
2019-11-13 18:48:16,415 [pool-67-thread-1] INFO  server.RaftServerConfigKeys (ConfUtils.java:logGet(43)) - raft.server.retrycache.expirytime = 600000ms (custom)
2019-11-13 18:48:16,415 [pool-67-thread-1] WARN  impl.MetricRegistriesImpl (MetricRegistriesImpl.java:lambda$create$1(61)) - First MetricRegistry has been created without registering reporters. You may need to call MetricRegistries.global().addReportRegistration(...) before.
2019-11-13 18:48:16,415 [pool-107-thread-1] INFO  util.JmxRegister (JmxRegister.java:tryRegister(44)) - Successfully registered JMX Bean with object name Ratis:service=RaftServer,group=group-172C83AAB92B,id=e8491d14-0d10-4bdc-963d-f0280d0d8b35
2019-11-13 18:48:16,415 [pool-67-thread-1] WARN  impl.MetricRegistriesImpl (MetricRegistriesImpl.java:lambda$create$1(61)) - First MetricRegistry has been created without registering reporters. You may need to call MetricRegistries.global().addReportRegistration(...) before.
2019-11-13 18:48:16,415 [pool-107-thread-1] WARN  impl.MetricRegistriesImpl (MetricRegistriesImpl.java:lambda$create$1(61)) - First MetricRegistry has been created without registering reporters. You may need to call MetricRegistries.global().addReportRegistration(...) before.
2019-11-13 18:48:16,415 [pool-67-thread-1] INFO  impl.RaftServerImpl (RaftServerImpl.java:start(184)) - cb343498-03c0-425e-a729-2b4f8684daee@group-172C83AAB92B: start as a follower, conf=-1: [cb343498-03c0-425e-a729-2b4f8684daee:192.168.164.219:33301, e8491d14-0d10-4bdc-963d-f0280d0d8b35:192.168.164.219:41564, 302e21ca-1d4a-4b22-bc74-f644a63fc179:192.168.164.219:35354], old=null
2019-11-13 18:48:16,415 [pool-67-thread-1] INFO  impl.RaftServerImpl (RaftServerImpl.java:setRole(173)) - cb343498-03c0-425e-a729-2b4f8684daee@group-172C83AAB92B: changes role from      null to FOLLOWER at term 0 for startAsFollower
2019-11-13 18:48:16,416 [pool-67-thread-1] INFO  impl.RoleInfo (RoleInfo.java:updateAndGet(143)) - cb343498-03c0-425e-a729-2b4f8684daee: start FollowerState
2019-11-13 18:48:16,416 [pool-67-thread-1] INFO  util.JmxRegister (JmxRegister.java:tryRegister(44)) - Successfully registered JMX Bean with object name Ratis:service=RaftServer,group=group-172C83AAB92B,id=cb343498-03c0-425e-a729-2b4f8684daee
2019-11-13 18:48:16,416 [pool-67-thread-1] WARN  impl.MetricRegistriesImpl (MetricRegistriesImpl.java:lambda$create$1(61)) - First MetricRegistry has been created without registering reporters. You may need to call MetricRegistries.global().addReportRegistration(...) before.
2019-11-13 18:48:16,431 [RatisPipelineUtilsThread] INFO  pipeline.PipelineStateManager (PipelineStateManager.java:addPipeline(55)) - Created pipeline Pipeline[ Id: ae0aad9b-b7dc-42a7-9669-172c83aab92b, Nodes: 302e21ca-1d4a-4b22-bc74-f644a63fc179{ip: 192.168.164.219, host: pr-hdds-1940-7lghg-363871468, networkLocation: /default-rack, certSerialId: null}e8491d14-0d10-4bdc-963d-f0280d0d8b35{ip: 192.168.164.219, host: pr-hdds-1940-7lghg-363871468, networkLocation: /default-rack, certSerialId: null}cb343498-03c0-425e-a729-2b4f8684daee{ip: 192.168.164.219, host: pr-hdds-1940-7lghg-363871468, networkLocation: /default-rack, certSerialId: null}, Type:RATIS, Factor:THREE, State:ALLOCATED]
2019-11-13 18:48:16,437 [Thread-283] INFO  pipeline.PipelineStateManager (PipelineStateManager.java:finalizePipeline(121)) - Pipeline Pipeline[ Id: a7958335-975b-4414-a941-2e7ac95e5553, Nodes: e8491d14-0d10-4bdc-963d-f0280d0d8b35{ip: 192.168.164.219, host: pr-hdds-1940-7lghg-363871468, networkLocation: /default-rack, certSerialId: null}, Type:RATIS, Factor:ONE, State:CLOSED] moved to CLOSED state
2019-11-13 18:48:16,442 [grpc-default-executor-1] INFO  impl.RaftServerProxy (RaftServerProxy.java:remove(95)) - e8491d14-0d10-4bdc-963d-f0280d0d8b35: remove    LEADER e8491d14-0d10-4bdc-963d-f0280d0d8b35@group-2E7AC95E5553:t1, leader=e8491d14-0d10-4bdc-963d-f0280d0d8b35, voted=e8491d14-0d10-4bdc-963d-f0280d0d8b35, raftlog=e8491d14-0d10-4bdc-963d-f0280d0d8b35@group-2E7AC95E5553-SegmentedRaftLog:OPENED:c0,f0,i0, conf=0: [e8491d14-0d10-4bdc-963d-f0280d0d8b35:192.168.164.219:41564], old=null RUNNING
2019-11-13 18:48:16,447 [grpc-default-executor-1] INFO  impl.RaftServerImpl (RaftServerImpl.java:lambda$shutdown$3(250)) - e8491d14-0d10-4bdc-963d-f0280d0d8b35@group-2E7AC95E5553: shutdown
2019-11-13 18:48:16,447 [grpc-default-executor-1] INFO  util.JmxRegister (JmxRegister.java:unregister(73)) - Successfully un-registered JMX Bean with object name Ratis:service=RaftServer,group=group-2E7AC95E5553,id=e8491d14-0d10-4bdc-963d-f0280d0d8b35
2019-11-13 18:48:16,447 [grpc-default-executor-1] INFO  impl.RoleInfo (RoleInfo.java:shutdownLeaderState(104)) - e8491d14-0d10-4bdc-963d-f0280d0d8b35: shutdown LeaderState
2019-11-13 18:48:16,447 [grpc-default-executor-1] INFO  impl.PendingRequests (PendingRequests.java:sendNotLeaderResponses(206)) - e8491d14-0d10-4bdc-963d-f0280d0d8b35@group-2E7AC95E5553-PendingRequests: sendNotLeaderResponses
2019-11-13 18:48:16,448 [grpc-default-executor-1] INFO  impl.StateMachineUpdater (StateMachineUpdater.java:stopAndJoin(136)) - e8491d14-0d10-4bdc-963d-f0280d0d8b35@group-2E7AC95E5553-StateMachineUpdater: set stopIndex = 0
2019-11-13 18:48:16,448 [grpc-default-executor-1] INFO  impl.RaftServerImpl (ServerState.java:close(387)) - e8491d14-0d10-4bdc-963d-f0280d0d8b35@group-2E7AC95E5553: closes. applyIndex: 0
2019-11-13 18:48:16,448 [e8491d14-0d10-4bdc-963d-f0280d0d8b35@group-2E7AC95E5553-SegmentedRaftLogWorker] INFO  segmented.SegmentedRaftLogWorker (SegmentedRaftLogWorker.java:run(316)) - e8491d14-0d10-4bdc-963d-f0280d0d8b35@group-2E7AC95E5553-SegmentedRaftLogWorker was interrupted, exiting. There are 0 tasks remaining in the queue.
2019-11-13 18:48:16,448 [grpc-default-executor-1] INFO  segmented.SegmentedRaftLogWorker (SegmentedRaftLogWorker.java:close(224)) - e8491d14-0d10-4bdc-963d-f0280d0d8b35@group-2E7AC95E5553-SegmentedRaftLogWorker close()
2019-11-13 18:48:16,461 [Thread-283] INFO  pipeline.PipelineStateManager (PipelineStateManager.java:removePipeline(106)) - Pipeline Pipeline[ Id: a7958335-975b-4414-a941-2e7ac95e5553, Nodes: e8491d14-0d10-4bdc-963d-f0280d0d8b35{ip: 192.168.164.219, host: pr-hdds-1940-7lghg-363871468, networkLocation: /default-rack, certSerialId: null}, Type:RATIS, Factor:ONE, State:CLOSED] removed from db
2019-11-13 18:48:16,461 [Thread-283] INFO  pipeline.SCMPipelineManager (SCMPipelineManager.java:finalizeAndDestroyPipeline(315)) - destroying pipeline:Pipeline[ Id: 009eb6df-6fb5-4d48-869a-7f289d6c47d8, Nodes: 6a4d2be6-9424-4ae4-9e09-f01b73daf36a{ip: 192.168.164.219, host: pr-hdds-1940-7lghg-363871468, networkLocation: /default-rack, certSerialId: null}, Type:RATIS, Factor:ONE, State:OPEN]
2019-11-13 18:48:16,470 [grpc-default-executor-1] INFO  impl.RaftServerProxy (RaftServerProxy.java:addNew(89)) - e8491d14-0d10-4bdc-963d-f0280d0d8b35: addNew group-DE803CD6E04A:[e8491d14-0d10-4bdc-963d-f0280d0d8b35:192.168.164.219:41564] returns group-DE803CD6E04A:java.util.concurrent.CompletableFuture@271658d4[Not completed]
2019-11-13 18:48:16,471 [pool-107-thread-1] INFO  impl.RaftServerImpl (RaftServerImpl.java:<init>(98)) - e8491d14-0d10-4bdc-963d-f0280d0d8b35: new RaftServerImpl for group-DE803CD6E04A:[e8491d14-0d10-4bdc-963d-f0280d0d8b35:192.168.164.219:41564] with ContainerStateMachine:uninitialized
2019-11-13 18:48:16,472 [pool-107-thread-1] INFO  server.RaftServerConfigKeys (ConfUtils.java:logGet(43)) - raft.server.rpc.timeout.min = 1s (custom)
2019-11-13 18:48:16,472 [pool-107-thread-1] INFO  server.RaftServerConfigKeys (ConfUtils.java:logGet(43)) - raft.server.rpc.timeout.max = 1200ms (custom)
2019-11-13 18:48:16,472 [pool-107-thread-1] INFO  server.RaftServerConfigKeys (ConfUtils.java:logGet(43)) - raft.server.rpcslowness.timeout = 120s (custom)
2019-11-13 18:48:16,472 [pool-107-thread-1] INFO  server.RaftServerConfigKeys (ConfUtils.java:logGet(43)) - raft.server.sleep.deviation.threshold = 300 (default)
2019-11-13 18:48:16,472 [pool-107-thread-1] INFO  server.RaftServerConfigKeys (ConfUtils.java:logGet(43)) - raft.server.log.appender.install.snapshot.enabled = false (custom)
2019-11-13 18:48:16,472 [pool-107-thread-1] INFO  impl.RaftServerImpl (ServerState.java:<init>(103)) - e8491d14-0d10-4bdc-963d-f0280d0d8b35@group-DE803CD6E04A: ConfigurationManager, init=-1: [e8491d14-0d10-4bdc-963d-f0280d0d8b35:192.168.164.219:41564], old=null, confs=<EMPTY_MAP>
2019-11-13 18:48:16,472 [pool-107-thread-1] INFO  server.RaftServerConfigKeys (ConfUtils.java:logGet(43)) - raft.server.storage.dir = [/workdir/hadoop-ozone/integration-test/target/test-dir/MiniOzoneClusterImpl-936e8649-2eb0-4b7a-921b-5d2cce332f9c/datanode-8/data/ratis] (custom)
2019-11-13 18:48:16,473 [pool-107-thread-1] INFO  server.RaftServerConfigKeys (ConfUtils.java:logGet(43)) - raft.server.log.corruption.policy = EXCEPTION (default)
2019-11-13 18:48:16,473 [pool-107-thread-1] INFO  storage.RaftStorageDirectory (RaftStorageDirectory.java:analyzeStorage(246)) - The storage directory /workdir/hadoop-ozone/integration-test/target/test-dir/MiniOzoneClusterImpl-936e8649-2eb0-4b7a-921b-5d2cce332f9c/datanode-8/data/ratis/be482a04-d659-4654-bd1b-de803cd6e04a does not exist. Creating ...
2019-11-13 18:48:16,486 [pool-107-thread-1] INFO  storage.RaftStorageDirectory (RaftStorageDirectory.java:tryLock(328)) - Lock on /workdir/hadoop-ozone/integration-test/target/test-dir/MiniOzoneClusterImpl-936e8649-2eb0-4b7a-921b-5d2cce332f9c/datanode-8/data/ratis/be482a04-d659-4654-bd1b-de803cd6e04a/in_use.lock acquired by nodename 19542@pr-hdds-1940-7lghg-363871468
2019-11-13 18:48:16,498 [main] INFO  impl.MetricsSystemImpl (MetricsSystemImpl.java:init(158)) - XceiverClientMetrics metrics system started (again)
2019-11-13 18:48:16,499 [pool-107-thread-1] INFO  storage.RaftStorage (RaftStorage.java:format(84)) - Storage directory /workdir/hadoop-ozone/integration-test/target/test-dir/MiniOzoneClusterImpl-936e8649-2eb0-4b7a-921b-5d2cce332f9c/datanode-8/data/ratis/be482a04-d659-4654-bd1b-de803cd6e04a has been successfully formatted.
2019-11-13 18:48:16,500 [pool-107-thread-1] INFO  ratis.ContainerStateMachine (ContainerStateMachine.java:loadSnapshot(223)) - group-DE803CD6E04A: The snapshot info is null. Setting the last applied indexto:(t:0, i:~)
2019-11-13 18:48:16,500 [pool-107-thread-1] INFO  server.RaftServerConfigKeys (ConfUtils.java:logGet(43)) - raft.server.notification.no-leader.timeout = 120s (custom)
2019-11-13 18:48:16,500 [pool-107-thread-1] INFO  server.RaftServerConfigKeys (ConfUtils.java:logGet(43)) - raft.server.log.use.memory = false (default)
2019-11-13 18:48:16,500 [pool-107-thread-1] INFO  server.RaftServerConfigKeys (ConfUtils.java:logGet(43)) - raft.server.log.purge.gap = 1000000 (custom)
2019-11-13 18:48:16,500 [pool-107-thread-1] INFO  server.RaftServerConfigKeys (ConfUtils.java:logGet(43)) - raft.server.log.appender.buffer.byte-limit = 33554432 (custom)
2019-11-13 18:48:16,500 [pool-107-thread-1] INFO  server.RaftServerConfigKeys (ConfUtils.java:logGet(43)) - raft.server.log.segment.size.max = 1048576 (custom)
2019-11-13 18:48:16,500 [pool-107-thread-1] INFO  server.RaftServerConfigKeys (ConfUtils.java:logGet(43)) - raft.server.log.segment.cache.num.max = 2 (custom)
2019-11-13 18:48:16,500 [pool-107-thread-1] INFO  segmented.SegmentedRaftLogWorker (SegmentedRaftLogWorker.java:<init>(173)) - new e8491d14-0d10-4bdc-963d-f0280d0d8b35@group-DE803CD6E04A-SegmentedRaftLogWorker for RaftStorage:Storage Directory /workdir/hadoop-ozone/integration-test/target/test-dir/MiniOzoneClusterImpl-936e8649-2eb0-4b7a-921b-5d2cce332f9c/datanode-8/data/ratis/be482a04-d659-4654-bd1b-de803cd6e04a
2019-11-13 18:48:16,500 [pool-107-thread-1] INFO  server.RaftServerConfigKeys (ConfUtils.java:logGet(43)) - raft.server.log.queue.byte-limit = 2147483647 (custom)
2019-11-13 18:48:16,500 [pool-107-thread-1] INFO  server.RaftServerConfigKeys (ConfUtils.java:logGet(43)) - raft.server.log.queue.element-limit = 1024 (custom)
2019-11-13 18:48:16,500 [pool-107-thread-1] INFO  server.RaftServerConfigKeys (ConfUtils.java:logGet(43)) - raft.server.log.segment.size.max = 1048576 (custom)
2019-11-13 18:48:16,501 [pool-107-thread-1] INFO  server.RaftServerConfigKeys (ConfUtils.java:logGet(43)) - raft.server.log.preallocated.size = 16384 (custom)
2019-11-13 18:48:16,501 [pool-107-thread-1] INFO  server.RaftServerConfigKeys (ConfUtils.java:logGet(43)) - raft.server.log.write.buffer.size = 33554432 (custom)
2019-11-13 18:48:16,501 [pool-107-thread-1] INFO  server.RaftServerConfigKeys (ConfUtils.java:logGet(43)) - raft.server.log.force.sync.num = 128 (default)
2019-11-13 18:48:16,501 [pool-107-thread-1] INFO  server.RaftServerConfigKeys (ConfUtils.java:logGet(43)) - raft.server.log.statemachine.data.sync = true (default)
2019-11-13 18:48:16,501 [pool-107-thread-1] INFO  server.RaftServerConfigKeys (ConfUtils.java:logGet(43)) - raft.server.log.statemachine.data.sync.timeout = 10s (default)
2019-11-13 18:48:16,501 [pool-107-thread-1] INFO  server.RaftServerConfigKeys (ConfUtils.java:logGet(43)) - raft.server.log.statemachine.data.sync.timeout.retry = -1 (default)
2019-11-13 18:48:16,501 [pool-107-thread-1] INFO  server.RaftServerConfigKeys (ConfUtils.java:logGet(43)) - raft.server.log.statemachine.data.caching.enabled = true (custom)
2019-11-13 18:48:16,501 [pool-107-thread-1] INFO  segmented.SegmentedRaftLogWorker (SegmentedRaftLogWorker.java:lambda$new$0(128)) - e8491d14-0d10-4bdc-963d-f0280d0d8b35@group-DE803CD6E04A-SegmentedRaftLogWorker: flushIndex: setUnconditionally 0 -> -1
2019-11-13 18:48:16,502 [pool-107-thread-1] INFO  server.RaftServerConfigKeys (ConfUtils.java:logGet(43)) - raft.server.snapshot.auto.trigger.enabled = true (custom)
2019-11-13 18:48:16,502 [pool-107-thread-1] INFO  server.RaftServerConfigKeys (ConfUtils.java:logGet(43)) - raft.server.snapshot.auto.trigger.threshold = 10000 (custom)
2019-11-13 18:48:16,502 [pool-107-thread-1] INFO  server.RaftServerConfigKeys (ConfUtils.java:logGet(43)) - raft.server.snapshot.retention.file.num = 5 (custom)
2019-11-13 18:48:16,502 [pool-107-thread-1] INFO  server.RaftServerConfigKeys (ConfUtils.java:logGet(43)) - raft.server.retrycache.expirytime = 600000ms (custom)
2019-11-13 18:48:16,502 [pool-107-thread-1] WARN  impl.MetricRegistriesImpl (MetricRegistriesImpl.java:lambda$create$1(61)) - First MetricRegistry has been created without registering reporters. You may need to call MetricRegistries.global().addReportRegistration(...) before.
2019-11-13 18:48:16,502 [pool-107-thread-1] WARN  impl.MetricRegistriesImpl (MetricRegistriesImpl.java:lambda$create$1(61)) - First MetricRegistry has been created without registering reporters. You may need to call MetricRegistries.global().addReportRegistration(...) before.
2019-11-13 18:48:16,502 [pool-107-thread-1] INFO  impl.RaftServerImpl (RaftServerImpl.java:start(184)) - e8491d14-0d10-4bdc-963d-f0280d0d8b35@group-DE803CD6E04A: start as a follower, conf=-1: [e8491d14-0d10-4bdc-963d-f0280d0d8b35:192.168.164.219:41564], old=null
2019-11-13 18:48:16,502 [pool-107-thread-1] INFO  impl.RaftServerImpl (RaftServerImpl.java:setRole(173)) - e8491d14-0d10-4bdc-963d-f0280d0d8b35@group-DE803CD6E04A: changes role from      null to FOLLOWER at term 0 for startAsFollower
2019-11-13 18:48:16,503 [pool-107-thread-1] INFO  impl.RoleInfo (RoleInfo.java:updateAndGet(143)) - e8491d14-0d10-4bdc-963d-f0280d0d8b35: start FollowerState
2019-11-13 18:48:16,503 [pool-107-thread-1] INFO  util.JmxRegister (JmxRegister.java:tryRegister(44)) - Successfully registered JMX Bean with object name Ratis:service=RaftServer,group=group-DE803CD6E04A,id=e8491d14-0d10-4bdc-963d-f0280d0d8b35
2019-11-13 18:48:16,503 [pool-107-thread-1] WARN  impl.MetricRegistriesImpl (MetricRegistriesImpl.java:lambda$create$1(61)) - First MetricRegistry has been created without registering reporters. You may need to call MetricRegistries.global().addReportRegistration(...) before.
2019-11-13 18:48:16,506 [RatisPipelineUtilsThread] INFO  pipeline.PipelineStateManager (PipelineStateManager.java:addPipeline(55)) - Created pipeline Pipeline[ Id: be482a04-d659-4654-bd1b-de803cd6e04a, Nodes: e8491d14-0d10-4bdc-963d-f0280d0d8b35{ip: 192.168.164.219, host: pr-hdds-1940-7lghg-363871468, networkLocation: /default-rack, certSerialId: null}, Type:RATIS, Factor:ONE, State:ALLOCATED]
2019-11-13 18:48:16,507 [Thread-283] INFO  pipeline.PipelineStateManager (PipelineStateManager.java:finalizePipeline(121)) - Pipeline Pipeline[ Id: 009eb6df-6fb5-4d48-869a-7f289d6c47d8, Nodes: 6a4d2be6-9424-4ae4-9e09-f01b73daf36a{ip: 192.168.164.219, host: pr-hdds-1940-7lghg-363871468, networkLocation: /default-rack, certSerialId: null}, Type:RATIS, Factor:ONE, State:CLOSED] moved to CLOSED state
2019-11-13 18:48:16,514 [grpc-default-executor-1] INFO  impl.RaftServerProxy (RaftServerProxy.java:remove(95)) - 6a4d2be6-9424-4ae4-9e09-f01b73daf36a: remove    LEADER 6a4d2be6-9424-4ae4-9e09-f01b73daf36a@group-7F289D6C47D8:t1, leader=6a4d2be6-9424-4ae4-9e09-f01b73daf36a, voted=6a4d2be6-9424-4ae4-9e09-f01b73daf36a, raftlog=6a4d2be6-9424-4ae4-9e09-f01b73daf36a@group-7F289D6C47D8-SegmentedRaftLog:OPENED:c0,f0,i0, conf=0: [6a4d2be6-9424-4ae4-9e09-f01b73daf36a:192.168.164.219:39773], old=null RUNNING
2019-11-13 18:48:16,514 [grpc-default-executor-1] INFO  impl.RaftServerImpl (RaftServerImpl.java:lambda$shutdown$3(250)) - 6a4d2be6-9424-4ae4-9e09-f01b73daf36a@group-7F289D6C47D8: shutdown
2019-11-13 18:48:16,515 [grpc-default-executor-1] INFO  util.JmxRegister (JmxRegister.java:unregister(73)) - Successfully un-registered JMX Bean with object name Ratis:service=RaftServer,group=group-7F289D6C47D8,id=6a4d2be6-9424-4ae4-9e09-f01b73daf36a
2019-11-13 18:48:16,515 [grpc-default-executor-1] INFO  impl.RoleInfo (RoleInfo.java:shutdownLeaderState(104)) - 6a4d2be6-9424-4ae4-9e09-f01b73daf36a: shutdown LeaderState
2019-11-13 18:48:16,515 [grpc-default-executor-1] INFO  impl.PendingRequests (PendingRequests.java:sendNotLeaderResponses(206)) - 6a4d2be6-9424-4ae4-9e09-f01b73daf36a@group-7F289D6C47D8-PendingRequests: sendNotLeaderResponses
2019-11-13 18:48:16,515 [grpc-default-executor-1] INFO  impl.StateMachineUpdater (StateMachineUpdater.java:stopAndJoin(136)) - 6a4d2be6-9424-4ae4-9e09-f01b73daf36a@group-7F289D6C47D8-StateMachineUpdater: set stopIndex = 0
2019-11-13 18:48:16,515 [grpc-default-executor-1] INFO  impl.RaftServerImpl (ServerState.java:close(387)) - 6a4d2be6-9424-4ae4-9e09-f01b73daf36a@group-7F289D6C47D8: closes. applyIndex: 0
2019-11-13 18:48:16,516 [6a4d2be6-9424-4ae4-9e09-f01b73daf36a@group-7F289D6C47D8-SegmentedRaftLogWorker] INFO  segmented.SegmentedRaftLogWorker (SegmentedRaftLogWorker.java:run(316)) - 6a4d2be6-9424-4ae4-9e09-f01b73daf36a@group-7F289D6C47D8-SegmentedRaftLogWorker was interrupted, exiting. There are 0 tasks remaining in the queue.
2019-11-13 18:48:16,516 [grpc-default-executor-1] INFO  segmented.SegmentedRaftLogWorker (SegmentedRaftLogWorker.java:close(224)) - 6a4d2be6-9424-4ae4-9e09-f01b73daf36a@group-7F289D6C47D8-SegmentedRaftLogWorker close()
2019-11-13 18:48:16,522 [Thread-283] INFO  pipeline.PipelineStateManager (PipelineStateManager.java:removePipeline(106)) - Pipeline Pipeline[ Id: 009eb6df-6fb5-4d48-869a-7f289d6c47d8, Nodes: 6a4d2be6-9424-4ae4-9e09-f01b73daf36a{ip: 192.168.164.219, host: pr-hdds-1940-7lghg-363871468, networkLocation: /default-rack, certSerialId: null}, Type:RATIS, Factor:ONE, State:CLOSED] removed from db
2019-11-13 18:48:16,528 [grpc-default-executor-1] INFO  impl.RaftServerProxy (RaftServerProxy.java:addNew(89)) - 6a4d2be6-9424-4ae4-9e09-f01b73daf36a: addNew group-BAECA272C190:[6a4d2be6-9424-4ae4-9e09-f01b73daf36a:192.168.164.219:39773] returns group-BAECA272C190:java.util.concurrent.CompletableFuture@6db7fc67[Not completed]
2019-11-13 18:48:16,530 [pool-117-thread-1] INFO  impl.RaftServerImpl (RaftServerImpl.java:<init>(98)) - 6a4d2be6-9424-4ae4-9e09-f01b73daf36a: new RaftServerImpl for group-BAECA272C190:[6a4d2be6-9424-4ae4-9e09-f01b73daf36a:192.168.164.219:39773] with ContainerStateMachine:uninitialized
2019-11-13 18:48:16,530 [pool-117-thread-1] INFO  server.RaftServerConfigKeys (ConfUtils.java:logGet(43)) - raft.server.rpc.timeout.min = 1s (custom)
2019-11-13 18:48:16,530 [pool-117-thread-1] INFO  server.RaftServerConfigKeys (ConfUtils.java:logGet(43)) - raft.server.rpc.timeout.max = 1200ms (custom)
2019-11-13 18:48:16,530 [pool-117-thread-1] INFO  server.RaftServerConfigKeys (ConfUtils.java:logGet(43)) - raft.server.rpcslowness.timeout = 120s (custom)
2019-11-13 18:48:16,531 [pool-117-thread-1] INFO  server.RaftServerConfigKeys (ConfUtils.java:logGet(43)) - raft.server.sleep.deviation.threshold = 300 (default)
2019-11-13 18:48:16,531 [pool-117-thread-1] INFO  server.RaftServerConfigKeys (ConfUtils.java:logGet(43)) - raft.server.log.appender.install.snapshot.enabled = false (custom)
2019-11-13 18:48:16,531 [pool-117-thread-1] INFO  impl.RaftServerImpl (ServerState.java:<init>(103)) - 6a4d2be6-9424-4ae4-9e09-f01b73daf36a@group-BAECA272C190: ConfigurationManager, init=-1: [6a4d2be6-9424-4ae4-9e09-f01b73daf36a:192.168.164.219:39773], old=null, confs=<EMPTY_MAP>
2019-11-13 18:48:16,531 [pool-117-thread-1] INFO  server.RaftServerConfigKeys (ConfUtils.java:logGet(43)) - raft.server.storage.dir = [/workdir/hadoop-ozone/integration-test/target/test-dir/MiniOzoneClusterImpl-936e8649-2eb0-4b7a-921b-5d2cce332f9c/datanode-9/data/ratis] (custom)
2019-11-13 18:48:16,531 [pool-117-thread-1] INFO  server.RaftServerConfigKeys (ConfUtils.java:logGet(43)) - raft.server.log.corruption.policy = EXCEPTION (default)
2019-11-13 18:48:16,532 [pool-117-thread-1] INFO  storage.RaftStorageDirectory (RaftStorageDirectory.java:analyzeStorage(246)) - The storage directory /workdir/hadoop-ozone/integration-test/target/test-dir/MiniOzoneClusterImpl-936e8649-2eb0-4b7a-921b-5d2cce332f9c/datanode-9/data/ratis/8404a878-6bab-43e4-8908-baeca272c190 does not exist. Creating ...
2019-11-13 18:48:16,545 [pool-117-thread-1] INFO  storage.RaftStorageDirectory (RaftStorageDirectory.java:tryLock(328)) - Lock on /workdir/hadoop-ozone/integration-test/target/test-dir/MiniOzoneClusterImpl-936e8649-2eb0-4b7a-921b-5d2cce332f9c/datanode-9/data/ratis/8404a878-6bab-43e4-8908-baeca272c190/in_use.lock acquired by nodename 19542@pr-hdds-1940-7lghg-363871468
2019-11-13 18:48:16,558 [pool-117-thread-1] INFO  storage.RaftStorage (RaftStorage.java:format(84)) - Storage directory /workdir/hadoop-ozone/integration-test/target/test-dir/MiniOzoneClusterImpl-936e8649-2eb0-4b7a-921b-5d2cce332f9c/datanode-9/data/ratis/8404a878-6bab-43e4-8908-baeca272c190 has been successfully formatted.
2019-11-13 18:48:16,558 [pool-117-thread-1] INFO  ratis.ContainerStateMachine (ContainerStateMachine.java:loadSnapshot(223)) - group-BAECA272C190: The snapshot info is null. Setting the last applied indexto:(t:0, i:~)
2019-11-13 18:48:16,558 [pool-117-thread-1] INFO  server.RaftServerConfigKeys (ConfUtils.java:logGet(43)) - raft.server.notification.no-leader.timeout = 120s (custom)
2019-11-13 18:48:16,558 [pool-117-thread-1] INFO  server.RaftServerConfigKeys (ConfUtils.java:logGet(43)) - raft.server.log.use.memory = false (default)
2019-11-13 18:48:16,558 [pool-117-thread-1] INFO  server.RaftServerConfigKeys (ConfUtils.java:logGet(43)) - raft.server.log.purge.gap = 1000000 (custom)
2019-11-13 18:48:16,558 [pool-117-thread-1] INFO  server.RaftServerConfigKeys (ConfUtils.java:logGet(43)) - raft.server.log.appender.buffer.byte-limit = 33554432 (custom)
2019-11-13 18:48:16,558 [pool-117-thread-1] INFO  server.RaftServerConfigKeys (ConfUtils.java:logGet(43)) - raft.server.log.segment.size.max = 1048576 (custom)
2019-11-13 18:48:16,559 [pool-117-thread-1] INFO  server.RaftServerConfigKeys (ConfUtils.java:logGet(43)) - raft.server.log.segment.cache.num.max = 2 (custom)
2019-11-13 18:48:16,559 [pool-117-thread-1] INFO  segmented.SegmentedRaftLogWorker (SegmentedRaftLogWorker.java:<init>(173)) - new 6a4d2be6-9424-4ae4-9e09-f01b73daf36a@group-BAECA272C190-SegmentedRaftLogWorker for RaftStorage:Storage Directory /workdir/hadoop-ozone/integration-test/target/test-dir/MiniOzoneClusterImpl-936e8649-2eb0-4b7a-921b-5d2cce332f9c/datanode-9/data/ratis/8404a878-6bab-43e4-8908-baeca272c190
2019-11-13 18:48:16,559 [pool-117-thread-1] INFO  server.RaftServerConfigKeys (ConfUtils.java:logGet(43)) - raft.server.log.queue.byte-limit = 2147483647 (custom)
2019-11-13 18:48:16,559 [pool-117-thread-1] INFO  server.RaftServerConfigKeys (ConfUtils.java:logGet(43)) - raft.server.log.queue.element-limit = 1024 (custom)
2019-11-13 18:48:16,559 [pool-117-thread-1] INFO  server.RaftServerConfigKeys (ConfUtils.java:logGet(43)) - raft.server.log.segment.size.max = 1048576 (custom)
2019-11-13 18:48:16,559 [pool-117-thread-1] INFO  server.RaftServerConfigKeys (ConfUtils.java:logGet(43)) - raft.server.log.preallocated.size = 16384 (custom)
2019-11-13 18:48:16,559 [pool-117-thread-1] INFO  server.RaftServerConfigKeys (ConfUtils.java:logGet(43)) - raft.server.log.write.buffer.size = 33554432 (custom)
2019-11-13 18:48:16,559 [pool-117-thread-1] INFO  server.RaftServerConfigKeys (ConfUtils.java:logGet(43)) - raft.server.log.force.sync.num = 128 (default)
2019-11-13 18:48:16,559 [pool-117-thread-1] INFO  server.RaftServerConfigKeys (ConfUtils.java:logGet(43)) - raft.server.log.statemachine.data.sync = true (default)
2019-11-13 18:48:16,559 [pool-117-thread-1] INFO  server.RaftServerConfigKeys (ConfUtils.java:logGet(43)) - raft.server.log.statemachine.data.sync.timeout = 10s (default)
2019-11-13 18:48:16,559 [pool-117-thread-1] INFO  server.RaftServerConfigKeys (ConfUtils.java:logGet(43)) - raft.server.log.statemachine.data.sync.timeout.retry = -1 (default)
2019-11-13 18:48:16,560 [pool-117-thread-1] INFO  server.RaftServerConfigKeys (ConfUtils.java:logGet(43)) - raft.server.log.statemachine.data.caching.enabled = true (custom)
2019-11-13 18:48:16,560 [pool-117-thread-1] INFO  segmented.SegmentedRaftLogWorker (SegmentedRaftLogWorker.java:lambda$new$0(128)) - 6a4d2be6-9424-4ae4-9e09-f01b73daf36a@group-BAECA272C190-SegmentedRaftLogWorker: flushIndex: setUnconditionally 0 -> -1
2019-11-13 18:48:16,560 [pool-117-thread-1] INFO  server.RaftServerConfigKeys (ConfUtils.java:logGet(43)) - raft.server.snapshot.auto.trigger.enabled = true (custom)
2019-11-13 18:48:16,560 [pool-117-thread-1] INFO  server.RaftServerConfigKeys (ConfUtils.java:logGet(43)) - raft.server.snapshot.auto.trigger.threshold = 10000 (custom)
2019-11-13 18:48:16,560 [pool-117-thread-1] INFO  server.RaftServerConfigKeys (ConfUtils.java:logGet(43)) - raft.server.snapshot.retention.file.num = 5 (custom)
2019-11-13 18:48:16,560 [pool-117-thread-1] INFO  server.RaftServerConfigKeys (ConfUtils.java:logGet(43)) - raft.server.retrycache.expirytime = 600000ms (custom)
2019-11-13 18:48:16,561 [pool-117-thread-1] WARN  impl.MetricRegistriesImpl (MetricRegistriesImpl.java:lambda$create$1(61)) - First MetricRegistry has been created without registering reporters. You may need to call MetricRegistries.global().addReportRegistration(...) before.
2019-11-13 18:48:16,561 [pool-117-thread-1] WARN  impl.MetricRegistriesImpl (MetricRegistriesImpl.java:lambda$create$1(61)) - First MetricRegistry has been created without registering reporters. You may need to call MetricRegistries.global().addReportRegistration(...) before.
2019-11-13 18:48:16,561 [pool-117-thread-1] INFO  impl.RaftServerImpl (RaftServerImpl.java:start(184)) - 6a4d2be6-9424-4ae4-9e09-f01b73daf36a@group-BAECA272C190: start as a follower, conf=-1: [6a4d2be6-9424-4ae4-9e09-f01b73daf36a:192.168.164.219:39773], old=null
2019-11-13 18:48:16,561 [pool-117-thread-1] INFO  impl.RaftServerImpl (RaftServerImpl.java:setRole(173)) - 6a4d2be6-9424-4ae4-9e09-f01b73daf36a@group-BAECA272C190: changes role from      null to FOLLOWER at term 0 for startAsFollower
2019-11-13 18:48:16,561 [pool-117-thread-1] INFO  impl.RoleInfo (RoleInfo.java:updateAndGet(143)) - 6a4d2be6-9424-4ae4-9e09-f01b73daf36a: start FollowerState
2019-11-13 18:48:16,561 [pool-117-thread-1] INFO  util.JmxRegister (JmxRegister.java:tryRegister(44)) - Successfully registered JMX Bean with object name Ratis:service=RaftServer,group=group-BAECA272C190,id=6a4d2be6-9424-4ae4-9e09-f01b73daf36a
2019-11-13 18:48:16,561 [pool-117-thread-1] WARN  impl.MetricRegistriesImpl (MetricRegistriesImpl.java:lambda$create$1(61)) - First MetricRegistry has been created without registering reporters. You may need to call MetricRegistries.global().addReportRegistration(...) before.
2019-11-13 18:48:16,564 [RatisPipelineUtilsThread] INFO  pipeline.PipelineStateManager (PipelineStateManager.java:addPipeline(55)) - Created pipeline Pipeline[ Id: 8404a878-6bab-43e4-8908-baeca272c190, Nodes: 6a4d2be6-9424-4ae4-9e09-f01b73daf36a{ip: 192.168.164.219, host: pr-hdds-1940-7lghg-363871468, networkLocation: /default-rack, certSerialId: null}, Type:RATIS, Factor:ONE, State:ALLOCATED]
2019-11-13 18:48:16,671 [main] WARN  io.KeyOutputStream (KeyOutputStream.java:handleException(274)) - Encountered exception java.io.IOException: Unexpected Storage Container Exception: java.util.concurrent.CompletionException: java.util.concurrent.CompletionException: org.apache.ratis.protocol.AlreadyClosedException: SlidingWindow$Client:client-A14512F840AE->RAFT is closed. on the pipeline Pipeline[ Id: c1538db3-7fd1-4e4c-ae78-74545e85c80c, Nodes: 302e21ca-1d4a-4b22-bc74-f644a63fc179{ip: 192.168.164.219, host: pr-hdds-1940-7lghg-363871468, networkLocation: /default-rack, certSerialId: null}e8491d14-0d10-4bdc-963d-f0280d0d8b35{ip: 192.168.164.219, host: pr-hdds-1940-7lghg-363871468, networkLocation: /default-rack, certSerialId: null}cb343498-03c0-425e-a729-2b4f8684daee{ip: 192.168.164.219, host: pr-hdds-1940-7lghg-363871468, networkLocation: /default-rack, certSerialId: null}, Type:RATIS, Factor:THREE, State:OPEN]. The last committed block length is 0, uncommitted data length is 2097152 retry count 0
2019-11-13 18:48:16,679 [main] INFO  io.BlockOutputStreamEntryPool (BlockOutputStreamEntryPool.java:allocateNewBlock(257)) - Allocating block with ExcludeList {datanodes = [], containerIds = [], pipelineIds = [PipelineID=c1538db3-7fd1-4e4c-ae78-74545e85c80c]}
2019-11-13 18:48:16,918 [Thread-435] INFO  impl.FollowerState (FollowerState.java:run(111)) - 9ee498fb-dbd1-4b89-b28c-40ca18800c49@group-CEC72933519B-FollowerState: change to CANDIDATE, lastRpcTime:1141ms, electionTimeout:1141ms
2019-11-13 18:48:16,920 [Thread-435] INFO  impl.RoleInfo (RoleInfo.java:shutdownFollowerState(121)) - 9ee498fb-dbd1-4b89-b28c-40ca18800c49: shutdown FollowerState
2019-11-13 18:48:16,920 [Thread-435] INFO  impl.RaftServerImpl (RaftServerImpl.java:setRole(173)) - 9ee498fb-dbd1-4b89-b28c-40ca18800c49@group-CEC72933519B: changes role from  FOLLOWER to CANDIDATE at term 0 for changeToCandidate
2019-11-13 18:48:16,920 [Thread-435] INFO  impl.RoleInfo (RoleInfo.java:updateAndGet(143)) - 9ee498fb-dbd1-4b89-b28c-40ca18800c49: start LeaderElection
2019-11-13 18:48:16,938 [9ee498fb-dbd1-4b89-b28c-40ca18800c49@group-CEC72933519B-LeaderElection17] INFO  impl.LeaderElection (LeaderElection.java:askForVotes(178)) - 9ee498fb-dbd1-4b89-b28c-40ca18800c49@group-CEC72933519B-LeaderElection17: begin an election at term 1 for -1: [9582de44-b510-4bf6-b692-b66075a27588:192.168.164.219:46083, 9ee498fb-dbd1-4b89-b28c-40ca18800c49:192.168.164.219:36915, 19b56e57-c404-4271-b4fe-c6c2e842ae91:192.168.164.219:41012], old=null
2019-11-13 18:48:16,949 [grpc-default-executor-2] INFO  impl.RaftServerImpl (RaftServerImpl.java:setRole(173)) - 19b56e57-c404-4271-b4fe-c6c2e842ae91@group-CEC72933519B: changes role from  FOLLOWER to FOLLOWER at term 1 for recognizeCandidate:9ee498fb-dbd1-4b89-b28c-40ca18800c49
2019-11-13 18:48:16,949 [grpc-default-executor-2] INFO  impl.RoleInfo (RoleInfo.java:shutdownFollowerState(121)) - 19b56e57-c404-4271-b4fe-c6c2e842ae91: shutdown FollowerState
2019-11-13 18:48:16,949 [Thread-431] INFO  impl.FollowerState (FollowerState.java:run(120)) - 19b56e57-c404-4271-b4fe-c6c2e842ae91@group-CEC72933519B-FollowerState was interrupted: java.lang.InterruptedException: sleep interrupted
2019-11-13 18:48:16,949 [grpc-default-executor-2] INFO  impl.RoleInfo (RoleInfo.java:updateAndGet(143)) - 19b56e57-c404-4271-b4fe-c6c2e842ae91: start FollowerState
2019-11-13 18:48:16,949 [grpc-default-executor-3] INFO  impl.RaftServerImpl (RaftServerImpl.java:setRole(173)) - 9582de44-b510-4bf6-b692-b66075a27588@group-CEC72933519B: changes role from  FOLLOWER to FOLLOWER at term 1 for recognizeCandidate:9ee498fb-dbd1-4b89-b28c-40ca18800c49
2019-11-13 18:48:16,954 [grpc-default-executor-3] INFO  impl.RoleInfo (RoleInfo.java:shutdownFollowerState(121)) - 9582de44-b510-4bf6-b692-b66075a27588: shutdown FollowerState
2019-11-13 18:48:16,954 [Thread-433] INFO  impl.FollowerState (FollowerState.java:run(120)) - 9582de44-b510-4bf6-b692-b66075a27588@group-CEC72933519B-FollowerState was interrupted: java.lang.InterruptedException: sleep interrupted
2019-11-13 18:48:16,954 [grpc-default-executor-3] INFO  impl.RoleInfo (RoleInfo.java:updateAndGet(143)) - 9582de44-b510-4bf6-b692-b66075a27588: start FollowerState
2019-11-13 18:48:16,963 [9ee498fb-dbd1-4b89-b28c-40ca18800c49@group-CEC72933519B-LeaderElection17] INFO  impl.LeaderElection (LeaderElection.java:logAndReturn(56)) - 9ee498fb-dbd1-4b89-b28c-40ca18800c49@group-CEC72933519B-LeaderElection17: Election PASSED; received 1 response(s) [9ee498fb-dbd1-4b89-b28c-40ca18800c49<-9582de44-b510-4bf6-b692-b66075a27588#0:OK-t1] and 0 exception(s); 9ee498fb-dbd1-4b89-b28c-40ca18800c49@group-CEC72933519B:t1, leader=null, voted=9ee498fb-dbd1-4b89-b28c-40ca18800c49, raftlog=9ee498fb-dbd1-4b89-b28c-40ca18800c49@group-CEC72933519B-SegmentedRaftLog:OPENED:c-1,f-1,i0, conf=-1: [9582de44-b510-4bf6-b692-b66075a27588:192.168.164.219:46083, 9ee498fb-dbd1-4b89-b28c-40ca18800c49:192.168.164.219:36915, 19b56e57-c404-4271-b4fe-c6c2e842ae91:192.168.164.219:41012], old=null
2019-11-13 18:48:16,963 [9ee498fb-dbd1-4b89-b28c-40ca18800c49@group-CEC72933519B-LeaderElection17] INFO  impl.RoleInfo (RoleInfo.java:shutdownLeaderElection(134)) - 9ee498fb-dbd1-4b89-b28c-40ca18800c49: shutdown LeaderElection
2019-11-13 18:48:16,963 [9ee498fb-dbd1-4b89-b28c-40ca18800c49@group-CEC72933519B-LeaderElection17] INFO  impl.RaftServerImpl (RaftServerImpl.java:setRole(173)) - 9ee498fb-dbd1-4b89-b28c-40ca18800c49@group-CEC72933519B: changes role from CANDIDATE to LEADER at term 1 for changeToLeader
2019-11-13 18:48:16,963 [9ee498fb-dbd1-4b89-b28c-40ca18800c49@group-CEC72933519B-LeaderElection17] INFO  ratis.XceiverServerRatis (XceiverServerRatis.java:handleLeaderChangedNotification(697)) - Leader change notification received for group: group-CEC72933519B with new leaderId: 9ee498fb-dbd1-4b89-b28c-40ca18800c49
2019-11-13 18:48:16,964 [9ee498fb-dbd1-4b89-b28c-40ca18800c49@group-CEC72933519B-LeaderElection17] INFO  impl.RaftServerImpl (ServerState.java:setLeader(255)) - 9ee498fb-dbd1-4b89-b28c-40ca18800c49@group-CEC72933519B: change Leader from null to 9ee498fb-dbd1-4b89-b28c-40ca18800c49 at term 1 for becomeLeader, leader elected after 1195ms
2019-11-13 18:48:16,964 [9ee498fb-dbd1-4b89-b28c-40ca18800c49@group-CEC72933519B-LeaderElection17] INFO  server.RaftServerConfigKeys (ConfUtils.java:logGet(43)) - raft.server.staging.catchup.gap = 1000 (default)
2019-11-13 18:48:16,964 [9ee498fb-dbd1-4b89-b28c-40ca18800c49@group-CEC72933519B-LeaderElection17] INFO  server.RaftServerConfigKeys (ConfUtils.java:logGet(43)) - raft.server.rpc.sleep.time = 25ms (default)
2019-11-13 18:48:16,964 [9ee498fb-dbd1-4b89-b28c-40ca18800c49@group-CEC72933519B-LeaderElection17] INFO  server.RaftServerConfigKeys (ConfUtils.java:logGet(43)) - raft.server.write.element-limit = 4096 (default)
2019-11-13 18:48:16,964 [9ee498fb-dbd1-4b89-b28c-40ca18800c49@group-CEC72933519B-LeaderElection17] INFO  server.RaftServerConfigKeys (ConfUtils.java:logGet(43)) - raft.server.watch.timeout = 10s (default)
2019-11-13 18:48:16,965 [9ee498fb-dbd1-4b89-b28c-40ca18800c49@group-CEC72933519B-LeaderElection17] INFO  server.RaftServerConfigKeys (ConfUtils.java:logGet(43)) - raft.server.watch.timeout.denomination = 1s (default)
2019-11-13 18:48:16,965 [9ee498fb-dbd1-4b89-b28c-40ca18800c49@group-CEC72933519B-LeaderElection17] INFO  server.RaftServerConfigKeys (ConfUtils.java:logGet(43)) - raft.server.watch.element-limit = 65536 (default)
2019-11-13 18:48:16,965 [9ee498fb-dbd1-4b89-b28c-40ca18800c49@group-CEC72933519B-LeaderElection17] INFO  server.RaftServerConfigKeys (ConfUtils.java:logGet(43)) - raft.server.log.appender.snapshot.chunk.size.max = 16MB (=16777216) (default)
2019-11-13 18:48:16,965 [9ee498fb-dbd1-4b89-b28c-40ca18800c49@group-CEC72933519B-LeaderElection17] INFO  server.RaftServerConfigKeys (ConfUtils.java:logGet(43)) - raft.server.log.appender.buffer.byte-limit = 33554432 (custom)
2019-11-13 18:48:16,965 [9ee498fb-dbd1-4b89-b28c-40ca18800c49@group-CEC72933519B-LeaderElection17] INFO  server.RaftServerConfigKeys (ConfUtils.java:logGet(43)) - raft.server.log.appender.buffer.element-limit = 1 (custom)
2019-11-13 18:48:16,965 [EventQueue-PipelineReportForPipelineReportHandler] INFO  pipeline.PipelineStateManager (PipelineStateManager.java:openPipeline(134)) - Pipeline Pipeline[ Id: 85b35a98-3d2c-45a1-a976-cec72933519b, Nodes: 19b56e57-c404-4271-b4fe-c6c2e842ae91{ip: 192.168.164.219, host: pr-hdds-1940-7lghg-363871468, networkLocation: /default-rack, certSerialId: null}9582de44-b510-4bf6-b692-b66075a27588{ip: 192.168.164.219, host: pr-hdds-1940-7lghg-363871468, networkLocation: /default-rack, certSerialId: null}9ee498fb-dbd1-4b89-b28c-40ca18800c49{ip: 192.168.164.219, host: pr-hdds-1940-7lghg-363871468, networkLocation: /default-rack, certSerialId: null}, Type:RATIS, Factor:THREE, State:OPEN] moved to OPEN state
2019-11-13 18:48:16,966 [9ee498fb-dbd1-4b89-b28c-40ca18800c49@group-CEC72933519B-LeaderElection17] INFO  grpc.GrpcConfigKeys$Server (ConfUtils.java:logGet(43)) - raft.grpc.server.leader.outstanding.appends.max = 128 (default)
2019-11-13 18:48:16,977 [9ee498fb-dbd1-4b89-b28c-40ca18800c49@group-CEC72933519B-LeaderElection17] INFO  server.RaftServerConfigKeys (ConfUtils.java:logGet(43)) - raft.server.rpc.request.timeout = 3000ms (default)
2019-11-13 18:48:16,977 [9ee498fb-dbd1-4b89-b28c-40ca18800c49@group-CEC72933519B-LeaderElection17] INFO  server.RaftServerConfigKeys (ConfUtils.java:logGet(43)) - raft.server.log.appender.install.snapshot.enabled = false (custom)
2019-11-13 18:48:16,977 [9ee498fb-dbd1-4b89-b28c-40ca18800c49@group-CEC72933519B-LeaderElection17] WARN  impl.MetricRegistriesImpl (MetricRegistriesImpl.java:lambda$create$1(61)) - First MetricRegistry has been created without registering reporters. You may need to call MetricRegistries.global().addReportRegistration(...) before.
2019-11-13 18:48:16,978 [9ee498fb-dbd1-4b89-b28c-40ca18800c49@group-CEC72933519B-LeaderElection17] INFO  server.RaftServerConfigKeys (ConfUtils.java:logGet(43)) - raft.server.log.appender.snapshot.chunk.size.max = 16MB (=16777216) (default)
2019-11-13 18:48:16,978 [9ee498fb-dbd1-4b89-b28c-40ca18800c49@group-CEC72933519B-LeaderElection17] INFO  server.RaftServerConfigKeys (ConfUtils.java:logGet(43)) - raft.server.log.appender.buffer.byte-limit = 33554432 (custom)
2019-11-13 18:48:16,978 [9ee498fb-dbd1-4b89-b28c-40ca18800c49@group-CEC72933519B-LeaderElection17] INFO  server.RaftServerConfigKeys (ConfUtils.java:logGet(43)) - raft.server.log.appender.buffer.element-limit = 1 (custom)
2019-11-13 18:48:16,978 [9ee498fb-dbd1-4b89-b28c-40ca18800c49@group-CEC72933519B-LeaderElection17] INFO  grpc.GrpcConfigKeys$Server (ConfUtils.java:logGet(43)) - raft.grpc.server.leader.outstanding.appends.max = 128 (default)
2019-11-13 18:48:16,978 [9ee498fb-dbd1-4b89-b28c-40ca18800c49@group-CEC72933519B-LeaderElection17] INFO  server.RaftServerConfigKeys (ConfUtils.java:logGet(43)) - raft.server.rpc.request.timeout = 3000ms (default)
2019-11-13 18:48:16,979 [9ee498fb-dbd1-4b89-b28c-40ca18800c49@group-CEC72933519B-LeaderElection17] INFO  server.RaftServerConfigKeys (ConfUtils.java:logGet(43)) - raft.server.log.appender.install.snapshot.enabled = false (custom)
2019-11-13 18:48:16,979 [9ee498fb-dbd1-4b89-b28c-40ca18800c49@group-CEC72933519B-LeaderElection17] INFO  impl.RoleInfo (RoleInfo.java:updateAndGet(143)) - 9ee498fb-dbd1-4b89-b28c-40ca18800c49: start LeaderState
2019-11-13 18:48:16,979 [9ee498fb-dbd1-4b89-b28c-40ca18800c49@group-CEC72933519B-LeaderElection17] INFO  segmented.SegmentedRaftLogWorker (SegmentedRaftLogWorker.java:startLogSegment(385)) - 9ee498fb-dbd1-4b89-b28c-40ca18800c49@group-CEC72933519B-SegmentedRaftLogWorker: Starting segment from index:0
2019-11-13 18:48:17,008 [9ee498fb-dbd1-4b89-b28c-40ca18800c49@group-CEC72933519B-LeaderElection17] INFO  impl.RaftServerImpl (ServerState.java:setRaftConf(356)) - 9ee498fb-dbd1-4b89-b28c-40ca18800c49@group-CEC72933519B: set configuration 0: [9582de44-b510-4bf6-b692-b66075a27588:192.168.164.219:46083, 9ee498fb-dbd1-4b89-b28c-40ca18800c49:192.168.164.219:36915, 19b56e57-c404-4271-b4fe-c6c2e842ae91:192.168.164.219:41012], old=null at 0
2019-11-13 18:48:17,011 [9ee498fb-dbd1-4b89-b28c-40ca18800c49@group-CEC72933519B-SegmentedRaftLogWorker] INFO  segmented.SegmentedRaftLogWorker (SegmentedRaftLogWorker.java:execute(576)) - 9ee498fb-dbd1-4b89-b28c-40ca18800c49@group-CEC72933519B-SegmentedRaftLogWorker: created new log segment /workdir/hadoop-ozone/integration-test/target/test-dir/MiniOzoneClusterImpl-936e8649-2eb0-4b7a-921b-5d2cce332f9c/datanode-7/data/ratis/85b35a98-3d2c-45a1-a976-cec72933519b/current/log_inprogress_0
2019-11-13 18:48:17,028 [grpc-default-executor-1] INFO  ratis.XceiverServerRatis (XceiverServerRatis.java:handleLeaderChangedNotification(697)) - Leader change notification received for group: group-CEC72933519B with new leaderId: 9ee498fb-dbd1-4b89-b28c-40ca18800c49
2019-11-13 18:48:17,028 [grpc-default-executor-2] INFO  ratis.XceiverServerRatis (XceiverServerRatis.java:handleLeaderChangedNotification(697)) - Leader change notification received for group: group-CEC72933519B with new leaderId: 9ee498fb-dbd1-4b89-b28c-40ca18800c49
2019-11-13 18:48:17,028 [grpc-default-executor-1] INFO  impl.RaftServerImpl (ServerState.java:setLeader(255)) - 19b56e57-c404-4271-b4fe-c6c2e842ae91@group-CEC72933519B: change Leader from null to 9ee498fb-dbd1-4b89-b28c-40ca18800c49 at term 1 for appendEntries, leader elected after 1260ms
2019-11-13 18:48:17,029 [grpc-default-executor-2] INFO  impl.RaftServerImpl (ServerState.java:setLeader(255)) - 9582de44-b510-4bf6-b692-b66075a27588@group-CEC72933519B: change Leader from null to 9ee498fb-dbd1-4b89-b28c-40ca18800c49 at term 1 for appendEntries, leader elected after 1259ms
2019-11-13 18:48:17,035 [grpc-default-executor-2] INFO  impl.RaftServerImpl (ServerState.java:setRaftConf(356)) - 9582de44-b510-4bf6-b692-b66075a27588@group-CEC72933519B: set configuration 0: [9582de44-b510-4bf6-b692-b66075a27588:192.168.164.219:46083, 9ee498fb-dbd1-4b89-b28c-40ca18800c49:192.168.164.219:36915, 19b56e57-c404-4271-b4fe-c6c2e842ae91:192.168.164.219:41012], old=null at 0
2019-11-13 18:48:17,035 [grpc-default-executor-1] INFO  impl.RaftServerImpl (ServerState.java:setRaftConf(356)) - 19b56e57-c404-4271-b4fe-c6c2e842ae91@group-CEC72933519B: set configuration 0: [9582de44-b510-4bf6-b692-b66075a27588:192.168.164.219:46083, 9ee498fb-dbd1-4b89-b28c-40ca18800c49:192.168.164.219:36915, 19b56e57-c404-4271-b4fe-c6c2e842ae91:192.168.164.219:41012], old=null at 0
2019-11-13 18:48:17,035 [grpc-default-executor-2] INFO  segmented.SegmentedRaftLogWorker (SegmentedRaftLogWorker.java:startLogSegment(385)) - 9582de44-b510-4bf6-b692-b66075a27588@group-CEC72933519B-SegmentedRaftLogWorker: Starting segment from index:0
2019-11-13 18:48:17,035 [grpc-default-executor-1] INFO  segmented.SegmentedRaftLogWorker (SegmentedRaftLogWorker.java:startLogSegment(385)) - 19b56e57-c404-4271-b4fe-c6c2e842ae91@group-CEC72933519B-SegmentedRaftLogWorker: Starting segment from index:0
2019-11-13 18:48:17,038 [Thread-443] INFO  impl.FollowerState (FollowerState.java:run(111)) - 8a346eb0-433c-4f64-9a22-d40a83dee003@group-DA415AAB7153-FollowerState: change to CANDIDATE, lastRpcTime:1183ms, electionTimeout:1183ms
2019-11-13 18:48:17,038 [Thread-443] INFO  impl.RoleInfo (RoleInfo.java:shutdownFollowerState(121)) - 8a346eb0-433c-4f64-9a22-d40a83dee003: shutdown FollowerState
2019-11-13 18:48:17,038 [Thread-443] INFO  impl.RaftServerImpl (RaftServerImpl.java:setRole(173)) - 8a346eb0-433c-4f64-9a22-d40a83dee003@group-DA415AAB7153: changes role from  FOLLOWER to CANDIDATE at term 0 for changeToCandidate
2019-11-13 18:48:17,039 [Thread-443] INFO  impl.RoleInfo (RoleInfo.java:updateAndGet(143)) - 8a346eb0-433c-4f64-9a22-d40a83dee003: start LeaderElection
2019-11-13 18:48:17,065 [19b56e57-c404-4271-b4fe-c6c2e842ae91@group-CEC72933519B-SegmentedRaftLogWorker] INFO  segmented.SegmentedRaftLogWorker (SegmentedRaftLogWorker.java:execute(576)) - 19b56e57-c404-4271-b4fe-c6c2e842ae91@group-CEC72933519B-SegmentedRaftLogWorker: created new log segment /workdir/hadoop-ozone/integration-test/target/test-dir/MiniOzoneClusterImpl-936e8649-2eb0-4b7a-921b-5d2cce332f9c/datanode-2/data/ratis/85b35a98-3d2c-45a1-a976-cec72933519b/current/log_inprogress_0
2019-11-13 18:48:17,065 [9582de44-b510-4bf6-b692-b66075a27588@group-CEC72933519B-SegmentedRaftLogWorker] INFO  segmented.SegmentedRaftLogWorker (SegmentedRaftLogWorker.java:execute(576)) - 9582de44-b510-4bf6-b692-b66075a27588@group-CEC72933519B-SegmentedRaftLogWorker: created new log segment /workdir/hadoop-ozone/integration-test/target/test-dir/MiniOzoneClusterImpl-936e8649-2eb0-4b7a-921b-5d2cce332f9c/datanode-3/data/ratis/85b35a98-3d2c-45a1-a976-cec72933519b/current/log_inprogress_0
2019-11-13 18:48:17,069 [8a346eb0-433c-4f64-9a22-d40a83dee003@group-DA415AAB7153-LeaderElection18] INFO  impl.LeaderElection (LeaderElection.java:askForVotes(178)) - 8a346eb0-433c-4f64-9a22-d40a83dee003@group-DA415AAB7153-LeaderElection18: begin an election at term 1 for -1: [8a346eb0-433c-4f64-9a22-d40a83dee003:192.168.164.219:45850], old=null
2019-11-13 18:48:17,070 [8a346eb0-433c-4f64-9a22-d40a83dee003@group-DA415AAB7153-LeaderElection18] INFO  impl.RoleInfo (RoleInfo.java:shutdownLeaderElection(134)) - 8a346eb0-433c-4f64-9a22-d40a83dee003: shutdown LeaderElection
2019-11-13 18:48:17,070 [8a346eb0-433c-4f64-9a22-d40a83dee003@group-DA415AAB7153-LeaderElection18] INFO  impl.RaftServerImpl (RaftServerImpl.java:setRole(173)) - 8a346eb0-433c-4f64-9a22-d40a83dee003@group-DA415AAB7153: changes role from CANDIDATE to LEADER at term 1 for changeToLeader
2019-11-13 18:48:17,070 [8a346eb0-433c-4f64-9a22-d40a83dee003@group-DA415AAB7153-LeaderElection18] INFO  ratis.XceiverServerRatis (XceiverServerRatis.java:handleLeaderChangedNotification(697)) - Leader change notification received for group: group-DA415AAB7153 with new leaderId: 8a346eb0-433c-4f64-9a22-d40a83dee003
2019-11-13 18:48:17,070 [8a346eb0-433c-4f64-9a22-d40a83dee003@group-DA415AAB7153-LeaderElection18] INFO  impl.RaftServerImpl (ServerState.java:setLeader(255)) - 8a346eb0-433c-4f64-9a22-d40a83dee003@group-DA415AAB7153: change Leader from null to 8a346eb0-433c-4f64-9a22-d40a83dee003 at term 1 for becomeLeader, leader elected after 1219ms
2019-11-13 18:48:17,070 [8a346eb0-433c-4f64-9a22-d40a83dee003@group-DA415AAB7153-LeaderElection18] INFO  server.RaftServerConfigKeys (ConfUtils.java:logGet(43)) - raft.server.staging.catchup.gap = 1000 (default)
2019-11-13 18:48:17,070 [8a346eb0-433c-4f64-9a22-d40a83dee003@group-DA415AAB7153-LeaderElection18] INFO  server.RaftServerConfigKeys (ConfUtils.java:logGet(43)) - raft.server.rpc.sleep.time = 25ms (default)
2019-11-13 18:48:17,071 [8a346eb0-433c-4f64-9a22-d40a83dee003@group-DA415AAB7153-LeaderElection18] INFO  server.RaftServerConfigKeys (ConfUtils.java:logGet(43)) - raft.server.write.element-limit = 4096 (default)
2019-11-13 18:48:17,071 [8a346eb0-433c-4f64-9a22-d40a83dee003@group-DA415AAB7153-LeaderElection18] INFO  server.RaftServerConfigKeys (ConfUtils.java:logGet(43)) - raft.server.watch.timeout = 10s (default)
2019-11-13 18:48:17,071 [8a346eb0-433c-4f64-9a22-d40a83dee003@group-DA415AAB7153-LeaderElection18] INFO  server.RaftServerConfigKeys (ConfUtils.java:logGet(43)) - raft.server.watch.timeout.denomination = 1s (default)
2019-11-13 18:48:17,071 [8a346eb0-433c-4f64-9a22-d40a83dee003@group-DA415AAB7153-LeaderElection18] INFO  server.RaftServerConfigKeys (ConfUtils.java:logGet(43)) - raft.server.watch.element-limit = 65536 (default)
2019-11-13 18:48:17,071 [8a346eb0-433c-4f64-9a22-d40a83dee003@group-DA415AAB7153-LeaderElection18] INFO  impl.RoleInfo (RoleInfo.java:updateAndGet(143)) - 8a346eb0-433c-4f64-9a22-d40a83dee003: start LeaderState
2019-11-13 18:48:17,071 [8a346eb0-433c-4f64-9a22-d40a83dee003@group-DA415AAB7153-LeaderElection18] INFO  segmented.SegmentedRaftLogWorker (SegmentedRaftLogWorker.java:startLogSegment(385)) - 8a346eb0-433c-4f64-9a22-d40a83dee003@group-DA415AAB7153-SegmentedRaftLogWorker: Starting segment from index:0
2019-11-13 18:48:17,072 [8a346eb0-433c-4f64-9a22-d40a83dee003@group-DA415AAB7153-LeaderElection18] INFO  impl.RaftServerImpl (ServerState.java:setRaftConf(356)) - 8a346eb0-433c-4f64-9a22-d40a83dee003@group-DA415AAB7153: set configuration 0: [8a346eb0-433c-4f64-9a22-d40a83dee003:192.168.164.219:45850], old=null at 0
2019-11-13 18:48:17,099 [EventQueue-PipelineReportForPipelineReportHandler] INFO  pipeline.PipelineStateManager (PipelineStateManager.java:openPipeline(134)) - Pipeline Pipeline[ Id: 6616e034-f1d4-4282-932a-da415aab7153, Nodes: 8a346eb0-433c-4f64-9a22-d40a83dee003{ip: 192.168.164.219, host: pr-hdds-1940-7lghg-363871468, networkLocation: /default-rack, certSerialId: null}, Type:RATIS, Factor:ONE, State:OPEN] moved to OPEN state
2019-11-13 18:48:17,106 [8a346eb0-433c-4f64-9a22-d40a83dee003@group-DA415AAB7153-SegmentedRaftLogWorker] INFO  segmented.SegmentedRaftLogWorker (SegmentedRaftLogWorker.java:execute(576)) - 8a346eb0-433c-4f64-9a22-d40a83dee003@group-DA415AAB7153-SegmentedRaftLogWorker: created new log segment /workdir/hadoop-ozone/integration-test/target/test-dir/MiniOzoneClusterImpl-936e8649-2eb0-4b7a-921b-5d2cce332f9c/datanode-0/data/ratis/6616e034-f1d4-4282-932a-da415aab7153/current/log_inprogress_0
2019-11-13 18:48:17,137 [Thread-449] INFO  impl.FollowerState (FollowerState.java:run(111)) - 302e21ca-1d4a-4b22-bc74-f644a63fc179@group-F4445F88E60B-FollowerState: change to CANDIDATE, lastRpcTime:1188ms, electionTimeout:1188ms
2019-11-13 18:48:17,138 [Thread-449] INFO  impl.RoleInfo (RoleInfo.java:shutdownFollowerState(121)) - 302e21ca-1d4a-4b22-bc74-f644a63fc179: shutdown FollowerState
2019-11-13 18:48:17,138 [Thread-449] INFO  impl.RaftServerImpl (RaftServerImpl.java:setRole(173)) - 302e21ca-1d4a-4b22-bc74-f644a63fc179@group-F4445F88E60B: changes role from  FOLLOWER to CANDIDATE at term 0 for changeToCandidate
2019-11-13 18:48:17,138 [Thread-449] INFO  impl.RoleInfo (RoleInfo.java:updateAndGet(143)) - 302e21ca-1d4a-4b22-bc74-f644a63fc179: start LeaderElection
2019-11-13 18:48:17,145 [302e21ca-1d4a-4b22-bc74-f644a63fc179@group-F4445F88E60B-LeaderElection19] INFO  impl.LeaderElection (LeaderElection.java:askForVotes(178)) - 302e21ca-1d4a-4b22-bc74-f644a63fc179@group-F4445F88E60B-LeaderElection19: begin an election at term 1 for -1: [302e21ca-1d4a-4b22-bc74-f644a63fc179:192.168.164.219:35354], old=null
2019-11-13 18:48:17,145 [302e21ca-1d4a-4b22-bc74-f644a63fc179@group-F4445F88E60B-LeaderElection19] INFO  impl.RoleInfo (RoleInfo.java:shutdownLeaderElection(134)) - 302e21ca-1d4a-4b22-bc74-f644a63fc179: shutdown LeaderElection
2019-11-13 18:48:17,145 [302e21ca-1d4a-4b22-bc74-f644a63fc179@group-F4445F88E60B-LeaderElection19] INFO  impl.RaftServerImpl (RaftServerImpl.java:setRole(173)) - 302e21ca-1d4a-4b22-bc74-f644a63fc179@group-F4445F88E60B: changes role from CANDIDATE to LEADER at term 1 for changeToLeader
2019-11-13 18:48:17,146 [302e21ca-1d4a-4b22-bc74-f644a63fc179@group-F4445F88E60B-LeaderElection19] INFO  ratis.XceiverServerRatis (XceiverServerRatis.java:handleLeaderChangedNotification(697)) - Leader change notification received for group: group-F4445F88E60B with new leaderId: 302e21ca-1d4a-4b22-bc74-f644a63fc179
2019-11-13 18:48:17,146 [302e21ca-1d4a-4b22-bc74-f644a63fc179@group-F4445F88E60B-LeaderElection19] INFO  impl.RaftServerImpl (ServerState.java:setLeader(255)) - 302e21ca-1d4a-4b22-bc74-f644a63fc179@group-F4445F88E60B: change Leader from null to 302e21ca-1d4a-4b22-bc74-f644a63fc179 at term 1 for becomeLeader, leader elected after 1199ms
2019-11-13 18:48:17,146 [302e21ca-1d4a-4b22-bc74-f644a63fc179@group-F4445F88E60B-LeaderElection19] INFO  server.RaftServerConfigKeys (ConfUtils.java:logGet(43)) - raft.server.staging.catchup.gap = 1000 (default)
2019-11-13 18:48:17,146 [302e21ca-1d4a-4b22-bc74-f644a63fc179@group-F4445F88E60B-LeaderElection19] INFO  server.RaftServerConfigKeys (ConfUtils.java:logGet(43)) - raft.server.rpc.sleep.time = 25ms (default)
2019-11-13 18:48:17,146 [302e21ca-1d4a-4b22-bc74-f644a63fc179@group-F4445F88E60B-LeaderElection19] INFO  server.RaftServerConfigKeys (ConfUtils.java:logGet(43)) - raft.server.write.element-limit = 4096 (default)
2019-11-13 18:48:17,146 [302e21ca-1d4a-4b22-bc74-f644a63fc179@group-F4445F88E60B-LeaderElection19] INFO  server.RaftServerConfigKeys (ConfUtils.java:logGet(43)) - raft.server.watch.timeout = 10s (default)
2019-11-13 18:48:17,146 [302e21ca-1d4a-4b22-bc74-f644a63fc179@group-F4445F88E60B-LeaderElection19] INFO  server.RaftServerConfigKeys (ConfUtils.java:logGet(43)) - raft.server.watch.timeout.denomination = 1s (default)
2019-11-13 18:48:17,146 [302e21ca-1d4a-4b22-bc74-f644a63fc179@group-F4445F88E60B-LeaderElection19] INFO  server.RaftServerConfigKeys (ConfUtils.java:logGet(43)) - raft.server.watch.element-limit = 65536 (default)
2019-11-13 18:48:17,146 [302e21ca-1d4a-4b22-bc74-f644a63fc179@group-F4445F88E60B-LeaderElection19] INFO  impl.RoleInfo (RoleInfo.java:updateAndGet(143)) - 302e21ca-1d4a-4b22-bc74-f644a63fc179: start LeaderState
2019-11-13 18:48:17,150 [302e21ca-1d4a-4b22-bc74-f644a63fc179@group-F4445F88E60B-LeaderElection19] INFO  segmented.SegmentedRaftLogWorker (SegmentedRaftLogWorker.java:startLogSegment(385)) - 302e21ca-1d4a-4b22-bc74-f644a63fc179@group-F4445F88E60B-SegmentedRaftLogWorker: Starting segment from index:0
2019-11-13 18:48:17,151 [302e21ca-1d4a-4b22-bc74-f644a63fc179@group-F4445F88E60B-LeaderElection19] INFO  impl.RaftServerImpl (ServerState.java:setRaftConf(356)) - 302e21ca-1d4a-4b22-bc74-f644a63fc179@group-F4445F88E60B: set configuration 0: [302e21ca-1d4a-4b22-bc74-f644a63fc179:192.168.164.219:35354], old=null at 0
2019-11-13 18:48:17,151 [EventQueue-PipelineReportForPipelineReportHandler] INFO  pipeline.PipelineStateManager (PipelineStateManager.java:openPipeline(134)) - Pipeline Pipeline[ Id: 476e6546-f4fe-42ab-80d8-f4445f88e60b, Nodes: 302e21ca-1d4a-4b22-bc74-f644a63fc179{ip: 192.168.164.219, host: pr-hdds-1940-7lghg-363871468, networkLocation: /default-rack, certSerialId: null}, Type:RATIS, Factor:ONE, State:OPEN] moved to OPEN state
2019-11-13 18:48:17,179 [302e21ca-1d4a-4b22-bc74-f644a63fc179@group-F4445F88E60B-SegmentedRaftLogWorker] INFO  segmented.SegmentedRaftLogWorker (SegmentedRaftLogWorker.java:execute(576)) - 302e21ca-1d4a-4b22-bc74-f644a63fc179@group-F4445F88E60B-SegmentedRaftLogWorker: created new log segment /workdir/hadoop-ozone/integration-test/target/test-dir/MiniOzoneClusterImpl-936e8649-2eb0-4b7a-921b-5d2cce332f9c/datanode-6/data/ratis/476e6546-f4fe-42ab-80d8-f4445f88e60b/current/log_inprogress_0
2019-11-13 18:48:17,260 [main] INFO  io.BlockOutputStreamEntryPool (BlockOutputStreamEntryPool.java:allocateNewBlock(257)) - Allocating block with ExcludeList {datanodes = [], containerIds = [], pipelineIds = [PipelineID=c1538db3-7fd1-4e4c-ae78-74545e85c80c]}
2019-11-13 18:48:17,283 [main] INFO  ozone.MiniOzoneClusterImpl (MiniOzoneClusterImpl.java:shutdown(352)) - Shutting down the Mini Ozone Cluster
2019-11-13 18:48:17,283 [main] INFO  ozone.MiniOzoneClusterImpl (MiniOzoneClusterImpl.java:stop(368)) - Stopping the Mini Ozone Cluster
2019-11-13 18:48:17,284 [main] INFO  ozone.MiniOzoneClusterImpl (MiniOzoneClusterImpl.java:stopOM(438)) - Stopping the OzoneManager
2019-11-13 18:48:17,284 [main] INFO  ipc.Server (Server.java:stop(3082)) - Stopping server on 34075
2019-11-13 18:48:17,285 [IPC Server listener on 34075] INFO  ipc.Server (Server.java:run(1185)) - Stopping IPC Server listener on 34075
2019-11-13 18:48:17,285 [main] INFO  ratis.OzoneManagerDoubleBuffer (OzoneManagerDoubleBuffer.java:stop(261)) - Stopping OMDoubleBuffer flush thread
2019-11-13 18:48:17,285 [OMDoubleBufferFlushThread] INFO  ratis.OzoneManagerDoubleBuffer (OzoneManagerDoubleBuffer.java:flushTransactions(199)) - OMDoubleBuffer flush thread OMDoubleBufferFlushThread is interrupted and will exit. OMDoubleBufferFlushThread
2019-11-13 18:48:17,286 [main] INFO  utils.BackgroundService (BackgroundService.java:shutdown(151)) - Shutting down service KeyDeletingService
2019-11-13 18:48:17,286 [IPC Server Responder] INFO  ipc.Server (Server.java:run(1319)) - Stopping IPC Server Responder
2019-11-13 18:48:17,292 [main] INFO  handler.ContextHandler (ContextHandler.java:doStop(910)) - Stopped o.e.j.w.WebAppContext@34523d46{/,null,UNAVAILABLE}{/ozoneManager}
2019-11-13 18:48:17,305 [main] INFO  server.AbstractConnector (AbstractConnector.java:doStop(318)) - Stopped ServerConnector@7cedfa63{HTTP/1.1,[http/1.1]}{0.0.0.0:0}
2019-11-13 18:48:17,307 [main] INFO  handler.ContextHandler (ContextHandler.java:doStop(910)) - Stopped o.e.j.s.ServletContextHandler@160396db{/static,file:///workdir/hadoop-ozone/integration-test/target/test-classes/webapps/static,UNAVAILABLE}
2019-11-13 18:48:17,307 [main] INFO  handler.ContextHandler (ContextHandler.java:doStop(910)) - Stopped o.e.j.s.ServletContextHandler@76911385{/logs,file:///workdir/hadoop-ozone/integration-test/target/log,UNAVAILABLE}
2019-11-13 18:48:17,312 [main] INFO  ozone.MiniOzoneClusterImpl (MiniOzoneClusterImpl.java:stopDatanodes(415)) - Stopping the HddsDatanodes
2019-11-13 18:48:17,319 [Thread-453] INFO  impl.FollowerState (FollowerState.java:run(111)) - 19b56e57-c404-4271-b4fe-c6c2e842ae91@group-8A4AA25C1598-FollowerState: change to CANDIDATE, lastRpcTime:1151ms, electionTimeout:1151ms
2019-11-13 18:48:17,319 [Thread-453] INFO  impl.RoleInfo (RoleInfo.java:shutdownFollowerState(121)) - 19b56e57-c404-4271-b4fe-c6c2e842ae91: shutdown FollowerState
2019-11-13 18:48:17,319 [Thread-453] INFO  impl.RaftServerImpl (RaftServerImpl.java:setRole(173)) - 19b56e57-c404-4271-b4fe-c6c2e842ae91@group-8A4AA25C1598: changes role from  FOLLOWER to CANDIDATE at term 0 for changeToCandidate
2019-11-13 18:48:17,320 [Thread-453] INFO  impl.RoleInfo (RoleInfo.java:updateAndGet(143)) - 19b56e57-c404-4271-b4fe-c6c2e842ae91: start LeaderElection
2019-11-13 18:48:17,337 [19b56e57-c404-4271-b4fe-c6c2e842ae91@group-8A4AA25C1598-LeaderElection20] INFO  impl.LeaderElection (LeaderElection.java:askForVotes(178)) - 19b56e57-c404-4271-b4fe-c6c2e842ae91@group-8A4AA25C1598-LeaderElection20: begin an election at term 1 for -1: [19b56e57-c404-4271-b4fe-c6c2e842ae91:192.168.164.219:41012], old=null
2019-11-13 18:48:17,337 [19b56e57-c404-4271-b4fe-c6c2e842ae91@group-8A4AA25C1598-LeaderElection20] INFO  impl.RoleInfo (RoleInfo.java:shutdownLeaderElection(134)) - 19b56e57-c404-4271-b4fe-c6c2e842ae91: shutdown LeaderElection
2019-11-13 18:48:17,338 [19b56e57-c404-4271-b4fe-c6c2e842ae91@group-8A4AA25C1598-LeaderElection20] INFO  impl.RaftServerImpl (RaftServerImpl.java:setRole(173)) - 19b56e57-c404-4271-b4fe-c6c2e842ae91@group-8A4AA25C1598: changes role from CANDIDATE to LEADER at term 1 for changeToLeader
2019-11-13 18:48:17,338 [19b56e57-c404-4271-b4fe-c6c2e842ae91@group-8A4AA25C1598-LeaderElection20] INFO  ratis.XceiverServerRatis (XceiverServerRatis.java:handleLeaderChangedNotification(697)) - Leader change notification received for group: group-8A4AA25C1598 with new leaderId: 19b56e57-c404-4271-b4fe-c6c2e842ae91
2019-11-13 18:48:17,338 [19b56e57-c404-4271-b4fe-c6c2e842ae91@group-8A4AA25C1598-LeaderElection20] INFO  impl.RaftServerImpl (ServerState.java:setLeader(255)) - 19b56e57-c404-4271-b4fe-c6c2e842ae91@group-8A4AA25C1598: change Leader from null to 19b56e57-c404-4271-b4fe-c6c2e842ae91 at term 1 for becomeLeader, leader elected after 1174ms
2019-11-13 18:48:17,338 [19b56e57-c404-4271-b4fe-c6c2e842ae91@group-8A4AA25C1598-LeaderElection20] INFO  server.RaftServerConfigKeys (ConfUtils.java:logGet(43)) - raft.server.staging.catchup.gap = 1000 (default)
2019-11-13 18:48:17,338 [Datanode State Machine Thread - 0] INFO  statemachine.DatanodeStateMachine (DatanodeStateMachine.java:lambda$startDaemon$0(350)) - Ozone container server started.
2019-11-13 18:48:17,338 [19b56e57-c404-4271-b4fe-c6c2e842ae91@group-8A4AA25C1598-LeaderElection20] INFO  server.RaftServerConfigKeys (ConfUtils.java:logGet(43)) - raft.server.rpc.sleep.time = 25ms (default)
2019-11-13 18:48:17,338 [19b56e57-c404-4271-b4fe-c6c2e842ae91@group-8A4AA25C1598-LeaderElection20] INFO  server.RaftServerConfigKeys (ConfUtils.java:logGet(43)) - raft.server.write.element-limit = 4096 (default)
2019-11-13 18:48:17,339 [19b56e57-c404-4271-b4fe-c6c2e842ae91@group-8A4AA25C1598-LeaderElection20] INFO  server.RaftServerConfigKeys (ConfUtils.java:logGet(43)) - raft.server.watch.timeout = 10s (default)
2019-11-13 18:48:17,339 [19b56e57-c404-4271-b4fe-c6c2e842ae91@group-8A4AA25C1598-LeaderElection20] INFO  server.RaftServerConfigKeys (ConfUtils.java:logGet(43)) - raft.server.watch.timeout.denomination = 1s (default)
2019-11-13 18:48:17,339 [19b56e57-c404-4271-b4fe-c6c2e842ae91@group-8A4AA25C1598-LeaderElection20] INFO  server.RaftServerConfigKeys (ConfUtils.java:logGet(43)) - raft.server.watch.element-limit = 65536 (default)
2019-11-13 18:48:17,339 [19b56e57-c404-4271-b4fe-c6c2e842ae91@group-8A4AA25C1598-LeaderElection20] INFO  impl.RoleInfo (RoleInfo.java:updateAndGet(143)) - 19b56e57-c404-4271-b4fe-c6c2e842ae91: start LeaderState
2019-11-13 18:48:17,339 [19b56e57-c404-4271-b4fe-c6c2e842ae91@group-8A4AA25C1598-LeaderElection20] INFO  segmented.SegmentedRaftLogWorker (SegmentedRaftLogWorker.java:startLogSegment(385)) - 19b56e57-c404-4271-b4fe-c6c2e842ae91@group-8A4AA25C1598-SegmentedRaftLogWorker: Starting segment from index:0
2019-11-13 18:48:17,340 [19b56e57-c404-4271-b4fe-c6c2e842ae91@group-8A4AA25C1598-LeaderElection20] INFO  impl.RaftServerImpl (ServerState.java:setRaftConf(356)) - 19b56e57-c404-4271-b4fe-c6c2e842ae91@group-8A4AA25C1598: set configuration 0: [19b56e57-c404-4271-b4fe-c6c2e842ae91:192.168.164.219:41012], old=null at 0
2019-11-13 18:48:17,403 [19b56e57-c404-4271-b4fe-c6c2e842ae91@group-8A4AA25C1598-SegmentedRaftLogWorker] INFO  segmented.SegmentedRaftLogWorker (SegmentedRaftLogWorker.java:execute(576)) - 19b56e57-c404-4271-b4fe-c6c2e842ae91@group-8A4AA25C1598-SegmentedRaftLogWorker: created new log segment /workdir/hadoop-ozone/integration-test/target/test-dir/MiniOzoneClusterImpl-936e8649-2eb0-4b7a-921b-5d2cce332f9c/datanode-2/data/ratis/c74a779c-af71-4d91-8bbf-8a4aa25c1598/current/log_inprogress_0
2019-11-13 18:48:17,406 [Thread-462] INFO  impl.FollowerState (FollowerState.java:run(111)) - 9582de44-b510-4bf6-b692-b66075a27588@group-898F73E51E5E-FollowerState: change to CANDIDATE, lastRpcTime:1164ms, electionTimeout:1164ms
2019-11-13 18:48:17,406 [Thread-462] INFO  impl.RoleInfo (RoleInfo.java:shutdownFollowerState(121)) - 9582de44-b510-4bf6-b692-b66075a27588: shutdown FollowerState
2019-11-13 18:48:17,407 [Thread-462] INFO  impl.RaftServerImpl (RaftServerImpl.java:setRole(173)) - 9582de44-b510-4bf6-b692-b66075a27588@group-898F73E51E5E: changes role from  FOLLOWER to CANDIDATE at term 0 for changeToCandidate
2019-11-13 18:48:17,407 [Thread-462] INFO  impl.RoleInfo (RoleInfo.java:updateAndGet(143)) - 9582de44-b510-4bf6-b692-b66075a27588: start LeaderElection
2019-11-13 18:48:17,464 [Thread-484] INFO  impl.FollowerState (FollowerState.java:run(111)) - cb343498-03c0-425e-a729-2b4f8684daee@group-172C83AAB92B-FollowerState: change to CANDIDATE, lastRpcTime:1048ms, electionTimeout:1048ms
2019-11-13 18:48:17,464 [Thread-484] INFO  impl.RoleInfo (RoleInfo.java:shutdownFollowerState(121)) - cb343498-03c0-425e-a729-2b4f8684daee: shutdown FollowerState
2019-11-13 18:48:17,465 [Thread-484] INFO  impl.RaftServerImpl (RaftServerImpl.java:setRole(173)) - cb343498-03c0-425e-a729-2b4f8684daee@group-172C83AAB92B: changes role from  FOLLOWER to CANDIDATE at term 0 for changeToCandidate
2019-11-13 18:48:17,465 [Thread-484] INFO  impl.RoleInfo (RoleInfo.java:updateAndGet(143)) - cb343498-03c0-425e-a729-2b4f8684daee: start LeaderElection
2019-11-13 18:48:17,558 [Thread-479] INFO  impl.FollowerState (FollowerState.java:run(111)) - 302e21ca-1d4a-4b22-bc74-f644a63fc179@group-172C83AAB92B-FollowerState: change to CANDIDATE, lastRpcTime:1144ms, electionTimeout:1144ms
2019-11-13 18:48:17,558 [Thread-479] INFO  impl.RoleInfo (RoleInfo.java:shutdownFollowerState(121)) - 302e21ca-1d4a-4b22-bc74-f644a63fc179: shutdown FollowerState
2019-11-13 18:48:17,558 [Thread-479] INFO  impl.RaftServerImpl (RaftServerImpl.java:setRole(173)) - 302e21ca-1d4a-4b22-bc74-f644a63fc179@group-172C83AAB92B: changes role from  FOLLOWER to CANDIDATE at term 0 for changeToCandidate
2019-11-13 18:48:17,558 [Thread-479] INFO  impl.RoleInfo (RoleInfo.java:updateAndGet(143)) - 302e21ca-1d4a-4b22-bc74-f644a63fc179: start LeaderElection
2019-11-13 18:48:17,575 [Thread-482] INFO  impl.FollowerState (FollowerState.java:run(111)) - e8491d14-0d10-4bdc-963d-f0280d0d8b35@group-172C83AAB92B-FollowerState: change to CANDIDATE, lastRpcTime:1160ms, electionTimeout:1160ms
2019-11-13 18:48:17,575 [Thread-482] INFO  impl.RoleInfo (RoleInfo.java:shutdownFollowerState(121)) - e8491d14-0d10-4bdc-963d-f0280d0d8b35: shutdown FollowerState
2019-11-13 18:48:17,575 [Thread-482] INFO  impl.RaftServerImpl (RaftServerImpl.java:setRole(173)) - e8491d14-0d10-4bdc-963d-f0280d0d8b35@group-172C83AAB92B: changes role from  FOLLOWER to CANDIDATE at term 0 for changeToCandidate
2019-11-13 18:48:17,575 [Thread-482] INFO  impl.RoleInfo (RoleInfo.java:updateAndGet(143)) - e8491d14-0d10-4bdc-963d-f0280d0d8b35: start LeaderElection
2019-11-13 18:48:17,596 [Thread-493] INFO  impl.FollowerState (FollowerState.java:run(111)) - 6a4d2be6-9424-4ae4-9e09-f01b73daf36a@group-BAECA272C190-FollowerState: change to CANDIDATE, lastRpcTime:1035ms, electionTimeout:1035ms
2019-11-13 18:48:17,597 [Thread-493] INFO  impl.RoleInfo (RoleInfo.java:shutdownFollowerState(121)) - 6a4d2be6-9424-4ae4-9e09-f01b73daf36a: shutdown FollowerState
2019-11-13 18:48:17,597 [Thread-493] INFO  impl.RaftServerImpl (RaftServerImpl.java:setRole(173)) - 6a4d2be6-9424-4ae4-9e09-f01b73daf36a@group-BAECA272C190: changes role from  FOLLOWER to CANDIDATE at term 0 for changeToCandidate
2019-11-13 18:48:17,597 [Thread-493] INFO  impl.RoleInfo (RoleInfo.java:updateAndGet(143)) - 6a4d2be6-9424-4ae4-9e09-f01b73daf36a: start LeaderElection
2019-11-13 18:48:17,605 [e8491d14-0d10-4bdc-963d-f0280d0d8b35@group-172C83AAB92B-LeaderElection24] INFO  impl.LeaderElection (LeaderElection.java:askForVotes(178)) - e8491d14-0d10-4bdc-963d-f0280d0d8b35@group-172C83AAB92B-LeaderElection24: begin an election at term 1 for -1: [cb343498-03c0-425e-a729-2b4f8684daee:192.168.164.219:33301, e8491d14-0d10-4bdc-963d-f0280d0d8b35:192.168.164.219:41564, 302e21ca-1d4a-4b22-bc74-f644a63fc179:192.168.164.219:35354], old=null
2019-11-13 18:48:17,605 [302e21ca-1d4a-4b22-bc74-f644a63fc179@group-172C83AAB92B-LeaderElection23] INFO  impl.LeaderElection (LeaderElection.java:askForVotes(178)) - 302e21ca-1d4a-4b22-bc74-f644a63fc179@group-172C83AAB92B-LeaderElection23: begin an election at term 1 for -1: [cb343498-03c0-425e-a729-2b4f8684daee:192.168.164.219:33301, e8491d14-0d10-4bdc-963d-f0280d0d8b35:192.168.164.219:41564, 302e21ca-1d4a-4b22-bc74-f644a63fc179:192.168.164.219:35354], old=null
2019-11-13 18:48:17,605 [6a4d2be6-9424-4ae4-9e09-f01b73daf36a@group-BAECA272C190-LeaderElection25] INFO  impl.LeaderElection (LeaderElection.java:askForVotes(178)) - 6a4d2be6-9424-4ae4-9e09-f01b73daf36a@group-BAECA272C190-LeaderElection25: begin an election at term 1 for -1: [6a4d2be6-9424-4ae4-9e09-f01b73daf36a:192.168.164.219:39773], old=null
2019-11-13 18:48:17,605 [cb343498-03c0-425e-a729-2b4f8684daee@group-172C83AAB92B-LeaderElection22] INFO  impl.LeaderElection (LeaderElection.java:askForVotes(178)) - cb343498-03c0-425e-a729-2b4f8684daee@group-172C83AAB92B-LeaderElection22: begin an election at term 1 for -1: [cb343498-03c0-425e-a729-2b4f8684daee:192.168.164.219:33301, e8491d14-0d10-4bdc-963d-f0280d0d8b35:192.168.164.219:41564, 302e21ca-1d4a-4b22-bc74-f644a63fc179:192.168.164.219:35354], old=null
2019-11-13 18:48:17,605 [9582de44-b510-4bf6-b692-b66075a27588@group-898F73E51E5E-LeaderElection21] INFO  impl.LeaderElection (LeaderElection.java:askForVotes(178)) - 9582de44-b510-4bf6-b692-b66075a27588@group-898F73E51E5E-LeaderElection21: begin an election at term 1 for -1: [9582de44-b510-4bf6-b692-b66075a27588:192.168.164.219:46083], old=null
2019-11-13 18:48:17,605 [6a4d2be6-9424-4ae4-9e09-f01b73daf36a@group-BAECA272C190-LeaderElection25] INFO  impl.RoleInfo (RoleInfo.java:shutdownLeaderElection(134)) - 6a4d2be6-9424-4ae4-9e09-f01b73daf36a: shutdown LeaderElection
2019-11-13 18:48:17,605 [9582de44-b510-4bf6-b692-b66075a27588@group-898F73E51E5E-LeaderElection21] INFO  impl.RoleInfo (RoleInfo.java:shutdownLeaderElection(134)) - 9582de44-b510-4bf6-b692-b66075a27588: shutdown LeaderElection
2019-11-13 18:48:17,606 [6a4d2be6-9424-4ae4-9e09-f01b73daf36a@group-BAECA272C190-LeaderElection25] INFO  impl.RaftServerImpl (RaftServerImpl.java:setRole(173)) - 6a4d2be6-9424-4ae4-9e09-f01b73daf36a@group-BAECA272C190: changes role from CANDIDATE to LEADER at term 1 for changeToLeader
2019-11-13 18:48:17,606 [9582de44-b510-4bf6-b692-b66075a27588@group-898F73E51E5E-LeaderElection21] INFO  impl.RaftServerImpl (RaftServerImpl.java:setRole(173)) - 9582de44-b510-4bf6-b692-b66075a27588@group-898F73E51E5E: changes role from CANDIDATE to LEADER at term 1 for changeToLeader
2019-11-13 18:48:17,606 [6a4d2be6-9424-4ae4-9e09-f01b73daf36a@group-BAECA272C190-LeaderElection25] INFO  ratis.XceiverServerRatis (XceiverServerRatis.java:handleLeaderChangedNotification(697)) - Leader change notification received for group: group-BAECA272C190 with new leaderId: 6a4d2be6-9424-4ae4-9e09-f01b73daf36a
2019-11-13 18:48:17,606 [9582de44-b510-4bf6-b692-b66075a27588@group-898F73E51E5E-LeaderElection21] INFO  ratis.XceiverServerRatis (XceiverServerRatis.java:handleLeaderChangedNotification(697)) - Leader change notification received for group: group-898F73E51E5E with new leaderId: 9582de44-b510-4bf6-b692-b66075a27588
2019-11-13 18:48:17,606 [6a4d2be6-9424-4ae4-9e09-f01b73daf36a@group-BAECA272C190-LeaderElection25] INFO  impl.RaftServerImpl (ServerState.java:setLeader(255)) - 6a4d2be6-9424-4ae4-9e09-f01b73daf36a@group-BAECA272C190: change Leader from null to 6a4d2be6-9424-4ae4-9e09-f01b73daf36a at term 1 for becomeLeader, leader elected after 1047ms
2019-11-13 18:48:17,606 [9582de44-b510-4bf6-b692-b66075a27588@group-898F73E51E5E-LeaderElection21] INFO  impl.RaftServerImpl (ServerState.java:setLeader(255)) - 9582de44-b510-4bf6-b692-b66075a27588@group-898F73E51E5E: change Leader from null to 9582de44-b510-4bf6-b692-b66075a27588 at term 1 for becomeLeader, leader elected after 1368ms
2019-11-13 18:48:17,606 [6a4d2be6-9424-4ae4-9e09-f01b73daf36a@group-BAECA272C190-LeaderElection25] INFO  server.RaftServerConfigKeys (ConfUtils.java:logGet(43)) - raft.server.staging.catchup.gap = 1000 (default)
2019-11-13 18:48:17,607 [6a4d2be6-9424-4ae4-9e09-f01b73daf36a@group-BAECA272C190-LeaderElection25] INFO  server.RaftServerConfigKeys (ConfUtils.java:logGet(43)) - raft.server.rpc.sleep.time = 25ms (default)
2019-11-13 18:48:17,607 [6a4d2be6-9424-4ae4-9e09-f01b73daf36a@group-BAECA272C190-LeaderElection25] INFO  server.RaftServerConfigKeys (ConfUtils.java:logGet(43)) - raft.server.write.element-limit = 4096 (default)
2019-11-13 18:48:17,606 [9582de44-b510-4bf6-b692-b66075a27588@group-898F73E51E5E-LeaderElection21] INFO  server.RaftServerConfigKeys (ConfUtils.java:logGet(43)) - raft.server.staging.catchup.gap = 1000 (default)
2019-11-13 18:48:17,607 [6a4d2be6-9424-4ae4-9e09-f01b73daf36a@group-BAECA272C190-LeaderElection25] INFO  server.RaftServerConfigKeys (ConfUtils.java:logGet(43)) - raft.server.watch.timeout = 10s (default)
2019-11-13 18:48:17,607 [9582de44-b510-4bf6-b692-b66075a27588@group-898F73E51E5E-LeaderElection21] INFO  server.RaftServerConfigKeys (ConfUtils.java:logGet(43)) - raft.server.rpc.sleep.time = 25ms (default)
2019-11-13 18:48:17,607 [Command processor thread] ERROR commandhandler.CloseContainerCommandHandler (CloseContainerCommandHandler.java:handle(84)) - Container #1 does not exist in datanode. Container close failed.
2019-11-13 18:48:17,607 [6a4d2be6-9424-4ae4-9e09-f01b73daf36a@group-BAECA272C190-LeaderElection25] INFO  server.RaftServerConfigKeys (ConfUtils.java:logGet(43)) - raft.server.watch.timeout.denomination = 1s (default)
2019-11-13 18:48:17,607 [9582de44-b510-4bf6-b692-b66075a27588@group-898F73E51E5E-LeaderElection21] INFO  server.RaftServerConfigKeys (ConfUtils.java:logGet(43)) - raft.server.write.element-limit = 4096 (default)
2019-11-13 18:48:17,607 [Command processor thread] ERROR commandhandler.CloseContainerCommandHandler (CloseContainerCommandHandler.java:handle(84)) - Container #2 does not exist in datanode. Container close failed.
2019-11-13 18:48:17,608 [9582de44-b510-4bf6-b692-b66075a27588@group-898F73E51E5E-LeaderElection21] INFO  server.RaftServerConfigKeys (ConfUtils.java:logGet(43)) - raft.server.watch.timeout = 10s (default)
2019-11-13 18:48:17,607 [6a4d2be6-9424-4ae4-9e09-f01b73daf36a@group-BAECA272C190-LeaderElection25] INFO  server.RaftServerConfigKeys (ConfUtils.java:logGet(43)) - raft.server.watch.element-limit = 65536 (default)
2019-11-13 18:48:17,608 [9582de44-b510-4bf6-b692-b66075a27588@group-898F73E51E5E-LeaderElection21] INFO  server.RaftServerConfigKeys (ConfUtils.java:logGet(43)) - raft.server.watch.timeout.denomination = 1s (default)
2019-11-13 18:48:17,608 [6a4d2be6-9424-4ae4-9e09-f01b73daf36a@group-BAECA272C190-LeaderElection25] INFO  impl.RoleInfo (RoleInfo.java:updateAndGet(143)) - 6a4d2be6-9424-4ae4-9e09-f01b73daf36a: start LeaderState
2019-11-13 18:48:17,608 [Command processor thread] ERROR commandhandler.CloseContainerCommandHandler (CloseContainerCommandHandler.java:handle(84)) - Container #3 does not exist in datanode. Container close failed.
2019-11-13 18:48:17,608 [9582de44-b510-4bf6-b692-b66075a27588@group-898F73E51E5E-LeaderElection21] INFO  server.RaftServerConfigKeys (ConfUtils.java:logGet(43)) - raft.server.watch.element-limit = 65536 (default)
2019-11-13 18:48:17,608 [6a4d2be6-9424-4ae4-9e09-f01b73daf36a@group-BAECA272C190-LeaderElection25] INFO  segmented.SegmentedRaftLogWorker (SegmentedRaftLogWorker.java:startLogSegment(385)) - 6a4d2be6-9424-4ae4-9e09-f01b73daf36a@group-BAECA272C190-SegmentedRaftLogWorker: Starting segment from index:0
2019-11-13 18:48:17,608 [9582de44-b510-4bf6-b692-b66075a27588@group-898F73E51E5E-LeaderElection21] INFO  impl.RoleInfo (RoleInfo.java:updateAndGet(143)) - 9582de44-b510-4bf6-b692-b66075a27588: start LeaderState
2019-11-13 18:48:17,609 [9582de44-b510-4bf6-b692-b66075a27588@group-898F73E51E5E-LeaderElection21] INFO  segmented.SegmentedRaftLogWorker (SegmentedRaftLogWorker.java:startLogSegment(385)) - 9582de44-b510-4bf6-b692-b66075a27588@group-898F73E51E5E-SegmentedRaftLogWorker: Starting segment from index:0
2019-11-13 18:48:17,609 [6a4d2be6-9424-4ae4-9e09-f01b73daf36a@group-BAECA272C190-LeaderElection25] INFO  impl.RaftServerImpl (ServerState.java:setRaftConf(356)) - 6a4d2be6-9424-4ae4-9e09-f01b73daf36a@group-BAECA272C190: set configuration 0: [6a4d2be6-9424-4ae4-9e09-f01b73daf36a:192.168.164.219:39773], old=null at 0
2019-11-13 18:48:17,609 [9582de44-b510-4bf6-b692-b66075a27588@group-898F73E51E5E-LeaderElection21] INFO  impl.RaftServerImpl (ServerState.java:setRaftConf(356)) - 9582de44-b510-4bf6-b692-b66075a27588@group-898F73E51E5E: set configuration 0: [9582de44-b510-4bf6-b692-b66075a27588:192.168.164.219:46083], old=null at 0
2019-11-13 18:48:17,610 [EventQueue-PipelineReportForPipelineReportHandler] INFO  pipeline.PipelineStateManager (PipelineStateManager.java:openPipeline(134)) - Pipeline Pipeline[ Id: 489df670-1055-4ebd-b34b-898f73e51e5e, Nodes: 9582de44-b510-4bf6-b692-b66075a27588{ip: 192.168.164.219, host: pr-hdds-1940-7lghg-363871468, networkLocation: /default-rack, certSerialId: null}, Type:RATIS, Factor:ONE, State:OPEN] moved to OPEN state
2019-11-13 18:48:17,612 [302e21ca-1d4a-4b22-bc74-f644a63fc179@group-172C83AAB92B-LeaderElection23] INFO  impl.LeaderElection (LeaderElection.java:logAndReturn(56)) - 302e21ca-1d4a-4b22-bc74-f644a63fc179@group-172C83AAB92B-LeaderElection23: Election REJECTED; received 2 response(s) [302e21ca-1d4a-4b22-bc74-f644a63fc179<-cb343498-03c0-425e-a729-2b4f8684daee#0:FAIL-t1, 302e21ca-1d4a-4b22-bc74-f644a63fc179<-e8491d14-0d10-4bdc-963d-f0280d0d8b35#0:FAIL-t1] and 0 exception(s); 302e21ca-1d4a-4b22-bc74-f644a63fc179@group-172C83AAB92B:t1, leader=null, voted=302e21ca-1d4a-4b22-bc74-f644a63fc179, raftlog=302e21ca-1d4a-4b22-bc74-f644a63fc179@group-172C83AAB92B-SegmentedRaftLog:OPENED:c-1,f-1,i0, conf=-1: [cb343498-03c0-425e-a729-2b4f8684daee:192.168.164.219:33301, e8491d14-0d10-4bdc-963d-f0280d0d8b35:192.168.164.219:41564, 302e21ca-1d4a-4b22-bc74-f644a63fc179:192.168.164.219:35354], old=null
2019-11-13 18:48:17,612 [EventQueue-PipelineReportForPipelineReportHandler] INFO  pipeline.PipelineStateManager (PipelineStateManager.java:openPipeline(134)) - Pipeline Pipeline[ Id: 8404a878-6bab-43e4-8908-baeca272c190, Nodes: 6a4d2be6-9424-4ae4-9e09-f01b73daf36a{ip: 192.168.164.219, host: pr-hdds-1940-7lghg-363871468, networkLocation: /default-rack, certSerialId: null}, Type:RATIS, Factor:ONE, State:OPEN] moved to OPEN state
2019-11-13 18:48:17,612 [302e21ca-1d4a-4b22-bc74-f644a63fc179@group-172C83AAB92B-LeaderElection23] INFO  impl.RaftServerImpl (RaftServerImpl.java:setRole(173)) - 302e21ca-1d4a-4b22-bc74-f644a63fc179@group-172C83AAB92B: changes role from CANDIDATE to FOLLOWER at term 1 for DISCOVERED_A_NEW_TERM
2019-11-13 18:48:17,642 [302e21ca-1d4a-4b22-bc74-f644a63fc179@group-172C83AAB92B-LeaderElection23] INFO  impl.RoleInfo (RoleInfo.java:shutdownLeaderElection(134)) - 302e21ca-1d4a-4b22-bc74-f644a63fc179: shutdown LeaderElection
2019-11-13 18:48:17,642 [302e21ca-1d4a-4b22-bc74-f644a63fc179@group-172C83AAB92B-LeaderElection23] INFO  impl.RoleInfo (RoleInfo.java:updateAndGet(143)) - 302e21ca-1d4a-4b22-bc74-f644a63fc179: start FollowerState
2019-11-13 18:48:17,645 [e8491d14-0d10-4bdc-963d-f0280d0d8b35@group-172C83AAB92B-LeaderElection24] INFO  impl.LeaderElection (LeaderElection.java:logAndReturn(56)) - e8491d14-0d10-4bdc-963d-f0280d0d8b35@group-172C83AAB92B-LeaderElection24: Election REJECTED; received 2 response(s) [e8491d14-0d10-4bdc-963d-f0280d0d8b35<-cb343498-03c0-425e-a729-2b4f8684daee#0:FAIL-t1, e8491d14-0d10-4bdc-963d-f0280d0d8b35<-302e21ca-1d4a-4b22-bc74-f644a63fc179#0:FAIL-t1] and 0 exception(s); e8491d14-0d10-4bdc-963d-f0280d0d8b35@group-172C83AAB92B:t1, leader=null, voted=e8491d14-0d10-4bdc-963d-f0280d0d8b35, raftlog=e8491d14-0d10-4bdc-963d-f0280d0d8b35@group-172C83AAB92B-SegmentedRaftLog:OPENED:c-1,f-1,i0, conf=-1: [cb343498-03c0-425e-a729-2b4f8684daee:192.168.164.219:33301, e8491d14-0d10-4bdc-963d-f0280d0d8b35:192.168.164.219:41564, 302e21ca-1d4a-4b22-bc74-f644a63fc179:192.168.164.219:35354], old=null
2019-11-13 18:48:17,645 [e8491d14-0d10-4bdc-963d-f0280d0d8b35@group-172C83AAB92B-LeaderElection24] INFO  impl.RaftServerImpl (RaftServerImpl.java:setRole(173)) - e8491d14-0d10-4bdc-963d-f0280d0d8b35@group-172C83AAB92B: changes role from CANDIDATE to FOLLOWER at term 1 for DISCOVERED_A_NEW_TERM
2019-11-13 18:48:17,645 [e8491d14-0d10-4bdc-963d-f0280d0d8b35@group-172C83AAB92B-LeaderElection24] INFO  impl.RoleInfo (RoleInfo.java:shutdownLeaderElection(134)) - e8491d14-0d10-4bdc-963d-f0280d0d8b35: shutdown LeaderElection
2019-11-13 18:48:17,645 [e8491d14-0d10-4bdc-963d-f0280d0d8b35@group-172C83AAB92B-LeaderElection24] INFO  impl.RoleInfo (RoleInfo.java:updateAndGet(143)) - e8491d14-0d10-4bdc-963d-f0280d0d8b35: start FollowerState
2019-11-13 18:48:17,645 [cb343498-03c0-425e-a729-2b4f8684daee@group-172C83AAB92B-LeaderElection22] INFO  impl.LeaderElection (LeaderElection.java:logAndReturn(56)) - cb343498-03c0-425e-a729-2b4f8684daee@group-172C83AAB92B-LeaderElection22: Election REJECTED; received 2 response(s) [cb343498-03c0-425e-a729-2b4f8684daee<-e8491d14-0d10-4bdc-963d-f0280d0d8b35#0:FAIL-t1, cb343498-03c0-425e-a729-2b4f8684daee<-302e21ca-1d4a-4b22-bc74-f644a63fc179#0:FAIL-t1] and 0 exception(s); cb343498-03c0-425e-a729-2b4f8684daee@group-172C83AAB92B:t1, leader=null, voted=cb343498-03c0-425e-a729-2b4f8684daee, raftlog=cb343498-03c0-425e-a729-2b4f8684daee@group-172C83AAB92B-SegmentedRaftLog:OPENED:c-1,f-1,i0, conf=-1: [cb343498-03c0-425e-a729-2b4f8684daee:192.168.164.219:33301, e8491d14-0d10-4bdc-963d-f0280d0d8b35:192.168.164.219:41564, 302e21ca-1d4a-4b22-bc74-f644a63fc179:192.168.164.219:35354], old=null
2019-11-13 18:48:17,648 [cb343498-03c0-425e-a729-2b4f8684daee@group-172C83AAB92B-LeaderElection22] INFO  impl.RaftServerImpl (RaftServerImpl.java:setRole(173)) - cb343498-03c0-425e-a729-2b4f8684daee@group-172C83AAB92B: changes role from CANDIDATE to FOLLOWER at term 1 for DISCOVERED_A_NEW_TERM
2019-11-13 18:48:17,648 [cb343498-03c0-425e-a729-2b4f8684daee@group-172C83AAB92B-LeaderElection22] INFO  impl.RoleInfo (RoleInfo.java:shutdownLeaderElection(134)) - cb343498-03c0-425e-a729-2b4f8684daee: shutdown LeaderElection
2019-11-13 18:48:17,648 [cb343498-03c0-425e-a729-2b4f8684daee@group-172C83AAB92B-LeaderElection22] INFO  impl.RoleInfo (RoleInfo.java:updateAndGet(143)) - cb343498-03c0-425e-a729-2b4f8684daee: start FollowerState
2019-11-13 18:48:17,656 [9582de44-b510-4bf6-b692-b66075a27588@group-898F73E51E5E-SegmentedRaftLogWorker] INFO  segmented.SegmentedRaftLogWorker (SegmentedRaftLogWorker.java:execute(576)) - 9582de44-b510-4bf6-b692-b66075a27588@group-898F73E51E5E-SegmentedRaftLogWorker: created new log segment /workdir/hadoop-ozone/integration-test/target/test-dir/MiniOzoneClusterImpl-936e8649-2eb0-4b7a-921b-5d2cce332f9c/datanode-3/data/ratis/489df670-1055-4ebd-b34b-898f73e51e5e/current/log_inprogress_0
2019-11-13 18:48:17,656 [6a4d2be6-9424-4ae4-9e09-f01b73daf36a@group-BAECA272C190-SegmentedRaftLogWorker] INFO  segmented.SegmentedRaftLogWorker (SegmentedRaftLogWorker.java:execute(576)) - 6a4d2be6-9424-4ae4-9e09-f01b73daf36a@group-BAECA272C190-SegmentedRaftLogWorker: created new log segment /workdir/hadoop-ozone/integration-test/target/test-dir/MiniOzoneClusterImpl-936e8649-2eb0-4b7a-921b-5d2cce332f9c/datanode-9/data/ratis/8404a878-6bab-43e4-8908-baeca272c190/current/log_inprogress_0
2019-11-13 18:48:17,662 [Thread-489] INFO  impl.FollowerState (FollowerState.java:run(111)) - e8491d14-0d10-4bdc-963d-f0280d0d8b35@group-DE803CD6E04A-FollowerState: change to CANDIDATE, lastRpcTime:1159ms, electionTimeout:1158ms
2019-11-13 18:48:17,670 [Thread-489] INFO  impl.RoleInfo (RoleInfo.java:shutdownFollowerState(121)) - e8491d14-0d10-4bdc-963d-f0280d0d8b35: shutdown FollowerState
2019-11-13 18:48:17,670 [Thread-489] INFO  impl.RaftServerImpl (RaftServerImpl.java:setRole(173)) - e8491d14-0d10-4bdc-963d-f0280d0d8b35@group-DE803CD6E04A: changes role from  FOLLOWER to CANDIDATE at term 0 for changeToCandidate
2019-11-13 18:48:17,671 [Thread-489] INFO  impl.RoleInfo (RoleInfo.java:updateAndGet(143)) - e8491d14-0d10-4bdc-963d-f0280d0d8b35: start LeaderElection
2019-11-13 18:48:17,680 [e8491d14-0d10-4bdc-963d-f0280d0d8b35@group-DE803CD6E04A-LeaderElection26] INFO  impl.LeaderElection (LeaderElection.java:askForVotes(178)) - e8491d14-0d10-4bdc-963d-f0280d0d8b35@group-DE803CD6E04A-LeaderElection26: begin an election at term 1 for -1: [e8491d14-0d10-4bdc-963d-f0280d0d8b35:192.168.164.219:41564], old=null
2019-11-13 18:48:17,680 [e8491d14-0d10-4bdc-963d-f0280d0d8b35@group-DE803CD6E04A-LeaderElection26] INFO  impl.RoleInfo (RoleInfo.java:shutdownLeaderElection(134)) - e8491d14-0d10-4bdc-963d-f0280d0d8b35: shutdown LeaderElection
2019-11-13 18:48:17,680 [e8491d14-0d10-4bdc-963d-f0280d0d8b35@group-DE803CD6E04A-LeaderElection26] INFO  impl.RaftServerImpl (RaftServerImpl.java:setRole(173)) - e8491d14-0d10-4bdc-963d-f0280d0d8b35@group-DE803CD6E04A: changes role from CANDIDATE to LEADER at term 1 for changeToLeader
2019-11-13 18:48:17,680 [e8491d14-0d10-4bdc-963d-f0280d0d8b35@group-DE803CD6E04A-LeaderElection26] INFO  ratis.XceiverServerRatis (XceiverServerRatis.java:handleLeaderChangedNotification(697)) - Leader change notification received for group: group-DE803CD6E04A with new leaderId: e8491d14-0d10-4bdc-963d-f0280d0d8b35
2019-11-13 18:48:17,680 [e8491d14-0d10-4bdc-963d-f0280d0d8b35@group-DE803CD6E04A-LeaderElection26] INFO  impl.RaftServerImpl (ServerState.java:setLeader(255)) - e8491d14-0d10-4bdc-963d-f0280d0d8b35@group-DE803CD6E04A: change Leader from null to e8491d14-0d10-4bdc-963d-f0280d0d8b35 at term 1 for becomeLeader, leader elected after 1180ms
2019-11-13 18:48:17,680 [e8491d14-0d10-4bdc-963d-f0280d0d8b35@group-DE803CD6E04A-LeaderElection26] INFO  server.RaftServerConfigKeys (ConfUtils.java:logGet(43)) - raft.server.staging.catchup.gap = 1000 (default)
2019-11-13 18:48:17,680 [e8491d14-0d10-4bdc-963d-f0280d0d8b35@group-DE803CD6E04A-LeaderElection26] INFO  server.RaftServerConfigKeys (ConfUtils.java:logGet(43)) - raft.server.rpc.sleep.time = 25ms (default)
2019-11-13 18:48:17,681 [e8491d14-0d10-4bdc-963d-f0280d0d8b35@group-DE803CD6E04A-LeaderElection26] INFO  server.RaftServerConfigKeys (ConfUtils.java:logGet(43)) - raft.server.write.element-limit = 4096 (default)
2019-11-13 18:48:17,681 [e8491d14-0d10-4bdc-963d-f0280d0d8b35@group-DE803CD6E04A-LeaderElection26] INFO  server.RaftServerConfigKeys (ConfUtils.java:logGet(43)) - raft.server.watch.timeout = 10s (default)
2019-11-13 18:48:17,681 [e8491d14-0d10-4bdc-963d-f0280d0d8b35@group-DE803CD6E04A-LeaderElection26] INFO  server.RaftServerConfigKeys (ConfUtils.java:logGet(43)) - raft.server.watch.timeout.denomination = 1s (default)
2019-11-13 18:48:17,681 [e8491d14-0d10-4bdc-963d-f0280d0d8b35@group-DE803CD6E04A-LeaderElection26] INFO  server.RaftServerConfigKeys (ConfUtils.java:logGet(43)) - raft.server.watch.element-limit = 65536 (default)
2019-11-13 18:48:17,681 [e8491d14-0d10-4bdc-963d-f0280d0d8b35@group-DE803CD6E04A-LeaderElection26] INFO  impl.RoleInfo (RoleInfo.java:updateAndGet(143)) - e8491d14-0d10-4bdc-963d-f0280d0d8b35: start LeaderState
2019-11-13 18:48:17,681 [e8491d14-0d10-4bdc-963d-f0280d0d8b35@group-DE803CD6E04A-LeaderElection26] INFO  segmented.SegmentedRaftLogWorker (SegmentedRaftLogWorker.java:startLogSegment(385)) - e8491d14-0d10-4bdc-963d-f0280d0d8b35@group-DE803CD6E04A-SegmentedRaftLogWorker: Starting segment from index:0
2019-11-13 18:48:17,682 [EventQueue-PipelineReportForPipelineReportHandler] INFO  pipeline.PipelineStateManager (PipelineStateManager.java:openPipeline(134)) - Pipeline Pipeline[ Id: be482a04-d659-4654-bd1b-de803cd6e04a, Nodes: e8491d14-0d10-4bdc-963d-f0280d0d8b35{ip: 192.168.164.219, host: pr-hdds-1940-7lghg-363871468, networkLocation: /default-rack, certSerialId: null}, Type:RATIS, Factor:ONE, State:OPEN] moved to OPEN state
2019-11-13 18:48:17,682 [e8491d14-0d10-4bdc-963d-f0280d0d8b35@group-DE803CD6E04A-LeaderElection26] INFO  impl.RaftServerImpl (ServerState.java:setRaftConf(356)) - e8491d14-0d10-4bdc-963d-f0280d0d8b35@group-DE803CD6E04A: set configuration 0: [e8491d14-0d10-4bdc-963d-f0280d0d8b35:192.168.164.219:41564], old=null at 0
2019-11-13 18:48:17,723 [e8491d14-0d10-4bdc-963d-f0280d0d8b35@group-DE803CD6E04A-SegmentedRaftLogWorker] INFO  segmented.SegmentedRaftLogWorker (SegmentedRaftLogWorker.java:execute(576)) - e8491d14-0d10-4bdc-963d-f0280d0d8b35@group-DE803CD6E04A-SegmentedRaftLogWorker: created new log segment /workdir/hadoop-ozone/integration-test/target/test-dir/MiniOzoneClusterImpl-936e8649-2eb0-4b7a-921b-5d2cce332f9c/datanode-8/data/ratis/be482a04-d659-4654-bd1b-de803cd6e04a/current/log_inprogress_0
2019-11-13 18:48:17,888 [Datanode State Machine Thread - 0] INFO  statemachine.DatanodeStateMachine (DatanodeStateMachine.java:lambda$startDaemon$0(350)) - Ozone container server started.
2019-11-13 18:48:17,944 [Command processor thread] ERROR commandhandler.CloseContainerCommandHandler (CloseContainerCommandHandler.java:handle(84)) - Container #1 does not exist in datanode. Container close failed.
2019-11-13 18:48:17,948 [Command processor thread] ERROR commandhandler.CloseContainerCommandHandler (CloseContainerCommandHandler.java:handle(84)) - Container #2 does not exist in datanode. Container close failed.
2019-11-13 18:48:17,948 [Command processor thread] ERROR commandhandler.CloseContainerCommandHandler (CloseContainerCommandHandler.java:handle(84)) - Container #3 does not exist in datanode. Container close failed.
2019-11-13 18:48:18,674 [Thread-576] INFO  impl.FollowerState (FollowerState.java:run(111)) - cb343498-03c0-425e-a729-2b4f8684daee@group-172C83AAB92B-FollowerState: change to CANDIDATE, lastRpcTime:1026ms, electionTimeout:1026ms
2019-11-13 18:48:18,675 [Thread-576] INFO  impl.RoleInfo (RoleInfo.java:shutdownFollowerState(121)) - cb343498-03c0-425e-a729-2b4f8684daee: shutdown FollowerState
2019-11-13 18:48:18,675 [Thread-576] INFO  impl.RaftServerImpl (RaftServerImpl.java:setRole(173)) - cb343498-03c0-425e-a729-2b4f8684daee@group-172C83AAB92B: changes role from  FOLLOWER to CANDIDATE at term 1 for changeToCandidate
2019-11-13 18:48:18,675 [Thread-576] INFO  impl.RoleInfo (RoleInfo.java:updateAndGet(143)) - cb343498-03c0-425e-a729-2b4f8684daee: start LeaderElection
2019-11-13 18:48:18,692 [cb343498-03c0-425e-a729-2b4f8684daee@group-172C83AAB92B-LeaderElection27] INFO  impl.LeaderElection (LeaderElection.java:askForVotes(178)) - cb343498-03c0-425e-a729-2b4f8684daee@group-172C83AAB92B-LeaderElection27: begin an election at term 2 for -1: [cb343498-03c0-425e-a729-2b4f8684daee:192.168.164.219:33301, e8491d14-0d10-4bdc-963d-f0280d0d8b35:192.168.164.219:41564, 302e21ca-1d4a-4b22-bc74-f644a63fc179:192.168.164.219:35354], old=null
2019-11-13 18:48:18,694 [grpc-default-executor-1] INFO  impl.RaftServerImpl (RaftServerImpl.java:setRole(173)) - 302e21ca-1d4a-4b22-bc74-f644a63fc179@group-172C83AAB92B: changes role from  FOLLOWER to FOLLOWER at term 2 for recognizeCandidate:cb343498-03c0-425e-a729-2b4f8684daee
2019-11-13 18:48:18,695 [grpc-default-executor-1] INFO  impl.RoleInfo (RoleInfo.java:shutdownFollowerState(121)) - 302e21ca-1d4a-4b22-bc74-f644a63fc179: shutdown FollowerState
2019-11-13 18:48:18,695 [Thread-574] INFO  impl.FollowerState (FollowerState.java:run(120)) - 302e21ca-1d4a-4b22-bc74-f644a63fc179@group-172C83AAB92B-FollowerState was interrupted: java.lang.InterruptedException: sleep interrupted
2019-11-13 18:48:18,695 [grpc-default-executor-1] INFO  impl.RoleInfo (RoleInfo.java:updateAndGet(143)) - 302e21ca-1d4a-4b22-bc74-f644a63fc179: start FollowerState
2019-11-13 18:48:18,695 [grpc-default-executor-5] INFO  impl.RaftServerImpl (RaftServerImpl.java:setRole(173)) - e8491d14-0d10-4bdc-963d-f0280d0d8b35@group-172C83AAB92B: changes role from  FOLLOWER to FOLLOWER at term 2 for recognizeCandidate:cb343498-03c0-425e-a729-2b4f8684daee
2019-11-13 18:48:18,698 [grpc-default-executor-5] INFO  impl.RoleInfo (RoleInfo.java:shutdownFollowerState(121)) - e8491d14-0d10-4bdc-963d-f0280d0d8b35: shutdown FollowerState
2019-11-13 18:48:18,698 [Thread-575] INFO  impl.FollowerState (FollowerState.java:run(120)) - e8491d14-0d10-4bdc-963d-f0280d0d8b35@group-172C83AAB92B-FollowerState was interrupted: java.lang.InterruptedException: sleep interrupted
2019-11-13 18:48:18,698 [grpc-default-executor-5] INFO  impl.RoleInfo (RoleInfo.java:updateAndGet(143)) - e8491d14-0d10-4bdc-963d-f0280d0d8b35: start FollowerState
2019-11-13 18:48:18,715 [cb343498-03c0-425e-a729-2b4f8684daee@group-172C83AAB92B-LeaderElection27] INFO  impl.LeaderElection (LeaderElection.java:logAndReturn(56)) - cb343498-03c0-425e-a729-2b4f8684daee@group-172C83AAB92B-LeaderElection27: Election PASSED; received 1 response(s) [cb343498-03c0-425e-a729-2b4f8684daee<-302e21ca-1d4a-4b22-bc74-f644a63fc179#0:OK-t2] and 0 exception(s); cb343498-03c0-425e-a729-2b4f8684daee@group-172C83AAB92B:t2, leader=null, voted=cb343498-03c0-425e-a729-2b4f8684daee, raftlog=cb343498-03c0-425e-a729-2b4f8684daee@group-172C83AAB92B-SegmentedRaftLog:OPENED:c-1,f-1,i0, conf=-1: [cb343498-03c0-425e-a729-2b4f8684daee:192.168.164.219:33301, e8491d14-0d10-4bdc-963d-f0280d0d8b35:192.168.164.219:41564, 302e21ca-1d4a-4b22-bc74-f644a63fc179:192.168.164.219:35354], old=null
2019-11-13 18:48:18,715 [cb343498-03c0-425e-a729-2b4f8684daee@group-172C83AAB92B-LeaderElection27] INFO  impl.RoleInfo (RoleInfo.java:shutdownLeaderElection(134)) - cb343498-03c0-425e-a729-2b4f8684daee: shutdown LeaderElection
2019-11-13 18:48:18,715 [cb343498-03c0-425e-a729-2b4f8684daee@group-172C83AAB92B-LeaderElection27] INFO  impl.RaftServerImpl (RaftServerImpl.java:setRole(173)) - cb343498-03c0-425e-a729-2b4f8684daee@group-172C83AAB92B: changes role from CANDIDATE to LEADER at term 2 for changeToLeader
2019-11-13 18:48:18,716 [cb343498-03c0-425e-a729-2b4f8684daee@group-172C83AAB92B-LeaderElection27] INFO  ratis.XceiverServerRatis (XceiverServerRatis.java:handleLeaderChangedNotification(697)) - Leader change notification received for group: group-172C83AAB92B with new leaderId: cb343498-03c0-425e-a729-2b4f8684daee
2019-11-13 18:48:18,716 [cb343498-03c0-425e-a729-2b4f8684daee@group-172C83AAB92B-LeaderElection27] INFO  impl.RaftServerImpl (ServerState.java:setLeader(255)) - cb343498-03c0-425e-a729-2b4f8684daee@group-172C83AAB92B: change Leader from null to cb343498-03c0-425e-a729-2b4f8684daee at term 2 for becomeLeader, leader elected after 2307ms
2019-11-13 18:48:18,716 [cb343498-03c0-425e-a729-2b4f8684daee@group-172C83AAB92B-LeaderElection27] INFO  server.RaftServerConfigKeys (ConfUtils.java:logGet(43)) - raft.server.staging.catchup.gap = 1000 (default)
2019-11-13 18:48:18,716 [cb343498-03c0-425e-a729-2b4f8684daee@group-172C83AAB92B-LeaderElection27] INFO  server.RaftServerConfigKeys (ConfUtils.java:logGet(43)) - raft.server.rpc.sleep.time = 25ms (default)
2019-11-13 18:48:18,716 [cb343498-03c0-425e-a729-2b4f8684daee@group-172C83AAB92B-LeaderElection27] INFO  server.RaftServerConfigKeys (ConfUtils.java:logGet(43)) - raft.server.write.element-limit = 4096 (default)
2019-11-13 18:48:18,716 [cb343498-03c0-425e-a729-2b4f8684daee@group-172C83AAB92B-LeaderElection27] INFO  server.RaftServerConfigKeys (ConfUtils.java:logGet(43)) - raft.server.watch.timeout = 10s (default)
2019-11-13 18:48:18,716 [cb343498-03c0-425e-a729-2b4f8684daee@group-172C83AAB92B-LeaderElection27] INFO  server.RaftServerConfigKeys (ConfUtils.java:logGet(43)) - raft.server.watch.timeout.denomination = 1s (default)
2019-11-13 18:48:18,716 [cb343498-03c0-425e-a729-2b4f8684daee@group-172C83AAB92B-LeaderElection27] INFO  server.RaftServerConfigKeys (ConfUtils.java:logGet(43)) - raft.server.watch.element-limit = 65536 (default)
2019-11-13 18:48:18,717 [cb343498-03c0-425e-a729-2b4f8684daee@group-172C83AAB92B-LeaderElection27] INFO  server.RaftServerConfigKeys (ConfUtils.java:logGet(43)) - raft.server.log.appender.snapshot.chunk.size.max = 16MB (=16777216) (default)
2019-11-13 18:48:18,717 [cb343498-03c0-425e-a729-2b4f8684daee@group-172C83AAB92B-LeaderElection27] INFO  server.RaftServerConfigKeys (ConfUtils.java:logGet(43)) - raft.server.log.appender.buffer.byte-limit = 33554432 (custom)
2019-11-13 18:48:18,717 [cb343498-03c0-425e-a729-2b4f8684daee@group-172C83AAB92B-LeaderElection27] INFO  server.RaftServerConfigKeys (ConfUtils.java:logGet(43)) - raft.server.log.appender.buffer.element-limit = 1 (custom)
2019-11-13 18:48:18,717 [cb343498-03c0-425e-a729-2b4f8684daee@group-172C83AAB92B-LeaderElection27] INFO  grpc.GrpcConfigKeys$Server (ConfUtils.java:logGet(43)) - raft.grpc.server.leader.outstanding.appends.max = 128 (default)
2019-11-13 18:48:18,717 [EventQueue-PipelineReportForPipelineReportHandler] INFO  pipeline.PipelineStateManager (PipelineStateManager.java:openPipeline(134)) - Pipeline Pipeline[ Id: ae0aad9b-b7dc-42a7-9669-172c83aab92b, Nodes: 302e21ca-1d4a-4b22-bc74-f644a63fc179{ip: 192.168.164.219, host: pr-hdds-1940-7lghg-363871468, networkLocation: /default-rack, certSerialId: null}e8491d14-0d10-4bdc-963d-f0280d0d8b35{ip: 192.168.164.219, host: pr-hdds-1940-7lghg-363871468, networkLocation: /default-rack, certSerialId: null}cb343498-03c0-425e-a729-2b4f8684daee{ip: 192.168.164.219, host: pr-hdds-1940-7lghg-363871468, networkLocation: /default-rack, certSerialId: null}, Type:RATIS, Factor:THREE, State:OPEN] moved to OPEN state
2019-11-13 18:48:18,717 [cb343498-03c0-425e-a729-2b4f8684daee@group-172C83AAB92B-LeaderElection27] INFO  server.RaftServerConfigKeys (ConfUtils.java:logGet(43)) - raft.server.rpc.request.timeout = 3000ms (default)
2019-11-13 18:48:18,720 [cb343498-03c0-425e-a729-2b4f8684daee@group-172C83AAB92B-LeaderElection27] INFO  server.RaftServerConfigKeys (ConfUtils.java:logGet(43)) - raft.server.log.appender.install.snapshot.enabled = false (custom)
2019-11-13 18:48:18,721 [cb343498-03c0-425e-a729-2b4f8684daee@group-172C83AAB92B-LeaderElection27] WARN  impl.MetricRegistriesImpl (MetricRegistriesImpl.java:lambda$create$1(61)) - First MetricRegistry has been created without registering reporters. You may need to call MetricRegistries.global().addReportRegistration(...) before.
2019-11-13 18:48:18,721 [cb343498-03c0-425e-a729-2b4f8684daee@group-172C83AAB92B-LeaderElection27] INFO  server.RaftServerConfigKeys (ConfUtils.java:logGet(43)) - raft.server.log.appender.snapshot.chunk.size.max = 16MB (=16777216) (default)
2019-11-13 18:48:18,721 [cb343498-03c0-425e-a729-2b4f8684daee@group-172C83AAB92B-LeaderElection27] INFO  server.RaftServerConfigKeys (ConfUtils.java:logGet(43)) - raft.server.log.appender.buffer.byte-limit = 33554432 (custom)
2019-11-13 18:48:18,721 [cb343498-03c0-425e-a729-2b4f8684daee@group-172C83AAB92B-LeaderElection27] INFO  server.RaftServerConfigKeys (ConfUtils.java:logGet(43)) - raft.server.log.appender.buffer.element-limit = 1 (custom)
2019-11-13 18:48:18,721 [cb343498-03c0-425e-a729-2b4f8684daee@group-172C83AAB92B-LeaderElection27] INFO  grpc.GrpcConfigKeys$Server (ConfUtils.java:logGet(43)) - raft.grpc.server.leader.outstanding.appends.max = 128 (default)
2019-11-13 18:48:18,721 [cb343498-03c0-425e-a729-2b4f8684daee@group-172C83AAB92B-LeaderElection27] INFO  server.RaftServerConfigKeys (ConfUtils.java:logGet(43)) - raft.server.rpc.request.timeout = 3000ms (default)
2019-11-13 18:48:18,721 [cb343498-03c0-425e-a729-2b4f8684daee@group-172C83AAB92B-LeaderElection27] INFO  server.RaftServerConfigKeys (ConfUtils.java:logGet(43)) - raft.server.log.appender.install.snapshot.enabled = false (custom)
2019-11-13 18:48:18,722 [cb343498-03c0-425e-a729-2b4f8684daee@group-172C83AAB92B-LeaderElection27] INFO  impl.RoleInfo (RoleInfo.java:updateAndGet(143)) - cb343498-03c0-425e-a729-2b4f8684daee: start LeaderState
2019-11-13 18:48:18,722 [cb343498-03c0-425e-a729-2b4f8684daee@group-172C83AAB92B-LeaderElection27] INFO  segmented.SegmentedRaftLogWorker (SegmentedRaftLogWorker.java:startLogSegment(385)) - cb343498-03c0-425e-a729-2b4f8684daee@group-172C83AAB92B-SegmentedRaftLogWorker: Starting segment from index:0
2019-11-13 18:48:18,722 [cb343498-03c0-425e-a729-2b4f8684daee@group-172C83AAB92B-LeaderElection27] INFO  impl.RaftServerImpl (ServerState.java:setRaftConf(356)) - cb343498-03c0-425e-a729-2b4f8684daee@group-172C83AAB92B: set configuration 0: [cb343498-03c0-425e-a729-2b4f8684daee:192.168.164.219:33301, e8491d14-0d10-4bdc-963d-f0280d0d8b35:192.168.164.219:41564, 302e21ca-1d4a-4b22-bc74-f644a63fc179:192.168.164.219:35354], old=null at 0
2019-11-13 18:48:18,749 [grpc-default-executor-5] INFO  ratis.XceiverServerRatis (XceiverServerRatis.java:handleLeaderChangedNotification(697)) - Leader change notification received for group: group-172C83AAB92B with new leaderId: cb343498-03c0-425e-a729-2b4f8684daee
2019-11-13 18:48:18,749 [grpc-default-executor-1] INFO  ratis.XceiverServerRatis (XceiverServerRatis.java:handleLeaderChangedNotification(697)) - Leader change notification received for group: group-172C83AAB92B with new leaderId: cb343498-03c0-425e-a729-2b4f8684daee
2019-11-13 18:48:18,751 [grpc-default-executor-5] INFO  impl.RaftServerImpl (ServerState.java:setLeader(255)) - e8491d14-0d10-4bdc-963d-f0280d0d8b35@group-172C83AAB92B: change Leader from null to cb343498-03c0-425e-a729-2b4f8684daee at term 2 for appendEntries, leader elected after 2341ms
2019-11-13 18:48:18,752 [grpc-default-executor-1] INFO  impl.RaftServerImpl (ServerState.java:setLeader(255)) - 302e21ca-1d4a-4b22-bc74-f644a63fc179@group-172C83AAB92B: change Leader from null to cb343498-03c0-425e-a729-2b4f8684daee at term 2 for appendEntries, leader elected after 2341ms
2019-11-13 18:48:18,754 [grpc-default-executor-1] INFO  impl.RaftServerImpl (ServerState.java:setRaftConf(356)) - 302e21ca-1d4a-4b22-bc74-f644a63fc179@group-172C83AAB92B: set configuration 0: [cb343498-03c0-425e-a729-2b4f8684daee:192.168.164.219:33301, e8491d14-0d10-4bdc-963d-f0280d0d8b35:192.168.164.219:41564, 302e21ca-1d4a-4b22-bc74-f644a63fc179:192.168.164.219:35354], old=null at 0
2019-11-13 18:48:18,754 [grpc-default-executor-5] INFO  impl.RaftServerImpl (ServerState.java:setRaftConf(356)) - e8491d14-0d10-4bdc-963d-f0280d0d8b35@group-172C83AAB92B: set configuration 0: [cb343498-03c0-425e-a729-2b4f8684daee:192.168.164.219:33301, e8491d14-0d10-4bdc-963d-f0280d0d8b35:192.168.164.219:41564, 302e21ca-1d4a-4b22-bc74-f644a63fc179:192.168.164.219:35354], old=null at 0
2019-11-13 18:48:18,754 [grpc-default-executor-1] INFO  segmented.SegmentedRaftLogWorker (SegmentedRaftLogWorker.java:startLogSegment(385)) - 302e21ca-1d4a-4b22-bc74-f644a63fc179@group-172C83AAB92B-SegmentedRaftLogWorker: Starting segment from index:0
2019-11-13 18:48:18,755 [grpc-default-executor-5] INFO  segmented.SegmentedRaftLogWorker (SegmentedRaftLogWorker.java:startLogSegment(385)) - e8491d14-0d10-4bdc-963d-f0280d0d8b35@group-172C83AAB92B-SegmentedRaftLogWorker: Starting segment from index:0
2019-11-13 18:48:18,760 [cb343498-03c0-425e-a729-2b4f8684daee@group-172C83AAB92B-SegmentedRaftLogWorker] INFO  segmented.SegmentedRaftLogWorker (SegmentedRaftLogWorker.java:execute(576)) - cb343498-03c0-425e-a729-2b4f8684daee@group-172C83AAB92B-SegmentedRaftLogWorker: created new log segment /workdir/hadoop-ozone/integration-test/target/test-dir/MiniOzoneClusterImpl-936e8649-2eb0-4b7a-921b-5d2cce332f9c/datanode-4/data/ratis/ae0aad9b-b7dc-42a7-9669-172c83aab92b/current/log_inprogress_0
2019-11-13 18:48:18,792 [302e21ca-1d4a-4b22-bc74-f644a63fc179@group-172C83AAB92B-SegmentedRaftLogWorker] INFO  segmented.SegmentedRaftLogWorker (SegmentedRaftLogWorker.java:execute(576)) - 302e21ca-1d4a-4b22-bc74-f644a63fc179@group-172C83AAB92B-SegmentedRaftLogWorker: created new log segment /workdir/hadoop-ozone/integration-test/target/test-dir/MiniOzoneClusterImpl-936e8649-2eb0-4b7a-921b-5d2cce332f9c/datanode-6/data/ratis/ae0aad9b-b7dc-42a7-9669-172c83aab92b/current/log_inprogress_0
2019-11-13 18:48:18,792 [e8491d14-0d10-4bdc-963d-f0280d0d8b35@group-172C83AAB92B-SegmentedRaftLogWorker] INFO  segmented.SegmentedRaftLogWorker (SegmentedRaftLogWorker.java:execute(576)) - e8491d14-0d10-4bdc-963d-f0280d0d8b35@group-172C83AAB92B-SegmentedRaftLogWorker: created new log segment /workdir/hadoop-ozone/integration-test/target/test-dir/MiniOzoneClusterImpl-936e8649-2eb0-4b7a-921b-5d2cce332f9c/datanode-8/data/ratis/ae0aad9b-b7dc-42a7-9669-172c83aab92b/current/log_inprogress_0
2019-11-13 18:48:19,020 [Command processor thread] ERROR commandhandler.CloseContainerCommandHandler (CloseContainerCommandHandler.java:handle(84)) - Container #1 does not exist in datanode. Container close failed.
2019-11-13 18:48:19,020 [Command processor thread] ERROR commandhandler.CloseContainerCommandHandler (CloseContainerCommandHandler.java:handle(84)) - Container #2 does not exist in datanode. Container close failed.
2019-11-13 18:48:19,021 [Command processor thread] ERROR commandhandler.CloseContainerCommandHandler (CloseContainerCommandHandler.java:handle(84)) - Container #3 does not exist in datanode. Container close failed.
2019-11-13 18:48:22,314 [ForkJoinPool.commonPool-worker-1] INFO  ozoneimpl.OzoneContainer (OzoneContainer.java:stop(244)) - Attempting to stop container services.
2019-11-13 18:48:22,314 [main] INFO  ozoneimpl.OzoneContainer (OzoneContainer.java:stop(244)) - Attempting to stop container services.
2019-11-13 18:48:22,315 [ForkJoinPool.commonPool-worker-1] INFO  impl.RaftServerProxy (RaftServerProxy.java:lambda$close$4(314)) - 19b56e57-c404-4271-b4fe-c6c2e842ae91: close
2019-11-13 18:48:22,315 [main] INFO  impl.RaftServerProxy (RaftServerProxy.java:lambda$close$4(314)) - 694477cc-c317-4cd0-89bd-f326ada4a5ba: close
2019-11-13 18:48:22,315 [ForkJoinPool.commonPool-worker-1] INFO  impl.RaftServerImpl (RaftServerImpl.java:lambda$shutdown$3(250)) - 19b56e57-c404-4271-b4fe-c6c2e842ae91@group-8A4AA25C1598: shutdown
2019-11-13 18:48:22,315 [main] INFO  impl.RaftServerImpl (RaftServerImpl.java:lambda$shutdown$3(250)) - 694477cc-c317-4cd0-89bd-f326ada4a5ba@group-9622AD8B65B5: shutdown
2019-11-13 18:48:22,316 [ForkJoinPool.commonPool-worker-1] INFO  util.JmxRegister (JmxRegister.java:unregister(73)) - Successfully un-registered JMX Bean with object name Ratis:service=RaftServer,group=group-8A4AA25C1598,id=19b56e57-c404-4271-b4fe-c6c2e842ae91
2019-11-13 18:48:22,316 [main] INFO  util.JmxRegister (JmxRegister.java:unregister(73)) - Successfully un-registered JMX Bean with object name Ratis:service=RaftServer,group=group-9622AD8B65B5,id=694477cc-c317-4cd0-89bd-f326ada4a5ba
2019-11-13 18:48:22,316 [ForkJoinPool.commonPool-worker-1] INFO  impl.RoleInfo (RoleInfo.java:shutdownLeaderState(104)) - 19b56e57-c404-4271-b4fe-c6c2e842ae91: shutdown LeaderState
2019-11-13 18:48:22,316 [main] INFO  impl.RoleInfo (RoleInfo.java:shutdownFollowerState(121)) - 694477cc-c317-4cd0-89bd-f326ada4a5ba: shutdown FollowerState
2019-11-13 18:48:22,316 [ForkJoinPool.commonPool-worker-1] INFO  impl.PendingRequests (PendingRequests.java:sendNotLeaderResponses(206)) - 19b56e57-c404-4271-b4fe-c6c2e842ae91@group-8A4AA25C1598-PendingRequests: sendNotLeaderResponses
2019-11-13 18:48:22,317 [Thread-459] INFO  impl.FollowerState (FollowerState.java:run(120)) - 694477cc-c317-4cd0-89bd-f326ada4a5ba@group-9622AD8B65B5-FollowerState was interrupted: java.lang.InterruptedException: sleep interrupted
2019-11-13 18:48:22,317 [main] INFO  impl.StateMachineUpdater (StateMachineUpdater.java:stopAndJoin(136)) - 694477cc-c317-4cd0-89bd-f326ada4a5ba@group-9622AD8B65B5-StateMachineUpdater: set stopIndex = 14
2019-11-13 18:48:22,320 [694477cc-c317-4cd0-89bd-f326ada4a5ba@group-9622AD8B65B5-StateMachineUpdater] INFO  ratis.ContainerStateMachine (ContainerStateMachine.java:takeSnapshot(285)) - group-9622AD8B65B5: Taking a snapshot at:(t:1, i:10) file /workdir/hadoop-ozone/integration-test/target/test-dir/MiniOzoneClusterImpl-936e8649-2eb0-4b7a-921b-5d2cce332f9c/datanode-5/data/ratis/f2cbbdf9-338b-4895-87e7-9622ad8b65b5/sm/snapshot.1_10
2019-11-13 18:48:22,317 [ForkJoinPool.commonPool-worker-1] INFO  impl.StateMachineUpdater (StateMachineUpdater.java:stopAndJoin(136)) - 19b56e57-c404-4271-b4fe-c6c2e842ae91@group-8A4AA25C1598-StateMachineUpdater: set stopIndex = 0
2019-11-13 18:48:22,320 [ForkJoinPool.commonPool-worker-1] INFO  impl.RaftServerImpl (ServerState.java:close(387)) - 19b56e57-c404-4271-b4fe-c6c2e842ae91@group-8A4AA25C1598: closes. applyIndex: 0
2019-11-13 18:48:22,320 [19b56e57-c404-4271-b4fe-c6c2e842ae91@group-8A4AA25C1598-SegmentedRaftLogWorker] INFO  segmented.SegmentedRaftLogWorker (SegmentedRaftLogWorker.java:run(316)) - 19b56e57-c404-4271-b4fe-c6c2e842ae91@group-8A4AA25C1598-SegmentedRaftLogWorker was interrupted, exiting. There are 0 tasks remaining in the queue.
2019-11-13 18:48:22,323 [ForkJoinPool.commonPool-worker-1] INFO  segmented.SegmentedRaftLogWorker (SegmentedRaftLogWorker.java:close(224)) - 19b56e57-c404-4271-b4fe-c6c2e842ae91@group-8A4AA25C1598-SegmentedRaftLogWorker close()
2019-11-13 18:48:22,326 [ForkJoinPool.commonPool-worker-1] INFO  impl.RaftServerImpl (RaftServerImpl.java:lambda$shutdown$3(250)) - 19b56e57-c404-4271-b4fe-c6c2e842ae91@group-CEC72933519B: shutdown
2019-11-13 18:48:22,326 [ForkJoinPool.commonPool-worker-1] INFO  util.JmxRegister (JmxRegister.java:unregister(73)) - Successfully un-registered JMX Bean with object name Ratis:service=RaftServer,group=group-CEC72933519B,id=19b56e57-c404-4271-b4fe-c6c2e842ae91
2019-11-13 18:48:22,327 [ForkJoinPool.commonPool-worker-1] INFO  impl.RoleInfo (RoleInfo.java:shutdownFollowerState(121)) - 19b56e57-c404-4271-b4fe-c6c2e842ae91: shutdown FollowerState
2019-11-13 18:48:22,327 [ForkJoinPool.commonPool-worker-1] INFO  impl.StateMachineUpdater (StateMachineUpdater.java:stopAndJoin(136)) - 19b56e57-c404-4271-b4fe-c6c2e842ae91@group-CEC72933519B-StateMachineUpdater: set stopIndex = 4
2019-11-13 18:48:22,327 [19b56e57-c404-4271-b4fe-c6c2e842ae91@group-CEC72933519B-StateMachineUpdater] INFO  ratis.ContainerStateMachine (ContainerStateMachine.java:takeSnapshot(285)) - group-CEC72933519B: Taking a snapshot at:(t:1, i:2) file /workdir/hadoop-ozone/integration-test/target/test-dir/MiniOzoneClusterImpl-936e8649-2eb0-4b7a-921b-5d2cce332f9c/datanode-2/data/ratis/85b35a98-3d2c-45a1-a976-cec72933519b/sm/snapshot.1_2
2019-11-13 18:48:22,327 [Thread-510] INFO  impl.FollowerState (FollowerState.java:run(120)) - 19b56e57-c404-4271-b4fe-c6c2e842ae91@group-CEC72933519B-FollowerState was interrupted: java.lang.InterruptedException: sleep interrupted
2019-11-13 18:48:22,411 [19b56e57-c404-4271-b4fe-c6c2e842ae91@group-CEC72933519B-StateMachineUpdater] INFO  ratis.ContainerStateMachine (ContainerStateMachine.java:takeSnapshot(296)) - group-CEC72933519B: Finished taking a snapshot at:(t:1, i:2) file:/workdir/hadoop-ozone/integration-test/target/test-dir/MiniOzoneClusterImpl-936e8649-2eb0-4b7a-921b-5d2cce332f9c/datanode-2/data/ratis/85b35a98-3d2c-45a1-a976-cec72933519b/sm/snapshot.1_2 time:85
2019-11-13 18:48:22,411 [694477cc-c317-4cd0-89bd-f326ada4a5ba@group-9622AD8B65B5-StateMachineUpdater] INFO  ratis.ContainerStateMachine (ContainerStateMachine.java:takeSnapshot(296)) - group-9622AD8B65B5: Finished taking a snapshot at:(t:1, i:10) file:/workdir/hadoop-ozone/integration-test/target/test-dir/MiniOzoneClusterImpl-936e8649-2eb0-4b7a-921b-5d2cce332f9c/datanode-5/data/ratis/f2cbbdf9-338b-4895-87e7-9622ad8b65b5/sm/snapshot.1_10 time:95
2019-11-13 18:48:22,412 [19b56e57-c404-4271-b4fe-c6c2e842ae91@group-CEC72933519B-StateMachineUpdater] INFO  impl.StateMachineUpdater (StateMachineUpdater.java:takeSnapshot(269)) - 19b56e57-c404-4271-b4fe-c6c2e842ae91@group-CEC72933519B-StateMachineUpdater: Took a snapshot at index 2
2019-11-13 18:48:22,412 [694477cc-c317-4cd0-89bd-f326ada4a5ba@group-9622AD8B65B5-StateMachineUpdater] INFO  impl.StateMachineUpdater (StateMachineUpdater.java:takeSnapshot(269)) - 694477cc-c317-4cd0-89bd-f326ada4a5ba@group-9622AD8B65B5-StateMachineUpdater: Took a snapshot at index 10
2019-11-13 18:48:22,413 [19b56e57-c404-4271-b4fe-c6c2e842ae91@group-CEC72933519B-StateMachineUpdater] INFO  impl.StateMachineUpdater (StateMachineUpdater.java:lambda$new$0(84)) - 19b56e57-c404-4271-b4fe-c6c2e842ae91@group-CEC72933519B-StateMachineUpdater: snapshotIndex: updateIncreasingly -1 -> 2
2019-11-13 18:48:22,413 [694477cc-c317-4cd0-89bd-f326ada4a5ba@group-9622AD8B65B5-StateMachineUpdater] INFO  impl.StateMachineUpdater (StateMachineUpdater.java:lambda$new$0(84)) - 694477cc-c317-4cd0-89bd-f326ada4a5ba@group-9622AD8B65B5-StateMachineUpdater: snapshotIndex: updateIncreasingly -1 -> 10
2019-11-13 18:48:22,415 [19b56e57-c404-4271-b4fe-c6c2e842ae91@group-CEC72933519B-StateMachineUpdater] INFO  ratis.ContainerStateMachine (ContainerStateMachine.java:takeSnapshot(285)) - group-CEC72933519B: Taking a snapshot at:(t:1, i:2) file /workdir/hadoop-ozone/integration-test/target/test-dir/MiniOzoneClusterImpl-936e8649-2eb0-4b7a-921b-5d2cce332f9c/datanode-2/data/ratis/85b35a98-3d2c-45a1-a976-cec72933519b/sm/snapshot.1_2
2019-11-13 18:48:22,415 [694477cc-c317-4cd0-89bd-f326ada4a5ba@group-9622AD8B65B5-StateMachineUpdater] INFO  ratis.ContainerStateMachine (ContainerStateMachine.java:takeSnapshot(285)) - group-9622AD8B65B5: Taking a snapshot at:(t:1, i:10) file /workdir/hadoop-ozone/integration-test/target/test-dir/MiniOzoneClusterImpl-936e8649-2eb0-4b7a-921b-5d2cce332f9c/datanode-5/data/ratis/f2cbbdf9-338b-4895-87e7-9622ad8b65b5/sm/snapshot.1_10
2019-11-13 18:48:22,428 [694477cc-c317-4cd0-89bd-f326ada4a5ba@group-9622AD8B65B5-StateMachineUpdater] INFO  ratis.ContainerStateMachine (ContainerStateMachine.java:takeSnapshot(296)) - group-9622AD8B65B5: Finished taking a snapshot at:(t:1, i:10) file:/workdir/hadoop-ozone/integration-test/target/test-dir/MiniOzoneClusterImpl-936e8649-2eb0-4b7a-921b-5d2cce332f9c/datanode-5/data/ratis/f2cbbdf9-338b-4895-87e7-9622ad8b65b5/sm/snapshot.1_10 time:12
2019-11-13 18:48:22,428 [19b56e57-c404-4271-b4fe-c6c2e842ae91@group-CEC72933519B-StateMachineUpdater] INFO  ratis.ContainerStateMachine (ContainerStateMachine.java:takeSnapshot(296)) - group-CEC72933519B: Finished taking a snapshot at:(t:1, i:2) file:/workdir/hadoop-ozone/integration-test/target/test-dir/MiniOzoneClusterImpl-936e8649-2eb0-4b7a-921b-5d2cce332f9c/datanode-2/data/ratis/85b35a98-3d2c-45a1-a976-cec72933519b/sm/snapshot.1_2 time:12
2019-11-13 18:48:22,429 [694477cc-c317-4cd0-89bd-f326ada4a5ba@group-9622AD8B65B5-StateMachineUpdater] INFO  impl.StateMachineUpdater (StateMachineUpdater.java:takeSnapshot(269)) - 694477cc-c317-4cd0-89bd-f326ada4a5ba@group-9622AD8B65B5-StateMachineUpdater: Took a snapshot at index 10
2019-11-13 18:48:22,429 [19b56e57-c404-4271-b4fe-c6c2e842ae91@group-CEC72933519B-StateMachineUpdater] INFO  impl.StateMachineUpdater (StateMachineUpdater.java:takeSnapshot(269)) - 19b56e57-c404-4271-b4fe-c6c2e842ae91@group-CEC72933519B-StateMachineUpdater: Took a snapshot at index 2
2019-11-13 18:48:22,429 [694477cc-c317-4cd0-89bd-f326ada4a5ba@group-9622AD8B65B5-StateMachineUpdater] INFO  impl.StateMachineUpdater (StateMachineUpdater.java:lambda$new$0(84)) - 694477cc-c317-4cd0-89bd-f326ada4a5ba@group-9622AD8B65B5-StateMachineUpdater: snapshotIndex: updateIncreasingly 10 -> 10
2019-11-13 18:48:22,429 [19b56e57-c404-4271-b4fe-c6c2e842ae91@group-CEC72933519B-StateMachineUpdater] INFO  impl.StateMachineUpdater (StateMachineUpdater.java:lambda$new$0(84)) - 19b56e57-c404-4271-b4fe-c6c2e842ae91@group-CEC72933519B-StateMachineUpdater: snapshotIndex: updateIncreasingly 2 -> 2
2019-11-13 18:48:22,429 [main] INFO  impl.RaftServerImpl (ServerState.java:close(387)) - 694477cc-c317-4cd0-89bd-f326ada4a5ba@group-9622AD8B65B5: closes. applyIndex: 14
2019-11-13 18:48:22,429 [ForkJoinPool.commonPool-worker-1] INFO  impl.RaftServerImpl (ServerState.java:close(387)) - 19b56e57-c404-4271-b4fe-c6c2e842ae91@group-CEC72933519B: closes. applyIndex: 4
2019-11-13 18:48:22,430 [694477cc-c317-4cd0-89bd-f326ada4a5ba@group-9622AD8B65B5-SegmentedRaftLogWorker] INFO  segmented.SegmentedRaftLogWorker (SegmentedRaftLogWorker.java:run(316)) - 694477cc-c317-4cd0-89bd-f326ada4a5ba@group-9622AD8B65B5-SegmentedRaftLogWorker was interrupted, exiting. There are 0 tasks remaining in the queue.
2019-11-13 18:48:22,430 [19b56e57-c404-4271-b4fe-c6c2e842ae91@group-CEC72933519B-SegmentedRaftLogWorker] INFO  segmented.SegmentedRaftLogWorker (SegmentedRaftLogWorker.java:run(316)) - 19b56e57-c404-4271-b4fe-c6c2e842ae91@group-CEC72933519B-SegmentedRaftLogWorker was interrupted, exiting. There are 0 tasks remaining in the queue.
2019-11-13 18:48:22,432 [main] INFO  segmented.SegmentedRaftLogWorker (SegmentedRaftLogWorker.java:close(224)) - 694477cc-c317-4cd0-89bd-f326ada4a5ba@group-9622AD8B65B5-SegmentedRaftLogWorker close()
2019-11-13 18:48:22,434 [ForkJoinPool.commonPool-worker-1] INFO  segmented.SegmentedRaftLogWorker (SegmentedRaftLogWorker.java:close(224)) - 19b56e57-c404-4271-b4fe-c6c2e842ae91@group-CEC72933519B-SegmentedRaftLogWorker close()
2019-11-13 18:48:22,435 [main] INFO  impl.RaftServerImpl (RaftServerImpl.java:lambda$shutdown$3(250)) - 694477cc-c317-4cd0-89bd-f326ada4a5ba@group-4F595C681FBE: shutdown
2019-11-13 18:48:22,437 [main] INFO  util.JmxRegister (JmxRegister.java:unregister(73)) - Successfully un-registered JMX Bean with object name Ratis:service=RaftServer,group=group-4F595C681FBE,id=694477cc-c317-4cd0-89bd-f326ada4a5ba
2019-11-13 18:48:22,438 [main] INFO  impl.RoleInfo (RoleInfo.java:shutdownLeaderState(104)) - 694477cc-c317-4cd0-89bd-f326ada4a5ba: shutdown LeaderState
2019-11-13 18:48:22,438 [ForkJoinPool.commonPool-worker-1] INFO  server.GrpcService (GrpcService.java:closeImpl(164)) - 19b56e57-c404-4271-b4fe-c6c2e842ae91: shutdown server with port 41012 now
2019-11-13 18:48:22,438 [main] INFO  impl.PendingRequests (PendingRequests.java:sendNotLeaderResponses(206)) - 694477cc-c317-4cd0-89bd-f326ada4a5ba@group-4F595C681FBE-PendingRequests: sendNotLeaderResponses
2019-11-13 18:48:22,438 [main] INFO  impl.StateMachineUpdater (StateMachineUpdater.java:stopAndJoin(136)) - 694477cc-c317-4cd0-89bd-f326ada4a5ba@group-4F595C681FBE-StateMachineUpdater: set stopIndex = 0
2019-11-13 18:48:22,438 [main] INFO  impl.RaftServerImpl (ServerState.java:close(387)) - 694477cc-c317-4cd0-89bd-f326ada4a5ba@group-4F595C681FBE: closes. applyIndex: 0
2019-11-13 18:48:22,439 [694477cc-c317-4cd0-89bd-f326ada4a5ba@group-4F595C681FBE-SegmentedRaftLogWorker] INFO  segmented.SegmentedRaftLogWorker (SegmentedRaftLogWorker.java:run(316)) - 694477cc-c317-4cd0-89bd-f326ada4a5ba@group-4F595C681FBE-SegmentedRaftLogWorker was interrupted, exiting. There are 0 tasks remaining in the queue.
2019-11-13 18:48:22,439 [main] INFO  segmented.SegmentedRaftLogWorker (SegmentedRaftLogWorker.java:close(224)) - 694477cc-c317-4cd0-89bd-f326ada4a5ba@group-4F595C681FBE-SegmentedRaftLogWorker close()
2019-11-13 18:48:22,447 [main] INFO  server.GrpcService (GrpcService.java:closeImpl(164)) - 694477cc-c317-4cd0-89bd-f326ada4a5ba: shutdown server with port 36781 now
2019-11-13 18:48:22,450 [grpc-default-executor-2] WARN  server.GrpcServerProtocolService (LogUtils.java:warn(134)) - 19b56e57-c404-4271-b4fe-c6c2e842ae91: installSnapshot onError, lastRequest: 9ee498fb-dbd1-4b89-b28c-40ca18800c49->19b56e57-c404-4271-b4fe-c6c2e842ae91#14-t1, previous=(t:1, i:4), leaderCommit=4, initializing? false, entries: <empty>: org.apache.ratis.thirdparty.io.grpc.StatusRuntimeException: CANCELLED: cancelled before receiving half close
2019-11-13 18:48:22,451 [main] INFO  server.GrpcService (GrpcService.java:closeImpl(172)) - 694477cc-c317-4cd0-89bd-f326ada4a5ba: shutdown server with port 36781 successfully
2019-11-13 18:48:22,451 [ForkJoinPool.commonPool-worker-1] INFO  server.GrpcService (GrpcService.java:closeImpl(172)) - 19b56e57-c404-4271-b4fe-c6c2e842ae91: shutdown server with port 41012 successfully
2019-11-13 18:48:22,450 [grpc-default-executor-3] WARN  server.GrpcServerProtocolService (LogUtils.java:warn(134)) - 694477cc-c317-4cd0-89bd-f326ada4a5ba: installSnapshot onError, lastRequest: 8a346eb0-433c-4f64-9a22-d40a83dee003->694477cc-c317-4cd0-89bd-f326ada4a5ba#25-t1, previous=(t:1, i:14), leaderCommit=14, initializing? false, entries: <empty>: org.apache.ratis.thirdparty.io.grpc.StatusRuntimeException: CANCELLED: cancelled before receiving half close
2019-11-13 18:48:22,452 [grpc-default-executor-1] WARN  server.GrpcLogAppender (LogUtils.java:warn(134)) - 8a346eb0-433c-4f64-9a22-d40a83dee003@group-9622AD8B65B5->694477cc-c317-4cd0-89bd-f326ada4a5ba-AppendLogResponseHandler: Failed appendEntries: org.apache.ratis.thirdparty.io.grpc.StatusRuntimeException: CANCELLED: HTTP/2 error code: CANCEL
Received Rst Stream
2019-11-13 18:48:22,452 [grpc-default-executor-0] WARN  server.GrpcLogAppender (LogUtils.java:warn(134)) - 9ee498fb-dbd1-4b89-b28c-40ca18800c49@group-CEC72933519B->19b56e57-c404-4271-b4fe-c6c2e842ae91-AppendLogResponseHandler: Failed appendEntries: org.apache.ratis.thirdparty.io.grpc.StatusRuntimeException: CANCELLED: HTTP/2 error code: CANCEL
Received Rst Stream
2019-11-13 18:48:22,456 [grpc-default-executor-1] INFO  impl.FollowerInfo (FollowerInfo.java:lambda$new$0(51)) - 8a346eb0-433c-4f64-9a22-d40a83dee003@group-9622AD8B65B5->694477cc-c317-4cd0-89bd-f326ada4a5ba: nextIndex: updateUnconditionally 15 -> 14
2019-11-13 18:48:22,458 [grpc-default-executor-0] INFO  impl.FollowerInfo (FollowerInfo.java:lambda$new$0(51)) - 9ee498fb-dbd1-4b89-b28c-40ca18800c49@group-CEC72933519B->19b56e57-c404-4271-b4fe-c6c2e842ae91: nextIndex: updateUnconditionally 5 -> 4
2019-11-13 18:48:22,459 [refreshUsed-/workdir/hadoop-ozone/integration-test/target/test-dir/MiniOzoneClusterImpl-936e8649-2eb0-4b7a-921b-5d2cce332f9c/datanode-2/data/containers] WARN  fs.CachingGetSpaceUsed (CachingGetSpaceUsed.java:run(183)) - Thread Interrupted waiting to refresh disk information: sleep interrupted
2019-11-13 18:48:22,475 [refreshUsed-/workdir/hadoop-ozone/integration-test/target/test-dir/MiniOzoneClusterImpl-936e8649-2eb0-4b7a-921b-5d2cce332f9c/datanode-5/data/containers] WARN  fs.CachingGetSpaceUsed (CachingGetSpaceUsed.java:run(183)) - Thread Interrupted waiting to refresh disk information: sleep interrupted
2019-11-13 18:48:22,483 [ForkJoinPool.commonPool-worker-1] INFO  utils.BackgroundService (BackgroundService.java:shutdown(151)) - Shutting down service BlockDeletingService
2019-11-13 18:48:22,489 [ForkJoinPool.commonPool-worker-1] INFO  statemachine.DatanodeStateMachine (DatanodeStateMachine.java:stopDaemon(395)) - Ozone container server stopped.
2019-11-13 18:48:22,493 [ForkJoinPool.commonPool-worker-1] INFO  handler.ContextHandler (ContextHandler.java:doStop(910)) - Stopped o.e.j.w.WebAppContext@63c12e52{/,null,UNAVAILABLE}{/hddsDatanode}
2019-11-13 18:48:22,494 [ForkJoinPool.commonPool-worker-1] INFO  server.AbstractConnector (AbstractConnector.java:doStop(318)) - Stopped ServerConnector@21bd20ee{HTTP/1.1,[http/1.1]}{0.0.0.0:0}
2019-11-13 18:48:22,495 [ForkJoinPool.commonPool-worker-1] INFO  handler.ContextHandler (ContextHandler.java:doStop(910)) - Stopped o.e.j.s.ServletContextHandler@10a0fe30{/static,jar:file:/home/user/.m2/repository/org/apache/hadoop/hadoop-hdds-container-service/0.5.0-SNAPSHOT/hadoop-hdds-container-service-0.5.0-SNAPSHOT.jar!/webapps/static,UNAVAILABLE}
2019-11-13 18:48:22,496 [ForkJoinPool.commonPool-worker-1] INFO  handler.ContextHandler (ContextHandler.java:doStop(910)) - Stopped o.e.j.s.ServletContextHandler@51c959a4{/logs,file:///workdir/hadoop-ozone/integration-test/target/log,UNAVAILABLE}
2019-11-13 18:48:22,501 [main] INFO  utils.BackgroundService (BackgroundService.java:shutdown(151)) - Shutting down service BlockDeletingService
2019-11-13 18:48:22,510 [main] INFO  statemachine.DatanodeStateMachine (DatanodeStateMachine.java:stopDaemon(395)) - Ozone container server stopped.
2019-11-13 18:48:22,515 [main] INFO  handler.ContextHandler (ContextHandler.java:doStop(910)) - Stopped o.e.j.w.WebAppContext@3d4e405e{/,null,UNAVAILABLE}{/hddsDatanode}
2019-11-13 18:48:22,516 [main] INFO  server.AbstractConnector (AbstractConnector.java:doStop(318)) - Stopped ServerConnector@54e2fe{HTTP/1.1,[http/1.1]}{0.0.0.0:0}
2019-11-13 18:48:22,516 [main] INFO  handler.ContextHandler (ContextHandler.java:doStop(910)) - Stopped o.e.j.s.ServletContextHandler@5484117b{/static,jar:file:/home/user/.m2/repository/org/apache/hadoop/hadoop-hdds-container-service/0.5.0-SNAPSHOT/hadoop-hdds-container-service-0.5.0-SNAPSHOT.jar!/webapps/static,UNAVAILABLE}
2019-11-13 18:48:22,517 [main] INFO  handler.ContextHandler (ContextHandler.java:doStop(910)) - Stopped o.e.j.s.ServletContextHandler@ec8f4b9{/logs,file:///workdir/hadoop-ozone/integration-test/target/log,UNAVAILABLE}
2019-11-13 18:48:22,658 [Datanode State Machine Thread - 0] INFO  statemachine.DatanodeStateMachine (DatanodeStateMachine.java:lambda$startDaemon$0(350)) - Ozone container server started.
2019-11-13 18:48:22,782 [grpc-default-executor-3] WARN  server.GrpcLogAppender (LogUtils.java:warn(134)) - 9ee498fb-dbd1-4b89-b28c-40ca18800c49@group-CEC72933519B->19b56e57-c404-4271-b4fe-c6c2e842ae91-AppendLogResponseHandler: Failed appendEntries: org.apache.ratis.thirdparty.io.grpc.StatusRuntimeException: UNAVAILABLE: io exception
2019-11-13 18:48:22,785 [grpc-default-executor-3] INFO  impl.FollowerInfo (FollowerInfo.java:lambda$new$0(51)) - 9ee498fb-dbd1-4b89-b28c-40ca18800c49@group-CEC72933519B->19b56e57-c404-4271-b4fe-c6c2e842ae91: nextIndex: updateUnconditionally 4 -> 3
2019-11-13 18:48:22,788 [grpc-default-executor-0] WARN  server.GrpcLogAppender (LogUtils.java:warn(134)) - 8a346eb0-433c-4f64-9a22-d40a83dee003@group-9622AD8B65B5->694477cc-c317-4cd0-89bd-f326ada4a5ba-AppendLogResponseHandler: Failed appendEntries: org.apache.ratis.thirdparty.io.grpc.StatusRuntimeException: UNAVAILABLE: io exception
2019-11-13 18:48:22,790 [grpc-default-executor-0] INFO  impl.FollowerInfo (FollowerInfo.java:lambda$new$0(51)) - 8a346eb0-433c-4f64-9a22-d40a83dee003@group-9622AD8B65B5->694477cc-c317-4cd0-89bd-f326ada4a5ba: nextIndex: updateUnconditionally 14 -> 13
2019-11-13 18:48:23,146 [Datanode State Machine Thread - 0] INFO  statemachine.DatanodeStateMachine (DatanodeStateMachine.java:lambda$startDaemon$0(350)) - Ozone container server started.
2019-11-13 18:48:23,276 [grpc-default-executor-3] WARN  server.GrpcLogAppender (LogUtils.java:warn(134)) - 9ee498fb-dbd1-4b89-b28c-40ca18800c49@group-CEC72933519B->19b56e57-c404-4271-b4fe-c6c2e842ae91-AppendLogResponseHandler: Failed appendEntries: org.apache.ratis.thirdparty.io.grpc.StatusRuntimeException: UNAVAILABLE: io exception
2019-11-13 18:48:23,279 [grpc-default-executor-3] INFO  impl.FollowerInfo (FollowerInfo.java:lambda$new$0(51)) - 9ee498fb-dbd1-4b89-b28c-40ca18800c49@group-CEC72933519B->19b56e57-c404-4271-b4fe-c6c2e842ae91: nextIndex: updateUnconditionally 3 -> 2
2019-11-13 18:48:23,290 [grpc-default-executor-2] WARN  server.GrpcLogAppender (LogUtils.java:warn(134)) - 8a346eb0-433c-4f64-9a22-d40a83dee003@group-9622AD8B65B5->694477cc-c317-4cd0-89bd-f326ada4a5ba-AppendLogResponseHandler: Failed appendEntries: org.apache.ratis.thirdparty.io.grpc.StatusRuntimeException: UNAVAILABLE: io exception
2019-11-13 18:48:23,292 [grpc-default-executor-2] INFO  impl.FollowerInfo (FollowerInfo.java:lambda$new$0(51)) - 8a346eb0-433c-4f64-9a22-d40a83dee003@group-9622AD8B65B5->694477cc-c317-4cd0-89bd-f326ada4a5ba: nextIndex: updateUnconditionally 13 -> 12
2019-11-13 18:48:23,777 [grpc-default-executor-3] WARN  server.GrpcLogAppender (LogUtils.java:warn(134)) - 9ee498fb-dbd1-4b89-b28c-40ca18800c49@group-CEC72933519B->19b56e57-c404-4271-b4fe-c6c2e842ae91-AppendLogResponseHandler: Failed appendEntries: org.apache.ratis.thirdparty.io.grpc.StatusRuntimeException: UNAVAILABLE: io exception
2019-11-13 18:48:23,784 [grpc-default-executor-3] INFO  impl.FollowerInfo (FollowerInfo.java:lambda$new$0(51)) - 9ee498fb-dbd1-4b89-b28c-40ca18800c49@group-CEC72933519B->19b56e57-c404-4271-b4fe-c6c2e842ae91: nextIndex: updateUnconditionally 2 -> 1
2019-11-13 18:48:23,791 [grpc-default-executor-1] WARN  server.GrpcLogAppender (LogUtils.java:warn(134)) - 8a346eb0-433c-4f64-9a22-d40a83dee003@group-9622AD8B65B5->694477cc-c317-4cd0-89bd-f326ada4a5ba-AppendLogResponseHandler: Failed appendEntries: org.apache.ratis.thirdparty.io.grpc.StatusRuntimeException: UNAVAILABLE: io exception
2019-11-13 18:48:23,792 [grpc-default-executor-1] INFO  impl.FollowerInfo (FollowerInfo.java:lambda$new$0(51)) - 8a346eb0-433c-4f64-9a22-d40a83dee003@group-9622AD8B65B5->694477cc-c317-4cd0-89bd-f326ada4a5ba: nextIndex: updateUnconditionally 12 -> 11
2019-11-13 18:48:24,279 [grpc-default-executor-1] WARN  server.GrpcLogAppender (LogUtils.java:warn(134)) - 9ee498fb-dbd1-4b89-b28c-40ca18800c49@group-CEC72933519B->19b56e57-c404-4271-b4fe-c6c2e842ae91-AppendLogResponseHandler: Failed appendEntries: org.apache.ratis.thirdparty.io.grpc.StatusRuntimeException: UNAVAILABLE: io exception
2019-11-13 18:48:24,281 [grpc-default-executor-1] INFO  impl.FollowerInfo (FollowerInfo.java:lambda$new$0(51)) - 9ee498fb-dbd1-4b89-b28c-40ca18800c49@group-CEC72933519B->19b56e57-c404-4271-b4fe-c6c2e842ae91: nextIndex: updateUnconditionally 1 -> 0
2019-11-13 18:48:24,291 [grpc-default-executor-3] WARN  server.GrpcLogAppender (LogUtils.java:warn(134)) - 8a346eb0-433c-4f64-9a22-d40a83dee003@group-9622AD8B65B5->694477cc-c317-4cd0-89bd-f326ada4a5ba-AppendLogResponseHandler: Failed appendEntries: org.apache.ratis.thirdparty.io.grpc.StatusRuntimeException: UNAVAILABLE: io exception
2019-11-13 18:48:24,293 [grpc-default-executor-3] INFO  impl.FollowerInfo (FollowerInfo.java:lambda$new$0(51)) - 8a346eb0-433c-4f64-9a22-d40a83dee003@group-9622AD8B65B5->694477cc-c317-4cd0-89bd-f326ada4a5ba: nextIndex: updateUnconditionally 11 -> 10
2019-11-13 18:48:24,780 [grpc-default-executor-2] WARN  server.GrpcLogAppender (LogUtils.java:warn(134)) - 9ee498fb-dbd1-4b89-b28c-40ca18800c49@group-CEC72933519B->19b56e57-c404-4271-b4fe-c6c2e842ae91-AppendLogResponseHandler: Failed appendEntries: org.apache.ratis.thirdparty.io.grpc.StatusRuntimeException: UNAVAILABLE: io exception
2019-11-13 18:48:24,782 [grpc-default-executor-2] INFO  impl.FollowerInfo (FollowerInfo.java:lambda$new$0(51)) - 9ee498fb-dbd1-4b89-b28c-40ca18800c49@group-CEC72933519B->19b56e57-c404-4271-b4fe-c6c2e842ae91: nextIndex: updateUnconditionally 0 -> 0
2019-11-13 18:48:24,792 [grpc-default-executor-1] WARN  server.GrpcLogAppender (LogUtils.java:warn(134)) - 8a346eb0-433c-4f64-9a22-d40a83dee003@group-9622AD8B65B5->694477cc-c317-4cd0-89bd-f326ada4a5ba-AppendLogResponseHandler: Failed appendEntries: org.apache.ratis.thirdparty.io.grpc.StatusRuntimeException: UNAVAILABLE: io exception
2019-11-13 18:48:24,794 [grpc-default-executor-1] INFO  impl.FollowerInfo (FollowerInfo.java:lambda$new$0(51)) - 8a346eb0-433c-4f64-9a22-d40a83dee003@group-9622AD8B65B5->694477cc-c317-4cd0-89bd-f326ada4a5ba: nextIndex: updateUnconditionally 10 -> 9
2019-11-13 18:48:25,281 [grpc-default-executor-3] WARN  server.GrpcLogAppender (LogUtils.java:warn(134)) - 9ee498fb-dbd1-4b89-b28c-40ca18800c49@group-CEC72933519B->19b56e57-c404-4271-b4fe-c6c2e842ae91-AppendLogResponseHandler: Failed appendEntries: org.apache.ratis.thirdparty.io.grpc.StatusRuntimeException: UNAVAILABLE: io exception
2019-11-13 18:48:25,284 [grpc-default-executor-3] INFO  impl.FollowerInfo (FollowerInfo.java:lambda$new$0(51)) - 9ee498fb-dbd1-4b89-b28c-40ca18800c49@group-CEC72933519B->19b56e57-c404-4271-b4fe-c6c2e842ae91: nextIndex: updateUnconditionally 0 -> 0
2019-11-13 18:48:25,293 [grpc-default-executor-1] WARN  server.GrpcLogAppender (LogUtils.java:warn(134)) - 8a346eb0-433c-4f64-9a22-d40a83dee003@group-9622AD8B65B5->694477cc-c317-4cd0-89bd-f326ada4a5ba-AppendLogResponseHandler: Failed appendEntries: org.apache.ratis.thirdparty.io.grpc.StatusRuntimeException: UNAVAILABLE: io exception
2019-11-13 18:48:25,295 [grpc-default-executor-1] INFO  impl.FollowerInfo (FollowerInfo.java:lambda$new$0(51)) - 8a346eb0-433c-4f64-9a22-d40a83dee003@group-9622AD8B65B5->694477cc-c317-4cd0-89bd-f326ada4a5ba: nextIndex: updateUnconditionally 9 -> 8
2019-11-13 18:48:25,787 [grpc-default-executor-2] WARN  server.GrpcLogAppender (LogUtils.java:warn(134)) - 9ee498fb-dbd1-4b89-b28c-40ca18800c49@group-CEC72933519B->19b56e57-c404-4271-b4fe-c6c2e842ae91-AppendLogResponseHandler: Failed appendEntries: org.apache.ratis.thirdparty.io.grpc.StatusRuntimeException: UNAVAILABLE: io exception
2019-11-13 18:48:25,793 [grpc-default-executor-2] INFO  impl.FollowerInfo (FollowerInfo.java:lambda$new$0(51)) - 9ee498fb-dbd1-4b89-b28c-40ca18800c49@group-CEC72933519B->19b56e57-c404-4271-b4fe-c6c2e842ae91: nextIndex: updateUnconditionally 0 -> 0
2019-11-13 18:48:25,794 [grpc-default-executor-1] WARN  server.GrpcLogAppender (LogUtils.java:warn(134)) - 8a346eb0-433c-4f64-9a22-d40a83dee003@group-9622AD8B65B5->694477cc-c317-4cd0-89bd-f326ada4a5ba-AppendLogResponseHandler: Failed appendEntries: org.apache.ratis.thirdparty.io.grpc.StatusRuntimeException: UNAVAILABLE: io exception
2019-11-13 18:48:25,798 [grpc-default-executor-1] INFO  impl.FollowerInfo (FollowerInfo.java:lambda$new$0(51)) - 8a346eb0-433c-4f64-9a22-d40a83dee003@group-9622AD8B65B5->694477cc-c317-4cd0-89bd-f326ada4a5ba: nextIndex: updateUnconditionally 8 -> 7
2019-11-13 18:48:26,283 [grpc-default-executor-2] WARN  server.GrpcLogAppender (LogUtils.java:warn(134)) - 9ee498fb-dbd1-4b89-b28c-40ca18800c49@group-CEC72933519B->19b56e57-c404-4271-b4fe-c6c2e842ae91-AppendLogResponseHandler: Failed appendEntries: org.apache.ratis.thirdparty.io.grpc.StatusRuntimeException: UNAVAILABLE: io exception
2019-11-13 18:48:26,286 [grpc-default-executor-2] INFO  impl.FollowerInfo (FollowerInfo.java:lambda$new$0(51)) - 9ee498fb-dbd1-4b89-b28c-40ca18800c49@group-CEC72933519B->19b56e57-c404-4271-b4fe-c6c2e842ae91: nextIndex: updateUnconditionally 0 -> 0
2019-11-13 18:48:26,296 [grpc-default-executor-1] WARN  server.GrpcLogAppender (LogUtils.java:warn(134)) - 8a346eb0-433c-4f64-9a22-d40a83dee003@group-9622AD8B65B5->694477cc-c317-4cd0-89bd-f326ada4a5ba-AppendLogResponseHandler: Failed appendEntries: org.apache.ratis.thirdparty.io.grpc.StatusRuntimeException: UNAVAILABLE: io exception
2019-11-13 18:48:26,298 [grpc-default-executor-1] INFO  impl.FollowerInfo (FollowerInfo.java:lambda$new$0(51)) - 8a346eb0-433c-4f64-9a22-d40a83dee003@group-9622AD8B65B5->694477cc-c317-4cd0-89bd-f326ada4a5ba: nextIndex: updateUnconditionally 7 -> 6
2019-11-13 18:48:26,785 [grpc-default-executor-2] WARN  server.GrpcLogAppender (LogUtils.java:warn(134)) - 9ee498fb-dbd1-4b89-b28c-40ca18800c49@group-CEC72933519B->19b56e57-c404-4271-b4fe-c6c2e842ae91-AppendLogResponseHandler: Failed appendEntries: org.apache.ratis.thirdparty.io.grpc.StatusRuntimeException: UNAVAILABLE: io exception
2019-11-13 18:48:26,788 [grpc-default-executor-2] INFO  impl.FollowerInfo (FollowerInfo.java:lambda$new$0(51)) - 9ee498fb-dbd1-4b89-b28c-40ca18800c49@group-CEC72933519B->19b56e57-c404-4271-b4fe-c6c2e842ae91: nextIndex: updateUnconditionally 0 -> 0
2019-11-13 18:48:26,796 [grpc-default-executor-3] WARN  server.GrpcLogAppender (LogUtils.java:warn(134)) - 8a346eb0-433c-4f64-9a22-d40a83dee003@group-9622AD8B65B5->694477cc-c317-4cd0-89bd-f326ada4a5ba-AppendLogResponseHandler: Failed appendEntries: org.apache.ratis.thirdparty.io.grpc.StatusRuntimeException: UNAVAILABLE: io exception
2019-11-13 18:48:26,799 [grpc-default-executor-3] INFO  impl.FollowerInfo (FollowerInfo.java:lambda$new$0(51)) - 8a346eb0-433c-4f64-9a22-d40a83dee003@group-9622AD8B65B5->694477cc-c317-4cd0-89bd-f326ada4a5ba: nextIndex: updateUnconditionally 6 -> 5
2019-11-13 18:48:27,287 [grpc-default-executor-2] WARN  server.GrpcLogAppender (LogUtils.java:warn(134)) - 9ee498fb-dbd1-4b89-b28c-40ca18800c49@group-CEC72933519B->19b56e57-c404-4271-b4fe-c6c2e842ae91-AppendLogResponseHandler: Failed appendEntries: org.apache.ratis.thirdparty.io.grpc.StatusRuntimeException: UNAVAILABLE: io exception
2019-11-13 18:48:27,289 [grpc-default-executor-2] INFO  impl.FollowerInfo (FollowerInfo.java:lambda$new$0(51)) - 9ee498fb-dbd1-4b89-b28c-40ca18800c49@group-CEC72933519B->19b56e57-c404-4271-b4fe-c6c2e842ae91: nextIndex: updateUnconditionally 0 -> 0
2019-11-13 18:48:27,310 [grpc-default-executor-1] WARN  server.GrpcLogAppender (LogUtils.java:warn(134)) - 8a346eb0-433c-4f64-9a22-d40a83dee003@group-9622AD8B65B5->694477cc-c317-4cd0-89bd-f326ada4a5ba-AppendLogResponseHandler: Failed appendEntries: org.apache.ratis.thirdparty.io.grpc.StatusRuntimeException: UNAVAILABLE: io exception
2019-11-13 18:48:27,312 [grpc-default-executor-1] INFO  impl.FollowerInfo (FollowerInfo.java:lambda$new$0(51)) - 8a346eb0-433c-4f64-9a22-d40a83dee003@group-9622AD8B65B5->694477cc-c317-4cd0-89bd-f326ada4a5ba: nextIndex: updateUnconditionally 5 -> 4
2019-11-13 18:48:27,498 [ForkJoinPool.commonPool-worker-1] INFO  ozoneimpl.OzoneContainer (OzoneContainer.java:stop(244)) - Attempting to stop container services.
2019-11-13 18:48:27,499 [ForkJoinPool.commonPool-worker-1] INFO  impl.RaftServerProxy (RaftServerProxy.java:lambda$close$4(314)) - 9582de44-b510-4bf6-b692-b66075a27588: close
2019-11-13 18:48:27,499 [ForkJoinPool.commonPool-worker-1] INFO  impl.RaftServerImpl (RaftServerImpl.java:lambda$shutdown$3(250)) - 9582de44-b510-4bf6-b692-b66075a27588@group-898F73E51E5E: shutdown
2019-11-13 18:48:27,500 [ForkJoinPool.commonPool-worker-1] INFO  util.JmxRegister (JmxRegister.java:unregister(73)) - Successfully un-registered JMX Bean with object name Ratis:service=RaftServer,group=group-898F73E51E5E,id=9582de44-b510-4bf6-b692-b66075a27588
2019-11-13 18:48:27,500 [ForkJoinPool.commonPool-worker-1] INFO  impl.RoleInfo (RoleInfo.java:shutdownLeaderState(104)) - 9582de44-b510-4bf6-b692-b66075a27588: shutdown LeaderState
2019-11-13 18:48:27,500 [ForkJoinPool.commonPool-worker-1] INFO  impl.PendingRequests (PendingRequests.java:sendNotLeaderResponses(206)) - 9582de44-b510-4bf6-b692-b66075a27588@group-898F73E51E5E-PendingRequests: sendNotLeaderResponses
2019-11-13 18:48:27,501 [ForkJoinPool.commonPool-worker-1] INFO  impl.StateMachineUpdater (StateMachineUpdater.java:stopAndJoin(136)) - 9582de44-b510-4bf6-b692-b66075a27588@group-898F73E51E5E-StateMachineUpdater: set stopIndex = 0
2019-11-13 18:48:27,501 [ForkJoinPool.commonPool-worker-1] INFO  impl.RaftServerImpl (ServerState.java:close(387)) - 9582de44-b510-4bf6-b692-b66075a27588@group-898F73E51E5E: closes. applyIndex: 0
2019-11-13 18:48:27,502 [9582de44-b510-4bf6-b692-b66075a27588@group-898F73E51E5E-SegmentedRaftLogWorker] INFO  segmented.SegmentedRaftLogWorker (SegmentedRaftLogWorker.java:run(316)) - 9582de44-b510-4bf6-b692-b66075a27588@group-898F73E51E5E-SegmentedRaftLogWorker was interrupted, exiting. There are 0 tasks remaining in the queue.
2019-11-13 18:48:27,504 [ForkJoinPool.commonPool-worker-1] INFO  segmented.SegmentedRaftLogWorker (SegmentedRaftLogWorker.java:close(224)) - 9582de44-b510-4bf6-b692-b66075a27588@group-898F73E51E5E-SegmentedRaftLogWorker close()
2019-11-13 18:48:27,506 [ForkJoinPool.commonPool-worker-1] INFO  impl.RaftServerImpl (RaftServerImpl.java:lambda$shutdown$3(250)) - 9582de44-b510-4bf6-b692-b66075a27588@group-CEC72933519B: shutdown
2019-11-13 18:48:27,506 [ForkJoinPool.commonPool-worker-1] INFO  util.JmxRegister (JmxRegister.java:unregister(73)) - Successfully un-registered JMX Bean with object name Ratis:service=RaftServer,group=group-CEC72933519B,id=9582de44-b510-4bf6-b692-b66075a27588
2019-11-13 18:48:27,507 [ForkJoinPool.commonPool-worker-1] INFO  impl.RoleInfo (RoleInfo.java:shutdownFollowerState(121)) - 9582de44-b510-4bf6-b692-b66075a27588: shutdown FollowerState
2019-11-13 18:48:27,507 [ForkJoinPool.commonPool-worker-1] INFO  impl.StateMachineUpdater (StateMachineUpdater.java:stopAndJoin(136)) - 9582de44-b510-4bf6-b692-b66075a27588@group-CEC72933519B-StateMachineUpdater: set stopIndex = 4
2019-11-13 18:48:27,507 [9582de44-b510-4bf6-b692-b66075a27588@group-CEC72933519B-StateMachineUpdater] INFO  ratis.ContainerStateMachine (ContainerStateMachine.java:takeSnapshot(285)) - group-CEC72933519B: Taking a snapshot at:(t:1, i:2) file /workdir/hadoop-ozone/integration-test/target/test-dir/MiniOzoneClusterImpl-936e8649-2eb0-4b7a-921b-5d2cce332f9c/datanode-3/data/ratis/85b35a98-3d2c-45a1-a976-cec72933519b/sm/snapshot.1_2
2019-11-13 18:48:27,507 [Thread-511] INFO  impl.FollowerState (FollowerState.java:run(120)) - 9582de44-b510-4bf6-b692-b66075a27588@group-CEC72933519B-FollowerState was interrupted: java.lang.InterruptedException: sleep interrupted
2019-11-13 18:48:27,514 [9582de44-b510-4bf6-b692-b66075a27588@group-CEC72933519B-StateMachineUpdater] INFO  ratis.ContainerStateMachine (ContainerStateMachine.java:takeSnapshot(296)) - group-CEC72933519B: Finished taking a snapshot at:(t:1, i:2) file:/workdir/hadoop-ozone/integration-test/target/test-dir/MiniOzoneClusterImpl-936e8649-2eb0-4b7a-921b-5d2cce332f9c/datanode-3/data/ratis/85b35a98-3d2c-45a1-a976-cec72933519b/sm/snapshot.1_2 time:7
2019-11-13 18:48:27,514 [9582de44-b510-4bf6-b692-b66075a27588@group-CEC72933519B-StateMachineUpdater] INFO  impl.StateMachineUpdater (StateMachineUpdater.java:takeSnapshot(269)) - 9582de44-b510-4bf6-b692-b66075a27588@group-CEC72933519B-StateMachineUpdater: Took a snapshot at index 2
2019-11-13 18:48:27,514 [9582de44-b510-4bf6-b692-b66075a27588@group-CEC72933519B-StateMachineUpdater] INFO  impl.StateMachineUpdater (StateMachineUpdater.java:lambda$new$0(84)) - 9582de44-b510-4bf6-b692-b66075a27588@group-CEC72933519B-StateMachineUpdater: snapshotIndex: updateIncreasingly -1 -> 2
2019-11-13 18:48:27,515 [9582de44-b510-4bf6-b692-b66075a27588@group-CEC72933519B-StateMachineUpdater] INFO  ratis.ContainerStateMachine (ContainerStateMachine.java:takeSnapshot(285)) - group-CEC72933519B: Taking a snapshot at:(t:1, i:2) file /workdir/hadoop-ozone/integration-test/target/test-dir/MiniOzoneClusterImpl-936e8649-2eb0-4b7a-921b-5d2cce332f9c/datanode-3/data/ratis/85b35a98-3d2c-45a1-a976-cec72933519b/sm/snapshot.1_2
2019-11-13 18:48:27,518 [main] INFO  ozoneimpl.OzoneContainer (OzoneContainer.java:stop(244)) - Attempting to stop container services.
2019-11-13 18:48:27,518 [main] INFO  impl.RaftServerProxy (RaftServerProxy.java:lambda$close$4(314)) - 302e21ca-1d4a-4b22-bc74-f644a63fc179: close
2019-11-13 18:48:27,519 [main] INFO  impl.RaftServerImpl (RaftServerImpl.java:lambda$shutdown$3(250)) - 302e21ca-1d4a-4b22-bc74-f644a63fc179@group-F4445F88E60B: shutdown
2019-11-13 18:48:27,519 [main] INFO  util.JmxRegister (JmxRegister.java:unregister(73)) - Successfully un-registered JMX Bean with object name Ratis:service=RaftServer,group=group-F4445F88E60B,id=302e21ca-1d4a-4b22-bc74-f644a63fc179
2019-11-13 18:48:27,519 [main] INFO  impl.RoleInfo (RoleInfo.java:shutdownLeaderState(104)) - 302e21ca-1d4a-4b22-bc74-f644a63fc179: shutdown LeaderState
2019-11-13 18:48:27,520 [main] INFO  impl.PendingRequests (PendingRequests.java:sendNotLeaderResponses(206)) - 302e21ca-1d4a-4b22-bc74-f644a63fc179@group-F4445F88E60B-PendingRequests: sendNotLeaderResponses
2019-11-13 18:48:27,520 [main] INFO  impl.StateMachineUpdater (StateMachineUpdater.java:stopAndJoin(136)) - 302e21ca-1d4a-4b22-bc74-f644a63fc179@group-F4445F88E60B-StateMachineUpdater: set stopIndex = 0
2019-11-13 18:48:27,521 [main] INFO  impl.RaftServerImpl (ServerState.java:close(387)) - 302e21ca-1d4a-4b22-bc74-f644a63fc179@group-F4445F88E60B: closes. applyIndex: 0
2019-11-13 18:48:27,521 [302e21ca-1d4a-4b22-bc74-f644a63fc179@group-F4445F88E60B-SegmentedRaftLogWorker] INFO  segmented.SegmentedRaftLogWorker (SegmentedRaftLogWorker.java:run(316)) - 302e21ca-1d4a-4b22-bc74-f644a63fc179@group-F4445F88E60B-SegmentedRaftLogWorker was interrupted, exiting. There are 0 tasks remaining in the queue.
2019-11-13 18:48:27,523 [main] INFO  segmented.SegmentedRaftLogWorker (SegmentedRaftLogWorker.java:close(224)) - 302e21ca-1d4a-4b22-bc74-f644a63fc179@group-F4445F88E60B-SegmentedRaftLogWorker close()
2019-11-13 18:48:27,524 [main] INFO  impl.RaftServerImpl (RaftServerImpl.java:lambda$shutdown$3(250)) - 302e21ca-1d4a-4b22-bc74-f644a63fc179@group-172C83AAB92B: shutdown
2019-11-13 18:48:27,524 [main] INFO  util.JmxRegister (JmxRegister.java:unregister(73)) - Successfully un-registered JMX Bean with object name Ratis:service=RaftServer,group=group-172C83AAB92B,id=302e21ca-1d4a-4b22-bc74-f644a63fc179
2019-11-13 18:48:27,525 [main] INFO  impl.RoleInfo (RoleInfo.java:shutdownFollowerState(121)) - 302e21ca-1d4a-4b22-bc74-f644a63fc179: shutdown FollowerState
2019-11-13 18:48:27,525 [main] INFO  impl.StateMachineUpdater (StateMachineUpdater.java:stopAndJoin(136)) - 302e21ca-1d4a-4b22-bc74-f644a63fc179@group-172C83AAB92B-StateMachineUpdater: set stopIndex = 0
2019-11-13 18:48:27,525 [Thread-601] INFO  impl.FollowerState (FollowerState.java:run(120)) - 302e21ca-1d4a-4b22-bc74-f644a63fc179@group-172C83AAB92B-FollowerState was interrupted: java.lang.InterruptedException: sleep interrupted
2019-11-13 18:48:27,525 [main] INFO  impl.RaftServerImpl (ServerState.java:close(387)) - 302e21ca-1d4a-4b22-bc74-f644a63fc179@group-172C83AAB92B: closes. applyIndex: 0
2019-11-13 18:48:27,526 [302e21ca-1d4a-4b22-bc74-f644a63fc179@group-172C83AAB92B-SegmentedRaftLogWorker] INFO  segmented.SegmentedRaftLogWorker (SegmentedRaftLogWorker.java:run(316)) - 302e21ca-1d4a-4b22-bc74-f644a63fc179@group-172C83AAB92B-SegmentedRaftLogWorker was interrupted, exiting. There are 0 tasks remaining in the queue.
2019-11-13 18:48:27,528 [main] INFO  segmented.SegmentedRaftLogWorker (SegmentedRaftLogWorker.java:close(224)) - 302e21ca-1d4a-4b22-bc74-f644a63fc179@group-172C83AAB92B-SegmentedRaftLogWorker close()
2019-11-13 18:48:27,529 [main] INFO  server.GrpcService (GrpcService.java:closeImpl(164)) - 302e21ca-1d4a-4b22-bc74-f644a63fc179: shutdown server with port 35354 now
2019-11-13 18:48:27,531 [grpc-default-executor-1] WARN  server.GrpcServerProtocolService (LogUtils.java:warn(134)) - 302e21ca-1d4a-4b22-bc74-f644a63fc179: installSnapshot onError, lastRequest: cb343498-03c0-425e-a729-2b4f8684daee->302e21ca-1d4a-4b22-bc74-f644a63fc179#18-t2, previous=(t:2, i:0), leaderCommit=0, initializing? false, entries: <empty>: org.apache.ratis.thirdparty.io.grpc.StatusRuntimeException: CANCELLED: cancelled before receiving half close
2019-11-13 18:48:27,532 [grpc-default-executor-3] WARN  server.GrpcLogAppender (LogUtils.java:warn(134)) - cb343498-03c0-425e-a729-2b4f8684daee@group-172C83AAB92B->302e21ca-1d4a-4b22-bc74-f644a63fc179-AppendLogResponseHandler: Failed appendEntries: org.apache.ratis.thirdparty.io.grpc.StatusRuntimeException: CANCELLED: HTTP/2 error code: CANCEL
Received Rst Stream
2019-11-13 18:48:27,532 [9582de44-b510-4bf6-b692-b66075a27588@group-CEC72933519B-StateMachineUpdater] INFO  ratis.ContainerStateMachine (ContainerStateMachine.java:takeSnapshot(296)) - group-CEC72933519B: Finished taking a snapshot at:(t:1, i:2) file:/workdir/hadoop-ozone/integration-test/target/test-dir/MiniOzoneClusterImpl-936e8649-2eb0-4b7a-921b-5d2cce332f9c/datanode-3/data/ratis/85b35a98-3d2c-45a1-a976-cec72933519b/sm/snapshot.1_2 time:17
2019-11-13 18:48:27,532 [main] INFO  server.GrpcService (GrpcService.java:closeImpl(172)) - 302e21ca-1d4a-4b22-bc74-f644a63fc179: shutdown server with port 35354 successfully
2019-11-13 18:48:27,532 [grpc-default-executor-3] INFO  impl.FollowerInfo (FollowerInfo.java:lambda$new$0(51)) - cb343498-03c0-425e-a729-2b4f8684daee@group-172C83AAB92B->302e21ca-1d4a-4b22-bc74-f644a63fc179: nextIndex: updateUnconditionally 1 -> 0
2019-11-13 18:48:27,532 [9582de44-b510-4bf6-b692-b66075a27588@group-CEC72933519B-StateMachineUpdater] INFO  impl.StateMachineUpdater (StateMachineUpdater.java:takeSnapshot(269)) - 9582de44-b510-4bf6-b692-b66075a27588@group-CEC72933519B-StateMachineUpdater: Took a snapshot at index 2
2019-11-13 18:48:27,533 [9582de44-b510-4bf6-b692-b66075a27588@group-CEC72933519B-StateMachineUpdater] INFO  impl.StateMachineUpdater (StateMachineUpdater.java:lambda$new$0(84)) - 9582de44-b510-4bf6-b692-b66075a27588@group-CEC72933519B-StateMachineUpdater: snapshotIndex: updateIncreasingly 2 -> 2
2019-11-13 18:48:27,533 [ForkJoinPool.commonPool-worker-1] INFO  impl.RaftServerImpl (ServerState.java:close(387)) - 9582de44-b510-4bf6-b692-b66075a27588@group-CEC72933519B: closes. applyIndex: 4
2019-11-13 18:48:27,534 [9582de44-b510-4bf6-b692-b66075a27588@group-CEC72933519B-SegmentedRaftLogWorker] INFO  segmented.SegmentedRaftLogWorker (SegmentedRaftLogWorker.java:run(316)) - 9582de44-b510-4bf6-b692-b66075a27588@group-CEC72933519B-SegmentedRaftLogWorker was interrupted, exiting. There are 0 tasks remaining in the queue.
2019-11-13 18:48:27,536 [ForkJoinPool.commonPool-worker-1] INFO  segmented.SegmentedRaftLogWorker (SegmentedRaftLogWorker.java:close(224)) - 9582de44-b510-4bf6-b692-b66075a27588@group-CEC72933519B-SegmentedRaftLogWorker close()
2019-11-13 18:48:27,536 [ForkJoinPool.commonPool-worker-1] INFO  server.GrpcService (GrpcService.java:closeImpl(164)) - 9582de44-b510-4bf6-b692-b66075a27588: shutdown server with port 46083 now
2019-11-13 18:48:27,537 [grpc-default-executor-1] WARN  server.GrpcServerProtocolService (LogUtils.java:warn(134)) - 9582de44-b510-4bf6-b692-b66075a27588: installSnapshot onError, lastRequest: 9ee498fb-dbd1-4b89-b28c-40ca18800c49->9582de44-b510-4bf6-b692-b66075a27588#24-t1, previous=(t:1, i:4), leaderCommit=4, initializing? false, entries: <empty>: org.apache.ratis.thirdparty.io.grpc.StatusRuntimeException: CANCELLED: cancelled before receiving half close
2019-11-13 18:48:27,537 [ForkJoinPool.commonPool-worker-1] INFO  server.GrpcService (GrpcService.java:closeImpl(172)) - 9582de44-b510-4bf6-b692-b66075a27588: shutdown server with port 46083 successfully
2019-11-13 18:48:27,537 [grpc-default-executor-3] WARN  server.GrpcLogAppender (LogUtils.java:warn(134)) - 9ee498fb-dbd1-4b89-b28c-40ca18800c49@group-CEC72933519B->9582de44-b510-4bf6-b692-b66075a27588-AppendLogResponseHandler: Failed appendEntries: org.apache.ratis.thirdparty.io.grpc.StatusRuntimeException: CANCELLED: HTTP/2 error code: CANCEL
Received Rst Stream
2019-11-13 18:48:27,538 [grpc-default-executor-3] INFO  impl.FollowerInfo (FollowerInfo.java:lambda$new$0(51)) - 9ee498fb-dbd1-4b89-b28c-40ca18800c49@group-CEC72933519B->9582de44-b510-4bf6-b692-b66075a27588: nextIndex: updateUnconditionally 5 -> 4
2019-11-13 18:48:27,539 [refreshUsed-/workdir/hadoop-ozone/integration-test/target/test-dir/MiniOzoneClusterImpl-936e8649-2eb0-4b7a-921b-5d2cce332f9c/datanode-3/data/containers] WARN  fs.CachingGetSpaceUsed (CachingGetSpaceUsed.java:run(183)) - Thread Interrupted waiting to refresh disk information: sleep interrupted
2019-11-13 18:48:27,547 [refreshUsed-/workdir/hadoop-ozone/integration-test/target/test-dir/MiniOzoneClusterImpl-936e8649-2eb0-4b7a-921b-5d2cce332f9c/datanode-6/data/containers] WARN  fs.CachingGetSpaceUsed (CachingGetSpaceUsed.java:run(183)) - Thread Interrupted waiting to refresh disk information: sleep interrupted
2019-11-13 18:48:27,565 [ForkJoinPool.commonPool-worker-1] INFO  utils.BackgroundService (BackgroundService.java:shutdown(151)) - Shutting down service BlockDeletingService
2019-11-13 18:48:27,570 [ForkJoinPool.commonPool-worker-1] INFO  statemachine.DatanodeStateMachine (DatanodeStateMachine.java:stopDaemon(395)) - Ozone container server stopped.
2019-11-13 18:48:27,576 [ForkJoinPool.commonPool-worker-1] INFO  handler.ContextHandler (ContextHandler.java:doStop(910)) - Stopped o.e.j.w.WebAppContext@4f0f7849{/,null,UNAVAILABLE}{/hddsDatanode}
2019-11-13 18:48:27,576 [ForkJoinPool.commonPool-worker-1] INFO  server.AbstractConnector (AbstractConnector.java:doStop(318)) - Stopped ServerConnector@56a4f272{HTTP/1.1,[http/1.1]}{0.0.0.0:0}
2019-11-13 18:48:27,577 [main] INFO  utils.BackgroundService (BackgroundService.java:shutdown(151)) - Shutting down service BlockDeletingService
2019-11-13 18:48:27,578 [ForkJoinPool.commonPool-worker-1] INFO  handler.ContextHandler (ContextHandler.java:doStop(910)) - Stopped o.e.j.s.ServletContextHandler@55e42449{/static,jar:file:/home/user/.m2/repository/org/apache/hadoop/hadoop-hdds-container-service/0.5.0-SNAPSHOT/hadoop-hdds-container-service-0.5.0-SNAPSHOT.jar!/webapps/static,UNAVAILABLE}
2019-11-13 18:48:27,583 [ForkJoinPool.commonPool-worker-1] INFO  handler.ContextHandler (ContextHandler.java:doStop(910)) - Stopped o.e.j.s.ServletContextHandler@6dd1c3ed{/logs,file:///workdir/hadoop-ozone/integration-test/target/log,UNAVAILABLE}
2019-11-13 18:48:27,584 [main] INFO  statemachine.DatanodeStateMachine (DatanodeStateMachine.java:stopDaemon(395)) - Ozone container server stopped.
2019-11-13 18:48:27,585 [main] INFO  handler.ContextHandler (ContextHandler.java:doStop(910)) - Stopped o.e.j.w.WebAppContext@25aeb5ac{/,null,UNAVAILABLE}{/hddsDatanode}
2019-11-13 18:48:27,586 [main] INFO  server.AbstractConnector (AbstractConnector.java:doStop(318)) - Stopped ServerConnector@c755b2{HTTP/1.1,[http/1.1]}{0.0.0.0:0}
2019-11-13 18:48:27,586 [main] INFO  handler.ContextHandler (ContextHandler.java:doStop(910)) - Stopped o.e.j.s.ServletContextHandler@39a87e72{/static,jar:file:/home/user/.m2/repository/org/apache/hadoop/hadoop-hdds-container-service/0.5.0-SNAPSHOT/hadoop-hdds-container-service-0.5.0-SNAPSHOT.jar!/webapps/static,UNAVAILABLE}
2019-11-13 18:48:27,587 [main] INFO  handler.ContextHandler (ContextHandler.java:doStop(910)) - Stopped o.e.j.s.ServletContextHandler@d5d5353{/logs,file:///workdir/hadoop-ozone/integration-test/target/log,UNAVAILABLE}
2019-11-13 18:48:27,684 [Datanode State Machine Thread - 0] INFO  statemachine.DatanodeStateMachine (DatanodeStateMachine.java:lambda$startDaemon$0(350)) - Ozone container server started.
2019-11-13 18:48:27,717 [Datanode State Machine Thread - 0] INFO  statemachine.DatanodeStateMachine (DatanodeStateMachine.java:lambda$startDaemon$0(350)) - Ozone container server started.
2019-11-13 18:48:27,788 [grpc-default-executor-1] WARN  server.GrpcLogAppender (LogUtils.java:warn(134)) - 9ee498fb-dbd1-4b89-b28c-40ca18800c49@group-CEC72933519B->19b56e57-c404-4271-b4fe-c6c2e842ae91-AppendLogResponseHandler: Failed appendEntries: org.apache.ratis.thirdparty.io.grpc.StatusRuntimeException: UNAVAILABLE: io exception
2019-11-13 18:48:27,791 [grpc-default-executor-1] INFO  impl.FollowerInfo (FollowerInfo.java:lambda$new$0(51)) - 9ee498fb-dbd1-4b89-b28c-40ca18800c49@group-CEC72933519B->19b56e57-c404-4271-b4fe-c6c2e842ae91: nextIndex: updateUnconditionally 0 -> 0
2019-11-13 18:48:27,798 [grpc-default-executor-2] WARN  server.GrpcLogAppender (LogUtils.java:warn(134)) - 8a346eb0-433c-4f64-9a22-d40a83dee003@group-9622AD8B65B5->694477cc-c317-4cd0-89bd-f326ada4a5ba-AppendLogResponseHandler: Failed appendEntries: org.apache.ratis.thirdparty.io.grpc.StatusRuntimeException: UNAVAILABLE: io exception
2019-11-13 18:48:27,800 [grpc-default-executor-2] INFO  impl.FollowerInfo (FollowerInfo.java:lambda$new$0(51)) - 8a346eb0-433c-4f64-9a22-d40a83dee003@group-9622AD8B65B5->694477cc-c317-4cd0-89bd-f326ada4a5ba: nextIndex: updateUnconditionally 4 -> 3
2019-11-13 18:48:27,820 [grpc-default-executor-3] WARN  server.GrpcLogAppender (LogUtils.java:warn(134)) - 9ee498fb-dbd1-4b89-b28c-40ca18800c49@group-CEC72933519B->9582de44-b510-4bf6-b692-b66075a27588-AppendLogResponseHandler: Failed appendEntries: org.apache.ratis.thirdparty.io.grpc.StatusRuntimeException: UNAVAILABLE: io exception
2019-11-13 18:48:27,823 [grpc-default-executor-3] INFO  impl.FollowerInfo (FollowerInfo.java:lambda$new$0(51)) - 9ee498fb-dbd1-4b89-b28c-40ca18800c49@group-CEC72933519B->9582de44-b510-4bf6-b692-b66075a27588: nextIndex: updateUnconditionally 4 -> 3
2019-11-13 18:48:27,870 [grpc-default-executor-2] WARN  server.GrpcLogAppender (LogUtils.java:warn(134)) - cb343498-03c0-425e-a729-2b4f8684daee@group-172C83AAB92B->302e21ca-1d4a-4b22-bc74-f644a63fc179-AppendLogResponseHandler: Failed appendEntries: org.apache.ratis.thirdparty.io.grpc.StatusRuntimeException: UNAVAILABLE: io exception
2019-11-13 18:48:27,876 [grpc-default-executor-2] INFO  impl.FollowerInfo (FollowerInfo.java:lambda$new$0(51)) - cb343498-03c0-425e-a729-2b4f8684daee@group-172C83AAB92B->302e21ca-1d4a-4b22-bc74-f644a63fc179: nextIndex: updateUnconditionally 0 -> 0
2019-11-13 18:48:28,289 [grpc-default-executor-3] WARN  server.GrpcLogAppender (LogUtils.java:warn(134)) - 9ee498fb-dbd1-4b89-b28c-40ca18800c49@group-CEC72933519B->19b56e57-c404-4271-b4fe-c6c2e842ae91-AppendLogResponseHandler: Failed appendEntries: org.apache.ratis.thirdparty.io.grpc.StatusRuntimeException: UNAVAILABLE: io exception
2019-11-13 18:48:28,296 [grpc-default-executor-3] INFO  impl.FollowerInfo (FollowerInfo.java:lambda$new$0(51)) - 9ee498fb-dbd1-4b89-b28c-40ca18800c49@group-CEC72933519B->19b56e57-c404-4271-b4fe-c6c2e842ae91: nextIndex: updateUnconditionally 0 -> 0
2019-11-13 18:48:28,300 [grpc-default-executor-1] WARN  server.GrpcLogAppender (LogUtils.java:warn(134)) - 8a346eb0-433c-4f64-9a22-d40a83dee003@group-9622AD8B65B5->694477cc-c317-4cd0-89bd-f326ada4a5ba-AppendLogResponseHandler: Failed appendEntries: org.apache.ratis.thirdparty.io.grpc.StatusRuntimeException: UNAVAILABLE: io exception
2019-11-13 18:48:28,300 [grpc-default-executor-1] INFO  impl.FollowerInfo (FollowerInfo.java:lambda$new$0(51)) - 8a346eb0-433c-4f64-9a22-d40a83dee003@group-9622AD8B65B5->694477cc-c317-4cd0-89bd-f326ada4a5ba: nextIndex: updateUnconditionally 3 -> 2
2019-11-13 18:48:28,321 [grpc-default-executor-2] WARN  server.GrpcLogAppender (LogUtils.java:warn(134)) - 9ee498fb-dbd1-4b89-b28c-40ca18800c49@group-CEC72933519B->9582de44-b510-4bf6-b692-b66075a27588-AppendLogResponseHandler: Failed appendEntries: org.apache.ratis.thirdparty.io.grpc.StatusRuntimeException: UNAVAILABLE: io exception
2019-11-13 18:48:28,321 [grpc-default-executor-2] INFO  impl.FollowerInfo (FollowerInfo.java:lambda$new$0(51)) - 9ee498fb-dbd1-4b89-b28c-40ca18800c49@group-CEC72933519B->9582de44-b510-4bf6-b692-b66075a27588: nextIndex: updateUnconditionally 3 -> 2
2019-11-13 18:48:28,371 [grpc-default-executor-1] WARN  server.GrpcLogAppender (LogUtils.java:warn(134)) - cb343498-03c0-425e-a729-2b4f8684daee@group-172C83AAB92B->302e21ca-1d4a-4b22-bc74-f644a63fc179-AppendLogResponseHandler: Failed appendEntries: org.apache.ratis.thirdparty.io.grpc.StatusRuntimeException: UNAVAILABLE: io exception
2019-11-13 18:48:28,372 [grpc-default-executor-1] INFO  impl.FollowerInfo (FollowerInfo.java:lambda$new$0(51)) - cb343498-03c0-425e-a729-2b4f8684daee@group-172C83AAB92B->302e21ca-1d4a-4b22-bc74-f644a63fc179: nextIndex: updateUnconditionally 0 -> 0
2019-11-13 18:48:28,790 [grpc-default-executor-0] WARN  server.GrpcLogAppender (LogUtils.java:warn(134)) - 9ee498fb-dbd1-4b89-b28c-40ca18800c49@group-CEC72933519B->19b56e57-c404-4271-b4fe-c6c2e842ae91-AppendLogResponseHandler: Failed appendEntries: org.apache.ratis.thirdparty.io.grpc.StatusRuntimeException: UNAVAILABLE: io exception
2019-11-13 18:48:28,791 [grpc-default-executor-0] INFO  impl.FollowerInfo (FollowerInfo.java:lambda$new$0(51)) - 9ee498fb-dbd1-4b89-b28c-40ca18800c49@group-CEC72933519B->19b56e57-c404-4271-b4fe-c6c2e842ae91: nextIndex: updateUnconditionally 0 -> 0
2019-11-13 18:48:28,801 [grpc-default-executor-2] WARN  server.GrpcLogAppender (LogUtils.java:warn(134)) - 8a346eb0-433c-4f64-9a22-d40a83dee003@group-9622AD8B65B5->694477cc-c317-4cd0-89bd-f326ada4a5ba-AppendLogResponseHandler: Failed appendEntries: org.apache.ratis.thirdparty.io.grpc.StatusRuntimeException: UNAVAILABLE: io exception
2019-11-13 18:48:28,802 [grpc-default-executor-2] INFO  impl.FollowerInfo (FollowerInfo.java:lambda$new$0(51)) - 8a346eb0-433c-4f64-9a22-d40a83dee003@group-9622AD8B65B5->694477cc-c317-4cd0-89bd-f326ada4a5ba: nextIndex: updateUnconditionally 2 -> 1
2019-11-13 18:48:28,822 [grpc-default-executor-1] WARN  server.GrpcLogAppender (LogUtils.java:warn(134)) - 9ee498fb-dbd1-4b89-b28c-40ca18800c49@group-CEC72933519B->9582de44-b510-4bf6-b692-b66075a27588-AppendLogResponseHandler: Failed appendEntries: org.apache.ratis.thirdparty.io.grpc.StatusRuntimeException: UNAVAILABLE: io exception
2019-11-13 18:48:28,822 [grpc-default-executor-1] INFO  impl.FollowerInfo (FollowerInfo.java:lambda$new$0(51)) - 9ee498fb-dbd1-4b89-b28c-40ca18800c49@group-CEC72933519B->9582de44-b510-4bf6-b692-b66075a27588: nextIndex: updateUnconditionally 2 -> 1
2019-11-13 18:48:28,872 [grpc-default-executor-0] WARN  server.GrpcLogAppender (LogUtils.java:warn(134)) - cb343498-03c0-425e-a729-2b4f8684daee@group-172C83AAB92B->302e21ca-1d4a-4b22-bc74-f644a63fc179-AppendLogResponseHandler: Failed appendEntries: org.apache.ratis.thirdparty.io.grpc.StatusRuntimeException: UNAVAILABLE: io exception
2019-11-13 18:48:28,873 [grpc-default-executor-0] INFO  impl.FollowerInfo (FollowerInfo.java:lambda$new$0(51)) - cb343498-03c0-425e-a729-2b4f8684daee@group-172C83AAB92B->302e21ca-1d4a-4b22-bc74-f644a63fc179: nextIndex: updateUnconditionally 0 -> 0
2019-11-13 18:48:29,292 [grpc-default-executor-1] WARN  server.GrpcLogAppender (LogUtils.java:warn(134)) - 9ee498fb-dbd1-4b89-b28c-40ca18800c49@group-CEC72933519B->19b56e57-c404-4271-b4fe-c6c2e842ae91-AppendLogResponseHandler: Failed appendEntries: org.apache.ratis.thirdparty.io.grpc.StatusRuntimeException: UNAVAILABLE: io exception
2019-11-13 18:48:29,292 [grpc-default-executor-1] INFO  impl.FollowerInfo (FollowerInfo.java:lambda$new$0(51)) - 9ee498fb-dbd1-4b89-b28c-40ca18800c49@group-CEC72933519B->19b56e57-c404-4271-b4fe-c6c2e842ae91: nextIndex: updateUnconditionally 0 -> 0
2019-11-13 18:48:29,302 [grpc-default-executor-2] WARN  server.GrpcLogAppender (LogUtils.java:warn(134)) - 8a346eb0-433c-4f64-9a22-d40a83dee003@group-9622AD8B65B5->694477cc-c317-4cd0-89bd-f326ada4a5ba-AppendLogResponseHandler: Failed appendEntries: org.apache.ratis.thirdparty.io.grpc.StatusRuntimeException: UNAVAILABLE: io exception
2019-11-13 18:48:29,303 [grpc-default-executor-2] INFO  impl.FollowerInfo (FollowerInfo.java:lambda$new$0(51)) - 8a346eb0-433c-4f64-9a22-d40a83dee003@group-9622AD8B65B5->694477cc-c317-4cd0-89bd-f326ada4a5ba: nextIndex: updateUnconditionally 1 -> 0
2019-11-13 18:48:29,323 [grpc-default-executor-0] WARN  server.GrpcLogAppender (LogUtils.java:warn(134)) - 9ee498fb-dbd1-4b89-b28c-40ca18800c49@group-CEC72933519B->9582de44-b510-4bf6-b692-b66075a27588-AppendLogResponseHandler: Failed appendEntries: org.apache.ratis.thirdparty.io.grpc.StatusRuntimeException: UNAVAILABLE: io exception
2019-11-13 18:48:29,323 [grpc-default-executor-0] INFO  impl.FollowerInfo (FollowerInfo.java:lambda$new$0(51)) - 9ee498fb-dbd1-4b89-b28c-40ca18800c49@group-CEC72933519B->9582de44-b510-4bf6-b692-b66075a27588: nextIndex: updateUnconditionally 1 -> 0
2019-11-13 18:48:29,374 [grpc-default-executor-1] WARN  server.GrpcLogAppender (LogUtils.java:warn(134)) - cb343498-03c0-425e-a729-2b4f8684daee@group-172C83AAB92B->302e21ca-1d4a-4b22-bc74-f644a63fc179-AppendLogResponseHandler: Failed appendEntries: org.apache.ratis.thirdparty.io.grpc.StatusRuntimeException: UNAVAILABLE: io exception
2019-11-13 18:48:29,374 [grpc-default-executor-1] INFO  impl.FollowerInfo (FollowerInfo.java:lambda$new$0(51)) - cb343498-03c0-425e-a729-2b4f8684daee@group-172C83AAB92B->302e21ca-1d4a-4b22-bc74-f644a63fc179: nextIndex: updateUnconditionally 0 -> 0
2019-11-13 18:48:29,793 [grpc-default-executor-2] WARN  server.GrpcLogAppender (LogUtils.java:warn(134)) - 9ee498fb-dbd1-4b89-b28c-40ca18800c49@group-CEC72933519B->19b56e57-c404-4271-b4fe-c6c2e842ae91-AppendLogResponseHandler: Failed appendEntries: org.apache.ratis.thirdparty.io.grpc.StatusRuntimeException: UNAVAILABLE: io exception
2019-11-13 18:48:29,794 [grpc-default-executor-2] INFO  impl.FollowerInfo (FollowerInfo.java:lambda$new$0(51)) - 9ee498fb-dbd1-4b89-b28c-40ca18800c49@group-CEC72933519B->19b56e57-c404-4271-b4fe-c6c2e842ae91: nextIndex: updateUnconditionally 0 -> 0
2019-11-13 18:48:29,804 [grpc-default-executor-0] WARN  server.GrpcLogAppender (LogUtils.java:warn(134)) - 8a346eb0-433c-4f64-9a22-d40a83dee003@group-9622AD8B65B5->694477cc-c317-4cd0-89bd-f326ada4a5ba-AppendLogResponseHandler: Failed appendEntries: org.apache.ratis.thirdparty.io.grpc.StatusRuntimeException: UNAVAILABLE: io exception
2019-11-13 18:48:29,804 [grpc-default-executor-0] INFO  impl.FollowerInfo (FollowerInfo.java:lambda$new$0(51)) - 8a346eb0-433c-4f64-9a22-d40a83dee003@group-9622AD8B65B5->694477cc-c317-4cd0-89bd-f326ada4a5ba: nextIndex: updateUnconditionally 0 -> 0
2019-11-13 18:48:29,823 [grpc-default-executor-1] WARN  server.GrpcLogAppender (LogUtils.java:warn(134)) - 9ee498fb-dbd1-4b89-b28c-40ca18800c49@group-CEC72933519B->9582de44-b510-4bf6-b692-b66075a27588-AppendLogResponseHandler: Failed appendEntries: org.apache.ratis.thirdparty.io.grpc.StatusRuntimeException: UNAVAILABLE: io exception
2019-11-13 18:48:29,824 [grpc-default-executor-1] INFO  impl.FollowerInfo (FollowerInfo.java:lambda$new$0(51)) - 9ee498fb-dbd1-4b89-b28c-40ca18800c49@group-CEC72933519B->9582de44-b510-4bf6-b692-b66075a27588: nextIndex: updateUnconditionally 0 -> 0
2019-11-13 18:48:29,887 [grpc-default-executor-2] WARN  server.GrpcLogAppender (LogUtils.java:warn(134)) - cb343498-03c0-425e-a729-2b4f8684daee@group-172C83AAB92B->302e21ca-1d4a-4b22-bc74-f644a63fc179-AppendLogResponseHandler: Failed appendEntries: org.apache.ratis.thirdparty.io.grpc.StatusRuntimeException: UNAVAILABLE: io exception
2019-11-13 18:48:29,888 [grpc-default-executor-2] INFO  impl.FollowerInfo (FollowerInfo.java:lambda$new$0(51)) - cb343498-03c0-425e-a729-2b4f8684daee@group-172C83AAB92B->302e21ca-1d4a-4b22-bc74-f644a63fc179: nextIndex: updateUnconditionally 0 -> 0
2019-11-13 18:48:30,294 [grpc-default-executor-0] WARN  server.GrpcLogAppender (LogUtils.java:warn(134)) - 9ee498fb-dbd1-4b89-b28c-40ca18800c49@group-CEC72933519B->19b56e57-c404-4271-b4fe-c6c2e842ae91-AppendLogResponseHandler: Failed appendEntries: org.apache.ratis.thirdparty.io.grpc.StatusRuntimeException: UNAVAILABLE: io exception
2019-11-13 18:48:30,294 [grpc-default-executor-0] INFO  impl.FollowerInfo (FollowerInfo.java:lambda$new$0(51)) - 9ee498fb-dbd1-4b89-b28c-40ca18800c49@group-CEC72933519B->19b56e57-c404-4271-b4fe-c6c2e842ae91: nextIndex: updateUnconditionally 0 -> 0
2019-11-13 18:48:30,304 [grpc-default-executor-2] WARN  server.GrpcLogAppender (LogUtils.java:warn(134)) - 8a346eb0-433c-4f64-9a22-d40a83dee003@group-9622AD8B65B5->694477cc-c317-4cd0-89bd-f326ada4a5ba-AppendLogResponseHandler: Failed appendEntries: org.apache.ratis.thirdparty.io.grpc.StatusRuntimeException: UNAVAILABLE: io exception
2019-11-13 18:48:30,305 [grpc-default-executor-2] INFO  impl.FollowerInfo (FollowerInfo.java:lambda$new$0(51)) - 8a346eb0-433c-4f64-9a22-d40a83dee003@group-9622AD8B65B5->694477cc-c317-4cd0-89bd-f326ada4a5ba: nextIndex: updateUnconditionally 0 -> 0
2019-11-13 18:48:30,324 [grpc-default-executor-2] WARN  server.GrpcLogAppender (LogUtils.java:warn(134)) - 9ee498fb-dbd1-4b89-b28c-40ca18800c49@group-CEC72933519B->9582de44-b510-4bf6-b692-b66075a27588-AppendLogResponseHandler: Failed appendEntries: org.apache.ratis.thirdparty.io.grpc.StatusRuntimeException: UNAVAILABLE: io exception
2019-11-13 18:48:30,324 [grpc-default-executor-2] INFO  impl.FollowerInfo (FollowerInfo.java:lambda$new$0(51)) - 9ee498fb-dbd1-4b89-b28c-40ca18800c49@group-CEC72933519B->9582de44-b510-4bf6-b692-b66075a27588: nextIndex: updateUnconditionally 0 -> 0
2019-11-13 18:48:30,376 [grpc-default-executor-2] WARN  server.GrpcLogAppender (LogUtils.java:warn(134)) - cb343498-03c0-425e-a729-2b4f8684daee@group-172C83AAB92B->302e21ca-1d4a-4b22-bc74-f644a63fc179-AppendLogResponseHandler: Failed appendEntries: org.apache.ratis.thirdparty.io.grpc.StatusRuntimeException: UNAVAILABLE: io exception
2019-11-13 18:48:30,376 [grpc-default-executor-2] INFO  impl.FollowerInfo (FollowerInfo.java:lambda$new$0(51)) - cb343498-03c0-425e-a729-2b4f8684daee@group-172C83AAB92B->302e21ca-1d4a-4b22-bc74-f644a63fc179: nextIndex: updateUnconditionally 0 -> 0
2019-11-13 18:48:30,796 [grpc-default-executor-2] WARN  server.GrpcLogAppender (LogUtils.java:warn(134)) - 9ee498fb-dbd1-4b89-b28c-40ca18800c49@group-CEC72933519B->19b56e57-c404-4271-b4fe-c6c2e842ae91-AppendLogResponseHandler: Failed appendEntries: org.apache.ratis.thirdparty.io.grpc.StatusRuntimeException: UNAVAILABLE: io exception
2019-11-13 18:48:30,796 [grpc-default-executor-2] INFO  impl.FollowerInfo (FollowerInfo.java:lambda$new$0(51)) - 9ee498fb-dbd1-4b89-b28c-40ca18800c49@group-CEC72933519B->19b56e57-c404-4271-b4fe-c6c2e842ae91: nextIndex: updateUnconditionally 0 -> 0
2019-11-13 18:48:30,804 [grpc-default-executor-1] WARN  server.GrpcLogAppender (LogUtils.java:warn(134)) - 8a346eb0-433c-4f64-9a22-d40a83dee003@group-9622AD8B65B5->694477cc-c317-4cd0-89bd-f326ada4a5ba-AppendLogResponseHandler: Failed appendEntries: org.apache.ratis.thirdparty.io.grpc.StatusRuntimeException: UNAVAILABLE: io exception
2019-11-13 18:48:30,805 [grpc-default-executor-1] INFO  impl.FollowerInfo (FollowerInfo.java:lambda$new$0(51)) - 8a346eb0-433c-4f64-9a22-d40a83dee003@group-9622AD8B65B5->694477cc-c317-4cd0-89bd-f326ada4a5ba: nextIndex: updateUnconditionally 0 -> 0
2019-11-13 18:48:30,825 [grpc-default-executor-0] WARN  server.GrpcLogAppender (LogUtils.java:warn(134)) - 9ee498fb-dbd1-4b89-b28c-40ca18800c49@group-CEC72933519B->9582de44-b510-4bf6-b692-b66075a27588-AppendLogResponseHandler: Failed appendEntries: org.apache.ratis.thirdparty.io.grpc.StatusRuntimeException: UNAVAILABLE: io exception
2019-11-13 18:48:30,825 [grpc-default-executor-0] INFO  impl.FollowerInfo (FollowerInfo.java:lambda$new$0(51)) - 9ee498fb-dbd1-4b89-b28c-40ca18800c49@group-CEC72933519B->9582de44-b510-4bf6-b692-b66075a27588: nextIndex: updateUnconditionally 0 -> 0
2019-11-13 18:48:30,877 [grpc-default-executor-2] WARN  server.GrpcLogAppender (LogUtils.java:warn(134)) - cb343498-03c0-425e-a729-2b4f8684daee@group-172C83AAB92B->302e21ca-1d4a-4b22-bc74-f644a63fc179-AppendLogResponseHandler: Failed appendEntries: org.apache.ratis.thirdparty.io.grpc.StatusRuntimeException: UNAVAILABLE: io exception
2019-11-13 18:48:30,878 [grpc-default-executor-2] INFO  impl.FollowerInfo (FollowerInfo.java:lambda$new$0(51)) - cb343498-03c0-425e-a729-2b4f8684daee@group-172C83AAB92B->302e21ca-1d4a-4b22-bc74-f644a63fc179: nextIndex: updateUnconditionally 0 -> 0
2019-11-13 18:48:31,299 [grpc-default-executor-2] WARN  server.GrpcLogAppender (LogUtils.java:warn(134)) - 9ee498fb-dbd1-4b89-b28c-40ca18800c49@group-CEC72933519B->19b56e57-c404-4271-b4fe-c6c2e842ae91-AppendLogResponseHandler: Failed appendEntries: org.apache.ratis.thirdparty.io.grpc.StatusRuntimeException: UNAVAILABLE: io exception
2019-11-13 18:48:31,300 [grpc-default-executor-2] INFO  impl.FollowerInfo (FollowerInfo.java:lambda$new$0(51)) - 9ee498fb-dbd1-4b89-b28c-40ca18800c49@group-CEC72933519B->19b56e57-c404-4271-b4fe-c6c2e842ae91: nextIndex: updateUnconditionally 0 -> 0
2019-11-13 18:48:31,306 [grpc-default-executor-2] WARN  server.GrpcLogAppender (LogUtils.java:warn(134)) - 8a346eb0-433c-4f64-9a22-d40a83dee003@group-9622AD8B65B5->694477cc-c317-4cd0-89bd-f326ada4a5ba-AppendLogResponseHandler: Failed appendEntries: org.apache.ratis.thirdparty.io.grpc.StatusRuntimeException: UNAVAILABLE: io exception
2019-11-13 18:48:31,306 [grpc-default-executor-2] INFO  impl.FollowerInfo (FollowerInfo.java:lambda$new$0(51)) - 8a346eb0-433c-4f64-9a22-d40a83dee003@group-9622AD8B65B5->694477cc-c317-4cd0-89bd-f326ada4a5ba: nextIndex: updateUnconditionally 0 -> 0
2019-11-13 18:48:31,326 [grpc-default-executor-2] WARN  server.GrpcLogAppender (LogUtils.java:warn(134)) - 9ee498fb-dbd1-4b89-b28c-40ca18800c49@group-CEC72933519B->9582de44-b510-4bf6-b692-b66075a27588-AppendLogResponseHandler: Failed appendEntries: org.apache.ratis.thirdparty.io.grpc.StatusRuntimeException: UNAVAILABLE: io exception
2019-11-13 18:48:31,326 [grpc-default-executor-2] INFO  impl.FollowerInfo (FollowerInfo.java:lambda$new$0(51)) - 9ee498fb-dbd1-4b89-b28c-40ca18800c49@group-CEC72933519B->9582de44-b510-4bf6-b692-b66075a27588: nextIndex: updateUnconditionally 0 -> 0
2019-11-13 18:48:31,381 [grpc-default-executor-2] WARN  server.GrpcLogAppender (LogUtils.java:warn(134)) - cb343498-03c0-425e-a729-2b4f8684daee@group-172C83AAB92B->302e21ca-1d4a-4b22-bc74-f644a63fc179-AppendLogResponseHandler: Failed appendEntries: org.apache.ratis.thirdparty.io.grpc.StatusRuntimeException: UNAVAILABLE: io exception
2019-11-13 18:48:31,382 [grpc-default-executor-2] INFO  impl.FollowerInfo (FollowerInfo.java:lambda$new$0(51)) - cb343498-03c0-425e-a729-2b4f8684daee@group-172C83AAB92B->302e21ca-1d4a-4b22-bc74-f644a63fc179: nextIndex: updateUnconditionally 0 -> 0
2019-11-13 18:48:31,800 [grpc-default-executor-1] WARN  server.GrpcLogAppender (LogUtils.java:warn(134)) - 9ee498fb-dbd1-4b89-b28c-40ca18800c49@group-CEC72933519B->19b56e57-c404-4271-b4fe-c6c2e842ae91-AppendLogResponseHandler: Failed appendEntries: org.apache.ratis.thirdparty.io.grpc.StatusRuntimeException: UNAVAILABLE: io exception
2019-11-13 18:48:31,800 [grpc-default-executor-1] INFO  impl.FollowerInfo (FollowerInfo.java:lambda$new$0(51)) - 9ee498fb-dbd1-4b89-b28c-40ca18800c49@group-CEC72933519B->19b56e57-c404-4271-b4fe-c6c2e842ae91: nextIndex: updateUnconditionally 0 -> 0
2019-11-13 18:48:31,806 [grpc-default-executor-0] WARN  server.GrpcLogAppender (LogUtils.java:warn(134)) - 8a346eb0-433c-4f64-9a22-d40a83dee003@group-9622AD8B65B5->694477cc-c317-4cd0-89bd-f326ada4a5ba-AppendLogResponseHandler: Failed appendEntries: org.apache.ratis.thirdparty.io.grpc.StatusRuntimeException: UNAVAILABLE: io exception
2019-11-13 18:48:31,806 [grpc-default-executor-0] INFO  impl.FollowerInfo (FollowerInfo.java:lambda$new$0(51)) - 8a346eb0-433c-4f64-9a22-d40a83dee003@group-9622AD8B65B5->694477cc-c317-4cd0-89bd-f326ada4a5ba: nextIndex: updateUnconditionally 0 -> 0
2019-11-13 18:48:31,828 [grpc-default-executor-2] WARN  server.GrpcLogAppender (LogUtils.java:warn(134)) - 9ee498fb-dbd1-4b89-b28c-40ca18800c49@group-CEC72933519B->9582de44-b510-4bf6-b692-b66075a27588-AppendLogResponseHandler: Failed appendEntries: org.apache.ratis.thirdparty.io.grpc.StatusRuntimeException: UNAVAILABLE: io exception
2019-11-13 18:48:31,829 [grpc-default-executor-2] INFO  impl.FollowerInfo (FollowerInfo.java:lambda$new$0(51)) - 9ee498fb-dbd1-4b89-b28c-40ca18800c49@group-CEC72933519B->9582de44-b510-4bf6-b692-b66075a27588: nextIndex: updateUnconditionally 0 -> 0
2019-11-13 18:48:31,882 [grpc-default-executor-2] WARN  server.GrpcLogAppender (LogUtils.java:warn(134)) - cb343498-03c0-425e-a729-2b4f8684daee@group-172C83AAB92B->302e21ca-1d4a-4b22-bc74-f644a63fc179-AppendLogResponseHandler: Failed appendEntries: org.apache.ratis.thirdparty.io.grpc.StatusRuntimeException: UNAVAILABLE: io exception
2019-11-13 18:48:31,883 [grpc-default-executor-2] INFO  impl.FollowerInfo (FollowerInfo.java:lambda$new$0(51)) - cb343498-03c0-425e-a729-2b4f8684daee@group-172C83AAB92B->302e21ca-1d4a-4b22-bc74-f644a63fc179: nextIndex: updateUnconditionally 0 -> 0
2019-11-13 18:48:32,301 [grpc-default-executor-1] WARN  server.GrpcLogAppender (LogUtils.java:warn(134)) - 9ee498fb-dbd1-4b89-b28c-40ca18800c49@group-CEC72933519B->19b56e57-c404-4271-b4fe-c6c2e842ae91-AppendLogResponseHandler: Failed appendEntries: org.apache.ratis.thirdparty.io.grpc.StatusRuntimeException: UNAVAILABLE: io exception
2019-11-13 18:48:32,302 [grpc-default-executor-1] INFO  impl.FollowerInfo (FollowerInfo.java:lambda$new$0(51)) - 9ee498fb-dbd1-4b89-b28c-40ca18800c49@group-CEC72933519B->19b56e57-c404-4271-b4fe-c6c2e842ae91: nextIndex: updateUnconditionally 0 -> 0
2019-11-13 18:48:32,307 [grpc-default-executor-0] WARN  server.GrpcLogAppender (LogUtils.java:warn(134)) - 8a346eb0-433c-4f64-9a22-d40a83dee003@group-9622AD8B65B5->694477cc-c317-4cd0-89bd-f326ada4a5ba-AppendLogResponseHandler: Failed appendEntries: org.apache.ratis.thirdparty.io.grpc.StatusRuntimeException: UNAVAILABLE: io exception
2019-11-13 18:48:32,308 [grpc-default-executor-0] INFO  impl.FollowerInfo (FollowerInfo.java:lambda$new$0(51)) - 8a346eb0-433c-4f64-9a22-d40a83dee003@group-9622AD8B65B5->694477cc-c317-4cd0-89bd-f326ada4a5ba: nextIndex: updateUnconditionally 0 -> 0
2019-11-13 18:48:32,328 [grpc-default-executor-2] WARN  server.GrpcLogAppender (LogUtils.java:warn(134)) - 9ee498fb-dbd1-4b89-b28c-40ca18800c49@group-CEC72933519B->9582de44-b510-4bf6-b692-b66075a27588-AppendLogResponseHandler: Failed appendEntries: org.apache.ratis.thirdparty.io.grpc.StatusRuntimeException: UNAVAILABLE: io exception
2019-11-13 18:48:32,329 [grpc-default-executor-2] INFO  impl.FollowerInfo (FollowerInfo.java:lambda$new$0(51)) - 9ee498fb-dbd1-4b89-b28c-40ca18800c49@group-CEC72933519B->9582de44-b510-4bf6-b692-b66075a27588: nextIndex: updateUnconditionally 0 -> 0
2019-11-13 18:48:32,382 [grpc-default-executor-1] WARN  server.GrpcLogAppender (LogUtils.java:warn(134)) - cb343498-03c0-425e-a729-2b4f8684daee@group-172C83AAB92B->302e21ca-1d4a-4b22-bc74-f644a63fc179-AppendLogResponseHandler: Failed appendEntries: org.apache.ratis.thirdparty.io.grpc.StatusRuntimeException: UNAVAILABLE: io exception
2019-11-13 18:48:32,383 [grpc-default-executor-1] INFO  impl.FollowerInfo (FollowerInfo.java:lambda$new$0(51)) - cb343498-03c0-425e-a729-2b4f8684daee@group-172C83AAB92B->302e21ca-1d4a-4b22-bc74-f644a63fc179: nextIndex: updateUnconditionally 0 -> 0
2019-11-13 18:48:32,587 [ForkJoinPool.commonPool-worker-1] INFO  ozoneimpl.OzoneContainer (OzoneContainer.java:stop(244)) - Attempting to stop container services.
2019-11-13 18:48:32,587 [ForkJoinPool.commonPool-worker-1] INFO  impl.RaftServerProxy (RaftServerProxy.java:lambda$close$4(314)) - cb343498-03c0-425e-a729-2b4f8684daee: close
2019-11-13 18:48:32,588 [ForkJoinPool.commonPool-worker-1] INFO  impl.RaftServerImpl (RaftServerImpl.java:lambda$shutdown$3(250)) - cb343498-03c0-425e-a729-2b4f8684daee@group-15009B0F61D7: shutdown
2019-11-13 18:48:32,588 [ForkJoinPool.commonPool-worker-1] INFO  util.JmxRegister (JmxRegister.java:unregister(73)) - Successfully un-registered JMX Bean with object name Ratis:service=RaftServer,group=group-15009B0F61D7,id=cb343498-03c0-425e-a729-2b4f8684daee
2019-11-13 18:48:32,588 [main] INFO  ozoneimpl.OzoneContainer (OzoneContainer.java:stop(244)) - Attempting to stop container services.
2019-11-13 18:48:32,588 [ForkJoinPool.commonPool-worker-1] INFO  impl.RoleInfo (RoleInfo.java:shutdownLeaderState(104)) - cb343498-03c0-425e-a729-2b4f8684daee: shutdown LeaderState
2019-11-13 18:48:32,589 [main] INFO  impl.RaftServerProxy (RaftServerProxy.java:lambda$close$4(314)) - e8491d14-0d10-4bdc-963d-f0280d0d8b35: close
2019-11-13 18:48:32,589 [ForkJoinPool.commonPool-worker-1] INFO  impl.PendingRequests (PendingRequests.java:sendNotLeaderResponses(206)) - cb343498-03c0-425e-a729-2b4f8684daee@group-15009B0F61D7-PendingRequests: sendNotLeaderResponses
2019-11-13 18:48:32,590 [main] INFO  impl.RaftServerImpl (RaftServerImpl.java:lambda$shutdown$3(250)) - e8491d14-0d10-4bdc-963d-f0280d0d8b35@group-DE803CD6E04A: shutdown
2019-11-13 18:48:32,590 [main] INFO  util.JmxRegister (JmxRegister.java:unregister(73)) - Successfully un-registered JMX Bean with object name Ratis:service=RaftServer,group=group-DE803CD6E04A,id=e8491d14-0d10-4bdc-963d-f0280d0d8b35
2019-11-13 18:48:32,590 [ForkJoinPool.commonPool-worker-1] INFO  impl.StateMachineUpdater (StateMachineUpdater.java:stopAndJoin(136)) - cb343498-03c0-425e-a729-2b4f8684daee@group-15009B0F61D7-StateMachineUpdater: set stopIndex = 0
2019-11-13 18:48:32,591 [main] INFO  impl.RoleInfo (RoleInfo.java:shutdownLeaderState(104)) - e8491d14-0d10-4bdc-963d-f0280d0d8b35: shutdown LeaderState
2019-11-13 18:48:32,591 [ForkJoinPool.commonPool-worker-1] INFO  impl.RaftServerImpl (ServerState.java:close(387)) - cb343498-03c0-425e-a729-2b4f8684daee@group-15009B0F61D7: closes. applyIndex: 0
2019-11-13 18:48:32,591 [main] INFO  impl.PendingRequests (PendingRequests.java:sendNotLeaderResponses(206)) - e8491d14-0d10-4bdc-963d-f0280d0d8b35@group-DE803CD6E04A-PendingRequests: sendNotLeaderResponses
2019-11-13 18:48:32,592 [cb343498-03c0-425e-a729-2b4f8684daee@group-15009B0F61D7-SegmentedRaftLogWorker] INFO  segmented.SegmentedRaftLogWorker (SegmentedRaftLogWorker.java:run(316)) - cb343498-03c0-425e-a729-2b4f8684daee@group-15009B0F61D7-SegmentedRaftLogWorker was interrupted, exiting. There are 0 tasks remaining in the queue.
2019-11-13 18:48:32,592 [main] INFO  impl.StateMachineUpdater (StateMachineUpdater.java:stopAndJoin(136)) - e8491d14-0d10-4bdc-963d-f0280d0d8b35@group-DE803CD6E04A-StateMachineUpdater: set stopIndex = 0
2019-11-13 18:48:32,592 [ForkJoinPool.commonPool-worker-1] INFO  segmented.SegmentedRaftLogWorker (SegmentedRaftLogWorker.java:close(224)) - cb343498-03c0-425e-a729-2b4f8684daee@group-15009B0F61D7-SegmentedRaftLogWorker close()
2019-11-13 18:48:32,592 [main] INFO  impl.RaftServerImpl (ServerState.java:close(387)) - e8491d14-0d10-4bdc-963d-f0280d0d8b35@group-DE803CD6E04A: closes. applyIndex: 0
2019-11-13 18:48:32,592 [ForkJoinPool.commonPool-worker-1] INFO  impl.RaftServerImpl (RaftServerImpl.java:lambda$shutdown$3(250)) - cb343498-03c0-425e-a729-2b4f8684daee@group-172C83AAB92B: shutdown
2019-11-13 18:48:32,593 [ForkJoinPool.commonPool-worker-1] INFO  util.JmxRegister (JmxRegister.java:unregister(73)) - Successfully un-registered JMX Bean with object name Ratis:service=RaftServer,group=group-172C83AAB92B,id=cb343498-03c0-425e-a729-2b4f8684daee
2019-11-13 18:48:32,593 [e8491d14-0d10-4bdc-963d-f0280d0d8b35@group-DE803CD6E04A-SegmentedRaftLogWorker] INFO  segmented.SegmentedRaftLogWorker (SegmentedRaftLogWorker.java:run(316)) - e8491d14-0d10-4bdc-963d-f0280d0d8b35@group-DE803CD6E04A-SegmentedRaftLogWorker was interrupted, exiting. There are 0 tasks remaining in the queue.
2019-11-13 18:48:32,593 [ForkJoinPool.commonPool-worker-1] INFO  impl.RoleInfo (RoleInfo.java:shutdownLeaderState(104)) - cb343498-03c0-425e-a729-2b4f8684daee: shutdown LeaderState
2019-11-13 18:48:32,595 [main] INFO  segmented.SegmentedRaftLogWorker (SegmentedRaftLogWorker.java:close(224)) - e8491d14-0d10-4bdc-963d-f0280d0d8b35@group-DE803CD6E04A-SegmentedRaftLogWorker close()
2019-11-13 18:48:32,598 [org.apache.ratis.server.impl.LogAppender$AppenderDaemon$$Lambda$487/584218662@3f342e38] WARN  server.GrpcLogAppender (GrpcLogAppender.java:mayWait(151)) - cb343498-03c0-425e-a729-2b4f8684daee@group-172C83AAB92B->e8491d14-0d10-4bdc-963d-f0280d0d8b35-GrpcLogAppender: Wait interrupted by java.lang.InterruptedException
2019-11-13 18:48:32,598 [org.apache.ratis.server.impl.LogAppender$AppenderDaemon$$Lambda$487/584218662@7a36b7ba] WARN  server.GrpcLogAppender (GrpcLogAppender.java:mayWait(151)) - cb343498-03c0-425e-a729-2b4f8684daee@group-172C83AAB92B->302e21ca-1d4a-4b22-bc74-f644a63fc179-GrpcLogAppender: Wait interrupted by java.lang.InterruptedException
2019-11-13 18:48:32,598 [ForkJoinPool.commonPool-worker-1] INFO  impl.PendingRequests (PendingRequests.java:sendNotLeaderResponses(206)) - cb343498-03c0-425e-a729-2b4f8684daee@group-172C83AAB92B-PendingRequests: sendNotLeaderResponses
2019-11-13 18:48:32,599 [main] INFO  impl.RaftServerImpl (RaftServerImpl.java:lambda$shutdown$3(250)) - e8491d14-0d10-4bdc-963d-f0280d0d8b35@group-172C83AAB92B: shutdown
2019-11-13 18:48:32,600 [ForkJoinPool.commonPool-worker-1] INFO  impl.StateMachineUpdater (StateMachineUpdater.java:stopAndJoin(136)) - cb343498-03c0-425e-a729-2b4f8684daee@group-172C83AAB92B-StateMachineUpdater: set stopIndex = 0
2019-11-13 18:48:32,600 [grpc-default-executor-1] INFO  server.GrpcServerProtocolService (GrpcServerProtocolService.java:onCompleted(113)) - e8491d14-0d10-4bdc-963d-f0280d0d8b35: Completed APPEND_ENTRIES, lastRequest: cb343498-03c0-425e-a729-2b4f8684daee->e8491d14-0d10-4bdc-963d-f0280d0d8b35#28-t2, previous=(t:2, i:0), leaderCommit=0, initializing? false, entries: <empty>
2019-11-13 18:48:32,600 [main] INFO  util.JmxRegister (JmxRegister.java:unregister(73)) - Successfully un-registered JMX Bean with object name Ratis:service=RaftServer,group=group-172C83AAB92B,id=e8491d14-0d10-4bdc-963d-f0280d0d8b35
2019-11-13 18:48:32,600 [ForkJoinPool.commonPool-worker-1] INFO  impl.RaftServerImpl (ServerState.java:close(387)) - cb343498-03c0-425e-a729-2b4f8684daee@group-172C83AAB92B: closes. applyIndex: 0
2019-11-13 18:48:32,601 [main] INFO  impl.RoleInfo (RoleInfo.java:shutdownFollowerState(121)) - e8491d14-0d10-4bdc-963d-f0280d0d8b35: shutdown FollowerState
2019-11-13 18:48:32,601 [cb343498-03c0-425e-a729-2b4f8684daee@group-172C83AAB92B-SegmentedRaftLogWorker] INFO  segmented.SegmentedRaftLogWorker (SegmentedRaftLogWorker.java:run(316)) - cb343498-03c0-425e-a729-2b4f8684daee@group-172C83AAB92B-SegmentedRaftLogWorker was interrupted, exiting. There are 0 tasks remaining in the queue.
2019-11-13 18:48:32,601 [main] INFO  impl.StateMachineUpdater (StateMachineUpdater.java:stopAndJoin(136)) - e8491d14-0d10-4bdc-963d-f0280d0d8b35@group-172C83AAB92B-StateMachineUpdater: set stopIndex = 0
2019-11-13 18:48:32,603 [ForkJoinPool.commonPool-worker-1] INFO  segmented.SegmentedRaftLogWorker (SegmentedRaftLogWorker.java:close(224)) - cb343498-03c0-425e-a729-2b4f8684daee@group-172C83AAB92B-SegmentedRaftLogWorker close()
2019-11-13 18:48:32,601 [Thread-602] INFO  impl.FollowerState (FollowerState.java:run(120)) - e8491d14-0d10-4bdc-963d-f0280d0d8b35@group-172C83AAB92B-FollowerState was interrupted: java.lang.InterruptedException: sleep interrupted
2019-11-13 18:48:32,604 [ForkJoinPool.commonPool-worker-1] INFO  server.GrpcService (GrpcService.java:closeImpl(164)) - cb343498-03c0-425e-a729-2b4f8684daee: shutdown server with port 33301 now
2019-11-13 18:48:32,603 [grpc-default-executor-1] INFO  server.GrpcLogAppender (GrpcLogAppender.java:onCompleted(308)) - cb343498-03c0-425e-a729-2b4f8684daee@group-172C83AAB92B->e8491d14-0d10-4bdc-963d-f0280d0d8b35-AppendLogResponseHandler: follower responses appendEntries COMPLETED
2019-11-13 18:48:32,603 [main] INFO  impl.RaftServerImpl (ServerState.java:close(387)) - e8491d14-0d10-4bdc-963d-f0280d0d8b35@group-172C83AAB92B: closes. applyIndex: 0
2019-11-13 18:48:32,605 [grpc-default-executor-1] INFO  impl.FollowerInfo (FollowerInfo.java:lambda$new$0(51)) - cb343498-03c0-425e-a729-2b4f8684daee@group-172C83AAB92B->e8491d14-0d10-4bdc-963d-f0280d0d8b35: nextIndex: updateUnconditionally 1 -> 0
2019-11-13 18:48:32,605 [e8491d14-0d10-4bdc-963d-f0280d0d8b35@group-172C83AAB92B-SegmentedRaftLogWorker] INFO  segmented.SegmentedRaftLogWorker (SegmentedRaftLogWorker.java:run(316)) - e8491d14-0d10-4bdc-963d-f0280d0d8b35@group-172C83AAB92B-SegmentedRaftLogWorker was interrupted, exiting. There are 0 tasks remaining in the queue.
2019-11-13 18:48:32,605 [ForkJoinPool.commonPool-worker-1] INFO  server.GrpcService (GrpcService.java:closeImpl(172)) - cb343498-03c0-425e-a729-2b4f8684daee: shutdown server with port 33301 successfully
2019-11-13 18:48:32,607 [main] INFO  segmented.SegmentedRaftLogWorker (SegmentedRaftLogWorker.java:close(224)) - e8491d14-0d10-4bdc-963d-f0280d0d8b35@group-172C83AAB92B-SegmentedRaftLogWorker close()
2019-11-13 18:48:32,608 [main] INFO  server.GrpcService (GrpcService.java:closeImpl(164)) - e8491d14-0d10-4bdc-963d-f0280d0d8b35: shutdown server with port 41564 now
2019-11-13 18:48:32,609 [main] INFO  server.GrpcService (GrpcService.java:closeImpl(172)) - e8491d14-0d10-4bdc-963d-f0280d0d8b35: shutdown server with port 41564 successfully
2019-11-13 18:48:32,614 [refreshUsed-/workdir/hadoop-ozone/integration-test/target/test-dir/MiniOzoneClusterImpl-936e8649-2eb0-4b7a-921b-5d2cce332f9c/datanode-4/data/containers] WARN  fs.CachingGetSpaceUsed (CachingGetSpaceUsed.java:run(183)) - Thread Interrupted waiting to refresh disk information: sleep interrupted
2019-11-13 18:48:32,616 [refreshUsed-/workdir/hadoop-ozone/integration-test/target/test-dir/MiniOzoneClusterImpl-936e8649-2eb0-4b7a-921b-5d2cce332f9c/datanode-8/data/containers] WARN  fs.CachingGetSpaceUsed (CachingGetSpaceUsed.java:run(183)) - Thread Interrupted waiting to refresh disk information: sleep interrupted
2019-11-13 18:48:32,632 [main] INFO  utils.BackgroundService (BackgroundService.java:shutdown(151)) - Shutting down service BlockDeletingService
2019-11-13 18:48:32,636 [main] INFO  statemachine.DatanodeStateMachine (DatanodeStateMachine.java:stopDaemon(395)) - Ozone container server stopped.
2019-11-13 18:48:32,637 [main] INFO  handler.ContextHandler (ContextHandler.java:doStop(910)) - Stopped o.e.j.w.WebAppContext@1e1e9ef3{/,null,UNAVAILABLE}{/hddsDatanode}
2019-11-13 18:48:32,638 [ForkJoinPool.commonPool-worker-1] INFO  utils.BackgroundService (BackgroundService.java:shutdown(151)) - Shutting down service BlockDeletingService
2019-11-13 18:48:32,638 [main] INFO  server.AbstractConnector (AbstractConnector.java:doStop(318)) - Stopped ServerConnector@3dd31157{HTTP/1.1,[http/1.1]}{0.0.0.0:0}
2019-11-13 18:48:32,640 [main] INFO  handler.ContextHandler (ContextHandler.java:doStop(910)) - Stopped o.e.j.s.ServletContextHandler@7afc4db9{/static,jar:file:/home/user/.m2/repository/org/apache/hadoop/hadoop-hdds-container-service/0.5.0-SNAPSHOT/hadoop-hdds-container-service-0.5.0-SNAPSHOT.jar!/webapps/static,UNAVAILABLE}
2019-11-13 18:48:32,641 [ForkJoinPool.commonPool-worker-1] INFO  statemachine.DatanodeStateMachine (DatanodeStateMachine.java:stopDaemon(395)) - Ozone container server stopped.
2019-11-13 18:48:32,641 [main] INFO  handler.ContextHandler (ContextHandler.java:doStop(910)) - Stopped o.e.j.s.ServletContextHandler@ae2db25{/logs,file:///workdir/hadoop-ozone/integration-test/target/log,UNAVAILABLE}
2019-11-13 18:48:32,645 [ForkJoinPool.commonPool-worker-1] INFO  handler.ContextHandler (ContextHandler.java:doStop(910)) - Stopped o.e.j.w.WebAppContext@b52b755{/,null,UNAVAILABLE}{/hddsDatanode}
2019-11-13 18:48:32,646 [ForkJoinPool.commonPool-worker-1] INFO  server.AbstractConnector (AbstractConnector.java:doStop(318)) - Stopped ServerConnector@a098d76{HTTP/1.1,[http/1.1]}{0.0.0.0:0}
2019-11-13 18:48:32,647 [ForkJoinPool.commonPool-worker-1] INFO  handler.ContextHandler (ContextHandler.java:doStop(910)) - Stopped o.e.j.s.ServletContextHandler@65e21ce3{/static,jar:file:/home/user/.m2/repository/org/apache/hadoop/hadoop-hdds-container-service/0.5.0-SNAPSHOT/hadoop-hdds-container-service-0.5.0-SNAPSHOT.jar!/webapps/static,UNAVAILABLE}
2019-11-13 18:48:32,648 [ForkJoinPool.commonPool-worker-1] INFO  handler.ContextHandler (ContextHandler.java:doStop(910)) - Stopped o.e.j.s.ServletContextHandler@7fe82967{/logs,file:///workdir/hadoop-ozone/integration-test/target/log,UNAVAILABLE}
2019-11-13 18:48:32,802 [grpc-default-executor-0] WARN  server.GrpcLogAppender (LogUtils.java:warn(134)) - 9ee498fb-dbd1-4b89-b28c-40ca18800c49@group-CEC72933519B->19b56e57-c404-4271-b4fe-c6c2e842ae91-AppendLogResponseHandler: Failed appendEntries: org.apache.ratis.thirdparty.io.grpc.StatusRuntimeException: UNAVAILABLE: io exception
2019-11-13 18:48:32,803 [grpc-default-executor-0] INFO  impl.FollowerInfo (FollowerInfo.java:lambda$new$0(51)) - 9ee498fb-dbd1-4b89-b28c-40ca18800c49@group-CEC72933519B->19b56e57-c404-4271-b4fe-c6c2e842ae91: nextIndex: updateUnconditionally 0 -> 0
2019-11-13 18:48:32,808 [grpc-default-executor-2] WARN  server.GrpcLogAppender (LogUtils.java:warn(134)) - 8a346eb0-433c-4f64-9a22-d40a83dee003@group-9622AD8B65B5->694477cc-c317-4cd0-89bd-f326ada4a5ba-AppendLogResponseHandler: Failed appendEntries: org.apache.ratis.thirdparty.io.grpc.StatusRuntimeException: UNAVAILABLE: io exception
2019-11-13 18:48:32,808 [grpc-default-executor-2] INFO  impl.FollowerInfo (FollowerInfo.java:lambda$new$0(51)) - 8a346eb0-433c-4f64-9a22-d40a83dee003@group-9622AD8B65B5->694477cc-c317-4cd0-89bd-f326ada4a5ba: nextIndex: updateUnconditionally 0 -> 0
2019-11-13 18:48:32,829 [grpc-default-executor-1] WARN  server.GrpcLogAppender (LogUtils.java:warn(134)) - 9ee498fb-dbd1-4b89-b28c-40ca18800c49@group-CEC72933519B->9582de44-b510-4bf6-b692-b66075a27588-AppendLogResponseHandler: Failed appendEntries: org.apache.ratis.thirdparty.io.grpc.StatusRuntimeException: UNAVAILABLE: io exception
2019-11-13 18:48:32,830 [grpc-default-executor-1] INFO  impl.FollowerInfo (FollowerInfo.java:lambda$new$0(51)) - 9ee498fb-dbd1-4b89-b28c-40ca18800c49@group-CEC72933519B->9582de44-b510-4bf6-b692-b66075a27588: nextIndex: updateUnconditionally 0 -> 0
2019-11-13 18:48:33,073 [Datanode State Machine Thread - 0] INFO  statemachine.DatanodeStateMachine (DatanodeStateMachine.java:lambda$startDaemon$0(350)) - Ozone container server started.
2019-11-13 18:48:33,304 [grpc-default-executor-0] WARN  server.GrpcLogAppender (LogUtils.java:warn(134)) - 9ee498fb-dbd1-4b89-b28c-40ca18800c49@group-CEC72933519B->19b56e57-c404-4271-b4fe-c6c2e842ae91-AppendLogResponseHandler: Failed appendEntries: org.apache.ratis.thirdparty.io.grpc.StatusRuntimeException: UNAVAILABLE: io exception
2019-11-13 18:48:33,304 [grpc-default-executor-0] INFO  impl.FollowerInfo (FollowerInfo.java:lambda$new$0(51)) - 9ee498fb-dbd1-4b89-b28c-40ca18800c49@group-CEC72933519B->19b56e57-c404-4271-b4fe-c6c2e842ae91: nextIndex: updateUnconditionally 0 -> 0
2019-11-13 18:48:33,309 [grpc-default-executor-2] WARN  server.GrpcLogAppender (LogUtils.java:warn(134)) - 8a346eb0-433c-4f64-9a22-d40a83dee003@group-9622AD8B65B5->694477cc-c317-4cd0-89bd-f326ada4a5ba-AppendLogResponseHandler: Failed appendEntries: org.apache.ratis.thirdparty.io.grpc.StatusRuntimeException: UNAVAILABLE: io exception
2019-11-13 18:48:33,310 [grpc-default-executor-2] INFO  impl.FollowerInfo (FollowerInfo.java:lambda$new$0(51)) - 8a346eb0-433c-4f64-9a22-d40a83dee003@group-9622AD8B65B5->694477cc-c317-4cd0-89bd-f326ada4a5ba: nextIndex: updateUnconditionally 0 -> 0
2019-11-13 18:48:33,331 [grpc-default-executor-1] WARN  server.GrpcLogAppender (LogUtils.java:warn(134)) - 9ee498fb-dbd1-4b89-b28c-40ca18800c49@group-CEC72933519B->9582de44-b510-4bf6-b692-b66075a27588-AppendLogResponseHandler: Failed appendEntries: org.apache.ratis.thirdparty.io.grpc.StatusRuntimeException: UNAVAILABLE: io exception
2019-11-13 18:48:33,331 [grpc-default-executor-1] INFO  impl.FollowerInfo (FollowerInfo.java:lambda$new$0(51)) - 9ee498fb-dbd1-4b89-b28c-40ca18800c49@group-CEC72933519B->9582de44-b510-4bf6-b692-b66075a27588: nextIndex: updateUnconditionally 0 -> 0
2019-11-13 18:48:33,607 [Datanode State Machine Thread - 0] INFO  statemachine.DatanodeStateMachine (DatanodeStateMachine.java:lambda$startDaemon$0(350)) - Ozone container server started.
2019-11-13 18:48:33,805 [grpc-default-executor-1] WARN  server.GrpcLogAppender (LogUtils.java:warn(134)) - 9ee498fb-dbd1-4b89-b28c-40ca18800c49@group-CEC72933519B->19b56e57-c404-4271-b4fe-c6c2e842ae91-AppendLogResponseHandler: Failed appendEntries: org.apache.ratis.thirdparty.io.grpc.StatusRuntimeException: UNAVAILABLE: io exception
2019-11-13 18:48:33,805 [grpc-default-executor-1] INFO  impl.FollowerInfo (FollowerInfo.java:lambda$new$0(51)) - 9ee498fb-dbd1-4b89-b28c-40ca18800c49@group-CEC72933519B->19b56e57-c404-4271-b4fe-c6c2e842ae91: nextIndex: updateUnconditionally 0 -> 0
2019-11-13 18:48:33,810 [grpc-default-executor-0] WARN  server.GrpcLogAppender (LogUtils.java:warn(134)) - 8a346eb0-433c-4f64-9a22-d40a83dee003@group-9622AD8B65B5->694477cc-c317-4cd0-89bd-f326ada4a5ba-AppendLogResponseHandler: Failed appendEntries: org.apache.ratis.thirdparty.io.grpc.StatusRuntimeException: UNAVAILABLE: io exception
2019-11-13 18:48:33,810 [grpc-default-executor-0] INFO  impl.FollowerInfo (FollowerInfo.java:lambda$new$0(51)) - 8a346eb0-433c-4f64-9a22-d40a83dee003@group-9622AD8B65B5->694477cc-c317-4cd0-89bd-f326ada4a5ba: nextIndex: updateUnconditionally 0 -> 0
2019-11-13 18:48:33,832 [grpc-default-executor-2] WARN  server.GrpcLogAppender (LogUtils.java:warn(134)) - 9ee498fb-dbd1-4b89-b28c-40ca18800c49@group-CEC72933519B->9582de44-b510-4bf6-b692-b66075a27588-AppendLogResponseHandler: Failed appendEntries: org.apache.ratis.thirdparty.io.grpc.StatusRuntimeException: UNAVAILABLE: io exception
2019-11-13 18:48:33,832 [grpc-default-executor-2] INFO  impl.FollowerInfo (FollowerInfo.java:lambda$new$0(51)) - 9ee498fb-dbd1-4b89-b28c-40ca18800c49@group-CEC72933519B->9582de44-b510-4bf6-b692-b66075a27588: nextIndex: updateUnconditionally 0 -> 0
2019-11-13 18:48:34,306 [grpc-default-executor-1] WARN  server.GrpcLogAppender (LogUtils.java:warn(134)) - 9ee498fb-dbd1-4b89-b28c-40ca18800c49@group-CEC72933519B->19b56e57-c404-4271-b4fe-c6c2e842ae91-AppendLogResponseHandler: Failed appendEntries: org.apache.ratis.thirdparty.io.grpc.StatusRuntimeException: UNAVAILABLE: io exception
2019-11-13 18:48:34,306 [grpc-default-executor-1] INFO  impl.FollowerInfo (FollowerInfo.java:lambda$new$0(51)) - 9ee498fb-dbd1-4b89-b28c-40ca18800c49@group-CEC72933519B->19b56e57-c404-4271-b4fe-c6c2e842ae91: nextIndex: updateUnconditionally 0 -> 0
2019-11-13 18:48:34,311 [grpc-default-executor-2] WARN  server.GrpcLogAppender (LogUtils.java:warn(134)) - 8a346eb0-433c-4f64-9a22-d40a83dee003@group-9622AD8B65B5->694477cc-c317-4cd0-89bd-f326ada4a5ba-AppendLogResponseHandler: Failed appendEntries: org.apache.ratis.thirdparty.io.grpc.StatusRuntimeException: UNAVAILABLE: io exception
2019-11-13 18:48:34,311 [grpc-default-executor-2] INFO  impl.FollowerInfo (FollowerInfo.java:lambda$new$0(51)) - 8a346eb0-433c-4f64-9a22-d40a83dee003@group-9622AD8B65B5->694477cc-c317-4cd0-89bd-f326ada4a5ba: nextIndex: updateUnconditionally 0 -> 0
2019-11-13 18:48:34,333 [grpc-default-executor-0] WARN  server.GrpcLogAppender (LogUtils.java:warn(134)) - 9ee498fb-dbd1-4b89-b28c-40ca18800c49@group-CEC72933519B->9582de44-b510-4bf6-b692-b66075a27588-AppendLogResponseHandler: Failed appendEntries: org.apache.ratis.thirdparty.io.grpc.StatusRuntimeException: UNAVAILABLE: io exception
2019-11-13 18:48:34,334 [grpc-default-executor-0] INFO  impl.FollowerInfo (FollowerInfo.java:lambda$new$0(51)) - 9ee498fb-dbd1-4b89-b28c-40ca18800c49@group-CEC72933519B->9582de44-b510-4bf6-b692-b66075a27588: nextIndex: updateUnconditionally 0 -> 0
2019-11-13 18:48:34,807 [grpc-default-executor-1] WARN  server.GrpcLogAppender (LogUtils.java:warn(134)) - 9ee498fb-dbd1-4b89-b28c-40ca18800c49@group-CEC72933519B->19b56e57-c404-4271-b4fe-c6c2e842ae91-AppendLogResponseHandler: Failed appendEntries: org.apache.ratis.thirdparty.io.grpc.StatusRuntimeException: UNAVAILABLE: io exception
2019-11-13 18:48:34,807 [grpc-default-executor-1] INFO  impl.FollowerInfo (FollowerInfo.java:lambda$new$0(51)) - 9ee498fb-dbd1-4b89-b28c-40ca18800c49@group-CEC72933519B->19b56e57-c404-4271-b4fe-c6c2e842ae91: nextIndex: updateUnconditionally 0 -> 0
2019-11-13 18:48:34,812 [grpc-default-executor-1] WARN  server.GrpcLogAppender (LogUtils.java:warn(134)) - 8a346eb0-433c-4f64-9a22-d40a83dee003@group-9622AD8B65B5->694477cc-c317-4cd0-89bd-f326ada4a5ba-AppendLogResponseHandler: Failed appendEntries: org.apache.ratis.thirdparty.io.grpc.StatusRuntimeException: UNAVAILABLE: io exception
2019-11-13 18:48:34,812 [grpc-default-executor-1] INFO  impl.FollowerInfo (FollowerInfo.java:lambda$new$0(51)) - 8a346eb0-433c-4f64-9a22-d40a83dee003@group-9622AD8B65B5->694477cc-c317-4cd0-89bd-f326ada4a5ba: nextIndex: updateUnconditionally 0 -> 0
2019-11-13 18:48:34,834 [grpc-default-executor-1] WARN  server.GrpcLogAppender (LogUtils.java:warn(134)) - 9ee498fb-dbd1-4b89-b28c-40ca18800c49@group-CEC72933519B->9582de44-b510-4bf6-b692-b66075a27588-AppendLogResponseHandler: Failed appendEntries: org.apache.ratis.thirdparty.io.grpc.StatusRuntimeException: UNAVAILABLE: io exception
2019-11-13 18:48:34,835 [grpc-default-executor-1] INFO  impl.FollowerInfo (FollowerInfo.java:lambda$new$0(51)) - 9ee498fb-dbd1-4b89-b28c-40ca18800c49@group-CEC72933519B->9582de44-b510-4bf6-b692-b66075a27588: nextIndex: updateUnconditionally 0 -> 0
2019-11-13 18:48:35,308 [grpc-default-executor-1] WARN  server.GrpcLogAppender (LogUtils.java:warn(134)) - 9ee498fb-dbd1-4b89-b28c-40ca18800c49@group-CEC72933519B->19b56e57-c404-4271-b4fe-c6c2e842ae91-AppendLogResponseHandler: Failed appendEntries: org.apache.ratis.thirdparty.io.grpc.StatusRuntimeException: UNAVAILABLE: io exception
2019-11-13 18:48:35,308 [grpc-default-executor-1] INFO  impl.FollowerInfo (FollowerInfo.java:lambda$new$0(51)) - 9ee498fb-dbd1-4b89-b28c-40ca18800c49@group-CEC72933519B->19b56e57-c404-4271-b4fe-c6c2e842ae91: nextIndex: updateUnconditionally 0 -> 0
2019-11-13 18:48:35,312 [grpc-default-executor-2] WARN  server.GrpcLogAppender (LogUtils.java:warn(134)) - 8a346eb0-433c-4f64-9a22-d40a83dee003@group-9622AD8B65B5->694477cc-c317-4cd0-89bd-f326ada4a5ba-AppendLogResponseHandler: Failed appendEntries: org.apache.ratis.thirdparty.io.grpc.StatusRuntimeException: UNAVAILABLE: io exception
2019-11-13 18:48:35,312 [grpc-default-executor-2] INFO  impl.FollowerInfo (FollowerInfo.java:lambda$new$0(51)) - 8a346eb0-433c-4f64-9a22-d40a83dee003@group-9622AD8B65B5->694477cc-c317-4cd0-89bd-f326ada4a5ba: nextIndex: updateUnconditionally 0 -> 0
2019-11-13 18:48:35,335 [grpc-default-executor-0] WARN  server.GrpcLogAppender (LogUtils.java:warn(134)) - 9ee498fb-dbd1-4b89-b28c-40ca18800c49@group-CEC72933519B->9582de44-b510-4bf6-b692-b66075a27588-AppendLogResponseHandler: Failed appendEntries: org.apache.ratis.thirdparty.io.grpc.StatusRuntimeException: UNAVAILABLE: io exception
2019-11-13 18:48:35,336 [grpc-default-executor-0] INFO  impl.FollowerInfo (FollowerInfo.java:lambda$new$0(51)) - 9ee498fb-dbd1-4b89-b28c-40ca18800c49@group-CEC72933519B->9582de44-b510-4bf6-b692-b66075a27588: nextIndex: updateUnconditionally 0 -> 0
2019-11-13 18:48:35,812 [grpc-default-executor-0] WARN  server.GrpcLogAppender (LogUtils.java:warn(134)) - 9ee498fb-dbd1-4b89-b28c-40ca18800c49@group-CEC72933519B->19b56e57-c404-4271-b4fe-c6c2e842ae91-AppendLogResponseHandler: Failed appendEntries: org.apache.ratis.thirdparty.io.grpc.StatusRuntimeException: UNAVAILABLE: io exception
2019-11-13 18:48:35,812 [grpc-default-executor-3] WARN  server.GrpcLogAppender (LogUtils.java:warn(134)) - 8a346eb0-433c-4f64-9a22-d40a83dee003@group-9622AD8B65B5->694477cc-c317-4cd0-89bd-f326ada4a5ba-AppendLogResponseHandler: Failed appendEntries: org.apache.ratis.thirdparty.io.grpc.StatusRuntimeException: UNAVAILABLE: io exception
2019-11-13 18:48:35,813 [grpc-default-executor-0] INFO  impl.FollowerInfo (FollowerInfo.java:lambda$new$0(51)) - 9ee498fb-dbd1-4b89-b28c-40ca18800c49@group-CEC72933519B->19b56e57-c404-4271-b4fe-c6c2e842ae91: nextIndex: updateUnconditionally 0 -> 0
2019-11-13 18:48:35,813 [grpc-default-executor-3] INFO  impl.FollowerInfo (FollowerInfo.java:lambda$new$0(51)) - 8a346eb0-433c-4f64-9a22-d40a83dee003@group-9622AD8B65B5->694477cc-c317-4cd0-89bd-f326ada4a5ba: nextIndex: updateUnconditionally 0 -> 0
2019-11-13 18:48:35,836 [grpc-default-executor-2] WARN  server.GrpcLogAppender (LogUtils.java:warn(134)) - 9ee498fb-dbd1-4b89-b28c-40ca18800c49@group-CEC72933519B->9582de44-b510-4bf6-b692-b66075a27588-AppendLogResponseHandler: Failed appendEntries: org.apache.ratis.thirdparty.io.grpc.StatusRuntimeException: UNAVAILABLE: io exception
2019-11-13 18:48:35,837 [grpc-default-executor-2] INFO  impl.FollowerInfo (FollowerInfo.java:lambda$new$0(51)) - 9ee498fb-dbd1-4b89-b28c-40ca18800c49@group-CEC72933519B->9582de44-b510-4bf6-b692-b66075a27588: nextIndex: updateUnconditionally 0 -> 0
2019-11-13 18:48:36,313 [grpc-default-executor-0] WARN  server.GrpcLogAppender (LogUtils.java:warn(134)) - 9ee498fb-dbd1-4b89-b28c-40ca18800c49@group-CEC72933519B->19b56e57-c404-4271-b4fe-c6c2e842ae91-AppendLogResponseHandler: Failed appendEntries: org.apache.ratis.thirdparty.io.grpc.StatusRuntimeException: UNAVAILABLE: io exception
2019-11-13 18:48:36,314 [grpc-default-executor-1] WARN  server.GrpcLogAppender (LogUtils.java:warn(134)) - 8a346eb0-433c-4f64-9a22-d40a83dee003@group-9622AD8B65B5->694477cc-c317-4cd0-89bd-f326ada4a5ba-AppendLogResponseHandler: Failed appendEntries: org.apache.ratis.thirdparty.io.grpc.StatusRuntimeException: UNAVAILABLE: io exception
2019-11-13 18:48:36,314 [grpc-default-executor-0] INFO  impl.FollowerInfo (FollowerInfo.java:lambda$new$0(51)) - 9ee498fb-dbd1-4b89-b28c-40ca18800c49@group-CEC72933519B->19b56e57-c404-4271-b4fe-c6c2e842ae91: nextIndex: updateUnconditionally 0 -> 0
2019-11-13 18:48:36,314 [grpc-default-executor-1] INFO  impl.FollowerInfo (FollowerInfo.java:lambda$new$0(51)) - 8a346eb0-433c-4f64-9a22-d40a83dee003@group-9622AD8B65B5->694477cc-c317-4cd0-89bd-f326ada4a5ba: nextIndex: updateUnconditionally 0 -> 0
2019-11-13 18:48:36,337 [grpc-default-executor-3] WARN  server.GrpcLogAppender (LogUtils.java:warn(134)) - 9ee498fb-dbd1-4b89-b28c-40ca18800c49@group-CEC72933519B->9582de44-b510-4bf6-b692-b66075a27588-AppendLogResponseHandler: Failed appendEntries: org.apache.ratis.thirdparty.io.grpc.StatusRuntimeException: UNAVAILABLE: io exception
2019-11-13 18:48:36,337 [grpc-default-executor-3] INFO  impl.FollowerInfo (FollowerInfo.java:lambda$new$0(51)) - 9ee498fb-dbd1-4b89-b28c-40ca18800c49@group-CEC72933519B->9582de44-b510-4bf6-b692-b66075a27588: nextIndex: updateUnconditionally 0 -> 0
2019-11-13 18:48:36,814 [grpc-default-executor-1] WARN  server.GrpcLogAppender (LogUtils.java:warn(134)) - 9ee498fb-dbd1-4b89-b28c-40ca18800c49@group-CEC72933519B->19b56e57-c404-4271-b4fe-c6c2e842ae91-AppendLogResponseHandler: Failed appendEntries: org.apache.ratis.thirdparty.io.grpc.StatusRuntimeException: UNAVAILABLE: io exception
2019-11-13 18:48:36,814 [grpc-default-executor-2] WARN  server.GrpcLogAppender (LogUtils.java:warn(134)) - 8a346eb0-433c-4f64-9a22-d40a83dee003@group-9622AD8B65B5->694477cc-c317-4cd0-89bd-f326ada4a5ba-AppendLogResponseHandler: Failed appendEntries: org.apache.ratis.thirdparty.io.grpc.StatusRuntimeException: UNAVAILABLE: io exception
2019-11-13 18:48:36,815 [grpc-default-executor-1] INFO  impl.FollowerInfo (FollowerInfo.java:lambda$new$0(51)) - 9ee498fb-dbd1-4b89-b28c-40ca18800c49@group-CEC72933519B->19b56e57-c404-4271-b4fe-c6c2e842ae91: nextIndex: updateUnconditionally 0 -> 0
2019-11-13 18:48:36,815 [grpc-default-executor-2] INFO  impl.FollowerInfo (FollowerInfo.java:lambda$new$0(51)) - 8a346eb0-433c-4f64-9a22-d40a83dee003@group-9622AD8B65B5->694477cc-c317-4cd0-89bd-f326ada4a5ba: nextIndex: updateUnconditionally 0 -> 0
2019-11-13 18:48:36,838 [grpc-default-executor-0] WARN  server.GrpcLogAppender (LogUtils.java:warn(134)) - 9ee498fb-dbd1-4b89-b28c-40ca18800c49@group-CEC72933519B->9582de44-b510-4bf6-b692-b66075a27588-AppendLogResponseHandler: Failed appendEntries: org.apache.ratis.thirdparty.io.grpc.StatusRuntimeException: UNAVAILABLE: io exception
2019-11-13 18:48:36,839 [grpc-default-executor-0] INFO  impl.FollowerInfo (FollowerInfo.java:lambda$new$0(51)) - 9ee498fb-dbd1-4b89-b28c-40ca18800c49@group-CEC72933519B->9582de44-b510-4bf6-b692-b66075a27588: nextIndex: updateUnconditionally 0 -> 0
2019-11-13 18:48:37,316 [grpc-default-executor-5] WARN  server.GrpcLogAppender (LogUtils.java:warn(134)) - 9ee498fb-dbd1-4b89-b28c-40ca18800c49@group-CEC72933519B->19b56e57-c404-4271-b4fe-c6c2e842ae91-AppendLogResponseHandler: Failed appendEntries: org.apache.ratis.thirdparty.io.grpc.StatusRuntimeException: UNAVAILABLE: io exception
2019-11-13 18:48:37,316 [grpc-default-executor-4] WARN  server.GrpcLogAppender (LogUtils.java:warn(134)) - 8a346eb0-433c-4f64-9a22-d40a83dee003@group-9622AD8B65B5->694477cc-c317-4cd0-89bd-f326ada4a5ba-AppendLogResponseHandler: Failed appendEntries: org.apache.ratis.thirdparty.io.grpc.StatusRuntimeException: UNAVAILABLE: io exception
2019-11-13 18:48:37,317 [grpc-default-executor-5] INFO  impl.FollowerInfo (FollowerInfo.java:lambda$new$0(51)) - 9ee498fb-dbd1-4b89-b28c-40ca18800c49@group-CEC72933519B->19b56e57-c404-4271-b4fe-c6c2e842ae91: nextIndex: updateUnconditionally 0 -> 0
2019-11-13 18:48:37,317 [grpc-default-executor-4] INFO  impl.FollowerInfo (FollowerInfo.java:lambda$new$0(51)) - 8a346eb0-433c-4f64-9a22-d40a83dee003@group-9622AD8B65B5->694477cc-c317-4cd0-89bd-f326ada4a5ba: nextIndex: updateUnconditionally 0 -> 0
2019-11-13 18:48:37,339 [grpc-default-executor-0] WARN  server.GrpcLogAppender (LogUtils.java:warn(134)) - 9ee498fb-dbd1-4b89-b28c-40ca18800c49@group-CEC72933519B->9582de44-b510-4bf6-b692-b66075a27588-AppendLogResponseHandler: Failed appendEntries: org.apache.ratis.thirdparty.io.grpc.StatusRuntimeException: UNAVAILABLE: io exception
2019-11-13 18:48:37,340 [grpc-default-executor-0] INFO  impl.FollowerInfo (FollowerInfo.java:lambda$new$0(51)) - 9ee498fb-dbd1-4b89-b28c-40ca18800c49@group-CEC72933519B->9582de44-b510-4bf6-b692-b66075a27588: nextIndex: updateUnconditionally 0 -> 0
2019-11-13 18:48:37,646 [main] INFO  ozoneimpl.OzoneContainer (OzoneContainer.java:stop(244)) - Attempting to stop container services.
2019-11-13 18:48:37,647 [main] INFO  impl.RaftServerProxy (RaftServerProxy.java:lambda$close$4(314)) - 6a4d2be6-9424-4ae4-9e09-f01b73daf36a: close
2019-11-13 18:48:37,647 [main] INFO  impl.RaftServerImpl (RaftServerImpl.java:lambda$shutdown$3(250)) - 6a4d2be6-9424-4ae4-9e09-f01b73daf36a@group-BAECA272C190: shutdown
2019-11-13 18:48:37,648 [main] INFO  util.JmxRegister (JmxRegister.java:unregister(73)) - Successfully un-registered JMX Bean with object name Ratis:service=RaftServer,group=group-BAECA272C190,id=6a4d2be6-9424-4ae4-9e09-f01b73daf36a
2019-11-13 18:48:37,648 [main] INFO  impl.RoleInfo (RoleInfo.java:shutdownLeaderState(104)) - 6a4d2be6-9424-4ae4-9e09-f01b73daf36a: shutdown LeaderState
2019-11-13 18:48:37,648 [main] INFO  impl.PendingRequests (PendingRequests.java:sendNotLeaderResponses(206)) - 6a4d2be6-9424-4ae4-9e09-f01b73daf36a@group-BAECA272C190-PendingRequests: sendNotLeaderResponses
2019-11-13 18:48:37,649 [ForkJoinPool.commonPool-worker-1] INFO  ozoneimpl.OzoneContainer (OzoneContainer.java:stop(244)) - Attempting to stop container services.
2019-11-13 18:48:37,649 [main] INFO  impl.StateMachineUpdater (StateMachineUpdater.java:stopAndJoin(136)) - 6a4d2be6-9424-4ae4-9e09-f01b73daf36a@group-BAECA272C190-StateMachineUpdater: set stopIndex = 0
2019-11-13 18:48:37,649 [ForkJoinPool.commonPool-worker-1] INFO  impl.RaftServerProxy (RaftServerProxy.java:lambda$close$4(314)) - 8a346eb0-433c-4f64-9a22-d40a83dee003: close
2019-11-13 18:48:37,650 [main] INFO  impl.RaftServerImpl (ServerState.java:close(387)) - 6a4d2be6-9424-4ae4-9e09-f01b73daf36a@group-BAECA272C190: closes. applyIndex: 0
2019-11-13 18:48:37,650 [ForkJoinPool.commonPool-worker-1] INFO  impl.RaftServerImpl (RaftServerImpl.java:lambda$shutdown$3(250)) - 8a346eb0-433c-4f64-9a22-d40a83dee003@group-9622AD8B65B5: shutdown
2019-11-13 18:48:37,650 [ForkJoinPool.commonPool-worker-1] INFO  util.JmxRegister (JmxRegister.java:unregister(73)) - Successfully un-registered JMX Bean with object name Ratis:service=RaftServer,group=group-9622AD8B65B5,id=8a346eb0-433c-4f64-9a22-d40a83dee003
2019-11-13 18:48:37,650 [6a4d2be6-9424-4ae4-9e09-f01b73daf36a@group-BAECA272C190-SegmentedRaftLogWorker] INFO  segmented.SegmentedRaftLogWorker (SegmentedRaftLogWorker.java:run(316)) - 6a4d2be6-9424-4ae4-9e09-f01b73daf36a@group-BAECA272C190-SegmentedRaftLogWorker was interrupted, exiting. There are 0 tasks remaining in the queue.
2019-11-13 18:48:37,650 [ForkJoinPool.commonPool-worker-1] INFO  impl.RoleInfo (RoleInfo.java:shutdownLeaderState(104)) - 8a346eb0-433c-4f64-9a22-d40a83dee003: shutdown LeaderState
2019-11-13 18:48:37,654 [org.apache.ratis.server.impl.LogAppender$AppenderDaemon$$Lambda$487/584218662@ef08545] WARN  server.GrpcLogAppender (GrpcLogAppender.java:mayWait(151)) - 8a346eb0-433c-4f64-9a22-d40a83dee003@group-9622AD8B65B5->6a4d2be6-9424-4ae4-9e09-f01b73daf36a-GrpcLogAppender: Wait interrupted by java.lang.InterruptedException
2019-11-13 18:48:37,654 [ForkJoinPool.commonPool-worker-1] INFO  impl.PendingRequests (PendingRequests.java:sendNotLeaderResponses(206)) - 8a346eb0-433c-4f64-9a22-d40a83dee003@group-9622AD8B65B5-PendingRequests: sendNotLeaderResponses
2019-11-13 18:48:37,654 [org.apache.ratis.server.impl.LogAppender$AppenderDaemon$$Lambda$487/584218662@4bf21aff] WARN  server.GrpcLogAppender (GrpcLogAppender.java:mayWait(151)) - 8a346eb0-433c-4f64-9a22-d40a83dee003@group-9622AD8B65B5->694477cc-c317-4cd0-89bd-f326ada4a5ba-GrpcLogAppender: Wait interrupted by java.lang.InterruptedException
2019-11-13 18:48:37,655 [grpc-default-executor-0] INFO  server.GrpcServerProtocolService (GrpcServerProtocolService.java:onCompleted(113)) - 6a4d2be6-9424-4ae4-9e09-f01b73daf36a: Completed APPEND_ENTRIES, lastRequest: 8a346eb0-433c-4f64-9a22-d40a83dee003->6a4d2be6-9424-4ae4-9e09-f01b73daf36a#55-t1, previous=(t:1, i:14), leaderCommit=14, initializing? false, entries: <empty>
2019-11-13 18:48:37,656 [ForkJoinPool.commonPool-worker-1] INFO  impl.StateMachineUpdater (StateMachineUpdater.java:stopAndJoin(136)) - 8a346eb0-433c-4f64-9a22-d40a83dee003@group-9622AD8B65B5-StateMachineUpdater: set stopIndex = 14
2019-11-13 18:48:37,656 [8a346eb0-433c-4f64-9a22-d40a83dee003@group-9622AD8B65B5-StateMachineUpdater] INFO  ratis.ContainerStateMachine (ContainerStateMachine.java:takeSnapshot(285)) - group-9622AD8B65B5: Taking a snapshot at:(t:1, i:12) file /workdir/hadoop-ozone/integration-test/target/test-dir/MiniOzoneClusterImpl-936e8649-2eb0-4b7a-921b-5d2cce332f9c/datanode-0/data/ratis/f2cbbdf9-338b-4895-87e7-9622ad8b65b5/sm/snapshot.1_12
2019-11-13 18:48:37,657 [grpc-default-executor-0] INFO  server.GrpcLogAppender (GrpcLogAppender.java:onCompleted(308)) - 8a346eb0-433c-4f64-9a22-d40a83dee003@group-9622AD8B65B5->6a4d2be6-9424-4ae4-9e09-f01b73daf36a-AppendLogResponseHandler: follower responses appendEntries COMPLETED
2019-11-13 18:48:37,657 [grpc-default-executor-0] INFO  impl.FollowerInfo (FollowerInfo.java:lambda$new$0(51)) - 8a346eb0-433c-4f64-9a22-d40a83dee003@group-9622AD8B65B5->6a4d2be6-9424-4ae4-9e09-f01b73daf36a: nextIndex: updateUnconditionally 15 -> 14
2019-11-13 18:48:37,661 [main] INFO  segmented.SegmentedRaftLogWorker (SegmentedRaftLogWorker.java:close(224)) - 6a4d2be6-9424-4ae4-9e09-f01b73daf36a@group-BAECA272C190-SegmentedRaftLogWorker close()
2019-11-13 18:48:37,664 [main] INFO  impl.RaftServerImpl (RaftServerImpl.java:lambda$shutdown$3(250)) - 6a4d2be6-9424-4ae4-9e09-f01b73daf36a@group-9622AD8B65B5: shutdown
2019-11-13 18:48:37,664 [8a346eb0-433c-4f64-9a22-d40a83dee003@group-9622AD8B65B5-StateMachineUpdater] INFO  ratis.ContainerStateMachine (ContainerStateMachine.java:takeSnapshot(296)) - group-9622AD8B65B5: Finished taking a snapshot at:(t:1, i:12) file:/workdir/hadoop-ozone/integration-test/target/test-dir/MiniOzoneClusterImpl-936e8649-2eb0-4b7a-921b-5d2cce332f9c/datanode-0/data/ratis/f2cbbdf9-338b-4895-87e7-9622ad8b65b5/sm/snapshot.1_12 time:8
2019-11-13 18:48:37,664 [main] INFO  util.JmxRegister (JmxRegister.java:unregister(73)) - Successfully un-registered JMX Bean with object name Ratis:service=RaftServer,group=group-9622AD8B65B5,id=6a4d2be6-9424-4ae4-9e09-f01b73daf36a
2019-11-13 18:48:37,665 [8a346eb0-433c-4f64-9a22-d40a83dee003@group-9622AD8B65B5-StateMachineUpdater] INFO  impl.StateMachineUpdater (StateMachineUpdater.java:takeSnapshot(269)) - 8a346eb0-433c-4f64-9a22-d40a83dee003@group-9622AD8B65B5-StateMachineUpdater: Took a snapshot at index 12
2019-11-13 18:48:37,665 [main] INFO  impl.RoleInfo (RoleInfo.java:shutdownFollowerState(121)) - 6a4d2be6-9424-4ae4-9e09-f01b73daf36a: shutdown FollowerState
2019-11-13 18:48:37,665 [8a346eb0-433c-4f64-9a22-d40a83dee003@group-9622AD8B65B5-StateMachineUpdater] INFO  impl.StateMachineUpdater (StateMachineUpdater.java:lambda$new$0(84)) - 8a346eb0-433c-4f64-9a22-d40a83dee003@group-9622AD8B65B5-StateMachineUpdater: snapshotIndex: updateIncreasingly -1 -> 12
2019-11-13 18:48:37,665 [Thread-460] INFO  impl.FollowerState (FollowerState.java:run(120)) - 6a4d2be6-9424-4ae4-9e09-f01b73daf36a@group-9622AD8B65B5-FollowerState was interrupted: java.lang.InterruptedException: sleep interrupted
2019-11-13 18:48:37,665 [main] INFO  impl.StateMachineUpdater (StateMachineUpdater.java:stopAndJoin(136)) - 6a4d2be6-9424-4ae4-9e09-f01b73daf36a@group-9622AD8B65B5-StateMachineUpdater: set stopIndex = 14
2019-11-13 18:48:37,666 [8a346eb0-433c-4f64-9a22-d40a83dee003@group-9622AD8B65B5-StateMachineUpdater] INFO  ratis.ContainerStateMachine (ContainerStateMachine.java:takeSnapshot(285)) - group-9622AD8B65B5: Taking a snapshot at:(t:1, i:12) file /workdir/hadoop-ozone/integration-test/target/test-dir/MiniOzoneClusterImpl-936e8649-2eb0-4b7a-921b-5d2cce332f9c/datanode-0/data/ratis/f2cbbdf9-338b-4895-87e7-9622ad8b65b5/sm/snapshot.1_12
2019-11-13 18:48:37,666 [6a4d2be6-9424-4ae4-9e09-f01b73daf36a@group-9622AD8B65B5-StateMachineUpdater] INFO  ratis.ContainerStateMachine (ContainerStateMachine.java:takeSnapshot(285)) - group-9622AD8B65B5: Taking a snapshot at:(t:1, i:10) file /workdir/hadoop-ozone/integration-test/target/test-dir/MiniOzoneClusterImpl-936e8649-2eb0-4b7a-921b-5d2cce332f9c/datanode-9/data/ratis/f2cbbdf9-338b-4895-87e7-9622ad8b65b5/sm/snapshot.1_10
2019-11-13 18:48:37,679 [8a346eb0-433c-4f64-9a22-d40a83dee003@group-9622AD8B65B5-StateMachineUpdater] INFO  ratis.ContainerStateMachine (ContainerStateMachine.java:takeSnapshot(296)) - group-9622AD8B65B5: Finished taking a snapshot at:(t:1, i:12) file:/workdir/hadoop-ozone/integration-test/target/test-dir/MiniOzoneClusterImpl-936e8649-2eb0-4b7a-921b-5d2cce332f9c/datanode-0/data/ratis/f2cbbdf9-338b-4895-87e7-9622ad8b65b5/sm/snapshot.1_12 time:13
2019-11-13 18:48:37,679 [6a4d2be6-9424-4ae4-9e09-f01b73daf36a@group-9622AD8B65B5-StateMachineUpdater] INFO  ratis.ContainerStateMachine (ContainerStateMachine.java:takeSnapshot(296)) - group-9622AD8B65B5: Finished taking a snapshot at:(t:1, i:10) file:/workdir/hadoop-ozone/integration-test/target/test-dir/MiniOzoneClusterImpl-936e8649-2eb0-4b7a-921b-5d2cce332f9c/datanode-9/data/ratis/f2cbbdf9-338b-4895-87e7-9622ad8b65b5/sm/snapshot.1_10 time:13
2019-11-13 18:48:37,680 [8a346eb0-433c-4f64-9a22-d40a83dee003@group-9622AD8B65B5-StateMachineUpdater] INFO  impl.StateMachineUpdater (StateMachineUpdater.java:takeSnapshot(269)) - 8a346eb0-433c-4f64-9a22-d40a83dee003@group-9622AD8B65B5-StateMachineUpdater: Took a snapshot at index 12
2019-11-13 18:48:37,680 [6a4d2be6-9424-4ae4-9e09-f01b73daf36a@group-9622AD8B65B5-StateMachineUpdater] INFO  impl.StateMachineUpdater (StateMachineUpdater.java:takeSnapshot(269)) - 6a4d2be6-9424-4ae4-9e09-f01b73daf36a@group-9622AD8B65B5-StateMachineUpdater: Took a snapshot at index 10
2019-11-13 18:48:37,680 [8a346eb0-433c-4f64-9a22-d40a83dee003@group-9622AD8B65B5-StateMachineUpdater] INFO  impl.StateMachineUpdater (StateMachineUpdater.java:lambda$new$0(84)) - 8a346eb0-433c-4f64-9a22-d40a83dee003@group-9622AD8B65B5-StateMachineUpdater: snapshotIndex: updateIncreasingly 12 -> 12
2019-11-13 18:48:37,680 [6a4d2be6-9424-4ae4-9e09-f01b73daf36a@group-9622AD8B65B5-StateMachineUpdater] INFO  impl.StateMachineUpdater (StateMachineUpdater.java:lambda$new$0(84)) - 6a4d2be6-9424-4ae4-9e09-f01b73daf36a@group-9622AD8B65B5-StateMachineUpdater: snapshotIndex: updateIncreasingly -1 -> 10
2019-11-13 18:48:37,680 [6a4d2be6-9424-4ae4-9e09-f01b73daf36a@group-9622AD8B65B5-StateMachineUpdater] INFO  ratis.ContainerStateMachine (ContainerStateMachine.java:takeSnapshot(285)) - group-9622AD8B65B5: Taking a snapshot at:(t:1, i:10) file /workdir/hadoop-ozone/integration-test/target/test-dir/MiniOzoneClusterImpl-936e8649-2eb0-4b7a-921b-5d2cce332f9c/datanode-9/data/ratis/f2cbbdf9-338b-4895-87e7-9622ad8b65b5/sm/snapshot.1_10
2019-11-13 18:48:37,680 [ForkJoinPool.commonPool-worker-1] INFO  impl.RaftServerImpl (ServerState.java:close(387)) - 8a346eb0-433c-4f64-9a22-d40a83dee003@group-9622AD8B65B5: closes. applyIndex: 14
2019-11-13 18:48:37,681 [8a346eb0-433c-4f64-9a22-d40a83dee003@group-9622AD8B65B5-SegmentedRaftLogWorker] INFO  segmented.SegmentedRaftLogWorker (SegmentedRaftLogWorker.java:run(316)) - 8a346eb0-433c-4f64-9a22-d40a83dee003@group-9622AD8B65B5-SegmentedRaftLogWorker was interrupted, exiting. There are 0 tasks remaining in the queue.
2019-11-13 18:48:37,682 [ForkJoinPool.commonPool-worker-1] INFO  segmented.SegmentedRaftLogWorker (SegmentedRaftLogWorker.java:close(224)) - 8a346eb0-433c-4f64-9a22-d40a83dee003@group-9622AD8B65B5-SegmentedRaftLogWorker close()
2019-11-13 18:48:37,683 [ForkJoinPool.commonPool-worker-1] INFO  impl.RaftServerImpl (RaftServerImpl.java:lambda$shutdown$3(250)) - 8a346eb0-433c-4f64-9a22-d40a83dee003@group-DA415AAB7153: shutdown
2019-11-13 18:48:37,683 [ForkJoinPool.commonPool-worker-1] INFO  util.JmxRegister (JmxRegister.java:unregister(73)) - Successfully un-registered JMX Bean with object name Ratis:service=RaftServer,group=group-DA415AAB7153,id=8a346eb0-433c-4f64-9a22-d40a83dee003
2019-11-13 18:48:37,683 [ForkJoinPool.commonPool-worker-1] INFO  impl.RoleInfo (RoleInfo.java:shutdownLeaderState(104)) - 8a346eb0-433c-4f64-9a22-d40a83dee003: shutdown LeaderState
2019-11-13 18:48:37,684 [ForkJoinPool.commonPool-worker-1] INFO  impl.PendingRequests (PendingRequests.java:sendNotLeaderResponses(206)) - 8a346eb0-433c-4f64-9a22-d40a83dee003@group-DA415AAB7153-PendingRequests: sendNotLeaderResponses
2019-11-13 18:48:37,684 [ForkJoinPool.commonPool-worker-1] INFO  impl.StateMachineUpdater (StateMachineUpdater.java:stopAndJoin(136)) - 8a346eb0-433c-4f64-9a22-d40a83dee003@group-DA415AAB7153-StateMachineUpdater: set stopIndex = 0
2019-11-13 18:48:37,684 [ForkJoinPool.commonPool-worker-1] INFO  impl.RaftServerImpl (ServerState.java:close(387)) - 8a346eb0-433c-4f64-9a22-d40a83dee003@group-DA415AAB7153: closes. applyIndex: 0
2019-11-13 18:48:37,685 [8a346eb0-433c-4f64-9a22-d40a83dee003@group-DA415AAB7153-SegmentedRaftLogWorker] INFO  segmented.SegmentedRaftLogWorker (SegmentedRaftLogWorker.java:run(316)) - 8a346eb0-433c-4f64-9a22-d40a83dee003@group-DA415AAB7153-SegmentedRaftLogWorker was interrupted, exiting. There are 0 tasks remaining in the queue.
2019-11-13 18:48:37,689 [ForkJoinPool.commonPool-worker-1] INFO  segmented.SegmentedRaftLogWorker (SegmentedRaftLogWorker.java:close(224)) - 8a346eb0-433c-4f64-9a22-d40a83dee003@group-DA415AAB7153-SegmentedRaftLogWorker close()
2019-11-13 18:48:37,689 [ForkJoinPool.commonPool-worker-1] INFO  server.GrpcService (GrpcService.java:closeImpl(164)) - 8a346eb0-433c-4f64-9a22-d40a83dee003: shutdown server with port 45850 now
2019-11-13 18:48:37,690 [ForkJoinPool.commonPool-worker-1] INFO  server.GrpcService (GrpcService.java:closeImpl(172)) - 8a346eb0-433c-4f64-9a22-d40a83dee003: shutdown server with port 45850 successfully
2019-11-13 18:48:37,692 [grpc-default-executor-4] WARN  client.GrpcClientProtocolService (LogUtils.java:warn(134)) - 1-UnorderedRequestStreamObserver1: onError: org.apache.ratis.thirdparty.io.grpc.StatusRuntimeException: CANCELLED: cancelled before receiving half close
2019-11-13 18:48:37,693 [6a4d2be6-9424-4ae4-9e09-f01b73daf36a@group-9622AD8B65B5-StateMachineUpdater] INFO  ratis.ContainerStateMachine (ContainerStateMachine.java:takeSnapshot(296)) - group-9622AD8B65B5: Finished taking a snapshot at:(t:1, i:10) file:/workdir/hadoop-ozone/integration-test/target/test-dir/MiniOzoneClusterImpl-936e8649-2eb0-4b7a-921b-5d2cce332f9c/datanode-9/data/ratis/f2cbbdf9-338b-4895-87e7-9622ad8b65b5/sm/snapshot.1_10 time:13
2019-11-13 18:48:37,693 [6a4d2be6-9424-4ae4-9e09-f01b73daf36a@group-9622AD8B65B5-StateMachineUpdater] INFO  impl.StateMachineUpdater (StateMachineUpdater.java:takeSnapshot(269)) - 6a4d2be6-9424-4ae4-9e09-f01b73daf36a@group-9622AD8B65B5-StateMachineUpdater: Took a snapshot at index 10
2019-11-13 18:48:37,693 [6a4d2be6-9424-4ae4-9e09-f01b73daf36a@group-9622AD8B65B5-StateMachineUpdater] INFO  impl.StateMachineUpdater (StateMachineUpdater.java:lambda$new$0(84)) - 6a4d2be6-9424-4ae4-9e09-f01b73daf36a@group-9622AD8B65B5-StateMachineUpdater: snapshotIndex: updateIncreasingly 10 -> 10
2019-11-13 18:48:37,694 [refreshUsed-/workdir/hadoop-ozone/integration-test/target/test-dir/MiniOzoneClusterImpl-936e8649-2eb0-4b7a-921b-5d2cce332f9c/datanode-0/data/containers] WARN  fs.CachingGetSpaceUsed (CachingGetSpaceUsed.java:run(183)) - Thread Interrupted waiting to refresh disk information: sleep interrupted
2019-11-13 18:48:37,694 [main] INFO  impl.RaftServerImpl (ServerState.java:close(387)) - 6a4d2be6-9424-4ae4-9e09-f01b73daf36a@group-9622AD8B65B5: closes. applyIndex: 14
2019-11-13 18:48:37,695 [6a4d2be6-9424-4ae4-9e09-f01b73daf36a@group-9622AD8B65B5-SegmentedRaftLogWorker] INFO  segmented.SegmentedRaftLogWorker (SegmentedRaftLogWorker.java:run(316)) - 6a4d2be6-9424-4ae4-9e09-f01b73daf36a@group-9622AD8B65B5-SegmentedRaftLogWorker was interrupted, exiting. There are 0 tasks remaining in the queue.
2019-11-13 18:48:37,695 [main] INFO  segmented.SegmentedRaftLogWorker (SegmentedRaftLogWorker.java:close(224)) - 6a4d2be6-9424-4ae4-9e09-f01b73daf36a@group-9622AD8B65B5-SegmentedRaftLogWorker close()
2019-11-13 18:48:37,695 [main] INFO  server.GrpcService (GrpcService.java:closeImpl(164)) - 6a4d2be6-9424-4ae4-9e09-f01b73daf36a: shutdown server with port 39773 now
2019-11-13 18:48:37,696 [main] INFO  server.GrpcService (GrpcService.java:closeImpl(172)) - 6a4d2be6-9424-4ae4-9e09-f01b73daf36a: shutdown server with port 39773 successfully
2019-11-13 18:48:37,833 [refreshUsed-/workdir/hadoop-ozone/integration-test/target/test-dir/MiniOzoneClusterImpl-936e8649-2eb0-4b7a-921b-5d2cce332f9c/datanode-9/data/containers] WARN  fs.CachingGetSpaceUsed (CachingGetSpaceUsed.java:run(183)) - Thread Interrupted waiting to refresh disk information: sleep interrupted
2019-11-13 18:48:37,900 [grpc-default-executor-0] WARN  server.GrpcLogAppender (LogUtils.java:warn(134)) - 9ee498fb-dbd1-4b89-b28c-40ca18800c49@group-CEC72933519B->19b56e57-c404-4271-b4fe-c6c2e842ae91-AppendLogResponseHandler: Failed appendEntries: org.apache.ratis.thirdparty.io.grpc.StatusRuntimeException: UNAVAILABLE: io exception
2019-11-13 18:48:37,905 [grpc-default-executor-5] WARN  server.GrpcLogAppender (LogUtils.java:warn(134)) - 9ee498fb-dbd1-4b89-b28c-40ca18800c49@group-CEC72933519B->9582de44-b510-4bf6-b692-b66075a27588-AppendLogResponseHandler: Failed appendEntries: org.apache.ratis.thirdparty.io.grpc.StatusRuntimeException: UNAVAILABLE: io exception
2019-11-13 18:48:37,905 [grpc-default-executor-0] INFO  impl.FollowerInfo (FollowerInfo.java:lambda$new$0(51)) - 9ee498fb-dbd1-4b89-b28c-40ca18800c49@group-CEC72933519B->19b56e57-c404-4271-b4fe-c6c2e842ae91: nextIndex: updateUnconditionally 0 -> 0
2019-11-13 18:48:37,905 [grpc-default-executor-5] INFO  impl.FollowerInfo (FollowerInfo.java:lambda$new$0(51)) - 9ee498fb-dbd1-4b89-b28c-40ca18800c49@group-CEC72933519B->9582de44-b510-4bf6-b692-b66075a27588: nextIndex: updateUnconditionally 0 -> 0
2019-11-13 18:48:37,927 [main] INFO  utils.BackgroundService (BackgroundService.java:shutdown(151)) - Shutting down service BlockDeletingService
2019-11-13 18:48:37,928 [ForkJoinPool.commonPool-worker-1] INFO  utils.BackgroundService (BackgroundService.java:shutdown(151)) - Shutting down service BlockDeletingService
2019-11-13 18:48:37,931 [ForkJoinPool.commonPool-worker-1] INFO  statemachine.DatanodeStateMachine (DatanodeStateMachine.java:stopDaemon(395)) - Ozone container server stopped.
2019-11-13 18:48:37,931 [main] INFO  statemachine.DatanodeStateMachine (DatanodeStateMachine.java:stopDaemon(395)) - Ozone container server stopped.
2019-11-13 18:48:37,934 [ForkJoinPool.commonPool-worker-1] INFO  handler.ContextHandler (ContextHandler.java:doStop(910)) - Stopped o.e.j.w.WebAppContext@2436ea2f{/,null,UNAVAILABLE}{/hddsDatanode}
2019-11-13 18:48:37,934 [main] INFO  handler.ContextHandler (ContextHandler.java:doStop(910)) - Stopped o.e.j.w.WebAppContext@2a869a16{/,null,UNAVAILABLE}{/hddsDatanode}
2019-11-13 18:48:37,934 [ForkJoinPool.commonPool-worker-1] INFO  server.AbstractConnector (AbstractConnector.java:doStop(318)) - Stopped ServerConnector@f951a7f{HTTP/1.1,[http/1.1]}{0.0.0.0:0}
2019-11-13 18:48:37,934 [main] INFO  server.AbstractConnector (AbstractConnector.java:doStop(318)) - Stopped ServerConnector@ae202c6{HTTP/1.1,[http/1.1]}{0.0.0.0:0}
2019-11-13 18:48:37,935 [ForkJoinPool.commonPool-worker-1] INFO  handler.ContextHandler (ContextHandler.java:doStop(910)) - Stopped o.e.j.s.ServletContextHandler@67c5ac52{/static,jar:file:/home/user/.m2/repository/org/apache/hadoop/hadoop-hdds-container-service/0.5.0-SNAPSHOT/hadoop-hdds-container-service-0.5.0-SNAPSHOT.jar!/webapps/static,UNAVAILABLE}
2019-11-13 18:48:37,935 [main] INFO  handler.ContextHandler (ContextHandler.java:doStop(910)) - Stopped o.e.j.s.ServletContextHandler@489091bd{/static,jar:file:/home/user/.m2/repository/org/apache/hadoop/hadoop-hdds-container-service/0.5.0-SNAPSHOT/hadoop-hdds-container-service-0.5.0-SNAPSHOT.jar!/webapps/static,UNAVAILABLE}
2019-11-13 18:48:37,936 [ForkJoinPool.commonPool-worker-1] INFO  handler.ContextHandler (ContextHandler.java:doStop(910)) - Stopped o.e.j.s.ServletContextHandler@21079a12{/logs,file:///workdir/hadoop-ozone/integration-test/target/log,UNAVAILABLE}
2019-11-13 18:48:37,937 [main] INFO  handler.ContextHandler (ContextHandler.java:doStop(910)) - Stopped o.e.j.s.ServletContextHandler@6c841199{/logs,file:///workdir/hadoop-ozone/integration-test/target/log,UNAVAILABLE}
2019-11-13 18:48:38,350 [grpc-default-executor-4] WARN  server.GrpcLogAppender (LogUtils.java:warn(134)) - 9ee498fb-dbd1-4b89-b28c-40ca18800c49@group-CEC72933519B->19b56e57-c404-4271-b4fe-c6c2e842ae91-AppendLogResponseHandler: Failed appendEntries: org.apache.ratis.thirdparty.io.grpc.StatusRuntimeException: UNAVAILABLE: io exception
2019-11-13 18:48:38,350 [grpc-default-executor-4] INFO  impl.FollowerInfo (FollowerInfo.java:lambda$new$0(51)) - 9ee498fb-dbd1-4b89-b28c-40ca18800c49@group-CEC72933519B->19b56e57-c404-4271-b4fe-c6c2e842ae91: nextIndex: updateUnconditionally 0 -> 0
2019-11-13 18:48:38,356 [grpc-default-executor-0] WARN  server.GrpcLogAppender (LogUtils.java:warn(134)) - 9ee498fb-dbd1-4b89-b28c-40ca18800c49@group-CEC72933519B->9582de44-b510-4bf6-b692-b66075a27588-AppendLogResponseHandler: Failed appendEntries: org.apache.ratis.thirdparty.io.grpc.StatusRuntimeException: UNAVAILABLE: io exception
2019-11-13 18:48:38,356 [grpc-default-executor-0] INFO  impl.FollowerInfo (FollowerInfo.java:lambda$new$0(51)) - 9ee498fb-dbd1-4b89-b28c-40ca18800c49@group-CEC72933519B->9582de44-b510-4bf6-b692-b66075a27588: nextIndex: updateUnconditionally 0 -> 0
2019-11-13 18:48:38,658 [Datanode State Machine Thread - 0] INFO  statemachine.DatanodeStateMachine (DatanodeStateMachine.java:lambda$startDaemon$0(350)) - Ozone container server started.
2019-11-13 18:48:38,850 [grpc-default-executor-5] WARN  server.GrpcLogAppender (LogUtils.java:warn(134)) - 9ee498fb-dbd1-4b89-b28c-40ca18800c49@group-CEC72933519B->19b56e57-c404-4271-b4fe-c6c2e842ae91-AppendLogResponseHandler: Failed appendEntries: org.apache.ratis.thirdparty.io.grpc.StatusRuntimeException: UNAVAILABLE: io exception
2019-11-13 18:48:38,851 [grpc-default-executor-5] INFO  impl.FollowerInfo (FollowerInfo.java:lambda$new$0(51)) - 9ee498fb-dbd1-4b89-b28c-40ca18800c49@group-CEC72933519B->19b56e57-c404-4271-b4fe-c6c2e842ae91: nextIndex: updateUnconditionally 0 -> 0
2019-11-13 18:48:38,857 [grpc-default-executor-4] WARN  server.GrpcLogAppender (LogUtils.java:warn(134)) - 9ee498fb-dbd1-4b89-b28c-40ca18800c49@group-CEC72933519B->9582de44-b510-4bf6-b692-b66075a27588-AppendLogResponseHandler: Failed appendEntries: org.apache.ratis.thirdparty.io.grpc.StatusRuntimeException: UNAVAILABLE: io exception
2019-11-13 18:48:38,857 [grpc-default-executor-4] INFO  impl.FollowerInfo (FollowerInfo.java:lambda$new$0(51)) - 9ee498fb-dbd1-4b89-b28c-40ca18800c49@group-CEC72933519B->9582de44-b510-4bf6-b692-b66075a27588: nextIndex: updateUnconditionally 0 -> 0
2019-11-13 18:48:38,917 [Datanode State Machine Thread - 0] INFO  statemachine.DatanodeStateMachine (DatanodeStateMachine.java:lambda$startDaemon$0(350)) - Ozone container server started.
2019-11-13 18:48:39,351 [grpc-default-executor-0] WARN  server.GrpcLogAppender (LogUtils.java:warn(134)) - 9ee498fb-dbd1-4b89-b28c-40ca18800c49@group-CEC72933519B->19b56e57-c404-4271-b4fe-c6c2e842ae91-AppendLogResponseHandler: Failed appendEntries: org.apache.ratis.thirdparty.io.grpc.StatusRuntimeException: UNAVAILABLE: io exception
2019-11-13 18:48:39,352 [grpc-default-executor-0] INFO  impl.FollowerInfo (FollowerInfo.java:lambda$new$0(51)) - 9ee498fb-dbd1-4b89-b28c-40ca18800c49@group-CEC72933519B->19b56e57-c404-4271-b4fe-c6c2e842ae91: nextIndex: updateUnconditionally 0 -> 0
2019-11-13 18:48:39,357 [grpc-default-executor-5] WARN  server.GrpcLogAppender (LogUtils.java:warn(134)) - 9ee498fb-dbd1-4b89-b28c-40ca18800c49@group-CEC72933519B->9582de44-b510-4bf6-b692-b66075a27588-AppendLogResponseHandler: Failed appendEntries: org.apache.ratis.thirdparty.io.grpc.StatusRuntimeException: UNAVAILABLE: io exception
2019-11-13 18:48:39,358 [grpc-default-executor-5] INFO  impl.FollowerInfo (FollowerInfo.java:lambda$new$0(51)) - 9ee498fb-dbd1-4b89-b28c-40ca18800c49@group-CEC72933519B->9582de44-b510-4bf6-b692-b66075a27588: nextIndex: updateUnconditionally 0 -> 0
2019-11-13 18:48:39,852 [grpc-default-executor-4] WARN  server.GrpcLogAppender (LogUtils.java:warn(134)) - 9ee498fb-dbd1-4b89-b28c-40ca18800c49@group-CEC72933519B->19b56e57-c404-4271-b4fe-c6c2e842ae91-AppendLogResponseHandler: Failed appendEntries: org.apache.ratis.thirdparty.io.grpc.StatusRuntimeException: UNAVAILABLE: io exception
2019-11-13 18:48:39,853 [grpc-default-executor-4] INFO  impl.FollowerInfo (FollowerInfo.java:lambda$new$0(51)) - 9ee498fb-dbd1-4b89-b28c-40ca18800c49@group-CEC72933519B->19b56e57-c404-4271-b4fe-c6c2e842ae91: nextIndex: updateUnconditionally 0 -> 0
2019-11-13 18:48:39,859 [grpc-default-executor-0] WARN  server.GrpcLogAppender (LogUtils.java:warn(134)) - 9ee498fb-dbd1-4b89-b28c-40ca18800c49@group-CEC72933519B->9582de44-b510-4bf6-b692-b66075a27588-AppendLogResponseHandler: Failed appendEntries: org.apache.ratis.thirdparty.io.grpc.StatusRuntimeException: UNAVAILABLE: io exception
2019-11-13 18:48:39,859 [grpc-default-executor-0] INFO  impl.FollowerInfo (FollowerInfo.java:lambda$new$0(51)) - 9ee498fb-dbd1-4b89-b28c-40ca18800c49@group-CEC72933519B->9582de44-b510-4bf6-b692-b66075a27588: nextIndex: updateUnconditionally 0 -> 0
2019-11-13 18:48:40,353 [grpc-default-executor-5] WARN  server.GrpcLogAppender (LogUtils.java:warn(134)) - 9ee498fb-dbd1-4b89-b28c-40ca18800c49@group-CEC72933519B->19b56e57-c404-4271-b4fe-c6c2e842ae91-AppendLogResponseHandler: Failed appendEntries: org.apache.ratis.thirdparty.io.grpc.StatusRuntimeException: UNAVAILABLE: io exception
2019-11-13 18:48:40,354 [grpc-default-executor-5] INFO  impl.FollowerInfo (FollowerInfo.java:lambda$new$0(51)) - 9ee498fb-dbd1-4b89-b28c-40ca18800c49@group-CEC72933519B->19b56e57-c404-4271-b4fe-c6c2e842ae91: nextIndex: updateUnconditionally 0 -> 0
2019-11-13 18:48:40,360 [grpc-default-executor-5] WARN  server.GrpcLogAppender (LogUtils.java:warn(134)) - 9ee498fb-dbd1-4b89-b28c-40ca18800c49@group-CEC72933519B->9582de44-b510-4bf6-b692-b66075a27588-AppendLogResponseHandler: Failed appendEntries: org.apache.ratis.thirdparty.io.grpc.StatusRuntimeException: UNAVAILABLE: io exception
2019-11-13 18:48:40,360 [grpc-default-executor-5] INFO  impl.FollowerInfo (FollowerInfo.java:lambda$new$0(51)) - 9ee498fb-dbd1-4b89-b28c-40ca18800c49@group-CEC72933519B->9582de44-b510-4bf6-b692-b66075a27588: nextIndex: updateUnconditionally 0 -> 0
2019-11-13 18:48:40,857 [grpc-default-executor-5] WARN  server.GrpcLogAppender (LogUtils.java:warn(134)) - 9ee498fb-dbd1-4b89-b28c-40ca18800c49@group-CEC72933519B->19b56e57-c404-4271-b4fe-c6c2e842ae91-AppendLogResponseHandler: Failed appendEntries: org.apache.ratis.thirdparty.io.grpc.StatusRuntimeException: UNAVAILABLE: io exception
2019-11-13 18:48:40,857 [grpc-default-executor-5] INFO  impl.FollowerInfo (FollowerInfo.java:lambda$new$0(51)) - 9ee498fb-dbd1-4b89-b28c-40ca18800c49@group-CEC72933519B->19b56e57-c404-4271-b4fe-c6c2e842ae91: nextIndex: updateUnconditionally 0 -> 0
2019-11-13 18:48:40,860 [grpc-default-executor-4] WARN  server.GrpcLogAppender (LogUtils.java:warn(134)) - 9ee498fb-dbd1-4b89-b28c-40ca18800c49@group-CEC72933519B->9582de44-b510-4bf6-b692-b66075a27588-AppendLogResponseHandler: Failed appendEntries: org.apache.ratis.thirdparty.io.grpc.StatusRuntimeException: UNAVAILABLE: io exception
2019-11-13 18:48:40,861 [grpc-default-executor-4] INFO  impl.FollowerInfo (FollowerInfo.java:lambda$new$0(51)) - 9ee498fb-dbd1-4b89-b28c-40ca18800c49@group-CEC72933519B->9582de44-b510-4bf6-b692-b66075a27588: nextIndex: updateUnconditionally 0 -> 0
2019-11-13 18:48:41,362 [grpc-default-executor-5] WARN  server.GrpcLogAppender (LogUtils.java:warn(134)) - 9ee498fb-dbd1-4b89-b28c-40ca18800c49@group-CEC72933519B->19b56e57-c404-4271-b4fe-c6c2e842ae91-AppendLogResponseHandler: Failed appendEntries: org.apache.ratis.thirdparty.io.grpc.StatusRuntimeException: UNAVAILABLE: io exception
2019-11-13 18:48:41,362 [grpc-default-executor-0] WARN  server.GrpcLogAppender (LogUtils.java:warn(134)) - 9ee498fb-dbd1-4b89-b28c-40ca18800c49@group-CEC72933519B->9582de44-b510-4bf6-b692-b66075a27588-AppendLogResponseHandler: Failed appendEntries: org.apache.ratis.thirdparty.io.grpc.StatusRuntimeException: UNAVAILABLE: io exception
2019-11-13 18:48:41,363 [grpc-default-executor-5] INFO  impl.FollowerInfo (FollowerInfo.java:lambda$new$0(51)) - 9ee498fb-dbd1-4b89-b28c-40ca18800c49@group-CEC72933519B->19b56e57-c404-4271-b4fe-c6c2e842ae91: nextIndex: updateUnconditionally 0 -> 0
2019-11-13 18:48:41,363 [grpc-default-executor-0] INFO  impl.FollowerInfo (FollowerInfo.java:lambda$new$0(51)) - 9ee498fb-dbd1-4b89-b28c-40ca18800c49@group-CEC72933519B->9582de44-b510-4bf6-b692-b66075a27588: nextIndex: updateUnconditionally 0 -> 0
2019-11-13 18:48:41,861 [grpc-default-executor-4] WARN  server.GrpcLogAppender (LogUtils.java:warn(134)) - 9ee498fb-dbd1-4b89-b28c-40ca18800c49@group-CEC72933519B->19b56e57-c404-4271-b4fe-c6c2e842ae91-AppendLogResponseHandler: Failed appendEntries: org.apache.ratis.thirdparty.io.grpc.StatusRuntimeException: UNAVAILABLE: io exception
2019-11-13 18:48:41,861 [grpc-default-executor-3] WARN  server.GrpcLogAppender (LogUtils.java:warn(134)) - 9ee498fb-dbd1-4b89-b28c-40ca18800c49@group-CEC72933519B->9582de44-b510-4bf6-b692-b66075a27588-AppendLogResponseHandler: Failed appendEntries: org.apache.ratis.thirdparty.io.grpc.StatusRuntimeException: UNAVAILABLE: io exception
2019-11-13 18:48:41,861 [grpc-default-executor-4] INFO  impl.FollowerInfo (FollowerInfo.java:lambda$new$0(51)) - 9ee498fb-dbd1-4b89-b28c-40ca18800c49@group-CEC72933519B->19b56e57-c404-4271-b4fe-c6c2e842ae91: nextIndex: updateUnconditionally 0 -> 0
2019-11-13 18:48:41,861 [grpc-default-executor-3] INFO  impl.FollowerInfo (FollowerInfo.java:lambda$new$0(51)) - 9ee498fb-dbd1-4b89-b28c-40ca18800c49@group-CEC72933519B->9582de44-b510-4bf6-b692-b66075a27588: nextIndex: updateUnconditionally 0 -> 0
2019-11-13 18:48:42,363 [grpc-default-executor-2] WARN  server.GrpcLogAppender (LogUtils.java:warn(134)) - 9ee498fb-dbd1-4b89-b28c-40ca18800c49@group-CEC72933519B->9582de44-b510-4bf6-b692-b66075a27588-AppendLogResponseHandler: Failed appendEntries: org.apache.ratis.thirdparty.io.grpc.StatusRuntimeException: UNAVAILABLE: io exception
2019-11-13 18:48:42,363 [grpc-default-executor-3] WARN  server.GrpcLogAppender (LogUtils.java:warn(134)) - 9ee498fb-dbd1-4b89-b28c-40ca18800c49@group-CEC72933519B->19b56e57-c404-4271-b4fe-c6c2e842ae91-AppendLogResponseHandler: Failed appendEntries: org.apache.ratis.thirdparty.io.grpc.StatusRuntimeException: UNAVAILABLE: io exception
2019-11-13 18:48:42,363 [grpc-default-executor-2] INFO  impl.FollowerInfo (FollowerInfo.java:lambda$new$0(51)) - 9ee498fb-dbd1-4b89-b28c-40ca18800c49@group-CEC72933519B->9582de44-b510-4bf6-b692-b66075a27588: nextIndex: updateUnconditionally 0 -> 0
2019-11-13 18:48:42,364 [grpc-default-executor-3] INFO  impl.FollowerInfo (FollowerInfo.java:lambda$new$0(51)) - 9ee498fb-dbd1-4b89-b28c-40ca18800c49@group-CEC72933519B->19b56e57-c404-4271-b4fe-c6c2e842ae91: nextIndex: updateUnconditionally 0 -> 0
2019-11-13 18:48:42,872 [grpc-default-executor-5] WARN  server.GrpcLogAppender (LogUtils.java:warn(134)) - 9ee498fb-dbd1-4b89-b28c-40ca18800c49@group-CEC72933519B->9582de44-b510-4bf6-b692-b66075a27588-AppendLogResponseHandler: Failed appendEntries: org.apache.ratis.thirdparty.io.grpc.StatusRuntimeException: UNAVAILABLE: io exception
2019-11-13 18:48:42,872 [grpc-default-executor-1] WARN  server.GrpcLogAppender (LogUtils.java:warn(134)) - 9ee498fb-dbd1-4b89-b28c-40ca18800c49@group-CEC72933519B->19b56e57-c404-4271-b4fe-c6c2e842ae91-AppendLogResponseHandler: Failed appendEntries: org.apache.ratis.thirdparty.io.grpc.StatusRuntimeException: UNAVAILABLE: io exception
2019-11-13 18:48:42,873 [grpc-default-executor-5] INFO  impl.FollowerInfo (FollowerInfo.java:lambda$new$0(51)) - 9ee498fb-dbd1-4b89-b28c-40ca18800c49@group-CEC72933519B->9582de44-b510-4bf6-b692-b66075a27588: nextIndex: updateUnconditionally 0 -> 0
2019-11-13 18:48:42,873 [grpc-default-executor-1] INFO  impl.FollowerInfo (FollowerInfo.java:lambda$new$0(51)) - 9ee498fb-dbd1-4b89-b28c-40ca18800c49@group-CEC72933519B->19b56e57-c404-4271-b4fe-c6c2e842ae91: nextIndex: updateUnconditionally 0 -> 0
2019-11-13 18:48:42,939 [main] INFO  ozoneimpl.OzoneContainer (OzoneContainer.java:stop(244)) - Attempting to stop container services.
2019-11-13 18:48:42,939 [ForkJoinPool.commonPool-worker-1] INFO  ozoneimpl.OzoneContainer (OzoneContainer.java:stop(244)) - Attempting to stop container services.
2019-11-13 18:48:42,940 [main] INFO  impl.RaftServerProxy (RaftServerProxy.java:lambda$close$4(314)) - 9ee498fb-dbd1-4b89-b28c-40ca18800c49: close
2019-11-13 18:48:42,940 [ForkJoinPool.commonPool-worker-1] INFO  impl.RaftServerProxy (RaftServerProxy.java:lambda$close$4(314)) - dc8ab455-7be4-4b62-9320-5f4e855ec266: close
2019-11-13 18:48:42,940 [main] INFO  impl.RaftServerImpl (RaftServerImpl.java:lambda$shutdown$3(250)) - 9ee498fb-dbd1-4b89-b28c-40ca18800c49@group-AF85F87999EB: shutdown
2019-11-13 18:48:42,940 [ForkJoinPool.commonPool-worker-1] INFO  impl.RaftServerImpl (RaftServerImpl.java:lambda$shutdown$3(250)) - dc8ab455-7be4-4b62-9320-5f4e855ec266@group-F7E34B7E9FB6: shutdown
2019-11-13 18:48:42,941 [main] INFO  util.JmxRegister (JmxRegister.java:unregister(73)) - Successfully un-registered JMX Bean with object name Ratis:service=RaftServer,group=group-AF85F87999EB,id=9ee498fb-dbd1-4b89-b28c-40ca18800c49
2019-11-13 18:48:42,941 [ForkJoinPool.commonPool-worker-1] INFO  util.JmxRegister (JmxRegister.java:unregister(73)) - Successfully un-registered JMX Bean with object name Ratis:service=RaftServer,group=group-F7E34B7E9FB6,id=dc8ab455-7be4-4b62-9320-5f4e855ec266
2019-11-13 18:48:42,941 [main] INFO  impl.RoleInfo (RoleInfo.java:shutdownLeaderState(104)) - 9ee498fb-dbd1-4b89-b28c-40ca18800c49: shutdown LeaderState
2019-11-13 18:48:42,941 [ForkJoinPool.commonPool-worker-1] INFO  impl.RoleInfo (RoleInfo.java:shutdownLeaderState(104)) - dc8ab455-7be4-4b62-9320-5f4e855ec266: shutdown LeaderState
2019-11-13 18:48:42,941 [main] INFO  impl.PendingRequests (PendingRequests.java:sendNotLeaderResponses(206)) - 9ee498fb-dbd1-4b89-b28c-40ca18800c49@group-AF85F87999EB-PendingRequests: sendNotLeaderResponses
2019-11-13 18:48:42,942 [ForkJoinPool.commonPool-worker-1] INFO  impl.PendingRequests (PendingRequests.java:sendNotLeaderResponses(206)) - dc8ab455-7be4-4b62-9320-5f4e855ec266@group-F7E34B7E9FB6-PendingRequests: sendNotLeaderResponses
2019-11-13 18:48:42,942 [ForkJoinPool.commonPool-worker-1] INFO  impl.StateMachineUpdater (StateMachineUpdater.java:stopAndJoin(136)) - dc8ab455-7be4-4b62-9320-5f4e855ec266@group-F7E34B7E9FB6-StateMachineUpdater: set stopIndex = 0
2019-11-13 18:48:42,942 [main] INFO  impl.StateMachineUpdater (StateMachineUpdater.java:stopAndJoin(136)) - 9ee498fb-dbd1-4b89-b28c-40ca18800c49@group-AF85F87999EB-StateMachineUpdater: set stopIndex = 0
2019-11-13 18:48:42,943 [ForkJoinPool.commonPool-worker-1] INFO  impl.RaftServerImpl (ServerState.java:close(387)) - dc8ab455-7be4-4b62-9320-5f4e855ec266@group-F7E34B7E9FB6: closes. applyIndex: 0
2019-11-13 18:48:42,943 [main] INFO  impl.RaftServerImpl (ServerState.java:close(387)) - 9ee498fb-dbd1-4b89-b28c-40ca18800c49@group-AF85F87999EB: closes. applyIndex: 0
2019-11-13 18:48:42,943 [dc8ab455-7be4-4b62-9320-5f4e855ec266@group-F7E34B7E9FB6-SegmentedRaftLogWorker] INFO  segmented.SegmentedRaftLogWorker (SegmentedRaftLogWorker.java:run(316)) - dc8ab455-7be4-4b62-9320-5f4e855ec266@group-F7E34B7E9FB6-SegmentedRaftLogWorker was interrupted, exiting. There are 0 tasks remaining in the queue.
2019-11-13 18:48:42,944 [9ee498fb-dbd1-4b89-b28c-40ca18800c49@group-AF85F87999EB-SegmentedRaftLogWorker] INFO  segmented.SegmentedRaftLogWorker (SegmentedRaftLogWorker.java:run(316)) - 9ee498fb-dbd1-4b89-b28c-40ca18800c49@group-AF85F87999EB-SegmentedRaftLogWorker was interrupted, exiting. There are 0 tasks remaining in the queue.
2019-11-13 18:48:42,953 [ForkJoinPool.commonPool-worker-1] INFO  segmented.SegmentedRaftLogWorker (SegmentedRaftLogWorker.java:close(224)) - dc8ab455-7be4-4b62-9320-5f4e855ec266@group-F7E34B7E9FB6-SegmentedRaftLogWorker close()
2019-11-13 18:48:42,953 [main] INFO  segmented.SegmentedRaftLogWorker (SegmentedRaftLogWorker.java:close(224)) - 9ee498fb-dbd1-4b89-b28c-40ca18800c49@group-AF85F87999EB-SegmentedRaftLogWorker close()
2019-11-13 18:48:42,953 [ForkJoinPool.commonPool-worker-1] INFO  server.GrpcService (GrpcService.java:closeImpl(164)) - dc8ab455-7be4-4b62-9320-5f4e855ec266: shutdown server with port 46852 now
2019-11-13 18:48:42,953 [main] INFO  impl.RaftServerImpl (RaftServerImpl.java:lambda$shutdown$3(250)) - 9ee498fb-dbd1-4b89-b28c-40ca18800c49@group-CEC72933519B: shutdown
2019-11-13 18:48:42,955 [ForkJoinPool.commonPool-worker-1] INFO  server.GrpcService (GrpcService.java:closeImpl(172)) - dc8ab455-7be4-4b62-9320-5f4e855ec266: shutdown server with port 46852 successfully
2019-11-13 18:48:42,955 [main] INFO  util.JmxRegister (JmxRegister.java:unregister(73)) - Successfully un-registered JMX Bean with object name Ratis:service=RaftServer,group=group-CEC72933519B,id=9ee498fb-dbd1-4b89-b28c-40ca18800c49
2019-11-13 18:48:42,956 [main] INFO  impl.RoleInfo (RoleInfo.java:shutdownLeaderState(104)) - 9ee498fb-dbd1-4b89-b28c-40ca18800c49: shutdown LeaderState
2019-11-13 18:48:42,958 [main] INFO  impl.PendingRequests (PendingRequests.java:sendNotLeaderResponses(206)) - 9ee498fb-dbd1-4b89-b28c-40ca18800c49@group-CEC72933519B-PendingRequests: sendNotLeaderResponses
2019-11-13 18:48:42,958 [org.apache.ratis.server.impl.LogAppender$AppenderDaemon$$Lambda$487/584218662@1a7018c1] WARN  server.GrpcLogAppender (GrpcLogAppender.java:mayWait(151)) - 9ee498fb-dbd1-4b89-b28c-40ca18800c49@group-CEC72933519B->19b56e57-c404-4271-b4fe-c6c2e842ae91-GrpcLogAppender: Wait interrupted by java.lang.InterruptedException
2019-11-13 18:48:42,958 [org.apache.ratis.server.impl.LogAppender$AppenderDaemon$$Lambda$487/584218662@5f728d4b] WARN  server.GrpcLogAppender (GrpcLogAppender.java:mayWait(151)) - 9ee498fb-dbd1-4b89-b28c-40ca18800c49@group-CEC72933519B->9582de44-b510-4bf6-b692-b66075a27588-GrpcLogAppender: Wait interrupted by java.lang.InterruptedException
2019-11-13 18:48:42,959 [refreshUsed-/workdir/hadoop-ozone/integration-test/target/test-dir/MiniOzoneClusterImpl-936e8649-2eb0-4b7a-921b-5d2cce332f9c/datanode-1/data/containers] WARN  fs.CachingGetSpaceUsed (CachingGetSpaceUsed.java:run(183)) - Thread Interrupted waiting to refresh disk information: sleep interrupted
2019-11-13 18:48:42,962 [main] INFO  impl.StateMachineUpdater (StateMachineUpdater.java:stopAndJoin(136)) - 9ee498fb-dbd1-4b89-b28c-40ca18800c49@group-CEC72933519B-StateMachineUpdater: set stopIndex = 4
2019-11-13 18:48:42,962 [9ee498fb-dbd1-4b89-b28c-40ca18800c49@group-CEC72933519B-StateMachineUpdater] INFO  ratis.ContainerStateMachine (ContainerStateMachine.java:takeSnapshot(285)) - group-CEC72933519B: Taking a snapshot at:(t:1, i:3) file /workdir/hadoop-ozone/integration-test/target/test-dir/MiniOzoneClusterImpl-936e8649-2eb0-4b7a-921b-5d2cce332f9c/datanode-7/data/ratis/85b35a98-3d2c-45a1-a976-cec72933519b/sm/snapshot.1_3
2019-11-13 18:48:42,974 [9ee498fb-dbd1-4b89-b28c-40ca18800c49@group-CEC72933519B-StateMachineUpdater] INFO  ratis.ContainerStateMachine (ContainerStateMachine.java:takeSnapshot(296)) - group-CEC72933519B: Finished taking a snapshot at:(t:1, i:3) file:/workdir/hadoop-ozone/integration-test/target/test-dir/MiniOzoneClusterImpl-936e8649-2eb0-4b7a-921b-5d2cce332f9c/datanode-7/data/ratis/85b35a98-3d2c-45a1-a976-cec72933519b/sm/snapshot.1_3 time:12
2019-11-13 18:48:42,974 [9ee498fb-dbd1-4b89-b28c-40ca18800c49@group-CEC72933519B-StateMachineUpdater] INFO  impl.StateMachineUpdater (StateMachineUpdater.java:takeSnapshot(269)) - 9ee498fb-dbd1-4b89-b28c-40ca18800c49@group-CEC72933519B-StateMachineUpdater: Took a snapshot at index 3
2019-11-13 18:48:42,974 [9ee498fb-dbd1-4b89-b28c-40ca18800c49@group-CEC72933519B-StateMachineUpdater] INFO  impl.StateMachineUpdater (StateMachineUpdater.java:lambda$new$0(84)) - 9ee498fb-dbd1-4b89-b28c-40ca18800c49@group-CEC72933519B-StateMachineUpdater: snapshotIndex: updateIncreasingly -1 -> 3
2019-11-13 18:48:42,975 [9ee498fb-dbd1-4b89-b28c-40ca18800c49@group-CEC72933519B-StateMachineUpdater] INFO  ratis.ContainerStateMachine (ContainerStateMachine.java:takeSnapshot(285)) - group-CEC72933519B: Taking a snapshot at:(t:1, i:3) file /workdir/hadoop-ozone/integration-test/target/test-dir/MiniOzoneClusterImpl-936e8649-2eb0-4b7a-921b-5d2cce332f9c/datanode-7/data/ratis/85b35a98-3d2c-45a1-a976-cec72933519b/sm/snapshot.1_3
2019-11-13 18:48:42,980 [ForkJoinPool.commonPool-worker-1] INFO  utils.BackgroundService (BackgroundService.java:shutdown(151)) - Shutting down service BlockDeletingService
2019-11-13 18:48:42,983 [ForkJoinPool.commonPool-worker-1] INFO  statemachine.DatanodeStateMachine (DatanodeStateMachine.java:stopDaemon(395)) - Ozone container server stopped.
2019-11-13 18:48:42,987 [ForkJoinPool.commonPool-worker-1] INFO  handler.ContextHandler (ContextHandler.java:doStop(910)) - Stopped o.e.j.w.WebAppContext@3374b5bc{/,null,UNAVAILABLE}{/hddsDatanode}
2019-11-13 18:48:42,987 [9ee498fb-dbd1-4b89-b28c-40ca18800c49@group-CEC72933519B-StateMachineUpdater] INFO  ratis.ContainerStateMachine (ContainerStateMachine.java:takeSnapshot(296)) - group-CEC72933519B: Finished taking a snapshot at:(t:1, i:3) file:/workdir/hadoop-ozone/integration-test/target/test-dir/MiniOzoneClusterImpl-936e8649-2eb0-4b7a-921b-5d2cce332f9c/datanode-7/data/ratis/85b35a98-3d2c-45a1-a976-cec72933519b/sm/snapshot.1_3 time:12
2019-11-13 18:48:42,987 [9ee498fb-dbd1-4b89-b28c-40ca18800c49@group-CEC72933519B-StateMachineUpdater] INFO  impl.StateMachineUpdater (StateMachineUpdater.java:takeSnapshot(269)) - 9ee498fb-dbd1-4b89-b28c-40ca18800c49@group-CEC72933519B-StateMachineUpdater: Took a snapshot at index 3
2019-11-13 18:48:42,987 [9ee498fb-dbd1-4b89-b28c-40ca18800c49@group-CEC72933519B-StateMachineUpdater] INFO  impl.StateMachineUpdater (StateMachineUpdater.java:lambda$new$0(84)) - 9ee498fb-dbd1-4b89-b28c-40ca18800c49@group-CEC72933519B-StateMachineUpdater: snapshotIndex: updateIncreasingly 3 -> 3
2019-11-13 18:48:42,988 [main] INFO  impl.RaftServerImpl (ServerState.java:close(387)) - 9ee498fb-dbd1-4b89-b28c-40ca18800c49@group-CEC72933519B: closes. applyIndex: 4
2019-11-13 18:48:42,988 [ForkJoinPool.commonPool-worker-1] INFO  server.AbstractConnector (AbstractConnector.java:doStop(318)) - Stopped ServerConnector@2af69643{HTTP/1.1,[http/1.1]}{0.0.0.0:0}
2019-11-13 18:48:42,988 [9ee498fb-dbd1-4b89-b28c-40ca18800c49@group-CEC72933519B-SegmentedRaftLogWorker] INFO  segmented.SegmentedRaftLogWorker (SegmentedRaftLogWorker.java:run(316)) - 9ee498fb-dbd1-4b89-b28c-40ca18800c49@group-CEC72933519B-SegmentedRaftLogWorker was interrupted, exiting. There are 0 tasks remaining in the queue.
2019-11-13 18:48:42,989 [main] INFO  segmented.SegmentedRaftLogWorker (SegmentedRaftLogWorker.java:close(224)) - 9ee498fb-dbd1-4b89-b28c-40ca18800c49@group-CEC72933519B-SegmentedRaftLogWorker close()
2019-11-13 18:48:42,989 [ForkJoinPool.commonPool-worker-1] INFO  handler.ContextHandler (ContextHandler.java:doStop(910)) - Stopped o.e.j.s.ServletContextHandler@7a729f84{/static,jar:file:/home/user/.m2/repository/org/apache/hadoop/hadoop-hdds-container-service/0.5.0-SNAPSHOT/hadoop-hdds-container-service-0.5.0-SNAPSHOT.jar!/webapps/static,UNAVAILABLE}
2019-11-13 18:48:42,990 [main] INFO  server.GrpcService (GrpcService.java:closeImpl(164)) - 9ee498fb-dbd1-4b89-b28c-40ca18800c49: shutdown server with port 36915 now
2019-11-13 18:48:42,991 [ForkJoinPool.commonPool-worker-1] INFO  handler.ContextHandler (ContextHandler.java:doStop(910)) - Stopped o.e.j.s.ServletContextHandler@1e8ab90f{/logs,file:///workdir/hadoop-ozone/integration-test/target/log,UNAVAILABLE}
2019-11-13 18:48:42,992 [main] INFO  server.GrpcService (GrpcService.java:closeImpl(172)) - 9ee498fb-dbd1-4b89-b28c-40ca18800c49: shutdown server with port 36915 successfully
2019-11-13 18:48:42,994 [refreshUsed-/workdir/hadoop-ozone/integration-test/target/test-dir/MiniOzoneClusterImpl-936e8649-2eb0-4b7a-921b-5d2cce332f9c/datanode-7/data/containers] WARN  fs.CachingGetSpaceUsed (CachingGetSpaceUsed.java:run(183)) - Thread Interrupted waiting to refresh disk information: sleep interrupted
2019-11-13 18:48:43,009 [main] INFO  utils.BackgroundService (BackgroundService.java:shutdown(151)) - Shutting down service BlockDeletingService
2019-11-13 18:48:43,011 [main] INFO  statemachine.DatanodeStateMachine (DatanodeStateMachine.java:stopDaemon(395)) - Ozone container server stopped.
2019-11-13 18:48:43,012 [main] INFO  handler.ContextHandler (ContextHandler.java:doStop(910)) - Stopped o.e.j.w.WebAppContext@68f0f72c{/,null,UNAVAILABLE}{/hddsDatanode}
2019-11-13 18:48:43,013 [main] INFO  server.AbstractConnector (AbstractConnector.java:doStop(318)) - Stopped ServerConnector@3d96fa9e{HTTP/1.1,[http/1.1]}{0.0.0.0:0}
2019-11-13 18:48:43,014 [main] INFO  handler.ContextHandler (ContextHandler.java:doStop(910)) - Stopped o.e.j.s.ServletContextHandler@6e4f263e{/static,jar:file:/home/user/.m2/repository/org/apache/hadoop/hadoop-hdds-container-service/0.5.0-SNAPSHOT/hadoop-hdds-container-service-0.5.0-SNAPSHOT.jar!/webapps/static,UNAVAILABLE}
2019-11-13 18:48:43,014 [main] INFO  handler.ContextHandler (ContextHandler.java:doStop(910)) - Stopped o.e.j.s.ServletContextHandler@6f911326{/logs,file:///workdir/hadoop-ozone/integration-test/target/log,UNAVAILABLE}
2019-11-13 18:48:43,015 [main] INFO  ozone.MiniOzoneClusterImpl (MiniOzoneClusterImpl.java:stopSCM(430)) - Stopping the StorageContainerManager
2019-11-13 18:48:43,016 [main] INFO  server.StorageContainerManager (StorageContainerManager.java:stop(802)) - Stopping Replication Manager Service.
2019-11-13 18:48:43,016 [main] INFO  container.ReplicationManager (ReplicationManager.java:stop(203)) - Stopping Replication Monitor Thread.
2019-11-13 18:48:43,016 [main] INFO  server.StorageContainerManager (StorageContainerManager.java:stop(809)) - Stopping Lease Manager of the command watchers
2019-11-13 18:48:43,017 [main] INFO  server.StorageContainerManager (StorageContainerManager.java:stop(816)) - Stopping datanode service RPC server
2019-11-13 18:48:43,017 [main] INFO  server.SCMDatanodeProtocolServer (SCMDatanodeProtocolServer.java:stop(346)) - Stopping the RPC server for DataNodes
2019-11-13 18:48:43,017 [main] INFO  ipc.Server (Server.java:stop(3082)) - Stopping server on 43352
2019-11-13 18:48:43,019 [IPC Server listener on 43352] INFO  ipc.Server (Server.java:run(1185)) - Stopping IPC Server listener on 43352
2019-11-13 18:48:43,020 [IPC Server Responder] INFO  ipc.Server (Server.java:run(1319)) - Stopping IPC Server Responder
2019-11-13 18:48:43,048 [SCM Heartbeat Processing Thread - 0] WARN  node.NodeStateManager (NodeStateManager.java:scheduleNextHealthCheck(646)) - Current Thread is interrupted, shutting down HB processing thread for Node Manager.
2019-11-13 18:48:43,049 [main] INFO  server.StorageContainerManager (StorageContainerManager.java:stop(824)) - Stopping block service RPC server
2019-11-13 18:48:43,049 [main] INFO  server.SCMBlockProtocolServer (SCMBlockProtocolServer.java:stop(155)) - Stopping the RPC server for Block Protocol
2019-11-13 18:48:43,050 [main] INFO  ipc.Server (Server.java:stop(3082)) - Stopping server on 34405
2019-11-13 18:48:43,051 [IPC Server listener on 34405] INFO  ipc.Server (Server.java:run(1185)) - Stopping IPC Server listener on 34405
2019-11-13 18:48:43,052 [main] INFO  server.StorageContainerManager (StorageContainerManager.java:stop(831)) - Stopping the StorageContainerLocationProtocol RPC server
2019-11-13 18:48:43,052 [IPC Server Responder] INFO  ipc.Server (Server.java:run(1319)) - Stopping IPC Server Responder
2019-11-13 18:48:43,052 [main] INFO  server.SCMClientProtocolServer (SCMClientProtocolServer.java:stop(169)) - Stopping the RPC server for Client Protocol
2019-11-13 18:48:43,052 [main] INFO  ipc.Server (Server.java:stop(3082)) - Stopping server on 40260
2019-11-13 18:48:43,053 [IPC Server listener on 40260] INFO  ipc.Server (Server.java:run(1185)) - Stopping IPC Server listener on 40260
2019-11-13 18:48:43,053 [main] INFO  server.StorageContainerManager (StorageContainerManager.java:stop(838)) - Stopping Storage Container Manager HTTP server.
2019-11-13 18:48:43,054 [IPC Server Responder] INFO  ipc.Server (Server.java:run(1319)) - Stopping IPC Server Responder
2019-11-13 18:48:43,055 [main] INFO  handler.ContextHandler (ContextHandler.java:doStop(910)) - Stopped o.e.j.w.WebAppContext@64f857e7{/,null,UNAVAILABLE}{/scm}
2019-11-13 18:48:43,056 [main] INFO  server.AbstractConnector (AbstractConnector.java:doStop(318)) - Stopped ServerConnector@617fe9e1{HTTP/1.1,[http/1.1]}{0.0.0.0:0}
2019-11-13 18:48:43,056 [main] INFO  handler.ContextHandler (ContextHandler.java:doStop(910)) - Stopped o.e.j.s.ServletContextHandler@44040454{/static,file:///workdir/hadoop-ozone/integration-test/target/test-classes/webapps/static,UNAVAILABLE}
2019-11-13 18:48:43,057 [main] INFO  handler.ContextHandler (ContextHandler.java:doStop(910)) - Stopped o.e.j.s.ServletContextHandler@4c550889{/logs,file:///workdir/hadoop-ozone/integration-test/target/log,UNAVAILABLE}
2019-11-13 18:48:43,058 [main] INFO  server.StorageContainerManager (StorageContainerManager.java:stop(849)) - Stopping Block Manager Service.
2019-11-13 18:48:43,058 [main] INFO  utils.BackgroundService (BackgroundService.java:shutdown(151)) - Shutting down service SCMBlockDeletingService
2019-11-13 18:48:43,059 [main] INFO  utils.BackgroundService (BackgroundService.java:shutdown(151)) - Shutting down service SCMBlockDeletingService
2019-11-13 18:48:43,060 [main] INFO  server.StorageContainerManager (StorageContainerManager.java:stop(871)) - Stopping SCM Event Queue.
2019-11-13 18:48:43,072 [main] INFO  impl.MetricsSystemImpl (MetricsSystemImpl.java:stop(210)) - Stopping XceiverClientMetrics metrics system...
2019-11-13 18:48:43,081 [prometheus] INFO  impl.MetricsSinkAdapter (MetricsSinkAdapter.java:publishMetricsFromQueue(141)) - prometheus thread interrupted.
2019-11-13 18:48:43,081 [main] INFO  impl.MetricsSystemImpl (MetricsSystemImpl.java:stop(216)) - XceiverClientMetrics metrics system stopped.
]]></system-out>
    <system-err><![CDATA[ERROR StatusLogger No Log4j 2 configuration file found. Using default configuration (logging only errors to the console), or user programmatically provided configurations. Set system property 'log4j2.debug' to show Log4j 2 internal initialization logging. See https://logging.apache.org/log4j/2.x/manual/configuration.html for instructions on how to configure Log4j 2
Nov 13, 2019 6:48:22 PM org.apache.ratis.thirdparty.io.grpc.internal.SerializingExecutor run
SEVERE: Exception while executing runnable org.apache.ratis.thirdparty.io.grpc.internal.ServerImpl$JumpToApplicationThreadServerStreamListener$1Closed@6244e0cc
org.apache.ratis.thirdparty.io.grpc.StatusRuntimeException: CANCELLED: call already cancelled
	at org.apache.ratis.thirdparty.io.grpc.Status.asRuntimeException(Status.java:517)
	at org.apache.ratis.thirdparty.io.grpc.stub.ServerCalls$ServerCallStreamObserverImpl.onCompleted(ServerCalls.java:356)
	at org.apache.ratis.grpc.server.GrpcServerProtocolService$ServerRequestStreamObserver.onError(GrpcServerProtocolService.java:121)
	at org.apache.ratis.thirdparty.io.grpc.stub.ServerCalls$StreamingServerCallHandler$StreamingServerCallListener.onCancel(ServerCalls.java:269)
	at org.apache.ratis.thirdparty.io.grpc.internal.ServerCallImpl$ServerStreamListenerImpl.closed(ServerCallImpl.java:293)
	at org.apache.ratis.thirdparty.io.grpc.internal.ServerImpl$JumpToApplicationThreadServerStreamListener$1Closed.runInContext(ServerImpl.java:741)
	at org.apache.ratis.thirdparty.io.grpc.internal.ContextRunnable.run(ContextRunnable.java:37)
	at org.apache.ratis.thirdparty.io.grpc.internal.SerializingExecutor.run(SerializingExecutor.java:123)
	at java.util.concurrent.ThreadPoolExecutor.runWorker(ThreadPoolExecutor.java:1149)
	at java.util.concurrent.ThreadPoolExecutor$Worker.run(ThreadPoolExecutor.java:624)
	at java.lang.Thread.run(Thread.java:748)

Nov 13, 2019 6:48:22 PM org.apache.ratis.thirdparty.io.grpc.internal.SerializingExecutor run
SEVERE: Exception while executing runnable org.apache.ratis.thirdparty.io.grpc.internal.ServerImpl$JumpToApplicationThreadServerStreamListener$1Closed@48aad4ed
org.apache.ratis.thirdparty.io.grpc.StatusRuntimeException: CANCELLED: call already cancelled
	at org.apache.ratis.thirdparty.io.grpc.Status.asRuntimeException(Status.java:517)
	at org.apache.ratis.thirdparty.io.grpc.stub.ServerCalls$ServerCallStreamObserverImpl.onCompleted(ServerCalls.java:356)
	at org.apache.ratis.grpc.server.GrpcServerProtocolService$ServerRequestStreamObserver.onError(GrpcServerProtocolService.java:121)
	at org.apache.ratis.thirdparty.io.grpc.stub.ServerCalls$StreamingServerCallHandler$StreamingServerCallListener.onCancel(ServerCalls.java:269)
	at org.apache.ratis.thirdparty.io.grpc.internal.ServerCallImpl$ServerStreamListenerImpl.closed(ServerCallImpl.java:293)
	at org.apache.ratis.thirdparty.io.grpc.internal.ServerImpl$JumpToApplicationThreadServerStreamListener$1Closed.runInContext(ServerImpl.java:741)
	at org.apache.ratis.thirdparty.io.grpc.internal.ContextRunnable.run(ContextRunnable.java:37)
	at org.apache.ratis.thirdparty.io.grpc.internal.SerializingExecutor.run(SerializingExecutor.java:123)
	at java.util.concurrent.ThreadPoolExecutor.runWorker(ThreadPoolExecutor.java:1149)
	at java.util.concurrent.ThreadPoolExecutor$Worker.run(ThreadPoolExecutor.java:624)
	at java.lang.Thread.run(Thread.java:748)

Nov 13, 2019 6:48:27 PM org.apache.ratis.thirdparty.io.grpc.internal.SerializingExecutor run
SEVERE: Exception while executing runnable org.apache.ratis.thirdparty.io.grpc.internal.ServerImpl$JumpToApplicationThreadServerStreamListener$1Closed@6ff3c838
org.apache.ratis.thirdparty.io.grpc.StatusRuntimeException: CANCELLED: call already cancelled
	at org.apache.ratis.thirdparty.io.grpc.Status.asRuntimeException(Status.java:517)
	at org.apache.ratis.thirdparty.io.grpc.stub.ServerCalls$ServerCallStreamObserverImpl.onCompleted(ServerCalls.java:356)
	at org.apache.ratis.grpc.server.GrpcServerProtocolService$ServerRequestStreamObserver.onError(GrpcServerProtocolService.java:121)
	at org.apache.ratis.thirdparty.io.grpc.stub.ServerCalls$StreamingServerCallHandler$StreamingServerCallListener.onCancel(ServerCalls.java:269)
	at org.apache.ratis.thirdparty.io.grpc.internal.ServerCallImpl$ServerStreamListenerImpl.closed(ServerCallImpl.java:293)
	at org.apache.ratis.thirdparty.io.grpc.internal.ServerImpl$JumpToApplicationThreadServerStreamListener$1Closed.runInContext(ServerImpl.java:741)
	at org.apache.ratis.thirdparty.io.grpc.internal.ContextRunnable.run(ContextRunnable.java:37)
	at org.apache.ratis.thirdparty.io.grpc.internal.SerializingExecutor.run(SerializingExecutor.java:123)
	at java.util.concurrent.ThreadPoolExecutor.runWorker(ThreadPoolExecutor.java:1149)
	at java.util.concurrent.ThreadPoolExecutor$Worker.run(ThreadPoolExecutor.java:624)
	at java.lang.Thread.run(Thread.java:748)

Nov 13, 2019 6:48:27 PM org.apache.ratis.thirdparty.io.grpc.internal.SerializingExecutor run
SEVERE: Exception while executing runnable org.apache.ratis.thirdparty.io.grpc.internal.ServerImpl$JumpToApplicationThreadServerStreamListener$1Closed@32263703
org.apache.ratis.thirdparty.io.grpc.StatusRuntimeException: CANCELLED: call already cancelled
	at org.apache.ratis.thirdparty.io.grpc.Status.asRuntimeException(Status.java:517)
	at org.apache.ratis.thirdparty.io.grpc.stub.ServerCalls$ServerCallStreamObserverImpl.onCompleted(ServerCalls.java:356)
	at org.apache.ratis.grpc.server.GrpcServerProtocolService$ServerRequestStreamObserver.onError(GrpcServerProtocolService.java:121)
	at org.apache.ratis.thirdparty.io.grpc.stub.ServerCalls$StreamingServerCallHandler$StreamingServerCallListener.onCancel(ServerCalls.java:269)
	at org.apache.ratis.thirdparty.io.grpc.internal.ServerCallImpl$ServerStreamListenerImpl.closed(ServerCallImpl.java:293)
	at org.apache.ratis.thirdparty.io.grpc.internal.ServerImpl$JumpToApplicationThreadServerStreamListener$1Closed.runInContext(ServerImpl.java:741)
	at org.apache.ratis.thirdparty.io.grpc.internal.ContextRunnable.run(ContextRunnable.java:37)
	at org.apache.ratis.thirdparty.io.grpc.internal.SerializingExecutor.run(SerializingExecutor.java:123)
	at java.util.concurrent.ThreadPoolExecutor.runWorker(ThreadPoolExecutor.java:1149)
	at java.util.concurrent.ThreadPoolExecutor$Worker.run(ThreadPoolExecutor.java:624)
	at java.lang.Thread.run(Thread.java:748)

]]></system-err>
  </testcase>
  <testcase name="testMultiBlockWritesWithDnFailures" classname="org.apache.hadoop.ozone.client.rpc.TestMultiBlockWritesWithDnFailures" time="77.231"/>
</testsuite>