<?xml version="1.0" encoding="UTF-8"?>
<testsuite xmlns:xsi="http://www.w3.org/2001/XMLSchema-instance" xsi:noNamespaceSchemaLocation="https://maven.apache.org/surefire/maven-surefire-plugin/xsd/surefire-test-report.xsd" name="org.apache.hadoop.ozone.freon.TestFreonWithPipelineDestroy" time="56.273" tests="1" errors="1" skipped="0" failures="0">
  <properties>
    <property name="awt.toolkit" value="sun.awt.X11.XToolkit"/>
    <property name="file.encoding.pkg" value="sun.io"/>
    <property name="java.specification.version" value="1.8"/>
    <property name="sun.cpu.isalist" value=""/>
    <property name="sun.jnu.encoding" value="ANSI_X3.4-1968"/>
    <property name="java.class.path" value="/workdir/hadoop-ozone/tools/target/test-classes:/workdir/hadoop-ozone/tools/target/classes:/home/user/.m2/repository/org/apache/hadoop/hadoop-ozone-ozone-manager/0.5.0-SNAPSHOT/hadoop-ozone-ozone-manager-0.5.0-SNAPSHOT.jar:/home/user/.m2/repository/org/apache/hadoop/hadoop-hdds-docs/0.5.0-SNAPSHOT/hadoop-hdds-docs-0.5.0-SNAPSHOT.jar:/home/user/.m2/repository/org/bouncycastle/bcprov-jdk15on/1.60/bcprov-jdk15on-1.60.jar:/home/user/.m2/repository/org/apache/hadoop/hadoop-ozone-common/0.5.0-SNAPSHOT/hadoop-ozone-common-0.5.0-SNAPSHOT.jar:/home/user/.m2/repository/org/apache/commons/commons-compress/1.4.1/commons-compress-1.4.1.jar:/home/user/.m2/repository/org/tukaani/xz/1.0/xz-1.0.jar:/home/user/.m2/repository/org/apache/hadoop/hadoop-hdfs-client/3.2.0/hadoop-hdfs-client-3.2.0.jar:/home/user/.m2/repository/com/fasterxml/jackson/core/jackson-annotations/2.9.9/jackson-annotations-2.9.9.jar:/home/user/.m2/repository/org/apache/hadoop/hadoop-hdds-common/0.5.0-SNAPSHOT/hadoop-hdds-common-0.5.0-SNAPSHOT.jar:/home/user/.m2/repository/org/apache/hadoop/hadoop-hdds-config/0.5.0-SNAPSHOT/hadoop-hdds-config-0.5.0-SNAPSHOT.jar:/home/user/.m2/repository/javax/annotation/javax.annotation-api/1.2/javax.annotation-api-1.2.jar:/home/user/.m2/repository/org/apache/ratis/ratis-server/0.5.0-d6d58d0-SNAPSHOT/ratis-server-0.5.0-d6d58d0-SNAPSHOT.jar:/home/user/.m2/repository/org/apache/ratis/ratis-thirdparty-misc/0.2.0/ratis-thirdparty-misc-0.2.0.jar:/home/user/.m2/repository/org/apache/ratis/ratis-proto/0.5.0-d6d58d0-SNAPSHOT/ratis-proto-0.5.0-d6d58d0-SNAPSHOT.jar:/home/user/.m2/repository/org/apache/ratis/ratis-common/0.5.0-d6d58d0-SNAPSHOT/ratis-common-0.5.0-d6d58d0-SNAPSHOT.jar:/home/user/.m2/repository/org/apache/ratis/ratis-client/0.5.0-d6d58d0-SNAPSHOT/ratis-client-0.5.0-d6d58d0-SNAPSHOT.jar:/home/user/.m2/repository/org/apache/ratis/ratis-metrics/0.5.0-d6d58d0-SNAPSHOT/ratis-metrics-0.5.0-d6d58d0-SNAPSHOT.jar:/home/user/.m2/repository/org/apache/ratis/ratis-netty/0.5.0-d6d58d0-SNAPSHOT/ratis-netty-0.5.0-d6d58d0-SNAPSHOT.jar:/home/user/.m2/repository/org/apache/ratis/ratis-grpc/0.5.0-d6d58d0-SNAPSHOT/ratis-grpc-0.5.0-d6d58d0-SNAPSHOT.jar:/home/user/.m2/repository/org/rocksdb/rocksdbjni/6.0.1/rocksdbjni-6.0.1.jar:/home/user/.m2/repository/org/apache/logging/log4j/log4j-api/2.11.0/log4j-api-2.11.0.jar:/home/user/.m2/repository/org/apache/logging/log4j/log4j-core/2.11.0/log4j-core-2.11.0.jar:/home/user/.m2/repository/com/lmax/disruptor/3.4.2/disruptor-3.4.2.jar:/home/user/.m2/repository/org/apache/commons/commons-pool2/2.6.0/commons-pool2-2.6.0.jar:/home/user/.m2/repository/org/bouncycastle/bcpkix-jdk15on/1.60/bcpkix-jdk15on-1.60.jar:/home/user/.m2/repository/commons-validator/commons-validator/1.6/commons-validator-1.6.jar:/home/user/.m2/repository/commons-digester/commons-digester/1.8.1/commons-digester-1.8.1.jar:/home/user/.m2/repository/io/jaegertracing/jaeger-client/0.34.0/jaeger-client-0.34.0.jar:/home/user/.m2/repository/io/jaegertracing/jaeger-thrift/0.34.0/jaeger-thrift-0.34.0.jar:/home/user/.m2/repository/org/apache/thrift/libthrift/0.12.0/libthrift-0.12.0.jar:/home/user/.m2/repository/com/squareup/okhttp3/okhttp/3.9.0/okhttp-3.9.0.jar:/home/user/.m2/repository/com/squareup/okio/okio/1.13.0/okio-1.13.0.jar:/home/user/.m2/repository/io/jaegertracing/jaeger-core/0.34.0/jaeger-core-0.34.0.jar:/home/user/.m2/repository/io/jaegertracing/jaeger-tracerresolver/0.34.0/jaeger-tracerresolver-0.34.0.jar:/home/user/.m2/repository/io/opentracing/contrib/opentracing-tracerresolver/0.1.5/opentracing-tracerresolver-0.1.5.jar:/home/user/.m2/repository/io/opentracing/opentracing-util/0.31.0/opentracing-util-0.31.0.jar:/home/user/.m2/repository/io/opentracing/opentracing-api/0.31.0/opentracing-api-0.31.0.jar:/home/user/.m2/repository/io/opentracing/opentracing-noop/0.31.0/opentracing-noop-0.31.0.jar:/home/user/.m2/repository/org/yaml/snakeyaml/1.16/snakeyaml-1.16.jar:/home/user/.m2/repository/org/apache/hadoop/hadoop-hdds-container-service/0.5.0-SNAPSHOT/hadoop-hdds-container-service-0.5.0-SNAPSHOT.jar:/home/user/.m2/repository/org/apache/hadoop/hadoop-hdds-client/0.5.0-SNAPSHOT/hadoop-hdds-client-0.5.0-SNAPSHOT.jar:/home/user/.m2/repository/org/apache/hadoop/hadoop-hdds-tools/0.5.0-SNAPSHOT/hadoop-hdds-tools-0.5.0-SNAPSHOT.jar:/home/user/.m2/repository/org/xerial/sqlite-jdbc/3.25.2/sqlite-jdbc-3.25.2.jar:/home/user/.m2/repository/org/apache/hadoop/hadoop-hdds-server-scm/0.5.0-SNAPSHOT/hadoop-hdds-server-scm-0.5.0-SNAPSHOT.jar:/home/user/.m2/repository/org/hamcrest/hamcrest-all/1.3/hamcrest-all-1.3.jar:/home/user/.m2/repository/info/picocli/picocli/3.9.6/picocli-3.9.6.jar:/home/user/.m2/repository/com/google/protobuf/protobuf-java/2.5.0/protobuf-java-2.5.0.jar:/home/user/.m2/repository/com/google/guava/guava/11.0.2/guava-11.0.2.jar:/home/user/.m2/repository/org/apache/hadoop/hadoop-ozone-client/0.5.0-SNAPSHOT/hadoop-ozone-client-0.5.0-SNAPSHOT.jar:/workdir/hadoop-ozone/ozonefs/target/classes:/home/user/.m2/repository/org/apache/httpcomponents/httpclient/4.5.2/httpclient-4.5.2.jar:/home/user/.m2/repository/org/apache/httpcomponents/httpcore/4.4.4/httpcore-4.4.4.jar:/home/user/.m2/repository/org/apache/hadoop/hadoop-hdds-server-framework/0.5.0-SNAPSHOT/hadoop-hdds-server-framework-0.5.0-SNAPSHOT.jar:/home/user/.m2/repository/org/apache/hadoop/hadoop-common/3.2.0/hadoop-common-3.2.0.jar:/home/user/.m2/repository/org/apache/hadoop/hadoop-annotations/3.2.0/hadoop-annotations-3.2.0.jar:/usr/lib/jvm/java-1.8.0-openjdk-1.8.0.222.b10-1.el7_7.x86_64/jre/../lib/tools.jar:/home/user/.m2/repository/commons-cli/commons-cli/1.2/commons-cli-1.2.jar:/home/user/.m2/repository/org/apache/commons/commons-math3/3.1.1/commons-math3-3.1.1.jar:/home/user/.m2/repository/commons-codec/commons-codec/1.11/commons-codec-1.11.jar:/home/user/.m2/repository/commons-io/commons-io/2.5/commons-io-2.5.jar:/home/user/.m2/repository/commons-net/commons-net/3.6/commons-net-3.6.jar:/home/user/.m2/repository/commons-collections/commons-collections/3.2.2/commons-collections-3.2.2.jar:/home/user/.m2/repository/javax/servlet/javax.servlet-api/3.1.0/javax.servlet-api-3.1.0.jar:/home/user/.m2/repository/org/eclipse/jetty/jetty-server/9.3.25.v20180904/jetty-server-9.3.25.v20180904.jar:/home/user/.m2/repository/org/eclipse/jetty/jetty-http/9.3.25.v20180904/jetty-http-9.3.25.v20180904.jar:/home/user/.m2/repository/org/eclipse/jetty/jetty-io/9.3.25.v20180904/jetty-io-9.3.25.v20180904.jar:/home/user/.m2/repository/org/eclipse/jetty/jetty-util/9.3.25.v20180904/jetty-util-9.3.25.v20180904.jar:/home/user/.m2/repository/org/eclipse/jetty/jetty-servlet/9.3.25.v20180904/jetty-servlet-9.3.25.v20180904.jar:/home/user/.m2/repository/org/eclipse/jetty/jetty-security/9.3.25.v20180904/jetty-security-9.3.25.v20180904.jar:/home/user/.m2/repository/org/eclipse/jetty/jetty-webapp/9.3.25.v20180904/jetty-webapp-9.3.25.v20180904.jar:/home/user/.m2/repository/org/eclipse/jetty/jetty-xml/9.3.25.v20180904/jetty-xml-9.3.25.v20180904.jar:/home/user/.m2/repository/javax/servlet/jsp/jsp-api/2.1/jsp-api-2.1.jar:/home/user/.m2/repository/com/sun/jersey/jersey-core/1.19/jersey-core-1.19.jar:/home/user/.m2/repository/javax/ws/rs/jsr311-api/1.1.1/jsr311-api-1.1.1.jar:/home/user/.m2/repository/com/sun/jersey/jersey-servlet/1.19/jersey-servlet-1.19.jar:/home/user/.m2/repository/com/sun/jersey/jersey-json/1.19/jersey-json-1.19.jar:/home/user/.m2/repository/org/codehaus/jettison/jettison/1.1/jettison-1.1.jar:/home/user/.m2/repository/com/sun/xml/bind/jaxb-impl/2.3.0.1/jaxb-impl-2.3.0.1.jar:/home/user/.m2/repository/org/codehaus/jackson/jackson-core-asl/1.9.13/jackson-core-asl-1.9.13.jar:/home/user/.m2/repository/org/codehaus/jackson/jackson-mapper-asl/1.9.13/jackson-mapper-asl-1.9.13.jar:/home/user/.m2/repository/org/codehaus/jackson/jackson-jaxrs/1.9.13/jackson-jaxrs-1.9.13.jar:/home/user/.m2/repository/org/codehaus/jackson/jackson-xc/1.9.13/jackson-xc-1.9.13.jar:/home/user/.m2/repository/com/sun/jersey/jersey-server/1.19/jersey-server-1.19.jar:/home/user/.m2/repository/commons-logging/commons-logging/1.1.3/commons-logging-1.1.3.jar:/home/user/.m2/repository/log4j/log4j/1.2.17/log4j-1.2.17.jar:/home/user/.m2/repository/commons-beanutils/commons-beanutils/1.9.4/commons-beanutils-1.9.4.jar:/home/user/.m2/repository/org/apache/commons/commons-configuration2/2.1.1/commons-configuration2-2.1.1.jar:/home/user/.m2/repository/org/apache/commons/commons-lang3/3.7/commons-lang3-3.7.jar:/home/user/.m2/repository/org/apache/commons/commons-text/1.4/commons-text-1.4.jar:/home/user/.m2/repository/org/slf4j/slf4j-api/1.7.25/slf4j-api-1.7.25.jar:/home/user/.m2/repository/org/slf4j/slf4j-log4j12/1.7.25/slf4j-log4j12-1.7.25.jar:/home/user/.m2/repository/org/apache/avro/avro/1.7.7/avro-1.7.7.jar:/home/user/.m2/repository/com/thoughtworks/paranamer/paranamer/2.3/paranamer-2.3.jar:/home/user/.m2/repository/org/xerial/snappy/snappy-java/1.0.5/snappy-java-1.0.5.jar:/home/user/.m2/repository/com/google/re2j/re2j/1.1/re2j-1.1.jar:/home/user/.m2/repository/com/google/code/gson/gson/2.2.4/gson-2.2.4.jar:/home/user/.m2/repository/org/apache/hadoop/hadoop-auth/3.2.0/hadoop-auth-3.2.0.jar:/home/user/.m2/repository/com/nimbusds/nimbus-jose-jwt/4.41.1/nimbus-jose-jwt-4.41.1.jar:/home/user/.m2/repository/com/github/stephenc/jcip/jcip-annotations/1.0-1/jcip-annotations-1.0-1.jar:/home/user/.m2/repository/net/minidev/json-smart/2.3/json-smart-2.3.jar:/home/user/.m2/repository/net/minidev/accessors-smart/1.2/accessors-smart-1.2.jar:/home/user/.m2/repository/org/apache/curator/curator-framework/2.12.0/curator-framework-2.12.0.jar:/home/user/.m2/repository/com/jcraft/jsch/0.1.54/jsch-0.1.54.jar:/home/user/.m2/repository/org/apache/curator/curator-client/2.12.0/curator-client-2.12.0.jar:/home/user/.m2/repository/org/apache/curator/curator-recipes/2.12.0/curator-recipes-2.12.0.jar:/home/user/.m2/repository/com/google/code/findbugs/jsr305/3.0.0/jsr305-3.0.0.jar:/home/user/.m2/repository/org/apache/htrace/htrace-core4/4.1.0-incubating/htrace-core4-4.1.0-incubating.jar:/home/user/.m2/repository/org/apache/zookeeper/zookeeper/3.4.13/zookeeper-3.4.13.jar:/home/user/.m2/repository/jline/jline/0.9.94/jline-0.9.94.jar:/home/user/.m2/repository/org/apache/yetus/audience-annotations/0.5.0/audience-annotations-0.5.0.jar:/home/user/.m2/repository/org/apache/kerby/kerb-simplekdc/1.0.1/kerb-simplekdc-1.0.1.jar:/home/user/.m2/repository/org/apache/kerby/kerb-client/1.0.1/kerb-client-1.0.1.jar:/home/user/.m2/repository/org/apache/kerby/kerby-config/1.0.1/kerby-config-1.0.1.jar:/home/user/.m2/repository/org/apache/kerby/kerb-core/1.0.1/kerb-core-1.0.1.jar:/home/user/.m2/repository/org/apache/kerby/kerby-pkix/1.0.1/kerby-pkix-1.0.1.jar:/home/user/.m2/repository/org/apache/kerby/kerby-asn1/1.0.1/kerby-asn1-1.0.1.jar:/home/user/.m2/repository/org/apache/kerby/kerby-util/1.0.1/kerby-util-1.0.1.jar:/home/user/.m2/repository/org/apache/kerby/kerb-common/1.0.1/kerb-common-1.0.1.jar:/home/user/.m2/repository/org/apache/kerby/kerb-crypto/1.0.1/kerb-crypto-1.0.1.jar:/home/user/.m2/repository/org/apache/kerby/kerb-util/1.0.1/kerb-util-1.0.1.jar:/home/user/.m2/repository/org/apache/kerby/token-provider/1.0.1/token-provider-1.0.1.jar:/home/user/.m2/repository/org/apache/kerby/kerb-admin/1.0.1/kerb-admin-1.0.1.jar:/home/user/.m2/repository/org/apache/kerby/kerb-server/1.0.1/kerb-server-1.0.1.jar:/home/user/.m2/repository/org/apache/kerby/kerb-identity/1.0.1/kerb-identity-1.0.1.jar:/home/user/.m2/repository/org/apache/kerby/kerby-xdr/1.0.1/kerby-xdr-1.0.1.jar:/home/user/.m2/repository/com/fasterxml/jackson/core/jackson-databind/2.9.9/jackson-databind-2.9.9.jar:/home/user/.m2/repository/com/fasterxml/jackson/core/jackson-core/2.9.9/jackson-core-2.9.9.jar:/home/user/.m2/repository/org/codehaus/woodstox/stax2-api/3.1.4/stax2-api-3.1.4.jar:/home/user/.m2/repository/com/fasterxml/woodstox/woodstox-core/5.0.3/woodstox-core-5.0.3.jar:/home/user/.m2/repository/dnsjava/dnsjava/2.1.7/dnsjava-2.1.7.jar:/home/user/.m2/repository/org/apache/hadoop/hadoop-hdfs/3.2.0/hadoop-hdfs-3.2.0.jar:/home/user/.m2/repository/org/eclipse/jetty/jetty-util-ajax/9.3.25.v20180904/jetty-util-ajax-9.3.25.v20180904.jar:/home/user/.m2/repository/commons-daemon/commons-daemon/1.0.13/commons-daemon-1.0.13.jar:/home/user/.m2/repository/io/netty/netty/3.10.5.Final/netty-3.10.5.Final.jar:/home/user/.m2/repository/io/netty/netty-all/4.0.52.Final/netty-all-4.0.52.Final.jar:/home/user/.m2/repository/org/fusesource/leveldbjni/leveldbjni-all/1.8/leveldbjni-all-1.8.jar:/home/user/.m2/repository/com/sun/xml/bind/jaxb-core/2.3.0.1/jaxb-core-2.3.0.1.jar:/home/user/.m2/repository/javax/xml/bind/jaxb-api/2.3.0/jaxb-api-2.3.0.jar:/home/user/.m2/repository/javax/activation/activation/1.1.1/activation-1.1.1.jar:/home/user/.m2/repository/org/openjdk/jmh/jmh-core/1.19/jmh-core-1.19.jar:/home/user/.m2/repository/net/sf/jopt-simple/jopt-simple/4.6/jopt-simple-4.6.jar:/home/user/.m2/repository/org/openjdk/jmh/jmh-generator-annprocess/1.19/jmh-generator-annprocess-1.19.jar:/home/user/.m2/repository/io/dropwizard/metrics/metrics-core/3.2.4/metrics-core-3.2.4.jar:/home/user/.m2/repository/com/amazonaws/aws-java-sdk-s3/1.11.615/aws-java-sdk-s3-1.11.615.jar:/home/user/.m2/repository/com/amazonaws/aws-java-sdk-kms/1.11.615/aws-java-sdk-kms-1.11.615.jar:/home/user/.m2/repository/com/amazonaws/aws-java-sdk-core/1.11.615/aws-java-sdk-core-1.11.615.jar:/home/user/.m2/repository/software/amazon/ion/ion-java/1.0.2/ion-java-1.0.2.jar:/home/user/.m2/repository/com/fasterxml/jackson/dataformat/jackson-dataformat-cbor/2.9.9/jackson-dataformat-cbor-2.9.9.jar:/home/user/.m2/repository/joda-time/joda-time/2.9.9/joda-time-2.9.9.jar:/home/user/.m2/repository/com/amazonaws/jmespath-java/1.11.615/jmespath-java-1.11.615.jar:/home/user/.m2/repository/com/github/spotbugs/spotbugs/3.1.12/spotbugs-3.1.12.jar:/home/user/.m2/repository/org/ow2/asm/asm/5.0.4/asm-5.0.4.jar:/home/user/.m2/repository/org/ow2/asm/asm-analysis/7.0/asm-analysis-7.0.jar:/home/user/.m2/repository/org/ow2/asm/asm-commons/7.0/asm-commons-7.0.jar:/home/user/.m2/repository/org/ow2/asm/asm-tree/7.0/asm-tree-7.0.jar:/home/user/.m2/repository/org/ow2/asm/asm-util/7.0/asm-util-7.0.jar:/home/user/.m2/repository/org/apache/bcel/bcel/6.3/bcel-6.3.jar:/home/user/.m2/repository/net/jcip/jcip-annotations/1.0/jcip-annotations-1.0.jar:/home/user/.m2/repository/org/dom4j/dom4j/2.1.1/dom4j-2.1.1.jar:/home/user/.m2/repository/jaxen/jaxen/1.1.6/jaxen-1.1.6.jar:/home/user/.m2/repository/commons-lang/commons-lang/2.6/commons-lang-2.6.jar:/home/user/.m2/repository/com/github/spotbugs/spotbugs-annotations/3.1.12/spotbugs-annotations-3.1.12.jar:/home/user/.m2/repository/junit/junit/4.11/junit-4.11.jar:/home/user/.m2/repository/org/hamcrest/hamcrest-core/1.3/hamcrest-core-1.3.jar:/home/user/.m2/repository/org/apache/hadoop/hadoop-common/3.2.0/hadoop-common-3.2.0-tests.jar:/workdir/hadoop-ozone/integration-test/target/test-classes:/home/user/.m2/repository/org/apache/hadoop/hadoop-ozone-s3gateway/0.5.0-SNAPSHOT/hadoop-ozone-s3gateway-0.5.0-SNAPSHOT.jar:/home/user/.m2/repository/org/jboss/weld/servlet/weld-servlet/2.4.7.Final/weld-servlet-2.4.7.Final.jar:/home/user/.m2/repository/org/glassfish/jersey/containers/jersey-container-servlet-core/2.27/jersey-container-servlet-core-2.27.jar:/home/user/.m2/repository/org/glassfish/hk2/external/javax.inject/2.5.0-b42/javax.inject-2.5.0-b42.jar:/home/user/.m2/repository/org/glassfish/jersey/core/jersey-common/2.27/jersey-common-2.27.jar:/home/user/.m2/repository/org/glassfish/hk2/osgi-resource-locator/1.0.1/osgi-resource-locator-1.0.1.jar:/home/user/.m2/repository/javax/ws/rs/javax.ws.rs-api/2.1/javax.ws.rs-api-2.1.jar:/home/user/.m2/repository/org/glassfish/jersey/ext/cdi/jersey-cdi1x/2.27/jersey-cdi1x-2.27.jar:/home/user/.m2/repository/org/glassfish/jersey/inject/jersey-hk2/2.27/jersey-hk2-2.27.jar:/home/user/.m2/repository/org/glassfish/hk2/hk2-locator/2.5.0-b42/hk2-locator-2.5.0-b42.jar:/home/user/.m2/repository/org/javassist/javassist/3.22.0-CR2/javassist-3.22.0-CR2.jar:/home/user/.m2/repository/org/glassfish/hk2/hk2-api/2.5.0/hk2-api-2.5.0.jar:/home/user/.m2/repository/org/glassfish/hk2/external/jakarta.inject/2.5.0/jakarta.inject-2.5.0.jar:/home/user/.m2/repository/org/glassfish/hk2/hk2-utils/2.5.0/hk2-utils-2.5.0.jar:/home/user/.m2/repository/jakarta/annotation/jakarta.annotation-api/1.3.4/jakarta.annotation-api-1.3.4.jar:/home/user/.m2/repository/org/glassfish/hk2/external/aopalliance-repackaged/2.5.0/aopalliance-repackaged-2.5.0.jar:/home/user/.m2/repository/com/fasterxml/jackson/dataformat/jackson-dataformat-xml/2.9.0/jackson-dataformat-xml-2.9.0.jar:/home/user/.m2/repository/com/fasterxml/jackson/module/jackson-module-jaxb-annotations/2.9.9/jackson-module-jaxb-annotations-2.9.9.jar:/home/user/.m2/repository/javax/enterprise/cdi-api/1.2/cdi-api-1.2.jar:/home/user/.m2/repository/javax/el/javax.el-api/3.0.0/javax.el-api-3.0.0.jar:/home/user/.m2/repository/javax/interceptor/javax.interceptor-api/1.2/javax.interceptor-api-1.2.jar:/home/user/.m2/repository/javax/inject/javax.inject/1/javax.inject-1.jar:/home/user/.m2/repository/org/apache/hadoop/hadoop-ozone-csi/0.5.0-SNAPSHOT/hadoop-ozone-csi-0.5.0-SNAPSHOT.jar:/home/user/.m2/repository/com/google/protobuf/protobuf-java-util/3.5.1/protobuf-java-util-3.5.1.jar:/home/user/.m2/repository/io/grpc/grpc-netty/1.17.1/grpc-netty-1.17.1.jar:/home/user/.m2/repository/io/grpc/grpc-core/1.17.1/grpc-core-1.17.1.jar:/home/user/.m2/repository/io/grpc/grpc-context/1.17.1/grpc-context-1.17.1.jar:/home/user/.m2/repository/com/google/errorprone/error_prone_annotations/2.2.0/error_prone_annotations-2.2.0.jar:/home/user/.m2/repository/org/codehaus/mojo/animal-sniffer-annotations/1.17/animal-sniffer-annotations-1.17.jar:/home/user/.m2/repository/io/opencensus/opencensus-api/0.17.0/opencensus-api-0.17.0.jar:/home/user/.m2/repository/io/opencensus/opencensus-contrib-grpc-metrics/0.17.0/opencensus-contrib-grpc-metrics-0.17.0.jar:/home/user/.m2/repository/io/netty/netty-codec-http2/4.1.30.Final/netty-codec-http2-4.1.30.Final.jar:/home/user/.m2/repository/io/netty/netty-codec-http/4.1.30.Final/netty-codec-http-4.1.30.Final.jar:/home/user/.m2/repository/io/netty/netty-codec/4.1.30.Final/netty-codec-4.1.30.Final.jar:/home/user/.m2/repository/io/netty/netty-handler/4.1.30.Final/netty-handler-4.1.30.Final.jar:/home/user/.m2/repository/io/netty/netty-handler-proxy/4.1.30.Final/netty-handler-proxy-4.1.30.Final.jar:/home/user/.m2/repository/io/netty/netty-codec-socks/4.1.30.Final/netty-codec-socks-4.1.30.Final.jar:/home/user/.m2/repository/io/netty/netty-transport-native-epoll/4.1.30.Final/netty-transport-native-epoll-4.1.30.Final.jar:/home/user/.m2/repository/io/netty/netty-common/4.1.30.Final/netty-common-4.1.30.Final.jar:/home/user/.m2/repository/io/netty/netty-buffer/4.1.30.Final/netty-buffer-4.1.30.Final.jar:/home/user/.m2/repository/io/netty/netty-transport/4.1.30.Final/netty-transport-4.1.30.Final.jar:/home/user/.m2/repository/io/netty/netty-resolver/4.1.30.Final/netty-resolver-4.1.30.Final.jar:/home/user/.m2/repository/io/netty/netty-transport-native-unix-common/4.1.30.Final/netty-transport-native-unix-common-4.1.30.Final.jar:/home/user/.m2/repository/io/grpc/grpc-protobuf/1.17.1/grpc-protobuf-1.17.1.jar:/home/user/.m2/repository/com/google/api/grpc/proto-google-common-protos/1.0.0/proto-google-common-protos-1.0.0.jar:/home/user/.m2/repository/io/grpc/grpc-protobuf-lite/1.17.1/grpc-protobuf-lite-1.17.1.jar:/home/user/.m2/repository/io/grpc/grpc-stub/1.17.1/grpc-stub-1.17.1.jar:/home/user/.m2/repository/org/apache/hadoop/hadoop-ozone-recon/0.5.0-SNAPSHOT/hadoop-ozone-recon-0.5.0-SNAPSHOT.jar:/home/user/.m2/repository/org/apache/hadoop/hadoop-ozone-reconcodegen/0.5.0-SNAPSHOT/hadoop-ozone-reconcodegen-0.5.0-SNAPSHOT.jar:/home/user/.m2/repository/com/google/inject/extensions/guice-multibindings/4.0/guice-multibindings-4.0.jar:/home/user/.m2/repository/com/google/inject/guice/4.0/guice-4.0.jar:/home/user/.m2/repository/aopalliance/aopalliance/1.0/aopalliance-1.0.jar:/home/user/.m2/repository/com/google/inject/extensions/guice-servlet/4.0/guice-servlet-4.0.jar:/home/user/.m2/repository/org/glassfish/jersey/containers/jersey-container-servlet/2.27/jersey-container-servlet-2.27.jar:/home/user/.m2/repository/org/glassfish/hk2/guice-bridge/2.5.0/guice-bridge-2.5.0.jar:/home/user/.m2/repository/org/glassfish/jersey/core/jersey-server/2.27/jersey-server-2.27.jar:/home/user/.m2/repository/org/glassfish/jersey/core/jersey-client/2.27/jersey-client-2.27.jar:/home/user/.m2/repository/org/glassfish/jersey/media/jersey-media-jaxb/2.27/jersey-media-jaxb-2.27.jar:/home/user/.m2/repository/javax/validation/validation-api/1.1.0.Final/validation-api-1.1.0.Final.jar:/home/user/.m2/repository/org/glassfish/jersey/media/jersey-media-json-jackson/2.27/jersey-media-json-jackson-2.27.jar:/home/user/.m2/repository/org/glassfish/jersey/ext/jersey-entity-filtering/2.27/jersey-entity-filtering-2.27.jar:/home/user/.m2/repository/com/google/inject/extensions/guice-assistedinject/4.0/guice-assistedinject-4.0.jar:/home/user/.m2/repository/org/jooq/jooq/3.11.10/jooq-3.11.10.jar:/home/user/.m2/repository/org/jooq/jooq-meta/3.11.10/jooq-meta-3.11.10.jar:/home/user/.m2/repository/org/jooq/jooq-codegen/3.11.10/jooq-codegen-3.11.10.jar:/home/user/.m2/repository/com/jolbox/bonecp/0.8.0.RELEASE/bonecp-0.8.0.RELEASE.jar:/home/user/.m2/repository/org/springframework/spring-jdbc/5.1.3.RELEASE/spring-jdbc-5.1.3.RELEASE.jar:/home/user/.m2/repository/org/springframework/spring-beans/5.1.3.RELEASE/spring-beans-5.1.3.RELEASE.jar:/home/user/.m2/repository/org/springframework/spring-core/5.1.3.RELEASE/spring-core-5.1.3.RELEASE.jar:/home/user/.m2/repository/org/springframework/spring-jcl/5.1.3.RELEASE/spring-jcl-5.1.3.RELEASE.jar:/home/user/.m2/repository/org/springframework/spring-tx/5.1.3.RELEASE/spring-tx-5.1.3.RELEASE.jar:/home/user/.m2/repository/org/mockito/mockito-core/2.15.0/mockito-core-2.15.0.jar:/home/user/.m2/repository/net/bytebuddy/byte-buddy/1.7.9/byte-buddy-1.7.9.jar:/home/user/.m2/repository/net/bytebuddy/byte-buddy-agent/1.7.9/byte-buddy-agent-1.7.9.jar:/home/user/.m2/repository/org/objenesis/objenesis/1.0/objenesis-1.0.jar:"/>
    <property name="java.vm.vendor" value="Oracle Corporation"/>
    <property name="sun.arch.data.model" value="64"/>
    <property name="test.build.dir" value="/workdir/hadoop-ozone/tools/target/test-dir"/>
    <property name="test.cache.data" value=""/>
    <property name="java.vendor.url" value="http://java.oracle.com/"/>
    <property name="user.timezone" value=""/>
    <property name="java.vm.specification.version" value="1.8"/>
    <property name="os.name" value="Linux"/>
    <property name="test.build.data" value="/workdir/hadoop-ozone/tools/target/test-dir"/>
    <property name="user.country" value="US"/>
    <property name="sun.java.launcher" value="SUN_STANDARD"/>
    <property name="sun.boot.library.path" value="/usr/lib/jvm/java-1.8.0-openjdk-1.8.0.222.b10-1.el7_7.x86_64/jre/lib/amd64"/>
    <property name="sun.java.command" value="/workdir/hadoop-ozone/tools/target/surefire/surefirebooter6916074912478725056.jar /workdir/hadoop-ozone/tools/target/surefire 2019-11-19T04-58-17_643-jvmRun1 surefire2106406853006853715tmp surefire_982960471467805451463tmp"/>
    <property name="surefire.test.class.path" value="/workdir/hadoop-ozone/tools/target/test-classes:/workdir/hadoop-ozone/tools/target/classes:/home/user/.m2/repository/org/apache/hadoop/hadoop-ozone-ozone-manager/0.5.0-SNAPSHOT/hadoop-ozone-ozone-manager-0.5.0-SNAPSHOT.jar:/home/user/.m2/repository/org/apache/hadoop/hadoop-hdds-docs/0.5.0-SNAPSHOT/hadoop-hdds-docs-0.5.0-SNAPSHOT.jar:/home/user/.m2/repository/org/bouncycastle/bcprov-jdk15on/1.60/bcprov-jdk15on-1.60.jar:/home/user/.m2/repository/org/apache/hadoop/hadoop-ozone-common/0.5.0-SNAPSHOT/hadoop-ozone-common-0.5.0-SNAPSHOT.jar:/home/user/.m2/repository/org/apache/commons/commons-compress/1.4.1/commons-compress-1.4.1.jar:/home/user/.m2/repository/org/tukaani/xz/1.0/xz-1.0.jar:/home/user/.m2/repository/org/apache/hadoop/hadoop-hdfs-client/3.2.0/hadoop-hdfs-client-3.2.0.jar:/home/user/.m2/repository/com/fasterxml/jackson/core/jackson-annotations/2.9.9/jackson-annotations-2.9.9.jar:/home/user/.m2/repository/org/apache/hadoop/hadoop-hdds-common/0.5.0-SNAPSHOT/hadoop-hdds-common-0.5.0-SNAPSHOT.jar:/home/user/.m2/repository/org/apache/hadoop/hadoop-hdds-config/0.5.0-SNAPSHOT/hadoop-hdds-config-0.5.0-SNAPSHOT.jar:/home/user/.m2/repository/javax/annotation/javax.annotation-api/1.2/javax.annotation-api-1.2.jar:/home/user/.m2/repository/org/apache/ratis/ratis-server/0.5.0-d6d58d0-SNAPSHOT/ratis-server-0.5.0-d6d58d0-SNAPSHOT.jar:/home/user/.m2/repository/org/apache/ratis/ratis-thirdparty-misc/0.2.0/ratis-thirdparty-misc-0.2.0.jar:/home/user/.m2/repository/org/apache/ratis/ratis-proto/0.5.0-d6d58d0-SNAPSHOT/ratis-proto-0.5.0-d6d58d0-SNAPSHOT.jar:/home/user/.m2/repository/org/apache/ratis/ratis-common/0.5.0-d6d58d0-SNAPSHOT/ratis-common-0.5.0-d6d58d0-SNAPSHOT.jar:/home/user/.m2/repository/org/apache/ratis/ratis-client/0.5.0-d6d58d0-SNAPSHOT/ratis-client-0.5.0-d6d58d0-SNAPSHOT.jar:/home/user/.m2/repository/org/apache/ratis/ratis-metrics/0.5.0-d6d58d0-SNAPSHOT/ratis-metrics-0.5.0-d6d58d0-SNAPSHOT.jar:/home/user/.m2/repository/org/apache/ratis/ratis-netty/0.5.0-d6d58d0-SNAPSHOT/ratis-netty-0.5.0-d6d58d0-SNAPSHOT.jar:/home/user/.m2/repository/org/apache/ratis/ratis-grpc/0.5.0-d6d58d0-SNAPSHOT/ratis-grpc-0.5.0-d6d58d0-SNAPSHOT.jar:/home/user/.m2/repository/org/rocksdb/rocksdbjni/6.0.1/rocksdbjni-6.0.1.jar:/home/user/.m2/repository/org/apache/logging/log4j/log4j-api/2.11.0/log4j-api-2.11.0.jar:/home/user/.m2/repository/org/apache/logging/log4j/log4j-core/2.11.0/log4j-core-2.11.0.jar:/home/user/.m2/repository/com/lmax/disruptor/3.4.2/disruptor-3.4.2.jar:/home/user/.m2/repository/org/apache/commons/commons-pool2/2.6.0/commons-pool2-2.6.0.jar:/home/user/.m2/repository/org/bouncycastle/bcpkix-jdk15on/1.60/bcpkix-jdk15on-1.60.jar:/home/user/.m2/repository/commons-validator/commons-validator/1.6/commons-validator-1.6.jar:/home/user/.m2/repository/commons-digester/commons-digester/1.8.1/commons-digester-1.8.1.jar:/home/user/.m2/repository/io/jaegertracing/jaeger-client/0.34.0/jaeger-client-0.34.0.jar:/home/user/.m2/repository/io/jaegertracing/jaeger-thrift/0.34.0/jaeger-thrift-0.34.0.jar:/home/user/.m2/repository/org/apache/thrift/libthrift/0.12.0/libthrift-0.12.0.jar:/home/user/.m2/repository/com/squareup/okhttp3/okhttp/3.9.0/okhttp-3.9.0.jar:/home/user/.m2/repository/com/squareup/okio/okio/1.13.0/okio-1.13.0.jar:/home/user/.m2/repository/io/jaegertracing/jaeger-core/0.34.0/jaeger-core-0.34.0.jar:/home/user/.m2/repository/io/jaegertracing/jaeger-tracerresolver/0.34.0/jaeger-tracerresolver-0.34.0.jar:/home/user/.m2/repository/io/opentracing/contrib/opentracing-tracerresolver/0.1.5/opentracing-tracerresolver-0.1.5.jar:/home/user/.m2/repository/io/opentracing/opentracing-util/0.31.0/opentracing-util-0.31.0.jar:/home/user/.m2/repository/io/opentracing/opentracing-api/0.31.0/opentracing-api-0.31.0.jar:/home/user/.m2/repository/io/opentracing/opentracing-noop/0.31.0/opentracing-noop-0.31.0.jar:/home/user/.m2/repository/org/yaml/snakeyaml/1.16/snakeyaml-1.16.jar:/home/user/.m2/repository/org/apache/hadoop/hadoop-hdds-container-service/0.5.0-SNAPSHOT/hadoop-hdds-container-service-0.5.0-SNAPSHOT.jar:/home/user/.m2/repository/org/apache/hadoop/hadoop-hdds-client/0.5.0-SNAPSHOT/hadoop-hdds-client-0.5.0-SNAPSHOT.jar:/home/user/.m2/repository/org/apache/hadoop/hadoop-hdds-tools/0.5.0-SNAPSHOT/hadoop-hdds-tools-0.5.0-SNAPSHOT.jar:/home/user/.m2/repository/org/xerial/sqlite-jdbc/3.25.2/sqlite-jdbc-3.25.2.jar:/home/user/.m2/repository/org/apache/hadoop/hadoop-hdds-server-scm/0.5.0-SNAPSHOT/hadoop-hdds-server-scm-0.5.0-SNAPSHOT.jar:/home/user/.m2/repository/org/hamcrest/hamcrest-all/1.3/hamcrest-all-1.3.jar:/home/user/.m2/repository/info/picocli/picocli/3.9.6/picocli-3.9.6.jar:/home/user/.m2/repository/com/google/protobuf/protobuf-java/2.5.0/protobuf-java-2.5.0.jar:/home/user/.m2/repository/com/google/guava/guava/11.0.2/guava-11.0.2.jar:/home/user/.m2/repository/org/apache/hadoop/hadoop-ozone-client/0.5.0-SNAPSHOT/hadoop-ozone-client-0.5.0-SNAPSHOT.jar:/workdir/hadoop-ozone/ozonefs/target/classes:/home/user/.m2/repository/org/apache/httpcomponents/httpclient/4.5.2/httpclient-4.5.2.jar:/home/user/.m2/repository/org/apache/httpcomponents/httpcore/4.4.4/httpcore-4.4.4.jar:/home/user/.m2/repository/org/apache/hadoop/hadoop-hdds-server-framework/0.5.0-SNAPSHOT/hadoop-hdds-server-framework-0.5.0-SNAPSHOT.jar:/home/user/.m2/repository/org/apache/hadoop/hadoop-common/3.2.0/hadoop-common-3.2.0.jar:/home/user/.m2/repository/org/apache/hadoop/hadoop-annotations/3.2.0/hadoop-annotations-3.2.0.jar:/usr/lib/jvm/java-1.8.0-openjdk-1.8.0.222.b10-1.el7_7.x86_64/jre/../lib/tools.jar:/home/user/.m2/repository/commons-cli/commons-cli/1.2/commons-cli-1.2.jar:/home/user/.m2/repository/org/apache/commons/commons-math3/3.1.1/commons-math3-3.1.1.jar:/home/user/.m2/repository/commons-codec/commons-codec/1.11/commons-codec-1.11.jar:/home/user/.m2/repository/commons-io/commons-io/2.5/commons-io-2.5.jar:/home/user/.m2/repository/commons-net/commons-net/3.6/commons-net-3.6.jar:/home/user/.m2/repository/commons-collections/commons-collections/3.2.2/commons-collections-3.2.2.jar:/home/user/.m2/repository/javax/servlet/javax.servlet-api/3.1.0/javax.servlet-api-3.1.0.jar:/home/user/.m2/repository/org/eclipse/jetty/jetty-server/9.3.25.v20180904/jetty-server-9.3.25.v20180904.jar:/home/user/.m2/repository/org/eclipse/jetty/jetty-http/9.3.25.v20180904/jetty-http-9.3.25.v20180904.jar:/home/user/.m2/repository/org/eclipse/jetty/jetty-io/9.3.25.v20180904/jetty-io-9.3.25.v20180904.jar:/home/user/.m2/repository/org/eclipse/jetty/jetty-util/9.3.25.v20180904/jetty-util-9.3.25.v20180904.jar:/home/user/.m2/repository/org/eclipse/jetty/jetty-servlet/9.3.25.v20180904/jetty-servlet-9.3.25.v20180904.jar:/home/user/.m2/repository/org/eclipse/jetty/jetty-security/9.3.25.v20180904/jetty-security-9.3.25.v20180904.jar:/home/user/.m2/repository/org/eclipse/jetty/jetty-webapp/9.3.25.v20180904/jetty-webapp-9.3.25.v20180904.jar:/home/user/.m2/repository/org/eclipse/jetty/jetty-xml/9.3.25.v20180904/jetty-xml-9.3.25.v20180904.jar:/home/user/.m2/repository/javax/servlet/jsp/jsp-api/2.1/jsp-api-2.1.jar:/home/user/.m2/repository/com/sun/jersey/jersey-core/1.19/jersey-core-1.19.jar:/home/user/.m2/repository/javax/ws/rs/jsr311-api/1.1.1/jsr311-api-1.1.1.jar:/home/user/.m2/repository/com/sun/jersey/jersey-servlet/1.19/jersey-servlet-1.19.jar:/home/user/.m2/repository/com/sun/jersey/jersey-json/1.19/jersey-json-1.19.jar:/home/user/.m2/repository/org/codehaus/jettison/jettison/1.1/jettison-1.1.jar:/home/user/.m2/repository/com/sun/xml/bind/jaxb-impl/2.3.0.1/jaxb-impl-2.3.0.1.jar:/home/user/.m2/repository/org/codehaus/jackson/jackson-core-asl/1.9.13/jackson-core-asl-1.9.13.jar:/home/user/.m2/repository/org/codehaus/jackson/jackson-mapper-asl/1.9.13/jackson-mapper-asl-1.9.13.jar:/home/user/.m2/repository/org/codehaus/jackson/jackson-jaxrs/1.9.13/jackson-jaxrs-1.9.13.jar:/home/user/.m2/repository/org/codehaus/jackson/jackson-xc/1.9.13/jackson-xc-1.9.13.jar:/home/user/.m2/repository/com/sun/jersey/jersey-server/1.19/jersey-server-1.19.jar:/home/user/.m2/repository/commons-logging/commons-logging/1.1.3/commons-logging-1.1.3.jar:/home/user/.m2/repository/log4j/log4j/1.2.17/log4j-1.2.17.jar:/home/user/.m2/repository/commons-beanutils/commons-beanutils/1.9.4/commons-beanutils-1.9.4.jar:/home/user/.m2/repository/org/apache/commons/commons-configuration2/2.1.1/commons-configuration2-2.1.1.jar:/home/user/.m2/repository/org/apache/commons/commons-lang3/3.7/commons-lang3-3.7.jar:/home/user/.m2/repository/org/apache/commons/commons-text/1.4/commons-text-1.4.jar:/home/user/.m2/repository/org/slf4j/slf4j-api/1.7.25/slf4j-api-1.7.25.jar:/home/user/.m2/repository/org/slf4j/slf4j-log4j12/1.7.25/slf4j-log4j12-1.7.25.jar:/home/user/.m2/repository/org/apache/avro/avro/1.7.7/avro-1.7.7.jar:/home/user/.m2/repository/com/thoughtworks/paranamer/paranamer/2.3/paranamer-2.3.jar:/home/user/.m2/repository/org/xerial/snappy/snappy-java/1.0.5/snappy-java-1.0.5.jar:/home/user/.m2/repository/com/google/re2j/re2j/1.1/re2j-1.1.jar:/home/user/.m2/repository/com/google/code/gson/gson/2.2.4/gson-2.2.4.jar:/home/user/.m2/repository/org/apache/hadoop/hadoop-auth/3.2.0/hadoop-auth-3.2.0.jar:/home/user/.m2/repository/com/nimbusds/nimbus-jose-jwt/4.41.1/nimbus-jose-jwt-4.41.1.jar:/home/user/.m2/repository/com/github/stephenc/jcip/jcip-annotations/1.0-1/jcip-annotations-1.0-1.jar:/home/user/.m2/repository/net/minidev/json-smart/2.3/json-smart-2.3.jar:/home/user/.m2/repository/net/minidev/accessors-smart/1.2/accessors-smart-1.2.jar:/home/user/.m2/repository/org/apache/curator/curator-framework/2.12.0/curator-framework-2.12.0.jar:/home/user/.m2/repository/com/jcraft/jsch/0.1.54/jsch-0.1.54.jar:/home/user/.m2/repository/org/apache/curator/curator-client/2.12.0/curator-client-2.12.0.jar:/home/user/.m2/repository/org/apache/curator/curator-recipes/2.12.0/curator-recipes-2.12.0.jar:/home/user/.m2/repository/com/google/code/findbugs/jsr305/3.0.0/jsr305-3.0.0.jar:/home/user/.m2/repository/org/apache/htrace/htrace-core4/4.1.0-incubating/htrace-core4-4.1.0-incubating.jar:/home/user/.m2/repository/org/apache/zookeeper/zookeeper/3.4.13/zookeeper-3.4.13.jar:/home/user/.m2/repository/jline/jline/0.9.94/jline-0.9.94.jar:/home/user/.m2/repository/org/apache/yetus/audience-annotations/0.5.0/audience-annotations-0.5.0.jar:/home/user/.m2/repository/org/apache/kerby/kerb-simplekdc/1.0.1/kerb-simplekdc-1.0.1.jar:/home/user/.m2/repository/org/apache/kerby/kerb-client/1.0.1/kerb-client-1.0.1.jar:/home/user/.m2/repository/org/apache/kerby/kerby-config/1.0.1/kerby-config-1.0.1.jar:/home/user/.m2/repository/org/apache/kerby/kerb-core/1.0.1/kerb-core-1.0.1.jar:/home/user/.m2/repository/org/apache/kerby/kerby-pkix/1.0.1/kerby-pkix-1.0.1.jar:/home/user/.m2/repository/org/apache/kerby/kerby-asn1/1.0.1/kerby-asn1-1.0.1.jar:/home/user/.m2/repository/org/apache/kerby/kerby-util/1.0.1/kerby-util-1.0.1.jar:/home/user/.m2/repository/org/apache/kerby/kerb-common/1.0.1/kerb-common-1.0.1.jar:/home/user/.m2/repository/org/apache/kerby/kerb-crypto/1.0.1/kerb-crypto-1.0.1.jar:/home/user/.m2/repository/org/apache/kerby/kerb-util/1.0.1/kerb-util-1.0.1.jar:/home/user/.m2/repository/org/apache/kerby/token-provider/1.0.1/token-provider-1.0.1.jar:/home/user/.m2/repository/org/apache/kerby/kerb-admin/1.0.1/kerb-admin-1.0.1.jar:/home/user/.m2/repository/org/apache/kerby/kerb-server/1.0.1/kerb-server-1.0.1.jar:/home/user/.m2/repository/org/apache/kerby/kerb-identity/1.0.1/kerb-identity-1.0.1.jar:/home/user/.m2/repository/org/apache/kerby/kerby-xdr/1.0.1/kerby-xdr-1.0.1.jar:/home/user/.m2/repository/com/fasterxml/jackson/core/jackson-databind/2.9.9/jackson-databind-2.9.9.jar:/home/user/.m2/repository/com/fasterxml/jackson/core/jackson-core/2.9.9/jackson-core-2.9.9.jar:/home/user/.m2/repository/org/codehaus/woodstox/stax2-api/3.1.4/stax2-api-3.1.4.jar:/home/user/.m2/repository/com/fasterxml/woodstox/woodstox-core/5.0.3/woodstox-core-5.0.3.jar:/home/user/.m2/repository/dnsjava/dnsjava/2.1.7/dnsjava-2.1.7.jar:/home/user/.m2/repository/org/apache/hadoop/hadoop-hdfs/3.2.0/hadoop-hdfs-3.2.0.jar:/home/user/.m2/repository/org/eclipse/jetty/jetty-util-ajax/9.3.25.v20180904/jetty-util-ajax-9.3.25.v20180904.jar:/home/user/.m2/repository/commons-daemon/commons-daemon/1.0.13/commons-daemon-1.0.13.jar:/home/user/.m2/repository/io/netty/netty/3.10.5.Final/netty-3.10.5.Final.jar:/home/user/.m2/repository/io/netty/netty-all/4.0.52.Final/netty-all-4.0.52.Final.jar:/home/user/.m2/repository/org/fusesource/leveldbjni/leveldbjni-all/1.8/leveldbjni-all-1.8.jar:/home/user/.m2/repository/com/sun/xml/bind/jaxb-core/2.3.0.1/jaxb-core-2.3.0.1.jar:/home/user/.m2/repository/javax/xml/bind/jaxb-api/2.3.0/jaxb-api-2.3.0.jar:/home/user/.m2/repository/javax/activation/activation/1.1.1/activation-1.1.1.jar:/home/user/.m2/repository/org/openjdk/jmh/jmh-core/1.19/jmh-core-1.19.jar:/home/user/.m2/repository/net/sf/jopt-simple/jopt-simple/4.6/jopt-simple-4.6.jar:/home/user/.m2/repository/org/openjdk/jmh/jmh-generator-annprocess/1.19/jmh-generator-annprocess-1.19.jar:/home/user/.m2/repository/io/dropwizard/metrics/metrics-core/3.2.4/metrics-core-3.2.4.jar:/home/user/.m2/repository/com/amazonaws/aws-java-sdk-s3/1.11.615/aws-java-sdk-s3-1.11.615.jar:/home/user/.m2/repository/com/amazonaws/aws-java-sdk-kms/1.11.615/aws-java-sdk-kms-1.11.615.jar:/home/user/.m2/repository/com/amazonaws/aws-java-sdk-core/1.11.615/aws-java-sdk-core-1.11.615.jar:/home/user/.m2/repository/software/amazon/ion/ion-java/1.0.2/ion-java-1.0.2.jar:/home/user/.m2/repository/com/fasterxml/jackson/dataformat/jackson-dataformat-cbor/2.9.9/jackson-dataformat-cbor-2.9.9.jar:/home/user/.m2/repository/joda-time/joda-time/2.9.9/joda-time-2.9.9.jar:/home/user/.m2/repository/com/amazonaws/jmespath-java/1.11.615/jmespath-java-1.11.615.jar:/home/user/.m2/repository/com/github/spotbugs/spotbugs/3.1.12/spotbugs-3.1.12.jar:/home/user/.m2/repository/org/ow2/asm/asm/5.0.4/asm-5.0.4.jar:/home/user/.m2/repository/org/ow2/asm/asm-analysis/7.0/asm-analysis-7.0.jar:/home/user/.m2/repository/org/ow2/asm/asm-commons/7.0/asm-commons-7.0.jar:/home/user/.m2/repository/org/ow2/asm/asm-tree/7.0/asm-tree-7.0.jar:/home/user/.m2/repository/org/ow2/asm/asm-util/7.0/asm-util-7.0.jar:/home/user/.m2/repository/org/apache/bcel/bcel/6.3/bcel-6.3.jar:/home/user/.m2/repository/net/jcip/jcip-annotations/1.0/jcip-annotations-1.0.jar:/home/user/.m2/repository/org/dom4j/dom4j/2.1.1/dom4j-2.1.1.jar:/home/user/.m2/repository/jaxen/jaxen/1.1.6/jaxen-1.1.6.jar:/home/user/.m2/repository/commons-lang/commons-lang/2.6/commons-lang-2.6.jar:/home/user/.m2/repository/com/github/spotbugs/spotbugs-annotations/3.1.12/spotbugs-annotations-3.1.12.jar:/home/user/.m2/repository/junit/junit/4.11/junit-4.11.jar:/home/user/.m2/repository/org/hamcrest/hamcrest-core/1.3/hamcrest-core-1.3.jar:/home/user/.m2/repository/org/apache/hadoop/hadoop-common/3.2.0/hadoop-common-3.2.0-tests.jar:/workdir/hadoop-ozone/integration-test/target/test-classes:/home/user/.m2/repository/org/apache/hadoop/hadoop-ozone-s3gateway/0.5.0-SNAPSHOT/hadoop-ozone-s3gateway-0.5.0-SNAPSHOT.jar:/home/user/.m2/repository/org/jboss/weld/servlet/weld-servlet/2.4.7.Final/weld-servlet-2.4.7.Final.jar:/home/user/.m2/repository/org/glassfish/jersey/containers/jersey-container-servlet-core/2.27/jersey-container-servlet-core-2.27.jar:/home/user/.m2/repository/org/glassfish/hk2/external/javax.inject/2.5.0-b42/javax.inject-2.5.0-b42.jar:/home/user/.m2/repository/org/glassfish/jersey/core/jersey-common/2.27/jersey-common-2.27.jar:/home/user/.m2/repository/org/glassfish/hk2/osgi-resource-locator/1.0.1/osgi-resource-locator-1.0.1.jar:/home/user/.m2/repository/javax/ws/rs/javax.ws.rs-api/2.1/javax.ws.rs-api-2.1.jar:/home/user/.m2/repository/org/glassfish/jersey/ext/cdi/jersey-cdi1x/2.27/jersey-cdi1x-2.27.jar:/home/user/.m2/repository/org/glassfish/jersey/inject/jersey-hk2/2.27/jersey-hk2-2.27.jar:/home/user/.m2/repository/org/glassfish/hk2/hk2-locator/2.5.0-b42/hk2-locator-2.5.0-b42.jar:/home/user/.m2/repository/org/javassist/javassist/3.22.0-CR2/javassist-3.22.0-CR2.jar:/home/user/.m2/repository/org/glassfish/hk2/hk2-api/2.5.0/hk2-api-2.5.0.jar:/home/user/.m2/repository/org/glassfish/hk2/external/jakarta.inject/2.5.0/jakarta.inject-2.5.0.jar:/home/user/.m2/repository/org/glassfish/hk2/hk2-utils/2.5.0/hk2-utils-2.5.0.jar:/home/user/.m2/repository/jakarta/annotation/jakarta.annotation-api/1.3.4/jakarta.annotation-api-1.3.4.jar:/home/user/.m2/repository/org/glassfish/hk2/external/aopalliance-repackaged/2.5.0/aopalliance-repackaged-2.5.0.jar:/home/user/.m2/repository/com/fasterxml/jackson/dataformat/jackson-dataformat-xml/2.9.0/jackson-dataformat-xml-2.9.0.jar:/home/user/.m2/repository/com/fasterxml/jackson/module/jackson-module-jaxb-annotations/2.9.9/jackson-module-jaxb-annotations-2.9.9.jar:/home/user/.m2/repository/javax/enterprise/cdi-api/1.2/cdi-api-1.2.jar:/home/user/.m2/repository/javax/el/javax.el-api/3.0.0/javax.el-api-3.0.0.jar:/home/user/.m2/repository/javax/interceptor/javax.interceptor-api/1.2/javax.interceptor-api-1.2.jar:/home/user/.m2/repository/javax/inject/javax.inject/1/javax.inject-1.jar:/home/user/.m2/repository/org/apache/hadoop/hadoop-ozone-csi/0.5.0-SNAPSHOT/hadoop-ozone-csi-0.5.0-SNAPSHOT.jar:/home/user/.m2/repository/com/google/protobuf/protobuf-java-util/3.5.1/protobuf-java-util-3.5.1.jar:/home/user/.m2/repository/io/grpc/grpc-netty/1.17.1/grpc-netty-1.17.1.jar:/home/user/.m2/repository/io/grpc/grpc-core/1.17.1/grpc-core-1.17.1.jar:/home/user/.m2/repository/io/grpc/grpc-context/1.17.1/grpc-context-1.17.1.jar:/home/user/.m2/repository/com/google/errorprone/error_prone_annotations/2.2.0/error_prone_annotations-2.2.0.jar:/home/user/.m2/repository/org/codehaus/mojo/animal-sniffer-annotations/1.17/animal-sniffer-annotations-1.17.jar:/home/user/.m2/repository/io/opencensus/opencensus-api/0.17.0/opencensus-api-0.17.0.jar:/home/user/.m2/repository/io/opencensus/opencensus-contrib-grpc-metrics/0.17.0/opencensus-contrib-grpc-metrics-0.17.0.jar:/home/user/.m2/repository/io/netty/netty-codec-http2/4.1.30.Final/netty-codec-http2-4.1.30.Final.jar:/home/user/.m2/repository/io/netty/netty-codec-http/4.1.30.Final/netty-codec-http-4.1.30.Final.jar:/home/user/.m2/repository/io/netty/netty-codec/4.1.30.Final/netty-codec-4.1.30.Final.jar:/home/user/.m2/repository/io/netty/netty-handler/4.1.30.Final/netty-handler-4.1.30.Final.jar:/home/user/.m2/repository/io/netty/netty-handler-proxy/4.1.30.Final/netty-handler-proxy-4.1.30.Final.jar:/home/user/.m2/repository/io/netty/netty-codec-socks/4.1.30.Final/netty-codec-socks-4.1.30.Final.jar:/home/user/.m2/repository/io/netty/netty-transport-native-epoll/4.1.30.Final/netty-transport-native-epoll-4.1.30.Final.jar:/home/user/.m2/repository/io/netty/netty-common/4.1.30.Final/netty-common-4.1.30.Final.jar:/home/user/.m2/repository/io/netty/netty-buffer/4.1.30.Final/netty-buffer-4.1.30.Final.jar:/home/user/.m2/repository/io/netty/netty-transport/4.1.30.Final/netty-transport-4.1.30.Final.jar:/home/user/.m2/repository/io/netty/netty-resolver/4.1.30.Final/netty-resolver-4.1.30.Final.jar:/home/user/.m2/repository/io/netty/netty-transport-native-unix-common/4.1.30.Final/netty-transport-native-unix-common-4.1.30.Final.jar:/home/user/.m2/repository/io/grpc/grpc-protobuf/1.17.1/grpc-protobuf-1.17.1.jar:/home/user/.m2/repository/com/google/api/grpc/proto-google-common-protos/1.0.0/proto-google-common-protos-1.0.0.jar:/home/user/.m2/repository/io/grpc/grpc-protobuf-lite/1.17.1/grpc-protobuf-lite-1.17.1.jar:/home/user/.m2/repository/io/grpc/grpc-stub/1.17.1/grpc-stub-1.17.1.jar:/home/user/.m2/repository/org/apache/hadoop/hadoop-ozone-recon/0.5.0-SNAPSHOT/hadoop-ozone-recon-0.5.0-SNAPSHOT.jar:/home/user/.m2/repository/org/apache/hadoop/hadoop-ozone-reconcodegen/0.5.0-SNAPSHOT/hadoop-ozone-reconcodegen-0.5.0-SNAPSHOT.jar:/home/user/.m2/repository/com/google/inject/extensions/guice-multibindings/4.0/guice-multibindings-4.0.jar:/home/user/.m2/repository/com/google/inject/guice/4.0/guice-4.0.jar:/home/user/.m2/repository/aopalliance/aopalliance/1.0/aopalliance-1.0.jar:/home/user/.m2/repository/com/google/inject/extensions/guice-servlet/4.0/guice-servlet-4.0.jar:/home/user/.m2/repository/org/glassfish/jersey/containers/jersey-container-servlet/2.27/jersey-container-servlet-2.27.jar:/home/user/.m2/repository/org/glassfish/hk2/guice-bridge/2.5.0/guice-bridge-2.5.0.jar:/home/user/.m2/repository/org/glassfish/jersey/core/jersey-server/2.27/jersey-server-2.27.jar:/home/user/.m2/repository/org/glassfish/jersey/core/jersey-client/2.27/jersey-client-2.27.jar:/home/user/.m2/repository/org/glassfish/jersey/media/jersey-media-jaxb/2.27/jersey-media-jaxb-2.27.jar:/home/user/.m2/repository/javax/validation/validation-api/1.1.0.Final/validation-api-1.1.0.Final.jar:/home/user/.m2/repository/org/glassfish/jersey/media/jersey-media-json-jackson/2.27/jersey-media-json-jackson-2.27.jar:/home/user/.m2/repository/org/glassfish/jersey/ext/jersey-entity-filtering/2.27/jersey-entity-filtering-2.27.jar:/home/user/.m2/repository/com/google/inject/extensions/guice-assistedinject/4.0/guice-assistedinject-4.0.jar:/home/user/.m2/repository/org/jooq/jooq/3.11.10/jooq-3.11.10.jar:/home/user/.m2/repository/org/jooq/jooq-meta/3.11.10/jooq-meta-3.11.10.jar:/home/user/.m2/repository/org/jooq/jooq-codegen/3.11.10/jooq-codegen-3.11.10.jar:/home/user/.m2/repository/com/jolbox/bonecp/0.8.0.RELEASE/bonecp-0.8.0.RELEASE.jar:/home/user/.m2/repository/org/springframework/spring-jdbc/5.1.3.RELEASE/spring-jdbc-5.1.3.RELEASE.jar:/home/user/.m2/repository/org/springframework/spring-beans/5.1.3.RELEASE/spring-beans-5.1.3.RELEASE.jar:/home/user/.m2/repository/org/springframework/spring-core/5.1.3.RELEASE/spring-core-5.1.3.RELEASE.jar:/home/user/.m2/repository/org/springframework/spring-jcl/5.1.3.RELEASE/spring-jcl-5.1.3.RELEASE.jar:/home/user/.m2/repository/org/springframework/spring-tx/5.1.3.RELEASE/spring-tx-5.1.3.RELEASE.jar:/home/user/.m2/repository/org/mockito/mockito-core/2.15.0/mockito-core-2.15.0.jar:/home/user/.m2/repository/net/bytebuddy/byte-buddy/1.7.9/byte-buddy-1.7.9.jar:/home/user/.m2/repository/net/bytebuddy/byte-buddy-agent/1.7.9/byte-buddy-agent-1.7.9.jar:/home/user/.m2/repository/org/objenesis/objenesis/1.0/objenesis-1.0.jar:"/>
    <property name="sun.cpu.endian" value="little"/>
    <property name="user.home" value="/home/user"/>
    <property name="user.language" value="en"/>
    <property name="java.specification.vendor" value="Oracle Corporation"/>
    <property name="java.home" value="/usr/lib/jvm/java-1.8.0-openjdk-1.8.0.222.b10-1.el7_7.x86_64/jre"/>
    <property name="surefire.excludesFile" value="/tools/ozone-bad-unit-tests"/>
    <property name="java.security.krb5.conf" value="/workdir/hadoop-ozone/tools/target/test-classes/krb5.conf"/>
    <property name="basedir" value="/workdir/hadoop-ozone/tools"/>
    <property name="file.separator" value="/"/>
    <property name="line.separator" value="&#10;"/>
    <property name="java.vm.specification.vendor" value="Oracle Corporation"/>
    <property name="java.specification.name" value="Java Platform API Specification"/>
    <property name="java.awt.graphicsenv" value="sun.awt.X11GraphicsEnvironment"/>
    <property name="surefire.real.class.path" value="/workdir/hadoop-ozone/tools/target/surefire/surefirebooter6916074912478725056.jar"/>
    <property name="hadoop.log.dir" value="/workdir/hadoop-ozone/tools/target/log"/>
    <property name="sun.boot.class.path" value="/usr/lib/jvm/java-1.8.0-openjdk-1.8.0.222.b10-1.el7_7.x86_64/jre/lib/resources.jar:/usr/lib/jvm/java-1.8.0-openjdk-1.8.0.222.b10-1.el7_7.x86_64/jre/lib/rt.jar:/usr/lib/jvm/java-1.8.0-openjdk-1.8.0.222.b10-1.el7_7.x86_64/jre/lib/sunrsasign.jar:/usr/lib/jvm/java-1.8.0-openjdk-1.8.0.222.b10-1.el7_7.x86_64/jre/lib/jsse.jar:/usr/lib/jvm/java-1.8.0-openjdk-1.8.0.222.b10-1.el7_7.x86_64/jre/lib/jce.jar:/usr/lib/jvm/java-1.8.0-openjdk-1.8.0.222.b10-1.el7_7.x86_64/jre/lib/charsets.jar:/usr/lib/jvm/java-1.8.0-openjdk-1.8.0.222.b10-1.el7_7.x86_64/jre/lib/jfr.jar:/usr/lib/jvm/java-1.8.0-openjdk-1.8.0.222.b10-1.el7_7.x86_64/jre/classes"/>
    <property name="sun.management.compiler" value="HotSpot 64-Bit Tiered Compilers"/>
    <property name="java.runtime.version" value="1.8.0_222-b10"/>
    <property name="java.net.preferIPv4Stack" value="true"/>
    <property name="user.name" value="jenkins1000"/>
    <property name="path.separator" value=":"/>
    <property name="java.security.egd" value="file:///dev/urandom"/>
    <property name="os.version" value="3.10.0-957.12.2.el7.x86_64"/>
    <property name="java.endorsed.dirs" value="/usr/lib/jvm/java-1.8.0-openjdk-1.8.0.222.b10-1.el7_7.x86_64/jre/lib/endorsed"/>
    <property name="java.runtime.name" value="OpenJDK Runtime Environment"/>
    <property name="file.encoding" value="ANSI_X3.4-1968"/>
    <property name="java.vm.name" value="OpenJDK 64-Bit Server VM"/>
    <property name="test.build.webapps" value=""/>
    <property name="localRepository" value="/home/user/.m2/repository"/>
    <property name="java.vendor.url.bug" value="http://bugreport.sun.com/bugreport/"/>
    <property name="java.io.tmpdir" value="/tmp"/>
    <property name="require.test.libhadoop" value=""/>
    <property name="java.version" value="1.8.0_222"/>
    <property name="user.dir" value="/workdir/hadoop-ozone/tools"/>
    <property name="os.arch" value="amd64"/>
    <property name="java.vm.specification.name" value="Java Virtual Machine Specification"/>
    <property name="test.build.classes" value="/workdir/hadoop-ozone/tools/target/test-classes"/>
    <property name="java.awt.printerjob" value="sun.print.PSPrinterJob"/>
    <property name="sun.os.patch.level" value="unknown"/>
    <property name="hadoop.tmp.dir" value="/workdir/hadoop-ozone/tools/target/tmp"/>
    <property name="java.library.path" value="/usr/lib:/workdir/hadoop-ozone/tools/target/native/target/usr/local/lib:/workdir/hadoop-ozone/tools/../../hadoop-common-project/hadoop-common/target/native/target/usr/local/lib:/usr/java/packages/lib/amd64:/usr/lib64:/lib64:/lib:/usr/lib"/>
    <property name="java.vm.info" value="mixed mode"/>
    <property name="java.vendor" value="Oracle Corporation"/>
    <property name="java.vm.version" value="25.222-b10"/>
    <property name="java.ext.dirs" value="/usr/lib/jvm/java-1.8.0-openjdk-1.8.0.222.b10-1.el7_7.x86_64/jre/lib/ext:/usr/java/packages/lib/ext"/>
    <property name="sun.io.unicode.encoding" value="UnicodeLittle"/>
    <property name="java.class.version" value="52.0"/>
  </properties>
  <testcase name="testRestart" classname="org.apache.hadoop.ozone.freon.TestFreonWithPipelineDestroy" time="21.49">
    <error message="INTERNAL_ERROR org.apache.hadoop.ozone.om.exceptions.OMException: Allocated 0 blocks. Requested 5 blocks" type="java.lang.RuntimeException">java.lang.RuntimeException: INTERNAL_ERROR org.apache.hadoop.ozone.om.exceptions.OMException: Allocated 0 blocks. Requested 5 blocks
	at org.apache.hadoop.ozone.freon.RandomKeyGenerator.call(RandomKeyGenerator.java:341)
	at org.apache.hadoop.ozone.freon.TestFreonWithPipelineDestroy.startFreon(TestFreonWithPipelineDestroy.java:87)
	at org.apache.hadoop.ozone.freon.TestFreonWithPipelineDestroy.testRestart(TestFreonWithPipelineDestroy.java:74)
	at sun.reflect.NativeMethodAccessorImpl.invoke0(Native Method)
	at sun.reflect.NativeMethodAccessorImpl.invoke(NativeMethodAccessorImpl.java:62)
	at sun.reflect.DelegatingMethodAccessorImpl.invoke(DelegatingMethodAccessorImpl.java:43)
	at java.lang.reflect.Method.invoke(Method.java:498)
	at org.junit.runners.model.FrameworkMethod$1.runReflectiveCall(FrameworkMethod.java:47)
	at org.junit.internal.runners.model.ReflectiveCallable.run(ReflectiveCallable.java:12)
	at org.junit.runners.model.FrameworkMethod.invokeExplosively(FrameworkMethod.java:44)
	at org.junit.internal.runners.statements.InvokeMethod.evaluate(InvokeMethod.java:17)
	at org.junit.runners.ParentRunner.runLeaf(ParentRunner.java:271)
	at org.junit.runners.BlockJUnit4ClassRunner.runChild(BlockJUnit4ClassRunner.java:70)
	at org.junit.runners.BlockJUnit4ClassRunner.runChild(BlockJUnit4ClassRunner.java:50)
	at org.junit.runners.ParentRunner$3.run(ParentRunner.java:238)
	at org.junit.runners.ParentRunner$1.schedule(ParentRunner.java:63)
	at org.junit.runners.ParentRunner.runChildren(ParentRunner.java:236)
	at org.junit.runners.ParentRunner.access$000(ParentRunner.java:53)
	at org.junit.runners.ParentRunner$2.evaluate(ParentRunner.java:229)
	at org.junit.internal.runners.statements.RunBefores.evaluate(RunBefores.java:26)
	at org.junit.internal.runners.statements.RunAfters.evaluate(RunAfters.java:27)
	at org.junit.runners.ParentRunner.run(ParentRunner.java:309)
	at org.apache.maven.surefire.junit4.JUnit4Provider.execute(JUnit4Provider.java:365)
	at org.apache.maven.surefire.junit4.JUnit4Provider.executeWithRerun(JUnit4Provider.java:273)
	at org.apache.maven.surefire.junit4.JUnit4Provider.executeTestSet(JUnit4Provider.java:238)
	at org.apache.maven.surefire.junit4.JUnit4Provider.invoke(JUnit4Provider.java:159)
	at org.apache.maven.surefire.booter.ForkedBooter.invokeProviderInSameClassLoader(ForkedBooter.java:384)
	at org.apache.maven.surefire.booter.ForkedBooter.runSuitesInProcess(ForkedBooter.java:345)
	at org.apache.maven.surefire.booter.ForkedBooter.execute(ForkedBooter.java:126)
	at org.apache.maven.surefire.booter.ForkedBooter.main(ForkedBooter.java:418)
Caused by: INTERNAL_ERROR org.apache.hadoop.ozone.om.exceptions.OMException: Allocated 0 blocks. Requested 5 blocks
	at org.apache.hadoop.ozone.om.protocolPB.OzoneManagerProtocolClientSideTranslatorPB.handleError(OzoneManagerProtocolClientSideTranslatorPB.java:761)
	at org.apache.hadoop.ozone.om.protocolPB.OzoneManagerProtocolClientSideTranslatorPB.openKey(OzoneManagerProtocolClientSideTranslatorPB.java:752)
	at sun.reflect.NativeMethodAccessorImpl.invoke0(Native Method)
	at sun.reflect.NativeMethodAccessorImpl.invoke(NativeMethodAccessorImpl.java:62)
	at sun.reflect.DelegatingMethodAccessorImpl.invoke(DelegatingMethodAccessorImpl.java:43)
	at java.lang.reflect.Method.invoke(Method.java:498)
	at org.apache.hadoop.hdds.tracing.TraceAllMethod.invoke(TraceAllMethod.java:66)
	at com.sun.proxy.$Proxy37.openKey(Unknown Source)
	at org.apache.hadoop.ozone.client.rpc.RpcClient.createKey(RpcClient.java:633)
	at org.apache.hadoop.ozone.client.OzoneBucket.createKey(OzoneBucket.java:325)
	at org.apache.hadoop.ozone.freon.RandomKeyGenerator.createKey(RandomKeyGenerator.java:697)
	at org.apache.hadoop.ozone.freon.RandomKeyGenerator.access$1100(RandomKeyGenerator.java:88)
	at org.apache.hadoop.ozone.freon.RandomKeyGenerator$ObjectCreator.run(RandomKeyGenerator.java:615)
	at java.util.concurrent.Executors$RunnableAdapter.call(Executors.java:511)
	at java.util.concurrent.FutureTask.run(FutureTask.java:266)
	at java.util.concurrent.ThreadPoolExecutor.runWorker(ThreadPoolExecutor.java:1149)
	at java.util.concurrent.ThreadPoolExecutor$Worker.run(ThreadPoolExecutor.java:624)
	at java.lang.Thread.run(Thread.java:748)
</error>
    <system-out><![CDATA[2019-11-19 06:43:19,824 [main] WARN  server.ServerUtils (ServerUtils.java:getScmDbDir(145)) - ozone.scm.db.dirs is not configured. We recommend adding this setting. Falling back to ozone.metadata.dirs instead.
2019-11-19 06:43:19,977 [main] WARN  server.ServerUtils (ServerUtils.java:getScmDbDir(145)) - ozone.scm.db.dirs is not configured. We recommend adding this setting. Falling back to ozone.metadata.dirs instead.
2019-11-19 06:43:19,980 [main] WARN  server.ServerUtils (ServerUtils.java:getScmDbDir(145)) - ozone.scm.db.dirs is not configured. We recommend adding this setting. Falling back to ozone.metadata.dirs instead.
2019-11-19 06:43:20,007 [main] INFO  util.log (Log.java:initialized(192)) - Logging initialized @883ms
2019-11-19 06:43:20,102 [main] INFO  db.DBStoreBuilder (DBStoreBuilder.java:addTable(127)) - using custom profile for table: deletedBlocks
2019-11-19 06:43:20,102 [main] INFO  db.DBStoreBuilder (DBStoreBuilder.java:processTables(183)) - Using default column profile:DBProfile.DISK for Table:deletedBlocks
2019-11-19 06:43:20,103 [main] INFO  db.DBStoreBuilder (DBStoreBuilder.java:addTable(127)) - using custom profile for table: validCerts
2019-11-19 06:43:20,103 [main] INFO  db.DBStoreBuilder (DBStoreBuilder.java:processTables(183)) - Using default column profile:DBProfile.DISK for Table:validCerts
2019-11-19 06:43:20,103 [main] INFO  db.DBStoreBuilder (DBStoreBuilder.java:addTable(127)) - using custom profile for table: revokedCerts
2019-11-19 06:43:20,103 [main] INFO  db.DBStoreBuilder (DBStoreBuilder.java:processTables(183)) - Using default column profile:DBProfile.DISK for Table:revokedCerts
2019-11-19 06:43:20,114 [main] INFO  db.DBStoreBuilder (DBStoreBuilder.java:addTable(127)) - using custom profile for table: default
2019-11-19 06:43:20,114 [main] INFO  db.DBStoreBuilder (DBStoreBuilder.java:processTables(189)) - Using default column profile:DBProfile.DISK for Table:default
2019-11-19 06:43:20,116 [main] INFO  db.DBStoreBuilder (DBStoreBuilder.java:getDbProfile(220)) - Using default options. DBProfile.DISK
2019-11-19 06:43:20,516 [main] INFO  net.NodeSchemaLoader (NodeSchemaLoader.java:loadSchemaFromFile(125)) - Loading file from sun.misc.CompoundEnumeration@5e0e82ae
2019-11-19 06:43:20,518 [main] INFO  net.NodeSchemaLoader (NodeSchemaLoader.java:loadSchema(171)) - Loading network topology layer schema file
2019-11-19 06:43:20,576 [main] INFO  node.SCMNodeManager (SCMNodeManager.java:<init>(116)) - Entering startup safe mode.
2019-11-19 06:43:20,635 [main] INFO  algorithms.ContainerPlacementPolicyFactory (ContainerPlacementPolicyFactory.java:getPolicy(57)) - Create container placement policy of type org.apache.hadoop.hdds.scm.container.placement.algorithms.SCMContainerPlacementRandom
2019-11-19 06:43:20,648 [main] WARN  server.ServerUtils (ServerUtils.java:getScmDbDir(145)) - ozone.scm.db.dirs is not configured. We recommend adding this setting. Falling back to ozone.metadata.dirs instead.
2019-11-19 06:43:20,794 [main] INFO  pipeline.SCMPipelineManager (SCMPipelineManager.java:initializePipelineState(136)) - No pipeline exists in current db
2019-11-19 06:43:20,798 [main] WARN  server.ServerUtils (ServerUtils.java:getScmDbDir(145)) - ozone.scm.db.dirs is not configured. We recommend adding this setting. Falling back to ozone.metadata.dirs instead.
2019-11-19 06:43:20,990 [main] INFO  safemode.HealthyPipelineSafeModeRule (HealthyPipelineSafeModeRule.java:<init>(92)) -  Total pipeline count is 0, healthy pipeline threshold count is 1
2019-11-19 06:43:20,994 [main] INFO  safemode.OneReplicaPipelineSafeModeRule (OneReplicaPipelineSafeModeRule.java:<init>(79)) - Total pipeline count is 0, pipeline's with at least one datanode reported threshold count is 0
2019-11-19 06:43:20,994 [main] WARN  events.EventQueue (EventQueue.java:fireEvent(183)) - No event handler registered for event TypedEvent{payloadType=SafeModeStatus, name='SafeModeStatus'}
2019-11-19 06:43:21,329 [main] INFO  ipc.CallQueueManager (CallQueueManager.java:<init>(84)) - Using callQueue: class java.util.concurrent.LinkedBlockingQueue, queueCapacity: 2000, scheduler: class org.apache.hadoop.ipc.DefaultRpcScheduler, ipcBackoff: false.
2019-11-19 06:43:21,470 [Socket Reader #1 for port 41378] INFO  ipc.Server (Server.java:run(1074)) - Starting Socket Reader #1 for port 41378
2019-11-19 06:43:21,497 [main] INFO  ipc.CallQueueManager (CallQueueManager.java:<init>(84)) - Using callQueue: class java.util.concurrent.LinkedBlockingQueue, queueCapacity: 2000, scheduler: class org.apache.hadoop.ipc.DefaultRpcScheduler, ipcBackoff: false.
2019-11-19 06:43:21,498 [Socket Reader #1 for port 46306] INFO  ipc.Server (Server.java:run(1074)) - Starting Socket Reader #1 for port 46306
2019-11-19 06:43:21,506 [main] INFO  ipc.CallQueueManager (CallQueueManager.java:<init>(84)) - Using callQueue: class java.util.concurrent.LinkedBlockingQueue, queueCapacity: 2000, scheduler: class org.apache.hadoop.ipc.DefaultRpcScheduler, ipcBackoff: false.
2019-11-19 06:43:21,508 [Socket Reader #1 for port 40239] INFO  ipc.Server (Server.java:run(1074)) - Starting Socket Reader #1 for port 40239
2019-11-19 06:43:21,541 [main] INFO  hdfs.DFSUtil (DFSUtil.java:httpServerTemplateForNNAndJN(1641)) - Starting Web-server for scm at: http://0.0.0.0:0
2019-11-19 06:43:21,682 [main] INFO  server.AuthenticationFilter (AuthenticationFilter.java:constructSecretProvider(240)) - Unable to initialize FileSignerSecretProvider, falling back to use random secrets.
2019-11-19 06:43:21,700 [main] WARN  http.HttpRequestLog (HttpRequestLog.java:getRequestLog(97)) - Jetty request log can only be enabled using Log4j
2019-11-19 06:43:21,710 [main] INFO  http.HttpServer2 (HttpServer2.java:addGlobalFilter(975)) - Added global filter 'safety' (class=org.apache.hadoop.http.HttpServer2$QuotingInputFilter)
2019-11-19 06:43:21,713 [main] INFO  http.HttpServer2 (HttpServer2.java:addFilter(948)) - Added filter static_user_filter (class=org.apache.hadoop.http.lib.StaticUserWebFilter$StaticUserFilter) to context scm
2019-11-19 06:43:21,714 [main] INFO  http.HttpServer2 (HttpServer2.java:addFilter(958)) - Added filter static_user_filter (class=org.apache.hadoop.http.lib.StaticUserWebFilter$StaticUserFilter) to context static
2019-11-19 06:43:21,714 [main] INFO  http.HttpServer2 (HttpServer2.java:addFilter(958)) - Added filter static_user_filter (class=org.apache.hadoop.http.lib.StaticUserWebFilter$StaticUserFilter) to context logs
2019-11-19 06:43:21,742 [main] INFO  server.StorageContainerManager (StorageContainerManager.java:start(765)) - StorageContainerLocationProtocol RPC server is listening at /0.0.0.0:40239
2019-11-19 06:43:21,793 [main] WARN  impl.MetricsConfig (MetricsConfig.java:loadFirst(134)) - Cannot locate configuration: tried hadoop-metrics2-storagecontainermanager.properties,hadoop-metrics2.properties
2019-11-19 06:43:21,806 [main] INFO  impl.MetricsSystemImpl (MetricsSystemImpl.java:startTimer(374)) - Scheduled Metric snapshot period at 10 second(s).
2019-11-19 06:43:21,806 [main] INFO  impl.MetricsSystemImpl (MetricsSystemImpl.java:start(191)) - StorageContainerManager metrics system started
2019-11-19 06:43:22,005 [main] INFO  server.SCMClientProtocolServer (SCMClientProtocolServer.java:start(160)) - RPC server for Client  is listening at /0.0.0.0:40239
2019-11-19 06:43:22,006 [IPC Server listener on 40239] INFO  ipc.Server (Server.java:run(1153)) - IPC Server listener on 40239: starting
2019-11-19 06:43:22,006 [IPC Server Responder] INFO  ipc.Server (Server.java:run(1314)) - IPC Server Responder: starting
2019-11-19 06:43:22,008 [main] INFO  server.StorageContainerManager (StorageContainerManager.java:start(775)) - ScmBlockLocationProtocol RPC server is listening at /0.0.0.0:46306
2019-11-19 06:43:22,009 [main] INFO  server.SCMBlockProtocolServer (SCMBlockProtocolServer.java:start(146)) - RPC server for Block Protocol is listening at /0.0.0.0:46306
2019-11-19 06:43:22,009 [IPC Server Responder] INFO  ipc.Server (Server.java:run(1314)) - IPC Server Responder: starting
2019-11-19 06:43:22,009 [IPC Server listener on 46306] INFO  ipc.Server (Server.java:run(1153)) - IPC Server listener on 46306: starting
2019-11-19 06:43:22,011 [main] INFO  server.StorageContainerManager (StorageContainerManager.java:start(779)) - ScmDatanodeProtocl RPC server is listening at /0.0.0.0:41378
2019-11-19 06:43:22,012 [main] INFO  server.SCMDatanodeProtocolServer (SCMDatanodeProtocolServer.java:start(177)) - RPC server for DataNodes is listening at /0.0.0.0:41378
2019-11-19 06:43:22,012 [IPC Server Responder] INFO  ipc.Server (Server.java:run(1314)) - IPC Server Responder: starting
2019-11-19 06:43:22,012 [IPC Server listener on 41378] INFO  ipc.Server (Server.java:run(1153)) - IPC Server listener on 41378: starting
2019-11-19 06:43:22,016 [main] INFO  http.HttpServer2 (HttpServer2.java:bindListener(1191)) - Jetty bound to port 43917
2019-11-19 06:43:22,017 [main] INFO  server.Server (Server.java:doStart(351)) - jetty-9.3.25.v20180904, build timestamp: 2018-09-04T21:11:46Z, git hash: 3ce520221d0240229c862b122d2b06c12a625732
2019-11-19 06:43:22,048 [main] INFO  handler.ContextHandler (ContextHandler.java:doStart(781)) - Started o.e.j.s.ServletContextHandler@4bff64c2{/logs,file:///workdir/hadoop-ozone/tools/target/log,AVAILABLE}
2019-11-19 06:43:22,048 [main] INFO  handler.ContextHandler (ContextHandler.java:doStart(781)) - Started o.e.j.s.ServletContextHandler@3cc41abc{/static,jar:file:/home/user/.m2/repository/org/apache/hadoop/hadoop-hdds-server-scm/0.5.0-SNAPSHOT/hadoop-hdds-server-scm-0.5.0-SNAPSHOT.jar!/webapps/static,AVAILABLE}
2019-11-19 06:43:22,118 [main] INFO  handler.ContextHandler (ContextHandler.java:doStart(781)) - Started o.e.j.w.WebAppContext@5922ae77{/,file:///tmp/jetty-0.0.0.0-43917-scm-_-any-2940233963320489306.dir/webapp/,AVAILABLE}{/scm}
2019-11-19 06:43:22,123 [main] INFO  server.AbstractConnector (AbstractConnector.java:doStart(278)) - Started ServerConnector@21362712{HTTP/1.1,[http/1.1]}{0.0.0.0:43917}
2019-11-19 06:43:22,123 [main] INFO  server.Server (Server.java:doStart(419)) - Started @2999ms
2019-11-19 06:43:22,125 [main] INFO  impl.MetricsSinkAdapter (MetricsSinkAdapter.java:start(204)) - Sink prometheus started
2019-11-19 06:43:22,125 [main] INFO  impl.MetricsSystemImpl (MetricsSystemImpl.java:registerSink(301)) - Registered sink prometheus
2019-11-19 06:43:22,128 [main] INFO  server.BaseHttpServer (BaseHttpServer.java:updateConnectorAddress(215)) - HTTP server of SCM is listening at http://0.0.0.0:43917
2019-11-19 06:43:22,137 [org.apache.hadoop.util.JvmPauseMonitor$Monitor@56b78e55] INFO  util.JvmPauseMonitor (JvmPauseMonitor.java:run(188)) - Starting JVM pause monitor
2019-11-19 06:43:22,145 [main] WARN  server.ServerUtils (ServerUtils.java:getDBPath(222)) - ozone.om.db.dirs is not configured. We recommend adding this setting. Falling back to ozone.metadata.dirs instead.
2019-11-19 06:43:22,282 [main] INFO  ha.OMHANodeDetails (OMHANodeDetails.java:loadOMHAConfig(190)) - Configuration either no ozone.om.address set. Falling back to the default OM address /127.0.0.1:0
2019-11-19 06:43:22,282 [main] INFO  ha.OMHANodeDetails (OMHANodeDetails.java:getOMNodeDetails(220)) - OM Service ID is not set. Setting it to the default ID: omServiceIdDefault
2019-11-19 06:43:22,285 [main] WARN  server.ServerUtils (ServerUtils.java:getDBPath(222)) - ozone.om.db.dirs is not configured. We recommend adding this setting. Falling back to ozone.metadata.dirs instead.
2019-11-19 06:43:22,286 [main] WARN  server.ServerUtils (ServerUtils.java:getDBPath(222)) - ozone.om.db.dirs is not configured. We recommend adding this setting. Falling back to ozone.metadata.dirs instead.
2019-11-19 06:43:22,923 [main] WARN  server.ServerUtils (ServerUtils.java:getDBPath(222)) - ozone.om.db.dirs is not configured. We recommend adding this setting. Falling back to ozone.metadata.dirs instead.
2019-11-19 06:43:22,930 [main] INFO  db.DBStoreBuilder (DBStoreBuilder.java:addTable(127)) - using custom profile for table: userTable
2019-11-19 06:43:22,931 [main] INFO  db.DBStoreBuilder (DBStoreBuilder.java:processTables(183)) - Using default column profile:DBProfile.DISK for Table:userTable
2019-11-19 06:43:22,931 [main] INFO  db.DBStoreBuilder (DBStoreBuilder.java:addTable(127)) - using custom profile for table: volumeTable
2019-11-19 06:43:22,931 [main] INFO  db.DBStoreBuilder (DBStoreBuilder.java:processTables(183)) - Using default column profile:DBProfile.DISK for Table:volumeTable
2019-11-19 06:43:22,932 [main] INFO  db.DBStoreBuilder (DBStoreBuilder.java:addTable(127)) - using custom profile for table: bucketTable
2019-11-19 06:43:22,932 [main] INFO  db.DBStoreBuilder (DBStoreBuilder.java:processTables(183)) - Using default column profile:DBProfile.DISK for Table:bucketTable
2019-11-19 06:43:22,932 [main] INFO  db.DBStoreBuilder (DBStoreBuilder.java:addTable(127)) - using custom profile for table: keyTable
2019-11-19 06:43:22,932 [main] INFO  db.DBStoreBuilder (DBStoreBuilder.java:processTables(183)) - Using default column profile:DBProfile.DISK for Table:keyTable
2019-11-19 06:43:22,932 [main] INFO  db.DBStoreBuilder (DBStoreBuilder.java:addTable(127)) - using custom profile for table: deletedTable
2019-11-19 06:43:22,933 [main] INFO  db.DBStoreBuilder (DBStoreBuilder.java:processTables(183)) - Using default column profile:DBProfile.DISK for Table:deletedTable
2019-11-19 06:43:22,933 [main] INFO  db.DBStoreBuilder (DBStoreBuilder.java:addTable(127)) - using custom profile for table: openKeyTable
2019-11-19 06:43:22,933 [main] INFO  db.DBStoreBuilder (DBStoreBuilder.java:processTables(183)) - Using default column profile:DBProfile.DISK for Table:openKeyTable
2019-11-19 06:43:22,934 [main] INFO  db.DBStoreBuilder (DBStoreBuilder.java:addTable(127)) - using custom profile for table: s3Table
2019-11-19 06:43:22,934 [main] INFO  db.DBStoreBuilder (DBStoreBuilder.java:processTables(183)) - Using default column profile:DBProfile.DISK for Table:s3Table
2019-11-19 06:43:22,934 [main] INFO  db.DBStoreBuilder (DBStoreBuilder.java:addTable(127)) - using custom profile for table: multipartInfoTable
2019-11-19 06:43:22,934 [main] INFO  db.DBStoreBuilder (DBStoreBuilder.java:processTables(183)) - Using default column profile:DBProfile.DISK for Table:multipartInfoTable
2019-11-19 06:43:22,934 [main] INFO  db.DBStoreBuilder (DBStoreBuilder.java:addTable(127)) - using custom profile for table: dTokenTable
2019-11-19 06:43:22,935 [main] INFO  db.DBStoreBuilder (DBStoreBuilder.java:processTables(183)) - Using default column profile:DBProfile.DISK for Table:dTokenTable
2019-11-19 06:43:22,935 [main] INFO  db.DBStoreBuilder (DBStoreBuilder.java:addTable(127)) - using custom profile for table: s3SecretTable
2019-11-19 06:43:22,935 [main] INFO  db.DBStoreBuilder (DBStoreBuilder.java:processTables(183)) - Using default column profile:DBProfile.DISK for Table:s3SecretTable
2019-11-19 06:43:22,935 [main] INFO  db.DBStoreBuilder (DBStoreBuilder.java:addTable(127)) - using custom profile for table: prefixTable
2019-11-19 06:43:22,936 [main] INFO  db.DBStoreBuilder (DBStoreBuilder.java:processTables(183)) - Using default column profile:DBProfile.DISK for Table:prefixTable
2019-11-19 06:43:22,936 [main] INFO  db.DBStoreBuilder (DBStoreBuilder.java:addTable(127)) - using custom profile for table: default
2019-11-19 06:43:22,936 [main] INFO  db.DBStoreBuilder (DBStoreBuilder.java:processTables(189)) - Using default column profile:DBProfile.DISK for Table:default
2019-11-19 06:43:22,936 [main] INFO  db.DBStoreBuilder (DBStoreBuilder.java:getDbProfile(220)) - Using default options. DBProfile.DISK
2019-11-19 06:43:23,798 [main] INFO  ipc.CallQueueManager (CallQueueManager.java:<init>(84)) - Using callQueue: class java.util.concurrent.LinkedBlockingQueue, queueCapacity: 2000, scheduler: class org.apache.hadoop.ipc.DefaultRpcScheduler, ipcBackoff: false.
2019-11-19 06:43:23,799 [Socket Reader #1 for port 35135] INFO  ipc.Server (Server.java:run(1074)) - Starting Socket Reader #1 for port 35135
2019-11-19 06:43:23,824 [main] INFO  om.OzoneManager (OzoneManager.java:start(1077)) - OzoneManager RPC server is listening at localhost/127.0.0.1:35135
2019-11-19 06:43:23,824 [main] INFO  impl.MetricsSystemImpl (MetricsSystemImpl.java:init(158)) - OzoneManager metrics system started (again)
2019-11-19 06:43:23,832 [IPC Server Responder] INFO  ipc.Server (Server.java:run(1314)) - IPC Server Responder: starting
2019-11-19 06:43:23,832 [IPC Server listener on 35135] INFO  ipc.Server (Server.java:run(1153)) - IPC Server listener on 35135: starting
2019-11-19 06:43:23,838 [main] INFO  hdfs.DFSUtil (DFSUtil.java:httpServerTemplateForNNAndJN(1641)) - Starting Web-server for ozoneManager at: http://0.0.0.0:0
2019-11-19 06:43:23,840 [main] INFO  server.AuthenticationFilter (AuthenticationFilter.java:constructSecretProvider(240)) - Unable to initialize FileSignerSecretProvider, falling back to use random secrets.
2019-11-19 06:43:23,841 [main] WARN  http.HttpRequestLog (HttpRequestLog.java:getRequestLog(97)) - Jetty request log can only be enabled using Log4j
2019-11-19 06:43:23,843 [main] INFO  http.HttpServer2 (HttpServer2.java:addGlobalFilter(975)) - Added global filter 'safety' (class=org.apache.hadoop.http.HttpServer2$QuotingInputFilter)
2019-11-19 06:43:23,845 [main] INFO  http.HttpServer2 (HttpServer2.java:addFilter(948)) - Added filter static_user_filter (class=org.apache.hadoop.http.lib.StaticUserWebFilter$StaticUserFilter) to context ozoneManager
2019-11-19 06:43:23,845 [main] INFO  http.HttpServer2 (HttpServer2.java:addFilter(958)) - Added filter static_user_filter (class=org.apache.hadoop.http.lib.StaticUserWebFilter$StaticUserFilter) to context static
2019-11-19 06:43:23,846 [main] INFO  http.HttpServer2 (HttpServer2.java:addFilter(958)) - Added filter static_user_filter (class=org.apache.hadoop.http.lib.StaticUserWebFilter$StaticUserFilter) to context logs
2019-11-19 06:43:23,848 [main] INFO  http.HttpServer2 (HttpServer2.java:bindListener(1191)) - Jetty bound to port 40219
2019-11-19 06:43:23,849 [main] INFO  server.Server (Server.java:doStart(351)) - jetty-9.3.25.v20180904, build timestamp: 2018-09-04T21:11:46Z, git hash: 3ce520221d0240229c862b122d2b06c12a625732
2019-11-19 06:43:23,851 [main] INFO  handler.ContextHandler (ContextHandler.java:doStart(781)) - Started o.e.j.s.ServletContextHandler@51751e5f{/logs,file:///workdir/hadoop-ozone/tools/target/log,AVAILABLE}
2019-11-19 06:43:23,852 [main] INFO  handler.ContextHandler (ContextHandler.java:doStart(781)) - Started o.e.j.s.ServletContextHandler@7068f7ca{/static,jar:file:/home/user/.m2/repository/org/apache/hadoop/hadoop-ozone-ozone-manager/0.5.0-SNAPSHOT/hadoop-ozone-ozone-manager-0.5.0-SNAPSHOT.jar!/webapps/static,AVAILABLE}
2019-11-19 06:43:23,925 [main] INFO  handler.ContextHandler (ContextHandler.java:doStart(781)) - Started o.e.j.w.WebAppContext@44f3fe83{/,file:///tmp/jetty-0.0.0.0-40219-ozoneManager-_-any-93757350159764980.dir/webapp/,AVAILABLE}{/ozoneManager}
2019-11-19 06:43:23,926 [main] INFO  server.AbstractConnector (AbstractConnector.java:doStart(278)) - Started ServerConnector@44c5a16f{HTTP/1.1,[http/1.1]}{0.0.0.0:40219}
2019-11-19 06:43:23,926 [main] INFO  server.Server (Server.java:doStart(419)) - Started @4802ms
2019-11-19 06:43:23,927 [main] WARN  impl.MetricsSystemImpl (MetricsSystemImpl.java:register(276)) - Sink prometheus already exists!
2019-11-19 06:43:23,928 [main] INFO  server.BaseHttpServer (BaseHttpServer.java:updateConnectorAddress(215)) - HTTP server of OZONEMANAGER is listening at http://0.0.0.0:40219
2019-11-19 06:43:24,220 [main] INFO  impl.MetricsSystemImpl (MetricsSystemImpl.java:init(158)) - HddsDatanode metrics system started (again)
2019-11-19 06:43:24,272 [main] INFO  ozone.HddsDatanodeService (HddsDatanodeService.java:start(186)) - HddsDatanodeService host:pr-hdds-2509-crl9f-1365347269 ip:192.168.157.217
2019-11-19 06:43:24,306 [main] INFO  volume.HddsVolume (HddsVolume.java:<init>(176)) - Creating Volume: /workdir/hadoop-ozone/tools/target/test-dir/MiniOzoneClusterImpl-d7b29890-1406-4978-93e4-a093ee1b36d6/datanode-0/data/containers/hdds of  storage type : DISK and capacity : 1482555576320
2019-11-19 06:43:24,308 [main] INFO  volume.VolumeSet (VolumeSet.java:initializeVolumeSet(170)) - Added Volume : /workdir/hadoop-ozone/tools/target/test-dir/MiniOzoneClusterImpl-d7b29890-1406-4978-93e4-a093ee1b36d6/datanode-0/data/containers/hdds to VolumeSet
2019-11-19 06:43:24,311 [main] INFO  volume.ThrottledAsyncChecker (ThrottledAsyncChecker.java:schedule(141)) - Scheduling a check for /workdir/hadoop-ozone/tools/target/test-dir/MiniOzoneClusterImpl-d7b29890-1406-4978-93e4-a093ee1b36d6/datanode-0/data/containers/hdds
2019-11-19 06:43:24,326 [main] INFO  volume.HddsVolumeChecker (HddsVolumeChecker.java:checkAllVolumes(204)) - Scheduled health check for volume /workdir/hadoop-ozone/tools/target/test-dir/MiniOzoneClusterImpl-d7b29890-1406-4978-93e4-a093ee1b36d6/datanode-0/data/containers/hdds
2019-11-19 06:43:24,430 [main] INFO  impl.RaftServerProxy (ConfUtils.java:logGet(43)) - raft.rpc.type = GRPC (default)
2019-11-19 06:43:24,494 [main] INFO  grpc.GrpcFactory (GrpcFactory.java:checkPooledByteBufAllocatorUseCacheForAllThreads(45)) - PERFORMANCE WARNING: useCacheForAllThreads is true that may cause Netty to create a lot garbage objects and, as a result, trigger GC.
	It is recommended to disable useCacheForAllThreads by setting -Dorg.apache.ratis.thirdparty.io.netty.allocator.useCacheForAllThreads=false in command line.
2019-11-19 06:43:24,499 [main] INFO  grpc.GrpcConfigKeys$Server (ConfUtils.java:logGet(43)) - raft.grpc.server.port = 0 (default)
2019-11-19 06:43:24,501 [main] INFO  server.GrpcService (ConfUtils.java:logGet(43)) - raft.grpc.message.size.max = 33570816 (custom)
2019-11-19 06:43:24,502 [main] INFO  server.RaftServerConfigKeys (ConfUtils.java:logGet(43)) - raft.server.log.appender.buffer.byte-limit = 33554432 (custom)
2019-11-19 06:43:24,503 [main] INFO  server.GrpcService (ConfUtils.java:logGet(43)) - raft.grpc.flow.control.window = 1MB (=1048576) (default)
2019-11-19 06:43:24,503 [main] INFO  server.RaftServerConfigKeys (ConfUtils.java:logGet(43)) - raft.server.rpc.request.timeout = 3000ms (default)
2019-11-19 06:43:24,660 [main] INFO  server.RaftServerConfigKeys (ConfUtils.java:logGet(43)) - raft.server.storage.dir = [/workdir/hadoop-ozone/tools/target/test-dir/MiniOzoneClusterImpl-d7b29890-1406-4978-93e4-a093ee1b36d6/datanode-0/data/ratis] (custom)
2019-11-19 06:43:24,708 [main] INFO  hdfs.DFSUtil (DFSUtil.java:httpServerTemplateForNNAndJN(1641)) - Starting Web-server for hddsDatanode at: http://0.0.0.0:0
2019-11-19 06:43:24,709 [main] INFO  server.AuthenticationFilter (AuthenticationFilter.java:constructSecretProvider(240)) - Unable to initialize FileSignerSecretProvider, falling back to use random secrets.
2019-11-19 06:43:24,710 [main] WARN  http.HttpRequestLog (HttpRequestLog.java:getRequestLog(97)) - Jetty request log can only be enabled using Log4j
2019-11-19 06:43:24,711 [main] INFO  http.HttpServer2 (HttpServer2.java:addGlobalFilter(975)) - Added global filter 'safety' (class=org.apache.hadoop.http.HttpServer2$QuotingInputFilter)
2019-11-19 06:43:24,712 [main] INFO  http.HttpServer2 (HttpServer2.java:addFilter(948)) - Added filter static_user_filter (class=org.apache.hadoop.http.lib.StaticUserWebFilter$StaticUserFilter) to context hddsDatanode
2019-11-19 06:43:24,712 [main] INFO  http.HttpServer2 (HttpServer2.java:addFilter(958)) - Added filter static_user_filter (class=org.apache.hadoop.http.lib.StaticUserWebFilter$StaticUserFilter) to context logs
2019-11-19 06:43:24,712 [main] INFO  http.HttpServer2 (HttpServer2.java:addFilter(958)) - Added filter static_user_filter (class=org.apache.hadoop.http.lib.StaticUserWebFilter$StaticUserFilter) to context static
2019-11-19 06:43:24,713 [main] INFO  http.HttpServer2 (HttpServer2.java:bindListener(1191)) - Jetty bound to port 32770
2019-11-19 06:43:24,713 [main] INFO  server.Server (Server.java:doStart(351)) - jetty-9.3.25.v20180904, build timestamp: 2018-09-04T21:11:46Z, git hash: 3ce520221d0240229c862b122d2b06c12a625732
2019-11-19 06:43:24,715 [main] INFO  handler.ContextHandler (ContextHandler.java:doStart(781)) - Started o.e.j.s.ServletContextHandler@5f038248{/logs,file:///workdir/hadoop-ozone/tools/target/log,AVAILABLE}
2019-11-19 06:43:24,716 [main] INFO  handler.ContextHandler (ContextHandler.java:doStart(781)) - Started o.e.j.s.ServletContextHandler@2e8a1ab4{/static,jar:file:/home/user/.m2/repository/org/apache/hadoop/hadoop-hdds-container-service/0.5.0-SNAPSHOT/hadoop-hdds-container-service-0.5.0-SNAPSHOT.jar!/webapps/static,AVAILABLE}
2019-11-19 06:43:24,747 [main] INFO  handler.ContextHandler (ContextHandler.java:doStart(781)) - Started o.e.j.w.WebAppContext@30364216{/,file:///tmp/jetty-0.0.0.0-32770-hddsDatanode-_-any-1690720036929253776.dir/webapp/,AVAILABLE}{/hddsDatanode}
2019-11-19 06:43:24,747 [main] INFO  server.AbstractConnector (AbstractConnector.java:doStart(278)) - Started ServerConnector@38bb9d7a{HTTP/1.1,[http/1.1]}{0.0.0.0:32770}
2019-11-19 06:43:24,748 [main] INFO  server.Server (Server.java:doStart(419)) - Started @5624ms
2019-11-19 06:43:24,748 [main] WARN  impl.MetricsSystemImpl (MetricsSystemImpl.java:register(276)) - Sink prometheus already exists!
2019-11-19 06:43:24,749 [main] INFO  server.BaseHttpServer (BaseHttpServer.java:updateConnectorAddress(215)) - HTTP server of HDDSDATANODE is listening at http://0.0.0.0:32770
2019-11-19 06:43:24,751 [main] INFO  impl.MetricsSystemImpl (MetricsSystemImpl.java:init(158)) - HddsDatanode metrics system started (again)
2019-11-19 06:43:24,754 [main] INFO  ozone.HddsDatanodeService (HddsDatanodeService.java:start(186)) - HddsDatanodeService host:pr-hdds-2509-crl9f-1365347269 ip:192.168.157.217
2019-11-19 06:43:24,758 [org.apache.hadoop.util.JvmPauseMonitor$Monitor@1f1210ba] INFO  util.JvmPauseMonitor (JvmPauseMonitor.java:run(188)) - Starting JVM pause monitor
2019-11-19 06:43:24,765 [main] INFO  volume.HddsVolume (HddsVolume.java:<init>(176)) - Creating Volume: /workdir/hadoop-ozone/tools/target/test-dir/MiniOzoneClusterImpl-d7b29890-1406-4978-93e4-a093ee1b36d6/datanode-1/data/containers/hdds of  storage type : DISK and capacity : 1482555576320
2019-11-19 06:43:24,766 [main] INFO  volume.VolumeSet (VolumeSet.java:initializeVolumeSet(170)) - Added Volume : /workdir/hadoop-ozone/tools/target/test-dir/MiniOzoneClusterImpl-d7b29890-1406-4978-93e4-a093ee1b36d6/datanode-1/data/containers/hdds to VolumeSet
2019-11-19 06:43:24,766 [main] INFO  volume.ThrottledAsyncChecker (ThrottledAsyncChecker.java:schedule(141)) - Scheduling a check for /workdir/hadoop-ozone/tools/target/test-dir/MiniOzoneClusterImpl-d7b29890-1406-4978-93e4-a093ee1b36d6/datanode-1/data/containers/hdds
2019-11-19 06:43:24,767 [main] INFO  volume.HddsVolumeChecker (HddsVolumeChecker.java:checkAllVolumes(204)) - Scheduled health check for volume /workdir/hadoop-ozone/tools/target/test-dir/MiniOzoneClusterImpl-d7b29890-1406-4978-93e4-a093ee1b36d6/datanode-1/data/containers/hdds
2019-11-19 06:43:24,784 [main] INFO  impl.RaftServerProxy (ConfUtils.java:logGet(43)) - raft.rpc.type = GRPC (default)
2019-11-19 06:43:24,785 [main] INFO  grpc.GrpcFactory (GrpcFactory.java:checkPooledByteBufAllocatorUseCacheForAllThreads(45)) - PERFORMANCE WARNING: useCacheForAllThreads is true that may cause Netty to create a lot garbage objects and, as a result, trigger GC.
	It is recommended to disable useCacheForAllThreads by setting -Dorg.apache.ratis.thirdparty.io.netty.allocator.useCacheForAllThreads=false in command line.
2019-11-19 06:43:24,785 [main] INFO  grpc.GrpcConfigKeys$Server (ConfUtils.java:logGet(43)) - raft.grpc.server.port = 0 (default)
2019-11-19 06:43:24,785 [main] INFO  server.GrpcService (ConfUtils.java:logGet(43)) - raft.grpc.message.size.max = 33570816 (custom)
2019-11-19 06:43:24,785 [main] INFO  server.RaftServerConfigKeys (ConfUtils.java:logGet(43)) - raft.server.log.appender.buffer.byte-limit = 33554432 (custom)
2019-11-19 06:43:24,786 [main] INFO  server.GrpcService (ConfUtils.java:logGet(43)) - raft.grpc.flow.control.window = 1MB (=1048576) (default)
2019-11-19 06:43:24,786 [main] INFO  server.RaftServerConfigKeys (ConfUtils.java:logGet(43)) - raft.server.rpc.request.timeout = 3000ms (default)
2019-11-19 06:43:24,786 [main] INFO  server.RaftServerConfigKeys (ConfUtils.java:logGet(43)) - raft.server.storage.dir = [/workdir/hadoop-ozone/tools/target/test-dir/MiniOzoneClusterImpl-d7b29890-1406-4978-93e4-a093ee1b36d6/datanode-1/data/ratis] (custom)
2019-11-19 06:43:24,789 [main] INFO  hdfs.DFSUtil (DFSUtil.java:httpServerTemplateForNNAndJN(1641)) - Starting Web-server for hddsDatanode at: http://0.0.0.0:0
2019-11-19 06:43:24,790 [main] INFO  server.AuthenticationFilter (AuthenticationFilter.java:constructSecretProvider(240)) - Unable to initialize FileSignerSecretProvider, falling back to use random secrets.
2019-11-19 06:43:24,791 [main] WARN  http.HttpRequestLog (HttpRequestLog.java:getRequestLog(97)) - Jetty request log can only be enabled using Log4j
2019-11-19 06:43:24,794 [main] INFO  http.HttpServer2 (HttpServer2.java:addGlobalFilter(975)) - Added global filter 'safety' (class=org.apache.hadoop.http.HttpServer2$QuotingInputFilter)
2019-11-19 06:43:24,795 [main] INFO  http.HttpServer2 (HttpServer2.java:addFilter(948)) - Added filter static_user_filter (class=org.apache.hadoop.http.lib.StaticUserWebFilter$StaticUserFilter) to context hddsDatanode
2019-11-19 06:43:24,795 [main] INFO  http.HttpServer2 (HttpServer2.java:addFilter(958)) - Added filter static_user_filter (class=org.apache.hadoop.http.lib.StaticUserWebFilter$StaticUserFilter) to context static
2019-11-19 06:43:24,795 [main] INFO  http.HttpServer2 (HttpServer2.java:addFilter(958)) - Added filter static_user_filter (class=org.apache.hadoop.http.lib.StaticUserWebFilter$StaticUserFilter) to context logs
2019-11-19 06:43:24,796 [main] INFO  http.HttpServer2 (HttpServer2.java:bindListener(1191)) - Jetty bound to port 42559
2019-11-19 06:43:24,797 [main] INFO  server.Server (Server.java:doStart(351)) - jetty-9.3.25.v20180904, build timestamp: 2018-09-04T21:11:46Z, git hash: 3ce520221d0240229c862b122d2b06c12a625732
2019-11-19 06:43:24,806 [main] INFO  handler.ContextHandler (ContextHandler.java:doStart(781)) - Started o.e.j.s.ServletContextHandler@146dcfe6{/logs,file:///workdir/hadoop-ozone/tools/target/log,AVAILABLE}
2019-11-19 06:43:24,807 [main] INFO  handler.ContextHandler (ContextHandler.java:doStart(781)) - Started o.e.j.s.ServletContextHandler@5c77ba8f{/static,jar:file:/home/user/.m2/repository/org/apache/hadoop/hadoop-hdds-container-service/0.5.0-SNAPSHOT/hadoop-hdds-container-service-0.5.0-SNAPSHOT.jar!/webapps/static,AVAILABLE}
2019-11-19 06:43:24,841 [main] INFO  handler.ContextHandler (ContextHandler.java:doStart(781)) - Started o.e.j.w.WebAppContext@4fc3c165{/,file:///tmp/jetty-0.0.0.0-42559-hddsDatanode-_-any-3342475797350471706.dir/webapp/,AVAILABLE}{/hddsDatanode}
2019-11-19 06:43:24,842 [main] INFO  server.AbstractConnector (AbstractConnector.java:doStart(278)) - Started ServerConnector@10a0fe30{HTTP/1.1,[http/1.1]}{0.0.0.0:42559}
2019-11-19 06:43:24,842 [main] INFO  server.Server (Server.java:doStart(419)) - Started @5718ms
2019-11-19 06:43:24,842 [main] WARN  impl.MetricsSystemImpl (MetricsSystemImpl.java:register(276)) - Sink prometheus already exists!
2019-11-19 06:43:24,844 [main] INFO  server.BaseHttpServer (BaseHttpServer.java:updateConnectorAddress(215)) - HTTP server of HDDSDATANODE is listening at http://0.0.0.0:42559
2019-11-19 06:43:24,844 [main] INFO  impl.MetricsSystemImpl (MetricsSystemImpl.java:init(158)) - HddsDatanode metrics system started (again)
2019-11-19 06:43:24,847 [main] INFO  ozone.HddsDatanodeService (HddsDatanodeService.java:start(186)) - HddsDatanodeService host:pr-hdds-2509-crl9f-1365347269 ip:192.168.157.217
2019-11-19 06:43:24,847 [org.apache.hadoop.util.JvmPauseMonitor$Monitor@68d19014] INFO  util.JvmPauseMonitor (JvmPauseMonitor.java:run(188)) - Starting JVM pause monitor
2019-11-19 06:43:24,856 [main] INFO  volume.HddsVolume (HddsVolume.java:<init>(176)) - Creating Volume: /workdir/hadoop-ozone/tools/target/test-dir/MiniOzoneClusterImpl-d7b29890-1406-4978-93e4-a093ee1b36d6/datanode-2/data/containers/hdds of  storage type : DISK and capacity : 1482555576320
2019-11-19 06:43:24,856 [main] INFO  volume.VolumeSet (VolumeSet.java:initializeVolumeSet(170)) - Added Volume : /workdir/hadoop-ozone/tools/target/test-dir/MiniOzoneClusterImpl-d7b29890-1406-4978-93e4-a093ee1b36d6/datanode-2/data/containers/hdds to VolumeSet
2019-11-19 06:43:24,856 [main] INFO  volume.ThrottledAsyncChecker (ThrottledAsyncChecker.java:schedule(141)) - Scheduling a check for /workdir/hadoop-ozone/tools/target/test-dir/MiniOzoneClusterImpl-d7b29890-1406-4978-93e4-a093ee1b36d6/datanode-2/data/containers/hdds
2019-11-19 06:43:24,857 [main] INFO  volume.HddsVolumeChecker (HddsVolumeChecker.java:checkAllVolumes(204)) - Scheduled health check for volume /workdir/hadoop-ozone/tools/target/test-dir/MiniOzoneClusterImpl-d7b29890-1406-4978-93e4-a093ee1b36d6/datanode-2/data/containers/hdds
2019-11-19 06:43:24,860 [Datanode State Machine Thread - 0] INFO  datanode.InitDatanodeState (InitDatanodeState.java:persistContainerDatanodeDetails(140)) - DatanodeDetails is persisted to /workdir/hadoop-ozone/tools/target/test-dir/MiniOzoneClusterImpl-d7b29890-1406-4978-93e4-a093ee1b36d6/datanode-0/meta/datanode.id
2019-11-19 06:43:24,863 [Datanode State Machine Thread - 0] INFO  datanode.InitDatanodeState (InitDatanodeState.java:persistContainerDatanodeDetails(140)) - DatanodeDetails is persisted to /workdir/hadoop-ozone/tools/target/test-dir/MiniOzoneClusterImpl-d7b29890-1406-4978-93e4-a093ee1b36d6/datanode-1/meta/datanode.id
2019-11-19 06:43:24,879 [main] INFO  impl.RaftServerProxy (ConfUtils.java:logGet(43)) - raft.rpc.type = GRPC (default)
2019-11-19 06:43:24,880 [main] INFO  grpc.GrpcFactory (GrpcFactory.java:checkPooledByteBufAllocatorUseCacheForAllThreads(45)) - PERFORMANCE WARNING: useCacheForAllThreads is true that may cause Netty to create a lot garbage objects and, as a result, trigger GC.
	It is recommended to disable useCacheForAllThreads by setting -Dorg.apache.ratis.thirdparty.io.netty.allocator.useCacheForAllThreads=false in command line.
2019-11-19 06:43:24,880 [main] INFO  grpc.GrpcConfigKeys$Server (ConfUtils.java:logGet(43)) - raft.grpc.server.port = 0 (default)
2019-11-19 06:43:24,880 [main] INFO  server.GrpcService (ConfUtils.java:logGet(43)) - raft.grpc.message.size.max = 33570816 (custom)
2019-11-19 06:43:24,881 [main] INFO  server.RaftServerConfigKeys (ConfUtils.java:logGet(43)) - raft.server.log.appender.buffer.byte-limit = 33554432 (custom)
2019-11-19 06:43:24,881 [main] INFO  server.GrpcService (ConfUtils.java:logGet(43)) - raft.grpc.flow.control.window = 1MB (=1048576) (default)
2019-11-19 06:43:24,881 [main] INFO  server.RaftServerConfigKeys (ConfUtils.java:logGet(43)) - raft.server.rpc.request.timeout = 3000ms (default)
2019-11-19 06:43:24,882 [main] INFO  server.RaftServerConfigKeys (ConfUtils.java:logGet(43)) - raft.server.storage.dir = [/workdir/hadoop-ozone/tools/target/test-dir/MiniOzoneClusterImpl-d7b29890-1406-4978-93e4-a093ee1b36d6/datanode-2/data/ratis] (custom)
2019-11-19 06:43:24,885 [main] INFO  hdfs.DFSUtil (DFSUtil.java:httpServerTemplateForNNAndJN(1641)) - Starting Web-server for hddsDatanode at: http://0.0.0.0:0
2019-11-19 06:43:24,888 [main] INFO  server.AuthenticationFilter (AuthenticationFilter.java:constructSecretProvider(240)) - Unable to initialize FileSignerSecretProvider, falling back to use random secrets.
2019-11-19 06:43:24,889 [main] WARN  http.HttpRequestLog (HttpRequestLog.java:getRequestLog(97)) - Jetty request log can only be enabled using Log4j
2019-11-19 06:43:24,891 [main] INFO  http.HttpServer2 (HttpServer2.java:addGlobalFilter(975)) - Added global filter 'safety' (class=org.apache.hadoop.http.HttpServer2$QuotingInputFilter)
2019-11-19 06:43:24,893 [main] INFO  http.HttpServer2 (HttpServer2.java:addFilter(948)) - Added filter static_user_filter (class=org.apache.hadoop.http.lib.StaticUserWebFilter$StaticUserFilter) to context hddsDatanode
2019-11-19 06:43:24,893 [main] INFO  http.HttpServer2 (HttpServer2.java:addFilter(958)) - Added filter static_user_filter (class=org.apache.hadoop.http.lib.StaticUserWebFilter$StaticUserFilter) to context static
2019-11-19 06:43:24,893 [main] INFO  http.HttpServer2 (HttpServer2.java:addFilter(958)) - Added filter static_user_filter (class=org.apache.hadoop.http.lib.StaticUserWebFilter$StaticUserFilter) to context logs
2019-11-19 06:43:24,895 [main] INFO  http.HttpServer2 (HttpServer2.java:bindListener(1191)) - Jetty bound to port 35789
2019-11-19 06:43:24,895 [main] INFO  server.Server (Server.java:doStart(351)) - jetty-9.3.25.v20180904, build timestamp: 2018-09-04T21:11:46Z, git hash: 3ce520221d0240229c862b122d2b06c12a625732
2019-11-19 06:43:24,897 [main] INFO  handler.ContextHandler (ContextHandler.java:doStart(781)) - Started o.e.j.s.ServletContextHandler@255eaa6b{/logs,file:///workdir/hadoop-ozone/tools/target/log,AVAILABLE}
2019-11-19 06:43:24,898 [main] INFO  handler.ContextHandler (ContextHandler.java:doStart(781)) - Started o.e.j.s.ServletContextHandler@7a0e7ecd{/static,jar:file:/home/user/.m2/repository/org/apache/hadoop/hadoop-hdds-container-service/0.5.0-SNAPSHOT/hadoop-hdds-container-service-0.5.0-SNAPSHOT.jar!/webapps/static,AVAILABLE}
2019-11-19 06:43:24,948 [main] INFO  handler.ContextHandler (ContextHandler.java:doStart(781)) - Started o.e.j.w.WebAppContext@6dd1c3ed{/,file:///tmp/jetty-0.0.0.0-35789-hddsDatanode-_-any-4459318386693079983.dir/webapp/,AVAILABLE}{/hddsDatanode}
2019-11-19 06:43:24,948 [main] INFO  server.AbstractConnector (AbstractConnector.java:doStart(278)) - Started ServerConnector@22a6e998{HTTP/1.1,[http/1.1]}{0.0.0.0:35789}
2019-11-19 06:43:24,950 [main] INFO  server.Server (Server.java:doStart(419)) - Started @5826ms
2019-11-19 06:43:24,951 [main] WARN  impl.MetricsSystemImpl (MetricsSystemImpl.java:register(276)) - Sink prometheus already exists!
2019-11-19 06:43:24,952 [main] INFO  server.BaseHttpServer (BaseHttpServer.java:updateConnectorAddress(215)) - HTTP server of HDDSDATANODE is listening at http://0.0.0.0:35789
2019-11-19 06:43:24,954 [main] INFO  ozone.MiniOzoneClusterImpl (MiniOzoneClusterImpl.java:lambda$waitForClusterToBeReady$0(150)) - Waiting for nodes to be ready. Got 0 of 3 DN Heartbeats.
2019-11-19 06:43:24,955 [main] INFO  ozone.MiniOzoneClusterImpl (MiniOzoneClusterImpl.java:lambda$waitForClusterToBeReady$0(153)) - Waiting for cluster to exit safe mode
2019-11-19 06:43:24,956 [org.apache.hadoop.util.JvmPauseMonitor$Monitor@4e3b9f53] INFO  util.JvmPauseMonitor (JvmPauseMonitor.java:run(188)) - Starting JVM pause monitor
2019-11-19 06:43:24,959 [Datanode State Machine Thread - 0] INFO  datanode.InitDatanodeState (InitDatanodeState.java:persistContainerDatanodeDetails(140)) - DatanodeDetails is persisted to /workdir/hadoop-ozone/tools/target/test-dir/MiniOzoneClusterImpl-d7b29890-1406-4978-93e4-a093ee1b36d6/datanode-2/meta/datanode.id
2019-11-19 06:43:25,955 [main] INFO  ozone.MiniOzoneClusterImpl (MiniOzoneClusterImpl.java:lambda$waitForClusterToBeReady$0(150)) - Waiting for nodes to be ready. Got 0 of 3 DN Heartbeats.
2019-11-19 06:43:25,955 [main] INFO  ozone.MiniOzoneClusterImpl (MiniOzoneClusterImpl.java:lambda$waitForClusterToBeReady$0(153)) - Waiting for cluster to exit safe mode
2019-11-19 06:43:26,851 [Datanode State Machine Thread - 0] INFO  ozoneimpl.OzoneContainer (OzoneContainer.java:start(230)) - Attempting to start container services.
2019-11-19 06:43:26,854 [Datanode State Machine Thread - 0] INFO  ozoneimpl.OzoneContainer (OzoneContainer.java:startContainerScrub(194)) - Background container scanner has been disabled.
2019-11-19 06:43:26,854 [Datanode State Machine Thread - 0] INFO  ratis.XceiverServerRatis (XceiverServerRatis.java:start(422)) - Starting XceiverServerRatis 87ce0730-77f3-4eff-8325-458afec42df8 at port 0
2019-11-19 06:43:26,874 [Datanode State Machine Thread - 0] INFO  ozoneimpl.OzoneContainer (OzoneContainer.java:start(230)) - Attempting to start container services.
2019-11-19 06:43:26,880 [Datanode State Machine Thread - 0] INFO  ozoneimpl.OzoneContainer (OzoneContainer.java:startContainerScrub(194)) - Background container scanner has been disabled.
2019-11-19 06:43:26,880 [Datanode State Machine Thread - 0] INFO  ratis.XceiverServerRatis (XceiverServerRatis.java:start(422)) - Starting XceiverServerRatis 22243ddb-b513-44b3-98ed-9b9b7959dfc4 at port 0
2019-11-19 06:43:26,887 [Datanode State Machine Thread - 0] INFO  impl.RaftServerProxy (RaftServerProxy.java:lambda$start$3(299)) - 87ce0730-77f3-4eff-8325-458afec42df8: start RPC server
2019-11-19 06:43:26,892 [Datanode State Machine Thread - 0] INFO  impl.RaftServerProxy (RaftServerProxy.java:lambda$start$3(299)) - 22243ddb-b513-44b3-98ed-9b9b7959dfc4: start RPC server
2019-11-19 06:43:26,956 [main] INFO  ozone.MiniOzoneClusterImpl (MiniOzoneClusterImpl.java:lambda$waitForClusterToBeReady$0(150)) - Waiting for nodes to be ready. Got 0 of 3 DN Heartbeats.
2019-11-19 06:43:26,957 [main] INFO  ozone.MiniOzoneClusterImpl (MiniOzoneClusterImpl.java:lambda$waitForClusterToBeReady$0(153)) - Waiting for cluster to exit safe mode
2019-11-19 06:43:26,982 [Datanode State Machine Thread - 0] INFO  ozoneimpl.OzoneContainer (OzoneContainer.java:start(230)) - Attempting to start container services.
2019-11-19 06:43:26,983 [Datanode State Machine Thread - 0] INFO  ozoneimpl.OzoneContainer (OzoneContainer.java:startContainerScrub(194)) - Background container scanner has been disabled.
2019-11-19 06:43:26,984 [Datanode State Machine Thread - 0] INFO  ratis.XceiverServerRatis (XceiverServerRatis.java:start(422)) - Starting XceiverServerRatis 06308cbb-cab5-4d99-a124-e8d4e2a84d00 at port 0
2019-11-19 06:43:26,996 [Datanode State Machine Thread - 0] INFO  impl.RaftServerProxy (RaftServerProxy.java:lambda$start$3(299)) - 06308cbb-cab5-4d99-a124-e8d4e2a84d00: start RPC server
2019-11-19 06:43:27,016 [Datanode State Machine Thread - 0] INFO  server.GrpcService (GrpcService.java:startImpl(158)) - 06308cbb-cab5-4d99-a124-e8d4e2a84d00: GrpcService started, listening on 0.0.0.0/0.0.0.0:37591
2019-11-19 06:43:27,016 [Datanode State Machine Thread - 0] INFO  server.GrpcService (GrpcService.java:startImpl(158)) - 87ce0730-77f3-4eff-8325-458afec42df8: GrpcService started, listening on 0.0.0.0/0.0.0.0:39104
2019-11-19 06:43:27,016 [Datanode State Machine Thread - 0] INFO  server.GrpcService (GrpcService.java:startImpl(158)) - 22243ddb-b513-44b3-98ed-9b9b7959dfc4: GrpcService started, listening on 0.0.0.0/0.0.0.0:33362
2019-11-19 06:43:27,017 [Datanode State Machine Thread - 0] INFO  ratis.XceiverServerRatis (XceiverServerRatis.java:start(432)) - XceiverServerRatis 87ce0730-77f3-4eff-8325-458afec42df8 is started using port 39104
2019-11-19 06:43:27,017 [Datanode State Machine Thread - 0] INFO  ratis.XceiverServerRatis (XceiverServerRatis.java:start(432)) - XceiverServerRatis 06308cbb-cab5-4d99-a124-e8d4e2a84d00 is started using port 37591
2019-11-19 06:43:27,017 [Datanode State Machine Thread - 0] INFO  ratis.XceiverServerRatis (XceiverServerRatis.java:start(432)) - XceiverServerRatis 22243ddb-b513-44b3-98ed-9b9b7959dfc4 is started using port 33362
2019-11-19 06:43:27,022 [Datanode State Machine Thread - 0] INFO  server.XceiverServerGrpc (XceiverServerGrpc.java:start(145)) - XceiverServerGrpc 87ce0730-77f3-4eff-8325-458afec42df8 is started using port 34155
2019-11-19 06:43:27,023 [Datanode State Machine Thread - 0] INFO  server.XceiverServerGrpc (XceiverServerGrpc.java:start(145)) - XceiverServerGrpc 22243ddb-b513-44b3-98ed-9b9b7959dfc4 is started using port 43506
2019-11-19 06:43:27,022 [Datanode State Machine Thread - 0] INFO  server.XceiverServerGrpc (XceiverServerGrpc.java:start(145)) - XceiverServerGrpc 06308cbb-cab5-4d99-a124-e8d4e2a84d00 is started using port 45164
2019-11-19 06:43:27,958 [main] INFO  ozone.MiniOzoneClusterImpl (MiniOzoneClusterImpl.java:lambda$waitForClusterToBeReady$0(150)) - Waiting for nodes to be ready. Got 0 of 3 DN Heartbeats.
2019-11-19 06:43:27,958 [main] INFO  ozone.MiniOzoneClusterImpl (MiniOzoneClusterImpl.java:lambda$waitForClusterToBeReady$0(153)) - Waiting for cluster to exit safe mode
2019-11-19 06:43:28,796 [IPC Server handler 17 on 41378] INFO  net.NetworkTopology (NetworkTopologyImpl.java:add(111)) - Added a new node: /default-rack/87ce0730-77f3-4eff-8325-458afec42df8
2019-11-19 06:43:28,797 [IPC Server handler 17 on 41378] INFO  node.SCMNodeManager (SCMNodeManager.java:register(267)) - Registered Data node : 87ce0730-77f3-4eff-8325-458afec42df8{ip: 192.168.157.217, host: pr-hdds-2509-crl9f-1365347269, networkLocation: /default-rack, certSerialId: null}
2019-11-19 06:43:28,799 [EventQueue-NodeRegistrationContainerReportForContainerSafeModeRule] INFO  safemode.SCMSafeModeManager (SCMSafeModeManager.java:validateSafeModeExitRules(176)) - ContainerSafeModeRule rule is successfully validated
2019-11-19 06:43:28,799 [EventQueue-NodeRegistrationContainerReportForDataNodeSafeModeRule] INFO  safemode.SCMSafeModeManager (DataNodeSafeModeRule.java:process(71)) - SCM in safe mode. 1 DataNodes registered, 1 required.
2019-11-19 06:43:28,799 [EventQueue-NodeRegistrationContainerReportForDataNodeSafeModeRule] INFO  safemode.SCMSafeModeManager (SCMSafeModeManager.java:validateSafeModeExitRules(176)) - DataNodeSafeModeRule rule is successfully validated
2019-11-19 06:43:28,805 [RatisPipelineUtilsThread] INFO  pipeline.RatisPipelineProvider (RatisPipelineProvider.java:lambda$create$4(163)) - Send pipeline:PipelineID=1f8cd679-92d2-4559-b13e-a672806b732e create command to datanode 87ce0730-77f3-4eff-8325-458afec42df8
2019-11-19 06:43:28,818 [RatisPipelineUtilsThread] INFO  pipeline.PipelineStateManager (PipelineStateManager.java:addPipeline(55)) - Created pipeline Pipeline[ Id: 1f8cd679-92d2-4559-b13e-a672806b732e, Nodes: 87ce0730-77f3-4eff-8325-458afec42df8{ip: 192.168.157.217, host: pr-hdds-2509-crl9f-1365347269, networkLocation: /default-rack, certSerialId: null}, Type:RATIS, Factor:ONE, State:ALLOCATED]
2019-11-19 06:43:28,850 [IPC Server handler 19 on 41378] INFO  net.NetworkTopology (NetworkTopologyImpl.java:add(111)) - Added a new node: /default-rack/22243ddb-b513-44b3-98ed-9b9b7959dfc4
2019-11-19 06:43:28,850 [IPC Server handler 19 on 41378] INFO  node.SCMNodeManager (SCMNodeManager.java:register(267)) - Registered Data node : 22243ddb-b513-44b3-98ed-9b9b7959dfc4{ip: 192.168.157.217, host: pr-hdds-2509-crl9f-1365347269, networkLocation: /default-rack, certSerialId: null}
2019-11-19 06:43:28,850 [EventQueue-NodeRegistrationContainerReportForContainerSafeModeRule] INFO  safemode.SCMSafeModeManager (SCMSafeModeManager.java:validateSafeModeExitRules(176)) - ContainerSafeModeRule rule is successfully validated
2019-11-19 06:43:28,851 [EventQueue-NodeRegistrationContainerReportForDataNodeSafeModeRule] INFO  safemode.SCMSafeModeManager (SCMSafeModeManager.java:validateSafeModeExitRules(176)) - DataNodeSafeModeRule rule is successfully validated
2019-11-19 06:43:28,851 [RatisPipelineUtilsThread] INFO  pipeline.RatisPipelineProvider (RatisPipelineProvider.java:lambda$create$4(163)) - Send pipeline:PipelineID=f9fc1426-e393-4928-b8fa-a4da8413589e create command to datanode 22243ddb-b513-44b3-98ed-9b9b7959dfc4
2019-11-19 06:43:28,852 [RatisPipelineUtilsThread] INFO  pipeline.PipelineStateManager (PipelineStateManager.java:addPipeline(55)) - Created pipeline Pipeline[ Id: f9fc1426-e393-4928-b8fa-a4da8413589e, Nodes: 22243ddb-b513-44b3-98ed-9b9b7959dfc4{ip: 192.168.157.217, host: pr-hdds-2509-crl9f-1365347269, networkLocation: /default-rack, certSerialId: null}, Type:RATIS, Factor:ONE, State:ALLOCATED]
2019-11-19 06:43:28,958 [main] INFO  ozone.MiniOzoneClusterImpl (MiniOzoneClusterImpl.java:lambda$waitForClusterToBeReady$0(150)) - Waiting for nodes to be ready. Got 2 of 3 DN Heartbeats.
2019-11-19 06:43:28,959 [main] INFO  ozone.MiniOzoneClusterImpl (MiniOzoneClusterImpl.java:lambda$waitForClusterToBeReady$0(153)) - Waiting for cluster to exit safe mode
2019-11-19 06:43:28,960 [IPC Server handler 16 on 41378] INFO  net.NetworkTopology (NetworkTopologyImpl.java:add(111)) - Added a new node: /default-rack/06308cbb-cab5-4d99-a124-e8d4e2a84d00
2019-11-19 06:43:28,960 [IPC Server handler 16 on 41378] INFO  node.SCMNodeManager (SCMNodeManager.java:register(267)) - Registered Data node : 06308cbb-cab5-4d99-a124-e8d4e2a84d00{ip: 192.168.157.217, host: pr-hdds-2509-crl9f-1365347269, networkLocation: /default-rack, certSerialId: null}
2019-11-19 06:43:28,961 [RatisPipelineUtilsThread] INFO  pipeline.RatisPipelineProvider (RatisPipelineProvider.java:lambda$create$4(163)) - Send pipeline:PipelineID=1f982a84-273e-4e3c-9c4d-5b25cb1e8e84 create command to datanode 06308cbb-cab5-4d99-a124-e8d4e2a84d00
2019-11-19 06:43:28,961 [EventQueue-NodeRegistrationContainerReportForContainerSafeModeRule] INFO  safemode.SCMSafeModeManager (SCMSafeModeManager.java:validateSafeModeExitRules(176)) - ContainerSafeModeRule rule is successfully validated
2019-11-19 06:43:28,962 [EventQueue-NodeRegistrationContainerReportForDataNodeSafeModeRule] INFO  safemode.SCMSafeModeManager (SCMSafeModeManager.java:validateSafeModeExitRules(176)) - DataNodeSafeModeRule rule is successfully validated
2019-11-19 06:43:28,962 [RatisPipelineUtilsThread] INFO  pipeline.PipelineStateManager (PipelineStateManager.java:addPipeline(55)) - Created pipeline Pipeline[ Id: 1f982a84-273e-4e3c-9c4d-5b25cb1e8e84, Nodes: 06308cbb-cab5-4d99-a124-e8d4e2a84d00{ip: 192.168.157.217, host: pr-hdds-2509-crl9f-1365347269, networkLocation: /default-rack, certSerialId: null}, Type:RATIS, Factor:ONE, State:ALLOCATED]
2019-11-19 06:43:28,964 [RatisPipelineUtilsThread] INFO  pipeline.RatisPipelineProvider (RatisPipelineProvider.java:lambda$create$4(163)) - Send pipeline:PipelineID=6d4298e5-0b3d-4ee2-940a-63141b3a448a create command to datanode 87ce0730-77f3-4eff-8325-458afec42df8
2019-11-19 06:43:28,964 [RatisPipelineUtilsThread] INFO  pipeline.RatisPipelineProvider (RatisPipelineProvider.java:lambda$create$4(163)) - Send pipeline:PipelineID=6d4298e5-0b3d-4ee2-940a-63141b3a448a create command to datanode 22243ddb-b513-44b3-98ed-9b9b7959dfc4
2019-11-19 06:43:28,964 [RatisPipelineUtilsThread] INFO  pipeline.RatisPipelineProvider (RatisPipelineProvider.java:lambda$create$4(163)) - Send pipeline:PipelineID=6d4298e5-0b3d-4ee2-940a-63141b3a448a create command to datanode 06308cbb-cab5-4d99-a124-e8d4e2a84d00
2019-11-19 06:43:28,965 [RatisPipelineUtilsThread] INFO  pipeline.PipelineStateManager (PipelineStateManager.java:addPipeline(55)) - Created pipeline Pipeline[ Id: 6d4298e5-0b3d-4ee2-940a-63141b3a448a, Nodes: 87ce0730-77f3-4eff-8325-458afec42df8{ip: 192.168.157.217, host: pr-hdds-2509-crl9f-1365347269, networkLocation: /default-rack, certSerialId: null}22243ddb-b513-44b3-98ed-9b9b7959dfc4{ip: 192.168.157.217, host: pr-hdds-2509-crl9f-1365347269, networkLocation: /default-rack, certSerialId: null}06308cbb-cab5-4d99-a124-e8d4e2a84d00{ip: 192.168.157.217, host: pr-hdds-2509-crl9f-1365347269, networkLocation: /default-rack, certSerialId: null}, Type:RATIS, Factor:THREE, State:ALLOCATED]
2019-11-19 06:43:29,959 [main] INFO  ozone.MiniOzoneClusterImpl (MiniOzoneClusterImpl.java:lambda$waitForClusterToBeReady$0(150)) - Nodes are ready. Got 3 of 3 DN Heartbeats.
2019-11-19 06:43:29,959 [main] INFO  ozone.MiniOzoneClusterImpl (MiniOzoneClusterImpl.java:lambda$waitForClusterToBeReady$0(153)) - Waiting for cluster to exit safe mode
2019-11-19 06:43:30,960 [main] INFO  ozone.MiniOzoneClusterImpl (MiniOzoneClusterImpl.java:lambda$waitForClusterToBeReady$0(150)) - Nodes are ready. Got 3 of 3 DN Heartbeats.
2019-11-19 06:43:30,960 [main] INFO  ozone.MiniOzoneClusterImpl (MiniOzoneClusterImpl.java:lambda$waitForClusterToBeReady$0(153)) - Waiting for cluster to exit safe mode
2019-11-19 06:43:31,787 [Command processor thread] INFO  impl.RaftServerProxy (RaftServerProxy.java:addNew(89)) - 87ce0730-77f3-4eff-8325-458afec42df8: addNew group-A672806B732E:[87ce0730-77f3-4eff-8325-458afec42df8:192.168.157.217:39104] returns group-A672806B732E:java.util.concurrent.CompletableFuture@3ba99d02[Not completed]
2019-11-19 06:43:31,809 [pool-27-thread-1] INFO  impl.RaftServerImpl (RaftServerImpl.java:<init>(98)) - 87ce0730-77f3-4eff-8325-458afec42df8: new RaftServerImpl for group-A672806B732E:[87ce0730-77f3-4eff-8325-458afec42df8:192.168.157.217:39104] with ContainerStateMachine:uninitialized
2019-11-19 06:43:31,814 [pool-27-thread-1] INFO  server.RaftServerConfigKeys (ConfUtils.java:logGet(43)) - raft.server.rpc.timeout.min = 5s (custom)
2019-11-19 06:43:31,814 [pool-27-thread-1] INFO  server.RaftServerConfigKeys (ConfUtils.java:logGet(43)) - raft.server.rpc.timeout.max = 5200ms (custom)
2019-11-19 06:43:31,815 [pool-27-thread-1] INFO  server.RaftServerConfigKeys (ConfUtils.java:logGet(43)) - raft.server.rpcslowness.timeout = 120s (custom)
2019-11-19 06:43:31,815 [pool-27-thread-1] INFO  server.RaftServerConfigKeys (ConfUtils.java:logGet(43)) - raft.server.sleep.deviation.threshold = 300 (default)
2019-11-19 06:43:31,816 [pool-27-thread-1] INFO  server.RaftServerConfigKeys (ConfUtils.java:logGet(43)) - raft.server.log.appender.install.snapshot.enabled = false (custom)
2019-11-19 06:43:31,828 [pool-27-thread-1] INFO  impl.RaftServerImpl (ServerState.java:<init>(103)) - 87ce0730-77f3-4eff-8325-458afec42df8@group-A672806B732E: ConfigurationManager, init=-1: [87ce0730-77f3-4eff-8325-458afec42df8:192.168.157.217:39104], old=null, confs=<EMPTY_MAP>
2019-11-19 06:43:31,830 [pool-27-thread-1] INFO  server.RaftServerConfigKeys (ConfUtils.java:logGet(43)) - raft.server.storage.dir = [/workdir/hadoop-ozone/tools/target/test-dir/MiniOzoneClusterImpl-d7b29890-1406-4978-93e4-a093ee1b36d6/datanode-0/data/ratis] (custom)
2019-11-19 06:43:31,846 [pool-27-thread-1] INFO  server.RaftServerConfigKeys (ConfUtils.java:logGet(43)) - raft.server.log.corruption.policy = EXCEPTION (default)
2019-11-19 06:43:31,848 [Command processor thread] INFO  impl.RaftServerProxy (RaftServerProxy.java:addNew(89)) - 22243ddb-b513-44b3-98ed-9b9b7959dfc4: addNew group-A4DA8413589E:[22243ddb-b513-44b3-98ed-9b9b7959dfc4:192.168.157.217:33362] returns group-A4DA8413589E:java.util.concurrent.CompletableFuture@5b69af9b[Not completed]
2019-11-19 06:43:31,850 [pool-27-thread-1] INFO  storage.RaftStorageDirectory (RaftStorageDirectory.java:analyzeStorage(246)) - The storage directory /workdir/hadoop-ozone/tools/target/test-dir/MiniOzoneClusterImpl-d7b29890-1406-4978-93e4-a093ee1b36d6/datanode-0/data/ratis/1f8cd679-92d2-4559-b13e-a672806b732e does not exist. Creating ...
2019-11-19 06:43:31,870 [pool-37-thread-1] INFO  impl.RaftServerImpl (RaftServerImpl.java:<init>(98)) - 22243ddb-b513-44b3-98ed-9b9b7959dfc4: new RaftServerImpl for group-A4DA8413589E:[22243ddb-b513-44b3-98ed-9b9b7959dfc4:192.168.157.217:33362] with ContainerStateMachine:uninitialized
2019-11-19 06:43:31,871 [pool-37-thread-1] INFO  server.RaftServerConfigKeys (ConfUtils.java:logGet(43)) - raft.server.rpc.timeout.min = 5s (custom)
2019-11-19 06:43:31,871 [pool-37-thread-1] INFO  server.RaftServerConfigKeys (ConfUtils.java:logGet(43)) - raft.server.rpc.timeout.max = 5200ms (custom)
2019-11-19 06:43:31,872 [pool-37-thread-1] INFO  server.RaftServerConfigKeys (ConfUtils.java:logGet(43)) - raft.server.rpcslowness.timeout = 120s (custom)
2019-11-19 06:43:31,872 [pool-37-thread-1] INFO  server.RaftServerConfigKeys (ConfUtils.java:logGet(43)) - raft.server.sleep.deviation.threshold = 300 (default)
2019-11-19 06:43:31,872 [pool-37-thread-1] INFO  server.RaftServerConfigKeys (ConfUtils.java:logGet(43)) - raft.server.log.appender.install.snapshot.enabled = false (custom)
2019-11-19 06:43:31,872 [pool-37-thread-1] INFO  impl.RaftServerImpl (ServerState.java:<init>(103)) - 22243ddb-b513-44b3-98ed-9b9b7959dfc4@group-A4DA8413589E: ConfigurationManager, init=-1: [22243ddb-b513-44b3-98ed-9b9b7959dfc4:192.168.157.217:33362], old=null, confs=<EMPTY_MAP>
2019-11-19 06:43:31,872 [pool-37-thread-1] INFO  server.RaftServerConfigKeys (ConfUtils.java:logGet(43)) - raft.server.storage.dir = [/workdir/hadoop-ozone/tools/target/test-dir/MiniOzoneClusterImpl-d7b29890-1406-4978-93e4-a093ee1b36d6/datanode-1/data/ratis] (custom)
2019-11-19 06:43:31,872 [pool-37-thread-1] INFO  server.RaftServerConfigKeys (ConfUtils.java:logGet(43)) - raft.server.log.corruption.policy = EXCEPTION (default)
2019-11-19 06:43:31,873 [pool-37-thread-1] INFO  storage.RaftStorageDirectory (RaftStorageDirectory.java:analyzeStorage(246)) - The storage directory /workdir/hadoop-ozone/tools/target/test-dir/MiniOzoneClusterImpl-d7b29890-1406-4978-93e4-a093ee1b36d6/datanode-1/data/ratis/f9fc1426-e393-4928-b8fa-a4da8413589e does not exist. Creating ...
2019-11-19 06:43:31,881 [pool-27-thread-1] INFO  storage.RaftStorageDirectory (RaftStorageDirectory.java:tryLock(328)) - Lock on /workdir/hadoop-ozone/tools/target/test-dir/MiniOzoneClusterImpl-d7b29890-1406-4978-93e4-a093ee1b36d6/datanode-0/data/ratis/1f8cd679-92d2-4559-b13e-a672806b732e/in_use.lock acquired by nodename 31644@pr-hdds-2509-crl9f-1365347269
2019-11-19 06:43:31,898 [pool-37-thread-1] INFO  storage.RaftStorageDirectory (RaftStorageDirectory.java:tryLock(328)) - Lock on /workdir/hadoop-ozone/tools/target/test-dir/MiniOzoneClusterImpl-d7b29890-1406-4978-93e4-a093ee1b36d6/datanode-1/data/ratis/f9fc1426-e393-4928-b8fa-a4da8413589e/in_use.lock acquired by nodename 31644@pr-hdds-2509-crl9f-1365347269
2019-11-19 06:43:31,924 [pool-37-thread-1] INFO  storage.RaftStorage (RaftStorage.java:format(84)) - Storage directory /workdir/hadoop-ozone/tools/target/test-dir/MiniOzoneClusterImpl-d7b29890-1406-4978-93e4-a093ee1b36d6/datanode-1/data/ratis/f9fc1426-e393-4928-b8fa-a4da8413589e has been successfully formatted.
2019-11-19 06:43:31,924 [pool-27-thread-1] INFO  storage.RaftStorage (RaftStorage.java:format(84)) - Storage directory /workdir/hadoop-ozone/tools/target/test-dir/MiniOzoneClusterImpl-d7b29890-1406-4978-93e4-a093ee1b36d6/datanode-0/data/ratis/1f8cd679-92d2-4559-b13e-a672806b732e has been successfully formatted.
2019-11-19 06:43:31,928 [pool-27-thread-1] INFO  ratis.ContainerStateMachine (ContainerStateMachine.java:loadSnapshot(223)) - group-A672806B732E: The snapshot info is null. Setting the last applied indexto:(t:0, i:~)
2019-11-19 06:43:31,928 [pool-37-thread-1] INFO  ratis.ContainerStateMachine (ContainerStateMachine.java:loadSnapshot(223)) - group-A4DA8413589E: The snapshot info is null. Setting the last applied indexto:(t:0, i:~)
2019-11-19 06:43:31,929 [pool-27-thread-1] INFO  server.RaftServerConfigKeys (ConfUtils.java:logGet(43)) - raft.server.notification.no-leader.timeout = 120s (custom)
2019-11-19 06:43:31,929 [pool-37-thread-1] INFO  server.RaftServerConfigKeys (ConfUtils.java:logGet(43)) - raft.server.notification.no-leader.timeout = 120s (custom)
2019-11-19 06:43:31,933 [pool-27-thread-1] INFO  server.RaftServerConfigKeys (ConfUtils.java:logGet(43)) - raft.server.log.use.memory = false (default)
2019-11-19 06:43:31,933 [pool-37-thread-1] INFO  server.RaftServerConfigKeys (ConfUtils.java:logGet(43)) - raft.server.log.use.memory = false (default)
2019-11-19 06:43:31,940 [pool-37-thread-1] INFO  server.RaftServerConfigKeys (ConfUtils.java:logGet(43)) - raft.server.log.purge.gap = 1000000 (custom)
2019-11-19 06:43:31,940 [pool-27-thread-1] INFO  server.RaftServerConfigKeys (ConfUtils.java:logGet(43)) - raft.server.log.purge.gap = 1000000 (custom)
2019-11-19 06:43:31,940 [pool-37-thread-1] INFO  server.RaftServerConfigKeys (ConfUtils.java:logGet(43)) - raft.server.log.appender.buffer.byte-limit = 33554432 (custom)
2019-11-19 06:43:31,940 [pool-27-thread-1] INFO  server.RaftServerConfigKeys (ConfUtils.java:logGet(43)) - raft.server.log.appender.buffer.byte-limit = 33554432 (custom)
2019-11-19 06:43:31,943 [pool-27-thread-1] INFO  server.RaftServerConfigKeys (ConfUtils.java:logGet(43)) - raft.server.log.segment.size.max = 1048576 (custom)
2019-11-19 06:43:31,943 [pool-37-thread-1] INFO  server.RaftServerConfigKeys (ConfUtils.java:logGet(43)) - raft.server.log.segment.size.max = 1048576 (custom)
2019-11-19 06:43:31,950 [pool-37-thread-1] INFO  metrics.MetricRegistries (MetricRegistriesLoader.java:load(64)) - Loaded MetricRegistries class org.apache.ratis.metrics.impl.MetricRegistriesImpl
2019-11-19 06:43:31,955 [pool-27-thread-1] WARN  impl.MetricRegistriesImpl (MetricRegistriesImpl.java:lambda$create$1(61)) - First MetricRegistry has been created without registering reporters. You may need to call MetricRegistries.global().addReportRegistration(...) before.
2019-11-19 06:43:31,955 [pool-37-thread-1] WARN  impl.MetricRegistriesImpl (MetricRegistriesImpl.java:lambda$create$1(61)) - First MetricRegistry has been created without registering reporters. You may need to call MetricRegistries.global().addReportRegistration(...) before.
2019-11-19 06:43:31,958 [Command processor thread] INFO  impl.RaftServerProxy (RaftServerProxy.java:addNew(89)) - 06308cbb-cab5-4d99-a124-e8d4e2a84d00: addNew group-5B25CB1E8E84:[06308cbb-cab5-4d99-a124-e8d4e2a84d00:192.168.157.217:37591] returns group-5B25CB1E8E84:java.util.concurrent.CompletableFuture@273fd599[Not completed]
2019-11-19 06:43:31,969 [main] INFO  ozone.MiniOzoneClusterImpl (MiniOzoneClusterImpl.java:lambda$waitForClusterToBeReady$0(150)) - Nodes are ready. Got 3 of 3 DN Heartbeats.
2019-11-19 06:43:31,969 [main] INFO  ozone.MiniOzoneClusterImpl (MiniOzoneClusterImpl.java:lambda$waitForClusterToBeReady$0(153)) - Waiting for cluster to exit safe mode
2019-11-19 06:43:31,972 [pool-47-thread-1] INFO  impl.RaftServerImpl (RaftServerImpl.java:<init>(98)) - 06308cbb-cab5-4d99-a124-e8d4e2a84d00: new RaftServerImpl for group-5B25CB1E8E84:[06308cbb-cab5-4d99-a124-e8d4e2a84d00:192.168.157.217:37591] with ContainerStateMachine:uninitialized
2019-11-19 06:43:31,972 [pool-47-thread-1] INFO  server.RaftServerConfigKeys (ConfUtils.java:logGet(43)) - raft.server.rpc.timeout.min = 5s (custom)
2019-11-19 06:43:31,973 [pool-47-thread-1] INFO  server.RaftServerConfigKeys (ConfUtils.java:logGet(43)) - raft.server.rpc.timeout.max = 5200ms (custom)
2019-11-19 06:43:31,973 [pool-27-thread-1] INFO  server.RaftServerConfigKeys (ConfUtils.java:logGet(43)) - raft.server.log.segment.cache.num.max = 2 (custom)
2019-11-19 06:43:31,973 [pool-47-thread-1] INFO  server.RaftServerConfigKeys (ConfUtils.java:logGet(43)) - raft.server.rpcslowness.timeout = 120s (custom)
2019-11-19 06:43:31,973 [pool-37-thread-1] INFO  server.RaftServerConfigKeys (ConfUtils.java:logGet(43)) - raft.server.log.segment.cache.num.max = 2 (custom)
2019-11-19 06:43:31,973 [pool-47-thread-1] INFO  server.RaftServerConfigKeys (ConfUtils.java:logGet(43)) - raft.server.sleep.deviation.threshold = 300 (default)
2019-11-19 06:43:31,973 [pool-47-thread-1] INFO  server.RaftServerConfigKeys (ConfUtils.java:logGet(43)) - raft.server.log.appender.install.snapshot.enabled = false (custom)
2019-11-19 06:43:31,974 [pool-47-thread-1] INFO  impl.RaftServerImpl (ServerState.java:<init>(103)) - 06308cbb-cab5-4d99-a124-e8d4e2a84d00@group-5B25CB1E8E84: ConfigurationManager, init=-1: [06308cbb-cab5-4d99-a124-e8d4e2a84d00:192.168.157.217:37591], old=null, confs=<EMPTY_MAP>
2019-11-19 06:43:31,974 [pool-47-thread-1] INFO  server.RaftServerConfigKeys (ConfUtils.java:logGet(43)) - raft.server.storage.dir = [/workdir/hadoop-ozone/tools/target/test-dir/MiniOzoneClusterImpl-d7b29890-1406-4978-93e4-a093ee1b36d6/datanode-2/data/ratis] (custom)
2019-11-19 06:43:31,974 [pool-47-thread-1] INFO  server.RaftServerConfigKeys (ConfUtils.java:logGet(43)) - raft.server.log.corruption.policy = EXCEPTION (default)
2019-11-19 06:43:31,975 [pool-47-thread-1] INFO  storage.RaftStorageDirectory (RaftStorageDirectory.java:analyzeStorage(246)) - The storage directory /workdir/hadoop-ozone/tools/target/test-dir/MiniOzoneClusterImpl-d7b29890-1406-4978-93e4-a093ee1b36d6/datanode-2/data/ratis/1f982a84-273e-4e3c-9c4d-5b25cb1e8e84 does not exist. Creating ...
2019-11-19 06:43:31,979 [pool-27-thread-1] INFO  segmented.SegmentedRaftLogWorker (SegmentedRaftLogWorker.java:<init>(173)) - new 87ce0730-77f3-4eff-8325-458afec42df8@group-A672806B732E-SegmentedRaftLogWorker for RaftStorage:Storage Directory /workdir/hadoop-ozone/tools/target/test-dir/MiniOzoneClusterImpl-d7b29890-1406-4978-93e4-a093ee1b36d6/datanode-0/data/ratis/1f8cd679-92d2-4559-b13e-a672806b732e
2019-11-19 06:43:31,979 [pool-37-thread-1] INFO  segmented.SegmentedRaftLogWorker (SegmentedRaftLogWorker.java:<init>(173)) - new 22243ddb-b513-44b3-98ed-9b9b7959dfc4@group-A4DA8413589E-SegmentedRaftLogWorker for RaftStorage:Storage Directory /workdir/hadoop-ozone/tools/target/test-dir/MiniOzoneClusterImpl-d7b29890-1406-4978-93e4-a093ee1b36d6/datanode-1/data/ratis/f9fc1426-e393-4928-b8fa-a4da8413589e
2019-11-19 06:43:31,980 [pool-27-thread-1] INFO  server.RaftServerConfigKeys (ConfUtils.java:logGet(43)) - raft.server.log.queue.byte-limit = 2147483647 (custom)
2019-11-19 06:43:31,980 [pool-37-thread-1] INFO  server.RaftServerConfigKeys (ConfUtils.java:logGet(43)) - raft.server.log.queue.byte-limit = 2147483647 (custom)
2019-11-19 06:43:31,980 [pool-27-thread-1] INFO  server.RaftServerConfigKeys (ConfUtils.java:logGet(43)) - raft.server.log.queue.element-limit = 1024 (custom)
2019-11-19 06:43:31,980 [pool-37-thread-1] INFO  server.RaftServerConfigKeys (ConfUtils.java:logGet(43)) - raft.server.log.queue.element-limit = 1024 (custom)
2019-11-19 06:43:31,982 [pool-27-thread-1] INFO  server.RaftServerConfigKeys (ConfUtils.java:logGet(43)) - raft.server.log.segment.size.max = 1048576 (custom)
2019-11-19 06:43:31,982 [pool-37-thread-1] INFO  server.RaftServerConfigKeys (ConfUtils.java:logGet(43)) - raft.server.log.segment.size.max = 1048576 (custom)
2019-11-19 06:43:31,982 [pool-27-thread-1] INFO  server.RaftServerConfigKeys (ConfUtils.java:logGet(43)) - raft.server.log.preallocated.size = 16384 (custom)
2019-11-19 06:43:31,982 [pool-37-thread-1] INFO  server.RaftServerConfigKeys (ConfUtils.java:logGet(43)) - raft.server.log.preallocated.size = 16384 (custom)
2019-11-19 06:43:31,982 [pool-27-thread-1] INFO  server.RaftServerConfigKeys (ConfUtils.java:logGet(43)) - raft.server.log.write.buffer.size = 33554432 (custom)
2019-11-19 06:43:31,982 [pool-37-thread-1] INFO  server.RaftServerConfigKeys (ConfUtils.java:logGet(43)) - raft.server.log.write.buffer.size = 33554432 (custom)
2019-11-19 06:43:31,983 [pool-27-thread-1] INFO  server.RaftServerConfigKeys (ConfUtils.java:logGet(43)) - raft.server.log.force.sync.num = 128 (default)
2019-11-19 06:43:31,983 [pool-37-thread-1] INFO  server.RaftServerConfigKeys (ConfUtils.java:logGet(43)) - raft.server.log.force.sync.num = 128 (default)
2019-11-19 06:43:31,984 [pool-27-thread-1] INFO  server.RaftServerConfigKeys (ConfUtils.java:logGet(43)) - raft.server.log.statemachine.data.sync = true (default)
2019-11-19 06:43:31,984 [pool-37-thread-1] INFO  server.RaftServerConfigKeys (ConfUtils.java:logGet(43)) - raft.server.log.statemachine.data.sync = true (default)
2019-11-19 06:43:31,984 [pool-27-thread-1] INFO  server.RaftServerConfigKeys (ConfUtils.java:logGet(43)) - raft.server.log.statemachine.data.sync.timeout = 10s (default)
2019-11-19 06:43:31,984 [pool-37-thread-1] INFO  server.RaftServerConfigKeys (ConfUtils.java:logGet(43)) - raft.server.log.statemachine.data.sync.timeout = 10s (default)
2019-11-19 06:43:31,985 [pool-27-thread-1] INFO  server.RaftServerConfigKeys (ConfUtils.java:logGet(43)) - raft.server.log.statemachine.data.sync.timeout.retry = -1 (default)
2019-11-19 06:43:31,985 [pool-37-thread-1] INFO  server.RaftServerConfigKeys (ConfUtils.java:logGet(43)) - raft.server.log.statemachine.data.sync.timeout.retry = -1 (default)
2019-11-19 06:43:31,996 [pool-27-thread-1] INFO  server.RaftServerConfigKeys (ConfUtils.java:logGet(43)) - raft.server.log.statemachine.data.caching.enabled = true (custom)
2019-11-19 06:43:31,996 [pool-37-thread-1] INFO  server.RaftServerConfigKeys (ConfUtils.java:logGet(43)) - raft.server.log.statemachine.data.caching.enabled = true (custom)
2019-11-19 06:43:32,000 [pool-47-thread-1] INFO  storage.RaftStorageDirectory (RaftStorageDirectory.java:tryLock(328)) - Lock on /workdir/hadoop-ozone/tools/target/test-dir/MiniOzoneClusterImpl-d7b29890-1406-4978-93e4-a093ee1b36d6/datanode-2/data/ratis/1f982a84-273e-4e3c-9c4d-5b25cb1e8e84/in_use.lock acquired by nodename 31644@pr-hdds-2509-crl9f-1365347269
2019-11-19 06:43:32,001 [pool-37-thread-1] INFO  segmented.SegmentedRaftLogWorker (SegmentedRaftLogWorker.java:lambda$new$0(128)) - 22243ddb-b513-44b3-98ed-9b9b7959dfc4@group-A4DA8413589E-SegmentedRaftLogWorker: flushIndex: setUnconditionally 0 -> -1
2019-11-19 06:43:32,001 [pool-27-thread-1] INFO  segmented.SegmentedRaftLogWorker (SegmentedRaftLogWorker.java:lambda$new$0(128)) - 87ce0730-77f3-4eff-8325-458afec42df8@group-A672806B732E-SegmentedRaftLogWorker: flushIndex: setUnconditionally 0 -> -1
2019-11-19 06:43:32,005 [pool-27-thread-1] INFO  server.RaftServerConfigKeys (ConfUtils.java:logGet(43)) - raft.server.snapshot.auto.trigger.enabled = true (custom)
2019-11-19 06:43:32,005 [pool-37-thread-1] INFO  server.RaftServerConfigKeys (ConfUtils.java:logGet(43)) - raft.server.snapshot.auto.trigger.enabled = true (custom)
2019-11-19 06:43:32,005 [pool-27-thread-1] INFO  server.RaftServerConfigKeys (ConfUtils.java:logGet(43)) - raft.server.snapshot.auto.trigger.threshold = 10000 (custom)
2019-11-19 06:43:32,005 [pool-37-thread-1] INFO  server.RaftServerConfigKeys (ConfUtils.java:logGet(43)) - raft.server.snapshot.auto.trigger.threshold = 10000 (custom)
2019-11-19 06:43:32,006 [pool-27-thread-1] INFO  server.RaftServerConfigKeys (ConfUtils.java:logGet(43)) - raft.server.snapshot.retention.file.num = 5 (custom)
2019-11-19 06:43:32,006 [pool-37-thread-1] INFO  server.RaftServerConfigKeys (ConfUtils.java:logGet(43)) - raft.server.snapshot.retention.file.num = 5 (custom)
2019-11-19 06:43:32,006 [pool-27-thread-1] INFO  server.RaftServerConfigKeys (ConfUtils.java:logGet(43)) - raft.server.retrycache.expirytime = 600000ms (custom)
2019-11-19 06:43:32,006 [pool-37-thread-1] INFO  server.RaftServerConfigKeys (ConfUtils.java:logGet(43)) - raft.server.retrycache.expirytime = 600000ms (custom)
2019-11-19 06:43:32,023 [pool-27-thread-1] WARN  impl.MetricRegistriesImpl (MetricRegistriesImpl.java:lambda$create$1(61)) - First MetricRegistry has been created without registering reporters. You may need to call MetricRegistries.global().addReportRegistration(...) before.
2019-11-19 06:43:32,023 [pool-37-thread-1] WARN  impl.MetricRegistriesImpl (MetricRegistriesImpl.java:lambda$create$1(61)) - First MetricRegistry has been created without registering reporters. You may need to call MetricRegistries.global().addReportRegistration(...) before.
2019-11-19 06:43:32,025 [pool-27-thread-1] WARN  impl.MetricRegistriesImpl (MetricRegistriesImpl.java:lambda$create$1(61)) - First MetricRegistry has been created without registering reporters. You may need to call MetricRegistries.global().addReportRegistration(...) before.
2019-11-19 06:43:32,025 [pool-37-thread-1] WARN  impl.MetricRegistriesImpl (MetricRegistriesImpl.java:lambda$create$1(61)) - First MetricRegistry has been created without registering reporters. You may need to call MetricRegistries.global().addReportRegistration(...) before.
2019-11-19 06:43:32,025 [pool-47-thread-1] INFO  storage.RaftStorage (RaftStorage.java:format(84)) - Storage directory /workdir/hadoop-ozone/tools/target/test-dir/MiniOzoneClusterImpl-d7b29890-1406-4978-93e4-a093ee1b36d6/datanode-2/data/ratis/1f982a84-273e-4e3c-9c4d-5b25cb1e8e84 has been successfully formatted.
2019-11-19 06:43:32,026 [pool-47-thread-1] INFO  ratis.ContainerStateMachine (ContainerStateMachine.java:loadSnapshot(223)) - group-5B25CB1E8E84: The snapshot info is null. Setting the last applied indexto:(t:0, i:~)
2019-11-19 06:43:32,026 [pool-47-thread-1] INFO  server.RaftServerConfigKeys (ConfUtils.java:logGet(43)) - raft.server.notification.no-leader.timeout = 120s (custom)
2019-11-19 06:43:32,026 [pool-47-thread-1] INFO  server.RaftServerConfigKeys (ConfUtils.java:logGet(43)) - raft.server.log.use.memory = false (default)
2019-11-19 06:43:32,026 [pool-47-thread-1] INFO  server.RaftServerConfigKeys (ConfUtils.java:logGet(43)) - raft.server.log.purge.gap = 1000000 (custom)
2019-11-19 06:43:32,026 [pool-47-thread-1] INFO  server.RaftServerConfigKeys (ConfUtils.java:logGet(43)) - raft.server.log.appender.buffer.byte-limit = 33554432 (custom)
2019-11-19 06:43:32,026 [pool-47-thread-1] INFO  server.RaftServerConfigKeys (ConfUtils.java:logGet(43)) - raft.server.log.segment.size.max = 1048576 (custom)
2019-11-19 06:43:32,026 [pool-37-thread-1] INFO  impl.RaftServerImpl (RaftServerImpl.java:start(184)) - 22243ddb-b513-44b3-98ed-9b9b7959dfc4@group-A4DA8413589E: start as a follower, conf=-1: [22243ddb-b513-44b3-98ed-9b9b7959dfc4:192.168.157.217:33362], old=null
2019-11-19 06:43:32,026 [pool-27-thread-1] INFO  impl.RaftServerImpl (RaftServerImpl.java:start(184)) - 87ce0730-77f3-4eff-8325-458afec42df8@group-A672806B732E: start as a follower, conf=-1: [87ce0730-77f3-4eff-8325-458afec42df8:192.168.157.217:39104], old=null
2019-11-19 06:43:32,026 [pool-47-thread-1] WARN  impl.MetricRegistriesImpl (MetricRegistriesImpl.java:lambda$create$1(61)) - First MetricRegistry has been created without registering reporters. You may need to call MetricRegistries.global().addReportRegistration(...) before.
2019-11-19 06:43:32,027 [pool-47-thread-1] INFO  server.RaftServerConfigKeys (ConfUtils.java:logGet(43)) - raft.server.log.segment.cache.num.max = 2 (custom)
2019-11-19 06:43:32,027 [pool-47-thread-1] INFO  segmented.SegmentedRaftLogWorker (SegmentedRaftLogWorker.java:<init>(173)) - new 06308cbb-cab5-4d99-a124-e8d4e2a84d00@group-5B25CB1E8E84-SegmentedRaftLogWorker for RaftStorage:Storage Directory /workdir/hadoop-ozone/tools/target/test-dir/MiniOzoneClusterImpl-d7b29890-1406-4978-93e4-a093ee1b36d6/datanode-2/data/ratis/1f982a84-273e-4e3c-9c4d-5b25cb1e8e84
2019-11-19 06:43:32,027 [pool-47-thread-1] INFO  server.RaftServerConfigKeys (ConfUtils.java:logGet(43)) - raft.server.log.queue.byte-limit = 2147483647 (custom)
2019-11-19 06:43:32,027 [pool-47-thread-1] INFO  server.RaftServerConfigKeys (ConfUtils.java:logGet(43)) - raft.server.log.queue.element-limit = 1024 (custom)
2019-11-19 06:43:32,028 [pool-27-thread-1] INFO  impl.RaftServerImpl (RaftServerImpl.java:setRole(173)) - 87ce0730-77f3-4eff-8325-458afec42df8@group-A672806B732E: changes role from      null to FOLLOWER at term 0 for startAsFollower
2019-11-19 06:43:32,028 [pool-37-thread-1] INFO  impl.RaftServerImpl (RaftServerImpl.java:setRole(173)) - 22243ddb-b513-44b3-98ed-9b9b7959dfc4@group-A4DA8413589E: changes role from      null to FOLLOWER at term 0 for startAsFollower
2019-11-19 06:43:32,028 [pool-47-thread-1] INFO  server.RaftServerConfigKeys (ConfUtils.java:logGet(43)) - raft.server.log.segment.size.max = 1048576 (custom)
2019-11-19 06:43:32,028 [pool-47-thread-1] INFO  server.RaftServerConfigKeys (ConfUtils.java:logGet(43)) - raft.server.log.preallocated.size = 16384 (custom)
2019-11-19 06:43:32,028 [pool-47-thread-1] INFO  server.RaftServerConfigKeys (ConfUtils.java:logGet(43)) - raft.server.log.write.buffer.size = 33554432 (custom)
2019-11-19 06:43:32,028 [pool-47-thread-1] INFO  server.RaftServerConfigKeys (ConfUtils.java:logGet(43)) - raft.server.log.force.sync.num = 128 (default)
2019-11-19 06:43:32,029 [pool-27-thread-1] INFO  impl.RoleInfo (RoleInfo.java:updateAndGet(143)) - 87ce0730-77f3-4eff-8325-458afec42df8: start FollowerState
2019-11-19 06:43:32,029 [pool-37-thread-1] INFO  impl.RoleInfo (RoleInfo.java:updateAndGet(143)) - 22243ddb-b513-44b3-98ed-9b9b7959dfc4: start FollowerState
2019-11-19 06:43:32,029 [pool-47-thread-1] INFO  server.RaftServerConfigKeys (ConfUtils.java:logGet(43)) - raft.server.log.statemachine.data.sync = true (default)
2019-11-19 06:43:32,029 [pool-47-thread-1] INFO  server.RaftServerConfigKeys (ConfUtils.java:logGet(43)) - raft.server.log.statemachine.data.sync.timeout = 10s (default)
2019-11-19 06:43:32,030 [pool-47-thread-1] INFO  server.RaftServerConfigKeys (ConfUtils.java:logGet(43)) - raft.server.log.statemachine.data.sync.timeout.retry = -1 (default)
2019-11-19 06:43:32,030 [pool-47-thread-1] INFO  server.RaftServerConfigKeys (ConfUtils.java:logGet(43)) - raft.server.log.statemachine.data.caching.enabled = true (custom)
2019-11-19 06:43:32,030 [pool-47-thread-1] INFO  segmented.SegmentedRaftLogWorker (SegmentedRaftLogWorker.java:lambda$new$0(128)) - 06308cbb-cab5-4d99-a124-e8d4e2a84d00@group-5B25CB1E8E84-SegmentedRaftLogWorker: flushIndex: setUnconditionally 0 -> -1
2019-11-19 06:43:32,030 [pool-47-thread-1] INFO  server.RaftServerConfigKeys (ConfUtils.java:logGet(43)) - raft.server.snapshot.auto.trigger.enabled = true (custom)
2019-11-19 06:43:32,031 [pool-47-thread-1] INFO  server.RaftServerConfigKeys (ConfUtils.java:logGet(43)) - raft.server.snapshot.auto.trigger.threshold = 10000 (custom)
2019-11-19 06:43:32,031 [pool-47-thread-1] INFO  server.RaftServerConfigKeys (ConfUtils.java:logGet(43)) - raft.server.snapshot.retention.file.num = 5 (custom)
2019-11-19 06:43:32,031 [pool-37-thread-1] INFO  util.JmxRegister (JmxRegister.java:tryRegister(44)) - Successfully registered JMX Bean with object name Ratis:service=RaftServer,group=group-A4DA8413589E,id=22243ddb-b513-44b3-98ed-9b9b7959dfc4
2019-11-19 06:43:32,031 [pool-27-thread-1] INFO  util.JmxRegister (JmxRegister.java:tryRegister(44)) - Successfully registered JMX Bean with object name Ratis:service=RaftServer,group=group-A672806B732E,id=87ce0730-77f3-4eff-8325-458afec42df8
2019-11-19 06:43:32,031 [pool-47-thread-1] INFO  server.RaftServerConfigKeys (ConfUtils.java:logGet(43)) - raft.server.retrycache.expirytime = 600000ms (custom)
2019-11-19 06:43:32,031 [pool-47-thread-1] WARN  impl.MetricRegistriesImpl (MetricRegistriesImpl.java:lambda$create$1(61)) - First MetricRegistry has been created without registering reporters. You may need to call MetricRegistries.global().addReportRegistration(...) before.
2019-11-19 06:43:32,032 [pool-47-thread-1] WARN  impl.MetricRegistriesImpl (MetricRegistriesImpl.java:lambda$create$1(61)) - First MetricRegistry has been created without registering reporters. You may need to call MetricRegistries.global().addReportRegistration(...) before.
2019-11-19 06:43:32,032 [pool-47-thread-1] INFO  impl.RaftServerImpl (RaftServerImpl.java:start(184)) - 06308cbb-cab5-4d99-a124-e8d4e2a84d00@group-5B25CB1E8E84: start as a follower, conf=-1: [06308cbb-cab5-4d99-a124-e8d4e2a84d00:192.168.157.217:37591], old=null
2019-11-19 06:43:32,032 [pool-47-thread-1] INFO  impl.RaftServerImpl (RaftServerImpl.java:setRole(173)) - 06308cbb-cab5-4d99-a124-e8d4e2a84d00@group-5B25CB1E8E84: changes role from      null to FOLLOWER at term 0 for startAsFollower
2019-11-19 06:43:32,032 [pool-47-thread-1] INFO  impl.RoleInfo (RoleInfo.java:updateAndGet(143)) - 06308cbb-cab5-4d99-a124-e8d4e2a84d00: start FollowerState
2019-11-19 06:43:32,032 [pool-47-thread-1] INFO  util.JmxRegister (JmxRegister.java:tryRegister(44)) - Successfully registered JMX Bean with object name Ratis:service=RaftServer,group=group-5B25CB1E8E84,id=06308cbb-cab5-4d99-a124-e8d4e2a84d00
2019-11-19 06:43:32,033 [pool-47-thread-1] WARN  impl.MetricRegistriesImpl (MetricRegistriesImpl.java:lambda$create$1(61)) - First MetricRegistry has been created without registering reporters. You may need to call MetricRegistries.global().addReportRegistration(...) before.
2019-11-19 06:43:32,033 [pool-27-thread-1] WARN  impl.MetricRegistriesImpl (MetricRegistriesImpl.java:lambda$create$1(61)) - First MetricRegistry has been created without registering reporters. You may need to call MetricRegistries.global().addReportRegistration(...) before.
2019-11-19 06:43:32,033 [pool-37-thread-1] WARN  impl.MetricRegistriesImpl (MetricRegistriesImpl.java:lambda$create$1(61)) - First MetricRegistry has been created without registering reporters. You may need to call MetricRegistries.global().addReportRegistration(...) before.
2019-11-19 06:43:32,044 [Command processor thread] INFO  commandhandler.CreatePipelineCommandHandler (CreatePipelineCommandHandler.java:handle(86)) - Create Pipeline RATIS ONE #id: "1f982a84-273e-4e3c-9c4d-5b25cb1e8e84"
 command succeed on datanode 06308cbb-cab5-4d99-a124-e8d4e2a84d00.
2019-11-19 06:43:32,044 [Command processor thread] INFO  commandhandler.CreatePipelineCommandHandler (CreatePipelineCommandHandler.java:handle(86)) - Create Pipeline RATIS ONE #id: "f9fc1426-e393-4928-b8fa-a4da8413589e"
 command succeed on datanode 22243ddb-b513-44b3-98ed-9b9b7959dfc4.
2019-11-19 06:43:32,044 [Command processor thread] INFO  commandhandler.CreatePipelineCommandHandler (CreatePipelineCommandHandler.java:handle(86)) - Create Pipeline RATIS ONE #id: "1f8cd679-92d2-4559-b13e-a672806b732e"
 command succeed on datanode 87ce0730-77f3-4eff-8325-458afec42df8.
2019-11-19 06:43:32,050 [Command processor thread] INFO  impl.RaftServerProxy (RaftServerProxy.java:addNew(89)) - 22243ddb-b513-44b3-98ed-9b9b7959dfc4: addNew group-63141B3A448A:[22243ddb-b513-44b3-98ed-9b9b7959dfc4:192.168.157.217:33362, 06308cbb-cab5-4d99-a124-e8d4e2a84d00:192.168.157.217:37591, 87ce0730-77f3-4eff-8325-458afec42df8:192.168.157.217:39104] returns group-63141B3A448A:java.util.concurrent.CompletableFuture@5f56302e[Not completed]
2019-11-19 06:43:32,051 [Command processor thread] INFO  impl.RaftServerProxy (RaftServerProxy.java:addNew(89)) - 06308cbb-cab5-4d99-a124-e8d4e2a84d00: addNew group-63141B3A448A:[22243ddb-b513-44b3-98ed-9b9b7959dfc4:192.168.157.217:33362, 06308cbb-cab5-4d99-a124-e8d4e2a84d00:192.168.157.217:37591, 87ce0730-77f3-4eff-8325-458afec42df8:192.168.157.217:39104] returns group-63141B3A448A:java.util.concurrent.CompletableFuture@76a20e54[Not completed]
2019-11-19 06:43:32,051 [Command processor thread] INFO  impl.RaftServerProxy (RaftServerProxy.java:addNew(89)) - 87ce0730-77f3-4eff-8325-458afec42df8: addNew group-63141B3A448A:[22243ddb-b513-44b3-98ed-9b9b7959dfc4:192.168.157.217:33362, 06308cbb-cab5-4d99-a124-e8d4e2a84d00:192.168.157.217:37591, 87ce0730-77f3-4eff-8325-458afec42df8:192.168.157.217:39104] returns group-63141B3A448A:java.util.concurrent.CompletableFuture@4420049f[Not completed]
2019-11-19 06:43:32,053 [pool-37-thread-1] INFO  impl.RaftServerImpl (RaftServerImpl.java:<init>(98)) - 22243ddb-b513-44b3-98ed-9b9b7959dfc4: new RaftServerImpl for group-63141B3A448A:[22243ddb-b513-44b3-98ed-9b9b7959dfc4:192.168.157.217:33362, 06308cbb-cab5-4d99-a124-e8d4e2a84d00:192.168.157.217:37591, 87ce0730-77f3-4eff-8325-458afec42df8:192.168.157.217:39104] with ContainerStateMachine:uninitialized
2019-11-19 06:43:32,054 [pool-37-thread-1] INFO  server.RaftServerConfigKeys (ConfUtils.java:logGet(43)) - raft.server.rpc.timeout.min = 5s (custom)
2019-11-19 06:43:32,054 [pool-37-thread-1] INFO  server.RaftServerConfigKeys (ConfUtils.java:logGet(43)) - raft.server.rpc.timeout.max = 5200ms (custom)
2019-11-19 06:43:32,054 [pool-37-thread-1] INFO  server.RaftServerConfigKeys (ConfUtils.java:logGet(43)) - raft.server.rpcslowness.timeout = 120s (custom)
2019-11-19 06:43:32,054 [pool-37-thread-1] INFO  server.RaftServerConfigKeys (ConfUtils.java:logGet(43)) - raft.server.sleep.deviation.threshold = 300 (default)
2019-11-19 06:43:32,054 [pool-37-thread-1] INFO  server.RaftServerConfigKeys (ConfUtils.java:logGet(43)) - raft.server.log.appender.install.snapshot.enabled = false (custom)
2019-11-19 06:43:32,054 [pool-37-thread-1] INFO  impl.RaftServerImpl (ServerState.java:<init>(103)) - 22243ddb-b513-44b3-98ed-9b9b7959dfc4@group-63141B3A448A: ConfigurationManager, init=-1: [22243ddb-b513-44b3-98ed-9b9b7959dfc4:192.168.157.217:33362, 06308cbb-cab5-4d99-a124-e8d4e2a84d00:192.168.157.217:37591, 87ce0730-77f3-4eff-8325-458afec42df8:192.168.157.217:39104], old=null, confs=<EMPTY_MAP>
2019-11-19 06:43:32,055 [pool-37-thread-1] INFO  server.RaftServerConfigKeys (ConfUtils.java:logGet(43)) - raft.server.storage.dir = [/workdir/hadoop-ozone/tools/target/test-dir/MiniOzoneClusterImpl-d7b29890-1406-4978-93e4-a093ee1b36d6/datanode-1/data/ratis] (custom)
2019-11-19 06:43:32,055 [pool-47-thread-1] INFO  impl.RaftServerImpl (RaftServerImpl.java:<init>(98)) - 06308cbb-cab5-4d99-a124-e8d4e2a84d00: new RaftServerImpl for group-63141B3A448A:[22243ddb-b513-44b3-98ed-9b9b7959dfc4:192.168.157.217:33362, 06308cbb-cab5-4d99-a124-e8d4e2a84d00:192.168.157.217:37591, 87ce0730-77f3-4eff-8325-458afec42df8:192.168.157.217:39104] with ContainerStateMachine:uninitialized
2019-11-19 06:43:32,055 [pool-37-thread-1] INFO  server.RaftServerConfigKeys (ConfUtils.java:logGet(43)) - raft.server.log.corruption.policy = EXCEPTION (default)
2019-11-19 06:43:32,055 [pool-47-thread-1] INFO  server.RaftServerConfigKeys (ConfUtils.java:logGet(43)) - raft.server.rpc.timeout.min = 5s (custom)
2019-11-19 06:43:32,055 [pool-37-thread-1] INFO  storage.RaftStorageDirectory (RaftStorageDirectory.java:analyzeStorage(246)) - The storage directory /workdir/hadoop-ozone/tools/target/test-dir/MiniOzoneClusterImpl-d7b29890-1406-4978-93e4-a093ee1b36d6/datanode-1/data/ratis/6d4298e5-0b3d-4ee2-940a-63141b3a448a does not exist. Creating ...
2019-11-19 06:43:32,055 [pool-27-thread-1] INFO  impl.RaftServerImpl (RaftServerImpl.java:<init>(98)) - 87ce0730-77f3-4eff-8325-458afec42df8: new RaftServerImpl for group-63141B3A448A:[22243ddb-b513-44b3-98ed-9b9b7959dfc4:192.168.157.217:33362, 06308cbb-cab5-4d99-a124-e8d4e2a84d00:192.168.157.217:37591, 87ce0730-77f3-4eff-8325-458afec42df8:192.168.157.217:39104] with ContainerStateMachine:uninitialized
2019-11-19 06:43:32,055 [pool-47-thread-1] INFO  server.RaftServerConfigKeys (ConfUtils.java:logGet(43)) - raft.server.rpc.timeout.max = 5200ms (custom)
2019-11-19 06:43:32,056 [pool-27-thread-1] INFO  server.RaftServerConfigKeys (ConfUtils.java:logGet(43)) - raft.server.rpc.timeout.min = 5s (custom)
2019-11-19 06:43:32,056 [pool-47-thread-1] INFO  server.RaftServerConfigKeys (ConfUtils.java:logGet(43)) - raft.server.rpcslowness.timeout = 120s (custom)
2019-11-19 06:43:32,056 [pool-27-thread-1] INFO  server.RaftServerConfigKeys (ConfUtils.java:logGet(43)) - raft.server.rpc.timeout.max = 5200ms (custom)
2019-11-19 06:43:32,056 [pool-47-thread-1] INFO  server.RaftServerConfigKeys (ConfUtils.java:logGet(43)) - raft.server.sleep.deviation.threshold = 300 (default)
2019-11-19 06:43:32,056 [pool-27-thread-1] INFO  server.RaftServerConfigKeys (ConfUtils.java:logGet(43)) - raft.server.rpcslowness.timeout = 120s (custom)
2019-11-19 06:43:32,056 [pool-47-thread-1] INFO  server.RaftServerConfigKeys (ConfUtils.java:logGet(43)) - raft.server.log.appender.install.snapshot.enabled = false (custom)
2019-11-19 06:43:32,056 [pool-27-thread-1] INFO  server.RaftServerConfigKeys (ConfUtils.java:logGet(43)) - raft.server.sleep.deviation.threshold = 300 (default)
2019-11-19 06:43:32,056 [pool-47-thread-1] INFO  impl.RaftServerImpl (ServerState.java:<init>(103)) - 06308cbb-cab5-4d99-a124-e8d4e2a84d00@group-63141B3A448A: ConfigurationManager, init=-1: [22243ddb-b513-44b3-98ed-9b9b7959dfc4:192.168.157.217:33362, 06308cbb-cab5-4d99-a124-e8d4e2a84d00:192.168.157.217:37591, 87ce0730-77f3-4eff-8325-458afec42df8:192.168.157.217:39104], old=null, confs=<EMPTY_MAP>
2019-11-19 06:43:32,056 [pool-27-thread-1] INFO  server.RaftServerConfigKeys (ConfUtils.java:logGet(43)) - raft.server.log.appender.install.snapshot.enabled = false (custom)
2019-11-19 06:43:32,057 [pool-27-thread-1] INFO  impl.RaftServerImpl (ServerState.java:<init>(103)) - 87ce0730-77f3-4eff-8325-458afec42df8@group-63141B3A448A: ConfigurationManager, init=-1: [22243ddb-b513-44b3-98ed-9b9b7959dfc4:192.168.157.217:33362, 06308cbb-cab5-4d99-a124-e8d4e2a84d00:192.168.157.217:37591, 87ce0730-77f3-4eff-8325-458afec42df8:192.168.157.217:39104], old=null, confs=<EMPTY_MAP>
2019-11-19 06:43:32,057 [pool-47-thread-1] INFO  server.RaftServerConfigKeys (ConfUtils.java:logGet(43)) - raft.server.storage.dir = [/workdir/hadoop-ozone/tools/target/test-dir/MiniOzoneClusterImpl-d7b29890-1406-4978-93e4-a093ee1b36d6/datanode-2/data/ratis] (custom)
2019-11-19 06:43:32,057 [pool-27-thread-1] INFO  server.RaftServerConfigKeys (ConfUtils.java:logGet(43)) - raft.server.storage.dir = [/workdir/hadoop-ozone/tools/target/test-dir/MiniOzoneClusterImpl-d7b29890-1406-4978-93e4-a093ee1b36d6/datanode-0/data/ratis] (custom)
2019-11-19 06:43:32,057 [pool-27-thread-1] INFO  server.RaftServerConfigKeys (ConfUtils.java:logGet(43)) - raft.server.log.corruption.policy = EXCEPTION (default)
2019-11-19 06:43:32,057 [pool-47-thread-1] INFO  server.RaftServerConfigKeys (ConfUtils.java:logGet(43)) - raft.server.log.corruption.policy = EXCEPTION (default)
2019-11-19 06:43:32,057 [pool-27-thread-1] INFO  storage.RaftStorageDirectory (RaftStorageDirectory.java:analyzeStorage(246)) - The storage directory /workdir/hadoop-ozone/tools/target/test-dir/MiniOzoneClusterImpl-d7b29890-1406-4978-93e4-a093ee1b36d6/datanode-0/data/ratis/6d4298e5-0b3d-4ee2-940a-63141b3a448a does not exist. Creating ...
2019-11-19 06:43:32,057 [pool-47-thread-1] INFO  storage.RaftStorageDirectory (RaftStorageDirectory.java:analyzeStorage(246)) - The storage directory /workdir/hadoop-ozone/tools/target/test-dir/MiniOzoneClusterImpl-d7b29890-1406-4978-93e4-a093ee1b36d6/datanode-2/data/ratis/6d4298e5-0b3d-4ee2-940a-63141b3a448a does not exist. Creating ...
2019-11-19 06:43:32,065 [EventQueue-PipelineReportForPipelineReportHandler] INFO  pipeline.PipelineReportHandler (PipelineReportHandler.java:processPipelineReport(113)) - Pipeline ONE PipelineID=1f982a84-273e-4e3c-9c4d-5b25cb1e8e84 reported by 06308cbb-cab5-4d99-a124-e8d4e2a84d00{ip: 192.168.157.217, host: pr-hdds-2509-crl9f-1365347269, networkLocation: /default-rack, certSerialId: null}
2019-11-19 06:43:32,065 [EventQueue-PipelineReportForPipelineReportHandler] INFO  pipeline.PipelineStateManager (PipelineStateManager.java:openPipeline(132)) - Pipeline Pipeline[ Id: 1f982a84-273e-4e3c-9c4d-5b25cb1e8e84, Nodes: 06308cbb-cab5-4d99-a124-e8d4e2a84d00{ip: 192.168.157.217, host: pr-hdds-2509-crl9f-1365347269, networkLocation: /default-rack, certSerialId: null}, Type:RATIS, Factor:ONE, State:ALLOCATED] moved to OPEN state
2019-11-19 06:43:32,067 [EventQueue-OpenPipelineForOneReplicaPipelineSafeModeRule] INFO  safemode.SCMSafeModeManager (SCMSafeModeManager.java:validateSafeModeExitRules(176)) - AtleastOneDatanodeReportedRule rule is successfully validated
2019-11-19 06:43:32,068 [EventQueue-PipelineReportForPipelineReportHandler] INFO  pipeline.PipelineReportHandler (PipelineReportHandler.java:processPipelineReport(113)) - Pipeline ONE PipelineID=f9fc1426-e393-4928-b8fa-a4da8413589e reported by 22243ddb-b513-44b3-98ed-9b9b7959dfc4{ip: 192.168.157.217, host: pr-hdds-2509-crl9f-1365347269, networkLocation: /default-rack, certSerialId: null}
2019-11-19 06:43:32,068 [EventQueue-OpenPipelineForHealthyPipelineSafeModeRule] INFO  safemode.SCMSafeModeManager (HealthyPipelineSafeModeRule.java:process(132)) - SCM in safe mode. Healthy pipelines reported count is 0, required healthy pipeline reported count is 1
2019-11-19 06:43:32,068 [EventQueue-PipelineReportForPipelineReportHandler] INFO  pipeline.PipelineStateManager (PipelineStateManager.java:openPipeline(132)) - Pipeline Pipeline[ Id: f9fc1426-e393-4928-b8fa-a4da8413589e, Nodes: 22243ddb-b513-44b3-98ed-9b9b7959dfc4{ip: 192.168.157.217, host: pr-hdds-2509-crl9f-1365347269, networkLocation: /default-rack, certSerialId: null}, Type:RATIS, Factor:ONE, State:ALLOCATED] moved to OPEN state
2019-11-19 06:43:32,068 [EventQueue-OpenPipelineForOneReplicaPipelineSafeModeRule] INFO  safemode.SCMSafeModeManager (SCMSafeModeManager.java:validateSafeModeExitRules(176)) - AtleastOneDatanodeReportedRule rule is successfully validated
2019-11-19 06:43:32,068 [EventQueue-PipelineReportForPipelineReportHandler] INFO  pipeline.PipelineReportHandler (PipelineReportHandler.java:processPipelineReport(113)) - Pipeline ONE PipelineID=1f8cd679-92d2-4559-b13e-a672806b732e reported by 87ce0730-77f3-4eff-8325-458afec42df8{ip: 192.168.157.217, host: pr-hdds-2509-crl9f-1365347269, networkLocation: /default-rack, certSerialId: null}
2019-11-19 06:43:32,068 [EventQueue-OpenPipelineForHealthyPipelineSafeModeRule] INFO  safemode.SCMSafeModeManager (HealthyPipelineSafeModeRule.java:process(132)) - SCM in safe mode. Healthy pipelines reported count is 0, required healthy pipeline reported count is 1
2019-11-19 06:43:32,069 [EventQueue-PipelineReportForPipelineReportHandler] INFO  pipeline.PipelineStateManager (PipelineStateManager.java:openPipeline(132)) - Pipeline Pipeline[ Id: 1f8cd679-92d2-4559-b13e-a672806b732e, Nodes: 87ce0730-77f3-4eff-8325-458afec42df8{ip: 192.168.157.217, host: pr-hdds-2509-crl9f-1365347269, networkLocation: /default-rack, certSerialId: null}, Type:RATIS, Factor:ONE, State:ALLOCATED] moved to OPEN state
2019-11-19 06:43:32,069 [EventQueue-OpenPipelineForHealthyPipelineSafeModeRule] INFO  safemode.SCMSafeModeManager (HealthyPipelineSafeModeRule.java:process(132)) - SCM in safe mode. Healthy pipelines reported count is 0, required healthy pipeline reported count is 1
2019-11-19 06:43:32,069 [EventQueue-OpenPipelineForOneReplicaPipelineSafeModeRule] INFO  safemode.SCMSafeModeManager (SCMSafeModeManager.java:validateSafeModeExitRules(176)) - AtleastOneDatanodeReportedRule rule is successfully validated
2019-11-19 06:43:32,077 [pool-27-thread-1] INFO  storage.RaftStorageDirectory (RaftStorageDirectory.java:tryLock(328)) - Lock on /workdir/hadoop-ozone/tools/target/test-dir/MiniOzoneClusterImpl-d7b29890-1406-4978-93e4-a093ee1b36d6/datanode-0/data/ratis/6d4298e5-0b3d-4ee2-940a-63141b3a448a/in_use.lock acquired by nodename 31644@pr-hdds-2509-crl9f-1365347269
2019-11-19 06:43:32,077 [pool-47-thread-1] INFO  storage.RaftStorageDirectory (RaftStorageDirectory.java:tryLock(328)) - Lock on /workdir/hadoop-ozone/tools/target/test-dir/MiniOzoneClusterImpl-d7b29890-1406-4978-93e4-a093ee1b36d6/datanode-2/data/ratis/6d4298e5-0b3d-4ee2-940a-63141b3a448a/in_use.lock acquired by nodename 31644@pr-hdds-2509-crl9f-1365347269
2019-11-19 06:43:32,077 [pool-37-thread-1] INFO  storage.RaftStorageDirectory (RaftStorageDirectory.java:tryLock(328)) - Lock on /workdir/hadoop-ozone/tools/target/test-dir/MiniOzoneClusterImpl-d7b29890-1406-4978-93e4-a093ee1b36d6/datanode-1/data/ratis/6d4298e5-0b3d-4ee2-940a-63141b3a448a/in_use.lock acquired by nodename 31644@pr-hdds-2509-crl9f-1365347269
2019-11-19 06:43:32,103 [pool-27-thread-1] INFO  storage.RaftStorage (RaftStorage.java:format(84)) - Storage directory /workdir/hadoop-ozone/tools/target/test-dir/MiniOzoneClusterImpl-d7b29890-1406-4978-93e4-a093ee1b36d6/datanode-0/data/ratis/6d4298e5-0b3d-4ee2-940a-63141b3a448a has been successfully formatted.
2019-11-19 06:43:32,104 [pool-47-thread-1] INFO  storage.RaftStorage (RaftStorage.java:format(84)) - Storage directory /workdir/hadoop-ozone/tools/target/test-dir/MiniOzoneClusterImpl-d7b29890-1406-4978-93e4-a093ee1b36d6/datanode-2/data/ratis/6d4298e5-0b3d-4ee2-940a-63141b3a448a has been successfully formatted.
2019-11-19 06:43:32,103 [pool-37-thread-1] INFO  storage.RaftStorage (RaftStorage.java:format(84)) - Storage directory /workdir/hadoop-ozone/tools/target/test-dir/MiniOzoneClusterImpl-d7b29890-1406-4978-93e4-a093ee1b36d6/datanode-1/data/ratis/6d4298e5-0b3d-4ee2-940a-63141b3a448a has been successfully formatted.
2019-11-19 06:43:32,104 [pool-27-thread-1] INFO  ratis.ContainerStateMachine (ContainerStateMachine.java:loadSnapshot(223)) - group-63141B3A448A: The snapshot info is null. Setting the last applied indexto:(t:0, i:~)
2019-11-19 06:43:32,104 [pool-27-thread-1] INFO  server.RaftServerConfigKeys (ConfUtils.java:logGet(43)) - raft.server.notification.no-leader.timeout = 120s (custom)
2019-11-19 06:43:32,104 [pool-47-thread-1] INFO  ratis.ContainerStateMachine (ContainerStateMachine.java:loadSnapshot(223)) - group-63141B3A448A: The snapshot info is null. Setting the last applied indexto:(t:0, i:~)
2019-11-19 06:43:32,104 [pool-37-thread-1] INFO  ratis.ContainerStateMachine (ContainerStateMachine.java:loadSnapshot(223)) - group-63141B3A448A: The snapshot info is null. Setting the last applied indexto:(t:0, i:~)
2019-11-19 06:43:32,104 [pool-47-thread-1] INFO  server.RaftServerConfigKeys (ConfUtils.java:logGet(43)) - raft.server.notification.no-leader.timeout = 120s (custom)
2019-11-19 06:43:32,105 [pool-37-thread-1] INFO  server.RaftServerConfigKeys (ConfUtils.java:logGet(43)) - raft.server.notification.no-leader.timeout = 120s (custom)
2019-11-19 06:43:32,104 [pool-27-thread-1] INFO  server.RaftServerConfigKeys (ConfUtils.java:logGet(43)) - raft.server.log.use.memory = false (default)
2019-11-19 06:43:32,105 [pool-37-thread-1] INFO  server.RaftServerConfigKeys (ConfUtils.java:logGet(43)) - raft.server.log.use.memory = false (default)
2019-11-19 06:43:32,105 [pool-47-thread-1] INFO  server.RaftServerConfigKeys (ConfUtils.java:logGet(43)) - raft.server.log.use.memory = false (default)
2019-11-19 06:43:32,105 [pool-37-thread-1] INFO  server.RaftServerConfigKeys (ConfUtils.java:logGet(43)) - raft.server.log.purge.gap = 1000000 (custom)
2019-11-19 06:43:32,105 [pool-27-thread-1] INFO  server.RaftServerConfigKeys (ConfUtils.java:logGet(43)) - raft.server.log.purge.gap = 1000000 (custom)
2019-11-19 06:43:32,105 [pool-37-thread-1] INFO  server.RaftServerConfigKeys (ConfUtils.java:logGet(43)) - raft.server.log.appender.buffer.byte-limit = 33554432 (custom)
2019-11-19 06:43:32,105 [pool-47-thread-1] INFO  server.RaftServerConfigKeys (ConfUtils.java:logGet(43)) - raft.server.log.purge.gap = 1000000 (custom)
2019-11-19 06:43:32,105 [pool-37-thread-1] INFO  server.RaftServerConfigKeys (ConfUtils.java:logGet(43)) - raft.server.log.segment.size.max = 1048576 (custom)
2019-11-19 06:43:32,105 [pool-27-thread-1] INFO  server.RaftServerConfigKeys (ConfUtils.java:logGet(43)) - raft.server.log.appender.buffer.byte-limit = 33554432 (custom)
2019-11-19 06:43:32,106 [pool-37-thread-1] INFO  server.RaftServerConfigKeys (ConfUtils.java:logGet(43)) - raft.server.log.segment.cache.num.max = 2 (custom)
2019-11-19 06:43:32,106 [pool-47-thread-1] INFO  server.RaftServerConfigKeys (ConfUtils.java:logGet(43)) - raft.server.log.appender.buffer.byte-limit = 33554432 (custom)
2019-11-19 06:43:32,106 [pool-37-thread-1] INFO  segmented.SegmentedRaftLogWorker (SegmentedRaftLogWorker.java:<init>(173)) - new 22243ddb-b513-44b3-98ed-9b9b7959dfc4@group-63141B3A448A-SegmentedRaftLogWorker for RaftStorage:Storage Directory /workdir/hadoop-ozone/tools/target/test-dir/MiniOzoneClusterImpl-d7b29890-1406-4978-93e4-a093ee1b36d6/datanode-1/data/ratis/6d4298e5-0b3d-4ee2-940a-63141b3a448a
2019-11-19 06:43:32,106 [pool-27-thread-1] INFO  server.RaftServerConfigKeys (ConfUtils.java:logGet(43)) - raft.server.log.segment.size.max = 1048576 (custom)
2019-11-19 06:43:32,106 [pool-37-thread-1] INFO  server.RaftServerConfigKeys (ConfUtils.java:logGet(43)) - raft.server.log.queue.byte-limit = 2147483647 (custom)
2019-11-19 06:43:32,106 [pool-47-thread-1] INFO  server.RaftServerConfigKeys (ConfUtils.java:logGet(43)) - raft.server.log.segment.size.max = 1048576 (custom)
2019-11-19 06:43:32,106 [pool-37-thread-1] INFO  server.RaftServerConfigKeys (ConfUtils.java:logGet(43)) - raft.server.log.queue.element-limit = 1024 (custom)
2019-11-19 06:43:32,106 [pool-47-thread-1] INFO  server.RaftServerConfigKeys (ConfUtils.java:logGet(43)) - raft.server.log.segment.cache.num.max = 2 (custom)
2019-11-19 06:43:32,106 [pool-27-thread-1] INFO  server.RaftServerConfigKeys (ConfUtils.java:logGet(43)) - raft.server.log.segment.cache.num.max = 2 (custom)
2019-11-19 06:43:32,107 [pool-47-thread-1] INFO  segmented.SegmentedRaftLogWorker (SegmentedRaftLogWorker.java:<init>(173)) - new 06308cbb-cab5-4d99-a124-e8d4e2a84d00@group-63141B3A448A-SegmentedRaftLogWorker for RaftStorage:Storage Directory /workdir/hadoop-ozone/tools/target/test-dir/MiniOzoneClusterImpl-d7b29890-1406-4978-93e4-a093ee1b36d6/datanode-2/data/ratis/6d4298e5-0b3d-4ee2-940a-63141b3a448a
2019-11-19 06:43:32,107 [pool-37-thread-1] INFO  server.RaftServerConfigKeys (ConfUtils.java:logGet(43)) - raft.server.log.segment.size.max = 1048576 (custom)
2019-11-19 06:43:32,107 [pool-47-thread-1] INFO  server.RaftServerConfigKeys (ConfUtils.java:logGet(43)) - raft.server.log.queue.byte-limit = 2147483647 (custom)
2019-11-19 06:43:32,107 [pool-27-thread-1] INFO  segmented.SegmentedRaftLogWorker (SegmentedRaftLogWorker.java:<init>(173)) - new 87ce0730-77f3-4eff-8325-458afec42df8@group-63141B3A448A-SegmentedRaftLogWorker for RaftStorage:Storage Directory /workdir/hadoop-ozone/tools/target/test-dir/MiniOzoneClusterImpl-d7b29890-1406-4978-93e4-a093ee1b36d6/datanode-0/data/ratis/6d4298e5-0b3d-4ee2-940a-63141b3a448a
2019-11-19 06:43:32,107 [pool-47-thread-1] INFO  server.RaftServerConfigKeys (ConfUtils.java:logGet(43)) - raft.server.log.queue.element-limit = 1024 (custom)
2019-11-19 06:43:32,107 [pool-37-thread-1] INFO  server.RaftServerConfigKeys (ConfUtils.java:logGet(43)) - raft.server.log.preallocated.size = 16384 (custom)
2019-11-19 06:43:32,107 [pool-47-thread-1] INFO  server.RaftServerConfigKeys (ConfUtils.java:logGet(43)) - raft.server.log.segment.size.max = 1048576 (custom)
2019-11-19 06:43:32,107 [pool-27-thread-1] INFO  server.RaftServerConfigKeys (ConfUtils.java:logGet(43)) - raft.server.log.queue.byte-limit = 2147483647 (custom)
2019-11-19 06:43:32,108 [pool-47-thread-1] INFO  server.RaftServerConfigKeys (ConfUtils.java:logGet(43)) - raft.server.log.preallocated.size = 16384 (custom)
2019-11-19 06:43:32,107 [pool-37-thread-1] INFO  server.RaftServerConfigKeys (ConfUtils.java:logGet(43)) - raft.server.log.write.buffer.size = 33554432 (custom)
2019-11-19 06:43:32,108 [pool-47-thread-1] INFO  server.RaftServerConfigKeys (ConfUtils.java:logGet(43)) - raft.server.log.write.buffer.size = 33554432 (custom)
2019-11-19 06:43:32,108 [pool-27-thread-1] INFO  server.RaftServerConfigKeys (ConfUtils.java:logGet(43)) - raft.server.log.queue.element-limit = 1024 (custom)
2019-11-19 06:43:32,108 [pool-47-thread-1] INFO  server.RaftServerConfigKeys (ConfUtils.java:logGet(43)) - raft.server.log.force.sync.num = 128 (default)
2019-11-19 06:43:32,108 [pool-37-thread-1] INFO  server.RaftServerConfigKeys (ConfUtils.java:logGet(43)) - raft.server.log.force.sync.num = 128 (default)
2019-11-19 06:43:32,108 [pool-27-thread-1] INFO  server.RaftServerConfigKeys (ConfUtils.java:logGet(43)) - raft.server.log.segment.size.max = 1048576 (custom)
2019-11-19 06:43:32,108 [pool-37-thread-1] INFO  server.RaftServerConfigKeys (ConfUtils.java:logGet(43)) - raft.server.log.statemachine.data.sync = true (default)
2019-11-19 06:43:32,108 [pool-47-thread-1] INFO  server.RaftServerConfigKeys (ConfUtils.java:logGet(43)) - raft.server.log.statemachine.data.sync = true (default)
2019-11-19 06:43:32,109 [pool-37-thread-1] INFO  server.RaftServerConfigKeys (ConfUtils.java:logGet(43)) - raft.server.log.statemachine.data.sync.timeout = 10s (default)
2019-11-19 06:43:32,109 [pool-47-thread-1] INFO  server.RaftServerConfigKeys (ConfUtils.java:logGet(43)) - raft.server.log.statemachine.data.sync.timeout = 10s (default)
2019-11-19 06:43:32,108 [pool-27-thread-1] INFO  server.RaftServerConfigKeys (ConfUtils.java:logGet(43)) - raft.server.log.preallocated.size = 16384 (custom)
2019-11-19 06:43:32,109 [pool-47-thread-1] INFO  server.RaftServerConfigKeys (ConfUtils.java:logGet(43)) - raft.server.log.statemachine.data.sync.timeout.retry = -1 (default)
2019-11-19 06:43:32,109 [pool-37-thread-1] INFO  server.RaftServerConfigKeys (ConfUtils.java:logGet(43)) - raft.server.log.statemachine.data.sync.timeout.retry = -1 (default)
2019-11-19 06:43:32,109 [pool-27-thread-1] INFO  server.RaftServerConfigKeys (ConfUtils.java:logGet(43)) - raft.server.log.write.buffer.size = 33554432 (custom)
2019-11-19 06:43:32,109 [pool-37-thread-1] INFO  server.RaftServerConfigKeys (ConfUtils.java:logGet(43)) - raft.server.log.statemachine.data.caching.enabled = true (custom)
2019-11-19 06:43:32,109 [pool-47-thread-1] INFO  server.RaftServerConfigKeys (ConfUtils.java:logGet(43)) - raft.server.log.statemachine.data.caching.enabled = true (custom)
2019-11-19 06:43:32,109 [pool-27-thread-1] INFO  server.RaftServerConfigKeys (ConfUtils.java:logGet(43)) - raft.server.log.force.sync.num = 128 (default)
2019-11-19 06:43:32,110 [pool-37-thread-1] INFO  segmented.SegmentedRaftLogWorker (SegmentedRaftLogWorker.java:lambda$new$0(128)) - 22243ddb-b513-44b3-98ed-9b9b7959dfc4@group-63141B3A448A-SegmentedRaftLogWorker: flushIndex: setUnconditionally 0 -> -1
2019-11-19 06:43:32,110 [pool-27-thread-1] INFO  server.RaftServerConfigKeys (ConfUtils.java:logGet(43)) - raft.server.log.statemachine.data.sync = true (default)
2019-11-19 06:43:32,110 [pool-47-thread-1] INFO  segmented.SegmentedRaftLogWorker (SegmentedRaftLogWorker.java:lambda$new$0(128)) - 06308cbb-cab5-4d99-a124-e8d4e2a84d00@group-63141B3A448A-SegmentedRaftLogWorker: flushIndex: setUnconditionally 0 -> -1
2019-11-19 06:43:32,110 [pool-37-thread-1] INFO  server.RaftServerConfigKeys (ConfUtils.java:logGet(43)) - raft.server.snapshot.auto.trigger.enabled = true (custom)
2019-11-19 06:43:32,110 [pool-47-thread-1] INFO  server.RaftServerConfigKeys (ConfUtils.java:logGet(43)) - raft.server.snapshot.auto.trigger.enabled = true (custom)
2019-11-19 06:43:32,110 [pool-27-thread-1] INFO  server.RaftServerConfigKeys (ConfUtils.java:logGet(43)) - raft.server.log.statemachine.data.sync.timeout = 10s (default)
2019-11-19 06:43:32,110 [pool-47-thread-1] INFO  server.RaftServerConfigKeys (ConfUtils.java:logGet(43)) - raft.server.snapshot.auto.trigger.threshold = 10000 (custom)
2019-11-19 06:43:32,110 [pool-37-thread-1] INFO  server.RaftServerConfigKeys (ConfUtils.java:logGet(43)) - raft.server.snapshot.auto.trigger.threshold = 10000 (custom)
2019-11-19 06:43:32,111 [pool-47-thread-1] INFO  server.RaftServerConfigKeys (ConfUtils.java:logGet(43)) - raft.server.snapshot.retention.file.num = 5 (custom)
2019-11-19 06:43:32,111 [pool-27-thread-1] INFO  server.RaftServerConfigKeys (ConfUtils.java:logGet(43)) - raft.server.log.statemachine.data.sync.timeout.retry = -1 (default)
2019-11-19 06:43:32,111 [pool-47-thread-1] INFO  server.RaftServerConfigKeys (ConfUtils.java:logGet(43)) - raft.server.retrycache.expirytime = 600000ms (custom)
2019-11-19 06:43:32,111 [pool-27-thread-1] INFO  server.RaftServerConfigKeys (ConfUtils.java:logGet(43)) - raft.server.log.statemachine.data.caching.enabled = true (custom)
2019-11-19 06:43:32,111 [pool-37-thread-1] INFO  server.RaftServerConfigKeys (ConfUtils.java:logGet(43)) - raft.server.snapshot.retention.file.num = 5 (custom)
2019-11-19 06:43:32,111 [pool-47-thread-1] WARN  impl.MetricRegistriesImpl (MetricRegistriesImpl.java:lambda$create$1(61)) - First MetricRegistry has been created without registering reporters. You may need to call MetricRegistries.global().addReportRegistration(...) before.
2019-11-19 06:43:32,111 [pool-37-thread-1] INFO  server.RaftServerConfigKeys (ConfUtils.java:logGet(43)) - raft.server.retrycache.expirytime = 600000ms (custom)
2019-11-19 06:43:32,111 [pool-27-thread-1] INFO  segmented.SegmentedRaftLogWorker (SegmentedRaftLogWorker.java:lambda$new$0(128)) - 87ce0730-77f3-4eff-8325-458afec42df8@group-63141B3A448A-SegmentedRaftLogWorker: flushIndex: setUnconditionally 0 -> -1
2019-11-19 06:43:32,112 [pool-37-thread-1] WARN  impl.MetricRegistriesImpl (MetricRegistriesImpl.java:lambda$create$1(61)) - First MetricRegistry has been created without registering reporters. You may need to call MetricRegistries.global().addReportRegistration(...) before.
2019-11-19 06:43:32,112 [pool-47-thread-1] WARN  impl.MetricRegistriesImpl (MetricRegistriesImpl.java:lambda$create$1(61)) - First MetricRegistry has been created without registering reporters. You may need to call MetricRegistries.global().addReportRegistration(...) before.
2019-11-19 06:43:32,112 [pool-37-thread-1] WARN  impl.MetricRegistriesImpl (MetricRegistriesImpl.java:lambda$create$1(61)) - First MetricRegistry has been created without registering reporters. You may need to call MetricRegistries.global().addReportRegistration(...) before.
2019-11-19 06:43:32,112 [pool-27-thread-1] INFO  server.RaftServerConfigKeys (ConfUtils.java:logGet(43)) - raft.server.snapshot.auto.trigger.enabled = true (custom)
2019-11-19 06:43:32,112 [pool-47-thread-1] INFO  impl.RaftServerImpl (RaftServerImpl.java:start(184)) - 06308cbb-cab5-4d99-a124-e8d4e2a84d00@group-63141B3A448A: start as a follower, conf=-1: [22243ddb-b513-44b3-98ed-9b9b7959dfc4:192.168.157.217:33362, 06308cbb-cab5-4d99-a124-e8d4e2a84d00:192.168.157.217:37591, 87ce0730-77f3-4eff-8325-458afec42df8:192.168.157.217:39104], old=null
2019-11-19 06:43:32,112 [pool-37-thread-1] INFO  impl.RaftServerImpl (RaftServerImpl.java:start(184)) - 22243ddb-b513-44b3-98ed-9b9b7959dfc4@group-63141B3A448A: start as a follower, conf=-1: [22243ddb-b513-44b3-98ed-9b9b7959dfc4:192.168.157.217:33362, 06308cbb-cab5-4d99-a124-e8d4e2a84d00:192.168.157.217:37591, 87ce0730-77f3-4eff-8325-458afec42df8:192.168.157.217:39104], old=null
2019-11-19 06:43:32,112 [pool-27-thread-1] INFO  server.RaftServerConfigKeys (ConfUtils.java:logGet(43)) - raft.server.snapshot.auto.trigger.threshold = 10000 (custom)
2019-11-19 06:43:32,112 [pool-37-thread-1] INFO  impl.RaftServerImpl (RaftServerImpl.java:setRole(173)) - 22243ddb-b513-44b3-98ed-9b9b7959dfc4@group-63141B3A448A: changes role from      null to FOLLOWER at term 0 for startAsFollower
2019-11-19 06:43:32,112 [pool-47-thread-1] INFO  impl.RaftServerImpl (RaftServerImpl.java:setRole(173)) - 06308cbb-cab5-4d99-a124-e8d4e2a84d00@group-63141B3A448A: changes role from      null to FOLLOWER at term 0 for startAsFollower
2019-11-19 06:43:32,113 [pool-37-thread-1] INFO  impl.RoleInfo (RoleInfo.java:updateAndGet(143)) - 22243ddb-b513-44b3-98ed-9b9b7959dfc4: start FollowerState
2019-11-19 06:43:32,113 [pool-27-thread-1] INFO  server.RaftServerConfigKeys (ConfUtils.java:logGet(43)) - raft.server.snapshot.retention.file.num = 5 (custom)
2019-11-19 06:43:32,113 [pool-47-thread-1] INFO  impl.RoleInfo (RoleInfo.java:updateAndGet(143)) - 06308cbb-cab5-4d99-a124-e8d4e2a84d00: start FollowerState
2019-11-19 06:43:32,113 [pool-27-thread-1] INFO  server.RaftServerConfigKeys (ConfUtils.java:logGet(43)) - raft.server.retrycache.expirytime = 600000ms (custom)
2019-11-19 06:43:32,113 [pool-37-thread-1] INFO  util.JmxRegister (JmxRegister.java:tryRegister(44)) - Successfully registered JMX Bean with object name Ratis:service=RaftServer,group=group-63141B3A448A,id=22243ddb-b513-44b3-98ed-9b9b7959dfc4
2019-11-19 06:43:32,113 [pool-27-thread-1] WARN  impl.MetricRegistriesImpl (MetricRegistriesImpl.java:lambda$create$1(61)) - First MetricRegistry has been created without registering reporters. You may need to call MetricRegistries.global().addReportRegistration(...) before.
2019-11-19 06:43:32,113 [pool-37-thread-1] WARN  impl.MetricRegistriesImpl (MetricRegistriesImpl.java:lambda$create$1(61)) - First MetricRegistry has been created without registering reporters. You may need to call MetricRegistries.global().addReportRegistration(...) before.
2019-11-19 06:43:32,113 [pool-47-thread-1] INFO  util.JmxRegister (JmxRegister.java:tryRegister(44)) - Successfully registered JMX Bean with object name Ratis:service=RaftServer,group=group-63141B3A448A,id=06308cbb-cab5-4d99-a124-e8d4e2a84d00
2019-11-19 06:43:32,114 [pool-47-thread-1] WARN  impl.MetricRegistriesImpl (MetricRegistriesImpl.java:lambda$create$1(61)) - First MetricRegistry has been created without registering reporters. You may need to call MetricRegistries.global().addReportRegistration(...) before.
2019-11-19 06:43:32,113 [pool-27-thread-1] WARN  impl.MetricRegistriesImpl (MetricRegistriesImpl.java:lambda$create$1(61)) - First MetricRegistry has been created without registering reporters. You may need to call MetricRegistries.global().addReportRegistration(...) before.
2019-11-19 06:43:32,114 [Command processor thread] INFO  commandhandler.CreatePipelineCommandHandler (CreatePipelineCommandHandler.java:handle(86)) - Create Pipeline RATIS THREE #id: "6d4298e5-0b3d-4ee2-940a-63141b3a448a"
 command succeed on datanode 22243ddb-b513-44b3-98ed-9b9b7959dfc4.
2019-11-19 06:43:32,114 [pool-27-thread-1] INFO  impl.RaftServerImpl (RaftServerImpl.java:start(184)) - 87ce0730-77f3-4eff-8325-458afec42df8@group-63141B3A448A: start as a follower, conf=-1: [22243ddb-b513-44b3-98ed-9b9b7959dfc4:192.168.157.217:33362, 06308cbb-cab5-4d99-a124-e8d4e2a84d00:192.168.157.217:37591, 87ce0730-77f3-4eff-8325-458afec42df8:192.168.157.217:39104], old=null
2019-11-19 06:43:32,114 [Command processor thread] INFO  commandhandler.CreatePipelineCommandHandler (CreatePipelineCommandHandler.java:handle(86)) - Create Pipeline RATIS THREE #id: "6d4298e5-0b3d-4ee2-940a-63141b3a448a"
 command succeed on datanode 06308cbb-cab5-4d99-a124-e8d4e2a84d00.
2019-11-19 06:43:32,114 [pool-27-thread-1] INFO  impl.RaftServerImpl (RaftServerImpl.java:setRole(173)) - 87ce0730-77f3-4eff-8325-458afec42df8@group-63141B3A448A: changes role from      null to FOLLOWER at term 0 for startAsFollower
2019-11-19 06:43:32,115 [pool-27-thread-1] INFO  impl.RoleInfo (RoleInfo.java:updateAndGet(143)) - 87ce0730-77f3-4eff-8325-458afec42df8: start FollowerState
2019-11-19 06:43:32,116 [pool-27-thread-1] INFO  util.JmxRegister (JmxRegister.java:tryRegister(44)) - Successfully registered JMX Bean with object name Ratis:service=RaftServer,group=group-63141B3A448A,id=87ce0730-77f3-4eff-8325-458afec42df8
2019-11-19 06:43:32,116 [pool-27-thread-1] WARN  impl.MetricRegistriesImpl (MetricRegistriesImpl.java:lambda$create$1(61)) - First MetricRegistry has been created without registering reporters. You may need to call MetricRegistries.global().addReportRegistration(...) before.
2019-11-19 06:43:32,117 [EventQueue-PipelineReportForPipelineReportHandler] INFO  pipeline.PipelineReportHandler (PipelineReportHandler.java:processPipelineReport(113)) - Pipeline THREE PipelineID=6d4298e5-0b3d-4ee2-940a-63141b3a448a reported by 22243ddb-b513-44b3-98ed-9b9b7959dfc4{ip: 192.168.157.217, host: pr-hdds-2509-crl9f-1365347269, networkLocation: /default-rack, certSerialId: null}
2019-11-19 06:43:32,117 [Command processor thread] INFO  commandhandler.CreatePipelineCommandHandler (CreatePipelineCommandHandler.java:handle(86)) - Create Pipeline RATIS THREE #id: "6d4298e5-0b3d-4ee2-940a-63141b3a448a"
 command succeed on datanode 87ce0730-77f3-4eff-8325-458afec42df8.
2019-11-19 06:43:32,118 [EventQueue-PipelineReportForPipelineReportHandler] INFO  pipeline.PipelineReportHandler (PipelineReportHandler.java:processPipelineReport(113)) - Pipeline THREE PipelineID=6d4298e5-0b3d-4ee2-940a-63141b3a448a reported by 06308cbb-cab5-4d99-a124-e8d4e2a84d00{ip: 192.168.157.217, host: pr-hdds-2509-crl9f-1365347269, networkLocation: /default-rack, certSerialId: null}
2019-11-19 06:43:32,119 [EventQueue-PipelineReportForPipelineReportHandler] INFO  pipeline.PipelineReportHandler (PipelineReportHandler.java:processPipelineReport(113)) - Pipeline THREE PipelineID=6d4298e5-0b3d-4ee2-940a-63141b3a448a reported by 87ce0730-77f3-4eff-8325-458afec42df8{ip: 192.168.157.217, host: pr-hdds-2509-crl9f-1365347269, networkLocation: /default-rack, certSerialId: null}
2019-11-19 06:43:32,970 [main] INFO  ozone.MiniOzoneClusterImpl (MiniOzoneClusterImpl.java:lambda$waitForClusterToBeReady$0(150)) - Nodes are ready. Got 3 of 3 DN Heartbeats.
2019-11-19 06:43:32,970 [main] INFO  ozone.MiniOzoneClusterImpl (MiniOzoneClusterImpl.java:lambda$waitForClusterToBeReady$0(153)) - Waiting for cluster to exit safe mode
2019-11-19 06:43:33,970 [main] INFO  ozone.MiniOzoneClusterImpl (MiniOzoneClusterImpl.java:lambda$waitForClusterToBeReady$0(150)) - Nodes are ready. Got 3 of 3 DN Heartbeats.
2019-11-19 06:43:33,971 [main] INFO  ozone.MiniOzoneClusterImpl (MiniOzoneClusterImpl.java:lambda$waitForClusterToBeReady$0(153)) - Waiting for cluster to exit safe mode
2019-11-19 06:43:34,971 [main] INFO  ozone.MiniOzoneClusterImpl (MiniOzoneClusterImpl.java:lambda$waitForClusterToBeReady$0(150)) - Nodes are ready. Got 3 of 3 DN Heartbeats.
2019-11-19 06:43:34,972 [main] INFO  ozone.MiniOzoneClusterImpl (MiniOzoneClusterImpl.java:lambda$waitForClusterToBeReady$0(153)) - Waiting for cluster to exit safe mode
2019-11-19 06:43:35,973 [main] INFO  ozone.MiniOzoneClusterImpl (MiniOzoneClusterImpl.java:lambda$waitForClusterToBeReady$0(150)) - Nodes are ready. Got 3 of 3 DN Heartbeats.
2019-11-19 06:43:35,973 [main] INFO  ozone.MiniOzoneClusterImpl (MiniOzoneClusterImpl.java:lambda$waitForClusterToBeReady$0(153)) - Waiting for cluster to exit safe mode
2019-11-19 06:43:36,973 [main] INFO  ozone.MiniOzoneClusterImpl (MiniOzoneClusterImpl.java:lambda$waitForClusterToBeReady$0(150)) - Nodes are ready. Got 3 of 3 DN Heartbeats.
2019-11-19 06:43:36,974 [main] INFO  ozone.MiniOzoneClusterImpl (MiniOzoneClusterImpl.java:lambda$waitForClusterToBeReady$0(153)) - Waiting for cluster to exit safe mode
2019-11-19 06:43:37,083 [Thread-180] INFO  impl.FollowerState (FollowerState.java:run(111)) - 87ce0730-77f3-4eff-8325-458afec42df8@group-A672806B732E-FollowerState: change to CANDIDATE, lastRpcTime:5054ms, electionTimeout:5053ms
2019-11-19 06:43:37,090 [Thread-180] INFO  impl.RoleInfo (RoleInfo.java:shutdownFollowerState(121)) - 87ce0730-77f3-4eff-8325-458afec42df8: shutdown FollowerState
2019-11-19 06:43:37,091 [Thread-180] INFO  impl.RaftServerImpl (RaftServerImpl.java:setRole(173)) - 87ce0730-77f3-4eff-8325-458afec42df8@group-A672806B732E: changes role from  FOLLOWER to CANDIDATE at term 0 for changeToCandidate
2019-11-19 06:43:37,099 [Thread-180] INFO  impl.RoleInfo (RoleInfo.java:updateAndGet(143)) - 87ce0730-77f3-4eff-8325-458afec42df8: start LeaderElection
2019-11-19 06:43:37,104 [Thread-181] INFO  impl.FollowerState (FollowerState.java:run(111)) - 22243ddb-b513-44b3-98ed-9b9b7959dfc4@group-A4DA8413589E-FollowerState: change to CANDIDATE, lastRpcTime:5075ms, electionTimeout:5074ms
2019-11-19 06:43:37,107 [Thread-181] INFO  impl.RoleInfo (RoleInfo.java:shutdownFollowerState(121)) - 22243ddb-b513-44b3-98ed-9b9b7959dfc4: shutdown FollowerState
2019-11-19 06:43:37,107 [Thread-181] INFO  impl.RaftServerImpl (RaftServerImpl.java:setRole(173)) - 22243ddb-b513-44b3-98ed-9b9b7959dfc4@group-A4DA8413589E: changes role from  FOLLOWER to CANDIDATE at term 0 for changeToCandidate
2019-11-19 06:43:37,107 [Thread-181] INFO  impl.RoleInfo (RoleInfo.java:updateAndGet(143)) - 22243ddb-b513-44b3-98ed-9b9b7959dfc4: start LeaderElection
2019-11-19 06:43:37,126 [22243ddb-b513-44b3-98ed-9b9b7959dfc4@group-A4DA8413589E-LeaderElection2] INFO  impl.LeaderElection (LeaderElection.java:askForVotes(178)) - 22243ddb-b513-44b3-98ed-9b9b7959dfc4@group-A4DA8413589E-LeaderElection2: begin an election at term 1 for -1: [22243ddb-b513-44b3-98ed-9b9b7959dfc4:192.168.157.217:33362], old=null
2019-11-19 06:43:37,126 [87ce0730-77f3-4eff-8325-458afec42df8@group-A672806B732E-LeaderElection1] INFO  impl.LeaderElection (LeaderElection.java:askForVotes(178)) - 87ce0730-77f3-4eff-8325-458afec42df8@group-A672806B732E-LeaderElection1: begin an election at term 1 for -1: [87ce0730-77f3-4eff-8325-458afec42df8:192.168.157.217:39104], old=null
2019-11-19 06:43:37,130 [22243ddb-b513-44b3-98ed-9b9b7959dfc4@group-A4DA8413589E-LeaderElection2] INFO  impl.RoleInfo (RoleInfo.java:shutdownLeaderElection(134)) - 22243ddb-b513-44b3-98ed-9b9b7959dfc4: shutdown LeaderElection
2019-11-19 06:43:37,130 [87ce0730-77f3-4eff-8325-458afec42df8@group-A672806B732E-LeaderElection1] INFO  impl.RoleInfo (RoleInfo.java:shutdownLeaderElection(134)) - 87ce0730-77f3-4eff-8325-458afec42df8: shutdown LeaderElection
2019-11-19 06:43:37,131 [87ce0730-77f3-4eff-8325-458afec42df8@group-A672806B732E-LeaderElection1] INFO  impl.RaftServerImpl (RaftServerImpl.java:setRole(173)) - 87ce0730-77f3-4eff-8325-458afec42df8@group-A672806B732E: changes role from CANDIDATE to LEADER at term 1 for changeToLeader
2019-11-19 06:43:37,131 [22243ddb-b513-44b3-98ed-9b9b7959dfc4@group-A4DA8413589E-LeaderElection2] INFO  impl.RaftServerImpl (RaftServerImpl.java:setRole(173)) - 22243ddb-b513-44b3-98ed-9b9b7959dfc4@group-A4DA8413589E: changes role from CANDIDATE to LEADER at term 1 for changeToLeader
2019-11-19 06:43:37,131 [22243ddb-b513-44b3-98ed-9b9b7959dfc4@group-A4DA8413589E-LeaderElection2] INFO  ratis.XceiverServerRatis (XceiverServerRatis.java:handleLeaderChangedNotification(733)) - Leader change notification received for group: group-A4DA8413589E with new leaderId: 22243ddb-b513-44b3-98ed-9b9b7959dfc4
2019-11-19 06:43:37,131 [87ce0730-77f3-4eff-8325-458afec42df8@group-A672806B732E-LeaderElection1] INFO  ratis.XceiverServerRatis (XceiverServerRatis.java:handleLeaderChangedNotification(733)) - Leader change notification received for group: group-A672806B732E with new leaderId: 87ce0730-77f3-4eff-8325-458afec42df8
2019-11-19 06:43:37,132 [22243ddb-b513-44b3-98ed-9b9b7959dfc4@group-A4DA8413589E-LeaderElection2] INFO  impl.RaftServerImpl (ServerState.java:setLeader(255)) - 22243ddb-b513-44b3-98ed-9b9b7959dfc4@group-A4DA8413589E: change Leader from null to 22243ddb-b513-44b3-98ed-9b9b7959dfc4 at term 1 for becomeLeader, leader elected after 5201ms
2019-11-19 06:43:37,132 [87ce0730-77f3-4eff-8325-458afec42df8@group-A672806B732E-LeaderElection1] INFO  impl.RaftServerImpl (ServerState.java:setLeader(255)) - 87ce0730-77f3-4eff-8325-458afec42df8@group-A672806B732E: change Leader from null to 87ce0730-77f3-4eff-8325-458afec42df8 at term 1 for becomeLeader, leader elected after 5201ms
2019-11-19 06:43:37,137 [EventQueue-PipelineReportForPipelineReportHandler] INFO  pipeline.PipelineReportHandler (PipelineReportHandler.java:processPipelineReport(113)) - Pipeline THREE PipelineID=6d4298e5-0b3d-4ee2-940a-63141b3a448a reported by 22243ddb-b513-44b3-98ed-9b9b7959dfc4{ip: 192.168.157.217, host: pr-hdds-2509-crl9f-1365347269, networkLocation: /default-rack, certSerialId: null}
2019-11-19 06:43:37,138 [EventQueue-PipelineReportForPipelineReportHandler] INFO  pipeline.PipelineReportHandler (PipelineReportHandler.java:processPipelineReport(113)) - Pipeline THREE PipelineID=6d4298e5-0b3d-4ee2-940a-63141b3a448a reported by 87ce0730-77f3-4eff-8325-458afec42df8{ip: 192.168.157.217, host: pr-hdds-2509-crl9f-1365347269, networkLocation: /default-rack, certSerialId: null}
2019-11-19 06:43:37,141 [87ce0730-77f3-4eff-8325-458afec42df8@group-A672806B732E-LeaderElection1] INFO  server.RaftServerConfigKeys (ConfUtils.java:logGet(43)) - raft.server.staging.catchup.gap = 1000 (default)
2019-11-19 06:43:37,141 [22243ddb-b513-44b3-98ed-9b9b7959dfc4@group-A4DA8413589E-LeaderElection2] INFO  server.RaftServerConfigKeys (ConfUtils.java:logGet(43)) - raft.server.staging.catchup.gap = 1000 (default)
2019-11-19 06:43:37,141 [87ce0730-77f3-4eff-8325-458afec42df8@group-A672806B732E-LeaderElection1] INFO  server.RaftServerConfigKeys (ConfUtils.java:logGet(43)) - raft.server.rpc.sleep.time = 25ms (default)
2019-11-19 06:43:37,141 [22243ddb-b513-44b3-98ed-9b9b7959dfc4@group-A4DA8413589E-LeaderElection2] INFO  server.RaftServerConfigKeys (ConfUtils.java:logGet(43)) - raft.server.rpc.sleep.time = 25ms (default)
2019-11-19 06:43:37,147 [22243ddb-b513-44b3-98ed-9b9b7959dfc4@group-A4DA8413589E-LeaderElection2] INFO  server.RaftServerConfigKeys (ConfUtils.java:logGet(43)) - raft.server.write.element-limit = 4096 (default)
2019-11-19 06:43:37,147 [87ce0730-77f3-4eff-8325-458afec42df8@group-A672806B732E-LeaderElection1] INFO  server.RaftServerConfigKeys (ConfUtils.java:logGet(43)) - raft.server.write.element-limit = 4096 (default)
2019-11-19 06:43:37,151 [Thread-191] INFO  impl.FollowerState (FollowerState.java:run(111)) - 87ce0730-77f3-4eff-8325-458afec42df8@group-63141B3A448A-FollowerState: change to CANDIDATE, lastRpcTime:5036ms, electionTimeout:5035ms
2019-11-19 06:43:37,152 [Thread-191] INFO  impl.RoleInfo (RoleInfo.java:shutdownFollowerState(121)) - 87ce0730-77f3-4eff-8325-458afec42df8: shutdown FollowerState
2019-11-19 06:43:37,152 [Thread-191] INFO  impl.RaftServerImpl (RaftServerImpl.java:setRole(173)) - 87ce0730-77f3-4eff-8325-458afec42df8@group-63141B3A448A: changes role from  FOLLOWER to CANDIDATE at term 0 for changeToCandidate
2019-11-19 06:43:37,152 [Thread-191] INFO  impl.RoleInfo (RoleInfo.java:updateAndGet(143)) - 87ce0730-77f3-4eff-8325-458afec42df8: start LeaderElection
2019-11-19 06:43:37,157 [22243ddb-b513-44b3-98ed-9b9b7959dfc4@group-A4DA8413589E-LeaderElection2] INFO  server.RaftServerConfigKeys (ConfUtils.java:logGet(43)) - raft.server.watch.timeout = 10s (default)
2019-11-19 06:43:37,157 [87ce0730-77f3-4eff-8325-458afec42df8@group-A672806B732E-LeaderElection1] INFO  server.RaftServerConfigKeys (ConfUtils.java:logGet(43)) - raft.server.watch.timeout = 10s (default)
2019-11-19 06:43:37,157 [22243ddb-b513-44b3-98ed-9b9b7959dfc4@group-A4DA8413589E-LeaderElection2] INFO  server.RaftServerConfigKeys (ConfUtils.java:logGet(43)) - raft.server.watch.timeout.denomination = 1s (default)
2019-11-19 06:43:37,157 [87ce0730-77f3-4eff-8325-458afec42df8@group-A672806B732E-LeaderElection1] INFO  server.RaftServerConfigKeys (ConfUtils.java:logGet(43)) - raft.server.watch.timeout.denomination = 1s (default)
2019-11-19 06:43:37,159 [22243ddb-b513-44b3-98ed-9b9b7959dfc4@group-A4DA8413589E-LeaderElection2] INFO  server.RaftServerConfigKeys (ConfUtils.java:logGet(43)) - raft.server.watch.element-limit = 65536 (default)
2019-11-19 06:43:37,159 [87ce0730-77f3-4eff-8325-458afec42df8@group-A672806B732E-LeaderElection1] INFO  server.RaftServerConfigKeys (ConfUtils.java:logGet(43)) - raft.server.watch.element-limit = 65536 (default)
2019-11-19 06:43:37,172 [22243ddb-b513-44b3-98ed-9b9b7959dfc4@group-A4DA8413589E-LeaderElection2] INFO  impl.RoleInfo (RoleInfo.java:updateAndGet(143)) - 22243ddb-b513-44b3-98ed-9b9b7959dfc4: start LeaderState
2019-11-19 06:43:37,172 [87ce0730-77f3-4eff-8325-458afec42df8@group-A672806B732E-LeaderElection1] INFO  impl.RoleInfo (RoleInfo.java:updateAndGet(143)) - 87ce0730-77f3-4eff-8325-458afec42df8: start LeaderState
2019-11-19 06:43:37,177 [87ce0730-77f3-4eff-8325-458afec42df8@group-63141B3A448A-LeaderElection3] INFO  impl.LeaderElection (LeaderElection.java:askForVotes(178)) - 87ce0730-77f3-4eff-8325-458afec42df8@group-63141B3A448A-LeaderElection3: begin an election at term 1 for -1: [22243ddb-b513-44b3-98ed-9b9b7959dfc4:192.168.157.217:33362, 06308cbb-cab5-4d99-a124-e8d4e2a84d00:192.168.157.217:37591, 87ce0730-77f3-4eff-8325-458afec42df8:192.168.157.217:39104], old=null
2019-11-19 06:43:37,197 [Thread-183] INFO  impl.FollowerState (FollowerState.java:run(111)) - 06308cbb-cab5-4d99-a124-e8d4e2a84d00@group-5B25CB1E8E84-FollowerState: change to CANDIDATE, lastRpcTime:5164ms, electionTimeout:5164ms
2019-11-19 06:43:37,197 [Thread-183] INFO  impl.RoleInfo (RoleInfo.java:shutdownFollowerState(121)) - 06308cbb-cab5-4d99-a124-e8d4e2a84d00: shutdown FollowerState
2019-11-19 06:43:37,197 [Thread-183] INFO  impl.RaftServerImpl (RaftServerImpl.java:setRole(173)) - 06308cbb-cab5-4d99-a124-e8d4e2a84d00@group-5B25CB1E8E84: changes role from  FOLLOWER to CANDIDATE at term 0 for changeToCandidate
2019-11-19 06:43:37,197 [Thread-183] INFO  impl.RoleInfo (RoleInfo.java:updateAndGet(143)) - 06308cbb-cab5-4d99-a124-e8d4e2a84d00: start LeaderElection
2019-11-19 06:43:37,200 [22243ddb-b513-44b3-98ed-9b9b7959dfc4@group-A4DA8413589E-LeaderElection2] INFO  segmented.SegmentedRaftLogWorker (SegmentedRaftLogWorker.java:startLogSegment(385)) - 22243ddb-b513-44b3-98ed-9b9b7959dfc4@group-A4DA8413589E-SegmentedRaftLogWorker: Starting segment from index:0
2019-11-19 06:43:37,200 [87ce0730-77f3-4eff-8325-458afec42df8@group-A672806B732E-LeaderElection1] INFO  segmented.SegmentedRaftLogWorker (SegmentedRaftLogWorker.java:startLogSegment(385)) - 87ce0730-77f3-4eff-8325-458afec42df8@group-A672806B732E-SegmentedRaftLogWorker: Starting segment from index:0
2019-11-19 06:43:37,225 [22243ddb-b513-44b3-98ed-9b9b7959dfc4@group-A4DA8413589E-LeaderElection2] INFO  impl.RaftServerImpl (ServerState.java:setRaftConf(356)) - 22243ddb-b513-44b3-98ed-9b9b7959dfc4@group-A4DA8413589E: set configuration 0: [22243ddb-b513-44b3-98ed-9b9b7959dfc4:192.168.157.217:33362], old=null at 0
2019-11-19 06:43:37,225 [87ce0730-77f3-4eff-8325-458afec42df8@group-A672806B732E-LeaderElection1] INFO  impl.RaftServerImpl (ServerState.java:setRaftConf(356)) - 87ce0730-77f3-4eff-8325-458afec42df8@group-A672806B732E: set configuration 0: [87ce0730-77f3-4eff-8325-458afec42df8:192.168.157.217:39104], old=null at 0
2019-11-19 06:43:37,229 [06308cbb-cab5-4d99-a124-e8d4e2a84d00@group-5B25CB1E8E84-LeaderElection4] INFO  impl.LeaderElection (LeaderElection.java:askForVotes(178)) - 06308cbb-cab5-4d99-a124-e8d4e2a84d00@group-5B25CB1E8E84-LeaderElection4: begin an election at term 1 for -1: [06308cbb-cab5-4d99-a124-e8d4e2a84d00:192.168.157.217:37591], old=null
2019-11-19 06:43:37,229 [06308cbb-cab5-4d99-a124-e8d4e2a84d00@group-5B25CB1E8E84-LeaderElection4] INFO  impl.RoleInfo (RoleInfo.java:shutdownLeaderElection(134)) - 06308cbb-cab5-4d99-a124-e8d4e2a84d00: shutdown LeaderElection
2019-11-19 06:43:37,229 [06308cbb-cab5-4d99-a124-e8d4e2a84d00@group-5B25CB1E8E84-LeaderElection4] INFO  impl.RaftServerImpl (RaftServerImpl.java:setRole(173)) - 06308cbb-cab5-4d99-a124-e8d4e2a84d00@group-5B25CB1E8E84: changes role from CANDIDATE to LEADER at term 1 for changeToLeader
2019-11-19 06:43:37,229 [06308cbb-cab5-4d99-a124-e8d4e2a84d00@group-5B25CB1E8E84-LeaderElection4] INFO  ratis.XceiverServerRatis (XceiverServerRatis.java:handleLeaderChangedNotification(733)) - Leader change notification received for group: group-5B25CB1E8E84 with new leaderId: 06308cbb-cab5-4d99-a124-e8d4e2a84d00
2019-11-19 06:43:37,229 [06308cbb-cab5-4d99-a124-e8d4e2a84d00@group-5B25CB1E8E84-LeaderElection4] INFO  impl.RaftServerImpl (ServerState.java:setLeader(255)) - 06308cbb-cab5-4d99-a124-e8d4e2a84d00@group-5B25CB1E8E84: change Leader from null to 06308cbb-cab5-4d99-a124-e8d4e2a84d00 at term 1 for becomeLeader, leader elected after 5203ms
2019-11-19 06:43:37,230 [06308cbb-cab5-4d99-a124-e8d4e2a84d00@group-5B25CB1E8E84-LeaderElection4] INFO  server.RaftServerConfigKeys (ConfUtils.java:logGet(43)) - raft.server.staging.catchup.gap = 1000 (default)
2019-11-19 06:43:37,230 [06308cbb-cab5-4d99-a124-e8d4e2a84d00@group-5B25CB1E8E84-LeaderElection4] INFO  server.RaftServerConfigKeys (ConfUtils.java:logGet(43)) - raft.server.rpc.sleep.time = 25ms (default)
2019-11-19 06:43:37,230 [06308cbb-cab5-4d99-a124-e8d4e2a84d00@group-5B25CB1E8E84-LeaderElection4] INFO  server.RaftServerConfigKeys (ConfUtils.java:logGet(43)) - raft.server.write.element-limit = 4096 (default)
2019-11-19 06:43:37,230 [06308cbb-cab5-4d99-a124-e8d4e2a84d00@group-5B25CB1E8E84-LeaderElection4] INFO  server.RaftServerConfigKeys (ConfUtils.java:logGet(43)) - raft.server.watch.timeout = 10s (default)
2019-11-19 06:43:37,231 [06308cbb-cab5-4d99-a124-e8d4e2a84d00@group-5B25CB1E8E84-LeaderElection4] INFO  server.RaftServerConfigKeys (ConfUtils.java:logGet(43)) - raft.server.watch.timeout.denomination = 1s (default)
2019-11-19 06:43:37,231 [06308cbb-cab5-4d99-a124-e8d4e2a84d00@group-5B25CB1E8E84-LeaderElection4] INFO  server.RaftServerConfigKeys (ConfUtils.java:logGet(43)) - raft.server.watch.element-limit = 65536 (default)
2019-11-19 06:43:37,231 [06308cbb-cab5-4d99-a124-e8d4e2a84d00@group-5B25CB1E8E84-LeaderElection4] INFO  impl.RoleInfo (RoleInfo.java:updateAndGet(143)) - 06308cbb-cab5-4d99-a124-e8d4e2a84d00: start LeaderState
2019-11-19 06:43:37,232 [06308cbb-cab5-4d99-a124-e8d4e2a84d00@group-5B25CB1E8E84-LeaderElection4] INFO  segmented.SegmentedRaftLogWorker (SegmentedRaftLogWorker.java:startLogSegment(385)) - 06308cbb-cab5-4d99-a124-e8d4e2a84d00@group-5B25CB1E8E84-SegmentedRaftLogWorker: Starting segment from index:0
2019-11-19 06:43:37,232 [EventQueue-PipelineReportForPipelineReportHandler] INFO  pipeline.PipelineReportHandler (PipelineReportHandler.java:processPipelineReport(113)) - Pipeline THREE PipelineID=6d4298e5-0b3d-4ee2-940a-63141b3a448a reported by 06308cbb-cab5-4d99-a124-e8d4e2a84d00{ip: 192.168.157.217, host: pr-hdds-2509-crl9f-1365347269, networkLocation: /default-rack, certSerialId: null}
2019-11-19 06:43:37,233 [06308cbb-cab5-4d99-a124-e8d4e2a84d00@group-5B25CB1E8E84-LeaderElection4] INFO  impl.RaftServerImpl (ServerState.java:setRaftConf(356)) - 06308cbb-cab5-4d99-a124-e8d4e2a84d00@group-5B25CB1E8E84: set configuration 0: [06308cbb-cab5-4d99-a124-e8d4e2a84d00:192.168.157.217:37591], old=null at 0
2019-11-19 06:43:37,252 [Thread-188] INFO  impl.FollowerState (FollowerState.java:run(111)) - 22243ddb-b513-44b3-98ed-9b9b7959dfc4@group-63141B3A448A-FollowerState: change to CANDIDATE, lastRpcTime:5139ms, electionTimeout:5139ms
2019-11-19 06:43:37,253 [Thread-188] INFO  impl.RoleInfo (RoleInfo.java:shutdownFollowerState(121)) - 22243ddb-b513-44b3-98ed-9b9b7959dfc4: shutdown FollowerState
2019-11-19 06:43:37,253 [Thread-188] INFO  impl.RaftServerImpl (RaftServerImpl.java:setRole(173)) - 22243ddb-b513-44b3-98ed-9b9b7959dfc4@group-63141B3A448A: changes role from  FOLLOWER to CANDIDATE at term 0 for changeToCandidate
2019-11-19 06:43:37,253 [Thread-188] INFO  impl.RoleInfo (RoleInfo.java:updateAndGet(143)) - 22243ddb-b513-44b3-98ed-9b9b7959dfc4: start LeaderElection
2019-11-19 06:43:37,279 [22243ddb-b513-44b3-98ed-9b9b7959dfc4@group-63141B3A448A-LeaderElection5] INFO  impl.LeaderElection (LeaderElection.java:askForVotes(178)) - 22243ddb-b513-44b3-98ed-9b9b7959dfc4@group-63141B3A448A-LeaderElection5: begin an election at term 1 for -1: [22243ddb-b513-44b3-98ed-9b9b7959dfc4:192.168.157.217:33362, 06308cbb-cab5-4d99-a124-e8d4e2a84d00:192.168.157.217:37591, 87ce0730-77f3-4eff-8325-458afec42df8:192.168.157.217:39104], old=null
2019-11-19 06:43:37,299 [Thread-189] INFO  impl.FollowerState (FollowerState.java:run(111)) - 06308cbb-cab5-4d99-a124-e8d4e2a84d00@group-63141B3A448A-FollowerState: change to CANDIDATE, lastRpcTime:5186ms, electionTimeout:5186ms
2019-11-19 06:43:37,300 [Thread-189] INFO  impl.RoleInfo (RoleInfo.java:shutdownFollowerState(121)) - 06308cbb-cab5-4d99-a124-e8d4e2a84d00: shutdown FollowerState
2019-11-19 06:43:37,300 [Thread-189] INFO  impl.RaftServerImpl (RaftServerImpl.java:setRole(173)) - 06308cbb-cab5-4d99-a124-e8d4e2a84d00@group-63141B3A448A: changes role from  FOLLOWER to CANDIDATE at term 0 for changeToCandidate
2019-11-19 06:43:37,300 [Thread-189] INFO  impl.RoleInfo (RoleInfo.java:updateAndGet(143)) - 06308cbb-cab5-4d99-a124-e8d4e2a84d00: start LeaderElection
2019-11-19 06:43:37,330 [06308cbb-cab5-4d99-a124-e8d4e2a84d00@group-63141B3A448A-LeaderElection6] INFO  impl.LeaderElection (LeaderElection.java:askForVotes(178)) - 06308cbb-cab5-4d99-a124-e8d4e2a84d00@group-63141B3A448A-LeaderElection6: begin an election at term 1 for -1: [22243ddb-b513-44b3-98ed-9b9b7959dfc4:192.168.157.217:33362, 06308cbb-cab5-4d99-a124-e8d4e2a84d00:192.168.157.217:37591, 87ce0730-77f3-4eff-8325-458afec42df8:192.168.157.217:39104], old=null
2019-11-19 06:43:37,439 [22243ddb-b513-44b3-98ed-9b9b7959dfc4@group-A4DA8413589E-SegmentedRaftLogWorker] INFO  segmented.SegmentedRaftLogWorker (SegmentedRaftLogWorker.java:execute(576)) - 22243ddb-b513-44b3-98ed-9b9b7959dfc4@group-A4DA8413589E-SegmentedRaftLogWorker: created new log segment /workdir/hadoop-ozone/tools/target/test-dir/MiniOzoneClusterImpl-d7b29890-1406-4978-93e4-a093ee1b36d6/datanode-1/data/ratis/f9fc1426-e393-4928-b8fa-a4da8413589e/current/log_inprogress_0
2019-11-19 06:43:37,439 [06308cbb-cab5-4d99-a124-e8d4e2a84d00@group-5B25CB1E8E84-SegmentedRaftLogWorker] INFO  segmented.SegmentedRaftLogWorker (SegmentedRaftLogWorker.java:execute(576)) - 06308cbb-cab5-4d99-a124-e8d4e2a84d00@group-5B25CB1E8E84-SegmentedRaftLogWorker: created new log segment /workdir/hadoop-ozone/tools/target/test-dir/MiniOzoneClusterImpl-d7b29890-1406-4978-93e4-a093ee1b36d6/datanode-2/data/ratis/1f982a84-273e-4e3c-9c4d-5b25cb1e8e84/current/log_inprogress_0
2019-11-19 06:43:37,439 [87ce0730-77f3-4eff-8325-458afec42df8@group-A672806B732E-SegmentedRaftLogWorker] INFO  segmented.SegmentedRaftLogWorker (SegmentedRaftLogWorker.java:execute(576)) - 87ce0730-77f3-4eff-8325-458afec42df8@group-A672806B732E-SegmentedRaftLogWorker: created new log segment /workdir/hadoop-ozone/tools/target/test-dir/MiniOzoneClusterImpl-d7b29890-1406-4978-93e4-a093ee1b36d6/datanode-0/data/ratis/1f8cd679-92d2-4559-b13e-a672806b732e/current/log_inprogress_0
2019-11-19 06:43:37,645 [22243ddb-b513-44b3-98ed-9b9b7959dfc4@group-63141B3A448A-LeaderElection5] INFO  impl.LeaderElection (LeaderElection.java:logAndReturn(56)) - 22243ddb-b513-44b3-98ed-9b9b7959dfc4@group-63141B3A448A-LeaderElection5: Election REJECTED; received 2 response(s) [22243ddb-b513-44b3-98ed-9b9b7959dfc4<-06308cbb-cab5-4d99-a124-e8d4e2a84d00#0:FAIL-t1, 22243ddb-b513-44b3-98ed-9b9b7959dfc4<-87ce0730-77f3-4eff-8325-458afec42df8#0:FAIL-t1] and 0 exception(s); 22243ddb-b513-44b3-98ed-9b9b7959dfc4@group-63141B3A448A:t1, leader=null, voted=22243ddb-b513-44b3-98ed-9b9b7959dfc4, raftlog=22243ddb-b513-44b3-98ed-9b9b7959dfc4@group-63141B3A448A-SegmentedRaftLog:OPENED:c-1,f-1,i0, conf=-1: [22243ddb-b513-44b3-98ed-9b9b7959dfc4:192.168.157.217:33362, 06308cbb-cab5-4d99-a124-e8d4e2a84d00:192.168.157.217:37591, 87ce0730-77f3-4eff-8325-458afec42df8:192.168.157.217:39104], old=null
2019-11-19 06:43:37,645 [06308cbb-cab5-4d99-a124-e8d4e2a84d00@group-63141B3A448A-LeaderElection6] INFO  impl.LeaderElection (LeaderElection.java:logAndReturn(56)) - 06308cbb-cab5-4d99-a124-e8d4e2a84d00@group-63141B3A448A-LeaderElection6: Election REJECTED; received 2 response(s) [06308cbb-cab5-4d99-a124-e8d4e2a84d00<-22243ddb-b513-44b3-98ed-9b9b7959dfc4#0:FAIL-t1, 06308cbb-cab5-4d99-a124-e8d4e2a84d00<-87ce0730-77f3-4eff-8325-458afec42df8#0:FAIL-t1] and 0 exception(s); 06308cbb-cab5-4d99-a124-e8d4e2a84d00@group-63141B3A448A:t1, leader=null, voted=06308cbb-cab5-4d99-a124-e8d4e2a84d00, raftlog=06308cbb-cab5-4d99-a124-e8d4e2a84d00@group-63141B3A448A-SegmentedRaftLog:OPENED:c-1,f-1,i0, conf=-1: [22243ddb-b513-44b3-98ed-9b9b7959dfc4:192.168.157.217:33362, 06308cbb-cab5-4d99-a124-e8d4e2a84d00:192.168.157.217:37591, 87ce0730-77f3-4eff-8325-458afec42df8:192.168.157.217:39104], old=null
2019-11-19 06:43:37,645 [87ce0730-77f3-4eff-8325-458afec42df8@group-63141B3A448A-LeaderElection3] INFO  impl.LeaderElection (LeaderElection.java:logAndReturn(56)) - 87ce0730-77f3-4eff-8325-458afec42df8@group-63141B3A448A-LeaderElection3: Election REJECTED; received 2 response(s) [87ce0730-77f3-4eff-8325-458afec42df8<-22243ddb-b513-44b3-98ed-9b9b7959dfc4#0:FAIL-t1, 87ce0730-77f3-4eff-8325-458afec42df8<-06308cbb-cab5-4d99-a124-e8d4e2a84d00#0:FAIL-t1] and 0 exception(s); 87ce0730-77f3-4eff-8325-458afec42df8@group-63141B3A448A:t1, leader=null, voted=87ce0730-77f3-4eff-8325-458afec42df8, raftlog=87ce0730-77f3-4eff-8325-458afec42df8@group-63141B3A448A-SegmentedRaftLog:OPENED:c-1,f-1,i0, conf=-1: [22243ddb-b513-44b3-98ed-9b9b7959dfc4:192.168.157.217:33362, 06308cbb-cab5-4d99-a124-e8d4e2a84d00:192.168.157.217:37591, 87ce0730-77f3-4eff-8325-458afec42df8:192.168.157.217:39104], old=null
2019-11-19 06:43:37,648 [22243ddb-b513-44b3-98ed-9b9b7959dfc4@group-63141B3A448A-LeaderElection5] INFO  impl.RaftServerImpl (RaftServerImpl.java:setRole(173)) - 22243ddb-b513-44b3-98ed-9b9b7959dfc4@group-63141B3A448A: changes role from CANDIDATE to FOLLOWER at term 1 for DISCOVERED_A_NEW_TERM
2019-11-19 06:43:37,649 [87ce0730-77f3-4eff-8325-458afec42df8@group-63141B3A448A-LeaderElection3] INFO  impl.RaftServerImpl (RaftServerImpl.java:setRole(173)) - 87ce0730-77f3-4eff-8325-458afec42df8@group-63141B3A448A: changes role from CANDIDATE to FOLLOWER at term 1 for DISCOVERED_A_NEW_TERM
2019-11-19 06:43:37,649 [22243ddb-b513-44b3-98ed-9b9b7959dfc4@group-63141B3A448A-LeaderElection5] INFO  impl.RoleInfo (RoleInfo.java:shutdownLeaderElection(134)) - 22243ddb-b513-44b3-98ed-9b9b7959dfc4: shutdown LeaderElection
2019-11-19 06:43:37,649 [06308cbb-cab5-4d99-a124-e8d4e2a84d00@group-63141B3A448A-LeaderElection6] INFO  impl.RaftServerImpl (RaftServerImpl.java:setRole(173)) - 06308cbb-cab5-4d99-a124-e8d4e2a84d00@group-63141B3A448A: changes role from CANDIDATE to FOLLOWER at term 1 for DISCOVERED_A_NEW_TERM
2019-11-19 06:43:37,652 [22243ddb-b513-44b3-98ed-9b9b7959dfc4@group-63141B3A448A-LeaderElection5] INFO  impl.RoleInfo (RoleInfo.java:updateAndGet(143)) - 22243ddb-b513-44b3-98ed-9b9b7959dfc4: start FollowerState
2019-11-19 06:43:37,651 [87ce0730-77f3-4eff-8325-458afec42df8@group-63141B3A448A-LeaderElection3] INFO  impl.RoleInfo (RoleInfo.java:shutdownLeaderElection(134)) - 87ce0730-77f3-4eff-8325-458afec42df8: shutdown LeaderElection
2019-11-19 06:43:37,652 [06308cbb-cab5-4d99-a124-e8d4e2a84d00@group-63141B3A448A-LeaderElection6] INFO  impl.RoleInfo (RoleInfo.java:shutdownLeaderElection(134)) - 06308cbb-cab5-4d99-a124-e8d4e2a84d00: shutdown LeaderElection
2019-11-19 06:43:37,653 [87ce0730-77f3-4eff-8325-458afec42df8@group-63141B3A448A-LeaderElection3] INFO  impl.RoleInfo (RoleInfo.java:updateAndGet(143)) - 87ce0730-77f3-4eff-8325-458afec42df8: start FollowerState
2019-11-19 06:43:37,653 [06308cbb-cab5-4d99-a124-e8d4e2a84d00@group-63141B3A448A-LeaderElection6] INFO  impl.RoleInfo (RoleInfo.java:updateAndGet(143)) - 06308cbb-cab5-4d99-a124-e8d4e2a84d00: start FollowerState
2019-11-19 06:43:37,974 [main] INFO  ozone.MiniOzoneClusterImpl (MiniOzoneClusterImpl.java:lambda$waitForClusterToBeReady$0(150)) - Nodes are ready. Got 3 of 3 DN Heartbeats.
2019-11-19 06:43:37,974 [main] INFO  ozone.MiniOzoneClusterImpl (MiniOzoneClusterImpl.java:lambda$waitForClusterToBeReady$0(153)) - Waiting for cluster to exit safe mode
2019-11-19 06:43:38,975 [main] INFO  ozone.MiniOzoneClusterImpl (MiniOzoneClusterImpl.java:lambda$waitForClusterToBeReady$0(150)) - Nodes are ready. Got 3 of 3 DN Heartbeats.
2019-11-19 06:43:38,975 [main] INFO  ozone.MiniOzoneClusterImpl (MiniOzoneClusterImpl.java:lambda$waitForClusterToBeReady$0(153)) - Waiting for cluster to exit safe mode
2019-11-19 06:43:39,976 [main] INFO  ozone.MiniOzoneClusterImpl (MiniOzoneClusterImpl.java:lambda$waitForClusterToBeReady$0(150)) - Nodes are ready. Got 3 of 3 DN Heartbeats.
2019-11-19 06:43:39,976 [main] INFO  ozone.MiniOzoneClusterImpl (MiniOzoneClusterImpl.java:lambda$waitForClusterToBeReady$0(153)) - Waiting for cluster to exit safe mode
2019-11-19 06:43:40,976 [main] INFO  ozone.MiniOzoneClusterImpl (MiniOzoneClusterImpl.java:lambda$waitForClusterToBeReady$0(150)) - Nodes are ready. Got 3 of 3 DN Heartbeats.
2019-11-19 06:43:40,977 [main] INFO  ozone.MiniOzoneClusterImpl (MiniOzoneClusterImpl.java:lambda$waitForClusterToBeReady$0(153)) - Waiting for cluster to exit safe mode
2019-11-19 06:43:41,977 [main] INFO  ozone.MiniOzoneClusterImpl (MiniOzoneClusterImpl.java:lambda$waitForClusterToBeReady$0(150)) - Nodes are ready. Got 3 of 3 DN Heartbeats.
2019-11-19 06:43:41,977 [main] INFO  ozone.MiniOzoneClusterImpl (MiniOzoneClusterImpl.java:lambda$waitForClusterToBeReady$0(153)) - Waiting for cluster to exit safe mode
2019-11-19 06:43:42,771 [Thread-209] INFO  impl.FollowerState (FollowerState.java:run(111)) - 06308cbb-cab5-4d99-a124-e8d4e2a84d00@group-63141B3A448A-FollowerState: change to CANDIDATE, lastRpcTime:5117ms, electionTimeout:5116ms
2019-11-19 06:43:42,771 [Thread-209] INFO  impl.RoleInfo (RoleInfo.java:shutdownFollowerState(121)) - 06308cbb-cab5-4d99-a124-e8d4e2a84d00: shutdown FollowerState
2019-11-19 06:43:42,771 [Thread-209] INFO  impl.RaftServerImpl (RaftServerImpl.java:setRole(173)) - 06308cbb-cab5-4d99-a124-e8d4e2a84d00@group-63141B3A448A: changes role from  FOLLOWER to CANDIDATE at term 1 for changeToCandidate
2019-11-19 06:43:42,771 [Thread-209] INFO  impl.RoleInfo (RoleInfo.java:updateAndGet(143)) - 06308cbb-cab5-4d99-a124-e8d4e2a84d00: start LeaderElection
2019-11-19 06:43:42,774 [Thread-207] INFO  impl.FollowerState (FollowerState.java:run(111)) - 22243ddb-b513-44b3-98ed-9b9b7959dfc4@group-63141B3A448A-FollowerState: change to CANDIDATE, lastRpcTime:5122ms, electionTimeout:5121ms
2019-11-19 06:43:42,774 [Thread-207] INFO  impl.RoleInfo (RoleInfo.java:shutdownFollowerState(121)) - 22243ddb-b513-44b3-98ed-9b9b7959dfc4: shutdown FollowerState
2019-11-19 06:43:42,774 [Thread-207] INFO  impl.RaftServerImpl (RaftServerImpl.java:setRole(173)) - 22243ddb-b513-44b3-98ed-9b9b7959dfc4@group-63141B3A448A: changes role from  FOLLOWER to CANDIDATE at term 1 for changeToCandidate
2019-11-19 06:43:42,774 [Thread-207] INFO  impl.RoleInfo (RoleInfo.java:updateAndGet(143)) - 22243ddb-b513-44b3-98ed-9b9b7959dfc4: start LeaderElection
2019-11-19 06:43:42,800 [22243ddb-b513-44b3-98ed-9b9b7959dfc4@group-63141B3A448A-LeaderElection8] INFO  impl.LeaderElection (LeaderElection.java:askForVotes(178)) - 22243ddb-b513-44b3-98ed-9b9b7959dfc4@group-63141B3A448A-LeaderElection8: begin an election at term 2 for -1: [22243ddb-b513-44b3-98ed-9b9b7959dfc4:192.168.157.217:33362, 06308cbb-cab5-4d99-a124-e8d4e2a84d00:192.168.157.217:37591, 87ce0730-77f3-4eff-8325-458afec42df8:192.168.157.217:39104], old=null
2019-11-19 06:43:42,800 [06308cbb-cab5-4d99-a124-e8d4e2a84d00@group-63141B3A448A-LeaderElection7] INFO  impl.LeaderElection (LeaderElection.java:askForVotes(178)) - 06308cbb-cab5-4d99-a124-e8d4e2a84d00@group-63141B3A448A-LeaderElection7: begin an election at term 2 for -1: [22243ddb-b513-44b3-98ed-9b9b7959dfc4:192.168.157.217:33362, 06308cbb-cab5-4d99-a124-e8d4e2a84d00:192.168.157.217:37591, 87ce0730-77f3-4eff-8325-458afec42df8:192.168.157.217:39104], old=null
2019-11-19 06:43:42,815 [grpc-default-executor-3] INFO  impl.RaftServerImpl (RaftServerImpl.java:setRole(173)) - 87ce0730-77f3-4eff-8325-458afec42df8@group-63141B3A448A: changes role from  FOLLOWER to FOLLOWER at term 2 for recognizeCandidate:22243ddb-b513-44b3-98ed-9b9b7959dfc4
2019-11-19 06:43:42,816 [grpc-default-executor-3] INFO  impl.RoleInfo (RoleInfo.java:shutdownFollowerState(121)) - 87ce0730-77f3-4eff-8325-458afec42df8: shutdown FollowerState
2019-11-19 06:43:42,817 [grpc-default-executor-3] INFO  impl.RoleInfo (RoleInfo.java:updateAndGet(143)) - 87ce0730-77f3-4eff-8325-458afec42df8: start FollowerState
2019-11-19 06:43:42,817 [Thread-208] INFO  impl.FollowerState (FollowerState.java:run(120)) - 87ce0730-77f3-4eff-8325-458afec42df8@group-63141B3A448A-FollowerState was interrupted: java.lang.InterruptedException: sleep interrupted
2019-11-19 06:43:42,865 [22243ddb-b513-44b3-98ed-9b9b7959dfc4@group-63141B3A448A-LeaderElection8] INFO  impl.LeaderElection (LeaderElection.java:logAndReturn(56)) - 22243ddb-b513-44b3-98ed-9b9b7959dfc4@group-63141B3A448A-LeaderElection8: Election PASSED; received 2 response(s) [22243ddb-b513-44b3-98ed-9b9b7959dfc4<-06308cbb-cab5-4d99-a124-e8d4e2a84d00#0:FAIL-t2, 22243ddb-b513-44b3-98ed-9b9b7959dfc4<-87ce0730-77f3-4eff-8325-458afec42df8#0:OK-t2] and 0 exception(s); 22243ddb-b513-44b3-98ed-9b9b7959dfc4@group-63141B3A448A:t2, leader=null, voted=22243ddb-b513-44b3-98ed-9b9b7959dfc4, raftlog=22243ddb-b513-44b3-98ed-9b9b7959dfc4@group-63141B3A448A-SegmentedRaftLog:OPENED:c-1,f-1,i0, conf=-1: [22243ddb-b513-44b3-98ed-9b9b7959dfc4:192.168.157.217:33362, 06308cbb-cab5-4d99-a124-e8d4e2a84d00:192.168.157.217:37591, 87ce0730-77f3-4eff-8325-458afec42df8:192.168.157.217:39104], old=null
2019-11-19 06:43:42,865 [06308cbb-cab5-4d99-a124-e8d4e2a84d00@group-63141B3A448A-LeaderElection7] INFO  impl.LeaderElection (LeaderElection.java:logAndReturn(56)) - 06308cbb-cab5-4d99-a124-e8d4e2a84d00@group-63141B3A448A-LeaderElection7: Election REJECTED; received 2 response(s) [06308cbb-cab5-4d99-a124-e8d4e2a84d00<-22243ddb-b513-44b3-98ed-9b9b7959dfc4#0:FAIL-t2, 06308cbb-cab5-4d99-a124-e8d4e2a84d00<-87ce0730-77f3-4eff-8325-458afec42df8#0:FAIL-t2] and 0 exception(s); 06308cbb-cab5-4d99-a124-e8d4e2a84d00@group-63141B3A448A:t2, leader=null, voted=06308cbb-cab5-4d99-a124-e8d4e2a84d00, raftlog=06308cbb-cab5-4d99-a124-e8d4e2a84d00@group-63141B3A448A-SegmentedRaftLog:OPENED:c-1,f-1,i0, conf=-1: [22243ddb-b513-44b3-98ed-9b9b7959dfc4:192.168.157.217:33362, 06308cbb-cab5-4d99-a124-e8d4e2a84d00:192.168.157.217:37591, 87ce0730-77f3-4eff-8325-458afec42df8:192.168.157.217:39104], old=null
2019-11-19 06:43:42,865 [22243ddb-b513-44b3-98ed-9b9b7959dfc4@group-63141B3A448A-LeaderElection8] INFO  impl.RoleInfo (RoleInfo.java:shutdownLeaderElection(134)) - 22243ddb-b513-44b3-98ed-9b9b7959dfc4: shutdown LeaderElection
2019-11-19 06:43:42,867 [06308cbb-cab5-4d99-a124-e8d4e2a84d00@group-63141B3A448A-LeaderElection7] INFO  impl.RaftServerImpl (RaftServerImpl.java:setRole(173)) - 06308cbb-cab5-4d99-a124-e8d4e2a84d00@group-63141B3A448A: changes role from CANDIDATE to FOLLOWER at term 2 for DISCOVERED_A_NEW_TERM
2019-11-19 06:43:42,869 [22243ddb-b513-44b3-98ed-9b9b7959dfc4@group-63141B3A448A-LeaderElection8] INFO  impl.RaftServerImpl (RaftServerImpl.java:setRole(173)) - 22243ddb-b513-44b3-98ed-9b9b7959dfc4@group-63141B3A448A: changes role from CANDIDATE to LEADER at term 2 for changeToLeader
2019-11-19 06:43:42,869 [06308cbb-cab5-4d99-a124-e8d4e2a84d00@group-63141B3A448A-LeaderElection7] INFO  impl.RoleInfo (RoleInfo.java:shutdownLeaderElection(134)) - 06308cbb-cab5-4d99-a124-e8d4e2a84d00: shutdown LeaderElection
2019-11-19 06:43:42,869 [22243ddb-b513-44b3-98ed-9b9b7959dfc4@group-63141B3A448A-LeaderElection8] INFO  ratis.XceiverServerRatis (XceiverServerRatis.java:handleLeaderChangedNotification(733)) - Leader change notification received for group: group-63141B3A448A with new leaderId: 22243ddb-b513-44b3-98ed-9b9b7959dfc4
2019-11-19 06:43:42,869 [06308cbb-cab5-4d99-a124-e8d4e2a84d00@group-63141B3A448A-LeaderElection7] INFO  impl.RoleInfo (RoleInfo.java:updateAndGet(143)) - 06308cbb-cab5-4d99-a124-e8d4e2a84d00: start FollowerState
2019-11-19 06:43:42,870 [22243ddb-b513-44b3-98ed-9b9b7959dfc4@group-63141B3A448A-LeaderElection8] INFO  impl.RaftServerImpl (ServerState.java:setLeader(255)) - 22243ddb-b513-44b3-98ed-9b9b7959dfc4@group-63141B3A448A: change Leader from null to 22243ddb-b513-44b3-98ed-9b9b7959dfc4 at term 2 for becomeLeader, leader elected after 10764ms
2019-11-19 06:43:42,871 [22243ddb-b513-44b3-98ed-9b9b7959dfc4@group-63141B3A448A-LeaderElection8] INFO  server.RaftServerConfigKeys (ConfUtils.java:logGet(43)) - raft.server.staging.catchup.gap = 1000 (default)
2019-11-19 06:43:42,871 [22243ddb-b513-44b3-98ed-9b9b7959dfc4@group-63141B3A448A-LeaderElection8] INFO  server.RaftServerConfigKeys (ConfUtils.java:logGet(43)) - raft.server.rpc.sleep.time = 25ms (default)
2019-11-19 06:43:42,871 [22243ddb-b513-44b3-98ed-9b9b7959dfc4@group-63141B3A448A-LeaderElection8] INFO  server.RaftServerConfigKeys (ConfUtils.java:logGet(43)) - raft.server.write.element-limit = 4096 (default)
2019-11-19 06:43:42,871 [22243ddb-b513-44b3-98ed-9b9b7959dfc4@group-63141B3A448A-LeaderElection8] INFO  server.RaftServerConfigKeys (ConfUtils.java:logGet(43)) - raft.server.watch.timeout = 10s (default)
2019-11-19 06:43:42,872 [22243ddb-b513-44b3-98ed-9b9b7959dfc4@group-63141B3A448A-LeaderElection8] INFO  server.RaftServerConfigKeys (ConfUtils.java:logGet(43)) - raft.server.watch.timeout.denomination = 1s (default)
2019-11-19 06:43:42,872 [22243ddb-b513-44b3-98ed-9b9b7959dfc4@group-63141B3A448A-LeaderElection8] INFO  server.RaftServerConfigKeys (ConfUtils.java:logGet(43)) - raft.server.watch.element-limit = 65536 (default)
2019-11-19 06:43:42,872 [EventQueue-PipelineReportForPipelineReportHandler] INFO  pipeline.PipelineReportHandler (PipelineReportHandler.java:processPipelineReport(113)) - Pipeline THREE PipelineID=6d4298e5-0b3d-4ee2-940a-63141b3a448a reported by 22243ddb-b513-44b3-98ed-9b9b7959dfc4{ip: 192.168.157.217, host: pr-hdds-2509-crl9f-1365347269, networkLocation: /default-rack, certSerialId: null}
2019-11-19 06:43:42,873 [EventQueue-PipelineReportForPipelineReportHandler] INFO  pipeline.PipelineStateManager (PipelineStateManager.java:openPipeline(132)) - Pipeline Pipeline[ Id: 6d4298e5-0b3d-4ee2-940a-63141b3a448a, Nodes: 87ce0730-77f3-4eff-8325-458afec42df8{ip: 192.168.157.217, host: pr-hdds-2509-crl9f-1365347269, networkLocation: /default-rack, certSerialId: null}22243ddb-b513-44b3-98ed-9b9b7959dfc4{ip: 192.168.157.217, host: pr-hdds-2509-crl9f-1365347269, networkLocation: /default-rack, certSerialId: null}06308cbb-cab5-4d99-a124-e8d4e2a84d00{ip: 192.168.157.217, host: pr-hdds-2509-crl9f-1365347269, networkLocation: /default-rack, certSerialId: null}, Type:RATIS, Factor:THREE, State:ALLOCATED] moved to OPEN state
2019-11-19 06:43:42,873 [EventQueue-OpenPipelineForOneReplicaPipelineSafeModeRule] INFO  safemode.SCMSafeModeManager (SCMSafeModeManager.java:validateSafeModeExitRules(176)) - AtleastOneDatanodeReportedRule rule is successfully validated
2019-11-19 06:43:42,873 [EventQueue-OpenPipelineForHealthyPipelineSafeModeRule] INFO  safemode.SCMSafeModeManager (HealthyPipelineSafeModeRule.java:process(132)) - SCM in safe mode. Healthy pipelines reported count is 1, required healthy pipeline reported count is 1
2019-11-19 06:43:42,874 [EventQueue-OpenPipelineForHealthyPipelineSafeModeRule] INFO  safemode.SCMSafeModeManager (SCMSafeModeManager.java:validateSafeModeExitRules(176)) - HealthyPipelineSafeModeRule rule is successfully validated
2019-11-19 06:43:42,874 [EventQueue-OpenPipelineForHealthyPipelineSafeModeRule] INFO  safemode.SCMSafeModeManager (SCMSafeModeManager.java:validateSafeModeExitRules(185)) - ScmSafeModeManager, all rules are successfully validated
2019-11-19 06:43:42,874 [EventQueue-OpenPipelineForHealthyPipelineSafeModeRule] INFO  safemode.SCMSafeModeManager (SCMSafeModeManager.java:exitSafeMode(201)) - SCM exiting safe mode.
2019-11-19 06:43:42,878 [22243ddb-b513-44b3-98ed-9b9b7959dfc4@group-63141B3A448A-LeaderElection8] INFO  server.RaftServerConfigKeys (ConfUtils.java:logGet(43)) - raft.server.log.appender.snapshot.chunk.size.max = 16MB (=16777216) (default)
2019-11-19 06:43:42,879 [22243ddb-b513-44b3-98ed-9b9b7959dfc4@group-63141B3A448A-LeaderElection8] INFO  server.RaftServerConfigKeys (ConfUtils.java:logGet(43)) - raft.server.log.appender.buffer.byte-limit = 33554432 (custom)
2019-11-19 06:43:42,879 [22243ddb-b513-44b3-98ed-9b9b7959dfc4@group-63141B3A448A-LeaderElection8] INFO  server.RaftServerConfigKeys (ConfUtils.java:logGet(43)) - raft.server.log.appender.buffer.element-limit = 1 (custom)
2019-11-19 06:43:42,883 [22243ddb-b513-44b3-98ed-9b9b7959dfc4@group-63141B3A448A-LeaderElection8] INFO  grpc.GrpcConfigKeys$Server (ConfUtils.java:logGet(43)) - raft.grpc.server.leader.outstanding.appends.max = 128 (default)
2019-11-19 06:43:42,883 [22243ddb-b513-44b3-98ed-9b9b7959dfc4@group-63141B3A448A-LeaderElection8] INFO  server.RaftServerConfigKeys (ConfUtils.java:logGet(43)) - raft.server.rpc.request.timeout = 3000ms (default)
2019-11-19 06:43:42,884 [22243ddb-b513-44b3-98ed-9b9b7959dfc4@group-63141B3A448A-LeaderElection8] INFO  server.RaftServerConfigKeys (ConfUtils.java:logGet(43)) - raft.server.log.appender.install.snapshot.enabled = false (custom)
2019-11-19 06:43:42,885 [22243ddb-b513-44b3-98ed-9b9b7959dfc4@group-63141B3A448A-LeaderElection8] WARN  impl.MetricRegistriesImpl (MetricRegistriesImpl.java:lambda$create$1(61)) - First MetricRegistry has been created without registering reporters. You may need to call MetricRegistries.global().addReportRegistration(...) before.
2019-11-19 06:43:42,886 [22243ddb-b513-44b3-98ed-9b9b7959dfc4@group-63141B3A448A-LeaderElection8] INFO  server.RaftServerConfigKeys (ConfUtils.java:logGet(43)) - raft.server.log.appender.snapshot.chunk.size.max = 16MB (=16777216) (default)
2019-11-19 06:43:42,886 [22243ddb-b513-44b3-98ed-9b9b7959dfc4@group-63141B3A448A-LeaderElection8] INFO  server.RaftServerConfigKeys (ConfUtils.java:logGet(43)) - raft.server.log.appender.buffer.byte-limit = 33554432 (custom)
2019-11-19 06:43:42,886 [22243ddb-b513-44b3-98ed-9b9b7959dfc4@group-63141B3A448A-LeaderElection8] INFO  server.RaftServerConfigKeys (ConfUtils.java:logGet(43)) - raft.server.log.appender.buffer.element-limit = 1 (custom)
2019-11-19 06:43:42,886 [22243ddb-b513-44b3-98ed-9b9b7959dfc4@group-63141B3A448A-LeaderElection8] INFO  grpc.GrpcConfigKeys$Server (ConfUtils.java:logGet(43)) - raft.grpc.server.leader.outstanding.appends.max = 128 (default)
2019-11-19 06:43:42,887 [22243ddb-b513-44b3-98ed-9b9b7959dfc4@group-63141B3A448A-LeaderElection8] INFO  server.RaftServerConfigKeys (ConfUtils.java:logGet(43)) - raft.server.rpc.request.timeout = 3000ms (default)
2019-11-19 06:43:42,887 [22243ddb-b513-44b3-98ed-9b9b7959dfc4@group-63141B3A448A-LeaderElection8] INFO  server.RaftServerConfigKeys (ConfUtils.java:logGet(43)) - raft.server.log.appender.install.snapshot.enabled = false (custom)
2019-11-19 06:43:42,890 [22243ddb-b513-44b3-98ed-9b9b7959dfc4@group-63141B3A448A-LeaderElection8] INFO  impl.RoleInfo (RoleInfo.java:updateAndGet(143)) - 22243ddb-b513-44b3-98ed-9b9b7959dfc4: start LeaderState
2019-11-19 06:43:42,890 [22243ddb-b513-44b3-98ed-9b9b7959dfc4@group-63141B3A448A-LeaderElection8] INFO  segmented.SegmentedRaftLogWorker (SegmentedRaftLogWorker.java:startLogSegment(385)) - 22243ddb-b513-44b3-98ed-9b9b7959dfc4@group-63141B3A448A-SegmentedRaftLogWorker: Starting segment from index:0
2019-11-19 06:43:42,891 [22243ddb-b513-44b3-98ed-9b9b7959dfc4@group-63141B3A448A-LeaderElection8] INFO  impl.RaftServerImpl (ServerState.java:setRaftConf(356)) - 22243ddb-b513-44b3-98ed-9b9b7959dfc4@group-63141B3A448A: set configuration 0: [22243ddb-b513-44b3-98ed-9b9b7959dfc4:192.168.157.217:33362, 06308cbb-cab5-4d99-a124-e8d4e2a84d00:192.168.157.217:37591, 87ce0730-77f3-4eff-8325-458afec42df8:192.168.157.217:39104], old=null at 0
2019-11-19 06:43:42,943 [22243ddb-b513-44b3-98ed-9b9b7959dfc4@group-63141B3A448A-SegmentedRaftLogWorker] INFO  segmented.SegmentedRaftLogWorker (SegmentedRaftLogWorker.java:execute(576)) - 22243ddb-b513-44b3-98ed-9b9b7959dfc4@group-63141B3A448A-SegmentedRaftLogWorker: created new log segment /workdir/hadoop-ozone/tools/target/test-dir/MiniOzoneClusterImpl-d7b29890-1406-4978-93e4-a093ee1b36d6/datanode-1/data/ratis/6d4298e5-0b3d-4ee2-940a-63141b3a448a/current/log_inprogress_0
2019-11-19 06:43:42,951 [grpc-default-executor-3] INFO  ratis.XceiverServerRatis (XceiverServerRatis.java:handleLeaderChangedNotification(733)) - Leader change notification received for group: group-63141B3A448A with new leaderId: 22243ddb-b513-44b3-98ed-9b9b7959dfc4
2019-11-19 06:43:42,951 [grpc-default-executor-4] INFO  ratis.XceiverServerRatis (XceiverServerRatis.java:handleLeaderChangedNotification(733)) - Leader change notification received for group: group-63141B3A448A with new leaderId: 22243ddb-b513-44b3-98ed-9b9b7959dfc4
2019-11-19 06:43:42,952 [grpc-default-executor-3] INFO  impl.RaftServerImpl (ServerState.java:setLeader(255)) - 06308cbb-cab5-4d99-a124-e8d4e2a84d00@group-63141B3A448A: change Leader from null to 22243ddb-b513-44b3-98ed-9b9b7959dfc4 at term 2 for appendEntries, leader elected after 10846ms
2019-11-19 06:43:42,952 [grpc-default-executor-4] INFO  impl.RaftServerImpl (ServerState.java:setLeader(255)) - 87ce0730-77f3-4eff-8325-458afec42df8@group-63141B3A448A: change Leader from null to 22243ddb-b513-44b3-98ed-9b9b7959dfc4 at term 2 for appendEntries, leader elected after 10847ms
2019-11-19 06:43:42,978 [grpc-default-executor-3] INFO  impl.RaftServerImpl (ServerState.java:setRaftConf(356)) - 87ce0730-77f3-4eff-8325-458afec42df8@group-63141B3A448A: set configuration 0: [22243ddb-b513-44b3-98ed-9b9b7959dfc4:192.168.157.217:33362, 06308cbb-cab5-4d99-a124-e8d4e2a84d00:192.168.157.217:37591, 87ce0730-77f3-4eff-8325-458afec42df8:192.168.157.217:39104], old=null at 0
2019-11-19 06:43:42,978 [grpc-default-executor-4] INFO  impl.RaftServerImpl (ServerState.java:setRaftConf(356)) - 06308cbb-cab5-4d99-a124-e8d4e2a84d00@group-63141B3A448A: set configuration 0: [22243ddb-b513-44b3-98ed-9b9b7959dfc4:192.168.157.217:33362, 06308cbb-cab5-4d99-a124-e8d4e2a84d00:192.168.157.217:37591, 87ce0730-77f3-4eff-8325-458afec42df8:192.168.157.217:39104], old=null at 0
2019-11-19 06:43:42,979 [grpc-default-executor-3] INFO  segmented.SegmentedRaftLogWorker (SegmentedRaftLogWorker.java:startLogSegment(385)) - 87ce0730-77f3-4eff-8325-458afec42df8@group-63141B3A448A-SegmentedRaftLogWorker: Starting segment from index:0
2019-11-19 06:43:42,979 [grpc-default-executor-4] INFO  segmented.SegmentedRaftLogWorker (SegmentedRaftLogWorker.java:startLogSegment(385)) - 06308cbb-cab5-4d99-a124-e8d4e2a84d00@group-63141B3A448A-SegmentedRaftLogWorker: Starting segment from index:0
2019-11-19 06:43:42,984 [main] INFO  ozone.MiniOzoneClusterImpl (MiniOzoneClusterImpl.java:lambda$waitForClusterToBeReady$0(150)) - Nodes are ready. Got 3 of 3 DN Heartbeats.
2019-11-19 06:43:42,984 [main] INFO  ozone.MiniOzoneClusterImpl (MiniOzoneClusterImpl.java:lambda$waitForClusterToBeReady$0(153)) - Cluster exits safe mode
2019-11-19 06:43:43,043 [06308cbb-cab5-4d99-a124-e8d4e2a84d00@group-63141B3A448A-SegmentedRaftLogWorker] INFO  segmented.SegmentedRaftLogWorker (SegmentedRaftLogWorker.java:execute(576)) - 06308cbb-cab5-4d99-a124-e8d4e2a84d00@group-63141B3A448A-SegmentedRaftLogWorker: created new log segment /workdir/hadoop-ozone/tools/target/test-dir/MiniOzoneClusterImpl-d7b29890-1406-4978-93e4-a093ee1b36d6/datanode-2/data/ratis/6d4298e5-0b3d-4ee2-940a-63141b3a448a/current/log_inprogress_0
2019-11-19 06:43:43,043 [87ce0730-77f3-4eff-8325-458afec42df8@group-63141B3A448A-SegmentedRaftLogWorker] INFO  segmented.SegmentedRaftLogWorker (SegmentedRaftLogWorker.java:execute(576)) - 87ce0730-77f3-4eff-8325-458afec42df8@group-63141B3A448A-SegmentedRaftLogWorker: created new log segment /workdir/hadoop-ozone/tools/target/test-dir/MiniOzoneClusterImpl-d7b29890-1406-4978-93e4-a093ee1b36d6/datanode-0/data/ratis/6d4298e5-0b3d-4ee2-940a-63141b3a448a/current/log_inprogress_0
2019-11-19 06:43:43,862 [main] INFO  freon.RandomKeyGenerator (RandomKeyGenerator.java:call(283)) - Number of Threads: 10
2019-11-19 06:43:43,863 [main] INFO  freon.RandomKeyGenerator (RandomKeyGenerator.java:call(288)) - Number of Volumes: 1.
2019-11-19 06:43:43,863 [main] INFO  freon.RandomKeyGenerator (RandomKeyGenerator.java:call(289)) - Number of Buckets per Volume: 1.
2019-11-19 06:43:43,863 [main] INFO  freon.RandomKeyGenerator (RandomKeyGenerator.java:call(290)) - Number of Keys per Bucket: 1.
2019-11-19 06:43:43,863 [main] INFO  freon.RandomKeyGenerator (RandomKeyGenerator.java:call(291)) - Key size: 20971520 bytes
2019-11-19 06:43:43,863 [main] INFO  freon.RandomKeyGenerator (RandomKeyGenerator.java:call(292)) - Buffer size: 4096 bytes
2019-11-19 06:43:43,863 [main] INFO  freon.RandomKeyGenerator (RandomKeyGenerator.java:call(293)) - validateWrites : true
2019-11-19 06:43:43,867 [main] INFO  freon.RandomKeyGenerator (RandomKeyGenerator.java:call(307)) - Data validation is enabled.
2019-11-19 06:43:43,868 [main] INFO  freon.RandomKeyGenerator (RandomKeyGenerator.java:call(313)) - Starting progress bar Thread.

 0.00% |?                                                                                                    |  0/1 Time: 0:00:002019-11-19 06:43:43,891 [pool-53-thread-1] INFO  rpc.RpcClient (RpcClient.java:createVolume(292)) - Creating Volume: vol-0-59768, with jenkins1000 as owner.
2019-11-19 06:43:43,947 [IPC Server handler 0 on 35135] INFO  volume.OMVolumeCreateRequest (OMVolumeCreateRequest.java:validateAndUpdateCache(193)) - created volume:vol-0-59768 for user:jenkins1000
2019-11-19 06:43:44,000 [pool-53-thread-2] INFO  rpc.RpcClient (RpcClient.java:createBucket(431)) - Creating Bucket: vol-0-59768/bucket-0-61526, with Versioning false and Storage Type set to DISK and Encryption set to false 
2019-11-19 06:43:44,193 [pool-53-thread-3] INFO  impl.MetricsSystemImpl (MetricsSystemImpl.java:init(158)) - XceiverClientMetrics metrics system started (again)
 0.00% |?                                                                                                    |  0/1 Time: 0:00:01 0.00% |?                                                                                                    |  0/1 Time: 0:00:022019-11-19 06:43:45,881 [Thread-220] INFO  container.ReplicationManager (ReplicationManager.java:start(162)) - Starting Replication Monitor Thread.
2019-11-19 06:43:45,883 [ReplicationMonitor] INFO  container.ReplicationManager (ReplicationManager.java:run(225)) - Replication Monitor Thread took 1 milliseconds for processing 3 containers.
 0.00% |?                                                                                                    |  0/1 Time: 0:00:03 0.00% |?                                                                                                    |  0/1 Time: 0:00:04 0.00% |?                                                                                                    |  0/1 Time: 0:00:05 100.00% |?????????????????????????????????????????????????????????????????????????????????????????????????????|  1/1 Time: 0:00:06
2019-11-19 06:43:54,363 [main] INFO  pipeline.SCMPipelineManager (SCMPipelineManager.java:finalizeAndDestroyPipeline(333)) - destroying pipeline:Pipeline[ Id: 6d4298e5-0b3d-4ee2-940a-63141b3a448a, Nodes: 87ce0730-77f3-4eff-8325-458afec42df8{ip: 192.168.157.217, host: pr-hdds-2509-crl9f-1365347269, networkLocation: /default-rack, certSerialId: null}22243ddb-b513-44b3-98ed-9b9b7959dfc4{ip: 192.168.157.217, host: pr-hdds-2509-crl9f-1365347269, networkLocation: /default-rack, certSerialId: null}06308cbb-cab5-4d99-a124-e8d4e2a84d00{ip: 192.168.157.217, host: pr-hdds-2509-crl9f-1365347269, networkLocation: /default-rack, certSerialId: null}, Type:RATIS, Factor:THREE, State:OPEN]
2019-11-19 06:43:54,364 [main] INFO  pipeline.PipelineStateManager (PipelineStateManager.java:finalizePipeline(121)) - Pipeline Pipeline[ Id: 6d4298e5-0b3d-4ee2-940a-63141b3a448a, Nodes: 87ce0730-77f3-4eff-8325-458afec42df8{ip: 192.168.157.217, host: pr-hdds-2509-crl9f-1365347269, networkLocation: /default-rack, certSerialId: null}22243ddb-b513-44b3-98ed-9b9b7959dfc4{ip: 192.168.157.217, host: pr-hdds-2509-crl9f-1365347269, networkLocation: /default-rack, certSerialId: null}06308cbb-cab5-4d99-a124-e8d4e2a84d00{ip: 192.168.157.217, host: pr-hdds-2509-crl9f-1365347269, networkLocation: /default-rack, certSerialId: null}, Type:RATIS, Factor:THREE, State:CLOSED] moved to CLOSED state
2019-11-19 06:43:54,364 [EventQueue-CloseContainerForCloseContainerEventHandler] INFO  container.CloseContainerEventHandler (CloseContainerEventHandler.java:onMessage(61)) - Close container Event triggered for container : #1
2019-11-19 06:43:54,366 [main] INFO  pipeline.RatisPipelineProvider (RatisPipelineProvider.java:lambda$close$5(207)) - Send pipeline:PipelineID=6d4298e5-0b3d-4ee2-940a-63141b3a448a close command to datanode 87ce0730-77f3-4eff-8325-458afec42df8
2019-11-19 06:43:54,367 [main] INFO  pipeline.RatisPipelineProvider (RatisPipelineProvider.java:lambda$close$5(207)) - Send pipeline:PipelineID=6d4298e5-0b3d-4ee2-940a-63141b3a448a close command to datanode 22243ddb-b513-44b3-98ed-9b9b7959dfc4
2019-11-19 06:43:54,367 [main] INFO  pipeline.RatisPipelineProvider (RatisPipelineProvider.java:lambda$close$5(207)) - Send pipeline:PipelineID=6d4298e5-0b3d-4ee2-940a-63141b3a448a close command to datanode 06308cbb-cab5-4d99-a124-e8d4e2a84d00
2019-11-19 06:43:54,367 [main] INFO  pipeline.PipelineStateManager (PipelineStateManager.java:removePipeline(106)) - Pipeline Pipeline[ Id: 6d4298e5-0b3d-4ee2-940a-63141b3a448a, Nodes: 87ce0730-77f3-4eff-8325-458afec42df8{ip: 192.168.157.217, host: pr-hdds-2509-crl9f-1365347269, networkLocation: /default-rack, certSerialId: null}22243ddb-b513-44b3-98ed-9b9b7959dfc4{ip: 192.168.157.217, host: pr-hdds-2509-crl9f-1365347269, networkLocation: /default-rack, certSerialId: null}06308cbb-cab5-4d99-a124-e8d4e2a84d00{ip: 192.168.157.217, host: pr-hdds-2509-crl9f-1365347269, networkLocation: /default-rack, certSerialId: null}, Type:RATIS, Factor:THREE, State:CLOSED] removed from db
2019-11-19 06:43:54,367 [EventQueue-CloseContainerForCloseContainerEventHandler] INFO  container.CloseContainerEventHandler (CloseContainerEventHandler.java:onMessage(61)) - Close container Event triggered for container : #2
2019-11-19 06:43:54,369 [EventQueue-CloseContainerForCloseContainerEventHandler] ERROR container.CloseContainerEventHandler (CloseContainerEventHandler.java:onMessage(89)) - Failed to close the container #2.
org.apache.hadoop.hdds.scm.pipeline.PipelineNotFoundException: PipelineID=6d4298e5-0b3d-4ee2-940a-63141b3a448a not found
	at org.apache.hadoop.hdds.scm.pipeline.PipelineStateMap.removeContainerFromPipeline(PipelineStateMap.java:351)
	at org.apache.hadoop.hdds.scm.pipeline.PipelineStateManager.removeContainerFromPipeline(PipelineStateManager.java:112)
	at org.apache.hadoop.hdds.scm.pipeline.SCMPipelineManager.removeContainerFromPipeline(SCMPipelineManager.java:286)
	at org.apache.hadoop.hdds.scm.container.SCMContainerManager.updateContainerState(SCMContainerManager.java:331)
	at org.apache.hadoop.hdds.scm.container.CloseContainerEventHandler.onMessage(CloseContainerEventHandler.java:66)
	at org.apache.hadoop.hdds.scm.container.CloseContainerEventHandler.onMessage(CloseContainerEventHandler.java:45)
	at org.apache.hadoop.hdds.server.events.SingleThreadExecutor.lambda$onMessage$1(SingleThreadExecutor.java:85)
	at java.util.concurrent.ThreadPoolExecutor.runWorker(ThreadPoolExecutor.java:1149)
	at java.util.concurrent.ThreadPoolExecutor$Worker.run(ThreadPoolExecutor.java:624)
	at java.lang.Thread.run(Thread.java:748)
2019-11-19 06:43:54,369 [RatisPipelineUtilsThread] INFO  pipeline.RatisPipelineProvider (RatisPipelineProvider.java:lambda$create$4(163)) - Send pipeline:PipelineID=fb55476b-2dd7-4c2f-9aac-03ac1ec648c4 create command to datanode 87ce0730-77f3-4eff-8325-458afec42df8
2019-11-19 06:43:54,371 [EventQueue-CloseContainerForCloseContainerEventHandler] INFO  container.CloseContainerEventHandler (CloseContainerEventHandler.java:onMessage(61)) - Close container Event triggered for container : #3
2019-11-19 06:43:54,373 [RatisPipelineUtilsThread] INFO  pipeline.RatisPipelineProvider (RatisPipelineProvider.java:lambda$create$4(163)) - Send pipeline:PipelineID=fb55476b-2dd7-4c2f-9aac-03ac1ec648c4 create command to datanode 22243ddb-b513-44b3-98ed-9b9b7959dfc4
2019-11-19 06:43:54,373 [RatisPipelineUtilsThread] INFO  pipeline.RatisPipelineProvider (RatisPipelineProvider.java:lambda$create$4(163)) - Send pipeline:PipelineID=fb55476b-2dd7-4c2f-9aac-03ac1ec648c4 create command to datanode 06308cbb-cab5-4d99-a124-e8d4e2a84d00
2019-11-19 06:43:54,374 [RatisPipelineUtilsThread] INFO  pipeline.PipelineStateManager (PipelineStateManager.java:addPipeline(55)) - Created pipeline Pipeline[ Id: fb55476b-2dd7-4c2f-9aac-03ac1ec648c4, Nodes: 87ce0730-77f3-4eff-8325-458afec42df8{ip: 192.168.157.217, host: pr-hdds-2509-crl9f-1365347269, networkLocation: /default-rack, certSerialId: null}22243ddb-b513-44b3-98ed-9b9b7959dfc4{ip: 192.168.157.217, host: pr-hdds-2509-crl9f-1365347269, networkLocation: /default-rack, certSerialId: null}06308cbb-cab5-4d99-a124-e8d4e2a84d00{ip: 192.168.157.217, host: pr-hdds-2509-crl9f-1365347269, networkLocation: /default-rack, certSerialId: null}, Type:RATIS, Factor:THREE, State:ALLOCATED]
2019-11-19 06:43:54,374 [EventQueue-CloseContainerForCloseContainerEventHandler] ERROR container.CloseContainerEventHandler (CloseContainerEventHandler.java:onMessage(89)) - Failed to close the container #3.
org.apache.hadoop.hdds.scm.pipeline.PipelineNotFoundException: PipelineID=6d4298e5-0b3d-4ee2-940a-63141b3a448a not found
	at org.apache.hadoop.hdds.scm.pipeline.PipelineStateMap.removeContainerFromPipeline(PipelineStateMap.java:351)
	at org.apache.hadoop.hdds.scm.pipeline.PipelineStateManager.removeContainerFromPipeline(PipelineStateManager.java:112)
	at org.apache.hadoop.hdds.scm.pipeline.SCMPipelineManager.removeContainerFromPipeline(SCMPipelineManager.java:286)
	at org.apache.hadoop.hdds.scm.container.SCMContainerManager.updateContainerState(SCMContainerManager.java:331)
	at org.apache.hadoop.hdds.scm.container.CloseContainerEventHandler.onMessage(CloseContainerEventHandler.java:66)
	at org.apache.hadoop.hdds.scm.container.CloseContainerEventHandler.onMessage(CloseContainerEventHandler.java:45)
	at org.apache.hadoop.hdds.server.events.SingleThreadExecutor.lambda$onMessage$1(SingleThreadExecutor.java:85)
	at java.util.concurrent.ThreadPoolExecutor.runWorker(ThreadPoolExecutor.java:1149)
	at java.util.concurrent.ThreadPoolExecutor$Worker.run(ThreadPoolExecutor.java:624)
	at java.lang.Thread.run(Thread.java:748)
2019-11-19 06:43:54,462 [main] INFO  freon.RandomKeyGenerator (RandomKeyGenerator.java:call(283)) - Number of Threads: 10
2019-11-19 06:43:54,463 [main] INFO  freon.RandomKeyGenerator (RandomKeyGenerator.java:call(288)) - Number of Volumes: 1.
2019-11-19 06:43:54,463 [main] INFO  freon.RandomKeyGenerator (RandomKeyGenerator.java:call(289)) - Number of Buckets per Volume: 1.
2019-11-19 06:43:54,463 [main] INFO  freon.RandomKeyGenerator (RandomKeyGenerator.java:call(290)) - Number of Keys per Bucket: 1.
2019-11-19 06:43:54,463 [main] INFO  freon.RandomKeyGenerator (RandomKeyGenerator.java:call(291)) - Key size: 20971520 bytes
2019-11-19 06:43:54,464 [main] INFO  freon.RandomKeyGenerator (RandomKeyGenerator.java:call(292)) - Buffer size: 4096 bytes
2019-11-19 06:43:54,464 [main] INFO  freon.RandomKeyGenerator (RandomKeyGenerator.java:call(293)) - validateWrites : true
2019-11-19 06:43:54,465 [main] INFO  freon.RandomKeyGenerator (RandomKeyGenerator.java:call(307)) - Data validation is enabled.
2019-11-19 06:43:54,465 [main] INFO  freon.RandomKeyGenerator (RandomKeyGenerator.java:call(313)) - Starting progress bar Thread.

 0.00% |?                                                                                                    |  0/1 Time: 0:00:002019-11-19 06:43:54,466 [pool-59-thread-1] INFO  rpc.RpcClient (RpcClient.java:createVolume(292)) - Creating Volume: vol-0-12488, with jenkins1000 as owner.
2019-11-19 06:43:54,469 [IPC Server handler 9 on 35135] INFO  volume.OMVolumeCreateRequest (OMVolumeCreateRequest.java:validateAndUpdateCache(193)) - created volume:vol-0-12488 for user:jenkins1000
2019-11-19 06:43:54,506 [pool-59-thread-3] INFO  rpc.RpcClient (RpcClient.java:createBucket(431)) - Creating Bucket: vol-0-12488/bucket-0-56545, with Versioning false and Storage Type set to DISK and Encryption set to false 
2019-11-19 06:43:54,533 [IPC Server handler 0 on 46306] WARN  block.BlockManagerImpl (BlockManagerImpl.java:allocateBlock(203)) - Pipeline creation failed for type:RATIS factor:THREE. Retrying get pipelines call once.
org.apache.hadoop.hdds.scm.pipeline.InsufficientDatanodesException: Cannot create pipeline of factor 3 using 0 nodes.
	at org.apache.hadoop.hdds.scm.pipeline.RatisPipelineProvider.create(RatisPipelineProvider.java:144)
	at org.apache.hadoop.hdds.scm.pipeline.PipelineFactory.create(PipelineFactory.java:60)
	at org.apache.hadoop.hdds.scm.pipeline.SCMPipelineManager.createPipeline(SCMPipelineManager.java:159)
	at org.apache.hadoop.hdds.scm.block.BlockManagerImpl.allocateBlock(BlockManagerImpl.java:199)
	at org.apache.hadoop.hdds.scm.server.SCMBlockProtocolServer.allocateBlock(SCMBlockProtocolServer.java:187)
	at org.apache.hadoop.hdds.scm.protocol.ScmBlockLocationProtocolServerSideTranslatorPB.allocateScmBlock(ScmBlockLocationProtocolServerSideTranslatorPB.java:159)
	at org.apache.hadoop.hdds.scm.protocol.ScmBlockLocationProtocolServerSideTranslatorPB.processMessage(ScmBlockLocationProtocolServerSideTranslatorPB.java:117)
	at org.apache.hadoop.hdds.server.OzoneProtocolMessageDispatcher.processRequest(OzoneProtocolMessageDispatcher.java:72)
	at org.apache.hadoop.hdds.scm.protocol.ScmBlockLocationProtocolServerSideTranslatorPB.send(ScmBlockLocationProtocolServerSideTranslatorPB.java:98)
	at org.apache.hadoop.hdds.protocol.proto.ScmBlockLocationProtocolProtos$ScmBlockLocationProtocolService$2.callBlockingMethod(ScmBlockLocationProtocolProtos.java:13157)
	at org.apache.hadoop.ipc.ProtobufRpcEngine$Server$ProtoBufRpcInvoker.call(ProtobufRpcEngine.java:524)
	at org.apache.hadoop.ipc.RPC$Server.call(RPC.java:1025)
	at org.apache.hadoop.ipc.Server$RpcCall.run(Server.java:876)
	at org.apache.hadoop.ipc.Server$RpcCall.run(Server.java:822)
	at java.security.AccessController.doPrivileged(Native Method)
	at javax.security.auth.Subject.doAs(Subject.java:422)
	at org.apache.hadoop.security.UserGroupInformation.doAs(UserGroupInformation.java:1730)
	at org.apache.hadoop.ipc.Server$Handler.run(Server.java:2682)
2019-11-19 06:43:54,534 [IPC Server handler 0 on 46306] INFO  block.BlockManagerImpl (BlockManagerImpl.java:allocateBlock(215)) - Could not find available pipeline of type:RATIS and factor:THREE even after retrying
2019-11-19 06:43:54,534 [IPC Server handler 0 on 46306] ERROR block.BlockManagerImpl (BlockManagerImpl.java:allocateBlock(239)) - Unable to allocate a block for the size: 4194304, type: RATIS, factor: THREE
2019-11-19 06:43:54,534 [IPC Server handler 0 on 46306] WARN  block.BlockManagerImpl (BlockManagerImpl.java:allocateBlock(203)) - Pipeline creation failed for type:RATIS factor:THREE. Retrying get pipelines call once.
org.apache.hadoop.hdds.scm.pipeline.InsufficientDatanodesException: Cannot create pipeline of factor 3 using 0 nodes.
	at org.apache.hadoop.hdds.scm.pipeline.RatisPipelineProvider.create(RatisPipelineProvider.java:144)
	at org.apache.hadoop.hdds.scm.pipeline.PipelineFactory.create(PipelineFactory.java:60)
	at org.apache.hadoop.hdds.scm.pipeline.SCMPipelineManager.createPipeline(SCMPipelineManager.java:159)
	at org.apache.hadoop.hdds.scm.block.BlockManagerImpl.allocateBlock(BlockManagerImpl.java:199)
	at org.apache.hadoop.hdds.scm.server.SCMBlockProtocolServer.allocateBlock(SCMBlockProtocolServer.java:187)
	at org.apache.hadoop.hdds.scm.protocol.ScmBlockLocationProtocolServerSideTranslatorPB.allocateScmBlock(ScmBlockLocationProtocolServerSideTranslatorPB.java:159)
	at org.apache.hadoop.hdds.scm.protocol.ScmBlockLocationProtocolServerSideTranslatorPB.processMessage(ScmBlockLocationProtocolServerSideTranslatorPB.java:117)
	at org.apache.hadoop.hdds.server.OzoneProtocolMessageDispatcher.processRequest(OzoneProtocolMessageDispatcher.java:72)
	at org.apache.hadoop.hdds.scm.protocol.ScmBlockLocationProtocolServerSideTranslatorPB.send(ScmBlockLocationProtocolServerSideTranslatorPB.java:98)
	at org.apache.hadoop.hdds.protocol.proto.ScmBlockLocationProtocolProtos$ScmBlockLocationProtocolService$2.callBlockingMethod(ScmBlockLocationProtocolProtos.java:13157)
	at org.apache.hadoop.ipc.ProtobufRpcEngine$Server$ProtoBufRpcInvoker.call(ProtobufRpcEngine.java:524)
	at org.apache.hadoop.ipc.RPC$Server.call(RPC.java:1025)
	at org.apache.hadoop.ipc.Server$RpcCall.run(Server.java:876)
	at org.apache.hadoop.ipc.Server$RpcCall.run(Server.java:822)
	at java.security.AccessController.doPrivileged(Native Method)
	at javax.security.auth.Subject.doAs(Subject.java:422)
	at org.apache.hadoop.security.UserGroupInformation.doAs(UserGroupInformation.java:1730)
	at org.apache.hadoop.ipc.Server$Handler.run(Server.java:2682)
2019-11-19 06:43:54,535 [IPC Server handler 0 on 46306] INFO  block.BlockManagerImpl (BlockManagerImpl.java:allocateBlock(215)) - Could not find available pipeline of type:RATIS and factor:THREE even after retrying
2019-11-19 06:43:54,535 [IPC Server handler 0 on 46306] ERROR block.BlockManagerImpl (BlockManagerImpl.java:allocateBlock(239)) - Unable to allocate a block for the size: 4194304, type: RATIS, factor: THREE
2019-11-19 06:43:54,535 [IPC Server handler 0 on 46306] WARN  block.BlockManagerImpl (BlockManagerImpl.java:allocateBlock(203)) - Pipeline creation failed for type:RATIS factor:THREE. Retrying get pipelines call once.
org.apache.hadoop.hdds.scm.pipeline.InsufficientDatanodesException: Cannot create pipeline of factor 3 using 0 nodes.
	at org.apache.hadoop.hdds.scm.pipeline.RatisPipelineProvider.create(RatisPipelineProvider.java:144)
	at org.apache.hadoop.hdds.scm.pipeline.PipelineFactory.create(PipelineFactory.java:60)
	at org.apache.hadoop.hdds.scm.pipeline.SCMPipelineManager.createPipeline(SCMPipelineManager.java:159)
	at org.apache.hadoop.hdds.scm.block.BlockManagerImpl.allocateBlock(BlockManagerImpl.java:199)
	at org.apache.hadoop.hdds.scm.server.SCMBlockProtocolServer.allocateBlock(SCMBlockProtocolServer.java:187)
	at org.apache.hadoop.hdds.scm.protocol.ScmBlockLocationProtocolServerSideTranslatorPB.allocateScmBlock(ScmBlockLocationProtocolServerSideTranslatorPB.java:159)
	at org.apache.hadoop.hdds.scm.protocol.ScmBlockLocationProtocolServerSideTranslatorPB.processMessage(ScmBlockLocationProtocolServerSideTranslatorPB.java:117)
	at org.apache.hadoop.hdds.server.OzoneProtocolMessageDispatcher.processRequest(OzoneProtocolMessageDispatcher.java:72)
	at org.apache.hadoop.hdds.scm.protocol.ScmBlockLocationProtocolServerSideTranslatorPB.send(ScmBlockLocationProtocolServerSideTranslatorPB.java:98)
	at org.apache.hadoop.hdds.protocol.proto.ScmBlockLocationProtocolProtos$ScmBlockLocationProtocolService$2.callBlockingMethod(ScmBlockLocationProtocolProtos.java:13157)
	at org.apache.hadoop.ipc.ProtobufRpcEngine$Server$ProtoBufRpcInvoker.call(ProtobufRpcEngine.java:524)
	at org.apache.hadoop.ipc.RPC$Server.call(RPC.java:1025)
	at org.apache.hadoop.ipc.Server$RpcCall.run(Server.java:876)
	at org.apache.hadoop.ipc.Server$RpcCall.run(Server.java:822)
	at java.security.AccessController.doPrivileged(Native Method)
	at javax.security.auth.Subject.doAs(Subject.java:422)
	at org.apache.hadoop.security.UserGroupInformation.doAs(UserGroupInformation.java:1730)
	at org.apache.hadoop.ipc.Server$Handler.run(Server.java:2682)
2019-11-19 06:43:54,536 [IPC Server handler 0 on 46306] INFO  block.BlockManagerImpl (BlockManagerImpl.java:allocateBlock(215)) - Could not find available pipeline of type:RATIS and factor:THREE even after retrying
2019-11-19 06:43:54,536 [IPC Server handler 0 on 46306] ERROR block.BlockManagerImpl (BlockManagerImpl.java:allocateBlock(239)) - Unable to allocate a block for the size: 4194304, type: RATIS, factor: THREE
2019-11-19 06:43:54,536 [IPC Server handler 0 on 46306] WARN  block.BlockManagerImpl (BlockManagerImpl.java:allocateBlock(203)) - Pipeline creation failed for type:RATIS factor:THREE. Retrying get pipelines call once.
org.apache.hadoop.hdds.scm.pipeline.InsufficientDatanodesException: Cannot create pipeline of factor 3 using 0 nodes.
	at org.apache.hadoop.hdds.scm.pipeline.RatisPipelineProvider.create(RatisPipelineProvider.java:144)
	at org.apache.hadoop.hdds.scm.pipeline.PipelineFactory.create(PipelineFactory.java:60)
	at org.apache.hadoop.hdds.scm.pipeline.SCMPipelineManager.createPipeline(SCMPipelineManager.java:159)
	at org.apache.hadoop.hdds.scm.block.BlockManagerImpl.allocateBlock(BlockManagerImpl.java:199)
	at org.apache.hadoop.hdds.scm.server.SCMBlockProtocolServer.allocateBlock(SCMBlockProtocolServer.java:187)
	at org.apache.hadoop.hdds.scm.protocol.ScmBlockLocationProtocolServerSideTranslatorPB.allocateScmBlock(ScmBlockLocationProtocolServerSideTranslatorPB.java:159)
	at org.apache.hadoop.hdds.scm.protocol.ScmBlockLocationProtocolServerSideTranslatorPB.processMessage(ScmBlockLocationProtocolServerSideTranslatorPB.java:117)
	at org.apache.hadoop.hdds.server.OzoneProtocolMessageDispatcher.processRequest(OzoneProtocolMessageDispatcher.java:72)
	at org.apache.hadoop.hdds.scm.protocol.ScmBlockLocationProtocolServerSideTranslatorPB.send(ScmBlockLocationProtocolServerSideTranslatorPB.java:98)
	at org.apache.hadoop.hdds.protocol.proto.ScmBlockLocationProtocolProtos$ScmBlockLocationProtocolService$2.callBlockingMethod(ScmBlockLocationProtocolProtos.java:13157)
	at org.apache.hadoop.ipc.ProtobufRpcEngine$Server$ProtoBufRpcInvoker.call(ProtobufRpcEngine.java:524)
	at org.apache.hadoop.ipc.RPC$Server.call(RPC.java:1025)
	at org.apache.hadoop.ipc.Server$RpcCall.run(Server.java:876)
	at org.apache.hadoop.ipc.Server$RpcCall.run(Server.java:822)
	at java.security.AccessController.doPrivileged(Native Method)
	at javax.security.auth.Subject.doAs(Subject.java:422)
	at org.apache.hadoop.security.UserGroupInformation.doAs(UserGroupInformation.java:1730)
	at org.apache.hadoop.ipc.Server$Handler.run(Server.java:2682)
2019-11-19 06:43:54,537 [IPC Server handler 0 on 46306] INFO  block.BlockManagerImpl (BlockManagerImpl.java:allocateBlock(215)) - Could not find available pipeline of type:RATIS and factor:THREE even after retrying
2019-11-19 06:43:54,537 [IPC Server handler 0 on 46306] ERROR block.BlockManagerImpl (BlockManagerImpl.java:allocateBlock(239)) - Unable to allocate a block for the size: 4194304, type: RATIS, factor: THREE
2019-11-19 06:43:54,537 [IPC Server handler 0 on 46306] WARN  block.BlockManagerImpl (BlockManagerImpl.java:allocateBlock(203)) - Pipeline creation failed for type:RATIS factor:THREE. Retrying get pipelines call once.
org.apache.hadoop.hdds.scm.pipeline.InsufficientDatanodesException: Cannot create pipeline of factor 3 using 0 nodes.
	at org.apache.hadoop.hdds.scm.pipeline.RatisPipelineProvider.create(RatisPipelineProvider.java:144)
	at org.apache.hadoop.hdds.scm.pipeline.PipelineFactory.create(PipelineFactory.java:60)
	at org.apache.hadoop.hdds.scm.pipeline.SCMPipelineManager.createPipeline(SCMPipelineManager.java:159)
	at org.apache.hadoop.hdds.scm.block.BlockManagerImpl.allocateBlock(BlockManagerImpl.java:199)
	at org.apache.hadoop.hdds.scm.server.SCMBlockProtocolServer.allocateBlock(SCMBlockProtocolServer.java:187)
	at org.apache.hadoop.hdds.scm.protocol.ScmBlockLocationProtocolServerSideTranslatorPB.allocateScmBlock(ScmBlockLocationProtocolServerSideTranslatorPB.java:159)
	at org.apache.hadoop.hdds.scm.protocol.ScmBlockLocationProtocolServerSideTranslatorPB.processMessage(ScmBlockLocationProtocolServerSideTranslatorPB.java:117)
	at org.apache.hadoop.hdds.server.OzoneProtocolMessageDispatcher.processRequest(OzoneProtocolMessageDispatcher.java:72)
	at org.apache.hadoop.hdds.scm.protocol.ScmBlockLocationProtocolServerSideTranslatorPB.send(ScmBlockLocationProtocolServerSideTranslatorPB.java:98)
	at org.apache.hadoop.hdds.protocol.proto.ScmBlockLocationProtocolProtos$ScmBlockLocationProtocolService$2.callBlockingMethod(ScmBlockLocationProtocolProtos.java:13157)
	at org.apache.hadoop.ipc.ProtobufRpcEngine$Server$ProtoBufRpcInvoker.call(ProtobufRpcEngine.java:524)
	at org.apache.hadoop.ipc.RPC$Server.call(RPC.java:1025)
	at org.apache.hadoop.ipc.Server$RpcCall.run(Server.java:876)
	at org.apache.hadoop.ipc.Server$RpcCall.run(Server.java:822)
	at java.security.AccessController.doPrivileged(Native Method)
	at javax.security.auth.Subject.doAs(Subject.java:422)
	at org.apache.hadoop.security.UserGroupInformation.doAs(UserGroupInformation.java:1730)
	at org.apache.hadoop.ipc.Server$Handler.run(Server.java:2682)
2019-11-19 06:43:54,538 [IPC Server handler 0 on 46306] INFO  block.BlockManagerImpl (BlockManagerImpl.java:allocateBlock(215)) - Could not find available pipeline of type:RATIS and factor:THREE even after retrying
2019-11-19 06:43:54,538 [IPC Server handler 0 on 46306] ERROR block.BlockManagerImpl (BlockManagerImpl.java:allocateBlock(239)) - Unable to allocate a block for the size: 4194304, type: RATIS, factor: THREE
2019-11-19 06:43:54,542 [pool-59-thread-2] ERROR freon.RandomKeyGenerator (RandomKeyGenerator.java:createKey(735)) - Exception while adding key: key-0-74070 in bucket: bucket-0-56545 of volume: vol-0-12488.
INTERNAL_ERROR org.apache.hadoop.ozone.om.exceptions.OMException: Allocated 0 blocks. Requested 5 blocks
	at org.apache.hadoop.ozone.om.protocolPB.OzoneManagerProtocolClientSideTranslatorPB.handleError(OzoneManagerProtocolClientSideTranslatorPB.java:761)
	at org.apache.hadoop.ozone.om.protocolPB.OzoneManagerProtocolClientSideTranslatorPB.openKey(OzoneManagerProtocolClientSideTranslatorPB.java:752)
	at sun.reflect.NativeMethodAccessorImpl.invoke0(Native Method)
	at sun.reflect.NativeMethodAccessorImpl.invoke(NativeMethodAccessorImpl.java:62)
	at sun.reflect.DelegatingMethodAccessorImpl.invoke(DelegatingMethodAccessorImpl.java:43)
	at java.lang.reflect.Method.invoke(Method.java:498)
	at org.apache.hadoop.hdds.tracing.TraceAllMethod.invoke(TraceAllMethod.java:66)
	at com.sun.proxy.$Proxy37.openKey(Unknown Source)
	at org.apache.hadoop.ozone.client.rpc.RpcClient.createKey(RpcClient.java:633)
	at org.apache.hadoop.ozone.client.OzoneBucket.createKey(OzoneBucket.java:325)
	at org.apache.hadoop.ozone.freon.RandomKeyGenerator.createKey(RandomKeyGenerator.java:697)
	at org.apache.hadoop.ozone.freon.RandomKeyGenerator.access$1100(RandomKeyGenerator.java:88)
	at org.apache.hadoop.ozone.freon.RandomKeyGenerator$ObjectCreator.run(RandomKeyGenerator.java:615)
	at java.util.concurrent.Executors$RunnableAdapter.call(Executors.java:511)
	at java.util.concurrent.FutureTask.run(FutureTask.java:266)
	at java.util.concurrent.ThreadPoolExecutor.runWorker(ThreadPoolExecutor.java:1149)
	at java.util.concurrent.ThreadPoolExecutor$Worker.run(ThreadPoolExecutor.java:624)
	at java.lang.Thread.run(Thread.java:748)
 0.00% |?                                                                                                    |  0/1 Time: 0:00:012019-11-19 06:43:56,278 [Command processor thread] INFO  impl.RaftServerProxy (RaftServerProxy.java:remove(95)) - 06308cbb-cab5-4d99-a124-e8d4e2a84d00: remove  FOLLOWER 06308cbb-cab5-4d99-a124-e8d4e2a84d00@group-63141B3A448A:t2, leader=22243ddb-b513-44b3-98ed-9b9b7959dfc4, voted=06308cbb-cab5-4d99-a124-e8d4e2a84d00, raftlog=06308cbb-cab5-4d99-a124-e8d4e2a84d00@group-63141B3A448A-SegmentedRaftLog:OPENED:c77,f77,i77, conf=0: [22243ddb-b513-44b3-98ed-9b9b7959dfc4:192.168.157.217:33362, 06308cbb-cab5-4d99-a124-e8d4e2a84d00:192.168.157.217:37591, 87ce0730-77f3-4eff-8325-458afec42df8:192.168.157.217:39104], old=null RUNNING
2019-11-19 06:43:56,279 [Command processor thread] INFO  impl.RaftServerProxy (RaftServerProxy.java:remove(95)) - 22243ddb-b513-44b3-98ed-9b9b7959dfc4: remove    LEADER 22243ddb-b513-44b3-98ed-9b9b7959dfc4@group-63141B3A448A:t2, leader=22243ddb-b513-44b3-98ed-9b9b7959dfc4, voted=22243ddb-b513-44b3-98ed-9b9b7959dfc4, raftlog=22243ddb-b513-44b3-98ed-9b9b7959dfc4@group-63141B3A448A-SegmentedRaftLog:OPENED:c77,f77,i77, conf=0: [22243ddb-b513-44b3-98ed-9b9b7959dfc4:192.168.157.217:33362, 06308cbb-cab5-4d99-a124-e8d4e2a84d00:192.168.157.217:37591, 87ce0730-77f3-4eff-8325-458afec42df8:192.168.157.217:39104], old=null RUNNING
2019-11-19 06:43:56,282 [Command processor thread] INFO  impl.RaftServerImpl (RaftServerImpl.java:lambda$shutdown$3(250)) - 22243ddb-b513-44b3-98ed-9b9b7959dfc4@group-63141B3A448A: shutdown
2019-11-19 06:43:56,282 [Command processor thread] INFO  impl.RaftServerImpl (RaftServerImpl.java:lambda$shutdown$3(250)) - 06308cbb-cab5-4d99-a124-e8d4e2a84d00@group-63141B3A448A: shutdown
2019-11-19 06:43:56,283 [Command processor thread] INFO  util.JmxRegister (JmxRegister.java:unregister(73)) - Successfully un-registered JMX Bean with object name Ratis:service=RaftServer,group=group-63141B3A448A,id=22243ddb-b513-44b3-98ed-9b9b7959dfc4
2019-11-19 06:43:56,283 [Command processor thread] INFO  util.JmxRegister (JmxRegister.java:unregister(73)) - Successfully un-registered JMX Bean with object name Ratis:service=RaftServer,group=group-63141B3A448A,id=06308cbb-cab5-4d99-a124-e8d4e2a84d00
2019-11-19 06:43:56,283 [Command processor thread] INFO  impl.RoleInfo (RoleInfo.java:shutdownLeaderState(104)) - 22243ddb-b513-44b3-98ed-9b9b7959dfc4: shutdown LeaderState
2019-11-19 06:43:56,283 [Command processor thread] INFO  impl.RoleInfo (RoleInfo.java:shutdownFollowerState(121)) - 06308cbb-cab5-4d99-a124-e8d4e2a84d00: shutdown FollowerState
2019-11-19 06:43:56,284 [Command processor thread] INFO  impl.StateMachineUpdater (StateMachineUpdater.java:stopAndJoin(136)) - 06308cbb-cab5-4d99-a124-e8d4e2a84d00@group-63141B3A448A-StateMachineUpdater: set stopIndex = 77
2019-11-19 06:43:56,284 [Thread-217] INFO  impl.FollowerState (FollowerState.java:run(120)) - 06308cbb-cab5-4d99-a124-e8d4e2a84d00@group-63141B3A448A-FollowerState was interrupted: java.lang.InterruptedException: sleep interrupted
2019-11-19 06:43:56,288 [06308cbb-cab5-4d99-a124-e8d4e2a84d00@group-63141B3A448A-StateMachineUpdater] INFO  ratis.ContainerStateMachine (ContainerStateMachine.java:takeSnapshot(285)) - group-63141B3A448A: Taking a snapshot at:(t:2, i:75) file /workdir/hadoop-ozone/tools/target/test-dir/MiniOzoneClusterImpl-d7b29890-1406-4978-93e4-a093ee1b36d6/datanode-2/data/ratis/6d4298e5-0b3d-4ee2-940a-63141b3a448a/sm/snapshot.2_75
2019-11-19 06:43:56,290 [Command processor thread] INFO  impl.PendingRequests (PendingRequests.java:sendNotLeaderResponses(206)) - 22243ddb-b513-44b3-98ed-9b9b7959dfc4@group-63141B3A448A-PendingRequests: sendNotLeaderResponses
2019-11-19 06:43:56,290 [org.apache.ratis.server.impl.LogAppender$AppenderDaemon$$Lambda$530/1071147266@564bde40] WARN  server.GrpcLogAppender (GrpcLogAppender.java:mayWait(151)) - 22243ddb-b513-44b3-98ed-9b9b7959dfc4@group-63141B3A448A->06308cbb-cab5-4d99-a124-e8d4e2a84d00-GrpcLogAppender: Wait interrupted by java.lang.InterruptedException
2019-11-19 06:43:56,290 [org.apache.ratis.server.impl.LogAppender$AppenderDaemon$$Lambda$530/1071147266@470ec5f2] WARN  server.GrpcLogAppender (GrpcLogAppender.java:mayWait(151)) - 22243ddb-b513-44b3-98ed-9b9b7959dfc4@group-63141B3A448A->87ce0730-77f3-4eff-8325-458afec42df8-GrpcLogAppender: Wait interrupted by java.lang.InterruptedException
2019-11-19 06:43:56,295 [Command processor thread] INFO  impl.StateMachineUpdater (StateMachineUpdater.java:stopAndJoin(136)) - 22243ddb-b513-44b3-98ed-9b9b7959dfc4@group-63141B3A448A-StateMachineUpdater: set stopIndex = 77
2019-11-19 06:43:56,297 [22243ddb-b513-44b3-98ed-9b9b7959dfc4@group-63141B3A448A-StateMachineUpdater] INFO  ratis.ContainerStateMachine (ContainerStateMachine.java:takeSnapshot(285)) - group-63141B3A448A: Taking a snapshot at:(t:2, i:75) file /workdir/hadoop-ozone/tools/target/test-dir/MiniOzoneClusterImpl-d7b29890-1406-4978-93e4-a093ee1b36d6/datanode-1/data/ratis/6d4298e5-0b3d-4ee2-940a-63141b3a448a/sm/snapshot.2_75
2019-11-19 06:43:56,297 [grpc-default-executor-4] INFO  server.GrpcServerProtocolService (GrpcServerProtocolService.java:onCompleted(113)) - 87ce0730-77f3-4eff-8325-458afec42df8: Completed APPEND_ENTRIES, lastRequest: 22243ddb-b513-44b3-98ed-9b9b7959dfc4->87ce0730-77f3-4eff-8325-458afec42df8#81-t2, previous=(t:2, i:77), leaderCommit=77, initializing? false, entries: <empty>
2019-11-19 06:43:56,297 [grpc-default-executor-3] INFO  server.GrpcServerProtocolService (GrpcServerProtocolService.java:onCompleted(113)) - 06308cbb-cab5-4d99-a124-e8d4e2a84d00: Completed APPEND_ENTRIES, lastRequest: 22243ddb-b513-44b3-98ed-9b9b7959dfc4->06308cbb-cab5-4d99-a124-e8d4e2a84d00#81-t2, previous=(t:2, i:77), leaderCommit=77, initializing? false, entries: <empty>
2019-11-19 06:43:56,299 [grpc-default-executor-3] INFO  server.GrpcLogAppender (GrpcLogAppender.java:onCompleted(308)) - 22243ddb-b513-44b3-98ed-9b9b7959dfc4@group-63141B3A448A->06308cbb-cab5-4d99-a124-e8d4e2a84d00-AppendLogResponseHandler: follower responses appendEntries COMPLETED
2019-11-19 06:43:56,299 [grpc-default-executor-4] INFO  server.GrpcLogAppender (GrpcLogAppender.java:onCompleted(308)) - 22243ddb-b513-44b3-98ed-9b9b7959dfc4@group-63141B3A448A->87ce0730-77f3-4eff-8325-458afec42df8-AppendLogResponseHandler: follower responses appendEntries COMPLETED
2019-11-19 06:43:56,305 [grpc-default-executor-4] INFO  impl.FollowerInfo (FollowerInfo.java:lambda$new$0(51)) - 22243ddb-b513-44b3-98ed-9b9b7959dfc4@group-63141B3A448A->87ce0730-77f3-4eff-8325-458afec42df8: nextIndex: updateUnconditionally 78 -> 77
2019-11-19 06:43:56,305 [grpc-default-executor-3] INFO  impl.FollowerInfo (FollowerInfo.java:lambda$new$0(51)) - 22243ddb-b513-44b3-98ed-9b9b7959dfc4@group-63141B3A448A->06308cbb-cab5-4d99-a124-e8d4e2a84d00: nextIndex: updateUnconditionally 78 -> 77
2019-11-19 06:43:56,340 [06308cbb-cab5-4d99-a124-e8d4e2a84d00@group-63141B3A448A-StateMachineUpdater] INFO  ratis.ContainerStateMachine (ContainerStateMachine.java:takeSnapshot(296)) - group-63141B3A448A: Finished taking a snapshot at:(t:2, i:75) file:/workdir/hadoop-ozone/tools/target/test-dir/MiniOzoneClusterImpl-d7b29890-1406-4978-93e4-a093ee1b36d6/datanode-2/data/ratis/6d4298e5-0b3d-4ee2-940a-63141b3a448a/sm/snapshot.2_75 time:56
2019-11-19 06:43:56,340 [22243ddb-b513-44b3-98ed-9b9b7959dfc4@group-63141B3A448A-StateMachineUpdater] INFO  ratis.ContainerStateMachine (ContainerStateMachine.java:takeSnapshot(296)) - group-63141B3A448A: Finished taking a snapshot at:(t:2, i:75) file:/workdir/hadoop-ozone/tools/target/test-dir/MiniOzoneClusterImpl-d7b29890-1406-4978-93e4-a093ee1b36d6/datanode-1/data/ratis/6d4298e5-0b3d-4ee2-940a-63141b3a448a/sm/snapshot.2_75 time:44
2019-11-19 06:43:56,342 [06308cbb-cab5-4d99-a124-e8d4e2a84d00@group-63141B3A448A-StateMachineUpdater] INFO  impl.StateMachineUpdater (StateMachineUpdater.java:takeSnapshot(269)) - 06308cbb-cab5-4d99-a124-e8d4e2a84d00@group-63141B3A448A-StateMachineUpdater: Took a snapshot at index 75
2019-11-19 06:43:56,342 [22243ddb-b513-44b3-98ed-9b9b7959dfc4@group-63141B3A448A-StateMachineUpdater] INFO  impl.StateMachineUpdater (StateMachineUpdater.java:takeSnapshot(269)) - 22243ddb-b513-44b3-98ed-9b9b7959dfc4@group-63141B3A448A-StateMachineUpdater: Took a snapshot at index 75
2019-11-19 06:43:56,342 [06308cbb-cab5-4d99-a124-e8d4e2a84d00@group-63141B3A448A-StateMachineUpdater] INFO  impl.StateMachineUpdater (StateMachineUpdater.java:lambda$new$0(84)) - 06308cbb-cab5-4d99-a124-e8d4e2a84d00@group-63141B3A448A-StateMachineUpdater: snapshotIndex: updateIncreasingly -1 -> 75
2019-11-19 06:43:56,342 [22243ddb-b513-44b3-98ed-9b9b7959dfc4@group-63141B3A448A-StateMachineUpdater] INFO  impl.StateMachineUpdater (StateMachineUpdater.java:lambda$new$0(84)) - 22243ddb-b513-44b3-98ed-9b9b7959dfc4@group-63141B3A448A-StateMachineUpdater: snapshotIndex: updateIncreasingly -1 -> 75
2019-11-19 06:43:56,348 [06308cbb-cab5-4d99-a124-e8d4e2a84d00@group-63141B3A448A-StateMachineUpdater] INFO  ratis.ContainerStateMachine (ContainerStateMachine.java:takeSnapshot(285)) - group-63141B3A448A: Taking a snapshot at:(t:2, i:75) file /workdir/hadoop-ozone/tools/target/test-dir/MiniOzoneClusterImpl-d7b29890-1406-4978-93e4-a093ee1b36d6/datanode-2/data/ratis/6d4298e5-0b3d-4ee2-940a-63141b3a448a/sm/snapshot.2_75
2019-11-19 06:43:56,348 [22243ddb-b513-44b3-98ed-9b9b7959dfc4@group-63141B3A448A-StateMachineUpdater] INFO  ratis.ContainerStateMachine (ContainerStateMachine.java:takeSnapshot(285)) - group-63141B3A448A: Taking a snapshot at:(t:2, i:75) file /workdir/hadoop-ozone/tools/target/test-dir/MiniOzoneClusterImpl-d7b29890-1406-4978-93e4-a093ee1b36d6/datanode-1/data/ratis/6d4298e5-0b3d-4ee2-940a-63141b3a448a/sm/snapshot.2_75
2019-11-19 06:43:56,371 [22243ddb-b513-44b3-98ed-9b9b7959dfc4@group-63141B3A448A-StateMachineUpdater] INFO  ratis.ContainerStateMachine (ContainerStateMachine.java:takeSnapshot(296)) - group-63141B3A448A: Finished taking a snapshot at:(t:2, i:75) file:/workdir/hadoop-ozone/tools/target/test-dir/MiniOzoneClusterImpl-d7b29890-1406-4978-93e4-a093ee1b36d6/datanode-1/data/ratis/6d4298e5-0b3d-4ee2-940a-63141b3a448a/sm/snapshot.2_75 time:23
2019-11-19 06:43:56,371 [06308cbb-cab5-4d99-a124-e8d4e2a84d00@group-63141B3A448A-StateMachineUpdater] INFO  ratis.ContainerStateMachine (ContainerStateMachine.java:takeSnapshot(296)) - group-63141B3A448A: Finished taking a snapshot at:(t:2, i:75) file:/workdir/hadoop-ozone/tools/target/test-dir/MiniOzoneClusterImpl-d7b29890-1406-4978-93e4-a093ee1b36d6/datanode-2/data/ratis/6d4298e5-0b3d-4ee2-940a-63141b3a448a/sm/snapshot.2_75 time:23
2019-11-19 06:43:56,371 [22243ddb-b513-44b3-98ed-9b9b7959dfc4@group-63141B3A448A-StateMachineUpdater] INFO  impl.StateMachineUpdater (StateMachineUpdater.java:takeSnapshot(269)) - 22243ddb-b513-44b3-98ed-9b9b7959dfc4@group-63141B3A448A-StateMachineUpdater: Took a snapshot at index 75
2019-11-19 06:43:56,371 [06308cbb-cab5-4d99-a124-e8d4e2a84d00@group-63141B3A448A-StateMachineUpdater] INFO  impl.StateMachineUpdater (StateMachineUpdater.java:takeSnapshot(269)) - 06308cbb-cab5-4d99-a124-e8d4e2a84d00@group-63141B3A448A-StateMachineUpdater: Took a snapshot at index 75
2019-11-19 06:43:56,371 [22243ddb-b513-44b3-98ed-9b9b7959dfc4@group-63141B3A448A-StateMachineUpdater] INFO  impl.StateMachineUpdater (StateMachineUpdater.java:lambda$new$0(84)) - 22243ddb-b513-44b3-98ed-9b9b7959dfc4@group-63141B3A448A-StateMachineUpdater: snapshotIndex: updateIncreasingly 75 -> 75
2019-11-19 06:43:56,371 [06308cbb-cab5-4d99-a124-e8d4e2a84d00@group-63141B3A448A-StateMachineUpdater] INFO  impl.StateMachineUpdater (StateMachineUpdater.java:lambda$new$0(84)) - 06308cbb-cab5-4d99-a124-e8d4e2a84d00@group-63141B3A448A-StateMachineUpdater: snapshotIndex: updateIncreasingly 75 -> 75
2019-11-19 06:43:56,372 [Command processor thread] INFO  impl.RaftServerImpl (ServerState.java:close(387)) - 22243ddb-b513-44b3-98ed-9b9b7959dfc4@group-63141B3A448A: closes. applyIndex: 77
2019-11-19 06:43:56,372 [Command processor thread] INFO  impl.RaftServerImpl (ServerState.java:close(387)) - 06308cbb-cab5-4d99-a124-e8d4e2a84d00@group-63141B3A448A: closes. applyIndex: 77
2019-11-19 06:43:56,374 [22243ddb-b513-44b3-98ed-9b9b7959dfc4@group-63141B3A448A-SegmentedRaftLogWorker] INFO  segmented.SegmentedRaftLogWorker (SegmentedRaftLogWorker.java:run(316)) - 22243ddb-b513-44b3-98ed-9b9b7959dfc4@group-63141B3A448A-SegmentedRaftLogWorker was interrupted, exiting. There are 0 tasks remaining in the queue.
2019-11-19 06:43:56,374 [06308cbb-cab5-4d99-a124-e8d4e2a84d00@group-63141B3A448A-SegmentedRaftLogWorker] INFO  segmented.SegmentedRaftLogWorker (SegmentedRaftLogWorker.java:run(316)) - 06308cbb-cab5-4d99-a124-e8d4e2a84d00@group-63141B3A448A-SegmentedRaftLogWorker was interrupted, exiting. There are 0 tasks remaining in the queue.
2019-11-19 06:43:56,376 [Command processor thread] INFO  segmented.SegmentedRaftLogWorker (SegmentedRaftLogWorker.java:close(224)) - 06308cbb-cab5-4d99-a124-e8d4e2a84d00@group-63141B3A448A-SegmentedRaftLogWorker close()
2019-11-19 06:43:56,376 [Command processor thread] INFO  segmented.SegmentedRaftLogWorker (SegmentedRaftLogWorker.java:close(224)) - 22243ddb-b513-44b3-98ed-9b9b7959dfc4@group-63141B3A448A-SegmentedRaftLogWorker close()
2019-11-19 06:43:56,432 [Command processor thread] INFO  interfaces.Container (KeyValueContainer.java:flushAndSyncDB(400)) - Container 1 is synced with bcsId 59.
2019-11-19 06:43:56,432 [Command processor thread] INFO  interfaces.Container (KeyValueContainer.java:flushAndSyncDB(400)) - Container 1 is synced with bcsId 59.
2019-11-19 06:43:56,433 [Command processor thread] INFO  interfaces.Container (KeyValueContainer.java:flushAndSyncDB(400)) - Container 1 is synced with bcsId 59.
2019-11-19 06:43:56,433 [Command processor thread] INFO  interfaces.Container (KeyValueContainer.java:flushAndSyncDB(400)) - Container 1 is synced with bcsId 59.
 0.00% |?                                                                                                    |  0/1 Time: 0:00:022019-11-19 06:43:56,471 [EventQueue-IncrementalContainerReportForIncrementalContainerReportHandler] INFO  container.IncrementalContainerReportHandler (AbstractContainerReportHandler.java:updateContainerState(171)) - Moving container #1 to QUASI_CLOSED state, datanode 06308cbb-cab5-4d99-a124-e8d4e2a84d00{ip: 192.168.157.217, host: pr-hdds-2509-crl9f-1365347269, networkLocation: /default-rack, certSerialId: null} reported QUASI_CLOSED replica.
2019-11-19 06:43:56,520 [Command processor thread] INFO  interfaces.Container (KeyValueContainer.java:flushAndSyncDB(400)) - Container 2 is synced with bcsId 75.
2019-11-19 06:43:56,520 [Command processor thread] INFO  interfaces.Container (KeyValueContainer.java:flushAndSyncDB(400)) - Container 2 is synced with bcsId 75.
2019-11-19 06:43:56,521 [Command processor thread] INFO  interfaces.Container (KeyValueContainer.java:flushAndSyncDB(400)) - Container 2 is synced with bcsId 75.
2019-11-19 06:43:56,521 [Command processor thread] INFO  interfaces.Container (KeyValueContainer.java:flushAndSyncDB(400)) - Container 2 is synced with bcsId 75.
2019-11-19 06:43:56,547 [EventQueue-IncrementalContainerReportForIncrementalContainerReportHandler] INFO  container.IncrementalContainerReportHandler (AbstractContainerReportHandler.java:updateContainerState(171)) - Moving container #2 to QUASI_CLOSED state, datanode 22243ddb-b513-44b3-98ed-9b9b7959dfc4{ip: 192.168.157.217, host: pr-hdds-2509-crl9f-1365347269, networkLocation: /default-rack, certSerialId: null} reported QUASI_CLOSED replica.
2019-11-19 06:43:56,597 [Command processor thread] INFO  interfaces.Container (KeyValueContainer.java:flushAndSyncDB(400)) - Container 3 is synced with bcsId 41.
2019-11-19 06:43:56,597 [Command processor thread] INFO  interfaces.Container (KeyValueContainer.java:flushAndSyncDB(400)) - Container 3 is synced with bcsId 41.
2019-11-19 06:43:56,597 [Command processor thread] INFO  interfaces.Container (KeyValueContainer.java:flushAndSyncDB(400)) - Container 3 is synced with bcsId 41.
2019-11-19 06:43:56,597 [Command processor thread] INFO  interfaces.Container (KeyValueContainer.java:flushAndSyncDB(400)) - Container 3 is synced with bcsId 41.
2019-11-19 06:43:56,623 [Command processor thread] INFO  commandhandler.ClosePipelineCommandHandler (ClosePipelineCommandHandler.java:handle(78)) - Close Pipeline #id: "6d4298e5-0b3d-4ee2-940a-63141b3a448a"
 command on datanode #22243ddb-b513-44b3-98ed-9b9b7959dfc4.
2019-11-19 06:43:56,623 [Command processor thread] INFO  commandhandler.ClosePipelineCommandHandler (ClosePipelineCommandHandler.java:handle(78)) - Close Pipeline #id: "6d4298e5-0b3d-4ee2-940a-63141b3a448a"
 command on datanode #06308cbb-cab5-4d99-a124-e8d4e2a84d00.
2019-11-19 06:43:56,625 [EventQueue-IncrementalContainerReportForIncrementalContainerReportHandler] INFO  container.IncrementalContainerReportHandler (AbstractContainerReportHandler.java:updateContainerState(171)) - Moving container #3 to QUASI_CLOSED state, datanode 06308cbb-cab5-4d99-a124-e8d4e2a84d00{ip: 192.168.157.217, host: pr-hdds-2509-crl9f-1365347269, networkLocation: /default-rack, certSerialId: null} reported QUASI_CLOSED replica.
2019-11-19 06:43:56,625 [Command processor thread] INFO  impl.RaftServerProxy (RaftServerProxy.java:addNew(89)) - 06308cbb-cab5-4d99-a124-e8d4e2a84d00: addNew group-03AC1EC648C4:[22243ddb-b513-44b3-98ed-9b9b7959dfc4:192.168.157.217:33362, 06308cbb-cab5-4d99-a124-e8d4e2a84d00:192.168.157.217:37591, 87ce0730-77f3-4eff-8325-458afec42df8:192.168.157.217:39104] returns group-03AC1EC648C4:java.util.concurrent.CompletableFuture@28d57247[Not completed]
2019-11-19 06:43:56,625 [Command processor thread] INFO  impl.RaftServerProxy (RaftServerProxy.java:addNew(89)) - 22243ddb-b513-44b3-98ed-9b9b7959dfc4: addNew group-03AC1EC648C4:[22243ddb-b513-44b3-98ed-9b9b7959dfc4:192.168.157.217:33362, 06308cbb-cab5-4d99-a124-e8d4e2a84d00:192.168.157.217:37591, 87ce0730-77f3-4eff-8325-458afec42df8:192.168.157.217:39104] returns group-03AC1EC648C4:java.util.concurrent.CompletableFuture@31134e53[Not completed]
2019-11-19 06:43:56,628 [pool-37-thread-1] INFO  impl.RaftServerImpl (RaftServerImpl.java:<init>(98)) - 22243ddb-b513-44b3-98ed-9b9b7959dfc4: new RaftServerImpl for group-03AC1EC648C4:[22243ddb-b513-44b3-98ed-9b9b7959dfc4:192.168.157.217:33362, 06308cbb-cab5-4d99-a124-e8d4e2a84d00:192.168.157.217:37591, 87ce0730-77f3-4eff-8325-458afec42df8:192.168.157.217:39104] with ContainerStateMachine:uninitialized
2019-11-19 06:43:56,628 [pool-37-thread-1] INFO  server.RaftServerConfigKeys (ConfUtils.java:logGet(43)) - raft.server.rpc.timeout.min = 5s (custom)
2019-11-19 06:43:56,628 [pool-37-thread-1] INFO  server.RaftServerConfigKeys (ConfUtils.java:logGet(43)) - raft.server.rpc.timeout.max = 5200ms (custom)
2019-11-19 06:43:56,628 [pool-37-thread-1] INFO  server.RaftServerConfigKeys (ConfUtils.java:logGet(43)) - raft.server.rpcslowness.timeout = 120s (custom)
2019-11-19 06:43:56,628 [pool-37-thread-1] INFO  server.RaftServerConfigKeys (ConfUtils.java:logGet(43)) - raft.server.sleep.deviation.threshold = 300 (default)
2019-11-19 06:43:56,628 [pool-37-thread-1] INFO  server.RaftServerConfigKeys (ConfUtils.java:logGet(43)) - raft.server.log.appender.install.snapshot.enabled = false (custom)
2019-11-19 06:43:56,629 [pool-37-thread-1] INFO  impl.RaftServerImpl (ServerState.java:<init>(103)) - 22243ddb-b513-44b3-98ed-9b9b7959dfc4@group-03AC1EC648C4: ConfigurationManager, init=-1: [22243ddb-b513-44b3-98ed-9b9b7959dfc4:192.168.157.217:33362, 06308cbb-cab5-4d99-a124-e8d4e2a84d00:192.168.157.217:37591, 87ce0730-77f3-4eff-8325-458afec42df8:192.168.157.217:39104], old=null, confs=<EMPTY_MAP>
2019-11-19 06:43:56,629 [pool-37-thread-1] INFO  server.RaftServerConfigKeys (ConfUtils.java:logGet(43)) - raft.server.storage.dir = [/workdir/hadoop-ozone/tools/target/test-dir/MiniOzoneClusterImpl-d7b29890-1406-4978-93e4-a093ee1b36d6/datanode-1/data/ratis] (custom)
2019-11-19 06:43:56,629 [pool-37-thread-1] INFO  server.RaftServerConfigKeys (ConfUtils.java:logGet(43)) - raft.server.log.corruption.policy = EXCEPTION (default)
2019-11-19 06:43:56,629 [pool-47-thread-1] INFO  impl.RaftServerImpl (RaftServerImpl.java:<init>(98)) - 06308cbb-cab5-4d99-a124-e8d4e2a84d00: new RaftServerImpl for group-03AC1EC648C4:[22243ddb-b513-44b3-98ed-9b9b7959dfc4:192.168.157.217:33362, 06308cbb-cab5-4d99-a124-e8d4e2a84d00:192.168.157.217:37591, 87ce0730-77f3-4eff-8325-458afec42df8:192.168.157.217:39104] with ContainerStateMachine:uninitialized
2019-11-19 06:43:56,629 [pool-37-thread-1] INFO  storage.RaftStorageDirectory (RaftStorageDirectory.java:analyzeStorage(246)) - The storage directory /workdir/hadoop-ozone/tools/target/test-dir/MiniOzoneClusterImpl-d7b29890-1406-4978-93e4-a093ee1b36d6/datanode-1/data/ratis/fb55476b-2dd7-4c2f-9aac-03ac1ec648c4 does not exist. Creating ...
2019-11-19 06:43:56,630 [pool-47-thread-1] INFO  server.RaftServerConfigKeys (ConfUtils.java:logGet(43)) - raft.server.rpc.timeout.min = 5s (custom)
2019-11-19 06:43:56,630 [pool-47-thread-1] INFO  server.RaftServerConfigKeys (ConfUtils.java:logGet(43)) - raft.server.rpc.timeout.max = 5200ms (custom)
2019-11-19 06:43:56,630 [pool-47-thread-1] INFO  server.RaftServerConfigKeys (ConfUtils.java:logGet(43)) - raft.server.rpcslowness.timeout = 120s (custom)
2019-11-19 06:43:56,630 [pool-47-thread-1] INFO  server.RaftServerConfigKeys (ConfUtils.java:logGet(43)) - raft.server.sleep.deviation.threshold = 300 (default)
2019-11-19 06:43:56,630 [pool-47-thread-1] INFO  server.RaftServerConfigKeys (ConfUtils.java:logGet(43)) - raft.server.log.appender.install.snapshot.enabled = false (custom)
2019-11-19 06:43:56,630 [pool-47-thread-1] INFO  impl.RaftServerImpl (ServerState.java:<init>(103)) - 06308cbb-cab5-4d99-a124-e8d4e2a84d00@group-03AC1EC648C4: ConfigurationManager, init=-1: [22243ddb-b513-44b3-98ed-9b9b7959dfc4:192.168.157.217:33362, 06308cbb-cab5-4d99-a124-e8d4e2a84d00:192.168.157.217:37591, 87ce0730-77f3-4eff-8325-458afec42df8:192.168.157.217:39104], old=null, confs=<EMPTY_MAP>
2019-11-19 06:43:56,631 [pool-47-thread-1] INFO  server.RaftServerConfigKeys (ConfUtils.java:logGet(43)) - raft.server.storage.dir = [/workdir/hadoop-ozone/tools/target/test-dir/MiniOzoneClusterImpl-d7b29890-1406-4978-93e4-a093ee1b36d6/datanode-2/data/ratis] (custom)
2019-11-19 06:43:56,631 [pool-47-thread-1] INFO  server.RaftServerConfigKeys (ConfUtils.java:logGet(43)) - raft.server.log.corruption.policy = EXCEPTION (default)
2019-11-19 06:43:56,631 [pool-47-thread-1] INFO  storage.RaftStorageDirectory (RaftStorageDirectory.java:analyzeStorage(246)) - The storage directory /workdir/hadoop-ozone/tools/target/test-dir/MiniOzoneClusterImpl-d7b29890-1406-4978-93e4-a093ee1b36d6/datanode-2/data/ratis/fb55476b-2dd7-4c2f-9aac-03ac1ec648c4 does not exist. Creating ...
2019-11-19 06:43:56,656 [pool-47-thread-1] INFO  storage.RaftStorageDirectory (RaftStorageDirectory.java:tryLock(328)) - Lock on /workdir/hadoop-ozone/tools/target/test-dir/MiniOzoneClusterImpl-d7b29890-1406-4978-93e4-a093ee1b36d6/datanode-2/data/ratis/fb55476b-2dd7-4c2f-9aac-03ac1ec648c4/in_use.lock acquired by nodename 31644@pr-hdds-2509-crl9f-1365347269
2019-11-19 06:43:56,656 [pool-37-thread-1] INFO  storage.RaftStorageDirectory (RaftStorageDirectory.java:tryLock(328)) - Lock on /workdir/hadoop-ozone/tools/target/test-dir/MiniOzoneClusterImpl-d7b29890-1406-4978-93e4-a093ee1b36d6/datanode-1/data/ratis/fb55476b-2dd7-4c2f-9aac-03ac1ec648c4/in_use.lock acquired by nodename 31644@pr-hdds-2509-crl9f-1365347269
2019-11-19 06:43:56,682 [pool-37-thread-1] INFO  storage.RaftStorage (RaftStorage.java:format(84)) - Storage directory /workdir/hadoop-ozone/tools/target/test-dir/MiniOzoneClusterImpl-d7b29890-1406-4978-93e4-a093ee1b36d6/datanode-1/data/ratis/fb55476b-2dd7-4c2f-9aac-03ac1ec648c4 has been successfully formatted.
2019-11-19 06:43:56,682 [pool-47-thread-1] INFO  storage.RaftStorage (RaftStorage.java:format(84)) - Storage directory /workdir/hadoop-ozone/tools/target/test-dir/MiniOzoneClusterImpl-d7b29890-1406-4978-93e4-a093ee1b36d6/datanode-2/data/ratis/fb55476b-2dd7-4c2f-9aac-03ac1ec648c4 has been successfully formatted.
2019-11-19 06:43:56,683 [pool-37-thread-1] INFO  ratis.ContainerStateMachine (ContainerStateMachine.java:loadSnapshot(223)) - group-03AC1EC648C4: The snapshot info is null. Setting the last applied indexto:(t:0, i:~)
2019-11-19 06:43:56,683 [pool-47-thread-1] INFO  ratis.ContainerStateMachine (ContainerStateMachine.java:loadSnapshot(223)) - group-03AC1EC648C4: The snapshot info is null. Setting the last applied indexto:(t:0, i:~)
2019-11-19 06:43:56,683 [pool-37-thread-1] INFO  server.RaftServerConfigKeys (ConfUtils.java:logGet(43)) - raft.server.notification.no-leader.timeout = 120s (custom)
2019-11-19 06:43:56,683 [pool-47-thread-1] INFO  server.RaftServerConfigKeys (ConfUtils.java:logGet(43)) - raft.server.notification.no-leader.timeout = 120s (custom)
2019-11-19 06:43:56,683 [pool-37-thread-1] INFO  server.RaftServerConfigKeys (ConfUtils.java:logGet(43)) - raft.server.log.use.memory = false (default)
2019-11-19 06:43:56,683 [pool-47-thread-1] INFO  server.RaftServerConfigKeys (ConfUtils.java:logGet(43)) - raft.server.log.use.memory = false (default)
2019-11-19 06:43:56,683 [pool-37-thread-1] INFO  server.RaftServerConfigKeys (ConfUtils.java:logGet(43)) - raft.server.log.purge.gap = 1000000 (custom)
2019-11-19 06:43:56,683 [pool-47-thread-1] INFO  server.RaftServerConfigKeys (ConfUtils.java:logGet(43)) - raft.server.log.purge.gap = 1000000 (custom)
2019-11-19 06:43:56,684 [pool-37-thread-1] INFO  server.RaftServerConfigKeys (ConfUtils.java:logGet(43)) - raft.server.log.appender.buffer.byte-limit = 33554432 (custom)
2019-11-19 06:43:56,684 [pool-47-thread-1] INFO  server.RaftServerConfigKeys (ConfUtils.java:logGet(43)) - raft.server.log.appender.buffer.byte-limit = 33554432 (custom)
2019-11-19 06:43:56,684 [pool-37-thread-1] INFO  server.RaftServerConfigKeys (ConfUtils.java:logGet(43)) - raft.server.log.segment.size.max = 1048576 (custom)
2019-11-19 06:43:56,684 [pool-47-thread-1] INFO  server.RaftServerConfigKeys (ConfUtils.java:logGet(43)) - raft.server.log.segment.size.max = 1048576 (custom)
2019-11-19 06:43:56,684 [pool-37-thread-1] INFO  server.RaftServerConfigKeys (ConfUtils.java:logGet(43)) - raft.server.log.segment.cache.num.max = 2 (custom)
2019-11-19 06:43:56,684 [pool-47-thread-1] INFO  server.RaftServerConfigKeys (ConfUtils.java:logGet(43)) - raft.server.log.segment.cache.num.max = 2 (custom)
2019-11-19 06:43:56,684 [pool-37-thread-1] INFO  segmented.SegmentedRaftLogWorker (SegmentedRaftLogWorker.java:<init>(173)) - new 22243ddb-b513-44b3-98ed-9b9b7959dfc4@group-03AC1EC648C4-SegmentedRaftLogWorker for RaftStorage:Storage Directory /workdir/hadoop-ozone/tools/target/test-dir/MiniOzoneClusterImpl-d7b29890-1406-4978-93e4-a093ee1b36d6/datanode-1/data/ratis/fb55476b-2dd7-4c2f-9aac-03ac1ec648c4
2019-11-19 06:43:56,685 [pool-47-thread-1] INFO  segmented.SegmentedRaftLogWorker (SegmentedRaftLogWorker.java:<init>(173)) - new 06308cbb-cab5-4d99-a124-e8d4e2a84d00@group-03AC1EC648C4-SegmentedRaftLogWorker for RaftStorage:Storage Directory /workdir/hadoop-ozone/tools/target/test-dir/MiniOzoneClusterImpl-d7b29890-1406-4978-93e4-a093ee1b36d6/datanode-2/data/ratis/fb55476b-2dd7-4c2f-9aac-03ac1ec648c4
2019-11-19 06:43:56,685 [pool-37-thread-1] INFO  server.RaftServerConfigKeys (ConfUtils.java:logGet(43)) - raft.server.log.queue.byte-limit = 2147483647 (custom)
2019-11-19 06:43:56,685 [pool-47-thread-1] INFO  server.RaftServerConfigKeys (ConfUtils.java:logGet(43)) - raft.server.log.queue.byte-limit = 2147483647 (custom)
2019-11-19 06:43:56,685 [pool-37-thread-1] INFO  server.RaftServerConfigKeys (ConfUtils.java:logGet(43)) - raft.server.log.queue.element-limit = 1024 (custom)
2019-11-19 06:43:56,685 [pool-47-thread-1] INFO  server.RaftServerConfigKeys (ConfUtils.java:logGet(43)) - raft.server.log.queue.element-limit = 1024 (custom)
2019-11-19 06:43:56,685 [pool-37-thread-1] INFO  server.RaftServerConfigKeys (ConfUtils.java:logGet(43)) - raft.server.log.segment.size.max = 1048576 (custom)
2019-11-19 06:43:56,685 [pool-47-thread-1] INFO  server.RaftServerConfigKeys (ConfUtils.java:logGet(43)) - raft.server.log.segment.size.max = 1048576 (custom)
2019-11-19 06:43:56,686 [pool-37-thread-1] INFO  server.RaftServerConfigKeys (ConfUtils.java:logGet(43)) - raft.server.log.preallocated.size = 16384 (custom)
2019-11-19 06:43:56,686 [pool-47-thread-1] INFO  server.RaftServerConfigKeys (ConfUtils.java:logGet(43)) - raft.server.log.preallocated.size = 16384 (custom)
2019-11-19 06:43:56,686 [pool-37-thread-1] INFO  server.RaftServerConfigKeys (ConfUtils.java:logGet(43)) - raft.server.log.write.buffer.size = 33554432 (custom)
2019-11-19 06:43:56,686 [pool-47-thread-1] INFO  server.RaftServerConfigKeys (ConfUtils.java:logGet(43)) - raft.server.log.write.buffer.size = 33554432 (custom)
2019-11-19 06:43:56,686 [pool-37-thread-1] INFO  server.RaftServerConfigKeys (ConfUtils.java:logGet(43)) - raft.server.log.force.sync.num = 128 (default)
2019-11-19 06:43:56,686 [pool-47-thread-1] INFO  server.RaftServerConfigKeys (ConfUtils.java:logGet(43)) - raft.server.log.force.sync.num = 128 (default)
2019-11-19 06:43:56,686 [pool-37-thread-1] INFO  server.RaftServerConfigKeys (ConfUtils.java:logGet(43)) - raft.server.log.statemachine.data.sync = true (default)
2019-11-19 06:43:56,687 [pool-47-thread-1] INFO  server.RaftServerConfigKeys (ConfUtils.java:logGet(43)) - raft.server.log.statemachine.data.sync = true (default)
2019-11-19 06:43:56,687 [pool-37-thread-1] INFO  server.RaftServerConfigKeys (ConfUtils.java:logGet(43)) - raft.server.log.statemachine.data.sync.timeout = 10s (default)
2019-11-19 06:43:56,687 [pool-47-thread-1] INFO  server.RaftServerConfigKeys (ConfUtils.java:logGet(43)) - raft.server.log.statemachine.data.sync.timeout = 10s (default)
2019-11-19 06:43:56,687 [pool-37-thread-1] INFO  server.RaftServerConfigKeys (ConfUtils.java:logGet(43)) - raft.server.log.statemachine.data.sync.timeout.retry = -1 (default)
2019-11-19 06:43:56,687 [pool-47-thread-1] INFO  server.RaftServerConfigKeys (ConfUtils.java:logGet(43)) - raft.server.log.statemachine.data.sync.timeout.retry = -1 (default)
2019-11-19 06:43:56,687 [pool-37-thread-1] INFO  server.RaftServerConfigKeys (ConfUtils.java:logGet(43)) - raft.server.log.statemachine.data.caching.enabled = true (custom)
2019-11-19 06:43:56,688 [pool-47-thread-1] INFO  server.RaftServerConfigKeys (ConfUtils.java:logGet(43)) - raft.server.log.statemachine.data.caching.enabled = true (custom)
2019-11-19 06:43:56,688 [pool-37-thread-1] INFO  segmented.SegmentedRaftLogWorker (SegmentedRaftLogWorker.java:lambda$new$0(128)) - 22243ddb-b513-44b3-98ed-9b9b7959dfc4@group-03AC1EC648C4-SegmentedRaftLogWorker: flushIndex: setUnconditionally 0 -> -1
2019-11-19 06:43:56,688 [pool-47-thread-1] INFO  segmented.SegmentedRaftLogWorker (SegmentedRaftLogWorker.java:lambda$new$0(128)) - 06308cbb-cab5-4d99-a124-e8d4e2a84d00@group-03AC1EC648C4-SegmentedRaftLogWorker: flushIndex: setUnconditionally 0 -> -1
2019-11-19 06:43:56,688 [pool-37-thread-1] INFO  server.RaftServerConfigKeys (ConfUtils.java:logGet(43)) - raft.server.snapshot.auto.trigger.enabled = true (custom)
2019-11-19 06:43:56,688 [pool-37-thread-1] INFO  server.RaftServerConfigKeys (ConfUtils.java:logGet(43)) - raft.server.snapshot.auto.trigger.threshold = 10000 (custom)
2019-11-19 06:43:56,688 [pool-47-thread-1] INFO  server.RaftServerConfigKeys (ConfUtils.java:logGet(43)) - raft.server.snapshot.auto.trigger.enabled = true (custom)
2019-11-19 06:43:56,689 [pool-37-thread-1] INFO  server.RaftServerConfigKeys (ConfUtils.java:logGet(43)) - raft.server.snapshot.retention.file.num = 5 (custom)
2019-11-19 06:43:56,689 [pool-47-thread-1] INFO  server.RaftServerConfigKeys (ConfUtils.java:logGet(43)) - raft.server.snapshot.auto.trigger.threshold = 10000 (custom)
2019-11-19 06:43:56,689 [pool-37-thread-1] INFO  server.RaftServerConfigKeys (ConfUtils.java:logGet(43)) - raft.server.retrycache.expirytime = 600000ms (custom)
2019-11-19 06:43:56,689 [pool-47-thread-1] INFO  server.RaftServerConfigKeys (ConfUtils.java:logGet(43)) - raft.server.snapshot.retention.file.num = 5 (custom)
2019-11-19 06:43:56,689 [pool-37-thread-1] WARN  impl.MetricRegistriesImpl (MetricRegistriesImpl.java:lambda$create$1(61)) - First MetricRegistry has been created without registering reporters. You may need to call MetricRegistries.global().addReportRegistration(...) before.
2019-11-19 06:43:56,689 [pool-47-thread-1] INFO  server.RaftServerConfigKeys (ConfUtils.java:logGet(43)) - raft.server.retrycache.expirytime = 600000ms (custom)
2019-11-19 06:43:56,690 [pool-37-thread-1] WARN  impl.MetricRegistriesImpl (MetricRegistriesImpl.java:lambda$create$1(61)) - First MetricRegistry has been created without registering reporters. You may need to call MetricRegistries.global().addReportRegistration(...) before.
2019-11-19 06:43:56,690 [pool-47-thread-1] WARN  impl.MetricRegistriesImpl (MetricRegistriesImpl.java:lambda$create$1(61)) - First MetricRegistry has been created without registering reporters. You may need to call MetricRegistries.global().addReportRegistration(...) before.
2019-11-19 06:43:56,691 [pool-47-thread-1] WARN  impl.MetricRegistriesImpl (MetricRegistriesImpl.java:lambda$create$1(61)) - First MetricRegistry has been created without registering reporters. You may need to call MetricRegistries.global().addReportRegistration(...) before.
2019-11-19 06:43:56,691 [pool-37-thread-1] INFO  impl.RaftServerImpl (RaftServerImpl.java:start(184)) - 22243ddb-b513-44b3-98ed-9b9b7959dfc4@group-03AC1EC648C4: start as a follower, conf=-1: [22243ddb-b513-44b3-98ed-9b9b7959dfc4:192.168.157.217:33362, 06308cbb-cab5-4d99-a124-e8d4e2a84d00:192.168.157.217:37591, 87ce0730-77f3-4eff-8325-458afec42df8:192.168.157.217:39104], old=null
2019-11-19 06:43:56,692 [pool-37-thread-1] INFO  impl.RaftServerImpl (RaftServerImpl.java:setRole(173)) - 22243ddb-b513-44b3-98ed-9b9b7959dfc4@group-03AC1EC648C4: changes role from      null to FOLLOWER at term 0 for startAsFollower
2019-11-19 06:43:56,692 [pool-47-thread-1] INFO  impl.RaftServerImpl (RaftServerImpl.java:start(184)) - 06308cbb-cab5-4d99-a124-e8d4e2a84d00@group-03AC1EC648C4: start as a follower, conf=-1: [22243ddb-b513-44b3-98ed-9b9b7959dfc4:192.168.157.217:33362, 06308cbb-cab5-4d99-a124-e8d4e2a84d00:192.168.157.217:37591, 87ce0730-77f3-4eff-8325-458afec42df8:192.168.157.217:39104], old=null
2019-11-19 06:43:56,692 [pool-37-thread-1] INFO  impl.RoleInfo (RoleInfo.java:updateAndGet(143)) - 22243ddb-b513-44b3-98ed-9b9b7959dfc4: start FollowerState
2019-11-19 06:43:56,692 [pool-47-thread-1] INFO  impl.RaftServerImpl (RaftServerImpl.java:setRole(173)) - 06308cbb-cab5-4d99-a124-e8d4e2a84d00@group-03AC1EC648C4: changes role from      null to FOLLOWER at term 0 for startAsFollower
2019-11-19 06:43:56,692 [pool-47-thread-1] INFO  impl.RoleInfo (RoleInfo.java:updateAndGet(143)) - 06308cbb-cab5-4d99-a124-e8d4e2a84d00: start FollowerState
2019-11-19 06:43:56,692 [pool-37-thread-1] INFO  util.JmxRegister (JmxRegister.java:tryRegister(44)) - Successfully registered JMX Bean with object name Ratis:service=RaftServer,group=group-03AC1EC648C4,id=22243ddb-b513-44b3-98ed-9b9b7959dfc4
2019-11-19 06:43:56,693 [pool-37-thread-1] WARN  impl.MetricRegistriesImpl (MetricRegistriesImpl.java:lambda$create$1(61)) - First MetricRegistry has been created without registering reporters. You may need to call MetricRegistries.global().addReportRegistration(...) before.
2019-11-19 06:43:56,693 [pool-47-thread-1] INFO  util.JmxRegister (JmxRegister.java:tryRegister(44)) - Successfully registered JMX Bean with object name Ratis:service=RaftServer,group=group-03AC1EC648C4,id=06308cbb-cab5-4d99-a124-e8d4e2a84d00
2019-11-19 06:43:56,693 [pool-47-thread-1] WARN  impl.MetricRegistriesImpl (MetricRegistriesImpl.java:lambda$create$1(61)) - First MetricRegistry has been created without registering reporters. You may need to call MetricRegistries.global().addReportRegistration(...) before.
2019-11-19 06:43:56,693 [Command processor thread] INFO  commandhandler.CreatePipelineCommandHandler (CreatePipelineCommandHandler.java:handle(86)) - Create Pipeline RATIS THREE #id: "fb55476b-2dd7-4c2f-9aac-03ac1ec648c4"
 command succeed on datanode 22243ddb-b513-44b3-98ed-9b9b7959dfc4.
2019-11-19 06:43:56,693 [Command processor thread] INFO  commandhandler.CreatePipelineCommandHandler (CreatePipelineCommandHandler.java:handle(86)) - Create Pipeline RATIS THREE #id: "fb55476b-2dd7-4c2f-9aac-03ac1ec648c4"
 command succeed on datanode 06308cbb-cab5-4d99-a124-e8d4e2a84d00.
2019-11-19 06:43:56,695 [EventQueue-PipelineReportForPipelineReportHandler] INFO  pipeline.PipelineReportHandler (PipelineReportHandler.java:processPipelineReport(113)) - Pipeline THREE PipelineID=fb55476b-2dd7-4c2f-9aac-03ac1ec648c4 reported by 22243ddb-b513-44b3-98ed-9b9b7959dfc4{ip: 192.168.157.217, host: pr-hdds-2509-crl9f-1365347269, networkLocation: /default-rack, certSerialId: null}
2019-11-19 06:43:56,696 [EventQueue-PipelineReportForPipelineReportHandler] INFO  pipeline.PipelineReportHandler (PipelineReportHandler.java:processPipelineReport(113)) - Pipeline THREE PipelineID=fb55476b-2dd7-4c2f-9aac-03ac1ec648c4 reported by 06308cbb-cab5-4d99-a124-e8d4e2a84d00{ip: 192.168.157.217, host: pr-hdds-2509-crl9f-1365347269, networkLocation: /default-rack, certSerialId: null}
2019-11-19 06:43:57,280 [Command processor thread] INFO  impl.RaftServerProxy (RaftServerProxy.java:remove(95)) - 87ce0730-77f3-4eff-8325-458afec42df8: remove  FOLLOWER 87ce0730-77f3-4eff-8325-458afec42df8@group-63141B3A448A:t2, leader=22243ddb-b513-44b3-98ed-9b9b7959dfc4, voted=22243ddb-b513-44b3-98ed-9b9b7959dfc4, raftlog=87ce0730-77f3-4eff-8325-458afec42df8@group-63141B3A448A-SegmentedRaftLog:OPENED:c77,f77,i77, conf=0: [22243ddb-b513-44b3-98ed-9b9b7959dfc4:192.168.157.217:33362, 06308cbb-cab5-4d99-a124-e8d4e2a84d00:192.168.157.217:37591, 87ce0730-77f3-4eff-8325-458afec42df8:192.168.157.217:39104], old=null RUNNING
2019-11-19 06:43:57,281 [Command processor thread] INFO  impl.RaftServerImpl (RaftServerImpl.java:lambda$shutdown$3(250)) - 87ce0730-77f3-4eff-8325-458afec42df8@group-63141B3A448A: shutdown
2019-11-19 06:43:57,281 [Command processor thread] INFO  util.JmxRegister (JmxRegister.java:unregister(73)) - Successfully un-registered JMX Bean with object name Ratis:service=RaftServer,group=group-63141B3A448A,id=87ce0730-77f3-4eff-8325-458afec42df8
2019-11-19 06:43:57,282 [Command processor thread] INFO  impl.RoleInfo (RoleInfo.java:shutdownFollowerState(121)) - 87ce0730-77f3-4eff-8325-458afec42df8: shutdown FollowerState
2019-11-19 06:43:57,282 [Command processor thread] INFO  impl.StateMachineUpdater (StateMachineUpdater.java:stopAndJoin(136)) - 87ce0730-77f3-4eff-8325-458afec42df8@group-63141B3A448A-StateMachineUpdater: set stopIndex = 77
2019-11-19 06:43:57,282 [Thread-216] INFO  impl.FollowerState (FollowerState.java:run(120)) - 87ce0730-77f3-4eff-8325-458afec42df8@group-63141B3A448A-FollowerState was interrupted: java.lang.InterruptedException: sleep interrupted
2019-11-19 06:43:57,282 [87ce0730-77f3-4eff-8325-458afec42df8@group-63141B3A448A-StateMachineUpdater] INFO  ratis.ContainerStateMachine (ContainerStateMachine.java:takeSnapshot(285)) - group-63141B3A448A: Taking a snapshot at:(t:2, i:75) file /workdir/hadoop-ozone/tools/target/test-dir/MiniOzoneClusterImpl-d7b29890-1406-4978-93e4-a093ee1b36d6/datanode-0/data/ratis/6d4298e5-0b3d-4ee2-940a-63141b3a448a/sm/snapshot.2_75
 0.00% |?                                                                                                    |  0/1 Time: 0:00:032019-11-19 06:43:57,820 [87ce0730-77f3-4eff-8325-458afec42df8@group-63141B3A448A-StateMachineUpdater] INFO  ratis.ContainerStateMachine (ContainerStateMachine.java:takeSnapshot(296)) - group-63141B3A448A: Finished taking a snapshot at:(t:2, i:75) file:/workdir/hadoop-ozone/tools/target/test-dir/MiniOzoneClusterImpl-d7b29890-1406-4978-93e4-a093ee1b36d6/datanode-0/data/ratis/6d4298e5-0b3d-4ee2-940a-63141b3a448a/sm/snapshot.2_75 time:538
2019-11-19 06:43:57,821 [87ce0730-77f3-4eff-8325-458afec42df8@group-63141B3A448A-StateMachineUpdater] INFO  impl.StateMachineUpdater (StateMachineUpdater.java:takeSnapshot(269)) - 87ce0730-77f3-4eff-8325-458afec42df8@group-63141B3A448A-StateMachineUpdater: Took a snapshot at index 75
2019-11-19 06:43:57,822 [87ce0730-77f3-4eff-8325-458afec42df8@group-63141B3A448A-StateMachineUpdater] INFO  impl.StateMachineUpdater (StateMachineUpdater.java:lambda$new$0(84)) - 87ce0730-77f3-4eff-8325-458afec42df8@group-63141B3A448A-StateMachineUpdater: snapshotIndex: updateIncreasingly -1 -> 75
2019-11-19 06:43:57,822 [87ce0730-77f3-4eff-8325-458afec42df8@group-63141B3A448A-StateMachineUpdater] INFO  ratis.ContainerStateMachine (ContainerStateMachine.java:takeSnapshot(285)) - group-63141B3A448A: Taking a snapshot at:(t:2, i:75) file /workdir/hadoop-ozone/tools/target/test-dir/MiniOzoneClusterImpl-d7b29890-1406-4978-93e4-a093ee1b36d6/datanode-0/data/ratis/6d4298e5-0b3d-4ee2-940a-63141b3a448a/sm/snapshot.2_75
2019-11-19 06:43:57,845 [87ce0730-77f3-4eff-8325-458afec42df8@group-63141B3A448A-StateMachineUpdater] INFO  ratis.ContainerStateMachine (ContainerStateMachine.java:takeSnapshot(296)) - group-63141B3A448A: Finished taking a snapshot at:(t:2, i:75) file:/workdir/hadoop-ozone/tools/target/test-dir/MiniOzoneClusterImpl-d7b29890-1406-4978-93e4-a093ee1b36d6/datanode-0/data/ratis/6d4298e5-0b3d-4ee2-940a-63141b3a448a/sm/snapshot.2_75 time:23
2019-11-19 06:43:57,846 [87ce0730-77f3-4eff-8325-458afec42df8@group-63141B3A448A-StateMachineUpdater] INFO  impl.StateMachineUpdater (StateMachineUpdater.java:takeSnapshot(269)) - 87ce0730-77f3-4eff-8325-458afec42df8@group-63141B3A448A-StateMachineUpdater: Took a snapshot at index 75
2019-11-19 06:43:57,846 [87ce0730-77f3-4eff-8325-458afec42df8@group-63141B3A448A-StateMachineUpdater] INFO  impl.StateMachineUpdater (StateMachineUpdater.java:lambda$new$0(84)) - 87ce0730-77f3-4eff-8325-458afec42df8@group-63141B3A448A-StateMachineUpdater: snapshotIndex: updateIncreasingly 75 -> 75
2019-11-19 06:43:57,846 [Command processor thread] INFO  impl.RaftServerImpl (ServerState.java:close(387)) - 87ce0730-77f3-4eff-8325-458afec42df8@group-63141B3A448A: closes. applyIndex: 77
2019-11-19 06:43:57,847 [87ce0730-77f3-4eff-8325-458afec42df8@group-63141B3A448A-SegmentedRaftLogWorker] INFO  segmented.SegmentedRaftLogWorker (SegmentedRaftLogWorker.java:run(316)) - 87ce0730-77f3-4eff-8325-458afec42df8@group-63141B3A448A-SegmentedRaftLogWorker was interrupted, exiting. There are 0 tasks remaining in the queue.
2019-11-19 06:43:57,850 [Command processor thread] INFO  segmented.SegmentedRaftLogWorker (SegmentedRaftLogWorker.java:close(224)) - 87ce0730-77f3-4eff-8325-458afec42df8@group-63141B3A448A-SegmentedRaftLogWorker close()
2019-11-19 06:43:57,886 [Command processor thread] INFO  interfaces.Container (KeyValueContainer.java:flushAndSyncDB(400)) - Container 1 is synced with bcsId 59.
2019-11-19 06:43:57,886 [Command processor thread] INFO  interfaces.Container (KeyValueContainer.java:flushAndSyncDB(400)) - Container 1 is synced with bcsId 59.
2019-11-19 06:43:57,943 [Command processor thread] INFO  interfaces.Container (KeyValueContainer.java:flushAndSyncDB(400)) - Container 2 is synced with bcsId 75.
2019-11-19 06:43:57,943 [Command processor thread] INFO  interfaces.Container (KeyValueContainer.java:flushAndSyncDB(400)) - Container 2 is synced with bcsId 75.
2019-11-19 06:43:58,004 [Command processor thread] INFO  interfaces.Container (KeyValueContainer.java:flushAndSyncDB(400)) - Container 3 is synced with bcsId 41.
2019-11-19 06:43:58,004 [Command processor thread] INFO  interfaces.Container (KeyValueContainer.java:flushAndSyncDB(400)) - Container 3 is synced with bcsId 41.
2019-11-19 06:43:58,030 [Command processor thread] INFO  commandhandler.ClosePipelineCommandHandler (ClosePipelineCommandHandler.java:handle(78)) - Close Pipeline #id: "6d4298e5-0b3d-4ee2-940a-63141b3a448a"
 command on datanode #87ce0730-77f3-4eff-8325-458afec42df8.
2019-11-19 06:43:58,031 [Command processor thread] INFO  impl.RaftServerProxy (RaftServerProxy.java:addNew(89)) - 87ce0730-77f3-4eff-8325-458afec42df8: addNew group-03AC1EC648C4:[22243ddb-b513-44b3-98ed-9b9b7959dfc4:192.168.157.217:33362, 06308cbb-cab5-4d99-a124-e8d4e2a84d00:192.168.157.217:37591, 87ce0730-77f3-4eff-8325-458afec42df8:192.168.157.217:39104] returns group-03AC1EC648C4:java.util.concurrent.CompletableFuture@23f2a320[Not completed]
2019-11-19 06:43:58,035 [pool-27-thread-1] INFO  impl.RaftServerImpl (RaftServerImpl.java:<init>(98)) - 87ce0730-77f3-4eff-8325-458afec42df8: new RaftServerImpl for group-03AC1EC648C4:[22243ddb-b513-44b3-98ed-9b9b7959dfc4:192.168.157.217:33362, 06308cbb-cab5-4d99-a124-e8d4e2a84d00:192.168.157.217:37591, 87ce0730-77f3-4eff-8325-458afec42df8:192.168.157.217:39104] with ContainerStateMachine:uninitialized
2019-11-19 06:43:58,035 [pool-27-thread-1] INFO  server.RaftServerConfigKeys (ConfUtils.java:logGet(43)) - raft.server.rpc.timeout.min = 5s (custom)
2019-11-19 06:43:58,036 [pool-27-thread-1] INFO  server.RaftServerConfigKeys (ConfUtils.java:logGet(43)) - raft.server.rpc.timeout.max = 5200ms (custom)
2019-11-19 06:43:58,036 [pool-27-thread-1] INFO  server.RaftServerConfigKeys (ConfUtils.java:logGet(43)) - raft.server.rpcslowness.timeout = 120s (custom)
2019-11-19 06:43:58,036 [pool-27-thread-1] INFO  server.RaftServerConfigKeys (ConfUtils.java:logGet(43)) - raft.server.sleep.deviation.threshold = 300 (default)
2019-11-19 06:43:58,036 [pool-27-thread-1] INFO  server.RaftServerConfigKeys (ConfUtils.java:logGet(43)) - raft.server.log.appender.install.snapshot.enabled = false (custom)
2019-11-19 06:43:58,036 [pool-27-thread-1] INFO  impl.RaftServerImpl (ServerState.java:<init>(103)) - 87ce0730-77f3-4eff-8325-458afec42df8@group-03AC1EC648C4: ConfigurationManager, init=-1: [22243ddb-b513-44b3-98ed-9b9b7959dfc4:192.168.157.217:33362, 06308cbb-cab5-4d99-a124-e8d4e2a84d00:192.168.157.217:37591, 87ce0730-77f3-4eff-8325-458afec42df8:192.168.157.217:39104], old=null, confs=<EMPTY_MAP>
2019-11-19 06:43:58,037 [pool-27-thread-1] INFO  server.RaftServerConfigKeys (ConfUtils.java:logGet(43)) - raft.server.storage.dir = [/workdir/hadoop-ozone/tools/target/test-dir/MiniOzoneClusterImpl-d7b29890-1406-4978-93e4-a093ee1b36d6/datanode-0/data/ratis] (custom)
2019-11-19 06:43:58,037 [pool-27-thread-1] INFO  server.RaftServerConfigKeys (ConfUtils.java:logGet(43)) - raft.server.log.corruption.policy = EXCEPTION (default)
2019-11-19 06:43:58,037 [pool-27-thread-1] INFO  storage.RaftStorageDirectory (RaftStorageDirectory.java:analyzeStorage(246)) - The storage directory /workdir/hadoop-ozone/tools/target/test-dir/MiniOzoneClusterImpl-d7b29890-1406-4978-93e4-a093ee1b36d6/datanode-0/data/ratis/fb55476b-2dd7-4c2f-9aac-03ac1ec648c4 does not exist. Creating ...
2019-11-19 06:43:58,071 [pool-27-thread-1] INFO  storage.RaftStorageDirectory (RaftStorageDirectory.java:tryLock(328)) - Lock on /workdir/hadoop-ozone/tools/target/test-dir/MiniOzoneClusterImpl-d7b29890-1406-4978-93e4-a093ee1b36d6/datanode-0/data/ratis/fb55476b-2dd7-4c2f-9aac-03ac1ec648c4/in_use.lock acquired by nodename 31644@pr-hdds-2509-crl9f-1365347269
2019-11-19 06:43:58,088 [pool-27-thread-1] INFO  storage.RaftStorage (RaftStorage.java:format(84)) - Storage directory /workdir/hadoop-ozone/tools/target/test-dir/MiniOzoneClusterImpl-d7b29890-1406-4978-93e4-a093ee1b36d6/datanode-0/data/ratis/fb55476b-2dd7-4c2f-9aac-03ac1ec648c4 has been successfully formatted.
2019-11-19 06:43:58,089 [pool-27-thread-1] INFO  ratis.ContainerStateMachine (ContainerStateMachine.java:loadSnapshot(223)) - group-03AC1EC648C4: The snapshot info is null. Setting the last applied indexto:(t:0, i:~)
2019-11-19 06:43:58,089 [pool-27-thread-1] INFO  server.RaftServerConfigKeys (ConfUtils.java:logGet(43)) - raft.server.notification.no-leader.timeout = 120s (custom)
2019-11-19 06:43:58,089 [pool-27-thread-1] INFO  server.RaftServerConfigKeys (ConfUtils.java:logGet(43)) - raft.server.log.use.memory = false (default)
2019-11-19 06:43:58,089 [pool-27-thread-1] INFO  server.RaftServerConfigKeys (ConfUtils.java:logGet(43)) - raft.server.log.purge.gap = 1000000 (custom)
2019-11-19 06:43:58,089 [pool-27-thread-1] INFO  server.RaftServerConfigKeys (ConfUtils.java:logGet(43)) - raft.server.log.appender.buffer.byte-limit = 33554432 (custom)
2019-11-19 06:43:58,090 [pool-27-thread-1] INFO  server.RaftServerConfigKeys (ConfUtils.java:logGet(43)) - raft.server.log.segment.size.max = 1048576 (custom)
2019-11-19 06:43:58,090 [pool-27-thread-1] INFO  server.RaftServerConfigKeys (ConfUtils.java:logGet(43)) - raft.server.log.segment.cache.num.max = 2 (custom)
2019-11-19 06:43:58,090 [pool-27-thread-1] INFO  segmented.SegmentedRaftLogWorker (SegmentedRaftLogWorker.java:<init>(173)) - new 87ce0730-77f3-4eff-8325-458afec42df8@group-03AC1EC648C4-SegmentedRaftLogWorker for RaftStorage:Storage Directory /workdir/hadoop-ozone/tools/target/test-dir/MiniOzoneClusterImpl-d7b29890-1406-4978-93e4-a093ee1b36d6/datanode-0/data/ratis/fb55476b-2dd7-4c2f-9aac-03ac1ec648c4
2019-11-19 06:43:58,090 [pool-27-thread-1] INFO  server.RaftServerConfigKeys (ConfUtils.java:logGet(43)) - raft.server.log.queue.byte-limit = 2147483647 (custom)
2019-11-19 06:43:58,090 [pool-27-thread-1] INFO  server.RaftServerConfigKeys (ConfUtils.java:logGet(43)) - raft.server.log.queue.element-limit = 1024 (custom)
2019-11-19 06:43:58,090 [pool-27-thread-1] INFO  server.RaftServerConfigKeys (ConfUtils.java:logGet(43)) - raft.server.log.segment.size.max = 1048576 (custom)
2019-11-19 06:43:58,091 [pool-27-thread-1] INFO  server.RaftServerConfigKeys (ConfUtils.java:logGet(43)) - raft.server.log.preallocated.size = 16384 (custom)
2019-11-19 06:43:58,091 [pool-27-thread-1] INFO  server.RaftServerConfigKeys (ConfUtils.java:logGet(43)) - raft.server.log.write.buffer.size = 33554432 (custom)
2019-11-19 06:43:58,091 [pool-27-thread-1] INFO  server.RaftServerConfigKeys (ConfUtils.java:logGet(43)) - raft.server.log.force.sync.num = 128 (default)
2019-11-19 06:43:58,091 [pool-27-thread-1] INFO  server.RaftServerConfigKeys (ConfUtils.java:logGet(43)) - raft.server.log.statemachine.data.sync = true (default)
2019-11-19 06:43:58,091 [pool-27-thread-1] INFO  server.RaftServerConfigKeys (ConfUtils.java:logGet(43)) - raft.server.log.statemachine.data.sync.timeout = 10s (default)
2019-11-19 06:43:58,091 [pool-27-thread-1] INFO  server.RaftServerConfigKeys (ConfUtils.java:logGet(43)) - raft.server.log.statemachine.data.sync.timeout.retry = -1 (default)
2019-11-19 06:43:58,092 [pool-27-thread-1] INFO  server.RaftServerConfigKeys (ConfUtils.java:logGet(43)) - raft.server.log.statemachine.data.caching.enabled = true (custom)
2019-11-19 06:43:58,092 [pool-27-thread-1] INFO  segmented.SegmentedRaftLogWorker (SegmentedRaftLogWorker.java:lambda$new$0(128)) - 87ce0730-77f3-4eff-8325-458afec42df8@group-03AC1EC648C4-SegmentedRaftLogWorker: flushIndex: setUnconditionally 0 -> -1
2019-11-19 06:43:58,092 [pool-27-thread-1] INFO  server.RaftServerConfigKeys (ConfUtils.java:logGet(43)) - raft.server.snapshot.auto.trigger.enabled = true (custom)
2019-11-19 06:43:58,092 [pool-27-thread-1] INFO  server.RaftServerConfigKeys (ConfUtils.java:logGet(43)) - raft.server.snapshot.auto.trigger.threshold = 10000 (custom)
2019-11-19 06:43:58,093 [pool-27-thread-1] INFO  server.RaftServerConfigKeys (ConfUtils.java:logGet(43)) - raft.server.snapshot.retention.file.num = 5 (custom)
2019-11-19 06:43:58,093 [pool-27-thread-1] INFO  server.RaftServerConfigKeys (ConfUtils.java:logGet(43)) - raft.server.retrycache.expirytime = 600000ms (custom)
2019-11-19 06:43:58,093 [pool-27-thread-1] WARN  impl.MetricRegistriesImpl (MetricRegistriesImpl.java:lambda$create$1(61)) - First MetricRegistry has been created without registering reporters. You may need to call MetricRegistries.global().addReportRegistration(...) before.
2019-11-19 06:43:58,093 [pool-27-thread-1] WARN  impl.MetricRegistriesImpl (MetricRegistriesImpl.java:lambda$create$1(61)) - First MetricRegistry has been created without registering reporters. You may need to call MetricRegistries.global().addReportRegistration(...) before.
2019-11-19 06:43:58,093 [pool-27-thread-1] INFO  impl.RaftServerImpl (RaftServerImpl.java:start(184)) - 87ce0730-77f3-4eff-8325-458afec42df8@group-03AC1EC648C4: start as a follower, conf=-1: [22243ddb-b513-44b3-98ed-9b9b7959dfc4:192.168.157.217:33362, 06308cbb-cab5-4d99-a124-e8d4e2a84d00:192.168.157.217:37591, 87ce0730-77f3-4eff-8325-458afec42df8:192.168.157.217:39104], old=null
2019-11-19 06:43:58,094 [pool-27-thread-1] INFO  impl.RaftServerImpl (RaftServerImpl.java:setRole(173)) - 87ce0730-77f3-4eff-8325-458afec42df8@group-03AC1EC648C4: changes role from      null to FOLLOWER at term 0 for startAsFollower
2019-11-19 06:43:58,094 [pool-27-thread-1] INFO  impl.RoleInfo (RoleInfo.java:updateAndGet(143)) - 87ce0730-77f3-4eff-8325-458afec42df8: start FollowerState
2019-11-19 06:43:58,094 [pool-27-thread-1] INFO  util.JmxRegister (JmxRegister.java:tryRegister(44)) - Successfully registered JMX Bean with object name Ratis:service=RaftServer,group=group-03AC1EC648C4,id=87ce0730-77f3-4eff-8325-458afec42df8
2019-11-19 06:43:58,094 [pool-27-thread-1] WARN  impl.MetricRegistriesImpl (MetricRegistriesImpl.java:lambda$create$1(61)) - First MetricRegistry has been created without registering reporters. You may need to call MetricRegistries.global().addReportRegistration(...) before.
2019-11-19 06:43:58,095 [Command processor thread] INFO  commandhandler.CreatePipelineCommandHandler (CreatePipelineCommandHandler.java:handle(86)) - Create Pipeline RATIS THREE #id: "fb55476b-2dd7-4c2f-9aac-03ac1ec648c4"
 command succeed on datanode 87ce0730-77f3-4eff-8325-458afec42df8.
2019-11-19 06:43:58,097 [EventQueue-PipelineReportForPipelineReportHandler] INFO  pipeline.PipelineReportHandler (PipelineReportHandler.java:processPipelineReport(113)) - Pipeline THREE PipelineID=fb55476b-2dd7-4c2f-9aac-03ac1ec648c4 reported by 87ce0730-77f3-4eff-8325-458afec42df8{ip: 192.168.157.217, host: pr-hdds-2509-crl9f-1365347269, networkLocation: /default-rack, certSerialId: null}
 0.00% |?                                                                                                    |  0/1 Time: 0:00:04 100.00% |?????????????????????????????????????????????????????????????????????????????????????????????????????|  1/1 Time: 0:00:05
2019-11-19 06:44:01,776 [Thread-473] INFO  impl.FollowerState (FollowerState.java:run(111)) - 06308cbb-cab5-4d99-a124-e8d4e2a84d00@group-03AC1EC648C4-FollowerState: change to CANDIDATE, lastRpcTime:5083ms, electionTimeout:5083ms
2019-11-19 06:44:01,776 [Thread-473] INFO  impl.RoleInfo (RoleInfo.java:shutdownFollowerState(121)) - 06308cbb-cab5-4d99-a124-e8d4e2a84d00: shutdown FollowerState
2019-11-19 06:44:01,776 [Thread-473] INFO  impl.RaftServerImpl (RaftServerImpl.java:setRole(173)) - 06308cbb-cab5-4d99-a124-e8d4e2a84d00@group-03AC1EC648C4: changes role from  FOLLOWER to CANDIDATE at term 0 for changeToCandidate
2019-11-19 06:44:01,776 [Thread-473] INFO  impl.RoleInfo (RoleInfo.java:updateAndGet(143)) - 06308cbb-cab5-4d99-a124-e8d4e2a84d00: start LeaderElection
2019-11-19 06:44:01,805 [Thread-472] INFO  impl.FollowerState (FollowerState.java:run(111)) - 22243ddb-b513-44b3-98ed-9b9b7959dfc4@group-03AC1EC648C4-FollowerState: change to CANDIDATE, lastRpcTime:5113ms, electionTimeout:5113ms
2019-11-19 06:44:01,806 [Thread-472] INFO  impl.RoleInfo (RoleInfo.java:shutdownFollowerState(121)) - 22243ddb-b513-44b3-98ed-9b9b7959dfc4: shutdown FollowerState
2019-11-19 06:44:01,806 [Thread-472] INFO  impl.RaftServerImpl (RaftServerImpl.java:setRole(173)) - 22243ddb-b513-44b3-98ed-9b9b7959dfc4@group-03AC1EC648C4: changes role from  FOLLOWER to CANDIDATE at term 0 for changeToCandidate
2019-11-19 06:44:01,806 [Thread-472] INFO  impl.RoleInfo (RoleInfo.java:updateAndGet(143)) - 22243ddb-b513-44b3-98ed-9b9b7959dfc4: start LeaderElection
2019-11-19 06:44:01,813 [06308cbb-cab5-4d99-a124-e8d4e2a84d00@group-03AC1EC648C4-LeaderElection9] INFO  impl.LeaderElection (LeaderElection.java:askForVotes(178)) - 06308cbb-cab5-4d99-a124-e8d4e2a84d00@group-03AC1EC648C4-LeaderElection9: begin an election at term 1 for -1: [22243ddb-b513-44b3-98ed-9b9b7959dfc4:192.168.157.217:33362, 06308cbb-cab5-4d99-a124-e8d4e2a84d00:192.168.157.217:37591, 87ce0730-77f3-4eff-8325-458afec42df8:192.168.157.217:39104], old=null
2019-11-19 06:44:01,823 [grpc-default-executor-3] INFO  impl.RaftServerImpl (RaftServerImpl.java:setRole(173)) - 87ce0730-77f3-4eff-8325-458afec42df8@group-03AC1EC648C4: changes role from  FOLLOWER to FOLLOWER at term 1 for recognizeCandidate:06308cbb-cab5-4d99-a124-e8d4e2a84d00
2019-11-19 06:44:01,824 [grpc-default-executor-3] INFO  impl.RoleInfo (RoleInfo.java:shutdownFollowerState(121)) - 87ce0730-77f3-4eff-8325-458afec42df8: shutdown FollowerState
2019-11-19 06:44:01,824 [grpc-default-executor-3] INFO  impl.RoleInfo (RoleInfo.java:updateAndGet(143)) - 87ce0730-77f3-4eff-8325-458afec42df8: start FollowerState
2019-11-19 06:44:01,824 [Thread-475] INFO  impl.FollowerState (FollowerState.java:run(120)) - 87ce0730-77f3-4eff-8325-458afec42df8@group-03AC1EC648C4-FollowerState was interrupted: java.lang.InterruptedException: sleep interrupted
2019-11-19 06:44:01,826 [22243ddb-b513-44b3-98ed-9b9b7959dfc4@group-03AC1EC648C4-LeaderElection10] INFO  impl.LeaderElection (LeaderElection.java:askForVotes(178)) - 22243ddb-b513-44b3-98ed-9b9b7959dfc4@group-03AC1EC648C4-LeaderElection10: begin an election at term 1 for -1: [22243ddb-b513-44b3-98ed-9b9b7959dfc4:192.168.157.217:33362, 06308cbb-cab5-4d99-a124-e8d4e2a84d00:192.168.157.217:37591, 87ce0730-77f3-4eff-8325-458afec42df8:192.168.157.217:39104], old=null
2019-11-19 06:44:01,847 [06308cbb-cab5-4d99-a124-e8d4e2a84d00@group-03AC1EC648C4-LeaderElection9] INFO  impl.LeaderElection (LeaderElection.java:logAndReturn(56)) - 06308cbb-cab5-4d99-a124-e8d4e2a84d00@group-03AC1EC648C4-LeaderElection9: Election PASSED; received 2 response(s) [06308cbb-cab5-4d99-a124-e8d4e2a84d00<-22243ddb-b513-44b3-98ed-9b9b7959dfc4#0:FAIL-t1, 06308cbb-cab5-4d99-a124-e8d4e2a84d00<-87ce0730-77f3-4eff-8325-458afec42df8#0:OK-t1] and 0 exception(s); 06308cbb-cab5-4d99-a124-e8d4e2a84d00@group-03AC1EC648C4:t1, leader=null, voted=06308cbb-cab5-4d99-a124-e8d4e2a84d00, raftlog=06308cbb-cab5-4d99-a124-e8d4e2a84d00@group-03AC1EC648C4-SegmentedRaftLog:OPENED:c-1,f-1,i0, conf=-1: [22243ddb-b513-44b3-98ed-9b9b7959dfc4:192.168.157.217:33362, 06308cbb-cab5-4d99-a124-e8d4e2a84d00:192.168.157.217:37591, 87ce0730-77f3-4eff-8325-458afec42df8:192.168.157.217:39104], old=null
2019-11-19 06:44:01,848 [06308cbb-cab5-4d99-a124-e8d4e2a84d00@group-03AC1EC648C4-LeaderElection9] INFO  impl.RoleInfo (RoleInfo.java:shutdownLeaderElection(134)) - 06308cbb-cab5-4d99-a124-e8d4e2a84d00: shutdown LeaderElection
2019-11-19 06:44:01,849 [06308cbb-cab5-4d99-a124-e8d4e2a84d00@group-03AC1EC648C4-LeaderElection9] INFO  impl.RaftServerImpl (RaftServerImpl.java:setRole(173)) - 06308cbb-cab5-4d99-a124-e8d4e2a84d00@group-03AC1EC648C4: changes role from CANDIDATE to LEADER at term 1 for changeToLeader
2019-11-19 06:44:01,849 [06308cbb-cab5-4d99-a124-e8d4e2a84d00@group-03AC1EC648C4-LeaderElection9] INFO  ratis.XceiverServerRatis (XceiverServerRatis.java:handleLeaderChangedNotification(733)) - Leader change notification received for group: group-03AC1EC648C4 with new leaderId: 06308cbb-cab5-4d99-a124-e8d4e2a84d00
2019-11-19 06:44:01,849 [06308cbb-cab5-4d99-a124-e8d4e2a84d00@group-03AC1EC648C4-LeaderElection9] INFO  impl.RaftServerImpl (ServerState.java:setLeader(255)) - 06308cbb-cab5-4d99-a124-e8d4e2a84d00@group-03AC1EC648C4: change Leader from null to 06308cbb-cab5-4d99-a124-e8d4e2a84d00 at term 1 for becomeLeader, leader elected after 5165ms
2019-11-19 06:44:01,849 [06308cbb-cab5-4d99-a124-e8d4e2a84d00@group-03AC1EC648C4-LeaderElection9] INFO  server.RaftServerConfigKeys (ConfUtils.java:logGet(43)) - raft.server.staging.catchup.gap = 1000 (default)
2019-11-19 06:44:01,849 [06308cbb-cab5-4d99-a124-e8d4e2a84d00@group-03AC1EC648C4-LeaderElection9] INFO  server.RaftServerConfigKeys (ConfUtils.java:logGet(43)) - raft.server.rpc.sleep.time = 25ms (default)
2019-11-19 06:44:01,850 [EventQueue-PipelineReportForPipelineReportHandler] INFO  pipeline.PipelineReportHandler (PipelineReportHandler.java:processPipelineReport(113)) - Pipeline THREE PipelineID=fb55476b-2dd7-4c2f-9aac-03ac1ec648c4 reported by 06308cbb-cab5-4d99-a124-e8d4e2a84d00{ip: 192.168.157.217, host: pr-hdds-2509-crl9f-1365347269, networkLocation: /default-rack, certSerialId: null}
2019-11-19 06:44:01,854 [06308cbb-cab5-4d99-a124-e8d4e2a84d00@group-03AC1EC648C4-LeaderElection9] INFO  server.RaftServerConfigKeys (ConfUtils.java:logGet(43)) - raft.server.write.element-limit = 4096 (default)
2019-11-19 06:44:01,854 [EventQueue-PipelineReportForPipelineReportHandler] INFO  pipeline.PipelineStateManager (PipelineStateManager.java:openPipeline(132)) - Pipeline Pipeline[ Id: fb55476b-2dd7-4c2f-9aac-03ac1ec648c4, Nodes: 87ce0730-77f3-4eff-8325-458afec42df8{ip: 192.168.157.217, host: pr-hdds-2509-crl9f-1365347269, networkLocation: /default-rack, certSerialId: null}22243ddb-b513-44b3-98ed-9b9b7959dfc4{ip: 192.168.157.217, host: pr-hdds-2509-crl9f-1365347269, networkLocation: /default-rack, certSerialId: null}06308cbb-cab5-4d99-a124-e8d4e2a84d00{ip: 192.168.157.217, host: pr-hdds-2509-crl9f-1365347269, networkLocation: /default-rack, certSerialId: null}, Type:RATIS, Factor:THREE, State:ALLOCATED] moved to OPEN state
2019-11-19 06:44:01,854 [06308cbb-cab5-4d99-a124-e8d4e2a84d00@group-03AC1EC648C4-LeaderElection9] INFO  server.RaftServerConfigKeys (ConfUtils.java:logGet(43)) - raft.server.watch.timeout = 10s (default)
2019-11-19 06:44:01,856 [06308cbb-cab5-4d99-a124-e8d4e2a84d00@group-03AC1EC648C4-LeaderElection9] INFO  server.RaftServerConfigKeys (ConfUtils.java:logGet(43)) - raft.server.watch.timeout.denomination = 1s (default)
2019-11-19 06:44:01,856 [06308cbb-cab5-4d99-a124-e8d4e2a84d00@group-03AC1EC648C4-LeaderElection9] INFO  server.RaftServerConfigKeys (ConfUtils.java:logGet(43)) - raft.server.watch.element-limit = 65536 (default)
2019-11-19 06:44:01,857 [06308cbb-cab5-4d99-a124-e8d4e2a84d00@group-03AC1EC648C4-LeaderElection9] INFO  server.RaftServerConfigKeys (ConfUtils.java:logGet(43)) - raft.server.log.appender.snapshot.chunk.size.max = 16MB (=16777216) (default)
2019-11-19 06:44:01,857 [06308cbb-cab5-4d99-a124-e8d4e2a84d00@group-03AC1EC648C4-LeaderElection9] INFO  server.RaftServerConfigKeys (ConfUtils.java:logGet(43)) - raft.server.log.appender.buffer.byte-limit = 33554432 (custom)
2019-11-19 06:44:01,857 [06308cbb-cab5-4d99-a124-e8d4e2a84d00@group-03AC1EC648C4-LeaderElection9] INFO  server.RaftServerConfigKeys (ConfUtils.java:logGet(43)) - raft.server.log.appender.buffer.element-limit = 1 (custom)
2019-11-19 06:44:01,859 [06308cbb-cab5-4d99-a124-e8d4e2a84d00@group-03AC1EC648C4-LeaderElection9] INFO  grpc.GrpcConfigKeys$Server (ConfUtils.java:logGet(43)) - raft.grpc.server.leader.outstanding.appends.max = 128 (default)
2019-11-19 06:44:01,860 [06308cbb-cab5-4d99-a124-e8d4e2a84d00@group-03AC1EC648C4-LeaderElection9] INFO  server.RaftServerConfigKeys (ConfUtils.java:logGet(43)) - raft.server.rpc.request.timeout = 3000ms (default)
2019-11-19 06:44:01,860 [06308cbb-cab5-4d99-a124-e8d4e2a84d00@group-03AC1EC648C4-LeaderElection9] INFO  server.RaftServerConfigKeys (ConfUtils.java:logGet(43)) - raft.server.log.appender.install.snapshot.enabled = false (custom)
2019-11-19 06:44:01,860 [06308cbb-cab5-4d99-a124-e8d4e2a84d00@group-03AC1EC648C4-LeaderElection9] WARN  impl.MetricRegistriesImpl (MetricRegistriesImpl.java:lambda$create$1(61)) - First MetricRegistry has been created without registering reporters. You may need to call MetricRegistries.global().addReportRegistration(...) before.
2019-11-19 06:44:01,861 [06308cbb-cab5-4d99-a124-e8d4e2a84d00@group-03AC1EC648C4-LeaderElection9] INFO  server.RaftServerConfigKeys (ConfUtils.java:logGet(43)) - raft.server.log.appender.snapshot.chunk.size.max = 16MB (=16777216) (default)
2019-11-19 06:44:01,861 [06308cbb-cab5-4d99-a124-e8d4e2a84d00@group-03AC1EC648C4-LeaderElection9] INFO  server.RaftServerConfigKeys (ConfUtils.java:logGet(43)) - raft.server.log.appender.buffer.byte-limit = 33554432 (custom)
2019-11-19 06:44:01,861 [06308cbb-cab5-4d99-a124-e8d4e2a84d00@group-03AC1EC648C4-LeaderElection9] INFO  server.RaftServerConfigKeys (ConfUtils.java:logGet(43)) - raft.server.log.appender.buffer.element-limit = 1 (custom)
2019-11-19 06:44:01,861 [06308cbb-cab5-4d99-a124-e8d4e2a84d00@group-03AC1EC648C4-LeaderElection9] INFO  grpc.GrpcConfigKeys$Server (ConfUtils.java:logGet(43)) - raft.grpc.server.leader.outstanding.appends.max = 128 (default)
2019-11-19 06:44:01,861 [06308cbb-cab5-4d99-a124-e8d4e2a84d00@group-03AC1EC648C4-LeaderElection9] INFO  server.RaftServerConfigKeys (ConfUtils.java:logGet(43)) - raft.server.rpc.request.timeout = 3000ms (default)
2019-11-19 06:44:01,862 [06308cbb-cab5-4d99-a124-e8d4e2a84d00@group-03AC1EC648C4-LeaderElection9] INFO  server.RaftServerConfigKeys (ConfUtils.java:logGet(43)) - raft.server.log.appender.install.snapshot.enabled = false (custom)
2019-11-19 06:44:01,862 [06308cbb-cab5-4d99-a124-e8d4e2a84d00@group-03AC1EC648C4-LeaderElection9] INFO  impl.RoleInfo (RoleInfo.java:updateAndGet(143)) - 06308cbb-cab5-4d99-a124-e8d4e2a84d00: start LeaderState
2019-11-19 06:44:01,862 [06308cbb-cab5-4d99-a124-e8d4e2a84d00@group-03AC1EC648C4-LeaderElection9] INFO  segmented.SegmentedRaftLogWorker (SegmentedRaftLogWorker.java:startLogSegment(385)) - 06308cbb-cab5-4d99-a124-e8d4e2a84d00@group-03AC1EC648C4-SegmentedRaftLogWorker: Starting segment from index:0
2019-11-19 06:44:01,863 [06308cbb-cab5-4d99-a124-e8d4e2a84d00@group-03AC1EC648C4-LeaderElection9] INFO  impl.RaftServerImpl (ServerState.java:setRaftConf(356)) - 06308cbb-cab5-4d99-a124-e8d4e2a84d00@group-03AC1EC648C4: set configuration 0: [22243ddb-b513-44b3-98ed-9b9b7959dfc4:192.168.157.217:33362, 06308cbb-cab5-4d99-a124-e8d4e2a84d00:192.168.157.217:37591, 87ce0730-77f3-4eff-8325-458afec42df8:192.168.157.217:39104], old=null at 0
2019-11-19 06:44:01,892 [grpc-default-executor-4] INFO  impl.RaftServerImpl (RaftServerImpl.java:requestVote(776)) - 06308cbb-cab5-4d99-a124-e8d4e2a84d00@group-03AC1EC648C4-   LEADER: Withhold vote from candidate 22243ddb-b513-44b3-98ed-9b9b7959dfc4 with term 1. State: leader=06308cbb-cab5-4d99-a124-e8d4e2a84d00, term=1, lastRpcElapsed=null
2019-11-19 06:44:01,896 [22243ddb-b513-44b3-98ed-9b9b7959dfc4@group-03AC1EC648C4-LeaderElection10] INFO  impl.LeaderElection (LeaderElection.java:logAndReturn(56)) - 22243ddb-b513-44b3-98ed-9b9b7959dfc4@group-03AC1EC648C4-LeaderElection10: Election REJECTED; received 2 response(s) [22243ddb-b513-44b3-98ed-9b9b7959dfc4<-06308cbb-cab5-4d99-a124-e8d4e2a84d00#0:FAIL-t1, 22243ddb-b513-44b3-98ed-9b9b7959dfc4<-87ce0730-77f3-4eff-8325-458afec42df8#0:FAIL-t1] and 0 exception(s); 22243ddb-b513-44b3-98ed-9b9b7959dfc4@group-03AC1EC648C4:t1, leader=null, voted=22243ddb-b513-44b3-98ed-9b9b7959dfc4, raftlog=22243ddb-b513-44b3-98ed-9b9b7959dfc4@group-03AC1EC648C4-SegmentedRaftLog:OPENED:c-1,f-1,i0, conf=-1: [22243ddb-b513-44b3-98ed-9b9b7959dfc4:192.168.157.217:33362, 06308cbb-cab5-4d99-a124-e8d4e2a84d00:192.168.157.217:37591, 87ce0730-77f3-4eff-8325-458afec42df8:192.168.157.217:39104], old=null
2019-11-19 06:44:01,897 [22243ddb-b513-44b3-98ed-9b9b7959dfc4@group-03AC1EC648C4-LeaderElection10] INFO  impl.RaftServerImpl (RaftServerImpl.java:setRole(173)) - 22243ddb-b513-44b3-98ed-9b9b7959dfc4@group-03AC1EC648C4: changes role from CANDIDATE to FOLLOWER at term 1 for DISCOVERED_A_NEW_TERM
2019-11-19 06:44:01,898 [22243ddb-b513-44b3-98ed-9b9b7959dfc4@group-03AC1EC648C4-LeaderElection10] INFO  impl.RoleInfo (RoleInfo.java:shutdownLeaderElection(134)) - 22243ddb-b513-44b3-98ed-9b9b7959dfc4: shutdown LeaderElection
2019-11-19 06:44:01,898 [grpc-default-executor-3] INFO  ratis.XceiverServerRatis (XceiverServerRatis.java:handleLeaderChangedNotification(733)) - Leader change notification received for group: group-03AC1EC648C4 with new leaderId: 06308cbb-cab5-4d99-a124-e8d4e2a84d00
2019-11-19 06:44:01,899 [grpc-default-executor-3] INFO  impl.RaftServerImpl (ServerState.java:setLeader(255)) - 87ce0730-77f3-4eff-8325-458afec42df8@group-03AC1EC648C4: change Leader from null to 06308cbb-cab5-4d99-a124-e8d4e2a84d00 at term 1 for appendEntries, leader elected after 3809ms
2019-11-19 06:44:01,899 [22243ddb-b513-44b3-98ed-9b9b7959dfc4@group-03AC1EC648C4-LeaderElection10] INFO  impl.RoleInfo (RoleInfo.java:updateAndGet(143)) - 22243ddb-b513-44b3-98ed-9b9b7959dfc4: start FollowerState
2019-11-19 06:44:01,900 [grpc-default-executor-4] INFO  ratis.XceiverServerRatis (XceiverServerRatis.java:handleLeaderChangedNotification(733)) - Leader change notification received for group: group-03AC1EC648C4 with new leaderId: 06308cbb-cab5-4d99-a124-e8d4e2a84d00
2019-11-19 06:44:01,901 [grpc-default-executor-4] INFO  impl.RaftServerImpl (ServerState.java:setLeader(255)) - 22243ddb-b513-44b3-98ed-9b9b7959dfc4@group-03AC1EC648C4: change Leader from null to 06308cbb-cab5-4d99-a124-e8d4e2a84d00 at term 1 for appendEntries, leader elected after 5216ms
2019-11-19 06:44:01,903 [grpc-default-executor-4] INFO  impl.RaftServerImpl (ServerState.java:setRaftConf(356)) - 87ce0730-77f3-4eff-8325-458afec42df8@group-03AC1EC648C4: set configuration 0: [22243ddb-b513-44b3-98ed-9b9b7959dfc4:192.168.157.217:33362, 06308cbb-cab5-4d99-a124-e8d4e2a84d00:192.168.157.217:37591, 87ce0730-77f3-4eff-8325-458afec42df8:192.168.157.217:39104], old=null at 0
2019-11-19 06:44:01,904 [grpc-default-executor-4] INFO  segmented.SegmentedRaftLogWorker (SegmentedRaftLogWorker.java:startLogSegment(385)) - 87ce0730-77f3-4eff-8325-458afec42df8@group-03AC1EC648C4-SegmentedRaftLogWorker: Starting segment from index:0
2019-11-19 06:44:01,904 [grpc-default-executor-3] INFO  impl.RaftServerImpl (ServerState.java:setRaftConf(356)) - 22243ddb-b513-44b3-98ed-9b9b7959dfc4@group-03AC1EC648C4: set configuration 0: [22243ddb-b513-44b3-98ed-9b9b7959dfc4:192.168.157.217:33362, 06308cbb-cab5-4d99-a124-e8d4e2a84d00:192.168.157.217:37591, 87ce0730-77f3-4eff-8325-458afec42df8:192.168.157.217:39104], old=null at 0
2019-11-19 06:44:01,905 [grpc-default-executor-3] INFO  segmented.SegmentedRaftLogWorker (SegmentedRaftLogWorker.java:startLogSegment(385)) - 22243ddb-b513-44b3-98ed-9b9b7959dfc4@group-03AC1EC648C4-SegmentedRaftLogWorker: Starting segment from index:0
2019-11-19 06:44:01,913 [06308cbb-cab5-4d99-a124-e8d4e2a84d00@group-03AC1EC648C4-SegmentedRaftLogWorker] INFO  segmented.SegmentedRaftLogWorker (SegmentedRaftLogWorker.java:execute(576)) - 06308cbb-cab5-4d99-a124-e8d4e2a84d00@group-03AC1EC648C4-SegmentedRaftLogWorker: created new log segment /workdir/hadoop-ozone/tools/target/test-dir/MiniOzoneClusterImpl-d7b29890-1406-4978-93e4-a093ee1b36d6/datanode-2/data/ratis/fb55476b-2dd7-4c2f-9aac-03ac1ec648c4/current/log_inprogress_0
2019-11-19 06:44:01,943 [22243ddb-b513-44b3-98ed-9b9b7959dfc4@group-03AC1EC648C4-SegmentedRaftLogWorker] INFO  segmented.SegmentedRaftLogWorker (SegmentedRaftLogWorker.java:execute(576)) - 22243ddb-b513-44b3-98ed-9b9b7959dfc4@group-03AC1EC648C4-SegmentedRaftLogWorker: created new log segment /workdir/hadoop-ozone/tools/target/test-dir/MiniOzoneClusterImpl-d7b29890-1406-4978-93e4-a093ee1b36d6/datanode-1/data/ratis/fb55476b-2dd7-4c2f-9aac-03ac1ec648c4/current/log_inprogress_0
2019-11-19 06:44:01,952 [87ce0730-77f3-4eff-8325-458afec42df8@group-03AC1EC648C4-SegmentedRaftLogWorker] INFO  segmented.SegmentedRaftLogWorker (SegmentedRaftLogWorker.java:execute(576)) - 87ce0730-77f3-4eff-8325-458afec42df8@group-03AC1EC648C4-SegmentedRaftLogWorker: created new log segment /workdir/hadoop-ozone/tools/target/test-dir/MiniOzoneClusterImpl-d7b29890-1406-4978-93e4-a093ee1b36d6/datanode-0/data/ratis/fb55476b-2dd7-4c2f-9aac-03ac1ec648c4/current/log_inprogress_0
]]></system-out>
    <system-err><![CDATA[ERROR StatusLogger No Log4j 2 configuration file found. Using default configuration (logging only errors to the console), or user programmatically provided configurations. Set system property 'log4j2.debug' to show Log4j 2 internal initialization logging. See https://logging.apache.org/log4j/2.x/manual/configuration.html for instructions on how to configure Log4j 2
]]></system-err>
  </testcase>
</testsuite>