<?xml version="1.0" encoding="UTF-8"?>
<testsuite xmlns:xsi="http://www.w3.org/2001/XMLSchema-instance" xsi:noNamespaceSchemaLocation="https://maven.apache.org/surefire/maven-surefire-plugin/xsd/surefire-test-report.xsd" name="org.apache.hadoop.ozone.freon.TestFreonWithPipelineDestroy" time="59.83" tests="1" errors="1" skipped="0" failures="0">
  <properties>
    <property name="awt.toolkit" value="sun.awt.X11.XToolkit"/>
    <property name="file.encoding.pkg" value="sun.io"/>
    <property name="java.specification.version" value="1.8"/>
    <property name="sun.cpu.isalist" value=""/>
    <property name="sun.jnu.encoding" value="ANSI_X3.4-1968"/>
    <property name="java.class.path" value="/workdir/hadoop-ozone/tools/target/test-classes:/workdir/hadoop-ozone/tools/target/classes:/home/user/.m2/repository/org/apache/hadoop/hadoop-ozone-ozone-manager/0.5.0-SNAPSHOT/hadoop-ozone-ozone-manager-0.5.0-SNAPSHOT.jar:/home/user/.m2/repository/org/apache/hadoop/hadoop-hdds-docs/0.5.0-SNAPSHOT/hadoop-hdds-docs-0.5.0-SNAPSHOT.jar:/home/user/.m2/repository/org/bouncycastle/bcprov-jdk15on/1.60/bcprov-jdk15on-1.60.jar:/home/user/.m2/repository/org/apache/hadoop/hadoop-ozone-common/0.5.0-SNAPSHOT/hadoop-ozone-common-0.5.0-SNAPSHOT.jar:/home/user/.m2/repository/org/apache/commons/commons-compress/1.4.1/commons-compress-1.4.1.jar:/home/user/.m2/repository/org/tukaani/xz/1.0/xz-1.0.jar:/home/user/.m2/repository/org/apache/hadoop/hadoop-hdfs-client/3.2.0/hadoop-hdfs-client-3.2.0.jar:/home/user/.m2/repository/com/fasterxml/jackson/core/jackson-annotations/2.9.9/jackson-annotations-2.9.9.jar:/home/user/.m2/repository/org/apache/hadoop/hadoop-hdds-common/0.5.0-SNAPSHOT/hadoop-hdds-common-0.5.0-SNAPSHOT.jar:/home/user/.m2/repository/org/apache/hadoop/hadoop-hdds-config/0.5.0-SNAPSHOT/hadoop-hdds-config-0.5.0-SNAPSHOT.jar:/home/user/.m2/repository/javax/annotation/javax.annotation-api/1.2/javax.annotation-api-1.2.jar:/home/user/.m2/repository/org/apache/ratis/ratis-server/0.5.0-d6d58d0-SNAPSHOT/ratis-server-0.5.0-d6d58d0-SNAPSHOT.jar:/home/user/.m2/repository/org/apache/ratis/ratis-thirdparty-misc/0.2.0/ratis-thirdparty-misc-0.2.0.jar:/home/user/.m2/repository/org/apache/ratis/ratis-proto/0.5.0-d6d58d0-SNAPSHOT/ratis-proto-0.5.0-d6d58d0-SNAPSHOT.jar:/home/user/.m2/repository/org/apache/ratis/ratis-common/0.5.0-d6d58d0-SNAPSHOT/ratis-common-0.5.0-d6d58d0-SNAPSHOT.jar:/home/user/.m2/repository/org/apache/ratis/ratis-client/0.5.0-d6d58d0-SNAPSHOT/ratis-client-0.5.0-d6d58d0-SNAPSHOT.jar:/home/user/.m2/repository/org/apache/ratis/ratis-metrics/0.5.0-d6d58d0-SNAPSHOT/ratis-metrics-0.5.0-d6d58d0-SNAPSHOT.jar:/home/user/.m2/repository/org/apache/ratis/ratis-netty/0.5.0-d6d58d0-SNAPSHOT/ratis-netty-0.5.0-d6d58d0-SNAPSHOT.jar:/home/user/.m2/repository/org/apache/ratis/ratis-grpc/0.5.0-d6d58d0-SNAPSHOT/ratis-grpc-0.5.0-d6d58d0-SNAPSHOT.jar:/home/user/.m2/repository/org/rocksdb/rocksdbjni/6.0.1/rocksdbjni-6.0.1.jar:/home/user/.m2/repository/org/apache/logging/log4j/log4j-api/2.11.0/log4j-api-2.11.0.jar:/home/user/.m2/repository/org/apache/logging/log4j/log4j-core/2.11.0/log4j-core-2.11.0.jar:/home/user/.m2/repository/com/lmax/disruptor/3.4.2/disruptor-3.4.2.jar:/home/user/.m2/repository/org/apache/commons/commons-pool2/2.6.0/commons-pool2-2.6.0.jar:/home/user/.m2/repository/org/bouncycastle/bcpkix-jdk15on/1.60/bcpkix-jdk15on-1.60.jar:/home/user/.m2/repository/commons-validator/commons-validator/1.6/commons-validator-1.6.jar:/home/user/.m2/repository/commons-digester/commons-digester/1.8.1/commons-digester-1.8.1.jar:/home/user/.m2/repository/io/jaegertracing/jaeger-client/0.34.0/jaeger-client-0.34.0.jar:/home/user/.m2/repository/io/jaegertracing/jaeger-thrift/0.34.0/jaeger-thrift-0.34.0.jar:/home/user/.m2/repository/org/apache/thrift/libthrift/0.12.0/libthrift-0.12.0.jar:/home/user/.m2/repository/com/squareup/okhttp3/okhttp/3.9.0/okhttp-3.9.0.jar:/home/user/.m2/repository/com/squareup/okio/okio/1.13.0/okio-1.13.0.jar:/home/user/.m2/repository/io/jaegertracing/jaeger-core/0.34.0/jaeger-core-0.34.0.jar:/home/user/.m2/repository/io/jaegertracing/jaeger-tracerresolver/0.34.0/jaeger-tracerresolver-0.34.0.jar:/home/user/.m2/repository/io/opentracing/contrib/opentracing-tracerresolver/0.1.5/opentracing-tracerresolver-0.1.5.jar:/home/user/.m2/repository/io/opentracing/opentracing-util/0.31.0/opentracing-util-0.31.0.jar:/home/user/.m2/repository/io/opentracing/opentracing-api/0.31.0/opentracing-api-0.31.0.jar:/home/user/.m2/repository/io/opentracing/opentracing-noop/0.31.0/opentracing-noop-0.31.0.jar:/home/user/.m2/repository/org/yaml/snakeyaml/1.16/snakeyaml-1.16.jar:/home/user/.m2/repository/org/apache/hadoop/hadoop-hdds-container-service/0.5.0-SNAPSHOT/hadoop-hdds-container-service-0.5.0-SNAPSHOT.jar:/home/user/.m2/repository/org/apache/hadoop/hadoop-hdds-client/0.5.0-SNAPSHOT/hadoop-hdds-client-0.5.0-SNAPSHOT.jar:/home/user/.m2/repository/org/apache/hadoop/hadoop-hdds-tools/0.5.0-SNAPSHOT/hadoop-hdds-tools-0.5.0-SNAPSHOT.jar:/home/user/.m2/repository/org/xerial/sqlite-jdbc/3.25.2/sqlite-jdbc-3.25.2.jar:/home/user/.m2/repository/org/apache/hadoop/hadoop-hdds-server-scm/0.5.0-SNAPSHOT/hadoop-hdds-server-scm-0.5.0-SNAPSHOT.jar:/home/user/.m2/repository/org/hamcrest/hamcrest-all/1.3/hamcrest-all-1.3.jar:/home/user/.m2/repository/info/picocli/picocli/3.9.6/picocli-3.9.6.jar:/home/user/.m2/repository/com/google/protobuf/protobuf-java/2.5.0/protobuf-java-2.5.0.jar:/home/user/.m2/repository/com/google/guava/guava/11.0.2/guava-11.0.2.jar:/home/user/.m2/repository/org/apache/hadoop/hadoop-ozone-client/0.5.0-SNAPSHOT/hadoop-ozone-client-0.5.0-SNAPSHOT.jar:/workdir/hadoop-ozone/ozonefs/target/classes:/home/user/.m2/repository/org/apache/httpcomponents/httpclient/4.5.2/httpclient-4.5.2.jar:/home/user/.m2/repository/org/apache/httpcomponents/httpcore/4.4.4/httpcore-4.4.4.jar:/home/user/.m2/repository/org/apache/hadoop/hadoop-hdds-server-framework/0.5.0-SNAPSHOT/hadoop-hdds-server-framework-0.5.0-SNAPSHOT.jar:/home/user/.m2/repository/org/apache/hadoop/hadoop-common/3.2.0/hadoop-common-3.2.0.jar:/home/user/.m2/repository/org/apache/hadoop/hadoop-annotations/3.2.0/hadoop-annotations-3.2.0.jar:/usr/lib/jvm/java-1.8.0-openjdk-1.8.0.222.b10-1.el7_7.x86_64/jre/../lib/tools.jar:/home/user/.m2/repository/commons-cli/commons-cli/1.2/commons-cli-1.2.jar:/home/user/.m2/repository/org/apache/commons/commons-math3/3.1.1/commons-math3-3.1.1.jar:/home/user/.m2/repository/commons-codec/commons-codec/1.11/commons-codec-1.11.jar:/home/user/.m2/repository/commons-io/commons-io/2.5/commons-io-2.5.jar:/home/user/.m2/repository/commons-net/commons-net/3.6/commons-net-3.6.jar:/home/user/.m2/repository/commons-collections/commons-collections/3.2.2/commons-collections-3.2.2.jar:/home/user/.m2/repository/javax/servlet/javax.servlet-api/3.1.0/javax.servlet-api-3.1.0.jar:/home/user/.m2/repository/org/eclipse/jetty/jetty-server/9.3.25.v20180904/jetty-server-9.3.25.v20180904.jar:/home/user/.m2/repository/org/eclipse/jetty/jetty-http/9.3.25.v20180904/jetty-http-9.3.25.v20180904.jar:/home/user/.m2/repository/org/eclipse/jetty/jetty-io/9.3.25.v20180904/jetty-io-9.3.25.v20180904.jar:/home/user/.m2/repository/org/eclipse/jetty/jetty-util/9.3.25.v20180904/jetty-util-9.3.25.v20180904.jar:/home/user/.m2/repository/org/eclipse/jetty/jetty-servlet/9.3.25.v20180904/jetty-servlet-9.3.25.v20180904.jar:/home/user/.m2/repository/org/eclipse/jetty/jetty-security/9.3.25.v20180904/jetty-security-9.3.25.v20180904.jar:/home/user/.m2/repository/org/eclipse/jetty/jetty-webapp/9.3.25.v20180904/jetty-webapp-9.3.25.v20180904.jar:/home/user/.m2/repository/org/eclipse/jetty/jetty-xml/9.3.25.v20180904/jetty-xml-9.3.25.v20180904.jar:/home/user/.m2/repository/javax/servlet/jsp/jsp-api/2.1/jsp-api-2.1.jar:/home/user/.m2/repository/com/sun/jersey/jersey-core/1.19/jersey-core-1.19.jar:/home/user/.m2/repository/javax/ws/rs/jsr311-api/1.1.1/jsr311-api-1.1.1.jar:/home/user/.m2/repository/com/sun/jersey/jersey-servlet/1.19/jersey-servlet-1.19.jar:/home/user/.m2/repository/com/sun/jersey/jersey-json/1.19/jersey-json-1.19.jar:/home/user/.m2/repository/org/codehaus/jettison/jettison/1.1/jettison-1.1.jar:/home/user/.m2/repository/com/sun/xml/bind/jaxb-impl/2.3.0.1/jaxb-impl-2.3.0.1.jar:/home/user/.m2/repository/org/codehaus/jackson/jackson-core-asl/1.9.13/jackson-core-asl-1.9.13.jar:/home/user/.m2/repository/org/codehaus/jackson/jackson-mapper-asl/1.9.13/jackson-mapper-asl-1.9.13.jar:/home/user/.m2/repository/org/codehaus/jackson/jackson-jaxrs/1.9.13/jackson-jaxrs-1.9.13.jar:/home/user/.m2/repository/org/codehaus/jackson/jackson-xc/1.9.13/jackson-xc-1.9.13.jar:/home/user/.m2/repository/com/sun/jersey/jersey-server/1.19/jersey-server-1.19.jar:/home/user/.m2/repository/commons-logging/commons-logging/1.1.3/commons-logging-1.1.3.jar:/home/user/.m2/repository/log4j/log4j/1.2.17/log4j-1.2.17.jar:/home/user/.m2/repository/commons-beanutils/commons-beanutils/1.9.4/commons-beanutils-1.9.4.jar:/home/user/.m2/repository/org/apache/commons/commons-configuration2/2.1.1/commons-configuration2-2.1.1.jar:/home/user/.m2/repository/org/apache/commons/commons-lang3/3.7/commons-lang3-3.7.jar:/home/user/.m2/repository/org/apache/commons/commons-text/1.4/commons-text-1.4.jar:/home/user/.m2/repository/org/slf4j/slf4j-api/1.7.25/slf4j-api-1.7.25.jar:/home/user/.m2/repository/org/slf4j/slf4j-log4j12/1.7.25/slf4j-log4j12-1.7.25.jar:/home/user/.m2/repository/org/apache/avro/avro/1.7.7/avro-1.7.7.jar:/home/user/.m2/repository/com/thoughtworks/paranamer/paranamer/2.3/paranamer-2.3.jar:/home/user/.m2/repository/org/xerial/snappy/snappy-java/1.0.5/snappy-java-1.0.5.jar:/home/user/.m2/repository/com/google/re2j/re2j/1.1/re2j-1.1.jar:/home/user/.m2/repository/com/google/code/gson/gson/2.2.4/gson-2.2.4.jar:/home/user/.m2/repository/org/apache/hadoop/hadoop-auth/3.2.0/hadoop-auth-3.2.0.jar:/home/user/.m2/repository/com/nimbusds/nimbus-jose-jwt/4.41.1/nimbus-jose-jwt-4.41.1.jar:/home/user/.m2/repository/com/github/stephenc/jcip/jcip-annotations/1.0-1/jcip-annotations-1.0-1.jar:/home/user/.m2/repository/net/minidev/json-smart/2.3/json-smart-2.3.jar:/home/user/.m2/repository/net/minidev/accessors-smart/1.2/accessors-smart-1.2.jar:/home/user/.m2/repository/org/apache/curator/curator-framework/2.12.0/curator-framework-2.12.0.jar:/home/user/.m2/repository/com/jcraft/jsch/0.1.54/jsch-0.1.54.jar:/home/user/.m2/repository/org/apache/curator/curator-client/2.12.0/curator-client-2.12.0.jar:/home/user/.m2/repository/org/apache/curator/curator-recipes/2.12.0/curator-recipes-2.12.0.jar:/home/user/.m2/repository/com/google/code/findbugs/jsr305/3.0.0/jsr305-3.0.0.jar:/home/user/.m2/repository/org/apache/htrace/htrace-core4/4.1.0-incubating/htrace-core4-4.1.0-incubating.jar:/home/user/.m2/repository/org/apache/zookeeper/zookeeper/3.4.13/zookeeper-3.4.13.jar:/home/user/.m2/repository/jline/jline/0.9.94/jline-0.9.94.jar:/home/user/.m2/repository/org/apache/yetus/audience-annotations/0.5.0/audience-annotations-0.5.0.jar:/home/user/.m2/repository/org/apache/kerby/kerb-simplekdc/1.0.1/kerb-simplekdc-1.0.1.jar:/home/user/.m2/repository/org/apache/kerby/kerb-client/1.0.1/kerb-client-1.0.1.jar:/home/user/.m2/repository/org/apache/kerby/kerby-config/1.0.1/kerby-config-1.0.1.jar:/home/user/.m2/repository/org/apache/kerby/kerb-core/1.0.1/kerb-core-1.0.1.jar:/home/user/.m2/repository/org/apache/kerby/kerby-pkix/1.0.1/kerby-pkix-1.0.1.jar:/home/user/.m2/repository/org/apache/kerby/kerby-asn1/1.0.1/kerby-asn1-1.0.1.jar:/home/user/.m2/repository/org/apache/kerby/kerby-util/1.0.1/kerby-util-1.0.1.jar:/home/user/.m2/repository/org/apache/kerby/kerb-common/1.0.1/kerb-common-1.0.1.jar:/home/user/.m2/repository/org/apache/kerby/kerb-crypto/1.0.1/kerb-crypto-1.0.1.jar:/home/user/.m2/repository/org/apache/kerby/kerb-util/1.0.1/kerb-util-1.0.1.jar:/home/user/.m2/repository/org/apache/kerby/token-provider/1.0.1/token-provider-1.0.1.jar:/home/user/.m2/repository/org/apache/kerby/kerb-admin/1.0.1/kerb-admin-1.0.1.jar:/home/user/.m2/repository/org/apache/kerby/kerb-server/1.0.1/kerb-server-1.0.1.jar:/home/user/.m2/repository/org/apache/kerby/kerb-identity/1.0.1/kerb-identity-1.0.1.jar:/home/user/.m2/repository/org/apache/kerby/kerby-xdr/1.0.1/kerby-xdr-1.0.1.jar:/home/user/.m2/repository/com/fasterxml/jackson/core/jackson-databind/2.9.9/jackson-databind-2.9.9.jar:/home/user/.m2/repository/com/fasterxml/jackson/core/jackson-core/2.9.9/jackson-core-2.9.9.jar:/home/user/.m2/repository/org/codehaus/woodstox/stax2-api/3.1.4/stax2-api-3.1.4.jar:/home/user/.m2/repository/com/fasterxml/woodstox/woodstox-core/5.0.3/woodstox-core-5.0.3.jar:/home/user/.m2/repository/dnsjava/dnsjava/2.1.7/dnsjava-2.1.7.jar:/home/user/.m2/repository/org/apache/hadoop/hadoop-hdfs/3.2.0/hadoop-hdfs-3.2.0.jar:/home/user/.m2/repository/org/eclipse/jetty/jetty-util-ajax/9.3.25.v20180904/jetty-util-ajax-9.3.25.v20180904.jar:/home/user/.m2/repository/commons-daemon/commons-daemon/1.0.13/commons-daemon-1.0.13.jar:/home/user/.m2/repository/io/netty/netty/3.10.5.Final/netty-3.10.5.Final.jar:/home/user/.m2/repository/io/netty/netty-all/4.0.52.Final/netty-all-4.0.52.Final.jar:/home/user/.m2/repository/org/fusesource/leveldbjni/leveldbjni-all/1.8/leveldbjni-all-1.8.jar:/home/user/.m2/repository/com/sun/xml/bind/jaxb-core/2.3.0.1/jaxb-core-2.3.0.1.jar:/home/user/.m2/repository/javax/xml/bind/jaxb-api/2.3.0/jaxb-api-2.3.0.jar:/home/user/.m2/repository/javax/activation/activation/1.1.1/activation-1.1.1.jar:/home/user/.m2/repository/org/openjdk/jmh/jmh-core/1.19/jmh-core-1.19.jar:/home/user/.m2/repository/net/sf/jopt-simple/jopt-simple/4.6/jopt-simple-4.6.jar:/home/user/.m2/repository/org/openjdk/jmh/jmh-generator-annprocess/1.19/jmh-generator-annprocess-1.19.jar:/home/user/.m2/repository/io/dropwizard/metrics/metrics-core/3.2.4/metrics-core-3.2.4.jar:/home/user/.m2/repository/com/amazonaws/aws-java-sdk-s3/1.11.615/aws-java-sdk-s3-1.11.615.jar:/home/user/.m2/repository/com/amazonaws/aws-java-sdk-kms/1.11.615/aws-java-sdk-kms-1.11.615.jar:/home/user/.m2/repository/com/amazonaws/aws-java-sdk-core/1.11.615/aws-java-sdk-core-1.11.615.jar:/home/user/.m2/repository/software/amazon/ion/ion-java/1.0.2/ion-java-1.0.2.jar:/home/user/.m2/repository/com/fasterxml/jackson/dataformat/jackson-dataformat-cbor/2.9.9/jackson-dataformat-cbor-2.9.9.jar:/home/user/.m2/repository/joda-time/joda-time/2.9.9/joda-time-2.9.9.jar:/home/user/.m2/repository/com/amazonaws/jmespath-java/1.11.615/jmespath-java-1.11.615.jar:/home/user/.m2/repository/com/github/spotbugs/spotbugs/3.1.12/spotbugs-3.1.12.jar:/home/user/.m2/repository/org/ow2/asm/asm/5.0.4/asm-5.0.4.jar:/home/user/.m2/repository/org/ow2/asm/asm-analysis/7.0/asm-analysis-7.0.jar:/home/user/.m2/repository/org/ow2/asm/asm-commons/7.0/asm-commons-7.0.jar:/home/user/.m2/repository/org/ow2/asm/asm-tree/7.0/asm-tree-7.0.jar:/home/user/.m2/repository/org/ow2/asm/asm-util/7.0/asm-util-7.0.jar:/home/user/.m2/repository/org/apache/bcel/bcel/6.3/bcel-6.3.jar:/home/user/.m2/repository/net/jcip/jcip-annotations/1.0/jcip-annotations-1.0.jar:/home/user/.m2/repository/org/dom4j/dom4j/2.1.1/dom4j-2.1.1.jar:/home/user/.m2/repository/jaxen/jaxen/1.1.6/jaxen-1.1.6.jar:/home/user/.m2/repository/commons-lang/commons-lang/2.6/commons-lang-2.6.jar:/home/user/.m2/repository/com/github/spotbugs/spotbugs-annotations/3.1.12/spotbugs-annotations-3.1.12.jar:/home/user/.m2/repository/junit/junit/4.11/junit-4.11.jar:/home/user/.m2/repository/org/hamcrest/hamcrest-core/1.3/hamcrest-core-1.3.jar:/home/user/.m2/repository/org/apache/hadoop/hadoop-common/3.2.0/hadoop-common-3.2.0-tests.jar:/workdir/hadoop-ozone/integration-test/target/test-classes:/home/user/.m2/repository/org/apache/hadoop/hadoop-ozone-s3gateway/0.5.0-SNAPSHOT/hadoop-ozone-s3gateway-0.5.0-SNAPSHOT.jar:/home/user/.m2/repository/org/jboss/weld/servlet/weld-servlet/2.4.7.Final/weld-servlet-2.4.7.Final.jar:/home/user/.m2/repository/org/glassfish/jersey/containers/jersey-container-servlet-core/2.27/jersey-container-servlet-core-2.27.jar:/home/user/.m2/repository/org/glassfish/hk2/external/javax.inject/2.5.0-b42/javax.inject-2.5.0-b42.jar:/home/user/.m2/repository/org/glassfish/jersey/core/jersey-common/2.27/jersey-common-2.27.jar:/home/user/.m2/repository/org/glassfish/hk2/osgi-resource-locator/1.0.1/osgi-resource-locator-1.0.1.jar:/home/user/.m2/repository/javax/ws/rs/javax.ws.rs-api/2.1/javax.ws.rs-api-2.1.jar:/home/user/.m2/repository/org/glassfish/jersey/ext/cdi/jersey-cdi1x/2.27/jersey-cdi1x-2.27.jar:/home/user/.m2/repository/org/glassfish/jersey/inject/jersey-hk2/2.27/jersey-hk2-2.27.jar:/home/user/.m2/repository/org/glassfish/hk2/hk2-locator/2.5.0-b42/hk2-locator-2.5.0-b42.jar:/home/user/.m2/repository/org/javassist/javassist/3.22.0-CR2/javassist-3.22.0-CR2.jar:/home/user/.m2/repository/org/glassfish/hk2/hk2-api/2.5.0/hk2-api-2.5.0.jar:/home/user/.m2/repository/org/glassfish/hk2/external/jakarta.inject/2.5.0/jakarta.inject-2.5.0.jar:/home/user/.m2/repository/org/glassfish/hk2/hk2-utils/2.5.0/hk2-utils-2.5.0.jar:/home/user/.m2/repository/jakarta/annotation/jakarta.annotation-api/1.3.4/jakarta.annotation-api-1.3.4.jar:/home/user/.m2/repository/org/glassfish/hk2/external/aopalliance-repackaged/2.5.0/aopalliance-repackaged-2.5.0.jar:/home/user/.m2/repository/com/fasterxml/jackson/dataformat/jackson-dataformat-xml/2.9.0/jackson-dataformat-xml-2.9.0.jar:/home/user/.m2/repository/com/fasterxml/jackson/module/jackson-module-jaxb-annotations/2.9.9/jackson-module-jaxb-annotations-2.9.9.jar:/home/user/.m2/repository/javax/enterprise/cdi-api/1.2/cdi-api-1.2.jar:/home/user/.m2/repository/javax/el/javax.el-api/3.0.0/javax.el-api-3.0.0.jar:/home/user/.m2/repository/javax/interceptor/javax.interceptor-api/1.2/javax.interceptor-api-1.2.jar:/home/user/.m2/repository/javax/inject/javax.inject/1/javax.inject-1.jar:/home/user/.m2/repository/org/apache/hadoop/hadoop-ozone-csi/0.5.0-SNAPSHOT/hadoop-ozone-csi-0.5.0-SNAPSHOT.jar:/home/user/.m2/repository/com/google/protobuf/protobuf-java-util/3.5.1/protobuf-java-util-3.5.1.jar:/home/user/.m2/repository/io/grpc/grpc-netty/1.17.1/grpc-netty-1.17.1.jar:/home/user/.m2/repository/io/grpc/grpc-core/1.17.1/grpc-core-1.17.1.jar:/home/user/.m2/repository/io/grpc/grpc-context/1.17.1/grpc-context-1.17.1.jar:/home/user/.m2/repository/com/google/errorprone/error_prone_annotations/2.2.0/error_prone_annotations-2.2.0.jar:/home/user/.m2/repository/org/codehaus/mojo/animal-sniffer-annotations/1.17/animal-sniffer-annotations-1.17.jar:/home/user/.m2/repository/io/opencensus/opencensus-api/0.17.0/opencensus-api-0.17.0.jar:/home/user/.m2/repository/io/opencensus/opencensus-contrib-grpc-metrics/0.17.0/opencensus-contrib-grpc-metrics-0.17.0.jar:/home/user/.m2/repository/io/netty/netty-codec-http2/4.1.30.Final/netty-codec-http2-4.1.30.Final.jar:/home/user/.m2/repository/io/netty/netty-codec-http/4.1.30.Final/netty-codec-http-4.1.30.Final.jar:/home/user/.m2/repository/io/netty/netty-codec/4.1.30.Final/netty-codec-4.1.30.Final.jar:/home/user/.m2/repository/io/netty/netty-handler/4.1.30.Final/netty-handler-4.1.30.Final.jar:/home/user/.m2/repository/io/netty/netty-handler-proxy/4.1.30.Final/netty-handler-proxy-4.1.30.Final.jar:/home/user/.m2/repository/io/netty/netty-codec-socks/4.1.30.Final/netty-codec-socks-4.1.30.Final.jar:/home/user/.m2/repository/io/netty/netty-transport-native-epoll/4.1.30.Final/netty-transport-native-epoll-4.1.30.Final.jar:/home/user/.m2/repository/io/netty/netty-common/4.1.30.Final/netty-common-4.1.30.Final.jar:/home/user/.m2/repository/io/netty/netty-buffer/4.1.30.Final/netty-buffer-4.1.30.Final.jar:/home/user/.m2/repository/io/netty/netty-transport/4.1.30.Final/netty-transport-4.1.30.Final.jar:/home/user/.m2/repository/io/netty/netty-resolver/4.1.30.Final/netty-resolver-4.1.30.Final.jar:/home/user/.m2/repository/io/netty/netty-transport-native-unix-common/4.1.30.Final/netty-transport-native-unix-common-4.1.30.Final.jar:/home/user/.m2/repository/io/grpc/grpc-protobuf/1.17.1/grpc-protobuf-1.17.1.jar:/home/user/.m2/repository/com/google/api/grpc/proto-google-common-protos/1.0.0/proto-google-common-protos-1.0.0.jar:/home/user/.m2/repository/io/grpc/grpc-protobuf-lite/1.17.1/grpc-protobuf-lite-1.17.1.jar:/home/user/.m2/repository/io/grpc/grpc-stub/1.17.1/grpc-stub-1.17.1.jar:/home/user/.m2/repository/org/apache/hadoop/hadoop-ozone-recon/0.5.0-SNAPSHOT/hadoop-ozone-recon-0.5.0-SNAPSHOT.jar:/home/user/.m2/repository/org/apache/hadoop/hadoop-ozone-reconcodegen/0.5.0-SNAPSHOT/hadoop-ozone-reconcodegen-0.5.0-SNAPSHOT.jar:/home/user/.m2/repository/com/google/inject/extensions/guice-multibindings/4.0/guice-multibindings-4.0.jar:/home/user/.m2/repository/com/google/inject/guice/4.0/guice-4.0.jar:/home/user/.m2/repository/aopalliance/aopalliance/1.0/aopalliance-1.0.jar:/home/user/.m2/repository/com/google/inject/extensions/guice-servlet/4.0/guice-servlet-4.0.jar:/home/user/.m2/repository/org/glassfish/jersey/containers/jersey-container-servlet/2.27/jersey-container-servlet-2.27.jar:/home/user/.m2/repository/org/glassfish/hk2/guice-bridge/2.5.0/guice-bridge-2.5.0.jar:/home/user/.m2/repository/org/glassfish/jersey/core/jersey-server/2.27/jersey-server-2.27.jar:/home/user/.m2/repository/org/glassfish/jersey/core/jersey-client/2.27/jersey-client-2.27.jar:/home/user/.m2/repository/org/glassfish/jersey/media/jersey-media-jaxb/2.27/jersey-media-jaxb-2.27.jar:/home/user/.m2/repository/javax/validation/validation-api/1.1.0.Final/validation-api-1.1.0.Final.jar:/home/user/.m2/repository/org/glassfish/jersey/media/jersey-media-json-jackson/2.27/jersey-media-json-jackson-2.27.jar:/home/user/.m2/repository/org/glassfish/jersey/ext/jersey-entity-filtering/2.27/jersey-entity-filtering-2.27.jar:/home/user/.m2/repository/com/google/inject/extensions/guice-assistedinject/4.0/guice-assistedinject-4.0.jar:/home/user/.m2/repository/org/jooq/jooq/3.11.10/jooq-3.11.10.jar:/home/user/.m2/repository/org/jooq/jooq-meta/3.11.10/jooq-meta-3.11.10.jar:/home/user/.m2/repository/org/jooq/jooq-codegen/3.11.10/jooq-codegen-3.11.10.jar:/home/user/.m2/repository/com/jolbox/bonecp/0.8.0.RELEASE/bonecp-0.8.0.RELEASE.jar:/home/user/.m2/repository/org/springframework/spring-jdbc/5.1.3.RELEASE/spring-jdbc-5.1.3.RELEASE.jar:/home/user/.m2/repository/org/springframework/spring-beans/5.1.3.RELEASE/spring-beans-5.1.3.RELEASE.jar:/home/user/.m2/repository/org/springframework/spring-core/5.1.3.RELEASE/spring-core-5.1.3.RELEASE.jar:/home/user/.m2/repository/org/springframework/spring-jcl/5.1.3.RELEASE/spring-jcl-5.1.3.RELEASE.jar:/home/user/.m2/repository/org/springframework/spring-tx/5.1.3.RELEASE/spring-tx-5.1.3.RELEASE.jar:/home/user/.m2/repository/org/mockito/mockito-core/2.15.0/mockito-core-2.15.0.jar:/home/user/.m2/repository/net/bytebuddy/byte-buddy/1.7.9/byte-buddy-1.7.9.jar:/home/user/.m2/repository/net/bytebuddy/byte-buddy-agent/1.7.9/byte-buddy-agent-1.7.9.jar:/home/user/.m2/repository/org/objenesis/objenesis/1.0/objenesis-1.0.jar:"/>
    <property name="java.vm.vendor" value="Oracle Corporation"/>
    <property name="sun.arch.data.model" value="64"/>
    <property name="test.build.dir" value="/workdir/hadoop-ozone/tools/target/test-dir"/>
    <property name="test.cache.data" value=""/>
    <property name="java.vendor.url" value="http://java.oracle.com/"/>
    <property name="user.timezone" value=""/>
    <property name="java.vm.specification.version" value="1.8"/>
    <property name="os.name" value="Linux"/>
    <property name="test.build.data" value="/workdir/hadoop-ozone/tools/target/test-dir"/>
    <property name="user.country" value="US"/>
    <property name="sun.java.launcher" value="SUN_STANDARD"/>
    <property name="sun.boot.library.path" value="/usr/lib/jvm/java-1.8.0-openjdk-1.8.0.222.b10-1.el7_7.x86_64/jre/lib/amd64"/>
    <property name="sun.java.command" value="/workdir/hadoop-ozone/tools/target/surefire/surefirebooter5676955333475175842.jar /workdir/hadoop-ozone/tools/target/surefire 2019-11-13T12-19-57_348-jvmRun1 surefire1963934956780531675tmp surefire_989033157528020669842tmp"/>
    <property name="surefire.test.class.path" value="/workdir/hadoop-ozone/tools/target/test-classes:/workdir/hadoop-ozone/tools/target/classes:/home/user/.m2/repository/org/apache/hadoop/hadoop-ozone-ozone-manager/0.5.0-SNAPSHOT/hadoop-ozone-ozone-manager-0.5.0-SNAPSHOT.jar:/home/user/.m2/repository/org/apache/hadoop/hadoop-hdds-docs/0.5.0-SNAPSHOT/hadoop-hdds-docs-0.5.0-SNAPSHOT.jar:/home/user/.m2/repository/org/bouncycastle/bcprov-jdk15on/1.60/bcprov-jdk15on-1.60.jar:/home/user/.m2/repository/org/apache/hadoop/hadoop-ozone-common/0.5.0-SNAPSHOT/hadoop-ozone-common-0.5.0-SNAPSHOT.jar:/home/user/.m2/repository/org/apache/commons/commons-compress/1.4.1/commons-compress-1.4.1.jar:/home/user/.m2/repository/org/tukaani/xz/1.0/xz-1.0.jar:/home/user/.m2/repository/org/apache/hadoop/hadoop-hdfs-client/3.2.0/hadoop-hdfs-client-3.2.0.jar:/home/user/.m2/repository/com/fasterxml/jackson/core/jackson-annotations/2.9.9/jackson-annotations-2.9.9.jar:/home/user/.m2/repository/org/apache/hadoop/hadoop-hdds-common/0.5.0-SNAPSHOT/hadoop-hdds-common-0.5.0-SNAPSHOT.jar:/home/user/.m2/repository/org/apache/hadoop/hadoop-hdds-config/0.5.0-SNAPSHOT/hadoop-hdds-config-0.5.0-SNAPSHOT.jar:/home/user/.m2/repository/javax/annotation/javax.annotation-api/1.2/javax.annotation-api-1.2.jar:/home/user/.m2/repository/org/apache/ratis/ratis-server/0.5.0-d6d58d0-SNAPSHOT/ratis-server-0.5.0-d6d58d0-SNAPSHOT.jar:/home/user/.m2/repository/org/apache/ratis/ratis-thirdparty-misc/0.2.0/ratis-thirdparty-misc-0.2.0.jar:/home/user/.m2/repository/org/apache/ratis/ratis-proto/0.5.0-d6d58d0-SNAPSHOT/ratis-proto-0.5.0-d6d58d0-SNAPSHOT.jar:/home/user/.m2/repository/org/apache/ratis/ratis-common/0.5.0-d6d58d0-SNAPSHOT/ratis-common-0.5.0-d6d58d0-SNAPSHOT.jar:/home/user/.m2/repository/org/apache/ratis/ratis-client/0.5.0-d6d58d0-SNAPSHOT/ratis-client-0.5.0-d6d58d0-SNAPSHOT.jar:/home/user/.m2/repository/org/apache/ratis/ratis-metrics/0.5.0-d6d58d0-SNAPSHOT/ratis-metrics-0.5.0-d6d58d0-SNAPSHOT.jar:/home/user/.m2/repository/org/apache/ratis/ratis-netty/0.5.0-d6d58d0-SNAPSHOT/ratis-netty-0.5.0-d6d58d0-SNAPSHOT.jar:/home/user/.m2/repository/org/apache/ratis/ratis-grpc/0.5.0-d6d58d0-SNAPSHOT/ratis-grpc-0.5.0-d6d58d0-SNAPSHOT.jar:/home/user/.m2/repository/org/rocksdb/rocksdbjni/6.0.1/rocksdbjni-6.0.1.jar:/home/user/.m2/repository/org/apache/logging/log4j/log4j-api/2.11.0/log4j-api-2.11.0.jar:/home/user/.m2/repository/org/apache/logging/log4j/log4j-core/2.11.0/log4j-core-2.11.0.jar:/home/user/.m2/repository/com/lmax/disruptor/3.4.2/disruptor-3.4.2.jar:/home/user/.m2/repository/org/apache/commons/commons-pool2/2.6.0/commons-pool2-2.6.0.jar:/home/user/.m2/repository/org/bouncycastle/bcpkix-jdk15on/1.60/bcpkix-jdk15on-1.60.jar:/home/user/.m2/repository/commons-validator/commons-validator/1.6/commons-validator-1.6.jar:/home/user/.m2/repository/commons-digester/commons-digester/1.8.1/commons-digester-1.8.1.jar:/home/user/.m2/repository/io/jaegertracing/jaeger-client/0.34.0/jaeger-client-0.34.0.jar:/home/user/.m2/repository/io/jaegertracing/jaeger-thrift/0.34.0/jaeger-thrift-0.34.0.jar:/home/user/.m2/repository/org/apache/thrift/libthrift/0.12.0/libthrift-0.12.0.jar:/home/user/.m2/repository/com/squareup/okhttp3/okhttp/3.9.0/okhttp-3.9.0.jar:/home/user/.m2/repository/com/squareup/okio/okio/1.13.0/okio-1.13.0.jar:/home/user/.m2/repository/io/jaegertracing/jaeger-core/0.34.0/jaeger-core-0.34.0.jar:/home/user/.m2/repository/io/jaegertracing/jaeger-tracerresolver/0.34.0/jaeger-tracerresolver-0.34.0.jar:/home/user/.m2/repository/io/opentracing/contrib/opentracing-tracerresolver/0.1.5/opentracing-tracerresolver-0.1.5.jar:/home/user/.m2/repository/io/opentracing/opentracing-util/0.31.0/opentracing-util-0.31.0.jar:/home/user/.m2/repository/io/opentracing/opentracing-api/0.31.0/opentracing-api-0.31.0.jar:/home/user/.m2/repository/io/opentracing/opentracing-noop/0.31.0/opentracing-noop-0.31.0.jar:/home/user/.m2/repository/org/yaml/snakeyaml/1.16/snakeyaml-1.16.jar:/home/user/.m2/repository/org/apache/hadoop/hadoop-hdds-container-service/0.5.0-SNAPSHOT/hadoop-hdds-container-service-0.5.0-SNAPSHOT.jar:/home/user/.m2/repository/org/apache/hadoop/hadoop-hdds-client/0.5.0-SNAPSHOT/hadoop-hdds-client-0.5.0-SNAPSHOT.jar:/home/user/.m2/repository/org/apache/hadoop/hadoop-hdds-tools/0.5.0-SNAPSHOT/hadoop-hdds-tools-0.5.0-SNAPSHOT.jar:/home/user/.m2/repository/org/xerial/sqlite-jdbc/3.25.2/sqlite-jdbc-3.25.2.jar:/home/user/.m2/repository/org/apache/hadoop/hadoop-hdds-server-scm/0.5.0-SNAPSHOT/hadoop-hdds-server-scm-0.5.0-SNAPSHOT.jar:/home/user/.m2/repository/org/hamcrest/hamcrest-all/1.3/hamcrest-all-1.3.jar:/home/user/.m2/repository/info/picocli/picocli/3.9.6/picocli-3.9.6.jar:/home/user/.m2/repository/com/google/protobuf/protobuf-java/2.5.0/protobuf-java-2.5.0.jar:/home/user/.m2/repository/com/google/guava/guava/11.0.2/guava-11.0.2.jar:/home/user/.m2/repository/org/apache/hadoop/hadoop-ozone-client/0.5.0-SNAPSHOT/hadoop-ozone-client-0.5.0-SNAPSHOT.jar:/workdir/hadoop-ozone/ozonefs/target/classes:/home/user/.m2/repository/org/apache/httpcomponents/httpclient/4.5.2/httpclient-4.5.2.jar:/home/user/.m2/repository/org/apache/httpcomponents/httpcore/4.4.4/httpcore-4.4.4.jar:/home/user/.m2/repository/org/apache/hadoop/hadoop-hdds-server-framework/0.5.0-SNAPSHOT/hadoop-hdds-server-framework-0.5.0-SNAPSHOT.jar:/home/user/.m2/repository/org/apache/hadoop/hadoop-common/3.2.0/hadoop-common-3.2.0.jar:/home/user/.m2/repository/org/apache/hadoop/hadoop-annotations/3.2.0/hadoop-annotations-3.2.0.jar:/usr/lib/jvm/java-1.8.0-openjdk-1.8.0.222.b10-1.el7_7.x86_64/jre/../lib/tools.jar:/home/user/.m2/repository/commons-cli/commons-cli/1.2/commons-cli-1.2.jar:/home/user/.m2/repository/org/apache/commons/commons-math3/3.1.1/commons-math3-3.1.1.jar:/home/user/.m2/repository/commons-codec/commons-codec/1.11/commons-codec-1.11.jar:/home/user/.m2/repository/commons-io/commons-io/2.5/commons-io-2.5.jar:/home/user/.m2/repository/commons-net/commons-net/3.6/commons-net-3.6.jar:/home/user/.m2/repository/commons-collections/commons-collections/3.2.2/commons-collections-3.2.2.jar:/home/user/.m2/repository/javax/servlet/javax.servlet-api/3.1.0/javax.servlet-api-3.1.0.jar:/home/user/.m2/repository/org/eclipse/jetty/jetty-server/9.3.25.v20180904/jetty-server-9.3.25.v20180904.jar:/home/user/.m2/repository/org/eclipse/jetty/jetty-http/9.3.25.v20180904/jetty-http-9.3.25.v20180904.jar:/home/user/.m2/repository/org/eclipse/jetty/jetty-io/9.3.25.v20180904/jetty-io-9.3.25.v20180904.jar:/home/user/.m2/repository/org/eclipse/jetty/jetty-util/9.3.25.v20180904/jetty-util-9.3.25.v20180904.jar:/home/user/.m2/repository/org/eclipse/jetty/jetty-servlet/9.3.25.v20180904/jetty-servlet-9.3.25.v20180904.jar:/home/user/.m2/repository/org/eclipse/jetty/jetty-security/9.3.25.v20180904/jetty-security-9.3.25.v20180904.jar:/home/user/.m2/repository/org/eclipse/jetty/jetty-webapp/9.3.25.v20180904/jetty-webapp-9.3.25.v20180904.jar:/home/user/.m2/repository/org/eclipse/jetty/jetty-xml/9.3.25.v20180904/jetty-xml-9.3.25.v20180904.jar:/home/user/.m2/repository/javax/servlet/jsp/jsp-api/2.1/jsp-api-2.1.jar:/home/user/.m2/repository/com/sun/jersey/jersey-core/1.19/jersey-core-1.19.jar:/home/user/.m2/repository/javax/ws/rs/jsr311-api/1.1.1/jsr311-api-1.1.1.jar:/home/user/.m2/repository/com/sun/jersey/jersey-servlet/1.19/jersey-servlet-1.19.jar:/home/user/.m2/repository/com/sun/jersey/jersey-json/1.19/jersey-json-1.19.jar:/home/user/.m2/repository/org/codehaus/jettison/jettison/1.1/jettison-1.1.jar:/home/user/.m2/repository/com/sun/xml/bind/jaxb-impl/2.3.0.1/jaxb-impl-2.3.0.1.jar:/home/user/.m2/repository/org/codehaus/jackson/jackson-core-asl/1.9.13/jackson-core-asl-1.9.13.jar:/home/user/.m2/repository/org/codehaus/jackson/jackson-mapper-asl/1.9.13/jackson-mapper-asl-1.9.13.jar:/home/user/.m2/repository/org/codehaus/jackson/jackson-jaxrs/1.9.13/jackson-jaxrs-1.9.13.jar:/home/user/.m2/repository/org/codehaus/jackson/jackson-xc/1.9.13/jackson-xc-1.9.13.jar:/home/user/.m2/repository/com/sun/jersey/jersey-server/1.19/jersey-server-1.19.jar:/home/user/.m2/repository/commons-logging/commons-logging/1.1.3/commons-logging-1.1.3.jar:/home/user/.m2/repository/log4j/log4j/1.2.17/log4j-1.2.17.jar:/home/user/.m2/repository/commons-beanutils/commons-beanutils/1.9.4/commons-beanutils-1.9.4.jar:/home/user/.m2/repository/org/apache/commons/commons-configuration2/2.1.1/commons-configuration2-2.1.1.jar:/home/user/.m2/repository/org/apache/commons/commons-lang3/3.7/commons-lang3-3.7.jar:/home/user/.m2/repository/org/apache/commons/commons-text/1.4/commons-text-1.4.jar:/home/user/.m2/repository/org/slf4j/slf4j-api/1.7.25/slf4j-api-1.7.25.jar:/home/user/.m2/repository/org/slf4j/slf4j-log4j12/1.7.25/slf4j-log4j12-1.7.25.jar:/home/user/.m2/repository/org/apache/avro/avro/1.7.7/avro-1.7.7.jar:/home/user/.m2/repository/com/thoughtworks/paranamer/paranamer/2.3/paranamer-2.3.jar:/home/user/.m2/repository/org/xerial/snappy/snappy-java/1.0.5/snappy-java-1.0.5.jar:/home/user/.m2/repository/com/google/re2j/re2j/1.1/re2j-1.1.jar:/home/user/.m2/repository/com/google/code/gson/gson/2.2.4/gson-2.2.4.jar:/home/user/.m2/repository/org/apache/hadoop/hadoop-auth/3.2.0/hadoop-auth-3.2.0.jar:/home/user/.m2/repository/com/nimbusds/nimbus-jose-jwt/4.41.1/nimbus-jose-jwt-4.41.1.jar:/home/user/.m2/repository/com/github/stephenc/jcip/jcip-annotations/1.0-1/jcip-annotations-1.0-1.jar:/home/user/.m2/repository/net/minidev/json-smart/2.3/json-smart-2.3.jar:/home/user/.m2/repository/net/minidev/accessors-smart/1.2/accessors-smart-1.2.jar:/home/user/.m2/repository/org/apache/curator/curator-framework/2.12.0/curator-framework-2.12.0.jar:/home/user/.m2/repository/com/jcraft/jsch/0.1.54/jsch-0.1.54.jar:/home/user/.m2/repository/org/apache/curator/curator-client/2.12.0/curator-client-2.12.0.jar:/home/user/.m2/repository/org/apache/curator/curator-recipes/2.12.0/curator-recipes-2.12.0.jar:/home/user/.m2/repository/com/google/code/findbugs/jsr305/3.0.0/jsr305-3.0.0.jar:/home/user/.m2/repository/org/apache/htrace/htrace-core4/4.1.0-incubating/htrace-core4-4.1.0-incubating.jar:/home/user/.m2/repository/org/apache/zookeeper/zookeeper/3.4.13/zookeeper-3.4.13.jar:/home/user/.m2/repository/jline/jline/0.9.94/jline-0.9.94.jar:/home/user/.m2/repository/org/apache/yetus/audience-annotations/0.5.0/audience-annotations-0.5.0.jar:/home/user/.m2/repository/org/apache/kerby/kerb-simplekdc/1.0.1/kerb-simplekdc-1.0.1.jar:/home/user/.m2/repository/org/apache/kerby/kerb-client/1.0.1/kerb-client-1.0.1.jar:/home/user/.m2/repository/org/apache/kerby/kerby-config/1.0.1/kerby-config-1.0.1.jar:/home/user/.m2/repository/org/apache/kerby/kerb-core/1.0.1/kerb-core-1.0.1.jar:/home/user/.m2/repository/org/apache/kerby/kerby-pkix/1.0.1/kerby-pkix-1.0.1.jar:/home/user/.m2/repository/org/apache/kerby/kerby-asn1/1.0.1/kerby-asn1-1.0.1.jar:/home/user/.m2/repository/org/apache/kerby/kerby-util/1.0.1/kerby-util-1.0.1.jar:/home/user/.m2/repository/org/apache/kerby/kerb-common/1.0.1/kerb-common-1.0.1.jar:/home/user/.m2/repository/org/apache/kerby/kerb-crypto/1.0.1/kerb-crypto-1.0.1.jar:/home/user/.m2/repository/org/apache/kerby/kerb-util/1.0.1/kerb-util-1.0.1.jar:/home/user/.m2/repository/org/apache/kerby/token-provider/1.0.1/token-provider-1.0.1.jar:/home/user/.m2/repository/org/apache/kerby/kerb-admin/1.0.1/kerb-admin-1.0.1.jar:/home/user/.m2/repository/org/apache/kerby/kerb-server/1.0.1/kerb-server-1.0.1.jar:/home/user/.m2/repository/org/apache/kerby/kerb-identity/1.0.1/kerb-identity-1.0.1.jar:/home/user/.m2/repository/org/apache/kerby/kerby-xdr/1.0.1/kerby-xdr-1.0.1.jar:/home/user/.m2/repository/com/fasterxml/jackson/core/jackson-databind/2.9.9/jackson-databind-2.9.9.jar:/home/user/.m2/repository/com/fasterxml/jackson/core/jackson-core/2.9.9/jackson-core-2.9.9.jar:/home/user/.m2/repository/org/codehaus/woodstox/stax2-api/3.1.4/stax2-api-3.1.4.jar:/home/user/.m2/repository/com/fasterxml/woodstox/woodstox-core/5.0.3/woodstox-core-5.0.3.jar:/home/user/.m2/repository/dnsjava/dnsjava/2.1.7/dnsjava-2.1.7.jar:/home/user/.m2/repository/org/apache/hadoop/hadoop-hdfs/3.2.0/hadoop-hdfs-3.2.0.jar:/home/user/.m2/repository/org/eclipse/jetty/jetty-util-ajax/9.3.25.v20180904/jetty-util-ajax-9.3.25.v20180904.jar:/home/user/.m2/repository/commons-daemon/commons-daemon/1.0.13/commons-daemon-1.0.13.jar:/home/user/.m2/repository/io/netty/netty/3.10.5.Final/netty-3.10.5.Final.jar:/home/user/.m2/repository/io/netty/netty-all/4.0.52.Final/netty-all-4.0.52.Final.jar:/home/user/.m2/repository/org/fusesource/leveldbjni/leveldbjni-all/1.8/leveldbjni-all-1.8.jar:/home/user/.m2/repository/com/sun/xml/bind/jaxb-core/2.3.0.1/jaxb-core-2.3.0.1.jar:/home/user/.m2/repository/javax/xml/bind/jaxb-api/2.3.0/jaxb-api-2.3.0.jar:/home/user/.m2/repository/javax/activation/activation/1.1.1/activation-1.1.1.jar:/home/user/.m2/repository/org/openjdk/jmh/jmh-core/1.19/jmh-core-1.19.jar:/home/user/.m2/repository/net/sf/jopt-simple/jopt-simple/4.6/jopt-simple-4.6.jar:/home/user/.m2/repository/org/openjdk/jmh/jmh-generator-annprocess/1.19/jmh-generator-annprocess-1.19.jar:/home/user/.m2/repository/io/dropwizard/metrics/metrics-core/3.2.4/metrics-core-3.2.4.jar:/home/user/.m2/repository/com/amazonaws/aws-java-sdk-s3/1.11.615/aws-java-sdk-s3-1.11.615.jar:/home/user/.m2/repository/com/amazonaws/aws-java-sdk-kms/1.11.615/aws-java-sdk-kms-1.11.615.jar:/home/user/.m2/repository/com/amazonaws/aws-java-sdk-core/1.11.615/aws-java-sdk-core-1.11.615.jar:/home/user/.m2/repository/software/amazon/ion/ion-java/1.0.2/ion-java-1.0.2.jar:/home/user/.m2/repository/com/fasterxml/jackson/dataformat/jackson-dataformat-cbor/2.9.9/jackson-dataformat-cbor-2.9.9.jar:/home/user/.m2/repository/joda-time/joda-time/2.9.9/joda-time-2.9.9.jar:/home/user/.m2/repository/com/amazonaws/jmespath-java/1.11.615/jmespath-java-1.11.615.jar:/home/user/.m2/repository/com/github/spotbugs/spotbugs/3.1.12/spotbugs-3.1.12.jar:/home/user/.m2/repository/org/ow2/asm/asm/5.0.4/asm-5.0.4.jar:/home/user/.m2/repository/org/ow2/asm/asm-analysis/7.0/asm-analysis-7.0.jar:/home/user/.m2/repository/org/ow2/asm/asm-commons/7.0/asm-commons-7.0.jar:/home/user/.m2/repository/org/ow2/asm/asm-tree/7.0/asm-tree-7.0.jar:/home/user/.m2/repository/org/ow2/asm/asm-util/7.0/asm-util-7.0.jar:/home/user/.m2/repository/org/apache/bcel/bcel/6.3/bcel-6.3.jar:/home/user/.m2/repository/net/jcip/jcip-annotations/1.0/jcip-annotations-1.0.jar:/home/user/.m2/repository/org/dom4j/dom4j/2.1.1/dom4j-2.1.1.jar:/home/user/.m2/repository/jaxen/jaxen/1.1.6/jaxen-1.1.6.jar:/home/user/.m2/repository/commons-lang/commons-lang/2.6/commons-lang-2.6.jar:/home/user/.m2/repository/com/github/spotbugs/spotbugs-annotations/3.1.12/spotbugs-annotations-3.1.12.jar:/home/user/.m2/repository/junit/junit/4.11/junit-4.11.jar:/home/user/.m2/repository/org/hamcrest/hamcrest-core/1.3/hamcrest-core-1.3.jar:/home/user/.m2/repository/org/apache/hadoop/hadoop-common/3.2.0/hadoop-common-3.2.0-tests.jar:/workdir/hadoop-ozone/integration-test/target/test-classes:/home/user/.m2/repository/org/apache/hadoop/hadoop-ozone-s3gateway/0.5.0-SNAPSHOT/hadoop-ozone-s3gateway-0.5.0-SNAPSHOT.jar:/home/user/.m2/repository/org/jboss/weld/servlet/weld-servlet/2.4.7.Final/weld-servlet-2.4.7.Final.jar:/home/user/.m2/repository/org/glassfish/jersey/containers/jersey-container-servlet-core/2.27/jersey-container-servlet-core-2.27.jar:/home/user/.m2/repository/org/glassfish/hk2/external/javax.inject/2.5.0-b42/javax.inject-2.5.0-b42.jar:/home/user/.m2/repository/org/glassfish/jersey/core/jersey-common/2.27/jersey-common-2.27.jar:/home/user/.m2/repository/org/glassfish/hk2/osgi-resource-locator/1.0.1/osgi-resource-locator-1.0.1.jar:/home/user/.m2/repository/javax/ws/rs/javax.ws.rs-api/2.1/javax.ws.rs-api-2.1.jar:/home/user/.m2/repository/org/glassfish/jersey/ext/cdi/jersey-cdi1x/2.27/jersey-cdi1x-2.27.jar:/home/user/.m2/repository/org/glassfish/jersey/inject/jersey-hk2/2.27/jersey-hk2-2.27.jar:/home/user/.m2/repository/org/glassfish/hk2/hk2-locator/2.5.0-b42/hk2-locator-2.5.0-b42.jar:/home/user/.m2/repository/org/javassist/javassist/3.22.0-CR2/javassist-3.22.0-CR2.jar:/home/user/.m2/repository/org/glassfish/hk2/hk2-api/2.5.0/hk2-api-2.5.0.jar:/home/user/.m2/repository/org/glassfish/hk2/external/jakarta.inject/2.5.0/jakarta.inject-2.5.0.jar:/home/user/.m2/repository/org/glassfish/hk2/hk2-utils/2.5.0/hk2-utils-2.5.0.jar:/home/user/.m2/repository/jakarta/annotation/jakarta.annotation-api/1.3.4/jakarta.annotation-api-1.3.4.jar:/home/user/.m2/repository/org/glassfish/hk2/external/aopalliance-repackaged/2.5.0/aopalliance-repackaged-2.5.0.jar:/home/user/.m2/repository/com/fasterxml/jackson/dataformat/jackson-dataformat-xml/2.9.0/jackson-dataformat-xml-2.9.0.jar:/home/user/.m2/repository/com/fasterxml/jackson/module/jackson-module-jaxb-annotations/2.9.9/jackson-module-jaxb-annotations-2.9.9.jar:/home/user/.m2/repository/javax/enterprise/cdi-api/1.2/cdi-api-1.2.jar:/home/user/.m2/repository/javax/el/javax.el-api/3.0.0/javax.el-api-3.0.0.jar:/home/user/.m2/repository/javax/interceptor/javax.interceptor-api/1.2/javax.interceptor-api-1.2.jar:/home/user/.m2/repository/javax/inject/javax.inject/1/javax.inject-1.jar:/home/user/.m2/repository/org/apache/hadoop/hadoop-ozone-csi/0.5.0-SNAPSHOT/hadoop-ozone-csi-0.5.0-SNAPSHOT.jar:/home/user/.m2/repository/com/google/protobuf/protobuf-java-util/3.5.1/protobuf-java-util-3.5.1.jar:/home/user/.m2/repository/io/grpc/grpc-netty/1.17.1/grpc-netty-1.17.1.jar:/home/user/.m2/repository/io/grpc/grpc-core/1.17.1/grpc-core-1.17.1.jar:/home/user/.m2/repository/io/grpc/grpc-context/1.17.1/grpc-context-1.17.1.jar:/home/user/.m2/repository/com/google/errorprone/error_prone_annotations/2.2.0/error_prone_annotations-2.2.0.jar:/home/user/.m2/repository/org/codehaus/mojo/animal-sniffer-annotations/1.17/animal-sniffer-annotations-1.17.jar:/home/user/.m2/repository/io/opencensus/opencensus-api/0.17.0/opencensus-api-0.17.0.jar:/home/user/.m2/repository/io/opencensus/opencensus-contrib-grpc-metrics/0.17.0/opencensus-contrib-grpc-metrics-0.17.0.jar:/home/user/.m2/repository/io/netty/netty-codec-http2/4.1.30.Final/netty-codec-http2-4.1.30.Final.jar:/home/user/.m2/repository/io/netty/netty-codec-http/4.1.30.Final/netty-codec-http-4.1.30.Final.jar:/home/user/.m2/repository/io/netty/netty-codec/4.1.30.Final/netty-codec-4.1.30.Final.jar:/home/user/.m2/repository/io/netty/netty-handler/4.1.30.Final/netty-handler-4.1.30.Final.jar:/home/user/.m2/repository/io/netty/netty-handler-proxy/4.1.30.Final/netty-handler-proxy-4.1.30.Final.jar:/home/user/.m2/repository/io/netty/netty-codec-socks/4.1.30.Final/netty-codec-socks-4.1.30.Final.jar:/home/user/.m2/repository/io/netty/netty-transport-native-epoll/4.1.30.Final/netty-transport-native-epoll-4.1.30.Final.jar:/home/user/.m2/repository/io/netty/netty-common/4.1.30.Final/netty-common-4.1.30.Final.jar:/home/user/.m2/repository/io/netty/netty-buffer/4.1.30.Final/netty-buffer-4.1.30.Final.jar:/home/user/.m2/repository/io/netty/netty-transport/4.1.30.Final/netty-transport-4.1.30.Final.jar:/home/user/.m2/repository/io/netty/netty-resolver/4.1.30.Final/netty-resolver-4.1.30.Final.jar:/home/user/.m2/repository/io/netty/netty-transport-native-unix-common/4.1.30.Final/netty-transport-native-unix-common-4.1.30.Final.jar:/home/user/.m2/repository/io/grpc/grpc-protobuf/1.17.1/grpc-protobuf-1.17.1.jar:/home/user/.m2/repository/com/google/api/grpc/proto-google-common-protos/1.0.0/proto-google-common-protos-1.0.0.jar:/home/user/.m2/repository/io/grpc/grpc-protobuf-lite/1.17.1/grpc-protobuf-lite-1.17.1.jar:/home/user/.m2/repository/io/grpc/grpc-stub/1.17.1/grpc-stub-1.17.1.jar:/home/user/.m2/repository/org/apache/hadoop/hadoop-ozone-recon/0.5.0-SNAPSHOT/hadoop-ozone-recon-0.5.0-SNAPSHOT.jar:/home/user/.m2/repository/org/apache/hadoop/hadoop-ozone-reconcodegen/0.5.0-SNAPSHOT/hadoop-ozone-reconcodegen-0.5.0-SNAPSHOT.jar:/home/user/.m2/repository/com/google/inject/extensions/guice-multibindings/4.0/guice-multibindings-4.0.jar:/home/user/.m2/repository/com/google/inject/guice/4.0/guice-4.0.jar:/home/user/.m2/repository/aopalliance/aopalliance/1.0/aopalliance-1.0.jar:/home/user/.m2/repository/com/google/inject/extensions/guice-servlet/4.0/guice-servlet-4.0.jar:/home/user/.m2/repository/org/glassfish/jersey/containers/jersey-container-servlet/2.27/jersey-container-servlet-2.27.jar:/home/user/.m2/repository/org/glassfish/hk2/guice-bridge/2.5.0/guice-bridge-2.5.0.jar:/home/user/.m2/repository/org/glassfish/jersey/core/jersey-server/2.27/jersey-server-2.27.jar:/home/user/.m2/repository/org/glassfish/jersey/core/jersey-client/2.27/jersey-client-2.27.jar:/home/user/.m2/repository/org/glassfish/jersey/media/jersey-media-jaxb/2.27/jersey-media-jaxb-2.27.jar:/home/user/.m2/repository/javax/validation/validation-api/1.1.0.Final/validation-api-1.1.0.Final.jar:/home/user/.m2/repository/org/glassfish/jersey/media/jersey-media-json-jackson/2.27/jersey-media-json-jackson-2.27.jar:/home/user/.m2/repository/org/glassfish/jersey/ext/jersey-entity-filtering/2.27/jersey-entity-filtering-2.27.jar:/home/user/.m2/repository/com/google/inject/extensions/guice-assistedinject/4.0/guice-assistedinject-4.0.jar:/home/user/.m2/repository/org/jooq/jooq/3.11.10/jooq-3.11.10.jar:/home/user/.m2/repository/org/jooq/jooq-meta/3.11.10/jooq-meta-3.11.10.jar:/home/user/.m2/repository/org/jooq/jooq-codegen/3.11.10/jooq-codegen-3.11.10.jar:/home/user/.m2/repository/com/jolbox/bonecp/0.8.0.RELEASE/bonecp-0.8.0.RELEASE.jar:/home/user/.m2/repository/org/springframework/spring-jdbc/5.1.3.RELEASE/spring-jdbc-5.1.3.RELEASE.jar:/home/user/.m2/repository/org/springframework/spring-beans/5.1.3.RELEASE/spring-beans-5.1.3.RELEASE.jar:/home/user/.m2/repository/org/springframework/spring-core/5.1.3.RELEASE/spring-core-5.1.3.RELEASE.jar:/home/user/.m2/repository/org/springframework/spring-jcl/5.1.3.RELEASE/spring-jcl-5.1.3.RELEASE.jar:/home/user/.m2/repository/org/springframework/spring-tx/5.1.3.RELEASE/spring-tx-5.1.3.RELEASE.jar:/home/user/.m2/repository/org/mockito/mockito-core/2.15.0/mockito-core-2.15.0.jar:/home/user/.m2/repository/net/bytebuddy/byte-buddy/1.7.9/byte-buddy-1.7.9.jar:/home/user/.m2/repository/net/bytebuddy/byte-buddy-agent/1.7.9/byte-buddy-agent-1.7.9.jar:/home/user/.m2/repository/org/objenesis/objenesis/1.0/objenesis-1.0.jar:"/>
    <property name="sun.cpu.endian" value="little"/>
    <property name="user.home" value="/home/user"/>
    <property name="user.language" value="en"/>
    <property name="java.specification.vendor" value="Oracle Corporation"/>
    <property name="java.home" value="/usr/lib/jvm/java-1.8.0-openjdk-1.8.0.222.b10-1.el7_7.x86_64/jre"/>
    <property name="surefire.excludesFile" value="/tools/ozone-bad-unit-tests"/>
    <property name="java.security.krb5.conf" value="/workdir/hadoop-ozone/tools/target/test-classes/krb5.conf"/>
    <property name="basedir" value="/workdir/hadoop-ozone/tools"/>
    <property name="file.separator" value="/"/>
    <property name="line.separator" value="&#10;"/>
    <property name="java.vm.specification.vendor" value="Oracle Corporation"/>
    <property name="java.specification.name" value="Java Platform API Specification"/>
    <property name="java.awt.graphicsenv" value="sun.awt.X11GraphicsEnvironment"/>
    <property name="surefire.real.class.path" value="/workdir/hadoop-ozone/tools/target/surefire/surefirebooter5676955333475175842.jar"/>
    <property name="hadoop.log.dir" value="/workdir/hadoop-ozone/tools/target/log"/>
    <property name="sun.boot.class.path" value="/usr/lib/jvm/java-1.8.0-openjdk-1.8.0.222.b10-1.el7_7.x86_64/jre/lib/resources.jar:/usr/lib/jvm/java-1.8.0-openjdk-1.8.0.222.b10-1.el7_7.x86_64/jre/lib/rt.jar:/usr/lib/jvm/java-1.8.0-openjdk-1.8.0.222.b10-1.el7_7.x86_64/jre/lib/sunrsasign.jar:/usr/lib/jvm/java-1.8.0-openjdk-1.8.0.222.b10-1.el7_7.x86_64/jre/lib/jsse.jar:/usr/lib/jvm/java-1.8.0-openjdk-1.8.0.222.b10-1.el7_7.x86_64/jre/lib/jce.jar:/usr/lib/jvm/java-1.8.0-openjdk-1.8.0.222.b10-1.el7_7.x86_64/jre/lib/charsets.jar:/usr/lib/jvm/java-1.8.0-openjdk-1.8.0.222.b10-1.el7_7.x86_64/jre/lib/jfr.jar:/usr/lib/jvm/java-1.8.0-openjdk-1.8.0.222.b10-1.el7_7.x86_64/jre/classes"/>
    <property name="sun.management.compiler" value="HotSpot 64-Bit Tiered Compilers"/>
    <property name="java.runtime.version" value="1.8.0_222-b10"/>
    <property name="java.net.preferIPv4Stack" value="true"/>
    <property name="user.name" value="jenkins1000"/>
    <property name="path.separator" value=":"/>
    <property name="java.security.egd" value="file:///dev/urandom"/>
    <property name="os.version" value="3.10.0-957.12.2.el7.x86_64"/>
    <property name="java.endorsed.dirs" value="/usr/lib/jvm/java-1.8.0-openjdk-1.8.0.222.b10-1.el7_7.x86_64/jre/lib/endorsed"/>
    <property name="java.runtime.name" value="OpenJDK Runtime Environment"/>
    <property name="file.encoding" value="ANSI_X3.4-1968"/>
    <property name="java.vm.name" value="OpenJDK 64-Bit Server VM"/>
    <property name="test.build.webapps" value=""/>
    <property name="localRepository" value="/home/user/.m2/repository"/>
    <property name="java.vendor.url.bug" value="http://bugreport.sun.com/bugreport/"/>
    <property name="java.io.tmpdir" value="/tmp"/>
    <property name="require.test.libhadoop" value=""/>
    <property name="java.version" value="1.8.0_222"/>
    <property name="user.dir" value="/workdir/hadoop-ozone/tools"/>
    <property name="os.arch" value="amd64"/>
    <property name="java.vm.specification.name" value="Java Virtual Machine Specification"/>
    <property name="test.build.classes" value="/workdir/hadoop-ozone/tools/target/test-classes"/>
    <property name="java.awt.printerjob" value="sun.print.PSPrinterJob"/>
    <property name="sun.os.patch.level" value="unknown"/>
    <property name="hadoop.tmp.dir" value="/workdir/hadoop-ozone/tools/target/tmp"/>
    <property name="java.library.path" value="/usr/lib:/workdir/hadoop-ozone/tools/target/native/target/usr/local/lib:/workdir/hadoop-ozone/tools/../../hadoop-common-project/hadoop-common/target/native/target/usr/local/lib:/usr/java/packages/lib/amd64:/usr/lib64:/lib64:/lib:/usr/lib"/>
    <property name="java.vm.info" value="mixed mode"/>
    <property name="java.vendor" value="Oracle Corporation"/>
    <property name="java.vm.version" value="25.222-b10"/>
    <property name="java.ext.dirs" value="/usr/lib/jvm/java-1.8.0-openjdk-1.8.0.222.b10-1.el7_7.x86_64/jre/lib/ext:/usr/java/packages/lib/ext"/>
    <property name="sun.io.unicode.encoding" value="UnicodeLittle"/>
    <property name="java.class.version" value="52.0"/>
  </properties>
  <testcase name="testRestart" classname="org.apache.hadoop.ozone.freon.TestFreonWithPipelineDestroy" time="26.282">
    <error message="INTERNAL_ERROR org.apache.hadoop.ozone.om.exceptions.OMException: Allocated 0 blocks. Requested 5 blocks" type="java.lang.RuntimeException">java.lang.RuntimeException: INTERNAL_ERROR org.apache.hadoop.ozone.om.exceptions.OMException: Allocated 0 blocks. Requested 5 blocks
	at org.apache.hadoop.ozone.freon.RandomKeyGenerator.call(RandomKeyGenerator.java:341)
	at org.apache.hadoop.ozone.freon.TestFreonWithPipelineDestroy.startFreon(TestFreonWithPipelineDestroy.java:87)
	at org.apache.hadoop.ozone.freon.TestFreonWithPipelineDestroy.testRestart(TestFreonWithPipelineDestroy.java:74)
	at sun.reflect.NativeMethodAccessorImpl.invoke0(Native Method)
	at sun.reflect.NativeMethodAccessorImpl.invoke(NativeMethodAccessorImpl.java:62)
	at sun.reflect.DelegatingMethodAccessorImpl.invoke(DelegatingMethodAccessorImpl.java:43)
	at java.lang.reflect.Method.invoke(Method.java:498)
	at org.junit.runners.model.FrameworkMethod$1.runReflectiveCall(FrameworkMethod.java:47)
	at org.junit.internal.runners.model.ReflectiveCallable.run(ReflectiveCallable.java:12)
	at org.junit.runners.model.FrameworkMethod.invokeExplosively(FrameworkMethod.java:44)
	at org.junit.internal.runners.statements.InvokeMethod.evaluate(InvokeMethod.java:17)
	at org.junit.runners.ParentRunner.runLeaf(ParentRunner.java:271)
	at org.junit.runners.BlockJUnit4ClassRunner.runChild(BlockJUnit4ClassRunner.java:70)
	at org.junit.runners.BlockJUnit4ClassRunner.runChild(BlockJUnit4ClassRunner.java:50)
	at org.junit.runners.ParentRunner$3.run(ParentRunner.java:238)
	at org.junit.runners.ParentRunner$1.schedule(ParentRunner.java:63)
	at org.junit.runners.ParentRunner.runChildren(ParentRunner.java:236)
	at org.junit.runners.ParentRunner.access$000(ParentRunner.java:53)
	at org.junit.runners.ParentRunner$2.evaluate(ParentRunner.java:229)
	at org.junit.internal.runners.statements.RunBefores.evaluate(RunBefores.java:26)
	at org.junit.internal.runners.statements.RunAfters.evaluate(RunAfters.java:27)
	at org.junit.runners.ParentRunner.run(ParentRunner.java:309)
	at org.apache.maven.surefire.junit4.JUnit4Provider.execute(JUnit4Provider.java:365)
	at org.apache.maven.surefire.junit4.JUnit4Provider.executeWithRerun(JUnit4Provider.java:273)
	at org.apache.maven.surefire.junit4.JUnit4Provider.executeTestSet(JUnit4Provider.java:238)
	at org.apache.maven.surefire.junit4.JUnit4Provider.invoke(JUnit4Provider.java:159)
	at org.apache.maven.surefire.booter.ForkedBooter.invokeProviderInSameClassLoader(ForkedBooter.java:384)
	at org.apache.maven.surefire.booter.ForkedBooter.runSuitesInProcess(ForkedBooter.java:345)
	at org.apache.maven.surefire.booter.ForkedBooter.execute(ForkedBooter.java:126)
	at org.apache.maven.surefire.booter.ForkedBooter.main(ForkedBooter.java:418)
Caused by: INTERNAL_ERROR org.apache.hadoop.ozone.om.exceptions.OMException: Allocated 0 blocks. Requested 5 blocks
	at org.apache.hadoop.ozone.om.protocolPB.OzoneManagerProtocolClientSideTranslatorPB.handleError(OzoneManagerProtocolClientSideTranslatorPB.java:761)
	at org.apache.hadoop.ozone.om.protocolPB.OzoneManagerProtocolClientSideTranslatorPB.openKey(OzoneManagerProtocolClientSideTranslatorPB.java:752)
	at sun.reflect.NativeMethodAccessorImpl.invoke0(Native Method)
	at sun.reflect.NativeMethodAccessorImpl.invoke(NativeMethodAccessorImpl.java:62)
	at sun.reflect.DelegatingMethodAccessorImpl.invoke(DelegatingMethodAccessorImpl.java:43)
	at java.lang.reflect.Method.invoke(Method.java:498)
	at org.apache.hadoop.hdds.tracing.TraceAllMethod.invoke(TraceAllMethod.java:66)
	at com.sun.proxy.$Proxy37.openKey(Unknown Source)
	at org.apache.hadoop.ozone.client.rpc.RpcClient.createKey(RpcClient.java:634)
	at org.apache.hadoop.ozone.client.OzoneBucket.createKey(OzoneBucket.java:325)
	at org.apache.hadoop.ozone.freon.RandomKeyGenerator.createKey(RandomKeyGenerator.java:697)
	at org.apache.hadoop.ozone.freon.RandomKeyGenerator.access$1100(RandomKeyGenerator.java:88)
	at org.apache.hadoop.ozone.freon.RandomKeyGenerator$ObjectCreator.run(RandomKeyGenerator.java:615)
	at java.util.concurrent.Executors$RunnableAdapter.call(Executors.java:511)
	at java.util.concurrent.FutureTask.run(FutureTask.java:266)
	at java.util.concurrent.ThreadPoolExecutor.runWorker(ThreadPoolExecutor.java:1149)
	at java.util.concurrent.ThreadPoolExecutor$Worker.run(ThreadPoolExecutor.java:624)
	at java.lang.Thread.run(Thread.java:748)
</error>
    <system-out><![CDATA[2019-11-13 14:35:31,807 [main] WARN  server.ServerUtils (ServerUtils.java:getScmDbDir(145)) - ozone.scm.db.dirs is not configured. We recommend adding this setting. Falling back to ozone.metadata.dirs instead.
2019-11-13 14:35:35,528 [main] WARN  server.ServerUtils (ServerUtils.java:getScmDbDir(145)) - ozone.scm.db.dirs is not configured. We recommend adding this setting. Falling back to ozone.metadata.dirs instead.
2019-11-13 14:35:35,532 [main] WARN  server.ServerUtils (ServerUtils.java:getScmDbDir(145)) - ozone.scm.db.dirs is not configured. We recommend adding this setting. Falling back to ozone.metadata.dirs instead.
2019-11-13 14:35:35,573 [main] INFO  util.log (Log.java:initialized(192)) - Logging initialized @4488ms
2019-11-13 14:35:35,683 [main] INFO  db.DBStoreBuilder (DBStoreBuilder.java:addTable(127)) - using custom profile for table: deletedBlocks
2019-11-13 14:35:35,683 [main] INFO  db.DBStoreBuilder (DBStoreBuilder.java:processTables(183)) - Using default column profile:DBProfile.DISK for Table:deletedBlocks
2019-11-13 14:35:35,684 [main] INFO  db.DBStoreBuilder (DBStoreBuilder.java:addTable(127)) - using custom profile for table: validCerts
2019-11-13 14:35:35,684 [main] INFO  db.DBStoreBuilder (DBStoreBuilder.java:processTables(183)) - Using default column profile:DBProfile.DISK for Table:validCerts
2019-11-13 14:35:35,684 [main] INFO  db.DBStoreBuilder (DBStoreBuilder.java:addTable(127)) - using custom profile for table: revokedCerts
2019-11-13 14:35:35,684 [main] INFO  db.DBStoreBuilder (DBStoreBuilder.java:processTables(183)) - Using default column profile:DBProfile.DISK for Table:revokedCerts
2019-11-13 14:35:35,695 [main] INFO  db.DBStoreBuilder (DBStoreBuilder.java:addTable(127)) - using custom profile for table: default
2019-11-13 14:35:35,695 [main] INFO  db.DBStoreBuilder (DBStoreBuilder.java:processTables(189)) - Using default column profile:DBProfile.DISK for Table:default
2019-11-13 14:35:35,696 [main] INFO  db.DBStoreBuilder (DBStoreBuilder.java:getDbProfile(220)) - Using default options. DBProfile.DISK
2019-11-13 14:35:36,060 [main] INFO  net.NodeSchemaLoader (NodeSchemaLoader.java:loadSchemaFromFile(125)) - Loading file from sun.misc.CompoundEnumeration@618b19ad
2019-11-13 14:35:36,063 [main] INFO  net.NodeSchemaLoader (NodeSchemaLoader.java:loadSchema(171)) - Loading network topology layer schema file
2019-11-13 14:35:36,147 [main] INFO  node.SCMNodeManager (SCMNodeManager.java:<init>(116)) - Entering startup safe mode.
2019-11-13 14:35:36,212 [main] INFO  algorithms.ContainerPlacementPolicyFactory (ContainerPlacementPolicyFactory.java:getPolicy(57)) - Create container placement policy of type org.apache.hadoop.hdds.scm.container.placement.algorithms.SCMContainerPlacementRandom
2019-11-13 14:35:36,225 [main] WARN  server.ServerUtils (ServerUtils.java:getScmDbDir(145)) - ozone.scm.db.dirs is not configured. We recommend adding this setting. Falling back to ozone.metadata.dirs instead.
2019-11-13 14:35:36,366 [main] INFO  pipeline.SCMPipelineManager (SCMPipelineManager.java:initializePipelineState(132)) - No pipeline exists in current db
2019-11-13 14:35:36,369 [main] WARN  server.ServerUtils (ServerUtils.java:getScmDbDir(145)) - ozone.scm.db.dirs is not configured. We recommend adding this setting. Falling back to ozone.metadata.dirs instead.
2019-11-13 14:35:36,540 [main] WARN  events.EventQueue (EventQueue.java:fireEvent(183)) - No event handler registered for event TypedEvent{payloadType=SafeModeStatus, name='SafeModeStatus'}
2019-11-13 14:35:36,910 [main] INFO  ipc.CallQueueManager (CallQueueManager.java:<init>(84)) - Using callQueue: class java.util.concurrent.LinkedBlockingQueue, queueCapacity: 2000, scheduler: class org.apache.hadoop.ipc.DefaultRpcScheduler, ipcBackoff: false.
2019-11-13 14:35:36,936 [Socket Reader #1 for port 43868] INFO  ipc.Server (Server.java:run(1074)) - Starting Socket Reader #1 for port 43868
2019-11-13 14:35:37,068 [main] INFO  ipc.CallQueueManager (CallQueueManager.java:<init>(84)) - Using callQueue: class java.util.concurrent.LinkedBlockingQueue, queueCapacity: 2000, scheduler: class org.apache.hadoop.ipc.DefaultRpcScheduler, ipcBackoff: false.
2019-11-13 14:35:37,070 [Socket Reader #1 for port 34955] INFO  ipc.Server (Server.java:run(1074)) - Starting Socket Reader #1 for port 34955
2019-11-13 14:35:37,081 [main] INFO  ipc.CallQueueManager (CallQueueManager.java:<init>(84)) - Using callQueue: class java.util.concurrent.LinkedBlockingQueue, queueCapacity: 2000, scheduler: class org.apache.hadoop.ipc.DefaultRpcScheduler, ipcBackoff: false.
2019-11-13 14:35:37,082 [Socket Reader #1 for port 38688] INFO  ipc.Server (Server.java:run(1074)) - Starting Socket Reader #1 for port 38688
2019-11-13 14:35:37,113 [main] INFO  hdfs.DFSUtil (DFSUtil.java:httpServerTemplateForNNAndJN(1641)) - Starting Web-server for scm at: http://0.0.0.0:0
2019-11-13 14:35:37,238 [main] INFO  server.AuthenticationFilter (AuthenticationFilter.java:constructSecretProvider(240)) - Unable to initialize FileSignerSecretProvider, falling back to use random secrets.
2019-11-13 14:35:37,254 [main] WARN  http.HttpRequestLog (HttpRequestLog.java:getRequestLog(97)) - Jetty request log can only be enabled using Log4j
2019-11-13 14:35:37,263 [main] INFO  http.HttpServer2 (HttpServer2.java:addGlobalFilter(975)) - Added global filter 'safety' (class=org.apache.hadoop.http.HttpServer2$QuotingInputFilter)
2019-11-13 14:35:37,266 [main] INFO  http.HttpServer2 (HttpServer2.java:addFilter(948)) - Added filter static_user_filter (class=org.apache.hadoop.http.lib.StaticUserWebFilter$StaticUserFilter) to context scm
2019-11-13 14:35:37,266 [main] INFO  http.HttpServer2 (HttpServer2.java:addFilter(958)) - Added filter static_user_filter (class=org.apache.hadoop.http.lib.StaticUserWebFilter$StaticUserFilter) to context static
2019-11-13 14:35:37,266 [main] INFO  http.HttpServer2 (HttpServer2.java:addFilter(958)) - Added filter static_user_filter (class=org.apache.hadoop.http.lib.StaticUserWebFilter$StaticUserFilter) to context logs
2019-11-13 14:35:37,291 [main] INFO  server.StorageContainerManager (StorageContainerManager.java:start(764)) - StorageContainerLocationProtocol RPC server is listening at /0.0.0.0:38688
2019-11-13 14:35:37,342 [main] WARN  impl.MetricsConfig (MetricsConfig.java:loadFirst(134)) - Cannot locate configuration: tried hadoop-metrics2-storagecontainermanager.properties,hadoop-metrics2.properties
2019-11-13 14:35:37,355 [main] INFO  impl.MetricsSystemImpl (MetricsSystemImpl.java:startTimer(374)) - Scheduled Metric snapshot period at 10 second(s).
2019-11-13 14:35:37,355 [main] INFO  impl.MetricsSystemImpl (MetricsSystemImpl.java:start(191)) - StorageContainerManager metrics system started
2019-11-13 14:35:37,573 [main] INFO  server.SCMClientProtocolServer (SCMClientProtocolServer.java:start(159)) - RPC server for Client  is listening at /0.0.0.0:38688
2019-11-13 14:35:37,573 [IPC Server Responder] INFO  ipc.Server (Server.java:run(1314)) - IPC Server Responder: starting
2019-11-13 14:35:37,573 [IPC Server listener on 38688] INFO  ipc.Server (Server.java:run(1153)) - IPC Server listener on 38688: starting
2019-11-13 14:35:37,577 [main] INFO  server.StorageContainerManager (StorageContainerManager.java:start(774)) - ScmBlockLocationProtocol RPC server is listening at /0.0.0.0:34955
2019-11-13 14:35:37,578 [main] INFO  server.SCMBlockProtocolServer (SCMBlockProtocolServer.java:start(146)) - RPC server for Block Protocol is listening at /0.0.0.0:34955
2019-11-13 14:35:37,579 [IPC Server Responder] INFO  ipc.Server (Server.java:run(1314)) - IPC Server Responder: starting
2019-11-13 14:35:37,579 [IPC Server listener on 34955] INFO  ipc.Server (Server.java:run(1153)) - IPC Server listener on 34955: starting
2019-11-13 14:35:37,582 [main] INFO  server.StorageContainerManager (StorageContainerManager.java:start(778)) - ScmDatanodeProtocl RPC server is listening at /0.0.0.0:43868
2019-11-13 14:35:37,582 [main] INFO  server.SCMDatanodeProtocolServer (SCMDatanodeProtocolServer.java:start(169)) - RPC server for DataNodes is listening at /0.0.0.0:43868
2019-11-13 14:35:37,583 [IPC Server Responder] INFO  ipc.Server (Server.java:run(1314)) - IPC Server Responder: starting
2019-11-13 14:35:37,583 [IPC Server listener on 43868] INFO  ipc.Server (Server.java:run(1153)) - IPC Server listener on 43868: starting
2019-11-13 14:35:37,589 [main] INFO  http.HttpServer2 (HttpServer2.java:bindListener(1191)) - Jetty bound to port 35846
2019-11-13 14:35:37,590 [main] INFO  server.Server (Server.java:doStart(351)) - jetty-9.3.25.v20180904, build timestamp: 2018-09-04T21:11:46Z, git hash: 3ce520221d0240229c862b122d2b06c12a625732
2019-11-13 14:35:37,623 [main] INFO  handler.ContextHandler (ContextHandler.java:doStart(781)) - Started o.e.j.s.ServletContextHandler@293a5f75{/logs,file:///workdir/hadoop-ozone/tools/target/log,AVAILABLE}
2019-11-13 14:35:37,624 [main] INFO  handler.ContextHandler (ContextHandler.java:doStart(781)) - Started o.e.j.s.ServletContextHandler@2dd29a59{/static,jar:file:/home/user/.m2/repository/org/apache/hadoop/hadoop-hdds-server-scm/0.5.0-SNAPSHOT/hadoop-hdds-server-scm-0.5.0-SNAPSHOT.jar!/webapps/static,AVAILABLE}
2019-11-13 14:35:37,690 [main] INFO  handler.ContextHandler (ContextHandler.java:doStart(781)) - Started o.e.j.w.WebAppContext@6815c5f2{/,file:///tmp/jetty-0.0.0.0-35846-scm-_-any-2437186718125518838.dir/webapp/,AVAILABLE}{/scm}
2019-11-13 14:35:37,695 [main] INFO  server.AbstractConnector (AbstractConnector.java:doStart(278)) - Started ServerConnector@7689ddef{HTTP/1.1,[http/1.1]}{0.0.0.0:35846}
2019-11-13 14:35:37,695 [main] INFO  server.Server (Server.java:doStart(419)) - Started @6610ms
2019-11-13 14:35:37,698 [main] INFO  impl.MetricsSinkAdapter (MetricsSinkAdapter.java:start(204)) - Sink prometheus started
2019-11-13 14:35:37,698 [main] INFO  impl.MetricsSystemImpl (MetricsSystemImpl.java:registerSink(301)) - Registered sink prometheus
2019-11-13 14:35:37,699 [main] INFO  server.BaseHttpServer (BaseHttpServer.java:updateConnectorAddress(215)) - HTTP server of SCM is listening at http://0.0.0.0:35846
2019-11-13 14:35:37,706 [org.apache.hadoop.util.JvmPauseMonitor$Monitor@27eb3298] INFO  util.JvmPauseMonitor (JvmPauseMonitor.java:run(188)) - Starting JVM pause monitor
2019-11-13 14:35:37,708 [main] WARN  server.ServerUtils (ServerUtils.java:getDBPath(222)) - ozone.om.db.dirs is not configured. We recommend adding this setting. Falling back to ozone.metadata.dirs instead.
2019-11-13 14:35:37,819 [main] INFO  ha.OMHANodeDetails (OMHANodeDetails.java:loadOMHAConfig(190)) - Configuration either no ozone.om.address set. Falling back to the default OM address /127.0.0.1:0
2019-11-13 14:35:37,819 [main] INFO  ha.OMHANodeDetails (OMHANodeDetails.java:getOMNodeDetails(220)) - OM Service ID is not set. Setting it to the default ID: omServiceIdDefault
2019-11-13 14:35:37,820 [main] WARN  server.ServerUtils (ServerUtils.java:getDBPath(222)) - ozone.om.db.dirs is not configured. We recommend adding this setting. Falling back to ozone.metadata.dirs instead.
2019-11-13 14:35:37,821 [main] WARN  server.ServerUtils (ServerUtils.java:getDBPath(222)) - ozone.om.db.dirs is not configured. We recommend adding this setting. Falling back to ozone.metadata.dirs instead.
2019-11-13 14:35:38,359 [main] WARN  server.ServerUtils (ServerUtils.java:getDBPath(222)) - ozone.om.db.dirs is not configured. We recommend adding this setting. Falling back to ozone.metadata.dirs instead.
2019-11-13 14:35:38,366 [main] INFO  db.DBStoreBuilder (DBStoreBuilder.java:addTable(127)) - using custom profile for table: userTable
2019-11-13 14:35:38,366 [main] INFO  db.DBStoreBuilder (DBStoreBuilder.java:processTables(183)) - Using default column profile:DBProfile.DISK for Table:userTable
2019-11-13 14:35:38,366 [main] INFO  db.DBStoreBuilder (DBStoreBuilder.java:addTable(127)) - using custom profile for table: volumeTable
2019-11-13 14:35:38,366 [main] INFO  db.DBStoreBuilder (DBStoreBuilder.java:processTables(183)) - Using default column profile:DBProfile.DISK for Table:volumeTable
2019-11-13 14:35:38,367 [main] INFO  db.DBStoreBuilder (DBStoreBuilder.java:addTable(127)) - using custom profile for table: bucketTable
2019-11-13 14:35:38,367 [main] INFO  db.DBStoreBuilder (DBStoreBuilder.java:processTables(183)) - Using default column profile:DBProfile.DISK for Table:bucketTable
2019-11-13 14:35:38,367 [main] INFO  db.DBStoreBuilder (DBStoreBuilder.java:addTable(127)) - using custom profile for table: keyTable
2019-11-13 14:35:38,367 [main] INFO  db.DBStoreBuilder (DBStoreBuilder.java:processTables(183)) - Using default column profile:DBProfile.DISK for Table:keyTable
2019-11-13 14:35:38,367 [main] INFO  db.DBStoreBuilder (DBStoreBuilder.java:addTable(127)) - using custom profile for table: deletedTable
2019-11-13 14:35:38,368 [main] INFO  db.DBStoreBuilder (DBStoreBuilder.java:processTables(183)) - Using default column profile:DBProfile.DISK for Table:deletedTable
2019-11-13 14:35:38,368 [main] INFO  db.DBStoreBuilder (DBStoreBuilder.java:addTable(127)) - using custom profile for table: openKeyTable
2019-11-13 14:35:38,368 [main] INFO  db.DBStoreBuilder (DBStoreBuilder.java:processTables(183)) - Using default column profile:DBProfile.DISK for Table:openKeyTable
2019-11-13 14:35:38,368 [main] INFO  db.DBStoreBuilder (DBStoreBuilder.java:addTable(127)) - using custom profile for table: s3Table
2019-11-13 14:35:38,368 [main] INFO  db.DBStoreBuilder (DBStoreBuilder.java:processTables(183)) - Using default column profile:DBProfile.DISK for Table:s3Table
2019-11-13 14:35:38,369 [main] INFO  db.DBStoreBuilder (DBStoreBuilder.java:addTable(127)) - using custom profile for table: multipartInfoTable
2019-11-13 14:35:38,369 [main] INFO  db.DBStoreBuilder (DBStoreBuilder.java:processTables(183)) - Using default column profile:DBProfile.DISK for Table:multipartInfoTable
2019-11-13 14:35:38,369 [main] INFO  db.DBStoreBuilder (DBStoreBuilder.java:addTable(127)) - using custom profile for table: dTokenTable
2019-11-13 14:35:38,369 [main] INFO  db.DBStoreBuilder (DBStoreBuilder.java:processTables(183)) - Using default column profile:DBProfile.DISK for Table:dTokenTable
2019-11-13 14:35:38,369 [main] INFO  db.DBStoreBuilder (DBStoreBuilder.java:addTable(127)) - using custom profile for table: s3SecretTable
2019-11-13 14:35:38,370 [main] INFO  db.DBStoreBuilder (DBStoreBuilder.java:processTables(183)) - Using default column profile:DBProfile.DISK for Table:s3SecretTable
2019-11-13 14:35:38,370 [main] INFO  db.DBStoreBuilder (DBStoreBuilder.java:addTable(127)) - using custom profile for table: prefixTable
2019-11-13 14:35:38,370 [main] INFO  db.DBStoreBuilder (DBStoreBuilder.java:processTables(183)) - Using default column profile:DBProfile.DISK for Table:prefixTable
2019-11-13 14:35:38,370 [main] INFO  db.DBStoreBuilder (DBStoreBuilder.java:addTable(127)) - using custom profile for table: default
2019-11-13 14:35:38,371 [main] INFO  db.DBStoreBuilder (DBStoreBuilder.java:processTables(189)) - Using default column profile:DBProfile.DISK for Table:default
2019-11-13 14:35:38,371 [main] INFO  db.DBStoreBuilder (DBStoreBuilder.java:getDbProfile(220)) - Using default options. DBProfile.DISK
2019-11-13 14:35:39,896 [main] INFO  ipc.CallQueueManager (CallQueueManager.java:<init>(84)) - Using callQueue: class java.util.concurrent.LinkedBlockingQueue, queueCapacity: 2000, scheduler: class org.apache.hadoop.ipc.DefaultRpcScheduler, ipcBackoff: false.
2019-11-13 14:35:39,897 [Socket Reader #1 for port 42189] INFO  ipc.Server (Server.java:run(1074)) - Starting Socket Reader #1 for port 42189
2019-11-13 14:35:39,925 [main] INFO  om.OzoneManager (OzoneManager.java:start(1077)) - OzoneManager RPC server is listening at localhost/127.0.0.1:42189
2019-11-13 14:35:39,925 [main] INFO  impl.MetricsSystemImpl (MetricsSystemImpl.java:init(158)) - OzoneManager metrics system started (again)
2019-11-13 14:35:39,935 [IPC Server Responder] INFO  ipc.Server (Server.java:run(1314)) - IPC Server Responder: starting
2019-11-13 14:35:39,935 [IPC Server listener on 42189] INFO  ipc.Server (Server.java:run(1153)) - IPC Server listener on 42189: starting
2019-11-13 14:35:39,942 [main] INFO  hdfs.DFSUtil (DFSUtil.java:httpServerTemplateForNNAndJN(1641)) - Starting Web-server for ozoneManager at: http://0.0.0.0:0
2019-11-13 14:35:39,944 [main] INFO  server.AuthenticationFilter (AuthenticationFilter.java:constructSecretProvider(240)) - Unable to initialize FileSignerSecretProvider, falling back to use random secrets.
2019-11-13 14:35:39,945 [main] WARN  http.HttpRequestLog (HttpRequestLog.java:getRequestLog(97)) - Jetty request log can only be enabled using Log4j
2019-11-13 14:35:39,949 [main] INFO  http.HttpServer2 (HttpServer2.java:addGlobalFilter(975)) - Added global filter 'safety' (class=org.apache.hadoop.http.HttpServer2$QuotingInputFilter)
2019-11-13 14:35:39,950 [main] INFO  http.HttpServer2 (HttpServer2.java:addFilter(948)) - Added filter static_user_filter (class=org.apache.hadoop.http.lib.StaticUserWebFilter$StaticUserFilter) to context ozoneManager
2019-11-13 14:35:39,951 [main] INFO  http.HttpServer2 (HttpServer2.java:addFilter(958)) - Added filter static_user_filter (class=org.apache.hadoop.http.lib.StaticUserWebFilter$StaticUserFilter) to context static
2019-11-13 14:35:39,951 [main] INFO  http.HttpServer2 (HttpServer2.java:addFilter(958)) - Added filter static_user_filter (class=org.apache.hadoop.http.lib.StaticUserWebFilter$StaticUserFilter) to context logs
2019-11-13 14:35:39,954 [main] INFO  http.HttpServer2 (HttpServer2.java:bindListener(1191)) - Jetty bound to port 43188
2019-11-13 14:35:39,954 [main] INFO  server.Server (Server.java:doStart(351)) - jetty-9.3.25.v20180904, build timestamp: 2018-09-04T21:11:46Z, git hash: 3ce520221d0240229c862b122d2b06c12a625732
2019-11-13 14:35:39,957 [main] INFO  handler.ContextHandler (ContextHandler.java:doStart(781)) - Started o.e.j.s.ServletContextHandler@7b208b45{/logs,file:///workdir/hadoop-ozone/tools/target/log,AVAILABLE}
2019-11-13 14:35:39,958 [main] INFO  handler.ContextHandler (ContextHandler.java:doStart(781)) - Started o.e.j.s.ServletContextHandler@34523d46{/static,jar:file:/home/user/.m2/repository/org/apache/hadoop/hadoop-ozone-ozone-manager/0.5.0-SNAPSHOT/hadoop-ozone-ozone-manager-0.5.0-SNAPSHOT.jar!/webapps/static,AVAILABLE}
2019-11-13 14:35:40,025 [main] INFO  handler.ContextHandler (ContextHandler.java:doStart(781)) - Started o.e.j.w.WebAppContext@2a49fe{/,file:///tmp/jetty-0.0.0.0-43188-ozoneManager-_-any-3945390631468456931.dir/webapp/,AVAILABLE}{/ozoneManager}
2019-11-13 14:35:40,026 [main] INFO  server.AbstractConnector (AbstractConnector.java:doStart(278)) - Started ServerConnector@66596a88{HTTP/1.1,[http/1.1]}{0.0.0.0:43188}
2019-11-13 14:35:40,027 [main] INFO  server.Server (Server.java:doStart(419)) - Started @8942ms
2019-11-13 14:35:40,027 [main] WARN  impl.MetricsSystemImpl (MetricsSystemImpl.java:register(276)) - Sink prometheus already exists!
2019-11-13 14:35:40,029 [main] INFO  server.BaseHttpServer (BaseHttpServer.java:updateConnectorAddress(215)) - HTTP server of OZONEMANAGER is listening at http://0.0.0.0:43188
2019-11-13 14:35:40,290 [main] INFO  impl.MetricsSystemImpl (MetricsSystemImpl.java:init(158)) - HddsDatanode metrics system started (again)
2019-11-13 14:35:40,335 [main] INFO  ozone.HddsDatanodeService (HddsDatanodeService.java:start(186)) - HddsDatanodeService host:pr-hdds-2452-7vw7s-1330541530 ip:192.168.157.200
2019-11-13 14:35:40,371 [main] INFO  volume.HddsVolume (HddsVolume.java:<init>(176)) - Creating Volume: /workdir/hadoop-ozone/tools/target/test-dir/MiniOzoneClusterImpl-4b23d5b9-0cd4-4e70-8948-e43dc5858374/datanode-0/data/containers/hdds of  storage type : DISK and capacity : 1482555576320
2019-11-13 14:35:40,373 [main] INFO  volume.VolumeSet (VolumeSet.java:initializeVolumeSet(170)) - Added Volume : /workdir/hadoop-ozone/tools/target/test-dir/MiniOzoneClusterImpl-4b23d5b9-0cd4-4e70-8948-e43dc5858374/datanode-0/data/containers/hdds to VolumeSet
2019-11-13 14:35:40,376 [main] INFO  volume.ThrottledAsyncChecker (ThrottledAsyncChecker.java:schedule(141)) - Scheduling a check for /workdir/hadoop-ozone/tools/target/test-dir/MiniOzoneClusterImpl-4b23d5b9-0cd4-4e70-8948-e43dc5858374/datanode-0/data/containers/hdds
2019-11-13 14:35:40,394 [main] INFO  volume.HddsVolumeChecker (HddsVolumeChecker.java:checkAllVolumes(204)) - Scheduled health check for volume /workdir/hadoop-ozone/tools/target/test-dir/MiniOzoneClusterImpl-4b23d5b9-0cd4-4e70-8948-e43dc5858374/datanode-0/data/containers/hdds
2019-11-13 14:35:40,503 [main] INFO  impl.RaftServerProxy (ConfUtils.java:logGet(43)) - raft.rpc.type = GRPC (default)
2019-11-13 14:35:40,567 [main] INFO  grpc.GrpcFactory (GrpcFactory.java:checkPooledByteBufAllocatorUseCacheForAllThreads(45)) - PERFORMANCE WARNING: useCacheForAllThreads is true that may cause Netty to create a lot garbage objects and, as a result, trigger GC.
	It is recommended to disable useCacheForAllThreads by setting -Dorg.apache.ratis.thirdparty.io.netty.allocator.useCacheForAllThreads=false in command line.
2019-11-13 14:35:40,572 [main] INFO  grpc.GrpcConfigKeys$Server (ConfUtils.java:logGet(43)) - raft.grpc.server.port = 0 (default)
2019-11-13 14:35:40,573 [main] INFO  server.GrpcService (ConfUtils.java:logGet(43)) - raft.grpc.message.size.max = 33570816 (custom)
2019-11-13 14:35:40,574 [main] INFO  server.RaftServerConfigKeys (ConfUtils.java:logGet(43)) - raft.server.log.appender.buffer.byte-limit = 33554432 (custom)
2019-11-13 14:35:40,575 [main] INFO  server.GrpcService (ConfUtils.java:logGet(43)) - raft.grpc.flow.control.window = 1MB (=1048576) (default)
2019-11-13 14:35:40,576 [main] INFO  server.RaftServerConfigKeys (ConfUtils.java:logGet(43)) - raft.server.rpc.request.timeout = 3000ms (default)
2019-11-13 14:35:40,731 [main] INFO  server.RaftServerConfigKeys (ConfUtils.java:logGet(43)) - raft.server.storage.dir = [/workdir/hadoop-ozone/tools/target/test-dir/MiniOzoneClusterImpl-4b23d5b9-0cd4-4e70-8948-e43dc5858374/datanode-0/data/ratis] (custom)
2019-11-13 14:35:40,778 [main] INFO  hdfs.DFSUtil (DFSUtil.java:httpServerTemplateForNNAndJN(1641)) - Starting Web-server for hddsDatanode at: http://0.0.0.0:0
2019-11-13 14:35:40,780 [main] INFO  server.AuthenticationFilter (AuthenticationFilter.java:constructSecretProvider(240)) - Unable to initialize FileSignerSecretProvider, falling back to use random secrets.
2019-11-13 14:35:40,780 [main] WARN  http.HttpRequestLog (HttpRequestLog.java:getRequestLog(97)) - Jetty request log can only be enabled using Log4j
2019-11-13 14:35:40,782 [main] INFO  http.HttpServer2 (HttpServer2.java:addGlobalFilter(975)) - Added global filter 'safety' (class=org.apache.hadoop.http.HttpServer2$QuotingInputFilter)
2019-11-13 14:35:40,782 [main] INFO  http.HttpServer2 (HttpServer2.java:addFilter(948)) - Added filter static_user_filter (class=org.apache.hadoop.http.lib.StaticUserWebFilter$StaticUserFilter) to context hddsDatanode
2019-11-13 14:35:40,783 [main] INFO  http.HttpServer2 (HttpServer2.java:addFilter(958)) - Added filter static_user_filter (class=org.apache.hadoop.http.lib.StaticUserWebFilter$StaticUserFilter) to context static
2019-11-13 14:35:40,783 [main] INFO  http.HttpServer2 (HttpServer2.java:addFilter(958)) - Added filter static_user_filter (class=org.apache.hadoop.http.lib.StaticUserWebFilter$StaticUserFilter) to context logs
2019-11-13 14:35:40,784 [main] INFO  http.HttpServer2 (HttpServer2.java:bindListener(1191)) - Jetty bound to port 34171
2019-11-13 14:35:40,784 [main] INFO  server.Server (Server.java:doStart(351)) - jetty-9.3.25.v20180904, build timestamp: 2018-09-04T21:11:46Z, git hash: 3ce520221d0240229c862b122d2b06c12a625732
2019-11-13 14:35:40,789 [main] INFO  handler.ContextHandler (ContextHandler.java:doStart(781)) - Started o.e.j.s.ServletContextHandler@673919a7{/logs,file:///workdir/hadoop-ozone/tools/target/log,AVAILABLE}
2019-11-13 14:35:40,790 [main] INFO  handler.ContextHandler (ContextHandler.java:doStart(781)) - Started o.e.j.s.ServletContextHandler@2436ea2f{/static,jar:file:/home/user/.m2/repository/org/apache/hadoop/hadoop-hdds-container-service/0.5.0-SNAPSHOT/hadoop-hdds-container-service-0.5.0-SNAPSHOT.jar!/webapps/static,AVAILABLE}
2019-11-13 14:35:40,820 [main] INFO  handler.ContextHandler (ContextHandler.java:doStart(781)) - Started o.e.j.w.WebAppContext@60783105{/,file:///tmp/jetty-0.0.0.0-34171-hddsDatanode-_-any-8915363239540634448.dir/webapp/,AVAILABLE}{/hddsDatanode}
2019-11-13 14:35:40,821 [main] INFO  server.AbstractConnector (AbstractConnector.java:doStart(278)) - Started ServerConnector@1292071f{HTTP/1.1,[http/1.1]}{0.0.0.0:34171}
2019-11-13 14:35:40,821 [main] INFO  server.Server (Server.java:doStart(419)) - Started @9736ms
2019-11-13 14:35:40,822 [main] WARN  impl.MetricsSystemImpl (MetricsSystemImpl.java:register(276)) - Sink prometheus already exists!
2019-11-13 14:35:40,823 [main] INFO  server.BaseHttpServer (BaseHttpServer.java:updateConnectorAddress(215)) - HTTP server of HDDSDATANODE is listening at http://0.0.0.0:34171
2019-11-13 14:35:40,824 [main] INFO  impl.MetricsSystemImpl (MetricsSystemImpl.java:init(158)) - HddsDatanode metrics system started (again)
2019-11-13 14:35:40,826 [main] INFO  ozone.HddsDatanodeService (HddsDatanodeService.java:start(186)) - HddsDatanodeService host:pr-hdds-2452-7vw7s-1330541530 ip:192.168.157.200
2019-11-13 14:35:40,831 [org.apache.hadoop.util.JvmPauseMonitor$Monitor@1cea666a] INFO  util.JvmPauseMonitor (JvmPauseMonitor.java:run(188)) - Starting JVM pause monitor
2019-11-13 14:35:40,835 [main] INFO  volume.HddsVolume (HddsVolume.java:<init>(176)) - Creating Volume: /workdir/hadoop-ozone/tools/target/test-dir/MiniOzoneClusterImpl-4b23d5b9-0cd4-4e70-8948-e43dc5858374/datanode-1/data/containers/hdds of  storage type : DISK and capacity : 1482555576320
2019-11-13 14:35:40,835 [main] INFO  volume.VolumeSet (VolumeSet.java:initializeVolumeSet(170)) - Added Volume : /workdir/hadoop-ozone/tools/target/test-dir/MiniOzoneClusterImpl-4b23d5b9-0cd4-4e70-8948-e43dc5858374/datanode-1/data/containers/hdds to VolumeSet
2019-11-13 14:35:40,836 [main] INFO  volume.ThrottledAsyncChecker (ThrottledAsyncChecker.java:schedule(141)) - Scheduling a check for /workdir/hadoop-ozone/tools/target/test-dir/MiniOzoneClusterImpl-4b23d5b9-0cd4-4e70-8948-e43dc5858374/datanode-1/data/containers/hdds
2019-11-13 14:35:40,837 [main] INFO  volume.HddsVolumeChecker (HddsVolumeChecker.java:checkAllVolumes(204)) - Scheduled health check for volume /workdir/hadoop-ozone/tools/target/test-dir/MiniOzoneClusterImpl-4b23d5b9-0cd4-4e70-8948-e43dc5858374/datanode-1/data/containers/hdds
2019-11-13 14:35:40,851 [main] INFO  impl.RaftServerProxy (ConfUtils.java:logGet(43)) - raft.rpc.type = GRPC (default)
2019-11-13 14:35:40,852 [main] INFO  grpc.GrpcFactory (GrpcFactory.java:checkPooledByteBufAllocatorUseCacheForAllThreads(45)) - PERFORMANCE WARNING: useCacheForAllThreads is true that may cause Netty to create a lot garbage objects and, as a result, trigger GC.
	It is recommended to disable useCacheForAllThreads by setting -Dorg.apache.ratis.thirdparty.io.netty.allocator.useCacheForAllThreads=false in command line.
2019-11-13 14:35:40,852 [main] INFO  grpc.GrpcConfigKeys$Server (ConfUtils.java:logGet(43)) - raft.grpc.server.port = 0 (default)
2019-11-13 14:35:40,852 [main] INFO  server.GrpcService (ConfUtils.java:logGet(43)) - raft.grpc.message.size.max = 33570816 (custom)
2019-11-13 14:35:40,852 [main] INFO  server.RaftServerConfigKeys (ConfUtils.java:logGet(43)) - raft.server.log.appender.buffer.byte-limit = 33554432 (custom)
2019-11-13 14:35:40,853 [main] INFO  server.GrpcService (ConfUtils.java:logGet(43)) - raft.grpc.flow.control.window = 1MB (=1048576) (default)
2019-11-13 14:35:40,853 [main] INFO  server.RaftServerConfigKeys (ConfUtils.java:logGet(43)) - raft.server.rpc.request.timeout = 3000ms (default)
2019-11-13 14:35:40,853 [main] INFO  server.RaftServerConfigKeys (ConfUtils.java:logGet(43)) - raft.server.storage.dir = [/workdir/hadoop-ozone/tools/target/test-dir/MiniOzoneClusterImpl-4b23d5b9-0cd4-4e70-8948-e43dc5858374/datanode-1/data/ratis] (custom)
2019-11-13 14:35:40,855 [main] INFO  hdfs.DFSUtil (DFSUtil.java:httpServerTemplateForNNAndJN(1641)) - Starting Web-server for hddsDatanode at: http://0.0.0.0:0
2019-11-13 14:35:40,856 [main] INFO  server.AuthenticationFilter (AuthenticationFilter.java:constructSecretProvider(240)) - Unable to initialize FileSignerSecretProvider, falling back to use random secrets.
2019-11-13 14:35:40,858 [main] WARN  http.HttpRequestLog (HttpRequestLog.java:getRequestLog(97)) - Jetty request log can only be enabled using Log4j
2019-11-13 14:35:40,860 [main] INFO  http.HttpServer2 (HttpServer2.java:addGlobalFilter(975)) - Added global filter 'safety' (class=org.apache.hadoop.http.HttpServer2$QuotingInputFilter)
2019-11-13 14:35:40,861 [main] INFO  http.HttpServer2 (HttpServer2.java:addFilter(948)) - Added filter static_user_filter (class=org.apache.hadoop.http.lib.StaticUserWebFilter$StaticUserFilter) to context hddsDatanode
2019-11-13 14:35:40,862 [main] INFO  http.HttpServer2 (HttpServer2.java:addFilter(958)) - Added filter static_user_filter (class=org.apache.hadoop.http.lib.StaticUserWebFilter$StaticUserFilter) to context static
2019-11-13 14:35:40,862 [main] INFO  http.HttpServer2 (HttpServer2.java:addFilter(958)) - Added filter static_user_filter (class=org.apache.hadoop.http.lib.StaticUserWebFilter$StaticUserFilter) to context logs
2019-11-13 14:35:40,863 [main] INFO  http.HttpServer2 (HttpServer2.java:bindListener(1191)) - Jetty bound to port 33875
2019-11-13 14:35:40,863 [main] INFO  server.Server (Server.java:doStart(351)) - jetty-9.3.25.v20180904, build timestamp: 2018-09-04T21:11:46Z, git hash: 3ce520221d0240229c862b122d2b06c12a625732
2019-11-13 14:35:40,866 [main] INFO  handler.ContextHandler (ContextHandler.java:doStart(781)) - Started o.e.j.s.ServletContextHandler@3374b5bc{/logs,file:///workdir/hadoop-ozone/tools/target/log,AVAILABLE}
2019-11-13 14:35:40,866 [main] INFO  handler.ContextHandler (ContextHandler.java:doStart(781)) - Started o.e.j.s.ServletContextHandler@587a1cfb{/static,jar:file:/home/user/.m2/repository/org/apache/hadoop/hadoop-hdds-container-service/0.5.0-SNAPSHOT/hadoop-hdds-container-service-0.5.0-SNAPSHOT.jar!/webapps/static,AVAILABLE}
2019-11-13 14:35:40,896 [main] INFO  handler.ContextHandler (ContextHandler.java:doStart(781)) - Started o.e.j.w.WebAppContext@38d17d80{/,file:///tmp/jetty-0.0.0.0-33875-hddsDatanode-_-any-495227441028240171.dir/webapp/,AVAILABLE}{/hddsDatanode}
2019-11-13 14:35:40,897 [main] INFO  server.AbstractConnector (AbstractConnector.java:doStart(278)) - Started ServerConnector@6ede46f6{HTTP/1.1,[http/1.1]}{0.0.0.0:33875}
2019-11-13 14:35:40,897 [main] INFO  server.Server (Server.java:doStart(419)) - Started @9812ms
2019-11-13 14:35:40,897 [main] WARN  impl.MetricsSystemImpl (MetricsSystemImpl.java:register(276)) - Sink prometheus already exists!
2019-11-13 14:35:40,898 [main] INFO  server.BaseHttpServer (BaseHttpServer.java:updateConnectorAddress(215)) - HTTP server of HDDSDATANODE is listening at http://0.0.0.0:33875
2019-11-13 14:35:40,898 [main] INFO  impl.MetricsSystemImpl (MetricsSystemImpl.java:init(158)) - HddsDatanode metrics system started (again)
2019-11-13 14:35:40,901 [main] INFO  ozone.HddsDatanodeService (HddsDatanodeService.java:start(186)) - HddsDatanodeService host:pr-hdds-2452-7vw7s-1330541530 ip:192.168.157.200
2019-11-13 14:35:40,902 [org.apache.hadoop.util.JvmPauseMonitor$Monitor@4133b668] INFO  util.JvmPauseMonitor (JvmPauseMonitor.java:run(188)) - Starting JVM pause monitor
2019-11-13 14:35:40,910 [main] INFO  volume.HddsVolume (HddsVolume.java:<init>(176)) - Creating Volume: /workdir/hadoop-ozone/tools/target/test-dir/MiniOzoneClusterImpl-4b23d5b9-0cd4-4e70-8948-e43dc5858374/datanode-2/data/containers/hdds of  storage type : DISK and capacity : 1482555576320
2019-11-13 14:35:40,911 [main] INFO  volume.VolumeSet (VolumeSet.java:initializeVolumeSet(170)) - Added Volume : /workdir/hadoop-ozone/tools/target/test-dir/MiniOzoneClusterImpl-4b23d5b9-0cd4-4e70-8948-e43dc5858374/datanode-2/data/containers/hdds to VolumeSet
2019-11-13 14:35:40,911 [main] INFO  volume.ThrottledAsyncChecker (ThrottledAsyncChecker.java:schedule(141)) - Scheduling a check for /workdir/hadoop-ozone/tools/target/test-dir/MiniOzoneClusterImpl-4b23d5b9-0cd4-4e70-8948-e43dc5858374/datanode-2/data/containers/hdds
2019-11-13 14:35:40,912 [main] INFO  volume.HddsVolumeChecker (HddsVolumeChecker.java:checkAllVolumes(204)) - Scheduled health check for volume /workdir/hadoop-ozone/tools/target/test-dir/MiniOzoneClusterImpl-4b23d5b9-0cd4-4e70-8948-e43dc5858374/datanode-2/data/containers/hdds
2019-11-13 14:35:40,921 [Datanode State Machine Thread - 0] INFO  datanode.InitDatanodeState (InitDatanodeState.java:persistContainerDatanodeDetails(140)) - DatanodeDetails is persisted to /workdir/hadoop-ozone/tools/target/test-dir/MiniOzoneClusterImpl-4b23d5b9-0cd4-4e70-8948-e43dc5858374/datanode-0/meta/datanode.id
2019-11-13 14:35:40,926 [Datanode State Machine Thread - 0] INFO  datanode.InitDatanodeState (InitDatanodeState.java:persistContainerDatanodeDetails(140)) - DatanodeDetails is persisted to /workdir/hadoop-ozone/tools/target/test-dir/MiniOzoneClusterImpl-4b23d5b9-0cd4-4e70-8948-e43dc5858374/datanode-1/meta/datanode.id
2019-11-13 14:35:40,928 [main] INFO  impl.RaftServerProxy (ConfUtils.java:logGet(43)) - raft.rpc.type = GRPC (default)
2019-11-13 14:35:40,928 [main] INFO  grpc.GrpcFactory (GrpcFactory.java:checkPooledByteBufAllocatorUseCacheForAllThreads(45)) - PERFORMANCE WARNING: useCacheForAllThreads is true that may cause Netty to create a lot garbage objects and, as a result, trigger GC.
	It is recommended to disable useCacheForAllThreads by setting -Dorg.apache.ratis.thirdparty.io.netty.allocator.useCacheForAllThreads=false in command line.
2019-11-13 14:35:40,929 [main] INFO  grpc.GrpcConfigKeys$Server (ConfUtils.java:logGet(43)) - raft.grpc.server.port = 0 (default)
2019-11-13 14:35:40,929 [main] INFO  server.GrpcService (ConfUtils.java:logGet(43)) - raft.grpc.message.size.max = 33570816 (custom)
2019-11-13 14:35:40,929 [main] INFO  server.RaftServerConfigKeys (ConfUtils.java:logGet(43)) - raft.server.log.appender.buffer.byte-limit = 33554432 (custom)
2019-11-13 14:35:40,929 [main] INFO  server.GrpcService (ConfUtils.java:logGet(43)) - raft.grpc.flow.control.window = 1MB (=1048576) (default)
2019-11-13 14:35:40,929 [main] INFO  server.RaftServerConfigKeys (ConfUtils.java:logGet(43)) - raft.server.rpc.request.timeout = 3000ms (default)
2019-11-13 14:35:40,930 [main] INFO  server.RaftServerConfigKeys (ConfUtils.java:logGet(43)) - raft.server.storage.dir = [/workdir/hadoop-ozone/tools/target/test-dir/MiniOzoneClusterImpl-4b23d5b9-0cd4-4e70-8948-e43dc5858374/datanode-2/data/ratis] (custom)
2019-11-13 14:35:40,932 [main] INFO  hdfs.DFSUtil (DFSUtil.java:httpServerTemplateForNNAndJN(1641)) - Starting Web-server for hddsDatanode at: http://0.0.0.0:0
2019-11-13 14:35:40,934 [main] INFO  server.AuthenticationFilter (AuthenticationFilter.java:constructSecretProvider(240)) - Unable to initialize FileSignerSecretProvider, falling back to use random secrets.
2019-11-13 14:35:40,934 [main] WARN  http.HttpRequestLog (HttpRequestLog.java:getRequestLog(97)) - Jetty request log can only be enabled using Log4j
2019-11-13 14:35:40,936 [main] INFO  http.HttpServer2 (HttpServer2.java:addGlobalFilter(975)) - Added global filter 'safety' (class=org.apache.hadoop.http.HttpServer2$QuotingInputFilter)
2019-11-13 14:35:40,936 [main] INFO  http.HttpServer2 (HttpServer2.java:addFilter(948)) - Added filter static_user_filter (class=org.apache.hadoop.http.lib.StaticUserWebFilter$StaticUserFilter) to context hddsDatanode
2019-11-13 14:35:40,936 [main] INFO  http.HttpServer2 (HttpServer2.java:addFilter(958)) - Added filter static_user_filter (class=org.apache.hadoop.http.lib.StaticUserWebFilter$StaticUserFilter) to context static
2019-11-13 14:35:40,937 [main] INFO  http.HttpServer2 (HttpServer2.java:addFilter(958)) - Added filter static_user_filter (class=org.apache.hadoop.http.lib.StaticUserWebFilter$StaticUserFilter) to context logs
2019-11-13 14:35:40,937 [main] INFO  http.HttpServer2 (HttpServer2.java:bindListener(1191)) - Jetty bound to port 34858
2019-11-13 14:35:40,938 [main] INFO  server.Server (Server.java:doStart(351)) - jetty-9.3.25.v20180904, build timestamp: 2018-09-04T21:11:46Z, git hash: 3ce520221d0240229c862b122d2b06c12a625732
2019-11-13 14:35:40,941 [main] INFO  handler.ContextHandler (ContextHandler.java:doStart(781)) - Started o.e.j.s.ServletContextHandler@63c12e52{/logs,file:///workdir/hadoop-ozone/tools/target/log,AVAILABLE}
2019-11-13 14:35:40,942 [main] INFO  handler.ContextHandler (ContextHandler.java:doStart(781)) - Started o.e.j.s.ServletContextHandler@26c47874{/static,jar:file:/home/user/.m2/repository/org/apache/hadoop/hadoop-hdds-container-service/0.5.0-SNAPSHOT/hadoop-hdds-container-service-0.5.0-SNAPSHOT.jar!/webapps/static,AVAILABLE}
2019-11-13 14:35:40,986 [main] INFO  handler.ContextHandler (ContextHandler.java:doStart(781)) - Started o.e.j.w.WebAppContext@646c0a67{/,file:///tmp/jetty-0.0.0.0-34858-hddsDatanode-_-any-4453994014488909495.dir/webapp/,AVAILABLE}{/hddsDatanode}
2019-11-13 14:35:40,987 [main] INFO  server.AbstractConnector (AbstractConnector.java:doStart(278)) - Started ServerConnector@3804a9a8{HTTP/1.1,[http/1.1]}{0.0.0.0:34858}
2019-11-13 14:35:40,987 [main] INFO  server.Server (Server.java:doStart(419)) - Started @9902ms
2019-11-13 14:35:40,988 [main] WARN  impl.MetricsSystemImpl (MetricsSystemImpl.java:register(276)) - Sink prometheus already exists!
2019-11-13 14:35:40,989 [main] INFO  server.BaseHttpServer (BaseHttpServer.java:updateConnectorAddress(215)) - HTTP server of HDDSDATANODE is listening at http://0.0.0.0:34858
2019-11-13 14:35:40,992 [main] INFO  ozone.MiniOzoneClusterImpl (MiniOzoneClusterImpl.java:lambda$waitForClusterToBeReady$2(171)) - Waiting for cluster to be ready. Got 0 of 3 DN Heartbeats.
2019-11-13 14:35:40,992 [org.apache.hadoop.util.JvmPauseMonitor$Monitor@3855ef6a] INFO  util.JvmPauseMonitor (JvmPauseMonitor.java:run(188)) - Starting JVM pause monitor
2019-11-13 14:35:40,996 [Datanode State Machine Thread - 0] INFO  datanode.InitDatanodeState (InitDatanodeState.java:persistContainerDatanodeDetails(140)) - DatanodeDetails is persisted to /workdir/hadoop-ozone/tools/target/test-dir/MiniOzoneClusterImpl-4b23d5b9-0cd4-4e70-8948-e43dc5858374/datanode-2/meta/datanode.id
2019-11-13 14:35:41,992 [main] INFO  ozone.MiniOzoneClusterImpl (MiniOzoneClusterImpl.java:lambda$waitForClusterToBeReady$2(171)) - Waiting for cluster to be ready. Got 0 of 3 DN Heartbeats.
2019-11-13 14:35:42,950 [Datanode State Machine Thread - 0] INFO  ozoneimpl.OzoneContainer (OzoneContainer.java:start(230)) - Attempting to start container services.
2019-11-13 14:35:42,950 [Datanode State Machine Thread - 0] INFO  ozoneimpl.OzoneContainer (OzoneContainer.java:start(230)) - Attempting to start container services.
2019-11-13 14:35:42,955 [Datanode State Machine Thread - 0] INFO  ozoneimpl.OzoneContainer (OzoneContainer.java:startContainerScrub(194)) - Background container scanner has been disabled.
2019-11-13 14:35:42,955 [Datanode State Machine Thread - 0] INFO  ozoneimpl.OzoneContainer (OzoneContainer.java:startContainerScrub(194)) - Background container scanner has been disabled.
2019-11-13 14:35:42,955 [Datanode State Machine Thread - 0] INFO  ratis.XceiverServerRatis (XceiverServerRatis.java:start(421)) - Starting XceiverServerRatis d272b7d2-ec3d-4a91-a8d1-87c7434cd615 at port 0
2019-11-13 14:35:42,955 [Datanode State Machine Thread - 0] INFO  ratis.XceiverServerRatis (XceiverServerRatis.java:start(421)) - Starting XceiverServerRatis 3bf84526-9b1d-4fb3-b5aa-fd4bf9db4807 at port 0
2019-11-13 14:35:42,989 [Datanode State Machine Thread - 0] INFO  impl.RaftServerProxy (RaftServerProxy.java:lambda$start$3(299)) - 3bf84526-9b1d-4fb3-b5aa-fd4bf9db4807: start RPC server
2019-11-13 14:35:42,989 [Datanode State Machine Thread - 0] INFO  impl.RaftServerProxy (RaftServerProxy.java:lambda$start$3(299)) - d272b7d2-ec3d-4a91-a8d1-87c7434cd615: start RPC server
2019-11-13 14:35:42,993 [main] INFO  ozone.MiniOzoneClusterImpl (MiniOzoneClusterImpl.java:lambda$waitForClusterToBeReady$2(171)) - Waiting for cluster to be ready. Got 0 of 3 DN Heartbeats.
2019-11-13 14:35:43,058 [Datanode State Machine Thread - 0] INFO  ozoneimpl.OzoneContainer (OzoneContainer.java:start(230)) - Attempting to start container services.
2019-11-13 14:35:43,064 [Datanode State Machine Thread - 0] INFO  ozoneimpl.OzoneContainer (OzoneContainer.java:startContainerScrub(194)) - Background container scanner has been disabled.
2019-11-13 14:35:43,064 [Datanode State Machine Thread - 0] INFO  ratis.XceiverServerRatis (XceiverServerRatis.java:start(421)) - Starting XceiverServerRatis 866e73f8-a49a-481c-a737-3f554da6d3bf at port 0
2019-11-13 14:35:43,074 [Datanode State Machine Thread - 0] INFO  impl.RaftServerProxy (RaftServerProxy.java:lambda$start$3(299)) - 866e73f8-a49a-481c-a737-3f554da6d3bf: start RPC server
2019-11-13 14:35:43,125 [Datanode State Machine Thread - 0] INFO  server.GrpcService (GrpcService.java:startImpl(158)) - 866e73f8-a49a-481c-a737-3f554da6d3bf: GrpcService started, listening on 0.0.0.0/0.0.0.0:39603
2019-11-13 14:35:43,125 [Datanode State Machine Thread - 0] INFO  server.GrpcService (GrpcService.java:startImpl(158)) - d272b7d2-ec3d-4a91-a8d1-87c7434cd615: GrpcService started, listening on 0.0.0.0/0.0.0.0:36074
2019-11-13 14:35:43,125 [Datanode State Machine Thread - 0] INFO  server.GrpcService (GrpcService.java:startImpl(158)) - 3bf84526-9b1d-4fb3-b5aa-fd4bf9db4807: GrpcService started, listening on 0.0.0.0/0.0.0.0:41351
2019-11-13 14:35:43,126 [Datanode State Machine Thread - 0] INFO  ratis.XceiverServerRatis (XceiverServerRatis.java:start(431)) - XceiverServerRatis d272b7d2-ec3d-4a91-a8d1-87c7434cd615 is started using port 36074
2019-11-13 14:35:43,126 [Datanode State Machine Thread - 0] INFO  ratis.XceiverServerRatis (XceiverServerRatis.java:start(431)) - XceiverServerRatis 866e73f8-a49a-481c-a737-3f554da6d3bf is started using port 39603
2019-11-13 14:35:43,126 [Datanode State Machine Thread - 0] INFO  ratis.XceiverServerRatis (XceiverServerRatis.java:start(431)) - XceiverServerRatis 3bf84526-9b1d-4fb3-b5aa-fd4bf9db4807 is started using port 41351
2019-11-13 14:35:43,130 [Datanode State Machine Thread - 0] INFO  server.XceiverServerGrpc (XceiverServerGrpc.java:start(145)) - XceiverServerGrpc 3bf84526-9b1d-4fb3-b5aa-fd4bf9db4807 is started using port 42663
2019-11-13 14:35:43,131 [Datanode State Machine Thread - 0] INFO  server.XceiverServerGrpc (XceiverServerGrpc.java:start(145)) - XceiverServerGrpc d272b7d2-ec3d-4a91-a8d1-87c7434cd615 is started using port 42611
2019-11-13 14:35:43,130 [Datanode State Machine Thread - 0] INFO  server.XceiverServerGrpc (XceiverServerGrpc.java:start(145)) - XceiverServerGrpc 866e73f8-a49a-481c-a737-3f554da6d3bf is started using port 34498
2019-11-13 14:35:43,993 [main] INFO  ozone.MiniOzoneClusterImpl (MiniOzoneClusterImpl.java:lambda$waitForClusterToBeReady$2(171)) - Waiting for cluster to be ready. Got 0 of 3 DN Heartbeats.
2019-11-13 14:35:44,873 [IPC Server handler 1 on 43868] INFO  net.NetworkTopology (NetworkTopologyImpl.java:add(111)) - Added a new node: /default-rack/3bf84526-9b1d-4fb3-b5aa-fd4bf9db4807
2019-11-13 14:35:44,874 [IPC Server handler 1 on 43868] INFO  node.SCMNodeManager (SCMNodeManager.java:register(267)) - Registered Data node : 3bf84526-9b1d-4fb3-b5aa-fd4bf9db4807{ip: 192.168.157.200, host: pr-hdds-2452-7vw7s-1330541530, networkLocation: /default-rack, certSerialId: null}
2019-11-13 14:35:44,878 [EventQueue-NodeRegistrationContainerReportForDataNodeSafeModeRule] INFO  safemode.SCMSafeModeManager (DataNodeSafeModeRule.java:process(71)) - SCM in safe mode. 1 DataNodes registered, 1 required.
2019-11-13 14:35:44,880 [EventQueue-NodeRegistrationContainerReportForDataNodeSafeModeRule] INFO  safemode.SCMSafeModeManager (SCMSafeModeManager.java:validateSafeModeExitRules(177)) - ScmSafeModeManager, all rules are successfully validated
2019-11-13 14:35:44,880 [EventQueue-NodeRegistrationContainerReportForDataNodeSafeModeRule] INFO  safemode.SCMSafeModeManager (SCMSafeModeManager.java:exitSafeMode(193)) - SCM exiting safe mode.
2019-11-13 14:35:44,905 [IPC Server handler 0 on 43868] INFO  net.NetworkTopology (NetworkTopologyImpl.java:add(111)) - Added a new node: /default-rack/d272b7d2-ec3d-4a91-a8d1-87c7434cd615
2019-11-13 14:35:44,906 [IPC Server handler 0 on 43868] INFO  node.SCMNodeManager (SCMNodeManager.java:register(267)) - Registered Data node : d272b7d2-ec3d-4a91-a8d1-87c7434cd615{ip: 192.168.157.200, host: pr-hdds-2452-7vw7s-1330541530, networkLocation: /default-rack, certSerialId: null}
2019-11-13 14:35:44,995 [IPC Server handler 2 on 43868] INFO  net.NetworkTopology (NetworkTopologyImpl.java:add(111)) - Added a new node: /default-rack/866e73f8-a49a-481c-a737-3f554da6d3bf
2019-11-13 14:35:44,996 [IPC Server handler 2 on 43868] INFO  node.SCMNodeManager (SCMNodeManager.java:register(267)) - Registered Data node : 866e73f8-a49a-481c-a737-3f554da6d3bf{ip: 192.168.157.200, host: pr-hdds-2452-7vw7s-1330541530, networkLocation: /default-rack, certSerialId: null}
2019-11-13 14:35:45,373 [grpc-default-executor-0] INFO  impl.RaftServerProxy (RaftServerProxy.java:addNew(89)) - 3bf84526-9b1d-4fb3-b5aa-fd4bf9db4807: addNew group-0EF2782F4CF7:[3bf84526-9b1d-4fb3-b5aa-fd4bf9db4807:192.168.157.200:41351] returns group-0EF2782F4CF7:java.util.concurrent.CompletableFuture@f04f5c4[Not completed]
2019-11-13 14:35:45,391 [pool-27-thread-1] INFO  impl.RaftServerImpl (RaftServerImpl.java:<init>(98)) - 3bf84526-9b1d-4fb3-b5aa-fd4bf9db4807: new RaftServerImpl for group-0EF2782F4CF7:[3bf84526-9b1d-4fb3-b5aa-fd4bf9db4807:192.168.157.200:41351] with ContainerStateMachine:uninitialized
2019-11-13 14:35:45,394 [pool-27-thread-1] INFO  server.RaftServerConfigKeys (ConfUtils.java:logGet(43)) - raft.server.rpc.timeout.min = 5s (custom)
2019-11-13 14:35:45,395 [pool-27-thread-1] INFO  server.RaftServerConfigKeys (ConfUtils.java:logGet(43)) - raft.server.rpc.timeout.max = 5200ms (custom)
2019-11-13 14:35:45,395 [pool-27-thread-1] INFO  server.RaftServerConfigKeys (ConfUtils.java:logGet(43)) - raft.server.rpcslowness.timeout = 120s (custom)
2019-11-13 14:35:45,396 [pool-27-thread-1] INFO  server.RaftServerConfigKeys (ConfUtils.java:logGet(43)) - raft.server.sleep.deviation.threshold = 300 (default)
2019-11-13 14:35:45,397 [pool-27-thread-1] INFO  server.RaftServerConfigKeys (ConfUtils.java:logGet(43)) - raft.server.log.appender.install.snapshot.enabled = false (custom)
2019-11-13 14:35:45,407 [pool-27-thread-1] INFO  impl.RaftServerImpl (ServerState.java:<init>(103)) - 3bf84526-9b1d-4fb3-b5aa-fd4bf9db4807@group-0EF2782F4CF7: ConfigurationManager, init=-1: [3bf84526-9b1d-4fb3-b5aa-fd4bf9db4807:192.168.157.200:41351], old=null, confs=<EMPTY_MAP>
2019-11-13 14:35:45,407 [pool-27-thread-1] INFO  server.RaftServerConfigKeys (ConfUtils.java:logGet(43)) - raft.server.storage.dir = [/workdir/hadoop-ozone/tools/target/test-dir/MiniOzoneClusterImpl-4b23d5b9-0cd4-4e70-8948-e43dc5858374/datanode-0/data/ratis] (custom)
2019-11-13 14:35:45,415 [pool-27-thread-1] INFO  server.RaftServerConfigKeys (ConfUtils.java:logGet(43)) - raft.server.log.corruption.policy = EXCEPTION (default)
2019-11-13 14:35:45,417 [pool-27-thread-1] INFO  storage.RaftStorageDirectory (RaftStorageDirectory.java:analyzeStorage(246)) - The storage directory /workdir/hadoop-ozone/tools/target/test-dir/MiniOzoneClusterImpl-4b23d5b9-0cd4-4e70-8948-e43dc5858374/datanode-0/data/ratis/6c17eca5-bda3-4937-b934-0ef2782f4cf7 does not exist. Creating ...
2019-11-13 14:35:45,472 [pool-27-thread-1] INFO  storage.RaftStorageDirectory (RaftStorageDirectory.java:tryLock(328)) - Lock on /workdir/hadoop-ozone/tools/target/test-dir/MiniOzoneClusterImpl-4b23d5b9-0cd4-4e70-8948-e43dc5858374/datanode-0/data/ratis/6c17eca5-bda3-4937-b934-0ef2782f4cf7/in_use.lock acquired by nodename 9673@pr-hdds-2452-7vw7s-1330541530
2019-11-13 14:35:45,526 [pool-27-thread-1] INFO  storage.RaftStorage (RaftStorage.java:format(84)) - Storage directory /workdir/hadoop-ozone/tools/target/test-dir/MiniOzoneClusterImpl-4b23d5b9-0cd4-4e70-8948-e43dc5858374/datanode-0/data/ratis/6c17eca5-bda3-4937-b934-0ef2782f4cf7 has been successfully formatted.
2019-11-13 14:35:45,529 [pool-27-thread-1] INFO  ratis.ContainerStateMachine (ContainerStateMachine.java:loadSnapshot(223)) - group-0EF2782F4CF7: The snapshot info is null. Setting the last applied indexto:(t:0, i:~)
2019-11-13 14:35:45,529 [pool-27-thread-1] INFO  server.RaftServerConfigKeys (ConfUtils.java:logGet(43)) - raft.server.notification.no-leader.timeout = 120s (custom)
2019-11-13 14:35:45,532 [pool-27-thread-1] INFO  server.RaftServerConfigKeys (ConfUtils.java:logGet(43)) - raft.server.log.use.memory = false (default)
2019-11-13 14:35:45,540 [pool-27-thread-1] INFO  server.RaftServerConfigKeys (ConfUtils.java:logGet(43)) - raft.server.log.purge.gap = 1000000 (custom)
2019-11-13 14:35:45,540 [pool-27-thread-1] INFO  server.RaftServerConfigKeys (ConfUtils.java:logGet(43)) - raft.server.log.appender.buffer.byte-limit = 33554432 (custom)
2019-11-13 14:35:45,543 [pool-27-thread-1] INFO  server.RaftServerConfigKeys (ConfUtils.java:logGet(43)) - raft.server.log.segment.size.max = 1048576 (custom)
2019-11-13 14:35:45,550 [pool-27-thread-1] INFO  metrics.MetricRegistries (MetricRegistriesLoader.java:load(64)) - Loaded MetricRegistries class org.apache.ratis.metrics.impl.MetricRegistriesImpl
2019-11-13 14:35:45,555 [pool-27-thread-1] WARN  impl.MetricRegistriesImpl (MetricRegistriesImpl.java:lambda$create$1(61)) - First MetricRegistry has been created without registering reporters. You may need to call MetricRegistries.global().addReportRegistration(...) before.
2019-11-13 14:35:45,563 [pool-27-thread-1] INFO  server.RaftServerConfigKeys (ConfUtils.java:logGet(43)) - raft.server.log.segment.cache.num.max = 2 (custom)
2019-11-13 14:35:45,570 [pool-27-thread-1] INFO  segmented.SegmentedRaftLogWorker (SegmentedRaftLogWorker.java:<init>(173)) - new 3bf84526-9b1d-4fb3-b5aa-fd4bf9db4807@group-0EF2782F4CF7-SegmentedRaftLogWorker for RaftStorage:Storage Directory /workdir/hadoop-ozone/tools/target/test-dir/MiniOzoneClusterImpl-4b23d5b9-0cd4-4e70-8948-e43dc5858374/datanode-0/data/ratis/6c17eca5-bda3-4937-b934-0ef2782f4cf7
2019-11-13 14:35:45,570 [pool-27-thread-1] INFO  server.RaftServerConfigKeys (ConfUtils.java:logGet(43)) - raft.server.log.queue.byte-limit = 2147483647 (custom)
2019-11-13 14:35:45,571 [pool-27-thread-1] INFO  server.RaftServerConfigKeys (ConfUtils.java:logGet(43)) - raft.server.log.queue.element-limit = 1024 (custom)
2019-11-13 14:35:45,572 [pool-27-thread-1] INFO  server.RaftServerConfigKeys (ConfUtils.java:logGet(43)) - raft.server.log.segment.size.max = 1048576 (custom)
2019-11-13 14:35:45,573 [pool-27-thread-1] INFO  server.RaftServerConfigKeys (ConfUtils.java:logGet(43)) - raft.server.log.preallocated.size = 16384 (custom)
2019-11-13 14:35:45,573 [pool-27-thread-1] INFO  server.RaftServerConfigKeys (ConfUtils.java:logGet(43)) - raft.server.log.write.buffer.size = 33554432 (custom)
2019-11-13 14:35:45,574 [pool-27-thread-1] INFO  server.RaftServerConfigKeys (ConfUtils.java:logGet(43)) - raft.server.log.force.sync.num = 128 (default)
2019-11-13 14:35:45,575 [pool-27-thread-1] INFO  server.RaftServerConfigKeys (ConfUtils.java:logGet(43)) - raft.server.log.statemachine.data.sync = true (default)
2019-11-13 14:35:45,575 [pool-27-thread-1] INFO  server.RaftServerConfigKeys (ConfUtils.java:logGet(43)) - raft.server.log.statemachine.data.sync.timeout = 10s (default)
2019-11-13 14:35:45,576 [pool-27-thread-1] INFO  server.RaftServerConfigKeys (ConfUtils.java:logGet(43)) - raft.server.log.statemachine.data.sync.timeout.retry = -1 (default)
2019-11-13 14:35:45,594 [pool-27-thread-1] INFO  server.RaftServerConfigKeys (ConfUtils.java:logGet(43)) - raft.server.log.statemachine.data.caching.enabled = true (custom)
2019-11-13 14:35:45,600 [pool-27-thread-1] INFO  segmented.SegmentedRaftLogWorker (SegmentedRaftLogWorker.java:lambda$new$0(128)) - 3bf84526-9b1d-4fb3-b5aa-fd4bf9db4807@group-0EF2782F4CF7-SegmentedRaftLogWorker: flushIndex: setUnconditionally 0 -> -1
2019-11-13 14:35:45,606 [pool-27-thread-1] INFO  server.RaftServerConfigKeys (ConfUtils.java:logGet(43)) - raft.server.snapshot.auto.trigger.enabled = true (custom)
2019-11-13 14:35:45,607 [pool-27-thread-1] INFO  server.RaftServerConfigKeys (ConfUtils.java:logGet(43)) - raft.server.snapshot.auto.trigger.threshold = 10000 (custom)
2019-11-13 14:35:45,608 [pool-27-thread-1] INFO  server.RaftServerConfigKeys (ConfUtils.java:logGet(43)) - raft.server.snapshot.retention.file.num = 5 (custom)
2019-11-13 14:35:45,609 [pool-27-thread-1] INFO  server.RaftServerConfigKeys (ConfUtils.java:logGet(43)) - raft.server.retrycache.expirytime = 600000ms (custom)
2019-11-13 14:35:45,633 [pool-27-thread-1] WARN  impl.MetricRegistriesImpl (MetricRegistriesImpl.java:lambda$create$1(61)) - First MetricRegistry has been created without registering reporters. You may need to call MetricRegistries.global().addReportRegistration(...) before.
2019-11-13 14:35:45,635 [pool-27-thread-1] WARN  impl.MetricRegistriesImpl (MetricRegistriesImpl.java:lambda$create$1(61)) - First MetricRegistry has been created without registering reporters. You may need to call MetricRegistries.global().addReportRegistration(...) before.
2019-11-13 14:35:45,637 [pool-27-thread-1] INFO  impl.RaftServerImpl (RaftServerImpl.java:start(184)) - 3bf84526-9b1d-4fb3-b5aa-fd4bf9db4807@group-0EF2782F4CF7: start as a follower, conf=-1: [3bf84526-9b1d-4fb3-b5aa-fd4bf9db4807:192.168.157.200:41351], old=null
2019-11-13 14:35:45,638 [pool-27-thread-1] INFO  impl.RaftServerImpl (RaftServerImpl.java:setRole(173)) - 3bf84526-9b1d-4fb3-b5aa-fd4bf9db4807@group-0EF2782F4CF7: changes role from      null to FOLLOWER at term 0 for startAsFollower
2019-11-13 14:35:45,640 [pool-27-thread-1] INFO  impl.RoleInfo (RoleInfo.java:updateAndGet(143)) - 3bf84526-9b1d-4fb3-b5aa-fd4bf9db4807: start FollowerState
2019-11-13 14:35:45,648 [pool-27-thread-1] INFO  util.JmxRegister (JmxRegister.java:tryRegister(44)) - Successfully registered JMX Bean with object name Ratis:service=RaftServer,group=group-0EF2782F4CF7,id=3bf84526-9b1d-4fb3-b5aa-fd4bf9db4807
2019-11-13 14:35:45,650 [pool-27-thread-1] WARN  impl.MetricRegistriesImpl (MetricRegistriesImpl.java:lambda$create$1(61)) - First MetricRegistry has been created without registering reporters. You may need to call MetricRegistries.global().addReportRegistration(...) before.
2019-11-13 14:35:45,720 [RatisPipelineUtilsThread] INFO  pipeline.PipelineStateManager (PipelineStateManager.java:addPipeline(55)) - Created pipeline Pipeline[ Id: 6c17eca5-bda3-4937-b934-0ef2782f4cf7, Nodes: 3bf84526-9b1d-4fb3-b5aa-fd4bf9db4807{ip: 192.168.157.200, host: pr-hdds-2452-7vw7s-1330541530, networkLocation: /default-rack, certSerialId: null}, Type:RATIS, Factor:ONE, State:ALLOCATED]
2019-11-13 14:35:45,740 [grpc-default-executor-0] INFO  impl.RaftServerProxy (RaftServerProxy.java:addNew(89)) - d272b7d2-ec3d-4a91-a8d1-87c7434cd615: addNew group-933769DDF22C:[d272b7d2-ec3d-4a91-a8d1-87c7434cd615:192.168.157.200:36074] returns group-933769DDF22C:java.util.concurrent.CompletableFuture@17628604[Not completed]
2019-11-13 14:35:45,762 [pool-37-thread-1] INFO  impl.RaftServerImpl (RaftServerImpl.java:<init>(98)) - d272b7d2-ec3d-4a91-a8d1-87c7434cd615: new RaftServerImpl for group-933769DDF22C:[d272b7d2-ec3d-4a91-a8d1-87c7434cd615:192.168.157.200:36074] with ContainerStateMachine:uninitialized
2019-11-13 14:35:45,764 [pool-37-thread-1] INFO  server.RaftServerConfigKeys (ConfUtils.java:logGet(43)) - raft.server.rpc.timeout.min = 5s (custom)
2019-11-13 14:35:45,764 [pool-37-thread-1] INFO  server.RaftServerConfigKeys (ConfUtils.java:logGet(43)) - raft.server.rpc.timeout.max = 5200ms (custom)
2019-11-13 14:35:45,764 [pool-37-thread-1] INFO  server.RaftServerConfigKeys (ConfUtils.java:logGet(43)) - raft.server.rpcslowness.timeout = 120s (custom)
2019-11-13 14:35:45,765 [pool-37-thread-1] INFO  server.RaftServerConfigKeys (ConfUtils.java:logGet(43)) - raft.server.sleep.deviation.threshold = 300 (default)
2019-11-13 14:35:45,765 [pool-37-thread-1] INFO  server.RaftServerConfigKeys (ConfUtils.java:logGet(43)) - raft.server.log.appender.install.snapshot.enabled = false (custom)
2019-11-13 14:35:45,765 [pool-37-thread-1] INFO  impl.RaftServerImpl (ServerState.java:<init>(103)) - d272b7d2-ec3d-4a91-a8d1-87c7434cd615@group-933769DDF22C: ConfigurationManager, init=-1: [d272b7d2-ec3d-4a91-a8d1-87c7434cd615:192.168.157.200:36074], old=null, confs=<EMPTY_MAP>
2019-11-13 14:35:45,765 [pool-37-thread-1] INFO  server.RaftServerConfigKeys (ConfUtils.java:logGet(43)) - raft.server.storage.dir = [/workdir/hadoop-ozone/tools/target/test-dir/MiniOzoneClusterImpl-4b23d5b9-0cd4-4e70-8948-e43dc5858374/datanode-1/data/ratis] (custom)
2019-11-13 14:35:45,766 [pool-37-thread-1] INFO  server.RaftServerConfigKeys (ConfUtils.java:logGet(43)) - raft.server.log.corruption.policy = EXCEPTION (default)
2019-11-13 14:35:45,766 [pool-37-thread-1] INFO  storage.RaftStorageDirectory (RaftStorageDirectory.java:analyzeStorage(246)) - The storage directory /workdir/hadoop-ozone/tools/target/test-dir/MiniOzoneClusterImpl-4b23d5b9-0cd4-4e70-8948-e43dc5858374/datanode-1/data/ratis/be75c4bf-cf13-491a-b178-933769ddf22c does not exist. Creating ...
2019-11-13 14:35:45,815 [pool-37-thread-1] INFO  storage.RaftStorageDirectory (RaftStorageDirectory.java:tryLock(328)) - Lock on /workdir/hadoop-ozone/tools/target/test-dir/MiniOzoneClusterImpl-4b23d5b9-0cd4-4e70-8948-e43dc5858374/datanode-1/data/ratis/be75c4bf-cf13-491a-b178-933769ddf22c/in_use.lock acquired by nodename 9673@pr-hdds-2452-7vw7s-1330541530
2019-11-13 14:35:45,864 [pool-37-thread-1] INFO  storage.RaftStorage (RaftStorage.java:format(84)) - Storage directory /workdir/hadoop-ozone/tools/target/test-dir/MiniOzoneClusterImpl-4b23d5b9-0cd4-4e70-8948-e43dc5858374/datanode-1/data/ratis/be75c4bf-cf13-491a-b178-933769ddf22c has been successfully formatted.
2019-11-13 14:35:45,866 [pool-37-thread-1] INFO  ratis.ContainerStateMachine (ContainerStateMachine.java:loadSnapshot(223)) - group-933769DDF22C: The snapshot info is null. Setting the last applied indexto:(t:0, i:~)
2019-11-13 14:35:45,867 [pool-37-thread-1] INFO  server.RaftServerConfigKeys (ConfUtils.java:logGet(43)) - raft.server.notification.no-leader.timeout = 120s (custom)
2019-11-13 14:35:45,867 [pool-37-thread-1] INFO  server.RaftServerConfigKeys (ConfUtils.java:logGet(43)) - raft.server.log.use.memory = false (default)
2019-11-13 14:35:45,867 [pool-37-thread-1] INFO  server.RaftServerConfigKeys (ConfUtils.java:logGet(43)) - raft.server.log.purge.gap = 1000000 (custom)
2019-11-13 14:35:45,868 [pool-37-thread-1] INFO  server.RaftServerConfigKeys (ConfUtils.java:logGet(43)) - raft.server.log.appender.buffer.byte-limit = 33554432 (custom)
2019-11-13 14:35:45,868 [pool-37-thread-1] INFO  server.RaftServerConfigKeys (ConfUtils.java:logGet(43)) - raft.server.log.segment.size.max = 1048576 (custom)
2019-11-13 14:35:45,868 [pool-37-thread-1] WARN  impl.MetricRegistriesImpl (MetricRegistriesImpl.java:lambda$create$1(61)) - First MetricRegistry has been created without registering reporters. You may need to call MetricRegistries.global().addReportRegistration(...) before.
2019-11-13 14:35:45,869 [pool-37-thread-1] INFO  server.RaftServerConfigKeys (ConfUtils.java:logGet(43)) - raft.server.log.segment.cache.num.max = 2 (custom)
2019-11-13 14:35:45,869 [pool-37-thread-1] INFO  segmented.SegmentedRaftLogWorker (SegmentedRaftLogWorker.java:<init>(173)) - new d272b7d2-ec3d-4a91-a8d1-87c7434cd615@group-933769DDF22C-SegmentedRaftLogWorker for RaftStorage:Storage Directory /workdir/hadoop-ozone/tools/target/test-dir/MiniOzoneClusterImpl-4b23d5b9-0cd4-4e70-8948-e43dc5858374/datanode-1/data/ratis/be75c4bf-cf13-491a-b178-933769ddf22c
2019-11-13 14:35:45,873 [pool-37-thread-1] INFO  server.RaftServerConfigKeys (ConfUtils.java:logGet(43)) - raft.server.log.queue.byte-limit = 2147483647 (custom)
2019-11-13 14:35:45,873 [pool-37-thread-1] INFO  server.RaftServerConfigKeys (ConfUtils.java:logGet(43)) - raft.server.log.queue.element-limit = 1024 (custom)
2019-11-13 14:35:45,873 [pool-37-thread-1] INFO  server.RaftServerConfigKeys (ConfUtils.java:logGet(43)) - raft.server.log.segment.size.max = 1048576 (custom)
2019-11-13 14:35:45,873 [pool-37-thread-1] INFO  server.RaftServerConfigKeys (ConfUtils.java:logGet(43)) - raft.server.log.preallocated.size = 16384 (custom)
2019-11-13 14:35:45,873 [pool-37-thread-1] INFO  server.RaftServerConfigKeys (ConfUtils.java:logGet(43)) - raft.server.log.write.buffer.size = 33554432 (custom)
2019-11-13 14:35:45,874 [pool-37-thread-1] INFO  server.RaftServerConfigKeys (ConfUtils.java:logGet(43)) - raft.server.log.force.sync.num = 128 (default)
2019-11-13 14:35:45,874 [pool-37-thread-1] INFO  server.RaftServerConfigKeys (ConfUtils.java:logGet(43)) - raft.server.log.statemachine.data.sync = true (default)
2019-11-13 14:35:45,874 [pool-37-thread-1] INFO  server.RaftServerConfigKeys (ConfUtils.java:logGet(43)) - raft.server.log.statemachine.data.sync.timeout = 10s (default)
2019-11-13 14:35:45,874 [pool-37-thread-1] INFO  server.RaftServerConfigKeys (ConfUtils.java:logGet(43)) - raft.server.log.statemachine.data.sync.timeout.retry = -1 (default)
2019-11-13 14:35:45,875 [pool-37-thread-1] INFO  server.RaftServerConfigKeys (ConfUtils.java:logGet(43)) - raft.server.log.statemachine.data.caching.enabled = true (custom)
2019-11-13 14:35:45,875 [pool-37-thread-1] INFO  segmented.SegmentedRaftLogWorker (SegmentedRaftLogWorker.java:lambda$new$0(128)) - d272b7d2-ec3d-4a91-a8d1-87c7434cd615@group-933769DDF22C-SegmentedRaftLogWorker: flushIndex: setUnconditionally 0 -> -1
2019-11-13 14:35:45,876 [pool-37-thread-1] INFO  server.RaftServerConfigKeys (ConfUtils.java:logGet(43)) - raft.server.snapshot.auto.trigger.enabled = true (custom)
2019-11-13 14:35:45,876 [pool-37-thread-1] INFO  server.RaftServerConfigKeys (ConfUtils.java:logGet(43)) - raft.server.snapshot.auto.trigger.threshold = 10000 (custom)
2019-11-13 14:35:45,876 [pool-37-thread-1] INFO  server.RaftServerConfigKeys (ConfUtils.java:logGet(43)) - raft.server.snapshot.retention.file.num = 5 (custom)
2019-11-13 14:35:45,876 [pool-37-thread-1] INFO  server.RaftServerConfigKeys (ConfUtils.java:logGet(43)) - raft.server.retrycache.expirytime = 600000ms (custom)
2019-11-13 14:35:45,877 [pool-37-thread-1] WARN  impl.MetricRegistriesImpl (MetricRegistriesImpl.java:lambda$create$1(61)) - First MetricRegistry has been created without registering reporters. You may need to call MetricRegistries.global().addReportRegistration(...) before.
2019-11-13 14:35:45,877 [pool-37-thread-1] WARN  impl.MetricRegistriesImpl (MetricRegistriesImpl.java:lambda$create$1(61)) - First MetricRegistry has been created without registering reporters. You may need to call MetricRegistries.global().addReportRegistration(...) before.
2019-11-13 14:35:45,877 [pool-37-thread-1] INFO  impl.RaftServerImpl (RaftServerImpl.java:start(184)) - d272b7d2-ec3d-4a91-a8d1-87c7434cd615@group-933769DDF22C: start as a follower, conf=-1: [d272b7d2-ec3d-4a91-a8d1-87c7434cd615:192.168.157.200:36074], old=null
2019-11-13 14:35:45,877 [pool-37-thread-1] INFO  impl.RaftServerImpl (RaftServerImpl.java:setRole(173)) - d272b7d2-ec3d-4a91-a8d1-87c7434cd615@group-933769DDF22C: changes role from      null to FOLLOWER at term 0 for startAsFollower
2019-11-13 14:35:45,878 [pool-37-thread-1] INFO  impl.RoleInfo (RoleInfo.java:updateAndGet(143)) - d272b7d2-ec3d-4a91-a8d1-87c7434cd615: start FollowerState
2019-11-13 14:35:45,878 [pool-37-thread-1] INFO  util.JmxRegister (JmxRegister.java:tryRegister(44)) - Successfully registered JMX Bean with object name Ratis:service=RaftServer,group=group-933769DDF22C,id=d272b7d2-ec3d-4a91-a8d1-87c7434cd615
2019-11-13 14:35:45,878 [pool-37-thread-1] WARN  impl.MetricRegistriesImpl (MetricRegistriesImpl.java:lambda$create$1(61)) - First MetricRegistry has been created without registering reporters. You may need to call MetricRegistries.global().addReportRegistration(...) before.
2019-11-13 14:35:45,889 [RatisPipelineUtilsThread] INFO  pipeline.PipelineStateManager (PipelineStateManager.java:addPipeline(55)) - Created pipeline Pipeline[ Id: be75c4bf-cf13-491a-b178-933769ddf22c, Nodes: d272b7d2-ec3d-4a91-a8d1-87c7434cd615{ip: 192.168.157.200, host: pr-hdds-2452-7vw7s-1330541530, networkLocation: /default-rack, certSerialId: null}, Type:RATIS, Factor:ONE, State:ALLOCATED]
2019-11-13 14:35:45,906 [grpc-default-executor-0] INFO  impl.RaftServerProxy (RaftServerProxy.java:addNew(89)) - 866e73f8-a49a-481c-a737-3f554da6d3bf: addNew group-D35BA4580493:[866e73f8-a49a-481c-a737-3f554da6d3bf:192.168.157.200:39603] returns group-D35BA4580493:java.util.concurrent.CompletableFuture@7b8fb436[Not completed]
2019-11-13 14:35:45,920 [pool-47-thread-1] INFO  impl.RaftServerImpl (RaftServerImpl.java:<init>(98)) - 866e73f8-a49a-481c-a737-3f554da6d3bf: new RaftServerImpl for group-D35BA4580493:[866e73f8-a49a-481c-a737-3f554da6d3bf:192.168.157.200:39603] with ContainerStateMachine:uninitialized
2019-11-13 14:35:45,921 [pool-47-thread-1] INFO  server.RaftServerConfigKeys (ConfUtils.java:logGet(43)) - raft.server.rpc.timeout.min = 5s (custom)
2019-11-13 14:35:45,921 [pool-47-thread-1] INFO  server.RaftServerConfigKeys (ConfUtils.java:logGet(43)) - raft.server.rpc.timeout.max = 5200ms (custom)
2019-11-13 14:35:45,921 [pool-47-thread-1] INFO  server.RaftServerConfigKeys (ConfUtils.java:logGet(43)) - raft.server.rpcslowness.timeout = 120s (custom)
2019-11-13 14:35:45,921 [pool-47-thread-1] INFO  server.RaftServerConfigKeys (ConfUtils.java:logGet(43)) - raft.server.sleep.deviation.threshold = 300 (default)
2019-11-13 14:35:45,921 [pool-47-thread-1] INFO  server.RaftServerConfigKeys (ConfUtils.java:logGet(43)) - raft.server.log.appender.install.snapshot.enabled = false (custom)
2019-11-13 14:35:45,922 [pool-47-thread-1] INFO  impl.RaftServerImpl (ServerState.java:<init>(103)) - 866e73f8-a49a-481c-a737-3f554da6d3bf@group-D35BA4580493: ConfigurationManager, init=-1: [866e73f8-a49a-481c-a737-3f554da6d3bf:192.168.157.200:39603], old=null, confs=<EMPTY_MAP>
2019-11-13 14:35:45,922 [pool-47-thread-1] INFO  server.RaftServerConfigKeys (ConfUtils.java:logGet(43)) - raft.server.storage.dir = [/workdir/hadoop-ozone/tools/target/test-dir/MiniOzoneClusterImpl-4b23d5b9-0cd4-4e70-8948-e43dc5858374/datanode-2/data/ratis] (custom)
2019-11-13 14:35:45,922 [pool-47-thread-1] INFO  server.RaftServerConfigKeys (ConfUtils.java:logGet(43)) - raft.server.log.corruption.policy = EXCEPTION (default)
2019-11-13 14:35:45,922 [pool-47-thread-1] INFO  storage.RaftStorageDirectory (RaftStorageDirectory.java:analyzeStorage(246)) - The storage directory /workdir/hadoop-ozone/tools/target/test-dir/MiniOzoneClusterImpl-4b23d5b9-0cd4-4e70-8948-e43dc5858374/datanode-2/data/ratis/0b0ef6b6-7b90-41f8-9eeb-d35ba4580493 does not exist. Creating ...
2019-11-13 14:35:45,961 [pool-47-thread-1] INFO  storage.RaftStorageDirectory (RaftStorageDirectory.java:tryLock(328)) - Lock on /workdir/hadoop-ozone/tools/target/test-dir/MiniOzoneClusterImpl-4b23d5b9-0cd4-4e70-8948-e43dc5858374/datanode-2/data/ratis/0b0ef6b6-7b90-41f8-9eeb-d35ba4580493/in_use.lock acquired by nodename 9673@pr-hdds-2452-7vw7s-1330541530
2019-11-13 14:35:45,997 [pool-47-thread-1] INFO  storage.RaftStorage (RaftStorage.java:format(84)) - Storage directory /workdir/hadoop-ozone/tools/target/test-dir/MiniOzoneClusterImpl-4b23d5b9-0cd4-4e70-8948-e43dc5858374/datanode-2/data/ratis/0b0ef6b6-7b90-41f8-9eeb-d35ba4580493 has been successfully formatted.
2019-11-13 14:35:45,998 [pool-47-thread-1] INFO  ratis.ContainerStateMachine (ContainerStateMachine.java:loadSnapshot(223)) - group-D35BA4580493: The snapshot info is null. Setting the last applied indexto:(t:0, i:~)
2019-11-13 14:35:45,998 [pool-47-thread-1] INFO  server.RaftServerConfigKeys (ConfUtils.java:logGet(43)) - raft.server.notification.no-leader.timeout = 120s (custom)
2019-11-13 14:35:45,998 [pool-47-thread-1] INFO  server.RaftServerConfigKeys (ConfUtils.java:logGet(43)) - raft.server.log.use.memory = false (default)
2019-11-13 14:35:45,998 [pool-47-thread-1] INFO  server.RaftServerConfigKeys (ConfUtils.java:logGet(43)) - raft.server.log.purge.gap = 1000000 (custom)
2019-11-13 14:35:45,998 [pool-47-thread-1] INFO  server.RaftServerConfigKeys (ConfUtils.java:logGet(43)) - raft.server.log.appender.buffer.byte-limit = 33554432 (custom)
2019-11-13 14:35:45,998 [pool-47-thread-1] INFO  server.RaftServerConfigKeys (ConfUtils.java:logGet(43)) - raft.server.log.segment.size.max = 1048576 (custom)
2019-11-13 14:35:45,999 [pool-47-thread-1] WARN  impl.MetricRegistriesImpl (MetricRegistriesImpl.java:lambda$create$1(61)) - First MetricRegistry has been created without registering reporters. You may need to call MetricRegistries.global().addReportRegistration(...) before.
2019-11-13 14:35:45,999 [pool-47-thread-1] INFO  server.RaftServerConfigKeys (ConfUtils.java:logGet(43)) - raft.server.log.segment.cache.num.max = 2 (custom)
2019-11-13 14:35:45,999 [pool-47-thread-1] INFO  segmented.SegmentedRaftLogWorker (SegmentedRaftLogWorker.java:<init>(173)) - new 866e73f8-a49a-481c-a737-3f554da6d3bf@group-D35BA4580493-SegmentedRaftLogWorker for RaftStorage:Storage Directory /workdir/hadoop-ozone/tools/target/test-dir/MiniOzoneClusterImpl-4b23d5b9-0cd4-4e70-8948-e43dc5858374/datanode-2/data/ratis/0b0ef6b6-7b90-41f8-9eeb-d35ba4580493
2019-11-13 14:35:46,000 [pool-47-thread-1] INFO  server.RaftServerConfigKeys (ConfUtils.java:logGet(43)) - raft.server.log.queue.byte-limit = 2147483647 (custom)
2019-11-13 14:35:46,000 [pool-47-thread-1] INFO  server.RaftServerConfigKeys (ConfUtils.java:logGet(43)) - raft.server.log.queue.element-limit = 1024 (custom)
2019-11-13 14:35:46,000 [pool-47-thread-1] INFO  server.RaftServerConfigKeys (ConfUtils.java:logGet(43)) - raft.server.log.segment.size.max = 1048576 (custom)
2019-11-13 14:35:46,001 [pool-47-thread-1] INFO  server.RaftServerConfigKeys (ConfUtils.java:logGet(43)) - raft.server.log.preallocated.size = 16384 (custom)
2019-11-13 14:35:46,001 [pool-47-thread-1] INFO  server.RaftServerConfigKeys (ConfUtils.java:logGet(43)) - raft.server.log.write.buffer.size = 33554432 (custom)
2019-11-13 14:35:46,001 [pool-47-thread-1] INFO  server.RaftServerConfigKeys (ConfUtils.java:logGet(43)) - raft.server.log.force.sync.num = 128 (default)
2019-11-13 14:35:46,001 [pool-47-thread-1] INFO  server.RaftServerConfigKeys (ConfUtils.java:logGet(43)) - raft.server.log.statemachine.data.sync = true (default)
2019-11-13 14:35:46,001 [pool-47-thread-1] INFO  server.RaftServerConfigKeys (ConfUtils.java:logGet(43)) - raft.server.log.statemachine.data.sync.timeout = 10s (default)
2019-11-13 14:35:46,001 [pool-47-thread-1] INFO  server.RaftServerConfigKeys (ConfUtils.java:logGet(43)) - raft.server.log.statemachine.data.sync.timeout.retry = -1 (default)
2019-11-13 14:35:46,001 [pool-47-thread-1] INFO  server.RaftServerConfigKeys (ConfUtils.java:logGet(43)) - raft.server.log.statemachine.data.caching.enabled = true (custom)
2019-11-13 14:35:46,002 [pool-47-thread-1] INFO  segmented.SegmentedRaftLogWorker (SegmentedRaftLogWorker.java:lambda$new$0(128)) - 866e73f8-a49a-481c-a737-3f554da6d3bf@group-D35BA4580493-SegmentedRaftLogWorker: flushIndex: setUnconditionally 0 -> -1
2019-11-13 14:35:46,002 [pool-47-thread-1] INFO  server.RaftServerConfigKeys (ConfUtils.java:logGet(43)) - raft.server.snapshot.auto.trigger.enabled = true (custom)
2019-11-13 14:35:46,002 [pool-47-thread-1] INFO  server.RaftServerConfigKeys (ConfUtils.java:logGet(43)) - raft.server.snapshot.auto.trigger.threshold = 10000 (custom)
2019-11-13 14:35:46,002 [pool-47-thread-1] INFO  server.RaftServerConfigKeys (ConfUtils.java:logGet(43)) - raft.server.snapshot.retention.file.num = 5 (custom)
2019-11-13 14:35:46,002 [pool-47-thread-1] INFO  server.RaftServerConfigKeys (ConfUtils.java:logGet(43)) - raft.server.retrycache.expirytime = 600000ms (custom)
2019-11-13 14:35:46,003 [pool-47-thread-1] WARN  impl.MetricRegistriesImpl (MetricRegistriesImpl.java:lambda$create$1(61)) - First MetricRegistry has been created without registering reporters. You may need to call MetricRegistries.global().addReportRegistration(...) before.
2019-11-13 14:35:46,003 [pool-47-thread-1] WARN  impl.MetricRegistriesImpl (MetricRegistriesImpl.java:lambda$create$1(61)) - First MetricRegistry has been created without registering reporters. You may need to call MetricRegistries.global().addReportRegistration(...) before.
2019-11-13 14:35:46,003 [pool-47-thread-1] INFO  impl.RaftServerImpl (RaftServerImpl.java:start(184)) - 866e73f8-a49a-481c-a737-3f554da6d3bf@group-D35BA4580493: start as a follower, conf=-1: [866e73f8-a49a-481c-a737-3f554da6d3bf:192.168.157.200:39603], old=null
2019-11-13 14:35:46,003 [pool-47-thread-1] INFO  impl.RaftServerImpl (RaftServerImpl.java:setRole(173)) - 866e73f8-a49a-481c-a737-3f554da6d3bf@group-D35BA4580493: changes role from      null to FOLLOWER at term 0 for startAsFollower
2019-11-13 14:35:46,003 [pool-47-thread-1] INFO  impl.RoleInfo (RoleInfo.java:updateAndGet(143)) - 866e73f8-a49a-481c-a737-3f554da6d3bf: start FollowerState
2019-11-13 14:35:46,004 [pool-47-thread-1] INFO  util.JmxRegister (JmxRegister.java:tryRegister(44)) - Successfully registered JMX Bean with object name Ratis:service=RaftServer,group=group-D35BA4580493,id=866e73f8-a49a-481c-a737-3f554da6d3bf
2019-11-13 14:35:46,005 [pool-47-thread-1] WARN  impl.MetricRegistriesImpl (MetricRegistriesImpl.java:lambda$create$1(61)) - First MetricRegistry has been created without registering reporters. You may need to call MetricRegistries.global().addReportRegistration(...) before.
2019-11-13 14:35:46,014 [RatisPipelineUtilsThread] INFO  pipeline.PipelineStateManager (PipelineStateManager.java:addPipeline(55)) - Created pipeline Pipeline[ Id: 0b0ef6b6-7b90-41f8-9eeb-d35ba4580493, Nodes: 866e73f8-a49a-481c-a737-3f554da6d3bf{ip: 192.168.157.200, host: pr-hdds-2452-7vw7s-1330541530, networkLocation: /default-rack, certSerialId: null}, Type:RATIS, Factor:ONE, State:ALLOCATED]
2019-11-13 14:35:46,040 [grpc-default-executor-2] INFO  impl.RaftServerProxy (RaftServerProxy.java:addNew(89)) - d272b7d2-ec3d-4a91-a8d1-87c7434cd615: addNew group-62E7B8E2547A:[d272b7d2-ec3d-4a91-a8d1-87c7434cd615:192.168.157.200:36074, 866e73f8-a49a-481c-a737-3f554da6d3bf:192.168.157.200:39603, 3bf84526-9b1d-4fb3-b5aa-fd4bf9db4807:192.168.157.200:41351] returns group-62E7B8E2547A:java.util.concurrent.CompletableFuture@3297b379[Not completed]
2019-11-13 14:35:46,041 [grpc-default-executor-1] INFO  impl.RaftServerProxy (RaftServerProxy.java:addNew(89)) - 866e73f8-a49a-481c-a737-3f554da6d3bf: addNew group-62E7B8E2547A:[d272b7d2-ec3d-4a91-a8d1-87c7434cd615:192.168.157.200:36074, 866e73f8-a49a-481c-a737-3f554da6d3bf:192.168.157.200:39603, 3bf84526-9b1d-4fb3-b5aa-fd4bf9db4807:192.168.157.200:41351] returns group-62E7B8E2547A:java.util.concurrent.CompletableFuture@1f98cffe[Not completed]
2019-11-13 14:35:46,044 [pool-37-thread-1] INFO  impl.RaftServerImpl (RaftServerImpl.java:<init>(98)) - d272b7d2-ec3d-4a91-a8d1-87c7434cd615: new RaftServerImpl for group-62E7B8E2547A:[d272b7d2-ec3d-4a91-a8d1-87c7434cd615:192.168.157.200:36074, 866e73f8-a49a-481c-a737-3f554da6d3bf:192.168.157.200:39603, 3bf84526-9b1d-4fb3-b5aa-fd4bf9db4807:192.168.157.200:41351] with ContainerStateMachine:uninitialized
2019-11-13 14:35:46,045 [pool-37-thread-1] INFO  server.RaftServerConfigKeys (ConfUtils.java:logGet(43)) - raft.server.rpc.timeout.min = 5s (custom)
2019-11-13 14:35:46,046 [pool-37-thread-1] INFO  server.RaftServerConfigKeys (ConfUtils.java:logGet(43)) - raft.server.rpc.timeout.max = 5200ms (custom)
2019-11-13 14:35:46,046 [grpc-default-executor-1] INFO  impl.RaftServerProxy (RaftServerProxy.java:addNew(89)) - 3bf84526-9b1d-4fb3-b5aa-fd4bf9db4807: addNew group-62E7B8E2547A:[d272b7d2-ec3d-4a91-a8d1-87c7434cd615:192.168.157.200:36074, 866e73f8-a49a-481c-a737-3f554da6d3bf:192.168.157.200:39603, 3bf84526-9b1d-4fb3-b5aa-fd4bf9db4807:192.168.157.200:41351] returns group-62E7B8E2547A:java.util.concurrent.CompletableFuture@5a9a5269[Not completed]
2019-11-13 14:35:46,046 [pool-37-thread-1] INFO  server.RaftServerConfigKeys (ConfUtils.java:logGet(43)) - raft.server.rpcslowness.timeout = 120s (custom)
2019-11-13 14:35:46,046 [pool-37-thread-1] INFO  server.RaftServerConfigKeys (ConfUtils.java:logGet(43)) - raft.server.sleep.deviation.threshold = 300 (default)
2019-11-13 14:35:46,046 [pool-37-thread-1] INFO  server.RaftServerConfigKeys (ConfUtils.java:logGet(43)) - raft.server.log.appender.install.snapshot.enabled = false (custom)
2019-11-13 14:35:46,046 [pool-37-thread-1] INFO  impl.RaftServerImpl (ServerState.java:<init>(103)) - d272b7d2-ec3d-4a91-a8d1-87c7434cd615@group-62E7B8E2547A: ConfigurationManager, init=-1: [d272b7d2-ec3d-4a91-a8d1-87c7434cd615:192.168.157.200:36074, 866e73f8-a49a-481c-a737-3f554da6d3bf:192.168.157.200:39603, 3bf84526-9b1d-4fb3-b5aa-fd4bf9db4807:192.168.157.200:41351], old=null, confs=<EMPTY_MAP>
2019-11-13 14:35:46,047 [pool-47-thread-1] INFO  impl.RaftServerImpl (RaftServerImpl.java:<init>(98)) - 866e73f8-a49a-481c-a737-3f554da6d3bf: new RaftServerImpl for group-62E7B8E2547A:[d272b7d2-ec3d-4a91-a8d1-87c7434cd615:192.168.157.200:36074, 866e73f8-a49a-481c-a737-3f554da6d3bf:192.168.157.200:39603, 3bf84526-9b1d-4fb3-b5aa-fd4bf9db4807:192.168.157.200:41351] with ContainerStateMachine:uninitialized
2019-11-13 14:35:46,047 [pool-37-thread-1] INFO  server.RaftServerConfigKeys (ConfUtils.java:logGet(43)) - raft.server.storage.dir = [/workdir/hadoop-ozone/tools/target/test-dir/MiniOzoneClusterImpl-4b23d5b9-0cd4-4e70-8948-e43dc5858374/datanode-1/data/ratis] (custom)
2019-11-13 14:35:46,047 [pool-47-thread-1] INFO  server.RaftServerConfigKeys (ConfUtils.java:logGet(43)) - raft.server.rpc.timeout.min = 5s (custom)
2019-11-13 14:35:46,047 [pool-47-thread-1] INFO  server.RaftServerConfigKeys (ConfUtils.java:logGet(43)) - raft.server.rpc.timeout.max = 5200ms (custom)
2019-11-13 14:35:46,047 [pool-37-thread-1] INFO  server.RaftServerConfigKeys (ConfUtils.java:logGet(43)) - raft.server.log.corruption.policy = EXCEPTION (default)
2019-11-13 14:35:46,047 [pool-47-thread-1] INFO  server.RaftServerConfigKeys (ConfUtils.java:logGet(43)) - raft.server.rpcslowness.timeout = 120s (custom)
2019-11-13 14:35:46,047 [pool-47-thread-1] INFO  server.RaftServerConfigKeys (ConfUtils.java:logGet(43)) - raft.server.sleep.deviation.threshold = 300 (default)
2019-11-13 14:35:46,048 [pool-27-thread-1] INFO  impl.RaftServerImpl (RaftServerImpl.java:<init>(98)) - 3bf84526-9b1d-4fb3-b5aa-fd4bf9db4807: new RaftServerImpl for group-62E7B8E2547A:[d272b7d2-ec3d-4a91-a8d1-87c7434cd615:192.168.157.200:36074, 866e73f8-a49a-481c-a737-3f554da6d3bf:192.168.157.200:39603, 3bf84526-9b1d-4fb3-b5aa-fd4bf9db4807:192.168.157.200:41351] with ContainerStateMachine:uninitialized
2019-11-13 14:35:46,047 [pool-37-thread-1] INFO  storage.RaftStorageDirectory (RaftStorageDirectory.java:analyzeStorage(246)) - The storage directory /workdir/hadoop-ozone/tools/target/test-dir/MiniOzoneClusterImpl-4b23d5b9-0cd4-4e70-8948-e43dc5858374/datanode-1/data/ratis/b915c966-52d3-4b54-9544-62e7b8e2547a does not exist. Creating ...
2019-11-13 14:35:46,048 [pool-27-thread-1] INFO  server.RaftServerConfigKeys (ConfUtils.java:logGet(43)) - raft.server.rpc.timeout.min = 5s (custom)
2019-11-13 14:35:46,048 [pool-47-thread-1] INFO  server.RaftServerConfigKeys (ConfUtils.java:logGet(43)) - raft.server.log.appender.install.snapshot.enabled = false (custom)
2019-11-13 14:35:46,048 [pool-27-thread-1] INFO  server.RaftServerConfigKeys (ConfUtils.java:logGet(43)) - raft.server.rpc.timeout.max = 5200ms (custom)
2019-11-13 14:35:46,048 [pool-47-thread-1] INFO  impl.RaftServerImpl (ServerState.java:<init>(103)) - 866e73f8-a49a-481c-a737-3f554da6d3bf@group-62E7B8E2547A: ConfigurationManager, init=-1: [d272b7d2-ec3d-4a91-a8d1-87c7434cd615:192.168.157.200:36074, 866e73f8-a49a-481c-a737-3f554da6d3bf:192.168.157.200:39603, 3bf84526-9b1d-4fb3-b5aa-fd4bf9db4807:192.168.157.200:41351], old=null, confs=<EMPTY_MAP>
2019-11-13 14:35:46,048 [pool-27-thread-1] INFO  server.RaftServerConfigKeys (ConfUtils.java:logGet(43)) - raft.server.rpcslowness.timeout = 120s (custom)
2019-11-13 14:35:46,049 [pool-27-thread-1] INFO  server.RaftServerConfigKeys (ConfUtils.java:logGet(43)) - raft.server.sleep.deviation.threshold = 300 (default)
2019-11-13 14:35:46,049 [pool-47-thread-1] INFO  server.RaftServerConfigKeys (ConfUtils.java:logGet(43)) - raft.server.storage.dir = [/workdir/hadoop-ozone/tools/target/test-dir/MiniOzoneClusterImpl-4b23d5b9-0cd4-4e70-8948-e43dc5858374/datanode-2/data/ratis] (custom)
2019-11-13 14:35:46,049 [pool-27-thread-1] INFO  server.RaftServerConfigKeys (ConfUtils.java:logGet(43)) - raft.server.log.appender.install.snapshot.enabled = false (custom)
2019-11-13 14:35:46,049 [pool-27-thread-1] INFO  impl.RaftServerImpl (ServerState.java:<init>(103)) - 3bf84526-9b1d-4fb3-b5aa-fd4bf9db4807@group-62E7B8E2547A: ConfigurationManager, init=-1: [d272b7d2-ec3d-4a91-a8d1-87c7434cd615:192.168.157.200:36074, 866e73f8-a49a-481c-a737-3f554da6d3bf:192.168.157.200:39603, 3bf84526-9b1d-4fb3-b5aa-fd4bf9db4807:192.168.157.200:41351], old=null, confs=<EMPTY_MAP>
2019-11-13 14:35:46,049 [pool-47-thread-1] INFO  server.RaftServerConfigKeys (ConfUtils.java:logGet(43)) - raft.server.log.corruption.policy = EXCEPTION (default)
2019-11-13 14:35:46,049 [pool-27-thread-1] INFO  server.RaftServerConfigKeys (ConfUtils.java:logGet(43)) - raft.server.storage.dir = [/workdir/hadoop-ozone/tools/target/test-dir/MiniOzoneClusterImpl-4b23d5b9-0cd4-4e70-8948-e43dc5858374/datanode-0/data/ratis] (custom)
2019-11-13 14:35:46,049 [pool-47-thread-1] INFO  storage.RaftStorageDirectory (RaftStorageDirectory.java:analyzeStorage(246)) - The storage directory /workdir/hadoop-ozone/tools/target/test-dir/MiniOzoneClusterImpl-4b23d5b9-0cd4-4e70-8948-e43dc5858374/datanode-2/data/ratis/b915c966-52d3-4b54-9544-62e7b8e2547a does not exist. Creating ...
2019-11-13 14:35:46,049 [pool-27-thread-1] INFO  server.RaftServerConfigKeys (ConfUtils.java:logGet(43)) - raft.server.log.corruption.policy = EXCEPTION (default)
2019-11-13 14:35:46,050 [pool-27-thread-1] INFO  storage.RaftStorageDirectory (RaftStorageDirectory.java:analyzeStorage(246)) - The storage directory /workdir/hadoop-ozone/tools/target/test-dir/MiniOzoneClusterImpl-4b23d5b9-0cd4-4e70-8948-e43dc5858374/datanode-0/data/ratis/b915c966-52d3-4b54-9544-62e7b8e2547a does not exist. Creating ...
2019-11-13 14:35:46,095 [pool-27-thread-1] INFO  storage.RaftStorageDirectory (RaftStorageDirectory.java:tryLock(328)) - Lock on /workdir/hadoop-ozone/tools/target/test-dir/MiniOzoneClusterImpl-4b23d5b9-0cd4-4e70-8948-e43dc5858374/datanode-0/data/ratis/b915c966-52d3-4b54-9544-62e7b8e2547a/in_use.lock acquired by nodename 9673@pr-hdds-2452-7vw7s-1330541530
2019-11-13 14:35:46,095 [pool-37-thread-1] INFO  storage.RaftStorageDirectory (RaftStorageDirectory.java:tryLock(328)) - Lock on /workdir/hadoop-ozone/tools/target/test-dir/MiniOzoneClusterImpl-4b23d5b9-0cd4-4e70-8948-e43dc5858374/datanode-1/data/ratis/b915c966-52d3-4b54-9544-62e7b8e2547a/in_use.lock acquired by nodename 9673@pr-hdds-2452-7vw7s-1330541530
2019-11-13 14:35:46,095 [pool-47-thread-1] INFO  storage.RaftStorageDirectory (RaftStorageDirectory.java:tryLock(328)) - Lock on /workdir/hadoop-ozone/tools/target/test-dir/MiniOzoneClusterImpl-4b23d5b9-0cd4-4e70-8948-e43dc5858374/datanode-2/data/ratis/b915c966-52d3-4b54-9544-62e7b8e2547a/in_use.lock acquired by nodename 9673@pr-hdds-2452-7vw7s-1330541530
2019-11-13 14:35:46,167 [pool-27-thread-1] INFO  storage.RaftStorage (RaftStorage.java:format(84)) - Storage directory /workdir/hadoop-ozone/tools/target/test-dir/MiniOzoneClusterImpl-4b23d5b9-0cd4-4e70-8948-e43dc5858374/datanode-0/data/ratis/b915c966-52d3-4b54-9544-62e7b8e2547a has been successfully formatted.
2019-11-13 14:35:46,167 [pool-47-thread-1] INFO  storage.RaftStorage (RaftStorage.java:format(84)) - Storage directory /workdir/hadoop-ozone/tools/target/test-dir/MiniOzoneClusterImpl-4b23d5b9-0cd4-4e70-8948-e43dc5858374/datanode-2/data/ratis/b915c966-52d3-4b54-9544-62e7b8e2547a has been successfully formatted.
2019-11-13 14:35:46,167 [pool-37-thread-1] INFO  storage.RaftStorage (RaftStorage.java:format(84)) - Storage directory /workdir/hadoop-ozone/tools/target/test-dir/MiniOzoneClusterImpl-4b23d5b9-0cd4-4e70-8948-e43dc5858374/datanode-1/data/ratis/b915c966-52d3-4b54-9544-62e7b8e2547a has been successfully formatted.
2019-11-13 14:35:46,167 [pool-27-thread-1] INFO  ratis.ContainerStateMachine (ContainerStateMachine.java:loadSnapshot(223)) - group-62E7B8E2547A: The snapshot info is null. Setting the last applied indexto:(t:0, i:~)
2019-11-13 14:35:46,167 [pool-47-thread-1] INFO  ratis.ContainerStateMachine (ContainerStateMachine.java:loadSnapshot(223)) - group-62E7B8E2547A: The snapshot info is null. Setting the last applied indexto:(t:0, i:~)
2019-11-13 14:35:46,168 [pool-27-thread-1] INFO  server.RaftServerConfigKeys (ConfUtils.java:logGet(43)) - raft.server.notification.no-leader.timeout = 120s (custom)
2019-11-13 14:35:46,168 [pool-37-thread-1] INFO  ratis.ContainerStateMachine (ContainerStateMachine.java:loadSnapshot(223)) - group-62E7B8E2547A: The snapshot info is null. Setting the last applied indexto:(t:0, i:~)
2019-11-13 14:35:46,168 [pool-27-thread-1] INFO  server.RaftServerConfigKeys (ConfUtils.java:logGet(43)) - raft.server.log.use.memory = false (default)
2019-11-13 14:35:46,168 [pool-47-thread-1] INFO  server.RaftServerConfigKeys (ConfUtils.java:logGet(43)) - raft.server.notification.no-leader.timeout = 120s (custom)
2019-11-13 14:35:46,168 [pool-27-thread-1] INFO  server.RaftServerConfigKeys (ConfUtils.java:logGet(43)) - raft.server.log.purge.gap = 1000000 (custom)
2019-11-13 14:35:46,168 [pool-37-thread-1] INFO  server.RaftServerConfigKeys (ConfUtils.java:logGet(43)) - raft.server.notification.no-leader.timeout = 120s (custom)
2019-11-13 14:35:46,168 [pool-27-thread-1] INFO  server.RaftServerConfigKeys (ConfUtils.java:logGet(43)) - raft.server.log.appender.buffer.byte-limit = 33554432 (custom)
2019-11-13 14:35:46,168 [pool-47-thread-1] INFO  server.RaftServerConfigKeys (ConfUtils.java:logGet(43)) - raft.server.log.use.memory = false (default)
2019-11-13 14:35:46,169 [pool-27-thread-1] INFO  server.RaftServerConfigKeys (ConfUtils.java:logGet(43)) - raft.server.log.segment.size.max = 1048576 (custom)
2019-11-13 14:35:46,169 [pool-37-thread-1] INFO  server.RaftServerConfigKeys (ConfUtils.java:logGet(43)) - raft.server.log.use.memory = false (default)
2019-11-13 14:35:46,169 [pool-27-thread-1] INFO  server.RaftServerConfigKeys (ConfUtils.java:logGet(43)) - raft.server.log.segment.cache.num.max = 2 (custom)
2019-11-13 14:35:46,169 [pool-47-thread-1] INFO  server.RaftServerConfigKeys (ConfUtils.java:logGet(43)) - raft.server.log.purge.gap = 1000000 (custom)
2019-11-13 14:35:46,169 [pool-27-thread-1] INFO  segmented.SegmentedRaftLogWorker (SegmentedRaftLogWorker.java:<init>(173)) - new 3bf84526-9b1d-4fb3-b5aa-fd4bf9db4807@group-62E7B8E2547A-SegmentedRaftLogWorker for RaftStorage:Storage Directory /workdir/hadoop-ozone/tools/target/test-dir/MiniOzoneClusterImpl-4b23d5b9-0cd4-4e70-8948-e43dc5858374/datanode-0/data/ratis/b915c966-52d3-4b54-9544-62e7b8e2547a
2019-11-13 14:35:46,169 [pool-37-thread-1] INFO  server.RaftServerConfigKeys (ConfUtils.java:logGet(43)) - raft.server.log.purge.gap = 1000000 (custom)
2019-11-13 14:35:46,170 [pool-27-thread-1] INFO  server.RaftServerConfigKeys (ConfUtils.java:logGet(43)) - raft.server.log.queue.byte-limit = 2147483647 (custom)
2019-11-13 14:35:46,169 [pool-47-thread-1] INFO  server.RaftServerConfigKeys (ConfUtils.java:logGet(43)) - raft.server.log.appender.buffer.byte-limit = 33554432 (custom)
2019-11-13 14:35:46,170 [pool-27-thread-1] INFO  server.RaftServerConfigKeys (ConfUtils.java:logGet(43)) - raft.server.log.queue.element-limit = 1024 (custom)
2019-11-13 14:35:46,170 [pool-37-thread-1] INFO  server.RaftServerConfigKeys (ConfUtils.java:logGet(43)) - raft.server.log.appender.buffer.byte-limit = 33554432 (custom)
2019-11-13 14:35:46,170 [pool-27-thread-1] INFO  server.RaftServerConfigKeys (ConfUtils.java:logGet(43)) - raft.server.log.segment.size.max = 1048576 (custom)
2019-11-13 14:35:46,170 [pool-47-thread-1] INFO  server.RaftServerConfigKeys (ConfUtils.java:logGet(43)) - raft.server.log.segment.size.max = 1048576 (custom)
2019-11-13 14:35:46,171 [pool-27-thread-1] INFO  server.RaftServerConfigKeys (ConfUtils.java:logGet(43)) - raft.server.log.preallocated.size = 16384 (custom)
2019-11-13 14:35:46,170 [pool-37-thread-1] INFO  server.RaftServerConfigKeys (ConfUtils.java:logGet(43)) - raft.server.log.segment.size.max = 1048576 (custom)
2019-11-13 14:35:46,171 [pool-27-thread-1] INFO  server.RaftServerConfigKeys (ConfUtils.java:logGet(43)) - raft.server.log.write.buffer.size = 33554432 (custom)
2019-11-13 14:35:46,171 [pool-37-thread-1] INFO  server.RaftServerConfigKeys (ConfUtils.java:logGet(43)) - raft.server.log.segment.cache.num.max = 2 (custom)
2019-11-13 14:35:46,171 [pool-47-thread-1] INFO  server.RaftServerConfigKeys (ConfUtils.java:logGet(43)) - raft.server.log.segment.cache.num.max = 2 (custom)
2019-11-13 14:35:46,171 [pool-37-thread-1] INFO  segmented.SegmentedRaftLogWorker (SegmentedRaftLogWorker.java:<init>(173)) - new d272b7d2-ec3d-4a91-a8d1-87c7434cd615@group-62E7B8E2547A-SegmentedRaftLogWorker for RaftStorage:Storage Directory /workdir/hadoop-ozone/tools/target/test-dir/MiniOzoneClusterImpl-4b23d5b9-0cd4-4e70-8948-e43dc5858374/datanode-1/data/ratis/b915c966-52d3-4b54-9544-62e7b8e2547a
2019-11-13 14:35:46,171 [pool-27-thread-1] INFO  server.RaftServerConfigKeys (ConfUtils.java:logGet(43)) - raft.server.log.force.sync.num = 128 (default)
2019-11-13 14:35:46,172 [pool-37-thread-1] INFO  server.RaftServerConfigKeys (ConfUtils.java:logGet(43)) - raft.server.log.queue.byte-limit = 2147483647 (custom)
2019-11-13 14:35:46,172 [pool-47-thread-1] INFO  segmented.SegmentedRaftLogWorker (SegmentedRaftLogWorker.java:<init>(173)) - new 866e73f8-a49a-481c-a737-3f554da6d3bf@group-62E7B8E2547A-SegmentedRaftLogWorker for RaftStorage:Storage Directory /workdir/hadoop-ozone/tools/target/test-dir/MiniOzoneClusterImpl-4b23d5b9-0cd4-4e70-8948-e43dc5858374/datanode-2/data/ratis/b915c966-52d3-4b54-9544-62e7b8e2547a
2019-11-13 14:35:46,172 [pool-37-thread-1] INFO  server.RaftServerConfigKeys (ConfUtils.java:logGet(43)) - raft.server.log.queue.element-limit = 1024 (custom)
2019-11-13 14:35:46,172 [pool-27-thread-1] INFO  server.RaftServerConfigKeys (ConfUtils.java:logGet(43)) - raft.server.log.statemachine.data.sync = true (default)
2019-11-13 14:35:46,172 [pool-37-thread-1] INFO  server.RaftServerConfigKeys (ConfUtils.java:logGet(43)) - raft.server.log.segment.size.max = 1048576 (custom)
2019-11-13 14:35:46,172 [pool-47-thread-1] INFO  server.RaftServerConfigKeys (ConfUtils.java:logGet(43)) - raft.server.log.queue.byte-limit = 2147483647 (custom)
2019-11-13 14:35:46,172 [pool-37-thread-1] INFO  server.RaftServerConfigKeys (ConfUtils.java:logGet(43)) - raft.server.log.preallocated.size = 16384 (custom)
2019-11-13 14:35:46,172 [pool-27-thread-1] INFO  server.RaftServerConfigKeys (ConfUtils.java:logGet(43)) - raft.server.log.statemachine.data.sync.timeout = 10s (default)
2019-11-13 14:35:46,173 [pool-37-thread-1] INFO  server.RaftServerConfigKeys (ConfUtils.java:logGet(43)) - raft.server.log.write.buffer.size = 33554432 (custom)
2019-11-13 14:35:46,173 [pool-47-thread-1] INFO  server.RaftServerConfigKeys (ConfUtils.java:logGet(43)) - raft.server.log.queue.element-limit = 1024 (custom)
2019-11-13 14:35:46,173 [pool-37-thread-1] INFO  server.RaftServerConfigKeys (ConfUtils.java:logGet(43)) - raft.server.log.force.sync.num = 128 (default)
2019-11-13 14:35:46,173 [pool-27-thread-1] INFO  server.RaftServerConfigKeys (ConfUtils.java:logGet(43)) - raft.server.log.statemachine.data.sync.timeout.retry = -1 (default)
2019-11-13 14:35:46,173 [pool-37-thread-1] INFO  server.RaftServerConfigKeys (ConfUtils.java:logGet(43)) - raft.server.log.statemachine.data.sync = true (default)
2019-11-13 14:35:46,173 [pool-47-thread-1] INFO  server.RaftServerConfigKeys (ConfUtils.java:logGet(43)) - raft.server.log.segment.size.max = 1048576 (custom)
2019-11-13 14:35:46,174 [pool-27-thread-1] INFO  server.RaftServerConfigKeys (ConfUtils.java:logGet(43)) - raft.server.log.statemachine.data.caching.enabled = true (custom)
2019-11-13 14:35:46,174 [pool-37-thread-1] INFO  server.RaftServerConfigKeys (ConfUtils.java:logGet(43)) - raft.server.log.statemachine.data.sync.timeout = 10s (default)
2019-11-13 14:35:46,174 [pool-47-thread-1] INFO  server.RaftServerConfigKeys (ConfUtils.java:logGet(43)) - raft.server.log.preallocated.size = 16384 (custom)
2019-11-13 14:35:46,174 [pool-37-thread-1] INFO  server.RaftServerConfigKeys (ConfUtils.java:logGet(43)) - raft.server.log.statemachine.data.sync.timeout.retry = -1 (default)
2019-11-13 14:35:46,174 [pool-47-thread-1] INFO  server.RaftServerConfigKeys (ConfUtils.java:logGet(43)) - raft.server.log.write.buffer.size = 33554432 (custom)
2019-11-13 14:35:46,174 [pool-27-thread-1] INFO  segmented.SegmentedRaftLogWorker (SegmentedRaftLogWorker.java:lambda$new$0(128)) - 3bf84526-9b1d-4fb3-b5aa-fd4bf9db4807@group-62E7B8E2547A-SegmentedRaftLogWorker: flushIndex: setUnconditionally 0 -> -1
2019-11-13 14:35:46,175 [pool-37-thread-1] INFO  server.RaftServerConfigKeys (ConfUtils.java:logGet(43)) - raft.server.log.statemachine.data.caching.enabled = true (custom)
2019-11-13 14:35:46,174 [pool-47-thread-1] INFO  server.RaftServerConfigKeys (ConfUtils.java:logGet(43)) - raft.server.log.force.sync.num = 128 (default)
2019-11-13 14:35:46,175 [pool-27-thread-1] INFO  server.RaftServerConfigKeys (ConfUtils.java:logGet(43)) - raft.server.snapshot.auto.trigger.enabled = true (custom)
2019-11-13 14:35:46,175 [pool-47-thread-1] INFO  server.RaftServerConfigKeys (ConfUtils.java:logGet(43)) - raft.server.log.statemachine.data.sync = true (default)
2019-11-13 14:35:46,175 [pool-37-thread-1] INFO  segmented.SegmentedRaftLogWorker (SegmentedRaftLogWorker.java:lambda$new$0(128)) - d272b7d2-ec3d-4a91-a8d1-87c7434cd615@group-62E7B8E2547A-SegmentedRaftLogWorker: flushIndex: setUnconditionally 0 -> -1
2019-11-13 14:35:46,175 [pool-27-thread-1] INFO  server.RaftServerConfigKeys (ConfUtils.java:logGet(43)) - raft.server.snapshot.auto.trigger.threshold = 10000 (custom)
2019-11-13 14:35:46,175 [pool-47-thread-1] INFO  server.RaftServerConfigKeys (ConfUtils.java:logGet(43)) - raft.server.log.statemachine.data.sync.timeout = 10s (default)
2019-11-13 14:35:46,175 [pool-27-thread-1] INFO  server.RaftServerConfigKeys (ConfUtils.java:logGet(43)) - raft.server.snapshot.retention.file.num = 5 (custom)
2019-11-13 14:35:46,176 [pool-37-thread-1] INFO  server.RaftServerConfigKeys (ConfUtils.java:logGet(43)) - raft.server.snapshot.auto.trigger.enabled = true (custom)
2019-11-13 14:35:46,176 [pool-27-thread-1] INFO  server.RaftServerConfigKeys (ConfUtils.java:logGet(43)) - raft.server.retrycache.expirytime = 600000ms (custom)
2019-11-13 14:35:46,176 [pool-47-thread-1] INFO  server.RaftServerConfigKeys (ConfUtils.java:logGet(43)) - raft.server.log.statemachine.data.sync.timeout.retry = -1 (default)
2019-11-13 14:35:46,176 [pool-27-thread-1] WARN  impl.MetricRegistriesImpl (MetricRegistriesImpl.java:lambda$create$1(61)) - First MetricRegistry has been created without registering reporters. You may need to call MetricRegistries.global().addReportRegistration(...) before.
2019-11-13 14:35:46,176 [pool-37-thread-1] INFO  server.RaftServerConfigKeys (ConfUtils.java:logGet(43)) - raft.server.snapshot.auto.trigger.threshold = 10000 (custom)
2019-11-13 14:35:46,176 [pool-47-thread-1] INFO  server.RaftServerConfigKeys (ConfUtils.java:logGet(43)) - raft.server.log.statemachine.data.caching.enabled = true (custom)
2019-11-13 14:35:46,176 [pool-27-thread-1] WARN  impl.MetricRegistriesImpl (MetricRegistriesImpl.java:lambda$create$1(61)) - First MetricRegistry has been created without registering reporters. You may need to call MetricRegistries.global().addReportRegistration(...) before.
2019-11-13 14:35:46,176 [pool-37-thread-1] INFO  server.RaftServerConfigKeys (ConfUtils.java:logGet(43)) - raft.server.snapshot.retention.file.num = 5 (custom)
2019-11-13 14:35:46,177 [pool-47-thread-1] INFO  segmented.SegmentedRaftLogWorker (SegmentedRaftLogWorker.java:lambda$new$0(128)) - 866e73f8-a49a-481c-a737-3f554da6d3bf@group-62E7B8E2547A-SegmentedRaftLogWorker: flushIndex: setUnconditionally 0 -> -1
2019-11-13 14:35:46,177 [pool-37-thread-1] INFO  server.RaftServerConfigKeys (ConfUtils.java:logGet(43)) - raft.server.retrycache.expirytime = 600000ms (custom)
2019-11-13 14:35:46,177 [pool-27-thread-1] INFO  impl.RaftServerImpl (RaftServerImpl.java:start(184)) - 3bf84526-9b1d-4fb3-b5aa-fd4bf9db4807@group-62E7B8E2547A: start as a follower, conf=-1: [d272b7d2-ec3d-4a91-a8d1-87c7434cd615:192.168.157.200:36074, 866e73f8-a49a-481c-a737-3f554da6d3bf:192.168.157.200:39603, 3bf84526-9b1d-4fb3-b5aa-fd4bf9db4807:192.168.157.200:41351], old=null
2019-11-13 14:35:46,177 [pool-47-thread-1] INFO  server.RaftServerConfigKeys (ConfUtils.java:logGet(43)) - raft.server.snapshot.auto.trigger.enabled = true (custom)
2019-11-13 14:35:46,177 [pool-37-thread-1] WARN  impl.MetricRegistriesImpl (MetricRegistriesImpl.java:lambda$create$1(61)) - First MetricRegistry has been created without registering reporters. You may need to call MetricRegistries.global().addReportRegistration(...) before.
2019-11-13 14:35:46,177 [pool-47-thread-1] INFO  server.RaftServerConfigKeys (ConfUtils.java:logGet(43)) - raft.server.snapshot.auto.trigger.threshold = 10000 (custom)
2019-11-13 14:35:46,177 [pool-27-thread-1] INFO  impl.RaftServerImpl (RaftServerImpl.java:setRole(173)) - 3bf84526-9b1d-4fb3-b5aa-fd4bf9db4807@group-62E7B8E2547A: changes role from      null to FOLLOWER at term 0 for startAsFollower
2019-11-13 14:35:46,178 [pool-47-thread-1] INFO  server.RaftServerConfigKeys (ConfUtils.java:logGet(43)) - raft.server.snapshot.retention.file.num = 5 (custom)
2019-11-13 14:35:46,177 [pool-37-thread-1] WARN  impl.MetricRegistriesImpl (MetricRegistriesImpl.java:lambda$create$1(61)) - First MetricRegistry has been created without registering reporters. You may need to call MetricRegistries.global().addReportRegistration(...) before.
2019-11-13 14:35:46,178 [pool-47-thread-1] INFO  server.RaftServerConfigKeys (ConfUtils.java:logGet(43)) - raft.server.retrycache.expirytime = 600000ms (custom)
2019-11-13 14:35:46,178 [pool-27-thread-1] INFO  impl.RoleInfo (RoleInfo.java:updateAndGet(143)) - 3bf84526-9b1d-4fb3-b5aa-fd4bf9db4807: start FollowerState
2019-11-13 14:35:46,178 [pool-37-thread-1] INFO  impl.RaftServerImpl (RaftServerImpl.java:start(184)) - d272b7d2-ec3d-4a91-a8d1-87c7434cd615@group-62E7B8E2547A: start as a follower, conf=-1: [d272b7d2-ec3d-4a91-a8d1-87c7434cd615:192.168.157.200:36074, 866e73f8-a49a-481c-a737-3f554da6d3bf:192.168.157.200:39603, 3bf84526-9b1d-4fb3-b5aa-fd4bf9db4807:192.168.157.200:41351], old=null
2019-11-13 14:35:46,178 [pool-47-thread-1] WARN  impl.MetricRegistriesImpl (MetricRegistriesImpl.java:lambda$create$1(61)) - First MetricRegistry has been created without registering reporters. You may need to call MetricRegistries.global().addReportRegistration(...) before.
2019-11-13 14:35:46,178 [pool-37-thread-1] INFO  impl.RaftServerImpl (RaftServerImpl.java:setRole(173)) - d272b7d2-ec3d-4a91-a8d1-87c7434cd615@group-62E7B8E2547A: changes role from      null to FOLLOWER at term 0 for startAsFollower
2019-11-13 14:35:46,178 [pool-47-thread-1] WARN  impl.MetricRegistriesImpl (MetricRegistriesImpl.java:lambda$create$1(61)) - First MetricRegistry has been created without registering reporters. You may need to call MetricRegistries.global().addReportRegistration(...) before.
2019-11-13 14:35:46,179 [pool-27-thread-1] INFO  util.JmxRegister (JmxRegister.java:tryRegister(44)) - Successfully registered JMX Bean with object name Ratis:service=RaftServer,group=group-62E7B8E2547A,id=3bf84526-9b1d-4fb3-b5aa-fd4bf9db4807
2019-11-13 14:35:46,179 [pool-47-thread-1] INFO  impl.RaftServerImpl (RaftServerImpl.java:start(184)) - 866e73f8-a49a-481c-a737-3f554da6d3bf@group-62E7B8E2547A: start as a follower, conf=-1: [d272b7d2-ec3d-4a91-a8d1-87c7434cd615:192.168.157.200:36074, 866e73f8-a49a-481c-a737-3f554da6d3bf:192.168.157.200:39603, 3bf84526-9b1d-4fb3-b5aa-fd4bf9db4807:192.168.157.200:41351], old=null
2019-11-13 14:35:46,179 [pool-37-thread-1] INFO  impl.RoleInfo (RoleInfo.java:updateAndGet(143)) - d272b7d2-ec3d-4a91-a8d1-87c7434cd615: start FollowerState
2019-11-13 14:35:46,179 [pool-47-thread-1] INFO  impl.RaftServerImpl (RaftServerImpl.java:setRole(173)) - 866e73f8-a49a-481c-a737-3f554da6d3bf@group-62E7B8E2547A: changes role from      null to FOLLOWER at term 0 for startAsFollower
2019-11-13 14:35:46,179 [pool-27-thread-1] WARN  impl.MetricRegistriesImpl (MetricRegistriesImpl.java:lambda$create$1(61)) - First MetricRegistry has been created without registering reporters. You may need to call MetricRegistries.global().addReportRegistration(...) before.
2019-11-13 14:35:46,179 [pool-47-thread-1] INFO  impl.RoleInfo (RoleInfo.java:updateAndGet(143)) - 866e73f8-a49a-481c-a737-3f554da6d3bf: start FollowerState
2019-11-13 14:35:46,179 [pool-37-thread-1] INFO  util.JmxRegister (JmxRegister.java:tryRegister(44)) - Successfully registered JMX Bean with object name Ratis:service=RaftServer,group=group-62E7B8E2547A,id=d272b7d2-ec3d-4a91-a8d1-87c7434cd615
2019-11-13 14:35:46,180 [pool-37-thread-1] WARN  impl.MetricRegistriesImpl (MetricRegistriesImpl.java:lambda$create$1(61)) - First MetricRegistry has been created without registering reporters. You may need to call MetricRegistries.global().addReportRegistration(...) before.
2019-11-13 14:35:46,180 [pool-47-thread-1] INFO  util.JmxRegister (JmxRegister.java:tryRegister(44)) - Successfully registered JMX Bean with object name Ratis:service=RaftServer,group=group-62E7B8E2547A,id=866e73f8-a49a-481c-a737-3f554da6d3bf
2019-11-13 14:35:46,180 [pool-47-thread-1] WARN  impl.MetricRegistriesImpl (MetricRegistriesImpl.java:lambda$create$1(61)) - First MetricRegistry has been created without registering reporters. You may need to call MetricRegistries.global().addReportRegistration(...) before.
2019-11-13 14:35:46,197 [RatisPipelineUtilsThread] INFO  pipeline.PipelineStateManager (PipelineStateManager.java:addPipeline(55)) - Created pipeline Pipeline[ Id: b915c966-52d3-4b54-9544-62e7b8e2547a, Nodes: d272b7d2-ec3d-4a91-a8d1-87c7434cd615{ip: 192.168.157.200, host: pr-hdds-2452-7vw7s-1330541530, networkLocation: /default-rack, certSerialId: null}866e73f8-a49a-481c-a737-3f554da6d3bf{ip: 192.168.157.200, host: pr-hdds-2452-7vw7s-1330541530, networkLocation: /default-rack, certSerialId: null}3bf84526-9b1d-4fb3-b5aa-fd4bf9db4807{ip: 192.168.157.200, host: pr-hdds-2452-7vw7s-1330541530, networkLocation: /default-rack, certSerialId: null}, Type:RATIS, Factor:THREE, State:ALLOCATED]
2019-11-13 14:35:46,199 [main] INFO  ozone.MiniOzoneClusterImpl (MiniOzoneClusterImpl.java:lambda$waitForClusterToBeReady$2(163)) - Waiting for 4 number of pipelines out of 4, to report a leader.
2019-11-13 14:35:47,199 [main] INFO  ozone.MiniOzoneClusterImpl (MiniOzoneClusterImpl.java:lambda$waitForClusterToBeReady$2(163)) - Waiting for 4 number of pipelines out of 4, to report a leader.
2019-11-13 14:35:47,887 [Thread-178] INFO  container.ReplicationManager (ReplicationManager.java:start(162)) - Starting Replication Monitor Thread.
2019-11-13 14:35:47,891 [Thread-178] INFO  pipeline.SCMPipelineManager (SCMPipelineManager.java:finalizeAndDestroyPipeline(315)) - destroying pipeline:Pipeline[ Id: 6c17eca5-bda3-4937-b934-0ef2782f4cf7, Nodes: 3bf84526-9b1d-4fb3-b5aa-fd4bf9db4807{ip: 192.168.157.200, host: pr-hdds-2452-7vw7s-1330541530, networkLocation: /default-rack, certSerialId: null}, Type:RATIS, Factor:ONE, State:ALLOCATED]
2019-11-13 14:35:47,891 [ReplicationMonitor] INFO  container.ReplicationManager (ReplicationManager.java:run(225)) - Replication Monitor Thread took 1 milliseconds for processing 0 containers.
2019-11-13 14:35:47,893 [Thread-178] INFO  pipeline.PipelineStateManager (PipelineStateManager.java:finalizePipeline(121)) - Pipeline Pipeline[ Id: 6c17eca5-bda3-4937-b934-0ef2782f4cf7, Nodes: 3bf84526-9b1d-4fb3-b5aa-fd4bf9db4807{ip: 192.168.157.200, host: pr-hdds-2452-7vw7s-1330541530, networkLocation: /default-rack, certSerialId: null}, Type:RATIS, Factor:ONE, State:CLOSED] moved to CLOSED state
2019-11-13 14:35:47,923 [grpc-default-executor-0] INFO  impl.RaftServerProxy (RaftServerProxy.java:remove(95)) - 3bf84526-9b1d-4fb3-b5aa-fd4bf9db4807: remove  FOLLOWER 3bf84526-9b1d-4fb3-b5aa-fd4bf9db4807@group-0EF2782F4CF7:t0, leader=null, voted=null, raftlog=3bf84526-9b1d-4fb3-b5aa-fd4bf9db4807@group-0EF2782F4CF7-SegmentedRaftLog:OPENED:c-1,f-1,i0, conf=-1: [3bf84526-9b1d-4fb3-b5aa-fd4bf9db4807:192.168.157.200:41351], old=null RUNNING
2019-11-13 14:35:47,927 [grpc-default-executor-0] INFO  impl.RaftServerImpl (RaftServerImpl.java:lambda$shutdown$3(250)) - 3bf84526-9b1d-4fb3-b5aa-fd4bf9db4807@group-0EF2782F4CF7: shutdown
2019-11-13 14:35:47,927 [grpc-default-executor-0] INFO  util.JmxRegister (JmxRegister.java:unregister(73)) - Successfully un-registered JMX Bean with object name Ratis:service=RaftServer,group=group-0EF2782F4CF7,id=3bf84526-9b1d-4fb3-b5aa-fd4bf9db4807
2019-11-13 14:35:47,928 [grpc-default-executor-0] INFO  impl.RoleInfo (RoleInfo.java:shutdownFollowerState(121)) - 3bf84526-9b1d-4fb3-b5aa-fd4bf9db4807: shutdown FollowerState
2019-11-13 14:35:47,928 [grpc-default-executor-0] INFO  impl.StateMachineUpdater (StateMachineUpdater.java:stopAndJoin(136)) - 3bf84526-9b1d-4fb3-b5aa-fd4bf9db4807@group-0EF2782F4CF7-StateMachineUpdater: set stopIndex = -1
2019-11-13 14:35:47,928 [Thread-180] INFO  impl.FollowerState (FollowerState.java:run(120)) - 3bf84526-9b1d-4fb3-b5aa-fd4bf9db4807@group-0EF2782F4CF7-FollowerState was interrupted: java.lang.InterruptedException: sleep interrupted
2019-11-13 14:35:47,930 [grpc-default-executor-0] INFO  impl.RaftServerImpl (ServerState.java:close(387)) - 3bf84526-9b1d-4fb3-b5aa-fd4bf9db4807@group-0EF2782F4CF7: closes. applyIndex: -1
2019-11-13 14:35:47,934 [3bf84526-9b1d-4fb3-b5aa-fd4bf9db4807@group-0EF2782F4CF7-SegmentedRaftLogWorker] INFO  segmented.SegmentedRaftLogWorker (SegmentedRaftLogWorker.java:run(316)) - 3bf84526-9b1d-4fb3-b5aa-fd4bf9db4807@group-0EF2782F4CF7-SegmentedRaftLogWorker was interrupted, exiting. There are 0 tasks remaining in the queue.
2019-11-13 14:35:47,936 [grpc-default-executor-0] INFO  segmented.SegmentedRaftLogWorker (SegmentedRaftLogWorker.java:close(224)) - 3bf84526-9b1d-4fb3-b5aa-fd4bf9db4807@group-0EF2782F4CF7-SegmentedRaftLogWorker close()
2019-11-13 14:35:47,953 [Thread-178] INFO  pipeline.PipelineStateManager (PipelineStateManager.java:removePipeline(106)) - Pipeline Pipeline[ Id: 6c17eca5-bda3-4937-b934-0ef2782f4cf7, Nodes: 3bf84526-9b1d-4fb3-b5aa-fd4bf9db4807{ip: 192.168.157.200, host: pr-hdds-2452-7vw7s-1330541530, networkLocation: /default-rack, certSerialId: null}, Type:RATIS, Factor:ONE, State:CLOSED] removed from db
2019-11-13 14:35:47,954 [Thread-178] INFO  pipeline.SCMPipelineManager (SCMPipelineManager.java:finalizeAndDestroyPipeline(315)) - destroying pipeline:Pipeline[ Id: 0b0ef6b6-7b90-41f8-9eeb-d35ba4580493, Nodes: 866e73f8-a49a-481c-a737-3f554da6d3bf{ip: 192.168.157.200, host: pr-hdds-2452-7vw7s-1330541530, networkLocation: /default-rack, certSerialId: null}, Type:RATIS, Factor:ONE, State:ALLOCATED]
2019-11-13 14:35:47,967 [grpc-default-executor-0] INFO  impl.RaftServerProxy (RaftServerProxy.java:addNew(89)) - 3bf84526-9b1d-4fb3-b5aa-fd4bf9db4807: addNew group-A61C883437AE:[3bf84526-9b1d-4fb3-b5aa-fd4bf9db4807:192.168.157.200:41351] returns group-A61C883437AE:java.util.concurrent.CompletableFuture@275e489c[Not completed]
2019-11-13 14:35:47,970 [pool-27-thread-1] INFO  impl.RaftServerImpl (RaftServerImpl.java:<init>(98)) - 3bf84526-9b1d-4fb3-b5aa-fd4bf9db4807: new RaftServerImpl for group-A61C883437AE:[3bf84526-9b1d-4fb3-b5aa-fd4bf9db4807:192.168.157.200:41351] with ContainerStateMachine:uninitialized
2019-11-13 14:35:47,970 [pool-27-thread-1] INFO  server.RaftServerConfigKeys (ConfUtils.java:logGet(43)) - raft.server.rpc.timeout.min = 5s (custom)
2019-11-13 14:35:47,971 [pool-27-thread-1] INFO  server.RaftServerConfigKeys (ConfUtils.java:logGet(43)) - raft.server.rpc.timeout.max = 5200ms (custom)
2019-11-13 14:35:47,971 [pool-27-thread-1] INFO  server.RaftServerConfigKeys (ConfUtils.java:logGet(43)) - raft.server.rpcslowness.timeout = 120s (custom)
2019-11-13 14:35:47,971 [pool-27-thread-1] INFO  server.RaftServerConfigKeys (ConfUtils.java:logGet(43)) - raft.server.sleep.deviation.threshold = 300 (default)
2019-11-13 14:35:47,971 [pool-27-thread-1] INFO  server.RaftServerConfigKeys (ConfUtils.java:logGet(43)) - raft.server.log.appender.install.snapshot.enabled = false (custom)
2019-11-13 14:35:47,971 [pool-27-thread-1] INFO  impl.RaftServerImpl (ServerState.java:<init>(103)) - 3bf84526-9b1d-4fb3-b5aa-fd4bf9db4807@group-A61C883437AE: ConfigurationManager, init=-1: [3bf84526-9b1d-4fb3-b5aa-fd4bf9db4807:192.168.157.200:41351], old=null, confs=<EMPTY_MAP>
2019-11-13 14:35:47,972 [pool-27-thread-1] INFO  server.RaftServerConfigKeys (ConfUtils.java:logGet(43)) - raft.server.storage.dir = [/workdir/hadoop-ozone/tools/target/test-dir/MiniOzoneClusterImpl-4b23d5b9-0cd4-4e70-8948-e43dc5858374/datanode-0/data/ratis] (custom)
2019-11-13 14:35:47,972 [pool-27-thread-1] INFO  server.RaftServerConfigKeys (ConfUtils.java:logGet(43)) - raft.server.log.corruption.policy = EXCEPTION (default)
2019-11-13 14:35:47,972 [pool-27-thread-1] INFO  storage.RaftStorageDirectory (RaftStorageDirectory.java:analyzeStorage(246)) - The storage directory /workdir/hadoop-ozone/tools/target/test-dir/MiniOzoneClusterImpl-4b23d5b9-0cd4-4e70-8948-e43dc5858374/datanode-0/data/ratis/fd6ebcdb-9805-49ef-8175-a61c883437ae does not exist. Creating ...
2019-11-13 14:35:48,008 [pool-27-thread-1] INFO  storage.RaftStorageDirectory (RaftStorageDirectory.java:tryLock(328)) - Lock on /workdir/hadoop-ozone/tools/target/test-dir/MiniOzoneClusterImpl-4b23d5b9-0cd4-4e70-8948-e43dc5858374/datanode-0/data/ratis/fd6ebcdb-9805-49ef-8175-a61c883437ae/in_use.lock acquired by nodename 9673@pr-hdds-2452-7vw7s-1330541530
2019-11-13 14:35:48,048 [pool-27-thread-1] INFO  storage.RaftStorage (RaftStorage.java:format(84)) - Storage directory /workdir/hadoop-ozone/tools/target/test-dir/MiniOzoneClusterImpl-4b23d5b9-0cd4-4e70-8948-e43dc5858374/datanode-0/data/ratis/fd6ebcdb-9805-49ef-8175-a61c883437ae has been successfully formatted.
2019-11-13 14:35:48,049 [pool-27-thread-1] INFO  ratis.ContainerStateMachine (ContainerStateMachine.java:loadSnapshot(223)) - group-A61C883437AE: The snapshot info is null. Setting the last applied indexto:(t:0, i:~)
2019-11-13 14:35:48,049 [pool-27-thread-1] INFO  server.RaftServerConfigKeys (ConfUtils.java:logGet(43)) - raft.server.notification.no-leader.timeout = 120s (custom)
2019-11-13 14:35:48,049 [pool-27-thread-1] INFO  server.RaftServerConfigKeys (ConfUtils.java:logGet(43)) - raft.server.log.use.memory = false (default)
2019-11-13 14:35:48,049 [pool-27-thread-1] INFO  server.RaftServerConfigKeys (ConfUtils.java:logGet(43)) - raft.server.log.purge.gap = 1000000 (custom)
2019-11-13 14:35:48,049 [pool-27-thread-1] INFO  server.RaftServerConfigKeys (ConfUtils.java:logGet(43)) - raft.server.log.appender.buffer.byte-limit = 33554432 (custom)
2019-11-13 14:35:48,050 [pool-27-thread-1] INFO  server.RaftServerConfigKeys (ConfUtils.java:logGet(43)) - raft.server.log.segment.size.max = 1048576 (custom)
2019-11-13 14:35:48,050 [pool-27-thread-1] INFO  server.RaftServerConfigKeys (ConfUtils.java:logGet(43)) - raft.server.log.segment.cache.num.max = 2 (custom)
2019-11-13 14:35:48,050 [pool-27-thread-1] INFO  segmented.SegmentedRaftLogWorker (SegmentedRaftLogWorker.java:<init>(173)) - new 3bf84526-9b1d-4fb3-b5aa-fd4bf9db4807@group-A61C883437AE-SegmentedRaftLogWorker for RaftStorage:Storage Directory /workdir/hadoop-ozone/tools/target/test-dir/MiniOzoneClusterImpl-4b23d5b9-0cd4-4e70-8948-e43dc5858374/datanode-0/data/ratis/fd6ebcdb-9805-49ef-8175-a61c883437ae
2019-11-13 14:35:48,050 [pool-27-thread-1] INFO  server.RaftServerConfigKeys (ConfUtils.java:logGet(43)) - raft.server.log.queue.byte-limit = 2147483647 (custom)
2019-11-13 14:35:48,050 [pool-27-thread-1] INFO  server.RaftServerConfigKeys (ConfUtils.java:logGet(43)) - raft.server.log.queue.element-limit = 1024 (custom)
2019-11-13 14:35:48,050 [pool-27-thread-1] INFO  server.RaftServerConfigKeys (ConfUtils.java:logGet(43)) - raft.server.log.segment.size.max = 1048576 (custom)
2019-11-13 14:35:48,051 [pool-27-thread-1] INFO  server.RaftServerConfigKeys (ConfUtils.java:logGet(43)) - raft.server.log.preallocated.size = 16384 (custom)
2019-11-13 14:35:48,051 [pool-27-thread-1] INFO  server.RaftServerConfigKeys (ConfUtils.java:logGet(43)) - raft.server.log.write.buffer.size = 33554432 (custom)
2019-11-13 14:35:48,051 [pool-27-thread-1] INFO  server.RaftServerConfigKeys (ConfUtils.java:logGet(43)) - raft.server.log.force.sync.num = 128 (default)
2019-11-13 14:35:48,051 [pool-27-thread-1] INFO  server.RaftServerConfigKeys (ConfUtils.java:logGet(43)) - raft.server.log.statemachine.data.sync = true (default)
2019-11-13 14:35:48,051 [pool-27-thread-1] INFO  server.RaftServerConfigKeys (ConfUtils.java:logGet(43)) - raft.server.log.statemachine.data.sync.timeout = 10s (default)
2019-11-13 14:35:48,051 [pool-27-thread-1] INFO  server.RaftServerConfigKeys (ConfUtils.java:logGet(43)) - raft.server.log.statemachine.data.sync.timeout.retry = -1 (default)
2019-11-13 14:35:48,052 [pool-27-thread-1] INFO  server.RaftServerConfigKeys (ConfUtils.java:logGet(43)) - raft.server.log.statemachine.data.caching.enabled = true (custom)
2019-11-13 14:35:48,052 [pool-27-thread-1] INFO  segmented.SegmentedRaftLogWorker (SegmentedRaftLogWorker.java:lambda$new$0(128)) - 3bf84526-9b1d-4fb3-b5aa-fd4bf9db4807@group-A61C883437AE-SegmentedRaftLogWorker: flushIndex: setUnconditionally 0 -> -1
2019-11-13 14:35:48,052 [pool-27-thread-1] INFO  server.RaftServerConfigKeys (ConfUtils.java:logGet(43)) - raft.server.snapshot.auto.trigger.enabled = true (custom)
2019-11-13 14:35:48,053 [pool-27-thread-1] INFO  server.RaftServerConfigKeys (ConfUtils.java:logGet(43)) - raft.server.snapshot.auto.trigger.threshold = 10000 (custom)
2019-11-13 14:35:48,053 [pool-27-thread-1] INFO  server.RaftServerConfigKeys (ConfUtils.java:logGet(43)) - raft.server.snapshot.retention.file.num = 5 (custom)
2019-11-13 14:35:48,053 [pool-27-thread-1] INFO  server.RaftServerConfigKeys (ConfUtils.java:logGet(43)) - raft.server.retrycache.expirytime = 600000ms (custom)
2019-11-13 14:35:48,053 [pool-27-thread-1] WARN  impl.MetricRegistriesImpl (MetricRegistriesImpl.java:lambda$create$1(61)) - First MetricRegistry has been created without registering reporters. You may need to call MetricRegistries.global().addReportRegistration(...) before.
2019-11-13 14:35:48,053 [pool-27-thread-1] WARN  impl.MetricRegistriesImpl (MetricRegistriesImpl.java:lambda$create$1(61)) - First MetricRegistry has been created without registering reporters. You may need to call MetricRegistries.global().addReportRegistration(...) before.
2019-11-13 14:35:48,054 [pool-27-thread-1] INFO  impl.RaftServerImpl (RaftServerImpl.java:start(184)) - 3bf84526-9b1d-4fb3-b5aa-fd4bf9db4807@group-A61C883437AE: start as a follower, conf=-1: [3bf84526-9b1d-4fb3-b5aa-fd4bf9db4807:192.168.157.200:41351], old=null
2019-11-13 14:35:48,054 [pool-27-thread-1] INFO  impl.RaftServerImpl (RaftServerImpl.java:setRole(173)) - 3bf84526-9b1d-4fb3-b5aa-fd4bf9db4807@group-A61C883437AE: changes role from      null to FOLLOWER at term 0 for startAsFollower
2019-11-13 14:35:48,054 [pool-27-thread-1] INFO  impl.RoleInfo (RoleInfo.java:updateAndGet(143)) - 3bf84526-9b1d-4fb3-b5aa-fd4bf9db4807: start FollowerState
2019-11-13 14:35:48,055 [pool-27-thread-1] INFO  util.JmxRegister (JmxRegister.java:tryRegister(44)) - Successfully registered JMX Bean with object name Ratis:service=RaftServer,group=group-A61C883437AE,id=3bf84526-9b1d-4fb3-b5aa-fd4bf9db4807
2019-11-13 14:35:48,055 [pool-27-thread-1] WARN  impl.MetricRegistriesImpl (MetricRegistriesImpl.java:lambda$create$1(61)) - First MetricRegistry has been created without registering reporters. You may need to call MetricRegistries.global().addReportRegistration(...) before.
2019-11-13 14:35:48,063 [RatisPipelineUtilsThread] INFO  pipeline.PipelineStateManager (PipelineStateManager.java:addPipeline(55)) - Created pipeline Pipeline[ Id: fd6ebcdb-9805-49ef-8175-a61c883437ae, Nodes: 3bf84526-9b1d-4fb3-b5aa-fd4bf9db4807{ip: 192.168.157.200, host: pr-hdds-2452-7vw7s-1330541530, networkLocation: /default-rack, certSerialId: null}, Type:RATIS, Factor:ONE, State:ALLOCATED]
2019-11-13 14:35:48,064 [Thread-178] INFO  pipeline.PipelineStateManager (PipelineStateManager.java:finalizePipeline(121)) - Pipeline Pipeline[ Id: 0b0ef6b6-7b90-41f8-9eeb-d35ba4580493, Nodes: 866e73f8-a49a-481c-a737-3f554da6d3bf{ip: 192.168.157.200, host: pr-hdds-2452-7vw7s-1330541530, networkLocation: /default-rack, certSerialId: null}, Type:RATIS, Factor:ONE, State:CLOSED] moved to CLOSED state
2019-11-13 14:35:48,076 [grpc-default-executor-0] INFO  impl.RaftServerProxy (RaftServerProxy.java:remove(95)) - 866e73f8-a49a-481c-a737-3f554da6d3bf: remove  FOLLOWER 866e73f8-a49a-481c-a737-3f554da6d3bf@group-D35BA4580493:t0, leader=null, voted=null, raftlog=866e73f8-a49a-481c-a737-3f554da6d3bf@group-D35BA4580493-SegmentedRaftLog:OPENED:c-1,f-1,i0, conf=-1: [866e73f8-a49a-481c-a737-3f554da6d3bf:192.168.157.200:39603], old=null RUNNING
2019-11-13 14:35:48,076 [grpc-default-executor-0] INFO  impl.RaftServerImpl (RaftServerImpl.java:lambda$shutdown$3(250)) - 866e73f8-a49a-481c-a737-3f554da6d3bf@group-D35BA4580493: shutdown
2019-11-13 14:35:48,076 [grpc-default-executor-0] INFO  util.JmxRegister (JmxRegister.java:unregister(73)) - Successfully un-registered JMX Bean with object name Ratis:service=RaftServer,group=group-D35BA4580493,id=866e73f8-a49a-481c-a737-3f554da6d3bf
2019-11-13 14:35:48,076 [grpc-default-executor-0] INFO  impl.RoleInfo (RoleInfo.java:shutdownFollowerState(121)) - 866e73f8-a49a-481c-a737-3f554da6d3bf: shutdown FollowerState
2019-11-13 14:35:48,077 [grpc-default-executor-0] INFO  impl.StateMachineUpdater (StateMachineUpdater.java:stopAndJoin(136)) - 866e73f8-a49a-481c-a737-3f554da6d3bf@group-D35BA4580493-StateMachineUpdater: set stopIndex = -1
2019-11-13 14:35:48,077 [Thread-186] INFO  impl.FollowerState (FollowerState.java:run(120)) - 866e73f8-a49a-481c-a737-3f554da6d3bf@group-D35BA4580493-FollowerState was interrupted: java.lang.InterruptedException: sleep interrupted
2019-11-13 14:35:48,079 [grpc-default-executor-0] INFO  impl.RaftServerImpl (ServerState.java:close(387)) - 866e73f8-a49a-481c-a737-3f554da6d3bf@group-D35BA4580493: closes. applyIndex: -1
2019-11-13 14:35:48,080 [866e73f8-a49a-481c-a737-3f554da6d3bf@group-D35BA4580493-SegmentedRaftLogWorker] INFO  segmented.SegmentedRaftLogWorker (SegmentedRaftLogWorker.java:run(316)) - 866e73f8-a49a-481c-a737-3f554da6d3bf@group-D35BA4580493-SegmentedRaftLogWorker was interrupted, exiting. There are 0 tasks remaining in the queue.
2019-11-13 14:35:48,080 [grpc-default-executor-0] INFO  segmented.SegmentedRaftLogWorker (SegmentedRaftLogWorker.java:close(224)) - 866e73f8-a49a-481c-a737-3f554da6d3bf@group-D35BA4580493-SegmentedRaftLogWorker close()
2019-11-13 14:35:48,092 [Thread-178] INFO  pipeline.PipelineStateManager (PipelineStateManager.java:removePipeline(106)) - Pipeline Pipeline[ Id: 0b0ef6b6-7b90-41f8-9eeb-d35ba4580493, Nodes: 866e73f8-a49a-481c-a737-3f554da6d3bf{ip: 192.168.157.200, host: pr-hdds-2452-7vw7s-1330541530, networkLocation: /default-rack, certSerialId: null}, Type:RATIS, Factor:ONE, State:CLOSED] removed from db
2019-11-13 14:35:48,092 [Thread-178] INFO  pipeline.SCMPipelineManager (SCMPipelineManager.java:finalizeAndDestroyPipeline(315)) - destroying pipeline:Pipeline[ Id: be75c4bf-cf13-491a-b178-933769ddf22c, Nodes: d272b7d2-ec3d-4a91-a8d1-87c7434cd615{ip: 192.168.157.200, host: pr-hdds-2452-7vw7s-1330541530, networkLocation: /default-rack, certSerialId: null}, Type:RATIS, Factor:ONE, State:ALLOCATED]
2019-11-13 14:35:48,102 [grpc-default-executor-0] INFO  impl.RaftServerProxy (RaftServerProxy.java:addNew(89)) - 866e73f8-a49a-481c-a737-3f554da6d3bf: addNew group-F9A74B74493E:[866e73f8-a49a-481c-a737-3f554da6d3bf:192.168.157.200:39603] returns group-F9A74B74493E:java.util.concurrent.CompletableFuture@7b88d47d[Not completed]
2019-11-13 14:35:48,104 [pool-47-thread-1] INFO  impl.RaftServerImpl (RaftServerImpl.java:<init>(98)) - 866e73f8-a49a-481c-a737-3f554da6d3bf: new RaftServerImpl for group-F9A74B74493E:[866e73f8-a49a-481c-a737-3f554da6d3bf:192.168.157.200:39603] with ContainerStateMachine:uninitialized
2019-11-13 14:35:48,105 [pool-47-thread-1] INFO  server.RaftServerConfigKeys (ConfUtils.java:logGet(43)) - raft.server.rpc.timeout.min = 5s (custom)
2019-11-13 14:35:48,105 [pool-47-thread-1] INFO  server.RaftServerConfigKeys (ConfUtils.java:logGet(43)) - raft.server.rpc.timeout.max = 5200ms (custom)
2019-11-13 14:35:48,105 [pool-47-thread-1] INFO  server.RaftServerConfigKeys (ConfUtils.java:logGet(43)) - raft.server.rpcslowness.timeout = 120s (custom)
2019-11-13 14:35:48,105 [pool-47-thread-1] INFO  server.RaftServerConfigKeys (ConfUtils.java:logGet(43)) - raft.server.sleep.deviation.threshold = 300 (default)
2019-11-13 14:35:48,105 [pool-47-thread-1] INFO  server.RaftServerConfigKeys (ConfUtils.java:logGet(43)) - raft.server.log.appender.install.snapshot.enabled = false (custom)
2019-11-13 14:35:48,106 [pool-47-thread-1] INFO  impl.RaftServerImpl (ServerState.java:<init>(103)) - 866e73f8-a49a-481c-a737-3f554da6d3bf@group-F9A74B74493E: ConfigurationManager, init=-1: [866e73f8-a49a-481c-a737-3f554da6d3bf:192.168.157.200:39603], old=null, confs=<EMPTY_MAP>
2019-11-13 14:35:48,106 [pool-47-thread-1] INFO  server.RaftServerConfigKeys (ConfUtils.java:logGet(43)) - raft.server.storage.dir = [/workdir/hadoop-ozone/tools/target/test-dir/MiniOzoneClusterImpl-4b23d5b9-0cd4-4e70-8948-e43dc5858374/datanode-2/data/ratis] (custom)
2019-11-13 14:35:48,106 [pool-47-thread-1] INFO  server.RaftServerConfigKeys (ConfUtils.java:logGet(43)) - raft.server.log.corruption.policy = EXCEPTION (default)
2019-11-13 14:35:48,106 [pool-47-thread-1] INFO  storage.RaftStorageDirectory (RaftStorageDirectory.java:analyzeStorage(246)) - The storage directory /workdir/hadoop-ozone/tools/target/test-dir/MiniOzoneClusterImpl-4b23d5b9-0cd4-4e70-8948-e43dc5858374/datanode-2/data/ratis/37d1cefe-71a4-4b4d-8b92-f9a74b74493e does not exist. Creating ...
2019-11-13 14:35:48,148 [pool-47-thread-1] INFO  storage.RaftStorageDirectory (RaftStorageDirectory.java:tryLock(328)) - Lock on /workdir/hadoop-ozone/tools/target/test-dir/MiniOzoneClusterImpl-4b23d5b9-0cd4-4e70-8948-e43dc5858374/datanode-2/data/ratis/37d1cefe-71a4-4b4d-8b92-f9a74b74493e/in_use.lock acquired by nodename 9673@pr-hdds-2452-7vw7s-1330541530
2019-11-13 14:35:48,183 [pool-47-thread-1] INFO  storage.RaftStorage (RaftStorage.java:format(84)) - Storage directory /workdir/hadoop-ozone/tools/target/test-dir/MiniOzoneClusterImpl-4b23d5b9-0cd4-4e70-8948-e43dc5858374/datanode-2/data/ratis/37d1cefe-71a4-4b4d-8b92-f9a74b74493e has been successfully formatted.
2019-11-13 14:35:48,183 [pool-47-thread-1] INFO  ratis.ContainerStateMachine (ContainerStateMachine.java:loadSnapshot(223)) - group-F9A74B74493E: The snapshot info is null. Setting the last applied indexto:(t:0, i:~)
2019-11-13 14:35:48,183 [pool-47-thread-1] INFO  server.RaftServerConfigKeys (ConfUtils.java:logGet(43)) - raft.server.notification.no-leader.timeout = 120s (custom)
2019-11-13 14:35:48,183 [pool-47-thread-1] INFO  server.RaftServerConfigKeys (ConfUtils.java:logGet(43)) - raft.server.log.use.memory = false (default)
2019-11-13 14:35:48,184 [pool-47-thread-1] INFO  server.RaftServerConfigKeys (ConfUtils.java:logGet(43)) - raft.server.log.purge.gap = 1000000 (custom)
2019-11-13 14:35:48,184 [pool-47-thread-1] INFO  server.RaftServerConfigKeys (ConfUtils.java:logGet(43)) - raft.server.log.appender.buffer.byte-limit = 33554432 (custom)
2019-11-13 14:35:48,184 [pool-47-thread-1] INFO  server.RaftServerConfigKeys (ConfUtils.java:logGet(43)) - raft.server.log.segment.size.max = 1048576 (custom)
2019-11-13 14:35:48,184 [pool-47-thread-1] INFO  server.RaftServerConfigKeys (ConfUtils.java:logGet(43)) - raft.server.log.segment.cache.num.max = 2 (custom)
2019-11-13 14:35:48,184 [pool-47-thread-1] INFO  segmented.SegmentedRaftLogWorker (SegmentedRaftLogWorker.java:<init>(173)) - new 866e73f8-a49a-481c-a737-3f554da6d3bf@group-F9A74B74493E-SegmentedRaftLogWorker for RaftStorage:Storage Directory /workdir/hadoop-ozone/tools/target/test-dir/MiniOzoneClusterImpl-4b23d5b9-0cd4-4e70-8948-e43dc5858374/datanode-2/data/ratis/37d1cefe-71a4-4b4d-8b92-f9a74b74493e
2019-11-13 14:35:48,185 [pool-47-thread-1] INFO  server.RaftServerConfigKeys (ConfUtils.java:logGet(43)) - raft.server.log.queue.byte-limit = 2147483647 (custom)
2019-11-13 14:35:48,185 [pool-47-thread-1] INFO  server.RaftServerConfigKeys (ConfUtils.java:logGet(43)) - raft.server.log.queue.element-limit = 1024 (custom)
2019-11-13 14:35:48,185 [pool-47-thread-1] INFO  server.RaftServerConfigKeys (ConfUtils.java:logGet(43)) - raft.server.log.segment.size.max = 1048576 (custom)
2019-11-13 14:35:48,185 [pool-47-thread-1] INFO  server.RaftServerConfigKeys (ConfUtils.java:logGet(43)) - raft.server.log.preallocated.size = 16384 (custom)
2019-11-13 14:35:48,185 [pool-47-thread-1] INFO  server.RaftServerConfigKeys (ConfUtils.java:logGet(43)) - raft.server.log.write.buffer.size = 33554432 (custom)
2019-11-13 14:35:48,185 [pool-47-thread-1] INFO  server.RaftServerConfigKeys (ConfUtils.java:logGet(43)) - raft.server.log.force.sync.num = 128 (default)
2019-11-13 14:35:48,185 [pool-47-thread-1] INFO  server.RaftServerConfigKeys (ConfUtils.java:logGet(43)) - raft.server.log.statemachine.data.sync = true (default)
2019-11-13 14:35:48,186 [pool-47-thread-1] INFO  server.RaftServerConfigKeys (ConfUtils.java:logGet(43)) - raft.server.log.statemachine.data.sync.timeout = 10s (default)
2019-11-13 14:35:48,186 [pool-47-thread-1] INFO  server.RaftServerConfigKeys (ConfUtils.java:logGet(43)) - raft.server.log.statemachine.data.sync.timeout.retry = -1 (default)
2019-11-13 14:35:48,186 [pool-47-thread-1] INFO  server.RaftServerConfigKeys (ConfUtils.java:logGet(43)) - raft.server.log.statemachine.data.caching.enabled = true (custom)
2019-11-13 14:35:48,187 [pool-47-thread-1] INFO  segmented.SegmentedRaftLogWorker (SegmentedRaftLogWorker.java:lambda$new$0(128)) - 866e73f8-a49a-481c-a737-3f554da6d3bf@group-F9A74B74493E-SegmentedRaftLogWorker: flushIndex: setUnconditionally 0 -> -1
2019-11-13 14:35:48,187 [pool-47-thread-1] INFO  server.RaftServerConfigKeys (ConfUtils.java:logGet(43)) - raft.server.snapshot.auto.trigger.enabled = true (custom)
2019-11-13 14:35:48,187 [pool-47-thread-1] INFO  server.RaftServerConfigKeys (ConfUtils.java:logGet(43)) - raft.server.snapshot.auto.trigger.threshold = 10000 (custom)
2019-11-13 14:35:48,187 [pool-47-thread-1] INFO  server.RaftServerConfigKeys (ConfUtils.java:logGet(43)) - raft.server.snapshot.retention.file.num = 5 (custom)
2019-11-13 14:35:48,188 [pool-47-thread-1] INFO  server.RaftServerConfigKeys (ConfUtils.java:logGet(43)) - raft.server.retrycache.expirytime = 600000ms (custom)
2019-11-13 14:35:48,188 [pool-47-thread-1] WARN  impl.MetricRegistriesImpl (MetricRegistriesImpl.java:lambda$create$1(61)) - First MetricRegistry has been created without registering reporters. You may need to call MetricRegistries.global().addReportRegistration(...) before.
2019-11-13 14:35:48,188 [pool-47-thread-1] WARN  impl.MetricRegistriesImpl (MetricRegistriesImpl.java:lambda$create$1(61)) - First MetricRegistry has been created without registering reporters. You may need to call MetricRegistries.global().addReportRegistration(...) before.
2019-11-13 14:35:48,188 [pool-47-thread-1] INFO  impl.RaftServerImpl (RaftServerImpl.java:start(184)) - 866e73f8-a49a-481c-a737-3f554da6d3bf@group-F9A74B74493E: start as a follower, conf=-1: [866e73f8-a49a-481c-a737-3f554da6d3bf:192.168.157.200:39603], old=null
2019-11-13 14:35:48,188 [pool-47-thread-1] INFO  impl.RaftServerImpl (RaftServerImpl.java:setRole(173)) - 866e73f8-a49a-481c-a737-3f554da6d3bf@group-F9A74B74493E: changes role from      null to FOLLOWER at term 0 for startAsFollower
2019-11-13 14:35:48,189 [pool-47-thread-1] INFO  impl.RoleInfo (RoleInfo.java:updateAndGet(143)) - 866e73f8-a49a-481c-a737-3f554da6d3bf: start FollowerState
2019-11-13 14:35:48,189 [pool-47-thread-1] INFO  util.JmxRegister (JmxRegister.java:tryRegister(44)) - Successfully registered JMX Bean with object name Ratis:service=RaftServer,group=group-F9A74B74493E,id=866e73f8-a49a-481c-a737-3f554da6d3bf
2019-11-13 14:35:48,189 [pool-47-thread-1] WARN  impl.MetricRegistriesImpl (MetricRegistriesImpl.java:lambda$create$1(61)) - First MetricRegistry has been created without registering reporters. You may need to call MetricRegistries.global().addReportRegistration(...) before.
2019-11-13 14:35:48,198 [RatisPipelineUtilsThread] INFO  pipeline.PipelineStateManager (PipelineStateManager.java:addPipeline(55)) - Created pipeline Pipeline[ Id: 37d1cefe-71a4-4b4d-8b92-f9a74b74493e, Nodes: 866e73f8-a49a-481c-a737-3f554da6d3bf{ip: 192.168.157.200, host: pr-hdds-2452-7vw7s-1330541530, networkLocation: /default-rack, certSerialId: null}, Type:RATIS, Factor:ONE, State:ALLOCATED]
2019-11-13 14:35:48,200 [Thread-178] INFO  pipeline.PipelineStateManager (PipelineStateManager.java:finalizePipeline(121)) - Pipeline Pipeline[ Id: be75c4bf-cf13-491a-b178-933769ddf22c, Nodes: d272b7d2-ec3d-4a91-a8d1-87c7434cd615{ip: 192.168.157.200, host: pr-hdds-2452-7vw7s-1330541530, networkLocation: /default-rack, certSerialId: null}, Type:RATIS, Factor:ONE, State:CLOSED] moved to CLOSED state
2019-11-13 14:35:48,200 [main] INFO  ozone.MiniOzoneClusterImpl (MiniOzoneClusterImpl.java:lambda$waitForClusterToBeReady$2(163)) - Waiting for 3 number of pipelines out of 4, to report a leader.
2019-11-13 14:35:48,210 [grpc-default-executor-0] INFO  impl.RaftServerProxy (RaftServerProxy.java:remove(95)) - d272b7d2-ec3d-4a91-a8d1-87c7434cd615: remove  FOLLOWER d272b7d2-ec3d-4a91-a8d1-87c7434cd615@group-933769DDF22C:t0, leader=null, voted=null, raftlog=d272b7d2-ec3d-4a91-a8d1-87c7434cd615@group-933769DDF22C-SegmentedRaftLog:OPENED:c-1,f-1,i0, conf=-1: [d272b7d2-ec3d-4a91-a8d1-87c7434cd615:192.168.157.200:36074], old=null RUNNING
2019-11-13 14:35:48,210 [grpc-default-executor-0] INFO  impl.RaftServerImpl (RaftServerImpl.java:lambda$shutdown$3(250)) - d272b7d2-ec3d-4a91-a8d1-87c7434cd615@group-933769DDF22C: shutdown
2019-11-13 14:35:48,210 [grpc-default-executor-0] INFO  util.JmxRegister (JmxRegister.java:unregister(73)) - Successfully un-registered JMX Bean with object name Ratis:service=RaftServer,group=group-933769DDF22C,id=d272b7d2-ec3d-4a91-a8d1-87c7434cd615
2019-11-13 14:35:48,211 [grpc-default-executor-0] INFO  impl.RoleInfo (RoleInfo.java:shutdownFollowerState(121)) - d272b7d2-ec3d-4a91-a8d1-87c7434cd615: shutdown FollowerState
2019-11-13 14:35:48,211 [grpc-default-executor-0] INFO  impl.StateMachineUpdater (StateMachineUpdater.java:stopAndJoin(136)) - d272b7d2-ec3d-4a91-a8d1-87c7434cd615@group-933769DDF22C-StateMachineUpdater: set stopIndex = -1
2019-11-13 14:35:48,211 [Thread-183] INFO  impl.FollowerState (FollowerState.java:run(120)) - d272b7d2-ec3d-4a91-a8d1-87c7434cd615@group-933769DDF22C-FollowerState was interrupted: java.lang.InterruptedException: sleep interrupted
2019-11-13 14:35:48,212 [grpc-default-executor-0] INFO  impl.RaftServerImpl (ServerState.java:close(387)) - d272b7d2-ec3d-4a91-a8d1-87c7434cd615@group-933769DDF22C: closes. applyIndex: -1
2019-11-13 14:35:48,213 [d272b7d2-ec3d-4a91-a8d1-87c7434cd615@group-933769DDF22C-SegmentedRaftLogWorker] INFO  segmented.SegmentedRaftLogWorker (SegmentedRaftLogWorker.java:run(316)) - d272b7d2-ec3d-4a91-a8d1-87c7434cd615@group-933769DDF22C-SegmentedRaftLogWorker was interrupted, exiting. There are 0 tasks remaining in the queue.
2019-11-13 14:35:48,213 [grpc-default-executor-0] INFO  segmented.SegmentedRaftLogWorker (SegmentedRaftLogWorker.java:close(224)) - d272b7d2-ec3d-4a91-a8d1-87c7434cd615@group-933769DDF22C-SegmentedRaftLogWorker close()
2019-11-13 14:35:48,222 [Thread-178] INFO  pipeline.PipelineStateManager (PipelineStateManager.java:removePipeline(106)) - Pipeline Pipeline[ Id: be75c4bf-cf13-491a-b178-933769ddf22c, Nodes: d272b7d2-ec3d-4a91-a8d1-87c7434cd615{ip: 192.168.157.200, host: pr-hdds-2452-7vw7s-1330541530, networkLocation: /default-rack, certSerialId: null}, Type:RATIS, Factor:ONE, State:CLOSED] removed from db
2019-11-13 14:35:48,222 [Thread-178] INFO  pipeline.SCMPipelineManager (SCMPipelineManager.java:finalizeAndDestroyPipeline(315)) - destroying pipeline:Pipeline[ Id: b915c966-52d3-4b54-9544-62e7b8e2547a, Nodes: d272b7d2-ec3d-4a91-a8d1-87c7434cd615{ip: 192.168.157.200, host: pr-hdds-2452-7vw7s-1330541530, networkLocation: /default-rack, certSerialId: null}866e73f8-a49a-481c-a737-3f554da6d3bf{ip: 192.168.157.200, host: pr-hdds-2452-7vw7s-1330541530, networkLocation: /default-rack, certSerialId: null}3bf84526-9b1d-4fb3-b5aa-fd4bf9db4807{ip: 192.168.157.200, host: pr-hdds-2452-7vw7s-1330541530, networkLocation: /default-rack, certSerialId: null}, Type:RATIS, Factor:THREE, State:ALLOCATED]
2019-11-13 14:35:48,233 [grpc-default-executor-0] INFO  impl.RaftServerProxy (RaftServerProxy.java:addNew(89)) - d272b7d2-ec3d-4a91-a8d1-87c7434cd615: addNew group-70464D007D6A:[d272b7d2-ec3d-4a91-a8d1-87c7434cd615:192.168.157.200:36074] returns group-70464D007D6A:java.util.concurrent.CompletableFuture@674e7072[Not completed]
2019-11-13 14:35:48,234 [pool-37-thread-1] INFO  impl.RaftServerImpl (RaftServerImpl.java:<init>(98)) - d272b7d2-ec3d-4a91-a8d1-87c7434cd615: new RaftServerImpl for group-70464D007D6A:[d272b7d2-ec3d-4a91-a8d1-87c7434cd615:192.168.157.200:36074] with ContainerStateMachine:uninitialized
2019-11-13 14:35:48,235 [pool-37-thread-1] INFO  server.RaftServerConfigKeys (ConfUtils.java:logGet(43)) - raft.server.rpc.timeout.min = 5s (custom)
2019-11-13 14:35:48,235 [pool-37-thread-1] INFO  server.RaftServerConfigKeys (ConfUtils.java:logGet(43)) - raft.server.rpc.timeout.max = 5200ms (custom)
2019-11-13 14:35:48,236 [pool-37-thread-1] INFO  server.RaftServerConfigKeys (ConfUtils.java:logGet(43)) - raft.server.rpcslowness.timeout = 120s (custom)
2019-11-13 14:35:48,236 [pool-37-thread-1] INFO  server.RaftServerConfigKeys (ConfUtils.java:logGet(43)) - raft.server.sleep.deviation.threshold = 300 (default)
2019-11-13 14:35:48,236 [pool-37-thread-1] INFO  server.RaftServerConfigKeys (ConfUtils.java:logGet(43)) - raft.server.log.appender.install.snapshot.enabled = false (custom)
2019-11-13 14:35:48,236 [pool-37-thread-1] INFO  impl.RaftServerImpl (ServerState.java:<init>(103)) - d272b7d2-ec3d-4a91-a8d1-87c7434cd615@group-70464D007D6A: ConfigurationManager, init=-1: [d272b7d2-ec3d-4a91-a8d1-87c7434cd615:192.168.157.200:36074], old=null, confs=<EMPTY_MAP>
2019-11-13 14:35:48,236 [pool-37-thread-1] INFO  server.RaftServerConfigKeys (ConfUtils.java:logGet(43)) - raft.server.storage.dir = [/workdir/hadoop-ozone/tools/target/test-dir/MiniOzoneClusterImpl-4b23d5b9-0cd4-4e70-8948-e43dc5858374/datanode-1/data/ratis] (custom)
2019-11-13 14:35:48,237 [pool-37-thread-1] INFO  server.RaftServerConfigKeys (ConfUtils.java:logGet(43)) - raft.server.log.corruption.policy = EXCEPTION (default)
2019-11-13 14:35:48,237 [pool-37-thread-1] INFO  storage.RaftStorageDirectory (RaftStorageDirectory.java:analyzeStorage(246)) - The storage directory /workdir/hadoop-ozone/tools/target/test-dir/MiniOzoneClusterImpl-4b23d5b9-0cd4-4e70-8948-e43dc5858374/datanode-1/data/ratis/a25f731a-ab39-45b7-8c44-70464d007d6a does not exist. Creating ...
2019-11-13 14:35:48,286 [pool-37-thread-1] INFO  storage.RaftStorageDirectory (RaftStorageDirectory.java:tryLock(328)) - Lock on /workdir/hadoop-ozone/tools/target/test-dir/MiniOzoneClusterImpl-4b23d5b9-0cd4-4e70-8948-e43dc5858374/datanode-1/data/ratis/a25f731a-ab39-45b7-8c44-70464d007d6a/in_use.lock acquired by nodename 9673@pr-hdds-2452-7vw7s-1330541530
2019-11-13 14:35:48,332 [pool-37-thread-1] INFO  storage.RaftStorage (RaftStorage.java:format(84)) - Storage directory /workdir/hadoop-ozone/tools/target/test-dir/MiniOzoneClusterImpl-4b23d5b9-0cd4-4e70-8948-e43dc5858374/datanode-1/data/ratis/a25f731a-ab39-45b7-8c44-70464d007d6a has been successfully formatted.
2019-11-13 14:35:48,332 [pool-37-thread-1] INFO  ratis.ContainerStateMachine (ContainerStateMachine.java:loadSnapshot(223)) - group-70464D007D6A: The snapshot info is null. Setting the last applied indexto:(t:0, i:~)
2019-11-13 14:35:48,333 [pool-37-thread-1] INFO  server.RaftServerConfigKeys (ConfUtils.java:logGet(43)) - raft.server.notification.no-leader.timeout = 120s (custom)
2019-11-13 14:35:48,333 [pool-37-thread-1] INFO  server.RaftServerConfigKeys (ConfUtils.java:logGet(43)) - raft.server.log.use.memory = false (default)
2019-11-13 14:35:48,333 [pool-37-thread-1] INFO  server.RaftServerConfigKeys (ConfUtils.java:logGet(43)) - raft.server.log.purge.gap = 1000000 (custom)
2019-11-13 14:35:48,333 [pool-37-thread-1] INFO  server.RaftServerConfigKeys (ConfUtils.java:logGet(43)) - raft.server.log.appender.buffer.byte-limit = 33554432 (custom)
2019-11-13 14:35:48,333 [pool-37-thread-1] INFO  server.RaftServerConfigKeys (ConfUtils.java:logGet(43)) - raft.server.log.segment.size.max = 1048576 (custom)
2019-11-13 14:35:48,334 [pool-37-thread-1] INFO  server.RaftServerConfigKeys (ConfUtils.java:logGet(43)) - raft.server.log.segment.cache.num.max = 2 (custom)
2019-11-13 14:35:48,334 [pool-37-thread-1] INFO  segmented.SegmentedRaftLogWorker (SegmentedRaftLogWorker.java:<init>(173)) - new d272b7d2-ec3d-4a91-a8d1-87c7434cd615@group-70464D007D6A-SegmentedRaftLogWorker for RaftStorage:Storage Directory /workdir/hadoop-ozone/tools/target/test-dir/MiniOzoneClusterImpl-4b23d5b9-0cd4-4e70-8948-e43dc5858374/datanode-1/data/ratis/a25f731a-ab39-45b7-8c44-70464d007d6a
2019-11-13 14:35:48,334 [pool-37-thread-1] INFO  server.RaftServerConfigKeys (ConfUtils.java:logGet(43)) - raft.server.log.queue.byte-limit = 2147483647 (custom)
2019-11-13 14:35:48,334 [pool-37-thread-1] INFO  server.RaftServerConfigKeys (ConfUtils.java:logGet(43)) - raft.server.log.queue.element-limit = 1024 (custom)
2019-11-13 14:35:48,334 [pool-37-thread-1] INFO  server.RaftServerConfigKeys (ConfUtils.java:logGet(43)) - raft.server.log.segment.size.max = 1048576 (custom)
2019-11-13 14:35:48,334 [pool-37-thread-1] INFO  server.RaftServerConfigKeys (ConfUtils.java:logGet(43)) - raft.server.log.preallocated.size = 16384 (custom)
2019-11-13 14:35:48,335 [pool-37-thread-1] INFO  server.RaftServerConfigKeys (ConfUtils.java:logGet(43)) - raft.server.log.write.buffer.size = 33554432 (custom)
2019-11-13 14:35:48,335 [pool-37-thread-1] INFO  server.RaftServerConfigKeys (ConfUtils.java:logGet(43)) - raft.server.log.force.sync.num = 128 (default)
2019-11-13 14:35:48,335 [pool-37-thread-1] INFO  server.RaftServerConfigKeys (ConfUtils.java:logGet(43)) - raft.server.log.statemachine.data.sync = true (default)
2019-11-13 14:35:48,335 [pool-37-thread-1] INFO  server.RaftServerConfigKeys (ConfUtils.java:logGet(43)) - raft.server.log.statemachine.data.sync.timeout = 10s (default)
2019-11-13 14:35:48,335 [pool-37-thread-1] INFO  server.RaftServerConfigKeys (ConfUtils.java:logGet(43)) - raft.server.log.statemachine.data.sync.timeout.retry = -1 (default)
2019-11-13 14:35:48,336 [pool-37-thread-1] INFO  server.RaftServerConfigKeys (ConfUtils.java:logGet(43)) - raft.server.log.statemachine.data.caching.enabled = true (custom)
2019-11-13 14:35:48,336 [pool-37-thread-1] INFO  segmented.SegmentedRaftLogWorker (SegmentedRaftLogWorker.java:lambda$new$0(128)) - d272b7d2-ec3d-4a91-a8d1-87c7434cd615@group-70464D007D6A-SegmentedRaftLogWorker: flushIndex: setUnconditionally 0 -> -1
2019-11-13 14:35:48,337 [pool-37-thread-1] INFO  server.RaftServerConfigKeys (ConfUtils.java:logGet(43)) - raft.server.snapshot.auto.trigger.enabled = true (custom)
2019-11-13 14:35:48,337 [pool-37-thread-1] INFO  server.RaftServerConfigKeys (ConfUtils.java:logGet(43)) - raft.server.snapshot.auto.trigger.threshold = 10000 (custom)
2019-11-13 14:35:48,337 [pool-37-thread-1] INFO  server.RaftServerConfigKeys (ConfUtils.java:logGet(43)) - raft.server.snapshot.retention.file.num = 5 (custom)
2019-11-13 14:35:48,337 [pool-37-thread-1] INFO  server.RaftServerConfigKeys (ConfUtils.java:logGet(43)) - raft.server.retrycache.expirytime = 600000ms (custom)
2019-11-13 14:35:48,338 [pool-37-thread-1] WARN  impl.MetricRegistriesImpl (MetricRegistriesImpl.java:lambda$create$1(61)) - First MetricRegistry has been created without registering reporters. You may need to call MetricRegistries.global().addReportRegistration(...) before.
2019-11-13 14:35:48,338 [pool-37-thread-1] WARN  impl.MetricRegistriesImpl (MetricRegistriesImpl.java:lambda$create$1(61)) - First MetricRegistry has been created without registering reporters. You may need to call MetricRegistries.global().addReportRegistration(...) before.
2019-11-13 14:35:48,338 [pool-37-thread-1] INFO  impl.RaftServerImpl (RaftServerImpl.java:start(184)) - d272b7d2-ec3d-4a91-a8d1-87c7434cd615@group-70464D007D6A: start as a follower, conf=-1: [d272b7d2-ec3d-4a91-a8d1-87c7434cd615:192.168.157.200:36074], old=null
2019-11-13 14:35:48,338 [pool-37-thread-1] INFO  impl.RaftServerImpl (RaftServerImpl.java:setRole(173)) - d272b7d2-ec3d-4a91-a8d1-87c7434cd615@group-70464D007D6A: changes role from      null to FOLLOWER at term 0 for startAsFollower
2019-11-13 14:35:48,338 [pool-37-thread-1] INFO  impl.RoleInfo (RoleInfo.java:updateAndGet(143)) - d272b7d2-ec3d-4a91-a8d1-87c7434cd615: start FollowerState
2019-11-13 14:35:48,339 [pool-37-thread-1] INFO  util.JmxRegister (JmxRegister.java:tryRegister(44)) - Successfully registered JMX Bean with object name Ratis:service=RaftServer,group=group-70464D007D6A,id=d272b7d2-ec3d-4a91-a8d1-87c7434cd615
2019-11-13 14:35:48,339 [pool-37-thread-1] WARN  impl.MetricRegistriesImpl (MetricRegistriesImpl.java:lambda$create$1(61)) - First MetricRegistry has been created without registering reporters. You may need to call MetricRegistries.global().addReportRegistration(...) before.
2019-11-13 14:35:48,348 [RatisPipelineUtilsThread] INFO  pipeline.PipelineStateManager (PipelineStateManager.java:addPipeline(55)) - Created pipeline Pipeline[ Id: a25f731a-ab39-45b7-8c44-70464d007d6a, Nodes: d272b7d2-ec3d-4a91-a8d1-87c7434cd615{ip: 192.168.157.200, host: pr-hdds-2452-7vw7s-1330541530, networkLocation: /default-rack, certSerialId: null}, Type:RATIS, Factor:ONE, State:ALLOCATED]
2019-11-13 14:35:48,350 [Thread-178] INFO  pipeline.PipelineStateManager (PipelineStateManager.java:finalizePipeline(121)) - Pipeline Pipeline[ Id: b915c966-52d3-4b54-9544-62e7b8e2547a, Nodes: d272b7d2-ec3d-4a91-a8d1-87c7434cd615{ip: 192.168.157.200, host: pr-hdds-2452-7vw7s-1330541530, networkLocation: /default-rack, certSerialId: null}866e73f8-a49a-481c-a737-3f554da6d3bf{ip: 192.168.157.200, host: pr-hdds-2452-7vw7s-1330541530, networkLocation: /default-rack, certSerialId: null}3bf84526-9b1d-4fb3-b5aa-fd4bf9db4807{ip: 192.168.157.200, host: pr-hdds-2452-7vw7s-1330541530, networkLocation: /default-rack, certSerialId: null}, Type:RATIS, Factor:THREE, State:CLOSED] moved to CLOSED state
2019-11-13 14:35:48,369 [grpc-default-executor-0] INFO  impl.RaftServerProxy (RaftServerProxy.java:remove(95)) - d272b7d2-ec3d-4a91-a8d1-87c7434cd615: remove  FOLLOWER d272b7d2-ec3d-4a91-a8d1-87c7434cd615@group-62E7B8E2547A:t0, leader=null, voted=null, raftlog=d272b7d2-ec3d-4a91-a8d1-87c7434cd615@group-62E7B8E2547A-SegmentedRaftLog:OPENED:c-1,f-1,i0, conf=-1: [d272b7d2-ec3d-4a91-a8d1-87c7434cd615:192.168.157.200:36074, 866e73f8-a49a-481c-a737-3f554da6d3bf:192.168.157.200:39603, 3bf84526-9b1d-4fb3-b5aa-fd4bf9db4807:192.168.157.200:41351], old=null RUNNING
2019-11-13 14:35:48,370 [grpc-default-executor-0] INFO  impl.RaftServerImpl (RaftServerImpl.java:lambda$shutdown$3(250)) - d272b7d2-ec3d-4a91-a8d1-87c7434cd615@group-62E7B8E2547A: shutdown
2019-11-13 14:35:48,370 [grpc-default-executor-0] INFO  util.JmxRegister (JmxRegister.java:unregister(73)) - Successfully un-registered JMX Bean with object name Ratis:service=RaftServer,group=group-62E7B8E2547A,id=d272b7d2-ec3d-4a91-a8d1-87c7434cd615
2019-11-13 14:35:48,370 [grpc-default-executor-0] INFO  impl.RoleInfo (RoleInfo.java:shutdownFollowerState(121)) - d272b7d2-ec3d-4a91-a8d1-87c7434cd615: shutdown FollowerState
2019-11-13 14:35:48,371 [grpc-default-executor-0] INFO  impl.StateMachineUpdater (StateMachineUpdater.java:stopAndJoin(136)) - d272b7d2-ec3d-4a91-a8d1-87c7434cd615@group-62E7B8E2547A-StateMachineUpdater: set stopIndex = -1
2019-11-13 14:35:48,371 [Thread-192] INFO  impl.FollowerState (FollowerState.java:run(120)) - d272b7d2-ec3d-4a91-a8d1-87c7434cd615@group-62E7B8E2547A-FollowerState was interrupted: java.lang.InterruptedException: sleep interrupted
2019-11-13 14:35:48,372 [grpc-default-executor-0] INFO  impl.RaftServerImpl (ServerState.java:close(387)) - d272b7d2-ec3d-4a91-a8d1-87c7434cd615@group-62E7B8E2547A: closes. applyIndex: -1
2019-11-13 14:35:48,374 [d272b7d2-ec3d-4a91-a8d1-87c7434cd615@group-62E7B8E2547A-SegmentedRaftLogWorker] INFO  segmented.SegmentedRaftLogWorker (SegmentedRaftLogWorker.java:run(316)) - d272b7d2-ec3d-4a91-a8d1-87c7434cd615@group-62E7B8E2547A-SegmentedRaftLogWorker was interrupted, exiting. There are 0 tasks remaining in the queue.
2019-11-13 14:35:48,374 [grpc-default-executor-0] INFO  segmented.SegmentedRaftLogWorker (SegmentedRaftLogWorker.java:close(224)) - d272b7d2-ec3d-4a91-a8d1-87c7434cd615@group-62E7B8E2547A-SegmentedRaftLogWorker close()
2019-11-13 14:35:48,399 [grpc-default-executor-0] INFO  impl.RaftServerProxy (RaftServerProxy.java:remove(95)) - 866e73f8-a49a-481c-a737-3f554da6d3bf: remove  FOLLOWER 866e73f8-a49a-481c-a737-3f554da6d3bf@group-62E7B8E2547A:t0, leader=null, voted=null, raftlog=866e73f8-a49a-481c-a737-3f554da6d3bf@group-62E7B8E2547A-SegmentedRaftLog:OPENED:c-1,f-1,i0, conf=-1: [d272b7d2-ec3d-4a91-a8d1-87c7434cd615:192.168.157.200:36074, 866e73f8-a49a-481c-a737-3f554da6d3bf:192.168.157.200:39603, 3bf84526-9b1d-4fb3-b5aa-fd4bf9db4807:192.168.157.200:41351], old=null RUNNING
2019-11-13 14:35:48,400 [grpc-default-executor-0] INFO  impl.RaftServerImpl (RaftServerImpl.java:lambda$shutdown$3(250)) - 866e73f8-a49a-481c-a737-3f554da6d3bf@group-62E7B8E2547A: shutdown
2019-11-13 14:35:48,400 [grpc-default-executor-0] INFO  util.JmxRegister (JmxRegister.java:unregister(73)) - Successfully un-registered JMX Bean with object name Ratis:service=RaftServer,group=group-62E7B8E2547A,id=866e73f8-a49a-481c-a737-3f554da6d3bf
2019-11-13 14:35:48,400 [grpc-default-executor-0] INFO  impl.RoleInfo (RoleInfo.java:shutdownFollowerState(121)) - 866e73f8-a49a-481c-a737-3f554da6d3bf: shutdown FollowerState
2019-11-13 14:35:48,400 [grpc-default-executor-0] INFO  impl.StateMachineUpdater (StateMachineUpdater.java:stopAndJoin(136)) - 866e73f8-a49a-481c-a737-3f554da6d3bf@group-62E7B8E2547A-StateMachineUpdater: set stopIndex = -1
2019-11-13 14:35:48,400 [Thread-193] INFO  impl.FollowerState (FollowerState.java:run(120)) - 866e73f8-a49a-481c-a737-3f554da6d3bf@group-62E7B8E2547A-FollowerState was interrupted: java.lang.InterruptedException: sleep interrupted
2019-11-13 14:35:48,403 [grpc-default-executor-0] INFO  impl.RaftServerImpl (ServerState.java:close(387)) - 866e73f8-a49a-481c-a737-3f554da6d3bf@group-62E7B8E2547A: closes. applyIndex: -1
2019-11-13 14:35:48,403 [866e73f8-a49a-481c-a737-3f554da6d3bf@group-62E7B8E2547A-SegmentedRaftLogWorker] INFO  segmented.SegmentedRaftLogWorker (SegmentedRaftLogWorker.java:run(316)) - 866e73f8-a49a-481c-a737-3f554da6d3bf@group-62E7B8E2547A-SegmentedRaftLogWorker was interrupted, exiting. There are 0 tasks remaining in the queue.
2019-11-13 14:35:48,403 [grpc-default-executor-0] INFO  segmented.SegmentedRaftLogWorker (SegmentedRaftLogWorker.java:close(224)) - 866e73f8-a49a-481c-a737-3f554da6d3bf@group-62E7B8E2547A-SegmentedRaftLogWorker close()
2019-11-13 14:35:48,426 [grpc-default-executor-0] INFO  impl.RaftServerProxy (RaftServerProxy.java:remove(95)) - 3bf84526-9b1d-4fb3-b5aa-fd4bf9db4807: remove  FOLLOWER 3bf84526-9b1d-4fb3-b5aa-fd4bf9db4807@group-62E7B8E2547A:t0, leader=null, voted=null, raftlog=3bf84526-9b1d-4fb3-b5aa-fd4bf9db4807@group-62E7B8E2547A-SegmentedRaftLog:OPENED:c-1,f-1,i0, conf=-1: [d272b7d2-ec3d-4a91-a8d1-87c7434cd615:192.168.157.200:36074, 866e73f8-a49a-481c-a737-3f554da6d3bf:192.168.157.200:39603, 3bf84526-9b1d-4fb3-b5aa-fd4bf9db4807:192.168.157.200:41351], old=null RUNNING
2019-11-13 14:35:48,426 [grpc-default-executor-0] INFO  impl.RaftServerImpl (RaftServerImpl.java:lambda$shutdown$3(250)) - 3bf84526-9b1d-4fb3-b5aa-fd4bf9db4807@group-62E7B8E2547A: shutdown
2019-11-13 14:35:48,427 [grpc-default-executor-0] INFO  util.JmxRegister (JmxRegister.java:unregister(73)) - Successfully un-registered JMX Bean with object name Ratis:service=RaftServer,group=group-62E7B8E2547A,id=3bf84526-9b1d-4fb3-b5aa-fd4bf9db4807
2019-11-13 14:35:48,427 [grpc-default-executor-0] INFO  impl.RoleInfo (RoleInfo.java:shutdownFollowerState(121)) - 3bf84526-9b1d-4fb3-b5aa-fd4bf9db4807: shutdown FollowerState
2019-11-13 14:35:48,427 [grpc-default-executor-0] INFO  impl.StateMachineUpdater (StateMachineUpdater.java:stopAndJoin(136)) - 3bf84526-9b1d-4fb3-b5aa-fd4bf9db4807@group-62E7B8E2547A-StateMachineUpdater: set stopIndex = -1
2019-11-13 14:35:48,427 [Thread-190] INFO  impl.FollowerState (FollowerState.java:run(120)) - 3bf84526-9b1d-4fb3-b5aa-fd4bf9db4807@group-62E7B8E2547A-FollowerState was interrupted: java.lang.InterruptedException: sleep interrupted
2019-11-13 14:35:48,428 [grpc-default-executor-0] INFO  impl.RaftServerImpl (ServerState.java:close(387)) - 3bf84526-9b1d-4fb3-b5aa-fd4bf9db4807@group-62E7B8E2547A: closes. applyIndex: -1
2019-11-13 14:35:48,429 [3bf84526-9b1d-4fb3-b5aa-fd4bf9db4807@group-62E7B8E2547A-SegmentedRaftLogWorker] INFO  segmented.SegmentedRaftLogWorker (SegmentedRaftLogWorker.java:run(316)) - 3bf84526-9b1d-4fb3-b5aa-fd4bf9db4807@group-62E7B8E2547A-SegmentedRaftLogWorker was interrupted, exiting. There are 0 tasks remaining in the queue.
2019-11-13 14:35:48,429 [grpc-default-executor-0] INFO  segmented.SegmentedRaftLogWorker (SegmentedRaftLogWorker.java:close(224)) - 3bf84526-9b1d-4fb3-b5aa-fd4bf9db4807@group-62E7B8E2547A-SegmentedRaftLogWorker close()
2019-11-13 14:35:48,436 [Thread-178] INFO  pipeline.PipelineStateManager (PipelineStateManager.java:removePipeline(106)) - Pipeline Pipeline[ Id: b915c966-52d3-4b54-9544-62e7b8e2547a, Nodes: d272b7d2-ec3d-4a91-a8d1-87c7434cd615{ip: 192.168.157.200, host: pr-hdds-2452-7vw7s-1330541530, networkLocation: /default-rack, certSerialId: null}866e73f8-a49a-481c-a737-3f554da6d3bf{ip: 192.168.157.200, host: pr-hdds-2452-7vw7s-1330541530, networkLocation: /default-rack, certSerialId: null}3bf84526-9b1d-4fb3-b5aa-fd4bf9db4807{ip: 192.168.157.200, host: pr-hdds-2452-7vw7s-1330541530, networkLocation: /default-rack, certSerialId: null}, Type:RATIS, Factor:THREE, State:CLOSED] removed from db
2019-11-13 14:35:48,451 [grpc-default-executor-1] INFO  impl.RaftServerProxy (RaftServerProxy.java:addNew(89)) - 866e73f8-a49a-481c-a737-3f554da6d3bf: addNew group-56B01E94D480:[d272b7d2-ec3d-4a91-a8d1-87c7434cd615:192.168.157.200:36074, 866e73f8-a49a-481c-a737-3f554da6d3bf:192.168.157.200:39603, 3bf84526-9b1d-4fb3-b5aa-fd4bf9db4807:192.168.157.200:41351] returns group-56B01E94D480:java.util.concurrent.CompletableFuture@3ab5ad26[Not completed]
2019-11-13 14:35:48,452 [grpc-default-executor-0] INFO  impl.RaftServerProxy (RaftServerProxy.java:addNew(89)) - 3bf84526-9b1d-4fb3-b5aa-fd4bf9db4807: addNew group-56B01E94D480:[d272b7d2-ec3d-4a91-a8d1-87c7434cd615:192.168.157.200:36074, 866e73f8-a49a-481c-a737-3f554da6d3bf:192.168.157.200:39603, 3bf84526-9b1d-4fb3-b5aa-fd4bf9db4807:192.168.157.200:41351] returns group-56B01E94D480:java.util.concurrent.CompletableFuture@42c5e3f3[Not completed]
2019-11-13 14:35:48,452 [grpc-default-executor-2] INFO  impl.RaftServerProxy (RaftServerProxy.java:addNew(89)) - d272b7d2-ec3d-4a91-a8d1-87c7434cd615: addNew group-56B01E94D480:[d272b7d2-ec3d-4a91-a8d1-87c7434cd615:192.168.157.200:36074, 866e73f8-a49a-481c-a737-3f554da6d3bf:192.168.157.200:39603, 3bf84526-9b1d-4fb3-b5aa-fd4bf9db4807:192.168.157.200:41351] returns group-56B01E94D480:java.util.concurrent.CompletableFuture@492bc129[Not completed]
2019-11-13 14:35:48,453 [pool-47-thread-1] INFO  impl.RaftServerImpl (RaftServerImpl.java:<init>(98)) - 866e73f8-a49a-481c-a737-3f554da6d3bf: new RaftServerImpl for group-56B01E94D480:[d272b7d2-ec3d-4a91-a8d1-87c7434cd615:192.168.157.200:36074, 866e73f8-a49a-481c-a737-3f554da6d3bf:192.168.157.200:39603, 3bf84526-9b1d-4fb3-b5aa-fd4bf9db4807:192.168.157.200:41351] with ContainerStateMachine:uninitialized
2019-11-13 14:35:48,454 [pool-47-thread-1] INFO  server.RaftServerConfigKeys (ConfUtils.java:logGet(43)) - raft.server.rpc.timeout.min = 5s (custom)
2019-11-13 14:35:48,454 [pool-47-thread-1] INFO  server.RaftServerConfigKeys (ConfUtils.java:logGet(43)) - raft.server.rpc.timeout.max = 5200ms (custom)
2019-11-13 14:35:48,454 [pool-47-thread-1] INFO  server.RaftServerConfigKeys (ConfUtils.java:logGet(43)) - raft.server.rpcslowness.timeout = 120s (custom)
2019-11-13 14:35:48,454 [pool-47-thread-1] INFO  server.RaftServerConfigKeys (ConfUtils.java:logGet(43)) - raft.server.sleep.deviation.threshold = 300 (default)
2019-11-13 14:35:48,454 [pool-47-thread-1] INFO  server.RaftServerConfigKeys (ConfUtils.java:logGet(43)) - raft.server.log.appender.install.snapshot.enabled = false (custom)
2019-11-13 14:35:48,454 [pool-47-thread-1] INFO  impl.RaftServerImpl (ServerState.java:<init>(103)) - 866e73f8-a49a-481c-a737-3f554da6d3bf@group-56B01E94D480: ConfigurationManager, init=-1: [d272b7d2-ec3d-4a91-a8d1-87c7434cd615:192.168.157.200:36074, 866e73f8-a49a-481c-a737-3f554da6d3bf:192.168.157.200:39603, 3bf84526-9b1d-4fb3-b5aa-fd4bf9db4807:192.168.157.200:41351], old=null, confs=<EMPTY_MAP>
2019-11-13 14:35:48,454 [pool-37-thread-1] INFO  impl.RaftServerImpl (RaftServerImpl.java:<init>(98)) - d272b7d2-ec3d-4a91-a8d1-87c7434cd615: new RaftServerImpl for group-56B01E94D480:[d272b7d2-ec3d-4a91-a8d1-87c7434cd615:192.168.157.200:36074, 866e73f8-a49a-481c-a737-3f554da6d3bf:192.168.157.200:39603, 3bf84526-9b1d-4fb3-b5aa-fd4bf9db4807:192.168.157.200:41351] with ContainerStateMachine:uninitialized
2019-11-13 14:35:48,454 [pool-47-thread-1] INFO  server.RaftServerConfigKeys (ConfUtils.java:logGet(43)) - raft.server.storage.dir = [/workdir/hadoop-ozone/tools/target/test-dir/MiniOzoneClusterImpl-4b23d5b9-0cd4-4e70-8948-e43dc5858374/datanode-2/data/ratis] (custom)
2019-11-13 14:35:48,454 [pool-37-thread-1] INFO  server.RaftServerConfigKeys (ConfUtils.java:logGet(43)) - raft.server.rpc.timeout.min = 5s (custom)
2019-11-13 14:35:48,454 [pool-37-thread-1] INFO  server.RaftServerConfigKeys (ConfUtils.java:logGet(43)) - raft.server.rpc.timeout.max = 5200ms (custom)
2019-11-13 14:35:48,455 [pool-47-thread-1] INFO  server.RaftServerConfigKeys (ConfUtils.java:logGet(43)) - raft.server.log.corruption.policy = EXCEPTION (default)
2019-11-13 14:35:48,455 [pool-37-thread-1] INFO  server.RaftServerConfigKeys (ConfUtils.java:logGet(43)) - raft.server.rpcslowness.timeout = 120s (custom)
2019-11-13 14:35:48,455 [pool-37-thread-1] INFO  server.RaftServerConfigKeys (ConfUtils.java:logGet(43)) - raft.server.sleep.deviation.threshold = 300 (default)
2019-11-13 14:35:48,455 [pool-47-thread-1] INFO  storage.RaftStorageDirectory (RaftStorageDirectory.java:analyzeStorage(246)) - The storage directory /workdir/hadoop-ozone/tools/target/test-dir/MiniOzoneClusterImpl-4b23d5b9-0cd4-4e70-8948-e43dc5858374/datanode-2/data/ratis/2bcc9c73-3438-41d9-a351-56b01e94d480 does not exist. Creating ...
2019-11-13 14:35:48,455 [pool-37-thread-1] INFO  server.RaftServerConfigKeys (ConfUtils.java:logGet(43)) - raft.server.log.appender.install.snapshot.enabled = false (custom)
2019-11-13 14:35:48,455 [pool-27-thread-1] INFO  impl.RaftServerImpl (RaftServerImpl.java:<init>(98)) - 3bf84526-9b1d-4fb3-b5aa-fd4bf9db4807: new RaftServerImpl for group-56B01E94D480:[d272b7d2-ec3d-4a91-a8d1-87c7434cd615:192.168.157.200:36074, 866e73f8-a49a-481c-a737-3f554da6d3bf:192.168.157.200:39603, 3bf84526-9b1d-4fb3-b5aa-fd4bf9db4807:192.168.157.200:41351] with ContainerStateMachine:uninitialized
2019-11-13 14:35:48,455 [pool-37-thread-1] INFO  impl.RaftServerImpl (ServerState.java:<init>(103)) - d272b7d2-ec3d-4a91-a8d1-87c7434cd615@group-56B01E94D480: ConfigurationManager, init=-1: [d272b7d2-ec3d-4a91-a8d1-87c7434cd615:192.168.157.200:36074, 866e73f8-a49a-481c-a737-3f554da6d3bf:192.168.157.200:39603, 3bf84526-9b1d-4fb3-b5aa-fd4bf9db4807:192.168.157.200:41351], old=null, confs=<EMPTY_MAP>
2019-11-13 14:35:48,455 [pool-27-thread-1] INFO  server.RaftServerConfigKeys (ConfUtils.java:logGet(43)) - raft.server.rpc.timeout.min = 5s (custom)
2019-11-13 14:35:48,455 [pool-37-thread-1] INFO  server.RaftServerConfigKeys (ConfUtils.java:logGet(43)) - raft.server.storage.dir = [/workdir/hadoop-ozone/tools/target/test-dir/MiniOzoneClusterImpl-4b23d5b9-0cd4-4e70-8948-e43dc5858374/datanode-1/data/ratis] (custom)
2019-11-13 14:35:48,455 [pool-27-thread-1] INFO  server.RaftServerConfigKeys (ConfUtils.java:logGet(43)) - raft.server.rpc.timeout.max = 5200ms (custom)
2019-11-13 14:35:48,455 [pool-27-thread-1] INFO  server.RaftServerConfigKeys (ConfUtils.java:logGet(43)) - raft.server.rpcslowness.timeout = 120s (custom)
2019-11-13 14:35:48,455 [pool-37-thread-1] INFO  server.RaftServerConfigKeys (ConfUtils.java:logGet(43)) - raft.server.log.corruption.policy = EXCEPTION (default)
2019-11-13 14:35:48,456 [pool-27-thread-1] INFO  server.RaftServerConfigKeys (ConfUtils.java:logGet(43)) - raft.server.sleep.deviation.threshold = 300 (default)
2019-11-13 14:35:48,456 [pool-37-thread-1] INFO  storage.RaftStorageDirectory (RaftStorageDirectory.java:analyzeStorage(246)) - The storage directory /workdir/hadoop-ozone/tools/target/test-dir/MiniOzoneClusterImpl-4b23d5b9-0cd4-4e70-8948-e43dc5858374/datanode-1/data/ratis/2bcc9c73-3438-41d9-a351-56b01e94d480 does not exist. Creating ...
2019-11-13 14:35:48,456 [pool-27-thread-1] INFO  server.RaftServerConfigKeys (ConfUtils.java:logGet(43)) - raft.server.log.appender.install.snapshot.enabled = false (custom)
2019-11-13 14:35:48,456 [pool-27-thread-1] INFO  impl.RaftServerImpl (ServerState.java:<init>(103)) - 3bf84526-9b1d-4fb3-b5aa-fd4bf9db4807@group-56B01E94D480: ConfigurationManager, init=-1: [d272b7d2-ec3d-4a91-a8d1-87c7434cd615:192.168.157.200:36074, 866e73f8-a49a-481c-a737-3f554da6d3bf:192.168.157.200:39603, 3bf84526-9b1d-4fb3-b5aa-fd4bf9db4807:192.168.157.200:41351], old=null, confs=<EMPTY_MAP>
2019-11-13 14:35:48,456 [pool-27-thread-1] INFO  server.RaftServerConfigKeys (ConfUtils.java:logGet(43)) - raft.server.storage.dir = [/workdir/hadoop-ozone/tools/target/test-dir/MiniOzoneClusterImpl-4b23d5b9-0cd4-4e70-8948-e43dc5858374/datanode-0/data/ratis] (custom)
2019-11-13 14:35:48,456 [pool-27-thread-1] INFO  server.RaftServerConfigKeys (ConfUtils.java:logGet(43)) - raft.server.log.corruption.policy = EXCEPTION (default)
2019-11-13 14:35:48,456 [pool-27-thread-1] INFO  storage.RaftStorageDirectory (RaftStorageDirectory.java:analyzeStorage(246)) - The storage directory /workdir/hadoop-ozone/tools/target/test-dir/MiniOzoneClusterImpl-4b23d5b9-0cd4-4e70-8948-e43dc5858374/datanode-0/data/ratis/2bcc9c73-3438-41d9-a351-56b01e94d480 does not exist. Creating ...
2019-11-13 14:35:48,504 [pool-37-thread-1] INFO  storage.RaftStorageDirectory (RaftStorageDirectory.java:tryLock(328)) - Lock on /workdir/hadoop-ozone/tools/target/test-dir/MiniOzoneClusterImpl-4b23d5b9-0cd4-4e70-8948-e43dc5858374/datanode-1/data/ratis/2bcc9c73-3438-41d9-a351-56b01e94d480/in_use.lock acquired by nodename 9673@pr-hdds-2452-7vw7s-1330541530
2019-11-13 14:35:48,504 [pool-27-thread-1] INFO  storage.RaftStorageDirectory (RaftStorageDirectory.java:tryLock(328)) - Lock on /workdir/hadoop-ozone/tools/target/test-dir/MiniOzoneClusterImpl-4b23d5b9-0cd4-4e70-8948-e43dc5858374/datanode-0/data/ratis/2bcc9c73-3438-41d9-a351-56b01e94d480/in_use.lock acquired by nodename 9673@pr-hdds-2452-7vw7s-1330541530
2019-11-13 14:35:48,504 [pool-47-thread-1] INFO  storage.RaftStorageDirectory (RaftStorageDirectory.java:tryLock(328)) - Lock on /workdir/hadoop-ozone/tools/target/test-dir/MiniOzoneClusterImpl-4b23d5b9-0cd4-4e70-8948-e43dc5858374/datanode-2/data/ratis/2bcc9c73-3438-41d9-a351-56b01e94d480/in_use.lock acquired by nodename 9673@pr-hdds-2452-7vw7s-1330541530
2019-11-13 14:35:48,561 [pool-37-thread-1] INFO  storage.RaftStorage (RaftStorage.java:format(84)) - Storage directory /workdir/hadoop-ozone/tools/target/test-dir/MiniOzoneClusterImpl-4b23d5b9-0cd4-4e70-8948-e43dc5858374/datanode-1/data/ratis/2bcc9c73-3438-41d9-a351-56b01e94d480 has been successfully formatted.
2019-11-13 14:35:48,561 [pool-27-thread-1] INFO  storage.RaftStorage (RaftStorage.java:format(84)) - Storage directory /workdir/hadoop-ozone/tools/target/test-dir/MiniOzoneClusterImpl-4b23d5b9-0cd4-4e70-8948-e43dc5858374/datanode-0/data/ratis/2bcc9c73-3438-41d9-a351-56b01e94d480 has been successfully formatted.
2019-11-13 14:35:48,561 [pool-47-thread-1] INFO  storage.RaftStorage (RaftStorage.java:format(84)) - Storage directory /workdir/hadoop-ozone/tools/target/test-dir/MiniOzoneClusterImpl-4b23d5b9-0cd4-4e70-8948-e43dc5858374/datanode-2/data/ratis/2bcc9c73-3438-41d9-a351-56b01e94d480 has been successfully formatted.
2019-11-13 14:35:48,562 [pool-37-thread-1] INFO  ratis.ContainerStateMachine (ContainerStateMachine.java:loadSnapshot(223)) - group-56B01E94D480: The snapshot info is null. Setting the last applied indexto:(t:0, i:~)
2019-11-13 14:35:48,562 [pool-37-thread-1] INFO  server.RaftServerConfigKeys (ConfUtils.java:logGet(43)) - raft.server.notification.no-leader.timeout = 120s (custom)
2019-11-13 14:35:48,562 [pool-47-thread-1] INFO  ratis.ContainerStateMachine (ContainerStateMachine.java:loadSnapshot(223)) - group-56B01E94D480: The snapshot info is null. Setting the last applied indexto:(t:0, i:~)
2019-11-13 14:35:48,562 [pool-27-thread-1] INFO  ratis.ContainerStateMachine (ContainerStateMachine.java:loadSnapshot(223)) - group-56B01E94D480: The snapshot info is null. Setting the last applied indexto:(t:0, i:~)
2019-11-13 14:35:48,562 [pool-47-thread-1] INFO  server.RaftServerConfigKeys (ConfUtils.java:logGet(43)) - raft.server.notification.no-leader.timeout = 120s (custom)
2019-11-13 14:35:48,562 [pool-37-thread-1] INFO  server.RaftServerConfigKeys (ConfUtils.java:logGet(43)) - raft.server.log.use.memory = false (default)
2019-11-13 14:35:48,562 [pool-47-thread-1] INFO  server.RaftServerConfigKeys (ConfUtils.java:logGet(43)) - raft.server.log.use.memory = false (default)
2019-11-13 14:35:48,562 [pool-27-thread-1] INFO  server.RaftServerConfigKeys (ConfUtils.java:logGet(43)) - raft.server.notification.no-leader.timeout = 120s (custom)
2019-11-13 14:35:48,563 [pool-47-thread-1] INFO  server.RaftServerConfigKeys (ConfUtils.java:logGet(43)) - raft.server.log.purge.gap = 1000000 (custom)
2019-11-13 14:35:48,563 [pool-37-thread-1] INFO  server.RaftServerConfigKeys (ConfUtils.java:logGet(43)) - raft.server.log.purge.gap = 1000000 (custom)
2019-11-13 14:35:48,563 [pool-47-thread-1] INFO  server.RaftServerConfigKeys (ConfUtils.java:logGet(43)) - raft.server.log.appender.buffer.byte-limit = 33554432 (custom)
2019-11-13 14:35:48,563 [pool-27-thread-1] INFO  server.RaftServerConfigKeys (ConfUtils.java:logGet(43)) - raft.server.log.use.memory = false (default)
2019-11-13 14:35:48,564 [pool-47-thread-1] INFO  server.RaftServerConfigKeys (ConfUtils.java:logGet(43)) - raft.server.log.segment.size.max = 1048576 (custom)
2019-11-13 14:35:48,563 [pool-37-thread-1] INFO  server.RaftServerConfigKeys (ConfUtils.java:logGet(43)) - raft.server.log.appender.buffer.byte-limit = 33554432 (custom)
2019-11-13 14:35:48,564 [pool-47-thread-1] INFO  server.RaftServerConfigKeys (ConfUtils.java:logGet(43)) - raft.server.log.segment.cache.num.max = 2 (custom)
2019-11-13 14:35:48,564 [pool-27-thread-1] INFO  server.RaftServerConfigKeys (ConfUtils.java:logGet(43)) - raft.server.log.purge.gap = 1000000 (custom)
2019-11-13 14:35:48,564 [pool-47-thread-1] INFO  segmented.SegmentedRaftLogWorker (SegmentedRaftLogWorker.java:<init>(173)) - new 866e73f8-a49a-481c-a737-3f554da6d3bf@group-56B01E94D480-SegmentedRaftLogWorker for RaftStorage:Storage Directory /workdir/hadoop-ozone/tools/target/test-dir/MiniOzoneClusterImpl-4b23d5b9-0cd4-4e70-8948-e43dc5858374/datanode-2/data/ratis/2bcc9c73-3438-41d9-a351-56b01e94d480
2019-11-13 14:35:48,564 [pool-37-thread-1] INFO  server.RaftServerConfigKeys (ConfUtils.java:logGet(43)) - raft.server.log.segment.size.max = 1048576 (custom)
2019-11-13 14:35:48,565 [pool-47-thread-1] INFO  server.RaftServerConfigKeys (ConfUtils.java:logGet(43)) - raft.server.log.queue.byte-limit = 2147483647 (custom)
2019-11-13 14:35:48,564 [pool-27-thread-1] INFO  server.RaftServerConfigKeys (ConfUtils.java:logGet(43)) - raft.server.log.appender.buffer.byte-limit = 33554432 (custom)
2019-11-13 14:35:48,565 [pool-47-thread-1] INFO  server.RaftServerConfigKeys (ConfUtils.java:logGet(43)) - raft.server.log.queue.element-limit = 1024 (custom)
2019-11-13 14:35:48,565 [pool-37-thread-1] INFO  server.RaftServerConfigKeys (ConfUtils.java:logGet(43)) - raft.server.log.segment.cache.num.max = 2 (custom)
2019-11-13 14:35:48,565 [pool-47-thread-1] INFO  server.RaftServerConfigKeys (ConfUtils.java:logGet(43)) - raft.server.log.segment.size.max = 1048576 (custom)
2019-11-13 14:35:48,565 [pool-27-thread-1] INFO  server.RaftServerConfigKeys (ConfUtils.java:logGet(43)) - raft.server.log.segment.size.max = 1048576 (custom)
2019-11-13 14:35:48,565 [pool-47-thread-1] INFO  server.RaftServerConfigKeys (ConfUtils.java:logGet(43)) - raft.server.log.preallocated.size = 16384 (custom)
2019-11-13 14:35:48,565 [pool-37-thread-1] INFO  segmented.SegmentedRaftLogWorker (SegmentedRaftLogWorker.java:<init>(173)) - new d272b7d2-ec3d-4a91-a8d1-87c7434cd615@group-56B01E94D480-SegmentedRaftLogWorker for RaftStorage:Storage Directory /workdir/hadoop-ozone/tools/target/test-dir/MiniOzoneClusterImpl-4b23d5b9-0cd4-4e70-8948-e43dc5858374/datanode-1/data/ratis/2bcc9c73-3438-41d9-a351-56b01e94d480
2019-11-13 14:35:48,566 [pool-47-thread-1] INFO  server.RaftServerConfigKeys (ConfUtils.java:logGet(43)) - raft.server.log.write.buffer.size = 33554432 (custom)
2019-11-13 14:35:48,566 [pool-27-thread-1] INFO  server.RaftServerConfigKeys (ConfUtils.java:logGet(43)) - raft.server.log.segment.cache.num.max = 2 (custom)
2019-11-13 14:35:48,566 [pool-47-thread-1] INFO  server.RaftServerConfigKeys (ConfUtils.java:logGet(43)) - raft.server.log.force.sync.num = 128 (default)
2019-11-13 14:35:48,566 [pool-47-thread-1] INFO  server.RaftServerConfigKeys (ConfUtils.java:logGet(43)) - raft.server.log.statemachine.data.sync = true (default)
2019-11-13 14:35:48,566 [pool-37-thread-1] INFO  server.RaftServerConfigKeys (ConfUtils.java:logGet(43)) - raft.server.log.queue.byte-limit = 2147483647 (custom)
2019-11-13 14:35:48,567 [pool-47-thread-1] INFO  server.RaftServerConfigKeys (ConfUtils.java:logGet(43)) - raft.server.log.statemachine.data.sync.timeout = 10s (default)
2019-11-13 14:35:48,566 [pool-27-thread-1] INFO  segmented.SegmentedRaftLogWorker (SegmentedRaftLogWorker.java:<init>(173)) - new 3bf84526-9b1d-4fb3-b5aa-fd4bf9db4807@group-56B01E94D480-SegmentedRaftLogWorker for RaftStorage:Storage Directory /workdir/hadoop-ozone/tools/target/test-dir/MiniOzoneClusterImpl-4b23d5b9-0cd4-4e70-8948-e43dc5858374/datanode-0/data/ratis/2bcc9c73-3438-41d9-a351-56b01e94d480
2019-11-13 14:35:48,567 [pool-47-thread-1] INFO  server.RaftServerConfigKeys (ConfUtils.java:logGet(43)) - raft.server.log.statemachine.data.sync.timeout.retry = -1 (default)
2019-11-13 14:35:48,567 [pool-37-thread-1] INFO  server.RaftServerConfigKeys (ConfUtils.java:logGet(43)) - raft.server.log.queue.element-limit = 1024 (custom)
2019-11-13 14:35:48,567 [pool-47-thread-1] INFO  server.RaftServerConfigKeys (ConfUtils.java:logGet(43)) - raft.server.log.statemachine.data.caching.enabled = true (custom)
2019-11-13 14:35:48,567 [pool-37-thread-1] INFO  server.RaftServerConfigKeys (ConfUtils.java:logGet(43)) - raft.server.log.segment.size.max = 1048576 (custom)
2019-11-13 14:35:48,567 [pool-27-thread-1] INFO  server.RaftServerConfigKeys (ConfUtils.java:logGet(43)) - raft.server.log.queue.byte-limit = 2147483647 (custom)
2019-11-13 14:35:48,568 [pool-47-thread-1] INFO  segmented.SegmentedRaftLogWorker (SegmentedRaftLogWorker.java:lambda$new$0(128)) - 866e73f8-a49a-481c-a737-3f554da6d3bf@group-56B01E94D480-SegmentedRaftLogWorker: flushIndex: setUnconditionally 0 -> -1
2019-11-13 14:35:48,568 [pool-37-thread-1] INFO  server.RaftServerConfigKeys (ConfUtils.java:logGet(43)) - raft.server.log.preallocated.size = 16384 (custom)
2019-11-13 14:35:48,568 [pool-27-thread-1] INFO  server.RaftServerConfigKeys (ConfUtils.java:logGet(43)) - raft.server.log.queue.element-limit = 1024 (custom)
2019-11-13 14:35:48,568 [pool-47-thread-1] INFO  server.RaftServerConfigKeys (ConfUtils.java:logGet(43)) - raft.server.snapshot.auto.trigger.enabled = true (custom)
2019-11-13 14:35:48,568 [pool-37-thread-1] INFO  server.RaftServerConfigKeys (ConfUtils.java:logGet(43)) - raft.server.log.write.buffer.size = 33554432 (custom)
2019-11-13 14:35:48,568 [pool-47-thread-1] INFO  server.RaftServerConfigKeys (ConfUtils.java:logGet(43)) - raft.server.snapshot.auto.trigger.threshold = 10000 (custom)
2019-11-13 14:35:48,569 [pool-47-thread-1] INFO  server.RaftServerConfigKeys (ConfUtils.java:logGet(43)) - raft.server.snapshot.retention.file.num = 5 (custom)
2019-11-13 14:35:48,568 [pool-27-thread-1] INFO  server.RaftServerConfigKeys (ConfUtils.java:logGet(43)) - raft.server.log.segment.size.max = 1048576 (custom)
2019-11-13 14:35:48,569 [pool-47-thread-1] INFO  server.RaftServerConfigKeys (ConfUtils.java:logGet(43)) - raft.server.retrycache.expirytime = 600000ms (custom)
2019-11-13 14:35:48,569 [pool-37-thread-1] INFO  server.RaftServerConfigKeys (ConfUtils.java:logGet(43)) - raft.server.log.force.sync.num = 128 (default)
2019-11-13 14:35:48,569 [pool-47-thread-1] WARN  impl.MetricRegistriesImpl (MetricRegistriesImpl.java:lambda$create$1(61)) - First MetricRegistry has been created without registering reporters. You may need to call MetricRegistries.global().addReportRegistration(...) before.
2019-11-13 14:35:48,569 [pool-27-thread-1] INFO  server.RaftServerConfigKeys (ConfUtils.java:logGet(43)) - raft.server.log.preallocated.size = 16384 (custom)
2019-11-13 14:35:48,569 [pool-47-thread-1] WARN  impl.MetricRegistriesImpl (MetricRegistriesImpl.java:lambda$create$1(61)) - First MetricRegistry has been created without registering reporters. You may need to call MetricRegistries.global().addReportRegistration(...) before.
2019-11-13 14:35:48,569 [pool-37-thread-1] INFO  server.RaftServerConfigKeys (ConfUtils.java:logGet(43)) - raft.server.log.statemachine.data.sync = true (default)
2019-11-13 14:35:48,570 [pool-47-thread-1] INFO  impl.RaftServerImpl (RaftServerImpl.java:start(184)) - 866e73f8-a49a-481c-a737-3f554da6d3bf@group-56B01E94D480: start as a follower, conf=-1: [d272b7d2-ec3d-4a91-a8d1-87c7434cd615:192.168.157.200:36074, 866e73f8-a49a-481c-a737-3f554da6d3bf:192.168.157.200:39603, 3bf84526-9b1d-4fb3-b5aa-fd4bf9db4807:192.168.157.200:41351], old=null
2019-11-13 14:35:48,570 [pool-27-thread-1] INFO  server.RaftServerConfigKeys (ConfUtils.java:logGet(43)) - raft.server.log.write.buffer.size = 33554432 (custom)
2019-11-13 14:35:48,570 [pool-47-thread-1] INFO  impl.RaftServerImpl (RaftServerImpl.java:setRole(173)) - 866e73f8-a49a-481c-a737-3f554da6d3bf@group-56B01E94D480: changes role from      null to FOLLOWER at term 0 for startAsFollower
2019-11-13 14:35:48,570 [pool-37-thread-1] INFO  server.RaftServerConfigKeys (ConfUtils.java:logGet(43)) - raft.server.log.statemachine.data.sync.timeout = 10s (default)
2019-11-13 14:35:48,570 [pool-27-thread-1] INFO  server.RaftServerConfigKeys (ConfUtils.java:logGet(43)) - raft.server.log.force.sync.num = 128 (default)
2019-11-13 14:35:48,571 [pool-37-thread-1] INFO  server.RaftServerConfigKeys (ConfUtils.java:logGet(43)) - raft.server.log.statemachine.data.sync.timeout.retry = -1 (default)
2019-11-13 14:35:48,570 [pool-47-thread-1] INFO  impl.RoleInfo (RoleInfo.java:updateAndGet(143)) - 866e73f8-a49a-481c-a737-3f554da6d3bf: start FollowerState
2019-11-13 14:35:48,571 [pool-27-thread-1] INFO  server.RaftServerConfigKeys (ConfUtils.java:logGet(43)) - raft.server.log.statemachine.data.sync = true (default)
2019-11-13 14:35:48,571 [pool-37-thread-1] INFO  server.RaftServerConfigKeys (ConfUtils.java:logGet(43)) - raft.server.log.statemachine.data.caching.enabled = true (custom)
2019-11-13 14:35:48,571 [pool-27-thread-1] INFO  server.RaftServerConfigKeys (ConfUtils.java:logGet(43)) - raft.server.log.statemachine.data.sync.timeout = 10s (default)
2019-11-13 14:35:48,571 [pool-47-thread-1] INFO  util.JmxRegister (JmxRegister.java:tryRegister(44)) - Successfully registered JMX Bean with object name Ratis:service=RaftServer,group=group-56B01E94D480,id=866e73f8-a49a-481c-a737-3f554da6d3bf
2019-11-13 14:35:48,572 [pool-37-thread-1] INFO  segmented.SegmentedRaftLogWorker (SegmentedRaftLogWorker.java:lambda$new$0(128)) - d272b7d2-ec3d-4a91-a8d1-87c7434cd615@group-56B01E94D480-SegmentedRaftLogWorker: flushIndex: setUnconditionally 0 -> -1
2019-11-13 14:35:48,571 [pool-27-thread-1] INFO  server.RaftServerConfigKeys (ConfUtils.java:logGet(43)) - raft.server.log.statemachine.data.sync.timeout.retry = -1 (default)
2019-11-13 14:35:48,572 [pool-47-thread-1] WARN  impl.MetricRegistriesImpl (MetricRegistriesImpl.java:lambda$create$1(61)) - First MetricRegistry has been created without registering reporters. You may need to call MetricRegistries.global().addReportRegistration(...) before.
2019-11-13 14:35:48,572 [pool-37-thread-1] INFO  server.RaftServerConfigKeys (ConfUtils.java:logGet(43)) - raft.server.snapshot.auto.trigger.enabled = true (custom)
2019-11-13 14:35:48,572 [pool-27-thread-1] INFO  server.RaftServerConfigKeys (ConfUtils.java:logGet(43)) - raft.server.log.statemachine.data.caching.enabled = true (custom)
2019-11-13 14:35:48,572 [pool-37-thread-1] INFO  server.RaftServerConfigKeys (ConfUtils.java:logGet(43)) - raft.server.snapshot.auto.trigger.threshold = 10000 (custom)
2019-11-13 14:35:48,573 [pool-37-thread-1] INFO  server.RaftServerConfigKeys (ConfUtils.java:logGet(43)) - raft.server.snapshot.retention.file.num = 5 (custom)
2019-11-13 14:35:48,573 [pool-27-thread-1] INFO  segmented.SegmentedRaftLogWorker (SegmentedRaftLogWorker.java:lambda$new$0(128)) - 3bf84526-9b1d-4fb3-b5aa-fd4bf9db4807@group-56B01E94D480-SegmentedRaftLogWorker: flushIndex: setUnconditionally 0 -> -1
2019-11-13 14:35:48,573 [pool-37-thread-1] INFO  server.RaftServerConfigKeys (ConfUtils.java:logGet(43)) - raft.server.retrycache.expirytime = 600000ms (custom)
2019-11-13 14:35:48,573 [pool-27-thread-1] INFO  server.RaftServerConfigKeys (ConfUtils.java:logGet(43)) - raft.server.snapshot.auto.trigger.enabled = true (custom)
2019-11-13 14:35:48,573 [pool-37-thread-1] WARN  impl.MetricRegistriesImpl (MetricRegistriesImpl.java:lambda$create$1(61)) - First MetricRegistry has been created without registering reporters. You may need to call MetricRegistries.global().addReportRegistration(...) before.
2019-11-13 14:35:48,573 [pool-27-thread-1] INFO  server.RaftServerConfigKeys (ConfUtils.java:logGet(43)) - raft.server.snapshot.auto.trigger.threshold = 10000 (custom)
2019-11-13 14:35:48,573 [pool-37-thread-1] WARN  impl.MetricRegistriesImpl (MetricRegistriesImpl.java:lambda$create$1(61)) - First MetricRegistry has been created without registering reporters. You may need to call MetricRegistries.global().addReportRegistration(...) before.
2019-11-13 14:35:48,573 [pool-27-thread-1] INFO  server.RaftServerConfigKeys (ConfUtils.java:logGet(43)) - raft.server.snapshot.retention.file.num = 5 (custom)
2019-11-13 14:35:48,574 [pool-37-thread-1] INFO  impl.RaftServerImpl (RaftServerImpl.java:start(184)) - d272b7d2-ec3d-4a91-a8d1-87c7434cd615@group-56B01E94D480: start as a follower, conf=-1: [d272b7d2-ec3d-4a91-a8d1-87c7434cd615:192.168.157.200:36074, 866e73f8-a49a-481c-a737-3f554da6d3bf:192.168.157.200:39603, 3bf84526-9b1d-4fb3-b5aa-fd4bf9db4807:192.168.157.200:41351], old=null
2019-11-13 14:35:48,574 [pool-27-thread-1] INFO  server.RaftServerConfigKeys (ConfUtils.java:logGet(43)) - raft.server.retrycache.expirytime = 600000ms (custom)
2019-11-13 14:35:48,574 [pool-37-thread-1] INFO  impl.RaftServerImpl (RaftServerImpl.java:setRole(173)) - d272b7d2-ec3d-4a91-a8d1-87c7434cd615@group-56B01E94D480: changes role from      null to FOLLOWER at term 0 for startAsFollower
2019-11-13 14:35:48,575 [pool-27-thread-1] WARN  impl.MetricRegistriesImpl (MetricRegistriesImpl.java:lambda$create$1(61)) - First MetricRegistry has been created without registering reporters. You may need to call MetricRegistries.global().addReportRegistration(...) before.
2019-11-13 14:35:48,575 [pool-37-thread-1] INFO  impl.RoleInfo (RoleInfo.java:updateAndGet(143)) - d272b7d2-ec3d-4a91-a8d1-87c7434cd615: start FollowerState
2019-11-13 14:35:48,576 [pool-27-thread-1] WARN  impl.MetricRegistriesImpl (MetricRegistriesImpl.java:lambda$create$1(61)) - First MetricRegistry has been created without registering reporters. You may need to call MetricRegistries.global().addReportRegistration(...) before.
2019-11-13 14:35:48,576 [pool-27-thread-1] INFO  impl.RaftServerImpl (RaftServerImpl.java:start(184)) - 3bf84526-9b1d-4fb3-b5aa-fd4bf9db4807@group-56B01E94D480: start as a follower, conf=-1: [d272b7d2-ec3d-4a91-a8d1-87c7434cd615:192.168.157.200:36074, 866e73f8-a49a-481c-a737-3f554da6d3bf:192.168.157.200:39603, 3bf84526-9b1d-4fb3-b5aa-fd4bf9db4807:192.168.157.200:41351], old=null
2019-11-13 14:35:48,576 [pool-37-thread-1] INFO  util.JmxRegister (JmxRegister.java:tryRegister(44)) - Successfully registered JMX Bean with object name Ratis:service=RaftServer,group=group-56B01E94D480,id=d272b7d2-ec3d-4a91-a8d1-87c7434cd615
2019-11-13 14:35:48,576 [pool-27-thread-1] INFO  impl.RaftServerImpl (RaftServerImpl.java:setRole(173)) - 3bf84526-9b1d-4fb3-b5aa-fd4bf9db4807@group-56B01E94D480: changes role from      null to FOLLOWER at term 0 for startAsFollower
2019-11-13 14:35:48,576 [pool-37-thread-1] WARN  impl.MetricRegistriesImpl (MetricRegistriesImpl.java:lambda$create$1(61)) - First MetricRegistry has been created without registering reporters. You may need to call MetricRegistries.global().addReportRegistration(...) before.
2019-11-13 14:35:48,577 [pool-27-thread-1] INFO  impl.RoleInfo (RoleInfo.java:updateAndGet(143)) - 3bf84526-9b1d-4fb3-b5aa-fd4bf9db4807: start FollowerState
2019-11-13 14:35:48,577 [pool-27-thread-1] INFO  util.JmxRegister (JmxRegister.java:tryRegister(44)) - Successfully registered JMX Bean with object name Ratis:service=RaftServer,group=group-56B01E94D480,id=3bf84526-9b1d-4fb3-b5aa-fd4bf9db4807
2019-11-13 14:35:48,577 [pool-27-thread-1] WARN  impl.MetricRegistriesImpl (MetricRegistriesImpl.java:lambda$create$1(61)) - First MetricRegistry has been created without registering reporters. You may need to call MetricRegistries.global().addReportRegistration(...) before.
2019-11-13 14:35:48,583 [RatisPipelineUtilsThread] INFO  pipeline.PipelineStateManager (PipelineStateManager.java:addPipeline(55)) - Created pipeline Pipeline[ Id: 2bcc9c73-3438-41d9-a351-56b01e94d480, Nodes: d272b7d2-ec3d-4a91-a8d1-87c7434cd615{ip: 192.168.157.200, host: pr-hdds-2452-7vw7s-1330541530, networkLocation: /default-rack, certSerialId: null}866e73f8-a49a-481c-a737-3f554da6d3bf{ip: 192.168.157.200, host: pr-hdds-2452-7vw7s-1330541530, networkLocation: /default-rack, certSerialId: null}3bf84526-9b1d-4fb3-b5aa-fd4bf9db4807{ip: 192.168.157.200, host: pr-hdds-2452-7vw7s-1330541530, networkLocation: /default-rack, certSerialId: null}, Type:RATIS, Factor:THREE, State:ALLOCATED]
2019-11-13 14:35:49,201 [main] INFO  ozone.MiniOzoneClusterImpl (MiniOzoneClusterImpl.java:lambda$waitForClusterToBeReady$2(163)) - Waiting for 4 number of pipelines out of 4, to report a leader.
2019-11-13 14:35:50,201 [main] INFO  ozone.MiniOzoneClusterImpl (MiniOzoneClusterImpl.java:lambda$waitForClusterToBeReady$2(163)) - Waiting for 4 number of pipelines out of 4, to report a leader.
2019-11-13 14:35:51,202 [main] INFO  ozone.MiniOzoneClusterImpl (MiniOzoneClusterImpl.java:lambda$waitForClusterToBeReady$2(163)) - Waiting for 4 number of pipelines out of 4, to report a leader.
2019-11-13 14:35:52,203 [main] INFO  ozone.MiniOzoneClusterImpl (MiniOzoneClusterImpl.java:lambda$waitForClusterToBeReady$2(163)) - Waiting for 4 number of pipelines out of 4, to report a leader.
2019-11-13 14:35:53,174 [Thread-200] INFO  impl.FollowerState (FollowerState.java:run(111)) - 3bf84526-9b1d-4fb3-b5aa-fd4bf9db4807@group-A61C883437AE-FollowerState: change to CANDIDATE, lastRpcTime:5119ms, electionTimeout:5119ms
2019-11-13 14:35:53,179 [Thread-200] INFO  impl.RoleInfo (RoleInfo.java:shutdownFollowerState(121)) - 3bf84526-9b1d-4fb3-b5aa-fd4bf9db4807: shutdown FollowerState
2019-11-13 14:35:53,179 [Thread-200] INFO  impl.RaftServerImpl (RaftServerImpl.java:setRole(173)) - 3bf84526-9b1d-4fb3-b5aa-fd4bf9db4807@group-A61C883437AE: changes role from  FOLLOWER to CANDIDATE at term 0 for changeToCandidate
2019-11-13 14:35:53,188 [Thread-200] INFO  impl.RoleInfo (RoleInfo.java:updateAndGet(143)) - 3bf84526-9b1d-4fb3-b5aa-fd4bf9db4807: start LeaderElection
2019-11-13 14:35:53,203 [main] INFO  ozone.MiniOzoneClusterImpl (MiniOzoneClusterImpl.java:lambda$waitForClusterToBeReady$2(163)) - Waiting for 4 number of pipelines out of 4, to report a leader.
2019-11-13 14:35:53,222 [Thread-204] INFO  impl.FollowerState (FollowerState.java:run(111)) - 866e73f8-a49a-481c-a737-3f554da6d3bf@group-F9A74B74493E-FollowerState: change to CANDIDATE, lastRpcTime:5033ms, electionTimeout:5033ms
2019-11-13 14:35:53,222 [Thread-204] INFO  impl.RoleInfo (RoleInfo.java:shutdownFollowerState(121)) - 866e73f8-a49a-481c-a737-3f554da6d3bf: shutdown FollowerState
2019-11-13 14:35:53,223 [Thread-204] INFO  impl.RaftServerImpl (RaftServerImpl.java:setRole(173)) - 866e73f8-a49a-481c-a737-3f554da6d3bf@group-F9A74B74493E: changes role from  FOLLOWER to CANDIDATE at term 0 for changeToCandidate
2019-11-13 14:35:53,223 [Thread-204] INFO  impl.RoleInfo (RoleInfo.java:updateAndGet(143)) - 866e73f8-a49a-481c-a737-3f554da6d3bf: start LeaderElection
2019-11-13 14:35:53,261 [3bf84526-9b1d-4fb3-b5aa-fd4bf9db4807@group-A61C883437AE-LeaderElection1] INFO  impl.LeaderElection (LeaderElection.java:askForVotes(178)) - 3bf84526-9b1d-4fb3-b5aa-fd4bf9db4807@group-A61C883437AE-LeaderElection1: begin an election at term 1 for -1: [3bf84526-9b1d-4fb3-b5aa-fd4bf9db4807:192.168.157.200:41351], old=null
2019-11-13 14:35:53,262 [3bf84526-9b1d-4fb3-b5aa-fd4bf9db4807@group-A61C883437AE-LeaderElection1] INFO  impl.RoleInfo (RoleInfo.java:shutdownLeaderElection(134)) - 3bf84526-9b1d-4fb3-b5aa-fd4bf9db4807: shutdown LeaderElection
2019-11-13 14:35:53,263 [3bf84526-9b1d-4fb3-b5aa-fd4bf9db4807@group-A61C883437AE-LeaderElection1] INFO  impl.RaftServerImpl (RaftServerImpl.java:setRole(173)) - 3bf84526-9b1d-4fb3-b5aa-fd4bf9db4807@group-A61C883437AE: changes role from CANDIDATE to LEADER at term 1 for changeToLeader
2019-11-13 14:35:53,263 [3bf84526-9b1d-4fb3-b5aa-fd4bf9db4807@group-A61C883437AE-LeaderElection1] INFO  ratis.XceiverServerRatis (XceiverServerRatis.java:handleLeaderChangedNotification(697)) - Leader change notification received for group: group-A61C883437AE with new leaderId: 3bf84526-9b1d-4fb3-b5aa-fd4bf9db4807
2019-11-13 14:35:53,268 [3bf84526-9b1d-4fb3-b5aa-fd4bf9db4807@group-A61C883437AE-LeaderElection1] INFO  impl.RaftServerImpl (ServerState.java:setLeader(255)) - 3bf84526-9b1d-4fb3-b5aa-fd4bf9db4807@group-A61C883437AE: change Leader from null to 3bf84526-9b1d-4fb3-b5aa-fd4bf9db4807 at term 1 for becomeLeader, leader elected after 5214ms
2019-11-13 14:35:53,274 [3bf84526-9b1d-4fb3-b5aa-fd4bf9db4807@group-A61C883437AE-LeaderElection1] INFO  server.RaftServerConfigKeys (ConfUtils.java:logGet(43)) - raft.server.staging.catchup.gap = 1000 (default)
2019-11-13 14:35:53,274 [3bf84526-9b1d-4fb3-b5aa-fd4bf9db4807@group-A61C883437AE-LeaderElection1] INFO  server.RaftServerConfigKeys (ConfUtils.java:logGet(43)) - raft.server.rpc.sleep.time = 25ms (default)
2019-11-13 14:35:53,279 [3bf84526-9b1d-4fb3-b5aa-fd4bf9db4807@group-A61C883437AE-LeaderElection1] INFO  server.RaftServerConfigKeys (ConfUtils.java:logGet(43)) - raft.server.write.element-limit = 4096 (default)
2019-11-13 14:35:53,283 [3bf84526-9b1d-4fb3-b5aa-fd4bf9db4807@group-A61C883437AE-LeaderElection1] INFO  server.RaftServerConfigKeys (ConfUtils.java:logGet(43)) - raft.server.watch.timeout = 10s (default)
2019-11-13 14:35:53,283 [3bf84526-9b1d-4fb3-b5aa-fd4bf9db4807@group-A61C883437AE-LeaderElection1] INFO  server.RaftServerConfigKeys (ConfUtils.java:logGet(43)) - raft.server.watch.timeout.denomination = 1s (default)
2019-11-13 14:35:53,283 [866e73f8-a49a-481c-a737-3f554da6d3bf@group-F9A74B74493E-LeaderElection2] INFO  impl.LeaderElection (LeaderElection.java:askForVotes(178)) - 866e73f8-a49a-481c-a737-3f554da6d3bf@group-F9A74B74493E-LeaderElection2: begin an election at term 1 for -1: [866e73f8-a49a-481c-a737-3f554da6d3bf:192.168.157.200:39603], old=null
2019-11-13 14:35:53,285 [866e73f8-a49a-481c-a737-3f554da6d3bf@group-F9A74B74493E-LeaderElection2] INFO  impl.RoleInfo (RoleInfo.java:shutdownLeaderElection(134)) - 866e73f8-a49a-481c-a737-3f554da6d3bf: shutdown LeaderElection
2019-11-13 14:35:53,285 [866e73f8-a49a-481c-a737-3f554da6d3bf@group-F9A74B74493E-LeaderElection2] INFO  impl.RaftServerImpl (RaftServerImpl.java:setRole(173)) - 866e73f8-a49a-481c-a737-3f554da6d3bf@group-F9A74B74493E: changes role from CANDIDATE to LEADER at term 1 for changeToLeader
2019-11-13 14:35:53,285 [866e73f8-a49a-481c-a737-3f554da6d3bf@group-F9A74B74493E-LeaderElection2] INFO  ratis.XceiverServerRatis (XceiverServerRatis.java:handleLeaderChangedNotification(697)) - Leader change notification received for group: group-F9A74B74493E with new leaderId: 866e73f8-a49a-481c-a737-3f554da6d3bf
2019-11-13 14:35:53,286 [866e73f8-a49a-481c-a737-3f554da6d3bf@group-F9A74B74493E-LeaderElection2] INFO  impl.RaftServerImpl (ServerState.java:setLeader(255)) - 866e73f8-a49a-481c-a737-3f554da6d3bf@group-F9A74B74493E: change Leader from null to 866e73f8-a49a-481c-a737-3f554da6d3bf at term 1 for becomeLeader, leader elected after 5101ms
2019-11-13 14:35:53,287 [3bf84526-9b1d-4fb3-b5aa-fd4bf9db4807@group-A61C883437AE-LeaderElection1] INFO  server.RaftServerConfigKeys (ConfUtils.java:logGet(43)) - raft.server.watch.element-limit = 65536 (default)
2019-11-13 14:35:53,287 [866e73f8-a49a-481c-a737-3f554da6d3bf@group-F9A74B74493E-LeaderElection2] INFO  server.RaftServerConfigKeys (ConfUtils.java:logGet(43)) - raft.server.staging.catchup.gap = 1000 (default)
2019-11-13 14:35:53,287 [866e73f8-a49a-481c-a737-3f554da6d3bf@group-F9A74B74493E-LeaderElection2] INFO  server.RaftServerConfigKeys (ConfUtils.java:logGet(43)) - raft.server.rpc.sleep.time = 25ms (default)
2019-11-13 14:35:53,287 [866e73f8-a49a-481c-a737-3f554da6d3bf@group-F9A74B74493E-LeaderElection2] INFO  server.RaftServerConfigKeys (ConfUtils.java:logGet(43)) - raft.server.write.element-limit = 4096 (default)
2019-11-13 14:35:53,288 [866e73f8-a49a-481c-a737-3f554da6d3bf@group-F9A74B74493E-LeaderElection2] INFO  server.RaftServerConfigKeys (ConfUtils.java:logGet(43)) - raft.server.watch.timeout = 10s (default)
2019-11-13 14:35:53,288 [866e73f8-a49a-481c-a737-3f554da6d3bf@group-F9A74B74493E-LeaderElection2] INFO  server.RaftServerConfigKeys (ConfUtils.java:logGet(43)) - raft.server.watch.timeout.denomination = 1s (default)
2019-11-13 14:35:53,288 [866e73f8-a49a-481c-a737-3f554da6d3bf@group-F9A74B74493E-LeaderElection2] INFO  server.RaftServerConfigKeys (ConfUtils.java:logGet(43)) - raft.server.watch.element-limit = 65536 (default)
2019-11-13 14:35:53,289 [EventQueue-PipelineReportForPipelineReportHandler] INFO  pipeline.PipelineStateManager (PipelineStateManager.java:openPipeline(134)) - Pipeline Pipeline[ Id: 37d1cefe-71a4-4b4d-8b92-f9a74b74493e, Nodes: 866e73f8-a49a-481c-a737-3f554da6d3bf{ip: 192.168.157.200, host: pr-hdds-2452-7vw7s-1330541530, networkLocation: /default-rack, certSerialId: null}, Type:RATIS, Factor:ONE, State:OPEN] moved to OPEN state
2019-11-13 14:35:53,290 [EventQueue-PipelineReportForPipelineReportHandler] INFO  pipeline.PipelineStateManager (PipelineStateManager.java:openPipeline(134)) - Pipeline Pipeline[ Id: fd6ebcdb-9805-49ef-8175-a61c883437ae, Nodes: 3bf84526-9b1d-4fb3-b5aa-fd4bf9db4807{ip: 192.168.157.200, host: pr-hdds-2452-7vw7s-1330541530, networkLocation: /default-rack, certSerialId: null}, Type:RATIS, Factor:ONE, State:OPEN] moved to OPEN state
2019-11-13 14:35:53,299 [866e73f8-a49a-481c-a737-3f554da6d3bf@group-F9A74B74493E-LeaderElection2] INFO  impl.RoleInfo (RoleInfo.java:updateAndGet(143)) - 866e73f8-a49a-481c-a737-3f554da6d3bf: start LeaderState
2019-11-13 14:35:53,299 [3bf84526-9b1d-4fb3-b5aa-fd4bf9db4807@group-A61C883437AE-LeaderElection1] INFO  impl.RoleInfo (RoleInfo.java:updateAndGet(143)) - 3bf84526-9b1d-4fb3-b5aa-fd4bf9db4807: start LeaderState
2019-11-13 14:35:53,315 [866e73f8-a49a-481c-a737-3f554da6d3bf@group-F9A74B74493E-LeaderElection2] INFO  segmented.SegmentedRaftLogWorker (SegmentedRaftLogWorker.java:startLogSegment(385)) - 866e73f8-a49a-481c-a737-3f554da6d3bf@group-F9A74B74493E-SegmentedRaftLogWorker: Starting segment from index:0
2019-11-13 14:35:53,315 [3bf84526-9b1d-4fb3-b5aa-fd4bf9db4807@group-A61C883437AE-LeaderElection1] INFO  segmented.SegmentedRaftLogWorker (SegmentedRaftLogWorker.java:startLogSegment(385)) - 3bf84526-9b1d-4fb3-b5aa-fd4bf9db4807@group-A61C883437AE-SegmentedRaftLogWorker: Starting segment from index:0
2019-11-13 14:35:53,324 [866e73f8-a49a-481c-a737-3f554da6d3bf@group-F9A74B74493E-LeaderElection2] INFO  impl.RaftServerImpl (ServerState.java:setRaftConf(356)) - 866e73f8-a49a-481c-a737-3f554da6d3bf@group-F9A74B74493E: set configuration 0: [866e73f8-a49a-481c-a737-3f554da6d3bf:192.168.157.200:39603], old=null at 0
2019-11-13 14:35:53,324 [3bf84526-9b1d-4fb3-b5aa-fd4bf9db4807@group-A61C883437AE-LeaderElection1] INFO  impl.RaftServerImpl (ServerState.java:setRaftConf(356)) - 3bf84526-9b1d-4fb3-b5aa-fd4bf9db4807@group-A61C883437AE: set configuration 0: [3bf84526-9b1d-4fb3-b5aa-fd4bf9db4807:192.168.157.200:41351], old=null at 0
2019-11-13 14:35:53,376 [Thread-208] INFO  impl.FollowerState (FollowerState.java:run(111)) - d272b7d2-ec3d-4a91-a8d1-87c7434cd615@group-70464D007D6A-FollowerState: change to CANDIDATE, lastRpcTime:5037ms, electionTimeout:5037ms
2019-11-13 14:35:53,376 [Thread-208] INFO  impl.RoleInfo (RoleInfo.java:shutdownFollowerState(121)) - d272b7d2-ec3d-4a91-a8d1-87c7434cd615: shutdown FollowerState
2019-11-13 14:35:53,377 [Thread-208] INFO  impl.RaftServerImpl (RaftServerImpl.java:setRole(173)) - d272b7d2-ec3d-4a91-a8d1-87c7434cd615@group-70464D007D6A: changes role from  FOLLOWER to CANDIDATE at term 0 for changeToCandidate
2019-11-13 14:35:53,377 [Thread-208] INFO  impl.RoleInfo (RoleInfo.java:updateAndGet(143)) - d272b7d2-ec3d-4a91-a8d1-87c7434cd615: start LeaderElection
2019-11-13 14:35:53,429 [d272b7d2-ec3d-4a91-a8d1-87c7434cd615@group-70464D007D6A-LeaderElection3] INFO  impl.LeaderElection (LeaderElection.java:askForVotes(178)) - d272b7d2-ec3d-4a91-a8d1-87c7434cd615@group-70464D007D6A-LeaderElection3: begin an election at term 1 for -1: [d272b7d2-ec3d-4a91-a8d1-87c7434cd615:192.168.157.200:36074], old=null
2019-11-13 14:35:53,430 [d272b7d2-ec3d-4a91-a8d1-87c7434cd615@group-70464D007D6A-LeaderElection3] INFO  impl.RoleInfo (RoleInfo.java:shutdownLeaderElection(134)) - d272b7d2-ec3d-4a91-a8d1-87c7434cd615: shutdown LeaderElection
2019-11-13 14:35:53,430 [d272b7d2-ec3d-4a91-a8d1-87c7434cd615@group-70464D007D6A-LeaderElection3] INFO  impl.RaftServerImpl (RaftServerImpl.java:setRole(173)) - d272b7d2-ec3d-4a91-a8d1-87c7434cd615@group-70464D007D6A: changes role from CANDIDATE to LEADER at term 1 for changeToLeader
2019-11-13 14:35:53,430 [d272b7d2-ec3d-4a91-a8d1-87c7434cd615@group-70464D007D6A-LeaderElection3] INFO  ratis.XceiverServerRatis (XceiverServerRatis.java:handleLeaderChangedNotification(697)) - Leader change notification received for group: group-70464D007D6A with new leaderId: d272b7d2-ec3d-4a91-a8d1-87c7434cd615
2019-11-13 14:35:53,432 [d272b7d2-ec3d-4a91-a8d1-87c7434cd615@group-70464D007D6A-LeaderElection3] INFO  impl.RaftServerImpl (ServerState.java:setLeader(255)) - d272b7d2-ec3d-4a91-a8d1-87c7434cd615@group-70464D007D6A: change Leader from null to d272b7d2-ec3d-4a91-a8d1-87c7434cd615 at term 1 for becomeLeader, leader elected after 5097ms
2019-11-13 14:35:53,432 [d272b7d2-ec3d-4a91-a8d1-87c7434cd615@group-70464D007D6A-LeaderElection3] INFO  server.RaftServerConfigKeys (ConfUtils.java:logGet(43)) - raft.server.staging.catchup.gap = 1000 (default)
2019-11-13 14:35:53,432 [d272b7d2-ec3d-4a91-a8d1-87c7434cd615@group-70464D007D6A-LeaderElection3] INFO  server.RaftServerConfigKeys (ConfUtils.java:logGet(43)) - raft.server.rpc.sleep.time = 25ms (default)
2019-11-13 14:35:53,432 [d272b7d2-ec3d-4a91-a8d1-87c7434cd615@group-70464D007D6A-LeaderElection3] INFO  server.RaftServerConfigKeys (ConfUtils.java:logGet(43)) - raft.server.write.element-limit = 4096 (default)
2019-11-13 14:35:53,432 [d272b7d2-ec3d-4a91-a8d1-87c7434cd615@group-70464D007D6A-LeaderElection3] INFO  server.RaftServerConfigKeys (ConfUtils.java:logGet(43)) - raft.server.watch.timeout = 10s (default)
2019-11-13 14:35:53,432 [d272b7d2-ec3d-4a91-a8d1-87c7434cd615@group-70464D007D6A-LeaderElection3] INFO  server.RaftServerConfigKeys (ConfUtils.java:logGet(43)) - raft.server.watch.timeout.denomination = 1s (default)
2019-11-13 14:35:53,433 [d272b7d2-ec3d-4a91-a8d1-87c7434cd615@group-70464D007D6A-LeaderElection3] INFO  server.RaftServerConfigKeys (ConfUtils.java:logGet(43)) - raft.server.watch.element-limit = 65536 (default)
2019-11-13 14:35:53,434 [d272b7d2-ec3d-4a91-a8d1-87c7434cd615@group-70464D007D6A-LeaderElection3] INFO  impl.RoleInfo (RoleInfo.java:updateAndGet(143)) - d272b7d2-ec3d-4a91-a8d1-87c7434cd615: start LeaderState
2019-11-13 14:35:53,434 [d272b7d2-ec3d-4a91-a8d1-87c7434cd615@group-70464D007D6A-LeaderElection3] INFO  segmented.SegmentedRaftLogWorker (SegmentedRaftLogWorker.java:startLogSegment(385)) - d272b7d2-ec3d-4a91-a8d1-87c7434cd615@group-70464D007D6A-SegmentedRaftLogWorker: Starting segment from index:0
2019-11-13 14:35:53,434 [EventQueue-PipelineReportForPipelineReportHandler] INFO  pipeline.PipelineStateManager (PipelineStateManager.java:openPipeline(134)) - Pipeline Pipeline[ Id: a25f731a-ab39-45b7-8c44-70464d007d6a, Nodes: d272b7d2-ec3d-4a91-a8d1-87c7434cd615{ip: 192.168.157.200, host: pr-hdds-2452-7vw7s-1330541530, networkLocation: /default-rack, certSerialId: null}, Type:RATIS, Factor:ONE, State:OPEN] moved to OPEN state
2019-11-13 14:35:53,435 [d272b7d2-ec3d-4a91-a8d1-87c7434cd615@group-70464D007D6A-LeaderElection3] INFO  impl.RaftServerImpl (ServerState.java:setRaftConf(356)) - d272b7d2-ec3d-4a91-a8d1-87c7434cd615@group-70464D007D6A: set configuration 0: [d272b7d2-ec3d-4a91-a8d1-87c7434cd615:192.168.157.200:36074], old=null at 0
2019-11-13 14:35:53,543 [d272b7d2-ec3d-4a91-a8d1-87c7434cd615@group-70464D007D6A-SegmentedRaftLogWorker] INFO  segmented.SegmentedRaftLogWorker (SegmentedRaftLogWorker.java:execute(576)) - d272b7d2-ec3d-4a91-a8d1-87c7434cd615@group-70464D007D6A-SegmentedRaftLogWorker: created new log segment /workdir/hadoop-ozone/tools/target/test-dir/MiniOzoneClusterImpl-4b23d5b9-0cd4-4e70-8948-e43dc5858374/datanode-1/data/ratis/a25f731a-ab39-45b7-8c44-70464d007d6a/current/log_inprogress_0
2019-11-13 14:35:53,543 [3bf84526-9b1d-4fb3-b5aa-fd4bf9db4807@group-A61C883437AE-SegmentedRaftLogWorker] INFO  segmented.SegmentedRaftLogWorker (SegmentedRaftLogWorker.java:execute(576)) - 3bf84526-9b1d-4fb3-b5aa-fd4bf9db4807@group-A61C883437AE-SegmentedRaftLogWorker: created new log segment /workdir/hadoop-ozone/tools/target/test-dir/MiniOzoneClusterImpl-4b23d5b9-0cd4-4e70-8948-e43dc5858374/datanode-0/data/ratis/fd6ebcdb-9805-49ef-8175-a61c883437ae/current/log_inprogress_0
2019-11-13 14:35:53,543 [866e73f8-a49a-481c-a737-3f554da6d3bf@group-F9A74B74493E-SegmentedRaftLogWorker] INFO  segmented.SegmentedRaftLogWorker (SegmentedRaftLogWorker.java:execute(576)) - 866e73f8-a49a-481c-a737-3f554da6d3bf@group-F9A74B74493E-SegmentedRaftLogWorker: created new log segment /workdir/hadoop-ozone/tools/target/test-dir/MiniOzoneClusterImpl-4b23d5b9-0cd4-4e70-8948-e43dc5858374/datanode-2/data/ratis/37d1cefe-71a4-4b4d-8b92-f9a74b74493e/current/log_inprogress_0
2019-11-13 14:35:53,586 [Thread-214] INFO  impl.FollowerState (FollowerState.java:run(111)) - 866e73f8-a49a-481c-a737-3f554da6d3bf@group-56B01E94D480-FollowerState: change to CANDIDATE, lastRpcTime:5015ms, electionTimeout:5015ms
2019-11-13 14:35:53,587 [Thread-214] INFO  impl.RoleInfo (RoleInfo.java:shutdownFollowerState(121)) - 866e73f8-a49a-481c-a737-3f554da6d3bf: shutdown FollowerState
2019-11-13 14:35:53,587 [Thread-214] INFO  impl.RaftServerImpl (RaftServerImpl.java:setRole(173)) - 866e73f8-a49a-481c-a737-3f554da6d3bf@group-56B01E94D480: changes role from  FOLLOWER to CANDIDATE at term 0 for changeToCandidate
2019-11-13 14:35:53,587 [Thread-214] INFO  impl.RoleInfo (RoleInfo.java:updateAndGet(143)) - 866e73f8-a49a-481c-a737-3f554da6d3bf: start LeaderElection
2019-11-13 14:35:53,628 [866e73f8-a49a-481c-a737-3f554da6d3bf@group-56B01E94D480-LeaderElection4] INFO  impl.LeaderElection (LeaderElection.java:askForVotes(178)) - 866e73f8-a49a-481c-a737-3f554da6d3bf@group-56B01E94D480-LeaderElection4: begin an election at term 1 for -1: [d272b7d2-ec3d-4a91-a8d1-87c7434cd615:192.168.157.200:36074, 866e73f8-a49a-481c-a737-3f554da6d3bf:192.168.157.200:39603, 3bf84526-9b1d-4fb3-b5aa-fd4bf9db4807:192.168.157.200:41351], old=null
2019-11-13 14:35:53,640 [Thread-218] INFO  impl.FollowerState (FollowerState.java:run(111)) - d272b7d2-ec3d-4a91-a8d1-87c7434cd615@group-56B01E94D480-FollowerState: change to CANDIDATE, lastRpcTime:5065ms, electionTimeout:5064ms
2019-11-13 14:35:53,641 [Thread-218] INFO  impl.RoleInfo (RoleInfo.java:shutdownFollowerState(121)) - d272b7d2-ec3d-4a91-a8d1-87c7434cd615: shutdown FollowerState
2019-11-13 14:35:53,641 [Thread-218] INFO  impl.RaftServerImpl (RaftServerImpl.java:setRole(173)) - d272b7d2-ec3d-4a91-a8d1-87c7434cd615@group-56B01E94D480: changes role from  FOLLOWER to CANDIDATE at term 0 for changeToCandidate
2019-11-13 14:35:53,641 [Thread-218] INFO  impl.RoleInfo (RoleInfo.java:updateAndGet(143)) - d272b7d2-ec3d-4a91-a8d1-87c7434cd615: start LeaderElection
2019-11-13 14:35:53,658 [grpc-default-executor-0] INFO  impl.RaftServerImpl (RaftServerImpl.java:setRole(173)) - 3bf84526-9b1d-4fb3-b5aa-fd4bf9db4807@group-56B01E94D480: changes role from  FOLLOWER to FOLLOWER at term 1 for recognizeCandidate:866e73f8-a49a-481c-a737-3f554da6d3bf
2019-11-13 14:35:53,659 [grpc-default-executor-0] INFO  impl.RoleInfo (RoleInfo.java:shutdownFollowerState(121)) - 3bf84526-9b1d-4fb3-b5aa-fd4bf9db4807: shutdown FollowerState
2019-11-13 14:35:53,659 [Thread-219] INFO  impl.FollowerState (FollowerState.java:run(120)) - 3bf84526-9b1d-4fb3-b5aa-fd4bf9db4807@group-56B01E94D480-FollowerState was interrupted: java.lang.InterruptedException: sleep interrupted
2019-11-13 14:35:53,659 [grpc-default-executor-0] INFO  impl.RoleInfo (RoleInfo.java:updateAndGet(143)) - 3bf84526-9b1d-4fb3-b5aa-fd4bf9db4807: start FollowerState
2019-11-13 14:35:53,717 [d272b7d2-ec3d-4a91-a8d1-87c7434cd615@group-56B01E94D480-LeaderElection5] INFO  impl.LeaderElection (LeaderElection.java:askForVotes(178)) - d272b7d2-ec3d-4a91-a8d1-87c7434cd615@group-56B01E94D480-LeaderElection5: begin an election at term 1 for -1: [d272b7d2-ec3d-4a91-a8d1-87c7434cd615:192.168.157.200:36074, 866e73f8-a49a-481c-a737-3f554da6d3bf:192.168.157.200:39603, 3bf84526-9b1d-4fb3-b5aa-fd4bf9db4807:192.168.157.200:41351], old=null
2019-11-13 14:35:53,739 [866e73f8-a49a-481c-a737-3f554da6d3bf@group-56B01E94D480-LeaderElection4] INFO  impl.LeaderElection (LeaderElection.java:logAndReturn(56)) - 866e73f8-a49a-481c-a737-3f554da6d3bf@group-56B01E94D480-LeaderElection4: Election PASSED; received 2 response(s) [866e73f8-a49a-481c-a737-3f554da6d3bf<-d272b7d2-ec3d-4a91-a8d1-87c7434cd615#0:FAIL-t1, 866e73f8-a49a-481c-a737-3f554da6d3bf<-3bf84526-9b1d-4fb3-b5aa-fd4bf9db4807#0:OK-t1] and 0 exception(s); 866e73f8-a49a-481c-a737-3f554da6d3bf@group-56B01E94D480:t1, leader=null, voted=866e73f8-a49a-481c-a737-3f554da6d3bf, raftlog=866e73f8-a49a-481c-a737-3f554da6d3bf@group-56B01E94D480-SegmentedRaftLog:OPENED:c-1,f-1,i0, conf=-1: [d272b7d2-ec3d-4a91-a8d1-87c7434cd615:192.168.157.200:36074, 866e73f8-a49a-481c-a737-3f554da6d3bf:192.168.157.200:39603, 3bf84526-9b1d-4fb3-b5aa-fd4bf9db4807:192.168.157.200:41351], old=null
2019-11-13 14:35:53,739 [d272b7d2-ec3d-4a91-a8d1-87c7434cd615@group-56B01E94D480-LeaderElection5] INFO  impl.LeaderElection (LeaderElection.java:logAndReturn(56)) - d272b7d2-ec3d-4a91-a8d1-87c7434cd615@group-56B01E94D480-LeaderElection5: Election REJECTED; received 2 response(s) [d272b7d2-ec3d-4a91-a8d1-87c7434cd615<-866e73f8-a49a-481c-a737-3f554da6d3bf#0:FAIL-t1, d272b7d2-ec3d-4a91-a8d1-87c7434cd615<-3bf84526-9b1d-4fb3-b5aa-fd4bf9db4807#0:FAIL-t1] and 0 exception(s); d272b7d2-ec3d-4a91-a8d1-87c7434cd615@group-56B01E94D480:t1, leader=null, voted=d272b7d2-ec3d-4a91-a8d1-87c7434cd615, raftlog=d272b7d2-ec3d-4a91-a8d1-87c7434cd615@group-56B01E94D480-SegmentedRaftLog:OPENED:c-1,f-1,i0, conf=-1: [d272b7d2-ec3d-4a91-a8d1-87c7434cd615:192.168.157.200:36074, 866e73f8-a49a-481c-a737-3f554da6d3bf:192.168.157.200:39603, 3bf84526-9b1d-4fb3-b5aa-fd4bf9db4807:192.168.157.200:41351], old=null
2019-11-13 14:35:53,740 [866e73f8-a49a-481c-a737-3f554da6d3bf@group-56B01E94D480-LeaderElection4] INFO  impl.RoleInfo (RoleInfo.java:shutdownLeaderElection(134)) - 866e73f8-a49a-481c-a737-3f554da6d3bf: shutdown LeaderElection
2019-11-13 14:35:53,742 [866e73f8-a49a-481c-a737-3f554da6d3bf@group-56B01E94D480-LeaderElection4] INFO  impl.RaftServerImpl (RaftServerImpl.java:setRole(173)) - 866e73f8-a49a-481c-a737-3f554da6d3bf@group-56B01E94D480: changes role from CANDIDATE to LEADER at term 1 for changeToLeader
2019-11-13 14:35:53,742 [d272b7d2-ec3d-4a91-a8d1-87c7434cd615@group-56B01E94D480-LeaderElection5] INFO  impl.RaftServerImpl (RaftServerImpl.java:setRole(173)) - d272b7d2-ec3d-4a91-a8d1-87c7434cd615@group-56B01E94D480: changes role from CANDIDATE to FOLLOWER at term 1 for DISCOVERED_A_NEW_TERM
2019-11-13 14:35:53,743 [866e73f8-a49a-481c-a737-3f554da6d3bf@group-56B01E94D480-LeaderElection4] INFO  ratis.XceiverServerRatis (XceiverServerRatis.java:handleLeaderChangedNotification(697)) - Leader change notification received for group: group-56B01E94D480 with new leaderId: 866e73f8-a49a-481c-a737-3f554da6d3bf
2019-11-13 14:35:53,744 [d272b7d2-ec3d-4a91-a8d1-87c7434cd615@group-56B01E94D480-LeaderElection5] INFO  impl.RoleInfo (RoleInfo.java:shutdownLeaderElection(134)) - d272b7d2-ec3d-4a91-a8d1-87c7434cd615: shutdown LeaderElection
2019-11-13 14:35:53,744 [866e73f8-a49a-481c-a737-3f554da6d3bf@group-56B01E94D480-LeaderElection4] INFO  impl.RaftServerImpl (ServerState.java:setLeader(255)) - 866e73f8-a49a-481c-a737-3f554da6d3bf@group-56B01E94D480: change Leader from null to 866e73f8-a49a-481c-a737-3f554da6d3bf at term 1 for becomeLeader, leader elected after 5180ms
2019-11-13 14:35:53,744 [866e73f8-a49a-481c-a737-3f554da6d3bf@group-56B01E94D480-LeaderElection4] INFO  server.RaftServerConfigKeys (ConfUtils.java:logGet(43)) - raft.server.staging.catchup.gap = 1000 (default)
2019-11-13 14:35:53,744 [866e73f8-a49a-481c-a737-3f554da6d3bf@group-56B01E94D480-LeaderElection4] INFO  server.RaftServerConfigKeys (ConfUtils.java:logGet(43)) - raft.server.rpc.sleep.time = 25ms (default)
2019-11-13 14:35:53,744 [d272b7d2-ec3d-4a91-a8d1-87c7434cd615@group-56B01E94D480-LeaderElection5] INFO  impl.RoleInfo (RoleInfo.java:updateAndGet(143)) - d272b7d2-ec3d-4a91-a8d1-87c7434cd615: start FollowerState
2019-11-13 14:35:53,744 [866e73f8-a49a-481c-a737-3f554da6d3bf@group-56B01E94D480-LeaderElection4] INFO  server.RaftServerConfigKeys (ConfUtils.java:logGet(43)) - raft.server.write.element-limit = 4096 (default)
2019-11-13 14:35:53,745 [866e73f8-a49a-481c-a737-3f554da6d3bf@group-56B01E94D480-LeaderElection4] INFO  server.RaftServerConfigKeys (ConfUtils.java:logGet(43)) - raft.server.watch.timeout = 10s (default)
2019-11-13 14:35:53,746 [866e73f8-a49a-481c-a737-3f554da6d3bf@group-56B01E94D480-LeaderElection4] INFO  server.RaftServerConfigKeys (ConfUtils.java:logGet(43)) - raft.server.watch.timeout.denomination = 1s (default)
2019-11-13 14:35:53,746 [866e73f8-a49a-481c-a737-3f554da6d3bf@group-56B01E94D480-LeaderElection4] INFO  server.RaftServerConfigKeys (ConfUtils.java:logGet(43)) - raft.server.watch.element-limit = 65536 (default)
2019-11-13 14:35:53,747 [EventQueue-PipelineReportForPipelineReportHandler] INFO  pipeline.PipelineStateManager (PipelineStateManager.java:openPipeline(134)) - Pipeline Pipeline[ Id: 2bcc9c73-3438-41d9-a351-56b01e94d480, Nodes: d272b7d2-ec3d-4a91-a8d1-87c7434cd615{ip: 192.168.157.200, host: pr-hdds-2452-7vw7s-1330541530, networkLocation: /default-rack, certSerialId: null}866e73f8-a49a-481c-a737-3f554da6d3bf{ip: 192.168.157.200, host: pr-hdds-2452-7vw7s-1330541530, networkLocation: /default-rack, certSerialId: null}3bf84526-9b1d-4fb3-b5aa-fd4bf9db4807{ip: 192.168.157.200, host: pr-hdds-2452-7vw7s-1330541530, networkLocation: /default-rack, certSerialId: null}, Type:RATIS, Factor:THREE, State:OPEN] moved to OPEN state
2019-11-13 14:35:53,749 [866e73f8-a49a-481c-a737-3f554da6d3bf@group-56B01E94D480-LeaderElection4] INFO  server.RaftServerConfigKeys (ConfUtils.java:logGet(43)) - raft.server.log.appender.snapshot.chunk.size.max = 16MB (=16777216) (default)
2019-11-13 14:35:53,749 [866e73f8-a49a-481c-a737-3f554da6d3bf@group-56B01E94D480-LeaderElection4] INFO  server.RaftServerConfigKeys (ConfUtils.java:logGet(43)) - raft.server.log.appender.buffer.byte-limit = 33554432 (custom)
2019-11-13 14:35:53,750 [866e73f8-a49a-481c-a737-3f554da6d3bf@group-56B01E94D480-LeaderElection4] INFO  server.RaftServerConfigKeys (ConfUtils.java:logGet(43)) - raft.server.log.appender.buffer.element-limit = 1 (custom)
2019-11-13 14:35:53,753 [866e73f8-a49a-481c-a737-3f554da6d3bf@group-56B01E94D480-LeaderElection4] INFO  grpc.GrpcConfigKeys$Server (ConfUtils.java:logGet(43)) - raft.grpc.server.leader.outstanding.appends.max = 128 (default)
2019-11-13 14:35:53,753 [866e73f8-a49a-481c-a737-3f554da6d3bf@group-56B01E94D480-LeaderElection4] INFO  server.RaftServerConfigKeys (ConfUtils.java:logGet(43)) - raft.server.rpc.request.timeout = 3000ms (default)
2019-11-13 14:35:53,753 [866e73f8-a49a-481c-a737-3f554da6d3bf@group-56B01E94D480-LeaderElection4] INFO  server.RaftServerConfigKeys (ConfUtils.java:logGet(43)) - raft.server.log.appender.install.snapshot.enabled = false (custom)
2019-11-13 14:35:53,754 [866e73f8-a49a-481c-a737-3f554da6d3bf@group-56B01E94D480-LeaderElection4] WARN  impl.MetricRegistriesImpl (MetricRegistriesImpl.java:lambda$create$1(61)) - First MetricRegistry has been created without registering reporters. You may need to call MetricRegistries.global().addReportRegistration(...) before.
2019-11-13 14:35:53,755 [866e73f8-a49a-481c-a737-3f554da6d3bf@group-56B01E94D480-LeaderElection4] INFO  server.RaftServerConfigKeys (ConfUtils.java:logGet(43)) - raft.server.log.appender.snapshot.chunk.size.max = 16MB (=16777216) (default)
2019-11-13 14:35:53,755 [866e73f8-a49a-481c-a737-3f554da6d3bf@group-56B01E94D480-LeaderElection4] INFO  server.RaftServerConfigKeys (ConfUtils.java:logGet(43)) - raft.server.log.appender.buffer.byte-limit = 33554432 (custom)
2019-11-13 14:35:53,755 [866e73f8-a49a-481c-a737-3f554da6d3bf@group-56B01E94D480-LeaderElection4] INFO  server.RaftServerConfigKeys (ConfUtils.java:logGet(43)) - raft.server.log.appender.buffer.element-limit = 1 (custom)
2019-11-13 14:35:53,756 [866e73f8-a49a-481c-a737-3f554da6d3bf@group-56B01E94D480-LeaderElection4] INFO  grpc.GrpcConfigKeys$Server (ConfUtils.java:logGet(43)) - raft.grpc.server.leader.outstanding.appends.max = 128 (default)
2019-11-13 14:35:53,756 [866e73f8-a49a-481c-a737-3f554da6d3bf@group-56B01E94D480-LeaderElection4] INFO  server.RaftServerConfigKeys (ConfUtils.java:logGet(43)) - raft.server.rpc.request.timeout = 3000ms (default)
2019-11-13 14:35:53,756 [866e73f8-a49a-481c-a737-3f554da6d3bf@group-56B01E94D480-LeaderElection4] INFO  server.RaftServerConfigKeys (ConfUtils.java:logGet(43)) - raft.server.log.appender.install.snapshot.enabled = false (custom)
2019-11-13 14:35:53,758 [866e73f8-a49a-481c-a737-3f554da6d3bf@group-56B01E94D480-LeaderElection4] INFO  impl.RoleInfo (RoleInfo.java:updateAndGet(143)) - 866e73f8-a49a-481c-a737-3f554da6d3bf: start LeaderState
2019-11-13 14:35:53,759 [866e73f8-a49a-481c-a737-3f554da6d3bf@group-56B01E94D480-LeaderElection4] INFO  segmented.SegmentedRaftLogWorker (SegmentedRaftLogWorker.java:startLogSegment(385)) - 866e73f8-a49a-481c-a737-3f554da6d3bf@group-56B01E94D480-SegmentedRaftLogWorker: Starting segment from index:0
2019-11-13 14:35:53,760 [866e73f8-a49a-481c-a737-3f554da6d3bf@group-56B01E94D480-LeaderElection4] INFO  impl.RaftServerImpl (ServerState.java:setRaftConf(356)) - 866e73f8-a49a-481c-a737-3f554da6d3bf@group-56B01E94D480: set configuration 0: [d272b7d2-ec3d-4a91-a8d1-87c7434cd615:192.168.157.200:36074, 866e73f8-a49a-481c-a737-3f554da6d3bf:192.168.157.200:39603, 3bf84526-9b1d-4fb3-b5aa-fd4bf9db4807:192.168.157.200:41351], old=null at 0
2019-11-13 14:35:53,822 [grpc-default-executor-0] INFO  ratis.XceiverServerRatis (XceiverServerRatis.java:handleLeaderChangedNotification(697)) - Leader change notification received for group: group-56B01E94D480 with new leaderId: 866e73f8-a49a-481c-a737-3f554da6d3bf
2019-11-13 14:35:53,822 [grpc-default-executor-3] INFO  ratis.XceiverServerRatis (XceiverServerRatis.java:handleLeaderChangedNotification(697)) - Leader change notification received for group: group-56B01E94D480 with new leaderId: 866e73f8-a49a-481c-a737-3f554da6d3bf
2019-11-13 14:35:53,823 [grpc-default-executor-0] INFO  impl.RaftServerImpl (ServerState.java:setLeader(255)) - 3bf84526-9b1d-4fb3-b5aa-fd4bf9db4807@group-56B01E94D480: change Leader from null to 866e73f8-a49a-481c-a737-3f554da6d3bf at term 1 for appendEntries, leader elected after 5259ms
2019-11-13 14:35:53,824 [grpc-default-executor-3] INFO  impl.RaftServerImpl (ServerState.java:setLeader(255)) - d272b7d2-ec3d-4a91-a8d1-87c7434cd615@group-56B01E94D480: change Leader from null to 866e73f8-a49a-481c-a737-3f554da6d3bf at term 1 for appendEntries, leader elected after 5260ms
2019-11-13 14:35:53,832 [866e73f8-a49a-481c-a737-3f554da6d3bf@group-56B01E94D480-SegmentedRaftLogWorker] INFO  segmented.SegmentedRaftLogWorker (SegmentedRaftLogWorker.java:execute(576)) - 866e73f8-a49a-481c-a737-3f554da6d3bf@group-56B01E94D480-SegmentedRaftLogWorker: created new log segment /workdir/hadoop-ozone/tools/target/test-dir/MiniOzoneClusterImpl-4b23d5b9-0cd4-4e70-8948-e43dc5858374/datanode-2/data/ratis/2bcc9c73-3438-41d9-a351-56b01e94d480/current/log_inprogress_0
2019-11-13 14:35:53,881 [grpc-default-executor-0] INFO  impl.RaftServerImpl (ServerState.java:setRaftConf(356)) - 3bf84526-9b1d-4fb3-b5aa-fd4bf9db4807@group-56B01E94D480: set configuration 0: [d272b7d2-ec3d-4a91-a8d1-87c7434cd615:192.168.157.200:36074, 866e73f8-a49a-481c-a737-3f554da6d3bf:192.168.157.200:39603, 3bf84526-9b1d-4fb3-b5aa-fd4bf9db4807:192.168.157.200:41351], old=null at 0
2019-11-13 14:35:53,881 [grpc-default-executor-3] INFO  impl.RaftServerImpl (ServerState.java:setRaftConf(356)) - d272b7d2-ec3d-4a91-a8d1-87c7434cd615@group-56B01E94D480: set configuration 0: [d272b7d2-ec3d-4a91-a8d1-87c7434cd615:192.168.157.200:36074, 866e73f8-a49a-481c-a737-3f554da6d3bf:192.168.157.200:39603, 3bf84526-9b1d-4fb3-b5aa-fd4bf9db4807:192.168.157.200:41351], old=null at 0
2019-11-13 14:35:53,882 [grpc-default-executor-0] INFO  segmented.SegmentedRaftLogWorker (SegmentedRaftLogWorker.java:startLogSegment(385)) - 3bf84526-9b1d-4fb3-b5aa-fd4bf9db4807@group-56B01E94D480-SegmentedRaftLogWorker: Starting segment from index:0
2019-11-13 14:35:53,882 [grpc-default-executor-3] INFO  segmented.SegmentedRaftLogWorker (SegmentedRaftLogWorker.java:startLogSegment(385)) - d272b7d2-ec3d-4a91-a8d1-87c7434cd615@group-56B01E94D480-SegmentedRaftLogWorker: Starting segment from index:0
2019-11-13 14:35:53,959 [d272b7d2-ec3d-4a91-a8d1-87c7434cd615@group-56B01E94D480-SegmentedRaftLogWorker] INFO  segmented.SegmentedRaftLogWorker (SegmentedRaftLogWorker.java:execute(576)) - d272b7d2-ec3d-4a91-a8d1-87c7434cd615@group-56B01E94D480-SegmentedRaftLogWorker: created new log segment /workdir/hadoop-ozone/tools/target/test-dir/MiniOzoneClusterImpl-4b23d5b9-0cd4-4e70-8948-e43dc5858374/datanode-1/data/ratis/2bcc9c73-3438-41d9-a351-56b01e94d480/current/log_inprogress_0
2019-11-13 14:35:53,959 [3bf84526-9b1d-4fb3-b5aa-fd4bf9db4807@group-56B01E94D480-SegmentedRaftLogWorker] INFO  segmented.SegmentedRaftLogWorker (SegmentedRaftLogWorker.java:execute(576)) - 3bf84526-9b1d-4fb3-b5aa-fd4bf9db4807@group-56B01E94D480-SegmentedRaftLogWorker: created new log segment /workdir/hadoop-ozone/tools/target/test-dir/MiniOzoneClusterImpl-4b23d5b9-0cd4-4e70-8948-e43dc5858374/datanode-0/data/ratis/2bcc9c73-3438-41d9-a351-56b01e94d480/current/log_inprogress_0
2019-11-13 14:35:54,204 [main] INFO  ozone.MiniOzoneClusterImpl (MiniOzoneClusterImpl.java:lambda$waitForClusterToBeReady$2(171)) - Cluster is ready. Got 3 of 3 DN Heartbeats.
2019-11-13 14:35:55,091 [main] INFO  freon.RandomKeyGenerator (RandomKeyGenerator.java:call(283)) - Number of Threads: 10
2019-11-13 14:35:55,092 [main] INFO  freon.RandomKeyGenerator (RandomKeyGenerator.java:call(288)) - Number of Volumes: 1.
2019-11-13 14:35:55,092 [main] INFO  freon.RandomKeyGenerator (RandomKeyGenerator.java:call(289)) - Number of Buckets per Volume: 1.
2019-11-13 14:35:55,092 [main] INFO  freon.RandomKeyGenerator (RandomKeyGenerator.java:call(290)) - Number of Keys per Bucket: 1.
2019-11-13 14:35:55,092 [main] INFO  freon.RandomKeyGenerator (RandomKeyGenerator.java:call(291)) - Key size: 20971520 bytes
2019-11-13 14:35:55,092 [main] INFO  freon.RandomKeyGenerator (RandomKeyGenerator.java:call(292)) - Buffer size: 4096 bytes
2019-11-13 14:35:55,092 [main] INFO  freon.RandomKeyGenerator (RandomKeyGenerator.java:call(293)) - validateWrites : true
2019-11-13 14:35:55,095 [main] INFO  freon.RandomKeyGenerator (RandomKeyGenerator.java:call(307)) - Data validation is enabled.
2019-11-13 14:35:55,096 [main] INFO  freon.RandomKeyGenerator (RandomKeyGenerator.java:call(313)) - Starting progress bar Thread.

 0.00% |?                                                                                                    |  0/1 Time: 0:00:002019-11-13 14:35:55,120 [pool-53-thread-1] INFO  rpc.RpcClient (RpcClient.java:createVolume(292)) - Creating Volume: vol-0-21588, with jenkins1000 as owner.
2019-11-13 14:35:55,235 [IPC Server handler 0 on 42189] INFO  volume.OMVolumeCreateRequest (OMVolumeCreateRequest.java:validateAndUpdateCache(193)) - created volume:vol-0-21588 for user:jenkins1000
2019-11-13 14:35:55,293 [pool-53-thread-2] INFO  rpc.RpcClient (RpcClient.java:createBucket(431)) - Creating Bucket: vol-0-21588/bucket-0-59316, with Versioning false and Storage Type set to DISK and Encryption set to false 
2019-11-13 14:35:55,514 [pool-53-thread-3] INFO  impl.MetricsSystemImpl (MetricsSystemImpl.java:init(158)) - XceiverClientMetrics metrics system started (again)
 0.00% |?                                                                                                    |  0/1 Time: 0:00:01 0.00% |?                                                                                                    |  0/1 Time: 0:00:02 0.00% |?                                                                                                    |  0/1 Time: 0:00:03 0.00% |?                                                                                                    |  0/1 Time: 0:00:04 0.00% |?                                                                                                    |  0/1 Time: 0:00:05 0.00% |?                                                                                                    |  0/1 Time: 0:00:06 0.00% |?                                                                                                    |  0/1 Time: 0:00:07 0.00% |?                                                                                                    |  0/1 Time: 0:00:08 100.00% |?????????????????????????????????????????????????????????????????????????????????????????????????????|  1/1 Time: 0:00:09
2019-11-13 14:36:08,977 [main] INFO  pipeline.SCMPipelineManager (SCMPipelineManager.java:finalizeAndDestroyPipeline(315)) - destroying pipeline:Pipeline[ Id: 2bcc9c73-3438-41d9-a351-56b01e94d480, Nodes: d272b7d2-ec3d-4a91-a8d1-87c7434cd615{ip: 192.168.157.200, host: pr-hdds-2452-7vw7s-1330541530, networkLocation: /default-rack, certSerialId: null}866e73f8-a49a-481c-a737-3f554da6d3bf{ip: 192.168.157.200, host: pr-hdds-2452-7vw7s-1330541530, networkLocation: /default-rack, certSerialId: null}3bf84526-9b1d-4fb3-b5aa-fd4bf9db4807{ip: 192.168.157.200, host: pr-hdds-2452-7vw7s-1330541530, networkLocation: /default-rack, certSerialId: null}, Type:RATIS, Factor:THREE, State:OPEN]
2019-11-13 14:36:08,979 [main] INFO  pipeline.PipelineStateManager (PipelineStateManager.java:finalizePipeline(121)) - Pipeline Pipeline[ Id: 2bcc9c73-3438-41d9-a351-56b01e94d480, Nodes: d272b7d2-ec3d-4a91-a8d1-87c7434cd615{ip: 192.168.157.200, host: pr-hdds-2452-7vw7s-1330541530, networkLocation: /default-rack, certSerialId: null}866e73f8-a49a-481c-a737-3f554da6d3bf{ip: 192.168.157.200, host: pr-hdds-2452-7vw7s-1330541530, networkLocation: /default-rack, certSerialId: null}3bf84526-9b1d-4fb3-b5aa-fd4bf9db4807{ip: 192.168.157.200, host: pr-hdds-2452-7vw7s-1330541530, networkLocation: /default-rack, certSerialId: null}, Type:RATIS, Factor:THREE, State:CLOSED] moved to CLOSED state
2019-11-13 14:36:08,980 [EventQueue-CloseContainerForCloseContainerEventHandler] INFO  container.CloseContainerEventHandler (CloseContainerEventHandler.java:onMessage(61)) - Close container Event triggered for container : #1
2019-11-13 14:36:08,987 [EventQueue-CloseContainerForCloseContainerEventHandler] INFO  container.CloseContainerEventHandler (CloseContainerEventHandler.java:onMessage(61)) - Close container Event triggered for container : #2
2019-11-13 14:36:08,992 [grpc-default-executor-3] INFO  impl.RaftServerProxy (RaftServerProxy.java:remove(95)) - d272b7d2-ec3d-4a91-a8d1-87c7434cd615: remove  FOLLOWER d272b7d2-ec3d-4a91-a8d1-87c7434cd615@group-56B01E94D480:t1, leader=866e73f8-a49a-481c-a737-3f554da6d3bf, voted=d272b7d2-ec3d-4a91-a8d1-87c7434cd615, raftlog=d272b7d2-ec3d-4a91-a8d1-87c7434cd615@group-56B01E94D480-SegmentedRaftLog:OPENED:c78,f78,i78, conf=0: [d272b7d2-ec3d-4a91-a8d1-87c7434cd615:192.168.157.200:36074, 866e73f8-a49a-481c-a737-3f554da6d3bf:192.168.157.200:39603, 3bf84526-9b1d-4fb3-b5aa-fd4bf9db4807:192.168.157.200:41351], old=null RUNNING
2019-11-13 14:36:08,994 [EventQueue-CloseContainerForCloseContainerEventHandler] INFO  container.CloseContainerEventHandler (CloseContainerEventHandler.java:onMessage(61)) - Close container Event triggered for container : #3
2019-11-13 14:36:08,994 [grpc-default-executor-3] INFO  impl.RaftServerImpl (RaftServerImpl.java:lambda$shutdown$3(250)) - d272b7d2-ec3d-4a91-a8d1-87c7434cd615@group-56B01E94D480: shutdown
2019-11-13 14:36:08,995 [grpc-default-executor-3] INFO  util.JmxRegister (JmxRegister.java:unregister(73)) - Successfully un-registered JMX Bean with object name Ratis:service=RaftServer,group=group-56B01E94D480,id=d272b7d2-ec3d-4a91-a8d1-87c7434cd615
2019-11-13 14:36:08,995 [grpc-default-executor-3] INFO  impl.RoleInfo (RoleInfo.java:shutdownFollowerState(121)) - d272b7d2-ec3d-4a91-a8d1-87c7434cd615: shutdown FollowerState
2019-11-13 14:36:08,995 [grpc-default-executor-3] INFO  impl.StateMachineUpdater (StateMachineUpdater.java:stopAndJoin(136)) - d272b7d2-ec3d-4a91-a8d1-87c7434cd615@group-56B01E94D480-StateMachineUpdater: set stopIndex = 78
2019-11-13 14:36:08,997 [d272b7d2-ec3d-4a91-a8d1-87c7434cd615@group-56B01E94D480-StateMachineUpdater] INFO  ratis.ContainerStateMachine (ContainerStateMachine.java:takeSnapshot(285)) - group-56B01E94D480: Taking a snapshot at:(t:1, i:76) file /workdir/hadoop-ozone/tools/target/test-dir/MiniOzoneClusterImpl-4b23d5b9-0cd4-4e70-8948-e43dc5858374/datanode-1/data/ratis/2bcc9c73-3438-41d9-a351-56b01e94d480/sm/snapshot.1_76
2019-11-13 14:36:08,996 [Thread-235] INFO  impl.FollowerState (FollowerState.java:run(120)) - d272b7d2-ec3d-4a91-a8d1-87c7434cd615@group-56B01E94D480-FollowerState was interrupted: java.lang.InterruptedException: sleep interrupted
2019-11-13 14:36:09,038 [d272b7d2-ec3d-4a91-a8d1-87c7434cd615@group-56B01E94D480-StateMachineUpdater] INFO  ratis.ContainerStateMachine (ContainerStateMachine.java:takeSnapshot(296)) - group-56B01E94D480: Finished taking a snapshot at:(t:1, i:76) file:/workdir/hadoop-ozone/tools/target/test-dir/MiniOzoneClusterImpl-4b23d5b9-0cd4-4e70-8948-e43dc5858374/datanode-1/data/ratis/2bcc9c73-3438-41d9-a351-56b01e94d480/sm/snapshot.1_76 time:42
2019-11-13 14:36:09,040 [d272b7d2-ec3d-4a91-a8d1-87c7434cd615@group-56B01E94D480-StateMachineUpdater] INFO  impl.StateMachineUpdater (StateMachineUpdater.java:takeSnapshot(269)) - d272b7d2-ec3d-4a91-a8d1-87c7434cd615@group-56B01E94D480-StateMachineUpdater: Took a snapshot at index 76
2019-11-13 14:36:09,040 [d272b7d2-ec3d-4a91-a8d1-87c7434cd615@group-56B01E94D480-StateMachineUpdater] INFO  impl.StateMachineUpdater (StateMachineUpdater.java:lambda$new$0(84)) - d272b7d2-ec3d-4a91-a8d1-87c7434cd615@group-56B01E94D480-StateMachineUpdater: snapshotIndex: updateIncreasingly -1 -> 76
2019-11-13 14:36:09,045 [d272b7d2-ec3d-4a91-a8d1-87c7434cd615@group-56B01E94D480-StateMachineUpdater] INFO  ratis.ContainerStateMachine (ContainerStateMachine.java:takeSnapshot(285)) - group-56B01E94D480: Taking a snapshot at:(t:1, i:76) file /workdir/hadoop-ozone/tools/target/test-dir/MiniOzoneClusterImpl-4b23d5b9-0cd4-4e70-8948-e43dc5858374/datanode-1/data/ratis/2bcc9c73-3438-41d9-a351-56b01e94d480/sm/snapshot.1_76
2019-11-13 14:36:09,068 [d272b7d2-ec3d-4a91-a8d1-87c7434cd615@group-56B01E94D480-StateMachineUpdater] INFO  ratis.ContainerStateMachine (ContainerStateMachine.java:takeSnapshot(296)) - group-56B01E94D480: Finished taking a snapshot at:(t:1, i:76) file:/workdir/hadoop-ozone/tools/target/test-dir/MiniOzoneClusterImpl-4b23d5b9-0cd4-4e70-8948-e43dc5858374/datanode-1/data/ratis/2bcc9c73-3438-41d9-a351-56b01e94d480/sm/snapshot.1_76 time:23
2019-11-13 14:36:09,069 [d272b7d2-ec3d-4a91-a8d1-87c7434cd615@group-56B01E94D480-StateMachineUpdater] INFO  impl.StateMachineUpdater (StateMachineUpdater.java:takeSnapshot(269)) - d272b7d2-ec3d-4a91-a8d1-87c7434cd615@group-56B01E94D480-StateMachineUpdater: Took a snapshot at index 76
2019-11-13 14:36:09,069 [d272b7d2-ec3d-4a91-a8d1-87c7434cd615@group-56B01E94D480-StateMachineUpdater] INFO  impl.StateMachineUpdater (StateMachineUpdater.java:lambda$new$0(84)) - d272b7d2-ec3d-4a91-a8d1-87c7434cd615@group-56B01E94D480-StateMachineUpdater: snapshotIndex: updateIncreasingly 76 -> 76
2019-11-13 14:36:09,070 [grpc-default-executor-3] INFO  impl.RaftServerImpl (ServerState.java:close(387)) - d272b7d2-ec3d-4a91-a8d1-87c7434cd615@group-56B01E94D480: closes. applyIndex: 78
2019-11-13 14:36:09,071 [d272b7d2-ec3d-4a91-a8d1-87c7434cd615@group-56B01E94D480-SegmentedRaftLogWorker] INFO  segmented.SegmentedRaftLogWorker (SegmentedRaftLogWorker.java:run(316)) - d272b7d2-ec3d-4a91-a8d1-87c7434cd615@group-56B01E94D480-SegmentedRaftLogWorker was interrupted, exiting. There are 0 tasks remaining in the queue.
2019-11-13 14:36:09,073 [grpc-default-executor-3] INFO  segmented.SegmentedRaftLogWorker (SegmentedRaftLogWorker.java:close(224)) - d272b7d2-ec3d-4a91-a8d1-87c7434cd615@group-56B01E94D480-SegmentedRaftLogWorker close()
2019-11-13 14:36:09,110 [grpc-default-executor-3] INFO  interfaces.Container (KeyValueContainer.java:flushAndSyncDB(400)) - Container 1 is synced with bcsId 60.
2019-11-13 14:36:09,111 [grpc-default-executor-3] INFO  interfaces.Container (KeyValueContainer.java:flushAndSyncDB(400)) - Container 1 is synced with bcsId 60.
2019-11-13 14:36:09,142 [EventQueue-IncrementalContainerReportForIncrementalContainerReportHandler] INFO  container.IncrementalContainerReportHandler (AbstractContainerReportHandler.java:updateContainerState(171)) - Moving container #1 to QUASI_CLOSED state, datanode d272b7d2-ec3d-4a91-a8d1-87c7434cd615{ip: 192.168.157.200, host: pr-hdds-2452-7vw7s-1330541530, networkLocation: /default-rack, certSerialId: null} reported QUASI_CLOSED replica.
2019-11-13 14:36:09,188 [grpc-default-executor-3] INFO  interfaces.Container (KeyValueContainer.java:flushAndSyncDB(400)) - Container 2 is synced with bcsId 76.
2019-11-13 14:36:09,188 [grpc-default-executor-3] INFO  interfaces.Container (KeyValueContainer.java:flushAndSyncDB(400)) - Container 2 is synced with bcsId 76.
2019-11-13 14:36:09,229 [EventQueue-IncrementalContainerReportForIncrementalContainerReportHandler] INFO  container.IncrementalContainerReportHandler (AbstractContainerReportHandler.java:updateContainerState(171)) - Moving container #2 to QUASI_CLOSED state, datanode d272b7d2-ec3d-4a91-a8d1-87c7434cd615{ip: 192.168.157.200, host: pr-hdds-2452-7vw7s-1330541530, networkLocation: /default-rack, certSerialId: null} reported QUASI_CLOSED replica.
2019-11-13 14:36:09,284 [grpc-default-executor-3] INFO  interfaces.Container (KeyValueContainer.java:flushAndSyncDB(400)) - Container 3 is synced with bcsId 44.
2019-11-13 14:36:09,285 [grpc-default-executor-3] INFO  interfaces.Container (KeyValueContainer.java:flushAndSyncDB(400)) - Container 3 is synced with bcsId 44.
2019-11-13 14:36:09,320 [EventQueue-IncrementalContainerReportForIncrementalContainerReportHandler] INFO  container.IncrementalContainerReportHandler (AbstractContainerReportHandler.java:updateContainerState(171)) - Moving container #3 to QUASI_CLOSED state, datanode d272b7d2-ec3d-4a91-a8d1-87c7434cd615{ip: 192.168.157.200, host: pr-hdds-2452-7vw7s-1330541530, networkLocation: /default-rack, certSerialId: null} reported QUASI_CLOSED replica.
2019-11-13 14:36:09,333 [grpc-default-executor-3] INFO  impl.RaftServerProxy (RaftServerProxy.java:remove(95)) - 866e73f8-a49a-481c-a737-3f554da6d3bf: remove    LEADER 866e73f8-a49a-481c-a737-3f554da6d3bf@group-56B01E94D480:t1, leader=866e73f8-a49a-481c-a737-3f554da6d3bf, voted=866e73f8-a49a-481c-a737-3f554da6d3bf, raftlog=866e73f8-a49a-481c-a737-3f554da6d3bf@group-56B01E94D480-SegmentedRaftLog:OPENED:c78,f78,i78, conf=0: [d272b7d2-ec3d-4a91-a8d1-87c7434cd615:192.168.157.200:36074, 866e73f8-a49a-481c-a737-3f554da6d3bf:192.168.157.200:39603, 3bf84526-9b1d-4fb3-b5aa-fd4bf9db4807:192.168.157.200:41351], old=null RUNNING
2019-11-13 14:36:09,333 [grpc-default-executor-3] INFO  impl.RaftServerImpl (RaftServerImpl.java:lambda$shutdown$3(250)) - 866e73f8-a49a-481c-a737-3f554da6d3bf@group-56B01E94D480: shutdown
2019-11-13 14:36:09,334 [grpc-default-executor-3] INFO  util.JmxRegister (JmxRegister.java:unregister(73)) - Successfully un-registered JMX Bean with object name Ratis:service=RaftServer,group=group-56B01E94D480,id=866e73f8-a49a-481c-a737-3f554da6d3bf
2019-11-13 14:36:09,334 [grpc-default-executor-3] INFO  impl.RoleInfo (RoleInfo.java:shutdownLeaderState(104)) - 866e73f8-a49a-481c-a737-3f554da6d3bf: shutdown LeaderState
2019-11-13 14:36:09,337 [grpc-default-executor-3] INFO  impl.PendingRequests (PendingRequests.java:sendNotLeaderResponses(206)) - 866e73f8-a49a-481c-a737-3f554da6d3bf@group-56B01E94D480-PendingRequests: sendNotLeaderResponses
2019-11-13 14:36:09,337 [org.apache.ratis.server.impl.LogAppender$AppenderDaemon$$Lambda$482/388525993@25962b52] WARN  server.GrpcLogAppender (GrpcLogAppender.java:mayWait(151)) - 866e73f8-a49a-481c-a737-3f554da6d3bf@group-56B01E94D480->d272b7d2-ec3d-4a91-a8d1-87c7434cd615-GrpcLogAppender: Wait interrupted by java.lang.InterruptedException
2019-11-13 14:36:09,337 [org.apache.ratis.server.impl.LogAppender$AppenderDaemon$$Lambda$482/388525993@140f72f] WARN  server.GrpcLogAppender (GrpcLogAppender.java:mayWait(151)) - 866e73f8-a49a-481c-a737-3f554da6d3bf@group-56B01E94D480->3bf84526-9b1d-4fb3-b5aa-fd4bf9db4807-GrpcLogAppender: Wait interrupted by java.lang.InterruptedException
2019-11-13 14:36:09,340 [grpc-default-executor-3] INFO  impl.StateMachineUpdater (StateMachineUpdater.java:stopAndJoin(136)) - 866e73f8-a49a-481c-a737-3f554da6d3bf@group-56B01E94D480-StateMachineUpdater: set stopIndex = 78
2019-11-13 14:36:09,341 [866e73f8-a49a-481c-a737-3f554da6d3bf@group-56B01E94D480-StateMachineUpdater] INFO  ratis.ContainerStateMachine (ContainerStateMachine.java:takeSnapshot(285)) - group-56B01E94D480: Taking a snapshot at:(t:1, i:76) file /workdir/hadoop-ozone/tools/target/test-dir/MiniOzoneClusterImpl-4b23d5b9-0cd4-4e70-8948-e43dc5858374/datanode-2/data/ratis/2bcc9c73-3438-41d9-a351-56b01e94d480/sm/snapshot.1_76
2019-11-13 14:36:09,341 [grpc-default-executor-0] INFO  server.GrpcServerProtocolService (GrpcServerProtocolService.java:onCompleted(113)) - 3bf84526-9b1d-4fb3-b5aa-fd4bf9db4807: Completed APPEND_ENTRIES, lastRequest: 866e73f8-a49a-481c-a737-3f554da6d3bf->3bf84526-9b1d-4fb3-b5aa-fd4bf9db4807#83-t1, previous=(t:1, i:78), leaderCommit=78, initializing? false, entries: <empty>
2019-11-13 14:36:09,341 [grpc-default-executor-2] INFO  server.GrpcServerProtocolService (GrpcServerProtocolService.java:onCompleted(113)) - d272b7d2-ec3d-4a91-a8d1-87c7434cd615: Completed APPEND_ENTRIES, lastRequest: 866e73f8-a49a-481c-a737-3f554da6d3bf->d272b7d2-ec3d-4a91-a8d1-87c7434cd615#83-t1, previous=(t:1, i:78), leaderCommit=78, initializing? false, entries: <empty>
2019-11-13 14:36:09,343 [grpc-default-executor-2] INFO  server.GrpcLogAppender (GrpcLogAppender.java:onCompleted(308)) - 866e73f8-a49a-481c-a737-3f554da6d3bf@group-56B01E94D480->3bf84526-9b1d-4fb3-b5aa-fd4bf9db4807-AppendLogResponseHandler: follower responses appendEntries COMPLETED
2019-11-13 14:36:09,344 [grpc-default-executor-0] INFO  server.GrpcLogAppender (GrpcLogAppender.java:onCompleted(308)) - 866e73f8-a49a-481c-a737-3f554da6d3bf@group-56B01E94D480->d272b7d2-ec3d-4a91-a8d1-87c7434cd615-AppendLogResponseHandler: follower responses appendEntries COMPLETED
2019-11-13 14:36:09,347 [grpc-default-executor-2] INFO  impl.FollowerInfo (FollowerInfo.java:lambda$new$0(51)) - 866e73f8-a49a-481c-a737-3f554da6d3bf@group-56B01E94D480->3bf84526-9b1d-4fb3-b5aa-fd4bf9db4807: nextIndex: updateUnconditionally 79 -> 78
2019-11-13 14:36:09,347 [grpc-default-executor-0] INFO  impl.FollowerInfo (FollowerInfo.java:lambda$new$0(51)) - 866e73f8-a49a-481c-a737-3f554da6d3bf@group-56B01E94D480->d272b7d2-ec3d-4a91-a8d1-87c7434cd615: nextIndex: updateUnconditionally 79 -> 78
2019-11-13 14:36:09,368 [866e73f8-a49a-481c-a737-3f554da6d3bf@group-56B01E94D480-StateMachineUpdater] INFO  ratis.ContainerStateMachine (ContainerStateMachine.java:takeSnapshot(296)) - group-56B01E94D480: Finished taking a snapshot at:(t:1, i:76) file:/workdir/hadoop-ozone/tools/target/test-dir/MiniOzoneClusterImpl-4b23d5b9-0cd4-4e70-8948-e43dc5858374/datanode-2/data/ratis/2bcc9c73-3438-41d9-a351-56b01e94d480/sm/snapshot.1_76 time:28
2019-11-13 14:36:09,369 [866e73f8-a49a-481c-a737-3f554da6d3bf@group-56B01E94D480-StateMachineUpdater] INFO  impl.StateMachineUpdater (StateMachineUpdater.java:takeSnapshot(269)) - 866e73f8-a49a-481c-a737-3f554da6d3bf@group-56B01E94D480-StateMachineUpdater: Took a snapshot at index 76
2019-11-13 14:36:09,369 [866e73f8-a49a-481c-a737-3f554da6d3bf@group-56B01E94D480-StateMachineUpdater] INFO  impl.StateMachineUpdater (StateMachineUpdater.java:lambda$new$0(84)) - 866e73f8-a49a-481c-a737-3f554da6d3bf@group-56B01E94D480-StateMachineUpdater: snapshotIndex: updateIncreasingly -1 -> 76
2019-11-13 14:36:09,369 [866e73f8-a49a-481c-a737-3f554da6d3bf@group-56B01E94D480-StateMachineUpdater] INFO  ratis.ContainerStateMachine (ContainerStateMachine.java:takeSnapshot(285)) - group-56B01E94D480: Taking a snapshot at:(t:1, i:76) file /workdir/hadoop-ozone/tools/target/test-dir/MiniOzoneClusterImpl-4b23d5b9-0cd4-4e70-8948-e43dc5858374/datanode-2/data/ratis/2bcc9c73-3438-41d9-a351-56b01e94d480/sm/snapshot.1_76
2019-11-13 14:36:09,419 [866e73f8-a49a-481c-a737-3f554da6d3bf@group-56B01E94D480-StateMachineUpdater] INFO  ratis.ContainerStateMachine (ContainerStateMachine.java:takeSnapshot(296)) - group-56B01E94D480: Finished taking a snapshot at:(t:1, i:76) file:/workdir/hadoop-ozone/tools/target/test-dir/MiniOzoneClusterImpl-4b23d5b9-0cd4-4e70-8948-e43dc5858374/datanode-2/data/ratis/2bcc9c73-3438-41d9-a351-56b01e94d480/sm/snapshot.1_76 time:49
2019-11-13 14:36:09,419 [866e73f8-a49a-481c-a737-3f554da6d3bf@group-56B01E94D480-StateMachineUpdater] INFO  impl.StateMachineUpdater (StateMachineUpdater.java:takeSnapshot(269)) - 866e73f8-a49a-481c-a737-3f554da6d3bf@group-56B01E94D480-StateMachineUpdater: Took a snapshot at index 76
2019-11-13 14:36:09,419 [866e73f8-a49a-481c-a737-3f554da6d3bf@group-56B01E94D480-StateMachineUpdater] INFO  impl.StateMachineUpdater (StateMachineUpdater.java:lambda$new$0(84)) - 866e73f8-a49a-481c-a737-3f554da6d3bf@group-56B01E94D480-StateMachineUpdater: snapshotIndex: updateIncreasingly 76 -> 76
2019-11-13 14:36:09,420 [grpc-default-executor-3] INFO  impl.RaftServerImpl (ServerState.java:close(387)) - 866e73f8-a49a-481c-a737-3f554da6d3bf@group-56B01E94D480: closes. applyIndex: 78
2019-11-13 14:36:09,421 [866e73f8-a49a-481c-a737-3f554da6d3bf@group-56B01E94D480-SegmentedRaftLogWorker] INFO  segmented.SegmentedRaftLogWorker (SegmentedRaftLogWorker.java:run(316)) - 866e73f8-a49a-481c-a737-3f554da6d3bf@group-56B01E94D480-SegmentedRaftLogWorker was interrupted, exiting. There are 0 tasks remaining in the queue.
2019-11-13 14:36:09,422 [grpc-default-executor-3] INFO  segmented.SegmentedRaftLogWorker (SegmentedRaftLogWorker.java:close(224)) - 866e73f8-a49a-481c-a737-3f554da6d3bf@group-56B01E94D480-SegmentedRaftLogWorker close()
2019-11-13 14:36:09,478 [grpc-default-executor-3] INFO  interfaces.Container (KeyValueContainer.java:flushAndSyncDB(400)) - Container 1 is synced with bcsId 60.
2019-11-13 14:36:09,478 [grpc-default-executor-3] INFO  interfaces.Container (KeyValueContainer.java:flushAndSyncDB(400)) - Container 1 is synced with bcsId 60.
2019-11-13 14:36:09,554 [grpc-default-executor-3] INFO  interfaces.Container (KeyValueContainer.java:flushAndSyncDB(400)) - Container 2 is synced with bcsId 76.
2019-11-13 14:36:09,554 [grpc-default-executor-3] INFO  interfaces.Container (KeyValueContainer.java:flushAndSyncDB(400)) - Container 2 is synced with bcsId 76.
2019-11-13 14:36:09,630 [grpc-default-executor-3] INFO  interfaces.Container (KeyValueContainer.java:flushAndSyncDB(400)) - Container 3 is synced with bcsId 44.
2019-11-13 14:36:09,630 [grpc-default-executor-3] INFO  interfaces.Container (KeyValueContainer.java:flushAndSyncDB(400)) - Container 3 is synced with bcsId 44.
2019-11-13 14:36:09,691 [grpc-default-executor-3] INFO  impl.RaftServerProxy (RaftServerProxy.java:remove(95)) - 3bf84526-9b1d-4fb3-b5aa-fd4bf9db4807: remove  FOLLOWER 3bf84526-9b1d-4fb3-b5aa-fd4bf9db4807@group-56B01E94D480:t1, leader=866e73f8-a49a-481c-a737-3f554da6d3bf, voted=866e73f8-a49a-481c-a737-3f554da6d3bf, raftlog=3bf84526-9b1d-4fb3-b5aa-fd4bf9db4807@group-56B01E94D480-SegmentedRaftLog:OPENED:c78,f78,i78, conf=0: [d272b7d2-ec3d-4a91-a8d1-87c7434cd615:192.168.157.200:36074, 866e73f8-a49a-481c-a737-3f554da6d3bf:192.168.157.200:39603, 3bf84526-9b1d-4fb3-b5aa-fd4bf9db4807:192.168.157.200:41351], old=null RUNNING
2019-11-13 14:36:09,692 [grpc-default-executor-3] INFO  impl.RaftServerImpl (RaftServerImpl.java:lambda$shutdown$3(250)) - 3bf84526-9b1d-4fb3-b5aa-fd4bf9db4807@group-56B01E94D480: shutdown
2019-11-13 14:36:09,692 [grpc-default-executor-3] INFO  util.JmxRegister (JmxRegister.java:unregister(73)) - Successfully un-registered JMX Bean with object name Ratis:service=RaftServer,group=group-56B01E94D480,id=3bf84526-9b1d-4fb3-b5aa-fd4bf9db4807
2019-11-13 14:36:09,692 [grpc-default-executor-3] INFO  impl.RoleInfo (RoleInfo.java:shutdownFollowerState(121)) - 3bf84526-9b1d-4fb3-b5aa-fd4bf9db4807: shutdown FollowerState
2019-11-13 14:36:09,692 [grpc-default-executor-3] INFO  impl.StateMachineUpdater (StateMachineUpdater.java:stopAndJoin(136)) - 3bf84526-9b1d-4fb3-b5aa-fd4bf9db4807@group-56B01E94D480-StateMachineUpdater: set stopIndex = 78
2019-11-13 14:36:09,693 [3bf84526-9b1d-4fb3-b5aa-fd4bf9db4807@group-56B01E94D480-StateMachineUpdater] INFO  ratis.ContainerStateMachine (ContainerStateMachine.java:takeSnapshot(285)) - group-56B01E94D480: Taking a snapshot at:(t:1, i:76) file /workdir/hadoop-ozone/tools/target/test-dir/MiniOzoneClusterImpl-4b23d5b9-0cd4-4e70-8948-e43dc5858374/datanode-0/data/ratis/2bcc9c73-3438-41d9-a351-56b01e94d480/sm/snapshot.1_76
2019-11-13 14:36:09,693 [Thread-232] INFO  impl.FollowerState (FollowerState.java:run(120)) - 3bf84526-9b1d-4fb3-b5aa-fd4bf9db4807@group-56B01E94D480-FollowerState was interrupted: java.lang.InterruptedException: sleep interrupted
2019-11-13 14:36:09,805 [3bf84526-9b1d-4fb3-b5aa-fd4bf9db4807@group-56B01E94D480-StateMachineUpdater] INFO  ratis.ContainerStateMachine (ContainerStateMachine.java:takeSnapshot(296)) - group-56B01E94D480: Finished taking a snapshot at:(t:1, i:76) file:/workdir/hadoop-ozone/tools/target/test-dir/MiniOzoneClusterImpl-4b23d5b9-0cd4-4e70-8948-e43dc5858374/datanode-0/data/ratis/2bcc9c73-3438-41d9-a351-56b01e94d480/sm/snapshot.1_76 time:113
2019-11-13 14:36:09,806 [3bf84526-9b1d-4fb3-b5aa-fd4bf9db4807@group-56B01E94D480-StateMachineUpdater] INFO  impl.StateMachineUpdater (StateMachineUpdater.java:takeSnapshot(269)) - 3bf84526-9b1d-4fb3-b5aa-fd4bf9db4807@group-56B01E94D480-StateMachineUpdater: Took a snapshot at index 76
2019-11-13 14:36:09,806 [3bf84526-9b1d-4fb3-b5aa-fd4bf9db4807@group-56B01E94D480-StateMachineUpdater] INFO  impl.StateMachineUpdater (StateMachineUpdater.java:lambda$new$0(84)) - 3bf84526-9b1d-4fb3-b5aa-fd4bf9db4807@group-56B01E94D480-StateMachineUpdater: snapshotIndex: updateIncreasingly -1 -> 76
2019-11-13 14:36:09,807 [3bf84526-9b1d-4fb3-b5aa-fd4bf9db4807@group-56B01E94D480-StateMachineUpdater] INFO  ratis.ContainerStateMachine (ContainerStateMachine.java:takeSnapshot(285)) - group-56B01E94D480: Taking a snapshot at:(t:1, i:76) file /workdir/hadoop-ozone/tools/target/test-dir/MiniOzoneClusterImpl-4b23d5b9-0cd4-4e70-8948-e43dc5858374/datanode-0/data/ratis/2bcc9c73-3438-41d9-a351-56b01e94d480/sm/snapshot.1_76
2019-11-13 14:36:10,131 [3bf84526-9b1d-4fb3-b5aa-fd4bf9db4807@group-56B01E94D480-StateMachineUpdater] INFO  ratis.ContainerStateMachine (ContainerStateMachine.java:takeSnapshot(296)) - group-56B01E94D480: Finished taking a snapshot at:(t:1, i:76) file:/workdir/hadoop-ozone/tools/target/test-dir/MiniOzoneClusterImpl-4b23d5b9-0cd4-4e70-8948-e43dc5858374/datanode-0/data/ratis/2bcc9c73-3438-41d9-a351-56b01e94d480/sm/snapshot.1_76 time:324
2019-11-13 14:36:10,131 [3bf84526-9b1d-4fb3-b5aa-fd4bf9db4807@group-56B01E94D480-StateMachineUpdater] INFO  impl.StateMachineUpdater (StateMachineUpdater.java:takeSnapshot(269)) - 3bf84526-9b1d-4fb3-b5aa-fd4bf9db4807@group-56B01E94D480-StateMachineUpdater: Took a snapshot at index 76
2019-11-13 14:36:10,131 [3bf84526-9b1d-4fb3-b5aa-fd4bf9db4807@group-56B01E94D480-StateMachineUpdater] INFO  impl.StateMachineUpdater (StateMachineUpdater.java:lambda$new$0(84)) - 3bf84526-9b1d-4fb3-b5aa-fd4bf9db4807@group-56B01E94D480-StateMachineUpdater: snapshotIndex: updateIncreasingly 76 -> 76
2019-11-13 14:36:10,132 [grpc-default-executor-3] INFO  impl.RaftServerImpl (ServerState.java:close(387)) - 3bf84526-9b1d-4fb3-b5aa-fd4bf9db4807@group-56B01E94D480: closes. applyIndex: 78
2019-11-13 14:36:10,133 [3bf84526-9b1d-4fb3-b5aa-fd4bf9db4807@group-56B01E94D480-SegmentedRaftLogWorker] INFO  segmented.SegmentedRaftLogWorker (SegmentedRaftLogWorker.java:run(316)) - 3bf84526-9b1d-4fb3-b5aa-fd4bf9db4807@group-56B01E94D480-SegmentedRaftLogWorker was interrupted, exiting. There are 0 tasks remaining in the queue.
2019-11-13 14:36:10,134 [grpc-default-executor-3] INFO  segmented.SegmentedRaftLogWorker (SegmentedRaftLogWorker.java:close(224)) - 3bf84526-9b1d-4fb3-b5aa-fd4bf9db4807@group-56B01E94D480-SegmentedRaftLogWorker close()
2019-11-13 14:36:10,168 [grpc-default-executor-3] INFO  interfaces.Container (KeyValueContainer.java:flushAndSyncDB(400)) - Container 1 is synced with bcsId 60.
2019-11-13 14:36:10,168 [grpc-default-executor-3] INFO  interfaces.Container (KeyValueContainer.java:flushAndSyncDB(400)) - Container 1 is synced with bcsId 60.
2019-11-13 14:36:10,231 [grpc-default-executor-3] INFO  interfaces.Container (KeyValueContainer.java:flushAndSyncDB(400)) - Container 2 is synced with bcsId 76.
2019-11-13 14:36:10,232 [grpc-default-executor-3] INFO  interfaces.Container (KeyValueContainer.java:flushAndSyncDB(400)) - Container 2 is synced with bcsId 76.
2019-11-13 14:36:10,311 [grpc-default-executor-3] INFO  interfaces.Container (KeyValueContainer.java:flushAndSyncDB(400)) - Container 3 is synced with bcsId 44.
2019-11-13 14:36:10,311 [grpc-default-executor-3] INFO  interfaces.Container (KeyValueContainer.java:flushAndSyncDB(400)) - Container 3 is synced with bcsId 44.
2019-11-13 14:36:10,341 [main] INFO  pipeline.PipelineStateManager (PipelineStateManager.java:removePipeline(106)) - Pipeline Pipeline[ Id: 2bcc9c73-3438-41d9-a351-56b01e94d480, Nodes: d272b7d2-ec3d-4a91-a8d1-87c7434cd615{ip: 192.168.157.200, host: pr-hdds-2452-7vw7s-1330541530, networkLocation: /default-rack, certSerialId: null}866e73f8-a49a-481c-a737-3f554da6d3bf{ip: 192.168.157.200, host: pr-hdds-2452-7vw7s-1330541530, networkLocation: /default-rack, certSerialId: null}3bf84526-9b1d-4fb3-b5aa-fd4bf9db4807{ip: 192.168.157.200, host: pr-hdds-2452-7vw7s-1330541530, networkLocation: /default-rack, certSerialId: null}, Type:RATIS, Factor:THREE, State:CLOSED] removed from db
2019-11-13 14:36:10,357 [grpc-default-executor-0] INFO  impl.RaftServerProxy (RaftServerProxy.java:addNew(89)) - 866e73f8-a49a-481c-a737-3f554da6d3bf: addNew group-5EB55B0DB08A:[d272b7d2-ec3d-4a91-a8d1-87c7434cd615:192.168.157.200:36074, 866e73f8-a49a-481c-a737-3f554da6d3bf:192.168.157.200:39603, 3bf84526-9b1d-4fb3-b5aa-fd4bf9db4807:192.168.157.200:41351] returns group-5EB55B0DB08A:java.util.concurrent.CompletableFuture@6d2de66e[Not completed]
2019-11-13 14:36:10,357 [grpc-default-executor-2] INFO  impl.RaftServerProxy (RaftServerProxy.java:addNew(89)) - d272b7d2-ec3d-4a91-a8d1-87c7434cd615: addNew group-5EB55B0DB08A:[d272b7d2-ec3d-4a91-a8d1-87c7434cd615:192.168.157.200:36074, 866e73f8-a49a-481c-a737-3f554da6d3bf:192.168.157.200:39603, 3bf84526-9b1d-4fb3-b5aa-fd4bf9db4807:192.168.157.200:41351] returns group-5EB55B0DB08A:java.util.concurrent.CompletableFuture@21b86ea3[Not completed]
2019-11-13 14:36:10,360 [grpc-default-executor-0] INFO  impl.RaftServerProxy (RaftServerProxy.java:addNew(89)) - 3bf84526-9b1d-4fb3-b5aa-fd4bf9db4807: addNew group-5EB55B0DB08A:[d272b7d2-ec3d-4a91-a8d1-87c7434cd615:192.168.157.200:36074, 866e73f8-a49a-481c-a737-3f554da6d3bf:192.168.157.200:39603, 3bf84526-9b1d-4fb3-b5aa-fd4bf9db4807:192.168.157.200:41351] returns group-5EB55B0DB08A:java.util.concurrent.CompletableFuture@66cd5063[Not completed]
2019-11-13 14:36:10,362 [pool-47-thread-1] INFO  impl.RaftServerImpl (RaftServerImpl.java:<init>(98)) - 866e73f8-a49a-481c-a737-3f554da6d3bf: new RaftServerImpl for group-5EB55B0DB08A:[d272b7d2-ec3d-4a91-a8d1-87c7434cd615:192.168.157.200:36074, 866e73f8-a49a-481c-a737-3f554da6d3bf:192.168.157.200:39603, 3bf84526-9b1d-4fb3-b5aa-fd4bf9db4807:192.168.157.200:41351] with ContainerStateMachine:uninitialized
2019-11-13 14:36:10,363 [pool-47-thread-1] INFO  server.RaftServerConfigKeys (ConfUtils.java:logGet(43)) - raft.server.rpc.timeout.min = 5s (custom)
2019-11-13 14:36:10,363 [pool-47-thread-1] INFO  server.RaftServerConfigKeys (ConfUtils.java:logGet(43)) - raft.server.rpc.timeout.max = 5200ms (custom)
2019-11-13 14:36:10,363 [pool-47-thread-1] INFO  server.RaftServerConfigKeys (ConfUtils.java:logGet(43)) - raft.server.rpcslowness.timeout = 120s (custom)
2019-11-13 14:36:10,363 [pool-47-thread-1] INFO  server.RaftServerConfigKeys (ConfUtils.java:logGet(43)) - raft.server.sleep.deviation.threshold = 300 (default)
2019-11-13 14:36:10,363 [pool-47-thread-1] INFO  server.RaftServerConfigKeys (ConfUtils.java:logGet(43)) - raft.server.log.appender.install.snapshot.enabled = false (custom)
2019-11-13 14:36:10,364 [pool-47-thread-1] INFO  impl.RaftServerImpl (ServerState.java:<init>(103)) - 866e73f8-a49a-481c-a737-3f554da6d3bf@group-5EB55B0DB08A: ConfigurationManager, init=-1: [d272b7d2-ec3d-4a91-a8d1-87c7434cd615:192.168.157.200:36074, 866e73f8-a49a-481c-a737-3f554da6d3bf:192.168.157.200:39603, 3bf84526-9b1d-4fb3-b5aa-fd4bf9db4807:192.168.157.200:41351], old=null, confs=<EMPTY_MAP>
2019-11-13 14:36:10,365 [pool-47-thread-1] INFO  server.RaftServerConfigKeys (ConfUtils.java:logGet(43)) - raft.server.storage.dir = [/workdir/hadoop-ozone/tools/target/test-dir/MiniOzoneClusterImpl-4b23d5b9-0cd4-4e70-8948-e43dc5858374/datanode-2/data/ratis] (custom)
2019-11-13 14:36:10,365 [pool-27-thread-1] INFO  impl.RaftServerImpl (RaftServerImpl.java:<init>(98)) - 3bf84526-9b1d-4fb3-b5aa-fd4bf9db4807: new RaftServerImpl for group-5EB55B0DB08A:[d272b7d2-ec3d-4a91-a8d1-87c7434cd615:192.168.157.200:36074, 866e73f8-a49a-481c-a737-3f554da6d3bf:192.168.157.200:39603, 3bf84526-9b1d-4fb3-b5aa-fd4bf9db4807:192.168.157.200:41351] with ContainerStateMachine:uninitialized
2019-11-13 14:36:10,365 [pool-27-thread-1] INFO  server.RaftServerConfigKeys (ConfUtils.java:logGet(43)) - raft.server.rpc.timeout.min = 5s (custom)
2019-11-13 14:36:10,365 [pool-47-thread-1] INFO  server.RaftServerConfigKeys (ConfUtils.java:logGet(43)) - raft.server.log.corruption.policy = EXCEPTION (default)
2019-11-13 14:36:10,365 [pool-27-thread-1] INFO  server.RaftServerConfigKeys (ConfUtils.java:logGet(43)) - raft.server.rpc.timeout.max = 5200ms (custom)
2019-11-13 14:36:10,366 [pool-47-thread-1] INFO  storage.RaftStorageDirectory (RaftStorageDirectory.java:analyzeStorage(246)) - The storage directory /workdir/hadoop-ozone/tools/target/test-dir/MiniOzoneClusterImpl-4b23d5b9-0cd4-4e70-8948-e43dc5858374/datanode-2/data/ratis/a061bbc9-8377-4bf4-a0c5-5eb55b0db08a does not exist. Creating ...
2019-11-13 14:36:10,366 [pool-27-thread-1] INFO  server.RaftServerConfigKeys (ConfUtils.java:logGet(43)) - raft.server.rpcslowness.timeout = 120s (custom)
2019-11-13 14:36:10,366 [pool-27-thread-1] INFO  server.RaftServerConfigKeys (ConfUtils.java:logGet(43)) - raft.server.sleep.deviation.threshold = 300 (default)
2019-11-13 14:36:10,366 [pool-37-thread-1] INFO  impl.RaftServerImpl (RaftServerImpl.java:<init>(98)) - d272b7d2-ec3d-4a91-a8d1-87c7434cd615: new RaftServerImpl for group-5EB55B0DB08A:[d272b7d2-ec3d-4a91-a8d1-87c7434cd615:192.168.157.200:36074, 866e73f8-a49a-481c-a737-3f554da6d3bf:192.168.157.200:39603, 3bf84526-9b1d-4fb3-b5aa-fd4bf9db4807:192.168.157.200:41351] with ContainerStateMachine:uninitialized
2019-11-13 14:36:10,366 [pool-27-thread-1] INFO  server.RaftServerConfigKeys (ConfUtils.java:logGet(43)) - raft.server.log.appender.install.snapshot.enabled = false (custom)
2019-11-13 14:36:10,366 [pool-37-thread-1] INFO  server.RaftServerConfigKeys (ConfUtils.java:logGet(43)) - raft.server.rpc.timeout.min = 5s (custom)
2019-11-13 14:36:10,366 [pool-27-thread-1] INFO  impl.RaftServerImpl (ServerState.java:<init>(103)) - 3bf84526-9b1d-4fb3-b5aa-fd4bf9db4807@group-5EB55B0DB08A: ConfigurationManager, init=-1: [d272b7d2-ec3d-4a91-a8d1-87c7434cd615:192.168.157.200:36074, 866e73f8-a49a-481c-a737-3f554da6d3bf:192.168.157.200:39603, 3bf84526-9b1d-4fb3-b5aa-fd4bf9db4807:192.168.157.200:41351], old=null, confs=<EMPTY_MAP>
2019-11-13 14:36:10,366 [pool-37-thread-1] INFO  server.RaftServerConfigKeys (ConfUtils.java:logGet(43)) - raft.server.rpc.timeout.max = 5200ms (custom)
2019-11-13 14:36:10,367 [pool-27-thread-1] INFO  server.RaftServerConfigKeys (ConfUtils.java:logGet(43)) - raft.server.storage.dir = [/workdir/hadoop-ozone/tools/target/test-dir/MiniOzoneClusterImpl-4b23d5b9-0cd4-4e70-8948-e43dc5858374/datanode-0/data/ratis] (custom)
2019-11-13 14:36:10,367 [pool-37-thread-1] INFO  server.RaftServerConfigKeys (ConfUtils.java:logGet(43)) - raft.server.rpcslowness.timeout = 120s (custom)
2019-11-13 14:36:10,367 [pool-37-thread-1] INFO  server.RaftServerConfigKeys (ConfUtils.java:logGet(43)) - raft.server.sleep.deviation.threshold = 300 (default)
2019-11-13 14:36:10,367 [pool-27-thread-1] INFO  server.RaftServerConfigKeys (ConfUtils.java:logGet(43)) - raft.server.log.corruption.policy = EXCEPTION (default)
2019-11-13 14:36:10,367 [pool-37-thread-1] INFO  server.RaftServerConfigKeys (ConfUtils.java:logGet(43)) - raft.server.log.appender.install.snapshot.enabled = false (custom)
2019-11-13 14:36:10,367 [pool-37-thread-1] INFO  impl.RaftServerImpl (ServerState.java:<init>(103)) - d272b7d2-ec3d-4a91-a8d1-87c7434cd615@group-5EB55B0DB08A: ConfigurationManager, init=-1: [d272b7d2-ec3d-4a91-a8d1-87c7434cd615:192.168.157.200:36074, 866e73f8-a49a-481c-a737-3f554da6d3bf:192.168.157.200:39603, 3bf84526-9b1d-4fb3-b5aa-fd4bf9db4807:192.168.157.200:41351], old=null, confs=<EMPTY_MAP>
2019-11-13 14:36:10,367 [pool-27-thread-1] INFO  storage.RaftStorageDirectory (RaftStorageDirectory.java:analyzeStorage(246)) - The storage directory /workdir/hadoop-ozone/tools/target/test-dir/MiniOzoneClusterImpl-4b23d5b9-0cd4-4e70-8948-e43dc5858374/datanode-0/data/ratis/a061bbc9-8377-4bf4-a0c5-5eb55b0db08a does not exist. Creating ...
2019-11-13 14:36:10,367 [pool-37-thread-1] INFO  server.RaftServerConfigKeys (ConfUtils.java:logGet(43)) - raft.server.storage.dir = [/workdir/hadoop-ozone/tools/target/test-dir/MiniOzoneClusterImpl-4b23d5b9-0cd4-4e70-8948-e43dc5858374/datanode-1/data/ratis] (custom)
2019-11-13 14:36:10,368 [pool-37-thread-1] INFO  server.RaftServerConfigKeys (ConfUtils.java:logGet(43)) - raft.server.log.corruption.policy = EXCEPTION (default)
2019-11-13 14:36:10,368 [pool-37-thread-1] INFO  storage.RaftStorageDirectory (RaftStorageDirectory.java:analyzeStorage(246)) - The storage directory /workdir/hadoop-ozone/tools/target/test-dir/MiniOzoneClusterImpl-4b23d5b9-0cd4-4e70-8948-e43dc5858374/datanode-1/data/ratis/a061bbc9-8377-4bf4-a0c5-5eb55b0db08a does not exist. Creating ...
2019-11-13 14:36:10,395 [pool-27-thread-1] INFO  storage.RaftStorageDirectory (RaftStorageDirectory.java:tryLock(328)) - Lock on /workdir/hadoop-ozone/tools/target/test-dir/MiniOzoneClusterImpl-4b23d5b9-0cd4-4e70-8948-e43dc5858374/datanode-0/data/ratis/a061bbc9-8377-4bf4-a0c5-5eb55b0db08a/in_use.lock acquired by nodename 9673@pr-hdds-2452-7vw7s-1330541530
2019-11-13 14:36:10,395 [pool-37-thread-1] INFO  storage.RaftStorageDirectory (RaftStorageDirectory.java:tryLock(328)) - Lock on /workdir/hadoop-ozone/tools/target/test-dir/MiniOzoneClusterImpl-4b23d5b9-0cd4-4e70-8948-e43dc5858374/datanode-1/data/ratis/a061bbc9-8377-4bf4-a0c5-5eb55b0db08a/in_use.lock acquired by nodename 9673@pr-hdds-2452-7vw7s-1330541530
2019-11-13 14:36:10,395 [pool-47-thread-1] INFO  storage.RaftStorageDirectory (RaftStorageDirectory.java:tryLock(328)) - Lock on /workdir/hadoop-ozone/tools/target/test-dir/MiniOzoneClusterImpl-4b23d5b9-0cd4-4e70-8948-e43dc5858374/datanode-2/data/ratis/a061bbc9-8377-4bf4-a0c5-5eb55b0db08a/in_use.lock acquired by nodename 9673@pr-hdds-2452-7vw7s-1330541530
2019-11-13 14:36:10,421 [pool-27-thread-1] INFO  storage.RaftStorage (RaftStorage.java:format(84)) - Storage directory /workdir/hadoop-ozone/tools/target/test-dir/MiniOzoneClusterImpl-4b23d5b9-0cd4-4e70-8948-e43dc5858374/datanode-0/data/ratis/a061bbc9-8377-4bf4-a0c5-5eb55b0db08a has been successfully formatted.
2019-11-13 14:36:10,421 [pool-37-thread-1] INFO  storage.RaftStorage (RaftStorage.java:format(84)) - Storage directory /workdir/hadoop-ozone/tools/target/test-dir/MiniOzoneClusterImpl-4b23d5b9-0cd4-4e70-8948-e43dc5858374/datanode-1/data/ratis/a061bbc9-8377-4bf4-a0c5-5eb55b0db08a has been successfully formatted.
2019-11-13 14:36:10,421 [pool-47-thread-1] INFO  storage.RaftStorage (RaftStorage.java:format(84)) - Storage directory /workdir/hadoop-ozone/tools/target/test-dir/MiniOzoneClusterImpl-4b23d5b9-0cd4-4e70-8948-e43dc5858374/datanode-2/data/ratis/a061bbc9-8377-4bf4-a0c5-5eb55b0db08a has been successfully formatted.
2019-11-13 14:36:10,421 [pool-27-thread-1] INFO  ratis.ContainerStateMachine (ContainerStateMachine.java:loadSnapshot(223)) - group-5EB55B0DB08A: The snapshot info is null. Setting the last applied indexto:(t:0, i:~)
2019-11-13 14:36:10,421 [pool-37-thread-1] INFO  ratis.ContainerStateMachine (ContainerStateMachine.java:loadSnapshot(223)) - group-5EB55B0DB08A: The snapshot info is null. Setting the last applied indexto:(t:0, i:~)
2019-11-13 14:36:10,421 [pool-47-thread-1] INFO  ratis.ContainerStateMachine (ContainerStateMachine.java:loadSnapshot(223)) - group-5EB55B0DB08A: The snapshot info is null. Setting the last applied indexto:(t:0, i:~)
2019-11-13 14:36:10,421 [pool-27-thread-1] INFO  server.RaftServerConfigKeys (ConfUtils.java:logGet(43)) - raft.server.notification.no-leader.timeout = 120s (custom)
2019-11-13 14:36:10,422 [pool-47-thread-1] INFO  server.RaftServerConfigKeys (ConfUtils.java:logGet(43)) - raft.server.notification.no-leader.timeout = 120s (custom)
2019-11-13 14:36:10,422 [pool-37-thread-1] INFO  server.RaftServerConfigKeys (ConfUtils.java:logGet(43)) - raft.server.notification.no-leader.timeout = 120s (custom)
2019-11-13 14:36:10,422 [pool-47-thread-1] INFO  server.RaftServerConfigKeys (ConfUtils.java:logGet(43)) - raft.server.log.use.memory = false (default)
2019-11-13 14:36:10,422 [pool-27-thread-1] INFO  server.RaftServerConfigKeys (ConfUtils.java:logGet(43)) - raft.server.log.use.memory = false (default)
2019-11-13 14:36:10,422 [pool-37-thread-1] INFO  server.RaftServerConfigKeys (ConfUtils.java:logGet(43)) - raft.server.log.use.memory = false (default)
2019-11-13 14:36:10,422 [pool-47-thread-1] INFO  server.RaftServerConfigKeys (ConfUtils.java:logGet(43)) - raft.server.log.purge.gap = 1000000 (custom)
2019-11-13 14:36:10,422 [pool-27-thread-1] INFO  server.RaftServerConfigKeys (ConfUtils.java:logGet(43)) - raft.server.log.purge.gap = 1000000 (custom)
2019-11-13 14:36:10,423 [pool-47-thread-1] INFO  server.RaftServerConfigKeys (ConfUtils.java:logGet(43)) - raft.server.log.appender.buffer.byte-limit = 33554432 (custom)
2019-11-13 14:36:10,422 [pool-37-thread-1] INFO  server.RaftServerConfigKeys (ConfUtils.java:logGet(43)) - raft.server.log.purge.gap = 1000000 (custom)
2019-11-13 14:36:10,423 [pool-47-thread-1] INFO  server.RaftServerConfigKeys (ConfUtils.java:logGet(43)) - raft.server.log.segment.size.max = 1048576 (custom)
2019-11-13 14:36:10,423 [pool-27-thread-1] INFO  server.RaftServerConfigKeys (ConfUtils.java:logGet(43)) - raft.server.log.appender.buffer.byte-limit = 33554432 (custom)
2019-11-13 14:36:10,423 [pool-37-thread-1] INFO  server.RaftServerConfigKeys (ConfUtils.java:logGet(43)) - raft.server.log.appender.buffer.byte-limit = 33554432 (custom)
2019-11-13 14:36:10,423 [pool-47-thread-1] INFO  server.RaftServerConfigKeys (ConfUtils.java:logGet(43)) - raft.server.log.segment.cache.num.max = 2 (custom)
2019-11-13 14:36:10,423 [pool-27-thread-1] INFO  server.RaftServerConfigKeys (ConfUtils.java:logGet(43)) - raft.server.log.segment.size.max = 1048576 (custom)
2019-11-13 14:36:10,424 [pool-47-thread-1] INFO  segmented.SegmentedRaftLogWorker (SegmentedRaftLogWorker.java:<init>(173)) - new 866e73f8-a49a-481c-a737-3f554da6d3bf@group-5EB55B0DB08A-SegmentedRaftLogWorker for RaftStorage:Storage Directory /workdir/hadoop-ozone/tools/target/test-dir/MiniOzoneClusterImpl-4b23d5b9-0cd4-4e70-8948-e43dc5858374/datanode-2/data/ratis/a061bbc9-8377-4bf4-a0c5-5eb55b0db08a
2019-11-13 14:36:10,423 [pool-37-thread-1] INFO  server.RaftServerConfigKeys (ConfUtils.java:logGet(43)) - raft.server.log.segment.size.max = 1048576 (custom)
2019-11-13 14:36:10,424 [pool-47-thread-1] INFO  server.RaftServerConfigKeys (ConfUtils.java:logGet(43)) - raft.server.log.queue.byte-limit = 2147483647 (custom)
2019-11-13 14:36:10,424 [pool-27-thread-1] INFO  server.RaftServerConfigKeys (ConfUtils.java:logGet(43)) - raft.server.log.segment.cache.num.max = 2 (custom)
2019-11-13 14:36:10,424 [pool-47-thread-1] INFO  server.RaftServerConfigKeys (ConfUtils.java:logGet(43)) - raft.server.log.queue.element-limit = 1024 (custom)
2019-11-13 14:36:10,424 [pool-37-thread-1] INFO  server.RaftServerConfigKeys (ConfUtils.java:logGet(43)) - raft.server.log.segment.cache.num.max = 2 (custom)
2019-11-13 14:36:10,424 [pool-47-thread-1] INFO  server.RaftServerConfigKeys (ConfUtils.java:logGet(43)) - raft.server.log.segment.size.max = 1048576 (custom)
2019-11-13 14:36:10,424 [pool-27-thread-1] INFO  segmented.SegmentedRaftLogWorker (SegmentedRaftLogWorker.java:<init>(173)) - new 3bf84526-9b1d-4fb3-b5aa-fd4bf9db4807@group-5EB55B0DB08A-SegmentedRaftLogWorker for RaftStorage:Storage Directory /workdir/hadoop-ozone/tools/target/test-dir/MiniOzoneClusterImpl-4b23d5b9-0cd4-4e70-8948-e43dc5858374/datanode-0/data/ratis/a061bbc9-8377-4bf4-a0c5-5eb55b0db08a
2019-11-13 14:36:10,425 [pool-47-thread-1] INFO  server.RaftServerConfigKeys (ConfUtils.java:logGet(43)) - raft.server.log.preallocated.size = 16384 (custom)
2019-11-13 14:36:10,425 [pool-37-thread-1] INFO  segmented.SegmentedRaftLogWorker (SegmentedRaftLogWorker.java:<init>(173)) - new d272b7d2-ec3d-4a91-a8d1-87c7434cd615@group-5EB55B0DB08A-SegmentedRaftLogWorker for RaftStorage:Storage Directory /workdir/hadoop-ozone/tools/target/test-dir/MiniOzoneClusterImpl-4b23d5b9-0cd4-4e70-8948-e43dc5858374/datanode-1/data/ratis/a061bbc9-8377-4bf4-a0c5-5eb55b0db08a
2019-11-13 14:36:10,425 [pool-47-thread-1] INFO  server.RaftServerConfigKeys (ConfUtils.java:logGet(43)) - raft.server.log.write.buffer.size = 33554432 (custom)
2019-11-13 14:36:10,425 [pool-27-thread-1] INFO  server.RaftServerConfigKeys (ConfUtils.java:logGet(43)) - raft.server.log.queue.byte-limit = 2147483647 (custom)
2019-11-13 14:36:10,425 [pool-47-thread-1] INFO  server.RaftServerConfigKeys (ConfUtils.java:logGet(43)) - raft.server.log.force.sync.num = 128 (default)
2019-11-13 14:36:10,425 [pool-37-thread-1] INFO  server.RaftServerConfigKeys (ConfUtils.java:logGet(43)) - raft.server.log.queue.byte-limit = 2147483647 (custom)
2019-11-13 14:36:10,426 [pool-47-thread-1] INFO  server.RaftServerConfigKeys (ConfUtils.java:logGet(43)) - raft.server.log.statemachine.data.sync = true (default)
2019-11-13 14:36:10,425 [pool-27-thread-1] INFO  server.RaftServerConfigKeys (ConfUtils.java:logGet(43)) - raft.server.log.queue.element-limit = 1024 (custom)
2019-11-13 14:36:10,426 [pool-47-thread-1] INFO  server.RaftServerConfigKeys (ConfUtils.java:logGet(43)) - raft.server.log.statemachine.data.sync.timeout = 10s (default)
2019-11-13 14:36:10,426 [pool-27-thread-1] INFO  server.RaftServerConfigKeys (ConfUtils.java:logGet(43)) - raft.server.log.segment.size.max = 1048576 (custom)
2019-11-13 14:36:10,426 [pool-37-thread-1] INFO  server.RaftServerConfigKeys (ConfUtils.java:logGet(43)) - raft.server.log.queue.element-limit = 1024 (custom)
2019-11-13 14:36:10,426 [pool-27-thread-1] INFO  server.RaftServerConfigKeys (ConfUtils.java:logGet(43)) - raft.server.log.preallocated.size = 16384 (custom)
2019-11-13 14:36:10,426 [pool-47-thread-1] INFO  server.RaftServerConfigKeys (ConfUtils.java:logGet(43)) - raft.server.log.statemachine.data.sync.timeout.retry = -1 (default)
2019-11-13 14:36:10,426 [pool-27-thread-1] INFO  server.RaftServerConfigKeys (ConfUtils.java:logGet(43)) - raft.server.log.write.buffer.size = 33554432 (custom)
2019-11-13 14:36:10,426 [pool-37-thread-1] INFO  server.RaftServerConfigKeys (ConfUtils.java:logGet(43)) - raft.server.log.segment.size.max = 1048576 (custom)
2019-11-13 14:36:10,427 [pool-47-thread-1] INFO  server.RaftServerConfigKeys (ConfUtils.java:logGet(43)) - raft.server.log.statemachine.data.caching.enabled = true (custom)
2019-11-13 14:36:10,427 [pool-27-thread-1] INFO  server.RaftServerConfigKeys (ConfUtils.java:logGet(43)) - raft.server.log.force.sync.num = 128 (default)
2019-11-13 14:36:10,427 [pool-37-thread-1] INFO  server.RaftServerConfigKeys (ConfUtils.java:logGet(43)) - raft.server.log.preallocated.size = 16384 (custom)
2019-11-13 14:36:10,427 [pool-27-thread-1] INFO  server.RaftServerConfigKeys (ConfUtils.java:logGet(43)) - raft.server.log.statemachine.data.sync = true (default)
2019-11-13 14:36:10,427 [pool-37-thread-1] INFO  server.RaftServerConfigKeys (ConfUtils.java:logGet(43)) - raft.server.log.write.buffer.size = 33554432 (custom)
2019-11-13 14:36:10,427 [pool-47-thread-1] INFO  segmented.SegmentedRaftLogWorker (SegmentedRaftLogWorker.java:lambda$new$0(128)) - 866e73f8-a49a-481c-a737-3f554da6d3bf@group-5EB55B0DB08A-SegmentedRaftLogWorker: flushIndex: setUnconditionally 0 -> -1
2019-11-13 14:36:10,427 [pool-37-thread-1] INFO  server.RaftServerConfigKeys (ConfUtils.java:logGet(43)) - raft.server.log.force.sync.num = 128 (default)
2019-11-13 14:36:10,427 [pool-27-thread-1] INFO  server.RaftServerConfigKeys (ConfUtils.java:logGet(43)) - raft.server.log.statemachine.data.sync.timeout = 10s (default)
2019-11-13 14:36:10,428 [pool-47-thread-1] INFO  server.RaftServerConfigKeys (ConfUtils.java:logGet(43)) - raft.server.snapshot.auto.trigger.enabled = true (custom)
2019-11-13 14:36:10,428 [pool-37-thread-1] INFO  server.RaftServerConfigKeys (ConfUtils.java:logGet(43)) - raft.server.log.statemachine.data.sync = true (default)
2019-11-13 14:36:10,428 [pool-47-thread-1] INFO  server.RaftServerConfigKeys (ConfUtils.java:logGet(43)) - raft.server.snapshot.auto.trigger.threshold = 10000 (custom)
2019-11-13 14:36:10,428 [pool-27-thread-1] INFO  server.RaftServerConfigKeys (ConfUtils.java:logGet(43)) - raft.server.log.statemachine.data.sync.timeout.retry = -1 (default)
2019-11-13 14:36:10,428 [pool-47-thread-1] INFO  server.RaftServerConfigKeys (ConfUtils.java:logGet(43)) - raft.server.snapshot.retention.file.num = 5 (custom)
2019-11-13 14:36:10,428 [pool-37-thread-1] INFO  server.RaftServerConfigKeys (ConfUtils.java:logGet(43)) - raft.server.log.statemachine.data.sync.timeout = 10s (default)
2019-11-13 14:36:10,429 [pool-47-thread-1] INFO  server.RaftServerConfigKeys (ConfUtils.java:logGet(43)) - raft.server.retrycache.expirytime = 600000ms (custom)
2019-11-13 14:36:10,428 [pool-27-thread-1] INFO  server.RaftServerConfigKeys (ConfUtils.java:logGet(43)) - raft.server.log.statemachine.data.caching.enabled = true (custom)
2019-11-13 14:36:10,429 [pool-37-thread-1] INFO  server.RaftServerConfigKeys (ConfUtils.java:logGet(43)) - raft.server.log.statemachine.data.sync.timeout.retry = -1 (default)
2019-11-13 14:36:10,429 [pool-27-thread-1] INFO  segmented.SegmentedRaftLogWorker (SegmentedRaftLogWorker.java:lambda$new$0(128)) - 3bf84526-9b1d-4fb3-b5aa-fd4bf9db4807@group-5EB55B0DB08A-SegmentedRaftLogWorker: flushIndex: setUnconditionally 0 -> -1
2019-11-13 14:36:10,429 [pool-47-thread-1] WARN  impl.MetricRegistriesImpl (MetricRegistriesImpl.java:lambda$create$1(61)) - First MetricRegistry has been created without registering reporters. You may need to call MetricRegistries.global().addReportRegistration(...) before.
2019-11-13 14:36:10,429 [pool-27-thread-1] INFO  server.RaftServerConfigKeys (ConfUtils.java:logGet(43)) - raft.server.snapshot.auto.trigger.enabled = true (custom)
2019-11-13 14:36:10,429 [pool-37-thread-1] INFO  server.RaftServerConfigKeys (ConfUtils.java:logGet(43)) - raft.server.log.statemachine.data.caching.enabled = true (custom)
2019-11-13 14:36:10,429 [pool-47-thread-1] WARN  impl.MetricRegistriesImpl (MetricRegistriesImpl.java:lambda$create$1(61)) - First MetricRegistry has been created without registering reporters. You may need to call MetricRegistries.global().addReportRegistration(...) before.
2019-11-13 14:36:10,429 [pool-27-thread-1] INFO  server.RaftServerConfigKeys (ConfUtils.java:logGet(43)) - raft.server.snapshot.auto.trigger.threshold = 10000 (custom)
2019-11-13 14:36:10,430 [pool-37-thread-1] INFO  segmented.SegmentedRaftLogWorker (SegmentedRaftLogWorker.java:lambda$new$0(128)) - d272b7d2-ec3d-4a91-a8d1-87c7434cd615@group-5EB55B0DB08A-SegmentedRaftLogWorker: flushIndex: setUnconditionally 0 -> -1
2019-11-13 14:36:10,430 [pool-47-thread-1] INFO  impl.RaftServerImpl (RaftServerImpl.java:start(184)) - 866e73f8-a49a-481c-a737-3f554da6d3bf@group-5EB55B0DB08A: start as a follower, conf=-1: [d272b7d2-ec3d-4a91-a8d1-87c7434cd615:192.168.157.200:36074, 866e73f8-a49a-481c-a737-3f554da6d3bf:192.168.157.200:39603, 3bf84526-9b1d-4fb3-b5aa-fd4bf9db4807:192.168.157.200:41351], old=null
2019-11-13 14:36:10,430 [pool-27-thread-1] INFO  server.RaftServerConfigKeys (ConfUtils.java:logGet(43)) - raft.server.snapshot.retention.file.num = 5 (custom)
2019-11-13 14:36:10,430 [pool-37-thread-1] INFO  server.RaftServerConfigKeys (ConfUtils.java:logGet(43)) - raft.server.snapshot.auto.trigger.enabled = true (custom)
2019-11-13 14:36:10,430 [pool-47-thread-1] INFO  impl.RaftServerImpl (RaftServerImpl.java:setRole(173)) - 866e73f8-a49a-481c-a737-3f554da6d3bf@group-5EB55B0DB08A: changes role from      null to FOLLOWER at term 0 for startAsFollower
2019-11-13 14:36:10,430 [pool-37-thread-1] INFO  server.RaftServerConfigKeys (ConfUtils.java:logGet(43)) - raft.server.snapshot.auto.trigger.threshold = 10000 (custom)
2019-11-13 14:36:10,430 [pool-27-thread-1] INFO  server.RaftServerConfigKeys (ConfUtils.java:logGet(43)) - raft.server.retrycache.expirytime = 600000ms (custom)
2019-11-13 14:36:10,431 [pool-37-thread-1] INFO  server.RaftServerConfigKeys (ConfUtils.java:logGet(43)) - raft.server.snapshot.retention.file.num = 5 (custom)
2019-11-13 14:36:10,431 [pool-47-thread-1] INFO  impl.RoleInfo (RoleInfo.java:updateAndGet(143)) - 866e73f8-a49a-481c-a737-3f554da6d3bf: start FollowerState
2019-11-13 14:36:10,431 [pool-37-thread-1] INFO  server.RaftServerConfigKeys (ConfUtils.java:logGet(43)) - raft.server.retrycache.expirytime = 600000ms (custom)
2019-11-13 14:36:10,431 [pool-27-thread-1] WARN  impl.MetricRegistriesImpl (MetricRegistriesImpl.java:lambda$create$1(61)) - First MetricRegistry has been created without registering reporters. You may need to call MetricRegistries.global().addReportRegistration(...) before.
2019-11-13 14:36:10,431 [pool-37-thread-1] WARN  impl.MetricRegistriesImpl (MetricRegistriesImpl.java:lambda$create$1(61)) - First MetricRegistry has been created without registering reporters. You may need to call MetricRegistries.global().addReportRegistration(...) before.
2019-11-13 14:36:10,431 [pool-27-thread-1] WARN  impl.MetricRegistriesImpl (MetricRegistriesImpl.java:lambda$create$1(61)) - First MetricRegistry has been created without registering reporters. You may need to call MetricRegistries.global().addReportRegistration(...) before.
2019-11-13 14:36:10,432 [pool-47-thread-1] INFO  util.JmxRegister (JmxRegister.java:tryRegister(44)) - Successfully registered JMX Bean with object name Ratis:service=RaftServer,group=group-5EB55B0DB08A,id=866e73f8-a49a-481c-a737-3f554da6d3bf
2019-11-13 14:36:10,432 [pool-37-thread-1] WARN  impl.MetricRegistriesImpl (MetricRegistriesImpl.java:lambda$create$1(61)) - First MetricRegistry has been created without registering reporters. You may need to call MetricRegistries.global().addReportRegistration(...) before.
2019-11-13 14:36:10,432 [pool-47-thread-1] WARN  impl.MetricRegistriesImpl (MetricRegistriesImpl.java:lambda$create$1(61)) - First MetricRegistry has been created without registering reporters. You may need to call MetricRegistries.global().addReportRegistration(...) before.
2019-11-13 14:36:10,432 [pool-27-thread-1] INFO  impl.RaftServerImpl (RaftServerImpl.java:start(184)) - 3bf84526-9b1d-4fb3-b5aa-fd4bf9db4807@group-5EB55B0DB08A: start as a follower, conf=-1: [d272b7d2-ec3d-4a91-a8d1-87c7434cd615:192.168.157.200:36074, 866e73f8-a49a-481c-a737-3f554da6d3bf:192.168.157.200:39603, 3bf84526-9b1d-4fb3-b5aa-fd4bf9db4807:192.168.157.200:41351], old=null
2019-11-13 14:36:10,432 [pool-37-thread-1] INFO  impl.RaftServerImpl (RaftServerImpl.java:start(184)) - d272b7d2-ec3d-4a91-a8d1-87c7434cd615@group-5EB55B0DB08A: start as a follower, conf=-1: [d272b7d2-ec3d-4a91-a8d1-87c7434cd615:192.168.157.200:36074, 866e73f8-a49a-481c-a737-3f554da6d3bf:192.168.157.200:39603, 3bf84526-9b1d-4fb3-b5aa-fd4bf9db4807:192.168.157.200:41351], old=null
2019-11-13 14:36:10,432 [pool-27-thread-1] INFO  impl.RaftServerImpl (RaftServerImpl.java:setRole(173)) - 3bf84526-9b1d-4fb3-b5aa-fd4bf9db4807@group-5EB55B0DB08A: changes role from      null to FOLLOWER at term 0 for startAsFollower
2019-11-13 14:36:10,432 [pool-37-thread-1] INFO  impl.RaftServerImpl (RaftServerImpl.java:setRole(173)) - d272b7d2-ec3d-4a91-a8d1-87c7434cd615@group-5EB55B0DB08A: changes role from      null to FOLLOWER at term 0 for startAsFollower
2019-11-13 14:36:10,432 [pool-27-thread-1] INFO  impl.RoleInfo (RoleInfo.java:updateAndGet(143)) - 3bf84526-9b1d-4fb3-b5aa-fd4bf9db4807: start FollowerState
2019-11-13 14:36:10,433 [pool-37-thread-1] INFO  impl.RoleInfo (RoleInfo.java:updateAndGet(143)) - d272b7d2-ec3d-4a91-a8d1-87c7434cd615: start FollowerState
2019-11-13 14:36:10,433 [pool-27-thread-1] INFO  util.JmxRegister (JmxRegister.java:tryRegister(44)) - Successfully registered JMX Bean with object name Ratis:service=RaftServer,group=group-5EB55B0DB08A,id=3bf84526-9b1d-4fb3-b5aa-fd4bf9db4807
2019-11-13 14:36:10,433 [pool-27-thread-1] WARN  impl.MetricRegistriesImpl (MetricRegistriesImpl.java:lambda$create$1(61)) - First MetricRegistry has been created without registering reporters. You may need to call MetricRegistries.global().addReportRegistration(...) before.
2019-11-13 14:36:10,433 [pool-37-thread-1] INFO  util.JmxRegister (JmxRegister.java:tryRegister(44)) - Successfully registered JMX Bean with object name Ratis:service=RaftServer,group=group-5EB55B0DB08A,id=d272b7d2-ec3d-4a91-a8d1-87c7434cd615
2019-11-13 14:36:10,434 [pool-37-thread-1] WARN  impl.MetricRegistriesImpl (MetricRegistriesImpl.java:lambda$create$1(61)) - First MetricRegistry has been created without registering reporters. You may need to call MetricRegistries.global().addReportRegistration(...) before.
2019-11-13 14:36:10,439 [RatisPipelineUtilsThread] INFO  pipeline.PipelineStateManager (PipelineStateManager.java:addPipeline(55)) - Created pipeline Pipeline[ Id: a061bbc9-8377-4bf4-a0c5-5eb55b0db08a, Nodes: d272b7d2-ec3d-4a91-a8d1-87c7434cd615{ip: 192.168.157.200, host: pr-hdds-2452-7vw7s-1330541530, networkLocation: /default-rack, certSerialId: null}866e73f8-a49a-481c-a737-3f554da6d3bf{ip: 192.168.157.200, host: pr-hdds-2452-7vw7s-1330541530, networkLocation: /default-rack, certSerialId: null}3bf84526-9b1d-4fb3-b5aa-fd4bf9db4807{ip: 192.168.157.200, host: pr-hdds-2452-7vw7s-1330541530, networkLocation: /default-rack, certSerialId: null}, Type:RATIS, Factor:THREE, State:ALLOCATED]
2019-11-13 14:36:10,467 [main] INFO  freon.RandomKeyGenerator (RandomKeyGenerator.java:call(283)) - Number of Threads: 10
2019-11-13 14:36:10,468 [main] INFO  freon.RandomKeyGenerator (RandomKeyGenerator.java:call(288)) - Number of Volumes: 1.
2019-11-13 14:36:10,468 [main] INFO  freon.RandomKeyGenerator (RandomKeyGenerator.java:call(289)) - Number of Buckets per Volume: 1.
2019-11-13 14:36:10,468 [main] INFO  freon.RandomKeyGenerator (RandomKeyGenerator.java:call(290)) - Number of Keys per Bucket: 1.
2019-11-13 14:36:10,468 [main] INFO  freon.RandomKeyGenerator (RandomKeyGenerator.java:call(291)) - Key size: 20971520 bytes
2019-11-13 14:36:10,468 [main] INFO  freon.RandomKeyGenerator (RandomKeyGenerator.java:call(292)) - Buffer size: 4096 bytes
2019-11-13 14:36:10,468 [main] INFO  freon.RandomKeyGenerator (RandomKeyGenerator.java:call(293)) - validateWrites : true
2019-11-13 14:36:10,470 [main] INFO  freon.RandomKeyGenerator (RandomKeyGenerator.java:call(307)) - Data validation is enabled.
2019-11-13 14:36:10,470 [pool-59-thread-1] INFO  rpc.RpcClient (RpcClient.java:createVolume(292)) - Creating Volume: vol-0-21072, with jenkins1000 as owner.
2019-11-13 14:36:10,470 [main] INFO  freon.RandomKeyGenerator (RandomKeyGenerator.java:call(313)) - Starting progress bar Thread.

 0.00% |?                                                                                                    |  0/1 Time: 0:00:002019-11-13 14:36:10,476 [IPC Server handler 3 on 42189] INFO  volume.OMVolumeCreateRequest (OMVolumeCreateRequest.java:validateAndUpdateCache(193)) - created volume:vol-0-21072 for user:jenkins1000
2019-11-13 14:36:10,510 [pool-59-thread-2] INFO  rpc.RpcClient (RpcClient.java:createBucket(431)) - Creating Bucket: vol-0-21072/bucket-0-23169, with Versioning false and Storage Type set to DISK and Encryption set to false 
2019-11-13 14:36:10,564 [IPC Server handler 19 on 34955] WARN  block.BlockManagerImpl (BlockManagerImpl.java:allocateBlock(200)) - Pipeline creation failed for type:RATIS factor:THREE. Retrying get pipelines call once.
org.apache.hadoop.hdds.scm.pipeline.InsufficientDatanodesException: Cannot create pipeline of factor 3 using 0 nodes.
	at org.apache.hadoop.hdds.scm.pipeline.RatisPipelineProvider.create(RatisPipelineProvider.java:153)
	at org.apache.hadoop.hdds.scm.pipeline.PipelineFactory.create(PipelineFactory.java:58)
	at org.apache.hadoop.hdds.scm.pipeline.SCMPipelineManager.createPipeline(SCMPipelineManager.java:155)
	at org.apache.hadoop.hdds.scm.block.BlockManagerImpl.allocateBlock(BlockManagerImpl.java:198)
	at org.apache.hadoop.hdds.scm.server.SCMBlockProtocolServer.allocateBlock(SCMBlockProtocolServer.java:187)
	at org.apache.hadoop.hdds.scm.protocol.ScmBlockLocationProtocolServerSideTranslatorPB.allocateScmBlock(ScmBlockLocationProtocolServerSideTranslatorPB.java:159)
	at org.apache.hadoop.hdds.scm.protocol.ScmBlockLocationProtocolServerSideTranslatorPB.processMessage(ScmBlockLocationProtocolServerSideTranslatorPB.java:117)
	at org.apache.hadoop.hdds.server.OzoneProtocolMessageDispatcher.processRequest(OzoneProtocolMessageDispatcher.java:72)
	at org.apache.hadoop.hdds.scm.protocol.ScmBlockLocationProtocolServerSideTranslatorPB.send(ScmBlockLocationProtocolServerSideTranslatorPB.java:98)
	at org.apache.hadoop.hdds.protocol.proto.ScmBlockLocationProtocolProtos$ScmBlockLocationProtocolService$2.callBlockingMethod(ScmBlockLocationProtocolProtos.java:13157)
	at org.apache.hadoop.ipc.ProtobufRpcEngine$Server$ProtoBufRpcInvoker.call(ProtobufRpcEngine.java:524)
	at org.apache.hadoop.ipc.RPC$Server.call(RPC.java:1025)
	at org.apache.hadoop.ipc.Server$RpcCall.run(Server.java:876)
	at org.apache.hadoop.ipc.Server$RpcCall.run(Server.java:822)
	at java.security.AccessController.doPrivileged(Native Method)
	at javax.security.auth.Subject.doAs(Subject.java:422)
	at org.apache.hadoop.security.UserGroupInformation.doAs(UserGroupInformation.java:1730)
	at org.apache.hadoop.ipc.Server$Handler.run(Server.java:2682)
2019-11-13 14:36:10,567 [IPC Server handler 19 on 34955] INFO  block.BlockManagerImpl (BlockManagerImpl.java:allocateBlock(212)) - Could not find available pipeline of type:RATIS and factor:THREE even after retrying
2019-11-13 14:36:10,567 [IPC Server handler 19 on 34955] ERROR block.BlockManagerImpl (BlockManagerImpl.java:allocateBlock(236)) - Unable to allocate a block for the size: 4194304, type: RATIS, factor: THREE
2019-11-13 14:36:10,568 [IPC Server handler 19 on 34955] WARN  block.BlockManagerImpl (BlockManagerImpl.java:allocateBlock(200)) - Pipeline creation failed for type:RATIS factor:THREE. Retrying get pipelines call once.
org.apache.hadoop.hdds.scm.pipeline.InsufficientDatanodesException: Cannot create pipeline of factor 3 using 0 nodes.
	at org.apache.hadoop.hdds.scm.pipeline.RatisPipelineProvider.create(RatisPipelineProvider.java:153)
	at org.apache.hadoop.hdds.scm.pipeline.PipelineFactory.create(PipelineFactory.java:58)
	at org.apache.hadoop.hdds.scm.pipeline.SCMPipelineManager.createPipeline(SCMPipelineManager.java:155)
	at org.apache.hadoop.hdds.scm.block.BlockManagerImpl.allocateBlock(BlockManagerImpl.java:198)
	at org.apache.hadoop.hdds.scm.server.SCMBlockProtocolServer.allocateBlock(SCMBlockProtocolServer.java:187)
	at org.apache.hadoop.hdds.scm.protocol.ScmBlockLocationProtocolServerSideTranslatorPB.allocateScmBlock(ScmBlockLocationProtocolServerSideTranslatorPB.java:159)
	at org.apache.hadoop.hdds.scm.protocol.ScmBlockLocationProtocolServerSideTranslatorPB.processMessage(ScmBlockLocationProtocolServerSideTranslatorPB.java:117)
	at org.apache.hadoop.hdds.server.OzoneProtocolMessageDispatcher.processRequest(OzoneProtocolMessageDispatcher.java:72)
	at org.apache.hadoop.hdds.scm.protocol.ScmBlockLocationProtocolServerSideTranslatorPB.send(ScmBlockLocationProtocolServerSideTranslatorPB.java:98)
	at org.apache.hadoop.hdds.protocol.proto.ScmBlockLocationProtocolProtos$ScmBlockLocationProtocolService$2.callBlockingMethod(ScmBlockLocationProtocolProtos.java:13157)
	at org.apache.hadoop.ipc.ProtobufRpcEngine$Server$ProtoBufRpcInvoker.call(ProtobufRpcEngine.java:524)
	at org.apache.hadoop.ipc.RPC$Server.call(RPC.java:1025)
	at org.apache.hadoop.ipc.Server$RpcCall.run(Server.java:876)
	at org.apache.hadoop.ipc.Server$RpcCall.run(Server.java:822)
	at java.security.AccessController.doPrivileged(Native Method)
	at javax.security.auth.Subject.doAs(Subject.java:422)
	at org.apache.hadoop.security.UserGroupInformation.doAs(UserGroupInformation.java:1730)
	at org.apache.hadoop.ipc.Server$Handler.run(Server.java:2682)
2019-11-13 14:36:10,569 [IPC Server handler 19 on 34955] INFO  block.BlockManagerImpl (BlockManagerImpl.java:allocateBlock(212)) - Could not find available pipeline of type:RATIS and factor:THREE even after retrying
2019-11-13 14:36:10,569 [IPC Server handler 19 on 34955] ERROR block.BlockManagerImpl (BlockManagerImpl.java:allocateBlock(236)) - Unable to allocate a block for the size: 4194304, type: RATIS, factor: THREE
2019-11-13 14:36:10,570 [IPC Server handler 19 on 34955] WARN  block.BlockManagerImpl (BlockManagerImpl.java:allocateBlock(200)) - Pipeline creation failed for type:RATIS factor:THREE. Retrying get pipelines call once.
org.apache.hadoop.hdds.scm.pipeline.InsufficientDatanodesException: Cannot create pipeline of factor 3 using 0 nodes.
	at org.apache.hadoop.hdds.scm.pipeline.RatisPipelineProvider.create(RatisPipelineProvider.java:153)
	at org.apache.hadoop.hdds.scm.pipeline.PipelineFactory.create(PipelineFactory.java:58)
	at org.apache.hadoop.hdds.scm.pipeline.SCMPipelineManager.createPipeline(SCMPipelineManager.java:155)
	at org.apache.hadoop.hdds.scm.block.BlockManagerImpl.allocateBlock(BlockManagerImpl.java:198)
	at org.apache.hadoop.hdds.scm.server.SCMBlockProtocolServer.allocateBlock(SCMBlockProtocolServer.java:187)
	at org.apache.hadoop.hdds.scm.protocol.ScmBlockLocationProtocolServerSideTranslatorPB.allocateScmBlock(ScmBlockLocationProtocolServerSideTranslatorPB.java:159)
	at org.apache.hadoop.hdds.scm.protocol.ScmBlockLocationProtocolServerSideTranslatorPB.processMessage(ScmBlockLocationProtocolServerSideTranslatorPB.java:117)
	at org.apache.hadoop.hdds.server.OzoneProtocolMessageDispatcher.processRequest(OzoneProtocolMessageDispatcher.java:72)
	at org.apache.hadoop.hdds.scm.protocol.ScmBlockLocationProtocolServerSideTranslatorPB.send(ScmBlockLocationProtocolServerSideTranslatorPB.java:98)
	at org.apache.hadoop.hdds.protocol.proto.ScmBlockLocationProtocolProtos$ScmBlockLocationProtocolService$2.callBlockingMethod(ScmBlockLocationProtocolProtos.java:13157)
	at org.apache.hadoop.ipc.ProtobufRpcEngine$Server$ProtoBufRpcInvoker.call(ProtobufRpcEngine.java:524)
	at org.apache.hadoop.ipc.RPC$Server.call(RPC.java:1025)
	at org.apache.hadoop.ipc.Server$RpcCall.run(Server.java:876)
	at org.apache.hadoop.ipc.Server$RpcCall.run(Server.java:822)
	at java.security.AccessController.doPrivileged(Native Method)
	at javax.security.auth.Subject.doAs(Subject.java:422)
	at org.apache.hadoop.security.UserGroupInformation.doAs(UserGroupInformation.java:1730)
	at org.apache.hadoop.ipc.Server$Handler.run(Server.java:2682)
2019-11-13 14:36:10,571 [IPC Server handler 19 on 34955] INFO  block.BlockManagerImpl (BlockManagerImpl.java:allocateBlock(212)) - Could not find available pipeline of type:RATIS and factor:THREE even after retrying
2019-11-13 14:36:10,571 [IPC Server handler 19 on 34955] ERROR block.BlockManagerImpl (BlockManagerImpl.java:allocateBlock(236)) - Unable to allocate a block for the size: 4194304, type: RATIS, factor: THREE
2019-11-13 14:36:10,573 [IPC Server handler 19 on 34955] WARN  block.BlockManagerImpl (BlockManagerImpl.java:allocateBlock(200)) - Pipeline creation failed for type:RATIS factor:THREE. Retrying get pipelines call once.
org.apache.hadoop.hdds.scm.pipeline.InsufficientDatanodesException: Cannot create pipeline of factor 3 using 0 nodes.
	at org.apache.hadoop.hdds.scm.pipeline.RatisPipelineProvider.create(RatisPipelineProvider.java:153)
	at org.apache.hadoop.hdds.scm.pipeline.PipelineFactory.create(PipelineFactory.java:58)
	at org.apache.hadoop.hdds.scm.pipeline.SCMPipelineManager.createPipeline(SCMPipelineManager.java:155)
	at org.apache.hadoop.hdds.scm.block.BlockManagerImpl.allocateBlock(BlockManagerImpl.java:198)
	at org.apache.hadoop.hdds.scm.server.SCMBlockProtocolServer.allocateBlock(SCMBlockProtocolServer.java:187)
	at org.apache.hadoop.hdds.scm.protocol.ScmBlockLocationProtocolServerSideTranslatorPB.allocateScmBlock(ScmBlockLocationProtocolServerSideTranslatorPB.java:159)
	at org.apache.hadoop.hdds.scm.protocol.ScmBlockLocationProtocolServerSideTranslatorPB.processMessage(ScmBlockLocationProtocolServerSideTranslatorPB.java:117)
	at org.apache.hadoop.hdds.server.OzoneProtocolMessageDispatcher.processRequest(OzoneProtocolMessageDispatcher.java:72)
	at org.apache.hadoop.hdds.scm.protocol.ScmBlockLocationProtocolServerSideTranslatorPB.send(ScmBlockLocationProtocolServerSideTranslatorPB.java:98)
	at org.apache.hadoop.hdds.protocol.proto.ScmBlockLocationProtocolProtos$ScmBlockLocationProtocolService$2.callBlockingMethod(ScmBlockLocationProtocolProtos.java:13157)
	at org.apache.hadoop.ipc.ProtobufRpcEngine$Server$ProtoBufRpcInvoker.call(ProtobufRpcEngine.java:524)
	at org.apache.hadoop.ipc.RPC$Server.call(RPC.java:1025)
	at org.apache.hadoop.ipc.Server$RpcCall.run(Server.java:876)
	at org.apache.hadoop.ipc.Server$RpcCall.run(Server.java:822)
	at java.security.AccessController.doPrivileged(Native Method)
	at javax.security.auth.Subject.doAs(Subject.java:422)
	at org.apache.hadoop.security.UserGroupInformation.doAs(UserGroupInformation.java:1730)
	at org.apache.hadoop.ipc.Server$Handler.run(Server.java:2682)
2019-11-13 14:36:10,573 [IPC Server handler 19 on 34955] INFO  block.BlockManagerImpl (BlockManagerImpl.java:allocateBlock(212)) - Could not find available pipeline of type:RATIS and factor:THREE even after retrying
2019-11-13 14:36:10,573 [IPC Server handler 19 on 34955] ERROR block.BlockManagerImpl (BlockManagerImpl.java:allocateBlock(236)) - Unable to allocate a block for the size: 4194304, type: RATIS, factor: THREE
2019-11-13 14:36:10,574 [IPC Server handler 19 on 34955] WARN  block.BlockManagerImpl (BlockManagerImpl.java:allocateBlock(200)) - Pipeline creation failed for type:RATIS factor:THREE. Retrying get pipelines call once.
org.apache.hadoop.hdds.scm.pipeline.InsufficientDatanodesException: Cannot create pipeline of factor 3 using 0 nodes.
	at org.apache.hadoop.hdds.scm.pipeline.RatisPipelineProvider.create(RatisPipelineProvider.java:153)
	at org.apache.hadoop.hdds.scm.pipeline.PipelineFactory.create(PipelineFactory.java:58)
	at org.apache.hadoop.hdds.scm.pipeline.SCMPipelineManager.createPipeline(SCMPipelineManager.java:155)
	at org.apache.hadoop.hdds.scm.block.BlockManagerImpl.allocateBlock(BlockManagerImpl.java:198)
	at org.apache.hadoop.hdds.scm.server.SCMBlockProtocolServer.allocateBlock(SCMBlockProtocolServer.java:187)
	at org.apache.hadoop.hdds.scm.protocol.ScmBlockLocationProtocolServerSideTranslatorPB.allocateScmBlock(ScmBlockLocationProtocolServerSideTranslatorPB.java:159)
	at org.apache.hadoop.hdds.scm.protocol.ScmBlockLocationProtocolServerSideTranslatorPB.processMessage(ScmBlockLocationProtocolServerSideTranslatorPB.java:117)
	at org.apache.hadoop.hdds.server.OzoneProtocolMessageDispatcher.processRequest(OzoneProtocolMessageDispatcher.java:72)
	at org.apache.hadoop.hdds.scm.protocol.ScmBlockLocationProtocolServerSideTranslatorPB.send(ScmBlockLocationProtocolServerSideTranslatorPB.java:98)
	at org.apache.hadoop.hdds.protocol.proto.ScmBlockLocationProtocolProtos$ScmBlockLocationProtocolService$2.callBlockingMethod(ScmBlockLocationProtocolProtos.java:13157)
	at org.apache.hadoop.ipc.ProtobufRpcEngine$Server$ProtoBufRpcInvoker.call(ProtobufRpcEngine.java:524)
	at org.apache.hadoop.ipc.RPC$Server.call(RPC.java:1025)
	at org.apache.hadoop.ipc.Server$RpcCall.run(Server.java:876)
	at org.apache.hadoop.ipc.Server$RpcCall.run(Server.java:822)
	at java.security.AccessController.doPrivileged(Native Method)
	at javax.security.auth.Subject.doAs(Subject.java:422)
	at org.apache.hadoop.security.UserGroupInformation.doAs(UserGroupInformation.java:1730)
	at org.apache.hadoop.ipc.Server$Handler.run(Server.java:2682)
2019-11-13 14:36:10,575 [IPC Server handler 19 on 34955] INFO  block.BlockManagerImpl (BlockManagerImpl.java:allocateBlock(212)) - Could not find available pipeline of type:RATIS and factor:THREE even after retrying
2019-11-13 14:36:10,575 [IPC Server handler 19 on 34955] ERROR block.BlockManagerImpl (BlockManagerImpl.java:allocateBlock(236)) - Unable to allocate a block for the size: 4194304, type: RATIS, factor: THREE
2019-11-13 14:36:10,579 [pool-59-thread-3] ERROR freon.RandomKeyGenerator (RandomKeyGenerator.java:createKey(735)) - Exception while adding key: key-0-35900 in bucket: bucket-0-23169 of volume: vol-0-21072.
INTERNAL_ERROR org.apache.hadoop.ozone.om.exceptions.OMException: Allocated 0 blocks. Requested 5 blocks
	at org.apache.hadoop.ozone.om.protocolPB.OzoneManagerProtocolClientSideTranslatorPB.handleError(OzoneManagerProtocolClientSideTranslatorPB.java:761)
	at org.apache.hadoop.ozone.om.protocolPB.OzoneManagerProtocolClientSideTranslatorPB.openKey(OzoneManagerProtocolClientSideTranslatorPB.java:752)
	at sun.reflect.NativeMethodAccessorImpl.invoke0(Native Method)
	at sun.reflect.NativeMethodAccessorImpl.invoke(NativeMethodAccessorImpl.java:62)
	at sun.reflect.DelegatingMethodAccessorImpl.invoke(DelegatingMethodAccessorImpl.java:43)
	at java.lang.reflect.Method.invoke(Method.java:498)
	at org.apache.hadoop.hdds.tracing.TraceAllMethod.invoke(TraceAllMethod.java:66)
	at com.sun.proxy.$Proxy37.openKey(Unknown Source)
	at org.apache.hadoop.ozone.client.rpc.RpcClient.createKey(RpcClient.java:634)
	at org.apache.hadoop.ozone.client.OzoneBucket.createKey(OzoneBucket.java:325)
	at org.apache.hadoop.ozone.freon.RandomKeyGenerator.createKey(RandomKeyGenerator.java:697)
	at org.apache.hadoop.ozone.freon.RandomKeyGenerator.access$1100(RandomKeyGenerator.java:88)
	at org.apache.hadoop.ozone.freon.RandomKeyGenerator$ObjectCreator.run(RandomKeyGenerator.java:615)
	at java.util.concurrent.Executors$RunnableAdapter.call(Executors.java:511)
	at java.util.concurrent.FutureTask.run(FutureTask.java:266)
	at java.util.concurrent.ThreadPoolExecutor.runWorker(ThreadPoolExecutor.java:1149)
	at java.util.concurrent.ThreadPoolExecutor$Worker.run(ThreadPoolExecutor.java:624)
	at java.lang.Thread.run(Thread.java:748)
 0.00% |?                                                                                                    |  0/1 Time: 0:00:01 0.00% |?                                                                                                    |  0/1 Time: 0:00:02 0.00% |?                                                                                                    |  0/1 Time: 0:00:03 0.00% |?                                                                                                    |  0/1 Time: 0:00:042019-11-13 14:36:15,470 [Thread-493] INFO  impl.FollowerState (FollowerState.java:run(111)) - 866e73f8-a49a-481c-a737-3f554da6d3bf@group-5EB55B0DB08A-FollowerState: change to CANDIDATE, lastRpcTime:5038ms, electionTimeout:5038ms
2019-11-13 14:36:15,470 [Thread-493] INFO  impl.RoleInfo (RoleInfo.java:shutdownFollowerState(121)) - 866e73f8-a49a-481c-a737-3f554da6d3bf: shutdown FollowerState
2019-11-13 14:36:15,471 [Thread-493] INFO  impl.RaftServerImpl (RaftServerImpl.java:setRole(173)) - 866e73f8-a49a-481c-a737-3f554da6d3bf@group-5EB55B0DB08A: changes role from  FOLLOWER to CANDIDATE at term 0 for changeToCandidate
2019-11-13 14:36:15,471 [Thread-493] INFO  impl.RoleInfo (RoleInfo.java:updateAndGet(143)) - 866e73f8-a49a-481c-a737-3f554da6d3bf: start LeaderElection
 0.00% |?                                                                                                    |  0/1 Time: 0:00:052019-11-13 14:36:15,535 [Thread-497] INFO  impl.FollowerState (FollowerState.java:run(111)) - d272b7d2-ec3d-4a91-a8d1-87c7434cd615@group-5EB55B0DB08A-FollowerState: change to CANDIDATE, lastRpcTime:5102ms, electionTimeout:5102ms
2019-11-13 14:36:15,535 [Thread-497] INFO  impl.RoleInfo (RoleInfo.java:shutdownFollowerState(121)) - d272b7d2-ec3d-4a91-a8d1-87c7434cd615: shutdown FollowerState
2019-11-13 14:36:15,536 [Thread-497] INFO  impl.RaftServerImpl (RaftServerImpl.java:setRole(173)) - d272b7d2-ec3d-4a91-a8d1-87c7434cd615@group-5EB55B0DB08A: changes role from  FOLLOWER to CANDIDATE at term 0 for changeToCandidate
2019-11-13 14:36:15,536 [Thread-497] INFO  impl.RoleInfo (RoleInfo.java:updateAndGet(143)) - d272b7d2-ec3d-4a91-a8d1-87c7434cd615: start LeaderElection
2019-11-13 14:36:15,546 [Thread-496] INFO  impl.FollowerState (FollowerState.java:run(111)) - 3bf84526-9b1d-4fb3-b5aa-fd4bf9db4807@group-5EB55B0DB08A-FollowerState: change to CANDIDATE, lastRpcTime:5113ms, electionTimeout:5113ms
2019-11-13 14:36:15,546 [Thread-496] INFO  impl.RoleInfo (RoleInfo.java:shutdownFollowerState(121)) - 3bf84526-9b1d-4fb3-b5aa-fd4bf9db4807: shutdown FollowerState
2019-11-13 14:36:15,546 [Thread-496] INFO  impl.RaftServerImpl (RaftServerImpl.java:setRole(173)) - 3bf84526-9b1d-4fb3-b5aa-fd4bf9db4807@group-5EB55B0DB08A: changes role from  FOLLOWER to CANDIDATE at term 0 for changeToCandidate
2019-11-13 14:36:15,547 [Thread-496] INFO  impl.RoleInfo (RoleInfo.java:updateAndGet(143)) - 3bf84526-9b1d-4fb3-b5aa-fd4bf9db4807: start LeaderElection
 100.00% |?????????????????????????????????????????????????????????????????????????????????????????????????????|  1/1 Time: 0:00:06
2019-11-13 14:36:17,681 [866e73f8-a49a-481c-a737-3f554da6d3bf@group-5EB55B0DB08A-LeaderElection6] INFO  impl.LeaderElection (LeaderElection.java:askForVotes(178)) - 866e73f8-a49a-481c-a737-3f554da6d3bf@group-5EB55B0DB08A-LeaderElection6: begin an election at term 1 for -1: [d272b7d2-ec3d-4a91-a8d1-87c7434cd615:192.168.157.200:36074, 866e73f8-a49a-481c-a737-3f554da6d3bf:192.168.157.200:39603, 3bf84526-9b1d-4fb3-b5aa-fd4bf9db4807:192.168.157.200:41351], old=null
2019-11-13 14:36:17,695 [d272b7d2-ec3d-4a91-a8d1-87c7434cd615@group-5EB55B0DB08A-LeaderElection7] INFO  impl.LeaderElection (LeaderElection.java:askForVotes(178)) - d272b7d2-ec3d-4a91-a8d1-87c7434cd615@group-5EB55B0DB08A-LeaderElection7: begin an election at term 1 for -1: [d272b7d2-ec3d-4a91-a8d1-87c7434cd615:192.168.157.200:36074, 866e73f8-a49a-481c-a737-3f554da6d3bf:192.168.157.200:39603, 3bf84526-9b1d-4fb3-b5aa-fd4bf9db4807:192.168.157.200:41351], old=null
2019-11-13 14:36:17,695 [3bf84526-9b1d-4fb3-b5aa-fd4bf9db4807@group-5EB55B0DB08A-LeaderElection8] INFO  impl.LeaderElection (LeaderElection.java:askForVotes(178)) - 3bf84526-9b1d-4fb3-b5aa-fd4bf9db4807@group-5EB55B0DB08A-LeaderElection8: begin an election at term 1 for -1: [d272b7d2-ec3d-4a91-a8d1-87c7434cd615:192.168.157.200:36074, 866e73f8-a49a-481c-a737-3f554da6d3bf:192.168.157.200:39603, 3bf84526-9b1d-4fb3-b5aa-fd4bf9db4807:192.168.157.200:41351], old=null
2019-11-13 14:36:17,710 [866e73f8-a49a-481c-a737-3f554da6d3bf@group-5EB55B0DB08A-LeaderElection6] INFO  impl.LeaderElection (LeaderElection.java:logAndReturn(56)) - 866e73f8-a49a-481c-a737-3f554da6d3bf@group-5EB55B0DB08A-LeaderElection6: Election REJECTED; received 2 response(s) [866e73f8-a49a-481c-a737-3f554da6d3bf<-d272b7d2-ec3d-4a91-a8d1-87c7434cd615#0:FAIL-t1, 866e73f8-a49a-481c-a737-3f554da6d3bf<-3bf84526-9b1d-4fb3-b5aa-fd4bf9db4807#0:FAIL-t1] and 0 exception(s); 866e73f8-a49a-481c-a737-3f554da6d3bf@group-5EB55B0DB08A:t1, leader=null, voted=866e73f8-a49a-481c-a737-3f554da6d3bf, raftlog=866e73f8-a49a-481c-a737-3f554da6d3bf@group-5EB55B0DB08A-SegmentedRaftLog:OPENED:c-1,f-1,i0, conf=-1: [d272b7d2-ec3d-4a91-a8d1-87c7434cd615:192.168.157.200:36074, 866e73f8-a49a-481c-a737-3f554da6d3bf:192.168.157.200:39603, 3bf84526-9b1d-4fb3-b5aa-fd4bf9db4807:192.168.157.200:41351], old=null
2019-11-13 14:36:17,710 [866e73f8-a49a-481c-a737-3f554da6d3bf@group-5EB55B0DB08A-LeaderElection6] INFO  impl.RaftServerImpl (RaftServerImpl.java:setRole(173)) - 866e73f8-a49a-481c-a737-3f554da6d3bf@group-5EB55B0DB08A: changes role from CANDIDATE to FOLLOWER at term 1 for DISCOVERED_A_NEW_TERM
2019-11-13 14:36:17,712 [866e73f8-a49a-481c-a737-3f554da6d3bf@group-5EB55B0DB08A-LeaderElection6] INFO  impl.RoleInfo (RoleInfo.java:shutdownLeaderElection(134)) - 866e73f8-a49a-481c-a737-3f554da6d3bf: shutdown LeaderElection
2019-11-13 14:36:17,712 [866e73f8-a49a-481c-a737-3f554da6d3bf@group-5EB55B0DB08A-LeaderElection6] INFO  impl.RoleInfo (RoleInfo.java:updateAndGet(143)) - 866e73f8-a49a-481c-a737-3f554da6d3bf: start FollowerState
2019-11-13 14:36:17,714 [d272b7d2-ec3d-4a91-a8d1-87c7434cd615@group-5EB55B0DB08A-LeaderElection7] INFO  impl.LeaderElection (LeaderElection.java:logAndReturn(56)) - d272b7d2-ec3d-4a91-a8d1-87c7434cd615@group-5EB55B0DB08A-LeaderElection7: Election REJECTED; received 2 response(s) [d272b7d2-ec3d-4a91-a8d1-87c7434cd615<-866e73f8-a49a-481c-a737-3f554da6d3bf#0:FAIL-t1, d272b7d2-ec3d-4a91-a8d1-87c7434cd615<-3bf84526-9b1d-4fb3-b5aa-fd4bf9db4807#0:FAIL-t1] and 0 exception(s); d272b7d2-ec3d-4a91-a8d1-87c7434cd615@group-5EB55B0DB08A:t1, leader=null, voted=d272b7d2-ec3d-4a91-a8d1-87c7434cd615, raftlog=d272b7d2-ec3d-4a91-a8d1-87c7434cd615@group-5EB55B0DB08A-SegmentedRaftLog:OPENED:c-1,f-1,i0, conf=-1: [d272b7d2-ec3d-4a91-a8d1-87c7434cd615:192.168.157.200:36074, 866e73f8-a49a-481c-a737-3f554da6d3bf:192.168.157.200:39603, 3bf84526-9b1d-4fb3-b5aa-fd4bf9db4807:192.168.157.200:41351], old=null
2019-11-13 14:36:17,715 [d272b7d2-ec3d-4a91-a8d1-87c7434cd615@group-5EB55B0DB08A-LeaderElection7] INFO  impl.RaftServerImpl (RaftServerImpl.java:setRole(173)) - d272b7d2-ec3d-4a91-a8d1-87c7434cd615@group-5EB55B0DB08A: changes role from CANDIDATE to FOLLOWER at term 1 for DISCOVERED_A_NEW_TERM
2019-11-13 14:36:17,716 [d272b7d2-ec3d-4a91-a8d1-87c7434cd615@group-5EB55B0DB08A-LeaderElection7] INFO  impl.RoleInfo (RoleInfo.java:shutdownLeaderElection(134)) - d272b7d2-ec3d-4a91-a8d1-87c7434cd615: shutdown LeaderElection
2019-11-13 14:36:17,716 [d272b7d2-ec3d-4a91-a8d1-87c7434cd615@group-5EB55B0DB08A-LeaderElection7] INFO  impl.RoleInfo (RoleInfo.java:updateAndGet(143)) - d272b7d2-ec3d-4a91-a8d1-87c7434cd615: start FollowerState
2019-11-13 14:36:17,720 [3bf84526-9b1d-4fb3-b5aa-fd4bf9db4807@group-5EB55B0DB08A-LeaderElection8] INFO  impl.LeaderElection (LeaderElection.java:logAndReturn(56)) - 3bf84526-9b1d-4fb3-b5aa-fd4bf9db4807@group-5EB55B0DB08A-LeaderElection8: Election REJECTED; received 2 response(s) [3bf84526-9b1d-4fb3-b5aa-fd4bf9db4807<-866e73f8-a49a-481c-a737-3f554da6d3bf#0:FAIL-t1, 3bf84526-9b1d-4fb3-b5aa-fd4bf9db4807<-d272b7d2-ec3d-4a91-a8d1-87c7434cd615#0:FAIL-t1] and 0 exception(s); 3bf84526-9b1d-4fb3-b5aa-fd4bf9db4807@group-5EB55B0DB08A:t1, leader=null, voted=3bf84526-9b1d-4fb3-b5aa-fd4bf9db4807, raftlog=3bf84526-9b1d-4fb3-b5aa-fd4bf9db4807@group-5EB55B0DB08A-SegmentedRaftLog:OPENED:c-1,f-1,i0, conf=-1: [d272b7d2-ec3d-4a91-a8d1-87c7434cd615:192.168.157.200:36074, 866e73f8-a49a-481c-a737-3f554da6d3bf:192.168.157.200:39603, 3bf84526-9b1d-4fb3-b5aa-fd4bf9db4807:192.168.157.200:41351], old=null
2019-11-13 14:36:17,721 [3bf84526-9b1d-4fb3-b5aa-fd4bf9db4807@group-5EB55B0DB08A-LeaderElection8] INFO  impl.RaftServerImpl (RaftServerImpl.java:setRole(173)) - 3bf84526-9b1d-4fb3-b5aa-fd4bf9db4807@group-5EB55B0DB08A: changes role from CANDIDATE to FOLLOWER at term 1 for DISCOVERED_A_NEW_TERM
2019-11-13 14:36:17,723 [3bf84526-9b1d-4fb3-b5aa-fd4bf9db4807@group-5EB55B0DB08A-LeaderElection8] INFO  impl.RoleInfo (RoleInfo.java:shutdownLeaderElection(134)) - 3bf84526-9b1d-4fb3-b5aa-fd4bf9db4807: shutdown LeaderElection
2019-11-13 14:36:17,723 [3bf84526-9b1d-4fb3-b5aa-fd4bf9db4807@group-5EB55B0DB08A-LeaderElection8] INFO  impl.RoleInfo (RoleInfo.java:updateAndGet(143)) - 3bf84526-9b1d-4fb3-b5aa-fd4bf9db4807: start FollowerState
]]></system-out>
    <system-err><![CDATA[ERROR StatusLogger No Log4j 2 configuration file found. Using default configuration (logging only errors to the console), or user programmatically provided configurations. Set system property 'log4j2.debug' to show Log4j 2 internal initialization logging. See https://logging.apache.org/log4j/2.x/manual/configuration.html for instructions on how to configure Log4j 2
]]></system-err>
  </testcase>
</testsuite>