<?xml version="1.0" encoding="UTF-8"?>
<testsuite xmlns:xsi="http://www.w3.org/2001/XMLSchema-instance" xsi:noNamespaceSchemaLocation="https://maven.apache.org/surefire/maven-surefire-plugin/xsd/surefire-test-report.xsd" name="org.apache.hadoop.fs.ozone.contract.ITestOzoneContractRename" time="225.31" tests="8" errors="1" skipped="0" failures="0">
  <properties>
    <property name="awt.toolkit" value="sun.awt.X11.XToolkit"/>
    <property name="file.encoding.pkg" value="sun.io"/>
    <property name="java.specification.version" value="1.8"/>
    <property name="sun.cpu.isalist" value=""/>
    <property name="sun.jnu.encoding" value="ANSI_X3.4-1968"/>
    <property name="java.class.path" value="/workdir/hadoop-ozone/ozonefs/target/test-classes:/workdir/hadoop-ozone/ozonefs/target/classes:/home/user/.m2/repository/org/apache/hadoop/hadoop-common/3.2.0/hadoop-common-3.2.0.jar:/home/user/.m2/repository/org/apache/hadoop/hadoop-annotations/3.2.0/hadoop-annotations-3.2.0.jar:/usr/lib/jvm/java-1.8.0-openjdk-1.8.0.222.b10-1.el7_7.x86_64/jre/../lib/tools.jar:/home/user/.m2/repository/com/google/guava/guava/11.0.2/guava-11.0.2.jar:/home/user/.m2/repository/commons-cli/commons-cli/1.2/commons-cli-1.2.jar:/home/user/.m2/repository/org/apache/commons/commons-math3/3.1.1/commons-math3-3.1.1.jar:/home/user/.m2/repository/commons-codec/commons-codec/1.11/commons-codec-1.11.jar:/home/user/.m2/repository/commons-io/commons-io/2.5/commons-io-2.5.jar:/home/user/.m2/repository/commons-net/commons-net/3.6/commons-net-3.6.jar:/home/user/.m2/repository/commons-collections/commons-collections/3.2.2/commons-collections-3.2.2.jar:/home/user/.m2/repository/javax/servlet/javax.servlet-api/3.1.0/javax.servlet-api-3.1.0.jar:/home/user/.m2/repository/org/eclipse/jetty/jetty-server/9.3.25.v20180904/jetty-server-9.3.25.v20180904.jar:/home/user/.m2/repository/org/eclipse/jetty/jetty-http/9.3.25.v20180904/jetty-http-9.3.25.v20180904.jar:/home/user/.m2/repository/org/eclipse/jetty/jetty-io/9.3.25.v20180904/jetty-io-9.3.25.v20180904.jar:/home/user/.m2/repository/org/eclipse/jetty/jetty-util/9.3.25.v20180904/jetty-util-9.3.25.v20180904.jar:/home/user/.m2/repository/org/eclipse/jetty/jetty-servlet/9.3.25.v20180904/jetty-servlet-9.3.25.v20180904.jar:/home/user/.m2/repository/org/eclipse/jetty/jetty-security/9.3.25.v20180904/jetty-security-9.3.25.v20180904.jar:/home/user/.m2/repository/org/eclipse/jetty/jetty-webapp/9.3.25.v20180904/jetty-webapp-9.3.25.v20180904.jar:/home/user/.m2/repository/org/eclipse/jetty/jetty-xml/9.3.25.v20180904/jetty-xml-9.3.25.v20180904.jar:/home/user/.m2/repository/javax/servlet/jsp/jsp-api/2.1/jsp-api-2.1.jar:/home/user/.m2/repository/com/sun/jersey/jersey-core/1.19/jersey-core-1.19.jar:/home/user/.m2/repository/javax/ws/rs/jsr311-api/1.1.1/jsr311-api-1.1.1.jar:/home/user/.m2/repository/com/sun/jersey/jersey-servlet/1.19/jersey-servlet-1.19.jar:/home/user/.m2/repository/com/sun/jersey/jersey-json/1.19/jersey-json-1.19.jar:/home/user/.m2/repository/org/codehaus/jettison/jettison/1.1/jettison-1.1.jar:/home/user/.m2/repository/com/sun/xml/bind/jaxb-impl/2.3.0.1/jaxb-impl-2.3.0.1.jar:/home/user/.m2/repository/org/codehaus/jackson/jackson-core-asl/1.9.13/jackson-core-asl-1.9.13.jar:/home/user/.m2/repository/org/codehaus/jackson/jackson-mapper-asl/1.9.13/jackson-mapper-asl-1.9.13.jar:/home/user/.m2/repository/org/codehaus/jackson/jackson-jaxrs/1.9.13/jackson-jaxrs-1.9.13.jar:/home/user/.m2/repository/org/codehaus/jackson/jackson-xc/1.9.13/jackson-xc-1.9.13.jar:/home/user/.m2/repository/com/sun/jersey/jersey-server/1.19/jersey-server-1.19.jar:/home/user/.m2/repository/commons-logging/commons-logging/1.1.3/commons-logging-1.1.3.jar:/home/user/.m2/repository/log4j/log4j/1.2.17/log4j-1.2.17.jar:/home/user/.m2/repository/commons-beanutils/commons-beanutils/1.9.4/commons-beanutils-1.9.4.jar:/home/user/.m2/repository/org/apache/commons/commons-configuration2/2.1.1/commons-configuration2-2.1.1.jar:/home/user/.m2/repository/org/apache/commons/commons-lang3/3.7/commons-lang3-3.7.jar:/home/user/.m2/repository/org/apache/commons/commons-text/1.4/commons-text-1.4.jar:/home/user/.m2/repository/org/slf4j/slf4j-api/1.7.25/slf4j-api-1.7.25.jar:/home/user/.m2/repository/org/slf4j/slf4j-log4j12/1.7.25/slf4j-log4j12-1.7.25.jar:/home/user/.m2/repository/org/apache/avro/avro/1.7.7/avro-1.7.7.jar:/home/user/.m2/repository/com/thoughtworks/paranamer/paranamer/2.3/paranamer-2.3.jar:/home/user/.m2/repository/org/xerial/snappy/snappy-java/1.0.5/snappy-java-1.0.5.jar:/home/user/.m2/repository/com/google/re2j/re2j/1.1/re2j-1.1.jar:/home/user/.m2/repository/com/google/protobuf/protobuf-java/2.5.0/protobuf-java-2.5.0.jar:/home/user/.m2/repository/com/google/code/gson/gson/2.2.4/gson-2.2.4.jar:/home/user/.m2/repository/org/apache/hadoop/hadoop-auth/3.2.0/hadoop-auth-3.2.0.jar:/home/user/.m2/repository/com/nimbusds/nimbus-jose-jwt/4.41.1/nimbus-jose-jwt-4.41.1.jar:/home/user/.m2/repository/com/github/stephenc/jcip/jcip-annotations/1.0-1/jcip-annotations-1.0-1.jar:/home/user/.m2/repository/net/minidev/json-smart/2.3/json-smart-2.3.jar:/home/user/.m2/repository/net/minidev/accessors-smart/1.2/accessors-smart-1.2.jar:/home/user/.m2/repository/org/apache/curator/curator-framework/2.12.0/curator-framework-2.12.0.jar:/home/user/.m2/repository/com/jcraft/jsch/0.1.54/jsch-0.1.54.jar:/home/user/.m2/repository/org/apache/curator/curator-client/2.12.0/curator-client-2.12.0.jar:/home/user/.m2/repository/org/apache/curator/curator-recipes/2.12.0/curator-recipes-2.12.0.jar:/home/user/.m2/repository/com/google/code/findbugs/jsr305/3.0.0/jsr305-3.0.0.jar:/home/user/.m2/repository/org/apache/htrace/htrace-core4/4.1.0-incubating/htrace-core4-4.1.0-incubating.jar:/home/user/.m2/repository/org/apache/zookeeper/zookeeper/3.4.13/zookeeper-3.4.13.jar:/home/user/.m2/repository/jline/jline/0.9.94/jline-0.9.94.jar:/home/user/.m2/repository/org/apache/yetus/audience-annotations/0.5.0/audience-annotations-0.5.0.jar:/home/user/.m2/repository/org/apache/commons/commons-compress/1.4.1/commons-compress-1.4.1.jar:/home/user/.m2/repository/org/tukaani/xz/1.0/xz-1.0.jar:/home/user/.m2/repository/org/apache/kerby/kerb-simplekdc/1.0.1/kerb-simplekdc-1.0.1.jar:/home/user/.m2/repository/org/apache/kerby/kerb-client/1.0.1/kerb-client-1.0.1.jar:/home/user/.m2/repository/org/apache/kerby/kerby-config/1.0.1/kerby-config-1.0.1.jar:/home/user/.m2/repository/org/apache/kerby/kerb-core/1.0.1/kerb-core-1.0.1.jar:/home/user/.m2/repository/org/apache/kerby/kerby-pkix/1.0.1/kerby-pkix-1.0.1.jar:/home/user/.m2/repository/org/apache/kerby/kerby-asn1/1.0.1/kerby-asn1-1.0.1.jar:/home/user/.m2/repository/org/apache/kerby/kerby-util/1.0.1/kerby-util-1.0.1.jar:/home/user/.m2/repository/org/apache/kerby/kerb-common/1.0.1/kerb-common-1.0.1.jar:/home/user/.m2/repository/org/apache/kerby/kerb-crypto/1.0.1/kerb-crypto-1.0.1.jar:/home/user/.m2/repository/org/apache/kerby/kerb-util/1.0.1/kerb-util-1.0.1.jar:/home/user/.m2/repository/org/apache/kerby/token-provider/1.0.1/token-provider-1.0.1.jar:/home/user/.m2/repository/org/apache/kerby/kerb-admin/1.0.1/kerb-admin-1.0.1.jar:/home/user/.m2/repository/org/apache/kerby/kerb-server/1.0.1/kerb-server-1.0.1.jar:/home/user/.m2/repository/org/apache/kerby/kerb-identity/1.0.1/kerb-identity-1.0.1.jar:/home/user/.m2/repository/org/apache/kerby/kerby-xdr/1.0.1/kerby-xdr-1.0.1.jar:/home/user/.m2/repository/com/fasterxml/jackson/core/jackson-databind/2.9.9/jackson-databind-2.9.9.jar:/home/user/.m2/repository/com/fasterxml/jackson/core/jackson-annotations/2.9.9/jackson-annotations-2.9.9.jar:/home/user/.m2/repository/com/fasterxml/jackson/core/jackson-core/2.9.9/jackson-core-2.9.9.jar:/home/user/.m2/repository/org/codehaus/woodstox/stax2-api/3.1.4/stax2-api-3.1.4.jar:/home/user/.m2/repository/com/fasterxml/woodstox/woodstox-core/5.0.3/woodstox-core-5.0.3.jar:/home/user/.m2/repository/dnsjava/dnsjava/2.1.7/dnsjava-2.1.7.jar:/home/user/.m2/repository/org/apache/hadoop/hadoop-hdfs/3.2.0/hadoop-hdfs-3.2.0.jar:/home/user/.m2/repository/org/eclipse/jetty/jetty-util-ajax/9.3.25.v20180904/jetty-util-ajax-9.3.25.v20180904.jar:/home/user/.m2/repository/commons-daemon/commons-daemon/1.0.13/commons-daemon-1.0.13.jar:/home/user/.m2/repository/io/netty/netty/3.10.5.Final/netty-3.10.5.Final.jar:/home/user/.m2/repository/io/netty/netty-all/4.0.52.Final/netty-all-4.0.52.Final.jar:/home/user/.m2/repository/org/fusesource/leveldbjni/leveldbjni-all/1.8/leveldbjni-all-1.8.jar:/home/user/.m2/repository/org/apache/hadoop/hadoop-hdds-common/0.5.0-SNAPSHOT/hadoop-hdds-common-0.5.0-SNAPSHOT.jar:/home/user/.m2/repository/org/apache/hadoop/hadoop-hdds-config/0.5.0-SNAPSHOT/hadoop-hdds-config-0.5.0-SNAPSHOT.jar:/home/user/.m2/repository/javax/annotation/javax.annotation-api/1.2/javax.annotation-api-1.2.jar:/home/user/.m2/repository/org/apache/ratis/ratis-server/0.5.0-ced7dbf-SNAPSHOT/ratis-server-0.5.0-ced7dbf-SNAPSHOT.jar:/home/user/.m2/repository/org/apache/ratis/ratis-thirdparty-misc/0.2.0/ratis-thirdparty-misc-0.2.0.jar:/home/user/.m2/repository/org/apache/ratis/ratis-proto/0.5.0-ced7dbf-SNAPSHOT/ratis-proto-0.5.0-ced7dbf-SNAPSHOT.jar:/home/user/.m2/repository/org/apache/ratis/ratis-common/0.5.0-ced7dbf-SNAPSHOT/ratis-common-0.5.0-ced7dbf-SNAPSHOT.jar:/home/user/.m2/repository/org/apache/ratis/ratis-client/0.5.0-ced7dbf-SNAPSHOT/ratis-client-0.5.0-ced7dbf-SNAPSHOT.jar:/home/user/.m2/repository/org/apache/ratis/ratis-metrics/0.5.0-ced7dbf-SNAPSHOT/ratis-metrics-0.5.0-ced7dbf-SNAPSHOT.jar:/home/user/.m2/repository/org/apache/ratis/ratis-netty/0.5.0-ced7dbf-SNAPSHOT/ratis-netty-0.5.0-ced7dbf-SNAPSHOT.jar:/home/user/.m2/repository/org/apache/ratis/ratis-grpc/0.5.0-ced7dbf-SNAPSHOT/ratis-grpc-0.5.0-ced7dbf-SNAPSHOT.jar:/home/user/.m2/repository/org/rocksdb/rocksdbjni/6.0.1/rocksdbjni-6.0.1.jar:/home/user/.m2/repository/org/apache/logging/log4j/log4j-api/2.11.0/log4j-api-2.11.0.jar:/home/user/.m2/repository/org/apache/logging/log4j/log4j-core/2.11.0/log4j-core-2.11.0.jar:/home/user/.m2/repository/com/lmax/disruptor/3.4.2/disruptor-3.4.2.jar:/home/user/.m2/repository/org/apache/commons/commons-pool2/2.6.0/commons-pool2-2.6.0.jar:/home/user/.m2/repository/org/bouncycastle/bcpkix-jdk15on/1.60/bcpkix-jdk15on-1.60.jar:/home/user/.m2/repository/commons-validator/commons-validator/1.6/commons-validator-1.6.jar:/home/user/.m2/repository/commons-digester/commons-digester/1.8.1/commons-digester-1.8.1.jar:/home/user/.m2/repository/io/jaegertracing/jaeger-client/0.34.0/jaeger-client-0.34.0.jar:/home/user/.m2/repository/io/jaegertracing/jaeger-thrift/0.34.0/jaeger-thrift-0.34.0.jar:/home/user/.m2/repository/org/apache/thrift/libthrift/0.12.0/libthrift-0.12.0.jar:/home/user/.m2/repository/com/squareup/okhttp3/okhttp/3.9.0/okhttp-3.9.0.jar:/home/user/.m2/repository/com/squareup/okio/okio/1.13.0/okio-1.13.0.jar:/home/user/.m2/repository/io/jaegertracing/jaeger-core/0.34.0/jaeger-core-0.34.0.jar:/home/user/.m2/repository/io/jaegertracing/jaeger-tracerresolver/0.34.0/jaeger-tracerresolver-0.34.0.jar:/home/user/.m2/repository/io/opentracing/contrib/opentracing-tracerresolver/0.1.5/opentracing-tracerresolver-0.1.5.jar:/home/user/.m2/repository/io/opentracing/opentracing-util/0.31.0/opentracing-util-0.31.0.jar:/home/user/.m2/repository/io/opentracing/opentracing-api/0.31.0/opentracing-api-0.31.0.jar:/home/user/.m2/repository/io/opentracing/opentracing-noop/0.31.0/opentracing-noop-0.31.0.jar:/home/user/.m2/repository/org/yaml/snakeyaml/1.16/snakeyaml-1.16.jar:/home/user/.m2/repository/org/apache/hadoop/hadoop-hdfs-client/3.2.0/hadoop-hdfs-client-3.2.0.jar:/home/user/.m2/repository/info/picocli/picocli/3.9.6/picocli-3.9.6.jar:/home/user/.m2/repository/org/apache/hadoop/hadoop-hdds-server-scm/0.5.0-SNAPSHOT/hadoop-hdds-server-scm-0.5.0-SNAPSHOT.jar:/home/user/.m2/repository/org/apache/hadoop/hadoop-hdds-docs/0.5.0-SNAPSHOT/hadoop-hdds-docs-0.5.0-SNAPSHOT.jar:/home/user/.m2/repository/io/dropwizard/metrics/metrics-core/3.2.4/metrics-core-3.2.4.jar:/home/user/.m2/repository/org/hamcrest/hamcrest-all/1.3/hamcrest-all-1.3.jar:/home/user/.m2/repository/org/bouncycastle/bcprov-jdk15on/1.60/bcprov-jdk15on-1.60.jar:/home/user/.m2/repository/org/apache/hadoop/hadoop-hdds-server-framework/0.5.0-SNAPSHOT/hadoop-hdds-server-framework-0.5.0-SNAPSHOT.jar:/home/user/.m2/repository/org/apache/hadoop/hadoop-ozone-ozone-manager/0.5.0-SNAPSHOT/hadoop-ozone-ozone-manager-0.5.0-SNAPSHOT.jar:/home/user/.m2/repository/org/apache/hadoop/hadoop-hdds-container-service/0.5.0-SNAPSHOT/hadoop-hdds-container-service-0.5.0-SNAPSHOT.jar:/home/user/.m2/repository/org/apache/hadoop/hadoop-hdds-client/0.5.0-SNAPSHOT/hadoop-hdds-client-0.5.0-SNAPSHOT.jar:/home/user/.m2/repository/org/apache/hadoop/hadoop-ozone-common/0.5.0-SNAPSHOT/hadoop-ozone-common-0.5.0-SNAPSHOT.jar:/home/user/.m2/repository/org/apache/hadoop/hadoop-hdds-tools/0.5.0-SNAPSHOT/hadoop-hdds-tools-0.5.0-SNAPSHOT.jar:/home/user/.m2/repository/org/xerial/sqlite-jdbc/3.25.2/sqlite-jdbc-3.25.2.jar:/home/user/.m2/repository/org/apache/httpcomponents/httpclient/4.5.2/httpclient-4.5.2.jar:/home/user/.m2/repository/org/apache/httpcomponents/httpcore/4.4.4/httpcore-4.4.4.jar:/home/user/.m2/repository/com/github/spotbugs/spotbugs/3.1.12/spotbugs-3.1.12.jar:/home/user/.m2/repository/org/ow2/asm/asm/5.0.4/asm-5.0.4.jar:/home/user/.m2/repository/org/ow2/asm/asm-analysis/7.0/asm-analysis-7.0.jar:/home/user/.m2/repository/org/ow2/asm/asm-commons/7.0/asm-commons-7.0.jar:/home/user/.m2/repository/org/ow2/asm/asm-tree/7.0/asm-tree-7.0.jar:/home/user/.m2/repository/org/ow2/asm/asm-util/7.0/asm-util-7.0.jar:/home/user/.m2/repository/org/apache/bcel/bcel/6.3/bcel-6.3.jar:/home/user/.m2/repository/net/jcip/jcip-annotations/1.0/jcip-annotations-1.0.jar:/home/user/.m2/repository/org/dom4j/dom4j/2.1.1/dom4j-2.1.1.jar:/home/user/.m2/repository/jaxen/jaxen/1.1.6/jaxen-1.1.6.jar:/home/user/.m2/repository/commons-lang/commons-lang/2.6/commons-lang-2.6.jar:/home/user/.m2/repository/com/github/spotbugs/spotbugs-annotations/3.1.12/spotbugs-annotations-3.1.12.jar:/home/user/.m2/repository/org/apache/hadoop/hadoop-common/3.2.0/hadoop-common-3.2.0-tests.jar:/home/user/.m2/repository/org/apache/hadoop/hadoop-ozone-client/0.5.0-SNAPSHOT/hadoop-ozone-client-0.5.0-SNAPSHOT.jar:/home/user/.m2/repository/org/apache/hadoop/hadoop-hdfs/3.2.0/hadoop-hdfs-3.2.0-tests.jar:/workdir/hadoop-ozone/integration-test/target/test-classes:/home/user/.m2/repository/org/apache/hadoop/hadoop-ozone-s3gateway/0.5.0-SNAPSHOT/hadoop-ozone-s3gateway-0.5.0-SNAPSHOT.jar:/home/user/.m2/repository/org/jboss/weld/servlet/weld-servlet/2.4.7.Final/weld-servlet-2.4.7.Final.jar:/home/user/.m2/repository/org/glassfish/jersey/containers/jersey-container-servlet-core/2.27/jersey-container-servlet-core-2.27.jar:/home/user/.m2/repository/org/glassfish/hk2/external/javax.inject/2.5.0-b42/javax.inject-2.5.0-b42.jar:/home/user/.m2/repository/org/glassfish/jersey/core/jersey-common/2.27/jersey-common-2.27.jar:/home/user/.m2/repository/org/glassfish/hk2/osgi-resource-locator/1.0.1/osgi-resource-locator-1.0.1.jar:/home/user/.m2/repository/javax/ws/rs/javax.ws.rs-api/2.1/javax.ws.rs-api-2.1.jar:/home/user/.m2/repository/org/glassfish/jersey/ext/cdi/jersey-cdi1x/2.27/jersey-cdi1x-2.27.jar:/home/user/.m2/repository/org/glassfish/jersey/inject/jersey-hk2/2.27/jersey-hk2-2.27.jar:/home/user/.m2/repository/org/glassfish/hk2/hk2-locator/2.5.0-b42/hk2-locator-2.5.0-b42.jar:/home/user/.m2/repository/org/javassist/javassist/3.22.0-CR2/javassist-3.22.0-CR2.jar:/home/user/.m2/repository/org/glassfish/hk2/hk2-api/2.5.0/hk2-api-2.5.0.jar:/home/user/.m2/repository/org/glassfish/hk2/external/jakarta.inject/2.5.0/jakarta.inject-2.5.0.jar:/home/user/.m2/repository/org/glassfish/hk2/hk2-utils/2.5.0/hk2-utils-2.5.0.jar:/home/user/.m2/repository/jakarta/annotation/jakarta.annotation-api/1.3.4/jakarta.annotation-api-1.3.4.jar:/home/user/.m2/repository/org/glassfish/hk2/external/aopalliance-repackaged/2.5.0/aopalliance-repackaged-2.5.0.jar:/home/user/.m2/repository/com/fasterxml/jackson/dataformat/jackson-dataformat-xml/2.9.0/jackson-dataformat-xml-2.9.0.jar:/home/user/.m2/repository/com/fasterxml/jackson/module/jackson-module-jaxb-annotations/2.9.9/jackson-module-jaxb-annotations-2.9.9.jar:/home/user/.m2/repository/javax/enterprise/cdi-api/1.2/cdi-api-1.2.jar:/home/user/.m2/repository/javax/el/javax.el-api/3.0.0/javax.el-api-3.0.0.jar:/home/user/.m2/repository/javax/interceptor/javax.interceptor-api/1.2/javax.interceptor-api-1.2.jar:/home/user/.m2/repository/javax/inject/javax.inject/1/javax.inject-1.jar:/home/user/.m2/repository/com/sun/xml/bind/jaxb-core/2.3.0.1/jaxb-core-2.3.0.1.jar:/home/user/.m2/repository/javax/xml/bind/jaxb-api/2.3.0/jaxb-api-2.3.0.jar:/home/user/.m2/repository/javax/activation/activation/1.1.1/activation-1.1.1.jar:/home/user/.m2/repository/org/apache/hadoop/hadoop-ozone-csi/0.5.0-SNAPSHOT/hadoop-ozone-csi-0.5.0-SNAPSHOT.jar:/home/user/.m2/repository/com/google/protobuf/protobuf-java-util/3.5.1/protobuf-java-util-3.5.1.jar:/home/user/.m2/repository/io/grpc/grpc-netty/1.17.1/grpc-netty-1.17.1.jar:/home/user/.m2/repository/io/grpc/grpc-core/1.17.1/grpc-core-1.17.1.jar:/home/user/.m2/repository/io/grpc/grpc-context/1.17.1/grpc-context-1.17.1.jar:/home/user/.m2/repository/com/google/errorprone/error_prone_annotations/2.2.0/error_prone_annotations-2.2.0.jar:/home/user/.m2/repository/org/codehaus/mojo/animal-sniffer-annotations/1.17/animal-sniffer-annotations-1.17.jar:/home/user/.m2/repository/io/opencensus/opencensus-api/0.17.0/opencensus-api-0.17.0.jar:/home/user/.m2/repository/io/opencensus/opencensus-contrib-grpc-metrics/0.17.0/opencensus-contrib-grpc-metrics-0.17.0.jar:/home/user/.m2/repository/io/netty/netty-codec-http2/4.1.30.Final/netty-codec-http2-4.1.30.Final.jar:/home/user/.m2/repository/io/netty/netty-codec-http/4.1.30.Final/netty-codec-http-4.1.30.Final.jar:/home/user/.m2/repository/io/netty/netty-codec/4.1.30.Final/netty-codec-4.1.30.Final.jar:/home/user/.m2/repository/io/netty/netty-handler/4.1.30.Final/netty-handler-4.1.30.Final.jar:/home/user/.m2/repository/io/netty/netty-handler-proxy/4.1.30.Final/netty-handler-proxy-4.1.30.Final.jar:/home/user/.m2/repository/io/netty/netty-codec-socks/4.1.30.Final/netty-codec-socks-4.1.30.Final.jar:/home/user/.m2/repository/io/netty/netty-transport-native-epoll/4.1.30.Final/netty-transport-native-epoll-4.1.30.Final.jar:/home/user/.m2/repository/io/netty/netty-common/4.1.30.Final/netty-common-4.1.30.Final.jar:/home/user/.m2/repository/io/netty/netty-buffer/4.1.30.Final/netty-buffer-4.1.30.Final.jar:/home/user/.m2/repository/io/netty/netty-transport/4.1.30.Final/netty-transport-4.1.30.Final.jar:/home/user/.m2/repository/io/netty/netty-resolver/4.1.30.Final/netty-resolver-4.1.30.Final.jar:/home/user/.m2/repository/io/netty/netty-transport-native-unix-common/4.1.30.Final/netty-transport-native-unix-common-4.1.30.Final.jar:/home/user/.m2/repository/io/grpc/grpc-protobuf/1.17.1/grpc-protobuf-1.17.1.jar:/home/user/.m2/repository/com/google/api/grpc/proto-google-common-protos/1.0.0/proto-google-common-protos-1.0.0.jar:/home/user/.m2/repository/io/grpc/grpc-protobuf-lite/1.17.1/grpc-protobuf-lite-1.17.1.jar:/home/user/.m2/repository/io/grpc/grpc-stub/1.17.1/grpc-stub-1.17.1.jar:/home/user/.m2/repository/org/apache/hadoop/hadoop-ozone-recon/0.5.0-SNAPSHOT/hadoop-ozone-recon-0.5.0-SNAPSHOT.jar:/home/user/.m2/repository/org/apache/hadoop/hadoop-ozone-reconcodegen/0.5.0-SNAPSHOT/hadoop-ozone-reconcodegen-0.5.0-SNAPSHOT.jar:/home/user/.m2/repository/com/google/inject/extensions/guice-multibindings/4.0/guice-multibindings-4.0.jar:/home/user/.m2/repository/com/google/inject/guice/4.0/guice-4.0.jar:/home/user/.m2/repository/aopalliance/aopalliance/1.0/aopalliance-1.0.jar:/home/user/.m2/repository/org/glassfish/jersey/containers/jersey-container-servlet/2.27/jersey-container-servlet-2.27.jar:/home/user/.m2/repository/org/glassfish/hk2/guice-bridge/2.5.0/guice-bridge-2.5.0.jar:/home/user/.m2/repository/org/glassfish/jersey/core/jersey-server/2.27/jersey-server-2.27.jar:/home/user/.m2/repository/org/glassfish/jersey/core/jersey-client/2.27/jersey-client-2.27.jar:/home/user/.m2/repository/org/glassfish/jersey/media/jersey-media-jaxb/2.27/jersey-media-jaxb-2.27.jar:/home/user/.m2/repository/javax/validation/validation-api/1.1.0.Final/validation-api-1.1.0.Final.jar:/home/user/.m2/repository/org/glassfish/jersey/media/jersey-media-json-jackson/2.27/jersey-media-json-jackson-2.27.jar:/home/user/.m2/repository/org/glassfish/jersey/ext/jersey-entity-filtering/2.27/jersey-entity-filtering-2.27.jar:/home/user/.m2/repository/com/google/inject/extensions/guice-assistedinject/4.0/guice-assistedinject-4.0.jar:/home/user/.m2/repository/org/jooq/jooq/3.11.10/jooq-3.11.10.jar:/home/user/.m2/repository/org/jooq/jooq-meta/3.11.10/jooq-meta-3.11.10.jar:/home/user/.m2/repository/org/jooq/jooq-codegen/3.11.10/jooq-codegen-3.11.10.jar:/home/user/.m2/repository/com/jolbox/bonecp/0.8.0.RELEASE/bonecp-0.8.0.RELEASE.jar:/home/user/.m2/repository/org/springframework/spring-jdbc/5.1.3.RELEASE/spring-jdbc-5.1.3.RELEASE.jar:/home/user/.m2/repository/org/springframework/spring-beans/5.1.3.RELEASE/spring-beans-5.1.3.RELEASE.jar:/home/user/.m2/repository/org/springframework/spring-core/5.1.3.RELEASE/spring-core-5.1.3.RELEASE.jar:/home/user/.m2/repository/org/springframework/spring-jcl/5.1.3.RELEASE/spring-jcl-5.1.3.RELEASE.jar:/home/user/.m2/repository/org/springframework/spring-tx/5.1.3.RELEASE/spring-tx-5.1.3.RELEASE.jar:/home/user/.m2/repository/org/mockito/mockito-all/1.10.19/mockito-all-1.10.19.jar:/home/user/.m2/repository/junit/junit/4.11/junit-4.11.jar:/home/user/.m2/repository/org/hamcrest/hamcrest-core/1.3/hamcrest-core-1.3.jar:/home/user/.m2/repository/org/apache/hadoop/hadoop-distcp/3.2.0/hadoop-distcp-3.2.0.jar:/home/user/.m2/repository/org/apache/hadoop/hadoop-distcp/3.2.0/hadoop-distcp-3.2.0-tests.jar:/home/user/.m2/repository/org/apache/hadoop/hadoop-mapreduce-client-jobclient/3.2.0/hadoop-mapreduce-client-jobclient-3.2.0.jar:/home/user/.m2/repository/org/apache/hadoop/hadoop-mapreduce-client-common/3.2.0/hadoop-mapreduce-client-common-3.2.0.jar:/home/user/.m2/repository/org/apache/hadoop/hadoop-yarn-common/3.2.0/hadoop-yarn-common-3.2.0.jar:/home/user/.m2/repository/org/apache/hadoop/hadoop-yarn-api/3.2.0/hadoop-yarn-api-3.2.0.jar:/home/user/.m2/repository/com/sun/jersey/jersey-client/1.19/jersey-client-1.19.jar:/home/user/.m2/repository/com/sun/jersey/contribs/jersey-guice/1.19/jersey-guice-1.19.jar:/home/user/.m2/repository/com/fasterxml/jackson/jaxrs/jackson-jaxrs-json-provider/2.9.9/jackson-jaxrs-json-provider-2.9.9.jar:/home/user/.m2/repository/com/fasterxml/jackson/jaxrs/jackson-jaxrs-base/2.9.9/jackson-jaxrs-base-2.9.9.jar:/home/user/.m2/repository/org/apache/hadoop/hadoop-yarn-client/3.2.0/hadoop-yarn-client-3.2.0.jar:/home/user/.m2/repository/org/apache/hadoop/hadoop-mapreduce-client-core/3.2.0/hadoop-mapreduce-client-core-3.2.0.jar:/home/user/.m2/repository/com/google/inject/extensions/guice-servlet/4.0/guice-servlet-4.0.jar:/home/user/.m2/repository/org/powermock/powermock-module-junit4/1.6.5/powermock-module-junit4-1.6.5.jar:/home/user/.m2/repository/org/powermock/powermock-module-junit4-common/1.6.5/powermock-module-junit4-common-1.6.5.jar:/home/user/.m2/repository/org/powermock/powermock-core/1.6.5/powermock-core-1.6.5.jar:/home/user/.m2/repository/org/powermock/powermock-reflect/1.6.5/powermock-reflect-1.6.5.jar:/home/user/.m2/repository/org/powermock/powermock-api-mockito/1.6.5/powermock-api-mockito-1.6.5.jar:/home/user/.m2/repository/org/mockito/mockito-core/1.10.19/mockito-core-1.10.19.jar:/home/user/.m2/repository/org/objenesis/objenesis/1.0/objenesis-1.0.jar:/home/user/.m2/repository/org/powermock/powermock-api-mockito-common/1.6.5/powermock-api-mockito-common-1.6.5.jar:/home/user/.m2/repository/org/powermock/powermock-api-support/1.6.5/powermock-api-support-1.6.5.jar:"/>
    <property name="java.vm.vendor" value="Oracle Corporation"/>
    <property name="sun.arch.data.model" value="64"/>
    <property name="test.build.dir" value="/workdir/hadoop-ozone/ozonefs/target/test-dir"/>
    <property name="test.cache.data" value=""/>
    <property name="java.vendor.url" value="http://java.oracle.com/"/>
    <property name="user.timezone" value=""/>
    <property name="java.vm.specification.version" value="1.8"/>
    <property name="os.name" value="Linux"/>
    <property name="test.build.data" value="/workdir/hadoop-ozone/ozonefs/target/test-dir"/>
    <property name="user.country" value="US"/>
    <property name="sun.java.launcher" value="SUN_STANDARD"/>
    <property name="sun.boot.library.path" value="/usr/lib/jvm/java-1.8.0-openjdk-1.8.0.222.b10-1.el7_7.x86_64/jre/lib/amd64"/>
    <property name="sun.java.command" value="/workdir/hadoop-ozone/ozonefs/target/surefire/surefirebooter893932767123132083.jar /workdir/hadoop-ozone/ozonefs/target/surefire 2019-11-07T13-11-59_333-jvmRun1 surefire155673154799886795tmp surefire_95867272379450465969tmp"/>
    <property name="surefire.test.class.path" value="/workdir/hadoop-ozone/ozonefs/target/test-classes:/workdir/hadoop-ozone/ozonefs/target/classes:/home/user/.m2/repository/org/apache/hadoop/hadoop-common/3.2.0/hadoop-common-3.2.0.jar:/home/user/.m2/repository/org/apache/hadoop/hadoop-annotations/3.2.0/hadoop-annotations-3.2.0.jar:/usr/lib/jvm/java-1.8.0-openjdk-1.8.0.222.b10-1.el7_7.x86_64/jre/../lib/tools.jar:/home/user/.m2/repository/com/google/guava/guava/11.0.2/guava-11.0.2.jar:/home/user/.m2/repository/commons-cli/commons-cli/1.2/commons-cli-1.2.jar:/home/user/.m2/repository/org/apache/commons/commons-math3/3.1.1/commons-math3-3.1.1.jar:/home/user/.m2/repository/commons-codec/commons-codec/1.11/commons-codec-1.11.jar:/home/user/.m2/repository/commons-io/commons-io/2.5/commons-io-2.5.jar:/home/user/.m2/repository/commons-net/commons-net/3.6/commons-net-3.6.jar:/home/user/.m2/repository/commons-collections/commons-collections/3.2.2/commons-collections-3.2.2.jar:/home/user/.m2/repository/javax/servlet/javax.servlet-api/3.1.0/javax.servlet-api-3.1.0.jar:/home/user/.m2/repository/org/eclipse/jetty/jetty-server/9.3.25.v20180904/jetty-server-9.3.25.v20180904.jar:/home/user/.m2/repository/org/eclipse/jetty/jetty-http/9.3.25.v20180904/jetty-http-9.3.25.v20180904.jar:/home/user/.m2/repository/org/eclipse/jetty/jetty-io/9.3.25.v20180904/jetty-io-9.3.25.v20180904.jar:/home/user/.m2/repository/org/eclipse/jetty/jetty-util/9.3.25.v20180904/jetty-util-9.3.25.v20180904.jar:/home/user/.m2/repository/org/eclipse/jetty/jetty-servlet/9.3.25.v20180904/jetty-servlet-9.3.25.v20180904.jar:/home/user/.m2/repository/org/eclipse/jetty/jetty-security/9.3.25.v20180904/jetty-security-9.3.25.v20180904.jar:/home/user/.m2/repository/org/eclipse/jetty/jetty-webapp/9.3.25.v20180904/jetty-webapp-9.3.25.v20180904.jar:/home/user/.m2/repository/org/eclipse/jetty/jetty-xml/9.3.25.v20180904/jetty-xml-9.3.25.v20180904.jar:/home/user/.m2/repository/javax/servlet/jsp/jsp-api/2.1/jsp-api-2.1.jar:/home/user/.m2/repository/com/sun/jersey/jersey-core/1.19/jersey-core-1.19.jar:/home/user/.m2/repository/javax/ws/rs/jsr311-api/1.1.1/jsr311-api-1.1.1.jar:/home/user/.m2/repository/com/sun/jersey/jersey-servlet/1.19/jersey-servlet-1.19.jar:/home/user/.m2/repository/com/sun/jersey/jersey-json/1.19/jersey-json-1.19.jar:/home/user/.m2/repository/org/codehaus/jettison/jettison/1.1/jettison-1.1.jar:/home/user/.m2/repository/com/sun/xml/bind/jaxb-impl/2.3.0.1/jaxb-impl-2.3.0.1.jar:/home/user/.m2/repository/org/codehaus/jackson/jackson-core-asl/1.9.13/jackson-core-asl-1.9.13.jar:/home/user/.m2/repository/org/codehaus/jackson/jackson-mapper-asl/1.9.13/jackson-mapper-asl-1.9.13.jar:/home/user/.m2/repository/org/codehaus/jackson/jackson-jaxrs/1.9.13/jackson-jaxrs-1.9.13.jar:/home/user/.m2/repository/org/codehaus/jackson/jackson-xc/1.9.13/jackson-xc-1.9.13.jar:/home/user/.m2/repository/com/sun/jersey/jersey-server/1.19/jersey-server-1.19.jar:/home/user/.m2/repository/commons-logging/commons-logging/1.1.3/commons-logging-1.1.3.jar:/home/user/.m2/repository/log4j/log4j/1.2.17/log4j-1.2.17.jar:/home/user/.m2/repository/commons-beanutils/commons-beanutils/1.9.4/commons-beanutils-1.9.4.jar:/home/user/.m2/repository/org/apache/commons/commons-configuration2/2.1.1/commons-configuration2-2.1.1.jar:/home/user/.m2/repository/org/apache/commons/commons-lang3/3.7/commons-lang3-3.7.jar:/home/user/.m2/repository/org/apache/commons/commons-text/1.4/commons-text-1.4.jar:/home/user/.m2/repository/org/slf4j/slf4j-api/1.7.25/slf4j-api-1.7.25.jar:/home/user/.m2/repository/org/slf4j/slf4j-log4j12/1.7.25/slf4j-log4j12-1.7.25.jar:/home/user/.m2/repository/org/apache/avro/avro/1.7.7/avro-1.7.7.jar:/home/user/.m2/repository/com/thoughtworks/paranamer/paranamer/2.3/paranamer-2.3.jar:/home/user/.m2/repository/org/xerial/snappy/snappy-java/1.0.5/snappy-java-1.0.5.jar:/home/user/.m2/repository/com/google/re2j/re2j/1.1/re2j-1.1.jar:/home/user/.m2/repository/com/google/protobuf/protobuf-java/2.5.0/protobuf-java-2.5.0.jar:/home/user/.m2/repository/com/google/code/gson/gson/2.2.4/gson-2.2.4.jar:/home/user/.m2/repository/org/apache/hadoop/hadoop-auth/3.2.0/hadoop-auth-3.2.0.jar:/home/user/.m2/repository/com/nimbusds/nimbus-jose-jwt/4.41.1/nimbus-jose-jwt-4.41.1.jar:/home/user/.m2/repository/com/github/stephenc/jcip/jcip-annotations/1.0-1/jcip-annotations-1.0-1.jar:/home/user/.m2/repository/net/minidev/json-smart/2.3/json-smart-2.3.jar:/home/user/.m2/repository/net/minidev/accessors-smart/1.2/accessors-smart-1.2.jar:/home/user/.m2/repository/org/apache/curator/curator-framework/2.12.0/curator-framework-2.12.0.jar:/home/user/.m2/repository/com/jcraft/jsch/0.1.54/jsch-0.1.54.jar:/home/user/.m2/repository/org/apache/curator/curator-client/2.12.0/curator-client-2.12.0.jar:/home/user/.m2/repository/org/apache/curator/curator-recipes/2.12.0/curator-recipes-2.12.0.jar:/home/user/.m2/repository/com/google/code/findbugs/jsr305/3.0.0/jsr305-3.0.0.jar:/home/user/.m2/repository/org/apache/htrace/htrace-core4/4.1.0-incubating/htrace-core4-4.1.0-incubating.jar:/home/user/.m2/repository/org/apache/zookeeper/zookeeper/3.4.13/zookeeper-3.4.13.jar:/home/user/.m2/repository/jline/jline/0.9.94/jline-0.9.94.jar:/home/user/.m2/repository/org/apache/yetus/audience-annotations/0.5.0/audience-annotations-0.5.0.jar:/home/user/.m2/repository/org/apache/commons/commons-compress/1.4.1/commons-compress-1.4.1.jar:/home/user/.m2/repository/org/tukaani/xz/1.0/xz-1.0.jar:/home/user/.m2/repository/org/apache/kerby/kerb-simplekdc/1.0.1/kerb-simplekdc-1.0.1.jar:/home/user/.m2/repository/org/apache/kerby/kerb-client/1.0.1/kerb-client-1.0.1.jar:/home/user/.m2/repository/org/apache/kerby/kerby-config/1.0.1/kerby-config-1.0.1.jar:/home/user/.m2/repository/org/apache/kerby/kerb-core/1.0.1/kerb-core-1.0.1.jar:/home/user/.m2/repository/org/apache/kerby/kerby-pkix/1.0.1/kerby-pkix-1.0.1.jar:/home/user/.m2/repository/org/apache/kerby/kerby-asn1/1.0.1/kerby-asn1-1.0.1.jar:/home/user/.m2/repository/org/apache/kerby/kerby-util/1.0.1/kerby-util-1.0.1.jar:/home/user/.m2/repository/org/apache/kerby/kerb-common/1.0.1/kerb-common-1.0.1.jar:/home/user/.m2/repository/org/apache/kerby/kerb-crypto/1.0.1/kerb-crypto-1.0.1.jar:/home/user/.m2/repository/org/apache/kerby/kerb-util/1.0.1/kerb-util-1.0.1.jar:/home/user/.m2/repository/org/apache/kerby/token-provider/1.0.1/token-provider-1.0.1.jar:/home/user/.m2/repository/org/apache/kerby/kerb-admin/1.0.1/kerb-admin-1.0.1.jar:/home/user/.m2/repository/org/apache/kerby/kerb-server/1.0.1/kerb-server-1.0.1.jar:/home/user/.m2/repository/org/apache/kerby/kerb-identity/1.0.1/kerb-identity-1.0.1.jar:/home/user/.m2/repository/org/apache/kerby/kerby-xdr/1.0.1/kerby-xdr-1.0.1.jar:/home/user/.m2/repository/com/fasterxml/jackson/core/jackson-databind/2.9.9/jackson-databind-2.9.9.jar:/home/user/.m2/repository/com/fasterxml/jackson/core/jackson-annotations/2.9.9/jackson-annotations-2.9.9.jar:/home/user/.m2/repository/com/fasterxml/jackson/core/jackson-core/2.9.9/jackson-core-2.9.9.jar:/home/user/.m2/repository/org/codehaus/woodstox/stax2-api/3.1.4/stax2-api-3.1.4.jar:/home/user/.m2/repository/com/fasterxml/woodstox/woodstox-core/5.0.3/woodstox-core-5.0.3.jar:/home/user/.m2/repository/dnsjava/dnsjava/2.1.7/dnsjava-2.1.7.jar:/home/user/.m2/repository/org/apache/hadoop/hadoop-hdfs/3.2.0/hadoop-hdfs-3.2.0.jar:/home/user/.m2/repository/org/eclipse/jetty/jetty-util-ajax/9.3.25.v20180904/jetty-util-ajax-9.3.25.v20180904.jar:/home/user/.m2/repository/commons-daemon/commons-daemon/1.0.13/commons-daemon-1.0.13.jar:/home/user/.m2/repository/io/netty/netty/3.10.5.Final/netty-3.10.5.Final.jar:/home/user/.m2/repository/io/netty/netty-all/4.0.52.Final/netty-all-4.0.52.Final.jar:/home/user/.m2/repository/org/fusesource/leveldbjni/leveldbjni-all/1.8/leveldbjni-all-1.8.jar:/home/user/.m2/repository/org/apache/hadoop/hadoop-hdds-common/0.5.0-SNAPSHOT/hadoop-hdds-common-0.5.0-SNAPSHOT.jar:/home/user/.m2/repository/org/apache/hadoop/hadoop-hdds-config/0.5.0-SNAPSHOT/hadoop-hdds-config-0.5.0-SNAPSHOT.jar:/home/user/.m2/repository/javax/annotation/javax.annotation-api/1.2/javax.annotation-api-1.2.jar:/home/user/.m2/repository/org/apache/ratis/ratis-server/0.5.0-ced7dbf-SNAPSHOT/ratis-server-0.5.0-ced7dbf-SNAPSHOT.jar:/home/user/.m2/repository/org/apache/ratis/ratis-thirdparty-misc/0.2.0/ratis-thirdparty-misc-0.2.0.jar:/home/user/.m2/repository/org/apache/ratis/ratis-proto/0.5.0-ced7dbf-SNAPSHOT/ratis-proto-0.5.0-ced7dbf-SNAPSHOT.jar:/home/user/.m2/repository/org/apache/ratis/ratis-common/0.5.0-ced7dbf-SNAPSHOT/ratis-common-0.5.0-ced7dbf-SNAPSHOT.jar:/home/user/.m2/repository/org/apache/ratis/ratis-client/0.5.0-ced7dbf-SNAPSHOT/ratis-client-0.5.0-ced7dbf-SNAPSHOT.jar:/home/user/.m2/repository/org/apache/ratis/ratis-metrics/0.5.0-ced7dbf-SNAPSHOT/ratis-metrics-0.5.0-ced7dbf-SNAPSHOT.jar:/home/user/.m2/repository/org/apache/ratis/ratis-netty/0.5.0-ced7dbf-SNAPSHOT/ratis-netty-0.5.0-ced7dbf-SNAPSHOT.jar:/home/user/.m2/repository/org/apache/ratis/ratis-grpc/0.5.0-ced7dbf-SNAPSHOT/ratis-grpc-0.5.0-ced7dbf-SNAPSHOT.jar:/home/user/.m2/repository/org/rocksdb/rocksdbjni/6.0.1/rocksdbjni-6.0.1.jar:/home/user/.m2/repository/org/apache/logging/log4j/log4j-api/2.11.0/log4j-api-2.11.0.jar:/home/user/.m2/repository/org/apache/logging/log4j/log4j-core/2.11.0/log4j-core-2.11.0.jar:/home/user/.m2/repository/com/lmax/disruptor/3.4.2/disruptor-3.4.2.jar:/home/user/.m2/repository/org/apache/commons/commons-pool2/2.6.0/commons-pool2-2.6.0.jar:/home/user/.m2/repository/org/bouncycastle/bcpkix-jdk15on/1.60/bcpkix-jdk15on-1.60.jar:/home/user/.m2/repository/commons-validator/commons-validator/1.6/commons-validator-1.6.jar:/home/user/.m2/repository/commons-digester/commons-digester/1.8.1/commons-digester-1.8.1.jar:/home/user/.m2/repository/io/jaegertracing/jaeger-client/0.34.0/jaeger-client-0.34.0.jar:/home/user/.m2/repository/io/jaegertracing/jaeger-thrift/0.34.0/jaeger-thrift-0.34.0.jar:/home/user/.m2/repository/org/apache/thrift/libthrift/0.12.0/libthrift-0.12.0.jar:/home/user/.m2/repository/com/squareup/okhttp3/okhttp/3.9.0/okhttp-3.9.0.jar:/home/user/.m2/repository/com/squareup/okio/okio/1.13.0/okio-1.13.0.jar:/home/user/.m2/repository/io/jaegertracing/jaeger-core/0.34.0/jaeger-core-0.34.0.jar:/home/user/.m2/repository/io/jaegertracing/jaeger-tracerresolver/0.34.0/jaeger-tracerresolver-0.34.0.jar:/home/user/.m2/repository/io/opentracing/contrib/opentracing-tracerresolver/0.1.5/opentracing-tracerresolver-0.1.5.jar:/home/user/.m2/repository/io/opentracing/opentracing-util/0.31.0/opentracing-util-0.31.0.jar:/home/user/.m2/repository/io/opentracing/opentracing-api/0.31.0/opentracing-api-0.31.0.jar:/home/user/.m2/repository/io/opentracing/opentracing-noop/0.31.0/opentracing-noop-0.31.0.jar:/home/user/.m2/repository/org/yaml/snakeyaml/1.16/snakeyaml-1.16.jar:/home/user/.m2/repository/org/apache/hadoop/hadoop-hdfs-client/3.2.0/hadoop-hdfs-client-3.2.0.jar:/home/user/.m2/repository/info/picocli/picocli/3.9.6/picocli-3.9.6.jar:/home/user/.m2/repository/org/apache/hadoop/hadoop-hdds-server-scm/0.5.0-SNAPSHOT/hadoop-hdds-server-scm-0.5.0-SNAPSHOT.jar:/home/user/.m2/repository/org/apache/hadoop/hadoop-hdds-docs/0.5.0-SNAPSHOT/hadoop-hdds-docs-0.5.0-SNAPSHOT.jar:/home/user/.m2/repository/io/dropwizard/metrics/metrics-core/3.2.4/metrics-core-3.2.4.jar:/home/user/.m2/repository/org/hamcrest/hamcrest-all/1.3/hamcrest-all-1.3.jar:/home/user/.m2/repository/org/bouncycastle/bcprov-jdk15on/1.60/bcprov-jdk15on-1.60.jar:/home/user/.m2/repository/org/apache/hadoop/hadoop-hdds-server-framework/0.5.0-SNAPSHOT/hadoop-hdds-server-framework-0.5.0-SNAPSHOT.jar:/home/user/.m2/repository/org/apache/hadoop/hadoop-ozone-ozone-manager/0.5.0-SNAPSHOT/hadoop-ozone-ozone-manager-0.5.0-SNAPSHOT.jar:/home/user/.m2/repository/org/apache/hadoop/hadoop-hdds-container-service/0.5.0-SNAPSHOT/hadoop-hdds-container-service-0.5.0-SNAPSHOT.jar:/home/user/.m2/repository/org/apache/hadoop/hadoop-hdds-client/0.5.0-SNAPSHOT/hadoop-hdds-client-0.5.0-SNAPSHOT.jar:/home/user/.m2/repository/org/apache/hadoop/hadoop-ozone-common/0.5.0-SNAPSHOT/hadoop-ozone-common-0.5.0-SNAPSHOT.jar:/home/user/.m2/repository/org/apache/hadoop/hadoop-hdds-tools/0.5.0-SNAPSHOT/hadoop-hdds-tools-0.5.0-SNAPSHOT.jar:/home/user/.m2/repository/org/xerial/sqlite-jdbc/3.25.2/sqlite-jdbc-3.25.2.jar:/home/user/.m2/repository/org/apache/httpcomponents/httpclient/4.5.2/httpclient-4.5.2.jar:/home/user/.m2/repository/org/apache/httpcomponents/httpcore/4.4.4/httpcore-4.4.4.jar:/home/user/.m2/repository/com/github/spotbugs/spotbugs/3.1.12/spotbugs-3.1.12.jar:/home/user/.m2/repository/org/ow2/asm/asm/5.0.4/asm-5.0.4.jar:/home/user/.m2/repository/org/ow2/asm/asm-analysis/7.0/asm-analysis-7.0.jar:/home/user/.m2/repository/org/ow2/asm/asm-commons/7.0/asm-commons-7.0.jar:/home/user/.m2/repository/org/ow2/asm/asm-tree/7.0/asm-tree-7.0.jar:/home/user/.m2/repository/org/ow2/asm/asm-util/7.0/asm-util-7.0.jar:/home/user/.m2/repository/org/apache/bcel/bcel/6.3/bcel-6.3.jar:/home/user/.m2/repository/net/jcip/jcip-annotations/1.0/jcip-annotations-1.0.jar:/home/user/.m2/repository/org/dom4j/dom4j/2.1.1/dom4j-2.1.1.jar:/home/user/.m2/repository/jaxen/jaxen/1.1.6/jaxen-1.1.6.jar:/home/user/.m2/repository/commons-lang/commons-lang/2.6/commons-lang-2.6.jar:/home/user/.m2/repository/com/github/spotbugs/spotbugs-annotations/3.1.12/spotbugs-annotations-3.1.12.jar:/home/user/.m2/repository/org/apache/hadoop/hadoop-common/3.2.0/hadoop-common-3.2.0-tests.jar:/home/user/.m2/repository/org/apache/hadoop/hadoop-ozone-client/0.5.0-SNAPSHOT/hadoop-ozone-client-0.5.0-SNAPSHOT.jar:/home/user/.m2/repository/org/apache/hadoop/hadoop-hdfs/3.2.0/hadoop-hdfs-3.2.0-tests.jar:/workdir/hadoop-ozone/integration-test/target/test-classes:/home/user/.m2/repository/org/apache/hadoop/hadoop-ozone-s3gateway/0.5.0-SNAPSHOT/hadoop-ozone-s3gateway-0.5.0-SNAPSHOT.jar:/home/user/.m2/repository/org/jboss/weld/servlet/weld-servlet/2.4.7.Final/weld-servlet-2.4.7.Final.jar:/home/user/.m2/repository/org/glassfish/jersey/containers/jersey-container-servlet-core/2.27/jersey-container-servlet-core-2.27.jar:/home/user/.m2/repository/org/glassfish/hk2/external/javax.inject/2.5.0-b42/javax.inject-2.5.0-b42.jar:/home/user/.m2/repository/org/glassfish/jersey/core/jersey-common/2.27/jersey-common-2.27.jar:/home/user/.m2/repository/org/glassfish/hk2/osgi-resource-locator/1.0.1/osgi-resource-locator-1.0.1.jar:/home/user/.m2/repository/javax/ws/rs/javax.ws.rs-api/2.1/javax.ws.rs-api-2.1.jar:/home/user/.m2/repository/org/glassfish/jersey/ext/cdi/jersey-cdi1x/2.27/jersey-cdi1x-2.27.jar:/home/user/.m2/repository/org/glassfish/jersey/inject/jersey-hk2/2.27/jersey-hk2-2.27.jar:/home/user/.m2/repository/org/glassfish/hk2/hk2-locator/2.5.0-b42/hk2-locator-2.5.0-b42.jar:/home/user/.m2/repository/org/javassist/javassist/3.22.0-CR2/javassist-3.22.0-CR2.jar:/home/user/.m2/repository/org/glassfish/hk2/hk2-api/2.5.0/hk2-api-2.5.0.jar:/home/user/.m2/repository/org/glassfish/hk2/external/jakarta.inject/2.5.0/jakarta.inject-2.5.0.jar:/home/user/.m2/repository/org/glassfish/hk2/hk2-utils/2.5.0/hk2-utils-2.5.0.jar:/home/user/.m2/repository/jakarta/annotation/jakarta.annotation-api/1.3.4/jakarta.annotation-api-1.3.4.jar:/home/user/.m2/repository/org/glassfish/hk2/external/aopalliance-repackaged/2.5.0/aopalliance-repackaged-2.5.0.jar:/home/user/.m2/repository/com/fasterxml/jackson/dataformat/jackson-dataformat-xml/2.9.0/jackson-dataformat-xml-2.9.0.jar:/home/user/.m2/repository/com/fasterxml/jackson/module/jackson-module-jaxb-annotations/2.9.9/jackson-module-jaxb-annotations-2.9.9.jar:/home/user/.m2/repository/javax/enterprise/cdi-api/1.2/cdi-api-1.2.jar:/home/user/.m2/repository/javax/el/javax.el-api/3.0.0/javax.el-api-3.0.0.jar:/home/user/.m2/repository/javax/interceptor/javax.interceptor-api/1.2/javax.interceptor-api-1.2.jar:/home/user/.m2/repository/javax/inject/javax.inject/1/javax.inject-1.jar:/home/user/.m2/repository/com/sun/xml/bind/jaxb-core/2.3.0.1/jaxb-core-2.3.0.1.jar:/home/user/.m2/repository/javax/xml/bind/jaxb-api/2.3.0/jaxb-api-2.3.0.jar:/home/user/.m2/repository/javax/activation/activation/1.1.1/activation-1.1.1.jar:/home/user/.m2/repository/org/apache/hadoop/hadoop-ozone-csi/0.5.0-SNAPSHOT/hadoop-ozone-csi-0.5.0-SNAPSHOT.jar:/home/user/.m2/repository/com/google/protobuf/protobuf-java-util/3.5.1/protobuf-java-util-3.5.1.jar:/home/user/.m2/repository/io/grpc/grpc-netty/1.17.1/grpc-netty-1.17.1.jar:/home/user/.m2/repository/io/grpc/grpc-core/1.17.1/grpc-core-1.17.1.jar:/home/user/.m2/repository/io/grpc/grpc-context/1.17.1/grpc-context-1.17.1.jar:/home/user/.m2/repository/com/google/errorprone/error_prone_annotations/2.2.0/error_prone_annotations-2.2.0.jar:/home/user/.m2/repository/org/codehaus/mojo/animal-sniffer-annotations/1.17/animal-sniffer-annotations-1.17.jar:/home/user/.m2/repository/io/opencensus/opencensus-api/0.17.0/opencensus-api-0.17.0.jar:/home/user/.m2/repository/io/opencensus/opencensus-contrib-grpc-metrics/0.17.0/opencensus-contrib-grpc-metrics-0.17.0.jar:/home/user/.m2/repository/io/netty/netty-codec-http2/4.1.30.Final/netty-codec-http2-4.1.30.Final.jar:/home/user/.m2/repository/io/netty/netty-codec-http/4.1.30.Final/netty-codec-http-4.1.30.Final.jar:/home/user/.m2/repository/io/netty/netty-codec/4.1.30.Final/netty-codec-4.1.30.Final.jar:/home/user/.m2/repository/io/netty/netty-handler/4.1.30.Final/netty-handler-4.1.30.Final.jar:/home/user/.m2/repository/io/netty/netty-handler-proxy/4.1.30.Final/netty-handler-proxy-4.1.30.Final.jar:/home/user/.m2/repository/io/netty/netty-codec-socks/4.1.30.Final/netty-codec-socks-4.1.30.Final.jar:/home/user/.m2/repository/io/netty/netty-transport-native-epoll/4.1.30.Final/netty-transport-native-epoll-4.1.30.Final.jar:/home/user/.m2/repository/io/netty/netty-common/4.1.30.Final/netty-common-4.1.30.Final.jar:/home/user/.m2/repository/io/netty/netty-buffer/4.1.30.Final/netty-buffer-4.1.30.Final.jar:/home/user/.m2/repository/io/netty/netty-transport/4.1.30.Final/netty-transport-4.1.30.Final.jar:/home/user/.m2/repository/io/netty/netty-resolver/4.1.30.Final/netty-resolver-4.1.30.Final.jar:/home/user/.m2/repository/io/netty/netty-transport-native-unix-common/4.1.30.Final/netty-transport-native-unix-common-4.1.30.Final.jar:/home/user/.m2/repository/io/grpc/grpc-protobuf/1.17.1/grpc-protobuf-1.17.1.jar:/home/user/.m2/repository/com/google/api/grpc/proto-google-common-protos/1.0.0/proto-google-common-protos-1.0.0.jar:/home/user/.m2/repository/io/grpc/grpc-protobuf-lite/1.17.1/grpc-protobuf-lite-1.17.1.jar:/home/user/.m2/repository/io/grpc/grpc-stub/1.17.1/grpc-stub-1.17.1.jar:/home/user/.m2/repository/org/apache/hadoop/hadoop-ozone-recon/0.5.0-SNAPSHOT/hadoop-ozone-recon-0.5.0-SNAPSHOT.jar:/home/user/.m2/repository/org/apache/hadoop/hadoop-ozone-reconcodegen/0.5.0-SNAPSHOT/hadoop-ozone-reconcodegen-0.5.0-SNAPSHOT.jar:/home/user/.m2/repository/com/google/inject/extensions/guice-multibindings/4.0/guice-multibindings-4.0.jar:/home/user/.m2/repository/com/google/inject/guice/4.0/guice-4.0.jar:/home/user/.m2/repository/aopalliance/aopalliance/1.0/aopalliance-1.0.jar:/home/user/.m2/repository/org/glassfish/jersey/containers/jersey-container-servlet/2.27/jersey-container-servlet-2.27.jar:/home/user/.m2/repository/org/glassfish/hk2/guice-bridge/2.5.0/guice-bridge-2.5.0.jar:/home/user/.m2/repository/org/glassfish/jersey/core/jersey-server/2.27/jersey-server-2.27.jar:/home/user/.m2/repository/org/glassfish/jersey/core/jersey-client/2.27/jersey-client-2.27.jar:/home/user/.m2/repository/org/glassfish/jersey/media/jersey-media-jaxb/2.27/jersey-media-jaxb-2.27.jar:/home/user/.m2/repository/javax/validation/validation-api/1.1.0.Final/validation-api-1.1.0.Final.jar:/home/user/.m2/repository/org/glassfish/jersey/media/jersey-media-json-jackson/2.27/jersey-media-json-jackson-2.27.jar:/home/user/.m2/repository/org/glassfish/jersey/ext/jersey-entity-filtering/2.27/jersey-entity-filtering-2.27.jar:/home/user/.m2/repository/com/google/inject/extensions/guice-assistedinject/4.0/guice-assistedinject-4.0.jar:/home/user/.m2/repository/org/jooq/jooq/3.11.10/jooq-3.11.10.jar:/home/user/.m2/repository/org/jooq/jooq-meta/3.11.10/jooq-meta-3.11.10.jar:/home/user/.m2/repository/org/jooq/jooq-codegen/3.11.10/jooq-codegen-3.11.10.jar:/home/user/.m2/repository/com/jolbox/bonecp/0.8.0.RELEASE/bonecp-0.8.0.RELEASE.jar:/home/user/.m2/repository/org/springframework/spring-jdbc/5.1.3.RELEASE/spring-jdbc-5.1.3.RELEASE.jar:/home/user/.m2/repository/org/springframework/spring-beans/5.1.3.RELEASE/spring-beans-5.1.3.RELEASE.jar:/home/user/.m2/repository/org/springframework/spring-core/5.1.3.RELEASE/spring-core-5.1.3.RELEASE.jar:/home/user/.m2/repository/org/springframework/spring-jcl/5.1.3.RELEASE/spring-jcl-5.1.3.RELEASE.jar:/home/user/.m2/repository/org/springframework/spring-tx/5.1.3.RELEASE/spring-tx-5.1.3.RELEASE.jar:/home/user/.m2/repository/org/mockito/mockito-all/1.10.19/mockito-all-1.10.19.jar:/home/user/.m2/repository/junit/junit/4.11/junit-4.11.jar:/home/user/.m2/repository/org/hamcrest/hamcrest-core/1.3/hamcrest-core-1.3.jar:/home/user/.m2/repository/org/apache/hadoop/hadoop-distcp/3.2.0/hadoop-distcp-3.2.0.jar:/home/user/.m2/repository/org/apache/hadoop/hadoop-distcp/3.2.0/hadoop-distcp-3.2.0-tests.jar:/home/user/.m2/repository/org/apache/hadoop/hadoop-mapreduce-client-jobclient/3.2.0/hadoop-mapreduce-client-jobclient-3.2.0.jar:/home/user/.m2/repository/org/apache/hadoop/hadoop-mapreduce-client-common/3.2.0/hadoop-mapreduce-client-common-3.2.0.jar:/home/user/.m2/repository/org/apache/hadoop/hadoop-yarn-common/3.2.0/hadoop-yarn-common-3.2.0.jar:/home/user/.m2/repository/org/apache/hadoop/hadoop-yarn-api/3.2.0/hadoop-yarn-api-3.2.0.jar:/home/user/.m2/repository/com/sun/jersey/jersey-client/1.19/jersey-client-1.19.jar:/home/user/.m2/repository/com/sun/jersey/contribs/jersey-guice/1.19/jersey-guice-1.19.jar:/home/user/.m2/repository/com/fasterxml/jackson/jaxrs/jackson-jaxrs-json-provider/2.9.9/jackson-jaxrs-json-provider-2.9.9.jar:/home/user/.m2/repository/com/fasterxml/jackson/jaxrs/jackson-jaxrs-base/2.9.9/jackson-jaxrs-base-2.9.9.jar:/home/user/.m2/repository/org/apache/hadoop/hadoop-yarn-client/3.2.0/hadoop-yarn-client-3.2.0.jar:/home/user/.m2/repository/org/apache/hadoop/hadoop-mapreduce-client-core/3.2.0/hadoop-mapreduce-client-core-3.2.0.jar:/home/user/.m2/repository/com/google/inject/extensions/guice-servlet/4.0/guice-servlet-4.0.jar:/home/user/.m2/repository/org/powermock/powermock-module-junit4/1.6.5/powermock-module-junit4-1.6.5.jar:/home/user/.m2/repository/org/powermock/powermock-module-junit4-common/1.6.5/powermock-module-junit4-common-1.6.5.jar:/home/user/.m2/repository/org/powermock/powermock-core/1.6.5/powermock-core-1.6.5.jar:/home/user/.m2/repository/org/powermock/powermock-reflect/1.6.5/powermock-reflect-1.6.5.jar:/home/user/.m2/repository/org/powermock/powermock-api-mockito/1.6.5/powermock-api-mockito-1.6.5.jar:/home/user/.m2/repository/org/mockito/mockito-core/1.10.19/mockito-core-1.10.19.jar:/home/user/.m2/repository/org/objenesis/objenesis/1.0/objenesis-1.0.jar:/home/user/.m2/repository/org/powermock/powermock-api-mockito-common/1.6.5/powermock-api-mockito-common-1.6.5.jar:/home/user/.m2/repository/org/powermock/powermock-api-support/1.6.5/powermock-api-support-1.6.5.jar:"/>
    <property name="sun.cpu.endian" value="little"/>
    <property name="user.home" value="/home/user"/>
    <property name="user.language" value="en"/>
    <property name="java.specification.vendor" value="Oracle Corporation"/>
    <property name="java.home" value="/usr/lib/jvm/java-1.8.0-openjdk-1.8.0.222.b10-1.el7_7.x86_64/jre"/>
    <property name="surefire.excludesFile" value="/tools/ozone-bad-unit-tests"/>
    <property name="java.security.krb5.conf" value="/workdir/hadoop-ozone/ozonefs/target/test-classes/krb5.conf"/>
    <property name="basedir" value="/workdir/hadoop-ozone/ozonefs"/>
    <property name="file.separator" value="/"/>
    <property name="line.separator" value="&#10;"/>
    <property name="java.vm.specification.vendor" value="Oracle Corporation"/>
    <property name="java.specification.name" value="Java Platform API Specification"/>
    <property name="java.awt.graphicsenv" value="sun.awt.X11GraphicsEnvironment"/>
    <property name="surefire.real.class.path" value="/workdir/hadoop-ozone/ozonefs/target/surefire/surefirebooter893932767123132083.jar"/>
    <property name="hadoop.log.dir" value="/workdir/hadoop-ozone/ozonefs/target/log"/>
    <property name="sun.boot.class.path" value="/usr/lib/jvm/java-1.8.0-openjdk-1.8.0.222.b10-1.el7_7.x86_64/jre/lib/resources.jar:/usr/lib/jvm/java-1.8.0-openjdk-1.8.0.222.b10-1.el7_7.x86_64/jre/lib/rt.jar:/usr/lib/jvm/java-1.8.0-openjdk-1.8.0.222.b10-1.el7_7.x86_64/jre/lib/sunrsasign.jar:/usr/lib/jvm/java-1.8.0-openjdk-1.8.0.222.b10-1.el7_7.x86_64/jre/lib/jsse.jar:/usr/lib/jvm/java-1.8.0-openjdk-1.8.0.222.b10-1.el7_7.x86_64/jre/lib/jce.jar:/usr/lib/jvm/java-1.8.0-openjdk-1.8.0.222.b10-1.el7_7.x86_64/jre/lib/charsets.jar:/usr/lib/jvm/java-1.8.0-openjdk-1.8.0.222.b10-1.el7_7.x86_64/jre/lib/jfr.jar:/usr/lib/jvm/java-1.8.0-openjdk-1.8.0.222.b10-1.el7_7.x86_64/jre/classes"/>
    <property name="sun.management.compiler" value="HotSpot 64-Bit Tiered Compilers"/>
    <property name="java.runtime.version" value="1.8.0_222-b10"/>
    <property name="java.net.preferIPv4Stack" value="true"/>
    <property name="user.name" value="jenkins1000"/>
    <property name="path.separator" value=":"/>
    <property name="java.security.egd" value="file:///dev/urandom"/>
    <property name="os.version" value="3.10.0-957.12.2.el7.x86_64"/>
    <property name="java.endorsed.dirs" value="/usr/lib/jvm/java-1.8.0-openjdk-1.8.0.222.b10-1.el7_7.x86_64/jre/lib/endorsed"/>
    <property name="java.runtime.name" value="OpenJDK Runtime Environment"/>
    <property name="file.encoding" value="ANSI_X3.4-1968"/>
    <property name="java.vm.name" value="OpenJDK 64-Bit Server VM"/>
    <property name="test.build.webapps" value=""/>
    <property name="localRepository" value="/home/user/.m2/repository"/>
    <property name="java.vendor.url.bug" value="http://bugreport.sun.com/bugreport/"/>
    <property name="java.io.tmpdir" value="/tmp"/>
    <property name="require.test.libhadoop" value=""/>
    <property name="java.version" value="1.8.0_222"/>
    <property name="user.dir" value="/workdir/hadoop-ozone/ozonefs"/>
    <property name="os.arch" value="amd64"/>
    <property name="java.vm.specification.name" value="Java Virtual Machine Specification"/>
    <property name="test.build.classes" value="/workdir/hadoop-ozone/ozonefs/target/test-classes"/>
    <property name="java.awt.printerjob" value="sun.print.PSPrinterJob"/>
    <property name="sun.os.patch.level" value="unknown"/>
    <property name="hadoop.tmp.dir" value="/workdir/hadoop-ozone/ozonefs/target/tmp"/>
    <property name="java.library.path" value="/usr/lib:/workdir/hadoop-ozone/ozonefs/target/native/target/usr/local/lib:/workdir/hadoop-ozone/ozonefs/../../hadoop-common-project/hadoop-common/target/native/target/usr/local/lib:/usr/java/packages/lib/amd64:/usr/lib64:/lib64:/lib:/usr/lib"/>
    <property name="java.vm.info" value="mixed mode"/>
    <property name="java.vendor" value="Oracle Corporation"/>
    <property name="java.vm.version" value="25.222-b10"/>
    <property name="java.ext.dirs" value="/usr/lib/jvm/java-1.8.0-openjdk-1.8.0.222.b10-1.el7_7.x86_64/jre/lib/ext:/usr/java/packages/lib/ext"/>
    <property name="sun.io.unicode.encoding" value="UnicodeLittle"/>
    <property name="java.class.version" value="52.0"/>
  </properties>
  <testcase name="testRenameWithNonEmptySubDir" classname="org.apache.hadoop.fs.ozone.contract.ITestOzoneContractRename" time="180.02">
    <error message="test timed out after 180000 milliseconds" type="java.lang.Exception">java.lang.Exception: test timed out after 180000 milliseconds
	at sun.misc.Unsafe.park(Native Method)
	at java.util.concurrent.locks.LockSupport.park(LockSupport.java:175)
	at java.util.concurrent.CompletableFuture$Signaller.block(CompletableFuture.java:1693)
	at java.util.concurrent.ForkJoinPool.managedBlock(ForkJoinPool.java:3323)
	at java.util.concurrent.CompletableFuture.waitingGet(CompletableFuture.java:1729)
	at java.util.concurrent.CompletableFuture.get(CompletableFuture.java:1895)
	at org.apache.hadoop.hdds.scm.storage.BlockOutputStream.waitOnFlushFutures(BlockOutputStream.java:518)
	at org.apache.hadoop.hdds.scm.storage.BlockOutputStream.handleFlush(BlockOutputStream.java:481)
	at org.apache.hadoop.hdds.scm.storage.BlockOutputStream.close(BlockOutputStream.java:496)
	at org.apache.hadoop.ozone.client.io.BlockOutputStreamEntry.close(BlockOutputStreamEntry.java:143)
	at org.apache.hadoop.ozone.client.io.KeyOutputStream.handleFlushOrClose(KeyOutputStream.java:435)
	at org.apache.hadoop.ozone.client.io.KeyOutputStream.close(KeyOutputStream.java:473)
	at org.apache.hadoop.fs.ozone.OzoneFSOutputStream.close(OzoneFSOutputStream.java:56)
	at org.apache.hadoop.fs.FSDataOutputStream$PositionCache.close(FSDataOutputStream.java:72)
	at org.apache.hadoop.fs.FSDataOutputStream.close(FSDataOutputStream.java:101)
	at org.apache.hadoop.fs.contract.ContractTestUtils.createFile(ContractTestUtils.java:638)
	at org.apache.hadoop.fs.contract.ContractTestUtils.writeTextFile(ContractTestUtils.java:617)
	at org.apache.hadoop.fs.contract.AbstractContractRenameTest.testRenameWithNonEmptySubDir(AbstractContractRenameTest.java:197)
	at sun.reflect.NativeMethodAccessorImpl.invoke0(Native Method)
	at sun.reflect.NativeMethodAccessorImpl.invoke(NativeMethodAccessorImpl.java:62)
	at sun.reflect.DelegatingMethodAccessorImpl.invoke(DelegatingMethodAccessorImpl.java:43)
	at java.lang.reflect.Method.invoke(Method.java:498)
	at org.junit.runners.model.FrameworkMethod$1.runReflectiveCall(FrameworkMethod.java:47)
	at org.junit.internal.runners.model.ReflectiveCallable.run(ReflectiveCallable.java:12)
	at org.junit.runners.model.FrameworkMethod.invokeExplosively(FrameworkMethod.java:44)
	at org.junit.internal.runners.statements.InvokeMethod.evaluate(InvokeMethod.java:17)
	at org.junit.internal.runners.statements.RunBefores.evaluate(RunBefores.java:26)
	at org.junit.internal.runners.statements.RunAfters.evaluate(RunAfters.java:27)
	at org.junit.rules.TestWatcher$1.evaluate(TestWatcher.java:55)
	at org.junit.internal.runners.statements.FailOnTimeout$StatementThread.run(FailOnTimeout.java:74)
</error>
    <system-out><![CDATA[2019-11-07 14:43:01,131 [JUnit] WARN  server.ServerUtils (ServerUtils.java:getScmDbDir(145)) - ozone.scm.db.dirs is not configured. We recommend adding this setting. Falling back to ozone.metadata.dirs instead.
2019-11-07 14:43:02,349 [JUnit] WARN  server.ServerUtils (ServerUtils.java:getScmDbDir(145)) - ozone.scm.db.dirs is not configured. We recommend adding this setting. Falling back to ozone.metadata.dirs instead.
2019-11-07 14:43:02,353 [JUnit] WARN  server.ServerUtils (ServerUtils.java:getScmDbDir(145)) - ozone.scm.db.dirs is not configured. We recommend adding this setting. Falling back to ozone.metadata.dirs instead.
2019-11-07 14:43:02,380 [JUnit] INFO  util.log (Log.java:initialized(192)) - Logging initialized @1949ms
2019-11-07 14:43:06,249 [JUnit] INFO  db.DBStoreBuilder (DBStoreBuilder.java:addTable(127)) - using custom profile for table: deletedBlocks
2019-11-07 14:43:06,250 [JUnit] INFO  db.DBStoreBuilder (DBStoreBuilder.java:processTables(183)) - Using default column profile:DBProfile.DISK for Table:deletedBlocks
2019-11-07 14:43:06,250 [JUnit] INFO  db.DBStoreBuilder (DBStoreBuilder.java:addTable(127)) - using custom profile for table: validCerts
2019-11-07 14:43:06,250 [JUnit] INFO  db.DBStoreBuilder (DBStoreBuilder.java:processTables(183)) - Using default column profile:DBProfile.DISK for Table:validCerts
2019-11-07 14:43:06,251 [JUnit] INFO  db.DBStoreBuilder (DBStoreBuilder.java:addTable(127)) - using custom profile for table: revokedCerts
2019-11-07 14:43:06,251 [JUnit] INFO  db.DBStoreBuilder (DBStoreBuilder.java:processTables(183)) - Using default column profile:DBProfile.DISK for Table:revokedCerts
2019-11-07 14:43:06,262 [JUnit] INFO  db.DBStoreBuilder (DBStoreBuilder.java:addTable(127)) - using custom profile for table: default
2019-11-07 14:43:06,263 [JUnit] INFO  db.DBStoreBuilder (DBStoreBuilder.java:processTables(189)) - Using default column profile:DBProfile.DISK for Table:default
2019-11-07 14:43:06,264 [JUnit] INFO  db.DBStoreBuilder (DBStoreBuilder.java:getDbProfile(220)) - Using default options. DBProfile.DISK
2019-11-07 14:43:06,542 [JUnit] INFO  net.NodeSchemaLoader (NodeSchemaLoader.java:loadSchemaFromFile(125)) - Loading file from sun.misc.CompoundEnumeration@5542c4ed
2019-11-07 14:43:06,544 [JUnit] INFO  net.NodeSchemaLoader (NodeSchemaLoader.java:loadSchema(171)) - Loading network topology layer schema file
2019-11-07 14:43:06,610 [JUnit] WARN  server.ServerUtils (ServerUtils.java:sanitizeUserArgs(70)) - ozone.scm.stale.node.interval value = 300000 is larger than max = 100000 based on the key value of ozone.scm.heartbeat.thread.interval, reset to the max value 100000.
2019-11-07 14:43:06,612 [JUnit] WARN  server.ServerUtils (ServerUtils.java:sanitizeUserArgs(70)) - ozone.scm.stale.node.interval value = 300000 is larger than max = 100000 based on the key value of ozone.scm.heartbeat.thread.interval, reset to the max value 100000.
2019-11-07 14:43:06,615 [JUnit] INFO  node.SCMNodeManager (SCMNodeManager.java:<init>(117)) - Entering startup safe mode.
2019-11-07 14:43:06,748 [JUnit] INFO  algorithms.ContainerPlacementPolicyFactory (ContainerPlacementPolicyFactory.java:getPolicy(57)) - Create container placement policy of type org.apache.hadoop.hdds.scm.container.placement.algorithms.SCMContainerPlacementRandom
2019-11-07 14:43:06,763 [JUnit] WARN  server.ServerUtils (ServerUtils.java:getScmDbDir(145)) - ozone.scm.db.dirs is not configured. We recommend adding this setting. Falling back to ozone.metadata.dirs instead.
2019-11-07 14:43:16,719 [JUnit] INFO  pipeline.SCMPipelineManager (SCMPipelineManager.java:initializePipelineState(132)) - No pipeline exists in current db
2019-11-07 14:43:16,723 [JUnit] WARN  server.ServerUtils (ServerUtils.java:getScmDbDir(145)) - ozone.scm.db.dirs is not configured. We recommend adding this setting. Falling back to ozone.metadata.dirs instead.
2019-11-07 14:43:16,902 [JUnit] WARN  events.EventQueue (EventQueue.java:fireEvent(183)) - No event handler registered for event TypedEvent{payloadType=SafeModeStatus, name='SafeModeStatus'}
2019-11-07 14:43:17,329 [JUnit] INFO  ipc.CallQueueManager (CallQueueManager.java:<init>(84)) - Using callQueue: class java.util.concurrent.LinkedBlockingQueue, queueCapacity: 2000, scheduler: class org.apache.hadoop.ipc.DefaultRpcScheduler, ipcBackoff: false.
2019-11-07 14:43:17,461 [Socket Reader #1 for port 42388] INFO  ipc.Server (Server.java:run(1074)) - Starting Socket Reader #1 for port 42388
2019-11-07 14:43:17,499 [JUnit] INFO  ipc.CallQueueManager (CallQueueManager.java:<init>(84)) - Using callQueue: class java.util.concurrent.LinkedBlockingQueue, queueCapacity: 2000, scheduler: class org.apache.hadoop.ipc.DefaultRpcScheduler, ipcBackoff: false.
2019-11-07 14:43:17,501 [Socket Reader #1 for port 39336] INFO  ipc.Server (Server.java:run(1074)) - Starting Socket Reader #1 for port 39336
2019-11-07 14:43:17,514 [JUnit] INFO  ipc.CallQueueManager (CallQueueManager.java:<init>(84)) - Using callQueue: class java.util.concurrent.LinkedBlockingQueue, queueCapacity: 2000, scheduler: class org.apache.hadoop.ipc.DefaultRpcScheduler, ipcBackoff: false.
2019-11-07 14:43:17,515 [Socket Reader #1 for port 43928] INFO  ipc.Server (Server.java:run(1074)) - Starting Socket Reader #1 for port 43928
2019-11-07 14:43:17,545 [JUnit] INFO  hdfs.DFSUtil (DFSUtil.java:httpServerTemplateForNNAndJN(1641)) - Starting Web-server for scm at: http://0.0.0.0:0
2019-11-07 14:43:17,669 [JUnit] INFO  server.AuthenticationFilter (AuthenticationFilter.java:constructSecretProvider(240)) - Unable to initialize FileSignerSecretProvider, falling back to use random secrets.
2019-11-07 14:43:17,684 [JUnit] WARN  http.HttpRequestLog (HttpRequestLog.java:getRequestLog(97)) - Jetty request log can only be enabled using Log4j
2019-11-07 14:43:17,693 [JUnit] INFO  http.HttpServer2 (HttpServer2.java:addGlobalFilter(975)) - Added global filter 'safety' (class=org.apache.hadoop.http.HttpServer2$QuotingInputFilter)
2019-11-07 14:43:17,696 [JUnit] INFO  http.HttpServer2 (HttpServer2.java:addFilter(948)) - Added filter static_user_filter (class=org.apache.hadoop.http.lib.StaticUserWebFilter$StaticUserFilter) to context scm
2019-11-07 14:43:17,696 [JUnit] INFO  http.HttpServer2 (HttpServer2.java:addFilter(958)) - Added filter static_user_filter (class=org.apache.hadoop.http.lib.StaticUserWebFilter$StaticUserFilter) to context static
2019-11-07 14:43:17,696 [JUnit] INFO  http.HttpServer2 (HttpServer2.java:addFilter(958)) - Added filter static_user_filter (class=org.apache.hadoop.http.lib.StaticUserWebFilter$StaticUserFilter) to context logs
2019-11-07 14:43:17,726 [JUnit] INFO  server.StorageContainerManager (StorageContainerManager.java:start(782)) - StorageContainerLocationProtocol RPC server is listening at /0.0.0.0:43928
2019-11-07 14:43:17,772 [JUnit] WARN  impl.MetricsConfig (MetricsConfig.java:loadFirst(134)) - Cannot locate configuration: tried hadoop-metrics2-storagecontainermanager.properties,hadoop-metrics2.properties
2019-11-07 14:43:17,784 [JUnit] INFO  impl.MetricsSystemImpl (MetricsSystemImpl.java:startTimer(374)) - Scheduled Metric snapshot period at 10 second(s).
2019-11-07 14:43:17,784 [JUnit] INFO  impl.MetricsSystemImpl (MetricsSystemImpl.java:start(191)) - StorageContainerManager metrics system started
2019-11-07 14:43:18,010 [JUnit] INFO  server.SCMClientProtocolServer (SCMClientProtocolServer.java:start(159)) - RPC server for Client  is listening at /0.0.0.0:43928
2019-11-07 14:43:18,011 [IPC Server Responder] INFO  ipc.Server (Server.java:run(1314)) - IPC Server Responder: starting
2019-11-07 14:43:18,011 [IPC Server listener on 43928] INFO  ipc.Server (Server.java:run(1153)) - IPC Server listener on 43928: starting
2019-11-07 14:43:18,015 [JUnit] INFO  server.StorageContainerManager (StorageContainerManager.java:start(792)) - ScmBlockLocationProtocol RPC server is listening at /0.0.0.0:39336
2019-11-07 14:43:18,016 [JUnit] INFO  server.SCMBlockProtocolServer (SCMBlockProtocolServer.java:start(146)) - RPC server for Block Protocol is listening at /0.0.0.0:39336
2019-11-07 14:43:18,017 [IPC Server Responder] INFO  ipc.Server (Server.java:run(1314)) - IPC Server Responder: starting
2019-11-07 14:43:18,017 [IPC Server listener on 39336] INFO  ipc.Server (Server.java:run(1153)) - IPC Server listener on 39336: starting
2019-11-07 14:43:18,021 [JUnit] INFO  server.StorageContainerManager (StorageContainerManager.java:start(796)) - ScmDatanodeProtocl RPC server is listening at /0.0.0.0:42388
2019-11-07 14:43:18,021 [JUnit] INFO  server.SCMDatanodeProtocolServer (SCMDatanodeProtocolServer.java:start(169)) - RPC server for DataNodes is listening at /0.0.0.0:42388
2019-11-07 14:43:18,022 [IPC Server Responder] INFO  ipc.Server (Server.java:run(1314)) - IPC Server Responder: starting
2019-11-07 14:43:18,022 [IPC Server listener on 42388] INFO  ipc.Server (Server.java:run(1153)) - IPC Server listener on 42388: starting
2019-11-07 14:43:18,027 [JUnit] INFO  http.HttpServer2 (HttpServer2.java:bindListener(1191)) - Jetty bound to port 38014
2019-11-07 14:43:18,029 [JUnit] INFO  server.Server (Server.java:doStart(351)) - jetty-9.3.25.v20180904, build timestamp: 2018-09-04T21:11:46Z, git hash: 3ce520221d0240229c862b122d2b06c12a625732
2019-11-07 14:43:18,066 [JUnit] INFO  handler.ContextHandler (ContextHandler.java:doStart(781)) - Started o.e.j.s.ServletContextHandler@25bc0606{/logs,file:///workdir/hadoop-ozone/ozonefs/target/log,AVAILABLE}
2019-11-07 14:43:18,066 [JUnit] INFO  handler.ContextHandler (ContextHandler.java:doStart(781)) - Started o.e.j.s.ServletContextHandler@5c18016b{/static,jar:file:/home/user/.m2/repository/org/apache/hadoop/hadoop-hdds-server-scm/0.5.0-SNAPSHOT/hadoop-hdds-server-scm-0.5.0-SNAPSHOT.jar!/webapps/static,AVAILABLE}
2019-11-07 14:43:18,326 [JUnit] INFO  handler.ContextHandler (ContextHandler.java:doStart(781)) - Started o.e.j.w.WebAppContext@70e0accd{/,file:///tmp/jetty-0.0.0.0-38014-scm-_-any-1649296572948804937.dir/webapp/,AVAILABLE}{/scm}
2019-11-07 14:43:18,332 [JUnit] INFO  server.AbstractConnector (AbstractConnector.java:doStart(278)) - Started ServerConnector@402f80f5{HTTP/1.1,[http/1.1]}{0.0.0.0:38014}
2019-11-07 14:43:18,332 [JUnit] INFO  server.Server (Server.java:doStart(419)) - Started @17902ms
2019-11-07 14:43:18,335 [JUnit] INFO  impl.MetricsSinkAdapter (MetricsSinkAdapter.java:start(204)) - Sink prometheus started
2019-11-07 14:43:18,335 [JUnit] INFO  impl.MetricsSystemImpl (MetricsSystemImpl.java:registerSink(301)) - Registered sink prometheus
2019-11-07 14:43:18,338 [JUnit] INFO  server.BaseHttpServer (BaseHttpServer.java:updateConnectorAddress(215)) - HTTP server of SCM is listening at http://0.0.0.0:38014
2019-11-07 14:43:18,348 [org.apache.hadoop.util.JvmPauseMonitor$Monitor@c41709a] INFO  util.JvmPauseMonitor (JvmPauseMonitor.java:run(188)) - Starting JVM pause monitor
2019-11-07 14:43:18,355 [JUnit] WARN  server.ServerUtils (ServerUtils.java:getDBPath(222)) - ozone.om.db.dirs is not configured. We recommend adding this setting. Falling back to ozone.metadata.dirs instead.
2019-11-07 14:43:18,526 [JUnit] INFO  ha.OMHANodeDetails (OMHANodeDetails.java:loadOMHAConfig(190)) - Configuration either no ozone.om.address set. Falling back to the default OM address /127.0.0.1:0
2019-11-07 14:43:18,526 [JUnit] INFO  ha.OMHANodeDetails (OMHANodeDetails.java:getOMNodeDetails(220)) - OM Service ID is not set. Setting it to the default ID: omServiceIdDefault
2019-11-07 14:43:18,528 [JUnit] WARN  server.ServerUtils (ServerUtils.java:getDBPath(222)) - ozone.om.db.dirs is not configured. We recommend adding this setting. Falling back to ozone.metadata.dirs instead.
2019-11-07 14:43:18,529 [JUnit] WARN  server.ServerUtils (ServerUtils.java:getDBPath(222)) - ozone.om.db.dirs is not configured. We recommend adding this setting. Falling back to ozone.metadata.dirs instead.
2019-11-07 14:43:19,241 [JUnit] WARN  server.ServerUtils (ServerUtils.java:getDBPath(222)) - ozone.om.db.dirs is not configured. We recommend adding this setting. Falling back to ozone.metadata.dirs instead.
2019-11-07 14:43:19,252 [JUnit] INFO  db.DBStoreBuilder (DBStoreBuilder.java:addTable(127)) - using custom profile for table: userTable
2019-11-07 14:43:19,252 [JUnit] INFO  db.DBStoreBuilder (DBStoreBuilder.java:processTables(183)) - Using default column profile:DBProfile.DISK for Table:userTable
2019-11-07 14:43:19,253 [JUnit] INFO  db.DBStoreBuilder (DBStoreBuilder.java:addTable(127)) - using custom profile for table: volumeTable
2019-11-07 14:43:19,253 [JUnit] INFO  db.DBStoreBuilder (DBStoreBuilder.java:processTables(183)) - Using default column profile:DBProfile.DISK for Table:volumeTable
2019-11-07 14:43:19,253 [JUnit] INFO  db.DBStoreBuilder (DBStoreBuilder.java:addTable(127)) - using custom profile for table: bucketTable
2019-11-07 14:43:19,253 [JUnit] INFO  db.DBStoreBuilder (DBStoreBuilder.java:processTables(183)) - Using default column profile:DBProfile.DISK for Table:bucketTable
2019-11-07 14:43:19,254 [JUnit] INFO  db.DBStoreBuilder (DBStoreBuilder.java:addTable(127)) - using custom profile for table: keyTable
2019-11-07 14:43:19,254 [JUnit] INFO  db.DBStoreBuilder (DBStoreBuilder.java:processTables(183)) - Using default column profile:DBProfile.DISK for Table:keyTable
2019-11-07 14:43:19,254 [JUnit] INFO  db.DBStoreBuilder (DBStoreBuilder.java:addTable(127)) - using custom profile for table: deletedTable
2019-11-07 14:43:19,254 [JUnit] INFO  db.DBStoreBuilder (DBStoreBuilder.java:processTables(183)) - Using default column profile:DBProfile.DISK for Table:deletedTable
2019-11-07 14:43:19,254 [JUnit] INFO  db.DBStoreBuilder (DBStoreBuilder.java:addTable(127)) - using custom profile for table: openKeyTable
2019-11-07 14:43:19,255 [JUnit] INFO  db.DBStoreBuilder (DBStoreBuilder.java:processTables(183)) - Using default column profile:DBProfile.DISK for Table:openKeyTable
2019-11-07 14:43:19,255 [JUnit] INFO  db.DBStoreBuilder (DBStoreBuilder.java:addTable(127)) - using custom profile for table: s3Table
2019-11-07 14:43:19,255 [JUnit] INFO  db.DBStoreBuilder (DBStoreBuilder.java:processTables(183)) - Using default column profile:DBProfile.DISK for Table:s3Table
2019-11-07 14:43:19,255 [JUnit] INFO  db.DBStoreBuilder (DBStoreBuilder.java:addTable(127)) - using custom profile for table: multipartInfoTable
2019-11-07 14:43:19,256 [JUnit] INFO  db.DBStoreBuilder (DBStoreBuilder.java:processTables(183)) - Using default column profile:DBProfile.DISK for Table:multipartInfoTable
2019-11-07 14:43:19,256 [JUnit] INFO  db.DBStoreBuilder (DBStoreBuilder.java:addTable(127)) - using custom profile for table: dTokenTable
2019-11-07 14:43:19,256 [JUnit] INFO  db.DBStoreBuilder (DBStoreBuilder.java:processTables(183)) - Using default column profile:DBProfile.DISK for Table:dTokenTable
2019-11-07 14:43:19,256 [JUnit] INFO  db.DBStoreBuilder (DBStoreBuilder.java:addTable(127)) - using custom profile for table: s3SecretTable
2019-11-07 14:43:19,256 [JUnit] INFO  db.DBStoreBuilder (DBStoreBuilder.java:processTables(183)) - Using default column profile:DBProfile.DISK for Table:s3SecretTable
2019-11-07 14:43:19,257 [JUnit] INFO  db.DBStoreBuilder (DBStoreBuilder.java:addTable(127)) - using custom profile for table: prefixTable
2019-11-07 14:43:19,257 [JUnit] INFO  db.DBStoreBuilder (DBStoreBuilder.java:processTables(183)) - Using default column profile:DBProfile.DISK for Table:prefixTable
2019-11-07 14:43:19,257 [JUnit] INFO  db.DBStoreBuilder (DBStoreBuilder.java:addTable(127)) - using custom profile for table: default
2019-11-07 14:43:19,257 [JUnit] INFO  db.DBStoreBuilder (DBStoreBuilder.java:processTables(189)) - Using default column profile:DBProfile.DISK for Table:default
2019-11-07 14:43:19,258 [JUnit] INFO  db.DBStoreBuilder (DBStoreBuilder.java:getDbProfile(220)) - Using default options. DBProfile.DISK
2019-11-07 14:43:20,448 [JUnit] INFO  ipc.CallQueueManager (CallQueueManager.java:<init>(84)) - Using callQueue: class java.util.concurrent.LinkedBlockingQueue, queueCapacity: 2000, scheduler: class org.apache.hadoop.ipc.DefaultRpcScheduler, ipcBackoff: false.
2019-11-07 14:43:20,449 [Socket Reader #1 for port 32930] INFO  ipc.Server (Server.java:run(1074)) - Starting Socket Reader #1 for port 32930
2019-11-07 14:43:20,495 [JUnit] INFO  om.OzoneManager (OzoneManager.java:start(1076)) - OzoneManager RPC server is listening at localhost/127.0.0.1:32930
2019-11-07 14:43:20,495 [JUnit] INFO  impl.MetricsSystemImpl (MetricsSystemImpl.java:init(158)) - OzoneManager metrics system started (again)
2019-11-07 14:43:20,508 [IPC Server Responder] INFO  ipc.Server (Server.java:run(1314)) - IPC Server Responder: starting
2019-11-07 14:43:20,508 [IPC Server listener on 32930] INFO  ipc.Server (Server.java:run(1153)) - IPC Server listener on 32930: starting
2019-11-07 14:43:20,517 [JUnit] INFO  hdfs.DFSUtil (DFSUtil.java:httpServerTemplateForNNAndJN(1641)) - Starting Web-server for ozoneManager at: http://0.0.0.0:0
2019-11-07 14:43:20,520 [JUnit] INFO  server.AuthenticationFilter (AuthenticationFilter.java:constructSecretProvider(240)) - Unable to initialize FileSignerSecretProvider, falling back to use random secrets.
2019-11-07 14:43:20,520 [JUnit] WARN  http.HttpRequestLog (HttpRequestLog.java:getRequestLog(97)) - Jetty request log can only be enabled using Log4j
2019-11-07 14:43:20,523 [JUnit] INFO  http.HttpServer2 (HttpServer2.java:addGlobalFilter(975)) - Added global filter 'safety' (class=org.apache.hadoop.http.HttpServer2$QuotingInputFilter)
2019-11-07 14:43:20,525 [JUnit] INFO  http.HttpServer2 (HttpServer2.java:addFilter(948)) - Added filter static_user_filter (class=org.apache.hadoop.http.lib.StaticUserWebFilter$StaticUserFilter) to context ozoneManager
2019-11-07 14:43:20,525 [JUnit] INFO  http.HttpServer2 (HttpServer2.java:addFilter(958)) - Added filter static_user_filter (class=org.apache.hadoop.http.lib.StaticUserWebFilter$StaticUserFilter) to context logs
2019-11-07 14:43:20,525 [JUnit] INFO  http.HttpServer2 (HttpServer2.java:addFilter(958)) - Added filter static_user_filter (class=org.apache.hadoop.http.lib.StaticUserWebFilter$StaticUserFilter) to context static
2019-11-07 14:43:20,528 [JUnit] INFO  http.HttpServer2 (HttpServer2.java:bindListener(1191)) - Jetty bound to port 46129
2019-11-07 14:43:20,528 [JUnit] INFO  server.Server (Server.java:doStart(351)) - jetty-9.3.25.v20180904, build timestamp: 2018-09-04T21:11:46Z, git hash: 3ce520221d0240229c862b122d2b06c12a625732
2019-11-07 14:43:20,531 [JUnit] INFO  handler.ContextHandler (ContextHandler.java:doStart(781)) - Started o.e.j.s.ServletContextHandler@41c204a0{/logs,file:///workdir/hadoop-ozone/ozonefs/target/log,AVAILABLE}
2019-11-07 14:43:20,531 [JUnit] INFO  handler.ContextHandler (ContextHandler.java:doStart(781)) - Started o.e.j.s.ServletContextHandler@49dbaaf3{/static,jar:file:/home/user/.m2/repository/org/apache/hadoop/hadoop-ozone-ozone-manager/0.5.0-SNAPSHOT/hadoop-ozone-ozone-manager-0.5.0-SNAPSHOT.jar!/webapps/static,AVAILABLE}
2019-11-07 14:43:20,581 [JUnit] INFO  handler.ContextHandler (ContextHandler.java:doStart(781)) - Started o.e.j.w.WebAppContext@60dd3c23{/,file:///tmp/jetty-0.0.0.0-46129-ozoneManager-_-any-6335443128366118006.dir/webapp/,AVAILABLE}{/ozoneManager}
2019-11-07 14:43:20,582 [JUnit] INFO  server.AbstractConnector (AbstractConnector.java:doStart(278)) - Started ServerConnector@52b6319f{HTTP/1.1,[http/1.1]}{0.0.0.0:46129}
2019-11-07 14:43:20,583 [JUnit] INFO  server.Server (Server.java:doStart(419)) - Started @20152ms
2019-11-07 14:43:20,583 [JUnit] WARN  impl.MetricsSystemImpl (MetricsSystemImpl.java:register(276)) - Sink prometheus already exists!
2019-11-07 14:43:20,584 [JUnit] INFO  server.BaseHttpServer (BaseHttpServer.java:updateConnectorAddress(215)) - HTTP server of OZONEMANAGER is listening at http://0.0.0.0:46129
2019-11-07 14:43:20,878 [JUnit] INFO  impl.MetricsSystemImpl (MetricsSystemImpl.java:init(158)) - HddsDatanode metrics system started (again)
2019-11-07 14:43:20,936 [JUnit] INFO  ozone.HddsDatanodeService (HddsDatanodeService.java:start(184)) - HddsDatanodeService host:pr-hdds-2329-pipelines-xb8hx-2504970213 ip:192.168.34.59
2019-11-07 14:43:20,973 [JUnit] INFO  volume.HddsVolume (HddsVolume.java:<init>(176)) - Creating Volume: /workdir/hadoop-ozone/ozonefs/target/test-dir/MiniOzoneClusterImpl-e0dbfaeb-01f5-418e-88ad-87e550fc10a5/datanode-0/data/containers/hdds of  storage type : DISK and capacity : 1482555576320
2019-11-07 14:43:20,976 [JUnit] INFO  volume.VolumeSet (VolumeSet.java:initializeVolumeSet(170)) - Added Volume : /workdir/hadoop-ozone/ozonefs/target/test-dir/MiniOzoneClusterImpl-e0dbfaeb-01f5-418e-88ad-87e550fc10a5/datanode-0/data/containers/hdds to VolumeSet
2019-11-07 14:43:20,978 [JUnit] INFO  volume.ThrottledAsyncChecker (ThrottledAsyncChecker.java:schedule(141)) - Scheduling a check for /workdir/hadoop-ozone/ozonefs/target/test-dir/MiniOzoneClusterImpl-e0dbfaeb-01f5-418e-88ad-87e550fc10a5/datanode-0/data/containers/hdds
2019-11-07 14:43:20,996 [JUnit] INFO  volume.HddsVolumeChecker (HddsVolumeChecker.java:checkAllVolumes(204)) - Scheduled health check for volume /workdir/hadoop-ozone/ozonefs/target/test-dir/MiniOzoneClusterImpl-e0dbfaeb-01f5-418e-88ad-87e550fc10a5/datanode-0/data/containers/hdds
2019-11-07 14:43:21,137 [JUnit] INFO  impl.RaftServerProxy (ConfUtils.java:logGet(43)) - raft.rpc.type = GRPC (default)
2019-11-07 14:43:21,215 [JUnit] INFO  grpc.GrpcFactory (GrpcFactory.java:checkPooledByteBufAllocatorUseCacheForAllThreads(45)) - PERFORMANCE WARNING: useCacheForAllThreads is true that may cause Netty to create a lot garbage objects and, as a result, trigger GC.
	It is recommended to disable useCacheForAllThreads by setting -Dorg.apache.ratis.thirdparty.io.netty.allocator.useCacheForAllThreads=false in command line.
2019-11-07 14:43:21,221 [JUnit] INFO  grpc.GrpcConfigKeys$Server (ConfUtils.java:logGet(43)) - raft.grpc.server.port = 0 (default)
2019-11-07 14:43:21,222 [JUnit] INFO  server.GrpcService (ConfUtils.java:logGet(43)) - raft.grpc.message.size.max = 33570816 (custom)
2019-11-07 14:43:21,223 [JUnit] INFO  server.RaftServerConfigKeys (ConfUtils.java:logGet(43)) - raft.server.log.appender.buffer.byte-limit = 33554432 (custom)
2019-11-07 14:43:21,224 [JUnit] INFO  server.GrpcService (ConfUtils.java:logGet(43)) - raft.grpc.flow.control.window = 1MB (=1048576) (default)
2019-11-07 14:43:21,225 [JUnit] INFO  server.RaftServerConfigKeys (ConfUtils.java:logGet(43)) - raft.server.rpc.request.timeout = 3000ms (default)
2019-11-07 14:43:21,456 [JUnit] INFO  server.RaftServerConfigKeys (ConfUtils.java:logGet(43)) - raft.server.storage.dir = [/workdir/hadoop-ozone/ozonefs/target/test-dir/MiniOzoneClusterImpl-e0dbfaeb-01f5-418e-88ad-87e550fc10a5/datanode-0/data/ratis] (custom)
2019-11-07 14:43:21,522 [JUnit] INFO  hdfs.DFSUtil (DFSUtil.java:httpServerTemplateForNNAndJN(1641)) - Starting Web-server for hddsDatanode at: http://0.0.0.0:0
2019-11-07 14:43:21,526 [JUnit] INFO  server.AuthenticationFilter (AuthenticationFilter.java:constructSecretProvider(240)) - Unable to initialize FileSignerSecretProvider, falling back to use random secrets.
2019-11-07 14:43:21,527 [JUnit] WARN  http.HttpRequestLog (HttpRequestLog.java:getRequestLog(97)) - Jetty request log can only be enabled using Log4j
2019-11-07 14:43:21,530 [JUnit] INFO  http.HttpServer2 (HttpServer2.java:addGlobalFilter(975)) - Added global filter 'safety' (class=org.apache.hadoop.http.HttpServer2$QuotingInputFilter)
2019-11-07 14:43:21,532 [JUnit] INFO  http.HttpServer2 (HttpServer2.java:addFilter(948)) - Added filter static_user_filter (class=org.apache.hadoop.http.lib.StaticUserWebFilter$StaticUserFilter) to context hddsDatanode
2019-11-07 14:43:21,532 [JUnit] INFO  http.HttpServer2 (HttpServer2.java:addFilter(958)) - Added filter static_user_filter (class=org.apache.hadoop.http.lib.StaticUserWebFilter$StaticUserFilter) to context logs
2019-11-07 14:43:21,532 [JUnit] INFO  http.HttpServer2 (HttpServer2.java:addFilter(958)) - Added filter static_user_filter (class=org.apache.hadoop.http.lib.StaticUserWebFilter$StaticUserFilter) to context static
2019-11-07 14:43:21,534 [JUnit] INFO  http.HttpServer2 (HttpServer2.java:bindListener(1191)) - Jetty bound to port 40280
2019-11-07 14:43:21,534 [JUnit] INFO  server.Server (Server.java:doStart(351)) - jetty-9.3.25.v20180904, build timestamp: 2018-09-04T21:11:46Z, git hash: 3ce520221d0240229c862b122d2b06c12a625732
2019-11-07 14:43:21,539 [JUnit] INFO  handler.ContextHandler (ContextHandler.java:doStart(781)) - Started o.e.j.s.ServletContextHandler@522bf64e{/logs,file:///workdir/hadoop-ozone/ozonefs/target/log,AVAILABLE}
2019-11-07 14:43:21,540 [JUnit] INFO  handler.ContextHandler (ContextHandler.java:doStart(781)) - Started o.e.j.s.ServletContextHandler@5f0f9947{/static,jar:file:/home/user/.m2/repository/org/apache/hadoop/hadoop-hdds-container-service/0.5.0-SNAPSHOT/hadoop-hdds-container-service-0.5.0-SNAPSHOT.jar!/webapps/static,AVAILABLE}
2019-11-07 14:43:21,584 [JUnit] INFO  handler.ContextHandler (ContextHandler.java:doStart(781)) - Started o.e.j.w.WebAppContext@70887727{/,file:///tmp/jetty-0.0.0.0-40280-hddsDatanode-_-any-4845548377764660310.dir/webapp/,AVAILABLE}{/hddsDatanode}
2019-11-07 14:43:21,585 [JUnit] INFO  server.AbstractConnector (AbstractConnector.java:doStart(278)) - Started ServerConnector@56da7487{HTTP/1.1,[http/1.1]}{0.0.0.0:40280}
2019-11-07 14:43:21,585 [JUnit] INFO  server.Server (Server.java:doStart(419)) - Started @21155ms
2019-11-07 14:43:21,586 [JUnit] WARN  impl.MetricsSystemImpl (MetricsSystemImpl.java:register(276)) - Sink prometheus already exists!
2019-11-07 14:43:21,587 [JUnit] INFO  server.BaseHttpServer (BaseHttpServer.java:updateConnectorAddress(215)) - HTTP server of HDDSDATANODE is listening at http://0.0.0.0:40280
2019-11-07 14:43:21,588 [JUnit] INFO  impl.MetricsSystemImpl (MetricsSystemImpl.java:init(158)) - HddsDatanode metrics system started (again)
2019-11-07 14:43:21,591 [JUnit] INFO  ozone.HddsDatanodeService (HddsDatanodeService.java:start(184)) - HddsDatanodeService host:pr-hdds-2329-pipelines-xb8hx-2504970213 ip:192.168.34.59
2019-11-07 14:43:21,594 [org.apache.hadoop.util.JvmPauseMonitor$Monitor@37454bef] INFO  util.JvmPauseMonitor (JvmPauseMonitor.java:run(188)) - Starting JVM pause monitor
2019-11-07 14:43:21,603 [JUnit] INFO  volume.HddsVolume (HddsVolume.java:<init>(176)) - Creating Volume: /workdir/hadoop-ozone/ozonefs/target/test-dir/MiniOzoneClusterImpl-e0dbfaeb-01f5-418e-88ad-87e550fc10a5/datanode-1/data/containers/hdds of  storage type : DISK and capacity : 1482555576320
2019-11-07 14:43:21,604 [JUnit] INFO  volume.VolumeSet (VolumeSet.java:initializeVolumeSet(170)) - Added Volume : /workdir/hadoop-ozone/ozonefs/target/test-dir/MiniOzoneClusterImpl-e0dbfaeb-01f5-418e-88ad-87e550fc10a5/datanode-1/data/containers/hdds to VolumeSet
2019-11-07 14:43:21,604 [JUnit] INFO  volume.ThrottledAsyncChecker (ThrottledAsyncChecker.java:schedule(141)) - Scheduling a check for /workdir/hadoop-ozone/ozonefs/target/test-dir/MiniOzoneClusterImpl-e0dbfaeb-01f5-418e-88ad-87e550fc10a5/datanode-1/data/containers/hdds
2019-11-07 14:43:21,605 [JUnit] INFO  volume.HddsVolumeChecker (HddsVolumeChecker.java:checkAllVolumes(204)) - Scheduled health check for volume /workdir/hadoop-ozone/ozonefs/target/test-dir/MiniOzoneClusterImpl-e0dbfaeb-01f5-418e-88ad-87e550fc10a5/datanode-1/data/containers/hdds
2019-11-07 14:43:21,626 [JUnit] INFO  impl.RaftServerProxy (ConfUtils.java:logGet(43)) - raft.rpc.type = GRPC (default)
2019-11-07 14:43:21,626 [JUnit] INFO  grpc.GrpcFactory (GrpcFactory.java:checkPooledByteBufAllocatorUseCacheForAllThreads(45)) - PERFORMANCE WARNING: useCacheForAllThreads is true that may cause Netty to create a lot garbage objects and, as a result, trigger GC.
	It is recommended to disable useCacheForAllThreads by setting -Dorg.apache.ratis.thirdparty.io.netty.allocator.useCacheForAllThreads=false in command line.
2019-11-07 14:43:21,626 [JUnit] INFO  grpc.GrpcConfigKeys$Server (ConfUtils.java:logGet(43)) - raft.grpc.server.port = 0 (default)
2019-11-07 14:43:21,627 [JUnit] INFO  server.GrpcService (ConfUtils.java:logGet(43)) - raft.grpc.message.size.max = 33570816 (custom)
2019-11-07 14:43:21,627 [JUnit] INFO  server.RaftServerConfigKeys (ConfUtils.java:logGet(43)) - raft.server.log.appender.buffer.byte-limit = 33554432 (custom)
2019-11-07 14:43:21,627 [JUnit] INFO  server.GrpcService (ConfUtils.java:logGet(43)) - raft.grpc.flow.control.window = 1MB (=1048576) (default)
2019-11-07 14:43:21,627 [JUnit] INFO  server.RaftServerConfigKeys (ConfUtils.java:logGet(43)) - raft.server.rpc.request.timeout = 3000ms (default)
2019-11-07 14:43:21,628 [JUnit] INFO  server.RaftServerConfigKeys (ConfUtils.java:logGet(43)) - raft.server.storage.dir = [/workdir/hadoop-ozone/ozonefs/target/test-dir/MiniOzoneClusterImpl-e0dbfaeb-01f5-418e-88ad-87e550fc10a5/datanode-1/data/ratis] (custom)
2019-11-07 14:43:21,630 [JUnit] INFO  hdfs.DFSUtil (DFSUtil.java:httpServerTemplateForNNAndJN(1641)) - Starting Web-server for hddsDatanode at: http://0.0.0.0:0
2019-11-07 14:43:21,632 [JUnit] INFO  server.AuthenticationFilter (AuthenticationFilter.java:constructSecretProvider(240)) - Unable to initialize FileSignerSecretProvider, falling back to use random secrets.
2019-11-07 14:43:21,633 [JUnit] WARN  http.HttpRequestLog (HttpRequestLog.java:getRequestLog(97)) - Jetty request log can only be enabled using Log4j
2019-11-07 14:43:21,634 [JUnit] INFO  http.HttpServer2 (HttpServer2.java:addGlobalFilter(975)) - Added global filter 'safety' (class=org.apache.hadoop.http.HttpServer2$QuotingInputFilter)
2019-11-07 14:43:21,635 [JUnit] INFO  http.HttpServer2 (HttpServer2.java:addFilter(948)) - Added filter static_user_filter (class=org.apache.hadoop.http.lib.StaticUserWebFilter$StaticUserFilter) to context hddsDatanode
2019-11-07 14:43:21,636 [JUnit] INFO  http.HttpServer2 (HttpServer2.java:addFilter(958)) - Added filter static_user_filter (class=org.apache.hadoop.http.lib.StaticUserWebFilter$StaticUserFilter) to context static
2019-11-07 14:43:21,636 [JUnit] INFO  http.HttpServer2 (HttpServer2.java:addFilter(958)) - Added filter static_user_filter (class=org.apache.hadoop.http.lib.StaticUserWebFilter$StaticUserFilter) to context logs
2019-11-07 14:43:21,637 [JUnit] INFO  http.HttpServer2 (HttpServer2.java:bindListener(1191)) - Jetty bound to port 33199
2019-11-07 14:43:21,637 [JUnit] INFO  server.Server (Server.java:doStart(351)) - jetty-9.3.25.v20180904, build timestamp: 2018-09-04T21:11:46Z, git hash: 3ce520221d0240229c862b122d2b06c12a625732
2019-11-07 14:43:21,639 [JUnit] INFO  handler.ContextHandler (ContextHandler.java:doStart(781)) - Started o.e.j.s.ServletContextHandler@36480b2d{/logs,file:///workdir/hadoop-ozone/ozonefs/target/log,AVAILABLE}
2019-11-07 14:43:21,640 [JUnit] INFO  handler.ContextHandler (ContextHandler.java:doStart(781)) - Started o.e.j.s.ServletContextHandler@1f6917fb{/static,jar:file:/home/user/.m2/repository/org/apache/hadoop/hadoop-hdds-container-service/0.5.0-SNAPSHOT/hadoop-hdds-container-service-0.5.0-SNAPSHOT.jar!/webapps/static,AVAILABLE}
2019-11-07 14:43:21,670 [JUnit] INFO  handler.ContextHandler (ContextHandler.java:doStart(781)) - Started o.e.j.w.WebAppContext@6573d2f7{/,file:///tmp/jetty-0.0.0.0-33199-hddsDatanode-_-any-6669422136176858569.dir/webapp/,AVAILABLE}{/hddsDatanode}
2019-11-07 14:43:21,671 [JUnit] INFO  server.AbstractConnector (AbstractConnector.java:doStart(278)) - Started ServerConnector@4052c8c2{HTTP/1.1,[http/1.1]}{0.0.0.0:33199}
2019-11-07 14:43:21,672 [JUnit] INFO  server.Server (Server.java:doStart(419)) - Started @21241ms
2019-11-07 14:43:21,672 [JUnit] WARN  impl.MetricsSystemImpl (MetricsSystemImpl.java:register(276)) - Sink prometheus already exists!
2019-11-07 14:43:21,673 [JUnit] INFO  server.BaseHttpServer (BaseHttpServer.java:updateConnectorAddress(215)) - HTTP server of HDDSDATANODE is listening at http://0.0.0.0:33199
2019-11-07 14:43:21,673 [JUnit] INFO  impl.MetricsSystemImpl (MetricsSystemImpl.java:init(158)) - HddsDatanode metrics system started (again)
2019-11-07 14:43:21,676 [org.apache.hadoop.util.JvmPauseMonitor$Monitor@7c8f7782] INFO  util.JvmPauseMonitor (JvmPauseMonitor.java:run(188)) - Starting JVM pause monitor
2019-11-07 14:43:21,676 [JUnit] INFO  ozone.HddsDatanodeService (HddsDatanodeService.java:start(184)) - HddsDatanodeService host:pr-hdds-2329-pipelines-xb8hx-2504970213 ip:192.168.34.59
2019-11-07 14:43:21,687 [JUnit] INFO  volume.HddsVolume (HddsVolume.java:<init>(176)) - Creating Volume: /workdir/hadoop-ozone/ozonefs/target/test-dir/MiniOzoneClusterImpl-e0dbfaeb-01f5-418e-88ad-87e550fc10a5/datanode-2/data/containers/hdds of  storage type : DISK and capacity : 1482555576320
2019-11-07 14:43:21,688 [JUnit] INFO  volume.VolumeSet (VolumeSet.java:initializeVolumeSet(170)) - Added Volume : /workdir/hadoop-ozone/ozonefs/target/test-dir/MiniOzoneClusterImpl-e0dbfaeb-01f5-418e-88ad-87e550fc10a5/datanode-2/data/containers/hdds to VolumeSet
2019-11-07 14:43:21,688 [JUnit] INFO  volume.ThrottledAsyncChecker (ThrottledAsyncChecker.java:schedule(141)) - Scheduling a check for /workdir/hadoop-ozone/ozonefs/target/test-dir/MiniOzoneClusterImpl-e0dbfaeb-01f5-418e-88ad-87e550fc10a5/datanode-2/data/containers/hdds
2019-11-07 14:43:21,689 [JUnit] INFO  volume.HddsVolumeChecker (HddsVolumeChecker.java:checkAllVolumes(204)) - Scheduled health check for volume /workdir/hadoop-ozone/ozonefs/target/test-dir/MiniOzoneClusterImpl-e0dbfaeb-01f5-418e-88ad-87e550fc10a5/datanode-2/data/containers/hdds
2019-11-07 14:43:21,714 [JUnit] INFO  impl.RaftServerProxy (ConfUtils.java:logGet(43)) - raft.rpc.type = GRPC (default)
2019-11-07 14:43:21,714 [JUnit] INFO  grpc.GrpcFactory (GrpcFactory.java:checkPooledByteBufAllocatorUseCacheForAllThreads(45)) - PERFORMANCE WARNING: useCacheForAllThreads is true that may cause Netty to create a lot garbage objects and, as a result, trigger GC.
	It is recommended to disable useCacheForAllThreads by setting -Dorg.apache.ratis.thirdparty.io.netty.allocator.useCacheForAllThreads=false in command line.
2019-11-07 14:43:21,714 [JUnit] INFO  grpc.GrpcConfigKeys$Server (ConfUtils.java:logGet(43)) - raft.grpc.server.port = 0 (default)
2019-11-07 14:43:21,715 [JUnit] INFO  server.GrpcService (ConfUtils.java:logGet(43)) - raft.grpc.message.size.max = 33570816 (custom)
2019-11-07 14:43:21,715 [JUnit] INFO  server.RaftServerConfigKeys (ConfUtils.java:logGet(43)) - raft.server.log.appender.buffer.byte-limit = 33554432 (custom)
2019-11-07 14:43:21,715 [JUnit] INFO  server.GrpcService (ConfUtils.java:logGet(43)) - raft.grpc.flow.control.window = 1MB (=1048576) (default)
2019-11-07 14:43:21,715 [JUnit] INFO  server.RaftServerConfigKeys (ConfUtils.java:logGet(43)) - raft.server.rpc.request.timeout = 3000ms (default)
2019-11-07 14:43:21,716 [JUnit] INFO  server.RaftServerConfigKeys (ConfUtils.java:logGet(43)) - raft.server.storage.dir = [/workdir/hadoop-ozone/ozonefs/target/test-dir/MiniOzoneClusterImpl-e0dbfaeb-01f5-418e-88ad-87e550fc10a5/datanode-2/data/ratis] (custom)
2019-11-07 14:43:21,719 [Datanode State Machine Thread - 0] INFO  datanode.InitDatanodeState (InitDatanodeState.java:persistContainerDatanodeDetails(140)) - DatanodeDetails is persisted to /workdir/hadoop-ozone/ozonefs/target/test-dir/MiniOzoneClusterImpl-e0dbfaeb-01f5-418e-88ad-87e550fc10a5/datanode-0/meta/datanode.id
2019-11-07 14:43:21,719 [JUnit] INFO  hdfs.DFSUtil (DFSUtil.java:httpServerTemplateForNNAndJN(1641)) - Starting Web-server for hddsDatanode at: http://0.0.0.0:0
2019-11-07 14:43:21,722 [Datanode State Machine Thread - 0] INFO  datanode.InitDatanodeState (InitDatanodeState.java:persistContainerDatanodeDetails(140)) - DatanodeDetails is persisted to /workdir/hadoop-ozone/ozonefs/target/test-dir/MiniOzoneClusterImpl-e0dbfaeb-01f5-418e-88ad-87e550fc10a5/datanode-1/meta/datanode.id
2019-11-07 14:43:21,723 [JUnit] INFO  server.AuthenticationFilter (AuthenticationFilter.java:constructSecretProvider(240)) - Unable to initialize FileSignerSecretProvider, falling back to use random secrets.
2019-11-07 14:43:21,724 [JUnit] WARN  http.HttpRequestLog (HttpRequestLog.java:getRequestLog(97)) - Jetty request log can only be enabled using Log4j
2019-11-07 14:43:21,726 [JUnit] INFO  http.HttpServer2 (HttpServer2.java:addGlobalFilter(975)) - Added global filter 'safety' (class=org.apache.hadoop.http.HttpServer2$QuotingInputFilter)
2019-11-07 14:43:21,727 [JUnit] INFO  http.HttpServer2 (HttpServer2.java:addFilter(948)) - Added filter static_user_filter (class=org.apache.hadoop.http.lib.StaticUserWebFilter$StaticUserFilter) to context hddsDatanode
2019-11-07 14:43:21,728 [JUnit] INFO  http.HttpServer2 (HttpServer2.java:addFilter(958)) - Added filter static_user_filter (class=org.apache.hadoop.http.lib.StaticUserWebFilter$StaticUserFilter) to context logs
2019-11-07 14:43:21,728 [JUnit] INFO  http.HttpServer2 (HttpServer2.java:addFilter(958)) - Added filter static_user_filter (class=org.apache.hadoop.http.lib.StaticUserWebFilter$StaticUserFilter) to context static
2019-11-07 14:43:21,729 [JUnit] INFO  http.HttpServer2 (HttpServer2.java:bindListener(1191)) - Jetty bound to port 39395
2019-11-07 14:43:21,729 [JUnit] INFO  server.Server (Server.java:doStart(351)) - jetty-9.3.25.v20180904, build timestamp: 2018-09-04T21:11:46Z, git hash: 3ce520221d0240229c862b122d2b06c12a625732
2019-11-07 14:43:21,733 [JUnit] INFO  handler.ContextHandler (ContextHandler.java:doStart(781)) - Started o.e.j.s.ServletContextHandler@1457fde{/logs,file:///workdir/hadoop-ozone/ozonefs/target/log,AVAILABLE}
2019-11-07 14:43:21,734 [JUnit] INFO  handler.ContextHandler (ContextHandler.java:doStart(781)) - Started o.e.j.s.ServletContextHandler@17fa1336{/static,jar:file:/home/user/.m2/repository/org/apache/hadoop/hadoop-hdds-container-service/0.5.0-SNAPSHOT/hadoop-hdds-container-service-0.5.0-SNAPSHOT.jar!/webapps/static,AVAILABLE}
2019-11-07 14:43:21,771 [JUnit] INFO  handler.ContextHandler (ContextHandler.java:doStart(781)) - Started o.e.j.w.WebAppContext@142213d5{/,file:///tmp/jetty-0.0.0.0-39395-hddsDatanode-_-any-1895877145976644974.dir/webapp/,AVAILABLE}{/hddsDatanode}
2019-11-07 14:43:21,771 [JUnit] INFO  server.AbstractConnector (AbstractConnector.java:doStart(278)) - Started ServerConnector@934b52f{HTTP/1.1,[http/1.1]}{0.0.0.0:39395}
2019-11-07 14:43:21,772 [JUnit] INFO  server.Server (Server.java:doStart(419)) - Started @21341ms
2019-11-07 14:43:21,772 [JUnit] WARN  impl.MetricsSystemImpl (MetricsSystemImpl.java:register(276)) - Sink prometheus already exists!
2019-11-07 14:43:21,773 [JUnit] INFO  server.BaseHttpServer (BaseHttpServer.java:updateConnectorAddress(215)) - HTTP server of HDDSDATANODE is listening at http://0.0.0.0:39395
2019-11-07 14:43:21,773 [JUnit] INFO  impl.MetricsSystemImpl (MetricsSystemImpl.java:init(158)) - HddsDatanode metrics system started (again)
2019-11-07 14:43:21,775 [org.apache.hadoop.util.JvmPauseMonitor$Monitor@d8bd3fb] INFO  util.JvmPauseMonitor (JvmPauseMonitor.java:run(188)) - Starting JVM pause monitor
2019-11-07 14:43:21,778 [JUnit] INFO  ozone.HddsDatanodeService (HddsDatanodeService.java:start(184)) - HddsDatanodeService host:pr-hdds-2329-pipelines-xb8hx-2504970213 ip:192.168.34.59
2019-11-07 14:43:21,778 [Datanode State Machine Thread - 0] INFO  datanode.InitDatanodeState (InitDatanodeState.java:persistContainerDatanodeDetails(140)) - DatanodeDetails is persisted to /workdir/hadoop-ozone/ozonefs/target/test-dir/MiniOzoneClusterImpl-e0dbfaeb-01f5-418e-88ad-87e550fc10a5/datanode-2/meta/datanode.id
2019-11-07 14:43:21,787 [JUnit] INFO  volume.HddsVolume (HddsVolume.java:<init>(176)) - Creating Volume: /workdir/hadoop-ozone/ozonefs/target/test-dir/MiniOzoneClusterImpl-e0dbfaeb-01f5-418e-88ad-87e550fc10a5/datanode-3/data/containers/hdds of  storage type : DISK and capacity : 1482555576320
2019-11-07 14:43:21,787 [JUnit] INFO  volume.VolumeSet (VolumeSet.java:initializeVolumeSet(170)) - Added Volume : /workdir/hadoop-ozone/ozonefs/target/test-dir/MiniOzoneClusterImpl-e0dbfaeb-01f5-418e-88ad-87e550fc10a5/datanode-3/data/containers/hdds to VolumeSet
2019-11-07 14:43:21,788 [JUnit] INFO  volume.ThrottledAsyncChecker (ThrottledAsyncChecker.java:schedule(141)) - Scheduling a check for /workdir/hadoop-ozone/ozonefs/target/test-dir/MiniOzoneClusterImpl-e0dbfaeb-01f5-418e-88ad-87e550fc10a5/datanode-3/data/containers/hdds
2019-11-07 14:43:21,789 [JUnit] INFO  volume.HddsVolumeChecker (HddsVolumeChecker.java:checkAllVolumes(204)) - Scheduled health check for volume /workdir/hadoop-ozone/ozonefs/target/test-dir/MiniOzoneClusterImpl-e0dbfaeb-01f5-418e-88ad-87e550fc10a5/datanode-3/data/containers/hdds
2019-11-07 14:43:21,812 [JUnit] INFO  impl.RaftServerProxy (ConfUtils.java:logGet(43)) - raft.rpc.type = GRPC (default)
2019-11-07 14:43:21,812 [JUnit] INFO  grpc.GrpcFactory (GrpcFactory.java:checkPooledByteBufAllocatorUseCacheForAllThreads(45)) - PERFORMANCE WARNING: useCacheForAllThreads is true that may cause Netty to create a lot garbage objects and, as a result, trigger GC.
	It is recommended to disable useCacheForAllThreads by setting -Dorg.apache.ratis.thirdparty.io.netty.allocator.useCacheForAllThreads=false in command line.
2019-11-07 14:43:21,812 [JUnit] INFO  grpc.GrpcConfigKeys$Server (ConfUtils.java:logGet(43)) - raft.grpc.server.port = 0 (default)
2019-11-07 14:43:21,813 [JUnit] INFO  server.GrpcService (ConfUtils.java:logGet(43)) - raft.grpc.message.size.max = 33570816 (custom)
2019-11-07 14:43:21,813 [JUnit] INFO  server.RaftServerConfigKeys (ConfUtils.java:logGet(43)) - raft.server.log.appender.buffer.byte-limit = 33554432 (custom)
2019-11-07 14:43:21,813 [JUnit] INFO  server.GrpcService (ConfUtils.java:logGet(43)) - raft.grpc.flow.control.window = 1MB (=1048576) (default)
2019-11-07 14:43:21,813 [JUnit] INFO  server.RaftServerConfigKeys (ConfUtils.java:logGet(43)) - raft.server.rpc.request.timeout = 3000ms (default)
2019-11-07 14:43:21,814 [JUnit] INFO  server.RaftServerConfigKeys (ConfUtils.java:logGet(43)) - raft.server.storage.dir = [/workdir/hadoop-ozone/ozonefs/target/test-dir/MiniOzoneClusterImpl-e0dbfaeb-01f5-418e-88ad-87e550fc10a5/datanode-3/data/ratis] (custom)
2019-11-07 14:43:21,816 [JUnit] INFO  hdfs.DFSUtil (DFSUtil.java:httpServerTemplateForNNAndJN(1641)) - Starting Web-server for hddsDatanode at: http://0.0.0.0:0
2019-11-07 14:43:21,818 [JUnit] INFO  server.AuthenticationFilter (AuthenticationFilter.java:constructSecretProvider(240)) - Unable to initialize FileSignerSecretProvider, falling back to use random secrets.
2019-11-07 14:43:21,819 [JUnit] WARN  http.HttpRequestLog (HttpRequestLog.java:getRequestLog(97)) - Jetty request log can only be enabled using Log4j
2019-11-07 14:43:21,821 [JUnit] INFO  http.HttpServer2 (HttpServer2.java:addGlobalFilter(975)) - Added global filter 'safety' (class=org.apache.hadoop.http.HttpServer2$QuotingInputFilter)
2019-11-07 14:43:21,822 [JUnit] INFO  http.HttpServer2 (HttpServer2.java:addFilter(948)) - Added filter static_user_filter (class=org.apache.hadoop.http.lib.StaticUserWebFilter$StaticUserFilter) to context hddsDatanode
2019-11-07 14:43:21,822 [JUnit] INFO  http.HttpServer2 (HttpServer2.java:addFilter(958)) - Added filter static_user_filter (class=org.apache.hadoop.http.lib.StaticUserWebFilter$StaticUserFilter) to context static
2019-11-07 14:43:21,822 [JUnit] INFO  http.HttpServer2 (HttpServer2.java:addFilter(958)) - Added filter static_user_filter (class=org.apache.hadoop.http.lib.StaticUserWebFilter$StaticUserFilter) to context logs
2019-11-07 14:43:21,823 [JUnit] INFO  http.HttpServer2 (HttpServer2.java:bindListener(1191)) - Jetty bound to port 33086
2019-11-07 14:43:21,823 [JUnit] INFO  server.Server (Server.java:doStart(351)) - jetty-9.3.25.v20180904, build timestamp: 2018-09-04T21:11:46Z, git hash: 3ce520221d0240229c862b122d2b06c12a625732
2019-11-07 14:43:21,825 [JUnit] INFO  handler.ContextHandler (ContextHandler.java:doStart(781)) - Started o.e.j.s.ServletContextHandler@75de6341{/logs,file:///workdir/hadoop-ozone/ozonefs/target/log,AVAILABLE}
2019-11-07 14:43:21,826 [JUnit] INFO  handler.ContextHandler (ContextHandler.java:doStart(781)) - Started o.e.j.s.ServletContextHandler@68f0f72c{/static,jar:file:/home/user/.m2/repository/org/apache/hadoop/hadoop-hdds-container-service/0.5.0-SNAPSHOT/hadoop-hdds-container-service-0.5.0-SNAPSHOT.jar!/webapps/static,AVAILABLE}
2019-11-07 14:43:21,855 [JUnit] INFO  handler.ContextHandler (ContextHandler.java:doStart(781)) - Started o.e.j.w.WebAppContext@788ddc1f{/,file:///tmp/jetty-0.0.0.0-33086-hddsDatanode-_-any-1416394917761737210.dir/webapp/,AVAILABLE}{/hddsDatanode}
2019-11-07 14:43:21,856 [JUnit] INFO  server.AbstractConnector (AbstractConnector.java:doStart(278)) - Started ServerConnector@2dc3271b{HTTP/1.1,[http/1.1]}{0.0.0.0:33086}
2019-11-07 14:43:21,857 [JUnit] INFO  server.Server (Server.java:doStart(419)) - Started @21426ms
2019-11-07 14:43:21,857 [JUnit] WARN  impl.MetricsSystemImpl (MetricsSystemImpl.java:register(276)) - Sink prometheus already exists!
2019-11-07 14:43:21,858 [JUnit] INFO  server.BaseHttpServer (BaseHttpServer.java:updateConnectorAddress(215)) - HTTP server of HDDSDATANODE is listening at http://0.0.0.0:33086
2019-11-07 14:43:21,858 [JUnit] INFO  impl.MetricsSystemImpl (MetricsSystemImpl.java:init(158)) - HddsDatanode metrics system started (again)
2019-11-07 14:43:21,861 [JUnit] INFO  ozone.HddsDatanodeService (HddsDatanodeService.java:start(184)) - HddsDatanodeService host:pr-hdds-2329-pipelines-xb8hx-2504970213 ip:192.168.34.59
2019-11-07 14:43:21,861 [org.apache.hadoop.util.JvmPauseMonitor$Monitor@667c18af] INFO  util.JvmPauseMonitor (JvmPauseMonitor.java:run(188)) - Starting JVM pause monitor
2019-11-07 14:43:21,864 [Datanode State Machine Thread - 0] INFO  datanode.InitDatanodeState (InitDatanodeState.java:persistContainerDatanodeDetails(140)) - DatanodeDetails is persisted to /workdir/hadoop-ozone/ozonefs/target/test-dir/MiniOzoneClusterImpl-e0dbfaeb-01f5-418e-88ad-87e550fc10a5/datanode-3/meta/datanode.id
2019-11-07 14:43:21,868 [JUnit] INFO  volume.HddsVolume (HddsVolume.java:<init>(176)) - Creating Volume: /workdir/hadoop-ozone/ozonefs/target/test-dir/MiniOzoneClusterImpl-e0dbfaeb-01f5-418e-88ad-87e550fc10a5/datanode-4/data/containers/hdds of  storage type : DISK and capacity : 1482555576320
2019-11-07 14:43:21,869 [JUnit] INFO  volume.VolumeSet (VolumeSet.java:initializeVolumeSet(170)) - Added Volume : /workdir/hadoop-ozone/ozonefs/target/test-dir/MiniOzoneClusterImpl-e0dbfaeb-01f5-418e-88ad-87e550fc10a5/datanode-4/data/containers/hdds to VolumeSet
2019-11-07 14:43:21,869 [JUnit] INFO  volume.ThrottledAsyncChecker (ThrottledAsyncChecker.java:schedule(141)) - Scheduling a check for /workdir/hadoop-ozone/ozonefs/target/test-dir/MiniOzoneClusterImpl-e0dbfaeb-01f5-418e-88ad-87e550fc10a5/datanode-4/data/containers/hdds
2019-11-07 14:43:21,869 [JUnit] INFO  volume.HddsVolumeChecker (HddsVolumeChecker.java:checkAllVolumes(204)) - Scheduled health check for volume /workdir/hadoop-ozone/ozonefs/target/test-dir/MiniOzoneClusterImpl-e0dbfaeb-01f5-418e-88ad-87e550fc10a5/datanode-4/data/containers/hdds
2019-11-07 14:43:21,890 [JUnit] INFO  impl.RaftServerProxy (ConfUtils.java:logGet(43)) - raft.rpc.type = GRPC (default)
2019-11-07 14:43:21,890 [JUnit] INFO  grpc.GrpcFactory (GrpcFactory.java:checkPooledByteBufAllocatorUseCacheForAllThreads(45)) - PERFORMANCE WARNING: useCacheForAllThreads is true that may cause Netty to create a lot garbage objects and, as a result, trigger GC.
	It is recommended to disable useCacheForAllThreads by setting -Dorg.apache.ratis.thirdparty.io.netty.allocator.useCacheForAllThreads=false in command line.
2019-11-07 14:43:21,891 [JUnit] INFO  grpc.GrpcConfigKeys$Server (ConfUtils.java:logGet(43)) - raft.grpc.server.port = 0 (default)
2019-11-07 14:43:21,891 [JUnit] INFO  server.GrpcService (ConfUtils.java:logGet(43)) - raft.grpc.message.size.max = 33570816 (custom)
2019-11-07 14:43:21,891 [JUnit] INFO  server.RaftServerConfigKeys (ConfUtils.java:logGet(43)) - raft.server.log.appender.buffer.byte-limit = 33554432 (custom)
2019-11-07 14:43:21,891 [JUnit] INFO  server.GrpcService (ConfUtils.java:logGet(43)) - raft.grpc.flow.control.window = 1MB (=1048576) (default)
2019-11-07 14:43:21,892 [JUnit] INFO  server.RaftServerConfigKeys (ConfUtils.java:logGet(43)) - raft.server.rpc.request.timeout = 3000ms (default)
2019-11-07 14:43:21,892 [JUnit] INFO  server.RaftServerConfigKeys (ConfUtils.java:logGet(43)) - raft.server.storage.dir = [/workdir/hadoop-ozone/ozonefs/target/test-dir/MiniOzoneClusterImpl-e0dbfaeb-01f5-418e-88ad-87e550fc10a5/datanode-4/data/ratis] (custom)
2019-11-07 14:43:21,894 [JUnit] INFO  hdfs.DFSUtil (DFSUtil.java:httpServerTemplateForNNAndJN(1641)) - Starting Web-server for hddsDatanode at: http://0.0.0.0:0
2019-11-07 14:43:21,896 [JUnit] INFO  server.AuthenticationFilter (AuthenticationFilter.java:constructSecretProvider(240)) - Unable to initialize FileSignerSecretProvider, falling back to use random secrets.
2019-11-07 14:43:21,898 [JUnit] WARN  http.HttpRequestLog (HttpRequestLog.java:getRequestLog(97)) - Jetty request log can only be enabled using Log4j
2019-11-07 14:43:21,901 [JUnit] INFO  http.HttpServer2 (HttpServer2.java:addGlobalFilter(975)) - Added global filter 'safety' (class=org.apache.hadoop.http.HttpServer2$QuotingInputFilter)
2019-11-07 14:43:21,903 [JUnit] INFO  http.HttpServer2 (HttpServer2.java:addFilter(948)) - Added filter static_user_filter (class=org.apache.hadoop.http.lib.StaticUserWebFilter$StaticUserFilter) to context hddsDatanode
2019-11-07 14:43:21,903 [JUnit] INFO  http.HttpServer2 (HttpServer2.java:addFilter(958)) - Added filter static_user_filter (class=org.apache.hadoop.http.lib.StaticUserWebFilter$StaticUserFilter) to context static
2019-11-07 14:43:21,903 [JUnit] INFO  http.HttpServer2 (HttpServer2.java:addFilter(958)) - Added filter static_user_filter (class=org.apache.hadoop.http.lib.StaticUserWebFilter$StaticUserFilter) to context logs
2019-11-07 14:43:21,905 [JUnit] INFO  http.HttpServer2 (HttpServer2.java:bindListener(1191)) - Jetty bound to port 44264
2019-11-07 14:43:21,905 [JUnit] INFO  server.Server (Server.java:doStart(351)) - jetty-9.3.25.v20180904, build timestamp: 2018-09-04T21:11:46Z, git hash: 3ce520221d0240229c862b122d2b06c12a625732
2019-11-07 14:43:21,908 [JUnit] INFO  handler.ContextHandler (ContextHandler.java:doStart(781)) - Started o.e.j.s.ServletContextHandler@58434b19{/logs,file:///workdir/hadoop-ozone/ozonefs/target/log,AVAILABLE}
2019-11-07 14:43:21,909 [JUnit] INFO  handler.ContextHandler (ContextHandler.java:doStart(781)) - Started o.e.j.s.ServletContextHandler@7dbe2ebf{/static,jar:file:/home/user/.m2/repository/org/apache/hadoop/hadoop-hdds-container-service/0.5.0-SNAPSHOT/hadoop-hdds-container-service-0.5.0-SNAPSHOT.jar!/webapps/static,AVAILABLE}
2019-11-07 14:43:21,954 [JUnit] INFO  handler.ContextHandler (ContextHandler.java:doStart(781)) - Started o.e.j.w.WebAppContext@3c74aa0d{/,file:///tmp/jetty-0.0.0.0-44264-hddsDatanode-_-any-6434257464103033095.dir/webapp/,AVAILABLE}{/hddsDatanode}
2019-11-07 14:43:21,955 [JUnit] INFO  server.AbstractConnector (AbstractConnector.java:doStart(278)) - Started ServerConnector@6c841199{HTTP/1.1,[http/1.1]}{0.0.0.0:44264}
2019-11-07 14:43:21,956 [JUnit] INFO  server.Server (Server.java:doStart(419)) - Started @21526ms
2019-11-07 14:43:21,956 [JUnit] WARN  impl.MetricsSystemImpl (MetricsSystemImpl.java:register(276)) - Sink prometheus already exists!
2019-11-07 14:43:21,957 [JUnit] INFO  server.BaseHttpServer (BaseHttpServer.java:updateConnectorAddress(215)) - HTTP server of HDDSDATANODE is listening at http://0.0.0.0:44264
2019-11-07 14:43:21,960 [JUnit] INFO  ozone.MiniOzoneClusterImpl (MiniOzoneClusterImpl.java:lambda$waitForClusterToBeReady$0(147)) - Waiting for cluster to be ready. Got 0 of 5 DN Heartbeats.
2019-11-07 14:43:21,960 [org.apache.hadoop.util.JvmPauseMonitor$Monitor@6b49dfb7] INFO  util.JvmPauseMonitor (JvmPauseMonitor.java:run(188)) - Starting JVM pause monitor
2019-11-07 14:43:21,963 [Datanode State Machine Thread - 0] INFO  datanode.InitDatanodeState (InitDatanodeState.java:persistContainerDatanodeDetails(140)) - DatanodeDetails is persisted to /workdir/hadoop-ozone/ozonefs/target/test-dir/MiniOzoneClusterImpl-e0dbfaeb-01f5-418e-88ad-87e550fc10a5/datanode-4/meta/datanode.id
2019-11-07 14:43:22,960 [JUnit] INFO  ozone.MiniOzoneClusterImpl (MiniOzoneClusterImpl.java:lambda$waitForClusterToBeReady$0(147)) - Waiting for cluster to be ready. Got 0 of 5 DN Heartbeats.
2019-11-07 14:43:23,688 [Datanode State Machine Thread - 0] INFO  ozoneimpl.OzoneContainer (OzoneContainer.java:start(213)) - Attempting to start container services.
2019-11-07 14:43:23,688 [Datanode State Machine Thread - 0] INFO  ozoneimpl.OzoneContainer (OzoneContainer.java:start(213)) - Attempting to start container services.
2019-11-07 14:43:23,692 [Datanode State Machine Thread - 0] INFO  ozoneimpl.OzoneContainer (OzoneContainer.java:startContainerScrub(177)) - Background container scanner has been disabled.
2019-11-07 14:43:23,693 [Datanode State Machine Thread - 0] INFO  ratis.XceiverServerRatis (XceiverServerRatis.java:start(418)) - Starting XceiverServerRatis bdc51000-d74b-40c3-9891-08ea6b2226f6 at port 0
2019-11-07 14:43:23,693 [Datanode State Machine Thread - 0] INFO  ozoneimpl.OzoneContainer (OzoneContainer.java:startContainerScrub(177)) - Background container scanner has been disabled.
2019-11-07 14:43:23,693 [Datanode State Machine Thread - 0] INFO  ratis.XceiverServerRatis (XceiverServerRatis.java:start(418)) - Starting XceiverServerRatis 00bc3fff-080b-4229-97f0-c620c25a950b at port 0
2019-11-07 14:43:23,730 [Datanode State Machine Thread - 0] INFO  impl.RaftServerProxy (RaftServerProxy.java:lambda$start$3(299)) - 00bc3fff-080b-4229-97f0-c620c25a950b: start RPC server
2019-11-07 14:43:23,730 [Datanode State Machine Thread - 0] INFO  impl.RaftServerProxy (RaftServerProxy.java:lambda$start$3(299)) - bdc51000-d74b-40c3-9891-08ea6b2226f6: start RPC server
2019-11-07 14:43:23,785 [Datanode State Machine Thread - 0] INFO  ozoneimpl.OzoneContainer (OzoneContainer.java:start(213)) - Attempting to start container services.
2019-11-07 14:43:23,789 [Datanode State Machine Thread - 0] INFO  ozoneimpl.OzoneContainer (OzoneContainer.java:startContainerScrub(177)) - Background container scanner has been disabled.
2019-11-07 14:43:23,789 [Datanode State Machine Thread - 0] INFO  ratis.XceiverServerRatis (XceiverServerRatis.java:start(418)) - Starting XceiverServerRatis 5d15a714-d6b2-4ad2-b05e-4f274c753be7 at port 0
2019-11-07 14:43:23,798 [Datanode State Machine Thread - 0] INFO  impl.RaftServerProxy (RaftServerProxy.java:lambda$start$3(299)) - 5d15a714-d6b2-4ad2-b05e-4f274c753be7: start RPC server
2019-11-07 14:43:23,876 [Datanode State Machine Thread - 0] INFO  server.GrpcService (GrpcService.java:startImpl(158)) - 00bc3fff-080b-4229-97f0-c620c25a950b: GrpcService started, listening on 0.0.0.0/0.0.0.0:43864
2019-11-07 14:43:23,877 [Datanode State Machine Thread - 0] INFO  ozoneimpl.OzoneContainer (OzoneContainer.java:start(213)) - Attempting to start container services.
2019-11-07 14:43:23,877 [Datanode State Machine Thread - 0] INFO  ratis.XceiverServerRatis (XceiverServerRatis.java:start(428)) - XceiverServerRatis 00bc3fff-080b-4229-97f0-c620c25a950b is started using port 43864
2019-11-07 14:43:23,876 [Datanode State Machine Thread - 0] INFO  server.GrpcService (GrpcService.java:startImpl(158)) - bdc51000-d74b-40c3-9891-08ea6b2226f6: GrpcService started, listening on 0.0.0.0/0.0.0.0:38380
2019-11-07 14:43:23,876 [Datanode State Machine Thread - 0] INFO  server.GrpcService (GrpcService.java:startImpl(158)) - 5d15a714-d6b2-4ad2-b05e-4f274c753be7: GrpcService started, listening on 0.0.0.0/0.0.0.0:43914
2019-11-07 14:43:23,879 [Datanode State Machine Thread - 0] INFO  ratis.XceiverServerRatis (XceiverServerRatis.java:start(428)) - XceiverServerRatis bdc51000-d74b-40c3-9891-08ea6b2226f6 is started using port 38380
2019-11-07 14:43:23,878 [Datanode State Machine Thread - 0] INFO  ozoneimpl.OzoneContainer (OzoneContainer.java:startContainerScrub(177)) - Background container scanner has been disabled.
2019-11-07 14:43:23,879 [Datanode State Machine Thread - 0] INFO  ratis.XceiverServerRatis (XceiverServerRatis.java:start(428)) - XceiverServerRatis 5d15a714-d6b2-4ad2-b05e-4f274c753be7 is started using port 43914
2019-11-07 14:43:23,879 [Datanode State Machine Thread - 0] INFO  ratis.XceiverServerRatis (XceiverServerRatis.java:start(418)) - Starting XceiverServerRatis cffeb7e5-539e-40ed-a33a-26ca59c7db39 at port 0
2019-11-07 14:43:23,885 [Datanode State Machine Thread - 0] INFO  server.XceiverServerGrpc (XceiverServerGrpc.java:start(149)) - XceiverServerGrpc 5d15a714-d6b2-4ad2-b05e-4f274c753be7 is started using port 42409
2019-11-07 14:43:23,885 [Datanode State Machine Thread - 0] INFO  server.XceiverServerGrpc (XceiverServerGrpc.java:start(149)) - XceiverServerGrpc bdc51000-d74b-40c3-9891-08ea6b2226f6 is started using port 39639
2019-11-07 14:43:23,885 [Datanode State Machine Thread - 0] INFO  server.XceiverServerGrpc (XceiverServerGrpc.java:start(149)) - XceiverServerGrpc 00bc3fff-080b-4229-97f0-c620c25a950b is started using port 40221
2019-11-07 14:43:23,893 [Datanode State Machine Thread - 0] INFO  impl.RaftServerProxy (RaftServerProxy.java:lambda$start$3(299)) - cffeb7e5-539e-40ed-a33a-26ca59c7db39: start RPC server
2019-11-07 14:43:23,897 [Datanode State Machine Thread - 0] INFO  server.GrpcService (GrpcService.java:startImpl(158)) - cffeb7e5-539e-40ed-a33a-26ca59c7db39: GrpcService started, listening on 0.0.0.0/0.0.0.0:34915
2019-11-07 14:43:23,897 [Datanode State Machine Thread - 0] INFO  ratis.XceiverServerRatis (XceiverServerRatis.java:start(428)) - XceiverServerRatis cffeb7e5-539e-40ed-a33a-26ca59c7db39 is started using port 34915
2019-11-07 14:43:23,899 [Datanode State Machine Thread - 0] INFO  server.XceiverServerGrpc (XceiverServerGrpc.java:start(149)) - XceiverServerGrpc cffeb7e5-539e-40ed-a33a-26ca59c7db39 is started using port 46697
2019-11-07 14:43:23,961 [JUnit] INFO  ozone.MiniOzoneClusterImpl (MiniOzoneClusterImpl.java:lambda$waitForClusterToBeReady$0(147)) - Waiting for cluster to be ready. Got 0 of 5 DN Heartbeats.
2019-11-07 14:43:23,977 [Datanode State Machine Thread - 0] INFO  ozoneimpl.OzoneContainer (OzoneContainer.java:start(213)) - Attempting to start container services.
2019-11-07 14:43:23,982 [Datanode State Machine Thread - 0] INFO  ozoneimpl.OzoneContainer (OzoneContainer.java:startContainerScrub(177)) - Background container scanner has been disabled.
2019-11-07 14:43:23,982 [Datanode State Machine Thread - 0] INFO  ratis.XceiverServerRatis (XceiverServerRatis.java:start(418)) - Starting XceiverServerRatis 854624fe-2fd6-4aa1-977c-dc3f5aaee71c at port 0
2019-11-07 14:43:23,990 [Datanode State Machine Thread - 0] INFO  impl.RaftServerProxy (RaftServerProxy.java:lambda$start$3(299)) - 854624fe-2fd6-4aa1-977c-dc3f5aaee71c: start RPC server
2019-11-07 14:43:23,992 [Datanode State Machine Thread - 0] INFO  server.GrpcService (GrpcService.java:startImpl(158)) - 854624fe-2fd6-4aa1-977c-dc3f5aaee71c: GrpcService started, listening on 0.0.0.0/0.0.0.0:37247
2019-11-07 14:43:23,992 [Datanode State Machine Thread - 0] INFO  ratis.XceiverServerRatis (XceiverServerRatis.java:start(428)) - XceiverServerRatis 854624fe-2fd6-4aa1-977c-dc3f5aaee71c is started using port 37247
2019-11-07 14:43:23,994 [Datanode State Machine Thread - 0] INFO  server.XceiverServerGrpc (XceiverServerGrpc.java:start(149)) - XceiverServerGrpc 854624fe-2fd6-4aa1-977c-dc3f5aaee71c is started using port 45587
2019-11-07 14:43:24,961 [JUnit] INFO  ozone.MiniOzoneClusterImpl (MiniOzoneClusterImpl.java:lambda$waitForClusterToBeReady$0(147)) - Waiting for cluster to be ready. Got 0 of 5 DN Heartbeats.
2019-11-07 14:43:25,635 [IPC Server handler 0 on 42388] INFO  net.NetworkTopology (NetworkTopologyImpl.java:add(111)) - Added a new node: /default-rack/bdc51000-d74b-40c3-9891-08ea6b2226f6
2019-11-07 14:43:25,636 [IPC Server handler 0 on 42388] INFO  node.SCMNodeManager (SCMNodeManager.java:register(313)) - Registered Data node : bdc51000-d74b-40c3-9891-08ea6b2226f6{ip: 192.168.34.59, host: pr-hdds-2329-pipelines-xb8hx-2504970213, networkLocation: /default-rack, certSerialId: null}
2019-11-07 14:43:25,641 [EventQueue-NodeRegistrationContainerReportForDataNodeSafeModeRule] INFO  safemode.SCMSafeModeManager (DataNodeSafeModeRule.java:process(71)) - SCM in safe mode. 1 DataNodes registered, 1 required.
2019-11-07 14:43:25,643 [EventQueue-NodeRegistrationContainerReportForDataNodeSafeModeRule] INFO  safemode.SCMSafeModeManager (SCMSafeModeManager.java:validateSafeModeExitRules(177)) - ScmSafeModeManager, all rules are successfully validated
2019-11-07 14:43:25,643 [EventQueue-NodeRegistrationContainerReportForDataNodeSafeModeRule] INFO  safemode.SCMSafeModeManager (SCMSafeModeManager.java:exitSafeMode(193)) - SCM exiting safe mode.
2019-11-07 14:43:25,680 [IPC Server handler 2 on 42388] INFO  net.NetworkTopology (NetworkTopologyImpl.java:add(111)) - Added a new node: /default-rack/00bc3fff-080b-4229-97f0-c620c25a950b
2019-11-07 14:43:25,681 [IPC Server handler 2 on 42388] INFO  node.SCMNodeManager (SCMNodeManager.java:register(313)) - Registered Data node : 00bc3fff-080b-4229-97f0-c620c25a950b{ip: 192.168.34.59, host: pr-hdds-2329-pipelines-xb8hx-2504970213, networkLocation: /default-rack, certSerialId: null}
2019-11-07 14:43:25,777 [IPC Server handler 3 on 42388] INFO  net.NetworkTopology (NetworkTopologyImpl.java:add(111)) - Added a new node: /default-rack/5d15a714-d6b2-4ad2-b05e-4f274c753be7
2019-11-07 14:43:25,778 [IPC Server handler 3 on 42388] INFO  node.SCMNodeManager (SCMNodeManager.java:register(313)) - Registered Data node : 5d15a714-d6b2-4ad2-b05e-4f274c753be7{ip: 192.168.34.59, host: pr-hdds-2329-pipelines-xb8hx-2504970213, networkLocation: /default-rack, certSerialId: null}
2019-11-07 14:43:25,873 [IPC Server handler 5 on 42388] INFO  net.NetworkTopology (NetworkTopologyImpl.java:add(111)) - Added a new node: /default-rack/cffeb7e5-539e-40ed-a33a-26ca59c7db39
2019-11-07 14:43:25,874 [IPC Server handler 5 on 42388] INFO  node.SCMNodeManager (SCMNodeManager.java:register(313)) - Registered Data node : cffeb7e5-539e-40ed-a33a-26ca59c7db39{ip: 192.168.34.59, host: pr-hdds-2329-pipelines-xb8hx-2504970213, networkLocation: /default-rack, certSerialId: null}
2019-11-07 14:43:25,963 [JUnit] INFO  ozone.MiniOzoneClusterImpl (MiniOzoneClusterImpl.java:lambda$waitForClusterToBeReady$0(147)) - Waiting for cluster to be ready. Got 4 of 5 DN Heartbeats.
2019-11-07 14:43:25,964 [IPC Server handler 4 on 42388] INFO  net.NetworkTopology (NetworkTopologyImpl.java:add(111)) - Added a new node: /default-rack/854624fe-2fd6-4aa1-977c-dc3f5aaee71c
2019-11-07 14:43:25,964 [IPC Server handler 4 on 42388] INFO  node.SCMNodeManager (SCMNodeManager.java:register(313)) - Registered Data node : 854624fe-2fd6-4aa1-977c-dc3f5aaee71c{ip: 192.168.34.59, host: pr-hdds-2329-pipelines-xb8hx-2504970213, networkLocation: /default-rack, certSerialId: null}
2019-11-07 14:43:26,271 [grpc-default-executor-0] INFO  impl.RaftServerProxy (RaftServerProxy.java:addNew(89)) - bdc51000-d74b-40c3-9891-08ea6b2226f6: addNew group-9FD2CA2D7B77:[bdc51000-d74b-40c3-9891-08ea6b2226f6:192.168.34.59:38380] returns group-9FD2CA2D7B77:java.util.concurrent.CompletableFuture@6a7995a8[Not completed]
2019-11-07 14:43:26,289 [pool-28-thread-1] INFO  impl.RaftServerImpl (RaftServerImpl.java:<init>(98)) - bdc51000-d74b-40c3-9891-08ea6b2226f6: new RaftServerImpl for group-9FD2CA2D7B77:[bdc51000-d74b-40c3-9891-08ea6b2226f6:192.168.34.59:38380] with ContainerStateMachine:uninitialized
2019-11-07 14:43:26,292 [pool-28-thread-1] INFO  server.RaftServerConfigKeys (ConfUtils.java:logGet(43)) - raft.server.rpc.timeout.min = 5s (custom)
2019-11-07 14:43:26,293 [pool-28-thread-1] INFO  server.RaftServerConfigKeys (ConfUtils.java:logGet(43)) - raft.server.rpc.timeout.max = 5200ms (custom)
2019-11-07 14:43:26,293 [pool-28-thread-1] INFO  server.RaftServerConfigKeys (ConfUtils.java:logGet(43)) - raft.server.rpcslowness.timeout = 120s (custom)
2019-11-07 14:43:26,294 [pool-28-thread-1] INFO  server.RaftServerConfigKeys (ConfUtils.java:logGet(43)) - raft.server.sleep.deviation.threshold = 300 (default)
2019-11-07 14:43:26,295 [pool-28-thread-1] INFO  server.RaftServerConfigKeys (ConfUtils.java:logGet(43)) - raft.server.log.appender.install.snapshot.enabled = false (custom)
2019-11-07 14:43:26,306 [pool-28-thread-1] INFO  impl.RaftServerImpl (ServerState.java:<init>(103)) - bdc51000-d74b-40c3-9891-08ea6b2226f6@group-9FD2CA2D7B77: ConfigurationManager, init=-1: [bdc51000-d74b-40c3-9891-08ea6b2226f6:192.168.34.59:38380], old=null, confs=<EMPTY_MAP>
2019-11-07 14:43:26,306 [pool-28-thread-1] INFO  server.RaftServerConfigKeys (ConfUtils.java:logGet(43)) - raft.server.storage.dir = [/workdir/hadoop-ozone/ozonefs/target/test-dir/MiniOzoneClusterImpl-e0dbfaeb-01f5-418e-88ad-87e550fc10a5/datanode-0/data/ratis] (custom)
2019-11-07 14:43:26,314 [pool-28-thread-1] INFO  server.RaftServerConfigKeys (ConfUtils.java:logGet(43)) - raft.server.log.corruption.policy = EXCEPTION (default)
2019-11-07 14:43:26,316 [pool-28-thread-1] INFO  storage.RaftStorageDirectory (RaftStorageDirectory.java:analyzeStorage(246)) - The storage directory /workdir/hadoop-ozone/ozonefs/target/test-dir/MiniOzoneClusterImpl-e0dbfaeb-01f5-418e-88ad-87e550fc10a5/datanode-0/data/ratis/f4ef28f4-b109-42dc-ba9b-9fd2ca2d7b77 does not exist. Creating ...
2019-11-07 14:43:26,963 [JUnit] INFO  ozone.MiniOzoneClusterImpl (MiniOzoneClusterImpl.java:lambda$waitForClusterToBeReady$0(147)) - Cluster is ready. Got 5 of 5 DN Heartbeats.
2019-11-07 14:43:27,662 [Thread-209] INFO  rpc.RpcClient (RpcClient.java:createVolume(291)) - Creating Volume: volume23506, with user50679 as owner.
2019-11-07 14:43:27,881 [IPC Server handler 3 on 32930] INFO  volume.OMVolumeCreateRequest (OMVolumeCreateRequest.java:validateAndUpdateCache(193)) - created volume:volume23506 for user:user50679
2019-11-07 14:43:28,544 [pool-28-thread-1] INFO  storage.RaftStorageDirectory (RaftStorageDirectory.java:tryLock(328)) - Lock on /workdir/hadoop-ozone/ozonefs/target/test-dir/MiniOzoneClusterImpl-e0dbfaeb-01f5-418e-88ad-87e550fc10a5/datanode-0/data/ratis/f4ef28f4-b109-42dc-ba9b-9fd2ca2d7b77/in_use.lock acquired by nodename 32603@pr-hdds-2329-pipelines-xb8hx-2504970213
2019-11-07 14:43:28,574 [pool-28-thread-1] INFO  storage.RaftStorage (RaftStorage.java:format(84)) - Storage directory /workdir/hadoop-ozone/ozonefs/target/test-dir/MiniOzoneClusterImpl-e0dbfaeb-01f5-418e-88ad-87e550fc10a5/datanode-0/data/ratis/f4ef28f4-b109-42dc-ba9b-9fd2ca2d7b77 has been successfully formatted.
2019-11-07 14:43:28,580 [pool-28-thread-1] INFO  ratis.ContainerStateMachine (ContainerStateMachine.java:loadSnapshot(231)) - group-9FD2CA2D7B77: The snapshot info is null. Setting the last applied indexto:(t:0, i:~)
2019-11-07 14:43:28,582 [pool-28-thread-1] INFO  server.RaftServerConfigKeys (ConfUtils.java:logGet(43)) - raft.server.notification.no-leader.timeout = 120s (custom)
2019-11-07 14:43:28,587 [pool-28-thread-1] INFO  server.RaftServerConfigKeys (ConfUtils.java:logGet(43)) - raft.server.log.use.memory = false (default)
2019-11-07 14:43:28,602 [pool-28-thread-1] INFO  server.RaftServerConfigKeys (ConfUtils.java:logGet(43)) - raft.server.log.purge.gap = 1000000 (custom)
2019-11-07 14:43:28,602 [pool-28-thread-1] INFO  server.RaftServerConfigKeys (ConfUtils.java:logGet(43)) - raft.server.log.appender.buffer.byte-limit = 33554432 (custom)
2019-11-07 14:43:28,605 [pool-28-thread-1] INFO  server.RaftServerConfigKeys (ConfUtils.java:logGet(43)) - raft.server.log.segment.size.max = 1048576 (custom)
2019-11-07 14:43:28,611 [pool-28-thread-1] INFO  metrics.MetricRegistries (MetricRegistriesLoader.java:load(64)) - Loaded MetricRegistries class org.apache.ratis.metrics.impl.MetricRegistriesImpl
2019-11-07 14:43:28,616 [pool-28-thread-1] WARN  impl.MetricRegistriesImpl (MetricRegistriesImpl.java:lambda$create$1(61)) - First MetricRegistry has been created without registering reporters. You may need to call MetricRegistries.global().addReportRegistration(...) before.
2019-11-07 14:43:28,625 [Thread-209] INFO  rpc.RpcClient (RpcClient.java:createBucket(430)) - Creating Bucket: volume23506/bucket98992, with Versioning false and Storage Type set to DISK and Encryption set to false 
2019-11-07 14:43:28,628 [pool-28-thread-1] INFO  server.RaftServerConfigKeys (ConfUtils.java:logGet(43)) - raft.server.log.segment.cache.num.max = 2 (custom)
2019-11-07 14:43:28,637 [pool-28-thread-1] INFO  segmented.SegmentedRaftLogWorker (SegmentedRaftLogWorker.java:<init>(173)) - new bdc51000-d74b-40c3-9891-08ea6b2226f6@group-9FD2CA2D7B77-SegmentedRaftLogWorker for RaftStorage:Storage Directory /workdir/hadoop-ozone/ozonefs/target/test-dir/MiniOzoneClusterImpl-e0dbfaeb-01f5-418e-88ad-87e550fc10a5/datanode-0/data/ratis/f4ef28f4-b109-42dc-ba9b-9fd2ca2d7b77
2019-11-07 14:43:28,638 [pool-28-thread-1] INFO  server.RaftServerConfigKeys (ConfUtils.java:logGet(43)) - raft.server.log.queue.byte-limit = 2147483647 (custom)
2019-11-07 14:43:28,638 [pool-28-thread-1] INFO  server.RaftServerConfigKeys (ConfUtils.java:logGet(43)) - raft.server.log.queue.element-limit = 1024 (custom)
2019-11-07 14:43:28,641 [pool-28-thread-1] INFO  server.RaftServerConfigKeys (ConfUtils.java:logGet(43)) - raft.server.log.segment.size.max = 1048576 (custom)
2019-11-07 14:43:28,641 [pool-28-thread-1] INFO  server.RaftServerConfigKeys (ConfUtils.java:logGet(43)) - raft.server.log.preallocated.size = 16384 (custom)
2019-11-07 14:43:28,642 [pool-28-thread-1] INFO  server.RaftServerConfigKeys (ConfUtils.java:logGet(43)) - raft.server.log.write.buffer.size = 33554432 (custom)
2019-11-07 14:43:28,642 [pool-28-thread-1] INFO  server.RaftServerConfigKeys (ConfUtils.java:logGet(43)) - raft.server.log.force.sync.num = 128 (default)
2019-11-07 14:43:28,643 [pool-28-thread-1] INFO  server.RaftServerConfigKeys (ConfUtils.java:logGet(43)) - raft.server.log.statemachine.data.sync = true (default)
2019-11-07 14:43:28,643 [pool-28-thread-1] INFO  server.RaftServerConfigKeys (ConfUtils.java:logGet(43)) - raft.server.log.statemachine.data.sync.timeout = 10s (default)
2019-11-07 14:43:28,644 [pool-28-thread-1] INFO  server.RaftServerConfigKeys (ConfUtils.java:logGet(43)) - raft.server.log.statemachine.data.sync.timeout.retry = -1 (default)
2019-11-07 14:43:28,651 [Thread-208] INFO  container.ReplicationManager (ReplicationManager.java:start(162)) - Starting Replication Monitor Thread.
2019-11-07 14:43:28,654 [ReplicationMonitor] INFO  container.ReplicationManager (ReplicationManager.java:run(225)) - Replication Monitor Thread took 1 milliseconds for processing 0 containers.
2019-11-07 14:43:28,660 [pool-28-thread-1] INFO  server.RaftServerConfigKeys (ConfUtils.java:logGet(43)) - raft.server.log.statemachine.data.caching.enabled = true (custom)
2019-11-07 14:43:28,666 [pool-28-thread-1] INFO  segmented.SegmentedRaftLogWorker (SegmentedRaftLogWorker.java:lambda$new$0(128)) - bdc51000-d74b-40c3-9891-08ea6b2226f6@group-9FD2CA2D7B77-SegmentedRaftLogWorker: flushIndex: setUnconditionally 0 -> -1
2019-11-07 14:43:28,672 [pool-28-thread-1] INFO  server.RaftServerConfigKeys (ConfUtils.java:logGet(43)) - raft.server.snapshot.auto.trigger.enabled = true (custom)
2019-11-07 14:43:28,672 [pool-28-thread-1] INFO  server.RaftServerConfigKeys (ConfUtils.java:logGet(43)) - raft.server.snapshot.auto.trigger.threshold = 10000 (custom)
2019-11-07 14:43:28,673 [pool-28-thread-1] INFO  server.RaftServerConfigKeys (ConfUtils.java:logGet(43)) - raft.server.snapshot.retention.file.num = 5 (custom)
2019-11-07 14:43:28,674 [pool-28-thread-1] INFO  server.RaftServerConfigKeys (ConfUtils.java:logGet(43)) - raft.server.retrycache.expirytime = 600000ms (custom)
2019-11-07 14:43:28,917 [pool-28-thread-1] WARN  impl.MetricRegistriesImpl (MetricRegistriesImpl.java:lambda$create$1(61)) - First MetricRegistry has been created without registering reporters. You may need to call MetricRegistries.global().addReportRegistration(...) before.
2019-11-07 14:43:28,920 [pool-28-thread-1] WARN  impl.MetricRegistriesImpl (MetricRegistriesImpl.java:lambda$create$1(61)) - First MetricRegistry has been created without registering reporters. You may need to call MetricRegistries.global().addReportRegistration(...) before.
2019-11-07 14:43:28,924 [pool-28-thread-1] INFO  impl.RaftServerImpl (RaftServerImpl.java:start(184)) - bdc51000-d74b-40c3-9891-08ea6b2226f6@group-9FD2CA2D7B77: start as a follower, conf=-1: [bdc51000-d74b-40c3-9891-08ea6b2226f6:192.168.34.59:38380], old=null
2019-11-07 14:43:28,924 [pool-28-thread-1] INFO  impl.RaftServerImpl (RaftServerImpl.java:setRole(173)) - bdc51000-d74b-40c3-9891-08ea6b2226f6@group-9FD2CA2D7B77: changes role from      null to FOLLOWER at term 0 for startAsFollower
2019-11-07 14:43:28,926 [pool-28-thread-1] INFO  impl.RoleInfo (RoleInfo.java:updateAndGet(143)) - bdc51000-d74b-40c3-9891-08ea6b2226f6: start FollowerState
2019-11-07 14:43:28,935 [pool-28-thread-1] INFO  util.JmxRegister (JmxRegister.java:tryRegister(44)) - Successfully registered JMX Bean with object name Ratis:service=RaftServer,group=group-9FD2CA2D7B77,id=bdc51000-d74b-40c3-9891-08ea6b2226f6
2019-11-07 14:43:28,937 [pool-28-thread-1] WARN  impl.MetricRegistriesImpl (MetricRegistriesImpl.java:lambda$create$1(61)) - First MetricRegistry has been created without registering reporters. You may need to call MetricRegistries.global().addReportRegistration(...) before.
2019-11-07 14:43:28,946 [RATISCREATEPIPELINE1] ERROR pipeline.RatisPipelineProvider (RatisPipelineProvider.java:lambda$null$5(237)) - Failed invoke Ratis rpc org.apache.hadoop.hdds.scm.pipeline.RatisPipelineProvider$$Lambda$193/1413241656@47cc7964 for bdc51000-d74b-40c3-9891-08ea6b2226f6
org.apache.ratis.protocol.TimeoutIOException: deadline exceeded after 2933772443ns
	at org.apache.ratis.grpc.GrpcUtil.tryUnwrapException(GrpcUtil.java:82)
	at org.apache.ratis.grpc.GrpcUtil.unwrapException(GrpcUtil.java:75)
	at org.apache.ratis.grpc.client.GrpcClientProtocolClient.blockingCall(GrpcClientProtocolClient.java:184)
	at org.apache.ratis.grpc.client.GrpcClientProtocolClient.groupAdd(GrpcClientProtocolClient.java:153)
	at org.apache.ratis.grpc.client.GrpcClientRpc.sendRequest(GrpcClientRpc.java:94)
	at org.apache.ratis.client.impl.RaftClientImpl.sendRequest(RaftClientImpl.java:278)
	at org.apache.ratis.client.impl.RaftClientImpl.groupAdd(RaftClientImpl.java:205)
	at org.apache.hadoop.hdds.scm.pipeline.RatisPipelineProvider.lambda$initializePipeline$4(RatisPipelineProvider.java:198)
	at org.apache.hadoop.hdds.scm.pipeline.RatisPipelineProvider.lambda$null$5(RatisPipelineProvider.java:233)
	at java.util.stream.ForEachOps$ForEachOp$OfRef.accept(ForEachOps.java:183)
	at java.util.ArrayList$ArrayListSpliterator.forEachRemaining(ArrayList.java:1382)
	at java.util.stream.AbstractPipeline.copyInto(AbstractPipeline.java:482)
	at java.util.stream.ForEachOps$ForEachTask.compute(ForEachOps.java:290)
	at java.util.concurrent.CountedCompleter.exec(CountedCompleter.java:731)
	at java.util.concurrent.ForkJoinTask.doExec(ForkJoinTask.java:289)
	at java.util.concurrent.ForkJoinTask.doInvoke(ForkJoinTask.java:401)
	at java.util.concurrent.ForkJoinTask.invoke(ForkJoinTask.java:734)
	at java.util.stream.ForEachOps$ForEachOp.evaluateParallel(ForEachOps.java:159)
	at java.util.stream.ForEachOps$ForEachOp$OfRef.evaluateParallel(ForEachOps.java:173)
	at java.util.stream.AbstractPipeline.evaluate(AbstractPipeline.java:233)
	at java.util.stream.ReferencePipeline.forEach(ReferencePipeline.java:485)
	at java.util.stream.ReferencePipeline$Head.forEach(ReferencePipeline.java:650)
	at org.apache.hadoop.hdds.scm.pipeline.RatisPipelineProvider.lambda$callRatisRpc$6(RatisPipelineProvider.java:227)
	at java.util.concurrent.ForkJoinTask$AdaptedRunnableAction.exec(ForkJoinTask.java:1386)
	at java.util.concurrent.ForkJoinTask.doExec(ForkJoinTask.java:289)
	at java.util.concurrent.ForkJoinPool$WorkQueue.runTask(ForkJoinPool.java:1056)
	at java.util.concurrent.ForkJoinPool.runWorker(ForkJoinPool.java:1692)
	at java.util.concurrent.ForkJoinWorkerThread.run(ForkJoinWorkerThread.java:157)
Caused by: org.apache.ratis.thirdparty.io.grpc.StatusRuntimeException: DEADLINE_EXCEEDED: deadline exceeded after 2933772443ns
	at org.apache.ratis.thirdparty.io.grpc.stub.ClientCalls.toStatusRuntimeException(ClientCalls.java:233)
	at org.apache.ratis.thirdparty.io.grpc.stub.ClientCalls.getUnchecked(ClientCalls.java:214)
	at org.apache.ratis.thirdparty.io.grpc.stub.ClientCalls.blockingUnaryCall(ClientCalls.java:139)
	at org.apache.ratis.proto.grpc.AdminProtocolServiceGrpc$AdminProtocolServiceBlockingStub.groupManagement(AdminProtocolServiceGrpc.java:274)
	at org.apache.ratis.grpc.client.GrpcClientProtocolClient.lambda$groupAdd$3(GrpcClientProtocolClient.java:155)
	at org.apache.ratis.grpc.client.GrpcClientProtocolClient.blockingCall(GrpcClientProtocolClient.java:182)
	... 25 more
2019-11-07 14:43:28,991 [grpc-default-executor-2] INFO  impl.RaftServerProxy (RaftServerProxy.java:addNew(89)) - 00bc3fff-080b-4229-97f0-c620c25a950b: addNew group-A4BC7BA8D507:[cffeb7e5-539e-40ed-a33a-26ca59c7db39:192.168.34.59:34915, 00bc3fff-080b-4229-97f0-c620c25a950b:192.168.34.59:43864, bdc51000-d74b-40c3-9891-08ea6b2226f6:192.168.34.59:38380] returns group-A4BC7BA8D507:java.util.concurrent.CompletableFuture@5d95c134[Not completed]
2019-11-07 14:43:29,010 [pool-38-thread-1] INFO  impl.RaftServerImpl (RaftServerImpl.java:<init>(98)) - 00bc3fff-080b-4229-97f0-c620c25a950b: new RaftServerImpl for group-A4BC7BA8D507:[cffeb7e5-539e-40ed-a33a-26ca59c7db39:192.168.34.59:34915, 00bc3fff-080b-4229-97f0-c620c25a950b:192.168.34.59:43864, bdc51000-d74b-40c3-9891-08ea6b2226f6:192.168.34.59:38380] with ContainerStateMachine:uninitialized
2019-11-07 14:43:29,011 [pool-38-thread-1] INFO  server.RaftServerConfigKeys (ConfUtils.java:logGet(43)) - raft.server.rpc.timeout.min = 5s (custom)
2019-11-07 14:43:29,011 [pool-38-thread-1] INFO  server.RaftServerConfigKeys (ConfUtils.java:logGet(43)) - raft.server.rpc.timeout.max = 5200ms (custom)
2019-11-07 14:43:29,011 [pool-38-thread-1] INFO  server.RaftServerConfigKeys (ConfUtils.java:logGet(43)) - raft.server.rpcslowness.timeout = 120s (custom)
2019-11-07 14:43:29,011 [pool-38-thread-1] INFO  server.RaftServerConfigKeys (ConfUtils.java:logGet(43)) - raft.server.sleep.deviation.threshold = 300 (default)
2019-11-07 14:43:29,011 [pool-38-thread-1] INFO  server.RaftServerConfigKeys (ConfUtils.java:logGet(43)) - raft.server.log.appender.install.snapshot.enabled = false (custom)
2019-11-07 14:43:29,012 [pool-38-thread-1] INFO  impl.RaftServerImpl (ServerState.java:<init>(103)) - 00bc3fff-080b-4229-97f0-c620c25a950b@group-A4BC7BA8D507: ConfigurationManager, init=-1: [cffeb7e5-539e-40ed-a33a-26ca59c7db39:192.168.34.59:34915, 00bc3fff-080b-4229-97f0-c620c25a950b:192.168.34.59:43864, bdc51000-d74b-40c3-9891-08ea6b2226f6:192.168.34.59:38380], old=null, confs=<EMPTY_MAP>
2019-11-07 14:43:29,013 [pool-38-thread-1] INFO  server.RaftServerConfigKeys (ConfUtils.java:logGet(43)) - raft.server.storage.dir = [/workdir/hadoop-ozone/ozonefs/target/test-dir/MiniOzoneClusterImpl-e0dbfaeb-01f5-418e-88ad-87e550fc10a5/datanode-1/data/ratis] (custom)
2019-11-07 14:43:29,014 [pool-38-thread-1] INFO  server.RaftServerConfigKeys (ConfUtils.java:logGet(43)) - raft.server.log.corruption.policy = EXCEPTION (default)
2019-11-07 14:43:29,014 [pool-38-thread-1] INFO  storage.RaftStorageDirectory (RaftStorageDirectory.java:analyzeStorage(246)) - The storage directory /workdir/hadoop-ozone/ozonefs/target/test-dir/MiniOzoneClusterImpl-e0dbfaeb-01f5-418e-88ad-87e550fc10a5/datanode-1/data/ratis/7b52e152-efb8-4710-a87d-a4bc7ba8d507 does not exist. Creating ...
2019-11-07 14:43:29,016 [grpc-default-executor-2] INFO  impl.RaftServerProxy (RaftServerProxy.java:addNew(89)) - cffeb7e5-539e-40ed-a33a-26ca59c7db39: addNew group-A4BC7BA8D507:[cffeb7e5-539e-40ed-a33a-26ca59c7db39:192.168.34.59:34915, 00bc3fff-080b-4229-97f0-c620c25a950b:192.168.34.59:43864, bdc51000-d74b-40c3-9891-08ea6b2226f6:192.168.34.59:38380] returns group-A4BC7BA8D507:java.util.concurrent.CompletableFuture@5aaad45e[Not completed]
2019-11-07 14:43:29,016 [grpc-default-executor-1] INFO  impl.RaftServerProxy (RaftServerProxy.java:addNew(89)) - bdc51000-d74b-40c3-9891-08ea6b2226f6: addNew group-A4BC7BA8D507:[cffeb7e5-539e-40ed-a33a-26ca59c7db39:192.168.34.59:34915, 00bc3fff-080b-4229-97f0-c620c25a950b:192.168.34.59:43864, bdc51000-d74b-40c3-9891-08ea6b2226f6:192.168.34.59:38380] returns group-A4BC7BA8D507:java.util.concurrent.CompletableFuture@10702a2[Not completed]
2019-11-07 14:43:29,036 [pool-38-thread-1] INFO  storage.RaftStorageDirectory (RaftStorageDirectory.java:tryLock(328)) - Lock on /workdir/hadoop-ozone/ozonefs/target/test-dir/MiniOzoneClusterImpl-e0dbfaeb-01f5-418e-88ad-87e550fc10a5/datanode-1/data/ratis/7b52e152-efb8-4710-a87d-a4bc7ba8d507/in_use.lock acquired by nodename 32603@pr-hdds-2329-pipelines-xb8hx-2504970213
2019-11-07 14:43:29,037 [pool-28-thread-1] INFO  impl.RaftServerImpl (RaftServerImpl.java:<init>(98)) - bdc51000-d74b-40c3-9891-08ea6b2226f6: new RaftServerImpl for group-A4BC7BA8D507:[cffeb7e5-539e-40ed-a33a-26ca59c7db39:192.168.34.59:34915, 00bc3fff-080b-4229-97f0-c620c25a950b:192.168.34.59:43864, bdc51000-d74b-40c3-9891-08ea6b2226f6:192.168.34.59:38380] with ContainerStateMachine:uninitialized
2019-11-07 14:43:29,037 [pool-28-thread-1] INFO  server.RaftServerConfigKeys (ConfUtils.java:logGet(43)) - raft.server.rpc.timeout.min = 5s (custom)
2019-11-07 14:43:29,038 [pool-28-thread-1] INFO  server.RaftServerConfigKeys (ConfUtils.java:logGet(43)) - raft.server.rpc.timeout.max = 5200ms (custom)
2019-11-07 14:43:29,038 [pool-28-thread-1] INFO  server.RaftServerConfigKeys (ConfUtils.java:logGet(43)) - raft.server.rpcslowness.timeout = 120s (custom)
2019-11-07 14:43:29,038 [pool-28-thread-1] INFO  server.RaftServerConfigKeys (ConfUtils.java:logGet(43)) - raft.server.sleep.deviation.threshold = 300 (default)
2019-11-07 14:43:29,038 [pool-28-thread-1] INFO  server.RaftServerConfigKeys (ConfUtils.java:logGet(43)) - raft.server.log.appender.install.snapshot.enabled = false (custom)
2019-11-07 14:43:29,038 [pool-28-thread-1] INFO  impl.RaftServerImpl (ServerState.java:<init>(103)) - bdc51000-d74b-40c3-9891-08ea6b2226f6@group-A4BC7BA8D507: ConfigurationManager, init=-1: [cffeb7e5-539e-40ed-a33a-26ca59c7db39:192.168.34.59:34915, 00bc3fff-080b-4229-97f0-c620c25a950b:192.168.34.59:43864, bdc51000-d74b-40c3-9891-08ea6b2226f6:192.168.34.59:38380], old=null, confs=<EMPTY_MAP>
2019-11-07 14:43:29,038 [pool-28-thread-1] INFO  server.RaftServerConfigKeys (ConfUtils.java:logGet(43)) - raft.server.storage.dir = [/workdir/hadoop-ozone/ozonefs/target/test-dir/MiniOzoneClusterImpl-e0dbfaeb-01f5-418e-88ad-87e550fc10a5/datanode-0/data/ratis] (custom)
2019-11-07 14:43:29,039 [pool-58-thread-1] INFO  impl.RaftServerImpl (RaftServerImpl.java:<init>(98)) - cffeb7e5-539e-40ed-a33a-26ca59c7db39: new RaftServerImpl for group-A4BC7BA8D507:[cffeb7e5-539e-40ed-a33a-26ca59c7db39:192.168.34.59:34915, 00bc3fff-080b-4229-97f0-c620c25a950b:192.168.34.59:43864, bdc51000-d74b-40c3-9891-08ea6b2226f6:192.168.34.59:38380] with ContainerStateMachine:uninitialized
2019-11-07 14:43:29,039 [pool-28-thread-1] INFO  server.RaftServerConfigKeys (ConfUtils.java:logGet(43)) - raft.server.log.corruption.policy = EXCEPTION (default)
2019-11-07 14:43:29,039 [pool-58-thread-1] INFO  server.RaftServerConfigKeys (ConfUtils.java:logGet(43)) - raft.server.rpc.timeout.min = 5s (custom)
2019-11-07 14:43:29,039 [pool-28-thread-1] INFO  storage.RaftStorageDirectory (RaftStorageDirectory.java:analyzeStorage(246)) - The storage directory /workdir/hadoop-ozone/ozonefs/target/test-dir/MiniOzoneClusterImpl-e0dbfaeb-01f5-418e-88ad-87e550fc10a5/datanode-0/data/ratis/7b52e152-efb8-4710-a87d-a4bc7ba8d507 does not exist. Creating ...
2019-11-07 14:43:29,039 [pool-58-thread-1] INFO  server.RaftServerConfigKeys (ConfUtils.java:logGet(43)) - raft.server.rpc.timeout.max = 5200ms (custom)
2019-11-07 14:43:29,040 [pool-58-thread-1] INFO  server.RaftServerConfigKeys (ConfUtils.java:logGet(43)) - raft.server.rpcslowness.timeout = 120s (custom)
2019-11-07 14:43:29,040 [pool-58-thread-1] INFO  server.RaftServerConfigKeys (ConfUtils.java:logGet(43)) - raft.server.sleep.deviation.threshold = 300 (default)
2019-11-07 14:43:29,040 [pool-58-thread-1] INFO  server.RaftServerConfigKeys (ConfUtils.java:logGet(43)) - raft.server.log.appender.install.snapshot.enabled = false (custom)
2019-11-07 14:43:29,040 [pool-58-thread-1] INFO  impl.RaftServerImpl (ServerState.java:<init>(103)) - cffeb7e5-539e-40ed-a33a-26ca59c7db39@group-A4BC7BA8D507: ConfigurationManager, init=-1: [cffeb7e5-539e-40ed-a33a-26ca59c7db39:192.168.34.59:34915, 00bc3fff-080b-4229-97f0-c620c25a950b:192.168.34.59:43864, bdc51000-d74b-40c3-9891-08ea6b2226f6:192.168.34.59:38380], old=null, confs=<EMPTY_MAP>
2019-11-07 14:43:29,040 [pool-58-thread-1] INFO  server.RaftServerConfigKeys (ConfUtils.java:logGet(43)) - raft.server.storage.dir = [/workdir/hadoop-ozone/ozonefs/target/test-dir/MiniOzoneClusterImpl-e0dbfaeb-01f5-418e-88ad-87e550fc10a5/datanode-3/data/ratis] (custom)
2019-11-07 14:43:29,041 [pool-58-thread-1] INFO  server.RaftServerConfigKeys (ConfUtils.java:logGet(43)) - raft.server.log.corruption.policy = EXCEPTION (default)
2019-11-07 14:43:29,041 [pool-58-thread-1] INFO  storage.RaftStorageDirectory (RaftStorageDirectory.java:analyzeStorage(246)) - The storage directory /workdir/hadoop-ozone/ozonefs/target/test-dir/MiniOzoneClusterImpl-e0dbfaeb-01f5-418e-88ad-87e550fc10a5/datanode-3/data/ratis/7b52e152-efb8-4710-a87d-a4bc7ba8d507 does not exist. Creating ...
2019-11-07 14:43:29,051 [pool-28-thread-1] INFO  storage.RaftStorageDirectory (RaftStorageDirectory.java:tryLock(328)) - Lock on /workdir/hadoop-ozone/ozonefs/target/test-dir/MiniOzoneClusterImpl-e0dbfaeb-01f5-418e-88ad-87e550fc10a5/datanode-0/data/ratis/7b52e152-efb8-4710-a87d-a4bc7ba8d507/in_use.lock acquired by nodename 32603@pr-hdds-2329-pipelines-xb8hx-2504970213
2019-11-07 14:43:29,051 [pool-58-thread-1] INFO  storage.RaftStorageDirectory (RaftStorageDirectory.java:tryLock(328)) - Lock on /workdir/hadoop-ozone/ozonefs/target/test-dir/MiniOzoneClusterImpl-e0dbfaeb-01f5-418e-88ad-87e550fc10a5/datanode-3/data/ratis/7b52e152-efb8-4710-a87d-a4bc7ba8d507/in_use.lock acquired by nodename 32603@pr-hdds-2329-pipelines-xb8hx-2504970213
2019-11-07 14:43:29,051 [pool-38-thread-1] INFO  storage.RaftStorage (RaftStorage.java:format(84)) - Storage directory /workdir/hadoop-ozone/ozonefs/target/test-dir/MiniOzoneClusterImpl-e0dbfaeb-01f5-418e-88ad-87e550fc10a5/datanode-1/data/ratis/7b52e152-efb8-4710-a87d-a4bc7ba8d507 has been successfully formatted.
2019-11-07 14:43:29,053 [pool-38-thread-1] INFO  ratis.ContainerStateMachine (ContainerStateMachine.java:loadSnapshot(231)) - group-A4BC7BA8D507: The snapshot info is null. Setting the last applied indexto:(t:0, i:~)
2019-11-07 14:43:29,056 [pool-38-thread-1] INFO  server.RaftServerConfigKeys (ConfUtils.java:logGet(43)) - raft.server.notification.no-leader.timeout = 120s (custom)
2019-11-07 14:43:29,057 [pool-38-thread-1] INFO  server.RaftServerConfigKeys (ConfUtils.java:logGet(43)) - raft.server.log.use.memory = false (default)
2019-11-07 14:43:29,057 [pool-38-thread-1] INFO  server.RaftServerConfigKeys (ConfUtils.java:logGet(43)) - raft.server.log.purge.gap = 1000000 (custom)
2019-11-07 14:43:29,057 [pool-38-thread-1] INFO  server.RaftServerConfigKeys (ConfUtils.java:logGet(43)) - raft.server.log.appender.buffer.byte-limit = 33554432 (custom)
2019-11-07 14:43:29,057 [pool-38-thread-1] INFO  server.RaftServerConfigKeys (ConfUtils.java:logGet(43)) - raft.server.log.segment.size.max = 1048576 (custom)
2019-11-07 14:43:29,057 [pool-38-thread-1] WARN  impl.MetricRegistriesImpl (MetricRegistriesImpl.java:lambda$create$1(61)) - First MetricRegistry has been created without registering reporters. You may need to call MetricRegistries.global().addReportRegistration(...) before.
2019-11-07 14:43:29,057 [pool-38-thread-1] INFO  server.RaftServerConfigKeys (ConfUtils.java:logGet(43)) - raft.server.log.segment.cache.num.max = 2 (custom)
2019-11-07 14:43:29,057 [pool-38-thread-1] INFO  segmented.SegmentedRaftLogWorker (SegmentedRaftLogWorker.java:<init>(173)) - new 00bc3fff-080b-4229-97f0-c620c25a950b@group-A4BC7BA8D507-SegmentedRaftLogWorker for RaftStorage:Storage Directory /workdir/hadoop-ozone/ozonefs/target/test-dir/MiniOzoneClusterImpl-e0dbfaeb-01f5-418e-88ad-87e550fc10a5/datanode-1/data/ratis/7b52e152-efb8-4710-a87d-a4bc7ba8d507
2019-11-07 14:43:29,058 [pool-38-thread-1] INFO  server.RaftServerConfigKeys (ConfUtils.java:logGet(43)) - raft.server.log.queue.byte-limit = 2147483647 (custom)
2019-11-07 14:43:29,058 [pool-38-thread-1] INFO  server.RaftServerConfigKeys (ConfUtils.java:logGet(43)) - raft.server.log.queue.element-limit = 1024 (custom)
2019-11-07 14:43:29,058 [pool-38-thread-1] INFO  server.RaftServerConfigKeys (ConfUtils.java:logGet(43)) - raft.server.log.segment.size.max = 1048576 (custom)
2019-11-07 14:43:29,058 [pool-38-thread-1] INFO  server.RaftServerConfigKeys (ConfUtils.java:logGet(43)) - raft.server.log.preallocated.size = 16384 (custom)
2019-11-07 14:43:29,058 [pool-38-thread-1] INFO  server.RaftServerConfigKeys (ConfUtils.java:logGet(43)) - raft.server.log.write.buffer.size = 33554432 (custom)
2019-11-07 14:43:29,058 [pool-38-thread-1] INFO  server.RaftServerConfigKeys (ConfUtils.java:logGet(43)) - raft.server.log.force.sync.num = 128 (default)
2019-11-07 14:43:29,058 [pool-38-thread-1] INFO  server.RaftServerConfigKeys (ConfUtils.java:logGet(43)) - raft.server.log.statemachine.data.sync = true (default)
2019-11-07 14:43:29,058 [pool-38-thread-1] INFO  server.RaftServerConfigKeys (ConfUtils.java:logGet(43)) - raft.server.log.statemachine.data.sync.timeout = 10s (default)
2019-11-07 14:43:29,059 [pool-38-thread-1] INFO  server.RaftServerConfigKeys (ConfUtils.java:logGet(43)) - raft.server.log.statemachine.data.sync.timeout.retry = -1 (default)
2019-11-07 14:43:29,059 [pool-38-thread-1] INFO  server.RaftServerConfigKeys (ConfUtils.java:logGet(43)) - raft.server.log.statemachine.data.caching.enabled = true (custom)
2019-11-07 14:43:29,061 [pool-38-thread-1] INFO  segmented.SegmentedRaftLogWorker (SegmentedRaftLogWorker.java:lambda$new$0(128)) - 00bc3fff-080b-4229-97f0-c620c25a950b@group-A4BC7BA8D507-SegmentedRaftLogWorker: flushIndex: setUnconditionally 0 -> -1
2019-11-07 14:43:29,061 [pool-38-thread-1] INFO  server.RaftServerConfigKeys (ConfUtils.java:logGet(43)) - raft.server.snapshot.auto.trigger.enabled = true (custom)
2019-11-07 14:43:29,061 [pool-38-thread-1] INFO  server.RaftServerConfigKeys (ConfUtils.java:logGet(43)) - raft.server.snapshot.auto.trigger.threshold = 10000 (custom)
2019-11-07 14:43:29,061 [pool-28-thread-1] INFO  storage.RaftStorage (RaftStorage.java:format(84)) - Storage directory /workdir/hadoop-ozone/ozonefs/target/test-dir/MiniOzoneClusterImpl-e0dbfaeb-01f5-418e-88ad-87e550fc10a5/datanode-0/data/ratis/7b52e152-efb8-4710-a87d-a4bc7ba8d507 has been successfully formatted.
2019-11-07 14:43:29,061 [pool-58-thread-1] INFO  storage.RaftStorage (RaftStorage.java:format(84)) - Storage directory /workdir/hadoop-ozone/ozonefs/target/test-dir/MiniOzoneClusterImpl-e0dbfaeb-01f5-418e-88ad-87e550fc10a5/datanode-3/data/ratis/7b52e152-efb8-4710-a87d-a4bc7ba8d507 has been successfully formatted.
2019-11-07 14:43:29,061 [pool-38-thread-1] INFO  server.RaftServerConfigKeys (ConfUtils.java:logGet(43)) - raft.server.snapshot.retention.file.num = 5 (custom)
2019-11-07 14:43:29,061 [pool-28-thread-1] INFO  ratis.ContainerStateMachine (ContainerStateMachine.java:loadSnapshot(231)) - group-A4BC7BA8D507: The snapshot info is null. Setting the last applied indexto:(t:0, i:~)
2019-11-07 14:43:29,063 [pool-58-thread-1] INFO  ratis.ContainerStateMachine (ContainerStateMachine.java:loadSnapshot(231)) - group-A4BC7BA8D507: The snapshot info is null. Setting the last applied indexto:(t:0, i:~)
2019-11-07 14:43:29,063 [pool-38-thread-1] INFO  server.RaftServerConfigKeys (ConfUtils.java:logGet(43)) - raft.server.retrycache.expirytime = 600000ms (custom)
2019-11-07 14:43:29,063 [pool-28-thread-1] INFO  server.RaftServerConfigKeys (ConfUtils.java:logGet(43)) - raft.server.notification.no-leader.timeout = 120s (custom)
2019-11-07 14:43:29,063 [pool-38-thread-1] WARN  impl.MetricRegistriesImpl (MetricRegistriesImpl.java:lambda$create$1(61)) - First MetricRegistry has been created without registering reporters. You may need to call MetricRegistries.global().addReportRegistration(...) before.
2019-11-07 14:43:29,063 [pool-58-thread-1] INFO  server.RaftServerConfigKeys (ConfUtils.java:logGet(43)) - raft.server.notification.no-leader.timeout = 120s (custom)
2019-11-07 14:43:29,063 [pool-38-thread-1] WARN  impl.MetricRegistriesImpl (MetricRegistriesImpl.java:lambda$create$1(61)) - First MetricRegistry has been created without registering reporters. You may need to call MetricRegistries.global().addReportRegistration(...) before.
2019-11-07 14:43:29,063 [pool-28-thread-1] INFO  server.RaftServerConfigKeys (ConfUtils.java:logGet(43)) - raft.server.log.use.memory = false (default)
2019-11-07 14:43:29,063 [pool-58-thread-1] INFO  server.RaftServerConfigKeys (ConfUtils.java:logGet(43)) - raft.server.log.use.memory = false (default)
2019-11-07 14:43:29,063 [pool-38-thread-1] INFO  impl.RaftServerImpl (RaftServerImpl.java:start(184)) - 00bc3fff-080b-4229-97f0-c620c25a950b@group-A4BC7BA8D507: start as a follower, conf=-1: [cffeb7e5-539e-40ed-a33a-26ca59c7db39:192.168.34.59:34915, 00bc3fff-080b-4229-97f0-c620c25a950b:192.168.34.59:43864, bdc51000-d74b-40c3-9891-08ea6b2226f6:192.168.34.59:38380], old=null
2019-11-07 14:43:29,063 [pool-28-thread-1] INFO  server.RaftServerConfigKeys (ConfUtils.java:logGet(43)) - raft.server.log.purge.gap = 1000000 (custom)
2019-11-07 14:43:29,063 [pool-38-thread-1] INFO  impl.RaftServerImpl (RaftServerImpl.java:setRole(173)) - 00bc3fff-080b-4229-97f0-c620c25a950b@group-A4BC7BA8D507: changes role from      null to FOLLOWER at term 0 for startAsFollower
2019-11-07 14:43:29,063 [pool-58-thread-1] INFO  server.RaftServerConfigKeys (ConfUtils.java:logGet(43)) - raft.server.log.purge.gap = 1000000 (custom)
2019-11-07 14:43:29,064 [pool-38-thread-1] INFO  impl.RoleInfo (RoleInfo.java:updateAndGet(143)) - 00bc3fff-080b-4229-97f0-c620c25a950b: start FollowerState
2019-11-07 14:43:29,064 [pool-28-thread-1] INFO  server.RaftServerConfigKeys (ConfUtils.java:logGet(43)) - raft.server.log.appender.buffer.byte-limit = 33554432 (custom)
2019-11-07 14:43:29,064 [pool-58-thread-1] INFO  server.RaftServerConfigKeys (ConfUtils.java:logGet(43)) - raft.server.log.appender.buffer.byte-limit = 33554432 (custom)
2019-11-07 14:43:29,064 [pool-28-thread-1] INFO  server.RaftServerConfigKeys (ConfUtils.java:logGet(43)) - raft.server.log.segment.size.max = 1048576 (custom)
2019-11-07 14:43:29,064 [pool-38-thread-1] INFO  util.JmxRegister (JmxRegister.java:tryRegister(44)) - Successfully registered JMX Bean with object name Ratis:service=RaftServer,group=group-A4BC7BA8D507,id=00bc3fff-080b-4229-97f0-c620c25a950b
2019-11-07 14:43:29,064 [pool-58-thread-1] INFO  server.RaftServerConfigKeys (ConfUtils.java:logGet(43)) - raft.server.log.segment.size.max = 1048576 (custom)
2019-11-07 14:43:29,064 [pool-38-thread-1] WARN  impl.MetricRegistriesImpl (MetricRegistriesImpl.java:lambda$create$1(61)) - First MetricRegistry has been created without registering reporters. You may need to call MetricRegistries.global().addReportRegistration(...) before.
2019-11-07 14:43:29,064 [pool-28-thread-1] INFO  server.RaftServerConfigKeys (ConfUtils.java:logGet(43)) - raft.server.log.segment.cache.num.max = 2 (custom)
2019-11-07 14:43:29,064 [pool-58-thread-1] WARN  impl.MetricRegistriesImpl (MetricRegistriesImpl.java:lambda$create$1(61)) - First MetricRegistry has been created without registering reporters. You may need to call MetricRegistries.global().addReportRegistration(...) before.
2019-11-07 14:43:29,065 [pool-28-thread-1] INFO  segmented.SegmentedRaftLogWorker (SegmentedRaftLogWorker.java:<init>(173)) - new bdc51000-d74b-40c3-9891-08ea6b2226f6@group-A4BC7BA8D507-SegmentedRaftLogWorker for RaftStorage:Storage Directory /workdir/hadoop-ozone/ozonefs/target/test-dir/MiniOzoneClusterImpl-e0dbfaeb-01f5-418e-88ad-87e550fc10a5/datanode-0/data/ratis/7b52e152-efb8-4710-a87d-a4bc7ba8d507
2019-11-07 14:43:29,066 [pool-58-thread-1] INFO  server.RaftServerConfigKeys (ConfUtils.java:logGet(43)) - raft.server.log.segment.cache.num.max = 2 (custom)
2019-11-07 14:43:29,066 [pool-28-thread-1] INFO  server.RaftServerConfigKeys (ConfUtils.java:logGet(43)) - raft.server.log.queue.byte-limit = 2147483647 (custom)
2019-11-07 14:43:29,066 [pool-58-thread-1] INFO  segmented.SegmentedRaftLogWorker (SegmentedRaftLogWorker.java:<init>(173)) - new cffeb7e5-539e-40ed-a33a-26ca59c7db39@group-A4BC7BA8D507-SegmentedRaftLogWorker for RaftStorage:Storage Directory /workdir/hadoop-ozone/ozonefs/target/test-dir/MiniOzoneClusterImpl-e0dbfaeb-01f5-418e-88ad-87e550fc10a5/datanode-3/data/ratis/7b52e152-efb8-4710-a87d-a4bc7ba8d507
2019-11-07 14:43:29,067 [pool-28-thread-1] INFO  server.RaftServerConfigKeys (ConfUtils.java:logGet(43)) - raft.server.log.queue.element-limit = 1024 (custom)
2019-11-07 14:43:29,067 [pool-58-thread-1] INFO  server.RaftServerConfigKeys (ConfUtils.java:logGet(43)) - raft.server.log.queue.byte-limit = 2147483647 (custom)
2019-11-07 14:43:29,067 [pool-28-thread-1] INFO  server.RaftServerConfigKeys (ConfUtils.java:logGet(43)) - raft.server.log.segment.size.max = 1048576 (custom)
2019-11-07 14:43:29,067 [pool-58-thread-1] INFO  server.RaftServerConfigKeys (ConfUtils.java:logGet(43)) - raft.server.log.queue.element-limit = 1024 (custom)
2019-11-07 14:43:29,067 [pool-28-thread-1] INFO  server.RaftServerConfigKeys (ConfUtils.java:logGet(43)) - raft.server.log.preallocated.size = 16384 (custom)
2019-11-07 14:43:29,068 [pool-58-thread-1] INFO  server.RaftServerConfigKeys (ConfUtils.java:logGet(43)) - raft.server.log.segment.size.max = 1048576 (custom)
2019-11-07 14:43:29,068 [pool-28-thread-1] INFO  server.RaftServerConfigKeys (ConfUtils.java:logGet(43)) - raft.server.log.write.buffer.size = 33554432 (custom)
2019-11-07 14:43:29,068 [pool-58-thread-1] INFO  server.RaftServerConfigKeys (ConfUtils.java:logGet(43)) - raft.server.log.preallocated.size = 16384 (custom)
2019-11-07 14:43:29,068 [pool-28-thread-1] INFO  server.RaftServerConfigKeys (ConfUtils.java:logGet(43)) - raft.server.log.force.sync.num = 128 (default)
2019-11-07 14:43:29,068 [pool-58-thread-1] INFO  server.RaftServerConfigKeys (ConfUtils.java:logGet(43)) - raft.server.log.write.buffer.size = 33554432 (custom)
2019-11-07 14:43:29,069 [pool-28-thread-1] INFO  server.RaftServerConfigKeys (ConfUtils.java:logGet(43)) - raft.server.log.statemachine.data.sync = true (default)
2019-11-07 14:43:29,069 [pool-58-thread-1] INFO  server.RaftServerConfigKeys (ConfUtils.java:logGet(43)) - raft.server.log.force.sync.num = 128 (default)
2019-11-07 14:43:29,069 [pool-28-thread-1] INFO  server.RaftServerConfigKeys (ConfUtils.java:logGet(43)) - raft.server.log.statemachine.data.sync.timeout = 10s (default)
2019-11-07 14:43:29,069 [pool-58-thread-1] INFO  server.RaftServerConfigKeys (ConfUtils.java:logGet(43)) - raft.server.log.statemachine.data.sync = true (default)
2019-11-07 14:43:29,069 [pool-28-thread-1] INFO  server.RaftServerConfigKeys (ConfUtils.java:logGet(43)) - raft.server.log.statemachine.data.sync.timeout.retry = -1 (default)
2019-11-07 14:43:29,069 [pool-58-thread-1] INFO  server.RaftServerConfigKeys (ConfUtils.java:logGet(43)) - raft.server.log.statemachine.data.sync.timeout = 10s (default)
2019-11-07 14:43:29,069 [pool-58-thread-1] INFO  server.RaftServerConfigKeys (ConfUtils.java:logGet(43)) - raft.server.log.statemachine.data.sync.timeout.retry = -1 (default)
2019-11-07 14:43:29,069 [pool-28-thread-1] INFO  server.RaftServerConfigKeys (ConfUtils.java:logGet(43)) - raft.server.log.statemachine.data.caching.enabled = true (custom)
2019-11-07 14:43:29,070 [pool-58-thread-1] INFO  server.RaftServerConfigKeys (ConfUtils.java:logGet(43)) - raft.server.log.statemachine.data.caching.enabled = true (custom)
2019-11-07 14:43:29,070 [pool-28-thread-1] INFO  segmented.SegmentedRaftLogWorker (SegmentedRaftLogWorker.java:lambda$new$0(128)) - bdc51000-d74b-40c3-9891-08ea6b2226f6@group-A4BC7BA8D507-SegmentedRaftLogWorker: flushIndex: setUnconditionally 0 -> -1
2019-11-07 14:43:29,070 [pool-58-thread-1] INFO  segmented.SegmentedRaftLogWorker (SegmentedRaftLogWorker.java:lambda$new$0(128)) - cffeb7e5-539e-40ed-a33a-26ca59c7db39@group-A4BC7BA8D507-SegmentedRaftLogWorker: flushIndex: setUnconditionally 0 -> -1
2019-11-07 14:43:29,070 [pool-28-thread-1] INFO  server.RaftServerConfigKeys (ConfUtils.java:logGet(43)) - raft.server.snapshot.auto.trigger.enabled = true (custom)
2019-11-07 14:43:29,070 [pool-58-thread-1] INFO  server.RaftServerConfigKeys (ConfUtils.java:logGet(43)) - raft.server.snapshot.auto.trigger.enabled = true (custom)
2019-11-07 14:43:29,071 [pool-28-thread-1] INFO  server.RaftServerConfigKeys (ConfUtils.java:logGet(43)) - raft.server.snapshot.auto.trigger.threshold = 10000 (custom)
2019-11-07 14:43:29,071 [pool-58-thread-1] INFO  server.RaftServerConfigKeys (ConfUtils.java:logGet(43)) - raft.server.snapshot.auto.trigger.threshold = 10000 (custom)
2019-11-07 14:43:29,071 [pool-28-thread-1] INFO  server.RaftServerConfigKeys (ConfUtils.java:logGet(43)) - raft.server.snapshot.retention.file.num = 5 (custom)
2019-11-07 14:43:29,071 [pool-58-thread-1] INFO  server.RaftServerConfigKeys (ConfUtils.java:logGet(43)) - raft.server.snapshot.retention.file.num = 5 (custom)
2019-11-07 14:43:29,071 [pool-28-thread-1] INFO  server.RaftServerConfigKeys (ConfUtils.java:logGet(43)) - raft.server.retrycache.expirytime = 600000ms (custom)
2019-11-07 14:43:29,071 [pool-58-thread-1] INFO  server.RaftServerConfigKeys (ConfUtils.java:logGet(43)) - raft.server.retrycache.expirytime = 600000ms (custom)
2019-11-07 14:43:29,072 [pool-28-thread-1] WARN  impl.MetricRegistriesImpl (MetricRegistriesImpl.java:lambda$create$1(61)) - First MetricRegistry has been created without registering reporters. You may need to call MetricRegistries.global().addReportRegistration(...) before.
2019-11-07 14:43:29,072 [pool-58-thread-1] WARN  impl.MetricRegistriesImpl (MetricRegistriesImpl.java:lambda$create$1(61)) - First MetricRegistry has been created without registering reporters. You may need to call MetricRegistries.global().addReportRegistration(...) before.
2019-11-07 14:43:29,072 [pool-28-thread-1] WARN  impl.MetricRegistriesImpl (MetricRegistriesImpl.java:lambda$create$1(61)) - First MetricRegistry has been created without registering reporters. You may need to call MetricRegistries.global().addReportRegistration(...) before.
2019-11-07 14:43:29,073 [pool-58-thread-1] WARN  impl.MetricRegistriesImpl (MetricRegistriesImpl.java:lambda$create$1(61)) - First MetricRegistry has been created without registering reporters. You may need to call MetricRegistries.global().addReportRegistration(...) before.
2019-11-07 14:43:29,074 [pool-58-thread-1] INFO  impl.RaftServerImpl (RaftServerImpl.java:start(184)) - cffeb7e5-539e-40ed-a33a-26ca59c7db39@group-A4BC7BA8D507: start as a follower, conf=-1: [cffeb7e5-539e-40ed-a33a-26ca59c7db39:192.168.34.59:34915, 00bc3fff-080b-4229-97f0-c620c25a950b:192.168.34.59:43864, bdc51000-d74b-40c3-9891-08ea6b2226f6:192.168.34.59:38380], old=null
2019-11-07 14:43:29,074 [pool-28-thread-1] INFO  impl.RaftServerImpl (RaftServerImpl.java:start(184)) - bdc51000-d74b-40c3-9891-08ea6b2226f6@group-A4BC7BA8D507: start as a follower, conf=-1: [cffeb7e5-539e-40ed-a33a-26ca59c7db39:192.168.34.59:34915, 00bc3fff-080b-4229-97f0-c620c25a950b:192.168.34.59:43864, bdc51000-d74b-40c3-9891-08ea6b2226f6:192.168.34.59:38380], old=null
2019-11-07 14:43:29,074 [pool-58-thread-1] INFO  impl.RaftServerImpl (RaftServerImpl.java:setRole(173)) - cffeb7e5-539e-40ed-a33a-26ca59c7db39@group-A4BC7BA8D507: changes role from      null to FOLLOWER at term 0 for startAsFollower
2019-11-07 14:43:29,075 [pool-28-thread-1] INFO  impl.RaftServerImpl (RaftServerImpl.java:setRole(173)) - bdc51000-d74b-40c3-9891-08ea6b2226f6@group-A4BC7BA8D507: changes role from      null to FOLLOWER at term 0 for startAsFollower
2019-11-07 14:43:29,075 [pool-58-thread-1] INFO  impl.RoleInfo (RoleInfo.java:updateAndGet(143)) - cffeb7e5-539e-40ed-a33a-26ca59c7db39: start FollowerState
2019-11-07 14:43:29,076 [pool-28-thread-1] INFO  impl.RoleInfo (RoleInfo.java:updateAndGet(143)) - bdc51000-d74b-40c3-9891-08ea6b2226f6: start FollowerState
2019-11-07 14:43:29,077 [pool-58-thread-1] INFO  util.JmxRegister (JmxRegister.java:tryRegister(44)) - Successfully registered JMX Bean with object name Ratis:service=RaftServer,group=group-A4BC7BA8D507,id=cffeb7e5-539e-40ed-a33a-26ca59c7db39
2019-11-07 14:43:29,078 [pool-58-thread-1] WARN  impl.MetricRegistriesImpl (MetricRegistriesImpl.java:lambda$create$1(61)) - First MetricRegistry has been created without registering reporters. You may need to call MetricRegistries.global().addReportRegistration(...) before.
2019-11-07 14:43:29,078 [pool-28-thread-1] INFO  util.JmxRegister (JmxRegister.java:tryRegister(44)) - Successfully registered JMX Bean with object name Ratis:service=RaftServer,group=group-A4BC7BA8D507,id=bdc51000-d74b-40c3-9891-08ea6b2226f6
2019-11-07 14:43:29,078 [pool-28-thread-1] WARN  impl.MetricRegistriesImpl (MetricRegistriesImpl.java:lambda$create$1(61)) - First MetricRegistry has been created without registering reporters. You may need to call MetricRegistries.global().addReportRegistration(...) before.
2019-11-07 14:43:29,103 [RatisPipelineUtilsThread] INFO  pipeline.PipelineStateManager (PipelineStateManager.java:addPipeline(56)) - Created pipeline Pipeline[ Id: 7b52e152-efb8-4710-a87d-a4bc7ba8d507, Nodes: 00bc3fff-080b-4229-97f0-c620c25a950b{ip: 192.168.34.59, host: pr-hdds-2329-pipelines-xb8hx-2504970213, networkLocation: /default-rack, certSerialId: null}bdc51000-d74b-40c3-9891-08ea6b2226f6{ip: 192.168.34.59, host: pr-hdds-2329-pipelines-xb8hx-2504970213, networkLocation: /default-rack, certSerialId: null}cffeb7e5-539e-40ed-a33a-26ca59c7db39{ip: 192.168.34.59, host: pr-hdds-2329-pipelines-xb8hx-2504970213, networkLocation: /default-rack, certSerialId: null}, Type:RATIS, Factor:THREE, State:OPEN]
2019-11-07 14:43:29,121 [grpc-default-executor-1] INFO  impl.RaftServerProxy (RaftServerProxy.java:addNew(89)) - 00bc3fff-080b-4229-97f0-c620c25a950b: addNew group-55DC944EF175:[00bc3fff-080b-4229-97f0-c620c25a950b:192.168.34.59:43864] returns group-55DC944EF175:java.util.concurrent.CompletableFuture@3444cc4d[Not completed]
2019-11-07 14:43:29,122 [pool-38-thread-1] INFO  impl.RaftServerImpl (RaftServerImpl.java:<init>(98)) - 00bc3fff-080b-4229-97f0-c620c25a950b: new RaftServerImpl for group-55DC944EF175:[00bc3fff-080b-4229-97f0-c620c25a950b:192.168.34.59:43864] with ContainerStateMachine:uninitialized
2019-11-07 14:43:29,123 [pool-38-thread-1] INFO  server.RaftServerConfigKeys (ConfUtils.java:logGet(43)) - raft.server.rpc.timeout.min = 5s (custom)
2019-11-07 14:43:29,123 [pool-38-thread-1] INFO  server.RaftServerConfigKeys (ConfUtils.java:logGet(43)) - raft.server.rpc.timeout.max = 5200ms (custom)
2019-11-07 14:43:29,123 [pool-38-thread-1] INFO  server.RaftServerConfigKeys (ConfUtils.java:logGet(43)) - raft.server.rpcslowness.timeout = 120s (custom)
2019-11-07 14:43:29,123 [pool-38-thread-1] INFO  server.RaftServerConfigKeys (ConfUtils.java:logGet(43)) - raft.server.sleep.deviation.threshold = 300 (default)
2019-11-07 14:43:29,124 [pool-38-thread-1] INFO  server.RaftServerConfigKeys (ConfUtils.java:logGet(43)) - raft.server.log.appender.install.snapshot.enabled = false (custom)
2019-11-07 14:43:29,124 [pool-38-thread-1] INFO  impl.RaftServerImpl (ServerState.java:<init>(103)) - 00bc3fff-080b-4229-97f0-c620c25a950b@group-55DC944EF175: ConfigurationManager, init=-1: [00bc3fff-080b-4229-97f0-c620c25a950b:192.168.34.59:43864], old=null, confs=<EMPTY_MAP>
2019-11-07 14:43:29,124 [pool-38-thread-1] INFO  server.RaftServerConfigKeys (ConfUtils.java:logGet(43)) - raft.server.storage.dir = [/workdir/hadoop-ozone/ozonefs/target/test-dir/MiniOzoneClusterImpl-e0dbfaeb-01f5-418e-88ad-87e550fc10a5/datanode-1/data/ratis] (custom)
2019-11-07 14:43:29,124 [pool-38-thread-1] INFO  server.RaftServerConfigKeys (ConfUtils.java:logGet(43)) - raft.server.log.corruption.policy = EXCEPTION (default)
2019-11-07 14:43:29,124 [pool-38-thread-1] INFO  storage.RaftStorageDirectory (RaftStorageDirectory.java:analyzeStorage(246)) - The storage directory /workdir/hadoop-ozone/ozonefs/target/test-dir/MiniOzoneClusterImpl-e0dbfaeb-01f5-418e-88ad-87e550fc10a5/datanode-1/data/ratis/9d0f1195-96bb-45e2-afee-55dc944ef175 does not exist. Creating ...
2019-11-07 14:43:29,135 [Thread-209] INFO  contract.AbstractFSContractTestBase (AbstractFSContractTestBase.java:setup(184)) - Test filesystem = o3fs://bucket98992.volume23506 implemented by OzoneFileSystem{URI=o3fs://bucket98992.volume23506, workingDir=o3fs://bucket98992.volume23506/user/jenkins1000, userName=jenkins1000, statistics=0 bytes read, 0 bytes written, 0 read ops, 0 large read ops, 0 write ops}
2019-11-07 14:43:29,139 [pool-38-thread-1] INFO  storage.RaftStorageDirectory (RaftStorageDirectory.java:tryLock(328)) - Lock on /workdir/hadoop-ozone/ozonefs/target/test-dir/MiniOzoneClusterImpl-e0dbfaeb-01f5-418e-88ad-87e550fc10a5/datanode-1/data/ratis/9d0f1195-96bb-45e2-afee-55dc944ef175/in_use.lock acquired by nodename 32603@pr-hdds-2329-pipelines-xb8hx-2504970213
2019-11-07 14:43:29,158 [pool-38-thread-1] INFO  storage.RaftStorage (RaftStorage.java:format(84)) - Storage directory /workdir/hadoop-ozone/ozonefs/target/test-dir/MiniOzoneClusterImpl-e0dbfaeb-01f5-418e-88ad-87e550fc10a5/datanode-1/data/ratis/9d0f1195-96bb-45e2-afee-55dc944ef175 has been successfully formatted.
2019-11-07 14:43:29,159 [pool-38-thread-1] INFO  ratis.ContainerStateMachine (ContainerStateMachine.java:loadSnapshot(231)) - group-55DC944EF175: The snapshot info is null. Setting the last applied indexto:(t:0, i:~)
2019-11-07 14:43:29,159 [pool-38-thread-1] INFO  server.RaftServerConfigKeys (ConfUtils.java:logGet(43)) - raft.server.notification.no-leader.timeout = 120s (custom)
2019-11-07 14:43:29,159 [pool-38-thread-1] INFO  server.RaftServerConfigKeys (ConfUtils.java:logGet(43)) - raft.server.log.use.memory = false (default)
2019-11-07 14:43:29,159 [pool-38-thread-1] INFO  server.RaftServerConfigKeys (ConfUtils.java:logGet(43)) - raft.server.log.purge.gap = 1000000 (custom)
2019-11-07 14:43:29,159 [pool-38-thread-1] INFO  server.RaftServerConfigKeys (ConfUtils.java:logGet(43)) - raft.server.log.appender.buffer.byte-limit = 33554432 (custom)
2019-11-07 14:43:29,159 [pool-38-thread-1] INFO  server.RaftServerConfigKeys (ConfUtils.java:logGet(43)) - raft.server.log.segment.size.max = 1048576 (custom)
2019-11-07 14:43:29,160 [pool-38-thread-1] INFO  server.RaftServerConfigKeys (ConfUtils.java:logGet(43)) - raft.server.log.segment.cache.num.max = 2 (custom)
2019-11-07 14:43:29,160 [pool-38-thread-1] INFO  segmented.SegmentedRaftLogWorker (SegmentedRaftLogWorker.java:<init>(173)) - new 00bc3fff-080b-4229-97f0-c620c25a950b@group-55DC944EF175-SegmentedRaftLogWorker for RaftStorage:Storage Directory /workdir/hadoop-ozone/ozonefs/target/test-dir/MiniOzoneClusterImpl-e0dbfaeb-01f5-418e-88ad-87e550fc10a5/datanode-1/data/ratis/9d0f1195-96bb-45e2-afee-55dc944ef175
2019-11-07 14:43:29,160 [pool-38-thread-1] INFO  server.RaftServerConfigKeys (ConfUtils.java:logGet(43)) - raft.server.log.queue.byte-limit = 2147483647 (custom)
2019-11-07 14:43:29,160 [pool-38-thread-1] INFO  server.RaftServerConfigKeys (ConfUtils.java:logGet(43)) - raft.server.log.queue.element-limit = 1024 (custom)
2019-11-07 14:43:29,160 [pool-38-thread-1] INFO  server.RaftServerConfigKeys (ConfUtils.java:logGet(43)) - raft.server.log.segment.size.max = 1048576 (custom)
2019-11-07 14:43:29,160 [pool-38-thread-1] INFO  server.RaftServerConfigKeys (ConfUtils.java:logGet(43)) - raft.server.log.preallocated.size = 16384 (custom)
2019-11-07 14:43:29,161 [pool-38-thread-1] INFO  server.RaftServerConfigKeys (ConfUtils.java:logGet(43)) - raft.server.log.write.buffer.size = 33554432 (custom)
2019-11-07 14:43:29,161 [pool-38-thread-1] INFO  server.RaftServerConfigKeys (ConfUtils.java:logGet(43)) - raft.server.log.force.sync.num = 128 (default)
2019-11-07 14:43:29,161 [pool-38-thread-1] INFO  server.RaftServerConfigKeys (ConfUtils.java:logGet(43)) - raft.server.log.statemachine.data.sync = true (default)
2019-11-07 14:43:29,161 [pool-38-thread-1] INFO  server.RaftServerConfigKeys (ConfUtils.java:logGet(43)) - raft.server.log.statemachine.data.sync.timeout = 10s (default)
2019-11-07 14:43:29,161 [pool-38-thread-1] INFO  server.RaftServerConfigKeys (ConfUtils.java:logGet(43)) - raft.server.log.statemachine.data.sync.timeout.retry = -1 (default)
2019-11-07 14:43:29,162 [pool-38-thread-1] INFO  server.RaftServerConfigKeys (ConfUtils.java:logGet(43)) - raft.server.log.statemachine.data.caching.enabled = true (custom)
2019-11-07 14:43:29,162 [pool-38-thread-1] INFO  segmented.SegmentedRaftLogWorker (SegmentedRaftLogWorker.java:lambda$new$0(128)) - 00bc3fff-080b-4229-97f0-c620c25a950b@group-55DC944EF175-SegmentedRaftLogWorker: flushIndex: setUnconditionally 0 -> -1
2019-11-07 14:43:29,162 [pool-38-thread-1] INFO  server.RaftServerConfigKeys (ConfUtils.java:logGet(43)) - raft.server.snapshot.auto.trigger.enabled = true (custom)
2019-11-07 14:43:29,162 [pool-38-thread-1] INFO  server.RaftServerConfigKeys (ConfUtils.java:logGet(43)) - raft.server.snapshot.auto.trigger.threshold = 10000 (custom)
2019-11-07 14:43:29,163 [pool-38-thread-1] INFO  server.RaftServerConfigKeys (ConfUtils.java:logGet(43)) - raft.server.snapshot.retention.file.num = 5 (custom)
2019-11-07 14:43:29,163 [pool-38-thread-1] INFO  server.RaftServerConfigKeys (ConfUtils.java:logGet(43)) - raft.server.retrycache.expirytime = 600000ms (custom)
2019-11-07 14:43:29,163 [pool-38-thread-1] WARN  impl.MetricRegistriesImpl (MetricRegistriesImpl.java:lambda$create$1(61)) - First MetricRegistry has been created without registering reporters. You may need to call MetricRegistries.global().addReportRegistration(...) before.
2019-11-07 14:43:29,163 [pool-38-thread-1] WARN  impl.MetricRegistriesImpl (MetricRegistriesImpl.java:lambda$create$1(61)) - First MetricRegistry has been created without registering reporters. You may need to call MetricRegistries.global().addReportRegistration(...) before.
2019-11-07 14:43:29,163 [pool-38-thread-1] INFO  impl.RaftServerImpl (RaftServerImpl.java:start(184)) - 00bc3fff-080b-4229-97f0-c620c25a950b@group-55DC944EF175: start as a follower, conf=-1: [00bc3fff-080b-4229-97f0-c620c25a950b:192.168.34.59:43864], old=null
2019-11-07 14:43:29,164 [pool-38-thread-1] INFO  impl.RaftServerImpl (RaftServerImpl.java:setRole(173)) - 00bc3fff-080b-4229-97f0-c620c25a950b@group-55DC944EF175: changes role from      null to FOLLOWER at term 0 for startAsFollower
2019-11-07 14:43:29,164 [pool-38-thread-1] INFO  impl.RoleInfo (RoleInfo.java:updateAndGet(143)) - 00bc3fff-080b-4229-97f0-c620c25a950b: start FollowerState
2019-11-07 14:43:29,164 [pool-38-thread-1] INFO  util.JmxRegister (JmxRegister.java:tryRegister(44)) - Successfully registered JMX Bean with object name Ratis:service=RaftServer,group=group-55DC944EF175,id=00bc3fff-080b-4229-97f0-c620c25a950b
2019-11-07 14:43:29,164 [pool-38-thread-1] WARN  impl.MetricRegistriesImpl (MetricRegistriesImpl.java:lambda$create$1(61)) - First MetricRegistry has been created without registering reporters. You may need to call MetricRegistries.global().addReportRegistration(...) before.
2019-11-07 14:43:29,179 [RatisPipelineUtilsThread] INFO  pipeline.PipelineStateManager (PipelineStateManager.java:addPipeline(56)) - Created pipeline Pipeline[ Id: 9d0f1195-96bb-45e2-afee-55dc944ef175, Nodes: 00bc3fff-080b-4229-97f0-c620c25a950b{ip: 192.168.34.59, host: pr-hdds-2329-pipelines-xb8hx-2504970213, networkLocation: /default-rack, certSerialId: null}, Type:RATIS, Factor:ONE, State:OPEN]
2019-11-07 14:43:29,192 [grpc-default-executor-1] INFO  impl.RaftServerProxy (RaftServerProxy.java:addNew(89)) - bdc51000-d74b-40c3-9891-08ea6b2226f6: addNew group-468BBF69F465:[bdc51000-d74b-40c3-9891-08ea6b2226f6:192.168.34.59:38380] returns group-468BBF69F465:java.util.concurrent.CompletableFuture@4c203467[Not completed]
2019-11-07 14:43:29,193 [pool-28-thread-1] INFO  impl.RaftServerImpl (RaftServerImpl.java:<init>(98)) - bdc51000-d74b-40c3-9891-08ea6b2226f6: new RaftServerImpl for group-468BBF69F465:[bdc51000-d74b-40c3-9891-08ea6b2226f6:192.168.34.59:38380] with ContainerStateMachine:uninitialized
2019-11-07 14:43:29,194 [pool-28-thread-1] INFO  server.RaftServerConfigKeys (ConfUtils.java:logGet(43)) - raft.server.rpc.timeout.min = 5s (custom)
2019-11-07 14:43:29,194 [pool-28-thread-1] INFO  server.RaftServerConfigKeys (ConfUtils.java:logGet(43)) - raft.server.rpc.timeout.max = 5200ms (custom)
2019-11-07 14:43:29,194 [pool-28-thread-1] INFO  server.RaftServerConfigKeys (ConfUtils.java:logGet(43)) - raft.server.rpcslowness.timeout = 120s (custom)
2019-11-07 14:43:29,194 [pool-28-thread-1] INFO  server.RaftServerConfigKeys (ConfUtils.java:logGet(43)) - raft.server.sleep.deviation.threshold = 300 (default)
2019-11-07 14:43:29,194 [pool-28-thread-1] INFO  server.RaftServerConfigKeys (ConfUtils.java:logGet(43)) - raft.server.log.appender.install.snapshot.enabled = false (custom)
2019-11-07 14:43:29,194 [pool-28-thread-1] INFO  impl.RaftServerImpl (ServerState.java:<init>(103)) - bdc51000-d74b-40c3-9891-08ea6b2226f6@group-468BBF69F465: ConfigurationManager, init=-1: [bdc51000-d74b-40c3-9891-08ea6b2226f6:192.168.34.59:38380], old=null, confs=<EMPTY_MAP>
2019-11-07 14:43:29,194 [pool-28-thread-1] INFO  server.RaftServerConfigKeys (ConfUtils.java:logGet(43)) - raft.server.storage.dir = [/workdir/hadoop-ozone/ozonefs/target/test-dir/MiniOzoneClusterImpl-e0dbfaeb-01f5-418e-88ad-87e550fc10a5/datanode-0/data/ratis] (custom)
2019-11-07 14:43:29,197 [pool-28-thread-1] INFO  server.RaftServerConfigKeys (ConfUtils.java:logGet(43)) - raft.server.log.corruption.policy = EXCEPTION (default)
2019-11-07 14:43:29,198 [pool-28-thread-1] INFO  storage.RaftStorageDirectory (RaftStorageDirectory.java:analyzeStorage(246)) - The storage directory /workdir/hadoop-ozone/ozonefs/target/test-dir/MiniOzoneClusterImpl-e0dbfaeb-01f5-418e-88ad-87e550fc10a5/datanode-0/data/ratis/f8a6bbae-002d-41ba-af36-468bbf69f465 does not exist. Creating ...
2019-11-07 14:43:29,200 [pool-28-thread-1] INFO  storage.RaftStorageDirectory (RaftStorageDirectory.java:tryLock(328)) - Lock on /workdir/hadoop-ozone/ozonefs/target/test-dir/MiniOzoneClusterImpl-e0dbfaeb-01f5-418e-88ad-87e550fc10a5/datanode-0/data/ratis/f8a6bbae-002d-41ba-af36-468bbf69f465/in_use.lock acquired by nodename 32603@pr-hdds-2329-pipelines-xb8hx-2504970213
2019-11-07 14:43:29,213 [pool-28-thread-1] INFO  storage.RaftStorage (RaftStorage.java:format(84)) - Storage directory /workdir/hadoop-ozone/ozonefs/target/test-dir/MiniOzoneClusterImpl-e0dbfaeb-01f5-418e-88ad-87e550fc10a5/datanode-0/data/ratis/f8a6bbae-002d-41ba-af36-468bbf69f465 has been successfully formatted.
2019-11-07 14:43:29,214 [pool-28-thread-1] INFO  ratis.ContainerStateMachine (ContainerStateMachine.java:loadSnapshot(231)) - group-468BBF69F465: The snapshot info is null. Setting the last applied indexto:(t:0, i:~)
2019-11-07 14:43:29,214 [pool-28-thread-1] INFO  server.RaftServerConfigKeys (ConfUtils.java:logGet(43)) - raft.server.notification.no-leader.timeout = 120s (custom)
2019-11-07 14:43:29,214 [pool-28-thread-1] INFO  server.RaftServerConfigKeys (ConfUtils.java:logGet(43)) - raft.server.log.use.memory = false (default)
2019-11-07 14:43:29,214 [pool-28-thread-1] INFO  server.RaftServerConfigKeys (ConfUtils.java:logGet(43)) - raft.server.log.purge.gap = 1000000 (custom)
2019-11-07 14:43:29,214 [pool-28-thread-1] INFO  server.RaftServerConfigKeys (ConfUtils.java:logGet(43)) - raft.server.log.appender.buffer.byte-limit = 33554432 (custom)
2019-11-07 14:43:29,214 [pool-28-thread-1] INFO  server.RaftServerConfigKeys (ConfUtils.java:logGet(43)) - raft.server.log.segment.size.max = 1048576 (custom)
2019-11-07 14:43:29,215 [pool-28-thread-1] INFO  server.RaftServerConfigKeys (ConfUtils.java:logGet(43)) - raft.server.log.segment.cache.num.max = 2 (custom)
2019-11-07 14:43:29,215 [pool-28-thread-1] INFO  segmented.SegmentedRaftLogWorker (SegmentedRaftLogWorker.java:<init>(173)) - new bdc51000-d74b-40c3-9891-08ea6b2226f6@group-468BBF69F465-SegmentedRaftLogWorker for RaftStorage:Storage Directory /workdir/hadoop-ozone/ozonefs/target/test-dir/MiniOzoneClusterImpl-e0dbfaeb-01f5-418e-88ad-87e550fc10a5/datanode-0/data/ratis/f8a6bbae-002d-41ba-af36-468bbf69f465
2019-11-07 14:43:29,215 [pool-28-thread-1] INFO  server.RaftServerConfigKeys (ConfUtils.java:logGet(43)) - raft.server.log.queue.byte-limit = 2147483647 (custom)
2019-11-07 14:43:29,215 [pool-28-thread-1] INFO  server.RaftServerConfigKeys (ConfUtils.java:logGet(43)) - raft.server.log.queue.element-limit = 1024 (custom)
2019-11-07 14:43:29,215 [pool-28-thread-1] INFO  server.RaftServerConfigKeys (ConfUtils.java:logGet(43)) - raft.server.log.segment.size.max = 1048576 (custom)
2019-11-07 14:43:29,215 [pool-28-thread-1] INFO  server.RaftServerConfigKeys (ConfUtils.java:logGet(43)) - raft.server.log.preallocated.size = 16384 (custom)
2019-11-07 14:43:29,215 [pool-28-thread-1] INFO  server.RaftServerConfigKeys (ConfUtils.java:logGet(43)) - raft.server.log.write.buffer.size = 33554432 (custom)
2019-11-07 14:43:29,215 [pool-28-thread-1] INFO  server.RaftServerConfigKeys (ConfUtils.java:logGet(43)) - raft.server.log.force.sync.num = 128 (default)
2019-11-07 14:43:29,216 [pool-28-thread-1] INFO  server.RaftServerConfigKeys (ConfUtils.java:logGet(43)) - raft.server.log.statemachine.data.sync = true (default)
2019-11-07 14:43:29,216 [pool-28-thread-1] INFO  server.RaftServerConfigKeys (ConfUtils.java:logGet(43)) - raft.server.log.statemachine.data.sync.timeout = 10s (default)
2019-11-07 14:43:29,216 [pool-28-thread-1] INFO  server.RaftServerConfigKeys (ConfUtils.java:logGet(43)) - raft.server.log.statemachine.data.sync.timeout.retry = -1 (default)
2019-11-07 14:43:29,216 [pool-28-thread-1] INFO  server.RaftServerConfigKeys (ConfUtils.java:logGet(43)) - raft.server.log.statemachine.data.caching.enabled = true (custom)
2019-11-07 14:43:29,216 [pool-28-thread-1] INFO  segmented.SegmentedRaftLogWorker (SegmentedRaftLogWorker.java:lambda$new$0(128)) - bdc51000-d74b-40c3-9891-08ea6b2226f6@group-468BBF69F465-SegmentedRaftLogWorker: flushIndex: setUnconditionally 0 -> -1
2019-11-07 14:43:29,217 [pool-28-thread-1] INFO  server.RaftServerConfigKeys (ConfUtils.java:logGet(43)) - raft.server.snapshot.auto.trigger.enabled = true (custom)
2019-11-07 14:43:29,217 [pool-28-thread-1] INFO  server.RaftServerConfigKeys (ConfUtils.java:logGet(43)) - raft.server.snapshot.auto.trigger.threshold = 10000 (custom)
2019-11-07 14:43:29,217 [pool-28-thread-1] INFO  server.RaftServerConfigKeys (ConfUtils.java:logGet(43)) - raft.server.snapshot.retention.file.num = 5 (custom)
2019-11-07 14:43:29,217 [pool-28-thread-1] INFO  server.RaftServerConfigKeys (ConfUtils.java:logGet(43)) - raft.server.retrycache.expirytime = 600000ms (custom)
2019-11-07 14:43:29,217 [pool-28-thread-1] WARN  impl.MetricRegistriesImpl (MetricRegistriesImpl.java:lambda$create$1(61)) - First MetricRegistry has been created without registering reporters. You may need to call MetricRegistries.global().addReportRegistration(...) before.
2019-11-07 14:43:29,217 [pool-28-thread-1] WARN  impl.MetricRegistriesImpl (MetricRegistriesImpl.java:lambda$create$1(61)) - First MetricRegistry has been created without registering reporters. You may need to call MetricRegistries.global().addReportRegistration(...) before.
2019-11-07 14:43:29,218 [pool-28-thread-1] INFO  impl.RaftServerImpl (RaftServerImpl.java:start(184)) - bdc51000-d74b-40c3-9891-08ea6b2226f6@group-468BBF69F465: start as a follower, conf=-1: [bdc51000-d74b-40c3-9891-08ea6b2226f6:192.168.34.59:38380], old=null
2019-11-07 14:43:29,218 [pool-28-thread-1] INFO  impl.RaftServerImpl (RaftServerImpl.java:setRole(173)) - bdc51000-d74b-40c3-9891-08ea6b2226f6@group-468BBF69F465: changes role from      null to FOLLOWER at term 0 for startAsFollower
2019-11-07 14:43:29,218 [pool-28-thread-1] INFO  impl.RoleInfo (RoleInfo.java:updateAndGet(143)) - bdc51000-d74b-40c3-9891-08ea6b2226f6: start FollowerState
2019-11-07 14:43:29,218 [pool-28-thread-1] INFO  util.JmxRegister (JmxRegister.java:tryRegister(44)) - Successfully registered JMX Bean with object name Ratis:service=RaftServer,group=group-468BBF69F465,id=bdc51000-d74b-40c3-9891-08ea6b2226f6
2019-11-07 14:43:29,219 [pool-28-thread-1] WARN  impl.MetricRegistriesImpl (MetricRegistriesImpl.java:lambda$create$1(61)) - First MetricRegistry has been created without registering reporters. You may need to call MetricRegistries.global().addReportRegistration(...) before.
14:43:29.212 [IPC Server handler 9 on 32930] ERROR OMAudit - user=jenkins1000 | ip=127.0.0.1 | op=GET_FILE_STATUS {volume=volume23506, bucket=bucket98992, key=test/testRenameWithNonEmptySubDir, dataSize=0, replicationType=null, replicationFactor=null, keyLocationInfo=null} | ret=FAILURE
org.apache.hadoop.ozone.om.exceptions.OMException: Unable to get file status: volume: volume23506 bucket: bucket98992 key: test/testRenameWithNonEmptySubDir
	at org.apache.hadoop.ozone.om.KeyManagerImpl.getFileStatus(KeyManagerImpl.java:1779) ~[hadoop-ozone-ozone-manager-0.5.0-SNAPSHOT.jar:?]
	at org.apache.hadoop.ozone.om.OzoneManager.getFileStatus(OzoneManager.java:2762) ~[hadoop-ozone-ozone-manager-0.5.0-SNAPSHOT.jar:?]
	at org.apache.hadoop.ozone.protocolPB.OzoneManagerRequestHandler.getOzoneFileStatus(OzoneManagerRequestHandler.java:1053) ~[hadoop-ozone-ozone-manager-0.5.0-SNAPSHOT.jar:?]
	at org.apache.hadoop.ozone.protocolPB.OzoneManagerRequestHandler.handle(OzoneManagerRequestHandler.java:340) ~[hadoop-ozone-ozone-manager-0.5.0-SNAPSHOT.jar:?]
	at org.apache.hadoop.ozone.protocolPB.OzoneManagerProtocolServerSideTranslatorPB.submitRequestDirectlyToOM(OzoneManagerProtocolServerSideTranslatorPB.java:219) ~[hadoop-ozone-ozone-manager-0.5.0-SNAPSHOT.jar:?]
	at org.apache.hadoop.ozone.protocolPB.OzoneManagerProtocolServerSideTranslatorPB.processRequest(OzoneManagerProtocolServerSideTranslatorPB.java:134) ~[hadoop-ozone-ozone-manager-0.5.0-SNAPSHOT.jar:?]
	at org.apache.hadoop.hdds.server.OzoneProtocolMessageDispatcher.processRequest(OzoneProtocolMessageDispatcher.java:72) [hadoop-hdds-server-framework-0.5.0-SNAPSHOT.jar:?]
	at org.apache.hadoop.ozone.protocolPB.OzoneManagerProtocolServerSideTranslatorPB.submitRequest(OzoneManagerProtocolServerSideTranslatorPB.java:102) [hadoop-ozone-ozone-manager-0.5.0-SNAPSHOT.jar:?]
	at org.apache.hadoop.ozone.protocol.proto.OzoneManagerProtocolProtos$OzoneManagerService$2.callBlockingMethod(OzoneManagerProtocolProtos.java) [hadoop-ozone-common-0.5.0-SNAPSHOT.jar:?]
	at org.apache.hadoop.ipc.ProtobufRpcEngine$Server$ProtoBufRpcInvoker.call(ProtobufRpcEngine.java:524) [hadoop-common-3.2.0.jar:?]
	at org.apache.hadoop.ipc.RPC$Server.call(RPC.java:1025) [hadoop-common-3.2.0.jar:?]
	at org.apache.hadoop.ipc.Server$RpcCall.run(Server.java:876) [hadoop-common-3.2.0.jar:?]
	at org.apache.hadoop.ipc.Server$RpcCall.run(Server.java:822) [hadoop-common-3.2.0.jar:?]
	at java.security.AccessController.doPrivileged(Native Method) [?:1.8.0_222]
	at javax.security.auth.Subject.doAs(Subject.java:422) [?:1.8.0_222]
	at org.apache.hadoop.security.UserGroupInformation.doAs(UserGroupInformation.java:1730) [hadoop-common-3.2.0.jar:?]
	at org.apache.hadoop.ipc.Server$Handler.run(Server.java:2682) [hadoop-common-3.2.0.jar:?]
2019-11-07 14:43:29,228 [RatisPipelineUtilsThread] INFO  pipeline.PipelineStateManager (PipelineStateManager.java:addPipeline(56)) - Created pipeline Pipeline[ Id: f8a6bbae-002d-41ba-af36-468bbf69f465, Nodes: bdc51000-d74b-40c3-9891-08ea6b2226f6{ip: 192.168.34.59, host: pr-hdds-2329-pipelines-xb8hx-2504970213, networkLocation: /default-rack, certSerialId: null}, Type:RATIS, Factor:ONE, State:OPEN]
2019-11-07 14:43:29,242 [grpc-default-executor-1] INFO  impl.RaftServerProxy (RaftServerProxy.java:addNew(89)) - cffeb7e5-539e-40ed-a33a-26ca59c7db39: addNew group-D97360935E73:[cffeb7e5-539e-40ed-a33a-26ca59c7db39:192.168.34.59:34915] returns group-D97360935E73:java.util.concurrent.CompletableFuture@361ee5c5[Not completed]
2019-11-07 14:43:29,244 [pool-58-thread-1] INFO  impl.RaftServerImpl (RaftServerImpl.java:<init>(98)) - cffeb7e5-539e-40ed-a33a-26ca59c7db39: new RaftServerImpl for group-D97360935E73:[cffeb7e5-539e-40ed-a33a-26ca59c7db39:192.168.34.59:34915] with ContainerStateMachine:uninitialized
2019-11-07 14:43:29,244 [pool-58-thread-1] INFO  server.RaftServerConfigKeys (ConfUtils.java:logGet(43)) - raft.server.rpc.timeout.min = 5s (custom)
2019-11-07 14:43:29,244 [pool-58-thread-1] INFO  server.RaftServerConfigKeys (ConfUtils.java:logGet(43)) - raft.server.rpc.timeout.max = 5200ms (custom)
2019-11-07 14:43:29,244 [pool-58-thread-1] INFO  server.RaftServerConfigKeys (ConfUtils.java:logGet(43)) - raft.server.rpcslowness.timeout = 120s (custom)
2019-11-07 14:43:29,245 [pool-58-thread-1] INFO  server.RaftServerConfigKeys (ConfUtils.java:logGet(43)) - raft.server.sleep.deviation.threshold = 300 (default)
2019-11-07 14:43:29,245 [pool-58-thread-1] INFO  server.RaftServerConfigKeys (ConfUtils.java:logGet(43)) - raft.server.log.appender.install.snapshot.enabled = false (custom)
2019-11-07 14:43:29,245 [pool-58-thread-1] INFO  impl.RaftServerImpl (ServerState.java:<init>(103)) - cffeb7e5-539e-40ed-a33a-26ca59c7db39@group-D97360935E73: ConfigurationManager, init=-1: [cffeb7e5-539e-40ed-a33a-26ca59c7db39:192.168.34.59:34915], old=null, confs=<EMPTY_MAP>
2019-11-07 14:43:29,245 [pool-58-thread-1] INFO  server.RaftServerConfigKeys (ConfUtils.java:logGet(43)) - raft.server.storage.dir = [/workdir/hadoop-ozone/ozonefs/target/test-dir/MiniOzoneClusterImpl-e0dbfaeb-01f5-418e-88ad-87e550fc10a5/datanode-3/data/ratis] (custom)
2019-11-07 14:43:29,245 [pool-58-thread-1] INFO  server.RaftServerConfigKeys (ConfUtils.java:logGet(43)) - raft.server.log.corruption.policy = EXCEPTION (default)
2019-11-07 14:43:29,246 [pool-58-thread-1] INFO  storage.RaftStorageDirectory (RaftStorageDirectory.java:analyzeStorage(246)) - The storage directory /workdir/hadoop-ozone/ozonefs/target/test-dir/MiniOzoneClusterImpl-e0dbfaeb-01f5-418e-88ad-87e550fc10a5/datanode-3/data/ratis/edb57ab3-8b49-46c8-b6b9-d97360935e73 does not exist. Creating ...
2019-11-07 14:43:29,252 [pool-58-thread-1] INFO  storage.RaftStorageDirectory (RaftStorageDirectory.java:tryLock(328)) - Lock on /workdir/hadoop-ozone/ozonefs/target/test-dir/MiniOzoneClusterImpl-e0dbfaeb-01f5-418e-88ad-87e550fc10a5/datanode-3/data/ratis/edb57ab3-8b49-46c8-b6b9-d97360935e73/in_use.lock acquired by nodename 32603@pr-hdds-2329-pipelines-xb8hx-2504970213
2019-11-07 14:43:29,268 [pool-58-thread-1] INFO  storage.RaftStorage (RaftStorage.java:format(84)) - Storage directory /workdir/hadoop-ozone/ozonefs/target/test-dir/MiniOzoneClusterImpl-e0dbfaeb-01f5-418e-88ad-87e550fc10a5/datanode-3/data/ratis/edb57ab3-8b49-46c8-b6b9-d97360935e73 has been successfully formatted.
2019-11-07 14:43:29,268 [pool-58-thread-1] INFO  ratis.ContainerStateMachine (ContainerStateMachine.java:loadSnapshot(231)) - group-D97360935E73: The snapshot info is null. Setting the last applied indexto:(t:0, i:~)
2019-11-07 14:43:29,268 [pool-58-thread-1] INFO  server.RaftServerConfigKeys (ConfUtils.java:logGet(43)) - raft.server.notification.no-leader.timeout = 120s (custom)
2019-11-07 14:43:29,268 [pool-58-thread-1] INFO  server.RaftServerConfigKeys (ConfUtils.java:logGet(43)) - raft.server.log.use.memory = false (default)
2019-11-07 14:43:29,269 [pool-58-thread-1] INFO  server.RaftServerConfigKeys (ConfUtils.java:logGet(43)) - raft.server.log.purge.gap = 1000000 (custom)
2019-11-07 14:43:29,269 [pool-58-thread-1] INFO  server.RaftServerConfigKeys (ConfUtils.java:logGet(43)) - raft.server.log.appender.buffer.byte-limit = 33554432 (custom)
2019-11-07 14:43:29,269 [pool-58-thread-1] INFO  server.RaftServerConfigKeys (ConfUtils.java:logGet(43)) - raft.server.log.segment.size.max = 1048576 (custom)
2019-11-07 14:43:29,269 [pool-58-thread-1] INFO  server.RaftServerConfigKeys (ConfUtils.java:logGet(43)) - raft.server.log.segment.cache.num.max = 2 (custom)
2019-11-07 14:43:29,269 [pool-58-thread-1] INFO  segmented.SegmentedRaftLogWorker (SegmentedRaftLogWorker.java:<init>(173)) - new cffeb7e5-539e-40ed-a33a-26ca59c7db39@group-D97360935E73-SegmentedRaftLogWorker for RaftStorage:Storage Directory /workdir/hadoop-ozone/ozonefs/target/test-dir/MiniOzoneClusterImpl-e0dbfaeb-01f5-418e-88ad-87e550fc10a5/datanode-3/data/ratis/edb57ab3-8b49-46c8-b6b9-d97360935e73
2019-11-07 14:43:29,269 [pool-58-thread-1] INFO  server.RaftServerConfigKeys (ConfUtils.java:logGet(43)) - raft.server.log.queue.byte-limit = 2147483647 (custom)
2019-11-07 14:43:29,270 [pool-58-thread-1] INFO  server.RaftServerConfigKeys (ConfUtils.java:logGet(43)) - raft.server.log.queue.element-limit = 1024 (custom)
2019-11-07 14:43:29,270 [pool-58-thread-1] INFO  server.RaftServerConfigKeys (ConfUtils.java:logGet(43)) - raft.server.log.segment.size.max = 1048576 (custom)
2019-11-07 14:43:29,270 [pool-58-thread-1] INFO  server.RaftServerConfigKeys (ConfUtils.java:logGet(43)) - raft.server.log.preallocated.size = 16384 (custom)
2019-11-07 14:43:29,270 [pool-58-thread-1] INFO  server.RaftServerConfigKeys (ConfUtils.java:logGet(43)) - raft.server.log.write.buffer.size = 33554432 (custom)
2019-11-07 14:43:29,270 [pool-58-thread-1] INFO  server.RaftServerConfigKeys (ConfUtils.java:logGet(43)) - raft.server.log.force.sync.num = 128 (default)
2019-11-07 14:43:29,270 [pool-58-thread-1] INFO  server.RaftServerConfigKeys (ConfUtils.java:logGet(43)) - raft.server.log.statemachine.data.sync = true (default)
2019-11-07 14:43:29,271 [pool-58-thread-1] INFO  server.RaftServerConfigKeys (ConfUtils.java:logGet(43)) - raft.server.log.statemachine.data.sync.timeout = 10s (default)
2019-11-07 14:43:29,271 [pool-58-thread-1] INFO  server.RaftServerConfigKeys (ConfUtils.java:logGet(43)) - raft.server.log.statemachine.data.sync.timeout.retry = -1 (default)
2019-11-07 14:43:29,271 [pool-58-thread-1] INFO  server.RaftServerConfigKeys (ConfUtils.java:logGet(43)) - raft.server.log.statemachine.data.caching.enabled = true (custom)
2019-11-07 14:43:29,271 [pool-58-thread-1] INFO  segmented.SegmentedRaftLogWorker (SegmentedRaftLogWorker.java:lambda$new$0(128)) - cffeb7e5-539e-40ed-a33a-26ca59c7db39@group-D97360935E73-SegmentedRaftLogWorker: flushIndex: setUnconditionally 0 -> -1
2019-11-07 14:43:29,272 [pool-58-thread-1] INFO  server.RaftServerConfigKeys (ConfUtils.java:logGet(43)) - raft.server.snapshot.auto.trigger.enabled = true (custom)
2019-11-07 14:43:29,272 [pool-58-thread-1] INFO  server.RaftServerConfigKeys (ConfUtils.java:logGet(43)) - raft.server.snapshot.auto.trigger.threshold = 10000 (custom)
2019-11-07 14:43:29,272 [pool-58-thread-1] INFO  server.RaftServerConfigKeys (ConfUtils.java:logGet(43)) - raft.server.snapshot.retention.file.num = 5 (custom)
2019-11-07 14:43:29,272 [pool-58-thread-1] INFO  server.RaftServerConfigKeys (ConfUtils.java:logGet(43)) - raft.server.retrycache.expirytime = 600000ms (custom)
2019-11-07 14:43:29,273 [pool-58-thread-1] WARN  impl.MetricRegistriesImpl (MetricRegistriesImpl.java:lambda$create$1(61)) - First MetricRegistry has been created without registering reporters. You may need to call MetricRegistries.global().addReportRegistration(...) before.
2019-11-07 14:43:29,273 [pool-58-thread-1] WARN  impl.MetricRegistriesImpl (MetricRegistriesImpl.java:lambda$create$1(61)) - First MetricRegistry has been created without registering reporters. You may need to call MetricRegistries.global().addReportRegistration(...) before.
2019-11-07 14:43:29,274 [pool-58-thread-1] INFO  impl.RaftServerImpl (RaftServerImpl.java:start(184)) - cffeb7e5-539e-40ed-a33a-26ca59c7db39@group-D97360935E73: start as a follower, conf=-1: [cffeb7e5-539e-40ed-a33a-26ca59c7db39:192.168.34.59:34915], old=null
2019-11-07 14:43:29,274 [pool-58-thread-1] INFO  impl.RaftServerImpl (RaftServerImpl.java:setRole(173)) - cffeb7e5-539e-40ed-a33a-26ca59c7db39@group-D97360935E73: changes role from      null to FOLLOWER at term 0 for startAsFollower
2019-11-07 14:43:29,274 [pool-58-thread-1] INFO  impl.RoleInfo (RoleInfo.java:updateAndGet(143)) - cffeb7e5-539e-40ed-a33a-26ca59c7db39: start FollowerState
2019-11-07 14:43:29,274 [pool-58-thread-1] INFO  util.JmxRegister (JmxRegister.java:tryRegister(44)) - Successfully registered JMX Bean with object name Ratis:service=RaftServer,group=group-D97360935E73,id=cffeb7e5-539e-40ed-a33a-26ca59c7db39
2019-11-07 14:43:29,275 [pool-58-thread-1] WARN  impl.MetricRegistriesImpl (MetricRegistriesImpl.java:lambda$create$1(61)) - First MetricRegistry has been created without registering reporters. You may need to call MetricRegistries.global().addReportRegistration(...) before.
2019-11-07 14:43:29,286 [RatisPipelineUtilsThread] INFO  pipeline.PipelineStateManager (PipelineStateManager.java:addPipeline(56)) - Created pipeline Pipeline[ Id: edb57ab3-8b49-46c8-b6b9-d97360935e73, Nodes: cffeb7e5-539e-40ed-a33a-26ca59c7db39{ip: 192.168.34.59, host: pr-hdds-2329-pipelines-xb8hx-2504970213, networkLocation: /default-rack, certSerialId: null}, Type:RATIS, Factor:ONE, State:OPEN]
2019-11-07 14:43:29,298 [IPC Server handler 0 on 39336] INFO  server.SCMBlockProtocolServer (SCMBlockProtocolServer.java:allocateBlock(179)) - Allocating 1 blocks of size 4194304, with ExcludeList {datanodes = [], containerIds = [], pipelineIds = []}
2019-11-07 14:43:29,302 [grpc-default-executor-1] INFO  impl.RaftServerProxy (RaftServerProxy.java:addNew(89)) - 5d15a714-d6b2-4ad2-b05e-4f274c753be7: addNew group-8CFFEAE2C265:[5d15a714-d6b2-4ad2-b05e-4f274c753be7:192.168.34.59:43914] returns group-8CFFEAE2C265:java.util.concurrent.CompletableFuture@20643b2a[Not completed]
2019-11-07 14:43:29,304 [pool-48-thread-1] INFO  impl.RaftServerImpl (RaftServerImpl.java:<init>(98)) - 5d15a714-d6b2-4ad2-b05e-4f274c753be7: new RaftServerImpl for group-8CFFEAE2C265:[5d15a714-d6b2-4ad2-b05e-4f274c753be7:192.168.34.59:43914] with ContainerStateMachine:uninitialized
2019-11-07 14:43:29,304 [pool-48-thread-1] INFO  server.RaftServerConfigKeys (ConfUtils.java:logGet(43)) - raft.server.rpc.timeout.min = 5s (custom)
2019-11-07 14:43:29,304 [pool-48-thread-1] INFO  server.RaftServerConfigKeys (ConfUtils.java:logGet(43)) - raft.server.rpc.timeout.max = 5200ms (custom)
2019-11-07 14:43:29,304 [pool-48-thread-1] INFO  server.RaftServerConfigKeys (ConfUtils.java:logGet(43)) - raft.server.rpcslowness.timeout = 120s (custom)
2019-11-07 14:43:29,304 [pool-48-thread-1] INFO  server.RaftServerConfigKeys (ConfUtils.java:logGet(43)) - raft.server.sleep.deviation.threshold = 300 (default)
2019-11-07 14:43:29,305 [pool-48-thread-1] INFO  server.RaftServerConfigKeys (ConfUtils.java:logGet(43)) - raft.server.log.appender.install.snapshot.enabled = false (custom)
2019-11-07 14:43:29,305 [pool-48-thread-1] INFO  impl.RaftServerImpl (ServerState.java:<init>(103)) - 5d15a714-d6b2-4ad2-b05e-4f274c753be7@group-8CFFEAE2C265: ConfigurationManager, init=-1: [5d15a714-d6b2-4ad2-b05e-4f274c753be7:192.168.34.59:43914], old=null, confs=<EMPTY_MAP>
2019-11-07 14:43:29,305 [pool-48-thread-1] INFO  server.RaftServerConfigKeys (ConfUtils.java:logGet(43)) - raft.server.storage.dir = [/workdir/hadoop-ozone/ozonefs/target/test-dir/MiniOzoneClusterImpl-e0dbfaeb-01f5-418e-88ad-87e550fc10a5/datanode-2/data/ratis] (custom)
2019-11-07 14:43:29,305 [pool-48-thread-1] INFO  server.RaftServerConfigKeys (ConfUtils.java:logGet(43)) - raft.server.log.corruption.policy = EXCEPTION (default)
2019-11-07 14:43:29,306 [pool-48-thread-1] INFO  storage.RaftStorageDirectory (RaftStorageDirectory.java:analyzeStorage(246)) - The storage directory /workdir/hadoop-ozone/ozonefs/target/test-dir/MiniOzoneClusterImpl-e0dbfaeb-01f5-418e-88ad-87e550fc10a5/datanode-2/data/ratis/931d5b0d-85ab-4fad-a56f-8cffeae2c265 does not exist. Creating ...
2019-11-07 14:43:29,311 [pool-48-thread-1] INFO  storage.RaftStorageDirectory (RaftStorageDirectory.java:tryLock(328)) - Lock on /workdir/hadoop-ozone/ozonefs/target/test-dir/MiniOzoneClusterImpl-e0dbfaeb-01f5-418e-88ad-87e550fc10a5/datanode-2/data/ratis/931d5b0d-85ab-4fad-a56f-8cffeae2c265/in_use.lock acquired by nodename 32603@pr-hdds-2329-pipelines-xb8hx-2504970213
2019-11-07 14:43:29,318 [pool-48-thread-1] INFO  storage.RaftStorage (RaftStorage.java:format(84)) - Storage directory /workdir/hadoop-ozone/ozonefs/target/test-dir/MiniOzoneClusterImpl-e0dbfaeb-01f5-418e-88ad-87e550fc10a5/datanode-2/data/ratis/931d5b0d-85ab-4fad-a56f-8cffeae2c265 has been successfully formatted.
2019-11-07 14:43:29,319 [pool-48-thread-1] INFO  ratis.ContainerStateMachine (ContainerStateMachine.java:loadSnapshot(231)) - group-8CFFEAE2C265: The snapshot info is null. Setting the last applied indexto:(t:0, i:~)
2019-11-07 14:43:29,319 [pool-48-thread-1] INFO  server.RaftServerConfigKeys (ConfUtils.java:logGet(43)) - raft.server.notification.no-leader.timeout = 120s (custom)
2019-11-07 14:43:29,319 [pool-48-thread-1] INFO  server.RaftServerConfigKeys (ConfUtils.java:logGet(43)) - raft.server.log.use.memory = false (default)
2019-11-07 14:43:29,319 [pool-48-thread-1] INFO  server.RaftServerConfigKeys (ConfUtils.java:logGet(43)) - raft.server.log.purge.gap = 1000000 (custom)
2019-11-07 14:43:29,319 [pool-48-thread-1] INFO  server.RaftServerConfigKeys (ConfUtils.java:logGet(43)) - raft.server.log.appender.buffer.byte-limit = 33554432 (custom)
2019-11-07 14:43:29,320 [pool-48-thread-1] INFO  server.RaftServerConfigKeys (ConfUtils.java:logGet(43)) - raft.server.log.segment.size.max = 1048576 (custom)
2019-11-07 14:43:29,320 [pool-48-thread-1] WARN  impl.MetricRegistriesImpl (MetricRegistriesImpl.java:lambda$create$1(61)) - First MetricRegistry has been created without registering reporters. You may need to call MetricRegistries.global().addReportRegistration(...) before.
2019-11-07 14:43:29,320 [pool-48-thread-1] INFO  server.RaftServerConfigKeys (ConfUtils.java:logGet(43)) - raft.server.log.segment.cache.num.max = 2 (custom)
2019-11-07 14:43:29,320 [pool-48-thread-1] INFO  segmented.SegmentedRaftLogWorker (SegmentedRaftLogWorker.java:<init>(173)) - new 5d15a714-d6b2-4ad2-b05e-4f274c753be7@group-8CFFEAE2C265-SegmentedRaftLogWorker for RaftStorage:Storage Directory /workdir/hadoop-ozone/ozonefs/target/test-dir/MiniOzoneClusterImpl-e0dbfaeb-01f5-418e-88ad-87e550fc10a5/datanode-2/data/ratis/931d5b0d-85ab-4fad-a56f-8cffeae2c265
2019-11-07 14:43:29,320 [pool-48-thread-1] INFO  server.RaftServerConfigKeys (ConfUtils.java:logGet(43)) - raft.server.log.queue.byte-limit = 2147483647 (custom)
2019-11-07 14:43:29,320 [pool-48-thread-1] INFO  server.RaftServerConfigKeys (ConfUtils.java:logGet(43)) - raft.server.log.queue.element-limit = 1024 (custom)
2019-11-07 14:43:29,321 [pool-48-thread-1] INFO  server.RaftServerConfigKeys (ConfUtils.java:logGet(43)) - raft.server.log.segment.size.max = 1048576 (custom)
2019-11-07 14:43:29,321 [pool-48-thread-1] INFO  server.RaftServerConfigKeys (ConfUtils.java:logGet(43)) - raft.server.log.preallocated.size = 16384 (custom)
2019-11-07 14:43:29,321 [pool-48-thread-1] INFO  server.RaftServerConfigKeys (ConfUtils.java:logGet(43)) - raft.server.log.write.buffer.size = 33554432 (custom)
2019-11-07 14:43:29,321 [pool-48-thread-1] INFO  server.RaftServerConfigKeys (ConfUtils.java:logGet(43)) - raft.server.log.force.sync.num = 128 (default)
2019-11-07 14:43:29,321 [pool-48-thread-1] INFO  server.RaftServerConfigKeys (ConfUtils.java:logGet(43)) - raft.server.log.statemachine.data.sync = true (default)
2019-11-07 14:43:29,322 [pool-48-thread-1] INFO  server.RaftServerConfigKeys (ConfUtils.java:logGet(43)) - raft.server.log.statemachine.data.sync.timeout = 10s (default)
2019-11-07 14:43:29,322 [pool-48-thread-1] INFO  server.RaftServerConfigKeys (ConfUtils.java:logGet(43)) - raft.server.log.statemachine.data.sync.timeout.retry = -1 (default)
2019-11-07 14:43:29,322 [pool-48-thread-1] INFO  server.RaftServerConfigKeys (ConfUtils.java:logGet(43)) - raft.server.log.statemachine.data.caching.enabled = true (custom)
2019-11-07 14:43:29,323 [pool-48-thread-1] INFO  segmented.SegmentedRaftLogWorker (SegmentedRaftLogWorker.java:lambda$new$0(128)) - 5d15a714-d6b2-4ad2-b05e-4f274c753be7@group-8CFFEAE2C265-SegmentedRaftLogWorker: flushIndex: setUnconditionally 0 -> -1
2019-11-07 14:43:29,323 [pool-48-thread-1] INFO  server.RaftServerConfigKeys (ConfUtils.java:logGet(43)) - raft.server.snapshot.auto.trigger.enabled = true (custom)
2019-11-07 14:43:29,323 [pool-48-thread-1] INFO  server.RaftServerConfigKeys (ConfUtils.java:logGet(43)) - raft.server.snapshot.auto.trigger.threshold = 10000 (custom)
2019-11-07 14:43:29,323 [pool-48-thread-1] INFO  server.RaftServerConfigKeys (ConfUtils.java:logGet(43)) - raft.server.snapshot.retention.file.num = 5 (custom)
2019-11-07 14:43:29,324 [pool-48-thread-1] INFO  server.RaftServerConfigKeys (ConfUtils.java:logGet(43)) - raft.server.retrycache.expirytime = 600000ms (custom)
2019-11-07 14:43:29,324 [pool-48-thread-1] WARN  impl.MetricRegistriesImpl (MetricRegistriesImpl.java:lambda$create$1(61)) - First MetricRegistry has been created without registering reporters. You may need to call MetricRegistries.global().addReportRegistration(...) before.
2019-11-07 14:43:29,324 [pool-48-thread-1] WARN  impl.MetricRegistriesImpl (MetricRegistriesImpl.java:lambda$create$1(61)) - First MetricRegistry has been created without registering reporters. You may need to call MetricRegistries.global().addReportRegistration(...) before.
2019-11-07 14:43:29,324 [pool-48-thread-1] INFO  impl.RaftServerImpl (RaftServerImpl.java:start(184)) - 5d15a714-d6b2-4ad2-b05e-4f274c753be7@group-8CFFEAE2C265: start as a follower, conf=-1: [5d15a714-d6b2-4ad2-b05e-4f274c753be7:192.168.34.59:43914], old=null
2019-11-07 14:43:29,324 [pool-48-thread-1] INFO  impl.RaftServerImpl (RaftServerImpl.java:setRole(173)) - 5d15a714-d6b2-4ad2-b05e-4f274c753be7@group-8CFFEAE2C265: changes role from      null to FOLLOWER at term 0 for startAsFollower
2019-11-07 14:43:29,325 [pool-48-thread-1] INFO  impl.RoleInfo (RoleInfo.java:updateAndGet(143)) - 5d15a714-d6b2-4ad2-b05e-4f274c753be7: start FollowerState
2019-11-07 14:43:29,325 [pool-48-thread-1] INFO  util.JmxRegister (JmxRegister.java:tryRegister(44)) - Successfully registered JMX Bean with object name Ratis:service=RaftServer,group=group-8CFFEAE2C265,id=5d15a714-d6b2-4ad2-b05e-4f274c753be7
2019-11-07 14:43:29,325 [pool-48-thread-1] WARN  impl.MetricRegistriesImpl (MetricRegistriesImpl.java:lambda$create$1(61)) - First MetricRegistry has been created without registering reporters. You may need to call MetricRegistries.global().addReportRegistration(...) before.
2019-11-07 14:43:29,337 [RatisPipelineUtilsThread] INFO  pipeline.PipelineStateManager (PipelineStateManager.java:addPipeline(56)) - Created pipeline Pipeline[ Id: 931d5b0d-85ab-4fad-a56f-8cffeae2c265, Nodes: 5d15a714-d6b2-4ad2-b05e-4f274c753be7{ip: 192.168.34.59, host: pr-hdds-2329-pipelines-xb8hx-2504970213, networkLocation: /default-rack, certSerialId: null}, Type:RATIS, Factor:ONE, State:OPEN]
2019-11-07 14:43:29,350 [grpc-default-executor-1] INFO  impl.RaftServerProxy (RaftServerProxy.java:addNew(89)) - 854624fe-2fd6-4aa1-977c-dc3f5aaee71c: addNew group-7ECC028BF6BC:[854624fe-2fd6-4aa1-977c-dc3f5aaee71c:192.168.34.59:37247] returns group-7ECC028BF6BC:java.util.concurrent.CompletableFuture@58034841[Not completed]
2019-11-07 14:43:29,353 [pool-68-thread-1] INFO  impl.RaftServerImpl (RaftServerImpl.java:<init>(98)) - 854624fe-2fd6-4aa1-977c-dc3f5aaee71c: new RaftServerImpl for group-7ECC028BF6BC:[854624fe-2fd6-4aa1-977c-dc3f5aaee71c:192.168.34.59:37247] with ContainerStateMachine:uninitialized
2019-11-07 14:43:29,353 [pool-68-thread-1] INFO  server.RaftServerConfigKeys (ConfUtils.java:logGet(43)) - raft.server.rpc.timeout.min = 5s (custom)
2019-11-07 14:43:29,353 [pool-68-thread-1] INFO  server.RaftServerConfigKeys (ConfUtils.java:logGet(43)) - raft.server.rpc.timeout.max = 5200ms (custom)
2019-11-07 14:43:29,353 [pool-68-thread-1] INFO  server.RaftServerConfigKeys (ConfUtils.java:logGet(43)) - raft.server.rpcslowness.timeout = 120s (custom)
2019-11-07 14:43:29,353 [pool-68-thread-1] INFO  server.RaftServerConfigKeys (ConfUtils.java:logGet(43)) - raft.server.sleep.deviation.threshold = 300 (default)
2019-11-07 14:43:29,354 [pool-68-thread-1] INFO  server.RaftServerConfigKeys (ConfUtils.java:logGet(43)) - raft.server.log.appender.install.snapshot.enabled = false (custom)
2019-11-07 14:43:29,354 [pool-68-thread-1] INFO  impl.RaftServerImpl (ServerState.java:<init>(103)) - 854624fe-2fd6-4aa1-977c-dc3f5aaee71c@group-7ECC028BF6BC: ConfigurationManager, init=-1: [854624fe-2fd6-4aa1-977c-dc3f5aaee71c:192.168.34.59:37247], old=null, confs=<EMPTY_MAP>
2019-11-07 14:43:29,354 [pool-68-thread-1] INFO  server.RaftServerConfigKeys (ConfUtils.java:logGet(43)) - raft.server.storage.dir = [/workdir/hadoop-ozone/ozonefs/target/test-dir/MiniOzoneClusterImpl-e0dbfaeb-01f5-418e-88ad-87e550fc10a5/datanode-4/data/ratis] (custom)
2019-11-07 14:43:29,354 [pool-68-thread-1] INFO  server.RaftServerConfigKeys (ConfUtils.java:logGet(43)) - raft.server.log.corruption.policy = EXCEPTION (default)
2019-11-07 14:43:29,354 [pool-68-thread-1] INFO  storage.RaftStorageDirectory (RaftStorageDirectory.java:analyzeStorage(246)) - The storage directory /workdir/hadoop-ozone/ozonefs/target/test-dir/MiniOzoneClusterImpl-e0dbfaeb-01f5-418e-88ad-87e550fc10a5/datanode-4/data/ratis/8d0b03db-c660-405c-869a-7ecc028bf6bc does not exist. Creating ...
2019-11-07 14:43:29,359 [pool-68-thread-1] INFO  storage.RaftStorageDirectory (RaftStorageDirectory.java:tryLock(328)) - Lock on /workdir/hadoop-ozone/ozonefs/target/test-dir/MiniOzoneClusterImpl-e0dbfaeb-01f5-418e-88ad-87e550fc10a5/datanode-4/data/ratis/8d0b03db-c660-405c-869a-7ecc028bf6bc/in_use.lock acquired by nodename 32603@pr-hdds-2329-pipelines-xb8hx-2504970213
2019-11-07 14:43:29,372 [pool-68-thread-1] INFO  storage.RaftStorage (RaftStorage.java:format(84)) - Storage directory /workdir/hadoop-ozone/ozonefs/target/test-dir/MiniOzoneClusterImpl-e0dbfaeb-01f5-418e-88ad-87e550fc10a5/datanode-4/data/ratis/8d0b03db-c660-405c-869a-7ecc028bf6bc has been successfully formatted.
2019-11-07 14:43:29,372 [pool-68-thread-1] INFO  ratis.ContainerStateMachine (ContainerStateMachine.java:loadSnapshot(231)) - group-7ECC028BF6BC: The snapshot info is null. Setting the last applied indexto:(t:0, i:~)
2019-11-07 14:43:29,372 [pool-68-thread-1] INFO  server.RaftServerConfigKeys (ConfUtils.java:logGet(43)) - raft.server.notification.no-leader.timeout = 120s (custom)
2019-11-07 14:43:29,373 [pool-68-thread-1] INFO  server.RaftServerConfigKeys (ConfUtils.java:logGet(43)) - raft.server.log.use.memory = false (default)
2019-11-07 14:43:29,373 [pool-68-thread-1] INFO  server.RaftServerConfigKeys (ConfUtils.java:logGet(43)) - raft.server.log.purge.gap = 1000000 (custom)
2019-11-07 14:43:29,373 [pool-68-thread-1] INFO  server.RaftServerConfigKeys (ConfUtils.java:logGet(43)) - raft.server.log.appender.buffer.byte-limit = 33554432 (custom)
2019-11-07 14:43:29,373 [pool-68-thread-1] INFO  server.RaftServerConfigKeys (ConfUtils.java:logGet(43)) - raft.server.log.segment.size.max = 1048576 (custom)
2019-11-07 14:43:29,373 [pool-68-thread-1] WARN  impl.MetricRegistriesImpl (MetricRegistriesImpl.java:lambda$create$1(61)) - First MetricRegistry has been created without registering reporters. You may need to call MetricRegistries.global().addReportRegistration(...) before.
2019-11-07 14:43:29,373 [pool-68-thread-1] INFO  server.RaftServerConfigKeys (ConfUtils.java:logGet(43)) - raft.server.log.segment.cache.num.max = 2 (custom)
2019-11-07 14:43:29,373 [pool-68-thread-1] INFO  segmented.SegmentedRaftLogWorker (SegmentedRaftLogWorker.java:<init>(173)) - new 854624fe-2fd6-4aa1-977c-dc3f5aaee71c@group-7ECC028BF6BC-SegmentedRaftLogWorker for RaftStorage:Storage Directory /workdir/hadoop-ozone/ozonefs/target/test-dir/MiniOzoneClusterImpl-e0dbfaeb-01f5-418e-88ad-87e550fc10a5/datanode-4/data/ratis/8d0b03db-c660-405c-869a-7ecc028bf6bc
2019-11-07 14:43:29,374 [pool-68-thread-1] INFO  server.RaftServerConfigKeys (ConfUtils.java:logGet(43)) - raft.server.log.queue.byte-limit = 2147483647 (custom)
2019-11-07 14:43:29,374 [pool-68-thread-1] INFO  server.RaftServerConfigKeys (ConfUtils.java:logGet(43)) - raft.server.log.queue.element-limit = 1024 (custom)
2019-11-07 14:43:29,374 [pool-68-thread-1] INFO  server.RaftServerConfigKeys (ConfUtils.java:logGet(43)) - raft.server.log.segment.size.max = 1048576 (custom)
2019-11-07 14:43:29,374 [pool-68-thread-1] INFO  server.RaftServerConfigKeys (ConfUtils.java:logGet(43)) - raft.server.log.preallocated.size = 16384 (custom)
2019-11-07 14:43:29,374 [pool-68-thread-1] INFO  server.RaftServerConfigKeys (ConfUtils.java:logGet(43)) - raft.server.log.write.buffer.size = 33554432 (custom)
2019-11-07 14:43:29,374 [pool-68-thread-1] INFO  server.RaftServerConfigKeys (ConfUtils.java:logGet(43)) - raft.server.log.force.sync.num = 128 (default)
2019-11-07 14:43:29,374 [pool-68-thread-1] INFO  server.RaftServerConfigKeys (ConfUtils.java:logGet(43)) - raft.server.log.statemachine.data.sync = true (default)
2019-11-07 14:43:29,375 [pool-68-thread-1] INFO  server.RaftServerConfigKeys (ConfUtils.java:logGet(43)) - raft.server.log.statemachine.data.sync.timeout = 10s (default)
2019-11-07 14:43:29,375 [pool-68-thread-1] INFO  server.RaftServerConfigKeys (ConfUtils.java:logGet(43)) - raft.server.log.statemachine.data.sync.timeout.retry = -1 (default)
2019-11-07 14:43:29,375 [pool-68-thread-1] INFO  server.RaftServerConfigKeys (ConfUtils.java:logGet(43)) - raft.server.log.statemachine.data.caching.enabled = true (custom)
2019-11-07 14:43:29,375 [pool-68-thread-1] INFO  segmented.SegmentedRaftLogWorker (SegmentedRaftLogWorker.java:lambda$new$0(128)) - 854624fe-2fd6-4aa1-977c-dc3f5aaee71c@group-7ECC028BF6BC-SegmentedRaftLogWorker: flushIndex: setUnconditionally 0 -> -1
2019-11-07 14:43:29,376 [pool-68-thread-1] INFO  server.RaftServerConfigKeys (ConfUtils.java:logGet(43)) - raft.server.snapshot.auto.trigger.enabled = true (custom)
2019-11-07 14:43:29,376 [pool-68-thread-1] INFO  server.RaftServerConfigKeys (ConfUtils.java:logGet(43)) - raft.server.snapshot.auto.trigger.threshold = 10000 (custom)
2019-11-07 14:43:29,376 [pool-68-thread-1] INFO  server.RaftServerConfigKeys (ConfUtils.java:logGet(43)) - raft.server.snapshot.retention.file.num = 5 (custom)
2019-11-07 14:43:29,376 [pool-68-thread-1] INFO  server.RaftServerConfigKeys (ConfUtils.java:logGet(43)) - raft.server.retrycache.expirytime = 600000ms (custom)
2019-11-07 14:43:29,376 [pool-68-thread-1] WARN  impl.MetricRegistriesImpl (MetricRegistriesImpl.java:lambda$create$1(61)) - First MetricRegistry has been created without registering reporters. You may need to call MetricRegistries.global().addReportRegistration(...) before.
2019-11-07 14:43:29,377 [pool-68-thread-1] WARN  impl.MetricRegistriesImpl (MetricRegistriesImpl.java:lambda$create$1(61)) - First MetricRegistry has been created without registering reporters. You may need to call MetricRegistries.global().addReportRegistration(...) before.
2019-11-07 14:43:29,377 [pool-68-thread-1] INFO  impl.RaftServerImpl (RaftServerImpl.java:start(184)) - 854624fe-2fd6-4aa1-977c-dc3f5aaee71c@group-7ECC028BF6BC: start as a follower, conf=-1: [854624fe-2fd6-4aa1-977c-dc3f5aaee71c:192.168.34.59:37247], old=null
2019-11-07 14:43:29,377 [pool-68-thread-1] INFO  impl.RaftServerImpl (RaftServerImpl.java:setRole(173)) - 854624fe-2fd6-4aa1-977c-dc3f5aaee71c@group-7ECC028BF6BC: changes role from      null to FOLLOWER at term 0 for startAsFollower
2019-11-07 14:43:29,377 [pool-68-thread-1] INFO  impl.RoleInfo (RoleInfo.java:updateAndGet(143)) - 854624fe-2fd6-4aa1-977c-dc3f5aaee71c: start FollowerState
2019-11-07 14:43:29,378 [pool-68-thread-1] INFO  util.JmxRegister (JmxRegister.java:tryRegister(44)) - Successfully registered JMX Bean with object name Ratis:service=RaftServer,group=group-7ECC028BF6BC,id=854624fe-2fd6-4aa1-977c-dc3f5aaee71c
2019-11-07 14:43:29,378 [pool-68-thread-1] WARN  impl.MetricRegistriesImpl (MetricRegistriesImpl.java:lambda$create$1(61)) - First MetricRegistry has been created without registering reporters. You may need to call MetricRegistries.global().addReportRegistration(...) before.
2019-11-07 14:43:29,387 [RatisPipelineUtilsThread] INFO  pipeline.PipelineStateManager (PipelineStateManager.java:addPipeline(56)) - Created pipeline Pipeline[ Id: 8d0b03db-c660-405c-869a-7ecc028bf6bc, Nodes: 854624fe-2fd6-4aa1-977c-dc3f5aaee71c{ip: 192.168.34.59, host: pr-hdds-2329-pipelines-xb8hx-2504970213, networkLocation: /default-rack, certSerialId: null}, Type:RATIS, Factor:ONE, State:OPEN]
2019-11-07 14:43:29,495 [Thread-209] INFO  impl.MetricsSystemImpl (MetricsSystemImpl.java:init(158)) - XceiverClientMetrics metrics system started (again)
2019-11-07 14:43:33,928 [Thread-216] INFO  impl.FollowerState (FollowerState.java:run(111)) - bdc51000-d74b-40c3-9891-08ea6b2226f6@group-9FD2CA2D7B77-FollowerState: change to CANDIDATE, lastRpcTime:5002ms, electionTimeout:5001ms
2019-11-07 14:43:33,930 [Thread-216] INFO  impl.RoleInfo (RoleInfo.java:shutdownFollowerState(121)) - bdc51000-d74b-40c3-9891-08ea6b2226f6: shutdown FollowerState
2019-11-07 14:43:33,930 [Thread-216] INFO  impl.RaftServerImpl (RaftServerImpl.java:setRole(173)) - bdc51000-d74b-40c3-9891-08ea6b2226f6@group-9FD2CA2D7B77: changes role from  FOLLOWER to CANDIDATE at term 0 for changeToCandidate
2019-11-07 14:43:33,935 [Thread-216] INFO  impl.RoleInfo (RoleInfo.java:updateAndGet(143)) - bdc51000-d74b-40c3-9891-08ea6b2226f6: start LeaderElection
2019-11-07 14:43:33,950 [bdc51000-d74b-40c3-9891-08ea6b2226f6@group-9FD2CA2D7B77-LeaderElection1] INFO  impl.LeaderElection (LeaderElection.java:askForVotes(178)) - bdc51000-d74b-40c3-9891-08ea6b2226f6@group-9FD2CA2D7B77-LeaderElection1: begin an election at term 1 for -1: [bdc51000-d74b-40c3-9891-08ea6b2226f6:192.168.34.59:38380], old=null
2019-11-07 14:43:33,951 [bdc51000-d74b-40c3-9891-08ea6b2226f6@group-9FD2CA2D7B77-LeaderElection1] INFO  impl.RoleInfo (RoleInfo.java:shutdownLeaderElection(134)) - bdc51000-d74b-40c3-9891-08ea6b2226f6: shutdown LeaderElection
2019-11-07 14:43:33,952 [bdc51000-d74b-40c3-9891-08ea6b2226f6@group-9FD2CA2D7B77-LeaderElection1] INFO  impl.RaftServerImpl (RaftServerImpl.java:setRole(173)) - bdc51000-d74b-40c3-9891-08ea6b2226f6@group-9FD2CA2D7B77: changes role from CANDIDATE to LEADER at term 1 for changeToLeader
2019-11-07 14:43:33,952 [bdc51000-d74b-40c3-9891-08ea6b2226f6@group-9FD2CA2D7B77-LeaderElection1] INFO  impl.RaftServerImpl (ServerState.java:setLeader(255)) - bdc51000-d74b-40c3-9891-08ea6b2226f6@group-9FD2CA2D7B77: change Leader from null to bdc51000-d74b-40c3-9891-08ea6b2226f6 at term 1 for becomeLeader, leader elected after 5370ms
2019-11-07 14:43:33,957 [bdc51000-d74b-40c3-9891-08ea6b2226f6@group-9FD2CA2D7B77-LeaderElection1] INFO  server.RaftServerConfigKeys (ConfUtils.java:logGet(43)) - raft.server.staging.catchup.gap = 1000 (default)
2019-11-07 14:43:33,957 [bdc51000-d74b-40c3-9891-08ea6b2226f6@group-9FD2CA2D7B77-LeaderElection1] INFO  server.RaftServerConfigKeys (ConfUtils.java:logGet(43)) - raft.server.rpc.sleep.time = 25ms (default)
2019-11-07 14:43:33,961 [bdc51000-d74b-40c3-9891-08ea6b2226f6@group-9FD2CA2D7B77-LeaderElection1] INFO  server.RaftServerConfigKeys (ConfUtils.java:logGet(43)) - raft.server.write.element-limit = 4096 (default)
2019-11-07 14:43:33,966 [bdc51000-d74b-40c3-9891-08ea6b2226f6@group-9FD2CA2D7B77-LeaderElection1] INFO  server.RaftServerConfigKeys (ConfUtils.java:logGet(43)) - raft.server.watch.timeout = 10s (default)
2019-11-07 14:43:33,966 [bdc51000-d74b-40c3-9891-08ea6b2226f6@group-9FD2CA2D7B77-LeaderElection1] INFO  server.RaftServerConfigKeys (ConfUtils.java:logGet(43)) - raft.server.watch.timeout.denomination = 1s (default)
2019-11-07 14:43:33,967 [bdc51000-d74b-40c3-9891-08ea6b2226f6@group-9FD2CA2D7B77-LeaderElection1] INFO  server.RaftServerConfigKeys (ConfUtils.java:logGet(43)) - raft.server.watch.element-limit = 65536 (default)
2019-11-07 14:43:33,973 [bdc51000-d74b-40c3-9891-08ea6b2226f6@group-9FD2CA2D7B77-LeaderElection1] INFO  impl.RoleInfo (RoleInfo.java:updateAndGet(143)) - bdc51000-d74b-40c3-9891-08ea6b2226f6: start LeaderState
2019-11-07 14:43:33,993 [bdc51000-d74b-40c3-9891-08ea6b2226f6@group-9FD2CA2D7B77-LeaderElection1] INFO  segmented.SegmentedRaftLogWorker (SegmentedRaftLogWorker.java:startLogSegment(385)) - bdc51000-d74b-40c3-9891-08ea6b2226f6@group-9FD2CA2D7B77-SegmentedRaftLogWorker: Starting segment from index:0
2019-11-07 14:43:34,001 [bdc51000-d74b-40c3-9891-08ea6b2226f6@group-9FD2CA2D7B77-LeaderElection1] INFO  impl.RaftServerImpl (ServerState.java:setRaftConf(356)) - bdc51000-d74b-40c3-9891-08ea6b2226f6@group-9FD2CA2D7B77: set configuration 0: [bdc51000-d74b-40c3-9891-08ea6b2226f6:192.168.34.59:38380], old=null at 0
2019-11-07 14:43:34,135 [bdc51000-d74b-40c3-9891-08ea6b2226f6@group-9FD2CA2D7B77-SegmentedRaftLogWorker] INFO  segmented.SegmentedRaftLogWorker (SegmentedRaftLogWorker.java:execute(576)) - bdc51000-d74b-40c3-9891-08ea6b2226f6@group-9FD2CA2D7B77-SegmentedRaftLogWorker: created new log segment /workdir/hadoop-ozone/ozonefs/target/test-dir/MiniOzoneClusterImpl-e0dbfaeb-01f5-418e-88ad-87e550fc10a5/datanode-0/data/ratis/f4ef28f4-b109-42dc-ba9b-9fd2ca2d7b77/current/log_inprogress_0
2019-11-07 14:43:34,153 [Thread-220] INFO  impl.FollowerState (FollowerState.java:run(111)) - 00bc3fff-080b-4229-97f0-c620c25a950b@group-A4BC7BA8D507-FollowerState: change to CANDIDATE, lastRpcTime:5089ms, electionTimeout:5089ms
2019-11-07 14:43:34,156 [Thread-220] INFO  impl.RoleInfo (RoleInfo.java:shutdownFollowerState(121)) - 00bc3fff-080b-4229-97f0-c620c25a950b: shutdown FollowerState
2019-11-07 14:43:34,156 [Thread-220] INFO  impl.RaftServerImpl (RaftServerImpl.java:setRole(173)) - 00bc3fff-080b-4229-97f0-c620c25a950b@group-A4BC7BA8D507: changes role from  FOLLOWER to CANDIDATE at term 0 for changeToCandidate
2019-11-07 14:43:34,157 [Thread-220] INFO  impl.RoleInfo (RoleInfo.java:updateAndGet(143)) - 00bc3fff-080b-4229-97f0-c620c25a950b: start LeaderElection
2019-11-07 14:43:34,169 [00bc3fff-080b-4229-97f0-c620c25a950b@group-A4BC7BA8D507-LeaderElection2] INFO  impl.LeaderElection (LeaderElection.java:askForVotes(178)) - 00bc3fff-080b-4229-97f0-c620c25a950b@group-A4BC7BA8D507-LeaderElection2: begin an election at term 1 for -1: [cffeb7e5-539e-40ed-a33a-26ca59c7db39:192.168.34.59:34915, 00bc3fff-080b-4229-97f0-c620c25a950b:192.168.34.59:43864, bdc51000-d74b-40c3-9891-08ea6b2226f6:192.168.34.59:38380], old=null
2019-11-07 14:43:34,172 [Thread-225] INFO  impl.FollowerState (FollowerState.java:run(111)) - bdc51000-d74b-40c3-9891-08ea6b2226f6@group-A4BC7BA8D507-FollowerState: change to CANDIDATE, lastRpcTime:5096ms, electionTimeout:5094ms
2019-11-07 14:43:34,172 [Thread-225] INFO  impl.RoleInfo (RoleInfo.java:shutdownFollowerState(121)) - bdc51000-d74b-40c3-9891-08ea6b2226f6: shutdown FollowerState
2019-11-07 14:43:34,172 [Thread-225] INFO  impl.RaftServerImpl (RaftServerImpl.java:setRole(173)) - bdc51000-d74b-40c3-9891-08ea6b2226f6@group-A4BC7BA8D507: changes role from  FOLLOWER to CANDIDATE at term 0 for changeToCandidate
2019-11-07 14:43:34,172 [Thread-225] INFO  impl.RoleInfo (RoleInfo.java:updateAndGet(143)) - bdc51000-d74b-40c3-9891-08ea6b2226f6: start LeaderElection
2019-11-07 14:43:34,181 [Thread-224] INFO  impl.FollowerState (FollowerState.java:run(111)) - cffeb7e5-539e-40ed-a33a-26ca59c7db39@group-A4BC7BA8D507-FollowerState: change to CANDIDATE, lastRpcTime:5106ms, electionTimeout:5105ms
2019-11-07 14:43:34,181 [Thread-224] INFO  impl.RoleInfo (RoleInfo.java:shutdownFollowerState(121)) - cffeb7e5-539e-40ed-a33a-26ca59c7db39: shutdown FollowerState
2019-11-07 14:43:34,181 [Thread-224] INFO  impl.RaftServerImpl (RaftServerImpl.java:setRole(173)) - cffeb7e5-539e-40ed-a33a-26ca59c7db39@group-A4BC7BA8D507: changes role from  FOLLOWER to CANDIDATE at term 0 for changeToCandidate
2019-11-07 14:43:34,182 [Thread-224] INFO  impl.RoleInfo (RoleInfo.java:updateAndGet(143)) - cffeb7e5-539e-40ed-a33a-26ca59c7db39: start LeaderElection
2019-11-07 14:43:34,190 [Thread-229] INFO  impl.FollowerState (FollowerState.java:run(111)) - 00bc3fff-080b-4229-97f0-c620c25a950b@group-55DC944EF175-FollowerState: change to CANDIDATE, lastRpcTime:5026ms, electionTimeout:5020ms
2019-11-07 14:43:34,191 [bdc51000-d74b-40c3-9891-08ea6b2226f6@group-A4BC7BA8D507-LeaderElection3] INFO  impl.LeaderElection (LeaderElection.java:askForVotes(178)) - bdc51000-d74b-40c3-9891-08ea6b2226f6@group-A4BC7BA8D507-LeaderElection3: begin an election at term 1 for -1: [cffeb7e5-539e-40ed-a33a-26ca59c7db39:192.168.34.59:34915, 00bc3fff-080b-4229-97f0-c620c25a950b:192.168.34.59:43864, bdc51000-d74b-40c3-9891-08ea6b2226f6:192.168.34.59:38380], old=null
2019-11-07 14:43:34,192 [Thread-229] INFO  impl.RoleInfo (RoleInfo.java:shutdownFollowerState(121)) - 00bc3fff-080b-4229-97f0-c620c25a950b: shutdown FollowerState
2019-11-07 14:43:34,193 [Thread-229] INFO  impl.RaftServerImpl (RaftServerImpl.java:setRole(173)) - 00bc3fff-080b-4229-97f0-c620c25a950b@group-55DC944EF175: changes role from  FOLLOWER to CANDIDATE at term 0 for changeToCandidate
2019-11-07 14:43:34,193 [Thread-229] INFO  impl.RoleInfo (RoleInfo.java:updateAndGet(143)) - 00bc3fff-080b-4229-97f0-c620c25a950b: start LeaderElection
2019-11-07 14:43:34,204 [00bc3fff-080b-4229-97f0-c620c25a950b@group-55DC944EF175-LeaderElection5] INFO  impl.LeaderElection (LeaderElection.java:askForVotes(178)) - 00bc3fff-080b-4229-97f0-c620c25a950b@group-55DC944EF175-LeaderElection5: begin an election at term 1 for -1: [00bc3fff-080b-4229-97f0-c620c25a950b:192.168.34.59:43864], old=null
2019-11-07 14:43:34,204 [cffeb7e5-539e-40ed-a33a-26ca59c7db39@group-A4BC7BA8D507-LeaderElection4] INFO  impl.LeaderElection (LeaderElection.java:askForVotes(178)) - cffeb7e5-539e-40ed-a33a-26ca59c7db39@group-A4BC7BA8D507-LeaderElection4: begin an election at term 1 for -1: [cffeb7e5-539e-40ed-a33a-26ca59c7db39:192.168.34.59:34915, 00bc3fff-080b-4229-97f0-c620c25a950b:192.168.34.59:43864, bdc51000-d74b-40c3-9891-08ea6b2226f6:192.168.34.59:38380], old=null
2019-11-07 14:43:34,204 [00bc3fff-080b-4229-97f0-c620c25a950b@group-55DC944EF175-LeaderElection5] INFO  impl.RoleInfo (RoleInfo.java:shutdownLeaderElection(134)) - 00bc3fff-080b-4229-97f0-c620c25a950b: shutdown LeaderElection
2019-11-07 14:43:34,205 [00bc3fff-080b-4229-97f0-c620c25a950b@group-55DC944EF175-LeaderElection5] INFO  impl.RaftServerImpl (RaftServerImpl.java:setRole(173)) - 00bc3fff-080b-4229-97f0-c620c25a950b@group-55DC944EF175: changes role from CANDIDATE to LEADER at term 1 for changeToLeader
2019-11-07 14:43:34,205 [00bc3fff-080b-4229-97f0-c620c25a950b@group-55DC944EF175-LeaderElection5] INFO  impl.RaftServerImpl (ServerState.java:setLeader(255)) - 00bc3fff-080b-4229-97f0-c620c25a950b@group-55DC944EF175: change Leader from null to 00bc3fff-080b-4229-97f0-c620c25a950b at term 1 for becomeLeader, leader elected after 5045ms
2019-11-07 14:43:34,205 [00bc3fff-080b-4229-97f0-c620c25a950b@group-55DC944EF175-LeaderElection5] INFO  server.RaftServerConfigKeys (ConfUtils.java:logGet(43)) - raft.server.staging.catchup.gap = 1000 (default)
2019-11-07 14:43:34,206 [00bc3fff-080b-4229-97f0-c620c25a950b@group-55DC944EF175-LeaderElection5] INFO  server.RaftServerConfigKeys (ConfUtils.java:logGet(43)) - raft.server.rpc.sleep.time = 25ms (default)
2019-11-07 14:43:34,206 [00bc3fff-080b-4229-97f0-c620c25a950b@group-55DC944EF175-LeaderElection5] INFO  server.RaftServerConfigKeys (ConfUtils.java:logGet(43)) - raft.server.write.element-limit = 4096 (default)
2019-11-07 14:43:34,206 [00bc3fff-080b-4229-97f0-c620c25a950b@group-55DC944EF175-LeaderElection5] INFO  server.RaftServerConfigKeys (ConfUtils.java:logGet(43)) - raft.server.watch.timeout = 10s (default)
2019-11-07 14:43:34,206 [00bc3fff-080b-4229-97f0-c620c25a950b@group-55DC944EF175-LeaderElection5] INFO  server.RaftServerConfigKeys (ConfUtils.java:logGet(43)) - raft.server.watch.timeout.denomination = 1s (default)
2019-11-07 14:43:34,206 [00bc3fff-080b-4229-97f0-c620c25a950b@group-55DC944EF175-LeaderElection5] INFO  server.RaftServerConfigKeys (ConfUtils.java:logGet(43)) - raft.server.watch.element-limit = 65536 (default)
2019-11-07 14:43:34,207 [00bc3fff-080b-4229-97f0-c620c25a950b@group-55DC944EF175-LeaderElection5] INFO  impl.RoleInfo (RoleInfo.java:updateAndGet(143)) - 00bc3fff-080b-4229-97f0-c620c25a950b: start LeaderState
2019-11-07 14:43:34,213 [00bc3fff-080b-4229-97f0-c620c25a950b@group-55DC944EF175-LeaderElection5] INFO  segmented.SegmentedRaftLogWorker (SegmentedRaftLogWorker.java:startLogSegment(385)) - 00bc3fff-080b-4229-97f0-c620c25a950b@group-55DC944EF175-SegmentedRaftLogWorker: Starting segment from index:0
2019-11-07 14:43:34,239 [00bc3fff-080b-4229-97f0-c620c25a950b@group-55DC944EF175-LeaderElection5] INFO  impl.RaftServerImpl (ServerState.java:setRaftConf(356)) - 00bc3fff-080b-4229-97f0-c620c25a950b@group-55DC944EF175: set configuration 0: [00bc3fff-080b-4229-97f0-c620c25a950b:192.168.34.59:43864], old=null at 0
2019-11-07 14:43:34,246 [bdc51000-d74b-40c3-9891-08ea6b2226f6@group-A4BC7BA8D507-LeaderElection3] INFO  impl.LeaderElection (LeaderElection.java:logAndReturn(56)) - bdc51000-d74b-40c3-9891-08ea6b2226f6@group-A4BC7BA8D507-LeaderElection3: Election REJECTED; received 2 response(s) [bdc51000-d74b-40c3-9891-08ea6b2226f6<-cffeb7e5-539e-40ed-a33a-26ca59c7db39#0:FAIL-t1, bdc51000-d74b-40c3-9891-08ea6b2226f6<-00bc3fff-080b-4229-97f0-c620c25a950b#0:FAIL-t1] and 0 exception(s); bdc51000-d74b-40c3-9891-08ea6b2226f6@group-A4BC7BA8D507:t1, leader=null, voted=bdc51000-d74b-40c3-9891-08ea6b2226f6, raftlog=bdc51000-d74b-40c3-9891-08ea6b2226f6@group-A4BC7BA8D507-SegmentedRaftLog:OPENED:c-1,f-1,i0, conf=-1: [cffeb7e5-539e-40ed-a33a-26ca59c7db39:192.168.34.59:34915, 00bc3fff-080b-4229-97f0-c620c25a950b:192.168.34.59:43864, bdc51000-d74b-40c3-9891-08ea6b2226f6:192.168.34.59:38380], old=null
2019-11-07 14:43:34,247 [00bc3fff-080b-4229-97f0-c620c25a950b@group-A4BC7BA8D507-LeaderElection2] INFO  impl.LeaderElection (LeaderElection.java:logAndReturn(56)) - 00bc3fff-080b-4229-97f0-c620c25a950b@group-A4BC7BA8D507-LeaderElection2: Election REJECTED; received 2 response(s) [00bc3fff-080b-4229-97f0-c620c25a950b<-cffeb7e5-539e-40ed-a33a-26ca59c7db39#0:FAIL-t1, 00bc3fff-080b-4229-97f0-c620c25a950b<-bdc51000-d74b-40c3-9891-08ea6b2226f6#0:FAIL-t1] and 0 exception(s); 00bc3fff-080b-4229-97f0-c620c25a950b@group-A4BC7BA8D507:t1, leader=null, voted=00bc3fff-080b-4229-97f0-c620c25a950b, raftlog=00bc3fff-080b-4229-97f0-c620c25a950b@group-A4BC7BA8D507-SegmentedRaftLog:OPENED:c-1,f-1,i0, conf=-1: [cffeb7e5-539e-40ed-a33a-26ca59c7db39:192.168.34.59:34915, 00bc3fff-080b-4229-97f0-c620c25a950b:192.168.34.59:43864, bdc51000-d74b-40c3-9891-08ea6b2226f6:192.168.34.59:38380], old=null
2019-11-07 14:43:34,248 [bdc51000-d74b-40c3-9891-08ea6b2226f6@group-A4BC7BA8D507-LeaderElection3] INFO  impl.RaftServerImpl (RaftServerImpl.java:setRole(173)) - bdc51000-d74b-40c3-9891-08ea6b2226f6@group-A4BC7BA8D507: changes role from CANDIDATE to FOLLOWER at term 1 for DISCOVERED_A_NEW_TERM
2019-11-07 14:43:34,249 [bdc51000-d74b-40c3-9891-08ea6b2226f6@group-A4BC7BA8D507-LeaderElection3] INFO  impl.RoleInfo (RoleInfo.java:shutdownLeaderElection(134)) - bdc51000-d74b-40c3-9891-08ea6b2226f6: shutdown LeaderElection
2019-11-07 14:43:34,249 [00bc3fff-080b-4229-97f0-c620c25a950b@group-A4BC7BA8D507-LeaderElection2] INFO  impl.RaftServerImpl (RaftServerImpl.java:setRole(173)) - 00bc3fff-080b-4229-97f0-c620c25a950b@group-A4BC7BA8D507: changes role from CANDIDATE to FOLLOWER at term 1 for DISCOVERED_A_NEW_TERM
2019-11-07 14:43:34,251 [bdc51000-d74b-40c3-9891-08ea6b2226f6@group-A4BC7BA8D507-LeaderElection3] INFO  impl.RoleInfo (RoleInfo.java:updateAndGet(143)) - bdc51000-d74b-40c3-9891-08ea6b2226f6: start FollowerState
2019-11-07 14:43:34,253 [00bc3fff-080b-4229-97f0-c620c25a950b@group-A4BC7BA8D507-LeaderElection2] INFO  impl.RoleInfo (RoleInfo.java:shutdownLeaderElection(134)) - 00bc3fff-080b-4229-97f0-c620c25a950b: shutdown LeaderElection
2019-11-07 14:43:34,253 [Thread-232] INFO  impl.FollowerState (FollowerState.java:run(111)) - bdc51000-d74b-40c3-9891-08ea6b2226f6@group-468BBF69F465-FollowerState: change to CANDIDATE, lastRpcTime:5035ms, electionTimeout:5035ms
2019-11-07 14:43:34,254 [Thread-232] INFO  impl.RoleInfo (RoleInfo.java:shutdownFollowerState(121)) - bdc51000-d74b-40c3-9891-08ea6b2226f6: shutdown FollowerState
2019-11-07 14:43:34,257 [Thread-232] INFO  impl.RaftServerImpl (RaftServerImpl.java:setRole(173)) - bdc51000-d74b-40c3-9891-08ea6b2226f6@group-468BBF69F465: changes role from  FOLLOWER to CANDIDATE at term 0 for changeToCandidate
2019-11-07 14:43:34,254 [00bc3fff-080b-4229-97f0-c620c25a950b@group-A4BC7BA8D507-LeaderElection2] INFO  impl.RoleInfo (RoleInfo.java:updateAndGet(143)) - 00bc3fff-080b-4229-97f0-c620c25a950b: start FollowerState
2019-11-07 14:43:34,258 [Thread-232] INFO  impl.RoleInfo (RoleInfo.java:updateAndGet(143)) - bdc51000-d74b-40c3-9891-08ea6b2226f6: start LeaderElection
2019-11-07 14:43:34,263 [00bc3fff-080b-4229-97f0-c620c25a950b@group-55DC944EF175-SegmentedRaftLogWorker] INFO  segmented.SegmentedRaftLogWorker (SegmentedRaftLogWorker.java:execute(576)) - 00bc3fff-080b-4229-97f0-c620c25a950b@group-55DC944EF175-SegmentedRaftLogWorker: created new log segment /workdir/hadoop-ozone/ozonefs/target/test-dir/MiniOzoneClusterImpl-e0dbfaeb-01f5-418e-88ad-87e550fc10a5/datanode-1/data/ratis/9d0f1195-96bb-45e2-afee-55dc944ef175/current/log_inprogress_0
2019-11-07 14:43:34,285 [cffeb7e5-539e-40ed-a33a-26ca59c7db39@group-A4BC7BA8D507-LeaderElection4] INFO  impl.LeaderElection (LeaderElection.java:logAndReturn(56)) - cffeb7e5-539e-40ed-a33a-26ca59c7db39@group-A4BC7BA8D507-LeaderElection4: Election REJECTED; received 2 response(s) [cffeb7e5-539e-40ed-a33a-26ca59c7db39<-00bc3fff-080b-4229-97f0-c620c25a950b#0:FAIL-t1, cffeb7e5-539e-40ed-a33a-26ca59c7db39<-bdc51000-d74b-40c3-9891-08ea6b2226f6#0:FAIL-t1] and 0 exception(s); cffeb7e5-539e-40ed-a33a-26ca59c7db39@group-A4BC7BA8D507:t1, leader=null, voted=cffeb7e5-539e-40ed-a33a-26ca59c7db39, raftlog=cffeb7e5-539e-40ed-a33a-26ca59c7db39@group-A4BC7BA8D507-SegmentedRaftLog:OPENED:c-1,f-1,i0, conf=-1: [cffeb7e5-539e-40ed-a33a-26ca59c7db39:192.168.34.59:34915, 00bc3fff-080b-4229-97f0-c620c25a950b:192.168.34.59:43864, bdc51000-d74b-40c3-9891-08ea6b2226f6:192.168.34.59:38380], old=null
2019-11-07 14:43:34,286 [cffeb7e5-539e-40ed-a33a-26ca59c7db39@group-A4BC7BA8D507-LeaderElection4] INFO  impl.RaftServerImpl (RaftServerImpl.java:setRole(173)) - cffeb7e5-539e-40ed-a33a-26ca59c7db39@group-A4BC7BA8D507: changes role from CANDIDATE to FOLLOWER at term 1 for DISCOVERED_A_NEW_TERM
2019-11-07 14:43:34,286 [cffeb7e5-539e-40ed-a33a-26ca59c7db39@group-A4BC7BA8D507-LeaderElection4] INFO  impl.RoleInfo (RoleInfo.java:shutdownLeaderElection(134)) - cffeb7e5-539e-40ed-a33a-26ca59c7db39: shutdown LeaderElection
2019-11-07 14:43:34,287 [cffeb7e5-539e-40ed-a33a-26ca59c7db39@group-A4BC7BA8D507-LeaderElection4] INFO  impl.RoleInfo (RoleInfo.java:updateAndGet(143)) - cffeb7e5-539e-40ed-a33a-26ca59c7db39: start FollowerState
2019-11-07 14:43:34,313 [bdc51000-d74b-40c3-9891-08ea6b2226f6@group-468BBF69F465-LeaderElection6] INFO  impl.LeaderElection (LeaderElection.java:askForVotes(178)) - bdc51000-d74b-40c3-9891-08ea6b2226f6@group-468BBF69F465-LeaderElection6: begin an election at term 1 for -1: [bdc51000-d74b-40c3-9891-08ea6b2226f6:192.168.34.59:38380], old=null
2019-11-07 14:43:34,314 [bdc51000-d74b-40c3-9891-08ea6b2226f6@group-468BBF69F465-LeaderElection6] INFO  impl.RoleInfo (RoleInfo.java:shutdownLeaderElection(134)) - bdc51000-d74b-40c3-9891-08ea6b2226f6: shutdown LeaderElection
2019-11-07 14:43:34,314 [bdc51000-d74b-40c3-9891-08ea6b2226f6@group-468BBF69F465-LeaderElection6] INFO  impl.RaftServerImpl (RaftServerImpl.java:setRole(173)) - bdc51000-d74b-40c3-9891-08ea6b2226f6@group-468BBF69F465: changes role from CANDIDATE to LEADER at term 1 for changeToLeader
2019-11-07 14:43:34,314 [bdc51000-d74b-40c3-9891-08ea6b2226f6@group-468BBF69F465-LeaderElection6] INFO  impl.RaftServerImpl (ServerState.java:setLeader(255)) - bdc51000-d74b-40c3-9891-08ea6b2226f6@group-468BBF69F465: change Leader from null to bdc51000-d74b-40c3-9891-08ea6b2226f6 at term 1 for becomeLeader, leader elected after 5100ms
2019-11-07 14:43:34,314 [bdc51000-d74b-40c3-9891-08ea6b2226f6@group-468BBF69F465-LeaderElection6] INFO  server.RaftServerConfigKeys (ConfUtils.java:logGet(43)) - raft.server.staging.catchup.gap = 1000 (default)
2019-11-07 14:43:34,315 [bdc51000-d74b-40c3-9891-08ea6b2226f6@group-468BBF69F465-LeaderElection6] INFO  server.RaftServerConfigKeys (ConfUtils.java:logGet(43)) - raft.server.rpc.sleep.time = 25ms (default)
2019-11-07 14:43:34,315 [bdc51000-d74b-40c3-9891-08ea6b2226f6@group-468BBF69F465-LeaderElection6] INFO  server.RaftServerConfigKeys (ConfUtils.java:logGet(43)) - raft.server.write.element-limit = 4096 (default)
2019-11-07 14:43:34,315 [bdc51000-d74b-40c3-9891-08ea6b2226f6@group-468BBF69F465-LeaderElection6] INFO  server.RaftServerConfigKeys (ConfUtils.java:logGet(43)) - raft.server.watch.timeout = 10s (default)
2019-11-07 14:43:34,315 [bdc51000-d74b-40c3-9891-08ea6b2226f6@group-468BBF69F465-LeaderElection6] INFO  server.RaftServerConfigKeys (ConfUtils.java:logGet(43)) - raft.server.watch.timeout.denomination = 1s (default)
2019-11-07 14:43:34,315 [bdc51000-d74b-40c3-9891-08ea6b2226f6@group-468BBF69F465-LeaderElection6] INFO  server.RaftServerConfigKeys (ConfUtils.java:logGet(43)) - raft.server.watch.element-limit = 65536 (default)
2019-11-07 14:43:34,315 [bdc51000-d74b-40c3-9891-08ea6b2226f6@group-468BBF69F465-LeaderElection6] INFO  impl.RoleInfo (RoleInfo.java:updateAndGet(143)) - bdc51000-d74b-40c3-9891-08ea6b2226f6: start LeaderState
2019-11-07 14:43:34,315 [bdc51000-d74b-40c3-9891-08ea6b2226f6@group-468BBF69F465-LeaderElection6] INFO  segmented.SegmentedRaftLogWorker (SegmentedRaftLogWorker.java:startLogSegment(385)) - bdc51000-d74b-40c3-9891-08ea6b2226f6@group-468BBF69F465-SegmentedRaftLogWorker: Starting segment from index:0
2019-11-07 14:43:34,316 [bdc51000-d74b-40c3-9891-08ea6b2226f6@group-468BBF69F465-LeaderElection6] INFO  impl.RaftServerImpl (ServerState.java:setRaftConf(356)) - bdc51000-d74b-40c3-9891-08ea6b2226f6@group-468BBF69F465: set configuration 0: [bdc51000-d74b-40c3-9891-08ea6b2226f6:192.168.34.59:38380], old=null at 0
2019-11-07 14:43:34,344 [bdc51000-d74b-40c3-9891-08ea6b2226f6@group-468BBF69F465-SegmentedRaftLogWorker] INFO  segmented.SegmentedRaftLogWorker (SegmentedRaftLogWorker.java:execute(576)) - bdc51000-d74b-40c3-9891-08ea6b2226f6@group-468BBF69F465-SegmentedRaftLogWorker: created new log segment /workdir/hadoop-ozone/ozonefs/target/test-dir/MiniOzoneClusterImpl-e0dbfaeb-01f5-418e-88ad-87e550fc10a5/datanode-0/data/ratis/f8a6bbae-002d-41ba-af36-468bbf69f465/current/log_inprogress_0
2019-11-07 14:43:34,363 [Thread-235] INFO  impl.FollowerState (FollowerState.java:run(111)) - cffeb7e5-539e-40ed-a33a-26ca59c7db39@group-D97360935E73-FollowerState: change to CANDIDATE, lastRpcTime:5089ms, electionTimeout:5089ms
2019-11-07 14:43:34,364 [Thread-235] INFO  impl.RoleInfo (RoleInfo.java:shutdownFollowerState(121)) - cffeb7e5-539e-40ed-a33a-26ca59c7db39: shutdown FollowerState
2019-11-07 14:43:34,364 [Thread-235] INFO  impl.RaftServerImpl (RaftServerImpl.java:setRole(173)) - cffeb7e5-539e-40ed-a33a-26ca59c7db39@group-D97360935E73: changes role from  FOLLOWER to CANDIDATE at term 0 for changeToCandidate
2019-11-07 14:43:34,364 [Thread-235] INFO  impl.RoleInfo (RoleInfo.java:updateAndGet(143)) - cffeb7e5-539e-40ed-a33a-26ca59c7db39: start LeaderElection
2019-11-07 14:43:34,378 [cffeb7e5-539e-40ed-a33a-26ca59c7db39@group-D97360935E73-LeaderElection7] INFO  impl.LeaderElection (LeaderElection.java:askForVotes(178)) - cffeb7e5-539e-40ed-a33a-26ca59c7db39@group-D97360935E73-LeaderElection7: begin an election at term 1 for -1: [cffeb7e5-539e-40ed-a33a-26ca59c7db39:192.168.34.59:34915], old=null
2019-11-07 14:43:34,378 [cffeb7e5-539e-40ed-a33a-26ca59c7db39@group-D97360935E73-LeaderElection7] INFO  impl.RoleInfo (RoleInfo.java:shutdownLeaderElection(134)) - cffeb7e5-539e-40ed-a33a-26ca59c7db39: shutdown LeaderElection
2019-11-07 14:43:34,378 [cffeb7e5-539e-40ed-a33a-26ca59c7db39@group-D97360935E73-LeaderElection7] INFO  impl.RaftServerImpl (RaftServerImpl.java:setRole(173)) - cffeb7e5-539e-40ed-a33a-26ca59c7db39@group-D97360935E73: changes role from CANDIDATE to LEADER at term 1 for changeToLeader
2019-11-07 14:43:34,378 [cffeb7e5-539e-40ed-a33a-26ca59c7db39@group-D97360935E73-LeaderElection7] INFO  impl.RaftServerImpl (ServerState.java:setLeader(255)) - cffeb7e5-539e-40ed-a33a-26ca59c7db39@group-D97360935E73: change Leader from null to cffeb7e5-539e-40ed-a33a-26ca59c7db39 at term 1 for becomeLeader, leader elected after 5109ms
2019-11-07 14:43:34,379 [cffeb7e5-539e-40ed-a33a-26ca59c7db39@group-D97360935E73-LeaderElection7] INFO  server.RaftServerConfigKeys (ConfUtils.java:logGet(43)) - raft.server.staging.catchup.gap = 1000 (default)
2019-11-07 14:43:34,379 [cffeb7e5-539e-40ed-a33a-26ca59c7db39@group-D97360935E73-LeaderElection7] INFO  server.RaftServerConfigKeys (ConfUtils.java:logGet(43)) - raft.server.rpc.sleep.time = 25ms (default)
2019-11-07 14:43:34,379 [cffeb7e5-539e-40ed-a33a-26ca59c7db39@group-D97360935E73-LeaderElection7] INFO  server.RaftServerConfigKeys (ConfUtils.java:logGet(43)) - raft.server.write.element-limit = 4096 (default)
2019-11-07 14:43:34,379 [cffeb7e5-539e-40ed-a33a-26ca59c7db39@group-D97360935E73-LeaderElection7] INFO  server.RaftServerConfigKeys (ConfUtils.java:logGet(43)) - raft.server.watch.timeout = 10s (default)
2019-11-07 14:43:34,379 [cffeb7e5-539e-40ed-a33a-26ca59c7db39@group-D97360935E73-LeaderElection7] INFO  server.RaftServerConfigKeys (ConfUtils.java:logGet(43)) - raft.server.watch.timeout.denomination = 1s (default)
2019-11-07 14:43:34,379 [cffeb7e5-539e-40ed-a33a-26ca59c7db39@group-D97360935E73-LeaderElection7] INFO  server.RaftServerConfigKeys (ConfUtils.java:logGet(43)) - raft.server.watch.element-limit = 65536 (default)
2019-11-07 14:43:34,380 [cffeb7e5-539e-40ed-a33a-26ca59c7db39@group-D97360935E73-LeaderElection7] INFO  impl.RoleInfo (RoleInfo.java:updateAndGet(143)) - cffeb7e5-539e-40ed-a33a-26ca59c7db39: start LeaderState
2019-11-07 14:43:34,380 [cffeb7e5-539e-40ed-a33a-26ca59c7db39@group-D97360935E73-LeaderElection7] INFO  segmented.SegmentedRaftLogWorker (SegmentedRaftLogWorker.java:startLogSegment(385)) - cffeb7e5-539e-40ed-a33a-26ca59c7db39@group-D97360935E73-SegmentedRaftLogWorker: Starting segment from index:0
2019-11-07 14:43:34,380 [cffeb7e5-539e-40ed-a33a-26ca59c7db39@group-D97360935E73-LeaderElection7] INFO  impl.RaftServerImpl (ServerState.java:setRaftConf(356)) - cffeb7e5-539e-40ed-a33a-26ca59c7db39@group-D97360935E73: set configuration 0: [cffeb7e5-539e-40ed-a33a-26ca59c7db39:192.168.34.59:34915], old=null at 0
2019-11-07 14:43:34,406 [cffeb7e5-539e-40ed-a33a-26ca59c7db39@group-D97360935E73-SegmentedRaftLogWorker] INFO  segmented.SegmentedRaftLogWorker (SegmentedRaftLogWorker.java:execute(576)) - cffeb7e5-539e-40ed-a33a-26ca59c7db39@group-D97360935E73-SegmentedRaftLogWorker: created new log segment /workdir/hadoop-ozone/ozonefs/target/test-dir/MiniOzoneClusterImpl-e0dbfaeb-01f5-418e-88ad-87e550fc10a5/datanode-3/data/ratis/edb57ab3-8b49-46c8-b6b9-d97360935e73/current/log_inprogress_0
2019-11-07 14:43:34,432 [Thread-239] INFO  impl.FollowerState (FollowerState.java:run(111)) - 5d15a714-d6b2-4ad2-b05e-4f274c753be7@group-8CFFEAE2C265-FollowerState: change to CANDIDATE, lastRpcTime:5107ms, electionTimeout:5107ms
2019-11-07 14:43:34,432 [Thread-239] INFO  impl.RoleInfo (RoleInfo.java:shutdownFollowerState(121)) - 5d15a714-d6b2-4ad2-b05e-4f274c753be7: shutdown FollowerState
2019-11-07 14:43:34,432 [Thread-239] INFO  impl.RaftServerImpl (RaftServerImpl.java:setRole(173)) - 5d15a714-d6b2-4ad2-b05e-4f274c753be7@group-8CFFEAE2C265: changes role from  FOLLOWER to CANDIDATE at term 0 for changeToCandidate
2019-11-07 14:43:34,432 [Thread-239] INFO  impl.RoleInfo (RoleInfo.java:updateAndGet(143)) - 5d15a714-d6b2-4ad2-b05e-4f274c753be7: start LeaderElection
2019-11-07 14:43:34,440 [5d15a714-d6b2-4ad2-b05e-4f274c753be7@group-8CFFEAE2C265-LeaderElection8] INFO  impl.LeaderElection (LeaderElection.java:askForVotes(178)) - 5d15a714-d6b2-4ad2-b05e-4f274c753be7@group-8CFFEAE2C265-LeaderElection8: begin an election at term 1 for -1: [5d15a714-d6b2-4ad2-b05e-4f274c753be7:192.168.34.59:43914], old=null
2019-11-07 14:43:34,440 [5d15a714-d6b2-4ad2-b05e-4f274c753be7@group-8CFFEAE2C265-LeaderElection8] INFO  impl.RoleInfo (RoleInfo.java:shutdownLeaderElection(134)) - 5d15a714-d6b2-4ad2-b05e-4f274c753be7: shutdown LeaderElection
2019-11-07 14:43:34,440 [5d15a714-d6b2-4ad2-b05e-4f274c753be7@group-8CFFEAE2C265-LeaderElection8] INFO  impl.RaftServerImpl (RaftServerImpl.java:setRole(173)) - 5d15a714-d6b2-4ad2-b05e-4f274c753be7@group-8CFFEAE2C265: changes role from CANDIDATE to LEADER at term 1 for changeToLeader
2019-11-07 14:43:34,440 [5d15a714-d6b2-4ad2-b05e-4f274c753be7@group-8CFFEAE2C265-LeaderElection8] INFO  impl.RaftServerImpl (ServerState.java:setLeader(255)) - 5d15a714-d6b2-4ad2-b05e-4f274c753be7@group-8CFFEAE2C265: change Leader from null to 5d15a714-d6b2-4ad2-b05e-4f274c753be7 at term 1 for becomeLeader, leader elected after 5121ms
2019-11-07 14:43:34,441 [5d15a714-d6b2-4ad2-b05e-4f274c753be7@group-8CFFEAE2C265-LeaderElection8] INFO  server.RaftServerConfigKeys (ConfUtils.java:logGet(43)) - raft.server.staging.catchup.gap = 1000 (default)
2019-11-07 14:43:34,442 [5d15a714-d6b2-4ad2-b05e-4f274c753be7@group-8CFFEAE2C265-LeaderElection8] INFO  server.RaftServerConfigKeys (ConfUtils.java:logGet(43)) - raft.server.rpc.sleep.time = 25ms (default)
2019-11-07 14:43:34,442 [5d15a714-d6b2-4ad2-b05e-4f274c753be7@group-8CFFEAE2C265-LeaderElection8] INFO  server.RaftServerConfigKeys (ConfUtils.java:logGet(43)) - raft.server.write.element-limit = 4096 (default)
2019-11-07 14:43:34,442 [5d15a714-d6b2-4ad2-b05e-4f274c753be7@group-8CFFEAE2C265-LeaderElection8] INFO  server.RaftServerConfigKeys (ConfUtils.java:logGet(43)) - raft.server.watch.timeout = 10s (default)
2019-11-07 14:43:34,442 [5d15a714-d6b2-4ad2-b05e-4f274c753be7@group-8CFFEAE2C265-LeaderElection8] INFO  server.RaftServerConfigKeys (ConfUtils.java:logGet(43)) - raft.server.watch.timeout.denomination = 1s (default)
2019-11-07 14:43:34,443 [5d15a714-d6b2-4ad2-b05e-4f274c753be7@group-8CFFEAE2C265-LeaderElection8] INFO  server.RaftServerConfigKeys (ConfUtils.java:logGet(43)) - raft.server.watch.element-limit = 65536 (default)
2019-11-07 14:43:34,443 [5d15a714-d6b2-4ad2-b05e-4f274c753be7@group-8CFFEAE2C265-LeaderElection8] INFO  impl.RoleInfo (RoleInfo.java:updateAndGet(143)) - 5d15a714-d6b2-4ad2-b05e-4f274c753be7: start LeaderState
2019-11-07 14:43:34,443 [5d15a714-d6b2-4ad2-b05e-4f274c753be7@group-8CFFEAE2C265-LeaderElection8] INFO  segmented.SegmentedRaftLogWorker (SegmentedRaftLogWorker.java:startLogSegment(385)) - 5d15a714-d6b2-4ad2-b05e-4f274c753be7@group-8CFFEAE2C265-SegmentedRaftLogWorker: Starting segment from index:0
2019-11-07 14:43:34,444 [5d15a714-d6b2-4ad2-b05e-4f274c753be7@group-8CFFEAE2C265-LeaderElection8] INFO  impl.RaftServerImpl (ServerState.java:setRaftConf(356)) - 5d15a714-d6b2-4ad2-b05e-4f274c753be7@group-8CFFEAE2C265: set configuration 0: [5d15a714-d6b2-4ad2-b05e-4f274c753be7:192.168.34.59:43914], old=null at 0
2019-11-07 14:43:34,466 [Thread-242] INFO  impl.FollowerState (FollowerState.java:run(111)) - 854624fe-2fd6-4aa1-977c-dc3f5aaee71c@group-7ECC028BF6BC-FollowerState: change to CANDIDATE, lastRpcTime:5088ms, electionTimeout:5079ms
2019-11-07 14:43:34,466 [Thread-242] INFO  impl.RoleInfo (RoleInfo.java:shutdownFollowerState(121)) - 854624fe-2fd6-4aa1-977c-dc3f5aaee71c: shutdown FollowerState
2019-11-07 14:43:34,466 [Thread-242] INFO  impl.RaftServerImpl (RaftServerImpl.java:setRole(173)) - 854624fe-2fd6-4aa1-977c-dc3f5aaee71c@group-7ECC028BF6BC: changes role from  FOLLOWER to CANDIDATE at term 0 for changeToCandidate
2019-11-07 14:43:34,466 [Thread-242] INFO  impl.RoleInfo (RoleInfo.java:updateAndGet(143)) - 854624fe-2fd6-4aa1-977c-dc3f5aaee71c: start LeaderElection
2019-11-07 14:43:34,478 [5d15a714-d6b2-4ad2-b05e-4f274c753be7@group-8CFFEAE2C265-SegmentedRaftLogWorker] INFO  segmented.SegmentedRaftLogWorker (SegmentedRaftLogWorker.java:execute(576)) - 5d15a714-d6b2-4ad2-b05e-4f274c753be7@group-8CFFEAE2C265-SegmentedRaftLogWorker: created new log segment /workdir/hadoop-ozone/ozonefs/target/test-dir/MiniOzoneClusterImpl-e0dbfaeb-01f5-418e-88ad-87e550fc10a5/datanode-2/data/ratis/931d5b0d-85ab-4fad-a56f-8cffeae2c265/current/log_inprogress_0
2019-11-07 14:43:34,478 [854624fe-2fd6-4aa1-977c-dc3f5aaee71c@group-7ECC028BF6BC-LeaderElection9] INFO  impl.LeaderElection (LeaderElection.java:askForVotes(178)) - 854624fe-2fd6-4aa1-977c-dc3f5aaee71c@group-7ECC028BF6BC-LeaderElection9: begin an election at term 1 for -1: [854624fe-2fd6-4aa1-977c-dc3f5aaee71c:192.168.34.59:37247], old=null
2019-11-07 14:43:34,479 [854624fe-2fd6-4aa1-977c-dc3f5aaee71c@group-7ECC028BF6BC-LeaderElection9] INFO  impl.RoleInfo (RoleInfo.java:shutdownLeaderElection(134)) - 854624fe-2fd6-4aa1-977c-dc3f5aaee71c: shutdown LeaderElection
2019-11-07 14:43:34,479 [854624fe-2fd6-4aa1-977c-dc3f5aaee71c@group-7ECC028BF6BC-LeaderElection9] INFO  impl.RaftServerImpl (RaftServerImpl.java:setRole(173)) - 854624fe-2fd6-4aa1-977c-dc3f5aaee71c@group-7ECC028BF6BC: changes role from CANDIDATE to LEADER at term 1 for changeToLeader
2019-11-07 14:43:34,479 [854624fe-2fd6-4aa1-977c-dc3f5aaee71c@group-7ECC028BF6BC-LeaderElection9] INFO  impl.RaftServerImpl (ServerState.java:setLeader(255)) - 854624fe-2fd6-4aa1-977c-dc3f5aaee71c@group-7ECC028BF6BC: change Leader from null to 854624fe-2fd6-4aa1-977c-dc3f5aaee71c at term 1 for becomeLeader, leader elected after 5106ms
2019-11-07 14:43:34,480 [854624fe-2fd6-4aa1-977c-dc3f5aaee71c@group-7ECC028BF6BC-LeaderElection9] INFO  server.RaftServerConfigKeys (ConfUtils.java:logGet(43)) - raft.server.staging.catchup.gap = 1000 (default)
2019-11-07 14:43:34,480 [854624fe-2fd6-4aa1-977c-dc3f5aaee71c@group-7ECC028BF6BC-LeaderElection9] INFO  server.RaftServerConfigKeys (ConfUtils.java:logGet(43)) - raft.server.rpc.sleep.time = 25ms (default)
2019-11-07 14:43:34,480 [854624fe-2fd6-4aa1-977c-dc3f5aaee71c@group-7ECC028BF6BC-LeaderElection9] INFO  server.RaftServerConfigKeys (ConfUtils.java:logGet(43)) - raft.server.write.element-limit = 4096 (default)
2019-11-07 14:43:34,480 [854624fe-2fd6-4aa1-977c-dc3f5aaee71c@group-7ECC028BF6BC-LeaderElection9] INFO  server.RaftServerConfigKeys (ConfUtils.java:logGet(43)) - raft.server.watch.timeout = 10s (default)
2019-11-07 14:43:34,480 [854624fe-2fd6-4aa1-977c-dc3f5aaee71c@group-7ECC028BF6BC-LeaderElection9] INFO  server.RaftServerConfigKeys (ConfUtils.java:logGet(43)) - raft.server.watch.timeout.denomination = 1s (default)
2019-11-07 14:43:34,480 [854624fe-2fd6-4aa1-977c-dc3f5aaee71c@group-7ECC028BF6BC-LeaderElection9] INFO  server.RaftServerConfigKeys (ConfUtils.java:logGet(43)) - raft.server.watch.element-limit = 65536 (default)
2019-11-07 14:43:34,481 [854624fe-2fd6-4aa1-977c-dc3f5aaee71c@group-7ECC028BF6BC-LeaderElection9] INFO  impl.RoleInfo (RoleInfo.java:updateAndGet(143)) - 854624fe-2fd6-4aa1-977c-dc3f5aaee71c: start LeaderState
2019-11-07 14:43:34,481 [854624fe-2fd6-4aa1-977c-dc3f5aaee71c@group-7ECC028BF6BC-LeaderElection9] INFO  segmented.SegmentedRaftLogWorker (SegmentedRaftLogWorker.java:startLogSegment(385)) - 854624fe-2fd6-4aa1-977c-dc3f5aaee71c@group-7ECC028BF6BC-SegmentedRaftLogWorker: Starting segment from index:0
2019-11-07 14:43:34,481 [854624fe-2fd6-4aa1-977c-dc3f5aaee71c@group-7ECC028BF6BC-LeaderElection9] INFO  impl.RaftServerImpl (ServerState.java:setRaftConf(356)) - 854624fe-2fd6-4aa1-977c-dc3f5aaee71c@group-7ECC028BF6BC: set configuration 0: [854624fe-2fd6-4aa1-977c-dc3f5aaee71c:192.168.34.59:37247], old=null at 0
2019-11-07 14:43:34,528 [854624fe-2fd6-4aa1-977c-dc3f5aaee71c@group-7ECC028BF6BC-SegmentedRaftLogWorker] INFO  segmented.SegmentedRaftLogWorker (SegmentedRaftLogWorker.java:execute(576)) - 854624fe-2fd6-4aa1-977c-dc3f5aaee71c@group-7ECC028BF6BC-SegmentedRaftLogWorker: created new log segment /workdir/hadoop-ozone/ozonefs/target/test-dir/MiniOzoneClusterImpl-e0dbfaeb-01f5-418e-88ad-87e550fc10a5/datanode-4/data/ratis/8d0b03db-c660-405c-869a-7ecc028bf6bc/current/log_inprogress_0
2019-11-07 14:43:39,268 [Thread-269] INFO  impl.FollowerState (FollowerState.java:run(111)) - 00bc3fff-080b-4229-97f0-c620c25a950b@group-A4BC7BA8D507-FollowerState: change to CANDIDATE, lastRpcTime:5014ms, electionTimeout:5008ms
2019-11-07 14:43:39,268 [Thread-269] INFO  impl.RoleInfo (RoleInfo.java:shutdownFollowerState(121)) - 00bc3fff-080b-4229-97f0-c620c25a950b: shutdown FollowerState
2019-11-07 14:43:39,268 [Thread-269] INFO  impl.RaftServerImpl (RaftServerImpl.java:setRole(173)) - 00bc3fff-080b-4229-97f0-c620c25a950b@group-A4BC7BA8D507: changes role from  FOLLOWER to CANDIDATE at term 1 for changeToCandidate
2019-11-07 14:43:39,269 [Thread-269] INFO  impl.RoleInfo (RoleInfo.java:updateAndGet(143)) - 00bc3fff-080b-4229-97f0-c620c25a950b: start LeaderElection
2019-11-07 14:43:39,286 [00bc3fff-080b-4229-97f0-c620c25a950b@group-A4BC7BA8D507-LeaderElection10] INFO  impl.LeaderElection (LeaderElection.java:askForVotes(178)) - 00bc3fff-080b-4229-97f0-c620c25a950b@group-A4BC7BA8D507-LeaderElection10: begin an election at term 2 for -1: [cffeb7e5-539e-40ed-a33a-26ca59c7db39:192.168.34.59:34915, 00bc3fff-080b-4229-97f0-c620c25a950b:192.168.34.59:43864, bdc51000-d74b-40c3-9891-08ea6b2226f6:192.168.34.59:38380], old=null
2019-11-07 14:43:39,294 [grpc-default-executor-0] INFO  impl.RaftServerImpl (RaftServerImpl.java:setRole(173)) - cffeb7e5-539e-40ed-a33a-26ca59c7db39@group-A4BC7BA8D507: changes role from  FOLLOWER to FOLLOWER at term 2 for recognizeCandidate:00bc3fff-080b-4229-97f0-c620c25a950b
2019-11-07 14:43:39,294 [grpc-default-executor-2] INFO  impl.RaftServerImpl (RaftServerImpl.java:setRole(173)) - bdc51000-d74b-40c3-9891-08ea6b2226f6@group-A4BC7BA8D507: changes role from  FOLLOWER to FOLLOWER at term 2 for recognizeCandidate:00bc3fff-080b-4229-97f0-c620c25a950b
2019-11-07 14:43:39,294 [grpc-default-executor-0] INFO  impl.RoleInfo (RoleInfo.java:shutdownFollowerState(121)) - cffeb7e5-539e-40ed-a33a-26ca59c7db39: shutdown FollowerState
2019-11-07 14:43:39,294 [grpc-default-executor-2] INFO  impl.RoleInfo (RoleInfo.java:shutdownFollowerState(121)) - bdc51000-d74b-40c3-9891-08ea6b2226f6: shutdown FollowerState
2019-11-07 14:43:39,294 [grpc-default-executor-0] INFO  impl.RoleInfo (RoleInfo.java:updateAndGet(143)) - cffeb7e5-539e-40ed-a33a-26ca59c7db39: start FollowerState
2019-11-07 14:43:39,294 [Thread-271] INFO  impl.FollowerState (FollowerState.java:run(120)) - cffeb7e5-539e-40ed-a33a-26ca59c7db39@group-A4BC7BA8D507-FollowerState was interrupted: java.lang.InterruptedException: sleep interrupted
2019-11-07 14:43:39,295 [grpc-default-executor-2] INFO  impl.RoleInfo (RoleInfo.java:updateAndGet(143)) - bdc51000-d74b-40c3-9891-08ea6b2226f6: start FollowerState
2019-11-07 14:43:39,295 [Thread-268] INFO  impl.FollowerState (FollowerState.java:run(120)) - bdc51000-d74b-40c3-9891-08ea6b2226f6@group-A4BC7BA8D507-FollowerState was interrupted: java.lang.InterruptedException: sleep interrupted
2019-11-07 14:43:39,316 [00bc3fff-080b-4229-97f0-c620c25a950b@group-A4BC7BA8D507-LeaderElection10] INFO  impl.LeaderElection (LeaderElection.java:logAndReturn(56)) - 00bc3fff-080b-4229-97f0-c620c25a950b@group-A4BC7BA8D507-LeaderElection10: Election PASSED; received 1 response(s) [00bc3fff-080b-4229-97f0-c620c25a950b<-bdc51000-d74b-40c3-9891-08ea6b2226f6#0:OK-t2] and 0 exception(s); 00bc3fff-080b-4229-97f0-c620c25a950b@group-A4BC7BA8D507:t2, leader=null, voted=00bc3fff-080b-4229-97f0-c620c25a950b, raftlog=00bc3fff-080b-4229-97f0-c620c25a950b@group-A4BC7BA8D507-SegmentedRaftLog:OPENED:c-1,f-1,i0, conf=-1: [cffeb7e5-539e-40ed-a33a-26ca59c7db39:192.168.34.59:34915, 00bc3fff-080b-4229-97f0-c620c25a950b:192.168.34.59:43864, bdc51000-d74b-40c3-9891-08ea6b2226f6:192.168.34.59:38380], old=null
2019-11-07 14:43:39,316 [00bc3fff-080b-4229-97f0-c620c25a950b@group-A4BC7BA8D507-LeaderElection10] INFO  impl.RoleInfo (RoleInfo.java:shutdownLeaderElection(134)) - 00bc3fff-080b-4229-97f0-c620c25a950b: shutdown LeaderElection
2019-11-07 14:43:39,316 [00bc3fff-080b-4229-97f0-c620c25a950b@group-A4BC7BA8D507-LeaderElection10] INFO  impl.RaftServerImpl (RaftServerImpl.java:setRole(173)) - 00bc3fff-080b-4229-97f0-c620c25a950b@group-A4BC7BA8D507: changes role from CANDIDATE to LEADER at term 2 for changeToLeader
2019-11-07 14:43:39,317 [00bc3fff-080b-4229-97f0-c620c25a950b@group-A4BC7BA8D507-LeaderElection10] INFO  impl.RaftServerImpl (ServerState.java:setLeader(255)) - 00bc3fff-080b-4229-97f0-c620c25a950b@group-A4BC7BA8D507: change Leader from null to 00bc3fff-080b-4229-97f0-c620c25a950b at term 2 for becomeLeader, leader elected after 10260ms
2019-11-07 14:43:39,317 [00bc3fff-080b-4229-97f0-c620c25a950b@group-A4BC7BA8D507-LeaderElection10] INFO  server.RaftServerConfigKeys (ConfUtils.java:logGet(43)) - raft.server.staging.catchup.gap = 1000 (default)
2019-11-07 14:43:39,317 [00bc3fff-080b-4229-97f0-c620c25a950b@group-A4BC7BA8D507-LeaderElection10] INFO  server.RaftServerConfigKeys (ConfUtils.java:logGet(43)) - raft.server.rpc.sleep.time = 25ms (default)
2019-11-07 14:43:39,318 [00bc3fff-080b-4229-97f0-c620c25a950b@group-A4BC7BA8D507-LeaderElection10] INFO  server.RaftServerConfigKeys (ConfUtils.java:logGet(43)) - raft.server.write.element-limit = 4096 (default)
2019-11-07 14:43:39,318 [00bc3fff-080b-4229-97f0-c620c25a950b@group-A4BC7BA8D507-LeaderElection10] INFO  server.RaftServerConfigKeys (ConfUtils.java:logGet(43)) - raft.server.watch.timeout = 10s (default)
2019-11-07 14:43:39,318 [00bc3fff-080b-4229-97f0-c620c25a950b@group-A4BC7BA8D507-LeaderElection10] INFO  server.RaftServerConfigKeys (ConfUtils.java:logGet(43)) - raft.server.watch.timeout.denomination = 1s (default)
2019-11-07 14:43:39,318 [00bc3fff-080b-4229-97f0-c620c25a950b@group-A4BC7BA8D507-LeaderElection10] INFO  server.RaftServerConfigKeys (ConfUtils.java:logGet(43)) - raft.server.watch.element-limit = 65536 (default)
2019-11-07 14:43:39,321 [00bc3fff-080b-4229-97f0-c620c25a950b@group-A4BC7BA8D507-LeaderElection10] INFO  server.RaftServerConfigKeys (ConfUtils.java:logGet(43)) - raft.server.log.appender.snapshot.chunk.size.max = 16MB (=16777216) (default)
2019-11-07 14:43:39,322 [00bc3fff-080b-4229-97f0-c620c25a950b@group-A4BC7BA8D507-LeaderElection10] INFO  server.RaftServerConfigKeys (ConfUtils.java:logGet(43)) - raft.server.log.appender.buffer.byte-limit = 33554432 (custom)
2019-11-07 14:43:39,322 [00bc3fff-080b-4229-97f0-c620c25a950b@group-A4BC7BA8D507-LeaderElection10] INFO  server.RaftServerConfigKeys (ConfUtils.java:logGet(43)) - raft.server.log.appender.buffer.element-limit = 1 (custom)
2019-11-07 14:43:39,326 [00bc3fff-080b-4229-97f0-c620c25a950b@group-A4BC7BA8D507-LeaderElection10] INFO  grpc.GrpcConfigKeys$Server (ConfUtils.java:logGet(43)) - raft.grpc.server.leader.outstanding.appends.max = 128 (default)
2019-11-07 14:43:39,327 [00bc3fff-080b-4229-97f0-c620c25a950b@group-A4BC7BA8D507-LeaderElection10] INFO  server.RaftServerConfigKeys (ConfUtils.java:logGet(43)) - raft.server.rpc.request.timeout = 3000ms (default)
2019-11-07 14:43:39,327 [00bc3fff-080b-4229-97f0-c620c25a950b@group-A4BC7BA8D507-LeaderElection10] INFO  server.RaftServerConfigKeys (ConfUtils.java:logGet(43)) - raft.server.log.appender.install.snapshot.enabled = false (custom)
2019-11-07 14:43:39,328 [00bc3fff-080b-4229-97f0-c620c25a950b@group-A4BC7BA8D507-LeaderElection10] WARN  impl.MetricRegistriesImpl (MetricRegistriesImpl.java:lambda$create$1(61)) - First MetricRegistry has been created without registering reporters. You may need to call MetricRegistries.global().addReportRegistration(...) before.
2019-11-07 14:43:39,329 [00bc3fff-080b-4229-97f0-c620c25a950b@group-A4BC7BA8D507-LeaderElection10] INFO  server.RaftServerConfigKeys (ConfUtils.java:logGet(43)) - raft.server.log.appender.snapshot.chunk.size.max = 16MB (=16777216) (default)
2019-11-07 14:43:39,329 [00bc3fff-080b-4229-97f0-c620c25a950b@group-A4BC7BA8D507-LeaderElection10] INFO  server.RaftServerConfigKeys (ConfUtils.java:logGet(43)) - raft.server.log.appender.buffer.byte-limit = 33554432 (custom)
2019-11-07 14:43:39,330 [00bc3fff-080b-4229-97f0-c620c25a950b@group-A4BC7BA8D507-LeaderElection10] INFO  server.RaftServerConfigKeys (ConfUtils.java:logGet(43)) - raft.server.log.appender.buffer.element-limit = 1 (custom)
2019-11-07 14:43:39,330 [00bc3fff-080b-4229-97f0-c620c25a950b@group-A4BC7BA8D507-LeaderElection10] INFO  grpc.GrpcConfigKeys$Server (ConfUtils.java:logGet(43)) - raft.grpc.server.leader.outstanding.appends.max = 128 (default)
2019-11-07 14:43:39,330 [00bc3fff-080b-4229-97f0-c620c25a950b@group-A4BC7BA8D507-LeaderElection10] INFO  server.RaftServerConfigKeys (ConfUtils.java:logGet(43)) - raft.server.rpc.request.timeout = 3000ms (default)
2019-11-07 14:43:39,330 [00bc3fff-080b-4229-97f0-c620c25a950b@group-A4BC7BA8D507-LeaderElection10] INFO  server.RaftServerConfigKeys (ConfUtils.java:logGet(43)) - raft.server.log.appender.install.snapshot.enabled = false (custom)
2019-11-07 14:43:39,331 [00bc3fff-080b-4229-97f0-c620c25a950b@group-A4BC7BA8D507-LeaderElection10] INFO  impl.RoleInfo (RoleInfo.java:updateAndGet(143)) - 00bc3fff-080b-4229-97f0-c620c25a950b: start LeaderState
2019-11-07 14:43:39,332 [00bc3fff-080b-4229-97f0-c620c25a950b@group-A4BC7BA8D507-LeaderElection10] INFO  segmented.SegmentedRaftLogWorker (SegmentedRaftLogWorker.java:startLogSegment(385)) - 00bc3fff-080b-4229-97f0-c620c25a950b@group-A4BC7BA8D507-SegmentedRaftLogWorker: Starting segment from index:0
2019-11-07 14:43:39,333 [00bc3fff-080b-4229-97f0-c620c25a950b@group-A4BC7BA8D507-LeaderElection10] INFO  impl.RaftServerImpl (ServerState.java:setRaftConf(356)) - 00bc3fff-080b-4229-97f0-c620c25a950b@group-A4BC7BA8D507: set configuration 0: [cffeb7e5-539e-40ed-a33a-26ca59c7db39:192.168.34.59:34915, 00bc3fff-080b-4229-97f0-c620c25a950b:192.168.34.59:43864, bdc51000-d74b-40c3-9891-08ea6b2226f6:192.168.34.59:38380], old=null at 0
2019-11-07 14:43:39,382 [00bc3fff-080b-4229-97f0-c620c25a950b@group-A4BC7BA8D507-SegmentedRaftLogWorker] INFO  segmented.SegmentedRaftLogWorker (SegmentedRaftLogWorker.java:execute(576)) - 00bc3fff-080b-4229-97f0-c620c25a950b@group-A4BC7BA8D507-SegmentedRaftLogWorker: created new log segment /workdir/hadoop-ozone/ozonefs/target/test-dir/MiniOzoneClusterImpl-e0dbfaeb-01f5-418e-88ad-87e550fc10a5/datanode-1/data/ratis/7b52e152-efb8-4710-a87d-a4bc7ba8d507/current/log_inprogress_0
2019-11-07 14:43:39,399 [grpc-default-executor-2] INFO  impl.RaftServerImpl (ServerState.java:setLeader(255)) - bdc51000-d74b-40c3-9891-08ea6b2226f6@group-A4BC7BA8D507: change Leader from null to 00bc3fff-080b-4229-97f0-c620c25a950b at term 2 for appendEntries, leader elected after 10336ms
2019-11-07 14:43:39,399 [grpc-default-executor-0] INFO  impl.RaftServerImpl (ServerState.java:setLeader(255)) - cffeb7e5-539e-40ed-a33a-26ca59c7db39@group-A4BC7BA8D507: change Leader from null to 00bc3fff-080b-4229-97f0-c620c25a950b at term 2 for appendEntries, leader elected after 10336ms
2019-11-07 14:43:39,430 [grpc-default-executor-2] INFO  impl.RaftServerImpl (ServerState.java:setRaftConf(356)) - cffeb7e5-539e-40ed-a33a-26ca59c7db39@group-A4BC7BA8D507: set configuration 0: [cffeb7e5-539e-40ed-a33a-26ca59c7db39:192.168.34.59:34915, 00bc3fff-080b-4229-97f0-c620c25a950b:192.168.34.59:43864, bdc51000-d74b-40c3-9891-08ea6b2226f6:192.168.34.59:38380], old=null at 0
2019-11-07 14:43:39,430 [grpc-default-executor-0] INFO  impl.RaftServerImpl (ServerState.java:setRaftConf(356)) - bdc51000-d74b-40c3-9891-08ea6b2226f6@group-A4BC7BA8D507: set configuration 0: [cffeb7e5-539e-40ed-a33a-26ca59c7db39:192.168.34.59:34915, 00bc3fff-080b-4229-97f0-c620c25a950b:192.168.34.59:43864, bdc51000-d74b-40c3-9891-08ea6b2226f6:192.168.34.59:38380], old=null at 0
2019-11-07 14:43:39,430 [grpc-default-executor-2] INFO  segmented.SegmentedRaftLogWorker (SegmentedRaftLogWorker.java:startLogSegment(385)) - cffeb7e5-539e-40ed-a33a-26ca59c7db39@group-A4BC7BA8D507-SegmentedRaftLogWorker: Starting segment from index:0
2019-11-07 14:43:39,431 [grpc-default-executor-0] INFO  segmented.SegmentedRaftLogWorker (SegmentedRaftLogWorker.java:startLogSegment(385)) - bdc51000-d74b-40c3-9891-08ea6b2226f6@group-A4BC7BA8D507-SegmentedRaftLogWorker: Starting segment from index:0
2019-11-07 14:43:39,475 [cffeb7e5-539e-40ed-a33a-26ca59c7db39@group-A4BC7BA8D507-SegmentedRaftLogWorker] INFO  segmented.SegmentedRaftLogWorker (SegmentedRaftLogWorker.java:execute(576)) - cffeb7e5-539e-40ed-a33a-26ca59c7db39@group-A4BC7BA8D507-SegmentedRaftLogWorker: created new log segment /workdir/hadoop-ozone/ozonefs/target/test-dir/MiniOzoneClusterImpl-e0dbfaeb-01f5-418e-88ad-87e550fc10a5/datanode-3/data/ratis/7b52e152-efb8-4710-a87d-a4bc7ba8d507/current/log_inprogress_0
2019-11-07 14:43:39,475 [bdc51000-d74b-40c3-9891-08ea6b2226f6@group-A4BC7BA8D507-SegmentedRaftLogWorker] INFO  segmented.SegmentedRaftLogWorker (SegmentedRaftLogWorker.java:execute(576)) - bdc51000-d74b-40c3-9891-08ea6b2226f6@group-A4BC7BA8D507-SegmentedRaftLogWorker: created new log segment /workdir/hadoop-ozone/ozonefs/target/test-dir/MiniOzoneClusterImpl-e0dbfaeb-01f5-418e-88ad-87e550fc10a5/datanode-0/data/ratis/7b52e152-efb8-4710-a87d-a4bc7ba8d507/current/log_inprogress_0
2019-11-07 14:43:42,935 [java.util.concurrent.ThreadPoolExecutor$Worker@3a687c77[State = -1, empty queue]] WARN  server.GrpcLogAppender (GrpcLogAppender.java:timeoutAppendRequest(209)) - 00bc3fff-080b-4229-97f0-c620c25a950b@group-A4BC7BA8D507->bdc51000-d74b-40c3-9891-08ea6b2226f6-GrpcLogAppender: appendEntries Timeout, request=00bc3fff-080b-4229-97f0-c620c25a950b->bdc51000-d74b-40c3-9891-08ea6b2226f6#2-t2, previous=(t:2, i:0), leaderCommit=0, initializing? false, entries: size=1, first=(t:2, i:1), STATEMACHINELOGENTRY, client-A76F08932569, cid=9
2019-11-07 14:43:42,936 [java.util.concurrent.ThreadPoolExecutor$Worker@151f80db[State = -1, empty queue]] WARN  server.GrpcLogAppender (GrpcLogAppender.java:timeoutAppendRequest(209)) - 00bc3fff-080b-4229-97f0-c620c25a950b@group-A4BC7BA8D507->cffeb7e5-539e-40ed-a33a-26ca59c7db39-GrpcLogAppender: appendEntries Timeout, request=00bc3fff-080b-4229-97f0-c620c25a950b->cffeb7e5-539e-40ed-a33a-26ca59c7db39#2-t2, previous=(t:2, i:0), leaderCommit=0, initializing? false, entries: size=1, first=(t:2, i:1), STATEMACHINELOGENTRY, client-A76F08932569, cid=9
2019-11-07 14:43:45,437 [java.util.concurrent.ThreadPoolExecutor$Worker@151f80db[State = -1, empty queue]] WARN  server.GrpcLogAppender (GrpcLogAppender.java:timeoutAppendRequest(209)) - 00bc3fff-080b-4229-97f0-c620c25a950b@group-A4BC7BA8D507->cffeb7e5-539e-40ed-a33a-26ca59c7db39-GrpcLogAppender: appendEntries Timeout, request=00bc3fff-080b-4229-97f0-c620c25a950b->cffeb7e5-539e-40ed-a33a-26ca59c7db39#3-t2, previous=(t:2, i:1), leaderCommit=0, initializing? false, entries: <empty>
2019-11-07 14:43:45,437 [java.util.concurrent.ThreadPoolExecutor$Worker@3a687c77[State = -1, empty queue]] WARN  server.GrpcLogAppender (GrpcLogAppender.java:timeoutAppendRequest(209)) - 00bc3fff-080b-4229-97f0-c620c25a950b@group-A4BC7BA8D507->bdc51000-d74b-40c3-9891-08ea6b2226f6-GrpcLogAppender: appendEntries Timeout, request=00bc3fff-080b-4229-97f0-c620c25a950b->bdc51000-d74b-40c3-9891-08ea6b2226f6#3-t2, previous=(t:2, i:1), leaderCommit=0, initializing? false, entries: <empty>
2019-11-07 14:43:47,939 [java.util.concurrent.ThreadPoolExecutor$Worker@3a687c77[State = -1, empty queue]] WARN  server.GrpcLogAppender (GrpcLogAppender.java:timeoutAppendRequest(209)) - 00bc3fff-080b-4229-97f0-c620c25a950b@group-A4BC7BA8D507->bdc51000-d74b-40c3-9891-08ea6b2226f6-GrpcLogAppender: appendEntries Timeout, request=00bc3fff-080b-4229-97f0-c620c25a950b->bdc51000-d74b-40c3-9891-08ea6b2226f6#4-t2, previous=(t:2, i:1), leaderCommit=0, initializing? false, entries: <empty>
2019-11-07 14:43:47,939 [java.util.concurrent.ThreadPoolExecutor$Worker@151f80db[State = -1, empty queue]] WARN  server.GrpcLogAppender (GrpcLogAppender.java:timeoutAppendRequest(209)) - 00bc3fff-080b-4229-97f0-c620c25a950b@group-A4BC7BA8D507->cffeb7e5-539e-40ed-a33a-26ca59c7db39-GrpcLogAppender: appendEntries Timeout, request=00bc3fff-080b-4229-97f0-c620c25a950b->cffeb7e5-539e-40ed-a33a-26ca59c7db39#4-t2, previous=(t:2, i:1), leaderCommit=0, initializing? false, entries: <empty>
2019-11-07 14:43:49,939 [cffeb7e5-539e-40ed-a33a-26ca59c7db39@group-A4BC7BA8D507-SegmentedRaftLogWorker] WARN  segmented.SegmentedRaftLogWorker (SegmentedRaftLogWorker.java:getFromFuture(86)) - Timeout 0/~
org.apache.ratis.protocol.TimeoutIOException: Timeout 10s: WriteLog:1: (t:2, i:1), STATEMACHINELOGENTRY, client-A76F08932569, cid=9-writeStateMachineData
	at org.apache.ratis.util.IOUtils.getFromFuture(IOUtils.java:87)
	at org.apache.ratis.server.raftlog.segmented.SegmentedRaftLogWorker$StateMachineDataPolicy.getFromFuture(SegmentedRaftLogWorker.java:83)
	at org.apache.ratis.server.raftlog.segmented.SegmentedRaftLogWorker$WriteLog.execute(SegmentedRaftLogWorker.java:482)
	at org.apache.ratis.server.raftlog.segmented.SegmentedRaftLogWorker.run(SegmentedRaftLogWorker.java:291)
	at java.lang.Thread.run(Thread.java:748)
Caused by: java.util.concurrent.TimeoutException
	at java.util.concurrent.CompletableFuture.timedGet(CompletableFuture.java:1771)
	at java.util.concurrent.CompletableFuture.get(CompletableFuture.java:1915)
	at org.apache.ratis.util.IOUtils.getFromFuture(IOUtils.java:79)
	... 4 more
2019-11-07 14:43:50,440 [java.util.concurrent.ThreadPoolExecutor$Worker@3a687c77[State = -1, empty queue]] WARN  server.GrpcLogAppender (GrpcLogAppender.java:timeoutAppendRequest(209)) - 00bc3fff-080b-4229-97f0-c620c25a950b@group-A4BC7BA8D507->bdc51000-d74b-40c3-9891-08ea6b2226f6-GrpcLogAppender: appendEntries Timeout, request=00bc3fff-080b-4229-97f0-c620c25a950b->bdc51000-d74b-40c3-9891-08ea6b2226f6#5-t2, previous=(t:2, i:1), leaderCommit=0, initializing? false, entries: <empty>
2019-11-07 14:43:50,440 [java.util.concurrent.ThreadPoolExecutor$Worker@151f80db[State = -1, empty queue]] WARN  server.GrpcLogAppender (GrpcLogAppender.java:timeoutAppendRequest(209)) - 00bc3fff-080b-4229-97f0-c620c25a950b@group-A4BC7BA8D507->cffeb7e5-539e-40ed-a33a-26ca59c7db39-GrpcLogAppender: appendEntries Timeout, request=00bc3fff-080b-4229-97f0-c620c25a950b->cffeb7e5-539e-40ed-a33a-26ca59c7db39#5-t2, previous=(t:2, i:1), leaderCommit=0, initializing? false, entries: <empty>
2019-11-07 14:43:50,754 [grpc-default-executor-2] WARN  server.GrpcLogAppender (LogUtils.java:warn(134)) - 00bc3fff-080b-4229-97f0-c620c25a950b@group-A4BC7BA8D507->bdc51000-d74b-40c3-9891-08ea6b2226f6-AppendLogResponseHandler: Failed appendEntries: org.apache.ratis.thirdparty.io.grpc.StatusRuntimeException: CANCELLED: Failed to read message.
2019-11-07 14:43:50,764 [grpc-default-executor-3] WARN  server.GrpcServerProtocolService (LogUtils.java:warn(134)) - bdc51000-d74b-40c3-9891-08ea6b2226f6: installSnapshot onError, lastRequest: 00bc3fff-080b-4229-97f0-c620c25a950b->bdc51000-d74b-40c3-9891-08ea6b2226f6#6-t2, previous=(t:2, i:1), leaderCommit=0, initializing? false, entries: <empty>: org.apache.ratis.thirdparty.io.grpc.StatusRuntimeException: CANCELLED: cancelled before receiving half close
2019-11-07 14:43:52,854 [grpc-default-executor-3] WARN  server.GrpcLogAppender (LogUtils.java:warn(134)) - 00bc3fff-080b-4229-97f0-c620c25a950b@group-A4BC7BA8D507->cffeb7e5-539e-40ed-a33a-26ca59c7db39-AppendLogResponseHandler: Failed appendEntries: org.apache.ratis.thirdparty.io.grpc.StatusRuntimeException: CANCELLED: Failed to read message.
2019-11-07 14:43:52,854 [grpc-default-executor-0] WARN  server.GrpcServerProtocolService (LogUtils.java:warn(134)) - cffeb7e5-539e-40ed-a33a-26ca59c7db39: installSnapshot onError, lastRequest: 00bc3fff-080b-4229-97f0-c620c25a950b->cffeb7e5-539e-40ed-a33a-26ca59c7db39#7-t2, previous=(t:2, i:1), leaderCommit=0, initializing? false, entries: <empty>: org.apache.ratis.thirdparty.io.grpc.StatusRuntimeException: CANCELLED: cancelled before receiving half close
2019-11-07 14:43:52,941 [java.util.concurrent.ThreadPoolExecutor$Worker@3a687c77[State = -1, empty queue]] WARN  server.GrpcLogAppender (GrpcLogAppender.java:timeoutAppendRequest(209)) - 00bc3fff-080b-4229-97f0-c620c25a950b@group-A4BC7BA8D507->bdc51000-d74b-40c3-9891-08ea6b2226f6-GrpcLogAppender: appendEntries Timeout, request=00bc3fff-080b-4229-97f0-c620c25a950b->bdc51000-d74b-40c3-9891-08ea6b2226f6#6-t2, previous=(t:2, i:1), leaderCommit=0, initializing? false, entries: <empty>
2019-11-07 14:43:52,941 [java.util.concurrent.ThreadPoolExecutor$Worker@151f80db[State = -1, empty queue]] WARN  server.GrpcLogAppender (GrpcLogAppender.java:timeoutAppendRequest(209)) - 00bc3fff-080b-4229-97f0-c620c25a950b@group-A4BC7BA8D507->cffeb7e5-539e-40ed-a33a-26ca59c7db39-GrpcLogAppender: appendEntries Timeout, request=00bc3fff-080b-4229-97f0-c620c25a950b->cffeb7e5-539e-40ed-a33a-26ca59c7db39#6-t2, previous=(t:2, i:1), leaderCommit=0, initializing? false, entries: <empty>
2019-11-07 14:43:55,442 [java.util.concurrent.ThreadPoolExecutor$Worker@3a687c77[State = -1, empty queue]] WARN  server.GrpcLogAppender (GrpcLogAppender.java:timeoutAppendRequest(209)) - 00bc3fff-080b-4229-97f0-c620c25a950b@group-A4BC7BA8D507->bdc51000-d74b-40c3-9891-08ea6b2226f6-GrpcLogAppender: appendEntries Timeout, request=00bc3fff-080b-4229-97f0-c620c25a950b->bdc51000-d74b-40c3-9891-08ea6b2226f6#7-t2, previous=(t:2, i:1), leaderCommit=0, initializing? false, entries: <empty>
2019-11-07 14:43:55,442 [java.util.concurrent.ThreadPoolExecutor$Worker@151f80db[State = -1, empty queue]] WARN  server.GrpcLogAppender (GrpcLogAppender.java:timeoutAppendRequest(209)) - 00bc3fff-080b-4229-97f0-c620c25a950b@group-A4BC7BA8D507->cffeb7e5-539e-40ed-a33a-26ca59c7db39-GrpcLogAppender: appendEntries Timeout, request=00bc3fff-080b-4229-97f0-c620c25a950b->cffeb7e5-539e-40ed-a33a-26ca59c7db39#7-t2, previous=(t:2, i:1), leaderCommit=0, initializing? false, entries: <empty>
2019-11-07 14:43:57,944 [java.util.concurrent.ThreadPoolExecutor$Worker@3a687c77[State = -1, empty queue]] WARN  server.GrpcLogAppender (GrpcLogAppender.java:timeoutAppendRequest(209)) - 00bc3fff-080b-4229-97f0-c620c25a950b@group-A4BC7BA8D507->bdc51000-d74b-40c3-9891-08ea6b2226f6-GrpcLogAppender: appendEntries Timeout, request=00bc3fff-080b-4229-97f0-c620c25a950b->bdc51000-d74b-40c3-9891-08ea6b2226f6#8-t2, previous=(t:2, i:1), leaderCommit=0, initializing? false, entries: <empty>
2019-11-07 14:43:57,944 [java.util.concurrent.ThreadPoolExecutor$Worker@151f80db[State = -1, empty queue]] WARN  server.GrpcLogAppender (GrpcLogAppender.java:timeoutAppendRequest(209)) - 00bc3fff-080b-4229-97f0-c620c25a950b@group-A4BC7BA8D507->cffeb7e5-539e-40ed-a33a-26ca59c7db39-GrpcLogAppender: appendEntries Timeout, request=00bc3fff-080b-4229-97f0-c620c25a950b->cffeb7e5-539e-40ed-a33a-26ca59c7db39#8-t2, previous=(t:2, i:1), leaderCommit=0, initializing? false, entries: <empty>
2019-11-07 14:43:59,597 [Thread-292] INFO  impl.FollowerState (FollowerState.java:run(111)) - cffeb7e5-539e-40ed-a33a-26ca59c7db39@group-A4BC7BA8D507-FollowerState: change to CANDIDATE, lastRpcTime:6745ms, electionTimeout:5004ms
2019-11-07 14:43:59,597 [Thread-292] INFO  impl.RoleInfo (RoleInfo.java:shutdownFollowerState(121)) - cffeb7e5-539e-40ed-a33a-26ca59c7db39: shutdown FollowerState
2019-11-07 14:43:59,597 [Thread-292] INFO  impl.RaftServerImpl (RaftServerImpl.java:setRole(173)) - cffeb7e5-539e-40ed-a33a-26ca59c7db39@group-A4BC7BA8D507: changes role from  FOLLOWER to CANDIDATE at term 2 for changeToCandidate
2019-11-07 14:43:59,598 [Thread-292] INFO  impl.RoleInfo (RoleInfo.java:updateAndGet(143)) - cffeb7e5-539e-40ed-a33a-26ca59c7db39: start LeaderElection
2019-11-07 14:43:59,601 [cffeb7e5-539e-40ed-a33a-26ca59c7db39@group-A4BC7BA8D507-LeaderElection11] INFO  impl.RaftServerImpl (ServerState.java:setLeader(255)) - cffeb7e5-539e-40ed-a33a-26ca59c7db39@group-A4BC7BA8D507: change Leader from 00bc3fff-080b-4229-97f0-c620c25a950b to null at term 2 for initElection
2019-11-07 14:43:59,616 [cffeb7e5-539e-40ed-a33a-26ca59c7db39@group-A4BC7BA8D507-LeaderElection11] INFO  impl.LeaderElection (LeaderElection.java:askForVotes(178)) - cffeb7e5-539e-40ed-a33a-26ca59c7db39@group-A4BC7BA8D507-LeaderElection11: begin an election at term 3 for 0: [cffeb7e5-539e-40ed-a33a-26ca59c7db39:192.168.34.59:34915, 00bc3fff-080b-4229-97f0-c620c25a950b:192.168.34.59:43864, bdc51000-d74b-40c3-9891-08ea6b2226f6:192.168.34.59:38380], old=null
2019-11-07 14:43:59,623 [grpc-default-executor-0] INFO  impl.RaftServerImpl (ServerState.java:setLeader(255)) - 00bc3fff-080b-4229-97f0-c620c25a950b@group-A4BC7BA8D507: change Leader from 00bc3fff-080b-4229-97f0-c620c25a950b to null at term 3 for updateCurrentTerm
2019-11-07 14:43:59,623 [grpc-default-executor-0] INFO  impl.RaftServerImpl (RaftServerImpl.java:setRole(173)) - 00bc3fff-080b-4229-97f0-c620c25a950b@group-A4BC7BA8D507: changes role from    LEADER to FOLLOWER at term 3 for recognizeCandidate:cffeb7e5-539e-40ed-a33a-26ca59c7db39
2019-11-07 14:43:59,623 [grpc-default-executor-3] INFO  impl.RaftServerImpl (ServerState.java:setLeader(255)) - bdc51000-d74b-40c3-9891-08ea6b2226f6@group-A4BC7BA8D507: change Leader from 00bc3fff-080b-4229-97f0-c620c25a950b to null at term 3 for updateCurrentTerm
2019-11-07 14:43:59,623 [grpc-default-executor-0] INFO  impl.RoleInfo (RoleInfo.java:shutdownLeaderState(104)) - 00bc3fff-080b-4229-97f0-c620c25a950b: shutdown LeaderState
2019-11-07 14:43:59,623 [grpc-default-executor-3] INFO  impl.RaftServerImpl (RaftServerImpl.java:setRole(173)) - bdc51000-d74b-40c3-9891-08ea6b2226f6@group-A4BC7BA8D507: changes role from  FOLLOWER to FOLLOWER at term 3 for recognizeCandidate:cffeb7e5-539e-40ed-a33a-26ca59c7db39
2019-11-07 14:43:59,624 [grpc-default-executor-3] INFO  impl.RoleInfo (RoleInfo.java:shutdownFollowerState(121)) - bdc51000-d74b-40c3-9891-08ea6b2226f6: shutdown FollowerState
2019-11-07 14:43:59,624 [Thread-293] INFO  impl.FollowerState (FollowerState.java:run(120)) - bdc51000-d74b-40c3-9891-08ea6b2226f6@group-A4BC7BA8D507-FollowerState was interrupted: java.lang.InterruptedException: sleep interrupted
2019-11-07 14:43:59,624 [grpc-default-executor-3] INFO  impl.RoleInfo (RoleInfo.java:updateAndGet(143)) - bdc51000-d74b-40c3-9891-08ea6b2226f6: start FollowerState
2019-11-07 14:43:59,628 [org.apache.ratis.server.impl.LogAppender$AppenderDaemon$$Lambda$544/533815450@21cf22c9] WARN  server.GrpcLogAppender (GrpcLogAppender.java:mayWait(149)) - 00bc3fff-080b-4229-97f0-c620c25a950b@group-A4BC7BA8D507->cffeb7e5-539e-40ed-a33a-26ca59c7db39-GrpcLogAppender: Wait interrupted by java.lang.InterruptedException
2019-11-07 14:43:59,628 [grpc-default-executor-0] INFO  impl.PendingRequests (PendingRequests.java:sendNotLeaderResponses(206)) - 00bc3fff-080b-4229-97f0-c620c25a950b@group-A4BC7BA8D507-PendingRequests: sendNotLeaderResponses
2019-11-07 14:43:59,628 [org.apache.ratis.server.impl.LogAppender$AppenderDaemon$$Lambda$544/533815450@58aaec37] WARN  server.GrpcLogAppender (GrpcLogAppender.java:mayWait(149)) - 00bc3fff-080b-4229-97f0-c620c25a950b@group-A4BC7BA8D507->bdc51000-d74b-40c3-9891-08ea6b2226f6-GrpcLogAppender: Wait interrupted by java.lang.InterruptedException
2019-11-07 14:43:59,638 [grpc-default-executor-0] INFO  impl.RoleInfo (RoleInfo.java:updateAndGet(143)) - 00bc3fff-080b-4229-97f0-c620c25a950b: start FollowerState
2019-11-07 14:43:59,648 [cffeb7e5-539e-40ed-a33a-26ca59c7db39@group-A4BC7BA8D507-LeaderElection11] INFO  impl.LeaderElection (LeaderElection.java:logAndReturn(56)) - cffeb7e5-539e-40ed-a33a-26ca59c7db39@group-A4BC7BA8D507-LeaderElection11: Election PASSED; received 2 response(s) [cffeb7e5-539e-40ed-a33a-26ca59c7db39<-00bc3fff-080b-4229-97f0-c620c25a950b#0:FAIL-t3, cffeb7e5-539e-40ed-a33a-26ca59c7db39<-bdc51000-d74b-40c3-9891-08ea6b2226f6#0:OK-t3] and 0 exception(s); cffeb7e5-539e-40ed-a33a-26ca59c7db39@group-A4BC7BA8D507:t3, leader=null, voted=cffeb7e5-539e-40ed-a33a-26ca59c7db39, raftlog=cffeb7e5-539e-40ed-a33a-26ca59c7db39@group-A4BC7BA8D507-SegmentedRaftLog:OPENED:c0,f1,i1, conf=0: [cffeb7e5-539e-40ed-a33a-26ca59c7db39:192.168.34.59:34915, 00bc3fff-080b-4229-97f0-c620c25a950b:192.168.34.59:43864, bdc51000-d74b-40c3-9891-08ea6b2226f6:192.168.34.59:38380], old=null
2019-11-07 14:43:59,648 [cffeb7e5-539e-40ed-a33a-26ca59c7db39@group-A4BC7BA8D507-LeaderElection11] INFO  impl.RoleInfo (RoleInfo.java:shutdownLeaderElection(134)) - cffeb7e5-539e-40ed-a33a-26ca59c7db39: shutdown LeaderElection
2019-11-07 14:43:59,649 [cffeb7e5-539e-40ed-a33a-26ca59c7db39@group-A4BC7BA8D507-LeaderElection11] INFO  impl.RaftServerImpl (RaftServerImpl.java:setRole(173)) - cffeb7e5-539e-40ed-a33a-26ca59c7db39@group-A4BC7BA8D507: changes role from CANDIDATE to LEADER at term 3 for changeToLeader
2019-11-07 14:43:59,649 [cffeb7e5-539e-40ed-a33a-26ca59c7db39@group-A4BC7BA8D507-LeaderElection11] INFO  impl.RaftServerImpl (ServerState.java:setLeader(255)) - cffeb7e5-539e-40ed-a33a-26ca59c7db39@group-A4BC7BA8D507: change Leader from null to cffeb7e5-539e-40ed-a33a-26ca59c7db39 at term 3 for becomeLeader, leader elected after 48ms
2019-11-07 14:43:59,650 [cffeb7e5-539e-40ed-a33a-26ca59c7db39@group-A4BC7BA8D507-LeaderElection11] INFO  server.RaftServerConfigKeys (ConfUtils.java:logGet(43)) - raft.server.staging.catchup.gap = 1000 (default)
2019-11-07 14:43:59,650 [cffeb7e5-539e-40ed-a33a-26ca59c7db39@group-A4BC7BA8D507-LeaderElection11] INFO  server.RaftServerConfigKeys (ConfUtils.java:logGet(43)) - raft.server.rpc.sleep.time = 25ms (default)
2019-11-07 14:43:59,650 [cffeb7e5-539e-40ed-a33a-26ca59c7db39@group-A4BC7BA8D507-LeaderElection11] INFO  server.RaftServerConfigKeys (ConfUtils.java:logGet(43)) - raft.server.write.element-limit = 4096 (default)
2019-11-07 14:43:59,650 [cffeb7e5-539e-40ed-a33a-26ca59c7db39@group-A4BC7BA8D507-LeaderElection11] INFO  server.RaftServerConfigKeys (ConfUtils.java:logGet(43)) - raft.server.watch.timeout = 10s (default)
2019-11-07 14:43:59,650 [cffeb7e5-539e-40ed-a33a-26ca59c7db39@group-A4BC7BA8D507-LeaderElection11] INFO  server.RaftServerConfigKeys (ConfUtils.java:logGet(43)) - raft.server.watch.timeout.denomination = 1s (default)
2019-11-07 14:43:59,651 [cffeb7e5-539e-40ed-a33a-26ca59c7db39@group-A4BC7BA8D507-LeaderElection11] INFO  server.RaftServerConfigKeys (ConfUtils.java:logGet(43)) - raft.server.watch.element-limit = 65536 (default)
2019-11-07 14:43:59,651 [cffeb7e5-539e-40ed-a33a-26ca59c7db39@group-A4BC7BA8D507-LeaderElection11] INFO  server.RaftServerConfigKeys (ConfUtils.java:logGet(43)) - raft.server.log.appender.snapshot.chunk.size.max = 16MB (=16777216) (default)
2019-11-07 14:43:59,651 [cffeb7e5-539e-40ed-a33a-26ca59c7db39@group-A4BC7BA8D507-LeaderElection11] INFO  server.RaftServerConfigKeys (ConfUtils.java:logGet(43)) - raft.server.log.appender.buffer.byte-limit = 33554432 (custom)
2019-11-07 14:43:59,652 [cffeb7e5-539e-40ed-a33a-26ca59c7db39@group-A4BC7BA8D507-LeaderElection11] INFO  server.RaftServerConfigKeys (ConfUtils.java:logGet(43)) - raft.server.log.appender.buffer.element-limit = 1 (custom)
2019-11-07 14:43:59,652 [cffeb7e5-539e-40ed-a33a-26ca59c7db39@group-A4BC7BA8D507-LeaderElection11] INFO  grpc.GrpcConfigKeys$Server (ConfUtils.java:logGet(43)) - raft.grpc.server.leader.outstanding.appends.max = 128 (default)
2019-11-07 14:43:59,653 [cffeb7e5-539e-40ed-a33a-26ca59c7db39@group-A4BC7BA8D507-LeaderElection11] INFO  server.RaftServerConfigKeys (ConfUtils.java:logGet(43)) - raft.server.rpc.request.timeout = 3000ms (default)
2019-11-07 14:43:59,653 [cffeb7e5-539e-40ed-a33a-26ca59c7db39@group-A4BC7BA8D507-LeaderElection11] INFO  server.RaftServerConfigKeys (ConfUtils.java:logGet(43)) - raft.server.log.appender.install.snapshot.enabled = false (custom)
2019-11-07 14:43:59,653 [cffeb7e5-539e-40ed-a33a-26ca59c7db39@group-A4BC7BA8D507-LeaderElection11] WARN  impl.MetricRegistriesImpl (MetricRegistriesImpl.java:lambda$create$1(61)) - First MetricRegistry has been created without registering reporters. You may need to call MetricRegistries.global().addReportRegistration(...) before.
2019-11-07 14:43:59,654 [cffeb7e5-539e-40ed-a33a-26ca59c7db39@group-A4BC7BA8D507-LeaderElection11] INFO  server.RaftServerConfigKeys (ConfUtils.java:logGet(43)) - raft.server.log.appender.snapshot.chunk.size.max = 16MB (=16777216) (default)
2019-11-07 14:43:59,654 [cffeb7e5-539e-40ed-a33a-26ca59c7db39@group-A4BC7BA8D507-LeaderElection11] INFO  server.RaftServerConfigKeys (ConfUtils.java:logGet(43)) - raft.server.log.appender.buffer.byte-limit = 33554432 (custom)
2019-11-07 14:43:59,654 [cffeb7e5-539e-40ed-a33a-26ca59c7db39@group-A4BC7BA8D507-LeaderElection11] INFO  server.RaftServerConfigKeys (ConfUtils.java:logGet(43)) - raft.server.log.appender.buffer.element-limit = 1 (custom)
2019-11-07 14:43:59,654 [cffeb7e5-539e-40ed-a33a-26ca59c7db39@group-A4BC7BA8D507-LeaderElection11] INFO  grpc.GrpcConfigKeys$Server (ConfUtils.java:logGet(43)) - raft.grpc.server.leader.outstanding.appends.max = 128 (default)
2019-11-07 14:43:59,655 [cffeb7e5-539e-40ed-a33a-26ca59c7db39@group-A4BC7BA8D507-LeaderElection11] INFO  server.RaftServerConfigKeys (ConfUtils.java:logGet(43)) - raft.server.rpc.request.timeout = 3000ms (default)
2019-11-07 14:43:59,655 [cffeb7e5-539e-40ed-a33a-26ca59c7db39@group-A4BC7BA8D507-LeaderElection11] INFO  server.RaftServerConfigKeys (ConfUtils.java:logGet(43)) - raft.server.log.appender.install.snapshot.enabled = false (custom)
2019-11-07 14:43:59,655 [cffeb7e5-539e-40ed-a33a-26ca59c7db39@group-A4BC7BA8D507-LeaderElection11] INFO  impl.RoleInfo (RoleInfo.java:updateAndGet(143)) - cffeb7e5-539e-40ed-a33a-26ca59c7db39: start LeaderState
2019-11-07 14:43:59,657 [cffeb7e5-539e-40ed-a33a-26ca59c7db39@group-A4BC7BA8D507-LeaderElection11] INFO  segmented.SegmentedRaftLogWorker (SegmentedRaftLogWorker.java:rollLogSegment(390)) - cffeb7e5-539e-40ed-a33a-26ca59c7db39@group-A4BC7BA8D507-SegmentedRaftLogWorker: Rolling segment log-0_1 to index:1
2019-11-07 14:43:59,665 [cffeb7e5-539e-40ed-a33a-26ca59c7db39@group-A4BC7BA8D507-SegmentedRaftLogWorker] INFO  segmented.SegmentedRaftLogWorker (SegmentedRaftLogWorker.java:execute(533)) - cffeb7e5-539e-40ed-a33a-26ca59c7db39@group-A4BC7BA8D507-SegmentedRaftLogWorker: Rolled log segment from /workdir/hadoop-ozone/ozonefs/target/test-dir/MiniOzoneClusterImpl-e0dbfaeb-01f5-418e-88ad-87e550fc10a5/datanode-3/data/ratis/7b52e152-efb8-4710-a87d-a4bc7ba8d507/current/log_inprogress_0 to /workdir/hadoop-ozone/ozonefs/target/test-dir/MiniOzoneClusterImpl-e0dbfaeb-01f5-418e-88ad-87e550fc10a5/datanode-3/data/ratis/7b52e152-efb8-4710-a87d-a4bc7ba8d507/current/log_0-1
2019-11-07 14:43:59,671 [cffeb7e5-539e-40ed-a33a-26ca59c7db39@group-A4BC7BA8D507-LeaderElection11] INFO  impl.RaftServerImpl (ServerState.java:setRaftConf(356)) - cffeb7e5-539e-40ed-a33a-26ca59c7db39@group-A4BC7BA8D507: set configuration 2: [cffeb7e5-539e-40ed-a33a-26ca59c7db39:192.168.34.59:34915, 00bc3fff-080b-4229-97f0-c620c25a950b:192.168.34.59:43864, bdc51000-d74b-40c3-9891-08ea6b2226f6:192.168.34.59:38380], old=null at 2
2019-11-07 14:43:59,705 [grpc-default-executor-2] INFO  impl.RaftServerImpl (ServerState.java:setLeader(255)) - bdc51000-d74b-40c3-9891-08ea6b2226f6@group-A4BC7BA8D507: change Leader from null to cffeb7e5-539e-40ed-a33a-26ca59c7db39 at term 3 for appendEntries, leader elected after 81ms
2019-11-07 14:43:59,705 [grpc-default-executor-0] INFO  impl.RaftServerImpl (ServerState.java:setLeader(255)) - 00bc3fff-080b-4229-97f0-c620c25a950b@group-A4BC7BA8D507: change Leader from null to cffeb7e5-539e-40ed-a33a-26ca59c7db39 at term 3 for appendEntries, leader elected after 82ms
2019-11-07 14:43:59,711 [grpc-default-executor-0] INFO  impl.RaftServerImpl (ServerState.java:setRaftConf(356)) - 00bc3fff-080b-4229-97f0-c620c25a950b@group-A4BC7BA8D507: set configuration 2: [cffeb7e5-539e-40ed-a33a-26ca59c7db39:192.168.34.59:34915, 00bc3fff-080b-4229-97f0-c620c25a950b:192.168.34.59:43864, bdc51000-d74b-40c3-9891-08ea6b2226f6:192.168.34.59:38380], old=null at 2
2019-11-07 14:43:59,711 [grpc-default-executor-2] INFO  impl.RaftServerImpl (ServerState.java:setRaftConf(356)) - bdc51000-d74b-40c3-9891-08ea6b2226f6@group-A4BC7BA8D507: set configuration 2: [cffeb7e5-539e-40ed-a33a-26ca59c7db39:192.168.34.59:34915, 00bc3fff-080b-4229-97f0-c620c25a950b:192.168.34.59:43864, bdc51000-d74b-40c3-9891-08ea6b2226f6:192.168.34.59:38380], old=null at 2
2019-11-07 14:43:59,712 [grpc-default-executor-0] INFO  segmented.SegmentedRaftLogWorker (SegmentedRaftLogWorker.java:rollLogSegment(390)) - 00bc3fff-080b-4229-97f0-c620c25a950b@group-A4BC7BA8D507-SegmentedRaftLogWorker: Rolling segment log-0_1 to index:1
2019-11-07 14:43:59,712 [grpc-default-executor-2] INFO  segmented.SegmentedRaftLogWorker (SegmentedRaftLogWorker.java:rollLogSegment(390)) - bdc51000-d74b-40c3-9891-08ea6b2226f6@group-A4BC7BA8D507-SegmentedRaftLogWorker: Rolling segment log-0_1 to index:1
2019-11-07 14:43:59,714 [00bc3fff-080b-4229-97f0-c620c25a950b@group-A4BC7BA8D507-SegmentedRaftLogWorker] INFO  segmented.SegmentedRaftLogWorker (SegmentedRaftLogWorker.java:execute(533)) - 00bc3fff-080b-4229-97f0-c620c25a950b@group-A4BC7BA8D507-SegmentedRaftLogWorker: Rolled log segment from /workdir/hadoop-ozone/ozonefs/target/test-dir/MiniOzoneClusterImpl-e0dbfaeb-01f5-418e-88ad-87e550fc10a5/datanode-1/data/ratis/7b52e152-efb8-4710-a87d-a4bc7ba8d507/current/log_inprogress_0 to /workdir/hadoop-ozone/ozonefs/target/test-dir/MiniOzoneClusterImpl-e0dbfaeb-01f5-418e-88ad-87e550fc10a5/datanode-1/data/ratis/7b52e152-efb8-4710-a87d-a4bc7ba8d507/current/log_0-1
2019-11-07 14:43:59,714 [bdc51000-d74b-40c3-9891-08ea6b2226f6@group-A4BC7BA8D507-SegmentedRaftLogWorker] INFO  segmented.SegmentedRaftLogWorker (SegmentedRaftLogWorker.java:execute(533)) - bdc51000-d74b-40c3-9891-08ea6b2226f6@group-A4BC7BA8D507-SegmentedRaftLogWorker: Rolled log segment from /workdir/hadoop-ozone/ozonefs/target/test-dir/MiniOzoneClusterImpl-e0dbfaeb-01f5-418e-88ad-87e550fc10a5/datanode-0/data/ratis/7b52e152-efb8-4710-a87d-a4bc7ba8d507/current/log_inprogress_0 to /workdir/hadoop-ozone/ozonefs/target/test-dir/MiniOzoneClusterImpl-e0dbfaeb-01f5-418e-88ad-87e550fc10a5/datanode-0/data/ratis/7b52e152-efb8-4710-a87d-a4bc7ba8d507/current/log_0-1
2019-11-07 14:43:59,715 [cffeb7e5-539e-40ed-a33a-26ca59c7db39@group-A4BC7BA8D507-SegmentedRaftLogWorker] INFO  segmented.SegmentedRaftLogWorker (SegmentedRaftLogWorker.java:execute(576)) - cffeb7e5-539e-40ed-a33a-26ca59c7db39@group-A4BC7BA8D507-SegmentedRaftLogWorker: created new log segment /workdir/hadoop-ozone/ozonefs/target/test-dir/MiniOzoneClusterImpl-e0dbfaeb-01f5-418e-88ad-87e550fc10a5/datanode-3/data/ratis/7b52e152-efb8-4710-a87d-a4bc7ba8d507/current/log_inprogress_2
2019-11-07 14:43:59,767 [00bc3fff-080b-4229-97f0-c620c25a950b@group-A4BC7BA8D507-SegmentedRaftLogWorker] INFO  segmented.SegmentedRaftLogWorker (SegmentedRaftLogWorker.java:execute(576)) - 00bc3fff-080b-4229-97f0-c620c25a950b@group-A4BC7BA8D507-SegmentedRaftLogWorker: created new log segment /workdir/hadoop-ozone/ozonefs/target/test-dir/MiniOzoneClusterImpl-e0dbfaeb-01f5-418e-88ad-87e550fc10a5/datanode-1/data/ratis/7b52e152-efb8-4710-a87d-a4bc7ba8d507/current/log_inprogress_2
2019-11-07 14:43:59,767 [bdc51000-d74b-40c3-9891-08ea6b2226f6@group-A4BC7BA8D507-SegmentedRaftLogWorker] INFO  segmented.SegmentedRaftLogWorker (SegmentedRaftLogWorker.java:execute(576)) - bdc51000-d74b-40c3-9891-08ea6b2226f6@group-A4BC7BA8D507-SegmentedRaftLogWorker: created new log segment /workdir/hadoop-ozone/ozonefs/target/test-dir/MiniOzoneClusterImpl-e0dbfaeb-01f5-418e-88ad-87e550fc10a5/datanode-0/data/ratis/7b52e152-efb8-4710-a87d-a4bc7ba8d507/current/log_inprogress_2
2019-11-07 14:44:00,447 [java.util.concurrent.ThreadPoolExecutor$Worker@151f80db[State = -1, empty queue]] WARN  server.GrpcLogAppender (GrpcLogAppender.java:timeoutAppendRequest(209)) - 00bc3fff-080b-4229-97f0-c620c25a950b@group-A4BC7BA8D507->cffeb7e5-539e-40ed-a33a-26ca59c7db39-GrpcLogAppender: appendEntries Timeout, request=00bc3fff-080b-4229-97f0-c620c25a950b->cffeb7e5-539e-40ed-a33a-26ca59c7db39#9-t2, previous=(t:2, i:1), leaderCommit=0, initializing? false, entries: <empty>
2019-11-07 14:44:00,447 [java.util.concurrent.ThreadPoolExecutor$Worker@3a687c77[State = -1, empty queue]] WARN  server.GrpcLogAppender (GrpcLogAppender.java:timeoutAppendRequest(209)) - 00bc3fff-080b-4229-97f0-c620c25a950b@group-A4BC7BA8D507->bdc51000-d74b-40c3-9891-08ea6b2226f6-GrpcLogAppender: appendEntries Timeout, request=00bc3fff-080b-4229-97f0-c620c25a950b->bdc51000-d74b-40c3-9891-08ea6b2226f6#9-t2, previous=(t:2, i:1), leaderCommit=0, initializing? false, entries: <empty>
2019-11-07 14:44:30,472 [Thread-327] WARN  util.JavaUtils (JavaUtils.java:sleep(238)) - Unexpected long sleep: sleep(5049ms) actually took 5395ms which is over the threshold 300ms
2019-11-07 14:44:58,402 [grpc-default-executor-2] INFO  impl.RaftServerProxy (RaftServerProxy.java:remove(95)) - bdc51000-d74b-40c3-9891-08ea6b2226f6: remove    LEADER bdc51000-d74b-40c3-9891-08ea6b2226f6@group-9FD2CA2D7B77:t1, leader=bdc51000-d74b-40c3-9891-08ea6b2226f6, voted=bdc51000-d74b-40c3-9891-08ea6b2226f6, raftlog=bdc51000-d74b-40c3-9891-08ea6b2226f6@group-9FD2CA2D7B77-SegmentedRaftLog:OPENED:c0,f0,i0, conf=0: [bdc51000-d74b-40c3-9891-08ea6b2226f6:192.168.34.59:38380], old=null RUNNING
2019-11-07 14:44:58,404 [grpc-default-executor-2] INFO  impl.RaftServerImpl (RaftServerImpl.java:lambda$shutdown$3(250)) - bdc51000-d74b-40c3-9891-08ea6b2226f6@group-9FD2CA2D7B77: shutdown
2019-11-07 14:44:58,405 [grpc-default-executor-2] INFO  util.JmxRegister (JmxRegister.java:unregister(73)) - Successfully un-registered JMX Bean with object name Ratis:service=RaftServer,group=group-9FD2CA2D7B77,id=bdc51000-d74b-40c3-9891-08ea6b2226f6
2019-11-07 14:44:58,405 [grpc-default-executor-2] INFO  impl.RoleInfo (RoleInfo.java:shutdownLeaderState(104)) - bdc51000-d74b-40c3-9891-08ea6b2226f6: shutdown LeaderState
2019-11-07 14:44:58,405 [grpc-default-executor-2] INFO  impl.PendingRequests (PendingRequests.java:sendNotLeaderResponses(206)) - bdc51000-d74b-40c3-9891-08ea6b2226f6@group-9FD2CA2D7B77-PendingRequests: sendNotLeaderResponses
2019-11-07 14:44:58,407 [grpc-default-executor-2] INFO  impl.StateMachineUpdater (StateMachineUpdater.java:stopAndJoin(136)) - bdc51000-d74b-40c3-9891-08ea6b2226f6@group-9FD2CA2D7B77-StateMachineUpdater: set stopIndex = 0
2019-11-07 14:44:58,411 [grpc-default-executor-2] INFO  impl.RaftServerImpl (ServerState.java:close(387)) - bdc51000-d74b-40c3-9891-08ea6b2226f6@group-9FD2CA2D7B77: closes. applyIndex: 0
2019-11-07 14:44:58,412 [bdc51000-d74b-40c3-9891-08ea6b2226f6@group-9FD2CA2D7B77-SegmentedRaftLogWorker] INFO  segmented.SegmentedRaftLogWorker (SegmentedRaftLogWorker.java:run(316)) - bdc51000-d74b-40c3-9891-08ea6b2226f6@group-9FD2CA2D7B77-SegmentedRaftLogWorker was interrupted, exiting. There are 0 tasks remaining in the queue.
2019-11-07 14:44:58,413 [grpc-default-executor-2] INFO  segmented.SegmentedRaftLogWorker (SegmentedRaftLogWorker.java:close(224)) - bdc51000-d74b-40c3-9891-08ea6b2226f6@group-9FD2CA2D7B77-SegmentedRaftLogWorker close()
2019-11-07 14:46:26,985 [Thread-209] WARN  io.KeyOutputStream (KeyOutputStream.java:handleException(274)) - Encountered exception java.io.IOException: Unexpected Storage Container Exception: java.lang.InterruptedException on the pipeline Pipeline[ Id: 7b52e152-efb8-4710-a87d-a4bc7ba8d507, Nodes: 00bc3fff-080b-4229-97f0-c620c25a950b{ip: 192.168.34.59, host: pr-hdds-2329-pipelines-xb8hx-2504970213, networkLocation: /default-rack, certSerialId: null}bdc51000-d74b-40c3-9891-08ea6b2226f6{ip: 192.168.34.59, host: pr-hdds-2329-pipelines-xb8hx-2504970213, networkLocation: /default-rack, certSerialId: null}cffeb7e5-539e-40ed-a33a-26ca59c7db39{ip: 192.168.34.59, host: pr-hdds-2329-pipelines-xb8hx-2504970213, networkLocation: /default-rack, certSerialId: null}, Type:RATIS, Factor:THREE, State:OPEN]. The last committed block length is 0, uncommitted data length is 27 retry count 0
2019-11-07 14:46:26,988 [Thread-209] INFO  io.BlockOutputStreamEntryPool (BlockOutputStreamEntryPool.java:allocateNewBlock(257)) - Allocating block with ExcludeList {datanodes = [], containerIds = [], pipelineIds = [PipelineID=7b52e152-efb8-4710-a87d-a4bc7ba8d507]}
]]></system-out>
    <system-err><![CDATA[ERROR StatusLogger No Log4j 2 configuration file found. Using default configuration (logging only errors to the console), or user programmatically provided configurations. Set system property 'log4j2.debug' to show Log4j 2 internal initialization logging. See https://logging.apache.org/log4j/2.x/manual/configuration.html for instructions on how to configure Log4j 2
Nov 07, 2019 2:43:50 PM org.apache.ratis.thirdparty.io.grpc.internal.SerializingExecutor run
SEVERE: Exception while executing runnable org.apache.ratis.thirdparty.io.grpc.internal.ClientCallImpl$ClientStreamListenerImpl$1MessagesAvailable@39e77b8e
java.lang.NullPointerException
	at org.apache.ratis.grpc.server.GrpcLogAppender$AppendLogResponseHandler.onError(GrpcLogAppender.java:303)
	at org.apache.ratis.thirdparty.io.grpc.stub.ClientCalls$StreamObserverToCallListenerAdapter.onClose(ClientCalls.java:434)
	at org.apache.ratis.thirdparty.io.grpc.PartialForwardingClientCallListener.onClose(PartialForwardingClientCallListener.java:39)
	at org.apache.ratis.thirdparty.io.grpc.ForwardingClientCallListener.onClose(ForwardingClientCallListener.java:23)
	at org.apache.ratis.thirdparty.io.grpc.ForwardingClientCallListener$SimpleForwardingClientCallListener.onClose(ForwardingClientCallListener.java:40)
	at org.apache.ratis.thirdparty.io.grpc.internal.CensusStatsModule$StatsClientInterceptor$1$1.onClose(CensusStatsModule.java:678)
	at org.apache.ratis.thirdparty.io.grpc.PartialForwardingClientCallListener.onClose(PartialForwardingClientCallListener.java:39)
	at org.apache.ratis.thirdparty.io.grpc.ForwardingClientCallListener.onClose(ForwardingClientCallListener.java:23)
	at org.apache.ratis.thirdparty.io.grpc.ForwardingClientCallListener$SimpleForwardingClientCallListener.onClose(ForwardingClientCallListener.java:40)
	at org.apache.ratis.thirdparty.io.grpc.internal.CensusTracingModule$TracingClientInterceptor$1$1.onClose(CensusTracingModule.java:397)
	at org.apache.ratis.thirdparty.io.grpc.internal.ClientCallImpl.closeObserver(ClientCallImpl.java:459)
	at org.apache.ratis.thirdparty.io.grpc.internal.ClientCallImpl.access$300(ClientCallImpl.java:63)
	at org.apache.ratis.thirdparty.io.grpc.internal.ClientCallImpl$ClientStreamListenerImpl.close(ClientCallImpl.java:546)
	at org.apache.ratis.thirdparty.io.grpc.internal.ClientCallImpl$ClientStreamListenerImpl.access$600(ClientCallImpl.java:467)
	at org.apache.ratis.thirdparty.io.grpc.internal.ClientCallImpl$ClientStreamListenerImpl$1MessagesAvailable.runInContext(ClientCallImpl.java:531)
	at org.apache.ratis.thirdparty.io.grpc.internal.ContextRunnable.run(ContextRunnable.java:37)
	at org.apache.ratis.thirdparty.io.grpc.internal.SerializingExecutor.run(SerializingExecutor.java:123)
	at java.util.concurrent.ThreadPoolExecutor.runWorker(ThreadPoolExecutor.java:1149)
	at java.util.concurrent.ThreadPoolExecutor$Worker.run(ThreadPoolExecutor.java:624)
	at java.lang.Thread.run(Thread.java:748)

Nov 07, 2019 2:43:50 PM org.apache.ratis.thirdparty.io.grpc.internal.SerializingExecutor run
SEVERE: Exception while executing runnable org.apache.ratis.thirdparty.io.grpc.internal.ServerImpl$JumpToApplicationThreadServerStreamListener$1Closed@31d48c
org.apache.ratis.thirdparty.io.grpc.StatusRuntimeException: CANCELLED: call already cancelled
	at org.apache.ratis.thirdparty.io.grpc.Status.asRuntimeException(Status.java:517)
	at org.apache.ratis.thirdparty.io.grpc.stub.ServerCalls$ServerCallStreamObserverImpl.onCompleted(ServerCalls.java:356)
	at org.apache.ratis.grpc.server.GrpcServerProtocolService$ServerRequestStreamObserver.onError(GrpcServerProtocolService.java:121)
	at org.apache.ratis.thirdparty.io.grpc.stub.ServerCalls$StreamingServerCallHandler$StreamingServerCallListener.onCancel(ServerCalls.java:269)
	at org.apache.ratis.thirdparty.io.grpc.internal.ServerCallImpl$ServerStreamListenerImpl.closed(ServerCallImpl.java:293)
	at org.apache.ratis.thirdparty.io.grpc.internal.ServerImpl$JumpToApplicationThreadServerStreamListener$1Closed.runInContext(ServerImpl.java:741)
	at org.apache.ratis.thirdparty.io.grpc.internal.ContextRunnable.run(ContextRunnable.java:37)
	at org.apache.ratis.thirdparty.io.grpc.internal.SerializingExecutor.run(SerializingExecutor.java:123)
	at java.util.concurrent.ThreadPoolExecutor.runWorker(ThreadPoolExecutor.java:1149)
	at java.util.concurrent.ThreadPoolExecutor$Worker.run(ThreadPoolExecutor.java:624)
	at java.lang.Thread.run(Thread.java:748)

Nov 07, 2019 2:43:52 PM org.apache.ratis.thirdparty.io.grpc.internal.SerializingExecutor run
SEVERE: Exception while executing runnable org.apache.ratis.thirdparty.io.grpc.internal.ClientCallImpl$ClientStreamListenerImpl$1MessagesAvailable@317b9278
java.lang.NullPointerException
	at org.apache.ratis.grpc.server.GrpcLogAppender$AppendLogResponseHandler.onError(GrpcLogAppender.java:303)
	at org.apache.ratis.thirdparty.io.grpc.stub.ClientCalls$StreamObserverToCallListenerAdapter.onClose(ClientCalls.java:434)
	at org.apache.ratis.thirdparty.io.grpc.PartialForwardingClientCallListener.onClose(PartialForwardingClientCallListener.java:39)
	at org.apache.ratis.thirdparty.io.grpc.ForwardingClientCallListener.onClose(ForwardingClientCallListener.java:23)
	at org.apache.ratis.thirdparty.io.grpc.ForwardingClientCallListener$SimpleForwardingClientCallListener.onClose(ForwardingClientCallListener.java:40)
	at org.apache.ratis.thirdparty.io.grpc.internal.CensusStatsModule$StatsClientInterceptor$1$1.onClose(CensusStatsModule.java:678)
	at org.apache.ratis.thirdparty.io.grpc.PartialForwardingClientCallListener.onClose(PartialForwardingClientCallListener.java:39)
	at org.apache.ratis.thirdparty.io.grpc.ForwardingClientCallListener.onClose(ForwardingClientCallListener.java:23)
	at org.apache.ratis.thirdparty.io.grpc.ForwardingClientCallListener$SimpleForwardingClientCallListener.onClose(ForwardingClientCallListener.java:40)
	at org.apache.ratis.thirdparty.io.grpc.internal.CensusTracingModule$TracingClientInterceptor$1$1.onClose(CensusTracingModule.java:397)
	at org.apache.ratis.thirdparty.io.grpc.internal.ClientCallImpl.closeObserver(ClientCallImpl.java:459)
	at org.apache.ratis.thirdparty.io.grpc.internal.ClientCallImpl.access$300(ClientCallImpl.java:63)
	at org.apache.ratis.thirdparty.io.grpc.internal.ClientCallImpl$ClientStreamListenerImpl.close(ClientCallImpl.java:546)
	at org.apache.ratis.thirdparty.io.grpc.internal.ClientCallImpl$ClientStreamListenerImpl.access$600(ClientCallImpl.java:467)
	at org.apache.ratis.thirdparty.io.grpc.internal.ClientCallImpl$ClientStreamListenerImpl$1MessagesAvailable.runInContext(ClientCallImpl.java:531)
	at org.apache.ratis.thirdparty.io.grpc.internal.ContextRunnable.run(ContextRunnable.java:37)
	at org.apache.ratis.thirdparty.io.grpc.internal.SerializingExecutor.run(SerializingExecutor.java:123)
	at java.util.concurrent.ThreadPoolExecutor.runWorker(ThreadPoolExecutor.java:1149)
	at java.util.concurrent.ThreadPoolExecutor$Worker.run(ThreadPoolExecutor.java:624)
	at java.lang.Thread.run(Thread.java:748)

Nov 07, 2019 2:43:52 PM org.apache.ratis.thirdparty.io.grpc.internal.SerializingExecutor run
SEVERE: Exception while executing runnable org.apache.ratis.thirdparty.io.grpc.internal.ServerImpl$JumpToApplicationThreadServerStreamListener$1Closed@4eca6b0b
org.apache.ratis.thirdparty.io.grpc.StatusRuntimeException: CANCELLED: call already cancelled
	at org.apache.ratis.thirdparty.io.grpc.Status.asRuntimeException(Status.java:517)
	at org.apache.ratis.thirdparty.io.grpc.stub.ServerCalls$ServerCallStreamObserverImpl.onCompleted(ServerCalls.java:356)
	at org.apache.ratis.grpc.server.GrpcServerProtocolService$ServerRequestStreamObserver.onError(GrpcServerProtocolService.java:121)
	at org.apache.ratis.thirdparty.io.grpc.stub.ServerCalls$StreamingServerCallHandler$StreamingServerCallListener.onCancel(ServerCalls.java:269)
	at org.apache.ratis.thirdparty.io.grpc.internal.ServerCallImpl$ServerStreamListenerImpl.closed(ServerCallImpl.java:293)
	at org.apache.ratis.thirdparty.io.grpc.internal.ServerImpl$JumpToApplicationThreadServerStreamListener$1Closed.runInContext(ServerImpl.java:741)
	at org.apache.ratis.thirdparty.io.grpc.internal.ContextRunnable.run(ContextRunnable.java:37)
	at org.apache.ratis.thirdparty.io.grpc.internal.SerializingExecutor.run(SerializingExecutor.java:123)
	at java.util.concurrent.ThreadPoolExecutor.runWorker(ThreadPoolExecutor.java:1149)
	at java.util.concurrent.ThreadPoolExecutor$Worker.run(ThreadPoolExecutor.java:624)
	at java.lang.Thread.run(Thread.java:748)

]]></system-err>
  </testcase>
  <testcase name="testRenamePopulatesFileAncestors" classname="org.apache.hadoop.fs.ozone.contract.ITestOzoneContractRename" time="1.013"/>
  <testcase name="testRenameFileOverExistingFile" classname="org.apache.hadoop.fs.ozone.contract.ITestOzoneContractRename" time="0.725"/>
  <testcase name="testRenameFileNonexistentDir" classname="org.apache.hadoop.fs.ozone.contract.ITestOzoneContractRename" time="0.344"/>
  <testcase name="testRenamePopulatesDirectoryAncestors" classname="org.apache.hadoop.fs.ozone.contract.ITestOzoneContractRename" time="0.379"/>
  <testcase name="testRenameNewFileSameDir" classname="org.apache.hadoop.fs.ozone.contract.ITestOzoneContractRename" time="0.414"/>
  <testcase name="testRenameNonexistentFile" classname="org.apache.hadoop.fs.ozone.contract.ITestOzoneContractRename" time="0.217"/>
  <testcase name="testRenameDirIntoExistingDir" classname="org.apache.hadoop.fs.ozone.contract.ITestOzoneContractRename" time="0.63"/>
</testsuite>