<?xml version="1.0" encoding="UTF-8"?>
<testsuite xmlns:xsi="http://www.w3.org/2001/XMLSchema-instance" xsi:noNamespaceSchemaLocation="https://maven.apache.org/surefire/maven-surefire-plugin/xsd/surefire-test-report.xsd" name="org.apache.hadoop.ozone.freon.TestFreonWithPipelineDestroy" time="51.025" tests="1" errors="1" skipped="0" failures="0">
  <properties>
    <property name="awt.toolkit" value="sun.awt.X11.XToolkit"/>
    <property name="file.encoding.pkg" value="sun.io"/>
    <property name="java.specification.version" value="1.8"/>
    <property name="sun.cpu.isalist" value=""/>
    <property name="sun.jnu.encoding" value="ANSI_X3.4-1968"/>
    <property name="java.class.path" value="/workdir/hadoop-ozone/tools/target/test-classes:/workdir/hadoop-ozone/tools/target/classes:/home/user/.m2/repository/org/apache/hadoop/hadoop-ozone-ozone-manager/0.5.0-SNAPSHOT/hadoop-ozone-ozone-manager-0.5.0-SNAPSHOT.jar:/home/user/.m2/repository/org/apache/hadoop/hadoop-hdds-docs/0.5.0-SNAPSHOT/hadoop-hdds-docs-0.5.0-SNAPSHOT.jar:/home/user/.m2/repository/org/bouncycastle/bcprov-jdk15on/1.60/bcprov-jdk15on-1.60.jar:/home/user/.m2/repository/org/apache/hadoop/hadoop-ozone-common/0.5.0-SNAPSHOT/hadoop-ozone-common-0.5.0-SNAPSHOT.jar:/home/user/.m2/repository/org/apache/commons/commons-compress/1.4.1/commons-compress-1.4.1.jar:/home/user/.m2/repository/org/tukaani/xz/1.0/xz-1.0.jar:/home/user/.m2/repository/org/apache/hadoop/hadoop-hdfs-client/3.2.0/hadoop-hdfs-client-3.2.0.jar:/home/user/.m2/repository/com/fasterxml/jackson/core/jackson-annotations/2.9.9/jackson-annotations-2.9.9.jar:/home/user/.m2/repository/org/apache/hadoop/hadoop-hdds-common/0.5.0-SNAPSHOT/hadoop-hdds-common-0.5.0-SNAPSHOT.jar:/home/user/.m2/repository/org/apache/hadoop/hadoop-hdds-config/0.5.0-SNAPSHOT/hadoop-hdds-config-0.5.0-SNAPSHOT.jar:/home/user/.m2/repository/javax/annotation/javax.annotation-api/1.2/javax.annotation-api-1.2.jar:/home/user/.m2/repository/org/apache/ratis/ratis-server/0.5.0-d6d58d0-SNAPSHOT/ratis-server-0.5.0-d6d58d0-SNAPSHOT.jar:/home/user/.m2/repository/org/apache/ratis/ratis-thirdparty-misc/0.2.0/ratis-thirdparty-misc-0.2.0.jar:/home/user/.m2/repository/org/apache/ratis/ratis-proto/0.5.0-d6d58d0-SNAPSHOT/ratis-proto-0.5.0-d6d58d0-SNAPSHOT.jar:/home/user/.m2/repository/org/apache/ratis/ratis-common/0.5.0-d6d58d0-SNAPSHOT/ratis-common-0.5.0-d6d58d0-SNAPSHOT.jar:/home/user/.m2/repository/org/apache/ratis/ratis-client/0.5.0-d6d58d0-SNAPSHOT/ratis-client-0.5.0-d6d58d0-SNAPSHOT.jar:/home/user/.m2/repository/org/apache/ratis/ratis-metrics/0.5.0-d6d58d0-SNAPSHOT/ratis-metrics-0.5.0-d6d58d0-SNAPSHOT.jar:/home/user/.m2/repository/org/apache/ratis/ratis-netty/0.5.0-d6d58d0-SNAPSHOT/ratis-netty-0.5.0-d6d58d0-SNAPSHOT.jar:/home/user/.m2/repository/org/apache/ratis/ratis-grpc/0.5.0-d6d58d0-SNAPSHOT/ratis-grpc-0.5.0-d6d58d0-SNAPSHOT.jar:/home/user/.m2/repository/org/rocksdb/rocksdbjni/6.0.1/rocksdbjni-6.0.1.jar:/home/user/.m2/repository/org/apache/logging/log4j/log4j-api/2.11.0/log4j-api-2.11.0.jar:/home/user/.m2/repository/org/apache/logging/log4j/log4j-core/2.11.0/log4j-core-2.11.0.jar:/home/user/.m2/repository/com/lmax/disruptor/3.4.2/disruptor-3.4.2.jar:/home/user/.m2/repository/org/apache/commons/commons-pool2/2.6.0/commons-pool2-2.6.0.jar:/home/user/.m2/repository/org/bouncycastle/bcpkix-jdk15on/1.60/bcpkix-jdk15on-1.60.jar:/home/user/.m2/repository/commons-validator/commons-validator/1.6/commons-validator-1.6.jar:/home/user/.m2/repository/commons-digester/commons-digester/1.8.1/commons-digester-1.8.1.jar:/home/user/.m2/repository/io/jaegertracing/jaeger-client/0.34.0/jaeger-client-0.34.0.jar:/home/user/.m2/repository/io/jaegertracing/jaeger-thrift/0.34.0/jaeger-thrift-0.34.0.jar:/home/user/.m2/repository/org/apache/thrift/libthrift/0.12.0/libthrift-0.12.0.jar:/home/user/.m2/repository/com/squareup/okhttp3/okhttp/3.9.0/okhttp-3.9.0.jar:/home/user/.m2/repository/com/squareup/okio/okio/1.13.0/okio-1.13.0.jar:/home/user/.m2/repository/io/jaegertracing/jaeger-core/0.34.0/jaeger-core-0.34.0.jar:/home/user/.m2/repository/io/jaegertracing/jaeger-tracerresolver/0.34.0/jaeger-tracerresolver-0.34.0.jar:/home/user/.m2/repository/io/opentracing/contrib/opentracing-tracerresolver/0.1.5/opentracing-tracerresolver-0.1.5.jar:/home/user/.m2/repository/io/opentracing/opentracing-util/0.31.0/opentracing-util-0.31.0.jar:/home/user/.m2/repository/io/opentracing/opentracing-api/0.31.0/opentracing-api-0.31.0.jar:/home/user/.m2/repository/io/opentracing/opentracing-noop/0.31.0/opentracing-noop-0.31.0.jar:/home/user/.m2/repository/org/yaml/snakeyaml/1.16/snakeyaml-1.16.jar:/home/user/.m2/repository/org/apache/hadoop/hadoop-hdds-container-service/0.5.0-SNAPSHOT/hadoop-hdds-container-service-0.5.0-SNAPSHOT.jar:/home/user/.m2/repository/org/apache/hadoop/hadoop-hdds-client/0.5.0-SNAPSHOT/hadoop-hdds-client-0.5.0-SNAPSHOT.jar:/home/user/.m2/repository/org/apache/hadoop/hadoop-hdds-tools/0.5.0-SNAPSHOT/hadoop-hdds-tools-0.5.0-SNAPSHOT.jar:/home/user/.m2/repository/org/xerial/sqlite-jdbc/3.25.2/sqlite-jdbc-3.25.2.jar:/home/user/.m2/repository/org/apache/hadoop/hadoop-hdds-server-scm/0.5.0-SNAPSHOT/hadoop-hdds-server-scm-0.5.0-SNAPSHOT.jar:/home/user/.m2/repository/org/hamcrest/hamcrest-all/1.3/hamcrest-all-1.3.jar:/home/user/.m2/repository/info/picocli/picocli/3.9.6/picocli-3.9.6.jar:/home/user/.m2/repository/com/google/protobuf/protobuf-java/2.5.0/protobuf-java-2.5.0.jar:/home/user/.m2/repository/com/google/guava/guava/11.0.2/guava-11.0.2.jar:/home/user/.m2/repository/org/apache/hadoop/hadoop-ozone-client/0.5.0-SNAPSHOT/hadoop-ozone-client-0.5.0-SNAPSHOT.jar:/workdir/hadoop-ozone/ozonefs/target/classes:/home/user/.m2/repository/org/apache/httpcomponents/httpclient/4.5.2/httpclient-4.5.2.jar:/home/user/.m2/repository/org/apache/httpcomponents/httpcore/4.4.4/httpcore-4.4.4.jar:/home/user/.m2/repository/org/apache/hadoop/hadoop-hdds-server-framework/0.5.0-SNAPSHOT/hadoop-hdds-server-framework-0.5.0-SNAPSHOT.jar:/home/user/.m2/repository/org/apache/hadoop/hadoop-common/3.2.0/hadoop-common-3.2.0.jar:/home/user/.m2/repository/org/apache/hadoop/hadoop-annotations/3.2.0/hadoop-annotations-3.2.0.jar:/usr/lib/jvm/java-1.8.0-openjdk-1.8.0.222.b10-1.el7_7.x86_64/jre/../lib/tools.jar:/home/user/.m2/repository/commons-cli/commons-cli/1.2/commons-cli-1.2.jar:/home/user/.m2/repository/org/apache/commons/commons-math3/3.1.1/commons-math3-3.1.1.jar:/home/user/.m2/repository/commons-codec/commons-codec/1.11/commons-codec-1.11.jar:/home/user/.m2/repository/commons-io/commons-io/2.5/commons-io-2.5.jar:/home/user/.m2/repository/commons-net/commons-net/3.6/commons-net-3.6.jar:/home/user/.m2/repository/commons-collections/commons-collections/3.2.2/commons-collections-3.2.2.jar:/home/user/.m2/repository/javax/servlet/javax.servlet-api/3.1.0/javax.servlet-api-3.1.0.jar:/home/user/.m2/repository/org/eclipse/jetty/jetty-server/9.3.25.v20180904/jetty-server-9.3.25.v20180904.jar:/home/user/.m2/repository/org/eclipse/jetty/jetty-http/9.3.25.v20180904/jetty-http-9.3.25.v20180904.jar:/home/user/.m2/repository/org/eclipse/jetty/jetty-io/9.3.25.v20180904/jetty-io-9.3.25.v20180904.jar:/home/user/.m2/repository/org/eclipse/jetty/jetty-util/9.3.25.v20180904/jetty-util-9.3.25.v20180904.jar:/home/user/.m2/repository/org/eclipse/jetty/jetty-servlet/9.3.25.v20180904/jetty-servlet-9.3.25.v20180904.jar:/home/user/.m2/repository/org/eclipse/jetty/jetty-security/9.3.25.v20180904/jetty-security-9.3.25.v20180904.jar:/home/user/.m2/repository/org/eclipse/jetty/jetty-webapp/9.3.25.v20180904/jetty-webapp-9.3.25.v20180904.jar:/home/user/.m2/repository/org/eclipse/jetty/jetty-xml/9.3.25.v20180904/jetty-xml-9.3.25.v20180904.jar:/home/user/.m2/repository/javax/servlet/jsp/jsp-api/2.1/jsp-api-2.1.jar:/home/user/.m2/repository/com/sun/jersey/jersey-core/1.19/jersey-core-1.19.jar:/home/user/.m2/repository/javax/ws/rs/jsr311-api/1.1.1/jsr311-api-1.1.1.jar:/home/user/.m2/repository/com/sun/jersey/jersey-servlet/1.19/jersey-servlet-1.19.jar:/home/user/.m2/repository/com/sun/jersey/jersey-json/1.19/jersey-json-1.19.jar:/home/user/.m2/repository/org/codehaus/jettison/jettison/1.1/jettison-1.1.jar:/home/user/.m2/repository/com/sun/xml/bind/jaxb-impl/2.3.0.1/jaxb-impl-2.3.0.1.jar:/home/user/.m2/repository/org/codehaus/jackson/jackson-core-asl/1.9.13/jackson-core-asl-1.9.13.jar:/home/user/.m2/repository/org/codehaus/jackson/jackson-mapper-asl/1.9.13/jackson-mapper-asl-1.9.13.jar:/home/user/.m2/repository/org/codehaus/jackson/jackson-jaxrs/1.9.13/jackson-jaxrs-1.9.13.jar:/home/user/.m2/repository/org/codehaus/jackson/jackson-xc/1.9.13/jackson-xc-1.9.13.jar:/home/user/.m2/repository/com/sun/jersey/jersey-server/1.19/jersey-server-1.19.jar:/home/user/.m2/repository/commons-logging/commons-logging/1.1.3/commons-logging-1.1.3.jar:/home/user/.m2/repository/log4j/log4j/1.2.17/log4j-1.2.17.jar:/home/user/.m2/repository/commons-beanutils/commons-beanutils/1.9.4/commons-beanutils-1.9.4.jar:/home/user/.m2/repository/org/apache/commons/commons-configuration2/2.1.1/commons-configuration2-2.1.1.jar:/home/user/.m2/repository/org/apache/commons/commons-lang3/3.7/commons-lang3-3.7.jar:/home/user/.m2/repository/org/apache/commons/commons-text/1.4/commons-text-1.4.jar:/home/user/.m2/repository/org/slf4j/slf4j-api/1.7.25/slf4j-api-1.7.25.jar:/home/user/.m2/repository/org/slf4j/slf4j-log4j12/1.7.25/slf4j-log4j12-1.7.25.jar:/home/user/.m2/repository/org/apache/avro/avro/1.7.7/avro-1.7.7.jar:/home/user/.m2/repository/com/thoughtworks/paranamer/paranamer/2.3/paranamer-2.3.jar:/home/user/.m2/repository/org/xerial/snappy/snappy-java/1.0.5/snappy-java-1.0.5.jar:/home/user/.m2/repository/com/google/re2j/re2j/1.1/re2j-1.1.jar:/home/user/.m2/repository/com/google/code/gson/gson/2.2.4/gson-2.2.4.jar:/home/user/.m2/repository/org/apache/hadoop/hadoop-auth/3.2.0/hadoop-auth-3.2.0.jar:/home/user/.m2/repository/com/nimbusds/nimbus-jose-jwt/4.41.1/nimbus-jose-jwt-4.41.1.jar:/home/user/.m2/repository/com/github/stephenc/jcip/jcip-annotations/1.0-1/jcip-annotations-1.0-1.jar:/home/user/.m2/repository/net/minidev/json-smart/2.3/json-smart-2.3.jar:/home/user/.m2/repository/net/minidev/accessors-smart/1.2/accessors-smart-1.2.jar:/home/user/.m2/repository/org/apache/curator/curator-framework/2.12.0/curator-framework-2.12.0.jar:/home/user/.m2/repository/com/jcraft/jsch/0.1.54/jsch-0.1.54.jar:/home/user/.m2/repository/org/apache/curator/curator-client/2.12.0/curator-client-2.12.0.jar:/home/user/.m2/repository/org/apache/curator/curator-recipes/2.12.0/curator-recipes-2.12.0.jar:/home/user/.m2/repository/com/google/code/findbugs/jsr305/3.0.0/jsr305-3.0.0.jar:/home/user/.m2/repository/org/apache/htrace/htrace-core4/4.1.0-incubating/htrace-core4-4.1.0-incubating.jar:/home/user/.m2/repository/org/apache/zookeeper/zookeeper/3.4.13/zookeeper-3.4.13.jar:/home/user/.m2/repository/jline/jline/0.9.94/jline-0.9.94.jar:/home/user/.m2/repository/org/apache/yetus/audience-annotations/0.5.0/audience-annotations-0.5.0.jar:/home/user/.m2/repository/org/apache/kerby/kerb-simplekdc/1.0.1/kerb-simplekdc-1.0.1.jar:/home/user/.m2/repository/org/apache/kerby/kerb-client/1.0.1/kerb-client-1.0.1.jar:/home/user/.m2/repository/org/apache/kerby/kerby-config/1.0.1/kerby-config-1.0.1.jar:/home/user/.m2/repository/org/apache/kerby/kerb-core/1.0.1/kerb-core-1.0.1.jar:/home/user/.m2/repository/org/apache/kerby/kerby-pkix/1.0.1/kerby-pkix-1.0.1.jar:/home/user/.m2/repository/org/apache/kerby/kerby-asn1/1.0.1/kerby-asn1-1.0.1.jar:/home/user/.m2/repository/org/apache/kerby/kerby-util/1.0.1/kerby-util-1.0.1.jar:/home/user/.m2/repository/org/apache/kerby/kerb-common/1.0.1/kerb-common-1.0.1.jar:/home/user/.m2/repository/org/apache/kerby/kerb-crypto/1.0.1/kerb-crypto-1.0.1.jar:/home/user/.m2/repository/org/apache/kerby/kerb-util/1.0.1/kerb-util-1.0.1.jar:/home/user/.m2/repository/org/apache/kerby/token-provider/1.0.1/token-provider-1.0.1.jar:/home/user/.m2/repository/org/apache/kerby/kerb-admin/1.0.1/kerb-admin-1.0.1.jar:/home/user/.m2/repository/org/apache/kerby/kerb-server/1.0.1/kerb-server-1.0.1.jar:/home/user/.m2/repository/org/apache/kerby/kerb-identity/1.0.1/kerb-identity-1.0.1.jar:/home/user/.m2/repository/org/apache/kerby/kerby-xdr/1.0.1/kerby-xdr-1.0.1.jar:/home/user/.m2/repository/com/fasterxml/jackson/core/jackson-databind/2.9.9/jackson-databind-2.9.9.jar:/home/user/.m2/repository/com/fasterxml/jackson/core/jackson-core/2.9.9/jackson-core-2.9.9.jar:/home/user/.m2/repository/org/codehaus/woodstox/stax2-api/3.1.4/stax2-api-3.1.4.jar:/home/user/.m2/repository/com/fasterxml/woodstox/woodstox-core/5.0.3/woodstox-core-5.0.3.jar:/home/user/.m2/repository/dnsjava/dnsjava/2.1.7/dnsjava-2.1.7.jar:/home/user/.m2/repository/org/apache/hadoop/hadoop-hdfs/3.2.0/hadoop-hdfs-3.2.0.jar:/home/user/.m2/repository/org/eclipse/jetty/jetty-util-ajax/9.3.25.v20180904/jetty-util-ajax-9.3.25.v20180904.jar:/home/user/.m2/repository/commons-daemon/commons-daemon/1.0.13/commons-daemon-1.0.13.jar:/home/user/.m2/repository/io/netty/netty/3.10.5.Final/netty-3.10.5.Final.jar:/home/user/.m2/repository/io/netty/netty-all/4.0.52.Final/netty-all-4.0.52.Final.jar:/home/user/.m2/repository/org/fusesource/leveldbjni/leveldbjni-all/1.8/leveldbjni-all-1.8.jar:/home/user/.m2/repository/com/sun/xml/bind/jaxb-core/2.3.0.1/jaxb-core-2.3.0.1.jar:/home/user/.m2/repository/javax/xml/bind/jaxb-api/2.3.0/jaxb-api-2.3.0.jar:/home/user/.m2/repository/javax/activation/activation/1.1.1/activation-1.1.1.jar:/home/user/.m2/repository/org/openjdk/jmh/jmh-core/1.19/jmh-core-1.19.jar:/home/user/.m2/repository/net/sf/jopt-simple/jopt-simple/4.6/jopt-simple-4.6.jar:/home/user/.m2/repository/org/openjdk/jmh/jmh-generator-annprocess/1.19/jmh-generator-annprocess-1.19.jar:/home/user/.m2/repository/io/dropwizard/metrics/metrics-core/3.2.4/metrics-core-3.2.4.jar:/home/user/.m2/repository/com/amazonaws/aws-java-sdk-s3/1.11.615/aws-java-sdk-s3-1.11.615.jar:/home/user/.m2/repository/com/amazonaws/aws-java-sdk-kms/1.11.615/aws-java-sdk-kms-1.11.615.jar:/home/user/.m2/repository/com/amazonaws/aws-java-sdk-core/1.11.615/aws-java-sdk-core-1.11.615.jar:/home/user/.m2/repository/software/amazon/ion/ion-java/1.0.2/ion-java-1.0.2.jar:/home/user/.m2/repository/com/fasterxml/jackson/dataformat/jackson-dataformat-cbor/2.9.9/jackson-dataformat-cbor-2.9.9.jar:/home/user/.m2/repository/joda-time/joda-time/2.9.9/joda-time-2.9.9.jar:/home/user/.m2/repository/com/amazonaws/jmespath-java/1.11.615/jmespath-java-1.11.615.jar:/home/user/.m2/repository/com/github/spotbugs/spotbugs/3.1.12/spotbugs-3.1.12.jar:/home/user/.m2/repository/org/ow2/asm/asm/5.0.4/asm-5.0.4.jar:/home/user/.m2/repository/org/ow2/asm/asm-analysis/7.0/asm-analysis-7.0.jar:/home/user/.m2/repository/org/ow2/asm/asm-commons/7.0/asm-commons-7.0.jar:/home/user/.m2/repository/org/ow2/asm/asm-tree/7.0/asm-tree-7.0.jar:/home/user/.m2/repository/org/ow2/asm/asm-util/7.0/asm-util-7.0.jar:/home/user/.m2/repository/org/apache/bcel/bcel/6.3/bcel-6.3.jar:/home/user/.m2/repository/net/jcip/jcip-annotations/1.0/jcip-annotations-1.0.jar:/home/user/.m2/repository/org/dom4j/dom4j/2.1.1/dom4j-2.1.1.jar:/home/user/.m2/repository/jaxen/jaxen/1.1.6/jaxen-1.1.6.jar:/home/user/.m2/repository/commons-lang/commons-lang/2.6/commons-lang-2.6.jar:/home/user/.m2/repository/com/github/spotbugs/spotbugs-annotations/3.1.12/spotbugs-annotations-3.1.12.jar:/home/user/.m2/repository/junit/junit/4.11/junit-4.11.jar:/home/user/.m2/repository/org/hamcrest/hamcrest-core/1.3/hamcrest-core-1.3.jar:/home/user/.m2/repository/org/apache/hadoop/hadoop-common/3.2.0/hadoop-common-3.2.0-tests.jar:/workdir/hadoop-ozone/integration-test/target/test-classes:/home/user/.m2/repository/org/apache/hadoop/hadoop-ozone-s3gateway/0.5.0-SNAPSHOT/hadoop-ozone-s3gateway-0.5.0-SNAPSHOT.jar:/home/user/.m2/repository/org/jboss/weld/servlet/weld-servlet/2.4.7.Final/weld-servlet-2.4.7.Final.jar:/home/user/.m2/repository/org/glassfish/jersey/containers/jersey-container-servlet-core/2.27/jersey-container-servlet-core-2.27.jar:/home/user/.m2/repository/org/glassfish/hk2/external/javax.inject/2.5.0-b42/javax.inject-2.5.0-b42.jar:/home/user/.m2/repository/org/glassfish/jersey/core/jersey-common/2.27/jersey-common-2.27.jar:/home/user/.m2/repository/org/glassfish/hk2/osgi-resource-locator/1.0.1/osgi-resource-locator-1.0.1.jar:/home/user/.m2/repository/javax/ws/rs/javax.ws.rs-api/2.1/javax.ws.rs-api-2.1.jar:/home/user/.m2/repository/org/glassfish/jersey/ext/cdi/jersey-cdi1x/2.27/jersey-cdi1x-2.27.jar:/home/user/.m2/repository/org/glassfish/jersey/inject/jersey-hk2/2.27/jersey-hk2-2.27.jar:/home/user/.m2/repository/org/glassfish/hk2/hk2-locator/2.5.0-b42/hk2-locator-2.5.0-b42.jar:/home/user/.m2/repository/org/javassist/javassist/3.22.0-CR2/javassist-3.22.0-CR2.jar:/home/user/.m2/repository/org/glassfish/hk2/hk2-api/2.5.0/hk2-api-2.5.0.jar:/home/user/.m2/repository/org/glassfish/hk2/external/jakarta.inject/2.5.0/jakarta.inject-2.5.0.jar:/home/user/.m2/repository/org/glassfish/hk2/hk2-utils/2.5.0/hk2-utils-2.5.0.jar:/home/user/.m2/repository/jakarta/annotation/jakarta.annotation-api/1.3.4/jakarta.annotation-api-1.3.4.jar:/home/user/.m2/repository/org/glassfish/hk2/external/aopalliance-repackaged/2.5.0/aopalliance-repackaged-2.5.0.jar:/home/user/.m2/repository/com/fasterxml/jackson/dataformat/jackson-dataformat-xml/2.9.0/jackson-dataformat-xml-2.9.0.jar:/home/user/.m2/repository/com/fasterxml/jackson/module/jackson-module-jaxb-annotations/2.9.9/jackson-module-jaxb-annotations-2.9.9.jar:/home/user/.m2/repository/javax/enterprise/cdi-api/1.2/cdi-api-1.2.jar:/home/user/.m2/repository/javax/el/javax.el-api/3.0.0/javax.el-api-3.0.0.jar:/home/user/.m2/repository/javax/interceptor/javax.interceptor-api/1.2/javax.interceptor-api-1.2.jar:/home/user/.m2/repository/javax/inject/javax.inject/1/javax.inject-1.jar:/home/user/.m2/repository/org/apache/hadoop/hadoop-ozone-csi/0.5.0-SNAPSHOT/hadoop-ozone-csi-0.5.0-SNAPSHOT.jar:/home/user/.m2/repository/com/google/protobuf/protobuf-java-util/3.5.1/protobuf-java-util-3.5.1.jar:/home/user/.m2/repository/io/grpc/grpc-netty/1.17.1/grpc-netty-1.17.1.jar:/home/user/.m2/repository/io/grpc/grpc-core/1.17.1/grpc-core-1.17.1.jar:/home/user/.m2/repository/io/grpc/grpc-context/1.17.1/grpc-context-1.17.1.jar:/home/user/.m2/repository/com/google/errorprone/error_prone_annotations/2.2.0/error_prone_annotations-2.2.0.jar:/home/user/.m2/repository/org/codehaus/mojo/animal-sniffer-annotations/1.17/animal-sniffer-annotations-1.17.jar:/home/user/.m2/repository/io/opencensus/opencensus-api/0.17.0/opencensus-api-0.17.0.jar:/home/user/.m2/repository/io/opencensus/opencensus-contrib-grpc-metrics/0.17.0/opencensus-contrib-grpc-metrics-0.17.0.jar:/home/user/.m2/repository/io/netty/netty-codec-http2/4.1.30.Final/netty-codec-http2-4.1.30.Final.jar:/home/user/.m2/repository/io/netty/netty-codec-http/4.1.30.Final/netty-codec-http-4.1.30.Final.jar:/home/user/.m2/repository/io/netty/netty-codec/4.1.30.Final/netty-codec-4.1.30.Final.jar:/home/user/.m2/repository/io/netty/netty-handler/4.1.30.Final/netty-handler-4.1.30.Final.jar:/home/user/.m2/repository/io/netty/netty-handler-proxy/4.1.30.Final/netty-handler-proxy-4.1.30.Final.jar:/home/user/.m2/repository/io/netty/netty-codec-socks/4.1.30.Final/netty-codec-socks-4.1.30.Final.jar:/home/user/.m2/repository/io/netty/netty-transport-native-epoll/4.1.30.Final/netty-transport-native-epoll-4.1.30.Final.jar:/home/user/.m2/repository/io/netty/netty-common/4.1.30.Final/netty-common-4.1.30.Final.jar:/home/user/.m2/repository/io/netty/netty-buffer/4.1.30.Final/netty-buffer-4.1.30.Final.jar:/home/user/.m2/repository/io/netty/netty-transport/4.1.30.Final/netty-transport-4.1.30.Final.jar:/home/user/.m2/repository/io/netty/netty-resolver/4.1.30.Final/netty-resolver-4.1.30.Final.jar:/home/user/.m2/repository/io/netty/netty-transport-native-unix-common/4.1.30.Final/netty-transport-native-unix-common-4.1.30.Final.jar:/home/user/.m2/repository/io/grpc/grpc-protobuf/1.17.1/grpc-protobuf-1.17.1.jar:/home/user/.m2/repository/com/google/api/grpc/proto-google-common-protos/1.0.0/proto-google-common-protos-1.0.0.jar:/home/user/.m2/repository/io/grpc/grpc-protobuf-lite/1.17.1/grpc-protobuf-lite-1.17.1.jar:/home/user/.m2/repository/io/grpc/grpc-stub/1.17.1/grpc-stub-1.17.1.jar:/home/user/.m2/repository/org/apache/hadoop/hadoop-ozone-recon/0.5.0-SNAPSHOT/hadoop-ozone-recon-0.5.0-SNAPSHOT.jar:/home/user/.m2/repository/org/apache/hadoop/hadoop-ozone-reconcodegen/0.5.0-SNAPSHOT/hadoop-ozone-reconcodegen-0.5.0-SNAPSHOT.jar:/home/user/.m2/repository/com/google/inject/extensions/guice-multibindings/4.0/guice-multibindings-4.0.jar:/home/user/.m2/repository/com/google/inject/guice/4.0/guice-4.0.jar:/home/user/.m2/repository/aopalliance/aopalliance/1.0/aopalliance-1.0.jar:/home/user/.m2/repository/com/google/inject/extensions/guice-servlet/4.0/guice-servlet-4.0.jar:/home/user/.m2/repository/org/glassfish/jersey/containers/jersey-container-servlet/2.27/jersey-container-servlet-2.27.jar:/home/user/.m2/repository/org/glassfish/hk2/guice-bridge/2.5.0/guice-bridge-2.5.0.jar:/home/user/.m2/repository/org/glassfish/jersey/core/jersey-server/2.27/jersey-server-2.27.jar:/home/user/.m2/repository/org/glassfish/jersey/core/jersey-client/2.27/jersey-client-2.27.jar:/home/user/.m2/repository/org/glassfish/jersey/media/jersey-media-jaxb/2.27/jersey-media-jaxb-2.27.jar:/home/user/.m2/repository/javax/validation/validation-api/1.1.0.Final/validation-api-1.1.0.Final.jar:/home/user/.m2/repository/org/glassfish/jersey/media/jersey-media-json-jackson/2.27/jersey-media-json-jackson-2.27.jar:/home/user/.m2/repository/org/glassfish/jersey/ext/jersey-entity-filtering/2.27/jersey-entity-filtering-2.27.jar:/home/user/.m2/repository/com/google/inject/extensions/guice-assistedinject/4.0/guice-assistedinject-4.0.jar:/home/user/.m2/repository/org/jooq/jooq/3.11.10/jooq-3.11.10.jar:/home/user/.m2/repository/org/jooq/jooq-meta/3.11.10/jooq-meta-3.11.10.jar:/home/user/.m2/repository/org/jooq/jooq-codegen/3.11.10/jooq-codegen-3.11.10.jar:/home/user/.m2/repository/com/jolbox/bonecp/0.8.0.RELEASE/bonecp-0.8.0.RELEASE.jar:/home/user/.m2/repository/org/springframework/spring-jdbc/5.1.3.RELEASE/spring-jdbc-5.1.3.RELEASE.jar:/home/user/.m2/repository/org/springframework/spring-beans/5.1.3.RELEASE/spring-beans-5.1.3.RELEASE.jar:/home/user/.m2/repository/org/springframework/spring-core/5.1.3.RELEASE/spring-core-5.1.3.RELEASE.jar:/home/user/.m2/repository/org/springframework/spring-jcl/5.1.3.RELEASE/spring-jcl-5.1.3.RELEASE.jar:/home/user/.m2/repository/org/springframework/spring-tx/5.1.3.RELEASE/spring-tx-5.1.3.RELEASE.jar:/home/user/.m2/repository/org/mockito/mockito-core/2.15.0/mockito-core-2.15.0.jar:/home/user/.m2/repository/net/bytebuddy/byte-buddy/1.7.9/byte-buddy-1.7.9.jar:/home/user/.m2/repository/net/bytebuddy/byte-buddy-agent/1.7.9/byte-buddy-agent-1.7.9.jar:/home/user/.m2/repository/org/objenesis/objenesis/1.0/objenesis-1.0.jar:"/>
    <property name="java.vm.vendor" value="Oracle Corporation"/>
    <property name="sun.arch.data.model" value="64"/>
    <property name="test.build.dir" value="/workdir/hadoop-ozone/tools/target/test-dir"/>
    <property name="test.cache.data" value=""/>
    <property name="java.vendor.url" value="http://java.oracle.com/"/>
    <property name="user.timezone" value=""/>
    <property name="java.vm.specification.version" value="1.8"/>
    <property name="os.name" value="Linux"/>
    <property name="test.build.data" value="/workdir/hadoop-ozone/tools/target/test-dir"/>
    <property name="user.country" value="US"/>
    <property name="sun.java.launcher" value="SUN_STANDARD"/>
    <property name="sun.boot.library.path" value="/usr/lib/jvm/java-1.8.0-openjdk-1.8.0.222.b10-1.el7_7.x86_64/jre/lib/amd64"/>
    <property name="sun.java.command" value="/workdir/hadoop-ozone/tools/target/surefire/surefirebooter2526921458367246281.jar /workdir/hadoop-ozone/tools/target/surefire 2019-11-15T20-00-15_242-jvmRun1 surefire2335881101692820602tmp surefire_992834427162913699357tmp"/>
    <property name="surefire.test.class.path" value="/workdir/hadoop-ozone/tools/target/test-classes:/workdir/hadoop-ozone/tools/target/classes:/home/user/.m2/repository/org/apache/hadoop/hadoop-ozone-ozone-manager/0.5.0-SNAPSHOT/hadoop-ozone-ozone-manager-0.5.0-SNAPSHOT.jar:/home/user/.m2/repository/org/apache/hadoop/hadoop-hdds-docs/0.5.0-SNAPSHOT/hadoop-hdds-docs-0.5.0-SNAPSHOT.jar:/home/user/.m2/repository/org/bouncycastle/bcprov-jdk15on/1.60/bcprov-jdk15on-1.60.jar:/home/user/.m2/repository/org/apache/hadoop/hadoop-ozone-common/0.5.0-SNAPSHOT/hadoop-ozone-common-0.5.0-SNAPSHOT.jar:/home/user/.m2/repository/org/apache/commons/commons-compress/1.4.1/commons-compress-1.4.1.jar:/home/user/.m2/repository/org/tukaani/xz/1.0/xz-1.0.jar:/home/user/.m2/repository/org/apache/hadoop/hadoop-hdfs-client/3.2.0/hadoop-hdfs-client-3.2.0.jar:/home/user/.m2/repository/com/fasterxml/jackson/core/jackson-annotations/2.9.9/jackson-annotations-2.9.9.jar:/home/user/.m2/repository/org/apache/hadoop/hadoop-hdds-common/0.5.0-SNAPSHOT/hadoop-hdds-common-0.5.0-SNAPSHOT.jar:/home/user/.m2/repository/org/apache/hadoop/hadoop-hdds-config/0.5.0-SNAPSHOT/hadoop-hdds-config-0.5.0-SNAPSHOT.jar:/home/user/.m2/repository/javax/annotation/javax.annotation-api/1.2/javax.annotation-api-1.2.jar:/home/user/.m2/repository/org/apache/ratis/ratis-server/0.5.0-d6d58d0-SNAPSHOT/ratis-server-0.5.0-d6d58d0-SNAPSHOT.jar:/home/user/.m2/repository/org/apache/ratis/ratis-thirdparty-misc/0.2.0/ratis-thirdparty-misc-0.2.0.jar:/home/user/.m2/repository/org/apache/ratis/ratis-proto/0.5.0-d6d58d0-SNAPSHOT/ratis-proto-0.5.0-d6d58d0-SNAPSHOT.jar:/home/user/.m2/repository/org/apache/ratis/ratis-common/0.5.0-d6d58d0-SNAPSHOT/ratis-common-0.5.0-d6d58d0-SNAPSHOT.jar:/home/user/.m2/repository/org/apache/ratis/ratis-client/0.5.0-d6d58d0-SNAPSHOT/ratis-client-0.5.0-d6d58d0-SNAPSHOT.jar:/home/user/.m2/repository/org/apache/ratis/ratis-metrics/0.5.0-d6d58d0-SNAPSHOT/ratis-metrics-0.5.0-d6d58d0-SNAPSHOT.jar:/home/user/.m2/repository/org/apache/ratis/ratis-netty/0.5.0-d6d58d0-SNAPSHOT/ratis-netty-0.5.0-d6d58d0-SNAPSHOT.jar:/home/user/.m2/repository/org/apache/ratis/ratis-grpc/0.5.0-d6d58d0-SNAPSHOT/ratis-grpc-0.5.0-d6d58d0-SNAPSHOT.jar:/home/user/.m2/repository/org/rocksdb/rocksdbjni/6.0.1/rocksdbjni-6.0.1.jar:/home/user/.m2/repository/org/apache/logging/log4j/log4j-api/2.11.0/log4j-api-2.11.0.jar:/home/user/.m2/repository/org/apache/logging/log4j/log4j-core/2.11.0/log4j-core-2.11.0.jar:/home/user/.m2/repository/com/lmax/disruptor/3.4.2/disruptor-3.4.2.jar:/home/user/.m2/repository/org/apache/commons/commons-pool2/2.6.0/commons-pool2-2.6.0.jar:/home/user/.m2/repository/org/bouncycastle/bcpkix-jdk15on/1.60/bcpkix-jdk15on-1.60.jar:/home/user/.m2/repository/commons-validator/commons-validator/1.6/commons-validator-1.6.jar:/home/user/.m2/repository/commons-digester/commons-digester/1.8.1/commons-digester-1.8.1.jar:/home/user/.m2/repository/io/jaegertracing/jaeger-client/0.34.0/jaeger-client-0.34.0.jar:/home/user/.m2/repository/io/jaegertracing/jaeger-thrift/0.34.0/jaeger-thrift-0.34.0.jar:/home/user/.m2/repository/org/apache/thrift/libthrift/0.12.0/libthrift-0.12.0.jar:/home/user/.m2/repository/com/squareup/okhttp3/okhttp/3.9.0/okhttp-3.9.0.jar:/home/user/.m2/repository/com/squareup/okio/okio/1.13.0/okio-1.13.0.jar:/home/user/.m2/repository/io/jaegertracing/jaeger-core/0.34.0/jaeger-core-0.34.0.jar:/home/user/.m2/repository/io/jaegertracing/jaeger-tracerresolver/0.34.0/jaeger-tracerresolver-0.34.0.jar:/home/user/.m2/repository/io/opentracing/contrib/opentracing-tracerresolver/0.1.5/opentracing-tracerresolver-0.1.5.jar:/home/user/.m2/repository/io/opentracing/opentracing-util/0.31.0/opentracing-util-0.31.0.jar:/home/user/.m2/repository/io/opentracing/opentracing-api/0.31.0/opentracing-api-0.31.0.jar:/home/user/.m2/repository/io/opentracing/opentracing-noop/0.31.0/opentracing-noop-0.31.0.jar:/home/user/.m2/repository/org/yaml/snakeyaml/1.16/snakeyaml-1.16.jar:/home/user/.m2/repository/org/apache/hadoop/hadoop-hdds-container-service/0.5.0-SNAPSHOT/hadoop-hdds-container-service-0.5.0-SNAPSHOT.jar:/home/user/.m2/repository/org/apache/hadoop/hadoop-hdds-client/0.5.0-SNAPSHOT/hadoop-hdds-client-0.5.0-SNAPSHOT.jar:/home/user/.m2/repository/org/apache/hadoop/hadoop-hdds-tools/0.5.0-SNAPSHOT/hadoop-hdds-tools-0.5.0-SNAPSHOT.jar:/home/user/.m2/repository/org/xerial/sqlite-jdbc/3.25.2/sqlite-jdbc-3.25.2.jar:/home/user/.m2/repository/org/apache/hadoop/hadoop-hdds-server-scm/0.5.0-SNAPSHOT/hadoop-hdds-server-scm-0.5.0-SNAPSHOT.jar:/home/user/.m2/repository/org/hamcrest/hamcrest-all/1.3/hamcrest-all-1.3.jar:/home/user/.m2/repository/info/picocli/picocli/3.9.6/picocli-3.9.6.jar:/home/user/.m2/repository/com/google/protobuf/protobuf-java/2.5.0/protobuf-java-2.5.0.jar:/home/user/.m2/repository/com/google/guava/guava/11.0.2/guava-11.0.2.jar:/home/user/.m2/repository/org/apache/hadoop/hadoop-ozone-client/0.5.0-SNAPSHOT/hadoop-ozone-client-0.5.0-SNAPSHOT.jar:/workdir/hadoop-ozone/ozonefs/target/classes:/home/user/.m2/repository/org/apache/httpcomponents/httpclient/4.5.2/httpclient-4.5.2.jar:/home/user/.m2/repository/org/apache/httpcomponents/httpcore/4.4.4/httpcore-4.4.4.jar:/home/user/.m2/repository/org/apache/hadoop/hadoop-hdds-server-framework/0.5.0-SNAPSHOT/hadoop-hdds-server-framework-0.5.0-SNAPSHOT.jar:/home/user/.m2/repository/org/apache/hadoop/hadoop-common/3.2.0/hadoop-common-3.2.0.jar:/home/user/.m2/repository/org/apache/hadoop/hadoop-annotations/3.2.0/hadoop-annotations-3.2.0.jar:/usr/lib/jvm/java-1.8.0-openjdk-1.8.0.222.b10-1.el7_7.x86_64/jre/../lib/tools.jar:/home/user/.m2/repository/commons-cli/commons-cli/1.2/commons-cli-1.2.jar:/home/user/.m2/repository/org/apache/commons/commons-math3/3.1.1/commons-math3-3.1.1.jar:/home/user/.m2/repository/commons-codec/commons-codec/1.11/commons-codec-1.11.jar:/home/user/.m2/repository/commons-io/commons-io/2.5/commons-io-2.5.jar:/home/user/.m2/repository/commons-net/commons-net/3.6/commons-net-3.6.jar:/home/user/.m2/repository/commons-collections/commons-collections/3.2.2/commons-collections-3.2.2.jar:/home/user/.m2/repository/javax/servlet/javax.servlet-api/3.1.0/javax.servlet-api-3.1.0.jar:/home/user/.m2/repository/org/eclipse/jetty/jetty-server/9.3.25.v20180904/jetty-server-9.3.25.v20180904.jar:/home/user/.m2/repository/org/eclipse/jetty/jetty-http/9.3.25.v20180904/jetty-http-9.3.25.v20180904.jar:/home/user/.m2/repository/org/eclipse/jetty/jetty-io/9.3.25.v20180904/jetty-io-9.3.25.v20180904.jar:/home/user/.m2/repository/org/eclipse/jetty/jetty-util/9.3.25.v20180904/jetty-util-9.3.25.v20180904.jar:/home/user/.m2/repository/org/eclipse/jetty/jetty-servlet/9.3.25.v20180904/jetty-servlet-9.3.25.v20180904.jar:/home/user/.m2/repository/org/eclipse/jetty/jetty-security/9.3.25.v20180904/jetty-security-9.3.25.v20180904.jar:/home/user/.m2/repository/org/eclipse/jetty/jetty-webapp/9.3.25.v20180904/jetty-webapp-9.3.25.v20180904.jar:/home/user/.m2/repository/org/eclipse/jetty/jetty-xml/9.3.25.v20180904/jetty-xml-9.3.25.v20180904.jar:/home/user/.m2/repository/javax/servlet/jsp/jsp-api/2.1/jsp-api-2.1.jar:/home/user/.m2/repository/com/sun/jersey/jersey-core/1.19/jersey-core-1.19.jar:/home/user/.m2/repository/javax/ws/rs/jsr311-api/1.1.1/jsr311-api-1.1.1.jar:/home/user/.m2/repository/com/sun/jersey/jersey-servlet/1.19/jersey-servlet-1.19.jar:/home/user/.m2/repository/com/sun/jersey/jersey-json/1.19/jersey-json-1.19.jar:/home/user/.m2/repository/org/codehaus/jettison/jettison/1.1/jettison-1.1.jar:/home/user/.m2/repository/com/sun/xml/bind/jaxb-impl/2.3.0.1/jaxb-impl-2.3.0.1.jar:/home/user/.m2/repository/org/codehaus/jackson/jackson-core-asl/1.9.13/jackson-core-asl-1.9.13.jar:/home/user/.m2/repository/org/codehaus/jackson/jackson-mapper-asl/1.9.13/jackson-mapper-asl-1.9.13.jar:/home/user/.m2/repository/org/codehaus/jackson/jackson-jaxrs/1.9.13/jackson-jaxrs-1.9.13.jar:/home/user/.m2/repository/org/codehaus/jackson/jackson-xc/1.9.13/jackson-xc-1.9.13.jar:/home/user/.m2/repository/com/sun/jersey/jersey-server/1.19/jersey-server-1.19.jar:/home/user/.m2/repository/commons-logging/commons-logging/1.1.3/commons-logging-1.1.3.jar:/home/user/.m2/repository/log4j/log4j/1.2.17/log4j-1.2.17.jar:/home/user/.m2/repository/commons-beanutils/commons-beanutils/1.9.4/commons-beanutils-1.9.4.jar:/home/user/.m2/repository/org/apache/commons/commons-configuration2/2.1.1/commons-configuration2-2.1.1.jar:/home/user/.m2/repository/org/apache/commons/commons-lang3/3.7/commons-lang3-3.7.jar:/home/user/.m2/repository/org/apache/commons/commons-text/1.4/commons-text-1.4.jar:/home/user/.m2/repository/org/slf4j/slf4j-api/1.7.25/slf4j-api-1.7.25.jar:/home/user/.m2/repository/org/slf4j/slf4j-log4j12/1.7.25/slf4j-log4j12-1.7.25.jar:/home/user/.m2/repository/org/apache/avro/avro/1.7.7/avro-1.7.7.jar:/home/user/.m2/repository/com/thoughtworks/paranamer/paranamer/2.3/paranamer-2.3.jar:/home/user/.m2/repository/org/xerial/snappy/snappy-java/1.0.5/snappy-java-1.0.5.jar:/home/user/.m2/repository/com/google/re2j/re2j/1.1/re2j-1.1.jar:/home/user/.m2/repository/com/google/code/gson/gson/2.2.4/gson-2.2.4.jar:/home/user/.m2/repository/org/apache/hadoop/hadoop-auth/3.2.0/hadoop-auth-3.2.0.jar:/home/user/.m2/repository/com/nimbusds/nimbus-jose-jwt/4.41.1/nimbus-jose-jwt-4.41.1.jar:/home/user/.m2/repository/com/github/stephenc/jcip/jcip-annotations/1.0-1/jcip-annotations-1.0-1.jar:/home/user/.m2/repository/net/minidev/json-smart/2.3/json-smart-2.3.jar:/home/user/.m2/repository/net/minidev/accessors-smart/1.2/accessors-smart-1.2.jar:/home/user/.m2/repository/org/apache/curator/curator-framework/2.12.0/curator-framework-2.12.0.jar:/home/user/.m2/repository/com/jcraft/jsch/0.1.54/jsch-0.1.54.jar:/home/user/.m2/repository/org/apache/curator/curator-client/2.12.0/curator-client-2.12.0.jar:/home/user/.m2/repository/org/apache/curator/curator-recipes/2.12.0/curator-recipes-2.12.0.jar:/home/user/.m2/repository/com/google/code/findbugs/jsr305/3.0.0/jsr305-3.0.0.jar:/home/user/.m2/repository/org/apache/htrace/htrace-core4/4.1.0-incubating/htrace-core4-4.1.0-incubating.jar:/home/user/.m2/repository/org/apache/zookeeper/zookeeper/3.4.13/zookeeper-3.4.13.jar:/home/user/.m2/repository/jline/jline/0.9.94/jline-0.9.94.jar:/home/user/.m2/repository/org/apache/yetus/audience-annotations/0.5.0/audience-annotations-0.5.0.jar:/home/user/.m2/repository/org/apache/kerby/kerb-simplekdc/1.0.1/kerb-simplekdc-1.0.1.jar:/home/user/.m2/repository/org/apache/kerby/kerb-client/1.0.1/kerb-client-1.0.1.jar:/home/user/.m2/repository/org/apache/kerby/kerby-config/1.0.1/kerby-config-1.0.1.jar:/home/user/.m2/repository/org/apache/kerby/kerb-core/1.0.1/kerb-core-1.0.1.jar:/home/user/.m2/repository/org/apache/kerby/kerby-pkix/1.0.1/kerby-pkix-1.0.1.jar:/home/user/.m2/repository/org/apache/kerby/kerby-asn1/1.0.1/kerby-asn1-1.0.1.jar:/home/user/.m2/repository/org/apache/kerby/kerby-util/1.0.1/kerby-util-1.0.1.jar:/home/user/.m2/repository/org/apache/kerby/kerb-common/1.0.1/kerb-common-1.0.1.jar:/home/user/.m2/repository/org/apache/kerby/kerb-crypto/1.0.1/kerb-crypto-1.0.1.jar:/home/user/.m2/repository/org/apache/kerby/kerb-util/1.0.1/kerb-util-1.0.1.jar:/home/user/.m2/repository/org/apache/kerby/token-provider/1.0.1/token-provider-1.0.1.jar:/home/user/.m2/repository/org/apache/kerby/kerb-admin/1.0.1/kerb-admin-1.0.1.jar:/home/user/.m2/repository/org/apache/kerby/kerb-server/1.0.1/kerb-server-1.0.1.jar:/home/user/.m2/repository/org/apache/kerby/kerb-identity/1.0.1/kerb-identity-1.0.1.jar:/home/user/.m2/repository/org/apache/kerby/kerby-xdr/1.0.1/kerby-xdr-1.0.1.jar:/home/user/.m2/repository/com/fasterxml/jackson/core/jackson-databind/2.9.9/jackson-databind-2.9.9.jar:/home/user/.m2/repository/com/fasterxml/jackson/core/jackson-core/2.9.9/jackson-core-2.9.9.jar:/home/user/.m2/repository/org/codehaus/woodstox/stax2-api/3.1.4/stax2-api-3.1.4.jar:/home/user/.m2/repository/com/fasterxml/woodstox/woodstox-core/5.0.3/woodstox-core-5.0.3.jar:/home/user/.m2/repository/dnsjava/dnsjava/2.1.7/dnsjava-2.1.7.jar:/home/user/.m2/repository/org/apache/hadoop/hadoop-hdfs/3.2.0/hadoop-hdfs-3.2.0.jar:/home/user/.m2/repository/org/eclipse/jetty/jetty-util-ajax/9.3.25.v20180904/jetty-util-ajax-9.3.25.v20180904.jar:/home/user/.m2/repository/commons-daemon/commons-daemon/1.0.13/commons-daemon-1.0.13.jar:/home/user/.m2/repository/io/netty/netty/3.10.5.Final/netty-3.10.5.Final.jar:/home/user/.m2/repository/io/netty/netty-all/4.0.52.Final/netty-all-4.0.52.Final.jar:/home/user/.m2/repository/org/fusesource/leveldbjni/leveldbjni-all/1.8/leveldbjni-all-1.8.jar:/home/user/.m2/repository/com/sun/xml/bind/jaxb-core/2.3.0.1/jaxb-core-2.3.0.1.jar:/home/user/.m2/repository/javax/xml/bind/jaxb-api/2.3.0/jaxb-api-2.3.0.jar:/home/user/.m2/repository/javax/activation/activation/1.1.1/activation-1.1.1.jar:/home/user/.m2/repository/org/openjdk/jmh/jmh-core/1.19/jmh-core-1.19.jar:/home/user/.m2/repository/net/sf/jopt-simple/jopt-simple/4.6/jopt-simple-4.6.jar:/home/user/.m2/repository/org/openjdk/jmh/jmh-generator-annprocess/1.19/jmh-generator-annprocess-1.19.jar:/home/user/.m2/repository/io/dropwizard/metrics/metrics-core/3.2.4/metrics-core-3.2.4.jar:/home/user/.m2/repository/com/amazonaws/aws-java-sdk-s3/1.11.615/aws-java-sdk-s3-1.11.615.jar:/home/user/.m2/repository/com/amazonaws/aws-java-sdk-kms/1.11.615/aws-java-sdk-kms-1.11.615.jar:/home/user/.m2/repository/com/amazonaws/aws-java-sdk-core/1.11.615/aws-java-sdk-core-1.11.615.jar:/home/user/.m2/repository/software/amazon/ion/ion-java/1.0.2/ion-java-1.0.2.jar:/home/user/.m2/repository/com/fasterxml/jackson/dataformat/jackson-dataformat-cbor/2.9.9/jackson-dataformat-cbor-2.9.9.jar:/home/user/.m2/repository/joda-time/joda-time/2.9.9/joda-time-2.9.9.jar:/home/user/.m2/repository/com/amazonaws/jmespath-java/1.11.615/jmespath-java-1.11.615.jar:/home/user/.m2/repository/com/github/spotbugs/spotbugs/3.1.12/spotbugs-3.1.12.jar:/home/user/.m2/repository/org/ow2/asm/asm/5.0.4/asm-5.0.4.jar:/home/user/.m2/repository/org/ow2/asm/asm-analysis/7.0/asm-analysis-7.0.jar:/home/user/.m2/repository/org/ow2/asm/asm-commons/7.0/asm-commons-7.0.jar:/home/user/.m2/repository/org/ow2/asm/asm-tree/7.0/asm-tree-7.0.jar:/home/user/.m2/repository/org/ow2/asm/asm-util/7.0/asm-util-7.0.jar:/home/user/.m2/repository/org/apache/bcel/bcel/6.3/bcel-6.3.jar:/home/user/.m2/repository/net/jcip/jcip-annotations/1.0/jcip-annotations-1.0.jar:/home/user/.m2/repository/org/dom4j/dom4j/2.1.1/dom4j-2.1.1.jar:/home/user/.m2/repository/jaxen/jaxen/1.1.6/jaxen-1.1.6.jar:/home/user/.m2/repository/commons-lang/commons-lang/2.6/commons-lang-2.6.jar:/home/user/.m2/repository/com/github/spotbugs/spotbugs-annotations/3.1.12/spotbugs-annotations-3.1.12.jar:/home/user/.m2/repository/junit/junit/4.11/junit-4.11.jar:/home/user/.m2/repository/org/hamcrest/hamcrest-core/1.3/hamcrest-core-1.3.jar:/home/user/.m2/repository/org/apache/hadoop/hadoop-common/3.2.0/hadoop-common-3.2.0-tests.jar:/workdir/hadoop-ozone/integration-test/target/test-classes:/home/user/.m2/repository/org/apache/hadoop/hadoop-ozone-s3gateway/0.5.0-SNAPSHOT/hadoop-ozone-s3gateway-0.5.0-SNAPSHOT.jar:/home/user/.m2/repository/org/jboss/weld/servlet/weld-servlet/2.4.7.Final/weld-servlet-2.4.7.Final.jar:/home/user/.m2/repository/org/glassfish/jersey/containers/jersey-container-servlet-core/2.27/jersey-container-servlet-core-2.27.jar:/home/user/.m2/repository/org/glassfish/hk2/external/javax.inject/2.5.0-b42/javax.inject-2.5.0-b42.jar:/home/user/.m2/repository/org/glassfish/jersey/core/jersey-common/2.27/jersey-common-2.27.jar:/home/user/.m2/repository/org/glassfish/hk2/osgi-resource-locator/1.0.1/osgi-resource-locator-1.0.1.jar:/home/user/.m2/repository/javax/ws/rs/javax.ws.rs-api/2.1/javax.ws.rs-api-2.1.jar:/home/user/.m2/repository/org/glassfish/jersey/ext/cdi/jersey-cdi1x/2.27/jersey-cdi1x-2.27.jar:/home/user/.m2/repository/org/glassfish/jersey/inject/jersey-hk2/2.27/jersey-hk2-2.27.jar:/home/user/.m2/repository/org/glassfish/hk2/hk2-locator/2.5.0-b42/hk2-locator-2.5.0-b42.jar:/home/user/.m2/repository/org/javassist/javassist/3.22.0-CR2/javassist-3.22.0-CR2.jar:/home/user/.m2/repository/org/glassfish/hk2/hk2-api/2.5.0/hk2-api-2.5.0.jar:/home/user/.m2/repository/org/glassfish/hk2/external/jakarta.inject/2.5.0/jakarta.inject-2.5.0.jar:/home/user/.m2/repository/org/glassfish/hk2/hk2-utils/2.5.0/hk2-utils-2.5.0.jar:/home/user/.m2/repository/jakarta/annotation/jakarta.annotation-api/1.3.4/jakarta.annotation-api-1.3.4.jar:/home/user/.m2/repository/org/glassfish/hk2/external/aopalliance-repackaged/2.5.0/aopalliance-repackaged-2.5.0.jar:/home/user/.m2/repository/com/fasterxml/jackson/dataformat/jackson-dataformat-xml/2.9.0/jackson-dataformat-xml-2.9.0.jar:/home/user/.m2/repository/com/fasterxml/jackson/module/jackson-module-jaxb-annotations/2.9.9/jackson-module-jaxb-annotations-2.9.9.jar:/home/user/.m2/repository/javax/enterprise/cdi-api/1.2/cdi-api-1.2.jar:/home/user/.m2/repository/javax/el/javax.el-api/3.0.0/javax.el-api-3.0.0.jar:/home/user/.m2/repository/javax/interceptor/javax.interceptor-api/1.2/javax.interceptor-api-1.2.jar:/home/user/.m2/repository/javax/inject/javax.inject/1/javax.inject-1.jar:/home/user/.m2/repository/org/apache/hadoop/hadoop-ozone-csi/0.5.0-SNAPSHOT/hadoop-ozone-csi-0.5.0-SNAPSHOT.jar:/home/user/.m2/repository/com/google/protobuf/protobuf-java-util/3.5.1/protobuf-java-util-3.5.1.jar:/home/user/.m2/repository/io/grpc/grpc-netty/1.17.1/grpc-netty-1.17.1.jar:/home/user/.m2/repository/io/grpc/grpc-core/1.17.1/grpc-core-1.17.1.jar:/home/user/.m2/repository/io/grpc/grpc-context/1.17.1/grpc-context-1.17.1.jar:/home/user/.m2/repository/com/google/errorprone/error_prone_annotations/2.2.0/error_prone_annotations-2.2.0.jar:/home/user/.m2/repository/org/codehaus/mojo/animal-sniffer-annotations/1.17/animal-sniffer-annotations-1.17.jar:/home/user/.m2/repository/io/opencensus/opencensus-api/0.17.0/opencensus-api-0.17.0.jar:/home/user/.m2/repository/io/opencensus/opencensus-contrib-grpc-metrics/0.17.0/opencensus-contrib-grpc-metrics-0.17.0.jar:/home/user/.m2/repository/io/netty/netty-codec-http2/4.1.30.Final/netty-codec-http2-4.1.30.Final.jar:/home/user/.m2/repository/io/netty/netty-codec-http/4.1.30.Final/netty-codec-http-4.1.30.Final.jar:/home/user/.m2/repository/io/netty/netty-codec/4.1.30.Final/netty-codec-4.1.30.Final.jar:/home/user/.m2/repository/io/netty/netty-handler/4.1.30.Final/netty-handler-4.1.30.Final.jar:/home/user/.m2/repository/io/netty/netty-handler-proxy/4.1.30.Final/netty-handler-proxy-4.1.30.Final.jar:/home/user/.m2/repository/io/netty/netty-codec-socks/4.1.30.Final/netty-codec-socks-4.1.30.Final.jar:/home/user/.m2/repository/io/netty/netty-transport-native-epoll/4.1.30.Final/netty-transport-native-epoll-4.1.30.Final.jar:/home/user/.m2/repository/io/netty/netty-common/4.1.30.Final/netty-common-4.1.30.Final.jar:/home/user/.m2/repository/io/netty/netty-buffer/4.1.30.Final/netty-buffer-4.1.30.Final.jar:/home/user/.m2/repository/io/netty/netty-transport/4.1.30.Final/netty-transport-4.1.30.Final.jar:/home/user/.m2/repository/io/netty/netty-resolver/4.1.30.Final/netty-resolver-4.1.30.Final.jar:/home/user/.m2/repository/io/netty/netty-transport-native-unix-common/4.1.30.Final/netty-transport-native-unix-common-4.1.30.Final.jar:/home/user/.m2/repository/io/grpc/grpc-protobuf/1.17.1/grpc-protobuf-1.17.1.jar:/home/user/.m2/repository/com/google/api/grpc/proto-google-common-protos/1.0.0/proto-google-common-protos-1.0.0.jar:/home/user/.m2/repository/io/grpc/grpc-protobuf-lite/1.17.1/grpc-protobuf-lite-1.17.1.jar:/home/user/.m2/repository/io/grpc/grpc-stub/1.17.1/grpc-stub-1.17.1.jar:/home/user/.m2/repository/org/apache/hadoop/hadoop-ozone-recon/0.5.0-SNAPSHOT/hadoop-ozone-recon-0.5.0-SNAPSHOT.jar:/home/user/.m2/repository/org/apache/hadoop/hadoop-ozone-reconcodegen/0.5.0-SNAPSHOT/hadoop-ozone-reconcodegen-0.5.0-SNAPSHOT.jar:/home/user/.m2/repository/com/google/inject/extensions/guice-multibindings/4.0/guice-multibindings-4.0.jar:/home/user/.m2/repository/com/google/inject/guice/4.0/guice-4.0.jar:/home/user/.m2/repository/aopalliance/aopalliance/1.0/aopalliance-1.0.jar:/home/user/.m2/repository/com/google/inject/extensions/guice-servlet/4.0/guice-servlet-4.0.jar:/home/user/.m2/repository/org/glassfish/jersey/containers/jersey-container-servlet/2.27/jersey-container-servlet-2.27.jar:/home/user/.m2/repository/org/glassfish/hk2/guice-bridge/2.5.0/guice-bridge-2.5.0.jar:/home/user/.m2/repository/org/glassfish/jersey/core/jersey-server/2.27/jersey-server-2.27.jar:/home/user/.m2/repository/org/glassfish/jersey/core/jersey-client/2.27/jersey-client-2.27.jar:/home/user/.m2/repository/org/glassfish/jersey/media/jersey-media-jaxb/2.27/jersey-media-jaxb-2.27.jar:/home/user/.m2/repository/javax/validation/validation-api/1.1.0.Final/validation-api-1.1.0.Final.jar:/home/user/.m2/repository/org/glassfish/jersey/media/jersey-media-json-jackson/2.27/jersey-media-json-jackson-2.27.jar:/home/user/.m2/repository/org/glassfish/jersey/ext/jersey-entity-filtering/2.27/jersey-entity-filtering-2.27.jar:/home/user/.m2/repository/com/google/inject/extensions/guice-assistedinject/4.0/guice-assistedinject-4.0.jar:/home/user/.m2/repository/org/jooq/jooq/3.11.10/jooq-3.11.10.jar:/home/user/.m2/repository/org/jooq/jooq-meta/3.11.10/jooq-meta-3.11.10.jar:/home/user/.m2/repository/org/jooq/jooq-codegen/3.11.10/jooq-codegen-3.11.10.jar:/home/user/.m2/repository/com/jolbox/bonecp/0.8.0.RELEASE/bonecp-0.8.0.RELEASE.jar:/home/user/.m2/repository/org/springframework/spring-jdbc/5.1.3.RELEASE/spring-jdbc-5.1.3.RELEASE.jar:/home/user/.m2/repository/org/springframework/spring-beans/5.1.3.RELEASE/spring-beans-5.1.3.RELEASE.jar:/home/user/.m2/repository/org/springframework/spring-core/5.1.3.RELEASE/spring-core-5.1.3.RELEASE.jar:/home/user/.m2/repository/org/springframework/spring-jcl/5.1.3.RELEASE/spring-jcl-5.1.3.RELEASE.jar:/home/user/.m2/repository/org/springframework/spring-tx/5.1.3.RELEASE/spring-tx-5.1.3.RELEASE.jar:/home/user/.m2/repository/org/mockito/mockito-core/2.15.0/mockito-core-2.15.0.jar:/home/user/.m2/repository/net/bytebuddy/byte-buddy/1.7.9/byte-buddy-1.7.9.jar:/home/user/.m2/repository/net/bytebuddy/byte-buddy-agent/1.7.9/byte-buddy-agent-1.7.9.jar:/home/user/.m2/repository/org/objenesis/objenesis/1.0/objenesis-1.0.jar:"/>
    <property name="sun.cpu.endian" value="little"/>
    <property name="user.home" value="/home/user"/>
    <property name="user.language" value="en"/>
    <property name="java.specification.vendor" value="Oracle Corporation"/>
    <property name="java.home" value="/usr/lib/jvm/java-1.8.0-openjdk-1.8.0.222.b10-1.el7_7.x86_64/jre"/>
    <property name="surefire.excludesFile" value="/tools/ozone-bad-unit-tests"/>
    <property name="java.security.krb5.conf" value="/workdir/hadoop-ozone/tools/target/test-classes/krb5.conf"/>
    <property name="basedir" value="/workdir/hadoop-ozone/tools"/>
    <property name="file.separator" value="/"/>
    <property name="line.separator" value="&#10;"/>
    <property name="java.vm.specification.vendor" value="Oracle Corporation"/>
    <property name="java.specification.name" value="Java Platform API Specification"/>
    <property name="java.awt.graphicsenv" value="sun.awt.X11GraphicsEnvironment"/>
    <property name="surefire.real.class.path" value="/workdir/hadoop-ozone/tools/target/surefire/surefirebooter2526921458367246281.jar"/>
    <property name="hadoop.log.dir" value="/workdir/hadoop-ozone/tools/target/log"/>
    <property name="sun.boot.class.path" value="/usr/lib/jvm/java-1.8.0-openjdk-1.8.0.222.b10-1.el7_7.x86_64/jre/lib/resources.jar:/usr/lib/jvm/java-1.8.0-openjdk-1.8.0.222.b10-1.el7_7.x86_64/jre/lib/rt.jar:/usr/lib/jvm/java-1.8.0-openjdk-1.8.0.222.b10-1.el7_7.x86_64/jre/lib/sunrsasign.jar:/usr/lib/jvm/java-1.8.0-openjdk-1.8.0.222.b10-1.el7_7.x86_64/jre/lib/jsse.jar:/usr/lib/jvm/java-1.8.0-openjdk-1.8.0.222.b10-1.el7_7.x86_64/jre/lib/jce.jar:/usr/lib/jvm/java-1.8.0-openjdk-1.8.0.222.b10-1.el7_7.x86_64/jre/lib/charsets.jar:/usr/lib/jvm/java-1.8.0-openjdk-1.8.0.222.b10-1.el7_7.x86_64/jre/lib/jfr.jar:/usr/lib/jvm/java-1.8.0-openjdk-1.8.0.222.b10-1.el7_7.x86_64/jre/classes"/>
    <property name="sun.management.compiler" value="HotSpot 64-Bit Tiered Compilers"/>
    <property name="java.runtime.version" value="1.8.0_222-b10"/>
    <property name="java.net.preferIPv4Stack" value="true"/>
    <property name="user.name" value="jenkins1000"/>
    <property name="path.separator" value=":"/>
    <property name="java.security.egd" value="file:///dev/urandom"/>
    <property name="os.version" value="3.10.0-957.12.2.el7.x86_64"/>
    <property name="java.endorsed.dirs" value="/usr/lib/jvm/java-1.8.0-openjdk-1.8.0.222.b10-1.el7_7.x86_64/jre/lib/endorsed"/>
    <property name="java.runtime.name" value="OpenJDK Runtime Environment"/>
    <property name="file.encoding" value="ANSI_X3.4-1968"/>
    <property name="java.vm.name" value="OpenJDK 64-Bit Server VM"/>
    <property name="test.build.webapps" value=""/>
    <property name="localRepository" value="/home/user/.m2/repository"/>
    <property name="java.vendor.url.bug" value="http://bugreport.sun.com/bugreport/"/>
    <property name="java.io.tmpdir" value="/tmp"/>
    <property name="require.test.libhadoop" value=""/>
    <property name="java.version" value="1.8.0_222"/>
    <property name="user.dir" value="/workdir/hadoop-ozone/tools"/>
    <property name="os.arch" value="amd64"/>
    <property name="java.vm.specification.name" value="Java Virtual Machine Specification"/>
    <property name="test.build.classes" value="/workdir/hadoop-ozone/tools/target/test-classes"/>
    <property name="java.awt.printerjob" value="sun.print.PSPrinterJob"/>
    <property name="sun.os.patch.level" value="unknown"/>
    <property name="hadoop.tmp.dir" value="/workdir/hadoop-ozone/tools/target/tmp"/>
    <property name="java.library.path" value="/usr/lib:/workdir/hadoop-ozone/tools/target/native/target/usr/local/lib:/workdir/hadoop-ozone/tools/../../hadoop-common-project/hadoop-common/target/native/target/usr/local/lib:/usr/java/packages/lib/amd64:/usr/lib64:/lib64:/lib:/usr/lib"/>
    <property name="java.vm.info" value="mixed mode"/>
    <property name="java.vendor" value="Oracle Corporation"/>
    <property name="java.vm.version" value="25.222-b10"/>
    <property name="java.ext.dirs" value="/usr/lib/jvm/java-1.8.0-openjdk-1.8.0.222.b10-1.el7_7.x86_64/jre/lib/ext:/usr/java/packages/lib/ext"/>
    <property name="sun.io.unicode.encoding" value="UnicodeLittle"/>
    <property name="java.class.version" value="52.0"/>
  </properties>
  <testcase name="testRestart" classname="org.apache.hadoop.ozone.freon.TestFreonWithPipelineDestroy" time="17.974">
    <error message="INTERNAL_ERROR org.apache.hadoop.ozone.om.exceptions.OMException: Allocated 0 blocks. Requested 5 blocks" type="java.lang.RuntimeException">java.lang.RuntimeException: INTERNAL_ERROR org.apache.hadoop.ozone.om.exceptions.OMException: Allocated 0 blocks. Requested 5 blocks
	at org.apache.hadoop.ozone.freon.RandomKeyGenerator.call(RandomKeyGenerator.java:341)
	at org.apache.hadoop.ozone.freon.TestFreonWithPipelineDestroy.startFreon(TestFreonWithPipelineDestroy.java:87)
	at org.apache.hadoop.ozone.freon.TestFreonWithPipelineDestroy.testRestart(TestFreonWithPipelineDestroy.java:74)
	at sun.reflect.NativeMethodAccessorImpl.invoke0(Native Method)
	at sun.reflect.NativeMethodAccessorImpl.invoke(NativeMethodAccessorImpl.java:62)
	at sun.reflect.DelegatingMethodAccessorImpl.invoke(DelegatingMethodAccessorImpl.java:43)
	at java.lang.reflect.Method.invoke(Method.java:498)
	at org.junit.runners.model.FrameworkMethod$1.runReflectiveCall(FrameworkMethod.java:47)
	at org.junit.internal.runners.model.ReflectiveCallable.run(ReflectiveCallable.java:12)
	at org.junit.runners.model.FrameworkMethod.invokeExplosively(FrameworkMethod.java:44)
	at org.junit.internal.runners.statements.InvokeMethod.evaluate(InvokeMethod.java:17)
	at org.junit.runners.ParentRunner.runLeaf(ParentRunner.java:271)
	at org.junit.runners.BlockJUnit4ClassRunner.runChild(BlockJUnit4ClassRunner.java:70)
	at org.junit.runners.BlockJUnit4ClassRunner.runChild(BlockJUnit4ClassRunner.java:50)
	at org.junit.runners.ParentRunner$3.run(ParentRunner.java:238)
	at org.junit.runners.ParentRunner$1.schedule(ParentRunner.java:63)
	at org.junit.runners.ParentRunner.runChildren(ParentRunner.java:236)
	at org.junit.runners.ParentRunner.access$000(ParentRunner.java:53)
	at org.junit.runners.ParentRunner$2.evaluate(ParentRunner.java:229)
	at org.junit.internal.runners.statements.RunBefores.evaluate(RunBefores.java:26)
	at org.junit.internal.runners.statements.RunAfters.evaluate(RunAfters.java:27)
	at org.junit.runners.ParentRunner.run(ParentRunner.java:309)
	at org.apache.maven.surefire.junit4.JUnit4Provider.execute(JUnit4Provider.java:365)
	at org.apache.maven.surefire.junit4.JUnit4Provider.executeWithRerun(JUnit4Provider.java:273)
	at org.apache.maven.surefire.junit4.JUnit4Provider.executeTestSet(JUnit4Provider.java:238)
	at org.apache.maven.surefire.junit4.JUnit4Provider.invoke(JUnit4Provider.java:159)
	at org.apache.maven.surefire.booter.ForkedBooter.invokeProviderInSameClassLoader(ForkedBooter.java:384)
	at org.apache.maven.surefire.booter.ForkedBooter.runSuitesInProcess(ForkedBooter.java:345)
	at org.apache.maven.surefire.booter.ForkedBooter.execute(ForkedBooter.java:126)
	at org.apache.maven.surefire.booter.ForkedBooter.main(ForkedBooter.java:418)
Caused by: INTERNAL_ERROR org.apache.hadoop.ozone.om.exceptions.OMException: Allocated 0 blocks. Requested 5 blocks
	at org.apache.hadoop.ozone.om.protocolPB.OzoneManagerProtocolClientSideTranslatorPB.handleError(OzoneManagerProtocolClientSideTranslatorPB.java:761)
	at org.apache.hadoop.ozone.om.protocolPB.OzoneManagerProtocolClientSideTranslatorPB.openKey(OzoneManagerProtocolClientSideTranslatorPB.java:752)
	at sun.reflect.NativeMethodAccessorImpl.invoke0(Native Method)
	at sun.reflect.NativeMethodAccessorImpl.invoke(NativeMethodAccessorImpl.java:62)
	at sun.reflect.DelegatingMethodAccessorImpl.invoke(DelegatingMethodAccessorImpl.java:43)
	at java.lang.reflect.Method.invoke(Method.java:498)
	at org.apache.hadoop.hdds.tracing.TraceAllMethod.invoke(TraceAllMethod.java:66)
	at com.sun.proxy.$Proxy37.openKey(Unknown Source)
	at org.apache.hadoop.ozone.client.rpc.RpcClient.createKey(RpcClient.java:633)
	at org.apache.hadoop.ozone.client.OzoneBucket.createKey(OzoneBucket.java:325)
	at org.apache.hadoop.ozone.freon.RandomKeyGenerator.createKey(RandomKeyGenerator.java:697)
	at org.apache.hadoop.ozone.freon.RandomKeyGenerator.access$1100(RandomKeyGenerator.java:88)
	at org.apache.hadoop.ozone.freon.RandomKeyGenerator$ObjectCreator.run(RandomKeyGenerator.java:615)
	at java.util.concurrent.Executors$RunnableAdapter.call(Executors.java:511)
	at java.util.concurrent.FutureTask.run(FutureTask.java:266)
	at java.util.concurrent.ThreadPoolExecutor.runWorker(ThreadPoolExecutor.java:1149)
	at java.util.concurrent.ThreadPoolExecutor$Worker.run(ThreadPoolExecutor.java:624)
	at java.lang.Thread.run(Thread.java:748)
</error>
    <system-out><![CDATA[2019-11-15 21:44:29,747 [main] WARN  server.ServerUtils (ServerUtils.java:getScmDbDir(145)) - ozone.scm.db.dirs is not configured. We recommend adding this setting. Falling back to ozone.metadata.dirs instead.
2019-11-15 21:44:29,846 [main] WARN  server.ServerUtils (ServerUtils.java:getScmDbDir(145)) - ozone.scm.db.dirs is not configured. We recommend adding this setting. Falling back to ozone.metadata.dirs instead.
2019-11-15 21:44:29,849 [main] WARN  server.ServerUtils (ServerUtils.java:getScmDbDir(145)) - ozone.scm.db.dirs is not configured. We recommend adding this setting. Falling back to ozone.metadata.dirs instead.
2019-11-15 21:44:29,873 [main] INFO  util.log (Log.java:initialized(192)) - Logging initialized @814ms
2019-11-15 21:44:29,976 [main] INFO  db.DBStoreBuilder (DBStoreBuilder.java:addTable(127)) - using custom profile for table: deletedBlocks
2019-11-15 21:44:29,976 [main] INFO  db.DBStoreBuilder (DBStoreBuilder.java:processTables(183)) - Using default column profile:DBProfile.DISK for Table:deletedBlocks
2019-11-15 21:44:29,976 [main] INFO  db.DBStoreBuilder (DBStoreBuilder.java:addTable(127)) - using custom profile for table: validCerts
2019-11-15 21:44:29,977 [main] INFO  db.DBStoreBuilder (DBStoreBuilder.java:processTables(183)) - Using default column profile:DBProfile.DISK for Table:validCerts
2019-11-15 21:44:29,977 [main] INFO  db.DBStoreBuilder (DBStoreBuilder.java:addTable(127)) - using custom profile for table: revokedCerts
2019-11-15 21:44:29,977 [main] INFO  db.DBStoreBuilder (DBStoreBuilder.java:processTables(183)) - Using default column profile:DBProfile.DISK for Table:revokedCerts
2019-11-15 21:44:29,987 [main] INFO  db.DBStoreBuilder (DBStoreBuilder.java:addTable(127)) - using custom profile for table: default
2019-11-15 21:44:29,987 [main] INFO  db.DBStoreBuilder (DBStoreBuilder.java:processTables(189)) - Using default column profile:DBProfile.DISK for Table:default
2019-11-15 21:44:29,988 [main] INFO  db.DBStoreBuilder (DBStoreBuilder.java:getDbProfile(220)) - Using default options. DBProfile.DISK
2019-11-15 21:44:30,229 [main] INFO  net.NodeSchemaLoader (NodeSchemaLoader.java:loadSchemaFromFile(125)) - Loading file from sun.misc.CompoundEnumeration@5e0e82ae
2019-11-15 21:44:30,231 [main] INFO  net.NodeSchemaLoader (NodeSchemaLoader.java:loadSchema(171)) - Loading network topology layer schema file
2019-11-15 21:44:30,292 [main] INFO  node.SCMNodeManager (SCMNodeManager.java:<init>(116)) - Entering startup safe mode.
2019-11-15 21:44:30,347 [main] INFO  algorithms.ContainerPlacementPolicyFactory (ContainerPlacementPolicyFactory.java:getPolicy(57)) - Create container placement policy of type org.apache.hadoop.hdds.scm.container.placement.algorithms.SCMContainerPlacementRandom
2019-11-15 21:44:30,358 [main] WARN  server.ServerUtils (ServerUtils.java:getScmDbDir(145)) - ozone.scm.db.dirs is not configured. We recommend adding this setting. Falling back to ozone.metadata.dirs instead.
2019-11-15 21:44:30,420 [main] INFO  pipeline.SCMPipelineManager (SCMPipelineManager.java:initializePipelineState(136)) - No pipeline exists in current db
2019-11-15 21:44:30,423 [main] WARN  server.ServerUtils (ServerUtils.java:getScmDbDir(145)) - ozone.scm.db.dirs is not configured. We recommend adding this setting. Falling back to ozone.metadata.dirs instead.
2019-11-15 21:44:30,536 [main] INFO  safemode.HealthyPipelineSafeModeRule (HealthyPipelineSafeModeRule.java:<init>(92)) -  Total pipeline count is 0, healthy pipeline threshold count is 1
2019-11-15 21:44:30,540 [main] INFO  safemode.OneReplicaPipelineSafeModeRule (OneReplicaPipelineSafeModeRule.java:<init>(79)) - Total pipeline count is 0, pipeline's with at least one datanode reported threshold count is 0
2019-11-15 21:44:30,541 [main] WARN  events.EventQueue (EventQueue.java:fireEvent(183)) - No event handler registered for event TypedEvent{payloadType=SafeModeStatus, name='SafeModeStatus'}
2019-11-15 21:44:30,907 [main] INFO  ipc.CallQueueManager (CallQueueManager.java:<init>(84)) - Using callQueue: class java.util.concurrent.LinkedBlockingQueue, queueCapacity: 2000, scheduler: class org.apache.hadoop.ipc.DefaultRpcScheduler, ipcBackoff: false.
2019-11-15 21:44:31,017 [Socket Reader #1 for port 33161] INFO  ipc.Server (Server.java:run(1074)) - Starting Socket Reader #1 for port 33161
2019-11-15 21:44:31,047 [main] INFO  ipc.CallQueueManager (CallQueueManager.java:<init>(84)) - Using callQueue: class java.util.concurrent.LinkedBlockingQueue, queueCapacity: 2000, scheduler: class org.apache.hadoop.ipc.DefaultRpcScheduler, ipcBackoff: false.
2019-11-15 21:44:31,048 [Socket Reader #1 for port 39555] INFO  ipc.Server (Server.java:run(1074)) - Starting Socket Reader #1 for port 39555
2019-11-15 21:44:31,056 [main] INFO  ipc.CallQueueManager (CallQueueManager.java:<init>(84)) - Using callQueue: class java.util.concurrent.LinkedBlockingQueue, queueCapacity: 2000, scheduler: class org.apache.hadoop.ipc.DefaultRpcScheduler, ipcBackoff: false.
2019-11-15 21:44:31,057 [Socket Reader #1 for port 37160] INFO  ipc.Server (Server.java:run(1074)) - Starting Socket Reader #1 for port 37160
2019-11-15 21:44:31,085 [main] INFO  hdfs.DFSUtil (DFSUtil.java:httpServerTemplateForNNAndJN(1641)) - Starting Web-server for scm at: http://0.0.0.0:0
2019-11-15 21:44:31,224 [main] INFO  server.AuthenticationFilter (AuthenticationFilter.java:constructSecretProvider(240)) - Unable to initialize FileSignerSecretProvider, falling back to use random secrets.
2019-11-15 21:44:31,240 [main] WARN  http.HttpRequestLog (HttpRequestLog.java:getRequestLog(97)) - Jetty request log can only be enabled using Log4j
2019-11-15 21:44:31,249 [main] INFO  http.HttpServer2 (HttpServer2.java:addGlobalFilter(975)) - Added global filter 'safety' (class=org.apache.hadoop.http.HttpServer2$QuotingInputFilter)
2019-11-15 21:44:31,252 [main] INFO  http.HttpServer2 (HttpServer2.java:addFilter(948)) - Added filter static_user_filter (class=org.apache.hadoop.http.lib.StaticUserWebFilter$StaticUserFilter) to context scm
2019-11-15 21:44:31,252 [main] INFO  http.HttpServer2 (HttpServer2.java:addFilter(958)) - Added filter static_user_filter (class=org.apache.hadoop.http.lib.StaticUserWebFilter$StaticUserFilter) to context static
2019-11-15 21:44:31,252 [main] INFO  http.HttpServer2 (HttpServer2.java:addFilter(958)) - Added filter static_user_filter (class=org.apache.hadoop.http.lib.StaticUserWebFilter$StaticUserFilter) to context logs
2019-11-15 21:44:31,278 [main] INFO  server.StorageContainerManager (StorageContainerManager.java:start(765)) - StorageContainerLocationProtocol RPC server is listening at /0.0.0.0:37160
2019-11-15 21:44:31,335 [main] WARN  impl.MetricsConfig (MetricsConfig.java:loadFirst(134)) - Cannot locate configuration: tried hadoop-metrics2-storagecontainermanager.properties,hadoop-metrics2.properties
2019-11-15 21:44:31,350 [main] INFO  impl.MetricsSystemImpl (MetricsSystemImpl.java:startTimer(374)) - Scheduled Metric snapshot period at 10 second(s).
2019-11-15 21:44:31,350 [main] INFO  impl.MetricsSystemImpl (MetricsSystemImpl.java:start(191)) - StorageContainerManager metrics system started
2019-11-15 21:44:31,615 [main] INFO  server.SCMClientProtocolServer (SCMClientProtocolServer.java:start(160)) - RPC server for Client  is listening at /0.0.0.0:37160
2019-11-15 21:44:31,616 [IPC Server Responder] INFO  ipc.Server (Server.java:run(1314)) - IPC Server Responder: starting
2019-11-15 21:44:31,616 [IPC Server listener on 37160] INFO  ipc.Server (Server.java:run(1153)) - IPC Server listener on 37160: starting
2019-11-15 21:44:31,620 [main] INFO  server.StorageContainerManager (StorageContainerManager.java:start(775)) - ScmBlockLocationProtocol RPC server is listening at /0.0.0.0:39555
2019-11-15 21:44:31,621 [main] INFO  server.SCMBlockProtocolServer (SCMBlockProtocolServer.java:start(146)) - RPC server for Block Protocol is listening at /0.0.0.0:39555
2019-11-15 21:44:31,621 [IPC Server Responder] INFO  ipc.Server (Server.java:run(1314)) - IPC Server Responder: starting
2019-11-15 21:44:31,622 [IPC Server listener on 39555] INFO  ipc.Server (Server.java:run(1153)) - IPC Server listener on 39555: starting
2019-11-15 21:44:31,624 [main] INFO  server.StorageContainerManager (StorageContainerManager.java:start(779)) - ScmDatanodeProtocl RPC server is listening at /0.0.0.0:33161
2019-11-15 21:44:31,624 [main] INFO  server.SCMDatanodeProtocolServer (SCMDatanodeProtocolServer.java:start(177)) - RPC server for DataNodes is listening at /0.0.0.0:33161
2019-11-15 21:44:31,625 [IPC Server Responder] INFO  ipc.Server (Server.java:run(1314)) - IPC Server Responder: starting
2019-11-15 21:44:31,625 [IPC Server listener on 33161] INFO  ipc.Server (Server.java:run(1153)) - IPC Server listener on 33161: starting
2019-11-15 21:44:31,629 [main] INFO  http.HttpServer2 (HttpServer2.java:bindListener(1191)) - Jetty bound to port 46776
2019-11-15 21:44:31,632 [main] INFO  server.Server (Server.java:doStart(351)) - jetty-9.3.25.v20180904, build timestamp: 2018-09-04T21:11:46Z, git hash: 3ce520221d0240229c862b122d2b06c12a625732
2019-11-15 21:44:31,675 [main] INFO  handler.ContextHandler (ContextHandler.java:doStart(781)) - Started o.e.j.s.ServletContextHandler@4218500f{/logs,file:///workdir/hadoop-ozone/tools/target/log,AVAILABLE}
2019-11-15 21:44:31,676 [main] INFO  handler.ContextHandler (ContextHandler.java:doStart(781)) - Started o.e.j.s.ServletContextHandler@c2db68f{/static,jar:file:/home/user/.m2/repository/org/apache/hadoop/hadoop-hdds-server-scm/0.5.0-SNAPSHOT/hadoop-hdds-server-scm-0.5.0-SNAPSHOT.jar!/webapps/static,AVAILABLE}
2019-11-15 21:44:31,750 [main] INFO  handler.ContextHandler (ContextHandler.java:doStart(781)) - Started o.e.j.w.WebAppContext@37cd92d6{/,file:///tmp/jetty-0.0.0.0-46776-scm-_-any-8091370265377900584.dir/webapp/,AVAILABLE}{/scm}
2019-11-15 21:44:31,755 [main] INFO  server.AbstractConnector (AbstractConnector.java:doStart(278)) - Started ServerConnector@7e0aadd0{HTTP/1.1,[http/1.1]}{0.0.0.0:46776}
2019-11-15 21:44:31,755 [main] INFO  server.Server (Server.java:doStart(419)) - Started @2697ms
2019-11-15 21:44:31,758 [main] INFO  impl.MetricsSinkAdapter (MetricsSinkAdapter.java:start(204)) - Sink prometheus started
2019-11-15 21:44:31,758 [main] INFO  impl.MetricsSystemImpl (MetricsSystemImpl.java:registerSink(301)) - Registered sink prometheus
2019-11-15 21:44:31,759 [main] INFO  server.BaseHttpServer (BaseHttpServer.java:updateConnectorAddress(215)) - HTTP server of SCM is listening at http://0.0.0.0:46776
2019-11-15 21:44:31,766 [org.apache.hadoop.util.JvmPauseMonitor$Monitor@2f66e802] INFO  util.JvmPauseMonitor (JvmPauseMonitor.java:run(188)) - Starting JVM pause monitor
2019-11-15 21:44:31,770 [main] WARN  server.ServerUtils (ServerUtils.java:getDBPath(222)) - ozone.om.db.dirs is not configured. We recommend adding this setting. Falling back to ozone.metadata.dirs instead.
2019-11-15 21:44:31,880 [main] INFO  ha.OMHANodeDetails (OMHANodeDetails.java:loadOMHAConfig(190)) - Configuration either no ozone.om.address set. Falling back to the default OM address /127.0.0.1:0
2019-11-15 21:44:31,880 [main] INFO  ha.OMHANodeDetails (OMHANodeDetails.java:getOMNodeDetails(220)) - OM Service ID is not set. Setting it to the default ID: omServiceIdDefault
2019-11-15 21:44:31,883 [main] WARN  server.ServerUtils (ServerUtils.java:getDBPath(222)) - ozone.om.db.dirs is not configured. We recommend adding this setting. Falling back to ozone.metadata.dirs instead.
2019-11-15 21:44:31,884 [main] WARN  server.ServerUtils (ServerUtils.java:getDBPath(222)) - ozone.om.db.dirs is not configured. We recommend adding this setting. Falling back to ozone.metadata.dirs instead.
2019-11-15 21:44:32,517 [main] WARN  server.ServerUtils (ServerUtils.java:getDBPath(222)) - ozone.om.db.dirs is not configured. We recommend adding this setting. Falling back to ozone.metadata.dirs instead.
2019-11-15 21:44:32,525 [main] INFO  db.DBStoreBuilder (DBStoreBuilder.java:addTable(127)) - using custom profile for table: userTable
2019-11-15 21:44:32,526 [main] INFO  db.DBStoreBuilder (DBStoreBuilder.java:processTables(183)) - Using default column profile:DBProfile.DISK for Table:userTable
2019-11-15 21:44:32,526 [main] INFO  db.DBStoreBuilder (DBStoreBuilder.java:addTable(127)) - using custom profile for table: volumeTable
2019-11-15 21:44:32,526 [main] INFO  db.DBStoreBuilder (DBStoreBuilder.java:processTables(183)) - Using default column profile:DBProfile.DISK for Table:volumeTable
2019-11-15 21:44:32,526 [main] INFO  db.DBStoreBuilder (DBStoreBuilder.java:addTable(127)) - using custom profile for table: bucketTable
2019-11-15 21:44:32,527 [main] INFO  db.DBStoreBuilder (DBStoreBuilder.java:processTables(183)) - Using default column profile:DBProfile.DISK for Table:bucketTable
2019-11-15 21:44:32,527 [main] INFO  db.DBStoreBuilder (DBStoreBuilder.java:addTable(127)) - using custom profile for table: keyTable
2019-11-15 21:44:32,527 [main] INFO  db.DBStoreBuilder (DBStoreBuilder.java:processTables(183)) - Using default column profile:DBProfile.DISK for Table:keyTable
2019-11-15 21:44:32,527 [main] INFO  db.DBStoreBuilder (DBStoreBuilder.java:addTable(127)) - using custom profile for table: deletedTable
2019-11-15 21:44:32,528 [main] INFO  db.DBStoreBuilder (DBStoreBuilder.java:processTables(183)) - Using default column profile:DBProfile.DISK for Table:deletedTable
2019-11-15 21:44:32,528 [main] INFO  db.DBStoreBuilder (DBStoreBuilder.java:addTable(127)) - using custom profile for table: openKeyTable
2019-11-15 21:44:32,528 [main] INFO  db.DBStoreBuilder (DBStoreBuilder.java:processTables(183)) - Using default column profile:DBProfile.DISK for Table:openKeyTable
2019-11-15 21:44:32,528 [main] INFO  db.DBStoreBuilder (DBStoreBuilder.java:addTable(127)) - using custom profile for table: s3Table
2019-11-15 21:44:32,529 [main] INFO  db.DBStoreBuilder (DBStoreBuilder.java:processTables(183)) - Using default column profile:DBProfile.DISK for Table:s3Table
2019-11-15 21:44:32,529 [main] INFO  db.DBStoreBuilder (DBStoreBuilder.java:addTable(127)) - using custom profile for table: multipartInfoTable
2019-11-15 21:44:32,529 [main] INFO  db.DBStoreBuilder (DBStoreBuilder.java:processTables(183)) - Using default column profile:DBProfile.DISK for Table:multipartInfoTable
2019-11-15 21:44:32,529 [main] INFO  db.DBStoreBuilder (DBStoreBuilder.java:addTable(127)) - using custom profile for table: dTokenTable
2019-11-15 21:44:32,530 [main] INFO  db.DBStoreBuilder (DBStoreBuilder.java:processTables(183)) - Using default column profile:DBProfile.DISK for Table:dTokenTable
2019-11-15 21:44:32,530 [main] INFO  db.DBStoreBuilder (DBStoreBuilder.java:addTable(127)) - using custom profile for table: s3SecretTable
2019-11-15 21:44:32,530 [main] INFO  db.DBStoreBuilder (DBStoreBuilder.java:processTables(183)) - Using default column profile:DBProfile.DISK for Table:s3SecretTable
2019-11-15 21:44:32,530 [main] INFO  db.DBStoreBuilder (DBStoreBuilder.java:addTable(127)) - using custom profile for table: prefixTable
2019-11-15 21:44:32,531 [main] INFO  db.DBStoreBuilder (DBStoreBuilder.java:processTables(183)) - Using default column profile:DBProfile.DISK for Table:prefixTable
2019-11-15 21:44:32,531 [main] INFO  db.DBStoreBuilder (DBStoreBuilder.java:addTable(127)) - using custom profile for table: default
2019-11-15 21:44:32,531 [main] INFO  db.DBStoreBuilder (DBStoreBuilder.java:processTables(189)) - Using default column profile:DBProfile.DISK for Table:default
2019-11-15 21:44:32,531 [main] INFO  db.DBStoreBuilder (DBStoreBuilder.java:getDbProfile(220)) - Using default options. DBProfile.DISK
2019-11-15 21:44:32,925 [main] INFO  ipc.CallQueueManager (CallQueueManager.java:<init>(84)) - Using callQueue: class java.util.concurrent.LinkedBlockingQueue, queueCapacity: 2000, scheduler: class org.apache.hadoop.ipc.DefaultRpcScheduler, ipcBackoff: false.
2019-11-15 21:44:32,926 [Socket Reader #1 for port 36433] INFO  ipc.Server (Server.java:run(1074)) - Starting Socket Reader #1 for port 36433
2019-11-15 21:44:32,949 [main] INFO  om.OzoneManager (OzoneManager.java:start(1077)) - OzoneManager RPC server is listening at localhost/127.0.0.1:36433
2019-11-15 21:44:32,950 [main] INFO  impl.MetricsSystemImpl (MetricsSystemImpl.java:init(158)) - OzoneManager metrics system started (again)
2019-11-15 21:44:32,956 [IPC Server Responder] INFO  ipc.Server (Server.java:run(1314)) - IPC Server Responder: starting
2019-11-15 21:44:32,956 [IPC Server listener on 36433] INFO  ipc.Server (Server.java:run(1153)) - IPC Server listener on 36433: starting
2019-11-15 21:44:32,961 [main] INFO  hdfs.DFSUtil (DFSUtil.java:httpServerTemplateForNNAndJN(1641)) - Starting Web-server for ozoneManager at: http://0.0.0.0:0
2019-11-15 21:44:32,964 [main] INFO  server.AuthenticationFilter (AuthenticationFilter.java:constructSecretProvider(240)) - Unable to initialize FileSignerSecretProvider, falling back to use random secrets.
2019-11-15 21:44:32,965 [main] WARN  http.HttpRequestLog (HttpRequestLog.java:getRequestLog(97)) - Jetty request log can only be enabled using Log4j
2019-11-15 21:44:32,968 [main] INFO  http.HttpServer2 (HttpServer2.java:addGlobalFilter(975)) - Added global filter 'safety' (class=org.apache.hadoop.http.HttpServer2$QuotingInputFilter)
2019-11-15 21:44:32,969 [main] INFO  http.HttpServer2 (HttpServer2.java:addFilter(948)) - Added filter static_user_filter (class=org.apache.hadoop.http.lib.StaticUserWebFilter$StaticUserFilter) to context ozoneManager
2019-11-15 21:44:32,970 [main] INFO  http.HttpServer2 (HttpServer2.java:addFilter(958)) - Added filter static_user_filter (class=org.apache.hadoop.http.lib.StaticUserWebFilter$StaticUserFilter) to context static
2019-11-15 21:44:32,970 [main] INFO  http.HttpServer2 (HttpServer2.java:addFilter(958)) - Added filter static_user_filter (class=org.apache.hadoop.http.lib.StaticUserWebFilter$StaticUserFilter) to context logs
2019-11-15 21:44:32,973 [main] INFO  http.HttpServer2 (HttpServer2.java:bindListener(1191)) - Jetty bound to port 32858
2019-11-15 21:44:32,973 [main] INFO  server.Server (Server.java:doStart(351)) - jetty-9.3.25.v20180904, build timestamp: 2018-09-04T21:11:46Z, git hash: 3ce520221d0240229c862b122d2b06c12a625732
2019-11-15 21:44:32,976 [main] INFO  handler.ContextHandler (ContextHandler.java:doStart(781)) - Started o.e.j.s.ServletContextHandler@7e46d648{/logs,file:///workdir/hadoop-ozone/tools/target/log,AVAILABLE}
2019-11-15 21:44:32,977 [main] INFO  handler.ContextHandler (ContextHandler.java:doStart(781)) - Started o.e.j.s.ServletContextHandler@2b0b4d53{/static,jar:file:/home/user/.m2/repository/org/apache/hadoop/hadoop-ozone-ozone-manager/0.5.0-SNAPSHOT/hadoop-ozone-ozone-manager-0.5.0-SNAPSHOT.jar!/webapps/static,AVAILABLE}
2019-11-15 21:44:33,053 [main] INFO  handler.ContextHandler (ContextHandler.java:doStart(781)) - Started o.e.j.w.WebAppContext@4bee18dc{/,file:///tmp/jetty-0.0.0.0-32858-ozoneManager-_-any-1846813737592553180.dir/webapp/,AVAILABLE}{/ozoneManager}
2019-11-15 21:44:33,054 [main] INFO  server.AbstractConnector (AbstractConnector.java:doStart(278)) - Started ServerConnector@44f3fe83{HTTP/1.1,[http/1.1]}{0.0.0.0:32858}
2019-11-15 21:44:33,054 [main] INFO  server.Server (Server.java:doStart(419)) - Started @3995ms
2019-11-15 21:44:33,054 [main] WARN  impl.MetricsSystemImpl (MetricsSystemImpl.java:register(276)) - Sink prometheus already exists!
2019-11-15 21:44:33,056 [main] INFO  server.BaseHttpServer (BaseHttpServer.java:updateConnectorAddress(215)) - HTTP server of OZONEMANAGER is listening at http://0.0.0.0:32858
2019-11-15 21:44:33,275 [main] INFO  impl.MetricsSystemImpl (MetricsSystemImpl.java:init(158)) - HddsDatanode metrics system started (again)
2019-11-15 21:44:33,318 [main] INFO  ozone.HddsDatanodeService (HddsDatanodeService.java:start(186)) - HddsDatanodeService host:pr-hdds-2488-master-phq9t-3211896822 ip:192.168.164.206
2019-11-15 21:44:33,350 [main] INFO  volume.HddsVolume (HddsVolume.java:<init>(176)) - Creating Volume: /workdir/hadoop-ozone/tools/target/test-dir/MiniOzoneClusterImpl-7fe25af5-06e5-4291-8af4-3b47a5a06090/datanode-0/data/containers/hdds of  storage type : DISK and capacity : 1482555576320
2019-11-15 21:44:33,352 [main] INFO  volume.VolumeSet (VolumeSet.java:initializeVolumeSet(170)) - Added Volume : /workdir/hadoop-ozone/tools/target/test-dir/MiniOzoneClusterImpl-7fe25af5-06e5-4291-8af4-3b47a5a06090/datanode-0/data/containers/hdds to VolumeSet
2019-11-15 21:44:33,355 [main] INFO  volume.ThrottledAsyncChecker (ThrottledAsyncChecker.java:schedule(141)) - Scheduling a check for /workdir/hadoop-ozone/tools/target/test-dir/MiniOzoneClusterImpl-7fe25af5-06e5-4291-8af4-3b47a5a06090/datanode-0/data/containers/hdds
2019-11-15 21:44:33,371 [main] INFO  volume.HddsVolumeChecker (HddsVolumeChecker.java:checkAllVolumes(204)) - Scheduled health check for volume /workdir/hadoop-ozone/tools/target/test-dir/MiniOzoneClusterImpl-7fe25af5-06e5-4291-8af4-3b47a5a06090/datanode-0/data/containers/hdds
2019-11-15 21:44:33,473 [main] INFO  impl.RaftServerProxy (ConfUtils.java:logGet(43)) - raft.rpc.type = GRPC (default)
2019-11-15 21:44:33,546 [main] INFO  grpc.GrpcFactory (GrpcFactory.java:checkPooledByteBufAllocatorUseCacheForAllThreads(45)) - PERFORMANCE WARNING: useCacheForAllThreads is true that may cause Netty to create a lot garbage objects and, as a result, trigger GC.
	It is recommended to disable useCacheForAllThreads by setting -Dorg.apache.ratis.thirdparty.io.netty.allocator.useCacheForAllThreads=false in command line.
2019-11-15 21:44:33,551 [main] INFO  grpc.GrpcConfigKeys$Server (ConfUtils.java:logGet(43)) - raft.grpc.server.port = 0 (default)
2019-11-15 21:44:33,553 [main] INFO  server.GrpcService (ConfUtils.java:logGet(43)) - raft.grpc.message.size.max = 33570816 (custom)
2019-11-15 21:44:33,554 [main] INFO  server.RaftServerConfigKeys (ConfUtils.java:logGet(43)) - raft.server.log.appender.buffer.byte-limit = 33554432 (custom)
2019-11-15 21:44:33,555 [main] INFO  server.GrpcService (ConfUtils.java:logGet(43)) - raft.grpc.flow.control.window = 1MB (=1048576) (default)
2019-11-15 21:44:33,556 [main] INFO  server.RaftServerConfigKeys (ConfUtils.java:logGet(43)) - raft.server.rpc.request.timeout = 3000ms (default)
2019-11-15 21:44:33,712 [main] INFO  server.RaftServerConfigKeys (ConfUtils.java:logGet(43)) - raft.server.storage.dir = [/workdir/hadoop-ozone/tools/target/test-dir/MiniOzoneClusterImpl-7fe25af5-06e5-4291-8af4-3b47a5a06090/datanode-0/data/ratis] (custom)
2019-11-15 21:44:33,764 [main] INFO  hdfs.DFSUtil (DFSUtil.java:httpServerTemplateForNNAndJN(1641)) - Starting Web-server for hddsDatanode at: http://0.0.0.0:0
2019-11-15 21:44:33,767 [main] INFO  server.AuthenticationFilter (AuthenticationFilter.java:constructSecretProvider(240)) - Unable to initialize FileSignerSecretProvider, falling back to use random secrets.
2019-11-15 21:44:33,768 [main] WARN  http.HttpRequestLog (HttpRequestLog.java:getRequestLog(97)) - Jetty request log can only be enabled using Log4j
2019-11-15 21:44:33,771 [main] INFO  http.HttpServer2 (HttpServer2.java:addGlobalFilter(975)) - Added global filter 'safety' (class=org.apache.hadoop.http.HttpServer2$QuotingInputFilter)
2019-11-15 21:44:33,772 [main] INFO  http.HttpServer2 (HttpServer2.java:addFilter(948)) - Added filter static_user_filter (class=org.apache.hadoop.http.lib.StaticUserWebFilter$StaticUserFilter) to context hddsDatanode
2019-11-15 21:44:33,773 [main] INFO  http.HttpServer2 (HttpServer2.java:addFilter(958)) - Added filter static_user_filter (class=org.apache.hadoop.http.lib.StaticUserWebFilter$StaticUserFilter) to context static
2019-11-15 21:44:33,773 [main] INFO  http.HttpServer2 (HttpServer2.java:addFilter(958)) - Added filter static_user_filter (class=org.apache.hadoop.http.lib.StaticUserWebFilter$StaticUserFilter) to context logs
2019-11-15 21:44:33,775 [main] INFO  http.HttpServer2 (HttpServer2.java:bindListener(1191)) - Jetty bound to port 35983
2019-11-15 21:44:33,775 [main] INFO  server.Server (Server.java:doStart(351)) - jetty-9.3.25.v20180904, build timestamp: 2018-09-04T21:11:46Z, git hash: 3ce520221d0240229c862b122d2b06c12a625732
2019-11-15 21:44:33,778 [main] INFO  handler.ContextHandler (ContextHandler.java:doStart(781)) - Started o.e.j.s.ServletContextHandler@4c777e7b{/logs,file:///workdir/hadoop-ozone/tools/target/log,AVAILABLE}
2019-11-15 21:44:33,779 [main] INFO  handler.ContextHandler (ContextHandler.java:doStart(781)) - Started o.e.j.s.ServletContextHandler@78e22d35{/static,jar:file:/home/user/.m2/repository/org/apache/hadoop/hadoop-hdds-container-service/0.5.0-SNAPSHOT/hadoop-hdds-container-service-0.5.0-SNAPSHOT.jar!/webapps/static,AVAILABLE}
2019-11-15 21:44:33,828 [main] INFO  handler.ContextHandler (ContextHandler.java:doStart(781)) - Started o.e.j.w.WebAppContext@2819c460{/,file:///tmp/jetty-0.0.0.0-35983-hddsDatanode-_-any-920941150516504491.dir/webapp/,AVAILABLE}{/hddsDatanode}
2019-11-15 21:44:33,829 [main] INFO  server.AbstractConnector (AbstractConnector.java:doStart(278)) - Started ServerConnector@30364216{HTTP/1.1,[http/1.1]}{0.0.0.0:35983}
2019-11-15 21:44:33,829 [main] INFO  server.Server (Server.java:doStart(419)) - Started @4771ms
2019-11-15 21:44:33,830 [main] WARN  impl.MetricsSystemImpl (MetricsSystemImpl.java:register(276)) - Sink prometheus already exists!
2019-11-15 21:44:33,831 [main] INFO  server.BaseHttpServer (BaseHttpServer.java:updateConnectorAddress(215)) - HTTP server of HDDSDATANODE is listening at http://0.0.0.0:35983
2019-11-15 21:44:33,832 [main] INFO  impl.MetricsSystemImpl (MetricsSystemImpl.java:init(158)) - HddsDatanode metrics system started (again)
2019-11-15 21:44:33,834 [main] INFO  ozone.HddsDatanodeService (HddsDatanodeService.java:start(186)) - HddsDatanodeService host:pr-hdds-2488-master-phq9t-3211896822 ip:192.168.164.206
2019-11-15 21:44:33,837 [org.apache.hadoop.util.JvmPauseMonitor$Monitor@1f0a33ca] INFO  util.JvmPauseMonitor (JvmPauseMonitor.java:run(188)) - Starting JVM pause monitor
2019-11-15 21:44:33,843 [main] INFO  volume.HddsVolume (HddsVolume.java:<init>(176)) - Creating Volume: /workdir/hadoop-ozone/tools/target/test-dir/MiniOzoneClusterImpl-7fe25af5-06e5-4291-8af4-3b47a5a06090/datanode-1/data/containers/hdds of  storage type : DISK and capacity : 1482555576320
2019-11-15 21:44:33,844 [main] INFO  volume.VolumeSet (VolumeSet.java:initializeVolumeSet(170)) - Added Volume : /workdir/hadoop-ozone/tools/target/test-dir/MiniOzoneClusterImpl-7fe25af5-06e5-4291-8af4-3b47a5a06090/datanode-1/data/containers/hdds to VolumeSet
2019-11-15 21:44:33,844 [main] INFO  volume.ThrottledAsyncChecker (ThrottledAsyncChecker.java:schedule(141)) - Scheduling a check for /workdir/hadoop-ozone/tools/target/test-dir/MiniOzoneClusterImpl-7fe25af5-06e5-4291-8af4-3b47a5a06090/datanode-1/data/containers/hdds
2019-11-15 21:44:33,845 [main] INFO  volume.HddsVolumeChecker (HddsVolumeChecker.java:checkAllVolumes(204)) - Scheduled health check for volume /workdir/hadoop-ozone/tools/target/test-dir/MiniOzoneClusterImpl-7fe25af5-06e5-4291-8af4-3b47a5a06090/datanode-1/data/containers/hdds
2019-11-15 21:44:33,867 [main] INFO  impl.RaftServerProxy (ConfUtils.java:logGet(43)) - raft.rpc.type = GRPC (default)
2019-11-15 21:44:33,868 [main] INFO  grpc.GrpcFactory (GrpcFactory.java:checkPooledByteBufAllocatorUseCacheForAllThreads(45)) - PERFORMANCE WARNING: useCacheForAllThreads is true that may cause Netty to create a lot garbage objects and, as a result, trigger GC.
	It is recommended to disable useCacheForAllThreads by setting -Dorg.apache.ratis.thirdparty.io.netty.allocator.useCacheForAllThreads=false in command line.
2019-11-15 21:44:33,868 [main] INFO  grpc.GrpcConfigKeys$Server (ConfUtils.java:logGet(43)) - raft.grpc.server.port = 0 (default)
2019-11-15 21:44:33,869 [main] INFO  server.GrpcService (ConfUtils.java:logGet(43)) - raft.grpc.message.size.max = 33570816 (custom)
2019-11-15 21:44:33,869 [main] INFO  server.RaftServerConfigKeys (ConfUtils.java:logGet(43)) - raft.server.log.appender.buffer.byte-limit = 33554432 (custom)
2019-11-15 21:44:33,870 [main] INFO  server.GrpcService (ConfUtils.java:logGet(43)) - raft.grpc.flow.control.window = 1MB (=1048576) (default)
2019-11-15 21:44:33,870 [main] INFO  server.RaftServerConfigKeys (ConfUtils.java:logGet(43)) - raft.server.rpc.request.timeout = 3000ms (default)
2019-11-15 21:44:33,871 [main] INFO  server.RaftServerConfigKeys (ConfUtils.java:logGet(43)) - raft.server.storage.dir = [/workdir/hadoop-ozone/tools/target/test-dir/MiniOzoneClusterImpl-7fe25af5-06e5-4291-8af4-3b47a5a06090/datanode-1/data/ratis] (custom)
2019-11-15 21:44:33,875 [main] INFO  hdfs.DFSUtil (DFSUtil.java:httpServerTemplateForNNAndJN(1641)) - Starting Web-server for hddsDatanode at: http://0.0.0.0:0
2019-11-15 21:44:33,877 [main] INFO  server.AuthenticationFilter (AuthenticationFilter.java:constructSecretProvider(240)) - Unable to initialize FileSignerSecretProvider, falling back to use random secrets.
2019-11-15 21:44:33,878 [main] WARN  http.HttpRequestLog (HttpRequestLog.java:getRequestLog(97)) - Jetty request log can only be enabled using Log4j
2019-11-15 21:44:33,881 [main] INFO  http.HttpServer2 (HttpServer2.java:addGlobalFilter(975)) - Added global filter 'safety' (class=org.apache.hadoop.http.HttpServer2$QuotingInputFilter)
2019-11-15 21:44:33,883 [main] INFO  http.HttpServer2 (HttpServer2.java:addFilter(948)) - Added filter static_user_filter (class=org.apache.hadoop.http.lib.StaticUserWebFilter$StaticUserFilter) to context hddsDatanode
2019-11-15 21:44:33,883 [main] INFO  http.HttpServer2 (HttpServer2.java:addFilter(958)) - Added filter static_user_filter (class=org.apache.hadoop.http.lib.StaticUserWebFilter$StaticUserFilter) to context static
2019-11-15 21:44:33,883 [main] INFO  http.HttpServer2 (HttpServer2.java:addFilter(958)) - Added filter static_user_filter (class=org.apache.hadoop.http.lib.StaticUserWebFilter$StaticUserFilter) to context logs
2019-11-15 21:44:33,884 [main] INFO  http.HttpServer2 (HttpServer2.java:bindListener(1191)) - Jetty bound to port 45931
2019-11-15 21:44:33,885 [main] INFO  server.Server (Server.java:doStart(351)) - jetty-9.3.25.v20180904, build timestamp: 2018-09-04T21:11:46Z, git hash: 3ce520221d0240229c862b122d2b06c12a625732
2019-11-15 21:44:33,887 [main] INFO  handler.ContextHandler (ContextHandler.java:doStart(781)) - Started o.e.j.s.ServletContextHandler@4047d2d9{/logs,file:///workdir/hadoop-ozone/tools/target/log,AVAILABLE}
2019-11-15 21:44:33,888 [main] INFO  handler.ContextHandler (ContextHandler.java:doStart(781)) - Started o.e.j.s.ServletContextHandler@146dcfe6{/static,jar:file:/home/user/.m2/repository/org/apache/hadoop/hadoop-hdds-container-service/0.5.0-SNAPSHOT/hadoop-hdds-container-service-0.5.0-SNAPSHOT.jar!/webapps/static,AVAILABLE}
2019-11-15 21:44:33,926 [main] INFO  handler.ContextHandler (ContextHandler.java:doStart(781)) - Started o.e.j.w.WebAppContext@e5cbff2{/,file:///tmp/jetty-0.0.0.0-45931-hddsDatanode-_-any-7767262063960377737.dir/webapp/,AVAILABLE}{/hddsDatanode}
2019-11-15 21:44:33,928 [main] INFO  server.AbstractConnector (AbstractConnector.java:doStart(278)) - Started ServerConnector@51c959a4{HTTP/1.1,[http/1.1]}{0.0.0.0:45931}
2019-11-15 21:44:33,928 [main] INFO  server.Server (Server.java:doStart(419)) - Started @4869ms
2019-11-15 21:44:33,928 [main] WARN  impl.MetricsSystemImpl (MetricsSystemImpl.java:register(276)) - Sink prometheus already exists!
2019-11-15 21:44:33,929 [main] INFO  server.BaseHttpServer (BaseHttpServer.java:updateConnectorAddress(215)) - HTTP server of HDDSDATANODE is listening at http://0.0.0.0:45931
2019-11-15 21:44:33,930 [main] INFO  impl.MetricsSystemImpl (MetricsSystemImpl.java:init(158)) - HddsDatanode metrics system started (again)
2019-11-15 21:44:33,932 [main] INFO  ozone.HddsDatanodeService (HddsDatanodeService.java:start(186)) - HddsDatanodeService host:pr-hdds-2488-master-phq9t-3211896822 ip:192.168.164.206
2019-11-15 21:44:33,932 [org.apache.hadoop.util.JvmPauseMonitor$Monitor@1f262359] INFO  util.JvmPauseMonitor (JvmPauseMonitor.java:run(188)) - Starting JVM pause monitor
2019-11-15 21:44:33,940 [main] INFO  volume.HddsVolume (HddsVolume.java:<init>(176)) - Creating Volume: /workdir/hadoop-ozone/tools/target/test-dir/MiniOzoneClusterImpl-7fe25af5-06e5-4291-8af4-3b47a5a06090/datanode-2/data/containers/hdds of  storage type : DISK and capacity : 1482555576320
2019-11-15 21:44:33,941 [main] INFO  volume.VolumeSet (VolumeSet.java:initializeVolumeSet(170)) - Added Volume : /workdir/hadoop-ozone/tools/target/test-dir/MiniOzoneClusterImpl-7fe25af5-06e5-4291-8af4-3b47a5a06090/datanode-2/data/containers/hdds to VolumeSet
2019-11-15 21:44:33,941 [main] INFO  volume.ThrottledAsyncChecker (ThrottledAsyncChecker.java:schedule(141)) - Scheduling a check for /workdir/hadoop-ozone/tools/target/test-dir/MiniOzoneClusterImpl-7fe25af5-06e5-4291-8af4-3b47a5a06090/datanode-2/data/containers/hdds
2019-11-15 21:44:33,942 [main] INFO  volume.HddsVolumeChecker (HddsVolumeChecker.java:checkAllVolumes(204)) - Scheduled health check for volume /workdir/hadoop-ozone/tools/target/test-dir/MiniOzoneClusterImpl-7fe25af5-06e5-4291-8af4-3b47a5a06090/datanode-2/data/containers/hdds
2019-11-15 21:44:33,952 [Datanode State Machine Thread - 0] INFO  datanode.InitDatanodeState (InitDatanodeState.java:persistContainerDatanodeDetails(140)) - DatanodeDetails is persisted to /workdir/hadoop-ozone/tools/target/test-dir/MiniOzoneClusterImpl-7fe25af5-06e5-4291-8af4-3b47a5a06090/datanode-0/meta/datanode.id
2019-11-15 21:44:33,955 [Datanode State Machine Thread - 0] INFO  datanode.InitDatanodeState (InitDatanodeState.java:persistContainerDatanodeDetails(140)) - DatanodeDetails is persisted to /workdir/hadoop-ozone/tools/target/test-dir/MiniOzoneClusterImpl-7fe25af5-06e5-4291-8af4-3b47a5a06090/datanode-1/meta/datanode.id
2019-11-15 21:44:33,962 [main] INFO  impl.RaftServerProxy (ConfUtils.java:logGet(43)) - raft.rpc.type = GRPC (default)
2019-11-15 21:44:33,962 [main] INFO  grpc.GrpcFactory (GrpcFactory.java:checkPooledByteBufAllocatorUseCacheForAllThreads(45)) - PERFORMANCE WARNING: useCacheForAllThreads is true that may cause Netty to create a lot garbage objects and, as a result, trigger GC.
	It is recommended to disable useCacheForAllThreads by setting -Dorg.apache.ratis.thirdparty.io.netty.allocator.useCacheForAllThreads=false in command line.
2019-11-15 21:44:33,962 [main] INFO  grpc.GrpcConfigKeys$Server (ConfUtils.java:logGet(43)) - raft.grpc.server.port = 0 (default)
2019-11-15 21:44:33,962 [main] INFO  server.GrpcService (ConfUtils.java:logGet(43)) - raft.grpc.message.size.max = 33570816 (custom)
2019-11-15 21:44:33,963 [main] INFO  server.RaftServerConfigKeys (ConfUtils.java:logGet(43)) - raft.server.log.appender.buffer.byte-limit = 33554432 (custom)
2019-11-15 21:44:33,963 [main] INFO  server.GrpcService (ConfUtils.java:logGet(43)) - raft.grpc.flow.control.window = 1MB (=1048576) (default)
2019-11-15 21:44:33,963 [main] INFO  server.RaftServerConfigKeys (ConfUtils.java:logGet(43)) - raft.server.rpc.request.timeout = 3000ms (default)
2019-11-15 21:44:33,964 [main] INFO  server.RaftServerConfigKeys (ConfUtils.java:logGet(43)) - raft.server.storage.dir = [/workdir/hadoop-ozone/tools/target/test-dir/MiniOzoneClusterImpl-7fe25af5-06e5-4291-8af4-3b47a5a06090/datanode-2/data/ratis] (custom)
2019-11-15 21:44:33,967 [main] INFO  hdfs.DFSUtil (DFSUtil.java:httpServerTemplateForNNAndJN(1641)) - Starting Web-server for hddsDatanode at: http://0.0.0.0:0
2019-11-15 21:44:33,968 [main] INFO  server.AuthenticationFilter (AuthenticationFilter.java:constructSecretProvider(240)) - Unable to initialize FileSignerSecretProvider, falling back to use random secrets.
2019-11-15 21:44:33,969 [main] WARN  http.HttpRequestLog (HttpRequestLog.java:getRequestLog(97)) - Jetty request log can only be enabled using Log4j
2019-11-15 21:44:33,971 [main] INFO  http.HttpServer2 (HttpServer2.java:addGlobalFilter(975)) - Added global filter 'safety' (class=org.apache.hadoop.http.HttpServer2$QuotingInputFilter)
2019-11-15 21:44:33,971 [main] INFO  http.HttpServer2 (HttpServer2.java:addFilter(948)) - Added filter static_user_filter (class=org.apache.hadoop.http.lib.StaticUserWebFilter$StaticUserFilter) to context hddsDatanode
2019-11-15 21:44:33,972 [main] INFO  http.HttpServer2 (HttpServer2.java:addFilter(958)) - Added filter static_user_filter (class=org.apache.hadoop.http.lib.StaticUserWebFilter$StaticUserFilter) to context logs
2019-11-15 21:44:33,972 [main] INFO  http.HttpServer2 (HttpServer2.java:addFilter(958)) - Added filter static_user_filter (class=org.apache.hadoop.http.lib.StaticUserWebFilter$StaticUserFilter) to context static
2019-11-15 21:44:33,973 [main] INFO  http.HttpServer2 (HttpServer2.java:bindListener(1191)) - Jetty bound to port 33205
2019-11-15 21:44:33,973 [main] INFO  server.Server (Server.java:doStart(351)) - jetty-9.3.25.v20180904, build timestamp: 2018-09-04T21:11:46Z, git hash: 3ce520221d0240229c862b122d2b06c12a625732
2019-11-15 21:44:33,976 [main] INFO  handler.ContextHandler (ContextHandler.java:doStart(781)) - Started o.e.j.s.ServletContextHandler@65b97f47{/logs,file:///workdir/hadoop-ozone/tools/target/log,AVAILABLE}
2019-11-15 21:44:33,977 [main] INFO  handler.ContextHandler (ContextHandler.java:doStart(781)) - Started o.e.j.s.ServletContextHandler@476fe690{/static,jar:file:/home/user/.m2/repository/org/apache/hadoop/hadoop-hdds-container-service/0.5.0-SNAPSHOT/hadoop-hdds-container-service-0.5.0-SNAPSHOT.jar!/webapps/static,AVAILABLE}
2019-11-15 21:44:34,009 [main] INFO  handler.ContextHandler (ContextHandler.java:doStart(781)) - Started o.e.j.w.WebAppContext@7e74a380{/,file:///tmp/jetty-0.0.0.0-33205-hddsDatanode-_-any-7225567207311754051.dir/webapp/,AVAILABLE}{/hddsDatanode}
2019-11-15 21:44:34,010 [main] INFO  server.AbstractConnector (AbstractConnector.java:doStart(278)) - Started ServerConnector@6dd1c3ed{HTTP/1.1,[http/1.1]}{0.0.0.0:33205}
2019-11-15 21:44:34,010 [main] INFO  server.Server (Server.java:doStart(419)) - Started @4951ms
2019-11-15 21:44:34,010 [main] WARN  impl.MetricsSystemImpl (MetricsSystemImpl.java:register(276)) - Sink prometheus already exists!
2019-11-15 21:44:34,012 [main] INFO  server.BaseHttpServer (BaseHttpServer.java:updateConnectorAddress(215)) - HTTP server of HDDSDATANODE is listening at http://0.0.0.0:33205
2019-11-15 21:44:34,013 [main] INFO  ozone.MiniOzoneClusterImpl (MiniOzoneClusterImpl.java:lambda$waitForClusterToBeReady$0(150)) - Waiting for nodes to be ready. Got 0 of 3 DN Heartbeats.
2019-11-15 21:44:34,013 [main] INFO  ozone.MiniOzoneClusterImpl (MiniOzoneClusterImpl.java:lambda$waitForClusterToBeReady$0(153)) - Waiting for cluster to exit safe mode
2019-11-15 21:44:34,015 [org.apache.hadoop.util.JvmPauseMonitor$Monitor@2017dbb0] INFO  util.JvmPauseMonitor (JvmPauseMonitor.java:run(188)) - Starting JVM pause monitor
2019-11-15 21:44:34,019 [Datanode State Machine Thread - 0] INFO  datanode.InitDatanodeState (InitDatanodeState.java:persistContainerDatanodeDetails(140)) - DatanodeDetails is persisted to /workdir/hadoop-ozone/tools/target/test-dir/MiniOzoneClusterImpl-7fe25af5-06e5-4291-8af4-3b47a5a06090/datanode-2/meta/datanode.id
2019-11-15 21:44:35,014 [main] INFO  ozone.MiniOzoneClusterImpl (MiniOzoneClusterImpl.java:lambda$waitForClusterToBeReady$0(150)) - Waiting for nodes to be ready. Got 0 of 3 DN Heartbeats.
2019-11-15 21:44:35,014 [main] INFO  ozone.MiniOzoneClusterImpl (MiniOzoneClusterImpl.java:lambda$waitForClusterToBeReady$0(153)) - Waiting for cluster to exit safe mode
2019-11-15 21:44:35,916 [Datanode State Machine Thread - 0] INFO  ozoneimpl.OzoneContainer (OzoneContainer.java:start(230)) - Attempting to start container services.
2019-11-15 21:44:35,918 [Datanode State Machine Thread - 0] INFO  ozoneimpl.OzoneContainer (OzoneContainer.java:startContainerScrub(194)) - Background container scanner has been disabled.
2019-11-15 21:44:35,918 [Datanode State Machine Thread - 0] INFO  ratis.XceiverServerRatis (XceiverServerRatis.java:start(422)) - Starting XceiverServerRatis 1a9b7b80-4c06-4af9-a9c0-012844bdcf6e at port 0
2019-11-15 21:44:35,935 [Datanode State Machine Thread - 0] INFO  impl.RaftServerProxy (RaftServerProxy.java:lambda$start$3(299)) - 1a9b7b80-4c06-4af9-a9c0-012844bdcf6e: start RPC server
2019-11-15 21:44:35,949 [Datanode State Machine Thread - 0] INFO  ozoneimpl.OzoneContainer (OzoneContainer.java:start(230)) - Attempting to start container services.
2019-11-15 21:44:35,953 [Datanode State Machine Thread - 0] INFO  ozoneimpl.OzoneContainer (OzoneContainer.java:startContainerScrub(194)) - Background container scanner has been disabled.
2019-11-15 21:44:35,953 [Datanode State Machine Thread - 0] INFO  ratis.XceiverServerRatis (XceiverServerRatis.java:start(422)) - Starting XceiverServerRatis ca7ad779-39e3-4fe4-8465-c580c93c9c4b at port 0
2019-11-15 21:44:35,963 [Datanode State Machine Thread - 0] INFO  impl.RaftServerProxy (RaftServerProxy.java:lambda$start$3(299)) - ca7ad779-39e3-4fe4-8465-c580c93c9c4b: start RPC server
2019-11-15 21:44:36,015 [main] INFO  ozone.MiniOzoneClusterImpl (MiniOzoneClusterImpl.java:lambda$waitForClusterToBeReady$0(150)) - Waiting for nodes to be ready. Got 0 of 3 DN Heartbeats.
2019-11-15 21:44:36,015 [main] INFO  ozone.MiniOzoneClusterImpl (MiniOzoneClusterImpl.java:lambda$waitForClusterToBeReady$0(153)) - Waiting for cluster to exit safe mode
2019-11-15 21:44:36,030 [Datanode State Machine Thread - 0] INFO  ozoneimpl.OzoneContainer (OzoneContainer.java:start(230)) - Attempting to start container services.
2019-11-15 21:44:36,036 [Datanode State Machine Thread - 0] INFO  ozoneimpl.OzoneContainer (OzoneContainer.java:startContainerScrub(194)) - Background container scanner has been disabled.
2019-11-15 21:44:36,036 [Datanode State Machine Thread - 0] INFO  ratis.XceiverServerRatis (XceiverServerRatis.java:start(422)) - Starting XceiverServerRatis 0f96ec18-ef95-4dfc-896f-f5f608d82565 at port 0
2019-11-15 21:44:36,051 [Datanode State Machine Thread - 0] INFO  impl.RaftServerProxy (RaftServerProxy.java:lambda$start$3(299)) - 0f96ec18-ef95-4dfc-896f-f5f608d82565: start RPC server
2019-11-15 21:44:36,076 [Datanode State Machine Thread - 0] INFO  server.GrpcService (GrpcService.java:startImpl(158)) - ca7ad779-39e3-4fe4-8465-c580c93c9c4b: GrpcService started, listening on 0.0.0.0/0.0.0.0:36095
2019-11-15 21:44:36,076 [Datanode State Machine Thread - 0] INFO  server.GrpcService (GrpcService.java:startImpl(158)) - 1a9b7b80-4c06-4af9-a9c0-012844bdcf6e: GrpcService started, listening on 0.0.0.0/0.0.0.0:33171
2019-11-15 21:44:36,076 [Datanode State Machine Thread - 0] INFO  server.GrpcService (GrpcService.java:startImpl(158)) - 0f96ec18-ef95-4dfc-896f-f5f608d82565: GrpcService started, listening on 0.0.0.0/0.0.0.0:40487
2019-11-15 21:44:36,077 [Datanode State Machine Thread - 0] INFO  ratis.XceiverServerRatis (XceiverServerRatis.java:start(432)) - XceiverServerRatis 1a9b7b80-4c06-4af9-a9c0-012844bdcf6e is started using port 33171
2019-11-15 21:44:36,077 [Datanode State Machine Thread - 0] INFO  ratis.XceiverServerRatis (XceiverServerRatis.java:start(432)) - XceiverServerRatis ca7ad779-39e3-4fe4-8465-c580c93c9c4b is started using port 36095
2019-11-15 21:44:36,077 [Datanode State Machine Thread - 0] INFO  ratis.XceiverServerRatis (XceiverServerRatis.java:start(432)) - XceiverServerRatis 0f96ec18-ef95-4dfc-896f-f5f608d82565 is started using port 40487
2019-11-15 21:44:36,082 [Datanode State Machine Thread - 0] INFO  server.XceiverServerGrpc (XceiverServerGrpc.java:start(145)) - XceiverServerGrpc ca7ad779-39e3-4fe4-8465-c580c93c9c4b is started using port 36782
2019-11-15 21:44:36,082 [Datanode State Machine Thread - 0] INFO  server.XceiverServerGrpc (XceiverServerGrpc.java:start(145)) - XceiverServerGrpc 1a9b7b80-4c06-4af9-a9c0-012844bdcf6e is started using port 40445
2019-11-15 21:44:36,082 [Datanode State Machine Thread - 0] INFO  server.XceiverServerGrpc (XceiverServerGrpc.java:start(145)) - XceiverServerGrpc 0f96ec18-ef95-4dfc-896f-f5f608d82565 is started using port 34250
2019-11-15 21:44:37,016 [main] INFO  ozone.MiniOzoneClusterImpl (MiniOzoneClusterImpl.java:lambda$waitForClusterToBeReady$0(150)) - Waiting for nodes to be ready. Got 0 of 3 DN Heartbeats.
2019-11-15 21:44:37,016 [main] INFO  ozone.MiniOzoneClusterImpl (MiniOzoneClusterImpl.java:lambda$waitForClusterToBeReady$0(153)) - Waiting for cluster to exit safe mode
2019-11-15 21:44:37,871 [IPC Server handler 0 on 33161] INFO  net.NetworkTopology (NetworkTopologyImpl.java:add(111)) - Added a new node: /default-rack/1a9b7b80-4c06-4af9-a9c0-012844bdcf6e
2019-11-15 21:44:37,872 [IPC Server handler 0 on 33161] INFO  node.SCMNodeManager (SCMNodeManager.java:register(267)) - Registered Data node : 1a9b7b80-4c06-4af9-a9c0-012844bdcf6e{ip: 192.168.164.206, host: pr-hdds-2488-master-phq9t-3211896822, networkLocation: /default-rack, certSerialId: null}
2019-11-15 21:44:37,874 [EventQueue-NodeRegistrationContainerReportForContainerSafeModeRule] INFO  safemode.SCMSafeModeManager (SCMSafeModeManager.java:validateSafeModeExitRules(176)) - ContainerSafeModeRule rule is successfully validated
2019-11-15 21:44:37,874 [EventQueue-NodeRegistrationContainerReportForDataNodeSafeModeRule] INFO  safemode.SCMSafeModeManager (DataNodeSafeModeRule.java:process(71)) - SCM in safe mode. 1 DataNodes registered, 1 required.
2019-11-15 21:44:37,874 [EventQueue-NodeRegistrationContainerReportForDataNodeSafeModeRule] INFO  safemode.SCMSafeModeManager (SCMSafeModeManager.java:validateSafeModeExitRules(176)) - DataNodeSafeModeRule rule is successfully validated
2019-11-15 21:44:37,877 [RatisPipelineUtilsThread] INFO  pipeline.RatisPipelineProvider (RatisPipelineProvider.java:lambda$create$4(163)) - Send pipeline:PipelineID=f82c3ae6-6a38-4b74-b1d0-a4050522328f create command to datanode 1a9b7b80-4c06-4af9-a9c0-012844bdcf6e
2019-11-15 21:44:37,886 [RatisPipelineUtilsThread] INFO  pipeline.PipelineStateManager (PipelineStateManager.java:addPipeline(55)) - Created pipeline Pipeline[ Id: f82c3ae6-6a38-4b74-b1d0-a4050522328f, Nodes: 1a9b7b80-4c06-4af9-a9c0-012844bdcf6e{ip: 192.168.164.206, host: pr-hdds-2488-master-phq9t-3211896822, networkLocation: /default-rack, certSerialId: null}, Type:RATIS, Factor:ONE, State:ALLOCATED]
2019-11-15 21:44:37,935 [IPC Server handler 1 on 33161] INFO  net.NetworkTopology (NetworkTopologyImpl.java:add(111)) - Added a new node: /default-rack/ca7ad779-39e3-4fe4-8465-c580c93c9c4b
2019-11-15 21:44:37,936 [IPC Server handler 1 on 33161] INFO  node.SCMNodeManager (SCMNodeManager.java:register(267)) - Registered Data node : ca7ad779-39e3-4fe4-8465-c580c93c9c4b{ip: 192.168.164.206, host: pr-hdds-2488-master-phq9t-3211896822, networkLocation: /default-rack, certSerialId: null}
2019-11-15 21:44:37,936 [EventQueue-NodeRegistrationContainerReportForContainerSafeModeRule] INFO  safemode.SCMSafeModeManager (SCMSafeModeManager.java:validateSafeModeExitRules(176)) - ContainerSafeModeRule rule is successfully validated
2019-11-15 21:44:37,936 [EventQueue-NodeRegistrationContainerReportForDataNodeSafeModeRule] INFO  safemode.SCMSafeModeManager (SCMSafeModeManager.java:validateSafeModeExitRules(176)) - DataNodeSafeModeRule rule is successfully validated
2019-11-15 21:44:37,938 [RatisPipelineUtilsThread] INFO  pipeline.RatisPipelineProvider (RatisPipelineProvider.java:lambda$create$4(163)) - Send pipeline:PipelineID=22bac1c2-53e0-4aef-a252-47d1f819f9b8 create command to datanode ca7ad779-39e3-4fe4-8465-c580c93c9c4b
2019-11-15 21:44:37,938 [RatisPipelineUtilsThread] INFO  pipeline.PipelineStateManager (PipelineStateManager.java:addPipeline(55)) - Created pipeline Pipeline[ Id: 22bac1c2-53e0-4aef-a252-47d1f819f9b8, Nodes: ca7ad779-39e3-4fe4-8465-c580c93c9c4b{ip: 192.168.164.206, host: pr-hdds-2488-master-phq9t-3211896822, networkLocation: /default-rack, certSerialId: null}, Type:RATIS, Factor:ONE, State:ALLOCATED]
2019-11-15 21:44:38,016 [main] INFO  ozone.MiniOzoneClusterImpl (MiniOzoneClusterImpl.java:lambda$waitForClusterToBeReady$0(150)) - Waiting for nodes to be ready. Got 2 of 3 DN Heartbeats.
2019-11-15 21:44:38,017 [main] INFO  ozone.MiniOzoneClusterImpl (MiniOzoneClusterImpl.java:lambda$waitForClusterToBeReady$0(153)) - Waiting for cluster to exit safe mode
2019-11-15 21:44:38,017 [IPC Server handler 3 on 33161] INFO  net.NetworkTopology (NetworkTopologyImpl.java:add(111)) - Added a new node: /default-rack/0f96ec18-ef95-4dfc-896f-f5f608d82565
2019-11-15 21:44:38,017 [IPC Server handler 3 on 33161] INFO  node.SCMNodeManager (SCMNodeManager.java:register(267)) - Registered Data node : 0f96ec18-ef95-4dfc-896f-f5f608d82565{ip: 192.168.164.206, host: pr-hdds-2488-master-phq9t-3211896822, networkLocation: /default-rack, certSerialId: null}
2019-11-15 21:44:38,018 [EventQueue-NodeRegistrationContainerReportForContainerSafeModeRule] INFO  safemode.SCMSafeModeManager (SCMSafeModeManager.java:validateSafeModeExitRules(176)) - ContainerSafeModeRule rule is successfully validated
2019-11-15 21:44:38,018 [RatisPipelineUtilsThread] INFO  pipeline.RatisPipelineProvider (RatisPipelineProvider.java:lambda$create$4(163)) - Send pipeline:PipelineID=b976859f-93d2-4306-b55a-42d3904966f0 create command to datanode 0f96ec18-ef95-4dfc-896f-f5f608d82565
2019-11-15 21:44:38,018 [EventQueue-NodeRegistrationContainerReportForDataNodeSafeModeRule] INFO  safemode.SCMSafeModeManager (SCMSafeModeManager.java:validateSafeModeExitRules(176)) - DataNodeSafeModeRule rule is successfully validated
2019-11-15 21:44:38,018 [RatisPipelineUtilsThread] INFO  pipeline.PipelineStateManager (PipelineStateManager.java:addPipeline(55)) - Created pipeline Pipeline[ Id: b976859f-93d2-4306-b55a-42d3904966f0, Nodes: 0f96ec18-ef95-4dfc-896f-f5f608d82565{ip: 192.168.164.206, host: pr-hdds-2488-master-phq9t-3211896822, networkLocation: /default-rack, certSerialId: null}, Type:RATIS, Factor:ONE, State:ALLOCATED]
2019-11-15 21:44:38,019 [RatisPipelineUtilsThread] INFO  pipeline.RatisPipelineProvider (RatisPipelineProvider.java:lambda$create$4(163)) - Send pipeline:PipelineID=07602e70-af0f-4d52-823a-018d242e8781 create command to datanode 0f96ec18-ef95-4dfc-896f-f5f608d82565
2019-11-15 21:44:38,019 [RatisPipelineUtilsThread] INFO  pipeline.RatisPipelineProvider (RatisPipelineProvider.java:lambda$create$4(163)) - Send pipeline:PipelineID=07602e70-af0f-4d52-823a-018d242e8781 create command to datanode ca7ad779-39e3-4fe4-8465-c580c93c9c4b
2019-11-15 21:44:38,019 [RatisPipelineUtilsThread] INFO  pipeline.RatisPipelineProvider (RatisPipelineProvider.java:lambda$create$4(163)) - Send pipeline:PipelineID=07602e70-af0f-4d52-823a-018d242e8781 create command to datanode 1a9b7b80-4c06-4af9-a9c0-012844bdcf6e
2019-11-15 21:44:38,020 [RatisPipelineUtilsThread] INFO  pipeline.PipelineStateManager (PipelineStateManager.java:addPipeline(55)) - Created pipeline Pipeline[ Id: 07602e70-af0f-4d52-823a-018d242e8781, Nodes: 0f96ec18-ef95-4dfc-896f-f5f608d82565{ip: 192.168.164.206, host: pr-hdds-2488-master-phq9t-3211896822, networkLocation: /default-rack, certSerialId: null}ca7ad779-39e3-4fe4-8465-c580c93c9c4b{ip: 192.168.164.206, host: pr-hdds-2488-master-phq9t-3211896822, networkLocation: /default-rack, certSerialId: null}1a9b7b80-4c06-4af9-a9c0-012844bdcf6e{ip: 192.168.164.206, host: pr-hdds-2488-master-phq9t-3211896822, networkLocation: /default-rack, certSerialId: null}, Type:RATIS, Factor:THREE, State:ALLOCATED]
2019-11-15 21:44:39,017 [main] INFO  ozone.MiniOzoneClusterImpl (MiniOzoneClusterImpl.java:lambda$waitForClusterToBeReady$0(150)) - Nodes are ready. Got 3 of 3 DN Heartbeats.
2019-11-15 21:44:39,017 [main] INFO  ozone.MiniOzoneClusterImpl (MiniOzoneClusterImpl.java:lambda$waitForClusterToBeReady$0(153)) - Waiting for cluster to exit safe mode
2019-11-15 21:44:40,018 [main] INFO  ozone.MiniOzoneClusterImpl (MiniOzoneClusterImpl.java:lambda$waitForClusterToBeReady$0(150)) - Nodes are ready. Got 3 of 3 DN Heartbeats.
2019-11-15 21:44:40,018 [main] INFO  ozone.MiniOzoneClusterImpl (MiniOzoneClusterImpl.java:lambda$waitForClusterToBeReady$0(153)) - Waiting for cluster to exit safe mode
2019-11-15 21:44:40,871 [Command processor thread] INFO  impl.RaftServerProxy (RaftServerProxy.java:addNew(89)) - 1a9b7b80-4c06-4af9-a9c0-012844bdcf6e: addNew group-A4050522328F:[1a9b7b80-4c06-4af9-a9c0-012844bdcf6e:192.168.164.206:33171] returns group-A4050522328F:java.util.concurrent.CompletableFuture@505b07e8[Not completed]
2019-11-15 21:44:40,886 [pool-27-thread-1] INFO  impl.RaftServerImpl (RaftServerImpl.java:<init>(98)) - 1a9b7b80-4c06-4af9-a9c0-012844bdcf6e: new RaftServerImpl for group-A4050522328F:[1a9b7b80-4c06-4af9-a9c0-012844bdcf6e:192.168.164.206:33171] with ContainerStateMachine:uninitialized
2019-11-15 21:44:40,888 [pool-27-thread-1] INFO  server.RaftServerConfigKeys (ConfUtils.java:logGet(43)) - raft.server.rpc.timeout.min = 5s (custom)
2019-11-15 21:44:40,888 [pool-27-thread-1] INFO  server.RaftServerConfigKeys (ConfUtils.java:logGet(43)) - raft.server.rpc.timeout.max = 5200ms (custom)
2019-11-15 21:44:40,888 [pool-27-thread-1] INFO  server.RaftServerConfigKeys (ConfUtils.java:logGet(43)) - raft.server.rpcslowness.timeout = 120s (custom)
2019-11-15 21:44:40,889 [pool-27-thread-1] INFO  server.RaftServerConfigKeys (ConfUtils.java:logGet(43)) - raft.server.sleep.deviation.threshold = 300 (default)
2019-11-15 21:44:40,890 [pool-27-thread-1] INFO  server.RaftServerConfigKeys (ConfUtils.java:logGet(43)) - raft.server.log.appender.install.snapshot.enabled = false (custom)
2019-11-15 21:44:40,896 [pool-27-thread-1] INFO  impl.RaftServerImpl (ServerState.java:<init>(103)) - 1a9b7b80-4c06-4af9-a9c0-012844bdcf6e@group-A4050522328F: ConfigurationManager, init=-1: [1a9b7b80-4c06-4af9-a9c0-012844bdcf6e:192.168.164.206:33171], old=null, confs=<EMPTY_MAP>
2019-11-15 21:44:40,897 [pool-27-thread-1] INFO  server.RaftServerConfigKeys (ConfUtils.java:logGet(43)) - raft.server.storage.dir = [/workdir/hadoop-ozone/tools/target/test-dir/MiniOzoneClusterImpl-7fe25af5-06e5-4291-8af4-3b47a5a06090/datanode-0/data/ratis] (custom)
2019-11-15 21:44:40,902 [pool-27-thread-1] INFO  server.RaftServerConfigKeys (ConfUtils.java:logGet(43)) - raft.server.log.corruption.policy = EXCEPTION (default)
2019-11-15 21:44:40,903 [pool-27-thread-1] INFO  storage.RaftStorageDirectory (RaftStorageDirectory.java:analyzeStorage(246)) - The storage directory /workdir/hadoop-ozone/tools/target/test-dir/MiniOzoneClusterImpl-7fe25af5-06e5-4291-8af4-3b47a5a06090/datanode-0/data/ratis/f82c3ae6-6a38-4b74-b1d0-a4050522328f does not exist. Creating ...
2019-11-15 21:44:40,920 [pool-27-thread-1] INFO  storage.RaftStorageDirectory (RaftStorageDirectory.java:tryLock(328)) - Lock on /workdir/hadoop-ozone/tools/target/test-dir/MiniOzoneClusterImpl-7fe25af5-06e5-4291-8af4-3b47a5a06090/datanode-0/data/ratis/f82c3ae6-6a38-4b74-b1d0-a4050522328f/in_use.lock acquired by nodename 30597@pr-hdds-2488-master-phq9t-3211896822
2019-11-15 21:44:40,934 [Command processor thread] INFO  impl.RaftServerProxy (RaftServerProxy.java:addNew(89)) - ca7ad779-39e3-4fe4-8465-c580c93c9c4b: addNew group-47D1F819F9B8:[ca7ad779-39e3-4fe4-8465-c580c93c9c4b:192.168.164.206:36095] returns group-47D1F819F9B8:java.util.concurrent.CompletableFuture@27614285[Not completed]
2019-11-15 21:44:40,935 [pool-27-thread-1] INFO  storage.RaftStorage (RaftStorage.java:format(84)) - Storage directory /workdir/hadoop-ozone/tools/target/test-dir/MiniOzoneClusterImpl-7fe25af5-06e5-4291-8af4-3b47a5a06090/datanode-0/data/ratis/f82c3ae6-6a38-4b74-b1d0-a4050522328f has been successfully formatted.
2019-11-15 21:44:40,943 [pool-27-thread-1] INFO  ratis.ContainerStateMachine (ContainerStateMachine.java:loadSnapshot(223)) - group-A4050522328F: The snapshot info is null. Setting the last applied indexto:(t:0, i:~)
2019-11-15 21:44:40,947 [pool-27-thread-1] INFO  server.RaftServerConfigKeys (ConfUtils.java:logGet(43)) - raft.server.notification.no-leader.timeout = 120s (custom)
2019-11-15 21:44:40,953 [pool-37-thread-1] INFO  impl.RaftServerImpl (RaftServerImpl.java:<init>(98)) - ca7ad779-39e3-4fe4-8465-c580c93c9c4b: new RaftServerImpl for group-47D1F819F9B8:[ca7ad779-39e3-4fe4-8465-c580c93c9c4b:192.168.164.206:36095] with ContainerStateMachine:uninitialized
2019-11-15 21:44:40,954 [pool-37-thread-1] INFO  server.RaftServerConfigKeys (ConfUtils.java:logGet(43)) - raft.server.rpc.timeout.min = 5s (custom)
2019-11-15 21:44:40,954 [pool-37-thread-1] INFO  server.RaftServerConfigKeys (ConfUtils.java:logGet(43)) - raft.server.rpc.timeout.max = 5200ms (custom)
2019-11-15 21:44:40,954 [pool-27-thread-1] INFO  server.RaftServerConfigKeys (ConfUtils.java:logGet(43)) - raft.server.log.use.memory = false (default)
2019-11-15 21:44:40,954 [pool-37-thread-1] INFO  server.RaftServerConfigKeys (ConfUtils.java:logGet(43)) - raft.server.rpcslowness.timeout = 120s (custom)
2019-11-15 21:44:40,955 [pool-37-thread-1] INFO  server.RaftServerConfigKeys (ConfUtils.java:logGet(43)) - raft.server.sleep.deviation.threshold = 300 (default)
2019-11-15 21:44:40,955 [pool-37-thread-1] INFO  server.RaftServerConfigKeys (ConfUtils.java:logGet(43)) - raft.server.log.appender.install.snapshot.enabled = false (custom)
2019-11-15 21:44:40,955 [pool-37-thread-1] INFO  impl.RaftServerImpl (ServerState.java:<init>(103)) - ca7ad779-39e3-4fe4-8465-c580c93c9c4b@group-47D1F819F9B8: ConfigurationManager, init=-1: [ca7ad779-39e3-4fe4-8465-c580c93c9c4b:192.168.164.206:36095], old=null, confs=<EMPTY_MAP>
2019-11-15 21:44:40,955 [pool-37-thread-1] INFO  server.RaftServerConfigKeys (ConfUtils.java:logGet(43)) - raft.server.storage.dir = [/workdir/hadoop-ozone/tools/target/test-dir/MiniOzoneClusterImpl-7fe25af5-06e5-4291-8af4-3b47a5a06090/datanode-1/data/ratis] (custom)
2019-11-15 21:44:40,955 [pool-37-thread-1] INFO  server.RaftServerConfigKeys (ConfUtils.java:logGet(43)) - raft.server.log.corruption.policy = EXCEPTION (default)
2019-11-15 21:44:40,956 [pool-37-thread-1] INFO  storage.RaftStorageDirectory (RaftStorageDirectory.java:analyzeStorage(246)) - The storage directory /workdir/hadoop-ozone/tools/target/test-dir/MiniOzoneClusterImpl-7fe25af5-06e5-4291-8af4-3b47a5a06090/datanode-1/data/ratis/22bac1c2-53e0-4aef-a252-47d1f819f9b8 does not exist. Creating ...
2019-11-15 21:44:40,959 [pool-27-thread-1] INFO  server.RaftServerConfigKeys (ConfUtils.java:logGet(43)) - raft.server.log.purge.gap = 1000000 (custom)
2019-11-15 21:44:40,959 [pool-27-thread-1] INFO  server.RaftServerConfigKeys (ConfUtils.java:logGet(43)) - raft.server.log.appender.buffer.byte-limit = 33554432 (custom)
2019-11-15 21:44:40,961 [pool-27-thread-1] INFO  server.RaftServerConfigKeys (ConfUtils.java:logGet(43)) - raft.server.log.segment.size.max = 1048576 (custom)
2019-11-15 21:44:40,965 [pool-27-thread-1] INFO  metrics.MetricRegistries (MetricRegistriesLoader.java:load(64)) - Loaded MetricRegistries class org.apache.ratis.metrics.impl.MetricRegistriesImpl
2019-11-15 21:44:40,968 [pool-27-thread-1] WARN  impl.MetricRegistriesImpl (MetricRegistriesImpl.java:lambda$create$1(61)) - First MetricRegistry has been created without registering reporters. You may need to call MetricRegistries.global().addReportRegistration(...) before.
2019-11-15 21:44:40,969 [pool-37-thread-1] INFO  storage.RaftStorageDirectory (RaftStorageDirectory.java:tryLock(328)) - Lock on /workdir/hadoop-ozone/tools/target/test-dir/MiniOzoneClusterImpl-7fe25af5-06e5-4291-8af4-3b47a5a06090/datanode-1/data/ratis/22bac1c2-53e0-4aef-a252-47d1f819f9b8/in_use.lock acquired by nodename 30597@pr-hdds-2488-master-phq9t-3211896822
2019-11-15 21:44:40,973 [pool-27-thread-1] INFO  server.RaftServerConfigKeys (ConfUtils.java:logGet(43)) - raft.server.log.segment.cache.num.max = 2 (custom)
2019-11-15 21:44:40,977 [pool-27-thread-1] INFO  segmented.SegmentedRaftLogWorker (SegmentedRaftLogWorker.java:<init>(173)) - new 1a9b7b80-4c06-4af9-a9c0-012844bdcf6e@group-A4050522328F-SegmentedRaftLogWorker for RaftStorage:Storage Directory /workdir/hadoop-ozone/tools/target/test-dir/MiniOzoneClusterImpl-7fe25af5-06e5-4291-8af4-3b47a5a06090/datanode-0/data/ratis/f82c3ae6-6a38-4b74-b1d0-a4050522328f
2019-11-15 21:44:40,978 [pool-27-thread-1] INFO  server.RaftServerConfigKeys (ConfUtils.java:logGet(43)) - raft.server.log.queue.byte-limit = 2147483647 (custom)
2019-11-15 21:44:40,978 [pool-27-thread-1] INFO  server.RaftServerConfigKeys (ConfUtils.java:logGet(43)) - raft.server.log.queue.element-limit = 1024 (custom)
2019-11-15 21:44:40,979 [pool-27-thread-1] INFO  server.RaftServerConfigKeys (ConfUtils.java:logGet(43)) - raft.server.log.segment.size.max = 1048576 (custom)
2019-11-15 21:44:40,979 [pool-27-thread-1] INFO  server.RaftServerConfigKeys (ConfUtils.java:logGet(43)) - raft.server.log.preallocated.size = 16384 (custom)
2019-11-15 21:44:40,980 [pool-27-thread-1] INFO  server.RaftServerConfigKeys (ConfUtils.java:logGet(43)) - raft.server.log.write.buffer.size = 33554432 (custom)
2019-11-15 21:44:40,980 [pool-27-thread-1] INFO  server.RaftServerConfigKeys (ConfUtils.java:logGet(43)) - raft.server.log.force.sync.num = 128 (default)
2019-11-15 21:44:40,981 [pool-27-thread-1] INFO  server.RaftServerConfigKeys (ConfUtils.java:logGet(43)) - raft.server.log.statemachine.data.sync = true (default)
2019-11-15 21:44:40,981 [pool-27-thread-1] INFO  server.RaftServerConfigKeys (ConfUtils.java:logGet(43)) - raft.server.log.statemachine.data.sync.timeout = 10s (default)
2019-11-15 21:44:40,982 [pool-27-thread-1] INFO  server.RaftServerConfigKeys (ConfUtils.java:logGet(43)) - raft.server.log.statemachine.data.sync.timeout.retry = -1 (default)
2019-11-15 21:44:40,982 [pool-37-thread-1] INFO  storage.RaftStorage (RaftStorage.java:format(84)) - Storage directory /workdir/hadoop-ozone/tools/target/test-dir/MiniOzoneClusterImpl-7fe25af5-06e5-4291-8af4-3b47a5a06090/datanode-1/data/ratis/22bac1c2-53e0-4aef-a252-47d1f819f9b8 has been successfully formatted.
2019-11-15 21:44:40,983 [pool-37-thread-1] INFO  ratis.ContainerStateMachine (ContainerStateMachine.java:loadSnapshot(223)) - group-47D1F819F9B8: The snapshot info is null. Setting the last applied indexto:(t:0, i:~)
2019-11-15 21:44:40,984 [pool-37-thread-1] INFO  server.RaftServerConfigKeys (ConfUtils.java:logGet(43)) - raft.server.notification.no-leader.timeout = 120s (custom)
2019-11-15 21:44:40,984 [pool-37-thread-1] INFO  server.RaftServerConfigKeys (ConfUtils.java:logGet(43)) - raft.server.log.use.memory = false (default)
2019-11-15 21:44:40,984 [pool-37-thread-1] INFO  server.RaftServerConfigKeys (ConfUtils.java:logGet(43)) - raft.server.log.purge.gap = 1000000 (custom)
2019-11-15 21:44:40,984 [pool-37-thread-1] INFO  server.RaftServerConfigKeys (ConfUtils.java:logGet(43)) - raft.server.log.appender.buffer.byte-limit = 33554432 (custom)
2019-11-15 21:44:40,985 [pool-37-thread-1] INFO  server.RaftServerConfigKeys (ConfUtils.java:logGet(43)) - raft.server.log.segment.size.max = 1048576 (custom)
2019-11-15 21:44:40,985 [pool-37-thread-1] WARN  impl.MetricRegistriesImpl (MetricRegistriesImpl.java:lambda$create$1(61)) - First MetricRegistry has been created without registering reporters. You may need to call MetricRegistries.global().addReportRegistration(...) before.
2019-11-15 21:44:40,985 [pool-37-thread-1] INFO  server.RaftServerConfigKeys (ConfUtils.java:logGet(43)) - raft.server.log.segment.cache.num.max = 2 (custom)
2019-11-15 21:44:40,986 [pool-37-thread-1] INFO  segmented.SegmentedRaftLogWorker (SegmentedRaftLogWorker.java:<init>(173)) - new ca7ad779-39e3-4fe4-8465-c580c93c9c4b@group-47D1F819F9B8-SegmentedRaftLogWorker for RaftStorage:Storage Directory /workdir/hadoop-ozone/tools/target/test-dir/MiniOzoneClusterImpl-7fe25af5-06e5-4291-8af4-3b47a5a06090/datanode-1/data/ratis/22bac1c2-53e0-4aef-a252-47d1f819f9b8
2019-11-15 21:44:40,986 [pool-37-thread-1] INFO  server.RaftServerConfigKeys (ConfUtils.java:logGet(43)) - raft.server.log.queue.byte-limit = 2147483647 (custom)
2019-11-15 21:44:40,987 [pool-37-thread-1] INFO  server.RaftServerConfigKeys (ConfUtils.java:logGet(43)) - raft.server.log.queue.element-limit = 1024 (custom)
2019-11-15 21:44:40,987 [pool-37-thread-1] INFO  server.RaftServerConfigKeys (ConfUtils.java:logGet(43)) - raft.server.log.segment.size.max = 1048576 (custom)
2019-11-15 21:44:40,987 [pool-37-thread-1] INFO  server.RaftServerConfigKeys (ConfUtils.java:logGet(43)) - raft.server.log.preallocated.size = 16384 (custom)
2019-11-15 21:44:40,987 [pool-37-thread-1] INFO  server.RaftServerConfigKeys (ConfUtils.java:logGet(43)) - raft.server.log.write.buffer.size = 33554432 (custom)
2019-11-15 21:44:40,987 [pool-37-thread-1] INFO  server.RaftServerConfigKeys (ConfUtils.java:logGet(43)) - raft.server.log.force.sync.num = 128 (default)
2019-11-15 21:44:40,988 [pool-37-thread-1] INFO  server.RaftServerConfigKeys (ConfUtils.java:logGet(43)) - raft.server.log.statemachine.data.sync = true (default)
2019-11-15 21:44:40,988 [pool-37-thread-1] INFO  server.RaftServerConfigKeys (ConfUtils.java:logGet(43)) - raft.server.log.statemachine.data.sync.timeout = 10s (default)
2019-11-15 21:44:40,988 [pool-37-thread-1] INFO  server.RaftServerConfigKeys (ConfUtils.java:logGet(43)) - raft.server.log.statemachine.data.sync.timeout.retry = -1 (default)
2019-11-15 21:44:40,994 [pool-37-thread-1] INFO  server.RaftServerConfigKeys (ConfUtils.java:logGet(43)) - raft.server.log.statemachine.data.caching.enabled = true (custom)
2019-11-15 21:44:40,994 [pool-27-thread-1] INFO  server.RaftServerConfigKeys (ConfUtils.java:logGet(43)) - raft.server.log.statemachine.data.caching.enabled = true (custom)
2019-11-15 21:44:41,000 [pool-27-thread-1] INFO  segmented.SegmentedRaftLogWorker (SegmentedRaftLogWorker.java:lambda$new$0(128)) - 1a9b7b80-4c06-4af9-a9c0-012844bdcf6e@group-A4050522328F-SegmentedRaftLogWorker: flushIndex: setUnconditionally 0 -> -1
2019-11-15 21:44:41,000 [pool-37-thread-1] INFO  segmented.SegmentedRaftLogWorker (SegmentedRaftLogWorker.java:lambda$new$0(128)) - ca7ad779-39e3-4fe4-8465-c580c93c9c4b@group-47D1F819F9B8-SegmentedRaftLogWorker: flushIndex: setUnconditionally 0 -> -1
2019-11-15 21:44:41,003 [pool-27-thread-1] INFO  server.RaftServerConfigKeys (ConfUtils.java:logGet(43)) - raft.server.snapshot.auto.trigger.enabled = true (custom)
2019-11-15 21:44:41,004 [pool-37-thread-1] INFO  server.RaftServerConfigKeys (ConfUtils.java:logGet(43)) - raft.server.snapshot.auto.trigger.enabled = true (custom)
2019-11-15 21:44:41,005 [pool-27-thread-1] INFO  server.RaftServerConfigKeys (ConfUtils.java:logGet(43)) - raft.server.snapshot.auto.trigger.threshold = 10000 (custom)
2019-11-15 21:44:41,005 [pool-37-thread-1] INFO  server.RaftServerConfigKeys (ConfUtils.java:logGet(43)) - raft.server.snapshot.auto.trigger.threshold = 10000 (custom)
2019-11-15 21:44:41,005 [pool-27-thread-1] INFO  server.RaftServerConfigKeys (ConfUtils.java:logGet(43)) - raft.server.snapshot.retention.file.num = 5 (custom)
2019-11-15 21:44:41,005 [pool-37-thread-1] INFO  server.RaftServerConfigKeys (ConfUtils.java:logGet(43)) - raft.server.snapshot.retention.file.num = 5 (custom)
2019-11-15 21:44:41,005 [pool-37-thread-1] INFO  server.RaftServerConfigKeys (ConfUtils.java:logGet(43)) - raft.server.retrycache.expirytime = 600000ms (custom)
2019-11-15 21:44:41,005 [pool-27-thread-1] INFO  server.RaftServerConfigKeys (ConfUtils.java:logGet(43)) - raft.server.retrycache.expirytime = 600000ms (custom)
2019-11-15 21:44:41,016 [Command processor thread] INFO  impl.RaftServerProxy (RaftServerProxy.java:addNew(89)) - 0f96ec18-ef95-4dfc-896f-f5f608d82565: addNew group-42D3904966F0:[0f96ec18-ef95-4dfc-896f-f5f608d82565:192.168.164.206:40487] returns group-42D3904966F0:java.util.concurrent.CompletableFuture@40423bab[Not completed]
2019-11-15 21:44:41,018 [main] INFO  ozone.MiniOzoneClusterImpl (MiniOzoneClusterImpl.java:lambda$waitForClusterToBeReady$0(150)) - Nodes are ready. Got 3 of 3 DN Heartbeats.
2019-11-15 21:44:41,019 [main] INFO  ozone.MiniOzoneClusterImpl (MiniOzoneClusterImpl.java:lambda$waitForClusterToBeReady$0(153)) - Waiting for cluster to exit safe mode
2019-11-15 21:44:41,028 [pool-47-thread-1] INFO  impl.RaftServerImpl (RaftServerImpl.java:<init>(98)) - 0f96ec18-ef95-4dfc-896f-f5f608d82565: new RaftServerImpl for group-42D3904966F0:[0f96ec18-ef95-4dfc-896f-f5f608d82565:192.168.164.206:40487] with ContainerStateMachine:uninitialized
2019-11-15 21:44:41,028 [pool-47-thread-1] INFO  server.RaftServerConfigKeys (ConfUtils.java:logGet(43)) - raft.server.rpc.timeout.min = 5s (custom)
2019-11-15 21:44:41,028 [pool-47-thread-1] INFO  server.RaftServerConfigKeys (ConfUtils.java:logGet(43)) - raft.server.rpc.timeout.max = 5200ms (custom)
2019-11-15 21:44:41,028 [pool-47-thread-1] INFO  server.RaftServerConfigKeys (ConfUtils.java:logGet(43)) - raft.server.rpcslowness.timeout = 120s (custom)
2019-11-15 21:44:41,029 [pool-47-thread-1] INFO  server.RaftServerConfigKeys (ConfUtils.java:logGet(43)) - raft.server.sleep.deviation.threshold = 300 (default)
2019-11-15 21:44:41,029 [pool-47-thread-1] INFO  server.RaftServerConfigKeys (ConfUtils.java:logGet(43)) - raft.server.log.appender.install.snapshot.enabled = false (custom)
2019-11-15 21:44:41,029 [pool-47-thread-1] INFO  impl.RaftServerImpl (ServerState.java:<init>(103)) - 0f96ec18-ef95-4dfc-896f-f5f608d82565@group-42D3904966F0: ConfigurationManager, init=-1: [0f96ec18-ef95-4dfc-896f-f5f608d82565:192.168.164.206:40487], old=null, confs=<EMPTY_MAP>
2019-11-15 21:44:41,029 [pool-47-thread-1] INFO  server.RaftServerConfigKeys (ConfUtils.java:logGet(43)) - raft.server.storage.dir = [/workdir/hadoop-ozone/tools/target/test-dir/MiniOzoneClusterImpl-7fe25af5-06e5-4291-8af4-3b47a5a06090/datanode-2/data/ratis] (custom)
2019-11-15 21:44:41,029 [pool-47-thread-1] INFO  server.RaftServerConfigKeys (ConfUtils.java:logGet(43)) - raft.server.log.corruption.policy = EXCEPTION (default)
2019-11-15 21:44:41,029 [pool-47-thread-1] INFO  storage.RaftStorageDirectory (RaftStorageDirectory.java:analyzeStorage(246)) - The storage directory /workdir/hadoop-ozone/tools/target/test-dir/MiniOzoneClusterImpl-7fe25af5-06e5-4291-8af4-3b47a5a06090/datanode-2/data/ratis/b976859f-93d2-4306-b55a-42d3904966f0 does not exist. Creating ...
2019-11-15 21:44:41,034 [pool-37-thread-1] WARN  impl.MetricRegistriesImpl (MetricRegistriesImpl.java:lambda$create$1(61)) - First MetricRegistry has been created without registering reporters. You may need to call MetricRegistries.global().addReportRegistration(...) before.
2019-11-15 21:44:41,034 [pool-27-thread-1] WARN  impl.MetricRegistriesImpl (MetricRegistriesImpl.java:lambda$create$1(61)) - First MetricRegistry has been created without registering reporters. You may need to call MetricRegistries.global().addReportRegistration(...) before.
2019-11-15 21:44:41,036 [pool-37-thread-1] WARN  impl.MetricRegistriesImpl (MetricRegistriesImpl.java:lambda$create$1(61)) - First MetricRegistry has been created without registering reporters. You may need to call MetricRegistries.global().addReportRegistration(...) before.
2019-11-15 21:44:41,036 [pool-27-thread-1] WARN  impl.MetricRegistriesImpl (MetricRegistriesImpl.java:lambda$create$1(61)) - First MetricRegistry has been created without registering reporters. You may need to call MetricRegistries.global().addReportRegistration(...) before.
2019-11-15 21:44:41,038 [pool-27-thread-1] INFO  impl.RaftServerImpl (RaftServerImpl.java:start(184)) - 1a9b7b80-4c06-4af9-a9c0-012844bdcf6e@group-A4050522328F: start as a follower, conf=-1: [1a9b7b80-4c06-4af9-a9c0-012844bdcf6e:192.168.164.206:33171], old=null
2019-11-15 21:44:41,038 [pool-37-thread-1] INFO  impl.RaftServerImpl (RaftServerImpl.java:start(184)) - ca7ad779-39e3-4fe4-8465-c580c93c9c4b@group-47D1F819F9B8: start as a follower, conf=-1: [ca7ad779-39e3-4fe4-8465-c580c93c9c4b:192.168.164.206:36095], old=null
2019-11-15 21:44:41,039 [pool-27-thread-1] INFO  impl.RaftServerImpl (RaftServerImpl.java:setRole(173)) - 1a9b7b80-4c06-4af9-a9c0-012844bdcf6e@group-A4050522328F: changes role from      null to FOLLOWER at term 0 for startAsFollower
2019-11-15 21:44:41,039 [pool-37-thread-1] INFO  impl.RaftServerImpl (RaftServerImpl.java:setRole(173)) - ca7ad779-39e3-4fe4-8465-c580c93c9c4b@group-47D1F819F9B8: changes role from      null to FOLLOWER at term 0 for startAsFollower
2019-11-15 21:44:41,040 [pool-27-thread-1] INFO  impl.RoleInfo (RoleInfo.java:updateAndGet(143)) - 1a9b7b80-4c06-4af9-a9c0-012844bdcf6e: start FollowerState
2019-11-15 21:44:41,040 [pool-37-thread-1] INFO  impl.RoleInfo (RoleInfo.java:updateAndGet(143)) - ca7ad779-39e3-4fe4-8465-c580c93c9c4b: start FollowerState
2019-11-15 21:44:41,042 [pool-27-thread-1] INFO  util.JmxRegister (JmxRegister.java:tryRegister(44)) - Successfully registered JMX Bean with object name Ratis:service=RaftServer,group=group-A4050522328F,id=1a9b7b80-4c06-4af9-a9c0-012844bdcf6e
2019-11-15 21:44:41,042 [pool-37-thread-1] INFO  util.JmxRegister (JmxRegister.java:tryRegister(44)) - Successfully registered JMX Bean with object name Ratis:service=RaftServer,group=group-47D1F819F9B8,id=ca7ad779-39e3-4fe4-8465-c580c93c9c4b
2019-11-15 21:44:41,042 [pool-47-thread-1] INFO  storage.RaftStorageDirectory (RaftStorageDirectory.java:tryLock(328)) - Lock on /workdir/hadoop-ozone/tools/target/test-dir/MiniOzoneClusterImpl-7fe25af5-06e5-4291-8af4-3b47a5a06090/datanode-2/data/ratis/b976859f-93d2-4306-b55a-42d3904966f0/in_use.lock acquired by nodename 30597@pr-hdds-2488-master-phq9t-3211896822
2019-11-15 21:44:41,044 [pool-37-thread-1] WARN  impl.MetricRegistriesImpl (MetricRegistriesImpl.java:lambda$create$1(61)) - First MetricRegistry has been created without registering reporters. You may need to call MetricRegistries.global().addReportRegistration(...) before.
2019-11-15 21:44:41,044 [pool-27-thread-1] WARN  impl.MetricRegistriesImpl (MetricRegistriesImpl.java:lambda$create$1(61)) - First MetricRegistry has been created without registering reporters. You may need to call MetricRegistries.global().addReportRegistration(...) before.
2019-11-15 21:44:41,055 [pool-47-thread-1] INFO  storage.RaftStorage (RaftStorage.java:format(84)) - Storage directory /workdir/hadoop-ozone/tools/target/test-dir/MiniOzoneClusterImpl-7fe25af5-06e5-4291-8af4-3b47a5a06090/datanode-2/data/ratis/b976859f-93d2-4306-b55a-42d3904966f0 has been successfully formatted.
2019-11-15 21:44:41,055 [Command processor thread] INFO  commandhandler.CreatePipelineCommandHandler (CreatePipelineCommandHandler.java:handle(86)) - Create Pipeline RATIS ONE #id: "f82c3ae6-6a38-4b74-b1d0-a4050522328f"
 command succeed on datanode 1a9b7b80-4c06-4af9-a9c0-012844bdcf6e.
2019-11-15 21:44:41,055 [Command processor thread] INFO  commandhandler.CreatePipelineCommandHandler (CreatePipelineCommandHandler.java:handle(86)) - Create Pipeline RATIS ONE #id: "22bac1c2-53e0-4aef-a252-47d1f819f9b8"
 command succeed on datanode ca7ad779-39e3-4fe4-8465-c580c93c9c4b.
2019-11-15 21:44:41,056 [pool-47-thread-1] INFO  ratis.ContainerStateMachine (ContainerStateMachine.java:loadSnapshot(223)) - group-42D3904966F0: The snapshot info is null. Setting the last applied indexto:(t:0, i:~)
2019-11-15 21:44:41,056 [pool-47-thread-1] INFO  server.RaftServerConfigKeys (ConfUtils.java:logGet(43)) - raft.server.notification.no-leader.timeout = 120s (custom)
2019-11-15 21:44:41,056 [pool-47-thread-1] INFO  server.RaftServerConfigKeys (ConfUtils.java:logGet(43)) - raft.server.log.use.memory = false (default)
2019-11-15 21:44:41,056 [pool-47-thread-1] INFO  server.RaftServerConfigKeys (ConfUtils.java:logGet(43)) - raft.server.log.purge.gap = 1000000 (custom)
2019-11-15 21:44:41,056 [pool-47-thread-1] INFO  server.RaftServerConfigKeys (ConfUtils.java:logGet(43)) - raft.server.log.appender.buffer.byte-limit = 33554432 (custom)
2019-11-15 21:44:41,056 [pool-47-thread-1] INFO  server.RaftServerConfigKeys (ConfUtils.java:logGet(43)) - raft.server.log.segment.size.max = 1048576 (custom)
2019-11-15 21:44:41,056 [pool-47-thread-1] WARN  impl.MetricRegistriesImpl (MetricRegistriesImpl.java:lambda$create$1(61)) - First MetricRegistry has been created without registering reporters. You may need to call MetricRegistries.global().addReportRegistration(...) before.
2019-11-15 21:44:41,057 [pool-47-thread-1] INFO  server.RaftServerConfigKeys (ConfUtils.java:logGet(43)) - raft.server.log.segment.cache.num.max = 2 (custom)
2019-11-15 21:44:41,057 [pool-47-thread-1] INFO  segmented.SegmentedRaftLogWorker (SegmentedRaftLogWorker.java:<init>(173)) - new 0f96ec18-ef95-4dfc-896f-f5f608d82565@group-42D3904966F0-SegmentedRaftLogWorker for RaftStorage:Storage Directory /workdir/hadoop-ozone/tools/target/test-dir/MiniOzoneClusterImpl-7fe25af5-06e5-4291-8af4-3b47a5a06090/datanode-2/data/ratis/b976859f-93d2-4306-b55a-42d3904966f0
2019-11-15 21:44:41,057 [pool-47-thread-1] INFO  server.RaftServerConfigKeys (ConfUtils.java:logGet(43)) - raft.server.log.queue.byte-limit = 2147483647 (custom)
2019-11-15 21:44:41,057 [pool-47-thread-1] INFO  server.RaftServerConfigKeys (ConfUtils.java:logGet(43)) - raft.server.log.queue.element-limit = 1024 (custom)
2019-11-15 21:44:41,057 [pool-47-thread-1] INFO  server.RaftServerConfigKeys (ConfUtils.java:logGet(43)) - raft.server.log.segment.size.max = 1048576 (custom)
2019-11-15 21:44:41,057 [pool-47-thread-1] INFO  server.RaftServerConfigKeys (ConfUtils.java:logGet(43)) - raft.server.log.preallocated.size = 16384 (custom)
2019-11-15 21:44:41,057 [pool-47-thread-1] INFO  server.RaftServerConfigKeys (ConfUtils.java:logGet(43)) - raft.server.log.write.buffer.size = 33554432 (custom)
2019-11-15 21:44:41,057 [pool-47-thread-1] INFO  server.RaftServerConfigKeys (ConfUtils.java:logGet(43)) - raft.server.log.force.sync.num = 128 (default)
2019-11-15 21:44:41,057 [pool-47-thread-1] INFO  server.RaftServerConfigKeys (ConfUtils.java:logGet(43)) - raft.server.log.statemachine.data.sync = true (default)
2019-11-15 21:44:41,057 [pool-47-thread-1] INFO  server.RaftServerConfigKeys (ConfUtils.java:logGet(43)) - raft.server.log.statemachine.data.sync.timeout = 10s (default)
2019-11-15 21:44:41,058 [pool-47-thread-1] INFO  server.RaftServerConfigKeys (ConfUtils.java:logGet(43)) - raft.server.log.statemachine.data.sync.timeout.retry = -1 (default)
2019-11-15 21:44:41,058 [pool-47-thread-1] INFO  server.RaftServerConfigKeys (ConfUtils.java:logGet(43)) - raft.server.log.statemachine.data.caching.enabled = true (custom)
2019-11-15 21:44:41,059 [pool-47-thread-1] INFO  segmented.SegmentedRaftLogWorker (SegmentedRaftLogWorker.java:lambda$new$0(128)) - 0f96ec18-ef95-4dfc-896f-f5f608d82565@group-42D3904966F0-SegmentedRaftLogWorker: flushIndex: setUnconditionally 0 -> -1
2019-11-15 21:44:41,059 [Command processor thread] INFO  impl.RaftServerProxy (RaftServerProxy.java:addNew(89)) - ca7ad779-39e3-4fe4-8465-c580c93c9c4b: addNew group-018D242E8781:[0f96ec18-ef95-4dfc-896f-f5f608d82565:192.168.164.206:40487, 1a9b7b80-4c06-4af9-a9c0-012844bdcf6e:192.168.164.206:33171, ca7ad779-39e3-4fe4-8465-c580c93c9c4b:192.168.164.206:36095] returns group-018D242E8781:java.util.concurrent.CompletableFuture@235ed2b1[Not completed]
2019-11-15 21:44:41,059 [Command processor thread] INFO  impl.RaftServerProxy (RaftServerProxy.java:addNew(89)) - 1a9b7b80-4c06-4af9-a9c0-012844bdcf6e: addNew group-018D242E8781:[0f96ec18-ef95-4dfc-896f-f5f608d82565:192.168.164.206:40487, 1a9b7b80-4c06-4af9-a9c0-012844bdcf6e:192.168.164.206:33171, ca7ad779-39e3-4fe4-8465-c580c93c9c4b:192.168.164.206:36095] returns group-018D242E8781:java.util.concurrent.CompletableFuture@4437bb30[Not completed]
2019-11-15 21:44:41,059 [pool-47-thread-1] INFO  server.RaftServerConfigKeys (ConfUtils.java:logGet(43)) - raft.server.snapshot.auto.trigger.enabled = true (custom)
2019-11-15 21:44:41,060 [pool-47-thread-1] INFO  server.RaftServerConfigKeys (ConfUtils.java:logGet(43)) - raft.server.snapshot.auto.trigger.threshold = 10000 (custom)
2019-11-15 21:44:41,060 [pool-47-thread-1] INFO  server.RaftServerConfigKeys (ConfUtils.java:logGet(43)) - raft.server.snapshot.retention.file.num = 5 (custom)
2019-11-15 21:44:41,061 [pool-47-thread-1] INFO  server.RaftServerConfigKeys (ConfUtils.java:logGet(43)) - raft.server.retrycache.expirytime = 600000ms (custom)
2019-11-15 21:44:41,061 [pool-47-thread-1] WARN  impl.MetricRegistriesImpl (MetricRegistriesImpl.java:lambda$create$1(61)) - First MetricRegistry has been created without registering reporters. You may need to call MetricRegistries.global().addReportRegistration(...) before.
2019-11-15 21:44:41,061 [pool-47-thread-1] WARN  impl.MetricRegistriesImpl (MetricRegistriesImpl.java:lambda$create$1(61)) - First MetricRegistry has been created without registering reporters. You may need to call MetricRegistries.global().addReportRegistration(...) before.
2019-11-15 21:44:41,061 [pool-47-thread-1] INFO  impl.RaftServerImpl (RaftServerImpl.java:start(184)) - 0f96ec18-ef95-4dfc-896f-f5f608d82565@group-42D3904966F0: start as a follower, conf=-1: [0f96ec18-ef95-4dfc-896f-f5f608d82565:192.168.164.206:40487], old=null
2019-11-15 21:44:41,061 [pool-47-thread-1] INFO  impl.RaftServerImpl (RaftServerImpl.java:setRole(173)) - 0f96ec18-ef95-4dfc-896f-f5f608d82565@group-42D3904966F0: changes role from      null to FOLLOWER at term 0 for startAsFollower
2019-11-15 21:44:41,061 [pool-47-thread-1] INFO  impl.RoleInfo (RoleInfo.java:updateAndGet(143)) - 0f96ec18-ef95-4dfc-896f-f5f608d82565: start FollowerState
2019-11-15 21:44:41,062 [pool-27-thread-1] INFO  impl.RaftServerImpl (RaftServerImpl.java:<init>(98)) - 1a9b7b80-4c06-4af9-a9c0-012844bdcf6e: new RaftServerImpl for group-018D242E8781:[0f96ec18-ef95-4dfc-896f-f5f608d82565:192.168.164.206:40487, 1a9b7b80-4c06-4af9-a9c0-012844bdcf6e:192.168.164.206:33171, ca7ad779-39e3-4fe4-8465-c580c93c9c4b:192.168.164.206:36095] with ContainerStateMachine:uninitialized
2019-11-15 21:44:41,062 [pool-47-thread-1] INFO  util.JmxRegister (JmxRegister.java:tryRegister(44)) - Successfully registered JMX Bean with object name Ratis:service=RaftServer,group=group-42D3904966F0,id=0f96ec18-ef95-4dfc-896f-f5f608d82565
2019-11-15 21:44:41,062 [pool-27-thread-1] INFO  server.RaftServerConfigKeys (ConfUtils.java:logGet(43)) - raft.server.rpc.timeout.min = 5s (custom)
2019-11-15 21:44:41,062 [pool-47-thread-1] WARN  impl.MetricRegistriesImpl (MetricRegistriesImpl.java:lambda$create$1(61)) - First MetricRegistry has been created without registering reporters. You may need to call MetricRegistries.global().addReportRegistration(...) before.
2019-11-15 21:44:41,062 [pool-27-thread-1] INFO  server.RaftServerConfigKeys (ConfUtils.java:logGet(43)) - raft.server.rpc.timeout.max = 5200ms (custom)
2019-11-15 21:44:41,062 [pool-27-thread-1] INFO  server.RaftServerConfigKeys (ConfUtils.java:logGet(43)) - raft.server.rpcslowness.timeout = 120s (custom)
2019-11-15 21:44:41,062 [pool-27-thread-1] INFO  server.RaftServerConfigKeys (ConfUtils.java:logGet(43)) - raft.server.sleep.deviation.threshold = 300 (default)
2019-11-15 21:44:41,063 [pool-27-thread-1] INFO  server.RaftServerConfigKeys (ConfUtils.java:logGet(43)) - raft.server.log.appender.install.snapshot.enabled = false (custom)
2019-11-15 21:44:41,063 [Command processor thread] INFO  commandhandler.CreatePipelineCommandHandler (CreatePipelineCommandHandler.java:handle(86)) - Create Pipeline RATIS ONE #id: "b976859f-93d2-4306-b55a-42d3904966f0"
 command succeed on datanode 0f96ec18-ef95-4dfc-896f-f5f608d82565.
2019-11-15 21:44:41,063 [pool-27-thread-1] INFO  impl.RaftServerImpl (ServerState.java:<init>(103)) - 1a9b7b80-4c06-4af9-a9c0-012844bdcf6e@group-018D242E8781: ConfigurationManager, init=-1: [0f96ec18-ef95-4dfc-896f-f5f608d82565:192.168.164.206:40487, 1a9b7b80-4c06-4af9-a9c0-012844bdcf6e:192.168.164.206:33171, ca7ad779-39e3-4fe4-8465-c580c93c9c4b:192.168.164.206:36095], old=null, confs=<EMPTY_MAP>
2019-11-15 21:44:41,063 [pool-37-thread-1] INFO  impl.RaftServerImpl (RaftServerImpl.java:<init>(98)) - ca7ad779-39e3-4fe4-8465-c580c93c9c4b: new RaftServerImpl for group-018D242E8781:[0f96ec18-ef95-4dfc-896f-f5f608d82565:192.168.164.206:40487, 1a9b7b80-4c06-4af9-a9c0-012844bdcf6e:192.168.164.206:33171, ca7ad779-39e3-4fe4-8465-c580c93c9c4b:192.168.164.206:36095] with ContainerStateMachine:uninitialized
2019-11-15 21:44:41,063 [pool-27-thread-1] INFO  server.RaftServerConfigKeys (ConfUtils.java:logGet(43)) - raft.server.storage.dir = [/workdir/hadoop-ozone/tools/target/test-dir/MiniOzoneClusterImpl-7fe25af5-06e5-4291-8af4-3b47a5a06090/datanode-0/data/ratis] (custom)
2019-11-15 21:44:41,064 [pool-37-thread-1] INFO  server.RaftServerConfigKeys (ConfUtils.java:logGet(43)) - raft.server.rpc.timeout.min = 5s (custom)
2019-11-15 21:44:41,064 [pool-27-thread-1] INFO  server.RaftServerConfigKeys (ConfUtils.java:logGet(43)) - raft.server.log.corruption.policy = EXCEPTION (default)
2019-11-15 21:44:41,064 [pool-37-thread-1] INFO  server.RaftServerConfigKeys (ConfUtils.java:logGet(43)) - raft.server.rpc.timeout.max = 5200ms (custom)
2019-11-15 21:44:41,064 [pool-27-thread-1] INFO  storage.RaftStorageDirectory (RaftStorageDirectory.java:analyzeStorage(246)) - The storage directory /workdir/hadoop-ozone/tools/target/test-dir/MiniOzoneClusterImpl-7fe25af5-06e5-4291-8af4-3b47a5a06090/datanode-0/data/ratis/07602e70-af0f-4d52-823a-018d242e8781 does not exist. Creating ...
2019-11-15 21:44:41,064 [Command processor thread] INFO  impl.RaftServerProxy (RaftServerProxy.java:addNew(89)) - 0f96ec18-ef95-4dfc-896f-f5f608d82565: addNew group-018D242E8781:[0f96ec18-ef95-4dfc-896f-f5f608d82565:192.168.164.206:40487, 1a9b7b80-4c06-4af9-a9c0-012844bdcf6e:192.168.164.206:33171, ca7ad779-39e3-4fe4-8465-c580c93c9c4b:192.168.164.206:36095] returns group-018D242E8781:java.util.concurrent.CompletableFuture@447da77b[Not completed]
2019-11-15 21:44:41,064 [pool-37-thread-1] INFO  server.RaftServerConfigKeys (ConfUtils.java:logGet(43)) - raft.server.rpcslowness.timeout = 120s (custom)
2019-11-15 21:44:41,065 [pool-37-thread-1] INFO  server.RaftServerConfigKeys (ConfUtils.java:logGet(43)) - raft.server.sleep.deviation.threshold = 300 (default)
2019-11-15 21:44:41,065 [pool-37-thread-1] INFO  server.RaftServerConfigKeys (ConfUtils.java:logGet(43)) - raft.server.log.appender.install.snapshot.enabled = false (custom)
2019-11-15 21:44:41,065 [pool-37-thread-1] INFO  impl.RaftServerImpl (ServerState.java:<init>(103)) - ca7ad779-39e3-4fe4-8465-c580c93c9c4b@group-018D242E8781: ConfigurationManager, init=-1: [0f96ec18-ef95-4dfc-896f-f5f608d82565:192.168.164.206:40487, 1a9b7b80-4c06-4af9-a9c0-012844bdcf6e:192.168.164.206:33171, ca7ad779-39e3-4fe4-8465-c580c93c9c4b:192.168.164.206:36095], old=null, confs=<EMPTY_MAP>
2019-11-15 21:44:41,065 [pool-47-thread-1] INFO  impl.RaftServerImpl (RaftServerImpl.java:<init>(98)) - 0f96ec18-ef95-4dfc-896f-f5f608d82565: new RaftServerImpl for group-018D242E8781:[0f96ec18-ef95-4dfc-896f-f5f608d82565:192.168.164.206:40487, 1a9b7b80-4c06-4af9-a9c0-012844bdcf6e:192.168.164.206:33171, ca7ad779-39e3-4fe4-8465-c580c93c9c4b:192.168.164.206:36095] with ContainerStateMachine:uninitialized
2019-11-15 21:44:41,065 [pool-37-thread-1] INFO  server.RaftServerConfigKeys (ConfUtils.java:logGet(43)) - raft.server.storage.dir = [/workdir/hadoop-ozone/tools/target/test-dir/MiniOzoneClusterImpl-7fe25af5-06e5-4291-8af4-3b47a5a06090/datanode-1/data/ratis] (custom)
2019-11-15 21:44:41,065 [pool-47-thread-1] INFO  server.RaftServerConfigKeys (ConfUtils.java:logGet(43)) - raft.server.rpc.timeout.min = 5s (custom)
2019-11-15 21:44:41,066 [pool-47-thread-1] INFO  server.RaftServerConfigKeys (ConfUtils.java:logGet(43)) - raft.server.rpc.timeout.max = 5200ms (custom)
2019-11-15 21:44:41,066 [pool-37-thread-1] INFO  server.RaftServerConfigKeys (ConfUtils.java:logGet(43)) - raft.server.log.corruption.policy = EXCEPTION (default)
2019-11-15 21:44:41,066 [pool-47-thread-1] INFO  server.RaftServerConfigKeys (ConfUtils.java:logGet(43)) - raft.server.rpcslowness.timeout = 120s (custom)
2019-11-15 21:44:41,066 [pool-47-thread-1] INFO  server.RaftServerConfigKeys (ConfUtils.java:logGet(43)) - raft.server.sleep.deviation.threshold = 300 (default)
2019-11-15 21:44:41,066 [pool-37-thread-1] INFO  storage.RaftStorageDirectory (RaftStorageDirectory.java:analyzeStorage(246)) - The storage directory /workdir/hadoop-ozone/tools/target/test-dir/MiniOzoneClusterImpl-7fe25af5-06e5-4291-8af4-3b47a5a06090/datanode-1/data/ratis/07602e70-af0f-4d52-823a-018d242e8781 does not exist. Creating ...
2019-11-15 21:44:41,066 [pool-47-thread-1] INFO  server.RaftServerConfigKeys (ConfUtils.java:logGet(43)) - raft.server.log.appender.install.snapshot.enabled = false (custom)
2019-11-15 21:44:41,066 [pool-47-thread-1] INFO  impl.RaftServerImpl (ServerState.java:<init>(103)) - 0f96ec18-ef95-4dfc-896f-f5f608d82565@group-018D242E8781: ConfigurationManager, init=-1: [0f96ec18-ef95-4dfc-896f-f5f608d82565:192.168.164.206:40487, 1a9b7b80-4c06-4af9-a9c0-012844bdcf6e:192.168.164.206:33171, ca7ad779-39e3-4fe4-8465-c580c93c9c4b:192.168.164.206:36095], old=null, confs=<EMPTY_MAP>
2019-11-15 21:44:41,067 [pool-47-thread-1] INFO  server.RaftServerConfigKeys (ConfUtils.java:logGet(43)) - raft.server.storage.dir = [/workdir/hadoop-ozone/tools/target/test-dir/MiniOzoneClusterImpl-7fe25af5-06e5-4291-8af4-3b47a5a06090/datanode-2/data/ratis] (custom)
2019-11-15 21:44:41,067 [pool-47-thread-1] INFO  server.RaftServerConfigKeys (ConfUtils.java:logGet(43)) - raft.server.log.corruption.policy = EXCEPTION (default)
2019-11-15 21:44:41,067 [pool-47-thread-1] INFO  storage.RaftStorageDirectory (RaftStorageDirectory.java:analyzeStorage(246)) - The storage directory /workdir/hadoop-ozone/tools/target/test-dir/MiniOzoneClusterImpl-7fe25af5-06e5-4291-8af4-3b47a5a06090/datanode-2/data/ratis/07602e70-af0f-4d52-823a-018d242e8781 does not exist. Creating ...
2019-11-15 21:44:41,070 [EventQueue-PipelineReportForPipelineReportHandler] INFO  pipeline.PipelineReportHandler (PipelineReportHandler.java:processPipelineReport(113)) - Pipeline ONE PipelineID=b976859f-93d2-4306-b55a-42d3904966f0 reported by 0f96ec18-ef95-4dfc-896f-f5f608d82565{ip: 192.168.164.206, host: pr-hdds-2488-master-phq9t-3211896822, networkLocation: /default-rack, certSerialId: null}
2019-11-15 21:44:41,071 [EventQueue-PipelineReportForPipelineReportHandler] INFO  pipeline.PipelineStateManager (PipelineStateManager.java:openPipeline(132)) - Pipeline Pipeline[ Id: b976859f-93d2-4306-b55a-42d3904966f0, Nodes: 0f96ec18-ef95-4dfc-896f-f5f608d82565{ip: 192.168.164.206, host: pr-hdds-2488-master-phq9t-3211896822, networkLocation: /default-rack, certSerialId: null}, Type:RATIS, Factor:ONE, State:ALLOCATED] moved to OPEN state
2019-11-15 21:44:41,073 [EventQueue-OpenPipelineForOneReplicaPipelineSafeModeRule] INFO  safemode.SCMSafeModeManager (SCMSafeModeManager.java:validateSafeModeExitRules(176)) - AtleastOneDatanodeReportedRule rule is successfully validated
2019-11-15 21:44:41,073 [EventQueue-PipelineReportForPipelineReportHandler] INFO  pipeline.PipelineReportHandler (PipelineReportHandler.java:processPipelineReport(113)) - Pipeline ONE PipelineID=22bac1c2-53e0-4aef-a252-47d1f819f9b8 reported by ca7ad779-39e3-4fe4-8465-c580c93c9c4b{ip: 192.168.164.206, host: pr-hdds-2488-master-phq9t-3211896822, networkLocation: /default-rack, certSerialId: null}
2019-11-15 21:44:41,073 [EventQueue-OpenPipelineForHealthyPipelineSafeModeRule] INFO  safemode.SCMSafeModeManager (HealthyPipelineSafeModeRule.java:process(132)) - SCM in safe mode. Healthy pipelines reported count is 0, required healthy pipeline reported count is 1
2019-11-15 21:44:41,073 [EventQueue-PipelineReportForPipelineReportHandler] INFO  pipeline.PipelineStateManager (PipelineStateManager.java:openPipeline(132)) - Pipeline Pipeline[ Id: 22bac1c2-53e0-4aef-a252-47d1f819f9b8, Nodes: ca7ad779-39e3-4fe4-8465-c580c93c9c4b{ip: 192.168.164.206, host: pr-hdds-2488-master-phq9t-3211896822, networkLocation: /default-rack, certSerialId: null}, Type:RATIS, Factor:ONE, State:ALLOCATED] moved to OPEN state
2019-11-15 21:44:41,073 [EventQueue-OpenPipelineForOneReplicaPipelineSafeModeRule] INFO  safemode.SCMSafeModeManager (SCMSafeModeManager.java:validateSafeModeExitRules(176)) - AtleastOneDatanodeReportedRule rule is successfully validated
2019-11-15 21:44:41,073 [EventQueue-PipelineReportForPipelineReportHandler] INFO  pipeline.PipelineReportHandler (PipelineReportHandler.java:processPipelineReport(113)) - Pipeline ONE PipelineID=f82c3ae6-6a38-4b74-b1d0-a4050522328f reported by 1a9b7b80-4c06-4af9-a9c0-012844bdcf6e{ip: 192.168.164.206, host: pr-hdds-2488-master-phq9t-3211896822, networkLocation: /default-rack, certSerialId: null}
2019-11-15 21:44:41,073 [EventQueue-OpenPipelineForHealthyPipelineSafeModeRule] INFO  safemode.SCMSafeModeManager (HealthyPipelineSafeModeRule.java:process(132)) - SCM in safe mode. Healthy pipelines reported count is 0, required healthy pipeline reported count is 1
2019-11-15 21:44:41,074 [EventQueue-PipelineReportForPipelineReportHandler] INFO  pipeline.PipelineStateManager (PipelineStateManager.java:openPipeline(132)) - Pipeline Pipeline[ Id: f82c3ae6-6a38-4b74-b1d0-a4050522328f, Nodes: 1a9b7b80-4c06-4af9-a9c0-012844bdcf6e{ip: 192.168.164.206, host: pr-hdds-2488-master-phq9t-3211896822, networkLocation: /default-rack, certSerialId: null}, Type:RATIS, Factor:ONE, State:ALLOCATED] moved to OPEN state
2019-11-15 21:44:41,074 [EventQueue-OpenPipelineForOneReplicaPipelineSafeModeRule] INFO  safemode.SCMSafeModeManager (SCMSafeModeManager.java:validateSafeModeExitRules(176)) - AtleastOneDatanodeReportedRule rule is successfully validated
2019-11-15 21:44:41,074 [EventQueue-OpenPipelineForHealthyPipelineSafeModeRule] INFO  safemode.SCMSafeModeManager (HealthyPipelineSafeModeRule.java:process(132)) - SCM in safe mode. Healthy pipelines reported count is 0, required healthy pipeline reported count is 1
2019-11-15 21:44:41,078 [pool-47-thread-1] INFO  storage.RaftStorageDirectory (RaftStorageDirectory.java:tryLock(328)) - Lock on /workdir/hadoop-ozone/tools/target/test-dir/MiniOzoneClusterImpl-7fe25af5-06e5-4291-8af4-3b47a5a06090/datanode-2/data/ratis/07602e70-af0f-4d52-823a-018d242e8781/in_use.lock acquired by nodename 30597@pr-hdds-2488-master-phq9t-3211896822
2019-11-15 21:44:41,078 [pool-37-thread-1] INFO  storage.RaftStorageDirectory (RaftStorageDirectory.java:tryLock(328)) - Lock on /workdir/hadoop-ozone/tools/target/test-dir/MiniOzoneClusterImpl-7fe25af5-06e5-4291-8af4-3b47a5a06090/datanode-1/data/ratis/07602e70-af0f-4d52-823a-018d242e8781/in_use.lock acquired by nodename 30597@pr-hdds-2488-master-phq9t-3211896822
2019-11-15 21:44:41,078 [pool-27-thread-1] INFO  storage.RaftStorageDirectory (RaftStorageDirectory.java:tryLock(328)) - Lock on /workdir/hadoop-ozone/tools/target/test-dir/MiniOzoneClusterImpl-7fe25af5-06e5-4291-8af4-3b47a5a06090/datanode-0/data/ratis/07602e70-af0f-4d52-823a-018d242e8781/in_use.lock acquired by nodename 30597@pr-hdds-2488-master-phq9t-3211896822
2019-11-15 21:44:41,092 [pool-27-thread-1] INFO  storage.RaftStorage (RaftStorage.java:format(84)) - Storage directory /workdir/hadoop-ozone/tools/target/test-dir/MiniOzoneClusterImpl-7fe25af5-06e5-4291-8af4-3b47a5a06090/datanode-0/data/ratis/07602e70-af0f-4d52-823a-018d242e8781 has been successfully formatted.
2019-11-15 21:44:41,092 [pool-47-thread-1] INFO  storage.RaftStorage (RaftStorage.java:format(84)) - Storage directory /workdir/hadoop-ozone/tools/target/test-dir/MiniOzoneClusterImpl-7fe25af5-06e5-4291-8af4-3b47a5a06090/datanode-2/data/ratis/07602e70-af0f-4d52-823a-018d242e8781 has been successfully formatted.
2019-11-15 21:44:41,092 [pool-37-thread-1] INFO  storage.RaftStorage (RaftStorage.java:format(84)) - Storage directory /workdir/hadoop-ozone/tools/target/test-dir/MiniOzoneClusterImpl-7fe25af5-06e5-4291-8af4-3b47a5a06090/datanode-1/data/ratis/07602e70-af0f-4d52-823a-018d242e8781 has been successfully formatted.
2019-11-15 21:44:41,093 [pool-27-thread-1] INFO  ratis.ContainerStateMachine (ContainerStateMachine.java:loadSnapshot(223)) - group-018D242E8781: The snapshot info is null. Setting the last applied indexto:(t:0, i:~)
2019-11-15 21:44:41,093 [pool-37-thread-1] INFO  ratis.ContainerStateMachine (ContainerStateMachine.java:loadSnapshot(223)) - group-018D242E8781: The snapshot info is null. Setting the last applied indexto:(t:0, i:~)
2019-11-15 21:44:41,093 [pool-47-thread-1] INFO  ratis.ContainerStateMachine (ContainerStateMachine.java:loadSnapshot(223)) - group-018D242E8781: The snapshot info is null. Setting the last applied indexto:(t:0, i:~)
2019-11-15 21:44:41,094 [pool-37-thread-1] INFO  server.RaftServerConfigKeys (ConfUtils.java:logGet(43)) - raft.server.notification.no-leader.timeout = 120s (custom)
2019-11-15 21:44:41,094 [pool-27-thread-1] INFO  server.RaftServerConfigKeys (ConfUtils.java:logGet(43)) - raft.server.notification.no-leader.timeout = 120s (custom)
2019-11-15 21:44:41,094 [pool-47-thread-1] INFO  server.RaftServerConfigKeys (ConfUtils.java:logGet(43)) - raft.server.notification.no-leader.timeout = 120s (custom)
2019-11-15 21:44:41,094 [pool-37-thread-1] INFO  server.RaftServerConfigKeys (ConfUtils.java:logGet(43)) - raft.server.log.use.memory = false (default)
2019-11-15 21:44:41,094 [pool-27-thread-1] INFO  server.RaftServerConfigKeys (ConfUtils.java:logGet(43)) - raft.server.log.use.memory = false (default)
2019-11-15 21:44:41,094 [pool-47-thread-1] INFO  server.RaftServerConfigKeys (ConfUtils.java:logGet(43)) - raft.server.log.use.memory = false (default)
2019-11-15 21:44:41,094 [pool-47-thread-1] INFO  server.RaftServerConfigKeys (ConfUtils.java:logGet(43)) - raft.server.log.purge.gap = 1000000 (custom)
2019-11-15 21:44:41,094 [pool-27-thread-1] INFO  server.RaftServerConfigKeys (ConfUtils.java:logGet(43)) - raft.server.log.purge.gap = 1000000 (custom)
2019-11-15 21:44:41,094 [pool-37-thread-1] INFO  server.RaftServerConfigKeys (ConfUtils.java:logGet(43)) - raft.server.log.purge.gap = 1000000 (custom)
2019-11-15 21:44:41,095 [pool-27-thread-1] INFO  server.RaftServerConfigKeys (ConfUtils.java:logGet(43)) - raft.server.log.appender.buffer.byte-limit = 33554432 (custom)
2019-11-15 21:44:41,095 [pool-47-thread-1] INFO  server.RaftServerConfigKeys (ConfUtils.java:logGet(43)) - raft.server.log.appender.buffer.byte-limit = 33554432 (custom)
2019-11-15 21:44:41,095 [pool-27-thread-1] INFO  server.RaftServerConfigKeys (ConfUtils.java:logGet(43)) - raft.server.log.segment.size.max = 1048576 (custom)
2019-11-15 21:44:41,095 [pool-37-thread-1] INFO  server.RaftServerConfigKeys (ConfUtils.java:logGet(43)) - raft.server.log.appender.buffer.byte-limit = 33554432 (custom)
2019-11-15 21:44:41,095 [pool-27-thread-1] INFO  server.RaftServerConfigKeys (ConfUtils.java:logGet(43)) - raft.server.log.segment.cache.num.max = 2 (custom)
2019-11-15 21:44:41,095 [pool-47-thread-1] INFO  server.RaftServerConfigKeys (ConfUtils.java:logGet(43)) - raft.server.log.segment.size.max = 1048576 (custom)
2019-11-15 21:44:41,095 [pool-27-thread-1] INFO  segmented.SegmentedRaftLogWorker (SegmentedRaftLogWorker.java:<init>(173)) - new 1a9b7b80-4c06-4af9-a9c0-012844bdcf6e@group-018D242E8781-SegmentedRaftLogWorker for RaftStorage:Storage Directory /workdir/hadoop-ozone/tools/target/test-dir/MiniOzoneClusterImpl-7fe25af5-06e5-4291-8af4-3b47a5a06090/datanode-0/data/ratis/07602e70-af0f-4d52-823a-018d242e8781
2019-11-15 21:44:41,095 [pool-37-thread-1] INFO  server.RaftServerConfigKeys (ConfUtils.java:logGet(43)) - raft.server.log.segment.size.max = 1048576 (custom)
2019-11-15 21:44:41,095 [pool-27-thread-1] INFO  server.RaftServerConfigKeys (ConfUtils.java:logGet(43)) - raft.server.log.queue.byte-limit = 2147483647 (custom)
2019-11-15 21:44:41,095 [pool-47-thread-1] INFO  server.RaftServerConfigKeys (ConfUtils.java:logGet(43)) - raft.server.log.segment.cache.num.max = 2 (custom)
2019-11-15 21:44:41,096 [pool-27-thread-1] INFO  server.RaftServerConfigKeys (ConfUtils.java:logGet(43)) - raft.server.log.queue.element-limit = 1024 (custom)
2019-11-15 21:44:41,096 [pool-37-thread-1] INFO  server.RaftServerConfigKeys (ConfUtils.java:logGet(43)) - raft.server.log.segment.cache.num.max = 2 (custom)
2019-11-15 21:44:41,096 [pool-27-thread-1] INFO  server.RaftServerConfigKeys (ConfUtils.java:logGet(43)) - raft.server.log.segment.size.max = 1048576 (custom)
2019-11-15 21:44:41,096 [pool-47-thread-1] INFO  segmented.SegmentedRaftLogWorker (SegmentedRaftLogWorker.java:<init>(173)) - new 0f96ec18-ef95-4dfc-896f-f5f608d82565@group-018D242E8781-SegmentedRaftLogWorker for RaftStorage:Storage Directory /workdir/hadoop-ozone/tools/target/test-dir/MiniOzoneClusterImpl-7fe25af5-06e5-4291-8af4-3b47a5a06090/datanode-2/data/ratis/07602e70-af0f-4d52-823a-018d242e8781
2019-11-15 21:44:41,096 [pool-27-thread-1] INFO  server.RaftServerConfigKeys (ConfUtils.java:logGet(43)) - raft.server.log.preallocated.size = 16384 (custom)
2019-11-15 21:44:41,096 [pool-47-thread-1] INFO  server.RaftServerConfigKeys (ConfUtils.java:logGet(43)) - raft.server.log.queue.byte-limit = 2147483647 (custom)
2019-11-15 21:44:41,096 [pool-37-thread-1] INFO  segmented.SegmentedRaftLogWorker (SegmentedRaftLogWorker.java:<init>(173)) - new ca7ad779-39e3-4fe4-8465-c580c93c9c4b@group-018D242E8781-SegmentedRaftLogWorker for RaftStorage:Storage Directory /workdir/hadoop-ozone/tools/target/test-dir/MiniOzoneClusterImpl-7fe25af5-06e5-4291-8af4-3b47a5a06090/datanode-1/data/ratis/07602e70-af0f-4d52-823a-018d242e8781
2019-11-15 21:44:41,096 [pool-47-thread-1] INFO  server.RaftServerConfigKeys (ConfUtils.java:logGet(43)) - raft.server.log.queue.element-limit = 1024 (custom)
2019-11-15 21:44:41,096 [pool-27-thread-1] INFO  server.RaftServerConfigKeys (ConfUtils.java:logGet(43)) - raft.server.log.write.buffer.size = 33554432 (custom)
2019-11-15 21:44:41,097 [pool-47-thread-1] INFO  server.RaftServerConfigKeys (ConfUtils.java:logGet(43)) - raft.server.log.segment.size.max = 1048576 (custom)
2019-11-15 21:44:41,097 [pool-37-thread-1] INFO  server.RaftServerConfigKeys (ConfUtils.java:logGet(43)) - raft.server.log.queue.byte-limit = 2147483647 (custom)
2019-11-15 21:44:41,097 [pool-47-thread-1] INFO  server.RaftServerConfigKeys (ConfUtils.java:logGet(43)) - raft.server.log.preallocated.size = 16384 (custom)
2019-11-15 21:44:41,097 [pool-27-thread-1] INFO  server.RaftServerConfigKeys (ConfUtils.java:logGet(43)) - raft.server.log.force.sync.num = 128 (default)
2019-11-15 21:44:41,097 [pool-47-thread-1] INFO  server.RaftServerConfigKeys (ConfUtils.java:logGet(43)) - raft.server.log.write.buffer.size = 33554432 (custom)
2019-11-15 21:44:41,097 [pool-37-thread-1] INFO  server.RaftServerConfigKeys (ConfUtils.java:logGet(43)) - raft.server.log.queue.element-limit = 1024 (custom)
2019-11-15 21:44:41,097 [pool-47-thread-1] INFO  server.RaftServerConfigKeys (ConfUtils.java:logGet(43)) - raft.server.log.force.sync.num = 128 (default)
2019-11-15 21:44:41,097 [pool-37-thread-1] INFO  server.RaftServerConfigKeys (ConfUtils.java:logGet(43)) - raft.server.log.segment.size.max = 1048576 (custom)
2019-11-15 21:44:41,097 [pool-27-thread-1] INFO  server.RaftServerConfigKeys (ConfUtils.java:logGet(43)) - raft.server.log.statemachine.data.sync = true (default)
2019-11-15 21:44:41,098 [pool-37-thread-1] INFO  server.RaftServerConfigKeys (ConfUtils.java:logGet(43)) - raft.server.log.preallocated.size = 16384 (custom)
2019-11-15 21:44:41,097 [pool-47-thread-1] INFO  server.RaftServerConfigKeys (ConfUtils.java:logGet(43)) - raft.server.log.statemachine.data.sync = true (default)
2019-11-15 21:44:41,098 [pool-37-thread-1] INFO  server.RaftServerConfigKeys (ConfUtils.java:logGet(43)) - raft.server.log.write.buffer.size = 33554432 (custom)
2019-11-15 21:44:41,098 [pool-27-thread-1] INFO  server.RaftServerConfigKeys (ConfUtils.java:logGet(43)) - raft.server.log.statemachine.data.sync.timeout = 10s (default)
2019-11-15 21:44:41,098 [pool-37-thread-1] INFO  server.RaftServerConfigKeys (ConfUtils.java:logGet(43)) - raft.server.log.force.sync.num = 128 (default)
2019-11-15 21:44:41,098 [pool-47-thread-1] INFO  server.RaftServerConfigKeys (ConfUtils.java:logGet(43)) - raft.server.log.statemachine.data.sync.timeout = 10s (default)
2019-11-15 21:44:41,098 [pool-37-thread-1] INFO  server.RaftServerConfigKeys (ConfUtils.java:logGet(43)) - raft.server.log.statemachine.data.sync = true (default)
2019-11-15 21:44:41,098 [pool-27-thread-1] INFO  server.RaftServerConfigKeys (ConfUtils.java:logGet(43)) - raft.server.log.statemachine.data.sync.timeout.retry = -1 (default)
2019-11-15 21:44:41,098 [pool-37-thread-1] INFO  server.RaftServerConfigKeys (ConfUtils.java:logGet(43)) - raft.server.log.statemachine.data.sync.timeout = 10s (default)
2019-11-15 21:44:41,098 [pool-47-thread-1] INFO  server.RaftServerConfigKeys (ConfUtils.java:logGet(43)) - raft.server.log.statemachine.data.sync.timeout.retry = -1 (default)
2019-11-15 21:44:41,098 [pool-27-thread-1] INFO  server.RaftServerConfigKeys (ConfUtils.java:logGet(43)) - raft.server.log.statemachine.data.caching.enabled = true (custom)
2019-11-15 21:44:41,098 [pool-37-thread-1] INFO  server.RaftServerConfigKeys (ConfUtils.java:logGet(43)) - raft.server.log.statemachine.data.sync.timeout.retry = -1 (default)
2019-11-15 21:44:41,099 [pool-47-thread-1] INFO  server.RaftServerConfigKeys (ConfUtils.java:logGet(43)) - raft.server.log.statemachine.data.caching.enabled = true (custom)
2019-11-15 21:44:41,099 [pool-37-thread-1] INFO  server.RaftServerConfigKeys (ConfUtils.java:logGet(43)) - raft.server.log.statemachine.data.caching.enabled = true (custom)
2019-11-15 21:44:41,099 [pool-47-thread-1] INFO  segmented.SegmentedRaftLogWorker (SegmentedRaftLogWorker.java:lambda$new$0(128)) - 0f96ec18-ef95-4dfc-896f-f5f608d82565@group-018D242E8781-SegmentedRaftLogWorker: flushIndex: setUnconditionally 0 -> -1
2019-11-15 21:44:41,099 [pool-27-thread-1] INFO  segmented.SegmentedRaftLogWorker (SegmentedRaftLogWorker.java:lambda$new$0(128)) - 1a9b7b80-4c06-4af9-a9c0-012844bdcf6e@group-018D242E8781-SegmentedRaftLogWorker: flushIndex: setUnconditionally 0 -> -1
2019-11-15 21:44:41,099 [pool-37-thread-1] INFO  segmented.SegmentedRaftLogWorker (SegmentedRaftLogWorker.java:lambda$new$0(128)) - ca7ad779-39e3-4fe4-8465-c580c93c9c4b@group-018D242E8781-SegmentedRaftLogWorker: flushIndex: setUnconditionally 0 -> -1
2019-11-15 21:44:41,099 [pool-47-thread-1] INFO  server.RaftServerConfigKeys (ConfUtils.java:logGet(43)) - raft.server.snapshot.auto.trigger.enabled = true (custom)
2019-11-15 21:44:41,099 [pool-27-thread-1] INFO  server.RaftServerConfigKeys (ConfUtils.java:logGet(43)) - raft.server.snapshot.auto.trigger.enabled = true (custom)
2019-11-15 21:44:41,099 [pool-47-thread-1] INFO  server.RaftServerConfigKeys (ConfUtils.java:logGet(43)) - raft.server.snapshot.auto.trigger.threshold = 10000 (custom)
2019-11-15 21:44:41,100 [pool-37-thread-1] INFO  server.RaftServerConfigKeys (ConfUtils.java:logGet(43)) - raft.server.snapshot.auto.trigger.enabled = true (custom)
2019-11-15 21:44:41,100 [pool-27-thread-1] INFO  server.RaftServerConfigKeys (ConfUtils.java:logGet(43)) - raft.server.snapshot.auto.trigger.threshold = 10000 (custom)
2019-11-15 21:44:41,100 [pool-47-thread-1] INFO  server.RaftServerConfigKeys (ConfUtils.java:logGet(43)) - raft.server.snapshot.retention.file.num = 5 (custom)
2019-11-15 21:44:41,100 [pool-27-thread-1] INFO  server.RaftServerConfigKeys (ConfUtils.java:logGet(43)) - raft.server.snapshot.retention.file.num = 5 (custom)
2019-11-15 21:44:41,100 [pool-47-thread-1] INFO  server.RaftServerConfigKeys (ConfUtils.java:logGet(43)) - raft.server.retrycache.expirytime = 600000ms (custom)
2019-11-15 21:44:41,100 [pool-27-thread-1] INFO  server.RaftServerConfigKeys (ConfUtils.java:logGet(43)) - raft.server.retrycache.expirytime = 600000ms (custom)
2019-11-15 21:44:41,100 [pool-37-thread-1] INFO  server.RaftServerConfigKeys (ConfUtils.java:logGet(43)) - raft.server.snapshot.auto.trigger.threshold = 10000 (custom)
2019-11-15 21:44:41,100 [pool-27-thread-1] WARN  impl.MetricRegistriesImpl (MetricRegistriesImpl.java:lambda$create$1(61)) - First MetricRegistry has been created without registering reporters. You may need to call MetricRegistries.global().addReportRegistration(...) before.
2019-11-15 21:44:41,100 [pool-47-thread-1] WARN  impl.MetricRegistriesImpl (MetricRegistriesImpl.java:lambda$create$1(61)) - First MetricRegistry has been created without registering reporters. You may need to call MetricRegistries.global().addReportRegistration(...) before.
2019-11-15 21:44:41,100 [pool-27-thread-1] WARN  impl.MetricRegistriesImpl (MetricRegistriesImpl.java:lambda$create$1(61)) - First MetricRegistry has been created without registering reporters. You may need to call MetricRegistries.global().addReportRegistration(...) before.
2019-11-15 21:44:41,101 [pool-47-thread-1] WARN  impl.MetricRegistriesImpl (MetricRegistriesImpl.java:lambda$create$1(61)) - First MetricRegistry has been created without registering reporters. You may need to call MetricRegistries.global().addReportRegistration(...) before.
2019-11-15 21:44:41,100 [pool-37-thread-1] INFO  server.RaftServerConfigKeys (ConfUtils.java:logGet(43)) - raft.server.snapshot.retention.file.num = 5 (custom)
2019-11-15 21:44:41,101 [pool-37-thread-1] INFO  server.RaftServerConfigKeys (ConfUtils.java:logGet(43)) - raft.server.retrycache.expirytime = 600000ms (custom)
2019-11-15 21:44:41,101 [pool-37-thread-1] WARN  impl.MetricRegistriesImpl (MetricRegistriesImpl.java:lambda$create$1(61)) - First MetricRegistry has been created without registering reporters. You may need to call MetricRegistries.global().addReportRegistration(...) before.
2019-11-15 21:44:41,101 [pool-27-thread-1] INFO  impl.RaftServerImpl (RaftServerImpl.java:start(184)) - 1a9b7b80-4c06-4af9-a9c0-012844bdcf6e@group-018D242E8781: start as a follower, conf=-1: [0f96ec18-ef95-4dfc-896f-f5f608d82565:192.168.164.206:40487, 1a9b7b80-4c06-4af9-a9c0-012844bdcf6e:192.168.164.206:33171, ca7ad779-39e3-4fe4-8465-c580c93c9c4b:192.168.164.206:36095], old=null
2019-11-15 21:44:41,101 [pool-47-thread-1] INFO  impl.RaftServerImpl (RaftServerImpl.java:start(184)) - 0f96ec18-ef95-4dfc-896f-f5f608d82565@group-018D242E8781: start as a follower, conf=-1: [0f96ec18-ef95-4dfc-896f-f5f608d82565:192.168.164.206:40487, 1a9b7b80-4c06-4af9-a9c0-012844bdcf6e:192.168.164.206:33171, ca7ad779-39e3-4fe4-8465-c580c93c9c4b:192.168.164.206:36095], old=null
2019-11-15 21:44:41,101 [pool-27-thread-1] INFO  impl.RaftServerImpl (RaftServerImpl.java:setRole(173)) - 1a9b7b80-4c06-4af9-a9c0-012844bdcf6e@group-018D242E8781: changes role from      null to FOLLOWER at term 0 for startAsFollower
2019-11-15 21:44:41,101 [pool-37-thread-1] WARN  impl.MetricRegistriesImpl (MetricRegistriesImpl.java:lambda$create$1(61)) - First MetricRegistry has been created without registering reporters. You may need to call MetricRegistries.global().addReportRegistration(...) before.
2019-11-15 21:44:41,101 [pool-27-thread-1] INFO  impl.RoleInfo (RoleInfo.java:updateAndGet(143)) - 1a9b7b80-4c06-4af9-a9c0-012844bdcf6e: start FollowerState
2019-11-15 21:44:41,101 [pool-47-thread-1] INFO  impl.RaftServerImpl (RaftServerImpl.java:setRole(173)) - 0f96ec18-ef95-4dfc-896f-f5f608d82565@group-018D242E8781: changes role from      null to FOLLOWER at term 0 for startAsFollower
2019-11-15 21:44:41,101 [pool-37-thread-1] INFO  impl.RaftServerImpl (RaftServerImpl.java:start(184)) - ca7ad779-39e3-4fe4-8465-c580c93c9c4b@group-018D242E8781: start as a follower, conf=-1: [0f96ec18-ef95-4dfc-896f-f5f608d82565:192.168.164.206:40487, 1a9b7b80-4c06-4af9-a9c0-012844bdcf6e:192.168.164.206:33171, ca7ad779-39e3-4fe4-8465-c580c93c9c4b:192.168.164.206:36095], old=null
2019-11-15 21:44:41,102 [pool-47-thread-1] INFO  impl.RoleInfo (RoleInfo.java:updateAndGet(143)) - 0f96ec18-ef95-4dfc-896f-f5f608d82565: start FollowerState
2019-11-15 21:44:41,102 [pool-37-thread-1] INFO  impl.RaftServerImpl (RaftServerImpl.java:setRole(173)) - ca7ad779-39e3-4fe4-8465-c580c93c9c4b@group-018D242E8781: changes role from      null to FOLLOWER at term 0 for startAsFollower
2019-11-15 21:44:41,102 [pool-37-thread-1] INFO  impl.RoleInfo (RoleInfo.java:updateAndGet(143)) - ca7ad779-39e3-4fe4-8465-c580c93c9c4b: start FollowerState
2019-11-15 21:44:41,102 [pool-27-thread-1] INFO  util.JmxRegister (JmxRegister.java:tryRegister(44)) - Successfully registered JMX Bean with object name Ratis:service=RaftServer,group=group-018D242E8781,id=1a9b7b80-4c06-4af9-a9c0-012844bdcf6e
2019-11-15 21:44:41,102 [pool-37-thread-1] INFO  util.JmxRegister (JmxRegister.java:tryRegister(44)) - Successfully registered JMX Bean with object name Ratis:service=RaftServer,group=group-018D242E8781,id=ca7ad779-39e3-4fe4-8465-c580c93c9c4b
2019-11-15 21:44:41,102 [pool-47-thread-1] INFO  util.JmxRegister (JmxRegister.java:tryRegister(44)) - Successfully registered JMX Bean with object name Ratis:service=RaftServer,group=group-018D242E8781,id=0f96ec18-ef95-4dfc-896f-f5f608d82565
2019-11-15 21:44:41,103 [pool-37-thread-1] WARN  impl.MetricRegistriesImpl (MetricRegistriesImpl.java:lambda$create$1(61)) - First MetricRegistry has been created without registering reporters. You may need to call MetricRegistries.global().addReportRegistration(...) before.
2019-11-15 21:44:41,102 [pool-27-thread-1] WARN  impl.MetricRegistriesImpl (MetricRegistriesImpl.java:lambda$create$1(61)) - First MetricRegistry has been created without registering reporters. You may need to call MetricRegistries.global().addReportRegistration(...) before.
2019-11-15 21:44:41,103 [pool-47-thread-1] WARN  impl.MetricRegistriesImpl (MetricRegistriesImpl.java:lambda$create$1(61)) - First MetricRegistry has been created without registering reporters. You may need to call MetricRegistries.global().addReportRegistration(...) before.
2019-11-15 21:44:41,104 [Command processor thread] INFO  commandhandler.CreatePipelineCommandHandler (CreatePipelineCommandHandler.java:handle(86)) - Create Pipeline RATIS THREE #id: "07602e70-af0f-4d52-823a-018d242e8781"
 command succeed on datanode ca7ad779-39e3-4fe4-8465-c580c93c9c4b.
2019-11-15 21:44:41,104 [Command processor thread] INFO  commandhandler.CreatePipelineCommandHandler (CreatePipelineCommandHandler.java:handle(86)) - Create Pipeline RATIS THREE #id: "07602e70-af0f-4d52-823a-018d242e8781"
 command succeed on datanode 0f96ec18-ef95-4dfc-896f-f5f608d82565.
2019-11-15 21:44:41,104 [Command processor thread] INFO  commandhandler.CreatePipelineCommandHandler (CreatePipelineCommandHandler.java:handle(86)) - Create Pipeline RATIS THREE #id: "07602e70-af0f-4d52-823a-018d242e8781"
 command succeed on datanode 1a9b7b80-4c06-4af9-a9c0-012844bdcf6e.
2019-11-15 21:44:41,110 [EventQueue-PipelineReportForPipelineReportHandler] INFO  pipeline.PipelineReportHandler (PipelineReportHandler.java:processPipelineReport(113)) - Pipeline THREE PipelineID=07602e70-af0f-4d52-823a-018d242e8781 reported by ca7ad779-39e3-4fe4-8465-c580c93c9c4b{ip: 192.168.164.206, host: pr-hdds-2488-master-phq9t-3211896822, networkLocation: /default-rack, certSerialId: null}
2019-11-15 21:44:41,110 [EventQueue-PipelineReportForPipelineReportHandler] INFO  pipeline.PipelineReportHandler (PipelineReportHandler.java:processPipelineReport(113)) - Pipeline THREE PipelineID=07602e70-af0f-4d52-823a-018d242e8781 reported by 0f96ec18-ef95-4dfc-896f-f5f608d82565{ip: 192.168.164.206, host: pr-hdds-2488-master-phq9t-3211896822, networkLocation: /default-rack, certSerialId: null}
2019-11-15 21:44:41,110 [EventQueue-PipelineReportForPipelineReportHandler] INFO  pipeline.PipelineReportHandler (PipelineReportHandler.java:processPipelineReport(113)) - Pipeline THREE PipelineID=07602e70-af0f-4d52-823a-018d242e8781 reported by 1a9b7b80-4c06-4af9-a9c0-012844bdcf6e{ip: 192.168.164.206, host: pr-hdds-2488-master-phq9t-3211896822, networkLocation: /default-rack, certSerialId: null}
2019-11-15 21:44:42,020 [main] INFO  ozone.MiniOzoneClusterImpl (MiniOzoneClusterImpl.java:lambda$waitForClusterToBeReady$0(150)) - Nodes are ready. Got 3 of 3 DN Heartbeats.
2019-11-15 21:44:42,020 [main] INFO  ozone.MiniOzoneClusterImpl (MiniOzoneClusterImpl.java:lambda$waitForClusterToBeReady$0(153)) - Waiting for cluster to exit safe mode
2019-11-15 21:44:43,021 [main] INFO  ozone.MiniOzoneClusterImpl (MiniOzoneClusterImpl.java:lambda$waitForClusterToBeReady$0(150)) - Nodes are ready. Got 3 of 3 DN Heartbeats.
2019-11-15 21:44:43,021 [main] INFO  ozone.MiniOzoneClusterImpl (MiniOzoneClusterImpl.java:lambda$waitForClusterToBeReady$0(153)) - Waiting for cluster to exit safe mode
2019-11-15 21:44:44,021 [main] INFO  ozone.MiniOzoneClusterImpl (MiniOzoneClusterImpl.java:lambda$waitForClusterToBeReady$0(150)) - Nodes are ready. Got 3 of 3 DN Heartbeats.
2019-11-15 21:44:44,022 [main] INFO  ozone.MiniOzoneClusterImpl (MiniOzoneClusterImpl.java:lambda$waitForClusterToBeReady$0(153)) - Waiting for cluster to exit safe mode
2019-11-15 21:44:45,022 [main] INFO  ozone.MiniOzoneClusterImpl (MiniOzoneClusterImpl.java:lambda$waitForClusterToBeReady$0(150)) - Nodes are ready. Got 3 of 3 DN Heartbeats.
2019-11-15 21:44:45,022 [main] INFO  ozone.MiniOzoneClusterImpl (MiniOzoneClusterImpl.java:lambda$waitForClusterToBeReady$0(153)) - Waiting for cluster to exit safe mode
2019-11-15 21:44:46,023 [main] INFO  ozone.MiniOzoneClusterImpl (MiniOzoneClusterImpl.java:lambda$waitForClusterToBeReady$0(150)) - Nodes are ready. Got 3 of 3 DN Heartbeats.
2019-11-15 21:44:46,023 [main] INFO  ozone.MiniOzoneClusterImpl (MiniOzoneClusterImpl.java:lambda$waitForClusterToBeReady$0(153)) - Waiting for cluster to exit safe mode
2019-11-15 21:44:46,080 [Thread-183] INFO  impl.FollowerState (FollowerState.java:run(111)) - 0f96ec18-ef95-4dfc-896f-f5f608d82565@group-42D3904966F0-FollowerState: change to CANDIDATE, lastRpcTime:5018ms, electionTimeout:5018ms
2019-11-15 21:44:46,081 [Thread-183] INFO  impl.RoleInfo (RoleInfo.java:shutdownFollowerState(121)) - 0f96ec18-ef95-4dfc-896f-f5f608d82565: shutdown FollowerState
2019-11-15 21:44:46,082 [Thread-183] INFO  impl.RaftServerImpl (RaftServerImpl.java:setRole(173)) - 0f96ec18-ef95-4dfc-896f-f5f608d82565@group-42D3904966F0: changes role from  FOLLOWER to CANDIDATE at term 0 for changeToCandidate
2019-11-15 21:44:46,086 [Thread-183] INFO  impl.RoleInfo (RoleInfo.java:updateAndGet(143)) - 0f96ec18-ef95-4dfc-896f-f5f608d82565: start LeaderElection
2019-11-15 21:44:46,103 [0f96ec18-ef95-4dfc-896f-f5f608d82565@group-42D3904966F0-LeaderElection1] INFO  impl.LeaderElection (LeaderElection.java:askForVotes(178)) - 0f96ec18-ef95-4dfc-896f-f5f608d82565@group-42D3904966F0-LeaderElection1: begin an election at term 1 for -1: [0f96ec18-ef95-4dfc-896f-f5f608d82565:192.168.164.206:40487], old=null
2019-11-15 21:44:46,104 [0f96ec18-ef95-4dfc-896f-f5f608d82565@group-42D3904966F0-LeaderElection1] INFO  impl.RoleInfo (RoleInfo.java:shutdownLeaderElection(134)) - 0f96ec18-ef95-4dfc-896f-f5f608d82565: shutdown LeaderElection
2019-11-15 21:44:46,107 [0f96ec18-ef95-4dfc-896f-f5f608d82565@group-42D3904966F0-LeaderElection1] INFO  impl.RaftServerImpl (RaftServerImpl.java:setRole(173)) - 0f96ec18-ef95-4dfc-896f-f5f608d82565@group-42D3904966F0: changes role from CANDIDATE to LEADER at term 1 for changeToLeader
2019-11-15 21:44:46,107 [0f96ec18-ef95-4dfc-896f-f5f608d82565@group-42D3904966F0-LeaderElection1] INFO  ratis.XceiverServerRatis (XceiverServerRatis.java:handleLeaderChangedNotification(733)) - Leader change notification received for group: group-42D3904966F0 with new leaderId: 0f96ec18-ef95-4dfc-896f-f5f608d82565
2019-11-15 21:44:46,107 [0f96ec18-ef95-4dfc-896f-f5f608d82565@group-42D3904966F0-LeaderElection1] INFO  impl.RaftServerImpl (ServerState.java:setLeader(255)) - 0f96ec18-ef95-4dfc-896f-f5f608d82565@group-42D3904966F0: change Leader from null to 0f96ec18-ef95-4dfc-896f-f5f608d82565 at term 1 for becomeLeader, leader elected after 5050ms
2019-11-15 21:44:46,113 [EventQueue-PipelineReportForPipelineReportHandler] INFO  pipeline.PipelineReportHandler (PipelineReportHandler.java:processPipelineReport(113)) - Pipeline THREE PipelineID=07602e70-af0f-4d52-823a-018d242e8781 reported by 0f96ec18-ef95-4dfc-896f-f5f608d82565{ip: 192.168.164.206, host: pr-hdds-2488-master-phq9t-3211896822, networkLocation: /default-rack, certSerialId: null}
2019-11-15 21:44:46,115 [0f96ec18-ef95-4dfc-896f-f5f608d82565@group-42D3904966F0-LeaderElection1] INFO  server.RaftServerConfigKeys (ConfUtils.java:logGet(43)) - raft.server.staging.catchup.gap = 1000 (default)
2019-11-15 21:44:46,115 [0f96ec18-ef95-4dfc-896f-f5f608d82565@group-42D3904966F0-LeaderElection1] INFO  server.RaftServerConfigKeys (ConfUtils.java:logGet(43)) - raft.server.rpc.sleep.time = 25ms (default)
2019-11-15 21:44:46,119 [0f96ec18-ef95-4dfc-896f-f5f608d82565@group-42D3904966F0-LeaderElection1] INFO  server.RaftServerConfigKeys (ConfUtils.java:logGet(43)) - raft.server.write.element-limit = 4096 (default)
2019-11-15 21:44:46,125 [0f96ec18-ef95-4dfc-896f-f5f608d82565@group-42D3904966F0-LeaderElection1] INFO  server.RaftServerConfigKeys (ConfUtils.java:logGet(43)) - raft.server.watch.timeout = 10s (default)
2019-11-15 21:44:46,125 [0f96ec18-ef95-4dfc-896f-f5f608d82565@group-42D3904966F0-LeaderElection1] INFO  server.RaftServerConfigKeys (ConfUtils.java:logGet(43)) - raft.server.watch.timeout.denomination = 1s (default)
2019-11-15 21:44:46,126 [0f96ec18-ef95-4dfc-896f-f5f608d82565@group-42D3904966F0-LeaderElection1] INFO  server.RaftServerConfigKeys (ConfUtils.java:logGet(43)) - raft.server.watch.element-limit = 65536 (default)
2019-11-15 21:44:46,134 [0f96ec18-ef95-4dfc-896f-f5f608d82565@group-42D3904966F0-LeaderElection1] INFO  impl.RoleInfo (RoleInfo.java:updateAndGet(143)) - 0f96ec18-ef95-4dfc-896f-f5f608d82565: start LeaderState
2019-11-15 21:44:46,162 [0f96ec18-ef95-4dfc-896f-f5f608d82565@group-42D3904966F0-LeaderElection1] INFO  segmented.SegmentedRaftLogWorker (SegmentedRaftLogWorker.java:startLogSegment(385)) - 0f96ec18-ef95-4dfc-896f-f5f608d82565@group-42D3904966F0-SegmentedRaftLogWorker: Starting segment from index:0
2019-11-15 21:44:46,186 [0f96ec18-ef95-4dfc-896f-f5f608d82565@group-42D3904966F0-LeaderElection1] INFO  impl.RaftServerImpl (ServerState.java:setRaftConf(356)) - 0f96ec18-ef95-4dfc-896f-f5f608d82565@group-42D3904966F0: set configuration 0: [0f96ec18-ef95-4dfc-896f-f5f608d82565:192.168.164.206:40487], old=null at 0
2019-11-15 21:44:46,203 [Thread-181] INFO  impl.FollowerState (FollowerState.java:run(111)) - ca7ad779-39e3-4fe4-8465-c580c93c9c4b@group-47D1F819F9B8-FollowerState: change to CANDIDATE, lastRpcTime:5163ms, electionTimeout:5162ms
2019-11-15 21:44:46,204 [Thread-181] INFO  impl.RoleInfo (RoleInfo.java:shutdownFollowerState(121)) - ca7ad779-39e3-4fe4-8465-c580c93c9c4b: shutdown FollowerState
2019-11-15 21:44:46,204 [Thread-181] INFO  impl.RaftServerImpl (RaftServerImpl.java:setRole(173)) - ca7ad779-39e3-4fe4-8465-c580c93c9c4b@group-47D1F819F9B8: changes role from  FOLLOWER to CANDIDATE at term 0 for changeToCandidate
2019-11-15 21:44:46,204 [Thread-181] INFO  impl.RoleInfo (RoleInfo.java:updateAndGet(143)) - ca7ad779-39e3-4fe4-8465-c580c93c9c4b: start LeaderElection
2019-11-15 21:44:46,216 [Thread-180] INFO  impl.FollowerState (FollowerState.java:run(111)) - 1a9b7b80-4c06-4af9-a9c0-012844bdcf6e@group-A4050522328F-FollowerState: change to CANDIDATE, lastRpcTime:5176ms, electionTimeout:5175ms
2019-11-15 21:44:46,216 [Thread-180] INFO  impl.RoleInfo (RoleInfo.java:shutdownFollowerState(121)) - 1a9b7b80-4c06-4af9-a9c0-012844bdcf6e: shutdown FollowerState
2019-11-15 21:44:46,216 [Thread-180] INFO  impl.RaftServerImpl (RaftServerImpl.java:setRole(173)) - 1a9b7b80-4c06-4af9-a9c0-012844bdcf6e@group-A4050522328F: changes role from  FOLLOWER to CANDIDATE at term 0 for changeToCandidate
2019-11-15 21:44:46,216 [Thread-180] INFO  impl.RoleInfo (RoleInfo.java:updateAndGet(143)) - 1a9b7b80-4c06-4af9-a9c0-012844bdcf6e: start LeaderElection
2019-11-15 21:44:46,218 [Thread-190] INFO  impl.FollowerState (FollowerState.java:run(111)) - 0f96ec18-ef95-4dfc-896f-f5f608d82565@group-018D242E8781-FollowerState: change to CANDIDATE, lastRpcTime:5116ms, electionTimeout:5116ms
2019-11-15 21:44:46,218 [Thread-190] INFO  impl.RoleInfo (RoleInfo.java:shutdownFollowerState(121)) - 0f96ec18-ef95-4dfc-896f-f5f608d82565: shutdown FollowerState
2019-11-15 21:44:46,219 [Thread-190] INFO  impl.RaftServerImpl (RaftServerImpl.java:setRole(173)) - 0f96ec18-ef95-4dfc-896f-f5f608d82565@group-018D242E8781: changes role from  FOLLOWER to CANDIDATE at term 0 for changeToCandidate
2019-11-15 21:44:46,219 [Thread-190] INFO  impl.RoleInfo (RoleInfo.java:updateAndGet(143)) - 0f96ec18-ef95-4dfc-896f-f5f608d82565: start LeaderElection
2019-11-15 21:44:46,220 [ca7ad779-39e3-4fe4-8465-c580c93c9c4b@group-47D1F819F9B8-LeaderElection2] INFO  impl.LeaderElection (LeaderElection.java:askForVotes(178)) - ca7ad779-39e3-4fe4-8465-c580c93c9c4b@group-47D1F819F9B8-LeaderElection2: begin an election at term 1 for -1: [ca7ad779-39e3-4fe4-8465-c580c93c9c4b:192.168.164.206:36095], old=null
2019-11-15 21:44:46,221 [ca7ad779-39e3-4fe4-8465-c580c93c9c4b@group-47D1F819F9B8-LeaderElection2] INFO  impl.RoleInfo (RoleInfo.java:shutdownLeaderElection(134)) - ca7ad779-39e3-4fe4-8465-c580c93c9c4b: shutdown LeaderElection
2019-11-15 21:44:46,221 [ca7ad779-39e3-4fe4-8465-c580c93c9c4b@group-47D1F819F9B8-LeaderElection2] INFO  impl.RaftServerImpl (RaftServerImpl.java:setRole(173)) - ca7ad779-39e3-4fe4-8465-c580c93c9c4b@group-47D1F819F9B8: changes role from CANDIDATE to LEADER at term 1 for changeToLeader
2019-11-15 21:44:46,221 [ca7ad779-39e3-4fe4-8465-c580c93c9c4b@group-47D1F819F9B8-LeaderElection2] INFO  ratis.XceiverServerRatis (XceiverServerRatis.java:handleLeaderChangedNotification(733)) - Leader change notification received for group: group-47D1F819F9B8 with new leaderId: ca7ad779-39e3-4fe4-8465-c580c93c9c4b
2019-11-15 21:44:46,221 [ca7ad779-39e3-4fe4-8465-c580c93c9c4b@group-47D1F819F9B8-LeaderElection2] INFO  impl.RaftServerImpl (ServerState.java:setLeader(255)) - ca7ad779-39e3-4fe4-8465-c580c93c9c4b@group-47D1F819F9B8: change Leader from null to ca7ad779-39e3-4fe4-8465-c580c93c9c4b at term 1 for becomeLeader, leader elected after 5237ms
2019-11-15 21:44:46,221 [ca7ad779-39e3-4fe4-8465-c580c93c9c4b@group-47D1F819F9B8-LeaderElection2] INFO  server.RaftServerConfigKeys (ConfUtils.java:logGet(43)) - raft.server.staging.catchup.gap = 1000 (default)
2019-11-15 21:44:46,222 [ca7ad779-39e3-4fe4-8465-c580c93c9c4b@group-47D1F819F9B8-LeaderElection2] INFO  server.RaftServerConfigKeys (ConfUtils.java:logGet(43)) - raft.server.rpc.sleep.time = 25ms (default)
2019-11-15 21:44:46,222 [ca7ad779-39e3-4fe4-8465-c580c93c9c4b@group-47D1F819F9B8-LeaderElection2] INFO  server.RaftServerConfigKeys (ConfUtils.java:logGet(43)) - raft.server.write.element-limit = 4096 (default)
2019-11-15 21:44:46,222 [ca7ad779-39e3-4fe4-8465-c580c93c9c4b@group-47D1F819F9B8-LeaderElection2] INFO  server.RaftServerConfigKeys (ConfUtils.java:logGet(43)) - raft.server.watch.timeout = 10s (default)
2019-11-15 21:44:46,223 [ca7ad779-39e3-4fe4-8465-c580c93c9c4b@group-47D1F819F9B8-LeaderElection2] INFO  server.RaftServerConfigKeys (ConfUtils.java:logGet(43)) - raft.server.watch.timeout.denomination = 1s (default)
2019-11-15 21:44:46,223 [ca7ad779-39e3-4fe4-8465-c580c93c9c4b@group-47D1F819F9B8-LeaderElection2] INFO  server.RaftServerConfigKeys (ConfUtils.java:logGet(43)) - raft.server.watch.element-limit = 65536 (default)
2019-11-15 21:44:46,223 [ca7ad779-39e3-4fe4-8465-c580c93c9c4b@group-47D1F819F9B8-LeaderElection2] INFO  impl.RoleInfo (RoleInfo.java:updateAndGet(143)) - ca7ad779-39e3-4fe4-8465-c580c93c9c4b: start LeaderState
2019-11-15 21:44:46,223 [ca7ad779-39e3-4fe4-8465-c580c93c9c4b@group-47D1F819F9B8-LeaderElection2] INFO  segmented.SegmentedRaftLogWorker (SegmentedRaftLogWorker.java:startLogSegment(385)) - ca7ad779-39e3-4fe4-8465-c580c93c9c4b@group-47D1F819F9B8-SegmentedRaftLogWorker: Starting segment from index:0
2019-11-15 21:44:46,223 [EventQueue-PipelineReportForPipelineReportHandler] INFO  pipeline.PipelineReportHandler (PipelineReportHandler.java:processPipelineReport(113)) - Pipeline THREE PipelineID=07602e70-af0f-4d52-823a-018d242e8781 reported by ca7ad779-39e3-4fe4-8465-c580c93c9c4b{ip: 192.168.164.206, host: pr-hdds-2488-master-phq9t-3211896822, networkLocation: /default-rack, certSerialId: null}
2019-11-15 21:44:46,224 [ca7ad779-39e3-4fe4-8465-c580c93c9c4b@group-47D1F819F9B8-LeaderElection2] INFO  impl.RaftServerImpl (ServerState.java:setRaftConf(356)) - ca7ad779-39e3-4fe4-8465-c580c93c9c4b@group-47D1F819F9B8: set configuration 0: [ca7ad779-39e3-4fe4-8465-c580c93c9c4b:192.168.164.206:36095], old=null at 0
2019-11-15 21:44:46,237 [Thread-189] INFO  impl.FollowerState (FollowerState.java:run(111)) - 1a9b7b80-4c06-4af9-a9c0-012844bdcf6e@group-018D242E8781-FollowerState: change to CANDIDATE, lastRpcTime:5135ms, electionTimeout:5134ms
2019-11-15 21:44:46,234 [0f96ec18-ef95-4dfc-896f-f5f608d82565@group-018D242E8781-LeaderElection4] INFO  impl.LeaderElection (LeaderElection.java:askForVotes(178)) - 0f96ec18-ef95-4dfc-896f-f5f608d82565@group-018D242E8781-LeaderElection4: begin an election at term 1 for -1: [0f96ec18-ef95-4dfc-896f-f5f608d82565:192.168.164.206:40487, 1a9b7b80-4c06-4af9-a9c0-012844bdcf6e:192.168.164.206:33171, ca7ad779-39e3-4fe4-8465-c580c93c9c4b:192.168.164.206:36095], old=null
2019-11-15 21:44:46,237 [Thread-189] INFO  impl.RoleInfo (RoleInfo.java:shutdownFollowerState(121)) - 1a9b7b80-4c06-4af9-a9c0-012844bdcf6e: shutdown FollowerState
2019-11-15 21:44:46,234 [1a9b7b80-4c06-4af9-a9c0-012844bdcf6e@group-A4050522328F-LeaderElection3] INFO  impl.LeaderElection (LeaderElection.java:askForVotes(178)) - 1a9b7b80-4c06-4af9-a9c0-012844bdcf6e@group-A4050522328F-LeaderElection3: begin an election at term 1 for -1: [1a9b7b80-4c06-4af9-a9c0-012844bdcf6e:192.168.164.206:33171], old=null
2019-11-15 21:44:46,237 [Thread-189] INFO  impl.RaftServerImpl (RaftServerImpl.java:setRole(173)) - 1a9b7b80-4c06-4af9-a9c0-012844bdcf6e@group-018D242E8781: changes role from  FOLLOWER to CANDIDATE at term 0 for changeToCandidate
2019-11-15 21:44:46,237 [1a9b7b80-4c06-4af9-a9c0-012844bdcf6e@group-A4050522328F-LeaderElection3] INFO  impl.RoleInfo (RoleInfo.java:shutdownLeaderElection(134)) - 1a9b7b80-4c06-4af9-a9c0-012844bdcf6e: shutdown LeaderElection
2019-11-15 21:44:46,237 [Thread-189] INFO  impl.RoleInfo (RoleInfo.java:updateAndGet(143)) - 1a9b7b80-4c06-4af9-a9c0-012844bdcf6e: start LeaderElection
2019-11-15 21:44:46,238 [1a9b7b80-4c06-4af9-a9c0-012844bdcf6e@group-A4050522328F-LeaderElection3] INFO  impl.RaftServerImpl (RaftServerImpl.java:setRole(173)) - 1a9b7b80-4c06-4af9-a9c0-012844bdcf6e@group-A4050522328F: changes role from CANDIDATE to LEADER at term 1 for changeToLeader
2019-11-15 21:44:46,240 [1a9b7b80-4c06-4af9-a9c0-012844bdcf6e@group-A4050522328F-LeaderElection3] INFO  ratis.XceiverServerRatis (XceiverServerRatis.java:handleLeaderChangedNotification(733)) - Leader change notification received for group: group-A4050522328F with new leaderId: 1a9b7b80-4c06-4af9-a9c0-012844bdcf6e
2019-11-15 21:44:46,240 [1a9b7b80-4c06-4af9-a9c0-012844bdcf6e@group-A4050522328F-LeaderElection3] INFO  impl.RaftServerImpl (ServerState.java:setLeader(255)) - 1a9b7b80-4c06-4af9-a9c0-012844bdcf6e@group-A4050522328F: change Leader from null to 1a9b7b80-4c06-4af9-a9c0-012844bdcf6e at term 1 for becomeLeader, leader elected after 5292ms
2019-11-15 21:44:46,240 [1a9b7b80-4c06-4af9-a9c0-012844bdcf6e@group-A4050522328F-LeaderElection3] INFO  server.RaftServerConfigKeys (ConfUtils.java:logGet(43)) - raft.server.staging.catchup.gap = 1000 (default)
2019-11-15 21:44:46,241 [1a9b7b80-4c06-4af9-a9c0-012844bdcf6e@group-A4050522328F-LeaderElection3] INFO  server.RaftServerConfigKeys (ConfUtils.java:logGet(43)) - raft.server.rpc.sleep.time = 25ms (default)
2019-11-15 21:44:46,242 [1a9b7b80-4c06-4af9-a9c0-012844bdcf6e@group-A4050522328F-LeaderElection3] INFO  server.RaftServerConfigKeys (ConfUtils.java:logGet(43)) - raft.server.write.element-limit = 4096 (default)
2019-11-15 21:44:46,242 [1a9b7b80-4c06-4af9-a9c0-012844bdcf6e@group-A4050522328F-LeaderElection3] INFO  server.RaftServerConfigKeys (ConfUtils.java:logGet(43)) - raft.server.watch.timeout = 10s (default)
2019-11-15 21:44:46,242 [EventQueue-PipelineReportForPipelineReportHandler] INFO  pipeline.PipelineReportHandler (PipelineReportHandler.java:processPipelineReport(113)) - Pipeline THREE PipelineID=07602e70-af0f-4d52-823a-018d242e8781 reported by 1a9b7b80-4c06-4af9-a9c0-012844bdcf6e{ip: 192.168.164.206, host: pr-hdds-2488-master-phq9t-3211896822, networkLocation: /default-rack, certSerialId: null}
2019-11-15 21:44:46,242 [1a9b7b80-4c06-4af9-a9c0-012844bdcf6e@group-A4050522328F-LeaderElection3] INFO  server.RaftServerConfigKeys (ConfUtils.java:logGet(43)) - raft.server.watch.timeout.denomination = 1s (default)
2019-11-15 21:44:46,242 [1a9b7b80-4c06-4af9-a9c0-012844bdcf6e@group-A4050522328F-LeaderElection3] INFO  server.RaftServerConfigKeys (ConfUtils.java:logGet(43)) - raft.server.watch.element-limit = 65536 (default)
2019-11-15 21:44:46,243 [1a9b7b80-4c06-4af9-a9c0-012844bdcf6e@group-A4050522328F-LeaderElection3] INFO  impl.RoleInfo (RoleInfo.java:updateAndGet(143)) - 1a9b7b80-4c06-4af9-a9c0-012844bdcf6e: start LeaderState
2019-11-15 21:44:46,243 [1a9b7b80-4c06-4af9-a9c0-012844bdcf6e@group-A4050522328F-LeaderElection3] INFO  segmented.SegmentedRaftLogWorker (SegmentedRaftLogWorker.java:startLogSegment(385)) - 1a9b7b80-4c06-4af9-a9c0-012844bdcf6e@group-A4050522328F-SegmentedRaftLogWorker: Starting segment from index:0
2019-11-15 21:44:46,244 [1a9b7b80-4c06-4af9-a9c0-012844bdcf6e@group-A4050522328F-LeaderElection3] INFO  impl.RaftServerImpl (ServerState.java:setRaftConf(356)) - 1a9b7b80-4c06-4af9-a9c0-012844bdcf6e@group-A4050522328F: set configuration 0: [1a9b7b80-4c06-4af9-a9c0-012844bdcf6e:192.168.164.206:33171], old=null at 0
2019-11-15 21:44:46,253 [1a9b7b80-4c06-4af9-a9c0-012844bdcf6e@group-018D242E8781-LeaderElection5] INFO  impl.LeaderElection (LeaderElection.java:askForVotes(178)) - 1a9b7b80-4c06-4af9-a9c0-012844bdcf6e@group-018D242E8781-LeaderElection5: begin an election at term 1 for -1: [0f96ec18-ef95-4dfc-896f-f5f608d82565:192.168.164.206:40487, 1a9b7b80-4c06-4af9-a9c0-012844bdcf6e:192.168.164.206:33171, ca7ad779-39e3-4fe4-8465-c580c93c9c4b:192.168.164.206:36095], old=null
2019-11-15 21:44:46,272 [Thread-191] INFO  impl.FollowerState (FollowerState.java:run(111)) - ca7ad779-39e3-4fe4-8465-c580c93c9c4b@group-018D242E8781-FollowerState: change to CANDIDATE, lastRpcTime:5170ms, electionTimeout:5170ms
2019-11-15 21:44:46,273 [Thread-191] INFO  impl.RoleInfo (RoleInfo.java:shutdownFollowerState(121)) - ca7ad779-39e3-4fe4-8465-c580c93c9c4b: shutdown FollowerState
2019-11-15 21:44:46,273 [Thread-191] INFO  impl.RaftServerImpl (RaftServerImpl.java:setRole(173)) - ca7ad779-39e3-4fe4-8465-c580c93c9c4b@group-018D242E8781: changes role from  FOLLOWER to CANDIDATE at term 0 for changeToCandidate
2019-11-15 21:44:46,273 [Thread-191] INFO  impl.RoleInfo (RoleInfo.java:updateAndGet(143)) - ca7ad779-39e3-4fe4-8465-c580c93c9c4b: start LeaderElection
2019-11-15 21:44:46,287 [ca7ad779-39e3-4fe4-8465-c580c93c9c4b@group-018D242E8781-LeaderElection6] INFO  impl.LeaderElection (LeaderElection.java:askForVotes(178)) - ca7ad779-39e3-4fe4-8465-c580c93c9c4b@group-018D242E8781-LeaderElection6: begin an election at term 1 for -1: [0f96ec18-ef95-4dfc-896f-f5f608d82565:192.168.164.206:40487, 1a9b7b80-4c06-4af9-a9c0-012844bdcf6e:192.168.164.206:33171, ca7ad779-39e3-4fe4-8465-c580c93c9c4b:192.168.164.206:36095], old=null
2019-11-15 21:44:46,338 [ca7ad779-39e3-4fe4-8465-c580c93c9c4b@group-47D1F819F9B8-SegmentedRaftLogWorker] INFO  segmented.SegmentedRaftLogWorker (SegmentedRaftLogWorker.java:execute(576)) - ca7ad779-39e3-4fe4-8465-c580c93c9c4b@group-47D1F819F9B8-SegmentedRaftLogWorker: created new log segment /workdir/hadoop-ozone/tools/target/test-dir/MiniOzoneClusterImpl-7fe25af5-06e5-4291-8af4-3b47a5a06090/datanode-1/data/ratis/22bac1c2-53e0-4aef-a252-47d1f819f9b8/current/log_inprogress_0
2019-11-15 21:44:46,338 [1a9b7b80-4c06-4af9-a9c0-012844bdcf6e@group-A4050522328F-SegmentedRaftLogWorker] INFO  segmented.SegmentedRaftLogWorker (SegmentedRaftLogWorker.java:execute(576)) - 1a9b7b80-4c06-4af9-a9c0-012844bdcf6e@group-A4050522328F-SegmentedRaftLogWorker: created new log segment /workdir/hadoop-ozone/tools/target/test-dir/MiniOzoneClusterImpl-7fe25af5-06e5-4291-8af4-3b47a5a06090/datanode-0/data/ratis/f82c3ae6-6a38-4b74-b1d0-a4050522328f/current/log_inprogress_0
2019-11-15 21:44:46,338 [0f96ec18-ef95-4dfc-896f-f5f608d82565@group-42D3904966F0-SegmentedRaftLogWorker] INFO  segmented.SegmentedRaftLogWorker (SegmentedRaftLogWorker.java:execute(576)) - 0f96ec18-ef95-4dfc-896f-f5f608d82565@group-42D3904966F0-SegmentedRaftLogWorker: created new log segment /workdir/hadoop-ozone/tools/target/test-dir/MiniOzoneClusterImpl-7fe25af5-06e5-4291-8af4-3b47a5a06090/datanode-2/data/ratis/b976859f-93d2-4306-b55a-42d3904966f0/current/log_inprogress_0
2019-11-15 21:44:46,601 [1a9b7b80-4c06-4af9-a9c0-012844bdcf6e@group-018D242E8781-LeaderElection5] INFO  impl.LeaderElection (LeaderElection.java:logAndReturn(56)) - 1a9b7b80-4c06-4af9-a9c0-012844bdcf6e@group-018D242E8781-LeaderElection5: Election REJECTED; received 2 response(s) [1a9b7b80-4c06-4af9-a9c0-012844bdcf6e<-0f96ec18-ef95-4dfc-896f-f5f608d82565#0:FAIL-t1, 1a9b7b80-4c06-4af9-a9c0-012844bdcf6e<-ca7ad779-39e3-4fe4-8465-c580c93c9c4b#0:FAIL-t1] and 0 exception(s); 1a9b7b80-4c06-4af9-a9c0-012844bdcf6e@group-018D242E8781:t1, leader=null, voted=1a9b7b80-4c06-4af9-a9c0-012844bdcf6e, raftlog=1a9b7b80-4c06-4af9-a9c0-012844bdcf6e@group-018D242E8781-SegmentedRaftLog:OPENED:c-1,f-1,i0, conf=-1: [0f96ec18-ef95-4dfc-896f-f5f608d82565:192.168.164.206:40487, 1a9b7b80-4c06-4af9-a9c0-012844bdcf6e:192.168.164.206:33171, ca7ad779-39e3-4fe4-8465-c580c93c9c4b:192.168.164.206:36095], old=null
2019-11-15 21:44:46,601 [ca7ad779-39e3-4fe4-8465-c580c93c9c4b@group-018D242E8781-LeaderElection6] INFO  impl.LeaderElection (LeaderElection.java:logAndReturn(56)) - ca7ad779-39e3-4fe4-8465-c580c93c9c4b@group-018D242E8781-LeaderElection6: Election REJECTED; received 2 response(s) [ca7ad779-39e3-4fe4-8465-c580c93c9c4b<-0f96ec18-ef95-4dfc-896f-f5f608d82565#0:FAIL-t1, ca7ad779-39e3-4fe4-8465-c580c93c9c4b<-1a9b7b80-4c06-4af9-a9c0-012844bdcf6e#0:FAIL-t1] and 0 exception(s); ca7ad779-39e3-4fe4-8465-c580c93c9c4b@group-018D242E8781:t1, leader=null, voted=ca7ad779-39e3-4fe4-8465-c580c93c9c4b, raftlog=ca7ad779-39e3-4fe4-8465-c580c93c9c4b@group-018D242E8781-SegmentedRaftLog:OPENED:c-1,f-1,i0, conf=-1: [0f96ec18-ef95-4dfc-896f-f5f608d82565:192.168.164.206:40487, 1a9b7b80-4c06-4af9-a9c0-012844bdcf6e:192.168.164.206:33171, ca7ad779-39e3-4fe4-8465-c580c93c9c4b:192.168.164.206:36095], old=null
2019-11-15 21:44:46,601 [0f96ec18-ef95-4dfc-896f-f5f608d82565@group-018D242E8781-LeaderElection4] INFO  impl.LeaderElection (LeaderElection.java:logAndReturn(56)) - 0f96ec18-ef95-4dfc-896f-f5f608d82565@group-018D242E8781-LeaderElection4: Election REJECTED; received 2 response(s) [0f96ec18-ef95-4dfc-896f-f5f608d82565<-1a9b7b80-4c06-4af9-a9c0-012844bdcf6e#0:FAIL-t1, 0f96ec18-ef95-4dfc-896f-f5f608d82565<-ca7ad779-39e3-4fe4-8465-c580c93c9c4b#0:FAIL-t1] and 0 exception(s); 0f96ec18-ef95-4dfc-896f-f5f608d82565@group-018D242E8781:t1, leader=null, voted=0f96ec18-ef95-4dfc-896f-f5f608d82565, raftlog=0f96ec18-ef95-4dfc-896f-f5f608d82565@group-018D242E8781-SegmentedRaftLog:OPENED:c-1,f-1,i0, conf=-1: [0f96ec18-ef95-4dfc-896f-f5f608d82565:192.168.164.206:40487, 1a9b7b80-4c06-4af9-a9c0-012844bdcf6e:192.168.164.206:33171, ca7ad779-39e3-4fe4-8465-c580c93c9c4b:192.168.164.206:36095], old=null
2019-11-15 21:44:46,604 [ca7ad779-39e3-4fe4-8465-c580c93c9c4b@group-018D242E8781-LeaderElection6] INFO  impl.RaftServerImpl (RaftServerImpl.java:setRole(173)) - ca7ad779-39e3-4fe4-8465-c580c93c9c4b@group-018D242E8781: changes role from CANDIDATE to FOLLOWER at term 1 for DISCOVERED_A_NEW_TERM
2019-11-15 21:44:46,605 [0f96ec18-ef95-4dfc-896f-f5f608d82565@group-018D242E8781-LeaderElection4] INFO  impl.RaftServerImpl (RaftServerImpl.java:setRole(173)) - 0f96ec18-ef95-4dfc-896f-f5f608d82565@group-018D242E8781: changes role from CANDIDATE to FOLLOWER at term 1 for DISCOVERED_A_NEW_TERM
2019-11-15 21:44:46,606 [ca7ad779-39e3-4fe4-8465-c580c93c9c4b@group-018D242E8781-LeaderElection6] INFO  impl.RoleInfo (RoleInfo.java:shutdownLeaderElection(134)) - ca7ad779-39e3-4fe4-8465-c580c93c9c4b: shutdown LeaderElection
2019-11-15 21:44:46,605 [1a9b7b80-4c06-4af9-a9c0-012844bdcf6e@group-018D242E8781-LeaderElection5] INFO  impl.RaftServerImpl (RaftServerImpl.java:setRole(173)) - 1a9b7b80-4c06-4af9-a9c0-012844bdcf6e@group-018D242E8781: changes role from CANDIDATE to FOLLOWER at term 1 for DISCOVERED_A_NEW_TERM
2019-11-15 21:44:46,606 [0f96ec18-ef95-4dfc-896f-f5f608d82565@group-018D242E8781-LeaderElection4] INFO  impl.RoleInfo (RoleInfo.java:shutdownLeaderElection(134)) - 0f96ec18-ef95-4dfc-896f-f5f608d82565: shutdown LeaderElection
2019-11-15 21:44:46,607 [ca7ad779-39e3-4fe4-8465-c580c93c9c4b@group-018D242E8781-LeaderElection6] INFO  impl.RoleInfo (RoleInfo.java:updateAndGet(143)) - ca7ad779-39e3-4fe4-8465-c580c93c9c4b: start FollowerState
2019-11-15 21:44:46,606 [1a9b7b80-4c06-4af9-a9c0-012844bdcf6e@group-018D242E8781-LeaderElection5] INFO  impl.RoleInfo (RoleInfo.java:shutdownLeaderElection(134)) - 1a9b7b80-4c06-4af9-a9c0-012844bdcf6e: shutdown LeaderElection
2019-11-15 21:44:46,607 [0f96ec18-ef95-4dfc-896f-f5f608d82565@group-018D242E8781-LeaderElection4] INFO  impl.RoleInfo (RoleInfo.java:updateAndGet(143)) - 0f96ec18-ef95-4dfc-896f-f5f608d82565: start FollowerState
2019-11-15 21:44:46,607 [1a9b7b80-4c06-4af9-a9c0-012844bdcf6e@group-018D242E8781-LeaderElection5] INFO  impl.RoleInfo (RoleInfo.java:updateAndGet(143)) - 1a9b7b80-4c06-4af9-a9c0-012844bdcf6e: start FollowerState
2019-11-15 21:44:47,023 [main] INFO  ozone.MiniOzoneClusterImpl (MiniOzoneClusterImpl.java:lambda$waitForClusterToBeReady$0(150)) - Nodes are ready. Got 3 of 3 DN Heartbeats.
2019-11-15 21:44:47,024 [main] INFO  ozone.MiniOzoneClusterImpl (MiniOzoneClusterImpl.java:lambda$waitForClusterToBeReady$0(153)) - Waiting for cluster to exit safe mode
2019-11-15 21:44:48,024 [main] INFO  ozone.MiniOzoneClusterImpl (MiniOzoneClusterImpl.java:lambda$waitForClusterToBeReady$0(150)) - Nodes are ready. Got 3 of 3 DN Heartbeats.
2019-11-15 21:44:48,025 [main] INFO  ozone.MiniOzoneClusterImpl (MiniOzoneClusterImpl.java:lambda$waitForClusterToBeReady$0(153)) - Waiting for cluster to exit safe mode
2019-11-15 21:44:49,025 [main] INFO  ozone.MiniOzoneClusterImpl (MiniOzoneClusterImpl.java:lambda$waitForClusterToBeReady$0(150)) - Nodes are ready. Got 3 of 3 DN Heartbeats.
2019-11-15 21:44:49,025 [main] INFO  ozone.MiniOzoneClusterImpl (MiniOzoneClusterImpl.java:lambda$waitForClusterToBeReady$0(153)) - Waiting for cluster to exit safe mode
2019-11-15 21:44:50,026 [main] INFO  ozone.MiniOzoneClusterImpl (MiniOzoneClusterImpl.java:lambda$waitForClusterToBeReady$0(150)) - Nodes are ready. Got 3 of 3 DN Heartbeats.
2019-11-15 21:44:50,026 [main] INFO  ozone.MiniOzoneClusterImpl (MiniOzoneClusterImpl.java:lambda$waitForClusterToBeReady$0(153)) - Waiting for cluster to exit safe mode
2019-11-15 21:44:51,026 [main] INFO  ozone.MiniOzoneClusterImpl (MiniOzoneClusterImpl.java:lambda$waitForClusterToBeReady$0(150)) - Nodes are ready. Got 3 of 3 DN Heartbeats.
2019-11-15 21:44:51,027 [main] INFO  ozone.MiniOzoneClusterImpl (MiniOzoneClusterImpl.java:lambda$waitForClusterToBeReady$0(153)) - Waiting for cluster to exit safe mode
2019-11-15 21:44:51,729 [Thread-207] INFO  impl.FollowerState (FollowerState.java:run(111)) - ca7ad779-39e3-4fe4-8465-c580c93c9c4b@group-018D242E8781-FollowerState: change to CANDIDATE, lastRpcTime:5122ms, electionTimeout:5122ms
2019-11-15 21:44:51,729 [Thread-207] INFO  impl.RoleInfo (RoleInfo.java:shutdownFollowerState(121)) - ca7ad779-39e3-4fe4-8465-c580c93c9c4b: shutdown FollowerState
2019-11-15 21:44:51,730 [Thread-207] INFO  impl.RaftServerImpl (RaftServerImpl.java:setRole(173)) - ca7ad779-39e3-4fe4-8465-c580c93c9c4b@group-018D242E8781: changes role from  FOLLOWER to CANDIDATE at term 1 for changeToCandidate
2019-11-15 21:44:51,730 [Thread-207] INFO  impl.RoleInfo (RoleInfo.java:updateAndGet(143)) - ca7ad779-39e3-4fe4-8465-c580c93c9c4b: start LeaderElection
2019-11-15 21:44:51,744 [ca7ad779-39e3-4fe4-8465-c580c93c9c4b@group-018D242E8781-LeaderElection7] INFO  impl.LeaderElection (LeaderElection.java:askForVotes(178)) - ca7ad779-39e3-4fe4-8465-c580c93c9c4b@group-018D242E8781-LeaderElection7: begin an election at term 2 for -1: [0f96ec18-ef95-4dfc-896f-f5f608d82565:192.168.164.206:40487, 1a9b7b80-4c06-4af9-a9c0-012844bdcf6e:192.168.164.206:33171, ca7ad779-39e3-4fe4-8465-c580c93c9c4b:192.168.164.206:36095], old=null
2019-11-15 21:44:51,753 [grpc-default-executor-2] INFO  impl.RaftServerImpl (RaftServerImpl.java:setRole(173)) - 1a9b7b80-4c06-4af9-a9c0-012844bdcf6e@group-018D242E8781: changes role from  FOLLOWER to FOLLOWER at term 2 for recognizeCandidate:ca7ad779-39e3-4fe4-8465-c580c93c9c4b
2019-11-15 21:44:51,753 [grpc-default-executor-1] INFO  impl.RaftServerImpl (RaftServerImpl.java:setRole(173)) - 0f96ec18-ef95-4dfc-896f-f5f608d82565@group-018D242E8781: changes role from  FOLLOWER to FOLLOWER at term 2 for recognizeCandidate:ca7ad779-39e3-4fe4-8465-c580c93c9c4b
2019-11-15 21:44:51,753 [grpc-default-executor-2] INFO  impl.RoleInfo (RoleInfo.java:shutdownFollowerState(121)) - 1a9b7b80-4c06-4af9-a9c0-012844bdcf6e: shutdown FollowerState
2019-11-15 21:44:51,753 [grpc-default-executor-1] INFO  impl.RoleInfo (RoleInfo.java:shutdownFollowerState(121)) - 0f96ec18-ef95-4dfc-896f-f5f608d82565: shutdown FollowerState
2019-11-15 21:44:51,753 [Thread-209] INFO  impl.FollowerState (FollowerState.java:run(120)) - 1a9b7b80-4c06-4af9-a9c0-012844bdcf6e@group-018D242E8781-FollowerState was interrupted: java.lang.InterruptedException: sleep interrupted
2019-11-15 21:44:51,754 [Thread-208] INFO  impl.FollowerState (FollowerState.java:run(120)) - 0f96ec18-ef95-4dfc-896f-f5f608d82565@group-018D242E8781-FollowerState was interrupted: java.lang.InterruptedException: sleep interrupted
2019-11-15 21:44:51,753 [grpc-default-executor-2] INFO  impl.RoleInfo (RoleInfo.java:updateAndGet(143)) - 1a9b7b80-4c06-4af9-a9c0-012844bdcf6e: start FollowerState
2019-11-15 21:44:51,754 [grpc-default-executor-1] INFO  impl.RoleInfo (RoleInfo.java:updateAndGet(143)) - 0f96ec18-ef95-4dfc-896f-f5f608d82565: start FollowerState
2019-11-15 21:44:51,786 [ca7ad779-39e3-4fe4-8465-c580c93c9c4b@group-018D242E8781-LeaderElection7] INFO  impl.LeaderElection (LeaderElection.java:logAndReturn(56)) - ca7ad779-39e3-4fe4-8465-c580c93c9c4b@group-018D242E8781-LeaderElection7: Election PASSED; received 1 response(s) [ca7ad779-39e3-4fe4-8465-c580c93c9c4b<-1a9b7b80-4c06-4af9-a9c0-012844bdcf6e#0:OK-t2] and 0 exception(s); ca7ad779-39e3-4fe4-8465-c580c93c9c4b@group-018D242E8781:t2, leader=null, voted=ca7ad779-39e3-4fe4-8465-c580c93c9c4b, raftlog=ca7ad779-39e3-4fe4-8465-c580c93c9c4b@group-018D242E8781-SegmentedRaftLog:OPENED:c-1,f-1,i0, conf=-1: [0f96ec18-ef95-4dfc-896f-f5f608d82565:192.168.164.206:40487, 1a9b7b80-4c06-4af9-a9c0-012844bdcf6e:192.168.164.206:33171, ca7ad779-39e3-4fe4-8465-c580c93c9c4b:192.168.164.206:36095], old=null
2019-11-15 21:44:51,788 [ca7ad779-39e3-4fe4-8465-c580c93c9c4b@group-018D242E8781-LeaderElection7] INFO  impl.RoleInfo (RoleInfo.java:shutdownLeaderElection(134)) - ca7ad779-39e3-4fe4-8465-c580c93c9c4b: shutdown LeaderElection
2019-11-15 21:44:51,789 [ca7ad779-39e3-4fe4-8465-c580c93c9c4b@group-018D242E8781-LeaderElection7] INFO  impl.RaftServerImpl (RaftServerImpl.java:setRole(173)) - ca7ad779-39e3-4fe4-8465-c580c93c9c4b@group-018D242E8781: changes role from CANDIDATE to LEADER at term 2 for changeToLeader
2019-11-15 21:44:51,789 [ca7ad779-39e3-4fe4-8465-c580c93c9c4b@group-018D242E8781-LeaderElection7] INFO  ratis.XceiverServerRatis (XceiverServerRatis.java:handleLeaderChangedNotification(733)) - Leader change notification received for group: group-018D242E8781 with new leaderId: ca7ad779-39e3-4fe4-8465-c580c93c9c4b
2019-11-15 21:44:51,790 [ca7ad779-39e3-4fe4-8465-c580c93c9c4b@group-018D242E8781-LeaderElection7] INFO  impl.RaftServerImpl (ServerState.java:setLeader(255)) - ca7ad779-39e3-4fe4-8465-c580c93c9c4b@group-018D242E8781: change Leader from null to ca7ad779-39e3-4fe4-8465-c580c93c9c4b at term 2 for becomeLeader, leader elected after 10695ms
2019-11-15 21:44:51,791 [ca7ad779-39e3-4fe4-8465-c580c93c9c4b@group-018D242E8781-LeaderElection7] INFO  server.RaftServerConfigKeys (ConfUtils.java:logGet(43)) - raft.server.staging.catchup.gap = 1000 (default)
2019-11-15 21:44:51,791 [ca7ad779-39e3-4fe4-8465-c580c93c9c4b@group-018D242E8781-LeaderElection7] INFO  server.RaftServerConfigKeys (ConfUtils.java:logGet(43)) - raft.server.rpc.sleep.time = 25ms (default)
2019-11-15 21:44:51,792 [ca7ad779-39e3-4fe4-8465-c580c93c9c4b@group-018D242E8781-LeaderElection7] INFO  server.RaftServerConfigKeys (ConfUtils.java:logGet(43)) - raft.server.write.element-limit = 4096 (default)
2019-11-15 21:44:51,792 [ca7ad779-39e3-4fe4-8465-c580c93c9c4b@group-018D242E8781-LeaderElection7] INFO  server.RaftServerConfigKeys (ConfUtils.java:logGet(43)) - raft.server.watch.timeout = 10s (default)
2019-11-15 21:44:51,792 [ca7ad779-39e3-4fe4-8465-c580c93c9c4b@group-018D242E8781-LeaderElection7] INFO  server.RaftServerConfigKeys (ConfUtils.java:logGet(43)) - raft.server.watch.timeout.denomination = 1s (default)
2019-11-15 21:44:51,793 [ca7ad779-39e3-4fe4-8465-c580c93c9c4b@group-018D242E8781-LeaderElection7] INFO  server.RaftServerConfigKeys (ConfUtils.java:logGet(43)) - raft.server.watch.element-limit = 65536 (default)
2019-11-15 21:44:51,795 [EventQueue-PipelineReportForPipelineReportHandler] INFO  pipeline.PipelineReportHandler (PipelineReportHandler.java:processPipelineReport(113)) - Pipeline THREE PipelineID=07602e70-af0f-4d52-823a-018d242e8781 reported by ca7ad779-39e3-4fe4-8465-c580c93c9c4b{ip: 192.168.164.206, host: pr-hdds-2488-master-phq9t-3211896822, networkLocation: /default-rack, certSerialId: null}
2019-11-15 21:44:51,797 [EventQueue-PipelineReportForPipelineReportHandler] INFO  pipeline.PipelineStateManager (PipelineStateManager.java:openPipeline(132)) - Pipeline Pipeline[ Id: 07602e70-af0f-4d52-823a-018d242e8781, Nodes: 0f96ec18-ef95-4dfc-896f-f5f608d82565{ip: 192.168.164.206, host: pr-hdds-2488-master-phq9t-3211896822, networkLocation: /default-rack, certSerialId: null}ca7ad779-39e3-4fe4-8465-c580c93c9c4b{ip: 192.168.164.206, host: pr-hdds-2488-master-phq9t-3211896822, networkLocation: /default-rack, certSerialId: null}1a9b7b80-4c06-4af9-a9c0-012844bdcf6e{ip: 192.168.164.206, host: pr-hdds-2488-master-phq9t-3211896822, networkLocation: /default-rack, certSerialId: null}, Type:RATIS, Factor:THREE, State:ALLOCATED] moved to OPEN state
2019-11-15 21:44:51,797 [EventQueue-OpenPipelineForOneReplicaPipelineSafeModeRule] INFO  safemode.SCMSafeModeManager (SCMSafeModeManager.java:validateSafeModeExitRules(176)) - AtleastOneDatanodeReportedRule rule is successfully validated
2019-11-15 21:44:51,798 [EventQueue-OpenPipelineForHealthyPipelineSafeModeRule] INFO  safemode.SCMSafeModeManager (HealthyPipelineSafeModeRule.java:process(132)) - SCM in safe mode. Healthy pipelines reported count is 1, required healthy pipeline reported count is 1
2019-11-15 21:44:51,799 [EventQueue-OpenPipelineForHealthyPipelineSafeModeRule] INFO  safemode.SCMSafeModeManager (SCMSafeModeManager.java:validateSafeModeExitRules(176)) - HealthyPipelineSafeModeRule rule is successfully validated
2019-11-15 21:44:51,799 [EventQueue-OpenPipelineForHealthyPipelineSafeModeRule] INFO  safemode.SCMSafeModeManager (SCMSafeModeManager.java:validateSafeModeExitRules(185)) - ScmSafeModeManager, all rules are successfully validated
2019-11-15 21:44:51,799 [EventQueue-OpenPipelineForHealthyPipelineSafeModeRule] INFO  safemode.SCMSafeModeManager (SCMSafeModeManager.java:exitSafeMode(201)) - SCM exiting safe mode.
2019-11-15 21:44:51,805 [ca7ad779-39e3-4fe4-8465-c580c93c9c4b@group-018D242E8781-LeaderElection7] INFO  server.RaftServerConfigKeys (ConfUtils.java:logGet(43)) - raft.server.log.appender.snapshot.chunk.size.max = 16MB (=16777216) (default)
2019-11-15 21:44:51,805 [ca7ad779-39e3-4fe4-8465-c580c93c9c4b@group-018D242E8781-LeaderElection7] INFO  server.RaftServerConfigKeys (ConfUtils.java:logGet(43)) - raft.server.log.appender.buffer.byte-limit = 33554432 (custom)
2019-11-15 21:44:51,806 [ca7ad779-39e3-4fe4-8465-c580c93c9c4b@group-018D242E8781-LeaderElection7] INFO  server.RaftServerConfigKeys (ConfUtils.java:logGet(43)) - raft.server.log.appender.buffer.element-limit = 1 (custom)
2019-11-15 21:44:51,815 [ca7ad779-39e3-4fe4-8465-c580c93c9c4b@group-018D242E8781-LeaderElection7] INFO  grpc.GrpcConfigKeys$Server (ConfUtils.java:logGet(43)) - raft.grpc.server.leader.outstanding.appends.max = 128 (default)
2019-11-15 21:44:51,815 [ca7ad779-39e3-4fe4-8465-c580c93c9c4b@group-018D242E8781-LeaderElection7] INFO  server.RaftServerConfigKeys (ConfUtils.java:logGet(43)) - raft.server.rpc.request.timeout = 3000ms (default)
2019-11-15 21:44:51,815 [ca7ad779-39e3-4fe4-8465-c580c93c9c4b@group-018D242E8781-LeaderElection7] INFO  server.RaftServerConfigKeys (ConfUtils.java:logGet(43)) - raft.server.log.appender.install.snapshot.enabled = false (custom)
2019-11-15 21:44:51,817 [ca7ad779-39e3-4fe4-8465-c580c93c9c4b@group-018D242E8781-LeaderElection7] WARN  impl.MetricRegistriesImpl (MetricRegistriesImpl.java:lambda$create$1(61)) - First MetricRegistry has been created without registering reporters. You may need to call MetricRegistries.global().addReportRegistration(...) before.
2019-11-15 21:44:51,818 [ca7ad779-39e3-4fe4-8465-c580c93c9c4b@group-018D242E8781-LeaderElection7] INFO  server.RaftServerConfigKeys (ConfUtils.java:logGet(43)) - raft.server.log.appender.snapshot.chunk.size.max = 16MB (=16777216) (default)
2019-11-15 21:44:51,819 [ca7ad779-39e3-4fe4-8465-c580c93c9c4b@group-018D242E8781-LeaderElection7] INFO  server.RaftServerConfigKeys (ConfUtils.java:logGet(43)) - raft.server.log.appender.buffer.byte-limit = 33554432 (custom)
2019-11-15 21:44:51,819 [ca7ad779-39e3-4fe4-8465-c580c93c9c4b@group-018D242E8781-LeaderElection7] INFO  server.RaftServerConfigKeys (ConfUtils.java:logGet(43)) - raft.server.log.appender.buffer.element-limit = 1 (custom)
2019-11-15 21:44:51,819 [ca7ad779-39e3-4fe4-8465-c580c93c9c4b@group-018D242E8781-LeaderElection7] INFO  grpc.GrpcConfigKeys$Server (ConfUtils.java:logGet(43)) - raft.grpc.server.leader.outstanding.appends.max = 128 (default)
2019-11-15 21:44:51,819 [ca7ad779-39e3-4fe4-8465-c580c93c9c4b@group-018D242E8781-LeaderElection7] INFO  server.RaftServerConfigKeys (ConfUtils.java:logGet(43)) - raft.server.rpc.request.timeout = 3000ms (default)
2019-11-15 21:44:51,819 [ca7ad779-39e3-4fe4-8465-c580c93c9c4b@group-018D242E8781-LeaderElection7] INFO  server.RaftServerConfigKeys (ConfUtils.java:logGet(43)) - raft.server.log.appender.install.snapshot.enabled = false (custom)
2019-11-15 21:44:51,824 [ca7ad779-39e3-4fe4-8465-c580c93c9c4b@group-018D242E8781-LeaderElection7] INFO  impl.RoleInfo (RoleInfo.java:updateAndGet(143)) - ca7ad779-39e3-4fe4-8465-c580c93c9c4b: start LeaderState
2019-11-15 21:44:51,824 [ca7ad779-39e3-4fe4-8465-c580c93c9c4b@group-018D242E8781-LeaderElection7] INFO  segmented.SegmentedRaftLogWorker (SegmentedRaftLogWorker.java:startLogSegment(385)) - ca7ad779-39e3-4fe4-8465-c580c93c9c4b@group-018D242E8781-SegmentedRaftLogWorker: Starting segment from index:0
2019-11-15 21:44:51,825 [ca7ad779-39e3-4fe4-8465-c580c93c9c4b@group-018D242E8781-LeaderElection7] INFO  impl.RaftServerImpl (ServerState.java:setRaftConf(356)) - ca7ad779-39e3-4fe4-8465-c580c93c9c4b@group-018D242E8781: set configuration 0: [0f96ec18-ef95-4dfc-896f-f5f608d82565:192.168.164.206:40487, 1a9b7b80-4c06-4af9-a9c0-012844bdcf6e:192.168.164.206:33171, ca7ad779-39e3-4fe4-8465-c580c93c9c4b:192.168.164.206:36095], old=null at 0
2019-11-15 21:44:51,867 [ca7ad779-39e3-4fe4-8465-c580c93c9c4b@group-018D242E8781-SegmentedRaftLogWorker] INFO  segmented.SegmentedRaftLogWorker (SegmentedRaftLogWorker.java:execute(576)) - ca7ad779-39e3-4fe4-8465-c580c93c9c4b@group-018D242E8781-SegmentedRaftLogWorker: created new log segment /workdir/hadoop-ozone/tools/target/test-dir/MiniOzoneClusterImpl-7fe25af5-06e5-4291-8af4-3b47a5a06090/datanode-1/data/ratis/07602e70-af0f-4d52-823a-018d242e8781/current/log_inprogress_0
2019-11-15 21:44:51,888 [grpc-default-executor-2] INFO  ratis.XceiverServerRatis (XceiverServerRatis.java:handleLeaderChangedNotification(733)) - Leader change notification received for group: group-018D242E8781 with new leaderId: ca7ad779-39e3-4fe4-8465-c580c93c9c4b
2019-11-15 21:44:51,888 [grpc-default-executor-1] INFO  ratis.XceiverServerRatis (XceiverServerRatis.java:handleLeaderChangedNotification(733)) - Leader change notification received for group: group-018D242E8781 with new leaderId: ca7ad779-39e3-4fe4-8465-c580c93c9c4b
2019-11-15 21:44:51,889 [grpc-default-executor-2] INFO  impl.RaftServerImpl (ServerState.java:setLeader(255)) - 1a9b7b80-4c06-4af9-a9c0-012844bdcf6e@group-018D242E8781: change Leader from null to ca7ad779-39e3-4fe4-8465-c580c93c9c4b at term 2 for appendEntries, leader elected after 10794ms
2019-11-15 21:44:51,889 [grpc-default-executor-1] INFO  impl.RaftServerImpl (ServerState.java:setLeader(255)) - 0f96ec18-ef95-4dfc-896f-f5f608d82565@group-018D242E8781: change Leader from null to ca7ad779-39e3-4fe4-8465-c580c93c9c4b at term 2 for appendEntries, leader elected after 10794ms
2019-11-15 21:44:51,918 [grpc-default-executor-1] INFO  impl.RaftServerImpl (ServerState.java:setRaftConf(356)) - 0f96ec18-ef95-4dfc-896f-f5f608d82565@group-018D242E8781: set configuration 0: [0f96ec18-ef95-4dfc-896f-f5f608d82565:192.168.164.206:40487, 1a9b7b80-4c06-4af9-a9c0-012844bdcf6e:192.168.164.206:33171, ca7ad779-39e3-4fe4-8465-c580c93c9c4b:192.168.164.206:36095], old=null at 0
2019-11-15 21:44:51,918 [grpc-default-executor-2] INFO  impl.RaftServerImpl (ServerState.java:setRaftConf(356)) - 1a9b7b80-4c06-4af9-a9c0-012844bdcf6e@group-018D242E8781: set configuration 0: [0f96ec18-ef95-4dfc-896f-f5f608d82565:192.168.164.206:40487, 1a9b7b80-4c06-4af9-a9c0-012844bdcf6e:192.168.164.206:33171, ca7ad779-39e3-4fe4-8465-c580c93c9c4b:192.168.164.206:36095], old=null at 0
2019-11-15 21:44:51,918 [grpc-default-executor-1] INFO  segmented.SegmentedRaftLogWorker (SegmentedRaftLogWorker.java:startLogSegment(385)) - 0f96ec18-ef95-4dfc-896f-f5f608d82565@group-018D242E8781-SegmentedRaftLogWorker: Starting segment from index:0
2019-11-15 21:44:51,918 [grpc-default-executor-2] INFO  segmented.SegmentedRaftLogWorker (SegmentedRaftLogWorker.java:startLogSegment(385)) - 1a9b7b80-4c06-4af9-a9c0-012844bdcf6e@group-018D242E8781-SegmentedRaftLogWorker: Starting segment from index:0
2019-11-15 21:44:51,955 [1a9b7b80-4c06-4af9-a9c0-012844bdcf6e@group-018D242E8781-SegmentedRaftLogWorker] INFO  segmented.SegmentedRaftLogWorker (SegmentedRaftLogWorker.java:execute(576)) - 1a9b7b80-4c06-4af9-a9c0-012844bdcf6e@group-018D242E8781-SegmentedRaftLogWorker: created new log segment /workdir/hadoop-ozone/tools/target/test-dir/MiniOzoneClusterImpl-7fe25af5-06e5-4291-8af4-3b47a5a06090/datanode-0/data/ratis/07602e70-af0f-4d52-823a-018d242e8781/current/log_inprogress_0
2019-11-15 21:44:51,955 [0f96ec18-ef95-4dfc-896f-f5f608d82565@group-018D242E8781-SegmentedRaftLogWorker] INFO  segmented.SegmentedRaftLogWorker (SegmentedRaftLogWorker.java:execute(576)) - 0f96ec18-ef95-4dfc-896f-f5f608d82565@group-018D242E8781-SegmentedRaftLogWorker: created new log segment /workdir/hadoop-ozone/tools/target/test-dir/MiniOzoneClusterImpl-7fe25af5-06e5-4291-8af4-3b47a5a06090/datanode-2/data/ratis/07602e70-af0f-4d52-823a-018d242e8781/current/log_inprogress_0
2019-11-15 21:44:52,027 [main] INFO  ozone.MiniOzoneClusterImpl (MiniOzoneClusterImpl.java:lambda$waitForClusterToBeReady$0(150)) - Nodes are ready. Got 3 of 3 DN Heartbeats.
2019-11-15 21:44:52,027 [main] INFO  ozone.MiniOzoneClusterImpl (MiniOzoneClusterImpl.java:lambda$waitForClusterToBeReady$0(153)) - Cluster exits safe mode
2019-11-15 21:44:52,792 [main] INFO  freon.RandomKeyGenerator (RandomKeyGenerator.java:call(283)) - Number of Threads: 10
2019-11-15 21:44:52,792 [main] INFO  freon.RandomKeyGenerator (RandomKeyGenerator.java:call(288)) - Number of Volumes: 1.
2019-11-15 21:44:52,793 [main] INFO  freon.RandomKeyGenerator (RandomKeyGenerator.java:call(289)) - Number of Buckets per Volume: 1.
2019-11-15 21:44:52,793 [main] INFO  freon.RandomKeyGenerator (RandomKeyGenerator.java:call(290)) - Number of Keys per Bucket: 1.
2019-11-15 21:44:52,793 [main] INFO  freon.RandomKeyGenerator (RandomKeyGenerator.java:call(291)) - Key size: 20971520 bytes
2019-11-15 21:44:52,793 [main] INFO  freon.RandomKeyGenerator (RandomKeyGenerator.java:call(292)) - Buffer size: 4096 bytes
2019-11-15 21:44:52,793 [main] INFO  freon.RandomKeyGenerator (RandomKeyGenerator.java:call(293)) - validateWrites : true
2019-11-15 21:44:52,796 [main] INFO  freon.RandomKeyGenerator (RandomKeyGenerator.java:call(307)) - Data validation is enabled.
2019-11-15 21:44:52,797 [main] INFO  freon.RandomKeyGenerator (RandomKeyGenerator.java:call(313)) - Starting progress bar Thread.

 0.00% |?                                                                                                    |  0/1 Time: 0:00:002019-11-15 21:44:52,820 [pool-53-thread-1] INFO  rpc.RpcClient (RpcClient.java:createVolume(292)) - Creating Volume: vol-0-88100, with jenkins1000 as owner.
2019-11-15 21:44:52,862 [IPC Server handler 3 on 36433] INFO  volume.OMVolumeCreateRequest (OMVolumeCreateRequest.java:validateAndUpdateCache(193)) - created volume:vol-0-88100 for user:jenkins1000
2019-11-15 21:44:52,899 [pool-53-thread-2] INFO  rpc.RpcClient (RpcClient.java:createBucket(431)) - Creating Bucket: vol-0-88100/bucket-0-97243, with Versioning false and Storage Type set to DISK and Encryption set to false 
2019-11-15 21:44:53,057 [pool-53-thread-3] INFO  impl.MetricsSystemImpl (MetricsSystemImpl.java:init(158)) - XceiverClientMetrics metrics system started (again)
 0.00% |?                                                                                                    |  0/1 Time: 0:00:01 100.00% |?????????????????????????????????????????????????????????????????????????????????????????????????????|  1/1 Time: 0:00:02
2019-11-15 21:44:54,805 [Thread-217] INFO  container.ReplicationManager (ReplicationManager.java:start(162)) - Starting Replication Monitor Thread.
2019-11-15 21:44:54,806 [ReplicationMonitor] INFO  container.ReplicationManager (ReplicationManager.java:run(225)) - Replication Monitor Thread took 0 milliseconds for processing 3 containers.
2019-11-15 21:44:59,893 [main] INFO  pipeline.SCMPipelineManager (SCMPipelineManager.java:finalizeAndDestroyPipeline(333)) - destroying pipeline:Pipeline[ Id: 07602e70-af0f-4d52-823a-018d242e8781, Nodes: 0f96ec18-ef95-4dfc-896f-f5f608d82565{ip: 192.168.164.206, host: pr-hdds-2488-master-phq9t-3211896822, networkLocation: /default-rack, certSerialId: null}ca7ad779-39e3-4fe4-8465-c580c93c9c4b{ip: 192.168.164.206, host: pr-hdds-2488-master-phq9t-3211896822, networkLocation: /default-rack, certSerialId: null}1a9b7b80-4c06-4af9-a9c0-012844bdcf6e{ip: 192.168.164.206, host: pr-hdds-2488-master-phq9t-3211896822, networkLocation: /default-rack, certSerialId: null}, Type:RATIS, Factor:THREE, State:OPEN]
2019-11-15 21:44:59,894 [main] INFO  pipeline.PipelineStateManager (PipelineStateManager.java:finalizePipeline(121)) - Pipeline Pipeline[ Id: 07602e70-af0f-4d52-823a-018d242e8781, Nodes: 0f96ec18-ef95-4dfc-896f-f5f608d82565{ip: 192.168.164.206, host: pr-hdds-2488-master-phq9t-3211896822, networkLocation: /default-rack, certSerialId: null}ca7ad779-39e3-4fe4-8465-c580c93c9c4b{ip: 192.168.164.206, host: pr-hdds-2488-master-phq9t-3211896822, networkLocation: /default-rack, certSerialId: null}1a9b7b80-4c06-4af9-a9c0-012844bdcf6e{ip: 192.168.164.206, host: pr-hdds-2488-master-phq9t-3211896822, networkLocation: /default-rack, certSerialId: null}, Type:RATIS, Factor:THREE, State:CLOSED] moved to CLOSED state
2019-11-15 21:44:59,895 [EventQueue-CloseContainerForCloseContainerEventHandler] INFO  container.CloseContainerEventHandler (CloseContainerEventHandler.java:onMessage(61)) - Close container Event triggered for container : #1
2019-11-15 21:44:59,896 [main] INFO  pipeline.RatisPipelineProvider (RatisPipelineProvider.java:lambda$close$5(207)) - Send pipeline:PipelineID=07602e70-af0f-4d52-823a-018d242e8781 close command to datanode 0f96ec18-ef95-4dfc-896f-f5f608d82565
2019-11-15 21:44:59,897 [main] INFO  pipeline.RatisPipelineProvider (RatisPipelineProvider.java:lambda$close$5(207)) - Send pipeline:PipelineID=07602e70-af0f-4d52-823a-018d242e8781 close command to datanode ca7ad779-39e3-4fe4-8465-c580c93c9c4b
2019-11-15 21:44:59,897 [EventQueue-CloseContainerForCloseContainerEventHandler] INFO  container.CloseContainerEventHandler (CloseContainerEventHandler.java:onMessage(61)) - Close container Event triggered for container : #2
2019-11-15 21:44:59,897 [main] INFO  pipeline.RatisPipelineProvider (RatisPipelineProvider.java:lambda$close$5(207)) - Send pipeline:PipelineID=07602e70-af0f-4d52-823a-018d242e8781 close command to datanode 1a9b7b80-4c06-4af9-a9c0-012844bdcf6e
2019-11-15 21:44:59,897 [EventQueue-CloseContainerForCloseContainerEventHandler] INFO  container.CloseContainerEventHandler (CloseContainerEventHandler.java:onMessage(61)) - Close container Event triggered for container : #3
2019-11-15 21:44:59,898 [main] INFO  pipeline.PipelineStateManager (PipelineStateManager.java:removePipeline(106)) - Pipeline Pipeline[ Id: 07602e70-af0f-4d52-823a-018d242e8781, Nodes: 0f96ec18-ef95-4dfc-896f-f5f608d82565{ip: 192.168.164.206, host: pr-hdds-2488-master-phq9t-3211896822, networkLocation: /default-rack, certSerialId: null}ca7ad779-39e3-4fe4-8465-c580c93c9c4b{ip: 192.168.164.206, host: pr-hdds-2488-master-phq9t-3211896822, networkLocation: /default-rack, certSerialId: null}1a9b7b80-4c06-4af9-a9c0-012844bdcf6e{ip: 192.168.164.206, host: pr-hdds-2488-master-phq9t-3211896822, networkLocation: /default-rack, certSerialId: null}, Type:RATIS, Factor:THREE, State:CLOSED] removed from db
2019-11-15 21:44:59,900 [RatisPipelineUtilsThread] INFO  pipeline.RatisPipelineProvider (RatisPipelineProvider.java:lambda$create$4(163)) - Send pipeline:PipelineID=efbd1fbd-2b36-4e6a-aa7d-3b89f53e9a29 create command to datanode 0f96ec18-ef95-4dfc-896f-f5f608d82565
2019-11-15 21:44:59,900 [RatisPipelineUtilsThread] INFO  pipeline.RatisPipelineProvider (RatisPipelineProvider.java:lambda$create$4(163)) - Send pipeline:PipelineID=efbd1fbd-2b36-4e6a-aa7d-3b89f53e9a29 create command to datanode ca7ad779-39e3-4fe4-8465-c580c93c9c4b
2019-11-15 21:44:59,900 [RatisPipelineUtilsThread] INFO  pipeline.RatisPipelineProvider (RatisPipelineProvider.java:lambda$create$4(163)) - Send pipeline:PipelineID=efbd1fbd-2b36-4e6a-aa7d-3b89f53e9a29 create command to datanode 1a9b7b80-4c06-4af9-a9c0-012844bdcf6e
2019-11-15 21:44:59,900 [EventQueue-CloseContainerForCloseContainerEventHandler] ERROR container.CloseContainerEventHandler (CloseContainerEventHandler.java:onMessage(89)) - Failed to close the container #3.
org.apache.hadoop.hdds.scm.pipeline.PipelineNotFoundException: PipelineID=07602e70-af0f-4d52-823a-018d242e8781 not found
	at org.apache.hadoop.hdds.scm.pipeline.PipelineStateMap.removeContainerFromPipeline(PipelineStateMap.java:351)
	at org.apache.hadoop.hdds.scm.pipeline.PipelineStateManager.removeContainerFromPipeline(PipelineStateManager.java:112)
	at org.apache.hadoop.hdds.scm.pipeline.SCMPipelineManager.removeContainerFromPipeline(SCMPipelineManager.java:286)
	at org.apache.hadoop.hdds.scm.container.SCMContainerManager.updateContainerState(SCMContainerManager.java:331)
	at org.apache.hadoop.hdds.scm.container.CloseContainerEventHandler.onMessage(CloseContainerEventHandler.java:66)
	at org.apache.hadoop.hdds.scm.container.CloseContainerEventHandler.onMessage(CloseContainerEventHandler.java:45)
	at org.apache.hadoop.hdds.server.events.SingleThreadExecutor.lambda$onMessage$1(SingleThreadExecutor.java:85)
	at java.util.concurrent.ThreadPoolExecutor.runWorker(ThreadPoolExecutor.java:1149)
	at java.util.concurrent.ThreadPoolExecutor$Worker.run(ThreadPoolExecutor.java:624)
	at java.lang.Thread.run(Thread.java:748)
2019-11-15 21:44:59,901 [RatisPipelineUtilsThread] INFO  pipeline.PipelineStateManager (PipelineStateManager.java:addPipeline(55)) - Created pipeline Pipeline[ Id: efbd1fbd-2b36-4e6a-aa7d-3b89f53e9a29, Nodes: 0f96ec18-ef95-4dfc-896f-f5f608d82565{ip: 192.168.164.206, host: pr-hdds-2488-master-phq9t-3211896822, networkLocation: /default-rack, certSerialId: null}ca7ad779-39e3-4fe4-8465-c580c93c9c4b{ip: 192.168.164.206, host: pr-hdds-2488-master-phq9t-3211896822, networkLocation: /default-rack, certSerialId: null}1a9b7b80-4c06-4af9-a9c0-012844bdcf6e{ip: 192.168.164.206, host: pr-hdds-2488-master-phq9t-3211896822, networkLocation: /default-rack, certSerialId: null}, Type:RATIS, Factor:THREE, State:ALLOCATED]
2019-11-15 21:44:59,985 [main] INFO  freon.RandomKeyGenerator (RandomKeyGenerator.java:call(283)) - Number of Threads: 10
2019-11-15 21:44:59,985 [main] INFO  freon.RandomKeyGenerator (RandomKeyGenerator.java:call(288)) - Number of Volumes: 1.
2019-11-15 21:44:59,986 [main] INFO  freon.RandomKeyGenerator (RandomKeyGenerator.java:call(289)) - Number of Buckets per Volume: 1.
2019-11-15 21:44:59,986 [main] INFO  freon.RandomKeyGenerator (RandomKeyGenerator.java:call(290)) - Number of Keys per Bucket: 1.
2019-11-15 21:44:59,986 [main] INFO  freon.RandomKeyGenerator (RandomKeyGenerator.java:call(291)) - Key size: 20971520 bytes
2019-11-15 21:44:59,986 [main] INFO  freon.RandomKeyGenerator (RandomKeyGenerator.java:call(292)) - Buffer size: 4096 bytes
2019-11-15 21:44:59,986 [main] INFO  freon.RandomKeyGenerator (RandomKeyGenerator.java:call(293)) - validateWrites : true
2019-11-15 21:44:59,987 [pool-59-thread-1] INFO  rpc.RpcClient (RpcClient.java:createVolume(292)) - Creating Volume: vol-0-96181, with jenkins1000 as owner.
2019-11-15 21:44:59,988 [main] INFO  freon.RandomKeyGenerator (RandomKeyGenerator.java:call(307)) - Data validation is enabled.
2019-11-15 21:44:59,988 [main] INFO  freon.RandomKeyGenerator (RandomKeyGenerator.java:call(313)) - Starting progress bar Thread.

 0.00% |?                                                                                                    |  0/1 Time: 0:00:002019-11-15 21:44:59,991 [IPC Server handler 7 on 36433] INFO  volume.OMVolumeCreateRequest (OMVolumeCreateRequest.java:validateAndUpdateCache(193)) - created volume:vol-0-96181 for user:jenkins1000
2019-11-15 21:45:00,209 [pool-59-thread-2] INFO  rpc.RpcClient (RpcClient.java:createBucket(431)) - Creating Bucket: vol-0-96181/bucket-0-85360, with Versioning false and Storage Type set to DISK and Encryption set to false 
2019-11-15 21:45:00,232 [IPC Server handler 1 on 39555] WARN  block.BlockManagerImpl (BlockManagerImpl.java:allocateBlock(203)) - Pipeline creation failed for type:RATIS factor:THREE. Retrying get pipelines call once.
org.apache.hadoop.hdds.scm.pipeline.InsufficientDatanodesException: Cannot create pipeline of factor 3 using 0 nodes.
	at org.apache.hadoop.hdds.scm.pipeline.RatisPipelineProvider.create(RatisPipelineProvider.java:144)
	at org.apache.hadoop.hdds.scm.pipeline.PipelineFactory.create(PipelineFactory.java:60)
	at org.apache.hadoop.hdds.scm.pipeline.SCMPipelineManager.createPipeline(SCMPipelineManager.java:159)
	at org.apache.hadoop.hdds.scm.block.BlockManagerImpl.allocateBlock(BlockManagerImpl.java:199)
	at org.apache.hadoop.hdds.scm.server.SCMBlockProtocolServer.allocateBlock(SCMBlockProtocolServer.java:187)
	at org.apache.hadoop.hdds.scm.protocol.ScmBlockLocationProtocolServerSideTranslatorPB.allocateScmBlock(ScmBlockLocationProtocolServerSideTranslatorPB.java:159)
	at org.apache.hadoop.hdds.scm.protocol.ScmBlockLocationProtocolServerSideTranslatorPB.processMessage(ScmBlockLocationProtocolServerSideTranslatorPB.java:117)
	at org.apache.hadoop.hdds.server.OzoneProtocolMessageDispatcher.processRequest(OzoneProtocolMessageDispatcher.java:72)
	at org.apache.hadoop.hdds.scm.protocol.ScmBlockLocationProtocolServerSideTranslatorPB.send(ScmBlockLocationProtocolServerSideTranslatorPB.java:98)
	at org.apache.hadoop.hdds.protocol.proto.ScmBlockLocationProtocolProtos$ScmBlockLocationProtocolService$2.callBlockingMethod(ScmBlockLocationProtocolProtos.java:13157)
	at org.apache.hadoop.ipc.ProtobufRpcEngine$Server$ProtoBufRpcInvoker.call(ProtobufRpcEngine.java:524)
	at org.apache.hadoop.ipc.RPC$Server.call(RPC.java:1025)
	at org.apache.hadoop.ipc.Server$RpcCall.run(Server.java:876)
	at org.apache.hadoop.ipc.Server$RpcCall.run(Server.java:822)
	at java.security.AccessController.doPrivileged(Native Method)
	at javax.security.auth.Subject.doAs(Subject.java:422)
	at org.apache.hadoop.security.UserGroupInformation.doAs(UserGroupInformation.java:1730)
	at org.apache.hadoop.ipc.Server$Handler.run(Server.java:2682)
2019-11-15 21:45:00,232 [IPC Server handler 1 on 39555] INFO  block.BlockManagerImpl (BlockManagerImpl.java:allocateBlock(215)) - Could not find available pipeline of type:RATIS and factor:THREE even after retrying
2019-11-15 21:45:00,232 [IPC Server handler 1 on 39555] ERROR block.BlockManagerImpl (BlockManagerImpl.java:allocateBlock(239)) - Unable to allocate a block for the size: 4194304, type: RATIS, factor: THREE
2019-11-15 21:45:00,233 [IPC Server handler 1 on 39555] WARN  block.BlockManagerImpl (BlockManagerImpl.java:allocateBlock(203)) - Pipeline creation failed for type:RATIS factor:THREE. Retrying get pipelines call once.
org.apache.hadoop.hdds.scm.pipeline.InsufficientDatanodesException: Cannot create pipeline of factor 3 using 0 nodes.
	at org.apache.hadoop.hdds.scm.pipeline.RatisPipelineProvider.create(RatisPipelineProvider.java:144)
	at org.apache.hadoop.hdds.scm.pipeline.PipelineFactory.create(PipelineFactory.java:60)
	at org.apache.hadoop.hdds.scm.pipeline.SCMPipelineManager.createPipeline(SCMPipelineManager.java:159)
	at org.apache.hadoop.hdds.scm.block.BlockManagerImpl.allocateBlock(BlockManagerImpl.java:199)
	at org.apache.hadoop.hdds.scm.server.SCMBlockProtocolServer.allocateBlock(SCMBlockProtocolServer.java:187)
	at org.apache.hadoop.hdds.scm.protocol.ScmBlockLocationProtocolServerSideTranslatorPB.allocateScmBlock(ScmBlockLocationProtocolServerSideTranslatorPB.java:159)
	at org.apache.hadoop.hdds.scm.protocol.ScmBlockLocationProtocolServerSideTranslatorPB.processMessage(ScmBlockLocationProtocolServerSideTranslatorPB.java:117)
	at org.apache.hadoop.hdds.server.OzoneProtocolMessageDispatcher.processRequest(OzoneProtocolMessageDispatcher.java:72)
	at org.apache.hadoop.hdds.scm.protocol.ScmBlockLocationProtocolServerSideTranslatorPB.send(ScmBlockLocationProtocolServerSideTranslatorPB.java:98)
	at org.apache.hadoop.hdds.protocol.proto.ScmBlockLocationProtocolProtos$ScmBlockLocationProtocolService$2.callBlockingMethod(ScmBlockLocationProtocolProtos.java:13157)
	at org.apache.hadoop.ipc.ProtobufRpcEngine$Server$ProtoBufRpcInvoker.call(ProtobufRpcEngine.java:524)
	at org.apache.hadoop.ipc.RPC$Server.call(RPC.java:1025)
	at org.apache.hadoop.ipc.Server$RpcCall.run(Server.java:876)
	at org.apache.hadoop.ipc.Server$RpcCall.run(Server.java:822)
	at java.security.AccessController.doPrivileged(Native Method)
	at javax.security.auth.Subject.doAs(Subject.java:422)
	at org.apache.hadoop.security.UserGroupInformation.doAs(UserGroupInformation.java:1730)
	at org.apache.hadoop.ipc.Server$Handler.run(Server.java:2682)
2019-11-15 21:45:00,233 [IPC Server handler 1 on 39555] INFO  block.BlockManagerImpl (BlockManagerImpl.java:allocateBlock(215)) - Could not find available pipeline of type:RATIS and factor:THREE even after retrying
2019-11-15 21:45:00,233 [IPC Server handler 1 on 39555] ERROR block.BlockManagerImpl (BlockManagerImpl.java:allocateBlock(239)) - Unable to allocate a block for the size: 4194304, type: RATIS, factor: THREE
2019-11-15 21:45:00,234 [IPC Server handler 1 on 39555] WARN  block.BlockManagerImpl (BlockManagerImpl.java:allocateBlock(203)) - Pipeline creation failed for type:RATIS factor:THREE. Retrying get pipelines call once.
org.apache.hadoop.hdds.scm.pipeline.InsufficientDatanodesException: Cannot create pipeline of factor 3 using 0 nodes.
	at org.apache.hadoop.hdds.scm.pipeline.RatisPipelineProvider.create(RatisPipelineProvider.java:144)
	at org.apache.hadoop.hdds.scm.pipeline.PipelineFactory.create(PipelineFactory.java:60)
	at org.apache.hadoop.hdds.scm.pipeline.SCMPipelineManager.createPipeline(SCMPipelineManager.java:159)
	at org.apache.hadoop.hdds.scm.block.BlockManagerImpl.allocateBlock(BlockManagerImpl.java:199)
	at org.apache.hadoop.hdds.scm.server.SCMBlockProtocolServer.allocateBlock(SCMBlockProtocolServer.java:187)
	at org.apache.hadoop.hdds.scm.protocol.ScmBlockLocationProtocolServerSideTranslatorPB.allocateScmBlock(ScmBlockLocationProtocolServerSideTranslatorPB.java:159)
	at org.apache.hadoop.hdds.scm.protocol.ScmBlockLocationProtocolServerSideTranslatorPB.processMessage(ScmBlockLocationProtocolServerSideTranslatorPB.java:117)
	at org.apache.hadoop.hdds.server.OzoneProtocolMessageDispatcher.processRequest(OzoneProtocolMessageDispatcher.java:72)
	at org.apache.hadoop.hdds.scm.protocol.ScmBlockLocationProtocolServerSideTranslatorPB.send(ScmBlockLocationProtocolServerSideTranslatorPB.java:98)
	at org.apache.hadoop.hdds.protocol.proto.ScmBlockLocationProtocolProtos$ScmBlockLocationProtocolService$2.callBlockingMethod(ScmBlockLocationProtocolProtos.java:13157)
	at org.apache.hadoop.ipc.ProtobufRpcEngine$Server$ProtoBufRpcInvoker.call(ProtobufRpcEngine.java:524)
	at org.apache.hadoop.ipc.RPC$Server.call(RPC.java:1025)
	at org.apache.hadoop.ipc.Server$RpcCall.run(Server.java:876)
	at org.apache.hadoop.ipc.Server$RpcCall.run(Server.java:822)
	at java.security.AccessController.doPrivileged(Native Method)
	at javax.security.auth.Subject.doAs(Subject.java:422)
	at org.apache.hadoop.security.UserGroupInformation.doAs(UserGroupInformation.java:1730)
	at org.apache.hadoop.ipc.Server$Handler.run(Server.java:2682)
2019-11-15 21:45:00,234 [IPC Server handler 1 on 39555] INFO  block.BlockManagerImpl (BlockManagerImpl.java:allocateBlock(215)) - Could not find available pipeline of type:RATIS and factor:THREE even after retrying
2019-11-15 21:45:00,234 [IPC Server handler 1 on 39555] ERROR block.BlockManagerImpl (BlockManagerImpl.java:allocateBlock(239)) - Unable to allocate a block for the size: 4194304, type: RATIS, factor: THREE
2019-11-15 21:45:00,236 [IPC Server handler 1 on 39555] WARN  block.BlockManagerImpl (BlockManagerImpl.java:allocateBlock(203)) - Pipeline creation failed for type:RATIS factor:THREE. Retrying get pipelines call once.
org.apache.hadoop.hdds.scm.pipeline.InsufficientDatanodesException: Cannot create pipeline of factor 3 using 0 nodes.
	at org.apache.hadoop.hdds.scm.pipeline.RatisPipelineProvider.create(RatisPipelineProvider.java:144)
	at org.apache.hadoop.hdds.scm.pipeline.PipelineFactory.create(PipelineFactory.java:60)
	at org.apache.hadoop.hdds.scm.pipeline.SCMPipelineManager.createPipeline(SCMPipelineManager.java:159)
	at org.apache.hadoop.hdds.scm.block.BlockManagerImpl.allocateBlock(BlockManagerImpl.java:199)
	at org.apache.hadoop.hdds.scm.server.SCMBlockProtocolServer.allocateBlock(SCMBlockProtocolServer.java:187)
	at org.apache.hadoop.hdds.scm.protocol.ScmBlockLocationProtocolServerSideTranslatorPB.allocateScmBlock(ScmBlockLocationProtocolServerSideTranslatorPB.java:159)
	at org.apache.hadoop.hdds.scm.protocol.ScmBlockLocationProtocolServerSideTranslatorPB.processMessage(ScmBlockLocationProtocolServerSideTranslatorPB.java:117)
	at org.apache.hadoop.hdds.server.OzoneProtocolMessageDispatcher.processRequest(OzoneProtocolMessageDispatcher.java:72)
	at org.apache.hadoop.hdds.scm.protocol.ScmBlockLocationProtocolServerSideTranslatorPB.send(ScmBlockLocationProtocolServerSideTranslatorPB.java:98)
	at org.apache.hadoop.hdds.protocol.proto.ScmBlockLocationProtocolProtos$ScmBlockLocationProtocolService$2.callBlockingMethod(ScmBlockLocationProtocolProtos.java:13157)
	at org.apache.hadoop.ipc.ProtobufRpcEngine$Server$ProtoBufRpcInvoker.call(ProtobufRpcEngine.java:524)
	at org.apache.hadoop.ipc.RPC$Server.call(RPC.java:1025)
	at org.apache.hadoop.ipc.Server$RpcCall.run(Server.java:876)
	at org.apache.hadoop.ipc.Server$RpcCall.run(Server.java:822)
	at java.security.AccessController.doPrivileged(Native Method)
	at javax.security.auth.Subject.doAs(Subject.java:422)
	at org.apache.hadoop.security.UserGroupInformation.doAs(UserGroupInformation.java:1730)
	at org.apache.hadoop.ipc.Server$Handler.run(Server.java:2682)
2019-11-15 21:45:00,236 [IPC Server handler 1 on 39555] INFO  block.BlockManagerImpl (BlockManagerImpl.java:allocateBlock(215)) - Could not find available pipeline of type:RATIS and factor:THREE even after retrying
2019-11-15 21:45:00,236 [IPC Server handler 1 on 39555] ERROR block.BlockManagerImpl (BlockManagerImpl.java:allocateBlock(239)) - Unable to allocate a block for the size: 4194304, type: RATIS, factor: THREE
2019-11-15 21:45:00,238 [IPC Server handler 1 on 39555] WARN  block.BlockManagerImpl (BlockManagerImpl.java:allocateBlock(203)) - Pipeline creation failed for type:RATIS factor:THREE. Retrying get pipelines call once.
org.apache.hadoop.hdds.scm.pipeline.InsufficientDatanodesException: Cannot create pipeline of factor 3 using 0 nodes.
	at org.apache.hadoop.hdds.scm.pipeline.RatisPipelineProvider.create(RatisPipelineProvider.java:144)
	at org.apache.hadoop.hdds.scm.pipeline.PipelineFactory.create(PipelineFactory.java:60)
	at org.apache.hadoop.hdds.scm.pipeline.SCMPipelineManager.createPipeline(SCMPipelineManager.java:159)
	at org.apache.hadoop.hdds.scm.block.BlockManagerImpl.allocateBlock(BlockManagerImpl.java:199)
	at org.apache.hadoop.hdds.scm.server.SCMBlockProtocolServer.allocateBlock(SCMBlockProtocolServer.java:187)
	at org.apache.hadoop.hdds.scm.protocol.ScmBlockLocationProtocolServerSideTranslatorPB.allocateScmBlock(ScmBlockLocationProtocolServerSideTranslatorPB.java:159)
	at org.apache.hadoop.hdds.scm.protocol.ScmBlockLocationProtocolServerSideTranslatorPB.processMessage(ScmBlockLocationProtocolServerSideTranslatorPB.java:117)
	at org.apache.hadoop.hdds.server.OzoneProtocolMessageDispatcher.processRequest(OzoneProtocolMessageDispatcher.java:72)
	at org.apache.hadoop.hdds.scm.protocol.ScmBlockLocationProtocolServerSideTranslatorPB.send(ScmBlockLocationProtocolServerSideTranslatorPB.java:98)
	at org.apache.hadoop.hdds.protocol.proto.ScmBlockLocationProtocolProtos$ScmBlockLocationProtocolService$2.callBlockingMethod(ScmBlockLocationProtocolProtos.java:13157)
	at org.apache.hadoop.ipc.ProtobufRpcEngine$Server$ProtoBufRpcInvoker.call(ProtobufRpcEngine.java:524)
	at org.apache.hadoop.ipc.RPC$Server.call(RPC.java:1025)
	at org.apache.hadoop.ipc.Server$RpcCall.run(Server.java:876)
	at org.apache.hadoop.ipc.Server$RpcCall.run(Server.java:822)
	at java.security.AccessController.doPrivileged(Native Method)
	at javax.security.auth.Subject.doAs(Subject.java:422)
	at org.apache.hadoop.security.UserGroupInformation.doAs(UserGroupInformation.java:1730)
	at org.apache.hadoop.ipc.Server$Handler.run(Server.java:2682)
2019-11-15 21:45:00,238 [IPC Server handler 1 on 39555] INFO  block.BlockManagerImpl (BlockManagerImpl.java:allocateBlock(215)) - Could not find available pipeline of type:RATIS and factor:THREE even after retrying
2019-11-15 21:45:00,238 [IPC Server handler 1 on 39555] ERROR block.BlockManagerImpl (BlockManagerImpl.java:allocateBlock(239)) - Unable to allocate a block for the size: 4194304, type: RATIS, factor: THREE
2019-11-15 21:45:00,243 [pool-59-thread-3] ERROR freon.RandomKeyGenerator (RandomKeyGenerator.java:createKey(735)) - Exception while adding key: key-0-31721 in bucket: bucket-0-85360 of volume: vol-0-96181.
INTERNAL_ERROR org.apache.hadoop.ozone.om.exceptions.OMException: Allocated 0 blocks. Requested 5 blocks
	at org.apache.hadoop.ozone.om.protocolPB.OzoneManagerProtocolClientSideTranslatorPB.handleError(OzoneManagerProtocolClientSideTranslatorPB.java:761)
	at org.apache.hadoop.ozone.om.protocolPB.OzoneManagerProtocolClientSideTranslatorPB.openKey(OzoneManagerProtocolClientSideTranslatorPB.java:752)
	at sun.reflect.NativeMethodAccessorImpl.invoke0(Native Method)
	at sun.reflect.NativeMethodAccessorImpl.invoke(NativeMethodAccessorImpl.java:62)
	at sun.reflect.DelegatingMethodAccessorImpl.invoke(DelegatingMethodAccessorImpl.java:43)
	at java.lang.reflect.Method.invoke(Method.java:498)
	at org.apache.hadoop.hdds.tracing.TraceAllMethod.invoke(TraceAllMethod.java:66)
	at com.sun.proxy.$Proxy37.openKey(Unknown Source)
	at org.apache.hadoop.ozone.client.rpc.RpcClient.createKey(RpcClient.java:633)
	at org.apache.hadoop.ozone.client.OzoneBucket.createKey(OzoneBucket.java:325)
	at org.apache.hadoop.ozone.freon.RandomKeyGenerator.createKey(RandomKeyGenerator.java:697)
	at org.apache.hadoop.ozone.freon.RandomKeyGenerator.access$1100(RandomKeyGenerator.java:88)
	at org.apache.hadoop.ozone.freon.RandomKeyGenerator$ObjectCreator.run(RandomKeyGenerator.java:615)
	at java.util.concurrent.Executors$RunnableAdapter.call(Executors.java:511)
	at java.util.concurrent.FutureTask.run(FutureTask.java:266)
	at java.util.concurrent.ThreadPoolExecutor.runWorker(ThreadPoolExecutor.java:1149)
	at java.util.concurrent.ThreadPoolExecutor$Worker.run(ThreadPoolExecutor.java:624)
	at java.lang.Thread.run(Thread.java:748)
 0.00% |?                                                                                                    |  0/1 Time: 0:00:012019-11-15 21:45:01,028 [Command processor thread] INFO  impl.RaftServerProxy (RaftServerProxy.java:remove(95)) - 0f96ec18-ef95-4dfc-896f-f5f608d82565: remove  FOLLOWER 0f96ec18-ef95-4dfc-896f-f5f608d82565@group-018D242E8781:t2, leader=ca7ad779-39e3-4fe4-8465-c580c93c9c4b, voted=ca7ad779-39e3-4fe4-8465-c580c93c9c4b, raftlog=0f96ec18-ef95-4dfc-896f-f5f608d82565@group-018D242E8781-SegmentedRaftLog:OPENED:c78,f78,i78, conf=0: [0f96ec18-ef95-4dfc-896f-f5f608d82565:192.168.164.206:40487, 1a9b7b80-4c06-4af9-a9c0-012844bdcf6e:192.168.164.206:33171, ca7ad779-39e3-4fe4-8465-c580c93c9c4b:192.168.164.206:36095], old=null RUNNING
2019-11-15 21:45:01,031 [Command processor thread] INFO  impl.RaftServerImpl (RaftServerImpl.java:lambda$shutdown$3(250)) - 0f96ec18-ef95-4dfc-896f-f5f608d82565@group-018D242E8781: shutdown
2019-11-15 21:45:01,031 [Command processor thread] INFO  util.JmxRegister (JmxRegister.java:unregister(73)) - Successfully un-registered JMX Bean with object name Ratis:service=RaftServer,group=group-018D242E8781,id=0f96ec18-ef95-4dfc-896f-f5f608d82565
2019-11-15 21:45:01,032 [Command processor thread] INFO  impl.RoleInfo (RoleInfo.java:shutdownFollowerState(121)) - 0f96ec18-ef95-4dfc-896f-f5f608d82565: shutdown FollowerState
2019-11-15 21:45:01,032 [Thread-214] INFO  impl.FollowerState (FollowerState.java:run(120)) - 0f96ec18-ef95-4dfc-896f-f5f608d82565@group-018D242E8781-FollowerState was interrupted: java.lang.InterruptedException: sleep interrupted
2019-11-15 21:45:01,032 [Command processor thread] INFO  impl.StateMachineUpdater (StateMachineUpdater.java:stopAndJoin(136)) - 0f96ec18-ef95-4dfc-896f-f5f608d82565@group-018D242E8781-StateMachineUpdater: set stopIndex = 78
2019-11-15 21:45:01,034 [0f96ec18-ef95-4dfc-896f-f5f608d82565@group-018D242E8781-StateMachineUpdater] INFO  ratis.ContainerStateMachine (ContainerStateMachine.java:takeSnapshot(285)) - group-018D242E8781: Taking a snapshot at:(t:2, i:76) file /workdir/hadoop-ozone/tools/target/test-dir/MiniOzoneClusterImpl-7fe25af5-06e5-4291-8af4-3b47a5a06090/datanode-2/data/ratis/07602e70-af0f-4d52-823a-018d242e8781/sm/snapshot.2_76
2019-11-15 21:45:01,052 [Command processor thread] INFO  impl.RaftServerProxy (RaftServerProxy.java:remove(95)) - 1a9b7b80-4c06-4af9-a9c0-012844bdcf6e: remove  FOLLOWER 1a9b7b80-4c06-4af9-a9c0-012844bdcf6e@group-018D242E8781:t2, leader=ca7ad779-39e3-4fe4-8465-c580c93c9c4b, voted=ca7ad779-39e3-4fe4-8465-c580c93c9c4b, raftlog=1a9b7b80-4c06-4af9-a9c0-012844bdcf6e@group-018D242E8781-SegmentedRaftLog:OPENED:c78,f78,i78, conf=0: [0f96ec18-ef95-4dfc-896f-f5f608d82565:192.168.164.206:40487, 1a9b7b80-4c06-4af9-a9c0-012844bdcf6e:192.168.164.206:33171, ca7ad779-39e3-4fe4-8465-c580c93c9c4b:192.168.164.206:36095], old=null RUNNING
2019-11-15 21:45:01,052 [Command processor thread] INFO  impl.RaftServerImpl (RaftServerImpl.java:lambda$shutdown$3(250)) - 1a9b7b80-4c06-4af9-a9c0-012844bdcf6e@group-018D242E8781: shutdown
2019-11-15 21:45:01,053 [Command processor thread] INFO  util.JmxRegister (JmxRegister.java:unregister(73)) - Successfully un-registered JMX Bean with object name Ratis:service=RaftServer,group=group-018D242E8781,id=1a9b7b80-4c06-4af9-a9c0-012844bdcf6e
2019-11-15 21:45:01,053 [Command processor thread] INFO  impl.RoleInfo (RoleInfo.java:shutdownFollowerState(121)) - 1a9b7b80-4c06-4af9-a9c0-012844bdcf6e: shutdown FollowerState
2019-11-15 21:45:01,053 [Command processor thread] INFO  impl.StateMachineUpdater (StateMachineUpdater.java:stopAndJoin(136)) - 1a9b7b80-4c06-4af9-a9c0-012844bdcf6e@group-018D242E8781-StateMachineUpdater: set stopIndex = 78
2019-11-15 21:45:01,054 [1a9b7b80-4c06-4af9-a9c0-012844bdcf6e@group-018D242E8781-StateMachineUpdater] INFO  ratis.ContainerStateMachine (ContainerStateMachine.java:takeSnapshot(285)) - group-018D242E8781: Taking a snapshot at:(t:2, i:76) file /workdir/hadoop-ozone/tools/target/test-dir/MiniOzoneClusterImpl-7fe25af5-06e5-4291-8af4-3b47a5a06090/datanode-0/data/ratis/07602e70-af0f-4d52-823a-018d242e8781/sm/snapshot.2_76
2019-11-15 21:45:01,054 [Thread-213] INFO  impl.FollowerState (FollowerState.java:run(120)) - 1a9b7b80-4c06-4af9-a9c0-012844bdcf6e@group-018D242E8781-FollowerState was interrupted: java.lang.InterruptedException: sleep interrupted
2019-11-15 21:45:01,070 [1a9b7b80-4c06-4af9-a9c0-012844bdcf6e@group-018D242E8781-StateMachineUpdater] INFO  ratis.ContainerStateMachine (ContainerStateMachine.java:takeSnapshot(296)) - group-018D242E8781: Finished taking a snapshot at:(t:2, i:76) file:/workdir/hadoop-ozone/tools/target/test-dir/MiniOzoneClusterImpl-7fe25af5-06e5-4291-8af4-3b47a5a06090/datanode-0/data/ratis/07602e70-af0f-4d52-823a-018d242e8781/sm/snapshot.2_76 time:17
2019-11-15 21:45:01,070 [0f96ec18-ef95-4dfc-896f-f5f608d82565@group-018D242E8781-StateMachineUpdater] INFO  ratis.ContainerStateMachine (ContainerStateMachine.java:takeSnapshot(296)) - group-018D242E8781: Finished taking a snapshot at:(t:2, i:76) file:/workdir/hadoop-ozone/tools/target/test-dir/MiniOzoneClusterImpl-7fe25af5-06e5-4291-8af4-3b47a5a06090/datanode-2/data/ratis/07602e70-af0f-4d52-823a-018d242e8781/sm/snapshot.2_76 time:37
2019-11-15 21:45:01,072 [0f96ec18-ef95-4dfc-896f-f5f608d82565@group-018D242E8781-StateMachineUpdater] INFO  impl.StateMachineUpdater (StateMachineUpdater.java:takeSnapshot(269)) - 0f96ec18-ef95-4dfc-896f-f5f608d82565@group-018D242E8781-StateMachineUpdater: Took a snapshot at index 76
2019-11-15 21:45:01,072 [1a9b7b80-4c06-4af9-a9c0-012844bdcf6e@group-018D242E8781-StateMachineUpdater] INFO  impl.StateMachineUpdater (StateMachineUpdater.java:takeSnapshot(269)) - 1a9b7b80-4c06-4af9-a9c0-012844bdcf6e@group-018D242E8781-StateMachineUpdater: Took a snapshot at index 76
2019-11-15 21:45:01,072 [1a9b7b80-4c06-4af9-a9c0-012844bdcf6e@group-018D242E8781-StateMachineUpdater] INFO  impl.StateMachineUpdater (StateMachineUpdater.java:lambda$new$0(84)) - 1a9b7b80-4c06-4af9-a9c0-012844bdcf6e@group-018D242E8781-StateMachineUpdater: snapshotIndex: updateIncreasingly -1 -> 76
2019-11-15 21:45:01,072 [0f96ec18-ef95-4dfc-896f-f5f608d82565@group-018D242E8781-StateMachineUpdater] INFO  impl.StateMachineUpdater (StateMachineUpdater.java:lambda$new$0(84)) - 0f96ec18-ef95-4dfc-896f-f5f608d82565@group-018D242E8781-StateMachineUpdater: snapshotIndex: updateIncreasingly -1 -> 76
2019-11-15 21:45:01,077 [1a9b7b80-4c06-4af9-a9c0-012844bdcf6e@group-018D242E8781-StateMachineUpdater] INFO  ratis.ContainerStateMachine (ContainerStateMachine.java:takeSnapshot(285)) - group-018D242E8781: Taking a snapshot at:(t:2, i:76) file /workdir/hadoop-ozone/tools/target/test-dir/MiniOzoneClusterImpl-7fe25af5-06e5-4291-8af4-3b47a5a06090/datanode-0/data/ratis/07602e70-af0f-4d52-823a-018d242e8781/sm/snapshot.2_76
2019-11-15 21:45:01,077 [0f96ec18-ef95-4dfc-896f-f5f608d82565@group-018D242E8781-StateMachineUpdater] INFO  ratis.ContainerStateMachine (ContainerStateMachine.java:takeSnapshot(285)) - group-018D242E8781: Taking a snapshot at:(t:2, i:76) file /workdir/hadoop-ozone/tools/target/test-dir/MiniOzoneClusterImpl-7fe25af5-06e5-4291-8af4-3b47a5a06090/datanode-2/data/ratis/07602e70-af0f-4d52-823a-018d242e8781/sm/snapshot.2_76
2019-11-15 21:45:01,090 [0f96ec18-ef95-4dfc-896f-f5f608d82565@group-018D242E8781-StateMachineUpdater] INFO  ratis.ContainerStateMachine (ContainerStateMachine.java:takeSnapshot(296)) - group-018D242E8781: Finished taking a snapshot at:(t:2, i:76) file:/workdir/hadoop-ozone/tools/target/test-dir/MiniOzoneClusterImpl-7fe25af5-06e5-4291-8af4-3b47a5a06090/datanode-2/data/ratis/07602e70-af0f-4d52-823a-018d242e8781/sm/snapshot.2_76 time:13
2019-11-15 21:45:01,090 [1a9b7b80-4c06-4af9-a9c0-012844bdcf6e@group-018D242E8781-StateMachineUpdater] INFO  ratis.ContainerStateMachine (ContainerStateMachine.java:takeSnapshot(296)) - group-018D242E8781: Finished taking a snapshot at:(t:2, i:76) file:/workdir/hadoop-ozone/tools/target/test-dir/MiniOzoneClusterImpl-7fe25af5-06e5-4291-8af4-3b47a5a06090/datanode-0/data/ratis/07602e70-af0f-4d52-823a-018d242e8781/sm/snapshot.2_76 time:13
2019-11-15 21:45:01,090 [0f96ec18-ef95-4dfc-896f-f5f608d82565@group-018D242E8781-StateMachineUpdater] INFO  impl.StateMachineUpdater (StateMachineUpdater.java:takeSnapshot(269)) - 0f96ec18-ef95-4dfc-896f-f5f608d82565@group-018D242E8781-StateMachineUpdater: Took a snapshot at index 76
2019-11-15 21:45:01,091 [1a9b7b80-4c06-4af9-a9c0-012844bdcf6e@group-018D242E8781-StateMachineUpdater] INFO  impl.StateMachineUpdater (StateMachineUpdater.java:takeSnapshot(269)) - 1a9b7b80-4c06-4af9-a9c0-012844bdcf6e@group-018D242E8781-StateMachineUpdater: Took a snapshot at index 76
2019-11-15 21:45:01,091 [0f96ec18-ef95-4dfc-896f-f5f608d82565@group-018D242E8781-StateMachineUpdater] INFO  impl.StateMachineUpdater (StateMachineUpdater.java:lambda$new$0(84)) - 0f96ec18-ef95-4dfc-896f-f5f608d82565@group-018D242E8781-StateMachineUpdater: snapshotIndex: updateIncreasingly 76 -> 76
2019-11-15 21:45:01,091 [1a9b7b80-4c06-4af9-a9c0-012844bdcf6e@group-018D242E8781-StateMachineUpdater] INFO  impl.StateMachineUpdater (StateMachineUpdater.java:lambda$new$0(84)) - 1a9b7b80-4c06-4af9-a9c0-012844bdcf6e@group-018D242E8781-StateMachineUpdater: snapshotIndex: updateIncreasingly 76 -> 76
2019-11-15 21:45:01,091 [Command processor thread] INFO  impl.RaftServerImpl (ServerState.java:close(387)) - 1a9b7b80-4c06-4af9-a9c0-012844bdcf6e@group-018D242E8781: closes. applyIndex: 78
2019-11-15 21:45:01,091 [Command processor thread] INFO  impl.RaftServerImpl (ServerState.java:close(387)) - 0f96ec18-ef95-4dfc-896f-f5f608d82565@group-018D242E8781: closes. applyIndex: 78
2019-11-15 21:45:01,094 [1a9b7b80-4c06-4af9-a9c0-012844bdcf6e@group-018D242E8781-SegmentedRaftLogWorker] INFO  segmented.SegmentedRaftLogWorker (SegmentedRaftLogWorker.java:run(316)) - 1a9b7b80-4c06-4af9-a9c0-012844bdcf6e@group-018D242E8781-SegmentedRaftLogWorker was interrupted, exiting. There are 0 tasks remaining in the queue.
2019-11-15 21:45:01,094 [0f96ec18-ef95-4dfc-896f-f5f608d82565@group-018D242E8781-SegmentedRaftLogWorker] INFO  segmented.SegmentedRaftLogWorker (SegmentedRaftLogWorker.java:run(316)) - 0f96ec18-ef95-4dfc-896f-f5f608d82565@group-018D242E8781-SegmentedRaftLogWorker was interrupted, exiting. There are 0 tasks remaining in the queue.
2019-11-15 21:45:01,096 [Command processor thread] INFO  segmented.SegmentedRaftLogWorker (SegmentedRaftLogWorker.java:close(224)) - 1a9b7b80-4c06-4af9-a9c0-012844bdcf6e@group-018D242E8781-SegmentedRaftLogWorker close()
2019-11-15 21:45:01,096 [Command processor thread] INFO  segmented.SegmentedRaftLogWorker (SegmentedRaftLogWorker.java:close(224)) - 0f96ec18-ef95-4dfc-896f-f5f608d82565@group-018D242E8781-SegmentedRaftLogWorker close()
2019-11-15 21:45:01,116 [Command processor thread] INFO  interfaces.Container (KeyValueContainer.java:flushAndSyncDB(400)) - Container 1 is synced with bcsId 60.
2019-11-15 21:45:01,116 [Command processor thread] INFO  interfaces.Container (KeyValueContainer.java:flushAndSyncDB(400)) - Container 1 is synced with bcsId 60.
2019-11-15 21:45:01,133 [EventQueue-IncrementalContainerReportForIncrementalContainerReportHandler] INFO  container.IncrementalContainerReportHandler (AbstractContainerReportHandler.java:updateContainerState(171)) - Moving container #1 to QUASI_CLOSED state, datanode 1a9b7b80-4c06-4af9-a9c0-012844bdcf6e{ip: 192.168.164.206, host: pr-hdds-2488-master-phq9t-3211896822, networkLocation: /default-rack, certSerialId: null} reported QUASI_CLOSED replica.
2019-11-15 21:45:01,133 [Command processor thread] INFO  interfaces.Container (KeyValueContainer.java:flushAndSyncDB(400)) - Container 1 is synced with bcsId 60.
2019-11-15 21:45:01,134 [Command processor thread] INFO  interfaces.Container (KeyValueContainer.java:flushAndSyncDB(400)) - Container 1 is synced with bcsId 60.
2019-11-15 21:45:01,159 [Command processor thread] INFO  interfaces.Container (KeyValueContainer.java:flushAndSyncDB(400)) - Container 2 is synced with bcsId 76.
2019-11-15 21:45:01,159 [Command processor thread] INFO  interfaces.Container (KeyValueContainer.java:flushAndSyncDB(400)) - Container 2 is synced with bcsId 76.
2019-11-15 21:45:01,163 [Command processor thread] INFO  interfaces.Container (KeyValueContainer.java:flushAndSyncDB(400)) - Container 2 is synced with bcsId 76.
2019-11-15 21:45:01,163 [Command processor thread] INFO  interfaces.Container (KeyValueContainer.java:flushAndSyncDB(400)) - Container 2 is synced with bcsId 76.
2019-11-15 21:45:01,166 [EventQueue-IncrementalContainerReportForIncrementalContainerReportHandler] INFO  container.IncrementalContainerReportHandler (AbstractContainerReportHandler.java:updateContainerState(171)) - Moving container #2 to QUASI_CLOSED state, datanode 1a9b7b80-4c06-4af9-a9c0-012844bdcf6e{ip: 192.168.164.206, host: pr-hdds-2488-master-phq9t-3211896822, networkLocation: /default-rack, certSerialId: null} reported QUASI_CLOSED replica.
2019-11-15 21:45:01,182 [Command processor thread] INFO  interfaces.Container (KeyValueContainer.java:flushAndSyncDB(400)) - Container 3 is synced with bcsId 42.
2019-11-15 21:45:01,182 [Command processor thread] INFO  interfaces.Container (KeyValueContainer.java:flushAndSyncDB(400)) - Container 3 is synced with bcsId 42.
2019-11-15 21:45:01,183 [Command processor thread] INFO  interfaces.Container (KeyValueContainer.java:flushAndSyncDB(400)) - Container 3 is synced with bcsId 42.
2019-11-15 21:45:01,183 [Command processor thread] INFO  interfaces.Container (KeyValueContainer.java:flushAndSyncDB(400)) - Container 3 is synced with bcsId 42.
2019-11-15 21:45:01,198 [Command processor thread] INFO  commandhandler.ClosePipelineCommandHandler (ClosePipelineCommandHandler.java:handle(78)) - Close Pipeline #id: "07602e70-af0f-4d52-823a-018d242e8781"
 command on datanode #0f96ec18-ef95-4dfc-896f-f5f608d82565.
2019-11-15 21:45:01,198 [Command processor thread] INFO  commandhandler.ClosePipelineCommandHandler (ClosePipelineCommandHandler.java:handle(78)) - Close Pipeline #id: "07602e70-af0f-4d52-823a-018d242e8781"
 command on datanode #1a9b7b80-4c06-4af9-a9c0-012844bdcf6e.
2019-11-15 21:45:01,199 [Command processor thread] INFO  impl.RaftServerProxy (RaftServerProxy.java:addNew(89)) - 0f96ec18-ef95-4dfc-896f-f5f608d82565: addNew group-3B89F53E9A29:[0f96ec18-ef95-4dfc-896f-f5f608d82565:192.168.164.206:40487, 1a9b7b80-4c06-4af9-a9c0-012844bdcf6e:192.168.164.206:33171, ca7ad779-39e3-4fe4-8465-c580c93c9c4b:192.168.164.206:36095] returns group-3B89F53E9A29:java.util.concurrent.CompletableFuture@3f4d364a[Not completed]
2019-11-15 21:45:01,199 [Command processor thread] INFO  impl.RaftServerProxy (RaftServerProxy.java:addNew(89)) - 1a9b7b80-4c06-4af9-a9c0-012844bdcf6e: addNew group-3B89F53E9A29:[0f96ec18-ef95-4dfc-896f-f5f608d82565:192.168.164.206:40487, 1a9b7b80-4c06-4af9-a9c0-012844bdcf6e:192.168.164.206:33171, ca7ad779-39e3-4fe4-8465-c580c93c9c4b:192.168.164.206:36095] returns group-3B89F53E9A29:java.util.concurrent.CompletableFuture@35ebdd78[Not completed]
2019-11-15 21:45:01,200 [EventQueue-IncrementalContainerReportForIncrementalContainerReportHandler] INFO  container.IncrementalContainerReportHandler (AbstractContainerReportHandler.java:updateContainerState(171)) - Moving container #3 to QUASI_CLOSED state, datanode 0f96ec18-ef95-4dfc-896f-f5f608d82565{ip: 192.168.164.206, host: pr-hdds-2488-master-phq9t-3211896822, networkLocation: /default-rack, certSerialId: null} reported QUASI_CLOSED replica.
2019-11-15 21:45:01,202 [pool-27-thread-1] INFO  impl.RaftServerImpl (RaftServerImpl.java:<init>(98)) - 1a9b7b80-4c06-4af9-a9c0-012844bdcf6e: new RaftServerImpl for group-3B89F53E9A29:[0f96ec18-ef95-4dfc-896f-f5f608d82565:192.168.164.206:40487, 1a9b7b80-4c06-4af9-a9c0-012844bdcf6e:192.168.164.206:33171, ca7ad779-39e3-4fe4-8465-c580c93c9c4b:192.168.164.206:36095] with ContainerStateMachine:uninitialized
2019-11-15 21:45:01,203 [pool-27-thread-1] INFO  server.RaftServerConfigKeys (ConfUtils.java:logGet(43)) - raft.server.rpc.timeout.min = 5s (custom)
2019-11-15 21:45:01,203 [pool-27-thread-1] INFO  server.RaftServerConfigKeys (ConfUtils.java:logGet(43)) - raft.server.rpc.timeout.max = 5200ms (custom)
2019-11-15 21:45:01,203 [pool-27-thread-1] INFO  server.RaftServerConfigKeys (ConfUtils.java:logGet(43)) - raft.server.rpcslowness.timeout = 120s (custom)
2019-11-15 21:45:01,203 [pool-27-thread-1] INFO  server.RaftServerConfigKeys (ConfUtils.java:logGet(43)) - raft.server.sleep.deviation.threshold = 300 (default)
2019-11-15 21:45:01,203 [pool-27-thread-1] INFO  server.RaftServerConfigKeys (ConfUtils.java:logGet(43)) - raft.server.log.appender.install.snapshot.enabled = false (custom)
2019-11-15 21:45:01,204 [pool-27-thread-1] INFO  impl.RaftServerImpl (ServerState.java:<init>(103)) - 1a9b7b80-4c06-4af9-a9c0-012844bdcf6e@group-3B89F53E9A29: ConfigurationManager, init=-1: [0f96ec18-ef95-4dfc-896f-f5f608d82565:192.168.164.206:40487, 1a9b7b80-4c06-4af9-a9c0-012844bdcf6e:192.168.164.206:33171, ca7ad779-39e3-4fe4-8465-c580c93c9c4b:192.168.164.206:36095], old=null, confs=<EMPTY_MAP>
2019-11-15 21:45:01,204 [pool-47-thread-1] INFO  impl.RaftServerImpl (RaftServerImpl.java:<init>(98)) - 0f96ec18-ef95-4dfc-896f-f5f608d82565: new RaftServerImpl for group-3B89F53E9A29:[0f96ec18-ef95-4dfc-896f-f5f608d82565:192.168.164.206:40487, 1a9b7b80-4c06-4af9-a9c0-012844bdcf6e:192.168.164.206:33171, ca7ad779-39e3-4fe4-8465-c580c93c9c4b:192.168.164.206:36095] with ContainerStateMachine:uninitialized
2019-11-15 21:45:01,204 [pool-27-thread-1] INFO  server.RaftServerConfigKeys (ConfUtils.java:logGet(43)) - raft.server.storage.dir = [/workdir/hadoop-ozone/tools/target/test-dir/MiniOzoneClusterImpl-7fe25af5-06e5-4291-8af4-3b47a5a06090/datanode-0/data/ratis] (custom)
2019-11-15 21:45:01,204 [pool-47-thread-1] INFO  server.RaftServerConfigKeys (ConfUtils.java:logGet(43)) - raft.server.rpc.timeout.min = 5s (custom)
2019-11-15 21:45:01,204 [pool-47-thread-1] INFO  server.RaftServerConfigKeys (ConfUtils.java:logGet(43)) - raft.server.rpc.timeout.max = 5200ms (custom)
2019-11-15 21:45:01,204 [pool-27-thread-1] INFO  server.RaftServerConfigKeys (ConfUtils.java:logGet(43)) - raft.server.log.corruption.policy = EXCEPTION (default)
2019-11-15 21:45:01,204 [pool-47-thread-1] INFO  server.RaftServerConfigKeys (ConfUtils.java:logGet(43)) - raft.server.rpcslowness.timeout = 120s (custom)
2019-11-15 21:45:01,205 [pool-27-thread-1] INFO  storage.RaftStorageDirectory (RaftStorageDirectory.java:analyzeStorage(246)) - The storage directory /workdir/hadoop-ozone/tools/target/test-dir/MiniOzoneClusterImpl-7fe25af5-06e5-4291-8af4-3b47a5a06090/datanode-0/data/ratis/efbd1fbd-2b36-4e6a-aa7d-3b89f53e9a29 does not exist. Creating ...
2019-11-15 21:45:01,205 [pool-47-thread-1] INFO  server.RaftServerConfigKeys (ConfUtils.java:logGet(43)) - raft.server.sleep.deviation.threshold = 300 (default)
2019-11-15 21:45:01,205 [pool-47-thread-1] INFO  server.RaftServerConfigKeys (ConfUtils.java:logGet(43)) - raft.server.log.appender.install.snapshot.enabled = false (custom)
2019-11-15 21:45:01,205 [pool-47-thread-1] INFO  impl.RaftServerImpl (ServerState.java:<init>(103)) - 0f96ec18-ef95-4dfc-896f-f5f608d82565@group-3B89F53E9A29: ConfigurationManager, init=-1: [0f96ec18-ef95-4dfc-896f-f5f608d82565:192.168.164.206:40487, 1a9b7b80-4c06-4af9-a9c0-012844bdcf6e:192.168.164.206:33171, ca7ad779-39e3-4fe4-8465-c580c93c9c4b:192.168.164.206:36095], old=null, confs=<EMPTY_MAP>
2019-11-15 21:45:01,205 [pool-47-thread-1] INFO  server.RaftServerConfigKeys (ConfUtils.java:logGet(43)) - raft.server.storage.dir = [/workdir/hadoop-ozone/tools/target/test-dir/MiniOzoneClusterImpl-7fe25af5-06e5-4291-8af4-3b47a5a06090/datanode-2/data/ratis] (custom)
2019-11-15 21:45:01,205 [pool-47-thread-1] INFO  server.RaftServerConfigKeys (ConfUtils.java:logGet(43)) - raft.server.log.corruption.policy = EXCEPTION (default)
2019-11-15 21:45:01,206 [pool-47-thread-1] INFO  storage.RaftStorageDirectory (RaftStorageDirectory.java:analyzeStorage(246)) - The storage directory /workdir/hadoop-ozone/tools/target/test-dir/MiniOzoneClusterImpl-7fe25af5-06e5-4291-8af4-3b47a5a06090/datanode-2/data/ratis/efbd1fbd-2b36-4e6a-aa7d-3b89f53e9a29 does not exist. Creating ...
2019-11-15 21:45:01,220 [pool-27-thread-1] INFO  storage.RaftStorageDirectory (RaftStorageDirectory.java:tryLock(328)) - Lock on /workdir/hadoop-ozone/tools/target/test-dir/MiniOzoneClusterImpl-7fe25af5-06e5-4291-8af4-3b47a5a06090/datanode-0/data/ratis/efbd1fbd-2b36-4e6a-aa7d-3b89f53e9a29/in_use.lock acquired by nodename 30597@pr-hdds-2488-master-phq9t-3211896822
2019-11-15 21:45:01,220 [pool-47-thread-1] INFO  storage.RaftStorageDirectory (RaftStorageDirectory.java:tryLock(328)) - Lock on /workdir/hadoop-ozone/tools/target/test-dir/MiniOzoneClusterImpl-7fe25af5-06e5-4291-8af4-3b47a5a06090/datanode-2/data/ratis/efbd1fbd-2b36-4e6a-aa7d-3b89f53e9a29/in_use.lock acquired by nodename 30597@pr-hdds-2488-master-phq9t-3211896822
2019-11-15 21:45:01,233 [pool-27-thread-1] INFO  storage.RaftStorage (RaftStorage.java:format(84)) - Storage directory /workdir/hadoop-ozone/tools/target/test-dir/MiniOzoneClusterImpl-7fe25af5-06e5-4291-8af4-3b47a5a06090/datanode-0/data/ratis/efbd1fbd-2b36-4e6a-aa7d-3b89f53e9a29 has been successfully formatted.
2019-11-15 21:45:01,233 [pool-47-thread-1] INFO  storage.RaftStorage (RaftStorage.java:format(84)) - Storage directory /workdir/hadoop-ozone/tools/target/test-dir/MiniOzoneClusterImpl-7fe25af5-06e5-4291-8af4-3b47a5a06090/datanode-2/data/ratis/efbd1fbd-2b36-4e6a-aa7d-3b89f53e9a29 has been successfully formatted.
2019-11-15 21:45:01,233 [pool-27-thread-1] INFO  ratis.ContainerStateMachine (ContainerStateMachine.java:loadSnapshot(223)) - group-3B89F53E9A29: The snapshot info is null. Setting the last applied indexto:(t:0, i:~)
2019-11-15 21:45:01,234 [pool-47-thread-1] INFO  ratis.ContainerStateMachine (ContainerStateMachine.java:loadSnapshot(223)) - group-3B89F53E9A29: The snapshot info is null. Setting the last applied indexto:(t:0, i:~)
2019-11-15 21:45:01,234 [pool-27-thread-1] INFO  server.RaftServerConfigKeys (ConfUtils.java:logGet(43)) - raft.server.notification.no-leader.timeout = 120s (custom)
2019-11-15 21:45:01,234 [pool-47-thread-1] INFO  server.RaftServerConfigKeys (ConfUtils.java:logGet(43)) - raft.server.notification.no-leader.timeout = 120s (custom)
2019-11-15 21:45:01,234 [pool-27-thread-1] INFO  server.RaftServerConfigKeys (ConfUtils.java:logGet(43)) - raft.server.log.use.memory = false (default)
2019-11-15 21:45:01,234 [pool-47-thread-1] INFO  server.RaftServerConfigKeys (ConfUtils.java:logGet(43)) - raft.server.log.use.memory = false (default)
2019-11-15 21:45:01,234 [pool-27-thread-1] INFO  server.RaftServerConfigKeys (ConfUtils.java:logGet(43)) - raft.server.log.purge.gap = 1000000 (custom)
2019-11-15 21:45:01,234 [pool-47-thread-1] INFO  server.RaftServerConfigKeys (ConfUtils.java:logGet(43)) - raft.server.log.purge.gap = 1000000 (custom)
2019-11-15 21:45:01,234 [pool-27-thread-1] INFO  server.RaftServerConfigKeys (ConfUtils.java:logGet(43)) - raft.server.log.appender.buffer.byte-limit = 33554432 (custom)
2019-11-15 21:45:01,234 [pool-47-thread-1] INFO  server.RaftServerConfigKeys (ConfUtils.java:logGet(43)) - raft.server.log.appender.buffer.byte-limit = 33554432 (custom)
2019-11-15 21:45:01,235 [pool-27-thread-1] INFO  server.RaftServerConfigKeys (ConfUtils.java:logGet(43)) - raft.server.log.segment.size.max = 1048576 (custom)
2019-11-15 21:45:01,235 [pool-47-thread-1] INFO  server.RaftServerConfigKeys (ConfUtils.java:logGet(43)) - raft.server.log.segment.size.max = 1048576 (custom)
2019-11-15 21:45:01,235 [pool-27-thread-1] INFO  server.RaftServerConfigKeys (ConfUtils.java:logGet(43)) - raft.server.log.segment.cache.num.max = 2 (custom)
2019-11-15 21:45:01,235 [pool-47-thread-1] INFO  server.RaftServerConfigKeys (ConfUtils.java:logGet(43)) - raft.server.log.segment.cache.num.max = 2 (custom)
2019-11-15 21:45:01,235 [pool-27-thread-1] INFO  segmented.SegmentedRaftLogWorker (SegmentedRaftLogWorker.java:<init>(173)) - new 1a9b7b80-4c06-4af9-a9c0-012844bdcf6e@group-3B89F53E9A29-SegmentedRaftLogWorker for RaftStorage:Storage Directory /workdir/hadoop-ozone/tools/target/test-dir/MiniOzoneClusterImpl-7fe25af5-06e5-4291-8af4-3b47a5a06090/datanode-0/data/ratis/efbd1fbd-2b36-4e6a-aa7d-3b89f53e9a29
2019-11-15 21:45:01,235 [pool-47-thread-1] INFO  segmented.SegmentedRaftLogWorker (SegmentedRaftLogWorker.java:<init>(173)) - new 0f96ec18-ef95-4dfc-896f-f5f608d82565@group-3B89F53E9A29-SegmentedRaftLogWorker for RaftStorage:Storage Directory /workdir/hadoop-ozone/tools/target/test-dir/MiniOzoneClusterImpl-7fe25af5-06e5-4291-8af4-3b47a5a06090/datanode-2/data/ratis/efbd1fbd-2b36-4e6a-aa7d-3b89f53e9a29
2019-11-15 21:45:01,235 [pool-27-thread-1] INFO  server.RaftServerConfigKeys (ConfUtils.java:logGet(43)) - raft.server.log.queue.byte-limit = 2147483647 (custom)
2019-11-15 21:45:01,235 [pool-47-thread-1] INFO  server.RaftServerConfigKeys (ConfUtils.java:logGet(43)) - raft.server.log.queue.byte-limit = 2147483647 (custom)
2019-11-15 21:45:01,236 [pool-27-thread-1] INFO  server.RaftServerConfigKeys (ConfUtils.java:logGet(43)) - raft.server.log.queue.element-limit = 1024 (custom)
2019-11-15 21:45:01,236 [pool-47-thread-1] INFO  server.RaftServerConfigKeys (ConfUtils.java:logGet(43)) - raft.server.log.queue.element-limit = 1024 (custom)
2019-11-15 21:45:01,236 [pool-27-thread-1] INFO  server.RaftServerConfigKeys (ConfUtils.java:logGet(43)) - raft.server.log.segment.size.max = 1048576 (custom)
2019-11-15 21:45:01,236 [pool-47-thread-1] INFO  server.RaftServerConfigKeys (ConfUtils.java:logGet(43)) - raft.server.log.segment.size.max = 1048576 (custom)
2019-11-15 21:45:01,236 [pool-27-thread-1] INFO  server.RaftServerConfigKeys (ConfUtils.java:logGet(43)) - raft.server.log.preallocated.size = 16384 (custom)
2019-11-15 21:45:01,236 [pool-47-thread-1] INFO  server.RaftServerConfigKeys (ConfUtils.java:logGet(43)) - raft.server.log.preallocated.size = 16384 (custom)
2019-11-15 21:45:01,236 [pool-27-thread-1] INFO  server.RaftServerConfigKeys (ConfUtils.java:logGet(43)) - raft.server.log.write.buffer.size = 33554432 (custom)
2019-11-15 21:45:01,236 [pool-47-thread-1] INFO  server.RaftServerConfigKeys (ConfUtils.java:logGet(43)) - raft.server.log.write.buffer.size = 33554432 (custom)
2019-11-15 21:45:01,237 [pool-27-thread-1] INFO  server.RaftServerConfigKeys (ConfUtils.java:logGet(43)) - raft.server.log.force.sync.num = 128 (default)
2019-11-15 21:45:01,237 [pool-47-thread-1] INFO  server.RaftServerConfigKeys (ConfUtils.java:logGet(43)) - raft.server.log.force.sync.num = 128 (default)
2019-11-15 21:45:01,237 [pool-27-thread-1] INFO  server.RaftServerConfigKeys (ConfUtils.java:logGet(43)) - raft.server.log.statemachine.data.sync = true (default)
2019-11-15 21:45:01,237 [pool-47-thread-1] INFO  server.RaftServerConfigKeys (ConfUtils.java:logGet(43)) - raft.server.log.statemachine.data.sync = true (default)
2019-11-15 21:45:01,237 [pool-27-thread-1] INFO  server.RaftServerConfigKeys (ConfUtils.java:logGet(43)) - raft.server.log.statemachine.data.sync.timeout = 10s (default)
2019-11-15 21:45:01,237 [pool-47-thread-1] INFO  server.RaftServerConfigKeys (ConfUtils.java:logGet(43)) - raft.server.log.statemachine.data.sync.timeout = 10s (default)
2019-11-15 21:45:01,237 [pool-27-thread-1] INFO  server.RaftServerConfigKeys (ConfUtils.java:logGet(43)) - raft.server.log.statemachine.data.sync.timeout.retry = -1 (default)
2019-11-15 21:45:01,237 [pool-47-thread-1] INFO  server.RaftServerConfigKeys (ConfUtils.java:logGet(43)) - raft.server.log.statemachine.data.sync.timeout.retry = -1 (default)
2019-11-15 21:45:01,238 [pool-27-thread-1] INFO  server.RaftServerConfigKeys (ConfUtils.java:logGet(43)) - raft.server.log.statemachine.data.caching.enabled = true (custom)
2019-11-15 21:45:01,238 [pool-47-thread-1] INFO  server.RaftServerConfigKeys (ConfUtils.java:logGet(43)) - raft.server.log.statemachine.data.caching.enabled = true (custom)
2019-11-15 21:45:01,238 [pool-27-thread-1] INFO  segmented.SegmentedRaftLogWorker (SegmentedRaftLogWorker.java:lambda$new$0(128)) - 1a9b7b80-4c06-4af9-a9c0-012844bdcf6e@group-3B89F53E9A29-SegmentedRaftLogWorker: flushIndex: setUnconditionally 0 -> -1
2019-11-15 21:45:01,238 [pool-47-thread-1] INFO  segmented.SegmentedRaftLogWorker (SegmentedRaftLogWorker.java:lambda$new$0(128)) - 0f96ec18-ef95-4dfc-896f-f5f608d82565@group-3B89F53E9A29-SegmentedRaftLogWorker: flushIndex: setUnconditionally 0 -> -1
2019-11-15 21:45:01,238 [pool-27-thread-1] INFO  server.RaftServerConfigKeys (ConfUtils.java:logGet(43)) - raft.server.snapshot.auto.trigger.enabled = true (custom)
2019-11-15 21:45:01,238 [pool-47-thread-1] INFO  server.RaftServerConfigKeys (ConfUtils.java:logGet(43)) - raft.server.snapshot.auto.trigger.enabled = true (custom)
2019-11-15 21:45:01,239 [pool-27-thread-1] INFO  server.RaftServerConfigKeys (ConfUtils.java:logGet(43)) - raft.server.snapshot.auto.trigger.threshold = 10000 (custom)
2019-11-15 21:45:01,239 [pool-47-thread-1] INFO  server.RaftServerConfigKeys (ConfUtils.java:logGet(43)) - raft.server.snapshot.auto.trigger.threshold = 10000 (custom)
2019-11-15 21:45:01,239 [pool-27-thread-1] INFO  server.RaftServerConfigKeys (ConfUtils.java:logGet(43)) - raft.server.snapshot.retention.file.num = 5 (custom)
2019-11-15 21:45:01,239 [pool-47-thread-1] INFO  server.RaftServerConfigKeys (ConfUtils.java:logGet(43)) - raft.server.snapshot.retention.file.num = 5 (custom)
2019-11-15 21:45:01,239 [pool-27-thread-1] INFO  server.RaftServerConfigKeys (ConfUtils.java:logGet(43)) - raft.server.retrycache.expirytime = 600000ms (custom)
2019-11-15 21:45:01,239 [pool-47-thread-1] INFO  server.RaftServerConfigKeys (ConfUtils.java:logGet(43)) - raft.server.retrycache.expirytime = 600000ms (custom)
2019-11-15 21:45:01,239 [pool-27-thread-1] WARN  impl.MetricRegistriesImpl (MetricRegistriesImpl.java:lambda$create$1(61)) - First MetricRegistry has been created without registering reporters. You may need to call MetricRegistries.global().addReportRegistration(...) before.
2019-11-15 21:45:01,239 [pool-47-thread-1] WARN  impl.MetricRegistriesImpl (MetricRegistriesImpl.java:lambda$create$1(61)) - First MetricRegistry has been created without registering reporters. You may need to call MetricRegistries.global().addReportRegistration(...) before.
2019-11-15 21:45:01,240 [pool-27-thread-1] WARN  impl.MetricRegistriesImpl (MetricRegistriesImpl.java:lambda$create$1(61)) - First MetricRegistry has been created without registering reporters. You may need to call MetricRegistries.global().addReportRegistration(...) before.
2019-11-15 21:45:01,240 [pool-47-thread-1] WARN  impl.MetricRegistriesImpl (MetricRegistriesImpl.java:lambda$create$1(61)) - First MetricRegistry has been created without registering reporters. You may need to call MetricRegistries.global().addReportRegistration(...) before.
2019-11-15 21:45:01,240 [pool-27-thread-1] INFO  impl.RaftServerImpl (RaftServerImpl.java:start(184)) - 1a9b7b80-4c06-4af9-a9c0-012844bdcf6e@group-3B89F53E9A29: start as a follower, conf=-1: [0f96ec18-ef95-4dfc-896f-f5f608d82565:192.168.164.206:40487, 1a9b7b80-4c06-4af9-a9c0-012844bdcf6e:192.168.164.206:33171, ca7ad779-39e3-4fe4-8465-c580c93c9c4b:192.168.164.206:36095], old=null
2019-11-15 21:45:01,240 [pool-47-thread-1] INFO  impl.RaftServerImpl (RaftServerImpl.java:start(184)) - 0f96ec18-ef95-4dfc-896f-f5f608d82565@group-3B89F53E9A29: start as a follower, conf=-1: [0f96ec18-ef95-4dfc-896f-f5f608d82565:192.168.164.206:40487, 1a9b7b80-4c06-4af9-a9c0-012844bdcf6e:192.168.164.206:33171, ca7ad779-39e3-4fe4-8465-c580c93c9c4b:192.168.164.206:36095], old=null
2019-11-15 21:45:01,240 [pool-27-thread-1] INFO  impl.RaftServerImpl (RaftServerImpl.java:setRole(173)) - 1a9b7b80-4c06-4af9-a9c0-012844bdcf6e@group-3B89F53E9A29: changes role from      null to FOLLOWER at term 0 for startAsFollower
2019-11-15 21:45:01,240 [pool-47-thread-1] INFO  impl.RaftServerImpl (RaftServerImpl.java:setRole(173)) - 0f96ec18-ef95-4dfc-896f-f5f608d82565@group-3B89F53E9A29: changes role from      null to FOLLOWER at term 0 for startAsFollower
2019-11-15 21:45:01,240 [pool-27-thread-1] INFO  impl.RoleInfo (RoleInfo.java:updateAndGet(143)) - 1a9b7b80-4c06-4af9-a9c0-012844bdcf6e: start FollowerState
2019-11-15 21:45:01,240 [pool-47-thread-1] INFO  impl.RoleInfo (RoleInfo.java:updateAndGet(143)) - 0f96ec18-ef95-4dfc-896f-f5f608d82565: start FollowerState
2019-11-15 21:45:01,241 [pool-27-thread-1] INFO  util.JmxRegister (JmxRegister.java:tryRegister(44)) - Successfully registered JMX Bean with object name Ratis:service=RaftServer,group=group-3B89F53E9A29,id=1a9b7b80-4c06-4af9-a9c0-012844bdcf6e
2019-11-15 21:45:01,241 [pool-47-thread-1] INFO  util.JmxRegister (JmxRegister.java:tryRegister(44)) - Successfully registered JMX Bean with object name Ratis:service=RaftServer,group=group-3B89F53E9A29,id=0f96ec18-ef95-4dfc-896f-f5f608d82565
2019-11-15 21:45:01,241 [pool-27-thread-1] WARN  impl.MetricRegistriesImpl (MetricRegistriesImpl.java:lambda$create$1(61)) - First MetricRegistry has been created without registering reporters. You may need to call MetricRegistries.global().addReportRegistration(...) before.
2019-11-15 21:45:01,241 [pool-47-thread-1] WARN  impl.MetricRegistriesImpl (MetricRegistriesImpl.java:lambda$create$1(61)) - First MetricRegistry has been created without registering reporters. You may need to call MetricRegistries.global().addReportRegistration(...) before.
2019-11-15 21:45:01,242 [Command processor thread] INFO  commandhandler.CreatePipelineCommandHandler (CreatePipelineCommandHandler.java:handle(86)) - Create Pipeline RATIS THREE #id: "efbd1fbd-2b36-4e6a-aa7d-3b89f53e9a29"
 command succeed on datanode 1a9b7b80-4c06-4af9-a9c0-012844bdcf6e.
2019-11-15 21:45:01,242 [Command processor thread] INFO  commandhandler.CreatePipelineCommandHandler (CreatePipelineCommandHandler.java:handle(86)) - Create Pipeline RATIS THREE #id: "efbd1fbd-2b36-4e6a-aa7d-3b89f53e9a29"
 command succeed on datanode 0f96ec18-ef95-4dfc-896f-f5f608d82565.
2019-11-15 21:45:01,243 [EventQueue-PipelineReportForPipelineReportHandler] INFO  pipeline.PipelineReportHandler (PipelineReportHandler.java:processPipelineReport(113)) - Pipeline THREE PipelineID=efbd1fbd-2b36-4e6a-aa7d-3b89f53e9a29 reported by 1a9b7b80-4c06-4af9-a9c0-012844bdcf6e{ip: 192.168.164.206, host: pr-hdds-2488-master-phq9t-3211896822, networkLocation: /default-rack, certSerialId: null}
2019-11-15 21:45:01,243 [EventQueue-PipelineReportForPipelineReportHandler] INFO  pipeline.PipelineReportHandler (PipelineReportHandler.java:processPipelineReport(113)) - Pipeline THREE PipelineID=efbd1fbd-2b36-4e6a-aa7d-3b89f53e9a29 reported by 0f96ec18-ef95-4dfc-896f-f5f608d82565{ip: 192.168.164.206, host: pr-hdds-2488-master-phq9t-3211896822, networkLocation: /default-rack, certSerialId: null}
 0.00% |?                                                                                                    |  0/1 Time: 0:00:022019-11-15 21:45:02,027 [Command processor thread] INFO  impl.RaftServerProxy (RaftServerProxy.java:remove(95)) - ca7ad779-39e3-4fe4-8465-c580c93c9c4b: remove    LEADER ca7ad779-39e3-4fe4-8465-c580c93c9c4b@group-018D242E8781:t2, leader=ca7ad779-39e3-4fe4-8465-c580c93c9c4b, voted=ca7ad779-39e3-4fe4-8465-c580c93c9c4b, raftlog=ca7ad779-39e3-4fe4-8465-c580c93c9c4b@group-018D242E8781-SegmentedRaftLog:OPENED:c78,f78,i78, conf=0: [0f96ec18-ef95-4dfc-896f-f5f608d82565:192.168.164.206:40487, 1a9b7b80-4c06-4af9-a9c0-012844bdcf6e:192.168.164.206:33171, ca7ad779-39e3-4fe4-8465-c580c93c9c4b:192.168.164.206:36095], old=null RUNNING
2019-11-15 21:45:02,027 [Command processor thread] INFO  impl.RaftServerImpl (RaftServerImpl.java:lambda$shutdown$3(250)) - ca7ad779-39e3-4fe4-8465-c580c93c9c4b@group-018D242E8781: shutdown
2019-11-15 21:45:02,027 [Command processor thread] INFO  util.JmxRegister (JmxRegister.java:unregister(73)) - Successfully un-registered JMX Bean with object name Ratis:service=RaftServer,group=group-018D242E8781,id=ca7ad779-39e3-4fe4-8465-c580c93c9c4b
2019-11-15 21:45:02,027 [Command processor thread] INFO  impl.RoleInfo (RoleInfo.java:shutdownLeaderState(104)) - ca7ad779-39e3-4fe4-8465-c580c93c9c4b: shutdown LeaderState
2019-11-15 21:45:02,030 [Command processor thread] INFO  impl.PendingRequests (PendingRequests.java:sendNotLeaderResponses(206)) - ca7ad779-39e3-4fe4-8465-c580c93c9c4b@group-018D242E8781-PendingRequests: sendNotLeaderResponses
2019-11-15 21:45:02,030 [org.apache.ratis.server.impl.LogAppender$AppenderDaemon$$Lambda$465/2002485149@2b52e1] WARN  server.GrpcLogAppender (GrpcLogAppender.java:mayWait(151)) - ca7ad779-39e3-4fe4-8465-c580c93c9c4b@group-018D242E8781->0f96ec18-ef95-4dfc-896f-f5f608d82565-GrpcLogAppender: Wait interrupted by java.lang.InterruptedException
2019-11-15 21:45:02,030 [org.apache.ratis.server.impl.LogAppender$AppenderDaemon$$Lambda$465/2002485149@6318a47e] WARN  server.GrpcLogAppender (GrpcLogAppender.java:mayWait(151)) - ca7ad779-39e3-4fe4-8465-c580c93c9c4b@group-018D242E8781->1a9b7b80-4c06-4af9-a9c0-012844bdcf6e-GrpcLogAppender: Wait interrupted by java.lang.InterruptedException
2019-11-15 21:45:02,038 [Command processor thread] INFO  impl.StateMachineUpdater (StateMachineUpdater.java:stopAndJoin(136)) - ca7ad779-39e3-4fe4-8465-c580c93c9c4b@group-018D242E8781-StateMachineUpdater: set stopIndex = 78
2019-11-15 21:45:02,038 [ca7ad779-39e3-4fe4-8465-c580c93c9c4b@group-018D242E8781-StateMachineUpdater] INFO  ratis.ContainerStateMachine (ContainerStateMachine.java:takeSnapshot(285)) - group-018D242E8781: Taking a snapshot at:(t:2, i:76) file /workdir/hadoop-ozone/tools/target/test-dir/MiniOzoneClusterImpl-7fe25af5-06e5-4291-8af4-3b47a5a06090/datanode-1/data/ratis/07602e70-af0f-4d52-823a-018d242e8781/sm/snapshot.2_76
2019-11-15 21:45:02,038 [grpc-default-executor-5] INFO  server.GrpcServerProtocolService (GrpcServerProtocolService.java:onCompleted(113)) - 0f96ec18-ef95-4dfc-896f-f5f608d82565: Completed APPEND_ENTRIES, lastRequest: ca7ad779-39e3-4fe4-8465-c580c93c9c4b->0f96ec18-ef95-4dfc-896f-f5f608d82565#82-t2, previous=(t:2, i:78), leaderCommit=78, initializing? false, entries: <empty>
2019-11-15 21:45:02,038 [grpc-default-executor-2] INFO  server.GrpcServerProtocolService (GrpcServerProtocolService.java:onCompleted(113)) - 1a9b7b80-4c06-4af9-a9c0-012844bdcf6e: Completed APPEND_ENTRIES, lastRequest: ca7ad779-39e3-4fe4-8465-c580c93c9c4b->1a9b7b80-4c06-4af9-a9c0-012844bdcf6e#82-t2, previous=(t:2, i:78), leaderCommit=78, initializing? false, entries: <empty>
2019-11-15 21:45:02,040 [grpc-default-executor-5] INFO  server.GrpcLogAppender (GrpcLogAppender.java:onCompleted(308)) - ca7ad779-39e3-4fe4-8465-c580c93c9c4b@group-018D242E8781->1a9b7b80-4c06-4af9-a9c0-012844bdcf6e-AppendLogResponseHandler: follower responses appendEntries COMPLETED
2019-11-15 21:45:02,041 [grpc-default-executor-2] INFO  server.GrpcLogAppender (GrpcLogAppender.java:onCompleted(308)) - ca7ad779-39e3-4fe4-8465-c580c93c9c4b@group-018D242E8781->0f96ec18-ef95-4dfc-896f-f5f608d82565-AppendLogResponseHandler: follower responses appendEntries COMPLETED
2019-11-15 21:45:02,047 [grpc-default-executor-5] INFO  impl.FollowerInfo (FollowerInfo.java:lambda$new$0(51)) - ca7ad779-39e3-4fe4-8465-c580c93c9c4b@group-018D242E8781->1a9b7b80-4c06-4af9-a9c0-012844bdcf6e: nextIndex: updateUnconditionally 79 -> 78
2019-11-15 21:45:02,048 [ca7ad779-39e3-4fe4-8465-c580c93c9c4b@group-018D242E8781-StateMachineUpdater] INFO  ratis.ContainerStateMachine (ContainerStateMachine.java:takeSnapshot(296)) - group-018D242E8781: Finished taking a snapshot at:(t:2, i:76) file:/workdir/hadoop-ozone/tools/target/test-dir/MiniOzoneClusterImpl-7fe25af5-06e5-4291-8af4-3b47a5a06090/datanode-1/data/ratis/07602e70-af0f-4d52-823a-018d242e8781/sm/snapshot.2_76 time:10
2019-11-15 21:45:02,047 [grpc-default-executor-2] INFO  impl.FollowerInfo (FollowerInfo.java:lambda$new$0(51)) - ca7ad779-39e3-4fe4-8465-c580c93c9c4b@group-018D242E8781->0f96ec18-ef95-4dfc-896f-f5f608d82565: nextIndex: updateUnconditionally 79 -> 78
2019-11-15 21:45:02,048 [ca7ad779-39e3-4fe4-8465-c580c93c9c4b@group-018D242E8781-StateMachineUpdater] INFO  impl.StateMachineUpdater (StateMachineUpdater.java:takeSnapshot(269)) - ca7ad779-39e3-4fe4-8465-c580c93c9c4b@group-018D242E8781-StateMachineUpdater: Took a snapshot at index 76
2019-11-15 21:45:02,048 [ca7ad779-39e3-4fe4-8465-c580c93c9c4b@group-018D242E8781-StateMachineUpdater] INFO  impl.StateMachineUpdater (StateMachineUpdater.java:lambda$new$0(84)) - ca7ad779-39e3-4fe4-8465-c580c93c9c4b@group-018D242E8781-StateMachineUpdater: snapshotIndex: updateIncreasingly -1 -> 76
2019-11-15 21:45:02,048 [ca7ad779-39e3-4fe4-8465-c580c93c9c4b@group-018D242E8781-StateMachineUpdater] INFO  ratis.ContainerStateMachine (ContainerStateMachine.java:takeSnapshot(285)) - group-018D242E8781: Taking a snapshot at:(t:2, i:76) file /workdir/hadoop-ozone/tools/target/test-dir/MiniOzoneClusterImpl-7fe25af5-06e5-4291-8af4-3b47a5a06090/datanode-1/data/ratis/07602e70-af0f-4d52-823a-018d242e8781/sm/snapshot.2_76
2019-11-15 21:45:02,071 [ca7ad779-39e3-4fe4-8465-c580c93c9c4b@group-018D242E8781-StateMachineUpdater] INFO  ratis.ContainerStateMachine (ContainerStateMachine.java:takeSnapshot(296)) - group-018D242E8781: Finished taking a snapshot at:(t:2, i:76) file:/workdir/hadoop-ozone/tools/target/test-dir/MiniOzoneClusterImpl-7fe25af5-06e5-4291-8af4-3b47a5a06090/datanode-1/data/ratis/07602e70-af0f-4d52-823a-018d242e8781/sm/snapshot.2_76 time:23
2019-11-15 21:45:02,071 [ca7ad779-39e3-4fe4-8465-c580c93c9c4b@group-018D242E8781-StateMachineUpdater] INFO  impl.StateMachineUpdater (StateMachineUpdater.java:takeSnapshot(269)) - ca7ad779-39e3-4fe4-8465-c580c93c9c4b@group-018D242E8781-StateMachineUpdater: Took a snapshot at index 76
2019-11-15 21:45:02,071 [ca7ad779-39e3-4fe4-8465-c580c93c9c4b@group-018D242E8781-StateMachineUpdater] INFO  impl.StateMachineUpdater (StateMachineUpdater.java:lambda$new$0(84)) - ca7ad779-39e3-4fe4-8465-c580c93c9c4b@group-018D242E8781-StateMachineUpdater: snapshotIndex: updateIncreasingly 76 -> 76
2019-11-15 21:45:02,072 [Command processor thread] INFO  impl.RaftServerImpl (ServerState.java:close(387)) - ca7ad779-39e3-4fe4-8465-c580c93c9c4b@group-018D242E8781: closes. applyIndex: 78
2019-11-15 21:45:02,072 [ca7ad779-39e3-4fe4-8465-c580c93c9c4b@group-018D242E8781-SegmentedRaftLogWorker] INFO  segmented.SegmentedRaftLogWorker (SegmentedRaftLogWorker.java:run(316)) - ca7ad779-39e3-4fe4-8465-c580c93c9c4b@group-018D242E8781-SegmentedRaftLogWorker was interrupted, exiting. There are 0 tasks remaining in the queue.
2019-11-15 21:45:02,073 [Command processor thread] INFO  segmented.SegmentedRaftLogWorker (SegmentedRaftLogWorker.java:close(224)) - ca7ad779-39e3-4fe4-8465-c580c93c9c4b@group-018D242E8781-SegmentedRaftLogWorker close()
2019-11-15 21:45:02,092 [Command processor thread] INFO  interfaces.Container (KeyValueContainer.java:flushAndSyncDB(400)) - Container 1 is synced with bcsId 60.
2019-11-15 21:45:02,093 [Command processor thread] INFO  interfaces.Container (KeyValueContainer.java:flushAndSyncDB(400)) - Container 1 is synced with bcsId 60.
2019-11-15 21:45:02,107 [Command processor thread] INFO  interfaces.Container (KeyValueContainer.java:flushAndSyncDB(400)) - Container 2 is synced with bcsId 76.
2019-11-15 21:45:02,108 [Command processor thread] INFO  interfaces.Container (KeyValueContainer.java:flushAndSyncDB(400)) - Container 2 is synced with bcsId 76.
2019-11-15 21:45:02,146 [Command processor thread] INFO  interfaces.Container (KeyValueContainer.java:flushAndSyncDB(400)) - Container 3 is synced with bcsId 42.
2019-11-15 21:45:02,146 [Command processor thread] INFO  interfaces.Container (KeyValueContainer.java:flushAndSyncDB(400)) - Container 3 is synced with bcsId 42.
2019-11-15 21:45:02,160 [Command processor thread] INFO  commandhandler.ClosePipelineCommandHandler (ClosePipelineCommandHandler.java:handle(78)) - Close Pipeline #id: "07602e70-af0f-4d52-823a-018d242e8781"
 command on datanode #ca7ad779-39e3-4fe4-8465-c580c93c9c4b.
2019-11-15 21:45:02,160 [Command processor thread] INFO  impl.RaftServerProxy (RaftServerProxy.java:addNew(89)) - ca7ad779-39e3-4fe4-8465-c580c93c9c4b: addNew group-3B89F53E9A29:[0f96ec18-ef95-4dfc-896f-f5f608d82565:192.168.164.206:40487, 1a9b7b80-4c06-4af9-a9c0-012844bdcf6e:192.168.164.206:33171, ca7ad779-39e3-4fe4-8465-c580c93c9c4b:192.168.164.206:36095] returns group-3B89F53E9A29:java.util.concurrent.CompletableFuture@18bc3f03[Not completed]
2019-11-15 21:45:02,163 [pool-37-thread-1] INFO  impl.RaftServerImpl (RaftServerImpl.java:<init>(98)) - ca7ad779-39e3-4fe4-8465-c580c93c9c4b: new RaftServerImpl for group-3B89F53E9A29:[0f96ec18-ef95-4dfc-896f-f5f608d82565:192.168.164.206:40487, 1a9b7b80-4c06-4af9-a9c0-012844bdcf6e:192.168.164.206:33171, ca7ad779-39e3-4fe4-8465-c580c93c9c4b:192.168.164.206:36095] with ContainerStateMachine:uninitialized
2019-11-15 21:45:02,163 [pool-37-thread-1] INFO  server.RaftServerConfigKeys (ConfUtils.java:logGet(43)) - raft.server.rpc.timeout.min = 5s (custom)
2019-11-15 21:45:02,163 [pool-37-thread-1] INFO  server.RaftServerConfigKeys (ConfUtils.java:logGet(43)) - raft.server.rpc.timeout.max = 5200ms (custom)
2019-11-15 21:45:02,163 [pool-37-thread-1] INFO  server.RaftServerConfigKeys (ConfUtils.java:logGet(43)) - raft.server.rpcslowness.timeout = 120s (custom)
2019-11-15 21:45:02,163 [pool-37-thread-1] INFO  server.RaftServerConfigKeys (ConfUtils.java:logGet(43)) - raft.server.sleep.deviation.threshold = 300 (default)
2019-11-15 21:45:02,163 [pool-37-thread-1] INFO  server.RaftServerConfigKeys (ConfUtils.java:logGet(43)) - raft.server.log.appender.install.snapshot.enabled = false (custom)
2019-11-15 21:45:02,163 [pool-37-thread-1] INFO  impl.RaftServerImpl (ServerState.java:<init>(103)) - ca7ad779-39e3-4fe4-8465-c580c93c9c4b@group-3B89F53E9A29: ConfigurationManager, init=-1: [0f96ec18-ef95-4dfc-896f-f5f608d82565:192.168.164.206:40487, 1a9b7b80-4c06-4af9-a9c0-012844bdcf6e:192.168.164.206:33171, ca7ad779-39e3-4fe4-8465-c580c93c9c4b:192.168.164.206:36095], old=null, confs=<EMPTY_MAP>
2019-11-15 21:45:02,164 [pool-37-thread-1] INFO  server.RaftServerConfigKeys (ConfUtils.java:logGet(43)) - raft.server.storage.dir = [/workdir/hadoop-ozone/tools/target/test-dir/MiniOzoneClusterImpl-7fe25af5-06e5-4291-8af4-3b47a5a06090/datanode-1/data/ratis] (custom)
2019-11-15 21:45:02,164 [pool-37-thread-1] INFO  server.RaftServerConfigKeys (ConfUtils.java:logGet(43)) - raft.server.log.corruption.policy = EXCEPTION (default)
2019-11-15 21:45:02,164 [pool-37-thread-1] INFO  storage.RaftStorageDirectory (RaftStorageDirectory.java:analyzeStorage(246)) - The storage directory /workdir/hadoop-ozone/tools/target/test-dir/MiniOzoneClusterImpl-7fe25af5-06e5-4291-8af4-3b47a5a06090/datanode-1/data/ratis/efbd1fbd-2b36-4e6a-aa7d-3b89f53e9a29 does not exist. Creating ...
2019-11-15 21:45:02,177 [pool-37-thread-1] INFO  storage.RaftStorageDirectory (RaftStorageDirectory.java:tryLock(328)) - Lock on /workdir/hadoop-ozone/tools/target/test-dir/MiniOzoneClusterImpl-7fe25af5-06e5-4291-8af4-3b47a5a06090/datanode-1/data/ratis/efbd1fbd-2b36-4e6a-aa7d-3b89f53e9a29/in_use.lock acquired by nodename 30597@pr-hdds-2488-master-phq9t-3211896822
2019-11-15 21:45:02,189 [pool-37-thread-1] INFO  storage.RaftStorage (RaftStorage.java:format(84)) - Storage directory /workdir/hadoop-ozone/tools/target/test-dir/MiniOzoneClusterImpl-7fe25af5-06e5-4291-8af4-3b47a5a06090/datanode-1/data/ratis/efbd1fbd-2b36-4e6a-aa7d-3b89f53e9a29 has been successfully formatted.
2019-11-15 21:45:02,189 [pool-37-thread-1] INFO  ratis.ContainerStateMachine (ContainerStateMachine.java:loadSnapshot(223)) - group-3B89F53E9A29: The snapshot info is null. Setting the last applied indexto:(t:0, i:~)
2019-11-15 21:45:02,190 [pool-37-thread-1] INFO  server.RaftServerConfigKeys (ConfUtils.java:logGet(43)) - raft.server.notification.no-leader.timeout = 120s (custom)
2019-11-15 21:45:02,190 [pool-37-thread-1] INFO  server.RaftServerConfigKeys (ConfUtils.java:logGet(43)) - raft.server.log.use.memory = false (default)
2019-11-15 21:45:02,190 [pool-37-thread-1] INFO  server.RaftServerConfigKeys (ConfUtils.java:logGet(43)) - raft.server.log.purge.gap = 1000000 (custom)
2019-11-15 21:45:02,190 [pool-37-thread-1] INFO  server.RaftServerConfigKeys (ConfUtils.java:logGet(43)) - raft.server.log.appender.buffer.byte-limit = 33554432 (custom)
2019-11-15 21:45:02,190 [pool-37-thread-1] INFO  server.RaftServerConfigKeys (ConfUtils.java:logGet(43)) - raft.server.log.segment.size.max = 1048576 (custom)
2019-11-15 21:45:02,190 [pool-37-thread-1] INFO  server.RaftServerConfigKeys (ConfUtils.java:logGet(43)) - raft.server.log.segment.cache.num.max = 2 (custom)
2019-11-15 21:45:02,190 [pool-37-thread-1] INFO  segmented.SegmentedRaftLogWorker (SegmentedRaftLogWorker.java:<init>(173)) - new ca7ad779-39e3-4fe4-8465-c580c93c9c4b@group-3B89F53E9A29-SegmentedRaftLogWorker for RaftStorage:Storage Directory /workdir/hadoop-ozone/tools/target/test-dir/MiniOzoneClusterImpl-7fe25af5-06e5-4291-8af4-3b47a5a06090/datanode-1/data/ratis/efbd1fbd-2b36-4e6a-aa7d-3b89f53e9a29
2019-11-15 21:45:02,190 [pool-37-thread-1] INFO  server.RaftServerConfigKeys (ConfUtils.java:logGet(43)) - raft.server.log.queue.byte-limit = 2147483647 (custom)
2019-11-15 21:45:02,190 [pool-37-thread-1] INFO  server.RaftServerConfigKeys (ConfUtils.java:logGet(43)) - raft.server.log.queue.element-limit = 1024 (custom)
2019-11-15 21:45:02,190 [pool-37-thread-1] INFO  server.RaftServerConfigKeys (ConfUtils.java:logGet(43)) - raft.server.log.segment.size.max = 1048576 (custom)
2019-11-15 21:45:02,191 [pool-37-thread-1] INFO  server.RaftServerConfigKeys (ConfUtils.java:logGet(43)) - raft.server.log.preallocated.size = 16384 (custom)
2019-11-15 21:45:02,191 [pool-37-thread-1] INFO  server.RaftServerConfigKeys (ConfUtils.java:logGet(43)) - raft.server.log.write.buffer.size = 33554432 (custom)
2019-11-15 21:45:02,191 [pool-37-thread-1] INFO  server.RaftServerConfigKeys (ConfUtils.java:logGet(43)) - raft.server.log.force.sync.num = 128 (default)
2019-11-15 21:45:02,191 [pool-37-thread-1] INFO  server.RaftServerConfigKeys (ConfUtils.java:logGet(43)) - raft.server.log.statemachine.data.sync = true (default)
2019-11-15 21:45:02,191 [pool-37-thread-1] INFO  server.RaftServerConfigKeys (ConfUtils.java:logGet(43)) - raft.server.log.statemachine.data.sync.timeout = 10s (default)
2019-11-15 21:45:02,191 [pool-37-thread-1] INFO  server.RaftServerConfigKeys (ConfUtils.java:logGet(43)) - raft.server.log.statemachine.data.sync.timeout.retry = -1 (default)
2019-11-15 21:45:02,191 [pool-37-thread-1] INFO  server.RaftServerConfigKeys (ConfUtils.java:logGet(43)) - raft.server.log.statemachine.data.caching.enabled = true (custom)
2019-11-15 21:45:02,192 [pool-37-thread-1] INFO  segmented.SegmentedRaftLogWorker (SegmentedRaftLogWorker.java:lambda$new$0(128)) - ca7ad779-39e3-4fe4-8465-c580c93c9c4b@group-3B89F53E9A29-SegmentedRaftLogWorker: flushIndex: setUnconditionally 0 -> -1
2019-11-15 21:45:02,192 [pool-37-thread-1] INFO  server.RaftServerConfigKeys (ConfUtils.java:logGet(43)) - raft.server.snapshot.auto.trigger.enabled = true (custom)
2019-11-15 21:45:02,192 [pool-37-thread-1] INFO  server.RaftServerConfigKeys (ConfUtils.java:logGet(43)) - raft.server.snapshot.auto.trigger.threshold = 10000 (custom)
2019-11-15 21:45:02,192 [pool-37-thread-1] INFO  server.RaftServerConfigKeys (ConfUtils.java:logGet(43)) - raft.server.snapshot.retention.file.num = 5 (custom)
2019-11-15 21:45:02,192 [pool-37-thread-1] INFO  server.RaftServerConfigKeys (ConfUtils.java:logGet(43)) - raft.server.retrycache.expirytime = 600000ms (custom)
2019-11-15 21:45:02,192 [pool-37-thread-1] WARN  impl.MetricRegistriesImpl (MetricRegistriesImpl.java:lambda$create$1(61)) - First MetricRegistry has been created without registering reporters. You may need to call MetricRegistries.global().addReportRegistration(...) before.
2019-11-15 21:45:02,192 [pool-37-thread-1] WARN  impl.MetricRegistriesImpl (MetricRegistriesImpl.java:lambda$create$1(61)) - First MetricRegistry has been created without registering reporters. You may need to call MetricRegistries.global().addReportRegistration(...) before.
2019-11-15 21:45:02,193 [pool-37-thread-1] INFO  impl.RaftServerImpl (RaftServerImpl.java:start(184)) - ca7ad779-39e3-4fe4-8465-c580c93c9c4b@group-3B89F53E9A29: start as a follower, conf=-1: [0f96ec18-ef95-4dfc-896f-f5f608d82565:192.168.164.206:40487, 1a9b7b80-4c06-4af9-a9c0-012844bdcf6e:192.168.164.206:33171, ca7ad779-39e3-4fe4-8465-c580c93c9c4b:192.168.164.206:36095], old=null
2019-11-15 21:45:02,193 [pool-37-thread-1] INFO  impl.RaftServerImpl (RaftServerImpl.java:setRole(173)) - ca7ad779-39e3-4fe4-8465-c580c93c9c4b@group-3B89F53E9A29: changes role from      null to FOLLOWER at term 0 for startAsFollower
2019-11-15 21:45:02,193 [pool-37-thread-1] INFO  impl.RoleInfo (RoleInfo.java:updateAndGet(143)) - ca7ad779-39e3-4fe4-8465-c580c93c9c4b: start FollowerState
2019-11-15 21:45:02,193 [pool-37-thread-1] INFO  util.JmxRegister (JmxRegister.java:tryRegister(44)) - Successfully registered JMX Bean with object name Ratis:service=RaftServer,group=group-3B89F53E9A29,id=ca7ad779-39e3-4fe4-8465-c580c93c9c4b
2019-11-15 21:45:02,193 [pool-37-thread-1] WARN  impl.MetricRegistriesImpl (MetricRegistriesImpl.java:lambda$create$1(61)) - First MetricRegistry has been created without registering reporters. You may need to call MetricRegistries.global().addReportRegistration(...) before.
2019-11-15 21:45:02,193 [Command processor thread] INFO  commandhandler.CreatePipelineCommandHandler (CreatePipelineCommandHandler.java:handle(86)) - Create Pipeline RATIS THREE #id: "efbd1fbd-2b36-4e6a-aa7d-3b89f53e9a29"
 command succeed on datanode ca7ad779-39e3-4fe4-8465-c580c93c9c4b.
2019-11-15 21:45:02,194 [EventQueue-PipelineReportForPipelineReportHandler] INFO  pipeline.PipelineReportHandler (PipelineReportHandler.java:processPipelineReport(113)) - Pipeline THREE PipelineID=efbd1fbd-2b36-4e6a-aa7d-3b89f53e9a29 reported by ca7ad779-39e3-4fe4-8465-c580c93c9c4b{ip: 192.168.164.206, host: pr-hdds-2488-master-phq9t-3211896822, networkLocation: /default-rack, certSerialId: null}
 0.00% |?                                                                                                    |  0/1 Time: 0:00:03 0.00% |?                                                                                                    |  0/1 Time: 0:00:04 100.00% |?????????????????????????????????????????????????????????????????????????????????????????????????????|  1/1 Time: 0:00:05
2019-11-15 21:45:06,345 [Thread-468] INFO  impl.FollowerState (FollowerState.java:run(111)) - 1a9b7b80-4c06-4af9-a9c0-012844bdcf6e@group-3B89F53E9A29-FollowerState: change to CANDIDATE, lastRpcTime:5104ms, electionTimeout:5104ms
2019-11-15 21:45:06,345 [Thread-468] INFO  impl.RoleInfo (RoleInfo.java:shutdownFollowerState(121)) - 1a9b7b80-4c06-4af9-a9c0-012844bdcf6e: shutdown FollowerState
2019-11-15 21:45:06,345 [Thread-468] INFO  impl.RaftServerImpl (RaftServerImpl.java:setRole(173)) - 1a9b7b80-4c06-4af9-a9c0-012844bdcf6e@group-3B89F53E9A29: changes role from  FOLLOWER to CANDIDATE at term 0 for changeToCandidate
2019-11-15 21:45:06,345 [Thread-468] INFO  impl.RoleInfo (RoleInfo.java:updateAndGet(143)) - 1a9b7b80-4c06-4af9-a9c0-012844bdcf6e: start LeaderElection
2019-11-15 21:45:06,347 [Thread-469] INFO  impl.FollowerState (FollowerState.java:run(111)) - 0f96ec18-ef95-4dfc-896f-f5f608d82565@group-3B89F53E9A29-FollowerState: change to CANDIDATE, lastRpcTime:5106ms, electionTimeout:5105ms
2019-11-15 21:45:06,347 [Thread-469] INFO  impl.RoleInfo (RoleInfo.java:shutdownFollowerState(121)) - 0f96ec18-ef95-4dfc-896f-f5f608d82565: shutdown FollowerState
2019-11-15 21:45:06,347 [Thread-469] INFO  impl.RaftServerImpl (RaftServerImpl.java:setRole(173)) - 0f96ec18-ef95-4dfc-896f-f5f608d82565@group-3B89F53E9A29: changes role from  FOLLOWER to CANDIDATE at term 0 for changeToCandidate
2019-11-15 21:45:06,348 [Thread-469] INFO  impl.RoleInfo (RoleInfo.java:updateAndGet(143)) - 0f96ec18-ef95-4dfc-896f-f5f608d82565: start LeaderElection
2019-11-15 21:45:06,366 [0f96ec18-ef95-4dfc-896f-f5f608d82565@group-3B89F53E9A29-LeaderElection9] INFO  impl.LeaderElection (LeaderElection.java:askForVotes(178)) - 0f96ec18-ef95-4dfc-896f-f5f608d82565@group-3B89F53E9A29-LeaderElection9: begin an election at term 1 for -1: [0f96ec18-ef95-4dfc-896f-f5f608d82565:192.168.164.206:40487, 1a9b7b80-4c06-4af9-a9c0-012844bdcf6e:192.168.164.206:33171, ca7ad779-39e3-4fe4-8465-c580c93c9c4b:192.168.164.206:36095], old=null
2019-11-15 21:45:06,366 [1a9b7b80-4c06-4af9-a9c0-012844bdcf6e@group-3B89F53E9A29-LeaderElection8] INFO  impl.LeaderElection (LeaderElection.java:askForVotes(178)) - 1a9b7b80-4c06-4af9-a9c0-012844bdcf6e@group-3B89F53E9A29-LeaderElection8: begin an election at term 1 for -1: [0f96ec18-ef95-4dfc-896f-f5f608d82565:192.168.164.206:40487, 1a9b7b80-4c06-4af9-a9c0-012844bdcf6e:192.168.164.206:33171, ca7ad779-39e3-4fe4-8465-c580c93c9c4b:192.168.164.206:36095], old=null
2019-11-15 21:45:06,375 [grpc-default-executor-5] INFO  impl.RaftServerImpl (RaftServerImpl.java:setRole(173)) - ca7ad779-39e3-4fe4-8465-c580c93c9c4b@group-3B89F53E9A29: changes role from  FOLLOWER to FOLLOWER at term 1 for recognizeCandidate:0f96ec18-ef95-4dfc-896f-f5f608d82565
2019-11-15 21:45:06,375 [grpc-default-executor-5] INFO  impl.RoleInfo (RoleInfo.java:shutdownFollowerState(121)) - ca7ad779-39e3-4fe4-8465-c580c93c9c4b: shutdown FollowerState
2019-11-15 21:45:06,376 [grpc-default-executor-5] INFO  impl.RoleInfo (RoleInfo.java:updateAndGet(143)) - ca7ad779-39e3-4fe4-8465-c580c93c9c4b: start FollowerState
2019-11-15 21:45:06,376 [Thread-472] INFO  impl.FollowerState (FollowerState.java:run(120)) - ca7ad779-39e3-4fe4-8465-c580c93c9c4b@group-3B89F53E9A29-FollowerState was interrupted: java.lang.InterruptedException: sleep interrupted
2019-11-15 21:45:06,395 [0f96ec18-ef95-4dfc-896f-f5f608d82565@group-3B89F53E9A29-LeaderElection9] INFO  impl.LeaderElection (LeaderElection.java:logAndReturn(56)) - 0f96ec18-ef95-4dfc-896f-f5f608d82565@group-3B89F53E9A29-LeaderElection9: Election PASSED; received 2 response(s) [0f96ec18-ef95-4dfc-896f-f5f608d82565<-1a9b7b80-4c06-4af9-a9c0-012844bdcf6e#0:FAIL-t1, 0f96ec18-ef95-4dfc-896f-f5f608d82565<-ca7ad779-39e3-4fe4-8465-c580c93c9c4b#0:OK-t1] and 0 exception(s); 0f96ec18-ef95-4dfc-896f-f5f608d82565@group-3B89F53E9A29:t1, leader=null, voted=0f96ec18-ef95-4dfc-896f-f5f608d82565, raftlog=0f96ec18-ef95-4dfc-896f-f5f608d82565@group-3B89F53E9A29-SegmentedRaftLog:OPENED:c-1,f-1,i0, conf=-1: [0f96ec18-ef95-4dfc-896f-f5f608d82565:192.168.164.206:40487, 1a9b7b80-4c06-4af9-a9c0-012844bdcf6e:192.168.164.206:33171, ca7ad779-39e3-4fe4-8465-c580c93c9c4b:192.168.164.206:36095], old=null
2019-11-15 21:45:06,395 [1a9b7b80-4c06-4af9-a9c0-012844bdcf6e@group-3B89F53E9A29-LeaderElection8] INFO  impl.LeaderElection (LeaderElection.java:logAndReturn(56)) - 1a9b7b80-4c06-4af9-a9c0-012844bdcf6e@group-3B89F53E9A29-LeaderElection8: Election REJECTED; received 2 response(s) [1a9b7b80-4c06-4af9-a9c0-012844bdcf6e<-0f96ec18-ef95-4dfc-896f-f5f608d82565#0:FAIL-t1, 1a9b7b80-4c06-4af9-a9c0-012844bdcf6e<-ca7ad779-39e3-4fe4-8465-c580c93c9c4b#0:FAIL-t1] and 0 exception(s); 1a9b7b80-4c06-4af9-a9c0-012844bdcf6e@group-3B89F53E9A29:t1, leader=null, voted=1a9b7b80-4c06-4af9-a9c0-012844bdcf6e, raftlog=1a9b7b80-4c06-4af9-a9c0-012844bdcf6e@group-3B89F53E9A29-SegmentedRaftLog:OPENED:c-1,f-1,i0, conf=-1: [0f96ec18-ef95-4dfc-896f-f5f608d82565:192.168.164.206:40487, 1a9b7b80-4c06-4af9-a9c0-012844bdcf6e:192.168.164.206:33171, ca7ad779-39e3-4fe4-8465-c580c93c9c4b:192.168.164.206:36095], old=null
2019-11-15 21:45:06,395 [0f96ec18-ef95-4dfc-896f-f5f608d82565@group-3B89F53E9A29-LeaderElection9] INFO  impl.RoleInfo (RoleInfo.java:shutdownLeaderElection(134)) - 0f96ec18-ef95-4dfc-896f-f5f608d82565: shutdown LeaderElection
2019-11-15 21:45:06,397 [1a9b7b80-4c06-4af9-a9c0-012844bdcf6e@group-3B89F53E9A29-LeaderElection8] INFO  impl.RaftServerImpl (RaftServerImpl.java:setRole(173)) - 1a9b7b80-4c06-4af9-a9c0-012844bdcf6e@group-3B89F53E9A29: changes role from CANDIDATE to FOLLOWER at term 1 for DISCOVERED_A_NEW_TERM
2019-11-15 21:45:06,397 [0f96ec18-ef95-4dfc-896f-f5f608d82565@group-3B89F53E9A29-LeaderElection9] INFO  impl.RaftServerImpl (RaftServerImpl.java:setRole(173)) - 0f96ec18-ef95-4dfc-896f-f5f608d82565@group-3B89F53E9A29: changes role from CANDIDATE to LEADER at term 1 for changeToLeader
2019-11-15 21:45:06,398 [1a9b7b80-4c06-4af9-a9c0-012844bdcf6e@group-3B89F53E9A29-LeaderElection8] INFO  impl.RoleInfo (RoleInfo.java:shutdownLeaderElection(134)) - 1a9b7b80-4c06-4af9-a9c0-012844bdcf6e: shutdown LeaderElection
2019-11-15 21:45:06,398 [0f96ec18-ef95-4dfc-896f-f5f608d82565@group-3B89F53E9A29-LeaderElection9] INFO  ratis.XceiverServerRatis (XceiverServerRatis.java:handleLeaderChangedNotification(733)) - Leader change notification received for group: group-3B89F53E9A29 with new leaderId: 0f96ec18-ef95-4dfc-896f-f5f608d82565
2019-11-15 21:45:06,398 [1a9b7b80-4c06-4af9-a9c0-012844bdcf6e@group-3B89F53E9A29-LeaderElection8] INFO  impl.RoleInfo (RoleInfo.java:updateAndGet(143)) - 1a9b7b80-4c06-4af9-a9c0-012844bdcf6e: start FollowerState
2019-11-15 21:45:06,399 [0f96ec18-ef95-4dfc-896f-f5f608d82565@group-3B89F53E9A29-LeaderElection9] INFO  impl.RaftServerImpl (ServerState.java:setLeader(255)) - 0f96ec18-ef95-4dfc-896f-f5f608d82565@group-3B89F53E9A29: change Leader from null to 0f96ec18-ef95-4dfc-896f-f5f608d82565 at term 1 for becomeLeader, leader elected after 5164ms
2019-11-15 21:45:06,399 [0f96ec18-ef95-4dfc-896f-f5f608d82565@group-3B89F53E9A29-LeaderElection9] INFO  server.RaftServerConfigKeys (ConfUtils.java:logGet(43)) - raft.server.staging.catchup.gap = 1000 (default)
2019-11-15 21:45:06,399 [0f96ec18-ef95-4dfc-896f-f5f608d82565@group-3B89F53E9A29-LeaderElection9] INFO  server.RaftServerConfigKeys (ConfUtils.java:logGet(43)) - raft.server.rpc.sleep.time = 25ms (default)
2019-11-15 21:45:06,400 [0f96ec18-ef95-4dfc-896f-f5f608d82565@group-3B89F53E9A29-LeaderElection9] INFO  server.RaftServerConfigKeys (ConfUtils.java:logGet(43)) - raft.server.write.element-limit = 4096 (default)
2019-11-15 21:45:06,400 [0f96ec18-ef95-4dfc-896f-f5f608d82565@group-3B89F53E9A29-LeaderElection9] INFO  server.RaftServerConfigKeys (ConfUtils.java:logGet(43)) - raft.server.watch.timeout = 10s (default)
2019-11-15 21:45:06,400 [0f96ec18-ef95-4dfc-896f-f5f608d82565@group-3B89F53E9A29-LeaderElection9] INFO  server.RaftServerConfigKeys (ConfUtils.java:logGet(43)) - raft.server.watch.timeout.denomination = 1s (default)
2019-11-15 21:45:06,400 [0f96ec18-ef95-4dfc-896f-f5f608d82565@group-3B89F53E9A29-LeaderElection9] INFO  server.RaftServerConfigKeys (ConfUtils.java:logGet(43)) - raft.server.watch.element-limit = 65536 (default)
2019-11-15 21:45:06,400 [0f96ec18-ef95-4dfc-896f-f5f608d82565@group-3B89F53E9A29-LeaderElection9] INFO  server.RaftServerConfigKeys (ConfUtils.java:logGet(43)) - raft.server.log.appender.snapshot.chunk.size.max = 16MB (=16777216) (default)
2019-11-15 21:45:06,401 [EventQueue-PipelineReportForPipelineReportHandler] INFO  pipeline.PipelineReportHandler (PipelineReportHandler.java:processPipelineReport(113)) - Pipeline THREE PipelineID=efbd1fbd-2b36-4e6a-aa7d-3b89f53e9a29 reported by 0f96ec18-ef95-4dfc-896f-f5f608d82565{ip: 192.168.164.206, host: pr-hdds-2488-master-phq9t-3211896822, networkLocation: /default-rack, certSerialId: null}
2019-11-15 21:45:06,401 [0f96ec18-ef95-4dfc-896f-f5f608d82565@group-3B89F53E9A29-LeaderElection9] INFO  server.RaftServerConfigKeys (ConfUtils.java:logGet(43)) - raft.server.log.appender.buffer.byte-limit = 33554432 (custom)
2019-11-15 21:45:06,401 [EventQueue-PipelineReportForPipelineReportHandler] INFO  pipeline.PipelineStateManager (PipelineStateManager.java:openPipeline(132)) - Pipeline Pipeline[ Id: efbd1fbd-2b36-4e6a-aa7d-3b89f53e9a29, Nodes: 0f96ec18-ef95-4dfc-896f-f5f608d82565{ip: 192.168.164.206, host: pr-hdds-2488-master-phq9t-3211896822, networkLocation: /default-rack, certSerialId: null}ca7ad779-39e3-4fe4-8465-c580c93c9c4b{ip: 192.168.164.206, host: pr-hdds-2488-master-phq9t-3211896822, networkLocation: /default-rack, certSerialId: null}1a9b7b80-4c06-4af9-a9c0-012844bdcf6e{ip: 192.168.164.206, host: pr-hdds-2488-master-phq9t-3211896822, networkLocation: /default-rack, certSerialId: null}, Type:RATIS, Factor:THREE, State:ALLOCATED] moved to OPEN state
2019-11-15 21:45:06,401 [0f96ec18-ef95-4dfc-896f-f5f608d82565@group-3B89F53E9A29-LeaderElection9] INFO  server.RaftServerConfigKeys (ConfUtils.java:logGet(43)) - raft.server.log.appender.buffer.element-limit = 1 (custom)
2019-11-15 21:45:06,401 [0f96ec18-ef95-4dfc-896f-f5f608d82565@group-3B89F53E9A29-LeaderElection9] INFO  grpc.GrpcConfigKeys$Server (ConfUtils.java:logGet(43)) - raft.grpc.server.leader.outstanding.appends.max = 128 (default)
2019-11-15 21:45:06,402 [0f96ec18-ef95-4dfc-896f-f5f608d82565@group-3B89F53E9A29-LeaderElection9] INFO  server.RaftServerConfigKeys (ConfUtils.java:logGet(43)) - raft.server.rpc.request.timeout = 3000ms (default)
2019-11-15 21:45:06,402 [0f96ec18-ef95-4dfc-896f-f5f608d82565@group-3B89F53E9A29-LeaderElection9] INFO  server.RaftServerConfigKeys (ConfUtils.java:logGet(43)) - raft.server.log.appender.install.snapshot.enabled = false (custom)
2019-11-15 21:45:06,402 [0f96ec18-ef95-4dfc-896f-f5f608d82565@group-3B89F53E9A29-LeaderElection9] WARN  impl.MetricRegistriesImpl (MetricRegistriesImpl.java:lambda$create$1(61)) - First MetricRegistry has been created without registering reporters. You may need to call MetricRegistries.global().addReportRegistration(...) before.
2019-11-15 21:45:06,403 [0f96ec18-ef95-4dfc-896f-f5f608d82565@group-3B89F53E9A29-LeaderElection9] INFO  server.RaftServerConfigKeys (ConfUtils.java:logGet(43)) - raft.server.log.appender.snapshot.chunk.size.max = 16MB (=16777216) (default)
2019-11-15 21:45:06,403 [0f96ec18-ef95-4dfc-896f-f5f608d82565@group-3B89F53E9A29-LeaderElection9] INFO  server.RaftServerConfigKeys (ConfUtils.java:logGet(43)) - raft.server.log.appender.buffer.byte-limit = 33554432 (custom)
2019-11-15 21:45:06,403 [0f96ec18-ef95-4dfc-896f-f5f608d82565@group-3B89F53E9A29-LeaderElection9] INFO  server.RaftServerConfigKeys (ConfUtils.java:logGet(43)) - raft.server.log.appender.buffer.element-limit = 1 (custom)
2019-11-15 21:45:06,403 [0f96ec18-ef95-4dfc-896f-f5f608d82565@group-3B89F53E9A29-LeaderElection9] INFO  grpc.GrpcConfigKeys$Server (ConfUtils.java:logGet(43)) - raft.grpc.server.leader.outstanding.appends.max = 128 (default)
2019-11-15 21:45:06,404 [0f96ec18-ef95-4dfc-896f-f5f608d82565@group-3B89F53E9A29-LeaderElection9] INFO  server.RaftServerConfigKeys (ConfUtils.java:logGet(43)) - raft.server.rpc.request.timeout = 3000ms (default)
2019-11-15 21:45:06,404 [0f96ec18-ef95-4dfc-896f-f5f608d82565@group-3B89F53E9A29-LeaderElection9] INFO  server.RaftServerConfigKeys (ConfUtils.java:logGet(43)) - raft.server.log.appender.install.snapshot.enabled = false (custom)
2019-11-15 21:45:06,404 [0f96ec18-ef95-4dfc-896f-f5f608d82565@group-3B89F53E9A29-LeaderElection9] INFO  impl.RoleInfo (RoleInfo.java:updateAndGet(143)) - 0f96ec18-ef95-4dfc-896f-f5f608d82565: start LeaderState
2019-11-15 21:45:06,404 [0f96ec18-ef95-4dfc-896f-f5f608d82565@group-3B89F53E9A29-LeaderElection9] INFO  segmented.SegmentedRaftLogWorker (SegmentedRaftLogWorker.java:startLogSegment(385)) - 0f96ec18-ef95-4dfc-896f-f5f608d82565@group-3B89F53E9A29-SegmentedRaftLogWorker: Starting segment from index:0
2019-11-15 21:45:06,405 [0f96ec18-ef95-4dfc-896f-f5f608d82565@group-3B89F53E9A29-LeaderElection9] INFO  impl.RaftServerImpl (ServerState.java:setRaftConf(356)) - 0f96ec18-ef95-4dfc-896f-f5f608d82565@group-3B89F53E9A29: set configuration 0: [0f96ec18-ef95-4dfc-896f-f5f608d82565:192.168.164.206:40487, 1a9b7b80-4c06-4af9-a9c0-012844bdcf6e:192.168.164.206:33171, ca7ad779-39e3-4fe4-8465-c580c93c9c4b:192.168.164.206:36095], old=null at 0
2019-11-15 21:45:06,431 [grpc-default-executor-3] INFO  ratis.XceiverServerRatis (XceiverServerRatis.java:handleLeaderChangedNotification(733)) - Leader change notification received for group: group-3B89F53E9A29 with new leaderId: 0f96ec18-ef95-4dfc-896f-f5f608d82565
2019-11-15 21:45:06,431 [grpc-default-executor-5] INFO  ratis.XceiverServerRatis (XceiverServerRatis.java:handleLeaderChangedNotification(733)) - Leader change notification received for group: group-3B89F53E9A29 with new leaderId: 0f96ec18-ef95-4dfc-896f-f5f608d82565
2019-11-15 21:45:06,432 [grpc-default-executor-3] INFO  impl.RaftServerImpl (ServerState.java:setLeader(255)) - 1a9b7b80-4c06-4af9-a9c0-012844bdcf6e@group-3B89F53E9A29: change Leader from null to 0f96ec18-ef95-4dfc-896f-f5f608d82565 at term 1 for appendEntries, leader elected after 5197ms
2019-11-15 21:45:06,432 [grpc-default-executor-5] INFO  impl.RaftServerImpl (ServerState.java:setLeader(255)) - ca7ad779-39e3-4fe4-8465-c580c93c9c4b@group-3B89F53E9A29: change Leader from null to 0f96ec18-ef95-4dfc-896f-f5f608d82565 at term 1 for appendEntries, leader elected after 4241ms
2019-11-15 21:45:06,435 [grpc-default-executor-3] INFO  impl.RaftServerImpl (ServerState.java:setRaftConf(356)) - ca7ad779-39e3-4fe4-8465-c580c93c9c4b@group-3B89F53E9A29: set configuration 0: [0f96ec18-ef95-4dfc-896f-f5f608d82565:192.168.164.206:40487, 1a9b7b80-4c06-4af9-a9c0-012844bdcf6e:192.168.164.206:33171, ca7ad779-39e3-4fe4-8465-c580c93c9c4b:192.168.164.206:36095], old=null at 0
2019-11-15 21:45:06,435 [grpc-default-executor-5] INFO  impl.RaftServerImpl (ServerState.java:setRaftConf(356)) - 1a9b7b80-4c06-4af9-a9c0-012844bdcf6e@group-3B89F53E9A29: set configuration 0: [0f96ec18-ef95-4dfc-896f-f5f608d82565:192.168.164.206:40487, 1a9b7b80-4c06-4af9-a9c0-012844bdcf6e:192.168.164.206:33171, ca7ad779-39e3-4fe4-8465-c580c93c9c4b:192.168.164.206:36095], old=null at 0
2019-11-15 21:45:06,435 [grpc-default-executor-3] INFO  segmented.SegmentedRaftLogWorker (SegmentedRaftLogWorker.java:startLogSegment(385)) - ca7ad779-39e3-4fe4-8465-c580c93c9c4b@group-3B89F53E9A29-SegmentedRaftLogWorker: Starting segment from index:0
2019-11-15 21:45:06,435 [grpc-default-executor-5] INFO  segmented.SegmentedRaftLogWorker (SegmentedRaftLogWorker.java:startLogSegment(385)) - 1a9b7b80-4c06-4af9-a9c0-012844bdcf6e@group-3B89F53E9A29-SegmentedRaftLogWorker: Starting segment from index:0
2019-11-15 21:45:06,442 [0f96ec18-ef95-4dfc-896f-f5f608d82565@group-3B89F53E9A29-SegmentedRaftLogWorker] INFO  segmented.SegmentedRaftLogWorker (SegmentedRaftLogWorker.java:execute(576)) - 0f96ec18-ef95-4dfc-896f-f5f608d82565@group-3B89F53E9A29-SegmentedRaftLogWorker: created new log segment /workdir/hadoop-ozone/tools/target/test-dir/MiniOzoneClusterImpl-7fe25af5-06e5-4291-8af4-3b47a5a06090/datanode-2/data/ratis/efbd1fbd-2b36-4e6a-aa7d-3b89f53e9a29/current/log_inprogress_0
2019-11-15 21:45:06,472 [ca7ad779-39e3-4fe4-8465-c580c93c9c4b@group-3B89F53E9A29-SegmentedRaftLogWorker] INFO  segmented.SegmentedRaftLogWorker (SegmentedRaftLogWorker.java:execute(576)) - ca7ad779-39e3-4fe4-8465-c580c93c9c4b@group-3B89F53E9A29-SegmentedRaftLogWorker: created new log segment /workdir/hadoop-ozone/tools/target/test-dir/MiniOzoneClusterImpl-7fe25af5-06e5-4291-8af4-3b47a5a06090/datanode-1/data/ratis/efbd1fbd-2b36-4e6a-aa7d-3b89f53e9a29/current/log_inprogress_0
2019-11-15 21:45:06,472 [1a9b7b80-4c06-4af9-a9c0-012844bdcf6e@group-3B89F53E9A29-SegmentedRaftLogWorker] INFO  segmented.SegmentedRaftLogWorker (SegmentedRaftLogWorker.java:execute(576)) - 1a9b7b80-4c06-4af9-a9c0-012844bdcf6e@group-3B89F53E9A29-SegmentedRaftLogWorker: created new log segment /workdir/hadoop-ozone/tools/target/test-dir/MiniOzoneClusterImpl-7fe25af5-06e5-4291-8af4-3b47a5a06090/datanode-0/data/ratis/efbd1fbd-2b36-4e6a-aa7d-3b89f53e9a29/current/log_inprogress_0
]]></system-out>
    <system-err><![CDATA[ERROR StatusLogger No Log4j 2 configuration file found. Using default configuration (logging only errors to the console), or user programmatically provided configurations. Set system property 'log4j2.debug' to show Log4j 2 internal initialization logging. See https://logging.apache.org/log4j/2.x/manual/configuration.html for instructions on how to configure Log4j 2
]]></system-err>
  </testcase>
</testsuite>