<?xml version="1.0" encoding="UTF-8"?>
<testsuite xmlns:xsi="http://www.w3.org/2001/XMLSchema-instance" xsi:noNamespaceSchemaLocation="https://maven.apache.org/surefire/maven-surefire-plugin/xsd/surefire-test-report.xsd" name="org.apache.hadoop.fs.ozone.TestOzoneFileSystem" time="478.718" tests="8" errors="1" skipped="0" failures="0">
  <properties>
    <property name="awt.toolkit" value="sun.awt.X11.XToolkit"/>
    <property name="file.encoding.pkg" value="sun.io"/>
    <property name="java.specification.version" value="1.8"/>
    <property name="sun.cpu.isalist" value=""/>
    <property name="sun.jnu.encoding" value="ANSI_X3.4-1968"/>
    <property name="java.class.path" value="/workdir/hadoop-ozone/ozonefs/target/test-classes:/workdir/hadoop-ozone/ozonefs/target/classes:/home/user/.m2/repository/org/apache/hadoop/hadoop-common/3.2.0/hadoop-common-3.2.0.jar:/home/user/.m2/repository/org/apache/hadoop/hadoop-annotations/3.2.0/hadoop-annotations-3.2.0.jar:/usr/lib/jvm/java-1.8.0-openjdk-1.8.0.222.b10-1.el7_7.x86_64/jre/../lib/tools.jar:/home/user/.m2/repository/com/google/guava/guava/11.0.2/guava-11.0.2.jar:/home/user/.m2/repository/commons-cli/commons-cli/1.2/commons-cli-1.2.jar:/home/user/.m2/repository/org/apache/commons/commons-math3/3.1.1/commons-math3-3.1.1.jar:/home/user/.m2/repository/commons-codec/commons-codec/1.11/commons-codec-1.11.jar:/home/user/.m2/repository/commons-io/commons-io/2.5/commons-io-2.5.jar:/home/user/.m2/repository/commons-net/commons-net/3.6/commons-net-3.6.jar:/home/user/.m2/repository/commons-collections/commons-collections/3.2.2/commons-collections-3.2.2.jar:/home/user/.m2/repository/javax/servlet/javax.servlet-api/3.1.0/javax.servlet-api-3.1.0.jar:/home/user/.m2/repository/org/eclipse/jetty/jetty-server/9.3.25.v20180904/jetty-server-9.3.25.v20180904.jar:/home/user/.m2/repository/org/eclipse/jetty/jetty-http/9.3.25.v20180904/jetty-http-9.3.25.v20180904.jar:/home/user/.m2/repository/org/eclipse/jetty/jetty-io/9.3.25.v20180904/jetty-io-9.3.25.v20180904.jar:/home/user/.m2/repository/org/eclipse/jetty/jetty-util/9.3.25.v20180904/jetty-util-9.3.25.v20180904.jar:/home/user/.m2/repository/org/eclipse/jetty/jetty-servlet/9.3.25.v20180904/jetty-servlet-9.3.25.v20180904.jar:/home/user/.m2/repository/org/eclipse/jetty/jetty-security/9.3.25.v20180904/jetty-security-9.3.25.v20180904.jar:/home/user/.m2/repository/org/eclipse/jetty/jetty-webapp/9.3.25.v20180904/jetty-webapp-9.3.25.v20180904.jar:/home/user/.m2/repository/org/eclipse/jetty/jetty-xml/9.3.25.v20180904/jetty-xml-9.3.25.v20180904.jar:/home/user/.m2/repository/javax/servlet/jsp/jsp-api/2.1/jsp-api-2.1.jar:/home/user/.m2/repository/com/sun/jersey/jersey-core/1.19/jersey-core-1.19.jar:/home/user/.m2/repository/javax/ws/rs/jsr311-api/1.1.1/jsr311-api-1.1.1.jar:/home/user/.m2/repository/com/sun/jersey/jersey-servlet/1.19/jersey-servlet-1.19.jar:/home/user/.m2/repository/com/sun/jersey/jersey-json/1.19/jersey-json-1.19.jar:/home/user/.m2/repository/org/codehaus/jettison/jettison/1.1/jettison-1.1.jar:/home/user/.m2/repository/com/sun/xml/bind/jaxb-impl/2.3.0.1/jaxb-impl-2.3.0.1.jar:/home/user/.m2/repository/org/codehaus/jackson/jackson-core-asl/1.9.13/jackson-core-asl-1.9.13.jar:/home/user/.m2/repository/org/codehaus/jackson/jackson-mapper-asl/1.9.13/jackson-mapper-asl-1.9.13.jar:/home/user/.m2/repository/org/codehaus/jackson/jackson-jaxrs/1.9.13/jackson-jaxrs-1.9.13.jar:/home/user/.m2/repository/org/codehaus/jackson/jackson-xc/1.9.13/jackson-xc-1.9.13.jar:/home/user/.m2/repository/com/sun/jersey/jersey-server/1.19/jersey-server-1.19.jar:/home/user/.m2/repository/commons-logging/commons-logging/1.1.3/commons-logging-1.1.3.jar:/home/user/.m2/repository/log4j/log4j/1.2.17/log4j-1.2.17.jar:/home/user/.m2/repository/commons-beanutils/commons-beanutils/1.9.4/commons-beanutils-1.9.4.jar:/home/user/.m2/repository/org/apache/commons/commons-configuration2/2.1.1/commons-configuration2-2.1.1.jar:/home/user/.m2/repository/org/apache/commons/commons-lang3/3.7/commons-lang3-3.7.jar:/home/user/.m2/repository/org/apache/commons/commons-text/1.4/commons-text-1.4.jar:/home/user/.m2/repository/org/slf4j/slf4j-api/1.7.25/slf4j-api-1.7.25.jar:/home/user/.m2/repository/org/slf4j/slf4j-log4j12/1.7.25/slf4j-log4j12-1.7.25.jar:/home/user/.m2/repository/org/apache/avro/avro/1.7.7/avro-1.7.7.jar:/home/user/.m2/repository/com/thoughtworks/paranamer/paranamer/2.3/paranamer-2.3.jar:/home/user/.m2/repository/org/xerial/snappy/snappy-java/1.0.5/snappy-java-1.0.5.jar:/home/user/.m2/repository/com/google/re2j/re2j/1.1/re2j-1.1.jar:/home/user/.m2/repository/com/google/protobuf/protobuf-java/2.5.0/protobuf-java-2.5.0.jar:/home/user/.m2/repository/com/google/code/gson/gson/2.2.4/gson-2.2.4.jar:/home/user/.m2/repository/org/apache/hadoop/hadoop-auth/3.2.0/hadoop-auth-3.2.0.jar:/home/user/.m2/repository/com/nimbusds/nimbus-jose-jwt/4.41.1/nimbus-jose-jwt-4.41.1.jar:/home/user/.m2/repository/com/github/stephenc/jcip/jcip-annotations/1.0-1/jcip-annotations-1.0-1.jar:/home/user/.m2/repository/net/minidev/json-smart/2.3/json-smart-2.3.jar:/home/user/.m2/repository/net/minidev/accessors-smart/1.2/accessors-smart-1.2.jar:/home/user/.m2/repository/org/apache/curator/curator-framework/2.12.0/curator-framework-2.12.0.jar:/home/user/.m2/repository/com/jcraft/jsch/0.1.54/jsch-0.1.54.jar:/home/user/.m2/repository/org/apache/curator/curator-client/2.12.0/curator-client-2.12.0.jar:/home/user/.m2/repository/org/apache/curator/curator-recipes/2.12.0/curator-recipes-2.12.0.jar:/home/user/.m2/repository/com/google/code/findbugs/jsr305/3.0.0/jsr305-3.0.0.jar:/home/user/.m2/repository/org/apache/htrace/htrace-core4/4.1.0-incubating/htrace-core4-4.1.0-incubating.jar:/home/user/.m2/repository/org/apache/zookeeper/zookeeper/3.4.13/zookeeper-3.4.13.jar:/home/user/.m2/repository/jline/jline/0.9.94/jline-0.9.94.jar:/home/user/.m2/repository/org/apache/yetus/audience-annotations/0.5.0/audience-annotations-0.5.0.jar:/home/user/.m2/repository/org/apache/commons/commons-compress/1.4.1/commons-compress-1.4.1.jar:/home/user/.m2/repository/org/tukaani/xz/1.0/xz-1.0.jar:/home/user/.m2/repository/org/apache/kerby/kerb-simplekdc/1.0.1/kerb-simplekdc-1.0.1.jar:/home/user/.m2/repository/org/apache/kerby/kerb-client/1.0.1/kerb-client-1.0.1.jar:/home/user/.m2/repository/org/apache/kerby/kerby-config/1.0.1/kerby-config-1.0.1.jar:/home/user/.m2/repository/org/apache/kerby/kerb-core/1.0.1/kerb-core-1.0.1.jar:/home/user/.m2/repository/org/apache/kerby/kerby-pkix/1.0.1/kerby-pkix-1.0.1.jar:/home/user/.m2/repository/org/apache/kerby/kerby-asn1/1.0.1/kerby-asn1-1.0.1.jar:/home/user/.m2/repository/org/apache/kerby/kerby-util/1.0.1/kerby-util-1.0.1.jar:/home/user/.m2/repository/org/apache/kerby/kerb-common/1.0.1/kerb-common-1.0.1.jar:/home/user/.m2/repository/org/apache/kerby/kerb-crypto/1.0.1/kerb-crypto-1.0.1.jar:/home/user/.m2/repository/org/apache/kerby/kerb-util/1.0.1/kerb-util-1.0.1.jar:/home/user/.m2/repository/org/apache/kerby/token-provider/1.0.1/token-provider-1.0.1.jar:/home/user/.m2/repository/org/apache/kerby/kerb-admin/1.0.1/kerb-admin-1.0.1.jar:/home/user/.m2/repository/org/apache/kerby/kerb-server/1.0.1/kerb-server-1.0.1.jar:/home/user/.m2/repository/org/apache/kerby/kerb-identity/1.0.1/kerb-identity-1.0.1.jar:/home/user/.m2/repository/org/apache/kerby/kerby-xdr/1.0.1/kerby-xdr-1.0.1.jar:/home/user/.m2/repository/com/fasterxml/jackson/core/jackson-databind/2.9.9/jackson-databind-2.9.9.jar:/home/user/.m2/repository/com/fasterxml/jackson/core/jackson-annotations/2.9.9/jackson-annotations-2.9.9.jar:/home/user/.m2/repository/com/fasterxml/jackson/core/jackson-core/2.9.9/jackson-core-2.9.9.jar:/home/user/.m2/repository/org/codehaus/woodstox/stax2-api/3.1.4/stax2-api-3.1.4.jar:/home/user/.m2/repository/com/fasterxml/woodstox/woodstox-core/5.0.3/woodstox-core-5.0.3.jar:/home/user/.m2/repository/dnsjava/dnsjava/2.1.7/dnsjava-2.1.7.jar:/home/user/.m2/repository/org/apache/hadoop/hadoop-hdfs/3.2.0/hadoop-hdfs-3.2.0.jar:/home/user/.m2/repository/org/eclipse/jetty/jetty-util-ajax/9.3.25.v20180904/jetty-util-ajax-9.3.25.v20180904.jar:/home/user/.m2/repository/commons-daemon/commons-daemon/1.0.13/commons-daemon-1.0.13.jar:/home/user/.m2/repository/io/netty/netty/3.10.5.Final/netty-3.10.5.Final.jar:/home/user/.m2/repository/io/netty/netty-all/4.0.52.Final/netty-all-4.0.52.Final.jar:/home/user/.m2/repository/org/fusesource/leveldbjni/leveldbjni-all/1.8/leveldbjni-all-1.8.jar:/home/user/.m2/repository/org/apache/hadoop/hadoop-hdds-common/0.5.0-SNAPSHOT/hadoop-hdds-common-0.5.0-SNAPSHOT.jar:/home/user/.m2/repository/org/apache/hadoop/hadoop-hdds-config/0.5.0-SNAPSHOT/hadoop-hdds-config-0.5.0-SNAPSHOT.jar:/home/user/.m2/repository/javax/annotation/javax.annotation-api/1.2/javax.annotation-api-1.2.jar:/home/user/.m2/repository/org/apache/ratis/ratis-server/0.5.0-d6d58d0-SNAPSHOT/ratis-server-0.5.0-d6d58d0-SNAPSHOT.jar:/home/user/.m2/repository/org/apache/ratis/ratis-thirdparty-misc/0.2.0/ratis-thirdparty-misc-0.2.0.jar:/home/user/.m2/repository/org/apache/ratis/ratis-proto/0.5.0-d6d58d0-SNAPSHOT/ratis-proto-0.5.0-d6d58d0-SNAPSHOT.jar:/home/user/.m2/repository/org/apache/ratis/ratis-common/0.5.0-d6d58d0-SNAPSHOT/ratis-common-0.5.0-d6d58d0-SNAPSHOT.jar:/home/user/.m2/repository/org/apache/ratis/ratis-client/0.5.0-d6d58d0-SNAPSHOT/ratis-client-0.5.0-d6d58d0-SNAPSHOT.jar:/home/user/.m2/repository/org/apache/ratis/ratis-metrics/0.5.0-d6d58d0-SNAPSHOT/ratis-metrics-0.5.0-d6d58d0-SNAPSHOT.jar:/home/user/.m2/repository/org/apache/ratis/ratis-netty/0.5.0-d6d58d0-SNAPSHOT/ratis-netty-0.5.0-d6d58d0-SNAPSHOT.jar:/home/user/.m2/repository/org/apache/ratis/ratis-grpc/0.5.0-d6d58d0-SNAPSHOT/ratis-grpc-0.5.0-d6d58d0-SNAPSHOT.jar:/home/user/.m2/repository/org/rocksdb/rocksdbjni/6.0.1/rocksdbjni-6.0.1.jar:/home/user/.m2/repository/org/apache/logging/log4j/log4j-api/2.11.0/log4j-api-2.11.0.jar:/home/user/.m2/repository/org/apache/logging/log4j/log4j-core/2.11.0/log4j-core-2.11.0.jar:/home/user/.m2/repository/com/lmax/disruptor/3.4.2/disruptor-3.4.2.jar:/home/user/.m2/repository/org/apache/commons/commons-pool2/2.6.0/commons-pool2-2.6.0.jar:/home/user/.m2/repository/org/bouncycastle/bcpkix-jdk15on/1.60/bcpkix-jdk15on-1.60.jar:/home/user/.m2/repository/commons-validator/commons-validator/1.6/commons-validator-1.6.jar:/home/user/.m2/repository/commons-digester/commons-digester/1.8.1/commons-digester-1.8.1.jar:/home/user/.m2/repository/io/jaegertracing/jaeger-client/0.34.0/jaeger-client-0.34.0.jar:/home/user/.m2/repository/io/jaegertracing/jaeger-thrift/0.34.0/jaeger-thrift-0.34.0.jar:/home/user/.m2/repository/org/apache/thrift/libthrift/0.12.0/libthrift-0.12.0.jar:/home/user/.m2/repository/com/squareup/okhttp3/okhttp/3.9.0/okhttp-3.9.0.jar:/home/user/.m2/repository/com/squareup/okio/okio/1.13.0/okio-1.13.0.jar:/home/user/.m2/repository/io/jaegertracing/jaeger-core/0.34.0/jaeger-core-0.34.0.jar:/home/user/.m2/repository/io/jaegertracing/jaeger-tracerresolver/0.34.0/jaeger-tracerresolver-0.34.0.jar:/home/user/.m2/repository/io/opentracing/contrib/opentracing-tracerresolver/0.1.5/opentracing-tracerresolver-0.1.5.jar:/home/user/.m2/repository/io/opentracing/opentracing-util/0.31.0/opentracing-util-0.31.0.jar:/home/user/.m2/repository/io/opentracing/opentracing-api/0.31.0/opentracing-api-0.31.0.jar:/home/user/.m2/repository/io/opentracing/opentracing-noop/0.31.0/opentracing-noop-0.31.0.jar:/home/user/.m2/repository/org/yaml/snakeyaml/1.16/snakeyaml-1.16.jar:/home/user/.m2/repository/org/apache/hadoop/hadoop-hdfs-client/3.2.0/hadoop-hdfs-client-3.2.0.jar:/home/user/.m2/repository/info/picocli/picocli/3.9.6/picocli-3.9.6.jar:/home/user/.m2/repository/org/apache/hadoop/hadoop-hdds-server-scm/0.5.0-SNAPSHOT/hadoop-hdds-server-scm-0.5.0-SNAPSHOT.jar:/home/user/.m2/repository/org/apache/hadoop/hadoop-hdds-docs/0.5.0-SNAPSHOT/hadoop-hdds-docs-0.5.0-SNAPSHOT.jar:/home/user/.m2/repository/io/dropwizard/metrics/metrics-core/3.2.4/metrics-core-3.2.4.jar:/home/user/.m2/repository/org/hamcrest/hamcrest-all/1.3/hamcrest-all-1.3.jar:/home/user/.m2/repository/org/bouncycastle/bcprov-jdk15on/1.60/bcprov-jdk15on-1.60.jar:/home/user/.m2/repository/org/apache/hadoop/hadoop-hdds-server-framework/0.5.0-SNAPSHOT/hadoop-hdds-server-framework-0.5.0-SNAPSHOT.jar:/home/user/.m2/repository/org/apache/hadoop/hadoop-ozone-ozone-manager/0.5.0-SNAPSHOT/hadoop-ozone-ozone-manager-0.5.0-SNAPSHOT.jar:/home/user/.m2/repository/org/apache/hadoop/hadoop-hdds-container-service/0.5.0-SNAPSHOT/hadoop-hdds-container-service-0.5.0-SNAPSHOT.jar:/home/user/.m2/repository/org/apache/hadoop/hadoop-hdds-client/0.5.0-SNAPSHOT/hadoop-hdds-client-0.5.0-SNAPSHOT.jar:/home/user/.m2/repository/org/apache/hadoop/hadoop-ozone-common/0.5.0-SNAPSHOT/hadoop-ozone-common-0.5.0-SNAPSHOT.jar:/home/user/.m2/repository/org/apache/hadoop/hadoop-hdds-tools/0.5.0-SNAPSHOT/hadoop-hdds-tools-0.5.0-SNAPSHOT.jar:/home/user/.m2/repository/org/xerial/sqlite-jdbc/3.25.2/sqlite-jdbc-3.25.2.jar:/home/user/.m2/repository/org/apache/httpcomponents/httpclient/4.5.2/httpclient-4.5.2.jar:/home/user/.m2/repository/org/apache/httpcomponents/httpcore/4.4.4/httpcore-4.4.4.jar:/home/user/.m2/repository/com/github/spotbugs/spotbugs/3.1.12/spotbugs-3.1.12.jar:/home/user/.m2/repository/org/ow2/asm/asm/5.0.4/asm-5.0.4.jar:/home/user/.m2/repository/org/ow2/asm/asm-analysis/7.0/asm-analysis-7.0.jar:/home/user/.m2/repository/org/ow2/asm/asm-commons/7.0/asm-commons-7.0.jar:/home/user/.m2/repository/org/ow2/asm/asm-tree/7.0/asm-tree-7.0.jar:/home/user/.m2/repository/org/ow2/asm/asm-util/7.0/asm-util-7.0.jar:/home/user/.m2/repository/org/apache/bcel/bcel/6.3/bcel-6.3.jar:/home/user/.m2/repository/net/jcip/jcip-annotations/1.0/jcip-annotations-1.0.jar:/home/user/.m2/repository/org/dom4j/dom4j/2.1.1/dom4j-2.1.1.jar:/home/user/.m2/repository/jaxen/jaxen/1.1.6/jaxen-1.1.6.jar:/home/user/.m2/repository/commons-lang/commons-lang/2.6/commons-lang-2.6.jar:/home/user/.m2/repository/com/github/spotbugs/spotbugs-annotations/3.1.12/spotbugs-annotations-3.1.12.jar:/home/user/.m2/repository/org/apache/hadoop/hadoop-common/3.2.0/hadoop-common-3.2.0-tests.jar:/home/user/.m2/repository/org/apache/hadoop/hadoop-ozone-client/0.5.0-SNAPSHOT/hadoop-ozone-client-0.5.0-SNAPSHOT.jar:/home/user/.m2/repository/org/apache/hadoop/hadoop-hdfs/3.2.0/hadoop-hdfs-3.2.0-tests.jar:/workdir/hadoop-ozone/integration-test/target/test-classes:/home/user/.m2/repository/org/apache/hadoop/hadoop-ozone-s3gateway/0.5.0-SNAPSHOT/hadoop-ozone-s3gateway-0.5.0-SNAPSHOT.jar:/home/user/.m2/repository/org/jboss/weld/servlet/weld-servlet/2.4.7.Final/weld-servlet-2.4.7.Final.jar:/home/user/.m2/repository/org/glassfish/jersey/containers/jersey-container-servlet-core/2.27/jersey-container-servlet-core-2.27.jar:/home/user/.m2/repository/org/glassfish/hk2/external/javax.inject/2.5.0-b42/javax.inject-2.5.0-b42.jar:/home/user/.m2/repository/org/glassfish/jersey/core/jersey-common/2.27/jersey-common-2.27.jar:/home/user/.m2/repository/org/glassfish/hk2/osgi-resource-locator/1.0.1/osgi-resource-locator-1.0.1.jar:/home/user/.m2/repository/javax/ws/rs/javax.ws.rs-api/2.1/javax.ws.rs-api-2.1.jar:/home/user/.m2/repository/org/glassfish/jersey/ext/cdi/jersey-cdi1x/2.27/jersey-cdi1x-2.27.jar:/home/user/.m2/repository/org/glassfish/jersey/inject/jersey-hk2/2.27/jersey-hk2-2.27.jar:/home/user/.m2/repository/org/glassfish/hk2/hk2-locator/2.5.0-b42/hk2-locator-2.5.0-b42.jar:/home/user/.m2/repository/org/javassist/javassist/3.22.0-CR2/javassist-3.22.0-CR2.jar:/home/user/.m2/repository/org/glassfish/hk2/hk2-api/2.5.0/hk2-api-2.5.0.jar:/home/user/.m2/repository/org/glassfish/hk2/external/jakarta.inject/2.5.0/jakarta.inject-2.5.0.jar:/home/user/.m2/repository/org/glassfish/hk2/hk2-utils/2.5.0/hk2-utils-2.5.0.jar:/home/user/.m2/repository/jakarta/annotation/jakarta.annotation-api/1.3.4/jakarta.annotation-api-1.3.4.jar:/home/user/.m2/repository/org/glassfish/hk2/external/aopalliance-repackaged/2.5.0/aopalliance-repackaged-2.5.0.jar:/home/user/.m2/repository/com/fasterxml/jackson/dataformat/jackson-dataformat-xml/2.9.0/jackson-dataformat-xml-2.9.0.jar:/home/user/.m2/repository/com/fasterxml/jackson/module/jackson-module-jaxb-annotations/2.9.9/jackson-module-jaxb-annotations-2.9.9.jar:/home/user/.m2/repository/javax/enterprise/cdi-api/1.2/cdi-api-1.2.jar:/home/user/.m2/repository/javax/el/javax.el-api/3.0.0/javax.el-api-3.0.0.jar:/home/user/.m2/repository/javax/interceptor/javax.interceptor-api/1.2/javax.interceptor-api-1.2.jar:/home/user/.m2/repository/javax/inject/javax.inject/1/javax.inject-1.jar:/home/user/.m2/repository/com/sun/xml/bind/jaxb-core/2.3.0.1/jaxb-core-2.3.0.1.jar:/home/user/.m2/repository/javax/xml/bind/jaxb-api/2.3.0/jaxb-api-2.3.0.jar:/home/user/.m2/repository/javax/activation/activation/1.1.1/activation-1.1.1.jar:/home/user/.m2/repository/org/apache/hadoop/hadoop-ozone-csi/0.5.0-SNAPSHOT/hadoop-ozone-csi-0.5.0-SNAPSHOT.jar:/home/user/.m2/repository/com/google/protobuf/protobuf-java-util/3.5.1/protobuf-java-util-3.5.1.jar:/home/user/.m2/repository/io/grpc/grpc-netty/1.17.1/grpc-netty-1.17.1.jar:/home/user/.m2/repository/io/grpc/grpc-core/1.17.1/grpc-core-1.17.1.jar:/home/user/.m2/repository/io/grpc/grpc-context/1.17.1/grpc-context-1.17.1.jar:/home/user/.m2/repository/com/google/errorprone/error_prone_annotations/2.2.0/error_prone_annotations-2.2.0.jar:/home/user/.m2/repository/org/codehaus/mojo/animal-sniffer-annotations/1.17/animal-sniffer-annotations-1.17.jar:/home/user/.m2/repository/io/opencensus/opencensus-api/0.17.0/opencensus-api-0.17.0.jar:/home/user/.m2/repository/io/opencensus/opencensus-contrib-grpc-metrics/0.17.0/opencensus-contrib-grpc-metrics-0.17.0.jar:/home/user/.m2/repository/io/netty/netty-codec-http2/4.1.30.Final/netty-codec-http2-4.1.30.Final.jar:/home/user/.m2/repository/io/netty/netty-codec-http/4.1.30.Final/netty-codec-http-4.1.30.Final.jar:/home/user/.m2/repository/io/netty/netty-codec/4.1.30.Final/netty-codec-4.1.30.Final.jar:/home/user/.m2/repository/io/netty/netty-handler/4.1.30.Final/netty-handler-4.1.30.Final.jar:/home/user/.m2/repository/io/netty/netty-handler-proxy/4.1.30.Final/netty-handler-proxy-4.1.30.Final.jar:/home/user/.m2/repository/io/netty/netty-codec-socks/4.1.30.Final/netty-codec-socks-4.1.30.Final.jar:/home/user/.m2/repository/io/netty/netty-transport-native-epoll/4.1.30.Final/netty-transport-native-epoll-4.1.30.Final.jar:/home/user/.m2/repository/io/netty/netty-common/4.1.30.Final/netty-common-4.1.30.Final.jar:/home/user/.m2/repository/io/netty/netty-buffer/4.1.30.Final/netty-buffer-4.1.30.Final.jar:/home/user/.m2/repository/io/netty/netty-transport/4.1.30.Final/netty-transport-4.1.30.Final.jar:/home/user/.m2/repository/io/netty/netty-resolver/4.1.30.Final/netty-resolver-4.1.30.Final.jar:/home/user/.m2/repository/io/netty/netty-transport-native-unix-common/4.1.30.Final/netty-transport-native-unix-common-4.1.30.Final.jar:/home/user/.m2/repository/io/grpc/grpc-protobuf/1.17.1/grpc-protobuf-1.17.1.jar:/home/user/.m2/repository/com/google/api/grpc/proto-google-common-protos/1.0.0/proto-google-common-protos-1.0.0.jar:/home/user/.m2/repository/io/grpc/grpc-protobuf-lite/1.17.1/grpc-protobuf-lite-1.17.1.jar:/home/user/.m2/repository/io/grpc/grpc-stub/1.17.1/grpc-stub-1.17.1.jar:/home/user/.m2/repository/org/apache/hadoop/hadoop-ozone-recon/0.5.0-SNAPSHOT/hadoop-ozone-recon-0.5.0-SNAPSHOT.jar:/home/user/.m2/repository/org/apache/hadoop/hadoop-ozone-reconcodegen/0.5.0-SNAPSHOT/hadoop-ozone-reconcodegen-0.5.0-SNAPSHOT.jar:/home/user/.m2/repository/com/google/inject/extensions/guice-multibindings/4.0/guice-multibindings-4.0.jar:/home/user/.m2/repository/com/google/inject/guice/4.0/guice-4.0.jar:/home/user/.m2/repository/aopalliance/aopalliance/1.0/aopalliance-1.0.jar:/home/user/.m2/repository/org/glassfish/jersey/containers/jersey-container-servlet/2.27/jersey-container-servlet-2.27.jar:/home/user/.m2/repository/org/glassfish/hk2/guice-bridge/2.5.0/guice-bridge-2.5.0.jar:/home/user/.m2/repository/org/glassfish/jersey/core/jersey-server/2.27/jersey-server-2.27.jar:/home/user/.m2/repository/org/glassfish/jersey/core/jersey-client/2.27/jersey-client-2.27.jar:/home/user/.m2/repository/org/glassfish/jersey/media/jersey-media-jaxb/2.27/jersey-media-jaxb-2.27.jar:/home/user/.m2/repository/javax/validation/validation-api/1.1.0.Final/validation-api-1.1.0.Final.jar:/home/user/.m2/repository/org/glassfish/jersey/media/jersey-media-json-jackson/2.27/jersey-media-json-jackson-2.27.jar:/home/user/.m2/repository/org/glassfish/jersey/ext/jersey-entity-filtering/2.27/jersey-entity-filtering-2.27.jar:/home/user/.m2/repository/com/google/inject/extensions/guice-assistedinject/4.0/guice-assistedinject-4.0.jar:/home/user/.m2/repository/org/jooq/jooq/3.11.10/jooq-3.11.10.jar:/home/user/.m2/repository/org/jooq/jooq-meta/3.11.10/jooq-meta-3.11.10.jar:/home/user/.m2/repository/org/jooq/jooq-codegen/3.11.10/jooq-codegen-3.11.10.jar:/home/user/.m2/repository/com/jolbox/bonecp/0.8.0.RELEASE/bonecp-0.8.0.RELEASE.jar:/home/user/.m2/repository/org/springframework/spring-jdbc/5.1.3.RELEASE/spring-jdbc-5.1.3.RELEASE.jar:/home/user/.m2/repository/org/springframework/spring-beans/5.1.3.RELEASE/spring-beans-5.1.3.RELEASE.jar:/home/user/.m2/repository/org/springframework/spring-core/5.1.3.RELEASE/spring-core-5.1.3.RELEASE.jar:/home/user/.m2/repository/org/springframework/spring-jcl/5.1.3.RELEASE/spring-jcl-5.1.3.RELEASE.jar:/home/user/.m2/repository/org/springframework/spring-tx/5.1.3.RELEASE/spring-tx-5.1.3.RELEASE.jar:/home/user/.m2/repository/org/mockito/mockito-all/1.10.19/mockito-all-1.10.19.jar:/home/user/.m2/repository/junit/junit/4.11/junit-4.11.jar:/home/user/.m2/repository/org/hamcrest/hamcrest-core/1.3/hamcrest-core-1.3.jar:/home/user/.m2/repository/org/apache/hadoop/hadoop-distcp/3.2.0/hadoop-distcp-3.2.0.jar:/home/user/.m2/repository/org/apache/hadoop/hadoop-distcp/3.2.0/hadoop-distcp-3.2.0-tests.jar:/home/user/.m2/repository/org/apache/hadoop/hadoop-mapreduce-client-jobclient/3.2.0/hadoop-mapreduce-client-jobclient-3.2.0.jar:/home/user/.m2/repository/org/apache/hadoop/hadoop-mapreduce-client-common/3.2.0/hadoop-mapreduce-client-common-3.2.0.jar:/home/user/.m2/repository/org/apache/hadoop/hadoop-yarn-common/3.2.0/hadoop-yarn-common-3.2.0.jar:/home/user/.m2/repository/org/apache/hadoop/hadoop-yarn-api/3.2.0/hadoop-yarn-api-3.2.0.jar:/home/user/.m2/repository/com/sun/jersey/jersey-client/1.19/jersey-client-1.19.jar:/home/user/.m2/repository/com/sun/jersey/contribs/jersey-guice/1.19/jersey-guice-1.19.jar:/home/user/.m2/repository/com/fasterxml/jackson/jaxrs/jackson-jaxrs-json-provider/2.9.9/jackson-jaxrs-json-provider-2.9.9.jar:/home/user/.m2/repository/com/fasterxml/jackson/jaxrs/jackson-jaxrs-base/2.9.9/jackson-jaxrs-base-2.9.9.jar:/home/user/.m2/repository/org/apache/hadoop/hadoop-yarn-client/3.2.0/hadoop-yarn-client-3.2.0.jar:/home/user/.m2/repository/org/apache/hadoop/hadoop-mapreduce-client-core/3.2.0/hadoop-mapreduce-client-core-3.2.0.jar:/home/user/.m2/repository/com/google/inject/extensions/guice-servlet/4.0/guice-servlet-4.0.jar:/home/user/.m2/repository/org/powermock/powermock-module-junit4/1.6.5/powermock-module-junit4-1.6.5.jar:/home/user/.m2/repository/org/powermock/powermock-module-junit4-common/1.6.5/powermock-module-junit4-common-1.6.5.jar:/home/user/.m2/repository/org/powermock/powermock-core/1.6.5/powermock-core-1.6.5.jar:/home/user/.m2/repository/org/powermock/powermock-reflect/1.6.5/powermock-reflect-1.6.5.jar:/home/user/.m2/repository/org/powermock/powermock-api-mockito/1.6.5/powermock-api-mockito-1.6.5.jar:/home/user/.m2/repository/org/mockito/mockito-core/1.10.19/mockito-core-1.10.19.jar:/home/user/.m2/repository/org/objenesis/objenesis/1.0/objenesis-1.0.jar:/home/user/.m2/repository/org/powermock/powermock-api-mockito-common/1.6.5/powermock-api-mockito-common-1.6.5.jar:/home/user/.m2/repository/org/powermock/powermock-api-support/1.6.5/powermock-api-support-1.6.5.jar:"/>
    <property name="java.vm.vendor" value="Oracle Corporation"/>
    <property name="sun.arch.data.model" value="64"/>
    <property name="test.build.dir" value="/workdir/hadoop-ozone/ozonefs/target/test-dir"/>
    <property name="test.cache.data" value=""/>
    <property name="java.vendor.url" value="http://java.oracle.com/"/>
    <property name="user.timezone" value=""/>
    <property name="java.vm.specification.version" value="1.8"/>
    <property name="os.name" value="Linux"/>
    <property name="test.build.data" value="/workdir/hadoop-ozone/ozonefs/target/test-dir"/>
    <property name="user.country" value="US"/>
    <property name="sun.java.launcher" value="SUN_STANDARD"/>
    <property name="sun.boot.library.path" value="/usr/lib/jvm/java-1.8.0-openjdk-1.8.0.222.b10-1.el7_7.x86_64/jre/lib/amd64"/>
    <property name="sun.java.command" value="/workdir/hadoop-ozone/ozonefs/target/surefire/surefirebooter8526373666522311625.jar /workdir/hadoop-ozone/ozonefs/target/surefire 2019-11-13T18-59-22_471-jvmRun1 surefire1646641601241936884tmp surefire_9693810782046540459tmp"/>
    <property name="surefire.test.class.path" value="/workdir/hadoop-ozone/ozonefs/target/test-classes:/workdir/hadoop-ozone/ozonefs/target/classes:/home/user/.m2/repository/org/apache/hadoop/hadoop-common/3.2.0/hadoop-common-3.2.0.jar:/home/user/.m2/repository/org/apache/hadoop/hadoop-annotations/3.2.0/hadoop-annotations-3.2.0.jar:/usr/lib/jvm/java-1.8.0-openjdk-1.8.0.222.b10-1.el7_7.x86_64/jre/../lib/tools.jar:/home/user/.m2/repository/com/google/guava/guava/11.0.2/guava-11.0.2.jar:/home/user/.m2/repository/commons-cli/commons-cli/1.2/commons-cli-1.2.jar:/home/user/.m2/repository/org/apache/commons/commons-math3/3.1.1/commons-math3-3.1.1.jar:/home/user/.m2/repository/commons-codec/commons-codec/1.11/commons-codec-1.11.jar:/home/user/.m2/repository/commons-io/commons-io/2.5/commons-io-2.5.jar:/home/user/.m2/repository/commons-net/commons-net/3.6/commons-net-3.6.jar:/home/user/.m2/repository/commons-collections/commons-collections/3.2.2/commons-collections-3.2.2.jar:/home/user/.m2/repository/javax/servlet/javax.servlet-api/3.1.0/javax.servlet-api-3.1.0.jar:/home/user/.m2/repository/org/eclipse/jetty/jetty-server/9.3.25.v20180904/jetty-server-9.3.25.v20180904.jar:/home/user/.m2/repository/org/eclipse/jetty/jetty-http/9.3.25.v20180904/jetty-http-9.3.25.v20180904.jar:/home/user/.m2/repository/org/eclipse/jetty/jetty-io/9.3.25.v20180904/jetty-io-9.3.25.v20180904.jar:/home/user/.m2/repository/org/eclipse/jetty/jetty-util/9.3.25.v20180904/jetty-util-9.3.25.v20180904.jar:/home/user/.m2/repository/org/eclipse/jetty/jetty-servlet/9.3.25.v20180904/jetty-servlet-9.3.25.v20180904.jar:/home/user/.m2/repository/org/eclipse/jetty/jetty-security/9.3.25.v20180904/jetty-security-9.3.25.v20180904.jar:/home/user/.m2/repository/org/eclipse/jetty/jetty-webapp/9.3.25.v20180904/jetty-webapp-9.3.25.v20180904.jar:/home/user/.m2/repository/org/eclipse/jetty/jetty-xml/9.3.25.v20180904/jetty-xml-9.3.25.v20180904.jar:/home/user/.m2/repository/javax/servlet/jsp/jsp-api/2.1/jsp-api-2.1.jar:/home/user/.m2/repository/com/sun/jersey/jersey-core/1.19/jersey-core-1.19.jar:/home/user/.m2/repository/javax/ws/rs/jsr311-api/1.1.1/jsr311-api-1.1.1.jar:/home/user/.m2/repository/com/sun/jersey/jersey-servlet/1.19/jersey-servlet-1.19.jar:/home/user/.m2/repository/com/sun/jersey/jersey-json/1.19/jersey-json-1.19.jar:/home/user/.m2/repository/org/codehaus/jettison/jettison/1.1/jettison-1.1.jar:/home/user/.m2/repository/com/sun/xml/bind/jaxb-impl/2.3.0.1/jaxb-impl-2.3.0.1.jar:/home/user/.m2/repository/org/codehaus/jackson/jackson-core-asl/1.9.13/jackson-core-asl-1.9.13.jar:/home/user/.m2/repository/org/codehaus/jackson/jackson-mapper-asl/1.9.13/jackson-mapper-asl-1.9.13.jar:/home/user/.m2/repository/org/codehaus/jackson/jackson-jaxrs/1.9.13/jackson-jaxrs-1.9.13.jar:/home/user/.m2/repository/org/codehaus/jackson/jackson-xc/1.9.13/jackson-xc-1.9.13.jar:/home/user/.m2/repository/com/sun/jersey/jersey-server/1.19/jersey-server-1.19.jar:/home/user/.m2/repository/commons-logging/commons-logging/1.1.3/commons-logging-1.1.3.jar:/home/user/.m2/repository/log4j/log4j/1.2.17/log4j-1.2.17.jar:/home/user/.m2/repository/commons-beanutils/commons-beanutils/1.9.4/commons-beanutils-1.9.4.jar:/home/user/.m2/repository/org/apache/commons/commons-configuration2/2.1.1/commons-configuration2-2.1.1.jar:/home/user/.m2/repository/org/apache/commons/commons-lang3/3.7/commons-lang3-3.7.jar:/home/user/.m2/repository/org/apache/commons/commons-text/1.4/commons-text-1.4.jar:/home/user/.m2/repository/org/slf4j/slf4j-api/1.7.25/slf4j-api-1.7.25.jar:/home/user/.m2/repository/org/slf4j/slf4j-log4j12/1.7.25/slf4j-log4j12-1.7.25.jar:/home/user/.m2/repository/org/apache/avro/avro/1.7.7/avro-1.7.7.jar:/home/user/.m2/repository/com/thoughtworks/paranamer/paranamer/2.3/paranamer-2.3.jar:/home/user/.m2/repository/org/xerial/snappy/snappy-java/1.0.5/snappy-java-1.0.5.jar:/home/user/.m2/repository/com/google/re2j/re2j/1.1/re2j-1.1.jar:/home/user/.m2/repository/com/google/protobuf/protobuf-java/2.5.0/protobuf-java-2.5.0.jar:/home/user/.m2/repository/com/google/code/gson/gson/2.2.4/gson-2.2.4.jar:/home/user/.m2/repository/org/apache/hadoop/hadoop-auth/3.2.0/hadoop-auth-3.2.0.jar:/home/user/.m2/repository/com/nimbusds/nimbus-jose-jwt/4.41.1/nimbus-jose-jwt-4.41.1.jar:/home/user/.m2/repository/com/github/stephenc/jcip/jcip-annotations/1.0-1/jcip-annotations-1.0-1.jar:/home/user/.m2/repository/net/minidev/json-smart/2.3/json-smart-2.3.jar:/home/user/.m2/repository/net/minidev/accessors-smart/1.2/accessors-smart-1.2.jar:/home/user/.m2/repository/org/apache/curator/curator-framework/2.12.0/curator-framework-2.12.0.jar:/home/user/.m2/repository/com/jcraft/jsch/0.1.54/jsch-0.1.54.jar:/home/user/.m2/repository/org/apache/curator/curator-client/2.12.0/curator-client-2.12.0.jar:/home/user/.m2/repository/org/apache/curator/curator-recipes/2.12.0/curator-recipes-2.12.0.jar:/home/user/.m2/repository/com/google/code/findbugs/jsr305/3.0.0/jsr305-3.0.0.jar:/home/user/.m2/repository/org/apache/htrace/htrace-core4/4.1.0-incubating/htrace-core4-4.1.0-incubating.jar:/home/user/.m2/repository/org/apache/zookeeper/zookeeper/3.4.13/zookeeper-3.4.13.jar:/home/user/.m2/repository/jline/jline/0.9.94/jline-0.9.94.jar:/home/user/.m2/repository/org/apache/yetus/audience-annotations/0.5.0/audience-annotations-0.5.0.jar:/home/user/.m2/repository/org/apache/commons/commons-compress/1.4.1/commons-compress-1.4.1.jar:/home/user/.m2/repository/org/tukaani/xz/1.0/xz-1.0.jar:/home/user/.m2/repository/org/apache/kerby/kerb-simplekdc/1.0.1/kerb-simplekdc-1.0.1.jar:/home/user/.m2/repository/org/apache/kerby/kerb-client/1.0.1/kerb-client-1.0.1.jar:/home/user/.m2/repository/org/apache/kerby/kerby-config/1.0.1/kerby-config-1.0.1.jar:/home/user/.m2/repository/org/apache/kerby/kerb-core/1.0.1/kerb-core-1.0.1.jar:/home/user/.m2/repository/org/apache/kerby/kerby-pkix/1.0.1/kerby-pkix-1.0.1.jar:/home/user/.m2/repository/org/apache/kerby/kerby-asn1/1.0.1/kerby-asn1-1.0.1.jar:/home/user/.m2/repository/org/apache/kerby/kerby-util/1.0.1/kerby-util-1.0.1.jar:/home/user/.m2/repository/org/apache/kerby/kerb-common/1.0.1/kerb-common-1.0.1.jar:/home/user/.m2/repository/org/apache/kerby/kerb-crypto/1.0.1/kerb-crypto-1.0.1.jar:/home/user/.m2/repository/org/apache/kerby/kerb-util/1.0.1/kerb-util-1.0.1.jar:/home/user/.m2/repository/org/apache/kerby/token-provider/1.0.1/token-provider-1.0.1.jar:/home/user/.m2/repository/org/apache/kerby/kerb-admin/1.0.1/kerb-admin-1.0.1.jar:/home/user/.m2/repository/org/apache/kerby/kerb-server/1.0.1/kerb-server-1.0.1.jar:/home/user/.m2/repository/org/apache/kerby/kerb-identity/1.0.1/kerb-identity-1.0.1.jar:/home/user/.m2/repository/org/apache/kerby/kerby-xdr/1.0.1/kerby-xdr-1.0.1.jar:/home/user/.m2/repository/com/fasterxml/jackson/core/jackson-databind/2.9.9/jackson-databind-2.9.9.jar:/home/user/.m2/repository/com/fasterxml/jackson/core/jackson-annotations/2.9.9/jackson-annotations-2.9.9.jar:/home/user/.m2/repository/com/fasterxml/jackson/core/jackson-core/2.9.9/jackson-core-2.9.9.jar:/home/user/.m2/repository/org/codehaus/woodstox/stax2-api/3.1.4/stax2-api-3.1.4.jar:/home/user/.m2/repository/com/fasterxml/woodstox/woodstox-core/5.0.3/woodstox-core-5.0.3.jar:/home/user/.m2/repository/dnsjava/dnsjava/2.1.7/dnsjava-2.1.7.jar:/home/user/.m2/repository/org/apache/hadoop/hadoop-hdfs/3.2.0/hadoop-hdfs-3.2.0.jar:/home/user/.m2/repository/org/eclipse/jetty/jetty-util-ajax/9.3.25.v20180904/jetty-util-ajax-9.3.25.v20180904.jar:/home/user/.m2/repository/commons-daemon/commons-daemon/1.0.13/commons-daemon-1.0.13.jar:/home/user/.m2/repository/io/netty/netty/3.10.5.Final/netty-3.10.5.Final.jar:/home/user/.m2/repository/io/netty/netty-all/4.0.52.Final/netty-all-4.0.52.Final.jar:/home/user/.m2/repository/org/fusesource/leveldbjni/leveldbjni-all/1.8/leveldbjni-all-1.8.jar:/home/user/.m2/repository/org/apache/hadoop/hadoop-hdds-common/0.5.0-SNAPSHOT/hadoop-hdds-common-0.5.0-SNAPSHOT.jar:/home/user/.m2/repository/org/apache/hadoop/hadoop-hdds-config/0.5.0-SNAPSHOT/hadoop-hdds-config-0.5.0-SNAPSHOT.jar:/home/user/.m2/repository/javax/annotation/javax.annotation-api/1.2/javax.annotation-api-1.2.jar:/home/user/.m2/repository/org/apache/ratis/ratis-server/0.5.0-d6d58d0-SNAPSHOT/ratis-server-0.5.0-d6d58d0-SNAPSHOT.jar:/home/user/.m2/repository/org/apache/ratis/ratis-thirdparty-misc/0.2.0/ratis-thirdparty-misc-0.2.0.jar:/home/user/.m2/repository/org/apache/ratis/ratis-proto/0.5.0-d6d58d0-SNAPSHOT/ratis-proto-0.5.0-d6d58d0-SNAPSHOT.jar:/home/user/.m2/repository/org/apache/ratis/ratis-common/0.5.0-d6d58d0-SNAPSHOT/ratis-common-0.5.0-d6d58d0-SNAPSHOT.jar:/home/user/.m2/repository/org/apache/ratis/ratis-client/0.5.0-d6d58d0-SNAPSHOT/ratis-client-0.5.0-d6d58d0-SNAPSHOT.jar:/home/user/.m2/repository/org/apache/ratis/ratis-metrics/0.5.0-d6d58d0-SNAPSHOT/ratis-metrics-0.5.0-d6d58d0-SNAPSHOT.jar:/home/user/.m2/repository/org/apache/ratis/ratis-netty/0.5.0-d6d58d0-SNAPSHOT/ratis-netty-0.5.0-d6d58d0-SNAPSHOT.jar:/home/user/.m2/repository/org/apache/ratis/ratis-grpc/0.5.0-d6d58d0-SNAPSHOT/ratis-grpc-0.5.0-d6d58d0-SNAPSHOT.jar:/home/user/.m2/repository/org/rocksdb/rocksdbjni/6.0.1/rocksdbjni-6.0.1.jar:/home/user/.m2/repository/org/apache/logging/log4j/log4j-api/2.11.0/log4j-api-2.11.0.jar:/home/user/.m2/repository/org/apache/logging/log4j/log4j-core/2.11.0/log4j-core-2.11.0.jar:/home/user/.m2/repository/com/lmax/disruptor/3.4.2/disruptor-3.4.2.jar:/home/user/.m2/repository/org/apache/commons/commons-pool2/2.6.0/commons-pool2-2.6.0.jar:/home/user/.m2/repository/org/bouncycastle/bcpkix-jdk15on/1.60/bcpkix-jdk15on-1.60.jar:/home/user/.m2/repository/commons-validator/commons-validator/1.6/commons-validator-1.6.jar:/home/user/.m2/repository/commons-digester/commons-digester/1.8.1/commons-digester-1.8.1.jar:/home/user/.m2/repository/io/jaegertracing/jaeger-client/0.34.0/jaeger-client-0.34.0.jar:/home/user/.m2/repository/io/jaegertracing/jaeger-thrift/0.34.0/jaeger-thrift-0.34.0.jar:/home/user/.m2/repository/org/apache/thrift/libthrift/0.12.0/libthrift-0.12.0.jar:/home/user/.m2/repository/com/squareup/okhttp3/okhttp/3.9.0/okhttp-3.9.0.jar:/home/user/.m2/repository/com/squareup/okio/okio/1.13.0/okio-1.13.0.jar:/home/user/.m2/repository/io/jaegertracing/jaeger-core/0.34.0/jaeger-core-0.34.0.jar:/home/user/.m2/repository/io/jaegertracing/jaeger-tracerresolver/0.34.0/jaeger-tracerresolver-0.34.0.jar:/home/user/.m2/repository/io/opentracing/contrib/opentracing-tracerresolver/0.1.5/opentracing-tracerresolver-0.1.5.jar:/home/user/.m2/repository/io/opentracing/opentracing-util/0.31.0/opentracing-util-0.31.0.jar:/home/user/.m2/repository/io/opentracing/opentracing-api/0.31.0/opentracing-api-0.31.0.jar:/home/user/.m2/repository/io/opentracing/opentracing-noop/0.31.0/opentracing-noop-0.31.0.jar:/home/user/.m2/repository/org/yaml/snakeyaml/1.16/snakeyaml-1.16.jar:/home/user/.m2/repository/org/apache/hadoop/hadoop-hdfs-client/3.2.0/hadoop-hdfs-client-3.2.0.jar:/home/user/.m2/repository/info/picocli/picocli/3.9.6/picocli-3.9.6.jar:/home/user/.m2/repository/org/apache/hadoop/hadoop-hdds-server-scm/0.5.0-SNAPSHOT/hadoop-hdds-server-scm-0.5.0-SNAPSHOT.jar:/home/user/.m2/repository/org/apache/hadoop/hadoop-hdds-docs/0.5.0-SNAPSHOT/hadoop-hdds-docs-0.5.0-SNAPSHOT.jar:/home/user/.m2/repository/io/dropwizard/metrics/metrics-core/3.2.4/metrics-core-3.2.4.jar:/home/user/.m2/repository/org/hamcrest/hamcrest-all/1.3/hamcrest-all-1.3.jar:/home/user/.m2/repository/org/bouncycastle/bcprov-jdk15on/1.60/bcprov-jdk15on-1.60.jar:/home/user/.m2/repository/org/apache/hadoop/hadoop-hdds-server-framework/0.5.0-SNAPSHOT/hadoop-hdds-server-framework-0.5.0-SNAPSHOT.jar:/home/user/.m2/repository/org/apache/hadoop/hadoop-ozone-ozone-manager/0.5.0-SNAPSHOT/hadoop-ozone-ozone-manager-0.5.0-SNAPSHOT.jar:/home/user/.m2/repository/org/apache/hadoop/hadoop-hdds-container-service/0.5.0-SNAPSHOT/hadoop-hdds-container-service-0.5.0-SNAPSHOT.jar:/home/user/.m2/repository/org/apache/hadoop/hadoop-hdds-client/0.5.0-SNAPSHOT/hadoop-hdds-client-0.5.0-SNAPSHOT.jar:/home/user/.m2/repository/org/apache/hadoop/hadoop-ozone-common/0.5.0-SNAPSHOT/hadoop-ozone-common-0.5.0-SNAPSHOT.jar:/home/user/.m2/repository/org/apache/hadoop/hadoop-hdds-tools/0.5.0-SNAPSHOT/hadoop-hdds-tools-0.5.0-SNAPSHOT.jar:/home/user/.m2/repository/org/xerial/sqlite-jdbc/3.25.2/sqlite-jdbc-3.25.2.jar:/home/user/.m2/repository/org/apache/httpcomponents/httpclient/4.5.2/httpclient-4.5.2.jar:/home/user/.m2/repository/org/apache/httpcomponents/httpcore/4.4.4/httpcore-4.4.4.jar:/home/user/.m2/repository/com/github/spotbugs/spotbugs/3.1.12/spotbugs-3.1.12.jar:/home/user/.m2/repository/org/ow2/asm/asm/5.0.4/asm-5.0.4.jar:/home/user/.m2/repository/org/ow2/asm/asm-analysis/7.0/asm-analysis-7.0.jar:/home/user/.m2/repository/org/ow2/asm/asm-commons/7.0/asm-commons-7.0.jar:/home/user/.m2/repository/org/ow2/asm/asm-tree/7.0/asm-tree-7.0.jar:/home/user/.m2/repository/org/ow2/asm/asm-util/7.0/asm-util-7.0.jar:/home/user/.m2/repository/org/apache/bcel/bcel/6.3/bcel-6.3.jar:/home/user/.m2/repository/net/jcip/jcip-annotations/1.0/jcip-annotations-1.0.jar:/home/user/.m2/repository/org/dom4j/dom4j/2.1.1/dom4j-2.1.1.jar:/home/user/.m2/repository/jaxen/jaxen/1.1.6/jaxen-1.1.6.jar:/home/user/.m2/repository/commons-lang/commons-lang/2.6/commons-lang-2.6.jar:/home/user/.m2/repository/com/github/spotbugs/spotbugs-annotations/3.1.12/spotbugs-annotations-3.1.12.jar:/home/user/.m2/repository/org/apache/hadoop/hadoop-common/3.2.0/hadoop-common-3.2.0-tests.jar:/home/user/.m2/repository/org/apache/hadoop/hadoop-ozone-client/0.5.0-SNAPSHOT/hadoop-ozone-client-0.5.0-SNAPSHOT.jar:/home/user/.m2/repository/org/apache/hadoop/hadoop-hdfs/3.2.0/hadoop-hdfs-3.2.0-tests.jar:/workdir/hadoop-ozone/integration-test/target/test-classes:/home/user/.m2/repository/org/apache/hadoop/hadoop-ozone-s3gateway/0.5.0-SNAPSHOT/hadoop-ozone-s3gateway-0.5.0-SNAPSHOT.jar:/home/user/.m2/repository/org/jboss/weld/servlet/weld-servlet/2.4.7.Final/weld-servlet-2.4.7.Final.jar:/home/user/.m2/repository/org/glassfish/jersey/containers/jersey-container-servlet-core/2.27/jersey-container-servlet-core-2.27.jar:/home/user/.m2/repository/org/glassfish/hk2/external/javax.inject/2.5.0-b42/javax.inject-2.5.0-b42.jar:/home/user/.m2/repository/org/glassfish/jersey/core/jersey-common/2.27/jersey-common-2.27.jar:/home/user/.m2/repository/org/glassfish/hk2/osgi-resource-locator/1.0.1/osgi-resource-locator-1.0.1.jar:/home/user/.m2/repository/javax/ws/rs/javax.ws.rs-api/2.1/javax.ws.rs-api-2.1.jar:/home/user/.m2/repository/org/glassfish/jersey/ext/cdi/jersey-cdi1x/2.27/jersey-cdi1x-2.27.jar:/home/user/.m2/repository/org/glassfish/jersey/inject/jersey-hk2/2.27/jersey-hk2-2.27.jar:/home/user/.m2/repository/org/glassfish/hk2/hk2-locator/2.5.0-b42/hk2-locator-2.5.0-b42.jar:/home/user/.m2/repository/org/javassist/javassist/3.22.0-CR2/javassist-3.22.0-CR2.jar:/home/user/.m2/repository/org/glassfish/hk2/hk2-api/2.5.0/hk2-api-2.5.0.jar:/home/user/.m2/repository/org/glassfish/hk2/external/jakarta.inject/2.5.0/jakarta.inject-2.5.0.jar:/home/user/.m2/repository/org/glassfish/hk2/hk2-utils/2.5.0/hk2-utils-2.5.0.jar:/home/user/.m2/repository/jakarta/annotation/jakarta.annotation-api/1.3.4/jakarta.annotation-api-1.3.4.jar:/home/user/.m2/repository/org/glassfish/hk2/external/aopalliance-repackaged/2.5.0/aopalliance-repackaged-2.5.0.jar:/home/user/.m2/repository/com/fasterxml/jackson/dataformat/jackson-dataformat-xml/2.9.0/jackson-dataformat-xml-2.9.0.jar:/home/user/.m2/repository/com/fasterxml/jackson/module/jackson-module-jaxb-annotations/2.9.9/jackson-module-jaxb-annotations-2.9.9.jar:/home/user/.m2/repository/javax/enterprise/cdi-api/1.2/cdi-api-1.2.jar:/home/user/.m2/repository/javax/el/javax.el-api/3.0.0/javax.el-api-3.0.0.jar:/home/user/.m2/repository/javax/interceptor/javax.interceptor-api/1.2/javax.interceptor-api-1.2.jar:/home/user/.m2/repository/javax/inject/javax.inject/1/javax.inject-1.jar:/home/user/.m2/repository/com/sun/xml/bind/jaxb-core/2.3.0.1/jaxb-core-2.3.0.1.jar:/home/user/.m2/repository/javax/xml/bind/jaxb-api/2.3.0/jaxb-api-2.3.0.jar:/home/user/.m2/repository/javax/activation/activation/1.1.1/activation-1.1.1.jar:/home/user/.m2/repository/org/apache/hadoop/hadoop-ozone-csi/0.5.0-SNAPSHOT/hadoop-ozone-csi-0.5.0-SNAPSHOT.jar:/home/user/.m2/repository/com/google/protobuf/protobuf-java-util/3.5.1/protobuf-java-util-3.5.1.jar:/home/user/.m2/repository/io/grpc/grpc-netty/1.17.1/grpc-netty-1.17.1.jar:/home/user/.m2/repository/io/grpc/grpc-core/1.17.1/grpc-core-1.17.1.jar:/home/user/.m2/repository/io/grpc/grpc-context/1.17.1/grpc-context-1.17.1.jar:/home/user/.m2/repository/com/google/errorprone/error_prone_annotations/2.2.0/error_prone_annotations-2.2.0.jar:/home/user/.m2/repository/org/codehaus/mojo/animal-sniffer-annotations/1.17/animal-sniffer-annotations-1.17.jar:/home/user/.m2/repository/io/opencensus/opencensus-api/0.17.0/opencensus-api-0.17.0.jar:/home/user/.m2/repository/io/opencensus/opencensus-contrib-grpc-metrics/0.17.0/opencensus-contrib-grpc-metrics-0.17.0.jar:/home/user/.m2/repository/io/netty/netty-codec-http2/4.1.30.Final/netty-codec-http2-4.1.30.Final.jar:/home/user/.m2/repository/io/netty/netty-codec-http/4.1.30.Final/netty-codec-http-4.1.30.Final.jar:/home/user/.m2/repository/io/netty/netty-codec/4.1.30.Final/netty-codec-4.1.30.Final.jar:/home/user/.m2/repository/io/netty/netty-handler/4.1.30.Final/netty-handler-4.1.30.Final.jar:/home/user/.m2/repository/io/netty/netty-handler-proxy/4.1.30.Final/netty-handler-proxy-4.1.30.Final.jar:/home/user/.m2/repository/io/netty/netty-codec-socks/4.1.30.Final/netty-codec-socks-4.1.30.Final.jar:/home/user/.m2/repository/io/netty/netty-transport-native-epoll/4.1.30.Final/netty-transport-native-epoll-4.1.30.Final.jar:/home/user/.m2/repository/io/netty/netty-common/4.1.30.Final/netty-common-4.1.30.Final.jar:/home/user/.m2/repository/io/netty/netty-buffer/4.1.30.Final/netty-buffer-4.1.30.Final.jar:/home/user/.m2/repository/io/netty/netty-transport/4.1.30.Final/netty-transport-4.1.30.Final.jar:/home/user/.m2/repository/io/netty/netty-resolver/4.1.30.Final/netty-resolver-4.1.30.Final.jar:/home/user/.m2/repository/io/netty/netty-transport-native-unix-common/4.1.30.Final/netty-transport-native-unix-common-4.1.30.Final.jar:/home/user/.m2/repository/io/grpc/grpc-protobuf/1.17.1/grpc-protobuf-1.17.1.jar:/home/user/.m2/repository/com/google/api/grpc/proto-google-common-protos/1.0.0/proto-google-common-protos-1.0.0.jar:/home/user/.m2/repository/io/grpc/grpc-protobuf-lite/1.17.1/grpc-protobuf-lite-1.17.1.jar:/home/user/.m2/repository/io/grpc/grpc-stub/1.17.1/grpc-stub-1.17.1.jar:/home/user/.m2/repository/org/apache/hadoop/hadoop-ozone-recon/0.5.0-SNAPSHOT/hadoop-ozone-recon-0.5.0-SNAPSHOT.jar:/home/user/.m2/repository/org/apache/hadoop/hadoop-ozone-reconcodegen/0.5.0-SNAPSHOT/hadoop-ozone-reconcodegen-0.5.0-SNAPSHOT.jar:/home/user/.m2/repository/com/google/inject/extensions/guice-multibindings/4.0/guice-multibindings-4.0.jar:/home/user/.m2/repository/com/google/inject/guice/4.0/guice-4.0.jar:/home/user/.m2/repository/aopalliance/aopalliance/1.0/aopalliance-1.0.jar:/home/user/.m2/repository/org/glassfish/jersey/containers/jersey-container-servlet/2.27/jersey-container-servlet-2.27.jar:/home/user/.m2/repository/org/glassfish/hk2/guice-bridge/2.5.0/guice-bridge-2.5.0.jar:/home/user/.m2/repository/org/glassfish/jersey/core/jersey-server/2.27/jersey-server-2.27.jar:/home/user/.m2/repository/org/glassfish/jersey/core/jersey-client/2.27/jersey-client-2.27.jar:/home/user/.m2/repository/org/glassfish/jersey/media/jersey-media-jaxb/2.27/jersey-media-jaxb-2.27.jar:/home/user/.m2/repository/javax/validation/validation-api/1.1.0.Final/validation-api-1.1.0.Final.jar:/home/user/.m2/repository/org/glassfish/jersey/media/jersey-media-json-jackson/2.27/jersey-media-json-jackson-2.27.jar:/home/user/.m2/repository/org/glassfish/jersey/ext/jersey-entity-filtering/2.27/jersey-entity-filtering-2.27.jar:/home/user/.m2/repository/com/google/inject/extensions/guice-assistedinject/4.0/guice-assistedinject-4.0.jar:/home/user/.m2/repository/org/jooq/jooq/3.11.10/jooq-3.11.10.jar:/home/user/.m2/repository/org/jooq/jooq-meta/3.11.10/jooq-meta-3.11.10.jar:/home/user/.m2/repository/org/jooq/jooq-codegen/3.11.10/jooq-codegen-3.11.10.jar:/home/user/.m2/repository/com/jolbox/bonecp/0.8.0.RELEASE/bonecp-0.8.0.RELEASE.jar:/home/user/.m2/repository/org/springframework/spring-jdbc/5.1.3.RELEASE/spring-jdbc-5.1.3.RELEASE.jar:/home/user/.m2/repository/org/springframework/spring-beans/5.1.3.RELEASE/spring-beans-5.1.3.RELEASE.jar:/home/user/.m2/repository/org/springframework/spring-core/5.1.3.RELEASE/spring-core-5.1.3.RELEASE.jar:/home/user/.m2/repository/org/springframework/spring-jcl/5.1.3.RELEASE/spring-jcl-5.1.3.RELEASE.jar:/home/user/.m2/repository/org/springframework/spring-tx/5.1.3.RELEASE/spring-tx-5.1.3.RELEASE.jar:/home/user/.m2/repository/org/mockito/mockito-all/1.10.19/mockito-all-1.10.19.jar:/home/user/.m2/repository/junit/junit/4.11/junit-4.11.jar:/home/user/.m2/repository/org/hamcrest/hamcrest-core/1.3/hamcrest-core-1.3.jar:/home/user/.m2/repository/org/apache/hadoop/hadoop-distcp/3.2.0/hadoop-distcp-3.2.0.jar:/home/user/.m2/repository/org/apache/hadoop/hadoop-distcp/3.2.0/hadoop-distcp-3.2.0-tests.jar:/home/user/.m2/repository/org/apache/hadoop/hadoop-mapreduce-client-jobclient/3.2.0/hadoop-mapreduce-client-jobclient-3.2.0.jar:/home/user/.m2/repository/org/apache/hadoop/hadoop-mapreduce-client-common/3.2.0/hadoop-mapreduce-client-common-3.2.0.jar:/home/user/.m2/repository/org/apache/hadoop/hadoop-yarn-common/3.2.0/hadoop-yarn-common-3.2.0.jar:/home/user/.m2/repository/org/apache/hadoop/hadoop-yarn-api/3.2.0/hadoop-yarn-api-3.2.0.jar:/home/user/.m2/repository/com/sun/jersey/jersey-client/1.19/jersey-client-1.19.jar:/home/user/.m2/repository/com/sun/jersey/contribs/jersey-guice/1.19/jersey-guice-1.19.jar:/home/user/.m2/repository/com/fasterxml/jackson/jaxrs/jackson-jaxrs-json-provider/2.9.9/jackson-jaxrs-json-provider-2.9.9.jar:/home/user/.m2/repository/com/fasterxml/jackson/jaxrs/jackson-jaxrs-base/2.9.9/jackson-jaxrs-base-2.9.9.jar:/home/user/.m2/repository/org/apache/hadoop/hadoop-yarn-client/3.2.0/hadoop-yarn-client-3.2.0.jar:/home/user/.m2/repository/org/apache/hadoop/hadoop-mapreduce-client-core/3.2.0/hadoop-mapreduce-client-core-3.2.0.jar:/home/user/.m2/repository/com/google/inject/extensions/guice-servlet/4.0/guice-servlet-4.0.jar:/home/user/.m2/repository/org/powermock/powermock-module-junit4/1.6.5/powermock-module-junit4-1.6.5.jar:/home/user/.m2/repository/org/powermock/powermock-module-junit4-common/1.6.5/powermock-module-junit4-common-1.6.5.jar:/home/user/.m2/repository/org/powermock/powermock-core/1.6.5/powermock-core-1.6.5.jar:/home/user/.m2/repository/org/powermock/powermock-reflect/1.6.5/powermock-reflect-1.6.5.jar:/home/user/.m2/repository/org/powermock/powermock-api-mockito/1.6.5/powermock-api-mockito-1.6.5.jar:/home/user/.m2/repository/org/mockito/mockito-core/1.10.19/mockito-core-1.10.19.jar:/home/user/.m2/repository/org/objenesis/objenesis/1.0/objenesis-1.0.jar:/home/user/.m2/repository/org/powermock/powermock-api-mockito-common/1.6.5/powermock-api-mockito-common-1.6.5.jar:/home/user/.m2/repository/org/powermock/powermock-api-support/1.6.5/powermock-api-support-1.6.5.jar:"/>
    <property name="sun.cpu.endian" value="little"/>
    <property name="user.home" value="/home/user"/>
    <property name="user.language" value="en"/>
    <property name="java.specification.vendor" value="Oracle Corporation"/>
    <property name="java.home" value="/usr/lib/jvm/java-1.8.0-openjdk-1.8.0.222.b10-1.el7_7.x86_64/jre"/>
    <property name="surefire.excludesFile" value="/tools/ozone-bad-unit-tests"/>
    <property name="java.security.krb5.conf" value="/workdir/hadoop-ozone/ozonefs/target/test-classes/krb5.conf"/>
    <property name="basedir" value="/workdir/hadoop-ozone/ozonefs"/>
    <property name="file.separator" value="/"/>
    <property name="line.separator" value="&#10;"/>
    <property name="java.vm.specification.vendor" value="Oracle Corporation"/>
    <property name="java.specification.name" value="Java Platform API Specification"/>
    <property name="java.awt.graphicsenv" value="sun.awt.X11GraphicsEnvironment"/>
    <property name="surefire.real.class.path" value="/workdir/hadoop-ozone/ozonefs/target/surefire/surefirebooter8526373666522311625.jar"/>
    <property name="hadoop.log.dir" value="/workdir/hadoop-ozone/ozonefs/target/log"/>
    <property name="sun.boot.class.path" value="/usr/lib/jvm/java-1.8.0-openjdk-1.8.0.222.b10-1.el7_7.x86_64/jre/lib/resources.jar:/usr/lib/jvm/java-1.8.0-openjdk-1.8.0.222.b10-1.el7_7.x86_64/jre/lib/rt.jar:/usr/lib/jvm/java-1.8.0-openjdk-1.8.0.222.b10-1.el7_7.x86_64/jre/lib/sunrsasign.jar:/usr/lib/jvm/java-1.8.0-openjdk-1.8.0.222.b10-1.el7_7.x86_64/jre/lib/jsse.jar:/usr/lib/jvm/java-1.8.0-openjdk-1.8.0.222.b10-1.el7_7.x86_64/jre/lib/jce.jar:/usr/lib/jvm/java-1.8.0-openjdk-1.8.0.222.b10-1.el7_7.x86_64/jre/lib/charsets.jar:/usr/lib/jvm/java-1.8.0-openjdk-1.8.0.222.b10-1.el7_7.x86_64/jre/lib/jfr.jar:/usr/lib/jvm/java-1.8.0-openjdk-1.8.0.222.b10-1.el7_7.x86_64/jre/classes"/>
    <property name="sun.management.compiler" value="HotSpot 64-Bit Tiered Compilers"/>
    <property name="java.runtime.version" value="1.8.0_222-b10"/>
    <property name="java.net.preferIPv4Stack" value="true"/>
    <property name="user.name" value="jenkins1000"/>
    <property name="path.separator" value=":"/>
    <property name="java.security.egd" value="file:///dev/urandom"/>
    <property name="os.version" value="3.10.0-957.12.2.el7.x86_64"/>
    <property name="java.endorsed.dirs" value="/usr/lib/jvm/java-1.8.0-openjdk-1.8.0.222.b10-1.el7_7.x86_64/jre/lib/endorsed"/>
    <property name="java.runtime.name" value="OpenJDK Runtime Environment"/>
    <property name="file.encoding" value="ANSI_X3.4-1968"/>
    <property name="java.vm.name" value="OpenJDK 64-Bit Server VM"/>
    <property name="test.build.webapps" value=""/>
    <property name="localRepository" value="/home/user/.m2/repository"/>
    <property name="java.vendor.url.bug" value="http://bugreport.sun.com/bugreport/"/>
    <property name="java.io.tmpdir" value="/tmp"/>
    <property name="require.test.libhadoop" value=""/>
    <property name="java.version" value="1.8.0_222"/>
    <property name="user.dir" value="/workdir/hadoop-ozone/ozonefs"/>
    <property name="os.arch" value="amd64"/>
    <property name="java.vm.specification.name" value="Java Virtual Machine Specification"/>
    <property name="test.build.classes" value="/workdir/hadoop-ozone/ozonefs/target/test-classes"/>
    <property name="java.awt.printerjob" value="sun.print.PSPrinterJob"/>
    <property name="sun.os.patch.level" value="unknown"/>
    <property name="hadoop.tmp.dir" value="/workdir/hadoop-ozone/ozonefs/target/tmp"/>
    <property name="java.library.path" value="/usr/lib:/workdir/hadoop-ozone/ozonefs/target/native/target/usr/local/lib:/workdir/hadoop-ozone/ozonefs/../../hadoop-common-project/hadoop-common/target/native/target/usr/local/lib:/usr/java/packages/lib/amd64:/usr/lib64:/lib64:/lib:/usr/lib"/>
    <property name="java.vm.info" value="mixed mode"/>
    <property name="java.vendor" value="Oracle Corporation"/>
    <property name="java.vm.version" value="25.222-b10"/>
    <property name="java.ext.dirs" value="/usr/lib/jvm/java-1.8.0-openjdk-1.8.0.222.b10-1.el7_7.x86_64/jre/lib/ext:/usr/java/packages/lib/ext"/>
    <property name="sun.io.unicode.encoding" value="UnicodeLittle"/>
    <property name="java.class.version" value="52.0"/>
  </properties>
  <testcase name="testOzoneFsServiceLoader" classname="org.apache.hadoop.fs.ozone.TestOzoneFileSystem" time="29.219"/>
  <testcase name="testListStatusOnRoot" classname="org.apache.hadoop.fs.ozone.TestOzoneFileSystem" time="24.696"/>
  <testcase name="testListStatusOnSubDirs" classname="org.apache.hadoop.fs.ozone.TestOzoneFileSystem" time="24.756"/>
  <testcase name="testListStatus" classname="org.apache.hadoop.fs.ozone.TestOzoneFileSystem" time="24.712"/>
  <testcase name="testCreateDoesNotAddParentDirKeys" classname="org.apache.hadoop.fs.ozone.TestOzoneFileSystem" time="24.801"/>
  <testcase name="testDeleteCreatesFakeParentDir" classname="org.apache.hadoop.fs.ozone.TestOzoneFileSystem" time="24.795"/>
  <testcase name="testNonExplicitlyCreatedPathExistsAfterItsLeafsWereRemoved" classname="org.apache.hadoop.fs.ozone.TestOzoneFileSystem" time="25.641"/>
  <testcase name="testListStatusOnLargeDirectory" classname="org.apache.hadoop.fs.ozone.TestOzoneFileSystem" time="300.025">
    <error message="test timed out after 300000 milliseconds" type="java.lang.Exception">java.lang.Exception: test timed out after 300000 milliseconds
	at java.lang.Object.wait(Native Method)
	at java.lang.Object.wait(Object.java:502)
	at org.apache.hadoop.util.concurrent.AsyncGet$Util.wait(AsyncGet.java:59)
	at org.apache.hadoop.ipc.Client.getRpcResponse(Client.java:1499)
	at org.apache.hadoop.ipc.Client.call(Client.java:1457)
	at org.apache.hadoop.ipc.Client.call(Client.java:1367)
	at org.apache.hadoop.ipc.ProtobufRpcEngine$Invoker.invoke(ProtobufRpcEngine.java:228)
	at org.apache.hadoop.ipc.ProtobufRpcEngine$Invoker.invoke(ProtobufRpcEngine.java:116)
	at com.sun.proxy.$Proxy37.submitRequest(Unknown Source)
	at sun.reflect.GeneratedMethodAccessor23.invoke(Unknown Source)
	at sun.reflect.DelegatingMethodAccessorImpl.invoke(DelegatingMethodAccessorImpl.java:43)
	at java.lang.reflect.Method.invoke(Method.java:498)
	at org.apache.hadoop.io.retry.RetryInvocationHandler.invokeMethod(RetryInvocationHandler.java:422)
	at org.apache.hadoop.io.retry.RetryInvocationHandler$Call.invokeMethod(RetryInvocationHandler.java:165)
	at org.apache.hadoop.io.retry.RetryInvocationHandler$Call.invoke(RetryInvocationHandler.java:157)
	at org.apache.hadoop.io.retry.RetryInvocationHandler$Call.invokeOnce(RetryInvocationHandler.java:95)
	at org.apache.hadoop.io.retry.RetryInvocationHandler.invoke(RetryInvocationHandler.java:359)
	at com.sun.proxy.$Proxy37.submitRequest(Unknown Source)
	at org.apache.hadoop.ozone.om.protocolPB.OzoneManagerProtocolClientSideTranslatorPB.submitRequest(OzoneManagerProtocolClientSideTranslatorPB.java:361)
	at org.apache.hadoop.ozone.om.protocolPB.OzoneManagerProtocolClientSideTranslatorPB.createDirectory(OzoneManagerProtocolClientSideTranslatorPB.java:1406)
	at sun.reflect.GeneratedMethodAccessor67.invoke(Unknown Source)
	at sun.reflect.DelegatingMethodAccessorImpl.invoke(DelegatingMethodAccessorImpl.java:43)
	at java.lang.reflect.Method.invoke(Method.java:498)
	at org.apache.hadoop.hdds.tracing.TraceAllMethod.invoke(TraceAllMethod.java:66)
	at com.sun.proxy.$Proxy38.createDirectory(Unknown Source)
	at org.apache.hadoop.ozone.client.rpc.RpcClient.createDirectory(RpcClient.java:1006)
	at org.apache.hadoop.ozone.client.OzoneBucket.createDirectory(OzoneBucket.java:503)
	at org.apache.hadoop.fs.ozone.BasicOzoneClientAdapterImpl.createDirectory(BasicOzoneClientAdapterImpl.java:239)
	at org.apache.hadoop.fs.ozone.BasicOzoneFileSystem.mkdir(BasicOzoneFileSystem.java:599)
	at org.apache.hadoop.fs.ozone.BasicOzoneFileSystem.mkdirs(BasicOzoneFileSystem.java:609)
	at org.apache.hadoop.fs.FileSystem.mkdirs(FileSystem.java:2275)
	at org.apache.hadoop.fs.ozone.TestOzoneFileSystem.testListStatusOnLargeDirectory(TestOzoneFileSystem.java:215)
	at sun.reflect.NativeMethodAccessorImpl.invoke0(Native Method)
	at sun.reflect.NativeMethodAccessorImpl.invoke(NativeMethodAccessorImpl.java:62)
	at sun.reflect.DelegatingMethodAccessorImpl.invoke(DelegatingMethodAccessorImpl.java:43)
	at java.lang.reflect.Method.invoke(Method.java:498)
	at org.junit.runners.model.FrameworkMethod$1.runReflectiveCall(FrameworkMethod.java:47)
	at org.junit.internal.runners.model.ReflectiveCallable.run(ReflectiveCallable.java:12)
	at org.junit.runners.model.FrameworkMethod.invokeExplosively(FrameworkMethod.java:44)
	at org.junit.internal.runners.statements.InvokeMethod.evaluate(InvokeMethod.java:17)
	at org.junit.internal.runners.statements.RunBefores.evaluate(RunBefores.java:26)
	at org.junit.internal.runners.statements.RunAfters.evaluate(RunAfters.java:27)
	at org.junit.internal.runners.statements.FailOnTimeout$StatementThread.run(FailOnTimeout.java:74)
</error>
    <system-out><![CDATA[2019-11-13 20:57:48,006 [Thread-1714] WARN  server.ServerUtils (ServerUtils.java:getScmDbDir(145)) - ozone.scm.db.dirs is not configured. We recommend adding this setting. Falling back to ozone.metadata.dirs instead.
2019-11-13 20:57:48,077 [Thread-1714] WARN  server.ServerUtils (ServerUtils.java:getScmDbDir(145)) - ozone.scm.db.dirs is not configured. We recommend adding this setting. Falling back to ozone.metadata.dirs instead.
2019-11-13 20:57:48,077 [Thread-1714] WARN  server.ServerUtils (ServerUtils.java:getScmDbDir(145)) - ozone.scm.db.dirs is not configured. We recommend adding this setting. Falling back to ozone.metadata.dirs instead.
2019-11-13 20:57:48,078 [Thread-1714] INFO  db.DBStoreBuilder (DBStoreBuilder.java:addTable(127)) - using custom profile for table: deletedBlocks
2019-11-13 20:57:48,078 [Thread-1714] INFO  db.DBStoreBuilder (DBStoreBuilder.java:processTables(183)) - Using default column profile:DBProfile.DISK for Table:deletedBlocks
2019-11-13 20:57:48,078 [Thread-1714] INFO  db.DBStoreBuilder (DBStoreBuilder.java:addTable(127)) - using custom profile for table: validCerts
2019-11-13 20:57:48,078 [Thread-1714] INFO  db.DBStoreBuilder (DBStoreBuilder.java:processTables(183)) - Using default column profile:DBProfile.DISK for Table:validCerts
2019-11-13 20:57:48,078 [Thread-1714] INFO  db.DBStoreBuilder (DBStoreBuilder.java:addTable(127)) - using custom profile for table: revokedCerts
2019-11-13 20:57:48,078 [Thread-1714] INFO  db.DBStoreBuilder (DBStoreBuilder.java:processTables(183)) - Using default column profile:DBProfile.DISK for Table:revokedCerts
2019-11-13 20:57:48,079 [Thread-1714] INFO  db.DBStoreBuilder (DBStoreBuilder.java:addTable(127)) - using custom profile for table: default
2019-11-13 20:57:48,079 [Thread-1714] INFO  db.DBStoreBuilder (DBStoreBuilder.java:processTables(189)) - Using default column profile:DBProfile.DISK for Table:default
2019-11-13 20:57:48,079 [Thread-1714] INFO  db.DBStoreBuilder (DBStoreBuilder.java:getDbProfile(220)) - Using default options. DBProfile.DISK
2019-11-13 20:57:48,175 [Thread-1714] INFO  net.NodeSchemaLoader (NodeSchemaLoader.java:loadSchemaFromFile(125)) - Loading file from sun.misc.CompoundEnumeration@4addeb4d
2019-11-13 20:57:48,175 [Thread-1714] INFO  net.NodeSchemaLoader (NodeSchemaLoader.java:loadSchema(171)) - Loading network topology layer schema file
2019-11-13 20:57:48,178 [Thread-1714] WARN  server.ServerUtils (ServerUtils.java:sanitizeUserArgs(70)) - ozone.scm.stale.node.interval value = 300000 is larger than max = 100000 based on the key value of ozone.scm.heartbeat.thread.interval, reset to the max value 100000.
2019-11-13 20:57:48,178 [Thread-1714] WARN  server.ServerUtils (ServerUtils.java:sanitizeUserArgs(70)) - ozone.scm.stale.node.interval value = 300000 is larger than max = 100000 based on the key value of ozone.scm.heartbeat.thread.interval, reset to the max value 100000.
2019-11-13 20:57:48,179 [Thread-1714] INFO  node.SCMNodeManager (SCMNodeManager.java:<init>(116)) - Entering startup safe mode.
2019-11-13 20:57:48,179 [Thread-1714] INFO  algorithms.ContainerPlacementPolicyFactory (ContainerPlacementPolicyFactory.java:getPolicy(57)) - Create container placement policy of type org.apache.hadoop.hdds.scm.container.placement.algorithms.SCMContainerPlacementRandom
2019-11-13 20:57:48,179 [Thread-1714] WARN  server.ServerUtils (ServerUtils.java:getScmDbDir(145)) - ozone.scm.db.dirs is not configured. We recommend adding this setting. Falling back to ozone.metadata.dirs instead.
2019-11-13 20:57:48,208 [Thread-1714] INFO  pipeline.SCMPipelineManager (SCMPipelineManager.java:initializePipelineState(132)) - No pipeline exists in current db
2019-11-13 20:57:48,208 [Thread-1714] WARN  server.ServerUtils (ServerUtils.java:getScmDbDir(145)) - ozone.scm.db.dirs is not configured. We recommend adding this setting. Falling back to ozone.metadata.dirs instead.
2019-11-13 20:57:48,238 [Thread-1714] WARN  events.EventQueue (EventQueue.java:fireEvent(183)) - No event handler registered for event TypedEvent{payloadType=SafeModeStatus, name='SafeModeStatus'}
2019-11-13 20:57:48,239 [Thread-1714] INFO  ipc.CallQueueManager (CallQueueManager.java:<init>(84)) - Using callQueue: class java.util.concurrent.LinkedBlockingQueue, queueCapacity: 2000, scheduler: class org.apache.hadoop.ipc.DefaultRpcScheduler, ipcBackoff: false.
2019-11-13 20:57:48,239 [Socket Reader #1 for port 38723] INFO  ipc.Server (Server.java:run(1074)) - Starting Socket Reader #1 for port 38723
2019-11-13 20:57:48,241 [Thread-1714] INFO  ipc.CallQueueManager (CallQueueManager.java:<init>(84)) - Using callQueue: class java.util.concurrent.LinkedBlockingQueue, queueCapacity: 2000, scheduler: class org.apache.hadoop.ipc.DefaultRpcScheduler, ipcBackoff: false.
2019-11-13 20:57:48,241 [Socket Reader #1 for port 35116] INFO  ipc.Server (Server.java:run(1074)) - Starting Socket Reader #1 for port 35116
2019-11-13 20:57:48,242 [Thread-1714] INFO  ipc.CallQueueManager (CallQueueManager.java:<init>(84)) - Using callQueue: class java.util.concurrent.LinkedBlockingQueue, queueCapacity: 2000, scheduler: class org.apache.hadoop.ipc.DefaultRpcScheduler, ipcBackoff: false.
2019-11-13 20:57:48,242 [Socket Reader #1 for port 35929] INFO  ipc.Server (Server.java:run(1074)) - Starting Socket Reader #1 for port 35929
2019-11-13 20:57:48,244 [Thread-1714] INFO  hdfs.DFSUtil (DFSUtil.java:httpServerTemplateForNNAndJN(1641)) - Starting Web-server for scm at: http://0.0.0.0:0
2019-11-13 20:57:48,246 [Thread-1714] INFO  server.AuthenticationFilter (AuthenticationFilter.java:constructSecretProvider(240)) - Unable to initialize FileSignerSecretProvider, falling back to use random secrets.
2019-11-13 20:57:48,247 [Thread-1714] WARN  http.HttpRequestLog (HttpRequestLog.java:getRequestLog(97)) - Jetty request log can only be enabled using Log4j
2019-11-13 20:57:48,249 [Thread-1714] INFO  http.HttpServer2 (HttpServer2.java:addGlobalFilter(975)) - Added global filter 'safety' (class=org.apache.hadoop.http.HttpServer2$QuotingInputFilter)
2019-11-13 20:57:48,249 [Thread-1714] INFO  http.HttpServer2 (HttpServer2.java:addFilter(948)) - Added filter static_user_filter (class=org.apache.hadoop.http.lib.StaticUserWebFilter$StaticUserFilter) to context scm
2019-11-13 20:57:48,249 [Thread-1714] INFO  http.HttpServer2 (HttpServer2.java:addFilter(958)) - Added filter static_user_filter (class=org.apache.hadoop.http.lib.StaticUserWebFilter$StaticUserFilter) to context logs
2019-11-13 20:57:48,249 [Thread-1714] INFO  http.HttpServer2 (HttpServer2.java:addFilter(958)) - Added filter static_user_filter (class=org.apache.hadoop.http.lib.StaticUserWebFilter$StaticUserFilter) to context static
2019-11-13 20:57:48,251 [Thread-1714] INFO  server.StorageContainerManager (StorageContainerManager.java:start(764)) - StorageContainerLocationProtocol RPC server is listening at /0.0.0.0:35929
2019-11-13 20:57:48,253 [Thread-1714] WARN  impl.MetricsConfig (MetricsConfig.java:loadFirst(134)) - Cannot locate configuration: tried hadoop-metrics2-storagecontainermanager.properties,hadoop-metrics2.properties
2019-11-13 20:57:48,253 [Thread-1714] INFO  impl.MetricsSystemImpl (MetricsSystemImpl.java:startTimer(374)) - Scheduled Metric snapshot period at 10 second(s).
2019-11-13 20:57:48,253 [Thread-1714] INFO  impl.MetricsSystemImpl (MetricsSystemImpl.java:start(191)) - StorageContainerManager metrics system started
2019-11-13 20:57:48,272 [Thread-1714] WARN  impl.MetricsSystemImpl (MetricsSystemImpl.java:register(276)) - Sink prometheus already exists!
2019-11-13 20:57:48,311 [Thread-1714] INFO  server.SCMClientProtocolServer (SCMClientProtocolServer.java:start(159)) - RPC server for Client  is listening at /0.0.0.0:35929
2019-11-13 20:57:48,311 [IPC Server Responder] INFO  ipc.Server (Server.java:run(1314)) - IPC Server Responder: starting
2019-11-13 20:57:48,311 [IPC Server listener on 35929] INFO  ipc.Server (Server.java:run(1153)) - IPC Server listener on 35929: starting
2019-11-13 20:57:48,315 [Thread-1714] INFO  server.StorageContainerManager (StorageContainerManager.java:start(774)) - ScmBlockLocationProtocol RPC server is listening at /0.0.0.0:35116
2019-11-13 20:57:48,315 [Thread-1714] INFO  server.SCMBlockProtocolServer (SCMBlockProtocolServer.java:start(146)) - RPC server for Block Protocol is listening at /0.0.0.0:35116
2019-11-13 20:57:48,315 [IPC Server Responder] INFO  ipc.Server (Server.java:run(1314)) - IPC Server Responder: starting
2019-11-13 20:57:48,316 [IPC Server listener on 35116] INFO  ipc.Server (Server.java:run(1153)) - IPC Server listener on 35116: starting
2019-11-13 20:57:48,318 [Thread-1714] INFO  server.StorageContainerManager (StorageContainerManager.java:start(778)) - ScmDatanodeProtocl RPC server is listening at /0.0.0.0:38723
2019-11-13 20:57:48,318 [Thread-1714] INFO  server.SCMDatanodeProtocolServer (SCMDatanodeProtocolServer.java:start(169)) - RPC server for DataNodes is listening at /0.0.0.0:38723
2019-11-13 20:57:48,318 [IPC Server Responder] INFO  ipc.Server (Server.java:run(1314)) - IPC Server Responder: starting
2019-11-13 20:57:48,318 [IPC Server listener on 38723] INFO  ipc.Server (Server.java:run(1153)) - IPC Server listener on 38723: starting
2019-11-13 20:57:48,322 [Thread-1714] INFO  http.HttpServer2 (HttpServer2.java:bindListener(1191)) - Jetty bound to port 44720
2019-11-13 20:57:48,322 [Thread-1714] INFO  server.Server (Server.java:doStart(351)) - jetty-9.3.25.v20180904, build timestamp: 2018-09-04T21:11:46Z, git hash: 3ce520221d0240229c862b122d2b06c12a625732
2019-11-13 20:57:48,324 [Thread-1714] INFO  handler.ContextHandler (ContextHandler.java:doStart(781)) - Started o.e.j.s.ServletContextHandler@5d90cf44{/logs,file:///workdir/hadoop-ozone/ozonefs/target/log,AVAILABLE}
2019-11-13 20:57:48,324 [Thread-1714] INFO  handler.ContextHandler (ContextHandler.java:doStart(781)) - Started o.e.j.s.ServletContextHandler@247b8d61{/static,jar:file:/home/user/.m2/repository/org/apache/hadoop/hadoop-hdds-server-scm/0.5.0-SNAPSHOT/hadoop-hdds-server-scm-0.5.0-SNAPSHOT.jar!/webapps/static,AVAILABLE}
2019-11-13 20:57:48,366 [Thread-1714] INFO  handler.ContextHandler (ContextHandler.java:doStart(781)) - Started o.e.j.w.WebAppContext@26b5c333{/,file:///tmp/jetty-0.0.0.0-44720-scm-_-any-4805924800394750184.dir/webapp/,AVAILABLE}{/scm}
2019-11-13 20:57:48,366 [Thread-1714] INFO  server.AbstractConnector (AbstractConnector.java:doStart(278)) - Started ServerConnector@1cdc7f8e{HTTP/1.1,[http/1.1]}{0.0.0.0:44720}
2019-11-13 20:57:48,367 [Thread-1714] INFO  server.Server (Server.java:doStart(419)) - Started @179413ms
2019-11-13 20:57:48,367 [Thread-1714] WARN  impl.MetricsSystemImpl (MetricsSystemImpl.java:register(276)) - Sink prometheus already exists!
2019-11-13 20:57:48,368 [Thread-1714] INFO  server.BaseHttpServer (BaseHttpServer.java:updateConnectorAddress(215)) - HTTP server of SCM is listening at http://0.0.0.0:44720
2019-11-13 20:57:48,369 [Thread-1714] WARN  server.ServerUtils (ServerUtils.java:getDBPath(222)) - ozone.om.db.dirs is not configured. We recommend adding this setting. Falling back to ozone.metadata.dirs instead.
2019-11-13 20:57:48,369 [org.apache.hadoop.util.JvmPauseMonitor$Monitor@4ef9b93e] INFO  util.JvmPauseMonitor (JvmPauseMonitor.java:run(188)) - Starting JVM pause monitor
2019-11-13 20:57:48,377 [Thread-1714] INFO  ha.OMHANodeDetails (OMHANodeDetails.java:loadOMHAConfig(190)) - Configuration either no ozone.om.address set. Falling back to the default OM address /127.0.0.1:0
2019-11-13 20:57:48,377 [Thread-1714] INFO  ha.OMHANodeDetails (OMHANodeDetails.java:getOMNodeDetails(220)) - OM Service ID is not set. Setting it to the default ID: omServiceIdDefault
2019-11-13 20:57:48,377 [Thread-1714] WARN  server.ServerUtils (ServerUtils.java:getDBPath(222)) - ozone.om.db.dirs is not configured. We recommend adding this setting. Falling back to ozone.metadata.dirs instead.
2019-11-13 20:57:48,377 [Thread-1714] WARN  server.ServerUtils (ServerUtils.java:getDBPath(222)) - ozone.om.db.dirs is not configured. We recommend adding this setting. Falling back to ozone.metadata.dirs instead.
2019-11-13 20:57:48,385 [Thread-1714] WARN  server.ServerUtils (ServerUtils.java:getDBPath(222)) - ozone.om.db.dirs is not configured. We recommend adding this setting. Falling back to ozone.metadata.dirs instead.
2019-11-13 20:57:48,386 [Thread-1714] INFO  db.DBStoreBuilder (DBStoreBuilder.java:addTable(127)) - using custom profile for table: userTable
2019-11-13 20:57:48,386 [Thread-1714] INFO  db.DBStoreBuilder (DBStoreBuilder.java:processTables(183)) - Using default column profile:DBProfile.DISK for Table:userTable
2019-11-13 20:57:48,387 [Thread-1714] INFO  db.DBStoreBuilder (DBStoreBuilder.java:addTable(127)) - using custom profile for table: volumeTable
2019-11-13 20:57:48,387 [Thread-1714] INFO  db.DBStoreBuilder (DBStoreBuilder.java:processTables(183)) - Using default column profile:DBProfile.DISK for Table:volumeTable
2019-11-13 20:57:48,387 [Thread-1714] INFO  db.DBStoreBuilder (DBStoreBuilder.java:addTable(127)) - using custom profile for table: bucketTable
2019-11-13 20:57:48,387 [Thread-1714] INFO  db.DBStoreBuilder (DBStoreBuilder.java:processTables(183)) - Using default column profile:DBProfile.DISK for Table:bucketTable
2019-11-13 20:57:48,387 [Thread-1714] INFO  db.DBStoreBuilder (DBStoreBuilder.java:addTable(127)) - using custom profile for table: keyTable
2019-11-13 20:57:48,387 [Thread-1714] INFO  db.DBStoreBuilder (DBStoreBuilder.java:processTables(183)) - Using default column profile:DBProfile.DISK for Table:keyTable
2019-11-13 20:57:48,387 [Thread-1714] INFO  db.DBStoreBuilder (DBStoreBuilder.java:addTable(127)) - using custom profile for table: deletedTable
2019-11-13 20:57:48,387 [Thread-1714] INFO  db.DBStoreBuilder (DBStoreBuilder.java:processTables(183)) - Using default column profile:DBProfile.DISK for Table:deletedTable
2019-11-13 20:57:48,387 [Thread-1714] INFO  db.DBStoreBuilder (DBStoreBuilder.java:addTable(127)) - using custom profile for table: openKeyTable
2019-11-13 20:57:48,388 [Thread-1714] INFO  db.DBStoreBuilder (DBStoreBuilder.java:processTables(183)) - Using default column profile:DBProfile.DISK for Table:openKeyTable
2019-11-13 20:57:48,388 [Thread-1714] INFO  db.DBStoreBuilder (DBStoreBuilder.java:addTable(127)) - using custom profile for table: s3Table
2019-11-13 20:57:48,388 [Thread-1714] INFO  db.DBStoreBuilder (DBStoreBuilder.java:processTables(183)) - Using default column profile:DBProfile.DISK for Table:s3Table
2019-11-13 20:57:48,388 [Thread-1714] INFO  db.DBStoreBuilder (DBStoreBuilder.java:addTable(127)) - using custom profile for table: multipartInfoTable
2019-11-13 20:57:48,388 [Thread-1714] INFO  db.DBStoreBuilder (DBStoreBuilder.java:processTables(183)) - Using default column profile:DBProfile.DISK for Table:multipartInfoTable
2019-11-13 20:57:48,388 [Thread-1714] INFO  db.DBStoreBuilder (DBStoreBuilder.java:addTable(127)) - using custom profile for table: dTokenTable
2019-11-13 20:57:48,388 [Thread-1714] INFO  db.DBStoreBuilder (DBStoreBuilder.java:processTables(183)) - Using default column profile:DBProfile.DISK for Table:dTokenTable
2019-11-13 20:57:48,388 [Thread-1714] INFO  db.DBStoreBuilder (DBStoreBuilder.java:addTable(127)) - using custom profile for table: s3SecretTable
2019-11-13 20:57:48,389 [Thread-1714] INFO  db.DBStoreBuilder (DBStoreBuilder.java:processTables(183)) - Using default column profile:DBProfile.DISK for Table:s3SecretTable
2019-11-13 20:57:48,389 [Thread-1714] INFO  db.DBStoreBuilder (DBStoreBuilder.java:addTable(127)) - using custom profile for table: prefixTable
2019-11-13 20:57:48,389 [Thread-1714] INFO  db.DBStoreBuilder (DBStoreBuilder.java:processTables(183)) - Using default column profile:DBProfile.DISK for Table:prefixTable
2019-11-13 20:57:48,389 [Thread-1714] INFO  db.DBStoreBuilder (DBStoreBuilder.java:addTable(127)) - using custom profile for table: default
2019-11-13 20:57:48,389 [Thread-1714] INFO  db.DBStoreBuilder (DBStoreBuilder.java:processTables(189)) - Using default column profile:DBProfile.DISK for Table:default
2019-11-13 20:57:48,390 [Thread-1714] INFO  db.DBStoreBuilder (DBStoreBuilder.java:getDbProfile(220)) - Using default options. DBProfile.DISK
2019-11-13 20:57:48,672 [Thread-1714] INFO  ipc.CallQueueManager (CallQueueManager.java:<init>(84)) - Using callQueue: class java.util.concurrent.LinkedBlockingQueue, queueCapacity: 2000, scheduler: class org.apache.hadoop.ipc.DefaultRpcScheduler, ipcBackoff: false.
2019-11-13 20:57:48,673 [Socket Reader #1 for port 42649] INFO  ipc.Server (Server.java:run(1074)) - Starting Socket Reader #1 for port 42649
2019-11-13 20:57:48,691 [Thread-1714] INFO  om.OzoneManager (OzoneManager.java:start(1077)) - OzoneManager RPC server is listening at localhost/127.0.0.1:42649
2019-11-13 20:57:48,691 [Thread-1714] INFO  impl.MetricsSystemImpl (MetricsSystemImpl.java:init(158)) - OzoneManager metrics system started (again)
2019-11-13 20:57:48,694 [IPC Server Responder] INFO  ipc.Server (Server.java:run(1314)) - IPC Server Responder: starting
2019-11-13 20:57:48,694 [IPC Server listener on 42649] INFO  ipc.Server (Server.java:run(1153)) - IPC Server listener on 42649: starting
2019-11-13 20:57:48,699 [Thread-1714] INFO  hdfs.DFSUtil (DFSUtil.java:httpServerTemplateForNNAndJN(1641)) - Starting Web-server for ozoneManager at: http://0.0.0.0:0
2019-11-13 20:57:48,701 [Thread-1714] INFO  server.AuthenticationFilter (AuthenticationFilter.java:constructSecretProvider(240)) - Unable to initialize FileSignerSecretProvider, falling back to use random secrets.
2019-11-13 20:57:48,701 [Thread-1714] WARN  http.HttpRequestLog (HttpRequestLog.java:getRequestLog(97)) - Jetty request log can only be enabled using Log4j
2019-11-13 20:57:48,702 [Thread-1714] INFO  http.HttpServer2 (HttpServer2.java:addGlobalFilter(975)) - Added global filter 'safety' (class=org.apache.hadoop.http.HttpServer2$QuotingInputFilter)
2019-11-13 20:57:48,703 [Thread-1714] INFO  http.HttpServer2 (HttpServer2.java:addFilter(948)) - Added filter static_user_filter (class=org.apache.hadoop.http.lib.StaticUserWebFilter$StaticUserFilter) to context ozoneManager
2019-11-13 20:57:48,703 [Thread-1714] INFO  http.HttpServer2 (HttpServer2.java:addFilter(958)) - Added filter static_user_filter (class=org.apache.hadoop.http.lib.StaticUserWebFilter$StaticUserFilter) to context logs
2019-11-13 20:57:48,703 [Thread-1714] INFO  http.HttpServer2 (HttpServer2.java:addFilter(958)) - Added filter static_user_filter (class=org.apache.hadoop.http.lib.StaticUserWebFilter$StaticUserFilter) to context static
2019-11-13 20:57:48,704 [Thread-1714] INFO  http.HttpServer2 (HttpServer2.java:bindListener(1191)) - Jetty bound to port 45782
2019-11-13 20:57:48,704 [Thread-1714] INFO  server.Server (Server.java:doStart(351)) - jetty-9.3.25.v20180904, build timestamp: 2018-09-04T21:11:46Z, git hash: 3ce520221d0240229c862b122d2b06c12a625732
2019-11-13 20:57:48,705 [Thread-1714] INFO  handler.ContextHandler (ContextHandler.java:doStart(781)) - Started o.e.j.s.ServletContextHandler@67855abb{/logs,file:///workdir/hadoop-ozone/ozonefs/target/log,AVAILABLE}
2019-11-13 20:57:48,706 [Thread-1714] INFO  handler.ContextHandler (ContextHandler.java:doStart(781)) - Started o.e.j.s.ServletContextHandler@3c5646a8{/static,jar:file:/home/user/.m2/repository/org/apache/hadoop/hadoop-ozone-ozone-manager/0.5.0-SNAPSHOT/hadoop-ozone-ozone-manager-0.5.0-SNAPSHOT.jar!/webapps/static,AVAILABLE}
2019-11-13 20:57:48,752 [Thread-1714] INFO  handler.ContextHandler (ContextHandler.java:doStart(781)) - Started o.e.j.w.WebAppContext@2b5d280c{/,file:///tmp/jetty-0.0.0.0-45782-ozoneManager-_-any-5873608020992482783.dir/webapp/,AVAILABLE}{/ozoneManager}
2019-11-13 20:57:48,755 [Thread-1714] INFO  server.AbstractConnector (AbstractConnector.java:doStart(278)) - Started ServerConnector@32df21a0{HTTP/1.1,[http/1.1]}{0.0.0.0:45782}
2019-11-13 20:57:48,755 [Thread-1714] INFO  server.Server (Server.java:doStart(419)) - Started @179801ms
2019-11-13 20:57:48,755 [Thread-1714] WARN  impl.MetricsSystemImpl (MetricsSystemImpl.java:register(276)) - Sink prometheus already exists!
2019-11-13 20:57:48,756 [Thread-1714] INFO  server.BaseHttpServer (BaseHttpServer.java:updateConnectorAddress(215)) - HTTP server of OZONEMANAGER is listening at http://0.0.0.0:45782
2019-11-13 20:57:48,764 [Thread-1714] INFO  impl.MetricsSystemImpl (MetricsSystemImpl.java:init(158)) - HddsDatanode metrics system started (again)
2019-11-13 20:57:48,766 [Thread-1714] INFO  ozone.HddsDatanodeService (HddsDatanodeService.java:start(186)) - HddsDatanodeService host:pr-hdds-2469-rfsxc-843238572 ip:192.168.34.38
2019-11-13 20:57:48,773 [Thread-1714] INFO  volume.HddsVolume (HddsVolume.java:<init>(176)) - Creating Volume: /workdir/hadoop-ozone/ozonefs/target/test-dir/MiniOzoneClusterImpl-9c9fe64c-fda1-4d3c-8cbf-c026fac25340/datanode-0/data/containers/hdds of  storage type : DISK and capacity : 1482555576320
2019-11-13 20:57:48,773 [Thread-1714] INFO  volume.VolumeSet (VolumeSet.java:initializeVolumeSet(170)) - Added Volume : /workdir/hadoop-ozone/ozonefs/target/test-dir/MiniOzoneClusterImpl-9c9fe64c-fda1-4d3c-8cbf-c026fac25340/datanode-0/data/containers/hdds to VolumeSet
2019-11-13 20:57:48,773 [Thread-1714] INFO  volume.ThrottledAsyncChecker (ThrottledAsyncChecker.java:schedule(141)) - Scheduling a check for /workdir/hadoop-ozone/ozonefs/target/test-dir/MiniOzoneClusterImpl-9c9fe64c-fda1-4d3c-8cbf-c026fac25340/datanode-0/data/containers/hdds
2019-11-13 20:57:48,773 [Thread-1714] INFO  volume.HddsVolumeChecker (HddsVolumeChecker.java:checkAllVolumes(204)) - Scheduled health check for volume /workdir/hadoop-ozone/ozonefs/target/test-dir/MiniOzoneClusterImpl-9c9fe64c-fda1-4d3c-8cbf-c026fac25340/datanode-0/data/containers/hdds
2019-11-13 20:57:48,790 [Thread-1714] INFO  impl.RaftServerProxy (ConfUtils.java:logGet(43)) - raft.rpc.type = GRPC (default)
2019-11-13 20:57:48,790 [Thread-1714] INFO  grpc.GrpcFactory (GrpcFactory.java:checkPooledByteBufAllocatorUseCacheForAllThreads(45)) - PERFORMANCE WARNING: useCacheForAllThreads is true that may cause Netty to create a lot garbage objects and, as a result, trigger GC.
	It is recommended to disable useCacheForAllThreads by setting -Dorg.apache.ratis.thirdparty.io.netty.allocator.useCacheForAllThreads=false in command line.
2019-11-13 20:57:48,790 [Thread-1714] INFO  grpc.GrpcConfigKeys$Server (ConfUtils.java:logGet(43)) - raft.grpc.server.port = 0 (default)
2019-11-13 20:57:48,791 [Thread-1714] INFO  server.GrpcService (ConfUtils.java:logGet(43)) - raft.grpc.message.size.max = 33570816 (custom)
2019-11-13 20:57:48,791 [Thread-1714] INFO  server.RaftServerConfigKeys (ConfUtils.java:logGet(43)) - raft.server.log.appender.buffer.byte-limit = 33554432 (custom)
2019-11-13 20:57:48,791 [Thread-1714] INFO  server.GrpcService (ConfUtils.java:logGet(43)) - raft.grpc.flow.control.window = 1MB (=1048576) (default)
2019-11-13 20:57:48,791 [Thread-1714] INFO  server.RaftServerConfigKeys (ConfUtils.java:logGet(43)) - raft.server.rpc.request.timeout = 3000ms (default)
2019-11-13 20:57:48,792 [Thread-1714] INFO  server.RaftServerConfigKeys (ConfUtils.java:logGet(43)) - raft.server.storage.dir = [/workdir/hadoop-ozone/ozonefs/target/test-dir/MiniOzoneClusterImpl-9c9fe64c-fda1-4d3c-8cbf-c026fac25340/datanode-0/data/ratis] (custom)
2019-11-13 20:57:48,793 [Thread-1714] INFO  hdfs.DFSUtil (DFSUtil.java:httpServerTemplateForNNAndJN(1641)) - Starting Web-server for hddsDatanode at: http://0.0.0.0:0
2019-11-13 20:57:48,795 [Thread-1714] INFO  server.AuthenticationFilter (AuthenticationFilter.java:constructSecretProvider(240)) - Unable to initialize FileSignerSecretProvider, falling back to use random secrets.
2019-11-13 20:57:48,795 [Thread-1714] WARN  http.HttpRequestLog (HttpRequestLog.java:getRequestLog(97)) - Jetty request log can only be enabled using Log4j
2019-11-13 20:57:48,796 [Thread-1714] INFO  http.HttpServer2 (HttpServer2.java:addGlobalFilter(975)) - Added global filter 'safety' (class=org.apache.hadoop.http.HttpServer2$QuotingInputFilter)
2019-11-13 20:57:48,797 [Thread-1714] INFO  http.HttpServer2 (HttpServer2.java:addFilter(948)) - Added filter static_user_filter (class=org.apache.hadoop.http.lib.StaticUserWebFilter$StaticUserFilter) to context hddsDatanode
2019-11-13 20:57:48,797 [Thread-1714] INFO  http.HttpServer2 (HttpServer2.java:addFilter(958)) - Added filter static_user_filter (class=org.apache.hadoop.http.lib.StaticUserWebFilter$StaticUserFilter) to context logs
2019-11-13 20:57:48,797 [Thread-1714] INFO  http.HttpServer2 (HttpServer2.java:addFilter(958)) - Added filter static_user_filter (class=org.apache.hadoop.http.lib.StaticUserWebFilter$StaticUserFilter) to context static
2019-11-13 20:57:48,798 [Thread-1714] INFO  http.HttpServer2 (HttpServer2.java:bindListener(1191)) - Jetty bound to port 42642
2019-11-13 20:57:48,798 [Thread-1714] INFO  server.Server (Server.java:doStart(351)) - jetty-9.3.25.v20180904, build timestamp: 2018-09-04T21:11:46Z, git hash: 3ce520221d0240229c862b122d2b06c12a625732
2019-11-13 20:57:48,799 [Thread-1714] INFO  handler.ContextHandler (ContextHandler.java:doStart(781)) - Started o.e.j.s.ServletContextHandler@6ee77c06{/logs,file:///workdir/hadoop-ozone/ozonefs/target/log,AVAILABLE}
2019-11-13 20:57:48,799 [Thread-1714] INFO  handler.ContextHandler (ContextHandler.java:doStart(781)) - Started o.e.j.s.ServletContextHandler@6c212887{/static,jar:file:/home/user/.m2/repository/org/apache/hadoop/hadoop-hdds-container-service/0.5.0-SNAPSHOT/hadoop-hdds-container-service-0.5.0-SNAPSHOT.jar!/webapps/static,AVAILABLE}
2019-11-13 20:57:48,826 [Thread-1714] INFO  handler.ContextHandler (ContextHandler.java:doStart(781)) - Started o.e.j.w.WebAppContext@3360cc2c{/,file:///tmp/jetty-0.0.0.0-42642-hddsDatanode-_-any-543348630038055800.dir/webapp/,AVAILABLE}{/hddsDatanode}
2019-11-13 20:57:48,826 [Thread-1714] INFO  server.AbstractConnector (AbstractConnector.java:doStart(278)) - Started ServerConnector@1a2e48fe{HTTP/1.1,[http/1.1]}{0.0.0.0:42642}
2019-11-13 20:57:48,827 [Thread-1714] INFO  server.Server (Server.java:doStart(419)) - Started @179873ms
2019-11-13 20:57:48,827 [Thread-1714] WARN  impl.MetricsSystemImpl (MetricsSystemImpl.java:register(276)) - Sink prometheus already exists!
2019-11-13 20:57:48,828 [Thread-1714] INFO  server.BaseHttpServer (BaseHttpServer.java:updateConnectorAddress(215)) - HTTP server of HDDSDATANODE is listening at http://0.0.0.0:42642
2019-11-13 20:57:48,828 [Thread-1714] INFO  impl.MetricsSystemImpl (MetricsSystemImpl.java:init(158)) - HddsDatanode metrics system started (again)
2019-11-13 20:57:48,830 [org.apache.hadoop.util.JvmPauseMonitor$Monitor@5e2cf23b] INFO  util.JvmPauseMonitor (JvmPauseMonitor.java:run(188)) - Starting JVM pause monitor
2019-11-13 20:57:48,830 [Thread-1714] INFO  ozone.HddsDatanodeService (HddsDatanodeService.java:start(186)) - HddsDatanodeService host:pr-hdds-2469-rfsxc-843238572 ip:192.168.34.38
2019-11-13 20:57:48,832 [Datanode State Machine Thread - 0] INFO  datanode.InitDatanodeState (InitDatanodeState.java:persistContainerDatanodeDetails(140)) - DatanodeDetails is persisted to /workdir/hadoop-ozone/ozonefs/target/test-dir/MiniOzoneClusterImpl-9c9fe64c-fda1-4d3c-8cbf-c026fac25340/datanode-0/meta/datanode.id
2019-11-13 20:57:48,838 [Thread-1714] INFO  volume.HddsVolume (HddsVolume.java:<init>(176)) - Creating Volume: /workdir/hadoop-ozone/ozonefs/target/test-dir/MiniOzoneClusterImpl-9c9fe64c-fda1-4d3c-8cbf-c026fac25340/datanode-1/data/containers/hdds of  storage type : DISK and capacity : 1482555576320
2019-11-13 20:57:48,839 [Thread-1714] INFO  volume.VolumeSet (VolumeSet.java:initializeVolumeSet(170)) - Added Volume : /workdir/hadoop-ozone/ozonefs/target/test-dir/MiniOzoneClusterImpl-9c9fe64c-fda1-4d3c-8cbf-c026fac25340/datanode-1/data/containers/hdds to VolumeSet
2019-11-13 20:57:48,839 [Thread-1714] INFO  volume.ThrottledAsyncChecker (ThrottledAsyncChecker.java:schedule(141)) - Scheduling a check for /workdir/hadoop-ozone/ozonefs/target/test-dir/MiniOzoneClusterImpl-9c9fe64c-fda1-4d3c-8cbf-c026fac25340/datanode-1/data/containers/hdds
2019-11-13 20:57:48,839 [Thread-1714] INFO  volume.HddsVolumeChecker (HddsVolumeChecker.java:checkAllVolumes(204)) - Scheduled health check for volume /workdir/hadoop-ozone/ozonefs/target/test-dir/MiniOzoneClusterImpl-9c9fe64c-fda1-4d3c-8cbf-c026fac25340/datanode-1/data/containers/hdds
2019-11-13 20:57:48,862 [Thread-1714] INFO  impl.RaftServerProxy (ConfUtils.java:logGet(43)) - raft.rpc.type = GRPC (default)
2019-11-13 20:57:48,862 [Thread-1714] INFO  grpc.GrpcFactory (GrpcFactory.java:checkPooledByteBufAllocatorUseCacheForAllThreads(45)) - PERFORMANCE WARNING: useCacheForAllThreads is true that may cause Netty to create a lot garbage objects and, as a result, trigger GC.
	It is recommended to disable useCacheForAllThreads by setting -Dorg.apache.ratis.thirdparty.io.netty.allocator.useCacheForAllThreads=false in command line.
2019-11-13 20:57:48,863 [Thread-1714] INFO  grpc.GrpcConfigKeys$Server (ConfUtils.java:logGet(43)) - raft.grpc.server.port = 0 (default)
2019-11-13 20:57:48,863 [Thread-1714] INFO  server.GrpcService (ConfUtils.java:logGet(43)) - raft.grpc.message.size.max = 33570816 (custom)
2019-11-13 20:57:48,863 [Thread-1714] INFO  server.RaftServerConfigKeys (ConfUtils.java:logGet(43)) - raft.server.log.appender.buffer.byte-limit = 33554432 (custom)
2019-11-13 20:57:48,863 [Thread-1714] INFO  server.GrpcService (ConfUtils.java:logGet(43)) - raft.grpc.flow.control.window = 1MB (=1048576) (default)
2019-11-13 20:57:48,863 [Thread-1714] INFO  server.RaftServerConfigKeys (ConfUtils.java:logGet(43)) - raft.server.rpc.request.timeout = 3000ms (default)
2019-11-13 20:57:48,864 [Thread-1714] INFO  server.RaftServerConfigKeys (ConfUtils.java:logGet(43)) - raft.server.storage.dir = [/workdir/hadoop-ozone/ozonefs/target/test-dir/MiniOzoneClusterImpl-9c9fe64c-fda1-4d3c-8cbf-c026fac25340/datanode-1/data/ratis] (custom)
2019-11-13 20:57:48,865 [Thread-1714] INFO  hdfs.DFSUtil (DFSUtil.java:httpServerTemplateForNNAndJN(1641)) - Starting Web-server for hddsDatanode at: http://0.0.0.0:0
2019-11-13 20:57:48,867 [Thread-1714] INFO  server.AuthenticationFilter (AuthenticationFilter.java:constructSecretProvider(240)) - Unable to initialize FileSignerSecretProvider, falling back to use random secrets.
2019-11-13 20:57:48,868 [Thread-1714] WARN  http.HttpRequestLog (HttpRequestLog.java:getRequestLog(97)) - Jetty request log can only be enabled using Log4j
2019-11-13 20:57:48,869 [Thread-1714] INFO  http.HttpServer2 (HttpServer2.java:addGlobalFilter(975)) - Added global filter 'safety' (class=org.apache.hadoop.http.HttpServer2$QuotingInputFilter)
2019-11-13 20:57:48,870 [Thread-1714] INFO  http.HttpServer2 (HttpServer2.java:addFilter(948)) - Added filter static_user_filter (class=org.apache.hadoop.http.lib.StaticUserWebFilter$StaticUserFilter) to context hddsDatanode
2019-11-13 20:57:48,870 [Thread-1714] INFO  http.HttpServer2 (HttpServer2.java:addFilter(958)) - Added filter static_user_filter (class=org.apache.hadoop.http.lib.StaticUserWebFilter$StaticUserFilter) to context static
2019-11-13 20:57:48,870 [Thread-1714] INFO  http.HttpServer2 (HttpServer2.java:addFilter(958)) - Added filter static_user_filter (class=org.apache.hadoop.http.lib.StaticUserWebFilter$StaticUserFilter) to context logs
2019-11-13 20:57:48,871 [Thread-1714] INFO  http.HttpServer2 (HttpServer2.java:bindListener(1191)) - Jetty bound to port 38735
2019-11-13 20:57:48,871 [Thread-1714] INFO  server.Server (Server.java:doStart(351)) - jetty-9.3.25.v20180904, build timestamp: 2018-09-04T21:11:46Z, git hash: 3ce520221d0240229c862b122d2b06c12a625732
2019-11-13 20:57:48,873 [Thread-1714] INFO  handler.ContextHandler (ContextHandler.java:doStart(781)) - Started o.e.j.s.ServletContextHandler@39cac223{/logs,file:///workdir/hadoop-ozone/ozonefs/target/log,AVAILABLE}
2019-11-13 20:57:48,873 [Thread-1714] INFO  handler.ContextHandler (ContextHandler.java:doStart(781)) - Started o.e.j.s.ServletContextHandler@6c811165{/static,jar:file:/home/user/.m2/repository/org/apache/hadoop/hadoop-hdds-container-service/0.5.0-SNAPSHOT/hadoop-hdds-container-service-0.5.0-SNAPSHOT.jar!/webapps/static,AVAILABLE}
2019-11-13 20:57:48,912 [Thread-1714] INFO  handler.ContextHandler (ContextHandler.java:doStart(781)) - Started o.e.j.w.WebAppContext@56f09627{/,file:///tmp/jetty-0.0.0.0-38735-hddsDatanode-_-any-1456597009485377537.dir/webapp/,AVAILABLE}{/hddsDatanode}
2019-11-13 20:57:48,913 [Thread-1714] INFO  server.AbstractConnector (AbstractConnector.java:doStart(278)) - Started ServerConnector@4ccb95f1{HTTP/1.1,[http/1.1]}{0.0.0.0:38735}
2019-11-13 20:57:48,914 [Thread-1714] INFO  server.Server (Server.java:doStart(419)) - Started @179960ms
2019-11-13 20:57:48,914 [Thread-1714] WARN  impl.MetricsSystemImpl (MetricsSystemImpl.java:register(276)) - Sink prometheus already exists!
2019-11-13 20:57:48,915 [Thread-1714] INFO  server.BaseHttpServer (BaseHttpServer.java:updateConnectorAddress(215)) - HTTP server of HDDSDATANODE is listening at http://0.0.0.0:38735
2019-11-13 20:57:48,915 [Thread-1714] INFO  impl.MetricsSystemImpl (MetricsSystemImpl.java:init(158)) - HddsDatanode metrics system started (again)
2019-11-13 20:57:48,917 [org.apache.hadoop.util.JvmPauseMonitor$Monitor@1af79264] INFO  util.JvmPauseMonitor (JvmPauseMonitor.java:run(188)) - Starting JVM pause monitor
2019-11-13 20:57:48,918 [Thread-1714] INFO  ozone.HddsDatanodeService (HddsDatanodeService.java:start(186)) - HddsDatanodeService host:pr-hdds-2469-rfsxc-843238572 ip:192.168.34.38
2019-11-13 20:57:48,919 [Datanode State Machine Thread - 0] INFO  datanode.InitDatanodeState (InitDatanodeState.java:persistContainerDatanodeDetails(140)) - DatanodeDetails is persisted to /workdir/hadoop-ozone/ozonefs/target/test-dir/MiniOzoneClusterImpl-9c9fe64c-fda1-4d3c-8cbf-c026fac25340/datanode-1/meta/datanode.id
2019-11-13 20:57:48,924 [Thread-1714] INFO  volume.HddsVolume (HddsVolume.java:<init>(176)) - Creating Volume: /workdir/hadoop-ozone/ozonefs/target/test-dir/MiniOzoneClusterImpl-9c9fe64c-fda1-4d3c-8cbf-c026fac25340/datanode-2/data/containers/hdds of  storage type : DISK and capacity : 1482555576320
2019-11-13 20:57:48,924 [Thread-1714] INFO  volume.VolumeSet (VolumeSet.java:initializeVolumeSet(170)) - Added Volume : /workdir/hadoop-ozone/ozonefs/target/test-dir/MiniOzoneClusterImpl-9c9fe64c-fda1-4d3c-8cbf-c026fac25340/datanode-2/data/containers/hdds to VolumeSet
2019-11-13 20:57:48,925 [Thread-1714] INFO  volume.ThrottledAsyncChecker (ThrottledAsyncChecker.java:schedule(141)) - Scheduling a check for /workdir/hadoop-ozone/ozonefs/target/test-dir/MiniOzoneClusterImpl-9c9fe64c-fda1-4d3c-8cbf-c026fac25340/datanode-2/data/containers/hdds
2019-11-13 20:57:48,926 [Thread-1714] INFO  volume.HddsVolumeChecker (HddsVolumeChecker.java:checkAllVolumes(204)) - Scheduled health check for volume /workdir/hadoop-ozone/ozonefs/target/test-dir/MiniOzoneClusterImpl-9c9fe64c-fda1-4d3c-8cbf-c026fac25340/datanode-2/data/containers/hdds
2019-11-13 20:57:48,951 [Thread-1714] INFO  impl.RaftServerProxy (ConfUtils.java:logGet(43)) - raft.rpc.type = GRPC (default)
2019-11-13 20:57:48,951 [Thread-1714] INFO  grpc.GrpcFactory (GrpcFactory.java:checkPooledByteBufAllocatorUseCacheForAllThreads(45)) - PERFORMANCE WARNING: useCacheForAllThreads is true that may cause Netty to create a lot garbage objects and, as a result, trigger GC.
	It is recommended to disable useCacheForAllThreads by setting -Dorg.apache.ratis.thirdparty.io.netty.allocator.useCacheForAllThreads=false in command line.
2019-11-13 20:57:48,951 [Thread-1714] INFO  grpc.GrpcConfigKeys$Server (ConfUtils.java:logGet(43)) - raft.grpc.server.port = 0 (default)
2019-11-13 20:57:48,951 [Thread-1714] INFO  server.GrpcService (ConfUtils.java:logGet(43)) - raft.grpc.message.size.max = 33570816 (custom)
2019-11-13 20:57:48,951 [Thread-1714] INFO  server.RaftServerConfigKeys (ConfUtils.java:logGet(43)) - raft.server.log.appender.buffer.byte-limit = 33554432 (custom)
2019-11-13 20:57:48,952 [Thread-1714] INFO  server.GrpcService (ConfUtils.java:logGet(43)) - raft.grpc.flow.control.window = 1MB (=1048576) (default)
2019-11-13 20:57:48,952 [Thread-1714] INFO  server.RaftServerConfigKeys (ConfUtils.java:logGet(43)) - raft.server.rpc.request.timeout = 3000ms (default)
2019-11-13 20:57:48,952 [Thread-1714] INFO  server.RaftServerConfigKeys (ConfUtils.java:logGet(43)) - raft.server.storage.dir = [/workdir/hadoop-ozone/ozonefs/target/test-dir/MiniOzoneClusterImpl-9c9fe64c-fda1-4d3c-8cbf-c026fac25340/datanode-2/data/ratis] (custom)
2019-11-13 20:57:48,954 [Thread-1714] INFO  hdfs.DFSUtil (DFSUtil.java:httpServerTemplateForNNAndJN(1641)) - Starting Web-server for hddsDatanode at: http://0.0.0.0:0
2019-11-13 20:57:48,956 [Thread-1714] INFO  server.AuthenticationFilter (AuthenticationFilter.java:constructSecretProvider(240)) - Unable to initialize FileSignerSecretProvider, falling back to use random secrets.
2019-11-13 20:57:48,956 [Thread-1714] WARN  http.HttpRequestLog (HttpRequestLog.java:getRequestLog(97)) - Jetty request log can only be enabled using Log4j
2019-11-13 20:57:48,958 [Thread-1714] INFO  http.HttpServer2 (HttpServer2.java:addGlobalFilter(975)) - Added global filter 'safety' (class=org.apache.hadoop.http.HttpServer2$QuotingInputFilter)
2019-11-13 20:57:48,959 [Thread-1714] INFO  http.HttpServer2 (HttpServer2.java:addFilter(948)) - Added filter static_user_filter (class=org.apache.hadoop.http.lib.StaticUserWebFilter$StaticUserFilter) to context hddsDatanode
2019-11-13 20:57:48,959 [Thread-1714] INFO  http.HttpServer2 (HttpServer2.java:addFilter(958)) - Added filter static_user_filter (class=org.apache.hadoop.http.lib.StaticUserWebFilter$StaticUserFilter) to context logs
2019-11-13 20:57:48,959 [Thread-1714] INFO  http.HttpServer2 (HttpServer2.java:addFilter(958)) - Added filter static_user_filter (class=org.apache.hadoop.http.lib.StaticUserWebFilter$StaticUserFilter) to context static
2019-11-13 20:57:48,960 [Thread-1714] INFO  http.HttpServer2 (HttpServer2.java:bindListener(1191)) - Jetty bound to port 37577
2019-11-13 20:57:48,960 [Thread-1714] INFO  server.Server (Server.java:doStart(351)) - jetty-9.3.25.v20180904, build timestamp: 2018-09-04T21:11:46Z, git hash: 3ce520221d0240229c862b122d2b06c12a625732
2019-11-13 20:57:48,961 [Thread-1714] INFO  handler.ContextHandler (ContextHandler.java:doStart(781)) - Started o.e.j.s.ServletContextHandler@61991263{/logs,file:///workdir/hadoop-ozone/ozonefs/target/log,AVAILABLE}
2019-11-13 20:57:48,962 [Thread-1714] INFO  handler.ContextHandler (ContextHandler.java:doStart(781)) - Started o.e.j.s.ServletContextHandler@c288902{/static,jar:file:/home/user/.m2/repository/org/apache/hadoop/hadoop-hdds-container-service/0.5.0-SNAPSHOT/hadoop-hdds-container-service-0.5.0-SNAPSHOT.jar!/webapps/static,AVAILABLE}
2019-11-13 20:57:48,994 [Thread-1714] INFO  handler.ContextHandler (ContextHandler.java:doStart(781)) - Started o.e.j.w.WebAppContext@145cbd19{/,file:///tmp/jetty-0.0.0.0-37577-hddsDatanode-_-any-6443291768859699842.dir/webapp/,AVAILABLE}{/hddsDatanode}
2019-11-13 20:57:48,994 [Thread-1714] INFO  server.AbstractConnector (AbstractConnector.java:doStart(278)) - Started ServerConnector@3881d338{HTTP/1.1,[http/1.1]}{0.0.0.0:37577}
2019-11-13 20:57:48,995 [Thread-1714] INFO  server.Server (Server.java:doStart(419)) - Started @180041ms
2019-11-13 20:57:48,995 [Thread-1714] WARN  impl.MetricsSystemImpl (MetricsSystemImpl.java:register(276)) - Sink prometheus already exists!
2019-11-13 20:57:48,996 [Thread-1714] INFO  server.BaseHttpServer (BaseHttpServer.java:updateConnectorAddress(215)) - HTTP server of HDDSDATANODE is listening at http://0.0.0.0:37577
2019-11-13 20:57:48,996 [Thread-1714] INFO  ozone.MiniOzoneClusterImpl (MiniOzoneClusterImpl.java:lambda$waitForClusterToBeReady$2(171)) - Waiting for cluster to be ready. Got 0 of 3 DN Heartbeats.
2019-11-13 20:57:48,997 [org.apache.hadoop.util.JvmPauseMonitor$Monitor@592af91e] INFO  util.JvmPauseMonitor (JvmPauseMonitor.java:run(188)) - Starting JVM pause monitor
2019-11-13 20:57:48,998 [Datanode State Machine Thread - 0] INFO  datanode.InitDatanodeState (InitDatanodeState.java:persistContainerDatanodeDetails(140)) - DatanodeDetails is persisted to /workdir/hadoop-ozone/ozonefs/target/test-dir/MiniOzoneClusterImpl-9c9fe64c-fda1-4d3c-8cbf-c026fac25340/datanode-2/meta/datanode.id
2019-11-13 20:57:49,997 [Thread-1714] INFO  ozone.MiniOzoneClusterImpl (MiniOzoneClusterImpl.java:lambda$waitForClusterToBeReady$2(171)) - Waiting for cluster to be ready. Got 0 of 3 DN Heartbeats.
2019-11-13 20:57:50,848 [Datanode State Machine Thread - 0] INFO  ozoneimpl.OzoneContainer (OzoneContainer.java:start(230)) - Attempting to start container services.
2019-11-13 20:57:50,848 [Datanode State Machine Thread - 0] INFO  ozoneimpl.OzoneContainer (OzoneContainer.java:startContainerScrub(194)) - Background container scanner has been disabled.
2019-11-13 20:57:50,848 [Datanode State Machine Thread - 0] INFO  ratis.XceiverServerRatis (XceiverServerRatis.java:start(421)) - Starting XceiverServerRatis 5a742ae8-52f7-4967-86dd-fb4d4bdf83a1 at port 0
2019-11-13 20:57:50,854 [Datanode State Machine Thread - 0] INFO  impl.RaftServerProxy (RaftServerProxy.java:lambda$start$3(299)) - 5a742ae8-52f7-4967-86dd-fb4d4bdf83a1: start RPC server
2019-11-13 20:57:50,856 [Datanode State Machine Thread - 0] INFO  server.GrpcService (GrpcService.java:startImpl(158)) - 5a742ae8-52f7-4967-86dd-fb4d4bdf83a1: GrpcService started, listening on 0.0.0.0/0.0.0.0:42634
2019-11-13 20:57:50,856 [Datanode State Machine Thread - 0] INFO  ratis.XceiverServerRatis (XceiverServerRatis.java:start(431)) - XceiverServerRatis 5a742ae8-52f7-4967-86dd-fb4d4bdf83a1 is started using port 42634
2019-11-13 20:57:50,856 [Datanode State Machine Thread - 0] INFO  server.XceiverServerGrpc (XceiverServerGrpc.java:start(145)) - XceiverServerGrpc 5a742ae8-52f7-4967-86dd-fb4d4bdf83a1 is started using port 41806
2019-11-13 20:57:50,933 [Datanode State Machine Thread - 0] INFO  ozoneimpl.OzoneContainer (OzoneContainer.java:start(230)) - Attempting to start container services.
2019-11-13 20:57:50,933 [Datanode State Machine Thread - 0] INFO  ozoneimpl.OzoneContainer (OzoneContainer.java:startContainerScrub(194)) - Background container scanner has been disabled.
2019-11-13 20:57:50,933 [Datanode State Machine Thread - 0] INFO  ratis.XceiverServerRatis (XceiverServerRatis.java:start(421)) - Starting XceiverServerRatis 977dfc91-ccca-4ee4-9372-b97b2f75a011 at port 0
2019-11-13 20:57:50,939 [Datanode State Machine Thread - 0] INFO  impl.RaftServerProxy (RaftServerProxy.java:lambda$start$3(299)) - 977dfc91-ccca-4ee4-9372-b97b2f75a011: start RPC server
2019-11-13 20:57:50,940 [Datanode State Machine Thread - 0] INFO  server.GrpcService (GrpcService.java:startImpl(158)) - 977dfc91-ccca-4ee4-9372-b97b2f75a011: GrpcService started, listening on 0.0.0.0/0.0.0.0:46558
2019-11-13 20:57:50,940 [Datanode State Machine Thread - 0] INFO  ratis.XceiverServerRatis (XceiverServerRatis.java:start(431)) - XceiverServerRatis 977dfc91-ccca-4ee4-9372-b97b2f75a011 is started using port 46558
2019-11-13 20:57:50,944 [Datanode State Machine Thread - 0] INFO  server.XceiverServerGrpc (XceiverServerGrpc.java:start(145)) - XceiverServerGrpc 977dfc91-ccca-4ee4-9372-b97b2f75a011 is started using port 35914
2019-11-13 20:57:50,997 [Thread-1714] INFO  ozone.MiniOzoneClusterImpl (MiniOzoneClusterImpl.java:lambda$waitForClusterToBeReady$2(171)) - Waiting for cluster to be ready. Got 0 of 3 DN Heartbeats.
2019-11-13 20:57:51,011 [Datanode State Machine Thread - 0] INFO  ozoneimpl.OzoneContainer (OzoneContainer.java:start(230)) - Attempting to start container services.
2019-11-13 20:57:51,011 [Datanode State Machine Thread - 0] INFO  ozoneimpl.OzoneContainer (OzoneContainer.java:startContainerScrub(194)) - Background container scanner has been disabled.
2019-11-13 20:57:51,011 [Datanode State Machine Thread - 0] INFO  ratis.XceiverServerRatis (XceiverServerRatis.java:start(421)) - Starting XceiverServerRatis 041049e5-d0b1-485a-83db-c9b754c02c0b at port 0
2019-11-13 20:57:51,017 [Datanode State Machine Thread - 0] INFO  impl.RaftServerProxy (RaftServerProxy.java:lambda$start$3(299)) - 041049e5-d0b1-485a-83db-c9b754c02c0b: start RPC server
2019-11-13 20:57:51,018 [Datanode State Machine Thread - 0] INFO  server.GrpcService (GrpcService.java:startImpl(158)) - 041049e5-d0b1-485a-83db-c9b754c02c0b: GrpcService started, listening on 0.0.0.0/0.0.0.0:38956
2019-11-13 20:57:51,019 [Datanode State Machine Thread - 0] INFO  ratis.XceiverServerRatis (XceiverServerRatis.java:start(431)) - XceiverServerRatis 041049e5-d0b1-485a-83db-c9b754c02c0b is started using port 38956
2019-11-13 20:57:51,019 [Datanode State Machine Thread - 0] INFO  server.XceiverServerGrpc (XceiverServerGrpc.java:start(145)) - XceiverServerGrpc 041049e5-d0b1-485a-83db-c9b754c02c0b is started using port 42471
2019-11-13 20:57:51,997 [Thread-1714] INFO  ozone.MiniOzoneClusterImpl (MiniOzoneClusterImpl.java:lambda$waitForClusterToBeReady$2(171)) - Waiting for cluster to be ready. Got 0 of 3 DN Heartbeats.
2019-11-13 20:57:52,835 [IPC Server handler 0 on 38723] INFO  net.NetworkTopology (NetworkTopologyImpl.java:add(111)) - Added a new node: /default-rack/5a742ae8-52f7-4967-86dd-fb4d4bdf83a1
2019-11-13 20:57:52,836 [IPC Server handler 0 on 38723] INFO  node.SCMNodeManager (SCMNodeManager.java:register(267)) - Registered Data node : 5a742ae8-52f7-4967-86dd-fb4d4bdf83a1{ip: 192.168.34.38, host: pr-hdds-2469-rfsxc-843238572, networkLocation: /default-rack, certSerialId: null}
2019-11-13 20:57:52,838 [EventQueue-NodeRegistrationContainerReportForDataNodeSafeModeRule] INFO  safemode.SCMSafeModeManager (DataNodeSafeModeRule.java:process(71)) - SCM in safe mode. 1 DataNodes registered, 1 required.
2019-11-13 20:57:52,839 [EventQueue-NodeRegistrationContainerReportForDataNodeSafeModeRule] INFO  safemode.SCMSafeModeManager (SCMSafeModeManager.java:validateSafeModeExitRules(177)) - ScmSafeModeManager, all rules are successfully validated
2019-11-13 20:57:52,839 [EventQueue-NodeRegistrationContainerReportForDataNodeSafeModeRule] INFO  safemode.SCMSafeModeManager (SCMSafeModeManager.java:exitSafeMode(193)) - SCM exiting safe mode.
2019-11-13 20:57:52,855 [grpc-default-executor-0] INFO  impl.RaftServerProxy (RaftServerProxy.java:addNew(89)) - 5a742ae8-52f7-4967-86dd-fb4d4bdf83a1: addNew group-73F6A306516A:[5a742ae8-52f7-4967-86dd-fb4d4bdf83a1:192.168.34.38:42634] returns group-73F6A306516A:java.util.concurrent.CompletableFuture@3ce4fe31[Not completed]
2019-11-13 20:57:52,857 [pool-377-thread-1] INFO  impl.RaftServerImpl (RaftServerImpl.java:<init>(98)) - 5a742ae8-52f7-4967-86dd-fb4d4bdf83a1: new RaftServerImpl for group-73F6A306516A:[5a742ae8-52f7-4967-86dd-fb4d4bdf83a1:192.168.34.38:42634] with ContainerStateMachine:uninitialized
2019-11-13 20:57:52,858 [pool-377-thread-1] INFO  server.RaftServerConfigKeys (ConfUtils.java:logGet(43)) - raft.server.rpc.timeout.min = 5s (custom)
2019-11-13 20:57:52,858 [pool-377-thread-1] INFO  server.RaftServerConfigKeys (ConfUtils.java:logGet(43)) - raft.server.rpc.timeout.max = 5200ms (custom)
2019-11-13 20:57:52,858 [pool-377-thread-1] INFO  server.RaftServerConfigKeys (ConfUtils.java:logGet(43)) - raft.server.rpcslowness.timeout = 120s (custom)
2019-11-13 20:57:52,858 [pool-377-thread-1] INFO  server.RaftServerConfigKeys (ConfUtils.java:logGet(43)) - raft.server.sleep.deviation.threshold = 300 (default)
2019-11-13 20:57:52,858 [pool-377-thread-1] INFO  server.RaftServerConfigKeys (ConfUtils.java:logGet(43)) - raft.server.log.appender.install.snapshot.enabled = false (custom)
2019-11-13 20:57:52,858 [pool-377-thread-1] INFO  impl.RaftServerImpl (ServerState.java:<init>(103)) - 5a742ae8-52f7-4967-86dd-fb4d4bdf83a1@group-73F6A306516A: ConfigurationManager, init=-1: [5a742ae8-52f7-4967-86dd-fb4d4bdf83a1:192.168.34.38:42634], old=null, confs=<EMPTY_MAP>
2019-11-13 20:57:52,859 [pool-377-thread-1] INFO  server.RaftServerConfigKeys (ConfUtils.java:logGet(43)) - raft.server.storage.dir = [/workdir/hadoop-ozone/ozonefs/target/test-dir/MiniOzoneClusterImpl-9c9fe64c-fda1-4d3c-8cbf-c026fac25340/datanode-0/data/ratis] (custom)
2019-11-13 20:57:52,859 [pool-377-thread-1] INFO  server.RaftServerConfigKeys (ConfUtils.java:logGet(43)) - raft.server.log.corruption.policy = EXCEPTION (default)
2019-11-13 20:57:52,859 [pool-377-thread-1] INFO  storage.RaftStorageDirectory (RaftStorageDirectory.java:analyzeStorage(246)) - The storage directory /workdir/hadoop-ozone/ozonefs/target/test-dir/MiniOzoneClusterImpl-9c9fe64c-fda1-4d3c-8cbf-c026fac25340/datanode-0/data/ratis/79e85b01-2222-47a7-8ccf-73f6a306516a does not exist. Creating ...
2019-11-13 20:57:52,918 [IPC Server handler 1 on 38723] INFO  net.NetworkTopology (NetworkTopologyImpl.java:add(111)) - Added a new node: /default-rack/977dfc91-ccca-4ee4-9372-b97b2f75a011
2019-11-13 20:57:52,919 [IPC Server handler 1 on 38723] INFO  node.SCMNodeManager (SCMNodeManager.java:register(267)) - Registered Data node : 977dfc91-ccca-4ee4-9372-b97b2f75a011{ip: 192.168.34.38, host: pr-hdds-2469-rfsxc-843238572, networkLocation: /default-rack, certSerialId: null}
2019-11-13 20:57:52,998 [IPC Server handler 2 on 38723] INFO  net.NetworkTopology (NetworkTopologyImpl.java:add(111)) - Added a new node: /default-rack/041049e5-d0b1-485a-83db-c9b754c02c0b
2019-11-13 20:57:52,998 [IPC Server handler 2 on 38723] INFO  node.SCMNodeManager (SCMNodeManager.java:register(267)) - Registered Data node : 041049e5-d0b1-485a-83db-c9b754c02c0b{ip: 192.168.34.38, host: pr-hdds-2469-rfsxc-843238572, networkLocation: /default-rack, certSerialId: null}
2019-11-13 20:57:54,192 [pool-377-thread-1] INFO  storage.RaftStorageDirectory (RaftStorageDirectory.java:tryLock(328)) - Lock on /workdir/hadoop-ozone/ozonefs/target/test-dir/MiniOzoneClusterImpl-9c9fe64c-fda1-4d3c-8cbf-c026fac25340/datanode-0/data/ratis/79e85b01-2222-47a7-8ccf-73f6a306516a/in_use.lock acquired by nodename 20766@pr-hdds-2469-rfsxc-843238572
2019-11-13 20:57:55,841 [Thread-1886] INFO  container.ReplicationManager (ReplicationManager.java:start(162)) - Starting Replication Monitor Thread.
2019-11-13 20:57:55,843 [ReplicationMonitor] INFO  container.ReplicationManager (ReplicationManager.java:run(225)) - Replication Monitor Thread took 0 milliseconds for processing 0 containers.
2019-11-13 20:57:55,852 [RATISCREATEPIPELINE1] ERROR pipeline.RatisPipelineProvider (RatisPipelineProvider.java:lambda$null$5(230)) - Failed invoke Ratis rpc org.apache.hadoop.hdds.scm.pipeline.RatisPipelineProvider$$Lambda$189/1050336009@4f97f2b4 for 5a742ae8-52f7-4967-86dd-fb4d4bdf83a1
org.apache.ratis.protocol.TimeoutIOException: deadline exceeded after 2998630862ns
	at org.apache.ratis.grpc.GrpcUtil.tryUnwrapException(GrpcUtil.java:82)
	at org.apache.ratis.grpc.GrpcUtil.unwrapException(GrpcUtil.java:75)
	at org.apache.ratis.grpc.client.GrpcClientProtocolClient.blockingCall(GrpcClientProtocolClient.java:184)
	at org.apache.ratis.grpc.client.GrpcClientProtocolClient.groupAdd(GrpcClientProtocolClient.java:153)
	at org.apache.ratis.grpc.client.GrpcClientRpc.sendRequest(GrpcClientRpc.java:94)
	at org.apache.ratis.client.impl.RaftClientImpl.sendRequest(RaftClientImpl.java:278)
	at org.apache.ratis.client.impl.RaftClientImpl.groupAdd(RaftClientImpl.java:205)
	at org.apache.hadoop.hdds.scm.pipeline.RatisPipelineProvider.lambda$initializePipeline$4(RatisPipelineProvider.java:191)
	at org.apache.hadoop.hdds.scm.pipeline.RatisPipelineProvider.lambda$null$5(RatisPipelineProvider.java:226)
	at java.util.stream.ForEachOps$ForEachOp$OfRef.accept(ForEachOps.java:183)
	at java.util.ArrayList$ArrayListSpliterator.forEachRemaining(ArrayList.java:1382)
	at java.util.stream.AbstractPipeline.copyInto(AbstractPipeline.java:482)
	at java.util.stream.ForEachOps$ForEachTask.compute(ForEachOps.java:290)
	at java.util.concurrent.CountedCompleter.exec(CountedCompleter.java:731)
	at java.util.concurrent.ForkJoinTask.doExec(ForkJoinTask.java:289)
	at java.util.concurrent.ForkJoinTask.doInvoke(ForkJoinTask.java:401)
	at java.util.concurrent.ForkJoinTask.invoke(ForkJoinTask.java:734)
	at java.util.stream.ForEachOps$ForEachOp.evaluateParallel(ForEachOps.java:159)
	at java.util.stream.ForEachOps$ForEachOp$OfRef.evaluateParallel(ForEachOps.java:173)
	at java.util.stream.AbstractPipeline.evaluate(AbstractPipeline.java:233)
	at java.util.stream.ReferencePipeline.forEach(ReferencePipeline.java:485)
	at java.util.stream.ReferencePipeline$Head.forEach(ReferencePipeline.java:650)
	at org.apache.hadoop.hdds.scm.pipeline.RatisPipelineProvider.lambda$callRatisRpc$6(RatisPipelineProvider.java:220)
	at java.util.concurrent.ForkJoinTask$AdaptedRunnableAction.exec(ForkJoinTask.java:1386)
	at java.util.concurrent.ForkJoinTask.doExec(ForkJoinTask.java:289)
	at java.util.concurrent.ForkJoinPool$WorkQueue.runTask(ForkJoinPool.java:1056)
	at java.util.concurrent.ForkJoinPool.runWorker(ForkJoinPool.java:1692)
	at java.util.concurrent.ForkJoinWorkerThread.run(ForkJoinWorkerThread.java:157)
Caused by: org.apache.ratis.thirdparty.io.grpc.StatusRuntimeException: DEADLINE_EXCEEDED: deadline exceeded after 2998630862ns
	at org.apache.ratis.thirdparty.io.grpc.stub.ClientCalls.toStatusRuntimeException(ClientCalls.java:233)
	at org.apache.ratis.thirdparty.io.grpc.stub.ClientCalls.getUnchecked(ClientCalls.java:214)
	at org.apache.ratis.thirdparty.io.grpc.stub.ClientCalls.blockingUnaryCall(ClientCalls.java:139)
	at org.apache.ratis.proto.grpc.AdminProtocolServiceGrpc$AdminProtocolServiceBlockingStub.groupManagement(AdminProtocolServiceGrpc.java:274)
	at org.apache.ratis.grpc.client.GrpcClientProtocolClient.lambda$groupAdd$3(GrpcClientProtocolClient.java:155)
	at org.apache.ratis.grpc.client.GrpcClientProtocolClient.blockingCall(GrpcClientProtocolClient.java:182)
	... 25 more
2019-11-13 20:57:55,866 [grpc-default-executor-1] INFO  impl.RaftServerProxy (RaftServerProxy.java:addNew(89)) - 977dfc91-ccca-4ee4-9372-b97b2f75a011: addNew group-6EA2555946F8:[5a742ae8-52f7-4967-86dd-fb4d4bdf83a1:192.168.34.38:42634, 041049e5-d0b1-485a-83db-c9b754c02c0b:192.168.34.38:38956, 977dfc91-ccca-4ee4-9372-b97b2f75a011:192.168.34.38:46558] returns group-6EA2555946F8:java.util.concurrent.CompletableFuture@4b756ce8[Not completed]
2019-11-13 20:57:55,866 [grpc-default-executor-2] INFO  impl.RaftServerProxy (RaftServerProxy.java:addNew(89)) - 5a742ae8-52f7-4967-86dd-fb4d4bdf83a1: addNew group-6EA2555946F8:[5a742ae8-52f7-4967-86dd-fb4d4bdf83a1:192.168.34.38:42634, 041049e5-d0b1-485a-83db-c9b754c02c0b:192.168.34.38:38956, 977dfc91-ccca-4ee4-9372-b97b2f75a011:192.168.34.38:46558] returns group-6EA2555946F8:java.util.concurrent.CompletableFuture@57dbcea4[Not completed]
2019-11-13 20:57:55,866 [grpc-default-executor-0] INFO  impl.RaftServerProxy (RaftServerProxy.java:addNew(89)) - 041049e5-d0b1-485a-83db-c9b754c02c0b: addNew group-6EA2555946F8:[5a742ae8-52f7-4967-86dd-fb4d4bdf83a1:192.168.34.38:42634, 041049e5-d0b1-485a-83db-c9b754c02c0b:192.168.34.38:38956, 977dfc91-ccca-4ee4-9372-b97b2f75a011:192.168.34.38:46558] returns group-6EA2555946F8:java.util.concurrent.CompletableFuture@5ccb017e[Not completed]
2019-11-13 20:57:55,867 [pool-387-thread-1] INFO  impl.RaftServerImpl (RaftServerImpl.java:<init>(98)) - 977dfc91-ccca-4ee4-9372-b97b2f75a011: new RaftServerImpl for group-6EA2555946F8:[5a742ae8-52f7-4967-86dd-fb4d4bdf83a1:192.168.34.38:42634, 041049e5-d0b1-485a-83db-c9b754c02c0b:192.168.34.38:38956, 977dfc91-ccca-4ee4-9372-b97b2f75a011:192.168.34.38:46558] with ContainerStateMachine:uninitialized
2019-11-13 20:57:55,867 [pool-387-thread-1] INFO  server.RaftServerConfigKeys (ConfUtils.java:logGet(43)) - raft.server.rpc.timeout.min = 5s (custom)
2019-11-13 20:57:55,868 [pool-387-thread-1] INFO  server.RaftServerConfigKeys (ConfUtils.java:logGet(43)) - raft.server.rpc.timeout.max = 5200ms (custom)
2019-11-13 20:57:55,868 [pool-387-thread-1] INFO  server.RaftServerConfigKeys (ConfUtils.java:logGet(43)) - raft.server.rpcslowness.timeout = 120s (custom)
2019-11-13 20:57:55,868 [pool-387-thread-1] INFO  server.RaftServerConfigKeys (ConfUtils.java:logGet(43)) - raft.server.sleep.deviation.threshold = 300 (default)
2019-11-13 20:57:55,868 [pool-387-thread-1] INFO  server.RaftServerConfigKeys (ConfUtils.java:logGet(43)) - raft.server.log.appender.install.snapshot.enabled = false (custom)
2019-11-13 20:57:55,868 [pool-387-thread-1] INFO  impl.RaftServerImpl (ServerState.java:<init>(103)) - 977dfc91-ccca-4ee4-9372-b97b2f75a011@group-6EA2555946F8: ConfigurationManager, init=-1: [5a742ae8-52f7-4967-86dd-fb4d4bdf83a1:192.168.34.38:42634, 041049e5-d0b1-485a-83db-c9b754c02c0b:192.168.34.38:38956, 977dfc91-ccca-4ee4-9372-b97b2f75a011:192.168.34.38:46558], old=null, confs=<EMPTY_MAP>
2019-11-13 20:57:55,868 [pool-397-thread-1] INFO  impl.RaftServerImpl (RaftServerImpl.java:<init>(98)) - 041049e5-d0b1-485a-83db-c9b754c02c0b: new RaftServerImpl for group-6EA2555946F8:[5a742ae8-52f7-4967-86dd-fb4d4bdf83a1:192.168.34.38:42634, 041049e5-d0b1-485a-83db-c9b754c02c0b:192.168.34.38:38956, 977dfc91-ccca-4ee4-9372-b97b2f75a011:192.168.34.38:46558] with ContainerStateMachine:uninitialized
2019-11-13 20:57:55,868 [pool-387-thread-1] INFO  server.RaftServerConfigKeys (ConfUtils.java:logGet(43)) - raft.server.storage.dir = [/workdir/hadoop-ozone/ozonefs/target/test-dir/MiniOzoneClusterImpl-9c9fe64c-fda1-4d3c-8cbf-c026fac25340/datanode-1/data/ratis] (custom)
2019-11-13 20:57:55,868 [pool-397-thread-1] INFO  server.RaftServerConfigKeys (ConfUtils.java:logGet(43)) - raft.server.rpc.timeout.min = 5s (custom)
2019-11-13 20:57:55,868 [pool-397-thread-1] INFO  server.RaftServerConfigKeys (ConfUtils.java:logGet(43)) - raft.server.rpc.timeout.max = 5200ms (custom)
2019-11-13 20:57:55,868 [pool-387-thread-1] INFO  server.RaftServerConfigKeys (ConfUtils.java:logGet(43)) - raft.server.log.corruption.policy = EXCEPTION (default)
2019-11-13 20:57:55,868 [pool-397-thread-1] INFO  server.RaftServerConfigKeys (ConfUtils.java:logGet(43)) - raft.server.rpcslowness.timeout = 120s (custom)
2019-11-13 20:57:55,869 [pool-387-thread-1] INFO  storage.RaftStorageDirectory (RaftStorageDirectory.java:analyzeStorage(246)) - The storage directory /workdir/hadoop-ozone/ozonefs/target/test-dir/MiniOzoneClusterImpl-9c9fe64c-fda1-4d3c-8cbf-c026fac25340/datanode-1/data/ratis/c615d1d2-6e4b-4fcf-a8fb-6ea2555946f8 does not exist. Creating ...
2019-11-13 20:57:55,869 [pool-397-thread-1] INFO  server.RaftServerConfigKeys (ConfUtils.java:logGet(43)) - raft.server.sleep.deviation.threshold = 300 (default)
2019-11-13 20:57:55,869 [pool-397-thread-1] INFO  server.RaftServerConfigKeys (ConfUtils.java:logGet(43)) - raft.server.log.appender.install.snapshot.enabled = false (custom)
2019-11-13 20:57:55,869 [pool-397-thread-1] INFO  impl.RaftServerImpl (ServerState.java:<init>(103)) - 041049e5-d0b1-485a-83db-c9b754c02c0b@group-6EA2555946F8: ConfigurationManager, init=-1: [5a742ae8-52f7-4967-86dd-fb4d4bdf83a1:192.168.34.38:42634, 041049e5-d0b1-485a-83db-c9b754c02c0b:192.168.34.38:38956, 977dfc91-ccca-4ee4-9372-b97b2f75a011:192.168.34.38:46558], old=null, confs=<EMPTY_MAP>
2019-11-13 20:57:55,869 [pool-397-thread-1] INFO  server.RaftServerConfigKeys (ConfUtils.java:logGet(43)) - raft.server.storage.dir = [/workdir/hadoop-ozone/ozonefs/target/test-dir/MiniOzoneClusterImpl-9c9fe64c-fda1-4d3c-8cbf-c026fac25340/datanode-2/data/ratis] (custom)
2019-11-13 20:57:55,869 [pool-397-thread-1] INFO  server.RaftServerConfigKeys (ConfUtils.java:logGet(43)) - raft.server.log.corruption.policy = EXCEPTION (default)
2019-11-13 20:57:55,870 [pool-397-thread-1] INFO  storage.RaftStorageDirectory (RaftStorageDirectory.java:analyzeStorage(246)) - The storage directory /workdir/hadoop-ozone/ozonefs/target/test-dir/MiniOzoneClusterImpl-9c9fe64c-fda1-4d3c-8cbf-c026fac25340/datanode-2/data/ratis/c615d1d2-6e4b-4fcf-a8fb-6ea2555946f8 does not exist. Creating ...
2019-11-13 20:57:58,039 [pool-377-thread-1] INFO  storage.RaftStorage (RaftStorage.java:format(84)) - Storage directory /workdir/hadoop-ozone/ozonefs/target/test-dir/MiniOzoneClusterImpl-9c9fe64c-fda1-4d3c-8cbf-c026fac25340/datanode-0/data/ratis/79e85b01-2222-47a7-8ccf-73f6a306516a has been successfully formatted.
2019-11-13 20:57:58,041 [pool-377-thread-1] INFO  ratis.ContainerStateMachine (ContainerStateMachine.java:loadSnapshot(223)) - group-73F6A306516A: The snapshot info is null. Setting the last applied indexto:(t:0, i:~)
2019-11-13 20:57:58,041 [pool-377-thread-1] INFO  server.RaftServerConfigKeys (ConfUtils.java:logGet(43)) - raft.server.notification.no-leader.timeout = 120s (custom)
2019-11-13 20:57:58,041 [pool-377-thread-1] INFO  server.RaftServerConfigKeys (ConfUtils.java:logGet(43)) - raft.server.log.use.memory = false (default)
2019-11-13 20:57:58,042 [pool-377-thread-1] INFO  server.RaftServerConfigKeys (ConfUtils.java:logGet(43)) - raft.server.log.purge.gap = 1000000 (custom)
2019-11-13 20:57:58,042 [pool-377-thread-1] INFO  server.RaftServerConfigKeys (ConfUtils.java:logGet(43)) - raft.server.log.appender.buffer.byte-limit = 33554432 (custom)
2019-11-13 20:57:58,042 [pool-377-thread-1] INFO  server.RaftServerConfigKeys (ConfUtils.java:logGet(43)) - raft.server.log.segment.size.max = 1048576 (custom)
2019-11-13 20:57:58,042 [pool-377-thread-1] WARN  impl.MetricRegistriesImpl (MetricRegistriesImpl.java:lambda$create$1(61)) - First MetricRegistry has been created without registering reporters. You may need to call MetricRegistries.global().addReportRegistration(...) before.
2019-11-13 20:57:58,042 [pool-377-thread-1] INFO  server.RaftServerConfigKeys (ConfUtils.java:logGet(43)) - raft.server.log.segment.cache.num.max = 2 (custom)
2019-11-13 20:57:58,043 [pool-377-thread-1] INFO  segmented.SegmentedRaftLogWorker (SegmentedRaftLogWorker.java:<init>(173)) - new 5a742ae8-52f7-4967-86dd-fb4d4bdf83a1@group-73F6A306516A-SegmentedRaftLogWorker for RaftStorage:Storage Directory /workdir/hadoop-ozone/ozonefs/target/test-dir/MiniOzoneClusterImpl-9c9fe64c-fda1-4d3c-8cbf-c026fac25340/datanode-0/data/ratis/79e85b01-2222-47a7-8ccf-73f6a306516a
2019-11-13 20:57:58,043 [pool-377-thread-1] INFO  server.RaftServerConfigKeys (ConfUtils.java:logGet(43)) - raft.server.log.queue.byte-limit = 2147483647 (custom)
2019-11-13 20:57:58,043 [pool-377-thread-1] INFO  server.RaftServerConfigKeys (ConfUtils.java:logGet(43)) - raft.server.log.queue.element-limit = 1024 (custom)
2019-11-13 20:57:58,043 [pool-377-thread-1] INFO  server.RaftServerConfigKeys (ConfUtils.java:logGet(43)) - raft.server.log.segment.size.max = 1048576 (custom)
2019-11-13 20:57:58,043 [pool-377-thread-1] INFO  server.RaftServerConfigKeys (ConfUtils.java:logGet(43)) - raft.server.log.preallocated.size = 16384 (custom)
2019-11-13 20:57:58,043 [pool-377-thread-1] INFO  server.RaftServerConfigKeys (ConfUtils.java:logGet(43)) - raft.server.log.write.buffer.size = 33554432 (custom)
2019-11-13 20:57:58,043 [pool-377-thread-1] INFO  server.RaftServerConfigKeys (ConfUtils.java:logGet(43)) - raft.server.log.force.sync.num = 128 (default)
2019-11-13 20:57:58,043 [pool-377-thread-1] INFO  server.RaftServerConfigKeys (ConfUtils.java:logGet(43)) - raft.server.log.statemachine.data.sync = true (default)
2019-11-13 20:57:58,044 [pool-377-thread-1] INFO  server.RaftServerConfigKeys (ConfUtils.java:logGet(43)) - raft.server.log.statemachine.data.sync.timeout = 10s (default)
2019-11-13 20:57:58,044 [pool-377-thread-1] INFO  server.RaftServerConfigKeys (ConfUtils.java:logGet(43)) - raft.server.log.statemachine.data.sync.timeout.retry = -1 (default)
2019-11-13 20:57:58,044 [pool-377-thread-1] INFO  server.RaftServerConfigKeys (ConfUtils.java:logGet(43)) - raft.server.log.statemachine.data.caching.enabled = true (custom)
2019-11-13 20:57:58,045 [pool-377-thread-1] INFO  segmented.SegmentedRaftLogWorker (SegmentedRaftLogWorker.java:lambda$new$0(128)) - 5a742ae8-52f7-4967-86dd-fb4d4bdf83a1@group-73F6A306516A-SegmentedRaftLogWorker: flushIndex: setUnconditionally 0 -> -1
2019-11-13 20:57:58,045 [pool-377-thread-1] INFO  server.RaftServerConfigKeys (ConfUtils.java:logGet(43)) - raft.server.snapshot.auto.trigger.enabled = true (custom)
2019-11-13 20:57:58,045 [pool-377-thread-1] INFO  server.RaftServerConfigKeys (ConfUtils.java:logGet(43)) - raft.server.snapshot.auto.trigger.threshold = 10000 (custom)
2019-11-13 20:57:58,046 [pool-377-thread-1] INFO  server.RaftServerConfigKeys (ConfUtils.java:logGet(43)) - raft.server.snapshot.retention.file.num = 5 (custom)
2019-11-13 20:57:58,046 [pool-377-thread-1] INFO  server.RaftServerConfigKeys (ConfUtils.java:logGet(43)) - raft.server.retrycache.expirytime = 600000ms (custom)
2019-11-13 20:57:58,046 [pool-377-thread-1] WARN  impl.MetricRegistriesImpl (MetricRegistriesImpl.java:lambda$create$1(61)) - First MetricRegistry has been created without registering reporters. You may need to call MetricRegistries.global().addReportRegistration(...) before.
2019-11-13 20:57:58,046 [pool-377-thread-1] WARN  impl.MetricRegistriesImpl (MetricRegistriesImpl.java:lambda$create$1(61)) - First MetricRegistry has been created without registering reporters. You may need to call MetricRegistries.global().addReportRegistration(...) before.
2019-11-13 20:57:58,050 [pool-377-thread-1] INFO  impl.RaftServerImpl (RaftServerImpl.java:<init>(98)) - 5a742ae8-52f7-4967-86dd-fb4d4bdf83a1: new RaftServerImpl for group-6EA2555946F8:[5a742ae8-52f7-4967-86dd-fb4d4bdf83a1:192.168.34.38:42634, 041049e5-d0b1-485a-83db-c9b754c02c0b:192.168.34.38:38956, 977dfc91-ccca-4ee4-9372-b97b2f75a011:192.168.34.38:46558] with ContainerStateMachine:uninitialized
2019-11-13 20:57:58,050 [pool-377-thread-1] INFO  server.RaftServerConfigKeys (ConfUtils.java:logGet(43)) - raft.server.rpc.timeout.min = 5s (custom)
2019-11-13 20:57:58,050 [pool-377-thread-1] INFO  server.RaftServerConfigKeys (ConfUtils.java:logGet(43)) - raft.server.rpc.timeout.max = 5200ms (custom)
2019-11-13 20:57:58,050 [pool-377-thread-1] INFO  server.RaftServerConfigKeys (ConfUtils.java:logGet(43)) - raft.server.rpcslowness.timeout = 120s (custom)
2019-11-13 20:57:58,050 [pool-377-thread-1] INFO  server.RaftServerConfigKeys (ConfUtils.java:logGet(43)) - raft.server.sleep.deviation.threshold = 300 (default)
2019-11-13 20:57:58,050 [pool-377-thread-1] INFO  server.RaftServerConfigKeys (ConfUtils.java:logGet(43)) - raft.server.log.appender.install.snapshot.enabled = false (custom)
2019-11-13 20:57:58,050 [pool-377-thread-1] INFO  impl.RaftServerImpl (ServerState.java:<init>(103)) - 5a742ae8-52f7-4967-86dd-fb4d4bdf83a1@group-6EA2555946F8: ConfigurationManager, init=-1: [5a742ae8-52f7-4967-86dd-fb4d4bdf83a1:192.168.34.38:42634, 041049e5-d0b1-485a-83db-c9b754c02c0b:192.168.34.38:38956, 977dfc91-ccca-4ee4-9372-b97b2f75a011:192.168.34.38:46558], old=null, confs=<EMPTY_MAP>
2019-11-13 20:57:58,051 [pool-377-thread-1] INFO  server.RaftServerConfigKeys (ConfUtils.java:logGet(43)) - raft.server.storage.dir = [/workdir/hadoop-ozone/ozonefs/target/test-dir/MiniOzoneClusterImpl-9c9fe64c-fda1-4d3c-8cbf-c026fac25340/datanode-0/data/ratis] (custom)
2019-11-13 20:57:58,051 [pool-377-thread-1] INFO  server.RaftServerConfigKeys (ConfUtils.java:logGet(43)) - raft.server.log.corruption.policy = EXCEPTION (default)
2019-11-13 20:57:58,051 [pool-377-thread-1] INFO  storage.RaftStorageDirectory (RaftStorageDirectory.java:analyzeStorage(246)) - The storage directory /workdir/hadoop-ozone/ozonefs/target/test-dir/MiniOzoneClusterImpl-9c9fe64c-fda1-4d3c-8cbf-c026fac25340/datanode-0/data/ratis/c615d1d2-6e4b-4fcf-a8fb-6ea2555946f8 does not exist. Creating ...
2019-11-13 20:57:58,834 [pool-387-thread-1] INFO  storage.RaftStorageDirectory (RaftStorageDirectory.java:tryLock(328)) - Lock on /workdir/hadoop-ozone/ozonefs/target/test-dir/MiniOzoneClusterImpl-9c9fe64c-fda1-4d3c-8cbf-c026fac25340/datanode-1/data/ratis/c615d1d2-6e4b-4fcf-a8fb-6ea2555946f8/in_use.lock acquired by nodename 20766@pr-hdds-2469-rfsxc-843238572
2019-11-13 20:57:58,834 [pool-397-thread-1] INFO  storage.RaftStorageDirectory (RaftStorageDirectory.java:tryLock(328)) - Lock on /workdir/hadoop-ozone/ozonefs/target/test-dir/MiniOzoneClusterImpl-9c9fe64c-fda1-4d3c-8cbf-c026fac25340/datanode-2/data/ratis/c615d1d2-6e4b-4fcf-a8fb-6ea2555946f8/in_use.lock acquired by nodename 20766@pr-hdds-2469-rfsxc-843238572
2019-11-13 20:57:58,865 [RATISCREATEPIPELINE3] ERROR pipeline.RatisPipelineProvider (RatisPipelineProvider.java:lambda$null$5(230)) - Failed invoke Ratis rpc org.apache.hadoop.hdds.scm.pipeline.RatisPipelineProvider$$Lambda$189/1050336009@5cb8a1f3 for 977dfc91-ccca-4ee4-9372-b97b2f75a011
org.apache.ratis.protocol.TimeoutIOException: deadline exceeded after 2999560075ns
	at org.apache.ratis.grpc.GrpcUtil.tryUnwrapException(GrpcUtil.java:82)
	at org.apache.ratis.grpc.GrpcUtil.unwrapException(GrpcUtil.java:75)
	at org.apache.ratis.grpc.client.GrpcClientProtocolClient.blockingCall(GrpcClientProtocolClient.java:184)
	at org.apache.ratis.grpc.client.GrpcClientProtocolClient.groupAdd(GrpcClientProtocolClient.java:153)
	at org.apache.ratis.grpc.client.GrpcClientRpc.sendRequest(GrpcClientRpc.java:94)
	at org.apache.ratis.client.impl.RaftClientImpl.sendRequest(RaftClientImpl.java:278)
	at org.apache.ratis.client.impl.RaftClientImpl.groupAdd(RaftClientImpl.java:205)
	at org.apache.hadoop.hdds.scm.pipeline.RatisPipelineProvider.lambda$initializePipeline$4(RatisPipelineProvider.java:191)
	at org.apache.hadoop.hdds.scm.pipeline.RatisPipelineProvider.lambda$null$5(RatisPipelineProvider.java:226)
	at java.util.stream.ForEachOps$ForEachOp$OfRef.accept(ForEachOps.java:183)
	at java.util.ArrayList$ArrayListSpliterator.forEachRemaining(ArrayList.java:1382)
	at java.util.stream.AbstractPipeline.copyInto(AbstractPipeline.java:482)
	at java.util.stream.ForEachOps$ForEachTask.compute(ForEachOps.java:290)
	at java.util.concurrent.CountedCompleter.exec(CountedCompleter.java:731)
	at java.util.concurrent.ForkJoinTask.doExec(ForkJoinTask.java:289)
	at java.util.concurrent.ForkJoinPool$WorkQueue.runTask(ForkJoinPool.java:1056)
	at java.util.concurrent.ForkJoinPool.runWorker(ForkJoinPool.java:1692)
	at java.util.concurrent.ForkJoinWorkerThread.run(ForkJoinWorkerThread.java:157)
Caused by: org.apache.ratis.thirdparty.io.grpc.StatusRuntimeException: DEADLINE_EXCEEDED: deadline exceeded after 2999560075ns
	at org.apache.ratis.thirdparty.io.grpc.stub.ClientCalls.toStatusRuntimeException(ClientCalls.java:233)
	at org.apache.ratis.thirdparty.io.grpc.stub.ClientCalls.getUnchecked(ClientCalls.java:214)
	at org.apache.ratis.thirdparty.io.grpc.stub.ClientCalls.blockingUnaryCall(ClientCalls.java:139)
	at org.apache.ratis.proto.grpc.AdminProtocolServiceGrpc$AdminProtocolServiceBlockingStub.groupManagement(AdminProtocolServiceGrpc.java:274)
	at org.apache.ratis.grpc.client.GrpcClientProtocolClient.lambda$groupAdd$3(GrpcClientProtocolClient.java:155)
	at org.apache.ratis.grpc.client.GrpcClientProtocolClient.blockingCall(GrpcClientProtocolClient.java:182)
	... 15 more
2019-11-13 20:57:58,865 [RATISCREATEPIPELINE1] ERROR pipeline.RatisPipelineProvider (RatisPipelineProvider.java:lambda$null$5(230)) - Failed invoke Ratis rpc org.apache.hadoop.hdds.scm.pipeline.RatisPipelineProvider$$Lambda$189/1050336009@5cb8a1f3 for 041049e5-d0b1-485a-83db-c9b754c02c0b
org.apache.ratis.protocol.TimeoutIOException: deadline exceeded after 2999762756ns
	at org.apache.ratis.grpc.GrpcUtil.tryUnwrapException(GrpcUtil.java:82)
	at org.apache.ratis.grpc.GrpcUtil.unwrapException(GrpcUtil.java:75)
	at org.apache.ratis.grpc.client.GrpcClientProtocolClient.blockingCall(GrpcClientProtocolClient.java:184)
	at org.apache.ratis.grpc.client.GrpcClientProtocolClient.groupAdd(GrpcClientProtocolClient.java:153)
	at org.apache.ratis.grpc.client.GrpcClientRpc.sendRequest(GrpcClientRpc.java:94)
	at org.apache.ratis.client.impl.RaftClientImpl.sendRequest(RaftClientImpl.java:278)
	at org.apache.ratis.client.impl.RaftClientImpl.groupAdd(RaftClientImpl.java:205)
	at org.apache.hadoop.hdds.scm.pipeline.RatisPipelineProvider.lambda$initializePipeline$4(RatisPipelineProvider.java:191)
	at org.apache.hadoop.hdds.scm.pipeline.RatisPipelineProvider.lambda$null$5(RatisPipelineProvider.java:226)
	at java.util.stream.ForEachOps$ForEachOp$OfRef.accept(ForEachOps.java:183)
	at java.util.ArrayList$ArrayListSpliterator.forEachRemaining(ArrayList.java:1382)
	at java.util.stream.AbstractPipeline.copyInto(AbstractPipeline.java:482)
	at java.util.stream.ForEachOps$ForEachTask.compute(ForEachOps.java:290)
	at java.util.concurrent.CountedCompleter.exec(CountedCompleter.java:731)
	at java.util.concurrent.ForkJoinTask.doExec(ForkJoinTask.java:289)
	at java.util.concurrent.ForkJoinTask.doInvoke(ForkJoinTask.java:401)
	at java.util.concurrent.ForkJoinTask.invoke(ForkJoinTask.java:734)
	at java.util.stream.ForEachOps$ForEachOp.evaluateParallel(ForEachOps.java:159)
	at java.util.stream.ForEachOps$ForEachOp$OfRef.evaluateParallel(ForEachOps.java:173)
	at java.util.stream.AbstractPipeline.evaluate(AbstractPipeline.java:233)
	at java.util.stream.ReferencePipeline.forEach(ReferencePipeline.java:485)
	at java.util.stream.ReferencePipeline$Head.forEach(ReferencePipeline.java:650)
	at org.apache.hadoop.hdds.scm.pipeline.RatisPipelineProvider.lambda$callRatisRpc$6(RatisPipelineProvider.java:220)
	at java.util.concurrent.ForkJoinTask$AdaptedRunnableAction.exec(ForkJoinTask.java:1386)
	at java.util.concurrent.ForkJoinTask.doExec(ForkJoinTask.java:289)
	at java.util.concurrent.ForkJoinPool$WorkQueue.runTask(ForkJoinPool.java:1056)
	at java.util.concurrent.ForkJoinPool.runWorker(ForkJoinPool.java:1692)
	at java.util.concurrent.ForkJoinWorkerThread.run(ForkJoinWorkerThread.java:157)
Caused by: org.apache.ratis.thirdparty.io.grpc.StatusRuntimeException: DEADLINE_EXCEEDED: deadline exceeded after 2999762756ns
	at org.apache.ratis.thirdparty.io.grpc.stub.ClientCalls.toStatusRuntimeException(ClientCalls.java:233)
	at org.apache.ratis.thirdparty.io.grpc.stub.ClientCalls.getUnchecked(ClientCalls.java:214)
	at org.apache.ratis.thirdparty.io.grpc.stub.ClientCalls.blockingUnaryCall(ClientCalls.java:139)
	at org.apache.ratis.proto.grpc.AdminProtocolServiceGrpc$AdminProtocolServiceBlockingStub.groupManagement(AdminProtocolServiceGrpc.java:274)
	at org.apache.ratis.grpc.client.GrpcClientProtocolClient.lambda$groupAdd$3(GrpcClientProtocolClient.java:155)
	at org.apache.ratis.grpc.client.GrpcClientProtocolClient.blockingCall(GrpcClientProtocolClient.java:182)
	... 25 more
2019-11-13 20:57:58,865 [RATISCREATEPIPELINE2] ERROR pipeline.RatisPipelineProvider (RatisPipelineProvider.java:lambda$null$5(230)) - Failed invoke Ratis rpc org.apache.hadoop.hdds.scm.pipeline.RatisPipelineProvider$$Lambda$189/1050336009@5cb8a1f3 for 5a742ae8-52f7-4967-86dd-fb4d4bdf83a1
org.apache.ratis.protocol.TimeoutIOException: deadline exceeded after 2999447792ns
	at org.apache.ratis.grpc.GrpcUtil.tryUnwrapException(GrpcUtil.java:82)
	at org.apache.ratis.grpc.GrpcUtil.unwrapException(GrpcUtil.java:75)
	at org.apache.ratis.grpc.client.GrpcClientProtocolClient.blockingCall(GrpcClientProtocolClient.java:184)
	at org.apache.ratis.grpc.client.GrpcClientProtocolClient.groupAdd(GrpcClientProtocolClient.java:153)
	at org.apache.ratis.grpc.client.GrpcClientRpc.sendRequest(GrpcClientRpc.java:94)
	at org.apache.ratis.client.impl.RaftClientImpl.sendRequest(RaftClientImpl.java:278)
	at org.apache.ratis.client.impl.RaftClientImpl.groupAdd(RaftClientImpl.java:205)
	at org.apache.hadoop.hdds.scm.pipeline.RatisPipelineProvider.lambda$initializePipeline$4(RatisPipelineProvider.java:191)
	at org.apache.hadoop.hdds.scm.pipeline.RatisPipelineProvider.lambda$null$5(RatisPipelineProvider.java:226)
	at java.util.stream.ForEachOps$ForEachOp$OfRef.accept(ForEachOps.java:183)
	at java.util.ArrayList$ArrayListSpliterator.forEachRemaining(ArrayList.java:1382)
	at java.util.stream.AbstractPipeline.copyInto(AbstractPipeline.java:482)
	at java.util.stream.ForEachOps$ForEachTask.compute(ForEachOps.java:290)
	at java.util.concurrent.CountedCompleter.exec(CountedCompleter.java:731)
	at java.util.concurrent.ForkJoinTask.doExec(ForkJoinTask.java:289)
	at java.util.concurrent.ForkJoinPool$WorkQueue.runTask(ForkJoinPool.java:1056)
	at java.util.concurrent.ForkJoinPool.runWorker(ForkJoinPool.java:1692)
	at java.util.concurrent.ForkJoinWorkerThread.run(ForkJoinWorkerThread.java:157)
Caused by: org.apache.ratis.thirdparty.io.grpc.StatusRuntimeException: DEADLINE_EXCEEDED: deadline exceeded after 2999447792ns
	at org.apache.ratis.thirdparty.io.grpc.stub.ClientCalls.toStatusRuntimeException(ClientCalls.java:233)
	at org.apache.ratis.thirdparty.io.grpc.stub.ClientCalls.getUnchecked(ClientCalls.java:214)
	at org.apache.ratis.thirdparty.io.grpc.stub.ClientCalls.blockingUnaryCall(ClientCalls.java:139)
	at org.apache.ratis.proto.grpc.AdminProtocolServiceGrpc$AdminProtocolServiceBlockingStub.groupManagement(AdminProtocolServiceGrpc.java:274)
	at org.apache.ratis.grpc.client.GrpcClientProtocolClient.lambda$groupAdd$3(GrpcClientProtocolClient.java:155)
	at org.apache.ratis.grpc.client.GrpcClientProtocolClient.blockingCall(GrpcClientProtocolClient.java:182)
	... 15 more
2019-11-13 20:57:58,871 [Thread-1714] INFO  ozone.MiniOzoneClusterImpl (MiniOzoneClusterImpl.java:lambda$waitForClusterToBeReady$2(171)) - Cluster is ready. Got 3 of 3 DN Heartbeats.
2019-11-13 20:57:58,889 [grpc-default-executor-0] INFO  impl.RaftServerProxy (RaftServerProxy.java:addNew(89)) - 5a742ae8-52f7-4967-86dd-fb4d4bdf83a1: addNew group-029730BF0903:[5a742ae8-52f7-4967-86dd-fb4d4bdf83a1:192.168.34.38:42634] returns group-029730BF0903:java.util.concurrent.CompletableFuture@303ef4a7[Not completed]
2019-11-13 20:57:58,903 [Thread-1714] INFO  rpc.RpcClient (RpcClient.java:createVolume(292)) - Creating Volume: volume44496, with user42722 as owner.
2019-11-13 20:57:58,905 [IPC Server handler 2 on 42649] INFO  volume.OMVolumeCreateRequest (OMVolumeCreateRequest.java:validateAndUpdateCache(193)) - created volume:volume44496 for user:user42722
2019-11-13 20:57:58,907 [pool-377-thread-1] INFO  storage.RaftStorageDirectory (RaftStorageDirectory.java:tryLock(328)) - Lock on /workdir/hadoop-ozone/ozonefs/target/test-dir/MiniOzoneClusterImpl-9c9fe64c-fda1-4d3c-8cbf-c026fac25340/datanode-0/data/ratis/c615d1d2-6e4b-4fcf-a8fb-6ea2555946f8/in_use.lock acquired by nodename 20766@pr-hdds-2469-rfsxc-843238572
2019-11-13 20:57:58,911 [pool-397-thread-1] INFO  storage.RaftStorage (RaftStorage.java:format(84)) - Storage directory /workdir/hadoop-ozone/ozonefs/target/test-dir/MiniOzoneClusterImpl-9c9fe64c-fda1-4d3c-8cbf-c026fac25340/datanode-2/data/ratis/c615d1d2-6e4b-4fcf-a8fb-6ea2555946f8 has been successfully formatted.
2019-11-13 20:57:58,911 [pool-387-thread-1] INFO  storage.RaftStorage (RaftStorage.java:format(84)) - Storage directory /workdir/hadoop-ozone/ozonefs/target/test-dir/MiniOzoneClusterImpl-9c9fe64c-fda1-4d3c-8cbf-c026fac25340/datanode-1/data/ratis/c615d1d2-6e4b-4fcf-a8fb-6ea2555946f8 has been successfully formatted.
2019-11-13 20:57:58,911 [pool-377-thread-1] INFO  storage.RaftStorage (RaftStorage.java:format(84)) - Storage directory /workdir/hadoop-ozone/ozonefs/target/test-dir/MiniOzoneClusterImpl-9c9fe64c-fda1-4d3c-8cbf-c026fac25340/datanode-0/data/ratis/c615d1d2-6e4b-4fcf-a8fb-6ea2555946f8 has been successfully formatted.
2019-11-13 20:57:58,911 [pool-397-thread-1] INFO  ratis.ContainerStateMachine (ContainerStateMachine.java:loadSnapshot(223)) - group-6EA2555946F8: The snapshot info is null. Setting the last applied indexto:(t:0, i:~)
2019-11-13 20:57:58,912 [pool-397-thread-1] INFO  server.RaftServerConfigKeys (ConfUtils.java:logGet(43)) - raft.server.notification.no-leader.timeout = 120s (custom)
2019-11-13 20:57:58,912 [pool-377-thread-1] INFO  ratis.ContainerStateMachine (ContainerStateMachine.java:loadSnapshot(223)) - group-6EA2555946F8: The snapshot info is null. Setting the last applied indexto:(t:0, i:~)
2019-11-13 20:57:58,912 [pool-397-thread-1] INFO  server.RaftServerConfigKeys (ConfUtils.java:logGet(43)) - raft.server.log.use.memory = false (default)
2019-11-13 20:57:58,912 [pool-377-thread-1] INFO  server.RaftServerConfigKeys (ConfUtils.java:logGet(43)) - raft.server.notification.no-leader.timeout = 120s (custom)
2019-11-13 20:57:58,912 [pool-397-thread-1] INFO  server.RaftServerConfigKeys (ConfUtils.java:logGet(43)) - raft.server.log.purge.gap = 1000000 (custom)
2019-11-13 20:57:58,912 [pool-377-thread-1] INFO  server.RaftServerConfigKeys (ConfUtils.java:logGet(43)) - raft.server.log.use.memory = false (default)
2019-11-13 20:57:58,912 [pool-397-thread-1] INFO  server.RaftServerConfigKeys (ConfUtils.java:logGet(43)) - raft.server.log.appender.buffer.byte-limit = 33554432 (custom)
2019-11-13 20:57:58,912 [pool-377-thread-1] INFO  server.RaftServerConfigKeys (ConfUtils.java:logGet(43)) - raft.server.log.purge.gap = 1000000 (custom)
2019-11-13 20:57:58,912 [pool-397-thread-1] INFO  server.RaftServerConfigKeys (ConfUtils.java:logGet(43)) - raft.server.log.segment.size.max = 1048576 (custom)
2019-11-13 20:57:58,912 [pool-377-thread-1] INFO  server.RaftServerConfigKeys (ConfUtils.java:logGet(43)) - raft.server.log.appender.buffer.byte-limit = 33554432 (custom)
2019-11-13 20:57:58,912 [pool-397-thread-1] WARN  impl.MetricRegistriesImpl (MetricRegistriesImpl.java:lambda$create$1(61)) - First MetricRegistry has been created without registering reporters. You may need to call MetricRegistries.global().addReportRegistration(...) before.
2019-11-13 20:57:58,914 [pool-397-thread-1] INFO  server.RaftServerConfigKeys (ConfUtils.java:logGet(43)) - raft.server.log.segment.cache.num.max = 2 (custom)
2019-11-13 20:57:58,913 [pool-377-thread-1] INFO  server.RaftServerConfigKeys (ConfUtils.java:logGet(43)) - raft.server.log.segment.size.max = 1048576 (custom)
2019-11-13 20:57:58,914 [pool-397-thread-1] INFO  segmented.SegmentedRaftLogWorker (SegmentedRaftLogWorker.java:<init>(173)) - new 041049e5-d0b1-485a-83db-c9b754c02c0b@group-6EA2555946F8-SegmentedRaftLogWorker for RaftStorage:Storage Directory /workdir/hadoop-ozone/ozonefs/target/test-dir/MiniOzoneClusterImpl-9c9fe64c-fda1-4d3c-8cbf-c026fac25340/datanode-2/data/ratis/c615d1d2-6e4b-4fcf-a8fb-6ea2555946f8
2019-11-13 20:57:58,914 [pool-387-thread-1] INFO  ratis.ContainerStateMachine (ContainerStateMachine.java:loadSnapshot(223)) - group-6EA2555946F8: The snapshot info is null. Setting the last applied indexto:(t:0, i:~)
2019-11-13 20:57:58,914 [pool-397-thread-1] INFO  server.RaftServerConfigKeys (ConfUtils.java:logGet(43)) - raft.server.log.queue.byte-limit = 2147483647 (custom)
2019-11-13 20:57:58,914 [pool-377-thread-1] INFO  server.RaftServerConfigKeys (ConfUtils.java:logGet(43)) - raft.server.log.segment.cache.num.max = 2 (custom)
2019-11-13 20:57:58,914 [pool-397-thread-1] INFO  server.RaftServerConfigKeys (ConfUtils.java:logGet(43)) - raft.server.log.queue.element-limit = 1024 (custom)
2019-11-13 20:57:58,914 [pool-387-thread-1] INFO  server.RaftServerConfigKeys (ConfUtils.java:logGet(43)) - raft.server.notification.no-leader.timeout = 120s (custom)
2019-11-13 20:57:58,915 [pool-397-thread-1] INFO  server.RaftServerConfigKeys (ConfUtils.java:logGet(43)) - raft.server.log.segment.size.max = 1048576 (custom)
2019-11-13 20:57:58,914 [pool-377-thread-1] INFO  segmented.SegmentedRaftLogWorker (SegmentedRaftLogWorker.java:<init>(173)) - new 5a742ae8-52f7-4967-86dd-fb4d4bdf83a1@group-6EA2555946F8-SegmentedRaftLogWorker for RaftStorage:Storage Directory /workdir/hadoop-ozone/ozonefs/target/test-dir/MiniOzoneClusterImpl-9c9fe64c-fda1-4d3c-8cbf-c026fac25340/datanode-0/data/ratis/c615d1d2-6e4b-4fcf-a8fb-6ea2555946f8
2019-11-13 20:57:58,915 [pool-397-thread-1] INFO  server.RaftServerConfigKeys (ConfUtils.java:logGet(43)) - raft.server.log.preallocated.size = 16384 (custom)
2019-11-13 20:57:58,915 [pool-387-thread-1] INFO  server.RaftServerConfigKeys (ConfUtils.java:logGet(43)) - raft.server.log.use.memory = false (default)
2019-11-13 20:57:58,915 [pool-397-thread-1] INFO  server.RaftServerConfigKeys (ConfUtils.java:logGet(43)) - raft.server.log.write.buffer.size = 33554432 (custom)
2019-11-13 20:57:58,915 [pool-377-thread-1] INFO  server.RaftServerConfigKeys (ConfUtils.java:logGet(43)) - raft.server.log.queue.byte-limit = 2147483647 (custom)
2019-11-13 20:57:58,915 [pool-397-thread-1] INFO  server.RaftServerConfigKeys (ConfUtils.java:logGet(43)) - raft.server.log.force.sync.num = 128 (default)
2019-11-13 20:57:58,915 [pool-387-thread-1] INFO  server.RaftServerConfigKeys (ConfUtils.java:logGet(43)) - raft.server.log.purge.gap = 1000000 (custom)
2019-11-13 20:57:58,922 [pool-377-thread-1] INFO  server.RaftServerConfigKeys (ConfUtils.java:logGet(43)) - raft.server.log.queue.element-limit = 1024 (custom)
2019-11-13 20:57:58,922 [pool-397-thread-1] INFO  server.RaftServerConfigKeys (ConfUtils.java:logGet(43)) - raft.server.log.statemachine.data.sync = true (default)
2019-11-13 20:57:58,922 [pool-377-thread-1] INFO  server.RaftServerConfigKeys (ConfUtils.java:logGet(43)) - raft.server.log.segment.size.max = 1048576 (custom)
2019-11-13 20:57:58,922 [pool-387-thread-1] INFO  server.RaftServerConfigKeys (ConfUtils.java:logGet(43)) - raft.server.log.appender.buffer.byte-limit = 33554432 (custom)
2019-11-13 20:57:58,922 [pool-377-thread-1] INFO  server.RaftServerConfigKeys (ConfUtils.java:logGet(43)) - raft.server.log.preallocated.size = 16384 (custom)
2019-11-13 20:57:58,922 [pool-397-thread-1] INFO  server.RaftServerConfigKeys (ConfUtils.java:logGet(43)) - raft.server.log.statemachine.data.sync.timeout = 10s (default)
2019-11-13 20:57:58,922 [Thread-1714] INFO  rpc.RpcClient (RpcClient.java:createBucket(431)) - Creating Bucket: volume44496/bucket55866, with Versioning false and Storage Type set to DISK and Encryption set to false 
2019-11-13 20:57:58,922 [pool-377-thread-1] INFO  server.RaftServerConfigKeys (ConfUtils.java:logGet(43)) - raft.server.log.write.buffer.size = 33554432 (custom)
2019-11-13 20:57:58,922 [pool-387-thread-1] INFO  server.RaftServerConfigKeys (ConfUtils.java:logGet(43)) - raft.server.log.segment.size.max = 1048576 (custom)
2019-11-13 20:57:58,923 [pool-377-thread-1] INFO  server.RaftServerConfigKeys (ConfUtils.java:logGet(43)) - raft.server.log.force.sync.num = 128 (default)
2019-11-13 20:57:58,922 [pool-397-thread-1] INFO  server.RaftServerConfigKeys (ConfUtils.java:logGet(43)) - raft.server.log.statemachine.data.sync.timeout.retry = -1 (default)
2019-11-13 20:57:58,923 [pool-377-thread-1] INFO  server.RaftServerConfigKeys (ConfUtils.java:logGet(43)) - raft.server.log.statemachine.data.sync = true (default)
2019-11-13 20:57:58,923 [pool-397-thread-1] INFO  server.RaftServerConfigKeys (ConfUtils.java:logGet(43)) - raft.server.log.statemachine.data.caching.enabled = true (custom)
2019-11-13 20:57:58,923 [pool-387-thread-1] WARN  impl.MetricRegistriesImpl (MetricRegistriesImpl.java:lambda$create$1(61)) - First MetricRegistry has been created without registering reporters. You may need to call MetricRegistries.global().addReportRegistration(...) before.
2019-11-13 20:57:58,923 [pool-377-thread-1] INFO  server.RaftServerConfigKeys (ConfUtils.java:logGet(43)) - raft.server.log.statemachine.data.sync.timeout = 10s (default)
2019-11-13 20:57:58,923 [pool-387-thread-1] INFO  server.RaftServerConfigKeys (ConfUtils.java:logGet(43)) - raft.server.log.segment.cache.num.max = 2 (custom)
2019-11-13 20:57:58,923 [pool-397-thread-1] INFO  segmented.SegmentedRaftLogWorker (SegmentedRaftLogWorker.java:lambda$new$0(128)) - 041049e5-d0b1-485a-83db-c9b754c02c0b@group-6EA2555946F8-SegmentedRaftLogWorker: flushIndex: setUnconditionally 0 -> -1
2019-11-13 20:57:58,923 [pool-377-thread-1] INFO  server.RaftServerConfigKeys (ConfUtils.java:logGet(43)) - raft.server.log.statemachine.data.sync.timeout.retry = -1 (default)
2019-11-13 20:57:58,923 [pool-387-thread-1] INFO  segmented.SegmentedRaftLogWorker (SegmentedRaftLogWorker.java:<init>(173)) - new 977dfc91-ccca-4ee4-9372-b97b2f75a011@group-6EA2555946F8-SegmentedRaftLogWorker for RaftStorage:Storage Directory /workdir/hadoop-ozone/ozonefs/target/test-dir/MiniOzoneClusterImpl-9c9fe64c-fda1-4d3c-8cbf-c026fac25340/datanode-1/data/ratis/c615d1d2-6e4b-4fcf-a8fb-6ea2555946f8
2019-11-13 20:57:58,924 [pool-397-thread-1] INFO  server.RaftServerConfigKeys (ConfUtils.java:logGet(43)) - raft.server.snapshot.auto.trigger.enabled = true (custom)
2019-11-13 20:57:58,923 [pool-377-thread-1] INFO  server.RaftServerConfigKeys (ConfUtils.java:logGet(43)) - raft.server.log.statemachine.data.caching.enabled = true (custom)
2019-11-13 20:57:58,925 [pool-397-thread-1] INFO  server.RaftServerConfigKeys (ConfUtils.java:logGet(43)) - raft.server.snapshot.auto.trigger.threshold = 10000 (custom)
2019-11-13 20:57:58,926 [pool-397-thread-1] INFO  server.RaftServerConfigKeys (ConfUtils.java:logGet(43)) - raft.server.snapshot.retention.file.num = 5 (custom)
2019-11-13 20:57:58,924 [pool-387-thread-1] INFO  server.RaftServerConfigKeys (ConfUtils.java:logGet(43)) - raft.server.log.queue.byte-limit = 2147483647 (custom)
2019-11-13 20:57:58,926 [pool-397-thread-1] INFO  server.RaftServerConfigKeys (ConfUtils.java:logGet(43)) - raft.server.retrycache.expirytime = 600000ms (custom)
2019-11-13 20:57:58,926 [pool-377-thread-1] INFO  segmented.SegmentedRaftLogWorker (SegmentedRaftLogWorker.java:lambda$new$0(128)) - 5a742ae8-52f7-4967-86dd-fb4d4bdf83a1@group-6EA2555946F8-SegmentedRaftLogWorker: flushIndex: setUnconditionally 0 -> -1
2019-11-13 20:57:58,926 [pool-387-thread-1] INFO  server.RaftServerConfigKeys (ConfUtils.java:logGet(43)) - raft.server.log.queue.element-limit = 1024 (custom)
2019-11-13 20:57:58,926 [pool-397-thread-1] WARN  impl.MetricRegistriesImpl (MetricRegistriesImpl.java:lambda$create$1(61)) - First MetricRegistry has been created without registering reporters. You may need to call MetricRegistries.global().addReportRegistration(...) before.
2019-11-13 20:57:58,926 [pool-377-thread-1] INFO  server.RaftServerConfigKeys (ConfUtils.java:logGet(43)) - raft.server.snapshot.auto.trigger.enabled = true (custom)
2019-11-13 20:57:58,926 [pool-387-thread-1] INFO  server.RaftServerConfigKeys (ConfUtils.java:logGet(43)) - raft.server.log.segment.size.max = 1048576 (custom)
2019-11-13 20:57:58,927 [pool-377-thread-1] INFO  server.RaftServerConfigKeys (ConfUtils.java:logGet(43)) - raft.server.snapshot.auto.trigger.threshold = 10000 (custom)
2019-11-13 20:57:58,927 [pool-397-thread-1] WARN  impl.MetricRegistriesImpl (MetricRegistriesImpl.java:lambda$create$1(61)) - First MetricRegistry has been created without registering reporters. You may need to call MetricRegistries.global().addReportRegistration(...) before.
2019-11-13 20:57:58,927 [pool-377-thread-1] INFO  server.RaftServerConfigKeys (ConfUtils.java:logGet(43)) - raft.server.snapshot.retention.file.num = 5 (custom)
2019-11-13 20:57:58,927 [pool-387-thread-1] INFO  server.RaftServerConfigKeys (ConfUtils.java:logGet(43)) - raft.server.log.preallocated.size = 16384 (custom)
2019-11-13 20:57:58,927 [pool-377-thread-1] INFO  server.RaftServerConfigKeys (ConfUtils.java:logGet(43)) - raft.server.retrycache.expirytime = 600000ms (custom)
2019-11-13 20:57:58,927 [pool-397-thread-1] INFO  impl.RaftServerImpl (RaftServerImpl.java:start(184)) - 041049e5-d0b1-485a-83db-c9b754c02c0b@group-6EA2555946F8: start as a follower, conf=-1: [5a742ae8-52f7-4967-86dd-fb4d4bdf83a1:192.168.34.38:42634, 041049e5-d0b1-485a-83db-c9b754c02c0b:192.168.34.38:38956, 977dfc91-ccca-4ee4-9372-b97b2f75a011:192.168.34.38:46558], old=null
2019-11-13 20:57:58,927 [pool-377-thread-1] WARN  impl.MetricRegistriesImpl (MetricRegistriesImpl.java:lambda$create$1(61)) - First MetricRegistry has been created without registering reporters. You may need to call MetricRegistries.global().addReportRegistration(...) before.
2019-11-13 20:57:58,927 [pool-387-thread-1] INFO  server.RaftServerConfigKeys (ConfUtils.java:logGet(43)) - raft.server.log.write.buffer.size = 33554432 (custom)
2019-11-13 20:57:58,927 [pool-377-thread-1] WARN  impl.MetricRegistriesImpl (MetricRegistriesImpl.java:lambda$create$1(61)) - First MetricRegistry has been created without registering reporters. You may need to call MetricRegistries.global().addReportRegistration(...) before.
2019-11-13 20:57:58,927 [pool-397-thread-1] INFO  impl.RaftServerImpl (RaftServerImpl.java:setRole(173)) - 041049e5-d0b1-485a-83db-c9b754c02c0b@group-6EA2555946F8: changes role from      null to FOLLOWER at term 0 for startAsFollower
2019-11-13 20:57:58,927 [pool-377-thread-1] INFO  impl.RaftServerImpl (RaftServerImpl.java:start(184)) - 5a742ae8-52f7-4967-86dd-fb4d4bdf83a1@group-73F6A306516A: start as a follower, conf=-1: [5a742ae8-52f7-4967-86dd-fb4d4bdf83a1:192.168.34.38:42634], old=null
2019-11-13 20:57:58,927 [pool-387-thread-1] INFO  server.RaftServerConfigKeys (ConfUtils.java:logGet(43)) - raft.server.log.force.sync.num = 128 (default)
2019-11-13 20:57:58,928 [pool-397-thread-1] INFO  impl.RoleInfo (RoleInfo.java:updateAndGet(143)) - 041049e5-d0b1-485a-83db-c9b754c02c0b: start FollowerState
2019-11-13 20:57:58,928 [pool-377-thread-1] INFO  impl.RaftServerImpl (RaftServerImpl.java:setRole(173)) - 5a742ae8-52f7-4967-86dd-fb4d4bdf83a1@group-73F6A306516A: changes role from      null to FOLLOWER at term 0 for startAsFollower
2019-11-13 20:57:58,928 [pool-387-thread-1] INFO  server.RaftServerConfigKeys (ConfUtils.java:logGet(43)) - raft.server.log.statemachine.data.sync = true (default)
2019-11-13 20:57:58,928 [pool-377-thread-1] INFO  impl.RoleInfo (RoleInfo.java:updateAndGet(143)) - 5a742ae8-52f7-4967-86dd-fb4d4bdf83a1: start FollowerState
2019-11-13 20:57:58,928 [pool-387-thread-1] INFO  server.RaftServerConfigKeys (ConfUtils.java:logGet(43)) - raft.server.log.statemachine.data.sync.timeout = 10s (default)
2019-11-13 20:57:58,928 [pool-387-thread-1] INFO  server.RaftServerConfigKeys (ConfUtils.java:logGet(43)) - raft.server.log.statemachine.data.sync.timeout.retry = -1 (default)
2019-11-13 20:57:58,928 [pool-377-thread-1] INFO  util.JmxRegister (JmxRegister.java:tryRegister(44)) - Successfully registered JMX Bean with object name Ratis:service=RaftServer,group=group-73F6A306516A,id=5a742ae8-52f7-4967-86dd-fb4d4bdf83a1
2019-11-13 20:57:58,928 [pool-387-thread-1] INFO  server.RaftServerConfigKeys (ConfUtils.java:logGet(43)) - raft.server.log.statemachine.data.caching.enabled = true (custom)
2019-11-13 20:57:58,928 [pool-397-thread-1] INFO  util.JmxRegister (JmxRegister.java:tryRegister(44)) - Successfully registered JMX Bean with object name Ratis:service=RaftServer,group=group-6EA2555946F8,id=041049e5-d0b1-485a-83db-c9b754c02c0b
2019-11-13 20:57:58,929 [pool-377-thread-1] WARN  impl.MetricRegistriesImpl (MetricRegistriesImpl.java:lambda$create$1(61)) - First MetricRegistry has been created without registering reporters. You may need to call MetricRegistries.global().addReportRegistration(...) before.
2019-11-13 20:57:58,929 [pool-387-thread-1] INFO  segmented.SegmentedRaftLogWorker (SegmentedRaftLogWorker.java:lambda$new$0(128)) - 977dfc91-ccca-4ee4-9372-b97b2f75a011@group-6EA2555946F8-SegmentedRaftLogWorker: flushIndex: setUnconditionally 0 -> -1
2019-11-13 20:57:58,929 [pool-397-thread-1] WARN  impl.MetricRegistriesImpl (MetricRegistriesImpl.java:lambda$create$1(61)) - First MetricRegistry has been created without registering reporters. You may need to call MetricRegistries.global().addReportRegistration(...) before.
2019-11-13 20:57:58,929 [pool-387-thread-1] INFO  server.RaftServerConfigKeys (ConfUtils.java:logGet(43)) - raft.server.snapshot.auto.trigger.enabled = true (custom)
2019-11-13 20:57:58,929 [pool-387-thread-1] INFO  server.RaftServerConfigKeys (ConfUtils.java:logGet(43)) - raft.server.snapshot.auto.trigger.threshold = 10000 (custom)
2019-11-13 20:57:58,929 [pool-387-thread-1] INFO  server.RaftServerConfigKeys (ConfUtils.java:logGet(43)) - raft.server.snapshot.retention.file.num = 5 (custom)
2019-11-13 20:57:58,930 [pool-387-thread-1] INFO  server.RaftServerConfigKeys (ConfUtils.java:logGet(43)) - raft.server.retrycache.expirytime = 600000ms (custom)
2019-11-13 20:57:58,930 [pool-387-thread-1] WARN  impl.MetricRegistriesImpl (MetricRegistriesImpl.java:lambda$create$1(61)) - First MetricRegistry has been created without registering reporters. You may need to call MetricRegistries.global().addReportRegistration(...) before.
2019-11-13 20:57:58,930 [pool-387-thread-1] WARN  impl.MetricRegistriesImpl (MetricRegistriesImpl.java:lambda$create$1(61)) - First MetricRegistry has been created without registering reporters. You may need to call MetricRegistries.global().addReportRegistration(...) before.
2019-11-13 20:57:58,930 [pool-387-thread-1] INFO  impl.RaftServerImpl (RaftServerImpl.java:start(184)) - 977dfc91-ccca-4ee4-9372-b97b2f75a011@group-6EA2555946F8: start as a follower, conf=-1: [5a742ae8-52f7-4967-86dd-fb4d4bdf83a1:192.168.34.38:42634, 041049e5-d0b1-485a-83db-c9b754c02c0b:192.168.34.38:38956, 977dfc91-ccca-4ee4-9372-b97b2f75a011:192.168.34.38:46558], old=null
2019-11-13 20:57:58,930 [pool-387-thread-1] INFO  impl.RaftServerImpl (RaftServerImpl.java:setRole(173)) - 977dfc91-ccca-4ee4-9372-b97b2f75a011@group-6EA2555946F8: changes role from      null to FOLLOWER at term 0 for startAsFollower
2019-11-13 20:57:58,930 [pool-387-thread-1] INFO  impl.RoleInfo (RoleInfo.java:updateAndGet(143)) - 977dfc91-ccca-4ee4-9372-b97b2f75a011: start FollowerState
2019-11-13 20:57:58,931 [pool-387-thread-1] INFO  util.JmxRegister (JmxRegister.java:tryRegister(44)) - Successfully registered JMX Bean with object name Ratis:service=RaftServer,group=group-6EA2555946F8,id=977dfc91-ccca-4ee4-9372-b97b2f75a011
2019-11-13 20:57:58,931 [pool-377-thread-1] INFO  impl.RaftServerImpl (RaftServerImpl.java:<init>(98)) - 5a742ae8-52f7-4967-86dd-fb4d4bdf83a1: new RaftServerImpl for group-029730BF0903:[5a742ae8-52f7-4967-86dd-fb4d4bdf83a1:192.168.34.38:42634] with ContainerStateMachine:uninitialized
2019-11-13 20:57:58,931 [pool-387-thread-1] WARN  impl.MetricRegistriesImpl (MetricRegistriesImpl.java:lambda$create$1(61)) - First MetricRegistry has been created without registering reporters. You may need to call MetricRegistries.global().addReportRegistration(...) before.
2019-11-13 20:57:58,931 [pool-377-thread-1] INFO  server.RaftServerConfigKeys (ConfUtils.java:logGet(43)) - raft.server.rpc.timeout.min = 5s (custom)
2019-11-13 20:57:58,931 [pool-377-thread-1] INFO  server.RaftServerConfigKeys (ConfUtils.java:logGet(43)) - raft.server.rpc.timeout.max = 5200ms (custom)
2019-11-13 20:57:58,931 [pool-377-thread-1] INFO  server.RaftServerConfigKeys (ConfUtils.java:logGet(43)) - raft.server.rpcslowness.timeout = 120s (custom)
2019-11-13 20:57:58,931 [pool-377-thread-1] INFO  server.RaftServerConfigKeys (ConfUtils.java:logGet(43)) - raft.server.sleep.deviation.threshold = 300 (default)
2019-11-13 20:57:58,931 [pool-377-thread-1] INFO  server.RaftServerConfigKeys (ConfUtils.java:logGet(43)) - raft.server.log.appender.install.snapshot.enabled = false (custom)
2019-11-13 20:57:58,931 [pool-377-thread-1] INFO  impl.RaftServerImpl (ServerState.java:<init>(103)) - 5a742ae8-52f7-4967-86dd-fb4d4bdf83a1@group-029730BF0903: ConfigurationManager, init=-1: [5a742ae8-52f7-4967-86dd-fb4d4bdf83a1:192.168.34.38:42634], old=null, confs=<EMPTY_MAP>
2019-11-13 20:57:58,931 [pool-377-thread-1] INFO  server.RaftServerConfigKeys (ConfUtils.java:logGet(43)) - raft.server.storage.dir = [/workdir/hadoop-ozone/ozonefs/target/test-dir/MiniOzoneClusterImpl-9c9fe64c-fda1-4d3c-8cbf-c026fac25340/datanode-0/data/ratis] (custom)
2019-11-13 20:57:58,931 [pool-377-thread-1] INFO  server.RaftServerConfigKeys (ConfUtils.java:logGet(43)) - raft.server.log.corruption.policy = EXCEPTION (default)
2019-11-13 20:57:58,932 [pool-377-thread-1] INFO  storage.RaftStorageDirectory (RaftStorageDirectory.java:analyzeStorage(246)) - The storage directory /workdir/hadoop-ozone/ozonefs/target/test-dir/MiniOzoneClusterImpl-9c9fe64c-fda1-4d3c-8cbf-c026fac25340/datanode-0/data/ratis/64f47ec5-156a-4919-bc2b-029730bf0903 does not exist. Creating ...
2019-11-13 20:57:58,940 [pool-377-thread-1] INFO  storage.RaftStorageDirectory (RaftStorageDirectory.java:tryLock(328)) - Lock on /workdir/hadoop-ozone/ozonefs/target/test-dir/MiniOzoneClusterImpl-9c9fe64c-fda1-4d3c-8cbf-c026fac25340/datanode-0/data/ratis/64f47ec5-156a-4919-bc2b-029730bf0903/in_use.lock acquired by nodename 20766@pr-hdds-2469-rfsxc-843238572
2019-11-13 20:57:58,953 [pool-377-thread-1] INFO  storage.RaftStorage (RaftStorage.java:format(84)) - Storage directory /workdir/hadoop-ozone/ozonefs/target/test-dir/MiniOzoneClusterImpl-9c9fe64c-fda1-4d3c-8cbf-c026fac25340/datanode-0/data/ratis/64f47ec5-156a-4919-bc2b-029730bf0903 has been successfully formatted.
2019-11-13 20:57:58,954 [pool-377-thread-1] INFO  ratis.ContainerStateMachine (ContainerStateMachine.java:loadSnapshot(223)) - group-029730BF0903: The snapshot info is null. Setting the last applied indexto:(t:0, i:~)
2019-11-13 20:57:58,954 [pool-377-thread-1] INFO  server.RaftServerConfigKeys (ConfUtils.java:logGet(43)) - raft.server.notification.no-leader.timeout = 120s (custom)
2019-11-13 20:57:58,954 [pool-377-thread-1] INFO  server.RaftServerConfigKeys (ConfUtils.java:logGet(43)) - raft.server.log.use.memory = false (default)
2019-11-13 20:57:58,954 [pool-377-thread-1] INFO  server.RaftServerConfigKeys (ConfUtils.java:logGet(43)) - raft.server.log.purge.gap = 1000000 (custom)
2019-11-13 20:57:58,954 [pool-377-thread-1] INFO  server.RaftServerConfigKeys (ConfUtils.java:logGet(43)) - raft.server.log.appender.buffer.byte-limit = 33554432 (custom)
2019-11-13 20:57:58,954 [pool-377-thread-1] INFO  server.RaftServerConfigKeys (ConfUtils.java:logGet(43)) - raft.server.log.segment.size.max = 1048576 (custom)
2019-11-13 20:57:58,954 [pool-377-thread-1] INFO  server.RaftServerConfigKeys (ConfUtils.java:logGet(43)) - raft.server.log.segment.cache.num.max = 2 (custom)
2019-11-13 20:57:58,955 [pool-377-thread-1] INFO  segmented.SegmentedRaftLogWorker (SegmentedRaftLogWorker.java:<init>(173)) - new 5a742ae8-52f7-4967-86dd-fb4d4bdf83a1@group-029730BF0903-SegmentedRaftLogWorker for RaftStorage:Storage Directory /workdir/hadoop-ozone/ozonefs/target/test-dir/MiniOzoneClusterImpl-9c9fe64c-fda1-4d3c-8cbf-c026fac25340/datanode-0/data/ratis/64f47ec5-156a-4919-bc2b-029730bf0903
2019-11-13 20:57:58,955 [pool-377-thread-1] INFO  server.RaftServerConfigKeys (ConfUtils.java:logGet(43)) - raft.server.log.queue.byte-limit = 2147483647 (custom)
2019-11-13 20:57:58,955 [pool-377-thread-1] INFO  server.RaftServerConfigKeys (ConfUtils.java:logGet(43)) - raft.server.log.queue.element-limit = 1024 (custom)
2019-11-13 20:57:58,955 [pool-377-thread-1] INFO  server.RaftServerConfigKeys (ConfUtils.java:logGet(43)) - raft.server.log.segment.size.max = 1048576 (custom)
2019-11-13 20:57:58,955 [pool-377-thread-1] INFO  server.RaftServerConfigKeys (ConfUtils.java:logGet(43)) - raft.server.log.preallocated.size = 16384 (custom)
2019-11-13 20:57:58,955 [pool-377-thread-1] INFO  server.RaftServerConfigKeys (ConfUtils.java:logGet(43)) - raft.server.log.write.buffer.size = 33554432 (custom)
2019-11-13 20:57:58,955 [pool-377-thread-1] INFO  server.RaftServerConfigKeys (ConfUtils.java:logGet(43)) - raft.server.log.force.sync.num = 128 (default)
2019-11-13 20:57:58,955 [pool-377-thread-1] INFO  server.RaftServerConfigKeys (ConfUtils.java:logGet(43)) - raft.server.log.statemachine.data.sync = true (default)
2019-11-13 20:57:58,955 [pool-377-thread-1] INFO  server.RaftServerConfigKeys (ConfUtils.java:logGet(43)) - raft.server.log.statemachine.data.sync.timeout = 10s (default)
2019-11-13 20:57:58,955 [pool-377-thread-1] INFO  server.RaftServerConfigKeys (ConfUtils.java:logGet(43)) - raft.server.log.statemachine.data.sync.timeout.retry = -1 (default)
2019-11-13 20:57:58,955 [pool-377-thread-1] INFO  server.RaftServerConfigKeys (ConfUtils.java:logGet(43)) - raft.server.log.statemachine.data.caching.enabled = true (custom)
2019-11-13 20:57:58,956 [pool-377-thread-1] INFO  segmented.SegmentedRaftLogWorker (SegmentedRaftLogWorker.java:lambda$new$0(128)) - 5a742ae8-52f7-4967-86dd-fb4d4bdf83a1@group-029730BF0903-SegmentedRaftLogWorker: flushIndex: setUnconditionally 0 -> -1
2019-11-13 20:57:58,956 [pool-377-thread-1] INFO  server.RaftServerConfigKeys (ConfUtils.java:logGet(43)) - raft.server.snapshot.auto.trigger.enabled = true (custom)
2019-11-13 20:57:58,956 [pool-377-thread-1] INFO  server.RaftServerConfigKeys (ConfUtils.java:logGet(43)) - raft.server.snapshot.auto.trigger.threshold = 10000 (custom)
2019-11-13 20:57:58,956 [pool-377-thread-1] INFO  server.RaftServerConfigKeys (ConfUtils.java:logGet(43)) - raft.server.snapshot.retention.file.num = 5 (custom)
2019-11-13 20:57:58,956 [pool-377-thread-1] INFO  server.RaftServerConfigKeys (ConfUtils.java:logGet(43)) - raft.server.retrycache.expirytime = 600000ms (custom)
2019-11-13 20:57:58,956 [pool-377-thread-1] WARN  impl.MetricRegistriesImpl (MetricRegistriesImpl.java:lambda$create$1(61)) - First MetricRegistry has been created without registering reporters. You may need to call MetricRegistries.global().addReportRegistration(...) before.
2019-11-13 20:57:58,956 [pool-377-thread-1] WARN  impl.MetricRegistriesImpl (MetricRegistriesImpl.java:lambda$create$1(61)) - First MetricRegistry has been created without registering reporters. You may need to call MetricRegistries.global().addReportRegistration(...) before.
2019-11-13 20:57:58,957 [pool-377-thread-1] INFO  impl.RaftServerImpl (RaftServerImpl.java:start(184)) - 5a742ae8-52f7-4967-86dd-fb4d4bdf83a1@group-6EA2555946F8: start as a follower, conf=-1: [5a742ae8-52f7-4967-86dd-fb4d4bdf83a1:192.168.34.38:42634, 041049e5-d0b1-485a-83db-c9b754c02c0b:192.168.34.38:38956, 977dfc91-ccca-4ee4-9372-b97b2f75a011:192.168.34.38:46558], old=null
2019-11-13 20:57:58,957 [pool-377-thread-1] INFO  impl.RaftServerImpl (RaftServerImpl.java:setRole(173)) - 5a742ae8-52f7-4967-86dd-fb4d4bdf83a1@group-6EA2555946F8: changes role from      null to FOLLOWER at term 0 for startAsFollower
2019-11-13 20:57:58,957 [pool-377-thread-1] INFO  impl.RoleInfo (RoleInfo.java:updateAndGet(143)) - 5a742ae8-52f7-4967-86dd-fb4d4bdf83a1: start FollowerState
2019-11-13 20:57:58,957 [pool-377-thread-1] INFO  util.JmxRegister (JmxRegister.java:tryRegister(44)) - Successfully registered JMX Bean with object name Ratis:service=RaftServer,group=group-6EA2555946F8,id=5a742ae8-52f7-4967-86dd-fb4d4bdf83a1
2019-11-13 20:57:58,957 [pool-377-thread-1] WARN  impl.MetricRegistriesImpl (MetricRegistriesImpl.java:lambda$create$1(61)) - First MetricRegistry has been created without registering reporters. You may need to call MetricRegistries.global().addReportRegistration(...) before.
2019-11-13 20:57:58,959 [pool-377-thread-1] INFO  impl.RaftServerImpl (RaftServerImpl.java:start(184)) - 5a742ae8-52f7-4967-86dd-fb4d4bdf83a1@group-029730BF0903: start as a follower, conf=-1: [5a742ae8-52f7-4967-86dd-fb4d4bdf83a1:192.168.34.38:42634], old=null
2019-11-13 20:57:58,959 [pool-377-thread-1] INFO  impl.RaftServerImpl (RaftServerImpl.java:setRole(173)) - 5a742ae8-52f7-4967-86dd-fb4d4bdf83a1@group-029730BF0903: changes role from      null to FOLLOWER at term 0 for startAsFollower
2019-11-13 20:57:58,959 [pool-377-thread-1] INFO  impl.RoleInfo (RoleInfo.java:updateAndGet(143)) - 5a742ae8-52f7-4967-86dd-fb4d4bdf83a1: start FollowerState
2019-11-13 20:57:58,963 [pool-377-thread-1] INFO  util.JmxRegister (JmxRegister.java:tryRegister(44)) - Successfully registered JMX Bean with object name Ratis:service=RaftServer,group=group-029730BF0903,id=5a742ae8-52f7-4967-86dd-fb4d4bdf83a1
2019-11-13 20:57:58,963 [pool-377-thread-1] WARN  impl.MetricRegistriesImpl (MetricRegistriesImpl.java:lambda$create$1(61)) - First MetricRegistry has been created without registering reporters. You may need to call MetricRegistries.global().addReportRegistration(...) before.
2019-11-13 20:57:58,970 [RatisPipelineUtilsThread] INFO  pipeline.PipelineStateManager (PipelineStateManager.java:addPipeline(55)) - Created pipeline Pipeline[ Id: 64f47ec5-156a-4919-bc2b-029730bf0903, Nodes: 5a742ae8-52f7-4967-86dd-fb4d4bdf83a1{ip: 192.168.34.38, host: pr-hdds-2469-rfsxc-843238572, networkLocation: /default-rack, certSerialId: null}, Type:RATIS, Factor:ONE, State:ALLOCATED]
2019-11-13 20:57:58,977 [grpc-default-executor-0] INFO  impl.RaftServerProxy (RaftServerProxy.java:addNew(89)) - 041049e5-d0b1-485a-83db-c9b754c02c0b: addNew group-549A6E1A51D1:[041049e5-d0b1-485a-83db-c9b754c02c0b:192.168.34.38:38956] returns group-549A6E1A51D1:java.util.concurrent.CompletableFuture@5885b904[Not completed]
2019-11-13 20:57:58,978 [pool-397-thread-1] INFO  impl.RaftServerImpl (RaftServerImpl.java:<init>(98)) - 041049e5-d0b1-485a-83db-c9b754c02c0b: new RaftServerImpl for group-549A6E1A51D1:[041049e5-d0b1-485a-83db-c9b754c02c0b:192.168.34.38:38956] with ContainerStateMachine:uninitialized
2019-11-13 20:57:58,979 [pool-397-thread-1] INFO  server.RaftServerConfigKeys (ConfUtils.java:logGet(43)) - raft.server.rpc.timeout.min = 5s (custom)
2019-11-13 20:57:58,979 [pool-397-thread-1] INFO  server.RaftServerConfigKeys (ConfUtils.java:logGet(43)) - raft.server.rpc.timeout.max = 5200ms (custom)
2019-11-13 20:57:58,979 [pool-397-thread-1] INFO  server.RaftServerConfigKeys (ConfUtils.java:logGet(43)) - raft.server.rpcslowness.timeout = 120s (custom)
2019-11-13 20:57:58,979 [pool-397-thread-1] INFO  server.RaftServerConfigKeys (ConfUtils.java:logGet(43)) - raft.server.sleep.deviation.threshold = 300 (default)
2019-11-13 20:57:58,979 [pool-397-thread-1] INFO  server.RaftServerConfigKeys (ConfUtils.java:logGet(43)) - raft.server.log.appender.install.snapshot.enabled = false (custom)
2019-11-13 20:57:58,979 [pool-397-thread-1] INFO  impl.RaftServerImpl (ServerState.java:<init>(103)) - 041049e5-d0b1-485a-83db-c9b754c02c0b@group-549A6E1A51D1: ConfigurationManager, init=-1: [041049e5-d0b1-485a-83db-c9b754c02c0b:192.168.34.38:38956], old=null, confs=<EMPTY_MAP>
2019-11-13 20:57:58,979 [pool-397-thread-1] INFO  server.RaftServerConfigKeys (ConfUtils.java:logGet(43)) - raft.server.storage.dir = [/workdir/hadoop-ozone/ozonefs/target/test-dir/MiniOzoneClusterImpl-9c9fe64c-fda1-4d3c-8cbf-c026fac25340/datanode-2/data/ratis] (custom)
2019-11-13 20:57:58,979 [pool-397-thread-1] INFO  server.RaftServerConfigKeys (ConfUtils.java:logGet(43)) - raft.server.log.corruption.policy = EXCEPTION (default)
2019-11-13 20:57:58,979 [pool-397-thread-1] INFO  storage.RaftStorageDirectory (RaftStorageDirectory.java:analyzeStorage(246)) - The storage directory /workdir/hadoop-ozone/ozonefs/target/test-dir/MiniOzoneClusterImpl-9c9fe64c-fda1-4d3c-8cbf-c026fac25340/datanode-2/data/ratis/aee4c3b4-f644-4599-b57a-549a6e1a51d1 does not exist. Creating ...
2019-11-13 20:57:58,985 [pool-397-thread-1] INFO  storage.RaftStorageDirectory (RaftStorageDirectory.java:tryLock(328)) - Lock on /workdir/hadoop-ozone/ozonefs/target/test-dir/MiniOzoneClusterImpl-9c9fe64c-fda1-4d3c-8cbf-c026fac25340/datanode-2/data/ratis/aee4c3b4-f644-4599-b57a-549a6e1a51d1/in_use.lock acquired by nodename 20766@pr-hdds-2469-rfsxc-843238572
2019-11-13 20:57:58,999 [pool-397-thread-1] INFO  storage.RaftStorage (RaftStorage.java:format(84)) - Storage directory /workdir/hadoop-ozone/ozonefs/target/test-dir/MiniOzoneClusterImpl-9c9fe64c-fda1-4d3c-8cbf-c026fac25340/datanode-2/data/ratis/aee4c3b4-f644-4599-b57a-549a6e1a51d1 has been successfully formatted.
2019-11-13 20:57:59,000 [pool-397-thread-1] INFO  ratis.ContainerStateMachine (ContainerStateMachine.java:loadSnapshot(223)) - group-549A6E1A51D1: The snapshot info is null. Setting the last applied indexto:(t:0, i:~)
2019-11-13 20:57:59,000 [pool-397-thread-1] INFO  server.RaftServerConfigKeys (ConfUtils.java:logGet(43)) - raft.server.notification.no-leader.timeout = 120s (custom)
2019-11-13 20:57:59,000 [pool-397-thread-1] INFO  server.RaftServerConfigKeys (ConfUtils.java:logGet(43)) - raft.server.log.use.memory = false (default)
2019-11-13 20:57:59,000 [pool-397-thread-1] INFO  server.RaftServerConfigKeys (ConfUtils.java:logGet(43)) - raft.server.log.purge.gap = 1000000 (custom)
2019-11-13 20:57:59,000 [pool-397-thread-1] INFO  server.RaftServerConfigKeys (ConfUtils.java:logGet(43)) - raft.server.log.appender.buffer.byte-limit = 33554432 (custom)
2019-11-13 20:57:59,000 [pool-397-thread-1] INFO  server.RaftServerConfigKeys (ConfUtils.java:logGet(43)) - raft.server.log.segment.size.max = 1048576 (custom)
2019-11-13 20:57:59,001 [pool-397-thread-1] INFO  server.RaftServerConfigKeys (ConfUtils.java:logGet(43)) - raft.server.log.segment.cache.num.max = 2 (custom)
2019-11-13 20:57:59,001 [pool-397-thread-1] INFO  segmented.SegmentedRaftLogWorker (SegmentedRaftLogWorker.java:<init>(173)) - new 041049e5-d0b1-485a-83db-c9b754c02c0b@group-549A6E1A51D1-SegmentedRaftLogWorker for RaftStorage:Storage Directory /workdir/hadoop-ozone/ozonefs/target/test-dir/MiniOzoneClusterImpl-9c9fe64c-fda1-4d3c-8cbf-c026fac25340/datanode-2/data/ratis/aee4c3b4-f644-4599-b57a-549a6e1a51d1
2019-11-13 20:57:59,001 [pool-397-thread-1] INFO  server.RaftServerConfigKeys (ConfUtils.java:logGet(43)) - raft.server.log.queue.byte-limit = 2147483647 (custom)
2019-11-13 20:57:59,001 [pool-397-thread-1] INFO  server.RaftServerConfigKeys (ConfUtils.java:logGet(43)) - raft.server.log.queue.element-limit = 1024 (custom)
2019-11-13 20:57:59,001 [pool-397-thread-1] INFO  server.RaftServerConfigKeys (ConfUtils.java:logGet(43)) - raft.server.log.segment.size.max = 1048576 (custom)
2019-11-13 20:57:59,001 [pool-397-thread-1] INFO  server.RaftServerConfigKeys (ConfUtils.java:logGet(43)) - raft.server.log.preallocated.size = 16384 (custom)
2019-11-13 20:57:59,001 [pool-397-thread-1] INFO  server.RaftServerConfigKeys (ConfUtils.java:logGet(43)) - raft.server.log.write.buffer.size = 33554432 (custom)
2019-11-13 20:57:59,001 [pool-397-thread-1] INFO  server.RaftServerConfigKeys (ConfUtils.java:logGet(43)) - raft.server.log.force.sync.num = 128 (default)
2019-11-13 20:57:59,001 [pool-397-thread-1] INFO  server.RaftServerConfigKeys (ConfUtils.java:logGet(43)) - raft.server.log.statemachine.data.sync = true (default)
2019-11-13 20:57:59,002 [pool-397-thread-1] INFO  server.RaftServerConfigKeys (ConfUtils.java:logGet(43)) - raft.server.log.statemachine.data.sync.timeout = 10s (default)
2019-11-13 20:57:59,002 [pool-397-thread-1] INFO  server.RaftServerConfigKeys (ConfUtils.java:logGet(43)) - raft.server.log.statemachine.data.sync.timeout.retry = -1 (default)
2019-11-13 20:57:59,002 [pool-397-thread-1] INFO  server.RaftServerConfigKeys (ConfUtils.java:logGet(43)) - raft.server.log.statemachine.data.caching.enabled = true (custom)
2019-11-13 20:57:59,002 [pool-397-thread-1] INFO  segmented.SegmentedRaftLogWorker (SegmentedRaftLogWorker.java:lambda$new$0(128)) - 041049e5-d0b1-485a-83db-c9b754c02c0b@group-549A6E1A51D1-SegmentedRaftLogWorker: flushIndex: setUnconditionally 0 -> -1
2019-11-13 20:57:59,002 [pool-397-thread-1] INFO  server.RaftServerConfigKeys (ConfUtils.java:logGet(43)) - raft.server.snapshot.auto.trigger.enabled = true (custom)
2019-11-13 20:57:59,002 [pool-397-thread-1] INFO  server.RaftServerConfigKeys (ConfUtils.java:logGet(43)) - raft.server.snapshot.auto.trigger.threshold = 10000 (custom)
2019-11-13 20:57:59,003 [pool-397-thread-1] INFO  server.RaftServerConfigKeys (ConfUtils.java:logGet(43)) - raft.server.snapshot.retention.file.num = 5 (custom)
2019-11-13 20:57:59,003 [pool-397-thread-1] INFO  server.RaftServerConfigKeys (ConfUtils.java:logGet(43)) - raft.server.retrycache.expirytime = 600000ms (custom)
2019-11-13 20:57:59,003 [pool-397-thread-1] WARN  impl.MetricRegistriesImpl (MetricRegistriesImpl.java:lambda$create$1(61)) - First MetricRegistry has been created without registering reporters. You may need to call MetricRegistries.global().addReportRegistration(...) before.
2019-11-13 20:57:59,003 [pool-397-thread-1] WARN  impl.MetricRegistriesImpl (MetricRegistriesImpl.java:lambda$create$1(61)) - First MetricRegistry has been created without registering reporters. You may need to call MetricRegistries.global().addReportRegistration(...) before.
2019-11-13 20:57:59,003 [pool-397-thread-1] INFO  impl.RaftServerImpl (RaftServerImpl.java:start(184)) - 041049e5-d0b1-485a-83db-c9b754c02c0b@group-549A6E1A51D1: start as a follower, conf=-1: [041049e5-d0b1-485a-83db-c9b754c02c0b:192.168.34.38:38956], old=null
2019-11-13 20:57:59,003 [pool-397-thread-1] INFO  impl.RaftServerImpl (RaftServerImpl.java:setRole(173)) - 041049e5-d0b1-485a-83db-c9b754c02c0b@group-549A6E1A51D1: changes role from      null to FOLLOWER at term 0 for startAsFollower
2019-11-13 20:57:59,003 [pool-397-thread-1] INFO  impl.RoleInfo (RoleInfo.java:updateAndGet(143)) - 041049e5-d0b1-485a-83db-c9b754c02c0b: start FollowerState
2019-11-13 20:57:59,127 [pool-397-thread-1] INFO  util.JmxRegister (JmxRegister.java:tryRegister(44)) - Successfully registered JMX Bean with object name Ratis:service=RaftServer,group=group-549A6E1A51D1,id=041049e5-d0b1-485a-83db-c9b754c02c0b
2019-11-13 20:57:59,133 [pool-397-thread-1] WARN  impl.MetricRegistriesImpl (MetricRegistriesImpl.java:lambda$create$1(61)) - First MetricRegistry has been created without registering reporters. You may need to call MetricRegistries.global().addReportRegistration(...) before.
2019-11-13 20:57:59,223 [RatisPipelineUtilsThread] INFO  pipeline.PipelineStateManager (PipelineStateManager.java:addPipeline(55)) - Created pipeline Pipeline[ Id: aee4c3b4-f644-4599-b57a-549a6e1a51d1, Nodes: 041049e5-d0b1-485a-83db-c9b754c02c0b{ip: 192.168.34.38, host: pr-hdds-2469-rfsxc-843238572, networkLocation: /default-rack, certSerialId: null}, Type:RATIS, Factor:ONE, State:ALLOCATED]
2019-11-13 20:57:59,265 [grpc-default-executor-0] INFO  impl.RaftServerProxy (RaftServerProxy.java:addNew(89)) - 977dfc91-ccca-4ee4-9372-b97b2f75a011: addNew group-4EA891C87243:[977dfc91-ccca-4ee4-9372-b97b2f75a011:192.168.34.38:46558] returns group-4EA891C87243:java.util.concurrent.CompletableFuture@6284b273[Not completed]
2019-11-13 20:57:59,266 [pool-387-thread-1] INFO  impl.RaftServerImpl (RaftServerImpl.java:<init>(98)) - 977dfc91-ccca-4ee4-9372-b97b2f75a011: new RaftServerImpl for group-4EA891C87243:[977dfc91-ccca-4ee4-9372-b97b2f75a011:192.168.34.38:46558] with ContainerStateMachine:uninitialized
2019-11-13 20:57:59,266 [pool-387-thread-1] INFO  server.RaftServerConfigKeys (ConfUtils.java:logGet(43)) - raft.server.rpc.timeout.min = 5s (custom)
2019-11-13 20:57:59,267 [pool-387-thread-1] INFO  server.RaftServerConfigKeys (ConfUtils.java:logGet(43)) - raft.server.rpc.timeout.max = 5200ms (custom)
2019-11-13 20:57:59,267 [pool-387-thread-1] INFO  server.RaftServerConfigKeys (ConfUtils.java:logGet(43)) - raft.server.rpcslowness.timeout = 120s (custom)
2019-11-13 20:57:59,267 [pool-387-thread-1] INFO  server.RaftServerConfigKeys (ConfUtils.java:logGet(43)) - raft.server.sleep.deviation.threshold = 300 (default)
2019-11-13 20:57:59,267 [pool-387-thread-1] INFO  server.RaftServerConfigKeys (ConfUtils.java:logGet(43)) - raft.server.log.appender.install.snapshot.enabled = false (custom)
2019-11-13 20:57:59,267 [pool-387-thread-1] INFO  impl.RaftServerImpl (ServerState.java:<init>(103)) - 977dfc91-ccca-4ee4-9372-b97b2f75a011@group-4EA891C87243: ConfigurationManager, init=-1: [977dfc91-ccca-4ee4-9372-b97b2f75a011:192.168.34.38:46558], old=null, confs=<EMPTY_MAP>
2019-11-13 20:57:59,267 [pool-387-thread-1] INFO  server.RaftServerConfigKeys (ConfUtils.java:logGet(43)) - raft.server.storage.dir = [/workdir/hadoop-ozone/ozonefs/target/test-dir/MiniOzoneClusterImpl-9c9fe64c-fda1-4d3c-8cbf-c026fac25340/datanode-1/data/ratis] (custom)
2019-11-13 20:57:59,267 [pool-387-thread-1] INFO  server.RaftServerConfigKeys (ConfUtils.java:logGet(43)) - raft.server.log.corruption.policy = EXCEPTION (default)
2019-11-13 20:57:59,268 [pool-387-thread-1] INFO  storage.RaftStorageDirectory (RaftStorageDirectory.java:analyzeStorage(246)) - The storage directory /workdir/hadoop-ozone/ozonefs/target/test-dir/MiniOzoneClusterImpl-9c9fe64c-fda1-4d3c-8cbf-c026fac25340/datanode-1/data/ratis/f5adb9af-13e1-4b2c-a9c7-4ea891c87243 does not exist. Creating ...
2019-11-13 20:57:59,288 [pool-387-thread-1] INFO  storage.RaftStorageDirectory (RaftStorageDirectory.java:tryLock(328)) - Lock on /workdir/hadoop-ozone/ozonefs/target/test-dir/MiniOzoneClusterImpl-9c9fe64c-fda1-4d3c-8cbf-c026fac25340/datanode-1/data/ratis/f5adb9af-13e1-4b2c-a9c7-4ea891c87243/in_use.lock acquired by nodename 20766@pr-hdds-2469-rfsxc-843238572
2019-11-13 20:57:59,310 [pool-387-thread-1] INFO  storage.RaftStorage (RaftStorage.java:format(84)) - Storage directory /workdir/hadoop-ozone/ozonefs/target/test-dir/MiniOzoneClusterImpl-9c9fe64c-fda1-4d3c-8cbf-c026fac25340/datanode-1/data/ratis/f5adb9af-13e1-4b2c-a9c7-4ea891c87243 has been successfully formatted.
2019-11-13 20:57:59,310 [pool-387-thread-1] INFO  ratis.ContainerStateMachine (ContainerStateMachine.java:loadSnapshot(223)) - group-4EA891C87243: The snapshot info is null. Setting the last applied indexto:(t:0, i:~)
2019-11-13 20:57:59,310 [pool-387-thread-1] INFO  server.RaftServerConfigKeys (ConfUtils.java:logGet(43)) - raft.server.notification.no-leader.timeout = 120s (custom)
2019-11-13 20:57:59,310 [pool-387-thread-1] INFO  server.RaftServerConfigKeys (ConfUtils.java:logGet(43)) - raft.server.log.use.memory = false (default)
2019-11-13 20:57:59,311 [pool-387-thread-1] INFO  server.RaftServerConfigKeys (ConfUtils.java:logGet(43)) - raft.server.log.purge.gap = 1000000 (custom)
2019-11-13 20:57:59,311 [pool-387-thread-1] INFO  server.RaftServerConfigKeys (ConfUtils.java:logGet(43)) - raft.server.log.appender.buffer.byte-limit = 33554432 (custom)
2019-11-13 20:57:59,311 [pool-387-thread-1] INFO  server.RaftServerConfigKeys (ConfUtils.java:logGet(43)) - raft.server.log.segment.size.max = 1048576 (custom)
2019-11-13 20:57:59,311 [pool-387-thread-1] INFO  server.RaftServerConfigKeys (ConfUtils.java:logGet(43)) - raft.server.log.segment.cache.num.max = 2 (custom)
2019-11-13 20:57:59,311 [pool-387-thread-1] INFO  segmented.SegmentedRaftLogWorker (SegmentedRaftLogWorker.java:<init>(173)) - new 977dfc91-ccca-4ee4-9372-b97b2f75a011@group-4EA891C87243-SegmentedRaftLogWorker for RaftStorage:Storage Directory /workdir/hadoop-ozone/ozonefs/target/test-dir/MiniOzoneClusterImpl-9c9fe64c-fda1-4d3c-8cbf-c026fac25340/datanode-1/data/ratis/f5adb9af-13e1-4b2c-a9c7-4ea891c87243
2019-11-13 20:57:59,311 [pool-387-thread-1] INFO  server.RaftServerConfigKeys (ConfUtils.java:logGet(43)) - raft.server.log.queue.byte-limit = 2147483647 (custom)
2019-11-13 20:57:59,311 [pool-387-thread-1] INFO  server.RaftServerConfigKeys (ConfUtils.java:logGet(43)) - raft.server.log.queue.element-limit = 1024 (custom)
2019-11-13 20:57:59,311 [pool-387-thread-1] INFO  server.RaftServerConfigKeys (ConfUtils.java:logGet(43)) - raft.server.log.segment.size.max = 1048576 (custom)
2019-11-13 20:57:59,312 [pool-387-thread-1] INFO  server.RaftServerConfigKeys (ConfUtils.java:logGet(43)) - raft.server.log.preallocated.size = 16384 (custom)
2019-11-13 20:57:59,312 [pool-387-thread-1] INFO  server.RaftServerConfigKeys (ConfUtils.java:logGet(43)) - raft.server.log.write.buffer.size = 33554432 (custom)
2019-11-13 20:57:59,312 [pool-387-thread-1] INFO  server.RaftServerConfigKeys (ConfUtils.java:logGet(43)) - raft.server.log.force.sync.num = 128 (default)
2019-11-13 20:57:59,312 [pool-387-thread-1] INFO  server.RaftServerConfigKeys (ConfUtils.java:logGet(43)) - raft.server.log.statemachine.data.sync = true (default)
2019-11-13 20:57:59,312 [pool-387-thread-1] INFO  server.RaftServerConfigKeys (ConfUtils.java:logGet(43)) - raft.server.log.statemachine.data.sync.timeout = 10s (default)
2019-11-13 20:57:59,312 [pool-387-thread-1] INFO  server.RaftServerConfigKeys (ConfUtils.java:logGet(43)) - raft.server.log.statemachine.data.sync.timeout.retry = -1 (default)
2019-11-13 20:57:59,312 [pool-387-thread-1] INFO  server.RaftServerConfigKeys (ConfUtils.java:logGet(43)) - raft.server.log.statemachine.data.caching.enabled = true (custom)
2019-11-13 20:57:59,312 [pool-387-thread-1] INFO  segmented.SegmentedRaftLogWorker (SegmentedRaftLogWorker.java:lambda$new$0(128)) - 977dfc91-ccca-4ee4-9372-b97b2f75a011@group-4EA891C87243-SegmentedRaftLogWorker: flushIndex: setUnconditionally 0 -> -1
2019-11-13 20:57:59,313 [pool-387-thread-1] INFO  server.RaftServerConfigKeys (ConfUtils.java:logGet(43)) - raft.server.snapshot.auto.trigger.enabled = true (custom)
2019-11-13 20:57:59,313 [pool-387-thread-1] INFO  server.RaftServerConfigKeys (ConfUtils.java:logGet(43)) - raft.server.snapshot.auto.trigger.threshold = 10000 (custom)
2019-11-13 20:57:59,313 [pool-387-thread-1] INFO  server.RaftServerConfigKeys (ConfUtils.java:logGet(43)) - raft.server.snapshot.retention.file.num = 5 (custom)
2019-11-13 20:57:59,313 [pool-387-thread-1] INFO  server.RaftServerConfigKeys (ConfUtils.java:logGet(43)) - raft.server.retrycache.expirytime = 600000ms (custom)
2019-11-13 20:57:59,313 [pool-387-thread-1] WARN  impl.MetricRegistriesImpl (MetricRegistriesImpl.java:lambda$create$1(61)) - First MetricRegistry has been created without registering reporters. You may need to call MetricRegistries.global().addReportRegistration(...) before.
2019-11-13 20:57:59,313 [pool-387-thread-1] WARN  impl.MetricRegistriesImpl (MetricRegistriesImpl.java:lambda$create$1(61)) - First MetricRegistry has been created without registering reporters. You may need to call MetricRegistries.global().addReportRegistration(...) before.
2019-11-13 20:57:59,313 [pool-387-thread-1] INFO  impl.RaftServerImpl (RaftServerImpl.java:start(184)) - 977dfc91-ccca-4ee4-9372-b97b2f75a011@group-4EA891C87243: start as a follower, conf=-1: [977dfc91-ccca-4ee4-9372-b97b2f75a011:192.168.34.38:46558], old=null
2019-11-13 20:57:59,313 [pool-387-thread-1] INFO  impl.RaftServerImpl (RaftServerImpl.java:setRole(173)) - 977dfc91-ccca-4ee4-9372-b97b2f75a011@group-4EA891C87243: changes role from      null to FOLLOWER at term 0 for startAsFollower
2019-11-13 20:57:59,313 [pool-387-thread-1] INFO  impl.RoleInfo (RoleInfo.java:updateAndGet(143)) - 977dfc91-ccca-4ee4-9372-b97b2f75a011: start FollowerState
2019-11-13 20:57:59,314 [pool-387-thread-1] INFO  util.JmxRegister (JmxRegister.java:tryRegister(44)) - Successfully registered JMX Bean with object name Ratis:service=RaftServer,group=group-4EA891C87243,id=977dfc91-ccca-4ee4-9372-b97b2f75a011
2019-11-13 20:57:59,314 [pool-387-thread-1] WARN  impl.MetricRegistriesImpl (MetricRegistriesImpl.java:lambda$create$1(61)) - First MetricRegistry has been created without registering reporters. You may need to call MetricRegistries.global().addReportRegistration(...) before.
2019-11-13 20:57:59,316 [RatisPipelineUtilsThread] INFO  pipeline.PipelineStateManager (PipelineStateManager.java:addPipeline(55)) - Created pipeline Pipeline[ Id: f5adb9af-13e1-4b2c-a9c7-4ea891c87243, Nodes: 977dfc91-ccca-4ee4-9372-b97b2f75a011{ip: 192.168.34.38, host: pr-hdds-2469-rfsxc-843238572, networkLocation: /default-rack, certSerialId: null}, Type:RATIS, Factor:ONE, State:ALLOCATED]
2019-11-13 20:57:59,323 [grpc-default-executor-0] INFO  impl.RaftServerProxy (RaftServerProxy.java:addNew(89)) - 5a742ae8-52f7-4967-86dd-fb4d4bdf83a1: addNew group-21785714949A:[5a742ae8-52f7-4967-86dd-fb4d4bdf83a1:192.168.34.38:42634, 041049e5-d0b1-485a-83db-c9b754c02c0b:192.168.34.38:38956, 977dfc91-ccca-4ee4-9372-b97b2f75a011:192.168.34.38:46558] returns group-21785714949A:java.util.concurrent.CompletableFuture@47352ee7[Not completed]
2019-11-13 20:57:59,323 [grpc-default-executor-2] INFO  impl.RaftServerProxy (RaftServerProxy.java:addNew(89)) - 977dfc91-ccca-4ee4-9372-b97b2f75a011: addNew group-21785714949A:[5a742ae8-52f7-4967-86dd-fb4d4bdf83a1:192.168.34.38:42634, 041049e5-d0b1-485a-83db-c9b754c02c0b:192.168.34.38:38956, 977dfc91-ccca-4ee4-9372-b97b2f75a011:192.168.34.38:46558] returns group-21785714949A:java.util.concurrent.CompletableFuture@16e6c49f[Not completed]
2019-11-13 20:57:59,323 [grpc-default-executor-1] INFO  impl.RaftServerProxy (RaftServerProxy.java:addNew(89)) - 041049e5-d0b1-485a-83db-c9b754c02c0b: addNew group-21785714949A:[5a742ae8-52f7-4967-86dd-fb4d4bdf83a1:192.168.34.38:42634, 041049e5-d0b1-485a-83db-c9b754c02c0b:192.168.34.38:38956, 977dfc91-ccca-4ee4-9372-b97b2f75a011:192.168.34.38:46558] returns group-21785714949A:java.util.concurrent.CompletableFuture@7af4a5f9[Not completed]
2019-11-13 20:57:59,324 [pool-377-thread-1] INFO  impl.RaftServerImpl (RaftServerImpl.java:<init>(98)) - 5a742ae8-52f7-4967-86dd-fb4d4bdf83a1: new RaftServerImpl for group-21785714949A:[5a742ae8-52f7-4967-86dd-fb4d4bdf83a1:192.168.34.38:42634, 041049e5-d0b1-485a-83db-c9b754c02c0b:192.168.34.38:38956, 977dfc91-ccca-4ee4-9372-b97b2f75a011:192.168.34.38:46558] with ContainerStateMachine:uninitialized
2019-11-13 20:57:59,324 [pool-377-thread-1] INFO  server.RaftServerConfigKeys (ConfUtils.java:logGet(43)) - raft.server.rpc.timeout.min = 5s (custom)
2019-11-13 20:57:59,324 [pool-377-thread-1] INFO  server.RaftServerConfigKeys (ConfUtils.java:logGet(43)) - raft.server.rpc.timeout.max = 5200ms (custom)
2019-11-13 20:57:59,324 [pool-377-thread-1] INFO  server.RaftServerConfigKeys (ConfUtils.java:logGet(43)) - raft.server.rpcslowness.timeout = 120s (custom)
2019-11-13 20:57:59,324 [pool-377-thread-1] INFO  server.RaftServerConfigKeys (ConfUtils.java:logGet(43)) - raft.server.sleep.deviation.threshold = 300 (default)
2019-11-13 20:57:59,324 [pool-377-thread-1] INFO  server.RaftServerConfigKeys (ConfUtils.java:logGet(43)) - raft.server.log.appender.install.snapshot.enabled = false (custom)
2019-11-13 20:57:59,324 [pool-387-thread-1] INFO  impl.RaftServerImpl (RaftServerImpl.java:<init>(98)) - 977dfc91-ccca-4ee4-9372-b97b2f75a011: new RaftServerImpl for group-21785714949A:[5a742ae8-52f7-4967-86dd-fb4d4bdf83a1:192.168.34.38:42634, 041049e5-d0b1-485a-83db-c9b754c02c0b:192.168.34.38:38956, 977dfc91-ccca-4ee4-9372-b97b2f75a011:192.168.34.38:46558] with ContainerStateMachine:uninitialized
2019-11-13 20:57:59,324 [pool-377-thread-1] INFO  impl.RaftServerImpl (ServerState.java:<init>(103)) - 5a742ae8-52f7-4967-86dd-fb4d4bdf83a1@group-21785714949A: ConfigurationManager, init=-1: [5a742ae8-52f7-4967-86dd-fb4d4bdf83a1:192.168.34.38:42634, 041049e5-d0b1-485a-83db-c9b754c02c0b:192.168.34.38:38956, 977dfc91-ccca-4ee4-9372-b97b2f75a011:192.168.34.38:46558], old=null, confs=<EMPTY_MAP>
2019-11-13 20:57:59,324 [pool-387-thread-1] INFO  server.RaftServerConfigKeys (ConfUtils.java:logGet(43)) - raft.server.rpc.timeout.min = 5s (custom)
2019-11-13 20:57:59,325 [pool-377-thread-1] INFO  server.RaftServerConfigKeys (ConfUtils.java:logGet(43)) - raft.server.storage.dir = [/workdir/hadoop-ozone/ozonefs/target/test-dir/MiniOzoneClusterImpl-9c9fe64c-fda1-4d3c-8cbf-c026fac25340/datanode-0/data/ratis] (custom)
2019-11-13 20:57:59,325 [pool-387-thread-1] INFO  server.RaftServerConfigKeys (ConfUtils.java:logGet(43)) - raft.server.rpc.timeout.max = 5200ms (custom)
2019-11-13 20:57:59,325 [pool-397-thread-1] INFO  impl.RaftServerImpl (RaftServerImpl.java:<init>(98)) - 041049e5-d0b1-485a-83db-c9b754c02c0b: new RaftServerImpl for group-21785714949A:[5a742ae8-52f7-4967-86dd-fb4d4bdf83a1:192.168.34.38:42634, 041049e5-d0b1-485a-83db-c9b754c02c0b:192.168.34.38:38956, 977dfc91-ccca-4ee4-9372-b97b2f75a011:192.168.34.38:46558] with ContainerStateMachine:uninitialized
2019-11-13 20:57:59,325 [pool-377-thread-1] INFO  server.RaftServerConfigKeys (ConfUtils.java:logGet(43)) - raft.server.log.corruption.policy = EXCEPTION (default)
2019-11-13 20:57:59,325 [pool-387-thread-1] INFO  server.RaftServerConfigKeys (ConfUtils.java:logGet(43)) - raft.server.rpcslowness.timeout = 120s (custom)
2019-11-13 20:57:59,325 [pool-377-thread-1] INFO  storage.RaftStorageDirectory (RaftStorageDirectory.java:analyzeStorage(246)) - The storage directory /workdir/hadoop-ozone/ozonefs/target/test-dir/MiniOzoneClusterImpl-9c9fe64c-fda1-4d3c-8cbf-c026fac25340/datanode-0/data/ratis/b73dd96a-9aff-43d8-bbf3-21785714949a does not exist. Creating ...
2019-11-13 20:57:59,325 [pool-397-thread-1] INFO  server.RaftServerConfigKeys (ConfUtils.java:logGet(43)) - raft.server.rpc.timeout.min = 5s (custom)
2019-11-13 20:57:59,325 [pool-387-thread-1] INFO  server.RaftServerConfigKeys (ConfUtils.java:logGet(43)) - raft.server.sleep.deviation.threshold = 300 (default)
2019-11-13 20:57:59,325 [pool-397-thread-1] INFO  server.RaftServerConfigKeys (ConfUtils.java:logGet(43)) - raft.server.rpc.timeout.max = 5200ms (custom)
2019-11-13 20:57:59,325 [pool-387-thread-1] INFO  server.RaftServerConfigKeys (ConfUtils.java:logGet(43)) - raft.server.log.appender.install.snapshot.enabled = false (custom)
2019-11-13 20:57:59,325 [pool-397-thread-1] INFO  server.RaftServerConfigKeys (ConfUtils.java:logGet(43)) - raft.server.rpcslowness.timeout = 120s (custom)
2019-11-13 20:57:59,325 [pool-387-thread-1] INFO  impl.RaftServerImpl (ServerState.java:<init>(103)) - 977dfc91-ccca-4ee4-9372-b97b2f75a011@group-21785714949A: ConfigurationManager, init=-1: [5a742ae8-52f7-4967-86dd-fb4d4bdf83a1:192.168.34.38:42634, 041049e5-d0b1-485a-83db-c9b754c02c0b:192.168.34.38:38956, 977dfc91-ccca-4ee4-9372-b97b2f75a011:192.168.34.38:46558], old=null, confs=<EMPTY_MAP>
2019-11-13 20:57:59,326 [pool-397-thread-1] INFO  server.RaftServerConfigKeys (ConfUtils.java:logGet(43)) - raft.server.sleep.deviation.threshold = 300 (default)
2019-11-13 20:57:59,326 [pool-397-thread-1] INFO  server.RaftServerConfigKeys (ConfUtils.java:logGet(43)) - raft.server.log.appender.install.snapshot.enabled = false (custom)
2019-11-13 20:57:59,326 [pool-387-thread-1] INFO  server.RaftServerConfigKeys (ConfUtils.java:logGet(43)) - raft.server.storage.dir = [/workdir/hadoop-ozone/ozonefs/target/test-dir/MiniOzoneClusterImpl-9c9fe64c-fda1-4d3c-8cbf-c026fac25340/datanode-1/data/ratis] (custom)
2019-11-13 20:57:59,326 [pool-397-thread-1] INFO  impl.RaftServerImpl (ServerState.java:<init>(103)) - 041049e5-d0b1-485a-83db-c9b754c02c0b@group-21785714949A: ConfigurationManager, init=-1: [5a742ae8-52f7-4967-86dd-fb4d4bdf83a1:192.168.34.38:42634, 041049e5-d0b1-485a-83db-c9b754c02c0b:192.168.34.38:38956, 977dfc91-ccca-4ee4-9372-b97b2f75a011:192.168.34.38:46558], old=null, confs=<EMPTY_MAP>
2019-11-13 20:57:59,326 [pool-387-thread-1] INFO  server.RaftServerConfigKeys (ConfUtils.java:logGet(43)) - raft.server.log.corruption.policy = EXCEPTION (default)
2019-11-13 20:57:59,326 [pool-397-thread-1] INFO  server.RaftServerConfigKeys (ConfUtils.java:logGet(43)) - raft.server.storage.dir = [/workdir/hadoop-ozone/ozonefs/target/test-dir/MiniOzoneClusterImpl-9c9fe64c-fda1-4d3c-8cbf-c026fac25340/datanode-2/data/ratis] (custom)
2019-11-13 20:57:59,326 [pool-387-thread-1] INFO  storage.RaftStorageDirectory (RaftStorageDirectory.java:analyzeStorage(246)) - The storage directory /workdir/hadoop-ozone/ozonefs/target/test-dir/MiniOzoneClusterImpl-9c9fe64c-fda1-4d3c-8cbf-c026fac25340/datanode-1/data/ratis/b73dd96a-9aff-43d8-bbf3-21785714949a does not exist. Creating ...
2019-11-13 20:57:59,327 [pool-397-thread-1] INFO  server.RaftServerConfigKeys (ConfUtils.java:logGet(43)) - raft.server.log.corruption.policy = EXCEPTION (default)
2019-11-13 20:57:59,327 [pool-397-thread-1] INFO  storage.RaftStorageDirectory (RaftStorageDirectory.java:analyzeStorage(246)) - The storage directory /workdir/hadoop-ozone/ozonefs/target/test-dir/MiniOzoneClusterImpl-9c9fe64c-fda1-4d3c-8cbf-c026fac25340/datanode-2/data/ratis/b73dd96a-9aff-43d8-bbf3-21785714949a does not exist. Creating ...
2019-11-13 20:57:59,328 [pool-377-thread-1] INFO  storage.RaftStorageDirectory (RaftStorageDirectory.java:tryLock(328)) - Lock on /workdir/hadoop-ozone/ozonefs/target/test-dir/MiniOzoneClusterImpl-9c9fe64c-fda1-4d3c-8cbf-c026fac25340/datanode-0/data/ratis/b73dd96a-9aff-43d8-bbf3-21785714949a/in_use.lock acquired by nodename 20766@pr-hdds-2469-rfsxc-843238572
2019-11-13 20:57:59,331 [pool-397-thread-1] INFO  storage.RaftStorageDirectory (RaftStorageDirectory.java:tryLock(328)) - Lock on /workdir/hadoop-ozone/ozonefs/target/test-dir/MiniOzoneClusterImpl-9c9fe64c-fda1-4d3c-8cbf-c026fac25340/datanode-2/data/ratis/b73dd96a-9aff-43d8-bbf3-21785714949a/in_use.lock acquired by nodename 20766@pr-hdds-2469-rfsxc-843238572
2019-11-13 20:57:59,331 [pool-377-thread-1] INFO  storage.RaftStorage (RaftStorage.java:format(84)) - Storage directory /workdir/hadoop-ozone/ozonefs/target/test-dir/MiniOzoneClusterImpl-9c9fe64c-fda1-4d3c-8cbf-c026fac25340/datanode-0/data/ratis/b73dd96a-9aff-43d8-bbf3-21785714949a has been successfully formatted.
2019-11-13 20:57:59,331 [pool-387-thread-1] INFO  storage.RaftStorageDirectory (RaftStorageDirectory.java:tryLock(328)) - Lock on /workdir/hadoop-ozone/ozonefs/target/test-dir/MiniOzoneClusterImpl-9c9fe64c-fda1-4d3c-8cbf-c026fac25340/datanode-1/data/ratis/b73dd96a-9aff-43d8-bbf3-21785714949a/in_use.lock acquired by nodename 20766@pr-hdds-2469-rfsxc-843238572
2019-11-13 20:57:59,331 [pool-377-thread-1] INFO  ratis.ContainerStateMachine (ContainerStateMachine.java:loadSnapshot(223)) - group-21785714949A: The snapshot info is null. Setting the last applied indexto:(t:0, i:~)
2019-11-13 20:57:59,331 [pool-377-thread-1] INFO  server.RaftServerConfigKeys (ConfUtils.java:logGet(43)) - raft.server.notification.no-leader.timeout = 120s (custom)
2019-11-13 20:57:59,331 [pool-377-thread-1] INFO  server.RaftServerConfigKeys (ConfUtils.java:logGet(43)) - raft.server.log.use.memory = false (default)
2019-11-13 20:57:59,331 [pool-377-thread-1] INFO  server.RaftServerConfigKeys (ConfUtils.java:logGet(43)) - raft.server.log.purge.gap = 1000000 (custom)
2019-11-13 20:57:59,331 [pool-377-thread-1] INFO  server.RaftServerConfigKeys (ConfUtils.java:logGet(43)) - raft.server.log.appender.buffer.byte-limit = 33554432 (custom)
2019-11-13 20:57:59,331 [pool-377-thread-1] INFO  server.RaftServerConfigKeys (ConfUtils.java:logGet(43)) - raft.server.log.segment.size.max = 1048576 (custom)
2019-11-13 20:57:59,332 [pool-377-thread-1] INFO  server.RaftServerConfigKeys (ConfUtils.java:logGet(43)) - raft.server.log.segment.cache.num.max = 2 (custom)
2019-11-13 20:57:59,332 [pool-377-thread-1] INFO  segmented.SegmentedRaftLogWorker (SegmentedRaftLogWorker.java:<init>(173)) - new 5a742ae8-52f7-4967-86dd-fb4d4bdf83a1@group-21785714949A-SegmentedRaftLogWorker for RaftStorage:Storage Directory /workdir/hadoop-ozone/ozonefs/target/test-dir/MiniOzoneClusterImpl-9c9fe64c-fda1-4d3c-8cbf-c026fac25340/datanode-0/data/ratis/b73dd96a-9aff-43d8-bbf3-21785714949a
2019-11-13 20:57:59,332 [pool-377-thread-1] INFO  server.RaftServerConfigKeys (ConfUtils.java:logGet(43)) - raft.server.log.queue.byte-limit = 2147483647 (custom)
2019-11-13 20:57:59,332 [pool-377-thread-1] INFO  server.RaftServerConfigKeys (ConfUtils.java:logGet(43)) - raft.server.log.queue.element-limit = 1024 (custom)
2019-11-13 20:57:59,332 [pool-377-thread-1] INFO  server.RaftServerConfigKeys (ConfUtils.java:logGet(43)) - raft.server.log.segment.size.max = 1048576 (custom)
2019-11-13 20:57:59,332 [pool-377-thread-1] INFO  server.RaftServerConfigKeys (ConfUtils.java:logGet(43)) - raft.server.log.preallocated.size = 16384 (custom)
2019-11-13 20:57:59,332 [pool-377-thread-1] INFO  server.RaftServerConfigKeys (ConfUtils.java:logGet(43)) - raft.server.log.write.buffer.size = 33554432 (custom)
2019-11-13 20:57:59,332 [pool-377-thread-1] INFO  server.RaftServerConfigKeys (ConfUtils.java:logGet(43)) - raft.server.log.force.sync.num = 128 (default)
2019-11-13 20:57:59,332 [pool-377-thread-1] INFO  server.RaftServerConfigKeys (ConfUtils.java:logGet(43)) - raft.server.log.statemachine.data.sync = true (default)
2019-11-13 20:57:59,332 [pool-377-thread-1] INFO  server.RaftServerConfigKeys (ConfUtils.java:logGet(43)) - raft.server.log.statemachine.data.sync.timeout = 10s (default)
2019-11-13 20:57:59,332 [pool-377-thread-1] INFO  server.RaftServerConfigKeys (ConfUtils.java:logGet(43)) - raft.server.log.statemachine.data.sync.timeout.retry = -1 (default)
2019-11-13 20:57:59,332 [pool-377-thread-1] INFO  server.RaftServerConfigKeys (ConfUtils.java:logGet(43)) - raft.server.log.statemachine.data.caching.enabled = true (custom)
2019-11-13 20:57:59,332 [pool-377-thread-1] INFO  segmented.SegmentedRaftLogWorker (SegmentedRaftLogWorker.java:lambda$new$0(128)) - 5a742ae8-52f7-4967-86dd-fb4d4bdf83a1@group-21785714949A-SegmentedRaftLogWorker: flushIndex: setUnconditionally 0 -> -1
2019-11-13 20:57:59,333 [pool-377-thread-1] INFO  server.RaftServerConfigKeys (ConfUtils.java:logGet(43)) - raft.server.snapshot.auto.trigger.enabled = true (custom)
2019-11-13 20:57:59,333 [pool-377-thread-1] INFO  server.RaftServerConfigKeys (ConfUtils.java:logGet(43)) - raft.server.snapshot.auto.trigger.threshold = 10000 (custom)
2019-11-13 20:57:59,333 [pool-377-thread-1] INFO  server.RaftServerConfigKeys (ConfUtils.java:logGet(43)) - raft.server.snapshot.retention.file.num = 5 (custom)
2019-11-13 20:57:59,333 [pool-377-thread-1] INFO  server.RaftServerConfigKeys (ConfUtils.java:logGet(43)) - raft.server.retrycache.expirytime = 600000ms (custom)
2019-11-13 20:57:59,333 [pool-377-thread-1] WARN  impl.MetricRegistriesImpl (MetricRegistriesImpl.java:lambda$create$1(61)) - First MetricRegistry has been created without registering reporters. You may need to call MetricRegistries.global().addReportRegistration(...) before.
2019-11-13 20:57:59,333 [pool-377-thread-1] WARN  impl.MetricRegistriesImpl (MetricRegistriesImpl.java:lambda$create$1(61)) - First MetricRegistry has been created without registering reporters. You may need to call MetricRegistries.global().addReportRegistration(...) before.
2019-11-13 20:57:59,333 [pool-377-thread-1] INFO  impl.RaftServerImpl (RaftServerImpl.java:start(184)) - 5a742ae8-52f7-4967-86dd-fb4d4bdf83a1@group-21785714949A: start as a follower, conf=-1: [5a742ae8-52f7-4967-86dd-fb4d4bdf83a1:192.168.34.38:42634, 041049e5-d0b1-485a-83db-c9b754c02c0b:192.168.34.38:38956, 977dfc91-ccca-4ee4-9372-b97b2f75a011:192.168.34.38:46558], old=null
2019-11-13 20:57:59,333 [pool-377-thread-1] INFO  impl.RaftServerImpl (RaftServerImpl.java:setRole(173)) - 5a742ae8-52f7-4967-86dd-fb4d4bdf83a1@group-21785714949A: changes role from      null to FOLLOWER at term 0 for startAsFollower
2019-11-13 20:57:59,333 [pool-377-thread-1] INFO  impl.RoleInfo (RoleInfo.java:updateAndGet(143)) - 5a742ae8-52f7-4967-86dd-fb4d4bdf83a1: start FollowerState
2019-11-13 20:57:59,334 [pool-377-thread-1] INFO  util.JmxRegister (JmxRegister.java:tryRegister(44)) - Successfully registered JMX Bean with object name Ratis:service=RaftServer,group=group-21785714949A,id=5a742ae8-52f7-4967-86dd-fb4d4bdf83a1
2019-11-13 20:57:59,334 [pool-377-thread-1] WARN  impl.MetricRegistriesImpl (MetricRegistriesImpl.java:lambda$create$1(61)) - First MetricRegistry has been created without registering reporters. You may need to call MetricRegistries.global().addReportRegistration(...) before.
2019-11-13 20:57:59,344 [pool-397-thread-1] INFO  storage.RaftStorage (RaftStorage.java:format(84)) - Storage directory /workdir/hadoop-ozone/ozonefs/target/test-dir/MiniOzoneClusterImpl-9c9fe64c-fda1-4d3c-8cbf-c026fac25340/datanode-2/data/ratis/b73dd96a-9aff-43d8-bbf3-21785714949a has been successfully formatted.
2019-11-13 20:57:59,344 [pool-387-thread-1] INFO  storage.RaftStorage (RaftStorage.java:format(84)) - Storage directory /workdir/hadoop-ozone/ozonefs/target/test-dir/MiniOzoneClusterImpl-9c9fe64c-fda1-4d3c-8cbf-c026fac25340/datanode-1/data/ratis/b73dd96a-9aff-43d8-bbf3-21785714949a has been successfully formatted.
2019-11-13 20:57:59,345 [pool-397-thread-1] INFO  ratis.ContainerStateMachine (ContainerStateMachine.java:loadSnapshot(223)) - group-21785714949A: The snapshot info is null. Setting the last applied indexto:(t:0, i:~)
2019-11-13 20:57:59,345 [pool-387-thread-1] INFO  ratis.ContainerStateMachine (ContainerStateMachine.java:loadSnapshot(223)) - group-21785714949A: The snapshot info is null. Setting the last applied indexto:(t:0, i:~)
2019-11-13 20:57:59,345 [pool-397-thread-1] INFO  server.RaftServerConfigKeys (ConfUtils.java:logGet(43)) - raft.server.notification.no-leader.timeout = 120s (custom)
2019-11-13 20:57:59,345 [pool-387-thread-1] INFO  server.RaftServerConfigKeys (ConfUtils.java:logGet(43)) - raft.server.notification.no-leader.timeout = 120s (custom)
2019-11-13 20:57:59,345 [pool-397-thread-1] INFO  server.RaftServerConfigKeys (ConfUtils.java:logGet(43)) - raft.server.log.use.memory = false (default)
2019-11-13 20:57:59,345 [pool-387-thread-1] INFO  server.RaftServerConfigKeys (ConfUtils.java:logGet(43)) - raft.server.log.use.memory = false (default)
2019-11-13 20:57:59,345 [pool-397-thread-1] INFO  server.RaftServerConfigKeys (ConfUtils.java:logGet(43)) - raft.server.log.purge.gap = 1000000 (custom)
2019-11-13 20:57:59,345 [pool-387-thread-1] INFO  server.RaftServerConfigKeys (ConfUtils.java:logGet(43)) - raft.server.log.purge.gap = 1000000 (custom)
2019-11-13 20:57:59,345 [pool-397-thread-1] INFO  server.RaftServerConfigKeys (ConfUtils.java:logGet(43)) - raft.server.log.appender.buffer.byte-limit = 33554432 (custom)
2019-11-13 20:57:59,345 [pool-387-thread-1] INFO  server.RaftServerConfigKeys (ConfUtils.java:logGet(43)) - raft.server.log.appender.buffer.byte-limit = 33554432 (custom)
2019-11-13 20:57:59,345 [pool-397-thread-1] INFO  server.RaftServerConfigKeys (ConfUtils.java:logGet(43)) - raft.server.log.segment.size.max = 1048576 (custom)
2019-11-13 20:57:59,345 [pool-387-thread-1] INFO  server.RaftServerConfigKeys (ConfUtils.java:logGet(43)) - raft.server.log.segment.size.max = 1048576 (custom)
2019-11-13 20:57:59,345 [pool-397-thread-1] INFO  server.RaftServerConfigKeys (ConfUtils.java:logGet(43)) - raft.server.log.segment.cache.num.max = 2 (custom)
2019-11-13 20:57:59,345 [pool-387-thread-1] INFO  server.RaftServerConfigKeys (ConfUtils.java:logGet(43)) - raft.server.log.segment.cache.num.max = 2 (custom)
2019-11-13 20:57:59,346 [pool-397-thread-1] INFO  segmented.SegmentedRaftLogWorker (SegmentedRaftLogWorker.java:<init>(173)) - new 041049e5-d0b1-485a-83db-c9b754c02c0b@group-21785714949A-SegmentedRaftLogWorker for RaftStorage:Storage Directory /workdir/hadoop-ozone/ozonefs/target/test-dir/MiniOzoneClusterImpl-9c9fe64c-fda1-4d3c-8cbf-c026fac25340/datanode-2/data/ratis/b73dd96a-9aff-43d8-bbf3-21785714949a
2019-11-13 20:57:59,346 [pool-387-thread-1] INFO  segmented.SegmentedRaftLogWorker (SegmentedRaftLogWorker.java:<init>(173)) - new 977dfc91-ccca-4ee4-9372-b97b2f75a011@group-21785714949A-SegmentedRaftLogWorker for RaftStorage:Storage Directory /workdir/hadoop-ozone/ozonefs/target/test-dir/MiniOzoneClusterImpl-9c9fe64c-fda1-4d3c-8cbf-c026fac25340/datanode-1/data/ratis/b73dd96a-9aff-43d8-bbf3-21785714949a
2019-11-13 20:57:59,346 [pool-397-thread-1] INFO  server.RaftServerConfigKeys (ConfUtils.java:logGet(43)) - raft.server.log.queue.byte-limit = 2147483647 (custom)
2019-11-13 20:57:59,346 [pool-387-thread-1] INFO  server.RaftServerConfigKeys (ConfUtils.java:logGet(43)) - raft.server.log.queue.byte-limit = 2147483647 (custom)
2019-11-13 20:57:59,346 [pool-397-thread-1] INFO  server.RaftServerConfigKeys (ConfUtils.java:logGet(43)) - raft.server.log.queue.element-limit = 1024 (custom)
2019-11-13 20:57:59,346 [pool-387-thread-1] INFO  server.RaftServerConfigKeys (ConfUtils.java:logGet(43)) - raft.server.log.queue.element-limit = 1024 (custom)
2019-11-13 20:57:59,346 [pool-397-thread-1] INFO  server.RaftServerConfigKeys (ConfUtils.java:logGet(43)) - raft.server.log.segment.size.max = 1048576 (custom)
2019-11-13 20:57:59,346 [pool-387-thread-1] INFO  server.RaftServerConfigKeys (ConfUtils.java:logGet(43)) - raft.server.log.segment.size.max = 1048576 (custom)
2019-11-13 20:57:59,346 [pool-397-thread-1] INFO  server.RaftServerConfigKeys (ConfUtils.java:logGet(43)) - raft.server.log.preallocated.size = 16384 (custom)
2019-11-13 20:57:59,346 [pool-387-thread-1] INFO  server.RaftServerConfigKeys (ConfUtils.java:logGet(43)) - raft.server.log.preallocated.size = 16384 (custom)
2019-11-13 20:57:59,346 [pool-397-thread-1] INFO  server.RaftServerConfigKeys (ConfUtils.java:logGet(43)) - raft.server.log.write.buffer.size = 33554432 (custom)
2019-11-13 20:57:59,346 [pool-387-thread-1] INFO  server.RaftServerConfigKeys (ConfUtils.java:logGet(43)) - raft.server.log.write.buffer.size = 33554432 (custom)
2019-11-13 20:57:59,346 [pool-397-thread-1] INFO  server.RaftServerConfigKeys (ConfUtils.java:logGet(43)) - raft.server.log.force.sync.num = 128 (default)
2019-11-13 20:57:59,347 [pool-387-thread-1] INFO  server.RaftServerConfigKeys (ConfUtils.java:logGet(43)) - raft.server.log.force.sync.num = 128 (default)
2019-11-13 20:57:59,347 [pool-397-thread-1] INFO  server.RaftServerConfigKeys (ConfUtils.java:logGet(43)) - raft.server.log.statemachine.data.sync = true (default)
2019-11-13 20:57:59,347 [pool-387-thread-1] INFO  server.RaftServerConfigKeys (ConfUtils.java:logGet(43)) - raft.server.log.statemachine.data.sync = true (default)
2019-11-13 20:57:59,347 [pool-397-thread-1] INFO  server.RaftServerConfigKeys (ConfUtils.java:logGet(43)) - raft.server.log.statemachine.data.sync.timeout = 10s (default)
2019-11-13 20:57:59,347 [pool-387-thread-1] INFO  server.RaftServerConfigKeys (ConfUtils.java:logGet(43)) - raft.server.log.statemachine.data.sync.timeout = 10s (default)
2019-11-13 20:57:59,347 [pool-397-thread-1] INFO  server.RaftServerConfigKeys (ConfUtils.java:logGet(43)) - raft.server.log.statemachine.data.sync.timeout.retry = -1 (default)
2019-11-13 20:57:59,347 [pool-387-thread-1] INFO  server.RaftServerConfigKeys (ConfUtils.java:logGet(43)) - raft.server.log.statemachine.data.sync.timeout.retry = -1 (default)
2019-11-13 20:57:59,347 [pool-397-thread-1] INFO  server.RaftServerConfigKeys (ConfUtils.java:logGet(43)) - raft.server.log.statemachine.data.caching.enabled = true (custom)
2019-11-13 20:57:59,347 [pool-387-thread-1] INFO  server.RaftServerConfigKeys (ConfUtils.java:logGet(43)) - raft.server.log.statemachine.data.caching.enabled = true (custom)
2019-11-13 20:57:59,347 [pool-397-thread-1] INFO  segmented.SegmentedRaftLogWorker (SegmentedRaftLogWorker.java:lambda$new$0(128)) - 041049e5-d0b1-485a-83db-c9b754c02c0b@group-21785714949A-SegmentedRaftLogWorker: flushIndex: setUnconditionally 0 -> -1
2019-11-13 20:57:59,347 [pool-387-thread-1] INFO  segmented.SegmentedRaftLogWorker (SegmentedRaftLogWorker.java:lambda$new$0(128)) - 977dfc91-ccca-4ee4-9372-b97b2f75a011@group-21785714949A-SegmentedRaftLogWorker: flushIndex: setUnconditionally 0 -> -1
2019-11-13 20:57:59,347 [pool-397-thread-1] INFO  server.RaftServerConfigKeys (ConfUtils.java:logGet(43)) - raft.server.snapshot.auto.trigger.enabled = true (custom)
2019-11-13 20:57:59,348 [pool-397-thread-1] INFO  server.RaftServerConfigKeys (ConfUtils.java:logGet(43)) - raft.server.snapshot.auto.trigger.threshold = 10000 (custom)
2019-11-13 20:57:59,348 [pool-387-thread-1] INFO  server.RaftServerConfigKeys (ConfUtils.java:logGet(43)) - raft.server.snapshot.auto.trigger.enabled = true (custom)
2019-11-13 20:57:59,348 [pool-397-thread-1] INFO  server.RaftServerConfigKeys (ConfUtils.java:logGet(43)) - raft.server.snapshot.retention.file.num = 5 (custom)
2019-11-13 20:57:59,348 [pool-387-thread-1] INFO  server.RaftServerConfigKeys (ConfUtils.java:logGet(43)) - raft.server.snapshot.auto.trigger.threshold = 10000 (custom)
2019-11-13 20:57:59,348 [pool-397-thread-1] INFO  server.RaftServerConfigKeys (ConfUtils.java:logGet(43)) - raft.server.retrycache.expirytime = 600000ms (custom)
2019-11-13 20:57:59,348 [pool-387-thread-1] INFO  server.RaftServerConfigKeys (ConfUtils.java:logGet(43)) - raft.server.snapshot.retention.file.num = 5 (custom)
2019-11-13 20:57:59,348 [pool-397-thread-1] WARN  impl.MetricRegistriesImpl (MetricRegistriesImpl.java:lambda$create$1(61)) - First MetricRegistry has been created without registering reporters. You may need to call MetricRegistries.global().addReportRegistration(...) before.
2019-11-13 20:57:59,348 [pool-387-thread-1] INFO  server.RaftServerConfigKeys (ConfUtils.java:logGet(43)) - raft.server.retrycache.expirytime = 600000ms (custom)
2019-11-13 20:57:59,348 [pool-397-thread-1] WARN  impl.MetricRegistriesImpl (MetricRegistriesImpl.java:lambda$create$1(61)) - First MetricRegistry has been created without registering reporters. You may need to call MetricRegistries.global().addReportRegistration(...) before.
2019-11-13 20:57:59,348 [pool-387-thread-1] WARN  impl.MetricRegistriesImpl (MetricRegistriesImpl.java:lambda$create$1(61)) - First MetricRegistry has been created without registering reporters. You may need to call MetricRegistries.global().addReportRegistration(...) before.
2019-11-13 20:57:59,348 [pool-397-thread-1] INFO  impl.RaftServerImpl (RaftServerImpl.java:start(184)) - 041049e5-d0b1-485a-83db-c9b754c02c0b@group-21785714949A: start as a follower, conf=-1: [5a742ae8-52f7-4967-86dd-fb4d4bdf83a1:192.168.34.38:42634, 041049e5-d0b1-485a-83db-c9b754c02c0b:192.168.34.38:38956, 977dfc91-ccca-4ee4-9372-b97b2f75a011:192.168.34.38:46558], old=null
2019-11-13 20:57:59,348 [pool-387-thread-1] WARN  impl.MetricRegistriesImpl (MetricRegistriesImpl.java:lambda$create$1(61)) - First MetricRegistry has been created without registering reporters. You may need to call MetricRegistries.global().addReportRegistration(...) before.
2019-11-13 20:57:59,348 [pool-397-thread-1] INFO  impl.RaftServerImpl (RaftServerImpl.java:setRole(173)) - 041049e5-d0b1-485a-83db-c9b754c02c0b@group-21785714949A: changes role from      null to FOLLOWER at term 0 for startAsFollower
2019-11-13 20:57:59,348 [pool-387-thread-1] INFO  impl.RaftServerImpl (RaftServerImpl.java:start(184)) - 977dfc91-ccca-4ee4-9372-b97b2f75a011@group-21785714949A: start as a follower, conf=-1: [5a742ae8-52f7-4967-86dd-fb4d4bdf83a1:192.168.34.38:42634, 041049e5-d0b1-485a-83db-c9b754c02c0b:192.168.34.38:38956, 977dfc91-ccca-4ee4-9372-b97b2f75a011:192.168.34.38:46558], old=null
2019-11-13 20:57:59,348 [pool-397-thread-1] INFO  impl.RoleInfo (RoleInfo.java:updateAndGet(143)) - 041049e5-d0b1-485a-83db-c9b754c02c0b: start FollowerState
2019-11-13 20:57:59,348 [pool-387-thread-1] INFO  impl.RaftServerImpl (RaftServerImpl.java:setRole(173)) - 977dfc91-ccca-4ee4-9372-b97b2f75a011@group-21785714949A: changes role from      null to FOLLOWER at term 0 for startAsFollower
2019-11-13 20:57:59,349 [pool-387-thread-1] INFO  impl.RoleInfo (RoleInfo.java:updateAndGet(143)) - 977dfc91-ccca-4ee4-9372-b97b2f75a011: start FollowerState
2019-11-13 20:57:59,349 [pool-397-thread-1] INFO  util.JmxRegister (JmxRegister.java:tryRegister(44)) - Successfully registered JMX Bean with object name Ratis:service=RaftServer,group=group-21785714949A,id=041049e5-d0b1-485a-83db-c9b754c02c0b
2019-11-13 20:57:59,349 [pool-397-thread-1] WARN  impl.MetricRegistriesImpl (MetricRegistriesImpl.java:lambda$create$1(61)) - First MetricRegistry has been created without registering reporters. You may need to call MetricRegistries.global().addReportRegistration(...) before.
2019-11-13 20:57:59,349 [pool-387-thread-1] INFO  util.JmxRegister (JmxRegister.java:tryRegister(44)) - Successfully registered JMX Bean with object name Ratis:service=RaftServer,group=group-21785714949A,id=977dfc91-ccca-4ee4-9372-b97b2f75a011
2019-11-13 20:57:59,349 [pool-387-thread-1] WARN  impl.MetricRegistriesImpl (MetricRegistriesImpl.java:lambda$create$1(61)) - First MetricRegistry has been created without registering reporters. You may need to call MetricRegistries.global().addReportRegistration(...) before.
2019-11-13 20:57:59,353 [RatisPipelineUtilsThread] INFO  pipeline.PipelineStateManager (PipelineStateManager.java:addPipeline(55)) - Created pipeline Pipeline[ Id: b73dd96a-9aff-43d8-bbf3-21785714949a, Nodes: 5a742ae8-52f7-4967-86dd-fb4d4bdf83a1{ip: 192.168.34.38, host: pr-hdds-2469-rfsxc-843238572, networkLocation: /default-rack, certSerialId: null}041049e5-d0b1-485a-83db-c9b754c02c0b{ip: 192.168.34.38, host: pr-hdds-2469-rfsxc-843238572, networkLocation: /default-rack, certSerialId: null}977dfc91-ccca-4ee4-9372-b97b2f75a011{ip: 192.168.34.38, host: pr-hdds-2469-rfsxc-843238572, networkLocation: /default-rack, certSerialId: null}, Type:RATIS, Factor:THREE, State:ALLOCATED]
2019-11-13 20:58:03,947 [Thread-1894] INFO  impl.FollowerState (FollowerState.java:run(111)) - 041049e5-d0b1-485a-83db-c9b754c02c0b@group-6EA2555946F8-FollowerState: change to CANDIDATE, lastRpcTime:5019ms, electionTimeout:5019ms
2019-11-13 20:58:03,948 [Thread-1894] INFO  impl.RoleInfo (RoleInfo.java:shutdownFollowerState(121)) - 041049e5-d0b1-485a-83db-c9b754c02c0b: shutdown FollowerState
2019-11-13 20:58:03,948 [Thread-1894] INFO  impl.RaftServerImpl (RaftServerImpl.java:setRole(173)) - 041049e5-d0b1-485a-83db-c9b754c02c0b@group-6EA2555946F8: changes role from  FOLLOWER to CANDIDATE at term 0 for changeToCandidate
2019-11-13 20:58:03,949 [Thread-1894] INFO  impl.RoleInfo (RoleInfo.java:updateAndGet(143)) - 041049e5-d0b1-485a-83db-c9b754c02c0b: start LeaderElection
2019-11-13 20:58:03,965 [041049e5-d0b1-485a-83db-c9b754c02c0b@group-6EA2555946F8-LeaderElection31] INFO  impl.LeaderElection (LeaderElection.java:askForVotes(178)) - 041049e5-d0b1-485a-83db-c9b754c02c0b@group-6EA2555946F8-LeaderElection31: begin an election at term 1 for -1: [5a742ae8-52f7-4967-86dd-fb4d4bdf83a1:192.168.34.38:42634, 041049e5-d0b1-485a-83db-c9b754c02c0b:192.168.34.38:38956, 977dfc91-ccca-4ee4-9372-b97b2f75a011:192.168.34.38:46558], old=null
2019-11-13 20:58:03,982 [grpc-default-executor-1] INFO  impl.RaftServerImpl (RaftServerImpl.java:setRole(173)) - 977dfc91-ccca-4ee4-9372-b97b2f75a011@group-6EA2555946F8: changes role from  FOLLOWER to FOLLOWER at term 1 for recognizeCandidate:041049e5-d0b1-485a-83db-c9b754c02c0b
2019-11-13 20:58:03,982 [grpc-default-executor-2] INFO  impl.RaftServerImpl (RaftServerImpl.java:setRole(173)) - 5a742ae8-52f7-4967-86dd-fb4d4bdf83a1@group-6EA2555946F8: changes role from  FOLLOWER to FOLLOWER at term 1 for recognizeCandidate:041049e5-d0b1-485a-83db-c9b754c02c0b
2019-11-13 20:58:03,982 [grpc-default-executor-1] INFO  impl.RoleInfo (RoleInfo.java:shutdownFollowerState(121)) - 977dfc91-ccca-4ee4-9372-b97b2f75a011: shutdown FollowerState
2019-11-13 20:58:03,982 [grpc-default-executor-2] INFO  impl.RoleInfo (RoleInfo.java:shutdownFollowerState(121)) - 5a742ae8-52f7-4967-86dd-fb4d4bdf83a1: shutdown FollowerState
2019-11-13 20:58:03,982 [grpc-default-executor-1] INFO  impl.RoleInfo (RoleInfo.java:updateAndGet(143)) - 977dfc91-ccca-4ee4-9372-b97b2f75a011: start FollowerState
2019-11-13 20:58:03,982 [grpc-default-executor-2] INFO  impl.RoleInfo (RoleInfo.java:updateAndGet(143)) - 5a742ae8-52f7-4967-86dd-fb4d4bdf83a1: start FollowerState
2019-11-13 20:58:03,982 [Thread-1899] INFO  impl.FollowerState (FollowerState.java:run(120)) - 977dfc91-ccca-4ee4-9372-b97b2f75a011@group-6EA2555946F8-FollowerState was interrupted: java.lang.InterruptedException: sleep interrupted
2019-11-13 20:58:03,982 [Thread-1902] INFO  impl.FollowerState (FollowerState.java:run(120)) - 5a742ae8-52f7-4967-86dd-fb4d4bdf83a1@group-6EA2555946F8-FollowerState was interrupted: java.lang.InterruptedException: sleep interrupted
2019-11-13 20:58:03,991 [041049e5-d0b1-485a-83db-c9b754c02c0b@group-6EA2555946F8-LeaderElection31] INFO  impl.LeaderElection (LeaderElection.java:logAndReturn(56)) - 041049e5-d0b1-485a-83db-c9b754c02c0b@group-6EA2555946F8-LeaderElection31: Election PASSED; received 1 response(s) [041049e5-d0b1-485a-83db-c9b754c02c0b<-977dfc91-ccca-4ee4-9372-b97b2f75a011#0:OK-t1] and 0 exception(s); 041049e5-d0b1-485a-83db-c9b754c02c0b@group-6EA2555946F8:t1, leader=null, voted=041049e5-d0b1-485a-83db-c9b754c02c0b, raftlog=041049e5-d0b1-485a-83db-c9b754c02c0b@group-6EA2555946F8-SegmentedRaftLog:OPENED:c-1,f-1,i0, conf=-1: [5a742ae8-52f7-4967-86dd-fb4d4bdf83a1:192.168.34.38:42634, 041049e5-d0b1-485a-83db-c9b754c02c0b:192.168.34.38:38956, 977dfc91-ccca-4ee4-9372-b97b2f75a011:192.168.34.38:46558], old=null
2019-11-13 20:58:03,991 [041049e5-d0b1-485a-83db-c9b754c02c0b@group-6EA2555946F8-LeaderElection31] INFO  impl.RoleInfo (RoleInfo.java:shutdownLeaderElection(134)) - 041049e5-d0b1-485a-83db-c9b754c02c0b: shutdown LeaderElection
2019-11-13 20:58:03,991 [041049e5-d0b1-485a-83db-c9b754c02c0b@group-6EA2555946F8-LeaderElection31] INFO  impl.RaftServerImpl (RaftServerImpl.java:setRole(173)) - 041049e5-d0b1-485a-83db-c9b754c02c0b@group-6EA2555946F8: changes role from CANDIDATE to LEADER at term 1 for changeToLeader
2019-11-13 20:58:03,991 [041049e5-d0b1-485a-83db-c9b754c02c0b@group-6EA2555946F8-LeaderElection31] INFO  ratis.XceiverServerRatis (XceiverServerRatis.java:handleLeaderChangedNotification(697)) - Leader change notification received for group: group-6EA2555946F8 with new leaderId: 041049e5-d0b1-485a-83db-c9b754c02c0b
2019-11-13 20:58:03,993 [041049e5-d0b1-485a-83db-c9b754c02c0b@group-6EA2555946F8-LeaderElection31] INFO  impl.RaftServerImpl (ServerState.java:setLeader(255)) - 041049e5-d0b1-485a-83db-c9b754c02c0b@group-6EA2555946F8: change Leader from null to 041049e5-d0b1-485a-83db-c9b754c02c0b at term 1 for becomeLeader, leader elected after 5079ms
2019-11-13 20:58:03,993 [041049e5-d0b1-485a-83db-c9b754c02c0b@group-6EA2555946F8-LeaderElection31] INFO  server.RaftServerConfigKeys (ConfUtils.java:logGet(43)) - raft.server.staging.catchup.gap = 1000 (default)
2019-11-13 20:58:03,993 [041049e5-d0b1-485a-83db-c9b754c02c0b@group-6EA2555946F8-LeaderElection31] INFO  server.RaftServerConfigKeys (ConfUtils.java:logGet(43)) - raft.server.rpc.sleep.time = 25ms (default)
2019-11-13 20:58:03,993 [041049e5-d0b1-485a-83db-c9b754c02c0b@group-6EA2555946F8-LeaderElection31] INFO  server.RaftServerConfigKeys (ConfUtils.java:logGet(43)) - raft.server.write.element-limit = 4096 (default)
2019-11-13 20:58:03,994 [041049e5-d0b1-485a-83db-c9b754c02c0b@group-6EA2555946F8-LeaderElection31] INFO  server.RaftServerConfigKeys (ConfUtils.java:logGet(43)) - raft.server.watch.timeout = 10s (default)
2019-11-13 20:58:03,994 [041049e5-d0b1-485a-83db-c9b754c02c0b@group-6EA2555946F8-LeaderElection31] INFO  server.RaftServerConfigKeys (ConfUtils.java:logGet(43)) - raft.server.watch.timeout.denomination = 1s (default)
2019-11-13 20:58:03,994 [041049e5-d0b1-485a-83db-c9b754c02c0b@group-6EA2555946F8-LeaderElection31] INFO  server.RaftServerConfigKeys (ConfUtils.java:logGet(43)) - raft.server.watch.element-limit = 65536 (default)
2019-11-13 20:58:03,994 [041049e5-d0b1-485a-83db-c9b754c02c0b@group-6EA2555946F8-LeaderElection31] INFO  server.RaftServerConfigKeys (ConfUtils.java:logGet(43)) - raft.server.log.appender.snapshot.chunk.size.max = 16MB (=16777216) (default)
2019-11-13 20:58:03,994 [041049e5-d0b1-485a-83db-c9b754c02c0b@group-6EA2555946F8-LeaderElection31] INFO  server.RaftServerConfigKeys (ConfUtils.java:logGet(43)) - raft.server.log.appender.buffer.byte-limit = 33554432 (custom)
2019-11-13 20:58:03,995 [041049e5-d0b1-485a-83db-c9b754c02c0b@group-6EA2555946F8-LeaderElection31] INFO  server.RaftServerConfigKeys (ConfUtils.java:logGet(43)) - raft.server.log.appender.buffer.element-limit = 1 (custom)
2019-11-13 20:58:03,995 [041049e5-d0b1-485a-83db-c9b754c02c0b@group-6EA2555946F8-LeaderElection31] INFO  grpc.GrpcConfigKeys$Server (ConfUtils.java:logGet(43)) - raft.grpc.server.leader.outstanding.appends.max = 128 (default)
2019-11-13 20:58:03,995 [041049e5-d0b1-485a-83db-c9b754c02c0b@group-6EA2555946F8-LeaderElection31] INFO  server.RaftServerConfigKeys (ConfUtils.java:logGet(43)) - raft.server.rpc.request.timeout = 3000ms (default)
2019-11-13 20:58:03,995 [041049e5-d0b1-485a-83db-c9b754c02c0b@group-6EA2555946F8-LeaderElection31] INFO  server.RaftServerConfigKeys (ConfUtils.java:logGet(43)) - raft.server.log.appender.install.snapshot.enabled = false (custom)
2019-11-13 20:58:03,995 [041049e5-d0b1-485a-83db-c9b754c02c0b@group-6EA2555946F8-LeaderElection31] WARN  impl.MetricRegistriesImpl (MetricRegistriesImpl.java:lambda$create$1(61)) - First MetricRegistry has been created without registering reporters. You may need to call MetricRegistries.global().addReportRegistration(...) before.
2019-11-13 20:58:03,996 [041049e5-d0b1-485a-83db-c9b754c02c0b@group-6EA2555946F8-LeaderElection31] INFO  server.RaftServerConfigKeys (ConfUtils.java:logGet(43)) - raft.server.log.appender.snapshot.chunk.size.max = 16MB (=16777216) (default)
2019-11-13 20:58:03,996 [041049e5-d0b1-485a-83db-c9b754c02c0b@group-6EA2555946F8-LeaderElection31] INFO  server.RaftServerConfigKeys (ConfUtils.java:logGet(43)) - raft.server.log.appender.buffer.byte-limit = 33554432 (custom)
2019-11-13 20:58:03,996 [041049e5-d0b1-485a-83db-c9b754c02c0b@group-6EA2555946F8-LeaderElection31] INFO  server.RaftServerConfigKeys (ConfUtils.java:logGet(43)) - raft.server.log.appender.buffer.element-limit = 1 (custom)
2019-11-13 20:58:03,996 [041049e5-d0b1-485a-83db-c9b754c02c0b@group-6EA2555946F8-LeaderElection31] INFO  grpc.GrpcConfigKeys$Server (ConfUtils.java:logGet(43)) - raft.grpc.server.leader.outstanding.appends.max = 128 (default)
2019-11-13 20:58:03,996 [041049e5-d0b1-485a-83db-c9b754c02c0b@group-6EA2555946F8-LeaderElection31] INFO  server.RaftServerConfigKeys (ConfUtils.java:logGet(43)) - raft.server.rpc.request.timeout = 3000ms (default)
2019-11-13 20:58:03,996 [041049e5-d0b1-485a-83db-c9b754c02c0b@group-6EA2555946F8-LeaderElection31] INFO  server.RaftServerConfigKeys (ConfUtils.java:logGet(43)) - raft.server.log.appender.install.snapshot.enabled = false (custom)
2019-11-13 20:58:03,996 [041049e5-d0b1-485a-83db-c9b754c02c0b@group-6EA2555946F8-LeaderElection31] INFO  impl.RoleInfo (RoleInfo.java:updateAndGet(143)) - 041049e5-d0b1-485a-83db-c9b754c02c0b: start LeaderState
2019-11-13 20:58:03,997 [041049e5-d0b1-485a-83db-c9b754c02c0b@group-6EA2555946F8-LeaderElection31] INFO  segmented.SegmentedRaftLogWorker (SegmentedRaftLogWorker.java:startLogSegment(385)) - 041049e5-d0b1-485a-83db-c9b754c02c0b@group-6EA2555946F8-SegmentedRaftLogWorker: Starting segment from index:0
2019-11-13 20:58:03,998 [041049e5-d0b1-485a-83db-c9b754c02c0b@group-6EA2555946F8-LeaderElection31] INFO  impl.RaftServerImpl (ServerState.java:setRaftConf(356)) - 041049e5-d0b1-485a-83db-c9b754c02c0b@group-6EA2555946F8: set configuration 0: [5a742ae8-52f7-4967-86dd-fb4d4bdf83a1:192.168.34.38:42634, 041049e5-d0b1-485a-83db-c9b754c02c0b:192.168.34.38:38956, 977dfc91-ccca-4ee4-9372-b97b2f75a011:192.168.34.38:46558], old=null at 0
2019-11-13 20:58:04,028 [grpc-default-executor-1] INFO  ratis.XceiverServerRatis (XceiverServerRatis.java:handleLeaderChangedNotification(697)) - Leader change notification received for group: group-6EA2555946F8 with new leaderId: 041049e5-d0b1-485a-83db-c9b754c02c0b
2019-11-13 20:58:04,029 [grpc-default-executor-1] INFO  impl.RaftServerImpl (ServerState.java:setLeader(255)) - 5a742ae8-52f7-4967-86dd-fb4d4bdf83a1@group-6EA2555946F8: change Leader from null to 041049e5-d0b1-485a-83db-c9b754c02c0b at term 1 for appendEntries, leader elected after 5115ms
2019-11-13 20:58:04,030 [grpc-default-executor-2] INFO  ratis.XceiverServerRatis (XceiverServerRatis.java:handleLeaderChangedNotification(697)) - Leader change notification received for group: group-6EA2555946F8 with new leaderId: 041049e5-d0b1-485a-83db-c9b754c02c0b
2019-11-13 20:58:04,030 [grpc-default-executor-2] INFO  impl.RaftServerImpl (ServerState.java:setLeader(255)) - 977dfc91-ccca-4ee4-9372-b97b2f75a011@group-6EA2555946F8: change Leader from null to 041049e5-d0b1-485a-83db-c9b754c02c0b at term 1 for appendEntries, leader elected after 5115ms
2019-11-13 20:58:04,030 [grpc-default-executor-0] INFO  impl.RaftServerProxy (RaftServerProxy.java:remove(95)) - 041049e5-d0b1-485a-83db-c9b754c02c0b: remove    LEADER 041049e5-d0b1-485a-83db-c9b754c02c0b@group-6EA2555946F8:t1, leader=041049e5-d0b1-485a-83db-c9b754c02c0b, voted=041049e5-d0b1-485a-83db-c9b754c02c0b, raftlog=041049e5-d0b1-485a-83db-c9b754c02c0b@group-6EA2555946F8-SegmentedRaftLog:OPENED:c-1,f-1,i0, conf=0: [5a742ae8-52f7-4967-86dd-fb4d4bdf83a1:192.168.34.38:42634, 041049e5-d0b1-485a-83db-c9b754c02c0b:192.168.34.38:38956, 977dfc91-ccca-4ee4-9372-b97b2f75a011:192.168.34.38:46558], old=null RUNNING
2019-11-13 20:58:04,031 [grpc-default-executor-0] INFO  impl.RaftServerImpl (RaftServerImpl.java:lambda$shutdown$3(250)) - 041049e5-d0b1-485a-83db-c9b754c02c0b@group-6EA2555946F8: shutdown
2019-11-13 20:58:04,031 [grpc-default-executor-0] INFO  util.JmxRegister (JmxRegister.java:unregister(73)) - Successfully un-registered JMX Bean with object name Ratis:service=RaftServer,group=group-6EA2555946F8,id=041049e5-d0b1-485a-83db-c9b754c02c0b
2019-11-13 20:58:04,031 [grpc-default-executor-0] INFO  impl.RoleInfo (RoleInfo.java:shutdownLeaderState(104)) - 041049e5-d0b1-485a-83db-c9b754c02c0b: shutdown LeaderState
2019-11-13 20:58:04,033 [org.apache.ratis.server.impl.LogAppender$AppenderDaemon$$Lambda$436/1903612562@1679f01a] WARN  server.GrpcLogAppender (GrpcLogAppender.java:mayWait(151)) - 041049e5-d0b1-485a-83db-c9b754c02c0b@group-6EA2555946F8->5a742ae8-52f7-4967-86dd-fb4d4bdf83a1-GrpcLogAppender: Wait interrupted by java.lang.InterruptedException
2019-11-13 20:58:04,034 [041049e5-d0b1-485a-83db-c9b754c02c0b@group-6EA2555946F8-SegmentedRaftLogWorker] INFO  segmented.SegmentedRaftLogWorker (SegmentedRaftLogWorker.java:execute(576)) - 041049e5-d0b1-485a-83db-c9b754c02c0b@group-6EA2555946F8-SegmentedRaftLogWorker: created new log segment /workdir/hadoop-ozone/ozonefs/target/test-dir/MiniOzoneClusterImpl-9c9fe64c-fda1-4d3c-8cbf-c026fac25340/datanode-2/data/ratis/c615d1d2-6e4b-4fcf-a8fb-6ea2555946f8/current/log_inprogress_0
2019-11-13 20:58:04,034 [grpc-default-executor-0] INFO  impl.PendingRequests (PendingRequests.java:sendNotLeaderResponses(206)) - 041049e5-d0b1-485a-83db-c9b754c02c0b@group-6EA2555946F8-PendingRequests: sendNotLeaderResponses
2019-11-13 20:58:04,034 [grpc-default-executor-2] INFO  impl.RaftServerImpl (ServerState.java:setRaftConf(356)) - 5a742ae8-52f7-4967-86dd-fb4d4bdf83a1@group-6EA2555946F8: set configuration 0: [5a742ae8-52f7-4967-86dd-fb4d4bdf83a1:192.168.34.38:42634, 041049e5-d0b1-485a-83db-c9b754c02c0b:192.168.34.38:38956, 977dfc91-ccca-4ee4-9372-b97b2f75a011:192.168.34.38:46558], old=null at 0
2019-11-13 20:58:04,035 [grpc-default-executor-0] INFO  impl.StateMachineUpdater (StateMachineUpdater.java:stopAndJoin(136)) - 041049e5-d0b1-485a-83db-c9b754c02c0b@group-6EA2555946F8-StateMachineUpdater: set stopIndex = -1
2019-11-13 20:58:04,034 [grpc-default-executor-1] INFO  impl.RaftServerImpl (ServerState.java:setRaftConf(356)) - 977dfc91-ccca-4ee4-9372-b97b2f75a011@group-6EA2555946F8: set configuration 0: [5a742ae8-52f7-4967-86dd-fb4d4bdf83a1:192.168.34.38:42634, 041049e5-d0b1-485a-83db-c9b754c02c0b:192.168.34.38:38956, 977dfc91-ccca-4ee4-9372-b97b2f75a011:192.168.34.38:46558], old=null at 0
2019-11-13 20:58:04,035 [grpc-default-executor-0] INFO  impl.RaftServerImpl (ServerState.java:close(387)) - 041049e5-d0b1-485a-83db-c9b754c02c0b@group-6EA2555946F8: closes. applyIndex: -1
2019-11-13 20:58:04,035 [org.apache.ratis.server.impl.LogAppender$AppenderDaemon$$Lambda$436/1903612562@537b7cb1] WARN  server.GrpcLogAppender (GrpcLogAppender.java:mayWait(151)) - 041049e5-d0b1-485a-83db-c9b754c02c0b@group-6EA2555946F8->977dfc91-ccca-4ee4-9372-b97b2f75a011-GrpcLogAppender: Wait interrupted by java.lang.InterruptedException
2019-11-13 20:58:04,035 [grpc-default-executor-2] INFO  segmented.SegmentedRaftLogWorker (SegmentedRaftLogWorker.java:startLogSegment(385)) - 5a742ae8-52f7-4967-86dd-fb4d4bdf83a1@group-6EA2555946F8-SegmentedRaftLogWorker: Starting segment from index:0
2019-11-13 20:58:04,035 [grpc-default-executor-1] INFO  segmented.SegmentedRaftLogWorker (SegmentedRaftLogWorker.java:startLogSegment(385)) - 977dfc91-ccca-4ee4-9372-b97b2f75a011@group-6EA2555946F8-SegmentedRaftLogWorker: Starting segment from index:0
2019-11-13 20:58:04,037 [grpc-default-executor-1] INFO  server.GrpcServerProtocolService (GrpcServerProtocolService.java:onCompleted(113)) - 977dfc91-ccca-4ee4-9372-b97b2f75a011: Completed APPEND_ENTRIES, lastRequest: 041049e5-d0b1-485a-83db-c9b754c02c0b->977dfc91-ccca-4ee4-9372-b97b2f75a011#1-t1, previous=(t:0, i:0), leaderCommit=-1, initializing? false, entries: size=1, first=(t:1, i:0), CONFIGURATIONENTRY
2019-11-13 20:58:04,037 [grpc-default-executor-2] INFO  server.GrpcServerProtocolService (GrpcServerProtocolService.java:onCompleted(113)) - 5a742ae8-52f7-4967-86dd-fb4d4bdf83a1: Completed APPEND_ENTRIES, lastRequest: 041049e5-d0b1-485a-83db-c9b754c02c0b->5a742ae8-52f7-4967-86dd-fb4d4bdf83a1#1-t1, previous=(t:0, i:0), leaderCommit=-1, initializing? false, entries: size=1, first=(t:1, i:0), CONFIGURATIONENTRY
2019-11-13 20:58:04,039 [grpc-default-executor-1] INFO  server.GrpcLogAppender (GrpcLogAppender.java:onCompleted(308)) - 041049e5-d0b1-485a-83db-c9b754c02c0b@group-6EA2555946F8->5a742ae8-52f7-4967-86dd-fb4d4bdf83a1-AppendLogResponseHandler: follower responses appendEntries COMPLETED
2019-11-13 20:58:04,062 [Thread-1904] INFO  impl.FollowerState (FollowerState.java:run(111)) - 5a742ae8-52f7-4967-86dd-fb4d4bdf83a1@group-029730BF0903-FollowerState: change to CANDIDATE, lastRpcTime:5102ms, electionTimeout:5088ms
2019-11-13 20:58:04,062 [Thread-1904] INFO  impl.RoleInfo (RoleInfo.java:shutdownFollowerState(121)) - 5a742ae8-52f7-4967-86dd-fb4d4bdf83a1: shutdown FollowerState
2019-11-13 20:58:04,062 [Thread-1904] INFO  impl.RaftServerImpl (RaftServerImpl.java:setRole(173)) - 5a742ae8-52f7-4967-86dd-fb4d4bdf83a1@group-029730BF0903: changes role from  FOLLOWER to CANDIDATE at term 0 for changeToCandidate
2019-11-13 20:58:04,062 [grpc-default-executor-2] INFO  server.GrpcLogAppender (GrpcLogAppender.java:onCompleted(308)) - 041049e5-d0b1-485a-83db-c9b754c02c0b@group-6EA2555946F8->977dfc91-ccca-4ee4-9372-b97b2f75a011-AppendLogResponseHandler: follower responses appendEntries COMPLETED
2019-11-13 20:58:04,062 [Thread-1904] INFO  impl.RoleInfo (RoleInfo.java:updateAndGet(143)) - 5a742ae8-52f7-4967-86dd-fb4d4bdf83a1: start LeaderElection
2019-11-13 20:58:04,066 [grpc-default-executor-1] INFO  impl.FollowerInfo (FollowerInfo.java:lambda$new$0(51)) - 041049e5-d0b1-485a-83db-c9b754c02c0b@group-6EA2555946F8->5a742ae8-52f7-4967-86dd-fb4d4bdf83a1: nextIndex: updateUnconditionally 1 -> 0
2019-11-13 20:58:04,067 [grpc-default-executor-2] INFO  impl.FollowerInfo (FollowerInfo.java:lambda$new$0(51)) - 041049e5-d0b1-485a-83db-c9b754c02c0b@group-6EA2555946F8->977dfc91-ccca-4ee4-9372-b97b2f75a011: nextIndex: updateUnconditionally 1 -> 0
2019-11-13 20:58:04,075 [041049e5-d0b1-485a-83db-c9b754c02c0b@group-6EA2555946F8-SegmentedRaftLogWorker] INFO  segmented.SegmentedRaftLogWorker (SegmentedRaftLogWorker.java:run(323)) - 041049e5-d0b1-485a-83db-c9b754c02c0b@group-6EA2555946F8-SegmentedRaftLogWorker got closed and hit exception
java.lang.NullPointerException
	at org.apache.hadoop.hdds.protocol.proto.StorageContainerDatanodeProtocolProtos$ClosePipelineInfo$Builder.setDetailedReason(StorageContainerDatanodeProtocolProtos.java:22682)
	at org.apache.hadoop.ozone.container.common.transport.server.ratis.XceiverServerRatis.triggerPipelineClose(XceiverServerRatis.java:573)
	at org.apache.hadoop.ozone.container.common.transport.server.ratis.XceiverServerRatis.handleNodeLogFailure(XceiverServerRatis.java:673)
	at org.apache.hadoop.ozone.container.common.transport.server.ratis.ContainerStateMachine.notifyLogFailed(ContainerStateMachine.java:824)
	at org.apache.ratis.server.raftlog.segmented.SegmentedRaftLogWorker$WriteLog.failed(SegmentedRaftLogWorker.java:460)
	at org.apache.ratis.server.raftlog.segmented.SegmentedRaftLogWorker.run(SegmentedRaftLogWorker.java:300)
	at java.lang.Thread.run(Thread.java:748)
2019-11-13 20:58:04,075 [grpc-default-executor-0] INFO  segmented.SegmentedRaftLogWorker (SegmentedRaftLogWorker.java:close(224)) - 041049e5-d0b1-485a-83db-c9b754c02c0b@group-6EA2555946F8-SegmentedRaftLogWorker close()
2019-11-13 20:58:04,077 [977dfc91-ccca-4ee4-9372-b97b2f75a011@group-6EA2555946F8-SegmentedRaftLogWorker] INFO  segmented.SegmentedRaftLogWorker (SegmentedRaftLogWorker.java:execute(576)) - 977dfc91-ccca-4ee4-9372-b97b2f75a011@group-6EA2555946F8-SegmentedRaftLogWorker: created new log segment /workdir/hadoop-ozone/ozonefs/target/test-dir/MiniOzoneClusterImpl-9c9fe64c-fda1-4d3c-8cbf-c026fac25340/datanode-1/data/ratis/c615d1d2-6e4b-4fcf-a8fb-6ea2555946f8/current/log_inprogress_0
2019-11-13 20:58:04,077 [5a742ae8-52f7-4967-86dd-fb4d4bdf83a1@group-6EA2555946F8-SegmentedRaftLogWorker] INFO  segmented.SegmentedRaftLogWorker (SegmentedRaftLogWorker.java:execute(576)) - 5a742ae8-52f7-4967-86dd-fb4d4bdf83a1@group-6EA2555946F8-SegmentedRaftLogWorker: created new log segment /workdir/hadoop-ozone/ozonefs/target/test-dir/MiniOzoneClusterImpl-9c9fe64c-fda1-4d3c-8cbf-c026fac25340/datanode-0/data/ratis/c615d1d2-6e4b-4fcf-a8fb-6ea2555946f8/current/log_inprogress_0
2019-11-13 20:58:04,081 [5a742ae8-52f7-4967-86dd-fb4d4bdf83a1@group-029730BF0903-LeaderElection32] INFO  impl.LeaderElection (LeaderElection.java:askForVotes(178)) - 5a742ae8-52f7-4967-86dd-fb4d4bdf83a1@group-029730BF0903-LeaderElection32: begin an election at term 1 for -1: [5a742ae8-52f7-4967-86dd-fb4d4bdf83a1:192.168.34.38:42634], old=null
2019-11-13 20:58:04,081 [5a742ae8-52f7-4967-86dd-fb4d4bdf83a1@group-029730BF0903-LeaderElection32] INFO  impl.RoleInfo (RoleInfo.java:shutdownLeaderElection(134)) - 5a742ae8-52f7-4967-86dd-fb4d4bdf83a1: shutdown LeaderElection
2019-11-13 20:58:04,081 [5a742ae8-52f7-4967-86dd-fb4d4bdf83a1@group-029730BF0903-LeaderElection32] INFO  impl.RaftServerImpl (RaftServerImpl.java:setRole(173)) - 5a742ae8-52f7-4967-86dd-fb4d4bdf83a1@group-029730BF0903: changes role from CANDIDATE to LEADER at term 1 for changeToLeader
2019-11-13 20:58:04,081 [5a742ae8-52f7-4967-86dd-fb4d4bdf83a1@group-029730BF0903-LeaderElection32] INFO  ratis.XceiverServerRatis (XceiverServerRatis.java:handleLeaderChangedNotification(697)) - Leader change notification received for group: group-029730BF0903 with new leaderId: 5a742ae8-52f7-4967-86dd-fb4d4bdf83a1
2019-11-13 20:58:04,082 [5a742ae8-52f7-4967-86dd-fb4d4bdf83a1@group-029730BF0903-LeaderElection32] INFO  impl.RaftServerImpl (ServerState.java:setLeader(255)) - 5a742ae8-52f7-4967-86dd-fb4d4bdf83a1@group-029730BF0903: change Leader from null to 5a742ae8-52f7-4967-86dd-fb4d4bdf83a1 at term 1 for becomeLeader, leader elected after 5127ms
2019-11-13 20:58:04,082 [5a742ae8-52f7-4967-86dd-fb4d4bdf83a1@group-029730BF0903-LeaderElection32] INFO  server.RaftServerConfigKeys (ConfUtils.java:logGet(43)) - raft.server.staging.catchup.gap = 1000 (default)
2019-11-13 20:58:04,082 [5a742ae8-52f7-4967-86dd-fb4d4bdf83a1@group-029730BF0903-LeaderElection32] INFO  server.RaftServerConfigKeys (ConfUtils.java:logGet(43)) - raft.server.rpc.sleep.time = 25ms (default)
2019-11-13 20:58:04,083 [5a742ae8-52f7-4967-86dd-fb4d4bdf83a1@group-029730BF0903-LeaderElection32] INFO  server.RaftServerConfigKeys (ConfUtils.java:logGet(43)) - raft.server.write.element-limit = 4096 (default)
2019-11-13 20:58:04,083 [5a742ae8-52f7-4967-86dd-fb4d4bdf83a1@group-029730BF0903-LeaderElection32] INFO  server.RaftServerConfigKeys (ConfUtils.java:logGet(43)) - raft.server.watch.timeout = 10s (default)
2019-11-13 20:58:04,083 [5a742ae8-52f7-4967-86dd-fb4d4bdf83a1@group-029730BF0903-LeaderElection32] INFO  server.RaftServerConfigKeys (ConfUtils.java:logGet(43)) - raft.server.watch.timeout.denomination = 1s (default)
2019-11-13 20:58:04,083 [5a742ae8-52f7-4967-86dd-fb4d4bdf83a1@group-029730BF0903-LeaderElection32] INFO  server.RaftServerConfigKeys (ConfUtils.java:logGet(43)) - raft.server.watch.element-limit = 65536 (default)
2019-11-13 20:58:04,083 [5a742ae8-52f7-4967-86dd-fb4d4bdf83a1@group-029730BF0903-LeaderElection32] INFO  impl.RoleInfo (RoleInfo.java:updateAndGet(143)) - 5a742ae8-52f7-4967-86dd-fb4d4bdf83a1: start LeaderState
2019-11-13 20:58:04,083 [5a742ae8-52f7-4967-86dd-fb4d4bdf83a1@group-029730BF0903-LeaderElection32] INFO  segmented.SegmentedRaftLogWorker (SegmentedRaftLogWorker.java:startLogSegment(385)) - 5a742ae8-52f7-4967-86dd-fb4d4bdf83a1@group-029730BF0903-SegmentedRaftLogWorker: Starting segment from index:0
2019-11-13 20:58:04,084 [EventQueue-PipelineReportForPipelineReportHandler] INFO  pipeline.PipelineStateManager (PipelineStateManager.java:openPipeline(134)) - Pipeline Pipeline[ Id: 64f47ec5-156a-4919-bc2b-029730bf0903, Nodes: 5a742ae8-52f7-4967-86dd-fb4d4bdf83a1{ip: 192.168.34.38, host: pr-hdds-2469-rfsxc-843238572, networkLocation: /default-rack, certSerialId: null}, Type:RATIS, Factor:ONE, State:OPEN] moved to OPEN state
2019-11-13 20:58:04,084 [5a742ae8-52f7-4967-86dd-fb4d4bdf83a1@group-029730BF0903-LeaderElection32] INFO  impl.RaftServerImpl (ServerState.java:setRaftConf(356)) - 5a742ae8-52f7-4967-86dd-fb4d4bdf83a1@group-029730BF0903: set configuration 0: [5a742ae8-52f7-4967-86dd-fb4d4bdf83a1:192.168.34.38:42634], old=null at 0
2019-11-13 20:58:04,113 [grpc-default-executor-0] INFO  impl.RaftServerProxy (RaftServerProxy.java:remove(95)) - 5a742ae8-52f7-4967-86dd-fb4d4bdf83a1: remove  FOLLOWER 5a742ae8-52f7-4967-86dd-fb4d4bdf83a1@group-73F6A306516A:t0, leader=null, voted=null, raftlog=5a742ae8-52f7-4967-86dd-fb4d4bdf83a1@group-73F6A306516A-SegmentedRaftLog:OPENED:c-1,f-1,i0, conf=-1: [5a742ae8-52f7-4967-86dd-fb4d4bdf83a1:192.168.34.38:42634], old=null RUNNING
2019-11-13 20:58:04,113 [grpc-default-executor-0] INFO  impl.RaftServerImpl (RaftServerImpl.java:lambda$shutdown$3(250)) - 5a742ae8-52f7-4967-86dd-fb4d4bdf83a1@group-73F6A306516A: shutdown
2019-11-13 20:58:04,113 [grpc-default-executor-0] INFO  util.JmxRegister (JmxRegister.java:unregister(73)) - Successfully un-registered JMX Bean with object name Ratis:service=RaftServer,group=group-73F6A306516A,id=5a742ae8-52f7-4967-86dd-fb4d4bdf83a1
2019-11-13 20:58:04,113 [grpc-default-executor-0] INFO  impl.RoleInfo (RoleInfo.java:shutdownFollowerState(121)) - 5a742ae8-52f7-4967-86dd-fb4d4bdf83a1: shutdown FollowerState
2019-11-13 20:58:04,114 [grpc-default-executor-0] INFO  impl.StateMachineUpdater (StateMachineUpdater.java:stopAndJoin(136)) - 5a742ae8-52f7-4967-86dd-fb4d4bdf83a1@group-73F6A306516A-StateMachineUpdater: set stopIndex = -1
2019-11-13 20:58:04,114 [Thread-1895] INFO  impl.FollowerState (FollowerState.java:run(120)) - 5a742ae8-52f7-4967-86dd-fb4d4bdf83a1@group-73F6A306516A-FollowerState was interrupted: java.lang.InterruptedException: sleep interrupted
2019-11-13 20:58:04,114 [grpc-default-executor-0] INFO  impl.RaftServerImpl (ServerState.java:close(387)) - 5a742ae8-52f7-4967-86dd-fb4d4bdf83a1@group-73F6A306516A: closes. applyIndex: -1
2019-11-13 20:58:04,115 [5a742ae8-52f7-4967-86dd-fb4d4bdf83a1@group-73F6A306516A-SegmentedRaftLogWorker] INFO  segmented.SegmentedRaftLogWorker (SegmentedRaftLogWorker.java:run(316)) - 5a742ae8-52f7-4967-86dd-fb4d4bdf83a1@group-73F6A306516A-SegmentedRaftLogWorker was interrupted, exiting. There are 0 tasks remaining in the queue.
2019-11-13 20:58:04,115 [grpc-default-executor-0] INFO  segmented.SegmentedRaftLogWorker (SegmentedRaftLogWorker.java:close(224)) - 5a742ae8-52f7-4967-86dd-fb4d4bdf83a1@group-73F6A306516A-SegmentedRaftLogWorker close()
2019-11-13 20:58:04,125 [grpc-default-executor-0] INFO  impl.RaftServerProxy (RaftServerProxy.java:remove(95)) - 5a742ae8-52f7-4967-86dd-fb4d4bdf83a1: remove  FOLLOWER 5a742ae8-52f7-4967-86dd-fb4d4bdf83a1@group-6EA2555946F8:t1, leader=041049e5-d0b1-485a-83db-c9b754c02c0b, voted=041049e5-d0b1-485a-83db-c9b754c02c0b, raftlog=5a742ae8-52f7-4967-86dd-fb4d4bdf83a1@group-6EA2555946F8-SegmentedRaftLog:OPENED:c-1,f0,i0, conf=0: [5a742ae8-52f7-4967-86dd-fb4d4bdf83a1:192.168.34.38:42634, 041049e5-d0b1-485a-83db-c9b754c02c0b:192.168.34.38:38956, 977dfc91-ccca-4ee4-9372-b97b2f75a011:192.168.34.38:46558], old=null RUNNING
2019-11-13 20:58:04,125 [grpc-default-executor-0] INFO  impl.RaftServerImpl (RaftServerImpl.java:lambda$shutdown$3(250)) - 5a742ae8-52f7-4967-86dd-fb4d4bdf83a1@group-6EA2555946F8: shutdown
2019-11-13 20:58:04,125 [grpc-default-executor-0] INFO  util.JmxRegister (JmxRegister.java:unregister(73)) - Successfully un-registered JMX Bean with object name Ratis:service=RaftServer,group=group-6EA2555946F8,id=5a742ae8-52f7-4967-86dd-fb4d4bdf83a1
2019-11-13 20:58:04,125 [grpc-default-executor-0] INFO  impl.RoleInfo (RoleInfo.java:shutdownFollowerState(121)) - 5a742ae8-52f7-4967-86dd-fb4d4bdf83a1: shutdown FollowerState
2019-11-13 20:58:04,125 [grpc-default-executor-0] INFO  impl.StateMachineUpdater (StateMachineUpdater.java:stopAndJoin(136)) - 5a742ae8-52f7-4967-86dd-fb4d4bdf83a1@group-6EA2555946F8-StateMachineUpdater: set stopIndex = -1
2019-11-13 20:58:04,125 [Thread-1925] INFO  impl.FollowerState (FollowerState.java:run(120)) - 5a742ae8-52f7-4967-86dd-fb4d4bdf83a1@group-6EA2555946F8-FollowerState was interrupted: java.lang.InterruptedException: sleep interrupted
2019-11-13 20:58:04,125 [grpc-default-executor-0] INFO  impl.RaftServerImpl (ServerState.java:close(387)) - 5a742ae8-52f7-4967-86dd-fb4d4bdf83a1@group-6EA2555946F8: closes. applyIndex: -1
2019-11-13 20:58:04,127 [5a742ae8-52f7-4967-86dd-fb4d4bdf83a1@group-029730BF0903-SegmentedRaftLogWorker] INFO  segmented.SegmentedRaftLogWorker (SegmentedRaftLogWorker.java:execute(576)) - 5a742ae8-52f7-4967-86dd-fb4d4bdf83a1@group-029730BF0903-SegmentedRaftLogWorker: created new log segment /workdir/hadoop-ozone/ozonefs/target/test-dir/MiniOzoneClusterImpl-9c9fe64c-fda1-4d3c-8cbf-c026fac25340/datanode-0/data/ratis/64f47ec5-156a-4919-bc2b-029730bf0903/current/log_inprogress_0
2019-11-13 20:58:04,127 [5a742ae8-52f7-4967-86dd-fb4d4bdf83a1@group-6EA2555946F8-SegmentedRaftLogWorker] INFO  segmented.SegmentedRaftLogWorker (SegmentedRaftLogWorker.java:run(316)) - 5a742ae8-52f7-4967-86dd-fb4d4bdf83a1@group-6EA2555946F8-SegmentedRaftLogWorker was interrupted, exiting. There are 0 tasks remaining in the queue.
2019-11-13 20:58:04,128 [grpc-default-executor-0] INFO  segmented.SegmentedRaftLogWorker (SegmentedRaftLogWorker.java:close(224)) - 5a742ae8-52f7-4967-86dd-fb4d4bdf83a1@group-6EA2555946F8-SegmentedRaftLogWorker close()
2019-11-13 20:58:04,161 [Thread-1907] INFO  impl.FollowerState (FollowerState.java:run(111)) - 041049e5-d0b1-485a-83db-c9b754c02c0b@group-549A6E1A51D1-FollowerState: change to CANDIDATE, lastRpcTime:5157ms, electionTimeout:5157ms
2019-11-13 20:58:04,161 [Thread-1907] INFO  impl.RoleInfo (RoleInfo.java:shutdownFollowerState(121)) - 041049e5-d0b1-485a-83db-c9b754c02c0b: shutdown FollowerState
2019-11-13 20:58:04,161 [Thread-1907] INFO  impl.RaftServerImpl (RaftServerImpl.java:setRole(173)) - 041049e5-d0b1-485a-83db-c9b754c02c0b@group-549A6E1A51D1: changes role from  FOLLOWER to CANDIDATE at term 0 for changeToCandidate
2019-11-13 20:58:04,161 [Thread-1907] INFO  impl.RoleInfo (RoleInfo.java:updateAndGet(143)) - 041049e5-d0b1-485a-83db-c9b754c02c0b: start LeaderElection
2019-11-13 20:58:04,170 [041049e5-d0b1-485a-83db-c9b754c02c0b@group-549A6E1A51D1-LeaderElection33] INFO  impl.LeaderElection (LeaderElection.java:askForVotes(178)) - 041049e5-d0b1-485a-83db-c9b754c02c0b@group-549A6E1A51D1-LeaderElection33: begin an election at term 1 for -1: [041049e5-d0b1-485a-83db-c9b754c02c0b:192.168.34.38:38956], old=null
2019-11-13 20:58:04,170 [041049e5-d0b1-485a-83db-c9b754c02c0b@group-549A6E1A51D1-LeaderElection33] INFO  impl.RoleInfo (RoleInfo.java:shutdownLeaderElection(134)) - 041049e5-d0b1-485a-83db-c9b754c02c0b: shutdown LeaderElection
2019-11-13 20:58:04,170 [041049e5-d0b1-485a-83db-c9b754c02c0b@group-549A6E1A51D1-LeaderElection33] INFO  impl.RaftServerImpl (RaftServerImpl.java:setRole(173)) - 041049e5-d0b1-485a-83db-c9b754c02c0b@group-549A6E1A51D1: changes role from CANDIDATE to LEADER at term 1 for changeToLeader
2019-11-13 20:58:04,170 [041049e5-d0b1-485a-83db-c9b754c02c0b@group-549A6E1A51D1-LeaderElection33] INFO  ratis.XceiverServerRatis (XceiverServerRatis.java:handleLeaderChangedNotification(697)) - Leader change notification received for group: group-549A6E1A51D1 with new leaderId: 041049e5-d0b1-485a-83db-c9b754c02c0b
2019-11-13 20:58:04,170 [041049e5-d0b1-485a-83db-c9b754c02c0b@group-549A6E1A51D1-LeaderElection33] INFO  impl.RaftServerImpl (ServerState.java:setLeader(255)) - 041049e5-d0b1-485a-83db-c9b754c02c0b@group-549A6E1A51D1: change Leader from null to 041049e5-d0b1-485a-83db-c9b754c02c0b at term 1 for becomeLeader, leader elected after 5170ms
2019-11-13 20:58:04,170 [041049e5-d0b1-485a-83db-c9b754c02c0b@group-549A6E1A51D1-LeaderElection33] INFO  server.RaftServerConfigKeys (ConfUtils.java:logGet(43)) - raft.server.staging.catchup.gap = 1000 (default)
2019-11-13 20:58:04,170 [041049e5-d0b1-485a-83db-c9b754c02c0b@group-549A6E1A51D1-LeaderElection33] INFO  server.RaftServerConfigKeys (ConfUtils.java:logGet(43)) - raft.server.rpc.sleep.time = 25ms (default)
2019-11-13 20:58:04,170 [041049e5-d0b1-485a-83db-c9b754c02c0b@group-549A6E1A51D1-LeaderElection33] INFO  server.RaftServerConfigKeys (ConfUtils.java:logGet(43)) - raft.server.write.element-limit = 4096 (default)
2019-11-13 20:58:04,171 [041049e5-d0b1-485a-83db-c9b754c02c0b@group-549A6E1A51D1-LeaderElection33] INFO  server.RaftServerConfigKeys (ConfUtils.java:logGet(43)) - raft.server.watch.timeout = 10s (default)
2019-11-13 20:58:04,171 [041049e5-d0b1-485a-83db-c9b754c02c0b@group-549A6E1A51D1-LeaderElection33] INFO  server.RaftServerConfigKeys (ConfUtils.java:logGet(43)) - raft.server.watch.timeout.denomination = 1s (default)
2019-11-13 20:58:04,171 [041049e5-d0b1-485a-83db-c9b754c02c0b@group-549A6E1A51D1-LeaderElection33] INFO  server.RaftServerConfigKeys (ConfUtils.java:logGet(43)) - raft.server.watch.element-limit = 65536 (default)
2019-11-13 20:58:04,171 [041049e5-d0b1-485a-83db-c9b754c02c0b@group-549A6E1A51D1-LeaderElection33] INFO  impl.RoleInfo (RoleInfo.java:updateAndGet(143)) - 041049e5-d0b1-485a-83db-c9b754c02c0b: start LeaderState
2019-11-13 20:58:04,171 [041049e5-d0b1-485a-83db-c9b754c02c0b@group-549A6E1A51D1-LeaderElection33] INFO  segmented.SegmentedRaftLogWorker (SegmentedRaftLogWorker.java:startLogSegment(385)) - 041049e5-d0b1-485a-83db-c9b754c02c0b@group-549A6E1A51D1-SegmentedRaftLogWorker: Starting segment from index:0
2019-11-13 20:58:04,171 [EventQueue-PipelineReportForPipelineReportHandler] INFO  pipeline.PipelineStateManager (PipelineStateManager.java:openPipeline(134)) - Pipeline Pipeline[ Id: aee4c3b4-f644-4599-b57a-549a6e1a51d1, Nodes: 041049e5-d0b1-485a-83db-c9b754c02c0b{ip: 192.168.34.38, host: pr-hdds-2469-rfsxc-843238572, networkLocation: /default-rack, certSerialId: null}, Type:RATIS, Factor:ONE, State:OPEN] moved to OPEN state
2019-11-13 20:58:04,172 [041049e5-d0b1-485a-83db-c9b754c02c0b@group-549A6E1A51D1-LeaderElection33] INFO  impl.RaftServerImpl (ServerState.java:setRaftConf(356)) - 041049e5-d0b1-485a-83db-c9b754c02c0b@group-549A6E1A51D1: set configuration 0: [041049e5-d0b1-485a-83db-c9b754c02c0b:192.168.34.38:38956], old=null at 0
2019-11-13 20:58:04,206 [041049e5-d0b1-485a-83db-c9b754c02c0b@group-549A6E1A51D1-SegmentedRaftLogWorker] INFO  segmented.SegmentedRaftLogWorker (SegmentedRaftLogWorker.java:execute(576)) - 041049e5-d0b1-485a-83db-c9b754c02c0b@group-549A6E1A51D1-SegmentedRaftLogWorker: created new log segment /workdir/hadoop-ozone/ozonefs/target/test-dir/MiniOzoneClusterImpl-9c9fe64c-fda1-4d3c-8cbf-c026fac25340/datanode-2/data/ratis/aee4c3b4-f644-4599-b57a-549a6e1a51d1/current/log_inprogress_0
2019-11-13 20:58:04,342 [Thread-1913] INFO  impl.FollowerState (FollowerState.java:run(111)) - 5a742ae8-52f7-4967-86dd-fb4d4bdf83a1@group-21785714949A-FollowerState: change to CANDIDATE, lastRpcTime:5008ms, electionTimeout:5008ms
2019-11-13 20:58:04,342 [Thread-1913] INFO  impl.RoleInfo (RoleInfo.java:shutdownFollowerState(121)) - 5a742ae8-52f7-4967-86dd-fb4d4bdf83a1: shutdown FollowerState
2019-11-13 20:58:04,342 [Thread-1913] INFO  impl.RaftServerImpl (RaftServerImpl.java:setRole(173)) - 5a742ae8-52f7-4967-86dd-fb4d4bdf83a1@group-21785714949A: changes role from  FOLLOWER to CANDIDATE at term 0 for changeToCandidate
2019-11-13 20:58:04,342 [Thread-1913] INFO  impl.RoleInfo (RoleInfo.java:updateAndGet(143)) - 5a742ae8-52f7-4967-86dd-fb4d4bdf83a1: start LeaderElection
2019-11-13 20:58:04,359 [5a742ae8-52f7-4967-86dd-fb4d4bdf83a1@group-21785714949A-LeaderElection34] INFO  impl.LeaderElection (LeaderElection.java:askForVotes(178)) - 5a742ae8-52f7-4967-86dd-fb4d4bdf83a1@group-21785714949A-LeaderElection34: begin an election at term 1 for -1: [5a742ae8-52f7-4967-86dd-fb4d4bdf83a1:192.168.34.38:42634, 041049e5-d0b1-485a-83db-c9b754c02c0b:192.168.34.38:38956, 977dfc91-ccca-4ee4-9372-b97b2f75a011:192.168.34.38:46558], old=null
2019-11-13 20:58:04,364 [grpc-default-executor-0] INFO  impl.RaftServerImpl (RaftServerImpl.java:setRole(173)) - 041049e5-d0b1-485a-83db-c9b754c02c0b@group-21785714949A: changes role from  FOLLOWER to FOLLOWER at term 1 for recognizeCandidate:5a742ae8-52f7-4967-86dd-fb4d4bdf83a1
2019-11-13 20:58:04,364 [grpc-default-executor-0] INFO  impl.RoleInfo (RoleInfo.java:shutdownFollowerState(121)) - 041049e5-d0b1-485a-83db-c9b754c02c0b: shutdown FollowerState
2019-11-13 20:58:04,364 [Thread-1917] INFO  impl.FollowerState (FollowerState.java:run(120)) - 041049e5-d0b1-485a-83db-c9b754c02c0b@group-21785714949A-FollowerState was interrupted: java.lang.InterruptedException: sleep interrupted
2019-11-13 20:58:04,365 [grpc-default-executor-2] INFO  impl.RaftServerImpl (RaftServerImpl.java:setRole(173)) - 977dfc91-ccca-4ee4-9372-b97b2f75a011@group-21785714949A: changes role from  FOLLOWER to FOLLOWER at term 1 for recognizeCandidate:5a742ae8-52f7-4967-86dd-fb4d4bdf83a1
2019-11-13 20:58:04,365 [grpc-default-executor-2] INFO  impl.RoleInfo (RoleInfo.java:shutdownFollowerState(121)) - 977dfc91-ccca-4ee4-9372-b97b2f75a011: shutdown FollowerState
2019-11-13 20:58:04,365 [grpc-default-executor-0] INFO  impl.RoleInfo (RoleInfo.java:updateAndGet(143)) - 041049e5-d0b1-485a-83db-c9b754c02c0b: start FollowerState
2019-11-13 20:58:04,366 [Thread-1918] INFO  impl.FollowerState (FollowerState.java:run(120)) - 977dfc91-ccca-4ee4-9372-b97b2f75a011@group-21785714949A-FollowerState was interrupted: java.lang.InterruptedException: sleep interrupted
2019-11-13 20:58:04,365 [grpc-default-executor-2] INFO  impl.RoleInfo (RoleInfo.java:updateAndGet(143)) - 977dfc91-ccca-4ee4-9372-b97b2f75a011: start FollowerState
2019-11-13 20:58:04,371 [Thread-1910] INFO  impl.FollowerState (FollowerState.java:run(111)) - 977dfc91-ccca-4ee4-9372-b97b2f75a011@group-4EA891C87243-FollowerState: change to CANDIDATE, lastRpcTime:5057ms, electionTimeout:5057ms
2019-11-13 20:58:04,371 [Thread-1910] INFO  impl.RoleInfo (RoleInfo.java:shutdownFollowerState(121)) - 977dfc91-ccca-4ee4-9372-b97b2f75a011: shutdown FollowerState
2019-11-13 20:58:04,371 [Thread-1910] INFO  impl.RaftServerImpl (RaftServerImpl.java:setRole(173)) - 977dfc91-ccca-4ee4-9372-b97b2f75a011@group-4EA891C87243: changes role from  FOLLOWER to CANDIDATE at term 0 for changeToCandidate
2019-11-13 20:58:04,371 [Thread-1910] INFO  impl.RoleInfo (RoleInfo.java:updateAndGet(143)) - 977dfc91-ccca-4ee4-9372-b97b2f75a011: start LeaderElection
2019-11-13 20:58:04,375 [5a742ae8-52f7-4967-86dd-fb4d4bdf83a1@group-21785714949A-LeaderElection34] INFO  impl.LeaderElection (LeaderElection.java:logAndReturn(56)) - 5a742ae8-52f7-4967-86dd-fb4d4bdf83a1@group-21785714949A-LeaderElection34: Election PASSED; received 1 response(s) [5a742ae8-52f7-4967-86dd-fb4d4bdf83a1<-977dfc91-ccca-4ee4-9372-b97b2f75a011#0:OK-t1] and 0 exception(s); 5a742ae8-52f7-4967-86dd-fb4d4bdf83a1@group-21785714949A:t1, leader=null, voted=5a742ae8-52f7-4967-86dd-fb4d4bdf83a1, raftlog=5a742ae8-52f7-4967-86dd-fb4d4bdf83a1@group-21785714949A-SegmentedRaftLog:OPENED:c-1,f-1,i0, conf=-1: [5a742ae8-52f7-4967-86dd-fb4d4bdf83a1:192.168.34.38:42634, 041049e5-d0b1-485a-83db-c9b754c02c0b:192.168.34.38:38956, 977dfc91-ccca-4ee4-9372-b97b2f75a011:192.168.34.38:46558], old=null
2019-11-13 20:58:04,376 [5a742ae8-52f7-4967-86dd-fb4d4bdf83a1@group-21785714949A-LeaderElection34] INFO  impl.RoleInfo (RoleInfo.java:shutdownLeaderElection(134)) - 5a742ae8-52f7-4967-86dd-fb4d4bdf83a1: shutdown LeaderElection
2019-11-13 20:58:04,376 [5a742ae8-52f7-4967-86dd-fb4d4bdf83a1@group-21785714949A-LeaderElection34] INFO  impl.RaftServerImpl (RaftServerImpl.java:setRole(173)) - 5a742ae8-52f7-4967-86dd-fb4d4bdf83a1@group-21785714949A: changes role from CANDIDATE to LEADER at term 1 for changeToLeader
2019-11-13 20:58:04,376 [5a742ae8-52f7-4967-86dd-fb4d4bdf83a1@group-21785714949A-LeaderElection34] INFO  ratis.XceiverServerRatis (XceiverServerRatis.java:handleLeaderChangedNotification(697)) - Leader change notification received for group: group-21785714949A with new leaderId: 5a742ae8-52f7-4967-86dd-fb4d4bdf83a1
2019-11-13 20:58:04,376 [5a742ae8-52f7-4967-86dd-fb4d4bdf83a1@group-21785714949A-LeaderElection34] INFO  impl.RaftServerImpl (ServerState.java:setLeader(255)) - 5a742ae8-52f7-4967-86dd-fb4d4bdf83a1@group-21785714949A: change Leader from null to 5a742ae8-52f7-4967-86dd-fb4d4bdf83a1 at term 1 for becomeLeader, leader elected after 5044ms
2019-11-13 20:58:04,376 [5a742ae8-52f7-4967-86dd-fb4d4bdf83a1@group-21785714949A-LeaderElection34] INFO  server.RaftServerConfigKeys (ConfUtils.java:logGet(43)) - raft.server.staging.catchup.gap = 1000 (default)
2019-11-13 20:58:04,376 [5a742ae8-52f7-4967-86dd-fb4d4bdf83a1@group-21785714949A-LeaderElection34] INFO  server.RaftServerConfigKeys (ConfUtils.java:logGet(43)) - raft.server.rpc.sleep.time = 25ms (default)
2019-11-13 20:58:04,376 [5a742ae8-52f7-4967-86dd-fb4d4bdf83a1@group-21785714949A-LeaderElection34] INFO  server.RaftServerConfigKeys (ConfUtils.java:logGet(43)) - raft.server.write.element-limit = 4096 (default)
2019-11-13 20:58:04,376 [5a742ae8-52f7-4967-86dd-fb4d4bdf83a1@group-21785714949A-LeaderElection34] INFO  server.RaftServerConfigKeys (ConfUtils.java:logGet(43)) - raft.server.watch.timeout = 10s (default)
2019-11-13 20:58:04,377 [5a742ae8-52f7-4967-86dd-fb4d4bdf83a1@group-21785714949A-LeaderElection34] INFO  server.RaftServerConfigKeys (ConfUtils.java:logGet(43)) - raft.server.watch.timeout.denomination = 1s (default)
2019-11-13 20:58:04,377 [5a742ae8-52f7-4967-86dd-fb4d4bdf83a1@group-21785714949A-LeaderElection34] INFO  server.RaftServerConfigKeys (ConfUtils.java:logGet(43)) - raft.server.watch.element-limit = 65536 (default)
2019-11-13 20:58:04,377 [EventQueue-PipelineReportForPipelineReportHandler] INFO  pipeline.PipelineStateManager (PipelineStateManager.java:openPipeline(134)) - Pipeline Pipeline[ Id: b73dd96a-9aff-43d8-bbf3-21785714949a, Nodes: 5a742ae8-52f7-4967-86dd-fb4d4bdf83a1{ip: 192.168.34.38, host: pr-hdds-2469-rfsxc-843238572, networkLocation: /default-rack, certSerialId: null}041049e5-d0b1-485a-83db-c9b754c02c0b{ip: 192.168.34.38, host: pr-hdds-2469-rfsxc-843238572, networkLocation: /default-rack, certSerialId: null}977dfc91-ccca-4ee4-9372-b97b2f75a011{ip: 192.168.34.38, host: pr-hdds-2469-rfsxc-843238572, networkLocation: /default-rack, certSerialId: null}, Type:RATIS, Factor:THREE, State:OPEN] moved to OPEN state
2019-11-13 20:58:04,378 [5a742ae8-52f7-4967-86dd-fb4d4bdf83a1@group-21785714949A-LeaderElection34] INFO  server.RaftServerConfigKeys (ConfUtils.java:logGet(43)) - raft.server.log.appender.snapshot.chunk.size.max = 16MB (=16777216) (default)
2019-11-13 20:58:04,378 [5a742ae8-52f7-4967-86dd-fb4d4bdf83a1@group-21785714949A-LeaderElection34] INFO  server.RaftServerConfigKeys (ConfUtils.java:logGet(43)) - raft.server.log.appender.buffer.byte-limit = 33554432 (custom)
2019-11-13 20:58:04,378 [5a742ae8-52f7-4967-86dd-fb4d4bdf83a1@group-21785714949A-LeaderElection34] INFO  server.RaftServerConfigKeys (ConfUtils.java:logGet(43)) - raft.server.log.appender.buffer.element-limit = 1 (custom)
2019-11-13 20:58:04,378 [5a742ae8-52f7-4967-86dd-fb4d4bdf83a1@group-21785714949A-LeaderElection34] INFO  grpc.GrpcConfigKeys$Server (ConfUtils.java:logGet(43)) - raft.grpc.server.leader.outstanding.appends.max = 128 (default)
2019-11-13 20:58:04,378 [5a742ae8-52f7-4967-86dd-fb4d4bdf83a1@group-21785714949A-LeaderElection34] INFO  server.RaftServerConfigKeys (ConfUtils.java:logGet(43)) - raft.server.rpc.request.timeout = 3000ms (default)
2019-11-13 20:58:04,379 [5a742ae8-52f7-4967-86dd-fb4d4bdf83a1@group-21785714949A-LeaderElection34] INFO  server.RaftServerConfigKeys (ConfUtils.java:logGet(43)) - raft.server.log.appender.install.snapshot.enabled = false (custom)
2019-11-13 20:58:04,379 [5a742ae8-52f7-4967-86dd-fb4d4bdf83a1@group-21785714949A-LeaderElection34] WARN  impl.MetricRegistriesImpl (MetricRegistriesImpl.java:lambda$create$1(61)) - First MetricRegistry has been created without registering reporters. You may need to call MetricRegistries.global().addReportRegistration(...) before.
2019-11-13 20:58:04,379 [5a742ae8-52f7-4967-86dd-fb4d4bdf83a1@group-21785714949A-LeaderElection34] INFO  server.RaftServerConfigKeys (ConfUtils.java:logGet(43)) - raft.server.log.appender.snapshot.chunk.size.max = 16MB (=16777216) (default)
2019-11-13 20:58:04,379 [5a742ae8-52f7-4967-86dd-fb4d4bdf83a1@group-21785714949A-LeaderElection34] INFO  server.RaftServerConfigKeys (ConfUtils.java:logGet(43)) - raft.server.log.appender.buffer.byte-limit = 33554432 (custom)
2019-11-13 20:58:04,379 [5a742ae8-52f7-4967-86dd-fb4d4bdf83a1@group-21785714949A-LeaderElection34] INFO  server.RaftServerConfigKeys (ConfUtils.java:logGet(43)) - raft.server.log.appender.buffer.element-limit = 1 (custom)
2019-11-13 20:58:04,379 [5a742ae8-52f7-4967-86dd-fb4d4bdf83a1@group-21785714949A-LeaderElection34] INFO  grpc.GrpcConfigKeys$Server (ConfUtils.java:logGet(43)) - raft.grpc.server.leader.outstanding.appends.max = 128 (default)
2019-11-13 20:58:04,379 [5a742ae8-52f7-4967-86dd-fb4d4bdf83a1@group-21785714949A-LeaderElection34] INFO  server.RaftServerConfigKeys (ConfUtils.java:logGet(43)) - raft.server.rpc.request.timeout = 3000ms (default)
2019-11-13 20:58:04,379 [5a742ae8-52f7-4967-86dd-fb4d4bdf83a1@group-21785714949A-LeaderElection34] INFO  server.RaftServerConfigKeys (ConfUtils.java:logGet(43)) - raft.server.log.appender.install.snapshot.enabled = false (custom)
2019-11-13 20:58:04,380 [5a742ae8-52f7-4967-86dd-fb4d4bdf83a1@group-21785714949A-LeaderElection34] INFO  impl.RoleInfo (RoleInfo.java:updateAndGet(143)) - 5a742ae8-52f7-4967-86dd-fb4d4bdf83a1: start LeaderState
2019-11-13 20:58:04,380 [5a742ae8-52f7-4967-86dd-fb4d4bdf83a1@group-21785714949A-LeaderElection34] INFO  segmented.SegmentedRaftLogWorker (SegmentedRaftLogWorker.java:startLogSegment(385)) - 5a742ae8-52f7-4967-86dd-fb4d4bdf83a1@group-21785714949A-SegmentedRaftLogWorker: Starting segment from index:0
2019-11-13 20:58:04,380 [5a742ae8-52f7-4967-86dd-fb4d4bdf83a1@group-21785714949A-LeaderElection34] INFO  impl.RaftServerImpl (ServerState.java:setRaftConf(356)) - 5a742ae8-52f7-4967-86dd-fb4d4bdf83a1@group-21785714949A: set configuration 0: [5a742ae8-52f7-4967-86dd-fb4d4bdf83a1:192.168.34.38:42634, 041049e5-d0b1-485a-83db-c9b754c02c0b:192.168.34.38:38956, 977dfc91-ccca-4ee4-9372-b97b2f75a011:192.168.34.38:46558], old=null at 0
2019-11-13 20:58:04,382 [grpc-default-executor-0] INFO  ratis.XceiverServerRatis (XceiverServerRatis.java:handleLeaderChangedNotification(697)) - Leader change notification received for group: group-21785714949A with new leaderId: 5a742ae8-52f7-4967-86dd-fb4d4bdf83a1
2019-11-13 20:58:04,403 [977dfc91-ccca-4ee4-9372-b97b2f75a011@group-4EA891C87243-LeaderElection35] INFO  impl.LeaderElection (LeaderElection.java:askForVotes(178)) - 977dfc91-ccca-4ee4-9372-b97b2f75a011@group-4EA891C87243-LeaderElection35: begin an election at term 1 for -1: [977dfc91-ccca-4ee4-9372-b97b2f75a011:192.168.34.38:46558], old=null
2019-11-13 20:58:04,403 [grpc-default-executor-0] INFO  impl.RaftServerImpl (ServerState.java:setLeader(255)) - 041049e5-d0b1-485a-83db-c9b754c02c0b@group-21785714949A: change Leader from null to 5a742ae8-52f7-4967-86dd-fb4d4bdf83a1 at term 1 for appendEntries, leader elected after 5037ms
2019-11-13 20:58:04,403 [977dfc91-ccca-4ee4-9372-b97b2f75a011@group-4EA891C87243-LeaderElection35] INFO  impl.RoleInfo (RoleInfo.java:shutdownLeaderElection(134)) - 977dfc91-ccca-4ee4-9372-b97b2f75a011: shutdown LeaderElection
2019-11-13 20:58:04,404 [977dfc91-ccca-4ee4-9372-b97b2f75a011@group-4EA891C87243-LeaderElection35] INFO  impl.RaftServerImpl (RaftServerImpl.java:setRole(173)) - 977dfc91-ccca-4ee4-9372-b97b2f75a011@group-4EA891C87243: changes role from CANDIDATE to LEADER at term 1 for changeToLeader
2019-11-13 20:58:04,404 [977dfc91-ccca-4ee4-9372-b97b2f75a011@group-4EA891C87243-LeaderElection35] INFO  ratis.XceiverServerRatis (XceiverServerRatis.java:handleLeaderChangedNotification(697)) - Leader change notification received for group: group-4EA891C87243 with new leaderId: 977dfc91-ccca-4ee4-9372-b97b2f75a011
2019-11-13 20:58:04,408 [977dfc91-ccca-4ee4-9372-b97b2f75a011@group-4EA891C87243-LeaderElection35] INFO  impl.RaftServerImpl (ServerState.java:setLeader(255)) - 977dfc91-ccca-4ee4-9372-b97b2f75a011@group-4EA891C87243: change Leader from null to 977dfc91-ccca-4ee4-9372-b97b2f75a011 at term 1 for becomeLeader, leader elected after 5093ms
2019-11-13 20:58:04,408 [977dfc91-ccca-4ee4-9372-b97b2f75a011@group-4EA891C87243-LeaderElection35] INFO  server.RaftServerConfigKeys (ConfUtils.java:logGet(43)) - raft.server.staging.catchup.gap = 1000 (default)
2019-11-13 20:58:04,408 [977dfc91-ccca-4ee4-9372-b97b2f75a011@group-4EA891C87243-LeaderElection35] INFO  server.RaftServerConfigKeys (ConfUtils.java:logGet(43)) - raft.server.rpc.sleep.time = 25ms (default)
2019-11-13 20:58:04,408 [977dfc91-ccca-4ee4-9372-b97b2f75a011@group-4EA891C87243-LeaderElection35] INFO  server.RaftServerConfigKeys (ConfUtils.java:logGet(43)) - raft.server.write.element-limit = 4096 (default)
2019-11-13 20:58:04,408 [977dfc91-ccca-4ee4-9372-b97b2f75a011@group-4EA891C87243-LeaderElection35] INFO  server.RaftServerConfigKeys (ConfUtils.java:logGet(43)) - raft.server.watch.timeout = 10s (default)
2019-11-13 20:58:04,408 [977dfc91-ccca-4ee4-9372-b97b2f75a011@group-4EA891C87243-LeaderElection35] INFO  server.RaftServerConfigKeys (ConfUtils.java:logGet(43)) - raft.server.watch.timeout.denomination = 1s (default)
2019-11-13 20:58:04,408 [grpc-default-executor-0] INFO  ratis.XceiverServerRatis (XceiverServerRatis.java:handleLeaderChangedNotification(697)) - Leader change notification received for group: group-21785714949A with new leaderId: 5a742ae8-52f7-4967-86dd-fb4d4bdf83a1
2019-11-13 20:58:04,408 [977dfc91-ccca-4ee4-9372-b97b2f75a011@group-4EA891C87243-LeaderElection35] INFO  server.RaftServerConfigKeys (ConfUtils.java:logGet(43)) - raft.server.watch.element-limit = 65536 (default)
2019-11-13 20:58:04,409 [grpc-default-executor-0] INFO  impl.RaftServerImpl (ServerState.java:setLeader(255)) - 977dfc91-ccca-4ee4-9372-b97b2f75a011@group-21785714949A: change Leader from null to 5a742ae8-52f7-4967-86dd-fb4d4bdf83a1 at term 1 for appendEntries, leader elected after 5063ms
2019-11-13 20:58:04,409 [977dfc91-ccca-4ee4-9372-b97b2f75a011@group-4EA891C87243-LeaderElection35] INFO  impl.RoleInfo (RoleInfo.java:updateAndGet(143)) - 977dfc91-ccca-4ee4-9372-b97b2f75a011: start LeaderState
2019-11-13 20:58:04,409 [977dfc91-ccca-4ee4-9372-b97b2f75a011@group-4EA891C87243-LeaderElection35] INFO  segmented.SegmentedRaftLogWorker (SegmentedRaftLogWorker.java:startLogSegment(385)) - 977dfc91-ccca-4ee4-9372-b97b2f75a011@group-4EA891C87243-SegmentedRaftLogWorker: Starting segment from index:0
2019-11-13 20:58:04,410 [977dfc91-ccca-4ee4-9372-b97b2f75a011@group-4EA891C87243-LeaderElection35] INFO  impl.RaftServerImpl (ServerState.java:setRaftConf(356)) - 977dfc91-ccca-4ee4-9372-b97b2f75a011@group-4EA891C87243: set configuration 0: [977dfc91-ccca-4ee4-9372-b97b2f75a011:192.168.34.38:46558], old=null at 0
2019-11-13 20:58:04,433 [5a742ae8-52f7-4967-86dd-fb4d4bdf83a1@group-21785714949A-SegmentedRaftLogWorker] INFO  segmented.SegmentedRaftLogWorker (SegmentedRaftLogWorker.java:execute(576)) - 5a742ae8-52f7-4967-86dd-fb4d4bdf83a1@group-21785714949A-SegmentedRaftLogWorker: created new log segment /workdir/hadoop-ozone/ozonefs/target/test-dir/MiniOzoneClusterImpl-9c9fe64c-fda1-4d3c-8cbf-c026fac25340/datanode-0/data/ratis/b73dd96a-9aff-43d8-bbf3-21785714949a/current/log_inprogress_0
2019-11-13 20:58:04,434 [grpc-default-executor-2] INFO  impl.RaftServerImpl (ServerState.java:setRaftConf(356)) - 041049e5-d0b1-485a-83db-c9b754c02c0b@group-21785714949A: set configuration 0: [5a742ae8-52f7-4967-86dd-fb4d4bdf83a1:192.168.34.38:42634, 041049e5-d0b1-485a-83db-c9b754c02c0b:192.168.34.38:38956, 977dfc91-ccca-4ee4-9372-b97b2f75a011:192.168.34.38:46558], old=null at 0
2019-11-13 20:58:04,434 [grpc-default-executor-2] INFO  segmented.SegmentedRaftLogWorker (SegmentedRaftLogWorker.java:startLogSegment(385)) - 041049e5-d0b1-485a-83db-c9b754c02c0b@group-21785714949A-SegmentedRaftLogWorker: Starting segment from index:0
2019-11-13 20:58:04,435 [grpc-default-executor-0] INFO  impl.RaftServerImpl (ServerState.java:setRaftConf(356)) - 977dfc91-ccca-4ee4-9372-b97b2f75a011@group-21785714949A: set configuration 0: [5a742ae8-52f7-4967-86dd-fb4d4bdf83a1:192.168.34.38:42634, 041049e5-d0b1-485a-83db-c9b754c02c0b:192.168.34.38:38956, 977dfc91-ccca-4ee4-9372-b97b2f75a011:192.168.34.38:46558], old=null at 0
2019-11-13 20:58:04,436 [grpc-default-executor-0] INFO  segmented.SegmentedRaftLogWorker (SegmentedRaftLogWorker.java:startLogSegment(385)) - 977dfc91-ccca-4ee4-9372-b97b2f75a011@group-21785714949A-SegmentedRaftLogWorker: Starting segment from index:0
2019-11-13 20:58:04,437 [grpc-default-executor-0] INFO  impl.RaftServerProxy (RaftServerProxy.java:remove(95)) - 977dfc91-ccca-4ee4-9372-b97b2f75a011: remove  FOLLOWER 977dfc91-ccca-4ee4-9372-b97b2f75a011@group-6EA2555946F8:t1, leader=041049e5-d0b1-485a-83db-c9b754c02c0b, voted=041049e5-d0b1-485a-83db-c9b754c02c0b, raftlog=977dfc91-ccca-4ee4-9372-b97b2f75a011@group-6EA2555946F8-SegmentedRaftLog:OPENED:c-1,f0,i0, conf=0: [5a742ae8-52f7-4967-86dd-fb4d4bdf83a1:192.168.34.38:42634, 041049e5-d0b1-485a-83db-c9b754c02c0b:192.168.34.38:38956, 977dfc91-ccca-4ee4-9372-b97b2f75a011:192.168.34.38:46558], old=null RUNNING
2019-11-13 20:58:04,437 [grpc-default-executor-0] INFO  impl.RaftServerImpl (RaftServerImpl.java:lambda$shutdown$3(250)) - 977dfc91-ccca-4ee4-9372-b97b2f75a011@group-6EA2555946F8: shutdown
2019-11-13 20:58:04,437 [grpc-default-executor-0] INFO  util.JmxRegister (JmxRegister.java:unregister(73)) - Successfully un-registered JMX Bean with object name Ratis:service=RaftServer,group=group-6EA2555946F8,id=977dfc91-ccca-4ee4-9372-b97b2f75a011
2019-11-13 20:58:04,437 [grpc-default-executor-0] INFO  impl.RoleInfo (RoleInfo.java:shutdownFollowerState(121)) - 977dfc91-ccca-4ee4-9372-b97b2f75a011: shutdown FollowerState
2019-11-13 20:58:04,438 [Thread-1924] INFO  impl.FollowerState (FollowerState.java:run(120)) - 977dfc91-ccca-4ee4-9372-b97b2f75a011@group-6EA2555946F8-FollowerState was interrupted: java.lang.InterruptedException: sleep interrupted
2019-11-13 20:58:04,460 [977dfc91-ccca-4ee4-9372-b97b2f75a011@group-4EA891C87243-SegmentedRaftLogWorker] INFO  segmented.SegmentedRaftLogWorker (SegmentedRaftLogWorker.java:execute(576)) - 977dfc91-ccca-4ee4-9372-b97b2f75a011@group-4EA891C87243-SegmentedRaftLogWorker: created new log segment /workdir/hadoop-ozone/ozonefs/target/test-dir/MiniOzoneClusterImpl-9c9fe64c-fda1-4d3c-8cbf-c026fac25340/datanode-1/data/ratis/f5adb9af-13e1-4b2c-a9c7-4ea891c87243/current/log_inprogress_0
2019-11-13 20:58:04,460 [grpc-default-executor-0] INFO  impl.StateMachineUpdater (StateMachineUpdater.java:stopAndJoin(136)) - 977dfc91-ccca-4ee4-9372-b97b2f75a011@group-6EA2555946F8-StateMachineUpdater: set stopIndex = -1
2019-11-13 20:58:04,461 [grpc-default-executor-0] INFO  impl.RaftServerImpl (ServerState.java:close(387)) - 977dfc91-ccca-4ee4-9372-b97b2f75a011@group-6EA2555946F8: closes. applyIndex: -1
2019-11-13 20:58:04,461 [977dfc91-ccca-4ee4-9372-b97b2f75a011@group-6EA2555946F8-SegmentedRaftLogWorker] INFO  segmented.SegmentedRaftLogWorker (SegmentedRaftLogWorker.java:run(316)) - 977dfc91-ccca-4ee4-9372-b97b2f75a011@group-6EA2555946F8-SegmentedRaftLogWorker was interrupted, exiting. There are 0 tasks remaining in the queue.
2019-11-13 20:58:04,462 [grpc-default-executor-0] INFO  segmented.SegmentedRaftLogWorker (SegmentedRaftLogWorker.java:close(224)) - 977dfc91-ccca-4ee4-9372-b97b2f75a011@group-6EA2555946F8-SegmentedRaftLogWorker close()
2019-11-13 20:58:04,466 [EventQueue-PipelineReportForPipelineReportHandler] INFO  pipeline.PipelineStateManager (PipelineStateManager.java:openPipeline(134)) - Pipeline Pipeline[ Id: f5adb9af-13e1-4b2c-a9c7-4ea891c87243, Nodes: 977dfc91-ccca-4ee4-9372-b97b2f75a011{ip: 192.168.34.38, host: pr-hdds-2469-rfsxc-843238572, networkLocation: /default-rack, certSerialId: null}, Type:RATIS, Factor:ONE, State:OPEN] moved to OPEN state
2019-11-13 20:58:04,472 [041049e5-d0b1-485a-83db-c9b754c02c0b@group-21785714949A-SegmentedRaftLogWorker] INFO  segmented.SegmentedRaftLogWorker (SegmentedRaftLogWorker.java:execute(576)) - 041049e5-d0b1-485a-83db-c9b754c02c0b@group-21785714949A-SegmentedRaftLogWorker: created new log segment /workdir/hadoop-ozone/ozonefs/target/test-dir/MiniOzoneClusterImpl-9c9fe64c-fda1-4d3c-8cbf-c026fac25340/datanode-2/data/ratis/b73dd96a-9aff-43d8-bbf3-21785714949a/current/log_inprogress_0
2019-11-13 20:58:04,472 [977dfc91-ccca-4ee4-9372-b97b2f75a011@group-21785714949A-SegmentedRaftLogWorker] INFO  segmented.SegmentedRaftLogWorker (SegmentedRaftLogWorker.java:execute(576)) - 977dfc91-ccca-4ee4-9372-b97b2f75a011@group-21785714949A-SegmentedRaftLogWorker: created new log segment /workdir/hadoop-ozone/ozonefs/target/test-dir/MiniOzoneClusterImpl-9c9fe64c-fda1-4d3c-8cbf-c026fac25340/datanode-1/data/ratis/b73dd96a-9aff-43d8-bbf3-21785714949a/current/log_inprogress_0
2019-11-13 20:59:42,670 [java.util.concurrent.ThreadPoolExecutor$Worker@1e85cadb[State = -1, empty queue]] WARN  server.GrpcLogAppender (GrpcLogAppender.java:timeoutAppendRequest(211)) - 5a742ae8-52f7-4967-86dd-fb4d4bdf83a1@group-21785714949A->977dfc91-ccca-4ee4-9372-b97b2f75a011-GrpcLogAppender: appendEntries Timeout, request=AppendEntriesRequest:cid=39,entriesCount=0,lastEntry=null
2019-11-13 20:59:42,670 [java.util.concurrent.ThreadPoolExecutor$Worker@1e85cadb[State = -1, empty queue]] WARN  server.GrpcLogAppender (GrpcLogAppender.java:timeoutAppendRequest(211)) - 5a742ae8-52f7-4967-86dd-fb4d4bdf83a1@group-21785714949A->041049e5-d0b1-485a-83db-c9b754c02c0b-GrpcLogAppender: appendEntries Timeout, request=AppendEntriesRequest:cid=39,entriesCount=0,lastEntry=null
2019-11-13 20:59:44,872 [grpc-default-executor-0] WARN  server.GrpcLogAppender (LogUtils.java:warn(134)) - 5a742ae8-52f7-4967-86dd-fb4d4bdf83a1@group-21785714949A->977dfc91-ccca-4ee4-9372-b97b2f75a011-AppendLogResponseHandler: Failed appendEntries: org.apache.ratis.thirdparty.io.grpc.StatusRuntimeException: CANCELLED: Failed to read message.
2019-11-13 20:59:44,877 [grpc-default-executor-4] WARN  server.GrpcLogAppender (LogUtils.java:warn(134)) - 5a742ae8-52f7-4967-86dd-fb4d4bdf83a1@group-21785714949A->041049e5-d0b1-485a-83db-c9b754c02c0b-AppendLogResponseHandler: Failed appendEntries: org.apache.ratis.thirdparty.io.grpc.StatusRuntimeException: CANCELLED: Failed to read message.
2019-11-13 20:59:44,878 [grpc-default-executor-2] WARN  server.GrpcServerProtocolService (LogUtils.java:warn(134)) - 041049e5-d0b1-485a-83db-c9b754c02c0b: installSnapshot onError, lastRequest: 5a742ae8-52f7-4967-86dd-fb4d4bdf83a1->041049e5-d0b1-485a-83db-c9b754c02c0b#40-t1, previous=(t:1, i:0), leaderCommit=0, initializing? false, entries: <empty>: org.apache.ratis.thirdparty.io.grpc.StatusRuntimeException: CANCELLED: cancelled before receiving half close
2019-11-13 20:59:44,878 [grpc-default-executor-5] WARN  server.GrpcServerProtocolService (LogUtils.java:warn(134)) - 977dfc91-ccca-4ee4-9372-b97b2f75a011: installSnapshot onError, lastRequest: 5a742ae8-52f7-4967-86dd-fb4d4bdf83a1->977dfc91-ccca-4ee4-9372-b97b2f75a011#41-t1, previous=(t:1, i:0), leaderCommit=0, initializing? false, entries: <empty>: org.apache.ratis.thirdparty.io.grpc.StatusRuntimeException: CANCELLED: cancelled before receiving half close
2019-11-13 20:59:44,882 [grpc-default-executor-0] INFO  impl.FollowerInfo (FollowerInfo.java:lambda$new$0(51)) - 5a742ae8-52f7-4967-86dd-fb4d4bdf83a1@group-21785714949A->977dfc91-ccca-4ee4-9372-b97b2f75a011: nextIndex: updateUnconditionally 1 -> 0
2019-11-13 20:59:44,882 [grpc-default-executor-4] INFO  impl.FollowerInfo (FollowerInfo.java:lambda$new$0(51)) - 5a742ae8-52f7-4967-86dd-fb4d4bdf83a1@group-21785714949A->041049e5-d0b1-485a-83db-c9b754c02c0b: nextIndex: updateUnconditionally 1 -> 0
2019-11-13 20:59:47,181 [grpc-default-executor-2] INFO  impl.RaftServerImpl (ServerState.java:setRaftConf(356)) - 977dfc91-ccca-4ee4-9372-b97b2f75a011@group-21785714949A: set configuration 0: [5a742ae8-52f7-4967-86dd-fb4d4bdf83a1:192.168.34.38:42634, 041049e5-d0b1-485a-83db-c9b754c02c0b:192.168.34.38:38956, 977dfc91-ccca-4ee4-9372-b97b2f75a011:192.168.34.38:46558], old=null at 0
2019-11-13 20:59:47,181 [grpc-default-executor-4] INFO  impl.RaftServerImpl (ServerState.java:setRaftConf(356)) - 041049e5-d0b1-485a-83db-c9b754c02c0b@group-21785714949A: set configuration 0: [5a742ae8-52f7-4967-86dd-fb4d4bdf83a1:192.168.34.38:42634, 041049e5-d0b1-485a-83db-c9b754c02c0b:192.168.34.38:38956, 977dfc91-ccca-4ee4-9372-b97b2f75a011:192.168.34.38:46558], old=null at 0
2019-11-13 21:02:47,993 [Thread-1714] INFO  ozone.MiniOzoneClusterImpl (MiniOzoneClusterImpl.java:shutdown(352)) - Shutting down the Mini Ozone Cluster
2019-11-13 21:02:47,994 [Thread-1714] INFO  ozone.MiniOzoneClusterImpl (MiniOzoneClusterImpl.java:stop(368)) - Stopping the Mini Ozone Cluster
2019-11-13 21:02:47,994 [Thread-1714] INFO  ozone.MiniOzoneClusterImpl (MiniOzoneClusterImpl.java:stopOM(438)) - Stopping the OzoneManager
2019-11-13 21:02:47,994 [Thread-1714] INFO  ipc.Server (Server.java:stop(3082)) - Stopping server on 42649
2019-11-13 21:02:47,997 [IPC Server listener on 42649] INFO  ipc.Server (Server.java:run(1185)) - Stopping IPC Server listener on 42649
2019-11-13 21:02:47,997 [Thread-1714] INFO  ratis.OzoneManagerDoubleBuffer (OzoneManagerDoubleBuffer.java:stop(261)) - Stopping OMDoubleBuffer flush thread
2019-11-13 21:02:47,997 [IPC Server Responder] INFO  ipc.Server (Server.java:run(1319)) - Stopping IPC Server Responder
2019-11-13 21:02:47,998 [OMDoubleBufferFlushThread] INFO  ratis.OzoneManagerDoubleBuffer (OzoneManagerDoubleBuffer.java:flushTransactions(199)) - OMDoubleBuffer flush thread OMDoubleBufferFlushThread is interrupted and will exit. OMDoubleBufferFlushThread
2019-11-13 21:02:47,998 [Thread-1714] ERROR ratis.OzoneManagerDoubleBuffer (OzoneManagerDoubleBuffer.java:stop(267)) - Interrupted while waiting for daemon to exit.
2019-11-13 21:02:47,999 [Thread-1714] INFO  utils.BackgroundService (BackgroundService.java:shutdown(151)) - Shutting down service KeyDeletingService
2019-11-13 21:02:48,002 [Thread-1714] INFO  handler.ContextHandler (ContextHandler.java:doStop(910)) - Stopped o.e.j.w.WebAppContext@2b5d280c{/,null,UNAVAILABLE}{/ozoneManager}
2019-11-13 21:02:48,003 [Thread-1714] INFO  server.AbstractConnector (AbstractConnector.java:doStop(318)) - Stopped ServerConnector@32df21a0{HTTP/1.1,[http/1.1]}{0.0.0.0:0}
2019-11-13 21:02:48,003 [Thread-1714] INFO  handler.ContextHandler (ContextHandler.java:doStop(910)) - Stopped o.e.j.s.ServletContextHandler@3c5646a8{/static,jar:file:/home/user/.m2/repository/org/apache/hadoop/hadoop-ozone-ozone-manager/0.5.0-SNAPSHOT/hadoop-ozone-ozone-manager-0.5.0-SNAPSHOT.jar!/webapps/static,UNAVAILABLE}
2019-11-13 21:02:48,004 [Thread-1714] INFO  handler.ContextHandler (ContextHandler.java:doStop(910)) - Stopped o.e.j.s.ServletContextHandler@67855abb{/logs,file:///workdir/hadoop-ozone/ozonefs/target/log,UNAVAILABLE}
2019-11-13 21:02:48,010 [Thread-1714] INFO  ozone.MiniOzoneClusterImpl (MiniOzoneClusterImpl.java:stopDatanodes(415)) - Stopping the HddsDatanodes
]]></system-out>
    <system-err><![CDATA[Nov 13, 2019 8:59:44 PM org.apache.ratis.thirdparty.io.grpc.internal.SerializingExecutor run
SEVERE: Exception while executing runnable org.apache.ratis.thirdparty.io.grpc.internal.ServerImpl$JumpToApplicationThreadServerStreamListener$1Closed@48b85d
org.apache.ratis.thirdparty.io.grpc.StatusRuntimeException: CANCELLED: call already cancelled
	at org.apache.ratis.thirdparty.io.grpc.Status.asRuntimeException(Status.java:517)
	at org.apache.ratis.thirdparty.io.grpc.stub.ServerCalls$ServerCallStreamObserverImpl.onCompleted(ServerCalls.java:356)
	at org.apache.ratis.grpc.server.GrpcServerProtocolService$ServerRequestStreamObserver.onError(GrpcServerProtocolService.java:121)
	at org.apache.ratis.thirdparty.io.grpc.stub.ServerCalls$StreamingServerCallHandler$StreamingServerCallListener.onCancel(ServerCalls.java:269)
	at org.apache.ratis.thirdparty.io.grpc.internal.ServerCallImpl$ServerStreamListenerImpl.closed(ServerCallImpl.java:293)
	at org.apache.ratis.thirdparty.io.grpc.internal.ServerImpl$JumpToApplicationThreadServerStreamListener$1Closed.runInContext(ServerImpl.java:741)
	at org.apache.ratis.thirdparty.io.grpc.internal.ContextRunnable.run(ContextRunnable.java:37)
	at org.apache.ratis.thirdparty.io.grpc.internal.SerializingExecutor.run(SerializingExecutor.java:123)
	at java.util.concurrent.ThreadPoolExecutor.runWorker(ThreadPoolExecutor.java:1149)
	at java.util.concurrent.ThreadPoolExecutor$Worker.run(ThreadPoolExecutor.java:624)
	at java.lang.Thread.run(Thread.java:748)

Nov 13, 2019 8:59:44 PM org.apache.ratis.thirdparty.io.grpc.internal.SerializingExecutor run
SEVERE: Exception while executing runnable org.apache.ratis.thirdparty.io.grpc.internal.ServerImpl$JumpToApplicationThreadServerStreamListener$1Closed@76c93bd0
org.apache.ratis.thirdparty.io.grpc.StatusRuntimeException: CANCELLED: call already cancelled
	at org.apache.ratis.thirdparty.io.grpc.Status.asRuntimeException(Status.java:517)
	at org.apache.ratis.thirdparty.io.grpc.stub.ServerCalls$ServerCallStreamObserverImpl.onCompleted(ServerCalls.java:356)
	at org.apache.ratis.grpc.server.GrpcServerProtocolService$ServerRequestStreamObserver.onError(GrpcServerProtocolService.java:121)
	at org.apache.ratis.thirdparty.io.grpc.stub.ServerCalls$StreamingServerCallHandler$StreamingServerCallListener.onCancel(ServerCalls.java:269)
	at org.apache.ratis.thirdparty.io.grpc.internal.ServerCallImpl$ServerStreamListenerImpl.closed(ServerCallImpl.java:293)
	at org.apache.ratis.thirdparty.io.grpc.internal.ServerImpl$JumpToApplicationThreadServerStreamListener$1Closed.runInContext(ServerImpl.java:741)
	at org.apache.ratis.thirdparty.io.grpc.internal.ContextRunnable.run(ContextRunnable.java:37)
	at org.apache.ratis.thirdparty.io.grpc.internal.SerializingExecutor.run(SerializingExecutor.java:123)
	at java.util.concurrent.ThreadPoolExecutor.runWorker(ThreadPoolExecutor.java:1149)
	at java.util.concurrent.ThreadPoolExecutor$Worker.run(ThreadPoolExecutor.java:624)
	at java.lang.Thread.run(Thread.java:748)

]]></system-err>
  </testcase>
</testsuite>