<?xml version="1.0" encoding="UTF-8"?>
<testsuite xmlns:xsi="http://www.w3.org/2001/XMLSchema-instance" xsi:noNamespaceSchemaLocation="https://maven.apache.org/surefire/maven-surefire-plugin/xsd/surefire-test-report.xsd" name="org.apache.hadoop.ozone.client.rpc.TestMultiBlockWritesWithDnFailures" time="131.618" tests="2" errors="1" skipped="0" failures="0">
  <properties>
    <property name="awt.toolkit" value="sun.awt.X11.XToolkit"/>
    <property name="file.encoding.pkg" value="sun.io"/>
    <property name="java.specification.version" value="1.8"/>
    <property name="sun.cpu.isalist" value=""/>
    <property name="sun.jnu.encoding" value="ANSI_X3.4-1968"/>
    <property name="java.class.path" value="/workdir/hadoop-ozone/integration-test/target/test-classes:/workdir/hadoop-ozone/integration-test/target/classes:/home/user/.m2/repository/org/apache/hadoop/hadoop-ozone-common/0.5.0-SNAPSHOT/hadoop-ozone-common-0.5.0-SNAPSHOT.jar:/home/user/.m2/repository/org/apache/commons/commons-compress/1.4.1/commons-compress-1.4.1.jar:/home/user/.m2/repository/org/tukaani/xz/1.0/xz-1.0.jar:/home/user/.m2/repository/org/apache/hadoop/hadoop-common/3.2.0/hadoop-common-3.2.0.jar:/home/user/.m2/repository/org/apache/hadoop/hadoop-hdfs/3.2.0/hadoop-hdfs-3.2.0.jar:/home/user/.m2/repository/org/apache/hadoop/hadoop-hdfs-client/3.2.0/hadoop-hdfs-client-3.2.0.jar:/home/user/.m2/repository/com/fasterxml/jackson/core/jackson-annotations/2.9.9/jackson-annotations-2.9.9.jar:/home/user/.m2/repository/org/apache/hadoop/hadoop-hdds-common/0.5.0-SNAPSHOT/hadoop-hdds-common-0.5.0-SNAPSHOT.jar:/home/user/.m2/repository/javax/annotation/javax.annotation-api/1.2/javax.annotation-api-1.2.jar:/home/user/.m2/repository/org/apache/ratis/ratis-server/0.5.0-d6d58d0-SNAPSHOT/ratis-server-0.5.0-d6d58d0-SNAPSHOT.jar:/home/user/.m2/repository/org/apache/ratis/ratis-thirdparty-misc/0.2.0/ratis-thirdparty-misc-0.2.0.jar:/home/user/.m2/repository/org/apache/ratis/ratis-proto/0.5.0-d6d58d0-SNAPSHOT/ratis-proto-0.5.0-d6d58d0-SNAPSHOT.jar:/home/user/.m2/repository/org/apache/ratis/ratis-common/0.5.0-d6d58d0-SNAPSHOT/ratis-common-0.5.0-d6d58d0-SNAPSHOT.jar:/home/user/.m2/repository/org/apache/ratis/ratis-client/0.5.0-d6d58d0-SNAPSHOT/ratis-client-0.5.0-d6d58d0-SNAPSHOT.jar:/home/user/.m2/repository/org/apache/ratis/ratis-metrics/0.5.0-d6d58d0-SNAPSHOT/ratis-metrics-0.5.0-d6d58d0-SNAPSHOT.jar:/home/user/.m2/repository/org/apache/ratis/ratis-netty/0.5.0-d6d58d0-SNAPSHOT/ratis-netty-0.5.0-d6d58d0-SNAPSHOT.jar:/home/user/.m2/repository/org/apache/ratis/ratis-grpc/0.5.0-d6d58d0-SNAPSHOT/ratis-grpc-0.5.0-d6d58d0-SNAPSHOT.jar:/home/user/.m2/repository/org/rocksdb/rocksdbjni/6.0.1/rocksdbjni-6.0.1.jar:/home/user/.m2/repository/org/apache/logging/log4j/log4j-api/2.11.0/log4j-api-2.11.0.jar:/home/user/.m2/repository/org/apache/logging/log4j/log4j-core/2.11.0/log4j-core-2.11.0.jar:/home/user/.m2/repository/com/lmax/disruptor/3.4.2/disruptor-3.4.2.jar:/home/user/.m2/repository/org/apache/commons/commons-pool2/2.6.0/commons-pool2-2.6.0.jar:/home/user/.m2/repository/org/bouncycastle/bcpkix-jdk15on/1.60/bcpkix-jdk15on-1.60.jar:/home/user/.m2/repository/commons-validator/commons-validator/1.6/commons-validator-1.6.jar:/home/user/.m2/repository/commons-digester/commons-digester/1.8.1/commons-digester-1.8.1.jar:/home/user/.m2/repository/io/jaegertracing/jaeger-client/0.34.0/jaeger-client-0.34.0.jar:/home/user/.m2/repository/io/jaegertracing/jaeger-thrift/0.34.0/jaeger-thrift-0.34.0.jar:/home/user/.m2/repository/org/apache/thrift/libthrift/0.12.0/libthrift-0.12.0.jar:/home/user/.m2/repository/com/squareup/okhttp3/okhttp/3.9.0/okhttp-3.9.0.jar:/home/user/.m2/repository/com/squareup/okio/okio/1.13.0/okio-1.13.0.jar:/home/user/.m2/repository/io/jaegertracing/jaeger-core/0.34.0/jaeger-core-0.34.0.jar:/home/user/.m2/repository/io/jaegertracing/jaeger-tracerresolver/0.34.0/jaeger-tracerresolver-0.34.0.jar:/home/user/.m2/repository/io/opentracing/contrib/opentracing-tracerresolver/0.1.5/opentracing-tracerresolver-0.1.5.jar:/home/user/.m2/repository/io/opentracing/opentracing-util/0.31.0/opentracing-util-0.31.0.jar:/home/user/.m2/repository/io/opentracing/opentracing-api/0.31.0/opentracing-api-0.31.0.jar:/home/user/.m2/repository/io/opentracing/opentracing-noop/0.31.0/opentracing-noop-0.31.0.jar:/home/user/.m2/repository/org/apache/hadoop/hadoop-hdds-server-framework/0.5.0-SNAPSHOT/hadoop-hdds-server-framework-0.5.0-SNAPSHOT.jar:/home/user/.m2/repository/org/apache/hadoop/hadoop-hdds-container-service/0.5.0-SNAPSHOT/hadoop-hdds-container-service-0.5.0-SNAPSHOT.jar:/home/user/.m2/repository/org/apache/hadoop/hadoop-hdds-client/0.5.0-SNAPSHOT/hadoop-hdds-client-0.5.0-SNAPSHOT.jar:/home/user/.m2/repository/org/apache/hadoop/hadoop-hdds-tools/0.5.0-SNAPSHOT/hadoop-hdds-tools-0.5.0-SNAPSHOT.jar:/home/user/.m2/repository/org/apache/hadoop/hadoop-hdds-server-scm/0.5.0-SNAPSHOT/hadoop-hdds-server-scm-0.5.0-SNAPSHOT.jar:/home/user/.m2/repository/org/apache/hadoop/hadoop-hdds-docs/0.5.0-SNAPSHOT/hadoop-hdds-docs-0.5.0-SNAPSHOT.jar:/home/user/.m2/repository/io/dropwizard/metrics/metrics-core/3.2.4/metrics-core-3.2.4.jar:/home/user/.m2/repository/org/hamcrest/hamcrest-all/1.3/hamcrest-all-1.3.jar:/home/user/.m2/repository/org/bouncycastle/bcprov-jdk15on/1.60/bcprov-jdk15on-1.60.jar:/home/user/.m2/repository/info/picocli/picocli/3.9.6/picocli-3.9.6.jar:/home/user/.m2/repository/com/google/protobuf/protobuf-java/2.5.0/protobuf-java-2.5.0.jar:/home/user/.m2/repository/com/google/guava/guava/11.0.2/guava-11.0.2.jar:/home/user/.m2/repository/org/apache/hadoop/hadoop-ozone-ozone-manager/0.5.0-SNAPSHOT/hadoop-ozone-ozone-manager-0.5.0-SNAPSHOT.jar:/home/user/.m2/repository/org/apache/hadoop/hadoop-minikdc/3.2.0/hadoop-minikdc-3.2.0.jar:/home/user/.m2/repository/commons-io/commons-io/2.5/commons-io-2.5.jar:/home/user/.m2/repository/org/apache/kerby/kerb-simplekdc/1.0.1/kerb-simplekdc-1.0.1.jar:/home/user/.m2/repository/org/apache/kerby/kerb-client/1.0.1/kerb-client-1.0.1.jar:/home/user/.m2/repository/org/apache/kerby/kerby-config/1.0.1/kerby-config-1.0.1.jar:/home/user/.m2/repository/org/apache/kerby/kerb-core/1.0.1/kerb-core-1.0.1.jar:/home/user/.m2/repository/org/apache/kerby/kerby-pkix/1.0.1/kerby-pkix-1.0.1.jar:/home/user/.m2/repository/org/apache/kerby/kerby-asn1/1.0.1/kerby-asn1-1.0.1.jar:/home/user/.m2/repository/org/apache/kerby/kerby-util/1.0.1/kerby-util-1.0.1.jar:/home/user/.m2/repository/org/apache/kerby/kerb-common/1.0.1/kerb-common-1.0.1.jar:/home/user/.m2/repository/org/apache/kerby/kerb-crypto/1.0.1/kerb-crypto-1.0.1.jar:/home/user/.m2/repository/org/apache/kerby/kerb-util/1.0.1/kerb-util-1.0.1.jar:/home/user/.m2/repository/org/apache/kerby/token-provider/1.0.1/token-provider-1.0.1.jar:/home/user/.m2/repository/org/apache/kerby/kerb-admin/1.0.1/kerb-admin-1.0.1.jar:/home/user/.m2/repository/org/apache/kerby/kerb-server/1.0.1/kerb-server-1.0.1.jar:/home/user/.m2/repository/org/apache/kerby/kerb-identity/1.0.1/kerb-identity-1.0.1.jar:/home/user/.m2/repository/org/apache/kerby/kerby-xdr/1.0.1/kerby-xdr-1.0.1.jar:/home/user/.m2/repository/org/slf4j/slf4j-log4j12/1.7.25/slf4j-log4j12-1.7.25.jar:/home/user/.m2/repository/org/apache/hadoop/hadoop-ozone-s3gateway/0.5.0-SNAPSHOT/hadoop-ozone-s3gateway-0.5.0-SNAPSHOT.jar:/home/user/.m2/repository/org/jboss/weld/servlet/weld-servlet/2.4.7.Final/weld-servlet-2.4.7.Final.jar:/home/user/.m2/repository/org/glassfish/jersey/containers/jersey-container-servlet-core/2.27/jersey-container-servlet-core-2.27.jar:/home/user/.m2/repository/org/glassfish/hk2/external/javax.inject/2.5.0-b42/javax.inject-2.5.0-b42.jar:/home/user/.m2/repository/org/glassfish/jersey/core/jersey-common/2.27/jersey-common-2.27.jar:/home/user/.m2/repository/org/glassfish/hk2/osgi-resource-locator/1.0.1/osgi-resource-locator-1.0.1.jar:/home/user/.m2/repository/javax/ws/rs/javax.ws.rs-api/2.1/javax.ws.rs-api-2.1.jar:/home/user/.m2/repository/org/glassfish/jersey/ext/cdi/jersey-cdi1x/2.27/jersey-cdi1x-2.27.jar:/home/user/.m2/repository/org/glassfish/jersey/inject/jersey-hk2/2.27/jersey-hk2-2.27.jar:/home/user/.m2/repository/org/glassfish/hk2/hk2-locator/2.5.0-b42/hk2-locator-2.5.0-b42.jar:/home/user/.m2/repository/org/javassist/javassist/3.22.0-CR2/javassist-3.22.0-CR2.jar:/home/user/.m2/repository/org/glassfish/hk2/hk2-api/2.5.0/hk2-api-2.5.0.jar:/home/user/.m2/repository/org/glassfish/hk2/external/jakarta.inject/2.5.0/jakarta.inject-2.5.0.jar:/home/user/.m2/repository/org/glassfish/hk2/hk2-utils/2.5.0/hk2-utils-2.5.0.jar:/home/user/.m2/repository/jakarta/annotation/jakarta.annotation-api/1.3.4/jakarta.annotation-api-1.3.4.jar:/home/user/.m2/repository/org/glassfish/hk2/external/aopalliance-repackaged/2.5.0/aopalliance-repackaged-2.5.0.jar:/home/user/.m2/repository/com/fasterxml/jackson/dataformat/jackson-dataformat-xml/2.9.0/jackson-dataformat-xml-2.9.0.jar:/home/user/.m2/repository/com/fasterxml/jackson/core/jackson-core/2.9.9/jackson-core-2.9.9.jar:/home/user/.m2/repository/com/fasterxml/jackson/module/jackson-module-jaxb-annotations/2.9.9/jackson-module-jaxb-annotations-2.9.9.jar:/home/user/.m2/repository/javax/enterprise/cdi-api/1.2/cdi-api-1.2.jar:/home/user/.m2/repository/javax/el/javax.el-api/3.0.0/javax.el-api-3.0.0.jar:/home/user/.m2/repository/javax/interceptor/javax.interceptor-api/1.2/javax.interceptor-api-1.2.jar:/home/user/.m2/repository/javax/inject/javax.inject/1/javax.inject-1.jar:/home/user/.m2/repository/com/sun/xml/bind/jaxb-impl/2.3.0.1/jaxb-impl-2.3.0.1.jar:/home/user/.m2/repository/com/sun/xml/bind/jaxb-core/2.3.0.1/jaxb-core-2.3.0.1.jar:/home/user/.m2/repository/javax/xml/bind/jaxb-api/2.3.0/jaxb-api-2.3.0.jar:/home/user/.m2/repository/javax/activation/activation/1.1.1/activation-1.1.1.jar:/home/user/.m2/repository/org/apache/hadoop/hadoop-ozone-csi/0.5.0-SNAPSHOT/hadoop-ozone-csi-0.5.0-SNAPSHOT.jar:/home/user/.m2/repository/com/google/protobuf/protobuf-java-util/3.5.1/protobuf-java-util-3.5.1.jar:/home/user/.m2/repository/org/apache/hadoop/hadoop-hdds-config/0.5.0-SNAPSHOT/hadoop-hdds-config-0.5.0-SNAPSHOT.jar:/home/user/.m2/repository/io/grpc/grpc-netty/1.17.1/grpc-netty-1.17.1.jar:/home/user/.m2/repository/io/grpc/grpc-core/1.17.1/grpc-core-1.17.1.jar:/home/user/.m2/repository/io/grpc/grpc-context/1.17.1/grpc-context-1.17.1.jar:/home/user/.m2/repository/com/google/errorprone/error_prone_annotations/2.2.0/error_prone_annotations-2.2.0.jar:/home/user/.m2/repository/org/codehaus/mojo/animal-sniffer-annotations/1.17/animal-sniffer-annotations-1.17.jar:/home/user/.m2/repository/io/opencensus/opencensus-api/0.17.0/opencensus-api-0.17.0.jar:/home/user/.m2/repository/io/opencensus/opencensus-contrib-grpc-metrics/0.17.0/opencensus-contrib-grpc-metrics-0.17.0.jar:/home/user/.m2/repository/io/netty/netty-codec-http2/4.1.30.Final/netty-codec-http2-4.1.30.Final.jar:/home/user/.m2/repository/io/netty/netty-codec-http/4.1.30.Final/netty-codec-http-4.1.30.Final.jar:/home/user/.m2/repository/io/netty/netty-codec/4.1.30.Final/netty-codec-4.1.30.Final.jar:/home/user/.m2/repository/io/netty/netty-handler/4.1.30.Final/netty-handler-4.1.30.Final.jar:/home/user/.m2/repository/io/netty/netty-handler-proxy/4.1.30.Final/netty-handler-proxy-4.1.30.Final.jar:/home/user/.m2/repository/io/netty/netty-codec-socks/4.1.30.Final/netty-codec-socks-4.1.30.Final.jar:/home/user/.m2/repository/io/netty/netty-transport-native-epoll/4.1.30.Final/netty-transport-native-epoll-4.1.30.Final.jar:/home/user/.m2/repository/io/netty/netty-common/4.1.30.Final/netty-common-4.1.30.Final.jar:/home/user/.m2/repository/io/netty/netty-buffer/4.1.30.Final/netty-buffer-4.1.30.Final.jar:/home/user/.m2/repository/io/netty/netty-transport/4.1.30.Final/netty-transport-4.1.30.Final.jar:/home/user/.m2/repository/io/netty/netty-resolver/4.1.30.Final/netty-resolver-4.1.30.Final.jar:/home/user/.m2/repository/io/netty/netty-transport-native-unix-common/4.1.30.Final/netty-transport-native-unix-common-4.1.30.Final.jar:/home/user/.m2/repository/io/grpc/grpc-protobuf/1.17.1/grpc-protobuf-1.17.1.jar:/home/user/.m2/repository/com/google/api/grpc/proto-google-common-protos/1.0.0/proto-google-common-protos-1.0.0.jar:/home/user/.m2/repository/io/grpc/grpc-protobuf-lite/1.17.1/grpc-protobuf-lite-1.17.1.jar:/home/user/.m2/repository/io/grpc/grpc-stub/1.17.1/grpc-stub-1.17.1.jar:/home/user/.m2/repository/org/apache/hadoop/hadoop-ozone-recon/0.5.0-SNAPSHOT/hadoop-ozone-recon-0.5.0-SNAPSHOT.jar:/home/user/.m2/repository/org/apache/hadoop/hadoop-ozone-reconcodegen/0.5.0-SNAPSHOT/hadoop-ozone-reconcodegen-0.5.0-SNAPSHOT.jar:/home/user/.m2/repository/com/google/inject/extensions/guice-multibindings/4.0/guice-multibindings-4.0.jar:/home/user/.m2/repository/com/google/inject/guice/4.0/guice-4.0.jar:/home/user/.m2/repository/aopalliance/aopalliance/1.0/aopalliance-1.0.jar:/home/user/.m2/repository/com/google/inject/extensions/guice-servlet/4.0/guice-servlet-4.0.jar:/home/user/.m2/repository/org/glassfish/jersey/containers/jersey-container-servlet/2.27/jersey-container-servlet-2.27.jar:/home/user/.m2/repository/org/glassfish/hk2/guice-bridge/2.5.0/guice-bridge-2.5.0.jar:/home/user/.m2/repository/org/glassfish/jersey/core/jersey-server/2.27/jersey-server-2.27.jar:/home/user/.m2/repository/org/glassfish/jersey/core/jersey-client/2.27/jersey-client-2.27.jar:/home/user/.m2/repository/org/glassfish/jersey/media/jersey-media-jaxb/2.27/jersey-media-jaxb-2.27.jar:/home/user/.m2/repository/javax/validation/validation-api/1.1.0.Final/validation-api-1.1.0.Final.jar:/home/user/.m2/repository/org/glassfish/jersey/media/jersey-media-json-jackson/2.27/jersey-media-json-jackson-2.27.jar:/home/user/.m2/repository/org/glassfish/jersey/ext/jersey-entity-filtering/2.27/jersey-entity-filtering-2.27.jar:/home/user/.m2/repository/com/google/inject/extensions/guice-assistedinject/4.0/guice-assistedinject-4.0.jar:/home/user/.m2/repository/org/jooq/jooq/3.11.10/jooq-3.11.10.jar:/home/user/.m2/repository/org/jooq/jooq-meta/3.11.10/jooq-meta-3.11.10.jar:/home/user/.m2/repository/org/jooq/jooq-codegen/3.11.10/jooq-codegen-3.11.10.jar:/home/user/.m2/repository/com/jolbox/bonecp/0.8.0.RELEASE/bonecp-0.8.0.RELEASE.jar:/home/user/.m2/repository/org/xerial/sqlite-jdbc/3.25.2/sqlite-jdbc-3.25.2.jar:/home/user/.m2/repository/org/springframework/spring-jdbc/5.1.3.RELEASE/spring-jdbc-5.1.3.RELEASE.jar:/home/user/.m2/repository/org/springframework/spring-beans/5.1.3.RELEASE/spring-beans-5.1.3.RELEASE.jar:/home/user/.m2/repository/org/springframework/spring-core/5.1.3.RELEASE/spring-core-5.1.3.RELEASE.jar:/home/user/.m2/repository/org/springframework/spring-jcl/5.1.3.RELEASE/spring-jcl-5.1.3.RELEASE.jar:/home/user/.m2/repository/org/springframework/spring-tx/5.1.3.RELEASE/spring-tx-5.1.3.RELEASE.jar:/home/user/.m2/repository/org/apache/hadoop/hadoop-ozone-client/0.5.0-SNAPSHOT/hadoop-ozone-client-0.5.0-SNAPSHOT.jar:/home/user/.m2/repository/commons-lang/commons-lang/2.6/commons-lang-2.6.jar:/home/user/.m2/repository/org/apache/hadoop/hadoop-ozone-ozone-manager/0.5.0-SNAPSHOT/hadoop-ozone-ozone-manager-0.5.0-SNAPSHOT-tests.jar:/home/user/.m2/repository/junit/junit/4.11/junit-4.11.jar:/home/user/.m2/repository/org/hamcrest/hamcrest-core/1.3/hamcrest-core-1.3.jar:/home/user/.m2/repository/org/openjdk/jmh/jmh-core/1.19/jmh-core-1.19.jar:/home/user/.m2/repository/net/sf/jopt-simple/jopt-simple/4.6/jopt-simple-4.6.jar:/home/user/.m2/repository/org/apache/commons/commons-math3/3.1.1/commons-math3-3.1.1.jar:/home/user/.m2/repository/org/openjdk/jmh/jmh-generator-annprocess/1.19/jmh-generator-annprocess-1.19.jar:/home/user/.m2/repository/org/mockito/mockito-all/1.8.5/mockito-all-1.8.5.jar:/home/user/.m2/repository/org/apache/hadoop/hadoop-kms/3.2.0/hadoop-kms-3.2.0.jar:/home/user/.m2/repository/org/apache/hadoop/hadoop-auth/3.2.0/hadoop-auth-3.2.0.jar:/home/user/.m2/repository/com/nimbusds/nimbus-jose-jwt/4.41.1/nimbus-jose-jwt-4.41.1.jar:/home/user/.m2/repository/com/github/stephenc/jcip/jcip-annotations/1.0-1/jcip-annotations-1.0-1.jar:/home/user/.m2/repository/net/minidev/json-smart/2.3/json-smart-2.3.jar:/home/user/.m2/repository/net/minidev/accessors-smart/1.2/accessors-smart-1.2.jar:/home/user/.m2/repository/org/ow2/asm/asm/5.0.4/asm-5.0.4.jar:/home/user/.m2/repository/org/apache/curator/curator-framework/2.12.0/curator-framework-2.12.0.jar:/home/user/.m2/repository/com/sun/jersey/jersey-core/1.19/jersey-core-1.19.jar:/home/user/.m2/repository/javax/ws/rs/jsr311-api/1.1.1/jsr311-api-1.1.1.jar:/home/user/.m2/repository/com/sun/jersey/jersey-server/1.19/jersey-server-1.19.jar:/home/user/.m2/repository/javax/servlet/javax.servlet-api/3.1.0/javax.servlet-api-3.1.0.jar:/home/user/.m2/repository/org/eclipse/jetty/jetty-server/9.3.25.v20180904/jetty-server-9.3.25.v20180904.jar:/home/user/.m2/repository/org/eclipse/jetty/jetty-http/9.3.25.v20180904/jetty-http-9.3.25.v20180904.jar:/home/user/.m2/repository/org/eclipse/jetty/jetty-io/9.3.25.v20180904/jetty-io-9.3.25.v20180904.jar:/home/user/.m2/repository/org/eclipse/jetty/jetty-webapp/9.3.25.v20180904/jetty-webapp-9.3.25.v20180904.jar:/home/user/.m2/repository/org/eclipse/jetty/jetty-xml/9.3.25.v20180904/jetty-xml-9.3.25.v20180904.jar:/home/user/.m2/repository/log4j/log4j/1.2.17/log4j-1.2.17.jar:/home/user/.m2/repository/org/slf4j/slf4j-api/1.7.25/slf4j-api-1.7.25.jar:/home/user/.m2/repository/org/slf4j/jul-to-slf4j/1.7.25/jul-to-slf4j-1.7.25.jar:/home/user/.m2/repository/org/eclipse/jetty/jetty-util/9.3.25.v20180904/jetty-util-9.3.25.v20180904.jar:/home/user/.m2/repository/com/fasterxml/jackson/core/jackson-databind/2.9.9/jackson-databind-2.9.9.jar:/home/user/.m2/repository/org/apache/hadoop/hadoop-kms/3.2.0/hadoop-kms-3.2.0-tests.jar:/home/user/.m2/repository/org/apache/hadoop/hadoop-hdds-server-scm/0.5.0-SNAPSHOT/hadoop-hdds-server-scm-0.5.0-SNAPSHOT-tests.jar:/home/user/.m2/repository/org/apache/hadoop/hadoop-hdds-container-service/0.5.0-SNAPSHOT/hadoop-hdds-container-service-0.5.0-SNAPSHOT-tests.jar:/home/user/.m2/repository/org/yaml/snakeyaml/1.16/snakeyaml-1.16.jar:/home/user/.m2/repository/org/apache/hadoop/hadoop-common/3.2.0/hadoop-common-3.2.0-tests.jar:/home/user/.m2/repository/org/apache/hadoop/hadoop-annotations/3.2.0/hadoop-annotations-3.2.0.jar:/usr/lib/jvm/java-1.8.0-openjdk-1.8.0.222.b10-1.el7_7.x86_64/jre/../lib/tools.jar:/home/user/.m2/repository/commons-cli/commons-cli/1.2/commons-cli-1.2.jar:/home/user/.m2/repository/org/apache/httpcomponents/httpclient/4.5.2/httpclient-4.5.2.jar:/home/user/.m2/repository/org/apache/httpcomponents/httpcore/4.4.4/httpcore-4.4.4.jar:/home/user/.m2/repository/commons-codec/commons-codec/1.11/commons-codec-1.11.jar:/home/user/.m2/repository/commons-net/commons-net/3.6/commons-net-3.6.jar:/home/user/.m2/repository/commons-collections/commons-collections/3.2.2/commons-collections-3.2.2.jar:/home/user/.m2/repository/org/eclipse/jetty/jetty-servlet/9.3.25.v20180904/jetty-servlet-9.3.25.v20180904.jar:/home/user/.m2/repository/org/eclipse/jetty/jetty-security/9.3.25.v20180904/jetty-security-9.3.25.v20180904.jar:/home/user/.m2/repository/javax/servlet/jsp/jsp-api/2.1/jsp-api-2.1.jar:/home/user/.m2/repository/com/sun/jersey/jersey-servlet/1.19/jersey-servlet-1.19.jar:/home/user/.m2/repository/com/sun/jersey/jersey-json/1.19/jersey-json-1.19.jar:/home/user/.m2/repository/org/codehaus/jettison/jettison/1.1/jettison-1.1.jar:/home/user/.m2/repository/org/codehaus/jackson/jackson-core-asl/1.9.13/jackson-core-asl-1.9.13.jar:/home/user/.m2/repository/org/codehaus/jackson/jackson-mapper-asl/1.9.13/jackson-mapper-asl-1.9.13.jar:/home/user/.m2/repository/org/codehaus/jackson/jackson-jaxrs/1.9.13/jackson-jaxrs-1.9.13.jar:/home/user/.m2/repository/org/codehaus/jackson/jackson-xc/1.9.13/jackson-xc-1.9.13.jar:/home/user/.m2/repository/commons-logging/commons-logging/1.1.3/commons-logging-1.1.3.jar:/home/user/.m2/repository/commons-beanutils/commons-beanutils/1.9.4/commons-beanutils-1.9.4.jar:/home/user/.m2/repository/org/apache/commons/commons-configuration2/2.1.1/commons-configuration2-2.1.1.jar:/home/user/.m2/repository/org/apache/commons/commons-lang3/3.7/commons-lang3-3.7.jar:/home/user/.m2/repository/org/apache/commons/commons-text/1.4/commons-text-1.4.jar:/home/user/.m2/repository/org/apache/avro/avro/1.7.7/avro-1.7.7.jar:/home/user/.m2/repository/com/thoughtworks/paranamer/paranamer/2.3/paranamer-2.3.jar:/home/user/.m2/repository/org/xerial/snappy/snappy-java/1.0.5/snappy-java-1.0.5.jar:/home/user/.m2/repository/com/google/re2j/re2j/1.1/re2j-1.1.jar:/home/user/.m2/repository/com/google/code/gson/gson/2.2.4/gson-2.2.4.jar:/home/user/.m2/repository/com/jcraft/jsch/0.1.54/jsch-0.1.54.jar:/home/user/.m2/repository/org/apache/curator/curator-client/2.12.0/curator-client-2.12.0.jar:/home/user/.m2/repository/org/apache/curator/curator-recipes/2.12.0/curator-recipes-2.12.0.jar:/home/user/.m2/repository/com/google/code/findbugs/jsr305/3.0.0/jsr305-3.0.0.jar:/home/user/.m2/repository/org/apache/htrace/htrace-core4/4.1.0-incubating/htrace-core4-4.1.0-incubating.jar:/home/user/.m2/repository/org/apache/zookeeper/zookeeper/3.4.13/zookeeper-3.4.13.jar:/home/user/.m2/repository/jline/jline/0.9.94/jline-0.9.94.jar:/home/user/.m2/repository/org/apache/yetus/audience-annotations/0.5.0/audience-annotations-0.5.0.jar:/home/user/.m2/repository/org/codehaus/woodstox/stax2-api/3.1.4/stax2-api-3.1.4.jar:/home/user/.m2/repository/com/fasterxml/woodstox/woodstox-core/5.0.3/woodstox-core-5.0.3.jar:/home/user/.m2/repository/dnsjava/dnsjava/2.1.7/dnsjava-2.1.7.jar:/home/user/.m2/repository/org/apache/hadoop/hadoop-hdfs/3.2.0/hadoop-hdfs-3.2.0-tests.jar:/home/user/.m2/repository/org/eclipse/jetty/jetty-util-ajax/9.3.25.v20180904/jetty-util-ajax-9.3.25.v20180904.jar:/home/user/.m2/repository/commons-daemon/commons-daemon/1.0.13/commons-daemon-1.0.13.jar:/home/user/.m2/repository/io/netty/netty/3.10.5.Final/netty-3.10.5.Final.jar:/home/user/.m2/repository/io/netty/netty-all/4.0.52.Final/netty-all-4.0.52.Final.jar:/home/user/.m2/repository/org/fusesource/leveldbjni/leveldbjni-all/1.8/leveldbjni-all-1.8.jar:"/>
    <property name="java.vm.vendor" value="Oracle Corporation"/>
    <property name="sun.arch.data.model" value="64"/>
    <property name="test.build.dir" value="/workdir/hadoop-ozone/integration-test/target/test-dir"/>
    <property name="test.cache.data" value=""/>
    <property name="java.vendor.url" value="http://java.oracle.com/"/>
    <property name="user.timezone" value=""/>
    <property name="java.vm.specification.version" value="1.8"/>
    <property name="os.name" value="Linux"/>
    <property name="test.build.data" value="/workdir/hadoop-ozone/integration-test/target/test-dir"/>
    <property name="user.country" value="US"/>
    <property name="sun.java.launcher" value="SUN_STANDARD"/>
    <property name="sun.boot.library.path" value="/usr/lib/jvm/java-1.8.0-openjdk-1.8.0.222.b10-1.el7_7.x86_64/jre/lib/amd64"/>
    <property name="sun.java.command" value="/workdir/hadoop-ozone/integration-test/target/surefire/surefirebooter1470104390568888785.jar /workdir/hadoop-ozone/integration-test/target/surefire 2019-11-15T19-49-49_054-jvmRun1 surefire7762641706824334454tmp surefire_356903197486859209413tmp"/>
    <property name="surefire.test.class.path" value="/workdir/hadoop-ozone/integration-test/target/test-classes:/workdir/hadoop-ozone/integration-test/target/classes:/home/user/.m2/repository/org/apache/hadoop/hadoop-ozone-common/0.5.0-SNAPSHOT/hadoop-ozone-common-0.5.0-SNAPSHOT.jar:/home/user/.m2/repository/org/apache/commons/commons-compress/1.4.1/commons-compress-1.4.1.jar:/home/user/.m2/repository/org/tukaani/xz/1.0/xz-1.0.jar:/home/user/.m2/repository/org/apache/hadoop/hadoop-common/3.2.0/hadoop-common-3.2.0.jar:/home/user/.m2/repository/org/apache/hadoop/hadoop-hdfs/3.2.0/hadoop-hdfs-3.2.0.jar:/home/user/.m2/repository/org/apache/hadoop/hadoop-hdfs-client/3.2.0/hadoop-hdfs-client-3.2.0.jar:/home/user/.m2/repository/com/fasterxml/jackson/core/jackson-annotations/2.9.9/jackson-annotations-2.9.9.jar:/home/user/.m2/repository/org/apache/hadoop/hadoop-hdds-common/0.5.0-SNAPSHOT/hadoop-hdds-common-0.5.0-SNAPSHOT.jar:/home/user/.m2/repository/javax/annotation/javax.annotation-api/1.2/javax.annotation-api-1.2.jar:/home/user/.m2/repository/org/apache/ratis/ratis-server/0.5.0-d6d58d0-SNAPSHOT/ratis-server-0.5.0-d6d58d0-SNAPSHOT.jar:/home/user/.m2/repository/org/apache/ratis/ratis-thirdparty-misc/0.2.0/ratis-thirdparty-misc-0.2.0.jar:/home/user/.m2/repository/org/apache/ratis/ratis-proto/0.5.0-d6d58d0-SNAPSHOT/ratis-proto-0.5.0-d6d58d0-SNAPSHOT.jar:/home/user/.m2/repository/org/apache/ratis/ratis-common/0.5.0-d6d58d0-SNAPSHOT/ratis-common-0.5.0-d6d58d0-SNAPSHOT.jar:/home/user/.m2/repository/org/apache/ratis/ratis-client/0.5.0-d6d58d0-SNAPSHOT/ratis-client-0.5.0-d6d58d0-SNAPSHOT.jar:/home/user/.m2/repository/org/apache/ratis/ratis-metrics/0.5.0-d6d58d0-SNAPSHOT/ratis-metrics-0.5.0-d6d58d0-SNAPSHOT.jar:/home/user/.m2/repository/org/apache/ratis/ratis-netty/0.5.0-d6d58d0-SNAPSHOT/ratis-netty-0.5.0-d6d58d0-SNAPSHOT.jar:/home/user/.m2/repository/org/apache/ratis/ratis-grpc/0.5.0-d6d58d0-SNAPSHOT/ratis-grpc-0.5.0-d6d58d0-SNAPSHOT.jar:/home/user/.m2/repository/org/rocksdb/rocksdbjni/6.0.1/rocksdbjni-6.0.1.jar:/home/user/.m2/repository/org/apache/logging/log4j/log4j-api/2.11.0/log4j-api-2.11.0.jar:/home/user/.m2/repository/org/apache/logging/log4j/log4j-core/2.11.0/log4j-core-2.11.0.jar:/home/user/.m2/repository/com/lmax/disruptor/3.4.2/disruptor-3.4.2.jar:/home/user/.m2/repository/org/apache/commons/commons-pool2/2.6.0/commons-pool2-2.6.0.jar:/home/user/.m2/repository/org/bouncycastle/bcpkix-jdk15on/1.60/bcpkix-jdk15on-1.60.jar:/home/user/.m2/repository/commons-validator/commons-validator/1.6/commons-validator-1.6.jar:/home/user/.m2/repository/commons-digester/commons-digester/1.8.1/commons-digester-1.8.1.jar:/home/user/.m2/repository/io/jaegertracing/jaeger-client/0.34.0/jaeger-client-0.34.0.jar:/home/user/.m2/repository/io/jaegertracing/jaeger-thrift/0.34.0/jaeger-thrift-0.34.0.jar:/home/user/.m2/repository/org/apache/thrift/libthrift/0.12.0/libthrift-0.12.0.jar:/home/user/.m2/repository/com/squareup/okhttp3/okhttp/3.9.0/okhttp-3.9.0.jar:/home/user/.m2/repository/com/squareup/okio/okio/1.13.0/okio-1.13.0.jar:/home/user/.m2/repository/io/jaegertracing/jaeger-core/0.34.0/jaeger-core-0.34.0.jar:/home/user/.m2/repository/io/jaegertracing/jaeger-tracerresolver/0.34.0/jaeger-tracerresolver-0.34.0.jar:/home/user/.m2/repository/io/opentracing/contrib/opentracing-tracerresolver/0.1.5/opentracing-tracerresolver-0.1.5.jar:/home/user/.m2/repository/io/opentracing/opentracing-util/0.31.0/opentracing-util-0.31.0.jar:/home/user/.m2/repository/io/opentracing/opentracing-api/0.31.0/opentracing-api-0.31.0.jar:/home/user/.m2/repository/io/opentracing/opentracing-noop/0.31.0/opentracing-noop-0.31.0.jar:/home/user/.m2/repository/org/apache/hadoop/hadoop-hdds-server-framework/0.5.0-SNAPSHOT/hadoop-hdds-server-framework-0.5.0-SNAPSHOT.jar:/home/user/.m2/repository/org/apache/hadoop/hadoop-hdds-container-service/0.5.0-SNAPSHOT/hadoop-hdds-container-service-0.5.0-SNAPSHOT.jar:/home/user/.m2/repository/org/apache/hadoop/hadoop-hdds-client/0.5.0-SNAPSHOT/hadoop-hdds-client-0.5.0-SNAPSHOT.jar:/home/user/.m2/repository/org/apache/hadoop/hadoop-hdds-tools/0.5.0-SNAPSHOT/hadoop-hdds-tools-0.5.0-SNAPSHOT.jar:/home/user/.m2/repository/org/apache/hadoop/hadoop-hdds-server-scm/0.5.0-SNAPSHOT/hadoop-hdds-server-scm-0.5.0-SNAPSHOT.jar:/home/user/.m2/repository/org/apache/hadoop/hadoop-hdds-docs/0.5.0-SNAPSHOT/hadoop-hdds-docs-0.5.0-SNAPSHOT.jar:/home/user/.m2/repository/io/dropwizard/metrics/metrics-core/3.2.4/metrics-core-3.2.4.jar:/home/user/.m2/repository/org/hamcrest/hamcrest-all/1.3/hamcrest-all-1.3.jar:/home/user/.m2/repository/org/bouncycastle/bcprov-jdk15on/1.60/bcprov-jdk15on-1.60.jar:/home/user/.m2/repository/info/picocli/picocli/3.9.6/picocli-3.9.6.jar:/home/user/.m2/repository/com/google/protobuf/protobuf-java/2.5.0/protobuf-java-2.5.0.jar:/home/user/.m2/repository/com/google/guava/guava/11.0.2/guava-11.0.2.jar:/home/user/.m2/repository/org/apache/hadoop/hadoop-ozone-ozone-manager/0.5.0-SNAPSHOT/hadoop-ozone-ozone-manager-0.5.0-SNAPSHOT.jar:/home/user/.m2/repository/org/apache/hadoop/hadoop-minikdc/3.2.0/hadoop-minikdc-3.2.0.jar:/home/user/.m2/repository/commons-io/commons-io/2.5/commons-io-2.5.jar:/home/user/.m2/repository/org/apache/kerby/kerb-simplekdc/1.0.1/kerb-simplekdc-1.0.1.jar:/home/user/.m2/repository/org/apache/kerby/kerb-client/1.0.1/kerb-client-1.0.1.jar:/home/user/.m2/repository/org/apache/kerby/kerby-config/1.0.1/kerby-config-1.0.1.jar:/home/user/.m2/repository/org/apache/kerby/kerb-core/1.0.1/kerb-core-1.0.1.jar:/home/user/.m2/repository/org/apache/kerby/kerby-pkix/1.0.1/kerby-pkix-1.0.1.jar:/home/user/.m2/repository/org/apache/kerby/kerby-asn1/1.0.1/kerby-asn1-1.0.1.jar:/home/user/.m2/repository/org/apache/kerby/kerby-util/1.0.1/kerby-util-1.0.1.jar:/home/user/.m2/repository/org/apache/kerby/kerb-common/1.0.1/kerb-common-1.0.1.jar:/home/user/.m2/repository/org/apache/kerby/kerb-crypto/1.0.1/kerb-crypto-1.0.1.jar:/home/user/.m2/repository/org/apache/kerby/kerb-util/1.0.1/kerb-util-1.0.1.jar:/home/user/.m2/repository/org/apache/kerby/token-provider/1.0.1/token-provider-1.0.1.jar:/home/user/.m2/repository/org/apache/kerby/kerb-admin/1.0.1/kerb-admin-1.0.1.jar:/home/user/.m2/repository/org/apache/kerby/kerb-server/1.0.1/kerb-server-1.0.1.jar:/home/user/.m2/repository/org/apache/kerby/kerb-identity/1.0.1/kerb-identity-1.0.1.jar:/home/user/.m2/repository/org/apache/kerby/kerby-xdr/1.0.1/kerby-xdr-1.0.1.jar:/home/user/.m2/repository/org/slf4j/slf4j-log4j12/1.7.25/slf4j-log4j12-1.7.25.jar:/home/user/.m2/repository/org/apache/hadoop/hadoop-ozone-s3gateway/0.5.0-SNAPSHOT/hadoop-ozone-s3gateway-0.5.0-SNAPSHOT.jar:/home/user/.m2/repository/org/jboss/weld/servlet/weld-servlet/2.4.7.Final/weld-servlet-2.4.7.Final.jar:/home/user/.m2/repository/org/glassfish/jersey/containers/jersey-container-servlet-core/2.27/jersey-container-servlet-core-2.27.jar:/home/user/.m2/repository/org/glassfish/hk2/external/javax.inject/2.5.0-b42/javax.inject-2.5.0-b42.jar:/home/user/.m2/repository/org/glassfish/jersey/core/jersey-common/2.27/jersey-common-2.27.jar:/home/user/.m2/repository/org/glassfish/hk2/osgi-resource-locator/1.0.1/osgi-resource-locator-1.0.1.jar:/home/user/.m2/repository/javax/ws/rs/javax.ws.rs-api/2.1/javax.ws.rs-api-2.1.jar:/home/user/.m2/repository/org/glassfish/jersey/ext/cdi/jersey-cdi1x/2.27/jersey-cdi1x-2.27.jar:/home/user/.m2/repository/org/glassfish/jersey/inject/jersey-hk2/2.27/jersey-hk2-2.27.jar:/home/user/.m2/repository/org/glassfish/hk2/hk2-locator/2.5.0-b42/hk2-locator-2.5.0-b42.jar:/home/user/.m2/repository/org/javassist/javassist/3.22.0-CR2/javassist-3.22.0-CR2.jar:/home/user/.m2/repository/org/glassfish/hk2/hk2-api/2.5.0/hk2-api-2.5.0.jar:/home/user/.m2/repository/org/glassfish/hk2/external/jakarta.inject/2.5.0/jakarta.inject-2.5.0.jar:/home/user/.m2/repository/org/glassfish/hk2/hk2-utils/2.5.0/hk2-utils-2.5.0.jar:/home/user/.m2/repository/jakarta/annotation/jakarta.annotation-api/1.3.4/jakarta.annotation-api-1.3.4.jar:/home/user/.m2/repository/org/glassfish/hk2/external/aopalliance-repackaged/2.5.0/aopalliance-repackaged-2.5.0.jar:/home/user/.m2/repository/com/fasterxml/jackson/dataformat/jackson-dataformat-xml/2.9.0/jackson-dataformat-xml-2.9.0.jar:/home/user/.m2/repository/com/fasterxml/jackson/core/jackson-core/2.9.9/jackson-core-2.9.9.jar:/home/user/.m2/repository/com/fasterxml/jackson/module/jackson-module-jaxb-annotations/2.9.9/jackson-module-jaxb-annotations-2.9.9.jar:/home/user/.m2/repository/javax/enterprise/cdi-api/1.2/cdi-api-1.2.jar:/home/user/.m2/repository/javax/el/javax.el-api/3.0.0/javax.el-api-3.0.0.jar:/home/user/.m2/repository/javax/interceptor/javax.interceptor-api/1.2/javax.interceptor-api-1.2.jar:/home/user/.m2/repository/javax/inject/javax.inject/1/javax.inject-1.jar:/home/user/.m2/repository/com/sun/xml/bind/jaxb-impl/2.3.0.1/jaxb-impl-2.3.0.1.jar:/home/user/.m2/repository/com/sun/xml/bind/jaxb-core/2.3.0.1/jaxb-core-2.3.0.1.jar:/home/user/.m2/repository/javax/xml/bind/jaxb-api/2.3.0/jaxb-api-2.3.0.jar:/home/user/.m2/repository/javax/activation/activation/1.1.1/activation-1.1.1.jar:/home/user/.m2/repository/org/apache/hadoop/hadoop-ozone-csi/0.5.0-SNAPSHOT/hadoop-ozone-csi-0.5.0-SNAPSHOT.jar:/home/user/.m2/repository/com/google/protobuf/protobuf-java-util/3.5.1/protobuf-java-util-3.5.1.jar:/home/user/.m2/repository/org/apache/hadoop/hadoop-hdds-config/0.5.0-SNAPSHOT/hadoop-hdds-config-0.5.0-SNAPSHOT.jar:/home/user/.m2/repository/io/grpc/grpc-netty/1.17.1/grpc-netty-1.17.1.jar:/home/user/.m2/repository/io/grpc/grpc-core/1.17.1/grpc-core-1.17.1.jar:/home/user/.m2/repository/io/grpc/grpc-context/1.17.1/grpc-context-1.17.1.jar:/home/user/.m2/repository/com/google/errorprone/error_prone_annotations/2.2.0/error_prone_annotations-2.2.0.jar:/home/user/.m2/repository/org/codehaus/mojo/animal-sniffer-annotations/1.17/animal-sniffer-annotations-1.17.jar:/home/user/.m2/repository/io/opencensus/opencensus-api/0.17.0/opencensus-api-0.17.0.jar:/home/user/.m2/repository/io/opencensus/opencensus-contrib-grpc-metrics/0.17.0/opencensus-contrib-grpc-metrics-0.17.0.jar:/home/user/.m2/repository/io/netty/netty-codec-http2/4.1.30.Final/netty-codec-http2-4.1.30.Final.jar:/home/user/.m2/repository/io/netty/netty-codec-http/4.1.30.Final/netty-codec-http-4.1.30.Final.jar:/home/user/.m2/repository/io/netty/netty-codec/4.1.30.Final/netty-codec-4.1.30.Final.jar:/home/user/.m2/repository/io/netty/netty-handler/4.1.30.Final/netty-handler-4.1.30.Final.jar:/home/user/.m2/repository/io/netty/netty-handler-proxy/4.1.30.Final/netty-handler-proxy-4.1.30.Final.jar:/home/user/.m2/repository/io/netty/netty-codec-socks/4.1.30.Final/netty-codec-socks-4.1.30.Final.jar:/home/user/.m2/repository/io/netty/netty-transport-native-epoll/4.1.30.Final/netty-transport-native-epoll-4.1.30.Final.jar:/home/user/.m2/repository/io/netty/netty-common/4.1.30.Final/netty-common-4.1.30.Final.jar:/home/user/.m2/repository/io/netty/netty-buffer/4.1.30.Final/netty-buffer-4.1.30.Final.jar:/home/user/.m2/repository/io/netty/netty-transport/4.1.30.Final/netty-transport-4.1.30.Final.jar:/home/user/.m2/repository/io/netty/netty-resolver/4.1.30.Final/netty-resolver-4.1.30.Final.jar:/home/user/.m2/repository/io/netty/netty-transport-native-unix-common/4.1.30.Final/netty-transport-native-unix-common-4.1.30.Final.jar:/home/user/.m2/repository/io/grpc/grpc-protobuf/1.17.1/grpc-protobuf-1.17.1.jar:/home/user/.m2/repository/com/google/api/grpc/proto-google-common-protos/1.0.0/proto-google-common-protos-1.0.0.jar:/home/user/.m2/repository/io/grpc/grpc-protobuf-lite/1.17.1/grpc-protobuf-lite-1.17.1.jar:/home/user/.m2/repository/io/grpc/grpc-stub/1.17.1/grpc-stub-1.17.1.jar:/home/user/.m2/repository/org/apache/hadoop/hadoop-ozone-recon/0.5.0-SNAPSHOT/hadoop-ozone-recon-0.5.0-SNAPSHOT.jar:/home/user/.m2/repository/org/apache/hadoop/hadoop-ozone-reconcodegen/0.5.0-SNAPSHOT/hadoop-ozone-reconcodegen-0.5.0-SNAPSHOT.jar:/home/user/.m2/repository/com/google/inject/extensions/guice-multibindings/4.0/guice-multibindings-4.0.jar:/home/user/.m2/repository/com/google/inject/guice/4.0/guice-4.0.jar:/home/user/.m2/repository/aopalliance/aopalliance/1.0/aopalliance-1.0.jar:/home/user/.m2/repository/com/google/inject/extensions/guice-servlet/4.0/guice-servlet-4.0.jar:/home/user/.m2/repository/org/glassfish/jersey/containers/jersey-container-servlet/2.27/jersey-container-servlet-2.27.jar:/home/user/.m2/repository/org/glassfish/hk2/guice-bridge/2.5.0/guice-bridge-2.5.0.jar:/home/user/.m2/repository/org/glassfish/jersey/core/jersey-server/2.27/jersey-server-2.27.jar:/home/user/.m2/repository/org/glassfish/jersey/core/jersey-client/2.27/jersey-client-2.27.jar:/home/user/.m2/repository/org/glassfish/jersey/media/jersey-media-jaxb/2.27/jersey-media-jaxb-2.27.jar:/home/user/.m2/repository/javax/validation/validation-api/1.1.0.Final/validation-api-1.1.0.Final.jar:/home/user/.m2/repository/org/glassfish/jersey/media/jersey-media-json-jackson/2.27/jersey-media-json-jackson-2.27.jar:/home/user/.m2/repository/org/glassfish/jersey/ext/jersey-entity-filtering/2.27/jersey-entity-filtering-2.27.jar:/home/user/.m2/repository/com/google/inject/extensions/guice-assistedinject/4.0/guice-assistedinject-4.0.jar:/home/user/.m2/repository/org/jooq/jooq/3.11.10/jooq-3.11.10.jar:/home/user/.m2/repository/org/jooq/jooq-meta/3.11.10/jooq-meta-3.11.10.jar:/home/user/.m2/repository/org/jooq/jooq-codegen/3.11.10/jooq-codegen-3.11.10.jar:/home/user/.m2/repository/com/jolbox/bonecp/0.8.0.RELEASE/bonecp-0.8.0.RELEASE.jar:/home/user/.m2/repository/org/xerial/sqlite-jdbc/3.25.2/sqlite-jdbc-3.25.2.jar:/home/user/.m2/repository/org/springframework/spring-jdbc/5.1.3.RELEASE/spring-jdbc-5.1.3.RELEASE.jar:/home/user/.m2/repository/org/springframework/spring-beans/5.1.3.RELEASE/spring-beans-5.1.3.RELEASE.jar:/home/user/.m2/repository/org/springframework/spring-core/5.1.3.RELEASE/spring-core-5.1.3.RELEASE.jar:/home/user/.m2/repository/org/springframework/spring-jcl/5.1.3.RELEASE/spring-jcl-5.1.3.RELEASE.jar:/home/user/.m2/repository/org/springframework/spring-tx/5.1.3.RELEASE/spring-tx-5.1.3.RELEASE.jar:/home/user/.m2/repository/org/apache/hadoop/hadoop-ozone-client/0.5.0-SNAPSHOT/hadoop-ozone-client-0.5.0-SNAPSHOT.jar:/home/user/.m2/repository/commons-lang/commons-lang/2.6/commons-lang-2.6.jar:/home/user/.m2/repository/org/apache/hadoop/hadoop-ozone-ozone-manager/0.5.0-SNAPSHOT/hadoop-ozone-ozone-manager-0.5.0-SNAPSHOT-tests.jar:/home/user/.m2/repository/junit/junit/4.11/junit-4.11.jar:/home/user/.m2/repository/org/hamcrest/hamcrest-core/1.3/hamcrest-core-1.3.jar:/home/user/.m2/repository/org/openjdk/jmh/jmh-core/1.19/jmh-core-1.19.jar:/home/user/.m2/repository/net/sf/jopt-simple/jopt-simple/4.6/jopt-simple-4.6.jar:/home/user/.m2/repository/org/apache/commons/commons-math3/3.1.1/commons-math3-3.1.1.jar:/home/user/.m2/repository/org/openjdk/jmh/jmh-generator-annprocess/1.19/jmh-generator-annprocess-1.19.jar:/home/user/.m2/repository/org/mockito/mockito-all/1.8.5/mockito-all-1.8.5.jar:/home/user/.m2/repository/org/apache/hadoop/hadoop-kms/3.2.0/hadoop-kms-3.2.0.jar:/home/user/.m2/repository/org/apache/hadoop/hadoop-auth/3.2.0/hadoop-auth-3.2.0.jar:/home/user/.m2/repository/com/nimbusds/nimbus-jose-jwt/4.41.1/nimbus-jose-jwt-4.41.1.jar:/home/user/.m2/repository/com/github/stephenc/jcip/jcip-annotations/1.0-1/jcip-annotations-1.0-1.jar:/home/user/.m2/repository/net/minidev/json-smart/2.3/json-smart-2.3.jar:/home/user/.m2/repository/net/minidev/accessors-smart/1.2/accessors-smart-1.2.jar:/home/user/.m2/repository/org/ow2/asm/asm/5.0.4/asm-5.0.4.jar:/home/user/.m2/repository/org/apache/curator/curator-framework/2.12.0/curator-framework-2.12.0.jar:/home/user/.m2/repository/com/sun/jersey/jersey-core/1.19/jersey-core-1.19.jar:/home/user/.m2/repository/javax/ws/rs/jsr311-api/1.1.1/jsr311-api-1.1.1.jar:/home/user/.m2/repository/com/sun/jersey/jersey-server/1.19/jersey-server-1.19.jar:/home/user/.m2/repository/javax/servlet/javax.servlet-api/3.1.0/javax.servlet-api-3.1.0.jar:/home/user/.m2/repository/org/eclipse/jetty/jetty-server/9.3.25.v20180904/jetty-server-9.3.25.v20180904.jar:/home/user/.m2/repository/org/eclipse/jetty/jetty-http/9.3.25.v20180904/jetty-http-9.3.25.v20180904.jar:/home/user/.m2/repository/org/eclipse/jetty/jetty-io/9.3.25.v20180904/jetty-io-9.3.25.v20180904.jar:/home/user/.m2/repository/org/eclipse/jetty/jetty-webapp/9.3.25.v20180904/jetty-webapp-9.3.25.v20180904.jar:/home/user/.m2/repository/org/eclipse/jetty/jetty-xml/9.3.25.v20180904/jetty-xml-9.3.25.v20180904.jar:/home/user/.m2/repository/log4j/log4j/1.2.17/log4j-1.2.17.jar:/home/user/.m2/repository/org/slf4j/slf4j-api/1.7.25/slf4j-api-1.7.25.jar:/home/user/.m2/repository/org/slf4j/jul-to-slf4j/1.7.25/jul-to-slf4j-1.7.25.jar:/home/user/.m2/repository/org/eclipse/jetty/jetty-util/9.3.25.v20180904/jetty-util-9.3.25.v20180904.jar:/home/user/.m2/repository/com/fasterxml/jackson/core/jackson-databind/2.9.9/jackson-databind-2.9.9.jar:/home/user/.m2/repository/org/apache/hadoop/hadoop-kms/3.2.0/hadoop-kms-3.2.0-tests.jar:/home/user/.m2/repository/org/apache/hadoop/hadoop-hdds-server-scm/0.5.0-SNAPSHOT/hadoop-hdds-server-scm-0.5.0-SNAPSHOT-tests.jar:/home/user/.m2/repository/org/apache/hadoop/hadoop-hdds-container-service/0.5.0-SNAPSHOT/hadoop-hdds-container-service-0.5.0-SNAPSHOT-tests.jar:/home/user/.m2/repository/org/yaml/snakeyaml/1.16/snakeyaml-1.16.jar:/home/user/.m2/repository/org/apache/hadoop/hadoop-common/3.2.0/hadoop-common-3.2.0-tests.jar:/home/user/.m2/repository/org/apache/hadoop/hadoop-annotations/3.2.0/hadoop-annotations-3.2.0.jar:/usr/lib/jvm/java-1.8.0-openjdk-1.8.0.222.b10-1.el7_7.x86_64/jre/../lib/tools.jar:/home/user/.m2/repository/commons-cli/commons-cli/1.2/commons-cli-1.2.jar:/home/user/.m2/repository/org/apache/httpcomponents/httpclient/4.5.2/httpclient-4.5.2.jar:/home/user/.m2/repository/org/apache/httpcomponents/httpcore/4.4.4/httpcore-4.4.4.jar:/home/user/.m2/repository/commons-codec/commons-codec/1.11/commons-codec-1.11.jar:/home/user/.m2/repository/commons-net/commons-net/3.6/commons-net-3.6.jar:/home/user/.m2/repository/commons-collections/commons-collections/3.2.2/commons-collections-3.2.2.jar:/home/user/.m2/repository/org/eclipse/jetty/jetty-servlet/9.3.25.v20180904/jetty-servlet-9.3.25.v20180904.jar:/home/user/.m2/repository/org/eclipse/jetty/jetty-security/9.3.25.v20180904/jetty-security-9.3.25.v20180904.jar:/home/user/.m2/repository/javax/servlet/jsp/jsp-api/2.1/jsp-api-2.1.jar:/home/user/.m2/repository/com/sun/jersey/jersey-servlet/1.19/jersey-servlet-1.19.jar:/home/user/.m2/repository/com/sun/jersey/jersey-json/1.19/jersey-json-1.19.jar:/home/user/.m2/repository/org/codehaus/jettison/jettison/1.1/jettison-1.1.jar:/home/user/.m2/repository/org/codehaus/jackson/jackson-core-asl/1.9.13/jackson-core-asl-1.9.13.jar:/home/user/.m2/repository/org/codehaus/jackson/jackson-mapper-asl/1.9.13/jackson-mapper-asl-1.9.13.jar:/home/user/.m2/repository/org/codehaus/jackson/jackson-jaxrs/1.9.13/jackson-jaxrs-1.9.13.jar:/home/user/.m2/repository/org/codehaus/jackson/jackson-xc/1.9.13/jackson-xc-1.9.13.jar:/home/user/.m2/repository/commons-logging/commons-logging/1.1.3/commons-logging-1.1.3.jar:/home/user/.m2/repository/commons-beanutils/commons-beanutils/1.9.4/commons-beanutils-1.9.4.jar:/home/user/.m2/repository/org/apache/commons/commons-configuration2/2.1.1/commons-configuration2-2.1.1.jar:/home/user/.m2/repository/org/apache/commons/commons-lang3/3.7/commons-lang3-3.7.jar:/home/user/.m2/repository/org/apache/commons/commons-text/1.4/commons-text-1.4.jar:/home/user/.m2/repository/org/apache/avro/avro/1.7.7/avro-1.7.7.jar:/home/user/.m2/repository/com/thoughtworks/paranamer/paranamer/2.3/paranamer-2.3.jar:/home/user/.m2/repository/org/xerial/snappy/snappy-java/1.0.5/snappy-java-1.0.5.jar:/home/user/.m2/repository/com/google/re2j/re2j/1.1/re2j-1.1.jar:/home/user/.m2/repository/com/google/code/gson/gson/2.2.4/gson-2.2.4.jar:/home/user/.m2/repository/com/jcraft/jsch/0.1.54/jsch-0.1.54.jar:/home/user/.m2/repository/org/apache/curator/curator-client/2.12.0/curator-client-2.12.0.jar:/home/user/.m2/repository/org/apache/curator/curator-recipes/2.12.0/curator-recipes-2.12.0.jar:/home/user/.m2/repository/com/google/code/findbugs/jsr305/3.0.0/jsr305-3.0.0.jar:/home/user/.m2/repository/org/apache/htrace/htrace-core4/4.1.0-incubating/htrace-core4-4.1.0-incubating.jar:/home/user/.m2/repository/org/apache/zookeeper/zookeeper/3.4.13/zookeeper-3.4.13.jar:/home/user/.m2/repository/jline/jline/0.9.94/jline-0.9.94.jar:/home/user/.m2/repository/org/apache/yetus/audience-annotations/0.5.0/audience-annotations-0.5.0.jar:/home/user/.m2/repository/org/codehaus/woodstox/stax2-api/3.1.4/stax2-api-3.1.4.jar:/home/user/.m2/repository/com/fasterxml/woodstox/woodstox-core/5.0.3/woodstox-core-5.0.3.jar:/home/user/.m2/repository/dnsjava/dnsjava/2.1.7/dnsjava-2.1.7.jar:/home/user/.m2/repository/org/apache/hadoop/hadoop-hdfs/3.2.0/hadoop-hdfs-3.2.0-tests.jar:/home/user/.m2/repository/org/eclipse/jetty/jetty-util-ajax/9.3.25.v20180904/jetty-util-ajax-9.3.25.v20180904.jar:/home/user/.m2/repository/commons-daemon/commons-daemon/1.0.13/commons-daemon-1.0.13.jar:/home/user/.m2/repository/io/netty/netty/3.10.5.Final/netty-3.10.5.Final.jar:/home/user/.m2/repository/io/netty/netty-all/4.0.52.Final/netty-all-4.0.52.Final.jar:/home/user/.m2/repository/org/fusesource/leveldbjni/leveldbjni-all/1.8/leveldbjni-all-1.8.jar:"/>
    <property name="sun.cpu.endian" value="little"/>
    <property name="user.home" value="/home/user"/>
    <property name="user.language" value="en"/>
    <property name="java.specification.vendor" value="Oracle Corporation"/>
    <property name="java.home" value="/usr/lib/jvm/java-1.8.0-openjdk-1.8.0.222.b10-1.el7_7.x86_64/jre"/>
    <property name="surefire.excludesFile" value="/tools/ozone-bad-unit-tests"/>
    <property name="java.security.krb5.conf" value="/workdir/hadoop-ozone/integration-test/target/test-classes/krb5.conf"/>
    <property name="basedir" value="/workdir/hadoop-ozone/integration-test"/>
    <property name="file.separator" value="/"/>
    <property name="line.separator" value="&#10;"/>
    <property name="java.vm.specification.vendor" value="Oracle Corporation"/>
    <property name="java.specification.name" value="Java Platform API Specification"/>
    <property name="java.awt.graphicsenv" value="sun.awt.X11GraphicsEnvironment"/>
    <property name="surefire.real.class.path" value="/workdir/hadoop-ozone/integration-test/target/surefire/surefirebooter1470104390568888785.jar"/>
    <property name="hadoop.log.dir" value="/workdir/hadoop-ozone/integration-test/target/log"/>
    <property name="sun.boot.class.path" value="/usr/lib/jvm/java-1.8.0-openjdk-1.8.0.222.b10-1.el7_7.x86_64/jre/lib/resources.jar:/usr/lib/jvm/java-1.8.0-openjdk-1.8.0.222.b10-1.el7_7.x86_64/jre/lib/rt.jar:/usr/lib/jvm/java-1.8.0-openjdk-1.8.0.222.b10-1.el7_7.x86_64/jre/lib/sunrsasign.jar:/usr/lib/jvm/java-1.8.0-openjdk-1.8.0.222.b10-1.el7_7.x86_64/jre/lib/jsse.jar:/usr/lib/jvm/java-1.8.0-openjdk-1.8.0.222.b10-1.el7_7.x86_64/jre/lib/jce.jar:/usr/lib/jvm/java-1.8.0-openjdk-1.8.0.222.b10-1.el7_7.x86_64/jre/lib/charsets.jar:/usr/lib/jvm/java-1.8.0-openjdk-1.8.0.222.b10-1.el7_7.x86_64/jre/lib/jfr.jar:/usr/lib/jvm/java-1.8.0-openjdk-1.8.0.222.b10-1.el7_7.x86_64/jre/classes"/>
    <property name="sun.management.compiler" value="HotSpot 64-Bit Tiered Compilers"/>
    <property name="java.runtime.version" value="1.8.0_222-b10"/>
    <property name="java.net.preferIPv4Stack" value="true"/>
    <property name="user.name" value="jenkins1000"/>
    <property name="path.separator" value=":"/>
    <property name="java.security.egd" value="file:///dev/urandom"/>
    <property name="os.version" value="3.10.0-957.12.2.el7.x86_64"/>
    <property name="java.endorsed.dirs" value="/usr/lib/jvm/java-1.8.0-openjdk-1.8.0.222.b10-1.el7_7.x86_64/jre/lib/endorsed"/>
    <property name="java.runtime.name" value="OpenJDK Runtime Environment"/>
    <property name="file.encoding" value="ANSI_X3.4-1968"/>
    <property name="java.vm.name" value="OpenJDK 64-Bit Server VM"/>
    <property name="test.build.webapps" value=""/>
    <property name="localRepository" value="/home/user/.m2/repository"/>
    <property name="java.vendor.url.bug" value="http://bugreport.sun.com/bugreport/"/>
    <property name="java.io.tmpdir" value="/tmp"/>
    <property name="require.test.libhadoop" value=""/>
    <property name="java.version" value="1.8.0_222"/>
    <property name="user.dir" value="/workdir/hadoop-ozone/integration-test"/>
    <property name="os.arch" value="amd64"/>
    <property name="java.vm.specification.name" value="Java Virtual Machine Specification"/>
    <property name="test.build.classes" value="/workdir/hadoop-ozone/integration-test/target/test-classes"/>
    <property name="java.awt.printerjob" value="sun.print.PSPrinterJob"/>
    <property name="sun.os.patch.level" value="unknown"/>
    <property name="hadoop.tmp.dir" value="/workdir/hadoop-ozone/integration-test/target/tmp"/>
    <property name="java.library.path" value="/usr/lib:/workdir/hadoop-ozone/integration-test/target/native/target/usr/local/lib:/workdir/hadoop-ozone/integration-test/../../hadoop-common-project/hadoop-common/target/native/target/usr/local/lib:/usr/java/packages/lib/amd64:/usr/lib64:/lib64:/lib:/usr/lib"/>
    <property name="java.vm.info" value="mixed mode"/>
    <property name="java.vendor" value="Oracle Corporation"/>
    <property name="java.vm.version" value="25.222-b10"/>
    <property name="java.ext.dirs" value="/usr/lib/jvm/java-1.8.0-openjdk-1.8.0.222.b10-1.el7_7.x86_64/jre/lib/ext:/usr/java/packages/lib/ext"/>
    <property name="sun.io.unicode.encoding" value="UnicodeLittle"/>
    <property name="java.class.version" value="52.0"/>
  </properties>
  <testcase name="testMultiBlockWritesWithIntermittentDnFailures" classname="org.apache.hadoop.ozone.client.rpc.TestMultiBlockWritesWithDnFailures" time="105.81"/>
  <testcase name="testMultiBlockWritesWithDnFailures" classname="org.apache.hadoop.ozone.client.rpc.TestMultiBlockWritesWithDnFailures" time="25.742">
    <error message="Allocated 0 blocks. Requested 1 blocks" type="INTERNAL_ERROR org.apache.hadoop.ozone.om.exceptions.OMException">INTERNAL_ERROR org.apache.hadoop.ozone.om.exceptions.OMException: Allocated 0 blocks. Requested 1 blocks
	at org.apache.hadoop.ozone.om.protocolPB.OzoneManagerProtocolClientSideTranslatorPB.handleError(OzoneManagerProtocolClientSideTranslatorPB.java:761)
	at org.apache.hadoop.ozone.om.protocolPB.OzoneManagerProtocolClientSideTranslatorPB.allocateBlock(OzoneManagerProtocolClientSideTranslatorPB.java:793)
	at sun.reflect.NativeMethodAccessorImpl.invoke0(Native Method)
	at sun.reflect.NativeMethodAccessorImpl.invoke(NativeMethodAccessorImpl.java:62)
	at sun.reflect.DelegatingMethodAccessorImpl.invoke(DelegatingMethodAccessorImpl.java:43)
	at java.lang.reflect.Method.invoke(Method.java:498)
	at org.apache.hadoop.hdds.tracing.TraceAllMethod.invoke(TraceAllMethod.java:66)
	at com.sun.proxy.$Proxy36.allocateBlock(Unknown Source)
	at org.apache.hadoop.ozone.client.io.BlockOutputStreamEntryPool.allocateNewBlock(BlockOutputStreamEntryPool.java:259)
	at org.apache.hadoop.ozone.client.io.BlockOutputStreamEntryPool.allocateBlockIfNeeded(BlockOutputStreamEntryPool.java:307)
	at org.apache.hadoop.ozone.client.io.KeyOutputStream.handleWrite(KeyOutputStream.java:198)
	at org.apache.hadoop.ozone.client.io.KeyOutputStream.handleRetry(KeyOutputStream.java:375)
	at org.apache.hadoop.ozone.client.io.KeyOutputStream.handleException(KeyOutputStream.java:324)
	at org.apache.hadoop.ozone.client.io.KeyOutputStream.handleWrite(KeyOutputStream.java:228)
	at org.apache.hadoop.ozone.client.io.KeyOutputStream.write(KeyOutputStream.java:190)
	at org.apache.hadoop.ozone.client.io.OzoneOutputStream.write(OzoneOutputStream.java:49)
	at java.io.OutputStream.write(OutputStream.java:75)
	at org.apache.hadoop.ozone.client.rpc.TestMultiBlockWritesWithDnFailures.testMultiBlockWritesWithDnFailures(TestMultiBlockWritesWithDnFailures.java:123)
	at sun.reflect.NativeMethodAccessorImpl.invoke0(Native Method)
	at sun.reflect.NativeMethodAccessorImpl.invoke(NativeMethodAccessorImpl.java:62)
	at sun.reflect.DelegatingMethodAccessorImpl.invoke(DelegatingMethodAccessorImpl.java:43)
	at java.lang.reflect.Method.invoke(Method.java:498)
	at org.junit.runners.model.FrameworkMethod$1.runReflectiveCall(FrameworkMethod.java:47)
	at org.junit.internal.runners.model.ReflectiveCallable.run(ReflectiveCallable.java:12)
	at org.junit.runners.model.FrameworkMethod.invokeExplosively(FrameworkMethod.java:44)
	at org.junit.internal.runners.statements.InvokeMethod.evaluate(InvokeMethod.java:17)
	at org.junit.internal.runners.statements.RunAfters.evaluate(RunAfters.java:27)
	at org.junit.runners.ParentRunner.runLeaf(ParentRunner.java:271)
	at org.junit.runners.BlockJUnit4ClassRunner.runChild(BlockJUnit4ClassRunner.java:70)
	at org.junit.runners.BlockJUnit4ClassRunner.runChild(BlockJUnit4ClassRunner.java:50)
	at org.junit.runners.ParentRunner$3.run(ParentRunner.java:238)
	at org.junit.runners.ParentRunner$1.schedule(ParentRunner.java:63)
	at org.junit.runners.ParentRunner.runChildren(ParentRunner.java:236)
	at org.junit.runners.ParentRunner.access$000(ParentRunner.java:53)
	at org.junit.runners.ParentRunner$2.evaluate(ParentRunner.java:229)
	at org.junit.runners.ParentRunner.run(ParentRunner.java:309)
	at org.apache.maven.surefire.junit4.JUnit4Provider.execute(JUnit4Provider.java:365)
	at org.apache.maven.surefire.junit4.JUnit4Provider.executeWithRerun(JUnit4Provider.java:273)
	at org.apache.maven.surefire.junit4.JUnit4Provider.executeTestSet(JUnit4Provider.java:238)
	at org.apache.maven.surefire.junit4.JUnit4Provider.invoke(JUnit4Provider.java:159)
	at org.apache.maven.surefire.booter.ForkedBooter.invokeProviderInSameClassLoader(ForkedBooter.java:384)
	at org.apache.maven.surefire.booter.ForkedBooter.runSuitesInProcess(ForkedBooter.java:345)
	at org.apache.maven.surefire.booter.ForkedBooter.execute(ForkedBooter.java:126)
	at org.apache.maven.surefire.booter.ForkedBooter.main(ForkedBooter.java:418)
</error>
    <system-out><![CDATA[2019-11-15 20:29:46,293 [main] WARN  server.ServerUtils (ServerUtils.java:getScmDbDir(145)) - ozone.scm.db.dirs is not configured. We recommend adding this setting. Falling back to ozone.metadata.dirs instead.
2019-11-15 20:29:46,329 [main] WARN  server.ServerUtils (ServerUtils.java:getScmDbDir(145)) - ozone.scm.db.dirs is not configured. We recommend adding this setting. Falling back to ozone.metadata.dirs instead.
2019-11-15 20:29:46,329 [main] WARN  server.ServerUtils (ServerUtils.java:getScmDbDir(145)) - ozone.scm.db.dirs is not configured. We recommend adding this setting. Falling back to ozone.metadata.dirs instead.
2019-11-15 20:29:46,330 [main] INFO  db.DBStoreBuilder (DBStoreBuilder.java:addTable(127)) - using custom profile for table: deletedBlocks
2019-11-15 20:29:46,330 [main] INFO  db.DBStoreBuilder (DBStoreBuilder.java:processTables(183)) - Using default column profile:DBProfile.DISK for Table:deletedBlocks
2019-11-15 20:29:46,331 [main] INFO  db.DBStoreBuilder (DBStoreBuilder.java:addTable(127)) - using custom profile for table: validCerts
2019-11-15 20:29:46,331 [main] INFO  db.DBStoreBuilder (DBStoreBuilder.java:processTables(183)) - Using default column profile:DBProfile.DISK for Table:validCerts
2019-11-15 20:29:46,332 [main] INFO  db.DBStoreBuilder (DBStoreBuilder.java:addTable(127)) - using custom profile for table: revokedCerts
2019-11-15 20:29:46,332 [main] INFO  db.DBStoreBuilder (DBStoreBuilder.java:processTables(183)) - Using default column profile:DBProfile.DISK for Table:revokedCerts
2019-11-15 20:29:46,332 [main] INFO  db.DBStoreBuilder (DBStoreBuilder.java:addTable(127)) - using custom profile for table: default
2019-11-15 20:29:46,332 [main] INFO  db.DBStoreBuilder (DBStoreBuilder.java:processTables(189)) - Using default column profile:DBProfile.DISK for Table:default
2019-11-15 20:29:46,333 [main] INFO  db.DBStoreBuilder (DBStoreBuilder.java:getDbProfile(220)) - Using default options. DBProfile.DISK
2019-11-15 20:29:46,684 [main] INFO  net.NodeSchemaLoader (NodeSchemaLoader.java:loadSchemaFromFile(125)) - Loading file from sun.misc.CompoundEnumeration@d535a3d
2019-11-15 20:29:46,685 [main] INFO  net.NodeSchemaLoader (NodeSchemaLoader.java:loadSchema(171)) - Loading network topology layer schema file
2019-11-15 20:29:46,692 [main] INFO  node.SCMNodeManager (SCMNodeManager.java:<init>(116)) - Entering startup safe mode.
2019-11-15 20:29:46,693 [main] INFO  algorithms.ContainerPlacementPolicyFactory (ContainerPlacementPolicyFactory.java:getPolicy(57)) - Create container placement policy of type org.apache.hadoop.hdds.scm.container.placement.algorithms.SCMContainerPlacementRandom
2019-11-15 20:29:46,694 [main] WARN  server.ServerUtils (ServerUtils.java:getScmDbDir(145)) - ozone.scm.db.dirs is not configured. We recommend adding this setting. Falling back to ozone.metadata.dirs instead.
2019-11-15 20:29:46,825 [main] INFO  pipeline.SCMPipelineManager (SCMPipelineManager.java:initializePipelineState(132)) - No pipeline exists in current db
2019-11-15 20:29:46,825 [main] WARN  server.ServerUtils (ServerUtils.java:getScmDbDir(145)) - ozone.scm.db.dirs is not configured. We recommend adding this setting. Falling back to ozone.metadata.dirs instead.
2019-11-15 20:29:46,972 [main] WARN  events.EventQueue (EventQueue.java:fireEvent(183)) - No event handler registered for event TypedEvent{payloadType=SafeModeStatus, name='SafeModeStatus'}
2019-11-15 20:29:46,973 [main] INFO  ipc.CallQueueManager (CallQueueManager.java:<init>(84)) - Using callQueue: class java.util.concurrent.LinkedBlockingQueue, queueCapacity: 2000, scheduler: class org.apache.hadoop.ipc.DefaultRpcScheduler, ipcBackoff: false.
2019-11-15 20:29:46,974 [Socket Reader #1 for port 36632] INFO  ipc.Server (Server.java:run(1074)) - Starting Socket Reader #1 for port 36632
2019-11-15 20:29:46,976 [main] INFO  ipc.CallQueueManager (CallQueueManager.java:<init>(84)) - Using callQueue: class java.util.concurrent.LinkedBlockingQueue, queueCapacity: 2000, scheduler: class org.apache.hadoop.ipc.DefaultRpcScheduler, ipcBackoff: false.
2019-11-15 20:29:46,977 [Socket Reader #1 for port 36463] INFO  ipc.Server (Server.java:run(1074)) - Starting Socket Reader #1 for port 36463
2019-11-15 20:29:46,979 [main] INFO  ipc.CallQueueManager (CallQueueManager.java:<init>(84)) - Using callQueue: class java.util.concurrent.LinkedBlockingQueue, queueCapacity: 2000, scheduler: class org.apache.hadoop.ipc.DefaultRpcScheduler, ipcBackoff: false.
2019-11-15 20:29:46,979 [Socket Reader #1 for port 42665] INFO  ipc.Server (Server.java:run(1074)) - Starting Socket Reader #1 for port 42665
2019-11-15 20:29:46,982 [main] INFO  hdfs.DFSUtil (DFSUtil.java:httpServerTemplateForNNAndJN(1641)) - Starting Web-server for scm at: http://0.0.0.0:0
2019-11-15 20:29:46,985 [main] INFO  server.AuthenticationFilter (AuthenticationFilter.java:constructSecretProvider(240)) - Unable to initialize FileSignerSecretProvider, falling back to use random secrets.
2019-11-15 20:29:46,986 [main] WARN  http.HttpRequestLog (HttpRequestLog.java:getRequestLog(97)) - Jetty request log can only be enabled using Log4j
2019-11-15 20:29:46,989 [main] INFO  http.HttpServer2 (HttpServer2.java:addGlobalFilter(975)) - Added global filter 'safety' (class=org.apache.hadoop.http.HttpServer2$QuotingInputFilter)
2019-11-15 20:29:46,990 [main] INFO  http.HttpServer2 (HttpServer2.java:addFilter(948)) - Added filter static_user_filter (class=org.apache.hadoop.http.lib.StaticUserWebFilter$StaticUserFilter) to context scm
2019-11-15 20:29:46,990 [main] INFO  http.HttpServer2 (HttpServer2.java:addFilter(958)) - Added filter static_user_filter (class=org.apache.hadoop.http.lib.StaticUserWebFilter$StaticUserFilter) to context logs
2019-11-15 20:29:46,990 [main] INFO  http.HttpServer2 (HttpServer2.java:addFilter(958)) - Added filter static_user_filter (class=org.apache.hadoop.http.lib.StaticUserWebFilter$StaticUserFilter) to context static
2019-11-15 20:29:46,994 [main] INFO  server.StorageContainerManager (StorageContainerManager.java:start(766)) - StorageContainerLocationProtocol RPC server is listening at /0.0.0.0:42665
2019-11-15 20:29:46,997 [main] WARN  impl.MetricsConfig (MetricsConfig.java:loadFirst(134)) - Cannot locate configuration: tried hadoop-metrics2-storagecontainermanager.properties,hadoop-metrics2.properties
2019-11-15 20:29:46,998 [main] INFO  impl.MetricsSystemImpl (MetricsSystemImpl.java:startTimer(374)) - Scheduled Metric snapshot period at 10 second(s).
2019-11-15 20:29:46,998 [main] INFO  impl.MetricsSystemImpl (MetricsSystemImpl.java:start(191)) - StorageContainerManager metrics system started
2019-11-15 20:29:47,052 [main] WARN  impl.MetricsSystemImpl (MetricsSystemImpl.java:register(276)) - Sink prometheus already exists!
2019-11-15 20:29:47,063 [main] INFO  server.SCMClientProtocolServer (SCMClientProtocolServer.java:start(160)) - RPC server for Client  is listening at /0.0.0.0:42665
2019-11-15 20:29:47,063 [IPC Server Responder] INFO  ipc.Server (Server.java:run(1314)) - IPC Server Responder: starting
2019-11-15 20:29:47,063 [IPC Server listener on 42665] INFO  ipc.Server (Server.java:run(1153)) - IPC Server listener on 42665: starting
2019-11-15 20:29:47,066 [main] INFO  server.StorageContainerManager (StorageContainerManager.java:start(776)) - ScmBlockLocationProtocol RPC server is listening at /0.0.0.0:36463
2019-11-15 20:29:47,066 [main] INFO  server.SCMBlockProtocolServer (SCMBlockProtocolServer.java:start(146)) - RPC server for Block Protocol is listening at /0.0.0.0:36463
2019-11-15 20:29:47,067 [IPC Server Responder] INFO  ipc.Server (Server.java:run(1314)) - IPC Server Responder: starting
2019-11-15 20:29:47,067 [IPC Server listener on 36463] INFO  ipc.Server (Server.java:run(1153)) - IPC Server listener on 36463: starting
2019-11-15 20:29:47,069 [main] INFO  server.StorageContainerManager (StorageContainerManager.java:start(780)) - ScmDatanodeProtocl RPC server is listening at /0.0.0.0:36632
2019-11-15 20:29:47,069 [main] INFO  server.SCMDatanodeProtocolServer (SCMDatanodeProtocolServer.java:start(169)) - RPC server for DataNodes is listening at /0.0.0.0:36632
2019-11-15 20:29:47,070 [IPC Server Responder] INFO  ipc.Server (Server.java:run(1314)) - IPC Server Responder: starting
2019-11-15 20:29:47,070 [IPC Server listener on 36632] INFO  ipc.Server (Server.java:run(1153)) - IPC Server listener on 36632: starting
2019-11-15 20:29:47,073 [main] INFO  http.HttpServer2 (HttpServer2.java:bindListener(1191)) - Jetty bound to port 46496
2019-11-15 20:29:47,073 [main] INFO  server.Server (Server.java:doStart(351)) - jetty-9.3.25.v20180904, build timestamp: 2018-09-04T21:11:46Z, git hash: 3ce520221d0240229c862b122d2b06c12a625732
2019-11-15 20:29:47,074 [main] INFO  handler.ContextHandler (ContextHandler.java:doStart(781)) - Started o.e.j.s.ServletContextHandler@3e8b3b79{/logs,file:///workdir/hadoop-ozone/integration-test/target/log,AVAILABLE}
2019-11-15 20:29:47,075 [main] INFO  handler.ContextHandler (ContextHandler.java:doStart(781)) - Started o.e.j.s.ServletContextHandler@518ddd3b{/static,file:///workdir/hadoop-ozone/integration-test/target/test-classes/webapps/static,AVAILABLE}
2019-11-15 20:29:47,079 [main] INFO  handler.ContextHandler (ContextHandler.java:doStart(781)) - Started o.e.j.w.WebAppContext@56dd6efa{/,file:///workdir/hadoop-ozone/integration-test/target/test-classes/webapps/scm/,AVAILABLE}{/scm}
2019-11-15 20:29:47,079 [main] INFO  server.AbstractConnector (AbstractConnector.java:doStart(278)) - Started ServerConnector@4d634127{HTTP/1.1,[http/1.1]}{0.0.0.0:46496}
2019-11-15 20:29:47,080 [main] INFO  server.Server (Server.java:doStart(419)) - Started @107017ms
2019-11-15 20:29:47,080 [main] WARN  impl.MetricsSystemImpl (MetricsSystemImpl.java:register(276)) - Sink prometheus already exists!
2019-11-15 20:29:47,081 [main] INFO  server.BaseHttpServer (BaseHttpServer.java:updateConnectorAddress(215)) - HTTP server of SCM is listening at http://0.0.0.0:46496
2019-11-15 20:29:47,082 [main] WARN  server.ServerUtils (ServerUtils.java:getDBPath(222)) - ozone.om.db.dirs is not configured. We recommend adding this setting. Falling back to ozone.metadata.dirs instead.
2019-11-15 20:29:47,082 [org.apache.hadoop.util.JvmPauseMonitor$Monitor@1f1cddf3] INFO  util.JvmPauseMonitor (JvmPauseMonitor.java:run(188)) - Starting JVM pause monitor
2019-11-15 20:29:47,111 [main] INFO  ha.OMHANodeDetails (OMHANodeDetails.java:loadOMHAConfig(190)) - Configuration either no ozone.om.address set. Falling back to the default OM address /127.0.0.1:0
2019-11-15 20:29:47,112 [main] INFO  ha.OMHANodeDetails (OMHANodeDetails.java:getOMNodeDetails(220)) - OM Service ID is not set. Setting it to the default ID: omServiceIdDefault
2019-11-15 20:29:47,113 [main] WARN  server.ServerUtils (ServerUtils.java:getDBPath(222)) - ozone.om.db.dirs is not configured. We recommend adding this setting. Falling back to ozone.metadata.dirs instead.
2019-11-15 20:29:47,113 [main] WARN  server.ServerUtils (ServerUtils.java:getDBPath(222)) - ozone.om.db.dirs is not configured. We recommend adding this setting. Falling back to ozone.metadata.dirs instead.
2019-11-15 20:29:47,121 [main] WARN  server.ServerUtils (ServerUtils.java:getDBPath(222)) - ozone.om.db.dirs is not configured. We recommend adding this setting. Falling back to ozone.metadata.dirs instead.
2019-11-15 20:29:47,122 [main] INFO  db.DBStoreBuilder (DBStoreBuilder.java:addTable(127)) - using custom profile for table: userTable
2019-11-15 20:29:47,122 [main] INFO  db.DBStoreBuilder (DBStoreBuilder.java:processTables(183)) - Using default column profile:DBProfile.DISK for Table:userTable
2019-11-15 20:29:47,122 [main] INFO  db.DBStoreBuilder (DBStoreBuilder.java:addTable(127)) - using custom profile for table: volumeTable
2019-11-15 20:29:47,123 [main] INFO  db.DBStoreBuilder (DBStoreBuilder.java:processTables(183)) - Using default column profile:DBProfile.DISK for Table:volumeTable
2019-11-15 20:29:47,123 [main] INFO  db.DBStoreBuilder (DBStoreBuilder.java:addTable(127)) - using custom profile for table: bucketTable
2019-11-15 20:29:47,123 [main] INFO  db.DBStoreBuilder (DBStoreBuilder.java:processTables(183)) - Using default column profile:DBProfile.DISK for Table:bucketTable
2019-11-15 20:29:47,124 [main] INFO  db.DBStoreBuilder (DBStoreBuilder.java:addTable(127)) - using custom profile for table: keyTable
2019-11-15 20:29:47,124 [main] INFO  db.DBStoreBuilder (DBStoreBuilder.java:processTables(183)) - Using default column profile:DBProfile.DISK for Table:keyTable
2019-11-15 20:29:47,124 [main] INFO  db.DBStoreBuilder (DBStoreBuilder.java:addTable(127)) - using custom profile for table: deletedTable
2019-11-15 20:29:47,124 [main] INFO  db.DBStoreBuilder (DBStoreBuilder.java:processTables(183)) - Using default column profile:DBProfile.DISK for Table:deletedTable
2019-11-15 20:29:47,125 [main] INFO  db.DBStoreBuilder (DBStoreBuilder.java:addTable(127)) - using custom profile for table: openKeyTable
2019-11-15 20:29:47,125 [main] INFO  db.DBStoreBuilder (DBStoreBuilder.java:processTables(183)) - Using default column profile:DBProfile.DISK for Table:openKeyTable
2019-11-15 20:29:47,125 [main] INFO  db.DBStoreBuilder (DBStoreBuilder.java:addTable(127)) - using custom profile for table: s3Table
2019-11-15 20:29:47,125 [main] INFO  db.DBStoreBuilder (DBStoreBuilder.java:processTables(183)) - Using default column profile:DBProfile.DISK for Table:s3Table
2019-11-15 20:29:47,126 [main] INFO  db.DBStoreBuilder (DBStoreBuilder.java:addTable(127)) - using custom profile for table: multipartInfoTable
2019-11-15 20:29:47,126 [main] INFO  db.DBStoreBuilder (DBStoreBuilder.java:processTables(183)) - Using default column profile:DBProfile.DISK for Table:multipartInfoTable
2019-11-15 20:29:47,126 [main] INFO  db.DBStoreBuilder (DBStoreBuilder.java:addTable(127)) - using custom profile for table: dTokenTable
2019-11-15 20:29:47,126 [main] INFO  db.DBStoreBuilder (DBStoreBuilder.java:processTables(183)) - Using default column profile:DBProfile.DISK for Table:dTokenTable
2019-11-15 20:29:47,126 [main] INFO  db.DBStoreBuilder (DBStoreBuilder.java:addTable(127)) - using custom profile for table: s3SecretTable
2019-11-15 20:29:47,127 [main] INFO  db.DBStoreBuilder (DBStoreBuilder.java:processTables(183)) - Using default column profile:DBProfile.DISK for Table:s3SecretTable
2019-11-15 20:29:47,127 [main] INFO  db.DBStoreBuilder (DBStoreBuilder.java:addTable(127)) - using custom profile for table: prefixTable
2019-11-15 20:29:47,127 [main] INFO  db.DBStoreBuilder (DBStoreBuilder.java:processTables(183)) - Using default column profile:DBProfile.DISK for Table:prefixTable
2019-11-15 20:29:47,127 [main] INFO  db.DBStoreBuilder (DBStoreBuilder.java:addTable(127)) - using custom profile for table: default
2019-11-15 20:29:47,128 [main] INFO  db.DBStoreBuilder (DBStoreBuilder.java:processTables(189)) - Using default column profile:DBProfile.DISK for Table:default
2019-11-15 20:29:47,128 [main] INFO  db.DBStoreBuilder (DBStoreBuilder.java:getDbProfile(220)) - Using default options. DBProfile.DISK
2019-11-15 20:29:47,947 [main] INFO  ipc.CallQueueManager (CallQueueManager.java:<init>(84)) - Using callQueue: class java.util.concurrent.LinkedBlockingQueue, queueCapacity: 2000, scheduler: class org.apache.hadoop.ipc.DefaultRpcScheduler, ipcBackoff: false.
2019-11-15 20:29:47,948 [Socket Reader #1 for port 36689] INFO  ipc.Server (Server.java:run(1074)) - Starting Socket Reader #1 for port 36689
2019-11-15 20:29:47,967 [main] INFO  om.OzoneManager (OzoneManager.java:start(1077)) - OzoneManager RPC server is listening at localhost/127.0.0.1:36689
2019-11-15 20:29:47,968 [main] INFO  impl.MetricsSystemImpl (MetricsSystemImpl.java:init(158)) - OzoneManager metrics system started (again)
2019-11-15 20:29:47,969 [IPC Server listener on 36689] INFO  ipc.Server (Server.java:run(1153)) - IPC Server listener on 36689: starting
2019-11-15 20:29:47,970 [IPC Server Responder] INFO  ipc.Server (Server.java:run(1314)) - IPC Server Responder: starting
2019-11-15 20:29:47,975 [main] INFO  hdfs.DFSUtil (DFSUtil.java:httpServerTemplateForNNAndJN(1641)) - Starting Web-server for ozoneManager at: http://0.0.0.0:0
2019-11-15 20:29:47,977 [main] INFO  server.AuthenticationFilter (AuthenticationFilter.java:constructSecretProvider(240)) - Unable to initialize FileSignerSecretProvider, falling back to use random secrets.
2019-11-15 20:29:47,978 [main] WARN  http.HttpRequestLog (HttpRequestLog.java:getRequestLog(97)) - Jetty request log can only be enabled using Log4j
2019-11-15 20:29:47,979 [main] INFO  http.HttpServer2 (HttpServer2.java:addGlobalFilter(975)) - Added global filter 'safety' (class=org.apache.hadoop.http.HttpServer2$QuotingInputFilter)
2019-11-15 20:29:47,980 [main] INFO  http.HttpServer2 (HttpServer2.java:addFilter(948)) - Added filter static_user_filter (class=org.apache.hadoop.http.lib.StaticUserWebFilter$StaticUserFilter) to context ozoneManager
2019-11-15 20:29:47,980 [main] INFO  http.HttpServer2 (HttpServer2.java:addFilter(958)) - Added filter static_user_filter (class=org.apache.hadoop.http.lib.StaticUserWebFilter$StaticUserFilter) to context logs
2019-11-15 20:29:47,980 [main] INFO  http.HttpServer2 (HttpServer2.java:addFilter(958)) - Added filter static_user_filter (class=org.apache.hadoop.http.lib.StaticUserWebFilter$StaticUserFilter) to context static
2019-11-15 20:29:47,981 [main] INFO  http.HttpServer2 (HttpServer2.java:bindListener(1191)) - Jetty bound to port 35779
2019-11-15 20:29:47,982 [main] INFO  server.Server (Server.java:doStart(351)) - jetty-9.3.25.v20180904, build timestamp: 2018-09-04T21:11:46Z, git hash: 3ce520221d0240229c862b122d2b06c12a625732
2019-11-15 20:29:47,984 [main] INFO  handler.ContextHandler (ContextHandler.java:doStart(781)) - Started o.e.j.s.ServletContextHandler@76fe6cdc{/logs,file:///workdir/hadoop-ozone/integration-test/target/log,AVAILABLE}
2019-11-15 20:29:47,984 [main] INFO  handler.ContextHandler (ContextHandler.java:doStart(781)) - Started o.e.j.s.ServletContextHandler@786ff1cb{/static,file:///workdir/hadoop-ozone/integration-test/target/test-classes/webapps/static,AVAILABLE}
2019-11-15 20:29:47,989 [main] INFO  handler.ContextHandler (ContextHandler.java:doStart(781)) - Started o.e.j.w.WebAppContext@63300c4b{/,file:///workdir/hadoop-ozone/integration-test/target/test-classes/webapps/ozoneManager/,AVAILABLE}{/ozoneManager}
2019-11-15 20:29:47,990 [main] INFO  server.AbstractConnector (AbstractConnector.java:doStart(278)) - Started ServerConnector@22c53d82{HTTP/1.1,[http/1.1]}{0.0.0.0:35779}
2019-11-15 20:29:47,991 [main] INFO  server.Server (Server.java:doStart(419)) - Started @107928ms
2019-11-15 20:29:47,991 [main] WARN  impl.MetricsSystemImpl (MetricsSystemImpl.java:register(276)) - Sink prometheus already exists!
2019-11-15 20:29:47,992 [main] INFO  server.BaseHttpServer (BaseHttpServer.java:updateConnectorAddress(215)) - HTTP server of OZONEMANAGER is listening at http://0.0.0.0:35779
2019-11-15 20:29:48,012 [main] INFO  impl.MetricsSystemImpl (MetricsSystemImpl.java:init(158)) - HddsDatanode metrics system started (again)
2019-11-15 20:29:48,014 [main] INFO  ozone.HddsDatanodeService (HddsDatanodeService.java:start(186)) - HddsDatanodeService host:pr-hdds-2514-unusedmethodparam-9qkq7-1267773169 ip:192.168.157.201
2019-11-15 20:29:48,022 [main] INFO  volume.HddsVolume (HddsVolume.java:<init>(176)) - Creating Volume: /workdir/hadoop-ozone/integration-test/target/test-dir/MiniOzoneClusterImpl-383ae012-405b-46cc-a485-9d9df1ba09bf/datanode-0/data/containers/hdds of  storage type : DISK and capacity : 1482555576320
2019-11-15 20:29:48,023 [main] INFO  volume.VolumeSet (VolumeSet.java:initializeVolumeSet(170)) - Added Volume : /workdir/hadoop-ozone/integration-test/target/test-dir/MiniOzoneClusterImpl-383ae012-405b-46cc-a485-9d9df1ba09bf/datanode-0/data/containers/hdds to VolumeSet
2019-11-15 20:29:48,023 [main] INFO  volume.ThrottledAsyncChecker (ThrottledAsyncChecker.java:schedule(141)) - Scheduling a check for /workdir/hadoop-ozone/integration-test/target/test-dir/MiniOzoneClusterImpl-383ae012-405b-46cc-a485-9d9df1ba09bf/datanode-0/data/containers/hdds
2019-11-15 20:29:48,024 [main] INFO  volume.HddsVolumeChecker (HddsVolumeChecker.java:checkAllVolumes(204)) - Scheduled health check for volume /workdir/hadoop-ozone/integration-test/target/test-dir/MiniOzoneClusterImpl-383ae012-405b-46cc-a485-9d9df1ba09bf/datanode-0/data/containers/hdds
2019-11-15 20:29:48,042 [main] INFO  impl.RaftServerProxy (ConfUtils.java:logGet(43)) - raft.rpc.type = GRPC (default)
2019-11-15 20:29:48,042 [main] INFO  grpc.GrpcFactory (GrpcFactory.java:checkPooledByteBufAllocatorUseCacheForAllThreads(45)) - PERFORMANCE WARNING: useCacheForAllThreads is true that may cause Netty to create a lot garbage objects and, as a result, trigger GC.
	It is recommended to disable useCacheForAllThreads by setting -Dorg.apache.ratis.thirdparty.io.netty.allocator.useCacheForAllThreads=false in command line.
2019-11-15 20:29:48,042 [main] INFO  grpc.GrpcConfigKeys$Server (ConfUtils.java:logGet(43)) - raft.grpc.server.port = 0 (default)
2019-11-15 20:29:48,042 [main] INFO  server.GrpcService (ConfUtils.java:logGet(43)) - raft.grpc.message.size.max = 33570816 (custom)
2019-11-15 20:29:48,043 [main] INFO  server.RaftServerConfigKeys (ConfUtils.java:logGet(43)) - raft.server.log.appender.buffer.byte-limit = 33554432 (custom)
2019-11-15 20:29:48,043 [main] INFO  server.GrpcService (ConfUtils.java:logGet(43)) - raft.grpc.flow.control.window = 1MB (=1048576) (default)
2019-11-15 20:29:48,043 [main] INFO  server.RaftServerConfigKeys (ConfUtils.java:logGet(43)) - raft.server.rpc.request.timeout = 3000ms (default)
2019-11-15 20:29:48,043 [main] INFO  server.RaftServerConfigKeys (ConfUtils.java:logGet(43)) - raft.server.storage.dir = [/workdir/hadoop-ozone/integration-test/target/test-dir/MiniOzoneClusterImpl-383ae012-405b-46cc-a485-9d9df1ba09bf/datanode-0/data/ratis] (custom)
2019-11-15 20:29:48,045 [main] INFO  hdfs.DFSUtil (DFSUtil.java:httpServerTemplateForNNAndJN(1641)) - Starting Web-server for hddsDatanode at: http://0.0.0.0:0
2019-11-15 20:29:48,047 [main] INFO  server.AuthenticationFilter (AuthenticationFilter.java:constructSecretProvider(240)) - Unable to initialize FileSignerSecretProvider, falling back to use random secrets.
2019-11-15 20:29:48,047 [main] WARN  http.HttpRequestLog (HttpRequestLog.java:getRequestLog(97)) - Jetty request log can only be enabled using Log4j
2019-11-15 20:29:48,048 [main] INFO  http.HttpServer2 (HttpServer2.java:addGlobalFilter(975)) - Added global filter 'safety' (class=org.apache.hadoop.http.HttpServer2$QuotingInputFilter)
2019-11-15 20:29:48,049 [main] INFO  http.HttpServer2 (HttpServer2.java:addFilter(948)) - Added filter static_user_filter (class=org.apache.hadoop.http.lib.StaticUserWebFilter$StaticUserFilter) to context hddsDatanode
2019-11-15 20:29:48,049 [main] INFO  http.HttpServer2 (HttpServer2.java:addFilter(958)) - Added filter static_user_filter (class=org.apache.hadoop.http.lib.StaticUserWebFilter$StaticUserFilter) to context logs
2019-11-15 20:29:48,049 [main] INFO  http.HttpServer2 (HttpServer2.java:addFilter(958)) - Added filter static_user_filter (class=org.apache.hadoop.http.lib.StaticUserWebFilter$StaticUserFilter) to context static
2019-11-15 20:29:48,050 [main] INFO  http.HttpServer2 (HttpServer2.java:bindListener(1191)) - Jetty bound to port 35733
2019-11-15 20:29:48,051 [main] INFO  server.Server (Server.java:doStart(351)) - jetty-9.3.25.v20180904, build timestamp: 2018-09-04T21:11:46Z, git hash: 3ce520221d0240229c862b122d2b06c12a625732
2019-11-15 20:29:48,052 [main] INFO  handler.ContextHandler (ContextHandler.java:doStart(781)) - Started o.e.j.s.ServletContextHandler@6fff46bf{/logs,file:///workdir/hadoop-ozone/integration-test/target/log,AVAILABLE}
2019-11-15 20:29:48,053 [main] INFO  handler.ContextHandler (ContextHandler.java:doStart(781)) - Started o.e.j.s.ServletContextHandler@3aaa3c39{/static,jar:file:/home/user/.m2/repository/org/apache/hadoop/hadoop-hdds-container-service/0.5.0-SNAPSHOT/hadoop-hdds-container-service-0.5.0-SNAPSHOT.jar!/webapps/static,AVAILABLE}
2019-11-15 20:29:48,084 [main] INFO  handler.ContextHandler (ContextHandler.java:doStart(781)) - Started o.e.j.w.WebAppContext@2be21396{/,file:///tmp/jetty-0.0.0.0-35733-hddsDatanode-_-any-2517614810790565010.dir/webapp/,AVAILABLE}{/hddsDatanode}
2019-11-15 20:29:48,084 [main] INFO  server.AbstractConnector (AbstractConnector.java:doStart(278)) - Started ServerConnector@124dac75{HTTP/1.1,[http/1.1]}{0.0.0.0:35733}
2019-11-15 20:29:48,085 [main] INFO  server.Server (Server.java:doStart(419)) - Started @108022ms
2019-11-15 20:29:48,085 [main] WARN  impl.MetricsSystemImpl (MetricsSystemImpl.java:register(276)) - Sink prometheus already exists!
2019-11-15 20:29:48,086 [main] INFO  server.BaseHttpServer (BaseHttpServer.java:updateConnectorAddress(215)) - HTTP server of HDDSDATANODE is listening at http://0.0.0.0:35733
2019-11-15 20:29:48,086 [main] INFO  impl.MetricsSystemImpl (MetricsSystemImpl.java:init(158)) - HddsDatanode metrics system started (again)
2019-11-15 20:29:48,088 [org.apache.hadoop.util.JvmPauseMonitor$Monitor@6fd6aec2] INFO  util.JvmPauseMonitor (JvmPauseMonitor.java:run(188)) - Starting JVM pause monitor
2019-11-15 20:29:48,088 [main] INFO  ozone.HddsDatanodeService (HddsDatanodeService.java:start(186)) - HddsDatanodeService host:pr-hdds-2514-unusedmethodparam-9qkq7-1267773169 ip:192.168.157.201
2019-11-15 20:29:48,090 [Datanode State Machine Thread - 0] INFO  datanode.InitDatanodeState (InitDatanodeState.java:persistContainerDatanodeDetails(140)) - DatanodeDetails is persisted to /workdir/hadoop-ozone/integration-test/target/test-dir/MiniOzoneClusterImpl-383ae012-405b-46cc-a485-9d9df1ba09bf/datanode-0/meta/datanode.id
2019-11-15 20:29:48,094 [main] INFO  volume.HddsVolume (HddsVolume.java:<init>(176)) - Creating Volume: /workdir/hadoop-ozone/integration-test/target/test-dir/MiniOzoneClusterImpl-383ae012-405b-46cc-a485-9d9df1ba09bf/datanode-1/data/containers/hdds of  storage type : DISK and capacity : 1482555576320
2019-11-15 20:29:48,095 [main] INFO  volume.VolumeSet (VolumeSet.java:initializeVolumeSet(170)) - Added Volume : /workdir/hadoop-ozone/integration-test/target/test-dir/MiniOzoneClusterImpl-383ae012-405b-46cc-a485-9d9df1ba09bf/datanode-1/data/containers/hdds to VolumeSet
2019-11-15 20:29:48,095 [main] INFO  volume.ThrottledAsyncChecker (ThrottledAsyncChecker.java:schedule(141)) - Scheduling a check for /workdir/hadoop-ozone/integration-test/target/test-dir/MiniOzoneClusterImpl-383ae012-405b-46cc-a485-9d9df1ba09bf/datanode-1/data/containers/hdds
2019-11-15 20:29:48,095 [main] INFO  volume.HddsVolumeChecker (HddsVolumeChecker.java:checkAllVolumes(204)) - Scheduled health check for volume /workdir/hadoop-ozone/integration-test/target/test-dir/MiniOzoneClusterImpl-383ae012-405b-46cc-a485-9d9df1ba09bf/datanode-1/data/containers/hdds
2019-11-15 20:29:48,141 [main] INFO  impl.RaftServerProxy (ConfUtils.java:logGet(43)) - raft.rpc.type = GRPC (default)
2019-11-15 20:29:48,142 [main] INFO  grpc.GrpcFactory (GrpcFactory.java:checkPooledByteBufAllocatorUseCacheForAllThreads(45)) - PERFORMANCE WARNING: useCacheForAllThreads is true that may cause Netty to create a lot garbage objects and, as a result, trigger GC.
	It is recommended to disable useCacheForAllThreads by setting -Dorg.apache.ratis.thirdparty.io.netty.allocator.useCacheForAllThreads=false in command line.
2019-11-15 20:29:48,142 [main] INFO  grpc.GrpcConfigKeys$Server (ConfUtils.java:logGet(43)) - raft.grpc.server.port = 0 (default)
2019-11-15 20:29:48,142 [main] INFO  server.GrpcService (ConfUtils.java:logGet(43)) - raft.grpc.message.size.max = 33570816 (custom)
2019-11-15 20:29:48,143 [main] INFO  server.RaftServerConfigKeys (ConfUtils.java:logGet(43)) - raft.server.log.appender.buffer.byte-limit = 33554432 (custom)
2019-11-15 20:29:48,143 [main] INFO  server.GrpcService (ConfUtils.java:logGet(43)) - raft.grpc.flow.control.window = 1MB (=1048576) (default)
2019-11-15 20:29:48,143 [main] INFO  server.RaftServerConfigKeys (ConfUtils.java:logGet(43)) - raft.server.rpc.request.timeout = 3000ms (default)
2019-11-15 20:29:48,144 [main] INFO  server.RaftServerConfigKeys (ConfUtils.java:logGet(43)) - raft.server.storage.dir = [/workdir/hadoop-ozone/integration-test/target/test-dir/MiniOzoneClusterImpl-383ae012-405b-46cc-a485-9d9df1ba09bf/datanode-1/data/ratis] (custom)
2019-11-15 20:29:48,146 [main] INFO  hdfs.DFSUtil (DFSUtil.java:httpServerTemplateForNNAndJN(1641)) - Starting Web-server for hddsDatanode at: http://0.0.0.0:0
2019-11-15 20:29:48,149 [main] INFO  server.AuthenticationFilter (AuthenticationFilter.java:constructSecretProvider(240)) - Unable to initialize FileSignerSecretProvider, falling back to use random secrets.
2019-11-15 20:29:48,150 [main] WARN  http.HttpRequestLog (HttpRequestLog.java:getRequestLog(97)) - Jetty request log can only be enabled using Log4j
2019-11-15 20:29:48,152 [main] INFO  http.HttpServer2 (HttpServer2.java:addGlobalFilter(975)) - Added global filter 'safety' (class=org.apache.hadoop.http.HttpServer2$QuotingInputFilter)
2019-11-15 20:29:48,153 [main] INFO  http.HttpServer2 (HttpServer2.java:addFilter(948)) - Added filter static_user_filter (class=org.apache.hadoop.http.lib.StaticUserWebFilter$StaticUserFilter) to context hddsDatanode
2019-11-15 20:29:48,154 [main] INFO  http.HttpServer2 (HttpServer2.java:addFilter(958)) - Added filter static_user_filter (class=org.apache.hadoop.http.lib.StaticUserWebFilter$StaticUserFilter) to context static
2019-11-15 20:29:48,154 [main] INFO  http.HttpServer2 (HttpServer2.java:addFilter(958)) - Added filter static_user_filter (class=org.apache.hadoop.http.lib.StaticUserWebFilter$StaticUserFilter) to context logs
2019-11-15 20:29:48,155 [main] INFO  http.HttpServer2 (HttpServer2.java:bindListener(1191)) - Jetty bound to port 44442
2019-11-15 20:29:48,155 [main] INFO  server.Server (Server.java:doStart(351)) - jetty-9.3.25.v20180904, build timestamp: 2018-09-04T21:11:46Z, git hash: 3ce520221d0240229c862b122d2b06c12a625732
2019-11-15 20:29:48,158 [main] INFO  handler.ContextHandler (ContextHandler.java:doStart(781)) - Started o.e.j.s.ServletContextHandler@51b77cdf{/logs,file:///workdir/hadoop-ozone/integration-test/target/log,AVAILABLE}
2019-11-15 20:29:48,159 [main] INFO  handler.ContextHandler (ContextHandler.java:doStart(781)) - Started o.e.j.s.ServletContextHandler@6088451e{/static,jar:file:/home/user/.m2/repository/org/apache/hadoop/hadoop-hdds-container-service/0.5.0-SNAPSHOT/hadoop-hdds-container-service-0.5.0-SNAPSHOT.jar!/webapps/static,AVAILABLE}
2019-11-15 20:29:48,205 [main] INFO  handler.ContextHandler (ContextHandler.java:doStart(781)) - Started o.e.j.w.WebAppContext@78422efb{/,file:///tmp/jetty-0.0.0.0-44442-hddsDatanode-_-any-2510480770221613521.dir/webapp/,AVAILABLE}{/hddsDatanode}
2019-11-15 20:29:48,205 [main] INFO  server.AbstractConnector (AbstractConnector.java:doStart(278)) - Started ServerConnector@5f05c8d6{HTTP/1.1,[http/1.1]}{0.0.0.0:44442}
2019-11-15 20:29:48,206 [main] INFO  server.Server (Server.java:doStart(419)) - Started @108143ms
2019-11-15 20:29:48,207 [main] WARN  impl.MetricsSystemImpl (MetricsSystemImpl.java:register(276)) - Sink prometheus already exists!
2019-11-15 20:29:48,208 [main] INFO  server.BaseHttpServer (BaseHttpServer.java:updateConnectorAddress(215)) - HTTP server of HDDSDATANODE is listening at http://0.0.0.0:44442
2019-11-15 20:29:48,208 [main] INFO  impl.MetricsSystemImpl (MetricsSystemImpl.java:init(158)) - HddsDatanode metrics system started (again)
2019-11-15 20:29:48,210 [org.apache.hadoop.util.JvmPauseMonitor$Monitor@1e27f618] INFO  util.JvmPauseMonitor (JvmPauseMonitor.java:run(188)) - Starting JVM pause monitor
2019-11-15 20:29:48,210 [main] INFO  ozone.HddsDatanodeService (HddsDatanodeService.java:start(186)) - HddsDatanodeService host:pr-hdds-2514-unusedmethodparam-9qkq7-1267773169 ip:192.168.157.201
2019-11-15 20:29:48,212 [Datanode State Machine Thread - 0] INFO  datanode.InitDatanodeState (InitDatanodeState.java:persistContainerDatanodeDetails(140)) - DatanodeDetails is persisted to /workdir/hadoop-ozone/integration-test/target/test-dir/MiniOzoneClusterImpl-383ae012-405b-46cc-a485-9d9df1ba09bf/datanode-1/meta/datanode.id
2019-11-15 20:29:48,217 [main] INFO  volume.HddsVolume (HddsVolume.java:<init>(176)) - Creating Volume: /workdir/hadoop-ozone/integration-test/target/test-dir/MiniOzoneClusterImpl-383ae012-405b-46cc-a485-9d9df1ba09bf/datanode-2/data/containers/hdds of  storage type : DISK and capacity : 1482555576320
2019-11-15 20:29:48,217 [main] INFO  volume.VolumeSet (VolumeSet.java:initializeVolumeSet(170)) - Added Volume : /workdir/hadoop-ozone/integration-test/target/test-dir/MiniOzoneClusterImpl-383ae012-405b-46cc-a485-9d9df1ba09bf/datanode-2/data/containers/hdds to VolumeSet
2019-11-15 20:29:48,217 [main] INFO  volume.ThrottledAsyncChecker (ThrottledAsyncChecker.java:schedule(141)) - Scheduling a check for /workdir/hadoop-ozone/integration-test/target/test-dir/MiniOzoneClusterImpl-383ae012-405b-46cc-a485-9d9df1ba09bf/datanode-2/data/containers/hdds
2019-11-15 20:29:48,217 [main] INFO  volume.HddsVolumeChecker (HddsVolumeChecker.java:checkAllVolumes(204)) - Scheduled health check for volume /workdir/hadoop-ozone/integration-test/target/test-dir/MiniOzoneClusterImpl-383ae012-405b-46cc-a485-9d9df1ba09bf/datanode-2/data/containers/hdds
2019-11-15 20:29:48,229 [main] INFO  impl.RaftServerProxy (ConfUtils.java:logGet(43)) - raft.rpc.type = GRPC (default)
2019-11-15 20:29:48,229 [main] INFO  grpc.GrpcFactory (GrpcFactory.java:checkPooledByteBufAllocatorUseCacheForAllThreads(45)) - PERFORMANCE WARNING: useCacheForAllThreads is true that may cause Netty to create a lot garbage objects and, as a result, trigger GC.
	It is recommended to disable useCacheForAllThreads by setting -Dorg.apache.ratis.thirdparty.io.netty.allocator.useCacheForAllThreads=false in command line.
2019-11-15 20:29:48,230 [main] INFO  grpc.GrpcConfigKeys$Server (ConfUtils.java:logGet(43)) - raft.grpc.server.port = 0 (default)
2019-11-15 20:29:48,230 [main] INFO  server.GrpcService (ConfUtils.java:logGet(43)) - raft.grpc.message.size.max = 33570816 (custom)
2019-11-15 20:29:48,230 [main] INFO  server.RaftServerConfigKeys (ConfUtils.java:logGet(43)) - raft.server.log.appender.buffer.byte-limit = 33554432 (custom)
2019-11-15 20:29:48,230 [main] INFO  server.GrpcService (ConfUtils.java:logGet(43)) - raft.grpc.flow.control.window = 1MB (=1048576) (default)
2019-11-15 20:29:48,230 [main] INFO  server.RaftServerConfigKeys (ConfUtils.java:logGet(43)) - raft.server.rpc.request.timeout = 3000ms (default)
2019-11-15 20:29:48,231 [main] INFO  server.RaftServerConfigKeys (ConfUtils.java:logGet(43)) - raft.server.storage.dir = [/workdir/hadoop-ozone/integration-test/target/test-dir/MiniOzoneClusterImpl-383ae012-405b-46cc-a485-9d9df1ba09bf/datanode-2/data/ratis] (custom)
2019-11-15 20:29:48,232 [main] INFO  hdfs.DFSUtil (DFSUtil.java:httpServerTemplateForNNAndJN(1641)) - Starting Web-server for hddsDatanode at: http://0.0.0.0:0
2019-11-15 20:29:48,233 [main] INFO  server.AuthenticationFilter (AuthenticationFilter.java:constructSecretProvider(240)) - Unable to initialize FileSignerSecretProvider, falling back to use random secrets.
2019-11-15 20:29:48,233 [main] WARN  http.HttpRequestLog (HttpRequestLog.java:getRequestLog(97)) - Jetty request log can only be enabled using Log4j
2019-11-15 20:29:48,235 [main] INFO  http.HttpServer2 (HttpServer2.java:addGlobalFilter(975)) - Added global filter 'safety' (class=org.apache.hadoop.http.HttpServer2$QuotingInputFilter)
2019-11-15 20:29:48,235 [main] INFO  http.HttpServer2 (HttpServer2.java:addFilter(948)) - Added filter static_user_filter (class=org.apache.hadoop.http.lib.StaticUserWebFilter$StaticUserFilter) to context hddsDatanode
2019-11-15 20:29:48,235 [main] INFO  http.HttpServer2 (HttpServer2.java:addFilter(958)) - Added filter static_user_filter (class=org.apache.hadoop.http.lib.StaticUserWebFilter$StaticUserFilter) to context logs
2019-11-15 20:29:48,235 [main] INFO  http.HttpServer2 (HttpServer2.java:addFilter(958)) - Added filter static_user_filter (class=org.apache.hadoop.http.lib.StaticUserWebFilter$StaticUserFilter) to context static
2019-11-15 20:29:48,236 [main] INFO  http.HttpServer2 (HttpServer2.java:bindListener(1191)) - Jetty bound to port 37637
2019-11-15 20:29:48,236 [main] INFO  server.Server (Server.java:doStart(351)) - jetty-9.3.25.v20180904, build timestamp: 2018-09-04T21:11:46Z, git hash: 3ce520221d0240229c862b122d2b06c12a625732
2019-11-15 20:29:48,238 [main] INFO  handler.ContextHandler (ContextHandler.java:doStart(781)) - Started o.e.j.s.ServletContextHandler@80b122b{/logs,file:///workdir/hadoop-ozone/integration-test/target/log,AVAILABLE}
2019-11-15 20:29:48,238 [main] INFO  handler.ContextHandler (ContextHandler.java:doStart(781)) - Started o.e.j.s.ServletContextHandler@65cf4d6d{/static,jar:file:/home/user/.m2/repository/org/apache/hadoop/hadoop-hdds-container-service/0.5.0-SNAPSHOT/hadoop-hdds-container-service-0.5.0-SNAPSHOT.jar!/webapps/static,AVAILABLE}
2019-11-15 20:29:48,267 [main] INFO  handler.ContextHandler (ContextHandler.java:doStart(781)) - Started o.e.j.w.WebAppContext@796f632b{/,file:///tmp/jetty-0.0.0.0-37637-hddsDatanode-_-any-6522395885614135710.dir/webapp/,AVAILABLE}{/hddsDatanode}
2019-11-15 20:29:48,267 [main] INFO  server.AbstractConnector (AbstractConnector.java:doStart(278)) - Started ServerConnector@5d94a2dc{HTTP/1.1,[http/1.1]}{0.0.0.0:37637}
2019-11-15 20:29:48,268 [main] INFO  server.Server (Server.java:doStart(419)) - Started @108205ms
2019-11-15 20:29:48,268 [main] WARN  impl.MetricsSystemImpl (MetricsSystemImpl.java:register(276)) - Sink prometheus already exists!
2019-11-15 20:29:48,269 [main] INFO  server.BaseHttpServer (BaseHttpServer.java:updateConnectorAddress(215)) - HTTP server of HDDSDATANODE is listening at http://0.0.0.0:37637
2019-11-15 20:29:48,270 [main] INFO  impl.MetricsSystemImpl (MetricsSystemImpl.java:init(158)) - HddsDatanode metrics system started (again)
2019-11-15 20:29:48,272 [org.apache.hadoop.util.JvmPauseMonitor$Monitor@20b80ef1] INFO  util.JvmPauseMonitor (JvmPauseMonitor.java:run(188)) - Starting JVM pause monitor
2019-11-15 20:29:48,273 [main] INFO  ozone.HddsDatanodeService (HddsDatanodeService.java:start(186)) - HddsDatanodeService host:pr-hdds-2514-unusedmethodparam-9qkq7-1267773169 ip:192.168.157.201
2019-11-15 20:29:48,274 [Datanode State Machine Thread - 0] INFO  datanode.InitDatanodeState (InitDatanodeState.java:persistContainerDatanodeDetails(140)) - DatanodeDetails is persisted to /workdir/hadoop-ozone/integration-test/target/test-dir/MiniOzoneClusterImpl-383ae012-405b-46cc-a485-9d9df1ba09bf/datanode-2/meta/datanode.id
2019-11-15 20:29:48,280 [main] INFO  volume.HddsVolume (HddsVolume.java:<init>(176)) - Creating Volume: /workdir/hadoop-ozone/integration-test/target/test-dir/MiniOzoneClusterImpl-383ae012-405b-46cc-a485-9d9df1ba09bf/datanode-3/data/containers/hdds of  storage type : DISK and capacity : 1482555576320
2019-11-15 20:29:48,281 [main] INFO  volume.VolumeSet (VolumeSet.java:initializeVolumeSet(170)) - Added Volume : /workdir/hadoop-ozone/integration-test/target/test-dir/MiniOzoneClusterImpl-383ae012-405b-46cc-a485-9d9df1ba09bf/datanode-3/data/containers/hdds to VolumeSet
2019-11-15 20:29:48,281 [main] INFO  volume.ThrottledAsyncChecker (ThrottledAsyncChecker.java:schedule(141)) - Scheduling a check for /workdir/hadoop-ozone/integration-test/target/test-dir/MiniOzoneClusterImpl-383ae012-405b-46cc-a485-9d9df1ba09bf/datanode-3/data/containers/hdds
2019-11-15 20:29:48,282 [main] INFO  volume.HddsVolumeChecker (HddsVolumeChecker.java:checkAllVolumes(204)) - Scheduled health check for volume /workdir/hadoop-ozone/integration-test/target/test-dir/MiniOzoneClusterImpl-383ae012-405b-46cc-a485-9d9df1ba09bf/datanode-3/data/containers/hdds
2019-11-15 20:29:48,299 [main] INFO  impl.RaftServerProxy (ConfUtils.java:logGet(43)) - raft.rpc.type = GRPC (default)
2019-11-15 20:29:48,299 [main] INFO  grpc.GrpcFactory (GrpcFactory.java:checkPooledByteBufAllocatorUseCacheForAllThreads(45)) - PERFORMANCE WARNING: useCacheForAllThreads is true that may cause Netty to create a lot garbage objects and, as a result, trigger GC.
	It is recommended to disable useCacheForAllThreads by setting -Dorg.apache.ratis.thirdparty.io.netty.allocator.useCacheForAllThreads=false in command line.
2019-11-15 20:29:48,299 [main] INFO  grpc.GrpcConfigKeys$Server (ConfUtils.java:logGet(43)) - raft.grpc.server.port = 0 (default)
2019-11-15 20:29:48,300 [main] INFO  server.GrpcService (ConfUtils.java:logGet(43)) - raft.grpc.message.size.max = 33570816 (custom)
2019-11-15 20:29:48,300 [main] INFO  server.RaftServerConfigKeys (ConfUtils.java:logGet(43)) - raft.server.log.appender.buffer.byte-limit = 33554432 (custom)
2019-11-15 20:29:48,300 [main] INFO  server.GrpcService (ConfUtils.java:logGet(43)) - raft.grpc.flow.control.window = 1MB (=1048576) (default)
2019-11-15 20:29:48,300 [main] INFO  server.RaftServerConfigKeys (ConfUtils.java:logGet(43)) - raft.server.rpc.request.timeout = 3000ms (default)
2019-11-15 20:29:48,301 [main] INFO  server.RaftServerConfigKeys (ConfUtils.java:logGet(43)) - raft.server.storage.dir = [/workdir/hadoop-ozone/integration-test/target/test-dir/MiniOzoneClusterImpl-383ae012-405b-46cc-a485-9d9df1ba09bf/datanode-3/data/ratis] (custom)
2019-11-15 20:29:48,302 [main] INFO  hdfs.DFSUtil (DFSUtil.java:httpServerTemplateForNNAndJN(1641)) - Starting Web-server for hddsDatanode at: http://0.0.0.0:0
2019-11-15 20:29:48,304 [main] INFO  server.AuthenticationFilter (AuthenticationFilter.java:constructSecretProvider(240)) - Unable to initialize FileSignerSecretProvider, falling back to use random secrets.
2019-11-15 20:29:48,304 [main] WARN  http.HttpRequestLog (HttpRequestLog.java:getRequestLog(97)) - Jetty request log can only be enabled using Log4j
2019-11-15 20:29:48,305 [main] INFO  http.HttpServer2 (HttpServer2.java:addGlobalFilter(975)) - Added global filter 'safety' (class=org.apache.hadoop.http.HttpServer2$QuotingInputFilter)
2019-11-15 20:29:48,306 [main] INFO  http.HttpServer2 (HttpServer2.java:addFilter(948)) - Added filter static_user_filter (class=org.apache.hadoop.http.lib.StaticUserWebFilter$StaticUserFilter) to context hddsDatanode
2019-11-15 20:29:48,306 [main] INFO  http.HttpServer2 (HttpServer2.java:addFilter(958)) - Added filter static_user_filter (class=org.apache.hadoop.http.lib.StaticUserWebFilter$StaticUserFilter) to context static
2019-11-15 20:29:48,306 [main] INFO  http.HttpServer2 (HttpServer2.java:addFilter(958)) - Added filter static_user_filter (class=org.apache.hadoop.http.lib.StaticUserWebFilter$StaticUserFilter) to context logs
2019-11-15 20:29:48,307 [main] INFO  http.HttpServer2 (HttpServer2.java:bindListener(1191)) - Jetty bound to port 42517
2019-11-15 20:29:48,307 [main] INFO  server.Server (Server.java:doStart(351)) - jetty-9.3.25.v20180904, build timestamp: 2018-09-04T21:11:46Z, git hash: 3ce520221d0240229c862b122d2b06c12a625732
2019-11-15 20:29:48,309 [main] INFO  handler.ContextHandler (ContextHandler.java:doStart(781)) - Started o.e.j.s.ServletContextHandler@2582b0ef{/logs,file:///workdir/hadoop-ozone/integration-test/target/log,AVAILABLE}
2019-11-15 20:29:48,309 [main] INFO  handler.ContextHandler (ContextHandler.java:doStart(781)) - Started o.e.j.s.ServletContextHandler@769bd849{/static,jar:file:/home/user/.m2/repository/org/apache/hadoop/hadoop-hdds-container-service/0.5.0-SNAPSHOT/hadoop-hdds-container-service-0.5.0-SNAPSHOT.jar!/webapps/static,AVAILABLE}
2019-11-15 20:29:48,338 [main] INFO  handler.ContextHandler (ContextHandler.java:doStart(781)) - Started o.e.j.w.WebAppContext@659f226a{/,file:///tmp/jetty-0.0.0.0-42517-hddsDatanode-_-any-9221415880912318307.dir/webapp/,AVAILABLE}{/hddsDatanode}
2019-11-15 20:29:48,338 [main] INFO  server.AbstractConnector (AbstractConnector.java:doStart(278)) - Started ServerConnector@2e463f4{HTTP/1.1,[http/1.1]}{0.0.0.0:42517}
2019-11-15 20:29:48,339 [main] INFO  server.Server (Server.java:doStart(419)) - Started @108276ms
2019-11-15 20:29:48,339 [main] WARN  impl.MetricsSystemImpl (MetricsSystemImpl.java:register(276)) - Sink prometheus already exists!
2019-11-15 20:29:48,340 [main] INFO  server.BaseHttpServer (BaseHttpServer.java:updateConnectorAddress(215)) - HTTP server of HDDSDATANODE is listening at http://0.0.0.0:42517
2019-11-15 20:29:48,340 [main] INFO  impl.MetricsSystemImpl (MetricsSystemImpl.java:init(158)) - HddsDatanode metrics system started (again)
2019-11-15 20:29:48,343 [main] INFO  ozone.HddsDatanodeService (HddsDatanodeService.java:start(186)) - HddsDatanodeService host:pr-hdds-2514-unusedmethodparam-9qkq7-1267773169 ip:192.168.157.201
2019-11-15 20:29:48,343 [org.apache.hadoop.util.JvmPauseMonitor$Monitor@6214a3e3] INFO  util.JvmPauseMonitor (JvmPauseMonitor.java:run(188)) - Starting JVM pause monitor
2019-11-15 20:29:48,345 [Datanode State Machine Thread - 0] INFO  datanode.InitDatanodeState (InitDatanodeState.java:persistContainerDatanodeDetails(140)) - DatanodeDetails is persisted to /workdir/hadoop-ozone/integration-test/target/test-dir/MiniOzoneClusterImpl-383ae012-405b-46cc-a485-9d9df1ba09bf/datanode-3/meta/datanode.id
2019-11-15 20:29:48,350 [main] INFO  volume.HddsVolume (HddsVolume.java:<init>(176)) - Creating Volume: /workdir/hadoop-ozone/integration-test/target/test-dir/MiniOzoneClusterImpl-383ae012-405b-46cc-a485-9d9df1ba09bf/datanode-4/data/containers/hdds of  storage type : DISK and capacity : 1482555576320
2019-11-15 20:29:48,350 [main] INFO  volume.VolumeSet (VolumeSet.java:initializeVolumeSet(170)) - Added Volume : /workdir/hadoop-ozone/integration-test/target/test-dir/MiniOzoneClusterImpl-383ae012-405b-46cc-a485-9d9df1ba09bf/datanode-4/data/containers/hdds to VolumeSet
2019-11-15 20:29:48,350 [main] INFO  volume.ThrottledAsyncChecker (ThrottledAsyncChecker.java:schedule(141)) - Scheduling a check for /workdir/hadoop-ozone/integration-test/target/test-dir/MiniOzoneClusterImpl-383ae012-405b-46cc-a485-9d9df1ba09bf/datanode-4/data/containers/hdds
2019-11-15 20:29:48,351 [main] INFO  volume.HddsVolumeChecker (HddsVolumeChecker.java:checkAllVolumes(204)) - Scheduled health check for volume /workdir/hadoop-ozone/integration-test/target/test-dir/MiniOzoneClusterImpl-383ae012-405b-46cc-a485-9d9df1ba09bf/datanode-4/data/containers/hdds
2019-11-15 20:29:48,363 [main] INFO  impl.RaftServerProxy (ConfUtils.java:logGet(43)) - raft.rpc.type = GRPC (default)
2019-11-15 20:29:48,363 [main] INFO  grpc.GrpcFactory (GrpcFactory.java:checkPooledByteBufAllocatorUseCacheForAllThreads(45)) - PERFORMANCE WARNING: useCacheForAllThreads is true that may cause Netty to create a lot garbage objects and, as a result, trigger GC.
	It is recommended to disable useCacheForAllThreads by setting -Dorg.apache.ratis.thirdparty.io.netty.allocator.useCacheForAllThreads=false in command line.
2019-11-15 20:29:48,363 [main] INFO  grpc.GrpcConfigKeys$Server (ConfUtils.java:logGet(43)) - raft.grpc.server.port = 0 (default)
2019-11-15 20:29:48,364 [main] INFO  server.GrpcService (ConfUtils.java:logGet(43)) - raft.grpc.message.size.max = 33570816 (custom)
2019-11-15 20:29:48,364 [main] INFO  server.RaftServerConfigKeys (ConfUtils.java:logGet(43)) - raft.server.log.appender.buffer.byte-limit = 33554432 (custom)
2019-11-15 20:29:48,364 [main] INFO  server.GrpcService (ConfUtils.java:logGet(43)) - raft.grpc.flow.control.window = 1MB (=1048576) (default)
2019-11-15 20:29:48,364 [main] INFO  server.RaftServerConfigKeys (ConfUtils.java:logGet(43)) - raft.server.rpc.request.timeout = 3000ms (default)
2019-11-15 20:29:48,364 [main] INFO  server.RaftServerConfigKeys (ConfUtils.java:logGet(43)) - raft.server.storage.dir = [/workdir/hadoop-ozone/integration-test/target/test-dir/MiniOzoneClusterImpl-383ae012-405b-46cc-a485-9d9df1ba09bf/datanode-4/data/ratis] (custom)
2019-11-15 20:29:48,365 [main] INFO  hdfs.DFSUtil (DFSUtil.java:httpServerTemplateForNNAndJN(1641)) - Starting Web-server for hddsDatanode at: http://0.0.0.0:0
2019-11-15 20:29:48,366 [main] INFO  server.AuthenticationFilter (AuthenticationFilter.java:constructSecretProvider(240)) - Unable to initialize FileSignerSecretProvider, falling back to use random secrets.
2019-11-15 20:29:48,367 [main] WARN  http.HttpRequestLog (HttpRequestLog.java:getRequestLog(97)) - Jetty request log can only be enabled using Log4j
2019-11-15 20:29:48,368 [main] INFO  http.HttpServer2 (HttpServer2.java:addGlobalFilter(975)) - Added global filter 'safety' (class=org.apache.hadoop.http.HttpServer2$QuotingInputFilter)
2019-11-15 20:29:48,368 [main] INFO  http.HttpServer2 (HttpServer2.java:addFilter(948)) - Added filter static_user_filter (class=org.apache.hadoop.http.lib.StaticUserWebFilter$StaticUserFilter) to context hddsDatanode
2019-11-15 20:29:48,368 [main] INFO  http.HttpServer2 (HttpServer2.java:addFilter(958)) - Added filter static_user_filter (class=org.apache.hadoop.http.lib.StaticUserWebFilter$StaticUserFilter) to context logs
2019-11-15 20:29:48,369 [main] INFO  http.HttpServer2 (HttpServer2.java:addFilter(958)) - Added filter static_user_filter (class=org.apache.hadoop.http.lib.StaticUserWebFilter$StaticUserFilter) to context static
2019-11-15 20:29:48,369 [main] INFO  http.HttpServer2 (HttpServer2.java:bindListener(1191)) - Jetty bound to port 36107
2019-11-15 20:29:48,369 [main] INFO  server.Server (Server.java:doStart(351)) - jetty-9.3.25.v20180904, build timestamp: 2018-09-04T21:11:46Z, git hash: 3ce520221d0240229c862b122d2b06c12a625732
2019-11-15 20:29:48,371 [main] INFO  handler.ContextHandler (ContextHandler.java:doStart(781)) - Started o.e.j.s.ServletContextHandler@33eb6758{/logs,file:///workdir/hadoop-ozone/integration-test/target/log,AVAILABLE}
2019-11-15 20:29:48,371 [main] INFO  handler.ContextHandler (ContextHandler.java:doStart(781)) - Started o.e.j.s.ServletContextHandler@4a8ffd75{/static,jar:file:/home/user/.m2/repository/org/apache/hadoop/hadoop-hdds-container-service/0.5.0-SNAPSHOT/hadoop-hdds-container-service-0.5.0-SNAPSHOT.jar!/webapps/static,AVAILABLE}
2019-11-15 20:29:48,400 [main] INFO  handler.ContextHandler (ContextHandler.java:doStart(781)) - Started o.e.j.w.WebAppContext@dab1f89{/,file:///tmp/jetty-0.0.0.0-36107-hddsDatanode-_-any-4289680639415666961.dir/webapp/,AVAILABLE}{/hddsDatanode}
2019-11-15 20:29:48,400 [main] INFO  server.AbstractConnector (AbstractConnector.java:doStart(278)) - Started ServerConnector@3a17b2e3{HTTP/1.1,[http/1.1]}{0.0.0.0:36107}
2019-11-15 20:29:48,401 [main] INFO  server.Server (Server.java:doStart(419)) - Started @108338ms
2019-11-15 20:29:48,401 [main] WARN  impl.MetricsSystemImpl (MetricsSystemImpl.java:register(276)) - Sink prometheus already exists!
2019-11-15 20:29:48,402 [main] INFO  server.BaseHttpServer (BaseHttpServer.java:updateConnectorAddress(215)) - HTTP server of HDDSDATANODE is listening at http://0.0.0.0:36107
2019-11-15 20:29:48,403 [main] INFO  impl.MetricsSystemImpl (MetricsSystemImpl.java:init(158)) - HddsDatanode metrics system started (again)
2019-11-15 20:29:48,406 [org.apache.hadoop.util.JvmPauseMonitor$Monitor@4b9bf281] INFO  util.JvmPauseMonitor (JvmPauseMonitor.java:run(188)) - Starting JVM pause monitor
2019-11-15 20:29:48,407 [main] INFO  ozone.HddsDatanodeService (HddsDatanodeService.java:start(186)) - HddsDatanodeService host:pr-hdds-2514-unusedmethodparam-9qkq7-1267773169 ip:192.168.157.201
2019-11-15 20:29:48,408 [Datanode State Machine Thread - 0] INFO  datanode.InitDatanodeState (InitDatanodeState.java:persistContainerDatanodeDetails(140)) - DatanodeDetails is persisted to /workdir/hadoop-ozone/integration-test/target/test-dir/MiniOzoneClusterImpl-383ae012-405b-46cc-a485-9d9df1ba09bf/datanode-4/meta/datanode.id
2019-11-15 20:29:48,416 [main] INFO  volume.HddsVolume (HddsVolume.java:<init>(176)) - Creating Volume: /workdir/hadoop-ozone/integration-test/target/test-dir/MiniOzoneClusterImpl-383ae012-405b-46cc-a485-9d9df1ba09bf/datanode-5/data/containers/hdds of  storage type : DISK and capacity : 1482555576320
2019-11-15 20:29:48,417 [main] INFO  volume.VolumeSet (VolumeSet.java:initializeVolumeSet(170)) - Added Volume : /workdir/hadoop-ozone/integration-test/target/test-dir/MiniOzoneClusterImpl-383ae012-405b-46cc-a485-9d9df1ba09bf/datanode-5/data/containers/hdds to VolumeSet
2019-11-15 20:29:48,417 [main] INFO  volume.ThrottledAsyncChecker (ThrottledAsyncChecker.java:schedule(141)) - Scheduling a check for /workdir/hadoop-ozone/integration-test/target/test-dir/MiniOzoneClusterImpl-383ae012-405b-46cc-a485-9d9df1ba09bf/datanode-5/data/containers/hdds
2019-11-15 20:29:48,417 [main] INFO  volume.HddsVolumeChecker (HddsVolumeChecker.java:checkAllVolumes(204)) - Scheduled health check for volume /workdir/hadoop-ozone/integration-test/target/test-dir/MiniOzoneClusterImpl-383ae012-405b-46cc-a485-9d9df1ba09bf/datanode-5/data/containers/hdds
2019-11-15 20:29:48,437 [main] INFO  impl.RaftServerProxy (ConfUtils.java:logGet(43)) - raft.rpc.type = GRPC (default)
2019-11-15 20:29:48,438 [main] INFO  grpc.GrpcFactory (GrpcFactory.java:checkPooledByteBufAllocatorUseCacheForAllThreads(45)) - PERFORMANCE WARNING: useCacheForAllThreads is true that may cause Netty to create a lot garbage objects and, as a result, trigger GC.
	It is recommended to disable useCacheForAllThreads by setting -Dorg.apache.ratis.thirdparty.io.netty.allocator.useCacheForAllThreads=false in command line.
2019-11-15 20:29:48,438 [main] INFO  grpc.GrpcConfigKeys$Server (ConfUtils.java:logGet(43)) - raft.grpc.server.port = 0 (default)
2019-11-15 20:29:48,438 [main] INFO  server.GrpcService (ConfUtils.java:logGet(43)) - raft.grpc.message.size.max = 33570816 (custom)
2019-11-15 20:29:48,438 [main] INFO  server.RaftServerConfigKeys (ConfUtils.java:logGet(43)) - raft.server.log.appender.buffer.byte-limit = 33554432 (custom)
2019-11-15 20:29:48,439 [main] INFO  server.GrpcService (ConfUtils.java:logGet(43)) - raft.grpc.flow.control.window = 1MB (=1048576) (default)
2019-11-15 20:29:48,439 [main] INFO  server.RaftServerConfigKeys (ConfUtils.java:logGet(43)) - raft.server.rpc.request.timeout = 3000ms (default)
2019-11-15 20:29:48,439 [main] INFO  server.RaftServerConfigKeys (ConfUtils.java:logGet(43)) - raft.server.storage.dir = [/workdir/hadoop-ozone/integration-test/target/test-dir/MiniOzoneClusterImpl-383ae012-405b-46cc-a485-9d9df1ba09bf/datanode-5/data/ratis] (custom)
2019-11-15 20:29:48,443 [main] INFO  hdfs.DFSUtil (DFSUtil.java:httpServerTemplateForNNAndJN(1641)) - Starting Web-server for hddsDatanode at: http://0.0.0.0:0
2019-11-15 20:29:48,445 [main] INFO  server.AuthenticationFilter (AuthenticationFilter.java:constructSecretProvider(240)) - Unable to initialize FileSignerSecretProvider, falling back to use random secrets.
2019-11-15 20:29:48,445 [main] WARN  http.HttpRequestLog (HttpRequestLog.java:getRequestLog(97)) - Jetty request log can only be enabled using Log4j
2019-11-15 20:29:48,447 [main] INFO  http.HttpServer2 (HttpServer2.java:addGlobalFilter(975)) - Added global filter 'safety' (class=org.apache.hadoop.http.HttpServer2$QuotingInputFilter)
2019-11-15 20:29:48,448 [main] INFO  http.HttpServer2 (HttpServer2.java:addFilter(948)) - Added filter static_user_filter (class=org.apache.hadoop.http.lib.StaticUserWebFilter$StaticUserFilter) to context hddsDatanode
2019-11-15 20:29:48,448 [main] INFO  http.HttpServer2 (HttpServer2.java:addFilter(958)) - Added filter static_user_filter (class=org.apache.hadoop.http.lib.StaticUserWebFilter$StaticUserFilter) to context logs
2019-11-15 20:29:48,448 [main] INFO  http.HttpServer2 (HttpServer2.java:addFilter(958)) - Added filter static_user_filter (class=org.apache.hadoop.http.lib.StaticUserWebFilter$StaticUserFilter) to context static
2019-11-15 20:29:48,449 [main] INFO  http.HttpServer2 (HttpServer2.java:bindListener(1191)) - Jetty bound to port 36117
2019-11-15 20:29:48,449 [main] INFO  server.Server (Server.java:doStart(351)) - jetty-9.3.25.v20180904, build timestamp: 2018-09-04T21:11:46Z, git hash: 3ce520221d0240229c862b122d2b06c12a625732
2019-11-15 20:29:48,451 [main] INFO  handler.ContextHandler (ContextHandler.java:doStart(781)) - Started o.e.j.s.ServletContextHandler@69909c14{/logs,file:///workdir/hadoop-ozone/integration-test/target/log,AVAILABLE}
2019-11-15 20:29:48,452 [main] INFO  handler.ContextHandler (ContextHandler.java:doStart(781)) - Started o.e.j.s.ServletContextHandler@4e224df5{/static,jar:file:/home/user/.m2/repository/org/apache/hadoop/hadoop-hdds-container-service/0.5.0-SNAPSHOT/hadoop-hdds-container-service-0.5.0-SNAPSHOT.jar!/webapps/static,AVAILABLE}
2019-11-15 20:29:48,499 [main] INFO  handler.ContextHandler (ContextHandler.java:doStart(781)) - Started o.e.j.w.WebAppContext@3cd26422{/,file:///tmp/jetty-0.0.0.0-36117-hddsDatanode-_-any-5316795783572760299.dir/webapp/,AVAILABLE}{/hddsDatanode}
2019-11-15 20:29:48,499 [main] INFO  server.AbstractConnector (AbstractConnector.java:doStart(278)) - Started ServerConnector@2eda072{HTTP/1.1,[http/1.1]}{0.0.0.0:36117}
2019-11-15 20:29:48,501 [main] INFO  server.Server (Server.java:doStart(419)) - Started @108438ms
2019-11-15 20:29:48,501 [main] WARN  impl.MetricsSystemImpl (MetricsSystemImpl.java:register(276)) - Sink prometheus already exists!
2019-11-15 20:29:48,502 [main] INFO  server.BaseHttpServer (BaseHttpServer.java:updateConnectorAddress(215)) - HTTP server of HDDSDATANODE is listening at http://0.0.0.0:36117
2019-11-15 20:29:48,502 [main] INFO  ozone.MiniOzoneClusterImpl (MiniOzoneClusterImpl.java:lambda$waitForClusterToBeReady$2(171)) - Waiting for cluster to be ready. Got 0 of 6 DN Heartbeats.
2019-11-15 20:29:48,504 [org.apache.hadoop.util.JvmPauseMonitor$Monitor@545a0f30] INFO  util.JvmPauseMonitor (JvmPauseMonitor.java:run(188)) - Starting JVM pause monitor
2019-11-15 20:29:48,509 [Datanode State Machine Thread - 0] INFO  datanode.InitDatanodeState (InitDatanodeState.java:persistContainerDatanodeDetails(140)) - DatanodeDetails is persisted to /workdir/hadoop-ozone/integration-test/target/test-dir/MiniOzoneClusterImpl-383ae012-405b-46cc-a485-9d9df1ba09bf/datanode-5/meta/datanode.id
2019-11-15 20:29:49,503 [main] INFO  ozone.MiniOzoneClusterImpl (MiniOzoneClusterImpl.java:lambda$waitForClusterToBeReady$2(171)) - Waiting for cluster to be ready. Got 0 of 6 DN Heartbeats.
2019-11-15 20:29:50,136 [Datanode State Machine Thread - 0] INFO  ozoneimpl.OzoneContainer (OzoneContainer.java:start(230)) - Attempting to start container services.
2019-11-15 20:29:50,137 [Datanode State Machine Thread - 0] INFO  ozoneimpl.OzoneContainer (OzoneContainer.java:startContainerScrub(194)) - Background container scanner has been disabled.
2019-11-15 20:29:50,137 [Datanode State Machine Thread - 0] INFO  ratis.XceiverServerRatis (XceiverServerRatis.java:start(421)) - Starting XceiverServerRatis 9cc1e37a-4716-4cf9-9175-b0181c43ba93 at port 0
2019-11-15 20:29:50,146 [Datanode State Machine Thread - 0] INFO  impl.RaftServerProxy (RaftServerProxy.java:lambda$start$3(299)) - 9cc1e37a-4716-4cf9-9175-b0181c43ba93: start RPC server
2019-11-15 20:29:50,150 [Datanode State Machine Thread - 0] INFO  server.GrpcService (GrpcService.java:startImpl(158)) - 9cc1e37a-4716-4cf9-9175-b0181c43ba93: GrpcService started, listening on 0.0.0.0/0.0.0.0:43898
2019-11-15 20:29:50,150 [Datanode State Machine Thread - 0] INFO  ratis.XceiverServerRatis (XceiverServerRatis.java:start(431)) - XceiverServerRatis 9cc1e37a-4716-4cf9-9175-b0181c43ba93 is started using port 43898
2019-11-15 20:29:50,151 [Datanode State Machine Thread - 0] INFO  server.XceiverServerGrpc (XceiverServerGrpc.java:start(145)) - XceiverServerGrpc 9cc1e37a-4716-4cf9-9175-b0181c43ba93 is started using port 45430
2019-11-15 20:29:50,245 [Datanode State Machine Thread - 0] INFO  ozoneimpl.OzoneContainer (OzoneContainer.java:start(230)) - Attempting to start container services.
2019-11-15 20:29:50,245 [Datanode State Machine Thread - 0] INFO  ozoneimpl.OzoneContainer (OzoneContainer.java:startContainerScrub(194)) - Background container scanner has been disabled.
2019-11-15 20:29:50,245 [Datanode State Machine Thread - 0] INFO  ratis.XceiverServerRatis (XceiverServerRatis.java:start(421)) - Starting XceiverServerRatis 8a1675e0-6aea-4c3b-8be7-5ae20a1ca49e at port 0
2019-11-15 20:29:50,253 [Datanode State Machine Thread - 0] INFO  impl.RaftServerProxy (RaftServerProxy.java:lambda$start$3(299)) - 8a1675e0-6aea-4c3b-8be7-5ae20a1ca49e: start RPC server
2019-11-15 20:29:50,255 [Datanode State Machine Thread - 0] INFO  server.GrpcService (GrpcService.java:startImpl(158)) - 8a1675e0-6aea-4c3b-8be7-5ae20a1ca49e: GrpcService started, listening on 0.0.0.0/0.0.0.0:42325
2019-11-15 20:29:50,255 [Datanode State Machine Thread - 0] INFO  ratis.XceiverServerRatis (XceiverServerRatis.java:start(431)) - XceiverServerRatis 8a1675e0-6aea-4c3b-8be7-5ae20a1ca49e is started using port 42325
2019-11-15 20:29:50,257 [Datanode State Machine Thread - 0] INFO  server.XceiverServerGrpc (XceiverServerGrpc.java:start(145)) - XceiverServerGrpc 8a1675e0-6aea-4c3b-8be7-5ae20a1ca49e is started using port 43640
2019-11-15 20:29:50,296 [Datanode State Machine Thread - 0] INFO  ozoneimpl.OzoneContainer (OzoneContainer.java:start(230)) - Attempting to start container services.
2019-11-15 20:29:50,296 [Datanode State Machine Thread - 0] INFO  ozoneimpl.OzoneContainer (OzoneContainer.java:startContainerScrub(194)) - Background container scanner has been disabled.
2019-11-15 20:29:50,296 [Datanode State Machine Thread - 0] INFO  ratis.XceiverServerRatis (XceiverServerRatis.java:start(421)) - Starting XceiverServerRatis 47ad85fd-142d-4fcb-95da-99123aa57c3f at port 0
2019-11-15 20:29:50,305 [Datanode State Machine Thread - 0] INFO  impl.RaftServerProxy (RaftServerProxy.java:lambda$start$3(299)) - 47ad85fd-142d-4fcb-95da-99123aa57c3f: start RPC server
2019-11-15 20:29:50,306 [Datanode State Machine Thread - 0] INFO  server.GrpcService (GrpcService.java:startImpl(158)) - 47ad85fd-142d-4fcb-95da-99123aa57c3f: GrpcService started, listening on 0.0.0.0/0.0.0.0:35088
2019-11-15 20:29:50,306 [Datanode State Machine Thread - 0] INFO  ratis.XceiverServerRatis (XceiverServerRatis.java:start(431)) - XceiverServerRatis 47ad85fd-142d-4fcb-95da-99123aa57c3f is started using port 35088
2019-11-15 20:29:50,306 [Datanode State Machine Thread - 0] INFO  server.XceiverServerGrpc (XceiverServerGrpc.java:start(145)) - XceiverServerGrpc 47ad85fd-142d-4fcb-95da-99123aa57c3f is started using port 40198
2019-11-15 20:29:50,371 [Datanode State Machine Thread - 0] INFO  ozoneimpl.OzoneContainer (OzoneContainer.java:start(230)) - Attempting to start container services.
2019-11-15 20:29:50,371 [Datanode State Machine Thread - 0] INFO  ozoneimpl.OzoneContainer (OzoneContainer.java:startContainerScrub(194)) - Background container scanner has been disabled.
2019-11-15 20:29:50,372 [Datanode State Machine Thread - 0] INFO  ratis.XceiverServerRatis (XceiverServerRatis.java:start(421)) - Starting XceiverServerRatis 0a519b4d-4b4e-4277-8a94-337d2dc88e84 at port 0
2019-11-15 20:29:50,379 [Datanode State Machine Thread - 0] INFO  impl.RaftServerProxy (RaftServerProxy.java:lambda$start$3(299)) - 0a519b4d-4b4e-4277-8a94-337d2dc88e84: start RPC server
2019-11-15 20:29:50,381 [Datanode State Machine Thread - 0] INFO  server.GrpcService (GrpcService.java:startImpl(158)) - 0a519b4d-4b4e-4277-8a94-337d2dc88e84: GrpcService started, listening on 0.0.0.0/0.0.0.0:36611
2019-11-15 20:29:50,381 [Datanode State Machine Thread - 0] INFO  ratis.XceiverServerRatis (XceiverServerRatis.java:start(431)) - XceiverServerRatis 0a519b4d-4b4e-4277-8a94-337d2dc88e84 is started using port 36611
2019-11-15 20:29:50,383 [Datanode State Machine Thread - 0] INFO  server.XceiverServerGrpc (XceiverServerGrpc.java:start(145)) - XceiverServerGrpc 0a519b4d-4b4e-4277-8a94-337d2dc88e84 is started using port 40264
2019-11-15 20:29:50,447 [Datanode State Machine Thread - 0] INFO  ozoneimpl.OzoneContainer (OzoneContainer.java:start(230)) - Attempting to start container services.
2019-11-15 20:29:50,447 [Datanode State Machine Thread - 0] INFO  ozoneimpl.OzoneContainer (OzoneContainer.java:startContainerScrub(194)) - Background container scanner has been disabled.
2019-11-15 20:29:50,447 [Datanode State Machine Thread - 0] INFO  ratis.XceiverServerRatis (XceiverServerRatis.java:start(421)) - Starting XceiverServerRatis 3276412b-a8eb-4e99-a9e7-479baf35f503 at port 0
2019-11-15 20:29:50,455 [Datanode State Machine Thread - 0] INFO  impl.RaftServerProxy (RaftServerProxy.java:lambda$start$3(299)) - 3276412b-a8eb-4e99-a9e7-479baf35f503: start RPC server
2019-11-15 20:29:50,457 [Datanode State Machine Thread - 0] INFO  server.GrpcService (GrpcService.java:startImpl(158)) - 3276412b-a8eb-4e99-a9e7-479baf35f503: GrpcService started, listening on 0.0.0.0/0.0.0.0:46486
2019-11-15 20:29:50,457 [Datanode State Machine Thread - 0] INFO  ratis.XceiverServerRatis (XceiverServerRatis.java:start(431)) - XceiverServerRatis 3276412b-a8eb-4e99-a9e7-479baf35f503 is started using port 46486
2019-11-15 20:29:50,457 [Datanode State Machine Thread - 0] INFO  server.XceiverServerGrpc (XceiverServerGrpc.java:start(145)) - XceiverServerGrpc 3276412b-a8eb-4e99-a9e7-479baf35f503 is started using port 33168
2019-11-15 20:29:50,503 [main] INFO  ozone.MiniOzoneClusterImpl (MiniOzoneClusterImpl.java:lambda$waitForClusterToBeReady$2(171)) - Waiting for cluster to be ready. Got 0 of 6 DN Heartbeats.
2019-11-15 20:29:50,530 [Datanode State Machine Thread - 0] INFO  ozoneimpl.OzoneContainer (OzoneContainer.java:start(230)) - Attempting to start container services.
2019-11-15 20:29:50,531 [Datanode State Machine Thread - 0] INFO  ozoneimpl.OzoneContainer (OzoneContainer.java:startContainerScrub(194)) - Background container scanner has been disabled.
2019-11-15 20:29:50,531 [Datanode State Machine Thread - 0] INFO  ratis.XceiverServerRatis (XceiverServerRatis.java:start(421)) - Starting XceiverServerRatis 0aaa2776-51af-4c10-a5a9-2fdcde9d3167 at port 0
2019-11-15 20:29:50,538 [Datanode State Machine Thread - 0] INFO  impl.RaftServerProxy (RaftServerProxy.java:lambda$start$3(299)) - 0aaa2776-51af-4c10-a5a9-2fdcde9d3167: start RPC server
2019-11-15 20:29:50,541 [Datanode State Machine Thread - 0] INFO  server.GrpcService (GrpcService.java:startImpl(158)) - 0aaa2776-51af-4c10-a5a9-2fdcde9d3167: GrpcService started, listening on 0.0.0.0/0.0.0.0:44120
2019-11-15 20:29:50,541 [Datanode State Machine Thread - 0] INFO  ratis.XceiverServerRatis (XceiverServerRatis.java:start(431)) - XceiverServerRatis 0aaa2776-51af-4c10-a5a9-2fdcde9d3167 is started using port 44120
2019-11-15 20:29:50,543 [Datanode State Machine Thread - 0] INFO  server.XceiverServerGrpc (XceiverServerGrpc.java:start(145)) - XceiverServerGrpc 0aaa2776-51af-4c10-a5a9-2fdcde9d3167 is started using port 41714
2019-11-15 20:29:51,504 [main] INFO  ozone.MiniOzoneClusterImpl (MiniOzoneClusterImpl.java:lambda$waitForClusterToBeReady$2(171)) - Waiting for cluster to be ready. Got 0 of 6 DN Heartbeats.
2019-11-15 20:29:52,093 [IPC Server handler 0 on 36632] INFO  net.NetworkTopology (NetworkTopologyImpl.java:add(111)) - Added a new node: /default-rack/9cc1e37a-4716-4cf9-9175-b0181c43ba93
2019-11-15 20:29:52,095 [IPC Server handler 0 on 36632] INFO  node.SCMNodeManager (SCMNodeManager.java:register(267)) - Registered Data node : 9cc1e37a-4716-4cf9-9175-b0181c43ba93{ip: 192.168.157.201, host: pr-hdds-2514-unusedmethodparam-9qkq7-1267773169, networkLocation: /default-rack, certSerialId: null}
2019-11-15 20:29:52,096 [EventQueue-NodeRegistrationContainerReportForDataNodeSafeModeRule] INFO  safemode.SCMSafeModeManager (DataNodeSafeModeRule.java:process(71)) - SCM in safe mode. 1 DataNodes registered, 1 required.
2019-11-15 20:29:52,098 [EventQueue-NodeRegistrationContainerReportForDataNodeSafeModeRule] INFO  safemode.SCMSafeModeManager (SCMSafeModeManager.java:validateSafeModeExitRules(177)) - ScmSafeModeManager, all rules are successfully validated
2019-11-15 20:29:52,098 [EventQueue-NodeRegistrationContainerReportForDataNodeSafeModeRule] INFO  safemode.SCMSafeModeManager (SCMSafeModeManager.java:exitSafeMode(193)) - SCM exiting safe mode.
2019-11-15 20:29:52,108 [grpc-default-executor-3] INFO  impl.RaftServerProxy (RaftServerProxy.java:addNew(89)) - 9cc1e37a-4716-4cf9-9175-b0181c43ba93: addNew group-6B42BDB5A309:[9cc1e37a-4716-4cf9-9175-b0181c43ba93:192.168.157.201:43898] returns group-6B42BDB5A309:java.util.concurrent.CompletableFuture@19519b98[Not completed]
2019-11-15 20:29:52,111 [pool-153-thread-1] INFO  impl.RaftServerImpl (RaftServerImpl.java:<init>(98)) - 9cc1e37a-4716-4cf9-9175-b0181c43ba93: new RaftServerImpl for group-6B42BDB5A309:[9cc1e37a-4716-4cf9-9175-b0181c43ba93:192.168.157.201:43898] with ContainerStateMachine:uninitialized
2019-11-15 20:29:52,112 [pool-153-thread-1] INFO  server.RaftServerConfigKeys (ConfUtils.java:logGet(43)) - raft.server.rpc.timeout.min = 1s (custom)
2019-11-15 20:29:52,112 [pool-153-thread-1] INFO  server.RaftServerConfigKeys (ConfUtils.java:logGet(43)) - raft.server.rpc.timeout.max = 1200ms (custom)
2019-11-15 20:29:52,112 [pool-153-thread-1] INFO  server.RaftServerConfigKeys (ConfUtils.java:logGet(43)) - raft.server.rpcslowness.timeout = 120s (custom)
2019-11-15 20:29:52,112 [pool-153-thread-1] INFO  server.RaftServerConfigKeys (ConfUtils.java:logGet(43)) - raft.server.sleep.deviation.threshold = 300 (default)
2019-11-15 20:29:52,112 [pool-153-thread-1] INFO  server.RaftServerConfigKeys (ConfUtils.java:logGet(43)) - raft.server.log.appender.install.snapshot.enabled = false (custom)
2019-11-15 20:29:52,113 [pool-153-thread-1] INFO  impl.RaftServerImpl (ServerState.java:<init>(103)) - 9cc1e37a-4716-4cf9-9175-b0181c43ba93@group-6B42BDB5A309: ConfigurationManager, init=-1: [9cc1e37a-4716-4cf9-9175-b0181c43ba93:192.168.157.201:43898], old=null, confs=<EMPTY_MAP>
2019-11-15 20:29:52,113 [pool-153-thread-1] INFO  server.RaftServerConfigKeys (ConfUtils.java:logGet(43)) - raft.server.storage.dir = [/workdir/hadoop-ozone/integration-test/target/test-dir/MiniOzoneClusterImpl-383ae012-405b-46cc-a485-9d9df1ba09bf/datanode-0/data/ratis] (custom)
2019-11-15 20:29:52,113 [pool-153-thread-1] INFO  server.RaftServerConfigKeys (ConfUtils.java:logGet(43)) - raft.server.log.corruption.policy = EXCEPTION (default)
2019-11-15 20:29:52,114 [pool-153-thread-1] INFO  storage.RaftStorageDirectory (RaftStorageDirectory.java:analyzeStorage(246)) - The storage directory /workdir/hadoop-ozone/integration-test/target/test-dir/MiniOzoneClusterImpl-383ae012-405b-46cc-a485-9d9df1ba09bf/datanode-0/data/ratis/355af991-79bf-467e-b7d7-6b42bdb5a309 does not exist. Creating ...
2019-11-15 20:29:52,140 [pool-153-thread-1] INFO  storage.RaftStorageDirectory (RaftStorageDirectory.java:tryLock(328)) - Lock on /workdir/hadoop-ozone/integration-test/target/test-dir/MiniOzoneClusterImpl-383ae012-405b-46cc-a485-9d9df1ba09bf/datanode-0/data/ratis/355af991-79bf-467e-b7d7-6b42bdb5a309/in_use.lock acquired by nodename 20206@pr-hdds-2514-unusedmethodparam-9qkq7-1267773169
2019-11-15 20:29:52,165 [pool-153-thread-1] INFO  storage.RaftStorage (RaftStorage.java:format(84)) - Storage directory /workdir/hadoop-ozone/integration-test/target/test-dir/MiniOzoneClusterImpl-383ae012-405b-46cc-a485-9d9df1ba09bf/datanode-0/data/ratis/355af991-79bf-467e-b7d7-6b42bdb5a309 has been successfully formatted.
2019-11-15 20:29:52,166 [pool-153-thread-1] INFO  ratis.ContainerStateMachine (ContainerStateMachine.java:loadSnapshot(223)) - group-6B42BDB5A309: The snapshot info is null. Setting the last applied indexto:(t:0, i:~)
2019-11-15 20:29:52,166 [pool-153-thread-1] INFO  server.RaftServerConfigKeys (ConfUtils.java:logGet(43)) - raft.server.notification.no-leader.timeout = 120s (custom)
2019-11-15 20:29:52,166 [pool-153-thread-1] INFO  server.RaftServerConfigKeys (ConfUtils.java:logGet(43)) - raft.server.log.use.memory = false (default)
2019-11-15 20:29:52,166 [pool-153-thread-1] INFO  server.RaftServerConfigKeys (ConfUtils.java:logGet(43)) - raft.server.log.purge.gap = 1000000 (custom)
2019-11-15 20:29:52,166 [pool-153-thread-1] INFO  server.RaftServerConfigKeys (ConfUtils.java:logGet(43)) - raft.server.log.appender.buffer.byte-limit = 33554432 (custom)
2019-11-15 20:29:52,166 [pool-153-thread-1] INFO  server.RaftServerConfigKeys (ConfUtils.java:logGet(43)) - raft.server.log.segment.size.max = 1048576 (custom)
2019-11-15 20:29:52,167 [pool-153-thread-1] WARN  impl.MetricRegistriesImpl (MetricRegistriesImpl.java:lambda$create$1(61)) - First MetricRegistry has been created without registering reporters. You may need to call MetricRegistries.global().addReportRegistration(...) before.
2019-11-15 20:29:52,167 [pool-153-thread-1] INFO  server.RaftServerConfigKeys (ConfUtils.java:logGet(43)) - raft.server.log.segment.cache.num.max = 2 (custom)
2019-11-15 20:29:52,167 [pool-153-thread-1] INFO  segmented.SegmentedRaftLogWorker (SegmentedRaftLogWorker.java:<init>(173)) - new 9cc1e37a-4716-4cf9-9175-b0181c43ba93@group-6B42BDB5A309-SegmentedRaftLogWorker for RaftStorage:Storage Directory /workdir/hadoop-ozone/integration-test/target/test-dir/MiniOzoneClusterImpl-383ae012-405b-46cc-a485-9d9df1ba09bf/datanode-0/data/ratis/355af991-79bf-467e-b7d7-6b42bdb5a309
2019-11-15 20:29:52,167 [pool-153-thread-1] INFO  server.RaftServerConfigKeys (ConfUtils.java:logGet(43)) - raft.server.log.queue.byte-limit = 2147483647 (custom)
2019-11-15 20:29:52,167 [pool-153-thread-1] INFO  server.RaftServerConfigKeys (ConfUtils.java:logGet(43)) - raft.server.log.queue.element-limit = 1024 (custom)
2019-11-15 20:29:52,167 [pool-153-thread-1] INFO  server.RaftServerConfigKeys (ConfUtils.java:logGet(43)) - raft.server.log.segment.size.max = 1048576 (custom)
2019-11-15 20:29:52,168 [pool-153-thread-1] INFO  server.RaftServerConfigKeys (ConfUtils.java:logGet(43)) - raft.server.log.preallocated.size = 16384 (custom)
2019-11-15 20:29:52,168 [pool-153-thread-1] INFO  server.RaftServerConfigKeys (ConfUtils.java:logGet(43)) - raft.server.log.write.buffer.size = 33554432 (custom)
2019-11-15 20:29:52,168 [pool-153-thread-1] INFO  server.RaftServerConfigKeys (ConfUtils.java:logGet(43)) - raft.server.log.force.sync.num = 128 (default)
2019-11-15 20:29:52,168 [pool-153-thread-1] INFO  server.RaftServerConfigKeys (ConfUtils.java:logGet(43)) - raft.server.log.statemachine.data.sync = true (default)
2019-11-15 20:29:52,168 [pool-153-thread-1] INFO  server.RaftServerConfigKeys (ConfUtils.java:logGet(43)) - raft.server.log.statemachine.data.sync.timeout = 10s (default)
2019-11-15 20:29:52,168 [pool-153-thread-1] INFO  server.RaftServerConfigKeys (ConfUtils.java:logGet(43)) - raft.server.log.statemachine.data.sync.timeout.retry = -1 (default)
2019-11-15 20:29:52,169 [pool-153-thread-1] INFO  server.RaftServerConfigKeys (ConfUtils.java:logGet(43)) - raft.server.log.statemachine.data.caching.enabled = true (custom)
2019-11-15 20:29:52,169 [pool-153-thread-1] INFO  segmented.SegmentedRaftLogWorker (SegmentedRaftLogWorker.java:lambda$new$0(128)) - 9cc1e37a-4716-4cf9-9175-b0181c43ba93@group-6B42BDB5A309-SegmentedRaftLogWorker: flushIndex: setUnconditionally 0 -> -1
2019-11-15 20:29:52,169 [pool-153-thread-1] INFO  server.RaftServerConfigKeys (ConfUtils.java:logGet(43)) - raft.server.snapshot.auto.trigger.enabled = true (custom)
2019-11-15 20:29:52,169 [pool-153-thread-1] INFO  server.RaftServerConfigKeys (ConfUtils.java:logGet(43)) - raft.server.snapshot.auto.trigger.threshold = 10000 (custom)
2019-11-15 20:29:52,170 [pool-153-thread-1] INFO  server.RaftServerConfigKeys (ConfUtils.java:logGet(43)) - raft.server.snapshot.retention.file.num = 5 (custom)
2019-11-15 20:29:52,170 [pool-153-thread-1] INFO  server.RaftServerConfigKeys (ConfUtils.java:logGet(43)) - raft.server.retrycache.expirytime = 600000ms (custom)
2019-11-15 20:29:52,170 [pool-153-thread-1] WARN  impl.MetricRegistriesImpl (MetricRegistriesImpl.java:lambda$create$1(61)) - First MetricRegistry has been created without registering reporters. You may need to call MetricRegistries.global().addReportRegistration(...) before.
2019-11-15 20:29:52,170 [pool-153-thread-1] WARN  impl.MetricRegistriesImpl (MetricRegistriesImpl.java:lambda$create$1(61)) - First MetricRegistry has been created without registering reporters. You may need to call MetricRegistries.global().addReportRegistration(...) before.
2019-11-15 20:29:52,171 [pool-153-thread-1] INFO  impl.RaftServerImpl (RaftServerImpl.java:start(184)) - 9cc1e37a-4716-4cf9-9175-b0181c43ba93@group-6B42BDB5A309: start as a follower, conf=-1: [9cc1e37a-4716-4cf9-9175-b0181c43ba93:192.168.157.201:43898], old=null
2019-11-15 20:29:52,171 [pool-153-thread-1] INFO  impl.RaftServerImpl (RaftServerImpl.java:setRole(173)) - 9cc1e37a-4716-4cf9-9175-b0181c43ba93@group-6B42BDB5A309: changes role from      null to FOLLOWER at term 0 for startAsFollower
2019-11-15 20:29:52,171 [pool-153-thread-1] INFO  impl.RoleInfo (RoleInfo.java:updateAndGet(143)) - 9cc1e37a-4716-4cf9-9175-b0181c43ba93: start FollowerState
2019-11-15 20:29:52,171 [pool-153-thread-1] INFO  util.JmxRegister (JmxRegister.java:tryRegister(44)) - Successfully registered JMX Bean with object name Ratis:service=RaftServer,group=group-6B42BDB5A309,id=9cc1e37a-4716-4cf9-9175-b0181c43ba93
2019-11-15 20:29:52,172 [pool-153-thread-1] WARN  impl.MetricRegistriesImpl (MetricRegistriesImpl.java:lambda$create$1(61)) - First MetricRegistry has been created without registering reporters. You may need to call MetricRegistries.global().addReportRegistration(...) before.
2019-11-15 20:29:52,175 [RatisPipelineUtilsThread] INFO  pipeline.PipelineStateManager (PipelineStateManager.java:addPipeline(55)) - Created pipeline Pipeline[ Id: 355af991-79bf-467e-b7d7-6b42bdb5a309, Nodes: 9cc1e37a-4716-4cf9-9175-b0181c43ba93{ip: 192.168.157.201, host: pr-hdds-2514-unusedmethodparam-9qkq7-1267773169, networkLocation: /default-rack, certSerialId: null}, Type:RATIS, Factor:ONE, State:ALLOCATED]
2019-11-15 20:29:52,212 [IPC Server handler 1 on 36632] INFO  net.NetworkTopology (NetworkTopologyImpl.java:add(111)) - Added a new node: /default-rack/8a1675e0-6aea-4c3b-8be7-5ae20a1ca49e
2019-11-15 20:29:52,212 [IPC Server handler 1 on 36632] INFO  node.SCMNodeManager (SCMNodeManager.java:register(267)) - Registered Data node : 8a1675e0-6aea-4c3b-8be7-5ae20a1ca49e{ip: 192.168.157.201, host: pr-hdds-2514-unusedmethodparam-9qkq7-1267773169, networkLocation: /default-rack, certSerialId: null}
2019-11-15 20:29:52,220 [grpc-default-executor-3] INFO  impl.RaftServerProxy (RaftServerProxy.java:addNew(89)) - 8a1675e0-6aea-4c3b-8be7-5ae20a1ca49e: addNew group-BE8805B52B93:[8a1675e0-6aea-4c3b-8be7-5ae20a1ca49e:192.168.157.201:42325] returns group-BE8805B52B93:java.util.concurrent.CompletableFuture@14fb1d1c[Not completed]
2019-11-15 20:29:52,221 [pool-163-thread-1] INFO  impl.RaftServerImpl (RaftServerImpl.java:<init>(98)) - 8a1675e0-6aea-4c3b-8be7-5ae20a1ca49e: new RaftServerImpl for group-BE8805B52B93:[8a1675e0-6aea-4c3b-8be7-5ae20a1ca49e:192.168.157.201:42325] with ContainerStateMachine:uninitialized
2019-11-15 20:29:52,221 [pool-163-thread-1] INFO  server.RaftServerConfigKeys (ConfUtils.java:logGet(43)) - raft.server.rpc.timeout.min = 1s (custom)
2019-11-15 20:29:52,221 [pool-163-thread-1] INFO  server.RaftServerConfigKeys (ConfUtils.java:logGet(43)) - raft.server.rpc.timeout.max = 1200ms (custom)
2019-11-15 20:29:52,221 [pool-163-thread-1] INFO  server.RaftServerConfigKeys (ConfUtils.java:logGet(43)) - raft.server.rpcslowness.timeout = 120s (custom)
2019-11-15 20:29:52,222 [pool-163-thread-1] INFO  server.RaftServerConfigKeys (ConfUtils.java:logGet(43)) - raft.server.sleep.deviation.threshold = 300 (default)
2019-11-15 20:29:52,222 [pool-163-thread-1] INFO  server.RaftServerConfigKeys (ConfUtils.java:logGet(43)) - raft.server.log.appender.install.snapshot.enabled = false (custom)
2019-11-15 20:29:52,222 [pool-163-thread-1] INFO  impl.RaftServerImpl (ServerState.java:<init>(103)) - 8a1675e0-6aea-4c3b-8be7-5ae20a1ca49e@group-BE8805B52B93: ConfigurationManager, init=-1: [8a1675e0-6aea-4c3b-8be7-5ae20a1ca49e:192.168.157.201:42325], old=null, confs=<EMPTY_MAP>
2019-11-15 20:29:52,222 [pool-163-thread-1] INFO  server.RaftServerConfigKeys (ConfUtils.java:logGet(43)) - raft.server.storage.dir = [/workdir/hadoop-ozone/integration-test/target/test-dir/MiniOzoneClusterImpl-383ae012-405b-46cc-a485-9d9df1ba09bf/datanode-1/data/ratis] (custom)
2019-11-15 20:29:52,222 [pool-163-thread-1] INFO  server.RaftServerConfigKeys (ConfUtils.java:logGet(43)) - raft.server.log.corruption.policy = EXCEPTION (default)
2019-11-15 20:29:52,223 [pool-163-thread-1] INFO  storage.RaftStorageDirectory (RaftStorageDirectory.java:analyzeStorage(246)) - The storage directory /workdir/hadoop-ozone/integration-test/target/test-dir/MiniOzoneClusterImpl-383ae012-405b-46cc-a485-9d9df1ba09bf/datanode-1/data/ratis/54560d90-3482-49b6-bef0-be8805b52b93 does not exist. Creating ...
2019-11-15 20:29:52,249 [pool-163-thread-1] INFO  storage.RaftStorageDirectory (RaftStorageDirectory.java:tryLock(328)) - Lock on /workdir/hadoop-ozone/integration-test/target/test-dir/MiniOzoneClusterImpl-383ae012-405b-46cc-a485-9d9df1ba09bf/datanode-1/data/ratis/54560d90-3482-49b6-bef0-be8805b52b93/in_use.lock acquired by nodename 20206@pr-hdds-2514-unusedmethodparam-9qkq7-1267773169
2019-11-15 20:29:52,274 [IPC Server handler 3 on 36632] INFO  net.NetworkTopology (NetworkTopologyImpl.java:add(111)) - Added a new node: /default-rack/47ad85fd-142d-4fcb-95da-99123aa57c3f
2019-11-15 20:29:52,274 [IPC Server handler 3 on 36632] INFO  node.SCMNodeManager (SCMNodeManager.java:register(267)) - Registered Data node : 47ad85fd-142d-4fcb-95da-99123aa57c3f{ip: 192.168.157.201, host: pr-hdds-2514-unusedmethodparam-9qkq7-1267773169, networkLocation: /default-rack, certSerialId: null}
2019-11-15 20:29:52,275 [pool-163-thread-1] INFO  storage.RaftStorage (RaftStorage.java:format(84)) - Storage directory /workdir/hadoop-ozone/integration-test/target/test-dir/MiniOzoneClusterImpl-383ae012-405b-46cc-a485-9d9df1ba09bf/datanode-1/data/ratis/54560d90-3482-49b6-bef0-be8805b52b93 has been successfully formatted.
2019-11-15 20:29:52,275 [pool-163-thread-1] INFO  ratis.ContainerStateMachine (ContainerStateMachine.java:loadSnapshot(223)) - group-BE8805B52B93: The snapshot info is null. Setting the last applied indexto:(t:0, i:~)
2019-11-15 20:29:52,275 [pool-163-thread-1] INFO  server.RaftServerConfigKeys (ConfUtils.java:logGet(43)) - raft.server.notification.no-leader.timeout = 120s (custom)
2019-11-15 20:29:52,275 [pool-163-thread-1] INFO  server.RaftServerConfigKeys (ConfUtils.java:logGet(43)) - raft.server.log.use.memory = false (default)
2019-11-15 20:29:52,275 [pool-163-thread-1] INFO  server.RaftServerConfigKeys (ConfUtils.java:logGet(43)) - raft.server.log.purge.gap = 1000000 (custom)
2019-11-15 20:29:52,276 [pool-163-thread-1] INFO  server.RaftServerConfigKeys (ConfUtils.java:logGet(43)) - raft.server.log.appender.buffer.byte-limit = 33554432 (custom)
2019-11-15 20:29:52,276 [pool-163-thread-1] INFO  server.RaftServerConfigKeys (ConfUtils.java:logGet(43)) - raft.server.log.segment.size.max = 1048576 (custom)
2019-11-15 20:29:52,276 [pool-163-thread-1] WARN  impl.MetricRegistriesImpl (MetricRegistriesImpl.java:lambda$create$1(61)) - First MetricRegistry has been created without registering reporters. You may need to call MetricRegistries.global().addReportRegistration(...) before.
2019-11-15 20:29:52,276 [pool-163-thread-1] INFO  server.RaftServerConfigKeys (ConfUtils.java:logGet(43)) - raft.server.log.segment.cache.num.max = 2 (custom)
2019-11-15 20:29:52,276 [pool-163-thread-1] INFO  segmented.SegmentedRaftLogWorker (SegmentedRaftLogWorker.java:<init>(173)) - new 8a1675e0-6aea-4c3b-8be7-5ae20a1ca49e@group-BE8805B52B93-SegmentedRaftLogWorker for RaftStorage:Storage Directory /workdir/hadoop-ozone/integration-test/target/test-dir/MiniOzoneClusterImpl-383ae012-405b-46cc-a485-9d9df1ba09bf/datanode-1/data/ratis/54560d90-3482-49b6-bef0-be8805b52b93
2019-11-15 20:29:52,276 [pool-163-thread-1] INFO  server.RaftServerConfigKeys (ConfUtils.java:logGet(43)) - raft.server.log.queue.byte-limit = 2147483647 (custom)
2019-11-15 20:29:52,276 [pool-163-thread-1] INFO  server.RaftServerConfigKeys (ConfUtils.java:logGet(43)) - raft.server.log.queue.element-limit = 1024 (custom)
2019-11-15 20:29:52,277 [pool-163-thread-1] INFO  server.RaftServerConfigKeys (ConfUtils.java:logGet(43)) - raft.server.log.segment.size.max = 1048576 (custom)
2019-11-15 20:29:52,277 [pool-163-thread-1] INFO  server.RaftServerConfigKeys (ConfUtils.java:logGet(43)) - raft.server.log.preallocated.size = 16384 (custom)
2019-11-15 20:29:52,277 [pool-163-thread-1] INFO  server.RaftServerConfigKeys (ConfUtils.java:logGet(43)) - raft.server.log.write.buffer.size = 33554432 (custom)
2019-11-15 20:29:52,277 [pool-163-thread-1] INFO  server.RaftServerConfigKeys (ConfUtils.java:logGet(43)) - raft.server.log.force.sync.num = 128 (default)
2019-11-15 20:29:52,277 [pool-163-thread-1] INFO  server.RaftServerConfigKeys (ConfUtils.java:logGet(43)) - raft.server.log.statemachine.data.sync = true (default)
2019-11-15 20:29:52,277 [pool-163-thread-1] INFO  server.RaftServerConfigKeys (ConfUtils.java:logGet(43)) - raft.server.log.statemachine.data.sync.timeout = 10s (default)
2019-11-15 20:29:52,277 [pool-163-thread-1] INFO  server.RaftServerConfigKeys (ConfUtils.java:logGet(43)) - raft.server.log.statemachine.data.sync.timeout.retry = -1 (default)
2019-11-15 20:29:52,278 [pool-163-thread-1] INFO  server.RaftServerConfigKeys (ConfUtils.java:logGet(43)) - raft.server.log.statemachine.data.caching.enabled = true (custom)
2019-11-15 20:29:52,278 [pool-163-thread-1] INFO  segmented.SegmentedRaftLogWorker (SegmentedRaftLogWorker.java:lambda$new$0(128)) - 8a1675e0-6aea-4c3b-8be7-5ae20a1ca49e@group-BE8805B52B93-SegmentedRaftLogWorker: flushIndex: setUnconditionally 0 -> -1
2019-11-15 20:29:52,278 [pool-163-thread-1] INFO  server.RaftServerConfigKeys (ConfUtils.java:logGet(43)) - raft.server.snapshot.auto.trigger.enabled = true (custom)
2019-11-15 20:29:52,278 [pool-163-thread-1] INFO  server.RaftServerConfigKeys (ConfUtils.java:logGet(43)) - raft.server.snapshot.auto.trigger.threshold = 10000 (custom)
2019-11-15 20:29:52,279 [pool-163-thread-1] INFO  server.RaftServerConfigKeys (ConfUtils.java:logGet(43)) - raft.server.snapshot.retention.file.num = 5 (custom)
2019-11-15 20:29:52,279 [pool-163-thread-1] INFO  server.RaftServerConfigKeys (ConfUtils.java:logGet(43)) - raft.server.retrycache.expirytime = 600000ms (custom)
2019-11-15 20:29:52,279 [pool-163-thread-1] WARN  impl.MetricRegistriesImpl (MetricRegistriesImpl.java:lambda$create$1(61)) - First MetricRegistry has been created without registering reporters. You may need to call MetricRegistries.global().addReportRegistration(...) before.
2019-11-15 20:29:52,279 [pool-163-thread-1] WARN  impl.MetricRegistriesImpl (MetricRegistriesImpl.java:lambda$create$1(61)) - First MetricRegistry has been created without registering reporters. You may need to call MetricRegistries.global().addReportRegistration(...) before.
2019-11-15 20:29:52,279 [pool-163-thread-1] INFO  impl.RaftServerImpl (RaftServerImpl.java:start(184)) - 8a1675e0-6aea-4c3b-8be7-5ae20a1ca49e@group-BE8805B52B93: start as a follower, conf=-1: [8a1675e0-6aea-4c3b-8be7-5ae20a1ca49e:192.168.157.201:42325], old=null
2019-11-15 20:29:52,279 [pool-163-thread-1] INFO  impl.RaftServerImpl (RaftServerImpl.java:setRole(173)) - 8a1675e0-6aea-4c3b-8be7-5ae20a1ca49e@group-BE8805B52B93: changes role from      null to FOLLOWER at term 0 for startAsFollower
2019-11-15 20:29:52,280 [pool-163-thread-1] INFO  impl.RoleInfo (RoleInfo.java:updateAndGet(143)) - 8a1675e0-6aea-4c3b-8be7-5ae20a1ca49e: start FollowerState
2019-11-15 20:29:52,280 [pool-163-thread-1] INFO  util.JmxRegister (JmxRegister.java:tryRegister(44)) - Successfully registered JMX Bean with object name Ratis:service=RaftServer,group=group-BE8805B52B93,id=8a1675e0-6aea-4c3b-8be7-5ae20a1ca49e
2019-11-15 20:29:52,280 [pool-163-thread-1] WARN  impl.MetricRegistriesImpl (MetricRegistriesImpl.java:lambda$create$1(61)) - First MetricRegistry has been created without registering reporters. You may need to call MetricRegistries.global().addReportRegistration(...) before.
2019-11-15 20:29:52,283 [RatisPipelineUtilsThread] INFO  pipeline.PipelineStateManager (PipelineStateManager.java:addPipeline(55)) - Created pipeline Pipeline[ Id: 54560d90-3482-49b6-bef0-be8805b52b93, Nodes: 8a1675e0-6aea-4c3b-8be7-5ae20a1ca49e{ip: 192.168.157.201, host: pr-hdds-2514-unusedmethodparam-9qkq7-1267773169, networkLocation: /default-rack, certSerialId: null}, Type:RATIS, Factor:ONE, State:ALLOCATED]
2019-11-15 20:29:52,289 [grpc-default-executor-3] INFO  impl.RaftServerProxy (RaftServerProxy.java:addNew(89)) - 47ad85fd-142d-4fcb-95da-99123aa57c3f: addNew group-BA5449BC7E71:[47ad85fd-142d-4fcb-95da-99123aa57c3f:192.168.157.201:35088] returns group-BA5449BC7E71:java.util.concurrent.CompletableFuture@5d1fa26[Not completed]
2019-11-15 20:29:52,291 [pool-173-thread-1] INFO  impl.RaftServerImpl (RaftServerImpl.java:<init>(98)) - 47ad85fd-142d-4fcb-95da-99123aa57c3f: new RaftServerImpl for group-BA5449BC7E71:[47ad85fd-142d-4fcb-95da-99123aa57c3f:192.168.157.201:35088] with ContainerStateMachine:uninitialized
2019-11-15 20:29:52,291 [pool-173-thread-1] INFO  server.RaftServerConfigKeys (ConfUtils.java:logGet(43)) - raft.server.rpc.timeout.min = 1s (custom)
2019-11-15 20:29:52,291 [pool-173-thread-1] INFO  server.RaftServerConfigKeys (ConfUtils.java:logGet(43)) - raft.server.rpc.timeout.max = 1200ms (custom)
2019-11-15 20:29:52,291 [pool-173-thread-1] INFO  server.RaftServerConfigKeys (ConfUtils.java:logGet(43)) - raft.server.rpcslowness.timeout = 120s (custom)
2019-11-15 20:29:52,291 [pool-173-thread-1] INFO  server.RaftServerConfigKeys (ConfUtils.java:logGet(43)) - raft.server.sleep.deviation.threshold = 300 (default)
2019-11-15 20:29:52,291 [pool-173-thread-1] INFO  server.RaftServerConfigKeys (ConfUtils.java:logGet(43)) - raft.server.log.appender.install.snapshot.enabled = false (custom)
2019-11-15 20:29:52,291 [pool-173-thread-1] INFO  impl.RaftServerImpl (ServerState.java:<init>(103)) - 47ad85fd-142d-4fcb-95da-99123aa57c3f@group-BA5449BC7E71: ConfigurationManager, init=-1: [47ad85fd-142d-4fcb-95da-99123aa57c3f:192.168.157.201:35088], old=null, confs=<EMPTY_MAP>
2019-11-15 20:29:52,292 [pool-173-thread-1] INFO  server.RaftServerConfigKeys (ConfUtils.java:logGet(43)) - raft.server.storage.dir = [/workdir/hadoop-ozone/integration-test/target/test-dir/MiniOzoneClusterImpl-383ae012-405b-46cc-a485-9d9df1ba09bf/datanode-2/data/ratis] (custom)
2019-11-15 20:29:52,292 [pool-173-thread-1] INFO  server.RaftServerConfigKeys (ConfUtils.java:logGet(43)) - raft.server.log.corruption.policy = EXCEPTION (default)
2019-11-15 20:29:52,292 [pool-173-thread-1] INFO  storage.RaftStorageDirectory (RaftStorageDirectory.java:analyzeStorage(246)) - The storage directory /workdir/hadoop-ozone/integration-test/target/test-dir/MiniOzoneClusterImpl-383ae012-405b-46cc-a485-9d9df1ba09bf/datanode-2/data/ratis/cc2d2689-b03a-40fe-9ca9-ba5449bc7e71 does not exist. Creating ...
2019-11-15 20:29:52,317 [pool-173-thread-1] INFO  storage.RaftStorageDirectory (RaftStorageDirectory.java:tryLock(328)) - Lock on /workdir/hadoop-ozone/integration-test/target/test-dir/MiniOzoneClusterImpl-383ae012-405b-46cc-a485-9d9df1ba09bf/datanode-2/data/ratis/cc2d2689-b03a-40fe-9ca9-ba5449bc7e71/in_use.lock acquired by nodename 20206@pr-hdds-2514-unusedmethodparam-9qkq7-1267773169
2019-11-15 20:29:52,344 [IPC Server handler 4 on 36632] INFO  net.NetworkTopology (NetworkTopologyImpl.java:add(111)) - Added a new node: /default-rack/0a519b4d-4b4e-4277-8a94-337d2dc88e84
2019-11-15 20:29:52,344 [IPC Server handler 4 on 36632] INFO  node.SCMNodeManager (SCMNodeManager.java:register(267)) - Registered Data node : 0a519b4d-4b4e-4277-8a94-337d2dc88e84{ip: 192.168.157.201, host: pr-hdds-2514-unusedmethodparam-9qkq7-1267773169, networkLocation: /default-rack, certSerialId: null}
2019-11-15 20:29:52,351 [pool-173-thread-1] INFO  storage.RaftStorage (RaftStorage.java:format(84)) - Storage directory /workdir/hadoop-ozone/integration-test/target/test-dir/MiniOzoneClusterImpl-383ae012-405b-46cc-a485-9d9df1ba09bf/datanode-2/data/ratis/cc2d2689-b03a-40fe-9ca9-ba5449bc7e71 has been successfully formatted.
2019-11-15 20:29:52,351 [pool-173-thread-1] INFO  ratis.ContainerStateMachine (ContainerStateMachine.java:loadSnapshot(223)) - group-BA5449BC7E71: The snapshot info is null. Setting the last applied indexto:(t:0, i:~)
2019-11-15 20:29:52,351 [pool-173-thread-1] INFO  server.RaftServerConfigKeys (ConfUtils.java:logGet(43)) - raft.server.notification.no-leader.timeout = 120s (custom)
2019-11-15 20:29:52,351 [pool-173-thread-1] INFO  server.RaftServerConfigKeys (ConfUtils.java:logGet(43)) - raft.server.log.use.memory = false (default)
2019-11-15 20:29:52,351 [pool-173-thread-1] INFO  server.RaftServerConfigKeys (ConfUtils.java:logGet(43)) - raft.server.log.purge.gap = 1000000 (custom)
2019-11-15 20:29:52,351 [pool-173-thread-1] INFO  server.RaftServerConfigKeys (ConfUtils.java:logGet(43)) - raft.server.log.appender.buffer.byte-limit = 33554432 (custom)
2019-11-15 20:29:52,351 [pool-173-thread-1] INFO  server.RaftServerConfigKeys (ConfUtils.java:logGet(43)) - raft.server.log.segment.size.max = 1048576 (custom)
2019-11-15 20:29:52,352 [pool-173-thread-1] WARN  impl.MetricRegistriesImpl (MetricRegistriesImpl.java:lambda$create$1(61)) - First MetricRegistry has been created without registering reporters. You may need to call MetricRegistries.global().addReportRegistration(...) before.
2019-11-15 20:29:52,352 [pool-173-thread-1] INFO  server.RaftServerConfigKeys (ConfUtils.java:logGet(43)) - raft.server.log.segment.cache.num.max = 2 (custom)
2019-11-15 20:29:52,352 [pool-173-thread-1] INFO  segmented.SegmentedRaftLogWorker (SegmentedRaftLogWorker.java:<init>(173)) - new 47ad85fd-142d-4fcb-95da-99123aa57c3f@group-BA5449BC7E71-SegmentedRaftLogWorker for RaftStorage:Storage Directory /workdir/hadoop-ozone/integration-test/target/test-dir/MiniOzoneClusterImpl-383ae012-405b-46cc-a485-9d9df1ba09bf/datanode-2/data/ratis/cc2d2689-b03a-40fe-9ca9-ba5449bc7e71
2019-11-15 20:29:52,352 [pool-173-thread-1] INFO  server.RaftServerConfigKeys (ConfUtils.java:logGet(43)) - raft.server.log.queue.byte-limit = 2147483647 (custom)
2019-11-15 20:29:52,352 [pool-173-thread-1] INFO  server.RaftServerConfigKeys (ConfUtils.java:logGet(43)) - raft.server.log.queue.element-limit = 1024 (custom)
2019-11-15 20:29:52,352 [pool-173-thread-1] INFO  server.RaftServerConfigKeys (ConfUtils.java:logGet(43)) - raft.server.log.segment.size.max = 1048576 (custom)
2019-11-15 20:29:52,352 [pool-173-thread-1] INFO  server.RaftServerConfigKeys (ConfUtils.java:logGet(43)) - raft.server.log.preallocated.size = 16384 (custom)
2019-11-15 20:29:52,352 [pool-173-thread-1] INFO  server.RaftServerConfigKeys (ConfUtils.java:logGet(43)) - raft.server.log.write.buffer.size = 33554432 (custom)
2019-11-15 20:29:52,352 [pool-173-thread-1] INFO  server.RaftServerConfigKeys (ConfUtils.java:logGet(43)) - raft.server.log.force.sync.num = 128 (default)
2019-11-15 20:29:52,353 [pool-173-thread-1] INFO  server.RaftServerConfigKeys (ConfUtils.java:logGet(43)) - raft.server.log.statemachine.data.sync = true (default)
2019-11-15 20:29:52,353 [pool-173-thread-1] INFO  server.RaftServerConfigKeys (ConfUtils.java:logGet(43)) - raft.server.log.statemachine.data.sync.timeout = 10s (default)
2019-11-15 20:29:52,353 [pool-173-thread-1] INFO  server.RaftServerConfigKeys (ConfUtils.java:logGet(43)) - raft.server.log.statemachine.data.sync.timeout.retry = -1 (default)
2019-11-15 20:29:52,353 [pool-173-thread-1] INFO  server.RaftServerConfigKeys (ConfUtils.java:logGet(43)) - raft.server.log.statemachine.data.caching.enabled = true (custom)
2019-11-15 20:29:52,353 [pool-173-thread-1] INFO  segmented.SegmentedRaftLogWorker (SegmentedRaftLogWorker.java:lambda$new$0(128)) - 47ad85fd-142d-4fcb-95da-99123aa57c3f@group-BA5449BC7E71-SegmentedRaftLogWorker: flushIndex: setUnconditionally 0 -> -1
2019-11-15 20:29:52,354 [pool-173-thread-1] INFO  server.RaftServerConfigKeys (ConfUtils.java:logGet(43)) - raft.server.snapshot.auto.trigger.enabled = true (custom)
2019-11-15 20:29:52,354 [pool-173-thread-1] INFO  server.RaftServerConfigKeys (ConfUtils.java:logGet(43)) - raft.server.snapshot.auto.trigger.threshold = 10000 (custom)
2019-11-15 20:29:52,354 [pool-173-thread-1] INFO  server.RaftServerConfigKeys (ConfUtils.java:logGet(43)) - raft.server.snapshot.retention.file.num = 5 (custom)
2019-11-15 20:29:52,354 [pool-173-thread-1] INFO  server.RaftServerConfigKeys (ConfUtils.java:logGet(43)) - raft.server.retrycache.expirytime = 600000ms (custom)
2019-11-15 20:29:52,354 [pool-173-thread-1] WARN  impl.MetricRegistriesImpl (MetricRegistriesImpl.java:lambda$create$1(61)) - First MetricRegistry has been created without registering reporters. You may need to call MetricRegistries.global().addReportRegistration(...) before.
2019-11-15 20:29:52,354 [pool-173-thread-1] WARN  impl.MetricRegistriesImpl (MetricRegistriesImpl.java:lambda$create$1(61)) - First MetricRegistry has been created without registering reporters. You may need to call MetricRegistries.global().addReportRegistration(...) before.
2019-11-15 20:29:52,355 [pool-173-thread-1] INFO  impl.RaftServerImpl (RaftServerImpl.java:start(184)) - 47ad85fd-142d-4fcb-95da-99123aa57c3f@group-BA5449BC7E71: start as a follower, conf=-1: [47ad85fd-142d-4fcb-95da-99123aa57c3f:192.168.157.201:35088], old=null
2019-11-15 20:29:52,355 [pool-173-thread-1] INFO  impl.RaftServerImpl (RaftServerImpl.java:setRole(173)) - 47ad85fd-142d-4fcb-95da-99123aa57c3f@group-BA5449BC7E71: changes role from      null to FOLLOWER at term 0 for startAsFollower
2019-11-15 20:29:52,355 [pool-173-thread-1] INFO  impl.RoleInfo (RoleInfo.java:updateAndGet(143)) - 47ad85fd-142d-4fcb-95da-99123aa57c3f: start FollowerState
2019-11-15 20:29:52,355 [pool-173-thread-1] INFO  util.JmxRegister (JmxRegister.java:tryRegister(44)) - Successfully registered JMX Bean with object name Ratis:service=RaftServer,group=group-BA5449BC7E71,id=47ad85fd-142d-4fcb-95da-99123aa57c3f
2019-11-15 20:29:52,355 [pool-173-thread-1] WARN  impl.MetricRegistriesImpl (MetricRegistriesImpl.java:lambda$create$1(61)) - First MetricRegistry has been created without registering reporters. You may need to call MetricRegistries.global().addReportRegistration(...) before.
2019-11-15 20:29:52,358 [RatisPipelineUtilsThread] INFO  pipeline.PipelineStateManager (PipelineStateManager.java:addPipeline(55)) - Created pipeline Pipeline[ Id: cc2d2689-b03a-40fe-9ca9-ba5449bc7e71, Nodes: 47ad85fd-142d-4fcb-95da-99123aa57c3f{ip: 192.168.157.201, host: pr-hdds-2514-unusedmethodparam-9qkq7-1267773169, networkLocation: /default-rack, certSerialId: null}, Type:RATIS, Factor:ONE, State:ALLOCATED]
2019-11-15 20:29:52,364 [grpc-default-executor-3] INFO  impl.RaftServerProxy (RaftServerProxy.java:addNew(89)) - 0a519b4d-4b4e-4277-8a94-337d2dc88e84: addNew group-A0B36505DA22:[0a519b4d-4b4e-4277-8a94-337d2dc88e84:192.168.157.201:36611] returns group-A0B36505DA22:java.util.concurrent.CompletableFuture@41c774a8[Not completed]
2019-11-15 20:29:52,366 [pool-183-thread-1] INFO  impl.RaftServerImpl (RaftServerImpl.java:<init>(98)) - 0a519b4d-4b4e-4277-8a94-337d2dc88e84: new RaftServerImpl for group-A0B36505DA22:[0a519b4d-4b4e-4277-8a94-337d2dc88e84:192.168.157.201:36611] with ContainerStateMachine:uninitialized
2019-11-15 20:29:52,366 [pool-183-thread-1] INFO  server.RaftServerConfigKeys (ConfUtils.java:logGet(43)) - raft.server.rpc.timeout.min = 1s (custom)
2019-11-15 20:29:52,366 [pool-183-thread-1] INFO  server.RaftServerConfigKeys (ConfUtils.java:logGet(43)) - raft.server.rpc.timeout.max = 1200ms (custom)
2019-11-15 20:29:52,366 [pool-183-thread-1] INFO  server.RaftServerConfigKeys (ConfUtils.java:logGet(43)) - raft.server.rpcslowness.timeout = 120s (custom)
2019-11-15 20:29:52,367 [pool-183-thread-1] INFO  server.RaftServerConfigKeys (ConfUtils.java:logGet(43)) - raft.server.sleep.deviation.threshold = 300 (default)
2019-11-15 20:29:52,367 [pool-183-thread-1] INFO  server.RaftServerConfigKeys (ConfUtils.java:logGet(43)) - raft.server.log.appender.install.snapshot.enabled = false (custom)
2019-11-15 20:29:52,367 [pool-183-thread-1] INFO  impl.RaftServerImpl (ServerState.java:<init>(103)) - 0a519b4d-4b4e-4277-8a94-337d2dc88e84@group-A0B36505DA22: ConfigurationManager, init=-1: [0a519b4d-4b4e-4277-8a94-337d2dc88e84:192.168.157.201:36611], old=null, confs=<EMPTY_MAP>
2019-11-15 20:29:52,367 [pool-183-thread-1] INFO  server.RaftServerConfigKeys (ConfUtils.java:logGet(43)) - raft.server.storage.dir = [/workdir/hadoop-ozone/integration-test/target/test-dir/MiniOzoneClusterImpl-383ae012-405b-46cc-a485-9d9df1ba09bf/datanode-3/data/ratis] (custom)
2019-11-15 20:29:52,367 [pool-183-thread-1] INFO  server.RaftServerConfigKeys (ConfUtils.java:logGet(43)) - raft.server.log.corruption.policy = EXCEPTION (default)
2019-11-15 20:29:52,367 [pool-183-thread-1] INFO  storage.RaftStorageDirectory (RaftStorageDirectory.java:analyzeStorage(246)) - The storage directory /workdir/hadoop-ozone/integration-test/target/test-dir/MiniOzoneClusterImpl-383ae012-405b-46cc-a485-9d9df1ba09bf/datanode-3/data/ratis/0e7d1e8f-5d52-4c7c-a576-a0b36505da22 does not exist. Creating ...
2019-11-15 20:29:52,393 [pool-183-thread-1] INFO  storage.RaftStorageDirectory (RaftStorageDirectory.java:tryLock(328)) - Lock on /workdir/hadoop-ozone/integration-test/target/test-dir/MiniOzoneClusterImpl-383ae012-405b-46cc-a485-9d9df1ba09bf/datanode-3/data/ratis/0e7d1e8f-5d52-4c7c-a576-a0b36505da22/in_use.lock acquired by nodename 20206@pr-hdds-2514-unusedmethodparam-9qkq7-1267773169
2019-11-15 20:29:52,408 [IPC Server handler 6 on 36632] INFO  net.NetworkTopology (NetworkTopologyImpl.java:add(111)) - Added a new node: /default-rack/3276412b-a8eb-4e99-a9e7-479baf35f503
2019-11-15 20:29:52,408 [IPC Server handler 6 on 36632] INFO  node.SCMNodeManager (SCMNodeManager.java:register(267)) - Registered Data node : 3276412b-a8eb-4e99-a9e7-479baf35f503{ip: 192.168.157.201, host: pr-hdds-2514-unusedmethodparam-9qkq7-1267773169, networkLocation: /default-rack, certSerialId: null}
2019-11-15 20:29:52,410 [pool-183-thread-1] INFO  storage.RaftStorage (RaftStorage.java:format(84)) - Storage directory /workdir/hadoop-ozone/integration-test/target/test-dir/MiniOzoneClusterImpl-383ae012-405b-46cc-a485-9d9df1ba09bf/datanode-3/data/ratis/0e7d1e8f-5d52-4c7c-a576-a0b36505da22 has been successfully formatted.
2019-11-15 20:29:52,410 [pool-183-thread-1] INFO  ratis.ContainerStateMachine (ContainerStateMachine.java:loadSnapshot(223)) - group-A0B36505DA22: The snapshot info is null. Setting the last applied indexto:(t:0, i:~)
2019-11-15 20:29:52,410 [pool-183-thread-1] INFO  server.RaftServerConfigKeys (ConfUtils.java:logGet(43)) - raft.server.notification.no-leader.timeout = 120s (custom)
2019-11-15 20:29:52,410 [pool-183-thread-1] INFO  server.RaftServerConfigKeys (ConfUtils.java:logGet(43)) - raft.server.log.use.memory = false (default)
2019-11-15 20:29:52,411 [pool-183-thread-1] INFO  server.RaftServerConfigKeys (ConfUtils.java:logGet(43)) - raft.server.log.purge.gap = 1000000 (custom)
2019-11-15 20:29:52,411 [pool-183-thread-1] INFO  server.RaftServerConfigKeys (ConfUtils.java:logGet(43)) - raft.server.log.appender.buffer.byte-limit = 33554432 (custom)
2019-11-15 20:29:52,411 [pool-183-thread-1] INFO  server.RaftServerConfigKeys (ConfUtils.java:logGet(43)) - raft.server.log.segment.size.max = 1048576 (custom)
2019-11-15 20:29:52,411 [pool-183-thread-1] WARN  impl.MetricRegistriesImpl (MetricRegistriesImpl.java:lambda$create$1(61)) - First MetricRegistry has been created without registering reporters. You may need to call MetricRegistries.global().addReportRegistration(...) before.
2019-11-15 20:29:52,411 [pool-183-thread-1] INFO  server.RaftServerConfigKeys (ConfUtils.java:logGet(43)) - raft.server.log.segment.cache.num.max = 2 (custom)
2019-11-15 20:29:52,411 [pool-183-thread-1] INFO  segmented.SegmentedRaftLogWorker (SegmentedRaftLogWorker.java:<init>(173)) - new 0a519b4d-4b4e-4277-8a94-337d2dc88e84@group-A0B36505DA22-SegmentedRaftLogWorker for RaftStorage:Storage Directory /workdir/hadoop-ozone/integration-test/target/test-dir/MiniOzoneClusterImpl-383ae012-405b-46cc-a485-9d9df1ba09bf/datanode-3/data/ratis/0e7d1e8f-5d52-4c7c-a576-a0b36505da22
2019-11-15 20:29:52,411 [pool-183-thread-1] INFO  server.RaftServerConfigKeys (ConfUtils.java:logGet(43)) - raft.server.log.queue.byte-limit = 2147483647 (custom)
2019-11-15 20:29:52,411 [pool-183-thread-1] INFO  server.RaftServerConfigKeys (ConfUtils.java:logGet(43)) - raft.server.log.queue.element-limit = 1024 (custom)
2019-11-15 20:29:52,411 [pool-183-thread-1] INFO  server.RaftServerConfigKeys (ConfUtils.java:logGet(43)) - raft.server.log.segment.size.max = 1048576 (custom)
2019-11-15 20:29:52,412 [pool-183-thread-1] INFO  server.RaftServerConfigKeys (ConfUtils.java:logGet(43)) - raft.server.log.preallocated.size = 16384 (custom)
2019-11-15 20:29:52,412 [pool-183-thread-1] INFO  server.RaftServerConfigKeys (ConfUtils.java:logGet(43)) - raft.server.log.write.buffer.size = 33554432 (custom)
2019-11-15 20:29:52,412 [pool-183-thread-1] INFO  server.RaftServerConfigKeys (ConfUtils.java:logGet(43)) - raft.server.log.force.sync.num = 128 (default)
2019-11-15 20:29:52,412 [pool-183-thread-1] INFO  server.RaftServerConfigKeys (ConfUtils.java:logGet(43)) - raft.server.log.statemachine.data.sync = true (default)
2019-11-15 20:29:52,412 [pool-183-thread-1] INFO  server.RaftServerConfigKeys (ConfUtils.java:logGet(43)) - raft.server.log.statemachine.data.sync.timeout = 10s (default)
2019-11-15 20:29:52,412 [pool-183-thread-1] INFO  server.RaftServerConfigKeys (ConfUtils.java:logGet(43)) - raft.server.log.statemachine.data.sync.timeout.retry = -1 (default)
2019-11-15 20:29:52,412 [pool-183-thread-1] INFO  server.RaftServerConfigKeys (ConfUtils.java:logGet(43)) - raft.server.log.statemachine.data.caching.enabled = true (custom)
2019-11-15 20:29:52,413 [pool-183-thread-1] INFO  segmented.SegmentedRaftLogWorker (SegmentedRaftLogWorker.java:lambda$new$0(128)) - 0a519b4d-4b4e-4277-8a94-337d2dc88e84@group-A0B36505DA22-SegmentedRaftLogWorker: flushIndex: setUnconditionally 0 -> -1
2019-11-15 20:29:52,413 [pool-183-thread-1] INFO  server.RaftServerConfigKeys (ConfUtils.java:logGet(43)) - raft.server.snapshot.auto.trigger.enabled = true (custom)
2019-11-15 20:29:52,413 [pool-183-thread-1] INFO  server.RaftServerConfigKeys (ConfUtils.java:logGet(43)) - raft.server.snapshot.auto.trigger.threshold = 10000 (custom)
2019-11-15 20:29:52,413 [pool-183-thread-1] INFO  server.RaftServerConfigKeys (ConfUtils.java:logGet(43)) - raft.server.snapshot.retention.file.num = 5 (custom)
2019-11-15 20:29:52,413 [pool-183-thread-1] INFO  server.RaftServerConfigKeys (ConfUtils.java:logGet(43)) - raft.server.retrycache.expirytime = 600000ms (custom)
2019-11-15 20:29:52,413 [pool-183-thread-1] WARN  impl.MetricRegistriesImpl (MetricRegistriesImpl.java:lambda$create$1(61)) - First MetricRegistry has been created without registering reporters. You may need to call MetricRegistries.global().addReportRegistration(...) before.
2019-11-15 20:29:52,414 [pool-183-thread-1] WARN  impl.MetricRegistriesImpl (MetricRegistriesImpl.java:lambda$create$1(61)) - First MetricRegistry has been created without registering reporters. You may need to call MetricRegistries.global().addReportRegistration(...) before.
2019-11-15 20:29:52,414 [pool-183-thread-1] INFO  impl.RaftServerImpl (RaftServerImpl.java:start(184)) - 0a519b4d-4b4e-4277-8a94-337d2dc88e84@group-A0B36505DA22: start as a follower, conf=-1: [0a519b4d-4b4e-4277-8a94-337d2dc88e84:192.168.157.201:36611], old=null
2019-11-15 20:29:52,414 [pool-183-thread-1] INFO  impl.RaftServerImpl (RaftServerImpl.java:setRole(173)) - 0a519b4d-4b4e-4277-8a94-337d2dc88e84@group-A0B36505DA22: changes role from      null to FOLLOWER at term 0 for startAsFollower
2019-11-15 20:29:52,414 [pool-183-thread-1] INFO  impl.RoleInfo (RoleInfo.java:updateAndGet(143)) - 0a519b4d-4b4e-4277-8a94-337d2dc88e84: start FollowerState
2019-11-15 20:29:52,414 [pool-183-thread-1] INFO  util.JmxRegister (JmxRegister.java:tryRegister(44)) - Successfully registered JMX Bean with object name Ratis:service=RaftServer,group=group-A0B36505DA22,id=0a519b4d-4b4e-4277-8a94-337d2dc88e84
2019-11-15 20:29:52,415 [pool-183-thread-1] WARN  impl.MetricRegistriesImpl (MetricRegistriesImpl.java:lambda$create$1(61)) - First MetricRegistry has been created without registering reporters. You may need to call MetricRegistries.global().addReportRegistration(...) before.
2019-11-15 20:29:52,418 [RatisPipelineUtilsThread] INFO  pipeline.PipelineStateManager (PipelineStateManager.java:addPipeline(55)) - Created pipeline Pipeline[ Id: 0e7d1e8f-5d52-4c7c-a576-a0b36505da22, Nodes: 0a519b4d-4b4e-4277-8a94-337d2dc88e84{ip: 192.168.157.201, host: pr-hdds-2514-unusedmethodparam-9qkq7-1267773169, networkLocation: /default-rack, certSerialId: null}, Type:RATIS, Factor:ONE, State:ALLOCATED]
2019-11-15 20:29:52,424 [grpc-default-executor-3] INFO  impl.RaftServerProxy (RaftServerProxy.java:addNew(89)) - 3276412b-a8eb-4e99-a9e7-479baf35f503: addNew group-11B973C7C2C8:[3276412b-a8eb-4e99-a9e7-479baf35f503:192.168.157.201:46486] returns group-11B973C7C2C8:java.util.concurrent.CompletableFuture@679a63cf[Not completed]
2019-11-15 20:29:52,425 [pool-193-thread-1] INFO  impl.RaftServerImpl (RaftServerImpl.java:<init>(98)) - 3276412b-a8eb-4e99-a9e7-479baf35f503: new RaftServerImpl for group-11B973C7C2C8:[3276412b-a8eb-4e99-a9e7-479baf35f503:192.168.157.201:46486] with ContainerStateMachine:uninitialized
2019-11-15 20:29:52,425 [pool-193-thread-1] INFO  server.RaftServerConfigKeys (ConfUtils.java:logGet(43)) - raft.server.rpc.timeout.min = 1s (custom)
2019-11-15 20:29:52,425 [pool-193-thread-1] INFO  server.RaftServerConfigKeys (ConfUtils.java:logGet(43)) - raft.server.rpc.timeout.max = 1200ms (custom)
2019-11-15 20:29:52,426 [pool-193-thread-1] INFO  server.RaftServerConfigKeys (ConfUtils.java:logGet(43)) - raft.server.rpcslowness.timeout = 120s (custom)
2019-11-15 20:29:52,426 [pool-193-thread-1] INFO  server.RaftServerConfigKeys (ConfUtils.java:logGet(43)) - raft.server.sleep.deviation.threshold = 300 (default)
2019-11-15 20:29:52,426 [pool-193-thread-1] INFO  server.RaftServerConfigKeys (ConfUtils.java:logGet(43)) - raft.server.log.appender.install.snapshot.enabled = false (custom)
2019-11-15 20:29:52,426 [pool-193-thread-1] INFO  impl.RaftServerImpl (ServerState.java:<init>(103)) - 3276412b-a8eb-4e99-a9e7-479baf35f503@group-11B973C7C2C8: ConfigurationManager, init=-1: [3276412b-a8eb-4e99-a9e7-479baf35f503:192.168.157.201:46486], old=null, confs=<EMPTY_MAP>
2019-11-15 20:29:52,426 [pool-193-thread-1] INFO  server.RaftServerConfigKeys (ConfUtils.java:logGet(43)) - raft.server.storage.dir = [/workdir/hadoop-ozone/integration-test/target/test-dir/MiniOzoneClusterImpl-383ae012-405b-46cc-a485-9d9df1ba09bf/datanode-4/data/ratis] (custom)
2019-11-15 20:29:52,426 [pool-193-thread-1] INFO  server.RaftServerConfigKeys (ConfUtils.java:logGet(43)) - raft.server.log.corruption.policy = EXCEPTION (default)
2019-11-15 20:29:52,426 [pool-193-thread-1] INFO  storage.RaftStorageDirectory (RaftStorageDirectory.java:analyzeStorage(246)) - The storage directory /workdir/hadoop-ozone/integration-test/target/test-dir/MiniOzoneClusterImpl-383ae012-405b-46cc-a485-9d9df1ba09bf/datanode-4/data/ratis/7415b0d8-534b-4a1c-bddd-11b973c7c2c8 does not exist. Creating ...
2019-11-15 20:29:52,452 [pool-193-thread-1] INFO  storage.RaftStorageDirectory (RaftStorageDirectory.java:tryLock(328)) - Lock on /workdir/hadoop-ozone/integration-test/target/test-dir/MiniOzoneClusterImpl-383ae012-405b-46cc-a485-9d9df1ba09bf/datanode-4/data/ratis/7415b0d8-534b-4a1c-bddd-11b973c7c2c8/in_use.lock acquired by nodename 20206@pr-hdds-2514-unusedmethodparam-9qkq7-1267773169
2019-11-15 20:29:52,477 [pool-193-thread-1] INFO  storage.RaftStorage (RaftStorage.java:format(84)) - Storage directory /workdir/hadoop-ozone/integration-test/target/test-dir/MiniOzoneClusterImpl-383ae012-405b-46cc-a485-9d9df1ba09bf/datanode-4/data/ratis/7415b0d8-534b-4a1c-bddd-11b973c7c2c8 has been successfully formatted.
2019-11-15 20:29:52,478 [pool-193-thread-1] INFO  ratis.ContainerStateMachine (ContainerStateMachine.java:loadSnapshot(223)) - group-11B973C7C2C8: The snapshot info is null. Setting the last applied indexto:(t:0, i:~)
2019-11-15 20:29:52,478 [pool-193-thread-1] INFO  server.RaftServerConfigKeys (ConfUtils.java:logGet(43)) - raft.server.notification.no-leader.timeout = 120s (custom)
2019-11-15 20:29:52,478 [pool-193-thread-1] INFO  server.RaftServerConfigKeys (ConfUtils.java:logGet(43)) - raft.server.log.use.memory = false (default)
2019-11-15 20:29:52,478 [pool-193-thread-1] INFO  server.RaftServerConfigKeys (ConfUtils.java:logGet(43)) - raft.server.log.purge.gap = 1000000 (custom)
2019-11-15 20:29:52,478 [pool-193-thread-1] INFO  server.RaftServerConfigKeys (ConfUtils.java:logGet(43)) - raft.server.log.appender.buffer.byte-limit = 33554432 (custom)
2019-11-15 20:29:52,478 [pool-193-thread-1] INFO  server.RaftServerConfigKeys (ConfUtils.java:logGet(43)) - raft.server.log.segment.size.max = 1048576 (custom)
2019-11-15 20:29:52,479 [pool-193-thread-1] WARN  impl.MetricRegistriesImpl (MetricRegistriesImpl.java:lambda$create$1(61)) - First MetricRegistry has been created without registering reporters. You may need to call MetricRegistries.global().addReportRegistration(...) before.
2019-11-15 20:29:52,479 [pool-193-thread-1] INFO  server.RaftServerConfigKeys (ConfUtils.java:logGet(43)) - raft.server.log.segment.cache.num.max = 2 (custom)
2019-11-15 20:29:52,479 [pool-193-thread-1] INFO  segmented.SegmentedRaftLogWorker (SegmentedRaftLogWorker.java:<init>(173)) - new 3276412b-a8eb-4e99-a9e7-479baf35f503@group-11B973C7C2C8-SegmentedRaftLogWorker for RaftStorage:Storage Directory /workdir/hadoop-ozone/integration-test/target/test-dir/MiniOzoneClusterImpl-383ae012-405b-46cc-a485-9d9df1ba09bf/datanode-4/data/ratis/7415b0d8-534b-4a1c-bddd-11b973c7c2c8
2019-11-15 20:29:52,479 [pool-193-thread-1] INFO  server.RaftServerConfigKeys (ConfUtils.java:logGet(43)) - raft.server.log.queue.byte-limit = 2147483647 (custom)
2019-11-15 20:29:52,479 [pool-193-thread-1] INFO  server.RaftServerConfigKeys (ConfUtils.java:logGet(43)) - raft.server.log.queue.element-limit = 1024 (custom)
2019-11-15 20:29:52,479 [pool-193-thread-1] INFO  server.RaftServerConfigKeys (ConfUtils.java:logGet(43)) - raft.server.log.segment.size.max = 1048576 (custom)
2019-11-15 20:29:52,479 [pool-193-thread-1] INFO  server.RaftServerConfigKeys (ConfUtils.java:logGet(43)) - raft.server.log.preallocated.size = 16384 (custom)
2019-11-15 20:29:52,479 [pool-193-thread-1] INFO  server.RaftServerConfigKeys (ConfUtils.java:logGet(43)) - raft.server.log.write.buffer.size = 33554432 (custom)
2019-11-15 20:29:52,480 [pool-193-thread-1] INFO  server.RaftServerConfigKeys (ConfUtils.java:logGet(43)) - raft.server.log.force.sync.num = 128 (default)
2019-11-15 20:29:52,480 [pool-193-thread-1] INFO  server.RaftServerConfigKeys (ConfUtils.java:logGet(43)) - raft.server.log.statemachine.data.sync = true (default)
2019-11-15 20:29:52,480 [pool-193-thread-1] INFO  server.RaftServerConfigKeys (ConfUtils.java:logGet(43)) - raft.server.log.statemachine.data.sync.timeout = 10s (default)
2019-11-15 20:29:52,480 [pool-193-thread-1] INFO  server.RaftServerConfigKeys (ConfUtils.java:logGet(43)) - raft.server.log.statemachine.data.sync.timeout.retry = -1 (default)
2019-11-15 20:29:52,480 [pool-193-thread-1] INFO  server.RaftServerConfigKeys (ConfUtils.java:logGet(43)) - raft.server.log.statemachine.data.caching.enabled = true (custom)
2019-11-15 20:29:52,481 [pool-193-thread-1] INFO  segmented.SegmentedRaftLogWorker (SegmentedRaftLogWorker.java:lambda$new$0(128)) - 3276412b-a8eb-4e99-a9e7-479baf35f503@group-11B973C7C2C8-SegmentedRaftLogWorker: flushIndex: setUnconditionally 0 -> -1
2019-11-15 20:29:52,481 [pool-193-thread-1] INFO  server.RaftServerConfigKeys (ConfUtils.java:logGet(43)) - raft.server.snapshot.auto.trigger.enabled = true (custom)
2019-11-15 20:29:52,481 [pool-193-thread-1] INFO  server.RaftServerConfigKeys (ConfUtils.java:logGet(43)) - raft.server.snapshot.auto.trigger.threshold = 10000 (custom)
2019-11-15 20:29:52,481 [pool-193-thread-1] INFO  server.RaftServerConfigKeys (ConfUtils.java:logGet(43)) - raft.server.snapshot.retention.file.num = 5 (custom)
2019-11-15 20:29:52,481 [pool-193-thread-1] INFO  server.RaftServerConfigKeys (ConfUtils.java:logGet(43)) - raft.server.retrycache.expirytime = 600000ms (custom)
2019-11-15 20:29:52,482 [pool-193-thread-1] WARN  impl.MetricRegistriesImpl (MetricRegistriesImpl.java:lambda$create$1(61)) - First MetricRegistry has been created without registering reporters. You may need to call MetricRegistries.global().addReportRegistration(...) before.
2019-11-15 20:29:52,482 [pool-193-thread-1] WARN  impl.MetricRegistriesImpl (MetricRegistriesImpl.java:lambda$create$1(61)) - First MetricRegistry has been created without registering reporters. You may need to call MetricRegistries.global().addReportRegistration(...) before.
2019-11-15 20:29:52,482 [pool-193-thread-1] INFO  impl.RaftServerImpl (RaftServerImpl.java:start(184)) - 3276412b-a8eb-4e99-a9e7-479baf35f503@group-11B973C7C2C8: start as a follower, conf=-1: [3276412b-a8eb-4e99-a9e7-479baf35f503:192.168.157.201:46486], old=null
2019-11-15 20:29:52,482 [pool-193-thread-1] INFO  impl.RaftServerImpl (RaftServerImpl.java:setRole(173)) - 3276412b-a8eb-4e99-a9e7-479baf35f503@group-11B973C7C2C8: changes role from      null to FOLLOWER at term 0 for startAsFollower
2019-11-15 20:29:52,482 [pool-193-thread-1] INFO  impl.RoleInfo (RoleInfo.java:updateAndGet(143)) - 3276412b-a8eb-4e99-a9e7-479baf35f503: start FollowerState
2019-11-15 20:29:52,483 [pool-193-thread-1] INFO  util.JmxRegister (JmxRegister.java:tryRegister(44)) - Successfully registered JMX Bean with object name Ratis:service=RaftServer,group=group-11B973C7C2C8,id=3276412b-a8eb-4e99-a9e7-479baf35f503
2019-11-15 20:29:52,483 [pool-193-thread-1] WARN  impl.MetricRegistriesImpl (MetricRegistriesImpl.java:lambda$create$1(61)) - First MetricRegistry has been created without registering reporters. You may need to call MetricRegistries.global().addReportRegistration(...) before.
2019-11-15 20:29:52,485 [RatisPipelineUtilsThread] INFO  pipeline.PipelineStateManager (PipelineStateManager.java:addPipeline(55)) - Created pipeline Pipeline[ Id: 7415b0d8-534b-4a1c-bddd-11b973c7c2c8, Nodes: 3276412b-a8eb-4e99-a9e7-479baf35f503{ip: 192.168.157.201, host: pr-hdds-2514-unusedmethodparam-9qkq7-1267773169, networkLocation: /default-rack, certSerialId: null}, Type:RATIS, Factor:ONE, State:ALLOCATED]
2019-11-15 20:29:52,493 [grpc-default-executor-3] INFO  impl.RaftServerProxy (RaftServerProxy.java:addNew(89)) - 0a519b4d-4b4e-4277-8a94-337d2dc88e84: addNew group-D7B38365AB4D:[8a1675e0-6aea-4c3b-8be7-5ae20a1ca49e:192.168.157.201:42325, 0a519b4d-4b4e-4277-8a94-337d2dc88e84:192.168.157.201:36611, 47ad85fd-142d-4fcb-95da-99123aa57c3f:192.168.157.201:35088] returns group-D7B38365AB4D:java.util.concurrent.CompletableFuture@3b5a123a[Not completed]
2019-11-15 20:29:52,493 [grpc-default-executor-6] INFO  impl.RaftServerProxy (RaftServerProxy.java:addNew(89)) - 8a1675e0-6aea-4c3b-8be7-5ae20a1ca49e: addNew group-D7B38365AB4D:[8a1675e0-6aea-4c3b-8be7-5ae20a1ca49e:192.168.157.201:42325, 0a519b4d-4b4e-4277-8a94-337d2dc88e84:192.168.157.201:36611, 47ad85fd-142d-4fcb-95da-99123aa57c3f:192.168.157.201:35088] returns group-D7B38365AB4D:java.util.concurrent.CompletableFuture@799d0742[Not completed]
2019-11-15 20:29:52,494 [grpc-default-executor-4] INFO  impl.RaftServerProxy (RaftServerProxy.java:addNew(89)) - 47ad85fd-142d-4fcb-95da-99123aa57c3f: addNew group-D7B38365AB4D:[8a1675e0-6aea-4c3b-8be7-5ae20a1ca49e:192.168.157.201:42325, 0a519b4d-4b4e-4277-8a94-337d2dc88e84:192.168.157.201:36611, 47ad85fd-142d-4fcb-95da-99123aa57c3f:192.168.157.201:35088] returns group-D7B38365AB4D:java.util.concurrent.CompletableFuture@5e2a1fe1[Not completed]
2019-11-15 20:29:52,495 [pool-183-thread-1] INFO  impl.RaftServerImpl (RaftServerImpl.java:<init>(98)) - 0a519b4d-4b4e-4277-8a94-337d2dc88e84: new RaftServerImpl for group-D7B38365AB4D:[8a1675e0-6aea-4c3b-8be7-5ae20a1ca49e:192.168.157.201:42325, 0a519b4d-4b4e-4277-8a94-337d2dc88e84:192.168.157.201:36611, 47ad85fd-142d-4fcb-95da-99123aa57c3f:192.168.157.201:35088] with ContainerStateMachine:uninitialized
2019-11-15 20:29:52,495 [pool-183-thread-1] INFO  server.RaftServerConfigKeys (ConfUtils.java:logGet(43)) - raft.server.rpc.timeout.min = 1s (custom)
2019-11-15 20:29:52,495 [pool-183-thread-1] INFO  server.RaftServerConfigKeys (ConfUtils.java:logGet(43)) - raft.server.rpc.timeout.max = 1200ms (custom)
2019-11-15 20:29:52,495 [pool-183-thread-1] INFO  server.RaftServerConfigKeys (ConfUtils.java:logGet(43)) - raft.server.rpcslowness.timeout = 120s (custom)
2019-11-15 20:29:52,495 [pool-183-thread-1] INFO  server.RaftServerConfigKeys (ConfUtils.java:logGet(43)) - raft.server.sleep.deviation.threshold = 300 (default)
2019-11-15 20:29:52,495 [pool-183-thread-1] INFO  server.RaftServerConfigKeys (ConfUtils.java:logGet(43)) - raft.server.log.appender.install.snapshot.enabled = false (custom)
2019-11-15 20:29:52,495 [pool-183-thread-1] INFO  impl.RaftServerImpl (ServerState.java:<init>(103)) - 0a519b4d-4b4e-4277-8a94-337d2dc88e84@group-D7B38365AB4D: ConfigurationManager, init=-1: [8a1675e0-6aea-4c3b-8be7-5ae20a1ca49e:192.168.157.201:42325, 0a519b4d-4b4e-4277-8a94-337d2dc88e84:192.168.157.201:36611, 47ad85fd-142d-4fcb-95da-99123aa57c3f:192.168.157.201:35088], old=null, confs=<EMPTY_MAP>
2019-11-15 20:29:52,496 [pool-183-thread-1] INFO  server.RaftServerConfigKeys (ConfUtils.java:logGet(43)) - raft.server.storage.dir = [/workdir/hadoop-ozone/integration-test/target/test-dir/MiniOzoneClusterImpl-383ae012-405b-46cc-a485-9d9df1ba09bf/datanode-3/data/ratis] (custom)
2019-11-15 20:29:52,496 [pool-183-thread-1] INFO  server.RaftServerConfigKeys (ConfUtils.java:logGet(43)) - raft.server.log.corruption.policy = EXCEPTION (default)
2019-11-15 20:29:52,496 [pool-163-thread-1] INFO  impl.RaftServerImpl (RaftServerImpl.java:<init>(98)) - 8a1675e0-6aea-4c3b-8be7-5ae20a1ca49e: new RaftServerImpl for group-D7B38365AB4D:[8a1675e0-6aea-4c3b-8be7-5ae20a1ca49e:192.168.157.201:42325, 0a519b4d-4b4e-4277-8a94-337d2dc88e84:192.168.157.201:36611, 47ad85fd-142d-4fcb-95da-99123aa57c3f:192.168.157.201:35088] with ContainerStateMachine:uninitialized
2019-11-15 20:29:52,496 [pool-183-thread-1] INFO  storage.RaftStorageDirectory (RaftStorageDirectory.java:analyzeStorage(246)) - The storage directory /workdir/hadoop-ozone/integration-test/target/test-dir/MiniOzoneClusterImpl-383ae012-405b-46cc-a485-9d9df1ba09bf/datanode-3/data/ratis/2c8f895b-0d99-4663-bf4a-d7b38365ab4d does not exist. Creating ...
2019-11-15 20:29:52,496 [pool-163-thread-1] INFO  server.RaftServerConfigKeys (ConfUtils.java:logGet(43)) - raft.server.rpc.timeout.min = 1s (custom)
2019-11-15 20:29:52,497 [pool-173-thread-1] INFO  impl.RaftServerImpl (RaftServerImpl.java:<init>(98)) - 47ad85fd-142d-4fcb-95da-99123aa57c3f: new RaftServerImpl for group-D7B38365AB4D:[8a1675e0-6aea-4c3b-8be7-5ae20a1ca49e:192.168.157.201:42325, 0a519b4d-4b4e-4277-8a94-337d2dc88e84:192.168.157.201:36611, 47ad85fd-142d-4fcb-95da-99123aa57c3f:192.168.157.201:35088] with ContainerStateMachine:uninitialized
2019-11-15 20:29:52,497 [pool-163-thread-1] INFO  server.RaftServerConfigKeys (ConfUtils.java:logGet(43)) - raft.server.rpc.timeout.max = 1200ms (custom)
2019-11-15 20:29:52,497 [pool-173-thread-1] INFO  server.RaftServerConfigKeys (ConfUtils.java:logGet(43)) - raft.server.rpc.timeout.min = 1s (custom)
2019-11-15 20:29:52,497 [pool-163-thread-1] INFO  server.RaftServerConfigKeys (ConfUtils.java:logGet(43)) - raft.server.rpcslowness.timeout = 120s (custom)
2019-11-15 20:29:52,497 [pool-173-thread-1] INFO  server.RaftServerConfigKeys (ConfUtils.java:logGet(43)) - raft.server.rpc.timeout.max = 1200ms (custom)
2019-11-15 20:29:52,497 [pool-163-thread-1] INFO  server.RaftServerConfigKeys (ConfUtils.java:logGet(43)) - raft.server.sleep.deviation.threshold = 300 (default)
2019-11-15 20:29:52,497 [pool-173-thread-1] INFO  server.RaftServerConfigKeys (ConfUtils.java:logGet(43)) - raft.server.rpcslowness.timeout = 120s (custom)
2019-11-15 20:29:52,498 [pool-163-thread-1] INFO  server.RaftServerConfigKeys (ConfUtils.java:logGet(43)) - raft.server.log.appender.install.snapshot.enabled = false (custom)
2019-11-15 20:29:52,498 [pool-173-thread-1] INFO  server.RaftServerConfigKeys (ConfUtils.java:logGet(43)) - raft.server.sleep.deviation.threshold = 300 (default)
2019-11-15 20:29:52,498 [pool-163-thread-1] INFO  impl.RaftServerImpl (ServerState.java:<init>(103)) - 8a1675e0-6aea-4c3b-8be7-5ae20a1ca49e@group-D7B38365AB4D: ConfigurationManager, init=-1: [8a1675e0-6aea-4c3b-8be7-5ae20a1ca49e:192.168.157.201:42325, 0a519b4d-4b4e-4277-8a94-337d2dc88e84:192.168.157.201:36611, 47ad85fd-142d-4fcb-95da-99123aa57c3f:192.168.157.201:35088], old=null, confs=<EMPTY_MAP>
2019-11-15 20:29:52,498 [pool-173-thread-1] INFO  server.RaftServerConfigKeys (ConfUtils.java:logGet(43)) - raft.server.log.appender.install.snapshot.enabled = false (custom)
2019-11-15 20:29:52,498 [pool-163-thread-1] INFO  server.RaftServerConfigKeys (ConfUtils.java:logGet(43)) - raft.server.storage.dir = [/workdir/hadoop-ozone/integration-test/target/test-dir/MiniOzoneClusterImpl-383ae012-405b-46cc-a485-9d9df1ba09bf/datanode-1/data/ratis] (custom)
2019-11-15 20:29:52,498 [pool-173-thread-1] INFO  impl.RaftServerImpl (ServerState.java:<init>(103)) - 47ad85fd-142d-4fcb-95da-99123aa57c3f@group-D7B38365AB4D: ConfigurationManager, init=-1: [8a1675e0-6aea-4c3b-8be7-5ae20a1ca49e:192.168.157.201:42325, 0a519b4d-4b4e-4277-8a94-337d2dc88e84:192.168.157.201:36611, 47ad85fd-142d-4fcb-95da-99123aa57c3f:192.168.157.201:35088], old=null, confs=<EMPTY_MAP>
2019-11-15 20:29:52,499 [pool-173-thread-1] INFO  server.RaftServerConfigKeys (ConfUtils.java:logGet(43)) - raft.server.storage.dir = [/workdir/hadoop-ozone/integration-test/target/test-dir/MiniOzoneClusterImpl-383ae012-405b-46cc-a485-9d9df1ba09bf/datanode-2/data/ratis] (custom)
2019-11-15 20:29:52,499 [pool-163-thread-1] INFO  server.RaftServerConfigKeys (ConfUtils.java:logGet(43)) - raft.server.log.corruption.policy = EXCEPTION (default)
2019-11-15 20:29:52,499 [pool-173-thread-1] INFO  server.RaftServerConfigKeys (ConfUtils.java:logGet(43)) - raft.server.log.corruption.policy = EXCEPTION (default)
2019-11-15 20:29:52,499 [pool-173-thread-1] INFO  storage.RaftStorageDirectory (RaftStorageDirectory.java:analyzeStorage(246)) - The storage directory /workdir/hadoop-ozone/integration-test/target/test-dir/MiniOzoneClusterImpl-383ae012-405b-46cc-a485-9d9df1ba09bf/datanode-2/data/ratis/2c8f895b-0d99-4663-bf4a-d7b38365ab4d does not exist. Creating ...
2019-11-15 20:29:52,499 [pool-163-thread-1] INFO  storage.RaftStorageDirectory (RaftStorageDirectory.java:analyzeStorage(246)) - The storage directory /workdir/hadoop-ozone/integration-test/target/test-dir/MiniOzoneClusterImpl-383ae012-405b-46cc-a485-9d9df1ba09bf/datanode-1/data/ratis/2c8f895b-0d99-4663-bf4a-d7b38365ab4d does not exist. Creating ...
2019-11-15 20:29:52,505 [IPC Server handler 5 on 36632] INFO  net.NetworkTopology (NetworkTopologyImpl.java:add(111)) - Added a new node: /default-rack/0aaa2776-51af-4c10-a5a9-2fdcde9d3167
2019-11-15 20:29:52,505 [IPC Server handler 5 on 36632] INFO  node.SCMNodeManager (SCMNodeManager.java:register(267)) - Registered Data node : 0aaa2776-51af-4c10-a5a9-2fdcde9d3167{ip: 192.168.157.201, host: pr-hdds-2514-unusedmethodparam-9qkq7-1267773169, networkLocation: /default-rack, certSerialId: null}
2019-11-15 20:29:52,520 [pool-173-thread-1] INFO  storage.RaftStorageDirectory (RaftStorageDirectory.java:tryLock(328)) - Lock on /workdir/hadoop-ozone/integration-test/target/test-dir/MiniOzoneClusterImpl-383ae012-405b-46cc-a485-9d9df1ba09bf/datanode-2/data/ratis/2c8f895b-0d99-4663-bf4a-d7b38365ab4d/in_use.lock acquired by nodename 20206@pr-hdds-2514-unusedmethodparam-9qkq7-1267773169
2019-11-15 20:29:52,520 [pool-163-thread-1] INFO  storage.RaftStorageDirectory (RaftStorageDirectory.java:tryLock(328)) - Lock on /workdir/hadoop-ozone/integration-test/target/test-dir/MiniOzoneClusterImpl-383ae012-405b-46cc-a485-9d9df1ba09bf/datanode-1/data/ratis/2c8f895b-0d99-4663-bf4a-d7b38365ab4d/in_use.lock acquired by nodename 20206@pr-hdds-2514-unusedmethodparam-9qkq7-1267773169
2019-11-15 20:29:52,520 [pool-183-thread-1] INFO  storage.RaftStorageDirectory (RaftStorageDirectory.java:tryLock(328)) - Lock on /workdir/hadoop-ozone/integration-test/target/test-dir/MiniOzoneClusterImpl-383ae012-405b-46cc-a485-9d9df1ba09bf/datanode-3/data/ratis/2c8f895b-0d99-4663-bf4a-d7b38365ab4d/in_use.lock acquired by nodename 20206@pr-hdds-2514-unusedmethodparam-9qkq7-1267773169
2019-11-15 20:29:52,546 [pool-163-thread-1] INFO  storage.RaftStorage (RaftStorage.java:format(84)) - Storage directory /workdir/hadoop-ozone/integration-test/target/test-dir/MiniOzoneClusterImpl-383ae012-405b-46cc-a485-9d9df1ba09bf/datanode-1/data/ratis/2c8f895b-0d99-4663-bf4a-d7b38365ab4d has been successfully formatted.
2019-11-15 20:29:52,546 [pool-173-thread-1] INFO  storage.RaftStorage (RaftStorage.java:format(84)) - Storage directory /workdir/hadoop-ozone/integration-test/target/test-dir/MiniOzoneClusterImpl-383ae012-405b-46cc-a485-9d9df1ba09bf/datanode-2/data/ratis/2c8f895b-0d99-4663-bf4a-d7b38365ab4d has been successfully formatted.
2019-11-15 20:29:52,546 [pool-183-thread-1] INFO  storage.RaftStorage (RaftStorage.java:format(84)) - Storage directory /workdir/hadoop-ozone/integration-test/target/test-dir/MiniOzoneClusterImpl-383ae012-405b-46cc-a485-9d9df1ba09bf/datanode-3/data/ratis/2c8f895b-0d99-4663-bf4a-d7b38365ab4d has been successfully formatted.
2019-11-15 20:29:52,546 [pool-173-thread-1] INFO  ratis.ContainerStateMachine (ContainerStateMachine.java:loadSnapshot(223)) - group-D7B38365AB4D: The snapshot info is null. Setting the last applied indexto:(t:0, i:~)
2019-11-15 20:29:52,546 [pool-163-thread-1] INFO  ratis.ContainerStateMachine (ContainerStateMachine.java:loadSnapshot(223)) - group-D7B38365AB4D: The snapshot info is null. Setting the last applied indexto:(t:0, i:~)
2019-11-15 20:29:52,546 [pool-173-thread-1] INFO  server.RaftServerConfigKeys (ConfUtils.java:logGet(43)) - raft.server.notification.no-leader.timeout = 120s (custom)
2019-11-15 20:29:52,546 [pool-183-thread-1] INFO  ratis.ContainerStateMachine (ContainerStateMachine.java:loadSnapshot(223)) - group-D7B38365AB4D: The snapshot info is null. Setting the last applied indexto:(t:0, i:~)
2019-11-15 20:29:52,546 [pool-173-thread-1] INFO  server.RaftServerConfigKeys (ConfUtils.java:logGet(43)) - raft.server.log.use.memory = false (default)
2019-11-15 20:29:52,546 [pool-163-thread-1] INFO  server.RaftServerConfigKeys (ConfUtils.java:logGet(43)) - raft.server.notification.no-leader.timeout = 120s (custom)
2019-11-15 20:29:52,547 [pool-173-thread-1] INFO  server.RaftServerConfigKeys (ConfUtils.java:logGet(43)) - raft.server.log.purge.gap = 1000000 (custom)
2019-11-15 20:29:52,546 [pool-183-thread-1] INFO  server.RaftServerConfigKeys (ConfUtils.java:logGet(43)) - raft.server.notification.no-leader.timeout = 120s (custom)
2019-11-15 20:29:52,547 [pool-173-thread-1] INFO  server.RaftServerConfigKeys (ConfUtils.java:logGet(43)) - raft.server.log.appender.buffer.byte-limit = 33554432 (custom)
2019-11-15 20:29:52,547 [pool-163-thread-1] INFO  server.RaftServerConfigKeys (ConfUtils.java:logGet(43)) - raft.server.log.use.memory = false (default)
2019-11-15 20:29:52,547 [pool-173-thread-1] INFO  server.RaftServerConfigKeys (ConfUtils.java:logGet(43)) - raft.server.log.segment.size.max = 1048576 (custom)
2019-11-15 20:29:52,547 [pool-183-thread-1] INFO  server.RaftServerConfigKeys (ConfUtils.java:logGet(43)) - raft.server.log.use.memory = false (default)
2019-11-15 20:29:52,547 [pool-173-thread-1] INFO  server.RaftServerConfigKeys (ConfUtils.java:logGet(43)) - raft.server.log.segment.cache.num.max = 2 (custom)
2019-11-15 20:29:52,547 [pool-163-thread-1] INFO  server.RaftServerConfigKeys (ConfUtils.java:logGet(43)) - raft.server.log.purge.gap = 1000000 (custom)
2019-11-15 20:29:52,548 [pool-173-thread-1] INFO  segmented.SegmentedRaftLogWorker (SegmentedRaftLogWorker.java:<init>(173)) - new 47ad85fd-142d-4fcb-95da-99123aa57c3f@group-D7B38365AB4D-SegmentedRaftLogWorker for RaftStorage:Storage Directory /workdir/hadoop-ozone/integration-test/target/test-dir/MiniOzoneClusterImpl-383ae012-405b-46cc-a485-9d9df1ba09bf/datanode-2/data/ratis/2c8f895b-0d99-4663-bf4a-d7b38365ab4d
2019-11-15 20:29:52,547 [pool-183-thread-1] INFO  server.RaftServerConfigKeys (ConfUtils.java:logGet(43)) - raft.server.log.purge.gap = 1000000 (custom)
2019-11-15 20:29:52,548 [pool-173-thread-1] INFO  server.RaftServerConfigKeys (ConfUtils.java:logGet(43)) - raft.server.log.queue.byte-limit = 2147483647 (custom)
2019-11-15 20:29:52,548 [pool-163-thread-1] INFO  server.RaftServerConfigKeys (ConfUtils.java:logGet(43)) - raft.server.log.appender.buffer.byte-limit = 33554432 (custom)
2019-11-15 20:29:52,548 [pool-173-thread-1] INFO  server.RaftServerConfigKeys (ConfUtils.java:logGet(43)) - raft.server.log.queue.element-limit = 1024 (custom)
2019-11-15 20:29:52,548 [pool-183-thread-1] INFO  server.RaftServerConfigKeys (ConfUtils.java:logGet(43)) - raft.server.log.appender.buffer.byte-limit = 33554432 (custom)
2019-11-15 20:29:52,548 [pool-173-thread-1] INFO  server.RaftServerConfigKeys (ConfUtils.java:logGet(43)) - raft.server.log.segment.size.max = 1048576 (custom)
2019-11-15 20:29:52,548 [pool-173-thread-1] INFO  server.RaftServerConfigKeys (ConfUtils.java:logGet(43)) - raft.server.log.preallocated.size = 16384 (custom)
2019-11-15 20:29:52,548 [pool-163-thread-1] INFO  server.RaftServerConfigKeys (ConfUtils.java:logGet(43)) - raft.server.log.segment.size.max = 1048576 (custom)
2019-11-15 20:29:52,549 [pool-173-thread-1] INFO  server.RaftServerConfigKeys (ConfUtils.java:logGet(43)) - raft.server.log.write.buffer.size = 33554432 (custom)
2019-11-15 20:29:52,548 [pool-183-thread-1] INFO  server.RaftServerConfigKeys (ConfUtils.java:logGet(43)) - raft.server.log.segment.size.max = 1048576 (custom)
2019-11-15 20:29:52,549 [pool-173-thread-1] INFO  server.RaftServerConfigKeys (ConfUtils.java:logGet(43)) - raft.server.log.force.sync.num = 128 (default)
2019-11-15 20:29:52,549 [pool-163-thread-1] INFO  server.RaftServerConfigKeys (ConfUtils.java:logGet(43)) - raft.server.log.segment.cache.num.max = 2 (custom)
2019-11-15 20:29:52,549 [pool-173-thread-1] INFO  server.RaftServerConfigKeys (ConfUtils.java:logGet(43)) - raft.server.log.statemachine.data.sync = true (default)
2019-11-15 20:29:52,549 [pool-183-thread-1] INFO  server.RaftServerConfigKeys (ConfUtils.java:logGet(43)) - raft.server.log.segment.cache.num.max = 2 (custom)
2019-11-15 20:29:52,549 [pool-173-thread-1] INFO  server.RaftServerConfigKeys (ConfUtils.java:logGet(43)) - raft.server.log.statemachine.data.sync.timeout = 10s (default)
2019-11-15 20:29:52,549 [pool-163-thread-1] INFO  segmented.SegmentedRaftLogWorker (SegmentedRaftLogWorker.java:<init>(173)) - new 8a1675e0-6aea-4c3b-8be7-5ae20a1ca49e@group-D7B38365AB4D-SegmentedRaftLogWorker for RaftStorage:Storage Directory /workdir/hadoop-ozone/integration-test/target/test-dir/MiniOzoneClusterImpl-383ae012-405b-46cc-a485-9d9df1ba09bf/datanode-1/data/ratis/2c8f895b-0d99-4663-bf4a-d7b38365ab4d
2019-11-15 20:29:52,549 [pool-173-thread-1] INFO  server.RaftServerConfigKeys (ConfUtils.java:logGet(43)) - raft.server.log.statemachine.data.sync.timeout.retry = -1 (default)
2019-11-15 20:29:52,549 [pool-183-thread-1] INFO  segmented.SegmentedRaftLogWorker (SegmentedRaftLogWorker.java:<init>(173)) - new 0a519b4d-4b4e-4277-8a94-337d2dc88e84@group-D7B38365AB4D-SegmentedRaftLogWorker for RaftStorage:Storage Directory /workdir/hadoop-ozone/integration-test/target/test-dir/MiniOzoneClusterImpl-383ae012-405b-46cc-a485-9d9df1ba09bf/datanode-3/data/ratis/2c8f895b-0d99-4663-bf4a-d7b38365ab4d
2019-11-15 20:29:52,550 [pool-173-thread-1] INFO  server.RaftServerConfigKeys (ConfUtils.java:logGet(43)) - raft.server.log.statemachine.data.caching.enabled = true (custom)
2019-11-15 20:29:52,550 [pool-163-thread-1] INFO  server.RaftServerConfigKeys (ConfUtils.java:logGet(43)) - raft.server.log.queue.byte-limit = 2147483647 (custom)
2019-11-15 20:29:52,550 [pool-183-thread-1] INFO  server.RaftServerConfigKeys (ConfUtils.java:logGet(43)) - raft.server.log.queue.byte-limit = 2147483647 (custom)
2019-11-15 20:29:52,550 [pool-173-thread-1] INFO  segmented.SegmentedRaftLogWorker (SegmentedRaftLogWorker.java:lambda$new$0(128)) - 47ad85fd-142d-4fcb-95da-99123aa57c3f@group-D7B38365AB4D-SegmentedRaftLogWorker: flushIndex: setUnconditionally 0 -> -1
2019-11-15 20:29:52,550 [pool-163-thread-1] INFO  server.RaftServerConfigKeys (ConfUtils.java:logGet(43)) - raft.server.log.queue.element-limit = 1024 (custom)
2019-11-15 20:29:52,550 [pool-183-thread-1] INFO  server.RaftServerConfigKeys (ConfUtils.java:logGet(43)) - raft.server.log.queue.element-limit = 1024 (custom)
2019-11-15 20:29:52,550 [pool-173-thread-1] INFO  server.RaftServerConfigKeys (ConfUtils.java:logGet(43)) - raft.server.snapshot.auto.trigger.enabled = true (custom)
2019-11-15 20:29:52,551 [pool-183-thread-1] INFO  server.RaftServerConfigKeys (ConfUtils.java:logGet(43)) - raft.server.log.segment.size.max = 1048576 (custom)
2019-11-15 20:29:52,550 [pool-163-thread-1] INFO  server.RaftServerConfigKeys (ConfUtils.java:logGet(43)) - raft.server.log.segment.size.max = 1048576 (custom)
2019-11-15 20:29:52,551 [pool-183-thread-1] INFO  server.RaftServerConfigKeys (ConfUtils.java:logGet(43)) - raft.server.log.preallocated.size = 16384 (custom)
2019-11-15 20:29:52,551 [pool-173-thread-1] INFO  server.RaftServerConfigKeys (ConfUtils.java:logGet(43)) - raft.server.snapshot.auto.trigger.threshold = 10000 (custom)
2019-11-15 20:29:52,551 [pool-183-thread-1] INFO  server.RaftServerConfigKeys (ConfUtils.java:logGet(43)) - raft.server.log.write.buffer.size = 33554432 (custom)
2019-11-15 20:29:52,551 [pool-163-thread-1] INFO  server.RaftServerConfigKeys (ConfUtils.java:logGet(43)) - raft.server.log.preallocated.size = 16384 (custom)
2019-11-15 20:29:52,551 [pool-183-thread-1] INFO  server.RaftServerConfigKeys (ConfUtils.java:logGet(43)) - raft.server.log.force.sync.num = 128 (default)
2019-11-15 20:29:52,551 [pool-173-thread-1] INFO  server.RaftServerConfigKeys (ConfUtils.java:logGet(43)) - raft.server.snapshot.retention.file.num = 5 (custom)
2019-11-15 20:29:52,551 [pool-183-thread-1] INFO  server.RaftServerConfigKeys (ConfUtils.java:logGet(43)) - raft.server.log.statemachine.data.sync = true (default)
2019-11-15 20:29:52,551 [pool-163-thread-1] INFO  server.RaftServerConfigKeys (ConfUtils.java:logGet(43)) - raft.server.log.write.buffer.size = 33554432 (custom)
2019-11-15 20:29:52,552 [pool-183-thread-1] INFO  server.RaftServerConfigKeys (ConfUtils.java:logGet(43)) - raft.server.log.statemachine.data.sync.timeout = 10s (default)
2019-11-15 20:29:52,552 [pool-173-thread-1] INFO  server.RaftServerConfigKeys (ConfUtils.java:logGet(43)) - raft.server.retrycache.expirytime = 600000ms (custom)
2019-11-15 20:29:52,552 [pool-183-thread-1] INFO  server.RaftServerConfigKeys (ConfUtils.java:logGet(43)) - raft.server.log.statemachine.data.sync.timeout.retry = -1 (default)
2019-11-15 20:29:52,552 [pool-163-thread-1] INFO  server.RaftServerConfigKeys (ConfUtils.java:logGet(43)) - raft.server.log.force.sync.num = 128 (default)
2019-11-15 20:29:52,552 [pool-183-thread-1] INFO  server.RaftServerConfigKeys (ConfUtils.java:logGet(43)) - raft.server.log.statemachine.data.caching.enabled = true (custom)
2019-11-15 20:29:52,552 [pool-173-thread-1] WARN  impl.MetricRegistriesImpl (MetricRegistriesImpl.java:lambda$create$1(61)) - First MetricRegistry has been created without registering reporters. You may need to call MetricRegistries.global().addReportRegistration(...) before.
2019-11-15 20:29:52,552 [pool-163-thread-1] INFO  server.RaftServerConfigKeys (ConfUtils.java:logGet(43)) - raft.server.log.statemachine.data.sync = true (default)
2019-11-15 20:29:52,553 [pool-183-thread-1] INFO  segmented.SegmentedRaftLogWorker (SegmentedRaftLogWorker.java:lambda$new$0(128)) - 0a519b4d-4b4e-4277-8a94-337d2dc88e84@group-D7B38365AB4D-SegmentedRaftLogWorker: flushIndex: setUnconditionally 0 -> -1
2019-11-15 20:29:52,553 [pool-173-thread-1] WARN  impl.MetricRegistriesImpl (MetricRegistriesImpl.java:lambda$create$1(61)) - First MetricRegistry has been created without registering reporters. You may need to call MetricRegistries.global().addReportRegistration(...) before.
2019-11-15 20:29:52,553 [pool-163-thread-1] INFO  server.RaftServerConfigKeys (ConfUtils.java:logGet(43)) - raft.server.log.statemachine.data.sync.timeout = 10s (default)
2019-11-15 20:29:52,553 [pool-173-thread-1] INFO  impl.RaftServerImpl (RaftServerImpl.java:start(184)) - 47ad85fd-142d-4fcb-95da-99123aa57c3f@group-D7B38365AB4D: start as a follower, conf=-1: [8a1675e0-6aea-4c3b-8be7-5ae20a1ca49e:192.168.157.201:42325, 0a519b4d-4b4e-4277-8a94-337d2dc88e84:192.168.157.201:36611, 47ad85fd-142d-4fcb-95da-99123aa57c3f:192.168.157.201:35088], old=null
2019-11-15 20:29:52,553 [pool-183-thread-1] INFO  server.RaftServerConfigKeys (ConfUtils.java:logGet(43)) - raft.server.snapshot.auto.trigger.enabled = true (custom)
2019-11-15 20:29:52,553 [pool-173-thread-1] INFO  impl.RaftServerImpl (RaftServerImpl.java:setRole(173)) - 47ad85fd-142d-4fcb-95da-99123aa57c3f@group-D7B38365AB4D: changes role from      null to FOLLOWER at term 0 for startAsFollower
2019-11-15 20:29:52,553 [pool-163-thread-1] INFO  server.RaftServerConfigKeys (ConfUtils.java:logGet(43)) - raft.server.log.statemachine.data.sync.timeout.retry = -1 (default)
2019-11-15 20:29:52,554 [pool-173-thread-1] INFO  impl.RoleInfo (RoleInfo.java:updateAndGet(143)) - 47ad85fd-142d-4fcb-95da-99123aa57c3f: start FollowerState
2019-11-15 20:29:52,553 [pool-183-thread-1] INFO  server.RaftServerConfigKeys (ConfUtils.java:logGet(43)) - raft.server.snapshot.auto.trigger.threshold = 10000 (custom)
2019-11-15 20:29:52,554 [pool-163-thread-1] INFO  server.RaftServerConfigKeys (ConfUtils.java:logGet(43)) - raft.server.log.statemachine.data.caching.enabled = true (custom)
2019-11-15 20:29:52,554 [pool-183-thread-1] INFO  server.RaftServerConfigKeys (ConfUtils.java:logGet(43)) - raft.server.snapshot.retention.file.num = 5 (custom)
2019-11-15 20:29:52,554 [pool-173-thread-1] INFO  util.JmxRegister (JmxRegister.java:tryRegister(44)) - Successfully registered JMX Bean with object name Ratis:service=RaftServer,group=group-D7B38365AB4D,id=47ad85fd-142d-4fcb-95da-99123aa57c3f
2019-11-15 20:29:52,554 [pool-183-thread-1] INFO  server.RaftServerConfigKeys (ConfUtils.java:logGet(43)) - raft.server.retrycache.expirytime = 600000ms (custom)
2019-11-15 20:29:52,554 [pool-163-thread-1] INFO  segmented.SegmentedRaftLogWorker (SegmentedRaftLogWorker.java:lambda$new$0(128)) - 8a1675e0-6aea-4c3b-8be7-5ae20a1ca49e@group-D7B38365AB4D-SegmentedRaftLogWorker: flushIndex: setUnconditionally 0 -> -1
2019-11-15 20:29:52,554 [pool-183-thread-1] WARN  impl.MetricRegistriesImpl (MetricRegistriesImpl.java:lambda$create$1(61)) - First MetricRegistry has been created without registering reporters. You may need to call MetricRegistries.global().addReportRegistration(...) before.
2019-11-15 20:29:52,554 [pool-173-thread-1] WARN  impl.MetricRegistriesImpl (MetricRegistriesImpl.java:lambda$create$1(61)) - First MetricRegistry has been created without registering reporters. You may need to call MetricRegistries.global().addReportRegistration(...) before.
2019-11-15 20:29:52,555 [pool-183-thread-1] WARN  impl.MetricRegistriesImpl (MetricRegistriesImpl.java:lambda$create$1(61)) - First MetricRegistry has been created without registering reporters. You may need to call MetricRegistries.global().addReportRegistration(...) before.
2019-11-15 20:29:52,555 [pool-163-thread-1] INFO  server.RaftServerConfigKeys (ConfUtils.java:logGet(43)) - raft.server.snapshot.auto.trigger.enabled = true (custom)
2019-11-15 20:29:52,555 [pool-163-thread-1] INFO  server.RaftServerConfigKeys (ConfUtils.java:logGet(43)) - raft.server.snapshot.auto.trigger.threshold = 10000 (custom)
2019-11-15 20:29:52,555 [pool-183-thread-1] INFO  impl.RaftServerImpl (RaftServerImpl.java:start(184)) - 0a519b4d-4b4e-4277-8a94-337d2dc88e84@group-D7B38365AB4D: start as a follower, conf=-1: [8a1675e0-6aea-4c3b-8be7-5ae20a1ca49e:192.168.157.201:42325, 0a519b4d-4b4e-4277-8a94-337d2dc88e84:192.168.157.201:36611, 47ad85fd-142d-4fcb-95da-99123aa57c3f:192.168.157.201:35088], old=null
2019-11-15 20:29:52,555 [pool-163-thread-1] INFO  server.RaftServerConfigKeys (ConfUtils.java:logGet(43)) - raft.server.snapshot.retention.file.num = 5 (custom)
2019-11-15 20:29:52,555 [pool-183-thread-1] INFO  impl.RaftServerImpl (RaftServerImpl.java:setRole(173)) - 0a519b4d-4b4e-4277-8a94-337d2dc88e84@group-D7B38365AB4D: changes role from      null to FOLLOWER at term 0 for startAsFollower
2019-11-15 20:29:52,555 [pool-163-thread-1] INFO  server.RaftServerConfigKeys (ConfUtils.java:logGet(43)) - raft.server.retrycache.expirytime = 600000ms (custom)
2019-11-15 20:29:52,555 [pool-183-thread-1] INFO  impl.RoleInfo (RoleInfo.java:updateAndGet(143)) - 0a519b4d-4b4e-4277-8a94-337d2dc88e84: start FollowerState
2019-11-15 20:29:52,555 [pool-163-thread-1] WARN  impl.MetricRegistriesImpl (MetricRegistriesImpl.java:lambda$create$1(61)) - First MetricRegistry has been created without registering reporters. You may need to call MetricRegistries.global().addReportRegistration(...) before.
2019-11-15 20:29:52,556 [pool-163-thread-1] WARN  impl.MetricRegistriesImpl (MetricRegistriesImpl.java:lambda$create$1(61)) - First MetricRegistry has been created without registering reporters. You may need to call MetricRegistries.global().addReportRegistration(...) before.
2019-11-15 20:29:52,556 [pool-163-thread-1] INFO  impl.RaftServerImpl (RaftServerImpl.java:start(184)) - 8a1675e0-6aea-4c3b-8be7-5ae20a1ca49e@group-D7B38365AB4D: start as a follower, conf=-1: [8a1675e0-6aea-4c3b-8be7-5ae20a1ca49e:192.168.157.201:42325, 0a519b4d-4b4e-4277-8a94-337d2dc88e84:192.168.157.201:36611, 47ad85fd-142d-4fcb-95da-99123aa57c3f:192.168.157.201:35088], old=null
2019-11-15 20:29:52,556 [pool-183-thread-1] INFO  util.JmxRegister (JmxRegister.java:tryRegister(44)) - Successfully registered JMX Bean with object name Ratis:service=RaftServer,group=group-D7B38365AB4D,id=0a519b4d-4b4e-4277-8a94-337d2dc88e84
2019-11-15 20:29:52,556 [pool-163-thread-1] INFO  impl.RaftServerImpl (RaftServerImpl.java:setRole(173)) - 8a1675e0-6aea-4c3b-8be7-5ae20a1ca49e@group-D7B38365AB4D: changes role from      null to FOLLOWER at term 0 for startAsFollower
2019-11-15 20:29:52,556 [pool-183-thread-1] WARN  impl.MetricRegistriesImpl (MetricRegistriesImpl.java:lambda$create$1(61)) - First MetricRegistry has been created without registering reporters. You may need to call MetricRegistries.global().addReportRegistration(...) before.
2019-11-15 20:29:52,556 [pool-163-thread-1] INFO  impl.RoleInfo (RoleInfo.java:updateAndGet(143)) - 8a1675e0-6aea-4c3b-8be7-5ae20a1ca49e: start FollowerState
2019-11-15 20:29:52,557 [pool-163-thread-1] INFO  util.JmxRegister (JmxRegister.java:tryRegister(44)) - Successfully registered JMX Bean with object name Ratis:service=RaftServer,group=group-D7B38365AB4D,id=8a1675e0-6aea-4c3b-8be7-5ae20a1ca49e
2019-11-15 20:29:52,557 [pool-163-thread-1] WARN  impl.MetricRegistriesImpl (MetricRegistriesImpl.java:lambda$create$1(61)) - First MetricRegistry has been created without registering reporters. You may need to call MetricRegistries.global().addReportRegistration(...) before.
2019-11-15 20:29:52,560 [RatisPipelineUtilsThread] INFO  pipeline.PipelineStateManager (PipelineStateManager.java:addPipeline(55)) - Created pipeline Pipeline[ Id: 2c8f895b-0d99-4663-bf4a-d7b38365ab4d, Nodes: 8a1675e0-6aea-4c3b-8be7-5ae20a1ca49e{ip: 192.168.157.201, host: pr-hdds-2514-unusedmethodparam-9qkq7-1267773169, networkLocation: /default-rack, certSerialId: null}0a519b4d-4b4e-4277-8a94-337d2dc88e84{ip: 192.168.157.201, host: pr-hdds-2514-unusedmethodparam-9qkq7-1267773169, networkLocation: /default-rack, certSerialId: null}47ad85fd-142d-4fcb-95da-99123aa57c3f{ip: 192.168.157.201, host: pr-hdds-2514-unusedmethodparam-9qkq7-1267773169, networkLocation: /default-rack, certSerialId: null}, Type:RATIS, Factor:THREE, State:ALLOCATED]
2019-11-15 20:29:52,569 [grpc-default-executor-4] INFO  impl.RaftServerProxy (RaftServerProxy.java:addNew(89)) - 9cc1e37a-4716-4cf9-9175-b0181c43ba93: addNew group-2486971252FF:[3276412b-a8eb-4e99-a9e7-479baf35f503:192.168.157.201:46486, 0aaa2776-51af-4c10-a5a9-2fdcde9d3167:192.168.157.201:44120, 9cc1e37a-4716-4cf9-9175-b0181c43ba93:192.168.157.201:43898] returns group-2486971252FF:java.util.concurrent.CompletableFuture@120e6ed3[Not completed]
2019-11-15 20:29:52,570 [grpc-default-executor-6] INFO  impl.RaftServerProxy (RaftServerProxy.java:addNew(89)) - 0aaa2776-51af-4c10-a5a9-2fdcde9d3167: addNew group-2486971252FF:[3276412b-a8eb-4e99-a9e7-479baf35f503:192.168.157.201:46486, 0aaa2776-51af-4c10-a5a9-2fdcde9d3167:192.168.157.201:44120, 9cc1e37a-4716-4cf9-9175-b0181c43ba93:192.168.157.201:43898] returns group-2486971252FF:java.util.concurrent.CompletableFuture@6bcb6ca9[Not completed]
2019-11-15 20:29:52,569 [grpc-default-executor-3] INFO  impl.RaftServerProxy (RaftServerProxy.java:addNew(89)) - 3276412b-a8eb-4e99-a9e7-479baf35f503: addNew group-2486971252FF:[3276412b-a8eb-4e99-a9e7-479baf35f503:192.168.157.201:46486, 0aaa2776-51af-4c10-a5a9-2fdcde9d3167:192.168.157.201:44120, 9cc1e37a-4716-4cf9-9175-b0181c43ba93:192.168.157.201:43898] returns group-2486971252FF:java.util.concurrent.CompletableFuture@367ee986[Not completed]
2019-11-15 20:29:52,573 [pool-193-thread-1] INFO  impl.RaftServerImpl (RaftServerImpl.java:<init>(98)) - 3276412b-a8eb-4e99-a9e7-479baf35f503: new RaftServerImpl for group-2486971252FF:[3276412b-a8eb-4e99-a9e7-479baf35f503:192.168.157.201:46486, 0aaa2776-51af-4c10-a5a9-2fdcde9d3167:192.168.157.201:44120, 9cc1e37a-4716-4cf9-9175-b0181c43ba93:192.168.157.201:43898] with ContainerStateMachine:uninitialized
2019-11-15 20:29:52,573 [pool-193-thread-1] INFO  server.RaftServerConfigKeys (ConfUtils.java:logGet(43)) - raft.server.rpc.timeout.min = 1s (custom)
2019-11-15 20:29:52,573 [pool-193-thread-1] INFO  server.RaftServerConfigKeys (ConfUtils.java:logGet(43)) - raft.server.rpc.timeout.max = 1200ms (custom)
2019-11-15 20:29:52,573 [pool-193-thread-1] INFO  server.RaftServerConfigKeys (ConfUtils.java:logGet(43)) - raft.server.rpcslowness.timeout = 120s (custom)
2019-11-15 20:29:52,573 [pool-193-thread-1] INFO  server.RaftServerConfigKeys (ConfUtils.java:logGet(43)) - raft.server.sleep.deviation.threshold = 300 (default)
2019-11-15 20:29:52,573 [pool-193-thread-1] INFO  server.RaftServerConfigKeys (ConfUtils.java:logGet(43)) - raft.server.log.appender.install.snapshot.enabled = false (custom)
2019-11-15 20:29:52,574 [pool-153-thread-1] INFO  impl.RaftServerImpl (RaftServerImpl.java:<init>(98)) - 9cc1e37a-4716-4cf9-9175-b0181c43ba93: new RaftServerImpl for group-2486971252FF:[3276412b-a8eb-4e99-a9e7-479baf35f503:192.168.157.201:46486, 0aaa2776-51af-4c10-a5a9-2fdcde9d3167:192.168.157.201:44120, 9cc1e37a-4716-4cf9-9175-b0181c43ba93:192.168.157.201:43898] with ContainerStateMachine:uninitialized
2019-11-15 20:29:52,574 [pool-193-thread-1] INFO  impl.RaftServerImpl (ServerState.java:<init>(103)) - 3276412b-a8eb-4e99-a9e7-479baf35f503@group-2486971252FF: ConfigurationManager, init=-1: [3276412b-a8eb-4e99-a9e7-479baf35f503:192.168.157.201:46486, 0aaa2776-51af-4c10-a5a9-2fdcde9d3167:192.168.157.201:44120, 9cc1e37a-4716-4cf9-9175-b0181c43ba93:192.168.157.201:43898], old=null, confs=<EMPTY_MAP>
2019-11-15 20:29:52,574 [pool-153-thread-1] INFO  server.RaftServerConfigKeys (ConfUtils.java:logGet(43)) - raft.server.rpc.timeout.min = 1s (custom)
2019-11-15 20:29:52,574 [pool-193-thread-1] INFO  server.RaftServerConfigKeys (ConfUtils.java:logGet(43)) - raft.server.storage.dir = [/workdir/hadoop-ozone/integration-test/target/test-dir/MiniOzoneClusterImpl-383ae012-405b-46cc-a485-9d9df1ba09bf/datanode-4/data/ratis] (custom)
2019-11-15 20:29:52,574 [pool-153-thread-1] INFO  server.RaftServerConfigKeys (ConfUtils.java:logGet(43)) - raft.server.rpc.timeout.max = 1200ms (custom)
2019-11-15 20:29:52,574 [pool-153-thread-1] INFO  server.RaftServerConfigKeys (ConfUtils.java:logGet(43)) - raft.server.rpcslowness.timeout = 120s (custom)
2019-11-15 20:29:52,574 [pool-193-thread-1] INFO  server.RaftServerConfigKeys (ConfUtils.java:logGet(43)) - raft.server.log.corruption.policy = EXCEPTION (default)
2019-11-15 20:29:52,574 [pool-153-thread-1] INFO  server.RaftServerConfigKeys (ConfUtils.java:logGet(43)) - raft.server.sleep.deviation.threshold = 300 (default)
2019-11-15 20:29:52,575 [pool-153-thread-1] INFO  server.RaftServerConfigKeys (ConfUtils.java:logGet(43)) - raft.server.log.appender.install.snapshot.enabled = false (custom)
2019-11-15 20:29:52,575 [pool-193-thread-1] INFO  storage.RaftStorageDirectory (RaftStorageDirectory.java:analyzeStorage(246)) - The storage directory /workdir/hadoop-ozone/integration-test/target/test-dir/MiniOzoneClusterImpl-383ae012-405b-46cc-a485-9d9df1ba09bf/datanode-4/data/ratis/6b5f03ce-a1aa-42bc-a791-2486971252ff does not exist. Creating ...
2019-11-15 20:29:52,575 [pool-153-thread-1] INFO  impl.RaftServerImpl (ServerState.java:<init>(103)) - 9cc1e37a-4716-4cf9-9175-b0181c43ba93@group-2486971252FF: ConfigurationManager, init=-1: [3276412b-a8eb-4e99-a9e7-479baf35f503:192.168.157.201:46486, 0aaa2776-51af-4c10-a5a9-2fdcde9d3167:192.168.157.201:44120, 9cc1e37a-4716-4cf9-9175-b0181c43ba93:192.168.157.201:43898], old=null, confs=<EMPTY_MAP>
2019-11-15 20:29:52,575 [pool-203-thread-1] INFO  impl.RaftServerImpl (RaftServerImpl.java:<init>(98)) - 0aaa2776-51af-4c10-a5a9-2fdcde9d3167: new RaftServerImpl for group-2486971252FF:[3276412b-a8eb-4e99-a9e7-479baf35f503:192.168.157.201:46486, 0aaa2776-51af-4c10-a5a9-2fdcde9d3167:192.168.157.201:44120, 9cc1e37a-4716-4cf9-9175-b0181c43ba93:192.168.157.201:43898] with ContainerStateMachine:uninitialized
2019-11-15 20:29:52,575 [pool-153-thread-1] INFO  server.RaftServerConfigKeys (ConfUtils.java:logGet(43)) - raft.server.storage.dir = [/workdir/hadoop-ozone/integration-test/target/test-dir/MiniOzoneClusterImpl-383ae012-405b-46cc-a485-9d9df1ba09bf/datanode-0/data/ratis] (custom)
2019-11-15 20:29:52,575 [pool-203-thread-1] INFO  server.RaftServerConfigKeys (ConfUtils.java:logGet(43)) - raft.server.rpc.timeout.min = 1s (custom)
2019-11-15 20:29:52,576 [pool-203-thread-1] INFO  server.RaftServerConfigKeys (ConfUtils.java:logGet(43)) - raft.server.rpc.timeout.max = 1200ms (custom)
2019-11-15 20:29:52,576 [pool-153-thread-1] INFO  server.RaftServerConfigKeys (ConfUtils.java:logGet(43)) - raft.server.log.corruption.policy = EXCEPTION (default)
2019-11-15 20:29:52,576 [pool-203-thread-1] INFO  server.RaftServerConfigKeys (ConfUtils.java:logGet(43)) - raft.server.rpcslowness.timeout = 120s (custom)
2019-11-15 20:29:52,576 [pool-153-thread-1] INFO  storage.RaftStorageDirectory (RaftStorageDirectory.java:analyzeStorage(246)) - The storage directory /workdir/hadoop-ozone/integration-test/target/test-dir/MiniOzoneClusterImpl-383ae012-405b-46cc-a485-9d9df1ba09bf/datanode-0/data/ratis/6b5f03ce-a1aa-42bc-a791-2486971252ff does not exist. Creating ...
2019-11-15 20:29:52,576 [pool-203-thread-1] INFO  server.RaftServerConfigKeys (ConfUtils.java:logGet(43)) - raft.server.sleep.deviation.threshold = 300 (default)
2019-11-15 20:29:52,576 [pool-203-thread-1] INFO  server.RaftServerConfigKeys (ConfUtils.java:logGet(43)) - raft.server.log.appender.install.snapshot.enabled = false (custom)
2019-11-15 20:29:52,576 [pool-203-thread-1] INFO  impl.RaftServerImpl (ServerState.java:<init>(103)) - 0aaa2776-51af-4c10-a5a9-2fdcde9d3167@group-2486971252FF: ConfigurationManager, init=-1: [3276412b-a8eb-4e99-a9e7-479baf35f503:192.168.157.201:46486, 0aaa2776-51af-4c10-a5a9-2fdcde9d3167:192.168.157.201:44120, 9cc1e37a-4716-4cf9-9175-b0181c43ba93:192.168.157.201:43898], old=null, confs=<EMPTY_MAP>
2019-11-15 20:29:52,576 [pool-203-thread-1] INFO  server.RaftServerConfigKeys (ConfUtils.java:logGet(43)) - raft.server.storage.dir = [/workdir/hadoop-ozone/integration-test/target/test-dir/MiniOzoneClusterImpl-383ae012-405b-46cc-a485-9d9df1ba09bf/datanode-5/data/ratis] (custom)
2019-11-15 20:29:52,577 [pool-203-thread-1] INFO  server.RaftServerConfigKeys (ConfUtils.java:logGet(43)) - raft.server.log.corruption.policy = EXCEPTION (default)
2019-11-15 20:29:52,577 [pool-203-thread-1] INFO  storage.RaftStorageDirectory (RaftStorageDirectory.java:analyzeStorage(246)) - The storage directory /workdir/hadoop-ozone/integration-test/target/test-dir/MiniOzoneClusterImpl-383ae012-405b-46cc-a485-9d9df1ba09bf/datanode-5/data/ratis/6b5f03ce-a1aa-42bc-a791-2486971252ff does not exist. Creating ...
2019-11-15 20:29:52,605 [pool-153-thread-1] INFO  storage.RaftStorageDirectory (RaftStorageDirectory.java:tryLock(328)) - Lock on /workdir/hadoop-ozone/integration-test/target/test-dir/MiniOzoneClusterImpl-383ae012-405b-46cc-a485-9d9df1ba09bf/datanode-0/data/ratis/6b5f03ce-a1aa-42bc-a791-2486971252ff/in_use.lock acquired by nodename 20206@pr-hdds-2514-unusedmethodparam-9qkq7-1267773169
2019-11-15 20:29:52,605 [pool-193-thread-1] INFO  storage.RaftStorageDirectory (RaftStorageDirectory.java:tryLock(328)) - Lock on /workdir/hadoop-ozone/integration-test/target/test-dir/MiniOzoneClusterImpl-383ae012-405b-46cc-a485-9d9df1ba09bf/datanode-4/data/ratis/6b5f03ce-a1aa-42bc-a791-2486971252ff/in_use.lock acquired by nodename 20206@pr-hdds-2514-unusedmethodparam-9qkq7-1267773169
2019-11-15 20:29:52,605 [pool-203-thread-1] INFO  storage.RaftStorageDirectory (RaftStorageDirectory.java:tryLock(328)) - Lock on /workdir/hadoop-ozone/integration-test/target/test-dir/MiniOzoneClusterImpl-383ae012-405b-46cc-a485-9d9df1ba09bf/datanode-5/data/ratis/6b5f03ce-a1aa-42bc-a791-2486971252ff/in_use.lock acquired by nodename 20206@pr-hdds-2514-unusedmethodparam-9qkq7-1267773169
2019-11-15 20:29:52,631 [pool-203-thread-1] INFO  storage.RaftStorage (RaftStorage.java:format(84)) - Storage directory /workdir/hadoop-ozone/integration-test/target/test-dir/MiniOzoneClusterImpl-383ae012-405b-46cc-a485-9d9df1ba09bf/datanode-5/data/ratis/6b5f03ce-a1aa-42bc-a791-2486971252ff has been successfully formatted.
2019-11-15 20:29:52,631 [pool-193-thread-1] INFO  storage.RaftStorage (RaftStorage.java:format(84)) - Storage directory /workdir/hadoop-ozone/integration-test/target/test-dir/MiniOzoneClusterImpl-383ae012-405b-46cc-a485-9d9df1ba09bf/datanode-4/data/ratis/6b5f03ce-a1aa-42bc-a791-2486971252ff has been successfully formatted.
2019-11-15 20:29:52,632 [pool-203-thread-1] INFO  ratis.ContainerStateMachine (ContainerStateMachine.java:loadSnapshot(223)) - group-2486971252FF: The snapshot info is null. Setting the last applied indexto:(t:0, i:~)
2019-11-15 20:29:52,631 [pool-153-thread-1] INFO  storage.RaftStorage (RaftStorage.java:format(84)) - Storage directory /workdir/hadoop-ozone/integration-test/target/test-dir/MiniOzoneClusterImpl-383ae012-405b-46cc-a485-9d9df1ba09bf/datanode-0/data/ratis/6b5f03ce-a1aa-42bc-a791-2486971252ff has been successfully formatted.
2019-11-15 20:29:52,632 [pool-203-thread-1] INFO  server.RaftServerConfigKeys (ConfUtils.java:logGet(43)) - raft.server.notification.no-leader.timeout = 120s (custom)
2019-11-15 20:29:52,632 [pool-193-thread-1] INFO  ratis.ContainerStateMachine (ContainerStateMachine.java:loadSnapshot(223)) - group-2486971252FF: The snapshot info is null. Setting the last applied indexto:(t:0, i:~)
2019-11-15 20:29:52,632 [pool-153-thread-1] INFO  ratis.ContainerStateMachine (ContainerStateMachine.java:loadSnapshot(223)) - group-2486971252FF: The snapshot info is null. Setting the last applied indexto:(t:0, i:~)
2019-11-15 20:29:52,632 [pool-203-thread-1] INFO  server.RaftServerConfigKeys (ConfUtils.java:logGet(43)) - raft.server.log.use.memory = false (default)
2019-11-15 20:29:52,632 [pool-153-thread-1] INFO  server.RaftServerConfigKeys (ConfUtils.java:logGet(43)) - raft.server.notification.no-leader.timeout = 120s (custom)
2019-11-15 20:29:52,632 [pool-193-thread-1] INFO  server.RaftServerConfigKeys (ConfUtils.java:logGet(43)) - raft.server.notification.no-leader.timeout = 120s (custom)
2019-11-15 20:29:52,632 [pool-153-thread-1] INFO  server.RaftServerConfigKeys (ConfUtils.java:logGet(43)) - raft.server.log.use.memory = false (default)
2019-11-15 20:29:52,632 [pool-203-thread-1] INFO  server.RaftServerConfigKeys (ConfUtils.java:logGet(43)) - raft.server.log.purge.gap = 1000000 (custom)
2019-11-15 20:29:52,633 [pool-153-thread-1] INFO  server.RaftServerConfigKeys (ConfUtils.java:logGet(43)) - raft.server.log.purge.gap = 1000000 (custom)
2019-11-15 20:29:52,633 [pool-193-thread-1] INFO  server.RaftServerConfigKeys (ConfUtils.java:logGet(43)) - raft.server.log.use.memory = false (default)
2019-11-15 20:29:52,633 [pool-153-thread-1] INFO  server.RaftServerConfigKeys (ConfUtils.java:logGet(43)) - raft.server.log.appender.buffer.byte-limit = 33554432 (custom)
2019-11-15 20:29:52,633 [pool-153-thread-1] INFO  server.RaftServerConfigKeys (ConfUtils.java:logGet(43)) - raft.server.log.segment.size.max = 1048576 (custom)
2019-11-15 20:29:52,633 [pool-203-thread-1] INFO  server.RaftServerConfigKeys (ConfUtils.java:logGet(43)) - raft.server.log.appender.buffer.byte-limit = 33554432 (custom)
2019-11-15 20:29:52,633 [pool-153-thread-1] INFO  server.RaftServerConfigKeys (ConfUtils.java:logGet(43)) - raft.server.log.segment.cache.num.max = 2 (custom)
2019-11-15 20:29:52,634 [pool-153-thread-1] INFO  segmented.SegmentedRaftLogWorker (SegmentedRaftLogWorker.java:<init>(173)) - new 9cc1e37a-4716-4cf9-9175-b0181c43ba93@group-2486971252FF-SegmentedRaftLogWorker for RaftStorage:Storage Directory /workdir/hadoop-ozone/integration-test/target/test-dir/MiniOzoneClusterImpl-383ae012-405b-46cc-a485-9d9df1ba09bf/datanode-0/data/ratis/6b5f03ce-a1aa-42bc-a791-2486971252ff
2019-11-15 20:29:52,633 [pool-193-thread-1] INFO  server.RaftServerConfigKeys (ConfUtils.java:logGet(43)) - raft.server.log.purge.gap = 1000000 (custom)
2019-11-15 20:29:52,634 [pool-153-thread-1] INFO  server.RaftServerConfigKeys (ConfUtils.java:logGet(43)) - raft.server.log.queue.byte-limit = 2147483647 (custom)
2019-11-15 20:29:52,633 [pool-203-thread-1] INFO  server.RaftServerConfigKeys (ConfUtils.java:logGet(43)) - raft.server.log.segment.size.max = 1048576 (custom)
2019-11-15 20:29:52,634 [pool-153-thread-1] INFO  server.RaftServerConfigKeys (ConfUtils.java:logGet(43)) - raft.server.log.queue.element-limit = 1024 (custom)
2019-11-15 20:29:52,634 [pool-153-thread-1] INFO  server.RaftServerConfigKeys (ConfUtils.java:logGet(43)) - raft.server.log.segment.size.max = 1048576 (custom)
2019-11-15 20:29:52,634 [pool-193-thread-1] INFO  server.RaftServerConfigKeys (ConfUtils.java:logGet(43)) - raft.server.log.appender.buffer.byte-limit = 33554432 (custom)
2019-11-15 20:29:52,634 [pool-153-thread-1] INFO  server.RaftServerConfigKeys (ConfUtils.java:logGet(43)) - raft.server.log.preallocated.size = 16384 (custom)
2019-11-15 20:29:52,635 [pool-153-thread-1] INFO  server.RaftServerConfigKeys (ConfUtils.java:logGet(43)) - raft.server.log.write.buffer.size = 33554432 (custom)
2019-11-15 20:29:52,634 [pool-203-thread-1] WARN  impl.MetricRegistriesImpl (MetricRegistriesImpl.java:lambda$create$1(61)) - First MetricRegistry has been created without registering reporters. You may need to call MetricRegistries.global().addReportRegistration(...) before.
2019-11-15 20:29:52,635 [pool-153-thread-1] INFO  server.RaftServerConfigKeys (ConfUtils.java:logGet(43)) - raft.server.log.force.sync.num = 128 (default)
2019-11-15 20:29:52,635 [pool-193-thread-1] INFO  server.RaftServerConfigKeys (ConfUtils.java:logGet(43)) - raft.server.log.segment.size.max = 1048576 (custom)
2019-11-15 20:29:52,635 [pool-153-thread-1] INFO  server.RaftServerConfigKeys (ConfUtils.java:logGet(43)) - raft.server.log.statemachine.data.sync = true (default)
2019-11-15 20:29:52,635 [pool-203-thread-1] INFO  server.RaftServerConfigKeys (ConfUtils.java:logGet(43)) - raft.server.log.segment.cache.num.max = 2 (custom)
2019-11-15 20:29:52,635 [pool-153-thread-1] INFO  server.RaftServerConfigKeys (ConfUtils.java:logGet(43)) - raft.server.log.statemachine.data.sync.timeout = 10s (default)
2019-11-15 20:29:52,635 [pool-193-thread-1] INFO  server.RaftServerConfigKeys (ConfUtils.java:logGet(43)) - raft.server.log.segment.cache.num.max = 2 (custom)
2019-11-15 20:29:52,636 [pool-153-thread-1] INFO  server.RaftServerConfigKeys (ConfUtils.java:logGet(43)) - raft.server.log.statemachine.data.sync.timeout.retry = -1 (default)
2019-11-15 20:29:52,635 [pool-203-thread-1] INFO  segmented.SegmentedRaftLogWorker (SegmentedRaftLogWorker.java:<init>(173)) - new 0aaa2776-51af-4c10-a5a9-2fdcde9d3167@group-2486971252FF-SegmentedRaftLogWorker for RaftStorage:Storage Directory /workdir/hadoop-ozone/integration-test/target/test-dir/MiniOzoneClusterImpl-383ae012-405b-46cc-a485-9d9df1ba09bf/datanode-5/data/ratis/6b5f03ce-a1aa-42bc-a791-2486971252ff
2019-11-15 20:29:52,636 [pool-153-thread-1] INFO  server.RaftServerConfigKeys (ConfUtils.java:logGet(43)) - raft.server.log.statemachine.data.caching.enabled = true (custom)
2019-11-15 20:29:52,636 [pool-193-thread-1] INFO  segmented.SegmentedRaftLogWorker (SegmentedRaftLogWorker.java:<init>(173)) - new 3276412b-a8eb-4e99-a9e7-479baf35f503@group-2486971252FF-SegmentedRaftLogWorker for RaftStorage:Storage Directory /workdir/hadoop-ozone/integration-test/target/test-dir/MiniOzoneClusterImpl-383ae012-405b-46cc-a485-9d9df1ba09bf/datanode-4/data/ratis/6b5f03ce-a1aa-42bc-a791-2486971252ff
2019-11-15 20:29:52,636 [pool-203-thread-1] INFO  server.RaftServerConfigKeys (ConfUtils.java:logGet(43)) - raft.server.log.queue.byte-limit = 2147483647 (custom)
2019-11-15 20:29:52,636 [pool-153-thread-1] INFO  segmented.SegmentedRaftLogWorker (SegmentedRaftLogWorker.java:lambda$new$0(128)) - 9cc1e37a-4716-4cf9-9175-b0181c43ba93@group-2486971252FF-SegmentedRaftLogWorker: flushIndex: setUnconditionally 0 -> -1
2019-11-15 20:29:52,636 [pool-193-thread-1] INFO  server.RaftServerConfigKeys (ConfUtils.java:logGet(43)) - raft.server.log.queue.byte-limit = 2147483647 (custom)
2019-11-15 20:29:52,636 [pool-203-thread-1] INFO  server.RaftServerConfigKeys (ConfUtils.java:logGet(43)) - raft.server.log.queue.element-limit = 1024 (custom)
2019-11-15 20:29:52,637 [pool-153-thread-1] INFO  server.RaftServerConfigKeys (ConfUtils.java:logGet(43)) - raft.server.snapshot.auto.trigger.enabled = true (custom)
2019-11-15 20:29:52,637 [pool-193-thread-1] INFO  server.RaftServerConfigKeys (ConfUtils.java:logGet(43)) - raft.server.log.queue.element-limit = 1024 (custom)
2019-11-15 20:29:52,637 [pool-153-thread-1] INFO  server.RaftServerConfigKeys (ConfUtils.java:logGet(43)) - raft.server.snapshot.auto.trigger.threshold = 10000 (custom)
2019-11-15 20:29:52,637 [pool-203-thread-1] INFO  server.RaftServerConfigKeys (ConfUtils.java:logGet(43)) - raft.server.log.segment.size.max = 1048576 (custom)
2019-11-15 20:29:52,637 [pool-153-thread-1] INFO  server.RaftServerConfigKeys (ConfUtils.java:logGet(43)) - raft.server.snapshot.retention.file.num = 5 (custom)
2019-11-15 20:29:52,637 [pool-193-thread-1] INFO  server.RaftServerConfigKeys (ConfUtils.java:logGet(43)) - raft.server.log.segment.size.max = 1048576 (custom)
2019-11-15 20:29:52,637 [pool-153-thread-1] INFO  server.RaftServerConfigKeys (ConfUtils.java:logGet(43)) - raft.server.retrycache.expirytime = 600000ms (custom)
2019-11-15 20:29:52,637 [pool-203-thread-1] INFO  server.RaftServerConfigKeys (ConfUtils.java:logGet(43)) - raft.server.log.preallocated.size = 16384 (custom)
2019-11-15 20:29:52,638 [pool-153-thread-1] WARN  impl.MetricRegistriesImpl (MetricRegistriesImpl.java:lambda$create$1(61)) - First MetricRegistry has been created without registering reporters. You may need to call MetricRegistries.global().addReportRegistration(...) before.
2019-11-15 20:29:52,638 [pool-153-thread-1] WARN  impl.MetricRegistriesImpl (MetricRegistriesImpl.java:lambda$create$1(61)) - First MetricRegistry has been created without registering reporters. You may need to call MetricRegistries.global().addReportRegistration(...) before.
2019-11-15 20:29:52,637 [pool-193-thread-1] INFO  server.RaftServerConfigKeys (ConfUtils.java:logGet(43)) - raft.server.log.preallocated.size = 16384 (custom)
2019-11-15 20:29:52,638 [pool-153-thread-1] INFO  impl.RaftServerImpl (RaftServerImpl.java:start(184)) - 9cc1e37a-4716-4cf9-9175-b0181c43ba93@group-2486971252FF: start as a follower, conf=-1: [3276412b-a8eb-4e99-a9e7-479baf35f503:192.168.157.201:46486, 0aaa2776-51af-4c10-a5a9-2fdcde9d3167:192.168.157.201:44120, 9cc1e37a-4716-4cf9-9175-b0181c43ba93:192.168.157.201:43898], old=null
2019-11-15 20:29:52,638 [pool-203-thread-1] INFO  server.RaftServerConfigKeys (ConfUtils.java:logGet(43)) - raft.server.log.write.buffer.size = 33554432 (custom)
2019-11-15 20:29:52,638 [pool-153-thread-1] INFO  impl.RaftServerImpl (RaftServerImpl.java:setRole(173)) - 9cc1e37a-4716-4cf9-9175-b0181c43ba93@group-2486971252FF: changes role from      null to FOLLOWER at term 0 for startAsFollower
2019-11-15 20:29:52,638 [pool-193-thread-1] INFO  server.RaftServerConfigKeys (ConfUtils.java:logGet(43)) - raft.server.log.write.buffer.size = 33554432 (custom)
2019-11-15 20:29:52,639 [pool-153-thread-1] INFO  impl.RoleInfo (RoleInfo.java:updateAndGet(143)) - 9cc1e37a-4716-4cf9-9175-b0181c43ba93: start FollowerState
2019-11-15 20:29:52,638 [pool-203-thread-1] INFO  server.RaftServerConfigKeys (ConfUtils.java:logGet(43)) - raft.server.log.force.sync.num = 128 (default)
2019-11-15 20:29:52,639 [pool-203-thread-1] INFO  server.RaftServerConfigKeys (ConfUtils.java:logGet(43)) - raft.server.log.statemachine.data.sync = true (default)
2019-11-15 20:29:52,639 [pool-193-thread-1] INFO  server.RaftServerConfigKeys (ConfUtils.java:logGet(43)) - raft.server.log.force.sync.num = 128 (default)
2019-11-15 20:29:52,639 [pool-203-thread-1] INFO  server.RaftServerConfigKeys (ConfUtils.java:logGet(43)) - raft.server.log.statemachine.data.sync.timeout = 10s (default)
2019-11-15 20:29:52,639 [pool-153-thread-1] INFO  util.JmxRegister (JmxRegister.java:tryRegister(44)) - Successfully registered JMX Bean with object name Ratis:service=RaftServer,group=group-2486971252FF,id=9cc1e37a-4716-4cf9-9175-b0181c43ba93
2019-11-15 20:29:52,639 [pool-203-thread-1] INFO  server.RaftServerConfigKeys (ConfUtils.java:logGet(43)) - raft.server.log.statemachine.data.sync.timeout.retry = -1 (default)
2019-11-15 20:29:52,639 [pool-193-thread-1] INFO  server.RaftServerConfigKeys (ConfUtils.java:logGet(43)) - raft.server.log.statemachine.data.sync = true (default)
2019-11-15 20:29:52,640 [pool-203-thread-1] INFO  server.RaftServerConfigKeys (ConfUtils.java:logGet(43)) - raft.server.log.statemachine.data.caching.enabled = true (custom)
2019-11-15 20:29:52,640 [pool-153-thread-1] WARN  impl.MetricRegistriesImpl (MetricRegistriesImpl.java:lambda$create$1(61)) - First MetricRegistry has been created without registering reporters. You may need to call MetricRegistries.global().addReportRegistration(...) before.
2019-11-15 20:29:52,640 [pool-193-thread-1] INFO  server.RaftServerConfigKeys (ConfUtils.java:logGet(43)) - raft.server.log.statemachine.data.sync.timeout = 10s (default)
2019-11-15 20:29:52,640 [pool-203-thread-1] INFO  segmented.SegmentedRaftLogWorker (SegmentedRaftLogWorker.java:lambda$new$0(128)) - 0aaa2776-51af-4c10-a5a9-2fdcde9d3167@group-2486971252FF-SegmentedRaftLogWorker: flushIndex: setUnconditionally 0 -> -1
2019-11-15 20:29:52,640 [pool-193-thread-1] INFO  server.RaftServerConfigKeys (ConfUtils.java:logGet(43)) - raft.server.log.statemachine.data.sync.timeout.retry = -1 (default)
2019-11-15 20:29:52,641 [pool-193-thread-1] INFO  server.RaftServerConfigKeys (ConfUtils.java:logGet(43)) - raft.server.log.statemachine.data.caching.enabled = true (custom)
2019-11-15 20:29:52,641 [pool-203-thread-1] INFO  server.RaftServerConfigKeys (ConfUtils.java:logGet(43)) - raft.server.snapshot.auto.trigger.enabled = true (custom)
2019-11-15 20:29:52,641 [pool-203-thread-1] INFO  server.RaftServerConfigKeys (ConfUtils.java:logGet(43)) - raft.server.snapshot.auto.trigger.threshold = 10000 (custom)
2019-11-15 20:29:52,641 [pool-193-thread-1] INFO  segmented.SegmentedRaftLogWorker (SegmentedRaftLogWorker.java:lambda$new$0(128)) - 3276412b-a8eb-4e99-a9e7-479baf35f503@group-2486971252FF-SegmentedRaftLogWorker: flushIndex: setUnconditionally 0 -> -1
2019-11-15 20:29:52,641 [pool-203-thread-1] INFO  server.RaftServerConfigKeys (ConfUtils.java:logGet(43)) - raft.server.snapshot.retention.file.num = 5 (custom)
2019-11-15 20:29:52,642 [pool-203-thread-1] INFO  server.RaftServerConfigKeys (ConfUtils.java:logGet(43)) - raft.server.retrycache.expirytime = 600000ms (custom)
2019-11-15 20:29:52,642 [pool-193-thread-1] INFO  server.RaftServerConfigKeys (ConfUtils.java:logGet(43)) - raft.server.snapshot.auto.trigger.enabled = true (custom)
2019-11-15 20:29:52,642 [pool-203-thread-1] WARN  impl.MetricRegistriesImpl (MetricRegistriesImpl.java:lambda$create$1(61)) - First MetricRegistry has been created without registering reporters. You may need to call MetricRegistries.global().addReportRegistration(...) before.
2019-11-15 20:29:52,642 [pool-193-thread-1] INFO  server.RaftServerConfigKeys (ConfUtils.java:logGet(43)) - raft.server.snapshot.auto.trigger.threshold = 10000 (custom)
2019-11-15 20:29:52,642 [pool-203-thread-1] WARN  impl.MetricRegistriesImpl (MetricRegistriesImpl.java:lambda$create$1(61)) - First MetricRegistry has been created without registering reporters. You may need to call MetricRegistries.global().addReportRegistration(...) before.
2019-11-15 20:29:52,642 [pool-193-thread-1] INFO  server.RaftServerConfigKeys (ConfUtils.java:logGet(43)) - raft.server.snapshot.retention.file.num = 5 (custom)
2019-11-15 20:29:52,642 [pool-203-thread-1] INFO  impl.RaftServerImpl (RaftServerImpl.java:start(184)) - 0aaa2776-51af-4c10-a5a9-2fdcde9d3167@group-2486971252FF: start as a follower, conf=-1: [3276412b-a8eb-4e99-a9e7-479baf35f503:192.168.157.201:46486, 0aaa2776-51af-4c10-a5a9-2fdcde9d3167:192.168.157.201:44120, 9cc1e37a-4716-4cf9-9175-b0181c43ba93:192.168.157.201:43898], old=null
2019-11-15 20:29:52,642 [pool-193-thread-1] INFO  server.RaftServerConfigKeys (ConfUtils.java:logGet(43)) - raft.server.retrycache.expirytime = 600000ms (custom)
2019-11-15 20:29:52,642 [pool-203-thread-1] INFO  impl.RaftServerImpl (RaftServerImpl.java:setRole(173)) - 0aaa2776-51af-4c10-a5a9-2fdcde9d3167@group-2486971252FF: changes role from      null to FOLLOWER at term 0 for startAsFollower
2019-11-15 20:29:52,643 [pool-193-thread-1] WARN  impl.MetricRegistriesImpl (MetricRegistriesImpl.java:lambda$create$1(61)) - First MetricRegistry has been created without registering reporters. You may need to call MetricRegistries.global().addReportRegistration(...) before.
2019-11-15 20:29:52,643 [pool-203-thread-1] INFO  impl.RoleInfo (RoleInfo.java:updateAndGet(143)) - 0aaa2776-51af-4c10-a5a9-2fdcde9d3167: start FollowerState
2019-11-15 20:29:52,643 [pool-193-thread-1] WARN  impl.MetricRegistriesImpl (MetricRegistriesImpl.java:lambda$create$1(61)) - First MetricRegistry has been created without registering reporters. You may need to call MetricRegistries.global().addReportRegistration(...) before.
2019-11-15 20:29:52,643 [pool-193-thread-1] INFO  impl.RaftServerImpl (RaftServerImpl.java:start(184)) - 3276412b-a8eb-4e99-a9e7-479baf35f503@group-2486971252FF: start as a follower, conf=-1: [3276412b-a8eb-4e99-a9e7-479baf35f503:192.168.157.201:46486, 0aaa2776-51af-4c10-a5a9-2fdcde9d3167:192.168.157.201:44120, 9cc1e37a-4716-4cf9-9175-b0181c43ba93:192.168.157.201:43898], old=null
2019-11-15 20:29:52,643 [pool-203-thread-1] INFO  util.JmxRegister (JmxRegister.java:tryRegister(44)) - Successfully registered JMX Bean with object name Ratis:service=RaftServer,group=group-2486971252FF,id=0aaa2776-51af-4c10-a5a9-2fdcde9d3167
2019-11-15 20:29:52,643 [pool-193-thread-1] INFO  impl.RaftServerImpl (RaftServerImpl.java:setRole(173)) - 3276412b-a8eb-4e99-a9e7-479baf35f503@group-2486971252FF: changes role from      null to FOLLOWER at term 0 for startAsFollower
2019-11-15 20:29:52,643 [pool-203-thread-1] WARN  impl.MetricRegistriesImpl (MetricRegistriesImpl.java:lambda$create$1(61)) - First MetricRegistry has been created without registering reporters. You may need to call MetricRegistries.global().addReportRegistration(...) before.
2019-11-15 20:29:52,643 [pool-193-thread-1] INFO  impl.RoleInfo (RoleInfo.java:updateAndGet(143)) - 3276412b-a8eb-4e99-a9e7-479baf35f503: start FollowerState
2019-11-15 20:29:52,644 [pool-193-thread-1] INFO  util.JmxRegister (JmxRegister.java:tryRegister(44)) - Successfully registered JMX Bean with object name Ratis:service=RaftServer,group=group-2486971252FF,id=3276412b-a8eb-4e99-a9e7-479baf35f503
2019-11-15 20:29:52,644 [pool-193-thread-1] WARN  impl.MetricRegistriesImpl (MetricRegistriesImpl.java:lambda$create$1(61)) - First MetricRegistry has been created without registering reporters. You may need to call MetricRegistries.global().addReportRegistration(...) before.
2019-11-15 20:29:52,647 [RatisPipelineUtilsThread] INFO  pipeline.PipelineStateManager (PipelineStateManager.java:addPipeline(55)) - Created pipeline Pipeline[ Id: 6b5f03ce-a1aa-42bc-a791-2486971252ff, Nodes: 3276412b-a8eb-4e99-a9e7-479baf35f503{ip: 192.168.157.201, host: pr-hdds-2514-unusedmethodparam-9qkq7-1267773169, networkLocation: /default-rack, certSerialId: null}9cc1e37a-4716-4cf9-9175-b0181c43ba93{ip: 192.168.157.201, host: pr-hdds-2514-unusedmethodparam-9qkq7-1267773169, networkLocation: /default-rack, certSerialId: null}0aaa2776-51af-4c10-a5a9-2fdcde9d3167{ip: 192.168.157.201, host: pr-hdds-2514-unusedmethodparam-9qkq7-1267773169, networkLocation: /default-rack, certSerialId: null}, Type:RATIS, Factor:THREE, State:ALLOCATED]
2019-11-15 20:29:52,647 [main] INFO  ozone.MiniOzoneClusterImpl (MiniOzoneClusterImpl.java:lambda$waitForClusterToBeReady$2(163)) - Waiting for 7 number of pipelines out of 7, to report a leader.
2019-11-15 20:29:53,197 [Thread-1752] INFO  impl.FollowerState (FollowerState.java:run(111)) - 9cc1e37a-4716-4cf9-9175-b0181c43ba93@group-6B42BDB5A309-FollowerState: change to CANDIDATE, lastRpcTime:1026ms, electionTimeout:1026ms
2019-11-15 20:29:53,200 [Thread-1752] INFO  impl.RoleInfo (RoleInfo.java:shutdownFollowerState(121)) - 9cc1e37a-4716-4cf9-9175-b0181c43ba93: shutdown FollowerState
2019-11-15 20:29:53,200 [Thread-1752] INFO  impl.RaftServerImpl (RaftServerImpl.java:setRole(173)) - 9cc1e37a-4716-4cf9-9175-b0181c43ba93@group-6B42BDB5A309: changes role from  FOLLOWER to CANDIDATE at term 0 for changeToCandidate
2019-11-15 20:29:53,200 [Thread-1752] INFO  impl.RoleInfo (RoleInfo.java:updateAndGet(143)) - 9cc1e37a-4716-4cf9-9175-b0181c43ba93: start LeaderElection
2019-11-15 20:29:53,235 [9cc1e37a-4716-4cf9-9175-b0181c43ba93@group-6B42BDB5A309-LeaderElection30] INFO  impl.LeaderElection (LeaderElection.java:askForVotes(178)) - 9cc1e37a-4716-4cf9-9175-b0181c43ba93@group-6B42BDB5A309-LeaderElection30: begin an election at term 1 for -1: [9cc1e37a-4716-4cf9-9175-b0181c43ba93:192.168.157.201:43898], old=null
2019-11-15 20:29:53,235 [9cc1e37a-4716-4cf9-9175-b0181c43ba93@group-6B42BDB5A309-LeaderElection30] INFO  impl.RoleInfo (RoleInfo.java:shutdownLeaderElection(134)) - 9cc1e37a-4716-4cf9-9175-b0181c43ba93: shutdown LeaderElection
2019-11-15 20:29:53,235 [9cc1e37a-4716-4cf9-9175-b0181c43ba93@group-6B42BDB5A309-LeaderElection30] INFO  impl.RaftServerImpl (RaftServerImpl.java:setRole(173)) - 9cc1e37a-4716-4cf9-9175-b0181c43ba93@group-6B42BDB5A309: changes role from CANDIDATE to LEADER at term 1 for changeToLeader
2019-11-15 20:29:53,235 [9cc1e37a-4716-4cf9-9175-b0181c43ba93@group-6B42BDB5A309-LeaderElection30] INFO  ratis.XceiverServerRatis (XceiverServerRatis.java:handleLeaderChangedNotification(697)) - Leader change notification received for group: group-6B42BDB5A309 with new leaderId: 9cc1e37a-4716-4cf9-9175-b0181c43ba93
2019-11-15 20:29:53,235 [9cc1e37a-4716-4cf9-9175-b0181c43ba93@group-6B42BDB5A309-LeaderElection30] INFO  impl.RaftServerImpl (ServerState.java:setLeader(255)) - 9cc1e37a-4716-4cf9-9175-b0181c43ba93@group-6B42BDB5A309: change Leader from null to 9cc1e37a-4716-4cf9-9175-b0181c43ba93 at term 1 for becomeLeader, leader elected after 1069ms
2019-11-15 20:29:53,235 [9cc1e37a-4716-4cf9-9175-b0181c43ba93@group-6B42BDB5A309-LeaderElection30] INFO  server.RaftServerConfigKeys (ConfUtils.java:logGet(43)) - raft.server.staging.catchup.gap = 1000 (default)
2019-11-15 20:29:53,235 [9cc1e37a-4716-4cf9-9175-b0181c43ba93@group-6B42BDB5A309-LeaderElection30] INFO  server.RaftServerConfigKeys (ConfUtils.java:logGet(43)) - raft.server.rpc.sleep.time = 25ms (default)
2019-11-15 20:29:53,237 [9cc1e37a-4716-4cf9-9175-b0181c43ba93@group-6B42BDB5A309-LeaderElection30] INFO  server.RaftServerConfigKeys (ConfUtils.java:logGet(43)) - raft.server.write.element-limit = 4096 (default)
2019-11-15 20:29:53,237 [9cc1e37a-4716-4cf9-9175-b0181c43ba93@group-6B42BDB5A309-LeaderElection30] INFO  server.RaftServerConfigKeys (ConfUtils.java:logGet(43)) - raft.server.watch.timeout = 10s (default)
2019-11-15 20:29:53,237 [9cc1e37a-4716-4cf9-9175-b0181c43ba93@group-6B42BDB5A309-LeaderElection30] INFO  server.RaftServerConfigKeys (ConfUtils.java:logGet(43)) - raft.server.watch.timeout.denomination = 1s (default)
2019-11-15 20:29:53,237 [9cc1e37a-4716-4cf9-9175-b0181c43ba93@group-6B42BDB5A309-LeaderElection30] INFO  server.RaftServerConfigKeys (ConfUtils.java:logGet(43)) - raft.server.watch.element-limit = 65536 (default)
2019-11-15 20:29:53,238 [9cc1e37a-4716-4cf9-9175-b0181c43ba93@group-6B42BDB5A309-LeaderElection30] INFO  impl.RoleInfo (RoleInfo.java:updateAndGet(143)) - 9cc1e37a-4716-4cf9-9175-b0181c43ba93: start LeaderState
2019-11-15 20:29:53,238 [9cc1e37a-4716-4cf9-9175-b0181c43ba93@group-6B42BDB5A309-LeaderElection30] INFO  segmented.SegmentedRaftLogWorker (SegmentedRaftLogWorker.java:startLogSegment(385)) - 9cc1e37a-4716-4cf9-9175-b0181c43ba93@group-6B42BDB5A309-SegmentedRaftLogWorker: Starting segment from index:0
2019-11-15 20:29:53,238 [EventQueue-PipelineReportForPipelineReportHandler] INFO  pipeline.PipelineStateManager (PipelineStateManager.java:openPipeline(134)) - Pipeline Pipeline[ Id: 355af991-79bf-467e-b7d7-6b42bdb5a309, Nodes: 9cc1e37a-4716-4cf9-9175-b0181c43ba93{ip: 192.168.157.201, host: pr-hdds-2514-unusedmethodparam-9qkq7-1267773169, networkLocation: /default-rack, certSerialId: null}, Type:RATIS, Factor:ONE, State:OPEN] moved to OPEN state
2019-11-15 20:29:53,239 [9cc1e37a-4716-4cf9-9175-b0181c43ba93@group-6B42BDB5A309-LeaderElection30] INFO  impl.RaftServerImpl (ServerState.java:setRaftConf(356)) - 9cc1e37a-4716-4cf9-9175-b0181c43ba93@group-6B42BDB5A309: set configuration 0: [9cc1e37a-4716-4cf9-9175-b0181c43ba93:192.168.157.201:43898], old=null at 0
2019-11-15 20:29:53,289 [Thread-1755] INFO  impl.FollowerState (FollowerState.java:run(111)) - 8a1675e0-6aea-4c3b-8be7-5ae20a1ca49e@group-BE8805B52B93-FollowerState: change to CANDIDATE, lastRpcTime:1009ms, electionTimeout:1009ms
2019-11-15 20:29:53,289 [9cc1e37a-4716-4cf9-9175-b0181c43ba93@group-6B42BDB5A309-SegmentedRaftLogWorker] INFO  segmented.SegmentedRaftLogWorker (SegmentedRaftLogWorker.java:execute(576)) - 9cc1e37a-4716-4cf9-9175-b0181c43ba93@group-6B42BDB5A309-SegmentedRaftLogWorker: created new log segment /workdir/hadoop-ozone/integration-test/target/test-dir/MiniOzoneClusterImpl-383ae012-405b-46cc-a485-9d9df1ba09bf/datanode-0/data/ratis/355af991-79bf-467e-b7d7-6b42bdb5a309/current/log_inprogress_0
2019-11-15 20:29:53,289 [Thread-1755] INFO  impl.RoleInfo (RoleInfo.java:shutdownFollowerState(121)) - 8a1675e0-6aea-4c3b-8be7-5ae20a1ca49e: shutdown FollowerState
2019-11-15 20:29:53,289 [Thread-1755] INFO  impl.RaftServerImpl (RaftServerImpl.java:setRole(173)) - 8a1675e0-6aea-4c3b-8be7-5ae20a1ca49e@group-BE8805B52B93: changes role from  FOLLOWER to CANDIDATE at term 0 for changeToCandidate
2019-11-15 20:29:53,290 [Thread-1755] INFO  impl.RoleInfo (RoleInfo.java:updateAndGet(143)) - 8a1675e0-6aea-4c3b-8be7-5ae20a1ca49e: start LeaderElection
2019-11-15 20:29:53,313 [8a1675e0-6aea-4c3b-8be7-5ae20a1ca49e@group-BE8805B52B93-LeaderElection31] INFO  impl.LeaderElection (LeaderElection.java:askForVotes(178)) - 8a1675e0-6aea-4c3b-8be7-5ae20a1ca49e@group-BE8805B52B93-LeaderElection31: begin an election at term 1 for -1: [8a1675e0-6aea-4c3b-8be7-5ae20a1ca49e:192.168.157.201:42325], old=null
2019-11-15 20:29:53,313 [8a1675e0-6aea-4c3b-8be7-5ae20a1ca49e@group-BE8805B52B93-LeaderElection31] INFO  impl.RoleInfo (RoleInfo.java:shutdownLeaderElection(134)) - 8a1675e0-6aea-4c3b-8be7-5ae20a1ca49e: shutdown LeaderElection
2019-11-15 20:29:53,313 [8a1675e0-6aea-4c3b-8be7-5ae20a1ca49e@group-BE8805B52B93-LeaderElection31] INFO  impl.RaftServerImpl (RaftServerImpl.java:setRole(173)) - 8a1675e0-6aea-4c3b-8be7-5ae20a1ca49e@group-BE8805B52B93: changes role from CANDIDATE to LEADER at term 1 for changeToLeader
2019-11-15 20:29:53,313 [8a1675e0-6aea-4c3b-8be7-5ae20a1ca49e@group-BE8805B52B93-LeaderElection31] INFO  ratis.XceiverServerRatis (XceiverServerRatis.java:handleLeaderChangedNotification(697)) - Leader change notification received for group: group-BE8805B52B93 with new leaderId: 8a1675e0-6aea-4c3b-8be7-5ae20a1ca49e
2019-11-15 20:29:53,313 [8a1675e0-6aea-4c3b-8be7-5ae20a1ca49e@group-BE8805B52B93-LeaderElection31] INFO  impl.RaftServerImpl (ServerState.java:setLeader(255)) - 8a1675e0-6aea-4c3b-8be7-5ae20a1ca49e@group-BE8805B52B93: change Leader from null to 8a1675e0-6aea-4c3b-8be7-5ae20a1ca49e at term 1 for becomeLeader, leader elected after 1037ms
2019-11-15 20:29:53,313 [8a1675e0-6aea-4c3b-8be7-5ae20a1ca49e@group-BE8805B52B93-LeaderElection31] INFO  server.RaftServerConfigKeys (ConfUtils.java:logGet(43)) - raft.server.staging.catchup.gap = 1000 (default)
2019-11-15 20:29:53,313 [8a1675e0-6aea-4c3b-8be7-5ae20a1ca49e@group-BE8805B52B93-LeaderElection31] INFO  server.RaftServerConfigKeys (ConfUtils.java:logGet(43)) - raft.server.rpc.sleep.time = 25ms (default)
2019-11-15 20:29:53,315 [8a1675e0-6aea-4c3b-8be7-5ae20a1ca49e@group-BE8805B52B93-LeaderElection31] INFO  server.RaftServerConfigKeys (ConfUtils.java:logGet(43)) - raft.server.write.element-limit = 4096 (default)
2019-11-15 20:29:53,315 [8a1675e0-6aea-4c3b-8be7-5ae20a1ca49e@group-BE8805B52B93-LeaderElection31] INFO  server.RaftServerConfigKeys (ConfUtils.java:logGet(43)) - raft.server.watch.timeout = 10s (default)
2019-11-15 20:29:53,315 [8a1675e0-6aea-4c3b-8be7-5ae20a1ca49e@group-BE8805B52B93-LeaderElection31] INFO  server.RaftServerConfigKeys (ConfUtils.java:logGet(43)) - raft.server.watch.timeout.denomination = 1s (default)
2019-11-15 20:29:53,315 [8a1675e0-6aea-4c3b-8be7-5ae20a1ca49e@group-BE8805B52B93-LeaderElection31] INFO  server.RaftServerConfigKeys (ConfUtils.java:logGet(43)) - raft.server.watch.element-limit = 65536 (default)
2019-11-15 20:29:53,315 [8a1675e0-6aea-4c3b-8be7-5ae20a1ca49e@group-BE8805B52B93-LeaderElection31] INFO  impl.RoleInfo (RoleInfo.java:updateAndGet(143)) - 8a1675e0-6aea-4c3b-8be7-5ae20a1ca49e: start LeaderState
2019-11-15 20:29:53,315 [8a1675e0-6aea-4c3b-8be7-5ae20a1ca49e@group-BE8805B52B93-LeaderElection31] INFO  segmented.SegmentedRaftLogWorker (SegmentedRaftLogWorker.java:startLogSegment(385)) - 8a1675e0-6aea-4c3b-8be7-5ae20a1ca49e@group-BE8805B52B93-SegmentedRaftLogWorker: Starting segment from index:0
2019-11-15 20:29:53,315 [EventQueue-PipelineReportForPipelineReportHandler] INFO  pipeline.PipelineStateManager (PipelineStateManager.java:openPipeline(134)) - Pipeline Pipeline[ Id: 54560d90-3482-49b6-bef0-be8805b52b93, Nodes: 8a1675e0-6aea-4c3b-8be7-5ae20a1ca49e{ip: 192.168.157.201, host: pr-hdds-2514-unusedmethodparam-9qkq7-1267773169, networkLocation: /default-rack, certSerialId: null}, Type:RATIS, Factor:ONE, State:OPEN] moved to OPEN state
2019-11-15 20:29:53,316 [8a1675e0-6aea-4c3b-8be7-5ae20a1ca49e@group-BE8805B52B93-LeaderElection31] INFO  impl.RaftServerImpl (ServerState.java:setRaftConf(356)) - 8a1675e0-6aea-4c3b-8be7-5ae20a1ca49e@group-BE8805B52B93: set configuration 0: [8a1675e0-6aea-4c3b-8be7-5ae20a1ca49e:192.168.157.201:42325], old=null at 0
2019-11-15 20:29:53,372 [8a1675e0-6aea-4c3b-8be7-5ae20a1ca49e@group-BE8805B52B93-SegmentedRaftLogWorker] INFO  segmented.SegmentedRaftLogWorker (SegmentedRaftLogWorker.java:execute(576)) - 8a1675e0-6aea-4c3b-8be7-5ae20a1ca49e@group-BE8805B52B93-SegmentedRaftLogWorker: created new log segment /workdir/hadoop-ozone/integration-test/target/test-dir/MiniOzoneClusterImpl-383ae012-405b-46cc-a485-9d9df1ba09bf/datanode-1/data/ratis/54560d90-3482-49b6-bef0-be8805b52b93/current/log_inprogress_0
2019-11-15 20:29:53,456 [Thread-1761] INFO  impl.FollowerState (FollowerState.java:run(111)) - 0a519b4d-4b4e-4277-8a94-337d2dc88e84@group-A0B36505DA22-FollowerState: change to CANDIDATE, lastRpcTime:1042ms, electionTimeout:1042ms
2019-11-15 20:29:53,457 [Thread-1761] INFO  impl.RoleInfo (RoleInfo.java:shutdownFollowerState(121)) - 0a519b4d-4b4e-4277-8a94-337d2dc88e84: shutdown FollowerState
2019-11-15 20:29:53,457 [Thread-1761] INFO  impl.RaftServerImpl (RaftServerImpl.java:setRole(173)) - 0a519b4d-4b4e-4277-8a94-337d2dc88e84@group-A0B36505DA22: changes role from  FOLLOWER to CANDIDATE at term 0 for changeToCandidate
2019-11-15 20:29:53,457 [Thread-1761] INFO  impl.RoleInfo (RoleInfo.java:updateAndGet(143)) - 0a519b4d-4b4e-4277-8a94-337d2dc88e84: start LeaderElection
2019-11-15 20:29:53,468 [Thread-1758] INFO  impl.FollowerState (FollowerState.java:run(111)) - 47ad85fd-142d-4fcb-95da-99123aa57c3f@group-BA5449BC7E71-FollowerState: change to CANDIDATE, lastRpcTime:1113ms, electionTimeout:1113ms
2019-11-15 20:29:53,468 [Thread-1758] INFO  impl.RoleInfo (RoleInfo.java:shutdownFollowerState(121)) - 47ad85fd-142d-4fcb-95da-99123aa57c3f: shutdown FollowerState
2019-11-15 20:29:53,468 [Thread-1758] INFO  impl.RaftServerImpl (RaftServerImpl.java:setRole(173)) - 47ad85fd-142d-4fcb-95da-99123aa57c3f@group-BA5449BC7E71: changes role from  FOLLOWER to CANDIDATE at term 0 for changeToCandidate
2019-11-15 20:29:53,469 [Thread-1758] INFO  impl.RoleInfo (RoleInfo.java:updateAndGet(143)) - 47ad85fd-142d-4fcb-95da-99123aa57c3f: start LeaderElection
2019-11-15 20:29:53,485 [0a519b4d-4b4e-4277-8a94-337d2dc88e84@group-A0B36505DA22-LeaderElection32] INFO  impl.LeaderElection (LeaderElection.java:askForVotes(178)) - 0a519b4d-4b4e-4277-8a94-337d2dc88e84@group-A0B36505DA22-LeaderElection32: begin an election at term 1 for -1: [0a519b4d-4b4e-4277-8a94-337d2dc88e84:192.168.157.201:36611], old=null
2019-11-15 20:29:53,486 [0a519b4d-4b4e-4277-8a94-337d2dc88e84@group-A0B36505DA22-LeaderElection32] INFO  impl.RoleInfo (RoleInfo.java:shutdownLeaderElection(134)) - 0a519b4d-4b4e-4277-8a94-337d2dc88e84: shutdown LeaderElection
2019-11-15 20:29:53,486 [0a519b4d-4b4e-4277-8a94-337d2dc88e84@group-A0B36505DA22-LeaderElection32] INFO  impl.RaftServerImpl (RaftServerImpl.java:setRole(173)) - 0a519b4d-4b4e-4277-8a94-337d2dc88e84@group-A0B36505DA22: changes role from CANDIDATE to LEADER at term 1 for changeToLeader
2019-11-15 20:29:53,486 [0a519b4d-4b4e-4277-8a94-337d2dc88e84@group-A0B36505DA22-LeaderElection32] INFO  ratis.XceiverServerRatis (XceiverServerRatis.java:handleLeaderChangedNotification(697)) - Leader change notification received for group: group-A0B36505DA22 with new leaderId: 0a519b4d-4b4e-4277-8a94-337d2dc88e84
2019-11-15 20:29:53,486 [0a519b4d-4b4e-4277-8a94-337d2dc88e84@group-A0B36505DA22-LeaderElection32] INFO  impl.RaftServerImpl (ServerState.java:setLeader(255)) - 0a519b4d-4b4e-4277-8a94-337d2dc88e84@group-A0B36505DA22: change Leader from null to 0a519b4d-4b4e-4277-8a94-337d2dc88e84 at term 1 for becomeLeader, leader elected after 1075ms
2019-11-15 20:29:53,486 [47ad85fd-142d-4fcb-95da-99123aa57c3f@group-BA5449BC7E71-LeaderElection33] INFO  impl.LeaderElection (LeaderElection.java:askForVotes(178)) - 47ad85fd-142d-4fcb-95da-99123aa57c3f@group-BA5449BC7E71-LeaderElection33: begin an election at term 1 for -1: [47ad85fd-142d-4fcb-95da-99123aa57c3f:192.168.157.201:35088], old=null
2019-11-15 20:29:53,486 [0a519b4d-4b4e-4277-8a94-337d2dc88e84@group-A0B36505DA22-LeaderElection32] INFO  server.RaftServerConfigKeys (ConfUtils.java:logGet(43)) - raft.server.staging.catchup.gap = 1000 (default)
2019-11-15 20:29:53,486 [47ad85fd-142d-4fcb-95da-99123aa57c3f@group-BA5449BC7E71-LeaderElection33] INFO  impl.RoleInfo (RoleInfo.java:shutdownLeaderElection(134)) - 47ad85fd-142d-4fcb-95da-99123aa57c3f: shutdown LeaderElection
2019-11-15 20:29:53,488 [0a519b4d-4b4e-4277-8a94-337d2dc88e84@group-A0B36505DA22-LeaderElection32] INFO  server.RaftServerConfigKeys (ConfUtils.java:logGet(43)) - raft.server.rpc.sleep.time = 25ms (default)
2019-11-15 20:29:53,488 [47ad85fd-142d-4fcb-95da-99123aa57c3f@group-BA5449BC7E71-LeaderElection33] INFO  impl.RaftServerImpl (RaftServerImpl.java:setRole(173)) - 47ad85fd-142d-4fcb-95da-99123aa57c3f@group-BA5449BC7E71: changes role from CANDIDATE to LEADER at term 1 for changeToLeader
2019-11-15 20:29:53,488 [47ad85fd-142d-4fcb-95da-99123aa57c3f@group-BA5449BC7E71-LeaderElection33] INFO  ratis.XceiverServerRatis (XceiverServerRatis.java:handleLeaderChangedNotification(697)) - Leader change notification received for group: group-BA5449BC7E71 with new leaderId: 47ad85fd-142d-4fcb-95da-99123aa57c3f
2019-11-15 20:29:53,488 [0a519b4d-4b4e-4277-8a94-337d2dc88e84@group-A0B36505DA22-LeaderElection32] INFO  server.RaftServerConfigKeys (ConfUtils.java:logGet(43)) - raft.server.write.element-limit = 4096 (default)
2019-11-15 20:29:53,488 [47ad85fd-142d-4fcb-95da-99123aa57c3f@group-BA5449BC7E71-LeaderElection33] INFO  impl.RaftServerImpl (ServerState.java:setLeader(255)) - 47ad85fd-142d-4fcb-95da-99123aa57c3f@group-BA5449BC7E71: change Leader from null to 47ad85fd-142d-4fcb-95da-99123aa57c3f at term 1 for becomeLeader, leader elected after 1136ms
2019-11-15 20:29:53,488 [0a519b4d-4b4e-4277-8a94-337d2dc88e84@group-A0B36505DA22-LeaderElection32] INFO  server.RaftServerConfigKeys (ConfUtils.java:logGet(43)) - raft.server.watch.timeout = 10s (default)
2019-11-15 20:29:53,488 [47ad85fd-142d-4fcb-95da-99123aa57c3f@group-BA5449BC7E71-LeaderElection33] INFO  server.RaftServerConfigKeys (ConfUtils.java:logGet(43)) - raft.server.staging.catchup.gap = 1000 (default)
2019-11-15 20:29:53,490 [EventQueue-PipelineReportForPipelineReportHandler] INFO  pipeline.PipelineStateManager (PipelineStateManager.java:openPipeline(134)) - Pipeline Pipeline[ Id: 0e7d1e8f-5d52-4c7c-a576-a0b36505da22, Nodes: 0a519b4d-4b4e-4277-8a94-337d2dc88e84{ip: 192.168.157.201, host: pr-hdds-2514-unusedmethodparam-9qkq7-1267773169, networkLocation: /default-rack, certSerialId: null}, Type:RATIS, Factor:ONE, State:OPEN] moved to OPEN state
2019-11-15 20:29:53,490 [0a519b4d-4b4e-4277-8a94-337d2dc88e84@group-A0B36505DA22-LeaderElection32] INFO  server.RaftServerConfigKeys (ConfUtils.java:logGet(43)) - raft.server.watch.timeout.denomination = 1s (default)
2019-11-15 20:29:53,490 [47ad85fd-142d-4fcb-95da-99123aa57c3f@group-BA5449BC7E71-LeaderElection33] INFO  server.RaftServerConfigKeys (ConfUtils.java:logGet(43)) - raft.server.rpc.sleep.time = 25ms (default)
2019-11-15 20:29:53,490 [0a519b4d-4b4e-4277-8a94-337d2dc88e84@group-A0B36505DA22-LeaderElection32] INFO  server.RaftServerConfigKeys (ConfUtils.java:logGet(43)) - raft.server.watch.element-limit = 65536 (default)
2019-11-15 20:29:53,491 [47ad85fd-142d-4fcb-95da-99123aa57c3f@group-BA5449BC7E71-LeaderElection33] INFO  server.RaftServerConfigKeys (ConfUtils.java:logGet(43)) - raft.server.write.element-limit = 4096 (default)
2019-11-15 20:29:53,490 [EventQueue-PipelineReportForPipelineReportHandler] INFO  pipeline.PipelineStateManager (PipelineStateManager.java:openPipeline(134)) - Pipeline Pipeline[ Id: cc2d2689-b03a-40fe-9ca9-ba5449bc7e71, Nodes: 47ad85fd-142d-4fcb-95da-99123aa57c3f{ip: 192.168.157.201, host: pr-hdds-2514-unusedmethodparam-9qkq7-1267773169, networkLocation: /default-rack, certSerialId: null}, Type:RATIS, Factor:ONE, State:OPEN] moved to OPEN state
2019-11-15 20:29:53,491 [47ad85fd-142d-4fcb-95da-99123aa57c3f@group-BA5449BC7E71-LeaderElection33] INFO  server.RaftServerConfigKeys (ConfUtils.java:logGet(43)) - raft.server.watch.timeout = 10s (default)
2019-11-15 20:29:53,491 [0a519b4d-4b4e-4277-8a94-337d2dc88e84@group-A0B36505DA22-LeaderElection32] INFO  impl.RoleInfo (RoleInfo.java:updateAndGet(143)) - 0a519b4d-4b4e-4277-8a94-337d2dc88e84: start LeaderState
2019-11-15 20:29:53,491 [47ad85fd-142d-4fcb-95da-99123aa57c3f@group-BA5449BC7E71-LeaderElection33] INFO  server.RaftServerConfigKeys (ConfUtils.java:logGet(43)) - raft.server.watch.timeout.denomination = 1s (default)
2019-11-15 20:29:53,491 [47ad85fd-142d-4fcb-95da-99123aa57c3f@group-BA5449BC7E71-LeaderElection33] INFO  server.RaftServerConfigKeys (ConfUtils.java:logGet(43)) - raft.server.watch.element-limit = 65536 (default)
2019-11-15 20:29:53,491 [0a519b4d-4b4e-4277-8a94-337d2dc88e84@group-A0B36505DA22-LeaderElection32] INFO  segmented.SegmentedRaftLogWorker (SegmentedRaftLogWorker.java:startLogSegment(385)) - 0a519b4d-4b4e-4277-8a94-337d2dc88e84@group-A0B36505DA22-SegmentedRaftLogWorker: Starting segment from index:0
2019-11-15 20:29:53,491 [47ad85fd-142d-4fcb-95da-99123aa57c3f@group-BA5449BC7E71-LeaderElection33] INFO  impl.RoleInfo (RoleInfo.java:updateAndGet(143)) - 47ad85fd-142d-4fcb-95da-99123aa57c3f: start LeaderState
2019-11-15 20:29:53,492 [47ad85fd-142d-4fcb-95da-99123aa57c3f@group-BA5449BC7E71-LeaderElection33] INFO  segmented.SegmentedRaftLogWorker (SegmentedRaftLogWorker.java:startLogSegment(385)) - 47ad85fd-142d-4fcb-95da-99123aa57c3f@group-BA5449BC7E71-SegmentedRaftLogWorker: Starting segment from index:0
2019-11-15 20:29:53,492 [0a519b4d-4b4e-4277-8a94-337d2dc88e84@group-A0B36505DA22-LeaderElection32] INFO  impl.RaftServerImpl (ServerState.java:setRaftConf(356)) - 0a519b4d-4b4e-4277-8a94-337d2dc88e84@group-A0B36505DA22: set configuration 0: [0a519b4d-4b4e-4277-8a94-337d2dc88e84:192.168.157.201:36611], old=null at 0
2019-11-15 20:29:53,492 [47ad85fd-142d-4fcb-95da-99123aa57c3f@group-BA5449BC7E71-LeaderElection33] INFO  impl.RaftServerImpl (ServerState.java:setRaftConf(356)) - 47ad85fd-142d-4fcb-95da-99123aa57c3f@group-BA5449BC7E71: set configuration 0: [47ad85fd-142d-4fcb-95da-99123aa57c3f:192.168.157.201:35088], old=null at 0
2019-11-15 20:29:53,502 [Thread-1764] INFO  impl.FollowerState (FollowerState.java:run(111)) - 3276412b-a8eb-4e99-a9e7-479baf35f503@group-11B973C7C2C8-FollowerState: change to CANDIDATE, lastRpcTime:1019ms, electionTimeout:1019ms
2019-11-15 20:29:53,502 [Thread-1764] INFO  impl.RoleInfo (RoleInfo.java:shutdownFollowerState(121)) - 3276412b-a8eb-4e99-a9e7-479baf35f503: shutdown FollowerState
2019-11-15 20:29:53,502 [Thread-1764] INFO  impl.RaftServerImpl (RaftServerImpl.java:setRole(173)) - 3276412b-a8eb-4e99-a9e7-479baf35f503@group-11B973C7C2C8: changes role from  FOLLOWER to CANDIDATE at term 0 for changeToCandidate
2019-11-15 20:29:53,502 [Thread-1764] INFO  impl.RoleInfo (RoleInfo.java:updateAndGet(143)) - 3276412b-a8eb-4e99-a9e7-479baf35f503: start LeaderElection
2019-11-15 20:29:53,553 [0a519b4d-4b4e-4277-8a94-337d2dc88e84@group-A0B36505DA22-SegmentedRaftLogWorker] INFO  segmented.SegmentedRaftLogWorker (SegmentedRaftLogWorker.java:execute(576)) - 0a519b4d-4b4e-4277-8a94-337d2dc88e84@group-A0B36505DA22-SegmentedRaftLogWorker: created new log segment /workdir/hadoop-ozone/integration-test/target/test-dir/MiniOzoneClusterImpl-383ae012-405b-46cc-a485-9d9df1ba09bf/datanode-3/data/ratis/0e7d1e8f-5d52-4c7c-a576-a0b36505da22/current/log_inprogress_0
2019-11-15 20:29:53,553 [47ad85fd-142d-4fcb-95da-99123aa57c3f@group-BA5449BC7E71-SegmentedRaftLogWorker] INFO  segmented.SegmentedRaftLogWorker (SegmentedRaftLogWorker.java:execute(576)) - 47ad85fd-142d-4fcb-95da-99123aa57c3f@group-BA5449BC7E71-SegmentedRaftLogWorker: created new log segment /workdir/hadoop-ozone/integration-test/target/test-dir/MiniOzoneClusterImpl-383ae012-405b-46cc-a485-9d9df1ba09bf/datanode-2/data/ratis/cc2d2689-b03a-40fe-9ca9-ba5449bc7e71/current/log_inprogress_0
2019-11-15 20:29:53,553 [3276412b-a8eb-4e99-a9e7-479baf35f503@group-11B973C7C2C8-LeaderElection34] INFO  impl.LeaderElection (LeaderElection.java:askForVotes(178)) - 3276412b-a8eb-4e99-a9e7-479baf35f503@group-11B973C7C2C8-LeaderElection34: begin an election at term 1 for -1: [3276412b-a8eb-4e99-a9e7-479baf35f503:192.168.157.201:46486], old=null
2019-11-15 20:29:53,553 [3276412b-a8eb-4e99-a9e7-479baf35f503@group-11B973C7C2C8-LeaderElection34] INFO  impl.RoleInfo (RoleInfo.java:shutdownLeaderElection(134)) - 3276412b-a8eb-4e99-a9e7-479baf35f503: shutdown LeaderElection
2019-11-15 20:29:53,554 [3276412b-a8eb-4e99-a9e7-479baf35f503@group-11B973C7C2C8-LeaderElection34] INFO  impl.RaftServerImpl (RaftServerImpl.java:setRole(173)) - 3276412b-a8eb-4e99-a9e7-479baf35f503@group-11B973C7C2C8: changes role from CANDIDATE to LEADER at term 1 for changeToLeader
2019-11-15 20:29:53,554 [3276412b-a8eb-4e99-a9e7-479baf35f503@group-11B973C7C2C8-LeaderElection34] INFO  ratis.XceiverServerRatis (XceiverServerRatis.java:handleLeaderChangedNotification(697)) - Leader change notification received for group: group-11B973C7C2C8 with new leaderId: 3276412b-a8eb-4e99-a9e7-479baf35f503
2019-11-15 20:29:53,554 [3276412b-a8eb-4e99-a9e7-479baf35f503@group-11B973C7C2C8-LeaderElection34] INFO  impl.RaftServerImpl (ServerState.java:setLeader(255)) - 3276412b-a8eb-4e99-a9e7-479baf35f503@group-11B973C7C2C8: change Leader from null to 3276412b-a8eb-4e99-a9e7-479baf35f503 at term 1 for becomeLeader, leader elected after 1075ms
2019-11-15 20:29:53,554 [3276412b-a8eb-4e99-a9e7-479baf35f503@group-11B973C7C2C8-LeaderElection34] INFO  server.RaftServerConfigKeys (ConfUtils.java:logGet(43)) - raft.server.staging.catchup.gap = 1000 (default)
2019-11-15 20:29:53,555 [3276412b-a8eb-4e99-a9e7-479baf35f503@group-11B973C7C2C8-LeaderElection34] INFO  server.RaftServerConfigKeys (ConfUtils.java:logGet(43)) - raft.server.rpc.sleep.time = 25ms (default)
2019-11-15 20:29:53,555 [3276412b-a8eb-4e99-a9e7-479baf35f503@group-11B973C7C2C8-LeaderElection34] INFO  server.RaftServerConfigKeys (ConfUtils.java:logGet(43)) - raft.server.write.element-limit = 4096 (default)
2019-11-15 20:29:53,556 [3276412b-a8eb-4e99-a9e7-479baf35f503@group-11B973C7C2C8-LeaderElection34] INFO  server.RaftServerConfigKeys (ConfUtils.java:logGet(43)) - raft.server.watch.timeout = 10s (default)
2019-11-15 20:29:53,556 [3276412b-a8eb-4e99-a9e7-479baf35f503@group-11B973C7C2C8-LeaderElection34] INFO  server.RaftServerConfigKeys (ConfUtils.java:logGet(43)) - raft.server.watch.timeout.denomination = 1s (default)
2019-11-15 20:29:53,556 [3276412b-a8eb-4e99-a9e7-479baf35f503@group-11B973C7C2C8-LeaderElection34] INFO  server.RaftServerConfigKeys (ConfUtils.java:logGet(43)) - raft.server.watch.element-limit = 65536 (default)
2019-11-15 20:29:53,556 [EventQueue-PipelineReportForPipelineReportHandler] INFO  pipeline.PipelineStateManager (PipelineStateManager.java:openPipeline(134)) - Pipeline Pipeline[ Id: 7415b0d8-534b-4a1c-bddd-11b973c7c2c8, Nodes: 3276412b-a8eb-4e99-a9e7-479baf35f503{ip: 192.168.157.201, host: pr-hdds-2514-unusedmethodparam-9qkq7-1267773169, networkLocation: /default-rack, certSerialId: null}, Type:RATIS, Factor:ONE, State:OPEN] moved to OPEN state
2019-11-15 20:29:53,556 [3276412b-a8eb-4e99-a9e7-479baf35f503@group-11B973C7C2C8-LeaderElection34] INFO  impl.RoleInfo (RoleInfo.java:updateAndGet(143)) - 3276412b-a8eb-4e99-a9e7-479baf35f503: start LeaderState
2019-11-15 20:29:53,556 [3276412b-a8eb-4e99-a9e7-479baf35f503@group-11B973C7C2C8-LeaderElection34] INFO  segmented.SegmentedRaftLogWorker (SegmentedRaftLogWorker.java:startLogSegment(385)) - 3276412b-a8eb-4e99-a9e7-479baf35f503@group-11B973C7C2C8-SegmentedRaftLogWorker: Starting segment from index:0
2019-11-15 20:29:53,557 [3276412b-a8eb-4e99-a9e7-479baf35f503@group-11B973C7C2C8-LeaderElection34] INFO  impl.RaftServerImpl (ServerState.java:setRaftConf(356)) - 3276412b-a8eb-4e99-a9e7-479baf35f503@group-11B973C7C2C8: set configuration 0: [3276412b-a8eb-4e99-a9e7-479baf35f503:192.168.157.201:46486], old=null at 0
2019-11-15 20:29:53,564 [Thread-1772] INFO  impl.FollowerState (FollowerState.java:run(111)) - 8a1675e0-6aea-4c3b-8be7-5ae20a1ca49e@group-D7B38365AB4D-FollowerState: change to CANDIDATE, lastRpcTime:1007ms, electionTimeout:1007ms
2019-11-15 20:29:53,564 [Thread-1772] INFO  impl.RoleInfo (RoleInfo.java:shutdownFollowerState(121)) - 8a1675e0-6aea-4c3b-8be7-5ae20a1ca49e: shutdown FollowerState
2019-11-15 20:29:53,564 [Thread-1772] INFO  impl.RaftServerImpl (RaftServerImpl.java:setRole(173)) - 8a1675e0-6aea-4c3b-8be7-5ae20a1ca49e@group-D7B38365AB4D: changes role from  FOLLOWER to CANDIDATE at term 0 for changeToCandidate
2019-11-15 20:29:53,564 [Thread-1772] INFO  impl.RoleInfo (RoleInfo.java:updateAndGet(143)) - 8a1675e0-6aea-4c3b-8be7-5ae20a1ca49e: start LeaderElection
2019-11-15 20:29:53,582 [Thread-1771] INFO  impl.FollowerState (FollowerState.java:run(111)) - 0a519b4d-4b4e-4277-8a94-337d2dc88e84@group-D7B38365AB4D-FollowerState: change to CANDIDATE, lastRpcTime:1026ms, electionTimeout:1021ms
2019-11-15 20:29:53,584 [Thread-1771] INFO  impl.RoleInfo (RoleInfo.java:shutdownFollowerState(121)) - 0a519b4d-4b4e-4277-8a94-337d2dc88e84: shutdown FollowerState
2019-11-15 20:29:53,584 [Thread-1771] INFO  impl.RaftServerImpl (RaftServerImpl.java:setRole(173)) - 0a519b4d-4b4e-4277-8a94-337d2dc88e84@group-D7B38365AB4D: changes role from  FOLLOWER to CANDIDATE at term 0 for changeToCandidate
2019-11-15 20:29:53,584 [Thread-1771] INFO  impl.RoleInfo (RoleInfo.java:updateAndGet(143)) - 0a519b4d-4b4e-4277-8a94-337d2dc88e84: start LeaderElection
2019-11-15 20:29:53,605 [3276412b-a8eb-4e99-a9e7-479baf35f503@group-11B973C7C2C8-SegmentedRaftLogWorker] INFO  segmented.SegmentedRaftLogWorker (SegmentedRaftLogWorker.java:execute(576)) - 3276412b-a8eb-4e99-a9e7-479baf35f503@group-11B973C7C2C8-SegmentedRaftLogWorker: created new log segment /workdir/hadoop-ozone/integration-test/target/test-dir/MiniOzoneClusterImpl-383ae012-405b-46cc-a485-9d9df1ba09bf/datanode-4/data/ratis/7415b0d8-534b-4a1c-bddd-11b973c7c2c8/current/log_inprogress_0
2019-11-15 20:29:53,605 [8a1675e0-6aea-4c3b-8be7-5ae20a1ca49e@group-D7B38365AB4D-LeaderElection35] INFO  impl.LeaderElection (LeaderElection.java:askForVotes(178)) - 8a1675e0-6aea-4c3b-8be7-5ae20a1ca49e@group-D7B38365AB4D-LeaderElection35: begin an election at term 1 for -1: [8a1675e0-6aea-4c3b-8be7-5ae20a1ca49e:192.168.157.201:42325, 0a519b4d-4b4e-4277-8a94-337d2dc88e84:192.168.157.201:36611, 47ad85fd-142d-4fcb-95da-99123aa57c3f:192.168.157.201:35088], old=null
2019-11-15 20:29:53,605 [0a519b4d-4b4e-4277-8a94-337d2dc88e84@group-D7B38365AB4D-LeaderElection36] INFO  impl.LeaderElection (LeaderElection.java:askForVotes(178)) - 0a519b4d-4b4e-4277-8a94-337d2dc88e84@group-D7B38365AB4D-LeaderElection36: begin an election at term 1 for -1: [8a1675e0-6aea-4c3b-8be7-5ae20a1ca49e:192.168.157.201:42325, 0a519b4d-4b4e-4277-8a94-337d2dc88e84:192.168.157.201:36611, 47ad85fd-142d-4fcb-95da-99123aa57c3f:192.168.157.201:35088], old=null
2019-11-15 20:29:53,613 [grpc-default-executor-3] INFO  impl.RaftServerImpl (RaftServerImpl.java:setRole(173)) - 47ad85fd-142d-4fcb-95da-99123aa57c3f@group-D7B38365AB4D: changes role from  FOLLOWER to FOLLOWER at term 1 for recognizeCandidate:0a519b4d-4b4e-4277-8a94-337d2dc88e84
2019-11-15 20:29:53,613 [grpc-default-executor-3] INFO  impl.RoleInfo (RoleInfo.java:shutdownFollowerState(121)) - 47ad85fd-142d-4fcb-95da-99123aa57c3f: shutdown FollowerState
2019-11-15 20:29:53,614 [Thread-1767] INFO  impl.FollowerState (FollowerState.java:run(120)) - 47ad85fd-142d-4fcb-95da-99123aa57c3f@group-D7B38365AB4D-FollowerState was interrupted: java.lang.InterruptedException: sleep interrupted
2019-11-15 20:29:53,614 [grpc-default-executor-3] INFO  impl.RoleInfo (RoleInfo.java:updateAndGet(143)) - 47ad85fd-142d-4fcb-95da-99123aa57c3f: start FollowerState
2019-11-15 20:29:53,641 [Thread-1776] INFO  impl.FollowerState (FollowerState.java:run(111)) - 9cc1e37a-4716-4cf9-9175-b0181c43ba93@group-2486971252FF-FollowerState: change to CANDIDATE, lastRpcTime:1002ms, electionTimeout:1002ms
2019-11-15 20:29:53,641 [Thread-1776] INFO  impl.RoleInfo (RoleInfo.java:shutdownFollowerState(121)) - 9cc1e37a-4716-4cf9-9175-b0181c43ba93: shutdown FollowerState
2019-11-15 20:29:53,641 [Thread-1776] INFO  impl.RaftServerImpl (RaftServerImpl.java:setRole(173)) - 9cc1e37a-4716-4cf9-9175-b0181c43ba93@group-2486971252FF: changes role from  FOLLOWER to CANDIDATE at term 0 for changeToCandidate
2019-11-15 20:29:53,641 [Thread-1776] INFO  impl.RoleInfo (RoleInfo.java:updateAndGet(143)) - 9cc1e37a-4716-4cf9-9175-b0181c43ba93: start LeaderElection
2019-11-15 20:29:53,648 [main] INFO  ozone.MiniOzoneClusterImpl (MiniOzoneClusterImpl.java:lambda$waitForClusterToBeReady$2(163)) - Waiting for 2 number of pipelines out of 7, to report a leader.
2019-11-15 20:29:53,653 [8a1675e0-6aea-4c3b-8be7-5ae20a1ca49e@group-D7B38365AB4D-LeaderElection35] INFO  impl.LeaderElection (LeaderElection.java:logAndReturn(56)) - 8a1675e0-6aea-4c3b-8be7-5ae20a1ca49e@group-D7B38365AB4D-LeaderElection35: Election REJECTED; received 2 response(s) [8a1675e0-6aea-4c3b-8be7-5ae20a1ca49e<-0a519b4d-4b4e-4277-8a94-337d2dc88e84#0:FAIL-t1, 8a1675e0-6aea-4c3b-8be7-5ae20a1ca49e<-47ad85fd-142d-4fcb-95da-99123aa57c3f#0:FAIL-t1] and 0 exception(s); 8a1675e0-6aea-4c3b-8be7-5ae20a1ca49e@group-D7B38365AB4D:t1, leader=null, voted=8a1675e0-6aea-4c3b-8be7-5ae20a1ca49e, raftlog=8a1675e0-6aea-4c3b-8be7-5ae20a1ca49e@group-D7B38365AB4D-SegmentedRaftLog:OPENED:c-1,f-1,i0, conf=-1: [8a1675e0-6aea-4c3b-8be7-5ae20a1ca49e:192.168.157.201:42325, 0a519b4d-4b4e-4277-8a94-337d2dc88e84:192.168.157.201:36611, 47ad85fd-142d-4fcb-95da-99123aa57c3f:192.168.157.201:35088], old=null
2019-11-15 20:29:53,653 [0a519b4d-4b4e-4277-8a94-337d2dc88e84@group-D7B38365AB4D-LeaderElection36] INFO  impl.LeaderElection (LeaderElection.java:logAndReturn(56)) - 0a519b4d-4b4e-4277-8a94-337d2dc88e84@group-D7B38365AB4D-LeaderElection36: Election PASSED; received 2 response(s) [0a519b4d-4b4e-4277-8a94-337d2dc88e84<-8a1675e0-6aea-4c3b-8be7-5ae20a1ca49e#0:FAIL-t1, 0a519b4d-4b4e-4277-8a94-337d2dc88e84<-47ad85fd-142d-4fcb-95da-99123aa57c3f#0:OK-t1] and 0 exception(s); 0a519b4d-4b4e-4277-8a94-337d2dc88e84@group-D7B38365AB4D:t1, leader=null, voted=0a519b4d-4b4e-4277-8a94-337d2dc88e84, raftlog=0a519b4d-4b4e-4277-8a94-337d2dc88e84@group-D7B38365AB4D-SegmentedRaftLog:OPENED:c-1,f-1,i0, conf=-1: [8a1675e0-6aea-4c3b-8be7-5ae20a1ca49e:192.168.157.201:42325, 0a519b4d-4b4e-4277-8a94-337d2dc88e84:192.168.157.201:36611, 47ad85fd-142d-4fcb-95da-99123aa57c3f:192.168.157.201:35088], old=null
2019-11-15 20:29:53,653 [8a1675e0-6aea-4c3b-8be7-5ae20a1ca49e@group-D7B38365AB4D-LeaderElection35] INFO  impl.RaftServerImpl (RaftServerImpl.java:setRole(173)) - 8a1675e0-6aea-4c3b-8be7-5ae20a1ca49e@group-D7B38365AB4D: changes role from CANDIDATE to FOLLOWER at term 1 for DISCOVERED_A_NEW_TERM
2019-11-15 20:29:53,655 [8a1675e0-6aea-4c3b-8be7-5ae20a1ca49e@group-D7B38365AB4D-LeaderElection35] INFO  impl.RoleInfo (RoleInfo.java:shutdownLeaderElection(134)) - 8a1675e0-6aea-4c3b-8be7-5ae20a1ca49e: shutdown LeaderElection
2019-11-15 20:29:53,653 [0a519b4d-4b4e-4277-8a94-337d2dc88e84@group-D7B38365AB4D-LeaderElection36] INFO  impl.RoleInfo (RoleInfo.java:shutdownLeaderElection(134)) - 0a519b4d-4b4e-4277-8a94-337d2dc88e84: shutdown LeaderElection
2019-11-15 20:29:53,656 [8a1675e0-6aea-4c3b-8be7-5ae20a1ca49e@group-D7B38365AB4D-LeaderElection35] INFO  impl.RoleInfo (RoleInfo.java:updateAndGet(143)) - 8a1675e0-6aea-4c3b-8be7-5ae20a1ca49e: start FollowerState
2019-11-15 20:29:53,656 [0a519b4d-4b4e-4277-8a94-337d2dc88e84@group-D7B38365AB4D-LeaderElection36] INFO  impl.RaftServerImpl (RaftServerImpl.java:setRole(173)) - 0a519b4d-4b4e-4277-8a94-337d2dc88e84@group-D7B38365AB4D: changes role from CANDIDATE to LEADER at term 1 for changeToLeader
2019-11-15 20:29:53,657 [0a519b4d-4b4e-4277-8a94-337d2dc88e84@group-D7B38365AB4D-LeaderElection36] INFO  ratis.XceiverServerRatis (XceiverServerRatis.java:handleLeaderChangedNotification(697)) - Leader change notification received for group: group-D7B38365AB4D with new leaderId: 0a519b4d-4b4e-4277-8a94-337d2dc88e84
2019-11-15 20:29:53,657 [0a519b4d-4b4e-4277-8a94-337d2dc88e84@group-D7B38365AB4D-LeaderElection36] INFO  impl.RaftServerImpl (ServerState.java:setLeader(255)) - 0a519b4d-4b4e-4277-8a94-337d2dc88e84@group-D7B38365AB4D: change Leader from null to 0a519b4d-4b4e-4277-8a94-337d2dc88e84 at term 1 for becomeLeader, leader elected after 1110ms
2019-11-15 20:29:53,657 [0a519b4d-4b4e-4277-8a94-337d2dc88e84@group-D7B38365AB4D-LeaderElection36] INFO  server.RaftServerConfigKeys (ConfUtils.java:logGet(43)) - raft.server.staging.catchup.gap = 1000 (default)
2019-11-15 20:29:53,657 [0a519b4d-4b4e-4277-8a94-337d2dc88e84@group-D7B38365AB4D-LeaderElection36] INFO  server.RaftServerConfigKeys (ConfUtils.java:logGet(43)) - raft.server.rpc.sleep.time = 25ms (default)
2019-11-15 20:29:53,657 [0a519b4d-4b4e-4277-8a94-337d2dc88e84@group-D7B38365AB4D-LeaderElection36] INFO  server.RaftServerConfigKeys (ConfUtils.java:logGet(43)) - raft.server.write.element-limit = 4096 (default)
2019-11-15 20:29:53,658 [0a519b4d-4b4e-4277-8a94-337d2dc88e84@group-D7B38365AB4D-LeaderElection36] INFO  server.RaftServerConfigKeys (ConfUtils.java:logGet(43)) - raft.server.watch.timeout = 10s (default)
2019-11-15 20:29:53,658 [0a519b4d-4b4e-4277-8a94-337d2dc88e84@group-D7B38365AB4D-LeaderElection36] INFO  server.RaftServerConfigKeys (ConfUtils.java:logGet(43)) - raft.server.watch.timeout.denomination = 1s (default)
2019-11-15 20:29:53,658 [0a519b4d-4b4e-4277-8a94-337d2dc88e84@group-D7B38365AB4D-LeaderElection36] INFO  server.RaftServerConfigKeys (ConfUtils.java:logGet(43)) - raft.server.watch.element-limit = 65536 (default)
2019-11-15 20:29:53,658 [EventQueue-PipelineReportForPipelineReportHandler] INFO  pipeline.PipelineStateManager (PipelineStateManager.java:openPipeline(134)) - Pipeline Pipeline[ Id: 2c8f895b-0d99-4663-bf4a-d7b38365ab4d, Nodes: 8a1675e0-6aea-4c3b-8be7-5ae20a1ca49e{ip: 192.168.157.201, host: pr-hdds-2514-unusedmethodparam-9qkq7-1267773169, networkLocation: /default-rack, certSerialId: null}0a519b4d-4b4e-4277-8a94-337d2dc88e84{ip: 192.168.157.201, host: pr-hdds-2514-unusedmethodparam-9qkq7-1267773169, networkLocation: /default-rack, certSerialId: null}47ad85fd-142d-4fcb-95da-99123aa57c3f{ip: 192.168.157.201, host: pr-hdds-2514-unusedmethodparam-9qkq7-1267773169, networkLocation: /default-rack, certSerialId: null}, Type:RATIS, Factor:THREE, State:OPEN] moved to OPEN state
2019-11-15 20:29:53,658 [0a519b4d-4b4e-4277-8a94-337d2dc88e84@group-D7B38365AB4D-LeaderElection36] INFO  server.RaftServerConfigKeys (ConfUtils.java:logGet(43)) - raft.server.log.appender.snapshot.chunk.size.max = 16MB (=16777216) (default)
2019-11-15 20:29:53,658 [0a519b4d-4b4e-4277-8a94-337d2dc88e84@group-D7B38365AB4D-LeaderElection36] INFO  server.RaftServerConfigKeys (ConfUtils.java:logGet(43)) - raft.server.log.appender.buffer.byte-limit = 33554432 (custom)
2019-11-15 20:29:53,659 [0a519b4d-4b4e-4277-8a94-337d2dc88e84@group-D7B38365AB4D-LeaderElection36] INFO  server.RaftServerConfigKeys (ConfUtils.java:logGet(43)) - raft.server.log.appender.buffer.element-limit = 1 (custom)
2019-11-15 20:29:53,659 [0a519b4d-4b4e-4277-8a94-337d2dc88e84@group-D7B38365AB4D-LeaderElection36] INFO  grpc.GrpcConfigKeys$Server (ConfUtils.java:logGet(43)) - raft.grpc.server.leader.outstanding.appends.max = 128 (default)
2019-11-15 20:29:53,659 [0a519b4d-4b4e-4277-8a94-337d2dc88e84@group-D7B38365AB4D-LeaderElection36] INFO  server.RaftServerConfigKeys (ConfUtils.java:logGet(43)) - raft.server.rpc.request.timeout = 3000ms (default)
2019-11-15 20:29:53,659 [0a519b4d-4b4e-4277-8a94-337d2dc88e84@group-D7B38365AB4D-LeaderElection36] INFO  server.RaftServerConfigKeys (ConfUtils.java:logGet(43)) - raft.server.log.appender.install.snapshot.enabled = false (custom)
2019-11-15 20:29:53,659 [0a519b4d-4b4e-4277-8a94-337d2dc88e84@group-D7B38365AB4D-LeaderElection36] WARN  impl.MetricRegistriesImpl (MetricRegistriesImpl.java:lambda$create$1(61)) - First MetricRegistry has been created without registering reporters. You may need to call MetricRegistries.global().addReportRegistration(...) before.
2019-11-15 20:29:53,660 [0a519b4d-4b4e-4277-8a94-337d2dc88e84@group-D7B38365AB4D-LeaderElection36] INFO  server.RaftServerConfigKeys (ConfUtils.java:logGet(43)) - raft.server.log.appender.snapshot.chunk.size.max = 16MB (=16777216) (default)
2019-11-15 20:29:53,660 [0a519b4d-4b4e-4277-8a94-337d2dc88e84@group-D7B38365AB4D-LeaderElection36] INFO  server.RaftServerConfigKeys (ConfUtils.java:logGet(43)) - raft.server.log.appender.buffer.byte-limit = 33554432 (custom)
2019-11-15 20:29:53,660 [0a519b4d-4b4e-4277-8a94-337d2dc88e84@group-D7B38365AB4D-LeaderElection36] INFO  server.RaftServerConfigKeys (ConfUtils.java:logGet(43)) - raft.server.log.appender.buffer.element-limit = 1 (custom)
2019-11-15 20:29:53,660 [0a519b4d-4b4e-4277-8a94-337d2dc88e84@group-D7B38365AB4D-LeaderElection36] INFO  grpc.GrpcConfigKeys$Server (ConfUtils.java:logGet(43)) - raft.grpc.server.leader.outstanding.appends.max = 128 (default)
2019-11-15 20:29:53,660 [0a519b4d-4b4e-4277-8a94-337d2dc88e84@group-D7B38365AB4D-LeaderElection36] INFO  server.RaftServerConfigKeys (ConfUtils.java:logGet(43)) - raft.server.rpc.request.timeout = 3000ms (default)
2019-11-15 20:29:53,661 [0a519b4d-4b4e-4277-8a94-337d2dc88e84@group-D7B38365AB4D-LeaderElection36] INFO  server.RaftServerConfigKeys (ConfUtils.java:logGet(43)) - raft.server.log.appender.install.snapshot.enabled = false (custom)
2019-11-15 20:29:53,661 [0a519b4d-4b4e-4277-8a94-337d2dc88e84@group-D7B38365AB4D-LeaderElection36] INFO  impl.RoleInfo (RoleInfo.java:updateAndGet(143)) - 0a519b4d-4b4e-4277-8a94-337d2dc88e84: start LeaderState
2019-11-15 20:29:53,661 [0a519b4d-4b4e-4277-8a94-337d2dc88e84@group-D7B38365AB4D-LeaderElection36] INFO  segmented.SegmentedRaftLogWorker (SegmentedRaftLogWorker.java:startLogSegment(385)) - 0a519b4d-4b4e-4277-8a94-337d2dc88e84@group-D7B38365AB4D-SegmentedRaftLogWorker: Starting segment from index:0
2019-11-15 20:29:53,662 [0a519b4d-4b4e-4277-8a94-337d2dc88e84@group-D7B38365AB4D-LeaderElection36] INFO  impl.RaftServerImpl (ServerState.java:setRaftConf(356)) - 0a519b4d-4b4e-4277-8a94-337d2dc88e84@group-D7B38365AB4D: set configuration 0: [8a1675e0-6aea-4c3b-8be7-5ae20a1ca49e:192.168.157.201:42325, 0a519b4d-4b4e-4277-8a94-337d2dc88e84:192.168.157.201:36611, 47ad85fd-142d-4fcb-95da-99123aa57c3f:192.168.157.201:35088], old=null at 0
2019-11-15 20:29:53,692 [9cc1e37a-4716-4cf9-9175-b0181c43ba93@group-2486971252FF-LeaderElection37] INFO  impl.LeaderElection (LeaderElection.java:askForVotes(178)) - 9cc1e37a-4716-4cf9-9175-b0181c43ba93@group-2486971252FF-LeaderElection37: begin an election at term 1 for -1: [3276412b-a8eb-4e99-a9e7-479baf35f503:192.168.157.201:46486, 0aaa2776-51af-4c10-a5a9-2fdcde9d3167:192.168.157.201:44120, 9cc1e37a-4716-4cf9-9175-b0181c43ba93:192.168.157.201:43898], old=null
2019-11-15 20:29:53,695 [grpc-default-executor-4] INFO  ratis.XceiverServerRatis (XceiverServerRatis.java:handleLeaderChangedNotification(697)) - Leader change notification received for group: group-D7B38365AB4D with new leaderId: 0a519b4d-4b4e-4277-8a94-337d2dc88e84
2019-11-15 20:29:53,695 [grpc-default-executor-3] INFO  ratis.XceiverServerRatis (XceiverServerRatis.java:handleLeaderChangedNotification(697)) - Leader change notification received for group: group-D7B38365AB4D with new leaderId: 0a519b4d-4b4e-4277-8a94-337d2dc88e84
2019-11-15 20:29:53,695 [grpc-default-executor-3] INFO  impl.RaftServerImpl (ServerState.java:setLeader(255)) - 8a1675e0-6aea-4c3b-8be7-5ae20a1ca49e@group-D7B38365AB4D: change Leader from null to 0a519b4d-4b4e-4277-8a94-337d2dc88e84 at term 1 for appendEntries, leader elected after 1148ms
2019-11-15 20:29:53,695 [grpc-default-executor-4] INFO  impl.RaftServerImpl (ServerState.java:setLeader(255)) - 47ad85fd-142d-4fcb-95da-99123aa57c3f@group-D7B38365AB4D: change Leader from null to 0a519b4d-4b4e-4277-8a94-337d2dc88e84 at term 1 for appendEntries, leader elected after 1148ms
2019-11-15 20:29:53,702 [grpc-default-executor-4] INFO  impl.RaftServerImpl (RaftServerImpl.java:setRole(173)) - 0aaa2776-51af-4c10-a5a9-2fdcde9d3167@group-2486971252FF: changes role from  FOLLOWER to FOLLOWER at term 1 for recognizeCandidate:9cc1e37a-4716-4cf9-9175-b0181c43ba93
2019-11-15 20:29:53,702 [grpc-default-executor-3] INFO  impl.RaftServerImpl (ServerState.java:setRaftConf(356)) - 8a1675e0-6aea-4c3b-8be7-5ae20a1ca49e@group-D7B38365AB4D: set configuration 0: [8a1675e0-6aea-4c3b-8be7-5ae20a1ca49e:192.168.157.201:42325, 0a519b4d-4b4e-4277-8a94-337d2dc88e84:192.168.157.201:36611, 47ad85fd-142d-4fcb-95da-99123aa57c3f:192.168.157.201:35088], old=null at 0
2019-11-15 20:29:53,704 [grpc-default-executor-6] INFO  impl.RaftServerImpl (RaftServerImpl.java:setRole(173)) - 3276412b-a8eb-4e99-a9e7-479baf35f503@group-2486971252FF: changes role from  FOLLOWER to FOLLOWER at term 1 for recognizeCandidate:9cc1e37a-4716-4cf9-9175-b0181c43ba93
2019-11-15 20:29:53,702 [grpc-default-executor-4] INFO  impl.RoleInfo (RoleInfo.java:shutdownFollowerState(121)) - 0aaa2776-51af-4c10-a5a9-2fdcde9d3167: shutdown FollowerState
2019-11-15 20:29:53,704 [grpc-default-executor-6] INFO  impl.RoleInfo (RoleInfo.java:shutdownFollowerState(121)) - 3276412b-a8eb-4e99-a9e7-479baf35f503: shutdown FollowerState
2019-11-15 20:29:53,704 [grpc-default-executor-3] INFO  segmented.SegmentedRaftLogWorker (SegmentedRaftLogWorker.java:startLogSegment(385)) - 8a1675e0-6aea-4c3b-8be7-5ae20a1ca49e@group-D7B38365AB4D-SegmentedRaftLogWorker: Starting segment from index:0
2019-11-15 20:29:53,704 [grpc-default-executor-1] INFO  impl.RaftServerImpl (ServerState.java:setRaftConf(356)) - 47ad85fd-142d-4fcb-95da-99123aa57c3f@group-D7B38365AB4D: set configuration 0: [8a1675e0-6aea-4c3b-8be7-5ae20a1ca49e:192.168.157.201:42325, 0a519b4d-4b4e-4277-8a94-337d2dc88e84:192.168.157.201:36611, 47ad85fd-142d-4fcb-95da-99123aa57c3f:192.168.157.201:35088], old=null at 0
2019-11-15 20:29:53,704 [Thread-1781] INFO  impl.FollowerState (FollowerState.java:run(120)) - 3276412b-a8eb-4e99-a9e7-479baf35f503@group-2486971252FF-FollowerState was interrupted: java.lang.InterruptedException: sleep interrupted
2019-11-15 20:29:53,704 [grpc-default-executor-6] INFO  impl.RoleInfo (RoleInfo.java:updateAndGet(143)) - 3276412b-a8eb-4e99-a9e7-479baf35f503: start FollowerState
2019-11-15 20:29:53,704 [Thread-1780] INFO  impl.FollowerState (FollowerState.java:run(120)) - 0aaa2776-51af-4c10-a5a9-2fdcde9d3167@group-2486971252FF-FollowerState was interrupted: java.lang.InterruptedException: sleep interrupted
2019-11-15 20:29:53,704 [grpc-default-executor-4] INFO  impl.RoleInfo (RoleInfo.java:updateAndGet(143)) - 0aaa2776-51af-4c10-a5a9-2fdcde9d3167: start FollowerState
2019-11-15 20:29:53,705 [grpc-default-executor-1] INFO  segmented.SegmentedRaftLogWorker (SegmentedRaftLogWorker.java:startLogSegment(385)) - 47ad85fd-142d-4fcb-95da-99123aa57c3f@group-D7B38365AB4D-SegmentedRaftLogWorker: Starting segment from index:0
2019-11-15 20:29:53,719 [0a519b4d-4b4e-4277-8a94-337d2dc88e84@group-D7B38365AB4D-SegmentedRaftLogWorker] INFO  segmented.SegmentedRaftLogWorker (SegmentedRaftLogWorker.java:execute(576)) - 0a519b4d-4b4e-4277-8a94-337d2dc88e84@group-D7B38365AB4D-SegmentedRaftLogWorker: created new log segment /workdir/hadoop-ozone/integration-test/target/test-dir/MiniOzoneClusterImpl-383ae012-405b-46cc-a485-9d9df1ba09bf/datanode-3/data/ratis/2c8f895b-0d99-4663-bf4a-d7b38365ab4d/current/log_inprogress_0
2019-11-15 20:29:53,737 [9cc1e37a-4716-4cf9-9175-b0181c43ba93@group-2486971252FF-LeaderElection37] INFO  impl.LeaderElection (LeaderElection.java:logAndReturn(56)) - 9cc1e37a-4716-4cf9-9175-b0181c43ba93@group-2486971252FF-LeaderElection37: Election PASSED; received 1 response(s) [9cc1e37a-4716-4cf9-9175-b0181c43ba93<-3276412b-a8eb-4e99-a9e7-479baf35f503#0:OK-t1] and 0 exception(s); 9cc1e37a-4716-4cf9-9175-b0181c43ba93@group-2486971252FF:t1, leader=null, voted=9cc1e37a-4716-4cf9-9175-b0181c43ba93, raftlog=9cc1e37a-4716-4cf9-9175-b0181c43ba93@group-2486971252FF-SegmentedRaftLog:OPENED:c-1,f-1,i0, conf=-1: [3276412b-a8eb-4e99-a9e7-479baf35f503:192.168.157.201:46486, 0aaa2776-51af-4c10-a5a9-2fdcde9d3167:192.168.157.201:44120, 9cc1e37a-4716-4cf9-9175-b0181c43ba93:192.168.157.201:43898], old=null
2019-11-15 20:29:53,738 [9cc1e37a-4716-4cf9-9175-b0181c43ba93@group-2486971252FF-LeaderElection37] INFO  impl.RoleInfo (RoleInfo.java:shutdownLeaderElection(134)) - 9cc1e37a-4716-4cf9-9175-b0181c43ba93: shutdown LeaderElection
2019-11-15 20:29:53,738 [9cc1e37a-4716-4cf9-9175-b0181c43ba93@group-2486971252FF-LeaderElection37] INFO  impl.RaftServerImpl (RaftServerImpl.java:setRole(173)) - 9cc1e37a-4716-4cf9-9175-b0181c43ba93@group-2486971252FF: changes role from CANDIDATE to LEADER at term 1 for changeToLeader
2019-11-15 20:29:53,738 [9cc1e37a-4716-4cf9-9175-b0181c43ba93@group-2486971252FF-LeaderElection37] INFO  ratis.XceiverServerRatis (XceiverServerRatis.java:handleLeaderChangedNotification(697)) - Leader change notification received for group: group-2486971252FF with new leaderId: 9cc1e37a-4716-4cf9-9175-b0181c43ba93
2019-11-15 20:29:53,738 [9cc1e37a-4716-4cf9-9175-b0181c43ba93@group-2486971252FF-LeaderElection37] INFO  impl.RaftServerImpl (ServerState.java:setLeader(255)) - 9cc1e37a-4716-4cf9-9175-b0181c43ba93@group-2486971252FF: change Leader from null to 9cc1e37a-4716-4cf9-9175-b0181c43ba93 at term 1 for becomeLeader, leader elected after 1105ms
2019-11-15 20:29:53,738 [9cc1e37a-4716-4cf9-9175-b0181c43ba93@group-2486971252FF-LeaderElection37] INFO  server.RaftServerConfigKeys (ConfUtils.java:logGet(43)) - raft.server.staging.catchup.gap = 1000 (default)
2019-11-15 20:29:53,738 [9cc1e37a-4716-4cf9-9175-b0181c43ba93@group-2486971252FF-LeaderElection37] INFO  server.RaftServerConfigKeys (ConfUtils.java:logGet(43)) - raft.server.rpc.sleep.time = 25ms (default)
2019-11-15 20:29:53,739 [9cc1e37a-4716-4cf9-9175-b0181c43ba93@group-2486971252FF-LeaderElection37] INFO  server.RaftServerConfigKeys (ConfUtils.java:logGet(43)) - raft.server.write.element-limit = 4096 (default)
2019-11-15 20:29:53,739 [9cc1e37a-4716-4cf9-9175-b0181c43ba93@group-2486971252FF-LeaderElection37] INFO  server.RaftServerConfigKeys (ConfUtils.java:logGet(43)) - raft.server.watch.timeout = 10s (default)
2019-11-15 20:29:53,739 [9cc1e37a-4716-4cf9-9175-b0181c43ba93@group-2486971252FF-LeaderElection37] INFO  server.RaftServerConfigKeys (ConfUtils.java:logGet(43)) - raft.server.watch.timeout.denomination = 1s (default)
2019-11-15 20:29:53,739 [9cc1e37a-4716-4cf9-9175-b0181c43ba93@group-2486971252FF-LeaderElection37] INFO  server.RaftServerConfigKeys (ConfUtils.java:logGet(43)) - raft.server.watch.element-limit = 65536 (default)
2019-11-15 20:29:53,739 [EventQueue-PipelineReportForPipelineReportHandler] INFO  pipeline.PipelineStateManager (PipelineStateManager.java:openPipeline(134)) - Pipeline Pipeline[ Id: 6b5f03ce-a1aa-42bc-a791-2486971252ff, Nodes: 3276412b-a8eb-4e99-a9e7-479baf35f503{ip: 192.168.157.201, host: pr-hdds-2514-unusedmethodparam-9qkq7-1267773169, networkLocation: /default-rack, certSerialId: null}9cc1e37a-4716-4cf9-9175-b0181c43ba93{ip: 192.168.157.201, host: pr-hdds-2514-unusedmethodparam-9qkq7-1267773169, networkLocation: /default-rack, certSerialId: null}0aaa2776-51af-4c10-a5a9-2fdcde9d3167{ip: 192.168.157.201, host: pr-hdds-2514-unusedmethodparam-9qkq7-1267773169, networkLocation: /default-rack, certSerialId: null}, Type:RATIS, Factor:THREE, State:OPEN] moved to OPEN state
2019-11-15 20:29:53,751 [9cc1e37a-4716-4cf9-9175-b0181c43ba93@group-2486971252FF-LeaderElection37] INFO  server.RaftServerConfigKeys (ConfUtils.java:logGet(43)) - raft.server.log.appender.snapshot.chunk.size.max = 16MB (=16777216) (default)
2019-11-15 20:29:53,751 [9cc1e37a-4716-4cf9-9175-b0181c43ba93@group-2486971252FF-LeaderElection37] INFO  server.RaftServerConfigKeys (ConfUtils.java:logGet(43)) - raft.server.log.appender.buffer.byte-limit = 33554432 (custom)
2019-11-15 20:29:53,751 [9cc1e37a-4716-4cf9-9175-b0181c43ba93@group-2486971252FF-LeaderElection37] INFO  server.RaftServerConfigKeys (ConfUtils.java:logGet(43)) - raft.server.log.appender.buffer.element-limit = 1 (custom)
2019-11-15 20:29:53,752 [9cc1e37a-4716-4cf9-9175-b0181c43ba93@group-2486971252FF-LeaderElection37] INFO  grpc.GrpcConfigKeys$Server (ConfUtils.java:logGet(43)) - raft.grpc.server.leader.outstanding.appends.max = 128 (default)
2019-11-15 20:29:53,752 [9cc1e37a-4716-4cf9-9175-b0181c43ba93@group-2486971252FF-LeaderElection37] INFO  server.RaftServerConfigKeys (ConfUtils.java:logGet(43)) - raft.server.rpc.request.timeout = 3000ms (default)
2019-11-15 20:29:53,752 [9cc1e37a-4716-4cf9-9175-b0181c43ba93@group-2486971252FF-LeaderElection37] INFO  server.RaftServerConfigKeys (ConfUtils.java:logGet(43)) - raft.server.log.appender.install.snapshot.enabled = false (custom)
2019-11-15 20:29:53,752 [9cc1e37a-4716-4cf9-9175-b0181c43ba93@group-2486971252FF-LeaderElection37] WARN  impl.MetricRegistriesImpl (MetricRegistriesImpl.java:lambda$create$1(61)) - First MetricRegistry has been created without registering reporters. You may need to call MetricRegistries.global().addReportRegistration(...) before.
2019-11-15 20:29:53,752 [9cc1e37a-4716-4cf9-9175-b0181c43ba93@group-2486971252FF-LeaderElection37] INFO  server.RaftServerConfigKeys (ConfUtils.java:logGet(43)) - raft.server.log.appender.snapshot.chunk.size.max = 16MB (=16777216) (default)
2019-11-15 20:29:53,753 [9cc1e37a-4716-4cf9-9175-b0181c43ba93@group-2486971252FF-LeaderElection37] INFO  server.RaftServerConfigKeys (ConfUtils.java:logGet(43)) - raft.server.log.appender.buffer.byte-limit = 33554432 (custom)
2019-11-15 20:29:53,753 [9cc1e37a-4716-4cf9-9175-b0181c43ba93@group-2486971252FF-LeaderElection37] INFO  server.RaftServerConfigKeys (ConfUtils.java:logGet(43)) - raft.server.log.appender.buffer.element-limit = 1 (custom)
2019-11-15 20:29:53,753 [9cc1e37a-4716-4cf9-9175-b0181c43ba93@group-2486971252FF-LeaderElection37] INFO  grpc.GrpcConfigKeys$Server (ConfUtils.java:logGet(43)) - raft.grpc.server.leader.outstanding.appends.max = 128 (default)
2019-11-15 20:29:53,753 [9cc1e37a-4716-4cf9-9175-b0181c43ba93@group-2486971252FF-LeaderElection37] INFO  server.RaftServerConfigKeys (ConfUtils.java:logGet(43)) - raft.server.rpc.request.timeout = 3000ms (default)
2019-11-15 20:29:53,753 [9cc1e37a-4716-4cf9-9175-b0181c43ba93@group-2486971252FF-LeaderElection37] INFO  server.RaftServerConfigKeys (ConfUtils.java:logGet(43)) - raft.server.log.appender.install.snapshot.enabled = false (custom)
2019-11-15 20:29:53,753 [9cc1e37a-4716-4cf9-9175-b0181c43ba93@group-2486971252FF-LeaderElection37] INFO  impl.RoleInfo (RoleInfo.java:updateAndGet(143)) - 9cc1e37a-4716-4cf9-9175-b0181c43ba93: start LeaderState
2019-11-15 20:29:53,754 [9cc1e37a-4716-4cf9-9175-b0181c43ba93@group-2486971252FF-LeaderElection37] INFO  segmented.SegmentedRaftLogWorker (SegmentedRaftLogWorker.java:startLogSegment(385)) - 9cc1e37a-4716-4cf9-9175-b0181c43ba93@group-2486971252FF-SegmentedRaftLogWorker: Starting segment from index:0
2019-11-15 20:29:53,754 [9cc1e37a-4716-4cf9-9175-b0181c43ba93@group-2486971252FF-LeaderElection37] INFO  impl.RaftServerImpl (ServerState.java:setRaftConf(356)) - 9cc1e37a-4716-4cf9-9175-b0181c43ba93@group-2486971252FF: set configuration 0: [3276412b-a8eb-4e99-a9e7-479baf35f503:192.168.157.201:46486, 0aaa2776-51af-4c10-a5a9-2fdcde9d3167:192.168.157.201:44120, 9cc1e37a-4716-4cf9-9175-b0181c43ba93:192.168.157.201:43898], old=null at 0
2019-11-15 20:29:53,787 [47ad85fd-142d-4fcb-95da-99123aa57c3f@group-D7B38365AB4D-SegmentedRaftLogWorker] INFO  segmented.SegmentedRaftLogWorker (SegmentedRaftLogWorker.java:execute(576)) - 47ad85fd-142d-4fcb-95da-99123aa57c3f@group-D7B38365AB4D-SegmentedRaftLogWorker: created new log segment /workdir/hadoop-ozone/integration-test/target/test-dir/MiniOzoneClusterImpl-383ae012-405b-46cc-a485-9d9df1ba09bf/datanode-2/data/ratis/2c8f895b-0d99-4663-bf4a-d7b38365ab4d/current/log_inprogress_0
2019-11-15 20:29:53,787 [8a1675e0-6aea-4c3b-8be7-5ae20a1ca49e@group-D7B38365AB4D-SegmentedRaftLogWorker] INFO  segmented.SegmentedRaftLogWorker (SegmentedRaftLogWorker.java:execute(576)) - 8a1675e0-6aea-4c3b-8be7-5ae20a1ca49e@group-D7B38365AB4D-SegmentedRaftLogWorker: created new log segment /workdir/hadoop-ozone/integration-test/target/test-dir/MiniOzoneClusterImpl-383ae012-405b-46cc-a485-9d9df1ba09bf/datanode-1/data/ratis/2c8f895b-0d99-4663-bf4a-d7b38365ab4d/current/log_inprogress_0
2019-11-15 20:29:53,789 [grpc-default-executor-4] INFO  ratis.XceiverServerRatis (XceiverServerRatis.java:handleLeaderChangedNotification(697)) - Leader change notification received for group: group-2486971252FF with new leaderId: 9cc1e37a-4716-4cf9-9175-b0181c43ba93
2019-11-15 20:29:53,789 [grpc-default-executor-6] INFO  ratis.XceiverServerRatis (XceiverServerRatis.java:handleLeaderChangedNotification(697)) - Leader change notification received for group: group-2486971252FF with new leaderId: 9cc1e37a-4716-4cf9-9175-b0181c43ba93
2019-11-15 20:29:53,790 [grpc-default-executor-4] INFO  impl.RaftServerImpl (ServerState.java:setLeader(255)) - 0aaa2776-51af-4c10-a5a9-2fdcde9d3167@group-2486971252FF: change Leader from null to 9cc1e37a-4716-4cf9-9175-b0181c43ba93 at term 1 for appendEntries, leader elected after 1157ms
2019-11-15 20:29:53,790 [grpc-default-executor-6] INFO  impl.RaftServerImpl (ServerState.java:setLeader(255)) - 3276412b-a8eb-4e99-a9e7-479baf35f503@group-2486971252FF: change Leader from null to 9cc1e37a-4716-4cf9-9175-b0181c43ba93 at term 1 for appendEntries, leader elected after 1157ms
2019-11-15 20:29:53,795 [grpc-default-executor-6] INFO  impl.RaftServerImpl (ServerState.java:setRaftConf(356)) - 0aaa2776-51af-4c10-a5a9-2fdcde9d3167@group-2486971252FF: set configuration 0: [3276412b-a8eb-4e99-a9e7-479baf35f503:192.168.157.201:46486, 0aaa2776-51af-4c10-a5a9-2fdcde9d3167:192.168.157.201:44120, 9cc1e37a-4716-4cf9-9175-b0181c43ba93:192.168.157.201:43898], old=null at 0
2019-11-15 20:29:53,795 [grpc-default-executor-4] INFO  impl.RaftServerImpl (ServerState.java:setRaftConf(356)) - 3276412b-a8eb-4e99-a9e7-479baf35f503@group-2486971252FF: set configuration 0: [3276412b-a8eb-4e99-a9e7-479baf35f503:192.168.157.201:46486, 0aaa2776-51af-4c10-a5a9-2fdcde9d3167:192.168.157.201:44120, 9cc1e37a-4716-4cf9-9175-b0181c43ba93:192.168.157.201:43898], old=null at 0
2019-11-15 20:29:53,795 [grpc-default-executor-6] INFO  segmented.SegmentedRaftLogWorker (SegmentedRaftLogWorker.java:startLogSegment(385)) - 0aaa2776-51af-4c10-a5a9-2fdcde9d3167@group-2486971252FF-SegmentedRaftLogWorker: Starting segment from index:0
2019-11-15 20:29:53,795 [grpc-default-executor-4] INFO  segmented.SegmentedRaftLogWorker (SegmentedRaftLogWorker.java:startLogSegment(385)) - 3276412b-a8eb-4e99-a9e7-479baf35f503@group-2486971252FF-SegmentedRaftLogWorker: Starting segment from index:0
2019-11-15 20:29:53,812 [9cc1e37a-4716-4cf9-9175-b0181c43ba93@group-2486971252FF-SegmentedRaftLogWorker] INFO  segmented.SegmentedRaftLogWorker (SegmentedRaftLogWorker.java:execute(576)) - 9cc1e37a-4716-4cf9-9175-b0181c43ba93@group-2486971252FF-SegmentedRaftLogWorker: created new log segment /workdir/hadoop-ozone/integration-test/target/test-dir/MiniOzoneClusterImpl-383ae012-405b-46cc-a485-9d9df1ba09bf/datanode-0/data/ratis/6b5f03ce-a1aa-42bc-a791-2486971252ff/current/log_inprogress_0
2019-11-15 20:29:53,846 [0aaa2776-51af-4c10-a5a9-2fdcde9d3167@group-2486971252FF-SegmentedRaftLogWorker] INFO  segmented.SegmentedRaftLogWorker (SegmentedRaftLogWorker.java:execute(576)) - 0aaa2776-51af-4c10-a5a9-2fdcde9d3167@group-2486971252FF-SegmentedRaftLogWorker: created new log segment /workdir/hadoop-ozone/integration-test/target/test-dir/MiniOzoneClusterImpl-383ae012-405b-46cc-a485-9d9df1ba09bf/datanode-5/data/ratis/6b5f03ce-a1aa-42bc-a791-2486971252ff/current/log_inprogress_0
2019-11-15 20:29:53,846 [3276412b-a8eb-4e99-a9e7-479baf35f503@group-2486971252FF-SegmentedRaftLogWorker] INFO  segmented.SegmentedRaftLogWorker (SegmentedRaftLogWorker.java:execute(576)) - 3276412b-a8eb-4e99-a9e7-479baf35f503@group-2486971252FF-SegmentedRaftLogWorker: created new log segment /workdir/hadoop-ozone/integration-test/target/test-dir/MiniOzoneClusterImpl-383ae012-405b-46cc-a485-9d9df1ba09bf/datanode-4/data/ratis/6b5f03ce-a1aa-42bc-a791-2486971252ff/current/log_inprogress_0
2019-11-15 20:29:54,653 [main] INFO  ozone.MiniOzoneClusterImpl (MiniOzoneClusterImpl.java:lambda$waitForClusterToBeReady$2(171)) - Cluster is ready. Got 6 of 6 DN Heartbeats.
2019-11-15 20:29:54,679 [main] INFO  rpc.RpcClient (RpcClient.java:createVolume(292)) - Creating Volume: datanodefailurehandlingtest, with jenkins1000 as owner.
2019-11-15 20:29:54,682 [IPC Server handler 2 on 36689] INFO  volume.OMVolumeCreateRequest (OMVolumeCreateRequest.java:validateAndUpdateCache(193)) - created volume:datanodefailurehandlingtest for user:jenkins1000
2019-11-15 20:29:54,731 [main] INFO  rpc.RpcClient (RpcClient.java:createBucket(431)) - Creating Bucket: datanodefailurehandlingtest/datanodefailurehandlingtest, with Versioning false and Storage Type set to DISK and Encryption set to false 
2019-11-15 20:29:55,110 [Thread-1750] INFO  container.ReplicationManager (ReplicationManager.java:start(162)) - Starting Replication Monitor Thread.
2019-11-15 20:29:55,111 [Thread-1750] INFO  pipeline.SCMPipelineManager (SCMPipelineManager.java:finalizeAndDestroyPipeline(315)) - destroying pipeline:Pipeline[ Id: cc2d2689-b03a-40fe-9ca9-ba5449bc7e71, Nodes: 47ad85fd-142d-4fcb-95da-99123aa57c3f{ip: 192.168.157.201, host: pr-hdds-2514-unusedmethodparam-9qkq7-1267773169, networkLocation: /default-rack, certSerialId: null}, Type:RATIS, Factor:ONE, State:OPEN]
2019-11-15 20:29:55,112 [Thread-1750] INFO  pipeline.PipelineStateManager (PipelineStateManager.java:finalizePipeline(121)) - Pipeline Pipeline[ Id: cc2d2689-b03a-40fe-9ca9-ba5449bc7e71, Nodes: 47ad85fd-142d-4fcb-95da-99123aa57c3f{ip: 192.168.157.201, host: pr-hdds-2514-unusedmethodparam-9qkq7-1267773169, networkLocation: /default-rack, certSerialId: null}, Type:RATIS, Factor:ONE, State:CLOSED] moved to CLOSED state
2019-11-15 20:29:55,112 [ReplicationMonitor] INFO  container.ReplicationManager (ReplicationManager.java:run(225)) - Replication Monitor Thread took 1 milliseconds for processing 1 containers.
2019-11-15 20:29:55,115 [grpc-default-executor-1] INFO  impl.RaftServerProxy (RaftServerProxy.java:remove(95)) - 47ad85fd-142d-4fcb-95da-99123aa57c3f: remove    LEADER 47ad85fd-142d-4fcb-95da-99123aa57c3f@group-BA5449BC7E71:t1, leader=47ad85fd-142d-4fcb-95da-99123aa57c3f, voted=47ad85fd-142d-4fcb-95da-99123aa57c3f, raftlog=47ad85fd-142d-4fcb-95da-99123aa57c3f@group-BA5449BC7E71-SegmentedRaftLog:OPENED:c0,f0,i0, conf=0: [47ad85fd-142d-4fcb-95da-99123aa57c3f:192.168.157.201:35088], old=null RUNNING
2019-11-15 20:29:55,116 [grpc-default-executor-1] INFO  impl.RaftServerImpl (RaftServerImpl.java:lambda$shutdown$3(250)) - 47ad85fd-142d-4fcb-95da-99123aa57c3f@group-BA5449BC7E71: shutdown
2019-11-15 20:29:55,116 [grpc-default-executor-1] INFO  util.JmxRegister (JmxRegister.java:unregister(73)) - Successfully un-registered JMX Bean with object name Ratis:service=RaftServer,group=group-BA5449BC7E71,id=47ad85fd-142d-4fcb-95da-99123aa57c3f
2019-11-15 20:29:55,116 [grpc-default-executor-1] INFO  impl.RoleInfo (RoleInfo.java:shutdownLeaderState(104)) - 47ad85fd-142d-4fcb-95da-99123aa57c3f: shutdown LeaderState
2019-11-15 20:29:55,116 [grpc-default-executor-1] INFO  impl.PendingRequests (PendingRequests.java:sendNotLeaderResponses(206)) - 47ad85fd-142d-4fcb-95da-99123aa57c3f@group-BA5449BC7E71-PendingRequests: sendNotLeaderResponses
2019-11-15 20:29:55,116 [grpc-default-executor-1] INFO  impl.StateMachineUpdater (StateMachineUpdater.java:stopAndJoin(136)) - 47ad85fd-142d-4fcb-95da-99123aa57c3f@group-BA5449BC7E71-StateMachineUpdater: set stopIndex = 0
2019-11-15 20:29:55,116 [grpc-default-executor-1] INFO  impl.RaftServerImpl (ServerState.java:close(387)) - 47ad85fd-142d-4fcb-95da-99123aa57c3f@group-BA5449BC7E71: closes. applyIndex: 0
2019-11-15 20:29:55,117 [47ad85fd-142d-4fcb-95da-99123aa57c3f@group-BA5449BC7E71-SegmentedRaftLogWorker] INFO  segmented.SegmentedRaftLogWorker (SegmentedRaftLogWorker.java:run(316)) - 47ad85fd-142d-4fcb-95da-99123aa57c3f@group-BA5449BC7E71-SegmentedRaftLogWorker was interrupted, exiting. There are 0 tasks remaining in the queue.
2019-11-15 20:29:55,122 [grpc-default-executor-1] INFO  segmented.SegmentedRaftLogWorker (SegmentedRaftLogWorker.java:close(224)) - 47ad85fd-142d-4fcb-95da-99123aa57c3f@group-BA5449BC7E71-SegmentedRaftLogWorker close()
2019-11-15 20:29:55,126 [Thread-1750] INFO  pipeline.PipelineStateManager (PipelineStateManager.java:removePipeline(106)) - Pipeline Pipeline[ Id: cc2d2689-b03a-40fe-9ca9-ba5449bc7e71, Nodes: 47ad85fd-142d-4fcb-95da-99123aa57c3f{ip: 192.168.157.201, host: pr-hdds-2514-unusedmethodparam-9qkq7-1267773169, networkLocation: /default-rack, certSerialId: null}, Type:RATIS, Factor:ONE, State:CLOSED] removed from db
2019-11-15 20:29:55,128 [Thread-1750] INFO  pipeline.SCMPipelineManager (SCMPipelineManager.java:finalizeAndDestroyPipeline(315)) - destroying pipeline:Pipeline[ Id: 7415b0d8-534b-4a1c-bddd-11b973c7c2c8, Nodes: 3276412b-a8eb-4e99-a9e7-479baf35f503{ip: 192.168.157.201, host: pr-hdds-2514-unusedmethodparam-9qkq7-1267773169, networkLocation: /default-rack, certSerialId: null}, Type:RATIS, Factor:ONE, State:OPEN]
2019-11-15 20:29:55,128 [Thread-1750] INFO  pipeline.PipelineStateManager (PipelineStateManager.java:finalizePipeline(121)) - Pipeline Pipeline[ Id: 7415b0d8-534b-4a1c-bddd-11b973c7c2c8, Nodes: 3276412b-a8eb-4e99-a9e7-479baf35f503{ip: 192.168.157.201, host: pr-hdds-2514-unusedmethodparam-9qkq7-1267773169, networkLocation: /default-rack, certSerialId: null}, Type:RATIS, Factor:ONE, State:CLOSED] moved to CLOSED state
2019-11-15 20:29:55,131 [grpc-default-executor-4] INFO  impl.RaftServerProxy (RaftServerProxy.java:remove(95)) - 3276412b-a8eb-4e99-a9e7-479baf35f503: remove    LEADER 3276412b-a8eb-4e99-a9e7-479baf35f503@group-11B973C7C2C8:t1, leader=3276412b-a8eb-4e99-a9e7-479baf35f503, voted=3276412b-a8eb-4e99-a9e7-479baf35f503, raftlog=3276412b-a8eb-4e99-a9e7-479baf35f503@group-11B973C7C2C8-SegmentedRaftLog:OPENED:c0,f0,i0, conf=0: [3276412b-a8eb-4e99-a9e7-479baf35f503:192.168.157.201:46486], old=null RUNNING
2019-11-15 20:29:55,131 [grpc-default-executor-4] INFO  impl.RaftServerImpl (RaftServerImpl.java:lambda$shutdown$3(250)) - 3276412b-a8eb-4e99-a9e7-479baf35f503@group-11B973C7C2C8: shutdown
2019-11-15 20:29:55,131 [grpc-default-executor-4] INFO  util.JmxRegister (JmxRegister.java:unregister(73)) - Successfully un-registered JMX Bean with object name Ratis:service=RaftServer,group=group-11B973C7C2C8,id=3276412b-a8eb-4e99-a9e7-479baf35f503
2019-11-15 20:29:55,131 [grpc-default-executor-4] INFO  impl.RoleInfo (RoleInfo.java:shutdownLeaderState(104)) - 3276412b-a8eb-4e99-a9e7-479baf35f503: shutdown LeaderState
2019-11-15 20:29:55,131 [grpc-default-executor-1] INFO  impl.RaftServerProxy (RaftServerProxy.java:addNew(89)) - 47ad85fd-142d-4fcb-95da-99123aa57c3f: addNew group-A0871CD5BB9E:[47ad85fd-142d-4fcb-95da-99123aa57c3f:192.168.157.201:35088] returns group-A0871CD5BB9E:java.util.concurrent.CompletableFuture@7622cb65[Not completed]
2019-11-15 20:29:55,131 [grpc-default-executor-4] INFO  impl.PendingRequests (PendingRequests.java:sendNotLeaderResponses(206)) - 3276412b-a8eb-4e99-a9e7-479baf35f503@group-11B973C7C2C8-PendingRequests: sendNotLeaderResponses
2019-11-15 20:29:55,132 [grpc-default-executor-4] INFO  impl.StateMachineUpdater (StateMachineUpdater.java:stopAndJoin(136)) - 3276412b-a8eb-4e99-a9e7-479baf35f503@group-11B973C7C2C8-StateMachineUpdater: set stopIndex = 0
2019-11-15 20:29:55,132 [grpc-default-executor-4] INFO  impl.RaftServerImpl (ServerState.java:close(387)) - 3276412b-a8eb-4e99-a9e7-479baf35f503@group-11B973C7C2C8: closes. applyIndex: 0
2019-11-15 20:29:55,132 [3276412b-a8eb-4e99-a9e7-479baf35f503@group-11B973C7C2C8-SegmentedRaftLogWorker] INFO  segmented.SegmentedRaftLogWorker (SegmentedRaftLogWorker.java:run(316)) - 3276412b-a8eb-4e99-a9e7-479baf35f503@group-11B973C7C2C8-SegmentedRaftLogWorker was interrupted, exiting. There are 0 tasks remaining in the queue.
2019-11-15 20:29:55,132 [pool-173-thread-1] INFO  impl.RaftServerImpl (RaftServerImpl.java:<init>(98)) - 47ad85fd-142d-4fcb-95da-99123aa57c3f: new RaftServerImpl for group-A0871CD5BB9E:[47ad85fd-142d-4fcb-95da-99123aa57c3f:192.168.157.201:35088] with ContainerStateMachine:uninitialized
2019-11-15 20:29:55,132 [pool-173-thread-1] INFO  server.RaftServerConfigKeys (ConfUtils.java:logGet(43)) - raft.server.rpc.timeout.min = 1s (custom)
2019-11-15 20:29:55,133 [pool-173-thread-1] INFO  server.RaftServerConfigKeys (ConfUtils.java:logGet(43)) - raft.server.rpc.timeout.max = 1200ms (custom)
2019-11-15 20:29:55,133 [pool-173-thread-1] INFO  server.RaftServerConfigKeys (ConfUtils.java:logGet(43)) - raft.server.rpcslowness.timeout = 120s (custom)
2019-11-15 20:29:55,133 [pool-173-thread-1] INFO  server.RaftServerConfigKeys (ConfUtils.java:logGet(43)) - raft.server.sleep.deviation.threshold = 300 (default)
2019-11-15 20:29:55,133 [pool-173-thread-1] INFO  server.RaftServerConfigKeys (ConfUtils.java:logGet(43)) - raft.server.log.appender.install.snapshot.enabled = false (custom)
2019-11-15 20:29:55,133 [pool-173-thread-1] INFO  impl.RaftServerImpl (ServerState.java:<init>(103)) - 47ad85fd-142d-4fcb-95da-99123aa57c3f@group-A0871CD5BB9E: ConfigurationManager, init=-1: [47ad85fd-142d-4fcb-95da-99123aa57c3f:192.168.157.201:35088], old=null, confs=<EMPTY_MAP>
2019-11-15 20:29:55,133 [pool-173-thread-1] INFO  server.RaftServerConfigKeys (ConfUtils.java:logGet(43)) - raft.server.storage.dir = [/workdir/hadoop-ozone/integration-test/target/test-dir/MiniOzoneClusterImpl-383ae012-405b-46cc-a485-9d9df1ba09bf/datanode-2/data/ratis] (custom)
2019-11-15 20:29:55,134 [grpc-default-executor-4] INFO  segmented.SegmentedRaftLogWorker (SegmentedRaftLogWorker.java:close(224)) - 3276412b-a8eb-4e99-a9e7-479baf35f503@group-11B973C7C2C8-SegmentedRaftLogWorker close()
2019-11-15 20:29:55,134 [pool-173-thread-1] INFO  server.RaftServerConfigKeys (ConfUtils.java:logGet(43)) - raft.server.log.corruption.policy = EXCEPTION (default)
2019-11-15 20:29:55,136 [pool-173-thread-1] INFO  storage.RaftStorageDirectory (RaftStorageDirectory.java:analyzeStorage(246)) - The storage directory /workdir/hadoop-ozone/integration-test/target/test-dir/MiniOzoneClusterImpl-383ae012-405b-46cc-a485-9d9df1ba09bf/datanode-2/data/ratis/2f4ebe56-f2a7-4815-b318-a0871cd5bb9e does not exist. Creating ...
2019-11-15 20:29:55,160 [pool-173-thread-1] INFO  storage.RaftStorageDirectory (RaftStorageDirectory.java:tryLock(328)) - Lock on /workdir/hadoop-ozone/integration-test/target/test-dir/MiniOzoneClusterImpl-383ae012-405b-46cc-a485-9d9df1ba09bf/datanode-2/data/ratis/2f4ebe56-f2a7-4815-b318-a0871cd5bb9e/in_use.lock acquired by nodename 20206@pr-hdds-2514-unusedmethodparam-9qkq7-1267773169
2019-11-15 20:29:55,195 [pool-173-thread-1] INFO  storage.RaftStorage (RaftStorage.java:format(84)) - Storage directory /workdir/hadoop-ozone/integration-test/target/test-dir/MiniOzoneClusterImpl-383ae012-405b-46cc-a485-9d9df1ba09bf/datanode-2/data/ratis/2f4ebe56-f2a7-4815-b318-a0871cd5bb9e has been successfully formatted.
2019-11-15 20:29:55,195 [pool-173-thread-1] INFO  ratis.ContainerStateMachine (ContainerStateMachine.java:loadSnapshot(223)) - group-A0871CD5BB9E: The snapshot info is null. Setting the last applied indexto:(t:0, i:~)
2019-11-15 20:29:55,195 [pool-173-thread-1] INFO  server.RaftServerConfigKeys (ConfUtils.java:logGet(43)) - raft.server.notification.no-leader.timeout = 120s (custom)
2019-11-15 20:29:55,195 [pool-173-thread-1] INFO  server.RaftServerConfigKeys (ConfUtils.java:logGet(43)) - raft.server.log.use.memory = false (default)
2019-11-15 20:29:55,195 [pool-173-thread-1] INFO  server.RaftServerConfigKeys (ConfUtils.java:logGet(43)) - raft.server.log.purge.gap = 1000000 (custom)
2019-11-15 20:29:55,196 [pool-173-thread-1] INFO  server.RaftServerConfigKeys (ConfUtils.java:logGet(43)) - raft.server.log.appender.buffer.byte-limit = 33554432 (custom)
2019-11-15 20:29:55,196 [pool-173-thread-1] INFO  server.RaftServerConfigKeys (ConfUtils.java:logGet(43)) - raft.server.log.segment.size.max = 1048576 (custom)
2019-11-15 20:29:55,196 [pool-173-thread-1] INFO  server.RaftServerConfigKeys (ConfUtils.java:logGet(43)) - raft.server.log.segment.cache.num.max = 2 (custom)
2019-11-15 20:29:55,196 [pool-173-thread-1] INFO  segmented.SegmentedRaftLogWorker (SegmentedRaftLogWorker.java:<init>(173)) - new 47ad85fd-142d-4fcb-95da-99123aa57c3f@group-A0871CD5BB9E-SegmentedRaftLogWorker for RaftStorage:Storage Directory /workdir/hadoop-ozone/integration-test/target/test-dir/MiniOzoneClusterImpl-383ae012-405b-46cc-a485-9d9df1ba09bf/datanode-2/data/ratis/2f4ebe56-f2a7-4815-b318-a0871cd5bb9e
2019-11-15 20:29:55,196 [pool-173-thread-1] INFO  server.RaftServerConfigKeys (ConfUtils.java:logGet(43)) - raft.server.log.queue.byte-limit = 2147483647 (custom)
2019-11-15 20:29:55,196 [pool-173-thread-1] INFO  server.RaftServerConfigKeys (ConfUtils.java:logGet(43)) - raft.server.log.queue.element-limit = 1024 (custom)
2019-11-15 20:29:55,196 [pool-173-thread-1] INFO  server.RaftServerConfigKeys (ConfUtils.java:logGet(43)) - raft.server.log.segment.size.max = 1048576 (custom)
2019-11-15 20:29:55,196 [pool-173-thread-1] INFO  server.RaftServerConfigKeys (ConfUtils.java:logGet(43)) - raft.server.log.preallocated.size = 16384 (custom)
2019-11-15 20:29:55,197 [pool-173-thread-1] INFO  server.RaftServerConfigKeys (ConfUtils.java:logGet(43)) - raft.server.log.write.buffer.size = 33554432 (custom)
2019-11-15 20:29:55,197 [pool-173-thread-1] INFO  server.RaftServerConfigKeys (ConfUtils.java:logGet(43)) - raft.server.log.force.sync.num = 128 (default)
2019-11-15 20:29:55,197 [pool-173-thread-1] INFO  server.RaftServerConfigKeys (ConfUtils.java:logGet(43)) - raft.server.log.statemachine.data.sync = true (default)
2019-11-15 20:29:55,197 [pool-173-thread-1] INFO  server.RaftServerConfigKeys (ConfUtils.java:logGet(43)) - raft.server.log.statemachine.data.sync.timeout = 10s (default)
2019-11-15 20:29:55,197 [pool-173-thread-1] INFO  server.RaftServerConfigKeys (ConfUtils.java:logGet(43)) - raft.server.log.statemachine.data.sync.timeout.retry = -1 (default)
2019-11-15 20:29:55,197 [pool-173-thread-1] INFO  server.RaftServerConfigKeys (ConfUtils.java:logGet(43)) - raft.server.log.statemachine.data.caching.enabled = true (custom)
2019-11-15 20:29:55,198 [pool-173-thread-1] INFO  segmented.SegmentedRaftLogWorker (SegmentedRaftLogWorker.java:lambda$new$0(128)) - 47ad85fd-142d-4fcb-95da-99123aa57c3f@group-A0871CD5BB9E-SegmentedRaftLogWorker: flushIndex: setUnconditionally 0 -> -1
2019-11-15 20:29:55,198 [pool-173-thread-1] INFO  server.RaftServerConfigKeys (ConfUtils.java:logGet(43)) - raft.server.snapshot.auto.trigger.enabled = true (custom)
2019-11-15 20:29:55,198 [pool-173-thread-1] INFO  server.RaftServerConfigKeys (ConfUtils.java:logGet(43)) - raft.server.snapshot.auto.trigger.threshold = 10000 (custom)
2019-11-15 20:29:55,198 [pool-173-thread-1] INFO  server.RaftServerConfigKeys (ConfUtils.java:logGet(43)) - raft.server.snapshot.retention.file.num = 5 (custom)
2019-11-15 20:29:55,198 [pool-173-thread-1] INFO  server.RaftServerConfigKeys (ConfUtils.java:logGet(43)) - raft.server.retrycache.expirytime = 600000ms (custom)
2019-11-15 20:29:55,198 [pool-173-thread-1] WARN  impl.MetricRegistriesImpl (MetricRegistriesImpl.java:lambda$create$1(61)) - First MetricRegistry has been created without registering reporters. You may need to call MetricRegistries.global().addReportRegistration(...) before.
2019-11-15 20:29:55,198 [pool-173-thread-1] WARN  impl.MetricRegistriesImpl (MetricRegistriesImpl.java:lambda$create$1(61)) - First MetricRegistry has been created without registering reporters. You may need to call MetricRegistries.global().addReportRegistration(...) before.
2019-11-15 20:29:55,199 [pool-173-thread-1] INFO  impl.RaftServerImpl (RaftServerImpl.java:start(184)) - 47ad85fd-142d-4fcb-95da-99123aa57c3f@group-A0871CD5BB9E: start as a follower, conf=-1: [47ad85fd-142d-4fcb-95da-99123aa57c3f:192.168.157.201:35088], old=null
2019-11-15 20:29:55,199 [pool-173-thread-1] INFO  impl.RaftServerImpl (RaftServerImpl.java:setRole(173)) - 47ad85fd-142d-4fcb-95da-99123aa57c3f@group-A0871CD5BB9E: changes role from      null to FOLLOWER at term 0 for startAsFollower
2019-11-15 20:29:55,199 [pool-173-thread-1] INFO  impl.RoleInfo (RoleInfo.java:updateAndGet(143)) - 47ad85fd-142d-4fcb-95da-99123aa57c3f: start FollowerState
2019-11-15 20:29:55,199 [pool-173-thread-1] INFO  util.JmxRegister (JmxRegister.java:tryRegister(44)) - Successfully registered JMX Bean with object name Ratis:service=RaftServer,group=group-A0871CD5BB9E,id=47ad85fd-142d-4fcb-95da-99123aa57c3f
2019-11-15 20:29:55,199 [pool-173-thread-1] WARN  impl.MetricRegistriesImpl (MetricRegistriesImpl.java:lambda$create$1(61)) - First MetricRegistry has been created without registering reporters. You may need to call MetricRegistries.global().addReportRegistration(...) before.
2019-11-15 20:29:55,201 [RatisPipelineUtilsThread] INFO  pipeline.PipelineStateManager (PipelineStateManager.java:addPipeline(55)) - Created pipeline Pipeline[ Id: 2f4ebe56-f2a7-4815-b318-a0871cd5bb9e, Nodes: 47ad85fd-142d-4fcb-95da-99123aa57c3f{ip: 192.168.157.201, host: pr-hdds-2514-unusedmethodparam-9qkq7-1267773169, networkLocation: /default-rack, certSerialId: null}, Type:RATIS, Factor:ONE, State:ALLOCATED]
2019-11-15 20:29:55,206 [grpc-default-executor-4] INFO  impl.RaftServerProxy (RaftServerProxy.java:addNew(89)) - 3276412b-a8eb-4e99-a9e7-479baf35f503: addNew group-EAC58908E546:[3276412b-a8eb-4e99-a9e7-479baf35f503:192.168.157.201:46486] returns group-EAC58908E546:java.util.concurrent.CompletableFuture@9bc8100[Not completed]
2019-11-15 20:29:55,207 [pool-193-thread-1] INFO  impl.RaftServerImpl (RaftServerImpl.java:<init>(98)) - 3276412b-a8eb-4e99-a9e7-479baf35f503: new RaftServerImpl for group-EAC58908E546:[3276412b-a8eb-4e99-a9e7-479baf35f503:192.168.157.201:46486] with ContainerStateMachine:uninitialized
2019-11-15 20:29:55,207 [pool-193-thread-1] INFO  server.RaftServerConfigKeys (ConfUtils.java:logGet(43)) - raft.server.rpc.timeout.min = 1s (custom)
2019-11-15 20:29:55,207 [pool-193-thread-1] INFO  server.RaftServerConfigKeys (ConfUtils.java:logGet(43)) - raft.server.rpc.timeout.max = 1200ms (custom)
2019-11-15 20:29:55,207 [pool-193-thread-1] INFO  server.RaftServerConfigKeys (ConfUtils.java:logGet(43)) - raft.server.rpcslowness.timeout = 120s (custom)
2019-11-15 20:29:55,207 [pool-193-thread-1] INFO  server.RaftServerConfigKeys (ConfUtils.java:logGet(43)) - raft.server.sleep.deviation.threshold = 300 (default)
2019-11-15 20:29:55,207 [pool-193-thread-1] INFO  server.RaftServerConfigKeys (ConfUtils.java:logGet(43)) - raft.server.log.appender.install.snapshot.enabled = false (custom)
2019-11-15 20:29:55,207 [pool-193-thread-1] INFO  impl.RaftServerImpl (ServerState.java:<init>(103)) - 3276412b-a8eb-4e99-a9e7-479baf35f503@group-EAC58908E546: ConfigurationManager, init=-1: [3276412b-a8eb-4e99-a9e7-479baf35f503:192.168.157.201:46486], old=null, confs=<EMPTY_MAP>
2019-11-15 20:29:55,207 [pool-193-thread-1] INFO  server.RaftServerConfigKeys (ConfUtils.java:logGet(43)) - raft.server.storage.dir = [/workdir/hadoop-ozone/integration-test/target/test-dir/MiniOzoneClusterImpl-383ae012-405b-46cc-a485-9d9df1ba09bf/datanode-4/data/ratis] (custom)
2019-11-15 20:29:55,208 [pool-193-thread-1] INFO  server.RaftServerConfigKeys (ConfUtils.java:logGet(43)) - raft.server.log.corruption.policy = EXCEPTION (default)
2019-11-15 20:29:55,208 [pool-193-thread-1] INFO  storage.RaftStorageDirectory (RaftStorageDirectory.java:analyzeStorage(246)) - The storage directory /workdir/hadoop-ozone/integration-test/target/test-dir/MiniOzoneClusterImpl-383ae012-405b-46cc-a485-9d9df1ba09bf/datanode-4/data/ratis/b11d3ba2-eb05-46c9-86a4-eac58908e546 does not exist. Creating ...
2019-11-15 20:29:55,229 [pool-193-thread-1] INFO  storage.RaftStorageDirectory (RaftStorageDirectory.java:tryLock(328)) - Lock on /workdir/hadoop-ozone/integration-test/target/test-dir/MiniOzoneClusterImpl-383ae012-405b-46cc-a485-9d9df1ba09bf/datanode-4/data/ratis/b11d3ba2-eb05-46c9-86a4-eac58908e546/in_use.lock acquired by nodename 20206@pr-hdds-2514-unusedmethodparam-9qkq7-1267773169
2019-11-15 20:29:55,246 [pool-193-thread-1] INFO  storage.RaftStorage (RaftStorage.java:format(84)) - Storage directory /workdir/hadoop-ozone/integration-test/target/test-dir/MiniOzoneClusterImpl-383ae012-405b-46cc-a485-9d9df1ba09bf/datanode-4/data/ratis/b11d3ba2-eb05-46c9-86a4-eac58908e546 has been successfully formatted.
2019-11-15 20:29:55,247 [pool-193-thread-1] INFO  ratis.ContainerStateMachine (ContainerStateMachine.java:loadSnapshot(223)) - group-EAC58908E546: The snapshot info is null. Setting the last applied indexto:(t:0, i:~)
2019-11-15 20:29:55,247 [pool-193-thread-1] INFO  server.RaftServerConfigKeys (ConfUtils.java:logGet(43)) - raft.server.notification.no-leader.timeout = 120s (custom)
2019-11-15 20:29:55,247 [pool-193-thread-1] INFO  server.RaftServerConfigKeys (ConfUtils.java:logGet(43)) - raft.server.log.use.memory = false (default)
2019-11-15 20:29:55,247 [pool-193-thread-1] INFO  server.RaftServerConfigKeys (ConfUtils.java:logGet(43)) - raft.server.log.purge.gap = 1000000 (custom)
2019-11-15 20:29:55,247 [pool-193-thread-1] INFO  server.RaftServerConfigKeys (ConfUtils.java:logGet(43)) - raft.server.log.appender.buffer.byte-limit = 33554432 (custom)
2019-11-15 20:29:55,248 [pool-193-thread-1] INFO  server.RaftServerConfigKeys (ConfUtils.java:logGet(43)) - raft.server.log.segment.size.max = 1048576 (custom)
2019-11-15 20:29:55,248 [pool-193-thread-1] INFO  server.RaftServerConfigKeys (ConfUtils.java:logGet(43)) - raft.server.log.segment.cache.num.max = 2 (custom)
2019-11-15 20:29:55,248 [pool-193-thread-1] INFO  segmented.SegmentedRaftLogWorker (SegmentedRaftLogWorker.java:<init>(173)) - new 3276412b-a8eb-4e99-a9e7-479baf35f503@group-EAC58908E546-SegmentedRaftLogWorker for RaftStorage:Storage Directory /workdir/hadoop-ozone/integration-test/target/test-dir/MiniOzoneClusterImpl-383ae012-405b-46cc-a485-9d9df1ba09bf/datanode-4/data/ratis/b11d3ba2-eb05-46c9-86a4-eac58908e546
2019-11-15 20:29:55,248 [pool-193-thread-1] INFO  server.RaftServerConfigKeys (ConfUtils.java:logGet(43)) - raft.server.log.queue.byte-limit = 2147483647 (custom)
2019-11-15 20:29:55,248 [pool-193-thread-1] INFO  server.RaftServerConfigKeys (ConfUtils.java:logGet(43)) - raft.server.log.queue.element-limit = 1024 (custom)
2019-11-15 20:29:55,248 [pool-193-thread-1] INFO  server.RaftServerConfigKeys (ConfUtils.java:logGet(43)) - raft.server.log.segment.size.max = 1048576 (custom)
2019-11-15 20:29:55,248 [pool-193-thread-1] INFO  server.RaftServerConfigKeys (ConfUtils.java:logGet(43)) - raft.server.log.preallocated.size = 16384 (custom)
2019-11-15 20:29:55,249 [pool-193-thread-1] INFO  server.RaftServerConfigKeys (ConfUtils.java:logGet(43)) - raft.server.log.write.buffer.size = 33554432 (custom)
2019-11-15 20:29:55,249 [pool-193-thread-1] INFO  server.RaftServerConfigKeys (ConfUtils.java:logGet(43)) - raft.server.log.force.sync.num = 128 (default)
2019-11-15 20:29:55,249 [pool-193-thread-1] INFO  server.RaftServerConfigKeys (ConfUtils.java:logGet(43)) - raft.server.log.statemachine.data.sync = true (default)
2019-11-15 20:29:55,249 [pool-193-thread-1] INFO  server.RaftServerConfigKeys (ConfUtils.java:logGet(43)) - raft.server.log.statemachine.data.sync.timeout = 10s (default)
2019-11-15 20:29:55,249 [pool-193-thread-1] INFO  server.RaftServerConfigKeys (ConfUtils.java:logGet(43)) - raft.server.log.statemachine.data.sync.timeout.retry = -1 (default)
2019-11-15 20:29:55,249 [pool-193-thread-1] INFO  server.RaftServerConfigKeys (ConfUtils.java:logGet(43)) - raft.server.log.statemachine.data.caching.enabled = true (custom)
2019-11-15 20:29:55,257 [pool-193-thread-1] INFO  segmented.SegmentedRaftLogWorker (SegmentedRaftLogWorker.java:lambda$new$0(128)) - 3276412b-a8eb-4e99-a9e7-479baf35f503@group-EAC58908E546-SegmentedRaftLogWorker: flushIndex: setUnconditionally 0 -> -1
2019-11-15 20:29:55,259 [pool-193-thread-1] INFO  server.RaftServerConfigKeys (ConfUtils.java:logGet(43)) - raft.server.snapshot.auto.trigger.enabled = true (custom)
2019-11-15 20:29:55,259 [pool-193-thread-1] INFO  server.RaftServerConfigKeys (ConfUtils.java:logGet(43)) - raft.server.snapshot.auto.trigger.threshold = 10000 (custom)
2019-11-15 20:29:55,259 [pool-193-thread-1] INFO  server.RaftServerConfigKeys (ConfUtils.java:logGet(43)) - raft.server.snapshot.retention.file.num = 5 (custom)
2019-11-15 20:29:55,259 [pool-193-thread-1] INFO  server.RaftServerConfigKeys (ConfUtils.java:logGet(43)) - raft.server.retrycache.expirytime = 600000ms (custom)
2019-11-15 20:29:55,259 [pool-193-thread-1] WARN  impl.MetricRegistriesImpl (MetricRegistriesImpl.java:lambda$create$1(61)) - First MetricRegistry has been created without registering reporters. You may need to call MetricRegistries.global().addReportRegistration(...) before.
2019-11-15 20:29:55,260 [pool-193-thread-1] WARN  impl.MetricRegistriesImpl (MetricRegistriesImpl.java:lambda$create$1(61)) - First MetricRegistry has been created without registering reporters. You may need to call MetricRegistries.global().addReportRegistration(...) before.
2019-11-15 20:29:55,260 [pool-193-thread-1] INFO  impl.RaftServerImpl (RaftServerImpl.java:start(184)) - 3276412b-a8eb-4e99-a9e7-479baf35f503@group-EAC58908E546: start as a follower, conf=-1: [3276412b-a8eb-4e99-a9e7-479baf35f503:192.168.157.201:46486], old=null
2019-11-15 20:29:55,260 [pool-193-thread-1] INFO  impl.RaftServerImpl (RaftServerImpl.java:setRole(173)) - 3276412b-a8eb-4e99-a9e7-479baf35f503@group-EAC58908E546: changes role from      null to FOLLOWER at term 0 for startAsFollower
2019-11-15 20:29:55,260 [pool-193-thread-1] INFO  impl.RoleInfo (RoleInfo.java:updateAndGet(143)) - 3276412b-a8eb-4e99-a9e7-479baf35f503: start FollowerState
2019-11-15 20:29:55,261 [pool-193-thread-1] INFO  util.JmxRegister (JmxRegister.java:tryRegister(44)) - Successfully registered JMX Bean with object name Ratis:service=RaftServer,group=group-EAC58908E546,id=3276412b-a8eb-4e99-a9e7-479baf35f503
2019-11-15 20:29:55,261 [pool-193-thread-1] WARN  impl.MetricRegistriesImpl (MetricRegistriesImpl.java:lambda$create$1(61)) - First MetricRegistry has been created without registering reporters. You may need to call MetricRegistries.global().addReportRegistration(...) before.
2019-11-15 20:29:55,264 [RatisPipelineUtilsThread] INFO  pipeline.PipelineStateManager (PipelineStateManager.java:addPipeline(55)) - Created pipeline Pipeline[ Id: b11d3ba2-eb05-46c9-86a4-eac58908e546, Nodes: 3276412b-a8eb-4e99-a9e7-479baf35f503{ip: 192.168.157.201, host: pr-hdds-2514-unusedmethodparam-9qkq7-1267773169, networkLocation: /default-rack, certSerialId: null}, Type:RATIS, Factor:ONE, State:ALLOCATED]
2019-11-15 20:29:55,270 [grpc-default-executor-4] INFO  impl.RaftServerProxy (RaftServerProxy.java:addNew(89)) - 0aaa2776-51af-4c10-a5a9-2fdcde9d3167: addNew group-A6D9248851CF:[0aaa2776-51af-4c10-a5a9-2fdcde9d3167:192.168.157.201:44120] returns group-A6D9248851CF:java.util.concurrent.CompletableFuture@3b4ea588[Not completed]
2019-11-15 20:29:55,271 [pool-203-thread-1] INFO  impl.RaftServerImpl (RaftServerImpl.java:<init>(98)) - 0aaa2776-51af-4c10-a5a9-2fdcde9d3167: new RaftServerImpl for group-A6D9248851CF:[0aaa2776-51af-4c10-a5a9-2fdcde9d3167:192.168.157.201:44120] with ContainerStateMachine:uninitialized
2019-11-15 20:29:55,271 [pool-203-thread-1] INFO  server.RaftServerConfigKeys (ConfUtils.java:logGet(43)) - raft.server.rpc.timeout.min = 1s (custom)
2019-11-15 20:29:55,271 [pool-203-thread-1] INFO  server.RaftServerConfigKeys (ConfUtils.java:logGet(43)) - raft.server.rpc.timeout.max = 1200ms (custom)
2019-11-15 20:29:55,271 [pool-203-thread-1] INFO  server.RaftServerConfigKeys (ConfUtils.java:logGet(43)) - raft.server.rpcslowness.timeout = 120s (custom)
2019-11-15 20:29:55,271 [pool-203-thread-1] INFO  server.RaftServerConfigKeys (ConfUtils.java:logGet(43)) - raft.server.sleep.deviation.threshold = 300 (default)
2019-11-15 20:29:55,271 [pool-203-thread-1] INFO  server.RaftServerConfigKeys (ConfUtils.java:logGet(43)) - raft.server.log.appender.install.snapshot.enabled = false (custom)
2019-11-15 20:29:55,272 [pool-203-thread-1] INFO  impl.RaftServerImpl (ServerState.java:<init>(103)) - 0aaa2776-51af-4c10-a5a9-2fdcde9d3167@group-A6D9248851CF: ConfigurationManager, init=-1: [0aaa2776-51af-4c10-a5a9-2fdcde9d3167:192.168.157.201:44120], old=null, confs=<EMPTY_MAP>
2019-11-15 20:29:55,272 [pool-203-thread-1] INFO  server.RaftServerConfigKeys (ConfUtils.java:logGet(43)) - raft.server.storage.dir = [/workdir/hadoop-ozone/integration-test/target/test-dir/MiniOzoneClusterImpl-383ae012-405b-46cc-a485-9d9df1ba09bf/datanode-5/data/ratis] (custom)
2019-11-15 20:29:55,272 [pool-203-thread-1] INFO  server.RaftServerConfigKeys (ConfUtils.java:logGet(43)) - raft.server.log.corruption.policy = EXCEPTION (default)
2019-11-15 20:29:55,272 [pool-203-thread-1] INFO  storage.RaftStorageDirectory (RaftStorageDirectory.java:analyzeStorage(246)) - The storage directory /workdir/hadoop-ozone/integration-test/target/test-dir/MiniOzoneClusterImpl-383ae012-405b-46cc-a485-9d9df1ba09bf/datanode-5/data/ratis/66a7e404-184d-4b32-9fde-a6d9248851cf does not exist. Creating ...
2019-11-15 20:29:55,301 [pool-203-thread-1] INFO  storage.RaftStorageDirectory (RaftStorageDirectory.java:tryLock(328)) - Lock on /workdir/hadoop-ozone/integration-test/target/test-dir/MiniOzoneClusterImpl-383ae012-405b-46cc-a485-9d9df1ba09bf/datanode-5/data/ratis/66a7e404-184d-4b32-9fde-a6d9248851cf/in_use.lock acquired by nodename 20206@pr-hdds-2514-unusedmethodparam-9qkq7-1267773169
2019-11-15 20:29:55,327 [pool-203-thread-1] INFO  storage.RaftStorage (RaftStorage.java:format(84)) - Storage directory /workdir/hadoop-ozone/integration-test/target/test-dir/MiniOzoneClusterImpl-383ae012-405b-46cc-a485-9d9df1ba09bf/datanode-5/data/ratis/66a7e404-184d-4b32-9fde-a6d9248851cf has been successfully formatted.
2019-11-15 20:29:55,327 [pool-203-thread-1] INFO  ratis.ContainerStateMachine (ContainerStateMachine.java:loadSnapshot(223)) - group-A6D9248851CF: The snapshot info is null. Setting the last applied indexto:(t:0, i:~)
2019-11-15 20:29:55,328 [pool-203-thread-1] INFO  server.RaftServerConfigKeys (ConfUtils.java:logGet(43)) - raft.server.notification.no-leader.timeout = 120s (custom)
2019-11-15 20:29:55,328 [pool-203-thread-1] INFO  server.RaftServerConfigKeys (ConfUtils.java:logGet(43)) - raft.server.log.use.memory = false (default)
2019-11-15 20:29:55,328 [pool-203-thread-1] INFO  server.RaftServerConfigKeys (ConfUtils.java:logGet(43)) - raft.server.log.purge.gap = 1000000 (custom)
2019-11-15 20:29:55,328 [pool-203-thread-1] INFO  server.RaftServerConfigKeys (ConfUtils.java:logGet(43)) - raft.server.log.appender.buffer.byte-limit = 33554432 (custom)
2019-11-15 20:29:55,328 [pool-203-thread-1] INFO  server.RaftServerConfigKeys (ConfUtils.java:logGet(43)) - raft.server.log.segment.size.max = 1048576 (custom)
2019-11-15 20:29:55,328 [pool-203-thread-1] INFO  server.RaftServerConfigKeys (ConfUtils.java:logGet(43)) - raft.server.log.segment.cache.num.max = 2 (custom)
2019-11-15 20:29:55,328 [pool-203-thread-1] INFO  segmented.SegmentedRaftLogWorker (SegmentedRaftLogWorker.java:<init>(173)) - new 0aaa2776-51af-4c10-a5a9-2fdcde9d3167@group-A6D9248851CF-SegmentedRaftLogWorker for RaftStorage:Storage Directory /workdir/hadoop-ozone/integration-test/target/test-dir/MiniOzoneClusterImpl-383ae012-405b-46cc-a485-9d9df1ba09bf/datanode-5/data/ratis/66a7e404-184d-4b32-9fde-a6d9248851cf
2019-11-15 20:29:55,328 [pool-203-thread-1] INFO  server.RaftServerConfigKeys (ConfUtils.java:logGet(43)) - raft.server.log.queue.byte-limit = 2147483647 (custom)
2019-11-15 20:29:55,328 [pool-203-thread-1] INFO  server.RaftServerConfigKeys (ConfUtils.java:logGet(43)) - raft.server.log.queue.element-limit = 1024 (custom)
2019-11-15 20:29:55,329 [pool-203-thread-1] INFO  server.RaftServerConfigKeys (ConfUtils.java:logGet(43)) - raft.server.log.segment.size.max = 1048576 (custom)
2019-11-15 20:29:55,329 [pool-203-thread-1] INFO  server.RaftServerConfigKeys (ConfUtils.java:logGet(43)) - raft.server.log.preallocated.size = 16384 (custom)
2019-11-15 20:29:55,329 [pool-203-thread-1] INFO  server.RaftServerConfigKeys (ConfUtils.java:logGet(43)) - raft.server.log.write.buffer.size = 33554432 (custom)
2019-11-15 20:29:55,329 [pool-203-thread-1] INFO  server.RaftServerConfigKeys (ConfUtils.java:logGet(43)) - raft.server.log.force.sync.num = 128 (default)
2019-11-15 20:29:55,329 [pool-203-thread-1] INFO  server.RaftServerConfigKeys (ConfUtils.java:logGet(43)) - raft.server.log.statemachine.data.sync = true (default)
2019-11-15 20:29:55,329 [pool-203-thread-1] INFO  server.RaftServerConfigKeys (ConfUtils.java:logGet(43)) - raft.server.log.statemachine.data.sync.timeout = 10s (default)
2019-11-15 20:29:55,329 [pool-203-thread-1] INFO  server.RaftServerConfigKeys (ConfUtils.java:logGet(43)) - raft.server.log.statemachine.data.sync.timeout.retry = -1 (default)
2019-11-15 20:29:55,329 [pool-203-thread-1] INFO  server.RaftServerConfigKeys (ConfUtils.java:logGet(43)) - raft.server.log.statemachine.data.caching.enabled = true (custom)
2019-11-15 20:29:55,330 [pool-203-thread-1] INFO  segmented.SegmentedRaftLogWorker (SegmentedRaftLogWorker.java:lambda$new$0(128)) - 0aaa2776-51af-4c10-a5a9-2fdcde9d3167@group-A6D9248851CF-SegmentedRaftLogWorker: flushIndex: setUnconditionally 0 -> -1
2019-11-15 20:29:55,330 [pool-203-thread-1] INFO  server.RaftServerConfigKeys (ConfUtils.java:logGet(43)) - raft.server.snapshot.auto.trigger.enabled = true (custom)
2019-11-15 20:29:55,330 [pool-203-thread-1] INFO  server.RaftServerConfigKeys (ConfUtils.java:logGet(43)) - raft.server.snapshot.auto.trigger.threshold = 10000 (custom)
2019-11-15 20:29:55,330 [pool-203-thread-1] INFO  server.RaftServerConfigKeys (ConfUtils.java:logGet(43)) - raft.server.snapshot.retention.file.num = 5 (custom)
2019-11-15 20:29:55,330 [pool-203-thread-1] INFO  server.RaftServerConfigKeys (ConfUtils.java:logGet(43)) - raft.server.retrycache.expirytime = 600000ms (custom)
2019-11-15 20:29:55,330 [pool-203-thread-1] WARN  impl.MetricRegistriesImpl (MetricRegistriesImpl.java:lambda$create$1(61)) - First MetricRegistry has been created without registering reporters. You may need to call MetricRegistries.global().addReportRegistration(...) before.
2019-11-15 20:29:55,330 [pool-203-thread-1] WARN  impl.MetricRegistriesImpl (MetricRegistriesImpl.java:lambda$create$1(61)) - First MetricRegistry has been created without registering reporters. You may need to call MetricRegistries.global().addReportRegistration(...) before.
2019-11-15 20:29:55,331 [pool-203-thread-1] INFO  impl.RaftServerImpl (RaftServerImpl.java:start(184)) - 0aaa2776-51af-4c10-a5a9-2fdcde9d3167@group-A6D9248851CF: start as a follower, conf=-1: [0aaa2776-51af-4c10-a5a9-2fdcde9d3167:192.168.157.201:44120], old=null
2019-11-15 20:29:55,331 [pool-203-thread-1] INFO  impl.RaftServerImpl (RaftServerImpl.java:setRole(173)) - 0aaa2776-51af-4c10-a5a9-2fdcde9d3167@group-A6D9248851CF: changes role from      null to FOLLOWER at term 0 for startAsFollower
2019-11-15 20:29:55,331 [pool-203-thread-1] INFO  impl.RoleInfo (RoleInfo.java:updateAndGet(143)) - 0aaa2776-51af-4c10-a5a9-2fdcde9d3167: start FollowerState
2019-11-15 20:29:55,331 [pool-203-thread-1] INFO  util.JmxRegister (JmxRegister.java:tryRegister(44)) - Successfully registered JMX Bean with object name Ratis:service=RaftServer,group=group-A6D9248851CF,id=0aaa2776-51af-4c10-a5a9-2fdcde9d3167
2019-11-15 20:29:55,331 [pool-203-thread-1] WARN  impl.MetricRegistriesImpl (MetricRegistriesImpl.java:lambda$create$1(61)) - First MetricRegistry has been created without registering reporters. You may need to call MetricRegistries.global().addReportRegistration(...) before.
2019-11-15 20:29:55,333 [RatisPipelineUtilsThread] INFO  pipeline.PipelineStateManager (PipelineStateManager.java:addPipeline(55)) - Created pipeline Pipeline[ Id: 66a7e404-184d-4b32-9fde-a6d9248851cf, Nodes: 0aaa2776-51af-4c10-a5a9-2fdcde9d3167{ip: 192.168.157.201, host: pr-hdds-2514-unusedmethodparam-9qkq7-1267773169, networkLocation: /default-rack, certSerialId: null}, Type:RATIS, Factor:ONE, State:ALLOCATED]
2019-11-15 20:29:55,334 [Thread-1750] INFO  pipeline.PipelineStateManager (PipelineStateManager.java:removePipeline(106)) - Pipeline Pipeline[ Id: 7415b0d8-534b-4a1c-bddd-11b973c7c2c8, Nodes: 3276412b-a8eb-4e99-a9e7-479baf35f503{ip: 192.168.157.201, host: pr-hdds-2514-unusedmethodparam-9qkq7-1267773169, networkLocation: /default-rack, certSerialId: null}, Type:RATIS, Factor:ONE, State:CLOSED] removed from db
2019-11-15 20:29:55,334 [Thread-1750] INFO  pipeline.SCMPipelineManager (SCMPipelineManager.java:finalizeAndDestroyPipeline(315)) - destroying pipeline:Pipeline[ Id: 54560d90-3482-49b6-bef0-be8805b52b93, Nodes: 8a1675e0-6aea-4c3b-8be7-5ae20a1ca49e{ip: 192.168.157.201, host: pr-hdds-2514-unusedmethodparam-9qkq7-1267773169, networkLocation: /default-rack, certSerialId: null}, Type:RATIS, Factor:ONE, State:OPEN]
2019-11-15 20:29:55,334 [Thread-1750] INFO  pipeline.PipelineStateManager (PipelineStateManager.java:finalizePipeline(121)) - Pipeline Pipeline[ Id: 54560d90-3482-49b6-bef0-be8805b52b93, Nodes: 8a1675e0-6aea-4c3b-8be7-5ae20a1ca49e{ip: 192.168.157.201, host: pr-hdds-2514-unusedmethodparam-9qkq7-1267773169, networkLocation: /default-rack, certSerialId: null}, Type:RATIS, Factor:ONE, State:CLOSED] moved to CLOSED state
2019-11-15 20:29:55,337 [grpc-default-executor-1] INFO  impl.RaftServerProxy (RaftServerProxy.java:remove(95)) - 8a1675e0-6aea-4c3b-8be7-5ae20a1ca49e: remove    LEADER 8a1675e0-6aea-4c3b-8be7-5ae20a1ca49e@group-BE8805B52B93:t1, leader=8a1675e0-6aea-4c3b-8be7-5ae20a1ca49e, voted=8a1675e0-6aea-4c3b-8be7-5ae20a1ca49e, raftlog=8a1675e0-6aea-4c3b-8be7-5ae20a1ca49e@group-BE8805B52B93-SegmentedRaftLog:OPENED:c0,f0,i0, conf=0: [8a1675e0-6aea-4c3b-8be7-5ae20a1ca49e:192.168.157.201:42325], old=null RUNNING
2019-11-15 20:29:55,338 [grpc-default-executor-1] INFO  impl.RaftServerImpl (RaftServerImpl.java:lambda$shutdown$3(250)) - 8a1675e0-6aea-4c3b-8be7-5ae20a1ca49e@group-BE8805B52B93: shutdown
2019-11-15 20:29:55,338 [grpc-default-executor-1] INFO  util.JmxRegister (JmxRegister.java:unregister(73)) - Successfully un-registered JMX Bean with object name Ratis:service=RaftServer,group=group-BE8805B52B93,id=8a1675e0-6aea-4c3b-8be7-5ae20a1ca49e
2019-11-15 20:29:55,338 [grpc-default-executor-1] INFO  impl.RoleInfo (RoleInfo.java:shutdownLeaderState(104)) - 8a1675e0-6aea-4c3b-8be7-5ae20a1ca49e: shutdown LeaderState
2019-11-15 20:29:55,338 [grpc-default-executor-1] INFO  impl.PendingRequests (PendingRequests.java:sendNotLeaderResponses(206)) - 8a1675e0-6aea-4c3b-8be7-5ae20a1ca49e@group-BE8805B52B93-PendingRequests: sendNotLeaderResponses
2019-11-15 20:29:55,338 [grpc-default-executor-1] INFO  impl.StateMachineUpdater (StateMachineUpdater.java:stopAndJoin(136)) - 8a1675e0-6aea-4c3b-8be7-5ae20a1ca49e@group-BE8805B52B93-StateMachineUpdater: set stopIndex = 0
2019-11-15 20:29:55,338 [grpc-default-executor-1] INFO  impl.RaftServerImpl (ServerState.java:close(387)) - 8a1675e0-6aea-4c3b-8be7-5ae20a1ca49e@group-BE8805B52B93: closes. applyIndex: 0
2019-11-15 20:29:55,339 [8a1675e0-6aea-4c3b-8be7-5ae20a1ca49e@group-BE8805B52B93-SegmentedRaftLogWorker] INFO  segmented.SegmentedRaftLogWorker (SegmentedRaftLogWorker.java:run(316)) - 8a1675e0-6aea-4c3b-8be7-5ae20a1ca49e@group-BE8805B52B93-SegmentedRaftLogWorker was interrupted, exiting. There are 0 tasks remaining in the queue.
2019-11-15 20:29:55,339 [grpc-default-executor-1] INFO  segmented.SegmentedRaftLogWorker (SegmentedRaftLogWorker.java:close(224)) - 8a1675e0-6aea-4c3b-8be7-5ae20a1ca49e@group-BE8805B52B93-SegmentedRaftLogWorker close()
2019-11-15 20:29:55,343 [Thread-1750] INFO  pipeline.PipelineStateManager (PipelineStateManager.java:removePipeline(106)) - Pipeline Pipeline[ Id: 54560d90-3482-49b6-bef0-be8805b52b93, Nodes: 8a1675e0-6aea-4c3b-8be7-5ae20a1ca49e{ip: 192.168.157.201, host: pr-hdds-2514-unusedmethodparam-9qkq7-1267773169, networkLocation: /default-rack, certSerialId: null}, Type:RATIS, Factor:ONE, State:CLOSED] removed from db
2019-11-15 20:29:55,343 [Thread-1750] INFO  pipeline.SCMPipelineManager (SCMPipelineManager.java:finalizeAndDestroyPipeline(315)) - destroying pipeline:Pipeline[ Id: 6b5f03ce-a1aa-42bc-a791-2486971252ff, Nodes: 3276412b-a8eb-4e99-a9e7-479baf35f503{ip: 192.168.157.201, host: pr-hdds-2514-unusedmethodparam-9qkq7-1267773169, networkLocation: /default-rack, certSerialId: null}9cc1e37a-4716-4cf9-9175-b0181c43ba93{ip: 192.168.157.201, host: pr-hdds-2514-unusedmethodparam-9qkq7-1267773169, networkLocation: /default-rack, certSerialId: null}0aaa2776-51af-4c10-a5a9-2fdcde9d3167{ip: 192.168.157.201, host: pr-hdds-2514-unusedmethodparam-9qkq7-1267773169, networkLocation: /default-rack, certSerialId: null}, Type:RATIS, Factor:THREE, State:OPEN]
2019-11-15 20:29:55,346 [grpc-default-executor-1] INFO  impl.RaftServerProxy (RaftServerProxy.java:addNew(89)) - 8a1675e0-6aea-4c3b-8be7-5ae20a1ca49e: addNew group-B93E2D221AA2:[8a1675e0-6aea-4c3b-8be7-5ae20a1ca49e:192.168.157.201:42325] returns group-B93E2D221AA2:java.util.concurrent.CompletableFuture@23373fd7[Not completed]
2019-11-15 20:29:55,348 [pool-163-thread-1] INFO  impl.RaftServerImpl (RaftServerImpl.java:<init>(98)) - 8a1675e0-6aea-4c3b-8be7-5ae20a1ca49e: new RaftServerImpl for group-B93E2D221AA2:[8a1675e0-6aea-4c3b-8be7-5ae20a1ca49e:192.168.157.201:42325] with ContainerStateMachine:uninitialized
2019-11-15 20:29:55,349 [pool-163-thread-1] INFO  server.RaftServerConfigKeys (ConfUtils.java:logGet(43)) - raft.server.rpc.timeout.min = 1s (custom)
2019-11-15 20:29:55,349 [pool-163-thread-1] INFO  server.RaftServerConfigKeys (ConfUtils.java:logGet(43)) - raft.server.rpc.timeout.max = 1200ms (custom)
2019-11-15 20:29:55,349 [pool-163-thread-1] INFO  server.RaftServerConfigKeys (ConfUtils.java:logGet(43)) - raft.server.rpcslowness.timeout = 120s (custom)
2019-11-15 20:29:55,350 [pool-163-thread-1] INFO  server.RaftServerConfigKeys (ConfUtils.java:logGet(43)) - raft.server.sleep.deviation.threshold = 300 (default)
2019-11-15 20:29:55,350 [pool-163-thread-1] INFO  server.RaftServerConfigKeys (ConfUtils.java:logGet(43)) - raft.server.log.appender.install.snapshot.enabled = false (custom)
2019-11-15 20:29:55,350 [pool-163-thread-1] INFO  impl.RaftServerImpl (ServerState.java:<init>(103)) - 8a1675e0-6aea-4c3b-8be7-5ae20a1ca49e@group-B93E2D221AA2: ConfigurationManager, init=-1: [8a1675e0-6aea-4c3b-8be7-5ae20a1ca49e:192.168.157.201:42325], old=null, confs=<EMPTY_MAP>
2019-11-15 20:29:55,350 [pool-163-thread-1] INFO  server.RaftServerConfigKeys (ConfUtils.java:logGet(43)) - raft.server.storage.dir = [/workdir/hadoop-ozone/integration-test/target/test-dir/MiniOzoneClusterImpl-383ae012-405b-46cc-a485-9d9df1ba09bf/datanode-1/data/ratis] (custom)
2019-11-15 20:29:55,353 [pool-163-thread-1] INFO  server.RaftServerConfigKeys (ConfUtils.java:logGet(43)) - raft.server.log.corruption.policy = EXCEPTION (default)
2019-11-15 20:29:55,353 [pool-163-thread-1] INFO  storage.RaftStorageDirectory (RaftStorageDirectory.java:analyzeStorage(246)) - The storage directory /workdir/hadoop-ozone/integration-test/target/test-dir/MiniOzoneClusterImpl-383ae012-405b-46cc-a485-9d9df1ba09bf/datanode-1/data/ratis/195e3b7a-7413-4c45-b107-b93e2d221aa2 does not exist. Creating ...
2019-11-15 20:29:55,379 [pool-163-thread-1] INFO  storage.RaftStorageDirectory (RaftStorageDirectory.java:tryLock(328)) - Lock on /workdir/hadoop-ozone/integration-test/target/test-dir/MiniOzoneClusterImpl-383ae012-405b-46cc-a485-9d9df1ba09bf/datanode-1/data/ratis/195e3b7a-7413-4c45-b107-b93e2d221aa2/in_use.lock acquired by nodename 20206@pr-hdds-2514-unusedmethodparam-9qkq7-1267773169
2019-11-15 20:29:55,413 [pool-163-thread-1] INFO  storage.RaftStorage (RaftStorage.java:format(84)) - Storage directory /workdir/hadoop-ozone/integration-test/target/test-dir/MiniOzoneClusterImpl-383ae012-405b-46cc-a485-9d9df1ba09bf/datanode-1/data/ratis/195e3b7a-7413-4c45-b107-b93e2d221aa2 has been successfully formatted.
2019-11-15 20:29:55,413 [pool-163-thread-1] INFO  ratis.ContainerStateMachine (ContainerStateMachine.java:loadSnapshot(223)) - group-B93E2D221AA2: The snapshot info is null. Setting the last applied indexto:(t:0, i:~)
2019-11-15 20:29:55,413 [pool-163-thread-1] INFO  server.RaftServerConfigKeys (ConfUtils.java:logGet(43)) - raft.server.notification.no-leader.timeout = 120s (custom)
2019-11-15 20:29:55,413 [pool-163-thread-1] INFO  server.RaftServerConfigKeys (ConfUtils.java:logGet(43)) - raft.server.log.use.memory = false (default)
2019-11-15 20:29:55,413 [pool-163-thread-1] INFO  server.RaftServerConfigKeys (ConfUtils.java:logGet(43)) - raft.server.log.purge.gap = 1000000 (custom)
2019-11-15 20:29:55,414 [pool-163-thread-1] INFO  server.RaftServerConfigKeys (ConfUtils.java:logGet(43)) - raft.server.log.appender.buffer.byte-limit = 33554432 (custom)
2019-11-15 20:29:55,414 [pool-163-thread-1] INFO  server.RaftServerConfigKeys (ConfUtils.java:logGet(43)) - raft.server.log.segment.size.max = 1048576 (custom)
2019-11-15 20:29:55,414 [pool-163-thread-1] INFO  server.RaftServerConfigKeys (ConfUtils.java:logGet(43)) - raft.server.log.segment.cache.num.max = 2 (custom)
2019-11-15 20:29:55,414 [pool-163-thread-1] INFO  segmented.SegmentedRaftLogWorker (SegmentedRaftLogWorker.java:<init>(173)) - new 8a1675e0-6aea-4c3b-8be7-5ae20a1ca49e@group-B93E2D221AA2-SegmentedRaftLogWorker for RaftStorage:Storage Directory /workdir/hadoop-ozone/integration-test/target/test-dir/MiniOzoneClusterImpl-383ae012-405b-46cc-a485-9d9df1ba09bf/datanode-1/data/ratis/195e3b7a-7413-4c45-b107-b93e2d221aa2
2019-11-15 20:29:55,414 [pool-163-thread-1] INFO  server.RaftServerConfigKeys (ConfUtils.java:logGet(43)) - raft.server.log.queue.byte-limit = 2147483647 (custom)
2019-11-15 20:29:55,414 [pool-163-thread-1] INFO  server.RaftServerConfigKeys (ConfUtils.java:logGet(43)) - raft.server.log.queue.element-limit = 1024 (custom)
2019-11-15 20:29:55,414 [pool-163-thread-1] INFO  server.RaftServerConfigKeys (ConfUtils.java:logGet(43)) - raft.server.log.segment.size.max = 1048576 (custom)
2019-11-15 20:29:55,414 [pool-163-thread-1] INFO  server.RaftServerConfigKeys (ConfUtils.java:logGet(43)) - raft.server.log.preallocated.size = 16384 (custom)
2019-11-15 20:29:55,414 [pool-163-thread-1] INFO  server.RaftServerConfigKeys (ConfUtils.java:logGet(43)) - raft.server.log.write.buffer.size = 33554432 (custom)
2019-11-15 20:29:55,414 [pool-163-thread-1] INFO  server.RaftServerConfigKeys (ConfUtils.java:logGet(43)) - raft.server.log.force.sync.num = 128 (default)
2019-11-15 20:29:55,414 [pool-163-thread-1] INFO  server.RaftServerConfigKeys (ConfUtils.java:logGet(43)) - raft.server.log.statemachine.data.sync = true (default)
2019-11-15 20:29:55,414 [pool-163-thread-1] INFO  server.RaftServerConfigKeys (ConfUtils.java:logGet(43)) - raft.server.log.statemachine.data.sync.timeout = 10s (default)
2019-11-15 20:29:55,414 [pool-163-thread-1] INFO  server.RaftServerConfigKeys (ConfUtils.java:logGet(43)) - raft.server.log.statemachine.data.sync.timeout.retry = -1 (default)
2019-11-15 20:29:55,415 [pool-163-thread-1] INFO  server.RaftServerConfigKeys (ConfUtils.java:logGet(43)) - raft.server.log.statemachine.data.caching.enabled = true (custom)
2019-11-15 20:29:55,415 [pool-163-thread-1] INFO  segmented.SegmentedRaftLogWorker (SegmentedRaftLogWorker.java:lambda$new$0(128)) - 8a1675e0-6aea-4c3b-8be7-5ae20a1ca49e@group-B93E2D221AA2-SegmentedRaftLogWorker: flushIndex: setUnconditionally 0 -> -1
2019-11-15 20:29:55,415 [pool-163-thread-1] INFO  server.RaftServerConfigKeys (ConfUtils.java:logGet(43)) - raft.server.snapshot.auto.trigger.enabled = true (custom)
2019-11-15 20:29:55,415 [pool-163-thread-1] INFO  server.RaftServerConfigKeys (ConfUtils.java:logGet(43)) - raft.server.snapshot.auto.trigger.threshold = 10000 (custom)
2019-11-15 20:29:55,415 [pool-163-thread-1] INFO  server.RaftServerConfigKeys (ConfUtils.java:logGet(43)) - raft.server.snapshot.retention.file.num = 5 (custom)
2019-11-15 20:29:55,415 [pool-163-thread-1] INFO  server.RaftServerConfigKeys (ConfUtils.java:logGet(43)) - raft.server.retrycache.expirytime = 600000ms (custom)
2019-11-15 20:29:55,415 [pool-163-thread-1] WARN  impl.MetricRegistriesImpl (MetricRegistriesImpl.java:lambda$create$1(61)) - First MetricRegistry has been created without registering reporters. You may need to call MetricRegistries.global().addReportRegistration(...) before.
2019-11-15 20:29:55,416 [pool-163-thread-1] WARN  impl.MetricRegistriesImpl (MetricRegistriesImpl.java:lambda$create$1(61)) - First MetricRegistry has been created without registering reporters. You may need to call MetricRegistries.global().addReportRegistration(...) before.
2019-11-15 20:29:55,416 [pool-163-thread-1] INFO  impl.RaftServerImpl (RaftServerImpl.java:start(184)) - 8a1675e0-6aea-4c3b-8be7-5ae20a1ca49e@group-B93E2D221AA2: start as a follower, conf=-1: [8a1675e0-6aea-4c3b-8be7-5ae20a1ca49e:192.168.157.201:42325], old=null
2019-11-15 20:29:55,416 [pool-163-thread-1] INFO  impl.RaftServerImpl (RaftServerImpl.java:setRole(173)) - 8a1675e0-6aea-4c3b-8be7-5ae20a1ca49e@group-B93E2D221AA2: changes role from      null to FOLLOWER at term 0 for startAsFollower
2019-11-15 20:29:55,416 [pool-163-thread-1] INFO  impl.RoleInfo (RoleInfo.java:updateAndGet(143)) - 8a1675e0-6aea-4c3b-8be7-5ae20a1ca49e: start FollowerState
2019-11-15 20:29:55,417 [pool-163-thread-1] INFO  util.JmxRegister (JmxRegister.java:tryRegister(44)) - Successfully registered JMX Bean with object name Ratis:service=RaftServer,group=group-B93E2D221AA2,id=8a1675e0-6aea-4c3b-8be7-5ae20a1ca49e
2019-11-15 20:29:55,417 [pool-163-thread-1] WARN  impl.MetricRegistriesImpl (MetricRegistriesImpl.java:lambda$create$1(61)) - First MetricRegistry has been created without registering reporters. You may need to call MetricRegistries.global().addReportRegistration(...) before.
2019-11-15 20:29:55,419 [RatisPipelineUtilsThread] INFO  pipeline.PipelineStateManager (PipelineStateManager.java:addPipeline(55)) - Created pipeline Pipeline[ Id: 195e3b7a-7413-4c45-b107-b93e2d221aa2, Nodes: 8a1675e0-6aea-4c3b-8be7-5ae20a1ca49e{ip: 192.168.157.201, host: pr-hdds-2514-unusedmethodparam-9qkq7-1267773169, networkLocation: /default-rack, certSerialId: null}, Type:RATIS, Factor:ONE, State:ALLOCATED]
2019-11-15 20:29:55,420 [Thread-1750] INFO  pipeline.PipelineStateManager (PipelineStateManager.java:finalizePipeline(121)) - Pipeline Pipeline[ Id: 6b5f03ce-a1aa-42bc-a791-2486971252ff, Nodes: 3276412b-a8eb-4e99-a9e7-479baf35f503{ip: 192.168.157.201, host: pr-hdds-2514-unusedmethodparam-9qkq7-1267773169, networkLocation: /default-rack, certSerialId: null}9cc1e37a-4716-4cf9-9175-b0181c43ba93{ip: 192.168.157.201, host: pr-hdds-2514-unusedmethodparam-9qkq7-1267773169, networkLocation: /default-rack, certSerialId: null}0aaa2776-51af-4c10-a5a9-2fdcde9d3167{ip: 192.168.157.201, host: pr-hdds-2514-unusedmethodparam-9qkq7-1267773169, networkLocation: /default-rack, certSerialId: null}, Type:RATIS, Factor:THREE, State:CLOSED] moved to CLOSED state
2019-11-15 20:29:55,420 [EventQueue-CloseContainerForCloseContainerEventHandler] INFO  container.CloseContainerEventHandler (CloseContainerEventHandler.java:onMessage(61)) - Close container Event triggered for container : #1
2019-11-15 20:29:55,423 [grpc-default-executor-1] INFO  impl.RaftServerProxy (RaftServerProxy.java:remove(95)) - 3276412b-a8eb-4e99-a9e7-479baf35f503: remove  FOLLOWER 3276412b-a8eb-4e99-a9e7-479baf35f503@group-2486971252FF:t1, leader=9cc1e37a-4716-4cf9-9175-b0181c43ba93, voted=9cc1e37a-4716-4cf9-9175-b0181c43ba93, raftlog=3276412b-a8eb-4e99-a9e7-479baf35f503@group-2486971252FF-SegmentedRaftLog:OPENED:c4,f5,i5, conf=0: [3276412b-a8eb-4e99-a9e7-479baf35f503:192.168.157.201:46486, 0aaa2776-51af-4c10-a5a9-2fdcde9d3167:192.168.157.201:44120, 9cc1e37a-4716-4cf9-9175-b0181c43ba93:192.168.157.201:43898], old=null RUNNING
2019-11-15 20:29:55,425 [grpc-default-executor-1] INFO  impl.RaftServerImpl (RaftServerImpl.java:lambda$shutdown$3(250)) - 3276412b-a8eb-4e99-a9e7-479baf35f503@group-2486971252FF: shutdown
2019-11-15 20:29:55,425 [grpc-default-executor-1] INFO  util.JmxRegister (JmxRegister.java:unregister(73)) - Successfully un-registered JMX Bean with object name Ratis:service=RaftServer,group=group-2486971252FF,id=3276412b-a8eb-4e99-a9e7-479baf35f503
2019-11-15 20:29:55,425 [grpc-default-executor-1] INFO  impl.RoleInfo (RoleInfo.java:shutdownFollowerState(121)) - 3276412b-a8eb-4e99-a9e7-479baf35f503: shutdown FollowerState
2019-11-15 20:29:55,425 [grpc-default-executor-1] INFO  impl.StateMachineUpdater (StateMachineUpdater.java:stopAndJoin(136)) - 3276412b-a8eb-4e99-a9e7-479baf35f503@group-2486971252FF-StateMachineUpdater: set stopIndex = 4
2019-11-15 20:29:55,425 [Thread-1812] INFO  impl.FollowerState (FollowerState.java:run(120)) - 3276412b-a8eb-4e99-a9e7-479baf35f503@group-2486971252FF-FollowerState was interrupted: java.lang.InterruptedException: sleep interrupted
2019-11-15 20:29:55,427 [3276412b-a8eb-4e99-a9e7-479baf35f503@group-2486971252FF-StateMachineUpdater] INFO  ratis.ContainerStateMachine (ContainerStateMachine.java:takeSnapshot(285)) - group-2486971252FF: Taking a snapshot at:(t:1, i:1) file /workdir/hadoop-ozone/integration-test/target/test-dir/MiniOzoneClusterImpl-383ae012-405b-46cc-a485-9d9df1ba09bf/datanode-4/data/ratis/6b5f03ce-a1aa-42bc-a791-2486971252ff/sm/snapshot.1_1
2019-11-15 20:29:55,456 [3276412b-a8eb-4e99-a9e7-479baf35f503@group-2486971252FF-StateMachineUpdater] INFO  ratis.ContainerStateMachine (ContainerStateMachine.java:takeSnapshot(296)) - group-2486971252FF: Finished taking a snapshot at:(t:1, i:1) file:/workdir/hadoop-ozone/integration-test/target/test-dir/MiniOzoneClusterImpl-383ae012-405b-46cc-a485-9d9df1ba09bf/datanode-4/data/ratis/6b5f03ce-a1aa-42bc-a791-2486971252ff/sm/snapshot.1_1 time:30
2019-11-15 20:29:55,456 [3276412b-a8eb-4e99-a9e7-479baf35f503@group-2486971252FF-StateMachineUpdater] INFO  impl.StateMachineUpdater (StateMachineUpdater.java:takeSnapshot(269)) - 3276412b-a8eb-4e99-a9e7-479baf35f503@group-2486971252FF-StateMachineUpdater: Took a snapshot at index 1
2019-11-15 20:29:55,456 [3276412b-a8eb-4e99-a9e7-479baf35f503@group-2486971252FF-StateMachineUpdater] INFO  impl.StateMachineUpdater (StateMachineUpdater.java:lambda$new$0(84)) - 3276412b-a8eb-4e99-a9e7-479baf35f503@group-2486971252FF-StateMachineUpdater: snapshotIndex: updateIncreasingly -1 -> 1
2019-11-15 20:29:55,456 [3276412b-a8eb-4e99-a9e7-479baf35f503@group-2486971252FF-StateMachineUpdater] INFO  ratis.ContainerStateMachine (ContainerStateMachine.java:takeSnapshot(285)) - group-2486971252FF: Taking a snapshot at:(t:1, i:1) file /workdir/hadoop-ozone/integration-test/target/test-dir/MiniOzoneClusterImpl-383ae012-405b-46cc-a485-9d9df1ba09bf/datanode-4/data/ratis/6b5f03ce-a1aa-42bc-a791-2486971252ff/sm/snapshot.1_1
2019-11-15 20:29:55,491 [3276412b-a8eb-4e99-a9e7-479baf35f503@group-2486971252FF-StateMachineUpdater] INFO  ratis.ContainerStateMachine (ContainerStateMachine.java:takeSnapshot(296)) - group-2486971252FF: Finished taking a snapshot at:(t:1, i:1) file:/workdir/hadoop-ozone/integration-test/target/test-dir/MiniOzoneClusterImpl-383ae012-405b-46cc-a485-9d9df1ba09bf/datanode-4/data/ratis/6b5f03ce-a1aa-42bc-a791-2486971252ff/sm/snapshot.1_1 time:35
2019-11-15 20:29:55,491 [3276412b-a8eb-4e99-a9e7-479baf35f503@group-2486971252FF-StateMachineUpdater] INFO  impl.StateMachineUpdater (StateMachineUpdater.java:takeSnapshot(269)) - 3276412b-a8eb-4e99-a9e7-479baf35f503@group-2486971252FF-StateMachineUpdater: Took a snapshot at index 1
2019-11-15 20:29:55,491 [3276412b-a8eb-4e99-a9e7-479baf35f503@group-2486971252FF-StateMachineUpdater] INFO  impl.StateMachineUpdater (StateMachineUpdater.java:lambda$new$0(84)) - 3276412b-a8eb-4e99-a9e7-479baf35f503@group-2486971252FF-StateMachineUpdater: snapshotIndex: updateIncreasingly 1 -> 1
2019-11-15 20:29:55,492 [grpc-default-executor-1] INFO  impl.RaftServerImpl (ServerState.java:close(387)) - 3276412b-a8eb-4e99-a9e7-479baf35f503@group-2486971252FF: closes. applyIndex: 4
2019-11-15 20:29:55,492 [3276412b-a8eb-4e99-a9e7-479baf35f503@group-2486971252FF-SegmentedRaftLogWorker] INFO  segmented.SegmentedRaftLogWorker (SegmentedRaftLogWorker.java:run(316)) - 3276412b-a8eb-4e99-a9e7-479baf35f503@group-2486971252FF-SegmentedRaftLogWorker was interrupted, exiting. There are 0 tasks remaining in the queue.
2019-11-15 20:29:55,495 [grpc-default-executor-1] INFO  segmented.SegmentedRaftLogWorker (SegmentedRaftLogWorker.java:close(224)) - 3276412b-a8eb-4e99-a9e7-479baf35f503@group-2486971252FF-SegmentedRaftLogWorker close()
2019-11-15 20:29:55,598 [grpc-default-executor-1] INFO  interfaces.Container (KeyValueContainer.java:flushAndSyncDB(400)) - Container 1 is synced with bcsId 4.
2019-11-15 20:29:55,598 [grpc-default-executor-1] INFO  interfaces.Container (KeyValueContainer.java:flushAndSyncDB(400)) - Container 1 is synced with bcsId 4.
2019-11-15 20:29:55,624 [EventQueue-IncrementalContainerReportForIncrementalContainerReportHandler] INFO  container.IncrementalContainerReportHandler (AbstractContainerReportHandler.java:updateContainerState(171)) - Moving container #1 to QUASI_CLOSED state, datanode 3276412b-a8eb-4e99-a9e7-479baf35f503{ip: 192.168.157.201, host: pr-hdds-2514-unusedmethodparam-9qkq7-1267773169, networkLocation: /default-rack, certSerialId: null} reported QUASI_CLOSED replica.
2019-11-15 20:29:55,629 [grpc-default-executor-1] INFO  impl.RaftServerProxy (RaftServerProxy.java:remove(95)) - 9cc1e37a-4716-4cf9-9175-b0181c43ba93: remove    LEADER 9cc1e37a-4716-4cf9-9175-b0181c43ba93@group-2486971252FF:t1, leader=9cc1e37a-4716-4cf9-9175-b0181c43ba93, voted=9cc1e37a-4716-4cf9-9175-b0181c43ba93, raftlog=9cc1e37a-4716-4cf9-9175-b0181c43ba93@group-2486971252FF-SegmentedRaftLog:OPENED:c9,f9,i13, conf=0: [3276412b-a8eb-4e99-a9e7-479baf35f503:192.168.157.201:46486, 0aaa2776-51af-4c10-a5a9-2fdcde9d3167:192.168.157.201:44120, 9cc1e37a-4716-4cf9-9175-b0181c43ba93:192.168.157.201:43898], old=null RUNNING
2019-11-15 20:29:55,629 [grpc-default-executor-1] INFO  impl.RaftServerImpl (RaftServerImpl.java:lambda$shutdown$3(250)) - 9cc1e37a-4716-4cf9-9175-b0181c43ba93@group-2486971252FF: shutdown
2019-11-15 20:29:55,629 [grpc-default-executor-1] INFO  util.JmxRegister (JmxRegister.java:unregister(73)) - Successfully un-registered JMX Bean with object name Ratis:service=RaftServer,group=group-2486971252FF,id=9cc1e37a-4716-4cf9-9175-b0181c43ba93
2019-11-15 20:29:55,629 [grpc-default-executor-1] INFO  impl.RoleInfo (RoleInfo.java:shutdownLeaderState(104)) - 9cc1e37a-4716-4cf9-9175-b0181c43ba93: shutdown LeaderState
2019-11-15 20:29:55,632 [grpc-default-executor-1] INFO  impl.PendingRequests (PendingRequests.java:sendNotLeaderResponses(206)) - 9cc1e37a-4716-4cf9-9175-b0181c43ba93@group-2486971252FF-PendingRequests: sendNotLeaderResponses
2019-11-15 20:29:55,632 [org.apache.ratis.server.impl.LogAppender$AppenderDaemon$$Lambda$462/1863595330@5d11b154] WARN  server.GrpcLogAppender (GrpcLogAppender.java:mayWait(151)) - 9cc1e37a-4716-4cf9-9175-b0181c43ba93@group-2486971252FF->0aaa2776-51af-4c10-a5a9-2fdcde9d3167-GrpcLogAppender: Wait interrupted by java.lang.InterruptedException
2019-11-15 20:29:55,633 [org.apache.ratis.server.impl.LogAppender$AppenderDaemon$$Lambda$462/1863595330@18133c32] WARN  server.GrpcLogAppender (GrpcLogAppender.java:mayWait(151)) - 9cc1e37a-4716-4cf9-9175-b0181c43ba93@group-2486971252FF->3276412b-a8eb-4e99-a9e7-479baf35f503-GrpcLogAppender: Wait interrupted by java.lang.InterruptedException
2019-11-15 20:29:55,635 [grpc-default-executor-1] INFO  impl.StateMachineUpdater (StateMachineUpdater.java:stopAndJoin(136)) - 9cc1e37a-4716-4cf9-9175-b0181c43ba93@group-2486971252FF-StateMachineUpdater: set stopIndex = 9
2019-11-15 20:29:55,635 [grpc-default-executor-6] INFO  server.GrpcServerProtocolService (GrpcServerProtocolService.java:onCompleted(113)) - 0aaa2776-51af-4c10-a5a9-2fdcde9d3167: Completed APPEND_ENTRIES, lastRequest: 9cc1e37a-4716-4cf9-9175-b0181c43ba93->0aaa2776-51af-4c10-a5a9-2fdcde9d3167#16-t1, previous=(t:1, i:12), leaderCommit=9, initializing? false, entries: size=1, first=(t:1, i:13), METADATAENTRY(c9)
2019-11-15 20:29:55,636 [Thread-1886] INFO  client.GrpcClientProtocolService (GrpcClientProtocolService.java:lambda$processClientRequest$0(279)) - Failed RaftClientRequest:client-6947DF28264B->9cc1e37a-4716-4cf9-9175-b0181c43ba93@group-2486971252FF, cid=134, seq=0, Watch-ALL_COMMITTED(7), Message:<EMPTY>, reply=RaftClientReply:client-6947DF28264B->9cc1e37a-4716-4cf9-9175-b0181c43ba93@group-2486971252FF, cid=134, FAILED org.apache.ratis.protocol.NotLeaderException: Server 9cc1e37a-4716-4cf9-9175-b0181c43ba93@group-2486971252FF is not the leader, logIndex=0, commits[9cc1e37a-4716-4cf9-9175-b0181c43ba93:c9]
2019-11-15 20:29:55,635 [9cc1e37a-4716-4cf9-9175-b0181c43ba93@group-2486971252FF-StateMachineUpdater] INFO  ratis.ContainerStateMachine (ContainerStateMachine.java:takeSnapshot(285)) - group-2486971252FF: Taking a snapshot at:(t:1, i:9) file /workdir/hadoop-ozone/integration-test/target/test-dir/MiniOzoneClusterImpl-383ae012-405b-46cc-a485-9d9df1ba09bf/datanode-0/data/ratis/6b5f03ce-a1aa-42bc-a791-2486971252ff/sm/snapshot.1_9
2019-11-15 20:29:55,637 [grpc-default-executor-3] INFO  server.GrpcLogAppender (GrpcLogAppender.java:onCompleted(308)) - 9cc1e37a-4716-4cf9-9175-b0181c43ba93@group-2486971252FF->0aaa2776-51af-4c10-a5a9-2fdcde9d3167-AppendLogResponseHandler: follower responses appendEntries COMPLETED
2019-11-15 20:29:55,635 [grpc-default-executor-4] INFO  server.GrpcServerProtocolService (GrpcServerProtocolService.java:onCompleted(113)) - 3276412b-a8eb-4e99-a9e7-479baf35f503: Completed APPEND_ENTRIES, lastRequest: 9cc1e37a-4716-4cf9-9175-b0181c43ba93->3276412b-a8eb-4e99-a9e7-479baf35f503#16-t1, previous=(t:1, i:12), leaderCommit=9, initializing? false, entries: size=1, first=(t:1, i:13), METADATAENTRY(c9)
2019-11-15 20:29:55,639 [grpc-default-executor-4] INFO  server.GrpcLogAppender (GrpcLogAppender.java:onCompleted(308)) - 9cc1e37a-4716-4cf9-9175-b0181c43ba93@group-2486971252FF->3276412b-a8eb-4e99-a9e7-479baf35f503-AppendLogResponseHandler: follower responses appendEntries COMPLETED
2019-11-15 20:29:55,639 [grpc-default-executor-3] INFO  impl.FollowerInfo (FollowerInfo.java:lambda$new$0(51)) - 9cc1e37a-4716-4cf9-9175-b0181c43ba93@group-2486971252FF->0aaa2776-51af-4c10-a5a9-2fdcde9d3167: nextIndex: updateUnconditionally 14 -> 11
2019-11-15 20:29:55,641 [grpc-default-executor-4] INFO  impl.FollowerInfo (FollowerInfo.java:lambda$new$0(51)) - 9cc1e37a-4716-4cf9-9175-b0181c43ba93@group-2486971252FF->3276412b-a8eb-4e99-a9e7-479baf35f503: nextIndex: updateUnconditionally 14 -> 6
2019-11-15 20:29:55,657 [9cc1e37a-4716-4cf9-9175-b0181c43ba93@group-2486971252FF-StateMachineUpdater] INFO  ratis.ContainerStateMachine (ContainerStateMachine.java:takeSnapshot(296)) - group-2486971252FF: Finished taking a snapshot at:(t:1, i:9) file:/workdir/hadoop-ozone/integration-test/target/test-dir/MiniOzoneClusterImpl-383ae012-405b-46cc-a485-9d9df1ba09bf/datanode-0/data/ratis/6b5f03ce-a1aa-42bc-a791-2486971252ff/sm/snapshot.1_9 time:22
2019-11-15 20:29:55,658 [9cc1e37a-4716-4cf9-9175-b0181c43ba93@group-2486971252FF-StateMachineUpdater] INFO  impl.StateMachineUpdater (StateMachineUpdater.java:takeSnapshot(269)) - 9cc1e37a-4716-4cf9-9175-b0181c43ba93@group-2486971252FF-StateMachineUpdater: Took a snapshot at index 9
2019-11-15 20:29:55,658 [9cc1e37a-4716-4cf9-9175-b0181c43ba93@group-2486971252FF-StateMachineUpdater] INFO  impl.StateMachineUpdater (StateMachineUpdater.java:lambda$new$0(84)) - 9cc1e37a-4716-4cf9-9175-b0181c43ba93@group-2486971252FF-StateMachineUpdater: snapshotIndex: updateIncreasingly -1 -> 9
2019-11-15 20:29:55,658 [grpc-default-executor-1] INFO  impl.RaftServerImpl (ServerState.java:close(387)) - 9cc1e37a-4716-4cf9-9175-b0181c43ba93@group-2486971252FF: closes. applyIndex: 9
2019-11-15 20:29:55,658 [9cc1e37a-4716-4cf9-9175-b0181c43ba93@group-2486971252FF-SegmentedRaftLogWorker] INFO  segmented.SegmentedRaftLogWorker (SegmentedRaftLogWorker.java:run(316)) - 9cc1e37a-4716-4cf9-9175-b0181c43ba93@group-2486971252FF-SegmentedRaftLogWorker was interrupted, exiting. There are 0 tasks remaining in the queue.
2019-11-15 20:29:55,659 [grpc-default-executor-1] INFO  segmented.SegmentedRaftLogWorker (SegmentedRaftLogWorker.java:close(224)) - 9cc1e37a-4716-4cf9-9175-b0181c43ba93@group-2486971252FF-SegmentedRaftLogWorker close()
2019-11-15 20:29:55,790 [grpc-default-executor-1] INFO  interfaces.Container (KeyValueContainer.java:flushAndSyncDB(400)) - Container 1 is synced with bcsId 9.
2019-11-15 20:29:55,790 [grpc-default-executor-1] INFO  interfaces.Container (KeyValueContainer.java:flushAndSyncDB(400)) - Container 1 is synced with bcsId 9.
2019-11-15 20:29:56,002 [grpc-default-executor-1] INFO  impl.RaftServerProxy (RaftServerProxy.java:remove(95)) - 0aaa2776-51af-4c10-a5a9-2fdcde9d3167: remove  FOLLOWER 0aaa2776-51af-4c10-a5a9-2fdcde9d3167@group-2486971252FF:t1, leader=9cc1e37a-4716-4cf9-9175-b0181c43ba93, voted=9cc1e37a-4716-4cf9-9175-b0181c43ba93, raftlog=0aaa2776-51af-4c10-a5a9-2fdcde9d3167@group-2486971252FF-SegmentedRaftLog:OPENED:c9,f13,i13, conf=0: [3276412b-a8eb-4e99-a9e7-479baf35f503:192.168.157.201:46486, 0aaa2776-51af-4c10-a5a9-2fdcde9d3167:192.168.157.201:44120, 9cc1e37a-4716-4cf9-9175-b0181c43ba93:192.168.157.201:43898], old=null RUNNING
2019-11-15 20:29:56,003 [grpc-default-executor-1] INFO  impl.RaftServerImpl (RaftServerImpl.java:lambda$shutdown$3(250)) - 0aaa2776-51af-4c10-a5a9-2fdcde9d3167@group-2486971252FF: shutdown
2019-11-15 20:29:56,003 [grpc-default-executor-1] INFO  util.JmxRegister (JmxRegister.java:unregister(73)) - Successfully un-registered JMX Bean with object name Ratis:service=RaftServer,group=group-2486971252FF,id=0aaa2776-51af-4c10-a5a9-2fdcde9d3167
2019-11-15 20:29:56,003 [grpc-default-executor-1] INFO  impl.RoleInfo (RoleInfo.java:shutdownFollowerState(121)) - 0aaa2776-51af-4c10-a5a9-2fdcde9d3167: shutdown FollowerState
2019-11-15 20:29:56,004 [grpc-default-executor-1] INFO  impl.StateMachineUpdater (StateMachineUpdater.java:stopAndJoin(136)) - 0aaa2776-51af-4c10-a5a9-2fdcde9d3167@group-2486971252FF-StateMachineUpdater: set stopIndex = 9
2019-11-15 20:29:56,004 [Thread-1811] INFO  impl.FollowerState (FollowerState.java:run(120)) - 0aaa2776-51af-4c10-a5a9-2fdcde9d3167@group-2486971252FF-FollowerState was interrupted: java.lang.InterruptedException: sleep interrupted
2019-11-15 20:29:56,004 [0aaa2776-51af-4c10-a5a9-2fdcde9d3167@group-2486971252FF-StateMachineUpdater] INFO  ratis.ContainerStateMachine (ContainerStateMachine.java:takeSnapshot(285)) - group-2486971252FF: Taking a snapshot at:(t:1, i:9) file /workdir/hadoop-ozone/integration-test/target/test-dir/MiniOzoneClusterImpl-383ae012-405b-46cc-a485-9d9df1ba09bf/datanode-5/data/ratis/6b5f03ce-a1aa-42bc-a791-2486971252ff/sm/snapshot.1_9
2019-11-15 20:29:56,025 [0aaa2776-51af-4c10-a5a9-2fdcde9d3167@group-2486971252FF-StateMachineUpdater] INFO  ratis.ContainerStateMachine (ContainerStateMachine.java:takeSnapshot(296)) - group-2486971252FF: Finished taking a snapshot at:(t:1, i:9) file:/workdir/hadoop-ozone/integration-test/target/test-dir/MiniOzoneClusterImpl-383ae012-405b-46cc-a485-9d9df1ba09bf/datanode-5/data/ratis/6b5f03ce-a1aa-42bc-a791-2486971252ff/sm/snapshot.1_9 time:21
2019-11-15 20:29:56,025 [0aaa2776-51af-4c10-a5a9-2fdcde9d3167@group-2486971252FF-StateMachineUpdater] INFO  impl.StateMachineUpdater (StateMachineUpdater.java:takeSnapshot(269)) - 0aaa2776-51af-4c10-a5a9-2fdcde9d3167@group-2486971252FF-StateMachineUpdater: Took a snapshot at index 9
2019-11-15 20:29:56,025 [0aaa2776-51af-4c10-a5a9-2fdcde9d3167@group-2486971252FF-StateMachineUpdater] INFO  impl.StateMachineUpdater (StateMachineUpdater.java:lambda$new$0(84)) - 0aaa2776-51af-4c10-a5a9-2fdcde9d3167@group-2486971252FF-StateMachineUpdater: snapshotIndex: updateIncreasingly -1 -> 9
2019-11-15 20:29:56,026 [grpc-default-executor-1] INFO  impl.RaftServerImpl (ServerState.java:close(387)) - 0aaa2776-51af-4c10-a5a9-2fdcde9d3167@group-2486971252FF: closes. applyIndex: 9
2019-11-15 20:29:56,026 [0aaa2776-51af-4c10-a5a9-2fdcde9d3167@group-2486971252FF-SegmentedRaftLogWorker] INFO  segmented.SegmentedRaftLogWorker (SegmentedRaftLogWorker.java:run(316)) - 0aaa2776-51af-4c10-a5a9-2fdcde9d3167@group-2486971252FF-SegmentedRaftLogWorker was interrupted, exiting. There are 0 tasks remaining in the queue.
2019-11-15 20:29:56,028 [grpc-default-executor-1] INFO  segmented.SegmentedRaftLogWorker (SegmentedRaftLogWorker.java:close(224)) - 0aaa2776-51af-4c10-a5a9-2fdcde9d3167@group-2486971252FF-SegmentedRaftLogWorker close()
2019-11-15 20:29:56,053 [grpc-default-executor-1] INFO  interfaces.Container (KeyValueContainer.java:flushAndSyncDB(400)) - Container 1 is synced with bcsId 9.
2019-11-15 20:29:56,053 [grpc-default-executor-1] INFO  interfaces.Container (KeyValueContainer.java:flushAndSyncDB(400)) - Container 1 is synced with bcsId 9.
2019-11-15 20:29:56,087 [Thread-1750] INFO  pipeline.PipelineStateManager (PipelineStateManager.java:removePipeline(106)) - Pipeline Pipeline[ Id: 6b5f03ce-a1aa-42bc-a791-2486971252ff, Nodes: 3276412b-a8eb-4e99-a9e7-479baf35f503{ip: 192.168.157.201, host: pr-hdds-2514-unusedmethodparam-9qkq7-1267773169, networkLocation: /default-rack, certSerialId: null}9cc1e37a-4716-4cf9-9175-b0181c43ba93{ip: 192.168.157.201, host: pr-hdds-2514-unusedmethodparam-9qkq7-1267773169, networkLocation: /default-rack, certSerialId: null}0aaa2776-51af-4c10-a5a9-2fdcde9d3167{ip: 192.168.157.201, host: pr-hdds-2514-unusedmethodparam-9qkq7-1267773169, networkLocation: /default-rack, certSerialId: null}, Type:RATIS, Factor:THREE, State:CLOSED] removed from db
2019-11-15 20:29:56,087 [Thread-1750] INFO  pipeline.SCMPipelineManager (SCMPipelineManager.java:finalizeAndDestroyPipeline(315)) - destroying pipeline:Pipeline[ Id: 2c8f895b-0d99-4663-bf4a-d7b38365ab4d, Nodes: 8a1675e0-6aea-4c3b-8be7-5ae20a1ca49e{ip: 192.168.157.201, host: pr-hdds-2514-unusedmethodparam-9qkq7-1267773169, networkLocation: /default-rack, certSerialId: null}0a519b4d-4b4e-4277-8a94-337d2dc88e84{ip: 192.168.157.201, host: pr-hdds-2514-unusedmethodparam-9qkq7-1267773169, networkLocation: /default-rack, certSerialId: null}47ad85fd-142d-4fcb-95da-99123aa57c3f{ip: 192.168.157.201, host: pr-hdds-2514-unusedmethodparam-9qkq7-1267773169, networkLocation: /default-rack, certSerialId: null}, Type:RATIS, Factor:THREE, State:OPEN]
2019-11-15 20:29:56,087 [Thread-1750] INFO  pipeline.PipelineStateManager (PipelineStateManager.java:finalizePipeline(121)) - Pipeline Pipeline[ Id: 2c8f895b-0d99-4663-bf4a-d7b38365ab4d, Nodes: 8a1675e0-6aea-4c3b-8be7-5ae20a1ca49e{ip: 192.168.157.201, host: pr-hdds-2514-unusedmethodparam-9qkq7-1267773169, networkLocation: /default-rack, certSerialId: null}0a519b4d-4b4e-4277-8a94-337d2dc88e84{ip: 192.168.157.201, host: pr-hdds-2514-unusedmethodparam-9qkq7-1267773169, networkLocation: /default-rack, certSerialId: null}47ad85fd-142d-4fcb-95da-99123aa57c3f{ip: 192.168.157.201, host: pr-hdds-2514-unusedmethodparam-9qkq7-1267773169, networkLocation: /default-rack, certSerialId: null}, Type:RATIS, Factor:THREE, State:CLOSED] moved to CLOSED state
2019-11-15 20:29:56,091 [grpc-default-executor-3] INFO  impl.RaftServerProxy (RaftServerProxy.java:remove(95)) - 8a1675e0-6aea-4c3b-8be7-5ae20a1ca49e: remove  FOLLOWER 8a1675e0-6aea-4c3b-8be7-5ae20a1ca49e@group-D7B38365AB4D:t1, leader=0a519b4d-4b4e-4277-8a94-337d2dc88e84, voted=8a1675e0-6aea-4c3b-8be7-5ae20a1ca49e, raftlog=8a1675e0-6aea-4c3b-8be7-5ae20a1ca49e@group-D7B38365AB4D-SegmentedRaftLog:OPENED:c0,f0,i0, conf=0: [8a1675e0-6aea-4c3b-8be7-5ae20a1ca49e:192.168.157.201:42325, 0a519b4d-4b4e-4277-8a94-337d2dc88e84:192.168.157.201:36611, 47ad85fd-142d-4fcb-95da-99123aa57c3f:192.168.157.201:35088], old=null RUNNING
2019-11-15 20:29:56,097 [grpc-default-executor-3] INFO  impl.RaftServerImpl (RaftServerImpl.java:lambda$shutdown$3(250)) - 8a1675e0-6aea-4c3b-8be7-5ae20a1ca49e@group-D7B38365AB4D: shutdown
2019-11-15 20:29:56,097 [grpc-default-executor-3] INFO  util.JmxRegister (JmxRegister.java:unregister(73)) - Successfully un-registered JMX Bean with object name Ratis:service=RaftServer,group=group-D7B38365AB4D,id=8a1675e0-6aea-4c3b-8be7-5ae20a1ca49e
2019-11-15 20:29:56,097 [grpc-default-executor-1] INFO  impl.RaftServerProxy (RaftServerProxy.java:addNew(89)) - 0a519b4d-4b4e-4277-8a94-337d2dc88e84: addNew group-42490AFFC987:[8a1675e0-6aea-4c3b-8be7-5ae20a1ca49e:192.168.157.201:42325, 0a519b4d-4b4e-4277-8a94-337d2dc88e84:192.168.157.201:36611, 47ad85fd-142d-4fcb-95da-99123aa57c3f:192.168.157.201:35088] returns group-42490AFFC987:java.util.concurrent.CompletableFuture@dc72bd9[Not completed]
2019-11-15 20:29:56,097 [grpc-default-executor-3] INFO  impl.RoleInfo (RoleInfo.java:shutdownFollowerState(121)) - 8a1675e0-6aea-4c3b-8be7-5ae20a1ca49e: shutdown FollowerState
2019-11-15 20:29:56,099 [grpc-default-executor-3] INFO  impl.StateMachineUpdater (StateMachineUpdater.java:stopAndJoin(136)) - 8a1675e0-6aea-4c3b-8be7-5ae20a1ca49e@group-D7B38365AB4D-StateMachineUpdater: set stopIndex = 0
2019-11-15 20:29:56,099 [Thread-1802] INFO  impl.FollowerState (FollowerState.java:run(120)) - 8a1675e0-6aea-4c3b-8be7-5ae20a1ca49e@group-D7B38365AB4D-FollowerState was interrupted: java.lang.InterruptedException: sleep interrupted
2019-11-15 20:29:56,099 [grpc-default-executor-4] INFO  impl.RaftServerProxy (RaftServerProxy.java:addNew(89)) - 8a1675e0-6aea-4c3b-8be7-5ae20a1ca49e: addNew group-42490AFFC987:[8a1675e0-6aea-4c3b-8be7-5ae20a1ca49e:192.168.157.201:42325, 0a519b4d-4b4e-4277-8a94-337d2dc88e84:192.168.157.201:36611, 47ad85fd-142d-4fcb-95da-99123aa57c3f:192.168.157.201:35088] returns group-42490AFFC987:java.util.concurrent.CompletableFuture@672ad0d3[Not completed]
2019-11-15 20:29:56,100 [grpc-default-executor-3] INFO  impl.RaftServerImpl (ServerState.java:close(387)) - 8a1675e0-6aea-4c3b-8be7-5ae20a1ca49e@group-D7B38365AB4D: closes. applyIndex: 0
2019-11-15 20:29:56,100 [8a1675e0-6aea-4c3b-8be7-5ae20a1ca49e@group-D7B38365AB4D-SegmentedRaftLogWorker] INFO  segmented.SegmentedRaftLogWorker (SegmentedRaftLogWorker.java:run(316)) - 8a1675e0-6aea-4c3b-8be7-5ae20a1ca49e@group-D7B38365AB4D-SegmentedRaftLogWorker was interrupted, exiting. There are 0 tasks remaining in the queue.
2019-11-15 20:29:56,101 [grpc-default-executor-3] INFO  segmented.SegmentedRaftLogWorker (SegmentedRaftLogWorker.java:close(224)) - 8a1675e0-6aea-4c3b-8be7-5ae20a1ca49e@group-D7B38365AB4D-SegmentedRaftLogWorker close()
2019-11-15 20:29:56,103 [grpc-default-executor-4] INFO  impl.RaftServerProxy (RaftServerProxy.java:addNew(89)) - 47ad85fd-142d-4fcb-95da-99123aa57c3f: addNew group-42490AFFC987:[8a1675e0-6aea-4c3b-8be7-5ae20a1ca49e:192.168.157.201:42325, 0a519b4d-4b4e-4277-8a94-337d2dc88e84:192.168.157.201:36611, 47ad85fd-142d-4fcb-95da-99123aa57c3f:192.168.157.201:35088] returns group-42490AFFC987:java.util.concurrent.CompletableFuture@3c475b85[Not completed]
2019-11-15 20:29:56,103 [pool-183-thread-1] INFO  impl.RaftServerImpl (RaftServerImpl.java:<init>(98)) - 0a519b4d-4b4e-4277-8a94-337d2dc88e84: new RaftServerImpl for group-42490AFFC987:[8a1675e0-6aea-4c3b-8be7-5ae20a1ca49e:192.168.157.201:42325, 0a519b4d-4b4e-4277-8a94-337d2dc88e84:192.168.157.201:36611, 47ad85fd-142d-4fcb-95da-99123aa57c3f:192.168.157.201:35088] with ContainerStateMachine:uninitialized
2019-11-15 20:29:56,103 [pool-183-thread-1] INFO  server.RaftServerConfigKeys (ConfUtils.java:logGet(43)) - raft.server.rpc.timeout.min = 1s (custom)
2019-11-15 20:29:56,103 [pool-183-thread-1] INFO  server.RaftServerConfigKeys (ConfUtils.java:logGet(43)) - raft.server.rpc.timeout.max = 1200ms (custom)
2019-11-15 20:29:56,103 [pool-183-thread-1] INFO  server.RaftServerConfigKeys (ConfUtils.java:logGet(43)) - raft.server.rpcslowness.timeout = 120s (custom)
2019-11-15 20:29:56,103 [pool-183-thread-1] INFO  server.RaftServerConfigKeys (ConfUtils.java:logGet(43)) - raft.server.sleep.deviation.threshold = 300 (default)
2019-11-15 20:29:56,104 [pool-183-thread-1] INFO  server.RaftServerConfigKeys (ConfUtils.java:logGet(43)) - raft.server.log.appender.install.snapshot.enabled = false (custom)
2019-11-15 20:29:56,104 [pool-163-thread-1] INFO  impl.RaftServerImpl (RaftServerImpl.java:<init>(98)) - 8a1675e0-6aea-4c3b-8be7-5ae20a1ca49e: new RaftServerImpl for group-42490AFFC987:[8a1675e0-6aea-4c3b-8be7-5ae20a1ca49e:192.168.157.201:42325, 0a519b4d-4b4e-4277-8a94-337d2dc88e84:192.168.157.201:36611, 47ad85fd-142d-4fcb-95da-99123aa57c3f:192.168.157.201:35088] with ContainerStateMachine:uninitialized
2019-11-15 20:29:56,104 [pool-183-thread-1] INFO  impl.RaftServerImpl (ServerState.java:<init>(103)) - 0a519b4d-4b4e-4277-8a94-337d2dc88e84@group-42490AFFC987: ConfigurationManager, init=-1: [8a1675e0-6aea-4c3b-8be7-5ae20a1ca49e:192.168.157.201:42325, 0a519b4d-4b4e-4277-8a94-337d2dc88e84:192.168.157.201:36611, 47ad85fd-142d-4fcb-95da-99123aa57c3f:192.168.157.201:35088], old=null, confs=<EMPTY_MAP>
2019-11-15 20:29:56,104 [pool-163-thread-1] INFO  server.RaftServerConfigKeys (ConfUtils.java:logGet(43)) - raft.server.rpc.timeout.min = 1s (custom)
2019-11-15 20:29:56,104 [pool-183-thread-1] INFO  server.RaftServerConfigKeys (ConfUtils.java:logGet(43)) - raft.server.storage.dir = [/workdir/hadoop-ozone/integration-test/target/test-dir/MiniOzoneClusterImpl-383ae012-405b-46cc-a485-9d9df1ba09bf/datanode-3/data/ratis] (custom)
2019-11-15 20:29:56,104 [pool-163-thread-1] INFO  server.RaftServerConfigKeys (ConfUtils.java:logGet(43)) - raft.server.rpc.timeout.max = 1200ms (custom)
2019-11-15 20:29:56,104 [pool-183-thread-1] INFO  server.RaftServerConfigKeys (ConfUtils.java:logGet(43)) - raft.server.log.corruption.policy = EXCEPTION (default)
2019-11-15 20:29:56,105 [pool-163-thread-1] INFO  server.RaftServerConfigKeys (ConfUtils.java:logGet(43)) - raft.server.rpcslowness.timeout = 120s (custom)
2019-11-15 20:29:56,105 [pool-183-thread-1] INFO  storage.RaftStorageDirectory (RaftStorageDirectory.java:analyzeStorage(246)) - The storage directory /workdir/hadoop-ozone/integration-test/target/test-dir/MiniOzoneClusterImpl-383ae012-405b-46cc-a485-9d9df1ba09bf/datanode-3/data/ratis/580c0e74-6b62-46e3-ac9c-42490affc987 does not exist. Creating ...
2019-11-15 20:29:56,105 [pool-163-thread-1] INFO  server.RaftServerConfigKeys (ConfUtils.java:logGet(43)) - raft.server.sleep.deviation.threshold = 300 (default)
2019-11-15 20:29:56,105 [pool-163-thread-1] INFO  server.RaftServerConfigKeys (ConfUtils.java:logGet(43)) - raft.server.log.appender.install.snapshot.enabled = false (custom)
2019-11-15 20:29:56,105 [pool-173-thread-1] INFO  impl.RaftServerImpl (RaftServerImpl.java:<init>(98)) - 47ad85fd-142d-4fcb-95da-99123aa57c3f: new RaftServerImpl for group-42490AFFC987:[8a1675e0-6aea-4c3b-8be7-5ae20a1ca49e:192.168.157.201:42325, 0a519b4d-4b4e-4277-8a94-337d2dc88e84:192.168.157.201:36611, 47ad85fd-142d-4fcb-95da-99123aa57c3f:192.168.157.201:35088] with ContainerStateMachine:uninitialized
2019-11-15 20:29:56,105 [pool-163-thread-1] INFO  impl.RaftServerImpl (ServerState.java:<init>(103)) - 8a1675e0-6aea-4c3b-8be7-5ae20a1ca49e@group-42490AFFC987: ConfigurationManager, init=-1: [8a1675e0-6aea-4c3b-8be7-5ae20a1ca49e:192.168.157.201:42325, 0a519b4d-4b4e-4277-8a94-337d2dc88e84:192.168.157.201:36611, 47ad85fd-142d-4fcb-95da-99123aa57c3f:192.168.157.201:35088], old=null, confs=<EMPTY_MAP>
2019-11-15 20:29:56,105 [pool-173-thread-1] INFO  server.RaftServerConfigKeys (ConfUtils.java:logGet(43)) - raft.server.rpc.timeout.min = 1s (custom)
2019-11-15 20:29:56,105 [pool-163-thread-1] INFO  server.RaftServerConfigKeys (ConfUtils.java:logGet(43)) - raft.server.storage.dir = [/workdir/hadoop-ozone/integration-test/target/test-dir/MiniOzoneClusterImpl-383ae012-405b-46cc-a485-9d9df1ba09bf/datanode-1/data/ratis] (custom)
2019-11-15 20:29:56,105 [pool-173-thread-1] INFO  server.RaftServerConfigKeys (ConfUtils.java:logGet(43)) - raft.server.rpc.timeout.max = 1200ms (custom)
2019-11-15 20:29:56,106 [pool-173-thread-1] INFO  server.RaftServerConfigKeys (ConfUtils.java:logGet(43)) - raft.server.rpcslowness.timeout = 120s (custom)
2019-11-15 20:29:56,106 [pool-163-thread-1] INFO  server.RaftServerConfigKeys (ConfUtils.java:logGet(43)) - raft.server.log.corruption.policy = EXCEPTION (default)
2019-11-15 20:29:56,106 [pool-173-thread-1] INFO  server.RaftServerConfigKeys (ConfUtils.java:logGet(43)) - raft.server.sleep.deviation.threshold = 300 (default)
2019-11-15 20:29:56,106 [pool-173-thread-1] INFO  server.RaftServerConfigKeys (ConfUtils.java:logGet(43)) - raft.server.log.appender.install.snapshot.enabled = false (custom)
2019-11-15 20:29:56,106 [pool-163-thread-1] INFO  storage.RaftStorageDirectory (RaftStorageDirectory.java:analyzeStorage(246)) - The storage directory /workdir/hadoop-ozone/integration-test/target/test-dir/MiniOzoneClusterImpl-383ae012-405b-46cc-a485-9d9df1ba09bf/datanode-1/data/ratis/580c0e74-6b62-46e3-ac9c-42490affc987 does not exist. Creating ...
2019-11-15 20:29:56,106 [pool-173-thread-1] INFO  impl.RaftServerImpl (ServerState.java:<init>(103)) - 47ad85fd-142d-4fcb-95da-99123aa57c3f@group-42490AFFC987: ConfigurationManager, init=-1: [8a1675e0-6aea-4c3b-8be7-5ae20a1ca49e:192.168.157.201:42325, 0a519b4d-4b4e-4277-8a94-337d2dc88e84:192.168.157.201:36611, 47ad85fd-142d-4fcb-95da-99123aa57c3f:192.168.157.201:35088], old=null, confs=<EMPTY_MAP>
2019-11-15 20:29:56,106 [pool-173-thread-1] INFO  server.RaftServerConfigKeys (ConfUtils.java:logGet(43)) - raft.server.storage.dir = [/workdir/hadoop-ozone/integration-test/target/test-dir/MiniOzoneClusterImpl-383ae012-405b-46cc-a485-9d9df1ba09bf/datanode-2/data/ratis] (custom)
2019-11-15 20:29:56,106 [pool-173-thread-1] INFO  server.RaftServerConfigKeys (ConfUtils.java:logGet(43)) - raft.server.log.corruption.policy = EXCEPTION (default)
2019-11-15 20:29:56,107 [pool-173-thread-1] INFO  storage.RaftStorageDirectory (RaftStorageDirectory.java:analyzeStorage(246)) - The storage directory /workdir/hadoop-ozone/integration-test/target/test-dir/MiniOzoneClusterImpl-383ae012-405b-46cc-a485-9d9df1ba09bf/datanode-2/data/ratis/580c0e74-6b62-46e3-ac9c-42490affc987 does not exist. Creating ...
2019-11-15 20:29:56,108 [grpc-default-executor-3] INFO  impl.RaftServerProxy (RaftServerProxy.java:remove(95)) - 0a519b4d-4b4e-4277-8a94-337d2dc88e84: remove    LEADER 0a519b4d-4b4e-4277-8a94-337d2dc88e84@group-D7B38365AB4D:t1, leader=0a519b4d-4b4e-4277-8a94-337d2dc88e84, voted=0a519b4d-4b4e-4277-8a94-337d2dc88e84, raftlog=0a519b4d-4b4e-4277-8a94-337d2dc88e84@group-D7B38365AB4D-SegmentedRaftLog:OPENED:c0,f0,i0, conf=0: [8a1675e0-6aea-4c3b-8be7-5ae20a1ca49e:192.168.157.201:42325, 0a519b4d-4b4e-4277-8a94-337d2dc88e84:192.168.157.201:36611, 47ad85fd-142d-4fcb-95da-99123aa57c3f:192.168.157.201:35088], old=null RUNNING
2019-11-15 20:29:56,108 [grpc-default-executor-3] INFO  impl.RaftServerImpl (RaftServerImpl.java:lambda$shutdown$3(250)) - 0a519b4d-4b4e-4277-8a94-337d2dc88e84@group-D7B38365AB4D: shutdown
2019-11-15 20:29:56,108 [grpc-default-executor-3] INFO  util.JmxRegister (JmxRegister.java:unregister(73)) - Successfully un-registered JMX Bean with object name Ratis:service=RaftServer,group=group-D7B38365AB4D,id=0a519b4d-4b4e-4277-8a94-337d2dc88e84
2019-11-15 20:29:56,108 [grpc-default-executor-3] INFO  impl.RoleInfo (RoleInfo.java:shutdownLeaderState(104)) - 0a519b4d-4b4e-4277-8a94-337d2dc88e84: shutdown LeaderState
2019-11-15 20:29:56,111 [grpc-default-executor-3] INFO  impl.PendingRequests (PendingRequests.java:sendNotLeaderResponses(206)) - 0a519b4d-4b4e-4277-8a94-337d2dc88e84@group-D7B38365AB4D-PendingRequests: sendNotLeaderResponses
2019-11-15 20:29:56,111 [org.apache.ratis.server.impl.LogAppender$AppenderDaemon$$Lambda$462/1863595330@3a2dc8dd] WARN  server.GrpcLogAppender (GrpcLogAppender.java:mayWait(151)) - 0a519b4d-4b4e-4277-8a94-337d2dc88e84@group-D7B38365AB4D->47ad85fd-142d-4fcb-95da-99123aa57c3f-GrpcLogAppender: Wait interrupted by java.lang.InterruptedException
2019-11-15 20:29:56,112 [grpc-default-executor-3] INFO  impl.StateMachineUpdater (StateMachineUpdater.java:stopAndJoin(136)) - 0a519b4d-4b4e-4277-8a94-337d2dc88e84@group-D7B38365AB4D-StateMachineUpdater: set stopIndex = 0
2019-11-15 20:29:56,112 [org.apache.ratis.server.impl.LogAppender$AppenderDaemon$$Lambda$462/1863595330@7f2f495c] WARN  server.GrpcLogAppender (GrpcLogAppender.java:mayWait(151)) - 0a519b4d-4b4e-4277-8a94-337d2dc88e84@group-D7B38365AB4D->8a1675e0-6aea-4c3b-8be7-5ae20a1ca49e-GrpcLogAppender: Wait interrupted by java.lang.InterruptedException
2019-11-15 20:29:56,112 [grpc-default-executor-3] INFO  impl.RaftServerImpl (ServerState.java:close(387)) - 0a519b4d-4b4e-4277-8a94-337d2dc88e84@group-D7B38365AB4D: closes. applyIndex: 0
2019-11-15 20:29:56,112 [grpc-default-executor-1] INFO  server.GrpcServerProtocolService (GrpcServerProtocolService.java:onCompleted(113)) - 8a1675e0-6aea-4c3b-8be7-5ae20a1ca49e: Completed APPEND_ENTRIES, lastRequest: 0a519b4d-4b4e-4277-8a94-337d2dc88e84->8a1675e0-6aea-4c3b-8be7-5ae20a1ca49e#5-t1, previous=(t:1, i:0), leaderCommit=0, initializing? false, entries: <empty>
2019-11-15 20:29:56,112 [grpc-default-executor-4] INFO  server.GrpcServerProtocolService (GrpcServerProtocolService.java:onCompleted(113)) - 47ad85fd-142d-4fcb-95da-99123aa57c3f: Completed APPEND_ENTRIES, lastRequest: 0a519b4d-4b4e-4277-8a94-337d2dc88e84->47ad85fd-142d-4fcb-95da-99123aa57c3f#5-t1, previous=(t:1, i:0), leaderCommit=0, initializing? false, entries: <empty>
2019-11-15 20:29:56,113 [0a519b4d-4b4e-4277-8a94-337d2dc88e84@group-D7B38365AB4D-SegmentedRaftLogWorker] INFO  segmented.SegmentedRaftLogWorker (SegmentedRaftLogWorker.java:run(316)) - 0a519b4d-4b4e-4277-8a94-337d2dc88e84@group-D7B38365AB4D-SegmentedRaftLogWorker was interrupted, exiting. There are 0 tasks remaining in the queue.
2019-11-15 20:29:56,113 [grpc-default-executor-4] INFO  server.GrpcLogAppender (GrpcLogAppender.java:onCompleted(308)) - 0a519b4d-4b4e-4277-8a94-337d2dc88e84@group-D7B38365AB4D->8a1675e0-6aea-4c3b-8be7-5ae20a1ca49e-AppendLogResponseHandler: follower responses appendEntries COMPLETED
2019-11-15 20:29:56,113 [grpc-default-executor-3] INFO  segmented.SegmentedRaftLogWorker (SegmentedRaftLogWorker.java:close(224)) - 0a519b4d-4b4e-4277-8a94-337d2dc88e84@group-D7B38365AB4D-SegmentedRaftLogWorker close()
2019-11-15 20:29:56,113 [grpc-default-executor-1] INFO  server.GrpcLogAppender (GrpcLogAppender.java:onCompleted(308)) - 0a519b4d-4b4e-4277-8a94-337d2dc88e84@group-D7B38365AB4D->47ad85fd-142d-4fcb-95da-99123aa57c3f-AppendLogResponseHandler: follower responses appendEntries COMPLETED
2019-11-15 20:29:56,113 [grpc-default-executor-4] INFO  impl.FollowerInfo (FollowerInfo.java:lambda$new$0(51)) - 0a519b4d-4b4e-4277-8a94-337d2dc88e84@group-D7B38365AB4D->8a1675e0-6aea-4c3b-8be7-5ae20a1ca49e: nextIndex: updateUnconditionally 1 -> 0
2019-11-15 20:29:56,115 [grpc-default-executor-1] INFO  impl.FollowerInfo (FollowerInfo.java:lambda$new$0(51)) - 0a519b4d-4b4e-4277-8a94-337d2dc88e84@group-D7B38365AB4D->47ad85fd-142d-4fcb-95da-99123aa57c3f: nextIndex: updateUnconditionally 1 -> 0
2019-11-15 20:29:56,119 [grpc-default-executor-3] INFO  impl.RaftServerProxy (RaftServerProxy.java:remove(95)) - 47ad85fd-142d-4fcb-95da-99123aa57c3f: remove  FOLLOWER 47ad85fd-142d-4fcb-95da-99123aa57c3f@group-D7B38365AB4D:t1, leader=0a519b4d-4b4e-4277-8a94-337d2dc88e84, voted=0a519b4d-4b4e-4277-8a94-337d2dc88e84, raftlog=47ad85fd-142d-4fcb-95da-99123aa57c3f@group-D7B38365AB4D-SegmentedRaftLog:OPENED:c0,f0,i0, conf=0: [8a1675e0-6aea-4c3b-8be7-5ae20a1ca49e:192.168.157.201:42325, 0a519b4d-4b4e-4277-8a94-337d2dc88e84:192.168.157.201:36611, 47ad85fd-142d-4fcb-95da-99123aa57c3f:192.168.157.201:35088], old=null RUNNING
2019-11-15 20:29:56,119 [grpc-default-executor-3] INFO  impl.RaftServerImpl (RaftServerImpl.java:lambda$shutdown$3(250)) - 47ad85fd-142d-4fcb-95da-99123aa57c3f@group-D7B38365AB4D: shutdown
2019-11-15 20:29:56,119 [grpc-default-executor-3] INFO  util.JmxRegister (JmxRegister.java:unregister(73)) - Successfully un-registered JMX Bean with object name Ratis:service=RaftServer,group=group-D7B38365AB4D,id=47ad85fd-142d-4fcb-95da-99123aa57c3f
2019-11-15 20:29:56,119 [grpc-default-executor-3] INFO  impl.RoleInfo (RoleInfo.java:shutdownFollowerState(121)) - 47ad85fd-142d-4fcb-95da-99123aa57c3f: shutdown FollowerState
2019-11-15 20:29:56,119 [grpc-default-executor-3] INFO  impl.StateMachineUpdater (StateMachineUpdater.java:stopAndJoin(136)) - 47ad85fd-142d-4fcb-95da-99123aa57c3f@group-D7B38365AB4D-StateMachineUpdater: set stopIndex = 0
2019-11-15 20:29:56,119 [Thread-1800] INFO  impl.FollowerState (FollowerState.java:run(120)) - 47ad85fd-142d-4fcb-95da-99123aa57c3f@group-D7B38365AB4D-FollowerState was interrupted: java.lang.InterruptedException: sleep interrupted
2019-11-15 20:29:56,121 [grpc-default-executor-3] INFO  impl.RaftServerImpl (ServerState.java:close(387)) - 47ad85fd-142d-4fcb-95da-99123aa57c3f@group-D7B38365AB4D: closes. applyIndex: 0
2019-11-15 20:29:56,126 [pool-173-thread-1] INFO  storage.RaftStorageDirectory (RaftStorageDirectory.java:tryLock(328)) - Lock on /workdir/hadoop-ozone/integration-test/target/test-dir/MiniOzoneClusterImpl-383ae012-405b-46cc-a485-9d9df1ba09bf/datanode-2/data/ratis/580c0e74-6b62-46e3-ac9c-42490affc987/in_use.lock acquired by nodename 20206@pr-hdds-2514-unusedmethodparam-9qkq7-1267773169
2019-11-15 20:29:56,126 [pool-183-thread-1] INFO  storage.RaftStorageDirectory (RaftStorageDirectory.java:tryLock(328)) - Lock on /workdir/hadoop-ozone/integration-test/target/test-dir/MiniOzoneClusterImpl-383ae012-405b-46cc-a485-9d9df1ba09bf/datanode-3/data/ratis/580c0e74-6b62-46e3-ac9c-42490affc987/in_use.lock acquired by nodename 20206@pr-hdds-2514-unusedmethodparam-9qkq7-1267773169
2019-11-15 20:29:56,126 [pool-163-thread-1] INFO  storage.RaftStorageDirectory (RaftStorageDirectory.java:tryLock(328)) - Lock on /workdir/hadoop-ozone/integration-test/target/test-dir/MiniOzoneClusterImpl-383ae012-405b-46cc-a485-9d9df1ba09bf/datanode-1/data/ratis/580c0e74-6b62-46e3-ac9c-42490affc987/in_use.lock acquired by nodename 20206@pr-hdds-2514-unusedmethodparam-9qkq7-1267773169
2019-11-15 20:29:56,126 [47ad85fd-142d-4fcb-95da-99123aa57c3f@group-D7B38365AB4D-SegmentedRaftLogWorker] INFO  segmented.SegmentedRaftLogWorker (SegmentedRaftLogWorker.java:run(316)) - 47ad85fd-142d-4fcb-95da-99123aa57c3f@group-D7B38365AB4D-SegmentedRaftLogWorker was interrupted, exiting. There are 0 tasks remaining in the queue.
2019-11-15 20:29:56,127 [grpc-default-executor-3] INFO  segmented.SegmentedRaftLogWorker (SegmentedRaftLogWorker.java:close(224)) - 47ad85fd-142d-4fcb-95da-99123aa57c3f@group-D7B38365AB4D-SegmentedRaftLogWorker close()
2019-11-15 20:29:56,144 [pool-163-thread-1] INFO  storage.RaftStorage (RaftStorage.java:format(84)) - Storage directory /workdir/hadoop-ozone/integration-test/target/test-dir/MiniOzoneClusterImpl-383ae012-405b-46cc-a485-9d9df1ba09bf/datanode-1/data/ratis/580c0e74-6b62-46e3-ac9c-42490affc987 has been successfully formatted.
2019-11-15 20:29:56,144 [pool-183-thread-1] INFO  storage.RaftStorage (RaftStorage.java:format(84)) - Storage directory /workdir/hadoop-ozone/integration-test/target/test-dir/MiniOzoneClusterImpl-383ae012-405b-46cc-a485-9d9df1ba09bf/datanode-3/data/ratis/580c0e74-6b62-46e3-ac9c-42490affc987 has been successfully formatted.
2019-11-15 20:29:56,144 [pool-163-thread-1] INFO  ratis.ContainerStateMachine (ContainerStateMachine.java:loadSnapshot(223)) - group-42490AFFC987: The snapshot info is null. Setting the last applied indexto:(t:0, i:~)
2019-11-15 20:29:56,144 [pool-173-thread-1] INFO  storage.RaftStorage (RaftStorage.java:format(84)) - Storage directory /workdir/hadoop-ozone/integration-test/target/test-dir/MiniOzoneClusterImpl-383ae012-405b-46cc-a485-9d9df1ba09bf/datanode-2/data/ratis/580c0e74-6b62-46e3-ac9c-42490affc987 has been successfully formatted.
2019-11-15 20:29:56,144 [pool-183-thread-1] INFO  ratis.ContainerStateMachine (ContainerStateMachine.java:loadSnapshot(223)) - group-42490AFFC987: The snapshot info is null. Setting the last applied indexto:(t:0, i:~)
2019-11-15 20:29:56,144 [pool-163-thread-1] INFO  server.RaftServerConfigKeys (ConfUtils.java:logGet(43)) - raft.server.notification.no-leader.timeout = 120s (custom)
2019-11-15 20:29:56,145 [pool-183-thread-1] INFO  server.RaftServerConfigKeys (ConfUtils.java:logGet(43)) - raft.server.notification.no-leader.timeout = 120s (custom)
2019-11-15 20:29:56,145 [pool-173-thread-1] INFO  ratis.ContainerStateMachine (ContainerStateMachine.java:loadSnapshot(223)) - group-42490AFFC987: The snapshot info is null. Setting the last applied indexto:(t:0, i:~)
2019-11-15 20:29:56,145 [pool-183-thread-1] INFO  server.RaftServerConfigKeys (ConfUtils.java:logGet(43)) - raft.server.log.use.memory = false (default)
2019-11-15 20:29:56,145 [pool-163-thread-1] INFO  server.RaftServerConfigKeys (ConfUtils.java:logGet(43)) - raft.server.log.use.memory = false (default)
2019-11-15 20:29:56,145 [pool-183-thread-1] INFO  server.RaftServerConfigKeys (ConfUtils.java:logGet(43)) - raft.server.log.purge.gap = 1000000 (custom)
2019-11-15 20:29:56,145 [pool-173-thread-1] INFO  server.RaftServerConfigKeys (ConfUtils.java:logGet(43)) - raft.server.notification.no-leader.timeout = 120s (custom)
2019-11-15 20:29:56,145 [pool-183-thread-1] INFO  server.RaftServerConfigKeys (ConfUtils.java:logGet(43)) - raft.server.log.appender.buffer.byte-limit = 33554432 (custom)
2019-11-15 20:29:56,145 [pool-163-thread-1] INFO  server.RaftServerConfigKeys (ConfUtils.java:logGet(43)) - raft.server.log.purge.gap = 1000000 (custom)
2019-11-15 20:29:56,145 [pool-183-thread-1] INFO  server.RaftServerConfigKeys (ConfUtils.java:logGet(43)) - raft.server.log.segment.size.max = 1048576 (custom)
2019-11-15 20:29:56,145 [pool-173-thread-1] INFO  server.RaftServerConfigKeys (ConfUtils.java:logGet(43)) - raft.server.log.use.memory = false (default)
2019-11-15 20:29:56,146 [pool-183-thread-1] INFO  server.RaftServerConfigKeys (ConfUtils.java:logGet(43)) - raft.server.log.segment.cache.num.max = 2 (custom)
2019-11-15 20:29:56,145 [pool-163-thread-1] INFO  server.RaftServerConfigKeys (ConfUtils.java:logGet(43)) - raft.server.log.appender.buffer.byte-limit = 33554432 (custom)
2019-11-15 20:29:56,146 [pool-183-thread-1] INFO  segmented.SegmentedRaftLogWorker (SegmentedRaftLogWorker.java:<init>(173)) - new 0a519b4d-4b4e-4277-8a94-337d2dc88e84@group-42490AFFC987-SegmentedRaftLogWorker for RaftStorage:Storage Directory /workdir/hadoop-ozone/integration-test/target/test-dir/MiniOzoneClusterImpl-383ae012-405b-46cc-a485-9d9df1ba09bf/datanode-3/data/ratis/580c0e74-6b62-46e3-ac9c-42490affc987
2019-11-15 20:29:56,146 [pool-173-thread-1] INFO  server.RaftServerConfigKeys (ConfUtils.java:logGet(43)) - raft.server.log.purge.gap = 1000000 (custom)
2019-11-15 20:29:56,146 [pool-183-thread-1] INFO  server.RaftServerConfigKeys (ConfUtils.java:logGet(43)) - raft.server.log.queue.byte-limit = 2147483647 (custom)
2019-11-15 20:29:56,146 [pool-163-thread-1] INFO  server.RaftServerConfigKeys (ConfUtils.java:logGet(43)) - raft.server.log.segment.size.max = 1048576 (custom)
2019-11-15 20:29:56,146 [pool-183-thread-1] INFO  server.RaftServerConfigKeys (ConfUtils.java:logGet(43)) - raft.server.log.queue.element-limit = 1024 (custom)
2019-11-15 20:29:56,146 [pool-173-thread-1] INFO  server.RaftServerConfigKeys (ConfUtils.java:logGet(43)) - raft.server.log.appender.buffer.byte-limit = 33554432 (custom)
2019-11-15 20:29:56,146 [pool-183-thread-1] INFO  server.RaftServerConfigKeys (ConfUtils.java:logGet(43)) - raft.server.log.segment.size.max = 1048576 (custom)
2019-11-15 20:29:56,146 [pool-163-thread-1] INFO  server.RaftServerConfigKeys (ConfUtils.java:logGet(43)) - raft.server.log.segment.cache.num.max = 2 (custom)
2019-11-15 20:29:56,147 [pool-183-thread-1] INFO  server.RaftServerConfigKeys (ConfUtils.java:logGet(43)) - raft.server.log.preallocated.size = 16384 (custom)
2019-11-15 20:29:56,146 [pool-173-thread-1] INFO  server.RaftServerConfigKeys (ConfUtils.java:logGet(43)) - raft.server.log.segment.size.max = 1048576 (custom)
2019-11-15 20:29:56,147 [pool-183-thread-1] INFO  server.RaftServerConfigKeys (ConfUtils.java:logGet(43)) - raft.server.log.write.buffer.size = 33554432 (custom)
2019-11-15 20:29:56,147 [pool-163-thread-1] INFO  segmented.SegmentedRaftLogWorker (SegmentedRaftLogWorker.java:<init>(173)) - new 8a1675e0-6aea-4c3b-8be7-5ae20a1ca49e@group-42490AFFC987-SegmentedRaftLogWorker for RaftStorage:Storage Directory /workdir/hadoop-ozone/integration-test/target/test-dir/MiniOzoneClusterImpl-383ae012-405b-46cc-a485-9d9df1ba09bf/datanode-1/data/ratis/580c0e74-6b62-46e3-ac9c-42490affc987
2019-11-15 20:29:56,147 [pool-183-thread-1] INFO  server.RaftServerConfigKeys (ConfUtils.java:logGet(43)) - raft.server.log.force.sync.num = 128 (default)
2019-11-15 20:29:56,147 [pool-173-thread-1] INFO  server.RaftServerConfigKeys (ConfUtils.java:logGet(43)) - raft.server.log.segment.cache.num.max = 2 (custom)
2019-11-15 20:29:56,147 [pool-183-thread-1] INFO  server.RaftServerConfigKeys (ConfUtils.java:logGet(43)) - raft.server.log.statemachine.data.sync = true (default)
2019-11-15 20:29:56,147 [pool-183-thread-1] INFO  server.RaftServerConfigKeys (ConfUtils.java:logGet(43)) - raft.server.log.statemachine.data.sync.timeout = 10s (default)
2019-11-15 20:29:56,147 [pool-163-thread-1] INFO  server.RaftServerConfigKeys (ConfUtils.java:logGet(43)) - raft.server.log.queue.byte-limit = 2147483647 (custom)
2019-11-15 20:29:56,148 [pool-183-thread-1] INFO  server.RaftServerConfigKeys (ConfUtils.java:logGet(43)) - raft.server.log.statemachine.data.sync.timeout.retry = -1 (default)
2019-11-15 20:29:56,147 [pool-173-thread-1] INFO  segmented.SegmentedRaftLogWorker (SegmentedRaftLogWorker.java:<init>(173)) - new 47ad85fd-142d-4fcb-95da-99123aa57c3f@group-42490AFFC987-SegmentedRaftLogWorker for RaftStorage:Storage Directory /workdir/hadoop-ozone/integration-test/target/test-dir/MiniOzoneClusterImpl-383ae012-405b-46cc-a485-9d9df1ba09bf/datanode-2/data/ratis/580c0e74-6b62-46e3-ac9c-42490affc987
2019-11-15 20:29:56,148 [pool-183-thread-1] INFO  server.RaftServerConfigKeys (ConfUtils.java:logGet(43)) - raft.server.log.statemachine.data.caching.enabled = true (custom)
2019-11-15 20:29:56,148 [pool-163-thread-1] INFO  server.RaftServerConfigKeys (ConfUtils.java:logGet(43)) - raft.server.log.queue.element-limit = 1024 (custom)
2019-11-15 20:29:56,148 [pool-173-thread-1] INFO  server.RaftServerConfigKeys (ConfUtils.java:logGet(43)) - raft.server.log.queue.byte-limit = 2147483647 (custom)
2019-11-15 20:29:56,148 [pool-183-thread-1] INFO  segmented.SegmentedRaftLogWorker (SegmentedRaftLogWorker.java:lambda$new$0(128)) - 0a519b4d-4b4e-4277-8a94-337d2dc88e84@group-42490AFFC987-SegmentedRaftLogWorker: flushIndex: setUnconditionally 0 -> -1
2019-11-15 20:29:56,148 [pool-163-thread-1] INFO  server.RaftServerConfigKeys (ConfUtils.java:logGet(43)) - raft.server.log.segment.size.max = 1048576 (custom)
2019-11-15 20:29:56,148 [pool-173-thread-1] INFO  server.RaftServerConfigKeys (ConfUtils.java:logGet(43)) - raft.server.log.queue.element-limit = 1024 (custom)
2019-11-15 20:29:56,148 [pool-163-thread-1] INFO  server.RaftServerConfigKeys (ConfUtils.java:logGet(43)) - raft.server.log.preallocated.size = 16384 (custom)
2019-11-15 20:29:56,148 [pool-183-thread-1] INFO  server.RaftServerConfigKeys (ConfUtils.java:logGet(43)) - raft.server.snapshot.auto.trigger.enabled = true (custom)
2019-11-15 20:29:56,149 [pool-173-thread-1] INFO  server.RaftServerConfigKeys (ConfUtils.java:logGet(43)) - raft.server.log.segment.size.max = 1048576 (custom)
2019-11-15 20:29:56,149 [pool-163-thread-1] INFO  server.RaftServerConfigKeys (ConfUtils.java:logGet(43)) - raft.server.log.write.buffer.size = 33554432 (custom)
2019-11-15 20:29:56,149 [pool-173-thread-1] INFO  server.RaftServerConfigKeys (ConfUtils.java:logGet(43)) - raft.server.log.preallocated.size = 16384 (custom)
2019-11-15 20:29:56,149 [pool-183-thread-1] INFO  server.RaftServerConfigKeys (ConfUtils.java:logGet(43)) - raft.server.snapshot.auto.trigger.threshold = 10000 (custom)
2019-11-15 20:29:56,149 [pool-173-thread-1] INFO  server.RaftServerConfigKeys (ConfUtils.java:logGet(43)) - raft.server.log.write.buffer.size = 33554432 (custom)
2019-11-15 20:29:56,149 [pool-163-thread-1] INFO  server.RaftServerConfigKeys (ConfUtils.java:logGet(43)) - raft.server.log.force.sync.num = 128 (default)
2019-11-15 20:29:56,149 [pool-173-thread-1] INFO  server.RaftServerConfigKeys (ConfUtils.java:logGet(43)) - raft.server.log.force.sync.num = 128 (default)
2019-11-15 20:29:56,149 [pool-183-thread-1] INFO  server.RaftServerConfigKeys (ConfUtils.java:logGet(43)) - raft.server.snapshot.retention.file.num = 5 (custom)
2019-11-15 20:29:56,149 [pool-173-thread-1] INFO  server.RaftServerConfigKeys (ConfUtils.java:logGet(43)) - raft.server.log.statemachine.data.sync = true (default)
2019-11-15 20:29:56,149 [pool-163-thread-1] INFO  server.RaftServerConfigKeys (ConfUtils.java:logGet(43)) - raft.server.log.statemachine.data.sync = true (default)
2019-11-15 20:29:56,149 [pool-173-thread-1] INFO  server.RaftServerConfigKeys (ConfUtils.java:logGet(43)) - raft.server.log.statemachine.data.sync.timeout = 10s (default)
2019-11-15 20:29:56,149 [pool-183-thread-1] INFO  server.RaftServerConfigKeys (ConfUtils.java:logGet(43)) - raft.server.retrycache.expirytime = 600000ms (custom)
2019-11-15 20:29:56,150 [pool-173-thread-1] INFO  server.RaftServerConfigKeys (ConfUtils.java:logGet(43)) - raft.server.log.statemachine.data.sync.timeout.retry = -1 (default)
2019-11-15 20:29:56,150 [pool-163-thread-1] INFO  server.RaftServerConfigKeys (ConfUtils.java:logGet(43)) - raft.server.log.statemachine.data.sync.timeout = 10s (default)
2019-11-15 20:29:56,150 [pool-173-thread-1] INFO  server.RaftServerConfigKeys (ConfUtils.java:logGet(43)) - raft.server.log.statemachine.data.caching.enabled = true (custom)
2019-11-15 20:29:56,150 [pool-183-thread-1] WARN  impl.MetricRegistriesImpl (MetricRegistriesImpl.java:lambda$create$1(61)) - First MetricRegistry has been created without registering reporters. You may need to call MetricRegistries.global().addReportRegistration(...) before.
2019-11-15 20:29:56,150 [pool-173-thread-1] INFO  segmented.SegmentedRaftLogWorker (SegmentedRaftLogWorker.java:lambda$new$0(128)) - 47ad85fd-142d-4fcb-95da-99123aa57c3f@group-42490AFFC987-SegmentedRaftLogWorker: flushIndex: setUnconditionally 0 -> -1
2019-11-15 20:29:56,150 [pool-163-thread-1] INFO  server.RaftServerConfigKeys (ConfUtils.java:logGet(43)) - raft.server.log.statemachine.data.sync.timeout.retry = -1 (default)
2019-11-15 20:29:56,150 [pool-183-thread-1] WARN  impl.MetricRegistriesImpl (MetricRegistriesImpl.java:lambda$create$1(61)) - First MetricRegistry has been created without registering reporters. You may need to call MetricRegistries.global().addReportRegistration(...) before.
2019-11-15 20:29:56,150 [pool-173-thread-1] INFO  server.RaftServerConfigKeys (ConfUtils.java:logGet(43)) - raft.server.snapshot.auto.trigger.enabled = true (custom)
2019-11-15 20:29:56,150 [pool-163-thread-1] INFO  server.RaftServerConfigKeys (ConfUtils.java:logGet(43)) - raft.server.log.statemachine.data.caching.enabled = true (custom)
2019-11-15 20:29:56,151 [pool-173-thread-1] INFO  server.RaftServerConfigKeys (ConfUtils.java:logGet(43)) - raft.server.snapshot.auto.trigger.threshold = 10000 (custom)
2019-11-15 20:29:56,151 [pool-163-thread-1] INFO  segmented.SegmentedRaftLogWorker (SegmentedRaftLogWorker.java:lambda$new$0(128)) - 8a1675e0-6aea-4c3b-8be7-5ae20a1ca49e@group-42490AFFC987-SegmentedRaftLogWorker: flushIndex: setUnconditionally 0 -> -1
2019-11-15 20:29:56,151 [pool-183-thread-1] INFO  impl.RaftServerImpl (RaftServerImpl.java:start(184)) - 0a519b4d-4b4e-4277-8a94-337d2dc88e84@group-42490AFFC987: start as a follower, conf=-1: [8a1675e0-6aea-4c3b-8be7-5ae20a1ca49e:192.168.157.201:42325, 0a519b4d-4b4e-4277-8a94-337d2dc88e84:192.168.157.201:36611, 47ad85fd-142d-4fcb-95da-99123aa57c3f:192.168.157.201:35088], old=null
2019-11-15 20:29:56,151 [pool-163-thread-1] INFO  server.RaftServerConfigKeys (ConfUtils.java:logGet(43)) - raft.server.snapshot.auto.trigger.enabled = true (custom)
2019-11-15 20:29:56,151 [pool-173-thread-1] INFO  server.RaftServerConfigKeys (ConfUtils.java:logGet(43)) - raft.server.snapshot.retention.file.num = 5 (custom)
2019-11-15 20:29:56,151 [pool-163-thread-1] INFO  server.RaftServerConfigKeys (ConfUtils.java:logGet(43)) - raft.server.snapshot.auto.trigger.threshold = 10000 (custom)
2019-11-15 20:29:56,151 [pool-173-thread-1] INFO  server.RaftServerConfigKeys (ConfUtils.java:logGet(43)) - raft.server.retrycache.expirytime = 600000ms (custom)
2019-11-15 20:29:56,151 [pool-183-thread-1] INFO  impl.RaftServerImpl (RaftServerImpl.java:setRole(173)) - 0a519b4d-4b4e-4277-8a94-337d2dc88e84@group-42490AFFC987: changes role from      null to FOLLOWER at term 0 for startAsFollower
2019-11-15 20:29:56,151 [pool-173-thread-1] WARN  impl.MetricRegistriesImpl (MetricRegistriesImpl.java:lambda$create$1(61)) - First MetricRegistry has been created without registering reporters. You may need to call MetricRegistries.global().addReportRegistration(...) before.
2019-11-15 20:29:56,151 [pool-163-thread-1] INFO  server.RaftServerConfigKeys (ConfUtils.java:logGet(43)) - raft.server.snapshot.retention.file.num = 5 (custom)
2019-11-15 20:29:56,151 [pool-173-thread-1] WARN  impl.MetricRegistriesImpl (MetricRegistriesImpl.java:lambda$create$1(61)) - First MetricRegistry has been created without registering reporters. You may need to call MetricRegistries.global().addReportRegistration(...) before.
2019-11-15 20:29:56,151 [pool-183-thread-1] INFO  impl.RoleInfo (RoleInfo.java:updateAndGet(143)) - 0a519b4d-4b4e-4277-8a94-337d2dc88e84: start FollowerState
2019-11-15 20:29:56,152 [pool-173-thread-1] INFO  impl.RaftServerImpl (RaftServerImpl.java:start(184)) - 47ad85fd-142d-4fcb-95da-99123aa57c3f@group-42490AFFC987: start as a follower, conf=-1: [8a1675e0-6aea-4c3b-8be7-5ae20a1ca49e:192.168.157.201:42325, 0a519b4d-4b4e-4277-8a94-337d2dc88e84:192.168.157.201:36611, 47ad85fd-142d-4fcb-95da-99123aa57c3f:192.168.157.201:35088], old=null
2019-11-15 20:29:56,152 [pool-163-thread-1] INFO  server.RaftServerConfigKeys (ConfUtils.java:logGet(43)) - raft.server.retrycache.expirytime = 600000ms (custom)
2019-11-15 20:29:56,152 [pool-173-thread-1] INFO  impl.RaftServerImpl (RaftServerImpl.java:setRole(173)) - 47ad85fd-142d-4fcb-95da-99123aa57c3f@group-42490AFFC987: changes role from      null to FOLLOWER at term 0 for startAsFollower
2019-11-15 20:29:56,152 [pool-163-thread-1] WARN  impl.MetricRegistriesImpl (MetricRegistriesImpl.java:lambda$create$1(61)) - First MetricRegistry has been created without registering reporters. You may need to call MetricRegistries.global().addReportRegistration(...) before.
2019-11-15 20:29:56,152 [pool-183-thread-1] INFO  util.JmxRegister (JmxRegister.java:tryRegister(44)) - Successfully registered JMX Bean with object name Ratis:service=RaftServer,group=group-42490AFFC987,id=0a519b4d-4b4e-4277-8a94-337d2dc88e84
2019-11-15 20:29:56,152 [pool-173-thread-1] INFO  impl.RoleInfo (RoleInfo.java:updateAndGet(143)) - 47ad85fd-142d-4fcb-95da-99123aa57c3f: start FollowerState
2019-11-15 20:29:56,152 [pool-183-thread-1] WARN  impl.MetricRegistriesImpl (MetricRegistriesImpl.java:lambda$create$1(61)) - First MetricRegistry has been created without registering reporters. You may need to call MetricRegistries.global().addReportRegistration(...) before.
2019-11-15 20:29:56,152 [pool-163-thread-1] WARN  impl.MetricRegistriesImpl (MetricRegistriesImpl.java:lambda$create$1(61)) - First MetricRegistry has been created without registering reporters. You may need to call MetricRegistries.global().addReportRegistration(...) before.
2019-11-15 20:29:56,153 [pool-173-thread-1] INFO  util.JmxRegister (JmxRegister.java:tryRegister(44)) - Successfully registered JMX Bean with object name Ratis:service=RaftServer,group=group-42490AFFC987,id=47ad85fd-142d-4fcb-95da-99123aa57c3f
2019-11-15 20:29:56,153 [pool-163-thread-1] INFO  impl.RaftServerImpl (RaftServerImpl.java:start(184)) - 8a1675e0-6aea-4c3b-8be7-5ae20a1ca49e@group-42490AFFC987: start as a follower, conf=-1: [8a1675e0-6aea-4c3b-8be7-5ae20a1ca49e:192.168.157.201:42325, 0a519b4d-4b4e-4277-8a94-337d2dc88e84:192.168.157.201:36611, 47ad85fd-142d-4fcb-95da-99123aa57c3f:192.168.157.201:35088], old=null
2019-11-15 20:29:56,153 [pool-173-thread-1] WARN  impl.MetricRegistriesImpl (MetricRegistriesImpl.java:lambda$create$1(61)) - First MetricRegistry has been created without registering reporters. You may need to call MetricRegistries.global().addReportRegistration(...) before.
2019-11-15 20:29:56,153 [pool-163-thread-1] INFO  impl.RaftServerImpl (RaftServerImpl.java:setRole(173)) - 8a1675e0-6aea-4c3b-8be7-5ae20a1ca49e@group-42490AFFC987: changes role from      null to FOLLOWER at term 0 for startAsFollower
2019-11-15 20:29:56,153 [pool-163-thread-1] INFO  impl.RoleInfo (RoleInfo.java:updateAndGet(143)) - 8a1675e0-6aea-4c3b-8be7-5ae20a1ca49e: start FollowerState
2019-11-15 20:29:56,153 [pool-163-thread-1] INFO  util.JmxRegister (JmxRegister.java:tryRegister(44)) - Successfully registered JMX Bean with object name Ratis:service=RaftServer,group=group-42490AFFC987,id=8a1675e0-6aea-4c3b-8be7-5ae20a1ca49e
2019-11-15 20:29:56,153 [pool-163-thread-1] WARN  impl.MetricRegistriesImpl (MetricRegistriesImpl.java:lambda$create$1(61)) - First MetricRegistry has been created without registering reporters. You may need to call MetricRegistries.global().addReportRegistration(...) before.
2019-11-15 20:29:56,156 [RatisPipelineUtilsThread] INFO  pipeline.PipelineStateManager (PipelineStateManager.java:addPipeline(55)) - Created pipeline Pipeline[ Id: 580c0e74-6b62-46e3-ac9c-42490affc987, Nodes: 8a1675e0-6aea-4c3b-8be7-5ae20a1ca49e{ip: 192.168.157.201, host: pr-hdds-2514-unusedmethodparam-9qkq7-1267773169, networkLocation: /default-rack, certSerialId: null}0a519b4d-4b4e-4277-8a94-337d2dc88e84{ip: 192.168.157.201, host: pr-hdds-2514-unusedmethodparam-9qkq7-1267773169, networkLocation: /default-rack, certSerialId: null}47ad85fd-142d-4fcb-95da-99123aa57c3f{ip: 192.168.157.201, host: pr-hdds-2514-unusedmethodparam-9qkq7-1267773169, networkLocation: /default-rack, certSerialId: null}, Type:RATIS, Factor:THREE, State:ALLOCATED]
2019-11-15 20:29:56,161 [grpc-default-executor-1] INFO  impl.RaftServerProxy (RaftServerProxy.java:addNew(89)) - 0aaa2776-51af-4c10-a5a9-2fdcde9d3167: addNew group-D7AB9962850E:[3276412b-a8eb-4e99-a9e7-479baf35f503:192.168.157.201:46486, 0aaa2776-51af-4c10-a5a9-2fdcde9d3167:192.168.157.201:44120, 9cc1e37a-4716-4cf9-9175-b0181c43ba93:192.168.157.201:43898] returns group-D7AB9962850E:java.util.concurrent.CompletableFuture@549343df[Not completed]
2019-11-15 20:29:56,161 [grpc-default-executor-4] INFO  impl.RaftServerProxy (RaftServerProxy.java:addNew(89)) - 9cc1e37a-4716-4cf9-9175-b0181c43ba93: addNew group-D7AB9962850E:[3276412b-a8eb-4e99-a9e7-479baf35f503:192.168.157.201:46486, 0aaa2776-51af-4c10-a5a9-2fdcde9d3167:192.168.157.201:44120, 9cc1e37a-4716-4cf9-9175-b0181c43ba93:192.168.157.201:43898] returns group-D7AB9962850E:java.util.concurrent.CompletableFuture@58583c3e[Not completed]
2019-11-15 20:29:56,161 [grpc-default-executor-3] INFO  impl.RaftServerProxy (RaftServerProxy.java:addNew(89)) - 3276412b-a8eb-4e99-a9e7-479baf35f503: addNew group-D7AB9962850E:[3276412b-a8eb-4e99-a9e7-479baf35f503:192.168.157.201:46486, 0aaa2776-51af-4c10-a5a9-2fdcde9d3167:192.168.157.201:44120, 9cc1e37a-4716-4cf9-9175-b0181c43ba93:192.168.157.201:43898] returns group-D7AB9962850E:java.util.concurrent.CompletableFuture@540893ba[Not completed]
2019-11-15 20:29:56,163 [pool-203-thread-1] INFO  impl.RaftServerImpl (RaftServerImpl.java:<init>(98)) - 0aaa2776-51af-4c10-a5a9-2fdcde9d3167: new RaftServerImpl for group-D7AB9962850E:[3276412b-a8eb-4e99-a9e7-479baf35f503:192.168.157.201:46486, 0aaa2776-51af-4c10-a5a9-2fdcde9d3167:192.168.157.201:44120, 9cc1e37a-4716-4cf9-9175-b0181c43ba93:192.168.157.201:43898] with ContainerStateMachine:uninitialized
2019-11-15 20:29:56,163 [pool-203-thread-1] INFO  server.RaftServerConfigKeys (ConfUtils.java:logGet(43)) - raft.server.rpc.timeout.min = 1s (custom)
2019-11-15 20:29:56,163 [pool-203-thread-1] INFO  server.RaftServerConfigKeys (ConfUtils.java:logGet(43)) - raft.server.rpc.timeout.max = 1200ms (custom)
2019-11-15 20:29:56,163 [pool-203-thread-1] INFO  server.RaftServerConfigKeys (ConfUtils.java:logGet(43)) - raft.server.rpcslowness.timeout = 120s (custom)
2019-11-15 20:29:56,163 [pool-203-thread-1] INFO  server.RaftServerConfigKeys (ConfUtils.java:logGet(43)) - raft.server.sleep.deviation.threshold = 300 (default)
2019-11-15 20:29:56,163 [pool-203-thread-1] INFO  server.RaftServerConfigKeys (ConfUtils.java:logGet(43)) - raft.server.log.appender.install.snapshot.enabled = false (custom)
2019-11-15 20:29:56,164 [pool-203-thread-1] INFO  impl.RaftServerImpl (ServerState.java:<init>(103)) - 0aaa2776-51af-4c10-a5a9-2fdcde9d3167@group-D7AB9962850E: ConfigurationManager, init=-1: [3276412b-a8eb-4e99-a9e7-479baf35f503:192.168.157.201:46486, 0aaa2776-51af-4c10-a5a9-2fdcde9d3167:192.168.157.201:44120, 9cc1e37a-4716-4cf9-9175-b0181c43ba93:192.168.157.201:43898], old=null, confs=<EMPTY_MAP>
2019-11-15 20:29:56,164 [pool-203-thread-1] INFO  server.RaftServerConfigKeys (ConfUtils.java:logGet(43)) - raft.server.storage.dir = [/workdir/hadoop-ozone/integration-test/target/test-dir/MiniOzoneClusterImpl-383ae012-405b-46cc-a485-9d9df1ba09bf/datanode-5/data/ratis] (custom)
2019-11-15 20:29:56,164 [pool-153-thread-1] INFO  impl.RaftServerImpl (RaftServerImpl.java:<init>(98)) - 9cc1e37a-4716-4cf9-9175-b0181c43ba93: new RaftServerImpl for group-D7AB9962850E:[3276412b-a8eb-4e99-a9e7-479baf35f503:192.168.157.201:46486, 0aaa2776-51af-4c10-a5a9-2fdcde9d3167:192.168.157.201:44120, 9cc1e37a-4716-4cf9-9175-b0181c43ba93:192.168.157.201:43898] with ContainerStateMachine:uninitialized
2019-11-15 20:29:56,164 [pool-203-thread-1] INFO  server.RaftServerConfigKeys (ConfUtils.java:logGet(43)) - raft.server.log.corruption.policy = EXCEPTION (default)
2019-11-15 20:29:56,164 [pool-153-thread-1] INFO  server.RaftServerConfigKeys (ConfUtils.java:logGet(43)) - raft.server.rpc.timeout.min = 1s (custom)
2019-11-15 20:29:56,164 [pool-203-thread-1] INFO  storage.RaftStorageDirectory (RaftStorageDirectory.java:analyzeStorage(246)) - The storage directory /workdir/hadoop-ozone/integration-test/target/test-dir/MiniOzoneClusterImpl-383ae012-405b-46cc-a485-9d9df1ba09bf/datanode-5/data/ratis/b04fd786-e035-4e7f-be01-d7ab9962850e does not exist. Creating ...
2019-11-15 20:29:56,164 [pool-153-thread-1] INFO  server.RaftServerConfigKeys (ConfUtils.java:logGet(43)) - raft.server.rpc.timeout.max = 1200ms (custom)
2019-11-15 20:29:56,164 [pool-153-thread-1] INFO  server.RaftServerConfigKeys (ConfUtils.java:logGet(43)) - raft.server.rpcslowness.timeout = 120s (custom)
2019-11-15 20:29:56,165 [pool-193-thread-1] INFO  impl.RaftServerImpl (RaftServerImpl.java:<init>(98)) - 3276412b-a8eb-4e99-a9e7-479baf35f503: new RaftServerImpl for group-D7AB9962850E:[3276412b-a8eb-4e99-a9e7-479baf35f503:192.168.157.201:46486, 0aaa2776-51af-4c10-a5a9-2fdcde9d3167:192.168.157.201:44120, 9cc1e37a-4716-4cf9-9175-b0181c43ba93:192.168.157.201:43898] with ContainerStateMachine:uninitialized
2019-11-15 20:29:56,165 [pool-153-thread-1] INFO  server.RaftServerConfigKeys (ConfUtils.java:logGet(43)) - raft.server.sleep.deviation.threshold = 300 (default)
2019-11-15 20:29:56,165 [pool-193-thread-1] INFO  server.RaftServerConfigKeys (ConfUtils.java:logGet(43)) - raft.server.rpc.timeout.min = 1s (custom)
2019-11-15 20:29:56,165 [pool-153-thread-1] INFO  server.RaftServerConfigKeys (ConfUtils.java:logGet(43)) - raft.server.log.appender.install.snapshot.enabled = false (custom)
2019-11-15 20:29:56,165 [pool-193-thread-1] INFO  server.RaftServerConfigKeys (ConfUtils.java:logGet(43)) - raft.server.rpc.timeout.max = 1200ms (custom)
2019-11-15 20:29:56,165 [pool-153-thread-1] INFO  impl.RaftServerImpl (ServerState.java:<init>(103)) - 9cc1e37a-4716-4cf9-9175-b0181c43ba93@group-D7AB9962850E: ConfigurationManager, init=-1: [3276412b-a8eb-4e99-a9e7-479baf35f503:192.168.157.201:46486, 0aaa2776-51af-4c10-a5a9-2fdcde9d3167:192.168.157.201:44120, 9cc1e37a-4716-4cf9-9175-b0181c43ba93:192.168.157.201:43898], old=null, confs=<EMPTY_MAP>
2019-11-15 20:29:56,165 [pool-193-thread-1] INFO  server.RaftServerConfigKeys (ConfUtils.java:logGet(43)) - raft.server.rpcslowness.timeout = 120s (custom)
2019-11-15 20:29:56,165 [pool-153-thread-1] INFO  server.RaftServerConfigKeys (ConfUtils.java:logGet(43)) - raft.server.storage.dir = [/workdir/hadoop-ozone/integration-test/target/test-dir/MiniOzoneClusterImpl-383ae012-405b-46cc-a485-9d9df1ba09bf/datanode-0/data/ratis] (custom)
2019-11-15 20:29:56,165 [pool-193-thread-1] INFO  server.RaftServerConfigKeys (ConfUtils.java:logGet(43)) - raft.server.sleep.deviation.threshold = 300 (default)
2019-11-15 20:29:56,165 [pool-193-thread-1] INFO  server.RaftServerConfigKeys (ConfUtils.java:logGet(43)) - raft.server.log.appender.install.snapshot.enabled = false (custom)
2019-11-15 20:29:56,165 [pool-153-thread-1] INFO  server.RaftServerConfigKeys (ConfUtils.java:logGet(43)) - raft.server.log.corruption.policy = EXCEPTION (default)
2019-11-15 20:29:56,166 [pool-193-thread-1] INFO  impl.RaftServerImpl (ServerState.java:<init>(103)) - 3276412b-a8eb-4e99-a9e7-479baf35f503@group-D7AB9962850E: ConfigurationManager, init=-1: [3276412b-a8eb-4e99-a9e7-479baf35f503:192.168.157.201:46486, 0aaa2776-51af-4c10-a5a9-2fdcde9d3167:192.168.157.201:44120, 9cc1e37a-4716-4cf9-9175-b0181c43ba93:192.168.157.201:43898], old=null, confs=<EMPTY_MAP>
2019-11-15 20:29:56,166 [pool-153-thread-1] INFO  storage.RaftStorageDirectory (RaftStorageDirectory.java:analyzeStorage(246)) - The storage directory /workdir/hadoop-ozone/integration-test/target/test-dir/MiniOzoneClusterImpl-383ae012-405b-46cc-a485-9d9df1ba09bf/datanode-0/data/ratis/b04fd786-e035-4e7f-be01-d7ab9962850e does not exist. Creating ...
2019-11-15 20:29:56,166 [pool-193-thread-1] INFO  server.RaftServerConfigKeys (ConfUtils.java:logGet(43)) - raft.server.storage.dir = [/workdir/hadoop-ozone/integration-test/target/test-dir/MiniOzoneClusterImpl-383ae012-405b-46cc-a485-9d9df1ba09bf/datanode-4/data/ratis] (custom)
2019-11-15 20:29:56,166 [pool-193-thread-1] INFO  server.RaftServerConfigKeys (ConfUtils.java:logGet(43)) - raft.server.log.corruption.policy = EXCEPTION (default)
2019-11-15 20:29:56,166 [pool-193-thread-1] INFO  storage.RaftStorageDirectory (RaftStorageDirectory.java:analyzeStorage(246)) - The storage directory /workdir/hadoop-ozone/integration-test/target/test-dir/MiniOzoneClusterImpl-383ae012-405b-46cc-a485-9d9df1ba09bf/datanode-4/data/ratis/b04fd786-e035-4e7f-be01-d7ab9962850e does not exist. Creating ...
2019-11-15 20:29:56,180 [pool-193-thread-1] INFO  storage.RaftStorageDirectory (RaftStorageDirectory.java:tryLock(328)) - Lock on /workdir/hadoop-ozone/integration-test/target/test-dir/MiniOzoneClusterImpl-383ae012-405b-46cc-a485-9d9df1ba09bf/datanode-4/data/ratis/b04fd786-e035-4e7f-be01-d7ab9962850e/in_use.lock acquired by nodename 20206@pr-hdds-2514-unusedmethodparam-9qkq7-1267773169
2019-11-15 20:29:56,180 [pool-153-thread-1] INFO  storage.RaftStorageDirectory (RaftStorageDirectory.java:tryLock(328)) - Lock on /workdir/hadoop-ozone/integration-test/target/test-dir/MiniOzoneClusterImpl-383ae012-405b-46cc-a485-9d9df1ba09bf/datanode-0/data/ratis/b04fd786-e035-4e7f-be01-d7ab9962850e/in_use.lock acquired by nodename 20206@pr-hdds-2514-unusedmethodparam-9qkq7-1267773169
2019-11-15 20:29:56,180 [pool-203-thread-1] INFO  storage.RaftStorageDirectory (RaftStorageDirectory.java:tryLock(328)) - Lock on /workdir/hadoop-ozone/integration-test/target/test-dir/MiniOzoneClusterImpl-383ae012-405b-46cc-a485-9d9df1ba09bf/datanode-5/data/ratis/b04fd786-e035-4e7f-be01-d7ab9962850e/in_use.lock acquired by nodename 20206@pr-hdds-2514-unusedmethodparam-9qkq7-1267773169
2019-11-15 20:29:56,195 [pool-193-thread-1] INFO  storage.RaftStorage (RaftStorage.java:format(84)) - Storage directory /workdir/hadoop-ozone/integration-test/target/test-dir/MiniOzoneClusterImpl-383ae012-405b-46cc-a485-9d9df1ba09bf/datanode-4/data/ratis/b04fd786-e035-4e7f-be01-d7ab9962850e has been successfully formatted.
2019-11-15 20:29:56,195 [pool-153-thread-1] INFO  storage.RaftStorage (RaftStorage.java:format(84)) - Storage directory /workdir/hadoop-ozone/integration-test/target/test-dir/MiniOzoneClusterImpl-383ae012-405b-46cc-a485-9d9df1ba09bf/datanode-0/data/ratis/b04fd786-e035-4e7f-be01-d7ab9962850e has been successfully formatted.
2019-11-15 20:29:56,195 [pool-203-thread-1] INFO  storage.RaftStorage (RaftStorage.java:format(84)) - Storage directory /workdir/hadoop-ozone/integration-test/target/test-dir/MiniOzoneClusterImpl-383ae012-405b-46cc-a485-9d9df1ba09bf/datanode-5/data/ratis/b04fd786-e035-4e7f-be01-d7ab9962850e has been successfully formatted.
2019-11-15 20:29:56,195 [pool-193-thread-1] INFO  ratis.ContainerStateMachine (ContainerStateMachine.java:loadSnapshot(223)) - group-D7AB9962850E: The snapshot info is null. Setting the last applied indexto:(t:0, i:~)
2019-11-15 20:29:56,195 [pool-203-thread-1] INFO  ratis.ContainerStateMachine (ContainerStateMachine.java:loadSnapshot(223)) - group-D7AB9962850E: The snapshot info is null. Setting the last applied indexto:(t:0, i:~)
2019-11-15 20:29:56,195 [pool-193-thread-1] INFO  server.RaftServerConfigKeys (ConfUtils.java:logGet(43)) - raft.server.notification.no-leader.timeout = 120s (custom)
2019-11-15 20:29:56,195 [pool-153-thread-1] INFO  ratis.ContainerStateMachine (ContainerStateMachine.java:loadSnapshot(223)) - group-D7AB9962850E: The snapshot info is null. Setting the last applied indexto:(t:0, i:~)
2019-11-15 20:29:56,195 [pool-193-thread-1] INFO  server.RaftServerConfigKeys (ConfUtils.java:logGet(43)) - raft.server.log.use.memory = false (default)
2019-11-15 20:29:56,195 [pool-203-thread-1] INFO  server.RaftServerConfigKeys (ConfUtils.java:logGet(43)) - raft.server.notification.no-leader.timeout = 120s (custom)
2019-11-15 20:29:56,196 [pool-193-thread-1] INFO  server.RaftServerConfigKeys (ConfUtils.java:logGet(43)) - raft.server.log.purge.gap = 1000000 (custom)
2019-11-15 20:29:56,195 [pool-153-thread-1] INFO  server.RaftServerConfigKeys (ConfUtils.java:logGet(43)) - raft.server.notification.no-leader.timeout = 120s (custom)
2019-11-15 20:29:56,196 [pool-193-thread-1] INFO  server.RaftServerConfigKeys (ConfUtils.java:logGet(43)) - raft.server.log.appender.buffer.byte-limit = 33554432 (custom)
2019-11-15 20:29:56,196 [pool-203-thread-1] INFO  server.RaftServerConfigKeys (ConfUtils.java:logGet(43)) - raft.server.log.use.memory = false (default)
2019-11-15 20:29:56,196 [pool-193-thread-1] INFO  server.RaftServerConfigKeys (ConfUtils.java:logGet(43)) - raft.server.log.segment.size.max = 1048576 (custom)
2019-11-15 20:29:56,196 [pool-153-thread-1] INFO  server.RaftServerConfigKeys (ConfUtils.java:logGet(43)) - raft.server.log.use.memory = false (default)
2019-11-15 20:29:56,196 [pool-193-thread-1] INFO  server.RaftServerConfigKeys (ConfUtils.java:logGet(43)) - raft.server.log.segment.cache.num.max = 2 (custom)
2019-11-15 20:29:56,196 [pool-203-thread-1] INFO  server.RaftServerConfigKeys (ConfUtils.java:logGet(43)) - raft.server.log.purge.gap = 1000000 (custom)
2019-11-15 20:29:56,196 [pool-193-thread-1] INFO  segmented.SegmentedRaftLogWorker (SegmentedRaftLogWorker.java:<init>(173)) - new 3276412b-a8eb-4e99-a9e7-479baf35f503@group-D7AB9962850E-SegmentedRaftLogWorker for RaftStorage:Storage Directory /workdir/hadoop-ozone/integration-test/target/test-dir/MiniOzoneClusterImpl-383ae012-405b-46cc-a485-9d9df1ba09bf/datanode-4/data/ratis/b04fd786-e035-4e7f-be01-d7ab9962850e
2019-11-15 20:29:56,196 [pool-153-thread-1] INFO  server.RaftServerConfigKeys (ConfUtils.java:logGet(43)) - raft.server.log.purge.gap = 1000000 (custom)
2019-11-15 20:29:56,196 [pool-193-thread-1] INFO  server.RaftServerConfigKeys (ConfUtils.java:logGet(43)) - raft.server.log.queue.byte-limit = 2147483647 (custom)
2019-11-15 20:29:56,196 [pool-203-thread-1] INFO  server.RaftServerConfigKeys (ConfUtils.java:logGet(43)) - raft.server.log.appender.buffer.byte-limit = 33554432 (custom)
2019-11-15 20:29:56,196 [pool-193-thread-1] INFO  server.RaftServerConfigKeys (ConfUtils.java:logGet(43)) - raft.server.log.queue.element-limit = 1024 (custom)
2019-11-15 20:29:56,196 [pool-153-thread-1] INFO  server.RaftServerConfigKeys (ConfUtils.java:logGet(43)) - raft.server.log.appender.buffer.byte-limit = 33554432 (custom)
2019-11-15 20:29:56,196 [pool-193-thread-1] INFO  server.RaftServerConfigKeys (ConfUtils.java:logGet(43)) - raft.server.log.segment.size.max = 1048576 (custom)
2019-11-15 20:29:56,196 [pool-203-thread-1] INFO  server.RaftServerConfigKeys (ConfUtils.java:logGet(43)) - raft.server.log.segment.size.max = 1048576 (custom)
2019-11-15 20:29:56,197 [pool-193-thread-1] INFO  server.RaftServerConfigKeys (ConfUtils.java:logGet(43)) - raft.server.log.preallocated.size = 16384 (custom)
2019-11-15 20:29:56,197 [pool-153-thread-1] INFO  server.RaftServerConfigKeys (ConfUtils.java:logGet(43)) - raft.server.log.segment.size.max = 1048576 (custom)
2019-11-15 20:29:56,197 [pool-193-thread-1] INFO  server.RaftServerConfigKeys (ConfUtils.java:logGet(43)) - raft.server.log.write.buffer.size = 33554432 (custom)
2019-11-15 20:29:56,197 [pool-203-thread-1] INFO  server.RaftServerConfigKeys (ConfUtils.java:logGet(43)) - raft.server.log.segment.cache.num.max = 2 (custom)
2019-11-15 20:29:56,197 [pool-193-thread-1] INFO  server.RaftServerConfigKeys (ConfUtils.java:logGet(43)) - raft.server.log.force.sync.num = 128 (default)
2019-11-15 20:29:56,197 [pool-153-thread-1] INFO  server.RaftServerConfigKeys (ConfUtils.java:logGet(43)) - raft.server.log.segment.cache.num.max = 2 (custom)
2019-11-15 20:29:56,197 [pool-193-thread-1] INFO  server.RaftServerConfigKeys (ConfUtils.java:logGet(43)) - raft.server.log.statemachine.data.sync = true (default)
2019-11-15 20:29:56,197 [pool-203-thread-1] INFO  segmented.SegmentedRaftLogWorker (SegmentedRaftLogWorker.java:<init>(173)) - new 0aaa2776-51af-4c10-a5a9-2fdcde9d3167@group-D7AB9962850E-SegmentedRaftLogWorker for RaftStorage:Storage Directory /workdir/hadoop-ozone/integration-test/target/test-dir/MiniOzoneClusterImpl-383ae012-405b-46cc-a485-9d9df1ba09bf/datanode-5/data/ratis/b04fd786-e035-4e7f-be01-d7ab9962850e
2019-11-15 20:29:56,197 [pool-193-thread-1] INFO  server.RaftServerConfigKeys (ConfUtils.java:logGet(43)) - raft.server.log.statemachine.data.sync.timeout = 10s (default)
2019-11-15 20:29:56,197 [pool-153-thread-1] INFO  segmented.SegmentedRaftLogWorker (SegmentedRaftLogWorker.java:<init>(173)) - new 9cc1e37a-4716-4cf9-9175-b0181c43ba93@group-D7AB9962850E-SegmentedRaftLogWorker for RaftStorage:Storage Directory /workdir/hadoop-ozone/integration-test/target/test-dir/MiniOzoneClusterImpl-383ae012-405b-46cc-a485-9d9df1ba09bf/datanode-0/data/ratis/b04fd786-e035-4e7f-be01-d7ab9962850e
2019-11-15 20:29:56,197 [pool-193-thread-1] INFO  server.RaftServerConfigKeys (ConfUtils.java:logGet(43)) - raft.server.log.statemachine.data.sync.timeout.retry = -1 (default)
2019-11-15 20:29:56,197 [pool-203-thread-1] INFO  server.RaftServerConfigKeys (ConfUtils.java:logGet(43)) - raft.server.log.queue.byte-limit = 2147483647 (custom)
2019-11-15 20:29:56,197 [pool-193-thread-1] INFO  server.RaftServerConfigKeys (ConfUtils.java:logGet(43)) - raft.server.log.statemachine.data.caching.enabled = true (custom)
2019-11-15 20:29:56,197 [pool-153-thread-1] INFO  server.RaftServerConfigKeys (ConfUtils.java:logGet(43)) - raft.server.log.queue.byte-limit = 2147483647 (custom)
2019-11-15 20:29:56,198 [pool-153-thread-1] INFO  server.RaftServerConfigKeys (ConfUtils.java:logGet(43)) - raft.server.log.queue.element-limit = 1024 (custom)
2019-11-15 20:29:56,197 [pool-203-thread-1] INFO  server.RaftServerConfigKeys (ConfUtils.java:logGet(43)) - raft.server.log.queue.element-limit = 1024 (custom)
2019-11-15 20:29:56,198 [pool-153-thread-1] INFO  server.RaftServerConfigKeys (ConfUtils.java:logGet(43)) - raft.server.log.segment.size.max = 1048576 (custom)
2019-11-15 20:29:56,198 [pool-193-thread-1] INFO  segmented.SegmentedRaftLogWorker (SegmentedRaftLogWorker.java:lambda$new$0(128)) - 3276412b-a8eb-4e99-a9e7-479baf35f503@group-D7AB9962850E-SegmentedRaftLogWorker: flushIndex: setUnconditionally 0 -> -1
2019-11-15 20:29:56,198 [pool-153-thread-1] INFO  server.RaftServerConfigKeys (ConfUtils.java:logGet(43)) - raft.server.log.preallocated.size = 16384 (custom)
2019-11-15 20:29:56,198 [pool-203-thread-1] INFO  server.RaftServerConfigKeys (ConfUtils.java:logGet(43)) - raft.server.log.segment.size.max = 1048576 (custom)
2019-11-15 20:29:56,198 [pool-193-thread-1] INFO  server.RaftServerConfigKeys (ConfUtils.java:logGet(43)) - raft.server.snapshot.auto.trigger.enabled = true (custom)
2019-11-15 20:29:56,198 [pool-153-thread-1] INFO  server.RaftServerConfigKeys (ConfUtils.java:logGet(43)) - raft.server.log.write.buffer.size = 33554432 (custom)
2019-11-15 20:29:56,198 [pool-193-thread-1] INFO  server.RaftServerConfigKeys (ConfUtils.java:logGet(43)) - raft.server.snapshot.auto.trigger.threshold = 10000 (custom)
2019-11-15 20:29:56,198 [pool-203-thread-1] INFO  server.RaftServerConfigKeys (ConfUtils.java:logGet(43)) - raft.server.log.preallocated.size = 16384 (custom)
2019-11-15 20:29:56,198 [pool-193-thread-1] INFO  server.RaftServerConfigKeys (ConfUtils.java:logGet(43)) - raft.server.snapshot.retention.file.num = 5 (custom)
2019-11-15 20:29:56,198 [pool-153-thread-1] INFO  server.RaftServerConfigKeys (ConfUtils.java:logGet(43)) - raft.server.log.force.sync.num = 128 (default)
2019-11-15 20:29:56,199 [pool-193-thread-1] INFO  server.RaftServerConfigKeys (ConfUtils.java:logGet(43)) - raft.server.retrycache.expirytime = 600000ms (custom)
2019-11-15 20:29:56,198 [pool-203-thread-1] INFO  server.RaftServerConfigKeys (ConfUtils.java:logGet(43)) - raft.server.log.write.buffer.size = 33554432 (custom)
2019-11-15 20:29:56,199 [pool-193-thread-1] WARN  impl.MetricRegistriesImpl (MetricRegistriesImpl.java:lambda$create$1(61)) - First MetricRegistry has been created without registering reporters. You may need to call MetricRegistries.global().addReportRegistration(...) before.
2019-11-15 20:29:56,199 [pool-153-thread-1] INFO  server.RaftServerConfigKeys (ConfUtils.java:logGet(43)) - raft.server.log.statemachine.data.sync = true (default)
2019-11-15 20:29:56,199 [pool-193-thread-1] WARN  impl.MetricRegistriesImpl (MetricRegistriesImpl.java:lambda$create$1(61)) - First MetricRegistry has been created without registering reporters. You may need to call MetricRegistries.global().addReportRegistration(...) before.
2019-11-15 20:29:56,199 [pool-203-thread-1] INFO  server.RaftServerConfigKeys (ConfUtils.java:logGet(43)) - raft.server.log.force.sync.num = 128 (default)
2019-11-15 20:29:56,199 [pool-193-thread-1] INFO  impl.RaftServerImpl (RaftServerImpl.java:start(184)) - 3276412b-a8eb-4e99-a9e7-479baf35f503@group-D7AB9962850E: start as a follower, conf=-1: [3276412b-a8eb-4e99-a9e7-479baf35f503:192.168.157.201:46486, 0aaa2776-51af-4c10-a5a9-2fdcde9d3167:192.168.157.201:44120, 9cc1e37a-4716-4cf9-9175-b0181c43ba93:192.168.157.201:43898], old=null
2019-11-15 20:29:56,199 [pool-153-thread-1] INFO  server.RaftServerConfigKeys (ConfUtils.java:logGet(43)) - raft.server.log.statemachine.data.sync.timeout = 10s (default)
2019-11-15 20:29:56,199 [pool-193-thread-1] INFO  impl.RaftServerImpl (RaftServerImpl.java:setRole(173)) - 3276412b-a8eb-4e99-a9e7-479baf35f503@group-D7AB9962850E: changes role from      null to FOLLOWER at term 0 for startAsFollower
2019-11-15 20:29:56,199 [pool-203-thread-1] INFO  server.RaftServerConfigKeys (ConfUtils.java:logGet(43)) - raft.server.log.statemachine.data.sync = true (default)
2019-11-15 20:29:56,199 [pool-193-thread-1] INFO  impl.RoleInfo (RoleInfo.java:updateAndGet(143)) - 3276412b-a8eb-4e99-a9e7-479baf35f503: start FollowerState
2019-11-15 20:29:56,199 [pool-153-thread-1] INFO  server.RaftServerConfigKeys (ConfUtils.java:logGet(43)) - raft.server.log.statemachine.data.sync.timeout.retry = -1 (default)
2019-11-15 20:29:56,199 [pool-203-thread-1] INFO  server.RaftServerConfigKeys (ConfUtils.java:logGet(43)) - raft.server.log.statemachine.data.sync.timeout = 10s (default)
2019-11-15 20:29:56,199 [pool-153-thread-1] INFO  server.RaftServerConfigKeys (ConfUtils.java:logGet(43)) - raft.server.log.statemachine.data.caching.enabled = true (custom)
2019-11-15 20:29:56,200 [pool-203-thread-1] INFO  server.RaftServerConfigKeys (ConfUtils.java:logGet(43)) - raft.server.log.statemachine.data.sync.timeout.retry = -1 (default)
2019-11-15 20:29:56,200 [pool-193-thread-1] INFO  util.JmxRegister (JmxRegister.java:tryRegister(44)) - Successfully registered JMX Bean with object name Ratis:service=RaftServer,group=group-D7AB9962850E,id=3276412b-a8eb-4e99-a9e7-479baf35f503
2019-11-15 20:29:56,200 [pool-203-thread-1] INFO  server.RaftServerConfigKeys (ConfUtils.java:logGet(43)) - raft.server.log.statemachine.data.caching.enabled = true (custom)
2019-11-15 20:29:56,200 [pool-193-thread-1] WARN  impl.MetricRegistriesImpl (MetricRegistriesImpl.java:lambda$create$1(61)) - First MetricRegistry has been created without registering reporters. You may need to call MetricRegistries.global().addReportRegistration(...) before.
2019-11-15 20:29:56,209 [pool-153-thread-1] INFO  segmented.SegmentedRaftLogWorker (SegmentedRaftLogWorker.java:lambda$new$0(128)) - 9cc1e37a-4716-4cf9-9175-b0181c43ba93@group-D7AB9962850E-SegmentedRaftLogWorker: flushIndex: setUnconditionally 0 -> -1
2019-11-15 20:29:56,209 [pool-203-thread-1] INFO  segmented.SegmentedRaftLogWorker (SegmentedRaftLogWorker.java:lambda$new$0(128)) - 0aaa2776-51af-4c10-a5a9-2fdcde9d3167@group-D7AB9962850E-SegmentedRaftLogWorker: flushIndex: setUnconditionally 0 -> -1
2019-11-15 20:29:56,209 [pool-153-thread-1] INFO  server.RaftServerConfigKeys (ConfUtils.java:logGet(43)) - raft.server.snapshot.auto.trigger.enabled = true (custom)
2019-11-15 20:29:56,209 [pool-203-thread-1] INFO  server.RaftServerConfigKeys (ConfUtils.java:logGet(43)) - raft.server.snapshot.auto.trigger.enabled = true (custom)
2019-11-15 20:29:56,209 [pool-153-thread-1] INFO  server.RaftServerConfigKeys (ConfUtils.java:logGet(43)) - raft.server.snapshot.auto.trigger.threshold = 10000 (custom)
2019-11-15 20:29:56,209 [pool-203-thread-1] INFO  server.RaftServerConfigKeys (ConfUtils.java:logGet(43)) - raft.server.snapshot.auto.trigger.threshold = 10000 (custom)
2019-11-15 20:29:56,209 [pool-153-thread-1] INFO  server.RaftServerConfigKeys (ConfUtils.java:logGet(43)) - raft.server.snapshot.retention.file.num = 5 (custom)
2019-11-15 20:29:56,210 [pool-203-thread-1] INFO  server.RaftServerConfigKeys (ConfUtils.java:logGet(43)) - raft.server.snapshot.retention.file.num = 5 (custom)
2019-11-15 20:29:56,210 [pool-153-thread-1] INFO  server.RaftServerConfigKeys (ConfUtils.java:logGet(43)) - raft.server.retrycache.expirytime = 600000ms (custom)
2019-11-15 20:29:56,210 [pool-203-thread-1] INFO  server.RaftServerConfigKeys (ConfUtils.java:logGet(43)) - raft.server.retrycache.expirytime = 600000ms (custom)
2019-11-15 20:29:56,210 [pool-153-thread-1] WARN  impl.MetricRegistriesImpl (MetricRegistriesImpl.java:lambda$create$1(61)) - First MetricRegistry has been created without registering reporters. You may need to call MetricRegistries.global().addReportRegistration(...) before.
2019-11-15 20:29:56,210 [pool-203-thread-1] WARN  impl.MetricRegistriesImpl (MetricRegistriesImpl.java:lambda$create$1(61)) - First MetricRegistry has been created without registering reporters. You may need to call MetricRegistries.global().addReportRegistration(...) before.
2019-11-15 20:29:56,210 [pool-153-thread-1] WARN  impl.MetricRegistriesImpl (MetricRegistriesImpl.java:lambda$create$1(61)) - First MetricRegistry has been created without registering reporters. You may need to call MetricRegistries.global().addReportRegistration(...) before.
2019-11-15 20:29:56,210 [pool-203-thread-1] WARN  impl.MetricRegistriesImpl (MetricRegistriesImpl.java:lambda$create$1(61)) - First MetricRegistry has been created without registering reporters. You may need to call MetricRegistries.global().addReportRegistration(...) before.
2019-11-15 20:29:56,210 [pool-153-thread-1] INFO  impl.RaftServerImpl (RaftServerImpl.java:start(184)) - 9cc1e37a-4716-4cf9-9175-b0181c43ba93@group-D7AB9962850E: start as a follower, conf=-1: [3276412b-a8eb-4e99-a9e7-479baf35f503:192.168.157.201:46486, 0aaa2776-51af-4c10-a5a9-2fdcde9d3167:192.168.157.201:44120, 9cc1e37a-4716-4cf9-9175-b0181c43ba93:192.168.157.201:43898], old=null
2019-11-15 20:29:56,210 [pool-203-thread-1] INFO  impl.RaftServerImpl (RaftServerImpl.java:start(184)) - 0aaa2776-51af-4c10-a5a9-2fdcde9d3167@group-D7AB9962850E: start as a follower, conf=-1: [3276412b-a8eb-4e99-a9e7-479baf35f503:192.168.157.201:46486, 0aaa2776-51af-4c10-a5a9-2fdcde9d3167:192.168.157.201:44120, 9cc1e37a-4716-4cf9-9175-b0181c43ba93:192.168.157.201:43898], old=null
2019-11-15 20:29:56,210 [pool-153-thread-1] INFO  impl.RaftServerImpl (RaftServerImpl.java:setRole(173)) - 9cc1e37a-4716-4cf9-9175-b0181c43ba93@group-D7AB9962850E: changes role from      null to FOLLOWER at term 0 for startAsFollower
2019-11-15 20:29:56,210 [pool-203-thread-1] INFO  impl.RaftServerImpl (RaftServerImpl.java:setRole(173)) - 0aaa2776-51af-4c10-a5a9-2fdcde9d3167@group-D7AB9962850E: changes role from      null to FOLLOWER at term 0 for startAsFollower
2019-11-15 20:29:56,211 [pool-153-thread-1] INFO  impl.RoleInfo (RoleInfo.java:updateAndGet(143)) - 9cc1e37a-4716-4cf9-9175-b0181c43ba93: start FollowerState
2019-11-15 20:29:56,211 [pool-203-thread-1] INFO  impl.RoleInfo (RoleInfo.java:updateAndGet(143)) - 0aaa2776-51af-4c10-a5a9-2fdcde9d3167: start FollowerState
2019-11-15 20:29:56,216 [pool-203-thread-1] INFO  util.JmxRegister (JmxRegister.java:tryRegister(44)) - Successfully registered JMX Bean with object name Ratis:service=RaftServer,group=group-D7AB9962850E,id=0aaa2776-51af-4c10-a5a9-2fdcde9d3167
2019-11-15 20:29:56,216 [pool-203-thread-1] WARN  impl.MetricRegistriesImpl (MetricRegistriesImpl.java:lambda$create$1(61)) - First MetricRegistry has been created without registering reporters. You may need to call MetricRegistries.global().addReportRegistration(...) before.
2019-11-15 20:29:56,216 [pool-153-thread-1] INFO  util.JmxRegister (JmxRegister.java:tryRegister(44)) - Successfully registered JMX Bean with object name Ratis:service=RaftServer,group=group-D7AB9962850E,id=9cc1e37a-4716-4cf9-9175-b0181c43ba93
2019-11-15 20:29:56,216 [pool-153-thread-1] WARN  impl.MetricRegistriesImpl (MetricRegistriesImpl.java:lambda$create$1(61)) - First MetricRegistry has been created without registering reporters. You may need to call MetricRegistries.global().addReportRegistration(...) before.
2019-11-15 20:29:56,222 [RatisPipelineUtilsThread] INFO  pipeline.PipelineStateManager (PipelineStateManager.java:addPipeline(55)) - Created pipeline Pipeline[ Id: b04fd786-e035-4e7f-be01-d7ab9962850e, Nodes: 3276412b-a8eb-4e99-a9e7-479baf35f503{ip: 192.168.157.201, host: pr-hdds-2514-unusedmethodparam-9qkq7-1267773169, networkLocation: /default-rack, certSerialId: null}9cc1e37a-4716-4cf9-9175-b0181c43ba93{ip: 192.168.157.201, host: pr-hdds-2514-unusedmethodparam-9qkq7-1267773169, networkLocation: /default-rack, certSerialId: null}0aaa2776-51af-4c10-a5a9-2fdcde9d3167{ip: 192.168.157.201, host: pr-hdds-2514-unusedmethodparam-9qkq7-1267773169, networkLocation: /default-rack, certSerialId: null}, Type:RATIS, Factor:THREE, State:ALLOCATED]
2019-11-15 20:29:56,223 [Thread-1750] INFO  pipeline.PipelineStateManager (PipelineStateManager.java:removePipeline(106)) - Pipeline Pipeline[ Id: 2c8f895b-0d99-4663-bf4a-d7b38365ab4d, Nodes: 8a1675e0-6aea-4c3b-8be7-5ae20a1ca49e{ip: 192.168.157.201, host: pr-hdds-2514-unusedmethodparam-9qkq7-1267773169, networkLocation: /default-rack, certSerialId: null}0a519b4d-4b4e-4277-8a94-337d2dc88e84{ip: 192.168.157.201, host: pr-hdds-2514-unusedmethodparam-9qkq7-1267773169, networkLocation: /default-rack, certSerialId: null}47ad85fd-142d-4fcb-95da-99123aa57c3f{ip: 192.168.157.201, host: pr-hdds-2514-unusedmethodparam-9qkq7-1267773169, networkLocation: /default-rack, certSerialId: null}, Type:RATIS, Factor:THREE, State:CLOSED] removed from db
2019-11-15 20:29:56,387 [Thread-1839] INFO  impl.FollowerState (FollowerState.java:run(111)) - 47ad85fd-142d-4fcb-95da-99123aa57c3f@group-A0871CD5BB9E-FollowerState: change to CANDIDATE, lastRpcTime:1188ms, electionTimeout:1188ms
2019-11-15 20:29:56,390 [Thread-1839] INFO  impl.RoleInfo (RoleInfo.java:shutdownFollowerState(121)) - 47ad85fd-142d-4fcb-95da-99123aa57c3f: shutdown FollowerState
2019-11-15 20:29:56,390 [Thread-1839] INFO  impl.RaftServerImpl (RaftServerImpl.java:setRole(173)) - 47ad85fd-142d-4fcb-95da-99123aa57c3f@group-A0871CD5BB9E: changes role from  FOLLOWER to CANDIDATE at term 0 for changeToCandidate
2019-11-15 20:29:56,390 [Thread-1839] INFO  impl.RoleInfo (RoleInfo.java:updateAndGet(143)) - 47ad85fd-142d-4fcb-95da-99123aa57c3f: start LeaderElection
2019-11-15 20:29:56,413 [47ad85fd-142d-4fcb-95da-99123aa57c3f@group-A0871CD5BB9E-LeaderElection38] INFO  impl.LeaderElection (LeaderElection.java:askForVotes(178)) - 47ad85fd-142d-4fcb-95da-99123aa57c3f@group-A0871CD5BB9E-LeaderElection38: begin an election at term 1 for -1: [47ad85fd-142d-4fcb-95da-99123aa57c3f:192.168.157.201:35088], old=null
2019-11-15 20:29:56,415 [47ad85fd-142d-4fcb-95da-99123aa57c3f@group-A0871CD5BB9E-LeaderElection38] INFO  impl.RoleInfo (RoleInfo.java:shutdownLeaderElection(134)) - 47ad85fd-142d-4fcb-95da-99123aa57c3f: shutdown LeaderElection
2019-11-15 20:29:56,415 [47ad85fd-142d-4fcb-95da-99123aa57c3f@group-A0871CD5BB9E-LeaderElection38] INFO  impl.RaftServerImpl (RaftServerImpl.java:setRole(173)) - 47ad85fd-142d-4fcb-95da-99123aa57c3f@group-A0871CD5BB9E: changes role from CANDIDATE to LEADER at term 1 for changeToLeader
2019-11-15 20:29:56,415 [47ad85fd-142d-4fcb-95da-99123aa57c3f@group-A0871CD5BB9E-LeaderElection38] INFO  ratis.XceiverServerRatis (XceiverServerRatis.java:handleLeaderChangedNotification(697)) - Leader change notification received for group: group-A0871CD5BB9E with new leaderId: 47ad85fd-142d-4fcb-95da-99123aa57c3f
2019-11-15 20:29:56,415 [47ad85fd-142d-4fcb-95da-99123aa57c3f@group-A0871CD5BB9E-LeaderElection38] INFO  impl.RaftServerImpl (ServerState.java:setLeader(255)) - 47ad85fd-142d-4fcb-95da-99123aa57c3f@group-A0871CD5BB9E: change Leader from null to 47ad85fd-142d-4fcb-95da-99123aa57c3f at term 1 for becomeLeader, leader elected after 1219ms
2019-11-15 20:29:56,415 [47ad85fd-142d-4fcb-95da-99123aa57c3f@group-A0871CD5BB9E-LeaderElection38] INFO  server.RaftServerConfigKeys (ConfUtils.java:logGet(43)) - raft.server.staging.catchup.gap = 1000 (default)
2019-11-15 20:29:56,416 [47ad85fd-142d-4fcb-95da-99123aa57c3f@group-A0871CD5BB9E-LeaderElection38] INFO  server.RaftServerConfigKeys (ConfUtils.java:logGet(43)) - raft.server.rpc.sleep.time = 25ms (default)
2019-11-15 20:29:56,416 [47ad85fd-142d-4fcb-95da-99123aa57c3f@group-A0871CD5BB9E-LeaderElection38] INFO  server.RaftServerConfigKeys (ConfUtils.java:logGet(43)) - raft.server.write.element-limit = 4096 (default)
2019-11-15 20:29:56,416 [47ad85fd-142d-4fcb-95da-99123aa57c3f@group-A0871CD5BB9E-LeaderElection38] INFO  server.RaftServerConfigKeys (ConfUtils.java:logGet(43)) - raft.server.watch.timeout = 10s (default)
2019-11-15 20:29:56,416 [47ad85fd-142d-4fcb-95da-99123aa57c3f@group-A0871CD5BB9E-LeaderElection38] INFO  server.RaftServerConfigKeys (ConfUtils.java:logGet(43)) - raft.server.watch.timeout.denomination = 1s (default)
2019-11-15 20:29:56,416 [47ad85fd-142d-4fcb-95da-99123aa57c3f@group-A0871CD5BB9E-LeaderElection38] INFO  server.RaftServerConfigKeys (ConfUtils.java:logGet(43)) - raft.server.watch.element-limit = 65536 (default)
2019-11-15 20:29:56,416 [47ad85fd-142d-4fcb-95da-99123aa57c3f@group-A0871CD5BB9E-LeaderElection38] INFO  impl.RoleInfo (RoleInfo.java:updateAndGet(143)) - 47ad85fd-142d-4fcb-95da-99123aa57c3f: start LeaderState
2019-11-15 20:29:56,417 [EventQueue-PipelineReportForPipelineReportHandler] INFO  pipeline.PipelineStateManager (PipelineStateManager.java:openPipeline(134)) - Pipeline Pipeline[ Id: 2f4ebe56-f2a7-4815-b318-a0871cd5bb9e, Nodes: 47ad85fd-142d-4fcb-95da-99123aa57c3f{ip: 192.168.157.201, host: pr-hdds-2514-unusedmethodparam-9qkq7-1267773169, networkLocation: /default-rack, certSerialId: null}, Type:RATIS, Factor:ONE, State:OPEN] moved to OPEN state
2019-11-15 20:29:56,417 [47ad85fd-142d-4fcb-95da-99123aa57c3f@group-A0871CD5BB9E-LeaderElection38] INFO  segmented.SegmentedRaftLogWorker (SegmentedRaftLogWorker.java:startLogSegment(385)) - 47ad85fd-142d-4fcb-95da-99123aa57c3f@group-A0871CD5BB9E-SegmentedRaftLogWorker: Starting segment from index:0
2019-11-15 20:29:56,417 [47ad85fd-142d-4fcb-95da-99123aa57c3f@group-A0871CD5BB9E-LeaderElection38] INFO  impl.RaftServerImpl (ServerState.java:setRaftConf(356)) - 47ad85fd-142d-4fcb-95da-99123aa57c3f@group-A0871CD5BB9E: set configuration 0: [47ad85fd-142d-4fcb-95da-99123aa57c3f:192.168.157.201:35088], old=null at 0
2019-11-15 20:29:56,427 [Thread-1842] INFO  impl.FollowerState (FollowerState.java:run(111)) - 3276412b-a8eb-4e99-a9e7-479baf35f503@group-EAC58908E546-FollowerState: change to CANDIDATE, lastRpcTime:1166ms, electionTimeout:1166ms
2019-11-15 20:29:56,427 [Thread-1842] INFO  impl.RoleInfo (RoleInfo.java:shutdownFollowerState(121)) - 3276412b-a8eb-4e99-a9e7-479baf35f503: shutdown FollowerState
2019-11-15 20:29:56,427 [Thread-1842] INFO  impl.RaftServerImpl (RaftServerImpl.java:setRole(173)) - 3276412b-a8eb-4e99-a9e7-479baf35f503@group-EAC58908E546: changes role from  FOLLOWER to CANDIDATE at term 0 for changeToCandidate
2019-11-15 20:29:56,427 [Thread-1842] INFO  impl.RoleInfo (RoleInfo.java:updateAndGet(143)) - 3276412b-a8eb-4e99-a9e7-479baf35f503: start LeaderElection
2019-11-15 20:29:56,453 [Thread-1863] INFO  impl.FollowerState (FollowerState.java:run(111)) - 0aaa2776-51af-4c10-a5a9-2fdcde9d3167@group-A6D9248851CF-FollowerState: change to CANDIDATE, lastRpcTime:1122ms, electionTimeout:1121ms
2019-11-15 20:29:56,453 [Thread-1863] INFO  impl.RoleInfo (RoleInfo.java:shutdownFollowerState(121)) - 0aaa2776-51af-4c10-a5a9-2fdcde9d3167: shutdown FollowerState
2019-11-15 20:29:56,453 [Thread-1863] INFO  impl.RaftServerImpl (RaftServerImpl.java:setRole(173)) - 0aaa2776-51af-4c10-a5a9-2fdcde9d3167@group-A6D9248851CF: changes role from  FOLLOWER to CANDIDATE at term 0 for changeToCandidate
2019-11-15 20:29:56,453 [Thread-1863] INFO  impl.RoleInfo (RoleInfo.java:updateAndGet(143)) - 0aaa2776-51af-4c10-a5a9-2fdcde9d3167: start LeaderElection
2019-11-15 20:29:56,489 [47ad85fd-142d-4fcb-95da-99123aa57c3f@group-A0871CD5BB9E-SegmentedRaftLogWorker] INFO  segmented.SegmentedRaftLogWorker (SegmentedRaftLogWorker.java:execute(576)) - 47ad85fd-142d-4fcb-95da-99123aa57c3f@group-A0871CD5BB9E-SegmentedRaftLogWorker: created new log segment /workdir/hadoop-ozone/integration-test/target/test-dir/MiniOzoneClusterImpl-383ae012-405b-46cc-a485-9d9df1ba09bf/datanode-2/data/ratis/2f4ebe56-f2a7-4815-b318-a0871cd5bb9e/current/log_inprogress_0
2019-11-15 20:29:56,489 [3276412b-a8eb-4e99-a9e7-479baf35f503@group-EAC58908E546-LeaderElection39] INFO  impl.LeaderElection (LeaderElection.java:askForVotes(178)) - 3276412b-a8eb-4e99-a9e7-479baf35f503@group-EAC58908E546-LeaderElection39: begin an election at term 1 for -1: [3276412b-a8eb-4e99-a9e7-479baf35f503:192.168.157.201:46486], old=null
2019-11-15 20:29:56,489 [0aaa2776-51af-4c10-a5a9-2fdcde9d3167@group-A6D9248851CF-LeaderElection40] INFO  impl.LeaderElection (LeaderElection.java:askForVotes(178)) - 0aaa2776-51af-4c10-a5a9-2fdcde9d3167@group-A6D9248851CF-LeaderElection40: begin an election at term 1 for -1: [0aaa2776-51af-4c10-a5a9-2fdcde9d3167:192.168.157.201:44120], old=null
2019-11-15 20:29:56,489 [3276412b-a8eb-4e99-a9e7-479baf35f503@group-EAC58908E546-LeaderElection39] INFO  impl.RoleInfo (RoleInfo.java:shutdownLeaderElection(134)) - 3276412b-a8eb-4e99-a9e7-479baf35f503: shutdown LeaderElection
2019-11-15 20:29:56,489 [0aaa2776-51af-4c10-a5a9-2fdcde9d3167@group-A6D9248851CF-LeaderElection40] INFO  impl.RoleInfo (RoleInfo.java:shutdownLeaderElection(134)) - 0aaa2776-51af-4c10-a5a9-2fdcde9d3167: shutdown LeaderElection
2019-11-15 20:29:56,489 [3276412b-a8eb-4e99-a9e7-479baf35f503@group-EAC58908E546-LeaderElection39] INFO  impl.RaftServerImpl (RaftServerImpl.java:setRole(173)) - 3276412b-a8eb-4e99-a9e7-479baf35f503@group-EAC58908E546: changes role from CANDIDATE to LEADER at term 1 for changeToLeader
2019-11-15 20:29:56,489 [0aaa2776-51af-4c10-a5a9-2fdcde9d3167@group-A6D9248851CF-LeaderElection40] INFO  impl.RaftServerImpl (RaftServerImpl.java:setRole(173)) - 0aaa2776-51af-4c10-a5a9-2fdcde9d3167@group-A6D9248851CF: changes role from CANDIDATE to LEADER at term 1 for changeToLeader
2019-11-15 20:29:56,489 [3276412b-a8eb-4e99-a9e7-479baf35f503@group-EAC58908E546-LeaderElection39] INFO  ratis.XceiverServerRatis (XceiverServerRatis.java:handleLeaderChangedNotification(697)) - Leader change notification received for group: group-EAC58908E546 with new leaderId: 3276412b-a8eb-4e99-a9e7-479baf35f503
2019-11-15 20:29:56,490 [0aaa2776-51af-4c10-a5a9-2fdcde9d3167@group-A6D9248851CF-LeaderElection40] INFO  ratis.XceiverServerRatis (XceiverServerRatis.java:handleLeaderChangedNotification(697)) - Leader change notification received for group: group-A6D9248851CF with new leaderId: 0aaa2776-51af-4c10-a5a9-2fdcde9d3167
2019-11-15 20:29:56,490 [3276412b-a8eb-4e99-a9e7-479baf35f503@group-EAC58908E546-LeaderElection39] INFO  impl.RaftServerImpl (ServerState.java:setLeader(255)) - 3276412b-a8eb-4e99-a9e7-479baf35f503@group-EAC58908E546: change Leader from null to 3276412b-a8eb-4e99-a9e7-479baf35f503 at term 1 for becomeLeader, leader elected after 1242ms
2019-11-15 20:29:56,490 [3276412b-a8eb-4e99-a9e7-479baf35f503@group-EAC58908E546-LeaderElection39] INFO  server.RaftServerConfigKeys (ConfUtils.java:logGet(43)) - raft.server.staging.catchup.gap = 1000 (default)
2019-11-15 20:29:56,490 [3276412b-a8eb-4e99-a9e7-479baf35f503@group-EAC58908E546-LeaderElection39] INFO  server.RaftServerConfigKeys (ConfUtils.java:logGet(43)) - raft.server.rpc.sleep.time = 25ms (default)
2019-11-15 20:29:56,490 [0aaa2776-51af-4c10-a5a9-2fdcde9d3167@group-A6D9248851CF-LeaderElection40] INFO  impl.RaftServerImpl (ServerState.java:setLeader(255)) - 0aaa2776-51af-4c10-a5a9-2fdcde9d3167@group-A6D9248851CF: change Leader from null to 0aaa2776-51af-4c10-a5a9-2fdcde9d3167 at term 1 for becomeLeader, leader elected after 1161ms
2019-11-15 20:29:56,490 [3276412b-a8eb-4e99-a9e7-479baf35f503@group-EAC58908E546-LeaderElection39] INFO  server.RaftServerConfigKeys (ConfUtils.java:logGet(43)) - raft.server.write.element-limit = 4096 (default)
2019-11-15 20:29:56,490 [0aaa2776-51af-4c10-a5a9-2fdcde9d3167@group-A6D9248851CF-LeaderElection40] INFO  server.RaftServerConfigKeys (ConfUtils.java:logGet(43)) - raft.server.staging.catchup.gap = 1000 (default)
2019-11-15 20:29:56,490 [3276412b-a8eb-4e99-a9e7-479baf35f503@group-EAC58908E546-LeaderElection39] INFO  server.RaftServerConfigKeys (ConfUtils.java:logGet(43)) - raft.server.watch.timeout = 10s (default)
2019-11-15 20:29:56,490 [0aaa2776-51af-4c10-a5a9-2fdcde9d3167@group-A6D9248851CF-LeaderElection40] INFO  server.RaftServerConfigKeys (ConfUtils.java:logGet(43)) - raft.server.rpc.sleep.time = 25ms (default)
2019-11-15 20:29:56,491 [3276412b-a8eb-4e99-a9e7-479baf35f503@group-EAC58908E546-LeaderElection39] INFO  server.RaftServerConfigKeys (ConfUtils.java:logGet(43)) - raft.server.watch.timeout.denomination = 1s (default)
2019-11-15 20:29:56,491 [3276412b-a8eb-4e99-a9e7-479baf35f503@group-EAC58908E546-LeaderElection39] INFO  server.RaftServerConfigKeys (ConfUtils.java:logGet(43)) - raft.server.watch.element-limit = 65536 (default)
2019-11-15 20:29:56,491 [0aaa2776-51af-4c10-a5a9-2fdcde9d3167@group-A6D9248851CF-LeaderElection40] INFO  server.RaftServerConfigKeys (ConfUtils.java:logGet(43)) - raft.server.write.element-limit = 4096 (default)
2019-11-15 20:29:56,491 [3276412b-a8eb-4e99-a9e7-479baf35f503@group-EAC58908E546-LeaderElection39] INFO  impl.RoleInfo (RoleInfo.java:updateAndGet(143)) - 3276412b-a8eb-4e99-a9e7-479baf35f503: start LeaderState
2019-11-15 20:29:56,491 [0aaa2776-51af-4c10-a5a9-2fdcde9d3167@group-A6D9248851CF-LeaderElection40] INFO  server.RaftServerConfigKeys (ConfUtils.java:logGet(43)) - raft.server.watch.timeout = 10s (default)
2019-11-15 20:29:56,491 [EventQueue-PipelineReportForPipelineReportHandler] INFO  pipeline.PipelineStateManager (PipelineStateManager.java:openPipeline(134)) - Pipeline Pipeline[ Id: 66a7e404-184d-4b32-9fde-a6d9248851cf, Nodes: 0aaa2776-51af-4c10-a5a9-2fdcde9d3167{ip: 192.168.157.201, host: pr-hdds-2514-unusedmethodparam-9qkq7-1267773169, networkLocation: /default-rack, certSerialId: null}, Type:RATIS, Factor:ONE, State:OPEN] moved to OPEN state
2019-11-15 20:29:56,491 [0aaa2776-51af-4c10-a5a9-2fdcde9d3167@group-A6D9248851CF-LeaderElection40] INFO  server.RaftServerConfigKeys (ConfUtils.java:logGet(43)) - raft.server.watch.timeout.denomination = 1s (default)
2019-11-15 20:29:56,491 [3276412b-a8eb-4e99-a9e7-479baf35f503@group-EAC58908E546-LeaderElection39] INFO  segmented.SegmentedRaftLogWorker (SegmentedRaftLogWorker.java:startLogSegment(385)) - 3276412b-a8eb-4e99-a9e7-479baf35f503@group-EAC58908E546-SegmentedRaftLogWorker: Starting segment from index:0
2019-11-15 20:29:56,491 [0aaa2776-51af-4c10-a5a9-2fdcde9d3167@group-A6D9248851CF-LeaderElection40] INFO  server.RaftServerConfigKeys (ConfUtils.java:logGet(43)) - raft.server.watch.element-limit = 65536 (default)
2019-11-15 20:29:56,492 [EventQueue-PipelineReportForPipelineReportHandler] INFO  pipeline.PipelineStateManager (PipelineStateManager.java:openPipeline(134)) - Pipeline Pipeline[ Id: b11d3ba2-eb05-46c9-86a4-eac58908e546, Nodes: 3276412b-a8eb-4e99-a9e7-479baf35f503{ip: 192.168.157.201, host: pr-hdds-2514-unusedmethodparam-9qkq7-1267773169, networkLocation: /default-rack, certSerialId: null}, Type:RATIS, Factor:ONE, State:OPEN] moved to OPEN state
2019-11-15 20:29:56,492 [3276412b-a8eb-4e99-a9e7-479baf35f503@group-EAC58908E546-LeaderElection39] INFO  impl.RaftServerImpl (ServerState.java:setRaftConf(356)) - 3276412b-a8eb-4e99-a9e7-479baf35f503@group-EAC58908E546: set configuration 0: [3276412b-a8eb-4e99-a9e7-479baf35f503:192.168.157.201:46486], old=null at 0
2019-11-15 20:29:56,492 [0aaa2776-51af-4c10-a5a9-2fdcde9d3167@group-A6D9248851CF-LeaderElection40] INFO  impl.RoleInfo (RoleInfo.java:updateAndGet(143)) - 0aaa2776-51af-4c10-a5a9-2fdcde9d3167: start LeaderState
2019-11-15 20:29:56,492 [0aaa2776-51af-4c10-a5a9-2fdcde9d3167@group-A6D9248851CF-LeaderElection40] INFO  segmented.SegmentedRaftLogWorker (SegmentedRaftLogWorker.java:startLogSegment(385)) - 0aaa2776-51af-4c10-a5a9-2fdcde9d3167@group-A6D9248851CF-SegmentedRaftLogWorker: Starting segment from index:0
2019-11-15 20:29:56,493 [0aaa2776-51af-4c10-a5a9-2fdcde9d3167@group-A6D9248851CF-LeaderElection40] INFO  impl.RaftServerImpl (ServerState.java:setRaftConf(356)) - 0aaa2776-51af-4c10-a5a9-2fdcde9d3167@group-A6D9248851CF: set configuration 0: [0aaa2776-51af-4c10-a5a9-2fdcde9d3167:192.168.157.201:44120], old=null at 0
2019-11-15 20:29:56,565 [0aaa2776-51af-4c10-a5a9-2fdcde9d3167@group-A6D9248851CF-SegmentedRaftLogWorker] INFO  segmented.SegmentedRaftLogWorker (SegmentedRaftLogWorker.java:execute(576)) - 0aaa2776-51af-4c10-a5a9-2fdcde9d3167@group-A6D9248851CF-SegmentedRaftLogWorker: created new log segment /workdir/hadoop-ozone/integration-test/target/test-dir/MiniOzoneClusterImpl-383ae012-405b-46cc-a485-9d9df1ba09bf/datanode-5/data/ratis/66a7e404-184d-4b32-9fde-a6d9248851cf/current/log_inprogress_0
2019-11-15 20:29:56,565 [3276412b-a8eb-4e99-a9e7-479baf35f503@group-EAC58908E546-SegmentedRaftLogWorker] INFO  segmented.SegmentedRaftLogWorker (SegmentedRaftLogWorker.java:execute(576)) - 3276412b-a8eb-4e99-a9e7-479baf35f503@group-EAC58908E546-SegmentedRaftLogWorker: created new log segment /workdir/hadoop-ozone/integration-test/target/test-dir/MiniOzoneClusterImpl-383ae012-405b-46cc-a485-9d9df1ba09bf/datanode-4/data/ratis/b11d3ba2-eb05-46c9-86a4-eac58908e546/current/log_inprogress_0
2019-11-15 20:29:56,589 [Thread-1869] INFO  impl.FollowerState (FollowerState.java:run(111)) - 8a1675e0-6aea-4c3b-8be7-5ae20a1ca49e@group-B93E2D221AA2-FollowerState: change to CANDIDATE, lastRpcTime:1172ms, electionTimeout:1172ms
2019-11-15 20:29:56,589 [Thread-1869] INFO  impl.RoleInfo (RoleInfo.java:shutdownFollowerState(121)) - 8a1675e0-6aea-4c3b-8be7-5ae20a1ca49e: shutdown FollowerState
2019-11-15 20:29:56,589 [Thread-1869] INFO  impl.RaftServerImpl (RaftServerImpl.java:setRole(173)) - 8a1675e0-6aea-4c3b-8be7-5ae20a1ca49e@group-B93E2D221AA2: changes role from  FOLLOWER to CANDIDATE at term 0 for changeToCandidate
2019-11-15 20:29:56,589 [Thread-1869] INFO  impl.RoleInfo (RoleInfo.java:updateAndGet(143)) - 8a1675e0-6aea-4c3b-8be7-5ae20a1ca49e: start LeaderElection
2019-11-15 20:29:56,608 [8a1675e0-6aea-4c3b-8be7-5ae20a1ca49e@group-B93E2D221AA2-LeaderElection41] INFO  impl.LeaderElection (LeaderElection.java:askForVotes(178)) - 8a1675e0-6aea-4c3b-8be7-5ae20a1ca49e@group-B93E2D221AA2-LeaderElection41: begin an election at term 1 for -1: [8a1675e0-6aea-4c3b-8be7-5ae20a1ca49e:192.168.157.201:42325], old=null
2019-11-15 20:29:56,608 [8a1675e0-6aea-4c3b-8be7-5ae20a1ca49e@group-B93E2D221AA2-LeaderElection41] INFO  impl.RoleInfo (RoleInfo.java:shutdownLeaderElection(134)) - 8a1675e0-6aea-4c3b-8be7-5ae20a1ca49e: shutdown LeaderElection
2019-11-15 20:29:56,608 [8a1675e0-6aea-4c3b-8be7-5ae20a1ca49e@group-B93E2D221AA2-LeaderElection41] INFO  impl.RaftServerImpl (RaftServerImpl.java:setRole(173)) - 8a1675e0-6aea-4c3b-8be7-5ae20a1ca49e@group-B93E2D221AA2: changes role from CANDIDATE to LEADER at term 1 for changeToLeader
2019-11-15 20:29:56,608 [8a1675e0-6aea-4c3b-8be7-5ae20a1ca49e@group-B93E2D221AA2-LeaderElection41] INFO  ratis.XceiverServerRatis (XceiverServerRatis.java:handleLeaderChangedNotification(697)) - Leader change notification received for group: group-B93E2D221AA2 with new leaderId: 8a1675e0-6aea-4c3b-8be7-5ae20a1ca49e
2019-11-15 20:29:56,608 [8a1675e0-6aea-4c3b-8be7-5ae20a1ca49e@group-B93E2D221AA2-LeaderElection41] INFO  impl.RaftServerImpl (ServerState.java:setLeader(255)) - 8a1675e0-6aea-4c3b-8be7-5ae20a1ca49e@group-B93E2D221AA2: change Leader from null to 8a1675e0-6aea-4c3b-8be7-5ae20a1ca49e at term 1 for becomeLeader, leader elected after 1194ms
2019-11-15 20:29:56,608 [8a1675e0-6aea-4c3b-8be7-5ae20a1ca49e@group-B93E2D221AA2-LeaderElection41] INFO  server.RaftServerConfigKeys (ConfUtils.java:logGet(43)) - raft.server.staging.catchup.gap = 1000 (default)
2019-11-15 20:29:56,608 [8a1675e0-6aea-4c3b-8be7-5ae20a1ca49e@group-B93E2D221AA2-LeaderElection41] INFO  server.RaftServerConfigKeys (ConfUtils.java:logGet(43)) - raft.server.rpc.sleep.time = 25ms (default)
2019-11-15 20:29:56,609 [8a1675e0-6aea-4c3b-8be7-5ae20a1ca49e@group-B93E2D221AA2-LeaderElection41] INFO  server.RaftServerConfigKeys (ConfUtils.java:logGet(43)) - raft.server.write.element-limit = 4096 (default)
2019-11-15 20:29:56,609 [8a1675e0-6aea-4c3b-8be7-5ae20a1ca49e@group-B93E2D221AA2-LeaderElection41] INFO  server.RaftServerConfigKeys (ConfUtils.java:logGet(43)) - raft.server.watch.timeout = 10s (default)
2019-11-15 20:29:56,609 [8a1675e0-6aea-4c3b-8be7-5ae20a1ca49e@group-B93E2D221AA2-LeaderElection41] INFO  server.RaftServerConfigKeys (ConfUtils.java:logGet(43)) - raft.server.watch.timeout.denomination = 1s (default)
2019-11-15 20:29:56,609 [8a1675e0-6aea-4c3b-8be7-5ae20a1ca49e@group-B93E2D221AA2-LeaderElection41] INFO  server.RaftServerConfigKeys (ConfUtils.java:logGet(43)) - raft.server.watch.element-limit = 65536 (default)
2019-11-15 20:29:56,609 [8a1675e0-6aea-4c3b-8be7-5ae20a1ca49e@group-B93E2D221AA2-LeaderElection41] INFO  impl.RoleInfo (RoleInfo.java:updateAndGet(143)) - 8a1675e0-6aea-4c3b-8be7-5ae20a1ca49e: start LeaderState
2019-11-15 20:29:56,609 [EventQueue-PipelineReportForPipelineReportHandler] INFO  pipeline.PipelineStateManager (PipelineStateManager.java:openPipeline(134)) - Pipeline Pipeline[ Id: 195e3b7a-7413-4c45-b107-b93e2d221aa2, Nodes: 8a1675e0-6aea-4c3b-8be7-5ae20a1ca49e{ip: 192.168.157.201, host: pr-hdds-2514-unusedmethodparam-9qkq7-1267773169, networkLocation: /default-rack, certSerialId: null}, Type:RATIS, Factor:ONE, State:OPEN] moved to OPEN state
2019-11-15 20:29:56,609 [8a1675e0-6aea-4c3b-8be7-5ae20a1ca49e@group-B93E2D221AA2-LeaderElection41] INFO  segmented.SegmentedRaftLogWorker (SegmentedRaftLogWorker.java:startLogSegment(385)) - 8a1675e0-6aea-4c3b-8be7-5ae20a1ca49e@group-B93E2D221AA2-SegmentedRaftLogWorker: Starting segment from index:0
2019-11-15 20:29:56,610 [8a1675e0-6aea-4c3b-8be7-5ae20a1ca49e@group-B93E2D221AA2-LeaderElection41] INFO  impl.RaftServerImpl (ServerState.java:setRaftConf(356)) - 8a1675e0-6aea-4c3b-8be7-5ae20a1ca49e@group-B93E2D221AA2: set configuration 0: [8a1675e0-6aea-4c3b-8be7-5ae20a1ca49e:192.168.157.201:42325], old=null at 0
2019-11-15 20:29:56,650 [8a1675e0-6aea-4c3b-8be7-5ae20a1ca49e@group-B93E2D221AA2-SegmentedRaftLogWorker] INFO  segmented.SegmentedRaftLogWorker (SegmentedRaftLogWorker.java:execute(576)) - 8a1675e0-6aea-4c3b-8be7-5ae20a1ca49e@group-B93E2D221AA2-SegmentedRaftLogWorker: created new log segment /workdir/hadoop-ozone/integration-test/target/test-dir/MiniOzoneClusterImpl-383ae012-405b-46cc-a485-9d9df1ba09bf/datanode-1/data/ratis/195e3b7a-7413-4c45-b107-b93e2d221aa2/current/log_inprogress_0
2019-11-15 20:29:56,690 [main] WARN  scm.XceiverClientRatis (XceiverClientRatis.java:watchForCommit(277)) - 3 way commit failed on pipeline Pipeline[ Id: 6b5f03ce-a1aa-42bc-a791-2486971252ff, Nodes: 3276412b-a8eb-4e99-a9e7-479baf35f503{ip: 192.168.157.201, host: pr-hdds-2514-unusedmethodparam-9qkq7-1267773169, networkLocation: /default-rack, certSerialId: null}9cc1e37a-4716-4cf9-9175-b0181c43ba93{ip: 192.168.157.201, host: pr-hdds-2514-unusedmethodparam-9qkq7-1267773169, networkLocation: /default-rack, certSerialId: null}0aaa2776-51af-4c10-a5a9-2fdcde9d3167{ip: 192.168.157.201, host: pr-hdds-2514-unusedmethodparam-9qkq7-1267773169, networkLocation: /default-rack, certSerialId: null}, Type:RATIS, Factor:THREE, State:OPEN]
java.util.concurrent.ExecutionException: org.apache.ratis.protocol.GroupMismatchException: 3276412b-a8eb-4e99-a9e7-479baf35f503: group-2486971252FF not found.
	at java.util.concurrent.CompletableFuture.reportGet(CompletableFuture.java:357)
	at java.util.concurrent.CompletableFuture.get(CompletableFuture.java:1915)
	at org.apache.hadoop.hdds.scm.XceiverClientRatis.watchForCommit(XceiverClientRatis.java:274)
	at org.apache.hadoop.hdds.scm.storage.CommitWatcher.watchForCommit(CommitWatcher.java:198)
	at org.apache.hadoop.hdds.scm.storage.CommitWatcher.watchOnFirstIndex(CommitWatcher.java:137)
	at org.apache.hadoop.hdds.scm.storage.BlockOutputStream.watchForCommit(BlockOutputStream.java:346)
	at org.apache.hadoop.hdds.scm.storage.BlockOutputStream.handleFullBuffer(BlockOutputStream.java:323)
	at org.apache.hadoop.hdds.scm.storage.BlockOutputStream.write(BlockOutputStream.java:250)
	at org.apache.hadoop.ozone.client.io.BlockOutputStreamEntry.write(BlockOutputStreamEntry.java:129)
	at org.apache.hadoop.ozone.client.io.KeyOutputStream.handleWrite(KeyOutputStream.java:208)
	at org.apache.hadoop.ozone.client.io.KeyOutputStream.write(KeyOutputStream.java:190)
	at org.apache.hadoop.ozone.client.io.OzoneOutputStream.write(OzoneOutputStream.java:49)
	at java.io.OutputStream.write(OutputStream.java:75)
	at org.apache.hadoop.ozone.client.rpc.TestMultiBlockWritesWithDnFailures.testMultiBlockWritesWithDnFailures(TestMultiBlockWritesWithDnFailures.java:123)
	at sun.reflect.NativeMethodAccessorImpl.invoke0(Native Method)
	at sun.reflect.NativeMethodAccessorImpl.invoke(NativeMethodAccessorImpl.java:62)
	at sun.reflect.DelegatingMethodAccessorImpl.invoke(DelegatingMethodAccessorImpl.java:43)
	at java.lang.reflect.Method.invoke(Method.java:498)
	at org.junit.runners.model.FrameworkMethod$1.runReflectiveCall(FrameworkMethod.java:47)
	at org.junit.internal.runners.model.ReflectiveCallable.run(ReflectiveCallable.java:12)
	at org.junit.runners.model.FrameworkMethod.invokeExplosively(FrameworkMethod.java:44)
	at org.junit.internal.runners.statements.InvokeMethod.evaluate(InvokeMethod.java:17)
	at org.junit.internal.runners.statements.RunAfters.evaluate(RunAfters.java:27)
	at org.junit.runners.ParentRunner.runLeaf(ParentRunner.java:271)
	at org.junit.runners.BlockJUnit4ClassRunner.runChild(BlockJUnit4ClassRunner.java:70)
	at org.junit.runners.BlockJUnit4ClassRunner.runChild(BlockJUnit4ClassRunner.java:50)
	at org.junit.runners.ParentRunner$3.run(ParentRunner.java:238)
	at org.junit.runners.ParentRunner$1.schedule(ParentRunner.java:63)
	at org.junit.runners.ParentRunner.runChildren(ParentRunner.java:236)
	at org.junit.runners.ParentRunner.access$000(ParentRunner.java:53)
	at org.junit.runners.ParentRunner$2.evaluate(ParentRunner.java:229)
	at org.junit.runners.ParentRunner.run(ParentRunner.java:309)
	at org.apache.maven.surefire.junit4.JUnit4Provider.execute(JUnit4Provider.java:365)
	at org.apache.maven.surefire.junit4.JUnit4Provider.executeWithRerun(JUnit4Provider.java:273)
	at org.apache.maven.surefire.junit4.JUnit4Provider.executeTestSet(JUnit4Provider.java:238)
	at org.apache.maven.surefire.junit4.JUnit4Provider.invoke(JUnit4Provider.java:159)
	at org.apache.maven.surefire.booter.ForkedBooter.invokeProviderInSameClassLoader(ForkedBooter.java:384)
	at org.apache.maven.surefire.booter.ForkedBooter.runSuitesInProcess(ForkedBooter.java:345)
	at org.apache.maven.surefire.booter.ForkedBooter.execute(ForkedBooter.java:126)
	at org.apache.maven.surefire.booter.ForkedBooter.main(ForkedBooter.java:418)
Caused by: org.apache.ratis.protocol.GroupMismatchException: 3276412b-a8eb-4e99-a9e7-479baf35f503: group-2486971252FF not found.
	at org.apache.ratis.server.impl.RaftServerProxy$ImplMap.get(RaftServerProxy.java:122)
	at org.apache.ratis.server.impl.RaftServerProxy.getImplFuture(RaftServerProxy.java:269)
	at org.apache.ratis.server.impl.RaftServerProxy.submitRequest(RaftServerProxy.java:327)
	at org.apache.ratis.server.impl.RaftServerProxy.submitClientRequestAsync(RaftServerProxy.java:333)
	at org.apache.ratis.grpc.client.GrpcClientProtocolService$RequestStreamObserver.processClientRequest(GrpcClientProtocolService.java:221)
	at org.apache.ratis.grpc.client.GrpcClientProtocolService$UnorderedRequestStreamObserver.processClientRequest(GrpcClientProtocolService.java:277)
	at org.apache.ratis.grpc.client.GrpcClientProtocolService$RequestStreamObserver.onNext(GrpcClientProtocolService.java:241)
	at org.apache.ratis.grpc.client.GrpcClientProtocolService$RequestStreamObserver.onNext(GrpcClientProtocolService.java:168)
	at org.apache.ratis.thirdparty.io.grpc.stub.ServerCalls$StreamingServerCallHandler$StreamingServerCallListener.onMessage(ServerCalls.java:248)
	at org.apache.ratis.thirdparty.io.grpc.internal.ServerCallImpl$ServerStreamListenerImpl.messagesAvailable(ServerCallImpl.java:263)
	at org.apache.ratis.thirdparty.io.grpc.internal.ServerImpl$JumpToApplicationThreadServerStreamListener$1MessagesAvailable.runInContext(ServerImpl.java:686)
	at org.apache.ratis.thirdparty.io.grpc.internal.ContextRunnable.run(ContextRunnable.java:37)
	at org.apache.ratis.thirdparty.io.grpc.internal.SerializingExecutor.run(SerializingExecutor.java:123)
	at java.util.concurrent.ThreadPoolExecutor.runWorker(ThreadPoolExecutor.java:1149)
	at java.util.concurrent.ThreadPoolExecutor$Worker.run(ThreadPoolExecutor.java:624)
	at java.lang.Thread.run(Thread.java:748)
2019-11-15 20:29:56,691 [main] WARN  storage.CommitWatcher (CommitWatcher.java:watchForCommit(207)) - watchForCommit failed for index 7
java.util.concurrent.ExecutionException: org.apache.ratis.protocol.GroupMismatchException: 3276412b-a8eb-4e99-a9e7-479baf35f503: group-2486971252FF not found.
	at java.util.concurrent.CompletableFuture.reportGet(CompletableFuture.java:357)
	at java.util.concurrent.CompletableFuture.get(CompletableFuture.java:1915)
	at org.apache.hadoop.hdds.scm.XceiverClientRatis.watchForCommit(XceiverClientRatis.java:274)
	at org.apache.hadoop.hdds.scm.storage.CommitWatcher.watchForCommit(CommitWatcher.java:198)
	at org.apache.hadoop.hdds.scm.storage.CommitWatcher.watchOnFirstIndex(CommitWatcher.java:137)
	at org.apache.hadoop.hdds.scm.storage.BlockOutputStream.watchForCommit(BlockOutputStream.java:346)
	at org.apache.hadoop.hdds.scm.storage.BlockOutputStream.handleFullBuffer(BlockOutputStream.java:323)
	at org.apache.hadoop.hdds.scm.storage.BlockOutputStream.write(BlockOutputStream.java:250)
	at org.apache.hadoop.ozone.client.io.BlockOutputStreamEntry.write(BlockOutputStreamEntry.java:129)
	at org.apache.hadoop.ozone.client.io.KeyOutputStream.handleWrite(KeyOutputStream.java:208)
	at org.apache.hadoop.ozone.client.io.KeyOutputStream.write(KeyOutputStream.java:190)
	at org.apache.hadoop.ozone.client.io.OzoneOutputStream.write(OzoneOutputStream.java:49)
	at java.io.OutputStream.write(OutputStream.java:75)
	at org.apache.hadoop.ozone.client.rpc.TestMultiBlockWritesWithDnFailures.testMultiBlockWritesWithDnFailures(TestMultiBlockWritesWithDnFailures.java:123)
	at sun.reflect.NativeMethodAccessorImpl.invoke0(Native Method)
	at sun.reflect.NativeMethodAccessorImpl.invoke(NativeMethodAccessorImpl.java:62)
	at sun.reflect.DelegatingMethodAccessorImpl.invoke(DelegatingMethodAccessorImpl.java:43)
	at java.lang.reflect.Method.invoke(Method.java:498)
	at org.junit.runners.model.FrameworkMethod$1.runReflectiveCall(FrameworkMethod.java:47)
	at org.junit.internal.runners.model.ReflectiveCallable.run(ReflectiveCallable.java:12)
	at org.junit.runners.model.FrameworkMethod.invokeExplosively(FrameworkMethod.java:44)
	at org.junit.internal.runners.statements.InvokeMethod.evaluate(InvokeMethod.java:17)
	at org.junit.internal.runners.statements.RunAfters.evaluate(RunAfters.java:27)
	at org.junit.runners.ParentRunner.runLeaf(ParentRunner.java:271)
	at org.junit.runners.BlockJUnit4ClassRunner.runChild(BlockJUnit4ClassRunner.java:70)
	at org.junit.runners.BlockJUnit4ClassRunner.runChild(BlockJUnit4ClassRunner.java:50)
	at org.junit.runners.ParentRunner$3.run(ParentRunner.java:238)
	at org.junit.runners.ParentRunner$1.schedule(ParentRunner.java:63)
	at org.junit.runners.ParentRunner.runChildren(ParentRunner.java:236)
	at org.junit.runners.ParentRunner.access$000(ParentRunner.java:53)
	at org.junit.runners.ParentRunner$2.evaluate(ParentRunner.java:229)
	at org.junit.runners.ParentRunner.run(ParentRunner.java:309)
	at org.apache.maven.surefire.junit4.JUnit4Provider.execute(JUnit4Provider.java:365)
	at org.apache.maven.surefire.junit4.JUnit4Provider.executeWithRerun(JUnit4Provider.java:273)
	at org.apache.maven.surefire.junit4.JUnit4Provider.executeTestSet(JUnit4Provider.java:238)
	at org.apache.maven.surefire.junit4.JUnit4Provider.invoke(JUnit4Provider.java:159)
	at org.apache.maven.surefire.booter.ForkedBooter.invokeProviderInSameClassLoader(ForkedBooter.java:384)
	at org.apache.maven.surefire.booter.ForkedBooter.runSuitesInProcess(ForkedBooter.java:345)
	at org.apache.maven.surefire.booter.ForkedBooter.execute(ForkedBooter.java:126)
	at org.apache.maven.surefire.booter.ForkedBooter.main(ForkedBooter.java:418)
Caused by: org.apache.ratis.protocol.GroupMismatchException: 3276412b-a8eb-4e99-a9e7-479baf35f503: group-2486971252FF not found.
	at org.apache.ratis.server.impl.RaftServerProxy$ImplMap.get(RaftServerProxy.java:122)
	at org.apache.ratis.server.impl.RaftServerProxy.getImplFuture(RaftServerProxy.java:269)
	at org.apache.ratis.server.impl.RaftServerProxy.submitRequest(RaftServerProxy.java:327)
	at org.apache.ratis.server.impl.RaftServerProxy.submitClientRequestAsync(RaftServerProxy.java:333)
	at org.apache.ratis.grpc.client.GrpcClientProtocolService$RequestStreamObserver.processClientRequest(GrpcClientProtocolService.java:221)
	at org.apache.ratis.grpc.client.GrpcClientProtocolService$UnorderedRequestStreamObserver.processClientRequest(GrpcClientProtocolService.java:277)
	at org.apache.ratis.grpc.client.GrpcClientProtocolService$RequestStreamObserver.onNext(GrpcClientProtocolService.java:241)
	at org.apache.ratis.grpc.client.GrpcClientProtocolService$RequestStreamObserver.onNext(GrpcClientProtocolService.java:168)
	at org.apache.ratis.thirdparty.io.grpc.stub.ServerCalls$StreamingServerCallHandler$StreamingServerCallListener.onMessage(ServerCalls.java:248)
	at org.apache.ratis.thirdparty.io.grpc.internal.ServerCallImpl$ServerStreamListenerImpl.messagesAvailable(ServerCallImpl.java:263)
	at org.apache.ratis.thirdparty.io.grpc.internal.ServerImpl$JumpToApplicationThreadServerStreamListener$1MessagesAvailable.runInContext(ServerImpl.java:686)
	at org.apache.ratis.thirdparty.io.grpc.internal.ContextRunnable.run(ContextRunnable.java:37)
	at org.apache.ratis.thirdparty.io.grpc.internal.SerializingExecutor.run(SerializingExecutor.java:123)
	at java.util.concurrent.ThreadPoolExecutor.runWorker(ThreadPoolExecutor.java:1149)
	at java.util.concurrent.ThreadPoolExecutor$Worker.run(ThreadPoolExecutor.java:624)
	at java.lang.Thread.run(Thread.java:748)
2019-11-15 20:29:56,692 [main] WARN  io.KeyOutputStream (KeyOutputStream.java:handleException(274)) - Encountered exception java.io.IOException: Unexpected Storage Container Exception: java.io.IOException: Unexpected Storage Container Exception: java.util.concurrent.ExecutionException: org.apache.ratis.protocol.GroupMismatchException: 3276412b-a8eb-4e99-a9e7-479baf35f503: group-2486971252FF not found. on the pipeline Pipeline[ Id: 6b5f03ce-a1aa-42bc-a791-2486971252ff, Nodes: 3276412b-a8eb-4e99-a9e7-479baf35f503{ip: 192.168.157.201, host: pr-hdds-2514-unusedmethodparam-9qkq7-1267773169, networkLocation: /default-rack, certSerialId: null}9cc1e37a-4716-4cf9-9175-b0181c43ba93{ip: 192.168.157.201, host: pr-hdds-2514-unusedmethodparam-9qkq7-1267773169, networkLocation: /default-rack, certSerialId: null}0aaa2776-51af-4c10-a5a9-2fdcde9d3167{ip: 192.168.157.201, host: pr-hdds-2514-unusedmethodparam-9qkq7-1267773169, networkLocation: /default-rack, certSerialId: null}, Type:RATIS, Factor:THREE, State:OPEN]. The last committed block length is 2097152, uncommitted data length is 2097152 retry count 0
2019-11-15 20:29:56,692 [main] INFO  io.BlockOutputStreamEntryPool (BlockOutputStreamEntryPool.java:allocateNewBlock(257)) - Allocating block with ExcludeList {datanodes = [], containerIds = [], pipelineIds = [PipelineID=6b5f03ce-a1aa-42bc-a791-2486971252ff]}
2019-11-15 20:29:56,696 [IPC Server handler 2 on 36463] WARN  block.BlockManagerImpl (BlockManagerImpl.java:allocateBlock(200)) - Pipeline creation failed for type:RATIS factor:THREE. Retrying get pipelines call once.
org.apache.hadoop.hdds.scm.pipeline.InsufficientDatanodesException: Cannot create pipeline of factor 3 using 0 nodes.
	at org.apache.hadoop.hdds.scm.pipeline.RatisPipelineProvider.create(RatisPipelineProvider.java:153)
	at org.apache.hadoop.hdds.scm.pipeline.PipelineFactory.create(PipelineFactory.java:58)
	at org.apache.hadoop.hdds.scm.pipeline.SCMPipelineManager.createPipeline(SCMPipelineManager.java:155)
	at org.apache.hadoop.hdds.scm.block.BlockManagerImpl.allocateBlock(BlockManagerImpl.java:198)
	at org.apache.hadoop.hdds.scm.server.SCMBlockProtocolServer.allocateBlock(SCMBlockProtocolServer.java:187)
	at org.apache.hadoop.hdds.scm.protocol.ScmBlockLocationProtocolServerSideTranslatorPB.allocateScmBlock(ScmBlockLocationProtocolServerSideTranslatorPB.java:159)
	at org.apache.hadoop.hdds.scm.protocol.ScmBlockLocationProtocolServerSideTranslatorPB.processMessage(ScmBlockLocationProtocolServerSideTranslatorPB.java:117)
	at org.apache.hadoop.hdds.server.OzoneProtocolMessageDispatcher.processRequest(OzoneProtocolMessageDispatcher.java:72)
	at org.apache.hadoop.hdds.scm.protocol.ScmBlockLocationProtocolServerSideTranslatorPB.send(ScmBlockLocationProtocolServerSideTranslatorPB.java:98)
	at org.apache.hadoop.hdds.protocol.proto.ScmBlockLocationProtocolProtos$ScmBlockLocationProtocolService$2.callBlockingMethod(ScmBlockLocationProtocolProtos.java:13157)
	at org.apache.hadoop.ipc.ProtobufRpcEngine$Server$ProtoBufRpcInvoker.call(ProtobufRpcEngine.java:524)
	at org.apache.hadoop.ipc.RPC$Server.call(RPC.java:1025)
	at org.apache.hadoop.ipc.Server$RpcCall.run(Server.java:876)
	at org.apache.hadoop.ipc.Server$RpcCall.run(Server.java:822)
	at java.security.AccessController.doPrivileged(Native Method)
	at javax.security.auth.Subject.doAs(Subject.java:422)
	at org.apache.hadoop.security.UserGroupInformation.doAs(UserGroupInformation.java:1730)
	at org.apache.hadoop.ipc.Server$Handler.run(Server.java:2682)
2019-11-15 20:29:56,698 [IPC Server handler 2 on 36463] INFO  block.BlockManagerImpl (BlockManagerImpl.java:allocateBlock(212)) - Could not find available pipeline of type:RATIS and factor:THREE even after retrying
2019-11-15 20:29:56,698 [IPC Server handler 2 on 36463] ERROR block.BlockManagerImpl (BlockManagerImpl.java:allocateBlock(236)) - Unable to allocate a block for the size: 4194304, type: RATIS, factor: THREE
2019-11-15 20:29:56,702 [main] ERROR io.BlockOutputStreamEntryPool (BlockOutputStreamEntryPool.java:allocateBlockIfNeeded(310)) - Try to allocate more blocks for write failed, already allocated 0 blocks for this write.
INTERNAL_ERROR org.apache.hadoop.ozone.om.exceptions.OMException: Allocated 0 blocks. Requested 1 blocks
	at org.apache.hadoop.ozone.om.protocolPB.OzoneManagerProtocolClientSideTranslatorPB.handleError(OzoneManagerProtocolClientSideTranslatorPB.java:761)
	at org.apache.hadoop.ozone.om.protocolPB.OzoneManagerProtocolClientSideTranslatorPB.allocateBlock(OzoneManagerProtocolClientSideTranslatorPB.java:793)
	at sun.reflect.NativeMethodAccessorImpl.invoke0(Native Method)
	at sun.reflect.NativeMethodAccessorImpl.invoke(NativeMethodAccessorImpl.java:62)
	at sun.reflect.DelegatingMethodAccessorImpl.invoke(DelegatingMethodAccessorImpl.java:43)
	at java.lang.reflect.Method.invoke(Method.java:498)
	at org.apache.hadoop.hdds.tracing.TraceAllMethod.invoke(TraceAllMethod.java:66)
	at com.sun.proxy.$Proxy36.allocateBlock(Unknown Source)
	at org.apache.hadoop.ozone.client.io.BlockOutputStreamEntryPool.allocateNewBlock(BlockOutputStreamEntryPool.java:259)
	at org.apache.hadoop.ozone.client.io.BlockOutputStreamEntryPool.allocateBlockIfNeeded(BlockOutputStreamEntryPool.java:307)
	at org.apache.hadoop.ozone.client.io.KeyOutputStream.handleWrite(KeyOutputStream.java:198)
	at org.apache.hadoop.ozone.client.io.KeyOutputStream.handleRetry(KeyOutputStream.java:375)
	at org.apache.hadoop.ozone.client.io.KeyOutputStream.handleException(KeyOutputStream.java:324)
	at org.apache.hadoop.ozone.client.io.KeyOutputStream.handleWrite(KeyOutputStream.java:228)
	at org.apache.hadoop.ozone.client.io.KeyOutputStream.write(KeyOutputStream.java:190)
	at org.apache.hadoop.ozone.client.io.OzoneOutputStream.write(OzoneOutputStream.java:49)
	at java.io.OutputStream.write(OutputStream.java:75)
	at org.apache.hadoop.ozone.client.rpc.TestMultiBlockWritesWithDnFailures.testMultiBlockWritesWithDnFailures(TestMultiBlockWritesWithDnFailures.java:123)
	at sun.reflect.NativeMethodAccessorImpl.invoke0(Native Method)
	at sun.reflect.NativeMethodAccessorImpl.invoke(NativeMethodAccessorImpl.java:62)
	at sun.reflect.DelegatingMethodAccessorImpl.invoke(DelegatingMethodAccessorImpl.java:43)
	at java.lang.reflect.Method.invoke(Method.java:498)
	at org.junit.runners.model.FrameworkMethod$1.runReflectiveCall(FrameworkMethod.java:47)
	at org.junit.internal.runners.model.ReflectiveCallable.run(ReflectiveCallable.java:12)
	at org.junit.runners.model.FrameworkMethod.invokeExplosively(FrameworkMethod.java:44)
	at org.junit.internal.runners.statements.InvokeMethod.evaluate(InvokeMethod.java:17)
	at org.junit.internal.runners.statements.RunAfters.evaluate(RunAfters.java:27)
	at org.junit.runners.ParentRunner.runLeaf(ParentRunner.java:271)
	at org.junit.runners.BlockJUnit4ClassRunner.runChild(BlockJUnit4ClassRunner.java:70)
	at org.junit.runners.BlockJUnit4ClassRunner.runChild(BlockJUnit4ClassRunner.java:50)
	at org.junit.runners.ParentRunner$3.run(ParentRunner.java:238)
	at org.junit.runners.ParentRunner$1.schedule(ParentRunner.java:63)
	at org.junit.runners.ParentRunner.runChildren(ParentRunner.java:236)
	at org.junit.runners.ParentRunner.access$000(ParentRunner.java:53)
	at org.junit.runners.ParentRunner$2.evaluate(ParentRunner.java:229)
	at org.junit.runners.ParentRunner.run(ParentRunner.java:309)
	at org.apache.maven.surefire.junit4.JUnit4Provider.execute(JUnit4Provider.java:365)
	at org.apache.maven.surefire.junit4.JUnit4Provider.executeWithRerun(JUnit4Provider.java:273)
	at org.apache.maven.surefire.junit4.JUnit4Provider.executeTestSet(JUnit4Provider.java:238)
	at org.apache.maven.surefire.junit4.JUnit4Provider.invoke(JUnit4Provider.java:159)
	at org.apache.maven.surefire.booter.ForkedBooter.invokeProviderInSameClassLoader(ForkedBooter.java:384)
	at org.apache.maven.surefire.booter.ForkedBooter.runSuitesInProcess(ForkedBooter.java:345)
	at org.apache.maven.surefire.booter.ForkedBooter.execute(ForkedBooter.java:126)
	at org.apache.maven.surefire.booter.ForkedBooter.main(ForkedBooter.java:418)
2019-11-15 20:29:56,703 [main] INFO  ozone.MiniOzoneClusterImpl (MiniOzoneClusterImpl.java:shutdown(352)) - Shutting down the Mini Ozone Cluster
2019-11-15 20:29:56,703 [main] INFO  ozone.MiniOzoneClusterImpl (MiniOzoneClusterImpl.java:stop(368)) - Stopping the Mini Ozone Cluster
2019-11-15 20:29:56,703 [main] INFO  ozone.MiniOzoneClusterImpl (MiniOzoneClusterImpl.java:stopOM(438)) - Stopping the OzoneManager
2019-11-15 20:29:56,703 [main] INFO  ipc.Server (Server.java:stop(3082)) - Stopping server on 36689
2019-11-15 20:29:56,715 [IPC Server listener on 36689] INFO  ipc.Server (Server.java:run(1185)) - Stopping IPC Server listener on 36689
2019-11-15 20:29:56,715 [main] INFO  ratis.OzoneManagerDoubleBuffer (OzoneManagerDoubleBuffer.java:stop(261)) - Stopping OMDoubleBuffer flush thread
2019-11-15 20:29:56,718 [IPC Server Responder] INFO  ipc.Server (Server.java:run(1319)) - Stopping IPC Server Responder
2019-11-15 20:29:56,726 [OMDoubleBufferFlushThread] INFO  ratis.OzoneManagerDoubleBuffer (OzoneManagerDoubleBuffer.java:flushTransactions(199)) - OMDoubleBuffer flush thread OMDoubleBufferFlushThread is interrupted and will exit. OMDoubleBufferFlushThread
2019-11-15 20:29:56,735 [main] INFO  utils.BackgroundService (BackgroundService.java:shutdown(151)) - Shutting down service KeyDeletingService
2019-11-15 20:29:56,736 [main] INFO  handler.ContextHandler (ContextHandler.java:doStop(910)) - Stopped o.e.j.w.WebAppContext@63300c4b{/,null,UNAVAILABLE}{/ozoneManager}
2019-11-15 20:29:56,737 [main] INFO  server.AbstractConnector (AbstractConnector.java:doStop(318)) - Stopped ServerConnector@22c53d82{HTTP/1.1,[http/1.1]}{0.0.0.0:0}
2019-11-15 20:29:56,737 [main] INFO  handler.ContextHandler (ContextHandler.java:doStop(910)) - Stopped o.e.j.s.ServletContextHandler@786ff1cb{/static,file:///workdir/hadoop-ozone/integration-test/target/test-classes/webapps/static,UNAVAILABLE}
2019-11-15 20:29:56,737 [main] INFO  handler.ContextHandler (ContextHandler.java:doStop(910)) - Stopped o.e.j.s.ServletContextHandler@76fe6cdc{/logs,file:///workdir/hadoop-ozone/integration-test/target/log,UNAVAILABLE}
2019-11-15 20:29:56,741 [main] INFO  ozone.MiniOzoneClusterImpl (MiniOzoneClusterImpl.java:stopDatanodes(415)) - Stopping the HddsDatanodes
2019-11-15 20:29:57,211 [Thread-1909] INFO  impl.FollowerState (FollowerState.java:run(111)) - 3276412b-a8eb-4e99-a9e7-479baf35f503@group-D7AB9962850E-FollowerState: change to CANDIDATE, lastRpcTime:1011ms, electionTimeout:1011ms
2019-11-15 20:29:57,211 [Thread-1909] INFO  impl.RoleInfo (RoleInfo.java:shutdownFollowerState(121)) - 3276412b-a8eb-4e99-a9e7-479baf35f503: shutdown FollowerState
2019-11-15 20:29:57,211 [Thread-1909] INFO  impl.RaftServerImpl (RaftServerImpl.java:setRole(173)) - 3276412b-a8eb-4e99-a9e7-479baf35f503@group-D7AB9962850E: changes role from  FOLLOWER to CANDIDATE at term 0 for changeToCandidate
2019-11-15 20:29:57,211 [Thread-1909] INFO  impl.RoleInfo (RoleInfo.java:updateAndGet(143)) - 3276412b-a8eb-4e99-a9e7-479baf35f503: start LeaderElection
2019-11-15 20:29:57,241 [3276412b-a8eb-4e99-a9e7-479baf35f503@group-D7AB9962850E-LeaderElection42] INFO  impl.LeaderElection (LeaderElection.java:askForVotes(178)) - 3276412b-a8eb-4e99-a9e7-479baf35f503@group-D7AB9962850E-LeaderElection42: begin an election at term 1 for -1: [3276412b-a8eb-4e99-a9e7-479baf35f503:192.168.157.201:46486, 0aaa2776-51af-4c10-a5a9-2fdcde9d3167:192.168.157.201:44120, 9cc1e37a-4716-4cf9-9175-b0181c43ba93:192.168.157.201:43898], old=null
2019-11-15 20:29:57,245 [grpc-default-executor-3] INFO  impl.RaftServerImpl (RaftServerImpl.java:setRole(173)) - 9cc1e37a-4716-4cf9-9175-b0181c43ba93@group-D7AB9962850E: changes role from  FOLLOWER to FOLLOWER at term 1 for recognizeCandidate:3276412b-a8eb-4e99-a9e7-479baf35f503
2019-11-15 20:29:57,245 [grpc-default-executor-4] INFO  impl.RaftServerImpl (RaftServerImpl.java:setRole(173)) - 0aaa2776-51af-4c10-a5a9-2fdcde9d3167@group-D7AB9962850E: changes role from  FOLLOWER to FOLLOWER at term 1 for recognizeCandidate:3276412b-a8eb-4e99-a9e7-479baf35f503
2019-11-15 20:29:57,246 [grpc-default-executor-4] INFO  impl.RoleInfo (RoleInfo.java:shutdownFollowerState(121)) - 0aaa2776-51af-4c10-a5a9-2fdcde9d3167: shutdown FollowerState
2019-11-15 20:29:57,246 [grpc-default-executor-3] INFO  impl.RoleInfo (RoleInfo.java:shutdownFollowerState(121)) - 9cc1e37a-4716-4cf9-9175-b0181c43ba93: shutdown FollowerState
2019-11-15 20:29:57,246 [grpc-default-executor-4] INFO  impl.RoleInfo (RoleInfo.java:updateAndGet(143)) - 0aaa2776-51af-4c10-a5a9-2fdcde9d3167: start FollowerState
2019-11-15 20:29:57,246 [Thread-1914] INFO  impl.FollowerState (FollowerState.java:run(120)) - 0aaa2776-51af-4c10-a5a9-2fdcde9d3167@group-D7AB9962850E-FollowerState was interrupted: java.lang.InterruptedException: sleep interrupted
2019-11-15 20:29:57,246 [Thread-1913] INFO  impl.FollowerState (FollowerState.java:run(120)) - 9cc1e37a-4716-4cf9-9175-b0181c43ba93@group-D7AB9962850E-FollowerState was interrupted: java.lang.InterruptedException: sleep interrupted
2019-11-15 20:29:57,246 [grpc-default-executor-3] INFO  impl.RoleInfo (RoleInfo.java:updateAndGet(143)) - 9cc1e37a-4716-4cf9-9175-b0181c43ba93: start FollowerState
2019-11-15 20:29:57,267 [3276412b-a8eb-4e99-a9e7-479baf35f503@group-D7AB9962850E-LeaderElection42] INFO  impl.LeaderElection (LeaderElection.java:logAndReturn(56)) - 3276412b-a8eb-4e99-a9e7-479baf35f503@group-D7AB9962850E-LeaderElection42: Election PASSED; received 1 response(s) [3276412b-a8eb-4e99-a9e7-479baf35f503<-9cc1e37a-4716-4cf9-9175-b0181c43ba93#0:OK-t1] and 0 exception(s); 3276412b-a8eb-4e99-a9e7-479baf35f503@group-D7AB9962850E:t1, leader=null, voted=3276412b-a8eb-4e99-a9e7-479baf35f503, raftlog=3276412b-a8eb-4e99-a9e7-479baf35f503@group-D7AB9962850E-SegmentedRaftLog:OPENED:c-1,f-1,i0, conf=-1: [3276412b-a8eb-4e99-a9e7-479baf35f503:192.168.157.201:46486, 0aaa2776-51af-4c10-a5a9-2fdcde9d3167:192.168.157.201:44120, 9cc1e37a-4716-4cf9-9175-b0181c43ba93:192.168.157.201:43898], old=null
2019-11-15 20:29:57,267 [3276412b-a8eb-4e99-a9e7-479baf35f503@group-D7AB9962850E-LeaderElection42] INFO  impl.RoleInfo (RoleInfo.java:shutdownLeaderElection(134)) - 3276412b-a8eb-4e99-a9e7-479baf35f503: shutdown LeaderElection
2019-11-15 20:29:57,268 [3276412b-a8eb-4e99-a9e7-479baf35f503@group-D7AB9962850E-LeaderElection42] INFO  impl.RaftServerImpl (RaftServerImpl.java:setRole(173)) - 3276412b-a8eb-4e99-a9e7-479baf35f503@group-D7AB9962850E: changes role from CANDIDATE to LEADER at term 1 for changeToLeader
2019-11-15 20:29:57,268 [3276412b-a8eb-4e99-a9e7-479baf35f503@group-D7AB9962850E-LeaderElection42] INFO  ratis.XceiverServerRatis (XceiverServerRatis.java:handleLeaderChangedNotification(697)) - Leader change notification received for group: group-D7AB9962850E with new leaderId: 3276412b-a8eb-4e99-a9e7-479baf35f503
2019-11-15 20:29:57,268 [3276412b-a8eb-4e99-a9e7-479baf35f503@group-D7AB9962850E-LeaderElection42] INFO  impl.RaftServerImpl (ServerState.java:setLeader(255)) - 3276412b-a8eb-4e99-a9e7-479baf35f503@group-D7AB9962850E: change Leader from null to 3276412b-a8eb-4e99-a9e7-479baf35f503 at term 1 for becomeLeader, leader elected after 1072ms
2019-11-15 20:29:57,268 [3276412b-a8eb-4e99-a9e7-479baf35f503@group-D7AB9962850E-LeaderElection42] INFO  server.RaftServerConfigKeys (ConfUtils.java:logGet(43)) - raft.server.staging.catchup.gap = 1000 (default)
2019-11-15 20:29:57,268 [3276412b-a8eb-4e99-a9e7-479baf35f503@group-D7AB9962850E-LeaderElection42] INFO  server.RaftServerConfigKeys (ConfUtils.java:logGet(43)) - raft.server.rpc.sleep.time = 25ms (default)
2019-11-15 20:29:57,268 [3276412b-a8eb-4e99-a9e7-479baf35f503@group-D7AB9962850E-LeaderElection42] INFO  server.RaftServerConfigKeys (ConfUtils.java:logGet(43)) - raft.server.write.element-limit = 4096 (default)
2019-11-15 20:29:57,268 [3276412b-a8eb-4e99-a9e7-479baf35f503@group-D7AB9962850E-LeaderElection42] INFO  server.RaftServerConfigKeys (ConfUtils.java:logGet(43)) - raft.server.watch.timeout = 10s (default)
2019-11-15 20:29:57,268 [3276412b-a8eb-4e99-a9e7-479baf35f503@group-D7AB9962850E-LeaderElection42] INFO  server.RaftServerConfigKeys (ConfUtils.java:logGet(43)) - raft.server.watch.timeout.denomination = 1s (default)
2019-11-15 20:29:57,268 [3276412b-a8eb-4e99-a9e7-479baf35f503@group-D7AB9962850E-LeaderElection42] INFO  server.RaftServerConfigKeys (ConfUtils.java:logGet(43)) - raft.server.watch.element-limit = 65536 (default)
2019-11-15 20:29:57,268 [3276412b-a8eb-4e99-a9e7-479baf35f503@group-D7AB9962850E-LeaderElection42] INFO  server.RaftServerConfigKeys (ConfUtils.java:logGet(43)) - raft.server.log.appender.snapshot.chunk.size.max = 16MB (=16777216) (default)
2019-11-15 20:29:57,268 [EventQueue-PipelineReportForPipelineReportHandler] INFO  pipeline.PipelineStateManager (PipelineStateManager.java:openPipeline(134)) - Pipeline Pipeline[ Id: b04fd786-e035-4e7f-be01-d7ab9962850e, Nodes: 3276412b-a8eb-4e99-a9e7-479baf35f503{ip: 192.168.157.201, host: pr-hdds-2514-unusedmethodparam-9qkq7-1267773169, networkLocation: /default-rack, certSerialId: null}9cc1e37a-4716-4cf9-9175-b0181c43ba93{ip: 192.168.157.201, host: pr-hdds-2514-unusedmethodparam-9qkq7-1267773169, networkLocation: /default-rack, certSerialId: null}0aaa2776-51af-4c10-a5a9-2fdcde9d3167{ip: 192.168.157.201, host: pr-hdds-2514-unusedmethodparam-9qkq7-1267773169, networkLocation: /default-rack, certSerialId: null}, Type:RATIS, Factor:THREE, State:OPEN] moved to OPEN state
2019-11-15 20:29:57,269 [3276412b-a8eb-4e99-a9e7-479baf35f503@group-D7AB9962850E-LeaderElection42] INFO  server.RaftServerConfigKeys (ConfUtils.java:logGet(43)) - raft.server.log.appender.buffer.byte-limit = 33554432 (custom)
2019-11-15 20:29:57,270 [3276412b-a8eb-4e99-a9e7-479baf35f503@group-D7AB9962850E-LeaderElection42] INFO  server.RaftServerConfigKeys (ConfUtils.java:logGet(43)) - raft.server.log.appender.buffer.element-limit = 1 (custom)
2019-11-15 20:29:57,270 [3276412b-a8eb-4e99-a9e7-479baf35f503@group-D7AB9962850E-LeaderElection42] INFO  grpc.GrpcConfigKeys$Server (ConfUtils.java:logGet(43)) - raft.grpc.server.leader.outstanding.appends.max = 128 (default)
2019-11-15 20:29:57,270 [3276412b-a8eb-4e99-a9e7-479baf35f503@group-D7AB9962850E-LeaderElection42] INFO  server.RaftServerConfigKeys (ConfUtils.java:logGet(43)) - raft.server.rpc.request.timeout = 3000ms (default)
2019-11-15 20:29:57,270 [3276412b-a8eb-4e99-a9e7-479baf35f503@group-D7AB9962850E-LeaderElection42] INFO  server.RaftServerConfigKeys (ConfUtils.java:logGet(43)) - raft.server.log.appender.install.snapshot.enabled = false (custom)
2019-11-15 20:29:57,270 [3276412b-a8eb-4e99-a9e7-479baf35f503@group-D7AB9962850E-LeaderElection42] WARN  impl.MetricRegistriesImpl (MetricRegistriesImpl.java:lambda$create$1(61)) - First MetricRegistry has been created without registering reporters. You may need to call MetricRegistries.global().addReportRegistration(...) before.
2019-11-15 20:29:57,271 [3276412b-a8eb-4e99-a9e7-479baf35f503@group-D7AB9962850E-LeaderElection42] INFO  server.RaftServerConfigKeys (ConfUtils.java:logGet(43)) - raft.server.log.appender.snapshot.chunk.size.max = 16MB (=16777216) (default)
2019-11-15 20:29:57,271 [3276412b-a8eb-4e99-a9e7-479baf35f503@group-D7AB9962850E-LeaderElection42] INFO  server.RaftServerConfigKeys (ConfUtils.java:logGet(43)) - raft.server.log.appender.buffer.byte-limit = 33554432 (custom)
2019-11-15 20:29:57,271 [3276412b-a8eb-4e99-a9e7-479baf35f503@group-D7AB9962850E-LeaderElection42] INFO  server.RaftServerConfigKeys (ConfUtils.java:logGet(43)) - raft.server.log.appender.buffer.element-limit = 1 (custom)
2019-11-15 20:29:57,271 [3276412b-a8eb-4e99-a9e7-479baf35f503@group-D7AB9962850E-LeaderElection42] INFO  grpc.GrpcConfigKeys$Server (ConfUtils.java:logGet(43)) - raft.grpc.server.leader.outstanding.appends.max = 128 (default)
2019-11-15 20:29:57,271 [3276412b-a8eb-4e99-a9e7-479baf35f503@group-D7AB9962850E-LeaderElection42] INFO  server.RaftServerConfigKeys (ConfUtils.java:logGet(43)) - raft.server.rpc.request.timeout = 3000ms (default)
2019-11-15 20:29:57,271 [3276412b-a8eb-4e99-a9e7-479baf35f503@group-D7AB9962850E-LeaderElection42] INFO  server.RaftServerConfigKeys (ConfUtils.java:logGet(43)) - raft.server.log.appender.install.snapshot.enabled = false (custom)
2019-11-15 20:29:57,272 [3276412b-a8eb-4e99-a9e7-479baf35f503@group-D7AB9962850E-LeaderElection42] INFO  impl.RoleInfo (RoleInfo.java:updateAndGet(143)) - 3276412b-a8eb-4e99-a9e7-479baf35f503: start LeaderState
2019-11-15 20:29:57,272 [3276412b-a8eb-4e99-a9e7-479baf35f503@group-D7AB9962850E-LeaderElection42] INFO  segmented.SegmentedRaftLogWorker (SegmentedRaftLogWorker.java:startLogSegment(385)) - 3276412b-a8eb-4e99-a9e7-479baf35f503@group-D7AB9962850E-SegmentedRaftLogWorker: Starting segment from index:0
2019-11-15 20:29:57,272 [3276412b-a8eb-4e99-a9e7-479baf35f503@group-D7AB9962850E-LeaderElection42] INFO  impl.RaftServerImpl (ServerState.java:setRaftConf(356)) - 3276412b-a8eb-4e99-a9e7-479baf35f503@group-D7AB9962850E: set configuration 0: [3276412b-a8eb-4e99-a9e7-479baf35f503:192.168.157.201:46486, 0aaa2776-51af-4c10-a5a9-2fdcde9d3167:192.168.157.201:44120, 9cc1e37a-4716-4cf9-9175-b0181c43ba93:192.168.157.201:43898], old=null at 0
2019-11-15 20:29:57,274 [grpc-default-executor-3] INFO  ratis.XceiverServerRatis (XceiverServerRatis.java:handleLeaderChangedNotification(697)) - Leader change notification received for group: group-D7AB9962850E with new leaderId: 3276412b-a8eb-4e99-a9e7-479baf35f503
2019-11-15 20:29:57,276 [grpc-default-executor-3] INFO  impl.RaftServerImpl (ServerState.java:setLeader(255)) - 9cc1e37a-4716-4cf9-9175-b0181c43ba93@group-D7AB9962850E: change Leader from null to 3276412b-a8eb-4e99-a9e7-479baf35f503 at term 1 for appendEntries, leader elected after 1078ms
2019-11-15 20:29:57,276 [grpc-default-executor-4] INFO  ratis.XceiverServerRatis (XceiverServerRatis.java:handleLeaderChangedNotification(697)) - Leader change notification received for group: group-D7AB9962850E with new leaderId: 3276412b-a8eb-4e99-a9e7-479baf35f503
2019-11-15 20:29:57,276 [grpc-default-executor-4] INFO  impl.RaftServerImpl (ServerState.java:setLeader(255)) - 0aaa2776-51af-4c10-a5a9-2fdcde9d3167@group-D7AB9962850E: change Leader from null to 3276412b-a8eb-4e99-a9e7-479baf35f503 at term 1 for appendEntries, leader elected after 1079ms
2019-11-15 20:29:57,299 [Thread-1903] INFO  impl.FollowerState (FollowerState.java:run(111)) - 47ad85fd-142d-4fcb-95da-99123aa57c3f@group-42490AFFC987-FollowerState: change to CANDIDATE, lastRpcTime:1147ms, electionTimeout:1135ms
2019-11-15 20:29:57,300 [Thread-1903] INFO  impl.RoleInfo (RoleInfo.java:shutdownFollowerState(121)) - 47ad85fd-142d-4fcb-95da-99123aa57c3f: shutdown FollowerState
2019-11-15 20:29:57,300 [Thread-1903] INFO  impl.RaftServerImpl (RaftServerImpl.java:setRole(173)) - 47ad85fd-142d-4fcb-95da-99123aa57c3f@group-42490AFFC987: changes role from  FOLLOWER to CANDIDATE at term 0 for changeToCandidate
2019-11-15 20:29:57,301 [Thread-1903] INFO  impl.RoleInfo (RoleInfo.java:updateAndGet(143)) - 47ad85fd-142d-4fcb-95da-99123aa57c3f: start LeaderElection
2019-11-15 20:29:57,305 [grpc-default-executor-4] INFO  impl.RaftServerImpl (ServerState.java:setRaftConf(356)) - 9cc1e37a-4716-4cf9-9175-b0181c43ba93@group-D7AB9962850E: set configuration 0: [3276412b-a8eb-4e99-a9e7-479baf35f503:192.168.157.201:46486, 0aaa2776-51af-4c10-a5a9-2fdcde9d3167:192.168.157.201:44120, 9cc1e37a-4716-4cf9-9175-b0181c43ba93:192.168.157.201:43898], old=null at 0
2019-11-15 20:29:57,306 [grpc-default-executor-4] INFO  segmented.SegmentedRaftLogWorker (SegmentedRaftLogWorker.java:startLogSegment(385)) - 9cc1e37a-4716-4cf9-9175-b0181c43ba93@group-D7AB9962850E-SegmentedRaftLogWorker: Starting segment from index:0
2019-11-15 20:29:57,306 [grpc-default-executor-3] INFO  impl.RaftServerImpl (ServerState.java:setRaftConf(356)) - 0aaa2776-51af-4c10-a5a9-2fdcde9d3167@group-D7AB9962850E: set configuration 0: [3276412b-a8eb-4e99-a9e7-479baf35f503:192.168.157.201:46486, 0aaa2776-51af-4c10-a5a9-2fdcde9d3167:192.168.157.201:44120, 9cc1e37a-4716-4cf9-9175-b0181c43ba93:192.168.157.201:43898], old=null at 0
2019-11-15 20:29:57,306 [grpc-default-executor-3] INFO  segmented.SegmentedRaftLogWorker (SegmentedRaftLogWorker.java:startLogSegment(385)) - 0aaa2776-51af-4c10-a5a9-2fdcde9d3167@group-D7AB9962850E-SegmentedRaftLogWorker: Starting segment from index:0
2019-11-15 20:29:57,326 [3276412b-a8eb-4e99-a9e7-479baf35f503@group-D7AB9962850E-SegmentedRaftLogWorker] INFO  segmented.SegmentedRaftLogWorker (SegmentedRaftLogWorker.java:execute(576)) - 3276412b-a8eb-4e99-a9e7-479baf35f503@group-D7AB9962850E-SegmentedRaftLogWorker: created new log segment /workdir/hadoop-ozone/integration-test/target/test-dir/MiniOzoneClusterImpl-383ae012-405b-46cc-a485-9d9df1ba09bf/datanode-4/data/ratis/b04fd786-e035-4e7f-be01-d7ab9962850e/current/log_inprogress_0
2019-11-15 20:29:57,326 [47ad85fd-142d-4fcb-95da-99123aa57c3f@group-42490AFFC987-LeaderElection43] INFO  impl.LeaderElection (LeaderElection.java:askForVotes(178)) - 47ad85fd-142d-4fcb-95da-99123aa57c3f@group-42490AFFC987-LeaderElection43: begin an election at term 1 for -1: [8a1675e0-6aea-4c3b-8be7-5ae20a1ca49e:192.168.157.201:42325, 0a519b4d-4b4e-4277-8a94-337d2dc88e84:192.168.157.201:36611, 47ad85fd-142d-4fcb-95da-99123aa57c3f:192.168.157.201:35088], old=null
2019-11-15 20:29:57,345 [grpc-default-executor-4] INFO  impl.RaftServerImpl (RaftServerImpl.java:setRole(173)) - 0a519b4d-4b4e-4277-8a94-337d2dc88e84@group-42490AFFC987: changes role from  FOLLOWER to FOLLOWER at term 1 for recognizeCandidate:47ad85fd-142d-4fcb-95da-99123aa57c3f
2019-11-15 20:29:57,345 [grpc-default-executor-4] INFO  impl.RoleInfo (RoleInfo.java:shutdownFollowerState(121)) - 0a519b4d-4b4e-4277-8a94-337d2dc88e84: shutdown FollowerState
2019-11-15 20:29:57,345 [grpc-default-executor-3] INFO  impl.RaftServerImpl (RaftServerImpl.java:setRole(173)) - 8a1675e0-6aea-4c3b-8be7-5ae20a1ca49e@group-42490AFFC987: changes role from  FOLLOWER to FOLLOWER at term 1 for recognizeCandidate:47ad85fd-142d-4fcb-95da-99123aa57c3f
2019-11-15 20:29:57,345 [grpc-default-executor-4] INFO  impl.RoleInfo (RoleInfo.java:updateAndGet(143)) - 0a519b4d-4b4e-4277-8a94-337d2dc88e84: start FollowerState
2019-11-15 20:29:57,346 [Thread-1901] INFO  impl.FollowerState (FollowerState.java:run(120)) - 0a519b4d-4b4e-4277-8a94-337d2dc88e84@group-42490AFFC987-FollowerState was interrupted: java.lang.InterruptedException: sleep interrupted
2019-11-15 20:29:57,346 [grpc-default-executor-3] INFO  impl.RoleInfo (RoleInfo.java:shutdownFollowerState(121)) - 8a1675e0-6aea-4c3b-8be7-5ae20a1ca49e: shutdown FollowerState
2019-11-15 20:29:57,347 [grpc-default-executor-3] INFO  impl.RoleInfo (RoleInfo.java:updateAndGet(143)) - 8a1675e0-6aea-4c3b-8be7-5ae20a1ca49e: start FollowerState
2019-11-15 20:29:57,347 [Thread-1905] INFO  impl.FollowerState (FollowerState.java:run(120)) - 8a1675e0-6aea-4c3b-8be7-5ae20a1ca49e@group-42490AFFC987-FollowerState was interrupted: java.lang.InterruptedException: sleep interrupted
2019-11-15 20:29:57,370 [9cc1e37a-4716-4cf9-9175-b0181c43ba93@group-D7AB9962850E-SegmentedRaftLogWorker] INFO  segmented.SegmentedRaftLogWorker (SegmentedRaftLogWorker.java:execute(576)) - 9cc1e37a-4716-4cf9-9175-b0181c43ba93@group-D7AB9962850E-SegmentedRaftLogWorker: created new log segment /workdir/hadoop-ozone/integration-test/target/test-dir/MiniOzoneClusterImpl-383ae012-405b-46cc-a485-9d9df1ba09bf/datanode-0/data/ratis/b04fd786-e035-4e7f-be01-d7ab9962850e/current/log_inprogress_0
2019-11-15 20:29:57,370 [0aaa2776-51af-4c10-a5a9-2fdcde9d3167@group-D7AB9962850E-SegmentedRaftLogWorker] INFO  segmented.SegmentedRaftLogWorker (SegmentedRaftLogWorker.java:execute(576)) - 0aaa2776-51af-4c10-a5a9-2fdcde9d3167@group-D7AB9962850E-SegmentedRaftLogWorker: created new log segment /workdir/hadoop-ozone/integration-test/target/test-dir/MiniOzoneClusterImpl-383ae012-405b-46cc-a485-9d9df1ba09bf/datanode-5/data/ratis/b04fd786-e035-4e7f-be01-d7ab9962850e/current/log_inprogress_0
2019-11-15 20:29:57,371 [47ad85fd-142d-4fcb-95da-99123aa57c3f@group-42490AFFC987-LeaderElection43] INFO  impl.LeaderElection (LeaderElection.java:logAndReturn(56)) - 47ad85fd-142d-4fcb-95da-99123aa57c3f@group-42490AFFC987-LeaderElection43: Election PASSED; received 1 response(s) [47ad85fd-142d-4fcb-95da-99123aa57c3f<-8a1675e0-6aea-4c3b-8be7-5ae20a1ca49e#0:OK-t1] and 0 exception(s); 47ad85fd-142d-4fcb-95da-99123aa57c3f@group-42490AFFC987:t1, leader=null, voted=47ad85fd-142d-4fcb-95da-99123aa57c3f, raftlog=47ad85fd-142d-4fcb-95da-99123aa57c3f@group-42490AFFC987-SegmentedRaftLog:OPENED:c-1,f-1,i0, conf=-1: [8a1675e0-6aea-4c3b-8be7-5ae20a1ca49e:192.168.157.201:42325, 0a519b4d-4b4e-4277-8a94-337d2dc88e84:192.168.157.201:36611, 47ad85fd-142d-4fcb-95da-99123aa57c3f:192.168.157.201:35088], old=null
2019-11-15 20:29:57,371 [47ad85fd-142d-4fcb-95da-99123aa57c3f@group-42490AFFC987-LeaderElection43] INFO  impl.RoleInfo (RoleInfo.java:shutdownLeaderElection(134)) - 47ad85fd-142d-4fcb-95da-99123aa57c3f: shutdown LeaderElection
2019-11-15 20:29:57,371 [47ad85fd-142d-4fcb-95da-99123aa57c3f@group-42490AFFC987-LeaderElection43] INFO  impl.RaftServerImpl (RaftServerImpl.java:setRole(173)) - 47ad85fd-142d-4fcb-95da-99123aa57c3f@group-42490AFFC987: changes role from CANDIDATE to LEADER at term 1 for changeToLeader
2019-11-15 20:29:57,371 [47ad85fd-142d-4fcb-95da-99123aa57c3f@group-42490AFFC987-LeaderElection43] INFO  ratis.XceiverServerRatis (XceiverServerRatis.java:handleLeaderChangedNotification(697)) - Leader change notification received for group: group-42490AFFC987 with new leaderId: 47ad85fd-142d-4fcb-95da-99123aa57c3f
2019-11-15 20:29:57,371 [47ad85fd-142d-4fcb-95da-99123aa57c3f@group-42490AFFC987-LeaderElection43] INFO  impl.RaftServerImpl (ServerState.java:setLeader(255)) - 47ad85fd-142d-4fcb-95da-99123aa57c3f@group-42490AFFC987: change Leader from null to 47ad85fd-142d-4fcb-95da-99123aa57c3f at term 1 for becomeLeader, leader elected after 1226ms
2019-11-15 20:29:57,371 [47ad85fd-142d-4fcb-95da-99123aa57c3f@group-42490AFFC987-LeaderElection43] INFO  server.RaftServerConfigKeys (ConfUtils.java:logGet(43)) - raft.server.staging.catchup.gap = 1000 (default)
2019-11-15 20:29:57,371 [47ad85fd-142d-4fcb-95da-99123aa57c3f@group-42490AFFC987-LeaderElection43] INFO  server.RaftServerConfigKeys (ConfUtils.java:logGet(43)) - raft.server.rpc.sleep.time = 25ms (default)
2019-11-15 20:29:57,371 [47ad85fd-142d-4fcb-95da-99123aa57c3f@group-42490AFFC987-LeaderElection43] INFO  server.RaftServerConfigKeys (ConfUtils.java:logGet(43)) - raft.server.write.element-limit = 4096 (default)
2019-11-15 20:29:57,371 [47ad85fd-142d-4fcb-95da-99123aa57c3f@group-42490AFFC987-LeaderElection43] INFO  server.RaftServerConfigKeys (ConfUtils.java:logGet(43)) - raft.server.watch.timeout = 10s (default)
2019-11-15 20:29:57,372 [47ad85fd-142d-4fcb-95da-99123aa57c3f@group-42490AFFC987-LeaderElection43] INFO  server.RaftServerConfigKeys (ConfUtils.java:logGet(43)) - raft.server.watch.timeout.denomination = 1s (default)
2019-11-15 20:29:57,372 [47ad85fd-142d-4fcb-95da-99123aa57c3f@group-42490AFFC987-LeaderElection43] INFO  server.RaftServerConfigKeys (ConfUtils.java:logGet(43)) - raft.server.watch.element-limit = 65536 (default)
2019-11-15 20:29:57,372 [47ad85fd-142d-4fcb-95da-99123aa57c3f@group-42490AFFC987-LeaderElection43] INFO  server.RaftServerConfigKeys (ConfUtils.java:logGet(43)) - raft.server.log.appender.snapshot.chunk.size.max = 16MB (=16777216) (default)
2019-11-15 20:29:57,372 [47ad85fd-142d-4fcb-95da-99123aa57c3f@group-42490AFFC987-LeaderElection43] INFO  server.RaftServerConfigKeys (ConfUtils.java:logGet(43)) - raft.server.log.appender.buffer.byte-limit = 33554432 (custom)
2019-11-15 20:29:57,372 [47ad85fd-142d-4fcb-95da-99123aa57c3f@group-42490AFFC987-LeaderElection43] INFO  server.RaftServerConfigKeys (ConfUtils.java:logGet(43)) - raft.server.log.appender.buffer.element-limit = 1 (custom)
2019-11-15 20:29:57,372 [EventQueue-PipelineReportForPipelineReportHandler] INFO  pipeline.PipelineStateManager (PipelineStateManager.java:openPipeline(134)) - Pipeline Pipeline[ Id: 580c0e74-6b62-46e3-ac9c-42490affc987, Nodes: 8a1675e0-6aea-4c3b-8be7-5ae20a1ca49e{ip: 192.168.157.201, host: pr-hdds-2514-unusedmethodparam-9qkq7-1267773169, networkLocation: /default-rack, certSerialId: null}0a519b4d-4b4e-4277-8a94-337d2dc88e84{ip: 192.168.157.201, host: pr-hdds-2514-unusedmethodparam-9qkq7-1267773169, networkLocation: /default-rack, certSerialId: null}47ad85fd-142d-4fcb-95da-99123aa57c3f{ip: 192.168.157.201, host: pr-hdds-2514-unusedmethodparam-9qkq7-1267773169, networkLocation: /default-rack, certSerialId: null}, Type:RATIS, Factor:THREE, State:OPEN] moved to OPEN state
2019-11-15 20:29:57,373 [47ad85fd-142d-4fcb-95da-99123aa57c3f@group-42490AFFC987-LeaderElection43] INFO  grpc.GrpcConfigKeys$Server (ConfUtils.java:logGet(43)) - raft.grpc.server.leader.outstanding.appends.max = 128 (default)
2019-11-15 20:29:57,374 [47ad85fd-142d-4fcb-95da-99123aa57c3f@group-42490AFFC987-LeaderElection43] INFO  server.RaftServerConfigKeys (ConfUtils.java:logGet(43)) - raft.server.rpc.request.timeout = 3000ms (default)
2019-11-15 20:29:57,374 [47ad85fd-142d-4fcb-95da-99123aa57c3f@group-42490AFFC987-LeaderElection43] INFO  server.RaftServerConfigKeys (ConfUtils.java:logGet(43)) - raft.server.log.appender.install.snapshot.enabled = false (custom)
2019-11-15 20:29:57,374 [47ad85fd-142d-4fcb-95da-99123aa57c3f@group-42490AFFC987-LeaderElection43] WARN  impl.MetricRegistriesImpl (MetricRegistriesImpl.java:lambda$create$1(61)) - First MetricRegistry has been created without registering reporters. You may need to call MetricRegistries.global().addReportRegistration(...) before.
2019-11-15 20:29:57,374 [47ad85fd-142d-4fcb-95da-99123aa57c3f@group-42490AFFC987-LeaderElection43] INFO  server.RaftServerConfigKeys (ConfUtils.java:logGet(43)) - raft.server.log.appender.snapshot.chunk.size.max = 16MB (=16777216) (default)
2019-11-15 20:29:57,374 [47ad85fd-142d-4fcb-95da-99123aa57c3f@group-42490AFFC987-LeaderElection43] INFO  server.RaftServerConfigKeys (ConfUtils.java:logGet(43)) - raft.server.log.appender.buffer.byte-limit = 33554432 (custom)
2019-11-15 20:29:57,374 [47ad85fd-142d-4fcb-95da-99123aa57c3f@group-42490AFFC987-LeaderElection43] INFO  server.RaftServerConfigKeys (ConfUtils.java:logGet(43)) - raft.server.log.appender.buffer.element-limit = 1 (custom)
2019-11-15 20:29:57,374 [47ad85fd-142d-4fcb-95da-99123aa57c3f@group-42490AFFC987-LeaderElection43] INFO  grpc.GrpcConfigKeys$Server (ConfUtils.java:logGet(43)) - raft.grpc.server.leader.outstanding.appends.max = 128 (default)
2019-11-15 20:29:57,374 [47ad85fd-142d-4fcb-95da-99123aa57c3f@group-42490AFFC987-LeaderElection43] INFO  server.RaftServerConfigKeys (ConfUtils.java:logGet(43)) - raft.server.rpc.request.timeout = 3000ms (default)
2019-11-15 20:29:57,374 [47ad85fd-142d-4fcb-95da-99123aa57c3f@group-42490AFFC987-LeaderElection43] INFO  server.RaftServerConfigKeys (ConfUtils.java:logGet(43)) - raft.server.log.appender.install.snapshot.enabled = false (custom)
2019-11-15 20:29:57,374 [47ad85fd-142d-4fcb-95da-99123aa57c3f@group-42490AFFC987-LeaderElection43] INFO  impl.RoleInfo (RoleInfo.java:updateAndGet(143)) - 47ad85fd-142d-4fcb-95da-99123aa57c3f: start LeaderState
2019-11-15 20:29:57,375 [47ad85fd-142d-4fcb-95da-99123aa57c3f@group-42490AFFC987-LeaderElection43] INFO  segmented.SegmentedRaftLogWorker (SegmentedRaftLogWorker.java:startLogSegment(385)) - 47ad85fd-142d-4fcb-95da-99123aa57c3f@group-42490AFFC987-SegmentedRaftLogWorker: Starting segment from index:0
2019-11-15 20:29:57,375 [47ad85fd-142d-4fcb-95da-99123aa57c3f@group-42490AFFC987-LeaderElection43] INFO  impl.RaftServerImpl (ServerState.java:setRaftConf(356)) - 47ad85fd-142d-4fcb-95da-99123aa57c3f@group-42490AFFC987: set configuration 0: [8a1675e0-6aea-4c3b-8be7-5ae20a1ca49e:192.168.157.201:42325, 0a519b4d-4b4e-4277-8a94-337d2dc88e84:192.168.157.201:36611, 47ad85fd-142d-4fcb-95da-99123aa57c3f:192.168.157.201:35088], old=null at 0
2019-11-15 20:29:57,404 [grpc-default-executor-3] INFO  ratis.XceiverServerRatis (XceiverServerRatis.java:handleLeaderChangedNotification(697)) - Leader change notification received for group: group-42490AFFC987 with new leaderId: 47ad85fd-142d-4fcb-95da-99123aa57c3f
2019-11-15 20:29:57,405 [grpc-default-executor-4] INFO  ratis.XceiverServerRatis (XceiverServerRatis.java:handleLeaderChangedNotification(697)) - Leader change notification received for group: group-42490AFFC987 with new leaderId: 47ad85fd-142d-4fcb-95da-99123aa57c3f
2019-11-15 20:29:57,405 [grpc-default-executor-3] INFO  impl.RaftServerImpl (ServerState.java:setLeader(255)) - 0a519b4d-4b4e-4277-8a94-337d2dc88e84@group-42490AFFC987: change Leader from null to 47ad85fd-142d-4fcb-95da-99123aa57c3f at term 1 for appendEntries, leader elected after 1259ms
2019-11-15 20:29:57,405 [grpc-default-executor-4] INFO  impl.RaftServerImpl (ServerState.java:setLeader(255)) - 8a1675e0-6aea-4c3b-8be7-5ae20a1ca49e@group-42490AFFC987: change Leader from null to 47ad85fd-142d-4fcb-95da-99123aa57c3f at term 1 for appendEntries, leader elected after 1260ms
2019-11-15 20:29:57,411 [grpc-default-executor-3] INFO  impl.RaftServerImpl (ServerState.java:setRaftConf(356)) - 8a1675e0-6aea-4c3b-8be7-5ae20a1ca49e@group-42490AFFC987: set configuration 0: [8a1675e0-6aea-4c3b-8be7-5ae20a1ca49e:192.168.157.201:42325, 0a519b4d-4b4e-4277-8a94-337d2dc88e84:192.168.157.201:36611, 47ad85fd-142d-4fcb-95da-99123aa57c3f:192.168.157.201:35088], old=null at 0
2019-11-15 20:29:57,411 [grpc-default-executor-3] INFO  segmented.SegmentedRaftLogWorker (SegmentedRaftLogWorker.java:startLogSegment(385)) - 8a1675e0-6aea-4c3b-8be7-5ae20a1ca49e@group-42490AFFC987-SegmentedRaftLogWorker: Starting segment from index:0
2019-11-15 20:29:57,411 [grpc-default-executor-4] INFO  impl.RaftServerImpl (ServerState.java:setRaftConf(356)) - 0a519b4d-4b4e-4277-8a94-337d2dc88e84@group-42490AFFC987: set configuration 0: [8a1675e0-6aea-4c3b-8be7-5ae20a1ca49e:192.168.157.201:42325, 0a519b4d-4b4e-4277-8a94-337d2dc88e84:192.168.157.201:36611, 47ad85fd-142d-4fcb-95da-99123aa57c3f:192.168.157.201:35088], old=null at 0
2019-11-15 20:29:57,412 [grpc-default-executor-4] INFO  segmented.SegmentedRaftLogWorker (SegmentedRaftLogWorker.java:startLogSegment(385)) - 0a519b4d-4b4e-4277-8a94-337d2dc88e84@group-42490AFFC987-SegmentedRaftLogWorker: Starting segment from index:0
2019-11-15 20:29:57,429 [47ad85fd-142d-4fcb-95da-99123aa57c3f@group-42490AFFC987-SegmentedRaftLogWorker] INFO  segmented.SegmentedRaftLogWorker (SegmentedRaftLogWorker.java:execute(576)) - 47ad85fd-142d-4fcb-95da-99123aa57c3f@group-42490AFFC987-SegmentedRaftLogWorker: created new log segment /workdir/hadoop-ozone/integration-test/target/test-dir/MiniOzoneClusterImpl-383ae012-405b-46cc-a485-9d9df1ba09bf/datanode-2/data/ratis/580c0e74-6b62-46e3-ac9c-42490affc987/current/log_inprogress_0
2019-11-15 20:29:57,454 [0a519b4d-4b4e-4277-8a94-337d2dc88e84@group-42490AFFC987-SegmentedRaftLogWorker] INFO  segmented.SegmentedRaftLogWorker (SegmentedRaftLogWorker.java:execute(576)) - 0a519b4d-4b4e-4277-8a94-337d2dc88e84@group-42490AFFC987-SegmentedRaftLogWorker: created new log segment /workdir/hadoop-ozone/integration-test/target/test-dir/MiniOzoneClusterImpl-383ae012-405b-46cc-a485-9d9df1ba09bf/datanode-3/data/ratis/580c0e74-6b62-46e3-ac9c-42490affc987/current/log_inprogress_0
2019-11-15 20:29:57,454 [8a1675e0-6aea-4c3b-8be7-5ae20a1ca49e@group-42490AFFC987-SegmentedRaftLogWorker] INFO  segmented.SegmentedRaftLogWorker (SegmentedRaftLogWorker.java:execute(576)) - 8a1675e0-6aea-4c3b-8be7-5ae20a1ca49e@group-42490AFFC987-SegmentedRaftLogWorker: created new log segment /workdir/hadoop-ozone/integration-test/target/test-dir/MiniOzoneClusterImpl-383ae012-405b-46cc-a485-9d9df1ba09bf/datanode-1/data/ratis/580c0e74-6b62-46e3-ac9c-42490affc987/current/log_inprogress_0
2019-11-15 20:29:57,609 [Datanode State Machine Thread - 0] INFO  statemachine.DatanodeStateMachine (DatanodeStateMachine.java:lambda$startDaemon$0(355)) - Ozone container server started.
2019-11-15 20:29:57,659 [Datanode State Machine Thread - 0] INFO  statemachine.DatanodeStateMachine (DatanodeStateMachine.java:lambda$startDaemon$0(355)) - Ozone container server started.
2019-11-15 20:30:01,743 [main] INFO  ozoneimpl.OzoneContainer (OzoneContainer.java:stop(244)) - Attempting to stop container services.
2019-11-15 20:30:01,743 [ForkJoinPool.commonPool-worker-0] INFO  ozoneimpl.OzoneContainer (OzoneContainer.java:stop(244)) - Attempting to stop container services.
2019-11-15 20:30:01,746 [ForkJoinPool.commonPool-worker-0] INFO  impl.RaftServerProxy (RaftServerProxy.java:lambda$close$4(314)) - 8a1675e0-6aea-4c3b-8be7-5ae20a1ca49e: close
2019-11-15 20:30:01,746 [main] INFO  impl.RaftServerProxy (RaftServerProxy.java:lambda$close$4(314)) - 0a519b4d-4b4e-4277-8a94-337d2dc88e84: close
2019-11-15 20:30:01,747 [main] INFO  impl.RaftServerImpl (RaftServerImpl.java:lambda$shutdown$3(250)) - 0a519b4d-4b4e-4277-8a94-337d2dc88e84@group-42490AFFC987: shutdown
2019-11-15 20:30:01,747 [ForkJoinPool.commonPool-worker-0] INFO  impl.RaftServerImpl (RaftServerImpl.java:lambda$shutdown$3(250)) - 8a1675e0-6aea-4c3b-8be7-5ae20a1ca49e@group-42490AFFC987: shutdown
2019-11-15 20:30:01,747 [main] INFO  util.JmxRegister (JmxRegister.java:unregister(73)) - Successfully un-registered JMX Bean with object name Ratis:service=RaftServer,group=group-42490AFFC987,id=0a519b4d-4b4e-4277-8a94-337d2dc88e84
2019-11-15 20:30:01,747 [ForkJoinPool.commonPool-worker-0] INFO  util.JmxRegister (JmxRegister.java:unregister(73)) - Successfully un-registered JMX Bean with object name Ratis:service=RaftServer,group=group-42490AFFC987,id=8a1675e0-6aea-4c3b-8be7-5ae20a1ca49e
2019-11-15 20:30:01,748 [main] INFO  impl.RoleInfo (RoleInfo.java:shutdownFollowerState(121)) - 0a519b4d-4b4e-4277-8a94-337d2dc88e84: shutdown FollowerState
2019-11-15 20:30:01,748 [ForkJoinPool.commonPool-worker-0] INFO  impl.RoleInfo (RoleInfo.java:shutdownFollowerState(121)) - 8a1675e0-6aea-4c3b-8be7-5ae20a1ca49e: shutdown FollowerState
2019-11-15 20:30:01,748 [Thread-1940] INFO  impl.FollowerState (FollowerState.java:run(120)) - 0a519b4d-4b4e-4277-8a94-337d2dc88e84@group-42490AFFC987-FollowerState was interrupted: java.lang.InterruptedException: sleep interrupted
2019-11-15 20:30:01,748 [main] INFO  impl.StateMachineUpdater (StateMachineUpdater.java:stopAndJoin(136)) - 0a519b4d-4b4e-4277-8a94-337d2dc88e84@group-42490AFFC987-StateMachineUpdater: set stopIndex = 0
2019-11-15 20:30:01,748 [Thread-1941] INFO  impl.FollowerState (FollowerState.java:run(120)) - 8a1675e0-6aea-4c3b-8be7-5ae20a1ca49e@group-42490AFFC987-FollowerState was interrupted: java.lang.InterruptedException: sleep interrupted
2019-11-15 20:30:01,748 [ForkJoinPool.commonPool-worker-0] INFO  impl.StateMachineUpdater (StateMachineUpdater.java:stopAndJoin(136)) - 8a1675e0-6aea-4c3b-8be7-5ae20a1ca49e@group-42490AFFC987-StateMachineUpdater: set stopIndex = 0
2019-11-15 20:30:01,755 [main] INFO  impl.RaftServerImpl (ServerState.java:close(387)) - 0a519b4d-4b4e-4277-8a94-337d2dc88e84@group-42490AFFC987: closes. applyIndex: 0
2019-11-15 20:30:01,755 [ForkJoinPool.commonPool-worker-0] INFO  impl.RaftServerImpl (ServerState.java:close(387)) - 8a1675e0-6aea-4c3b-8be7-5ae20a1ca49e@group-42490AFFC987: closes. applyIndex: 0
2019-11-15 20:30:01,755 [8a1675e0-6aea-4c3b-8be7-5ae20a1ca49e@group-42490AFFC987-SegmentedRaftLogWorker] INFO  segmented.SegmentedRaftLogWorker (SegmentedRaftLogWorker.java:run(316)) - 8a1675e0-6aea-4c3b-8be7-5ae20a1ca49e@group-42490AFFC987-SegmentedRaftLogWorker was interrupted, exiting. There are 0 tasks remaining in the queue.
2019-11-15 20:30:01,755 [0a519b4d-4b4e-4277-8a94-337d2dc88e84@group-42490AFFC987-SegmentedRaftLogWorker] INFO  segmented.SegmentedRaftLogWorker (SegmentedRaftLogWorker.java:run(316)) - 0a519b4d-4b4e-4277-8a94-337d2dc88e84@group-42490AFFC987-SegmentedRaftLogWorker was interrupted, exiting. There are 0 tasks remaining in the queue.
2019-11-15 20:30:01,758 [ForkJoinPool.commonPool-worker-0] INFO  segmented.SegmentedRaftLogWorker (SegmentedRaftLogWorker.java:close(224)) - 8a1675e0-6aea-4c3b-8be7-5ae20a1ca49e@group-42490AFFC987-SegmentedRaftLogWorker close()
2019-11-15 20:30:01,758 [main] INFO  segmented.SegmentedRaftLogWorker (SegmentedRaftLogWorker.java:close(224)) - 0a519b4d-4b4e-4277-8a94-337d2dc88e84@group-42490AFFC987-SegmentedRaftLogWorker close()
2019-11-15 20:30:01,760 [ForkJoinPool.commonPool-worker-0] INFO  impl.RaftServerImpl (RaftServerImpl.java:lambda$shutdown$3(250)) - 8a1675e0-6aea-4c3b-8be7-5ae20a1ca49e@group-B93E2D221AA2: shutdown
2019-11-15 20:30:01,762 [main] INFO  impl.RaftServerImpl (RaftServerImpl.java:lambda$shutdown$3(250)) - 0a519b4d-4b4e-4277-8a94-337d2dc88e84@group-A0B36505DA22: shutdown
2019-11-15 20:30:01,762 [ForkJoinPool.commonPool-worker-0] INFO  util.JmxRegister (JmxRegister.java:unregister(73)) - Successfully un-registered JMX Bean with object name Ratis:service=RaftServer,group=group-B93E2D221AA2,id=8a1675e0-6aea-4c3b-8be7-5ae20a1ca49e
2019-11-15 20:30:01,762 [main] INFO  util.JmxRegister (JmxRegister.java:unregister(73)) - Successfully un-registered JMX Bean with object name Ratis:service=RaftServer,group=group-A0B36505DA22,id=0a519b4d-4b4e-4277-8a94-337d2dc88e84
2019-11-15 20:30:01,762 [ForkJoinPool.commonPool-worker-0] INFO  impl.RoleInfo (RoleInfo.java:shutdownLeaderState(104)) - 8a1675e0-6aea-4c3b-8be7-5ae20a1ca49e: shutdown LeaderState
2019-11-15 20:30:01,763 [main] INFO  impl.RoleInfo (RoleInfo.java:shutdownLeaderState(104)) - 0a519b4d-4b4e-4277-8a94-337d2dc88e84: shutdown LeaderState
2019-11-15 20:30:01,763 [ForkJoinPool.commonPool-worker-0] INFO  impl.PendingRequests (PendingRequests.java:sendNotLeaderResponses(206)) - 8a1675e0-6aea-4c3b-8be7-5ae20a1ca49e@group-B93E2D221AA2-PendingRequests: sendNotLeaderResponses
2019-11-15 20:30:01,763 [main] INFO  impl.PendingRequests (PendingRequests.java:sendNotLeaderResponses(206)) - 0a519b4d-4b4e-4277-8a94-337d2dc88e84@group-A0B36505DA22-PendingRequests: sendNotLeaderResponses
2019-11-15 20:30:01,764 [ForkJoinPool.commonPool-worker-0] INFO  impl.StateMachineUpdater (StateMachineUpdater.java:stopAndJoin(136)) - 8a1675e0-6aea-4c3b-8be7-5ae20a1ca49e@group-B93E2D221AA2-StateMachineUpdater: set stopIndex = 0
2019-11-15 20:30:01,764 [main] INFO  impl.StateMachineUpdater (StateMachineUpdater.java:stopAndJoin(136)) - 0a519b4d-4b4e-4277-8a94-337d2dc88e84@group-A0B36505DA22-StateMachineUpdater: set stopIndex = 0
2019-11-15 20:30:01,764 [main] INFO  impl.RaftServerImpl (ServerState.java:close(387)) - 0a519b4d-4b4e-4277-8a94-337d2dc88e84@group-A0B36505DA22: closes. applyIndex: 0
2019-11-15 20:30:01,764 [ForkJoinPool.commonPool-worker-0] INFO  impl.RaftServerImpl (ServerState.java:close(387)) - 8a1675e0-6aea-4c3b-8be7-5ae20a1ca49e@group-B93E2D221AA2: closes. applyIndex: 0
2019-11-15 20:30:01,765 [0a519b4d-4b4e-4277-8a94-337d2dc88e84@group-A0B36505DA22-SegmentedRaftLogWorker] INFO  segmented.SegmentedRaftLogWorker (SegmentedRaftLogWorker.java:run(316)) - 0a519b4d-4b4e-4277-8a94-337d2dc88e84@group-A0B36505DA22-SegmentedRaftLogWorker was interrupted, exiting. There are 0 tasks remaining in the queue.
2019-11-15 20:30:01,765 [8a1675e0-6aea-4c3b-8be7-5ae20a1ca49e@group-B93E2D221AA2-SegmentedRaftLogWorker] INFO  segmented.SegmentedRaftLogWorker (SegmentedRaftLogWorker.java:run(316)) - 8a1675e0-6aea-4c3b-8be7-5ae20a1ca49e@group-B93E2D221AA2-SegmentedRaftLogWorker was interrupted, exiting. There are 0 tasks remaining in the queue.
2019-11-15 20:30:01,765 [main] INFO  segmented.SegmentedRaftLogWorker (SegmentedRaftLogWorker.java:close(224)) - 0a519b4d-4b4e-4277-8a94-337d2dc88e84@group-A0B36505DA22-SegmentedRaftLogWorker close()
2019-11-15 20:30:01,767 [ForkJoinPool.commonPool-worker-0] INFO  segmented.SegmentedRaftLogWorker (SegmentedRaftLogWorker.java:close(224)) - 8a1675e0-6aea-4c3b-8be7-5ae20a1ca49e@group-B93E2D221AA2-SegmentedRaftLogWorker close()
2019-11-15 20:30:01,768 [main] INFO  server.GrpcService (GrpcService.java:closeImpl(164)) - 0a519b4d-4b4e-4277-8a94-337d2dc88e84: shutdown server with port 36611 now
2019-11-15 20:30:01,769 [ForkJoinPool.commonPool-worker-0] INFO  server.GrpcService (GrpcService.java:closeImpl(164)) - 8a1675e0-6aea-4c3b-8be7-5ae20a1ca49e: shutdown server with port 42325 now
2019-11-15 20:30:01,772 [grpc-default-executor-6] WARN  server.GrpcServerProtocolService (LogUtils.java:warn(134)) - 0a519b4d-4b4e-4277-8a94-337d2dc88e84: installSnapshot onError, lastRequest: 47ad85fd-142d-4fcb-95da-99123aa57c3f->0a519b4d-4b4e-4277-8a94-337d2dc88e84#9-t1, previous=(t:1, i:0), leaderCommit=0, initializing? false, entries: <empty>: org.apache.ratis.thirdparty.io.grpc.StatusRuntimeException: CANCELLED: cancelled before receiving half close
2019-11-15 20:30:01,772 [main] INFO  server.GrpcService (GrpcService.java:closeImpl(172)) - 0a519b4d-4b4e-4277-8a94-337d2dc88e84: shutdown server with port 36611 successfully
2019-11-15 20:30:01,772 [grpc-default-executor-1] WARN  server.GrpcServerProtocolService (LogUtils.java:warn(134)) - 8a1675e0-6aea-4c3b-8be7-5ae20a1ca49e: installSnapshot onError, lastRequest: 47ad85fd-142d-4fcb-95da-99123aa57c3f->8a1675e0-6aea-4c3b-8be7-5ae20a1ca49e#9-t1, previous=(t:1, i:0), leaderCommit=0, initializing? false, entries: <empty>: org.apache.ratis.thirdparty.io.grpc.StatusRuntimeException: CANCELLED: cancelled before receiving half close
2019-11-15 20:30:01,773 [grpc-default-executor-0] WARN  server.GrpcLogAppender (LogUtils.java:warn(134)) - 47ad85fd-142d-4fcb-95da-99123aa57c3f@group-42490AFFC987->8a1675e0-6aea-4c3b-8be7-5ae20a1ca49e-AppendLogResponseHandler: Failed appendEntries: org.apache.ratis.thirdparty.io.grpc.StatusRuntimeException: CANCELLED: HTTP/2 error code: CANCEL
Received Rst Stream
2019-11-15 20:30:01,774 [ForkJoinPool.commonPool-worker-0] INFO  server.GrpcService (GrpcService.java:closeImpl(172)) - 8a1675e0-6aea-4c3b-8be7-5ae20a1ca49e: shutdown server with port 42325 successfully
2019-11-15 20:30:01,774 [grpc-default-executor-0] INFO  impl.FollowerInfo (FollowerInfo.java:lambda$new$0(51)) - 47ad85fd-142d-4fcb-95da-99123aa57c3f@group-42490AFFC987->8a1675e0-6aea-4c3b-8be7-5ae20a1ca49e: nextIndex: updateUnconditionally 1 -> 0
2019-11-15 20:30:01,774 [grpc-default-executor-6] WARN  server.GrpcLogAppender (LogUtils.java:warn(134)) - 47ad85fd-142d-4fcb-95da-99123aa57c3f@group-42490AFFC987->0a519b4d-4b4e-4277-8a94-337d2dc88e84-AppendLogResponseHandler: Failed appendEntries: org.apache.ratis.thirdparty.io.grpc.StatusRuntimeException: CANCELLED: HTTP/2 error code: CANCEL
Received Rst Stream
2019-11-15 20:30:01,775 [grpc-default-executor-6] INFO  impl.FollowerInfo (FollowerInfo.java:lambda$new$0(51)) - 47ad85fd-142d-4fcb-95da-99123aa57c3f@group-42490AFFC987->0a519b4d-4b4e-4277-8a94-337d2dc88e84: nextIndex: updateUnconditionally 1 -> 0
2019-11-15 20:30:01,776 [refreshUsed-/workdir/hadoop-ozone/integration-test/target/test-dir/MiniOzoneClusterImpl-383ae012-405b-46cc-a485-9d9df1ba09bf/datanode-3/data/containers] WARN  fs.CachingGetSpaceUsed (CachingGetSpaceUsed.java:run(183)) - Thread Interrupted waiting to refresh disk information: sleep interrupted
2019-11-15 20:30:01,784 [refreshUsed-/workdir/hadoop-ozone/integration-test/target/test-dir/MiniOzoneClusterImpl-383ae012-405b-46cc-a485-9d9df1ba09bf/datanode-1/data/containers] WARN  fs.CachingGetSpaceUsed (CachingGetSpaceUsed.java:run(183)) - Thread Interrupted waiting to refresh disk information: sleep interrupted
2019-11-15 20:30:01,804 [main] INFO  utils.BackgroundService (BackgroundService.java:shutdown(151)) - Shutting down service BlockDeletingService
2019-11-15 20:30:01,808 [ForkJoinPool.commonPool-worker-0] INFO  utils.BackgroundService (BackgroundService.java:shutdown(151)) - Shutting down service BlockDeletingService
2019-11-15 20:30:01,809 [main] INFO  statemachine.DatanodeStateMachine (DatanodeStateMachine.java:stopDaemon(400)) - Ozone container server stopped.
2019-11-15 20:30:01,812 [ForkJoinPool.commonPool-worker-0] INFO  statemachine.DatanodeStateMachine (DatanodeStateMachine.java:stopDaemon(400)) - Ozone container server stopped.
2019-11-15 20:30:01,817 [main] INFO  handler.ContextHandler (ContextHandler.java:doStop(910)) - Stopped o.e.j.w.WebAppContext@659f226a{/,null,UNAVAILABLE}{/hddsDatanode}
2019-11-15 20:30:01,817 [ForkJoinPool.commonPool-worker-0] INFO  handler.ContextHandler (ContextHandler.java:doStop(910)) - Stopped o.e.j.w.WebAppContext@78422efb{/,null,UNAVAILABLE}{/hddsDatanode}
2019-11-15 20:30:01,818 [ForkJoinPool.commonPool-worker-0] INFO  server.AbstractConnector (AbstractConnector.java:doStop(318)) - Stopped ServerConnector@5f05c8d6{HTTP/1.1,[http/1.1]}{0.0.0.0:0}
2019-11-15 20:30:01,818 [main] INFO  server.AbstractConnector (AbstractConnector.java:doStop(318)) - Stopped ServerConnector@2e463f4{HTTP/1.1,[http/1.1]}{0.0.0.0:0}
2019-11-15 20:30:01,819 [ForkJoinPool.commonPool-worker-0] INFO  handler.ContextHandler (ContextHandler.java:doStop(910)) - Stopped o.e.j.s.ServletContextHandler@6088451e{/static,jar:file:/home/user/.m2/repository/org/apache/hadoop/hadoop-hdds-container-service/0.5.0-SNAPSHOT/hadoop-hdds-container-service-0.5.0-SNAPSHOT.jar!/webapps/static,UNAVAILABLE}
2019-11-15 20:30:01,820 [main] INFO  handler.ContextHandler (ContextHandler.java:doStop(910)) - Stopped o.e.j.s.ServletContextHandler@769bd849{/static,jar:file:/home/user/.m2/repository/org/apache/hadoop/hadoop-hdds-container-service/0.5.0-SNAPSHOT/hadoop-hdds-container-service-0.5.0-SNAPSHOT.jar!/webapps/static,UNAVAILABLE}
2019-11-15 20:30:01,820 [ForkJoinPool.commonPool-worker-0] INFO  handler.ContextHandler (ContextHandler.java:doStop(910)) - Stopped o.e.j.s.ServletContextHandler@51b77cdf{/logs,file:///workdir/hadoop-ozone/integration-test/target/log,UNAVAILABLE}
2019-11-15 20:30:01,820 [main] INFO  handler.ContextHandler (ContextHandler.java:doStop(910)) - Stopped o.e.j.s.ServletContextHandler@2582b0ef{/logs,file:///workdir/hadoop-ozone/integration-test/target/log,UNAVAILABLE}
2019-11-15 20:30:01,978 [grpc-default-executor-0] WARN  server.GrpcLogAppender (LogUtils.java:warn(134)) - 47ad85fd-142d-4fcb-95da-99123aa57c3f@group-42490AFFC987->8a1675e0-6aea-4c3b-8be7-5ae20a1ca49e-AppendLogResponseHandler: Failed appendEntries: org.apache.ratis.thirdparty.io.grpc.StatusRuntimeException: UNAVAILABLE: io exception
2019-11-15 20:30:01,978 [grpc-default-executor-6] WARN  server.GrpcLogAppender (LogUtils.java:warn(134)) - 47ad85fd-142d-4fcb-95da-99123aa57c3f@group-42490AFFC987->0a519b4d-4b4e-4277-8a94-337d2dc88e84-AppendLogResponseHandler: Failed appendEntries: org.apache.ratis.thirdparty.io.grpc.StatusRuntimeException: UNAVAILABLE: io exception
2019-11-15 20:30:01,978 [grpc-default-executor-0] INFO  impl.FollowerInfo (FollowerInfo.java:lambda$new$0(51)) - 47ad85fd-142d-4fcb-95da-99123aa57c3f@group-42490AFFC987->8a1675e0-6aea-4c3b-8be7-5ae20a1ca49e: nextIndex: updateUnconditionally 0 -> 0
2019-11-15 20:30:01,978 [grpc-default-executor-6] INFO  impl.FollowerInfo (FollowerInfo.java:lambda$new$0(51)) - 47ad85fd-142d-4fcb-95da-99123aa57c3f@group-42490AFFC987->0a519b4d-4b4e-4277-8a94-337d2dc88e84: nextIndex: updateUnconditionally 0 -> 0
2019-11-15 20:30:02,372 [Datanode State Machine Thread - 0] INFO  statemachine.DatanodeStateMachine (DatanodeStateMachine.java:lambda$startDaemon$0(355)) - Ozone container server started.
2019-11-15 20:30:02,477 [grpc-default-executor-1] WARN  server.GrpcLogAppender (LogUtils.java:warn(134)) - 47ad85fd-142d-4fcb-95da-99123aa57c3f@group-42490AFFC987->0a519b4d-4b4e-4277-8a94-337d2dc88e84-AppendLogResponseHandler: Failed appendEntries: org.apache.ratis.thirdparty.io.grpc.StatusRuntimeException: UNAVAILABLE: io exception
2019-11-15 20:30:02,478 [grpc-default-executor-3] WARN  server.GrpcLogAppender (LogUtils.java:warn(134)) - 47ad85fd-142d-4fcb-95da-99123aa57c3f@group-42490AFFC987->8a1675e0-6aea-4c3b-8be7-5ae20a1ca49e-AppendLogResponseHandler: Failed appendEntries: org.apache.ratis.thirdparty.io.grpc.StatusRuntimeException: UNAVAILABLE: io exception
2019-11-15 20:30:02,478 [grpc-default-executor-1] INFO  impl.FollowerInfo (FollowerInfo.java:lambda$new$0(51)) - 47ad85fd-142d-4fcb-95da-99123aa57c3f@group-42490AFFC987->0a519b4d-4b4e-4277-8a94-337d2dc88e84: nextIndex: updateUnconditionally 0 -> 0
2019-11-15 20:30:02,478 [grpc-default-executor-3] INFO  impl.FollowerInfo (FollowerInfo.java:lambda$new$0(51)) - 47ad85fd-142d-4fcb-95da-99123aa57c3f@group-42490AFFC987->8a1675e0-6aea-4c3b-8be7-5ae20a1ca49e: nextIndex: updateUnconditionally 0 -> 0
2019-11-15 20:30:02,491 [Datanode State Machine Thread - 0] INFO  statemachine.DatanodeStateMachine (DatanodeStateMachine.java:lambda$startDaemon$0(355)) - Ozone container server started.
2019-11-15 20:30:02,978 [grpc-default-executor-6] WARN  server.GrpcLogAppender (LogUtils.java:warn(134)) - 47ad85fd-142d-4fcb-95da-99123aa57c3f@group-42490AFFC987->0a519b4d-4b4e-4277-8a94-337d2dc88e84-AppendLogResponseHandler: Failed appendEntries: org.apache.ratis.thirdparty.io.grpc.StatusRuntimeException: UNAVAILABLE: io exception
2019-11-15 20:30:02,978 [grpc-default-executor-4] WARN  server.GrpcLogAppender (LogUtils.java:warn(134)) - 47ad85fd-142d-4fcb-95da-99123aa57c3f@group-42490AFFC987->8a1675e0-6aea-4c3b-8be7-5ae20a1ca49e-AppendLogResponseHandler: Failed appendEntries: org.apache.ratis.thirdparty.io.grpc.StatusRuntimeException: UNAVAILABLE: io exception
2019-11-15 20:30:02,979 [grpc-default-executor-6] INFO  impl.FollowerInfo (FollowerInfo.java:lambda$new$0(51)) - 47ad85fd-142d-4fcb-95da-99123aa57c3f@group-42490AFFC987->0a519b4d-4b4e-4277-8a94-337d2dc88e84: nextIndex: updateUnconditionally 0 -> 0
2019-11-15 20:30:02,979 [grpc-default-executor-4] INFO  impl.FollowerInfo (FollowerInfo.java:lambda$new$0(51)) - 47ad85fd-142d-4fcb-95da-99123aa57c3f@group-42490AFFC987->8a1675e0-6aea-4c3b-8be7-5ae20a1ca49e: nextIndex: updateUnconditionally 0 -> 0
2019-11-15 20:30:03,479 [grpc-default-executor-3] WARN  server.GrpcLogAppender (LogUtils.java:warn(134)) - 47ad85fd-142d-4fcb-95da-99123aa57c3f@group-42490AFFC987->8a1675e0-6aea-4c3b-8be7-5ae20a1ca49e-AppendLogResponseHandler: Failed appendEntries: org.apache.ratis.thirdparty.io.grpc.StatusRuntimeException: UNAVAILABLE: io exception
2019-11-15 20:30:03,479 [grpc-default-executor-0] WARN  server.GrpcLogAppender (LogUtils.java:warn(134)) - 47ad85fd-142d-4fcb-95da-99123aa57c3f@group-42490AFFC987->0a519b4d-4b4e-4277-8a94-337d2dc88e84-AppendLogResponseHandler: Failed appendEntries: org.apache.ratis.thirdparty.io.grpc.StatusRuntimeException: UNAVAILABLE: io exception
2019-11-15 20:30:03,479 [grpc-default-executor-3] INFO  impl.FollowerInfo (FollowerInfo.java:lambda$new$0(51)) - 47ad85fd-142d-4fcb-95da-99123aa57c3f@group-42490AFFC987->8a1675e0-6aea-4c3b-8be7-5ae20a1ca49e: nextIndex: updateUnconditionally 0 -> 0
2019-11-15 20:30:03,479 [grpc-default-executor-0] INFO  impl.FollowerInfo (FollowerInfo.java:lambda$new$0(51)) - 47ad85fd-142d-4fcb-95da-99123aa57c3f@group-42490AFFC987->0a519b4d-4b4e-4277-8a94-337d2dc88e84: nextIndex: updateUnconditionally 0 -> 0
2019-11-15 20:30:03,980 [grpc-default-executor-1] WARN  server.GrpcLogAppender (LogUtils.java:warn(134)) - 47ad85fd-142d-4fcb-95da-99123aa57c3f@group-42490AFFC987->8a1675e0-6aea-4c3b-8be7-5ae20a1ca49e-AppendLogResponseHandler: Failed appendEntries: org.apache.ratis.thirdparty.io.grpc.StatusRuntimeException: UNAVAILABLE: io exception
2019-11-15 20:30:03,980 [grpc-default-executor-5] WARN  server.GrpcLogAppender (LogUtils.java:warn(134)) - 47ad85fd-142d-4fcb-95da-99123aa57c3f@group-42490AFFC987->0a519b4d-4b4e-4277-8a94-337d2dc88e84-AppendLogResponseHandler: Failed appendEntries: org.apache.ratis.thirdparty.io.grpc.StatusRuntimeException: UNAVAILABLE: io exception
2019-11-15 20:30:03,980 [grpc-default-executor-1] INFO  impl.FollowerInfo (FollowerInfo.java:lambda$new$0(51)) - 47ad85fd-142d-4fcb-95da-99123aa57c3f@group-42490AFFC987->8a1675e0-6aea-4c3b-8be7-5ae20a1ca49e: nextIndex: updateUnconditionally 0 -> 0
2019-11-15 20:30:03,980 [grpc-default-executor-5] INFO  impl.FollowerInfo (FollowerInfo.java:lambda$new$0(51)) - 47ad85fd-142d-4fcb-95da-99123aa57c3f@group-42490AFFC987->0a519b4d-4b4e-4277-8a94-337d2dc88e84: nextIndex: updateUnconditionally 0 -> 0
2019-11-15 20:30:04,481 [grpc-default-executor-0] WARN  server.GrpcLogAppender (LogUtils.java:warn(134)) - 47ad85fd-142d-4fcb-95da-99123aa57c3f@group-42490AFFC987->8a1675e0-6aea-4c3b-8be7-5ae20a1ca49e-AppendLogResponseHandler: Failed appendEntries: org.apache.ratis.thirdparty.io.grpc.StatusRuntimeException: UNAVAILABLE: io exception
2019-11-15 20:30:04,481 [grpc-default-executor-6] WARN  server.GrpcLogAppender (LogUtils.java:warn(134)) - 47ad85fd-142d-4fcb-95da-99123aa57c3f@group-42490AFFC987->0a519b4d-4b4e-4277-8a94-337d2dc88e84-AppendLogResponseHandler: Failed appendEntries: org.apache.ratis.thirdparty.io.grpc.StatusRuntimeException: UNAVAILABLE: io exception
2019-11-15 20:30:04,481 [grpc-default-executor-0] INFO  impl.FollowerInfo (FollowerInfo.java:lambda$new$0(51)) - 47ad85fd-142d-4fcb-95da-99123aa57c3f@group-42490AFFC987->8a1675e0-6aea-4c3b-8be7-5ae20a1ca49e: nextIndex: updateUnconditionally 0 -> 0
2019-11-15 20:30:04,481 [grpc-default-executor-6] INFO  impl.FollowerInfo (FollowerInfo.java:lambda$new$0(51)) - 47ad85fd-142d-4fcb-95da-99123aa57c3f@group-42490AFFC987->0a519b4d-4b4e-4277-8a94-337d2dc88e84: nextIndex: updateUnconditionally 0 -> 0
2019-11-15 20:30:04,982 [grpc-default-executor-0] WARN  server.GrpcLogAppender (LogUtils.java:warn(134)) - 47ad85fd-142d-4fcb-95da-99123aa57c3f@group-42490AFFC987->8a1675e0-6aea-4c3b-8be7-5ae20a1ca49e-AppendLogResponseHandler: Failed appendEntries: org.apache.ratis.thirdparty.io.grpc.StatusRuntimeException: UNAVAILABLE: io exception
2019-11-15 20:30:04,982 [grpc-default-executor-6] WARN  server.GrpcLogAppender (LogUtils.java:warn(134)) - 47ad85fd-142d-4fcb-95da-99123aa57c3f@group-42490AFFC987->0a519b4d-4b4e-4277-8a94-337d2dc88e84-AppendLogResponseHandler: Failed appendEntries: org.apache.ratis.thirdparty.io.grpc.StatusRuntimeException: UNAVAILABLE: io exception
2019-11-15 20:30:04,982 [grpc-default-executor-0] INFO  impl.FollowerInfo (FollowerInfo.java:lambda$new$0(51)) - 47ad85fd-142d-4fcb-95da-99123aa57c3f@group-42490AFFC987->8a1675e0-6aea-4c3b-8be7-5ae20a1ca49e: nextIndex: updateUnconditionally 0 -> 0
2019-11-15 20:30:04,982 [grpc-default-executor-6] INFO  impl.FollowerInfo (FollowerInfo.java:lambda$new$0(51)) - 47ad85fd-142d-4fcb-95da-99123aa57c3f@group-42490AFFC987->0a519b4d-4b4e-4277-8a94-337d2dc88e84: nextIndex: updateUnconditionally 0 -> 0
2019-11-15 20:30:05,482 [grpc-default-executor-1] WARN  server.GrpcLogAppender (LogUtils.java:warn(134)) - 47ad85fd-142d-4fcb-95da-99123aa57c3f@group-42490AFFC987->0a519b4d-4b4e-4277-8a94-337d2dc88e84-AppendLogResponseHandler: Failed appendEntries: org.apache.ratis.thirdparty.io.grpc.StatusRuntimeException: UNAVAILABLE: io exception
2019-11-15 20:30:05,482 [grpc-default-executor-6] WARN  server.GrpcLogAppender (LogUtils.java:warn(134)) - 47ad85fd-142d-4fcb-95da-99123aa57c3f@group-42490AFFC987->8a1675e0-6aea-4c3b-8be7-5ae20a1ca49e-AppendLogResponseHandler: Failed appendEntries: org.apache.ratis.thirdparty.io.grpc.StatusRuntimeException: UNAVAILABLE: io exception
2019-11-15 20:30:05,482 [grpc-default-executor-1] INFO  impl.FollowerInfo (FollowerInfo.java:lambda$new$0(51)) - 47ad85fd-142d-4fcb-95da-99123aa57c3f@group-42490AFFC987->0a519b4d-4b4e-4277-8a94-337d2dc88e84: nextIndex: updateUnconditionally 0 -> 0
2019-11-15 20:30:05,482 [grpc-default-executor-6] INFO  impl.FollowerInfo (FollowerInfo.java:lambda$new$0(51)) - 47ad85fd-142d-4fcb-95da-99123aa57c3f@group-42490AFFC987->8a1675e0-6aea-4c3b-8be7-5ae20a1ca49e: nextIndex: updateUnconditionally 0 -> 0
2019-11-15 20:30:05,983 [grpc-default-executor-0] WARN  server.GrpcLogAppender (LogUtils.java:warn(134)) - 47ad85fd-142d-4fcb-95da-99123aa57c3f@group-42490AFFC987->0a519b4d-4b4e-4277-8a94-337d2dc88e84-AppendLogResponseHandler: Failed appendEntries: org.apache.ratis.thirdparty.io.grpc.StatusRuntimeException: UNAVAILABLE: io exception
2019-11-15 20:30:05,983 [grpc-default-executor-6] WARN  server.GrpcLogAppender (LogUtils.java:warn(134)) - 47ad85fd-142d-4fcb-95da-99123aa57c3f@group-42490AFFC987->8a1675e0-6aea-4c3b-8be7-5ae20a1ca49e-AppendLogResponseHandler: Failed appendEntries: org.apache.ratis.thirdparty.io.grpc.StatusRuntimeException: UNAVAILABLE: io exception
2019-11-15 20:30:05,983 [grpc-default-executor-0] INFO  impl.FollowerInfo (FollowerInfo.java:lambda$new$0(51)) - 47ad85fd-142d-4fcb-95da-99123aa57c3f@group-42490AFFC987->0a519b4d-4b4e-4277-8a94-337d2dc88e84: nextIndex: updateUnconditionally 0 -> 0
2019-11-15 20:30:05,983 [grpc-default-executor-6] INFO  impl.FollowerInfo (FollowerInfo.java:lambda$new$0(51)) - 47ad85fd-142d-4fcb-95da-99123aa57c3f@group-42490AFFC987->8a1675e0-6aea-4c3b-8be7-5ae20a1ca49e: nextIndex: updateUnconditionally 0 -> 0
2019-11-15 20:30:06,484 [grpc-default-executor-3] WARN  server.GrpcLogAppender (LogUtils.java:warn(134)) - 47ad85fd-142d-4fcb-95da-99123aa57c3f@group-42490AFFC987->8a1675e0-6aea-4c3b-8be7-5ae20a1ca49e-AppendLogResponseHandler: Failed appendEntries: org.apache.ratis.thirdparty.io.grpc.StatusRuntimeException: UNAVAILABLE: io exception
2019-11-15 20:30:06,484 [grpc-default-executor-0] WARN  server.GrpcLogAppender (LogUtils.java:warn(134)) - 47ad85fd-142d-4fcb-95da-99123aa57c3f@group-42490AFFC987->0a519b4d-4b4e-4277-8a94-337d2dc88e84-AppendLogResponseHandler: Failed appendEntries: org.apache.ratis.thirdparty.io.grpc.StatusRuntimeException: UNAVAILABLE: io exception
2019-11-15 20:30:06,485 [grpc-default-executor-3] INFO  impl.FollowerInfo (FollowerInfo.java:lambda$new$0(51)) - 47ad85fd-142d-4fcb-95da-99123aa57c3f@group-42490AFFC987->8a1675e0-6aea-4c3b-8be7-5ae20a1ca49e: nextIndex: updateUnconditionally 0 -> 0
2019-11-15 20:30:06,485 [grpc-default-executor-0] INFO  impl.FollowerInfo (FollowerInfo.java:lambda$new$0(51)) - 47ad85fd-142d-4fcb-95da-99123aa57c3f@group-42490AFFC987->0a519b4d-4b4e-4277-8a94-337d2dc88e84: nextIndex: updateUnconditionally 0 -> 0
2019-11-15 20:30:06,823 [ForkJoinPool.commonPool-worker-0] INFO  ozoneimpl.OzoneContainer (OzoneContainer.java:stop(244)) - Attempting to stop container services.
2019-11-15 20:30:06,823 [main] INFO  ozoneimpl.OzoneContainer (OzoneContainer.java:stop(244)) - Attempting to stop container services.
2019-11-15 20:30:06,824 [ForkJoinPool.commonPool-worker-0] INFO  impl.RaftServerProxy (RaftServerProxy.java:lambda$close$4(314)) - 47ad85fd-142d-4fcb-95da-99123aa57c3f: close
2019-11-15 20:30:06,825 [main] INFO  impl.RaftServerProxy (RaftServerProxy.java:lambda$close$4(314)) - 0aaa2776-51af-4c10-a5a9-2fdcde9d3167: close
2019-11-15 20:30:06,825 [ForkJoinPool.commonPool-worker-0] INFO  impl.RaftServerImpl (RaftServerImpl.java:lambda$shutdown$3(250)) - 47ad85fd-142d-4fcb-95da-99123aa57c3f@group-42490AFFC987: shutdown
2019-11-15 20:30:06,825 [main] INFO  impl.RaftServerImpl (RaftServerImpl.java:lambda$shutdown$3(250)) - 0aaa2776-51af-4c10-a5a9-2fdcde9d3167@group-D7AB9962850E: shutdown
2019-11-15 20:30:06,825 [ForkJoinPool.commonPool-worker-0] INFO  util.JmxRegister (JmxRegister.java:unregister(73)) - Successfully un-registered JMX Bean with object name Ratis:service=RaftServer,group=group-42490AFFC987,id=47ad85fd-142d-4fcb-95da-99123aa57c3f
2019-11-15 20:30:06,826 [main] INFO  util.JmxRegister (JmxRegister.java:unregister(73)) - Successfully un-registered JMX Bean with object name Ratis:service=RaftServer,group=group-D7AB9962850E,id=0aaa2776-51af-4c10-a5a9-2fdcde9d3167
2019-11-15 20:30:06,826 [ForkJoinPool.commonPool-worker-0] INFO  impl.RoleInfo (RoleInfo.java:shutdownLeaderState(104)) - 47ad85fd-142d-4fcb-95da-99123aa57c3f: shutdown LeaderState
2019-11-15 20:30:06,826 [main] INFO  impl.RoleInfo (RoleInfo.java:shutdownFollowerState(121)) - 0aaa2776-51af-4c10-a5a9-2fdcde9d3167: shutdown FollowerState
2019-11-15 20:30:06,829 [org.apache.ratis.server.impl.LogAppender$AppenderDaemon$$Lambda$462/1863595330@7a030111] WARN  server.GrpcLogAppender (GrpcLogAppender.java:mayWait(151)) - 47ad85fd-142d-4fcb-95da-99123aa57c3f@group-42490AFFC987->8a1675e0-6aea-4c3b-8be7-5ae20a1ca49e-GrpcLogAppender: Wait interrupted by java.lang.InterruptedException
2019-11-15 20:30:06,829 [org.apache.ratis.server.impl.LogAppender$AppenderDaemon$$Lambda$462/1863595330@3f018035] WARN  server.GrpcLogAppender (GrpcLogAppender.java:mayWait(151)) - 47ad85fd-142d-4fcb-95da-99123aa57c3f@group-42490AFFC987->0a519b4d-4b4e-4277-8a94-337d2dc88e84-GrpcLogAppender: Wait interrupted by java.lang.InterruptedException
2019-11-15 20:30:06,829 [ForkJoinPool.commonPool-worker-0] INFO  impl.PendingRequests (PendingRequests.java:sendNotLeaderResponses(206)) - 47ad85fd-142d-4fcb-95da-99123aa57c3f@group-42490AFFC987-PendingRequests: sendNotLeaderResponses
2019-11-15 20:30:06,829 [Thread-1930] INFO  impl.FollowerState (FollowerState.java:run(120)) - 0aaa2776-51af-4c10-a5a9-2fdcde9d3167@group-D7AB9962850E-FollowerState was interrupted: java.lang.InterruptedException: sleep interrupted
2019-11-15 20:30:06,829 [main] INFO  impl.StateMachineUpdater (StateMachineUpdater.java:stopAndJoin(136)) - 0aaa2776-51af-4c10-a5a9-2fdcde9d3167@group-D7AB9962850E-StateMachineUpdater: set stopIndex = 0
2019-11-15 20:30:06,831 [ForkJoinPool.commonPool-worker-0] INFO  impl.StateMachineUpdater (StateMachineUpdater.java:stopAndJoin(136)) - 47ad85fd-142d-4fcb-95da-99123aa57c3f@group-42490AFFC987-StateMachineUpdater: set stopIndex = 0
2019-11-15 20:30:06,831 [main] INFO  impl.RaftServerImpl (ServerState.java:close(387)) - 0aaa2776-51af-4c10-a5a9-2fdcde9d3167@group-D7AB9962850E: closes. applyIndex: 0
2019-11-15 20:30:06,832 [ForkJoinPool.commonPool-worker-0] INFO  impl.RaftServerImpl (ServerState.java:close(387)) - 47ad85fd-142d-4fcb-95da-99123aa57c3f@group-42490AFFC987: closes. applyIndex: 0
2019-11-15 20:30:06,832 [47ad85fd-142d-4fcb-95da-99123aa57c3f@group-42490AFFC987-SegmentedRaftLogWorker] INFO  segmented.SegmentedRaftLogWorker (SegmentedRaftLogWorker.java:run(316)) - 47ad85fd-142d-4fcb-95da-99123aa57c3f@group-42490AFFC987-SegmentedRaftLogWorker was interrupted, exiting. There are 0 tasks remaining in the queue.
2019-11-15 20:30:06,832 [0aaa2776-51af-4c10-a5a9-2fdcde9d3167@group-D7AB9962850E-SegmentedRaftLogWorker] INFO  segmented.SegmentedRaftLogWorker (SegmentedRaftLogWorker.java:run(316)) - 0aaa2776-51af-4c10-a5a9-2fdcde9d3167@group-D7AB9962850E-SegmentedRaftLogWorker was interrupted, exiting. There are 0 tasks remaining in the queue.
2019-11-15 20:30:06,835 [main] INFO  segmented.SegmentedRaftLogWorker (SegmentedRaftLogWorker.java:close(224)) - 0aaa2776-51af-4c10-a5a9-2fdcde9d3167@group-D7AB9962850E-SegmentedRaftLogWorker close()
2019-11-15 20:30:06,835 [ForkJoinPool.commonPool-worker-0] INFO  segmented.SegmentedRaftLogWorker (SegmentedRaftLogWorker.java:close(224)) - 47ad85fd-142d-4fcb-95da-99123aa57c3f@group-42490AFFC987-SegmentedRaftLogWorker close()
2019-11-15 20:30:06,837 [main] INFO  impl.RaftServerImpl (RaftServerImpl.java:lambda$shutdown$3(250)) - 0aaa2776-51af-4c10-a5a9-2fdcde9d3167@group-A6D9248851CF: shutdown
2019-11-15 20:30:06,839 [ForkJoinPool.commonPool-worker-0] INFO  impl.RaftServerImpl (RaftServerImpl.java:lambda$shutdown$3(250)) - 47ad85fd-142d-4fcb-95da-99123aa57c3f@group-A0871CD5BB9E: shutdown
2019-11-15 20:30:06,839 [main] INFO  util.JmxRegister (JmxRegister.java:unregister(73)) - Successfully un-registered JMX Bean with object name Ratis:service=RaftServer,group=group-A6D9248851CF,id=0aaa2776-51af-4c10-a5a9-2fdcde9d3167
2019-11-15 20:30:06,840 [ForkJoinPool.commonPool-worker-0] INFO  util.JmxRegister (JmxRegister.java:unregister(73)) - Successfully un-registered JMX Bean with object name Ratis:service=RaftServer,group=group-A0871CD5BB9E,id=47ad85fd-142d-4fcb-95da-99123aa57c3f
2019-11-15 20:30:06,840 [main] INFO  impl.RoleInfo (RoleInfo.java:shutdownLeaderState(104)) - 0aaa2776-51af-4c10-a5a9-2fdcde9d3167: shutdown LeaderState
2019-11-15 20:30:06,840 [ForkJoinPool.commonPool-worker-0] INFO  impl.RoleInfo (RoleInfo.java:shutdownLeaderState(104)) - 47ad85fd-142d-4fcb-95da-99123aa57c3f: shutdown LeaderState
2019-11-15 20:30:06,840 [main] INFO  impl.PendingRequests (PendingRequests.java:sendNotLeaderResponses(206)) - 0aaa2776-51af-4c10-a5a9-2fdcde9d3167@group-A6D9248851CF-PendingRequests: sendNotLeaderResponses
2019-11-15 20:30:06,841 [ForkJoinPool.commonPool-worker-0] INFO  impl.PendingRequests (PendingRequests.java:sendNotLeaderResponses(206)) - 47ad85fd-142d-4fcb-95da-99123aa57c3f@group-A0871CD5BB9E-PendingRequests: sendNotLeaderResponses
2019-11-15 20:30:06,841 [main] INFO  impl.StateMachineUpdater (StateMachineUpdater.java:stopAndJoin(136)) - 0aaa2776-51af-4c10-a5a9-2fdcde9d3167@group-A6D9248851CF-StateMachineUpdater: set stopIndex = 0
2019-11-15 20:30:06,841 [ForkJoinPool.commonPool-worker-0] INFO  impl.StateMachineUpdater (StateMachineUpdater.java:stopAndJoin(136)) - 47ad85fd-142d-4fcb-95da-99123aa57c3f@group-A0871CD5BB9E-StateMachineUpdater: set stopIndex = 0
2019-11-15 20:30:06,841 [main] INFO  impl.RaftServerImpl (ServerState.java:close(387)) - 0aaa2776-51af-4c10-a5a9-2fdcde9d3167@group-A6D9248851CF: closes. applyIndex: 0
2019-11-15 20:30:06,842 [ForkJoinPool.commonPool-worker-0] INFO  impl.RaftServerImpl (ServerState.java:close(387)) - 47ad85fd-142d-4fcb-95da-99123aa57c3f@group-A0871CD5BB9E: closes. applyIndex: 0
2019-11-15 20:30:06,842 [0aaa2776-51af-4c10-a5a9-2fdcde9d3167@group-A6D9248851CF-SegmentedRaftLogWorker] INFO  segmented.SegmentedRaftLogWorker (SegmentedRaftLogWorker.java:run(316)) - 0aaa2776-51af-4c10-a5a9-2fdcde9d3167@group-A6D9248851CF-SegmentedRaftLogWorker was interrupted, exiting. There are 0 tasks remaining in the queue.
2019-11-15 20:30:06,842 [47ad85fd-142d-4fcb-95da-99123aa57c3f@group-A0871CD5BB9E-SegmentedRaftLogWorker] INFO  segmented.SegmentedRaftLogWorker (SegmentedRaftLogWorker.java:run(316)) - 47ad85fd-142d-4fcb-95da-99123aa57c3f@group-A0871CD5BB9E-SegmentedRaftLogWorker was interrupted, exiting. There are 0 tasks remaining in the queue.
2019-11-15 20:30:06,843 [main] INFO  segmented.SegmentedRaftLogWorker (SegmentedRaftLogWorker.java:close(224)) - 0aaa2776-51af-4c10-a5a9-2fdcde9d3167@group-A6D9248851CF-SegmentedRaftLogWorker close()
2019-11-15 20:30:06,844 [ForkJoinPool.commonPool-worker-0] INFO  segmented.SegmentedRaftLogWorker (SegmentedRaftLogWorker.java:close(224)) - 47ad85fd-142d-4fcb-95da-99123aa57c3f@group-A0871CD5BB9E-SegmentedRaftLogWorker close()
2019-11-15 20:30:06,845 [main] INFO  server.GrpcService (GrpcService.java:closeImpl(164)) - 0aaa2776-51af-4c10-a5a9-2fdcde9d3167: shutdown server with port 44120 now
2019-11-15 20:30:06,847 [ForkJoinPool.commonPool-worker-0] INFO  server.GrpcService (GrpcService.java:closeImpl(164)) - 47ad85fd-142d-4fcb-95da-99123aa57c3f: shutdown server with port 35088 now
2019-11-15 20:30:06,847 [ForkJoinPool.commonPool-worker-0] INFO  server.GrpcService (GrpcService.java:closeImpl(172)) - 47ad85fd-142d-4fcb-95da-99123aa57c3f: shutdown server with port 35088 successfully
2019-11-15 20:30:06,848 [main] INFO  server.GrpcService (GrpcService.java:closeImpl(172)) - 0aaa2776-51af-4c10-a5a9-2fdcde9d3167: shutdown server with port 44120 successfully
2019-11-15 20:30:06,848 [grpc-default-executor-1] WARN  server.GrpcLogAppender (LogUtils.java:warn(134)) - 3276412b-a8eb-4e99-a9e7-479baf35f503@group-D7AB9962850E->0aaa2776-51af-4c10-a5a9-2fdcde9d3167-AppendLogResponseHandler: Failed appendEntries: org.apache.ratis.thirdparty.io.grpc.StatusRuntimeException: CANCELLED: HTTP/2 error code: CANCEL
Received Rst Stream
2019-11-15 20:30:06,848 [grpc-default-executor-3] WARN  server.GrpcServerProtocolService (LogUtils.java:warn(134)) - 0aaa2776-51af-4c10-a5a9-2fdcde9d3167: installSnapshot onError, lastRequest: 3276412b-a8eb-4e99-a9e7-479baf35f503->0aaa2776-51af-4c10-a5a9-2fdcde9d3167#19-t1, previous=(t:1, i:0), leaderCommit=0, initializing? false, entries: <empty>: org.apache.ratis.thirdparty.io.grpc.StatusRuntimeException: CANCELLED: cancelled before receiving half close
2019-11-15 20:30:06,849 [grpc-default-executor-1] INFO  impl.FollowerInfo (FollowerInfo.java:lambda$new$0(51)) - 3276412b-a8eb-4e99-a9e7-479baf35f503@group-D7AB9962850E->0aaa2776-51af-4c10-a5a9-2fdcde9d3167: nextIndex: updateUnconditionally 1 -> 0
2019-11-15 20:30:06,850 [refreshUsed-/workdir/hadoop-ozone/integration-test/target/test-dir/MiniOzoneClusterImpl-383ae012-405b-46cc-a485-9d9df1ba09bf/datanode-2/data/containers] WARN  fs.CachingGetSpaceUsed (CachingGetSpaceUsed.java:run(183)) - Thread Interrupted waiting to refresh disk information: sleep interrupted
2019-11-15 20:30:06,850 [refreshUsed-/workdir/hadoop-ozone/integration-test/target/test-dir/MiniOzoneClusterImpl-383ae012-405b-46cc-a485-9d9df1ba09bf/datanode-5/data/containers] WARN  fs.CachingGetSpaceUsed (CachingGetSpaceUsed.java:run(183)) - Thread Interrupted waiting to refresh disk information: sleep interrupted
2019-11-15 20:30:06,868 [main] INFO  utils.BackgroundService (BackgroundService.java:shutdown(151)) - Shutting down service BlockDeletingService
2019-11-15 20:30:06,871 [main] INFO  statemachine.DatanodeStateMachine (DatanodeStateMachine.java:stopDaemon(400)) - Ozone container server stopped.
2019-11-15 20:30:06,872 [main] INFO  handler.ContextHandler (ContextHandler.java:doStop(910)) - Stopped o.e.j.w.WebAppContext@3cd26422{/,null,UNAVAILABLE}{/hddsDatanode}
2019-11-15 20:30:06,873 [main] INFO  server.AbstractConnector (AbstractConnector.java:doStop(318)) - Stopped ServerConnector@2eda072{HTTP/1.1,[http/1.1]}{0.0.0.0:0}
2019-11-15 20:30:06,873 [main] INFO  handler.ContextHandler (ContextHandler.java:doStop(910)) - Stopped o.e.j.s.ServletContextHandler@4e224df5{/static,jar:file:/home/user/.m2/repository/org/apache/hadoop/hadoop-hdds-container-service/0.5.0-SNAPSHOT/hadoop-hdds-container-service-0.5.0-SNAPSHOT.jar!/webapps/static,UNAVAILABLE}
2019-11-15 20:30:06,873 [main] INFO  handler.ContextHandler (ContextHandler.java:doStop(910)) - Stopped o.e.j.s.ServletContextHandler@69909c14{/logs,file:///workdir/hadoop-ozone/integration-test/target/log,UNAVAILABLE}
2019-11-15 20:30:06,875 [ForkJoinPool.commonPool-worker-0] INFO  utils.BackgroundService (BackgroundService.java:shutdown(151)) - Shutting down service BlockDeletingService
2019-11-15 20:30:06,877 [ForkJoinPool.commonPool-worker-0] INFO  statemachine.DatanodeStateMachine (DatanodeStateMachine.java:stopDaemon(400)) - Ozone container server stopped.
2019-11-15 20:30:06,879 [ForkJoinPool.commonPool-worker-0] INFO  handler.ContextHandler (ContextHandler.java:doStop(910)) - Stopped o.e.j.w.WebAppContext@796f632b{/,null,UNAVAILABLE}{/hddsDatanode}
2019-11-15 20:30:06,880 [ForkJoinPool.commonPool-worker-0] INFO  server.AbstractConnector (AbstractConnector.java:doStop(318)) - Stopped ServerConnector@5d94a2dc{HTTP/1.1,[http/1.1]}{0.0.0.0:0}
2019-11-15 20:30:06,881 [ForkJoinPool.commonPool-worker-0] INFO  handler.ContextHandler (ContextHandler.java:doStop(910)) - Stopped o.e.j.s.ServletContextHandler@65cf4d6d{/static,jar:file:/home/user/.m2/repository/org/apache/hadoop/hadoop-hdds-container-service/0.5.0-SNAPSHOT/hadoop-hdds-container-service-0.5.0-SNAPSHOT.jar!/webapps/static,UNAVAILABLE}
2019-11-15 20:30:06,881 [ForkJoinPool.commonPool-worker-0] INFO  handler.ContextHandler (ContextHandler.java:doStop(910)) - Stopped o.e.j.s.ServletContextHandler@80b122b{/logs,file:///workdir/hadoop-ozone/integration-test/target/log,UNAVAILABLE}
2019-11-15 20:30:06,955 [grpc-default-executor-1] WARN  server.GrpcLogAppender (LogUtils.java:warn(134)) - 3276412b-a8eb-4e99-a9e7-479baf35f503@group-D7AB9962850E->0aaa2776-51af-4c10-a5a9-2fdcde9d3167-AppendLogResponseHandler: Failed appendEntries: org.apache.ratis.thirdparty.io.grpc.StatusRuntimeException: UNAVAILABLE: io exception
2019-11-15 20:30:06,955 [grpc-default-executor-1] INFO  impl.FollowerInfo (FollowerInfo.java:lambda$new$0(51)) - 3276412b-a8eb-4e99-a9e7-479baf35f503@group-D7AB9962850E->0aaa2776-51af-4c10-a5a9-2fdcde9d3167: nextIndex: updateUnconditionally 0 -> 0
2019-11-15 20:30:06,983 [Datanode State Machine Thread - 0] INFO  statemachine.DatanodeStateMachine (DatanodeStateMachine.java:lambda$startDaemon$0(355)) - Ozone container server started.
2019-11-15 20:30:07,268 [Datanode State Machine Thread - 0] INFO  statemachine.DatanodeStateMachine (DatanodeStateMachine.java:lambda$startDaemon$0(355)) - Ozone container server started.
2019-11-15 20:30:07,455 [grpc-default-executor-0] WARN  server.GrpcLogAppender (LogUtils.java:warn(134)) - 3276412b-a8eb-4e99-a9e7-479baf35f503@group-D7AB9962850E->0aaa2776-51af-4c10-a5a9-2fdcde9d3167-AppendLogResponseHandler: Failed appendEntries: org.apache.ratis.thirdparty.io.grpc.StatusRuntimeException: UNAVAILABLE: io exception
2019-11-15 20:30:07,456 [grpc-default-executor-0] INFO  impl.FollowerInfo (FollowerInfo.java:lambda$new$0(51)) - 3276412b-a8eb-4e99-a9e7-479baf35f503@group-D7AB9962850E->0aaa2776-51af-4c10-a5a9-2fdcde9d3167: nextIndex: updateUnconditionally 0 -> 0
2019-11-15 20:30:07,956 [grpc-default-executor-0] WARN  server.GrpcLogAppender (LogUtils.java:warn(134)) - 3276412b-a8eb-4e99-a9e7-479baf35f503@group-D7AB9962850E->0aaa2776-51af-4c10-a5a9-2fdcde9d3167-AppendLogResponseHandler: Failed appendEntries: org.apache.ratis.thirdparty.io.grpc.StatusRuntimeException: UNAVAILABLE: io exception
2019-11-15 20:30:07,956 [grpc-default-executor-0] INFO  impl.FollowerInfo (FollowerInfo.java:lambda$new$0(51)) - 3276412b-a8eb-4e99-a9e7-479baf35f503@group-D7AB9962850E->0aaa2776-51af-4c10-a5a9-2fdcde9d3167: nextIndex: updateUnconditionally 0 -> 0
2019-11-15 20:30:08,456 [grpc-default-executor-0] WARN  server.GrpcLogAppender (LogUtils.java:warn(134)) - 3276412b-a8eb-4e99-a9e7-479baf35f503@group-D7AB9962850E->0aaa2776-51af-4c10-a5a9-2fdcde9d3167-AppendLogResponseHandler: Failed appendEntries: org.apache.ratis.thirdparty.io.grpc.StatusRuntimeException: UNAVAILABLE: io exception
2019-11-15 20:30:08,457 [grpc-default-executor-0] INFO  impl.FollowerInfo (FollowerInfo.java:lambda$new$0(51)) - 3276412b-a8eb-4e99-a9e7-479baf35f503@group-D7AB9962850E->0aaa2776-51af-4c10-a5a9-2fdcde9d3167: nextIndex: updateUnconditionally 0 -> 0
2019-11-15 20:30:08,957 [grpc-default-executor-3] WARN  server.GrpcLogAppender (LogUtils.java:warn(134)) - 3276412b-a8eb-4e99-a9e7-479baf35f503@group-D7AB9962850E->0aaa2776-51af-4c10-a5a9-2fdcde9d3167-AppendLogResponseHandler: Failed appendEntries: org.apache.ratis.thirdparty.io.grpc.StatusRuntimeException: UNAVAILABLE: io exception
2019-11-15 20:30:08,957 [grpc-default-executor-3] INFO  impl.FollowerInfo (FollowerInfo.java:lambda$new$0(51)) - 3276412b-a8eb-4e99-a9e7-479baf35f503@group-D7AB9962850E->0aaa2776-51af-4c10-a5a9-2fdcde9d3167: nextIndex: updateUnconditionally 0 -> 0
2019-11-15 20:30:09,459 [grpc-default-executor-1] WARN  server.GrpcLogAppender (LogUtils.java:warn(134)) - 3276412b-a8eb-4e99-a9e7-479baf35f503@group-D7AB9962850E->0aaa2776-51af-4c10-a5a9-2fdcde9d3167-AppendLogResponseHandler: Failed appendEntries: org.apache.ratis.thirdparty.io.grpc.StatusRuntimeException: UNAVAILABLE: io exception
2019-11-15 20:30:09,459 [grpc-default-executor-1] INFO  impl.FollowerInfo (FollowerInfo.java:lambda$new$0(51)) - 3276412b-a8eb-4e99-a9e7-479baf35f503@group-D7AB9962850E->0aaa2776-51af-4c10-a5a9-2fdcde9d3167: nextIndex: updateUnconditionally 0 -> 0
2019-11-15 20:30:09,958 [grpc-default-executor-1] WARN  server.GrpcLogAppender (LogUtils.java:warn(134)) - 3276412b-a8eb-4e99-a9e7-479baf35f503@group-D7AB9962850E->0aaa2776-51af-4c10-a5a9-2fdcde9d3167-AppendLogResponseHandler: Failed appendEntries: org.apache.ratis.thirdparty.io.grpc.StatusRuntimeException: UNAVAILABLE: io exception
2019-11-15 20:30:09,959 [grpc-default-executor-1] INFO  impl.FollowerInfo (FollowerInfo.java:lambda$new$0(51)) - 3276412b-a8eb-4e99-a9e7-479baf35f503@group-D7AB9962850E->0aaa2776-51af-4c10-a5a9-2fdcde9d3167: nextIndex: updateUnconditionally 0 -> 0
2019-11-15 20:30:10,460 [grpc-default-executor-1] WARN  server.GrpcLogAppender (LogUtils.java:warn(134)) - 3276412b-a8eb-4e99-a9e7-479baf35f503@group-D7AB9962850E->0aaa2776-51af-4c10-a5a9-2fdcde9d3167-AppendLogResponseHandler: Failed appendEntries: org.apache.ratis.thirdparty.io.grpc.StatusRuntimeException: UNAVAILABLE: io exception
2019-11-15 20:30:10,461 [grpc-default-executor-1] INFO  impl.FollowerInfo (FollowerInfo.java:lambda$new$0(51)) - 3276412b-a8eb-4e99-a9e7-479baf35f503@group-D7AB9962850E->0aaa2776-51af-4c10-a5a9-2fdcde9d3167: nextIndex: updateUnconditionally 0 -> 0
2019-11-15 20:30:10,963 [grpc-default-executor-1] WARN  server.GrpcLogAppender (LogUtils.java:warn(134)) - 3276412b-a8eb-4e99-a9e7-479baf35f503@group-D7AB9962850E->0aaa2776-51af-4c10-a5a9-2fdcde9d3167-AppendLogResponseHandler: Failed appendEntries: org.apache.ratis.thirdparty.io.grpc.StatusRuntimeException: UNAVAILABLE: io exception
2019-11-15 20:30:10,963 [grpc-default-executor-1] INFO  impl.FollowerInfo (FollowerInfo.java:lambda$new$0(51)) - 3276412b-a8eb-4e99-a9e7-479baf35f503@group-D7AB9962850E->0aaa2776-51af-4c10-a5a9-2fdcde9d3167: nextIndex: updateUnconditionally 0 -> 0
2019-11-15 20:30:11,466 [grpc-default-executor-1] WARN  server.GrpcLogAppender (LogUtils.java:warn(134)) - 3276412b-a8eb-4e99-a9e7-479baf35f503@group-D7AB9962850E->0aaa2776-51af-4c10-a5a9-2fdcde9d3167-AppendLogResponseHandler: Failed appendEntries: org.apache.ratis.thirdparty.io.grpc.StatusRuntimeException: UNAVAILABLE: io exception
2019-11-15 20:30:11,467 [grpc-default-executor-1] INFO  impl.FollowerInfo (FollowerInfo.java:lambda$new$0(51)) - 3276412b-a8eb-4e99-a9e7-479baf35f503@group-D7AB9962850E->0aaa2776-51af-4c10-a5a9-2fdcde9d3167: nextIndex: updateUnconditionally 0 -> 0
2019-11-15 20:30:11,875 [main] INFO  ozoneimpl.OzoneContainer (OzoneContainer.java:stop(244)) - Attempting to stop container services.
2019-11-15 20:30:11,876 [main] INFO  impl.RaftServerProxy (RaftServerProxy.java:lambda$close$4(314)) - 3276412b-a8eb-4e99-a9e7-479baf35f503: close
2019-11-15 20:30:11,876 [main] INFO  impl.RaftServerImpl (RaftServerImpl.java:lambda$shutdown$3(250)) - 3276412b-a8eb-4e99-a9e7-479baf35f503@group-D7AB9962850E: shutdown
2019-11-15 20:30:11,876 [main] INFO  util.JmxRegister (JmxRegister.java:unregister(73)) - Successfully un-registered JMX Bean with object name Ratis:service=RaftServer,group=group-D7AB9962850E,id=3276412b-a8eb-4e99-a9e7-479baf35f503
2019-11-15 20:30:11,877 [main] INFO  impl.RoleInfo (RoleInfo.java:shutdownLeaderState(104)) - 3276412b-a8eb-4e99-a9e7-479baf35f503: shutdown LeaderState
2019-11-15 20:30:11,879 [main] INFO  impl.PendingRequests (PendingRequests.java:sendNotLeaderResponses(206)) - 3276412b-a8eb-4e99-a9e7-479baf35f503@group-D7AB9962850E-PendingRequests: sendNotLeaderResponses
2019-11-15 20:30:11,879 [org.apache.ratis.server.impl.LogAppender$AppenderDaemon$$Lambda$462/1863595330@70687b17] WARN  server.GrpcLogAppender (GrpcLogAppender.java:mayWait(151)) - 3276412b-a8eb-4e99-a9e7-479baf35f503@group-D7AB9962850E->0aaa2776-51af-4c10-a5a9-2fdcde9d3167-GrpcLogAppender: Wait interrupted by java.lang.InterruptedException
2019-11-15 20:30:11,879 [org.apache.ratis.server.impl.LogAppender$AppenderDaemon$$Lambda$462/1863595330@356aeb7e] WARN  server.GrpcLogAppender (GrpcLogAppender.java:mayWait(151)) - 3276412b-a8eb-4e99-a9e7-479baf35f503@group-D7AB9962850E->9cc1e37a-4716-4cf9-9175-b0181c43ba93-GrpcLogAppender: Wait interrupted by java.lang.InterruptedException
2019-11-15 20:30:11,880 [main] INFO  impl.StateMachineUpdater (StateMachineUpdater.java:stopAndJoin(136)) - 3276412b-a8eb-4e99-a9e7-479baf35f503@group-D7AB9962850E-StateMachineUpdater: set stopIndex = 0
2019-11-15 20:30:11,881 [main] INFO  impl.RaftServerImpl (ServerState.java:close(387)) - 3276412b-a8eb-4e99-a9e7-479baf35f503@group-D7AB9962850E: closes. applyIndex: 0
2019-11-15 20:30:11,881 [grpc-default-executor-1] INFO  server.GrpcServerProtocolService (GrpcServerProtocolService.java:onCompleted(113)) - 9cc1e37a-4716-4cf9-9175-b0181c43ba93: Completed APPEND_ENTRIES, lastRequest: 3276412b-a8eb-4e99-a9e7-479baf35f503->9cc1e37a-4716-4cf9-9175-b0181c43ba93#29-t1, previous=(t:1, i:0), leaderCommit=0, initializing? false, entries: <empty>
2019-11-15 20:30:11,881 [3276412b-a8eb-4e99-a9e7-479baf35f503@group-D7AB9962850E-SegmentedRaftLogWorker] INFO  segmented.SegmentedRaftLogWorker (SegmentedRaftLogWorker.java:run(316)) - 3276412b-a8eb-4e99-a9e7-479baf35f503@group-D7AB9962850E-SegmentedRaftLogWorker was interrupted, exiting. There are 0 tasks remaining in the queue.
2019-11-15 20:30:11,882 [main] INFO  segmented.SegmentedRaftLogWorker (SegmentedRaftLogWorker.java:close(224)) - 3276412b-a8eb-4e99-a9e7-479baf35f503@group-D7AB9962850E-SegmentedRaftLogWorker close()
2019-11-15 20:30:11,884 [main] INFO  impl.RaftServerImpl (RaftServerImpl.java:lambda$shutdown$3(250)) - 3276412b-a8eb-4e99-a9e7-479baf35f503@group-EAC58908E546: shutdown
2019-11-15 20:30:11,885 [main] INFO  util.JmxRegister (JmxRegister.java:unregister(73)) - Successfully un-registered JMX Bean with object name Ratis:service=RaftServer,group=group-EAC58908E546,id=3276412b-a8eb-4e99-a9e7-479baf35f503
2019-11-15 20:30:11,885 [ForkJoinPool.commonPool-worker-0] INFO  ozoneimpl.OzoneContainer (OzoneContainer.java:stop(244)) - Attempting to stop container services.
2019-11-15 20:30:11,885 [main] INFO  impl.RoleInfo (RoleInfo.java:shutdownLeaderState(104)) - 3276412b-a8eb-4e99-a9e7-479baf35f503: shutdown LeaderState
2019-11-15 20:30:11,885 [grpc-default-executor-1] INFO  server.GrpcLogAppender (GrpcLogAppender.java:onCompleted(308)) - 3276412b-a8eb-4e99-a9e7-479baf35f503@group-D7AB9962850E->9cc1e37a-4716-4cf9-9175-b0181c43ba93-AppendLogResponseHandler: follower responses appendEntries COMPLETED
2019-11-15 20:30:11,885 [main] INFO  impl.PendingRequests (PendingRequests.java:sendNotLeaderResponses(206)) - 3276412b-a8eb-4e99-a9e7-479baf35f503@group-EAC58908E546-PendingRequests: sendNotLeaderResponses
2019-11-15 20:30:11,885 [ForkJoinPool.commonPool-worker-0] INFO  impl.RaftServerProxy (RaftServerProxy.java:lambda$close$4(314)) - 9cc1e37a-4716-4cf9-9175-b0181c43ba93: close
2019-11-15 20:30:11,886 [main] INFO  impl.StateMachineUpdater (StateMachineUpdater.java:stopAndJoin(136)) - 3276412b-a8eb-4e99-a9e7-479baf35f503@group-EAC58908E546-StateMachineUpdater: set stopIndex = 0
2019-11-15 20:30:11,886 [ForkJoinPool.commonPool-worker-0] INFO  impl.RaftServerImpl (RaftServerImpl.java:lambda$shutdown$3(250)) - 9cc1e37a-4716-4cf9-9175-b0181c43ba93@group-6B42BDB5A309: shutdown
2019-11-15 20:30:11,886 [main] INFO  impl.RaftServerImpl (ServerState.java:close(387)) - 3276412b-a8eb-4e99-a9e7-479baf35f503@group-EAC58908E546: closes. applyIndex: 0
2019-11-15 20:30:11,886 [grpc-default-executor-1] INFO  impl.FollowerInfo (FollowerInfo.java:lambda$new$0(51)) - 3276412b-a8eb-4e99-a9e7-479baf35f503@group-D7AB9962850E->9cc1e37a-4716-4cf9-9175-b0181c43ba93: nextIndex: updateUnconditionally 1 -> 0
2019-11-15 20:30:11,887 [3276412b-a8eb-4e99-a9e7-479baf35f503@group-EAC58908E546-SegmentedRaftLogWorker] INFO  segmented.SegmentedRaftLogWorker (SegmentedRaftLogWorker.java:run(316)) - 3276412b-a8eb-4e99-a9e7-479baf35f503@group-EAC58908E546-SegmentedRaftLogWorker was interrupted, exiting. There are 0 tasks remaining in the queue.
2019-11-15 20:30:11,886 [ForkJoinPool.commonPool-worker-0] INFO  util.JmxRegister (JmxRegister.java:unregister(73)) - Successfully un-registered JMX Bean with object name Ratis:service=RaftServer,group=group-6B42BDB5A309,id=9cc1e37a-4716-4cf9-9175-b0181c43ba93
2019-11-15 20:30:11,893 [main] INFO  segmented.SegmentedRaftLogWorker (SegmentedRaftLogWorker.java:close(224)) - 3276412b-a8eb-4e99-a9e7-479baf35f503@group-EAC58908E546-SegmentedRaftLogWorker close()
2019-11-15 20:30:11,893 [ForkJoinPool.commonPool-worker-0] INFO  impl.RoleInfo (RoleInfo.java:shutdownLeaderState(104)) - 9cc1e37a-4716-4cf9-9175-b0181c43ba93: shutdown LeaderState
2019-11-15 20:30:11,894 [main] INFO  server.GrpcService (GrpcService.java:closeImpl(164)) - 3276412b-a8eb-4e99-a9e7-479baf35f503: shutdown server with port 46486 now
2019-11-15 20:30:11,895 [ForkJoinPool.commonPool-worker-0] INFO  impl.PendingRequests (PendingRequests.java:sendNotLeaderResponses(206)) - 9cc1e37a-4716-4cf9-9175-b0181c43ba93@group-6B42BDB5A309-PendingRequests: sendNotLeaderResponses
2019-11-15 20:30:11,895 [ForkJoinPool.commonPool-worker-0] INFO  impl.StateMachineUpdater (StateMachineUpdater.java:stopAndJoin(136)) - 9cc1e37a-4716-4cf9-9175-b0181c43ba93@group-6B42BDB5A309-StateMachineUpdater: set stopIndex = 0
2019-11-15 20:30:11,895 [main] INFO  server.GrpcService (GrpcService.java:closeImpl(172)) - 3276412b-a8eb-4e99-a9e7-479baf35f503: shutdown server with port 46486 successfully
2019-11-15 20:30:11,895 [ForkJoinPool.commonPool-worker-0] INFO  impl.RaftServerImpl (ServerState.java:close(387)) - 9cc1e37a-4716-4cf9-9175-b0181c43ba93@group-6B42BDB5A309: closes. applyIndex: 0
2019-11-15 20:30:11,896 [9cc1e37a-4716-4cf9-9175-b0181c43ba93@group-6B42BDB5A309-SegmentedRaftLogWorker] INFO  segmented.SegmentedRaftLogWorker (SegmentedRaftLogWorker.java:run(316)) - 9cc1e37a-4716-4cf9-9175-b0181c43ba93@group-6B42BDB5A309-SegmentedRaftLogWorker was interrupted, exiting. There are 0 tasks remaining in the queue.
2019-11-15 20:30:11,897 [ForkJoinPool.commonPool-worker-0] INFO  segmented.SegmentedRaftLogWorker (SegmentedRaftLogWorker.java:close(224)) - 9cc1e37a-4716-4cf9-9175-b0181c43ba93@group-6B42BDB5A309-SegmentedRaftLogWorker close()
2019-11-15 20:30:11,898 [ForkJoinPool.commonPool-worker-0] INFO  impl.RaftServerImpl (RaftServerImpl.java:lambda$shutdown$3(250)) - 9cc1e37a-4716-4cf9-9175-b0181c43ba93@group-D7AB9962850E: shutdown
2019-11-15 20:30:11,898 [ForkJoinPool.commonPool-worker-0] INFO  util.JmxRegister (JmxRegister.java:unregister(73)) - Successfully un-registered JMX Bean with object name Ratis:service=RaftServer,group=group-D7AB9962850E,id=9cc1e37a-4716-4cf9-9175-b0181c43ba93
2019-11-15 20:30:11,898 [ForkJoinPool.commonPool-worker-0] INFO  impl.RoleInfo (RoleInfo.java:shutdownFollowerState(121)) - 9cc1e37a-4716-4cf9-9175-b0181c43ba93: shutdown FollowerState
2019-11-15 20:30:11,898 [refreshUsed-/workdir/hadoop-ozone/integration-test/target/test-dir/MiniOzoneClusterImpl-383ae012-405b-46cc-a485-9d9df1ba09bf/datanode-4/data/containers] WARN  fs.CachingGetSpaceUsed (CachingGetSpaceUsed.java:run(183)) - Thread Interrupted waiting to refresh disk information: sleep interrupted
2019-11-15 20:30:11,899 [ForkJoinPool.commonPool-worker-0] INFO  impl.StateMachineUpdater (StateMachineUpdater.java:stopAndJoin(136)) - 9cc1e37a-4716-4cf9-9175-b0181c43ba93@group-D7AB9962850E-StateMachineUpdater: set stopIndex = 0
2019-11-15 20:30:11,899 [Thread-1931] INFO  impl.FollowerState (FollowerState.java:run(120)) - 9cc1e37a-4716-4cf9-9175-b0181c43ba93@group-D7AB9962850E-FollowerState was interrupted: java.lang.InterruptedException: sleep interrupted
2019-11-15 20:30:11,901 [ForkJoinPool.commonPool-worker-0] INFO  impl.RaftServerImpl (ServerState.java:close(387)) - 9cc1e37a-4716-4cf9-9175-b0181c43ba93@group-D7AB9962850E: closes. applyIndex: 0
2019-11-15 20:30:11,901 [9cc1e37a-4716-4cf9-9175-b0181c43ba93@group-D7AB9962850E-SegmentedRaftLogWorker] INFO  segmented.SegmentedRaftLogWorker (SegmentedRaftLogWorker.java:run(316)) - 9cc1e37a-4716-4cf9-9175-b0181c43ba93@group-D7AB9962850E-SegmentedRaftLogWorker was interrupted, exiting. There are 0 tasks remaining in the queue.
2019-11-15 20:30:11,902 [ForkJoinPool.commonPool-worker-0] INFO  segmented.SegmentedRaftLogWorker (SegmentedRaftLogWorker.java:close(224)) - 9cc1e37a-4716-4cf9-9175-b0181c43ba93@group-D7AB9962850E-SegmentedRaftLogWorker close()
2019-11-15 20:30:11,903 [ForkJoinPool.commonPool-worker-0] INFO  server.GrpcService (GrpcService.java:closeImpl(164)) - 9cc1e37a-4716-4cf9-9175-b0181c43ba93: shutdown server with port 43898 now
2019-11-15 20:30:11,903 [ForkJoinPool.commonPool-worker-0] INFO  server.GrpcService (GrpcService.java:closeImpl(172)) - 9cc1e37a-4716-4cf9-9175-b0181c43ba93: shutdown server with port 43898 successfully
2019-11-15 20:30:11,908 [refreshUsed-/workdir/hadoop-ozone/integration-test/target/test-dir/MiniOzoneClusterImpl-383ae012-405b-46cc-a485-9d9df1ba09bf/datanode-0/data/containers] WARN  fs.CachingGetSpaceUsed (CachingGetSpaceUsed.java:run(183)) - Thread Interrupted waiting to refresh disk information: sleep interrupted
2019-11-15 20:30:11,930 [ForkJoinPool.commonPool-worker-0] INFO  utils.BackgroundService (BackgroundService.java:shutdown(151)) - Shutting down service BlockDeletingService
2019-11-15 20:30:11,931 [main] INFO  utils.BackgroundService (BackgroundService.java:shutdown(151)) - Shutting down service BlockDeletingService
2019-11-15 20:30:11,932 [ForkJoinPool.commonPool-worker-0] INFO  statemachine.DatanodeStateMachine (DatanodeStateMachine.java:stopDaemon(400)) - Ozone container server stopped.
2019-11-15 20:30:11,936 [main] INFO  statemachine.DatanodeStateMachine (DatanodeStateMachine.java:stopDaemon(400)) - Ozone container server stopped.
2019-11-15 20:30:11,937 [main] INFO  handler.ContextHandler (ContextHandler.java:doStop(910)) - Stopped o.e.j.w.WebAppContext@dab1f89{/,null,UNAVAILABLE}{/hddsDatanode}
2019-11-15 20:30:11,937 [ForkJoinPool.commonPool-worker-0] INFO  handler.ContextHandler (ContextHandler.java:doStop(910)) - Stopped o.e.j.w.WebAppContext@2be21396{/,null,UNAVAILABLE}{/hddsDatanode}
2019-11-15 20:30:11,938 [ForkJoinPool.commonPool-worker-0] INFO  server.AbstractConnector (AbstractConnector.java:doStop(318)) - Stopped ServerConnector@124dac75{HTTP/1.1,[http/1.1]}{0.0.0.0:0}
2019-11-15 20:30:11,938 [main] INFO  server.AbstractConnector (AbstractConnector.java:doStop(318)) - Stopped ServerConnector@3a17b2e3{HTTP/1.1,[http/1.1]}{0.0.0.0:0}
2019-11-15 20:30:11,940 [ForkJoinPool.commonPool-worker-0] INFO  handler.ContextHandler (ContextHandler.java:doStop(910)) - Stopped o.e.j.s.ServletContextHandler@3aaa3c39{/static,jar:file:/home/user/.m2/repository/org/apache/hadoop/hadoop-hdds-container-service/0.5.0-SNAPSHOT/hadoop-hdds-container-service-0.5.0-SNAPSHOT.jar!/webapps/static,UNAVAILABLE}
2019-11-15 20:30:11,941 [main] INFO  handler.ContextHandler (ContextHandler.java:doStop(910)) - Stopped o.e.j.s.ServletContextHandler@4a8ffd75{/static,jar:file:/home/user/.m2/repository/org/apache/hadoop/hadoop-hdds-container-service/0.5.0-SNAPSHOT/hadoop-hdds-container-service-0.5.0-SNAPSHOT.jar!/webapps/static,UNAVAILABLE}
2019-11-15 20:30:11,941 [ForkJoinPool.commonPool-worker-0] INFO  handler.ContextHandler (ContextHandler.java:doStop(910)) - Stopped o.e.j.s.ServletContextHandler@6fff46bf{/logs,file:///workdir/hadoop-ozone/integration-test/target/log,UNAVAILABLE}
2019-11-15 20:30:11,941 [main] INFO  handler.ContextHandler (ContextHandler.java:doStop(910)) - Stopped o.e.j.s.ServletContextHandler@33eb6758{/logs,file:///workdir/hadoop-ozone/integration-test/target/log,UNAVAILABLE}
2019-11-15 20:30:11,943 [main] INFO  ozone.MiniOzoneClusterImpl (MiniOzoneClusterImpl.java:stopSCM(430)) - Stopping the StorageContainerManager
2019-11-15 20:30:11,943 [main] INFO  server.StorageContainerManager (StorageContainerManager.java:stop(804)) - Stopping Replication Manager Service.
2019-11-15 20:30:11,943 [main] INFO  container.ReplicationManager (ReplicationManager.java:stop(203)) - Stopping Replication Monitor Thread.
2019-11-15 20:30:11,943 [main] INFO  server.StorageContainerManager (StorageContainerManager.java:stop(811)) - Stopping Lease Manager of the command watchers
2019-11-15 20:30:11,943 [main] INFO  server.StorageContainerManager (StorageContainerManager.java:stop(818)) - Stopping datanode service RPC server
2019-11-15 20:30:11,943 [main] INFO  server.SCMDatanodeProtocolServer (SCMDatanodeProtocolServer.java:stop(346)) - Stopping the RPC server for DataNodes
2019-11-15 20:30:11,944 [main] INFO  ipc.Server (Server.java:stop(3082)) - Stopping server on 36632
2019-11-15 20:30:11,946 [IPC Server listener on 36632] INFO  ipc.Server (Server.java:run(1185)) - Stopping IPC Server listener on 36632
2019-11-15 20:30:11,946 [IPC Server Responder] INFO  ipc.Server (Server.java:run(1319)) - Stopping IPC Server Responder
2019-11-15 20:30:11,966 [SCM Heartbeat Processing Thread - 0] WARN  node.NodeStateManager (NodeStateManager.java:scheduleNextHealthCheck(646)) - Current Thread is interrupted, shutting down HB processing thread for Node Manager.
2019-11-15 20:30:11,967 [main] INFO  server.StorageContainerManager (StorageContainerManager.java:stop(826)) - Stopping block service RPC server
2019-11-15 20:30:11,967 [main] INFO  server.SCMBlockProtocolServer (SCMBlockProtocolServer.java:stop(155)) - Stopping the RPC server for Block Protocol
2019-11-15 20:30:11,967 [main] INFO  ipc.Server (Server.java:stop(3082)) - Stopping server on 36463
2019-11-15 20:30:11,968 [IPC Server listener on 36463] INFO  ipc.Server (Server.java:run(1185)) - Stopping IPC Server listener on 36463
2019-11-15 20:30:11,968 [main] INFO  server.StorageContainerManager (StorageContainerManager.java:stop(833)) - Stopping the StorageContainerLocationProtocol RPC server
2019-11-15 20:30:11,969 [IPC Server Responder] INFO  ipc.Server (Server.java:run(1319)) - Stopping IPC Server Responder
2019-11-15 20:30:11,969 [main] INFO  server.SCMClientProtocolServer (SCMClientProtocolServer.java:stop(169)) - Stopping the RPC server for Client Protocol
2019-11-15 20:30:11,970 [main] INFO  ipc.Server (Server.java:stop(3082)) - Stopping server on 42665
2019-11-15 20:30:11,971 [IPC Server listener on 42665] INFO  ipc.Server (Server.java:run(1185)) - Stopping IPC Server listener on 42665
2019-11-15 20:30:11,971 [main] INFO  server.StorageContainerManager (StorageContainerManager.java:stop(840)) - Stopping Storage Container Manager HTTP server.
2019-11-15 20:30:11,972 [IPC Server Responder] INFO  ipc.Server (Server.java:run(1319)) - Stopping IPC Server Responder
2019-11-15 20:30:11,973 [main] INFO  handler.ContextHandler (ContextHandler.java:doStop(910)) - Stopped o.e.j.w.WebAppContext@56dd6efa{/,null,UNAVAILABLE}{/scm}
2019-11-15 20:30:11,973 [main] INFO  server.AbstractConnector (AbstractConnector.java:doStop(318)) - Stopped ServerConnector@4d634127{HTTP/1.1,[http/1.1]}{0.0.0.0:0}
2019-11-15 20:30:11,974 [main] INFO  handler.ContextHandler (ContextHandler.java:doStop(910)) - Stopped o.e.j.s.ServletContextHandler@518ddd3b{/static,file:///workdir/hadoop-ozone/integration-test/target/test-classes/webapps/static,UNAVAILABLE}
2019-11-15 20:30:11,974 [main] INFO  handler.ContextHandler (ContextHandler.java:doStop(910)) - Stopped o.e.j.s.ServletContextHandler@3e8b3b79{/logs,file:///workdir/hadoop-ozone/integration-test/target/log,UNAVAILABLE}
2019-11-15 20:30:11,975 [main] INFO  server.StorageContainerManager (StorageContainerManager.java:stop(851)) - Stopping Block Manager Service.
2019-11-15 20:30:11,975 [main] INFO  utils.BackgroundService (BackgroundService.java:shutdown(151)) - Shutting down service SCMBlockDeletingService
2019-11-15 20:30:11,975 [main] INFO  utils.BackgroundService (BackgroundService.java:shutdown(151)) - Shutting down service SCMBlockDeletingService
2019-11-15 20:30:11,975 [main] INFO  server.StorageContainerManager (StorageContainerManager.java:stop(873)) - Stopping SCM Event Queue.
2019-11-15 20:30:11,980 [main] INFO  impl.MetricsSystemImpl (MetricsSystemImpl.java:stop(210)) - Stopping HddsDatanode metrics system...
2019-11-15 20:30:11,987 [main] INFO  impl.MetricsSystemImpl (MetricsSystemImpl.java:stop(216)) - HddsDatanode metrics system stopped.
]]></system-out>
    <system-err><![CDATA[Nov 15, 2019 8:30:01 PM org.apache.ratis.thirdparty.io.grpc.internal.SerializingExecutor run
SEVERE: Exception while executing runnable org.apache.ratis.thirdparty.io.grpc.internal.ServerImpl$JumpToApplicationThreadServerStreamListener$1Closed@6888dab7
org.apache.ratis.thirdparty.io.grpc.StatusRuntimeException: CANCELLED: call already cancelled
	at org.apache.ratis.thirdparty.io.grpc.Status.asRuntimeException(Status.java:517)
	at org.apache.ratis.thirdparty.io.grpc.stub.ServerCalls$ServerCallStreamObserverImpl.onCompleted(ServerCalls.java:356)
	at org.apache.ratis.grpc.server.GrpcServerProtocolService$ServerRequestStreamObserver.onError(GrpcServerProtocolService.java:121)
	at org.apache.ratis.thirdparty.io.grpc.stub.ServerCalls$StreamingServerCallHandler$StreamingServerCallListener.onCancel(ServerCalls.java:269)
	at org.apache.ratis.thirdparty.io.grpc.internal.ServerCallImpl$ServerStreamListenerImpl.closed(ServerCallImpl.java:293)
	at org.apache.ratis.thirdparty.io.grpc.internal.ServerImpl$JumpToApplicationThreadServerStreamListener$1Closed.runInContext(ServerImpl.java:741)
	at org.apache.ratis.thirdparty.io.grpc.internal.ContextRunnable.run(ContextRunnable.java:37)
	at org.apache.ratis.thirdparty.io.grpc.internal.SerializingExecutor.run(SerializingExecutor.java:123)
	at java.util.concurrent.ThreadPoolExecutor.runWorker(ThreadPoolExecutor.java:1149)
	at java.util.concurrent.ThreadPoolExecutor$Worker.run(ThreadPoolExecutor.java:624)
	at java.lang.Thread.run(Thread.java:748)

Nov 15, 2019 8:30:01 PM org.apache.ratis.thirdparty.io.grpc.internal.SerializingExecutor run
SEVERE: Exception while executing runnable org.apache.ratis.thirdparty.io.grpc.internal.ServerImpl$JumpToApplicationThreadServerStreamListener$1Closed@b706900
org.apache.ratis.thirdparty.io.grpc.StatusRuntimeException: CANCELLED: call already cancelled
	at org.apache.ratis.thirdparty.io.grpc.Status.asRuntimeException(Status.java:517)
	at org.apache.ratis.thirdparty.io.grpc.stub.ServerCalls$ServerCallStreamObserverImpl.onCompleted(ServerCalls.java:356)
	at org.apache.ratis.grpc.server.GrpcServerProtocolService$ServerRequestStreamObserver.onError(GrpcServerProtocolService.java:121)
	at org.apache.ratis.thirdparty.io.grpc.stub.ServerCalls$StreamingServerCallHandler$StreamingServerCallListener.onCancel(ServerCalls.java:269)
	at org.apache.ratis.thirdparty.io.grpc.internal.ServerCallImpl$ServerStreamListenerImpl.closed(ServerCallImpl.java:293)
	at org.apache.ratis.thirdparty.io.grpc.internal.ServerImpl$JumpToApplicationThreadServerStreamListener$1Closed.runInContext(ServerImpl.java:741)
	at org.apache.ratis.thirdparty.io.grpc.internal.ContextRunnable.run(ContextRunnable.java:37)
	at org.apache.ratis.thirdparty.io.grpc.internal.SerializingExecutor.run(SerializingExecutor.java:123)
	at java.util.concurrent.ThreadPoolExecutor.runWorker(ThreadPoolExecutor.java:1149)
	at java.util.concurrent.ThreadPoolExecutor$Worker.run(ThreadPoolExecutor.java:624)
	at java.lang.Thread.run(Thread.java:748)

Nov 15, 2019 8:30:06 PM org.apache.ratis.thirdparty.io.grpc.internal.SerializingExecutor run
SEVERE: Exception while executing runnable org.apache.ratis.thirdparty.io.grpc.internal.ServerImpl$JumpToApplicationThreadServerStreamListener$1Closed@11812d7c
org.apache.ratis.thirdparty.io.grpc.StatusRuntimeException: CANCELLED: call already cancelled
	at org.apache.ratis.thirdparty.io.grpc.Status.asRuntimeException(Status.java:517)
	at org.apache.ratis.thirdparty.io.grpc.stub.ServerCalls$ServerCallStreamObserverImpl.onCompleted(ServerCalls.java:356)
	at org.apache.ratis.grpc.server.GrpcServerProtocolService$ServerRequestStreamObserver.onError(GrpcServerProtocolService.java:121)
	at org.apache.ratis.thirdparty.io.grpc.stub.ServerCalls$StreamingServerCallHandler$StreamingServerCallListener.onCancel(ServerCalls.java:269)
	at org.apache.ratis.thirdparty.io.grpc.internal.ServerCallImpl$ServerStreamListenerImpl.closed(ServerCallImpl.java:293)
	at org.apache.ratis.thirdparty.io.grpc.internal.ServerImpl$JumpToApplicationThreadServerStreamListener$1Closed.runInContext(ServerImpl.java:741)
	at org.apache.ratis.thirdparty.io.grpc.internal.ContextRunnable.run(ContextRunnable.java:37)
	at org.apache.ratis.thirdparty.io.grpc.internal.SerializingExecutor.run(SerializingExecutor.java:123)
	at java.util.concurrent.ThreadPoolExecutor.runWorker(ThreadPoolExecutor.java:1149)
	at java.util.concurrent.ThreadPoolExecutor$Worker.run(ThreadPoolExecutor.java:624)
	at java.lang.Thread.run(Thread.java:748)

]]></system-err>
  </testcase>
</testsuite>