<?xml version="1.0" encoding="UTF-8"?>
<testsuite xmlns:xsi="http://www.w3.org/2001/XMLSchema-instance" xsi:noNamespaceSchemaLocation="https://maven.apache.org/surefire/maven-surefire-plugin/xsd/surefire-test-report.xsd" name="org.apache.hadoop.ozone.client.rpc.TestFailureHandlingByClient" time="286.691" tests="5" errors="0" skipped="0" failures="1">
  <properties>
    <property name="awt.toolkit" value="sun.awt.X11.XToolkit"/>
    <property name="file.encoding.pkg" value="sun.io"/>
    <property name="java.specification.version" value="1.8"/>
    <property name="sun.cpu.isalist" value=""/>
    <property name="sun.jnu.encoding" value="ANSI_X3.4-1968"/>
    <property name="java.class.path" value="/workdir/hadoop-ozone/integration-test/target/test-classes:/workdir/hadoop-ozone/integration-test/target/classes:/home/user/.m2/repository/org/apache/hadoop/hadoop-ozone-common/0.5.0-SNAPSHOT/hadoop-ozone-common-0.5.0-SNAPSHOT.jar:/home/user/.m2/repository/org/apache/commons/commons-compress/1.4.1/commons-compress-1.4.1.jar:/home/user/.m2/repository/org/tukaani/xz/1.0/xz-1.0.jar:/home/user/.m2/repository/org/apache/hadoop/hadoop-common/3.2.0/hadoop-common-3.2.0.jar:/home/user/.m2/repository/org/apache/hadoop/hadoop-hdfs/3.2.0/hadoop-hdfs-3.2.0.jar:/home/user/.m2/repository/org/apache/hadoop/hadoop-hdfs-client/3.2.0/hadoop-hdfs-client-3.2.0.jar:/home/user/.m2/repository/com/fasterxml/jackson/core/jackson-annotations/2.9.9/jackson-annotations-2.9.9.jar:/home/user/.m2/repository/org/apache/hadoop/hadoop-hdds-common/0.5.0-SNAPSHOT/hadoop-hdds-common-0.5.0-SNAPSHOT.jar:/home/user/.m2/repository/javax/annotation/javax.annotation-api/1.2/javax.annotation-api-1.2.jar:/home/user/.m2/repository/org/apache/ratis/ratis-server/0.5.0-d6d58d0-SNAPSHOT/ratis-server-0.5.0-d6d58d0-SNAPSHOT.jar:/home/user/.m2/repository/org/apache/ratis/ratis-thirdparty-misc/0.2.0/ratis-thirdparty-misc-0.2.0.jar:/home/user/.m2/repository/org/apache/ratis/ratis-proto/0.5.0-d6d58d0-SNAPSHOT/ratis-proto-0.5.0-d6d58d0-SNAPSHOT.jar:/home/user/.m2/repository/org/apache/ratis/ratis-common/0.5.0-d6d58d0-SNAPSHOT/ratis-common-0.5.0-d6d58d0-SNAPSHOT.jar:/home/user/.m2/repository/org/apache/ratis/ratis-client/0.5.0-d6d58d0-SNAPSHOT/ratis-client-0.5.0-d6d58d0-SNAPSHOT.jar:/home/user/.m2/repository/org/apache/ratis/ratis-metrics/0.5.0-d6d58d0-SNAPSHOT/ratis-metrics-0.5.0-d6d58d0-SNAPSHOT.jar:/home/user/.m2/repository/org/apache/ratis/ratis-netty/0.5.0-d6d58d0-SNAPSHOT/ratis-netty-0.5.0-d6d58d0-SNAPSHOT.jar:/home/user/.m2/repository/org/apache/ratis/ratis-grpc/0.5.0-d6d58d0-SNAPSHOT/ratis-grpc-0.5.0-d6d58d0-SNAPSHOT.jar:/home/user/.m2/repository/org/rocksdb/rocksdbjni/6.0.1/rocksdbjni-6.0.1.jar:/home/user/.m2/repository/org/apache/logging/log4j/log4j-api/2.11.0/log4j-api-2.11.0.jar:/home/user/.m2/repository/org/apache/logging/log4j/log4j-core/2.11.0/log4j-core-2.11.0.jar:/home/user/.m2/repository/com/lmax/disruptor/3.4.2/disruptor-3.4.2.jar:/home/user/.m2/repository/org/apache/commons/commons-pool2/2.6.0/commons-pool2-2.6.0.jar:/home/user/.m2/repository/org/bouncycastle/bcpkix-jdk15on/1.60/bcpkix-jdk15on-1.60.jar:/home/user/.m2/repository/commons-validator/commons-validator/1.6/commons-validator-1.6.jar:/home/user/.m2/repository/commons-digester/commons-digester/1.8.1/commons-digester-1.8.1.jar:/home/user/.m2/repository/io/jaegertracing/jaeger-client/0.34.0/jaeger-client-0.34.0.jar:/home/user/.m2/repository/io/jaegertracing/jaeger-thrift/0.34.0/jaeger-thrift-0.34.0.jar:/home/user/.m2/repository/org/apache/thrift/libthrift/0.12.0/libthrift-0.12.0.jar:/home/user/.m2/repository/com/squareup/okhttp3/okhttp/3.9.0/okhttp-3.9.0.jar:/home/user/.m2/repository/com/squareup/okio/okio/1.13.0/okio-1.13.0.jar:/home/user/.m2/repository/io/jaegertracing/jaeger-core/0.34.0/jaeger-core-0.34.0.jar:/home/user/.m2/repository/io/jaegertracing/jaeger-tracerresolver/0.34.0/jaeger-tracerresolver-0.34.0.jar:/home/user/.m2/repository/io/opentracing/contrib/opentracing-tracerresolver/0.1.5/opentracing-tracerresolver-0.1.5.jar:/home/user/.m2/repository/io/opentracing/opentracing-util/0.31.0/opentracing-util-0.31.0.jar:/home/user/.m2/repository/io/opentracing/opentracing-api/0.31.0/opentracing-api-0.31.0.jar:/home/user/.m2/repository/io/opentracing/opentracing-noop/0.31.0/opentracing-noop-0.31.0.jar:/home/user/.m2/repository/org/apache/hadoop/hadoop-hdds-server-framework/0.5.0-SNAPSHOT/hadoop-hdds-server-framework-0.5.0-SNAPSHOT.jar:/home/user/.m2/repository/org/apache/hadoop/hadoop-hdds-container-service/0.5.0-SNAPSHOT/hadoop-hdds-container-service-0.5.0-SNAPSHOT.jar:/home/user/.m2/repository/org/apache/hadoop/hadoop-hdds-client/0.5.0-SNAPSHOT/hadoop-hdds-client-0.5.0-SNAPSHOT.jar:/home/user/.m2/repository/org/apache/hadoop/hadoop-hdds-tools/0.5.0-SNAPSHOT/hadoop-hdds-tools-0.5.0-SNAPSHOT.jar:/home/user/.m2/repository/org/apache/hadoop/hadoop-hdds-server-scm/0.5.0-SNAPSHOT/hadoop-hdds-server-scm-0.5.0-SNAPSHOT.jar:/home/user/.m2/repository/org/apache/hadoop/hadoop-hdds-docs/0.5.0-SNAPSHOT/hadoop-hdds-docs-0.5.0-SNAPSHOT.jar:/home/user/.m2/repository/io/dropwizard/metrics/metrics-core/3.2.4/metrics-core-3.2.4.jar:/home/user/.m2/repository/org/hamcrest/hamcrest-all/1.3/hamcrest-all-1.3.jar:/home/user/.m2/repository/org/bouncycastle/bcprov-jdk15on/1.60/bcprov-jdk15on-1.60.jar:/home/user/.m2/repository/info/picocli/picocli/3.9.6/picocli-3.9.6.jar:/home/user/.m2/repository/com/google/protobuf/protobuf-java/2.5.0/protobuf-java-2.5.0.jar:/home/user/.m2/repository/com/google/guava/guava/11.0.2/guava-11.0.2.jar:/home/user/.m2/repository/org/apache/hadoop/hadoop-ozone-ozone-manager/0.5.0-SNAPSHOT/hadoop-ozone-ozone-manager-0.5.0-SNAPSHOT.jar:/home/user/.m2/repository/org/apache/hadoop/hadoop-minikdc/3.2.0/hadoop-minikdc-3.2.0.jar:/home/user/.m2/repository/commons-io/commons-io/2.5/commons-io-2.5.jar:/home/user/.m2/repository/org/apache/kerby/kerb-simplekdc/1.0.1/kerb-simplekdc-1.0.1.jar:/home/user/.m2/repository/org/apache/kerby/kerb-client/1.0.1/kerb-client-1.0.1.jar:/home/user/.m2/repository/org/apache/kerby/kerby-config/1.0.1/kerby-config-1.0.1.jar:/home/user/.m2/repository/org/apache/kerby/kerb-core/1.0.1/kerb-core-1.0.1.jar:/home/user/.m2/repository/org/apache/kerby/kerby-pkix/1.0.1/kerby-pkix-1.0.1.jar:/home/user/.m2/repository/org/apache/kerby/kerby-asn1/1.0.1/kerby-asn1-1.0.1.jar:/home/user/.m2/repository/org/apache/kerby/kerby-util/1.0.1/kerby-util-1.0.1.jar:/home/user/.m2/repository/org/apache/kerby/kerb-common/1.0.1/kerb-common-1.0.1.jar:/home/user/.m2/repository/org/apache/kerby/kerb-crypto/1.0.1/kerb-crypto-1.0.1.jar:/home/user/.m2/repository/org/apache/kerby/kerb-util/1.0.1/kerb-util-1.0.1.jar:/home/user/.m2/repository/org/apache/kerby/token-provider/1.0.1/token-provider-1.0.1.jar:/home/user/.m2/repository/org/apache/kerby/kerb-admin/1.0.1/kerb-admin-1.0.1.jar:/home/user/.m2/repository/org/apache/kerby/kerb-server/1.0.1/kerb-server-1.0.1.jar:/home/user/.m2/repository/org/apache/kerby/kerb-identity/1.0.1/kerb-identity-1.0.1.jar:/home/user/.m2/repository/org/apache/kerby/kerby-xdr/1.0.1/kerby-xdr-1.0.1.jar:/home/user/.m2/repository/org/slf4j/slf4j-log4j12/1.7.25/slf4j-log4j12-1.7.25.jar:/home/user/.m2/repository/org/apache/hadoop/hadoop-ozone-s3gateway/0.5.0-SNAPSHOT/hadoop-ozone-s3gateway-0.5.0-SNAPSHOT.jar:/home/user/.m2/repository/org/jboss/weld/servlet/weld-servlet/2.4.7.Final/weld-servlet-2.4.7.Final.jar:/home/user/.m2/repository/org/glassfish/jersey/containers/jersey-container-servlet-core/2.27/jersey-container-servlet-core-2.27.jar:/home/user/.m2/repository/org/glassfish/hk2/external/javax.inject/2.5.0-b42/javax.inject-2.5.0-b42.jar:/home/user/.m2/repository/org/glassfish/jersey/core/jersey-common/2.27/jersey-common-2.27.jar:/home/user/.m2/repository/org/glassfish/hk2/osgi-resource-locator/1.0.1/osgi-resource-locator-1.0.1.jar:/home/user/.m2/repository/javax/ws/rs/javax.ws.rs-api/2.1/javax.ws.rs-api-2.1.jar:/home/user/.m2/repository/org/glassfish/jersey/ext/cdi/jersey-cdi1x/2.27/jersey-cdi1x-2.27.jar:/home/user/.m2/repository/org/glassfish/jersey/inject/jersey-hk2/2.27/jersey-hk2-2.27.jar:/home/user/.m2/repository/org/glassfish/hk2/hk2-locator/2.5.0-b42/hk2-locator-2.5.0-b42.jar:/home/user/.m2/repository/org/javassist/javassist/3.22.0-CR2/javassist-3.22.0-CR2.jar:/home/user/.m2/repository/org/glassfish/hk2/hk2-api/2.5.0/hk2-api-2.5.0.jar:/home/user/.m2/repository/org/glassfish/hk2/external/jakarta.inject/2.5.0/jakarta.inject-2.5.0.jar:/home/user/.m2/repository/org/glassfish/hk2/hk2-utils/2.5.0/hk2-utils-2.5.0.jar:/home/user/.m2/repository/jakarta/annotation/jakarta.annotation-api/1.3.4/jakarta.annotation-api-1.3.4.jar:/home/user/.m2/repository/org/glassfish/hk2/external/aopalliance-repackaged/2.5.0/aopalliance-repackaged-2.5.0.jar:/home/user/.m2/repository/com/fasterxml/jackson/dataformat/jackson-dataformat-xml/2.9.0/jackson-dataformat-xml-2.9.0.jar:/home/user/.m2/repository/com/fasterxml/jackson/core/jackson-core/2.9.9/jackson-core-2.9.9.jar:/home/user/.m2/repository/com/fasterxml/jackson/module/jackson-module-jaxb-annotations/2.9.9/jackson-module-jaxb-annotations-2.9.9.jar:/home/user/.m2/repository/javax/enterprise/cdi-api/1.2/cdi-api-1.2.jar:/home/user/.m2/repository/javax/el/javax.el-api/3.0.0/javax.el-api-3.0.0.jar:/home/user/.m2/repository/javax/interceptor/javax.interceptor-api/1.2/javax.interceptor-api-1.2.jar:/home/user/.m2/repository/javax/inject/javax.inject/1/javax.inject-1.jar:/home/user/.m2/repository/com/sun/xml/bind/jaxb-impl/2.3.0.1/jaxb-impl-2.3.0.1.jar:/home/user/.m2/repository/com/sun/xml/bind/jaxb-core/2.3.0.1/jaxb-core-2.3.0.1.jar:/home/user/.m2/repository/javax/xml/bind/jaxb-api/2.3.0/jaxb-api-2.3.0.jar:/home/user/.m2/repository/javax/activation/activation/1.1.1/activation-1.1.1.jar:/home/user/.m2/repository/org/apache/hadoop/hadoop-ozone-csi/0.5.0-SNAPSHOT/hadoop-ozone-csi-0.5.0-SNAPSHOT.jar:/home/user/.m2/repository/com/google/protobuf/protobuf-java-util/3.5.1/protobuf-java-util-3.5.1.jar:/home/user/.m2/repository/org/apache/hadoop/hadoop-hdds-config/0.5.0-SNAPSHOT/hadoop-hdds-config-0.5.0-SNAPSHOT.jar:/home/user/.m2/repository/io/grpc/grpc-netty/1.17.1/grpc-netty-1.17.1.jar:/home/user/.m2/repository/io/grpc/grpc-core/1.17.1/grpc-core-1.17.1.jar:/home/user/.m2/repository/io/grpc/grpc-context/1.17.1/grpc-context-1.17.1.jar:/home/user/.m2/repository/com/google/errorprone/error_prone_annotations/2.2.0/error_prone_annotations-2.2.0.jar:/home/user/.m2/repository/org/codehaus/mojo/animal-sniffer-annotations/1.17/animal-sniffer-annotations-1.17.jar:/home/user/.m2/repository/io/opencensus/opencensus-api/0.17.0/opencensus-api-0.17.0.jar:/home/user/.m2/repository/io/opencensus/opencensus-contrib-grpc-metrics/0.17.0/opencensus-contrib-grpc-metrics-0.17.0.jar:/home/user/.m2/repository/io/netty/netty-codec-http2/4.1.30.Final/netty-codec-http2-4.1.30.Final.jar:/home/user/.m2/repository/io/netty/netty-codec-http/4.1.30.Final/netty-codec-http-4.1.30.Final.jar:/home/user/.m2/repository/io/netty/netty-codec/4.1.30.Final/netty-codec-4.1.30.Final.jar:/home/user/.m2/repository/io/netty/netty-handler/4.1.30.Final/netty-handler-4.1.30.Final.jar:/home/user/.m2/repository/io/netty/netty-handler-proxy/4.1.30.Final/netty-handler-proxy-4.1.30.Final.jar:/home/user/.m2/repository/io/netty/netty-codec-socks/4.1.30.Final/netty-codec-socks-4.1.30.Final.jar:/home/user/.m2/repository/io/netty/netty-transport-native-epoll/4.1.30.Final/netty-transport-native-epoll-4.1.30.Final.jar:/home/user/.m2/repository/io/netty/netty-common/4.1.30.Final/netty-common-4.1.30.Final.jar:/home/user/.m2/repository/io/netty/netty-buffer/4.1.30.Final/netty-buffer-4.1.30.Final.jar:/home/user/.m2/repository/io/netty/netty-transport/4.1.30.Final/netty-transport-4.1.30.Final.jar:/home/user/.m2/repository/io/netty/netty-resolver/4.1.30.Final/netty-resolver-4.1.30.Final.jar:/home/user/.m2/repository/io/netty/netty-transport-native-unix-common/4.1.30.Final/netty-transport-native-unix-common-4.1.30.Final.jar:/home/user/.m2/repository/io/grpc/grpc-protobuf/1.17.1/grpc-protobuf-1.17.1.jar:/home/user/.m2/repository/com/google/api/grpc/proto-google-common-protos/1.0.0/proto-google-common-protos-1.0.0.jar:/home/user/.m2/repository/io/grpc/grpc-protobuf-lite/1.17.1/grpc-protobuf-lite-1.17.1.jar:/home/user/.m2/repository/io/grpc/grpc-stub/1.17.1/grpc-stub-1.17.1.jar:/home/user/.m2/repository/org/apache/hadoop/hadoop-ozone-recon/0.5.0-SNAPSHOT/hadoop-ozone-recon-0.5.0-SNAPSHOT.jar:/home/user/.m2/repository/org/apache/hadoop/hadoop-ozone-reconcodegen/0.5.0-SNAPSHOT/hadoop-ozone-reconcodegen-0.5.0-SNAPSHOT.jar:/home/user/.m2/repository/com/google/inject/extensions/guice-multibindings/4.0/guice-multibindings-4.0.jar:/home/user/.m2/repository/com/google/inject/guice/4.0/guice-4.0.jar:/home/user/.m2/repository/aopalliance/aopalliance/1.0/aopalliance-1.0.jar:/home/user/.m2/repository/com/google/inject/extensions/guice-servlet/4.0/guice-servlet-4.0.jar:/home/user/.m2/repository/org/glassfish/jersey/containers/jersey-container-servlet/2.27/jersey-container-servlet-2.27.jar:/home/user/.m2/repository/org/glassfish/hk2/guice-bridge/2.5.0/guice-bridge-2.5.0.jar:/home/user/.m2/repository/org/glassfish/jersey/core/jersey-server/2.27/jersey-server-2.27.jar:/home/user/.m2/repository/org/glassfish/jersey/core/jersey-client/2.27/jersey-client-2.27.jar:/home/user/.m2/repository/org/glassfish/jersey/media/jersey-media-jaxb/2.27/jersey-media-jaxb-2.27.jar:/home/user/.m2/repository/javax/validation/validation-api/1.1.0.Final/validation-api-1.1.0.Final.jar:/home/user/.m2/repository/org/glassfish/jersey/media/jersey-media-json-jackson/2.27/jersey-media-json-jackson-2.27.jar:/home/user/.m2/repository/org/glassfish/jersey/ext/jersey-entity-filtering/2.27/jersey-entity-filtering-2.27.jar:/home/user/.m2/repository/com/google/inject/extensions/guice-assistedinject/4.0/guice-assistedinject-4.0.jar:/home/user/.m2/repository/org/jooq/jooq/3.11.10/jooq-3.11.10.jar:/home/user/.m2/repository/org/jooq/jooq-meta/3.11.10/jooq-meta-3.11.10.jar:/home/user/.m2/repository/org/jooq/jooq-codegen/3.11.10/jooq-codegen-3.11.10.jar:/home/user/.m2/repository/com/jolbox/bonecp/0.8.0.RELEASE/bonecp-0.8.0.RELEASE.jar:/home/user/.m2/repository/org/xerial/sqlite-jdbc/3.25.2/sqlite-jdbc-3.25.2.jar:/home/user/.m2/repository/org/springframework/spring-jdbc/5.1.3.RELEASE/spring-jdbc-5.1.3.RELEASE.jar:/home/user/.m2/repository/org/springframework/spring-beans/5.1.3.RELEASE/spring-beans-5.1.3.RELEASE.jar:/home/user/.m2/repository/org/springframework/spring-core/5.1.3.RELEASE/spring-core-5.1.3.RELEASE.jar:/home/user/.m2/repository/org/springframework/spring-jcl/5.1.3.RELEASE/spring-jcl-5.1.3.RELEASE.jar:/home/user/.m2/repository/org/springframework/spring-tx/5.1.3.RELEASE/spring-tx-5.1.3.RELEASE.jar:/home/user/.m2/repository/org/apache/hadoop/hadoop-ozone-client/0.5.0-SNAPSHOT/hadoop-ozone-client-0.5.0-SNAPSHOT.jar:/home/user/.m2/repository/commons-lang/commons-lang/2.6/commons-lang-2.6.jar:/home/user/.m2/repository/org/apache/hadoop/hadoop-ozone-ozone-manager/0.5.0-SNAPSHOT/hadoop-ozone-ozone-manager-0.5.0-SNAPSHOT-tests.jar:/home/user/.m2/repository/junit/junit/4.11/junit-4.11.jar:/home/user/.m2/repository/org/hamcrest/hamcrest-core/1.3/hamcrest-core-1.3.jar:/home/user/.m2/repository/org/openjdk/jmh/jmh-core/1.19/jmh-core-1.19.jar:/home/user/.m2/repository/net/sf/jopt-simple/jopt-simple/4.6/jopt-simple-4.6.jar:/home/user/.m2/repository/org/apache/commons/commons-math3/3.1.1/commons-math3-3.1.1.jar:/home/user/.m2/repository/org/openjdk/jmh/jmh-generator-annprocess/1.19/jmh-generator-annprocess-1.19.jar:/home/user/.m2/repository/org/mockito/mockito-all/1.8.5/mockito-all-1.8.5.jar:/home/user/.m2/repository/org/apache/hadoop/hadoop-kms/3.2.0/hadoop-kms-3.2.0.jar:/home/user/.m2/repository/org/apache/hadoop/hadoop-auth/3.2.0/hadoop-auth-3.2.0.jar:/home/user/.m2/repository/com/nimbusds/nimbus-jose-jwt/4.41.1/nimbus-jose-jwt-4.41.1.jar:/home/user/.m2/repository/com/github/stephenc/jcip/jcip-annotations/1.0-1/jcip-annotations-1.0-1.jar:/home/user/.m2/repository/net/minidev/json-smart/2.3/json-smart-2.3.jar:/home/user/.m2/repository/net/minidev/accessors-smart/1.2/accessors-smart-1.2.jar:/home/user/.m2/repository/org/ow2/asm/asm/5.0.4/asm-5.0.4.jar:/home/user/.m2/repository/org/apache/curator/curator-framework/2.12.0/curator-framework-2.12.0.jar:/home/user/.m2/repository/com/sun/jersey/jersey-core/1.19/jersey-core-1.19.jar:/home/user/.m2/repository/javax/ws/rs/jsr311-api/1.1.1/jsr311-api-1.1.1.jar:/home/user/.m2/repository/com/sun/jersey/jersey-server/1.19/jersey-server-1.19.jar:/home/user/.m2/repository/javax/servlet/javax.servlet-api/3.1.0/javax.servlet-api-3.1.0.jar:/home/user/.m2/repository/org/eclipse/jetty/jetty-server/9.3.25.v20180904/jetty-server-9.3.25.v20180904.jar:/home/user/.m2/repository/org/eclipse/jetty/jetty-http/9.3.25.v20180904/jetty-http-9.3.25.v20180904.jar:/home/user/.m2/repository/org/eclipse/jetty/jetty-io/9.3.25.v20180904/jetty-io-9.3.25.v20180904.jar:/home/user/.m2/repository/org/eclipse/jetty/jetty-webapp/9.3.25.v20180904/jetty-webapp-9.3.25.v20180904.jar:/home/user/.m2/repository/org/eclipse/jetty/jetty-xml/9.3.25.v20180904/jetty-xml-9.3.25.v20180904.jar:/home/user/.m2/repository/log4j/log4j/1.2.17/log4j-1.2.17.jar:/home/user/.m2/repository/org/slf4j/slf4j-api/1.7.25/slf4j-api-1.7.25.jar:/home/user/.m2/repository/org/slf4j/jul-to-slf4j/1.7.25/jul-to-slf4j-1.7.25.jar:/home/user/.m2/repository/org/eclipse/jetty/jetty-util/9.3.25.v20180904/jetty-util-9.3.25.v20180904.jar:/home/user/.m2/repository/com/fasterxml/jackson/core/jackson-databind/2.9.9/jackson-databind-2.9.9.jar:/home/user/.m2/repository/org/apache/hadoop/hadoop-kms/3.2.0/hadoop-kms-3.2.0-tests.jar:/home/user/.m2/repository/org/apache/hadoop/hadoop-hdds-server-scm/0.5.0-SNAPSHOT/hadoop-hdds-server-scm-0.5.0-SNAPSHOT-tests.jar:/home/user/.m2/repository/org/apache/hadoop/hadoop-hdds-container-service/0.5.0-SNAPSHOT/hadoop-hdds-container-service-0.5.0-SNAPSHOT-tests.jar:/home/user/.m2/repository/org/yaml/snakeyaml/1.16/snakeyaml-1.16.jar:/home/user/.m2/repository/org/apache/hadoop/hadoop-common/3.2.0/hadoop-common-3.2.0-tests.jar:/home/user/.m2/repository/org/apache/hadoop/hadoop-annotations/3.2.0/hadoop-annotations-3.2.0.jar:/usr/lib/jvm/java-1.8.0-openjdk-1.8.0.222.b10-1.el7_7.x86_64/jre/../lib/tools.jar:/home/user/.m2/repository/commons-cli/commons-cli/1.2/commons-cli-1.2.jar:/home/user/.m2/repository/org/apache/httpcomponents/httpclient/4.5.2/httpclient-4.5.2.jar:/home/user/.m2/repository/org/apache/httpcomponents/httpcore/4.4.4/httpcore-4.4.4.jar:/home/user/.m2/repository/commons-codec/commons-codec/1.11/commons-codec-1.11.jar:/home/user/.m2/repository/commons-net/commons-net/3.6/commons-net-3.6.jar:/home/user/.m2/repository/commons-collections/commons-collections/3.2.2/commons-collections-3.2.2.jar:/home/user/.m2/repository/org/eclipse/jetty/jetty-servlet/9.3.25.v20180904/jetty-servlet-9.3.25.v20180904.jar:/home/user/.m2/repository/org/eclipse/jetty/jetty-security/9.3.25.v20180904/jetty-security-9.3.25.v20180904.jar:/home/user/.m2/repository/javax/servlet/jsp/jsp-api/2.1/jsp-api-2.1.jar:/home/user/.m2/repository/com/sun/jersey/jersey-servlet/1.19/jersey-servlet-1.19.jar:/home/user/.m2/repository/com/sun/jersey/jersey-json/1.19/jersey-json-1.19.jar:/home/user/.m2/repository/org/codehaus/jettison/jettison/1.1/jettison-1.1.jar:/home/user/.m2/repository/org/codehaus/jackson/jackson-core-asl/1.9.13/jackson-core-asl-1.9.13.jar:/home/user/.m2/repository/org/codehaus/jackson/jackson-mapper-asl/1.9.13/jackson-mapper-asl-1.9.13.jar:/home/user/.m2/repository/org/codehaus/jackson/jackson-jaxrs/1.9.13/jackson-jaxrs-1.9.13.jar:/home/user/.m2/repository/org/codehaus/jackson/jackson-xc/1.9.13/jackson-xc-1.9.13.jar:/home/user/.m2/repository/commons-logging/commons-logging/1.1.3/commons-logging-1.1.3.jar:/home/user/.m2/repository/commons-beanutils/commons-beanutils/1.9.4/commons-beanutils-1.9.4.jar:/home/user/.m2/repository/org/apache/commons/commons-configuration2/2.1.1/commons-configuration2-2.1.1.jar:/home/user/.m2/repository/org/apache/commons/commons-lang3/3.7/commons-lang3-3.7.jar:/home/user/.m2/repository/org/apache/commons/commons-text/1.4/commons-text-1.4.jar:/home/user/.m2/repository/org/apache/avro/avro/1.7.7/avro-1.7.7.jar:/home/user/.m2/repository/com/thoughtworks/paranamer/paranamer/2.3/paranamer-2.3.jar:/home/user/.m2/repository/org/xerial/snappy/snappy-java/1.0.5/snappy-java-1.0.5.jar:/home/user/.m2/repository/com/google/re2j/re2j/1.1/re2j-1.1.jar:/home/user/.m2/repository/com/google/code/gson/gson/2.2.4/gson-2.2.4.jar:/home/user/.m2/repository/com/jcraft/jsch/0.1.54/jsch-0.1.54.jar:/home/user/.m2/repository/org/apache/curator/curator-client/2.12.0/curator-client-2.12.0.jar:/home/user/.m2/repository/org/apache/curator/curator-recipes/2.12.0/curator-recipes-2.12.0.jar:/home/user/.m2/repository/com/google/code/findbugs/jsr305/3.0.0/jsr305-3.0.0.jar:/home/user/.m2/repository/org/apache/htrace/htrace-core4/4.1.0-incubating/htrace-core4-4.1.0-incubating.jar:/home/user/.m2/repository/org/apache/zookeeper/zookeeper/3.4.13/zookeeper-3.4.13.jar:/home/user/.m2/repository/jline/jline/0.9.94/jline-0.9.94.jar:/home/user/.m2/repository/org/apache/yetus/audience-annotations/0.5.0/audience-annotations-0.5.0.jar:/home/user/.m2/repository/org/codehaus/woodstox/stax2-api/3.1.4/stax2-api-3.1.4.jar:/home/user/.m2/repository/com/fasterxml/woodstox/woodstox-core/5.0.3/woodstox-core-5.0.3.jar:/home/user/.m2/repository/dnsjava/dnsjava/2.1.7/dnsjava-2.1.7.jar:/home/user/.m2/repository/org/apache/hadoop/hadoop-hdfs/3.2.0/hadoop-hdfs-3.2.0-tests.jar:/home/user/.m2/repository/org/eclipse/jetty/jetty-util-ajax/9.3.25.v20180904/jetty-util-ajax-9.3.25.v20180904.jar:/home/user/.m2/repository/commons-daemon/commons-daemon/1.0.13/commons-daemon-1.0.13.jar:/home/user/.m2/repository/io/netty/netty/3.10.5.Final/netty-3.10.5.Final.jar:/home/user/.m2/repository/io/netty/netty-all/4.0.52.Final/netty-all-4.0.52.Final.jar:/home/user/.m2/repository/org/fusesource/leveldbjni/leveldbjni-all/1.8/leveldbjni-all-1.8.jar:"/>
    <property name="java.vm.vendor" value="Oracle Corporation"/>
    <property name="sun.arch.data.model" value="64"/>
    <property name="test.build.dir" value="/workdir/hadoop-ozone/integration-test/target/test-dir"/>
    <property name="test.cache.data" value=""/>
    <property name="java.vendor.url" value="http://java.oracle.com/"/>
    <property name="user.timezone" value=""/>
    <property name="java.vm.specification.version" value="1.8"/>
    <property name="os.name" value="Linux"/>
    <property name="test.build.data" value="/workdir/hadoop-ozone/integration-test/target/test-dir"/>
    <property name="user.country" value="US"/>
    <property name="sun.java.launcher" value="SUN_STANDARD"/>
    <property name="sun.boot.library.path" value="/usr/lib/jvm/java-1.8.0-openjdk-1.8.0.222.b10-1.el7_7.x86_64/jre/lib/amd64"/>
    <property name="sun.java.command" value="/workdir/hadoop-ozone/integration-test/target/surefire/surefirebooter4204125196748355779.jar /workdir/hadoop-ozone/integration-test/target/surefire 2019-11-15T19-49-49_054-jvmRun1 surefire2170041896258988631tmp surefire_347234903213353422245tmp"/>
    <property name="surefire.test.class.path" value="/workdir/hadoop-ozone/integration-test/target/test-classes:/workdir/hadoop-ozone/integration-test/target/classes:/home/user/.m2/repository/org/apache/hadoop/hadoop-ozone-common/0.5.0-SNAPSHOT/hadoop-ozone-common-0.5.0-SNAPSHOT.jar:/home/user/.m2/repository/org/apache/commons/commons-compress/1.4.1/commons-compress-1.4.1.jar:/home/user/.m2/repository/org/tukaani/xz/1.0/xz-1.0.jar:/home/user/.m2/repository/org/apache/hadoop/hadoop-common/3.2.0/hadoop-common-3.2.0.jar:/home/user/.m2/repository/org/apache/hadoop/hadoop-hdfs/3.2.0/hadoop-hdfs-3.2.0.jar:/home/user/.m2/repository/org/apache/hadoop/hadoop-hdfs-client/3.2.0/hadoop-hdfs-client-3.2.0.jar:/home/user/.m2/repository/com/fasterxml/jackson/core/jackson-annotations/2.9.9/jackson-annotations-2.9.9.jar:/home/user/.m2/repository/org/apache/hadoop/hadoop-hdds-common/0.5.0-SNAPSHOT/hadoop-hdds-common-0.5.0-SNAPSHOT.jar:/home/user/.m2/repository/javax/annotation/javax.annotation-api/1.2/javax.annotation-api-1.2.jar:/home/user/.m2/repository/org/apache/ratis/ratis-server/0.5.0-d6d58d0-SNAPSHOT/ratis-server-0.5.0-d6d58d0-SNAPSHOT.jar:/home/user/.m2/repository/org/apache/ratis/ratis-thirdparty-misc/0.2.0/ratis-thirdparty-misc-0.2.0.jar:/home/user/.m2/repository/org/apache/ratis/ratis-proto/0.5.0-d6d58d0-SNAPSHOT/ratis-proto-0.5.0-d6d58d0-SNAPSHOT.jar:/home/user/.m2/repository/org/apache/ratis/ratis-common/0.5.0-d6d58d0-SNAPSHOT/ratis-common-0.5.0-d6d58d0-SNAPSHOT.jar:/home/user/.m2/repository/org/apache/ratis/ratis-client/0.5.0-d6d58d0-SNAPSHOT/ratis-client-0.5.0-d6d58d0-SNAPSHOT.jar:/home/user/.m2/repository/org/apache/ratis/ratis-metrics/0.5.0-d6d58d0-SNAPSHOT/ratis-metrics-0.5.0-d6d58d0-SNAPSHOT.jar:/home/user/.m2/repository/org/apache/ratis/ratis-netty/0.5.0-d6d58d0-SNAPSHOT/ratis-netty-0.5.0-d6d58d0-SNAPSHOT.jar:/home/user/.m2/repository/org/apache/ratis/ratis-grpc/0.5.0-d6d58d0-SNAPSHOT/ratis-grpc-0.5.0-d6d58d0-SNAPSHOT.jar:/home/user/.m2/repository/org/rocksdb/rocksdbjni/6.0.1/rocksdbjni-6.0.1.jar:/home/user/.m2/repository/org/apache/logging/log4j/log4j-api/2.11.0/log4j-api-2.11.0.jar:/home/user/.m2/repository/org/apache/logging/log4j/log4j-core/2.11.0/log4j-core-2.11.0.jar:/home/user/.m2/repository/com/lmax/disruptor/3.4.2/disruptor-3.4.2.jar:/home/user/.m2/repository/org/apache/commons/commons-pool2/2.6.0/commons-pool2-2.6.0.jar:/home/user/.m2/repository/org/bouncycastle/bcpkix-jdk15on/1.60/bcpkix-jdk15on-1.60.jar:/home/user/.m2/repository/commons-validator/commons-validator/1.6/commons-validator-1.6.jar:/home/user/.m2/repository/commons-digester/commons-digester/1.8.1/commons-digester-1.8.1.jar:/home/user/.m2/repository/io/jaegertracing/jaeger-client/0.34.0/jaeger-client-0.34.0.jar:/home/user/.m2/repository/io/jaegertracing/jaeger-thrift/0.34.0/jaeger-thrift-0.34.0.jar:/home/user/.m2/repository/org/apache/thrift/libthrift/0.12.0/libthrift-0.12.0.jar:/home/user/.m2/repository/com/squareup/okhttp3/okhttp/3.9.0/okhttp-3.9.0.jar:/home/user/.m2/repository/com/squareup/okio/okio/1.13.0/okio-1.13.0.jar:/home/user/.m2/repository/io/jaegertracing/jaeger-core/0.34.0/jaeger-core-0.34.0.jar:/home/user/.m2/repository/io/jaegertracing/jaeger-tracerresolver/0.34.0/jaeger-tracerresolver-0.34.0.jar:/home/user/.m2/repository/io/opentracing/contrib/opentracing-tracerresolver/0.1.5/opentracing-tracerresolver-0.1.5.jar:/home/user/.m2/repository/io/opentracing/opentracing-util/0.31.0/opentracing-util-0.31.0.jar:/home/user/.m2/repository/io/opentracing/opentracing-api/0.31.0/opentracing-api-0.31.0.jar:/home/user/.m2/repository/io/opentracing/opentracing-noop/0.31.0/opentracing-noop-0.31.0.jar:/home/user/.m2/repository/org/apache/hadoop/hadoop-hdds-server-framework/0.5.0-SNAPSHOT/hadoop-hdds-server-framework-0.5.0-SNAPSHOT.jar:/home/user/.m2/repository/org/apache/hadoop/hadoop-hdds-container-service/0.5.0-SNAPSHOT/hadoop-hdds-container-service-0.5.0-SNAPSHOT.jar:/home/user/.m2/repository/org/apache/hadoop/hadoop-hdds-client/0.5.0-SNAPSHOT/hadoop-hdds-client-0.5.0-SNAPSHOT.jar:/home/user/.m2/repository/org/apache/hadoop/hadoop-hdds-tools/0.5.0-SNAPSHOT/hadoop-hdds-tools-0.5.0-SNAPSHOT.jar:/home/user/.m2/repository/org/apache/hadoop/hadoop-hdds-server-scm/0.5.0-SNAPSHOT/hadoop-hdds-server-scm-0.5.0-SNAPSHOT.jar:/home/user/.m2/repository/org/apache/hadoop/hadoop-hdds-docs/0.5.0-SNAPSHOT/hadoop-hdds-docs-0.5.0-SNAPSHOT.jar:/home/user/.m2/repository/io/dropwizard/metrics/metrics-core/3.2.4/metrics-core-3.2.4.jar:/home/user/.m2/repository/org/hamcrest/hamcrest-all/1.3/hamcrest-all-1.3.jar:/home/user/.m2/repository/org/bouncycastle/bcprov-jdk15on/1.60/bcprov-jdk15on-1.60.jar:/home/user/.m2/repository/info/picocli/picocli/3.9.6/picocli-3.9.6.jar:/home/user/.m2/repository/com/google/protobuf/protobuf-java/2.5.0/protobuf-java-2.5.0.jar:/home/user/.m2/repository/com/google/guava/guava/11.0.2/guava-11.0.2.jar:/home/user/.m2/repository/org/apache/hadoop/hadoop-ozone-ozone-manager/0.5.0-SNAPSHOT/hadoop-ozone-ozone-manager-0.5.0-SNAPSHOT.jar:/home/user/.m2/repository/org/apache/hadoop/hadoop-minikdc/3.2.0/hadoop-minikdc-3.2.0.jar:/home/user/.m2/repository/commons-io/commons-io/2.5/commons-io-2.5.jar:/home/user/.m2/repository/org/apache/kerby/kerb-simplekdc/1.0.1/kerb-simplekdc-1.0.1.jar:/home/user/.m2/repository/org/apache/kerby/kerb-client/1.0.1/kerb-client-1.0.1.jar:/home/user/.m2/repository/org/apache/kerby/kerby-config/1.0.1/kerby-config-1.0.1.jar:/home/user/.m2/repository/org/apache/kerby/kerb-core/1.0.1/kerb-core-1.0.1.jar:/home/user/.m2/repository/org/apache/kerby/kerby-pkix/1.0.1/kerby-pkix-1.0.1.jar:/home/user/.m2/repository/org/apache/kerby/kerby-asn1/1.0.1/kerby-asn1-1.0.1.jar:/home/user/.m2/repository/org/apache/kerby/kerby-util/1.0.1/kerby-util-1.0.1.jar:/home/user/.m2/repository/org/apache/kerby/kerb-common/1.0.1/kerb-common-1.0.1.jar:/home/user/.m2/repository/org/apache/kerby/kerb-crypto/1.0.1/kerb-crypto-1.0.1.jar:/home/user/.m2/repository/org/apache/kerby/kerb-util/1.0.1/kerb-util-1.0.1.jar:/home/user/.m2/repository/org/apache/kerby/token-provider/1.0.1/token-provider-1.0.1.jar:/home/user/.m2/repository/org/apache/kerby/kerb-admin/1.0.1/kerb-admin-1.0.1.jar:/home/user/.m2/repository/org/apache/kerby/kerb-server/1.0.1/kerb-server-1.0.1.jar:/home/user/.m2/repository/org/apache/kerby/kerb-identity/1.0.1/kerb-identity-1.0.1.jar:/home/user/.m2/repository/org/apache/kerby/kerby-xdr/1.0.1/kerby-xdr-1.0.1.jar:/home/user/.m2/repository/org/slf4j/slf4j-log4j12/1.7.25/slf4j-log4j12-1.7.25.jar:/home/user/.m2/repository/org/apache/hadoop/hadoop-ozone-s3gateway/0.5.0-SNAPSHOT/hadoop-ozone-s3gateway-0.5.0-SNAPSHOT.jar:/home/user/.m2/repository/org/jboss/weld/servlet/weld-servlet/2.4.7.Final/weld-servlet-2.4.7.Final.jar:/home/user/.m2/repository/org/glassfish/jersey/containers/jersey-container-servlet-core/2.27/jersey-container-servlet-core-2.27.jar:/home/user/.m2/repository/org/glassfish/hk2/external/javax.inject/2.5.0-b42/javax.inject-2.5.0-b42.jar:/home/user/.m2/repository/org/glassfish/jersey/core/jersey-common/2.27/jersey-common-2.27.jar:/home/user/.m2/repository/org/glassfish/hk2/osgi-resource-locator/1.0.1/osgi-resource-locator-1.0.1.jar:/home/user/.m2/repository/javax/ws/rs/javax.ws.rs-api/2.1/javax.ws.rs-api-2.1.jar:/home/user/.m2/repository/org/glassfish/jersey/ext/cdi/jersey-cdi1x/2.27/jersey-cdi1x-2.27.jar:/home/user/.m2/repository/org/glassfish/jersey/inject/jersey-hk2/2.27/jersey-hk2-2.27.jar:/home/user/.m2/repository/org/glassfish/hk2/hk2-locator/2.5.0-b42/hk2-locator-2.5.0-b42.jar:/home/user/.m2/repository/org/javassist/javassist/3.22.0-CR2/javassist-3.22.0-CR2.jar:/home/user/.m2/repository/org/glassfish/hk2/hk2-api/2.5.0/hk2-api-2.5.0.jar:/home/user/.m2/repository/org/glassfish/hk2/external/jakarta.inject/2.5.0/jakarta.inject-2.5.0.jar:/home/user/.m2/repository/org/glassfish/hk2/hk2-utils/2.5.0/hk2-utils-2.5.0.jar:/home/user/.m2/repository/jakarta/annotation/jakarta.annotation-api/1.3.4/jakarta.annotation-api-1.3.4.jar:/home/user/.m2/repository/org/glassfish/hk2/external/aopalliance-repackaged/2.5.0/aopalliance-repackaged-2.5.0.jar:/home/user/.m2/repository/com/fasterxml/jackson/dataformat/jackson-dataformat-xml/2.9.0/jackson-dataformat-xml-2.9.0.jar:/home/user/.m2/repository/com/fasterxml/jackson/core/jackson-core/2.9.9/jackson-core-2.9.9.jar:/home/user/.m2/repository/com/fasterxml/jackson/module/jackson-module-jaxb-annotations/2.9.9/jackson-module-jaxb-annotations-2.9.9.jar:/home/user/.m2/repository/javax/enterprise/cdi-api/1.2/cdi-api-1.2.jar:/home/user/.m2/repository/javax/el/javax.el-api/3.0.0/javax.el-api-3.0.0.jar:/home/user/.m2/repository/javax/interceptor/javax.interceptor-api/1.2/javax.interceptor-api-1.2.jar:/home/user/.m2/repository/javax/inject/javax.inject/1/javax.inject-1.jar:/home/user/.m2/repository/com/sun/xml/bind/jaxb-impl/2.3.0.1/jaxb-impl-2.3.0.1.jar:/home/user/.m2/repository/com/sun/xml/bind/jaxb-core/2.3.0.1/jaxb-core-2.3.0.1.jar:/home/user/.m2/repository/javax/xml/bind/jaxb-api/2.3.0/jaxb-api-2.3.0.jar:/home/user/.m2/repository/javax/activation/activation/1.1.1/activation-1.1.1.jar:/home/user/.m2/repository/org/apache/hadoop/hadoop-ozone-csi/0.5.0-SNAPSHOT/hadoop-ozone-csi-0.5.0-SNAPSHOT.jar:/home/user/.m2/repository/com/google/protobuf/protobuf-java-util/3.5.1/protobuf-java-util-3.5.1.jar:/home/user/.m2/repository/org/apache/hadoop/hadoop-hdds-config/0.5.0-SNAPSHOT/hadoop-hdds-config-0.5.0-SNAPSHOT.jar:/home/user/.m2/repository/io/grpc/grpc-netty/1.17.1/grpc-netty-1.17.1.jar:/home/user/.m2/repository/io/grpc/grpc-core/1.17.1/grpc-core-1.17.1.jar:/home/user/.m2/repository/io/grpc/grpc-context/1.17.1/grpc-context-1.17.1.jar:/home/user/.m2/repository/com/google/errorprone/error_prone_annotations/2.2.0/error_prone_annotations-2.2.0.jar:/home/user/.m2/repository/org/codehaus/mojo/animal-sniffer-annotations/1.17/animal-sniffer-annotations-1.17.jar:/home/user/.m2/repository/io/opencensus/opencensus-api/0.17.0/opencensus-api-0.17.0.jar:/home/user/.m2/repository/io/opencensus/opencensus-contrib-grpc-metrics/0.17.0/opencensus-contrib-grpc-metrics-0.17.0.jar:/home/user/.m2/repository/io/netty/netty-codec-http2/4.1.30.Final/netty-codec-http2-4.1.30.Final.jar:/home/user/.m2/repository/io/netty/netty-codec-http/4.1.30.Final/netty-codec-http-4.1.30.Final.jar:/home/user/.m2/repository/io/netty/netty-codec/4.1.30.Final/netty-codec-4.1.30.Final.jar:/home/user/.m2/repository/io/netty/netty-handler/4.1.30.Final/netty-handler-4.1.30.Final.jar:/home/user/.m2/repository/io/netty/netty-handler-proxy/4.1.30.Final/netty-handler-proxy-4.1.30.Final.jar:/home/user/.m2/repository/io/netty/netty-codec-socks/4.1.30.Final/netty-codec-socks-4.1.30.Final.jar:/home/user/.m2/repository/io/netty/netty-transport-native-epoll/4.1.30.Final/netty-transport-native-epoll-4.1.30.Final.jar:/home/user/.m2/repository/io/netty/netty-common/4.1.30.Final/netty-common-4.1.30.Final.jar:/home/user/.m2/repository/io/netty/netty-buffer/4.1.30.Final/netty-buffer-4.1.30.Final.jar:/home/user/.m2/repository/io/netty/netty-transport/4.1.30.Final/netty-transport-4.1.30.Final.jar:/home/user/.m2/repository/io/netty/netty-resolver/4.1.30.Final/netty-resolver-4.1.30.Final.jar:/home/user/.m2/repository/io/netty/netty-transport-native-unix-common/4.1.30.Final/netty-transport-native-unix-common-4.1.30.Final.jar:/home/user/.m2/repository/io/grpc/grpc-protobuf/1.17.1/grpc-protobuf-1.17.1.jar:/home/user/.m2/repository/com/google/api/grpc/proto-google-common-protos/1.0.0/proto-google-common-protos-1.0.0.jar:/home/user/.m2/repository/io/grpc/grpc-protobuf-lite/1.17.1/grpc-protobuf-lite-1.17.1.jar:/home/user/.m2/repository/io/grpc/grpc-stub/1.17.1/grpc-stub-1.17.1.jar:/home/user/.m2/repository/org/apache/hadoop/hadoop-ozone-recon/0.5.0-SNAPSHOT/hadoop-ozone-recon-0.5.0-SNAPSHOT.jar:/home/user/.m2/repository/org/apache/hadoop/hadoop-ozone-reconcodegen/0.5.0-SNAPSHOT/hadoop-ozone-reconcodegen-0.5.0-SNAPSHOT.jar:/home/user/.m2/repository/com/google/inject/extensions/guice-multibindings/4.0/guice-multibindings-4.0.jar:/home/user/.m2/repository/com/google/inject/guice/4.0/guice-4.0.jar:/home/user/.m2/repository/aopalliance/aopalliance/1.0/aopalliance-1.0.jar:/home/user/.m2/repository/com/google/inject/extensions/guice-servlet/4.0/guice-servlet-4.0.jar:/home/user/.m2/repository/org/glassfish/jersey/containers/jersey-container-servlet/2.27/jersey-container-servlet-2.27.jar:/home/user/.m2/repository/org/glassfish/hk2/guice-bridge/2.5.0/guice-bridge-2.5.0.jar:/home/user/.m2/repository/org/glassfish/jersey/core/jersey-server/2.27/jersey-server-2.27.jar:/home/user/.m2/repository/org/glassfish/jersey/core/jersey-client/2.27/jersey-client-2.27.jar:/home/user/.m2/repository/org/glassfish/jersey/media/jersey-media-jaxb/2.27/jersey-media-jaxb-2.27.jar:/home/user/.m2/repository/javax/validation/validation-api/1.1.0.Final/validation-api-1.1.0.Final.jar:/home/user/.m2/repository/org/glassfish/jersey/media/jersey-media-json-jackson/2.27/jersey-media-json-jackson-2.27.jar:/home/user/.m2/repository/org/glassfish/jersey/ext/jersey-entity-filtering/2.27/jersey-entity-filtering-2.27.jar:/home/user/.m2/repository/com/google/inject/extensions/guice-assistedinject/4.0/guice-assistedinject-4.0.jar:/home/user/.m2/repository/org/jooq/jooq/3.11.10/jooq-3.11.10.jar:/home/user/.m2/repository/org/jooq/jooq-meta/3.11.10/jooq-meta-3.11.10.jar:/home/user/.m2/repository/org/jooq/jooq-codegen/3.11.10/jooq-codegen-3.11.10.jar:/home/user/.m2/repository/com/jolbox/bonecp/0.8.0.RELEASE/bonecp-0.8.0.RELEASE.jar:/home/user/.m2/repository/org/xerial/sqlite-jdbc/3.25.2/sqlite-jdbc-3.25.2.jar:/home/user/.m2/repository/org/springframework/spring-jdbc/5.1.3.RELEASE/spring-jdbc-5.1.3.RELEASE.jar:/home/user/.m2/repository/org/springframework/spring-beans/5.1.3.RELEASE/spring-beans-5.1.3.RELEASE.jar:/home/user/.m2/repository/org/springframework/spring-core/5.1.3.RELEASE/spring-core-5.1.3.RELEASE.jar:/home/user/.m2/repository/org/springframework/spring-jcl/5.1.3.RELEASE/spring-jcl-5.1.3.RELEASE.jar:/home/user/.m2/repository/org/springframework/spring-tx/5.1.3.RELEASE/spring-tx-5.1.3.RELEASE.jar:/home/user/.m2/repository/org/apache/hadoop/hadoop-ozone-client/0.5.0-SNAPSHOT/hadoop-ozone-client-0.5.0-SNAPSHOT.jar:/home/user/.m2/repository/commons-lang/commons-lang/2.6/commons-lang-2.6.jar:/home/user/.m2/repository/org/apache/hadoop/hadoop-ozone-ozone-manager/0.5.0-SNAPSHOT/hadoop-ozone-ozone-manager-0.5.0-SNAPSHOT-tests.jar:/home/user/.m2/repository/junit/junit/4.11/junit-4.11.jar:/home/user/.m2/repository/org/hamcrest/hamcrest-core/1.3/hamcrest-core-1.3.jar:/home/user/.m2/repository/org/openjdk/jmh/jmh-core/1.19/jmh-core-1.19.jar:/home/user/.m2/repository/net/sf/jopt-simple/jopt-simple/4.6/jopt-simple-4.6.jar:/home/user/.m2/repository/org/apache/commons/commons-math3/3.1.1/commons-math3-3.1.1.jar:/home/user/.m2/repository/org/openjdk/jmh/jmh-generator-annprocess/1.19/jmh-generator-annprocess-1.19.jar:/home/user/.m2/repository/org/mockito/mockito-all/1.8.5/mockito-all-1.8.5.jar:/home/user/.m2/repository/org/apache/hadoop/hadoop-kms/3.2.0/hadoop-kms-3.2.0.jar:/home/user/.m2/repository/org/apache/hadoop/hadoop-auth/3.2.0/hadoop-auth-3.2.0.jar:/home/user/.m2/repository/com/nimbusds/nimbus-jose-jwt/4.41.1/nimbus-jose-jwt-4.41.1.jar:/home/user/.m2/repository/com/github/stephenc/jcip/jcip-annotations/1.0-1/jcip-annotations-1.0-1.jar:/home/user/.m2/repository/net/minidev/json-smart/2.3/json-smart-2.3.jar:/home/user/.m2/repository/net/minidev/accessors-smart/1.2/accessors-smart-1.2.jar:/home/user/.m2/repository/org/ow2/asm/asm/5.0.4/asm-5.0.4.jar:/home/user/.m2/repository/org/apache/curator/curator-framework/2.12.0/curator-framework-2.12.0.jar:/home/user/.m2/repository/com/sun/jersey/jersey-core/1.19/jersey-core-1.19.jar:/home/user/.m2/repository/javax/ws/rs/jsr311-api/1.1.1/jsr311-api-1.1.1.jar:/home/user/.m2/repository/com/sun/jersey/jersey-server/1.19/jersey-server-1.19.jar:/home/user/.m2/repository/javax/servlet/javax.servlet-api/3.1.0/javax.servlet-api-3.1.0.jar:/home/user/.m2/repository/org/eclipse/jetty/jetty-server/9.3.25.v20180904/jetty-server-9.3.25.v20180904.jar:/home/user/.m2/repository/org/eclipse/jetty/jetty-http/9.3.25.v20180904/jetty-http-9.3.25.v20180904.jar:/home/user/.m2/repository/org/eclipse/jetty/jetty-io/9.3.25.v20180904/jetty-io-9.3.25.v20180904.jar:/home/user/.m2/repository/org/eclipse/jetty/jetty-webapp/9.3.25.v20180904/jetty-webapp-9.3.25.v20180904.jar:/home/user/.m2/repository/org/eclipse/jetty/jetty-xml/9.3.25.v20180904/jetty-xml-9.3.25.v20180904.jar:/home/user/.m2/repository/log4j/log4j/1.2.17/log4j-1.2.17.jar:/home/user/.m2/repository/org/slf4j/slf4j-api/1.7.25/slf4j-api-1.7.25.jar:/home/user/.m2/repository/org/slf4j/jul-to-slf4j/1.7.25/jul-to-slf4j-1.7.25.jar:/home/user/.m2/repository/org/eclipse/jetty/jetty-util/9.3.25.v20180904/jetty-util-9.3.25.v20180904.jar:/home/user/.m2/repository/com/fasterxml/jackson/core/jackson-databind/2.9.9/jackson-databind-2.9.9.jar:/home/user/.m2/repository/org/apache/hadoop/hadoop-kms/3.2.0/hadoop-kms-3.2.0-tests.jar:/home/user/.m2/repository/org/apache/hadoop/hadoop-hdds-server-scm/0.5.0-SNAPSHOT/hadoop-hdds-server-scm-0.5.0-SNAPSHOT-tests.jar:/home/user/.m2/repository/org/apache/hadoop/hadoop-hdds-container-service/0.5.0-SNAPSHOT/hadoop-hdds-container-service-0.5.0-SNAPSHOT-tests.jar:/home/user/.m2/repository/org/yaml/snakeyaml/1.16/snakeyaml-1.16.jar:/home/user/.m2/repository/org/apache/hadoop/hadoop-common/3.2.0/hadoop-common-3.2.0-tests.jar:/home/user/.m2/repository/org/apache/hadoop/hadoop-annotations/3.2.0/hadoop-annotations-3.2.0.jar:/usr/lib/jvm/java-1.8.0-openjdk-1.8.0.222.b10-1.el7_7.x86_64/jre/../lib/tools.jar:/home/user/.m2/repository/commons-cli/commons-cli/1.2/commons-cli-1.2.jar:/home/user/.m2/repository/org/apache/httpcomponents/httpclient/4.5.2/httpclient-4.5.2.jar:/home/user/.m2/repository/org/apache/httpcomponents/httpcore/4.4.4/httpcore-4.4.4.jar:/home/user/.m2/repository/commons-codec/commons-codec/1.11/commons-codec-1.11.jar:/home/user/.m2/repository/commons-net/commons-net/3.6/commons-net-3.6.jar:/home/user/.m2/repository/commons-collections/commons-collections/3.2.2/commons-collections-3.2.2.jar:/home/user/.m2/repository/org/eclipse/jetty/jetty-servlet/9.3.25.v20180904/jetty-servlet-9.3.25.v20180904.jar:/home/user/.m2/repository/org/eclipse/jetty/jetty-security/9.3.25.v20180904/jetty-security-9.3.25.v20180904.jar:/home/user/.m2/repository/javax/servlet/jsp/jsp-api/2.1/jsp-api-2.1.jar:/home/user/.m2/repository/com/sun/jersey/jersey-servlet/1.19/jersey-servlet-1.19.jar:/home/user/.m2/repository/com/sun/jersey/jersey-json/1.19/jersey-json-1.19.jar:/home/user/.m2/repository/org/codehaus/jettison/jettison/1.1/jettison-1.1.jar:/home/user/.m2/repository/org/codehaus/jackson/jackson-core-asl/1.9.13/jackson-core-asl-1.9.13.jar:/home/user/.m2/repository/org/codehaus/jackson/jackson-mapper-asl/1.9.13/jackson-mapper-asl-1.9.13.jar:/home/user/.m2/repository/org/codehaus/jackson/jackson-jaxrs/1.9.13/jackson-jaxrs-1.9.13.jar:/home/user/.m2/repository/org/codehaus/jackson/jackson-xc/1.9.13/jackson-xc-1.9.13.jar:/home/user/.m2/repository/commons-logging/commons-logging/1.1.3/commons-logging-1.1.3.jar:/home/user/.m2/repository/commons-beanutils/commons-beanutils/1.9.4/commons-beanutils-1.9.4.jar:/home/user/.m2/repository/org/apache/commons/commons-configuration2/2.1.1/commons-configuration2-2.1.1.jar:/home/user/.m2/repository/org/apache/commons/commons-lang3/3.7/commons-lang3-3.7.jar:/home/user/.m2/repository/org/apache/commons/commons-text/1.4/commons-text-1.4.jar:/home/user/.m2/repository/org/apache/avro/avro/1.7.7/avro-1.7.7.jar:/home/user/.m2/repository/com/thoughtworks/paranamer/paranamer/2.3/paranamer-2.3.jar:/home/user/.m2/repository/org/xerial/snappy/snappy-java/1.0.5/snappy-java-1.0.5.jar:/home/user/.m2/repository/com/google/re2j/re2j/1.1/re2j-1.1.jar:/home/user/.m2/repository/com/google/code/gson/gson/2.2.4/gson-2.2.4.jar:/home/user/.m2/repository/com/jcraft/jsch/0.1.54/jsch-0.1.54.jar:/home/user/.m2/repository/org/apache/curator/curator-client/2.12.0/curator-client-2.12.0.jar:/home/user/.m2/repository/org/apache/curator/curator-recipes/2.12.0/curator-recipes-2.12.0.jar:/home/user/.m2/repository/com/google/code/findbugs/jsr305/3.0.0/jsr305-3.0.0.jar:/home/user/.m2/repository/org/apache/htrace/htrace-core4/4.1.0-incubating/htrace-core4-4.1.0-incubating.jar:/home/user/.m2/repository/org/apache/zookeeper/zookeeper/3.4.13/zookeeper-3.4.13.jar:/home/user/.m2/repository/jline/jline/0.9.94/jline-0.9.94.jar:/home/user/.m2/repository/org/apache/yetus/audience-annotations/0.5.0/audience-annotations-0.5.0.jar:/home/user/.m2/repository/org/codehaus/woodstox/stax2-api/3.1.4/stax2-api-3.1.4.jar:/home/user/.m2/repository/com/fasterxml/woodstox/woodstox-core/5.0.3/woodstox-core-5.0.3.jar:/home/user/.m2/repository/dnsjava/dnsjava/2.1.7/dnsjava-2.1.7.jar:/home/user/.m2/repository/org/apache/hadoop/hadoop-hdfs/3.2.0/hadoop-hdfs-3.2.0-tests.jar:/home/user/.m2/repository/org/eclipse/jetty/jetty-util-ajax/9.3.25.v20180904/jetty-util-ajax-9.3.25.v20180904.jar:/home/user/.m2/repository/commons-daemon/commons-daemon/1.0.13/commons-daemon-1.0.13.jar:/home/user/.m2/repository/io/netty/netty/3.10.5.Final/netty-3.10.5.Final.jar:/home/user/.m2/repository/io/netty/netty-all/4.0.52.Final/netty-all-4.0.52.Final.jar:/home/user/.m2/repository/org/fusesource/leveldbjni/leveldbjni-all/1.8/leveldbjni-all-1.8.jar:"/>
    <property name="sun.cpu.endian" value="little"/>
    <property name="user.home" value="/home/user"/>
    <property name="user.language" value="en"/>
    <property name="java.specification.vendor" value="Oracle Corporation"/>
    <property name="java.home" value="/usr/lib/jvm/java-1.8.0-openjdk-1.8.0.222.b10-1.el7_7.x86_64/jre"/>
    <property name="surefire.excludesFile" value="/tools/ozone-bad-unit-tests"/>
    <property name="java.security.krb5.conf" value="/workdir/hadoop-ozone/integration-test/target/test-classes/krb5.conf"/>
    <property name="basedir" value="/workdir/hadoop-ozone/integration-test"/>
    <property name="file.separator" value="/"/>
    <property name="line.separator" value="&#10;"/>
    <property name="java.vm.specification.vendor" value="Oracle Corporation"/>
    <property name="java.specification.name" value="Java Platform API Specification"/>
    <property name="java.awt.graphicsenv" value="sun.awt.X11GraphicsEnvironment"/>
    <property name="surefire.real.class.path" value="/workdir/hadoop-ozone/integration-test/target/surefire/surefirebooter4204125196748355779.jar"/>
    <property name="hadoop.log.dir" value="/workdir/hadoop-ozone/integration-test/target/log"/>
    <property name="sun.boot.class.path" value="/usr/lib/jvm/java-1.8.0-openjdk-1.8.0.222.b10-1.el7_7.x86_64/jre/lib/resources.jar:/usr/lib/jvm/java-1.8.0-openjdk-1.8.0.222.b10-1.el7_7.x86_64/jre/lib/rt.jar:/usr/lib/jvm/java-1.8.0-openjdk-1.8.0.222.b10-1.el7_7.x86_64/jre/lib/sunrsasign.jar:/usr/lib/jvm/java-1.8.0-openjdk-1.8.0.222.b10-1.el7_7.x86_64/jre/lib/jsse.jar:/usr/lib/jvm/java-1.8.0-openjdk-1.8.0.222.b10-1.el7_7.x86_64/jre/lib/jce.jar:/usr/lib/jvm/java-1.8.0-openjdk-1.8.0.222.b10-1.el7_7.x86_64/jre/lib/charsets.jar:/usr/lib/jvm/java-1.8.0-openjdk-1.8.0.222.b10-1.el7_7.x86_64/jre/lib/jfr.jar:/usr/lib/jvm/java-1.8.0-openjdk-1.8.0.222.b10-1.el7_7.x86_64/jre/classes"/>
    <property name="sun.management.compiler" value="HotSpot 64-Bit Tiered Compilers"/>
    <property name="java.runtime.version" value="1.8.0_222-b10"/>
    <property name="java.net.preferIPv4Stack" value="true"/>
    <property name="user.name" value="jenkins1000"/>
    <property name="path.separator" value=":"/>
    <property name="java.security.egd" value="file:///dev/urandom"/>
    <property name="os.version" value="3.10.0-957.12.2.el7.x86_64"/>
    <property name="java.endorsed.dirs" value="/usr/lib/jvm/java-1.8.0-openjdk-1.8.0.222.b10-1.el7_7.x86_64/jre/lib/endorsed"/>
    <property name="java.runtime.name" value="OpenJDK Runtime Environment"/>
    <property name="file.encoding" value="ANSI_X3.4-1968"/>
    <property name="java.vm.name" value="OpenJDK 64-Bit Server VM"/>
    <property name="test.build.webapps" value=""/>
    <property name="localRepository" value="/home/user/.m2/repository"/>
    <property name="java.vendor.url.bug" value="http://bugreport.sun.com/bugreport/"/>
    <property name="java.io.tmpdir" value="/tmp"/>
    <property name="require.test.libhadoop" value=""/>
    <property name="java.version" value="1.8.0_222"/>
    <property name="user.dir" value="/workdir/hadoop-ozone/integration-test"/>
    <property name="os.arch" value="amd64"/>
    <property name="java.vm.specification.name" value="Java Virtual Machine Specification"/>
    <property name="test.build.classes" value="/workdir/hadoop-ozone/integration-test/target/test-classes"/>
    <property name="java.awt.printerjob" value="sun.print.PSPrinterJob"/>
    <property name="sun.os.patch.level" value="unknown"/>
    <property name="hadoop.tmp.dir" value="/workdir/hadoop-ozone/integration-test/target/tmp"/>
    <property name="java.library.path" value="/usr/lib:/workdir/hadoop-ozone/integration-test/target/native/target/usr/local/lib:/workdir/hadoop-ozone/integration-test/../../hadoop-common-project/hadoop-common/target/native/target/usr/local/lib:/usr/java/packages/lib/amd64:/usr/lib64:/lib64:/lib:/usr/lib"/>
    <property name="java.vm.info" value="mixed mode"/>
    <property name="java.vendor" value="Oracle Corporation"/>
    <property name="java.vm.version" value="25.222-b10"/>
    <property name="java.ext.dirs" value="/usr/lib/jvm/java-1.8.0-openjdk-1.8.0.222.b10-1.el7_7.x86_64/jre/lib/ext:/usr/java/packages/lib/ext"/>
    <property name="sun.io.unicode.encoding" value="UnicodeLittle"/>
    <property name="java.class.version" value="52.0"/>
  </properties>
  <testcase name="testPipelineExclusionWithPipelineFailure" classname="org.apache.hadoop.ozone.client.rpc.TestFailureHandlingByClient" time="57.926"/>
  <testcase name="testContainerExclusionWithClosedContainerException" classname="org.apache.hadoop.ozone.client.rpc.TestFailureHandlingByClient" time="41.463"/>
  <testcase name="testWriteSmallFile" classname="org.apache.hadoop.ozone.client.rpc.TestFailureHandlingByClient" time="56.571"/>
  <testcase name="testBlockWritesWithDnFailures" classname="org.apache.hadoop.ozone.client.rpc.TestFailureHandlingByClient" time="88.893"/>
  <testcase name="testDatanodeExclusionWithMajorityCommit" classname="org.apache.hadoop.ozone.client.rpc.TestFailureHandlingByClient" time="41.778">
    <failure type="java.lang.AssertionError">java.lang.AssertionError
	at org.junit.Assert.fail(Assert.java:86)
	at org.junit.Assert.assertTrue(Assert.java:41)
	at org.junit.Assert.assertTrue(Assert.java:52)
	at org.apache.hadoop.ozone.client.rpc.TestFailureHandlingByClient.testDatanodeExclusionWithMajorityCommit(TestFailureHandlingByClient.java:318)
	at sun.reflect.NativeMethodAccessorImpl.invoke0(Native Method)
	at sun.reflect.NativeMethodAccessorImpl.invoke(NativeMethodAccessorImpl.java:62)
	at sun.reflect.DelegatingMethodAccessorImpl.invoke(DelegatingMethodAccessorImpl.java:43)
	at java.lang.reflect.Method.invoke(Method.java:498)
	at org.junit.runners.model.FrameworkMethod$1.runReflectiveCall(FrameworkMethod.java:47)
	at org.junit.internal.runners.model.ReflectiveCallable.run(ReflectiveCallable.java:12)
	at org.junit.runners.model.FrameworkMethod.invokeExplosively(FrameworkMethod.java:44)
	at org.junit.internal.runners.statements.InvokeMethod.evaluate(InvokeMethod.java:17)
	at org.junit.internal.runners.statements.RunAfters.evaluate(RunAfters.java:27)
	at org.junit.runners.ParentRunner.runLeaf(ParentRunner.java:271)
	at org.junit.runners.BlockJUnit4ClassRunner.runChild(BlockJUnit4ClassRunner.java:70)
	at org.junit.runners.BlockJUnit4ClassRunner.runChild(BlockJUnit4ClassRunner.java:50)
	at org.junit.runners.ParentRunner$3.run(ParentRunner.java:238)
	at org.junit.runners.ParentRunner$1.schedule(ParentRunner.java:63)
	at org.junit.runners.ParentRunner.runChildren(ParentRunner.java:236)
	at org.junit.runners.ParentRunner.access$000(ParentRunner.java:53)
	at org.junit.runners.ParentRunner$2.evaluate(ParentRunner.java:229)
	at org.junit.runners.ParentRunner.run(ParentRunner.java:309)
	at org.apache.maven.surefire.junit4.JUnit4Provider.execute(JUnit4Provider.java:365)
	at org.apache.maven.surefire.junit4.JUnit4Provider.executeWithRerun(JUnit4Provider.java:273)
	at org.apache.maven.surefire.junit4.JUnit4Provider.executeTestSet(JUnit4Provider.java:238)
	at org.apache.maven.surefire.junit4.JUnit4Provider.invoke(JUnit4Provider.java:159)
	at org.apache.maven.surefire.booter.ForkedBooter.invokeProviderInSameClassLoader(ForkedBooter.java:384)
	at org.apache.maven.surefire.booter.ForkedBooter.runSuitesInProcess(ForkedBooter.java:345)
	at org.apache.maven.surefire.booter.ForkedBooter.execute(ForkedBooter.java:126)
	at org.apache.maven.surefire.booter.ForkedBooter.main(ForkedBooter.java:418)
</failure>
    <system-out><![CDATA[2019-11-15 20:27:17,680 [main] WARN  server.ServerUtils (ServerUtils.java:getScmDbDir(145)) - ozone.scm.db.dirs is not configured. We recommend adding this setting. Falling back to ozone.metadata.dirs instead.
2019-11-15 20:27:17,712 [main] WARN  server.ServerUtils (ServerUtils.java:getScmDbDir(145)) - ozone.scm.db.dirs is not configured. We recommend adding this setting. Falling back to ozone.metadata.dirs instead.
2019-11-15 20:27:17,712 [main] WARN  server.ServerUtils (ServerUtils.java:getScmDbDir(145)) - ozone.scm.db.dirs is not configured. We recommend adding this setting. Falling back to ozone.metadata.dirs instead.
2019-11-15 20:27:17,713 [main] INFO  db.DBStoreBuilder (DBStoreBuilder.java:addTable(127)) - using custom profile for table: deletedBlocks
2019-11-15 20:27:17,713 [main] INFO  db.DBStoreBuilder (DBStoreBuilder.java:processTables(183)) - Using default column profile:DBProfile.DISK for Table:deletedBlocks
2019-11-15 20:27:17,714 [main] INFO  db.DBStoreBuilder (DBStoreBuilder.java:addTable(127)) - using custom profile for table: validCerts
2019-11-15 20:27:17,714 [main] INFO  db.DBStoreBuilder (DBStoreBuilder.java:processTables(183)) - Using default column profile:DBProfile.DISK for Table:validCerts
2019-11-15 20:27:17,714 [main] INFO  db.DBStoreBuilder (DBStoreBuilder.java:addTable(127)) - using custom profile for table: revokedCerts
2019-11-15 20:27:17,714 [main] INFO  db.DBStoreBuilder (DBStoreBuilder.java:processTables(183)) - Using default column profile:DBProfile.DISK for Table:revokedCerts
2019-11-15 20:27:17,715 [main] INFO  db.DBStoreBuilder (DBStoreBuilder.java:addTable(127)) - using custom profile for table: default
2019-11-15 20:27:17,715 [main] INFO  db.DBStoreBuilder (DBStoreBuilder.java:processTables(189)) - Using default column profile:DBProfile.DISK for Table:default
2019-11-15 20:27:17,715 [main] INFO  db.DBStoreBuilder (DBStoreBuilder.java:getDbProfile(220)) - Using default options. DBProfile.DISK
2019-11-15 20:27:18,063 [main] INFO  net.NodeSchemaLoader (NodeSchemaLoader.java:loadSchemaFromFile(125)) - Loading file from sun.misc.CompoundEnumeration@31ab1e67
2019-11-15 20:27:18,064 [main] INFO  net.NodeSchemaLoader (NodeSchemaLoader.java:loadSchema(171)) - Loading network topology layer schema file
2019-11-15 20:27:18,071 [main] INFO  node.SCMNodeManager (SCMNodeManager.java:<init>(116)) - Entering startup safe mode.
2019-11-15 20:27:18,072 [main] INFO  algorithms.ContainerPlacementPolicyFactory (ContainerPlacementPolicyFactory.java:getPolicy(57)) - Create container placement policy of type org.apache.hadoop.hdds.scm.container.placement.algorithms.SCMContainerPlacementRandom
2019-11-15 20:27:18,073 [main] WARN  server.ServerUtils (ServerUtils.java:getScmDbDir(145)) - ozone.scm.db.dirs is not configured. We recommend adding this setting. Falling back to ozone.metadata.dirs instead.
2019-11-15 20:27:18,233 [main] INFO  pipeline.SCMPipelineManager (SCMPipelineManager.java:initializePipelineState(132)) - No pipeline exists in current db
2019-11-15 20:27:18,233 [main] WARN  server.ServerUtils (ServerUtils.java:getScmDbDir(145)) - ozone.scm.db.dirs is not configured. We recommend adding this setting. Falling back to ozone.metadata.dirs instead.
2019-11-15 20:27:18,341 [main] WARN  events.EventQueue (EventQueue.java:fireEvent(183)) - No event handler registered for event TypedEvent{payloadType=SafeModeStatus, name='SafeModeStatus'}
2019-11-15 20:27:18,342 [main] INFO  ipc.CallQueueManager (CallQueueManager.java:<init>(84)) - Using callQueue: class java.util.concurrent.LinkedBlockingQueue, queueCapacity: 2000, scheduler: class org.apache.hadoop.ipc.DefaultRpcScheduler, ipcBackoff: false.
2019-11-15 20:27:18,343 [Socket Reader #1 for port 46713] INFO  ipc.Server (Server.java:run(1074)) - Starting Socket Reader #1 for port 46713
2019-11-15 20:27:18,345 [main] INFO  ipc.CallQueueManager (CallQueueManager.java:<init>(84)) - Using callQueue: class java.util.concurrent.LinkedBlockingQueue, queueCapacity: 2000, scheduler: class org.apache.hadoop.ipc.DefaultRpcScheduler, ipcBackoff: false.
2019-11-15 20:27:18,346 [Socket Reader #1 for port 44509] INFO  ipc.Server (Server.java:run(1074)) - Starting Socket Reader #1 for port 44509
2019-11-15 20:27:18,347 [main] INFO  ipc.CallQueueManager (CallQueueManager.java:<init>(84)) - Using callQueue: class java.util.concurrent.LinkedBlockingQueue, queueCapacity: 2000, scheduler: class org.apache.hadoop.ipc.DefaultRpcScheduler, ipcBackoff: false.
2019-11-15 20:27:18,348 [Socket Reader #1 for port 44795] INFO  ipc.Server (Server.java:run(1074)) - Starting Socket Reader #1 for port 44795
2019-11-15 20:27:18,351 [main] INFO  hdfs.DFSUtil (DFSUtil.java:httpServerTemplateForNNAndJN(1641)) - Starting Web-server for scm at: http://0.0.0.0:0
2019-11-15 20:27:18,354 [main] INFO  server.AuthenticationFilter (AuthenticationFilter.java:constructSecretProvider(240)) - Unable to initialize FileSignerSecretProvider, falling back to use random secrets.
2019-11-15 20:27:18,355 [main] WARN  http.HttpRequestLog (HttpRequestLog.java:getRequestLog(97)) - Jetty request log can only be enabled using Log4j
2019-11-15 20:27:18,358 [main] INFO  http.HttpServer2 (HttpServer2.java:addGlobalFilter(975)) - Added global filter 'safety' (class=org.apache.hadoop.http.HttpServer2$QuotingInputFilter)
2019-11-15 20:27:18,359 [main] INFO  http.HttpServer2 (HttpServer2.java:addFilter(948)) - Added filter static_user_filter (class=org.apache.hadoop.http.lib.StaticUserWebFilter$StaticUserFilter) to context scm
2019-11-15 20:27:18,359 [main] INFO  http.HttpServer2 (HttpServer2.java:addFilter(958)) - Added filter static_user_filter (class=org.apache.hadoop.http.lib.StaticUserWebFilter$StaticUserFilter) to context logs
2019-11-15 20:27:18,360 [main] INFO  http.HttpServer2 (HttpServer2.java:addFilter(958)) - Added filter static_user_filter (class=org.apache.hadoop.http.lib.StaticUserWebFilter$StaticUserFilter) to context static
2019-11-15 20:27:18,363 [main] INFO  server.StorageContainerManager (StorageContainerManager.java:start(766)) - StorageContainerLocationProtocol RPC server is listening at /0.0.0.0:44795
2019-11-15 20:27:18,366 [main] WARN  impl.MetricsConfig (MetricsConfig.java:loadFirst(134)) - Cannot locate configuration: tried hadoop-metrics2-storagecontainermanager.properties,hadoop-metrics2.properties
2019-11-15 20:27:18,368 [main] INFO  impl.MetricsSystemImpl (MetricsSystemImpl.java:startTimer(374)) - Scheduled Metric snapshot period at 10 second(s).
2019-11-15 20:27:18,368 [main] INFO  impl.MetricsSystemImpl (MetricsSystemImpl.java:start(191)) - StorageContainerManager metrics system started
2019-11-15 20:27:18,428 [main] WARN  impl.MetricsSystemImpl (MetricsSystemImpl.java:register(276)) - Sink prometheus already exists!
2019-11-15 20:27:18,492 [main] INFO  server.SCMClientProtocolServer (SCMClientProtocolServer.java:start(160)) - RPC server for Client  is listening at /0.0.0.0:44795
2019-11-15 20:27:18,493 [IPC Server Responder] INFO  ipc.Server (Server.java:run(1314)) - IPC Server Responder: starting
2019-11-15 20:27:18,493 [IPC Server listener on 44795] INFO  ipc.Server (Server.java:run(1153)) - IPC Server listener on 44795: starting
2019-11-15 20:27:18,496 [main] INFO  server.StorageContainerManager (StorageContainerManager.java:start(776)) - ScmBlockLocationProtocol RPC server is listening at /0.0.0.0:44509
2019-11-15 20:27:18,497 [main] INFO  server.SCMBlockProtocolServer (SCMBlockProtocolServer.java:start(146)) - RPC server for Block Protocol is listening at /0.0.0.0:44509
2019-11-15 20:27:18,497 [IPC Server Responder] INFO  ipc.Server (Server.java:run(1314)) - IPC Server Responder: starting
2019-11-15 20:27:18,497 [IPC Server listener on 44509] INFO  ipc.Server (Server.java:run(1153)) - IPC Server listener on 44509: starting
2019-11-15 20:27:18,501 [main] INFO  server.StorageContainerManager (StorageContainerManager.java:start(780)) - ScmDatanodeProtocl RPC server is listening at /0.0.0.0:46713
2019-11-15 20:27:18,501 [main] INFO  server.SCMDatanodeProtocolServer (SCMDatanodeProtocolServer.java:start(169)) - RPC server for DataNodes is listening at /0.0.0.0:46713
2019-11-15 20:27:18,501 [IPC Server Responder] INFO  ipc.Server (Server.java:run(1314)) - IPC Server Responder: starting
2019-11-15 20:27:18,501 [IPC Server listener on 46713] INFO  ipc.Server (Server.java:run(1153)) - IPC Server listener on 46713: starting
2019-11-15 20:27:18,504 [main] INFO  http.HttpServer2 (HttpServer2.java:bindListener(1191)) - Jetty bound to port 37884
2019-11-15 20:27:18,505 [main] INFO  server.Server (Server.java:doStart(351)) - jetty-9.3.25.v20180904, build timestamp: 2018-09-04T21:11:46Z, git hash: 3ce520221d0240229c862b122d2b06c12a625732
2019-11-15 20:27:18,508 [main] INFO  handler.ContextHandler (ContextHandler.java:doStart(781)) - Started o.e.j.s.ServletContextHandler@5d1bdd4a{/logs,file:///workdir/hadoop-ozone/integration-test/target/log,AVAILABLE}
2019-11-15 20:27:18,509 [main] INFO  handler.ContextHandler (ContextHandler.java:doStart(781)) - Started o.e.j.s.ServletContextHandler@3457cc8d{/static,file:///workdir/hadoop-ozone/integration-test/target/test-classes/webapps/static,AVAILABLE}
2019-11-15 20:27:18,513 [main] INFO  handler.ContextHandler (ContextHandler.java:doStart(781)) - Started o.e.j.w.WebAppContext@5ea7bc4{/,file:///workdir/hadoop-ozone/integration-test/target/test-classes/webapps/scm/,AVAILABLE}{/scm}
2019-11-15 20:27:18,513 [main] INFO  server.AbstractConnector (AbstractConnector.java:doStart(278)) - Started ServerConnector@39d77de9{HTTP/1.1,[http/1.1]}{0.0.0.0:37884}
2019-11-15 20:27:18,514 [main] INFO  server.Server (Server.java:doStart(419)) - Started @246119ms
2019-11-15 20:27:18,514 [main] WARN  impl.MetricsSystemImpl (MetricsSystemImpl.java:register(276)) - Sink prometheus already exists!
2019-11-15 20:27:18,515 [main] INFO  server.BaseHttpServer (BaseHttpServer.java:updateConnectorAddress(215)) - HTTP server of SCM is listening at http://0.0.0.0:37884
2019-11-15 20:27:18,516 [main] WARN  server.ServerUtils (ServerUtils.java:getDBPath(222)) - ozone.om.db.dirs is not configured. We recommend adding this setting. Falling back to ozone.metadata.dirs instead.
2019-11-15 20:27:18,517 [org.apache.hadoop.util.JvmPauseMonitor$Monitor@2c06b113] INFO  util.JvmPauseMonitor (JvmPauseMonitor.java:run(188)) - Starting JVM pause monitor
2019-11-15 20:27:18,555 [main] INFO  ha.OMHANodeDetails (OMHANodeDetails.java:loadOMHAConfig(190)) - Configuration either no ozone.om.address set. Falling back to the default OM address /127.0.0.1:0
2019-11-15 20:27:18,555 [main] INFO  ha.OMHANodeDetails (OMHANodeDetails.java:getOMNodeDetails(220)) - OM Service ID is not set. Setting it to the default ID: omServiceIdDefault
2019-11-15 20:27:18,556 [main] WARN  server.ServerUtils (ServerUtils.java:getDBPath(222)) - ozone.om.db.dirs is not configured. We recommend adding this setting. Falling back to ozone.metadata.dirs instead.
2019-11-15 20:27:18,556 [main] WARN  server.ServerUtils (ServerUtils.java:getDBPath(222)) - ozone.om.db.dirs is not configured. We recommend adding this setting. Falling back to ozone.metadata.dirs instead.
2019-11-15 20:27:18,565 [main] WARN  server.ServerUtils (ServerUtils.java:getDBPath(222)) - ozone.om.db.dirs is not configured. We recommend adding this setting. Falling back to ozone.metadata.dirs instead.
2019-11-15 20:27:18,565 [main] INFO  db.DBStoreBuilder (DBStoreBuilder.java:addTable(127)) - using custom profile for table: userTable
2019-11-15 20:27:18,565 [main] INFO  db.DBStoreBuilder (DBStoreBuilder.java:processTables(183)) - Using default column profile:DBProfile.DISK for Table:userTable
2019-11-15 20:27:18,566 [main] INFO  db.DBStoreBuilder (DBStoreBuilder.java:addTable(127)) - using custom profile for table: volumeTable
2019-11-15 20:27:18,566 [main] INFO  db.DBStoreBuilder (DBStoreBuilder.java:processTables(183)) - Using default column profile:DBProfile.DISK for Table:volumeTable
2019-11-15 20:27:18,566 [main] INFO  db.DBStoreBuilder (DBStoreBuilder.java:addTable(127)) - using custom profile for table: bucketTable
2019-11-15 20:27:18,566 [main] INFO  db.DBStoreBuilder (DBStoreBuilder.java:processTables(183)) - Using default column profile:DBProfile.DISK for Table:bucketTable
2019-11-15 20:27:18,567 [main] INFO  db.DBStoreBuilder (DBStoreBuilder.java:addTable(127)) - using custom profile for table: keyTable
2019-11-15 20:27:18,567 [main] INFO  db.DBStoreBuilder (DBStoreBuilder.java:processTables(183)) - Using default column profile:DBProfile.DISK for Table:keyTable
2019-11-15 20:27:18,567 [main] INFO  db.DBStoreBuilder (DBStoreBuilder.java:addTable(127)) - using custom profile for table: deletedTable
2019-11-15 20:27:18,567 [main] INFO  db.DBStoreBuilder (DBStoreBuilder.java:processTables(183)) - Using default column profile:DBProfile.DISK for Table:deletedTable
2019-11-15 20:27:18,568 [main] INFO  db.DBStoreBuilder (DBStoreBuilder.java:addTable(127)) - using custom profile for table: openKeyTable
2019-11-15 20:27:18,568 [main] INFO  db.DBStoreBuilder (DBStoreBuilder.java:processTables(183)) - Using default column profile:DBProfile.DISK for Table:openKeyTable
2019-11-15 20:27:18,568 [main] INFO  db.DBStoreBuilder (DBStoreBuilder.java:addTable(127)) - using custom profile for table: s3Table
2019-11-15 20:27:18,568 [main] INFO  db.DBStoreBuilder (DBStoreBuilder.java:processTables(183)) - Using default column profile:DBProfile.DISK for Table:s3Table
2019-11-15 20:27:18,568 [main] INFO  db.DBStoreBuilder (DBStoreBuilder.java:addTable(127)) - using custom profile for table: multipartInfoTable
2019-11-15 20:27:18,569 [main] INFO  db.DBStoreBuilder (DBStoreBuilder.java:processTables(183)) - Using default column profile:DBProfile.DISK for Table:multipartInfoTable
2019-11-15 20:27:18,569 [main] INFO  db.DBStoreBuilder (DBStoreBuilder.java:addTable(127)) - using custom profile for table: dTokenTable
2019-11-15 20:27:18,569 [main] INFO  db.DBStoreBuilder (DBStoreBuilder.java:processTables(183)) - Using default column profile:DBProfile.DISK for Table:dTokenTable
2019-11-15 20:27:18,569 [main] INFO  db.DBStoreBuilder (DBStoreBuilder.java:addTable(127)) - using custom profile for table: s3SecretTable
2019-11-15 20:27:18,570 [main] INFO  db.DBStoreBuilder (DBStoreBuilder.java:processTables(183)) - Using default column profile:DBProfile.DISK for Table:s3SecretTable
2019-11-15 20:27:18,570 [main] INFO  db.DBStoreBuilder (DBStoreBuilder.java:addTable(127)) - using custom profile for table: prefixTable
2019-11-15 20:27:18,570 [main] INFO  db.DBStoreBuilder (DBStoreBuilder.java:processTables(183)) - Using default column profile:DBProfile.DISK for Table:prefixTable
2019-11-15 20:27:18,570 [main] INFO  db.DBStoreBuilder (DBStoreBuilder.java:addTable(127)) - using custom profile for table: default
2019-11-15 20:27:18,570 [main] INFO  db.DBStoreBuilder (DBStoreBuilder.java:processTables(189)) - Using default column profile:DBProfile.DISK for Table:default
2019-11-15 20:27:18,571 [main] INFO  db.DBStoreBuilder (DBStoreBuilder.java:getDbProfile(220)) - Using default options. DBProfile.DISK
2019-11-15 20:27:19,413 [main] INFO  ipc.CallQueueManager (CallQueueManager.java:<init>(84)) - Using callQueue: class java.util.concurrent.LinkedBlockingQueue, queueCapacity: 2000, scheduler: class org.apache.hadoop.ipc.DefaultRpcScheduler, ipcBackoff: false.
2019-11-15 20:27:19,414 [Socket Reader #1 for port 46358] INFO  ipc.Server (Server.java:run(1074)) - Starting Socket Reader #1 for port 46358
2019-11-15 20:27:19,429 [main] INFO  om.OzoneManager (OzoneManager.java:start(1077)) - OzoneManager RPC server is listening at localhost/127.0.0.1:46358
2019-11-15 20:27:19,429 [main] INFO  impl.MetricsSystemImpl (MetricsSystemImpl.java:init(158)) - OzoneManager metrics system started (again)
2019-11-15 20:27:19,430 [IPC Server Responder] INFO  ipc.Server (Server.java:run(1314)) - IPC Server Responder: starting
2019-11-15 20:27:19,432 [IPC Server listener on 46358] INFO  ipc.Server (Server.java:run(1153)) - IPC Server listener on 46358: starting
2019-11-15 20:27:19,437 [main] INFO  hdfs.DFSUtil (DFSUtil.java:httpServerTemplateForNNAndJN(1641)) - Starting Web-server for ozoneManager at: http://0.0.0.0:0
2019-11-15 20:27:19,439 [main] INFO  server.AuthenticationFilter (AuthenticationFilter.java:constructSecretProvider(240)) - Unable to initialize FileSignerSecretProvider, falling back to use random secrets.
2019-11-15 20:27:19,439 [main] WARN  http.HttpRequestLog (HttpRequestLog.java:getRequestLog(97)) - Jetty request log can only be enabled using Log4j
2019-11-15 20:27:19,441 [main] INFO  http.HttpServer2 (HttpServer2.java:addGlobalFilter(975)) - Added global filter 'safety' (class=org.apache.hadoop.http.HttpServer2$QuotingInputFilter)
2019-11-15 20:27:19,442 [main] INFO  http.HttpServer2 (HttpServer2.java:addFilter(948)) - Added filter static_user_filter (class=org.apache.hadoop.http.lib.StaticUserWebFilter$StaticUserFilter) to context ozoneManager
2019-11-15 20:27:19,442 [main] INFO  http.HttpServer2 (HttpServer2.java:addFilter(958)) - Added filter static_user_filter (class=org.apache.hadoop.http.lib.StaticUserWebFilter$StaticUserFilter) to context logs
2019-11-15 20:27:19,442 [main] INFO  http.HttpServer2 (HttpServer2.java:addFilter(958)) - Added filter static_user_filter (class=org.apache.hadoop.http.lib.StaticUserWebFilter$StaticUserFilter) to context static
2019-11-15 20:27:19,443 [main] INFO  http.HttpServer2 (HttpServer2.java:bindListener(1191)) - Jetty bound to port 38053
2019-11-15 20:27:19,444 [main] INFO  server.Server (Server.java:doStart(351)) - jetty-9.3.25.v20180904, build timestamp: 2018-09-04T21:11:46Z, git hash: 3ce520221d0240229c862b122d2b06c12a625732
2019-11-15 20:27:19,445 [main] INFO  handler.ContextHandler (ContextHandler.java:doStart(781)) - Started o.e.j.s.ServletContextHandler@279126f5{/logs,file:///workdir/hadoop-ozone/integration-test/target/log,AVAILABLE}
2019-11-15 20:27:19,446 [main] INFO  handler.ContextHandler (ContextHandler.java:doStart(781)) - Started o.e.j.s.ServletContextHandler@5fdd97c1{/static,file:///workdir/hadoop-ozone/integration-test/target/test-classes/webapps/static,AVAILABLE}
2019-11-15 20:27:19,453 [main] INFO  handler.ContextHandler (ContextHandler.java:doStart(781)) - Started o.e.j.w.WebAppContext@4a22e4d7{/,file:///workdir/hadoop-ozone/integration-test/target/test-classes/webapps/ozoneManager/,AVAILABLE}{/ozoneManager}
2019-11-15 20:27:19,453 [main] INFO  server.AbstractConnector (AbstractConnector.java:doStart(278)) - Started ServerConnector@d8835af{HTTP/1.1,[http/1.1]}{0.0.0.0:38053}
2019-11-15 20:27:19,454 [main] INFO  server.Server (Server.java:doStart(419)) - Started @247060ms
2019-11-15 20:27:19,455 [main] WARN  impl.MetricsSystemImpl (MetricsSystemImpl.java:register(276)) - Sink prometheus already exists!
2019-11-15 20:27:19,456 [main] INFO  server.BaseHttpServer (BaseHttpServer.java:updateConnectorAddress(215)) - HTTP server of OZONEMANAGER is listening at http://0.0.0.0:38053
2019-11-15 20:27:19,484 [main] INFO  impl.MetricsSystemImpl (MetricsSystemImpl.java:init(158)) - HddsDatanode metrics system started (again)
2019-11-15 20:27:19,486 [main] INFO  ozone.HddsDatanodeService (HddsDatanodeService.java:start(186)) - HddsDatanodeService host:pr-hdds-2514-unusedmethodparam-9qkq7-1267773169 ip:192.168.157.201
2019-11-15 20:27:19,493 [main] INFO  volume.HddsVolume (HddsVolume.java:<init>(176)) - Creating Volume: /workdir/hadoop-ozone/integration-test/target/test-dir/MiniOzoneClusterImpl-2baab228-4da8-45e4-8c00-c7e13f1dd389/datanode-0/data/containers/hdds of  storage type : DISK and capacity : 1482555576320
2019-11-15 20:27:19,494 [main] INFO  volume.VolumeSet (VolumeSet.java:initializeVolumeSet(170)) - Added Volume : /workdir/hadoop-ozone/integration-test/target/test-dir/MiniOzoneClusterImpl-2baab228-4da8-45e4-8c00-c7e13f1dd389/datanode-0/data/containers/hdds to VolumeSet
2019-11-15 20:27:19,494 [main] INFO  volume.ThrottledAsyncChecker (ThrottledAsyncChecker.java:schedule(141)) - Scheduling a check for /workdir/hadoop-ozone/integration-test/target/test-dir/MiniOzoneClusterImpl-2baab228-4da8-45e4-8c00-c7e13f1dd389/datanode-0/data/containers/hdds
2019-11-15 20:27:19,496 [main] INFO  volume.HddsVolumeChecker (HddsVolumeChecker.java:checkAllVolumes(204)) - Scheduled health check for volume /workdir/hadoop-ozone/integration-test/target/test-dir/MiniOzoneClusterImpl-2baab228-4da8-45e4-8c00-c7e13f1dd389/datanode-0/data/containers/hdds
2019-11-15 20:27:19,514 [main] INFO  impl.RaftServerProxy (ConfUtils.java:logGet(43)) - raft.rpc.type = GRPC (default)
2019-11-15 20:27:19,514 [main] INFO  grpc.GrpcFactory (GrpcFactory.java:checkPooledByteBufAllocatorUseCacheForAllThreads(45)) - PERFORMANCE WARNING: useCacheForAllThreads is true that may cause Netty to create a lot garbage objects and, as a result, trigger GC.
	It is recommended to disable useCacheForAllThreads by setting -Dorg.apache.ratis.thirdparty.io.netty.allocator.useCacheForAllThreads=false in command line.
2019-11-15 20:27:19,514 [main] INFO  grpc.GrpcConfigKeys$Server (ConfUtils.java:logGet(43)) - raft.grpc.server.port = 0 (default)
2019-11-15 20:27:19,515 [main] INFO  server.GrpcService (ConfUtils.java:logGet(43)) - raft.grpc.message.size.max = 33570816 (custom)
2019-11-15 20:27:19,515 [main] INFO  server.RaftServerConfigKeys (ConfUtils.java:logGet(43)) - raft.server.log.appender.buffer.byte-limit = 33554432 (custom)
2019-11-15 20:27:19,515 [main] INFO  server.GrpcService (ConfUtils.java:logGet(43)) - raft.grpc.flow.control.window = 1MB (=1048576) (default)
2019-11-15 20:27:19,515 [main] INFO  server.RaftServerConfigKeys (ConfUtils.java:logGet(43)) - raft.server.rpc.request.timeout = 3000ms (default)
2019-11-15 20:27:19,516 [main] INFO  server.RaftServerConfigKeys (ConfUtils.java:logGet(43)) - raft.server.storage.dir = [/workdir/hadoop-ozone/integration-test/target/test-dir/MiniOzoneClusterImpl-2baab228-4da8-45e4-8c00-c7e13f1dd389/datanode-0/data/ratis] (custom)
2019-11-15 20:27:19,518 [main] INFO  hdfs.DFSUtil (DFSUtil.java:httpServerTemplateForNNAndJN(1641)) - Starting Web-server for hddsDatanode at: http://0.0.0.0:0
2019-11-15 20:27:19,520 [main] INFO  server.AuthenticationFilter (AuthenticationFilter.java:constructSecretProvider(240)) - Unable to initialize FileSignerSecretProvider, falling back to use random secrets.
2019-11-15 20:27:19,521 [main] WARN  http.HttpRequestLog (HttpRequestLog.java:getRequestLog(97)) - Jetty request log can only be enabled using Log4j
2019-11-15 20:27:19,523 [main] INFO  http.HttpServer2 (HttpServer2.java:addGlobalFilter(975)) - Added global filter 'safety' (class=org.apache.hadoop.http.HttpServer2$QuotingInputFilter)
2019-11-15 20:27:19,523 [main] INFO  http.HttpServer2 (HttpServer2.java:addFilter(948)) - Added filter static_user_filter (class=org.apache.hadoop.http.lib.StaticUserWebFilter$StaticUserFilter) to context hddsDatanode
2019-11-15 20:27:19,523 [main] INFO  http.HttpServer2 (HttpServer2.java:addFilter(958)) - Added filter static_user_filter (class=org.apache.hadoop.http.lib.StaticUserWebFilter$StaticUserFilter) to context static
2019-11-15 20:27:19,524 [main] INFO  http.HttpServer2 (HttpServer2.java:addFilter(958)) - Added filter static_user_filter (class=org.apache.hadoop.http.lib.StaticUserWebFilter$StaticUserFilter) to context logs
2019-11-15 20:27:19,525 [main] INFO  http.HttpServer2 (HttpServer2.java:bindListener(1191)) - Jetty bound to port 41400
2019-11-15 20:27:19,525 [main] INFO  server.Server (Server.java:doStart(351)) - jetty-9.3.25.v20180904, build timestamp: 2018-09-04T21:11:46Z, git hash: 3ce520221d0240229c862b122d2b06c12a625732
2019-11-15 20:27:19,527 [main] INFO  handler.ContextHandler (ContextHandler.java:doStart(781)) - Started o.e.j.s.ServletContextHandler@61da0413{/logs,file:///workdir/hadoop-ozone/integration-test/target/log,AVAILABLE}
2019-11-15 20:27:19,528 [main] INFO  handler.ContextHandler (ContextHandler.java:doStart(781)) - Started o.e.j.s.ServletContextHandler@4d4c1ba9{/static,jar:file:/home/user/.m2/repository/org/apache/hadoop/hadoop-hdds-container-service/0.5.0-SNAPSHOT/hadoop-hdds-container-service-0.5.0-SNAPSHOT.jar!/webapps/static,AVAILABLE}
2019-11-15 20:27:19,574 [main] INFO  handler.ContextHandler (ContextHandler.java:doStart(781)) - Started o.e.j.w.WebAppContext@6562cc23{/,file:///tmp/jetty-0.0.0.0-41400-hddsDatanode-_-any-8128631785185725359.dir/webapp/,AVAILABLE}{/hddsDatanode}
2019-11-15 20:27:19,575 [main] INFO  server.AbstractConnector (AbstractConnector.java:doStart(278)) - Started ServerConnector@2ce524d2{HTTP/1.1,[http/1.1]}{0.0.0.0:41400}
2019-11-15 20:27:19,576 [main] INFO  server.Server (Server.java:doStart(419)) - Started @247181ms
2019-11-15 20:27:19,576 [main] WARN  impl.MetricsSystemImpl (MetricsSystemImpl.java:register(276)) - Sink prometheus already exists!
2019-11-15 20:27:19,577 [main] INFO  server.BaseHttpServer (BaseHttpServer.java:updateConnectorAddress(215)) - HTTP server of HDDSDATANODE is listening at http://0.0.0.0:41400
2019-11-15 20:27:19,578 [main] INFO  impl.MetricsSystemImpl (MetricsSystemImpl.java:init(158)) - HddsDatanode metrics system started (again)
2019-11-15 20:27:19,580 [org.apache.hadoop.util.JvmPauseMonitor$Monitor@6fba46a3] INFO  util.JvmPauseMonitor (JvmPauseMonitor.java:run(188)) - Starting JVM pause monitor
2019-11-15 20:27:19,581 [main] INFO  ozone.HddsDatanodeService (HddsDatanodeService.java:start(186)) - HddsDatanodeService host:pr-hdds-2514-unusedmethodparam-9qkq7-1267773169 ip:192.168.157.201
2019-11-15 20:27:19,582 [Datanode State Machine Thread - 0] INFO  datanode.InitDatanodeState (InitDatanodeState.java:persistContainerDatanodeDetails(140)) - DatanodeDetails is persisted to /workdir/hadoop-ozone/integration-test/target/test-dir/MiniOzoneClusterImpl-2baab228-4da8-45e4-8c00-c7e13f1dd389/datanode-0/meta/datanode.id
2019-11-15 20:27:19,588 [main] INFO  volume.HddsVolume (HddsVolume.java:<init>(176)) - Creating Volume: /workdir/hadoop-ozone/integration-test/target/test-dir/MiniOzoneClusterImpl-2baab228-4da8-45e4-8c00-c7e13f1dd389/datanode-1/data/containers/hdds of  storage type : DISK and capacity : 1482555576320
2019-11-15 20:27:19,588 [main] INFO  volume.VolumeSet (VolumeSet.java:initializeVolumeSet(170)) - Added Volume : /workdir/hadoop-ozone/integration-test/target/test-dir/MiniOzoneClusterImpl-2baab228-4da8-45e4-8c00-c7e13f1dd389/datanode-1/data/containers/hdds to VolumeSet
2019-11-15 20:27:19,588 [main] INFO  volume.ThrottledAsyncChecker (ThrottledAsyncChecker.java:schedule(141)) - Scheduling a check for /workdir/hadoop-ozone/integration-test/target/test-dir/MiniOzoneClusterImpl-2baab228-4da8-45e4-8c00-c7e13f1dd389/datanode-1/data/containers/hdds
2019-11-15 20:27:19,589 [main] INFO  volume.HddsVolumeChecker (HddsVolumeChecker.java:checkAllVolumes(204)) - Scheduled health check for volume /workdir/hadoop-ozone/integration-test/target/test-dir/MiniOzoneClusterImpl-2baab228-4da8-45e4-8c00-c7e13f1dd389/datanode-1/data/containers/hdds
2019-11-15 20:27:19,607 [main] INFO  impl.RaftServerProxy (ConfUtils.java:logGet(43)) - raft.rpc.type = GRPC (default)
2019-11-15 20:27:19,607 [main] INFO  grpc.GrpcFactory (GrpcFactory.java:checkPooledByteBufAllocatorUseCacheForAllThreads(45)) - PERFORMANCE WARNING: useCacheForAllThreads is true that may cause Netty to create a lot garbage objects and, as a result, trigger GC.
	It is recommended to disable useCacheForAllThreads by setting -Dorg.apache.ratis.thirdparty.io.netty.allocator.useCacheForAllThreads=false in command line.
2019-11-15 20:27:19,607 [main] INFO  grpc.GrpcConfigKeys$Server (ConfUtils.java:logGet(43)) - raft.grpc.server.port = 0 (default)
2019-11-15 20:27:19,607 [main] INFO  server.GrpcService (ConfUtils.java:logGet(43)) - raft.grpc.message.size.max = 33570816 (custom)
2019-11-15 20:27:19,608 [main] INFO  server.RaftServerConfigKeys (ConfUtils.java:logGet(43)) - raft.server.log.appender.buffer.byte-limit = 33554432 (custom)
2019-11-15 20:27:19,608 [main] INFO  server.GrpcService (ConfUtils.java:logGet(43)) - raft.grpc.flow.control.window = 1MB (=1048576) (default)
2019-11-15 20:27:19,608 [main] INFO  server.RaftServerConfigKeys (ConfUtils.java:logGet(43)) - raft.server.rpc.request.timeout = 3000ms (default)
2019-11-15 20:27:19,609 [main] INFO  server.RaftServerConfigKeys (ConfUtils.java:logGet(43)) - raft.server.storage.dir = [/workdir/hadoop-ozone/integration-test/target/test-dir/MiniOzoneClusterImpl-2baab228-4da8-45e4-8c00-c7e13f1dd389/datanode-1/data/ratis] (custom)
2019-11-15 20:27:19,610 [main] INFO  hdfs.DFSUtil (DFSUtil.java:httpServerTemplateForNNAndJN(1641)) - Starting Web-server for hddsDatanode at: http://0.0.0.0:0
2019-11-15 20:27:19,612 [main] INFO  server.AuthenticationFilter (AuthenticationFilter.java:constructSecretProvider(240)) - Unable to initialize FileSignerSecretProvider, falling back to use random secrets.
2019-11-15 20:27:19,612 [main] WARN  http.HttpRequestLog (HttpRequestLog.java:getRequestLog(97)) - Jetty request log can only be enabled using Log4j
2019-11-15 20:27:19,614 [main] INFO  http.HttpServer2 (HttpServer2.java:addGlobalFilter(975)) - Added global filter 'safety' (class=org.apache.hadoop.http.HttpServer2$QuotingInputFilter)
2019-11-15 20:27:19,614 [main] INFO  http.HttpServer2 (HttpServer2.java:addFilter(948)) - Added filter static_user_filter (class=org.apache.hadoop.http.lib.StaticUserWebFilter$StaticUserFilter) to context hddsDatanode
2019-11-15 20:27:19,614 [main] INFO  http.HttpServer2 (HttpServer2.java:addFilter(958)) - Added filter static_user_filter (class=org.apache.hadoop.http.lib.StaticUserWebFilter$StaticUserFilter) to context static
2019-11-15 20:27:19,615 [main] INFO  http.HttpServer2 (HttpServer2.java:addFilter(958)) - Added filter static_user_filter (class=org.apache.hadoop.http.lib.StaticUserWebFilter$StaticUserFilter) to context logs
2019-11-15 20:27:19,615 [main] INFO  http.HttpServer2 (HttpServer2.java:bindListener(1191)) - Jetty bound to port 40001
2019-11-15 20:27:19,615 [main] INFO  server.Server (Server.java:doStart(351)) - jetty-9.3.25.v20180904, build timestamp: 2018-09-04T21:11:46Z, git hash: 3ce520221d0240229c862b122d2b06c12a625732
2019-11-15 20:27:19,617 [main] INFO  handler.ContextHandler (ContextHandler.java:doStart(781)) - Started o.e.j.s.ServletContextHandler@54495935{/logs,file:///workdir/hadoop-ozone/integration-test/target/log,AVAILABLE}
2019-11-15 20:27:19,618 [main] INFO  handler.ContextHandler (ContextHandler.java:doStart(781)) - Started o.e.j.s.ServletContextHandler@3a6e9856{/static,jar:file:/home/user/.m2/repository/org/apache/hadoop/hadoop-hdds-container-service/0.5.0-SNAPSHOT/hadoop-hdds-container-service-0.5.0-SNAPSHOT.jar!/webapps/static,AVAILABLE}
2019-11-15 20:27:19,655 [main] INFO  handler.ContextHandler (ContextHandler.java:doStart(781)) - Started o.e.j.w.WebAppContext@646d810b{/,file:///tmp/jetty-0.0.0.0-40001-hddsDatanode-_-any-6149212506314397491.dir/webapp/,AVAILABLE}{/hddsDatanode}
2019-11-15 20:27:19,656 [main] INFO  server.AbstractConnector (AbstractConnector.java:doStart(278)) - Started ServerConnector@30508066{HTTP/1.1,[http/1.1]}{0.0.0.0:40001}
2019-11-15 20:27:19,657 [main] INFO  server.Server (Server.java:doStart(419)) - Started @247263ms
2019-11-15 20:27:19,657 [main] WARN  impl.MetricsSystemImpl (MetricsSystemImpl.java:register(276)) - Sink prometheus already exists!
2019-11-15 20:27:19,658 [main] INFO  server.BaseHttpServer (BaseHttpServer.java:updateConnectorAddress(215)) - HTTP server of HDDSDATANODE is listening at http://0.0.0.0:40001
2019-11-15 20:27:19,659 [main] INFO  impl.MetricsSystemImpl (MetricsSystemImpl.java:init(158)) - HddsDatanode metrics system started (again)
2019-11-15 20:27:19,661 [org.apache.hadoop.util.JvmPauseMonitor$Monitor@780fdf9] INFO  util.JvmPauseMonitor (JvmPauseMonitor.java:run(188)) - Starting JVM pause monitor
2019-11-15 20:27:19,661 [main] INFO  ozone.HddsDatanodeService (HddsDatanodeService.java:start(186)) - HddsDatanodeService host:pr-hdds-2514-unusedmethodparam-9qkq7-1267773169 ip:192.168.157.201
2019-11-15 20:27:19,662 [Datanode State Machine Thread - 0] INFO  datanode.InitDatanodeState (InitDatanodeState.java:persistContainerDatanodeDetails(140)) - DatanodeDetails is persisted to /workdir/hadoop-ozone/integration-test/target/test-dir/MiniOzoneClusterImpl-2baab228-4da8-45e4-8c00-c7e13f1dd389/datanode-1/meta/datanode.id
2019-11-15 20:27:19,667 [main] INFO  volume.HddsVolume (HddsVolume.java:<init>(176)) - Creating Volume: /workdir/hadoop-ozone/integration-test/target/test-dir/MiniOzoneClusterImpl-2baab228-4da8-45e4-8c00-c7e13f1dd389/datanode-2/data/containers/hdds of  storage type : DISK and capacity : 1482555576320
2019-11-15 20:27:19,668 [main] INFO  volume.VolumeSet (VolumeSet.java:initializeVolumeSet(170)) - Added Volume : /workdir/hadoop-ozone/integration-test/target/test-dir/MiniOzoneClusterImpl-2baab228-4da8-45e4-8c00-c7e13f1dd389/datanode-2/data/containers/hdds to VolumeSet
2019-11-15 20:27:19,668 [main] INFO  volume.ThrottledAsyncChecker (ThrottledAsyncChecker.java:schedule(141)) - Scheduling a check for /workdir/hadoop-ozone/integration-test/target/test-dir/MiniOzoneClusterImpl-2baab228-4da8-45e4-8c00-c7e13f1dd389/datanode-2/data/containers/hdds
2019-11-15 20:27:19,668 [main] INFO  volume.HddsVolumeChecker (HddsVolumeChecker.java:checkAllVolumes(204)) - Scheduled health check for volume /workdir/hadoop-ozone/integration-test/target/test-dir/MiniOzoneClusterImpl-2baab228-4da8-45e4-8c00-c7e13f1dd389/datanode-2/data/containers/hdds
2019-11-15 20:27:19,681 [main] INFO  impl.RaftServerProxy (ConfUtils.java:logGet(43)) - raft.rpc.type = GRPC (default)
2019-11-15 20:27:19,681 [main] INFO  grpc.GrpcFactory (GrpcFactory.java:checkPooledByteBufAllocatorUseCacheForAllThreads(45)) - PERFORMANCE WARNING: useCacheForAllThreads is true that may cause Netty to create a lot garbage objects and, as a result, trigger GC.
	It is recommended to disable useCacheForAllThreads by setting -Dorg.apache.ratis.thirdparty.io.netty.allocator.useCacheForAllThreads=false in command line.
2019-11-15 20:27:19,682 [main] INFO  grpc.GrpcConfigKeys$Server (ConfUtils.java:logGet(43)) - raft.grpc.server.port = 0 (default)
2019-11-15 20:27:19,682 [main] INFO  server.GrpcService (ConfUtils.java:logGet(43)) - raft.grpc.message.size.max = 33570816 (custom)
2019-11-15 20:27:19,682 [main] INFO  server.RaftServerConfigKeys (ConfUtils.java:logGet(43)) - raft.server.log.appender.buffer.byte-limit = 33554432 (custom)
2019-11-15 20:27:19,682 [main] INFO  server.GrpcService (ConfUtils.java:logGet(43)) - raft.grpc.flow.control.window = 1MB (=1048576) (default)
2019-11-15 20:27:19,682 [main] INFO  server.RaftServerConfigKeys (ConfUtils.java:logGet(43)) - raft.server.rpc.request.timeout = 3000ms (default)
2019-11-15 20:27:19,683 [main] INFO  server.RaftServerConfigKeys (ConfUtils.java:logGet(43)) - raft.server.storage.dir = [/workdir/hadoop-ozone/integration-test/target/test-dir/MiniOzoneClusterImpl-2baab228-4da8-45e4-8c00-c7e13f1dd389/datanode-2/data/ratis] (custom)
2019-11-15 20:27:19,684 [main] INFO  hdfs.DFSUtil (DFSUtil.java:httpServerTemplateForNNAndJN(1641)) - Starting Web-server for hddsDatanode at: http://0.0.0.0:0
2019-11-15 20:27:19,686 [main] INFO  server.AuthenticationFilter (AuthenticationFilter.java:constructSecretProvider(240)) - Unable to initialize FileSignerSecretProvider, falling back to use random secrets.
2019-11-15 20:27:19,686 [main] WARN  http.HttpRequestLog (HttpRequestLog.java:getRequestLog(97)) - Jetty request log can only be enabled using Log4j
2019-11-15 20:27:19,688 [main] INFO  http.HttpServer2 (HttpServer2.java:addGlobalFilter(975)) - Added global filter 'safety' (class=org.apache.hadoop.http.HttpServer2$QuotingInputFilter)
2019-11-15 20:27:19,688 [main] INFO  http.HttpServer2 (HttpServer2.java:addFilter(948)) - Added filter static_user_filter (class=org.apache.hadoop.http.lib.StaticUserWebFilter$StaticUserFilter) to context hddsDatanode
2019-11-15 20:27:19,688 [main] INFO  http.HttpServer2 (HttpServer2.java:addFilter(958)) - Added filter static_user_filter (class=org.apache.hadoop.http.lib.StaticUserWebFilter$StaticUserFilter) to context static
2019-11-15 20:27:19,688 [main] INFO  http.HttpServer2 (HttpServer2.java:addFilter(958)) - Added filter static_user_filter (class=org.apache.hadoop.http.lib.StaticUserWebFilter$StaticUserFilter) to context logs
2019-11-15 20:27:19,689 [main] INFO  http.HttpServer2 (HttpServer2.java:bindListener(1191)) - Jetty bound to port 41128
2019-11-15 20:27:19,689 [main] INFO  server.Server (Server.java:doStart(351)) - jetty-9.3.25.v20180904, build timestamp: 2018-09-04T21:11:46Z, git hash: 3ce520221d0240229c862b122d2b06c12a625732
2019-11-15 20:27:19,691 [main] INFO  handler.ContextHandler (ContextHandler.java:doStart(781)) - Started o.e.j.s.ServletContextHandler@7b297740{/logs,file:///workdir/hadoop-ozone/integration-test/target/log,AVAILABLE}
2019-11-15 20:27:19,692 [main] INFO  handler.ContextHandler (ContextHandler.java:doStart(781)) - Started o.e.j.s.ServletContextHandler@57ce2898{/static,jar:file:/home/user/.m2/repository/org/apache/hadoop/hadoop-hdds-container-service/0.5.0-SNAPSHOT/hadoop-hdds-container-service-0.5.0-SNAPSHOT.jar!/webapps/static,AVAILABLE}
2019-11-15 20:27:19,729 [main] INFO  handler.ContextHandler (ContextHandler.java:doStart(781)) - Started o.e.j.w.WebAppContext@2f4d32bf{/,file:///tmp/jetty-0.0.0.0-41128-hddsDatanode-_-any-2760145837109179072.dir/webapp/,AVAILABLE}{/hddsDatanode}
2019-11-15 20:27:19,729 [main] INFO  server.AbstractConnector (AbstractConnector.java:doStart(278)) - Started ServerConnector@774d8276{HTTP/1.1,[http/1.1]}{0.0.0.0:41128}
2019-11-15 20:27:19,730 [main] INFO  server.Server (Server.java:doStart(419)) - Started @247336ms
2019-11-15 20:27:19,731 [main] WARN  impl.MetricsSystemImpl (MetricsSystemImpl.java:register(276)) - Sink prometheus already exists!
2019-11-15 20:27:19,732 [main] INFO  server.BaseHttpServer (BaseHttpServer.java:updateConnectorAddress(215)) - HTTP server of HDDSDATANODE is listening at http://0.0.0.0:41128
2019-11-15 20:27:19,732 [main] INFO  impl.MetricsSystemImpl (MetricsSystemImpl.java:init(158)) - HddsDatanode metrics system started (again)
2019-11-15 20:27:19,735 [org.apache.hadoop.util.JvmPauseMonitor$Monitor@2eab0e74] INFO  util.JvmPauseMonitor (JvmPauseMonitor.java:run(188)) - Starting JVM pause monitor
2019-11-15 20:27:19,735 [main] INFO  ozone.HddsDatanodeService (HddsDatanodeService.java:start(186)) - HddsDatanodeService host:pr-hdds-2514-unusedmethodparam-9qkq7-1267773169 ip:192.168.157.201
2019-11-15 20:27:19,736 [Datanode State Machine Thread - 0] INFO  datanode.InitDatanodeState (InitDatanodeState.java:persistContainerDatanodeDetails(140)) - DatanodeDetails is persisted to /workdir/hadoop-ozone/integration-test/target/test-dir/MiniOzoneClusterImpl-2baab228-4da8-45e4-8c00-c7e13f1dd389/datanode-2/meta/datanode.id
2019-11-15 20:27:19,741 [main] INFO  volume.HddsVolume (HddsVolume.java:<init>(176)) - Creating Volume: /workdir/hadoop-ozone/integration-test/target/test-dir/MiniOzoneClusterImpl-2baab228-4da8-45e4-8c00-c7e13f1dd389/datanode-3/data/containers/hdds of  storage type : DISK and capacity : 1482555576320
2019-11-15 20:27:19,742 [main] INFO  volume.VolumeSet (VolumeSet.java:initializeVolumeSet(170)) - Added Volume : /workdir/hadoop-ozone/integration-test/target/test-dir/MiniOzoneClusterImpl-2baab228-4da8-45e4-8c00-c7e13f1dd389/datanode-3/data/containers/hdds to VolumeSet
2019-11-15 20:27:19,742 [main] INFO  volume.ThrottledAsyncChecker (ThrottledAsyncChecker.java:schedule(141)) - Scheduling a check for /workdir/hadoop-ozone/integration-test/target/test-dir/MiniOzoneClusterImpl-2baab228-4da8-45e4-8c00-c7e13f1dd389/datanode-3/data/containers/hdds
2019-11-15 20:27:19,742 [main] INFO  volume.HddsVolumeChecker (HddsVolumeChecker.java:checkAllVolumes(204)) - Scheduled health check for volume /workdir/hadoop-ozone/integration-test/target/test-dir/MiniOzoneClusterImpl-2baab228-4da8-45e4-8c00-c7e13f1dd389/datanode-3/data/containers/hdds
2019-11-15 20:27:19,755 [main] INFO  impl.RaftServerProxy (ConfUtils.java:logGet(43)) - raft.rpc.type = GRPC (default)
2019-11-15 20:27:19,755 [main] INFO  grpc.GrpcFactory (GrpcFactory.java:checkPooledByteBufAllocatorUseCacheForAllThreads(45)) - PERFORMANCE WARNING: useCacheForAllThreads is true that may cause Netty to create a lot garbage objects and, as a result, trigger GC.
	It is recommended to disable useCacheForAllThreads by setting -Dorg.apache.ratis.thirdparty.io.netty.allocator.useCacheForAllThreads=false in command line.
2019-11-15 20:27:19,755 [main] INFO  grpc.GrpcConfigKeys$Server (ConfUtils.java:logGet(43)) - raft.grpc.server.port = 0 (default)
2019-11-15 20:27:19,755 [main] INFO  server.GrpcService (ConfUtils.java:logGet(43)) - raft.grpc.message.size.max = 33570816 (custom)
2019-11-15 20:27:19,755 [main] INFO  server.RaftServerConfigKeys (ConfUtils.java:logGet(43)) - raft.server.log.appender.buffer.byte-limit = 33554432 (custom)
2019-11-15 20:27:19,756 [main] INFO  server.GrpcService (ConfUtils.java:logGet(43)) - raft.grpc.flow.control.window = 1MB (=1048576) (default)
2019-11-15 20:27:19,756 [main] INFO  server.RaftServerConfigKeys (ConfUtils.java:logGet(43)) - raft.server.rpc.request.timeout = 3000ms (default)
2019-11-15 20:27:19,756 [main] INFO  server.RaftServerConfigKeys (ConfUtils.java:logGet(43)) - raft.server.storage.dir = [/workdir/hadoop-ozone/integration-test/target/test-dir/MiniOzoneClusterImpl-2baab228-4da8-45e4-8c00-c7e13f1dd389/datanode-3/data/ratis] (custom)
2019-11-15 20:27:19,758 [main] INFO  hdfs.DFSUtil (DFSUtil.java:httpServerTemplateForNNAndJN(1641)) - Starting Web-server for hddsDatanode at: http://0.0.0.0:0
2019-11-15 20:27:19,759 [main] INFO  server.AuthenticationFilter (AuthenticationFilter.java:constructSecretProvider(240)) - Unable to initialize FileSignerSecretProvider, falling back to use random secrets.
2019-11-15 20:27:19,760 [main] WARN  http.HttpRequestLog (HttpRequestLog.java:getRequestLog(97)) - Jetty request log can only be enabled using Log4j
2019-11-15 20:27:19,762 [main] INFO  http.HttpServer2 (HttpServer2.java:addGlobalFilter(975)) - Added global filter 'safety' (class=org.apache.hadoop.http.HttpServer2$QuotingInputFilter)
2019-11-15 20:27:19,762 [main] INFO  http.HttpServer2 (HttpServer2.java:addFilter(948)) - Added filter static_user_filter (class=org.apache.hadoop.http.lib.StaticUserWebFilter$StaticUserFilter) to context hddsDatanode
2019-11-15 20:27:19,762 [main] INFO  http.HttpServer2 (HttpServer2.java:addFilter(958)) - Added filter static_user_filter (class=org.apache.hadoop.http.lib.StaticUserWebFilter$StaticUserFilter) to context static
2019-11-15 20:27:19,763 [main] INFO  http.HttpServer2 (HttpServer2.java:addFilter(958)) - Added filter static_user_filter (class=org.apache.hadoop.http.lib.StaticUserWebFilter$StaticUserFilter) to context logs
2019-11-15 20:27:19,763 [main] INFO  http.HttpServer2 (HttpServer2.java:bindListener(1191)) - Jetty bound to port 39908
2019-11-15 20:27:19,764 [main] INFO  server.Server (Server.java:doStart(351)) - jetty-9.3.25.v20180904, build timestamp: 2018-09-04T21:11:46Z, git hash: 3ce520221d0240229c862b122d2b06c12a625732
2019-11-15 20:27:19,765 [main] INFO  handler.ContextHandler (ContextHandler.java:doStart(781)) - Started o.e.j.s.ServletContextHandler@2d22d3b1{/logs,file:///workdir/hadoop-ozone/integration-test/target/log,AVAILABLE}
2019-11-15 20:27:19,766 [main] INFO  handler.ContextHandler (ContextHandler.java:doStart(781)) - Started o.e.j.s.ServletContextHandler@9690008{/static,jar:file:/home/user/.m2/repository/org/apache/hadoop/hadoop-hdds-container-service/0.5.0-SNAPSHOT/hadoop-hdds-container-service-0.5.0-SNAPSHOT.jar!/webapps/static,AVAILABLE}
2019-11-15 20:27:19,799 [main] INFO  handler.ContextHandler (ContextHandler.java:doStart(781)) - Started o.e.j.w.WebAppContext@150fc7a7{/,file:///tmp/jetty-0.0.0.0-39908-hddsDatanode-_-any-883829049710709354.dir/webapp/,AVAILABLE}{/hddsDatanode}
2019-11-15 20:27:19,800 [main] INFO  server.AbstractConnector (AbstractConnector.java:doStart(278)) - Started ServerConnector@55d8c2c4{HTTP/1.1,[http/1.1]}{0.0.0.0:39908}
2019-11-15 20:27:19,802 [main] INFO  server.Server (Server.java:doStart(419)) - Started @247407ms
2019-11-15 20:27:19,802 [main] WARN  impl.MetricsSystemImpl (MetricsSystemImpl.java:register(276)) - Sink prometheus already exists!
2019-11-15 20:27:19,803 [main] INFO  server.BaseHttpServer (BaseHttpServer.java:updateConnectorAddress(215)) - HTTP server of HDDSDATANODE is listening at http://0.0.0.0:39908
2019-11-15 20:27:19,804 [main] INFO  impl.MetricsSystemImpl (MetricsSystemImpl.java:init(158)) - HddsDatanode metrics system started (again)
2019-11-15 20:27:19,805 [org.apache.hadoop.util.JvmPauseMonitor$Monitor@18040e3a] INFO  util.JvmPauseMonitor (JvmPauseMonitor.java:run(188)) - Starting JVM pause monitor
2019-11-15 20:27:19,807 [Datanode State Machine Thread - 0] INFO  datanode.InitDatanodeState (InitDatanodeState.java:persistContainerDatanodeDetails(140)) - DatanodeDetails is persisted to /workdir/hadoop-ozone/integration-test/target/test-dir/MiniOzoneClusterImpl-2baab228-4da8-45e4-8c00-c7e13f1dd389/datanode-3/meta/datanode.id
2019-11-15 20:27:19,809 [main] INFO  ozone.HddsDatanodeService (HddsDatanodeService.java:start(186)) - HddsDatanodeService host:pr-hdds-2514-unusedmethodparam-9qkq7-1267773169 ip:192.168.157.201
2019-11-15 20:27:19,816 [main] INFO  volume.HddsVolume (HddsVolume.java:<init>(176)) - Creating Volume: /workdir/hadoop-ozone/integration-test/target/test-dir/MiniOzoneClusterImpl-2baab228-4da8-45e4-8c00-c7e13f1dd389/datanode-4/data/containers/hdds of  storage type : DISK and capacity : 1482555576320
2019-11-15 20:27:19,817 [main] INFO  volume.VolumeSet (VolumeSet.java:initializeVolumeSet(170)) - Added Volume : /workdir/hadoop-ozone/integration-test/target/test-dir/MiniOzoneClusterImpl-2baab228-4da8-45e4-8c00-c7e13f1dd389/datanode-4/data/containers/hdds to VolumeSet
2019-11-15 20:27:19,817 [main] INFO  volume.ThrottledAsyncChecker (ThrottledAsyncChecker.java:schedule(141)) - Scheduling a check for /workdir/hadoop-ozone/integration-test/target/test-dir/MiniOzoneClusterImpl-2baab228-4da8-45e4-8c00-c7e13f1dd389/datanode-4/data/containers/hdds
2019-11-15 20:27:19,817 [main] INFO  volume.HddsVolumeChecker (HddsVolumeChecker.java:checkAllVolumes(204)) - Scheduled health check for volume /workdir/hadoop-ozone/integration-test/target/test-dir/MiniOzoneClusterImpl-2baab228-4da8-45e4-8c00-c7e13f1dd389/datanode-4/data/containers/hdds
2019-11-15 20:27:19,835 [main] INFO  impl.RaftServerProxy (ConfUtils.java:logGet(43)) - raft.rpc.type = GRPC (default)
2019-11-15 20:27:19,835 [main] INFO  grpc.GrpcFactory (GrpcFactory.java:checkPooledByteBufAllocatorUseCacheForAllThreads(45)) - PERFORMANCE WARNING: useCacheForAllThreads is true that may cause Netty to create a lot garbage objects and, as a result, trigger GC.
	It is recommended to disable useCacheForAllThreads by setting -Dorg.apache.ratis.thirdparty.io.netty.allocator.useCacheForAllThreads=false in command line.
2019-11-15 20:27:19,836 [main] INFO  grpc.GrpcConfigKeys$Server (ConfUtils.java:logGet(43)) - raft.grpc.server.port = 0 (default)
2019-11-15 20:27:19,836 [main] INFO  server.GrpcService (ConfUtils.java:logGet(43)) - raft.grpc.message.size.max = 33570816 (custom)
2019-11-15 20:27:19,836 [main] INFO  server.RaftServerConfigKeys (ConfUtils.java:logGet(43)) - raft.server.log.appender.buffer.byte-limit = 33554432 (custom)
2019-11-15 20:27:19,836 [main] INFO  server.GrpcService (ConfUtils.java:logGet(43)) - raft.grpc.flow.control.window = 1MB (=1048576) (default)
2019-11-15 20:27:19,836 [main] INFO  server.RaftServerConfigKeys (ConfUtils.java:logGet(43)) - raft.server.rpc.request.timeout = 3000ms (default)
2019-11-15 20:27:19,837 [main] INFO  server.RaftServerConfigKeys (ConfUtils.java:logGet(43)) - raft.server.storage.dir = [/workdir/hadoop-ozone/integration-test/target/test-dir/MiniOzoneClusterImpl-2baab228-4da8-45e4-8c00-c7e13f1dd389/datanode-4/data/ratis] (custom)
2019-11-15 20:27:19,839 [main] INFO  hdfs.DFSUtil (DFSUtil.java:httpServerTemplateForNNAndJN(1641)) - Starting Web-server for hddsDatanode at: http://0.0.0.0:0
2019-11-15 20:27:19,840 [main] INFO  server.AuthenticationFilter (AuthenticationFilter.java:constructSecretProvider(240)) - Unable to initialize FileSignerSecretProvider, falling back to use random secrets.
2019-11-15 20:27:19,841 [main] WARN  http.HttpRequestLog (HttpRequestLog.java:getRequestLog(97)) - Jetty request log can only be enabled using Log4j
2019-11-15 20:27:19,843 [main] INFO  http.HttpServer2 (HttpServer2.java:addGlobalFilter(975)) - Added global filter 'safety' (class=org.apache.hadoop.http.HttpServer2$QuotingInputFilter)
2019-11-15 20:27:19,843 [main] INFO  http.HttpServer2 (HttpServer2.java:addFilter(948)) - Added filter static_user_filter (class=org.apache.hadoop.http.lib.StaticUserWebFilter$StaticUserFilter) to context hddsDatanode
2019-11-15 20:27:19,843 [main] INFO  http.HttpServer2 (HttpServer2.java:addFilter(958)) - Added filter static_user_filter (class=org.apache.hadoop.http.lib.StaticUserWebFilter$StaticUserFilter) to context static
2019-11-15 20:27:19,843 [main] INFO  http.HttpServer2 (HttpServer2.java:addFilter(958)) - Added filter static_user_filter (class=org.apache.hadoop.http.lib.StaticUserWebFilter$StaticUserFilter) to context logs
2019-11-15 20:27:19,844 [main] INFO  http.HttpServer2 (HttpServer2.java:bindListener(1191)) - Jetty bound to port 34077
2019-11-15 20:27:19,844 [main] INFO  server.Server (Server.java:doStart(351)) - jetty-9.3.25.v20180904, build timestamp: 2018-09-04T21:11:46Z, git hash: 3ce520221d0240229c862b122d2b06c12a625732
2019-11-15 20:27:19,846 [main] INFO  handler.ContextHandler (ContextHandler.java:doStart(781)) - Started o.e.j.s.ServletContextHandler@736b21ee{/logs,file:///workdir/hadoop-ozone/integration-test/target/log,AVAILABLE}
2019-11-15 20:27:19,847 [main] INFO  handler.ContextHandler (ContextHandler.java:doStart(781)) - Started o.e.j.s.ServletContextHandler@49754e74{/static,jar:file:/home/user/.m2/repository/org/apache/hadoop/hadoop-hdds-container-service/0.5.0-SNAPSHOT/hadoop-hdds-container-service-0.5.0-SNAPSHOT.jar!/webapps/static,AVAILABLE}
2019-11-15 20:27:19,882 [main] INFO  handler.ContextHandler (ContextHandler.java:doStart(781)) - Started o.e.j.w.WebAppContext@626c569b{/,file:///tmp/jetty-0.0.0.0-34077-hddsDatanode-_-any-975947186480532202.dir/webapp/,AVAILABLE}{/hddsDatanode}
2019-11-15 20:27:19,883 [main] INFO  server.AbstractConnector (AbstractConnector.java:doStart(278)) - Started ServerConnector@684ce74c{HTTP/1.1,[http/1.1]}{0.0.0.0:34077}
2019-11-15 20:27:19,884 [main] INFO  server.Server (Server.java:doStart(419)) - Started @247489ms
2019-11-15 20:27:19,884 [main] WARN  impl.MetricsSystemImpl (MetricsSystemImpl.java:register(276)) - Sink prometheus already exists!
2019-11-15 20:27:19,885 [main] INFO  server.BaseHttpServer (BaseHttpServer.java:updateConnectorAddress(215)) - HTTP server of HDDSDATANODE is listening at http://0.0.0.0:34077
2019-11-15 20:27:19,885 [main] INFO  impl.MetricsSystemImpl (MetricsSystemImpl.java:init(158)) - HddsDatanode metrics system started (again)
2019-11-15 20:27:19,888 [org.apache.hadoop.util.JvmPauseMonitor$Monitor@2ece3dac] INFO  util.JvmPauseMonitor (JvmPauseMonitor.java:run(188)) - Starting JVM pause monitor
2019-11-15 20:27:19,888 [main] INFO  ozone.HddsDatanodeService (HddsDatanodeService.java:start(186)) - HddsDatanodeService host:pr-hdds-2514-unusedmethodparam-9qkq7-1267773169 ip:192.168.157.201
2019-11-15 20:27:19,889 [Datanode State Machine Thread - 0] INFO  datanode.InitDatanodeState (InitDatanodeState.java:persistContainerDatanodeDetails(140)) - DatanodeDetails is persisted to /workdir/hadoop-ozone/integration-test/target/test-dir/MiniOzoneClusterImpl-2baab228-4da8-45e4-8c00-c7e13f1dd389/datanode-4/meta/datanode.id
2019-11-15 20:27:19,893 [main] INFO  volume.HddsVolume (HddsVolume.java:<init>(176)) - Creating Volume: /workdir/hadoop-ozone/integration-test/target/test-dir/MiniOzoneClusterImpl-2baab228-4da8-45e4-8c00-c7e13f1dd389/datanode-5/data/containers/hdds of  storage type : DISK and capacity : 1482555576320
2019-11-15 20:27:19,893 [main] INFO  volume.VolumeSet (VolumeSet.java:initializeVolumeSet(170)) - Added Volume : /workdir/hadoop-ozone/integration-test/target/test-dir/MiniOzoneClusterImpl-2baab228-4da8-45e4-8c00-c7e13f1dd389/datanode-5/data/containers/hdds to VolumeSet
2019-11-15 20:27:19,893 [main] INFO  volume.ThrottledAsyncChecker (ThrottledAsyncChecker.java:schedule(141)) - Scheduling a check for /workdir/hadoop-ozone/integration-test/target/test-dir/MiniOzoneClusterImpl-2baab228-4da8-45e4-8c00-c7e13f1dd389/datanode-5/data/containers/hdds
2019-11-15 20:27:19,894 [main] INFO  volume.HddsVolumeChecker (HddsVolumeChecker.java:checkAllVolumes(204)) - Scheduled health check for volume /workdir/hadoop-ozone/integration-test/target/test-dir/MiniOzoneClusterImpl-2baab228-4da8-45e4-8c00-c7e13f1dd389/datanode-5/data/containers/hdds
2019-11-15 20:27:19,905 [main] INFO  impl.RaftServerProxy (ConfUtils.java:logGet(43)) - raft.rpc.type = GRPC (default)
2019-11-15 20:27:19,905 [main] INFO  grpc.GrpcFactory (GrpcFactory.java:checkPooledByteBufAllocatorUseCacheForAllThreads(45)) - PERFORMANCE WARNING: useCacheForAllThreads is true that may cause Netty to create a lot garbage objects and, as a result, trigger GC.
	It is recommended to disable useCacheForAllThreads by setting -Dorg.apache.ratis.thirdparty.io.netty.allocator.useCacheForAllThreads=false in command line.
2019-11-15 20:27:19,905 [main] INFO  grpc.GrpcConfigKeys$Server (ConfUtils.java:logGet(43)) - raft.grpc.server.port = 0 (default)
2019-11-15 20:27:19,905 [main] INFO  server.GrpcService (ConfUtils.java:logGet(43)) - raft.grpc.message.size.max = 33570816 (custom)
2019-11-15 20:27:19,906 [main] INFO  server.RaftServerConfigKeys (ConfUtils.java:logGet(43)) - raft.server.log.appender.buffer.byte-limit = 33554432 (custom)
2019-11-15 20:27:19,906 [main] INFO  server.GrpcService (ConfUtils.java:logGet(43)) - raft.grpc.flow.control.window = 1MB (=1048576) (default)
2019-11-15 20:27:19,906 [main] INFO  server.RaftServerConfigKeys (ConfUtils.java:logGet(43)) - raft.server.rpc.request.timeout = 3000ms (default)
2019-11-15 20:27:19,906 [main] INFO  server.RaftServerConfigKeys (ConfUtils.java:logGet(43)) - raft.server.storage.dir = [/workdir/hadoop-ozone/integration-test/target/test-dir/MiniOzoneClusterImpl-2baab228-4da8-45e4-8c00-c7e13f1dd389/datanode-5/data/ratis] (custom)
2019-11-15 20:27:19,907 [main] INFO  hdfs.DFSUtil (DFSUtil.java:httpServerTemplateForNNAndJN(1641)) - Starting Web-server for hddsDatanode at: http://0.0.0.0:0
2019-11-15 20:27:19,909 [main] INFO  server.AuthenticationFilter (AuthenticationFilter.java:constructSecretProvider(240)) - Unable to initialize FileSignerSecretProvider, falling back to use random secrets.
2019-11-15 20:27:19,909 [main] WARN  http.HttpRequestLog (HttpRequestLog.java:getRequestLog(97)) - Jetty request log can only be enabled using Log4j
2019-11-15 20:27:19,910 [main] INFO  http.HttpServer2 (HttpServer2.java:addGlobalFilter(975)) - Added global filter 'safety' (class=org.apache.hadoop.http.HttpServer2$QuotingInputFilter)
2019-11-15 20:27:19,910 [main] INFO  http.HttpServer2 (HttpServer2.java:addFilter(948)) - Added filter static_user_filter (class=org.apache.hadoop.http.lib.StaticUserWebFilter$StaticUserFilter) to context hddsDatanode
2019-11-15 20:27:19,910 [main] INFO  http.HttpServer2 (HttpServer2.java:addFilter(958)) - Added filter static_user_filter (class=org.apache.hadoop.http.lib.StaticUserWebFilter$StaticUserFilter) to context static
2019-11-15 20:27:19,911 [main] INFO  http.HttpServer2 (HttpServer2.java:addFilter(958)) - Added filter static_user_filter (class=org.apache.hadoop.http.lib.StaticUserWebFilter$StaticUserFilter) to context logs
2019-11-15 20:27:19,911 [main] INFO  http.HttpServer2 (HttpServer2.java:bindListener(1191)) - Jetty bound to port 37659
2019-11-15 20:27:19,911 [main] INFO  server.Server (Server.java:doStart(351)) - jetty-9.3.25.v20180904, build timestamp: 2018-09-04T21:11:46Z, git hash: 3ce520221d0240229c862b122d2b06c12a625732
2019-11-15 20:27:19,913 [main] INFO  handler.ContextHandler (ContextHandler.java:doStart(781)) - Started o.e.j.s.ServletContextHandler@9d3d54e{/logs,file:///workdir/hadoop-ozone/integration-test/target/log,AVAILABLE}
2019-11-15 20:27:19,913 [main] INFO  handler.ContextHandler (ContextHandler.java:doStart(781)) - Started o.e.j.s.ServletContextHandler@333398f{/static,jar:file:/home/user/.m2/repository/org/apache/hadoop/hadoop-hdds-container-service/0.5.0-SNAPSHOT/hadoop-hdds-container-service-0.5.0-SNAPSHOT.jar!/webapps/static,AVAILABLE}
2019-11-15 20:27:19,941 [main] INFO  handler.ContextHandler (ContextHandler.java:doStart(781)) - Started o.e.j.w.WebAppContext@69f080ad{/,file:///tmp/jetty-0.0.0.0-37659-hddsDatanode-_-any-7667022039669386003.dir/webapp/,AVAILABLE}{/hddsDatanode}
2019-11-15 20:27:19,942 [main] INFO  server.AbstractConnector (AbstractConnector.java:doStart(278)) - Started ServerConnector@6568f998{HTTP/1.1,[http/1.1]}{0.0.0.0:37659}
2019-11-15 20:27:19,943 [main] INFO  server.Server (Server.java:doStart(419)) - Started @247548ms
2019-11-15 20:27:19,943 [main] WARN  impl.MetricsSystemImpl (MetricsSystemImpl.java:register(276)) - Sink prometheus already exists!
2019-11-15 20:27:19,944 [main] INFO  server.BaseHttpServer (BaseHttpServer.java:updateConnectorAddress(215)) - HTTP server of HDDSDATANODE is listening at http://0.0.0.0:37659
2019-11-15 20:27:19,944 [main] INFO  impl.MetricsSystemImpl (MetricsSystemImpl.java:init(158)) - HddsDatanode metrics system started (again)
2019-11-15 20:27:19,947 [org.apache.hadoop.util.JvmPauseMonitor$Monitor@7d547b1c] INFO  util.JvmPauseMonitor (JvmPauseMonitor.java:run(188)) - Starting JVM pause monitor
2019-11-15 20:27:19,947 [main] INFO  ozone.HddsDatanodeService (HddsDatanodeService.java:start(186)) - HddsDatanodeService host:pr-hdds-2514-unusedmethodparam-9qkq7-1267773169 ip:192.168.157.201
2019-11-15 20:27:19,949 [Datanode State Machine Thread - 0] INFO  datanode.InitDatanodeState (InitDatanodeState.java:persistContainerDatanodeDetails(140)) - DatanodeDetails is persisted to /workdir/hadoop-ozone/integration-test/target/test-dir/MiniOzoneClusterImpl-2baab228-4da8-45e4-8c00-c7e13f1dd389/datanode-5/meta/datanode.id
2019-11-15 20:27:19,954 [main] INFO  volume.HddsVolume (HddsVolume.java:<init>(176)) - Creating Volume: /workdir/hadoop-ozone/integration-test/target/test-dir/MiniOzoneClusterImpl-2baab228-4da8-45e4-8c00-c7e13f1dd389/datanode-6/data/containers/hdds of  storage type : DISK and capacity : 1482555576320
2019-11-15 20:27:19,954 [main] INFO  volume.VolumeSet (VolumeSet.java:initializeVolumeSet(170)) - Added Volume : /workdir/hadoop-ozone/integration-test/target/test-dir/MiniOzoneClusterImpl-2baab228-4da8-45e4-8c00-c7e13f1dd389/datanode-6/data/containers/hdds to VolumeSet
2019-11-15 20:27:19,954 [main] INFO  volume.ThrottledAsyncChecker (ThrottledAsyncChecker.java:schedule(141)) - Scheduling a check for /workdir/hadoop-ozone/integration-test/target/test-dir/MiniOzoneClusterImpl-2baab228-4da8-45e4-8c00-c7e13f1dd389/datanode-6/data/containers/hdds
2019-11-15 20:27:19,955 [main] INFO  volume.HddsVolumeChecker (HddsVolumeChecker.java:checkAllVolumes(204)) - Scheduled health check for volume /workdir/hadoop-ozone/integration-test/target/test-dir/MiniOzoneClusterImpl-2baab228-4da8-45e4-8c00-c7e13f1dd389/datanode-6/data/containers/hdds
2019-11-15 20:27:19,967 [main] INFO  impl.RaftServerProxy (ConfUtils.java:logGet(43)) - raft.rpc.type = GRPC (default)
2019-11-15 20:27:19,968 [main] INFO  grpc.GrpcFactory (GrpcFactory.java:checkPooledByteBufAllocatorUseCacheForAllThreads(45)) - PERFORMANCE WARNING: useCacheForAllThreads is true that may cause Netty to create a lot garbage objects and, as a result, trigger GC.
	It is recommended to disable useCacheForAllThreads by setting -Dorg.apache.ratis.thirdparty.io.netty.allocator.useCacheForAllThreads=false in command line.
2019-11-15 20:27:19,968 [main] INFO  grpc.GrpcConfigKeys$Server (ConfUtils.java:logGet(43)) - raft.grpc.server.port = 0 (default)
2019-11-15 20:27:19,968 [main] INFO  server.GrpcService (ConfUtils.java:logGet(43)) - raft.grpc.message.size.max = 33570816 (custom)
2019-11-15 20:27:19,968 [main] INFO  server.RaftServerConfigKeys (ConfUtils.java:logGet(43)) - raft.server.log.appender.buffer.byte-limit = 33554432 (custom)
2019-11-15 20:27:19,968 [main] INFO  server.GrpcService (ConfUtils.java:logGet(43)) - raft.grpc.flow.control.window = 1MB (=1048576) (default)
2019-11-15 20:27:19,968 [main] INFO  server.RaftServerConfigKeys (ConfUtils.java:logGet(43)) - raft.server.rpc.request.timeout = 3000ms (default)
2019-11-15 20:27:19,969 [main] INFO  server.RaftServerConfigKeys (ConfUtils.java:logGet(43)) - raft.server.storage.dir = [/workdir/hadoop-ozone/integration-test/target/test-dir/MiniOzoneClusterImpl-2baab228-4da8-45e4-8c00-c7e13f1dd389/datanode-6/data/ratis] (custom)
2019-11-15 20:27:19,970 [main] INFO  hdfs.DFSUtil (DFSUtil.java:httpServerTemplateForNNAndJN(1641)) - Starting Web-server for hddsDatanode at: http://0.0.0.0:0
2019-11-15 20:27:19,972 [main] INFO  server.AuthenticationFilter (AuthenticationFilter.java:constructSecretProvider(240)) - Unable to initialize FileSignerSecretProvider, falling back to use random secrets.
2019-11-15 20:27:19,972 [main] WARN  http.HttpRequestLog (HttpRequestLog.java:getRequestLog(97)) - Jetty request log can only be enabled using Log4j
2019-11-15 20:27:19,973 [main] INFO  http.HttpServer2 (HttpServer2.java:addGlobalFilter(975)) - Added global filter 'safety' (class=org.apache.hadoop.http.HttpServer2$QuotingInputFilter)
2019-11-15 20:27:19,974 [main] INFO  http.HttpServer2 (HttpServer2.java:addFilter(948)) - Added filter static_user_filter (class=org.apache.hadoop.http.lib.StaticUserWebFilter$StaticUserFilter) to context hddsDatanode
2019-11-15 20:27:19,974 [main] INFO  http.HttpServer2 (HttpServer2.java:addFilter(958)) - Added filter static_user_filter (class=org.apache.hadoop.http.lib.StaticUserWebFilter$StaticUserFilter) to context static
2019-11-15 20:27:19,974 [main] INFO  http.HttpServer2 (HttpServer2.java:addFilter(958)) - Added filter static_user_filter (class=org.apache.hadoop.http.lib.StaticUserWebFilter$StaticUserFilter) to context logs
2019-11-15 20:27:19,974 [main] INFO  http.HttpServer2 (HttpServer2.java:bindListener(1191)) - Jetty bound to port 42885
2019-11-15 20:27:19,974 [main] INFO  server.Server (Server.java:doStart(351)) - jetty-9.3.25.v20180904, build timestamp: 2018-09-04T21:11:46Z, git hash: 3ce520221d0240229c862b122d2b06c12a625732
2019-11-15 20:27:19,976 [main] INFO  handler.ContextHandler (ContextHandler.java:doStart(781)) - Started o.e.j.s.ServletContextHandler@5f193335{/logs,file:///workdir/hadoop-ozone/integration-test/target/log,AVAILABLE}
2019-11-15 20:27:19,977 [main] INFO  handler.ContextHandler (ContextHandler.java:doStart(781)) - Started o.e.j.s.ServletContextHandler@1ec88aa1{/static,jar:file:/home/user/.m2/repository/org/apache/hadoop/hadoop-hdds-container-service/0.5.0-SNAPSHOT/hadoop-hdds-container-service-0.5.0-SNAPSHOT.jar!/webapps/static,AVAILABLE}
2019-11-15 20:27:20,007 [main] INFO  handler.ContextHandler (ContextHandler.java:doStart(781)) - Started o.e.j.w.WebAppContext@66451058{/,file:///tmp/jetty-0.0.0.0-42885-hddsDatanode-_-any-4458249326163818568.dir/webapp/,AVAILABLE}{/hddsDatanode}
2019-11-15 20:27:20,007 [main] INFO  server.AbstractConnector (AbstractConnector.java:doStart(278)) - Started ServerConnector@3db6dd52{HTTP/1.1,[http/1.1]}{0.0.0.0:42885}
2019-11-15 20:27:20,009 [main] INFO  server.Server (Server.java:doStart(419)) - Started @247614ms
2019-11-15 20:27:20,009 [main] WARN  impl.MetricsSystemImpl (MetricsSystemImpl.java:register(276)) - Sink prometheus already exists!
2019-11-15 20:27:20,010 [main] INFO  server.BaseHttpServer (BaseHttpServer.java:updateConnectorAddress(215)) - HTTP server of HDDSDATANODE is listening at http://0.0.0.0:42885
2019-11-15 20:27:20,010 [main] INFO  impl.MetricsSystemImpl (MetricsSystemImpl.java:init(158)) - HddsDatanode metrics system started (again)
2019-11-15 20:27:20,014 [org.apache.hadoop.util.JvmPauseMonitor$Monitor@2eb28623] INFO  util.JvmPauseMonitor (JvmPauseMonitor.java:run(188)) - Starting JVM pause monitor
2019-11-15 20:27:20,014 [main] INFO  ozone.HddsDatanodeService (HddsDatanodeService.java:start(186)) - HddsDatanodeService host:pr-hdds-2514-unusedmethodparam-9qkq7-1267773169 ip:192.168.157.201
2019-11-15 20:27:20,015 [Datanode State Machine Thread - 0] INFO  datanode.InitDatanodeState (InitDatanodeState.java:persistContainerDatanodeDetails(140)) - DatanodeDetails is persisted to /workdir/hadoop-ozone/integration-test/target/test-dir/MiniOzoneClusterImpl-2baab228-4da8-45e4-8c00-c7e13f1dd389/datanode-6/meta/datanode.id
2019-11-15 20:27:20,020 [main] INFO  volume.HddsVolume (HddsVolume.java:<init>(176)) - Creating Volume: /workdir/hadoop-ozone/integration-test/target/test-dir/MiniOzoneClusterImpl-2baab228-4da8-45e4-8c00-c7e13f1dd389/datanode-7/data/containers/hdds of  storage type : DISK and capacity : 1482555576320
2019-11-15 20:27:20,021 [main] INFO  volume.VolumeSet (VolumeSet.java:initializeVolumeSet(170)) - Added Volume : /workdir/hadoop-ozone/integration-test/target/test-dir/MiniOzoneClusterImpl-2baab228-4da8-45e4-8c00-c7e13f1dd389/datanode-7/data/containers/hdds to VolumeSet
2019-11-15 20:27:20,021 [main] INFO  volume.ThrottledAsyncChecker (ThrottledAsyncChecker.java:schedule(141)) - Scheduling a check for /workdir/hadoop-ozone/integration-test/target/test-dir/MiniOzoneClusterImpl-2baab228-4da8-45e4-8c00-c7e13f1dd389/datanode-7/data/containers/hdds
2019-11-15 20:27:20,022 [main] INFO  volume.HddsVolumeChecker (HddsVolumeChecker.java:checkAllVolumes(204)) - Scheduled health check for volume /workdir/hadoop-ozone/integration-test/target/test-dir/MiniOzoneClusterImpl-2baab228-4da8-45e4-8c00-c7e13f1dd389/datanode-7/data/containers/hdds
2019-11-15 20:27:20,038 [main] INFO  impl.RaftServerProxy (ConfUtils.java:logGet(43)) - raft.rpc.type = GRPC (default)
2019-11-15 20:27:20,039 [main] INFO  grpc.GrpcFactory (GrpcFactory.java:checkPooledByteBufAllocatorUseCacheForAllThreads(45)) - PERFORMANCE WARNING: useCacheForAllThreads is true that may cause Netty to create a lot garbage objects and, as a result, trigger GC.
	It is recommended to disable useCacheForAllThreads by setting -Dorg.apache.ratis.thirdparty.io.netty.allocator.useCacheForAllThreads=false in command line.
2019-11-15 20:27:20,039 [main] INFO  grpc.GrpcConfigKeys$Server (ConfUtils.java:logGet(43)) - raft.grpc.server.port = 0 (default)
2019-11-15 20:27:20,039 [main] INFO  server.GrpcService (ConfUtils.java:logGet(43)) - raft.grpc.message.size.max = 33570816 (custom)
2019-11-15 20:27:20,039 [main] INFO  server.RaftServerConfigKeys (ConfUtils.java:logGet(43)) - raft.server.log.appender.buffer.byte-limit = 33554432 (custom)
2019-11-15 20:27:20,039 [main] INFO  server.GrpcService (ConfUtils.java:logGet(43)) - raft.grpc.flow.control.window = 1MB (=1048576) (default)
2019-11-15 20:27:20,040 [main] INFO  server.RaftServerConfigKeys (ConfUtils.java:logGet(43)) - raft.server.rpc.request.timeout = 3000ms (default)
2019-11-15 20:27:20,040 [main] INFO  server.RaftServerConfigKeys (ConfUtils.java:logGet(43)) - raft.server.storage.dir = [/workdir/hadoop-ozone/integration-test/target/test-dir/MiniOzoneClusterImpl-2baab228-4da8-45e4-8c00-c7e13f1dd389/datanode-7/data/ratis] (custom)
2019-11-15 20:27:20,042 [main] INFO  hdfs.DFSUtil (DFSUtil.java:httpServerTemplateForNNAndJN(1641)) - Starting Web-server for hddsDatanode at: http://0.0.0.0:0
2019-11-15 20:27:20,043 [main] INFO  server.AuthenticationFilter (AuthenticationFilter.java:constructSecretProvider(240)) - Unable to initialize FileSignerSecretProvider, falling back to use random secrets.
2019-11-15 20:27:20,043 [main] WARN  http.HttpRequestLog (HttpRequestLog.java:getRequestLog(97)) - Jetty request log can only be enabled using Log4j
2019-11-15 20:27:20,044 [main] INFO  http.HttpServer2 (HttpServer2.java:addGlobalFilter(975)) - Added global filter 'safety' (class=org.apache.hadoop.http.HttpServer2$QuotingInputFilter)
2019-11-15 20:27:20,045 [main] INFO  http.HttpServer2 (HttpServer2.java:addFilter(948)) - Added filter static_user_filter (class=org.apache.hadoop.http.lib.StaticUserWebFilter$StaticUserFilter) to context hddsDatanode
2019-11-15 20:27:20,045 [main] INFO  http.HttpServer2 (HttpServer2.java:addFilter(958)) - Added filter static_user_filter (class=org.apache.hadoop.http.lib.StaticUserWebFilter$StaticUserFilter) to context static
2019-11-15 20:27:20,045 [main] INFO  http.HttpServer2 (HttpServer2.java:addFilter(958)) - Added filter static_user_filter (class=org.apache.hadoop.http.lib.StaticUserWebFilter$StaticUserFilter) to context logs
2019-11-15 20:27:20,046 [main] INFO  http.HttpServer2 (HttpServer2.java:bindListener(1191)) - Jetty bound to port 33826
2019-11-15 20:27:20,046 [main] INFO  server.Server (Server.java:doStart(351)) - jetty-9.3.25.v20180904, build timestamp: 2018-09-04T21:11:46Z, git hash: 3ce520221d0240229c862b122d2b06c12a625732
2019-11-15 20:27:20,047 [main] INFO  handler.ContextHandler (ContextHandler.java:doStart(781)) - Started o.e.j.s.ServletContextHandler@24197b13{/logs,file:///workdir/hadoop-ozone/integration-test/target/log,AVAILABLE}
2019-11-15 20:27:20,047 [main] INFO  handler.ContextHandler (ContextHandler.java:doStart(781)) - Started o.e.j.s.ServletContextHandler@2776fd8f{/static,jar:file:/home/user/.m2/repository/org/apache/hadoop/hadoop-hdds-container-service/0.5.0-SNAPSHOT/hadoop-hdds-container-service-0.5.0-SNAPSHOT.jar!/webapps/static,AVAILABLE}
2019-11-15 20:27:20,076 [main] INFO  handler.ContextHandler (ContextHandler.java:doStart(781)) - Started o.e.j.w.WebAppContext@3915e7c3{/,file:///tmp/jetty-0.0.0.0-33826-hddsDatanode-_-any-7543948614593085015.dir/webapp/,AVAILABLE}{/hddsDatanode}
2019-11-15 20:27:20,077 [main] INFO  server.AbstractConnector (AbstractConnector.java:doStart(278)) - Started ServerConnector@167a21b{HTTP/1.1,[http/1.1]}{0.0.0.0:33826}
2019-11-15 20:27:20,077 [main] INFO  server.Server (Server.java:doStart(419)) - Started @247683ms
2019-11-15 20:27:20,078 [main] WARN  impl.MetricsSystemImpl (MetricsSystemImpl.java:register(276)) - Sink prometheus already exists!
2019-11-15 20:27:20,079 [main] INFO  server.BaseHttpServer (BaseHttpServer.java:updateConnectorAddress(215)) - HTTP server of HDDSDATANODE is listening at http://0.0.0.0:33826
2019-11-15 20:27:20,080 [main] INFO  impl.MetricsSystemImpl (MetricsSystemImpl.java:init(158)) - HddsDatanode metrics system started (again)
2019-11-15 20:27:20,083 [org.apache.hadoop.util.JvmPauseMonitor$Monitor@7452acda] INFO  util.JvmPauseMonitor (JvmPauseMonitor.java:run(188)) - Starting JVM pause monitor
2019-11-15 20:27:20,084 [main] INFO  ozone.HddsDatanodeService (HddsDatanodeService.java:start(186)) - HddsDatanodeService host:pr-hdds-2514-unusedmethodparam-9qkq7-1267773169 ip:192.168.157.201
2019-11-15 20:27:20,084 [Datanode State Machine Thread - 0] INFO  datanode.InitDatanodeState (InitDatanodeState.java:persistContainerDatanodeDetails(140)) - DatanodeDetails is persisted to /workdir/hadoop-ozone/integration-test/target/test-dir/MiniOzoneClusterImpl-2baab228-4da8-45e4-8c00-c7e13f1dd389/datanode-7/meta/datanode.id
2019-11-15 20:27:20,089 [main] INFO  volume.HddsVolume (HddsVolume.java:<init>(176)) - Creating Volume: /workdir/hadoop-ozone/integration-test/target/test-dir/MiniOzoneClusterImpl-2baab228-4da8-45e4-8c00-c7e13f1dd389/datanode-8/data/containers/hdds of  storage type : DISK and capacity : 1482555576320
2019-11-15 20:27:20,090 [main] INFO  volume.VolumeSet (VolumeSet.java:initializeVolumeSet(170)) - Added Volume : /workdir/hadoop-ozone/integration-test/target/test-dir/MiniOzoneClusterImpl-2baab228-4da8-45e4-8c00-c7e13f1dd389/datanode-8/data/containers/hdds to VolumeSet
2019-11-15 20:27:20,090 [main] INFO  volume.ThrottledAsyncChecker (ThrottledAsyncChecker.java:schedule(141)) - Scheduling a check for /workdir/hadoop-ozone/integration-test/target/test-dir/MiniOzoneClusterImpl-2baab228-4da8-45e4-8c00-c7e13f1dd389/datanode-8/data/containers/hdds
2019-11-15 20:27:20,090 [main] INFO  volume.HddsVolumeChecker (HddsVolumeChecker.java:checkAllVolumes(204)) - Scheduled health check for volume /workdir/hadoop-ozone/integration-test/target/test-dir/MiniOzoneClusterImpl-2baab228-4da8-45e4-8c00-c7e13f1dd389/datanode-8/data/containers/hdds
2019-11-15 20:27:20,103 [main] INFO  impl.RaftServerProxy (ConfUtils.java:logGet(43)) - raft.rpc.type = GRPC (default)
2019-11-15 20:27:20,103 [main] INFO  grpc.GrpcFactory (GrpcFactory.java:checkPooledByteBufAllocatorUseCacheForAllThreads(45)) - PERFORMANCE WARNING: useCacheForAllThreads is true that may cause Netty to create a lot garbage objects and, as a result, trigger GC.
	It is recommended to disable useCacheForAllThreads by setting -Dorg.apache.ratis.thirdparty.io.netty.allocator.useCacheForAllThreads=false in command line.
2019-11-15 20:27:20,103 [main] INFO  grpc.GrpcConfigKeys$Server (ConfUtils.java:logGet(43)) - raft.grpc.server.port = 0 (default)
2019-11-15 20:27:20,103 [main] INFO  server.GrpcService (ConfUtils.java:logGet(43)) - raft.grpc.message.size.max = 33570816 (custom)
2019-11-15 20:27:20,103 [main] INFO  server.RaftServerConfigKeys (ConfUtils.java:logGet(43)) - raft.server.log.appender.buffer.byte-limit = 33554432 (custom)
2019-11-15 20:27:20,104 [main] INFO  server.GrpcService (ConfUtils.java:logGet(43)) - raft.grpc.flow.control.window = 1MB (=1048576) (default)
2019-11-15 20:27:20,104 [main] INFO  server.RaftServerConfigKeys (ConfUtils.java:logGet(43)) - raft.server.rpc.request.timeout = 3000ms (default)
2019-11-15 20:27:20,104 [main] INFO  server.RaftServerConfigKeys (ConfUtils.java:logGet(43)) - raft.server.storage.dir = [/workdir/hadoop-ozone/integration-test/target/test-dir/MiniOzoneClusterImpl-2baab228-4da8-45e4-8c00-c7e13f1dd389/datanode-8/data/ratis] (custom)
2019-11-15 20:27:20,106 [main] INFO  hdfs.DFSUtil (DFSUtil.java:httpServerTemplateForNNAndJN(1641)) - Starting Web-server for hddsDatanode at: http://0.0.0.0:0
2019-11-15 20:27:20,107 [main] INFO  server.AuthenticationFilter (AuthenticationFilter.java:constructSecretProvider(240)) - Unable to initialize FileSignerSecretProvider, falling back to use random secrets.
2019-11-15 20:27:20,107 [main] WARN  http.HttpRequestLog (HttpRequestLog.java:getRequestLog(97)) - Jetty request log can only be enabled using Log4j
2019-11-15 20:27:20,109 [main] INFO  http.HttpServer2 (HttpServer2.java:addGlobalFilter(975)) - Added global filter 'safety' (class=org.apache.hadoop.http.HttpServer2$QuotingInputFilter)
2019-11-15 20:27:20,109 [main] INFO  http.HttpServer2 (HttpServer2.java:addFilter(948)) - Added filter static_user_filter (class=org.apache.hadoop.http.lib.StaticUserWebFilter$StaticUserFilter) to context hddsDatanode
2019-11-15 20:27:20,109 [main] INFO  http.HttpServer2 (HttpServer2.java:addFilter(958)) - Added filter static_user_filter (class=org.apache.hadoop.http.lib.StaticUserWebFilter$StaticUserFilter) to context logs
2019-11-15 20:27:20,110 [main] INFO  http.HttpServer2 (HttpServer2.java:addFilter(958)) - Added filter static_user_filter (class=org.apache.hadoop.http.lib.StaticUserWebFilter$StaticUserFilter) to context static
2019-11-15 20:27:20,110 [main] INFO  http.HttpServer2 (HttpServer2.java:bindListener(1191)) - Jetty bound to port 36560
2019-11-15 20:27:20,110 [main] INFO  server.Server (Server.java:doStart(351)) - jetty-9.3.25.v20180904, build timestamp: 2018-09-04T21:11:46Z, git hash: 3ce520221d0240229c862b122d2b06c12a625732
2019-11-15 20:27:20,112 [main] INFO  handler.ContextHandler (ContextHandler.java:doStart(781)) - Started o.e.j.s.ServletContextHandler@2e4eda17{/logs,file:///workdir/hadoop-ozone/integration-test/target/log,AVAILABLE}
2019-11-15 20:27:20,112 [main] INFO  handler.ContextHandler (ContextHandler.java:doStart(781)) - Started o.e.j.s.ServletContextHandler@6befbb12{/static,jar:file:/home/user/.m2/repository/org/apache/hadoop/hadoop-hdds-container-service/0.5.0-SNAPSHOT/hadoop-hdds-container-service-0.5.0-SNAPSHOT.jar!/webapps/static,AVAILABLE}
2019-11-15 20:27:20,151 [main] INFO  handler.ContextHandler (ContextHandler.java:doStart(781)) - Started o.e.j.w.WebAppContext@63f9ddf9{/,file:///tmp/jetty-0.0.0.0-36560-hddsDatanode-_-any-2989628262310319353.dir/webapp/,AVAILABLE}{/hddsDatanode}
2019-11-15 20:27:20,152 [main] INFO  server.AbstractConnector (AbstractConnector.java:doStart(278)) - Started ServerConnector@410fc508{HTTP/1.1,[http/1.1]}{0.0.0.0:36560}
2019-11-15 20:27:20,154 [main] INFO  server.Server (Server.java:doStart(419)) - Started @247759ms
2019-11-15 20:27:20,154 [main] WARN  impl.MetricsSystemImpl (MetricsSystemImpl.java:register(276)) - Sink prometheus already exists!
2019-11-15 20:27:20,155 [main] INFO  server.BaseHttpServer (BaseHttpServer.java:updateConnectorAddress(215)) - HTTP server of HDDSDATANODE is listening at http://0.0.0.0:36560
2019-11-15 20:27:20,155 [main] INFO  impl.MetricsSystemImpl (MetricsSystemImpl.java:init(158)) - HddsDatanode metrics system started (again)
2019-11-15 20:27:20,160 [org.apache.hadoop.util.JvmPauseMonitor$Monitor@1e338d7e] INFO  util.JvmPauseMonitor (JvmPauseMonitor.java:run(188)) - Starting JVM pause monitor
2019-11-15 20:27:20,161 [main] INFO  ozone.HddsDatanodeService (HddsDatanodeService.java:start(186)) - HddsDatanodeService host:pr-hdds-2514-unusedmethodparam-9qkq7-1267773169 ip:192.168.157.201
2019-11-15 20:27:20,162 [Datanode State Machine Thread - 0] INFO  datanode.InitDatanodeState (InitDatanodeState.java:persistContainerDatanodeDetails(140)) - DatanodeDetails is persisted to /workdir/hadoop-ozone/integration-test/target/test-dir/MiniOzoneClusterImpl-2baab228-4da8-45e4-8c00-c7e13f1dd389/datanode-8/meta/datanode.id
2019-11-15 20:27:20,169 [main] INFO  volume.HddsVolume (HddsVolume.java:<init>(176)) - Creating Volume: /workdir/hadoop-ozone/integration-test/target/test-dir/MiniOzoneClusterImpl-2baab228-4da8-45e4-8c00-c7e13f1dd389/datanode-9/data/containers/hdds of  storage type : DISK and capacity : 1482555576320
2019-11-15 20:27:20,169 [main] INFO  volume.VolumeSet (VolumeSet.java:initializeVolumeSet(170)) - Added Volume : /workdir/hadoop-ozone/integration-test/target/test-dir/MiniOzoneClusterImpl-2baab228-4da8-45e4-8c00-c7e13f1dd389/datanode-9/data/containers/hdds to VolumeSet
2019-11-15 20:27:20,170 [main] INFO  volume.ThrottledAsyncChecker (ThrottledAsyncChecker.java:schedule(141)) - Scheduling a check for /workdir/hadoop-ozone/integration-test/target/test-dir/MiniOzoneClusterImpl-2baab228-4da8-45e4-8c00-c7e13f1dd389/datanode-9/data/containers/hdds
2019-11-15 20:27:20,170 [main] INFO  volume.HddsVolumeChecker (HddsVolumeChecker.java:checkAllVolumes(204)) - Scheduled health check for volume /workdir/hadoop-ozone/integration-test/target/test-dir/MiniOzoneClusterImpl-2baab228-4da8-45e4-8c00-c7e13f1dd389/datanode-9/data/containers/hdds
2019-11-15 20:27:20,188 [main] INFO  impl.RaftServerProxy (ConfUtils.java:logGet(43)) - raft.rpc.type = GRPC (default)
2019-11-15 20:27:20,189 [main] INFO  grpc.GrpcFactory (GrpcFactory.java:checkPooledByteBufAllocatorUseCacheForAllThreads(45)) - PERFORMANCE WARNING: useCacheForAllThreads is true that may cause Netty to create a lot garbage objects and, as a result, trigger GC.
	It is recommended to disable useCacheForAllThreads by setting -Dorg.apache.ratis.thirdparty.io.netty.allocator.useCacheForAllThreads=false in command line.
2019-11-15 20:27:20,189 [main] INFO  grpc.GrpcConfigKeys$Server (ConfUtils.java:logGet(43)) - raft.grpc.server.port = 0 (default)
2019-11-15 20:27:20,189 [main] INFO  server.GrpcService (ConfUtils.java:logGet(43)) - raft.grpc.message.size.max = 33570816 (custom)
2019-11-15 20:27:20,189 [main] INFO  server.RaftServerConfigKeys (ConfUtils.java:logGet(43)) - raft.server.log.appender.buffer.byte-limit = 33554432 (custom)
2019-11-15 20:27:20,189 [main] INFO  server.GrpcService (ConfUtils.java:logGet(43)) - raft.grpc.flow.control.window = 1MB (=1048576) (default)
2019-11-15 20:27:20,190 [main] INFO  server.RaftServerConfigKeys (ConfUtils.java:logGet(43)) - raft.server.rpc.request.timeout = 3000ms (default)
2019-11-15 20:27:20,190 [main] INFO  server.RaftServerConfigKeys (ConfUtils.java:logGet(43)) - raft.server.storage.dir = [/workdir/hadoop-ozone/integration-test/target/test-dir/MiniOzoneClusterImpl-2baab228-4da8-45e4-8c00-c7e13f1dd389/datanode-9/data/ratis] (custom)
2019-11-15 20:27:20,192 [main] INFO  hdfs.DFSUtil (DFSUtil.java:httpServerTemplateForNNAndJN(1641)) - Starting Web-server for hddsDatanode at: http://0.0.0.0:0
2019-11-15 20:27:20,194 [main] INFO  server.AuthenticationFilter (AuthenticationFilter.java:constructSecretProvider(240)) - Unable to initialize FileSignerSecretProvider, falling back to use random secrets.
2019-11-15 20:27:20,194 [main] WARN  http.HttpRequestLog (HttpRequestLog.java:getRequestLog(97)) - Jetty request log can only be enabled using Log4j
2019-11-15 20:27:20,196 [main] INFO  http.HttpServer2 (HttpServer2.java:addGlobalFilter(975)) - Added global filter 'safety' (class=org.apache.hadoop.http.HttpServer2$QuotingInputFilter)
2019-11-15 20:27:20,197 [main] INFO  http.HttpServer2 (HttpServer2.java:addFilter(948)) - Added filter static_user_filter (class=org.apache.hadoop.http.lib.StaticUserWebFilter$StaticUserFilter) to context hddsDatanode
2019-11-15 20:27:20,197 [main] INFO  http.HttpServer2 (HttpServer2.java:addFilter(958)) - Added filter static_user_filter (class=org.apache.hadoop.http.lib.StaticUserWebFilter$StaticUserFilter) to context logs
2019-11-15 20:27:20,197 [main] INFO  http.HttpServer2 (HttpServer2.java:addFilter(958)) - Added filter static_user_filter (class=org.apache.hadoop.http.lib.StaticUserWebFilter$StaticUserFilter) to context static
2019-11-15 20:27:20,198 [main] INFO  http.HttpServer2 (HttpServer2.java:bindListener(1191)) - Jetty bound to port 34931
2019-11-15 20:27:20,198 [main] INFO  server.Server (Server.java:doStart(351)) - jetty-9.3.25.v20180904, build timestamp: 2018-09-04T21:11:46Z, git hash: 3ce520221d0240229c862b122d2b06c12a625732
2019-11-15 20:27:20,200 [main] INFO  handler.ContextHandler (ContextHandler.java:doStart(781)) - Started o.e.j.s.ServletContextHandler@424f02b8{/logs,file:///workdir/hadoop-ozone/integration-test/target/log,AVAILABLE}
2019-11-15 20:27:20,201 [main] INFO  handler.ContextHandler (ContextHandler.java:doStart(781)) - Started o.e.j.s.ServletContextHandler@3cc3f13e{/static,jar:file:/home/user/.m2/repository/org/apache/hadoop/hadoop-hdds-container-service/0.5.0-SNAPSHOT/hadoop-hdds-container-service-0.5.0-SNAPSHOT.jar!/webapps/static,AVAILABLE}
2019-11-15 20:27:20,241 [main] INFO  handler.ContextHandler (ContextHandler.java:doStart(781)) - Started o.e.j.w.WebAppContext@37d699a1{/,file:///tmp/jetty-0.0.0.0-34931-hddsDatanode-_-any-4476094390777853091.dir/webapp/,AVAILABLE}{/hddsDatanode}
2019-11-15 20:27:20,242 [main] INFO  server.AbstractConnector (AbstractConnector.java:doStart(278)) - Started ServerConnector@7f42b194{HTTP/1.1,[http/1.1]}{0.0.0.0:34931}
2019-11-15 20:27:20,244 [main] INFO  server.Server (Server.java:doStart(419)) - Started @247849ms
2019-11-15 20:27:20,244 [main] WARN  impl.MetricsSystemImpl (MetricsSystemImpl.java:register(276)) - Sink prometheus already exists!
2019-11-15 20:27:20,245 [main] INFO  server.BaseHttpServer (BaseHttpServer.java:updateConnectorAddress(215)) - HTTP server of HDDSDATANODE is listening at http://0.0.0.0:34931
2019-11-15 20:27:20,246 [main] INFO  ozone.MiniOzoneClusterImpl (MiniOzoneClusterImpl.java:lambda$waitForClusterToBeReady$2(171)) - Waiting for cluster to be ready. Got 0 of 10 DN Heartbeats.
2019-11-15 20:27:20,247 [org.apache.hadoop.util.JvmPauseMonitor$Monitor@4d1442c2] INFO  util.JvmPauseMonitor (JvmPauseMonitor.java:run(188)) - Starting JVM pause monitor
2019-11-15 20:27:20,249 [Datanode State Machine Thread - 0] INFO  datanode.InitDatanodeState (InitDatanodeState.java:persistContainerDatanodeDetails(140)) - DatanodeDetails is persisted to /workdir/hadoop-ozone/integration-test/target/test-dir/MiniOzoneClusterImpl-2baab228-4da8-45e4-8c00-c7e13f1dd389/datanode-9/meta/datanode.id
2019-11-15 20:27:21,246 [main] INFO  ozone.MiniOzoneClusterImpl (MiniOzoneClusterImpl.java:lambda$waitForClusterToBeReady$2(171)) - Waiting for cluster to be ready. Got 0 of 10 DN Heartbeats.
2019-11-15 20:27:21,613 [Datanode State Machine Thread - 0] INFO  ozoneimpl.OzoneContainer (OzoneContainer.java:start(230)) - Attempting to start container services.
2019-11-15 20:27:21,613 [Datanode State Machine Thread - 0] INFO  ozoneimpl.OzoneContainer (OzoneContainer.java:startContainerScrub(194)) - Background container scanner has been disabled.
2019-11-15 20:27:21,613 [Datanode State Machine Thread - 0] INFO  ratis.XceiverServerRatis (XceiverServerRatis.java:start(421)) - Starting XceiverServerRatis 95354d75-8d68-42fd-a60f-edc5fe17909c at port 0
2019-11-15 20:27:21,621 [Datanode State Machine Thread - 0] INFO  impl.RaftServerProxy (RaftServerProxy.java:lambda$start$3(299)) - 95354d75-8d68-42fd-a60f-edc5fe17909c: start RPC server
2019-11-15 20:27:21,623 [Datanode State Machine Thread - 0] INFO  server.GrpcService (GrpcService.java:startImpl(158)) - 95354d75-8d68-42fd-a60f-edc5fe17909c: GrpcService started, listening on 0.0.0.0/0.0.0.0:38687
2019-11-15 20:27:21,623 [Datanode State Machine Thread - 0] INFO  ratis.XceiverServerRatis (XceiverServerRatis.java:start(431)) - XceiverServerRatis 95354d75-8d68-42fd-a60f-edc5fe17909c is started using port 38687
2019-11-15 20:27:21,624 [Datanode State Machine Thread - 0] INFO  server.XceiverServerGrpc (XceiverServerGrpc.java:start(145)) - XceiverServerGrpc 95354d75-8d68-42fd-a60f-edc5fe17909c is started using port 42916
2019-11-15 20:27:21,688 [Datanode State Machine Thread - 0] INFO  ozoneimpl.OzoneContainer (OzoneContainer.java:start(230)) - Attempting to start container services.
2019-11-15 20:27:21,688 [Datanode State Machine Thread - 0] INFO  ozoneimpl.OzoneContainer (OzoneContainer.java:startContainerScrub(194)) - Background container scanner has been disabled.
2019-11-15 20:27:21,688 [Datanode State Machine Thread - 0] INFO  ratis.XceiverServerRatis (XceiverServerRatis.java:start(421)) - Starting XceiverServerRatis 4f10a0c5-c407-437d-ba7d-4ff51fc359eb at port 0
2019-11-15 20:27:21,696 [Datanode State Machine Thread - 0] INFO  impl.RaftServerProxy (RaftServerProxy.java:lambda$start$3(299)) - 4f10a0c5-c407-437d-ba7d-4ff51fc359eb: start RPC server
2019-11-15 20:27:21,697 [Datanode State Machine Thread - 0] INFO  server.GrpcService (GrpcService.java:startImpl(158)) - 4f10a0c5-c407-437d-ba7d-4ff51fc359eb: GrpcService started, listening on 0.0.0.0/0.0.0.0:40274
2019-11-15 20:27:21,697 [Datanode State Machine Thread - 0] INFO  ratis.XceiverServerRatis (XceiverServerRatis.java:start(431)) - XceiverServerRatis 4f10a0c5-c407-437d-ba7d-4ff51fc359eb is started using port 40274
2019-11-15 20:27:21,697 [Datanode State Machine Thread - 0] INFO  server.XceiverServerGrpc (XceiverServerGrpc.java:start(145)) - XceiverServerGrpc 4f10a0c5-c407-437d-ba7d-4ff51fc359eb is started using port 35007
2019-11-15 20:27:21,764 [Datanode State Machine Thread - 0] INFO  ozoneimpl.OzoneContainer (OzoneContainer.java:start(230)) - Attempting to start container services.
2019-11-15 20:27:21,764 [Datanode State Machine Thread - 0] INFO  ozoneimpl.OzoneContainer (OzoneContainer.java:startContainerScrub(194)) - Background container scanner has been disabled.
2019-11-15 20:27:21,764 [Datanode State Machine Thread - 0] INFO  ratis.XceiverServerRatis (XceiverServerRatis.java:start(421)) - Starting XceiverServerRatis d8d3f8ae-ceeb-4228-b266-44fc60f7c1eb at port 0
2019-11-15 20:27:21,772 [Datanode State Machine Thread - 0] INFO  impl.RaftServerProxy (RaftServerProxy.java:lambda$start$3(299)) - d8d3f8ae-ceeb-4228-b266-44fc60f7c1eb: start RPC server
2019-11-15 20:27:21,773 [Datanode State Machine Thread - 0] INFO  server.GrpcService (GrpcService.java:startImpl(158)) - d8d3f8ae-ceeb-4228-b266-44fc60f7c1eb: GrpcService started, listening on 0.0.0.0/0.0.0.0:44849
2019-11-15 20:27:21,773 [Datanode State Machine Thread - 0] INFO  ratis.XceiverServerRatis (XceiverServerRatis.java:start(431)) - XceiverServerRatis d8d3f8ae-ceeb-4228-b266-44fc60f7c1eb is started using port 44849
2019-11-15 20:27:21,773 [Datanode State Machine Thread - 0] INFO  server.XceiverServerGrpc (XceiverServerGrpc.java:start(145)) - XceiverServerGrpc d8d3f8ae-ceeb-4228-b266-44fc60f7c1eb is started using port 43642
2019-11-15 20:27:21,830 [Datanode State Machine Thread - 0] INFO  ozoneimpl.OzoneContainer (OzoneContainer.java:start(230)) - Attempting to start container services.
2019-11-15 20:27:21,831 [Datanode State Machine Thread - 0] INFO  ozoneimpl.OzoneContainer (OzoneContainer.java:startContainerScrub(194)) - Background container scanner has been disabled.
2019-11-15 20:27:21,831 [Datanode State Machine Thread - 0] INFO  ratis.XceiverServerRatis (XceiverServerRatis.java:start(421)) - Starting XceiverServerRatis ecb82392-9efc-4718-8957-302e66d96ccd at port 0
2019-11-15 20:27:21,837 [Datanode State Machine Thread - 0] INFO  impl.RaftServerProxy (RaftServerProxy.java:lambda$start$3(299)) - ecb82392-9efc-4718-8957-302e66d96ccd: start RPC server
2019-11-15 20:27:21,838 [Datanode State Machine Thread - 0] INFO  server.GrpcService (GrpcService.java:startImpl(158)) - ecb82392-9efc-4718-8957-302e66d96ccd: GrpcService started, listening on 0.0.0.0/0.0.0.0:35685
2019-11-15 20:27:21,838 [Datanode State Machine Thread - 0] INFO  ratis.XceiverServerRatis (XceiverServerRatis.java:start(431)) - XceiverServerRatis ecb82392-9efc-4718-8957-302e66d96ccd is started using port 35685
2019-11-15 20:27:21,838 [Datanode State Machine Thread - 0] INFO  server.XceiverServerGrpc (XceiverServerGrpc.java:start(145)) - XceiverServerGrpc ecb82392-9efc-4718-8957-302e66d96ccd is started using port 38726
2019-11-15 20:27:21,923 [Datanode State Machine Thread - 0] INFO  ozoneimpl.OzoneContainer (OzoneContainer.java:start(230)) - Attempting to start container services.
2019-11-15 20:27:21,923 [Datanode State Machine Thread - 0] INFO  ozoneimpl.OzoneContainer (OzoneContainer.java:startContainerScrub(194)) - Background container scanner has been disabled.
2019-11-15 20:27:21,923 [Datanode State Machine Thread - 0] INFO  ratis.XceiverServerRatis (XceiverServerRatis.java:start(421)) - Starting XceiverServerRatis c767ecc1-97b1-4b32-a4b7-dad4991a192e at port 0
2019-11-15 20:27:21,929 [Datanode State Machine Thread - 0] INFO  impl.RaftServerProxy (RaftServerProxy.java:lambda$start$3(299)) - c767ecc1-97b1-4b32-a4b7-dad4991a192e: start RPC server
2019-11-15 20:27:21,929 [Datanode State Machine Thread - 0] INFO  server.GrpcService (GrpcService.java:startImpl(158)) - c767ecc1-97b1-4b32-a4b7-dad4991a192e: GrpcService started, listening on 0.0.0.0/0.0.0.0:43389
2019-11-15 20:27:21,930 [Datanode State Machine Thread - 0] INFO  ratis.XceiverServerRatis (XceiverServerRatis.java:start(431)) - XceiverServerRatis c767ecc1-97b1-4b32-a4b7-dad4991a192e is started using port 43389
2019-11-15 20:27:21,930 [Datanode State Machine Thread - 0] INFO  server.XceiverServerGrpc (XceiverServerGrpc.java:start(145)) - XceiverServerGrpc c767ecc1-97b1-4b32-a4b7-dad4991a192e is started using port 35962
2019-11-15 20:27:21,973 [Datanode State Machine Thread - 0] INFO  ozoneimpl.OzoneContainer (OzoneContainer.java:start(230)) - Attempting to start container services.
2019-11-15 20:27:21,973 [Datanode State Machine Thread - 0] INFO  ozoneimpl.OzoneContainer (OzoneContainer.java:startContainerScrub(194)) - Background container scanner has been disabled.
2019-11-15 20:27:21,973 [Datanode State Machine Thread - 0] INFO  ratis.XceiverServerRatis (XceiverServerRatis.java:start(421)) - Starting XceiverServerRatis 0d66e4d5-0fe9-441c-84d0-b1903c285e78 at port 0
2019-11-15 20:27:21,980 [Datanode State Machine Thread - 0] INFO  impl.RaftServerProxy (RaftServerProxy.java:lambda$start$3(299)) - 0d66e4d5-0fe9-441c-84d0-b1903c285e78: start RPC server
2019-11-15 20:27:21,981 [Datanode State Machine Thread - 0] INFO  server.GrpcService (GrpcService.java:startImpl(158)) - 0d66e4d5-0fe9-441c-84d0-b1903c285e78: GrpcService started, listening on 0.0.0.0/0.0.0.0:44210
2019-11-15 20:27:21,981 [Datanode State Machine Thread - 0] INFO  ratis.XceiverServerRatis (XceiverServerRatis.java:start(431)) - XceiverServerRatis 0d66e4d5-0fe9-441c-84d0-b1903c285e78 is started using port 44210
2019-11-15 20:27:21,981 [Datanode State Machine Thread - 0] INFO  server.XceiverServerGrpc (XceiverServerGrpc.java:start(145)) - XceiverServerGrpc 0d66e4d5-0fe9-441c-84d0-b1903c285e78 is started using port 45102
2019-11-15 20:27:22,040 [Datanode State Machine Thread - 0] INFO  ozoneimpl.OzoneContainer (OzoneContainer.java:start(230)) - Attempting to start container services.
2019-11-15 20:27:22,040 [Datanode State Machine Thread - 0] INFO  ozoneimpl.OzoneContainer (OzoneContainer.java:startContainerScrub(194)) - Background container scanner has been disabled.
2019-11-15 20:27:22,040 [Datanode State Machine Thread - 0] INFO  ratis.XceiverServerRatis (XceiverServerRatis.java:start(421)) - Starting XceiverServerRatis 6d6ed0d9-a6ea-4ace-a9af-83891056ab32 at port 0
2019-11-15 20:27:22,048 [Datanode State Machine Thread - 0] INFO  impl.RaftServerProxy (RaftServerProxy.java:lambda$start$3(299)) - 6d6ed0d9-a6ea-4ace-a9af-83891056ab32: start RPC server
2019-11-15 20:27:22,051 [Datanode State Machine Thread - 0] INFO  server.GrpcService (GrpcService.java:startImpl(158)) - 6d6ed0d9-a6ea-4ace-a9af-83891056ab32: GrpcService started, listening on 0.0.0.0/0.0.0.0:37473
2019-11-15 20:27:22,051 [Datanode State Machine Thread - 0] INFO  ratis.XceiverServerRatis (XceiverServerRatis.java:start(431)) - XceiverServerRatis 6d6ed0d9-a6ea-4ace-a9af-83891056ab32 is started using port 37473
2019-11-15 20:27:22,052 [Datanode State Machine Thread - 0] INFO  server.XceiverServerGrpc (XceiverServerGrpc.java:start(145)) - XceiverServerGrpc 6d6ed0d9-a6ea-4ace-a9af-83891056ab32 is started using port 45688
2019-11-15 20:27:22,107 [Datanode State Machine Thread - 0] INFO  ozoneimpl.OzoneContainer (OzoneContainer.java:start(230)) - Attempting to start container services.
2019-11-15 20:27:22,107 [Datanode State Machine Thread - 0] INFO  ozoneimpl.OzoneContainer (OzoneContainer.java:startContainerScrub(194)) - Background container scanner has been disabled.
2019-11-15 20:27:22,107 [Datanode State Machine Thread - 0] INFO  ratis.XceiverServerRatis (XceiverServerRatis.java:start(421)) - Starting XceiverServerRatis 77a687a8-07fe-464e-b0f2-03532ede599a at port 0
2019-11-15 20:27:22,114 [Datanode State Machine Thread - 0] INFO  impl.RaftServerProxy (RaftServerProxy.java:lambda$start$3(299)) - 77a687a8-07fe-464e-b0f2-03532ede599a: start RPC server
2019-11-15 20:27:22,117 [Datanode State Machine Thread - 0] INFO  server.GrpcService (GrpcService.java:startImpl(158)) - 77a687a8-07fe-464e-b0f2-03532ede599a: GrpcService started, listening on 0.0.0.0/0.0.0.0:39884
2019-11-15 20:27:22,117 [Datanode State Machine Thread - 0] INFO  ratis.XceiverServerRatis (XceiverServerRatis.java:start(431)) - XceiverServerRatis 77a687a8-07fe-464e-b0f2-03532ede599a is started using port 39884
2019-11-15 20:27:22,117 [Datanode State Machine Thread - 0] INFO  server.XceiverServerGrpc (XceiverServerGrpc.java:start(145)) - XceiverServerGrpc 77a687a8-07fe-464e-b0f2-03532ede599a is started using port 42386
2019-11-15 20:27:22,191 [Datanode State Machine Thread - 0] INFO  ozoneimpl.OzoneContainer (OzoneContainer.java:start(230)) - Attempting to start container services.
2019-11-15 20:27:22,191 [Datanode State Machine Thread - 0] INFO  ozoneimpl.OzoneContainer (OzoneContainer.java:startContainerScrub(194)) - Background container scanner has been disabled.
2019-11-15 20:27:22,191 [Datanode State Machine Thread - 0] INFO  ratis.XceiverServerRatis (XceiverServerRatis.java:start(421)) - Starting XceiverServerRatis b7fbb734-148a-49a6-9cb1-519eb8bdf364 at port 0
2019-11-15 20:27:22,199 [Datanode State Machine Thread - 0] INFO  impl.RaftServerProxy (RaftServerProxy.java:lambda$start$3(299)) - b7fbb734-148a-49a6-9cb1-519eb8bdf364: start RPC server
2019-11-15 20:27:22,199 [Datanode State Machine Thread - 0] INFO  server.GrpcService (GrpcService.java:startImpl(158)) - b7fbb734-148a-49a6-9cb1-519eb8bdf364: GrpcService started, listening on 0.0.0.0/0.0.0.0:44174
2019-11-15 20:27:22,199 [Datanode State Machine Thread - 0] INFO  ratis.XceiverServerRatis (XceiverServerRatis.java:start(431)) - XceiverServerRatis b7fbb734-148a-49a6-9cb1-519eb8bdf364 is started using port 44174
2019-11-15 20:27:22,211 [Datanode State Machine Thread - 0] INFO  server.XceiverServerGrpc (XceiverServerGrpc.java:start(145)) - XceiverServerGrpc b7fbb734-148a-49a6-9cb1-519eb8bdf364 is started using port 40054
2019-11-15 20:27:22,246 [main] INFO  ozone.MiniOzoneClusterImpl (MiniOzoneClusterImpl.java:lambda$waitForClusterToBeReady$2(171)) - Waiting for cluster to be ready. Got 0 of 10 DN Heartbeats.
2019-11-15 20:27:22,275 [Datanode State Machine Thread - 0] INFO  ozoneimpl.OzoneContainer (OzoneContainer.java:start(230)) - Attempting to start container services.
2019-11-15 20:27:22,276 [Datanode State Machine Thread - 0] INFO  ozoneimpl.OzoneContainer (OzoneContainer.java:startContainerScrub(194)) - Background container scanner has been disabled.
2019-11-15 20:27:22,276 [Datanode State Machine Thread - 0] INFO  ratis.XceiverServerRatis (XceiverServerRatis.java:start(421)) - Starting XceiverServerRatis 4e9d79cc-0455-427e-951d-7d9146a76d5d at port 0
2019-11-15 20:27:22,282 [Datanode State Machine Thread - 0] INFO  impl.RaftServerProxy (RaftServerProxy.java:lambda$start$3(299)) - 4e9d79cc-0455-427e-951d-7d9146a76d5d: start RPC server
2019-11-15 20:27:22,285 [Datanode State Machine Thread - 0] INFO  server.GrpcService (GrpcService.java:startImpl(158)) - 4e9d79cc-0455-427e-951d-7d9146a76d5d: GrpcService started, listening on 0.0.0.0/0.0.0.0:45301
2019-11-15 20:27:22,285 [Datanode State Machine Thread - 0] INFO  ratis.XceiverServerRatis (XceiverServerRatis.java:start(431)) - XceiverServerRatis 4e9d79cc-0455-427e-951d-7d9146a76d5d is started using port 45301
2019-11-15 20:27:22,294 [Datanode State Machine Thread - 0] INFO  server.XceiverServerGrpc (XceiverServerGrpc.java:start(145)) - XceiverServerGrpc 4e9d79cc-0455-427e-951d-7d9146a76d5d is started using port 36123
2019-11-15 20:27:23,247 [main] INFO  ozone.MiniOzoneClusterImpl (MiniOzoneClusterImpl.java:lambda$waitForClusterToBeReady$2(171)) - Waiting for cluster to be ready. Got 0 of 10 DN Heartbeats.
2019-11-15 20:27:23,584 [IPC Server handler 0 on 46713] INFO  net.NetworkTopology (NetworkTopologyImpl.java:add(111)) - Added a new node: /rack1/95354d75-8d68-42fd-a60f-edc5fe17909c
2019-11-15 20:27:23,587 [IPC Server handler 0 on 46713] INFO  node.SCMNodeManager (SCMNodeManager.java:register(267)) - Registered Data node : 95354d75-8d68-42fd-a60f-edc5fe17909c{ip: 192.168.157.201, host: pr-hdds-2514-unusedmethodparam-9qkq7-1267773169, networkLocation: /rack1, certSerialId: null}
2019-11-15 20:27:23,588 [EventQueue-NodeRegistrationContainerReportForDataNodeSafeModeRule] INFO  safemode.SCMSafeModeManager (DataNodeSafeModeRule.java:process(71)) - SCM in safe mode. 1 DataNodes registered, 1 required.
2019-11-15 20:27:23,589 [EventQueue-NodeRegistrationContainerReportForContainerSafeModeRule] INFO  safemode.SCMSafeModeManager (SCMSafeModeManager.java:validateSafeModeExitRules(177)) - ScmSafeModeManager, all rules are successfully validated
2019-11-15 20:27:23,589 [EventQueue-NodeRegistrationContainerReportForContainerSafeModeRule] INFO  safemode.SCMSafeModeManager (SCMSafeModeManager.java:exitSafeMode(193)) - SCM exiting safe mode.
2019-11-15 20:27:23,595 [grpc-default-executor-12] INFO  impl.RaftServerProxy (RaftServerProxy.java:addNew(89)) - 95354d75-8d68-42fd-a60f-edc5fe17909c: addNew group-F79D61D6277E:[95354d75-8d68-42fd-a60f-edc5fe17909c:192.168.157.201:38687] returns group-F79D61D6277E:java.util.concurrent.CompletableFuture@2a2eba22[Not completed]
2019-11-15 20:27:23,596 [pool-509-thread-1] INFO  impl.RaftServerImpl (RaftServerImpl.java:<init>(98)) - 95354d75-8d68-42fd-a60f-edc5fe17909c: new RaftServerImpl for group-F79D61D6277E:[95354d75-8d68-42fd-a60f-edc5fe17909c:192.168.157.201:38687] with ContainerStateMachine:uninitialized
2019-11-15 20:27:23,597 [pool-509-thread-1] INFO  server.RaftServerConfigKeys (ConfUtils.java:logGet(43)) - raft.server.rpc.timeout.min = 1s (custom)
2019-11-15 20:27:23,597 [pool-509-thread-1] INFO  server.RaftServerConfigKeys (ConfUtils.java:logGet(43)) - raft.server.rpc.timeout.max = 1200ms (custom)
2019-11-15 20:27:23,597 [pool-509-thread-1] INFO  server.RaftServerConfigKeys (ConfUtils.java:logGet(43)) - raft.server.rpcslowness.timeout = 120s (custom)
2019-11-15 20:27:23,597 [pool-509-thread-1] INFO  server.RaftServerConfigKeys (ConfUtils.java:logGet(43)) - raft.server.sleep.deviation.threshold = 300 (default)
2019-11-15 20:27:23,597 [pool-509-thread-1] INFO  server.RaftServerConfigKeys (ConfUtils.java:logGet(43)) - raft.server.log.appender.install.snapshot.enabled = false (custom)
2019-11-15 20:27:23,597 [pool-509-thread-1] INFO  impl.RaftServerImpl (ServerState.java:<init>(103)) - 95354d75-8d68-42fd-a60f-edc5fe17909c@group-F79D61D6277E: ConfigurationManager, init=-1: [95354d75-8d68-42fd-a60f-edc5fe17909c:192.168.157.201:38687], old=null, confs=<EMPTY_MAP>
2019-11-15 20:27:23,598 [pool-509-thread-1] INFO  server.RaftServerConfigKeys (ConfUtils.java:logGet(43)) - raft.server.storage.dir = [/workdir/hadoop-ozone/integration-test/target/test-dir/MiniOzoneClusterImpl-2baab228-4da8-45e4-8c00-c7e13f1dd389/datanode-0/data/ratis] (custom)
2019-11-15 20:27:23,598 [pool-509-thread-1] INFO  server.RaftServerConfigKeys (ConfUtils.java:logGet(43)) - raft.server.log.corruption.policy = EXCEPTION (default)
2019-11-15 20:27:23,598 [pool-509-thread-1] INFO  storage.RaftStorageDirectory (RaftStorageDirectory.java:analyzeStorage(246)) - The storage directory /workdir/hadoop-ozone/integration-test/target/test-dir/MiniOzoneClusterImpl-2baab228-4da8-45e4-8c00-c7e13f1dd389/datanode-0/data/ratis/0f0e6722-ee67-410c-8272-f79d61d6277e does not exist. Creating ...
2019-11-15 20:27:23,622 [pool-509-thread-1] INFO  storage.RaftStorageDirectory (RaftStorageDirectory.java:tryLock(328)) - Lock on /workdir/hadoop-ozone/integration-test/target/test-dir/MiniOzoneClusterImpl-2baab228-4da8-45e4-8c00-c7e13f1dd389/datanode-0/data/ratis/0f0e6722-ee67-410c-8272-f79d61d6277e/in_use.lock acquired by nodename 9872@pr-hdds-2514-unusedmethodparam-9qkq7-1267773169
2019-11-15 20:27:23,645 [pool-509-thread-1] INFO  storage.RaftStorage (RaftStorage.java:format(84)) - Storage directory /workdir/hadoop-ozone/integration-test/target/test-dir/MiniOzoneClusterImpl-2baab228-4da8-45e4-8c00-c7e13f1dd389/datanode-0/data/ratis/0f0e6722-ee67-410c-8272-f79d61d6277e has been successfully formatted.
2019-11-15 20:27:23,646 [pool-509-thread-1] INFO  ratis.ContainerStateMachine (ContainerStateMachine.java:loadSnapshot(223)) - group-F79D61D6277E: The snapshot info is null. Setting the last applied indexto:(t:0, i:~)
2019-11-15 20:27:23,646 [pool-509-thread-1] INFO  server.RaftServerConfigKeys (ConfUtils.java:logGet(43)) - raft.server.notification.no-leader.timeout = 120s (custom)
2019-11-15 20:27:23,646 [pool-509-thread-1] INFO  server.RaftServerConfigKeys (ConfUtils.java:logGet(43)) - raft.server.log.use.memory = false (default)
2019-11-15 20:27:23,646 [pool-509-thread-1] INFO  server.RaftServerConfigKeys (ConfUtils.java:logGet(43)) - raft.server.log.purge.gap = 1000000 (custom)
2019-11-15 20:27:23,646 [pool-509-thread-1] INFO  server.RaftServerConfigKeys (ConfUtils.java:logGet(43)) - raft.server.log.appender.buffer.byte-limit = 33554432 (custom)
2019-11-15 20:27:23,646 [pool-509-thread-1] INFO  server.RaftServerConfigKeys (ConfUtils.java:logGet(43)) - raft.server.log.segment.size.max = 1048576 (custom)
2019-11-15 20:27:23,647 [pool-509-thread-1] WARN  impl.MetricRegistriesImpl (MetricRegistriesImpl.java:lambda$create$1(61)) - First MetricRegistry has been created without registering reporters. You may need to call MetricRegistries.global().addReportRegistration(...) before.
2019-11-15 20:27:23,647 [pool-509-thread-1] INFO  server.RaftServerConfigKeys (ConfUtils.java:logGet(43)) - raft.server.log.segment.cache.num.max = 2 (custom)
2019-11-15 20:27:23,647 [pool-509-thread-1] INFO  segmented.SegmentedRaftLogWorker (SegmentedRaftLogWorker.java:<init>(173)) - new 95354d75-8d68-42fd-a60f-edc5fe17909c@group-F79D61D6277E-SegmentedRaftLogWorker for RaftStorage:Storage Directory /workdir/hadoop-ozone/integration-test/target/test-dir/MiniOzoneClusterImpl-2baab228-4da8-45e4-8c00-c7e13f1dd389/datanode-0/data/ratis/0f0e6722-ee67-410c-8272-f79d61d6277e
2019-11-15 20:27:23,647 [pool-509-thread-1] INFO  server.RaftServerConfigKeys (ConfUtils.java:logGet(43)) - raft.server.log.queue.byte-limit = 2147483647 (custom)
2019-11-15 20:27:23,647 [pool-509-thread-1] INFO  server.RaftServerConfigKeys (ConfUtils.java:logGet(43)) - raft.server.log.queue.element-limit = 1024 (custom)
2019-11-15 20:27:23,647 [pool-509-thread-1] INFO  server.RaftServerConfigKeys (ConfUtils.java:logGet(43)) - raft.server.log.segment.size.max = 1048576 (custom)
2019-11-15 20:27:23,647 [pool-509-thread-1] INFO  server.RaftServerConfigKeys (ConfUtils.java:logGet(43)) - raft.server.log.preallocated.size = 16384 (custom)
2019-11-15 20:27:23,647 [pool-509-thread-1] INFO  server.RaftServerConfigKeys (ConfUtils.java:logGet(43)) - raft.server.log.write.buffer.size = 33554432 (custom)
2019-11-15 20:27:23,647 [pool-509-thread-1] INFO  server.RaftServerConfigKeys (ConfUtils.java:logGet(43)) - raft.server.log.force.sync.num = 128 (default)
2019-11-15 20:27:23,648 [pool-509-thread-1] INFO  server.RaftServerConfigKeys (ConfUtils.java:logGet(43)) - raft.server.log.statemachine.data.sync = true (default)
2019-11-15 20:27:23,648 [pool-509-thread-1] INFO  server.RaftServerConfigKeys (ConfUtils.java:logGet(43)) - raft.server.log.statemachine.data.sync.timeout = 10s (default)
2019-11-15 20:27:23,648 [pool-509-thread-1] INFO  server.RaftServerConfigKeys (ConfUtils.java:logGet(43)) - raft.server.log.statemachine.data.sync.timeout.retry = -1 (default)
2019-11-15 20:27:23,648 [pool-509-thread-1] INFO  server.RaftServerConfigKeys (ConfUtils.java:logGet(43)) - raft.server.log.statemachine.data.caching.enabled = true (custom)
2019-11-15 20:27:23,648 [pool-509-thread-1] INFO  segmented.SegmentedRaftLogWorker (SegmentedRaftLogWorker.java:lambda$new$0(128)) - 95354d75-8d68-42fd-a60f-edc5fe17909c@group-F79D61D6277E-SegmentedRaftLogWorker: flushIndex: setUnconditionally 0 -> -1
2019-11-15 20:27:23,648 [pool-509-thread-1] INFO  server.RaftServerConfigKeys (ConfUtils.java:logGet(43)) - raft.server.snapshot.auto.trigger.enabled = true (custom)
2019-11-15 20:27:23,649 [pool-509-thread-1] INFO  server.RaftServerConfigKeys (ConfUtils.java:logGet(43)) - raft.server.snapshot.auto.trigger.threshold = 10000 (custom)
2019-11-15 20:27:23,649 [pool-509-thread-1] INFO  server.RaftServerConfigKeys (ConfUtils.java:logGet(43)) - raft.server.snapshot.retention.file.num = 5 (custom)
2019-11-15 20:27:23,649 [pool-509-thread-1] INFO  server.RaftServerConfigKeys (ConfUtils.java:logGet(43)) - raft.server.retrycache.expirytime = 600000ms (custom)
2019-11-15 20:27:23,649 [pool-509-thread-1] WARN  impl.MetricRegistriesImpl (MetricRegistriesImpl.java:lambda$create$1(61)) - First MetricRegistry has been created without registering reporters. You may need to call MetricRegistries.global().addReportRegistration(...) before.
2019-11-15 20:27:23,649 [pool-509-thread-1] WARN  impl.MetricRegistriesImpl (MetricRegistriesImpl.java:lambda$create$1(61)) - First MetricRegistry has been created without registering reporters. You may need to call MetricRegistries.global().addReportRegistration(...) before.
2019-11-15 20:27:23,649 [pool-509-thread-1] INFO  impl.RaftServerImpl (RaftServerImpl.java:start(184)) - 95354d75-8d68-42fd-a60f-edc5fe17909c@group-F79D61D6277E: start as a follower, conf=-1: [95354d75-8d68-42fd-a60f-edc5fe17909c:192.168.157.201:38687], old=null
2019-11-15 20:27:23,649 [pool-509-thread-1] INFO  impl.RaftServerImpl (RaftServerImpl.java:setRole(173)) - 95354d75-8d68-42fd-a60f-edc5fe17909c@group-F79D61D6277E: changes role from      null to FOLLOWER at term 0 for startAsFollower
2019-11-15 20:27:23,650 [pool-509-thread-1] INFO  impl.RoleInfo (RoleInfo.java:updateAndGet(143)) - 95354d75-8d68-42fd-a60f-edc5fe17909c: start FollowerState
2019-11-15 20:27:23,650 [pool-509-thread-1] INFO  util.JmxRegister (JmxRegister.java:tryRegister(44)) - Successfully registered JMX Bean with object name Ratis:service=RaftServer,group=group-F79D61D6277E,id=95354d75-8d68-42fd-a60f-edc5fe17909c
2019-11-15 20:27:23,650 [pool-509-thread-1] WARN  impl.MetricRegistriesImpl (MetricRegistriesImpl.java:lambda$create$1(61)) - First MetricRegistry has been created without registering reporters. You may need to call MetricRegistries.global().addReportRegistration(...) before.
2019-11-15 20:27:23,653 [RatisPipelineUtilsThread] INFO  pipeline.PipelineStateManager (PipelineStateManager.java:addPipeline(55)) - Created pipeline Pipeline[ Id: 0f0e6722-ee67-410c-8272-f79d61d6277e, Nodes: 95354d75-8d68-42fd-a60f-edc5fe17909c{ip: 192.168.157.201, host: pr-hdds-2514-unusedmethodparam-9qkq7-1267773169, networkLocation: /rack1, certSerialId: null}, Type:RATIS, Factor:ONE, State:ALLOCATED]
2019-11-15 20:27:23,661 [IPC Server handler 2 on 46713] INFO  net.NetworkTopology (NetworkTopologyImpl.java:add(111)) - Added a new node: /rack1/4f10a0c5-c407-437d-ba7d-4ff51fc359eb
2019-11-15 20:27:23,662 [IPC Server handler 2 on 46713] INFO  node.SCMNodeManager (SCMNodeManager.java:register(267)) - Registered Data node : 4f10a0c5-c407-437d-ba7d-4ff51fc359eb{ip: 192.168.157.201, host: pr-hdds-2514-unusedmethodparam-9qkq7-1267773169, networkLocation: /rack1, certSerialId: null}
2019-11-15 20:27:23,668 [grpc-default-executor-12] INFO  impl.RaftServerProxy (RaftServerProxy.java:addNew(89)) - 4f10a0c5-c407-437d-ba7d-4ff51fc359eb: addNew group-C518C791B6E8:[4f10a0c5-c407-437d-ba7d-4ff51fc359eb:192.168.157.201:40274] returns group-C518C791B6E8:java.util.concurrent.CompletableFuture@59c94489[Not completed]
2019-11-15 20:27:23,669 [pool-519-thread-1] INFO  impl.RaftServerImpl (RaftServerImpl.java:<init>(98)) - 4f10a0c5-c407-437d-ba7d-4ff51fc359eb: new RaftServerImpl for group-C518C791B6E8:[4f10a0c5-c407-437d-ba7d-4ff51fc359eb:192.168.157.201:40274] with ContainerStateMachine:uninitialized
2019-11-15 20:27:23,669 [pool-519-thread-1] INFO  server.RaftServerConfigKeys (ConfUtils.java:logGet(43)) - raft.server.rpc.timeout.min = 1s (custom)
2019-11-15 20:27:23,669 [pool-519-thread-1] INFO  server.RaftServerConfigKeys (ConfUtils.java:logGet(43)) - raft.server.rpc.timeout.max = 1200ms (custom)
2019-11-15 20:27:23,670 [pool-519-thread-1] INFO  server.RaftServerConfigKeys (ConfUtils.java:logGet(43)) - raft.server.rpcslowness.timeout = 120s (custom)
2019-11-15 20:27:23,670 [pool-519-thread-1] INFO  server.RaftServerConfigKeys (ConfUtils.java:logGet(43)) - raft.server.sleep.deviation.threshold = 300 (default)
2019-11-15 20:27:23,670 [pool-519-thread-1] INFO  server.RaftServerConfigKeys (ConfUtils.java:logGet(43)) - raft.server.log.appender.install.snapshot.enabled = false (custom)
2019-11-15 20:27:23,670 [pool-519-thread-1] INFO  impl.RaftServerImpl (ServerState.java:<init>(103)) - 4f10a0c5-c407-437d-ba7d-4ff51fc359eb@group-C518C791B6E8: ConfigurationManager, init=-1: [4f10a0c5-c407-437d-ba7d-4ff51fc359eb:192.168.157.201:40274], old=null, confs=<EMPTY_MAP>
2019-11-15 20:27:23,670 [pool-519-thread-1] INFO  server.RaftServerConfigKeys (ConfUtils.java:logGet(43)) - raft.server.storage.dir = [/workdir/hadoop-ozone/integration-test/target/test-dir/MiniOzoneClusterImpl-2baab228-4da8-45e4-8c00-c7e13f1dd389/datanode-1/data/ratis] (custom)
2019-11-15 20:27:23,670 [pool-519-thread-1] INFO  server.RaftServerConfigKeys (ConfUtils.java:logGet(43)) - raft.server.log.corruption.policy = EXCEPTION (default)
2019-11-15 20:27:23,670 [pool-519-thread-1] INFO  storage.RaftStorageDirectory (RaftStorageDirectory.java:analyzeStorage(246)) - The storage directory /workdir/hadoop-ozone/integration-test/target/test-dir/MiniOzoneClusterImpl-2baab228-4da8-45e4-8c00-c7e13f1dd389/datanode-1/data/ratis/33537000-145f-4b10-be9a-c518c791b6e8 does not exist. Creating ...
2019-11-15 20:27:23,693 [pool-519-thread-1] INFO  storage.RaftStorageDirectory (RaftStorageDirectory.java:tryLock(328)) - Lock on /workdir/hadoop-ozone/integration-test/target/test-dir/MiniOzoneClusterImpl-2baab228-4da8-45e4-8c00-c7e13f1dd389/datanode-1/data/ratis/33537000-145f-4b10-be9a-c518c791b6e8/in_use.lock acquired by nodename 9872@pr-hdds-2514-unusedmethodparam-9qkq7-1267773169
2019-11-15 20:27:23,716 [pool-519-thread-1] INFO  storage.RaftStorage (RaftStorage.java:format(84)) - Storage directory /workdir/hadoop-ozone/integration-test/target/test-dir/MiniOzoneClusterImpl-2baab228-4da8-45e4-8c00-c7e13f1dd389/datanode-1/data/ratis/33537000-145f-4b10-be9a-c518c791b6e8 has been successfully formatted.
2019-11-15 20:27:23,716 [pool-519-thread-1] INFO  ratis.ContainerStateMachine (ContainerStateMachine.java:loadSnapshot(223)) - group-C518C791B6E8: The snapshot info is null. Setting the last applied indexto:(t:0, i:~)
2019-11-15 20:27:23,716 [pool-519-thread-1] INFO  server.RaftServerConfigKeys (ConfUtils.java:logGet(43)) - raft.server.notification.no-leader.timeout = 120s (custom)
2019-11-15 20:27:23,716 [pool-519-thread-1] INFO  server.RaftServerConfigKeys (ConfUtils.java:logGet(43)) - raft.server.log.use.memory = false (default)
2019-11-15 20:27:23,716 [pool-519-thread-1] INFO  server.RaftServerConfigKeys (ConfUtils.java:logGet(43)) - raft.server.log.purge.gap = 1000000 (custom)
2019-11-15 20:27:23,716 [pool-519-thread-1] INFO  server.RaftServerConfigKeys (ConfUtils.java:logGet(43)) - raft.server.log.appender.buffer.byte-limit = 33554432 (custom)
2019-11-15 20:27:23,716 [pool-519-thread-1] INFO  server.RaftServerConfigKeys (ConfUtils.java:logGet(43)) - raft.server.log.segment.size.max = 1048576 (custom)
2019-11-15 20:27:23,717 [pool-519-thread-1] WARN  impl.MetricRegistriesImpl (MetricRegistriesImpl.java:lambda$create$1(61)) - First MetricRegistry has been created without registering reporters. You may need to call MetricRegistries.global().addReportRegistration(...) before.
2019-11-15 20:27:23,717 [pool-519-thread-1] INFO  server.RaftServerConfigKeys (ConfUtils.java:logGet(43)) - raft.server.log.segment.cache.num.max = 2 (custom)
2019-11-15 20:27:23,717 [pool-519-thread-1] INFO  segmented.SegmentedRaftLogWorker (SegmentedRaftLogWorker.java:<init>(173)) - new 4f10a0c5-c407-437d-ba7d-4ff51fc359eb@group-C518C791B6E8-SegmentedRaftLogWorker for RaftStorage:Storage Directory /workdir/hadoop-ozone/integration-test/target/test-dir/MiniOzoneClusterImpl-2baab228-4da8-45e4-8c00-c7e13f1dd389/datanode-1/data/ratis/33537000-145f-4b10-be9a-c518c791b6e8
2019-11-15 20:27:23,717 [pool-519-thread-1] INFO  server.RaftServerConfigKeys (ConfUtils.java:logGet(43)) - raft.server.log.queue.byte-limit = 2147483647 (custom)
2019-11-15 20:27:23,717 [pool-519-thread-1] INFO  server.RaftServerConfigKeys (ConfUtils.java:logGet(43)) - raft.server.log.queue.element-limit = 1024 (custom)
2019-11-15 20:27:23,717 [pool-519-thread-1] INFO  server.RaftServerConfigKeys (ConfUtils.java:logGet(43)) - raft.server.log.segment.size.max = 1048576 (custom)
2019-11-15 20:27:23,717 [pool-519-thread-1] INFO  server.RaftServerConfigKeys (ConfUtils.java:logGet(43)) - raft.server.log.preallocated.size = 16384 (custom)
2019-11-15 20:27:23,717 [pool-519-thread-1] INFO  server.RaftServerConfigKeys (ConfUtils.java:logGet(43)) - raft.server.log.write.buffer.size = 33554432 (custom)
2019-11-15 20:27:23,717 [pool-519-thread-1] INFO  server.RaftServerConfigKeys (ConfUtils.java:logGet(43)) - raft.server.log.force.sync.num = 128 (default)
2019-11-15 20:27:23,717 [pool-519-thread-1] INFO  server.RaftServerConfigKeys (ConfUtils.java:logGet(43)) - raft.server.log.statemachine.data.sync = true (default)
2019-11-15 20:27:23,718 [pool-519-thread-1] INFO  server.RaftServerConfigKeys (ConfUtils.java:logGet(43)) - raft.server.log.statemachine.data.sync.timeout = 10s (default)
2019-11-15 20:27:23,718 [pool-519-thread-1] INFO  server.RaftServerConfigKeys (ConfUtils.java:logGet(43)) - raft.server.log.statemachine.data.sync.timeout.retry = -1 (default)
2019-11-15 20:27:23,718 [pool-519-thread-1] INFO  server.RaftServerConfigKeys (ConfUtils.java:logGet(43)) - raft.server.log.statemachine.data.caching.enabled = true (custom)
2019-11-15 20:27:23,718 [pool-519-thread-1] INFO  segmented.SegmentedRaftLogWorker (SegmentedRaftLogWorker.java:lambda$new$0(128)) - 4f10a0c5-c407-437d-ba7d-4ff51fc359eb@group-C518C791B6E8-SegmentedRaftLogWorker: flushIndex: setUnconditionally 0 -> -1
2019-11-15 20:27:23,718 [pool-519-thread-1] INFO  server.RaftServerConfigKeys (ConfUtils.java:logGet(43)) - raft.server.snapshot.auto.trigger.enabled = true (custom)
2019-11-15 20:27:23,718 [pool-519-thread-1] INFO  server.RaftServerConfigKeys (ConfUtils.java:logGet(43)) - raft.server.snapshot.auto.trigger.threshold = 10000 (custom)
2019-11-15 20:27:23,718 [pool-519-thread-1] INFO  server.RaftServerConfigKeys (ConfUtils.java:logGet(43)) - raft.server.snapshot.retention.file.num = 5 (custom)
2019-11-15 20:27:23,719 [pool-519-thread-1] INFO  server.RaftServerConfigKeys (ConfUtils.java:logGet(43)) - raft.server.retrycache.expirytime = 600000ms (custom)
2019-11-15 20:27:23,719 [pool-519-thread-1] WARN  impl.MetricRegistriesImpl (MetricRegistriesImpl.java:lambda$create$1(61)) - First MetricRegistry has been created without registering reporters. You may need to call MetricRegistries.global().addReportRegistration(...) before.
2019-11-15 20:27:23,719 [pool-519-thread-1] WARN  impl.MetricRegistriesImpl (MetricRegistriesImpl.java:lambda$create$1(61)) - First MetricRegistry has been created without registering reporters. You may need to call MetricRegistries.global().addReportRegistration(...) before.
2019-11-15 20:27:23,719 [pool-519-thread-1] INFO  impl.RaftServerImpl (RaftServerImpl.java:start(184)) - 4f10a0c5-c407-437d-ba7d-4ff51fc359eb@group-C518C791B6E8: start as a follower, conf=-1: [4f10a0c5-c407-437d-ba7d-4ff51fc359eb:192.168.157.201:40274], old=null
2019-11-15 20:27:23,719 [pool-519-thread-1] INFO  impl.RaftServerImpl (RaftServerImpl.java:setRole(173)) - 4f10a0c5-c407-437d-ba7d-4ff51fc359eb@group-C518C791B6E8: changes role from      null to FOLLOWER at term 0 for startAsFollower
2019-11-15 20:27:23,719 [pool-519-thread-1] INFO  impl.RoleInfo (RoleInfo.java:updateAndGet(143)) - 4f10a0c5-c407-437d-ba7d-4ff51fc359eb: start FollowerState
2019-11-15 20:27:23,719 [pool-519-thread-1] INFO  util.JmxRegister (JmxRegister.java:tryRegister(44)) - Successfully registered JMX Bean with object name Ratis:service=RaftServer,group=group-C518C791B6E8,id=4f10a0c5-c407-437d-ba7d-4ff51fc359eb
2019-11-15 20:27:23,720 [pool-519-thread-1] WARN  impl.MetricRegistriesImpl (MetricRegistriesImpl.java:lambda$create$1(61)) - First MetricRegistry has been created without registering reporters. You may need to call MetricRegistries.global().addReportRegistration(...) before.
2019-11-15 20:27:23,722 [RatisPipelineUtilsThread] INFO  pipeline.PipelineStateManager (PipelineStateManager.java:addPipeline(55)) - Created pipeline Pipeline[ Id: 33537000-145f-4b10-be9a-c518c791b6e8, Nodes: 4f10a0c5-c407-437d-ba7d-4ff51fc359eb{ip: 192.168.157.201, host: pr-hdds-2514-unusedmethodparam-9qkq7-1267773169, networkLocation: /rack1, certSerialId: null}, Type:RATIS, Factor:ONE, State:ALLOCATED]
2019-11-15 20:27:23,737 [IPC Server handler 3 on 46713] INFO  net.NetworkTopology (NetworkTopologyImpl.java:add(111)) - Added a new node: /rack1/d8d3f8ae-ceeb-4228-b266-44fc60f7c1eb
2019-11-15 20:27:23,737 [IPC Server handler 3 on 46713] INFO  node.SCMNodeManager (SCMNodeManager.java:register(267)) - Registered Data node : d8d3f8ae-ceeb-4228-b266-44fc60f7c1eb{ip: 192.168.157.201, host: pr-hdds-2514-unusedmethodparam-9qkq7-1267773169, networkLocation: /rack1, certSerialId: null}
2019-11-15 20:27:23,743 [grpc-default-executor-12] INFO  impl.RaftServerProxy (RaftServerProxy.java:addNew(89)) - d8d3f8ae-ceeb-4228-b266-44fc60f7c1eb: addNew group-EE693E85B03C:[d8d3f8ae-ceeb-4228-b266-44fc60f7c1eb:192.168.157.201:44849] returns group-EE693E85B03C:java.util.concurrent.CompletableFuture@41653bef[Not completed]
2019-11-15 20:27:23,744 [pool-529-thread-1] INFO  impl.RaftServerImpl (RaftServerImpl.java:<init>(98)) - d8d3f8ae-ceeb-4228-b266-44fc60f7c1eb: new RaftServerImpl for group-EE693E85B03C:[d8d3f8ae-ceeb-4228-b266-44fc60f7c1eb:192.168.157.201:44849] with ContainerStateMachine:uninitialized
2019-11-15 20:27:23,745 [pool-529-thread-1] INFO  server.RaftServerConfigKeys (ConfUtils.java:logGet(43)) - raft.server.rpc.timeout.min = 1s (custom)
2019-11-15 20:27:23,745 [pool-529-thread-1] INFO  server.RaftServerConfigKeys (ConfUtils.java:logGet(43)) - raft.server.rpc.timeout.max = 1200ms (custom)
2019-11-15 20:27:23,745 [pool-529-thread-1] INFO  server.RaftServerConfigKeys (ConfUtils.java:logGet(43)) - raft.server.rpcslowness.timeout = 120s (custom)
2019-11-15 20:27:23,745 [pool-529-thread-1] INFO  server.RaftServerConfigKeys (ConfUtils.java:logGet(43)) - raft.server.sleep.deviation.threshold = 300 (default)
2019-11-15 20:27:23,745 [pool-529-thread-1] INFO  server.RaftServerConfigKeys (ConfUtils.java:logGet(43)) - raft.server.log.appender.install.snapshot.enabled = false (custom)
2019-11-15 20:27:23,745 [pool-529-thread-1] INFO  impl.RaftServerImpl (ServerState.java:<init>(103)) - d8d3f8ae-ceeb-4228-b266-44fc60f7c1eb@group-EE693E85B03C: ConfigurationManager, init=-1: [d8d3f8ae-ceeb-4228-b266-44fc60f7c1eb:192.168.157.201:44849], old=null, confs=<EMPTY_MAP>
2019-11-15 20:27:23,745 [pool-529-thread-1] INFO  server.RaftServerConfigKeys (ConfUtils.java:logGet(43)) - raft.server.storage.dir = [/workdir/hadoop-ozone/integration-test/target/test-dir/MiniOzoneClusterImpl-2baab228-4da8-45e4-8c00-c7e13f1dd389/datanode-2/data/ratis] (custom)
2019-11-15 20:27:23,746 [pool-529-thread-1] INFO  server.RaftServerConfigKeys (ConfUtils.java:logGet(43)) - raft.server.log.corruption.policy = EXCEPTION (default)
2019-11-15 20:27:23,746 [pool-529-thread-1] INFO  storage.RaftStorageDirectory (RaftStorageDirectory.java:analyzeStorage(246)) - The storage directory /workdir/hadoop-ozone/integration-test/target/test-dir/MiniOzoneClusterImpl-2baab228-4da8-45e4-8c00-c7e13f1dd389/datanode-2/data/ratis/c95d9c24-4bd7-416f-9ee4-ee693e85b03c does not exist. Creating ...
2019-11-15 20:27:23,770 [pool-529-thread-1] INFO  storage.RaftStorageDirectory (RaftStorageDirectory.java:tryLock(328)) - Lock on /workdir/hadoop-ozone/integration-test/target/test-dir/MiniOzoneClusterImpl-2baab228-4da8-45e4-8c00-c7e13f1dd389/datanode-2/data/ratis/c95d9c24-4bd7-416f-9ee4-ee693e85b03c/in_use.lock acquired by nodename 9872@pr-hdds-2514-unusedmethodparam-9qkq7-1267773169
2019-11-15 20:27:23,795 [pool-529-thread-1] INFO  storage.RaftStorage (RaftStorage.java:format(84)) - Storage directory /workdir/hadoop-ozone/integration-test/target/test-dir/MiniOzoneClusterImpl-2baab228-4da8-45e4-8c00-c7e13f1dd389/datanode-2/data/ratis/c95d9c24-4bd7-416f-9ee4-ee693e85b03c has been successfully formatted.
2019-11-15 20:27:23,795 [pool-529-thread-1] INFO  ratis.ContainerStateMachine (ContainerStateMachine.java:loadSnapshot(223)) - group-EE693E85B03C: The snapshot info is null. Setting the last applied indexto:(t:0, i:~)
2019-11-15 20:27:23,795 [pool-529-thread-1] INFO  server.RaftServerConfigKeys (ConfUtils.java:logGet(43)) - raft.server.notification.no-leader.timeout = 120s (custom)
2019-11-15 20:27:23,795 [pool-529-thread-1] INFO  server.RaftServerConfigKeys (ConfUtils.java:logGet(43)) - raft.server.log.use.memory = false (default)
2019-11-15 20:27:23,795 [pool-529-thread-1] INFO  server.RaftServerConfigKeys (ConfUtils.java:logGet(43)) - raft.server.log.purge.gap = 1000000 (custom)
2019-11-15 20:27:23,795 [pool-529-thread-1] INFO  server.RaftServerConfigKeys (ConfUtils.java:logGet(43)) - raft.server.log.appender.buffer.byte-limit = 33554432 (custom)
2019-11-15 20:27:23,796 [pool-529-thread-1] INFO  server.RaftServerConfigKeys (ConfUtils.java:logGet(43)) - raft.server.log.segment.size.max = 1048576 (custom)
2019-11-15 20:27:23,796 [pool-529-thread-1] WARN  impl.MetricRegistriesImpl (MetricRegistriesImpl.java:lambda$create$1(61)) - First MetricRegistry has been created without registering reporters. You may need to call MetricRegistries.global().addReportRegistration(...) before.
2019-11-15 20:27:23,796 [pool-529-thread-1] INFO  server.RaftServerConfigKeys (ConfUtils.java:logGet(43)) - raft.server.log.segment.cache.num.max = 2 (custom)
2019-11-15 20:27:23,796 [pool-529-thread-1] INFO  segmented.SegmentedRaftLogWorker (SegmentedRaftLogWorker.java:<init>(173)) - new d8d3f8ae-ceeb-4228-b266-44fc60f7c1eb@group-EE693E85B03C-SegmentedRaftLogWorker for RaftStorage:Storage Directory /workdir/hadoop-ozone/integration-test/target/test-dir/MiniOzoneClusterImpl-2baab228-4da8-45e4-8c00-c7e13f1dd389/datanode-2/data/ratis/c95d9c24-4bd7-416f-9ee4-ee693e85b03c
2019-11-15 20:27:23,796 [pool-529-thread-1] INFO  server.RaftServerConfigKeys (ConfUtils.java:logGet(43)) - raft.server.log.queue.byte-limit = 2147483647 (custom)
2019-11-15 20:27:23,796 [pool-529-thread-1] INFO  server.RaftServerConfigKeys (ConfUtils.java:logGet(43)) - raft.server.log.queue.element-limit = 1024 (custom)
2019-11-15 20:27:23,796 [pool-529-thread-1] INFO  server.RaftServerConfigKeys (ConfUtils.java:logGet(43)) - raft.server.log.segment.size.max = 1048576 (custom)
2019-11-15 20:27:23,796 [pool-529-thread-1] INFO  server.RaftServerConfigKeys (ConfUtils.java:logGet(43)) - raft.server.log.preallocated.size = 16384 (custom)
2019-11-15 20:27:23,796 [pool-529-thread-1] INFO  server.RaftServerConfigKeys (ConfUtils.java:logGet(43)) - raft.server.log.write.buffer.size = 33554432 (custom)
2019-11-15 20:27:23,796 [pool-529-thread-1] INFO  server.RaftServerConfigKeys (ConfUtils.java:logGet(43)) - raft.server.log.force.sync.num = 128 (default)
2019-11-15 20:27:23,797 [pool-529-thread-1] INFO  server.RaftServerConfigKeys (ConfUtils.java:logGet(43)) - raft.server.log.statemachine.data.sync = true (default)
2019-11-15 20:27:23,797 [pool-529-thread-1] INFO  server.RaftServerConfigKeys (ConfUtils.java:logGet(43)) - raft.server.log.statemachine.data.sync.timeout = 10s (default)
2019-11-15 20:27:23,797 [pool-529-thread-1] INFO  server.RaftServerConfigKeys (ConfUtils.java:logGet(43)) - raft.server.log.statemachine.data.sync.timeout.retry = -1 (default)
2019-11-15 20:27:23,797 [pool-529-thread-1] INFO  server.RaftServerConfigKeys (ConfUtils.java:logGet(43)) - raft.server.log.statemachine.data.caching.enabled = true (custom)
2019-11-15 20:27:23,797 [pool-529-thread-1] INFO  segmented.SegmentedRaftLogWorker (SegmentedRaftLogWorker.java:lambda$new$0(128)) - d8d3f8ae-ceeb-4228-b266-44fc60f7c1eb@group-EE693E85B03C-SegmentedRaftLogWorker: flushIndex: setUnconditionally 0 -> -1
2019-11-15 20:27:23,797 [pool-529-thread-1] INFO  server.RaftServerConfigKeys (ConfUtils.java:logGet(43)) - raft.server.snapshot.auto.trigger.enabled = true (custom)
2019-11-15 20:27:23,798 [pool-529-thread-1] INFO  server.RaftServerConfigKeys (ConfUtils.java:logGet(43)) - raft.server.snapshot.auto.trigger.threshold = 10000 (custom)
2019-11-15 20:27:23,798 [pool-529-thread-1] INFO  server.RaftServerConfigKeys (ConfUtils.java:logGet(43)) - raft.server.snapshot.retention.file.num = 5 (custom)
2019-11-15 20:27:23,798 [pool-529-thread-1] INFO  server.RaftServerConfigKeys (ConfUtils.java:logGet(43)) - raft.server.retrycache.expirytime = 600000ms (custom)
2019-11-15 20:27:23,798 [pool-529-thread-1] WARN  impl.MetricRegistriesImpl (MetricRegistriesImpl.java:lambda$create$1(61)) - First MetricRegistry has been created without registering reporters. You may need to call MetricRegistries.global().addReportRegistration(...) before.
2019-11-15 20:27:23,798 [pool-529-thread-1] WARN  impl.MetricRegistriesImpl (MetricRegistriesImpl.java:lambda$create$1(61)) - First MetricRegistry has been created without registering reporters. You may need to call MetricRegistries.global().addReportRegistration(...) before.
2019-11-15 20:27:23,798 [pool-529-thread-1] INFO  impl.RaftServerImpl (RaftServerImpl.java:start(184)) - d8d3f8ae-ceeb-4228-b266-44fc60f7c1eb@group-EE693E85B03C: start as a follower, conf=-1: [d8d3f8ae-ceeb-4228-b266-44fc60f7c1eb:192.168.157.201:44849], old=null
2019-11-15 20:27:23,798 [pool-529-thread-1] INFO  impl.RaftServerImpl (RaftServerImpl.java:setRole(173)) - d8d3f8ae-ceeb-4228-b266-44fc60f7c1eb@group-EE693E85B03C: changes role from      null to FOLLOWER at term 0 for startAsFollower
2019-11-15 20:27:23,798 [pool-529-thread-1] INFO  impl.RoleInfo (RoleInfo.java:updateAndGet(143)) - d8d3f8ae-ceeb-4228-b266-44fc60f7c1eb: start FollowerState
2019-11-15 20:27:23,799 [pool-529-thread-1] INFO  util.JmxRegister (JmxRegister.java:tryRegister(44)) - Successfully registered JMX Bean with object name Ratis:service=RaftServer,group=group-EE693E85B03C,id=d8d3f8ae-ceeb-4228-b266-44fc60f7c1eb
2019-11-15 20:27:23,799 [pool-529-thread-1] WARN  impl.MetricRegistriesImpl (MetricRegistriesImpl.java:lambda$create$1(61)) - First MetricRegistry has been created without registering reporters. You may need to call MetricRegistries.global().addReportRegistration(...) before.
2019-11-15 20:27:23,801 [RatisPipelineUtilsThread] INFO  pipeline.PipelineStateManager (PipelineStateManager.java:addPipeline(55)) - Created pipeline Pipeline[ Id: c95d9c24-4bd7-416f-9ee4-ee693e85b03c, Nodes: d8d3f8ae-ceeb-4228-b266-44fc60f7c1eb{ip: 192.168.157.201, host: pr-hdds-2514-unusedmethodparam-9qkq7-1267773169, networkLocation: /rack1, certSerialId: null}, Type:RATIS, Factor:ONE, State:ALLOCATED]
2019-11-15 20:27:23,808 [IPC Server handler 5 on 46713] INFO  net.NetworkTopology (NetworkTopologyImpl.java:add(111)) - Added a new node: /rack1/ecb82392-9efc-4718-8957-302e66d96ccd
2019-11-15 20:27:23,810 [IPC Server handler 5 on 46713] INFO  node.SCMNodeManager (SCMNodeManager.java:register(267)) - Registered Data node : ecb82392-9efc-4718-8957-302e66d96ccd{ip: 192.168.157.201, host: pr-hdds-2514-unusedmethodparam-9qkq7-1267773169, networkLocation: /rack1, certSerialId: null}
2019-11-15 20:27:23,812 [grpc-default-executor-12] INFO  impl.RaftServerProxy (RaftServerProxy.java:addNew(89)) - 4f10a0c5-c407-437d-ba7d-4ff51fc359eb: addNew group-1E634FA8F36E:[4f10a0c5-c407-437d-ba7d-4ff51fc359eb:192.168.157.201:40274, d8d3f8ae-ceeb-4228-b266-44fc60f7c1eb:192.168.157.201:44849, 95354d75-8d68-42fd-a60f-edc5fe17909c:192.168.157.201:38687] returns group-1E634FA8F36E:java.util.concurrent.CompletableFuture@1cedbaf7[Not completed]
2019-11-15 20:27:23,812 [grpc-default-executor-9] INFO  impl.RaftServerProxy (RaftServerProxy.java:addNew(89)) - 95354d75-8d68-42fd-a60f-edc5fe17909c: addNew group-1E634FA8F36E:[4f10a0c5-c407-437d-ba7d-4ff51fc359eb:192.168.157.201:40274, d8d3f8ae-ceeb-4228-b266-44fc60f7c1eb:192.168.157.201:44849, 95354d75-8d68-42fd-a60f-edc5fe17909c:192.168.157.201:38687] returns group-1E634FA8F36E:java.util.concurrent.CompletableFuture@7e636ca4[Not completed]
2019-11-15 20:27:23,812 [grpc-default-executor-10] INFO  impl.RaftServerProxy (RaftServerProxy.java:addNew(89)) - d8d3f8ae-ceeb-4228-b266-44fc60f7c1eb: addNew group-1E634FA8F36E:[4f10a0c5-c407-437d-ba7d-4ff51fc359eb:192.168.157.201:40274, d8d3f8ae-ceeb-4228-b266-44fc60f7c1eb:192.168.157.201:44849, 95354d75-8d68-42fd-a60f-edc5fe17909c:192.168.157.201:38687] returns group-1E634FA8F36E:java.util.concurrent.CompletableFuture@20ae089a[Not completed]
2019-11-15 20:27:23,813 [pool-519-thread-1] INFO  impl.RaftServerImpl (RaftServerImpl.java:<init>(98)) - 4f10a0c5-c407-437d-ba7d-4ff51fc359eb: new RaftServerImpl for group-1E634FA8F36E:[4f10a0c5-c407-437d-ba7d-4ff51fc359eb:192.168.157.201:40274, d8d3f8ae-ceeb-4228-b266-44fc60f7c1eb:192.168.157.201:44849, 95354d75-8d68-42fd-a60f-edc5fe17909c:192.168.157.201:38687] with ContainerStateMachine:uninitialized
2019-11-15 20:27:23,813 [pool-519-thread-1] INFO  server.RaftServerConfigKeys (ConfUtils.java:logGet(43)) - raft.server.rpc.timeout.min = 1s (custom)
2019-11-15 20:27:23,813 [pool-519-thread-1] INFO  server.RaftServerConfigKeys (ConfUtils.java:logGet(43)) - raft.server.rpc.timeout.max = 1200ms (custom)
2019-11-15 20:27:23,813 [pool-519-thread-1] INFO  server.RaftServerConfigKeys (ConfUtils.java:logGet(43)) - raft.server.rpcslowness.timeout = 120s (custom)
2019-11-15 20:27:23,813 [pool-519-thread-1] INFO  server.RaftServerConfigKeys (ConfUtils.java:logGet(43)) - raft.server.sleep.deviation.threshold = 300 (default)
2019-11-15 20:27:23,813 [pool-519-thread-1] INFO  server.RaftServerConfigKeys (ConfUtils.java:logGet(43)) - raft.server.log.appender.install.snapshot.enabled = false (custom)
2019-11-15 20:27:23,813 [pool-519-thread-1] INFO  impl.RaftServerImpl (ServerState.java:<init>(103)) - 4f10a0c5-c407-437d-ba7d-4ff51fc359eb@group-1E634FA8F36E: ConfigurationManager, init=-1: [4f10a0c5-c407-437d-ba7d-4ff51fc359eb:192.168.157.201:40274, d8d3f8ae-ceeb-4228-b266-44fc60f7c1eb:192.168.157.201:44849, 95354d75-8d68-42fd-a60f-edc5fe17909c:192.168.157.201:38687], old=null, confs=<EMPTY_MAP>
2019-11-15 20:27:23,813 [pool-519-thread-1] INFO  server.RaftServerConfigKeys (ConfUtils.java:logGet(43)) - raft.server.storage.dir = [/workdir/hadoop-ozone/integration-test/target/test-dir/MiniOzoneClusterImpl-2baab228-4da8-45e4-8c00-c7e13f1dd389/datanode-1/data/ratis] (custom)
2019-11-15 20:27:23,813 [pool-529-thread-1] INFO  impl.RaftServerImpl (RaftServerImpl.java:<init>(98)) - d8d3f8ae-ceeb-4228-b266-44fc60f7c1eb: new RaftServerImpl for group-1E634FA8F36E:[4f10a0c5-c407-437d-ba7d-4ff51fc359eb:192.168.157.201:40274, d8d3f8ae-ceeb-4228-b266-44fc60f7c1eb:192.168.157.201:44849, 95354d75-8d68-42fd-a60f-edc5fe17909c:192.168.157.201:38687] with ContainerStateMachine:uninitialized
2019-11-15 20:27:23,813 [pool-519-thread-1] INFO  server.RaftServerConfigKeys (ConfUtils.java:logGet(43)) - raft.server.log.corruption.policy = EXCEPTION (default)
2019-11-15 20:27:23,813 [pool-529-thread-1] INFO  server.RaftServerConfigKeys (ConfUtils.java:logGet(43)) - raft.server.rpc.timeout.min = 1s (custom)
2019-11-15 20:27:23,814 [pool-519-thread-1] INFO  storage.RaftStorageDirectory (RaftStorageDirectory.java:analyzeStorage(246)) - The storage directory /workdir/hadoop-ozone/integration-test/target/test-dir/MiniOzoneClusterImpl-2baab228-4da8-45e4-8c00-c7e13f1dd389/datanode-1/data/ratis/245c4589-b35f-4e99-9a42-1e634fa8f36e does not exist. Creating ...
2019-11-15 20:27:23,814 [pool-529-thread-1] INFO  server.RaftServerConfigKeys (ConfUtils.java:logGet(43)) - raft.server.rpc.timeout.max = 1200ms (custom)
2019-11-15 20:27:23,814 [pool-509-thread-1] INFO  impl.RaftServerImpl (RaftServerImpl.java:<init>(98)) - 95354d75-8d68-42fd-a60f-edc5fe17909c: new RaftServerImpl for group-1E634FA8F36E:[4f10a0c5-c407-437d-ba7d-4ff51fc359eb:192.168.157.201:40274, d8d3f8ae-ceeb-4228-b266-44fc60f7c1eb:192.168.157.201:44849, 95354d75-8d68-42fd-a60f-edc5fe17909c:192.168.157.201:38687] with ContainerStateMachine:uninitialized
2019-11-15 20:27:23,814 [pool-529-thread-1] INFO  server.RaftServerConfigKeys (ConfUtils.java:logGet(43)) - raft.server.rpcslowness.timeout = 120s (custom)
2019-11-15 20:27:23,814 [pool-509-thread-1] INFO  server.RaftServerConfigKeys (ConfUtils.java:logGet(43)) - raft.server.rpc.timeout.min = 1s (custom)
2019-11-15 20:27:23,814 [pool-529-thread-1] INFO  server.RaftServerConfigKeys (ConfUtils.java:logGet(43)) - raft.server.sleep.deviation.threshold = 300 (default)
2019-11-15 20:27:23,814 [pool-509-thread-1] INFO  server.RaftServerConfigKeys (ConfUtils.java:logGet(43)) - raft.server.rpc.timeout.max = 1200ms (custom)
2019-11-15 20:27:23,814 [pool-529-thread-1] INFO  server.RaftServerConfigKeys (ConfUtils.java:logGet(43)) - raft.server.log.appender.install.snapshot.enabled = false (custom)
2019-11-15 20:27:23,814 [pool-509-thread-1] INFO  server.RaftServerConfigKeys (ConfUtils.java:logGet(43)) - raft.server.rpcslowness.timeout = 120s (custom)
2019-11-15 20:27:23,814 [pool-529-thread-1] INFO  impl.RaftServerImpl (ServerState.java:<init>(103)) - d8d3f8ae-ceeb-4228-b266-44fc60f7c1eb@group-1E634FA8F36E: ConfigurationManager, init=-1: [4f10a0c5-c407-437d-ba7d-4ff51fc359eb:192.168.157.201:40274, d8d3f8ae-ceeb-4228-b266-44fc60f7c1eb:192.168.157.201:44849, 95354d75-8d68-42fd-a60f-edc5fe17909c:192.168.157.201:38687], old=null, confs=<EMPTY_MAP>
2019-11-15 20:27:23,815 [pool-509-thread-1] INFO  server.RaftServerConfigKeys (ConfUtils.java:logGet(43)) - raft.server.sleep.deviation.threshold = 300 (default)
2019-11-15 20:27:23,815 [pool-529-thread-1] INFO  server.RaftServerConfigKeys (ConfUtils.java:logGet(43)) - raft.server.storage.dir = [/workdir/hadoop-ozone/integration-test/target/test-dir/MiniOzoneClusterImpl-2baab228-4da8-45e4-8c00-c7e13f1dd389/datanode-2/data/ratis] (custom)
2019-11-15 20:27:23,815 [pool-509-thread-1] INFO  server.RaftServerConfigKeys (ConfUtils.java:logGet(43)) - raft.server.log.appender.install.snapshot.enabled = false (custom)
2019-11-15 20:27:23,815 [pool-509-thread-1] INFO  impl.RaftServerImpl (ServerState.java:<init>(103)) - 95354d75-8d68-42fd-a60f-edc5fe17909c@group-1E634FA8F36E: ConfigurationManager, init=-1: [4f10a0c5-c407-437d-ba7d-4ff51fc359eb:192.168.157.201:40274, d8d3f8ae-ceeb-4228-b266-44fc60f7c1eb:192.168.157.201:44849, 95354d75-8d68-42fd-a60f-edc5fe17909c:192.168.157.201:38687], old=null, confs=<EMPTY_MAP>
2019-11-15 20:27:23,815 [pool-529-thread-1] INFO  server.RaftServerConfigKeys (ConfUtils.java:logGet(43)) - raft.server.log.corruption.policy = EXCEPTION (default)
2019-11-15 20:27:23,815 [pool-509-thread-1] INFO  server.RaftServerConfigKeys (ConfUtils.java:logGet(43)) - raft.server.storage.dir = [/workdir/hadoop-ozone/integration-test/target/test-dir/MiniOzoneClusterImpl-2baab228-4da8-45e4-8c00-c7e13f1dd389/datanode-0/data/ratis] (custom)
2019-11-15 20:27:23,815 [pool-529-thread-1] INFO  storage.RaftStorageDirectory (RaftStorageDirectory.java:analyzeStorage(246)) - The storage directory /workdir/hadoop-ozone/integration-test/target/test-dir/MiniOzoneClusterImpl-2baab228-4da8-45e4-8c00-c7e13f1dd389/datanode-2/data/ratis/245c4589-b35f-4e99-9a42-1e634fa8f36e does not exist. Creating ...
2019-11-15 20:27:23,815 [pool-509-thread-1] INFO  server.RaftServerConfigKeys (ConfUtils.java:logGet(43)) - raft.server.log.corruption.policy = EXCEPTION (default)
2019-11-15 20:27:23,816 [pool-509-thread-1] INFO  storage.RaftStorageDirectory (RaftStorageDirectory.java:analyzeStorage(246)) - The storage directory /workdir/hadoop-ozone/integration-test/target/test-dir/MiniOzoneClusterImpl-2baab228-4da8-45e4-8c00-c7e13f1dd389/datanode-0/data/ratis/245c4589-b35f-4e99-9a42-1e634fa8f36e does not exist. Creating ...
2019-11-15 20:27:23,837 [pool-529-thread-1] INFO  storage.RaftStorageDirectory (RaftStorageDirectory.java:tryLock(328)) - Lock on /workdir/hadoop-ozone/integration-test/target/test-dir/MiniOzoneClusterImpl-2baab228-4da8-45e4-8c00-c7e13f1dd389/datanode-2/data/ratis/245c4589-b35f-4e99-9a42-1e634fa8f36e/in_use.lock acquired by nodename 9872@pr-hdds-2514-unusedmethodparam-9qkq7-1267773169
2019-11-15 20:27:23,837 [pool-519-thread-1] INFO  storage.RaftStorageDirectory (RaftStorageDirectory.java:tryLock(328)) - Lock on /workdir/hadoop-ozone/integration-test/target/test-dir/MiniOzoneClusterImpl-2baab228-4da8-45e4-8c00-c7e13f1dd389/datanode-1/data/ratis/245c4589-b35f-4e99-9a42-1e634fa8f36e/in_use.lock acquired by nodename 9872@pr-hdds-2514-unusedmethodparam-9qkq7-1267773169
2019-11-15 20:27:23,837 [pool-509-thread-1] INFO  storage.RaftStorageDirectory (RaftStorageDirectory.java:tryLock(328)) - Lock on /workdir/hadoop-ozone/integration-test/target/test-dir/MiniOzoneClusterImpl-2baab228-4da8-45e4-8c00-c7e13f1dd389/datanode-0/data/ratis/245c4589-b35f-4e99-9a42-1e634fa8f36e/in_use.lock acquired by nodename 9872@pr-hdds-2514-unusedmethodparam-9qkq7-1267773169
2019-11-15 20:27:23,867 [pool-509-thread-1] INFO  storage.RaftStorage (RaftStorage.java:format(84)) - Storage directory /workdir/hadoop-ozone/integration-test/target/test-dir/MiniOzoneClusterImpl-2baab228-4da8-45e4-8c00-c7e13f1dd389/datanode-0/data/ratis/245c4589-b35f-4e99-9a42-1e634fa8f36e has been successfully formatted.
2019-11-15 20:27:23,867 [pool-529-thread-1] INFO  storage.RaftStorage (RaftStorage.java:format(84)) - Storage directory /workdir/hadoop-ozone/integration-test/target/test-dir/MiniOzoneClusterImpl-2baab228-4da8-45e4-8c00-c7e13f1dd389/datanode-2/data/ratis/245c4589-b35f-4e99-9a42-1e634fa8f36e has been successfully formatted.
2019-11-15 20:27:23,867 [pool-519-thread-1] INFO  storage.RaftStorage (RaftStorage.java:format(84)) - Storage directory /workdir/hadoop-ozone/integration-test/target/test-dir/MiniOzoneClusterImpl-2baab228-4da8-45e4-8c00-c7e13f1dd389/datanode-1/data/ratis/245c4589-b35f-4e99-9a42-1e634fa8f36e has been successfully formatted.
2019-11-15 20:27:23,867 [pool-529-thread-1] INFO  ratis.ContainerStateMachine (ContainerStateMachine.java:loadSnapshot(223)) - group-1E634FA8F36E: The snapshot info is null. Setting the last applied indexto:(t:0, i:~)
2019-11-15 20:27:23,867 [pool-509-thread-1] INFO  ratis.ContainerStateMachine (ContainerStateMachine.java:loadSnapshot(223)) - group-1E634FA8F36E: The snapshot info is null. Setting the last applied indexto:(t:0, i:~)
2019-11-15 20:27:23,867 [pool-529-thread-1] INFO  server.RaftServerConfigKeys (ConfUtils.java:logGet(43)) - raft.server.notification.no-leader.timeout = 120s (custom)
2019-11-15 20:27:23,867 [pool-519-thread-1] INFO  ratis.ContainerStateMachine (ContainerStateMachine.java:loadSnapshot(223)) - group-1E634FA8F36E: The snapshot info is null. Setting the last applied indexto:(t:0, i:~)
2019-11-15 20:27:23,868 [pool-529-thread-1] INFO  server.RaftServerConfigKeys (ConfUtils.java:logGet(43)) - raft.server.log.use.memory = false (default)
2019-11-15 20:27:23,867 [pool-509-thread-1] INFO  server.RaftServerConfigKeys (ConfUtils.java:logGet(43)) - raft.server.notification.no-leader.timeout = 120s (custom)
2019-11-15 20:27:23,868 [pool-509-thread-1] INFO  server.RaftServerConfigKeys (ConfUtils.java:logGet(43)) - raft.server.log.use.memory = false (default)
2019-11-15 20:27:23,868 [pool-529-thread-1] INFO  server.RaftServerConfigKeys (ConfUtils.java:logGet(43)) - raft.server.log.purge.gap = 1000000 (custom)
2019-11-15 20:27:23,868 [pool-519-thread-1] INFO  server.RaftServerConfigKeys (ConfUtils.java:logGet(43)) - raft.server.notification.no-leader.timeout = 120s (custom)
2019-11-15 20:27:23,868 [pool-529-thread-1] INFO  server.RaftServerConfigKeys (ConfUtils.java:logGet(43)) - raft.server.log.appender.buffer.byte-limit = 33554432 (custom)
2019-11-15 20:27:23,868 [pool-509-thread-1] INFO  server.RaftServerConfigKeys (ConfUtils.java:logGet(43)) - raft.server.log.purge.gap = 1000000 (custom)
2019-11-15 20:27:23,868 [pool-529-thread-1] INFO  server.RaftServerConfigKeys (ConfUtils.java:logGet(43)) - raft.server.log.segment.size.max = 1048576 (custom)
2019-11-15 20:27:23,868 [pool-519-thread-1] INFO  server.RaftServerConfigKeys (ConfUtils.java:logGet(43)) - raft.server.log.use.memory = false (default)
2019-11-15 20:27:23,869 [pool-529-thread-1] INFO  server.RaftServerConfigKeys (ConfUtils.java:logGet(43)) - raft.server.log.segment.cache.num.max = 2 (custom)
2019-11-15 20:27:23,868 [pool-509-thread-1] INFO  server.RaftServerConfigKeys (ConfUtils.java:logGet(43)) - raft.server.log.appender.buffer.byte-limit = 33554432 (custom)
2019-11-15 20:27:23,869 [pool-529-thread-1] INFO  segmented.SegmentedRaftLogWorker (SegmentedRaftLogWorker.java:<init>(173)) - new d8d3f8ae-ceeb-4228-b266-44fc60f7c1eb@group-1E634FA8F36E-SegmentedRaftLogWorker for RaftStorage:Storage Directory /workdir/hadoop-ozone/integration-test/target/test-dir/MiniOzoneClusterImpl-2baab228-4da8-45e4-8c00-c7e13f1dd389/datanode-2/data/ratis/245c4589-b35f-4e99-9a42-1e634fa8f36e
2019-11-15 20:27:23,869 [pool-519-thread-1] INFO  server.RaftServerConfigKeys (ConfUtils.java:logGet(43)) - raft.server.log.purge.gap = 1000000 (custom)
2019-11-15 20:27:23,869 [pool-529-thread-1] INFO  server.RaftServerConfigKeys (ConfUtils.java:logGet(43)) - raft.server.log.queue.byte-limit = 2147483647 (custom)
2019-11-15 20:27:23,869 [pool-529-thread-1] INFO  server.RaftServerConfigKeys (ConfUtils.java:logGet(43)) - raft.server.log.queue.element-limit = 1024 (custom)
2019-11-15 20:27:23,869 [pool-509-thread-1] INFO  server.RaftServerConfigKeys (ConfUtils.java:logGet(43)) - raft.server.log.segment.size.max = 1048576 (custom)
2019-11-15 20:27:23,870 [pool-529-thread-1] INFO  server.RaftServerConfigKeys (ConfUtils.java:logGet(43)) - raft.server.log.segment.size.max = 1048576 (custom)
2019-11-15 20:27:23,869 [pool-519-thread-1] INFO  server.RaftServerConfigKeys (ConfUtils.java:logGet(43)) - raft.server.log.appender.buffer.byte-limit = 33554432 (custom)
2019-11-15 20:27:23,870 [pool-529-thread-1] INFO  server.RaftServerConfigKeys (ConfUtils.java:logGet(43)) - raft.server.log.preallocated.size = 16384 (custom)
2019-11-15 20:27:23,870 [pool-509-thread-1] INFO  server.RaftServerConfigKeys (ConfUtils.java:logGet(43)) - raft.server.log.segment.cache.num.max = 2 (custom)
2019-11-15 20:27:23,870 [pool-529-thread-1] INFO  server.RaftServerConfigKeys (ConfUtils.java:logGet(43)) - raft.server.log.write.buffer.size = 33554432 (custom)
2019-11-15 20:27:23,870 [pool-519-thread-1] INFO  server.RaftServerConfigKeys (ConfUtils.java:logGet(43)) - raft.server.log.segment.size.max = 1048576 (custom)
2019-11-15 20:27:23,871 [pool-529-thread-1] INFO  server.RaftServerConfigKeys (ConfUtils.java:logGet(43)) - raft.server.log.force.sync.num = 128 (default)
2019-11-15 20:27:23,870 [pool-509-thread-1] INFO  segmented.SegmentedRaftLogWorker (SegmentedRaftLogWorker.java:<init>(173)) - new 95354d75-8d68-42fd-a60f-edc5fe17909c@group-1E634FA8F36E-SegmentedRaftLogWorker for RaftStorage:Storage Directory /workdir/hadoop-ozone/integration-test/target/test-dir/MiniOzoneClusterImpl-2baab228-4da8-45e4-8c00-c7e13f1dd389/datanode-0/data/ratis/245c4589-b35f-4e99-9a42-1e634fa8f36e
2019-11-15 20:27:23,871 [pool-529-thread-1] INFO  server.RaftServerConfigKeys (ConfUtils.java:logGet(43)) - raft.server.log.statemachine.data.sync = true (default)
2019-11-15 20:27:23,871 [pool-519-thread-1] INFO  server.RaftServerConfigKeys (ConfUtils.java:logGet(43)) - raft.server.log.segment.cache.num.max = 2 (custom)
2019-11-15 20:27:23,871 [pool-529-thread-1] INFO  server.RaftServerConfigKeys (ConfUtils.java:logGet(43)) - raft.server.log.statemachine.data.sync.timeout = 10s (default)
2019-11-15 20:27:23,871 [pool-509-thread-1] INFO  server.RaftServerConfigKeys (ConfUtils.java:logGet(43)) - raft.server.log.queue.byte-limit = 2147483647 (custom)
2019-11-15 20:27:23,871 [pool-529-thread-1] INFO  server.RaftServerConfigKeys (ConfUtils.java:logGet(43)) - raft.server.log.statemachine.data.sync.timeout.retry = -1 (default)
2019-11-15 20:27:23,871 [pool-519-thread-1] INFO  segmented.SegmentedRaftLogWorker (SegmentedRaftLogWorker.java:<init>(173)) - new 4f10a0c5-c407-437d-ba7d-4ff51fc359eb@group-1E634FA8F36E-SegmentedRaftLogWorker for RaftStorage:Storage Directory /workdir/hadoop-ozone/integration-test/target/test-dir/MiniOzoneClusterImpl-2baab228-4da8-45e4-8c00-c7e13f1dd389/datanode-1/data/ratis/245c4589-b35f-4e99-9a42-1e634fa8f36e
2019-11-15 20:27:23,872 [pool-529-thread-1] INFO  server.RaftServerConfigKeys (ConfUtils.java:logGet(43)) - raft.server.log.statemachine.data.caching.enabled = true (custom)
2019-11-15 20:27:23,872 [pool-519-thread-1] INFO  server.RaftServerConfigKeys (ConfUtils.java:logGet(43)) - raft.server.log.queue.byte-limit = 2147483647 (custom)
2019-11-15 20:27:23,872 [pool-519-thread-1] INFO  server.RaftServerConfigKeys (ConfUtils.java:logGet(43)) - raft.server.log.queue.element-limit = 1024 (custom)
2019-11-15 20:27:23,872 [pool-509-thread-1] INFO  server.RaftServerConfigKeys (ConfUtils.java:logGet(43)) - raft.server.log.queue.element-limit = 1024 (custom)
2019-11-15 20:27:23,872 [pool-519-thread-1] INFO  server.RaftServerConfigKeys (ConfUtils.java:logGet(43)) - raft.server.log.segment.size.max = 1048576 (custom)
2019-11-15 20:27:23,872 [pool-529-thread-1] INFO  segmented.SegmentedRaftLogWorker (SegmentedRaftLogWorker.java:lambda$new$0(128)) - d8d3f8ae-ceeb-4228-b266-44fc60f7c1eb@group-1E634FA8F36E-SegmentedRaftLogWorker: flushIndex: setUnconditionally 0 -> -1
2019-11-15 20:27:23,872 [pool-519-thread-1] INFO  server.RaftServerConfigKeys (ConfUtils.java:logGet(43)) - raft.server.log.preallocated.size = 16384 (custom)
2019-11-15 20:27:23,873 [pool-519-thread-1] INFO  server.RaftServerConfigKeys (ConfUtils.java:logGet(43)) - raft.server.log.write.buffer.size = 33554432 (custom)
2019-11-15 20:27:23,873 [pool-529-thread-1] INFO  server.RaftServerConfigKeys (ConfUtils.java:logGet(43)) - raft.server.snapshot.auto.trigger.enabled = true (custom)
2019-11-15 20:27:23,872 [pool-509-thread-1] INFO  server.RaftServerConfigKeys (ConfUtils.java:logGet(43)) - raft.server.log.segment.size.max = 1048576 (custom)
2019-11-15 20:27:23,873 [pool-529-thread-1] INFO  server.RaftServerConfigKeys (ConfUtils.java:logGet(43)) - raft.server.snapshot.auto.trigger.threshold = 10000 (custom)
2019-11-15 20:27:23,873 [pool-519-thread-1] INFO  server.RaftServerConfigKeys (ConfUtils.java:logGet(43)) - raft.server.log.force.sync.num = 128 (default)
2019-11-15 20:27:23,873 [pool-529-thread-1] INFO  server.RaftServerConfigKeys (ConfUtils.java:logGet(43)) - raft.server.snapshot.retention.file.num = 5 (custom)
2019-11-15 20:27:23,873 [pool-509-thread-1] INFO  server.RaftServerConfigKeys (ConfUtils.java:logGet(43)) - raft.server.log.preallocated.size = 16384 (custom)
2019-11-15 20:27:23,874 [pool-529-thread-1] INFO  server.RaftServerConfigKeys (ConfUtils.java:logGet(43)) - raft.server.retrycache.expirytime = 600000ms (custom)
2019-11-15 20:27:23,873 [pool-519-thread-1] INFO  server.RaftServerConfigKeys (ConfUtils.java:logGet(43)) - raft.server.log.statemachine.data.sync = true (default)
2019-11-15 20:27:23,874 [pool-529-thread-1] WARN  impl.MetricRegistriesImpl (MetricRegistriesImpl.java:lambda$create$1(61)) - First MetricRegistry has been created without registering reporters. You may need to call MetricRegistries.global().addReportRegistration(...) before.
2019-11-15 20:27:23,874 [pool-509-thread-1] INFO  server.RaftServerConfigKeys (ConfUtils.java:logGet(43)) - raft.server.log.write.buffer.size = 33554432 (custom)
2019-11-15 20:27:23,874 [pool-529-thread-1] WARN  impl.MetricRegistriesImpl (MetricRegistriesImpl.java:lambda$create$1(61)) - First MetricRegistry has been created without registering reporters. You may need to call MetricRegistries.global().addReportRegistration(...) before.
2019-11-15 20:27:23,874 [pool-519-thread-1] INFO  server.RaftServerConfigKeys (ConfUtils.java:logGet(43)) - raft.server.log.statemachine.data.sync.timeout = 10s (default)
2019-11-15 20:27:23,875 [pool-529-thread-1] INFO  impl.RaftServerImpl (RaftServerImpl.java:start(184)) - d8d3f8ae-ceeb-4228-b266-44fc60f7c1eb@group-1E634FA8F36E: start as a follower, conf=-1: [4f10a0c5-c407-437d-ba7d-4ff51fc359eb:192.168.157.201:40274, d8d3f8ae-ceeb-4228-b266-44fc60f7c1eb:192.168.157.201:44849, 95354d75-8d68-42fd-a60f-edc5fe17909c:192.168.157.201:38687], old=null
2019-11-15 20:27:23,874 [pool-509-thread-1] INFO  server.RaftServerConfigKeys (ConfUtils.java:logGet(43)) - raft.server.log.force.sync.num = 128 (default)
2019-11-15 20:27:23,875 [pool-529-thread-1] INFO  impl.RaftServerImpl (RaftServerImpl.java:setRole(173)) - d8d3f8ae-ceeb-4228-b266-44fc60f7c1eb@group-1E634FA8F36E: changes role from      null to FOLLOWER at term 0 for startAsFollower
2019-11-15 20:27:23,875 [pool-519-thread-1] INFO  server.RaftServerConfigKeys (ConfUtils.java:logGet(43)) - raft.server.log.statemachine.data.sync.timeout.retry = -1 (default)
2019-11-15 20:27:23,875 [pool-529-thread-1] INFO  impl.RoleInfo (RoleInfo.java:updateAndGet(143)) - d8d3f8ae-ceeb-4228-b266-44fc60f7c1eb: start FollowerState
2019-11-15 20:27:23,875 [pool-509-thread-1] INFO  server.RaftServerConfigKeys (ConfUtils.java:logGet(43)) - raft.server.log.statemachine.data.sync = true (default)
2019-11-15 20:27:23,875 [pool-519-thread-1] INFO  server.RaftServerConfigKeys (ConfUtils.java:logGet(43)) - raft.server.log.statemachine.data.caching.enabled = true (custom)
2019-11-15 20:27:23,875 [pool-509-thread-1] INFO  server.RaftServerConfigKeys (ConfUtils.java:logGet(43)) - raft.server.log.statemachine.data.sync.timeout = 10s (default)
2019-11-15 20:27:23,876 [pool-519-thread-1] INFO  segmented.SegmentedRaftLogWorker (SegmentedRaftLogWorker.java:lambda$new$0(128)) - 4f10a0c5-c407-437d-ba7d-4ff51fc359eb@group-1E634FA8F36E-SegmentedRaftLogWorker: flushIndex: setUnconditionally 0 -> -1
2019-11-15 20:27:23,876 [pool-529-thread-1] INFO  util.JmxRegister (JmxRegister.java:tryRegister(44)) - Successfully registered JMX Bean with object name Ratis:service=RaftServer,group=group-1E634FA8F36E,id=d8d3f8ae-ceeb-4228-b266-44fc60f7c1eb
2019-11-15 20:27:23,876 [pool-509-thread-1] INFO  server.RaftServerConfigKeys (ConfUtils.java:logGet(43)) - raft.server.log.statemachine.data.sync.timeout.retry = -1 (default)
2019-11-15 20:27:23,876 [pool-529-thread-1] WARN  impl.MetricRegistriesImpl (MetricRegistriesImpl.java:lambda$create$1(61)) - First MetricRegistry has been created without registering reporters. You may need to call MetricRegistries.global().addReportRegistration(...) before.
2019-11-15 20:27:23,876 [pool-519-thread-1] INFO  server.RaftServerConfigKeys (ConfUtils.java:logGet(43)) - raft.server.snapshot.auto.trigger.enabled = true (custom)
2019-11-15 20:27:23,876 [pool-509-thread-1] INFO  server.RaftServerConfigKeys (ConfUtils.java:logGet(43)) - raft.server.log.statemachine.data.caching.enabled = true (custom)
2019-11-15 20:27:23,876 [pool-519-thread-1] INFO  server.RaftServerConfigKeys (ConfUtils.java:logGet(43)) - raft.server.snapshot.auto.trigger.threshold = 10000 (custom)
2019-11-15 20:27:23,877 [pool-519-thread-1] INFO  server.RaftServerConfigKeys (ConfUtils.java:logGet(43)) - raft.server.snapshot.retention.file.num = 5 (custom)
2019-11-15 20:27:23,877 [pool-509-thread-1] INFO  segmented.SegmentedRaftLogWorker (SegmentedRaftLogWorker.java:lambda$new$0(128)) - 95354d75-8d68-42fd-a60f-edc5fe17909c@group-1E634FA8F36E-SegmentedRaftLogWorker: flushIndex: setUnconditionally 0 -> -1
2019-11-15 20:27:23,877 [pool-519-thread-1] INFO  server.RaftServerConfigKeys (ConfUtils.java:logGet(43)) - raft.server.retrycache.expirytime = 600000ms (custom)
2019-11-15 20:27:23,877 [pool-519-thread-1] WARN  impl.MetricRegistriesImpl (MetricRegistriesImpl.java:lambda$create$1(61)) - First MetricRegistry has been created without registering reporters. You may need to call MetricRegistries.global().addReportRegistration(...) before.
2019-11-15 20:27:23,877 [pool-509-thread-1] INFO  server.RaftServerConfigKeys (ConfUtils.java:logGet(43)) - raft.server.snapshot.auto.trigger.enabled = true (custom)
2019-11-15 20:27:23,877 [pool-519-thread-1] WARN  impl.MetricRegistriesImpl (MetricRegistriesImpl.java:lambda$create$1(61)) - First MetricRegistry has been created without registering reporters. You may need to call MetricRegistries.global().addReportRegistration(...) before.
2019-11-15 20:27:23,877 [pool-509-thread-1] INFO  server.RaftServerConfigKeys (ConfUtils.java:logGet(43)) - raft.server.snapshot.auto.trigger.threshold = 10000 (custom)
2019-11-15 20:27:23,878 [pool-519-thread-1] INFO  impl.RaftServerImpl (RaftServerImpl.java:start(184)) - 4f10a0c5-c407-437d-ba7d-4ff51fc359eb@group-1E634FA8F36E: start as a follower, conf=-1: [4f10a0c5-c407-437d-ba7d-4ff51fc359eb:192.168.157.201:40274, d8d3f8ae-ceeb-4228-b266-44fc60f7c1eb:192.168.157.201:44849, 95354d75-8d68-42fd-a60f-edc5fe17909c:192.168.157.201:38687], old=null
2019-11-15 20:27:23,878 [pool-509-thread-1] INFO  server.RaftServerConfigKeys (ConfUtils.java:logGet(43)) - raft.server.snapshot.retention.file.num = 5 (custom)
2019-11-15 20:27:23,878 [pool-519-thread-1] INFO  impl.RaftServerImpl (RaftServerImpl.java:setRole(173)) - 4f10a0c5-c407-437d-ba7d-4ff51fc359eb@group-1E634FA8F36E: changes role from      null to FOLLOWER at term 0 for startAsFollower
2019-11-15 20:27:23,878 [pool-509-thread-1] INFO  server.RaftServerConfigKeys (ConfUtils.java:logGet(43)) - raft.server.retrycache.expirytime = 600000ms (custom)
2019-11-15 20:27:23,878 [pool-519-thread-1] INFO  impl.RoleInfo (RoleInfo.java:updateAndGet(143)) - 4f10a0c5-c407-437d-ba7d-4ff51fc359eb: start FollowerState
2019-11-15 20:27:23,878 [pool-509-thread-1] WARN  impl.MetricRegistriesImpl (MetricRegistriesImpl.java:lambda$create$1(61)) - First MetricRegistry has been created without registering reporters. You may need to call MetricRegistries.global().addReportRegistration(...) before.
2019-11-15 20:27:23,878 [pool-509-thread-1] WARN  impl.MetricRegistriesImpl (MetricRegistriesImpl.java:lambda$create$1(61)) - First MetricRegistry has been created without registering reporters. You may need to call MetricRegistries.global().addReportRegistration(...) before.
2019-11-15 20:27:23,878 [pool-519-thread-1] INFO  util.JmxRegister (JmxRegister.java:tryRegister(44)) - Successfully registered JMX Bean with object name Ratis:service=RaftServer,group=group-1E634FA8F36E,id=4f10a0c5-c407-437d-ba7d-4ff51fc359eb
2019-11-15 20:27:23,878 [pool-509-thread-1] INFO  impl.RaftServerImpl (RaftServerImpl.java:start(184)) - 95354d75-8d68-42fd-a60f-edc5fe17909c@group-1E634FA8F36E: start as a follower, conf=-1: [4f10a0c5-c407-437d-ba7d-4ff51fc359eb:192.168.157.201:40274, d8d3f8ae-ceeb-4228-b266-44fc60f7c1eb:192.168.157.201:44849, 95354d75-8d68-42fd-a60f-edc5fe17909c:192.168.157.201:38687], old=null
2019-11-15 20:27:23,879 [pool-519-thread-1] WARN  impl.MetricRegistriesImpl (MetricRegistriesImpl.java:lambda$create$1(61)) - First MetricRegistry has been created without registering reporters. You may need to call MetricRegistries.global().addReportRegistration(...) before.
2019-11-15 20:27:23,879 [pool-509-thread-1] INFO  impl.RaftServerImpl (RaftServerImpl.java:setRole(173)) - 95354d75-8d68-42fd-a60f-edc5fe17909c@group-1E634FA8F36E: changes role from      null to FOLLOWER at term 0 for startAsFollower
2019-11-15 20:27:23,879 [pool-509-thread-1] INFO  impl.RoleInfo (RoleInfo.java:updateAndGet(143)) - 95354d75-8d68-42fd-a60f-edc5fe17909c: start FollowerState
2019-11-15 20:27:23,879 [pool-509-thread-1] INFO  util.JmxRegister (JmxRegister.java:tryRegister(44)) - Successfully registered JMX Bean with object name Ratis:service=RaftServer,group=group-1E634FA8F36E,id=95354d75-8d68-42fd-a60f-edc5fe17909c
2019-11-15 20:27:23,879 [pool-509-thread-1] WARN  impl.MetricRegistriesImpl (MetricRegistriesImpl.java:lambda$create$1(61)) - First MetricRegistry has been created without registering reporters. You may need to call MetricRegistries.global().addReportRegistration(...) before.
2019-11-15 20:27:23,882 [RatisPipelineUtilsThread] INFO  pipeline.PipelineStateManager (PipelineStateManager.java:addPipeline(55)) - Created pipeline Pipeline[ Id: 245c4589-b35f-4e99-9a42-1e634fa8f36e, Nodes: 95354d75-8d68-42fd-a60f-edc5fe17909c{ip: 192.168.157.201, host: pr-hdds-2514-unusedmethodparam-9qkq7-1267773169, networkLocation: /rack1, certSerialId: null}d8d3f8ae-ceeb-4228-b266-44fc60f7c1eb{ip: 192.168.157.201, host: pr-hdds-2514-unusedmethodparam-9qkq7-1267773169, networkLocation: /rack1, certSerialId: null}4f10a0c5-c407-437d-ba7d-4ff51fc359eb{ip: 192.168.157.201, host: pr-hdds-2514-unusedmethodparam-9qkq7-1267773169, networkLocation: /rack1, certSerialId: null}, Type:RATIS, Factor:THREE, State:ALLOCATED]
2019-11-15 20:27:23,889 [IPC Server handler 4 on 46713] INFO  net.NetworkTopology (NetworkTopologyImpl.java:add(111)) - Added a new node: /rack1/c767ecc1-97b1-4b32-a4b7-dad4991a192e
2019-11-15 20:27:23,889 [IPC Server handler 4 on 46713] INFO  node.SCMNodeManager (SCMNodeManager.java:register(267)) - Registered Data node : c767ecc1-97b1-4b32-a4b7-dad4991a192e{ip: 192.168.157.201, host: pr-hdds-2514-unusedmethodparam-9qkq7-1267773169, networkLocation: /rack1, certSerialId: null}
2019-11-15 20:27:23,895 [grpc-default-executor-10] INFO  impl.RaftServerProxy (RaftServerProxy.java:addNew(89)) - c767ecc1-97b1-4b32-a4b7-dad4991a192e: addNew group-ACA7C2194731:[c767ecc1-97b1-4b32-a4b7-dad4991a192e:192.168.157.201:43389] returns group-ACA7C2194731:java.util.concurrent.CompletableFuture@79e206d9[Not completed]
2019-11-15 20:27:23,896 [pool-549-thread-1] INFO  impl.RaftServerImpl (RaftServerImpl.java:<init>(98)) - c767ecc1-97b1-4b32-a4b7-dad4991a192e: new RaftServerImpl for group-ACA7C2194731:[c767ecc1-97b1-4b32-a4b7-dad4991a192e:192.168.157.201:43389] with ContainerStateMachine:uninitialized
2019-11-15 20:27:23,897 [pool-549-thread-1] INFO  server.RaftServerConfigKeys (ConfUtils.java:logGet(43)) - raft.server.rpc.timeout.min = 1s (custom)
2019-11-15 20:27:23,897 [pool-549-thread-1] INFO  server.RaftServerConfigKeys (ConfUtils.java:logGet(43)) - raft.server.rpc.timeout.max = 1200ms (custom)
2019-11-15 20:27:23,897 [pool-549-thread-1] INFO  server.RaftServerConfigKeys (ConfUtils.java:logGet(43)) - raft.server.rpcslowness.timeout = 120s (custom)
2019-11-15 20:27:23,897 [pool-549-thread-1] INFO  server.RaftServerConfigKeys (ConfUtils.java:logGet(43)) - raft.server.sleep.deviation.threshold = 300 (default)
2019-11-15 20:27:23,897 [pool-549-thread-1] INFO  server.RaftServerConfigKeys (ConfUtils.java:logGet(43)) - raft.server.log.appender.install.snapshot.enabled = false (custom)
2019-11-15 20:27:23,897 [pool-549-thread-1] INFO  impl.RaftServerImpl (ServerState.java:<init>(103)) - c767ecc1-97b1-4b32-a4b7-dad4991a192e@group-ACA7C2194731: ConfigurationManager, init=-1: [c767ecc1-97b1-4b32-a4b7-dad4991a192e:192.168.157.201:43389], old=null, confs=<EMPTY_MAP>
2019-11-15 20:27:23,897 [pool-549-thread-1] INFO  server.RaftServerConfigKeys (ConfUtils.java:logGet(43)) - raft.server.storage.dir = [/workdir/hadoop-ozone/integration-test/target/test-dir/MiniOzoneClusterImpl-2baab228-4da8-45e4-8c00-c7e13f1dd389/datanode-4/data/ratis] (custom)
2019-11-15 20:27:23,897 [pool-549-thread-1] INFO  server.RaftServerConfigKeys (ConfUtils.java:logGet(43)) - raft.server.log.corruption.policy = EXCEPTION (default)
2019-11-15 20:27:23,897 [pool-549-thread-1] INFO  storage.RaftStorageDirectory (RaftStorageDirectory.java:analyzeStorage(246)) - The storage directory /workdir/hadoop-ozone/integration-test/target/test-dir/MiniOzoneClusterImpl-2baab228-4da8-45e4-8c00-c7e13f1dd389/datanode-4/data/ratis/4718f69e-16a2-491f-be46-aca7c2194731 does not exist. Creating ...
2019-11-15 20:27:23,925 [pool-549-thread-1] INFO  storage.RaftStorageDirectory (RaftStorageDirectory.java:tryLock(328)) - Lock on /workdir/hadoop-ozone/integration-test/target/test-dir/MiniOzoneClusterImpl-2baab228-4da8-45e4-8c00-c7e13f1dd389/datanode-4/data/ratis/4718f69e-16a2-491f-be46-aca7c2194731/in_use.lock acquired by nodename 9872@pr-hdds-2514-unusedmethodparam-9qkq7-1267773169
2019-11-15 20:27:23,943 [pool-549-thread-1] INFO  storage.RaftStorage (RaftStorage.java:format(84)) - Storage directory /workdir/hadoop-ozone/integration-test/target/test-dir/MiniOzoneClusterImpl-2baab228-4da8-45e4-8c00-c7e13f1dd389/datanode-4/data/ratis/4718f69e-16a2-491f-be46-aca7c2194731 has been successfully formatted.
2019-11-15 20:27:23,944 [pool-549-thread-1] INFO  ratis.ContainerStateMachine (ContainerStateMachine.java:loadSnapshot(223)) - group-ACA7C2194731: The snapshot info is null. Setting the last applied indexto:(t:0, i:~)
2019-11-15 20:27:23,944 [pool-549-thread-1] INFO  server.RaftServerConfigKeys (ConfUtils.java:logGet(43)) - raft.server.notification.no-leader.timeout = 120s (custom)
2019-11-15 20:27:23,944 [pool-549-thread-1] INFO  server.RaftServerConfigKeys (ConfUtils.java:logGet(43)) - raft.server.log.use.memory = false (default)
2019-11-15 20:27:23,944 [pool-549-thread-1] INFO  server.RaftServerConfigKeys (ConfUtils.java:logGet(43)) - raft.server.log.purge.gap = 1000000 (custom)
2019-11-15 20:27:23,944 [pool-549-thread-1] INFO  server.RaftServerConfigKeys (ConfUtils.java:logGet(43)) - raft.server.log.appender.buffer.byte-limit = 33554432 (custom)
2019-11-15 20:27:23,944 [pool-549-thread-1] INFO  server.RaftServerConfigKeys (ConfUtils.java:logGet(43)) - raft.server.log.segment.size.max = 1048576 (custom)
2019-11-15 20:27:23,944 [pool-549-thread-1] WARN  impl.MetricRegistriesImpl (MetricRegistriesImpl.java:lambda$create$1(61)) - First MetricRegistry has been created without registering reporters. You may need to call MetricRegistries.global().addReportRegistration(...) before.
2019-11-15 20:27:23,944 [pool-549-thread-1] INFO  server.RaftServerConfigKeys (ConfUtils.java:logGet(43)) - raft.server.log.segment.cache.num.max = 2 (custom)
2019-11-15 20:27:23,944 [pool-549-thread-1] INFO  segmented.SegmentedRaftLogWorker (SegmentedRaftLogWorker.java:<init>(173)) - new c767ecc1-97b1-4b32-a4b7-dad4991a192e@group-ACA7C2194731-SegmentedRaftLogWorker for RaftStorage:Storage Directory /workdir/hadoop-ozone/integration-test/target/test-dir/MiniOzoneClusterImpl-2baab228-4da8-45e4-8c00-c7e13f1dd389/datanode-4/data/ratis/4718f69e-16a2-491f-be46-aca7c2194731
2019-11-15 20:27:23,944 [pool-549-thread-1] INFO  server.RaftServerConfigKeys (ConfUtils.java:logGet(43)) - raft.server.log.queue.byte-limit = 2147483647 (custom)
2019-11-15 20:27:23,944 [pool-549-thread-1] INFO  server.RaftServerConfigKeys (ConfUtils.java:logGet(43)) - raft.server.log.queue.element-limit = 1024 (custom)
2019-11-15 20:27:23,945 [pool-549-thread-1] INFO  server.RaftServerConfigKeys (ConfUtils.java:logGet(43)) - raft.server.log.segment.size.max = 1048576 (custom)
2019-11-15 20:27:23,945 [pool-549-thread-1] INFO  server.RaftServerConfigKeys (ConfUtils.java:logGet(43)) - raft.server.log.preallocated.size = 16384 (custom)
2019-11-15 20:27:23,945 [pool-549-thread-1] INFO  server.RaftServerConfigKeys (ConfUtils.java:logGet(43)) - raft.server.log.write.buffer.size = 33554432 (custom)
2019-11-15 20:27:23,945 [pool-549-thread-1] INFO  server.RaftServerConfigKeys (ConfUtils.java:logGet(43)) - raft.server.log.force.sync.num = 128 (default)
2019-11-15 20:27:23,945 [pool-549-thread-1] INFO  server.RaftServerConfigKeys (ConfUtils.java:logGet(43)) - raft.server.log.statemachine.data.sync = true (default)
2019-11-15 20:27:23,945 [pool-549-thread-1] INFO  server.RaftServerConfigKeys (ConfUtils.java:logGet(43)) - raft.server.log.statemachine.data.sync.timeout = 10s (default)
2019-11-15 20:27:23,945 [pool-549-thread-1] INFO  server.RaftServerConfigKeys (ConfUtils.java:logGet(43)) - raft.server.log.statemachine.data.sync.timeout.retry = -1 (default)
2019-11-15 20:27:23,945 [pool-549-thread-1] INFO  server.RaftServerConfigKeys (ConfUtils.java:logGet(43)) - raft.server.log.statemachine.data.caching.enabled = true (custom)
2019-11-15 20:27:23,945 [pool-549-thread-1] INFO  segmented.SegmentedRaftLogWorker (SegmentedRaftLogWorker.java:lambda$new$0(128)) - c767ecc1-97b1-4b32-a4b7-dad4991a192e@group-ACA7C2194731-SegmentedRaftLogWorker: flushIndex: setUnconditionally 0 -> -1
2019-11-15 20:27:23,946 [pool-549-thread-1] INFO  server.RaftServerConfigKeys (ConfUtils.java:logGet(43)) - raft.server.snapshot.auto.trigger.enabled = true (custom)
2019-11-15 20:27:23,946 [pool-549-thread-1] INFO  server.RaftServerConfigKeys (ConfUtils.java:logGet(43)) - raft.server.snapshot.auto.trigger.threshold = 10000 (custom)
2019-11-15 20:27:23,946 [pool-549-thread-1] INFO  server.RaftServerConfigKeys (ConfUtils.java:logGet(43)) - raft.server.snapshot.retention.file.num = 5 (custom)
2019-11-15 20:27:23,946 [pool-549-thread-1] INFO  server.RaftServerConfigKeys (ConfUtils.java:logGet(43)) - raft.server.retrycache.expirytime = 600000ms (custom)
2019-11-15 20:27:23,946 [pool-549-thread-1] WARN  impl.MetricRegistriesImpl (MetricRegistriesImpl.java:lambda$create$1(61)) - First MetricRegistry has been created without registering reporters. You may need to call MetricRegistries.global().addReportRegistration(...) before.
2019-11-15 20:27:23,946 [pool-549-thread-1] WARN  impl.MetricRegistriesImpl (MetricRegistriesImpl.java:lambda$create$1(61)) - First MetricRegistry has been created without registering reporters. You may need to call MetricRegistries.global().addReportRegistration(...) before.
2019-11-15 20:27:23,946 [pool-549-thread-1] INFO  impl.RaftServerImpl (RaftServerImpl.java:start(184)) - c767ecc1-97b1-4b32-a4b7-dad4991a192e@group-ACA7C2194731: start as a follower, conf=-1: [c767ecc1-97b1-4b32-a4b7-dad4991a192e:192.168.157.201:43389], old=null
2019-11-15 20:27:23,946 [pool-549-thread-1] INFO  impl.RaftServerImpl (RaftServerImpl.java:setRole(173)) - c767ecc1-97b1-4b32-a4b7-dad4991a192e@group-ACA7C2194731: changes role from      null to FOLLOWER at term 0 for startAsFollower
2019-11-15 20:27:23,946 [pool-549-thread-1] INFO  impl.RoleInfo (RoleInfo.java:updateAndGet(143)) - c767ecc1-97b1-4b32-a4b7-dad4991a192e: start FollowerState
2019-11-15 20:27:23,947 [pool-549-thread-1] INFO  util.JmxRegister (JmxRegister.java:tryRegister(44)) - Successfully registered JMX Bean with object name Ratis:service=RaftServer,group=group-ACA7C2194731,id=c767ecc1-97b1-4b32-a4b7-dad4991a192e
2019-11-15 20:27:23,947 [pool-549-thread-1] WARN  impl.MetricRegistriesImpl (MetricRegistriesImpl.java:lambda$create$1(61)) - First MetricRegistry has been created without registering reporters. You may need to call MetricRegistries.global().addReportRegistration(...) before.
2019-11-15 20:27:23,949 [IPC Server handler 7 on 46713] INFO  net.NetworkTopology (NetworkTopologyImpl.java:add(111)) - Added a new node: /rack1/0d66e4d5-0fe9-441c-84d0-b1903c285e78
2019-11-15 20:27:23,949 [RatisPipelineUtilsThread] INFO  pipeline.PipelineStateManager (PipelineStateManager.java:addPipeline(55)) - Created pipeline Pipeline[ Id: 4718f69e-16a2-491f-be46-aca7c2194731, Nodes: c767ecc1-97b1-4b32-a4b7-dad4991a192e{ip: 192.168.157.201, host: pr-hdds-2514-unusedmethodparam-9qkq7-1267773169, networkLocation: /rack1, certSerialId: null}, Type:RATIS, Factor:ONE, State:ALLOCATED]
2019-11-15 20:27:23,949 [IPC Server handler 7 on 46713] INFO  node.SCMNodeManager (SCMNodeManager.java:register(267)) - Registered Data node : 0d66e4d5-0fe9-441c-84d0-b1903c285e78{ip: 192.168.157.201, host: pr-hdds-2514-unusedmethodparam-9qkq7-1267773169, networkLocation: /rack1, certSerialId: null}
2019-11-15 20:27:23,954 [grpc-default-executor-10] INFO  impl.RaftServerProxy (RaftServerProxy.java:addNew(89)) - ecb82392-9efc-4718-8957-302e66d96ccd: addNew group-3AD9CDE2FAB6:[ecb82392-9efc-4718-8957-302e66d96ccd:192.168.157.201:35685] returns group-3AD9CDE2FAB6:java.util.concurrent.CompletableFuture@4e1da1a6[Not completed]
2019-11-15 20:27:23,955 [pool-539-thread-1] INFO  impl.RaftServerImpl (RaftServerImpl.java:<init>(98)) - ecb82392-9efc-4718-8957-302e66d96ccd: new RaftServerImpl for group-3AD9CDE2FAB6:[ecb82392-9efc-4718-8957-302e66d96ccd:192.168.157.201:35685] with ContainerStateMachine:uninitialized
2019-11-15 20:27:23,955 [pool-539-thread-1] INFO  server.RaftServerConfigKeys (ConfUtils.java:logGet(43)) - raft.server.rpc.timeout.min = 1s (custom)
2019-11-15 20:27:23,955 [pool-539-thread-1] INFO  server.RaftServerConfigKeys (ConfUtils.java:logGet(43)) - raft.server.rpc.timeout.max = 1200ms (custom)
2019-11-15 20:27:23,956 [pool-539-thread-1] INFO  server.RaftServerConfigKeys (ConfUtils.java:logGet(43)) - raft.server.rpcslowness.timeout = 120s (custom)
2019-11-15 20:27:23,956 [pool-539-thread-1] INFO  server.RaftServerConfigKeys (ConfUtils.java:logGet(43)) - raft.server.sleep.deviation.threshold = 300 (default)
2019-11-15 20:27:23,956 [pool-539-thread-1] INFO  server.RaftServerConfigKeys (ConfUtils.java:logGet(43)) - raft.server.log.appender.install.snapshot.enabled = false (custom)
2019-11-15 20:27:23,956 [pool-539-thread-1] INFO  impl.RaftServerImpl (ServerState.java:<init>(103)) - ecb82392-9efc-4718-8957-302e66d96ccd@group-3AD9CDE2FAB6: ConfigurationManager, init=-1: [ecb82392-9efc-4718-8957-302e66d96ccd:192.168.157.201:35685], old=null, confs=<EMPTY_MAP>
2019-11-15 20:27:23,956 [pool-539-thread-1] INFO  server.RaftServerConfigKeys (ConfUtils.java:logGet(43)) - raft.server.storage.dir = [/workdir/hadoop-ozone/integration-test/target/test-dir/MiniOzoneClusterImpl-2baab228-4da8-45e4-8c00-c7e13f1dd389/datanode-3/data/ratis] (custom)
2019-11-15 20:27:23,956 [pool-539-thread-1] INFO  server.RaftServerConfigKeys (ConfUtils.java:logGet(43)) - raft.server.log.corruption.policy = EXCEPTION (default)
2019-11-15 20:27:23,956 [pool-539-thread-1] INFO  storage.RaftStorageDirectory (RaftStorageDirectory.java:analyzeStorage(246)) - The storage directory /workdir/hadoop-ozone/integration-test/target/test-dir/MiniOzoneClusterImpl-2baab228-4da8-45e4-8c00-c7e13f1dd389/datanode-3/data/ratis/c596d274-9fcf-4f05-beed-3ad9cde2fab6 does not exist. Creating ...
2019-11-15 20:27:23,977 [pool-539-thread-1] INFO  storage.RaftStorageDirectory (RaftStorageDirectory.java:tryLock(328)) - Lock on /workdir/hadoop-ozone/integration-test/target/test-dir/MiniOzoneClusterImpl-2baab228-4da8-45e4-8c00-c7e13f1dd389/datanode-3/data/ratis/c596d274-9fcf-4f05-beed-3ad9cde2fab6/in_use.lock acquired by nodename 9872@pr-hdds-2514-unusedmethodparam-9qkq7-1267773169
2019-11-15 20:27:24,002 [pool-539-thread-1] INFO  storage.RaftStorage (RaftStorage.java:format(84)) - Storage directory /workdir/hadoop-ozone/integration-test/target/test-dir/MiniOzoneClusterImpl-2baab228-4da8-45e4-8c00-c7e13f1dd389/datanode-3/data/ratis/c596d274-9fcf-4f05-beed-3ad9cde2fab6 has been successfully formatted.
2019-11-15 20:27:24,003 [pool-539-thread-1] INFO  ratis.ContainerStateMachine (ContainerStateMachine.java:loadSnapshot(223)) - group-3AD9CDE2FAB6: The snapshot info is null. Setting the last applied indexto:(t:0, i:~)
2019-11-15 20:27:24,003 [pool-539-thread-1] INFO  server.RaftServerConfigKeys (ConfUtils.java:logGet(43)) - raft.server.notification.no-leader.timeout = 120s (custom)
2019-11-15 20:27:24,003 [pool-539-thread-1] INFO  server.RaftServerConfigKeys (ConfUtils.java:logGet(43)) - raft.server.log.use.memory = false (default)
2019-11-15 20:27:24,003 [pool-539-thread-1] INFO  server.RaftServerConfigKeys (ConfUtils.java:logGet(43)) - raft.server.log.purge.gap = 1000000 (custom)
2019-11-15 20:27:24,003 [pool-539-thread-1] INFO  server.RaftServerConfigKeys (ConfUtils.java:logGet(43)) - raft.server.log.appender.buffer.byte-limit = 33554432 (custom)
2019-11-15 20:27:24,004 [pool-539-thread-1] INFO  server.RaftServerConfigKeys (ConfUtils.java:logGet(43)) - raft.server.log.segment.size.max = 1048576 (custom)
2019-11-15 20:27:24,004 [pool-539-thread-1] WARN  impl.MetricRegistriesImpl (MetricRegistriesImpl.java:lambda$create$1(61)) - First MetricRegistry has been created without registering reporters. You may need to call MetricRegistries.global().addReportRegistration(...) before.
2019-11-15 20:27:24,004 [pool-539-thread-1] INFO  server.RaftServerConfigKeys (ConfUtils.java:logGet(43)) - raft.server.log.segment.cache.num.max = 2 (custom)
2019-11-15 20:27:24,004 [pool-539-thread-1] INFO  segmented.SegmentedRaftLogWorker (SegmentedRaftLogWorker.java:<init>(173)) - new ecb82392-9efc-4718-8957-302e66d96ccd@group-3AD9CDE2FAB6-SegmentedRaftLogWorker for RaftStorage:Storage Directory /workdir/hadoop-ozone/integration-test/target/test-dir/MiniOzoneClusterImpl-2baab228-4da8-45e4-8c00-c7e13f1dd389/datanode-3/data/ratis/c596d274-9fcf-4f05-beed-3ad9cde2fab6
2019-11-15 20:27:24,004 [pool-539-thread-1] INFO  server.RaftServerConfigKeys (ConfUtils.java:logGet(43)) - raft.server.log.queue.byte-limit = 2147483647 (custom)
2019-11-15 20:27:24,004 [pool-539-thread-1] INFO  server.RaftServerConfigKeys (ConfUtils.java:logGet(43)) - raft.server.log.queue.element-limit = 1024 (custom)
2019-11-15 20:27:24,004 [pool-539-thread-1] INFO  server.RaftServerConfigKeys (ConfUtils.java:logGet(43)) - raft.server.log.segment.size.max = 1048576 (custom)
2019-11-15 20:27:24,004 [pool-539-thread-1] INFO  server.RaftServerConfigKeys (ConfUtils.java:logGet(43)) - raft.server.log.preallocated.size = 16384 (custom)
2019-11-15 20:27:24,005 [pool-539-thread-1] INFO  server.RaftServerConfigKeys (ConfUtils.java:logGet(43)) - raft.server.log.write.buffer.size = 33554432 (custom)
2019-11-15 20:27:24,005 [pool-539-thread-1] INFO  server.RaftServerConfigKeys (ConfUtils.java:logGet(43)) - raft.server.log.force.sync.num = 128 (default)
2019-11-15 20:27:24,005 [pool-539-thread-1] INFO  server.RaftServerConfigKeys (ConfUtils.java:logGet(43)) - raft.server.log.statemachine.data.sync = true (default)
2019-11-15 20:27:24,005 [pool-539-thread-1] INFO  server.RaftServerConfigKeys (ConfUtils.java:logGet(43)) - raft.server.log.statemachine.data.sync.timeout = 10s (default)
2019-11-15 20:27:24,005 [pool-539-thread-1] INFO  server.RaftServerConfigKeys (ConfUtils.java:logGet(43)) - raft.server.log.statemachine.data.sync.timeout.retry = -1 (default)
2019-11-15 20:27:24,005 [pool-539-thread-1] INFO  server.RaftServerConfigKeys (ConfUtils.java:logGet(43)) - raft.server.log.statemachine.data.caching.enabled = true (custom)
2019-11-15 20:27:24,005 [pool-539-thread-1] INFO  segmented.SegmentedRaftLogWorker (SegmentedRaftLogWorker.java:lambda$new$0(128)) - ecb82392-9efc-4718-8957-302e66d96ccd@group-3AD9CDE2FAB6-SegmentedRaftLogWorker: flushIndex: setUnconditionally 0 -> -1
2019-11-15 20:27:24,006 [pool-539-thread-1] INFO  server.RaftServerConfigKeys (ConfUtils.java:logGet(43)) - raft.server.snapshot.auto.trigger.enabled = true (custom)
2019-11-15 20:27:24,006 [pool-539-thread-1] INFO  server.RaftServerConfigKeys (ConfUtils.java:logGet(43)) - raft.server.snapshot.auto.trigger.threshold = 10000 (custom)
2019-11-15 20:27:24,006 [pool-539-thread-1] INFO  server.RaftServerConfigKeys (ConfUtils.java:logGet(43)) - raft.server.snapshot.retention.file.num = 5 (custom)
2019-11-15 20:27:24,006 [pool-539-thread-1] INFO  server.RaftServerConfigKeys (ConfUtils.java:logGet(43)) - raft.server.retrycache.expirytime = 600000ms (custom)
2019-11-15 20:27:24,006 [pool-539-thread-1] WARN  impl.MetricRegistriesImpl (MetricRegistriesImpl.java:lambda$create$1(61)) - First MetricRegistry has been created without registering reporters. You may need to call MetricRegistries.global().addReportRegistration(...) before.
2019-11-15 20:27:24,007 [pool-539-thread-1] WARN  impl.MetricRegistriesImpl (MetricRegistriesImpl.java:lambda$create$1(61)) - First MetricRegistry has been created without registering reporters. You may need to call MetricRegistries.global().addReportRegistration(...) before.
2019-11-15 20:27:24,007 [pool-539-thread-1] INFO  impl.RaftServerImpl (RaftServerImpl.java:start(184)) - ecb82392-9efc-4718-8957-302e66d96ccd@group-3AD9CDE2FAB6: start as a follower, conf=-1: [ecb82392-9efc-4718-8957-302e66d96ccd:192.168.157.201:35685], old=null
2019-11-15 20:27:24,007 [pool-539-thread-1] INFO  impl.RaftServerImpl (RaftServerImpl.java:setRole(173)) - ecb82392-9efc-4718-8957-302e66d96ccd@group-3AD9CDE2FAB6: changes role from      null to FOLLOWER at term 0 for startAsFollower
2019-11-15 20:27:24,007 [pool-539-thread-1] INFO  impl.RoleInfo (RoleInfo.java:updateAndGet(143)) - ecb82392-9efc-4718-8957-302e66d96ccd: start FollowerState
2019-11-15 20:27:24,008 [pool-539-thread-1] INFO  util.JmxRegister (JmxRegister.java:tryRegister(44)) - Successfully registered JMX Bean with object name Ratis:service=RaftServer,group=group-3AD9CDE2FAB6,id=ecb82392-9efc-4718-8957-302e66d96ccd
2019-11-15 20:27:24,008 [pool-539-thread-1] WARN  impl.MetricRegistriesImpl (MetricRegistriesImpl.java:lambda$create$1(61)) - First MetricRegistry has been created without registering reporters. You may need to call MetricRegistries.global().addReportRegistration(...) before.
2019-11-15 20:27:24,010 [RatisPipelineUtilsThread] INFO  pipeline.PipelineStateManager (PipelineStateManager.java:addPipeline(55)) - Created pipeline Pipeline[ Id: c596d274-9fcf-4f05-beed-3ad9cde2fab6, Nodes: ecb82392-9efc-4718-8957-302e66d96ccd{ip: 192.168.157.201, host: pr-hdds-2514-unusedmethodparam-9qkq7-1267773169, networkLocation: /rack1, certSerialId: null}, Type:RATIS, Factor:ONE, State:ALLOCATED]
2019-11-15 20:27:24,016 [grpc-default-executor-10] INFO  impl.RaftServerProxy (RaftServerProxy.java:addNew(89)) - 0d66e4d5-0fe9-441c-84d0-b1903c285e78: addNew group-4AFD00184592:[0d66e4d5-0fe9-441c-84d0-b1903c285e78:192.168.157.201:44210] returns group-4AFD00184592:java.util.concurrent.CompletableFuture@26d17a1[Not completed]
2019-11-15 20:27:24,017 [IPC Server handler 6 on 46713] INFO  net.NetworkTopology (NetworkTopologyImpl.java:add(111)) - Added a new node: /rack1/6d6ed0d9-a6ea-4ace-a9af-83891056ab32
2019-11-15 20:27:24,017 [IPC Server handler 6 on 46713] INFO  node.SCMNodeManager (SCMNodeManager.java:register(267)) - Registered Data node : 6d6ed0d9-a6ea-4ace-a9af-83891056ab32{ip: 192.168.157.201, host: pr-hdds-2514-unusedmethodparam-9qkq7-1267773169, networkLocation: /rack1, certSerialId: null}
2019-11-15 20:27:24,018 [pool-559-thread-1] INFO  impl.RaftServerImpl (RaftServerImpl.java:<init>(98)) - 0d66e4d5-0fe9-441c-84d0-b1903c285e78: new RaftServerImpl for group-4AFD00184592:[0d66e4d5-0fe9-441c-84d0-b1903c285e78:192.168.157.201:44210] with ContainerStateMachine:uninitialized
2019-11-15 20:27:24,018 [pool-559-thread-1] INFO  server.RaftServerConfigKeys (ConfUtils.java:logGet(43)) - raft.server.rpc.timeout.min = 1s (custom)
2019-11-15 20:27:24,018 [pool-559-thread-1] INFO  server.RaftServerConfigKeys (ConfUtils.java:logGet(43)) - raft.server.rpc.timeout.max = 1200ms (custom)
2019-11-15 20:27:24,018 [pool-559-thread-1] INFO  server.RaftServerConfigKeys (ConfUtils.java:logGet(43)) - raft.server.rpcslowness.timeout = 120s (custom)
2019-11-15 20:27:24,018 [pool-559-thread-1] INFO  server.RaftServerConfigKeys (ConfUtils.java:logGet(43)) - raft.server.sleep.deviation.threshold = 300 (default)
2019-11-15 20:27:24,018 [pool-559-thread-1] INFO  server.RaftServerConfigKeys (ConfUtils.java:logGet(43)) - raft.server.log.appender.install.snapshot.enabled = false (custom)
2019-11-15 20:27:24,019 [pool-559-thread-1] INFO  impl.RaftServerImpl (ServerState.java:<init>(103)) - 0d66e4d5-0fe9-441c-84d0-b1903c285e78@group-4AFD00184592: ConfigurationManager, init=-1: [0d66e4d5-0fe9-441c-84d0-b1903c285e78:192.168.157.201:44210], old=null, confs=<EMPTY_MAP>
2019-11-15 20:27:24,019 [pool-559-thread-1] INFO  server.RaftServerConfigKeys (ConfUtils.java:logGet(43)) - raft.server.storage.dir = [/workdir/hadoop-ozone/integration-test/target/test-dir/MiniOzoneClusterImpl-2baab228-4da8-45e4-8c00-c7e13f1dd389/datanode-5/data/ratis] (custom)
2019-11-15 20:27:24,019 [pool-559-thread-1] INFO  server.RaftServerConfigKeys (ConfUtils.java:logGet(43)) - raft.server.log.corruption.policy = EXCEPTION (default)
2019-11-15 20:27:24,019 [pool-559-thread-1] INFO  storage.RaftStorageDirectory (RaftStorageDirectory.java:analyzeStorage(246)) - The storage directory /workdir/hadoop-ozone/integration-test/target/test-dir/MiniOzoneClusterImpl-2baab228-4da8-45e4-8c00-c7e13f1dd389/datanode-5/data/ratis/ef51d0a8-7d9d-45bd-9548-4afd00184592 does not exist. Creating ...
2019-11-15 20:27:24,045 [pool-559-thread-1] INFO  storage.RaftStorageDirectory (RaftStorageDirectory.java:tryLock(328)) - Lock on /workdir/hadoop-ozone/integration-test/target/test-dir/MiniOzoneClusterImpl-2baab228-4da8-45e4-8c00-c7e13f1dd389/datanode-5/data/ratis/ef51d0a8-7d9d-45bd-9548-4afd00184592/in_use.lock acquired by nodename 9872@pr-hdds-2514-unusedmethodparam-9qkq7-1267773169
2019-11-15 20:27:24,070 [pool-559-thread-1] INFO  storage.RaftStorage (RaftStorage.java:format(84)) - Storage directory /workdir/hadoop-ozone/integration-test/target/test-dir/MiniOzoneClusterImpl-2baab228-4da8-45e4-8c00-c7e13f1dd389/datanode-5/data/ratis/ef51d0a8-7d9d-45bd-9548-4afd00184592 has been successfully formatted.
2019-11-15 20:27:24,070 [pool-559-thread-1] INFO  ratis.ContainerStateMachine (ContainerStateMachine.java:loadSnapshot(223)) - group-4AFD00184592: The snapshot info is null. Setting the last applied indexto:(t:0, i:~)
2019-11-15 20:27:24,070 [pool-559-thread-1] INFO  server.RaftServerConfigKeys (ConfUtils.java:logGet(43)) - raft.server.notification.no-leader.timeout = 120s (custom)
2019-11-15 20:27:24,070 [pool-559-thread-1] INFO  server.RaftServerConfigKeys (ConfUtils.java:logGet(43)) - raft.server.log.use.memory = false (default)
2019-11-15 20:27:24,070 [pool-559-thread-1] INFO  server.RaftServerConfigKeys (ConfUtils.java:logGet(43)) - raft.server.log.purge.gap = 1000000 (custom)
2019-11-15 20:27:24,071 [pool-559-thread-1] INFO  server.RaftServerConfigKeys (ConfUtils.java:logGet(43)) - raft.server.log.appender.buffer.byte-limit = 33554432 (custom)
2019-11-15 20:27:24,071 [pool-559-thread-1] INFO  server.RaftServerConfigKeys (ConfUtils.java:logGet(43)) - raft.server.log.segment.size.max = 1048576 (custom)
2019-11-15 20:27:24,071 [pool-559-thread-1] WARN  impl.MetricRegistriesImpl (MetricRegistriesImpl.java:lambda$create$1(61)) - First MetricRegistry has been created without registering reporters. You may need to call MetricRegistries.global().addReportRegistration(...) before.
2019-11-15 20:27:24,071 [pool-559-thread-1] INFO  server.RaftServerConfigKeys (ConfUtils.java:logGet(43)) - raft.server.log.segment.cache.num.max = 2 (custom)
2019-11-15 20:27:24,071 [pool-559-thread-1] INFO  segmented.SegmentedRaftLogWorker (SegmentedRaftLogWorker.java:<init>(173)) - new 0d66e4d5-0fe9-441c-84d0-b1903c285e78@group-4AFD00184592-SegmentedRaftLogWorker for RaftStorage:Storage Directory /workdir/hadoop-ozone/integration-test/target/test-dir/MiniOzoneClusterImpl-2baab228-4da8-45e4-8c00-c7e13f1dd389/datanode-5/data/ratis/ef51d0a8-7d9d-45bd-9548-4afd00184592
2019-11-15 20:27:24,071 [pool-559-thread-1] INFO  server.RaftServerConfigKeys (ConfUtils.java:logGet(43)) - raft.server.log.queue.byte-limit = 2147483647 (custom)
2019-11-15 20:27:24,071 [pool-559-thread-1] INFO  server.RaftServerConfigKeys (ConfUtils.java:logGet(43)) - raft.server.log.queue.element-limit = 1024 (custom)
2019-11-15 20:27:24,071 [pool-559-thread-1] INFO  server.RaftServerConfigKeys (ConfUtils.java:logGet(43)) - raft.server.log.segment.size.max = 1048576 (custom)
2019-11-15 20:27:24,072 [pool-559-thread-1] INFO  server.RaftServerConfigKeys (ConfUtils.java:logGet(43)) - raft.server.log.preallocated.size = 16384 (custom)
2019-11-15 20:27:24,072 [pool-559-thread-1] INFO  server.RaftServerConfigKeys (ConfUtils.java:logGet(43)) - raft.server.log.write.buffer.size = 33554432 (custom)
2019-11-15 20:27:24,072 [pool-559-thread-1] INFO  server.RaftServerConfigKeys (ConfUtils.java:logGet(43)) - raft.server.log.force.sync.num = 128 (default)
2019-11-15 20:27:24,072 [pool-559-thread-1] INFO  server.RaftServerConfigKeys (ConfUtils.java:logGet(43)) - raft.server.log.statemachine.data.sync = true (default)
2019-11-15 20:27:24,072 [pool-559-thread-1] INFO  server.RaftServerConfigKeys (ConfUtils.java:logGet(43)) - raft.server.log.statemachine.data.sync.timeout = 10s (default)
2019-11-15 20:27:24,072 [pool-559-thread-1] INFO  server.RaftServerConfigKeys (ConfUtils.java:logGet(43)) - raft.server.log.statemachine.data.sync.timeout.retry = -1 (default)
2019-11-15 20:27:24,072 [pool-559-thread-1] INFO  server.RaftServerConfigKeys (ConfUtils.java:logGet(43)) - raft.server.log.statemachine.data.caching.enabled = true (custom)
2019-11-15 20:27:24,072 [pool-559-thread-1] INFO  segmented.SegmentedRaftLogWorker (SegmentedRaftLogWorker.java:lambda$new$0(128)) - 0d66e4d5-0fe9-441c-84d0-b1903c285e78@group-4AFD00184592-SegmentedRaftLogWorker: flushIndex: setUnconditionally 0 -> -1
2019-11-15 20:27:24,073 [pool-559-thread-1] INFO  server.RaftServerConfigKeys (ConfUtils.java:logGet(43)) - raft.server.snapshot.auto.trigger.enabled = true (custom)
2019-11-15 20:27:24,073 [pool-559-thread-1] INFO  server.RaftServerConfigKeys (ConfUtils.java:logGet(43)) - raft.server.snapshot.auto.trigger.threshold = 10000 (custom)
2019-11-15 20:27:24,073 [pool-559-thread-1] INFO  server.RaftServerConfigKeys (ConfUtils.java:logGet(43)) - raft.server.snapshot.retention.file.num = 5 (custom)
2019-11-15 20:27:24,073 [pool-559-thread-1] INFO  server.RaftServerConfigKeys (ConfUtils.java:logGet(43)) - raft.server.retrycache.expirytime = 600000ms (custom)
2019-11-15 20:27:24,073 [pool-559-thread-1] WARN  impl.MetricRegistriesImpl (MetricRegistriesImpl.java:lambda$create$1(61)) - First MetricRegistry has been created without registering reporters. You may need to call MetricRegistries.global().addReportRegistration(...) before.
2019-11-15 20:27:24,073 [pool-559-thread-1] WARN  impl.MetricRegistriesImpl (MetricRegistriesImpl.java:lambda$create$1(61)) - First MetricRegistry has been created without registering reporters. You may need to call MetricRegistries.global().addReportRegistration(...) before.
2019-11-15 20:27:24,073 [pool-559-thread-1] INFO  impl.RaftServerImpl (RaftServerImpl.java:start(184)) - 0d66e4d5-0fe9-441c-84d0-b1903c285e78@group-4AFD00184592: start as a follower, conf=-1: [0d66e4d5-0fe9-441c-84d0-b1903c285e78:192.168.157.201:44210], old=null
2019-11-15 20:27:24,073 [pool-559-thread-1] INFO  impl.RaftServerImpl (RaftServerImpl.java:setRole(173)) - 0d66e4d5-0fe9-441c-84d0-b1903c285e78@group-4AFD00184592: changes role from      null to FOLLOWER at term 0 for startAsFollower
2019-11-15 20:27:24,074 [pool-559-thread-1] INFO  impl.RoleInfo (RoleInfo.java:updateAndGet(143)) - 0d66e4d5-0fe9-441c-84d0-b1903c285e78: start FollowerState
2019-11-15 20:27:24,074 [pool-559-thread-1] INFO  util.JmxRegister (JmxRegister.java:tryRegister(44)) - Successfully registered JMX Bean with object name Ratis:service=RaftServer,group=group-4AFD00184592,id=0d66e4d5-0fe9-441c-84d0-b1903c285e78
2019-11-15 20:27:24,074 [pool-559-thread-1] WARN  impl.MetricRegistriesImpl (MetricRegistriesImpl.java:lambda$create$1(61)) - First MetricRegistry has been created without registering reporters. You may need to call MetricRegistries.global().addReportRegistration(...) before.
2019-11-15 20:27:24,076 [RatisPipelineUtilsThread] INFO  pipeline.PipelineStateManager (PipelineStateManager.java:addPipeline(55)) - Created pipeline Pipeline[ Id: ef51d0a8-7d9d-45bd-9548-4afd00184592, Nodes: 0d66e4d5-0fe9-441c-84d0-b1903c285e78{ip: 192.168.157.201, host: pr-hdds-2514-unusedmethodparam-9qkq7-1267773169, networkLocation: /rack1, certSerialId: null}, Type:RATIS, Factor:ONE, State:ALLOCATED]
2019-11-15 20:27:24,081 [grpc-default-executor-10] INFO  impl.RaftServerProxy (RaftServerProxy.java:addNew(89)) - 6d6ed0d9-a6ea-4ace-a9af-83891056ab32: addNew group-02B05EA64F68:[6d6ed0d9-a6ea-4ace-a9af-83891056ab32:192.168.157.201:37473] returns group-02B05EA64F68:java.util.concurrent.CompletableFuture@21a1ef5b[Not completed]
2019-11-15 20:27:24,082 [pool-569-thread-1] INFO  impl.RaftServerImpl (RaftServerImpl.java:<init>(98)) - 6d6ed0d9-a6ea-4ace-a9af-83891056ab32: new RaftServerImpl for group-02B05EA64F68:[6d6ed0d9-a6ea-4ace-a9af-83891056ab32:192.168.157.201:37473] with ContainerStateMachine:uninitialized
2019-11-15 20:27:24,082 [pool-569-thread-1] INFO  server.RaftServerConfigKeys (ConfUtils.java:logGet(43)) - raft.server.rpc.timeout.min = 1s (custom)
2019-11-15 20:27:24,083 [pool-569-thread-1] INFO  server.RaftServerConfigKeys (ConfUtils.java:logGet(43)) - raft.server.rpc.timeout.max = 1200ms (custom)
2019-11-15 20:27:24,083 [pool-569-thread-1] INFO  server.RaftServerConfigKeys (ConfUtils.java:logGet(43)) - raft.server.rpcslowness.timeout = 120s (custom)
2019-11-15 20:27:24,083 [pool-569-thread-1] INFO  server.RaftServerConfigKeys (ConfUtils.java:logGet(43)) - raft.server.sleep.deviation.threshold = 300 (default)
2019-11-15 20:27:24,083 [pool-569-thread-1] INFO  server.RaftServerConfigKeys (ConfUtils.java:logGet(43)) - raft.server.log.appender.install.snapshot.enabled = false (custom)
2019-11-15 20:27:24,083 [pool-569-thread-1] INFO  impl.RaftServerImpl (ServerState.java:<init>(103)) - 6d6ed0d9-a6ea-4ace-a9af-83891056ab32@group-02B05EA64F68: ConfigurationManager, init=-1: [6d6ed0d9-a6ea-4ace-a9af-83891056ab32:192.168.157.201:37473], old=null, confs=<EMPTY_MAP>
2019-11-15 20:27:24,083 [pool-569-thread-1] INFO  server.RaftServerConfigKeys (ConfUtils.java:logGet(43)) - raft.server.storage.dir = [/workdir/hadoop-ozone/integration-test/target/test-dir/MiniOzoneClusterImpl-2baab228-4da8-45e4-8c00-c7e13f1dd389/datanode-6/data/ratis] (custom)
2019-11-15 20:27:24,083 [pool-569-thread-1] INFO  server.RaftServerConfigKeys (ConfUtils.java:logGet(43)) - raft.server.log.corruption.policy = EXCEPTION (default)
2019-11-15 20:27:24,083 [pool-569-thread-1] INFO  storage.RaftStorageDirectory (RaftStorageDirectory.java:analyzeStorage(246)) - The storage directory /workdir/hadoop-ozone/integration-test/target/test-dir/MiniOzoneClusterImpl-2baab228-4da8-45e4-8c00-c7e13f1dd389/datanode-6/data/ratis/490831e8-2c75-4f6a-94a0-02b05ea64f68 does not exist. Creating ...
2019-11-15 20:27:24,085 [IPC Server handler 8 on 46713] INFO  net.NetworkTopology (NetworkTopologyImpl.java:add(111)) - Added a new node: /rack1/77a687a8-07fe-464e-b0f2-03532ede599a
2019-11-15 20:27:24,085 [IPC Server handler 8 on 46713] INFO  node.SCMNodeManager (SCMNodeManager.java:register(267)) - Registered Data node : 77a687a8-07fe-464e-b0f2-03532ede599a{ip: 192.168.157.201, host: pr-hdds-2514-unusedmethodparam-9qkq7-1267773169, networkLocation: /rack1, certSerialId: null}
2019-11-15 20:27:24,129 [pool-569-thread-1] INFO  storage.RaftStorageDirectory (RaftStorageDirectory.java:tryLock(328)) - Lock on /workdir/hadoop-ozone/integration-test/target/test-dir/MiniOzoneClusterImpl-2baab228-4da8-45e4-8c00-c7e13f1dd389/datanode-6/data/ratis/490831e8-2c75-4f6a-94a0-02b05ea64f68/in_use.lock acquired by nodename 9872@pr-hdds-2514-unusedmethodparam-9qkq7-1267773169
2019-11-15 20:27:24,146 [pool-569-thread-1] INFO  storage.RaftStorage (RaftStorage.java:format(84)) - Storage directory /workdir/hadoop-ozone/integration-test/target/test-dir/MiniOzoneClusterImpl-2baab228-4da8-45e4-8c00-c7e13f1dd389/datanode-6/data/ratis/490831e8-2c75-4f6a-94a0-02b05ea64f68 has been successfully formatted.
2019-11-15 20:27:24,146 [pool-569-thread-1] INFO  ratis.ContainerStateMachine (ContainerStateMachine.java:loadSnapshot(223)) - group-02B05EA64F68: The snapshot info is null. Setting the last applied indexto:(t:0, i:~)
2019-11-15 20:27:24,146 [pool-569-thread-1] INFO  server.RaftServerConfigKeys (ConfUtils.java:logGet(43)) - raft.server.notification.no-leader.timeout = 120s (custom)
2019-11-15 20:27:24,146 [pool-569-thread-1] INFO  server.RaftServerConfigKeys (ConfUtils.java:logGet(43)) - raft.server.log.use.memory = false (default)
2019-11-15 20:27:24,147 [pool-569-thread-1] INFO  server.RaftServerConfigKeys (ConfUtils.java:logGet(43)) - raft.server.log.purge.gap = 1000000 (custom)
2019-11-15 20:27:24,147 [pool-569-thread-1] INFO  server.RaftServerConfigKeys (ConfUtils.java:logGet(43)) - raft.server.log.appender.buffer.byte-limit = 33554432 (custom)
2019-11-15 20:27:24,147 [pool-569-thread-1] INFO  server.RaftServerConfigKeys (ConfUtils.java:logGet(43)) - raft.server.log.segment.size.max = 1048576 (custom)
2019-11-15 20:27:24,147 [pool-569-thread-1] WARN  impl.MetricRegistriesImpl (MetricRegistriesImpl.java:lambda$create$1(61)) - First MetricRegistry has been created without registering reporters. You may need to call MetricRegistries.global().addReportRegistration(...) before.
2019-11-15 20:27:24,147 [pool-569-thread-1] INFO  server.RaftServerConfigKeys (ConfUtils.java:logGet(43)) - raft.server.log.segment.cache.num.max = 2 (custom)
2019-11-15 20:27:24,147 [pool-569-thread-1] INFO  segmented.SegmentedRaftLogWorker (SegmentedRaftLogWorker.java:<init>(173)) - new 6d6ed0d9-a6ea-4ace-a9af-83891056ab32@group-02B05EA64F68-SegmentedRaftLogWorker for RaftStorage:Storage Directory /workdir/hadoop-ozone/integration-test/target/test-dir/MiniOzoneClusterImpl-2baab228-4da8-45e4-8c00-c7e13f1dd389/datanode-6/data/ratis/490831e8-2c75-4f6a-94a0-02b05ea64f68
2019-11-15 20:27:24,147 [pool-569-thread-1] INFO  server.RaftServerConfigKeys (ConfUtils.java:logGet(43)) - raft.server.log.queue.byte-limit = 2147483647 (custom)
2019-11-15 20:27:24,147 [pool-569-thread-1] INFO  server.RaftServerConfigKeys (ConfUtils.java:logGet(43)) - raft.server.log.queue.element-limit = 1024 (custom)
2019-11-15 20:27:24,147 [pool-569-thread-1] INFO  server.RaftServerConfigKeys (ConfUtils.java:logGet(43)) - raft.server.log.segment.size.max = 1048576 (custom)
2019-11-15 20:27:24,148 [pool-569-thread-1] INFO  server.RaftServerConfigKeys (ConfUtils.java:logGet(43)) - raft.server.log.preallocated.size = 16384 (custom)
2019-11-15 20:27:24,148 [pool-569-thread-1] INFO  server.RaftServerConfigKeys (ConfUtils.java:logGet(43)) - raft.server.log.write.buffer.size = 33554432 (custom)
2019-11-15 20:27:24,148 [pool-569-thread-1] INFO  server.RaftServerConfigKeys (ConfUtils.java:logGet(43)) - raft.server.log.force.sync.num = 128 (default)
2019-11-15 20:27:24,148 [pool-569-thread-1] INFO  server.RaftServerConfigKeys (ConfUtils.java:logGet(43)) - raft.server.log.statemachine.data.sync = true (default)
2019-11-15 20:27:24,148 [pool-569-thread-1] INFO  server.RaftServerConfigKeys (ConfUtils.java:logGet(43)) - raft.server.log.statemachine.data.sync.timeout = 10s (default)
2019-11-15 20:27:24,148 [pool-569-thread-1] INFO  server.RaftServerConfigKeys (ConfUtils.java:logGet(43)) - raft.server.log.statemachine.data.sync.timeout.retry = -1 (default)
2019-11-15 20:27:24,148 [pool-569-thread-1] INFO  server.RaftServerConfigKeys (ConfUtils.java:logGet(43)) - raft.server.log.statemachine.data.caching.enabled = true (custom)
2019-11-15 20:27:24,148 [pool-569-thread-1] INFO  segmented.SegmentedRaftLogWorker (SegmentedRaftLogWorker.java:lambda$new$0(128)) - 6d6ed0d9-a6ea-4ace-a9af-83891056ab32@group-02B05EA64F68-SegmentedRaftLogWorker: flushIndex: setUnconditionally 0 -> -1
2019-11-15 20:27:24,149 [pool-569-thread-1] INFO  server.RaftServerConfigKeys (ConfUtils.java:logGet(43)) - raft.server.snapshot.auto.trigger.enabled = true (custom)
2019-11-15 20:27:24,149 [pool-569-thread-1] INFO  server.RaftServerConfigKeys (ConfUtils.java:logGet(43)) - raft.server.snapshot.auto.trigger.threshold = 10000 (custom)
2019-11-15 20:27:24,149 [pool-569-thread-1] INFO  server.RaftServerConfigKeys (ConfUtils.java:logGet(43)) - raft.server.snapshot.retention.file.num = 5 (custom)
2019-11-15 20:27:24,149 [pool-569-thread-1] INFO  server.RaftServerConfigKeys (ConfUtils.java:logGet(43)) - raft.server.retrycache.expirytime = 600000ms (custom)
2019-11-15 20:27:24,149 [pool-569-thread-1] WARN  impl.MetricRegistriesImpl (MetricRegistriesImpl.java:lambda$create$1(61)) - First MetricRegistry has been created without registering reporters. You may need to call MetricRegistries.global().addReportRegistration(...) before.
2019-11-15 20:27:24,149 [pool-569-thread-1] WARN  impl.MetricRegistriesImpl (MetricRegistriesImpl.java:lambda$create$1(61)) - First MetricRegistry has been created without registering reporters. You may need to call MetricRegistries.global().addReportRegistration(...) before.
2019-11-15 20:27:24,150 [pool-569-thread-1] INFO  impl.RaftServerImpl (RaftServerImpl.java:start(184)) - 6d6ed0d9-a6ea-4ace-a9af-83891056ab32@group-02B05EA64F68: start as a follower, conf=-1: [6d6ed0d9-a6ea-4ace-a9af-83891056ab32:192.168.157.201:37473], old=null
2019-11-15 20:27:24,150 [pool-569-thread-1] INFO  impl.RaftServerImpl (RaftServerImpl.java:setRole(173)) - 6d6ed0d9-a6ea-4ace-a9af-83891056ab32@group-02B05EA64F68: changes role from      null to FOLLOWER at term 0 for startAsFollower
2019-11-15 20:27:24,150 [pool-569-thread-1] INFO  impl.RoleInfo (RoleInfo.java:updateAndGet(143)) - 6d6ed0d9-a6ea-4ace-a9af-83891056ab32: start FollowerState
2019-11-15 20:27:24,150 [pool-569-thread-1] INFO  util.JmxRegister (JmxRegister.java:tryRegister(44)) - Successfully registered JMX Bean with object name Ratis:service=RaftServer,group=group-02B05EA64F68,id=6d6ed0d9-a6ea-4ace-a9af-83891056ab32
2019-11-15 20:27:24,150 [pool-569-thread-1] WARN  impl.MetricRegistriesImpl (MetricRegistriesImpl.java:lambda$create$1(61)) - First MetricRegistry has been created without registering reporters. You may need to call MetricRegistries.global().addReportRegistration(...) before.
2019-11-15 20:27:24,152 [RatisPipelineUtilsThread] INFO  pipeline.PipelineStateManager (PipelineStateManager.java:addPipeline(55)) - Created pipeline Pipeline[ Id: 490831e8-2c75-4f6a-94a0-02b05ea64f68, Nodes: 6d6ed0d9-a6ea-4ace-a9af-83891056ab32{ip: 192.168.157.201, host: pr-hdds-2514-unusedmethodparam-9qkq7-1267773169, networkLocation: /rack1, certSerialId: null}, Type:RATIS, Factor:ONE, State:ALLOCATED]
2019-11-15 20:27:24,159 [grpc-default-executor-10] INFO  impl.RaftServerProxy (RaftServerProxy.java:addNew(89)) - 77a687a8-07fe-464e-b0f2-03532ede599a: addNew group-807648084630:[77a687a8-07fe-464e-b0f2-03532ede599a:192.168.157.201:39884] returns group-807648084630:java.util.concurrent.CompletableFuture@650fd9c0[Not completed]
2019-11-15 20:27:24,160 [pool-579-thread-1] INFO  impl.RaftServerImpl (RaftServerImpl.java:<init>(98)) - 77a687a8-07fe-464e-b0f2-03532ede599a: new RaftServerImpl for group-807648084630:[77a687a8-07fe-464e-b0f2-03532ede599a:192.168.157.201:39884] with ContainerStateMachine:uninitialized
2019-11-15 20:27:24,160 [pool-579-thread-1] INFO  server.RaftServerConfigKeys (ConfUtils.java:logGet(43)) - raft.server.rpc.timeout.min = 1s (custom)
2019-11-15 20:27:24,160 [pool-579-thread-1] INFO  server.RaftServerConfigKeys (ConfUtils.java:logGet(43)) - raft.server.rpc.timeout.max = 1200ms (custom)
2019-11-15 20:27:24,160 [pool-579-thread-1] INFO  server.RaftServerConfigKeys (ConfUtils.java:logGet(43)) - raft.server.rpcslowness.timeout = 120s (custom)
2019-11-15 20:27:24,161 [pool-579-thread-1] INFO  server.RaftServerConfigKeys (ConfUtils.java:logGet(43)) - raft.server.sleep.deviation.threshold = 300 (default)
2019-11-15 20:27:24,161 [pool-579-thread-1] INFO  server.RaftServerConfigKeys (ConfUtils.java:logGet(43)) - raft.server.log.appender.install.snapshot.enabled = false (custom)
2019-11-15 20:27:24,161 [pool-579-thread-1] INFO  impl.RaftServerImpl (ServerState.java:<init>(103)) - 77a687a8-07fe-464e-b0f2-03532ede599a@group-807648084630: ConfigurationManager, init=-1: [77a687a8-07fe-464e-b0f2-03532ede599a:192.168.157.201:39884], old=null, confs=<EMPTY_MAP>
2019-11-15 20:27:24,161 [pool-579-thread-1] INFO  server.RaftServerConfigKeys (ConfUtils.java:logGet(43)) - raft.server.storage.dir = [/workdir/hadoop-ozone/integration-test/target/test-dir/MiniOzoneClusterImpl-2baab228-4da8-45e4-8c00-c7e13f1dd389/datanode-7/data/ratis] (custom)
2019-11-15 20:27:24,161 [pool-579-thread-1] INFO  server.RaftServerConfigKeys (ConfUtils.java:logGet(43)) - raft.server.log.corruption.policy = EXCEPTION (default)
2019-11-15 20:27:24,161 [IPC Server handler 9 on 46713] INFO  net.NetworkTopology (NetworkTopologyImpl.java:add(111)) - Added a new node: /rack1/b7fbb734-148a-49a6-9cb1-519eb8bdf364
2019-11-15 20:27:24,161 [pool-579-thread-1] INFO  storage.RaftStorageDirectory (RaftStorageDirectory.java:analyzeStorage(246)) - The storage directory /workdir/hadoop-ozone/integration-test/target/test-dir/MiniOzoneClusterImpl-2baab228-4da8-45e4-8c00-c7e13f1dd389/datanode-7/data/ratis/8c60cc58-66c3-456d-88ae-807648084630 does not exist. Creating ...
2019-11-15 20:27:24,161 [IPC Server handler 9 on 46713] INFO  node.SCMNodeManager (SCMNodeManager.java:register(267)) - Registered Data node : b7fbb734-148a-49a6-9cb1-519eb8bdf364{ip: 192.168.157.201, host: pr-hdds-2514-unusedmethodparam-9qkq7-1267773169, networkLocation: /rack1, certSerialId: null}
2019-11-15 20:27:24,188 [pool-579-thread-1] INFO  storage.RaftStorageDirectory (RaftStorageDirectory.java:tryLock(328)) - Lock on /workdir/hadoop-ozone/integration-test/target/test-dir/MiniOzoneClusterImpl-2baab228-4da8-45e4-8c00-c7e13f1dd389/datanode-7/data/ratis/8c60cc58-66c3-456d-88ae-807648084630/in_use.lock acquired by nodename 9872@pr-hdds-2514-unusedmethodparam-9qkq7-1267773169
2019-11-15 20:27:24,213 [pool-579-thread-1] INFO  storage.RaftStorage (RaftStorage.java:format(84)) - Storage directory /workdir/hadoop-ozone/integration-test/target/test-dir/MiniOzoneClusterImpl-2baab228-4da8-45e4-8c00-c7e13f1dd389/datanode-7/data/ratis/8c60cc58-66c3-456d-88ae-807648084630 has been successfully formatted.
2019-11-15 20:27:24,214 [pool-579-thread-1] INFO  ratis.ContainerStateMachine (ContainerStateMachine.java:loadSnapshot(223)) - group-807648084630: The snapshot info is null. Setting the last applied indexto:(t:0, i:~)
2019-11-15 20:27:24,214 [pool-579-thread-1] INFO  server.RaftServerConfigKeys (ConfUtils.java:logGet(43)) - raft.server.notification.no-leader.timeout = 120s (custom)
2019-11-15 20:27:24,214 [pool-579-thread-1] INFO  server.RaftServerConfigKeys (ConfUtils.java:logGet(43)) - raft.server.log.use.memory = false (default)
2019-11-15 20:27:24,214 [pool-579-thread-1] INFO  server.RaftServerConfigKeys (ConfUtils.java:logGet(43)) - raft.server.log.purge.gap = 1000000 (custom)
2019-11-15 20:27:24,214 [pool-579-thread-1] INFO  server.RaftServerConfigKeys (ConfUtils.java:logGet(43)) - raft.server.log.appender.buffer.byte-limit = 33554432 (custom)
2019-11-15 20:27:24,214 [pool-579-thread-1] INFO  server.RaftServerConfigKeys (ConfUtils.java:logGet(43)) - raft.server.log.segment.size.max = 1048576 (custom)
2019-11-15 20:27:24,214 [pool-579-thread-1] WARN  impl.MetricRegistriesImpl (MetricRegistriesImpl.java:lambda$create$1(61)) - First MetricRegistry has been created without registering reporters. You may need to call MetricRegistries.global().addReportRegistration(...) before.
2019-11-15 20:27:24,214 [pool-579-thread-1] INFO  server.RaftServerConfigKeys (ConfUtils.java:logGet(43)) - raft.server.log.segment.cache.num.max = 2 (custom)
2019-11-15 20:27:24,215 [pool-579-thread-1] INFO  segmented.SegmentedRaftLogWorker (SegmentedRaftLogWorker.java:<init>(173)) - new 77a687a8-07fe-464e-b0f2-03532ede599a@group-807648084630-SegmentedRaftLogWorker for RaftStorage:Storage Directory /workdir/hadoop-ozone/integration-test/target/test-dir/MiniOzoneClusterImpl-2baab228-4da8-45e4-8c00-c7e13f1dd389/datanode-7/data/ratis/8c60cc58-66c3-456d-88ae-807648084630
2019-11-15 20:27:24,215 [pool-579-thread-1] INFO  server.RaftServerConfigKeys (ConfUtils.java:logGet(43)) - raft.server.log.queue.byte-limit = 2147483647 (custom)
2019-11-15 20:27:24,215 [pool-579-thread-1] INFO  server.RaftServerConfigKeys (ConfUtils.java:logGet(43)) - raft.server.log.queue.element-limit = 1024 (custom)
2019-11-15 20:27:24,215 [pool-579-thread-1] INFO  server.RaftServerConfigKeys (ConfUtils.java:logGet(43)) - raft.server.log.segment.size.max = 1048576 (custom)
2019-11-15 20:27:24,215 [pool-579-thread-1] INFO  server.RaftServerConfigKeys (ConfUtils.java:logGet(43)) - raft.server.log.preallocated.size = 16384 (custom)
2019-11-15 20:27:24,215 [pool-579-thread-1] INFO  server.RaftServerConfigKeys (ConfUtils.java:logGet(43)) - raft.server.log.write.buffer.size = 33554432 (custom)
2019-11-15 20:27:24,215 [pool-579-thread-1] INFO  server.RaftServerConfigKeys (ConfUtils.java:logGet(43)) - raft.server.log.force.sync.num = 128 (default)
2019-11-15 20:27:24,215 [pool-579-thread-1] INFO  server.RaftServerConfigKeys (ConfUtils.java:logGet(43)) - raft.server.log.statemachine.data.sync = true (default)
2019-11-15 20:27:24,215 [pool-579-thread-1] INFO  server.RaftServerConfigKeys (ConfUtils.java:logGet(43)) - raft.server.log.statemachine.data.sync.timeout = 10s (default)
2019-11-15 20:27:24,215 [pool-579-thread-1] INFO  server.RaftServerConfigKeys (ConfUtils.java:logGet(43)) - raft.server.log.statemachine.data.sync.timeout.retry = -1 (default)
2019-11-15 20:27:24,215 [pool-579-thread-1] INFO  server.RaftServerConfigKeys (ConfUtils.java:logGet(43)) - raft.server.log.statemachine.data.caching.enabled = true (custom)
2019-11-15 20:27:24,216 [pool-579-thread-1] INFO  segmented.SegmentedRaftLogWorker (SegmentedRaftLogWorker.java:lambda$new$0(128)) - 77a687a8-07fe-464e-b0f2-03532ede599a@group-807648084630-SegmentedRaftLogWorker: flushIndex: setUnconditionally 0 -> -1
2019-11-15 20:27:24,216 [pool-579-thread-1] INFO  server.RaftServerConfigKeys (ConfUtils.java:logGet(43)) - raft.server.snapshot.auto.trigger.enabled = true (custom)
2019-11-15 20:27:24,216 [pool-579-thread-1] INFO  server.RaftServerConfigKeys (ConfUtils.java:logGet(43)) - raft.server.snapshot.auto.trigger.threshold = 10000 (custom)
2019-11-15 20:27:24,216 [pool-579-thread-1] INFO  server.RaftServerConfigKeys (ConfUtils.java:logGet(43)) - raft.server.snapshot.retention.file.num = 5 (custom)
2019-11-15 20:27:24,216 [pool-579-thread-1] INFO  server.RaftServerConfigKeys (ConfUtils.java:logGet(43)) - raft.server.retrycache.expirytime = 600000ms (custom)
2019-11-15 20:27:24,216 [pool-579-thread-1] WARN  impl.MetricRegistriesImpl (MetricRegistriesImpl.java:lambda$create$1(61)) - First MetricRegistry has been created without registering reporters. You may need to call MetricRegistries.global().addReportRegistration(...) before.
2019-11-15 20:27:24,216 [pool-579-thread-1] WARN  impl.MetricRegistriesImpl (MetricRegistriesImpl.java:lambda$create$1(61)) - First MetricRegistry has been created without registering reporters. You may need to call MetricRegistries.global().addReportRegistration(...) before.
2019-11-15 20:27:24,216 [pool-579-thread-1] INFO  impl.RaftServerImpl (RaftServerImpl.java:start(184)) - 77a687a8-07fe-464e-b0f2-03532ede599a@group-807648084630: start as a follower, conf=-1: [77a687a8-07fe-464e-b0f2-03532ede599a:192.168.157.201:39884], old=null
2019-11-15 20:27:24,216 [pool-579-thread-1] INFO  impl.RaftServerImpl (RaftServerImpl.java:setRole(173)) - 77a687a8-07fe-464e-b0f2-03532ede599a@group-807648084630: changes role from      null to FOLLOWER at term 0 for startAsFollower
2019-11-15 20:27:24,217 [pool-579-thread-1] INFO  impl.RoleInfo (RoleInfo.java:updateAndGet(143)) - 77a687a8-07fe-464e-b0f2-03532ede599a: start FollowerState
2019-11-15 20:27:24,217 [pool-579-thread-1] INFO  util.JmxRegister (JmxRegister.java:tryRegister(44)) - Successfully registered JMX Bean with object name Ratis:service=RaftServer,group=group-807648084630,id=77a687a8-07fe-464e-b0f2-03532ede599a
2019-11-15 20:27:24,217 [pool-579-thread-1] WARN  impl.MetricRegistriesImpl (MetricRegistriesImpl.java:lambda$create$1(61)) - First MetricRegistry has been created without registering reporters. You may need to call MetricRegistries.global().addReportRegistration(...) before.
2019-11-15 20:27:24,219 [RatisPipelineUtilsThread] INFO  pipeline.PipelineStateManager (PipelineStateManager.java:addPipeline(55)) - Created pipeline Pipeline[ Id: 8c60cc58-66c3-456d-88ae-807648084630, Nodes: 77a687a8-07fe-464e-b0f2-03532ede599a{ip: 192.168.157.201, host: pr-hdds-2514-unusedmethodparam-9qkq7-1267773169, networkLocation: /rack1, certSerialId: null}, Type:RATIS, Factor:ONE, State:ALLOCATED]
2019-11-15 20:27:24,225 [grpc-default-executor-10] INFO  impl.RaftServerProxy (RaftServerProxy.java:addNew(89)) - b7fbb734-148a-49a6-9cb1-519eb8bdf364: addNew group-F4D662094BF9:[b7fbb734-148a-49a6-9cb1-519eb8bdf364:192.168.157.201:44174] returns group-F4D662094BF9:java.util.concurrent.CompletableFuture@738076b1[Not completed]
2019-11-15 20:27:24,226 [pool-589-thread-1] INFO  impl.RaftServerImpl (RaftServerImpl.java:<init>(98)) - b7fbb734-148a-49a6-9cb1-519eb8bdf364: new RaftServerImpl for group-F4D662094BF9:[b7fbb734-148a-49a6-9cb1-519eb8bdf364:192.168.157.201:44174] with ContainerStateMachine:uninitialized
2019-11-15 20:27:24,226 [pool-589-thread-1] INFO  server.RaftServerConfigKeys (ConfUtils.java:logGet(43)) - raft.server.rpc.timeout.min = 1s (custom)
2019-11-15 20:27:24,226 [pool-589-thread-1] INFO  server.RaftServerConfigKeys (ConfUtils.java:logGet(43)) - raft.server.rpc.timeout.max = 1200ms (custom)
2019-11-15 20:27:24,227 [pool-589-thread-1] INFO  server.RaftServerConfigKeys (ConfUtils.java:logGet(43)) - raft.server.rpcslowness.timeout = 120s (custom)
2019-11-15 20:27:24,227 [pool-589-thread-1] INFO  server.RaftServerConfigKeys (ConfUtils.java:logGet(43)) - raft.server.sleep.deviation.threshold = 300 (default)
2019-11-15 20:27:24,227 [pool-589-thread-1] INFO  server.RaftServerConfigKeys (ConfUtils.java:logGet(43)) - raft.server.log.appender.install.snapshot.enabled = false (custom)
2019-11-15 20:27:24,227 [pool-589-thread-1] INFO  impl.RaftServerImpl (ServerState.java:<init>(103)) - b7fbb734-148a-49a6-9cb1-519eb8bdf364@group-F4D662094BF9: ConfigurationManager, init=-1: [b7fbb734-148a-49a6-9cb1-519eb8bdf364:192.168.157.201:44174], old=null, confs=<EMPTY_MAP>
2019-11-15 20:27:24,227 [pool-589-thread-1] INFO  server.RaftServerConfigKeys (ConfUtils.java:logGet(43)) - raft.server.storage.dir = [/workdir/hadoop-ozone/integration-test/target/test-dir/MiniOzoneClusterImpl-2baab228-4da8-45e4-8c00-c7e13f1dd389/datanode-8/data/ratis] (custom)
2019-11-15 20:27:24,227 [pool-589-thread-1] INFO  server.RaftServerConfigKeys (ConfUtils.java:logGet(43)) - raft.server.log.corruption.policy = EXCEPTION (default)
2019-11-15 20:27:24,227 [pool-589-thread-1] INFO  storage.RaftStorageDirectory (RaftStorageDirectory.java:analyzeStorage(246)) - The storage directory /workdir/hadoop-ozone/integration-test/target/test-dir/MiniOzoneClusterImpl-2baab228-4da8-45e4-8c00-c7e13f1dd389/datanode-8/data/ratis/1ff0113b-747d-4e0b-b91f-f4d662094bf9 does not exist. Creating ...
2019-11-15 20:27:24,248 [pool-589-thread-1] INFO  storage.RaftStorageDirectory (RaftStorageDirectory.java:tryLock(328)) - Lock on /workdir/hadoop-ozone/integration-test/target/test-dir/MiniOzoneClusterImpl-2baab228-4da8-45e4-8c00-c7e13f1dd389/datanode-8/data/ratis/1ff0113b-747d-4e0b-b91f-f4d662094bf9/in_use.lock acquired by nodename 9872@pr-hdds-2514-unusedmethodparam-9qkq7-1267773169
2019-11-15 20:27:24,249 [IPC Server handler 10 on 46713] INFO  net.NetworkTopology (NetworkTopologyImpl.java:add(111)) - Added a new node: /rack1/4e9d79cc-0455-427e-951d-7d9146a76d5d
2019-11-15 20:27:24,249 [IPC Server handler 10 on 46713] INFO  node.SCMNodeManager (SCMNodeManager.java:register(267)) - Registered Data node : 4e9d79cc-0455-427e-951d-7d9146a76d5d{ip: 192.168.157.201, host: pr-hdds-2514-unusedmethodparam-9qkq7-1267773169, networkLocation: /rack1, certSerialId: null}
2019-11-15 20:27:24,273 [pool-589-thread-1] INFO  storage.RaftStorage (RaftStorage.java:format(84)) - Storage directory /workdir/hadoop-ozone/integration-test/target/test-dir/MiniOzoneClusterImpl-2baab228-4da8-45e4-8c00-c7e13f1dd389/datanode-8/data/ratis/1ff0113b-747d-4e0b-b91f-f4d662094bf9 has been successfully formatted.
2019-11-15 20:27:24,273 [pool-589-thread-1] INFO  ratis.ContainerStateMachine (ContainerStateMachine.java:loadSnapshot(223)) - group-F4D662094BF9: The snapshot info is null. Setting the last applied indexto:(t:0, i:~)
2019-11-15 20:27:24,273 [pool-589-thread-1] INFO  server.RaftServerConfigKeys (ConfUtils.java:logGet(43)) - raft.server.notification.no-leader.timeout = 120s (custom)
2019-11-15 20:27:24,274 [pool-589-thread-1] INFO  server.RaftServerConfigKeys (ConfUtils.java:logGet(43)) - raft.server.log.use.memory = false (default)
2019-11-15 20:27:24,274 [pool-589-thread-1] INFO  server.RaftServerConfigKeys (ConfUtils.java:logGet(43)) - raft.server.log.purge.gap = 1000000 (custom)
2019-11-15 20:27:24,274 [pool-589-thread-1] INFO  server.RaftServerConfigKeys (ConfUtils.java:logGet(43)) - raft.server.log.appender.buffer.byte-limit = 33554432 (custom)
2019-11-15 20:27:24,274 [pool-589-thread-1] INFO  server.RaftServerConfigKeys (ConfUtils.java:logGet(43)) - raft.server.log.segment.size.max = 1048576 (custom)
2019-11-15 20:27:24,274 [pool-589-thread-1] WARN  impl.MetricRegistriesImpl (MetricRegistriesImpl.java:lambda$create$1(61)) - First MetricRegistry has been created without registering reporters. You may need to call MetricRegistries.global().addReportRegistration(...) before.
2019-11-15 20:27:24,274 [pool-589-thread-1] INFO  server.RaftServerConfigKeys (ConfUtils.java:logGet(43)) - raft.server.log.segment.cache.num.max = 2 (custom)
2019-11-15 20:27:24,274 [pool-589-thread-1] INFO  segmented.SegmentedRaftLogWorker (SegmentedRaftLogWorker.java:<init>(173)) - new b7fbb734-148a-49a6-9cb1-519eb8bdf364@group-F4D662094BF9-SegmentedRaftLogWorker for RaftStorage:Storage Directory /workdir/hadoop-ozone/integration-test/target/test-dir/MiniOzoneClusterImpl-2baab228-4da8-45e4-8c00-c7e13f1dd389/datanode-8/data/ratis/1ff0113b-747d-4e0b-b91f-f4d662094bf9
2019-11-15 20:27:24,274 [pool-589-thread-1] INFO  server.RaftServerConfigKeys (ConfUtils.java:logGet(43)) - raft.server.log.queue.byte-limit = 2147483647 (custom)
2019-11-15 20:27:24,274 [pool-589-thread-1] INFO  server.RaftServerConfigKeys (ConfUtils.java:logGet(43)) - raft.server.log.queue.element-limit = 1024 (custom)
2019-11-15 20:27:24,274 [pool-589-thread-1] INFO  server.RaftServerConfigKeys (ConfUtils.java:logGet(43)) - raft.server.log.segment.size.max = 1048576 (custom)
2019-11-15 20:27:24,274 [pool-589-thread-1] INFO  server.RaftServerConfigKeys (ConfUtils.java:logGet(43)) - raft.server.log.preallocated.size = 16384 (custom)
2019-11-15 20:27:24,274 [pool-589-thread-1] INFO  server.RaftServerConfigKeys (ConfUtils.java:logGet(43)) - raft.server.log.write.buffer.size = 33554432 (custom)
2019-11-15 20:27:24,274 [pool-589-thread-1] INFO  server.RaftServerConfigKeys (ConfUtils.java:logGet(43)) - raft.server.log.force.sync.num = 128 (default)
2019-11-15 20:27:24,275 [pool-589-thread-1] INFO  server.RaftServerConfigKeys (ConfUtils.java:logGet(43)) - raft.server.log.statemachine.data.sync = true (default)
2019-11-15 20:27:24,275 [pool-589-thread-1] INFO  server.RaftServerConfigKeys (ConfUtils.java:logGet(43)) - raft.server.log.statemachine.data.sync.timeout = 10s (default)
2019-11-15 20:27:24,275 [pool-589-thread-1] INFO  server.RaftServerConfigKeys (ConfUtils.java:logGet(43)) - raft.server.log.statemachine.data.sync.timeout.retry = -1 (default)
2019-11-15 20:27:24,275 [pool-589-thread-1] INFO  server.RaftServerConfigKeys (ConfUtils.java:logGet(43)) - raft.server.log.statemachine.data.caching.enabled = true (custom)
2019-11-15 20:27:24,275 [pool-589-thread-1] INFO  segmented.SegmentedRaftLogWorker (SegmentedRaftLogWorker.java:lambda$new$0(128)) - b7fbb734-148a-49a6-9cb1-519eb8bdf364@group-F4D662094BF9-SegmentedRaftLogWorker: flushIndex: setUnconditionally 0 -> -1
2019-11-15 20:27:24,275 [pool-589-thread-1] INFO  server.RaftServerConfigKeys (ConfUtils.java:logGet(43)) - raft.server.snapshot.auto.trigger.enabled = true (custom)
2019-11-15 20:27:24,275 [pool-589-thread-1] INFO  server.RaftServerConfigKeys (ConfUtils.java:logGet(43)) - raft.server.snapshot.auto.trigger.threshold = 10000 (custom)
2019-11-15 20:27:24,275 [pool-589-thread-1] INFO  server.RaftServerConfigKeys (ConfUtils.java:logGet(43)) - raft.server.snapshot.retention.file.num = 5 (custom)
2019-11-15 20:27:24,275 [pool-589-thread-1] INFO  server.RaftServerConfigKeys (ConfUtils.java:logGet(43)) - raft.server.retrycache.expirytime = 600000ms (custom)
2019-11-15 20:27:24,276 [pool-589-thread-1] WARN  impl.MetricRegistriesImpl (MetricRegistriesImpl.java:lambda$create$1(61)) - First MetricRegistry has been created without registering reporters. You may need to call MetricRegistries.global().addReportRegistration(...) before.
2019-11-15 20:27:24,276 [pool-589-thread-1] WARN  impl.MetricRegistriesImpl (MetricRegistriesImpl.java:lambda$create$1(61)) - First MetricRegistry has been created without registering reporters. You may need to call MetricRegistries.global().addReportRegistration(...) before.
2019-11-15 20:27:24,276 [pool-589-thread-1] INFO  impl.RaftServerImpl (RaftServerImpl.java:start(184)) - b7fbb734-148a-49a6-9cb1-519eb8bdf364@group-F4D662094BF9: start as a follower, conf=-1: [b7fbb734-148a-49a6-9cb1-519eb8bdf364:192.168.157.201:44174], old=null
2019-11-15 20:27:24,276 [pool-589-thread-1] INFO  impl.RaftServerImpl (RaftServerImpl.java:setRole(173)) - b7fbb734-148a-49a6-9cb1-519eb8bdf364@group-F4D662094BF9: changes role from      null to FOLLOWER at term 0 for startAsFollower
2019-11-15 20:27:24,276 [pool-589-thread-1] INFO  impl.RoleInfo (RoleInfo.java:updateAndGet(143)) - b7fbb734-148a-49a6-9cb1-519eb8bdf364: start FollowerState
2019-11-15 20:27:24,276 [pool-589-thread-1] INFO  util.JmxRegister (JmxRegister.java:tryRegister(44)) - Successfully registered JMX Bean with object name Ratis:service=RaftServer,group=group-F4D662094BF9,id=b7fbb734-148a-49a6-9cb1-519eb8bdf364
2019-11-15 20:27:24,276 [pool-589-thread-1] WARN  impl.MetricRegistriesImpl (MetricRegistriesImpl.java:lambda$create$1(61)) - First MetricRegistry has been created without registering reporters. You may need to call MetricRegistries.global().addReportRegistration(...) before.
2019-11-15 20:27:24,279 [RatisPipelineUtilsThread] INFO  pipeline.PipelineStateManager (PipelineStateManager.java:addPipeline(55)) - Created pipeline Pipeline[ Id: 1ff0113b-747d-4e0b-b91f-f4d662094bf9, Nodes: b7fbb734-148a-49a6-9cb1-519eb8bdf364{ip: 192.168.157.201, host: pr-hdds-2514-unusedmethodparam-9qkq7-1267773169, networkLocation: /rack1, certSerialId: null}, Type:RATIS, Factor:ONE, State:ALLOCATED]
2019-11-15 20:27:24,285 [grpc-default-executor-10] INFO  impl.RaftServerProxy (RaftServerProxy.java:addNew(89)) - 4e9d79cc-0455-427e-951d-7d9146a76d5d: addNew group-611651ED2994:[4e9d79cc-0455-427e-951d-7d9146a76d5d:192.168.157.201:45301] returns group-611651ED2994:java.util.concurrent.CompletableFuture@6db9407[Not completed]
2019-11-15 20:27:24,287 [pool-599-thread-1] INFO  impl.RaftServerImpl (RaftServerImpl.java:<init>(98)) - 4e9d79cc-0455-427e-951d-7d9146a76d5d: new RaftServerImpl for group-611651ED2994:[4e9d79cc-0455-427e-951d-7d9146a76d5d:192.168.157.201:45301] with ContainerStateMachine:uninitialized
2019-11-15 20:27:24,287 [pool-599-thread-1] INFO  server.RaftServerConfigKeys (ConfUtils.java:logGet(43)) - raft.server.rpc.timeout.min = 1s (custom)
2019-11-15 20:27:24,287 [pool-599-thread-1] INFO  server.RaftServerConfigKeys (ConfUtils.java:logGet(43)) - raft.server.rpc.timeout.max = 1200ms (custom)
2019-11-15 20:27:24,287 [pool-599-thread-1] INFO  server.RaftServerConfigKeys (ConfUtils.java:logGet(43)) - raft.server.rpcslowness.timeout = 120s (custom)
2019-11-15 20:27:24,287 [pool-599-thread-1] INFO  server.RaftServerConfigKeys (ConfUtils.java:logGet(43)) - raft.server.sleep.deviation.threshold = 300 (default)
2019-11-15 20:27:24,288 [pool-599-thread-1] INFO  server.RaftServerConfigKeys (ConfUtils.java:logGet(43)) - raft.server.log.appender.install.snapshot.enabled = false (custom)
2019-11-15 20:27:24,288 [pool-599-thread-1] INFO  impl.RaftServerImpl (ServerState.java:<init>(103)) - 4e9d79cc-0455-427e-951d-7d9146a76d5d@group-611651ED2994: ConfigurationManager, init=-1: [4e9d79cc-0455-427e-951d-7d9146a76d5d:192.168.157.201:45301], old=null, confs=<EMPTY_MAP>
2019-11-15 20:27:24,288 [pool-599-thread-1] INFO  server.RaftServerConfigKeys (ConfUtils.java:logGet(43)) - raft.server.storage.dir = [/workdir/hadoop-ozone/integration-test/target/test-dir/MiniOzoneClusterImpl-2baab228-4da8-45e4-8c00-c7e13f1dd389/datanode-9/data/ratis] (custom)
2019-11-15 20:27:24,288 [pool-599-thread-1] INFO  server.RaftServerConfigKeys (ConfUtils.java:logGet(43)) - raft.server.log.corruption.policy = EXCEPTION (default)
2019-11-15 20:27:24,288 [pool-599-thread-1] INFO  storage.RaftStorageDirectory (RaftStorageDirectory.java:analyzeStorage(246)) - The storage directory /workdir/hadoop-ozone/integration-test/target/test-dir/MiniOzoneClusterImpl-2baab228-4da8-45e4-8c00-c7e13f1dd389/datanode-9/data/ratis/8f2c1ae4-0633-441b-b458-611651ed2994 does not exist. Creating ...
2019-11-15 20:27:24,315 [pool-599-thread-1] INFO  storage.RaftStorageDirectory (RaftStorageDirectory.java:tryLock(328)) - Lock on /workdir/hadoop-ozone/integration-test/target/test-dir/MiniOzoneClusterImpl-2baab228-4da8-45e4-8c00-c7e13f1dd389/datanode-9/data/ratis/8f2c1ae4-0633-441b-b458-611651ed2994/in_use.lock acquired by nodename 9872@pr-hdds-2514-unusedmethodparam-9qkq7-1267773169
2019-11-15 20:27:24,341 [pool-599-thread-1] INFO  storage.RaftStorage (RaftStorage.java:format(84)) - Storage directory /workdir/hadoop-ozone/integration-test/target/test-dir/MiniOzoneClusterImpl-2baab228-4da8-45e4-8c00-c7e13f1dd389/datanode-9/data/ratis/8f2c1ae4-0633-441b-b458-611651ed2994 has been successfully formatted.
2019-11-15 20:27:24,341 [pool-599-thread-1] INFO  ratis.ContainerStateMachine (ContainerStateMachine.java:loadSnapshot(223)) - group-611651ED2994: The snapshot info is null. Setting the last applied indexto:(t:0, i:~)
2019-11-15 20:27:24,341 [pool-599-thread-1] INFO  server.RaftServerConfigKeys (ConfUtils.java:logGet(43)) - raft.server.notification.no-leader.timeout = 120s (custom)
2019-11-15 20:27:24,341 [pool-599-thread-1] INFO  server.RaftServerConfigKeys (ConfUtils.java:logGet(43)) - raft.server.log.use.memory = false (default)
2019-11-15 20:27:24,341 [pool-599-thread-1] INFO  server.RaftServerConfigKeys (ConfUtils.java:logGet(43)) - raft.server.log.purge.gap = 1000000 (custom)
2019-11-15 20:27:24,341 [pool-599-thread-1] INFO  server.RaftServerConfigKeys (ConfUtils.java:logGet(43)) - raft.server.log.appender.buffer.byte-limit = 33554432 (custom)
2019-11-15 20:27:24,342 [pool-599-thread-1] INFO  server.RaftServerConfigKeys (ConfUtils.java:logGet(43)) - raft.server.log.segment.size.max = 1048576 (custom)
2019-11-15 20:27:24,342 [pool-599-thread-1] WARN  impl.MetricRegistriesImpl (MetricRegistriesImpl.java:lambda$create$1(61)) - First MetricRegistry has been created without registering reporters. You may need to call MetricRegistries.global().addReportRegistration(...) before.
2019-11-15 20:27:24,342 [pool-599-thread-1] INFO  server.RaftServerConfigKeys (ConfUtils.java:logGet(43)) - raft.server.log.segment.cache.num.max = 2 (custom)
2019-11-15 20:27:24,342 [pool-599-thread-1] INFO  segmented.SegmentedRaftLogWorker (SegmentedRaftLogWorker.java:<init>(173)) - new 4e9d79cc-0455-427e-951d-7d9146a76d5d@group-611651ED2994-SegmentedRaftLogWorker for RaftStorage:Storage Directory /workdir/hadoop-ozone/integration-test/target/test-dir/MiniOzoneClusterImpl-2baab228-4da8-45e4-8c00-c7e13f1dd389/datanode-9/data/ratis/8f2c1ae4-0633-441b-b458-611651ed2994
2019-11-15 20:27:24,342 [pool-599-thread-1] INFO  server.RaftServerConfigKeys (ConfUtils.java:logGet(43)) - raft.server.log.queue.byte-limit = 2147483647 (custom)
2019-11-15 20:27:24,342 [pool-599-thread-1] INFO  server.RaftServerConfigKeys (ConfUtils.java:logGet(43)) - raft.server.log.queue.element-limit = 1024 (custom)
2019-11-15 20:27:24,343 [pool-599-thread-1] INFO  server.RaftServerConfigKeys (ConfUtils.java:logGet(43)) - raft.server.log.segment.size.max = 1048576 (custom)
2019-11-15 20:27:24,343 [pool-599-thread-1] INFO  server.RaftServerConfigKeys (ConfUtils.java:logGet(43)) - raft.server.log.preallocated.size = 16384 (custom)
2019-11-15 20:27:24,343 [pool-599-thread-1] INFO  server.RaftServerConfigKeys (ConfUtils.java:logGet(43)) - raft.server.log.write.buffer.size = 33554432 (custom)
2019-11-15 20:27:24,343 [pool-599-thread-1] INFO  server.RaftServerConfigKeys (ConfUtils.java:logGet(43)) - raft.server.log.force.sync.num = 128 (default)
2019-11-15 20:27:24,343 [pool-599-thread-1] INFO  server.RaftServerConfigKeys (ConfUtils.java:logGet(43)) - raft.server.log.statemachine.data.sync = true (default)
2019-11-15 20:27:24,343 [pool-599-thread-1] INFO  server.RaftServerConfigKeys (ConfUtils.java:logGet(43)) - raft.server.log.statemachine.data.sync.timeout = 10s (default)
2019-11-15 20:27:24,343 [pool-599-thread-1] INFO  server.RaftServerConfigKeys (ConfUtils.java:logGet(43)) - raft.server.log.statemachine.data.sync.timeout.retry = -1 (default)
2019-11-15 20:27:24,344 [pool-599-thread-1] INFO  server.RaftServerConfigKeys (ConfUtils.java:logGet(43)) - raft.server.log.statemachine.data.caching.enabled = true (custom)
2019-11-15 20:27:24,344 [pool-599-thread-1] INFO  segmented.SegmentedRaftLogWorker (SegmentedRaftLogWorker.java:lambda$new$0(128)) - 4e9d79cc-0455-427e-951d-7d9146a76d5d@group-611651ED2994-SegmentedRaftLogWorker: flushIndex: setUnconditionally 0 -> -1
2019-11-15 20:27:24,344 [pool-599-thread-1] INFO  server.RaftServerConfigKeys (ConfUtils.java:logGet(43)) - raft.server.snapshot.auto.trigger.enabled = true (custom)
2019-11-15 20:27:24,344 [pool-599-thread-1] INFO  server.RaftServerConfigKeys (ConfUtils.java:logGet(43)) - raft.server.snapshot.auto.trigger.threshold = 10000 (custom)
2019-11-15 20:27:24,344 [pool-599-thread-1] INFO  server.RaftServerConfigKeys (ConfUtils.java:logGet(43)) - raft.server.snapshot.retention.file.num = 5 (custom)
2019-11-15 20:27:24,345 [pool-599-thread-1] INFO  server.RaftServerConfigKeys (ConfUtils.java:logGet(43)) - raft.server.retrycache.expirytime = 600000ms (custom)
2019-11-15 20:27:24,345 [pool-599-thread-1] WARN  impl.MetricRegistriesImpl (MetricRegistriesImpl.java:lambda$create$1(61)) - First MetricRegistry has been created without registering reporters. You may need to call MetricRegistries.global().addReportRegistration(...) before.
2019-11-15 20:27:24,345 [pool-599-thread-1] WARN  impl.MetricRegistriesImpl (MetricRegistriesImpl.java:lambda$create$1(61)) - First MetricRegistry has been created without registering reporters. You may need to call MetricRegistries.global().addReportRegistration(...) before.
2019-11-15 20:27:24,345 [pool-599-thread-1] INFO  impl.RaftServerImpl (RaftServerImpl.java:start(184)) - 4e9d79cc-0455-427e-951d-7d9146a76d5d@group-611651ED2994: start as a follower, conf=-1: [4e9d79cc-0455-427e-951d-7d9146a76d5d:192.168.157.201:45301], old=null
2019-11-15 20:27:24,345 [pool-599-thread-1] INFO  impl.RaftServerImpl (RaftServerImpl.java:setRole(173)) - 4e9d79cc-0455-427e-951d-7d9146a76d5d@group-611651ED2994: changes role from      null to FOLLOWER at term 0 for startAsFollower
2019-11-15 20:27:24,345 [pool-599-thread-1] INFO  impl.RoleInfo (RoleInfo.java:updateAndGet(143)) - 4e9d79cc-0455-427e-951d-7d9146a76d5d: start FollowerState
2019-11-15 20:27:24,346 [pool-599-thread-1] INFO  util.JmxRegister (JmxRegister.java:tryRegister(44)) - Successfully registered JMX Bean with object name Ratis:service=RaftServer,group=group-611651ED2994,id=4e9d79cc-0455-427e-951d-7d9146a76d5d
2019-11-15 20:27:24,346 [pool-599-thread-1] WARN  impl.MetricRegistriesImpl (MetricRegistriesImpl.java:lambda$create$1(61)) - First MetricRegistry has been created without registering reporters. You may need to call MetricRegistries.global().addReportRegistration(...) before.
2019-11-15 20:27:24,349 [RatisPipelineUtilsThread] INFO  pipeline.PipelineStateManager (PipelineStateManager.java:addPipeline(55)) - Created pipeline Pipeline[ Id: 8f2c1ae4-0633-441b-b458-611651ed2994, Nodes: 4e9d79cc-0455-427e-951d-7d9146a76d5d{ip: 192.168.157.201, host: pr-hdds-2514-unusedmethodparam-9qkq7-1267773169, networkLocation: /rack1, certSerialId: null}, Type:RATIS, Factor:ONE, State:ALLOCATED]
2019-11-15 20:27:24,357 [grpc-default-executor-9] INFO  impl.RaftServerProxy (RaftServerProxy.java:addNew(89)) - ecb82392-9efc-4718-8957-302e66d96ccd: addNew group-AB9D817F0B1B:[ecb82392-9efc-4718-8957-302e66d96ccd:192.168.157.201:35685, 6d6ed0d9-a6ea-4ace-a9af-83891056ab32:192.168.157.201:37473, c767ecc1-97b1-4b32-a4b7-dad4991a192e:192.168.157.201:43389] returns group-AB9D817F0B1B:java.util.concurrent.CompletableFuture@fe5bbce[Not completed]
2019-11-15 20:27:24,358 [grpc-default-executor-12] INFO  impl.RaftServerProxy (RaftServerProxy.java:addNew(89)) - c767ecc1-97b1-4b32-a4b7-dad4991a192e: addNew group-AB9D817F0B1B:[ecb82392-9efc-4718-8957-302e66d96ccd:192.168.157.201:35685, 6d6ed0d9-a6ea-4ace-a9af-83891056ab32:192.168.157.201:37473, c767ecc1-97b1-4b32-a4b7-dad4991a192e:192.168.157.201:43389] returns group-AB9D817F0B1B:java.util.concurrent.CompletableFuture@5112ad9c[Not completed]
2019-11-15 20:27:24,358 [grpc-default-executor-10] INFO  impl.RaftServerProxy (RaftServerProxy.java:addNew(89)) - 6d6ed0d9-a6ea-4ace-a9af-83891056ab32: addNew group-AB9D817F0B1B:[ecb82392-9efc-4718-8957-302e66d96ccd:192.168.157.201:35685, 6d6ed0d9-a6ea-4ace-a9af-83891056ab32:192.168.157.201:37473, c767ecc1-97b1-4b32-a4b7-dad4991a192e:192.168.157.201:43389] returns group-AB9D817F0B1B:java.util.concurrent.CompletableFuture@4d79ad38[Not completed]
2019-11-15 20:27:24,359 [pool-549-thread-1] INFO  impl.RaftServerImpl (RaftServerImpl.java:<init>(98)) - c767ecc1-97b1-4b32-a4b7-dad4991a192e: new RaftServerImpl for group-AB9D817F0B1B:[ecb82392-9efc-4718-8957-302e66d96ccd:192.168.157.201:35685, 6d6ed0d9-a6ea-4ace-a9af-83891056ab32:192.168.157.201:37473, c767ecc1-97b1-4b32-a4b7-dad4991a192e:192.168.157.201:43389] with ContainerStateMachine:uninitialized
2019-11-15 20:27:24,359 [pool-549-thread-1] INFO  server.RaftServerConfigKeys (ConfUtils.java:logGet(43)) - raft.server.rpc.timeout.min = 1s (custom)
2019-11-15 20:27:24,360 [pool-549-thread-1] INFO  server.RaftServerConfigKeys (ConfUtils.java:logGet(43)) - raft.server.rpc.timeout.max = 1200ms (custom)
2019-11-15 20:27:24,360 [pool-549-thread-1] INFO  server.RaftServerConfigKeys (ConfUtils.java:logGet(43)) - raft.server.rpcslowness.timeout = 120s (custom)
2019-11-15 20:27:24,360 [pool-569-thread-1] INFO  impl.RaftServerImpl (RaftServerImpl.java:<init>(98)) - 6d6ed0d9-a6ea-4ace-a9af-83891056ab32: new RaftServerImpl for group-AB9D817F0B1B:[ecb82392-9efc-4718-8957-302e66d96ccd:192.168.157.201:35685, 6d6ed0d9-a6ea-4ace-a9af-83891056ab32:192.168.157.201:37473, c767ecc1-97b1-4b32-a4b7-dad4991a192e:192.168.157.201:43389] with ContainerStateMachine:uninitialized
2019-11-15 20:27:24,360 [pool-549-thread-1] INFO  server.RaftServerConfigKeys (ConfUtils.java:logGet(43)) - raft.server.sleep.deviation.threshold = 300 (default)
2019-11-15 20:27:24,360 [pool-569-thread-1] INFO  server.RaftServerConfigKeys (ConfUtils.java:logGet(43)) - raft.server.rpc.timeout.min = 1s (custom)
2019-11-15 20:27:24,360 [pool-549-thread-1] INFO  server.RaftServerConfigKeys (ConfUtils.java:logGet(43)) - raft.server.log.appender.install.snapshot.enabled = false (custom)
2019-11-15 20:27:24,360 [pool-539-thread-1] INFO  impl.RaftServerImpl (RaftServerImpl.java:<init>(98)) - ecb82392-9efc-4718-8957-302e66d96ccd: new RaftServerImpl for group-AB9D817F0B1B:[ecb82392-9efc-4718-8957-302e66d96ccd:192.168.157.201:35685, 6d6ed0d9-a6ea-4ace-a9af-83891056ab32:192.168.157.201:37473, c767ecc1-97b1-4b32-a4b7-dad4991a192e:192.168.157.201:43389] with ContainerStateMachine:uninitialized
2019-11-15 20:27:24,360 [pool-569-thread-1] INFO  server.RaftServerConfigKeys (ConfUtils.java:logGet(43)) - raft.server.rpc.timeout.max = 1200ms (custom)
2019-11-15 20:27:24,361 [pool-539-thread-1] INFO  server.RaftServerConfigKeys (ConfUtils.java:logGet(43)) - raft.server.rpc.timeout.min = 1s (custom)
2019-11-15 20:27:24,360 [pool-549-thread-1] INFO  impl.RaftServerImpl (ServerState.java:<init>(103)) - c767ecc1-97b1-4b32-a4b7-dad4991a192e@group-AB9D817F0B1B: ConfigurationManager, init=-1: [ecb82392-9efc-4718-8957-302e66d96ccd:192.168.157.201:35685, 6d6ed0d9-a6ea-4ace-a9af-83891056ab32:192.168.157.201:37473, c767ecc1-97b1-4b32-a4b7-dad4991a192e:192.168.157.201:43389], old=null, confs=<EMPTY_MAP>
2019-11-15 20:27:24,361 [pool-549-thread-1] INFO  server.RaftServerConfigKeys (ConfUtils.java:logGet(43)) - raft.server.storage.dir = [/workdir/hadoop-ozone/integration-test/target/test-dir/MiniOzoneClusterImpl-2baab228-4da8-45e4-8c00-c7e13f1dd389/datanode-4/data/ratis] (custom)
2019-11-15 20:27:24,361 [pool-539-thread-1] INFO  server.RaftServerConfigKeys (ConfUtils.java:logGet(43)) - raft.server.rpc.timeout.max = 1200ms (custom)
2019-11-15 20:27:24,361 [pool-569-thread-1] INFO  server.RaftServerConfigKeys (ConfUtils.java:logGet(43)) - raft.server.rpcslowness.timeout = 120s (custom)
2019-11-15 20:27:24,361 [pool-549-thread-1] INFO  server.RaftServerConfigKeys (ConfUtils.java:logGet(43)) - raft.server.log.corruption.policy = EXCEPTION (default)
2019-11-15 20:27:24,361 [pool-539-thread-1] INFO  server.RaftServerConfigKeys (ConfUtils.java:logGet(43)) - raft.server.rpcslowness.timeout = 120s (custom)
2019-11-15 20:27:24,362 [pool-549-thread-1] INFO  storage.RaftStorageDirectory (RaftStorageDirectory.java:analyzeStorage(246)) - The storage directory /workdir/hadoop-ozone/integration-test/target/test-dir/MiniOzoneClusterImpl-2baab228-4da8-45e4-8c00-c7e13f1dd389/datanode-4/data/ratis/c7d7306a-7d29-405c-81b0-ab9d817f0b1b does not exist. Creating ...
2019-11-15 20:27:24,361 [pool-569-thread-1] INFO  server.RaftServerConfigKeys (ConfUtils.java:logGet(43)) - raft.server.sleep.deviation.threshold = 300 (default)
2019-11-15 20:27:24,362 [pool-539-thread-1] INFO  server.RaftServerConfigKeys (ConfUtils.java:logGet(43)) - raft.server.sleep.deviation.threshold = 300 (default)
2019-11-15 20:27:24,362 [pool-569-thread-1] INFO  server.RaftServerConfigKeys (ConfUtils.java:logGet(43)) - raft.server.log.appender.install.snapshot.enabled = false (custom)
2019-11-15 20:27:24,362 [pool-539-thread-1] INFO  server.RaftServerConfigKeys (ConfUtils.java:logGet(43)) - raft.server.log.appender.install.snapshot.enabled = false (custom)
2019-11-15 20:27:24,362 [pool-569-thread-1] INFO  impl.RaftServerImpl (ServerState.java:<init>(103)) - 6d6ed0d9-a6ea-4ace-a9af-83891056ab32@group-AB9D817F0B1B: ConfigurationManager, init=-1: [ecb82392-9efc-4718-8957-302e66d96ccd:192.168.157.201:35685, 6d6ed0d9-a6ea-4ace-a9af-83891056ab32:192.168.157.201:37473, c767ecc1-97b1-4b32-a4b7-dad4991a192e:192.168.157.201:43389], old=null, confs=<EMPTY_MAP>
2019-11-15 20:27:24,362 [pool-539-thread-1] INFO  impl.RaftServerImpl (ServerState.java:<init>(103)) - ecb82392-9efc-4718-8957-302e66d96ccd@group-AB9D817F0B1B: ConfigurationManager, init=-1: [ecb82392-9efc-4718-8957-302e66d96ccd:192.168.157.201:35685, 6d6ed0d9-a6ea-4ace-a9af-83891056ab32:192.168.157.201:37473, c767ecc1-97b1-4b32-a4b7-dad4991a192e:192.168.157.201:43389], old=null, confs=<EMPTY_MAP>
2019-11-15 20:27:24,363 [pool-569-thread-1] INFO  server.RaftServerConfigKeys (ConfUtils.java:logGet(43)) - raft.server.storage.dir = [/workdir/hadoop-ozone/integration-test/target/test-dir/MiniOzoneClusterImpl-2baab228-4da8-45e4-8c00-c7e13f1dd389/datanode-6/data/ratis] (custom)
2019-11-15 20:27:24,363 [pool-539-thread-1] INFO  server.RaftServerConfigKeys (ConfUtils.java:logGet(43)) - raft.server.storage.dir = [/workdir/hadoop-ozone/integration-test/target/test-dir/MiniOzoneClusterImpl-2baab228-4da8-45e4-8c00-c7e13f1dd389/datanode-3/data/ratis] (custom)
2019-11-15 20:27:24,363 [pool-569-thread-1] INFO  server.RaftServerConfigKeys (ConfUtils.java:logGet(43)) - raft.server.log.corruption.policy = EXCEPTION (default)
2019-11-15 20:27:24,363 [pool-539-thread-1] INFO  server.RaftServerConfigKeys (ConfUtils.java:logGet(43)) - raft.server.log.corruption.policy = EXCEPTION (default)
2019-11-15 20:27:24,363 [pool-569-thread-1] INFO  storage.RaftStorageDirectory (RaftStorageDirectory.java:analyzeStorage(246)) - The storage directory /workdir/hadoop-ozone/integration-test/target/test-dir/MiniOzoneClusterImpl-2baab228-4da8-45e4-8c00-c7e13f1dd389/datanode-6/data/ratis/c7d7306a-7d29-405c-81b0-ab9d817f0b1b does not exist. Creating ...
2019-11-15 20:27:24,363 [pool-539-thread-1] INFO  storage.RaftStorageDirectory (RaftStorageDirectory.java:analyzeStorage(246)) - The storage directory /workdir/hadoop-ozone/integration-test/target/test-dir/MiniOzoneClusterImpl-2baab228-4da8-45e4-8c00-c7e13f1dd389/datanode-3/data/ratis/c7d7306a-7d29-405c-81b0-ab9d817f0b1b does not exist. Creating ...
2019-11-15 20:27:24,391 [pool-539-thread-1] INFO  storage.RaftStorageDirectory (RaftStorageDirectory.java:tryLock(328)) - Lock on /workdir/hadoop-ozone/integration-test/target/test-dir/MiniOzoneClusterImpl-2baab228-4da8-45e4-8c00-c7e13f1dd389/datanode-3/data/ratis/c7d7306a-7d29-405c-81b0-ab9d817f0b1b/in_use.lock acquired by nodename 9872@pr-hdds-2514-unusedmethodparam-9qkq7-1267773169
2019-11-15 20:27:24,391 [pool-549-thread-1] INFO  storage.RaftStorageDirectory (RaftStorageDirectory.java:tryLock(328)) - Lock on /workdir/hadoop-ozone/integration-test/target/test-dir/MiniOzoneClusterImpl-2baab228-4da8-45e4-8c00-c7e13f1dd389/datanode-4/data/ratis/c7d7306a-7d29-405c-81b0-ab9d817f0b1b/in_use.lock acquired by nodename 9872@pr-hdds-2514-unusedmethodparam-9qkq7-1267773169
2019-11-15 20:27:24,391 [pool-569-thread-1] INFO  storage.RaftStorageDirectory (RaftStorageDirectory.java:tryLock(328)) - Lock on /workdir/hadoop-ozone/integration-test/target/test-dir/MiniOzoneClusterImpl-2baab228-4da8-45e4-8c00-c7e13f1dd389/datanode-6/data/ratis/c7d7306a-7d29-405c-81b0-ab9d817f0b1b/in_use.lock acquired by nodename 9872@pr-hdds-2514-unusedmethodparam-9qkq7-1267773169
2019-11-15 20:27:24,409 [pool-569-thread-1] INFO  storage.RaftStorage (RaftStorage.java:format(84)) - Storage directory /workdir/hadoop-ozone/integration-test/target/test-dir/MiniOzoneClusterImpl-2baab228-4da8-45e4-8c00-c7e13f1dd389/datanode-6/data/ratis/c7d7306a-7d29-405c-81b0-ab9d817f0b1b has been successfully formatted.
2019-11-15 20:27:24,409 [pool-539-thread-1] INFO  storage.RaftStorage (RaftStorage.java:format(84)) - Storage directory /workdir/hadoop-ozone/integration-test/target/test-dir/MiniOzoneClusterImpl-2baab228-4da8-45e4-8c00-c7e13f1dd389/datanode-3/data/ratis/c7d7306a-7d29-405c-81b0-ab9d817f0b1b has been successfully formatted.
2019-11-15 20:27:24,409 [pool-549-thread-1] INFO  storage.RaftStorage (RaftStorage.java:format(84)) - Storage directory /workdir/hadoop-ozone/integration-test/target/test-dir/MiniOzoneClusterImpl-2baab228-4da8-45e4-8c00-c7e13f1dd389/datanode-4/data/ratis/c7d7306a-7d29-405c-81b0-ab9d817f0b1b has been successfully formatted.
2019-11-15 20:27:24,409 [pool-539-thread-1] INFO  ratis.ContainerStateMachine (ContainerStateMachine.java:loadSnapshot(223)) - group-AB9D817F0B1B: The snapshot info is null. Setting the last applied indexto:(t:0, i:~)
2019-11-15 20:27:24,409 [pool-569-thread-1] INFO  ratis.ContainerStateMachine (ContainerStateMachine.java:loadSnapshot(223)) - group-AB9D817F0B1B: The snapshot info is null. Setting the last applied indexto:(t:0, i:~)
2019-11-15 20:27:24,409 [pool-539-thread-1] INFO  server.RaftServerConfigKeys (ConfUtils.java:logGet(43)) - raft.server.notification.no-leader.timeout = 120s (custom)
2019-11-15 20:27:24,409 [pool-549-thread-1] INFO  ratis.ContainerStateMachine (ContainerStateMachine.java:loadSnapshot(223)) - group-AB9D817F0B1B: The snapshot info is null. Setting the last applied indexto:(t:0, i:~)
2019-11-15 20:27:24,409 [pool-539-thread-1] INFO  server.RaftServerConfigKeys (ConfUtils.java:logGet(43)) - raft.server.log.use.memory = false (default)
2019-11-15 20:27:24,409 [pool-569-thread-1] INFO  server.RaftServerConfigKeys (ConfUtils.java:logGet(43)) - raft.server.notification.no-leader.timeout = 120s (custom)
2019-11-15 20:27:24,410 [pool-539-thread-1] INFO  server.RaftServerConfigKeys (ConfUtils.java:logGet(43)) - raft.server.log.purge.gap = 1000000 (custom)
2019-11-15 20:27:24,409 [pool-549-thread-1] INFO  server.RaftServerConfigKeys (ConfUtils.java:logGet(43)) - raft.server.notification.no-leader.timeout = 120s (custom)
2019-11-15 20:27:24,410 [pool-539-thread-1] INFO  server.RaftServerConfigKeys (ConfUtils.java:logGet(43)) - raft.server.log.appender.buffer.byte-limit = 33554432 (custom)
2019-11-15 20:27:24,410 [pool-569-thread-1] INFO  server.RaftServerConfigKeys (ConfUtils.java:logGet(43)) - raft.server.log.use.memory = false (default)
2019-11-15 20:27:24,410 [pool-539-thread-1] INFO  server.RaftServerConfigKeys (ConfUtils.java:logGet(43)) - raft.server.log.segment.size.max = 1048576 (custom)
2019-11-15 20:27:24,410 [pool-549-thread-1] INFO  server.RaftServerConfigKeys (ConfUtils.java:logGet(43)) - raft.server.log.use.memory = false (default)
2019-11-15 20:27:24,410 [pool-539-thread-1] INFO  server.RaftServerConfigKeys (ConfUtils.java:logGet(43)) - raft.server.log.segment.cache.num.max = 2 (custom)
2019-11-15 20:27:24,410 [pool-569-thread-1] INFO  server.RaftServerConfigKeys (ConfUtils.java:logGet(43)) - raft.server.log.purge.gap = 1000000 (custom)
2019-11-15 20:27:24,410 [pool-539-thread-1] INFO  segmented.SegmentedRaftLogWorker (SegmentedRaftLogWorker.java:<init>(173)) - new ecb82392-9efc-4718-8957-302e66d96ccd@group-AB9D817F0B1B-SegmentedRaftLogWorker for RaftStorage:Storage Directory /workdir/hadoop-ozone/integration-test/target/test-dir/MiniOzoneClusterImpl-2baab228-4da8-45e4-8c00-c7e13f1dd389/datanode-3/data/ratis/c7d7306a-7d29-405c-81b0-ab9d817f0b1b
2019-11-15 20:27:24,410 [pool-549-thread-1] INFO  server.RaftServerConfigKeys (ConfUtils.java:logGet(43)) - raft.server.log.purge.gap = 1000000 (custom)
2019-11-15 20:27:24,410 [pool-539-thread-1] INFO  server.RaftServerConfigKeys (ConfUtils.java:logGet(43)) - raft.server.log.queue.byte-limit = 2147483647 (custom)
2019-11-15 20:27:24,410 [pool-569-thread-1] INFO  server.RaftServerConfigKeys (ConfUtils.java:logGet(43)) - raft.server.log.appender.buffer.byte-limit = 33554432 (custom)
2019-11-15 20:27:24,411 [pool-539-thread-1] INFO  server.RaftServerConfigKeys (ConfUtils.java:logGet(43)) - raft.server.log.queue.element-limit = 1024 (custom)
2019-11-15 20:27:24,410 [pool-549-thread-1] INFO  server.RaftServerConfigKeys (ConfUtils.java:logGet(43)) - raft.server.log.appender.buffer.byte-limit = 33554432 (custom)
2019-11-15 20:27:24,411 [pool-539-thread-1] INFO  server.RaftServerConfigKeys (ConfUtils.java:logGet(43)) - raft.server.log.segment.size.max = 1048576 (custom)
2019-11-15 20:27:24,411 [pool-569-thread-1] INFO  server.RaftServerConfigKeys (ConfUtils.java:logGet(43)) - raft.server.log.segment.size.max = 1048576 (custom)
2019-11-15 20:27:24,411 [pool-539-thread-1] INFO  server.RaftServerConfigKeys (ConfUtils.java:logGet(43)) - raft.server.log.preallocated.size = 16384 (custom)
2019-11-15 20:27:24,411 [pool-549-thread-1] INFO  server.RaftServerConfigKeys (ConfUtils.java:logGet(43)) - raft.server.log.segment.size.max = 1048576 (custom)
2019-11-15 20:27:24,411 [pool-539-thread-1] INFO  server.RaftServerConfigKeys (ConfUtils.java:logGet(43)) - raft.server.log.write.buffer.size = 33554432 (custom)
2019-11-15 20:27:24,411 [pool-569-thread-1] INFO  server.RaftServerConfigKeys (ConfUtils.java:logGet(43)) - raft.server.log.segment.cache.num.max = 2 (custom)
2019-11-15 20:27:24,411 [pool-539-thread-1] INFO  server.RaftServerConfigKeys (ConfUtils.java:logGet(43)) - raft.server.log.force.sync.num = 128 (default)
2019-11-15 20:27:24,411 [pool-549-thread-1] INFO  server.RaftServerConfigKeys (ConfUtils.java:logGet(43)) - raft.server.log.segment.cache.num.max = 2 (custom)
2019-11-15 20:27:24,411 [pool-539-thread-1] INFO  server.RaftServerConfigKeys (ConfUtils.java:logGet(43)) - raft.server.log.statemachine.data.sync = true (default)
2019-11-15 20:27:24,412 [pool-539-thread-1] INFO  server.RaftServerConfigKeys (ConfUtils.java:logGet(43)) - raft.server.log.statemachine.data.sync.timeout = 10s (default)
2019-11-15 20:27:24,411 [pool-569-thread-1] INFO  segmented.SegmentedRaftLogWorker (SegmentedRaftLogWorker.java:<init>(173)) - new 6d6ed0d9-a6ea-4ace-a9af-83891056ab32@group-AB9D817F0B1B-SegmentedRaftLogWorker for RaftStorage:Storage Directory /workdir/hadoop-ozone/integration-test/target/test-dir/MiniOzoneClusterImpl-2baab228-4da8-45e4-8c00-c7e13f1dd389/datanode-6/data/ratis/c7d7306a-7d29-405c-81b0-ab9d817f0b1b
2019-11-15 20:27:24,412 [pool-539-thread-1] INFO  server.RaftServerConfigKeys (ConfUtils.java:logGet(43)) - raft.server.log.statemachine.data.sync.timeout.retry = -1 (default)
2019-11-15 20:27:24,411 [pool-549-thread-1] INFO  segmented.SegmentedRaftLogWorker (SegmentedRaftLogWorker.java:<init>(173)) - new c767ecc1-97b1-4b32-a4b7-dad4991a192e@group-AB9D817F0B1B-SegmentedRaftLogWorker for RaftStorage:Storage Directory /workdir/hadoop-ozone/integration-test/target/test-dir/MiniOzoneClusterImpl-2baab228-4da8-45e4-8c00-c7e13f1dd389/datanode-4/data/ratis/c7d7306a-7d29-405c-81b0-ab9d817f0b1b
2019-11-15 20:27:24,412 [pool-539-thread-1] INFO  server.RaftServerConfigKeys (ConfUtils.java:logGet(43)) - raft.server.log.statemachine.data.caching.enabled = true (custom)
2019-11-15 20:27:24,412 [pool-569-thread-1] INFO  server.RaftServerConfigKeys (ConfUtils.java:logGet(43)) - raft.server.log.queue.byte-limit = 2147483647 (custom)
2019-11-15 20:27:24,412 [pool-549-thread-1] INFO  server.RaftServerConfigKeys (ConfUtils.java:logGet(43)) - raft.server.log.queue.byte-limit = 2147483647 (custom)
2019-11-15 20:27:24,412 [pool-539-thread-1] INFO  segmented.SegmentedRaftLogWorker (SegmentedRaftLogWorker.java:lambda$new$0(128)) - ecb82392-9efc-4718-8957-302e66d96ccd@group-AB9D817F0B1B-SegmentedRaftLogWorker: flushIndex: setUnconditionally 0 -> -1
2019-11-15 20:27:24,412 [pool-569-thread-1] INFO  server.RaftServerConfigKeys (ConfUtils.java:logGet(43)) - raft.server.log.queue.element-limit = 1024 (custom)
2019-11-15 20:27:24,412 [pool-549-thread-1] INFO  server.RaftServerConfigKeys (ConfUtils.java:logGet(43)) - raft.server.log.queue.element-limit = 1024 (custom)
2019-11-15 20:27:24,413 [pool-539-thread-1] INFO  server.RaftServerConfigKeys (ConfUtils.java:logGet(43)) - raft.server.snapshot.auto.trigger.enabled = true (custom)
2019-11-15 20:27:24,412 [pool-569-thread-1] INFO  server.RaftServerConfigKeys (ConfUtils.java:logGet(43)) - raft.server.log.segment.size.max = 1048576 (custom)
2019-11-15 20:27:24,413 [pool-539-thread-1] INFO  server.RaftServerConfigKeys (ConfUtils.java:logGet(43)) - raft.server.snapshot.auto.trigger.threshold = 10000 (custom)
2019-11-15 20:27:24,413 [pool-549-thread-1] INFO  server.RaftServerConfigKeys (ConfUtils.java:logGet(43)) - raft.server.log.segment.size.max = 1048576 (custom)
2019-11-15 20:27:24,413 [pool-539-thread-1] INFO  server.RaftServerConfigKeys (ConfUtils.java:logGet(43)) - raft.server.snapshot.retention.file.num = 5 (custom)
2019-11-15 20:27:24,413 [pool-569-thread-1] INFO  server.RaftServerConfigKeys (ConfUtils.java:logGet(43)) - raft.server.log.preallocated.size = 16384 (custom)
2019-11-15 20:27:24,413 [pool-539-thread-1] INFO  server.RaftServerConfigKeys (ConfUtils.java:logGet(43)) - raft.server.retrycache.expirytime = 600000ms (custom)
2019-11-15 20:27:24,413 [pool-549-thread-1] INFO  server.RaftServerConfigKeys (ConfUtils.java:logGet(43)) - raft.server.log.preallocated.size = 16384 (custom)
2019-11-15 20:27:24,413 [pool-539-thread-1] WARN  impl.MetricRegistriesImpl (MetricRegistriesImpl.java:lambda$create$1(61)) - First MetricRegistry has been created without registering reporters. You may need to call MetricRegistries.global().addReportRegistration(...) before.
2019-11-15 20:27:24,413 [pool-569-thread-1] INFO  server.RaftServerConfigKeys (ConfUtils.java:logGet(43)) - raft.server.log.write.buffer.size = 33554432 (custom)
2019-11-15 20:27:24,414 [pool-539-thread-1] WARN  impl.MetricRegistriesImpl (MetricRegistriesImpl.java:lambda$create$1(61)) - First MetricRegistry has been created without registering reporters. You may need to call MetricRegistries.global().addReportRegistration(...) before.
2019-11-15 20:27:24,413 [pool-549-thread-1] INFO  server.RaftServerConfigKeys (ConfUtils.java:logGet(43)) - raft.server.log.write.buffer.size = 33554432 (custom)
2019-11-15 20:27:24,414 [pool-539-thread-1] INFO  impl.RaftServerImpl (RaftServerImpl.java:start(184)) - ecb82392-9efc-4718-8957-302e66d96ccd@group-AB9D817F0B1B: start as a follower, conf=-1: [ecb82392-9efc-4718-8957-302e66d96ccd:192.168.157.201:35685, 6d6ed0d9-a6ea-4ace-a9af-83891056ab32:192.168.157.201:37473, c767ecc1-97b1-4b32-a4b7-dad4991a192e:192.168.157.201:43389], old=null
2019-11-15 20:27:24,414 [pool-569-thread-1] INFO  server.RaftServerConfigKeys (ConfUtils.java:logGet(43)) - raft.server.log.force.sync.num = 128 (default)
2019-11-15 20:27:24,414 [pool-539-thread-1] INFO  impl.RaftServerImpl (RaftServerImpl.java:setRole(173)) - ecb82392-9efc-4718-8957-302e66d96ccd@group-AB9D817F0B1B: changes role from      null to FOLLOWER at term 0 for startAsFollower
2019-11-15 20:27:24,414 [pool-549-thread-1] INFO  server.RaftServerConfigKeys (ConfUtils.java:logGet(43)) - raft.server.log.force.sync.num = 128 (default)
2019-11-15 20:27:24,414 [pool-539-thread-1] INFO  impl.RoleInfo (RoleInfo.java:updateAndGet(143)) - ecb82392-9efc-4718-8957-302e66d96ccd: start FollowerState
2019-11-15 20:27:24,414 [pool-569-thread-1] INFO  server.RaftServerConfigKeys (ConfUtils.java:logGet(43)) - raft.server.log.statemachine.data.sync = true (default)
2019-11-15 20:27:24,414 [pool-549-thread-1] INFO  server.RaftServerConfigKeys (ConfUtils.java:logGet(43)) - raft.server.log.statemachine.data.sync = true (default)
2019-11-15 20:27:24,414 [pool-569-thread-1] INFO  server.RaftServerConfigKeys (ConfUtils.java:logGet(43)) - raft.server.log.statemachine.data.sync.timeout = 10s (default)
2019-11-15 20:27:24,414 [pool-549-thread-1] INFO  server.RaftServerConfigKeys (ConfUtils.java:logGet(43)) - raft.server.log.statemachine.data.sync.timeout = 10s (default)
2019-11-15 20:27:24,415 [pool-539-thread-1] INFO  util.JmxRegister (JmxRegister.java:tryRegister(44)) - Successfully registered JMX Bean with object name Ratis:service=RaftServer,group=group-AB9D817F0B1B,id=ecb82392-9efc-4718-8957-302e66d96ccd
2019-11-15 20:27:24,415 [pool-569-thread-1] INFO  server.RaftServerConfigKeys (ConfUtils.java:logGet(43)) - raft.server.log.statemachine.data.sync.timeout.retry = -1 (default)
2019-11-15 20:27:24,415 [pool-539-thread-1] WARN  impl.MetricRegistriesImpl (MetricRegistriesImpl.java:lambda$create$1(61)) - First MetricRegistry has been created without registering reporters. You may need to call MetricRegistries.global().addReportRegistration(...) before.
2019-11-15 20:27:24,415 [pool-549-thread-1] INFO  server.RaftServerConfigKeys (ConfUtils.java:logGet(43)) - raft.server.log.statemachine.data.sync.timeout.retry = -1 (default)
2019-11-15 20:27:24,415 [pool-569-thread-1] INFO  server.RaftServerConfigKeys (ConfUtils.java:logGet(43)) - raft.server.log.statemachine.data.caching.enabled = true (custom)
2019-11-15 20:27:24,415 [pool-549-thread-1] INFO  server.RaftServerConfigKeys (ConfUtils.java:logGet(43)) - raft.server.log.statemachine.data.caching.enabled = true (custom)
2019-11-15 20:27:24,417 [pool-569-thread-1] INFO  segmented.SegmentedRaftLogWorker (SegmentedRaftLogWorker.java:lambda$new$0(128)) - 6d6ed0d9-a6ea-4ace-a9af-83891056ab32@group-AB9D817F0B1B-SegmentedRaftLogWorker: flushIndex: setUnconditionally 0 -> -1
2019-11-15 20:27:24,417 [pool-549-thread-1] INFO  segmented.SegmentedRaftLogWorker (SegmentedRaftLogWorker.java:lambda$new$0(128)) - c767ecc1-97b1-4b32-a4b7-dad4991a192e@group-AB9D817F0B1B-SegmentedRaftLogWorker: flushIndex: setUnconditionally 0 -> -1
2019-11-15 20:27:24,417 [pool-569-thread-1] INFO  server.RaftServerConfigKeys (ConfUtils.java:logGet(43)) - raft.server.snapshot.auto.trigger.enabled = true (custom)
2019-11-15 20:27:24,417 [pool-569-thread-1] INFO  server.RaftServerConfigKeys (ConfUtils.java:logGet(43)) - raft.server.snapshot.auto.trigger.threshold = 10000 (custom)
2019-11-15 20:27:24,418 [pool-569-thread-1] INFO  server.RaftServerConfigKeys (ConfUtils.java:logGet(43)) - raft.server.snapshot.retention.file.num = 5 (custom)
2019-11-15 20:27:24,418 [pool-549-thread-1] INFO  server.RaftServerConfigKeys (ConfUtils.java:logGet(43)) - raft.server.snapshot.auto.trigger.enabled = true (custom)
2019-11-15 20:27:24,418 [pool-569-thread-1] INFO  server.RaftServerConfigKeys (ConfUtils.java:logGet(43)) - raft.server.retrycache.expirytime = 600000ms (custom)
2019-11-15 20:27:24,418 [pool-549-thread-1] INFO  server.RaftServerConfigKeys (ConfUtils.java:logGet(43)) - raft.server.snapshot.auto.trigger.threshold = 10000 (custom)
2019-11-15 20:27:24,418 [pool-569-thread-1] WARN  impl.MetricRegistriesImpl (MetricRegistriesImpl.java:lambda$create$1(61)) - First MetricRegistry has been created without registering reporters. You may need to call MetricRegistries.global().addReportRegistration(...) before.
2019-11-15 20:27:24,418 [pool-549-thread-1] INFO  server.RaftServerConfigKeys (ConfUtils.java:logGet(43)) - raft.server.snapshot.retention.file.num = 5 (custom)
2019-11-15 20:27:24,418 [pool-569-thread-1] WARN  impl.MetricRegistriesImpl (MetricRegistriesImpl.java:lambda$create$1(61)) - First MetricRegistry has been created without registering reporters. You may need to call MetricRegistries.global().addReportRegistration(...) before.
2019-11-15 20:27:24,418 [pool-549-thread-1] INFO  server.RaftServerConfigKeys (ConfUtils.java:logGet(43)) - raft.server.retrycache.expirytime = 600000ms (custom)
2019-11-15 20:27:24,418 [pool-569-thread-1] INFO  impl.RaftServerImpl (RaftServerImpl.java:start(184)) - 6d6ed0d9-a6ea-4ace-a9af-83891056ab32@group-AB9D817F0B1B: start as a follower, conf=-1: [ecb82392-9efc-4718-8957-302e66d96ccd:192.168.157.201:35685, 6d6ed0d9-a6ea-4ace-a9af-83891056ab32:192.168.157.201:37473, c767ecc1-97b1-4b32-a4b7-dad4991a192e:192.168.157.201:43389], old=null
2019-11-15 20:27:24,418 [pool-549-thread-1] WARN  impl.MetricRegistriesImpl (MetricRegistriesImpl.java:lambda$create$1(61)) - First MetricRegistry has been created without registering reporters. You may need to call MetricRegistries.global().addReportRegistration(...) before.
2019-11-15 20:27:24,418 [pool-569-thread-1] INFO  impl.RaftServerImpl (RaftServerImpl.java:setRole(173)) - 6d6ed0d9-a6ea-4ace-a9af-83891056ab32@group-AB9D817F0B1B: changes role from      null to FOLLOWER at term 0 for startAsFollower
2019-11-15 20:27:24,419 [pool-549-thread-1] WARN  impl.MetricRegistriesImpl (MetricRegistriesImpl.java:lambda$create$1(61)) - First MetricRegistry has been created without registering reporters. You may need to call MetricRegistries.global().addReportRegistration(...) before.
2019-11-15 20:27:24,419 [pool-569-thread-1] INFO  impl.RoleInfo (RoleInfo.java:updateAndGet(143)) - 6d6ed0d9-a6ea-4ace-a9af-83891056ab32: start FollowerState
2019-11-15 20:27:24,419 [pool-549-thread-1] INFO  impl.RaftServerImpl (RaftServerImpl.java:start(184)) - c767ecc1-97b1-4b32-a4b7-dad4991a192e@group-AB9D817F0B1B: start as a follower, conf=-1: [ecb82392-9efc-4718-8957-302e66d96ccd:192.168.157.201:35685, 6d6ed0d9-a6ea-4ace-a9af-83891056ab32:192.168.157.201:37473, c767ecc1-97b1-4b32-a4b7-dad4991a192e:192.168.157.201:43389], old=null
2019-11-15 20:27:24,419 [pool-549-thread-1] INFO  impl.RaftServerImpl (RaftServerImpl.java:setRole(173)) - c767ecc1-97b1-4b32-a4b7-dad4991a192e@group-AB9D817F0B1B: changes role from      null to FOLLOWER at term 0 for startAsFollower
2019-11-15 20:27:24,419 [pool-569-thread-1] INFO  util.JmxRegister (JmxRegister.java:tryRegister(44)) - Successfully registered JMX Bean with object name Ratis:service=RaftServer,group=group-AB9D817F0B1B,id=6d6ed0d9-a6ea-4ace-a9af-83891056ab32
2019-11-15 20:27:24,419 [pool-569-thread-1] WARN  impl.MetricRegistriesImpl (MetricRegistriesImpl.java:lambda$create$1(61)) - First MetricRegistry has been created without registering reporters. You may need to call MetricRegistries.global().addReportRegistration(...) before.
2019-11-15 20:27:24,419 [pool-549-thread-1] INFO  impl.RoleInfo (RoleInfo.java:updateAndGet(143)) - c767ecc1-97b1-4b32-a4b7-dad4991a192e: start FollowerState
2019-11-15 20:27:24,420 [pool-549-thread-1] INFO  util.JmxRegister (JmxRegister.java:tryRegister(44)) - Successfully registered JMX Bean with object name Ratis:service=RaftServer,group=group-AB9D817F0B1B,id=c767ecc1-97b1-4b32-a4b7-dad4991a192e
2019-11-15 20:27:24,420 [pool-549-thread-1] WARN  impl.MetricRegistriesImpl (MetricRegistriesImpl.java:lambda$create$1(61)) - First MetricRegistry has been created without registering reporters. You may need to call MetricRegistries.global().addReportRegistration(...) before.
2019-11-15 20:27:24,422 [RatisPipelineUtilsThread] INFO  pipeline.PipelineStateManager (PipelineStateManager.java:addPipeline(55)) - Created pipeline Pipeline[ Id: c7d7306a-7d29-405c-81b0-ab9d817f0b1b, Nodes: 6d6ed0d9-a6ea-4ace-a9af-83891056ab32{ip: 192.168.157.201, host: pr-hdds-2514-unusedmethodparam-9qkq7-1267773169, networkLocation: /rack1, certSerialId: null}c767ecc1-97b1-4b32-a4b7-dad4991a192e{ip: 192.168.157.201, host: pr-hdds-2514-unusedmethodparam-9qkq7-1267773169, networkLocation: /rack1, certSerialId: null}ecb82392-9efc-4718-8957-302e66d96ccd{ip: 192.168.157.201, host: pr-hdds-2514-unusedmethodparam-9qkq7-1267773169, networkLocation: /rack1, certSerialId: null}, Type:RATIS, Factor:THREE, State:ALLOCATED]
2019-11-15 20:27:24,432 [grpc-default-executor-9] INFO  impl.RaftServerProxy (RaftServerProxy.java:addNew(89)) - 0d66e4d5-0fe9-441c-84d0-b1903c285e78: addNew group-B9C73B4FE054:[0d66e4d5-0fe9-441c-84d0-b1903c285e78:192.168.157.201:44210, b7fbb734-148a-49a6-9cb1-519eb8bdf364:192.168.157.201:44174, 77a687a8-07fe-464e-b0f2-03532ede599a:192.168.157.201:39884] returns group-B9C73B4FE054:java.util.concurrent.CompletableFuture@5ed635be[Not completed]
2019-11-15 20:27:24,432 [grpc-default-executor-10] INFO  impl.RaftServerProxy (RaftServerProxy.java:addNew(89)) - 77a687a8-07fe-464e-b0f2-03532ede599a: addNew group-B9C73B4FE054:[0d66e4d5-0fe9-441c-84d0-b1903c285e78:192.168.157.201:44210, b7fbb734-148a-49a6-9cb1-519eb8bdf364:192.168.157.201:44174, 77a687a8-07fe-464e-b0f2-03532ede599a:192.168.157.201:39884] returns group-B9C73B4FE054:java.util.concurrent.CompletableFuture@75bc8636[Not completed]
2019-11-15 20:27:24,432 [grpc-default-executor-12] INFO  impl.RaftServerProxy (RaftServerProxy.java:addNew(89)) - b7fbb734-148a-49a6-9cb1-519eb8bdf364: addNew group-B9C73B4FE054:[0d66e4d5-0fe9-441c-84d0-b1903c285e78:192.168.157.201:44210, b7fbb734-148a-49a6-9cb1-519eb8bdf364:192.168.157.201:44174, 77a687a8-07fe-464e-b0f2-03532ede599a:192.168.157.201:39884] returns group-B9C73B4FE054:java.util.concurrent.CompletableFuture@2c5cff5d[Not completed]
2019-11-15 20:27:24,433 [pool-559-thread-1] INFO  impl.RaftServerImpl (RaftServerImpl.java:<init>(98)) - 0d66e4d5-0fe9-441c-84d0-b1903c285e78: new RaftServerImpl for group-B9C73B4FE054:[0d66e4d5-0fe9-441c-84d0-b1903c285e78:192.168.157.201:44210, b7fbb734-148a-49a6-9cb1-519eb8bdf364:192.168.157.201:44174, 77a687a8-07fe-464e-b0f2-03532ede599a:192.168.157.201:39884] with ContainerStateMachine:uninitialized
2019-11-15 20:27:24,433 [pool-559-thread-1] INFO  server.RaftServerConfigKeys (ConfUtils.java:logGet(43)) - raft.server.rpc.timeout.min = 1s (custom)
2019-11-15 20:27:24,434 [pool-559-thread-1] INFO  server.RaftServerConfigKeys (ConfUtils.java:logGet(43)) - raft.server.rpc.timeout.max = 1200ms (custom)
2019-11-15 20:27:24,434 [pool-559-thread-1] INFO  server.RaftServerConfigKeys (ConfUtils.java:logGet(43)) - raft.server.rpcslowness.timeout = 120s (custom)
2019-11-15 20:27:24,434 [pool-589-thread-1] INFO  impl.RaftServerImpl (RaftServerImpl.java:<init>(98)) - b7fbb734-148a-49a6-9cb1-519eb8bdf364: new RaftServerImpl for group-B9C73B4FE054:[0d66e4d5-0fe9-441c-84d0-b1903c285e78:192.168.157.201:44210, b7fbb734-148a-49a6-9cb1-519eb8bdf364:192.168.157.201:44174, 77a687a8-07fe-464e-b0f2-03532ede599a:192.168.157.201:39884] with ContainerStateMachine:uninitialized
2019-11-15 20:27:24,434 [pool-559-thread-1] INFO  server.RaftServerConfigKeys (ConfUtils.java:logGet(43)) - raft.server.sleep.deviation.threshold = 300 (default)
2019-11-15 20:27:24,434 [pool-589-thread-1] INFO  server.RaftServerConfigKeys (ConfUtils.java:logGet(43)) - raft.server.rpc.timeout.min = 1s (custom)
2019-11-15 20:27:24,434 [pool-559-thread-1] INFO  server.RaftServerConfigKeys (ConfUtils.java:logGet(43)) - raft.server.log.appender.install.snapshot.enabled = false (custom)
2019-11-15 20:27:24,434 [pool-579-thread-1] INFO  impl.RaftServerImpl (RaftServerImpl.java:<init>(98)) - 77a687a8-07fe-464e-b0f2-03532ede599a: new RaftServerImpl for group-B9C73B4FE054:[0d66e4d5-0fe9-441c-84d0-b1903c285e78:192.168.157.201:44210, b7fbb734-148a-49a6-9cb1-519eb8bdf364:192.168.157.201:44174, 77a687a8-07fe-464e-b0f2-03532ede599a:192.168.157.201:39884] with ContainerStateMachine:uninitialized
2019-11-15 20:27:24,434 [pool-559-thread-1] INFO  impl.RaftServerImpl (ServerState.java:<init>(103)) - 0d66e4d5-0fe9-441c-84d0-b1903c285e78@group-B9C73B4FE054: ConfigurationManager, init=-1: [0d66e4d5-0fe9-441c-84d0-b1903c285e78:192.168.157.201:44210, b7fbb734-148a-49a6-9cb1-519eb8bdf364:192.168.157.201:44174, 77a687a8-07fe-464e-b0f2-03532ede599a:192.168.157.201:39884], old=null, confs=<EMPTY_MAP>
2019-11-15 20:27:24,434 [pool-589-thread-1] INFO  server.RaftServerConfigKeys (ConfUtils.java:logGet(43)) - raft.server.rpc.timeout.max = 1200ms (custom)
2019-11-15 20:27:24,435 [pool-559-thread-1] INFO  server.RaftServerConfigKeys (ConfUtils.java:logGet(43)) - raft.server.storage.dir = [/workdir/hadoop-ozone/integration-test/target/test-dir/MiniOzoneClusterImpl-2baab228-4da8-45e4-8c00-c7e13f1dd389/datanode-5/data/ratis] (custom)
2019-11-15 20:27:24,434 [pool-579-thread-1] INFO  server.RaftServerConfigKeys (ConfUtils.java:logGet(43)) - raft.server.rpc.timeout.min = 1s (custom)
2019-11-15 20:27:24,435 [pool-589-thread-1] INFO  server.RaftServerConfigKeys (ConfUtils.java:logGet(43)) - raft.server.rpcslowness.timeout = 120s (custom)
2019-11-15 20:27:24,435 [pool-579-thread-1] INFO  server.RaftServerConfigKeys (ConfUtils.java:logGet(43)) - raft.server.rpc.timeout.max = 1200ms (custom)
2019-11-15 20:27:24,435 [pool-579-thread-1] INFO  server.RaftServerConfigKeys (ConfUtils.java:logGet(43)) - raft.server.rpcslowness.timeout = 120s (custom)
2019-11-15 20:27:24,435 [pool-559-thread-1] INFO  server.RaftServerConfigKeys (ConfUtils.java:logGet(43)) - raft.server.log.corruption.policy = EXCEPTION (default)
2019-11-15 20:27:24,435 [pool-589-thread-1] INFO  server.RaftServerConfigKeys (ConfUtils.java:logGet(43)) - raft.server.sleep.deviation.threshold = 300 (default)
2019-11-15 20:27:24,435 [pool-579-thread-1] INFO  server.RaftServerConfigKeys (ConfUtils.java:logGet(43)) - raft.server.sleep.deviation.threshold = 300 (default)
2019-11-15 20:27:24,435 [pool-559-thread-1] INFO  storage.RaftStorageDirectory (RaftStorageDirectory.java:analyzeStorage(246)) - The storage directory /workdir/hadoop-ozone/integration-test/target/test-dir/MiniOzoneClusterImpl-2baab228-4da8-45e4-8c00-c7e13f1dd389/datanode-5/data/ratis/68b400d2-f8ff-4397-acae-b9c73b4fe054 does not exist. Creating ...
2019-11-15 20:27:24,435 [pool-589-thread-1] INFO  server.RaftServerConfigKeys (ConfUtils.java:logGet(43)) - raft.server.log.appender.install.snapshot.enabled = false (custom)
2019-11-15 20:27:24,435 [pool-579-thread-1] INFO  server.RaftServerConfigKeys (ConfUtils.java:logGet(43)) - raft.server.log.appender.install.snapshot.enabled = false (custom)
2019-11-15 20:27:24,435 [pool-589-thread-1] INFO  impl.RaftServerImpl (ServerState.java:<init>(103)) - b7fbb734-148a-49a6-9cb1-519eb8bdf364@group-B9C73B4FE054: ConfigurationManager, init=-1: [0d66e4d5-0fe9-441c-84d0-b1903c285e78:192.168.157.201:44210, b7fbb734-148a-49a6-9cb1-519eb8bdf364:192.168.157.201:44174, 77a687a8-07fe-464e-b0f2-03532ede599a:192.168.157.201:39884], old=null, confs=<EMPTY_MAP>
2019-11-15 20:27:24,435 [pool-579-thread-1] INFO  impl.RaftServerImpl (ServerState.java:<init>(103)) - 77a687a8-07fe-464e-b0f2-03532ede599a@group-B9C73B4FE054: ConfigurationManager, init=-1: [0d66e4d5-0fe9-441c-84d0-b1903c285e78:192.168.157.201:44210, b7fbb734-148a-49a6-9cb1-519eb8bdf364:192.168.157.201:44174, 77a687a8-07fe-464e-b0f2-03532ede599a:192.168.157.201:39884], old=null, confs=<EMPTY_MAP>
2019-11-15 20:27:24,436 [pool-589-thread-1] INFO  server.RaftServerConfigKeys (ConfUtils.java:logGet(43)) - raft.server.storage.dir = [/workdir/hadoop-ozone/integration-test/target/test-dir/MiniOzoneClusterImpl-2baab228-4da8-45e4-8c00-c7e13f1dd389/datanode-8/data/ratis] (custom)
2019-11-15 20:27:24,436 [pool-579-thread-1] INFO  server.RaftServerConfigKeys (ConfUtils.java:logGet(43)) - raft.server.storage.dir = [/workdir/hadoop-ozone/integration-test/target/test-dir/MiniOzoneClusterImpl-2baab228-4da8-45e4-8c00-c7e13f1dd389/datanode-7/data/ratis] (custom)
2019-11-15 20:27:24,436 [pool-589-thread-1] INFO  server.RaftServerConfigKeys (ConfUtils.java:logGet(43)) - raft.server.log.corruption.policy = EXCEPTION (default)
2019-11-15 20:27:24,436 [pool-579-thread-1] INFO  server.RaftServerConfigKeys (ConfUtils.java:logGet(43)) - raft.server.log.corruption.policy = EXCEPTION (default)
2019-11-15 20:27:24,436 [pool-589-thread-1] INFO  storage.RaftStorageDirectory (RaftStorageDirectory.java:analyzeStorage(246)) - The storage directory /workdir/hadoop-ozone/integration-test/target/test-dir/MiniOzoneClusterImpl-2baab228-4da8-45e4-8c00-c7e13f1dd389/datanode-8/data/ratis/68b400d2-f8ff-4397-acae-b9c73b4fe054 does not exist. Creating ...
2019-11-15 20:27:24,436 [pool-579-thread-1] INFO  storage.RaftStorageDirectory (RaftStorageDirectory.java:analyzeStorage(246)) - The storage directory /workdir/hadoop-ozone/integration-test/target/test-dir/MiniOzoneClusterImpl-2baab228-4da8-45e4-8c00-c7e13f1dd389/datanode-7/data/ratis/68b400d2-f8ff-4397-acae-b9c73b4fe054 does not exist. Creating ...
2019-11-15 20:27:24,460 [pool-559-thread-1] INFO  storage.RaftStorageDirectory (RaftStorageDirectory.java:tryLock(328)) - Lock on /workdir/hadoop-ozone/integration-test/target/test-dir/MiniOzoneClusterImpl-2baab228-4da8-45e4-8c00-c7e13f1dd389/datanode-5/data/ratis/68b400d2-f8ff-4397-acae-b9c73b4fe054/in_use.lock acquired by nodename 9872@pr-hdds-2514-unusedmethodparam-9qkq7-1267773169
2019-11-15 20:27:24,460 [pool-579-thread-1] INFO  storage.RaftStorageDirectory (RaftStorageDirectory.java:tryLock(328)) - Lock on /workdir/hadoop-ozone/integration-test/target/test-dir/MiniOzoneClusterImpl-2baab228-4da8-45e4-8c00-c7e13f1dd389/datanode-7/data/ratis/68b400d2-f8ff-4397-acae-b9c73b4fe054/in_use.lock acquired by nodename 9872@pr-hdds-2514-unusedmethodparam-9qkq7-1267773169
2019-11-15 20:27:24,460 [pool-589-thread-1] INFO  storage.RaftStorageDirectory (RaftStorageDirectory.java:tryLock(328)) - Lock on /workdir/hadoop-ozone/integration-test/target/test-dir/MiniOzoneClusterImpl-2baab228-4da8-45e4-8c00-c7e13f1dd389/datanode-8/data/ratis/68b400d2-f8ff-4397-acae-b9c73b4fe054/in_use.lock acquired by nodename 9872@pr-hdds-2514-unusedmethodparam-9qkq7-1267773169
2019-11-15 20:27:24,486 [pool-579-thread-1] INFO  storage.RaftStorage (RaftStorage.java:format(84)) - Storage directory /workdir/hadoop-ozone/integration-test/target/test-dir/MiniOzoneClusterImpl-2baab228-4da8-45e4-8c00-c7e13f1dd389/datanode-7/data/ratis/68b400d2-f8ff-4397-acae-b9c73b4fe054 has been successfully formatted.
2019-11-15 20:27:24,486 [pool-559-thread-1] INFO  storage.RaftStorage (RaftStorage.java:format(84)) - Storage directory /workdir/hadoop-ozone/integration-test/target/test-dir/MiniOzoneClusterImpl-2baab228-4da8-45e4-8c00-c7e13f1dd389/datanode-5/data/ratis/68b400d2-f8ff-4397-acae-b9c73b4fe054 has been successfully formatted.
2019-11-15 20:27:24,486 [pool-589-thread-1] INFO  storage.RaftStorage (RaftStorage.java:format(84)) - Storage directory /workdir/hadoop-ozone/integration-test/target/test-dir/MiniOzoneClusterImpl-2baab228-4da8-45e4-8c00-c7e13f1dd389/datanode-8/data/ratis/68b400d2-f8ff-4397-acae-b9c73b4fe054 has been successfully formatted.
2019-11-15 20:27:24,487 [pool-579-thread-1] INFO  ratis.ContainerStateMachine (ContainerStateMachine.java:loadSnapshot(223)) - group-B9C73B4FE054: The snapshot info is null. Setting the last applied indexto:(t:0, i:~)
2019-11-15 20:27:24,487 [pool-589-thread-1] INFO  ratis.ContainerStateMachine (ContainerStateMachine.java:loadSnapshot(223)) - group-B9C73B4FE054: The snapshot info is null. Setting the last applied indexto:(t:0, i:~)
2019-11-15 20:27:24,487 [pool-559-thread-1] INFO  ratis.ContainerStateMachine (ContainerStateMachine.java:loadSnapshot(223)) - group-B9C73B4FE054: The snapshot info is null. Setting the last applied indexto:(t:0, i:~)
2019-11-15 20:27:24,487 [pool-589-thread-1] INFO  server.RaftServerConfigKeys (ConfUtils.java:logGet(43)) - raft.server.notification.no-leader.timeout = 120s (custom)
2019-11-15 20:27:24,487 [pool-579-thread-1] INFO  server.RaftServerConfigKeys (ConfUtils.java:logGet(43)) - raft.server.notification.no-leader.timeout = 120s (custom)
2019-11-15 20:27:24,487 [pool-589-thread-1] INFO  server.RaftServerConfigKeys (ConfUtils.java:logGet(43)) - raft.server.log.use.memory = false (default)
2019-11-15 20:27:24,487 [pool-559-thread-1] INFO  server.RaftServerConfigKeys (ConfUtils.java:logGet(43)) - raft.server.notification.no-leader.timeout = 120s (custom)
2019-11-15 20:27:24,487 [pool-589-thread-1] INFO  server.RaftServerConfigKeys (ConfUtils.java:logGet(43)) - raft.server.log.purge.gap = 1000000 (custom)
2019-11-15 20:27:24,487 [pool-579-thread-1] INFO  server.RaftServerConfigKeys (ConfUtils.java:logGet(43)) - raft.server.log.use.memory = false (default)
2019-11-15 20:27:24,487 [pool-589-thread-1] INFO  server.RaftServerConfigKeys (ConfUtils.java:logGet(43)) - raft.server.log.appender.buffer.byte-limit = 33554432 (custom)
2019-11-15 20:27:24,487 [pool-559-thread-1] INFO  server.RaftServerConfigKeys (ConfUtils.java:logGet(43)) - raft.server.log.use.memory = false (default)
2019-11-15 20:27:24,488 [pool-589-thread-1] INFO  server.RaftServerConfigKeys (ConfUtils.java:logGet(43)) - raft.server.log.segment.size.max = 1048576 (custom)
2019-11-15 20:27:24,487 [pool-579-thread-1] INFO  server.RaftServerConfigKeys (ConfUtils.java:logGet(43)) - raft.server.log.purge.gap = 1000000 (custom)
2019-11-15 20:27:24,488 [pool-589-thread-1] INFO  server.RaftServerConfigKeys (ConfUtils.java:logGet(43)) - raft.server.log.segment.cache.num.max = 2 (custom)
2019-11-15 20:27:24,488 [pool-559-thread-1] INFO  server.RaftServerConfigKeys (ConfUtils.java:logGet(43)) - raft.server.log.purge.gap = 1000000 (custom)
2019-11-15 20:27:24,488 [pool-589-thread-1] INFO  segmented.SegmentedRaftLogWorker (SegmentedRaftLogWorker.java:<init>(173)) - new b7fbb734-148a-49a6-9cb1-519eb8bdf364@group-B9C73B4FE054-SegmentedRaftLogWorker for RaftStorage:Storage Directory /workdir/hadoop-ozone/integration-test/target/test-dir/MiniOzoneClusterImpl-2baab228-4da8-45e4-8c00-c7e13f1dd389/datanode-8/data/ratis/68b400d2-f8ff-4397-acae-b9c73b4fe054
2019-11-15 20:27:24,488 [pool-579-thread-1] INFO  server.RaftServerConfigKeys (ConfUtils.java:logGet(43)) - raft.server.log.appender.buffer.byte-limit = 33554432 (custom)
2019-11-15 20:27:24,488 [pool-589-thread-1] INFO  server.RaftServerConfigKeys (ConfUtils.java:logGet(43)) - raft.server.log.queue.byte-limit = 2147483647 (custom)
2019-11-15 20:27:24,488 [pool-559-thread-1] INFO  server.RaftServerConfigKeys (ConfUtils.java:logGet(43)) - raft.server.log.appender.buffer.byte-limit = 33554432 (custom)
2019-11-15 20:27:24,488 [pool-589-thread-1] INFO  server.RaftServerConfigKeys (ConfUtils.java:logGet(43)) - raft.server.log.queue.element-limit = 1024 (custom)
2019-11-15 20:27:24,488 [pool-579-thread-1] INFO  server.RaftServerConfigKeys (ConfUtils.java:logGet(43)) - raft.server.log.segment.size.max = 1048576 (custom)
2019-11-15 20:27:24,488 [pool-589-thread-1] INFO  server.RaftServerConfigKeys (ConfUtils.java:logGet(43)) - raft.server.log.segment.size.max = 1048576 (custom)
2019-11-15 20:27:24,488 [pool-559-thread-1] INFO  server.RaftServerConfigKeys (ConfUtils.java:logGet(43)) - raft.server.log.segment.size.max = 1048576 (custom)
2019-11-15 20:27:24,489 [pool-589-thread-1] INFO  server.RaftServerConfigKeys (ConfUtils.java:logGet(43)) - raft.server.log.preallocated.size = 16384 (custom)
2019-11-15 20:27:24,488 [pool-579-thread-1] INFO  server.RaftServerConfigKeys (ConfUtils.java:logGet(43)) - raft.server.log.segment.cache.num.max = 2 (custom)
2019-11-15 20:27:24,489 [pool-589-thread-1] INFO  server.RaftServerConfigKeys (ConfUtils.java:logGet(43)) - raft.server.log.write.buffer.size = 33554432 (custom)
2019-11-15 20:27:24,489 [pool-559-thread-1] INFO  server.RaftServerConfigKeys (ConfUtils.java:logGet(43)) - raft.server.log.segment.cache.num.max = 2 (custom)
2019-11-15 20:27:24,489 [pool-589-thread-1] INFO  server.RaftServerConfigKeys (ConfUtils.java:logGet(43)) - raft.server.log.force.sync.num = 128 (default)
2019-11-15 20:27:24,489 [pool-579-thread-1] INFO  segmented.SegmentedRaftLogWorker (SegmentedRaftLogWorker.java:<init>(173)) - new 77a687a8-07fe-464e-b0f2-03532ede599a@group-B9C73B4FE054-SegmentedRaftLogWorker for RaftStorage:Storage Directory /workdir/hadoop-ozone/integration-test/target/test-dir/MiniOzoneClusterImpl-2baab228-4da8-45e4-8c00-c7e13f1dd389/datanode-7/data/ratis/68b400d2-f8ff-4397-acae-b9c73b4fe054
2019-11-15 20:27:24,489 [pool-589-thread-1] INFO  server.RaftServerConfigKeys (ConfUtils.java:logGet(43)) - raft.server.log.statemachine.data.sync = true (default)
2019-11-15 20:27:24,489 [pool-559-thread-1] INFO  segmented.SegmentedRaftLogWorker (SegmentedRaftLogWorker.java:<init>(173)) - new 0d66e4d5-0fe9-441c-84d0-b1903c285e78@group-B9C73B4FE054-SegmentedRaftLogWorker for RaftStorage:Storage Directory /workdir/hadoop-ozone/integration-test/target/test-dir/MiniOzoneClusterImpl-2baab228-4da8-45e4-8c00-c7e13f1dd389/datanode-5/data/ratis/68b400d2-f8ff-4397-acae-b9c73b4fe054
2019-11-15 20:27:24,489 [pool-589-thread-1] INFO  server.RaftServerConfigKeys (ConfUtils.java:logGet(43)) - raft.server.log.statemachine.data.sync.timeout = 10s (default)
2019-11-15 20:27:24,489 [pool-579-thread-1] INFO  server.RaftServerConfigKeys (ConfUtils.java:logGet(43)) - raft.server.log.queue.byte-limit = 2147483647 (custom)
2019-11-15 20:27:24,489 [pool-589-thread-1] INFO  server.RaftServerConfigKeys (ConfUtils.java:logGet(43)) - raft.server.log.statemachine.data.sync.timeout.retry = -1 (default)
2019-11-15 20:27:24,489 [pool-559-thread-1] INFO  server.RaftServerConfigKeys (ConfUtils.java:logGet(43)) - raft.server.log.queue.byte-limit = 2147483647 (custom)
2019-11-15 20:27:24,490 [pool-589-thread-1] INFO  server.RaftServerConfigKeys (ConfUtils.java:logGet(43)) - raft.server.log.statemachine.data.caching.enabled = true (custom)
2019-11-15 20:27:24,489 [pool-579-thread-1] INFO  server.RaftServerConfigKeys (ConfUtils.java:logGet(43)) - raft.server.log.queue.element-limit = 1024 (custom)
2019-11-15 20:27:24,490 [pool-559-thread-1] INFO  server.RaftServerConfigKeys (ConfUtils.java:logGet(43)) - raft.server.log.queue.element-limit = 1024 (custom)
2019-11-15 20:27:24,490 [pool-589-thread-1] INFO  segmented.SegmentedRaftLogWorker (SegmentedRaftLogWorker.java:lambda$new$0(128)) - b7fbb734-148a-49a6-9cb1-519eb8bdf364@group-B9C73B4FE054-SegmentedRaftLogWorker: flushIndex: setUnconditionally 0 -> -1
2019-11-15 20:27:24,490 [pool-579-thread-1] INFO  server.RaftServerConfigKeys (ConfUtils.java:logGet(43)) - raft.server.log.segment.size.max = 1048576 (custom)
2019-11-15 20:27:24,490 [pool-559-thread-1] INFO  server.RaftServerConfigKeys (ConfUtils.java:logGet(43)) - raft.server.log.segment.size.max = 1048576 (custom)
2019-11-15 20:27:24,490 [pool-589-thread-1] INFO  server.RaftServerConfigKeys (ConfUtils.java:logGet(43)) - raft.server.snapshot.auto.trigger.enabled = true (custom)
2019-11-15 20:27:24,490 [pool-579-thread-1] INFO  server.RaftServerConfigKeys (ConfUtils.java:logGet(43)) - raft.server.log.preallocated.size = 16384 (custom)
2019-11-15 20:27:24,490 [pool-589-thread-1] INFO  server.RaftServerConfigKeys (ConfUtils.java:logGet(43)) - raft.server.snapshot.auto.trigger.threshold = 10000 (custom)
2019-11-15 20:27:24,490 [pool-559-thread-1] INFO  server.RaftServerConfigKeys (ConfUtils.java:logGet(43)) - raft.server.log.preallocated.size = 16384 (custom)
2019-11-15 20:27:24,490 [pool-589-thread-1] INFO  server.RaftServerConfigKeys (ConfUtils.java:logGet(43)) - raft.server.snapshot.retention.file.num = 5 (custom)
2019-11-15 20:27:24,490 [pool-579-thread-1] INFO  server.RaftServerConfigKeys (ConfUtils.java:logGet(43)) - raft.server.log.write.buffer.size = 33554432 (custom)
2019-11-15 20:27:24,491 [pool-589-thread-1] INFO  server.RaftServerConfigKeys (ConfUtils.java:logGet(43)) - raft.server.retrycache.expirytime = 600000ms (custom)
2019-11-15 20:27:24,491 [pool-559-thread-1] INFO  server.RaftServerConfigKeys (ConfUtils.java:logGet(43)) - raft.server.log.write.buffer.size = 33554432 (custom)
2019-11-15 20:27:24,491 [pool-589-thread-1] WARN  impl.MetricRegistriesImpl (MetricRegistriesImpl.java:lambda$create$1(61)) - First MetricRegistry has been created without registering reporters. You may need to call MetricRegistries.global().addReportRegistration(...) before.
2019-11-15 20:27:24,491 [pool-579-thread-1] INFO  server.RaftServerConfigKeys (ConfUtils.java:logGet(43)) - raft.server.log.force.sync.num = 128 (default)
2019-11-15 20:27:24,491 [pool-589-thread-1] WARN  impl.MetricRegistriesImpl (MetricRegistriesImpl.java:lambda$create$1(61)) - First MetricRegistry has been created without registering reporters. You may need to call MetricRegistries.global().addReportRegistration(...) before.
2019-11-15 20:27:24,491 [pool-559-thread-1] INFO  server.RaftServerConfigKeys (ConfUtils.java:logGet(43)) - raft.server.log.force.sync.num = 128 (default)
2019-11-15 20:27:24,491 [pool-589-thread-1] INFO  impl.RaftServerImpl (RaftServerImpl.java:start(184)) - b7fbb734-148a-49a6-9cb1-519eb8bdf364@group-B9C73B4FE054: start as a follower, conf=-1: [0d66e4d5-0fe9-441c-84d0-b1903c285e78:192.168.157.201:44210, b7fbb734-148a-49a6-9cb1-519eb8bdf364:192.168.157.201:44174, 77a687a8-07fe-464e-b0f2-03532ede599a:192.168.157.201:39884], old=null
2019-11-15 20:27:24,491 [pool-579-thread-1] INFO  server.RaftServerConfigKeys (ConfUtils.java:logGet(43)) - raft.server.log.statemachine.data.sync = true (default)
2019-11-15 20:27:24,491 [pool-589-thread-1] INFO  impl.RaftServerImpl (RaftServerImpl.java:setRole(173)) - b7fbb734-148a-49a6-9cb1-519eb8bdf364@group-B9C73B4FE054: changes role from      null to FOLLOWER at term 0 for startAsFollower
2019-11-15 20:27:24,491 [pool-559-thread-1] INFO  server.RaftServerConfigKeys (ConfUtils.java:logGet(43)) - raft.server.log.statemachine.data.sync = true (default)
2019-11-15 20:27:24,491 [pool-589-thread-1] INFO  impl.RoleInfo (RoleInfo.java:updateAndGet(143)) - b7fbb734-148a-49a6-9cb1-519eb8bdf364: start FollowerState
2019-11-15 20:27:24,491 [pool-579-thread-1] INFO  server.RaftServerConfigKeys (ConfUtils.java:logGet(43)) - raft.server.log.statemachine.data.sync.timeout = 10s (default)
2019-11-15 20:27:24,492 [pool-559-thread-1] INFO  server.RaftServerConfigKeys (ConfUtils.java:logGet(43)) - raft.server.log.statemachine.data.sync.timeout = 10s (default)
2019-11-15 20:27:24,492 [pool-589-thread-1] INFO  util.JmxRegister (JmxRegister.java:tryRegister(44)) - Successfully registered JMX Bean with object name Ratis:service=RaftServer,group=group-B9C73B4FE054,id=b7fbb734-148a-49a6-9cb1-519eb8bdf364
2019-11-15 20:27:24,492 [pool-559-thread-1] INFO  server.RaftServerConfigKeys (ConfUtils.java:logGet(43)) - raft.server.log.statemachine.data.sync.timeout.retry = -1 (default)
2019-11-15 20:27:24,492 [pool-579-thread-1] INFO  server.RaftServerConfigKeys (ConfUtils.java:logGet(43)) - raft.server.log.statemachine.data.sync.timeout.retry = -1 (default)
2019-11-15 20:27:24,492 [pool-559-thread-1] INFO  server.RaftServerConfigKeys (ConfUtils.java:logGet(43)) - raft.server.log.statemachine.data.caching.enabled = true (custom)
2019-11-15 20:27:24,492 [pool-589-thread-1] WARN  impl.MetricRegistriesImpl (MetricRegistriesImpl.java:lambda$create$1(61)) - First MetricRegistry has been created without registering reporters. You may need to call MetricRegistries.global().addReportRegistration(...) before.
2019-11-15 20:27:24,492 [pool-579-thread-1] INFO  server.RaftServerConfigKeys (ConfUtils.java:logGet(43)) - raft.server.log.statemachine.data.caching.enabled = true (custom)
2019-11-15 20:27:24,492 [pool-559-thread-1] INFO  segmented.SegmentedRaftLogWorker (SegmentedRaftLogWorker.java:lambda$new$0(128)) - 0d66e4d5-0fe9-441c-84d0-b1903c285e78@group-B9C73B4FE054-SegmentedRaftLogWorker: flushIndex: setUnconditionally 0 -> -1
2019-11-15 20:27:24,493 [pool-579-thread-1] INFO  segmented.SegmentedRaftLogWorker (SegmentedRaftLogWorker.java:lambda$new$0(128)) - 77a687a8-07fe-464e-b0f2-03532ede599a@group-B9C73B4FE054-SegmentedRaftLogWorker: flushIndex: setUnconditionally 0 -> -1
2019-11-15 20:27:24,493 [pool-559-thread-1] INFO  server.RaftServerConfigKeys (ConfUtils.java:logGet(43)) - raft.server.snapshot.auto.trigger.enabled = true (custom)
2019-11-15 20:27:24,493 [pool-579-thread-1] INFO  server.RaftServerConfigKeys (ConfUtils.java:logGet(43)) - raft.server.snapshot.auto.trigger.enabled = true (custom)
2019-11-15 20:27:24,493 [pool-559-thread-1] INFO  server.RaftServerConfigKeys (ConfUtils.java:logGet(43)) - raft.server.snapshot.auto.trigger.threshold = 10000 (custom)
2019-11-15 20:27:24,493 [pool-559-thread-1] INFO  server.RaftServerConfigKeys (ConfUtils.java:logGet(43)) - raft.server.snapshot.retention.file.num = 5 (custom)
2019-11-15 20:27:24,493 [pool-579-thread-1] INFO  server.RaftServerConfigKeys (ConfUtils.java:logGet(43)) - raft.server.snapshot.auto.trigger.threshold = 10000 (custom)
2019-11-15 20:27:24,493 [pool-559-thread-1] INFO  server.RaftServerConfigKeys (ConfUtils.java:logGet(43)) - raft.server.retrycache.expirytime = 600000ms (custom)
2019-11-15 20:27:24,493 [pool-579-thread-1] INFO  server.RaftServerConfigKeys (ConfUtils.java:logGet(43)) - raft.server.snapshot.retention.file.num = 5 (custom)
2019-11-15 20:27:24,494 [pool-559-thread-1] WARN  impl.MetricRegistriesImpl (MetricRegistriesImpl.java:lambda$create$1(61)) - First MetricRegistry has been created without registering reporters. You may need to call MetricRegistries.global().addReportRegistration(...) before.
2019-11-15 20:27:24,494 [pool-579-thread-1] INFO  server.RaftServerConfigKeys (ConfUtils.java:logGet(43)) - raft.server.retrycache.expirytime = 600000ms (custom)
2019-11-15 20:27:24,494 [pool-559-thread-1] WARN  impl.MetricRegistriesImpl (MetricRegistriesImpl.java:lambda$create$1(61)) - First MetricRegistry has been created without registering reporters. You may need to call MetricRegistries.global().addReportRegistration(...) before.
2019-11-15 20:27:24,494 [pool-579-thread-1] WARN  impl.MetricRegistriesImpl (MetricRegistriesImpl.java:lambda$create$1(61)) - First MetricRegistry has been created without registering reporters. You may need to call MetricRegistries.global().addReportRegistration(...) before.
2019-11-15 20:27:24,494 [pool-559-thread-1] INFO  impl.RaftServerImpl (RaftServerImpl.java:start(184)) - 0d66e4d5-0fe9-441c-84d0-b1903c285e78@group-B9C73B4FE054: start as a follower, conf=-1: [0d66e4d5-0fe9-441c-84d0-b1903c285e78:192.168.157.201:44210, b7fbb734-148a-49a6-9cb1-519eb8bdf364:192.168.157.201:44174, 77a687a8-07fe-464e-b0f2-03532ede599a:192.168.157.201:39884], old=null
2019-11-15 20:27:24,494 [pool-579-thread-1] WARN  impl.MetricRegistriesImpl (MetricRegistriesImpl.java:lambda$create$1(61)) - First MetricRegistry has been created without registering reporters. You may need to call MetricRegistries.global().addReportRegistration(...) before.
2019-11-15 20:27:24,494 [pool-559-thread-1] INFO  impl.RaftServerImpl (RaftServerImpl.java:setRole(173)) - 0d66e4d5-0fe9-441c-84d0-b1903c285e78@group-B9C73B4FE054: changes role from      null to FOLLOWER at term 0 for startAsFollower
2019-11-15 20:27:24,494 [pool-579-thread-1] INFO  impl.RaftServerImpl (RaftServerImpl.java:start(184)) - 77a687a8-07fe-464e-b0f2-03532ede599a@group-B9C73B4FE054: start as a follower, conf=-1: [0d66e4d5-0fe9-441c-84d0-b1903c285e78:192.168.157.201:44210, b7fbb734-148a-49a6-9cb1-519eb8bdf364:192.168.157.201:44174, 77a687a8-07fe-464e-b0f2-03532ede599a:192.168.157.201:39884], old=null
2019-11-15 20:27:24,494 [pool-559-thread-1] INFO  impl.RoleInfo (RoleInfo.java:updateAndGet(143)) - 0d66e4d5-0fe9-441c-84d0-b1903c285e78: start FollowerState
2019-11-15 20:27:24,494 [pool-579-thread-1] INFO  impl.RaftServerImpl (RaftServerImpl.java:setRole(173)) - 77a687a8-07fe-464e-b0f2-03532ede599a@group-B9C73B4FE054: changes role from      null to FOLLOWER at term 0 for startAsFollower
2019-11-15 20:27:24,495 [pool-579-thread-1] INFO  impl.RoleInfo (RoleInfo.java:updateAndGet(143)) - 77a687a8-07fe-464e-b0f2-03532ede599a: start FollowerState
2019-11-15 20:27:24,495 [pool-559-thread-1] INFO  util.JmxRegister (JmxRegister.java:tryRegister(44)) - Successfully registered JMX Bean with object name Ratis:service=RaftServer,group=group-B9C73B4FE054,id=0d66e4d5-0fe9-441c-84d0-b1903c285e78
2019-11-15 20:27:24,495 [pool-559-thread-1] WARN  impl.MetricRegistriesImpl (MetricRegistriesImpl.java:lambda$create$1(61)) - First MetricRegistry has been created without registering reporters. You may need to call MetricRegistries.global().addReportRegistration(...) before.
2019-11-15 20:27:24,495 [pool-579-thread-1] INFO  util.JmxRegister (JmxRegister.java:tryRegister(44)) - Successfully registered JMX Bean with object name Ratis:service=RaftServer,group=group-B9C73B4FE054,id=77a687a8-07fe-464e-b0f2-03532ede599a
2019-11-15 20:27:24,495 [pool-579-thread-1] WARN  impl.MetricRegistriesImpl (MetricRegistriesImpl.java:lambda$create$1(61)) - First MetricRegistry has been created without registering reporters. You may need to call MetricRegistries.global().addReportRegistration(...) before.
2019-11-15 20:27:24,498 [RatisPipelineUtilsThread] INFO  pipeline.PipelineStateManager (PipelineStateManager.java:addPipeline(55)) - Created pipeline Pipeline[ Id: 68b400d2-f8ff-4397-acae-b9c73b4fe054, Nodes: b7fbb734-148a-49a6-9cb1-519eb8bdf364{ip: 192.168.157.201, host: pr-hdds-2514-unusedmethodparam-9qkq7-1267773169, networkLocation: /rack1, certSerialId: null}0d66e4d5-0fe9-441c-84d0-b1903c285e78{ip: 192.168.157.201, host: pr-hdds-2514-unusedmethodparam-9qkq7-1267773169, networkLocation: /rack1, certSerialId: null}77a687a8-07fe-464e-b0f2-03532ede599a{ip: 192.168.157.201, host: pr-hdds-2514-unusedmethodparam-9qkq7-1267773169, networkLocation: /rack1, certSerialId: null}, Type:RATIS, Factor:THREE, State:ALLOCATED]
2019-11-15 20:27:24,498 [main] INFO  ozone.MiniOzoneClusterImpl (MiniOzoneClusterImpl.java:lambda$waitForClusterToBeReady$2(163)) - Waiting for 13 number of pipelines out of 13, to report a leader.
2019-11-15 20:27:24,682 [Thread-4002] INFO  impl.FollowerState (FollowerState.java:run(111)) - 95354d75-8d68-42fd-a60f-edc5fe17909c@group-F79D61D6277E-FollowerState: change to CANDIDATE, lastRpcTime:1032ms, electionTimeout:1032ms
2019-11-15 20:27:24,682 [Thread-4002] INFO  impl.RoleInfo (RoleInfo.java:shutdownFollowerState(121)) - 95354d75-8d68-42fd-a60f-edc5fe17909c: shutdown FollowerState
2019-11-15 20:27:24,682 [Thread-4002] INFO  impl.RaftServerImpl (RaftServerImpl.java:setRole(173)) - 95354d75-8d68-42fd-a60f-edc5fe17909c@group-F79D61D6277E: changes role from  FOLLOWER to CANDIDATE at term 0 for changeToCandidate
2019-11-15 20:27:24,682 [Thread-4002] INFO  impl.RoleInfo (RoleInfo.java:updateAndGet(143)) - 95354d75-8d68-42fd-a60f-edc5fe17909c: start LeaderElection
2019-11-15 20:27:24,712 [95354d75-8d68-42fd-a60f-edc5fe17909c@group-F79D61D6277E-LeaderElection158] INFO  impl.LeaderElection (LeaderElection.java:askForVotes(178)) - 95354d75-8d68-42fd-a60f-edc5fe17909c@group-F79D61D6277E-LeaderElection158: begin an election at term 1 for -1: [95354d75-8d68-42fd-a60f-edc5fe17909c:192.168.157.201:38687], old=null
2019-11-15 20:27:24,712 [95354d75-8d68-42fd-a60f-edc5fe17909c@group-F79D61D6277E-LeaderElection158] INFO  impl.RoleInfo (RoleInfo.java:shutdownLeaderElection(134)) - 95354d75-8d68-42fd-a60f-edc5fe17909c: shutdown LeaderElection
2019-11-15 20:27:24,712 [95354d75-8d68-42fd-a60f-edc5fe17909c@group-F79D61D6277E-LeaderElection158] INFO  impl.RaftServerImpl (RaftServerImpl.java:setRole(173)) - 95354d75-8d68-42fd-a60f-edc5fe17909c@group-F79D61D6277E: changes role from CANDIDATE to LEADER at term 1 for changeToLeader
2019-11-15 20:27:24,713 [95354d75-8d68-42fd-a60f-edc5fe17909c@group-F79D61D6277E-LeaderElection158] INFO  ratis.XceiverServerRatis (XceiverServerRatis.java:handleLeaderChangedNotification(697)) - Leader change notification received for group: group-F79D61D6277E with new leaderId: 95354d75-8d68-42fd-a60f-edc5fe17909c
2019-11-15 20:27:24,713 [95354d75-8d68-42fd-a60f-edc5fe17909c@group-F79D61D6277E-LeaderElection158] INFO  impl.RaftServerImpl (ServerState.java:setLeader(255)) - 95354d75-8d68-42fd-a60f-edc5fe17909c@group-F79D61D6277E: change Leader from null to 95354d75-8d68-42fd-a60f-edc5fe17909c at term 1 for becomeLeader, leader elected after 1066ms
2019-11-15 20:27:24,713 [95354d75-8d68-42fd-a60f-edc5fe17909c@group-F79D61D6277E-LeaderElection158] INFO  server.RaftServerConfigKeys (ConfUtils.java:logGet(43)) - raft.server.staging.catchup.gap = 1000 (default)
2019-11-15 20:27:24,716 [95354d75-8d68-42fd-a60f-edc5fe17909c@group-F79D61D6277E-LeaderElection158] INFO  server.RaftServerConfigKeys (ConfUtils.java:logGet(43)) - raft.server.rpc.sleep.time = 25ms (default)
2019-11-15 20:27:24,717 [95354d75-8d68-42fd-a60f-edc5fe17909c@group-F79D61D6277E-LeaderElection158] INFO  server.RaftServerConfigKeys (ConfUtils.java:logGet(43)) - raft.server.write.element-limit = 4096 (default)
2019-11-15 20:27:24,717 [95354d75-8d68-42fd-a60f-edc5fe17909c@group-F79D61D6277E-LeaderElection158] INFO  server.RaftServerConfigKeys (ConfUtils.java:logGet(43)) - raft.server.watch.timeout = 10s (default)
2019-11-15 20:27:24,717 [95354d75-8d68-42fd-a60f-edc5fe17909c@group-F79D61D6277E-LeaderElection158] INFO  server.RaftServerConfigKeys (ConfUtils.java:logGet(43)) - raft.server.watch.timeout.denomination = 1s (default)
2019-11-15 20:27:24,717 [EventQueue-PipelineReportForPipelineReportHandler] INFO  pipeline.PipelineStateManager (PipelineStateManager.java:openPipeline(134)) - Pipeline Pipeline[ Id: 0f0e6722-ee67-410c-8272-f79d61d6277e, Nodes: 95354d75-8d68-42fd-a60f-edc5fe17909c{ip: 192.168.157.201, host: pr-hdds-2514-unusedmethodparam-9qkq7-1267773169, networkLocation: /rack1, certSerialId: null}, Type:RATIS, Factor:ONE, State:OPEN] moved to OPEN state
2019-11-15 20:27:24,717 [95354d75-8d68-42fd-a60f-edc5fe17909c@group-F79D61D6277E-LeaderElection158] INFO  server.RaftServerConfigKeys (ConfUtils.java:logGet(43)) - raft.server.watch.element-limit = 65536 (default)
2019-11-15 20:27:24,718 [95354d75-8d68-42fd-a60f-edc5fe17909c@group-F79D61D6277E-LeaderElection158] INFO  impl.RoleInfo (RoleInfo.java:updateAndGet(143)) - 95354d75-8d68-42fd-a60f-edc5fe17909c: start LeaderState
2019-11-15 20:27:24,718 [95354d75-8d68-42fd-a60f-edc5fe17909c@group-F79D61D6277E-LeaderElection158] INFO  segmented.SegmentedRaftLogWorker (SegmentedRaftLogWorker.java:startLogSegment(385)) - 95354d75-8d68-42fd-a60f-edc5fe17909c@group-F79D61D6277E-SegmentedRaftLogWorker: Starting segment from index:0
2019-11-15 20:27:24,719 [95354d75-8d68-42fd-a60f-edc5fe17909c@group-F79D61D6277E-LeaderElection158] INFO  impl.RaftServerImpl (ServerState.java:setRaftConf(356)) - 95354d75-8d68-42fd-a60f-edc5fe17909c@group-F79D61D6277E: set configuration 0: [95354d75-8d68-42fd-a60f-edc5fe17909c:192.168.157.201:38687], old=null at 0
2019-11-15 20:27:24,773 [95354d75-8d68-42fd-a60f-edc5fe17909c@group-F79D61D6277E-SegmentedRaftLogWorker] INFO  segmented.SegmentedRaftLogWorker (SegmentedRaftLogWorker.java:execute(576)) - 95354d75-8d68-42fd-a60f-edc5fe17909c@group-F79D61D6277E-SegmentedRaftLogWorker: created new log segment /workdir/hadoop-ozone/integration-test/target/test-dir/MiniOzoneClusterImpl-2baab228-4da8-45e4-8c00-c7e13f1dd389/datanode-0/data/ratis/0f0e6722-ee67-410c-8272-f79d61d6277e/current/log_inprogress_0
2019-11-15 20:27:24,886 [Thread-4005] INFO  impl.FollowerState (FollowerState.java:run(111)) - 4f10a0c5-c407-437d-ba7d-4ff51fc359eb@group-C518C791B6E8-FollowerState: change to CANDIDATE, lastRpcTime:1166ms, electionTimeout:1166ms
2019-11-15 20:27:24,886 [Thread-4005] INFO  impl.RoleInfo (RoleInfo.java:shutdownFollowerState(121)) - 4f10a0c5-c407-437d-ba7d-4ff51fc359eb: shutdown FollowerState
2019-11-15 20:27:24,886 [Thread-4005] INFO  impl.RaftServerImpl (RaftServerImpl.java:setRole(173)) - 4f10a0c5-c407-437d-ba7d-4ff51fc359eb@group-C518C791B6E8: changes role from  FOLLOWER to CANDIDATE at term 0 for changeToCandidate
2019-11-15 20:27:24,886 [Thread-4005] INFO  impl.RoleInfo (RoleInfo.java:updateAndGet(143)) - 4f10a0c5-c407-437d-ba7d-4ff51fc359eb: start LeaderElection
2019-11-15 20:27:24,919 [4f10a0c5-c407-437d-ba7d-4ff51fc359eb@group-C518C791B6E8-LeaderElection159] INFO  impl.LeaderElection (LeaderElection.java:askForVotes(178)) - 4f10a0c5-c407-437d-ba7d-4ff51fc359eb@group-C518C791B6E8-LeaderElection159: begin an election at term 1 for -1: [4f10a0c5-c407-437d-ba7d-4ff51fc359eb:192.168.157.201:40274], old=null
2019-11-15 20:27:24,919 [4f10a0c5-c407-437d-ba7d-4ff51fc359eb@group-C518C791B6E8-LeaderElection159] INFO  impl.RoleInfo (RoleInfo.java:shutdownLeaderElection(134)) - 4f10a0c5-c407-437d-ba7d-4ff51fc359eb: shutdown LeaderElection
2019-11-15 20:27:24,919 [4f10a0c5-c407-437d-ba7d-4ff51fc359eb@group-C518C791B6E8-LeaderElection159] INFO  impl.RaftServerImpl (RaftServerImpl.java:setRole(173)) - 4f10a0c5-c407-437d-ba7d-4ff51fc359eb@group-C518C791B6E8: changes role from CANDIDATE to LEADER at term 1 for changeToLeader
2019-11-15 20:27:24,919 [4f10a0c5-c407-437d-ba7d-4ff51fc359eb@group-C518C791B6E8-LeaderElection159] INFO  ratis.XceiverServerRatis (XceiverServerRatis.java:handleLeaderChangedNotification(697)) - Leader change notification received for group: group-C518C791B6E8 with new leaderId: 4f10a0c5-c407-437d-ba7d-4ff51fc359eb
2019-11-15 20:27:24,919 [4f10a0c5-c407-437d-ba7d-4ff51fc359eb@group-C518C791B6E8-LeaderElection159] INFO  impl.RaftServerImpl (ServerState.java:setLeader(255)) - 4f10a0c5-c407-437d-ba7d-4ff51fc359eb@group-C518C791B6E8: change Leader from null to 4f10a0c5-c407-437d-ba7d-4ff51fc359eb at term 1 for becomeLeader, leader elected after 1202ms
2019-11-15 20:27:24,919 [4f10a0c5-c407-437d-ba7d-4ff51fc359eb@group-C518C791B6E8-LeaderElection159] INFO  server.RaftServerConfigKeys (ConfUtils.java:logGet(43)) - raft.server.staging.catchup.gap = 1000 (default)
2019-11-15 20:27:24,919 [4f10a0c5-c407-437d-ba7d-4ff51fc359eb@group-C518C791B6E8-LeaderElection159] INFO  server.RaftServerConfigKeys (ConfUtils.java:logGet(43)) - raft.server.rpc.sleep.time = 25ms (default)
2019-11-15 20:27:24,922 [4f10a0c5-c407-437d-ba7d-4ff51fc359eb@group-C518C791B6E8-LeaderElection159] INFO  server.RaftServerConfigKeys (ConfUtils.java:logGet(43)) - raft.server.write.element-limit = 4096 (default)
2019-11-15 20:27:24,922 [4f10a0c5-c407-437d-ba7d-4ff51fc359eb@group-C518C791B6E8-LeaderElection159] INFO  server.RaftServerConfigKeys (ConfUtils.java:logGet(43)) - raft.server.watch.timeout = 10s (default)
2019-11-15 20:27:24,922 [4f10a0c5-c407-437d-ba7d-4ff51fc359eb@group-C518C791B6E8-LeaderElection159] INFO  server.RaftServerConfigKeys (ConfUtils.java:logGet(43)) - raft.server.watch.timeout.denomination = 1s (default)
2019-11-15 20:27:24,922 [4f10a0c5-c407-437d-ba7d-4ff51fc359eb@group-C518C791B6E8-LeaderElection159] INFO  server.RaftServerConfigKeys (ConfUtils.java:logGet(43)) - raft.server.watch.element-limit = 65536 (default)
2019-11-15 20:27:24,922 [4f10a0c5-c407-437d-ba7d-4ff51fc359eb@group-C518C791B6E8-LeaderElection159] INFO  impl.RoleInfo (RoleInfo.java:updateAndGet(143)) - 4f10a0c5-c407-437d-ba7d-4ff51fc359eb: start LeaderState
2019-11-15 20:27:24,922 [EventQueue-PipelineReportForPipelineReportHandler] INFO  pipeline.PipelineStateManager (PipelineStateManager.java:openPipeline(134)) - Pipeline Pipeline[ Id: 33537000-145f-4b10-be9a-c518c791b6e8, Nodes: 4f10a0c5-c407-437d-ba7d-4ff51fc359eb{ip: 192.168.157.201, host: pr-hdds-2514-unusedmethodparam-9qkq7-1267773169, networkLocation: /rack1, certSerialId: null}, Type:RATIS, Factor:ONE, State:OPEN] moved to OPEN state
2019-11-15 20:27:24,922 [4f10a0c5-c407-437d-ba7d-4ff51fc359eb@group-C518C791B6E8-LeaderElection159] INFO  segmented.SegmentedRaftLogWorker (SegmentedRaftLogWorker.java:startLogSegment(385)) - 4f10a0c5-c407-437d-ba7d-4ff51fc359eb@group-C518C791B6E8-SegmentedRaftLogWorker: Starting segment from index:0
2019-11-15 20:27:24,923 [4f10a0c5-c407-437d-ba7d-4ff51fc359eb@group-C518C791B6E8-LeaderElection159] INFO  impl.RaftServerImpl (ServerState.java:setRaftConf(356)) - 4f10a0c5-c407-437d-ba7d-4ff51fc359eb@group-C518C791B6E8: set configuration 0: [4f10a0c5-c407-437d-ba7d-4ff51fc359eb:192.168.157.201:40274], old=null at 0
2019-11-15 20:27:24,932 [Thread-4011] INFO  impl.FollowerState (FollowerState.java:run(111)) - d8d3f8ae-ceeb-4228-b266-44fc60f7c1eb@group-1E634FA8F36E-FollowerState: change to CANDIDATE, lastRpcTime:1056ms, electionTimeout:1056ms
2019-11-15 20:27:24,932 [Thread-4011] INFO  impl.RoleInfo (RoleInfo.java:shutdownFollowerState(121)) - d8d3f8ae-ceeb-4228-b266-44fc60f7c1eb: shutdown FollowerState
2019-11-15 20:27:24,932 [Thread-4011] INFO  impl.RaftServerImpl (RaftServerImpl.java:setRole(173)) - d8d3f8ae-ceeb-4228-b266-44fc60f7c1eb@group-1E634FA8F36E: changes role from  FOLLOWER to CANDIDATE at term 0 for changeToCandidate
2019-11-15 20:27:24,932 [Thread-4011] INFO  impl.RoleInfo (RoleInfo.java:updateAndGet(143)) - d8d3f8ae-ceeb-4228-b266-44fc60f7c1eb: start LeaderElection
2019-11-15 20:27:24,964 [Thread-4008] INFO  impl.FollowerState (FollowerState.java:run(111)) - d8d3f8ae-ceeb-4228-b266-44fc60f7c1eb@group-EE693E85B03C-FollowerState: change to CANDIDATE, lastRpcTime:1165ms, electionTimeout:1153ms
2019-11-15 20:27:24,964 [Thread-4008] INFO  impl.RoleInfo (RoleInfo.java:shutdownFollowerState(121)) - d8d3f8ae-ceeb-4228-b266-44fc60f7c1eb: shutdown FollowerState
2019-11-15 20:27:24,965 [Thread-4008] INFO  impl.RaftServerImpl (RaftServerImpl.java:setRole(173)) - d8d3f8ae-ceeb-4228-b266-44fc60f7c1eb@group-EE693E85B03C: changes role from  FOLLOWER to CANDIDATE at term 0 for changeToCandidate
2019-11-15 20:27:24,965 [Thread-4008] INFO  impl.RoleInfo (RoleInfo.java:updateAndGet(143)) - d8d3f8ae-ceeb-4228-b266-44fc60f7c1eb: start LeaderElection
2019-11-15 20:27:24,972 [Thread-4016] INFO  impl.FollowerState (FollowerState.java:run(111)) - 95354d75-8d68-42fd-a60f-edc5fe17909c@group-1E634FA8F36E-FollowerState: change to CANDIDATE, lastRpcTime:1093ms, electionTimeout:1093ms
2019-11-15 20:27:24,972 [Thread-4016] INFO  impl.RoleInfo (RoleInfo.java:shutdownFollowerState(121)) - 95354d75-8d68-42fd-a60f-edc5fe17909c: shutdown FollowerState
2019-11-15 20:27:24,973 [Thread-4016] INFO  impl.RaftServerImpl (RaftServerImpl.java:setRole(173)) - 95354d75-8d68-42fd-a60f-edc5fe17909c@group-1E634FA8F36E: changes role from  FOLLOWER to CANDIDATE at term 0 for changeToCandidate
2019-11-15 20:27:24,973 [Thread-4016] INFO  impl.RoleInfo (RoleInfo.java:updateAndGet(143)) - 95354d75-8d68-42fd-a60f-edc5fe17909c: start LeaderElection
2019-11-15 20:27:24,988 [4f10a0c5-c407-437d-ba7d-4ff51fc359eb@group-C518C791B6E8-SegmentedRaftLogWorker] INFO  segmented.SegmentedRaftLogWorker (SegmentedRaftLogWorker.java:execute(576)) - 4f10a0c5-c407-437d-ba7d-4ff51fc359eb@group-C518C791B6E8-SegmentedRaftLogWorker: created new log segment /workdir/hadoop-ozone/integration-test/target/test-dir/MiniOzoneClusterImpl-2baab228-4da8-45e4-8c00-c7e13f1dd389/datanode-1/data/ratis/33537000-145f-4b10-be9a-c518c791b6e8/current/log_inprogress_0
2019-11-15 20:27:24,989 [d8d3f8ae-ceeb-4228-b266-44fc60f7c1eb@group-EE693E85B03C-LeaderElection161] INFO  impl.LeaderElection (LeaderElection.java:askForVotes(178)) - d8d3f8ae-ceeb-4228-b266-44fc60f7c1eb@group-EE693E85B03C-LeaderElection161: begin an election at term 1 for -1: [d8d3f8ae-ceeb-4228-b266-44fc60f7c1eb:192.168.157.201:44849], old=null
2019-11-15 20:27:24,989 [d8d3f8ae-ceeb-4228-b266-44fc60f7c1eb@group-1E634FA8F36E-LeaderElection160] INFO  impl.LeaderElection (LeaderElection.java:askForVotes(178)) - d8d3f8ae-ceeb-4228-b266-44fc60f7c1eb@group-1E634FA8F36E-LeaderElection160: begin an election at term 1 for -1: [4f10a0c5-c407-437d-ba7d-4ff51fc359eb:192.168.157.201:40274, d8d3f8ae-ceeb-4228-b266-44fc60f7c1eb:192.168.157.201:44849, 95354d75-8d68-42fd-a60f-edc5fe17909c:192.168.157.201:38687], old=null
2019-11-15 20:27:24,989 [d8d3f8ae-ceeb-4228-b266-44fc60f7c1eb@group-EE693E85B03C-LeaderElection161] INFO  impl.RoleInfo (RoleInfo.java:shutdownLeaderElection(134)) - d8d3f8ae-ceeb-4228-b266-44fc60f7c1eb: shutdown LeaderElection
2019-11-15 20:27:24,989 [d8d3f8ae-ceeb-4228-b266-44fc60f7c1eb@group-EE693E85B03C-LeaderElection161] INFO  impl.RaftServerImpl (RaftServerImpl.java:setRole(173)) - d8d3f8ae-ceeb-4228-b266-44fc60f7c1eb@group-EE693E85B03C: changes role from CANDIDATE to LEADER at term 1 for changeToLeader
2019-11-15 20:27:24,989 [d8d3f8ae-ceeb-4228-b266-44fc60f7c1eb@group-EE693E85B03C-LeaderElection161] INFO  ratis.XceiverServerRatis (XceiverServerRatis.java:handleLeaderChangedNotification(697)) - Leader change notification received for group: group-EE693E85B03C with new leaderId: d8d3f8ae-ceeb-4228-b266-44fc60f7c1eb
2019-11-15 20:27:24,989 [d8d3f8ae-ceeb-4228-b266-44fc60f7c1eb@group-EE693E85B03C-LeaderElection161] INFO  impl.RaftServerImpl (ServerState.java:setLeader(255)) - d8d3f8ae-ceeb-4228-b266-44fc60f7c1eb@group-EE693E85B03C: change Leader from null to d8d3f8ae-ceeb-4228-b266-44fc60f7c1eb at term 1 for becomeLeader, leader elected after 1193ms
2019-11-15 20:27:24,989 [d8d3f8ae-ceeb-4228-b266-44fc60f7c1eb@group-EE693E85B03C-LeaderElection161] INFO  server.RaftServerConfigKeys (ConfUtils.java:logGet(43)) - raft.server.staging.catchup.gap = 1000 (default)
2019-11-15 20:27:24,990 [d8d3f8ae-ceeb-4228-b266-44fc60f7c1eb@group-EE693E85B03C-LeaderElection161] INFO  server.RaftServerConfigKeys (ConfUtils.java:logGet(43)) - raft.server.rpc.sleep.time = 25ms (default)
2019-11-15 20:27:24,992 [d8d3f8ae-ceeb-4228-b266-44fc60f7c1eb@group-EE693E85B03C-LeaderElection161] INFO  server.RaftServerConfigKeys (ConfUtils.java:logGet(43)) - raft.server.write.element-limit = 4096 (default)
2019-11-15 20:27:24,992 [d8d3f8ae-ceeb-4228-b266-44fc60f7c1eb@group-EE693E85B03C-LeaderElection161] INFO  server.RaftServerConfigKeys (ConfUtils.java:logGet(43)) - raft.server.watch.timeout = 10s (default)
2019-11-15 20:27:24,992 [d8d3f8ae-ceeb-4228-b266-44fc60f7c1eb@group-EE693E85B03C-LeaderElection161] INFO  server.RaftServerConfigKeys (ConfUtils.java:logGet(43)) - raft.server.watch.timeout.denomination = 1s (default)
2019-11-15 20:27:24,992 [EventQueue-PipelineReportForPipelineReportHandler] INFO  pipeline.PipelineStateManager (PipelineStateManager.java:openPipeline(134)) - Pipeline Pipeline[ Id: c95d9c24-4bd7-416f-9ee4-ee693e85b03c, Nodes: d8d3f8ae-ceeb-4228-b266-44fc60f7c1eb{ip: 192.168.157.201, host: pr-hdds-2514-unusedmethodparam-9qkq7-1267773169, networkLocation: /rack1, certSerialId: null}, Type:RATIS, Factor:ONE, State:OPEN] moved to OPEN state
2019-11-15 20:27:24,992 [d8d3f8ae-ceeb-4228-b266-44fc60f7c1eb@group-EE693E85B03C-LeaderElection161] INFO  server.RaftServerConfigKeys (ConfUtils.java:logGet(43)) - raft.server.watch.element-limit = 65536 (default)
2019-11-15 20:27:24,992 [d8d3f8ae-ceeb-4228-b266-44fc60f7c1eb@group-EE693E85B03C-LeaderElection161] INFO  impl.RoleInfo (RoleInfo.java:updateAndGet(143)) - d8d3f8ae-ceeb-4228-b266-44fc60f7c1eb: start LeaderState
2019-11-15 20:27:24,993 [d8d3f8ae-ceeb-4228-b266-44fc60f7c1eb@group-EE693E85B03C-LeaderElection161] INFO  segmented.SegmentedRaftLogWorker (SegmentedRaftLogWorker.java:startLogSegment(385)) - d8d3f8ae-ceeb-4228-b266-44fc60f7c1eb@group-EE693E85B03C-SegmentedRaftLogWorker: Starting segment from index:0
2019-11-15 20:27:24,993 [d8d3f8ae-ceeb-4228-b266-44fc60f7c1eb@group-EE693E85B03C-LeaderElection161] INFO  impl.RaftServerImpl (ServerState.java:setRaftConf(356)) - d8d3f8ae-ceeb-4228-b266-44fc60f7c1eb@group-EE693E85B03C: set configuration 0: [d8d3f8ae-ceeb-4228-b266-44fc60f7c1eb:192.168.157.201:44849], old=null at 0
2019-11-15 20:27:24,996 [grpc-default-executor-12] INFO  impl.RaftServerImpl (RaftServerImpl.java:setRole(173)) - 4f10a0c5-c407-437d-ba7d-4ff51fc359eb@group-1E634FA8F36E: changes role from  FOLLOWER to FOLLOWER at term 1 for recognizeCandidate:d8d3f8ae-ceeb-4228-b266-44fc60f7c1eb
2019-11-15 20:27:24,996 [grpc-default-executor-12] INFO  impl.RoleInfo (RoleInfo.java:shutdownFollowerState(121)) - 4f10a0c5-c407-437d-ba7d-4ff51fc359eb: shutdown FollowerState
2019-11-15 20:27:24,996 [grpc-default-executor-12] INFO  impl.RoleInfo (RoleInfo.java:updateAndGet(143)) - 4f10a0c5-c407-437d-ba7d-4ff51fc359eb: start FollowerState
2019-11-15 20:27:24,996 [Thread-4015] INFO  impl.FollowerState (FollowerState.java:run(120)) - 4f10a0c5-c407-437d-ba7d-4ff51fc359eb@group-1E634FA8F36E-FollowerState was interrupted: java.lang.InterruptedException: sleep interrupted
2019-11-15 20:27:25,006 [95354d75-8d68-42fd-a60f-edc5fe17909c@group-1E634FA8F36E-LeaderElection162] INFO  impl.LeaderElection (LeaderElection.java:askForVotes(178)) - 95354d75-8d68-42fd-a60f-edc5fe17909c@group-1E634FA8F36E-LeaderElection162: begin an election at term 1 for -1: [4f10a0c5-c407-437d-ba7d-4ff51fc359eb:192.168.157.201:40274, d8d3f8ae-ceeb-4228-b266-44fc60f7c1eb:192.168.157.201:44849, 95354d75-8d68-42fd-a60f-edc5fe17909c:192.168.157.201:38687], old=null
2019-11-15 20:27:25,027 [Thread-4020] INFO  impl.FollowerState (FollowerState.java:run(111)) - c767ecc1-97b1-4b32-a4b7-dad4991a192e@group-ACA7C2194731-FollowerState: change to CANDIDATE, lastRpcTime:1080ms, electionTimeout:1070ms
2019-11-15 20:27:25,027 [Thread-4020] INFO  impl.RoleInfo (RoleInfo.java:shutdownFollowerState(121)) - c767ecc1-97b1-4b32-a4b7-dad4991a192e: shutdown FollowerState
2019-11-15 20:27:25,027 [Thread-4020] INFO  impl.RaftServerImpl (RaftServerImpl.java:setRole(173)) - c767ecc1-97b1-4b32-a4b7-dad4991a192e@group-ACA7C2194731: changes role from  FOLLOWER to CANDIDATE at term 0 for changeToCandidate
2019-11-15 20:27:25,027 [Thread-4020] INFO  impl.RoleInfo (RoleInfo.java:updateAndGet(143)) - c767ecc1-97b1-4b32-a4b7-dad4991a192e: start LeaderElection
2019-11-15 20:27:25,030 [95354d75-8d68-42fd-a60f-edc5fe17909c@group-1E634FA8F36E-LeaderElection162] INFO  impl.LeaderElection (LeaderElection.java:logAndReturn(56)) - 95354d75-8d68-42fd-a60f-edc5fe17909c@group-1E634FA8F36E-LeaderElection162: Election REJECTED; received 2 response(s) [95354d75-8d68-42fd-a60f-edc5fe17909c<-4f10a0c5-c407-437d-ba7d-4ff51fc359eb#0:FAIL-t1, 95354d75-8d68-42fd-a60f-edc5fe17909c<-d8d3f8ae-ceeb-4228-b266-44fc60f7c1eb#0:FAIL-t1] and 0 exception(s); 95354d75-8d68-42fd-a60f-edc5fe17909c@group-1E634FA8F36E:t1, leader=null, voted=95354d75-8d68-42fd-a60f-edc5fe17909c, raftlog=95354d75-8d68-42fd-a60f-edc5fe17909c@group-1E634FA8F36E-SegmentedRaftLog:OPENED:c-1,f-1,i0, conf=-1: [4f10a0c5-c407-437d-ba7d-4ff51fc359eb:192.168.157.201:40274, d8d3f8ae-ceeb-4228-b266-44fc60f7c1eb:192.168.157.201:44849, 95354d75-8d68-42fd-a60f-edc5fe17909c:192.168.157.201:38687], old=null
2019-11-15 20:27:25,030 [d8d3f8ae-ceeb-4228-b266-44fc60f7c1eb@group-1E634FA8F36E-LeaderElection160] INFO  impl.LeaderElection (LeaderElection.java:logAndReturn(56)) - d8d3f8ae-ceeb-4228-b266-44fc60f7c1eb@group-1E634FA8F36E-LeaderElection160: Election PASSED; received 2 response(s) [d8d3f8ae-ceeb-4228-b266-44fc60f7c1eb<-4f10a0c5-c407-437d-ba7d-4ff51fc359eb#0:OK-t1, d8d3f8ae-ceeb-4228-b266-44fc60f7c1eb<-95354d75-8d68-42fd-a60f-edc5fe17909c#0:FAIL-t1] and 0 exception(s); d8d3f8ae-ceeb-4228-b266-44fc60f7c1eb@group-1E634FA8F36E:t1, leader=null, voted=d8d3f8ae-ceeb-4228-b266-44fc60f7c1eb, raftlog=d8d3f8ae-ceeb-4228-b266-44fc60f7c1eb@group-1E634FA8F36E-SegmentedRaftLog:OPENED:c-1,f-1,i0, conf=-1: [4f10a0c5-c407-437d-ba7d-4ff51fc359eb:192.168.157.201:40274, d8d3f8ae-ceeb-4228-b266-44fc60f7c1eb:192.168.157.201:44849, 95354d75-8d68-42fd-a60f-edc5fe17909c:192.168.157.201:38687], old=null
2019-11-15 20:27:25,030 [95354d75-8d68-42fd-a60f-edc5fe17909c@group-1E634FA8F36E-LeaderElection162] INFO  impl.RaftServerImpl (RaftServerImpl.java:setRole(173)) - 95354d75-8d68-42fd-a60f-edc5fe17909c@group-1E634FA8F36E: changes role from CANDIDATE to FOLLOWER at term 1 for DISCOVERED_A_NEW_TERM
2019-11-15 20:27:25,030 [d8d3f8ae-ceeb-4228-b266-44fc60f7c1eb@group-1E634FA8F36E-LeaderElection160] INFO  impl.RoleInfo (RoleInfo.java:shutdownLeaderElection(134)) - d8d3f8ae-ceeb-4228-b266-44fc60f7c1eb: shutdown LeaderElection
2019-11-15 20:27:25,031 [95354d75-8d68-42fd-a60f-edc5fe17909c@group-1E634FA8F36E-LeaderElection162] INFO  impl.RoleInfo (RoleInfo.java:shutdownLeaderElection(134)) - 95354d75-8d68-42fd-a60f-edc5fe17909c: shutdown LeaderElection
2019-11-15 20:27:25,031 [d8d3f8ae-ceeb-4228-b266-44fc60f7c1eb@group-1E634FA8F36E-LeaderElection160] INFO  impl.RaftServerImpl (RaftServerImpl.java:setRole(173)) - d8d3f8ae-ceeb-4228-b266-44fc60f7c1eb@group-1E634FA8F36E: changes role from CANDIDATE to LEADER at term 1 for changeToLeader
2019-11-15 20:27:25,031 [95354d75-8d68-42fd-a60f-edc5fe17909c@group-1E634FA8F36E-LeaderElection162] INFO  impl.RoleInfo (RoleInfo.java:updateAndGet(143)) - 95354d75-8d68-42fd-a60f-edc5fe17909c: start FollowerState
2019-11-15 20:27:25,031 [d8d3f8ae-ceeb-4228-b266-44fc60f7c1eb@group-1E634FA8F36E-LeaderElection160] INFO  ratis.XceiverServerRatis (XceiverServerRatis.java:handleLeaderChangedNotification(697)) - Leader change notification received for group: group-1E634FA8F36E with new leaderId: d8d3f8ae-ceeb-4228-b266-44fc60f7c1eb
2019-11-15 20:27:25,031 [d8d3f8ae-ceeb-4228-b266-44fc60f7c1eb@group-1E634FA8F36E-LeaderElection160] INFO  impl.RaftServerImpl (ServerState.java:setLeader(255)) - d8d3f8ae-ceeb-4228-b266-44fc60f7c1eb@group-1E634FA8F36E: change Leader from null to d8d3f8ae-ceeb-4228-b266-44fc60f7c1eb at term 1 for becomeLeader, leader elected after 1163ms
2019-11-15 20:27:25,031 [d8d3f8ae-ceeb-4228-b266-44fc60f7c1eb@group-1E634FA8F36E-LeaderElection160] INFO  server.RaftServerConfigKeys (ConfUtils.java:logGet(43)) - raft.server.staging.catchup.gap = 1000 (default)
2019-11-15 20:27:25,031 [d8d3f8ae-ceeb-4228-b266-44fc60f7c1eb@group-1E634FA8F36E-LeaderElection160] INFO  server.RaftServerConfigKeys (ConfUtils.java:logGet(43)) - raft.server.rpc.sleep.time = 25ms (default)
2019-11-15 20:27:25,031 [d8d3f8ae-ceeb-4228-b266-44fc60f7c1eb@group-1E634FA8F36E-LeaderElection160] INFO  server.RaftServerConfigKeys (ConfUtils.java:logGet(43)) - raft.server.write.element-limit = 4096 (default)
2019-11-15 20:27:25,031 [d8d3f8ae-ceeb-4228-b266-44fc60f7c1eb@group-1E634FA8F36E-LeaderElection160] INFO  server.RaftServerConfigKeys (ConfUtils.java:logGet(43)) - raft.server.watch.timeout = 10s (default)
2019-11-15 20:27:25,032 [d8d3f8ae-ceeb-4228-b266-44fc60f7c1eb@group-1E634FA8F36E-LeaderElection160] INFO  server.RaftServerConfigKeys (ConfUtils.java:logGet(43)) - raft.server.watch.timeout.denomination = 1s (default)
2019-11-15 20:27:25,032 [d8d3f8ae-ceeb-4228-b266-44fc60f7c1eb@group-1E634FA8F36E-LeaderElection160] INFO  server.RaftServerConfigKeys (ConfUtils.java:logGet(43)) - raft.server.watch.element-limit = 65536 (default)
2019-11-15 20:27:25,032 [d8d3f8ae-ceeb-4228-b266-44fc60f7c1eb@group-1E634FA8F36E-LeaderElection160] INFO  server.RaftServerConfigKeys (ConfUtils.java:logGet(43)) - raft.server.log.appender.snapshot.chunk.size.max = 16MB (=16777216) (default)
2019-11-15 20:27:25,032 [d8d3f8ae-ceeb-4228-b266-44fc60f7c1eb@group-1E634FA8F36E-LeaderElection160] INFO  server.RaftServerConfigKeys (ConfUtils.java:logGet(43)) - raft.server.log.appender.buffer.byte-limit = 33554432 (custom)
2019-11-15 20:27:25,032 [d8d3f8ae-ceeb-4228-b266-44fc60f7c1eb@group-1E634FA8F36E-LeaderElection160] INFO  server.RaftServerConfigKeys (ConfUtils.java:logGet(43)) - raft.server.log.appender.buffer.element-limit = 1 (custom)
2019-11-15 20:27:25,032 [EventQueue-PipelineReportForPipelineReportHandler] INFO  pipeline.PipelineStateManager (PipelineStateManager.java:openPipeline(134)) - Pipeline Pipeline[ Id: 245c4589-b35f-4e99-9a42-1e634fa8f36e, Nodes: 95354d75-8d68-42fd-a60f-edc5fe17909c{ip: 192.168.157.201, host: pr-hdds-2514-unusedmethodparam-9qkq7-1267773169, networkLocation: /rack1, certSerialId: null}d8d3f8ae-ceeb-4228-b266-44fc60f7c1eb{ip: 192.168.157.201, host: pr-hdds-2514-unusedmethodparam-9qkq7-1267773169, networkLocation: /rack1, certSerialId: null}4f10a0c5-c407-437d-ba7d-4ff51fc359eb{ip: 192.168.157.201, host: pr-hdds-2514-unusedmethodparam-9qkq7-1267773169, networkLocation: /rack1, certSerialId: null}, Type:RATIS, Factor:THREE, State:OPEN] moved to OPEN state
2019-11-15 20:27:25,032 [d8d3f8ae-ceeb-4228-b266-44fc60f7c1eb@group-1E634FA8F36E-LeaderElection160] INFO  grpc.GrpcConfigKeys$Server (ConfUtils.java:logGet(43)) - raft.grpc.server.leader.outstanding.appends.max = 128 (default)
2019-11-15 20:27:25,032 [d8d3f8ae-ceeb-4228-b266-44fc60f7c1eb@group-1E634FA8F36E-LeaderElection160] INFO  server.RaftServerConfigKeys (ConfUtils.java:logGet(43)) - raft.server.rpc.request.timeout = 3000ms (default)
2019-11-15 20:27:25,032 [d8d3f8ae-ceeb-4228-b266-44fc60f7c1eb@group-1E634FA8F36E-LeaderElection160] INFO  server.RaftServerConfigKeys (ConfUtils.java:logGet(43)) - raft.server.log.appender.install.snapshot.enabled = false (custom)
2019-11-15 20:27:25,033 [d8d3f8ae-ceeb-4228-b266-44fc60f7c1eb@group-1E634FA8F36E-LeaderElection160] WARN  impl.MetricRegistriesImpl (MetricRegistriesImpl.java:lambda$create$1(61)) - First MetricRegistry has been created without registering reporters. You may need to call MetricRegistries.global().addReportRegistration(...) before.
2019-11-15 20:27:25,033 [d8d3f8ae-ceeb-4228-b266-44fc60f7c1eb@group-1E634FA8F36E-LeaderElection160] INFO  server.RaftServerConfigKeys (ConfUtils.java:logGet(43)) - raft.server.log.appender.snapshot.chunk.size.max = 16MB (=16777216) (default)
2019-11-15 20:27:25,033 [d8d3f8ae-ceeb-4228-b266-44fc60f7c1eb@group-1E634FA8F36E-LeaderElection160] INFO  server.RaftServerConfigKeys (ConfUtils.java:logGet(43)) - raft.server.log.appender.buffer.byte-limit = 33554432 (custom)
2019-11-15 20:27:25,033 [d8d3f8ae-ceeb-4228-b266-44fc60f7c1eb@group-1E634FA8F36E-LeaderElection160] INFO  server.RaftServerConfigKeys (ConfUtils.java:logGet(43)) - raft.server.log.appender.buffer.element-limit = 1 (custom)
2019-11-15 20:27:25,033 [d8d3f8ae-ceeb-4228-b266-44fc60f7c1eb@group-1E634FA8F36E-LeaderElection160] INFO  grpc.GrpcConfigKeys$Server (ConfUtils.java:logGet(43)) - raft.grpc.server.leader.outstanding.appends.max = 128 (default)
2019-11-15 20:27:25,033 [d8d3f8ae-ceeb-4228-b266-44fc60f7c1eb@group-1E634FA8F36E-LeaderElection160] INFO  server.RaftServerConfigKeys (ConfUtils.java:logGet(43)) - raft.server.rpc.request.timeout = 3000ms (default)
2019-11-15 20:27:25,033 [d8d3f8ae-ceeb-4228-b266-44fc60f7c1eb@group-1E634FA8F36E-LeaderElection160] INFO  server.RaftServerConfigKeys (ConfUtils.java:logGet(43)) - raft.server.log.appender.install.snapshot.enabled = false (custom)
2019-11-15 20:27:25,033 [d8d3f8ae-ceeb-4228-b266-44fc60f7c1eb@group-1E634FA8F36E-LeaderElection160] INFO  impl.RoleInfo (RoleInfo.java:updateAndGet(143)) - d8d3f8ae-ceeb-4228-b266-44fc60f7c1eb: start LeaderState
2019-11-15 20:27:25,034 [d8d3f8ae-ceeb-4228-b266-44fc60f7c1eb@group-1E634FA8F36E-LeaderElection160] INFO  segmented.SegmentedRaftLogWorker (SegmentedRaftLogWorker.java:startLogSegment(385)) - d8d3f8ae-ceeb-4228-b266-44fc60f7c1eb@group-1E634FA8F36E-SegmentedRaftLogWorker: Starting segment from index:0
2019-11-15 20:27:25,034 [d8d3f8ae-ceeb-4228-b266-44fc60f7c1eb@group-1E634FA8F36E-LeaderElection160] INFO  impl.RaftServerImpl (ServerState.java:setRaftConf(356)) - d8d3f8ae-ceeb-4228-b266-44fc60f7c1eb@group-1E634FA8F36E: set configuration 0: [4f10a0c5-c407-437d-ba7d-4ff51fc359eb:192.168.157.201:40274, d8d3f8ae-ceeb-4228-b266-44fc60f7c1eb:192.168.157.201:44849, 95354d75-8d68-42fd-a60f-edc5fe17909c:192.168.157.201:38687], old=null at 0
2019-11-15 20:27:25,036 [grpc-default-executor-9] INFO  ratis.XceiverServerRatis (XceiverServerRatis.java:handleLeaderChangedNotification(697)) - Leader change notification received for group: group-1E634FA8F36E with new leaderId: d8d3f8ae-ceeb-4228-b266-44fc60f7c1eb
2019-11-15 20:27:25,036 [grpc-default-executor-9] INFO  impl.RaftServerImpl (ServerState.java:setLeader(255)) - 4f10a0c5-c407-437d-ba7d-4ff51fc359eb@group-1E634FA8F36E: change Leader from null to d8d3f8ae-ceeb-4228-b266-44fc60f7c1eb at term 1 for appendEntries, leader elected after 1167ms
2019-11-15 20:27:25,036 [grpc-default-executor-12] INFO  ratis.XceiverServerRatis (XceiverServerRatis.java:handleLeaderChangedNotification(697)) - Leader change notification received for group: group-1E634FA8F36E with new leaderId: d8d3f8ae-ceeb-4228-b266-44fc60f7c1eb
2019-11-15 20:27:25,036 [grpc-default-executor-12] INFO  impl.RaftServerImpl (ServerState.java:setLeader(255)) - 95354d75-8d68-42fd-a60f-edc5fe17909c@group-1E634FA8F36E: change Leader from null to d8d3f8ae-ceeb-4228-b266-44fc60f7c1eb at term 1 for appendEntries, leader elected after 1168ms
2019-11-15 20:27:25,037 [d8d3f8ae-ceeb-4228-b266-44fc60f7c1eb@group-EE693E85B03C-SegmentedRaftLogWorker] INFO  segmented.SegmentedRaftLogWorker (SegmentedRaftLogWorker.java:execute(576)) - d8d3f8ae-ceeb-4228-b266-44fc60f7c1eb@group-EE693E85B03C-SegmentedRaftLogWorker: created new log segment /workdir/hadoop-ozone/integration-test/target/test-dir/MiniOzoneClusterImpl-2baab228-4da8-45e4-8c00-c7e13f1dd389/datanode-2/data/ratis/c95d9c24-4bd7-416f-9ee4-ee693e85b03c/current/log_inprogress_0
2019-11-15 20:27:25,038 [grpc-default-executor-12] INFO  impl.RaftServerImpl (ServerState.java:setRaftConf(356)) - 4f10a0c5-c407-437d-ba7d-4ff51fc359eb@group-1E634FA8F36E: set configuration 0: [4f10a0c5-c407-437d-ba7d-4ff51fc359eb:192.168.157.201:40274, d8d3f8ae-ceeb-4228-b266-44fc60f7c1eb:192.168.157.201:44849, 95354d75-8d68-42fd-a60f-edc5fe17909c:192.168.157.201:38687], old=null at 0
2019-11-15 20:27:25,038 [c767ecc1-97b1-4b32-a4b7-dad4991a192e@group-ACA7C2194731-LeaderElection163] INFO  impl.LeaderElection (LeaderElection.java:askForVotes(178)) - c767ecc1-97b1-4b32-a4b7-dad4991a192e@group-ACA7C2194731-LeaderElection163: begin an election at term 1 for -1: [c767ecc1-97b1-4b32-a4b7-dad4991a192e:192.168.157.201:43389], old=null
2019-11-15 20:27:25,038 [grpc-default-executor-12] INFO  segmented.SegmentedRaftLogWorker (SegmentedRaftLogWorker.java:startLogSegment(385)) - 4f10a0c5-c407-437d-ba7d-4ff51fc359eb@group-1E634FA8F36E-SegmentedRaftLogWorker: Starting segment from index:0
2019-11-15 20:27:25,038 [c767ecc1-97b1-4b32-a4b7-dad4991a192e@group-ACA7C2194731-LeaderElection163] INFO  impl.RoleInfo (RoleInfo.java:shutdownLeaderElection(134)) - c767ecc1-97b1-4b32-a4b7-dad4991a192e: shutdown LeaderElection
2019-11-15 20:27:25,038 [c767ecc1-97b1-4b32-a4b7-dad4991a192e@group-ACA7C2194731-LeaderElection163] INFO  impl.RaftServerImpl (RaftServerImpl.java:setRole(173)) - c767ecc1-97b1-4b32-a4b7-dad4991a192e@group-ACA7C2194731: changes role from CANDIDATE to LEADER at term 1 for changeToLeader
2019-11-15 20:27:25,038 [grpc-default-executor-9] INFO  impl.RaftServerImpl (ServerState.java:setRaftConf(356)) - 95354d75-8d68-42fd-a60f-edc5fe17909c@group-1E634FA8F36E: set configuration 0: [4f10a0c5-c407-437d-ba7d-4ff51fc359eb:192.168.157.201:40274, d8d3f8ae-ceeb-4228-b266-44fc60f7c1eb:192.168.157.201:44849, 95354d75-8d68-42fd-a60f-edc5fe17909c:192.168.157.201:38687], old=null at 0
2019-11-15 20:27:25,038 [c767ecc1-97b1-4b32-a4b7-dad4991a192e@group-ACA7C2194731-LeaderElection163] INFO  ratis.XceiverServerRatis (XceiverServerRatis.java:handleLeaderChangedNotification(697)) - Leader change notification received for group: group-ACA7C2194731 with new leaderId: c767ecc1-97b1-4b32-a4b7-dad4991a192e
2019-11-15 20:27:25,038 [grpc-default-executor-9] INFO  segmented.SegmentedRaftLogWorker (SegmentedRaftLogWorker.java:startLogSegment(385)) - 95354d75-8d68-42fd-a60f-edc5fe17909c@group-1E634FA8F36E-SegmentedRaftLogWorker: Starting segment from index:0
2019-11-15 20:27:25,038 [c767ecc1-97b1-4b32-a4b7-dad4991a192e@group-ACA7C2194731-LeaderElection163] INFO  impl.RaftServerImpl (ServerState.java:setLeader(255)) - c767ecc1-97b1-4b32-a4b7-dad4991a192e@group-ACA7C2194731: change Leader from null to c767ecc1-97b1-4b32-a4b7-dad4991a192e at term 1 for becomeLeader, leader elected after 1094ms
2019-11-15 20:27:25,039 [c767ecc1-97b1-4b32-a4b7-dad4991a192e@group-ACA7C2194731-LeaderElection163] INFO  server.RaftServerConfigKeys (ConfUtils.java:logGet(43)) - raft.server.staging.catchup.gap = 1000 (default)
2019-11-15 20:27:25,039 [c767ecc1-97b1-4b32-a4b7-dad4991a192e@group-ACA7C2194731-LeaderElection163] INFO  server.RaftServerConfigKeys (ConfUtils.java:logGet(43)) - raft.server.rpc.sleep.time = 25ms (default)
2019-11-15 20:27:25,039 [c767ecc1-97b1-4b32-a4b7-dad4991a192e@group-ACA7C2194731-LeaderElection163] INFO  server.RaftServerConfigKeys (ConfUtils.java:logGet(43)) - raft.server.write.element-limit = 4096 (default)
2019-11-15 20:27:25,039 [c767ecc1-97b1-4b32-a4b7-dad4991a192e@group-ACA7C2194731-LeaderElection163] INFO  server.RaftServerConfigKeys (ConfUtils.java:logGet(43)) - raft.server.watch.timeout = 10s (default)
2019-11-15 20:27:25,039 [c767ecc1-97b1-4b32-a4b7-dad4991a192e@group-ACA7C2194731-LeaderElection163] INFO  server.RaftServerConfigKeys (ConfUtils.java:logGet(43)) - raft.server.watch.timeout.denomination = 1s (default)
2019-11-15 20:27:25,039 [c767ecc1-97b1-4b32-a4b7-dad4991a192e@group-ACA7C2194731-LeaderElection163] INFO  server.RaftServerConfigKeys (ConfUtils.java:logGet(43)) - raft.server.watch.element-limit = 65536 (default)
2019-11-15 20:27:25,040 [c767ecc1-97b1-4b32-a4b7-dad4991a192e@group-ACA7C2194731-LeaderElection163] INFO  impl.RoleInfo (RoleInfo.java:updateAndGet(143)) - c767ecc1-97b1-4b32-a4b7-dad4991a192e: start LeaderState
2019-11-15 20:27:25,040 [c767ecc1-97b1-4b32-a4b7-dad4991a192e@group-ACA7C2194731-LeaderElection163] INFO  segmented.SegmentedRaftLogWorker (SegmentedRaftLogWorker.java:startLogSegment(385)) - c767ecc1-97b1-4b32-a4b7-dad4991a192e@group-ACA7C2194731-SegmentedRaftLogWorker: Starting segment from index:0
2019-11-15 20:27:25,067 [c767ecc1-97b1-4b32-a4b7-dad4991a192e@group-ACA7C2194731-LeaderElection163] INFO  impl.RaftServerImpl (ServerState.java:setRaftConf(356)) - c767ecc1-97b1-4b32-a4b7-dad4991a192e@group-ACA7C2194731: set configuration 0: [c767ecc1-97b1-4b32-a4b7-dad4991a192e:192.168.157.201:43389], old=null at 0
2019-11-15 20:27:25,067 [EventQueue-PipelineReportForPipelineReportHandler] INFO  pipeline.PipelineStateManager (PipelineStateManager.java:openPipeline(134)) - Pipeline Pipeline[ Id: 4718f69e-16a2-491f-be46-aca7c2194731, Nodes: c767ecc1-97b1-4b32-a4b7-dad4991a192e{ip: 192.168.157.201, host: pr-hdds-2514-unusedmethodparam-9qkq7-1267773169, networkLocation: /rack1, certSerialId: null}, Type:RATIS, Factor:ONE, State:OPEN] moved to OPEN state
2019-11-15 20:27:25,083 [Thread-4026] INFO  impl.FollowerState (FollowerState.java:run(111)) - 0d66e4d5-0fe9-441c-84d0-b1903c285e78@group-4AFD00184592-FollowerState: change to CANDIDATE, lastRpcTime:1009ms, electionTimeout:1009ms
2019-11-15 20:27:25,083 [Thread-4026] INFO  impl.RoleInfo (RoleInfo.java:shutdownFollowerState(121)) - 0d66e4d5-0fe9-441c-84d0-b1903c285e78: shutdown FollowerState
2019-11-15 20:27:25,083 [Thread-4026] INFO  impl.RaftServerImpl (RaftServerImpl.java:setRole(173)) - 0d66e4d5-0fe9-441c-84d0-b1903c285e78@group-4AFD00184592: changes role from  FOLLOWER to CANDIDATE at term 0 for changeToCandidate
2019-11-15 20:27:25,083 [Thread-4026] INFO  impl.RoleInfo (RoleInfo.java:updateAndGet(143)) - 0d66e4d5-0fe9-441c-84d0-b1903c285e78: start LeaderElection
2019-11-15 20:27:25,096 [95354d75-8d68-42fd-a60f-edc5fe17909c@group-1E634FA8F36E-SegmentedRaftLogWorker] INFO  segmented.SegmentedRaftLogWorker (SegmentedRaftLogWorker.java:execute(576)) - 95354d75-8d68-42fd-a60f-edc5fe17909c@group-1E634FA8F36E-SegmentedRaftLogWorker: created new log segment /workdir/hadoop-ozone/integration-test/target/test-dir/MiniOzoneClusterImpl-2baab228-4da8-45e4-8c00-c7e13f1dd389/datanode-0/data/ratis/245c4589-b35f-4e99-9a42-1e634fa8f36e/current/log_inprogress_0
2019-11-15 20:27:25,096 [d8d3f8ae-ceeb-4228-b266-44fc60f7c1eb@group-1E634FA8F36E-SegmentedRaftLogWorker] INFO  segmented.SegmentedRaftLogWorker (SegmentedRaftLogWorker.java:execute(576)) - d8d3f8ae-ceeb-4228-b266-44fc60f7c1eb@group-1E634FA8F36E-SegmentedRaftLogWorker: created new log segment /workdir/hadoop-ozone/integration-test/target/test-dir/MiniOzoneClusterImpl-2baab228-4da8-45e4-8c00-c7e13f1dd389/datanode-2/data/ratis/245c4589-b35f-4e99-9a42-1e634fa8f36e/current/log_inprogress_0
2019-11-15 20:27:25,096 [4f10a0c5-c407-437d-ba7d-4ff51fc359eb@group-1E634FA8F36E-SegmentedRaftLogWorker] INFO  segmented.SegmentedRaftLogWorker (SegmentedRaftLogWorker.java:execute(576)) - 4f10a0c5-c407-437d-ba7d-4ff51fc359eb@group-1E634FA8F36E-SegmentedRaftLogWorker: created new log segment /workdir/hadoop-ozone/integration-test/target/test-dir/MiniOzoneClusterImpl-2baab228-4da8-45e4-8c00-c7e13f1dd389/datanode-1/data/ratis/245c4589-b35f-4e99-9a42-1e634fa8f36e/current/log_inprogress_0
2019-11-15 20:27:25,097 [Thread-4023] INFO  impl.FollowerState (FollowerState.java:run(111)) - ecb82392-9efc-4718-8957-302e66d96ccd@group-3AD9CDE2FAB6-FollowerState: change to CANDIDATE, lastRpcTime:1089ms, electionTimeout:1089ms
2019-11-15 20:27:25,097 [Thread-4023] INFO  impl.RoleInfo (RoleInfo.java:shutdownFollowerState(121)) - ecb82392-9efc-4718-8957-302e66d96ccd: shutdown FollowerState
2019-11-15 20:27:25,097 [Thread-4023] INFO  impl.RaftServerImpl (RaftServerImpl.java:setRole(173)) - ecb82392-9efc-4718-8957-302e66d96ccd@group-3AD9CDE2FAB6: changes role from  FOLLOWER to CANDIDATE at term 0 for changeToCandidate
2019-11-15 20:27:25,097 [Thread-4023] INFO  impl.RoleInfo (RoleInfo.java:updateAndGet(143)) - ecb82392-9efc-4718-8957-302e66d96ccd: start LeaderElection
2019-11-15 20:27:25,108 [c767ecc1-97b1-4b32-a4b7-dad4991a192e@group-ACA7C2194731-SegmentedRaftLogWorker] INFO  segmented.SegmentedRaftLogWorker (SegmentedRaftLogWorker.java:execute(576)) - c767ecc1-97b1-4b32-a4b7-dad4991a192e@group-ACA7C2194731-SegmentedRaftLogWorker: created new log segment /workdir/hadoop-ozone/integration-test/target/test-dir/MiniOzoneClusterImpl-2baab228-4da8-45e4-8c00-c7e13f1dd389/datanode-4/data/ratis/4718f69e-16a2-491f-be46-aca7c2194731/current/log_inprogress_0
2019-11-15 20:27:25,108 [0d66e4d5-0fe9-441c-84d0-b1903c285e78@group-4AFD00184592-LeaderElection164] INFO  impl.LeaderElection (LeaderElection.java:askForVotes(178)) - 0d66e4d5-0fe9-441c-84d0-b1903c285e78@group-4AFD00184592-LeaderElection164: begin an election at term 1 for -1: [0d66e4d5-0fe9-441c-84d0-b1903c285e78:192.168.157.201:44210], old=null
2019-11-15 20:27:25,108 [ecb82392-9efc-4718-8957-302e66d96ccd@group-3AD9CDE2FAB6-LeaderElection165] INFO  impl.LeaderElection (LeaderElection.java:askForVotes(178)) - ecb82392-9efc-4718-8957-302e66d96ccd@group-3AD9CDE2FAB6-LeaderElection165: begin an election at term 1 for -1: [ecb82392-9efc-4718-8957-302e66d96ccd:192.168.157.201:35685], old=null
2019-11-15 20:27:25,108 [0d66e4d5-0fe9-441c-84d0-b1903c285e78@group-4AFD00184592-LeaderElection164] INFO  impl.RoleInfo (RoleInfo.java:shutdownLeaderElection(134)) - 0d66e4d5-0fe9-441c-84d0-b1903c285e78: shutdown LeaderElection
2019-11-15 20:27:25,109 [ecb82392-9efc-4718-8957-302e66d96ccd@group-3AD9CDE2FAB6-LeaderElection165] INFO  impl.RoleInfo (RoleInfo.java:shutdownLeaderElection(134)) - ecb82392-9efc-4718-8957-302e66d96ccd: shutdown LeaderElection
2019-11-15 20:27:25,109 [0d66e4d5-0fe9-441c-84d0-b1903c285e78@group-4AFD00184592-LeaderElection164] INFO  impl.RaftServerImpl (RaftServerImpl.java:setRole(173)) - 0d66e4d5-0fe9-441c-84d0-b1903c285e78@group-4AFD00184592: changes role from CANDIDATE to LEADER at term 1 for changeToLeader
2019-11-15 20:27:25,109 [ecb82392-9efc-4718-8957-302e66d96ccd@group-3AD9CDE2FAB6-LeaderElection165] INFO  impl.RaftServerImpl (RaftServerImpl.java:setRole(173)) - ecb82392-9efc-4718-8957-302e66d96ccd@group-3AD9CDE2FAB6: changes role from CANDIDATE to LEADER at term 1 for changeToLeader
2019-11-15 20:27:25,109 [0d66e4d5-0fe9-441c-84d0-b1903c285e78@group-4AFD00184592-LeaderElection164] INFO  ratis.XceiverServerRatis (XceiverServerRatis.java:handleLeaderChangedNotification(697)) - Leader change notification received for group: group-4AFD00184592 with new leaderId: 0d66e4d5-0fe9-441c-84d0-b1903c285e78
2019-11-15 20:27:25,109 [ecb82392-9efc-4718-8957-302e66d96ccd@group-3AD9CDE2FAB6-LeaderElection165] INFO  ratis.XceiverServerRatis (XceiverServerRatis.java:handleLeaderChangedNotification(697)) - Leader change notification received for group: group-3AD9CDE2FAB6 with new leaderId: ecb82392-9efc-4718-8957-302e66d96ccd
2019-11-15 20:27:25,109 [0d66e4d5-0fe9-441c-84d0-b1903c285e78@group-4AFD00184592-LeaderElection164] INFO  impl.RaftServerImpl (ServerState.java:setLeader(255)) - 0d66e4d5-0fe9-441c-84d0-b1903c285e78@group-4AFD00184592: change Leader from null to 0d66e4d5-0fe9-441c-84d0-b1903c285e78 at term 1 for becomeLeader, leader elected after 1038ms
2019-11-15 20:27:25,109 [ecb82392-9efc-4718-8957-302e66d96ccd@group-3AD9CDE2FAB6-LeaderElection165] INFO  impl.RaftServerImpl (ServerState.java:setLeader(255)) - ecb82392-9efc-4718-8957-302e66d96ccd@group-3AD9CDE2FAB6: change Leader from null to ecb82392-9efc-4718-8957-302e66d96ccd at term 1 for becomeLeader, leader elected after 1105ms
2019-11-15 20:27:25,109 [0d66e4d5-0fe9-441c-84d0-b1903c285e78@group-4AFD00184592-LeaderElection164] INFO  server.RaftServerConfigKeys (ConfUtils.java:logGet(43)) - raft.server.staging.catchup.gap = 1000 (default)
2019-11-15 20:27:25,117 [ecb82392-9efc-4718-8957-302e66d96ccd@group-3AD9CDE2FAB6-LeaderElection165] INFO  server.RaftServerConfigKeys (ConfUtils.java:logGet(43)) - raft.server.staging.catchup.gap = 1000 (default)
2019-11-15 20:27:25,118 [0d66e4d5-0fe9-441c-84d0-b1903c285e78@group-4AFD00184592-LeaderElection164] INFO  server.RaftServerConfigKeys (ConfUtils.java:logGet(43)) - raft.server.rpc.sleep.time = 25ms (default)
2019-11-15 20:27:25,118 [ecb82392-9efc-4718-8957-302e66d96ccd@group-3AD9CDE2FAB6-LeaderElection165] INFO  server.RaftServerConfigKeys (ConfUtils.java:logGet(43)) - raft.server.rpc.sleep.time = 25ms (default)
2019-11-15 20:27:25,118 [0d66e4d5-0fe9-441c-84d0-b1903c285e78@group-4AFD00184592-LeaderElection164] INFO  server.RaftServerConfigKeys (ConfUtils.java:logGet(43)) - raft.server.write.element-limit = 4096 (default)
2019-11-15 20:27:25,118 [ecb82392-9efc-4718-8957-302e66d96ccd@group-3AD9CDE2FAB6-LeaderElection165] INFO  server.RaftServerConfigKeys (ConfUtils.java:logGet(43)) - raft.server.write.element-limit = 4096 (default)
2019-11-15 20:27:25,118 [EventQueue-PipelineReportForPipelineReportHandler] INFO  pipeline.PipelineStateManager (PipelineStateManager.java:openPipeline(134)) - Pipeline Pipeline[ Id: ef51d0a8-7d9d-45bd-9548-4afd00184592, Nodes: 0d66e4d5-0fe9-441c-84d0-b1903c285e78{ip: 192.168.157.201, host: pr-hdds-2514-unusedmethodparam-9qkq7-1267773169, networkLocation: /rack1, certSerialId: null}, Type:RATIS, Factor:ONE, State:OPEN] moved to OPEN state
2019-11-15 20:27:25,118 [0d66e4d5-0fe9-441c-84d0-b1903c285e78@group-4AFD00184592-LeaderElection164] INFO  server.RaftServerConfigKeys (ConfUtils.java:logGet(43)) - raft.server.watch.timeout = 10s (default)
2019-11-15 20:27:25,118 [ecb82392-9efc-4718-8957-302e66d96ccd@group-3AD9CDE2FAB6-LeaderElection165] INFO  server.RaftServerConfigKeys (ConfUtils.java:logGet(43)) - raft.server.watch.timeout = 10s (default)
2019-11-15 20:27:25,118 [0d66e4d5-0fe9-441c-84d0-b1903c285e78@group-4AFD00184592-LeaderElection164] INFO  server.RaftServerConfigKeys (ConfUtils.java:logGet(43)) - raft.server.watch.timeout.denomination = 1s (default)
2019-11-15 20:27:25,118 [EventQueue-PipelineReportForPipelineReportHandler] INFO  pipeline.PipelineStateManager (PipelineStateManager.java:openPipeline(134)) - Pipeline Pipeline[ Id: c596d274-9fcf-4f05-beed-3ad9cde2fab6, Nodes: ecb82392-9efc-4718-8957-302e66d96ccd{ip: 192.168.157.201, host: pr-hdds-2514-unusedmethodparam-9qkq7-1267773169, networkLocation: /rack1, certSerialId: null}, Type:RATIS, Factor:ONE, State:OPEN] moved to OPEN state
2019-11-15 20:27:25,118 [0d66e4d5-0fe9-441c-84d0-b1903c285e78@group-4AFD00184592-LeaderElection164] INFO  server.RaftServerConfigKeys (ConfUtils.java:logGet(43)) - raft.server.watch.element-limit = 65536 (default)
2019-11-15 20:27:25,118 [ecb82392-9efc-4718-8957-302e66d96ccd@group-3AD9CDE2FAB6-LeaderElection165] INFO  server.RaftServerConfigKeys (ConfUtils.java:logGet(43)) - raft.server.watch.timeout.denomination = 1s (default)
2019-11-15 20:27:25,118 [ecb82392-9efc-4718-8957-302e66d96ccd@group-3AD9CDE2FAB6-LeaderElection165] INFO  server.RaftServerConfigKeys (ConfUtils.java:logGet(43)) - raft.server.watch.element-limit = 65536 (default)
2019-11-15 20:27:25,119 [0d66e4d5-0fe9-441c-84d0-b1903c285e78@group-4AFD00184592-LeaderElection164] INFO  impl.RoleInfo (RoleInfo.java:updateAndGet(143)) - 0d66e4d5-0fe9-441c-84d0-b1903c285e78: start LeaderState
2019-11-15 20:27:25,119 [ecb82392-9efc-4718-8957-302e66d96ccd@group-3AD9CDE2FAB6-LeaderElection165] INFO  impl.RoleInfo (RoleInfo.java:updateAndGet(143)) - ecb82392-9efc-4718-8957-302e66d96ccd: start LeaderState
2019-11-15 20:27:25,119 [0d66e4d5-0fe9-441c-84d0-b1903c285e78@group-4AFD00184592-LeaderElection164] INFO  segmented.SegmentedRaftLogWorker (SegmentedRaftLogWorker.java:startLogSegment(385)) - 0d66e4d5-0fe9-441c-84d0-b1903c285e78@group-4AFD00184592-SegmentedRaftLogWorker: Starting segment from index:0
2019-11-15 20:27:25,119 [ecb82392-9efc-4718-8957-302e66d96ccd@group-3AD9CDE2FAB6-LeaderElection165] INFO  segmented.SegmentedRaftLogWorker (SegmentedRaftLogWorker.java:startLogSegment(385)) - ecb82392-9efc-4718-8957-302e66d96ccd@group-3AD9CDE2FAB6-SegmentedRaftLogWorker: Starting segment from index:0
2019-11-15 20:27:25,119 [0d66e4d5-0fe9-441c-84d0-b1903c285e78@group-4AFD00184592-LeaderElection164] INFO  impl.RaftServerImpl (ServerState.java:setRaftConf(356)) - 0d66e4d5-0fe9-441c-84d0-b1903c285e78@group-4AFD00184592: set configuration 0: [0d66e4d5-0fe9-441c-84d0-b1903c285e78:192.168.157.201:44210], old=null at 0
2019-11-15 20:27:25,119 [ecb82392-9efc-4718-8957-302e66d96ccd@group-3AD9CDE2FAB6-LeaderElection165] INFO  impl.RaftServerImpl (ServerState.java:setRaftConf(356)) - ecb82392-9efc-4718-8957-302e66d96ccd@group-3AD9CDE2FAB6: set configuration 0: [ecb82392-9efc-4718-8957-302e66d96ccd:192.168.157.201:35685], old=null at 0
2019-11-15 20:27:25,166 [0d66e4d5-0fe9-441c-84d0-b1903c285e78@group-4AFD00184592-SegmentedRaftLogWorker] INFO  segmented.SegmentedRaftLogWorker (SegmentedRaftLogWorker.java:execute(576)) - 0d66e4d5-0fe9-441c-84d0-b1903c285e78@group-4AFD00184592-SegmentedRaftLogWorker: created new log segment /workdir/hadoop-ozone/integration-test/target/test-dir/MiniOzoneClusterImpl-2baab228-4da8-45e4-8c00-c7e13f1dd389/datanode-5/data/ratis/ef51d0a8-7d9d-45bd-9548-4afd00184592/current/log_inprogress_0
2019-11-15 20:27:25,166 [ecb82392-9efc-4718-8957-302e66d96ccd@group-3AD9CDE2FAB6-SegmentedRaftLogWorker] INFO  segmented.SegmentedRaftLogWorker (SegmentedRaftLogWorker.java:execute(576)) - ecb82392-9efc-4718-8957-302e66d96ccd@group-3AD9CDE2FAB6-SegmentedRaftLogWorker: created new log segment /workdir/hadoop-ozone/integration-test/target/test-dir/MiniOzoneClusterImpl-2baab228-4da8-45e4-8c00-c7e13f1dd389/datanode-3/data/ratis/c596d274-9fcf-4f05-beed-3ad9cde2fab6/current/log_inprogress_0
2019-11-15 20:27:25,180 [Thread-4029] INFO  impl.FollowerState (FollowerState.java:run(111)) - 6d6ed0d9-a6ea-4ace-a9af-83891056ab32@group-02B05EA64F68-FollowerState: change to CANDIDATE, lastRpcTime:1030ms, electionTimeout:1030ms
2019-11-15 20:27:25,180 [Thread-4029] INFO  impl.RoleInfo (RoleInfo.java:shutdownFollowerState(121)) - 6d6ed0d9-a6ea-4ace-a9af-83891056ab32: shutdown FollowerState
2019-11-15 20:27:25,180 [Thread-4029] INFO  impl.RaftServerImpl (RaftServerImpl.java:setRole(173)) - 6d6ed0d9-a6ea-4ace-a9af-83891056ab32@group-02B05EA64F68: changes role from  FOLLOWER to CANDIDATE at term 0 for changeToCandidate
2019-11-15 20:27:25,180 [Thread-4029] INFO  impl.RoleInfo (RoleInfo.java:updateAndGet(143)) - 6d6ed0d9-a6ea-4ace-a9af-83891056ab32: start LeaderElection
2019-11-15 20:27:25,202 [6d6ed0d9-a6ea-4ace-a9af-83891056ab32@group-02B05EA64F68-LeaderElection166] INFO  impl.LeaderElection (LeaderElection.java:askForVotes(178)) - 6d6ed0d9-a6ea-4ace-a9af-83891056ab32@group-02B05EA64F68-LeaderElection166: begin an election at term 1 for -1: [6d6ed0d9-a6ea-4ace-a9af-83891056ab32:192.168.157.201:37473], old=null
2019-11-15 20:27:25,202 [6d6ed0d9-a6ea-4ace-a9af-83891056ab32@group-02B05EA64F68-LeaderElection166] INFO  impl.RoleInfo (RoleInfo.java:shutdownLeaderElection(134)) - 6d6ed0d9-a6ea-4ace-a9af-83891056ab32: shutdown LeaderElection
2019-11-15 20:27:25,202 [6d6ed0d9-a6ea-4ace-a9af-83891056ab32@group-02B05EA64F68-LeaderElection166] INFO  impl.RaftServerImpl (RaftServerImpl.java:setRole(173)) - 6d6ed0d9-a6ea-4ace-a9af-83891056ab32@group-02B05EA64F68: changes role from CANDIDATE to LEADER at term 1 for changeToLeader
2019-11-15 20:27:25,202 [6d6ed0d9-a6ea-4ace-a9af-83891056ab32@group-02B05EA64F68-LeaderElection166] INFO  ratis.XceiverServerRatis (XceiverServerRatis.java:handleLeaderChangedNotification(697)) - Leader change notification received for group: group-02B05EA64F68 with new leaderId: 6d6ed0d9-a6ea-4ace-a9af-83891056ab32
2019-11-15 20:27:25,202 [6d6ed0d9-a6ea-4ace-a9af-83891056ab32@group-02B05EA64F68-LeaderElection166] INFO  impl.RaftServerImpl (ServerState.java:setLeader(255)) - 6d6ed0d9-a6ea-4ace-a9af-83891056ab32@group-02B05EA64F68: change Leader from null to 6d6ed0d9-a6ea-4ace-a9af-83891056ab32 at term 1 for becomeLeader, leader elected after 1055ms
2019-11-15 20:27:25,202 [6d6ed0d9-a6ea-4ace-a9af-83891056ab32@group-02B05EA64F68-LeaderElection166] INFO  server.RaftServerConfigKeys (ConfUtils.java:logGet(43)) - raft.server.staging.catchup.gap = 1000 (default)
2019-11-15 20:27:25,202 [6d6ed0d9-a6ea-4ace-a9af-83891056ab32@group-02B05EA64F68-LeaderElection166] INFO  server.RaftServerConfigKeys (ConfUtils.java:logGet(43)) - raft.server.rpc.sleep.time = 25ms (default)
2019-11-15 20:27:25,206 [6d6ed0d9-a6ea-4ace-a9af-83891056ab32@group-02B05EA64F68-LeaderElection166] INFO  server.RaftServerConfigKeys (ConfUtils.java:logGet(43)) - raft.server.write.element-limit = 4096 (default)
2019-11-15 20:27:25,206 [6d6ed0d9-a6ea-4ace-a9af-83891056ab32@group-02B05EA64F68-LeaderElection166] INFO  server.RaftServerConfigKeys (ConfUtils.java:logGet(43)) - raft.server.watch.timeout = 10s (default)
2019-11-15 20:27:25,206 [6d6ed0d9-a6ea-4ace-a9af-83891056ab32@group-02B05EA64F68-LeaderElection166] INFO  server.RaftServerConfigKeys (ConfUtils.java:logGet(43)) - raft.server.watch.timeout.denomination = 1s (default)
2019-11-15 20:27:25,206 [6d6ed0d9-a6ea-4ace-a9af-83891056ab32@group-02B05EA64F68-LeaderElection166] INFO  server.RaftServerConfigKeys (ConfUtils.java:logGet(43)) - raft.server.watch.element-limit = 65536 (default)
2019-11-15 20:27:25,206 [6d6ed0d9-a6ea-4ace-a9af-83891056ab32@group-02B05EA64F68-LeaderElection166] INFO  impl.RoleInfo (RoleInfo.java:updateAndGet(143)) - 6d6ed0d9-a6ea-4ace-a9af-83891056ab32: start LeaderState
2019-11-15 20:27:25,206 [6d6ed0d9-a6ea-4ace-a9af-83891056ab32@group-02B05EA64F68-LeaderElection166] INFO  segmented.SegmentedRaftLogWorker (SegmentedRaftLogWorker.java:startLogSegment(385)) - 6d6ed0d9-a6ea-4ace-a9af-83891056ab32@group-02B05EA64F68-SegmentedRaftLogWorker: Starting segment from index:0
2019-11-15 20:27:25,206 [EventQueue-PipelineReportForPipelineReportHandler] INFO  pipeline.PipelineStateManager (PipelineStateManager.java:openPipeline(134)) - Pipeline Pipeline[ Id: 490831e8-2c75-4f6a-94a0-02b05ea64f68, Nodes: 6d6ed0d9-a6ea-4ace-a9af-83891056ab32{ip: 192.168.157.201, host: pr-hdds-2514-unusedmethodparam-9qkq7-1267773169, networkLocation: /rack1, certSerialId: null}, Type:RATIS, Factor:ONE, State:OPEN] moved to OPEN state
2019-11-15 20:27:25,207 [6d6ed0d9-a6ea-4ace-a9af-83891056ab32@group-02B05EA64F68-LeaderElection166] INFO  impl.RaftServerImpl (ServerState.java:setRaftConf(356)) - 6d6ed0d9-a6ea-4ace-a9af-83891056ab32@group-02B05EA64F68: set configuration 0: [6d6ed0d9-a6ea-4ace-a9af-83891056ab32:192.168.157.201:37473], old=null at 0
2019-11-15 20:27:25,257 [6d6ed0d9-a6ea-4ace-a9af-83891056ab32@group-02B05EA64F68-SegmentedRaftLogWorker] INFO  segmented.SegmentedRaftLogWorker (SegmentedRaftLogWorker.java:execute(576)) - 6d6ed0d9-a6ea-4ace-a9af-83891056ab32@group-02B05EA64F68-SegmentedRaftLogWorker: created new log segment /workdir/hadoop-ozone/integration-test/target/test-dir/MiniOzoneClusterImpl-2baab228-4da8-45e4-8c00-c7e13f1dd389/datanode-6/data/ratis/490831e8-2c75-4f6a-94a0-02b05ea64f68/current/log_inprogress_0
2019-11-15 20:27:25,282 [Thread-4032] INFO  impl.FollowerState (FollowerState.java:run(111)) - 77a687a8-07fe-464e-b0f2-03532ede599a@group-807648084630-FollowerState: change to CANDIDATE, lastRpcTime:1065ms, electionTimeout:1065ms
2019-11-15 20:27:25,282 [Thread-4032] INFO  impl.RoleInfo (RoleInfo.java:shutdownFollowerState(121)) - 77a687a8-07fe-464e-b0f2-03532ede599a: shutdown FollowerState
2019-11-15 20:27:25,282 [Thread-4032] INFO  impl.RaftServerImpl (RaftServerImpl.java:setRole(173)) - 77a687a8-07fe-464e-b0f2-03532ede599a@group-807648084630: changes role from  FOLLOWER to CANDIDATE at term 0 for changeToCandidate
2019-11-15 20:27:25,282 [Thread-4032] INFO  impl.RoleInfo (RoleInfo.java:updateAndGet(143)) - 77a687a8-07fe-464e-b0f2-03532ede599a: start LeaderElection
2019-11-15 20:27:25,309 [77a687a8-07fe-464e-b0f2-03532ede599a@group-807648084630-LeaderElection167] INFO  impl.LeaderElection (LeaderElection.java:askForVotes(178)) - 77a687a8-07fe-464e-b0f2-03532ede599a@group-807648084630-LeaderElection167: begin an election at term 1 for -1: [77a687a8-07fe-464e-b0f2-03532ede599a:192.168.157.201:39884], old=null
2019-11-15 20:27:25,309 [77a687a8-07fe-464e-b0f2-03532ede599a@group-807648084630-LeaderElection167] INFO  impl.RoleInfo (RoleInfo.java:shutdownLeaderElection(134)) - 77a687a8-07fe-464e-b0f2-03532ede599a: shutdown LeaderElection
2019-11-15 20:27:25,309 [77a687a8-07fe-464e-b0f2-03532ede599a@group-807648084630-LeaderElection167] INFO  impl.RaftServerImpl (RaftServerImpl.java:setRole(173)) - 77a687a8-07fe-464e-b0f2-03532ede599a@group-807648084630: changes role from CANDIDATE to LEADER at term 1 for changeToLeader
2019-11-15 20:27:25,309 [77a687a8-07fe-464e-b0f2-03532ede599a@group-807648084630-LeaderElection167] INFO  ratis.XceiverServerRatis (XceiverServerRatis.java:handleLeaderChangedNotification(697)) - Leader change notification received for group: group-807648084630 with new leaderId: 77a687a8-07fe-464e-b0f2-03532ede599a
2019-11-15 20:27:25,310 [77a687a8-07fe-464e-b0f2-03532ede599a@group-807648084630-LeaderElection167] INFO  impl.RaftServerImpl (ServerState.java:setLeader(255)) - 77a687a8-07fe-464e-b0f2-03532ede599a@group-807648084630: change Leader from null to 77a687a8-07fe-464e-b0f2-03532ede599a at term 1 for becomeLeader, leader elected after 1095ms
2019-11-15 20:27:25,310 [77a687a8-07fe-464e-b0f2-03532ede599a@group-807648084630-LeaderElection167] INFO  server.RaftServerConfigKeys (ConfUtils.java:logGet(43)) - raft.server.staging.catchup.gap = 1000 (default)
2019-11-15 20:27:25,310 [77a687a8-07fe-464e-b0f2-03532ede599a@group-807648084630-LeaderElection167] INFO  server.RaftServerConfigKeys (ConfUtils.java:logGet(43)) - raft.server.rpc.sleep.time = 25ms (default)
2019-11-15 20:27:25,312 [77a687a8-07fe-464e-b0f2-03532ede599a@group-807648084630-LeaderElection167] INFO  server.RaftServerConfigKeys (ConfUtils.java:logGet(43)) - raft.server.write.element-limit = 4096 (default)
2019-11-15 20:27:25,312 [77a687a8-07fe-464e-b0f2-03532ede599a@group-807648084630-LeaderElection167] INFO  server.RaftServerConfigKeys (ConfUtils.java:logGet(43)) - raft.server.watch.timeout = 10s (default)
2019-11-15 20:27:25,312 [77a687a8-07fe-464e-b0f2-03532ede599a@group-807648084630-LeaderElection167] INFO  server.RaftServerConfigKeys (ConfUtils.java:logGet(43)) - raft.server.watch.timeout.denomination = 1s (default)
2019-11-15 20:27:25,313 [77a687a8-07fe-464e-b0f2-03532ede599a@group-807648084630-LeaderElection167] INFO  server.RaftServerConfigKeys (ConfUtils.java:logGet(43)) - raft.server.watch.element-limit = 65536 (default)
2019-11-15 20:27:25,313 [77a687a8-07fe-464e-b0f2-03532ede599a@group-807648084630-LeaderElection167] INFO  impl.RoleInfo (RoleInfo.java:updateAndGet(143)) - 77a687a8-07fe-464e-b0f2-03532ede599a: start LeaderState
2019-11-15 20:27:25,313 [EventQueue-PipelineReportForPipelineReportHandler] INFO  pipeline.PipelineStateManager (PipelineStateManager.java:openPipeline(134)) - Pipeline Pipeline[ Id: 8c60cc58-66c3-456d-88ae-807648084630, Nodes: 77a687a8-07fe-464e-b0f2-03532ede599a{ip: 192.168.157.201, host: pr-hdds-2514-unusedmethodparam-9qkq7-1267773169, networkLocation: /rack1, certSerialId: null}, Type:RATIS, Factor:ONE, State:OPEN] moved to OPEN state
2019-11-15 20:27:25,313 [77a687a8-07fe-464e-b0f2-03532ede599a@group-807648084630-LeaderElection167] INFO  segmented.SegmentedRaftLogWorker (SegmentedRaftLogWorker.java:startLogSegment(385)) - 77a687a8-07fe-464e-b0f2-03532ede599a@group-807648084630-SegmentedRaftLogWorker: Starting segment from index:0
2019-11-15 20:27:25,313 [77a687a8-07fe-464e-b0f2-03532ede599a@group-807648084630-LeaderElection167] INFO  impl.RaftServerImpl (ServerState.java:setRaftConf(356)) - 77a687a8-07fe-464e-b0f2-03532ede599a@group-807648084630: set configuration 0: [77a687a8-07fe-464e-b0f2-03532ede599a:192.168.157.201:39884], old=null at 0
2019-11-15 20:27:25,347 [Thread-4035] INFO  impl.FollowerState (FollowerState.java:run(111)) - b7fbb734-148a-49a6-9cb1-519eb8bdf364@group-F4D662094BF9-FollowerState: change to CANDIDATE, lastRpcTime:1071ms, electionTimeout:1071ms
2019-11-15 20:27:25,348 [Thread-4035] INFO  impl.RoleInfo (RoleInfo.java:shutdownFollowerState(121)) - b7fbb734-148a-49a6-9cb1-519eb8bdf364: shutdown FollowerState
2019-11-15 20:27:25,348 [Thread-4035] INFO  impl.RaftServerImpl (RaftServerImpl.java:setRole(173)) - b7fbb734-148a-49a6-9cb1-519eb8bdf364@group-F4D662094BF9: changes role from  FOLLOWER to CANDIDATE at term 0 for changeToCandidate
2019-11-15 20:27:25,348 [Thread-4035] INFO  impl.RoleInfo (RoleInfo.java:updateAndGet(143)) - b7fbb734-148a-49a6-9cb1-519eb8bdf364: start LeaderElection
2019-11-15 20:27:25,362 [77a687a8-07fe-464e-b0f2-03532ede599a@group-807648084630-SegmentedRaftLogWorker] INFO  segmented.SegmentedRaftLogWorker (SegmentedRaftLogWorker.java:execute(576)) - 77a687a8-07fe-464e-b0f2-03532ede599a@group-807648084630-SegmentedRaftLogWorker: created new log segment /workdir/hadoop-ozone/integration-test/target/test-dir/MiniOzoneClusterImpl-2baab228-4da8-45e4-8c00-c7e13f1dd389/datanode-7/data/ratis/8c60cc58-66c3-456d-88ae-807648084630/current/log_inprogress_0
2019-11-15 20:27:25,362 [b7fbb734-148a-49a6-9cb1-519eb8bdf364@group-F4D662094BF9-LeaderElection168] INFO  impl.LeaderElection (LeaderElection.java:askForVotes(178)) - b7fbb734-148a-49a6-9cb1-519eb8bdf364@group-F4D662094BF9-LeaderElection168: begin an election at term 1 for -1: [b7fbb734-148a-49a6-9cb1-519eb8bdf364:192.168.157.201:44174], old=null
2019-11-15 20:27:25,363 [b7fbb734-148a-49a6-9cb1-519eb8bdf364@group-F4D662094BF9-LeaderElection168] INFO  impl.RoleInfo (RoleInfo.java:shutdownLeaderElection(134)) - b7fbb734-148a-49a6-9cb1-519eb8bdf364: shutdown LeaderElection
2019-11-15 20:27:25,363 [b7fbb734-148a-49a6-9cb1-519eb8bdf364@group-F4D662094BF9-LeaderElection168] INFO  impl.RaftServerImpl (RaftServerImpl.java:setRole(173)) - b7fbb734-148a-49a6-9cb1-519eb8bdf364@group-F4D662094BF9: changes role from CANDIDATE to LEADER at term 1 for changeToLeader
2019-11-15 20:27:25,363 [b7fbb734-148a-49a6-9cb1-519eb8bdf364@group-F4D662094BF9-LeaderElection168] INFO  ratis.XceiverServerRatis (XceiverServerRatis.java:handleLeaderChangedNotification(697)) - Leader change notification received for group: group-F4D662094BF9 with new leaderId: b7fbb734-148a-49a6-9cb1-519eb8bdf364
2019-11-15 20:27:25,363 [b7fbb734-148a-49a6-9cb1-519eb8bdf364@group-F4D662094BF9-LeaderElection168] INFO  impl.RaftServerImpl (ServerState.java:setLeader(255)) - b7fbb734-148a-49a6-9cb1-519eb8bdf364@group-F4D662094BF9: change Leader from null to b7fbb734-148a-49a6-9cb1-519eb8bdf364 at term 1 for becomeLeader, leader elected after 1089ms
2019-11-15 20:27:25,363 [b7fbb734-148a-49a6-9cb1-519eb8bdf364@group-F4D662094BF9-LeaderElection168] INFO  server.RaftServerConfigKeys (ConfUtils.java:logGet(43)) - raft.server.staging.catchup.gap = 1000 (default)
2019-11-15 20:27:25,366 [b7fbb734-148a-49a6-9cb1-519eb8bdf364@group-F4D662094BF9-LeaderElection168] INFO  server.RaftServerConfigKeys (ConfUtils.java:logGet(43)) - raft.server.rpc.sleep.time = 25ms (default)
2019-11-15 20:27:25,366 [b7fbb734-148a-49a6-9cb1-519eb8bdf364@group-F4D662094BF9-LeaderElection168] INFO  server.RaftServerConfigKeys (ConfUtils.java:logGet(43)) - raft.server.write.element-limit = 4096 (default)
2019-11-15 20:27:25,366 [b7fbb734-148a-49a6-9cb1-519eb8bdf364@group-F4D662094BF9-LeaderElection168] INFO  server.RaftServerConfigKeys (ConfUtils.java:logGet(43)) - raft.server.watch.timeout = 10s (default)
2019-11-15 20:27:25,366 [EventQueue-PipelineReportForPipelineReportHandler] INFO  pipeline.PipelineStateManager (PipelineStateManager.java:openPipeline(134)) - Pipeline Pipeline[ Id: 1ff0113b-747d-4e0b-b91f-f4d662094bf9, Nodes: b7fbb734-148a-49a6-9cb1-519eb8bdf364{ip: 192.168.157.201, host: pr-hdds-2514-unusedmethodparam-9qkq7-1267773169, networkLocation: /rack1, certSerialId: null}, Type:RATIS, Factor:ONE, State:OPEN] moved to OPEN state
2019-11-15 20:27:25,366 [b7fbb734-148a-49a6-9cb1-519eb8bdf364@group-F4D662094BF9-LeaderElection168] INFO  server.RaftServerConfigKeys (ConfUtils.java:logGet(43)) - raft.server.watch.timeout.denomination = 1s (default)
2019-11-15 20:27:25,366 [b7fbb734-148a-49a6-9cb1-519eb8bdf364@group-F4D662094BF9-LeaderElection168] INFO  server.RaftServerConfigKeys (ConfUtils.java:logGet(43)) - raft.server.watch.element-limit = 65536 (default)
2019-11-15 20:27:25,367 [b7fbb734-148a-49a6-9cb1-519eb8bdf364@group-F4D662094BF9-LeaderElection168] INFO  impl.RoleInfo (RoleInfo.java:updateAndGet(143)) - b7fbb734-148a-49a6-9cb1-519eb8bdf364: start LeaderState
2019-11-15 20:27:25,367 [b7fbb734-148a-49a6-9cb1-519eb8bdf364@group-F4D662094BF9-LeaderElection168] INFO  segmented.SegmentedRaftLogWorker (SegmentedRaftLogWorker.java:startLogSegment(385)) - b7fbb734-148a-49a6-9cb1-519eb8bdf364@group-F4D662094BF9-SegmentedRaftLogWorker: Starting segment from index:0
2019-11-15 20:27:25,367 [b7fbb734-148a-49a6-9cb1-519eb8bdf364@group-F4D662094BF9-LeaderElection168] INFO  impl.RaftServerImpl (ServerState.java:setRaftConf(356)) - b7fbb734-148a-49a6-9cb1-519eb8bdf364@group-F4D662094BF9: set configuration 0: [b7fbb734-148a-49a6-9cb1-519eb8bdf364:192.168.157.201:44174], old=null at 0
2019-11-15 20:27:25,419 [b7fbb734-148a-49a6-9cb1-519eb8bdf364@group-F4D662094BF9-SegmentedRaftLogWorker] INFO  segmented.SegmentedRaftLogWorker (SegmentedRaftLogWorker.java:execute(576)) - b7fbb734-148a-49a6-9cb1-519eb8bdf364@group-F4D662094BF9-SegmentedRaftLogWorker: created new log segment /workdir/hadoop-ozone/integration-test/target/test-dir/MiniOzoneClusterImpl-2baab228-4da8-45e4-8c00-c7e13f1dd389/datanode-8/data/ratis/1ff0113b-747d-4e0b-b91f-f4d662094bf9/current/log_inprogress_0
2019-11-15 20:27:25,423 [Thread-4041] INFO  impl.FollowerState (FollowerState.java:run(111)) - ecb82392-9efc-4718-8957-302e66d96ccd@group-AB9D817F0B1B-FollowerState: change to CANDIDATE, lastRpcTime:1008ms, electionTimeout:1008ms
2019-11-15 20:27:25,423 [Thread-4041] INFO  impl.RoleInfo (RoleInfo.java:shutdownFollowerState(121)) - ecb82392-9efc-4718-8957-302e66d96ccd: shutdown FollowerState
2019-11-15 20:27:25,423 [Thread-4041] INFO  impl.RaftServerImpl (RaftServerImpl.java:setRole(173)) - ecb82392-9efc-4718-8957-302e66d96ccd@group-AB9D817F0B1B: changes role from  FOLLOWER to CANDIDATE at term 0 for changeToCandidate
2019-11-15 20:27:25,423 [Thread-4041] INFO  impl.RoleInfo (RoleInfo.java:updateAndGet(143)) - ecb82392-9efc-4718-8957-302e66d96ccd: start LeaderElection
2019-11-15 20:27:25,444 [ecb82392-9efc-4718-8957-302e66d96ccd@group-AB9D817F0B1B-LeaderElection169] INFO  impl.LeaderElection (LeaderElection.java:askForVotes(178)) - ecb82392-9efc-4718-8957-302e66d96ccd@group-AB9D817F0B1B-LeaderElection169: begin an election at term 1 for -1: [ecb82392-9efc-4718-8957-302e66d96ccd:192.168.157.201:35685, 6d6ed0d9-a6ea-4ace-a9af-83891056ab32:192.168.157.201:37473, c767ecc1-97b1-4b32-a4b7-dad4991a192e:192.168.157.201:43389], old=null
2019-11-15 20:27:25,449 [grpc-default-executor-12] INFO  impl.RaftServerImpl (RaftServerImpl.java:setRole(173)) - c767ecc1-97b1-4b32-a4b7-dad4991a192e@group-AB9D817F0B1B: changes role from  FOLLOWER to FOLLOWER at term 1 for recognizeCandidate:ecb82392-9efc-4718-8957-302e66d96ccd
2019-11-15 20:27:25,450 [grpc-default-executor-12] INFO  impl.RoleInfo (RoleInfo.java:shutdownFollowerState(121)) - c767ecc1-97b1-4b32-a4b7-dad4991a192e: shutdown FollowerState
2019-11-15 20:27:25,450 [grpc-default-executor-12] INFO  impl.RoleInfo (RoleInfo.java:updateAndGet(143)) - c767ecc1-97b1-4b32-a4b7-dad4991a192e: start FollowerState
2019-11-15 20:27:25,452 [grpc-default-executor-9] INFO  impl.RaftServerImpl (RaftServerImpl.java:setRole(173)) - 6d6ed0d9-a6ea-4ace-a9af-83891056ab32@group-AB9D817F0B1B: changes role from  FOLLOWER to FOLLOWER at term 1 for recognizeCandidate:ecb82392-9efc-4718-8957-302e66d96ccd
2019-11-15 20:27:25,452 [grpc-default-executor-9] INFO  impl.RoleInfo (RoleInfo.java:shutdownFollowerState(121)) - 6d6ed0d9-a6ea-4ace-a9af-83891056ab32: shutdown FollowerState
2019-11-15 20:27:25,450 [Thread-4046] INFO  impl.FollowerState (FollowerState.java:run(120)) - c767ecc1-97b1-4b32-a4b7-dad4991a192e@group-AB9D817F0B1B-FollowerState was interrupted: java.lang.InterruptedException: sleep interrupted
2019-11-15 20:27:25,452 [Thread-4045] INFO  impl.FollowerState (FollowerState.java:run(120)) - 6d6ed0d9-a6ea-4ace-a9af-83891056ab32@group-AB9D817F0B1B-FollowerState was interrupted: java.lang.InterruptedException: sleep interrupted
2019-11-15 20:27:25,452 [grpc-default-executor-9] INFO  impl.RoleInfo (RoleInfo.java:updateAndGet(143)) - 6d6ed0d9-a6ea-4ace-a9af-83891056ab32: start FollowerState
2019-11-15 20:27:25,474 [ecb82392-9efc-4718-8957-302e66d96ccd@group-AB9D817F0B1B-LeaderElection169] INFO  impl.LeaderElection (LeaderElection.java:logAndReturn(56)) - ecb82392-9efc-4718-8957-302e66d96ccd@group-AB9D817F0B1B-LeaderElection169: Election PASSED; received 1 response(s) [ecb82392-9efc-4718-8957-302e66d96ccd<-6d6ed0d9-a6ea-4ace-a9af-83891056ab32#0:OK-t1] and 0 exception(s); ecb82392-9efc-4718-8957-302e66d96ccd@group-AB9D817F0B1B:t1, leader=null, voted=ecb82392-9efc-4718-8957-302e66d96ccd, raftlog=ecb82392-9efc-4718-8957-302e66d96ccd@group-AB9D817F0B1B-SegmentedRaftLog:OPENED:c-1,f-1,i0, conf=-1: [ecb82392-9efc-4718-8957-302e66d96ccd:192.168.157.201:35685, 6d6ed0d9-a6ea-4ace-a9af-83891056ab32:192.168.157.201:37473, c767ecc1-97b1-4b32-a4b7-dad4991a192e:192.168.157.201:43389], old=null
2019-11-15 20:27:25,474 [ecb82392-9efc-4718-8957-302e66d96ccd@group-AB9D817F0B1B-LeaderElection169] INFO  impl.RoleInfo (RoleInfo.java:shutdownLeaderElection(134)) - ecb82392-9efc-4718-8957-302e66d96ccd: shutdown LeaderElection
2019-11-15 20:27:25,474 [ecb82392-9efc-4718-8957-302e66d96ccd@group-AB9D817F0B1B-LeaderElection169] INFO  impl.RaftServerImpl (RaftServerImpl.java:setRole(173)) - ecb82392-9efc-4718-8957-302e66d96ccd@group-AB9D817F0B1B: changes role from CANDIDATE to LEADER at term 1 for changeToLeader
2019-11-15 20:27:25,474 [ecb82392-9efc-4718-8957-302e66d96ccd@group-AB9D817F0B1B-LeaderElection169] INFO  ratis.XceiverServerRatis (XceiverServerRatis.java:handleLeaderChangedNotification(697)) - Leader change notification received for group: group-AB9D817F0B1B with new leaderId: ecb82392-9efc-4718-8957-302e66d96ccd
2019-11-15 20:27:25,476 [ecb82392-9efc-4718-8957-302e66d96ccd@group-AB9D817F0B1B-LeaderElection169] INFO  impl.RaftServerImpl (ServerState.java:setLeader(255)) - ecb82392-9efc-4718-8957-302e66d96ccd@group-AB9D817F0B1B: change Leader from null to ecb82392-9efc-4718-8957-302e66d96ccd at term 1 for becomeLeader, leader elected after 1064ms
2019-11-15 20:27:25,476 [ecb82392-9efc-4718-8957-302e66d96ccd@group-AB9D817F0B1B-LeaderElection169] INFO  server.RaftServerConfigKeys (ConfUtils.java:logGet(43)) - raft.server.staging.catchup.gap = 1000 (default)
2019-11-15 20:27:25,476 [ecb82392-9efc-4718-8957-302e66d96ccd@group-AB9D817F0B1B-LeaderElection169] INFO  server.RaftServerConfigKeys (ConfUtils.java:logGet(43)) - raft.server.rpc.sleep.time = 25ms (default)
2019-11-15 20:27:25,476 [ecb82392-9efc-4718-8957-302e66d96ccd@group-AB9D817F0B1B-LeaderElection169] INFO  server.RaftServerConfigKeys (ConfUtils.java:logGet(43)) - raft.server.write.element-limit = 4096 (default)
2019-11-15 20:27:25,476 [ecb82392-9efc-4718-8957-302e66d96ccd@group-AB9D817F0B1B-LeaderElection169] INFO  server.RaftServerConfigKeys (ConfUtils.java:logGet(43)) - raft.server.watch.timeout = 10s (default)
2019-11-15 20:27:25,477 [ecb82392-9efc-4718-8957-302e66d96ccd@group-AB9D817F0B1B-LeaderElection169] INFO  server.RaftServerConfigKeys (ConfUtils.java:logGet(43)) - raft.server.watch.timeout.denomination = 1s (default)
2019-11-15 20:27:25,477 [ecb82392-9efc-4718-8957-302e66d96ccd@group-AB9D817F0B1B-LeaderElection169] INFO  server.RaftServerConfigKeys (ConfUtils.java:logGet(43)) - raft.server.watch.element-limit = 65536 (default)
2019-11-15 20:27:25,477 [EventQueue-PipelineReportForPipelineReportHandler] INFO  pipeline.PipelineStateManager (PipelineStateManager.java:openPipeline(134)) - Pipeline Pipeline[ Id: c7d7306a-7d29-405c-81b0-ab9d817f0b1b, Nodes: 6d6ed0d9-a6ea-4ace-a9af-83891056ab32{ip: 192.168.157.201, host: pr-hdds-2514-unusedmethodparam-9qkq7-1267773169, networkLocation: /rack1, certSerialId: null}c767ecc1-97b1-4b32-a4b7-dad4991a192e{ip: 192.168.157.201, host: pr-hdds-2514-unusedmethodparam-9qkq7-1267773169, networkLocation: /rack1, certSerialId: null}ecb82392-9efc-4718-8957-302e66d96ccd{ip: 192.168.157.201, host: pr-hdds-2514-unusedmethodparam-9qkq7-1267773169, networkLocation: /rack1, certSerialId: null}, Type:RATIS, Factor:THREE, State:OPEN] moved to OPEN state
2019-11-15 20:27:25,477 [ecb82392-9efc-4718-8957-302e66d96ccd@group-AB9D817F0B1B-LeaderElection169] INFO  server.RaftServerConfigKeys (ConfUtils.java:logGet(43)) - raft.server.log.appender.snapshot.chunk.size.max = 16MB (=16777216) (default)
2019-11-15 20:27:25,477 [ecb82392-9efc-4718-8957-302e66d96ccd@group-AB9D817F0B1B-LeaderElection169] INFO  server.RaftServerConfigKeys (ConfUtils.java:logGet(43)) - raft.server.log.appender.buffer.byte-limit = 33554432 (custom)
2019-11-15 20:27:25,477 [ecb82392-9efc-4718-8957-302e66d96ccd@group-AB9D817F0B1B-LeaderElection169] INFO  server.RaftServerConfigKeys (ConfUtils.java:logGet(43)) - raft.server.log.appender.buffer.element-limit = 1 (custom)
2019-11-15 20:27:25,477 [ecb82392-9efc-4718-8957-302e66d96ccd@group-AB9D817F0B1B-LeaderElection169] INFO  grpc.GrpcConfigKeys$Server (ConfUtils.java:logGet(43)) - raft.grpc.server.leader.outstanding.appends.max = 128 (default)
2019-11-15 20:27:25,477 [ecb82392-9efc-4718-8957-302e66d96ccd@group-AB9D817F0B1B-LeaderElection169] INFO  server.RaftServerConfigKeys (ConfUtils.java:logGet(43)) - raft.server.rpc.request.timeout = 3000ms (default)
2019-11-15 20:27:25,478 [ecb82392-9efc-4718-8957-302e66d96ccd@group-AB9D817F0B1B-LeaderElection169] INFO  server.RaftServerConfigKeys (ConfUtils.java:logGet(43)) - raft.server.log.appender.install.snapshot.enabled = false (custom)
2019-11-15 20:27:25,478 [ecb82392-9efc-4718-8957-302e66d96ccd@group-AB9D817F0B1B-LeaderElection169] WARN  impl.MetricRegistriesImpl (MetricRegistriesImpl.java:lambda$create$1(61)) - First MetricRegistry has been created without registering reporters. You may need to call MetricRegistries.global().addReportRegistration(...) before.
2019-11-15 20:27:25,478 [ecb82392-9efc-4718-8957-302e66d96ccd@group-AB9D817F0B1B-LeaderElection169] INFO  server.RaftServerConfigKeys (ConfUtils.java:logGet(43)) - raft.server.log.appender.snapshot.chunk.size.max = 16MB (=16777216) (default)
2019-11-15 20:27:25,478 [ecb82392-9efc-4718-8957-302e66d96ccd@group-AB9D817F0B1B-LeaderElection169] INFO  server.RaftServerConfigKeys (ConfUtils.java:logGet(43)) - raft.server.log.appender.buffer.byte-limit = 33554432 (custom)
2019-11-15 20:27:25,478 [ecb82392-9efc-4718-8957-302e66d96ccd@group-AB9D817F0B1B-LeaderElection169] INFO  server.RaftServerConfigKeys (ConfUtils.java:logGet(43)) - raft.server.log.appender.buffer.element-limit = 1 (custom)
2019-11-15 20:27:25,478 [ecb82392-9efc-4718-8957-302e66d96ccd@group-AB9D817F0B1B-LeaderElection169] INFO  grpc.GrpcConfigKeys$Server (ConfUtils.java:logGet(43)) - raft.grpc.server.leader.outstanding.appends.max = 128 (default)
2019-11-15 20:27:25,478 [ecb82392-9efc-4718-8957-302e66d96ccd@group-AB9D817F0B1B-LeaderElection169] INFO  server.RaftServerConfigKeys (ConfUtils.java:logGet(43)) - raft.server.rpc.request.timeout = 3000ms (default)
2019-11-15 20:27:25,478 [ecb82392-9efc-4718-8957-302e66d96ccd@group-AB9D817F0B1B-LeaderElection169] INFO  server.RaftServerConfigKeys (ConfUtils.java:logGet(43)) - raft.server.log.appender.install.snapshot.enabled = false (custom)
2019-11-15 20:27:25,479 [ecb82392-9efc-4718-8957-302e66d96ccd@group-AB9D817F0B1B-LeaderElection169] INFO  impl.RoleInfo (RoleInfo.java:updateAndGet(143)) - ecb82392-9efc-4718-8957-302e66d96ccd: start LeaderState
2019-11-15 20:27:25,479 [ecb82392-9efc-4718-8957-302e66d96ccd@group-AB9D817F0B1B-LeaderElection169] INFO  segmented.SegmentedRaftLogWorker (SegmentedRaftLogWorker.java:startLogSegment(385)) - ecb82392-9efc-4718-8957-302e66d96ccd@group-AB9D817F0B1B-SegmentedRaftLogWorker: Starting segment from index:0
2019-11-15 20:27:25,479 [ecb82392-9efc-4718-8957-302e66d96ccd@group-AB9D817F0B1B-LeaderElection169] INFO  impl.RaftServerImpl (ServerState.java:setRaftConf(356)) - ecb82392-9efc-4718-8957-302e66d96ccd@group-AB9D817F0B1B: set configuration 0: [ecb82392-9efc-4718-8957-302e66d96ccd:192.168.157.201:35685, 6d6ed0d9-a6ea-4ace-a9af-83891056ab32:192.168.157.201:37473, c767ecc1-97b1-4b32-a4b7-dad4991a192e:192.168.157.201:43389], old=null at 0
2019-11-15 20:27:25,480 [grpc-default-executor-12] INFO  ratis.XceiverServerRatis (XceiverServerRatis.java:handleLeaderChangedNotification(697)) - Leader change notification received for group: group-AB9D817F0B1B with new leaderId: ecb82392-9efc-4718-8957-302e66d96ccd
2019-11-15 20:27:25,481 [grpc-default-executor-12] INFO  impl.RaftServerImpl (ServerState.java:setLeader(255)) - c767ecc1-97b1-4b32-a4b7-dad4991a192e@group-AB9D817F0B1B: change Leader from null to ecb82392-9efc-4718-8957-302e66d96ccd at term 1 for appendEntries, leader elected after 1070ms
2019-11-15 20:27:25,481 [grpc-default-executor-9] INFO  ratis.XceiverServerRatis (XceiverServerRatis.java:handleLeaderChangedNotification(697)) - Leader change notification received for group: group-AB9D817F0B1B with new leaderId: ecb82392-9efc-4718-8957-302e66d96ccd
2019-11-15 20:27:25,481 [grpc-default-executor-9] INFO  impl.RaftServerImpl (ServerState.java:setLeader(255)) - 6d6ed0d9-a6ea-4ace-a9af-83891056ab32@group-AB9D817F0B1B: change Leader from null to ecb82392-9efc-4718-8957-302e66d96ccd at term 1 for appendEntries, leader elected after 1071ms
2019-11-15 20:27:25,505 [Thread-4038] INFO  impl.FollowerState (FollowerState.java:run(111)) - 4e9d79cc-0455-427e-951d-7d9146a76d5d@group-611651ED2994-FollowerState: change to CANDIDATE, lastRpcTime:1159ms, electionTimeout:1142ms
2019-11-15 20:27:25,505 [main] INFO  ozone.MiniOzoneClusterImpl (MiniOzoneClusterImpl.java:lambda$waitForClusterToBeReady$2(163)) - Waiting for 2 number of pipelines out of 13, to report a leader.
2019-11-15 20:27:25,506 [grpc-default-executor-12] INFO  impl.RaftServerImpl (ServerState.java:setRaftConf(356)) - c767ecc1-97b1-4b32-a4b7-dad4991a192e@group-AB9D817F0B1B: set configuration 0: [ecb82392-9efc-4718-8957-302e66d96ccd:192.168.157.201:35685, 6d6ed0d9-a6ea-4ace-a9af-83891056ab32:192.168.157.201:37473, c767ecc1-97b1-4b32-a4b7-dad4991a192e:192.168.157.201:43389], old=null at 0
2019-11-15 20:27:25,506 [Thread-4038] INFO  impl.RoleInfo (RoleInfo.java:shutdownFollowerState(121)) - 4e9d79cc-0455-427e-951d-7d9146a76d5d: shutdown FollowerState
2019-11-15 20:27:25,509 [grpc-default-executor-12] INFO  segmented.SegmentedRaftLogWorker (SegmentedRaftLogWorker.java:startLogSegment(385)) - c767ecc1-97b1-4b32-a4b7-dad4991a192e@group-AB9D817F0B1B-SegmentedRaftLogWorker: Starting segment from index:0
2019-11-15 20:27:25,509 [Thread-4038] INFO  impl.RaftServerImpl (RaftServerImpl.java:setRole(173)) - 4e9d79cc-0455-427e-951d-7d9146a76d5d@group-611651ED2994: changes role from  FOLLOWER to CANDIDATE at term 0 for changeToCandidate
2019-11-15 20:27:25,509 [Thread-4038] INFO  impl.RoleInfo (RoleInfo.java:updateAndGet(143)) - 4e9d79cc-0455-427e-951d-7d9146a76d5d: start LeaderElection
2019-11-15 20:27:25,539 [Thread-4050] INFO  impl.FollowerState (FollowerState.java:run(111)) - b7fbb734-148a-49a6-9cb1-519eb8bdf364@group-B9C73B4FE054-FollowerState: change to CANDIDATE, lastRpcTime:1047ms, electionTimeout:1027ms
2019-11-15 20:27:25,539 [ecb82392-9efc-4718-8957-302e66d96ccd@group-AB9D817F0B1B-SegmentedRaftLogWorker] INFO  segmented.SegmentedRaftLogWorker (SegmentedRaftLogWorker.java:execute(576)) - ecb82392-9efc-4718-8957-302e66d96ccd@group-AB9D817F0B1B-SegmentedRaftLogWorker: created new log segment /workdir/hadoop-ozone/integration-test/target/test-dir/MiniOzoneClusterImpl-2baab228-4da8-45e4-8c00-c7e13f1dd389/datanode-3/data/ratis/c7d7306a-7d29-405c-81b0-ab9d817f0b1b/current/log_inprogress_0
2019-11-15 20:27:25,539 [Thread-4050] INFO  impl.RoleInfo (RoleInfo.java:shutdownFollowerState(121)) - b7fbb734-148a-49a6-9cb1-519eb8bdf364: shutdown FollowerState
2019-11-15 20:27:25,540 [Thread-4050] INFO  impl.RaftServerImpl (RaftServerImpl.java:setRole(173)) - b7fbb734-148a-49a6-9cb1-519eb8bdf364@group-B9C73B4FE054: changes role from  FOLLOWER to CANDIDATE at term 0 for changeToCandidate
2019-11-15 20:27:25,540 [Thread-4050] INFO  impl.RoleInfo (RoleInfo.java:updateAndGet(143)) - b7fbb734-148a-49a6-9cb1-519eb8bdf364: start LeaderElection
2019-11-15 20:27:25,540 [grpc-default-executor-12] INFO  impl.RaftServerImpl (ServerState.java:setRaftConf(356)) - 6d6ed0d9-a6ea-4ace-a9af-83891056ab32@group-AB9D817F0B1B: set configuration 0: [ecb82392-9efc-4718-8957-302e66d96ccd:192.168.157.201:35685, 6d6ed0d9-a6ea-4ace-a9af-83891056ab32:192.168.157.201:37473, c767ecc1-97b1-4b32-a4b7-dad4991a192e:192.168.157.201:43389], old=null at 0
2019-11-15 20:27:25,540 [grpc-default-executor-12] INFO  segmented.SegmentedRaftLogWorker (SegmentedRaftLogWorker.java:startLogSegment(385)) - 6d6ed0d9-a6ea-4ace-a9af-83891056ab32@group-AB9D817F0B1B-SegmentedRaftLogWorker: Starting segment from index:0
2019-11-15 20:27:25,551 [Thread-4055] INFO  impl.FollowerState (FollowerState.java:run(111)) - 77a687a8-07fe-464e-b0f2-03532ede599a@group-B9C73B4FE054-FollowerState: change to CANDIDATE, lastRpcTime:1056ms, electionTimeout:1056ms
2019-11-15 20:27:25,551 [Thread-4055] INFO  impl.RoleInfo (RoleInfo.java:shutdownFollowerState(121)) - 77a687a8-07fe-464e-b0f2-03532ede599a: shutdown FollowerState
2019-11-15 20:27:25,551 [Thread-4055] INFO  impl.RaftServerImpl (RaftServerImpl.java:setRole(173)) - 77a687a8-07fe-464e-b0f2-03532ede599a@group-B9C73B4FE054: changes role from  FOLLOWER to CANDIDATE at term 0 for changeToCandidate
2019-11-15 20:27:25,551 [Thread-4055] INFO  impl.RoleInfo (RoleInfo.java:updateAndGet(143)) - 77a687a8-07fe-464e-b0f2-03532ede599a: start LeaderElection
2019-11-15 20:27:25,573 [c767ecc1-97b1-4b32-a4b7-dad4991a192e@group-AB9D817F0B1B-SegmentedRaftLogWorker] INFO  segmented.SegmentedRaftLogWorker (SegmentedRaftLogWorker.java:execute(576)) - c767ecc1-97b1-4b32-a4b7-dad4991a192e@group-AB9D817F0B1B-SegmentedRaftLogWorker: created new log segment /workdir/hadoop-ozone/integration-test/target/test-dir/MiniOzoneClusterImpl-2baab228-4da8-45e4-8c00-c7e13f1dd389/datanode-4/data/ratis/c7d7306a-7d29-405c-81b0-ab9d817f0b1b/current/log_inprogress_0
2019-11-15 20:27:25,573 [b7fbb734-148a-49a6-9cb1-519eb8bdf364@group-B9C73B4FE054-LeaderElection171] INFO  impl.LeaderElection (LeaderElection.java:askForVotes(178)) - b7fbb734-148a-49a6-9cb1-519eb8bdf364@group-B9C73B4FE054-LeaderElection171: begin an election at term 1 for -1: [0d66e4d5-0fe9-441c-84d0-b1903c285e78:192.168.157.201:44210, b7fbb734-148a-49a6-9cb1-519eb8bdf364:192.168.157.201:44174, 77a687a8-07fe-464e-b0f2-03532ede599a:192.168.157.201:39884], old=null
2019-11-15 20:27:25,573 [4e9d79cc-0455-427e-951d-7d9146a76d5d@group-611651ED2994-LeaderElection170] INFO  impl.LeaderElection (LeaderElection.java:askForVotes(178)) - 4e9d79cc-0455-427e-951d-7d9146a76d5d@group-611651ED2994-LeaderElection170: begin an election at term 1 for -1: [4e9d79cc-0455-427e-951d-7d9146a76d5d:192.168.157.201:45301], old=null
2019-11-15 20:27:25,573 [4e9d79cc-0455-427e-951d-7d9146a76d5d@group-611651ED2994-LeaderElection170] INFO  impl.RoleInfo (RoleInfo.java:shutdownLeaderElection(134)) - 4e9d79cc-0455-427e-951d-7d9146a76d5d: shutdown LeaderElection
2019-11-15 20:27:25,574 [4e9d79cc-0455-427e-951d-7d9146a76d5d@group-611651ED2994-LeaderElection170] INFO  impl.RaftServerImpl (RaftServerImpl.java:setRole(173)) - 4e9d79cc-0455-427e-951d-7d9146a76d5d@group-611651ED2994: changes role from CANDIDATE to LEADER at term 1 for changeToLeader
2019-11-15 20:27:25,574 [4e9d79cc-0455-427e-951d-7d9146a76d5d@group-611651ED2994-LeaderElection170] INFO  ratis.XceiverServerRatis (XceiverServerRatis.java:handleLeaderChangedNotification(697)) - Leader change notification received for group: group-611651ED2994 with new leaderId: 4e9d79cc-0455-427e-951d-7d9146a76d5d
2019-11-15 20:27:25,574 [4e9d79cc-0455-427e-951d-7d9146a76d5d@group-611651ED2994-LeaderElection170] INFO  impl.RaftServerImpl (ServerState.java:setLeader(255)) - 4e9d79cc-0455-427e-951d-7d9146a76d5d@group-611651ED2994: change Leader from null to 4e9d79cc-0455-427e-951d-7d9146a76d5d at term 1 for becomeLeader, leader elected after 1232ms
2019-11-15 20:27:25,576 [4e9d79cc-0455-427e-951d-7d9146a76d5d@group-611651ED2994-LeaderElection170] INFO  server.RaftServerConfigKeys (ConfUtils.java:logGet(43)) - raft.server.staging.catchup.gap = 1000 (default)
2019-11-15 20:27:25,576 [4e9d79cc-0455-427e-951d-7d9146a76d5d@group-611651ED2994-LeaderElection170] INFO  server.RaftServerConfigKeys (ConfUtils.java:logGet(43)) - raft.server.rpc.sleep.time = 25ms (default)
2019-11-15 20:27:25,576 [EventQueue-PipelineReportForPipelineReportHandler] INFO  pipeline.PipelineStateManager (PipelineStateManager.java:openPipeline(134)) - Pipeline Pipeline[ Id: 8f2c1ae4-0633-441b-b458-611651ed2994, Nodes: 4e9d79cc-0455-427e-951d-7d9146a76d5d{ip: 192.168.157.201, host: pr-hdds-2514-unusedmethodparam-9qkq7-1267773169, networkLocation: /rack1, certSerialId: null}, Type:RATIS, Factor:ONE, State:OPEN] moved to OPEN state
2019-11-15 20:27:25,577 [4e9d79cc-0455-427e-951d-7d9146a76d5d@group-611651ED2994-LeaderElection170] INFO  server.RaftServerConfigKeys (ConfUtils.java:logGet(43)) - raft.server.write.element-limit = 4096 (default)
2019-11-15 20:27:25,577 [4e9d79cc-0455-427e-951d-7d9146a76d5d@group-611651ED2994-LeaderElection170] INFO  server.RaftServerConfigKeys (ConfUtils.java:logGet(43)) - raft.server.watch.timeout = 10s (default)
2019-11-15 20:27:25,577 [4e9d79cc-0455-427e-951d-7d9146a76d5d@group-611651ED2994-LeaderElection170] INFO  server.RaftServerConfigKeys (ConfUtils.java:logGet(43)) - raft.server.watch.timeout.denomination = 1s (default)
2019-11-15 20:27:25,577 [4e9d79cc-0455-427e-951d-7d9146a76d5d@group-611651ED2994-LeaderElection170] INFO  server.RaftServerConfigKeys (ConfUtils.java:logGet(43)) - raft.server.watch.element-limit = 65536 (default)
2019-11-15 20:27:25,578 [4e9d79cc-0455-427e-951d-7d9146a76d5d@group-611651ED2994-LeaderElection170] INFO  impl.RoleInfo (RoleInfo.java:updateAndGet(143)) - 4e9d79cc-0455-427e-951d-7d9146a76d5d: start LeaderState
2019-11-15 20:27:25,578 [4e9d79cc-0455-427e-951d-7d9146a76d5d@group-611651ED2994-LeaderElection170] INFO  segmented.SegmentedRaftLogWorker (SegmentedRaftLogWorker.java:startLogSegment(385)) - 4e9d79cc-0455-427e-951d-7d9146a76d5d@group-611651ED2994-SegmentedRaftLogWorker: Starting segment from index:0
2019-11-15 20:27:25,579 [4e9d79cc-0455-427e-951d-7d9146a76d5d@group-611651ED2994-LeaderElection170] INFO  impl.RaftServerImpl (ServerState.java:setRaftConf(356)) - 4e9d79cc-0455-427e-951d-7d9146a76d5d@group-611651ED2994: set configuration 0: [4e9d79cc-0455-427e-951d-7d9146a76d5d:192.168.157.201:45301], old=null at 0
2019-11-15 20:27:25,611 [grpc-default-executor-9] INFO  impl.RaftServerImpl (RaftServerImpl.java:setRole(173)) - 0d66e4d5-0fe9-441c-84d0-b1903c285e78@group-B9C73B4FE054: changes role from  FOLLOWER to FOLLOWER at term 1 for recognizeCandidate:b7fbb734-148a-49a6-9cb1-519eb8bdf364
2019-11-15 20:27:25,611 [77a687a8-07fe-464e-b0f2-03532ede599a@group-B9C73B4FE054-LeaderElection172] INFO  impl.LeaderElection (LeaderElection.java:askForVotes(178)) - 77a687a8-07fe-464e-b0f2-03532ede599a@group-B9C73B4FE054-LeaderElection172: begin an election at term 1 for -1: [0d66e4d5-0fe9-441c-84d0-b1903c285e78:192.168.157.201:44210, b7fbb734-148a-49a6-9cb1-519eb8bdf364:192.168.157.201:44174, 77a687a8-07fe-464e-b0f2-03532ede599a:192.168.157.201:39884], old=null
2019-11-15 20:27:25,611 [6d6ed0d9-a6ea-4ace-a9af-83891056ab32@group-AB9D817F0B1B-SegmentedRaftLogWorker] INFO  segmented.SegmentedRaftLogWorker (SegmentedRaftLogWorker.java:execute(576)) - 6d6ed0d9-a6ea-4ace-a9af-83891056ab32@group-AB9D817F0B1B-SegmentedRaftLogWorker: created new log segment /workdir/hadoop-ozone/integration-test/target/test-dir/MiniOzoneClusterImpl-2baab228-4da8-45e4-8c00-c7e13f1dd389/datanode-6/data/ratis/c7d7306a-7d29-405c-81b0-ab9d817f0b1b/current/log_inprogress_0
2019-11-15 20:27:25,611 [grpc-default-executor-9] INFO  impl.RoleInfo (RoleInfo.java:shutdownFollowerState(121)) - 0d66e4d5-0fe9-441c-84d0-b1903c285e78: shutdown FollowerState
2019-11-15 20:27:25,612 [Thread-4054] INFO  impl.FollowerState (FollowerState.java:run(120)) - 0d66e4d5-0fe9-441c-84d0-b1903c285e78@group-B9C73B4FE054-FollowerState was interrupted: java.lang.InterruptedException: sleep interrupted
2019-11-15 20:27:25,612 [grpc-default-executor-9] INFO  impl.RoleInfo (RoleInfo.java:updateAndGet(143)) - 0d66e4d5-0fe9-441c-84d0-b1903c285e78: start FollowerState
2019-11-15 20:27:25,618 [4e9d79cc-0455-427e-951d-7d9146a76d5d@group-611651ED2994-SegmentedRaftLogWorker] INFO  segmented.SegmentedRaftLogWorker (SegmentedRaftLogWorker.java:execute(576)) - 4e9d79cc-0455-427e-951d-7d9146a76d5d@group-611651ED2994-SegmentedRaftLogWorker: created new log segment /workdir/hadoop-ozone/integration-test/target/test-dir/MiniOzoneClusterImpl-2baab228-4da8-45e4-8c00-c7e13f1dd389/datanode-9/data/ratis/8f2c1ae4-0633-441b-b458-611651ed2994/current/log_inprogress_0
2019-11-15 20:27:25,621 [b7fbb734-148a-49a6-9cb1-519eb8bdf364@group-B9C73B4FE054-LeaderElection171] INFO  impl.LeaderElection (LeaderElection.java:logAndReturn(56)) - b7fbb734-148a-49a6-9cb1-519eb8bdf364@group-B9C73B4FE054-LeaderElection171: Election PASSED; received 2 response(s) [b7fbb734-148a-49a6-9cb1-519eb8bdf364<-0d66e4d5-0fe9-441c-84d0-b1903c285e78#0:OK-t1, b7fbb734-148a-49a6-9cb1-519eb8bdf364<-77a687a8-07fe-464e-b0f2-03532ede599a#0:FAIL-t1] and 0 exception(s); b7fbb734-148a-49a6-9cb1-519eb8bdf364@group-B9C73B4FE054:t1, leader=null, voted=b7fbb734-148a-49a6-9cb1-519eb8bdf364, raftlog=b7fbb734-148a-49a6-9cb1-519eb8bdf364@group-B9C73B4FE054-SegmentedRaftLog:OPENED:c-1,f-1,i0, conf=-1: [0d66e4d5-0fe9-441c-84d0-b1903c285e78:192.168.157.201:44210, b7fbb734-148a-49a6-9cb1-519eb8bdf364:192.168.157.201:44174, 77a687a8-07fe-464e-b0f2-03532ede599a:192.168.157.201:39884], old=null
2019-11-15 20:27:25,621 [77a687a8-07fe-464e-b0f2-03532ede599a@group-B9C73B4FE054-LeaderElection172] INFO  impl.LeaderElection (LeaderElection.java:logAndReturn(56)) - 77a687a8-07fe-464e-b0f2-03532ede599a@group-B9C73B4FE054-LeaderElection172: Election REJECTED; received 2 response(s) [77a687a8-07fe-464e-b0f2-03532ede599a<-0d66e4d5-0fe9-441c-84d0-b1903c285e78#0:FAIL-t1, 77a687a8-07fe-464e-b0f2-03532ede599a<-b7fbb734-148a-49a6-9cb1-519eb8bdf364#0:FAIL-t1] and 0 exception(s); 77a687a8-07fe-464e-b0f2-03532ede599a@group-B9C73B4FE054:t1, leader=null, voted=77a687a8-07fe-464e-b0f2-03532ede599a, raftlog=77a687a8-07fe-464e-b0f2-03532ede599a@group-B9C73B4FE054-SegmentedRaftLog:OPENED:c-1,f-1,i0, conf=-1: [0d66e4d5-0fe9-441c-84d0-b1903c285e78:192.168.157.201:44210, b7fbb734-148a-49a6-9cb1-519eb8bdf364:192.168.157.201:44174, 77a687a8-07fe-464e-b0f2-03532ede599a:192.168.157.201:39884], old=null
2019-11-15 20:27:25,621 [b7fbb734-148a-49a6-9cb1-519eb8bdf364@group-B9C73B4FE054-LeaderElection171] INFO  impl.RoleInfo (RoleInfo.java:shutdownLeaderElection(134)) - b7fbb734-148a-49a6-9cb1-519eb8bdf364: shutdown LeaderElection
2019-11-15 20:27:25,621 [77a687a8-07fe-464e-b0f2-03532ede599a@group-B9C73B4FE054-LeaderElection172] INFO  impl.RaftServerImpl (RaftServerImpl.java:setRole(173)) - 77a687a8-07fe-464e-b0f2-03532ede599a@group-B9C73B4FE054: changes role from CANDIDATE to FOLLOWER at term 1 for DISCOVERED_A_NEW_TERM
2019-11-15 20:27:25,621 [77a687a8-07fe-464e-b0f2-03532ede599a@group-B9C73B4FE054-LeaderElection172] INFO  impl.RoleInfo (RoleInfo.java:shutdownLeaderElection(134)) - 77a687a8-07fe-464e-b0f2-03532ede599a: shutdown LeaderElection
2019-11-15 20:27:25,621 [b7fbb734-148a-49a6-9cb1-519eb8bdf364@group-B9C73B4FE054-LeaderElection171] INFO  impl.RaftServerImpl (RaftServerImpl.java:setRole(173)) - b7fbb734-148a-49a6-9cb1-519eb8bdf364@group-B9C73B4FE054: changes role from CANDIDATE to LEADER at term 1 for changeToLeader
2019-11-15 20:27:25,622 [77a687a8-07fe-464e-b0f2-03532ede599a@group-B9C73B4FE054-LeaderElection172] INFO  impl.RoleInfo (RoleInfo.java:updateAndGet(143)) - 77a687a8-07fe-464e-b0f2-03532ede599a: start FollowerState
2019-11-15 20:27:25,622 [b7fbb734-148a-49a6-9cb1-519eb8bdf364@group-B9C73B4FE054-LeaderElection171] INFO  ratis.XceiverServerRatis (XceiverServerRatis.java:handleLeaderChangedNotification(697)) - Leader change notification received for group: group-B9C73B4FE054 with new leaderId: b7fbb734-148a-49a6-9cb1-519eb8bdf364
2019-11-15 20:27:25,622 [b7fbb734-148a-49a6-9cb1-519eb8bdf364@group-B9C73B4FE054-LeaderElection171] INFO  impl.RaftServerImpl (ServerState.java:setLeader(255)) - b7fbb734-148a-49a6-9cb1-519eb8bdf364@group-B9C73B4FE054: change Leader from null to b7fbb734-148a-49a6-9cb1-519eb8bdf364 at term 1 for becomeLeader, leader elected after 1134ms
2019-11-15 20:27:25,622 [b7fbb734-148a-49a6-9cb1-519eb8bdf364@group-B9C73B4FE054-LeaderElection171] INFO  server.RaftServerConfigKeys (ConfUtils.java:logGet(43)) - raft.server.staging.catchup.gap = 1000 (default)
2019-11-15 20:27:25,622 [b7fbb734-148a-49a6-9cb1-519eb8bdf364@group-B9C73B4FE054-LeaderElection171] INFO  server.RaftServerConfigKeys (ConfUtils.java:logGet(43)) - raft.server.rpc.sleep.time = 25ms (default)
2019-11-15 20:27:25,622 [b7fbb734-148a-49a6-9cb1-519eb8bdf364@group-B9C73B4FE054-LeaderElection171] INFO  server.RaftServerConfigKeys (ConfUtils.java:logGet(43)) - raft.server.write.element-limit = 4096 (default)
2019-11-15 20:27:25,623 [b7fbb734-148a-49a6-9cb1-519eb8bdf364@group-B9C73B4FE054-LeaderElection171] INFO  server.RaftServerConfigKeys (ConfUtils.java:logGet(43)) - raft.server.watch.timeout = 10s (default)
2019-11-15 20:27:25,623 [b7fbb734-148a-49a6-9cb1-519eb8bdf364@group-B9C73B4FE054-LeaderElection171] INFO  server.RaftServerConfigKeys (ConfUtils.java:logGet(43)) - raft.server.watch.timeout.denomination = 1s (default)
2019-11-15 20:27:25,623 [EventQueue-PipelineReportForPipelineReportHandler] INFO  pipeline.PipelineStateManager (PipelineStateManager.java:openPipeline(134)) - Pipeline Pipeline[ Id: 68b400d2-f8ff-4397-acae-b9c73b4fe054, Nodes: b7fbb734-148a-49a6-9cb1-519eb8bdf364{ip: 192.168.157.201, host: pr-hdds-2514-unusedmethodparam-9qkq7-1267773169, networkLocation: /rack1, certSerialId: null}0d66e4d5-0fe9-441c-84d0-b1903c285e78{ip: 192.168.157.201, host: pr-hdds-2514-unusedmethodparam-9qkq7-1267773169, networkLocation: /rack1, certSerialId: null}77a687a8-07fe-464e-b0f2-03532ede599a{ip: 192.168.157.201, host: pr-hdds-2514-unusedmethodparam-9qkq7-1267773169, networkLocation: /rack1, certSerialId: null}, Type:RATIS, Factor:THREE, State:OPEN] moved to OPEN state
2019-11-15 20:27:25,623 [b7fbb734-148a-49a6-9cb1-519eb8bdf364@group-B9C73B4FE054-LeaderElection171] INFO  server.RaftServerConfigKeys (ConfUtils.java:logGet(43)) - raft.server.watch.element-limit = 65536 (default)
2019-11-15 20:27:25,623 [b7fbb734-148a-49a6-9cb1-519eb8bdf364@group-B9C73B4FE054-LeaderElection171] INFO  server.RaftServerConfigKeys (ConfUtils.java:logGet(43)) - raft.server.log.appender.snapshot.chunk.size.max = 16MB (=16777216) (default)
2019-11-15 20:27:25,623 [b7fbb734-148a-49a6-9cb1-519eb8bdf364@group-B9C73B4FE054-LeaderElection171] INFO  server.RaftServerConfigKeys (ConfUtils.java:logGet(43)) - raft.server.log.appender.buffer.byte-limit = 33554432 (custom)
2019-11-15 20:27:25,623 [b7fbb734-148a-49a6-9cb1-519eb8bdf364@group-B9C73B4FE054-LeaderElection171] INFO  server.RaftServerConfigKeys (ConfUtils.java:logGet(43)) - raft.server.log.appender.buffer.element-limit = 1 (custom)
2019-11-15 20:27:25,624 [b7fbb734-148a-49a6-9cb1-519eb8bdf364@group-B9C73B4FE054-LeaderElection171] INFO  grpc.GrpcConfigKeys$Server (ConfUtils.java:logGet(43)) - raft.grpc.server.leader.outstanding.appends.max = 128 (default)
2019-11-15 20:27:25,624 [b7fbb734-148a-49a6-9cb1-519eb8bdf364@group-B9C73B4FE054-LeaderElection171] INFO  server.RaftServerConfigKeys (ConfUtils.java:logGet(43)) - raft.server.rpc.request.timeout = 3000ms (default)
2019-11-15 20:27:25,624 [b7fbb734-148a-49a6-9cb1-519eb8bdf364@group-B9C73B4FE054-LeaderElection171] INFO  server.RaftServerConfigKeys (ConfUtils.java:logGet(43)) - raft.server.log.appender.install.snapshot.enabled = false (custom)
2019-11-15 20:27:25,624 [b7fbb734-148a-49a6-9cb1-519eb8bdf364@group-B9C73B4FE054-LeaderElection171] WARN  impl.MetricRegistriesImpl (MetricRegistriesImpl.java:lambda$create$1(61)) - First MetricRegistry has been created without registering reporters. You may need to call MetricRegistries.global().addReportRegistration(...) before.
2019-11-15 20:27:25,624 [b7fbb734-148a-49a6-9cb1-519eb8bdf364@group-B9C73B4FE054-LeaderElection171] INFO  server.RaftServerConfigKeys (ConfUtils.java:logGet(43)) - raft.server.log.appender.snapshot.chunk.size.max = 16MB (=16777216) (default)
2019-11-15 20:27:25,624 [b7fbb734-148a-49a6-9cb1-519eb8bdf364@group-B9C73B4FE054-LeaderElection171] INFO  server.RaftServerConfigKeys (ConfUtils.java:logGet(43)) - raft.server.log.appender.buffer.byte-limit = 33554432 (custom)
2019-11-15 20:27:25,624 [b7fbb734-148a-49a6-9cb1-519eb8bdf364@group-B9C73B4FE054-LeaderElection171] INFO  server.RaftServerConfigKeys (ConfUtils.java:logGet(43)) - raft.server.log.appender.buffer.element-limit = 1 (custom)
2019-11-15 20:27:25,625 [b7fbb734-148a-49a6-9cb1-519eb8bdf364@group-B9C73B4FE054-LeaderElection171] INFO  grpc.GrpcConfigKeys$Server (ConfUtils.java:logGet(43)) - raft.grpc.server.leader.outstanding.appends.max = 128 (default)
2019-11-15 20:27:25,625 [b7fbb734-148a-49a6-9cb1-519eb8bdf364@group-B9C73B4FE054-LeaderElection171] INFO  server.RaftServerConfigKeys (ConfUtils.java:logGet(43)) - raft.server.rpc.request.timeout = 3000ms (default)
2019-11-15 20:27:25,625 [b7fbb734-148a-49a6-9cb1-519eb8bdf364@group-B9C73B4FE054-LeaderElection171] INFO  server.RaftServerConfigKeys (ConfUtils.java:logGet(43)) - raft.server.log.appender.install.snapshot.enabled = false (custom)
2019-11-15 20:27:25,625 [b7fbb734-148a-49a6-9cb1-519eb8bdf364@group-B9C73B4FE054-LeaderElection171] INFO  impl.RoleInfo (RoleInfo.java:updateAndGet(143)) - b7fbb734-148a-49a6-9cb1-519eb8bdf364: start LeaderState
2019-11-15 20:27:25,625 [b7fbb734-148a-49a6-9cb1-519eb8bdf364@group-B9C73B4FE054-LeaderElection171] INFO  segmented.SegmentedRaftLogWorker (SegmentedRaftLogWorker.java:startLogSegment(385)) - b7fbb734-148a-49a6-9cb1-519eb8bdf364@group-B9C73B4FE054-SegmentedRaftLogWorker: Starting segment from index:0
2019-11-15 20:27:25,626 [b7fbb734-148a-49a6-9cb1-519eb8bdf364@group-B9C73B4FE054-LeaderElection171] INFO  impl.RaftServerImpl (ServerState.java:setRaftConf(356)) - b7fbb734-148a-49a6-9cb1-519eb8bdf364@group-B9C73B4FE054: set configuration 0: [0d66e4d5-0fe9-441c-84d0-b1903c285e78:192.168.157.201:44210, b7fbb734-148a-49a6-9cb1-519eb8bdf364:192.168.157.201:44174, 77a687a8-07fe-464e-b0f2-03532ede599a:192.168.157.201:39884], old=null at 0
2019-11-15 20:27:25,627 [grpc-default-executor-9] INFO  ratis.XceiverServerRatis (XceiverServerRatis.java:handleLeaderChangedNotification(697)) - Leader change notification received for group: group-B9C73B4FE054 with new leaderId: b7fbb734-148a-49a6-9cb1-519eb8bdf364
2019-11-15 20:27:25,627 [grpc-default-executor-9] INFO  impl.RaftServerImpl (ServerState.java:setLeader(255)) - 0d66e4d5-0fe9-441c-84d0-b1903c285e78@group-B9C73B4FE054: change Leader from null to b7fbb734-148a-49a6-9cb1-519eb8bdf364 at term 1 for appendEntries, leader elected after 1140ms
2019-11-15 20:27:25,627 [grpc-default-executor-8] INFO  ratis.XceiverServerRatis (XceiverServerRatis.java:handleLeaderChangedNotification(697)) - Leader change notification received for group: group-B9C73B4FE054 with new leaderId: b7fbb734-148a-49a6-9cb1-519eb8bdf364
2019-11-15 20:27:25,628 [grpc-default-executor-8] INFO  impl.RaftServerImpl (ServerState.java:setLeader(255)) - 77a687a8-07fe-464e-b0f2-03532ede599a@group-B9C73B4FE054: change Leader from null to b7fbb734-148a-49a6-9cb1-519eb8bdf364 at term 1 for appendEntries, leader elected after 1140ms
2019-11-15 20:27:25,629 [grpc-default-executor-8] INFO  impl.RaftServerImpl (ServerState.java:setRaftConf(356)) - 0d66e4d5-0fe9-441c-84d0-b1903c285e78@group-B9C73B4FE054: set configuration 0: [0d66e4d5-0fe9-441c-84d0-b1903c285e78:192.168.157.201:44210, b7fbb734-148a-49a6-9cb1-519eb8bdf364:192.168.157.201:44174, 77a687a8-07fe-464e-b0f2-03532ede599a:192.168.157.201:39884], old=null at 0
2019-11-15 20:27:25,629 [grpc-default-executor-8] INFO  segmented.SegmentedRaftLogWorker (SegmentedRaftLogWorker.java:startLogSegment(385)) - 0d66e4d5-0fe9-441c-84d0-b1903c285e78@group-B9C73B4FE054-SegmentedRaftLogWorker: Starting segment from index:0
2019-11-15 20:27:25,630 [grpc-default-executor-8] INFO  impl.RaftServerImpl (ServerState.java:setRaftConf(356)) - 77a687a8-07fe-464e-b0f2-03532ede599a@group-B9C73B4FE054: set configuration 0: [0d66e4d5-0fe9-441c-84d0-b1903c285e78:192.168.157.201:44210, b7fbb734-148a-49a6-9cb1-519eb8bdf364:192.168.157.201:44174, 77a687a8-07fe-464e-b0f2-03532ede599a:192.168.157.201:39884], old=null at 0
2019-11-15 20:27:25,630 [grpc-default-executor-8] INFO  segmented.SegmentedRaftLogWorker (SegmentedRaftLogWorker.java:startLogSegment(385)) - 77a687a8-07fe-464e-b0f2-03532ede599a@group-B9C73B4FE054-SegmentedRaftLogWorker: Starting segment from index:0
2019-11-15 20:27:25,676 [0d66e4d5-0fe9-441c-84d0-b1903c285e78@group-B9C73B4FE054-SegmentedRaftLogWorker] INFO  segmented.SegmentedRaftLogWorker (SegmentedRaftLogWorker.java:execute(576)) - 0d66e4d5-0fe9-441c-84d0-b1903c285e78@group-B9C73B4FE054-SegmentedRaftLogWorker: created new log segment /workdir/hadoop-ozone/integration-test/target/test-dir/MiniOzoneClusterImpl-2baab228-4da8-45e4-8c00-c7e13f1dd389/datanode-5/data/ratis/68b400d2-f8ff-4397-acae-b9c73b4fe054/current/log_inprogress_0
2019-11-15 20:27:25,676 [b7fbb734-148a-49a6-9cb1-519eb8bdf364@group-B9C73B4FE054-SegmentedRaftLogWorker] INFO  segmented.SegmentedRaftLogWorker (SegmentedRaftLogWorker.java:execute(576)) - b7fbb734-148a-49a6-9cb1-519eb8bdf364@group-B9C73B4FE054-SegmentedRaftLogWorker: created new log segment /workdir/hadoop-ozone/integration-test/target/test-dir/MiniOzoneClusterImpl-2baab228-4da8-45e4-8c00-c7e13f1dd389/datanode-8/data/ratis/68b400d2-f8ff-4397-acae-b9c73b4fe054/current/log_inprogress_0
2019-11-15 20:27:25,676 [77a687a8-07fe-464e-b0f2-03532ede599a@group-B9C73B4FE054-SegmentedRaftLogWorker] INFO  segmented.SegmentedRaftLogWorker (SegmentedRaftLogWorker.java:execute(576)) - 77a687a8-07fe-464e-b0f2-03532ede599a@group-B9C73B4FE054-SegmentedRaftLogWorker: created new log segment /workdir/hadoop-ozone/integration-test/target/test-dir/MiniOzoneClusterImpl-2baab228-4da8-45e4-8c00-c7e13f1dd389/datanode-7/data/ratis/68b400d2-f8ff-4397-acae-b9c73b4fe054/current/log_inprogress_0
2019-11-15 20:27:26,508 [main] INFO  ozone.MiniOzoneClusterImpl (MiniOzoneClusterImpl.java:lambda$waitForClusterToBeReady$2(171)) - Cluster is ready. Got 10 of 10 DN Heartbeats.
2019-11-15 20:27:26,530 [main] INFO  rpc.RpcClient (RpcClient.java:createVolume(292)) - Creating Volume: datanodefailurehandlingtest, with jenkins1000 as owner.
2019-11-15 20:27:26,532 [IPC Server handler 1 on 46358] INFO  volume.OMVolumeCreateRequest (OMVolumeCreateRequest.java:validateAndUpdateCache(193)) - created volume:datanodefailurehandlingtest for user:jenkins1000
2019-11-15 20:27:26,569 [main] INFO  rpc.RpcClient (RpcClient.java:createBucket(431)) - Creating Bucket: datanodefailurehandlingtest/datanodefailurehandlingtest, with Versioning false and Storage Type set to DISK and Encryption set to false 
2019-11-15 20:27:26,591 [Thread-4000] INFO  container.ReplicationManager (ReplicationManager.java:start(162)) - Starting Replication Monitor Thread.
2019-11-15 20:27:26,591 [Thread-4000] INFO  pipeline.SCMPipelineManager (SCMPipelineManager.java:finalizeAndDestroyPipeline(315)) - destroying pipeline:Pipeline[ Id: 0f0e6722-ee67-410c-8272-f79d61d6277e, Nodes: 95354d75-8d68-42fd-a60f-edc5fe17909c{ip: 192.168.157.201, host: pr-hdds-2514-unusedmethodparam-9qkq7-1267773169, networkLocation: /rack1, certSerialId: null}, Type:RATIS, Factor:ONE, State:OPEN]
2019-11-15 20:27:26,593 [ReplicationMonitor] INFO  container.ReplicationManager (ReplicationManager.java:run(225)) - Replication Monitor Thread took 0 milliseconds for processing 0 containers.
2019-11-15 20:27:26,593 [Thread-4000] INFO  pipeline.PipelineStateManager (PipelineStateManager.java:finalizePipeline(121)) - Pipeline Pipeline[ Id: 0f0e6722-ee67-410c-8272-f79d61d6277e, Nodes: 95354d75-8d68-42fd-a60f-edc5fe17909c{ip: 192.168.157.201, host: pr-hdds-2514-unusedmethodparam-9qkq7-1267773169, networkLocation: /rack1, certSerialId: null}, Type:RATIS, Factor:ONE, State:CLOSED] moved to CLOSED state
2019-11-15 20:27:26,596 [grpc-default-executor-9] INFO  impl.RaftServerProxy (RaftServerProxy.java:remove(95)) - 95354d75-8d68-42fd-a60f-edc5fe17909c: remove    LEADER 95354d75-8d68-42fd-a60f-edc5fe17909c@group-F79D61D6277E:t1, leader=95354d75-8d68-42fd-a60f-edc5fe17909c, voted=95354d75-8d68-42fd-a60f-edc5fe17909c, raftlog=95354d75-8d68-42fd-a60f-edc5fe17909c@group-F79D61D6277E-SegmentedRaftLog:OPENED:c0,f0,i0, conf=0: [95354d75-8d68-42fd-a60f-edc5fe17909c:192.168.157.201:38687], old=null RUNNING
2019-11-15 20:27:26,596 [grpc-default-executor-9] INFO  impl.RaftServerImpl (RaftServerImpl.java:lambda$shutdown$3(250)) - 95354d75-8d68-42fd-a60f-edc5fe17909c@group-F79D61D6277E: shutdown
2019-11-15 20:27:26,596 [grpc-default-executor-9] INFO  util.JmxRegister (JmxRegister.java:unregister(73)) - Successfully un-registered JMX Bean with object name Ratis:service=RaftServer,group=group-F79D61D6277E,id=95354d75-8d68-42fd-a60f-edc5fe17909c
2019-11-15 20:27:26,596 [grpc-default-executor-9] INFO  impl.RoleInfo (RoleInfo.java:shutdownLeaderState(104)) - 95354d75-8d68-42fd-a60f-edc5fe17909c: shutdown LeaderState
2019-11-15 20:27:26,597 [grpc-default-executor-9] INFO  impl.PendingRequests (PendingRequests.java:sendNotLeaderResponses(206)) - 95354d75-8d68-42fd-a60f-edc5fe17909c@group-F79D61D6277E-PendingRequests: sendNotLeaderResponses
2019-11-15 20:27:26,597 [grpc-default-executor-9] INFO  impl.StateMachineUpdater (StateMachineUpdater.java:stopAndJoin(136)) - 95354d75-8d68-42fd-a60f-edc5fe17909c@group-F79D61D6277E-StateMachineUpdater: set stopIndex = 0
2019-11-15 20:27:26,597 [grpc-default-executor-9] INFO  impl.RaftServerImpl (ServerState.java:close(387)) - 95354d75-8d68-42fd-a60f-edc5fe17909c@group-F79D61D6277E: closes. applyIndex: 0
2019-11-15 20:27:26,597 [95354d75-8d68-42fd-a60f-edc5fe17909c@group-F79D61D6277E-SegmentedRaftLogWorker] INFO  segmented.SegmentedRaftLogWorker (SegmentedRaftLogWorker.java:run(316)) - 95354d75-8d68-42fd-a60f-edc5fe17909c@group-F79D61D6277E-SegmentedRaftLogWorker was interrupted, exiting. There are 0 tasks remaining in the queue.
2019-11-15 20:27:26,597 [grpc-default-executor-9] INFO  segmented.SegmentedRaftLogWorker (SegmentedRaftLogWorker.java:close(224)) - 95354d75-8d68-42fd-a60f-edc5fe17909c@group-F79D61D6277E-SegmentedRaftLogWorker close()
2019-11-15 20:27:26,606 [Thread-4000] INFO  pipeline.PipelineStateManager (PipelineStateManager.java:removePipeline(106)) - Pipeline Pipeline[ Id: 0f0e6722-ee67-410c-8272-f79d61d6277e, Nodes: 95354d75-8d68-42fd-a60f-edc5fe17909c{ip: 192.168.157.201, host: pr-hdds-2514-unusedmethodparam-9qkq7-1267773169, networkLocation: /rack1, certSerialId: null}, Type:RATIS, Factor:ONE, State:CLOSED] removed from db
2019-11-15 20:27:26,608 [Thread-4000] INFO  pipeline.SCMPipelineManager (SCMPipelineManager.java:finalizeAndDestroyPipeline(315)) - destroying pipeline:Pipeline[ Id: 490831e8-2c75-4f6a-94a0-02b05ea64f68, Nodes: 6d6ed0d9-a6ea-4ace-a9af-83891056ab32{ip: 192.168.157.201, host: pr-hdds-2514-unusedmethodparam-9qkq7-1267773169, networkLocation: /rack1, certSerialId: null}, Type:RATIS, Factor:ONE, State:OPEN]
2019-11-15 20:27:26,610 [grpc-default-executor-9] INFO  impl.RaftServerProxy (RaftServerProxy.java:addNew(89)) - 95354d75-8d68-42fd-a60f-edc5fe17909c: addNew group-5B00BECFAB72:[95354d75-8d68-42fd-a60f-edc5fe17909c:192.168.157.201:38687] returns group-5B00BECFAB72:java.util.concurrent.CompletableFuture@535da1d1[Not completed]
2019-11-15 20:27:26,611 [pool-509-thread-1] INFO  impl.RaftServerImpl (RaftServerImpl.java:<init>(98)) - 95354d75-8d68-42fd-a60f-edc5fe17909c: new RaftServerImpl for group-5B00BECFAB72:[95354d75-8d68-42fd-a60f-edc5fe17909c:192.168.157.201:38687] with ContainerStateMachine:uninitialized
2019-11-15 20:27:26,611 [pool-509-thread-1] INFO  server.RaftServerConfigKeys (ConfUtils.java:logGet(43)) - raft.server.rpc.timeout.min = 1s (custom)
2019-11-15 20:27:26,611 [pool-509-thread-1] INFO  server.RaftServerConfigKeys (ConfUtils.java:logGet(43)) - raft.server.rpc.timeout.max = 1200ms (custom)
2019-11-15 20:27:26,611 [pool-509-thread-1] INFO  server.RaftServerConfigKeys (ConfUtils.java:logGet(43)) - raft.server.rpcslowness.timeout = 120s (custom)
2019-11-15 20:27:26,611 [pool-509-thread-1] INFO  server.RaftServerConfigKeys (ConfUtils.java:logGet(43)) - raft.server.sleep.deviation.threshold = 300 (default)
2019-11-15 20:27:26,611 [pool-509-thread-1] INFO  server.RaftServerConfigKeys (ConfUtils.java:logGet(43)) - raft.server.log.appender.install.snapshot.enabled = false (custom)
2019-11-15 20:27:26,611 [pool-509-thread-1] INFO  impl.RaftServerImpl (ServerState.java:<init>(103)) - 95354d75-8d68-42fd-a60f-edc5fe17909c@group-5B00BECFAB72: ConfigurationManager, init=-1: [95354d75-8d68-42fd-a60f-edc5fe17909c:192.168.157.201:38687], old=null, confs=<EMPTY_MAP>
2019-11-15 20:27:26,611 [pool-509-thread-1] INFO  server.RaftServerConfigKeys (ConfUtils.java:logGet(43)) - raft.server.storage.dir = [/workdir/hadoop-ozone/integration-test/target/test-dir/MiniOzoneClusterImpl-2baab228-4da8-45e4-8c00-c7e13f1dd389/datanode-0/data/ratis] (custom)
2019-11-15 20:27:26,611 [pool-509-thread-1] INFO  server.RaftServerConfigKeys (ConfUtils.java:logGet(43)) - raft.server.log.corruption.policy = EXCEPTION (default)
2019-11-15 20:27:26,611 [pool-509-thread-1] INFO  storage.RaftStorageDirectory (RaftStorageDirectory.java:analyzeStorage(246)) - The storage directory /workdir/hadoop-ozone/integration-test/target/test-dir/MiniOzoneClusterImpl-2baab228-4da8-45e4-8c00-c7e13f1dd389/datanode-0/data/ratis/bbcaaeeb-a449-42b4-8cfb-5b00becfab72 does not exist. Creating ...
2019-11-15 20:27:26,630 [pool-509-thread-1] INFO  storage.RaftStorageDirectory (RaftStorageDirectory.java:tryLock(328)) - Lock on /workdir/hadoop-ozone/integration-test/target/test-dir/MiniOzoneClusterImpl-2baab228-4da8-45e4-8c00-c7e13f1dd389/datanode-0/data/ratis/bbcaaeeb-a449-42b4-8cfb-5b00becfab72/in_use.lock acquired by nodename 9872@pr-hdds-2514-unusedmethodparam-9qkq7-1267773169
2019-11-15 20:27:26,656 [pool-509-thread-1] INFO  storage.RaftStorage (RaftStorage.java:format(84)) - Storage directory /workdir/hadoop-ozone/integration-test/target/test-dir/MiniOzoneClusterImpl-2baab228-4da8-45e4-8c00-c7e13f1dd389/datanode-0/data/ratis/bbcaaeeb-a449-42b4-8cfb-5b00becfab72 has been successfully formatted.
2019-11-15 20:27:26,657 [pool-509-thread-1] INFO  ratis.ContainerStateMachine (ContainerStateMachine.java:loadSnapshot(223)) - group-5B00BECFAB72: The snapshot info is null. Setting the last applied indexto:(t:0, i:~)
2019-11-15 20:27:26,657 [pool-509-thread-1] INFO  server.RaftServerConfigKeys (ConfUtils.java:logGet(43)) - raft.server.notification.no-leader.timeout = 120s (custom)
2019-11-15 20:27:26,657 [pool-509-thread-1] INFO  server.RaftServerConfigKeys (ConfUtils.java:logGet(43)) - raft.server.log.use.memory = false (default)
2019-11-15 20:27:26,657 [pool-509-thread-1] INFO  server.RaftServerConfigKeys (ConfUtils.java:logGet(43)) - raft.server.log.purge.gap = 1000000 (custom)
2019-11-15 20:27:26,657 [pool-509-thread-1] INFO  server.RaftServerConfigKeys (ConfUtils.java:logGet(43)) - raft.server.log.appender.buffer.byte-limit = 33554432 (custom)
2019-11-15 20:27:26,657 [pool-509-thread-1] INFO  server.RaftServerConfigKeys (ConfUtils.java:logGet(43)) - raft.server.log.segment.size.max = 1048576 (custom)
2019-11-15 20:27:26,657 [pool-509-thread-1] INFO  server.RaftServerConfigKeys (ConfUtils.java:logGet(43)) - raft.server.log.segment.cache.num.max = 2 (custom)
2019-11-15 20:27:26,657 [pool-509-thread-1] INFO  segmented.SegmentedRaftLogWorker (SegmentedRaftLogWorker.java:<init>(173)) - new 95354d75-8d68-42fd-a60f-edc5fe17909c@group-5B00BECFAB72-SegmentedRaftLogWorker for RaftStorage:Storage Directory /workdir/hadoop-ozone/integration-test/target/test-dir/MiniOzoneClusterImpl-2baab228-4da8-45e4-8c00-c7e13f1dd389/datanode-0/data/ratis/bbcaaeeb-a449-42b4-8cfb-5b00becfab72
2019-11-15 20:27:26,657 [pool-509-thread-1] INFO  server.RaftServerConfigKeys (ConfUtils.java:logGet(43)) - raft.server.log.queue.byte-limit = 2147483647 (custom)
2019-11-15 20:27:26,657 [pool-509-thread-1] INFO  server.RaftServerConfigKeys (ConfUtils.java:logGet(43)) - raft.server.log.queue.element-limit = 1024 (custom)
2019-11-15 20:27:26,657 [pool-509-thread-1] INFO  server.RaftServerConfigKeys (ConfUtils.java:logGet(43)) - raft.server.log.segment.size.max = 1048576 (custom)
2019-11-15 20:27:26,658 [pool-509-thread-1] INFO  server.RaftServerConfigKeys (ConfUtils.java:logGet(43)) - raft.server.log.preallocated.size = 16384 (custom)
2019-11-15 20:27:26,658 [pool-509-thread-1] INFO  server.RaftServerConfigKeys (ConfUtils.java:logGet(43)) - raft.server.log.write.buffer.size = 33554432 (custom)
2019-11-15 20:27:26,658 [pool-509-thread-1] INFO  server.RaftServerConfigKeys (ConfUtils.java:logGet(43)) - raft.server.log.force.sync.num = 128 (default)
2019-11-15 20:27:26,658 [pool-509-thread-1] INFO  server.RaftServerConfigKeys (ConfUtils.java:logGet(43)) - raft.server.log.statemachine.data.sync = true (default)
2019-11-15 20:27:26,658 [pool-509-thread-1] INFO  server.RaftServerConfigKeys (ConfUtils.java:logGet(43)) - raft.server.log.statemachine.data.sync.timeout = 10s (default)
2019-11-15 20:27:26,658 [pool-509-thread-1] INFO  server.RaftServerConfigKeys (ConfUtils.java:logGet(43)) - raft.server.log.statemachine.data.sync.timeout.retry = -1 (default)
2019-11-15 20:27:26,658 [pool-509-thread-1] INFO  server.RaftServerConfigKeys (ConfUtils.java:logGet(43)) - raft.server.log.statemachine.data.caching.enabled = true (custom)
2019-11-15 20:27:26,658 [pool-509-thread-1] INFO  segmented.SegmentedRaftLogWorker (SegmentedRaftLogWorker.java:lambda$new$0(128)) - 95354d75-8d68-42fd-a60f-edc5fe17909c@group-5B00BECFAB72-SegmentedRaftLogWorker: flushIndex: setUnconditionally 0 -> -1
2019-11-15 20:27:26,658 [pool-509-thread-1] INFO  server.RaftServerConfigKeys (ConfUtils.java:logGet(43)) - raft.server.snapshot.auto.trigger.enabled = true (custom)
2019-11-15 20:27:26,658 [pool-509-thread-1] INFO  server.RaftServerConfigKeys (ConfUtils.java:logGet(43)) - raft.server.snapshot.auto.trigger.threshold = 10000 (custom)
2019-11-15 20:27:26,658 [pool-509-thread-1] INFO  server.RaftServerConfigKeys (ConfUtils.java:logGet(43)) - raft.server.snapshot.retention.file.num = 5 (custom)
2019-11-15 20:27:26,659 [pool-509-thread-1] INFO  server.RaftServerConfigKeys (ConfUtils.java:logGet(43)) - raft.server.retrycache.expirytime = 600000ms (custom)
2019-11-15 20:27:26,659 [pool-509-thread-1] WARN  impl.MetricRegistriesImpl (MetricRegistriesImpl.java:lambda$create$1(61)) - First MetricRegistry has been created without registering reporters. You may need to call MetricRegistries.global().addReportRegistration(...) before.
2019-11-15 20:27:26,659 [pool-509-thread-1] WARN  impl.MetricRegistriesImpl (MetricRegistriesImpl.java:lambda$create$1(61)) - First MetricRegistry has been created without registering reporters. You may need to call MetricRegistries.global().addReportRegistration(...) before.
2019-11-15 20:27:26,659 [pool-509-thread-1] INFO  impl.RaftServerImpl (RaftServerImpl.java:start(184)) - 95354d75-8d68-42fd-a60f-edc5fe17909c@group-5B00BECFAB72: start as a follower, conf=-1: [95354d75-8d68-42fd-a60f-edc5fe17909c:192.168.157.201:38687], old=null
2019-11-15 20:27:26,659 [pool-509-thread-1] INFO  impl.RaftServerImpl (RaftServerImpl.java:setRole(173)) - 95354d75-8d68-42fd-a60f-edc5fe17909c@group-5B00BECFAB72: changes role from      null to FOLLOWER at term 0 for startAsFollower
2019-11-15 20:27:26,659 [pool-509-thread-1] INFO  impl.RoleInfo (RoleInfo.java:updateAndGet(143)) - 95354d75-8d68-42fd-a60f-edc5fe17909c: start FollowerState
2019-11-15 20:27:26,671 [pool-509-thread-1] INFO  util.JmxRegister (JmxRegister.java:tryRegister(44)) - Successfully registered JMX Bean with object name Ratis:service=RaftServer,group=group-5B00BECFAB72,id=95354d75-8d68-42fd-a60f-edc5fe17909c
2019-11-15 20:27:26,671 [pool-509-thread-1] WARN  impl.MetricRegistriesImpl (MetricRegistriesImpl.java:lambda$create$1(61)) - First MetricRegistry has been created without registering reporters. You may need to call MetricRegistries.global().addReportRegistration(...) before.
2019-11-15 20:27:26,681 [RatisPipelineUtilsThread] INFO  pipeline.PipelineStateManager (PipelineStateManager.java:addPipeline(55)) - Created pipeline Pipeline[ Id: bbcaaeeb-a449-42b4-8cfb-5b00becfab72, Nodes: 95354d75-8d68-42fd-a60f-edc5fe17909c{ip: 192.168.157.201, host: pr-hdds-2514-unusedmethodparam-9qkq7-1267773169, networkLocation: /rack1, certSerialId: null}, Type:RATIS, Factor:ONE, State:ALLOCATED]
2019-11-15 20:27:26,682 [Thread-4000] INFO  pipeline.PipelineStateManager (PipelineStateManager.java:finalizePipeline(121)) - Pipeline Pipeline[ Id: 490831e8-2c75-4f6a-94a0-02b05ea64f68, Nodes: 6d6ed0d9-a6ea-4ace-a9af-83891056ab32{ip: 192.168.157.201, host: pr-hdds-2514-unusedmethodparam-9qkq7-1267773169, networkLocation: /rack1, certSerialId: null}, Type:RATIS, Factor:ONE, State:CLOSED] moved to CLOSED state
2019-11-15 20:27:26,685 [grpc-default-executor-9] INFO  impl.RaftServerProxy (RaftServerProxy.java:remove(95)) - 6d6ed0d9-a6ea-4ace-a9af-83891056ab32: remove    LEADER 6d6ed0d9-a6ea-4ace-a9af-83891056ab32@group-02B05EA64F68:t1, leader=6d6ed0d9-a6ea-4ace-a9af-83891056ab32, voted=6d6ed0d9-a6ea-4ace-a9af-83891056ab32, raftlog=6d6ed0d9-a6ea-4ace-a9af-83891056ab32@group-02B05EA64F68-SegmentedRaftLog:OPENED:c0,f0,i0, conf=0: [6d6ed0d9-a6ea-4ace-a9af-83891056ab32:192.168.157.201:37473], old=null RUNNING
2019-11-15 20:27:26,685 [grpc-default-executor-9] INFO  impl.RaftServerImpl (RaftServerImpl.java:lambda$shutdown$3(250)) - 6d6ed0d9-a6ea-4ace-a9af-83891056ab32@group-02B05EA64F68: shutdown
2019-11-15 20:27:26,685 [grpc-default-executor-9] INFO  util.JmxRegister (JmxRegister.java:unregister(73)) - Successfully un-registered JMX Bean with object name Ratis:service=RaftServer,group=group-02B05EA64F68,id=6d6ed0d9-a6ea-4ace-a9af-83891056ab32
2019-11-15 20:27:26,686 [grpc-default-executor-9] INFO  impl.RoleInfo (RoleInfo.java:shutdownLeaderState(104)) - 6d6ed0d9-a6ea-4ace-a9af-83891056ab32: shutdown LeaderState
2019-11-15 20:27:26,686 [grpc-default-executor-9] INFO  impl.PendingRequests (PendingRequests.java:sendNotLeaderResponses(206)) - 6d6ed0d9-a6ea-4ace-a9af-83891056ab32@group-02B05EA64F68-PendingRequests: sendNotLeaderResponses
2019-11-15 20:27:26,686 [grpc-default-executor-9] INFO  impl.StateMachineUpdater (StateMachineUpdater.java:stopAndJoin(136)) - 6d6ed0d9-a6ea-4ace-a9af-83891056ab32@group-02B05EA64F68-StateMachineUpdater: set stopIndex = 0
2019-11-15 20:27:26,686 [grpc-default-executor-9] INFO  impl.RaftServerImpl (ServerState.java:close(387)) - 6d6ed0d9-a6ea-4ace-a9af-83891056ab32@group-02B05EA64F68: closes. applyIndex: 0
2019-11-15 20:27:26,686 [6d6ed0d9-a6ea-4ace-a9af-83891056ab32@group-02B05EA64F68-SegmentedRaftLogWorker] INFO  segmented.SegmentedRaftLogWorker (SegmentedRaftLogWorker.java:run(316)) - 6d6ed0d9-a6ea-4ace-a9af-83891056ab32@group-02B05EA64F68-SegmentedRaftLogWorker was interrupted, exiting. There are 0 tasks remaining in the queue.
2019-11-15 20:27:26,686 [grpc-default-executor-9] INFO  segmented.SegmentedRaftLogWorker (SegmentedRaftLogWorker.java:close(224)) - 6d6ed0d9-a6ea-4ace-a9af-83891056ab32@group-02B05EA64F68-SegmentedRaftLogWorker close()
2019-11-15 20:27:26,692 [Thread-4000] INFO  pipeline.PipelineStateManager (PipelineStateManager.java:removePipeline(106)) - Pipeline Pipeline[ Id: 490831e8-2c75-4f6a-94a0-02b05ea64f68, Nodes: 6d6ed0d9-a6ea-4ace-a9af-83891056ab32{ip: 192.168.157.201, host: pr-hdds-2514-unusedmethodparam-9qkq7-1267773169, networkLocation: /rack1, certSerialId: null}, Type:RATIS, Factor:ONE, State:CLOSED] removed from db
2019-11-15 20:27:26,693 [Thread-4000] INFO  pipeline.SCMPipelineManager (SCMPipelineManager.java:finalizeAndDestroyPipeline(315)) - destroying pipeline:Pipeline[ Id: c7d7306a-7d29-405c-81b0-ab9d817f0b1b, Nodes: 6d6ed0d9-a6ea-4ace-a9af-83891056ab32{ip: 192.168.157.201, host: pr-hdds-2514-unusedmethodparam-9qkq7-1267773169, networkLocation: /rack1, certSerialId: null}c767ecc1-97b1-4b32-a4b7-dad4991a192e{ip: 192.168.157.201, host: pr-hdds-2514-unusedmethodparam-9qkq7-1267773169, networkLocation: /rack1, certSerialId: null}ecb82392-9efc-4718-8957-302e66d96ccd{ip: 192.168.157.201, host: pr-hdds-2514-unusedmethodparam-9qkq7-1267773169, networkLocation: /rack1, certSerialId: null}, Type:RATIS, Factor:THREE, State:OPEN]
2019-11-15 20:27:26,694 [grpc-default-executor-9] INFO  impl.RaftServerProxy (RaftServerProxy.java:addNew(89)) - 6d6ed0d9-a6ea-4ace-a9af-83891056ab32: addNew group-5683BA28C057:[6d6ed0d9-a6ea-4ace-a9af-83891056ab32:192.168.157.201:37473] returns group-5683BA28C057:java.util.concurrent.CompletableFuture@54bd19d5[Not completed]
2019-11-15 20:27:26,695 [pool-569-thread-1] INFO  impl.RaftServerImpl (RaftServerImpl.java:<init>(98)) - 6d6ed0d9-a6ea-4ace-a9af-83891056ab32: new RaftServerImpl for group-5683BA28C057:[6d6ed0d9-a6ea-4ace-a9af-83891056ab32:192.168.157.201:37473] with ContainerStateMachine:uninitialized
2019-11-15 20:27:26,695 [pool-569-thread-1] INFO  server.RaftServerConfigKeys (ConfUtils.java:logGet(43)) - raft.server.rpc.timeout.min = 1s (custom)
2019-11-15 20:27:26,695 [pool-569-thread-1] INFO  server.RaftServerConfigKeys (ConfUtils.java:logGet(43)) - raft.server.rpc.timeout.max = 1200ms (custom)
2019-11-15 20:27:26,695 [pool-569-thread-1] INFO  server.RaftServerConfigKeys (ConfUtils.java:logGet(43)) - raft.server.rpcslowness.timeout = 120s (custom)
2019-11-15 20:27:26,695 [pool-569-thread-1] INFO  server.RaftServerConfigKeys (ConfUtils.java:logGet(43)) - raft.server.sleep.deviation.threshold = 300 (default)
2019-11-15 20:27:26,695 [pool-569-thread-1] INFO  server.RaftServerConfigKeys (ConfUtils.java:logGet(43)) - raft.server.log.appender.install.snapshot.enabled = false (custom)
2019-11-15 20:27:26,695 [pool-569-thread-1] INFO  impl.RaftServerImpl (ServerState.java:<init>(103)) - 6d6ed0d9-a6ea-4ace-a9af-83891056ab32@group-5683BA28C057: ConfigurationManager, init=-1: [6d6ed0d9-a6ea-4ace-a9af-83891056ab32:192.168.157.201:37473], old=null, confs=<EMPTY_MAP>
2019-11-15 20:27:26,695 [pool-569-thread-1] INFO  server.RaftServerConfigKeys (ConfUtils.java:logGet(43)) - raft.server.storage.dir = [/workdir/hadoop-ozone/integration-test/target/test-dir/MiniOzoneClusterImpl-2baab228-4da8-45e4-8c00-c7e13f1dd389/datanode-6/data/ratis] (custom)
2019-11-15 20:27:26,696 [pool-569-thread-1] INFO  server.RaftServerConfigKeys (ConfUtils.java:logGet(43)) - raft.server.log.corruption.policy = EXCEPTION (default)
2019-11-15 20:27:26,696 [pool-569-thread-1] INFO  storage.RaftStorageDirectory (RaftStorageDirectory.java:analyzeStorage(246)) - The storage directory /workdir/hadoop-ozone/integration-test/target/test-dir/MiniOzoneClusterImpl-2baab228-4da8-45e4-8c00-c7e13f1dd389/datanode-6/data/ratis/0811ca30-9b03-4b2d-a0f7-5683ba28c057 does not exist. Creating ...
2019-11-15 20:27:26,709 [pool-569-thread-1] INFO  storage.RaftStorageDirectory (RaftStorageDirectory.java:tryLock(328)) - Lock on /workdir/hadoop-ozone/integration-test/target/test-dir/MiniOzoneClusterImpl-2baab228-4da8-45e4-8c00-c7e13f1dd389/datanode-6/data/ratis/0811ca30-9b03-4b2d-a0f7-5683ba28c057/in_use.lock acquired by nodename 9872@pr-hdds-2514-unusedmethodparam-9qkq7-1267773169
2019-11-15 20:27:26,734 [pool-569-thread-1] INFO  storage.RaftStorage (RaftStorage.java:format(84)) - Storage directory /workdir/hadoop-ozone/integration-test/target/test-dir/MiniOzoneClusterImpl-2baab228-4da8-45e4-8c00-c7e13f1dd389/datanode-6/data/ratis/0811ca30-9b03-4b2d-a0f7-5683ba28c057 has been successfully formatted.
2019-11-15 20:27:26,735 [pool-569-thread-1] INFO  ratis.ContainerStateMachine (ContainerStateMachine.java:loadSnapshot(223)) - group-5683BA28C057: The snapshot info is null. Setting the last applied indexto:(t:0, i:~)
2019-11-15 20:27:26,735 [pool-569-thread-1] INFO  server.RaftServerConfigKeys (ConfUtils.java:logGet(43)) - raft.server.notification.no-leader.timeout = 120s (custom)
2019-11-15 20:27:26,735 [pool-569-thread-1] INFO  server.RaftServerConfigKeys (ConfUtils.java:logGet(43)) - raft.server.log.use.memory = false (default)
2019-11-15 20:27:26,735 [pool-569-thread-1] INFO  server.RaftServerConfigKeys (ConfUtils.java:logGet(43)) - raft.server.log.purge.gap = 1000000 (custom)
2019-11-15 20:27:26,735 [pool-569-thread-1] INFO  server.RaftServerConfigKeys (ConfUtils.java:logGet(43)) - raft.server.log.appender.buffer.byte-limit = 33554432 (custom)
2019-11-15 20:27:26,735 [pool-569-thread-1] INFO  server.RaftServerConfigKeys (ConfUtils.java:logGet(43)) - raft.server.log.segment.size.max = 1048576 (custom)
2019-11-15 20:27:26,735 [pool-569-thread-1] INFO  server.RaftServerConfigKeys (ConfUtils.java:logGet(43)) - raft.server.log.segment.cache.num.max = 2 (custom)
2019-11-15 20:27:26,735 [pool-569-thread-1] INFO  segmented.SegmentedRaftLogWorker (SegmentedRaftLogWorker.java:<init>(173)) - new 6d6ed0d9-a6ea-4ace-a9af-83891056ab32@group-5683BA28C057-SegmentedRaftLogWorker for RaftStorage:Storage Directory /workdir/hadoop-ozone/integration-test/target/test-dir/MiniOzoneClusterImpl-2baab228-4da8-45e4-8c00-c7e13f1dd389/datanode-6/data/ratis/0811ca30-9b03-4b2d-a0f7-5683ba28c057
2019-11-15 20:27:26,735 [pool-569-thread-1] INFO  server.RaftServerConfigKeys (ConfUtils.java:logGet(43)) - raft.server.log.queue.byte-limit = 2147483647 (custom)
2019-11-15 20:27:26,735 [pool-569-thread-1] INFO  server.RaftServerConfigKeys (ConfUtils.java:logGet(43)) - raft.server.log.queue.element-limit = 1024 (custom)
2019-11-15 20:27:26,736 [pool-569-thread-1] INFO  server.RaftServerConfigKeys (ConfUtils.java:logGet(43)) - raft.server.log.segment.size.max = 1048576 (custom)
2019-11-15 20:27:26,736 [pool-569-thread-1] INFO  server.RaftServerConfigKeys (ConfUtils.java:logGet(43)) - raft.server.log.preallocated.size = 16384 (custom)
2019-11-15 20:27:26,739 [pool-569-thread-1] INFO  server.RaftServerConfigKeys (ConfUtils.java:logGet(43)) - raft.server.log.write.buffer.size = 33554432 (custom)
2019-11-15 20:27:26,741 [pool-569-thread-1] INFO  server.RaftServerConfigKeys (ConfUtils.java:logGet(43)) - raft.server.log.force.sync.num = 128 (default)
2019-11-15 20:27:26,741 [pool-569-thread-1] INFO  server.RaftServerConfigKeys (ConfUtils.java:logGet(43)) - raft.server.log.statemachine.data.sync = true (default)
2019-11-15 20:27:26,741 [pool-569-thread-1] INFO  server.RaftServerConfigKeys (ConfUtils.java:logGet(43)) - raft.server.log.statemachine.data.sync.timeout = 10s (default)
2019-11-15 20:27:26,741 [pool-569-thread-1] INFO  server.RaftServerConfigKeys (ConfUtils.java:logGet(43)) - raft.server.log.statemachine.data.sync.timeout.retry = -1 (default)
2019-11-15 20:27:26,741 [pool-569-thread-1] INFO  server.RaftServerConfigKeys (ConfUtils.java:logGet(43)) - raft.server.log.statemachine.data.caching.enabled = true (custom)
2019-11-15 20:27:26,741 [pool-569-thread-1] INFO  segmented.SegmentedRaftLogWorker (SegmentedRaftLogWorker.java:lambda$new$0(128)) - 6d6ed0d9-a6ea-4ace-a9af-83891056ab32@group-5683BA28C057-SegmentedRaftLogWorker: flushIndex: setUnconditionally 0 -> -1
2019-11-15 20:27:26,742 [pool-569-thread-1] INFO  server.RaftServerConfigKeys (ConfUtils.java:logGet(43)) - raft.server.snapshot.auto.trigger.enabled = true (custom)
2019-11-15 20:27:26,742 [pool-569-thread-1] INFO  server.RaftServerConfigKeys (ConfUtils.java:logGet(43)) - raft.server.snapshot.auto.trigger.threshold = 10000 (custom)
2019-11-15 20:27:26,742 [pool-569-thread-1] INFO  server.RaftServerConfigKeys (ConfUtils.java:logGet(43)) - raft.server.snapshot.retention.file.num = 5 (custom)
2019-11-15 20:27:26,742 [pool-569-thread-1] INFO  server.RaftServerConfigKeys (ConfUtils.java:logGet(43)) - raft.server.retrycache.expirytime = 600000ms (custom)
2019-11-15 20:27:26,742 [pool-569-thread-1] WARN  impl.MetricRegistriesImpl (MetricRegistriesImpl.java:lambda$create$1(61)) - First MetricRegistry has been created without registering reporters. You may need to call MetricRegistries.global().addReportRegistration(...) before.
2019-11-15 20:27:26,742 [pool-569-thread-1] WARN  impl.MetricRegistriesImpl (MetricRegistriesImpl.java:lambda$create$1(61)) - First MetricRegistry has been created without registering reporters. You may need to call MetricRegistries.global().addReportRegistration(...) before.
2019-11-15 20:27:26,743 [pool-569-thread-1] INFO  impl.RaftServerImpl (RaftServerImpl.java:start(184)) - 6d6ed0d9-a6ea-4ace-a9af-83891056ab32@group-5683BA28C057: start as a follower, conf=-1: [6d6ed0d9-a6ea-4ace-a9af-83891056ab32:192.168.157.201:37473], old=null
2019-11-15 20:27:26,743 [pool-569-thread-1] INFO  impl.RaftServerImpl (RaftServerImpl.java:setRole(173)) - 6d6ed0d9-a6ea-4ace-a9af-83891056ab32@group-5683BA28C057: changes role from      null to FOLLOWER at term 0 for startAsFollower
2019-11-15 20:27:26,743 [pool-569-thread-1] INFO  impl.RoleInfo (RoleInfo.java:updateAndGet(143)) - 6d6ed0d9-a6ea-4ace-a9af-83891056ab32: start FollowerState
2019-11-15 20:27:26,744 [pool-569-thread-1] INFO  util.JmxRegister (JmxRegister.java:tryRegister(44)) - Successfully registered JMX Bean with object name Ratis:service=RaftServer,group=group-5683BA28C057,id=6d6ed0d9-a6ea-4ace-a9af-83891056ab32
2019-11-15 20:27:26,744 [pool-569-thread-1] WARN  impl.MetricRegistriesImpl (MetricRegistriesImpl.java:lambda$create$1(61)) - First MetricRegistry has been created without registering reporters. You may need to call MetricRegistries.global().addReportRegistration(...) before.
2019-11-15 20:27:26,748 [RatisPipelineUtilsThread] INFO  pipeline.PipelineStateManager (PipelineStateManager.java:addPipeline(55)) - Created pipeline Pipeline[ Id: 0811ca30-9b03-4b2d-a0f7-5683ba28c057, Nodes: 6d6ed0d9-a6ea-4ace-a9af-83891056ab32{ip: 192.168.157.201, host: pr-hdds-2514-unusedmethodparam-9qkq7-1267773169, networkLocation: /rack1, certSerialId: null}, Type:RATIS, Factor:ONE, State:ALLOCATED]
2019-11-15 20:27:26,748 [Thread-4000] INFO  pipeline.PipelineStateManager (PipelineStateManager.java:finalizePipeline(121)) - Pipeline Pipeline[ Id: c7d7306a-7d29-405c-81b0-ab9d817f0b1b, Nodes: 6d6ed0d9-a6ea-4ace-a9af-83891056ab32{ip: 192.168.157.201, host: pr-hdds-2514-unusedmethodparam-9qkq7-1267773169, networkLocation: /rack1, certSerialId: null}c767ecc1-97b1-4b32-a4b7-dad4991a192e{ip: 192.168.157.201, host: pr-hdds-2514-unusedmethodparam-9qkq7-1267773169, networkLocation: /rack1, certSerialId: null}ecb82392-9efc-4718-8957-302e66d96ccd{ip: 192.168.157.201, host: pr-hdds-2514-unusedmethodparam-9qkq7-1267773169, networkLocation: /rack1, certSerialId: null}, Type:RATIS, Factor:THREE, State:CLOSED] moved to CLOSED state
2019-11-15 20:27:26,755 [grpc-default-executor-10] INFO  impl.RaftServerProxy (RaftServerProxy.java:remove(95)) - 6d6ed0d9-a6ea-4ace-a9af-83891056ab32: remove  FOLLOWER 6d6ed0d9-a6ea-4ace-a9af-83891056ab32@group-AB9D817F0B1B:t1, leader=ecb82392-9efc-4718-8957-302e66d96ccd, voted=ecb82392-9efc-4718-8957-302e66d96ccd, raftlog=6d6ed0d9-a6ea-4ace-a9af-83891056ab32@group-AB9D817F0B1B-SegmentedRaftLog:OPENED:c0,f0,i0, conf=0: [ecb82392-9efc-4718-8957-302e66d96ccd:192.168.157.201:35685, 6d6ed0d9-a6ea-4ace-a9af-83891056ab32:192.168.157.201:37473, c767ecc1-97b1-4b32-a4b7-dad4991a192e:192.168.157.201:43389], old=null RUNNING
2019-11-15 20:27:26,756 [grpc-default-executor-10] INFO  impl.RaftServerImpl (RaftServerImpl.java:lambda$shutdown$3(250)) - 6d6ed0d9-a6ea-4ace-a9af-83891056ab32@group-AB9D817F0B1B: shutdown
2019-11-15 20:27:26,756 [grpc-default-executor-10] INFO  util.JmxRegister (JmxRegister.java:unregister(73)) - Successfully un-registered JMX Bean with object name Ratis:service=RaftServer,group=group-AB9D817F0B1B,id=6d6ed0d9-a6ea-4ace-a9af-83891056ab32
2019-11-15 20:27:26,756 [grpc-default-executor-10] INFO  impl.RoleInfo (RoleInfo.java:shutdownFollowerState(121)) - 6d6ed0d9-a6ea-4ace-a9af-83891056ab32: shutdown FollowerState
2019-11-15 20:27:26,756 [grpc-default-executor-10] INFO  impl.StateMachineUpdater (StateMachineUpdater.java:stopAndJoin(136)) - 6d6ed0d9-a6ea-4ace-a9af-83891056ab32@group-AB9D817F0B1B-StateMachineUpdater: set stopIndex = 0
2019-11-15 20:27:26,756 [Thread-4096] INFO  impl.FollowerState (FollowerState.java:run(120)) - 6d6ed0d9-a6ea-4ace-a9af-83891056ab32@group-AB9D817F0B1B-FollowerState was interrupted: java.lang.InterruptedException: sleep interrupted
2019-11-15 20:27:26,756 [grpc-default-executor-10] INFO  impl.RaftServerImpl (ServerState.java:close(387)) - 6d6ed0d9-a6ea-4ace-a9af-83891056ab32@group-AB9D817F0B1B: closes. applyIndex: 0
2019-11-15 20:27:26,756 [6d6ed0d9-a6ea-4ace-a9af-83891056ab32@group-AB9D817F0B1B-SegmentedRaftLogWorker] INFO  segmented.SegmentedRaftLogWorker (SegmentedRaftLogWorker.java:run(316)) - 6d6ed0d9-a6ea-4ace-a9af-83891056ab32@group-AB9D817F0B1B-SegmentedRaftLogWorker was interrupted, exiting. There are 0 tasks remaining in the queue.
2019-11-15 20:27:26,756 [grpc-default-executor-10] INFO  segmented.SegmentedRaftLogWorker (SegmentedRaftLogWorker.java:close(224)) - 6d6ed0d9-a6ea-4ace-a9af-83891056ab32@group-AB9D817F0B1B-SegmentedRaftLogWorker close()
2019-11-15 20:27:26,772 [grpc-default-executor-10] INFO  impl.RaftServerProxy (RaftServerProxy.java:remove(95)) - c767ecc1-97b1-4b32-a4b7-dad4991a192e: remove  FOLLOWER c767ecc1-97b1-4b32-a4b7-dad4991a192e@group-AB9D817F0B1B:t1, leader=ecb82392-9efc-4718-8957-302e66d96ccd, voted=ecb82392-9efc-4718-8957-302e66d96ccd, raftlog=c767ecc1-97b1-4b32-a4b7-dad4991a192e@group-AB9D817F0B1B-SegmentedRaftLog:OPENED:c0,f0,i0, conf=0: [ecb82392-9efc-4718-8957-302e66d96ccd:192.168.157.201:35685, 6d6ed0d9-a6ea-4ace-a9af-83891056ab32:192.168.157.201:37473, c767ecc1-97b1-4b32-a4b7-dad4991a192e:192.168.157.201:43389], old=null RUNNING
2019-11-15 20:27:26,772 [grpc-default-executor-10] INFO  impl.RaftServerImpl (RaftServerImpl.java:lambda$shutdown$3(250)) - c767ecc1-97b1-4b32-a4b7-dad4991a192e@group-AB9D817F0B1B: shutdown
2019-11-15 20:27:26,772 [grpc-default-executor-10] INFO  util.JmxRegister (JmxRegister.java:unregister(73)) - Successfully un-registered JMX Bean with object name Ratis:service=RaftServer,group=group-AB9D817F0B1B,id=c767ecc1-97b1-4b32-a4b7-dad4991a192e
2019-11-15 20:27:26,772 [grpc-default-executor-10] INFO  impl.RoleInfo (RoleInfo.java:shutdownFollowerState(121)) - c767ecc1-97b1-4b32-a4b7-dad4991a192e: shutdown FollowerState
2019-11-15 20:27:26,772 [grpc-default-executor-10] INFO  impl.StateMachineUpdater (StateMachineUpdater.java:stopAndJoin(136)) - c767ecc1-97b1-4b32-a4b7-dad4991a192e@group-AB9D817F0B1B-StateMachineUpdater: set stopIndex = 0
2019-11-15 20:27:26,772 [Thread-4095] INFO  impl.FollowerState (FollowerState.java:run(120)) - c767ecc1-97b1-4b32-a4b7-dad4991a192e@group-AB9D817F0B1B-FollowerState was interrupted: java.lang.InterruptedException: sleep interrupted
2019-11-15 20:27:26,772 [grpc-default-executor-10] INFO  impl.RaftServerImpl (ServerState.java:close(387)) - c767ecc1-97b1-4b32-a4b7-dad4991a192e@group-AB9D817F0B1B: closes. applyIndex: 0
2019-11-15 20:27:26,772 [c767ecc1-97b1-4b32-a4b7-dad4991a192e@group-AB9D817F0B1B-SegmentedRaftLogWorker] INFO  segmented.SegmentedRaftLogWorker (SegmentedRaftLogWorker.java:run(316)) - c767ecc1-97b1-4b32-a4b7-dad4991a192e@group-AB9D817F0B1B-SegmentedRaftLogWorker was interrupted, exiting. There are 0 tasks remaining in the queue.
2019-11-15 20:27:26,773 [grpc-default-executor-10] INFO  segmented.SegmentedRaftLogWorker (SegmentedRaftLogWorker.java:close(224)) - c767ecc1-97b1-4b32-a4b7-dad4991a192e@group-AB9D817F0B1B-SegmentedRaftLogWorker close()
2019-11-15 20:27:26,777 [grpc-default-executor-10] INFO  impl.RaftServerProxy (RaftServerProxy.java:remove(95)) - ecb82392-9efc-4718-8957-302e66d96ccd: remove    LEADER ecb82392-9efc-4718-8957-302e66d96ccd@group-AB9D817F0B1B:t1, leader=ecb82392-9efc-4718-8957-302e66d96ccd, voted=ecb82392-9efc-4718-8957-302e66d96ccd, raftlog=ecb82392-9efc-4718-8957-302e66d96ccd@group-AB9D817F0B1B-SegmentedRaftLog:OPENED:c0,f0,i0, conf=0: [ecb82392-9efc-4718-8957-302e66d96ccd:192.168.157.201:35685, 6d6ed0d9-a6ea-4ace-a9af-83891056ab32:192.168.157.201:37473, c767ecc1-97b1-4b32-a4b7-dad4991a192e:192.168.157.201:43389], old=null RUNNING
2019-11-15 20:27:26,777 [grpc-default-executor-10] INFO  impl.RaftServerImpl (RaftServerImpl.java:lambda$shutdown$3(250)) - ecb82392-9efc-4718-8957-302e66d96ccd@group-AB9D817F0B1B: shutdown
2019-11-15 20:27:26,777 [grpc-default-executor-10] INFO  util.JmxRegister (JmxRegister.java:unregister(73)) - Successfully un-registered JMX Bean with object name Ratis:service=RaftServer,group=group-AB9D817F0B1B,id=ecb82392-9efc-4718-8957-302e66d96ccd
2019-11-15 20:27:26,777 [grpc-default-executor-10] INFO  impl.RoleInfo (RoleInfo.java:shutdownLeaderState(104)) - ecb82392-9efc-4718-8957-302e66d96ccd: shutdown LeaderState
2019-11-15 20:27:26,780 [grpc-default-executor-10] INFO  impl.PendingRequests (PendingRequests.java:sendNotLeaderResponses(206)) - ecb82392-9efc-4718-8957-302e66d96ccd@group-AB9D817F0B1B-PendingRequests: sendNotLeaderResponses
2019-11-15 20:27:26,780 [org.apache.ratis.server.impl.LogAppender$AppenderDaemon$$Lambda$425/1230114949@7fa0e516] WARN  server.GrpcLogAppender (GrpcLogAppender.java:mayWait(151)) - ecb82392-9efc-4718-8957-302e66d96ccd@group-AB9D817F0B1B->6d6ed0d9-a6ea-4ace-a9af-83891056ab32-GrpcLogAppender: Wait interrupted by java.lang.InterruptedException
2019-11-15 20:27:26,780 [org.apache.ratis.server.impl.LogAppender$AppenderDaemon$$Lambda$425/1230114949@3aa27486] WARN  server.GrpcLogAppender (GrpcLogAppender.java:mayWait(151)) - ecb82392-9efc-4718-8957-302e66d96ccd@group-AB9D817F0B1B->c767ecc1-97b1-4b32-a4b7-dad4991a192e-GrpcLogAppender: Wait interrupted by java.lang.InterruptedException
2019-11-15 20:27:26,780 [grpc-default-executor-10] INFO  impl.StateMachineUpdater (StateMachineUpdater.java:stopAndJoin(136)) - ecb82392-9efc-4718-8957-302e66d96ccd@group-AB9D817F0B1B-StateMachineUpdater: set stopIndex = 0
2019-11-15 20:27:26,780 [grpc-default-executor-10] INFO  impl.RaftServerImpl (ServerState.java:close(387)) - ecb82392-9efc-4718-8957-302e66d96ccd@group-AB9D817F0B1B: closes. applyIndex: 0
2019-11-15 20:27:26,781 [grpc-default-executor-8] INFO  server.GrpcServerProtocolService (GrpcServerProtocolService.java:onCompleted(113)) - 6d6ed0d9-a6ea-4ace-a9af-83891056ab32: Completed APPEND_ENTRIES, lastRequest: ecb82392-9efc-4718-8957-302e66d96ccd->6d6ed0d9-a6ea-4ace-a9af-83891056ab32#3-t1, previous=(t:1, i:0), leaderCommit=0, initializing? false, entries: <empty>
2019-11-15 20:27:26,781 [grpc-default-executor-9] INFO  server.GrpcServerProtocolService (GrpcServerProtocolService.java:onCompleted(113)) - c767ecc1-97b1-4b32-a4b7-dad4991a192e: Completed APPEND_ENTRIES, lastRequest: ecb82392-9efc-4718-8957-302e66d96ccd->c767ecc1-97b1-4b32-a4b7-dad4991a192e#3-t1, previous=(t:1, i:0), leaderCommit=0, initializing? false, entries: <empty>
2019-11-15 20:27:26,781 [ecb82392-9efc-4718-8957-302e66d96ccd@group-AB9D817F0B1B-SegmentedRaftLogWorker] INFO  segmented.SegmentedRaftLogWorker (SegmentedRaftLogWorker.java:run(316)) - ecb82392-9efc-4718-8957-302e66d96ccd@group-AB9D817F0B1B-SegmentedRaftLogWorker was interrupted, exiting. There are 0 tasks remaining in the queue.
2019-11-15 20:27:26,781 [grpc-default-executor-8] INFO  server.GrpcLogAppender (GrpcLogAppender.java:onCompleted(308)) - ecb82392-9efc-4718-8957-302e66d96ccd@group-AB9D817F0B1B->6d6ed0d9-a6ea-4ace-a9af-83891056ab32-AppendLogResponseHandler: follower responses appendEntries COMPLETED
2019-11-15 20:27:26,781 [grpc-default-executor-12] INFO  server.GrpcLogAppender (GrpcLogAppender.java:onCompleted(308)) - ecb82392-9efc-4718-8957-302e66d96ccd@group-AB9D817F0B1B->c767ecc1-97b1-4b32-a4b7-dad4991a192e-AppendLogResponseHandler: follower responses appendEntries COMPLETED
2019-11-15 20:27:26,781 [grpc-default-executor-8] INFO  impl.FollowerInfo (FollowerInfo.java:lambda$new$0(51)) - ecb82392-9efc-4718-8957-302e66d96ccd@group-AB9D817F0B1B->6d6ed0d9-a6ea-4ace-a9af-83891056ab32: nextIndex: updateUnconditionally 1 -> 0
2019-11-15 20:27:26,781 [grpc-default-executor-12] INFO  impl.FollowerInfo (FollowerInfo.java:lambda$new$0(51)) - ecb82392-9efc-4718-8957-302e66d96ccd@group-AB9D817F0B1B->c767ecc1-97b1-4b32-a4b7-dad4991a192e: nextIndex: updateUnconditionally 1 -> 0
2019-11-15 20:27:26,782 [grpc-default-executor-10] INFO  segmented.SegmentedRaftLogWorker (SegmentedRaftLogWorker.java:close(224)) - ecb82392-9efc-4718-8957-302e66d96ccd@group-AB9D817F0B1B-SegmentedRaftLogWorker close()
2019-11-15 20:27:26,795 [Thread-4000] INFO  pipeline.PipelineStateManager (PipelineStateManager.java:removePipeline(106)) - Pipeline Pipeline[ Id: c7d7306a-7d29-405c-81b0-ab9d817f0b1b, Nodes: 6d6ed0d9-a6ea-4ace-a9af-83891056ab32{ip: 192.168.157.201, host: pr-hdds-2514-unusedmethodparam-9qkq7-1267773169, networkLocation: /rack1, certSerialId: null}c767ecc1-97b1-4b32-a4b7-dad4991a192e{ip: 192.168.157.201, host: pr-hdds-2514-unusedmethodparam-9qkq7-1267773169, networkLocation: /rack1, certSerialId: null}ecb82392-9efc-4718-8957-302e66d96ccd{ip: 192.168.157.201, host: pr-hdds-2514-unusedmethodparam-9qkq7-1267773169, networkLocation: /rack1, certSerialId: null}, Type:RATIS, Factor:THREE, State:CLOSED] removed from db
2019-11-15 20:27:26,795 [Thread-4000] INFO  pipeline.SCMPipelineManager (SCMPipelineManager.java:finalizeAndDestroyPipeline(315)) - destroying pipeline:Pipeline[ Id: ef51d0a8-7d9d-45bd-9548-4afd00184592, Nodes: 0d66e4d5-0fe9-441c-84d0-b1903c285e78{ip: 192.168.157.201, host: pr-hdds-2514-unusedmethodparam-9qkq7-1267773169, networkLocation: /rack1, certSerialId: null}, Type:RATIS, Factor:ONE, State:OPEN]
2019-11-15 20:27:26,798 [grpc-default-executor-10] INFO  impl.RaftServerProxy (RaftServerProxy.java:addNew(89)) - 6d6ed0d9-a6ea-4ace-a9af-83891056ab32: addNew group-321D9595DF86:[ecb82392-9efc-4718-8957-302e66d96ccd:192.168.157.201:35685, 6d6ed0d9-a6ea-4ace-a9af-83891056ab32:192.168.157.201:37473, c767ecc1-97b1-4b32-a4b7-dad4991a192e:192.168.157.201:43389] returns group-321D9595DF86:java.util.concurrent.CompletableFuture@1cf812b7[Not completed]
2019-11-15 20:27:26,798 [grpc-default-executor-12] INFO  impl.RaftServerProxy (RaftServerProxy.java:addNew(89)) - c767ecc1-97b1-4b32-a4b7-dad4991a192e: addNew group-321D9595DF86:[ecb82392-9efc-4718-8957-302e66d96ccd:192.168.157.201:35685, 6d6ed0d9-a6ea-4ace-a9af-83891056ab32:192.168.157.201:37473, c767ecc1-97b1-4b32-a4b7-dad4991a192e:192.168.157.201:43389] returns group-321D9595DF86:java.util.concurrent.CompletableFuture@6edae939[Not completed]
2019-11-15 20:27:26,799 [pool-569-thread-1] INFO  impl.RaftServerImpl (RaftServerImpl.java:<init>(98)) - 6d6ed0d9-a6ea-4ace-a9af-83891056ab32: new RaftServerImpl for group-321D9595DF86:[ecb82392-9efc-4718-8957-302e66d96ccd:192.168.157.201:35685, 6d6ed0d9-a6ea-4ace-a9af-83891056ab32:192.168.157.201:37473, c767ecc1-97b1-4b32-a4b7-dad4991a192e:192.168.157.201:43389] with ContainerStateMachine:uninitialized
2019-11-15 20:27:26,799 [pool-569-thread-1] INFO  server.RaftServerConfigKeys (ConfUtils.java:logGet(43)) - raft.server.rpc.timeout.min = 1s (custom)
2019-11-15 20:27:26,799 [pool-569-thread-1] INFO  server.RaftServerConfigKeys (ConfUtils.java:logGet(43)) - raft.server.rpc.timeout.max = 1200ms (custom)
2019-11-15 20:27:26,799 [pool-569-thread-1] INFO  server.RaftServerConfigKeys (ConfUtils.java:logGet(43)) - raft.server.rpcslowness.timeout = 120s (custom)
2019-11-15 20:27:26,799 [pool-569-thread-1] INFO  server.RaftServerConfigKeys (ConfUtils.java:logGet(43)) - raft.server.sleep.deviation.threshold = 300 (default)
2019-11-15 20:27:26,799 [pool-569-thread-1] INFO  server.RaftServerConfigKeys (ConfUtils.java:logGet(43)) - raft.server.log.appender.install.snapshot.enabled = false (custom)
2019-11-15 20:27:26,799 [pool-569-thread-1] INFO  impl.RaftServerImpl (ServerState.java:<init>(103)) - 6d6ed0d9-a6ea-4ace-a9af-83891056ab32@group-321D9595DF86: ConfigurationManager, init=-1: [ecb82392-9efc-4718-8957-302e66d96ccd:192.168.157.201:35685, 6d6ed0d9-a6ea-4ace-a9af-83891056ab32:192.168.157.201:37473, c767ecc1-97b1-4b32-a4b7-dad4991a192e:192.168.157.201:43389], old=null, confs=<EMPTY_MAP>
2019-11-15 20:27:26,799 [pool-549-thread-1] INFO  impl.RaftServerImpl (RaftServerImpl.java:<init>(98)) - c767ecc1-97b1-4b32-a4b7-dad4991a192e: new RaftServerImpl for group-321D9595DF86:[ecb82392-9efc-4718-8957-302e66d96ccd:192.168.157.201:35685, 6d6ed0d9-a6ea-4ace-a9af-83891056ab32:192.168.157.201:37473, c767ecc1-97b1-4b32-a4b7-dad4991a192e:192.168.157.201:43389] with ContainerStateMachine:uninitialized
2019-11-15 20:27:26,800 [pool-569-thread-1] INFO  server.RaftServerConfigKeys (ConfUtils.java:logGet(43)) - raft.server.storage.dir = [/workdir/hadoop-ozone/integration-test/target/test-dir/MiniOzoneClusterImpl-2baab228-4da8-45e4-8c00-c7e13f1dd389/datanode-6/data/ratis] (custom)
2019-11-15 20:27:26,799 [grpc-default-executor-12] INFO  impl.RaftServerProxy (RaftServerProxy.java:addNew(89)) - ecb82392-9efc-4718-8957-302e66d96ccd: addNew group-321D9595DF86:[ecb82392-9efc-4718-8957-302e66d96ccd:192.168.157.201:35685, 6d6ed0d9-a6ea-4ace-a9af-83891056ab32:192.168.157.201:37473, c767ecc1-97b1-4b32-a4b7-dad4991a192e:192.168.157.201:43389] returns group-321D9595DF86:java.util.concurrent.CompletableFuture@557c6066[Not completed]
2019-11-15 20:27:26,800 [pool-569-thread-1] INFO  server.RaftServerConfigKeys (ConfUtils.java:logGet(43)) - raft.server.log.corruption.policy = EXCEPTION (default)
2019-11-15 20:27:26,800 [pool-549-thread-1] INFO  server.RaftServerConfigKeys (ConfUtils.java:logGet(43)) - raft.server.rpc.timeout.min = 1s (custom)
2019-11-15 20:27:26,800 [pool-569-thread-1] INFO  storage.RaftStorageDirectory (RaftStorageDirectory.java:analyzeStorage(246)) - The storage directory /workdir/hadoop-ozone/integration-test/target/test-dir/MiniOzoneClusterImpl-2baab228-4da8-45e4-8c00-c7e13f1dd389/datanode-6/data/ratis/0708e2f2-ab90-456c-9498-321d9595df86 does not exist. Creating ...
2019-11-15 20:27:26,800 [pool-549-thread-1] INFO  server.RaftServerConfigKeys (ConfUtils.java:logGet(43)) - raft.server.rpc.timeout.max = 1200ms (custom)
2019-11-15 20:27:26,800 [pool-549-thread-1] INFO  server.RaftServerConfigKeys (ConfUtils.java:logGet(43)) - raft.server.rpcslowness.timeout = 120s (custom)
2019-11-15 20:27:26,800 [pool-549-thread-1] INFO  server.RaftServerConfigKeys (ConfUtils.java:logGet(43)) - raft.server.sleep.deviation.threshold = 300 (default)
2019-11-15 20:27:26,800 [pool-549-thread-1] INFO  server.RaftServerConfigKeys (ConfUtils.java:logGet(43)) - raft.server.log.appender.install.snapshot.enabled = false (custom)
2019-11-15 20:27:26,800 [pool-539-thread-1] INFO  impl.RaftServerImpl (RaftServerImpl.java:<init>(98)) - ecb82392-9efc-4718-8957-302e66d96ccd: new RaftServerImpl for group-321D9595DF86:[ecb82392-9efc-4718-8957-302e66d96ccd:192.168.157.201:35685, 6d6ed0d9-a6ea-4ace-a9af-83891056ab32:192.168.157.201:37473, c767ecc1-97b1-4b32-a4b7-dad4991a192e:192.168.157.201:43389] with ContainerStateMachine:uninitialized
2019-11-15 20:27:26,801 [pool-549-thread-1] INFO  impl.RaftServerImpl (ServerState.java:<init>(103)) - c767ecc1-97b1-4b32-a4b7-dad4991a192e@group-321D9595DF86: ConfigurationManager, init=-1: [ecb82392-9efc-4718-8957-302e66d96ccd:192.168.157.201:35685, 6d6ed0d9-a6ea-4ace-a9af-83891056ab32:192.168.157.201:37473, c767ecc1-97b1-4b32-a4b7-dad4991a192e:192.168.157.201:43389], old=null, confs=<EMPTY_MAP>
2019-11-15 20:27:26,801 [pool-539-thread-1] INFO  server.RaftServerConfigKeys (ConfUtils.java:logGet(43)) - raft.server.rpc.timeout.min = 1s (custom)
2019-11-15 20:27:26,801 [pool-549-thread-1] INFO  server.RaftServerConfigKeys (ConfUtils.java:logGet(43)) - raft.server.storage.dir = [/workdir/hadoop-ozone/integration-test/target/test-dir/MiniOzoneClusterImpl-2baab228-4da8-45e4-8c00-c7e13f1dd389/datanode-4/data/ratis] (custom)
2019-11-15 20:27:26,801 [pool-539-thread-1] INFO  server.RaftServerConfigKeys (ConfUtils.java:logGet(43)) - raft.server.rpc.timeout.max = 1200ms (custom)
2019-11-15 20:27:26,801 [pool-539-thread-1] INFO  server.RaftServerConfigKeys (ConfUtils.java:logGet(43)) - raft.server.rpcslowness.timeout = 120s (custom)
2019-11-15 20:27:26,801 [pool-549-thread-1] INFO  server.RaftServerConfigKeys (ConfUtils.java:logGet(43)) - raft.server.log.corruption.policy = EXCEPTION (default)
2019-11-15 20:27:26,801 [pool-539-thread-1] INFO  server.RaftServerConfigKeys (ConfUtils.java:logGet(43)) - raft.server.sleep.deviation.threshold = 300 (default)
2019-11-15 20:27:26,801 [pool-549-thread-1] INFO  storage.RaftStorageDirectory (RaftStorageDirectory.java:analyzeStorage(246)) - The storage directory /workdir/hadoop-ozone/integration-test/target/test-dir/MiniOzoneClusterImpl-2baab228-4da8-45e4-8c00-c7e13f1dd389/datanode-4/data/ratis/0708e2f2-ab90-456c-9498-321d9595df86 does not exist. Creating ...
2019-11-15 20:27:26,801 [pool-539-thread-1] INFO  server.RaftServerConfigKeys (ConfUtils.java:logGet(43)) - raft.server.log.appender.install.snapshot.enabled = false (custom)
2019-11-15 20:27:26,801 [pool-539-thread-1] INFO  impl.RaftServerImpl (ServerState.java:<init>(103)) - ecb82392-9efc-4718-8957-302e66d96ccd@group-321D9595DF86: ConfigurationManager, init=-1: [ecb82392-9efc-4718-8957-302e66d96ccd:192.168.157.201:35685, 6d6ed0d9-a6ea-4ace-a9af-83891056ab32:192.168.157.201:37473, c767ecc1-97b1-4b32-a4b7-dad4991a192e:192.168.157.201:43389], old=null, confs=<EMPTY_MAP>
2019-11-15 20:27:26,802 [pool-539-thread-1] INFO  server.RaftServerConfigKeys (ConfUtils.java:logGet(43)) - raft.server.storage.dir = [/workdir/hadoop-ozone/integration-test/target/test-dir/MiniOzoneClusterImpl-2baab228-4da8-45e4-8c00-c7e13f1dd389/datanode-3/data/ratis] (custom)
2019-11-15 20:27:26,802 [pool-539-thread-1] INFO  server.RaftServerConfigKeys (ConfUtils.java:logGet(43)) - raft.server.log.corruption.policy = EXCEPTION (default)
2019-11-15 20:27:26,802 [pool-539-thread-1] INFO  storage.RaftStorageDirectory (RaftStorageDirectory.java:analyzeStorage(246)) - The storage directory /workdir/hadoop-ozone/integration-test/target/test-dir/MiniOzoneClusterImpl-2baab228-4da8-45e4-8c00-c7e13f1dd389/datanode-3/data/ratis/0708e2f2-ab90-456c-9498-321d9595df86 does not exist. Creating ...
2019-11-15 20:27:26,822 [pool-549-thread-1] INFO  storage.RaftStorageDirectory (RaftStorageDirectory.java:tryLock(328)) - Lock on /workdir/hadoop-ozone/integration-test/target/test-dir/MiniOzoneClusterImpl-2baab228-4da8-45e4-8c00-c7e13f1dd389/datanode-4/data/ratis/0708e2f2-ab90-456c-9498-321d9595df86/in_use.lock acquired by nodename 9872@pr-hdds-2514-unusedmethodparam-9qkq7-1267773169
2019-11-15 20:27:26,822 [pool-539-thread-1] INFO  storage.RaftStorageDirectory (RaftStorageDirectory.java:tryLock(328)) - Lock on /workdir/hadoop-ozone/integration-test/target/test-dir/MiniOzoneClusterImpl-2baab228-4da8-45e4-8c00-c7e13f1dd389/datanode-3/data/ratis/0708e2f2-ab90-456c-9498-321d9595df86/in_use.lock acquired by nodename 9872@pr-hdds-2514-unusedmethodparam-9qkq7-1267773169
2019-11-15 20:27:26,822 [pool-569-thread-1] INFO  storage.RaftStorageDirectory (RaftStorageDirectory.java:tryLock(328)) - Lock on /workdir/hadoop-ozone/integration-test/target/test-dir/MiniOzoneClusterImpl-2baab228-4da8-45e4-8c00-c7e13f1dd389/datanode-6/data/ratis/0708e2f2-ab90-456c-9498-321d9595df86/in_use.lock acquired by nodename 9872@pr-hdds-2514-unusedmethodparam-9qkq7-1267773169
2019-11-15 20:27:26,846 [pool-549-thread-1] INFO  storage.RaftStorage (RaftStorage.java:format(84)) - Storage directory /workdir/hadoop-ozone/integration-test/target/test-dir/MiniOzoneClusterImpl-2baab228-4da8-45e4-8c00-c7e13f1dd389/datanode-4/data/ratis/0708e2f2-ab90-456c-9498-321d9595df86 has been successfully formatted.
2019-11-15 20:27:26,846 [pool-539-thread-1] INFO  storage.RaftStorage (RaftStorage.java:format(84)) - Storage directory /workdir/hadoop-ozone/integration-test/target/test-dir/MiniOzoneClusterImpl-2baab228-4da8-45e4-8c00-c7e13f1dd389/datanode-3/data/ratis/0708e2f2-ab90-456c-9498-321d9595df86 has been successfully formatted.
2019-11-15 20:27:26,846 [pool-569-thread-1] INFO  storage.RaftStorage (RaftStorage.java:format(84)) - Storage directory /workdir/hadoop-ozone/integration-test/target/test-dir/MiniOzoneClusterImpl-2baab228-4da8-45e4-8c00-c7e13f1dd389/datanode-6/data/ratis/0708e2f2-ab90-456c-9498-321d9595df86 has been successfully formatted.
2019-11-15 20:27:26,846 [pool-549-thread-1] INFO  ratis.ContainerStateMachine (ContainerStateMachine.java:loadSnapshot(223)) - group-321D9595DF86: The snapshot info is null. Setting the last applied indexto:(t:0, i:~)
2019-11-15 20:27:26,846 [pool-539-thread-1] INFO  ratis.ContainerStateMachine (ContainerStateMachine.java:loadSnapshot(223)) - group-321D9595DF86: The snapshot info is null. Setting the last applied indexto:(t:0, i:~)
2019-11-15 20:27:26,846 [pool-549-thread-1] INFO  server.RaftServerConfigKeys (ConfUtils.java:logGet(43)) - raft.server.notification.no-leader.timeout = 120s (custom)
2019-11-15 20:27:26,846 [pool-569-thread-1] INFO  ratis.ContainerStateMachine (ContainerStateMachine.java:loadSnapshot(223)) - group-321D9595DF86: The snapshot info is null. Setting the last applied indexto:(t:0, i:~)
2019-11-15 20:27:26,847 [pool-549-thread-1] INFO  server.RaftServerConfigKeys (ConfUtils.java:logGet(43)) - raft.server.log.use.memory = false (default)
2019-11-15 20:27:26,847 [pool-539-thread-1] INFO  server.RaftServerConfigKeys (ConfUtils.java:logGet(43)) - raft.server.notification.no-leader.timeout = 120s (custom)
2019-11-15 20:27:26,847 [pool-549-thread-1] INFO  server.RaftServerConfigKeys (ConfUtils.java:logGet(43)) - raft.server.log.purge.gap = 1000000 (custom)
2019-11-15 20:27:26,847 [pool-549-thread-1] INFO  server.RaftServerConfigKeys (ConfUtils.java:logGet(43)) - raft.server.log.appender.buffer.byte-limit = 33554432 (custom)
2019-11-15 20:27:26,847 [pool-569-thread-1] INFO  server.RaftServerConfigKeys (ConfUtils.java:logGet(43)) - raft.server.notification.no-leader.timeout = 120s (custom)
2019-11-15 20:27:26,848 [pool-549-thread-1] INFO  server.RaftServerConfigKeys (ConfUtils.java:logGet(43)) - raft.server.log.segment.size.max = 1048576 (custom)
2019-11-15 20:27:26,847 [pool-539-thread-1] INFO  server.RaftServerConfigKeys (ConfUtils.java:logGet(43)) - raft.server.log.use.memory = false (default)
2019-11-15 20:27:26,848 [pool-549-thread-1] INFO  server.RaftServerConfigKeys (ConfUtils.java:logGet(43)) - raft.server.log.segment.cache.num.max = 2 (custom)
2019-11-15 20:27:26,848 [pool-569-thread-1] INFO  server.RaftServerConfigKeys (ConfUtils.java:logGet(43)) - raft.server.log.use.memory = false (default)
2019-11-15 20:27:26,848 [pool-549-thread-1] INFO  segmented.SegmentedRaftLogWorker (SegmentedRaftLogWorker.java:<init>(173)) - new c767ecc1-97b1-4b32-a4b7-dad4991a192e@group-321D9595DF86-SegmentedRaftLogWorker for RaftStorage:Storage Directory /workdir/hadoop-ozone/integration-test/target/test-dir/MiniOzoneClusterImpl-2baab228-4da8-45e4-8c00-c7e13f1dd389/datanode-4/data/ratis/0708e2f2-ab90-456c-9498-321d9595df86
2019-11-15 20:27:26,848 [pool-549-thread-1] INFO  server.RaftServerConfigKeys (ConfUtils.java:logGet(43)) - raft.server.log.queue.byte-limit = 2147483647 (custom)
2019-11-15 20:27:26,848 [pool-539-thread-1] INFO  server.RaftServerConfigKeys (ConfUtils.java:logGet(43)) - raft.server.log.purge.gap = 1000000 (custom)
2019-11-15 20:27:26,848 [pool-549-thread-1] INFO  server.RaftServerConfigKeys (ConfUtils.java:logGet(43)) - raft.server.log.queue.element-limit = 1024 (custom)
2019-11-15 20:27:26,848 [pool-569-thread-1] INFO  server.RaftServerConfigKeys (ConfUtils.java:logGet(43)) - raft.server.log.purge.gap = 1000000 (custom)
2019-11-15 20:27:26,849 [pool-549-thread-1] INFO  server.RaftServerConfigKeys (ConfUtils.java:logGet(43)) - raft.server.log.segment.size.max = 1048576 (custom)
2019-11-15 20:27:26,848 [pool-539-thread-1] INFO  server.RaftServerConfigKeys (ConfUtils.java:logGet(43)) - raft.server.log.appender.buffer.byte-limit = 33554432 (custom)
2019-11-15 20:27:26,849 [pool-549-thread-1] INFO  server.RaftServerConfigKeys (ConfUtils.java:logGet(43)) - raft.server.log.preallocated.size = 16384 (custom)
2019-11-15 20:27:26,849 [pool-569-thread-1] INFO  server.RaftServerConfigKeys (ConfUtils.java:logGet(43)) - raft.server.log.appender.buffer.byte-limit = 33554432 (custom)
2019-11-15 20:27:26,849 [pool-549-thread-1] INFO  server.RaftServerConfigKeys (ConfUtils.java:logGet(43)) - raft.server.log.write.buffer.size = 33554432 (custom)
2019-11-15 20:27:26,849 [pool-539-thread-1] INFO  server.RaftServerConfigKeys (ConfUtils.java:logGet(43)) - raft.server.log.segment.size.max = 1048576 (custom)
2019-11-15 20:27:26,849 [pool-549-thread-1] INFO  server.RaftServerConfigKeys (ConfUtils.java:logGet(43)) - raft.server.log.force.sync.num = 128 (default)
2019-11-15 20:27:26,849 [pool-569-thread-1] INFO  server.RaftServerConfigKeys (ConfUtils.java:logGet(43)) - raft.server.log.segment.size.max = 1048576 (custom)
2019-11-15 20:27:26,850 [pool-549-thread-1] INFO  server.RaftServerConfigKeys (ConfUtils.java:logGet(43)) - raft.server.log.statemachine.data.sync = true (default)
2019-11-15 20:27:26,849 [pool-539-thread-1] INFO  server.RaftServerConfigKeys (ConfUtils.java:logGet(43)) - raft.server.log.segment.cache.num.max = 2 (custom)
2019-11-15 20:27:26,851 [pool-549-thread-1] INFO  server.RaftServerConfigKeys (ConfUtils.java:logGet(43)) - raft.server.log.statemachine.data.sync.timeout = 10s (default)
2019-11-15 20:27:26,850 [pool-569-thread-1] INFO  server.RaftServerConfigKeys (ConfUtils.java:logGet(43)) - raft.server.log.segment.cache.num.max = 2 (custom)
2019-11-15 20:27:26,851 [pool-549-thread-1] INFO  server.RaftServerConfigKeys (ConfUtils.java:logGet(43)) - raft.server.log.statemachine.data.sync.timeout.retry = -1 (default)
2019-11-15 20:27:26,851 [pool-539-thread-1] INFO  segmented.SegmentedRaftLogWorker (SegmentedRaftLogWorker.java:<init>(173)) - new ecb82392-9efc-4718-8957-302e66d96ccd@group-321D9595DF86-SegmentedRaftLogWorker for RaftStorage:Storage Directory /workdir/hadoop-ozone/integration-test/target/test-dir/MiniOzoneClusterImpl-2baab228-4da8-45e4-8c00-c7e13f1dd389/datanode-3/data/ratis/0708e2f2-ab90-456c-9498-321d9595df86
2019-11-15 20:27:26,851 [pool-549-thread-1] INFO  server.RaftServerConfigKeys (ConfUtils.java:logGet(43)) - raft.server.log.statemachine.data.caching.enabled = true (custom)
2019-11-15 20:27:26,851 [pool-569-thread-1] INFO  segmented.SegmentedRaftLogWorker (SegmentedRaftLogWorker.java:<init>(173)) - new 6d6ed0d9-a6ea-4ace-a9af-83891056ab32@group-321D9595DF86-SegmentedRaftLogWorker for RaftStorage:Storage Directory /workdir/hadoop-ozone/integration-test/target/test-dir/MiniOzoneClusterImpl-2baab228-4da8-45e4-8c00-c7e13f1dd389/datanode-6/data/ratis/0708e2f2-ab90-456c-9498-321d9595df86
2019-11-15 20:27:26,851 [pool-539-thread-1] INFO  server.RaftServerConfigKeys (ConfUtils.java:logGet(43)) - raft.server.log.queue.byte-limit = 2147483647 (custom)
2019-11-15 20:27:26,852 [pool-569-thread-1] INFO  server.RaftServerConfigKeys (ConfUtils.java:logGet(43)) - raft.server.log.queue.byte-limit = 2147483647 (custom)
2019-11-15 20:27:26,852 [pool-539-thread-1] INFO  server.RaftServerConfigKeys (ConfUtils.java:logGet(43)) - raft.server.log.queue.element-limit = 1024 (custom)
2019-11-15 20:27:26,852 [pool-569-thread-1] INFO  server.RaftServerConfigKeys (ConfUtils.java:logGet(43)) - raft.server.log.queue.element-limit = 1024 (custom)
2019-11-15 20:27:26,852 [pool-569-thread-1] INFO  server.RaftServerConfigKeys (ConfUtils.java:logGet(43)) - raft.server.log.segment.size.max = 1048576 (custom)
2019-11-15 20:27:26,852 [pool-539-thread-1] INFO  server.RaftServerConfigKeys (ConfUtils.java:logGet(43)) - raft.server.log.segment.size.max = 1048576 (custom)
2019-11-15 20:27:26,852 [pool-539-thread-1] INFO  server.RaftServerConfigKeys (ConfUtils.java:logGet(43)) - raft.server.log.preallocated.size = 16384 (custom)
2019-11-15 20:27:26,852 [pool-539-thread-1] INFO  server.RaftServerConfigKeys (ConfUtils.java:logGet(43)) - raft.server.log.write.buffer.size = 33554432 (custom)
2019-11-15 20:27:26,852 [pool-539-thread-1] INFO  server.RaftServerConfigKeys (ConfUtils.java:logGet(43)) - raft.server.log.force.sync.num = 128 (default)
2019-11-15 20:27:26,852 [pool-539-thread-1] INFO  server.RaftServerConfigKeys (ConfUtils.java:logGet(43)) - raft.server.log.statemachine.data.sync = true (default)
2019-11-15 20:27:26,852 [pool-539-thread-1] INFO  server.RaftServerConfigKeys (ConfUtils.java:logGet(43)) - raft.server.log.statemachine.data.sync.timeout = 10s (default)
2019-11-15 20:27:26,852 [pool-569-thread-1] INFO  server.RaftServerConfigKeys (ConfUtils.java:logGet(43)) - raft.server.log.preallocated.size = 16384 (custom)
2019-11-15 20:27:26,853 [pool-569-thread-1] INFO  server.RaftServerConfigKeys (ConfUtils.java:logGet(43)) - raft.server.log.write.buffer.size = 33554432 (custom)
2019-11-15 20:27:26,853 [pool-569-thread-1] INFO  server.RaftServerConfigKeys (ConfUtils.java:logGet(43)) - raft.server.log.force.sync.num = 128 (default)
2019-11-15 20:27:26,853 [pool-569-thread-1] INFO  server.RaftServerConfigKeys (ConfUtils.java:logGet(43)) - raft.server.log.statemachine.data.sync = true (default)
2019-11-15 20:27:26,853 [pool-569-thread-1] INFO  server.RaftServerConfigKeys (ConfUtils.java:logGet(43)) - raft.server.log.statemachine.data.sync.timeout = 10s (default)
2019-11-15 20:27:26,853 [pool-569-thread-1] INFO  server.RaftServerConfigKeys (ConfUtils.java:logGet(43)) - raft.server.log.statemachine.data.sync.timeout.retry = -1 (default)
2019-11-15 20:27:26,853 [pool-539-thread-1] INFO  server.RaftServerConfigKeys (ConfUtils.java:logGet(43)) - raft.server.log.statemachine.data.sync.timeout.retry = -1 (default)
2019-11-15 20:27:26,853 [pool-569-thread-1] INFO  server.RaftServerConfigKeys (ConfUtils.java:logGet(43)) - raft.server.log.statemachine.data.caching.enabled = true (custom)
2019-11-15 20:27:26,855 [pool-539-thread-1] INFO  server.RaftServerConfigKeys (ConfUtils.java:logGet(43)) - raft.server.log.statemachine.data.caching.enabled = true (custom)
2019-11-15 20:27:26,861 [pool-539-thread-1] INFO  segmented.SegmentedRaftLogWorker (SegmentedRaftLogWorker.java:lambda$new$0(128)) - ecb82392-9efc-4718-8957-302e66d96ccd@group-321D9595DF86-SegmentedRaftLogWorker: flushIndex: setUnconditionally 0 -> -1
2019-11-15 20:27:26,861 [pool-549-thread-1] INFO  segmented.SegmentedRaftLogWorker (SegmentedRaftLogWorker.java:lambda$new$0(128)) - c767ecc1-97b1-4b32-a4b7-dad4991a192e@group-321D9595DF86-SegmentedRaftLogWorker: flushIndex: setUnconditionally 0 -> -1
2019-11-15 20:27:26,861 [pool-569-thread-1] INFO  segmented.SegmentedRaftLogWorker (SegmentedRaftLogWorker.java:lambda$new$0(128)) - 6d6ed0d9-a6ea-4ace-a9af-83891056ab32@group-321D9595DF86-SegmentedRaftLogWorker: flushIndex: setUnconditionally 0 -> -1
2019-11-15 20:27:26,861 [pool-539-thread-1] INFO  server.RaftServerConfigKeys (ConfUtils.java:logGet(43)) - raft.server.snapshot.auto.trigger.enabled = true (custom)
2019-11-15 20:27:26,862 [pool-549-thread-1] INFO  server.RaftServerConfigKeys (ConfUtils.java:logGet(43)) - raft.server.snapshot.auto.trigger.enabled = true (custom)
2019-11-15 20:27:26,862 [pool-569-thread-1] INFO  server.RaftServerConfigKeys (ConfUtils.java:logGet(43)) - raft.server.snapshot.auto.trigger.enabled = true (custom)
2019-11-15 20:27:26,862 [pool-539-thread-1] INFO  server.RaftServerConfigKeys (ConfUtils.java:logGet(43)) - raft.server.snapshot.auto.trigger.threshold = 10000 (custom)
2019-11-15 20:27:26,862 [pool-569-thread-1] INFO  server.RaftServerConfigKeys (ConfUtils.java:logGet(43)) - raft.server.snapshot.auto.trigger.threshold = 10000 (custom)
2019-11-15 20:27:26,862 [pool-549-thread-1] INFO  server.RaftServerConfigKeys (ConfUtils.java:logGet(43)) - raft.server.snapshot.auto.trigger.threshold = 10000 (custom)
2019-11-15 20:27:26,862 [pool-569-thread-1] INFO  server.RaftServerConfigKeys (ConfUtils.java:logGet(43)) - raft.server.snapshot.retention.file.num = 5 (custom)
2019-11-15 20:27:26,862 [pool-539-thread-1] INFO  server.RaftServerConfigKeys (ConfUtils.java:logGet(43)) - raft.server.snapshot.retention.file.num = 5 (custom)
2019-11-15 20:27:26,862 [pool-569-thread-1] INFO  server.RaftServerConfigKeys (ConfUtils.java:logGet(43)) - raft.server.retrycache.expirytime = 600000ms (custom)
2019-11-15 20:27:26,862 [pool-549-thread-1] INFO  server.RaftServerConfigKeys (ConfUtils.java:logGet(43)) - raft.server.snapshot.retention.file.num = 5 (custom)
2019-11-15 20:27:26,862 [pool-569-thread-1] WARN  impl.MetricRegistriesImpl (MetricRegistriesImpl.java:lambda$create$1(61)) - First MetricRegistry has been created without registering reporters. You may need to call MetricRegistries.global().addReportRegistration(...) before.
2019-11-15 20:27:26,862 [pool-539-thread-1] INFO  server.RaftServerConfigKeys (ConfUtils.java:logGet(43)) - raft.server.retrycache.expirytime = 600000ms (custom)
2019-11-15 20:27:26,862 [pool-569-thread-1] WARN  impl.MetricRegistriesImpl (MetricRegistriesImpl.java:lambda$create$1(61)) - First MetricRegistry has been created without registering reporters. You may need to call MetricRegistries.global().addReportRegistration(...) before.
2019-11-15 20:27:26,862 [pool-549-thread-1] INFO  server.RaftServerConfigKeys (ConfUtils.java:logGet(43)) - raft.server.retrycache.expirytime = 600000ms (custom)
2019-11-15 20:27:26,863 [pool-569-thread-1] INFO  impl.RaftServerImpl (RaftServerImpl.java:start(184)) - 6d6ed0d9-a6ea-4ace-a9af-83891056ab32@group-321D9595DF86: start as a follower, conf=-1: [ecb82392-9efc-4718-8957-302e66d96ccd:192.168.157.201:35685, 6d6ed0d9-a6ea-4ace-a9af-83891056ab32:192.168.157.201:37473, c767ecc1-97b1-4b32-a4b7-dad4991a192e:192.168.157.201:43389], old=null
2019-11-15 20:27:26,863 [pool-549-thread-1] WARN  impl.MetricRegistriesImpl (MetricRegistriesImpl.java:lambda$create$1(61)) - First MetricRegistry has been created without registering reporters. You may need to call MetricRegistries.global().addReportRegistration(...) before.
2019-11-15 20:27:26,863 [pool-539-thread-1] WARN  impl.MetricRegistriesImpl (MetricRegistriesImpl.java:lambda$create$1(61)) - First MetricRegistry has been created without registering reporters. You may need to call MetricRegistries.global().addReportRegistration(...) before.
2019-11-15 20:27:26,863 [pool-549-thread-1] WARN  impl.MetricRegistriesImpl (MetricRegistriesImpl.java:lambda$create$1(61)) - First MetricRegistry has been created without registering reporters. You may need to call MetricRegistries.global().addReportRegistration(...) before.
2019-11-15 20:27:26,863 [pool-569-thread-1] INFO  impl.RaftServerImpl (RaftServerImpl.java:setRole(173)) - 6d6ed0d9-a6ea-4ace-a9af-83891056ab32@group-321D9595DF86: changes role from      null to FOLLOWER at term 0 for startAsFollower
2019-11-15 20:27:26,863 [pool-549-thread-1] INFO  impl.RaftServerImpl (RaftServerImpl.java:start(184)) - c767ecc1-97b1-4b32-a4b7-dad4991a192e@group-321D9595DF86: start as a follower, conf=-1: [ecb82392-9efc-4718-8957-302e66d96ccd:192.168.157.201:35685, 6d6ed0d9-a6ea-4ace-a9af-83891056ab32:192.168.157.201:37473, c767ecc1-97b1-4b32-a4b7-dad4991a192e:192.168.157.201:43389], old=null
2019-11-15 20:27:26,863 [pool-539-thread-1] WARN  impl.MetricRegistriesImpl (MetricRegistriesImpl.java:lambda$create$1(61)) - First MetricRegistry has been created without registering reporters. You may need to call MetricRegistries.global().addReportRegistration(...) before.
2019-11-15 20:27:26,863 [pool-549-thread-1] INFO  impl.RaftServerImpl (RaftServerImpl.java:setRole(173)) - c767ecc1-97b1-4b32-a4b7-dad4991a192e@group-321D9595DF86: changes role from      null to FOLLOWER at term 0 for startAsFollower
2019-11-15 20:27:26,863 [pool-569-thread-1] INFO  impl.RoleInfo (RoleInfo.java:updateAndGet(143)) - 6d6ed0d9-a6ea-4ace-a9af-83891056ab32: start FollowerState
2019-11-15 20:27:26,863 [pool-549-thread-1] INFO  impl.RoleInfo (RoleInfo.java:updateAndGet(143)) - c767ecc1-97b1-4b32-a4b7-dad4991a192e: start FollowerState
2019-11-15 20:27:26,863 [pool-539-thread-1] INFO  impl.RaftServerImpl (RaftServerImpl.java:start(184)) - ecb82392-9efc-4718-8957-302e66d96ccd@group-321D9595DF86: start as a follower, conf=-1: [ecb82392-9efc-4718-8957-302e66d96ccd:192.168.157.201:35685, 6d6ed0d9-a6ea-4ace-a9af-83891056ab32:192.168.157.201:37473, c767ecc1-97b1-4b32-a4b7-dad4991a192e:192.168.157.201:43389], old=null
2019-11-15 20:27:26,864 [pool-539-thread-1] INFO  impl.RaftServerImpl (RaftServerImpl.java:setRole(173)) - ecb82392-9efc-4718-8957-302e66d96ccd@group-321D9595DF86: changes role from      null to FOLLOWER at term 0 for startAsFollower
2019-11-15 20:27:26,864 [pool-539-thread-1] INFO  impl.RoleInfo (RoleInfo.java:updateAndGet(143)) - ecb82392-9efc-4718-8957-302e66d96ccd: start FollowerState
2019-11-15 20:27:26,864 [pool-549-thread-1] INFO  util.JmxRegister (JmxRegister.java:tryRegister(44)) - Successfully registered JMX Bean with object name Ratis:service=RaftServer,group=group-321D9595DF86,id=c767ecc1-97b1-4b32-a4b7-dad4991a192e
2019-11-15 20:27:26,864 [pool-549-thread-1] WARN  impl.MetricRegistriesImpl (MetricRegistriesImpl.java:lambda$create$1(61)) - First MetricRegistry has been created without registering reporters. You may need to call MetricRegistries.global().addReportRegistration(...) before.
2019-11-15 20:27:26,864 [pool-569-thread-1] INFO  util.JmxRegister (JmxRegister.java:tryRegister(44)) - Successfully registered JMX Bean with object name Ratis:service=RaftServer,group=group-321D9595DF86,id=6d6ed0d9-a6ea-4ace-a9af-83891056ab32
2019-11-15 20:27:26,864 [pool-539-thread-1] INFO  util.JmxRegister (JmxRegister.java:tryRegister(44)) - Successfully registered JMX Bean with object name Ratis:service=RaftServer,group=group-321D9595DF86,id=ecb82392-9efc-4718-8957-302e66d96ccd
2019-11-15 20:27:26,865 [pool-569-thread-1] WARN  impl.MetricRegistriesImpl (MetricRegistriesImpl.java:lambda$create$1(61)) - First MetricRegistry has been created without registering reporters. You may need to call MetricRegistries.global().addReportRegistration(...) before.
2019-11-15 20:27:26,865 [pool-539-thread-1] WARN  impl.MetricRegistriesImpl (MetricRegistriesImpl.java:lambda$create$1(61)) - First MetricRegistry has been created without registering reporters. You may need to call MetricRegistries.global().addReportRegistration(...) before.
2019-11-15 20:27:26,868 [RatisPipelineUtilsThread] INFO  pipeline.PipelineStateManager (PipelineStateManager.java:addPipeline(55)) - Created pipeline Pipeline[ Id: 0708e2f2-ab90-456c-9498-321d9595df86, Nodes: 6d6ed0d9-a6ea-4ace-a9af-83891056ab32{ip: 192.168.157.201, host: pr-hdds-2514-unusedmethodparam-9qkq7-1267773169, networkLocation: /rack1, certSerialId: null}c767ecc1-97b1-4b32-a4b7-dad4991a192e{ip: 192.168.157.201, host: pr-hdds-2514-unusedmethodparam-9qkq7-1267773169, networkLocation: /rack1, certSerialId: null}ecb82392-9efc-4718-8957-302e66d96ccd{ip: 192.168.157.201, host: pr-hdds-2514-unusedmethodparam-9qkq7-1267773169, networkLocation: /rack1, certSerialId: null}, Type:RATIS, Factor:THREE, State:ALLOCATED]
2019-11-15 20:27:26,868 [Thread-4000] INFO  pipeline.PipelineStateManager (PipelineStateManager.java:finalizePipeline(121)) - Pipeline Pipeline[ Id: ef51d0a8-7d9d-45bd-9548-4afd00184592, Nodes: 0d66e4d5-0fe9-441c-84d0-b1903c285e78{ip: 192.168.157.201, host: pr-hdds-2514-unusedmethodparam-9qkq7-1267773169, networkLocation: /rack1, certSerialId: null}, Type:RATIS, Factor:ONE, State:CLOSED] moved to CLOSED state
2019-11-15 20:27:26,870 [grpc-default-executor-12] INFO  impl.RaftServerProxy (RaftServerProxy.java:remove(95)) - 0d66e4d5-0fe9-441c-84d0-b1903c285e78: remove    LEADER 0d66e4d5-0fe9-441c-84d0-b1903c285e78@group-4AFD00184592:t1, leader=0d66e4d5-0fe9-441c-84d0-b1903c285e78, voted=0d66e4d5-0fe9-441c-84d0-b1903c285e78, raftlog=0d66e4d5-0fe9-441c-84d0-b1903c285e78@group-4AFD00184592-SegmentedRaftLog:OPENED:c0,f0,i0, conf=0: [0d66e4d5-0fe9-441c-84d0-b1903c285e78:192.168.157.201:44210], old=null RUNNING
2019-11-15 20:27:26,870 [grpc-default-executor-12] INFO  impl.RaftServerImpl (RaftServerImpl.java:lambda$shutdown$3(250)) - 0d66e4d5-0fe9-441c-84d0-b1903c285e78@group-4AFD00184592: shutdown
2019-11-15 20:27:26,870 [grpc-default-executor-12] INFO  util.JmxRegister (JmxRegister.java:unregister(73)) - Successfully un-registered JMX Bean with object name Ratis:service=RaftServer,group=group-4AFD00184592,id=0d66e4d5-0fe9-441c-84d0-b1903c285e78
2019-11-15 20:27:26,871 [grpc-default-executor-12] INFO  impl.RoleInfo (RoleInfo.java:shutdownLeaderState(104)) - 0d66e4d5-0fe9-441c-84d0-b1903c285e78: shutdown LeaderState
2019-11-15 20:27:26,871 [grpc-default-executor-12] INFO  impl.PendingRequests (PendingRequests.java:sendNotLeaderResponses(206)) - 0d66e4d5-0fe9-441c-84d0-b1903c285e78@group-4AFD00184592-PendingRequests: sendNotLeaderResponses
2019-11-15 20:27:26,871 [grpc-default-executor-12] INFO  impl.StateMachineUpdater (StateMachineUpdater.java:stopAndJoin(136)) - 0d66e4d5-0fe9-441c-84d0-b1903c285e78@group-4AFD00184592-StateMachineUpdater: set stopIndex = 0
2019-11-15 20:27:26,871 [grpc-default-executor-12] INFO  impl.RaftServerImpl (ServerState.java:close(387)) - 0d66e4d5-0fe9-441c-84d0-b1903c285e78@group-4AFD00184592: closes. applyIndex: 0
2019-11-15 20:27:26,871 [0d66e4d5-0fe9-441c-84d0-b1903c285e78@group-4AFD00184592-SegmentedRaftLogWorker] INFO  segmented.SegmentedRaftLogWorker (SegmentedRaftLogWorker.java:run(316)) - 0d66e4d5-0fe9-441c-84d0-b1903c285e78@group-4AFD00184592-SegmentedRaftLogWorker was interrupted, exiting. There are 0 tasks remaining in the queue.
2019-11-15 20:27:26,871 [grpc-default-executor-12] INFO  segmented.SegmentedRaftLogWorker (SegmentedRaftLogWorker.java:close(224)) - 0d66e4d5-0fe9-441c-84d0-b1903c285e78@group-4AFD00184592-SegmentedRaftLogWorker close()
2019-11-15 20:27:26,887 [Thread-4000] INFO  pipeline.PipelineStateManager (PipelineStateManager.java:removePipeline(106)) - Pipeline Pipeline[ Id: ef51d0a8-7d9d-45bd-9548-4afd00184592, Nodes: 0d66e4d5-0fe9-441c-84d0-b1903c285e78{ip: 192.168.157.201, host: pr-hdds-2514-unusedmethodparam-9qkq7-1267773169, networkLocation: /rack1, certSerialId: null}, Type:RATIS, Factor:ONE, State:CLOSED] removed from db
2019-11-15 20:27:26,887 [Thread-4000] INFO  pipeline.SCMPipelineManager (SCMPipelineManager.java:finalizeAndDestroyPipeline(315)) - destroying pipeline:Pipeline[ Id: 33537000-145f-4b10-be9a-c518c791b6e8, Nodes: 4f10a0c5-c407-437d-ba7d-4ff51fc359eb{ip: 192.168.157.201, host: pr-hdds-2514-unusedmethodparam-9qkq7-1267773169, networkLocation: /rack1, certSerialId: null}, Type:RATIS, Factor:ONE, State:OPEN]
2019-11-15 20:27:26,889 [grpc-default-executor-12] INFO  impl.RaftServerProxy (RaftServerProxy.java:addNew(89)) - 0d66e4d5-0fe9-441c-84d0-b1903c285e78: addNew group-12E90F567056:[0d66e4d5-0fe9-441c-84d0-b1903c285e78:192.168.157.201:44210] returns group-12E90F567056:java.util.concurrent.CompletableFuture@59030215[Not completed]
2019-11-15 20:27:26,890 [pool-559-thread-1] INFO  impl.RaftServerImpl (RaftServerImpl.java:<init>(98)) - 0d66e4d5-0fe9-441c-84d0-b1903c285e78: new RaftServerImpl for group-12E90F567056:[0d66e4d5-0fe9-441c-84d0-b1903c285e78:192.168.157.201:44210] with ContainerStateMachine:uninitialized
2019-11-15 20:27:26,890 [pool-559-thread-1] INFO  server.RaftServerConfigKeys (ConfUtils.java:logGet(43)) - raft.server.rpc.timeout.min = 1s (custom)
2019-11-15 20:27:26,890 [pool-559-thread-1] INFO  server.RaftServerConfigKeys (ConfUtils.java:logGet(43)) - raft.server.rpc.timeout.max = 1200ms (custom)
2019-11-15 20:27:26,890 [pool-559-thread-1] INFO  server.RaftServerConfigKeys (ConfUtils.java:logGet(43)) - raft.server.rpcslowness.timeout = 120s (custom)
2019-11-15 20:27:26,891 [pool-559-thread-1] INFO  server.RaftServerConfigKeys (ConfUtils.java:logGet(43)) - raft.server.sleep.deviation.threshold = 300 (default)
2019-11-15 20:27:26,891 [pool-559-thread-1] INFO  server.RaftServerConfigKeys (ConfUtils.java:logGet(43)) - raft.server.log.appender.install.snapshot.enabled = false (custom)
2019-11-15 20:27:26,891 [pool-559-thread-1] INFO  impl.RaftServerImpl (ServerState.java:<init>(103)) - 0d66e4d5-0fe9-441c-84d0-b1903c285e78@group-12E90F567056: ConfigurationManager, init=-1: [0d66e4d5-0fe9-441c-84d0-b1903c285e78:192.168.157.201:44210], old=null, confs=<EMPTY_MAP>
2019-11-15 20:27:26,891 [pool-559-thread-1] INFO  server.RaftServerConfigKeys (ConfUtils.java:logGet(43)) - raft.server.storage.dir = [/workdir/hadoop-ozone/integration-test/target/test-dir/MiniOzoneClusterImpl-2baab228-4da8-45e4-8c00-c7e13f1dd389/datanode-5/data/ratis] (custom)
2019-11-15 20:27:26,891 [pool-559-thread-1] INFO  server.RaftServerConfigKeys (ConfUtils.java:logGet(43)) - raft.server.log.corruption.policy = EXCEPTION (default)
2019-11-15 20:27:26,891 [pool-559-thread-1] INFO  storage.RaftStorageDirectory (RaftStorageDirectory.java:analyzeStorage(246)) - The storage directory /workdir/hadoop-ozone/integration-test/target/test-dir/MiniOzoneClusterImpl-2baab228-4da8-45e4-8c00-c7e13f1dd389/datanode-5/data/ratis/98913ebd-4718-4fb8-9931-12e90f567056 does not exist. Creating ...
2019-11-15 20:27:26,904 [pool-559-thread-1] INFO  storage.RaftStorageDirectory (RaftStorageDirectory.java:tryLock(328)) - Lock on /workdir/hadoop-ozone/integration-test/target/test-dir/MiniOzoneClusterImpl-2baab228-4da8-45e4-8c00-c7e13f1dd389/datanode-5/data/ratis/98913ebd-4718-4fb8-9931-12e90f567056/in_use.lock acquired by nodename 9872@pr-hdds-2514-unusedmethodparam-9qkq7-1267773169
2019-11-15 20:27:26,917 [pool-559-thread-1] INFO  storage.RaftStorage (RaftStorage.java:format(84)) - Storage directory /workdir/hadoop-ozone/integration-test/target/test-dir/MiniOzoneClusterImpl-2baab228-4da8-45e4-8c00-c7e13f1dd389/datanode-5/data/ratis/98913ebd-4718-4fb8-9931-12e90f567056 has been successfully formatted.
2019-11-15 20:27:26,918 [pool-559-thread-1] INFO  ratis.ContainerStateMachine (ContainerStateMachine.java:loadSnapshot(223)) - group-12E90F567056: The snapshot info is null. Setting the last applied indexto:(t:0, i:~)
2019-11-15 20:27:26,918 [pool-559-thread-1] INFO  server.RaftServerConfigKeys (ConfUtils.java:logGet(43)) - raft.server.notification.no-leader.timeout = 120s (custom)
2019-11-15 20:27:26,918 [pool-559-thread-1] INFO  server.RaftServerConfigKeys (ConfUtils.java:logGet(43)) - raft.server.log.use.memory = false (default)
2019-11-15 20:27:26,918 [pool-559-thread-1] INFO  server.RaftServerConfigKeys (ConfUtils.java:logGet(43)) - raft.server.log.purge.gap = 1000000 (custom)
2019-11-15 20:27:26,918 [pool-559-thread-1] INFO  server.RaftServerConfigKeys (ConfUtils.java:logGet(43)) - raft.server.log.appender.buffer.byte-limit = 33554432 (custom)
2019-11-15 20:27:26,919 [pool-559-thread-1] INFO  server.RaftServerConfigKeys (ConfUtils.java:logGet(43)) - raft.server.log.segment.size.max = 1048576 (custom)
2019-11-15 20:27:26,919 [pool-559-thread-1] INFO  server.RaftServerConfigKeys (ConfUtils.java:logGet(43)) - raft.server.log.segment.cache.num.max = 2 (custom)
2019-11-15 20:27:26,919 [pool-559-thread-1] INFO  segmented.SegmentedRaftLogWorker (SegmentedRaftLogWorker.java:<init>(173)) - new 0d66e4d5-0fe9-441c-84d0-b1903c285e78@group-12E90F567056-SegmentedRaftLogWorker for RaftStorage:Storage Directory /workdir/hadoop-ozone/integration-test/target/test-dir/MiniOzoneClusterImpl-2baab228-4da8-45e4-8c00-c7e13f1dd389/datanode-5/data/ratis/98913ebd-4718-4fb8-9931-12e90f567056
2019-11-15 20:27:26,919 [pool-559-thread-1] INFO  server.RaftServerConfigKeys (ConfUtils.java:logGet(43)) - raft.server.log.queue.byte-limit = 2147483647 (custom)
2019-11-15 20:27:26,922 [pool-559-thread-1] INFO  server.RaftServerConfigKeys (ConfUtils.java:logGet(43)) - raft.server.log.queue.element-limit = 1024 (custom)
2019-11-15 20:27:26,922 [pool-559-thread-1] INFO  server.RaftServerConfigKeys (ConfUtils.java:logGet(43)) - raft.server.log.segment.size.max = 1048576 (custom)
2019-11-15 20:27:26,922 [pool-559-thread-1] INFO  server.RaftServerConfigKeys (ConfUtils.java:logGet(43)) - raft.server.log.preallocated.size = 16384 (custom)
2019-11-15 20:27:26,922 [pool-559-thread-1] INFO  server.RaftServerConfigKeys (ConfUtils.java:logGet(43)) - raft.server.log.write.buffer.size = 33554432 (custom)
2019-11-15 20:27:26,923 [pool-559-thread-1] INFO  server.RaftServerConfigKeys (ConfUtils.java:logGet(43)) - raft.server.log.force.sync.num = 128 (default)
2019-11-15 20:27:26,923 [pool-559-thread-1] INFO  server.RaftServerConfigKeys (ConfUtils.java:logGet(43)) - raft.server.log.statemachine.data.sync = true (default)
2019-11-15 20:27:26,923 [pool-559-thread-1] INFO  server.RaftServerConfigKeys (ConfUtils.java:logGet(43)) - raft.server.log.statemachine.data.sync.timeout = 10s (default)
2019-11-15 20:27:26,923 [pool-559-thread-1] INFO  server.RaftServerConfigKeys (ConfUtils.java:logGet(43)) - raft.server.log.statemachine.data.sync.timeout.retry = -1 (default)
2019-11-15 20:27:26,923 [pool-559-thread-1] INFO  server.RaftServerConfigKeys (ConfUtils.java:logGet(43)) - raft.server.log.statemachine.data.caching.enabled = true (custom)
2019-11-15 20:27:26,923 [pool-559-thread-1] INFO  segmented.SegmentedRaftLogWorker (SegmentedRaftLogWorker.java:lambda$new$0(128)) - 0d66e4d5-0fe9-441c-84d0-b1903c285e78@group-12E90F567056-SegmentedRaftLogWorker: flushIndex: setUnconditionally 0 -> -1
2019-11-15 20:27:26,923 [pool-559-thread-1] INFO  server.RaftServerConfigKeys (ConfUtils.java:logGet(43)) - raft.server.snapshot.auto.trigger.enabled = true (custom)
2019-11-15 20:27:26,924 [pool-559-thread-1] INFO  server.RaftServerConfigKeys (ConfUtils.java:logGet(43)) - raft.server.snapshot.auto.trigger.threshold = 10000 (custom)
2019-11-15 20:27:26,924 [pool-559-thread-1] INFO  server.RaftServerConfigKeys (ConfUtils.java:logGet(43)) - raft.server.snapshot.retention.file.num = 5 (custom)
2019-11-15 20:27:26,924 [pool-559-thread-1] INFO  server.RaftServerConfigKeys (ConfUtils.java:logGet(43)) - raft.server.retrycache.expirytime = 600000ms (custom)
2019-11-15 20:27:26,924 [pool-559-thread-1] WARN  impl.MetricRegistriesImpl (MetricRegistriesImpl.java:lambda$create$1(61)) - First MetricRegistry has been created without registering reporters. You may need to call MetricRegistries.global().addReportRegistration(...) before.
2019-11-15 20:27:26,924 [pool-559-thread-1] WARN  impl.MetricRegistriesImpl (MetricRegistriesImpl.java:lambda$create$1(61)) - First MetricRegistry has been created without registering reporters. You may need to call MetricRegistries.global().addReportRegistration(...) before.
2019-11-15 20:27:26,924 [pool-559-thread-1] INFO  impl.RaftServerImpl (RaftServerImpl.java:start(184)) - 0d66e4d5-0fe9-441c-84d0-b1903c285e78@group-12E90F567056: start as a follower, conf=-1: [0d66e4d5-0fe9-441c-84d0-b1903c285e78:192.168.157.201:44210], old=null
2019-11-15 20:27:26,924 [pool-559-thread-1] INFO  impl.RaftServerImpl (RaftServerImpl.java:setRole(173)) - 0d66e4d5-0fe9-441c-84d0-b1903c285e78@group-12E90F567056: changes role from      null to FOLLOWER at term 0 for startAsFollower
2019-11-15 20:27:26,925 [pool-559-thread-1] INFO  impl.RoleInfo (RoleInfo.java:updateAndGet(143)) - 0d66e4d5-0fe9-441c-84d0-b1903c285e78: start FollowerState
2019-11-15 20:27:26,925 [pool-559-thread-1] INFO  util.JmxRegister (JmxRegister.java:tryRegister(44)) - Successfully registered JMX Bean with object name Ratis:service=RaftServer,group=group-12E90F567056,id=0d66e4d5-0fe9-441c-84d0-b1903c285e78
2019-11-15 20:27:26,925 [pool-559-thread-1] WARN  impl.MetricRegistriesImpl (MetricRegistriesImpl.java:lambda$create$1(61)) - First MetricRegistry has been created without registering reporters. You may need to call MetricRegistries.global().addReportRegistration(...) before.
2019-11-15 20:27:26,926 [RatisPipelineUtilsThread] INFO  pipeline.PipelineStateManager (PipelineStateManager.java:addPipeline(55)) - Created pipeline Pipeline[ Id: 98913ebd-4718-4fb8-9931-12e90f567056, Nodes: 0d66e4d5-0fe9-441c-84d0-b1903c285e78{ip: 192.168.157.201, host: pr-hdds-2514-unusedmethodparam-9qkq7-1267773169, networkLocation: /rack1, certSerialId: null}, Type:RATIS, Factor:ONE, State:ALLOCATED]
2019-11-15 20:27:26,927 [Thread-4000] INFO  pipeline.PipelineStateManager (PipelineStateManager.java:finalizePipeline(121)) - Pipeline Pipeline[ Id: 33537000-145f-4b10-be9a-c518c791b6e8, Nodes: 4f10a0c5-c407-437d-ba7d-4ff51fc359eb{ip: 192.168.157.201, host: pr-hdds-2514-unusedmethodparam-9qkq7-1267773169, networkLocation: /rack1, certSerialId: null}, Type:RATIS, Factor:ONE, State:CLOSED] moved to CLOSED state
2019-11-15 20:27:26,929 [grpc-default-executor-8] INFO  impl.RaftServerProxy (RaftServerProxy.java:remove(95)) - 4f10a0c5-c407-437d-ba7d-4ff51fc359eb: remove    LEADER 4f10a0c5-c407-437d-ba7d-4ff51fc359eb@group-C518C791B6E8:t1, leader=4f10a0c5-c407-437d-ba7d-4ff51fc359eb, voted=4f10a0c5-c407-437d-ba7d-4ff51fc359eb, raftlog=4f10a0c5-c407-437d-ba7d-4ff51fc359eb@group-C518C791B6E8-SegmentedRaftLog:OPENED:c0,f0,i0, conf=0: [4f10a0c5-c407-437d-ba7d-4ff51fc359eb:192.168.157.201:40274], old=null RUNNING
2019-11-15 20:27:26,929 [grpc-default-executor-8] INFO  impl.RaftServerImpl (RaftServerImpl.java:lambda$shutdown$3(250)) - 4f10a0c5-c407-437d-ba7d-4ff51fc359eb@group-C518C791B6E8: shutdown
2019-11-15 20:27:26,929 [grpc-default-executor-8] INFO  util.JmxRegister (JmxRegister.java:unregister(73)) - Successfully un-registered JMX Bean with object name Ratis:service=RaftServer,group=group-C518C791B6E8,id=4f10a0c5-c407-437d-ba7d-4ff51fc359eb
2019-11-15 20:27:26,929 [grpc-default-executor-8] INFO  impl.RoleInfo (RoleInfo.java:shutdownLeaderState(104)) - 4f10a0c5-c407-437d-ba7d-4ff51fc359eb: shutdown LeaderState
2019-11-15 20:27:26,929 [grpc-default-executor-8] INFO  impl.PendingRequests (PendingRequests.java:sendNotLeaderResponses(206)) - 4f10a0c5-c407-437d-ba7d-4ff51fc359eb@group-C518C791B6E8-PendingRequests: sendNotLeaderResponses
2019-11-15 20:27:26,929 [grpc-default-executor-8] INFO  impl.StateMachineUpdater (StateMachineUpdater.java:stopAndJoin(136)) - 4f10a0c5-c407-437d-ba7d-4ff51fc359eb@group-C518C791B6E8-StateMachineUpdater: set stopIndex = 0
2019-11-15 20:27:26,929 [grpc-default-executor-8] INFO  impl.RaftServerImpl (ServerState.java:close(387)) - 4f10a0c5-c407-437d-ba7d-4ff51fc359eb@group-C518C791B6E8: closes. applyIndex: 0
2019-11-15 20:27:26,930 [4f10a0c5-c407-437d-ba7d-4ff51fc359eb@group-C518C791B6E8-SegmentedRaftLogWorker] INFO  segmented.SegmentedRaftLogWorker (SegmentedRaftLogWorker.java:run(316)) - 4f10a0c5-c407-437d-ba7d-4ff51fc359eb@group-C518C791B6E8-SegmentedRaftLogWorker was interrupted, exiting. There are 0 tasks remaining in the queue.
2019-11-15 20:27:26,952 [grpc-default-executor-8] INFO  segmented.SegmentedRaftLogWorker (SegmentedRaftLogWorker.java:close(224)) - 4f10a0c5-c407-437d-ba7d-4ff51fc359eb@group-C518C791B6E8-SegmentedRaftLogWorker close()
2019-11-15 20:27:26,957 [Thread-4000] INFO  pipeline.PipelineStateManager (PipelineStateManager.java:removePipeline(106)) - Pipeline Pipeline[ Id: 33537000-145f-4b10-be9a-c518c791b6e8, Nodes: 4f10a0c5-c407-437d-ba7d-4ff51fc359eb{ip: 192.168.157.201, host: pr-hdds-2514-unusedmethodparam-9qkq7-1267773169, networkLocation: /rack1, certSerialId: null}, Type:RATIS, Factor:ONE, State:CLOSED] removed from db
2019-11-15 20:27:26,957 [Thread-4000] INFO  pipeline.SCMPipelineManager (SCMPipelineManager.java:finalizeAndDestroyPipeline(315)) - destroying pipeline:Pipeline[ Id: 4718f69e-16a2-491f-be46-aca7c2194731, Nodes: c767ecc1-97b1-4b32-a4b7-dad4991a192e{ip: 192.168.157.201, host: pr-hdds-2514-unusedmethodparam-9qkq7-1267773169, networkLocation: /rack1, certSerialId: null}, Type:RATIS, Factor:ONE, State:OPEN]
2019-11-15 20:27:26,959 [grpc-default-executor-8] INFO  impl.RaftServerProxy (RaftServerProxy.java:addNew(89)) - 4f10a0c5-c407-437d-ba7d-4ff51fc359eb: addNew group-53EA7A161AB0:[4f10a0c5-c407-437d-ba7d-4ff51fc359eb:192.168.157.201:40274] returns group-53EA7A161AB0:java.util.concurrent.CompletableFuture@1d1f7a4e[Not completed]
2019-11-15 20:27:26,960 [pool-519-thread-1] INFO  impl.RaftServerImpl (RaftServerImpl.java:<init>(98)) - 4f10a0c5-c407-437d-ba7d-4ff51fc359eb: new RaftServerImpl for group-53EA7A161AB0:[4f10a0c5-c407-437d-ba7d-4ff51fc359eb:192.168.157.201:40274] with ContainerStateMachine:uninitialized
2019-11-15 20:27:26,960 [pool-519-thread-1] INFO  server.RaftServerConfigKeys (ConfUtils.java:logGet(43)) - raft.server.rpc.timeout.min = 1s (custom)
2019-11-15 20:27:26,960 [pool-519-thread-1] INFO  server.RaftServerConfigKeys (ConfUtils.java:logGet(43)) - raft.server.rpc.timeout.max = 1200ms (custom)
2019-11-15 20:27:26,960 [pool-519-thread-1] INFO  server.RaftServerConfigKeys (ConfUtils.java:logGet(43)) - raft.server.rpcslowness.timeout = 120s (custom)
2019-11-15 20:27:26,960 [pool-519-thread-1] INFO  server.RaftServerConfigKeys (ConfUtils.java:logGet(43)) - raft.server.sleep.deviation.threshold = 300 (default)
2019-11-15 20:27:26,960 [pool-519-thread-1] INFO  server.RaftServerConfigKeys (ConfUtils.java:logGet(43)) - raft.server.log.appender.install.snapshot.enabled = false (custom)
2019-11-15 20:27:26,960 [pool-519-thread-1] INFO  impl.RaftServerImpl (ServerState.java:<init>(103)) - 4f10a0c5-c407-437d-ba7d-4ff51fc359eb@group-53EA7A161AB0: ConfigurationManager, init=-1: [4f10a0c5-c407-437d-ba7d-4ff51fc359eb:192.168.157.201:40274], old=null, confs=<EMPTY_MAP>
2019-11-15 20:27:26,960 [pool-519-thread-1] INFO  server.RaftServerConfigKeys (ConfUtils.java:logGet(43)) - raft.server.storage.dir = [/workdir/hadoop-ozone/integration-test/target/test-dir/MiniOzoneClusterImpl-2baab228-4da8-45e4-8c00-c7e13f1dd389/datanode-1/data/ratis] (custom)
2019-11-15 20:27:26,960 [pool-519-thread-1] INFO  server.RaftServerConfigKeys (ConfUtils.java:logGet(43)) - raft.server.log.corruption.policy = EXCEPTION (default)
2019-11-15 20:27:26,961 [pool-519-thread-1] INFO  storage.RaftStorageDirectory (RaftStorageDirectory.java:analyzeStorage(246)) - The storage directory /workdir/hadoop-ozone/integration-test/target/test-dir/MiniOzoneClusterImpl-2baab228-4da8-45e4-8c00-c7e13f1dd389/datanode-1/data/ratis/9a17adb9-630c-458a-a430-53ea7a161ab0 does not exist. Creating ...
2019-11-15 20:27:26,995 [pool-519-thread-1] INFO  storage.RaftStorageDirectory (RaftStorageDirectory.java:tryLock(328)) - Lock on /workdir/hadoop-ozone/integration-test/target/test-dir/MiniOzoneClusterImpl-2baab228-4da8-45e4-8c00-c7e13f1dd389/datanode-1/data/ratis/9a17adb9-630c-458a-a430-53ea7a161ab0/in_use.lock acquired by nodename 9872@pr-hdds-2514-unusedmethodparam-9qkq7-1267773169
2019-11-15 20:27:27,021 [pool-519-thread-1] INFO  storage.RaftStorage (RaftStorage.java:format(84)) - Storage directory /workdir/hadoop-ozone/integration-test/target/test-dir/MiniOzoneClusterImpl-2baab228-4da8-45e4-8c00-c7e13f1dd389/datanode-1/data/ratis/9a17adb9-630c-458a-a430-53ea7a161ab0 has been successfully formatted.
2019-11-15 20:27:27,021 [pool-519-thread-1] INFO  ratis.ContainerStateMachine (ContainerStateMachine.java:loadSnapshot(223)) - group-53EA7A161AB0: The snapshot info is null. Setting the last applied indexto:(t:0, i:~)
2019-11-15 20:27:27,021 [pool-519-thread-1] INFO  server.RaftServerConfigKeys (ConfUtils.java:logGet(43)) - raft.server.notification.no-leader.timeout = 120s (custom)
2019-11-15 20:27:27,021 [pool-519-thread-1] INFO  server.RaftServerConfigKeys (ConfUtils.java:logGet(43)) - raft.server.log.use.memory = false (default)
2019-11-15 20:27:27,021 [pool-519-thread-1] INFO  server.RaftServerConfigKeys (ConfUtils.java:logGet(43)) - raft.server.log.purge.gap = 1000000 (custom)
2019-11-15 20:27:27,021 [pool-519-thread-1] INFO  server.RaftServerConfigKeys (ConfUtils.java:logGet(43)) - raft.server.log.appender.buffer.byte-limit = 33554432 (custom)
2019-11-15 20:27:27,022 [pool-519-thread-1] INFO  server.RaftServerConfigKeys (ConfUtils.java:logGet(43)) - raft.server.log.segment.size.max = 1048576 (custom)
2019-11-15 20:27:27,022 [pool-519-thread-1] INFO  server.RaftServerConfigKeys (ConfUtils.java:logGet(43)) - raft.server.log.segment.cache.num.max = 2 (custom)
2019-11-15 20:27:27,022 [pool-519-thread-1] INFO  segmented.SegmentedRaftLogWorker (SegmentedRaftLogWorker.java:<init>(173)) - new 4f10a0c5-c407-437d-ba7d-4ff51fc359eb@group-53EA7A161AB0-SegmentedRaftLogWorker for RaftStorage:Storage Directory /workdir/hadoop-ozone/integration-test/target/test-dir/MiniOzoneClusterImpl-2baab228-4da8-45e4-8c00-c7e13f1dd389/datanode-1/data/ratis/9a17adb9-630c-458a-a430-53ea7a161ab0
2019-11-15 20:27:27,022 [pool-519-thread-1] INFO  server.RaftServerConfigKeys (ConfUtils.java:logGet(43)) - raft.server.log.queue.byte-limit = 2147483647 (custom)
2019-11-15 20:27:27,022 [pool-519-thread-1] INFO  server.RaftServerConfigKeys (ConfUtils.java:logGet(43)) - raft.server.log.queue.element-limit = 1024 (custom)
2019-11-15 20:27:27,022 [pool-519-thread-1] INFO  server.RaftServerConfigKeys (ConfUtils.java:logGet(43)) - raft.server.log.segment.size.max = 1048576 (custom)
2019-11-15 20:27:27,022 [pool-519-thread-1] INFO  server.RaftServerConfigKeys (ConfUtils.java:logGet(43)) - raft.server.log.preallocated.size = 16384 (custom)
2019-11-15 20:27:27,022 [pool-519-thread-1] INFO  server.RaftServerConfigKeys (ConfUtils.java:logGet(43)) - raft.server.log.write.buffer.size = 33554432 (custom)
2019-11-15 20:27:27,022 [pool-519-thread-1] INFO  server.RaftServerConfigKeys (ConfUtils.java:logGet(43)) - raft.server.log.force.sync.num = 128 (default)
2019-11-15 20:27:27,023 [pool-519-thread-1] INFO  server.RaftServerConfigKeys (ConfUtils.java:logGet(43)) - raft.server.log.statemachine.data.sync = true (default)
2019-11-15 20:27:27,023 [pool-519-thread-1] INFO  server.RaftServerConfigKeys (ConfUtils.java:logGet(43)) - raft.server.log.statemachine.data.sync.timeout = 10s (default)
2019-11-15 20:27:27,023 [pool-519-thread-1] INFO  server.RaftServerConfigKeys (ConfUtils.java:logGet(43)) - raft.server.log.statemachine.data.sync.timeout.retry = -1 (default)
2019-11-15 20:27:27,023 [pool-519-thread-1] INFO  server.RaftServerConfigKeys (ConfUtils.java:logGet(43)) - raft.server.log.statemachine.data.caching.enabled = true (custom)
2019-11-15 20:27:27,023 [pool-519-thread-1] INFO  segmented.SegmentedRaftLogWorker (SegmentedRaftLogWorker.java:lambda$new$0(128)) - 4f10a0c5-c407-437d-ba7d-4ff51fc359eb@group-53EA7A161AB0-SegmentedRaftLogWorker: flushIndex: setUnconditionally 0 -> -1
2019-11-15 20:27:27,023 [pool-519-thread-1] INFO  server.RaftServerConfigKeys (ConfUtils.java:logGet(43)) - raft.server.snapshot.auto.trigger.enabled = true (custom)
2019-11-15 20:27:27,023 [pool-519-thread-1] INFO  server.RaftServerConfigKeys (ConfUtils.java:logGet(43)) - raft.server.snapshot.auto.trigger.threshold = 10000 (custom)
2019-11-15 20:27:27,023 [pool-519-thread-1] INFO  server.RaftServerConfigKeys (ConfUtils.java:logGet(43)) - raft.server.snapshot.retention.file.num = 5 (custom)
2019-11-15 20:27:27,023 [pool-519-thread-1] INFO  server.RaftServerConfigKeys (ConfUtils.java:logGet(43)) - raft.server.retrycache.expirytime = 600000ms (custom)
2019-11-15 20:27:27,024 [pool-519-thread-1] WARN  impl.MetricRegistriesImpl (MetricRegistriesImpl.java:lambda$create$1(61)) - First MetricRegistry has been created without registering reporters. You may need to call MetricRegistries.global().addReportRegistration(...) before.
2019-11-15 20:27:27,024 [pool-519-thread-1] WARN  impl.MetricRegistriesImpl (MetricRegistriesImpl.java:lambda$create$1(61)) - First MetricRegistry has been created without registering reporters. You may need to call MetricRegistries.global().addReportRegistration(...) before.
2019-11-15 20:27:27,024 [pool-519-thread-1] INFO  impl.RaftServerImpl (RaftServerImpl.java:start(184)) - 4f10a0c5-c407-437d-ba7d-4ff51fc359eb@group-53EA7A161AB0: start as a follower, conf=-1: [4f10a0c5-c407-437d-ba7d-4ff51fc359eb:192.168.157.201:40274], old=null
2019-11-15 20:27:27,024 [pool-519-thread-1] INFO  impl.RaftServerImpl (RaftServerImpl.java:setRole(173)) - 4f10a0c5-c407-437d-ba7d-4ff51fc359eb@group-53EA7A161AB0: changes role from      null to FOLLOWER at term 0 for startAsFollower
2019-11-15 20:27:27,024 [pool-519-thread-1] INFO  impl.RoleInfo (RoleInfo.java:updateAndGet(143)) - 4f10a0c5-c407-437d-ba7d-4ff51fc359eb: start FollowerState
2019-11-15 20:27:27,024 [pool-519-thread-1] INFO  util.JmxRegister (JmxRegister.java:tryRegister(44)) - Successfully registered JMX Bean with object name Ratis:service=RaftServer,group=group-53EA7A161AB0,id=4f10a0c5-c407-437d-ba7d-4ff51fc359eb
2019-11-15 20:27:27,024 [pool-519-thread-1] WARN  impl.MetricRegistriesImpl (MetricRegistriesImpl.java:lambda$create$1(61)) - First MetricRegistry has been created without registering reporters. You may need to call MetricRegistries.global().addReportRegistration(...) before.
2019-11-15 20:27:27,033 [RatisPipelineUtilsThread] INFO  pipeline.PipelineStateManager (PipelineStateManager.java:addPipeline(55)) - Created pipeline Pipeline[ Id: 9a17adb9-630c-458a-a430-53ea7a161ab0, Nodes: 4f10a0c5-c407-437d-ba7d-4ff51fc359eb{ip: 192.168.157.201, host: pr-hdds-2514-unusedmethodparam-9qkq7-1267773169, networkLocation: /rack1, certSerialId: null}, Type:RATIS, Factor:ONE, State:ALLOCATED]
2019-11-15 20:27:27,034 [Thread-4000] INFO  pipeline.PipelineStateManager (PipelineStateManager.java:finalizePipeline(121)) - Pipeline Pipeline[ Id: 4718f69e-16a2-491f-be46-aca7c2194731, Nodes: c767ecc1-97b1-4b32-a4b7-dad4991a192e{ip: 192.168.157.201, host: pr-hdds-2514-unusedmethodparam-9qkq7-1267773169, networkLocation: /rack1, certSerialId: null}, Type:RATIS, Factor:ONE, State:CLOSED] moved to CLOSED state
2019-11-15 20:27:27,036 [grpc-default-executor-8] INFO  impl.RaftServerProxy (RaftServerProxy.java:remove(95)) - c767ecc1-97b1-4b32-a4b7-dad4991a192e: remove    LEADER c767ecc1-97b1-4b32-a4b7-dad4991a192e@group-ACA7C2194731:t1, leader=c767ecc1-97b1-4b32-a4b7-dad4991a192e, voted=c767ecc1-97b1-4b32-a4b7-dad4991a192e, raftlog=c767ecc1-97b1-4b32-a4b7-dad4991a192e@group-ACA7C2194731-SegmentedRaftLog:OPENED:c0,f0,i0, conf=0: [c767ecc1-97b1-4b32-a4b7-dad4991a192e:192.168.157.201:43389], old=null RUNNING
2019-11-15 20:27:27,037 [grpc-default-executor-8] INFO  impl.RaftServerImpl (RaftServerImpl.java:lambda$shutdown$3(250)) - c767ecc1-97b1-4b32-a4b7-dad4991a192e@group-ACA7C2194731: shutdown
2019-11-15 20:27:27,037 [grpc-default-executor-8] INFO  util.JmxRegister (JmxRegister.java:unregister(73)) - Successfully un-registered JMX Bean with object name Ratis:service=RaftServer,group=group-ACA7C2194731,id=c767ecc1-97b1-4b32-a4b7-dad4991a192e
2019-11-15 20:27:27,037 [grpc-default-executor-8] INFO  impl.RoleInfo (RoleInfo.java:shutdownLeaderState(104)) - c767ecc1-97b1-4b32-a4b7-dad4991a192e: shutdown LeaderState
2019-11-15 20:27:27,037 [grpc-default-executor-8] INFO  impl.PendingRequests (PendingRequests.java:sendNotLeaderResponses(206)) - c767ecc1-97b1-4b32-a4b7-dad4991a192e@group-ACA7C2194731-PendingRequests: sendNotLeaderResponses
2019-11-15 20:27:27,037 [grpc-default-executor-8] INFO  impl.StateMachineUpdater (StateMachineUpdater.java:stopAndJoin(136)) - c767ecc1-97b1-4b32-a4b7-dad4991a192e@group-ACA7C2194731-StateMachineUpdater: set stopIndex = 0
2019-11-15 20:27:27,038 [grpc-default-executor-8] INFO  impl.RaftServerImpl (ServerState.java:close(387)) - c767ecc1-97b1-4b32-a4b7-dad4991a192e@group-ACA7C2194731: closes. applyIndex: 0
2019-11-15 20:27:27,038 [c767ecc1-97b1-4b32-a4b7-dad4991a192e@group-ACA7C2194731-SegmentedRaftLogWorker] INFO  segmented.SegmentedRaftLogWorker (SegmentedRaftLogWorker.java:run(316)) - c767ecc1-97b1-4b32-a4b7-dad4991a192e@group-ACA7C2194731-SegmentedRaftLogWorker was interrupted, exiting. There are 0 tasks remaining in the queue.
2019-11-15 20:27:27,046 [grpc-default-executor-8] INFO  segmented.SegmentedRaftLogWorker (SegmentedRaftLogWorker.java:close(224)) - c767ecc1-97b1-4b32-a4b7-dad4991a192e@group-ACA7C2194731-SegmentedRaftLogWorker close()
2019-11-15 20:27:27,051 [Thread-4000] INFO  pipeline.PipelineStateManager (PipelineStateManager.java:removePipeline(106)) - Pipeline Pipeline[ Id: 4718f69e-16a2-491f-be46-aca7c2194731, Nodes: c767ecc1-97b1-4b32-a4b7-dad4991a192e{ip: 192.168.157.201, host: pr-hdds-2514-unusedmethodparam-9qkq7-1267773169, networkLocation: /rack1, certSerialId: null}, Type:RATIS, Factor:ONE, State:CLOSED] removed from db
2019-11-15 20:27:27,051 [Thread-4000] INFO  pipeline.SCMPipelineManager (SCMPipelineManager.java:finalizeAndDestroyPipeline(315)) - destroying pipeline:Pipeline[ Id: 245c4589-b35f-4e99-9a42-1e634fa8f36e, Nodes: 95354d75-8d68-42fd-a60f-edc5fe17909c{ip: 192.168.157.201, host: pr-hdds-2514-unusedmethodparam-9qkq7-1267773169, networkLocation: /rack1, certSerialId: null}d8d3f8ae-ceeb-4228-b266-44fc60f7c1eb{ip: 192.168.157.201, host: pr-hdds-2514-unusedmethodparam-9qkq7-1267773169, networkLocation: /rack1, certSerialId: null}4f10a0c5-c407-437d-ba7d-4ff51fc359eb{ip: 192.168.157.201, host: pr-hdds-2514-unusedmethodparam-9qkq7-1267773169, networkLocation: /rack1, certSerialId: null}, Type:RATIS, Factor:THREE, State:OPEN]
2019-11-15 20:27:27,054 [grpc-default-executor-8] INFO  impl.RaftServerProxy (RaftServerProxy.java:addNew(89)) - c767ecc1-97b1-4b32-a4b7-dad4991a192e: addNew group-591691CAB653:[c767ecc1-97b1-4b32-a4b7-dad4991a192e:192.168.157.201:43389] returns group-591691CAB653:java.util.concurrent.CompletableFuture@4985063e[Not completed]
2019-11-15 20:27:27,056 [pool-549-thread-1] INFO  impl.RaftServerImpl (RaftServerImpl.java:<init>(98)) - c767ecc1-97b1-4b32-a4b7-dad4991a192e: new RaftServerImpl for group-591691CAB653:[c767ecc1-97b1-4b32-a4b7-dad4991a192e:192.168.157.201:43389] with ContainerStateMachine:uninitialized
2019-11-15 20:27:27,056 [pool-549-thread-1] INFO  server.RaftServerConfigKeys (ConfUtils.java:logGet(43)) - raft.server.rpc.timeout.min = 1s (custom)
2019-11-15 20:27:27,056 [pool-549-thread-1] INFO  server.RaftServerConfigKeys (ConfUtils.java:logGet(43)) - raft.server.rpc.timeout.max = 1200ms (custom)
2019-11-15 20:27:27,056 [pool-549-thread-1] INFO  server.RaftServerConfigKeys (ConfUtils.java:logGet(43)) - raft.server.rpcslowness.timeout = 120s (custom)
2019-11-15 20:27:27,056 [pool-549-thread-1] INFO  server.RaftServerConfigKeys (ConfUtils.java:logGet(43)) - raft.server.sleep.deviation.threshold = 300 (default)
2019-11-15 20:27:27,056 [pool-549-thread-1] INFO  server.RaftServerConfigKeys (ConfUtils.java:logGet(43)) - raft.server.log.appender.install.snapshot.enabled = false (custom)
2019-11-15 20:27:27,057 [pool-549-thread-1] INFO  impl.RaftServerImpl (ServerState.java:<init>(103)) - c767ecc1-97b1-4b32-a4b7-dad4991a192e@group-591691CAB653: ConfigurationManager, init=-1: [c767ecc1-97b1-4b32-a4b7-dad4991a192e:192.168.157.201:43389], old=null, confs=<EMPTY_MAP>
2019-11-15 20:27:27,057 [pool-549-thread-1] INFO  server.RaftServerConfigKeys (ConfUtils.java:logGet(43)) - raft.server.storage.dir = [/workdir/hadoop-ozone/integration-test/target/test-dir/MiniOzoneClusterImpl-2baab228-4da8-45e4-8c00-c7e13f1dd389/datanode-4/data/ratis] (custom)
2019-11-15 20:27:27,063 [pool-549-thread-1] INFO  server.RaftServerConfigKeys (ConfUtils.java:logGet(43)) - raft.server.log.corruption.policy = EXCEPTION (default)
2019-11-15 20:27:27,063 [pool-549-thread-1] INFO  storage.RaftStorageDirectory (RaftStorageDirectory.java:analyzeStorage(246)) - The storage directory /workdir/hadoop-ozone/integration-test/target/test-dir/MiniOzoneClusterImpl-2baab228-4da8-45e4-8c00-c7e13f1dd389/datanode-4/data/ratis/46bacd26-f3e5-4df4-b6da-591691cab653 does not exist. Creating ...
2019-11-15 20:27:27,089 [pool-549-thread-1] INFO  storage.RaftStorageDirectory (RaftStorageDirectory.java:tryLock(328)) - Lock on /workdir/hadoop-ozone/integration-test/target/test-dir/MiniOzoneClusterImpl-2baab228-4da8-45e4-8c00-c7e13f1dd389/datanode-4/data/ratis/46bacd26-f3e5-4df4-b6da-591691cab653/in_use.lock acquired by nodename 9872@pr-hdds-2514-unusedmethodparam-9qkq7-1267773169
2019-11-15 20:27:27,106 [pool-549-thread-1] INFO  storage.RaftStorage (RaftStorage.java:format(84)) - Storage directory /workdir/hadoop-ozone/integration-test/target/test-dir/MiniOzoneClusterImpl-2baab228-4da8-45e4-8c00-c7e13f1dd389/datanode-4/data/ratis/46bacd26-f3e5-4df4-b6da-591691cab653 has been successfully formatted.
2019-11-15 20:27:27,107 [pool-549-thread-1] INFO  ratis.ContainerStateMachine (ContainerStateMachine.java:loadSnapshot(223)) - group-591691CAB653: The snapshot info is null. Setting the last applied indexto:(t:0, i:~)
2019-11-15 20:27:27,107 [pool-549-thread-1] INFO  server.RaftServerConfigKeys (ConfUtils.java:logGet(43)) - raft.server.notification.no-leader.timeout = 120s (custom)
2019-11-15 20:27:27,107 [pool-549-thread-1] INFO  server.RaftServerConfigKeys (ConfUtils.java:logGet(43)) - raft.server.log.use.memory = false (default)
2019-11-15 20:27:27,107 [pool-549-thread-1] INFO  server.RaftServerConfigKeys (ConfUtils.java:logGet(43)) - raft.server.log.purge.gap = 1000000 (custom)
2019-11-15 20:27:27,107 [pool-549-thread-1] INFO  server.RaftServerConfigKeys (ConfUtils.java:logGet(43)) - raft.server.log.appender.buffer.byte-limit = 33554432 (custom)
2019-11-15 20:27:27,107 [pool-549-thread-1] INFO  server.RaftServerConfigKeys (ConfUtils.java:logGet(43)) - raft.server.log.segment.size.max = 1048576 (custom)
2019-11-15 20:27:27,108 [pool-549-thread-1] INFO  server.RaftServerConfigKeys (ConfUtils.java:logGet(43)) - raft.server.log.segment.cache.num.max = 2 (custom)
2019-11-15 20:27:27,108 [pool-549-thread-1] INFO  segmented.SegmentedRaftLogWorker (SegmentedRaftLogWorker.java:<init>(173)) - new c767ecc1-97b1-4b32-a4b7-dad4991a192e@group-591691CAB653-SegmentedRaftLogWorker for RaftStorage:Storage Directory /workdir/hadoop-ozone/integration-test/target/test-dir/MiniOzoneClusterImpl-2baab228-4da8-45e4-8c00-c7e13f1dd389/datanode-4/data/ratis/46bacd26-f3e5-4df4-b6da-591691cab653
2019-11-15 20:27:27,108 [pool-549-thread-1] INFO  server.RaftServerConfigKeys (ConfUtils.java:logGet(43)) - raft.server.log.queue.byte-limit = 2147483647 (custom)
2019-11-15 20:27:27,108 [pool-549-thread-1] INFO  server.RaftServerConfigKeys (ConfUtils.java:logGet(43)) - raft.server.log.queue.element-limit = 1024 (custom)
2019-11-15 20:27:27,108 [pool-549-thread-1] INFO  server.RaftServerConfigKeys (ConfUtils.java:logGet(43)) - raft.server.log.segment.size.max = 1048576 (custom)
2019-11-15 20:27:27,108 [pool-549-thread-1] INFO  server.RaftServerConfigKeys (ConfUtils.java:logGet(43)) - raft.server.log.preallocated.size = 16384 (custom)
2019-11-15 20:27:27,108 [pool-549-thread-1] INFO  server.RaftServerConfigKeys (ConfUtils.java:logGet(43)) - raft.server.log.write.buffer.size = 33554432 (custom)
2019-11-15 20:27:27,108 [pool-549-thread-1] INFO  server.RaftServerConfigKeys (ConfUtils.java:logGet(43)) - raft.server.log.force.sync.num = 128 (default)
2019-11-15 20:27:27,108 [pool-549-thread-1] INFO  server.RaftServerConfigKeys (ConfUtils.java:logGet(43)) - raft.server.log.statemachine.data.sync = true (default)
2019-11-15 20:27:27,108 [pool-549-thread-1] INFO  server.RaftServerConfigKeys (ConfUtils.java:logGet(43)) - raft.server.log.statemachine.data.sync.timeout = 10s (default)
2019-11-15 20:27:27,108 [pool-549-thread-1] INFO  server.RaftServerConfigKeys (ConfUtils.java:logGet(43)) - raft.server.log.statemachine.data.sync.timeout.retry = -1 (default)
2019-11-15 20:27:27,108 [pool-549-thread-1] INFO  server.RaftServerConfigKeys (ConfUtils.java:logGet(43)) - raft.server.log.statemachine.data.caching.enabled = true (custom)
2019-11-15 20:27:27,116 [pool-549-thread-1] INFO  segmented.SegmentedRaftLogWorker (SegmentedRaftLogWorker.java:lambda$new$0(128)) - c767ecc1-97b1-4b32-a4b7-dad4991a192e@group-591691CAB653-SegmentedRaftLogWorker: flushIndex: setUnconditionally 0 -> -1
2019-11-15 20:27:27,116 [pool-549-thread-1] INFO  server.RaftServerConfigKeys (ConfUtils.java:logGet(43)) - raft.server.snapshot.auto.trigger.enabled = true (custom)
2019-11-15 20:27:27,116 [pool-549-thread-1] INFO  server.RaftServerConfigKeys (ConfUtils.java:logGet(43)) - raft.server.snapshot.auto.trigger.threshold = 10000 (custom)
2019-11-15 20:27:27,116 [pool-549-thread-1] INFO  server.RaftServerConfigKeys (ConfUtils.java:logGet(43)) - raft.server.snapshot.retention.file.num = 5 (custom)
2019-11-15 20:27:27,117 [pool-549-thread-1] INFO  server.RaftServerConfigKeys (ConfUtils.java:logGet(43)) - raft.server.retrycache.expirytime = 600000ms (custom)
2019-11-15 20:27:27,117 [pool-549-thread-1] WARN  impl.MetricRegistriesImpl (MetricRegistriesImpl.java:lambda$create$1(61)) - First MetricRegistry has been created without registering reporters. You may need to call MetricRegistries.global().addReportRegistration(...) before.
2019-11-15 20:27:27,117 [pool-549-thread-1] WARN  impl.MetricRegistriesImpl (MetricRegistriesImpl.java:lambda$create$1(61)) - First MetricRegistry has been created without registering reporters. You may need to call MetricRegistries.global().addReportRegistration(...) before.
2019-11-15 20:27:27,117 [pool-549-thread-1] INFO  impl.RaftServerImpl (RaftServerImpl.java:start(184)) - c767ecc1-97b1-4b32-a4b7-dad4991a192e@group-591691CAB653: start as a follower, conf=-1: [c767ecc1-97b1-4b32-a4b7-dad4991a192e:192.168.157.201:43389], old=null
2019-11-15 20:27:27,117 [pool-549-thread-1] INFO  impl.RaftServerImpl (RaftServerImpl.java:setRole(173)) - c767ecc1-97b1-4b32-a4b7-dad4991a192e@group-591691CAB653: changes role from      null to FOLLOWER at term 0 for startAsFollower
2019-11-15 20:27:27,117 [pool-549-thread-1] INFO  impl.RoleInfo (RoleInfo.java:updateAndGet(143)) - c767ecc1-97b1-4b32-a4b7-dad4991a192e: start FollowerState
2019-11-15 20:27:27,117 [pool-549-thread-1] INFO  util.JmxRegister (JmxRegister.java:tryRegister(44)) - Successfully registered JMX Bean with object name Ratis:service=RaftServer,group=group-591691CAB653,id=c767ecc1-97b1-4b32-a4b7-dad4991a192e
2019-11-15 20:27:27,117 [pool-549-thread-1] WARN  impl.MetricRegistriesImpl (MetricRegistriesImpl.java:lambda$create$1(61)) - First MetricRegistry has been created without registering reporters. You may need to call MetricRegistries.global().addReportRegistration(...) before.
2019-11-15 20:27:27,120 [RatisPipelineUtilsThread] INFO  pipeline.PipelineStateManager (PipelineStateManager.java:addPipeline(55)) - Created pipeline Pipeline[ Id: 46bacd26-f3e5-4df4-b6da-591691cab653, Nodes: c767ecc1-97b1-4b32-a4b7-dad4991a192e{ip: 192.168.157.201, host: pr-hdds-2514-unusedmethodparam-9qkq7-1267773169, networkLocation: /rack1, certSerialId: null}, Type:RATIS, Factor:ONE, State:ALLOCATED]
2019-11-15 20:27:27,120 [Thread-4000] INFO  pipeline.PipelineStateManager (PipelineStateManager.java:finalizePipeline(121)) - Pipeline Pipeline[ Id: 245c4589-b35f-4e99-9a42-1e634fa8f36e, Nodes: 95354d75-8d68-42fd-a60f-edc5fe17909c{ip: 192.168.157.201, host: pr-hdds-2514-unusedmethodparam-9qkq7-1267773169, networkLocation: /rack1, certSerialId: null}d8d3f8ae-ceeb-4228-b266-44fc60f7c1eb{ip: 192.168.157.201, host: pr-hdds-2514-unusedmethodparam-9qkq7-1267773169, networkLocation: /rack1, certSerialId: null}4f10a0c5-c407-437d-ba7d-4ff51fc359eb{ip: 192.168.157.201, host: pr-hdds-2514-unusedmethodparam-9qkq7-1267773169, networkLocation: /rack1, certSerialId: null}, Type:RATIS, Factor:THREE, State:CLOSED] moved to CLOSED state
2019-11-15 20:27:27,125 [grpc-default-executor-8] INFO  impl.RaftServerProxy (RaftServerProxy.java:remove(95)) - 95354d75-8d68-42fd-a60f-edc5fe17909c: remove  FOLLOWER 95354d75-8d68-42fd-a60f-edc5fe17909c@group-1E634FA8F36E:t1, leader=d8d3f8ae-ceeb-4228-b266-44fc60f7c1eb, voted=95354d75-8d68-42fd-a60f-edc5fe17909c, raftlog=95354d75-8d68-42fd-a60f-edc5fe17909c@group-1E634FA8F36E-SegmentedRaftLog:OPENED:c0,f0,i0, conf=0: [4f10a0c5-c407-437d-ba7d-4ff51fc359eb:192.168.157.201:40274, d8d3f8ae-ceeb-4228-b266-44fc60f7c1eb:192.168.157.201:44849, 95354d75-8d68-42fd-a60f-edc5fe17909c:192.168.157.201:38687], old=null RUNNING
2019-11-15 20:27:27,125 [grpc-default-executor-8] INFO  impl.RaftServerImpl (RaftServerImpl.java:lambda$shutdown$3(250)) - 95354d75-8d68-42fd-a60f-edc5fe17909c@group-1E634FA8F36E: shutdown
2019-11-15 20:27:27,125 [grpc-default-executor-8] INFO  util.JmxRegister (JmxRegister.java:unregister(73)) - Successfully un-registered JMX Bean with object name Ratis:service=RaftServer,group=group-1E634FA8F36E,id=95354d75-8d68-42fd-a60f-edc5fe17909c
2019-11-15 20:27:27,125 [grpc-default-executor-8] INFO  impl.RoleInfo (RoleInfo.java:shutdownFollowerState(121)) - 95354d75-8d68-42fd-a60f-edc5fe17909c: shutdown FollowerState
2019-11-15 20:27:27,125 [grpc-default-executor-8] INFO  impl.StateMachineUpdater (StateMachineUpdater.java:stopAndJoin(136)) - 95354d75-8d68-42fd-a60f-edc5fe17909c@group-1E634FA8F36E-StateMachineUpdater: set stopIndex = 0
2019-11-15 20:27:27,125 [Thread-4072] INFO  impl.FollowerState (FollowerState.java:run(120)) - 95354d75-8d68-42fd-a60f-edc5fe17909c@group-1E634FA8F36E-FollowerState was interrupted: java.lang.InterruptedException: sleep interrupted
2019-11-15 20:27:27,125 [grpc-default-executor-8] INFO  impl.RaftServerImpl (ServerState.java:close(387)) - 95354d75-8d68-42fd-a60f-edc5fe17909c@group-1E634FA8F36E: closes. applyIndex: 0
2019-11-15 20:27:27,126 [95354d75-8d68-42fd-a60f-edc5fe17909c@group-1E634FA8F36E-SegmentedRaftLogWorker] INFO  segmented.SegmentedRaftLogWorker (SegmentedRaftLogWorker.java:run(316)) - 95354d75-8d68-42fd-a60f-edc5fe17909c@group-1E634FA8F36E-SegmentedRaftLogWorker was interrupted, exiting. There are 0 tasks remaining in the queue.
2019-11-15 20:27:27,126 [grpc-default-executor-8] INFO  segmented.SegmentedRaftLogWorker (SegmentedRaftLogWorker.java:close(224)) - 95354d75-8d68-42fd-a60f-edc5fe17909c@group-1E634FA8F36E-SegmentedRaftLogWorker close()
2019-11-15 20:27:27,130 [grpc-default-executor-8] INFO  impl.RaftServerProxy (RaftServerProxy.java:remove(95)) - d8d3f8ae-ceeb-4228-b266-44fc60f7c1eb: remove    LEADER d8d3f8ae-ceeb-4228-b266-44fc60f7c1eb@group-1E634FA8F36E:t1, leader=d8d3f8ae-ceeb-4228-b266-44fc60f7c1eb, voted=d8d3f8ae-ceeb-4228-b266-44fc60f7c1eb, raftlog=d8d3f8ae-ceeb-4228-b266-44fc60f7c1eb@group-1E634FA8F36E-SegmentedRaftLog:OPENED:c0,f0,i0, conf=0: [4f10a0c5-c407-437d-ba7d-4ff51fc359eb:192.168.157.201:40274, d8d3f8ae-ceeb-4228-b266-44fc60f7c1eb:192.168.157.201:44849, 95354d75-8d68-42fd-a60f-edc5fe17909c:192.168.157.201:38687], old=null RUNNING
2019-11-15 20:27:27,130 [grpc-default-executor-8] INFO  impl.RaftServerImpl (RaftServerImpl.java:lambda$shutdown$3(250)) - d8d3f8ae-ceeb-4228-b266-44fc60f7c1eb@group-1E634FA8F36E: shutdown
2019-11-15 20:27:27,131 [grpc-default-executor-8] INFO  util.JmxRegister (JmxRegister.java:unregister(73)) - Successfully un-registered JMX Bean with object name Ratis:service=RaftServer,group=group-1E634FA8F36E,id=d8d3f8ae-ceeb-4228-b266-44fc60f7c1eb
2019-11-15 20:27:27,131 [grpc-default-executor-8] INFO  impl.RoleInfo (RoleInfo.java:shutdownLeaderState(104)) - d8d3f8ae-ceeb-4228-b266-44fc60f7c1eb: shutdown LeaderState
2019-11-15 20:27:27,139 [grpc-default-executor-8] INFO  impl.PendingRequests (PendingRequests.java:sendNotLeaderResponses(206)) - d8d3f8ae-ceeb-4228-b266-44fc60f7c1eb@group-1E634FA8F36E-PendingRequests: sendNotLeaderResponses
2019-11-15 20:27:27,139 [org.apache.ratis.server.impl.LogAppender$AppenderDaemon$$Lambda$425/1230114949@1a0f9bcc] WARN  server.GrpcLogAppender (GrpcLogAppender.java:mayWait(151)) - d8d3f8ae-ceeb-4228-b266-44fc60f7c1eb@group-1E634FA8F36E->95354d75-8d68-42fd-a60f-edc5fe17909c-GrpcLogAppender: Wait interrupted by java.lang.InterruptedException
2019-11-15 20:27:27,139 [org.apache.ratis.server.impl.LogAppender$AppenderDaemon$$Lambda$425/1230114949@5f0d1e49] WARN  server.GrpcLogAppender (GrpcLogAppender.java:mayWait(151)) - d8d3f8ae-ceeb-4228-b266-44fc60f7c1eb@group-1E634FA8F36E->4f10a0c5-c407-437d-ba7d-4ff51fc359eb-GrpcLogAppender: Wait interrupted by java.lang.InterruptedException
2019-11-15 20:27:27,139 [grpc-default-executor-8] INFO  impl.StateMachineUpdater (StateMachineUpdater.java:stopAndJoin(136)) - d8d3f8ae-ceeb-4228-b266-44fc60f7c1eb@group-1E634FA8F36E-StateMachineUpdater: set stopIndex = 0
2019-11-15 20:27:27,139 [grpc-default-executor-10] INFO  server.GrpcServerProtocolService (GrpcServerProtocolService.java:onCompleted(113)) - 95354d75-8d68-42fd-a60f-edc5fe17909c: Completed APPEND_ENTRIES, lastRequest: d8d3f8ae-ceeb-4228-b266-44fc60f7c1eb->95354d75-8d68-42fd-a60f-edc5fe17909c#5-t1, previous=(t:1, i:0), leaderCommit=0, initializing? false, entries: <empty>
2019-11-15 20:27:27,139 [grpc-default-executor-12] INFO  server.GrpcServerProtocolService (GrpcServerProtocolService.java:onCompleted(113)) - 4f10a0c5-c407-437d-ba7d-4ff51fc359eb: Completed APPEND_ENTRIES, lastRequest: d8d3f8ae-ceeb-4228-b266-44fc60f7c1eb->4f10a0c5-c407-437d-ba7d-4ff51fc359eb#5-t1, previous=(t:1, i:0), leaderCommit=0, initializing? false, entries: <empty>
2019-11-15 20:27:27,139 [grpc-default-executor-8] INFO  impl.RaftServerImpl (ServerState.java:close(387)) - d8d3f8ae-ceeb-4228-b266-44fc60f7c1eb@group-1E634FA8F36E: closes. applyIndex: 0
2019-11-15 20:27:27,140 [grpc-default-executor-10] INFO  server.GrpcLogAppender (GrpcLogAppender.java:onCompleted(308)) - d8d3f8ae-ceeb-4228-b266-44fc60f7c1eb@group-1E634FA8F36E->95354d75-8d68-42fd-a60f-edc5fe17909c-AppendLogResponseHandler: follower responses appendEntries COMPLETED
2019-11-15 20:27:27,140 [grpc-default-executor-12] INFO  server.GrpcLogAppender (GrpcLogAppender.java:onCompleted(308)) - d8d3f8ae-ceeb-4228-b266-44fc60f7c1eb@group-1E634FA8F36E->4f10a0c5-c407-437d-ba7d-4ff51fc359eb-AppendLogResponseHandler: follower responses appendEntries COMPLETED
2019-11-15 20:27:27,140 [d8d3f8ae-ceeb-4228-b266-44fc60f7c1eb@group-1E634FA8F36E-SegmentedRaftLogWorker] INFO  segmented.SegmentedRaftLogWorker (SegmentedRaftLogWorker.java:run(316)) - d8d3f8ae-ceeb-4228-b266-44fc60f7c1eb@group-1E634FA8F36E-SegmentedRaftLogWorker was interrupted, exiting. There are 0 tasks remaining in the queue.
2019-11-15 20:27:27,140 [grpc-default-executor-10] INFO  impl.FollowerInfo (FollowerInfo.java:lambda$new$0(51)) - d8d3f8ae-ceeb-4228-b266-44fc60f7c1eb@group-1E634FA8F36E->95354d75-8d68-42fd-a60f-edc5fe17909c: nextIndex: updateUnconditionally 1 -> 0
2019-11-15 20:27:27,140 [grpc-default-executor-8] INFO  segmented.SegmentedRaftLogWorker (SegmentedRaftLogWorker.java:close(224)) - d8d3f8ae-ceeb-4228-b266-44fc60f7c1eb@group-1E634FA8F36E-SegmentedRaftLogWorker close()
2019-11-15 20:27:27,140 [grpc-default-executor-12] INFO  impl.FollowerInfo (FollowerInfo.java:lambda$new$0(51)) - d8d3f8ae-ceeb-4228-b266-44fc60f7c1eb@group-1E634FA8F36E->4f10a0c5-c407-437d-ba7d-4ff51fc359eb: nextIndex: updateUnconditionally 1 -> 0
2019-11-15 20:27:27,157 [grpc-default-executor-8] INFO  impl.RaftServerProxy (RaftServerProxy.java:remove(95)) - 4f10a0c5-c407-437d-ba7d-4ff51fc359eb: remove  FOLLOWER 4f10a0c5-c407-437d-ba7d-4ff51fc359eb@group-1E634FA8F36E:t1, leader=d8d3f8ae-ceeb-4228-b266-44fc60f7c1eb, voted=d8d3f8ae-ceeb-4228-b266-44fc60f7c1eb, raftlog=4f10a0c5-c407-437d-ba7d-4ff51fc359eb@group-1E634FA8F36E-SegmentedRaftLog:OPENED:c0,f0,i0, conf=0: [4f10a0c5-c407-437d-ba7d-4ff51fc359eb:192.168.157.201:40274, d8d3f8ae-ceeb-4228-b266-44fc60f7c1eb:192.168.157.201:44849, 95354d75-8d68-42fd-a60f-edc5fe17909c:192.168.157.201:38687], old=null RUNNING
2019-11-15 20:27:27,157 [grpc-default-executor-8] INFO  impl.RaftServerImpl (RaftServerImpl.java:lambda$shutdown$3(250)) - 4f10a0c5-c407-437d-ba7d-4ff51fc359eb@group-1E634FA8F36E: shutdown
2019-11-15 20:27:27,158 [grpc-default-executor-8] INFO  util.JmxRegister (JmxRegister.java:unregister(73)) - Successfully un-registered JMX Bean with object name Ratis:service=RaftServer,group=group-1E634FA8F36E,id=4f10a0c5-c407-437d-ba7d-4ff51fc359eb
2019-11-15 20:27:27,158 [grpc-default-executor-8] INFO  impl.RoleInfo (RoleInfo.java:shutdownFollowerState(121)) - 4f10a0c5-c407-437d-ba7d-4ff51fc359eb: shutdown FollowerState
2019-11-15 20:27:27,158 [Thread-4068] INFO  impl.FollowerState (FollowerState.java:run(120)) - 4f10a0c5-c407-437d-ba7d-4ff51fc359eb@group-1E634FA8F36E-FollowerState was interrupted: java.lang.InterruptedException: sleep interrupted
2019-11-15 20:27:27,158 [grpc-default-executor-8] INFO  impl.StateMachineUpdater (StateMachineUpdater.java:stopAndJoin(136)) - 4f10a0c5-c407-437d-ba7d-4ff51fc359eb@group-1E634FA8F36E-StateMachineUpdater: set stopIndex = 0
2019-11-15 20:27:27,158 [grpc-default-executor-8] INFO  impl.RaftServerImpl (ServerState.java:close(387)) - 4f10a0c5-c407-437d-ba7d-4ff51fc359eb@group-1E634FA8F36E: closes. applyIndex: 0
2019-11-15 20:27:27,158 [4f10a0c5-c407-437d-ba7d-4ff51fc359eb@group-1E634FA8F36E-SegmentedRaftLogWorker] INFO  segmented.SegmentedRaftLogWorker (SegmentedRaftLogWorker.java:run(316)) - 4f10a0c5-c407-437d-ba7d-4ff51fc359eb@group-1E634FA8F36E-SegmentedRaftLogWorker was interrupted, exiting. There are 0 tasks remaining in the queue.
2019-11-15 20:27:27,167 [grpc-default-executor-8] INFO  segmented.SegmentedRaftLogWorker (SegmentedRaftLogWorker.java:close(224)) - 4f10a0c5-c407-437d-ba7d-4ff51fc359eb@group-1E634FA8F36E-SegmentedRaftLogWorker close()
2019-11-15 20:27:27,172 [Thread-4000] INFO  pipeline.PipelineStateManager (PipelineStateManager.java:removePipeline(106)) - Pipeline Pipeline[ Id: 245c4589-b35f-4e99-9a42-1e634fa8f36e, Nodes: 95354d75-8d68-42fd-a60f-edc5fe17909c{ip: 192.168.157.201, host: pr-hdds-2514-unusedmethodparam-9qkq7-1267773169, networkLocation: /rack1, certSerialId: null}d8d3f8ae-ceeb-4228-b266-44fc60f7c1eb{ip: 192.168.157.201, host: pr-hdds-2514-unusedmethodparam-9qkq7-1267773169, networkLocation: /rack1, certSerialId: null}4f10a0c5-c407-437d-ba7d-4ff51fc359eb{ip: 192.168.157.201, host: pr-hdds-2514-unusedmethodparam-9qkq7-1267773169, networkLocation: /rack1, certSerialId: null}, Type:RATIS, Factor:THREE, State:CLOSED] removed from db
2019-11-15 20:27:27,173 [Thread-4000] INFO  pipeline.SCMPipelineManager (SCMPipelineManager.java:finalizeAndDestroyPipeline(315)) - destroying pipeline:Pipeline[ Id: 8c60cc58-66c3-456d-88ae-807648084630, Nodes: 77a687a8-07fe-464e-b0f2-03532ede599a{ip: 192.168.157.201, host: pr-hdds-2514-unusedmethodparam-9qkq7-1267773169, networkLocation: /rack1, certSerialId: null}, Type:RATIS, Factor:ONE, State:OPEN]
2019-11-15 20:27:27,187 [grpc-default-executor-10] INFO  impl.RaftServerProxy (RaftServerProxy.java:addNew(89)) - 95354d75-8d68-42fd-a60f-edc5fe17909c: addNew group-62B4F8A0C489:[4e9d79cc-0455-427e-951d-7d9146a76d5d:192.168.157.201:45301, d8d3f8ae-ceeb-4228-b266-44fc60f7c1eb:192.168.157.201:44849, 95354d75-8d68-42fd-a60f-edc5fe17909c:192.168.157.201:38687] returns group-62B4F8A0C489:java.util.concurrent.CompletableFuture@39622914[Not completed]
2019-11-15 20:27:27,187 [grpc-default-executor-8] INFO  impl.RaftServerProxy (RaftServerProxy.java:addNew(89)) - 4e9d79cc-0455-427e-951d-7d9146a76d5d: addNew group-62B4F8A0C489:[4e9d79cc-0455-427e-951d-7d9146a76d5d:192.168.157.201:45301, d8d3f8ae-ceeb-4228-b266-44fc60f7c1eb:192.168.157.201:44849, 95354d75-8d68-42fd-a60f-edc5fe17909c:192.168.157.201:38687] returns group-62B4F8A0C489:java.util.concurrent.CompletableFuture@3d5e45c0[Not completed]
2019-11-15 20:27:27,187 [grpc-default-executor-12] INFO  impl.RaftServerProxy (RaftServerProxy.java:addNew(89)) - d8d3f8ae-ceeb-4228-b266-44fc60f7c1eb: addNew group-62B4F8A0C489:[4e9d79cc-0455-427e-951d-7d9146a76d5d:192.168.157.201:45301, d8d3f8ae-ceeb-4228-b266-44fc60f7c1eb:192.168.157.201:44849, 95354d75-8d68-42fd-a60f-edc5fe17909c:192.168.157.201:38687] returns group-62B4F8A0C489:java.util.concurrent.CompletableFuture@7d003d56[Not completed]
2019-11-15 20:27:27,188 [pool-509-thread-1] INFO  impl.RaftServerImpl (RaftServerImpl.java:<init>(98)) - 95354d75-8d68-42fd-a60f-edc5fe17909c: new RaftServerImpl for group-62B4F8A0C489:[4e9d79cc-0455-427e-951d-7d9146a76d5d:192.168.157.201:45301, d8d3f8ae-ceeb-4228-b266-44fc60f7c1eb:192.168.157.201:44849, 95354d75-8d68-42fd-a60f-edc5fe17909c:192.168.157.201:38687] with ContainerStateMachine:uninitialized
2019-11-15 20:27:27,188 [pool-509-thread-1] INFO  server.RaftServerConfigKeys (ConfUtils.java:logGet(43)) - raft.server.rpc.timeout.min = 1s (custom)
2019-11-15 20:27:27,188 [pool-509-thread-1] INFO  server.RaftServerConfigKeys (ConfUtils.java:logGet(43)) - raft.server.rpc.timeout.max = 1200ms (custom)
2019-11-15 20:27:27,188 [pool-509-thread-1] INFO  server.RaftServerConfigKeys (ConfUtils.java:logGet(43)) - raft.server.rpcslowness.timeout = 120s (custom)
2019-11-15 20:27:27,189 [pool-509-thread-1] INFO  server.RaftServerConfigKeys (ConfUtils.java:logGet(43)) - raft.server.sleep.deviation.threshold = 300 (default)
2019-11-15 20:27:27,189 [pool-509-thread-1] INFO  server.RaftServerConfigKeys (ConfUtils.java:logGet(43)) - raft.server.log.appender.install.snapshot.enabled = false (custom)
2019-11-15 20:27:27,189 [pool-509-thread-1] INFO  impl.RaftServerImpl (ServerState.java:<init>(103)) - 95354d75-8d68-42fd-a60f-edc5fe17909c@group-62B4F8A0C489: ConfigurationManager, init=-1: [4e9d79cc-0455-427e-951d-7d9146a76d5d:192.168.157.201:45301, d8d3f8ae-ceeb-4228-b266-44fc60f7c1eb:192.168.157.201:44849, 95354d75-8d68-42fd-a60f-edc5fe17909c:192.168.157.201:38687], old=null, confs=<EMPTY_MAP>
2019-11-15 20:27:27,189 [pool-509-thread-1] INFO  server.RaftServerConfigKeys (ConfUtils.java:logGet(43)) - raft.server.storage.dir = [/workdir/hadoop-ozone/integration-test/target/test-dir/MiniOzoneClusterImpl-2baab228-4da8-45e4-8c00-c7e13f1dd389/datanode-0/data/ratis] (custom)
2019-11-15 20:27:27,189 [pool-509-thread-1] INFO  server.RaftServerConfigKeys (ConfUtils.java:logGet(43)) - raft.server.log.corruption.policy = EXCEPTION (default)
2019-11-15 20:27:27,189 [pool-529-thread-1] INFO  impl.RaftServerImpl (RaftServerImpl.java:<init>(98)) - d8d3f8ae-ceeb-4228-b266-44fc60f7c1eb: new RaftServerImpl for group-62B4F8A0C489:[4e9d79cc-0455-427e-951d-7d9146a76d5d:192.168.157.201:45301, d8d3f8ae-ceeb-4228-b266-44fc60f7c1eb:192.168.157.201:44849, 95354d75-8d68-42fd-a60f-edc5fe17909c:192.168.157.201:38687] with ContainerStateMachine:uninitialized
2019-11-15 20:27:27,189 [pool-509-thread-1] INFO  storage.RaftStorageDirectory (RaftStorageDirectory.java:analyzeStorage(246)) - The storage directory /workdir/hadoop-ozone/integration-test/target/test-dir/MiniOzoneClusterImpl-2baab228-4da8-45e4-8c00-c7e13f1dd389/datanode-0/data/ratis/931d7a6e-f65c-467e-9eba-62b4f8a0c489 does not exist. Creating ...
2019-11-15 20:27:27,189 [pool-529-thread-1] INFO  server.RaftServerConfigKeys (ConfUtils.java:logGet(43)) - raft.server.rpc.timeout.min = 1s (custom)
2019-11-15 20:27:27,190 [pool-529-thread-1] INFO  server.RaftServerConfigKeys (ConfUtils.java:logGet(43)) - raft.server.rpc.timeout.max = 1200ms (custom)
2019-11-15 20:27:27,190 [pool-529-thread-1] INFO  server.RaftServerConfigKeys (ConfUtils.java:logGet(43)) - raft.server.rpcslowness.timeout = 120s (custom)
2019-11-15 20:27:27,190 [pool-529-thread-1] INFO  server.RaftServerConfigKeys (ConfUtils.java:logGet(43)) - raft.server.sleep.deviation.threshold = 300 (default)
2019-11-15 20:27:27,190 [pool-529-thread-1] INFO  server.RaftServerConfigKeys (ConfUtils.java:logGet(43)) - raft.server.log.appender.install.snapshot.enabled = false (custom)
2019-11-15 20:27:27,190 [pool-599-thread-1] INFO  impl.RaftServerImpl (RaftServerImpl.java:<init>(98)) - 4e9d79cc-0455-427e-951d-7d9146a76d5d: new RaftServerImpl for group-62B4F8A0C489:[4e9d79cc-0455-427e-951d-7d9146a76d5d:192.168.157.201:45301, d8d3f8ae-ceeb-4228-b266-44fc60f7c1eb:192.168.157.201:44849, 95354d75-8d68-42fd-a60f-edc5fe17909c:192.168.157.201:38687] with ContainerStateMachine:uninitialized
2019-11-15 20:27:27,190 [pool-529-thread-1] INFO  impl.RaftServerImpl (ServerState.java:<init>(103)) - d8d3f8ae-ceeb-4228-b266-44fc60f7c1eb@group-62B4F8A0C489: ConfigurationManager, init=-1: [4e9d79cc-0455-427e-951d-7d9146a76d5d:192.168.157.201:45301, d8d3f8ae-ceeb-4228-b266-44fc60f7c1eb:192.168.157.201:44849, 95354d75-8d68-42fd-a60f-edc5fe17909c:192.168.157.201:38687], old=null, confs=<EMPTY_MAP>
2019-11-15 20:27:27,190 [pool-599-thread-1] INFO  server.RaftServerConfigKeys (ConfUtils.java:logGet(43)) - raft.server.rpc.timeout.min = 1s (custom)
2019-11-15 20:27:27,190 [pool-529-thread-1] INFO  server.RaftServerConfigKeys (ConfUtils.java:logGet(43)) - raft.server.storage.dir = [/workdir/hadoop-ozone/integration-test/target/test-dir/MiniOzoneClusterImpl-2baab228-4da8-45e4-8c00-c7e13f1dd389/datanode-2/data/ratis] (custom)
2019-11-15 20:27:27,190 [pool-599-thread-1] INFO  server.RaftServerConfigKeys (ConfUtils.java:logGet(43)) - raft.server.rpc.timeout.max = 1200ms (custom)
2019-11-15 20:27:27,190 [pool-599-thread-1] INFO  server.RaftServerConfigKeys (ConfUtils.java:logGet(43)) - raft.server.rpcslowness.timeout = 120s (custom)
2019-11-15 20:27:27,190 [pool-529-thread-1] INFO  server.RaftServerConfigKeys (ConfUtils.java:logGet(43)) - raft.server.log.corruption.policy = EXCEPTION (default)
2019-11-15 20:27:27,191 [pool-599-thread-1] INFO  server.RaftServerConfigKeys (ConfUtils.java:logGet(43)) - raft.server.sleep.deviation.threshold = 300 (default)
2019-11-15 20:27:27,191 [pool-529-thread-1] INFO  storage.RaftStorageDirectory (RaftStorageDirectory.java:analyzeStorage(246)) - The storage directory /workdir/hadoop-ozone/integration-test/target/test-dir/MiniOzoneClusterImpl-2baab228-4da8-45e4-8c00-c7e13f1dd389/datanode-2/data/ratis/931d7a6e-f65c-467e-9eba-62b4f8a0c489 does not exist. Creating ...
2019-11-15 20:27:27,191 [pool-599-thread-1] INFO  server.RaftServerConfigKeys (ConfUtils.java:logGet(43)) - raft.server.log.appender.install.snapshot.enabled = false (custom)
2019-11-15 20:27:27,191 [pool-599-thread-1] INFO  impl.RaftServerImpl (ServerState.java:<init>(103)) - 4e9d79cc-0455-427e-951d-7d9146a76d5d@group-62B4F8A0C489: ConfigurationManager, init=-1: [4e9d79cc-0455-427e-951d-7d9146a76d5d:192.168.157.201:45301, d8d3f8ae-ceeb-4228-b266-44fc60f7c1eb:192.168.157.201:44849, 95354d75-8d68-42fd-a60f-edc5fe17909c:192.168.157.201:38687], old=null, confs=<EMPTY_MAP>
2019-11-15 20:27:27,191 [pool-599-thread-1] INFO  server.RaftServerConfigKeys (ConfUtils.java:logGet(43)) - raft.server.storage.dir = [/workdir/hadoop-ozone/integration-test/target/test-dir/MiniOzoneClusterImpl-2baab228-4da8-45e4-8c00-c7e13f1dd389/datanode-9/data/ratis] (custom)
2019-11-15 20:27:27,191 [pool-599-thread-1] INFO  server.RaftServerConfigKeys (ConfUtils.java:logGet(43)) - raft.server.log.corruption.policy = EXCEPTION (default)
2019-11-15 20:27:27,191 [pool-599-thread-1] INFO  storage.RaftStorageDirectory (RaftStorageDirectory.java:analyzeStorage(246)) - The storage directory /workdir/hadoop-ozone/integration-test/target/test-dir/MiniOzoneClusterImpl-2baab228-4da8-45e4-8c00-c7e13f1dd389/datanode-9/data/ratis/931d7a6e-f65c-467e-9eba-62b4f8a0c489 does not exist. Creating ...
2019-11-15 20:27:27,208 [pool-509-thread-1] INFO  storage.RaftStorageDirectory (RaftStorageDirectory.java:tryLock(328)) - Lock on /workdir/hadoop-ozone/integration-test/target/test-dir/MiniOzoneClusterImpl-2baab228-4da8-45e4-8c00-c7e13f1dd389/datanode-0/data/ratis/931d7a6e-f65c-467e-9eba-62b4f8a0c489/in_use.lock acquired by nodename 9872@pr-hdds-2514-unusedmethodparam-9qkq7-1267773169
2019-11-15 20:27:27,208 [pool-599-thread-1] INFO  storage.RaftStorageDirectory (RaftStorageDirectory.java:tryLock(328)) - Lock on /workdir/hadoop-ozone/integration-test/target/test-dir/MiniOzoneClusterImpl-2baab228-4da8-45e4-8c00-c7e13f1dd389/datanode-9/data/ratis/931d7a6e-f65c-467e-9eba-62b4f8a0c489/in_use.lock acquired by nodename 9872@pr-hdds-2514-unusedmethodparam-9qkq7-1267773169
2019-11-15 20:27:27,208 [pool-529-thread-1] INFO  storage.RaftStorageDirectory (RaftStorageDirectory.java:tryLock(328)) - Lock on /workdir/hadoop-ozone/integration-test/target/test-dir/MiniOzoneClusterImpl-2baab228-4da8-45e4-8c00-c7e13f1dd389/datanode-2/data/ratis/931d7a6e-f65c-467e-9eba-62b4f8a0c489/in_use.lock acquired by nodename 9872@pr-hdds-2514-unusedmethodparam-9qkq7-1267773169
2019-11-15 20:27:27,242 [pool-509-thread-1] INFO  storage.RaftStorage (RaftStorage.java:format(84)) - Storage directory /workdir/hadoop-ozone/integration-test/target/test-dir/MiniOzoneClusterImpl-2baab228-4da8-45e4-8c00-c7e13f1dd389/datanode-0/data/ratis/931d7a6e-f65c-467e-9eba-62b4f8a0c489 has been successfully formatted.
2019-11-15 20:27:27,243 [pool-529-thread-1] INFO  storage.RaftStorage (RaftStorage.java:format(84)) - Storage directory /workdir/hadoop-ozone/integration-test/target/test-dir/MiniOzoneClusterImpl-2baab228-4da8-45e4-8c00-c7e13f1dd389/datanode-2/data/ratis/931d7a6e-f65c-467e-9eba-62b4f8a0c489 has been successfully formatted.
2019-11-15 20:27:27,243 [pool-509-thread-1] INFO  ratis.ContainerStateMachine (ContainerStateMachine.java:loadSnapshot(223)) - group-62B4F8A0C489: The snapshot info is null. Setting the last applied indexto:(t:0, i:~)
2019-11-15 20:27:27,243 [pool-509-thread-1] INFO  server.RaftServerConfigKeys (ConfUtils.java:logGet(43)) - raft.server.notification.no-leader.timeout = 120s (custom)
2019-11-15 20:27:27,243 [pool-529-thread-1] INFO  ratis.ContainerStateMachine (ContainerStateMachine.java:loadSnapshot(223)) - group-62B4F8A0C489: The snapshot info is null. Setting the last applied indexto:(t:0, i:~)
2019-11-15 20:27:27,243 [pool-509-thread-1] INFO  server.RaftServerConfigKeys (ConfUtils.java:logGet(43)) - raft.server.log.use.memory = false (default)
2019-11-15 20:27:27,243 [pool-599-thread-1] INFO  storage.RaftStorage (RaftStorage.java:format(84)) - Storage directory /workdir/hadoop-ozone/integration-test/target/test-dir/MiniOzoneClusterImpl-2baab228-4da8-45e4-8c00-c7e13f1dd389/datanode-9/data/ratis/931d7a6e-f65c-467e-9eba-62b4f8a0c489 has been successfully formatted.
2019-11-15 20:27:27,244 [pool-599-thread-1] INFO  ratis.ContainerStateMachine (ContainerStateMachine.java:loadSnapshot(223)) - group-62B4F8A0C489: The snapshot info is null. Setting the last applied indexto:(t:0, i:~)
2019-11-15 20:27:27,244 [pool-599-thread-1] INFO  server.RaftServerConfigKeys (ConfUtils.java:logGet(43)) - raft.server.notification.no-leader.timeout = 120s (custom)
2019-11-15 20:27:27,244 [pool-599-thread-1] INFO  server.RaftServerConfigKeys (ConfUtils.java:logGet(43)) - raft.server.log.use.memory = false (default)
2019-11-15 20:27:27,244 [pool-599-thread-1] INFO  server.RaftServerConfigKeys (ConfUtils.java:logGet(43)) - raft.server.log.purge.gap = 1000000 (custom)
2019-11-15 20:27:27,245 [pool-599-thread-1] INFO  server.RaftServerConfigKeys (ConfUtils.java:logGet(43)) - raft.server.log.appender.buffer.byte-limit = 33554432 (custom)
2019-11-15 20:27:27,245 [pool-599-thread-1] INFO  server.RaftServerConfigKeys (ConfUtils.java:logGet(43)) - raft.server.log.segment.size.max = 1048576 (custom)
2019-11-15 20:27:27,243 [pool-529-thread-1] INFO  server.RaftServerConfigKeys (ConfUtils.java:logGet(43)) - raft.server.notification.no-leader.timeout = 120s (custom)
2019-11-15 20:27:27,245 [pool-599-thread-1] INFO  server.RaftServerConfigKeys (ConfUtils.java:logGet(43)) - raft.server.log.segment.cache.num.max = 2 (custom)
2019-11-15 20:27:27,243 [pool-509-thread-1] INFO  server.RaftServerConfigKeys (ConfUtils.java:logGet(43)) - raft.server.log.purge.gap = 1000000 (custom)
2019-11-15 20:27:27,245 [pool-509-thread-1] INFO  server.RaftServerConfigKeys (ConfUtils.java:logGet(43)) - raft.server.log.appender.buffer.byte-limit = 33554432 (custom)
2019-11-15 20:27:27,246 [pool-509-thread-1] INFO  server.RaftServerConfigKeys (ConfUtils.java:logGet(43)) - raft.server.log.segment.size.max = 1048576 (custom)
2019-11-15 20:27:27,246 [pool-509-thread-1] INFO  server.RaftServerConfigKeys (ConfUtils.java:logGet(43)) - raft.server.log.segment.cache.num.max = 2 (custom)
2019-11-15 20:27:27,246 [pool-509-thread-1] INFO  segmented.SegmentedRaftLogWorker (SegmentedRaftLogWorker.java:<init>(173)) - new 95354d75-8d68-42fd-a60f-edc5fe17909c@group-62B4F8A0C489-SegmentedRaftLogWorker for RaftStorage:Storage Directory /workdir/hadoop-ozone/integration-test/target/test-dir/MiniOzoneClusterImpl-2baab228-4da8-45e4-8c00-c7e13f1dd389/datanode-0/data/ratis/931d7a6e-f65c-467e-9eba-62b4f8a0c489
2019-11-15 20:27:27,246 [pool-509-thread-1] INFO  server.RaftServerConfigKeys (ConfUtils.java:logGet(43)) - raft.server.log.queue.byte-limit = 2147483647 (custom)
2019-11-15 20:27:27,246 [pool-509-thread-1] INFO  server.RaftServerConfigKeys (ConfUtils.java:logGet(43)) - raft.server.log.queue.element-limit = 1024 (custom)
2019-11-15 20:27:27,246 [pool-509-thread-1] INFO  server.RaftServerConfigKeys (ConfUtils.java:logGet(43)) - raft.server.log.segment.size.max = 1048576 (custom)
2019-11-15 20:27:27,246 [pool-509-thread-1] INFO  server.RaftServerConfigKeys (ConfUtils.java:logGet(43)) - raft.server.log.preallocated.size = 16384 (custom)
2019-11-15 20:27:27,246 [pool-509-thread-1] INFO  server.RaftServerConfigKeys (ConfUtils.java:logGet(43)) - raft.server.log.write.buffer.size = 33554432 (custom)
2019-11-15 20:27:27,246 [pool-509-thread-1] INFO  server.RaftServerConfigKeys (ConfUtils.java:logGet(43)) - raft.server.log.force.sync.num = 128 (default)
2019-11-15 20:27:27,246 [pool-509-thread-1] INFO  server.RaftServerConfigKeys (ConfUtils.java:logGet(43)) - raft.server.log.statemachine.data.sync = true (default)
2019-11-15 20:27:27,246 [pool-509-thread-1] INFO  server.RaftServerConfigKeys (ConfUtils.java:logGet(43)) - raft.server.log.statemachine.data.sync.timeout = 10s (default)
2019-11-15 20:27:27,246 [pool-509-thread-1] INFO  server.RaftServerConfigKeys (ConfUtils.java:logGet(43)) - raft.server.log.statemachine.data.sync.timeout.retry = -1 (default)
2019-11-15 20:27:27,247 [pool-509-thread-1] INFO  server.RaftServerConfigKeys (ConfUtils.java:logGet(43)) - raft.server.log.statemachine.data.caching.enabled = true (custom)
2019-11-15 20:27:27,247 [pool-509-thread-1] INFO  segmented.SegmentedRaftLogWorker (SegmentedRaftLogWorker.java:lambda$new$0(128)) - 95354d75-8d68-42fd-a60f-edc5fe17909c@group-62B4F8A0C489-SegmentedRaftLogWorker: flushIndex: setUnconditionally 0 -> -1
2019-11-15 20:27:27,245 [pool-599-thread-1] INFO  segmented.SegmentedRaftLogWorker (SegmentedRaftLogWorker.java:<init>(173)) - new 4e9d79cc-0455-427e-951d-7d9146a76d5d@group-62B4F8A0C489-SegmentedRaftLogWorker for RaftStorage:Storage Directory /workdir/hadoop-ozone/integration-test/target/test-dir/MiniOzoneClusterImpl-2baab228-4da8-45e4-8c00-c7e13f1dd389/datanode-9/data/ratis/931d7a6e-f65c-467e-9eba-62b4f8a0c489
2019-11-15 20:27:27,245 [pool-529-thread-1] INFO  server.RaftServerConfigKeys (ConfUtils.java:logGet(43)) - raft.server.log.use.memory = false (default)
2019-11-15 20:27:27,247 [pool-599-thread-1] INFO  server.RaftServerConfigKeys (ConfUtils.java:logGet(43)) - raft.server.log.queue.byte-limit = 2147483647 (custom)
2019-11-15 20:27:27,247 [pool-599-thread-1] INFO  server.RaftServerConfigKeys (ConfUtils.java:logGet(43)) - raft.server.log.queue.element-limit = 1024 (custom)
2019-11-15 20:27:27,247 [pool-509-thread-1] INFO  server.RaftServerConfigKeys (ConfUtils.java:logGet(43)) - raft.server.snapshot.auto.trigger.enabled = true (custom)
2019-11-15 20:27:27,247 [pool-599-thread-1] INFO  server.RaftServerConfigKeys (ConfUtils.java:logGet(43)) - raft.server.log.segment.size.max = 1048576 (custom)
2019-11-15 20:27:27,248 [pool-599-thread-1] INFO  server.RaftServerConfigKeys (ConfUtils.java:logGet(43)) - raft.server.log.preallocated.size = 16384 (custom)
2019-11-15 20:27:27,248 [pool-599-thread-1] INFO  server.RaftServerConfigKeys (ConfUtils.java:logGet(43)) - raft.server.log.write.buffer.size = 33554432 (custom)
2019-11-15 20:27:27,247 [pool-529-thread-1] INFO  server.RaftServerConfigKeys (ConfUtils.java:logGet(43)) - raft.server.log.purge.gap = 1000000 (custom)
2019-11-15 20:27:27,248 [pool-529-thread-1] INFO  server.RaftServerConfigKeys (ConfUtils.java:logGet(43)) - raft.server.log.appender.buffer.byte-limit = 33554432 (custom)
2019-11-15 20:27:27,248 [pool-599-thread-1] INFO  server.RaftServerConfigKeys (ConfUtils.java:logGet(43)) - raft.server.log.force.sync.num = 128 (default)
2019-11-15 20:27:27,247 [pool-509-thread-1] INFO  server.RaftServerConfigKeys (ConfUtils.java:logGet(43)) - raft.server.snapshot.auto.trigger.threshold = 10000 (custom)
2019-11-15 20:27:27,248 [pool-599-thread-1] INFO  server.RaftServerConfigKeys (ConfUtils.java:logGet(43)) - raft.server.log.statemachine.data.sync = true (default)
2019-11-15 20:27:27,248 [pool-529-thread-1] INFO  server.RaftServerConfigKeys (ConfUtils.java:logGet(43)) - raft.server.log.segment.size.max = 1048576 (custom)
2019-11-15 20:27:27,248 [pool-599-thread-1] INFO  server.RaftServerConfigKeys (ConfUtils.java:logGet(43)) - raft.server.log.statemachine.data.sync.timeout = 10s (default)
2019-11-15 20:27:27,249 [pool-599-thread-1] INFO  server.RaftServerConfigKeys (ConfUtils.java:logGet(43)) - raft.server.log.statemachine.data.sync.timeout.retry = -1 (default)
2019-11-15 20:27:27,248 [pool-509-thread-1] INFO  server.RaftServerConfigKeys (ConfUtils.java:logGet(43)) - raft.server.snapshot.retention.file.num = 5 (custom)
2019-11-15 20:27:27,249 [pool-599-thread-1] INFO  server.RaftServerConfigKeys (ConfUtils.java:logGet(43)) - raft.server.log.statemachine.data.caching.enabled = true (custom)
2019-11-15 20:27:27,248 [pool-529-thread-1] INFO  server.RaftServerConfigKeys (ConfUtils.java:logGet(43)) - raft.server.log.segment.cache.num.max = 2 (custom)
2019-11-15 20:27:27,249 [pool-529-thread-1] INFO  segmented.SegmentedRaftLogWorker (SegmentedRaftLogWorker.java:<init>(173)) - new d8d3f8ae-ceeb-4228-b266-44fc60f7c1eb@group-62B4F8A0C489-SegmentedRaftLogWorker for RaftStorage:Storage Directory /workdir/hadoop-ozone/integration-test/target/test-dir/MiniOzoneClusterImpl-2baab228-4da8-45e4-8c00-c7e13f1dd389/datanode-2/data/ratis/931d7a6e-f65c-467e-9eba-62b4f8a0c489
2019-11-15 20:27:27,249 [pool-529-thread-1] INFO  server.RaftServerConfigKeys (ConfUtils.java:logGet(43)) - raft.server.log.queue.byte-limit = 2147483647 (custom)
2019-11-15 20:27:27,249 [pool-509-thread-1] INFO  server.RaftServerConfigKeys (ConfUtils.java:logGet(43)) - raft.server.retrycache.expirytime = 600000ms (custom)
2019-11-15 20:27:27,249 [pool-599-thread-1] INFO  segmented.SegmentedRaftLogWorker (SegmentedRaftLogWorker.java:lambda$new$0(128)) - 4e9d79cc-0455-427e-951d-7d9146a76d5d@group-62B4F8A0C489-SegmentedRaftLogWorker: flushIndex: setUnconditionally 0 -> -1
2019-11-15 20:27:27,249 [pool-529-thread-1] INFO  server.RaftServerConfigKeys (ConfUtils.java:logGet(43)) - raft.server.log.queue.element-limit = 1024 (custom)
2019-11-15 20:27:27,250 [pool-599-thread-1] INFO  server.RaftServerConfigKeys (ConfUtils.java:logGet(43)) - raft.server.snapshot.auto.trigger.enabled = true (custom)
2019-11-15 20:27:27,249 [pool-509-thread-1] WARN  impl.MetricRegistriesImpl (MetricRegistriesImpl.java:lambda$create$1(61)) - First MetricRegistry has been created without registering reporters. You may need to call MetricRegistries.global().addReportRegistration(...) before.
2019-11-15 20:27:27,250 [pool-599-thread-1] INFO  server.RaftServerConfigKeys (ConfUtils.java:logGet(43)) - raft.server.snapshot.auto.trigger.threshold = 10000 (custom)
2019-11-15 20:27:27,250 [pool-529-thread-1] INFO  server.RaftServerConfigKeys (ConfUtils.java:logGet(43)) - raft.server.log.segment.size.max = 1048576 (custom)
2019-11-15 20:27:27,250 [pool-599-thread-1] INFO  server.RaftServerConfigKeys (ConfUtils.java:logGet(43)) - raft.server.snapshot.retention.file.num = 5 (custom)
2019-11-15 20:27:27,250 [pool-509-thread-1] WARN  impl.MetricRegistriesImpl (MetricRegistriesImpl.java:lambda$create$1(61)) - First MetricRegistry has been created without registering reporters. You may need to call MetricRegistries.global().addReportRegistration(...) before.
2019-11-15 20:27:27,250 [pool-599-thread-1] INFO  server.RaftServerConfigKeys (ConfUtils.java:logGet(43)) - raft.server.retrycache.expirytime = 600000ms (custom)
2019-11-15 20:27:27,250 [pool-529-thread-1] INFO  server.RaftServerConfigKeys (ConfUtils.java:logGet(43)) - raft.server.log.preallocated.size = 16384 (custom)
2019-11-15 20:27:27,250 [pool-509-thread-1] INFO  impl.RaftServerImpl (RaftServerImpl.java:start(184)) - 95354d75-8d68-42fd-a60f-edc5fe17909c@group-62B4F8A0C489: start as a follower, conf=-1: [4e9d79cc-0455-427e-951d-7d9146a76d5d:192.168.157.201:45301, d8d3f8ae-ceeb-4228-b266-44fc60f7c1eb:192.168.157.201:44849, 95354d75-8d68-42fd-a60f-edc5fe17909c:192.168.157.201:38687], old=null
2019-11-15 20:27:27,250 [pool-599-thread-1] WARN  impl.MetricRegistriesImpl (MetricRegistriesImpl.java:lambda$create$1(61)) - First MetricRegistry has been created without registering reporters. You may need to call MetricRegistries.global().addReportRegistration(...) before.
2019-11-15 20:27:27,251 [pool-509-thread-1] INFO  impl.RaftServerImpl (RaftServerImpl.java:setRole(173)) - 95354d75-8d68-42fd-a60f-edc5fe17909c@group-62B4F8A0C489: changes role from      null to FOLLOWER at term 0 for startAsFollower
2019-11-15 20:27:27,250 [pool-529-thread-1] INFO  server.RaftServerConfigKeys (ConfUtils.java:logGet(43)) - raft.server.log.write.buffer.size = 33554432 (custom)
2019-11-15 20:27:27,251 [pool-509-thread-1] INFO  impl.RoleInfo (RoleInfo.java:updateAndGet(143)) - 95354d75-8d68-42fd-a60f-edc5fe17909c: start FollowerState
2019-11-15 20:27:27,251 [pool-599-thread-1] WARN  impl.MetricRegistriesImpl (MetricRegistriesImpl.java:lambda$create$1(61)) - First MetricRegistry has been created without registering reporters. You may need to call MetricRegistries.global().addReportRegistration(...) before.
2019-11-15 20:27:27,251 [pool-529-thread-1] INFO  server.RaftServerConfigKeys (ConfUtils.java:logGet(43)) - raft.server.log.force.sync.num = 128 (default)
2019-11-15 20:27:27,251 [pool-529-thread-1] INFO  server.RaftServerConfigKeys (ConfUtils.java:logGet(43)) - raft.server.log.statemachine.data.sync = true (default)
2019-11-15 20:27:27,251 [pool-529-thread-1] INFO  server.RaftServerConfigKeys (ConfUtils.java:logGet(43)) - raft.server.log.statemachine.data.sync.timeout = 10s (default)
2019-11-15 20:27:27,251 [pool-509-thread-1] INFO  util.JmxRegister (JmxRegister.java:tryRegister(44)) - Successfully registered JMX Bean with object name Ratis:service=RaftServer,group=group-62B4F8A0C489,id=95354d75-8d68-42fd-a60f-edc5fe17909c
2019-11-15 20:27:27,252 [pool-599-thread-1] INFO  impl.RaftServerImpl (RaftServerImpl.java:start(184)) - 4e9d79cc-0455-427e-951d-7d9146a76d5d@group-62B4F8A0C489: start as a follower, conf=-1: [4e9d79cc-0455-427e-951d-7d9146a76d5d:192.168.157.201:45301, d8d3f8ae-ceeb-4228-b266-44fc60f7c1eb:192.168.157.201:44849, 95354d75-8d68-42fd-a60f-edc5fe17909c:192.168.157.201:38687], old=null
2019-11-15 20:27:27,252 [pool-529-thread-1] INFO  server.RaftServerConfigKeys (ConfUtils.java:logGet(43)) - raft.server.log.statemachine.data.sync.timeout.retry = -1 (default)
2019-11-15 20:27:27,252 [pool-509-thread-1] WARN  impl.MetricRegistriesImpl (MetricRegistriesImpl.java:lambda$create$1(61)) - First MetricRegistry has been created without registering reporters. You may need to call MetricRegistries.global().addReportRegistration(...) before.
2019-11-15 20:27:27,252 [pool-599-thread-1] INFO  impl.RaftServerImpl (RaftServerImpl.java:setRole(173)) - 4e9d79cc-0455-427e-951d-7d9146a76d5d@group-62B4F8A0C489: changes role from      null to FOLLOWER at term 0 for startAsFollower
2019-11-15 20:27:27,252 [pool-529-thread-1] INFO  server.RaftServerConfigKeys (ConfUtils.java:logGet(43)) - raft.server.log.statemachine.data.caching.enabled = true (custom)
2019-11-15 20:27:27,252 [pool-529-thread-1] INFO  segmented.SegmentedRaftLogWorker (SegmentedRaftLogWorker.java:lambda$new$0(128)) - d8d3f8ae-ceeb-4228-b266-44fc60f7c1eb@group-62B4F8A0C489-SegmentedRaftLogWorker: flushIndex: setUnconditionally 0 -> -1
2019-11-15 20:27:27,253 [pool-599-thread-1] INFO  impl.RoleInfo (RoleInfo.java:updateAndGet(143)) - 4e9d79cc-0455-427e-951d-7d9146a76d5d: start FollowerState
2019-11-15 20:27:27,253 [pool-529-thread-1] INFO  server.RaftServerConfigKeys (ConfUtils.java:logGet(43)) - raft.server.snapshot.auto.trigger.enabled = true (custom)
2019-11-15 20:27:27,253 [pool-529-thread-1] INFO  server.RaftServerConfigKeys (ConfUtils.java:logGet(43)) - raft.server.snapshot.auto.trigger.threshold = 10000 (custom)
2019-11-15 20:27:27,253 [pool-599-thread-1] INFO  util.JmxRegister (JmxRegister.java:tryRegister(44)) - Successfully registered JMX Bean with object name Ratis:service=RaftServer,group=group-62B4F8A0C489,id=4e9d79cc-0455-427e-951d-7d9146a76d5d
2019-11-15 20:27:27,253 [pool-599-thread-1] WARN  impl.MetricRegistriesImpl (MetricRegistriesImpl.java:lambda$create$1(61)) - First MetricRegistry has been created without registering reporters. You may need to call MetricRegistries.global().addReportRegistration(...) before.
2019-11-15 20:27:27,253 [pool-529-thread-1] INFO  server.RaftServerConfigKeys (ConfUtils.java:logGet(43)) - raft.server.snapshot.retention.file.num = 5 (custom)
2019-11-15 20:27:27,254 [pool-529-thread-1] INFO  server.RaftServerConfigKeys (ConfUtils.java:logGet(43)) - raft.server.retrycache.expirytime = 600000ms (custom)
2019-11-15 20:27:27,255 [pool-529-thread-1] WARN  impl.MetricRegistriesImpl (MetricRegistriesImpl.java:lambda$create$1(61)) - First MetricRegistry has been created without registering reporters. You may need to call MetricRegistries.global().addReportRegistration(...) before.
2019-11-15 20:27:27,255 [pool-529-thread-1] WARN  impl.MetricRegistriesImpl (MetricRegistriesImpl.java:lambda$create$1(61)) - First MetricRegistry has been created without registering reporters. You may need to call MetricRegistries.global().addReportRegistration(...) before.
2019-11-15 20:27:27,255 [pool-529-thread-1] INFO  impl.RaftServerImpl (RaftServerImpl.java:start(184)) - d8d3f8ae-ceeb-4228-b266-44fc60f7c1eb@group-62B4F8A0C489: start as a follower, conf=-1: [4e9d79cc-0455-427e-951d-7d9146a76d5d:192.168.157.201:45301, d8d3f8ae-ceeb-4228-b266-44fc60f7c1eb:192.168.157.201:44849, 95354d75-8d68-42fd-a60f-edc5fe17909c:192.168.157.201:38687], old=null
2019-11-15 20:27:27,255 [pool-529-thread-1] INFO  impl.RaftServerImpl (RaftServerImpl.java:setRole(173)) - d8d3f8ae-ceeb-4228-b266-44fc60f7c1eb@group-62B4F8A0C489: changes role from      null to FOLLOWER at term 0 for startAsFollower
2019-11-15 20:27:27,256 [pool-529-thread-1] INFO  impl.RoleInfo (RoleInfo.java:updateAndGet(143)) - d8d3f8ae-ceeb-4228-b266-44fc60f7c1eb: start FollowerState
2019-11-15 20:27:27,256 [pool-529-thread-1] INFO  util.JmxRegister (JmxRegister.java:tryRegister(44)) - Successfully registered JMX Bean with object name Ratis:service=RaftServer,group=group-62B4F8A0C489,id=d8d3f8ae-ceeb-4228-b266-44fc60f7c1eb
2019-11-15 20:27:27,256 [pool-529-thread-1] WARN  impl.MetricRegistriesImpl (MetricRegistriesImpl.java:lambda$create$1(61)) - First MetricRegistry has been created without registering reporters. You may need to call MetricRegistries.global().addReportRegistration(...) before.
2019-11-15 20:27:27,258 [RatisPipelineUtilsThread] INFO  pipeline.PipelineStateManager (PipelineStateManager.java:addPipeline(55)) - Created pipeline Pipeline[ Id: 931d7a6e-f65c-467e-9eba-62b4f8a0c489, Nodes: 95354d75-8d68-42fd-a60f-edc5fe17909c{ip: 192.168.157.201, host: pr-hdds-2514-unusedmethodparam-9qkq7-1267773169, networkLocation: /rack1, certSerialId: null}d8d3f8ae-ceeb-4228-b266-44fc60f7c1eb{ip: 192.168.157.201, host: pr-hdds-2514-unusedmethodparam-9qkq7-1267773169, networkLocation: /rack1, certSerialId: null}4e9d79cc-0455-427e-951d-7d9146a76d5d{ip: 192.168.157.201, host: pr-hdds-2514-unusedmethodparam-9qkq7-1267773169, networkLocation: /rack1, certSerialId: null}, Type:RATIS, Factor:THREE, State:ALLOCATED]
2019-11-15 20:27:27,258 [Thread-4000] INFO  pipeline.PipelineStateManager (PipelineStateManager.java:finalizePipeline(121)) - Pipeline Pipeline[ Id: 8c60cc58-66c3-456d-88ae-807648084630, Nodes: 77a687a8-07fe-464e-b0f2-03532ede599a{ip: 192.168.157.201, host: pr-hdds-2514-unusedmethodparam-9qkq7-1267773169, networkLocation: /rack1, certSerialId: null}, Type:RATIS, Factor:ONE, State:CLOSED] moved to CLOSED state
2019-11-15 20:27:27,263 [grpc-default-executor-12] INFO  impl.RaftServerProxy (RaftServerProxy.java:remove(95)) - 77a687a8-07fe-464e-b0f2-03532ede599a: remove    LEADER 77a687a8-07fe-464e-b0f2-03532ede599a@group-807648084630:t1, leader=77a687a8-07fe-464e-b0f2-03532ede599a, voted=77a687a8-07fe-464e-b0f2-03532ede599a, raftlog=77a687a8-07fe-464e-b0f2-03532ede599a@group-807648084630-SegmentedRaftLog:OPENED:c0,f0,i0, conf=0: [77a687a8-07fe-464e-b0f2-03532ede599a:192.168.157.201:39884], old=null RUNNING
2019-11-15 20:27:27,263 [grpc-default-executor-12] INFO  impl.RaftServerImpl (RaftServerImpl.java:lambda$shutdown$3(250)) - 77a687a8-07fe-464e-b0f2-03532ede599a@group-807648084630: shutdown
2019-11-15 20:27:27,263 [grpc-default-executor-12] INFO  util.JmxRegister (JmxRegister.java:unregister(73)) - Successfully un-registered JMX Bean with object name Ratis:service=RaftServer,group=group-807648084630,id=77a687a8-07fe-464e-b0f2-03532ede599a
2019-11-15 20:27:27,263 [grpc-default-executor-12] INFO  impl.RoleInfo (RoleInfo.java:shutdownLeaderState(104)) - 77a687a8-07fe-464e-b0f2-03532ede599a: shutdown LeaderState
2019-11-15 20:27:27,264 [grpc-default-executor-12] INFO  impl.PendingRequests (PendingRequests.java:sendNotLeaderResponses(206)) - 77a687a8-07fe-464e-b0f2-03532ede599a@group-807648084630-PendingRequests: sendNotLeaderResponses
2019-11-15 20:27:27,264 [grpc-default-executor-12] INFO  impl.StateMachineUpdater (StateMachineUpdater.java:stopAndJoin(136)) - 77a687a8-07fe-464e-b0f2-03532ede599a@group-807648084630-StateMachineUpdater: set stopIndex = 0
2019-11-15 20:27:27,264 [grpc-default-executor-12] INFO  impl.RaftServerImpl (ServerState.java:close(387)) - 77a687a8-07fe-464e-b0f2-03532ede599a@group-807648084630: closes. applyIndex: 0
2019-11-15 20:27:27,265 [77a687a8-07fe-464e-b0f2-03532ede599a@group-807648084630-SegmentedRaftLogWorker] INFO  segmented.SegmentedRaftLogWorker (SegmentedRaftLogWorker.java:run(316)) - 77a687a8-07fe-464e-b0f2-03532ede599a@group-807648084630-SegmentedRaftLogWorker was interrupted, exiting. There are 0 tasks remaining in the queue.
2019-11-15 20:27:27,280 [grpc-default-executor-12] INFO  segmented.SegmentedRaftLogWorker (SegmentedRaftLogWorker.java:close(224)) - 77a687a8-07fe-464e-b0f2-03532ede599a@group-807648084630-SegmentedRaftLogWorker close()
2019-11-15 20:27:27,284 [Thread-4000] INFO  pipeline.PipelineStateManager (PipelineStateManager.java:removePipeline(106)) - Pipeline Pipeline[ Id: 8c60cc58-66c3-456d-88ae-807648084630, Nodes: 77a687a8-07fe-464e-b0f2-03532ede599a{ip: 192.168.157.201, host: pr-hdds-2514-unusedmethodparam-9qkq7-1267773169, networkLocation: /rack1, certSerialId: null}, Type:RATIS, Factor:ONE, State:CLOSED] removed from db
2019-11-15 20:27:27,284 [Thread-4000] INFO  pipeline.SCMPipelineManager (SCMPipelineManager.java:finalizeAndDestroyPipeline(315)) - destroying pipeline:Pipeline[ Id: 8f2c1ae4-0633-441b-b458-611651ed2994, Nodes: 4e9d79cc-0455-427e-951d-7d9146a76d5d{ip: 192.168.157.201, host: pr-hdds-2514-unusedmethodparam-9qkq7-1267773169, networkLocation: /rack1, certSerialId: null}, Type:RATIS, Factor:ONE, State:OPEN]
2019-11-15 20:27:27,287 [grpc-default-executor-12] INFO  impl.RaftServerProxy (RaftServerProxy.java:addNew(89)) - 77a687a8-07fe-464e-b0f2-03532ede599a: addNew group-419AA6468A1B:[77a687a8-07fe-464e-b0f2-03532ede599a:192.168.157.201:39884] returns group-419AA6468A1B:java.util.concurrent.CompletableFuture@2f72e23a[Not completed]
2019-11-15 20:27:27,288 [pool-579-thread-1] INFO  impl.RaftServerImpl (RaftServerImpl.java:<init>(98)) - 77a687a8-07fe-464e-b0f2-03532ede599a: new RaftServerImpl for group-419AA6468A1B:[77a687a8-07fe-464e-b0f2-03532ede599a:192.168.157.201:39884] with ContainerStateMachine:uninitialized
2019-11-15 20:27:27,288 [pool-579-thread-1] INFO  server.RaftServerConfigKeys (ConfUtils.java:logGet(43)) - raft.server.rpc.timeout.min = 1s (custom)
2019-11-15 20:27:27,288 [pool-579-thread-1] INFO  server.RaftServerConfigKeys (ConfUtils.java:logGet(43)) - raft.server.rpc.timeout.max = 1200ms (custom)
2019-11-15 20:27:27,288 [pool-579-thread-1] INFO  server.RaftServerConfigKeys (ConfUtils.java:logGet(43)) - raft.server.rpcslowness.timeout = 120s (custom)
2019-11-15 20:27:27,288 [pool-579-thread-1] INFO  server.RaftServerConfigKeys (ConfUtils.java:logGet(43)) - raft.server.sleep.deviation.threshold = 300 (default)
2019-11-15 20:27:27,288 [pool-579-thread-1] INFO  server.RaftServerConfigKeys (ConfUtils.java:logGet(43)) - raft.server.log.appender.install.snapshot.enabled = false (custom)
2019-11-15 20:27:27,288 [pool-579-thread-1] INFO  impl.RaftServerImpl (ServerState.java:<init>(103)) - 77a687a8-07fe-464e-b0f2-03532ede599a@group-419AA6468A1B: ConfigurationManager, init=-1: [77a687a8-07fe-464e-b0f2-03532ede599a:192.168.157.201:39884], old=null, confs=<EMPTY_MAP>
2019-11-15 20:27:27,288 [pool-579-thread-1] INFO  server.RaftServerConfigKeys (ConfUtils.java:logGet(43)) - raft.server.storage.dir = [/workdir/hadoop-ozone/integration-test/target/test-dir/MiniOzoneClusterImpl-2baab228-4da8-45e4-8c00-c7e13f1dd389/datanode-7/data/ratis] (custom)
2019-11-15 20:27:27,289 [pool-579-thread-1] INFO  server.RaftServerConfigKeys (ConfUtils.java:logGet(43)) - raft.server.log.corruption.policy = EXCEPTION (default)
2019-11-15 20:27:27,289 [pool-579-thread-1] INFO  storage.RaftStorageDirectory (RaftStorageDirectory.java:analyzeStorage(246)) - The storage directory /workdir/hadoop-ozone/integration-test/target/test-dir/MiniOzoneClusterImpl-2baab228-4da8-45e4-8c00-c7e13f1dd389/datanode-7/data/ratis/0d9ebe66-19b4-4c6b-b2f0-419aa6468a1b does not exist. Creating ...
2019-11-15 20:27:27,314 [pool-579-thread-1] INFO  storage.RaftStorageDirectory (RaftStorageDirectory.java:tryLock(328)) - Lock on /workdir/hadoop-ozone/integration-test/target/test-dir/MiniOzoneClusterImpl-2baab228-4da8-45e4-8c00-c7e13f1dd389/datanode-7/data/ratis/0d9ebe66-19b4-4c6b-b2f0-419aa6468a1b/in_use.lock acquired by nodename 9872@pr-hdds-2514-unusedmethodparam-9qkq7-1267773169
2019-11-15 20:27:27,331 [pool-579-thread-1] INFO  storage.RaftStorage (RaftStorage.java:format(84)) - Storage directory /workdir/hadoop-ozone/integration-test/target/test-dir/MiniOzoneClusterImpl-2baab228-4da8-45e4-8c00-c7e13f1dd389/datanode-7/data/ratis/0d9ebe66-19b4-4c6b-b2f0-419aa6468a1b has been successfully formatted.
2019-11-15 20:27:27,331 [pool-579-thread-1] INFO  ratis.ContainerStateMachine (ContainerStateMachine.java:loadSnapshot(223)) - group-419AA6468A1B: The snapshot info is null. Setting the last applied indexto:(t:0, i:~)
2019-11-15 20:27:27,332 [pool-579-thread-1] INFO  server.RaftServerConfigKeys (ConfUtils.java:logGet(43)) - raft.server.notification.no-leader.timeout = 120s (custom)
2019-11-15 20:27:27,332 [pool-579-thread-1] INFO  server.RaftServerConfigKeys (ConfUtils.java:logGet(43)) - raft.server.log.use.memory = false (default)
2019-11-15 20:27:27,332 [pool-579-thread-1] INFO  server.RaftServerConfigKeys (ConfUtils.java:logGet(43)) - raft.server.log.purge.gap = 1000000 (custom)
2019-11-15 20:27:27,332 [pool-579-thread-1] INFO  server.RaftServerConfigKeys (ConfUtils.java:logGet(43)) - raft.server.log.appender.buffer.byte-limit = 33554432 (custom)
2019-11-15 20:27:27,332 [pool-579-thread-1] INFO  server.RaftServerConfigKeys (ConfUtils.java:logGet(43)) - raft.server.log.segment.size.max = 1048576 (custom)
2019-11-15 20:27:27,332 [pool-579-thread-1] INFO  server.RaftServerConfigKeys (ConfUtils.java:logGet(43)) - raft.server.log.segment.cache.num.max = 2 (custom)
2019-11-15 20:27:27,332 [pool-579-thread-1] INFO  segmented.SegmentedRaftLogWorker (SegmentedRaftLogWorker.java:<init>(173)) - new 77a687a8-07fe-464e-b0f2-03532ede599a@group-419AA6468A1B-SegmentedRaftLogWorker for RaftStorage:Storage Directory /workdir/hadoop-ozone/integration-test/target/test-dir/MiniOzoneClusterImpl-2baab228-4da8-45e4-8c00-c7e13f1dd389/datanode-7/data/ratis/0d9ebe66-19b4-4c6b-b2f0-419aa6468a1b
2019-11-15 20:27:27,332 [pool-579-thread-1] INFO  server.RaftServerConfigKeys (ConfUtils.java:logGet(43)) - raft.server.log.queue.byte-limit = 2147483647 (custom)
2019-11-15 20:27:27,332 [pool-579-thread-1] INFO  server.RaftServerConfigKeys (ConfUtils.java:logGet(43)) - raft.server.log.queue.element-limit = 1024 (custom)
2019-11-15 20:27:27,332 [pool-579-thread-1] INFO  server.RaftServerConfigKeys (ConfUtils.java:logGet(43)) - raft.server.log.segment.size.max = 1048576 (custom)
2019-11-15 20:27:27,333 [pool-579-thread-1] INFO  server.RaftServerConfigKeys (ConfUtils.java:logGet(43)) - raft.server.log.preallocated.size = 16384 (custom)
2019-11-15 20:27:27,333 [pool-579-thread-1] INFO  server.RaftServerConfigKeys (ConfUtils.java:logGet(43)) - raft.server.log.write.buffer.size = 33554432 (custom)
2019-11-15 20:27:27,333 [pool-579-thread-1] INFO  server.RaftServerConfigKeys (ConfUtils.java:logGet(43)) - raft.server.log.force.sync.num = 128 (default)
2019-11-15 20:27:27,333 [pool-579-thread-1] INFO  server.RaftServerConfigKeys (ConfUtils.java:logGet(43)) - raft.server.log.statemachine.data.sync = true (default)
2019-11-15 20:27:27,333 [pool-579-thread-1] INFO  server.RaftServerConfigKeys (ConfUtils.java:logGet(43)) - raft.server.log.statemachine.data.sync.timeout = 10s (default)
2019-11-15 20:27:27,333 [pool-579-thread-1] INFO  server.RaftServerConfigKeys (ConfUtils.java:logGet(43)) - raft.server.log.statemachine.data.sync.timeout.retry = -1 (default)
2019-11-15 20:27:27,333 [pool-579-thread-1] INFO  server.RaftServerConfigKeys (ConfUtils.java:logGet(43)) - raft.server.log.statemachine.data.caching.enabled = true (custom)
2019-11-15 20:27:27,333 [pool-579-thread-1] INFO  segmented.SegmentedRaftLogWorker (SegmentedRaftLogWorker.java:lambda$new$0(128)) - 77a687a8-07fe-464e-b0f2-03532ede599a@group-419AA6468A1B-SegmentedRaftLogWorker: flushIndex: setUnconditionally 0 -> -1
2019-11-15 20:27:27,334 [pool-579-thread-1] INFO  server.RaftServerConfigKeys (ConfUtils.java:logGet(43)) - raft.server.snapshot.auto.trigger.enabled = true (custom)
2019-11-15 20:27:27,334 [pool-579-thread-1] INFO  server.RaftServerConfigKeys (ConfUtils.java:logGet(43)) - raft.server.snapshot.auto.trigger.threshold = 10000 (custom)
2019-11-15 20:27:27,334 [pool-579-thread-1] INFO  server.RaftServerConfigKeys (ConfUtils.java:logGet(43)) - raft.server.snapshot.retention.file.num = 5 (custom)
2019-11-15 20:27:27,334 [pool-579-thread-1] INFO  server.RaftServerConfigKeys (ConfUtils.java:logGet(43)) - raft.server.retrycache.expirytime = 600000ms (custom)
2019-11-15 20:27:27,334 [pool-579-thread-1] WARN  impl.MetricRegistriesImpl (MetricRegistriesImpl.java:lambda$create$1(61)) - First MetricRegistry has been created without registering reporters. You may need to call MetricRegistries.global().addReportRegistration(...) before.
2019-11-15 20:27:27,334 [pool-579-thread-1] WARN  impl.MetricRegistriesImpl (MetricRegistriesImpl.java:lambda$create$1(61)) - First MetricRegistry has been created without registering reporters. You may need to call MetricRegistries.global().addReportRegistration(...) before.
2019-11-15 20:27:27,334 [pool-579-thread-1] INFO  impl.RaftServerImpl (RaftServerImpl.java:start(184)) - 77a687a8-07fe-464e-b0f2-03532ede599a@group-419AA6468A1B: start as a follower, conf=-1: [77a687a8-07fe-464e-b0f2-03532ede599a:192.168.157.201:39884], old=null
2019-11-15 20:27:27,334 [pool-579-thread-1] INFO  impl.RaftServerImpl (RaftServerImpl.java:setRole(173)) - 77a687a8-07fe-464e-b0f2-03532ede599a@group-419AA6468A1B: changes role from      null to FOLLOWER at term 0 for startAsFollower
2019-11-15 20:27:27,335 [pool-579-thread-1] INFO  impl.RoleInfo (RoleInfo.java:updateAndGet(143)) - 77a687a8-07fe-464e-b0f2-03532ede599a: start FollowerState
2019-11-15 20:27:27,335 [pool-579-thread-1] INFO  util.JmxRegister (JmxRegister.java:tryRegister(44)) - Successfully registered JMX Bean with object name Ratis:service=RaftServer,group=group-419AA6468A1B,id=77a687a8-07fe-464e-b0f2-03532ede599a
2019-11-15 20:27:27,335 [pool-579-thread-1] WARN  impl.MetricRegistriesImpl (MetricRegistriesImpl.java:lambda$create$1(61)) - First MetricRegistry has been created without registering reporters. You may need to call MetricRegistries.global().addReportRegistration(...) before.
2019-11-15 20:27:27,337 [RatisPipelineUtilsThread] INFO  pipeline.PipelineStateManager (PipelineStateManager.java:addPipeline(55)) - Created pipeline Pipeline[ Id: 0d9ebe66-19b4-4c6b-b2f0-419aa6468a1b, Nodes: 77a687a8-07fe-464e-b0f2-03532ede599a{ip: 192.168.157.201, host: pr-hdds-2514-unusedmethodparam-9qkq7-1267773169, networkLocation: /rack1, certSerialId: null}, Type:RATIS, Factor:ONE, State:ALLOCATED]
2019-11-15 20:27:27,337 [Thread-4000] INFO  pipeline.PipelineStateManager (PipelineStateManager.java:finalizePipeline(121)) - Pipeline Pipeline[ Id: 8f2c1ae4-0633-441b-b458-611651ed2994, Nodes: 4e9d79cc-0455-427e-951d-7d9146a76d5d{ip: 192.168.157.201, host: pr-hdds-2514-unusedmethodparam-9qkq7-1267773169, networkLocation: /rack1, certSerialId: null}, Type:RATIS, Factor:ONE, State:CLOSED] moved to CLOSED state
2019-11-15 20:27:27,340 [grpc-default-executor-12] INFO  impl.RaftServerProxy (RaftServerProxy.java:remove(95)) - 4e9d79cc-0455-427e-951d-7d9146a76d5d: remove    LEADER 4e9d79cc-0455-427e-951d-7d9146a76d5d@group-611651ED2994:t1, leader=4e9d79cc-0455-427e-951d-7d9146a76d5d, voted=4e9d79cc-0455-427e-951d-7d9146a76d5d, raftlog=4e9d79cc-0455-427e-951d-7d9146a76d5d@group-611651ED2994-SegmentedRaftLog:OPENED:c0,f0,i0, conf=0: [4e9d79cc-0455-427e-951d-7d9146a76d5d:192.168.157.201:45301], old=null RUNNING
2019-11-15 20:27:27,340 [grpc-default-executor-12] INFO  impl.RaftServerImpl (RaftServerImpl.java:lambda$shutdown$3(250)) - 4e9d79cc-0455-427e-951d-7d9146a76d5d@group-611651ED2994: shutdown
2019-11-15 20:27:27,340 [grpc-default-executor-12] INFO  util.JmxRegister (JmxRegister.java:unregister(73)) - Successfully un-registered JMX Bean with object name Ratis:service=RaftServer,group=group-611651ED2994,id=4e9d79cc-0455-427e-951d-7d9146a76d5d
2019-11-15 20:27:27,340 [grpc-default-executor-12] INFO  impl.RoleInfo (RoleInfo.java:shutdownLeaderState(104)) - 4e9d79cc-0455-427e-951d-7d9146a76d5d: shutdown LeaderState
2019-11-15 20:27:27,340 [grpc-default-executor-12] INFO  impl.PendingRequests (PendingRequests.java:sendNotLeaderResponses(206)) - 4e9d79cc-0455-427e-951d-7d9146a76d5d@group-611651ED2994-PendingRequests: sendNotLeaderResponses
2019-11-15 20:27:27,340 [grpc-default-executor-12] INFO  impl.StateMachineUpdater (StateMachineUpdater.java:stopAndJoin(136)) - 4e9d79cc-0455-427e-951d-7d9146a76d5d@group-611651ED2994-StateMachineUpdater: set stopIndex = 0
2019-11-15 20:27:27,340 [grpc-default-executor-12] INFO  impl.RaftServerImpl (ServerState.java:close(387)) - 4e9d79cc-0455-427e-951d-7d9146a76d5d@group-611651ED2994: closes. applyIndex: 0
2019-11-15 20:27:27,341 [4e9d79cc-0455-427e-951d-7d9146a76d5d@group-611651ED2994-SegmentedRaftLogWorker] INFO  segmented.SegmentedRaftLogWorker (SegmentedRaftLogWorker.java:run(316)) - 4e9d79cc-0455-427e-951d-7d9146a76d5d@group-611651ED2994-SegmentedRaftLogWorker was interrupted, exiting. There are 0 tasks remaining in the queue.
2019-11-15 20:27:27,341 [grpc-default-executor-12] INFO  segmented.SegmentedRaftLogWorker (SegmentedRaftLogWorker.java:close(224)) - 4e9d79cc-0455-427e-951d-7d9146a76d5d@group-611651ED2994-SegmentedRaftLogWorker close()
2019-11-15 20:27:27,348 [Thread-4000] INFO  pipeline.PipelineStateManager (PipelineStateManager.java:removePipeline(106)) - Pipeline Pipeline[ Id: 8f2c1ae4-0633-441b-b458-611651ed2994, Nodes: 4e9d79cc-0455-427e-951d-7d9146a76d5d{ip: 192.168.157.201, host: pr-hdds-2514-unusedmethodparam-9qkq7-1267773169, networkLocation: /rack1, certSerialId: null}, Type:RATIS, Factor:ONE, State:CLOSED] removed from db
2019-11-15 20:27:27,349 [Thread-4000] INFO  pipeline.SCMPipelineManager (SCMPipelineManager.java:finalizeAndDestroyPipeline(315)) - destroying pipeline:Pipeline[ Id: 68b400d2-f8ff-4397-acae-b9c73b4fe054, Nodes: b7fbb734-148a-49a6-9cb1-519eb8bdf364{ip: 192.168.157.201, host: pr-hdds-2514-unusedmethodparam-9qkq7-1267773169, networkLocation: /rack1, certSerialId: null}0d66e4d5-0fe9-441c-84d0-b1903c285e78{ip: 192.168.157.201, host: pr-hdds-2514-unusedmethodparam-9qkq7-1267773169, networkLocation: /rack1, certSerialId: null}77a687a8-07fe-464e-b0f2-03532ede599a{ip: 192.168.157.201, host: pr-hdds-2514-unusedmethodparam-9qkq7-1267773169, networkLocation: /rack1, certSerialId: null}, Type:RATIS, Factor:THREE, State:OPEN]
2019-11-15 20:27:27,351 [grpc-default-executor-12] INFO  impl.RaftServerProxy (RaftServerProxy.java:addNew(89)) - 4e9d79cc-0455-427e-951d-7d9146a76d5d: addNew group-A95683BA2CB7:[4e9d79cc-0455-427e-951d-7d9146a76d5d:192.168.157.201:45301] returns group-A95683BA2CB7:java.util.concurrent.CompletableFuture@7fffa82[Not completed]
2019-11-15 20:27:27,352 [pool-599-thread-1] INFO  impl.RaftServerImpl (RaftServerImpl.java:<init>(98)) - 4e9d79cc-0455-427e-951d-7d9146a76d5d: new RaftServerImpl for group-A95683BA2CB7:[4e9d79cc-0455-427e-951d-7d9146a76d5d:192.168.157.201:45301] with ContainerStateMachine:uninitialized
2019-11-15 20:27:27,352 [pool-599-thread-1] INFO  server.RaftServerConfigKeys (ConfUtils.java:logGet(43)) - raft.server.rpc.timeout.min = 1s (custom)
2019-11-15 20:27:27,353 [pool-599-thread-1] INFO  server.RaftServerConfigKeys (ConfUtils.java:logGet(43)) - raft.server.rpc.timeout.max = 1200ms (custom)
2019-11-15 20:27:27,353 [pool-599-thread-1] INFO  server.RaftServerConfigKeys (ConfUtils.java:logGet(43)) - raft.server.rpcslowness.timeout = 120s (custom)
2019-11-15 20:27:27,353 [pool-599-thread-1] INFO  server.RaftServerConfigKeys (ConfUtils.java:logGet(43)) - raft.server.sleep.deviation.threshold = 300 (default)
2019-11-15 20:27:27,353 [pool-599-thread-1] INFO  server.RaftServerConfigKeys (ConfUtils.java:logGet(43)) - raft.server.log.appender.install.snapshot.enabled = false (custom)
2019-11-15 20:27:27,353 [pool-599-thread-1] INFO  impl.RaftServerImpl (ServerState.java:<init>(103)) - 4e9d79cc-0455-427e-951d-7d9146a76d5d@group-A95683BA2CB7: ConfigurationManager, init=-1: [4e9d79cc-0455-427e-951d-7d9146a76d5d:192.168.157.201:45301], old=null, confs=<EMPTY_MAP>
2019-11-15 20:27:27,353 [pool-599-thread-1] INFO  server.RaftServerConfigKeys (ConfUtils.java:logGet(43)) - raft.server.storage.dir = [/workdir/hadoop-ozone/integration-test/target/test-dir/MiniOzoneClusterImpl-2baab228-4da8-45e4-8c00-c7e13f1dd389/datanode-9/data/ratis] (custom)
2019-11-15 20:27:27,353 [pool-599-thread-1] INFO  server.RaftServerConfigKeys (ConfUtils.java:logGet(43)) - raft.server.log.corruption.policy = EXCEPTION (default)
2019-11-15 20:27:27,354 [pool-599-thread-1] INFO  storage.RaftStorageDirectory (RaftStorageDirectory.java:analyzeStorage(246)) - The storage directory /workdir/hadoop-ozone/integration-test/target/test-dir/MiniOzoneClusterImpl-2baab228-4da8-45e4-8c00-c7e13f1dd389/datanode-9/data/ratis/a5f07202-fa1b-4cf9-bf78-a95683ba2cb7 does not exist. Creating ...
2019-11-15 20:27:27,382 [pool-599-thread-1] INFO  storage.RaftStorageDirectory (RaftStorageDirectory.java:tryLock(328)) - Lock on /workdir/hadoop-ozone/integration-test/target/test-dir/MiniOzoneClusterImpl-2baab228-4da8-45e4-8c00-c7e13f1dd389/datanode-9/data/ratis/a5f07202-fa1b-4cf9-bf78-a95683ba2cb7/in_use.lock acquired by nodename 9872@pr-hdds-2514-unusedmethodparam-9qkq7-1267773169
2019-11-15 20:27:27,417 [pool-599-thread-1] INFO  storage.RaftStorage (RaftStorage.java:format(84)) - Storage directory /workdir/hadoop-ozone/integration-test/target/test-dir/MiniOzoneClusterImpl-2baab228-4da8-45e4-8c00-c7e13f1dd389/datanode-9/data/ratis/a5f07202-fa1b-4cf9-bf78-a95683ba2cb7 has been successfully formatted.
2019-11-15 20:27:27,417 [pool-599-thread-1] INFO  ratis.ContainerStateMachine (ContainerStateMachine.java:loadSnapshot(223)) - group-A95683BA2CB7: The snapshot info is null. Setting the last applied indexto:(t:0, i:~)
2019-11-15 20:27:27,417 [pool-599-thread-1] INFO  server.RaftServerConfigKeys (ConfUtils.java:logGet(43)) - raft.server.notification.no-leader.timeout = 120s (custom)
2019-11-15 20:27:27,417 [pool-599-thread-1] INFO  server.RaftServerConfigKeys (ConfUtils.java:logGet(43)) - raft.server.log.use.memory = false (default)
2019-11-15 20:27:27,418 [pool-599-thread-1] INFO  server.RaftServerConfigKeys (ConfUtils.java:logGet(43)) - raft.server.log.purge.gap = 1000000 (custom)
2019-11-15 20:27:27,418 [pool-599-thread-1] INFO  server.RaftServerConfigKeys (ConfUtils.java:logGet(43)) - raft.server.log.appender.buffer.byte-limit = 33554432 (custom)
2019-11-15 20:27:27,418 [pool-599-thread-1] INFO  server.RaftServerConfigKeys (ConfUtils.java:logGet(43)) - raft.server.log.segment.size.max = 1048576 (custom)
2019-11-15 20:27:27,418 [pool-599-thread-1] INFO  server.RaftServerConfigKeys (ConfUtils.java:logGet(43)) - raft.server.log.segment.cache.num.max = 2 (custom)
2019-11-15 20:27:27,418 [pool-599-thread-1] INFO  segmented.SegmentedRaftLogWorker (SegmentedRaftLogWorker.java:<init>(173)) - new 4e9d79cc-0455-427e-951d-7d9146a76d5d@group-A95683BA2CB7-SegmentedRaftLogWorker for RaftStorage:Storage Directory /workdir/hadoop-ozone/integration-test/target/test-dir/MiniOzoneClusterImpl-2baab228-4da8-45e4-8c00-c7e13f1dd389/datanode-9/data/ratis/a5f07202-fa1b-4cf9-bf78-a95683ba2cb7
2019-11-15 20:27:27,418 [pool-599-thread-1] INFO  server.RaftServerConfigKeys (ConfUtils.java:logGet(43)) - raft.server.log.queue.byte-limit = 2147483647 (custom)
2019-11-15 20:27:27,418 [pool-599-thread-1] INFO  server.RaftServerConfigKeys (ConfUtils.java:logGet(43)) - raft.server.log.queue.element-limit = 1024 (custom)
2019-11-15 20:27:27,418 [pool-599-thread-1] INFO  server.RaftServerConfigKeys (ConfUtils.java:logGet(43)) - raft.server.log.segment.size.max = 1048576 (custom)
2019-11-15 20:27:27,418 [pool-599-thread-1] INFO  server.RaftServerConfigKeys (ConfUtils.java:logGet(43)) - raft.server.log.preallocated.size = 16384 (custom)
2019-11-15 20:27:27,419 [pool-599-thread-1] INFO  server.RaftServerConfigKeys (ConfUtils.java:logGet(43)) - raft.server.log.write.buffer.size = 33554432 (custom)
2019-11-15 20:27:27,419 [pool-599-thread-1] INFO  server.RaftServerConfigKeys (ConfUtils.java:logGet(43)) - raft.server.log.force.sync.num = 128 (default)
2019-11-15 20:27:27,419 [pool-599-thread-1] INFO  server.RaftServerConfigKeys (ConfUtils.java:logGet(43)) - raft.server.log.statemachine.data.sync = true (default)
2019-11-15 20:27:27,419 [pool-599-thread-1] INFO  server.RaftServerConfigKeys (ConfUtils.java:logGet(43)) - raft.server.log.statemachine.data.sync.timeout = 10s (default)
2019-11-15 20:27:27,419 [pool-599-thread-1] INFO  server.RaftServerConfigKeys (ConfUtils.java:logGet(43)) - raft.server.log.statemachine.data.sync.timeout.retry = -1 (default)
2019-11-15 20:27:27,419 [pool-599-thread-1] INFO  server.RaftServerConfigKeys (ConfUtils.java:logGet(43)) - raft.server.log.statemachine.data.caching.enabled = true (custom)
2019-11-15 20:27:27,419 [pool-599-thread-1] INFO  segmented.SegmentedRaftLogWorker (SegmentedRaftLogWorker.java:lambda$new$0(128)) - 4e9d79cc-0455-427e-951d-7d9146a76d5d@group-A95683BA2CB7-SegmentedRaftLogWorker: flushIndex: setUnconditionally 0 -> -1
2019-11-15 20:27:27,420 [pool-599-thread-1] INFO  server.RaftServerConfigKeys (ConfUtils.java:logGet(43)) - raft.server.snapshot.auto.trigger.enabled = true (custom)
2019-11-15 20:27:27,420 [pool-599-thread-1] INFO  server.RaftServerConfigKeys (ConfUtils.java:logGet(43)) - raft.server.snapshot.auto.trigger.threshold = 10000 (custom)
2019-11-15 20:27:27,420 [pool-599-thread-1] INFO  server.RaftServerConfigKeys (ConfUtils.java:logGet(43)) - raft.server.snapshot.retention.file.num = 5 (custom)
2019-11-15 20:27:27,420 [pool-599-thread-1] INFO  server.RaftServerConfigKeys (ConfUtils.java:logGet(43)) - raft.server.retrycache.expirytime = 600000ms (custom)
2019-11-15 20:27:27,420 [pool-599-thread-1] WARN  impl.MetricRegistriesImpl (MetricRegistriesImpl.java:lambda$create$1(61)) - First MetricRegistry has been created without registering reporters. You may need to call MetricRegistries.global().addReportRegistration(...) before.
2019-11-15 20:27:27,420 [pool-599-thread-1] WARN  impl.MetricRegistriesImpl (MetricRegistriesImpl.java:lambda$create$1(61)) - First MetricRegistry has been created without registering reporters. You may need to call MetricRegistries.global().addReportRegistration(...) before.
2019-11-15 20:27:27,420 [pool-599-thread-1] INFO  impl.RaftServerImpl (RaftServerImpl.java:start(184)) - 4e9d79cc-0455-427e-951d-7d9146a76d5d@group-A95683BA2CB7: start as a follower, conf=-1: [4e9d79cc-0455-427e-951d-7d9146a76d5d:192.168.157.201:45301], old=null
2019-11-15 20:27:27,420 [pool-599-thread-1] INFO  impl.RaftServerImpl (RaftServerImpl.java:setRole(173)) - 4e9d79cc-0455-427e-951d-7d9146a76d5d@group-A95683BA2CB7: changes role from      null to FOLLOWER at term 0 for startAsFollower
2019-11-15 20:27:27,421 [pool-599-thread-1] INFO  impl.RoleInfo (RoleInfo.java:updateAndGet(143)) - 4e9d79cc-0455-427e-951d-7d9146a76d5d: start FollowerState
2019-11-15 20:27:27,421 [pool-599-thread-1] INFO  util.JmxRegister (JmxRegister.java:tryRegister(44)) - Successfully registered JMX Bean with object name Ratis:service=RaftServer,group=group-A95683BA2CB7,id=4e9d79cc-0455-427e-951d-7d9146a76d5d
2019-11-15 20:27:27,421 [pool-599-thread-1] WARN  impl.MetricRegistriesImpl (MetricRegistriesImpl.java:lambda$create$1(61)) - First MetricRegistry has been created without registering reporters. You may need to call MetricRegistries.global().addReportRegistration(...) before.
2019-11-15 20:27:27,423 [RatisPipelineUtilsThread] INFO  pipeline.PipelineStateManager (PipelineStateManager.java:addPipeline(55)) - Created pipeline Pipeline[ Id: a5f07202-fa1b-4cf9-bf78-a95683ba2cb7, Nodes: 4e9d79cc-0455-427e-951d-7d9146a76d5d{ip: 192.168.157.201, host: pr-hdds-2514-unusedmethodparam-9qkq7-1267773169, networkLocation: /rack1, certSerialId: null}, Type:RATIS, Factor:ONE, State:ALLOCATED]
2019-11-15 20:27:27,424 [Thread-4000] INFO  pipeline.PipelineStateManager (PipelineStateManager.java:finalizePipeline(121)) - Pipeline Pipeline[ Id: 68b400d2-f8ff-4397-acae-b9c73b4fe054, Nodes: b7fbb734-148a-49a6-9cb1-519eb8bdf364{ip: 192.168.157.201, host: pr-hdds-2514-unusedmethodparam-9qkq7-1267773169, networkLocation: /rack1, certSerialId: null}0d66e4d5-0fe9-441c-84d0-b1903c285e78{ip: 192.168.157.201, host: pr-hdds-2514-unusedmethodparam-9qkq7-1267773169, networkLocation: /rack1, certSerialId: null}77a687a8-07fe-464e-b0f2-03532ede599a{ip: 192.168.157.201, host: pr-hdds-2514-unusedmethodparam-9qkq7-1267773169, networkLocation: /rack1, certSerialId: null}, Type:RATIS, Factor:THREE, State:CLOSED] moved to CLOSED state
2019-11-15 20:27:27,424 [EventQueue-CloseContainerForCloseContainerEventHandler] INFO  container.CloseContainerEventHandler (CloseContainerEventHandler.java:onMessage(61)) - Close container Event triggered for container : #1
2019-11-15 20:27:27,427 [grpc-default-executor-12] INFO  impl.RaftServerProxy (RaftServerProxy.java:remove(95)) - b7fbb734-148a-49a6-9cb1-519eb8bdf364: remove    LEADER b7fbb734-148a-49a6-9cb1-519eb8bdf364@group-B9C73B4FE054:t1, leader=b7fbb734-148a-49a6-9cb1-519eb8bdf364, voted=b7fbb734-148a-49a6-9cb1-519eb8bdf364, raftlog=b7fbb734-148a-49a6-9cb1-519eb8bdf364@group-B9C73B4FE054-SegmentedRaftLog:OPENED:c4,f4,i4, conf=0: [0d66e4d5-0fe9-441c-84d0-b1903c285e78:192.168.157.201:44210, b7fbb734-148a-49a6-9cb1-519eb8bdf364:192.168.157.201:44174, 77a687a8-07fe-464e-b0f2-03532ede599a:192.168.157.201:39884], old=null RUNNING
2019-11-15 20:27:27,427 [grpc-default-executor-12] INFO  impl.RaftServerImpl (RaftServerImpl.java:lambda$shutdown$3(250)) - b7fbb734-148a-49a6-9cb1-519eb8bdf364@group-B9C73B4FE054: shutdown
2019-11-15 20:27:27,427 [grpc-default-executor-12] INFO  util.JmxRegister (JmxRegister.java:unregister(73)) - Successfully un-registered JMX Bean with object name Ratis:service=RaftServer,group=group-B9C73B4FE054,id=b7fbb734-148a-49a6-9cb1-519eb8bdf364
2019-11-15 20:27:27,427 [grpc-default-executor-12] INFO  impl.RoleInfo (RoleInfo.java:shutdownLeaderState(104)) - b7fbb734-148a-49a6-9cb1-519eb8bdf364: shutdown LeaderState
2019-11-15 20:27:27,427 [grpc-default-executor-12] INFO  impl.PendingRequests (PendingRequests.java:sendNotLeaderResponses(206)) - b7fbb734-148a-49a6-9cb1-519eb8bdf364@group-B9C73B4FE054-PendingRequests: sendNotLeaderResponses
2019-11-15 20:27:27,427 [org.apache.ratis.server.impl.LogAppender$AppenderDaemon$$Lambda$425/1230114949@737683bb] WARN  server.GrpcLogAppender (GrpcLogAppender.java:mayWait(151)) - b7fbb734-148a-49a6-9cb1-519eb8bdf364@group-B9C73B4FE054->77a687a8-07fe-464e-b0f2-03532ede599a-GrpcLogAppender: Wait interrupted by java.lang.InterruptedException
2019-11-15 20:27:27,434 [b7fbb734-148a-49a6-9cb1-519eb8bdf364@group-B9C73B4FE054-StateMachineUpdater] INFO  ratis.ContainerStateMachine (ContainerStateMachine.java:takeSnapshot(285)) - group-B9C73B4FE054: Taking a snapshot at:(t:1, i:4) file /workdir/hadoop-ozone/integration-test/target/test-dir/MiniOzoneClusterImpl-2baab228-4da8-45e4-8c00-c7e13f1dd389/datanode-8/data/ratis/68b400d2-f8ff-4397-acae-b9c73b4fe054/sm/snapshot.1_4
2019-11-15 20:27:27,434 [grpc-default-executor-12] INFO  impl.StateMachineUpdater (StateMachineUpdater.java:stopAndJoin(136)) - b7fbb734-148a-49a6-9cb1-519eb8bdf364@group-B9C73B4FE054-StateMachineUpdater: set stopIndex = 4
2019-11-15 20:27:27,427 [org.apache.ratis.server.impl.LogAppender$AppenderDaemon$$Lambda$425/1230114949@36741b11] WARN  server.GrpcLogAppender (GrpcLogAppender.java:mayWait(151)) - b7fbb734-148a-49a6-9cb1-519eb8bdf364@group-B9C73B4FE054->0d66e4d5-0fe9-441c-84d0-b1903c285e78-GrpcLogAppender: Wait interrupted by java.lang.InterruptedException
2019-11-15 20:27:27,435 [grpc-default-executor-10] INFO  server.GrpcServerProtocolService (GrpcServerProtocolService.java:onCompleted(113)) - 77a687a8-07fe-464e-b0f2-03532ede599a: Completed APPEND_ENTRIES, lastRequest: b7fbb734-148a-49a6-9cb1-519eb8bdf364->77a687a8-07fe-464e-b0f2-03532ede599a#7-t1, previous=(t:1, i:3), leaderCommit=2, initializing? false, entries: size=1, first=(t:1, i:4), METADATAENTRY(c2)
2019-11-15 20:27:27,435 [grpc-default-executor-10] INFO  server.GrpcServerProtocolService (GrpcServerProtocolService.java:onCompleted(113)) - 0d66e4d5-0fe9-441c-84d0-b1903c285e78: Completed APPEND_ENTRIES, lastRequest: b7fbb734-148a-49a6-9cb1-519eb8bdf364->0d66e4d5-0fe9-441c-84d0-b1903c285e78#7-t1, previous=(t:1, i:3), leaderCommit=2, initializing? false, entries: size=1, first=(t:1, i:4), METADATAENTRY(c2)
2019-11-15 20:27:27,435 [grpc-default-executor-10] INFO  server.GrpcLogAppender (GrpcLogAppender.java:onCompleted(308)) - b7fbb734-148a-49a6-9cb1-519eb8bdf364@group-B9C73B4FE054->0d66e4d5-0fe9-441c-84d0-b1903c285e78-AppendLogResponseHandler: follower responses appendEntries COMPLETED
2019-11-15 20:27:27,435 [grpc-default-executor-9] INFO  server.GrpcLogAppender (GrpcLogAppender.java:onCompleted(308)) - b7fbb734-148a-49a6-9cb1-519eb8bdf364@group-B9C73B4FE054->77a687a8-07fe-464e-b0f2-03532ede599a-AppendLogResponseHandler: follower responses appendEntries COMPLETED
2019-11-15 20:27:27,435 [grpc-default-executor-10] INFO  impl.FollowerInfo (FollowerInfo.java:lambda$new$0(51)) - b7fbb734-148a-49a6-9cb1-519eb8bdf364@group-B9C73B4FE054->0d66e4d5-0fe9-441c-84d0-b1903c285e78: nextIndex: updateUnconditionally 5 -> 4
2019-11-15 20:27:27,436 [grpc-default-executor-9] INFO  impl.FollowerInfo (FollowerInfo.java:lambda$new$0(51)) - b7fbb734-148a-49a6-9cb1-519eb8bdf364@group-B9C73B4FE054->77a687a8-07fe-464e-b0f2-03532ede599a: nextIndex: updateUnconditionally 5 -> 4
2019-11-15 20:27:27,459 [b7fbb734-148a-49a6-9cb1-519eb8bdf364@group-B9C73B4FE054-StateMachineUpdater] INFO  ratis.ContainerStateMachine (ContainerStateMachine.java:takeSnapshot(296)) - group-B9C73B4FE054: Finished taking a snapshot at:(t:1, i:4) file:/workdir/hadoop-ozone/integration-test/target/test-dir/MiniOzoneClusterImpl-2baab228-4da8-45e4-8c00-c7e13f1dd389/datanode-8/data/ratis/68b400d2-f8ff-4397-acae-b9c73b4fe054/sm/snapshot.1_4 time:25
2019-11-15 20:27:27,459 [b7fbb734-148a-49a6-9cb1-519eb8bdf364@group-B9C73B4FE054-StateMachineUpdater] INFO  impl.StateMachineUpdater (StateMachineUpdater.java:takeSnapshot(269)) - b7fbb734-148a-49a6-9cb1-519eb8bdf364@group-B9C73B4FE054-StateMachineUpdater: Took a snapshot at index 4
2019-11-15 20:27:27,459 [b7fbb734-148a-49a6-9cb1-519eb8bdf364@group-B9C73B4FE054-StateMachineUpdater] INFO  impl.StateMachineUpdater (StateMachineUpdater.java:lambda$new$0(84)) - b7fbb734-148a-49a6-9cb1-519eb8bdf364@group-B9C73B4FE054-StateMachineUpdater: snapshotIndex: updateIncreasingly -1 -> 4
2019-11-15 20:27:27,460 [grpc-default-executor-12] INFO  impl.RaftServerImpl (ServerState.java:close(387)) - b7fbb734-148a-49a6-9cb1-519eb8bdf364@group-B9C73B4FE054: closes. applyIndex: 4
2019-11-15 20:27:27,460 [b7fbb734-148a-49a6-9cb1-519eb8bdf364@group-B9C73B4FE054-SegmentedRaftLogWorker] INFO  segmented.SegmentedRaftLogWorker (SegmentedRaftLogWorker.java:run(316)) - b7fbb734-148a-49a6-9cb1-519eb8bdf364@group-B9C73B4FE054-SegmentedRaftLogWorker was interrupted, exiting. There are 0 tasks remaining in the queue.
2019-11-15 20:27:27,460 [grpc-default-executor-12] INFO  segmented.SegmentedRaftLogWorker (SegmentedRaftLogWorker.java:close(224)) - b7fbb734-148a-49a6-9cb1-519eb8bdf364@group-B9C73B4FE054-SegmentedRaftLogWorker close()
2019-11-15 20:27:27,485 [Datanode State Machine Thread - 0] INFO  statemachine.DatanodeStateMachine (DatanodeStateMachine.java:lambda$startDaemon$0(355)) - Ozone container server started.
2019-11-15 20:27:27,698 [Thread-4139] INFO  impl.FollowerState (FollowerState.java:run(111)) - 95354d75-8d68-42fd-a60f-edc5fe17909c@group-5B00BECFAB72-FollowerState: change to CANDIDATE, lastRpcTime:1039ms, electionTimeout:1039ms
2019-11-15 20:27:27,699 [Thread-4139] INFO  impl.RoleInfo (RoleInfo.java:shutdownFollowerState(121)) - 95354d75-8d68-42fd-a60f-edc5fe17909c: shutdown FollowerState
2019-11-15 20:27:27,699 [Thread-4139] INFO  impl.RaftServerImpl (RaftServerImpl.java:setRole(173)) - 95354d75-8d68-42fd-a60f-edc5fe17909c@group-5B00BECFAB72: changes role from  FOLLOWER to CANDIDATE at term 0 for changeToCandidate
2019-11-15 20:27:27,699 [Thread-4139] INFO  impl.RoleInfo (RoleInfo.java:updateAndGet(143)) - 95354d75-8d68-42fd-a60f-edc5fe17909c: start LeaderElection
2019-11-15 20:27:27,801 [Thread-4148] INFO  impl.FollowerState (FollowerState.java:run(111)) - 6d6ed0d9-a6ea-4ace-a9af-83891056ab32@group-5683BA28C057-FollowerState: change to CANDIDATE, lastRpcTime:1058ms, electionTimeout:1058ms
2019-11-15 20:27:27,801 [Thread-4148] INFO  impl.RoleInfo (RoleInfo.java:shutdownFollowerState(121)) - 6d6ed0d9-a6ea-4ace-a9af-83891056ab32: shutdown FollowerState
2019-11-15 20:27:27,802 [Thread-4148] INFO  impl.RaftServerImpl (RaftServerImpl.java:setRole(173)) - 6d6ed0d9-a6ea-4ace-a9af-83891056ab32@group-5683BA28C057: changes role from  FOLLOWER to CANDIDATE at term 0 for changeToCandidate
2019-11-15 20:27:27,802 [Thread-4148] INFO  impl.RoleInfo (RoleInfo.java:updateAndGet(143)) - 6d6ed0d9-a6ea-4ace-a9af-83891056ab32: start LeaderElection
2019-11-15 20:27:27,931 [grpc-default-executor-12] INFO  interfaces.Container (KeyValueContainer.java:flushAndSyncDB(400)) - Container 1 is synced with bcsId 2.
2019-11-15 20:27:27,931 [grpc-default-executor-12] INFO  interfaces.Container (KeyValueContainer.java:flushAndSyncDB(400)) - Container 1 is synced with bcsId 2.
2019-11-15 20:27:27,941 [95354d75-8d68-42fd-a60f-edc5fe17909c@group-5B00BECFAB72-LeaderElection173] INFO  impl.LeaderElection (LeaderElection.java:askForVotes(178)) - 95354d75-8d68-42fd-a60f-edc5fe17909c@group-5B00BECFAB72-LeaderElection173: begin an election at term 1 for -1: [95354d75-8d68-42fd-a60f-edc5fe17909c:192.168.157.201:38687], old=null
2019-11-15 20:27:27,941 [6d6ed0d9-a6ea-4ace-a9af-83891056ab32@group-5683BA28C057-LeaderElection174] INFO  impl.LeaderElection (LeaderElection.java:askForVotes(178)) - 6d6ed0d9-a6ea-4ace-a9af-83891056ab32@group-5683BA28C057-LeaderElection174: begin an election at term 1 for -1: [6d6ed0d9-a6ea-4ace-a9af-83891056ab32:192.168.157.201:37473], old=null
2019-11-15 20:27:27,941 [95354d75-8d68-42fd-a60f-edc5fe17909c@group-5B00BECFAB72-LeaderElection173] INFO  impl.RoleInfo (RoleInfo.java:shutdownLeaderElection(134)) - 95354d75-8d68-42fd-a60f-edc5fe17909c: shutdown LeaderElection
2019-11-15 20:27:27,941 [6d6ed0d9-a6ea-4ace-a9af-83891056ab32@group-5683BA28C057-LeaderElection174] INFO  impl.RoleInfo (RoleInfo.java:shutdownLeaderElection(134)) - 6d6ed0d9-a6ea-4ace-a9af-83891056ab32: shutdown LeaderElection
2019-11-15 20:27:27,941 [95354d75-8d68-42fd-a60f-edc5fe17909c@group-5B00BECFAB72-LeaderElection173] INFO  impl.RaftServerImpl (RaftServerImpl.java:setRole(173)) - 95354d75-8d68-42fd-a60f-edc5fe17909c@group-5B00BECFAB72: changes role from CANDIDATE to LEADER at term 1 for changeToLeader
2019-11-15 20:27:27,941 [6d6ed0d9-a6ea-4ace-a9af-83891056ab32@group-5683BA28C057-LeaderElection174] INFO  impl.RaftServerImpl (RaftServerImpl.java:setRole(173)) - 6d6ed0d9-a6ea-4ace-a9af-83891056ab32@group-5683BA28C057: changes role from CANDIDATE to LEADER at term 1 for changeToLeader
2019-11-15 20:27:27,941 [95354d75-8d68-42fd-a60f-edc5fe17909c@group-5B00BECFAB72-LeaderElection173] INFO  ratis.XceiverServerRatis (XceiverServerRatis.java:handleLeaderChangedNotification(697)) - Leader change notification received for group: group-5B00BECFAB72 with new leaderId: 95354d75-8d68-42fd-a60f-edc5fe17909c
2019-11-15 20:27:27,941 [6d6ed0d9-a6ea-4ace-a9af-83891056ab32@group-5683BA28C057-LeaderElection174] INFO  ratis.XceiverServerRatis (XceiverServerRatis.java:handleLeaderChangedNotification(697)) - Leader change notification received for group: group-5683BA28C057 with new leaderId: 6d6ed0d9-a6ea-4ace-a9af-83891056ab32
2019-11-15 20:27:27,941 [95354d75-8d68-42fd-a60f-edc5fe17909c@group-5B00BECFAB72-LeaderElection173] INFO  impl.RaftServerImpl (ServerState.java:setLeader(255)) - 95354d75-8d68-42fd-a60f-edc5fe17909c@group-5B00BECFAB72: change Leader from null to 95354d75-8d68-42fd-a60f-edc5fe17909c at term 1 for becomeLeader, leader elected after 1284ms
2019-11-15 20:27:27,941 [6d6ed0d9-a6ea-4ace-a9af-83891056ab32@group-5683BA28C057-LeaderElection174] INFO  impl.RaftServerImpl (ServerState.java:setLeader(255)) - 6d6ed0d9-a6ea-4ace-a9af-83891056ab32@group-5683BA28C057: change Leader from null to 6d6ed0d9-a6ea-4ace-a9af-83891056ab32 at term 1 for becomeLeader, leader elected after 1206ms
2019-11-15 20:27:27,942 [95354d75-8d68-42fd-a60f-edc5fe17909c@group-5B00BECFAB72-LeaderElection173] INFO  server.RaftServerConfigKeys (ConfUtils.java:logGet(43)) - raft.server.staging.catchup.gap = 1000 (default)
2019-11-15 20:27:27,942 [6d6ed0d9-a6ea-4ace-a9af-83891056ab32@group-5683BA28C057-LeaderElection174] INFO  server.RaftServerConfigKeys (ConfUtils.java:logGet(43)) - raft.server.staging.catchup.gap = 1000 (default)
2019-11-15 20:27:27,942 [95354d75-8d68-42fd-a60f-edc5fe17909c@group-5B00BECFAB72-LeaderElection173] INFO  server.RaftServerConfigKeys (ConfUtils.java:logGet(43)) - raft.server.rpc.sleep.time = 25ms (default)
2019-11-15 20:27:27,942 [6d6ed0d9-a6ea-4ace-a9af-83891056ab32@group-5683BA28C057-LeaderElection174] INFO  server.RaftServerConfigKeys (ConfUtils.java:logGet(43)) - raft.server.rpc.sleep.time = 25ms (default)
2019-11-15 20:27:27,942 [95354d75-8d68-42fd-a60f-edc5fe17909c@group-5B00BECFAB72-LeaderElection173] INFO  server.RaftServerConfigKeys (ConfUtils.java:logGet(43)) - raft.server.write.element-limit = 4096 (default)
2019-11-15 20:27:27,942 [EventQueue-PipelineReportForPipelineReportHandler] INFO  pipeline.PipelineStateManager (PipelineStateManager.java:openPipeline(134)) - Pipeline Pipeline[ Id: 0811ca30-9b03-4b2d-a0f7-5683ba28c057, Nodes: 6d6ed0d9-a6ea-4ace-a9af-83891056ab32{ip: 192.168.157.201, host: pr-hdds-2514-unusedmethodparam-9qkq7-1267773169, networkLocation: /rack1, certSerialId: null}, Type:RATIS, Factor:ONE, State:OPEN] moved to OPEN state
2019-11-15 20:27:27,942 [6d6ed0d9-a6ea-4ace-a9af-83891056ab32@group-5683BA28C057-LeaderElection174] INFO  server.RaftServerConfigKeys (ConfUtils.java:logGet(43)) - raft.server.write.element-limit = 4096 (default)
2019-11-15 20:27:27,942 [95354d75-8d68-42fd-a60f-edc5fe17909c@group-5B00BECFAB72-LeaderElection173] INFO  server.RaftServerConfigKeys (ConfUtils.java:logGet(43)) - raft.server.watch.timeout = 10s (default)
2019-11-15 20:27:27,942 [EventQueue-PipelineReportForPipelineReportHandler] INFO  pipeline.PipelineStateManager (PipelineStateManager.java:openPipeline(134)) - Pipeline Pipeline[ Id: bbcaaeeb-a449-42b4-8cfb-5b00becfab72, Nodes: 95354d75-8d68-42fd-a60f-edc5fe17909c{ip: 192.168.157.201, host: pr-hdds-2514-unusedmethodparam-9qkq7-1267773169, networkLocation: /rack1, certSerialId: null}, Type:RATIS, Factor:ONE, State:OPEN] moved to OPEN state
2019-11-15 20:27:27,942 [6d6ed0d9-a6ea-4ace-a9af-83891056ab32@group-5683BA28C057-LeaderElection174] INFO  server.RaftServerConfigKeys (ConfUtils.java:logGet(43)) - raft.server.watch.timeout = 10s (default)
2019-11-15 20:27:27,942 [95354d75-8d68-42fd-a60f-edc5fe17909c@group-5B00BECFAB72-LeaderElection173] INFO  server.RaftServerConfigKeys (ConfUtils.java:logGet(43)) - raft.server.watch.timeout.denomination = 1s (default)
2019-11-15 20:27:27,943 [6d6ed0d9-a6ea-4ace-a9af-83891056ab32@group-5683BA28C057-LeaderElection174] INFO  server.RaftServerConfigKeys (ConfUtils.java:logGet(43)) - raft.server.watch.timeout.denomination = 1s (default)
2019-11-15 20:27:27,943 [95354d75-8d68-42fd-a60f-edc5fe17909c@group-5B00BECFAB72-LeaderElection173] INFO  server.RaftServerConfigKeys (ConfUtils.java:logGet(43)) - raft.server.watch.element-limit = 65536 (default)
2019-11-15 20:27:27,943 [6d6ed0d9-a6ea-4ace-a9af-83891056ab32@group-5683BA28C057-LeaderElection174] INFO  server.RaftServerConfigKeys (ConfUtils.java:logGet(43)) - raft.server.watch.element-limit = 65536 (default)
2019-11-15 20:27:27,943 [95354d75-8d68-42fd-a60f-edc5fe17909c@group-5B00BECFAB72-LeaderElection173] INFO  impl.RoleInfo (RoleInfo.java:updateAndGet(143)) - 95354d75-8d68-42fd-a60f-edc5fe17909c: start LeaderState
2019-11-15 20:27:27,943 [6d6ed0d9-a6ea-4ace-a9af-83891056ab32@group-5683BA28C057-LeaderElection174] INFO  impl.RoleInfo (RoleInfo.java:updateAndGet(143)) - 6d6ed0d9-a6ea-4ace-a9af-83891056ab32: start LeaderState
2019-11-15 20:27:27,943 [95354d75-8d68-42fd-a60f-edc5fe17909c@group-5B00BECFAB72-LeaderElection173] INFO  segmented.SegmentedRaftLogWorker (SegmentedRaftLogWorker.java:startLogSegment(385)) - 95354d75-8d68-42fd-a60f-edc5fe17909c@group-5B00BECFAB72-SegmentedRaftLogWorker: Starting segment from index:0
2019-11-15 20:27:27,943 [6d6ed0d9-a6ea-4ace-a9af-83891056ab32@group-5683BA28C057-LeaderElection174] INFO  segmented.SegmentedRaftLogWorker (SegmentedRaftLogWorker.java:startLogSegment(385)) - 6d6ed0d9-a6ea-4ace-a9af-83891056ab32@group-5683BA28C057-SegmentedRaftLogWorker: Starting segment from index:0
2019-11-15 20:27:27,943 [6d6ed0d9-a6ea-4ace-a9af-83891056ab32@group-5683BA28C057-LeaderElection174] INFO  impl.RaftServerImpl (ServerState.java:setRaftConf(356)) - 6d6ed0d9-a6ea-4ace-a9af-83891056ab32@group-5683BA28C057: set configuration 0: [6d6ed0d9-a6ea-4ace-a9af-83891056ab32:192.168.157.201:37473], old=null at 0
2019-11-15 20:27:27,944 [95354d75-8d68-42fd-a60f-edc5fe17909c@group-5B00BECFAB72-LeaderElection173] INFO  impl.RaftServerImpl (ServerState.java:setRaftConf(356)) - 95354d75-8d68-42fd-a60f-edc5fe17909c@group-5B00BECFAB72: set configuration 0: [95354d75-8d68-42fd-a60f-edc5fe17909c:192.168.157.201:38687], old=null at 0
2019-11-15 20:27:27,978 [grpc-default-executor-12] INFO  impl.RaftServerProxy (RaftServerProxy.java:remove(95)) - 0d66e4d5-0fe9-441c-84d0-b1903c285e78: remove  FOLLOWER 0d66e4d5-0fe9-441c-84d0-b1903c285e78@group-B9C73B4FE054:t1, leader=b7fbb734-148a-49a6-9cb1-519eb8bdf364, voted=b7fbb734-148a-49a6-9cb1-519eb8bdf364, raftlog=0d66e4d5-0fe9-441c-84d0-b1903c285e78@group-B9C73B4FE054-SegmentedRaftLog:OPENED:c2,f4,i4, conf=0: [0d66e4d5-0fe9-441c-84d0-b1903c285e78:192.168.157.201:44210, b7fbb734-148a-49a6-9cb1-519eb8bdf364:192.168.157.201:44174, 77a687a8-07fe-464e-b0f2-03532ede599a:192.168.157.201:39884], old=null RUNNING
2019-11-15 20:27:27,978 [grpc-default-executor-12] INFO  impl.RaftServerImpl (RaftServerImpl.java:lambda$shutdown$3(250)) - 0d66e4d5-0fe9-441c-84d0-b1903c285e78@group-B9C73B4FE054: shutdown
2019-11-15 20:27:27,978 [grpc-default-executor-12] INFO  util.JmxRegister (JmxRegister.java:unregister(73)) - Successfully un-registered JMX Bean with object name Ratis:service=RaftServer,group=group-B9C73B4FE054,id=0d66e4d5-0fe9-441c-84d0-b1903c285e78
2019-11-15 20:27:27,978 [grpc-default-executor-12] INFO  impl.RoleInfo (RoleInfo.java:shutdownFollowerState(121)) - 0d66e4d5-0fe9-441c-84d0-b1903c285e78: shutdown FollowerState
2019-11-15 20:27:27,979 [grpc-default-executor-12] INFO  impl.StateMachineUpdater (StateMachineUpdater.java:stopAndJoin(136)) - 0d66e4d5-0fe9-441c-84d0-b1903c285e78@group-B9C73B4FE054-StateMachineUpdater: set stopIndex = 2
2019-11-15 20:27:27,979 [Thread-4113] INFO  impl.FollowerState (FollowerState.java:run(120)) - 0d66e4d5-0fe9-441c-84d0-b1903c285e78@group-B9C73B4FE054-FollowerState was interrupted: java.lang.InterruptedException: sleep interrupted
2019-11-15 20:27:27,979 [0d66e4d5-0fe9-441c-84d0-b1903c285e78@group-B9C73B4FE054-StateMachineUpdater] INFO  ratis.ContainerStateMachine (ContainerStateMachine.java:takeSnapshot(285)) - group-B9C73B4FE054: Taking a snapshot at:(t:1, i:2) file /workdir/hadoop-ozone/integration-test/target/test-dir/MiniOzoneClusterImpl-2baab228-4da8-45e4-8c00-c7e13f1dd389/datanode-5/data/ratis/68b400d2-f8ff-4397-acae-b9c73b4fe054/sm/snapshot.1_2
2019-11-15 20:27:27,987 [95354d75-8d68-42fd-a60f-edc5fe17909c@group-5B00BECFAB72-SegmentedRaftLogWorker] INFO  segmented.SegmentedRaftLogWorker (SegmentedRaftLogWorker.java:execute(576)) - 95354d75-8d68-42fd-a60f-edc5fe17909c@group-5B00BECFAB72-SegmentedRaftLogWorker: created new log segment /workdir/hadoop-ozone/integration-test/target/test-dir/MiniOzoneClusterImpl-2baab228-4da8-45e4-8c00-c7e13f1dd389/datanode-0/data/ratis/bbcaaeeb-a449-42b4-8cfb-5b00becfab72/current/log_inprogress_0
2019-11-15 20:27:27,987 [6d6ed0d9-a6ea-4ace-a9af-83891056ab32@group-5683BA28C057-SegmentedRaftLogWorker] INFO  segmented.SegmentedRaftLogWorker (SegmentedRaftLogWorker.java:execute(576)) - 6d6ed0d9-a6ea-4ace-a9af-83891056ab32@group-5683BA28C057-SegmentedRaftLogWorker: created new log segment /workdir/hadoop-ozone/integration-test/target/test-dir/MiniOzoneClusterImpl-2baab228-4da8-45e4-8c00-c7e13f1dd389/datanode-6/data/ratis/0811ca30-9b03-4b2d-a0f7-5683ba28c057/current/log_inprogress_0
2019-11-15 20:27:27,988 [0d66e4d5-0fe9-441c-84d0-b1903c285e78@group-B9C73B4FE054-StateMachineUpdater] INFO  ratis.ContainerStateMachine (ContainerStateMachine.java:takeSnapshot(296)) - group-B9C73B4FE054: Finished taking a snapshot at:(t:1, i:2) file:/workdir/hadoop-ozone/integration-test/target/test-dir/MiniOzoneClusterImpl-2baab228-4da8-45e4-8c00-c7e13f1dd389/datanode-5/data/ratis/68b400d2-f8ff-4397-acae-b9c73b4fe054/sm/snapshot.1_2 time:10
2019-11-15 20:27:27,988 [0d66e4d5-0fe9-441c-84d0-b1903c285e78@group-B9C73B4FE054-StateMachineUpdater] INFO  impl.StateMachineUpdater (StateMachineUpdater.java:takeSnapshot(269)) - 0d66e4d5-0fe9-441c-84d0-b1903c285e78@group-B9C73B4FE054-StateMachineUpdater: Took a snapshot at index 2
2019-11-15 20:27:27,988 [0d66e4d5-0fe9-441c-84d0-b1903c285e78@group-B9C73B4FE054-StateMachineUpdater] INFO  impl.StateMachineUpdater (StateMachineUpdater.java:lambda$new$0(84)) - 0d66e4d5-0fe9-441c-84d0-b1903c285e78@group-B9C73B4FE054-StateMachineUpdater: snapshotIndex: updateIncreasingly -1 -> 2
2019-11-15 20:27:27,989 [grpc-default-executor-12] INFO  impl.RaftServerImpl (ServerState.java:close(387)) - 0d66e4d5-0fe9-441c-84d0-b1903c285e78@group-B9C73B4FE054: closes. applyIndex: 2
2019-11-15 20:27:27,989 [0d66e4d5-0fe9-441c-84d0-b1903c285e78@group-B9C73B4FE054-SegmentedRaftLogWorker] INFO  segmented.SegmentedRaftLogWorker (SegmentedRaftLogWorker.java:run(316)) - 0d66e4d5-0fe9-441c-84d0-b1903c285e78@group-B9C73B4FE054-SegmentedRaftLogWorker was interrupted, exiting. There are 0 tasks remaining in the queue.
2019-11-15 20:27:27,989 [grpc-default-executor-12] INFO  segmented.SegmentedRaftLogWorker (SegmentedRaftLogWorker.java:close(224)) - 0d66e4d5-0fe9-441c-84d0-b1903c285e78@group-B9C73B4FE054-SegmentedRaftLogWorker close()
2019-11-15 20:27:28,023 [Thread-4173] INFO  impl.FollowerState (FollowerState.java:run(111)) - 0d66e4d5-0fe9-441c-84d0-b1903c285e78@group-12E90F567056-FollowerState: change to CANDIDATE, lastRpcTime:1098ms, electionTimeout:1098ms
2019-11-15 20:27:28,023 [Thread-4173] INFO  impl.RoleInfo (RoleInfo.java:shutdownFollowerState(121)) - 0d66e4d5-0fe9-441c-84d0-b1903c285e78: shutdown FollowerState
2019-11-15 20:27:28,023 [Thread-4173] INFO  impl.RaftServerImpl (RaftServerImpl.java:setRole(173)) - 0d66e4d5-0fe9-441c-84d0-b1903c285e78@group-12E90F567056: changes role from  FOLLOWER to CANDIDATE at term 0 for changeToCandidate
2019-11-15 20:27:28,023 [Thread-4173] INFO  impl.RoleInfo (RoleInfo.java:updateAndGet(143)) - 0d66e4d5-0fe9-441c-84d0-b1903c285e78: start LeaderElection
2019-11-15 20:27:28,026 [Thread-4159] INFO  impl.FollowerState (FollowerState.java:run(111)) - ecb82392-9efc-4718-8957-302e66d96ccd@group-321D9595DF86-FollowerState: change to CANDIDATE, lastRpcTime:1162ms, electionTimeout:1161ms
2019-11-15 20:27:28,031 [Thread-4159] INFO  impl.RoleInfo (RoleInfo.java:shutdownFollowerState(121)) - ecb82392-9efc-4718-8957-302e66d96ccd: shutdown FollowerState
2019-11-15 20:27:28,031 [Thread-4159] INFO  impl.RaftServerImpl (RaftServerImpl.java:setRole(173)) - ecb82392-9efc-4718-8957-302e66d96ccd@group-321D9595DF86: changes role from  FOLLOWER to CANDIDATE at term 0 for changeToCandidate
2019-11-15 20:27:28,032 [Thread-4159] INFO  impl.RoleInfo (RoleInfo.java:updateAndGet(143)) - ecb82392-9efc-4718-8957-302e66d96ccd: start LeaderElection
2019-11-15 20:27:28,034 [Thread-4157] INFO  impl.FollowerState (FollowerState.java:run(111)) - 6d6ed0d9-a6ea-4ace-a9af-83891056ab32@group-321D9595DF86-FollowerState: change to CANDIDATE, lastRpcTime:1171ms, electionTimeout:1170ms
2019-11-15 20:27:28,034 [Thread-4157] INFO  impl.RoleInfo (RoleInfo.java:shutdownFollowerState(121)) - 6d6ed0d9-a6ea-4ace-a9af-83891056ab32: shutdown FollowerState
2019-11-15 20:27:28,034 [Thread-4157] INFO  impl.RaftServerImpl (RaftServerImpl.java:setRole(173)) - 6d6ed0d9-a6ea-4ace-a9af-83891056ab32@group-321D9595DF86: changes role from  FOLLOWER to CANDIDATE at term 0 for changeToCandidate
2019-11-15 20:27:28,035 [Thread-4157] INFO  impl.RoleInfo (RoleInfo.java:updateAndGet(143)) - 6d6ed0d9-a6ea-4ace-a9af-83891056ab32: start LeaderElection
2019-11-15 20:27:28,038 [Thread-4158] INFO  impl.FollowerState (FollowerState.java:run(111)) - c767ecc1-97b1-4b32-a4b7-dad4991a192e@group-321D9595DF86-FollowerState: change to CANDIDATE, lastRpcTime:1174ms, electionTimeout:1173ms
2019-11-15 20:27:28,038 [Thread-4158] INFO  impl.RoleInfo (RoleInfo.java:shutdownFollowerState(121)) - c767ecc1-97b1-4b32-a4b7-dad4991a192e: shutdown FollowerState
2019-11-15 20:27:28,038 [Thread-4158] INFO  impl.RaftServerImpl (RaftServerImpl.java:setRole(173)) - c767ecc1-97b1-4b32-a4b7-dad4991a192e@group-321D9595DF86: changes role from  FOLLOWER to CANDIDATE at term 0 for changeToCandidate
2019-11-15 20:27:28,038 [Thread-4158] INFO  impl.RoleInfo (RoleInfo.java:updateAndGet(143)) - c767ecc1-97b1-4b32-a4b7-dad4991a192e: start LeaderElection
2019-11-15 20:27:28,083 [ecb82392-9efc-4718-8957-302e66d96ccd@group-321D9595DF86-LeaderElection176] INFO  impl.LeaderElection (LeaderElection.java:askForVotes(178)) - ecb82392-9efc-4718-8957-302e66d96ccd@group-321D9595DF86-LeaderElection176: begin an election at term 1 for -1: [ecb82392-9efc-4718-8957-302e66d96ccd:192.168.157.201:35685, 6d6ed0d9-a6ea-4ace-a9af-83891056ab32:192.168.157.201:37473, c767ecc1-97b1-4b32-a4b7-dad4991a192e:192.168.157.201:43389], old=null
2019-11-15 20:27:28,091 [c767ecc1-97b1-4b32-a4b7-dad4991a192e@group-321D9595DF86-LeaderElection178] INFO  impl.LeaderElection (LeaderElection.java:askForVotes(178)) - c767ecc1-97b1-4b32-a4b7-dad4991a192e@group-321D9595DF86-LeaderElection178: begin an election at term 1 for -1: [ecb82392-9efc-4718-8957-302e66d96ccd:192.168.157.201:35685, 6d6ed0d9-a6ea-4ace-a9af-83891056ab32:192.168.157.201:37473, c767ecc1-97b1-4b32-a4b7-dad4991a192e:192.168.157.201:43389], old=null
2019-11-15 20:27:28,091 [6d6ed0d9-a6ea-4ace-a9af-83891056ab32@group-321D9595DF86-LeaderElection177] INFO  impl.LeaderElection (LeaderElection.java:askForVotes(178)) - 6d6ed0d9-a6ea-4ace-a9af-83891056ab32@group-321D9595DF86-LeaderElection177: begin an election at term 1 for -1: [ecb82392-9efc-4718-8957-302e66d96ccd:192.168.157.201:35685, 6d6ed0d9-a6ea-4ace-a9af-83891056ab32:192.168.157.201:37473, c767ecc1-97b1-4b32-a4b7-dad4991a192e:192.168.157.201:43389], old=null
2019-11-15 20:27:28,092 [0d66e4d5-0fe9-441c-84d0-b1903c285e78@group-12E90F567056-LeaderElection175] INFO  impl.LeaderElection (LeaderElection.java:askForVotes(178)) - 0d66e4d5-0fe9-441c-84d0-b1903c285e78@group-12E90F567056-LeaderElection175: begin an election at term 1 for -1: [0d66e4d5-0fe9-441c-84d0-b1903c285e78:192.168.157.201:44210], old=null
2019-11-15 20:27:28,092 [0d66e4d5-0fe9-441c-84d0-b1903c285e78@group-12E90F567056-LeaderElection175] INFO  impl.RoleInfo (RoleInfo.java:shutdownLeaderElection(134)) - 0d66e4d5-0fe9-441c-84d0-b1903c285e78: shutdown LeaderElection
2019-11-15 20:27:28,092 [ecb82392-9efc-4718-8957-302e66d96ccd@group-321D9595DF86-LeaderElection176] INFO  impl.LeaderElection (LeaderElection.java:logAndReturn(56)) - ecb82392-9efc-4718-8957-302e66d96ccd@group-321D9595DF86-LeaderElection176: Election REJECTED; received 2 response(s) [ecb82392-9efc-4718-8957-302e66d96ccd<-6d6ed0d9-a6ea-4ace-a9af-83891056ab32#0:FAIL-t1, ecb82392-9efc-4718-8957-302e66d96ccd<-c767ecc1-97b1-4b32-a4b7-dad4991a192e#0:FAIL-t1] and 0 exception(s); ecb82392-9efc-4718-8957-302e66d96ccd@group-321D9595DF86:t1, leader=null, voted=ecb82392-9efc-4718-8957-302e66d96ccd, raftlog=ecb82392-9efc-4718-8957-302e66d96ccd@group-321D9595DF86-SegmentedRaftLog:OPENED:c-1,f-1,i0, conf=-1: [ecb82392-9efc-4718-8957-302e66d96ccd:192.168.157.201:35685, 6d6ed0d9-a6ea-4ace-a9af-83891056ab32:192.168.157.201:37473, c767ecc1-97b1-4b32-a4b7-dad4991a192e:192.168.157.201:43389], old=null
2019-11-15 20:27:28,092 [0d66e4d5-0fe9-441c-84d0-b1903c285e78@group-12E90F567056-LeaderElection175] INFO  impl.RaftServerImpl (RaftServerImpl.java:setRole(173)) - 0d66e4d5-0fe9-441c-84d0-b1903c285e78@group-12E90F567056: changes role from CANDIDATE to LEADER at term 1 for changeToLeader
2019-11-15 20:27:28,092 [ecb82392-9efc-4718-8957-302e66d96ccd@group-321D9595DF86-LeaderElection176] INFO  impl.RaftServerImpl (RaftServerImpl.java:setRole(173)) - ecb82392-9efc-4718-8957-302e66d96ccd@group-321D9595DF86: changes role from CANDIDATE to FOLLOWER at term 1 for DISCOVERED_A_NEW_TERM
2019-11-15 20:27:28,093 [0d66e4d5-0fe9-441c-84d0-b1903c285e78@group-12E90F567056-LeaderElection175] INFO  ratis.XceiverServerRatis (XceiverServerRatis.java:handleLeaderChangedNotification(697)) - Leader change notification received for group: group-12E90F567056 with new leaderId: 0d66e4d5-0fe9-441c-84d0-b1903c285e78
2019-11-15 20:27:28,093 [ecb82392-9efc-4718-8957-302e66d96ccd@group-321D9595DF86-LeaderElection176] INFO  impl.RoleInfo (RoleInfo.java:shutdownLeaderElection(134)) - ecb82392-9efc-4718-8957-302e66d96ccd: shutdown LeaderElection
2019-11-15 20:27:28,093 [0d66e4d5-0fe9-441c-84d0-b1903c285e78@group-12E90F567056-LeaderElection175] INFO  impl.RaftServerImpl (ServerState.java:setLeader(255)) - 0d66e4d5-0fe9-441c-84d0-b1903c285e78@group-12E90F567056: change Leader from null to 0d66e4d5-0fe9-441c-84d0-b1903c285e78 at term 1 for becomeLeader, leader elected after 1175ms
2019-11-15 20:27:28,093 [0d66e4d5-0fe9-441c-84d0-b1903c285e78@group-12E90F567056-LeaderElection175] INFO  server.RaftServerConfigKeys (ConfUtils.java:logGet(43)) - raft.server.staging.catchup.gap = 1000 (default)
2019-11-15 20:27:28,093 [ecb82392-9efc-4718-8957-302e66d96ccd@group-321D9595DF86-LeaderElection176] INFO  impl.RoleInfo (RoleInfo.java:updateAndGet(143)) - ecb82392-9efc-4718-8957-302e66d96ccd: start FollowerState
2019-11-15 20:27:28,093 [0d66e4d5-0fe9-441c-84d0-b1903c285e78@group-12E90F567056-LeaderElection175] INFO  server.RaftServerConfigKeys (ConfUtils.java:logGet(43)) - raft.server.rpc.sleep.time = 25ms (default)
2019-11-15 20:27:28,094 [0d66e4d5-0fe9-441c-84d0-b1903c285e78@group-12E90F567056-LeaderElection175] INFO  server.RaftServerConfigKeys (ConfUtils.java:logGet(43)) - raft.server.write.element-limit = 4096 (default)
2019-11-15 20:27:28,094 [0d66e4d5-0fe9-441c-84d0-b1903c285e78@group-12E90F567056-LeaderElection175] INFO  server.RaftServerConfigKeys (ConfUtils.java:logGet(43)) - raft.server.watch.timeout = 10s (default)
2019-11-15 20:27:28,094 [0d66e4d5-0fe9-441c-84d0-b1903c285e78@group-12E90F567056-LeaderElection175] INFO  server.RaftServerConfigKeys (ConfUtils.java:logGet(43)) - raft.server.watch.timeout.denomination = 1s (default)
2019-11-15 20:27:28,094 [0d66e4d5-0fe9-441c-84d0-b1903c285e78@group-12E90F567056-LeaderElection175] INFO  server.RaftServerConfigKeys (ConfUtils.java:logGet(43)) - raft.server.watch.element-limit = 65536 (default)
2019-11-15 20:27:28,094 [0d66e4d5-0fe9-441c-84d0-b1903c285e78@group-12E90F567056-LeaderElection175] INFO  impl.RoleInfo (RoleInfo.java:updateAndGet(143)) - 0d66e4d5-0fe9-441c-84d0-b1903c285e78: start LeaderState
2019-11-15 20:27:28,094 [0d66e4d5-0fe9-441c-84d0-b1903c285e78@group-12E90F567056-LeaderElection175] INFO  segmented.SegmentedRaftLogWorker (SegmentedRaftLogWorker.java:startLogSegment(385)) - 0d66e4d5-0fe9-441c-84d0-b1903c285e78@group-12E90F567056-SegmentedRaftLogWorker: Starting segment from index:0
2019-11-15 20:27:28,095 [EventQueue-PipelineReportForPipelineReportHandler] INFO  pipeline.PipelineStateManager (PipelineStateManager.java:openPipeline(134)) - Pipeline Pipeline[ Id: 98913ebd-4718-4fb8-9931-12e90f567056, Nodes: 0d66e4d5-0fe9-441c-84d0-b1903c285e78{ip: 192.168.157.201, host: pr-hdds-2514-unusedmethodparam-9qkq7-1267773169, networkLocation: /rack1, certSerialId: null}, Type:RATIS, Factor:ONE, State:OPEN] moved to OPEN state
2019-11-15 20:27:28,095 [0d66e4d5-0fe9-441c-84d0-b1903c285e78@group-12E90F567056-LeaderElection175] INFO  impl.RaftServerImpl (ServerState.java:setRaftConf(356)) - 0d66e4d5-0fe9-441c-84d0-b1903c285e78@group-12E90F567056: set configuration 0: [0d66e4d5-0fe9-441c-84d0-b1903c285e78:192.168.157.201:44210], old=null at 0
2019-11-15 20:27:28,097 [6d6ed0d9-a6ea-4ace-a9af-83891056ab32@group-321D9595DF86-LeaderElection177] INFO  impl.LeaderElection (LeaderElection.java:logAndReturn(56)) - 6d6ed0d9-a6ea-4ace-a9af-83891056ab32@group-321D9595DF86-LeaderElection177: Election REJECTED; received 2 response(s) [6d6ed0d9-a6ea-4ace-a9af-83891056ab32<-ecb82392-9efc-4718-8957-302e66d96ccd#0:FAIL-t1, 6d6ed0d9-a6ea-4ace-a9af-83891056ab32<-c767ecc1-97b1-4b32-a4b7-dad4991a192e#0:FAIL-t1] and 0 exception(s); 6d6ed0d9-a6ea-4ace-a9af-83891056ab32@group-321D9595DF86:t1, leader=null, voted=6d6ed0d9-a6ea-4ace-a9af-83891056ab32, raftlog=6d6ed0d9-a6ea-4ace-a9af-83891056ab32@group-321D9595DF86-SegmentedRaftLog:OPENED:c-1,f-1,i0, conf=-1: [ecb82392-9efc-4718-8957-302e66d96ccd:192.168.157.201:35685, 6d6ed0d9-a6ea-4ace-a9af-83891056ab32:192.168.157.201:37473, c767ecc1-97b1-4b32-a4b7-dad4991a192e:192.168.157.201:43389], old=null
2019-11-15 20:27:28,097 [6d6ed0d9-a6ea-4ace-a9af-83891056ab32@group-321D9595DF86-LeaderElection177] INFO  impl.RaftServerImpl (RaftServerImpl.java:setRole(173)) - 6d6ed0d9-a6ea-4ace-a9af-83891056ab32@group-321D9595DF86: changes role from CANDIDATE to FOLLOWER at term 1 for DISCOVERED_A_NEW_TERM
2019-11-15 20:27:28,097 [6d6ed0d9-a6ea-4ace-a9af-83891056ab32@group-321D9595DF86-LeaderElection177] INFO  impl.RoleInfo (RoleInfo.java:shutdownLeaderElection(134)) - 6d6ed0d9-a6ea-4ace-a9af-83891056ab32: shutdown LeaderElection
2019-11-15 20:27:28,097 [6d6ed0d9-a6ea-4ace-a9af-83891056ab32@group-321D9595DF86-LeaderElection177] INFO  impl.RoleInfo (RoleInfo.java:updateAndGet(143)) - 6d6ed0d9-a6ea-4ace-a9af-83891056ab32: start FollowerState
2019-11-15 20:27:28,099 [c767ecc1-97b1-4b32-a4b7-dad4991a192e@group-321D9595DF86-LeaderElection178] INFO  impl.LeaderElection (LeaderElection.java:logAndReturn(56)) - c767ecc1-97b1-4b32-a4b7-dad4991a192e@group-321D9595DF86-LeaderElection178: Election REJECTED; received 2 response(s) [c767ecc1-97b1-4b32-a4b7-dad4991a192e<-ecb82392-9efc-4718-8957-302e66d96ccd#0:FAIL-t1, c767ecc1-97b1-4b32-a4b7-dad4991a192e<-6d6ed0d9-a6ea-4ace-a9af-83891056ab32#0:FAIL-t1] and 0 exception(s); c767ecc1-97b1-4b32-a4b7-dad4991a192e@group-321D9595DF86:t1, leader=null, voted=c767ecc1-97b1-4b32-a4b7-dad4991a192e, raftlog=c767ecc1-97b1-4b32-a4b7-dad4991a192e@group-321D9595DF86-SegmentedRaftLog:OPENED:c-1,f-1,i0, conf=-1: [ecb82392-9efc-4718-8957-302e66d96ccd:192.168.157.201:35685, 6d6ed0d9-a6ea-4ace-a9af-83891056ab32:192.168.157.201:37473, c767ecc1-97b1-4b32-a4b7-dad4991a192e:192.168.157.201:43389], old=null
2019-11-15 20:27:28,099 [c767ecc1-97b1-4b32-a4b7-dad4991a192e@group-321D9595DF86-LeaderElection178] INFO  impl.RaftServerImpl (RaftServerImpl.java:setRole(173)) - c767ecc1-97b1-4b32-a4b7-dad4991a192e@group-321D9595DF86: changes role from CANDIDATE to FOLLOWER at term 1 for DISCOVERED_A_NEW_TERM
2019-11-15 20:27:28,099 [c767ecc1-97b1-4b32-a4b7-dad4991a192e@group-321D9595DF86-LeaderElection178] INFO  impl.RoleInfo (RoleInfo.java:shutdownLeaderElection(134)) - c767ecc1-97b1-4b32-a4b7-dad4991a192e: shutdown LeaderElection
2019-11-15 20:27:28,099 [c767ecc1-97b1-4b32-a4b7-dad4991a192e@group-321D9595DF86-LeaderElection178] INFO  impl.RoleInfo (RoleInfo.java:updateAndGet(143)) - c767ecc1-97b1-4b32-a4b7-dad4991a192e: start FollowerState
2019-11-15 20:27:28,099 [grpc-default-executor-12] INFO  interfaces.Container (KeyValueContainer.java:flushAndSyncDB(400)) - Container 1 is synced with bcsId 2.
2019-11-15 20:27:28,100 [grpc-default-executor-12] INFO  interfaces.Container (KeyValueContainer.java:flushAndSyncDB(400)) - Container 1 is synced with bcsId 2.
2019-11-15 20:27:28,144 [EventQueue-IncrementalContainerReportForIncrementalContainerReportHandler] INFO  container.IncrementalContainerReportHandler (AbstractContainerReportHandler.java:updateContainerState(171)) - Moving container #1 to QUASI_CLOSED state, datanode 0d66e4d5-0fe9-441c-84d0-b1903c285e78{ip: 192.168.157.201, host: pr-hdds-2514-unusedmethodparam-9qkq7-1267773169, networkLocation: /rack1, certSerialId: null} reported QUASI_CLOSED replica.
2019-11-15 20:27:28,147 [grpc-default-executor-12] INFO  impl.RaftServerProxy (RaftServerProxy.java:remove(95)) - 77a687a8-07fe-464e-b0f2-03532ede599a: remove  FOLLOWER 77a687a8-07fe-464e-b0f2-03532ede599a@group-B9C73B4FE054:t1, leader=b7fbb734-148a-49a6-9cb1-519eb8bdf364, voted=77a687a8-07fe-464e-b0f2-03532ede599a, raftlog=77a687a8-07fe-464e-b0f2-03532ede599a@group-B9C73B4FE054-SegmentedRaftLog:OPENED:c2,f4,i4, conf=0: [0d66e4d5-0fe9-441c-84d0-b1903c285e78:192.168.157.201:44210, b7fbb734-148a-49a6-9cb1-519eb8bdf364:192.168.157.201:44174, 77a687a8-07fe-464e-b0f2-03532ede599a:192.168.157.201:39884], old=null RUNNING
2019-11-15 20:27:28,147 [grpc-default-executor-12] INFO  impl.RaftServerImpl (RaftServerImpl.java:lambda$shutdown$3(250)) - 77a687a8-07fe-464e-b0f2-03532ede599a@group-B9C73B4FE054: shutdown
2019-11-15 20:27:28,148 [grpc-default-executor-12] INFO  util.JmxRegister (JmxRegister.java:unregister(73)) - Successfully un-registered JMX Bean with object name Ratis:service=RaftServer,group=group-B9C73B4FE054,id=77a687a8-07fe-464e-b0f2-03532ede599a
2019-11-15 20:27:28,148 [grpc-default-executor-12] INFO  impl.RoleInfo (RoleInfo.java:shutdownFollowerState(121)) - 77a687a8-07fe-464e-b0f2-03532ede599a: shutdown FollowerState
2019-11-15 20:27:28,148 [grpc-default-executor-12] INFO  impl.StateMachineUpdater (StateMachineUpdater.java:stopAndJoin(136)) - 77a687a8-07fe-464e-b0f2-03532ede599a@group-B9C73B4FE054-StateMachineUpdater: set stopIndex = 2
2019-11-15 20:27:28,148 [77a687a8-07fe-464e-b0f2-03532ede599a@group-B9C73B4FE054-StateMachineUpdater] INFO  ratis.ContainerStateMachine (ContainerStateMachine.java:takeSnapshot(285)) - group-B9C73B4FE054: Taking a snapshot at:(t:1, i:2) file /workdir/hadoop-ozone/integration-test/target/test-dir/MiniOzoneClusterImpl-2baab228-4da8-45e4-8c00-c7e13f1dd389/datanode-7/data/ratis/68b400d2-f8ff-4397-acae-b9c73b4fe054/sm/snapshot.1_2
2019-11-15 20:27:28,148 [Thread-4115] INFO  impl.FollowerState (FollowerState.java:run(120)) - 77a687a8-07fe-464e-b0f2-03532ede599a@group-B9C73B4FE054-FollowerState was interrupted: java.lang.InterruptedException: sleep interrupted
2019-11-15 20:27:28,151 [Thread-4183] INFO  impl.FollowerState (FollowerState.java:run(111)) - 4f10a0c5-c407-437d-ba7d-4ff51fc359eb@group-53EA7A161AB0-FollowerState: change to CANDIDATE, lastRpcTime:1127ms, electionTimeout:1127ms
2019-11-15 20:27:28,151 [0d66e4d5-0fe9-441c-84d0-b1903c285e78@group-12E90F567056-SegmentedRaftLogWorker] INFO  segmented.SegmentedRaftLogWorker (SegmentedRaftLogWorker.java:execute(576)) - 0d66e4d5-0fe9-441c-84d0-b1903c285e78@group-12E90F567056-SegmentedRaftLogWorker: created new log segment /workdir/hadoop-ozone/integration-test/target/test-dir/MiniOzoneClusterImpl-2baab228-4da8-45e4-8c00-c7e13f1dd389/datanode-5/data/ratis/98913ebd-4718-4fb8-9931-12e90f567056/current/log_inprogress_0
2019-11-15 20:27:28,151 [Thread-4183] INFO  impl.RoleInfo (RoleInfo.java:shutdownFollowerState(121)) - 4f10a0c5-c407-437d-ba7d-4ff51fc359eb: shutdown FollowerState
2019-11-15 20:27:28,152 [Thread-4183] INFO  impl.RaftServerImpl (RaftServerImpl.java:setRole(173)) - 4f10a0c5-c407-437d-ba7d-4ff51fc359eb@group-53EA7A161AB0: changes role from  FOLLOWER to CANDIDATE at term 0 for changeToCandidate
2019-11-15 20:27:28,152 [Thread-4183] INFO  impl.RoleInfo (RoleInfo.java:updateAndGet(143)) - 4f10a0c5-c407-437d-ba7d-4ff51fc359eb: start LeaderElection
2019-11-15 20:27:28,177 [77a687a8-07fe-464e-b0f2-03532ede599a@group-B9C73B4FE054-StateMachineUpdater] INFO  ratis.ContainerStateMachine (ContainerStateMachine.java:takeSnapshot(296)) - group-B9C73B4FE054: Finished taking a snapshot at:(t:1, i:2) file:/workdir/hadoop-ozone/integration-test/target/test-dir/MiniOzoneClusterImpl-2baab228-4da8-45e4-8c00-c7e13f1dd389/datanode-7/data/ratis/68b400d2-f8ff-4397-acae-b9c73b4fe054/sm/snapshot.1_2 time:29
2019-11-15 20:27:28,177 [77a687a8-07fe-464e-b0f2-03532ede599a@group-B9C73B4FE054-StateMachineUpdater] INFO  impl.StateMachineUpdater (StateMachineUpdater.java:takeSnapshot(269)) - 77a687a8-07fe-464e-b0f2-03532ede599a@group-B9C73B4FE054-StateMachineUpdater: Took a snapshot at index 2
2019-11-15 20:27:28,177 [77a687a8-07fe-464e-b0f2-03532ede599a@group-B9C73B4FE054-StateMachineUpdater] INFO  impl.StateMachineUpdater (StateMachineUpdater.java:lambda$new$0(84)) - 77a687a8-07fe-464e-b0f2-03532ede599a@group-B9C73B4FE054-StateMachineUpdater: snapshotIndex: updateIncreasingly -1 -> 2
2019-11-15 20:27:28,178 [grpc-default-executor-12] INFO  impl.RaftServerImpl (ServerState.java:close(387)) - 77a687a8-07fe-464e-b0f2-03532ede599a@group-B9C73B4FE054: closes. applyIndex: 2
2019-11-15 20:27:28,178 [4f10a0c5-c407-437d-ba7d-4ff51fc359eb@group-53EA7A161AB0-LeaderElection179] INFO  impl.LeaderElection (LeaderElection.java:askForVotes(178)) - 4f10a0c5-c407-437d-ba7d-4ff51fc359eb@group-53EA7A161AB0-LeaderElection179: begin an election at term 1 for -1: [4f10a0c5-c407-437d-ba7d-4ff51fc359eb:192.168.157.201:40274], old=null
2019-11-15 20:27:28,178 [77a687a8-07fe-464e-b0f2-03532ede599a@group-B9C73B4FE054-SegmentedRaftLogWorker] INFO  segmented.SegmentedRaftLogWorker (SegmentedRaftLogWorker.java:run(316)) - 77a687a8-07fe-464e-b0f2-03532ede599a@group-B9C73B4FE054-SegmentedRaftLogWorker was interrupted, exiting. There are 0 tasks remaining in the queue.
2019-11-15 20:27:28,178 [4f10a0c5-c407-437d-ba7d-4ff51fc359eb@group-53EA7A161AB0-LeaderElection179] INFO  impl.RoleInfo (RoleInfo.java:shutdownLeaderElection(134)) - 4f10a0c5-c407-437d-ba7d-4ff51fc359eb: shutdown LeaderElection
2019-11-15 20:27:28,178 [grpc-default-executor-12] INFO  segmented.SegmentedRaftLogWorker (SegmentedRaftLogWorker.java:close(224)) - 77a687a8-07fe-464e-b0f2-03532ede599a@group-B9C73B4FE054-SegmentedRaftLogWorker close()
2019-11-15 20:27:28,178 [4f10a0c5-c407-437d-ba7d-4ff51fc359eb@group-53EA7A161AB0-LeaderElection179] INFO  impl.RaftServerImpl (RaftServerImpl.java:setRole(173)) - 4f10a0c5-c407-437d-ba7d-4ff51fc359eb@group-53EA7A161AB0: changes role from CANDIDATE to LEADER at term 1 for changeToLeader
2019-11-15 20:27:28,178 [4f10a0c5-c407-437d-ba7d-4ff51fc359eb@group-53EA7A161AB0-LeaderElection179] INFO  ratis.XceiverServerRatis (XceiverServerRatis.java:handleLeaderChangedNotification(697)) - Leader change notification received for group: group-53EA7A161AB0 with new leaderId: 4f10a0c5-c407-437d-ba7d-4ff51fc359eb
2019-11-15 20:27:28,179 [4f10a0c5-c407-437d-ba7d-4ff51fc359eb@group-53EA7A161AB0-LeaderElection179] INFO  impl.RaftServerImpl (ServerState.java:setLeader(255)) - 4f10a0c5-c407-437d-ba7d-4ff51fc359eb@group-53EA7A161AB0: change Leader from null to 4f10a0c5-c407-437d-ba7d-4ff51fc359eb at term 1 for becomeLeader, leader elected after 1157ms
2019-11-15 20:27:28,179 [4f10a0c5-c407-437d-ba7d-4ff51fc359eb@group-53EA7A161AB0-LeaderElection179] INFO  server.RaftServerConfigKeys (ConfUtils.java:logGet(43)) - raft.server.staging.catchup.gap = 1000 (default)
2019-11-15 20:27:28,179 [4f10a0c5-c407-437d-ba7d-4ff51fc359eb@group-53EA7A161AB0-LeaderElection179] INFO  server.RaftServerConfigKeys (ConfUtils.java:logGet(43)) - raft.server.rpc.sleep.time = 25ms (default)
2019-11-15 20:27:28,180 [EventQueue-PipelineReportForPipelineReportHandler] INFO  pipeline.PipelineStateManager (PipelineStateManager.java:openPipeline(134)) - Pipeline Pipeline[ Id: 9a17adb9-630c-458a-a430-53ea7a161ab0, Nodes: 4f10a0c5-c407-437d-ba7d-4ff51fc359eb{ip: 192.168.157.201, host: pr-hdds-2514-unusedmethodparam-9qkq7-1267773169, networkLocation: /rack1, certSerialId: null}, Type:RATIS, Factor:ONE, State:OPEN] moved to OPEN state
2019-11-15 20:27:28,180 [4f10a0c5-c407-437d-ba7d-4ff51fc359eb@group-53EA7A161AB0-LeaderElection179] INFO  server.RaftServerConfigKeys (ConfUtils.java:logGet(43)) - raft.server.write.element-limit = 4096 (default)
2019-11-15 20:27:28,180 [4f10a0c5-c407-437d-ba7d-4ff51fc359eb@group-53EA7A161AB0-LeaderElection179] INFO  server.RaftServerConfigKeys (ConfUtils.java:logGet(43)) - raft.server.watch.timeout = 10s (default)
2019-11-15 20:27:28,180 [4f10a0c5-c407-437d-ba7d-4ff51fc359eb@group-53EA7A161AB0-LeaderElection179] INFO  server.RaftServerConfigKeys (ConfUtils.java:logGet(43)) - raft.server.watch.timeout.denomination = 1s (default)
2019-11-15 20:27:28,180 [4f10a0c5-c407-437d-ba7d-4ff51fc359eb@group-53EA7A161AB0-LeaderElection179] INFO  server.RaftServerConfigKeys (ConfUtils.java:logGet(43)) - raft.server.watch.element-limit = 65536 (default)
2019-11-15 20:27:28,180 [4f10a0c5-c407-437d-ba7d-4ff51fc359eb@group-53EA7A161AB0-LeaderElection179] INFO  impl.RoleInfo (RoleInfo.java:updateAndGet(143)) - 4f10a0c5-c407-437d-ba7d-4ff51fc359eb: start LeaderState
2019-11-15 20:27:28,180 [4f10a0c5-c407-437d-ba7d-4ff51fc359eb@group-53EA7A161AB0-LeaderElection179] INFO  segmented.SegmentedRaftLogWorker (SegmentedRaftLogWorker.java:startLogSegment(385)) - 4f10a0c5-c407-437d-ba7d-4ff51fc359eb@group-53EA7A161AB0-SegmentedRaftLogWorker: Starting segment from index:0
2019-11-15 20:27:28,181 [4f10a0c5-c407-437d-ba7d-4ff51fc359eb@group-53EA7A161AB0-LeaderElection179] INFO  impl.RaftServerImpl (ServerState.java:setRaftConf(356)) - 4f10a0c5-c407-437d-ba7d-4ff51fc359eb@group-53EA7A161AB0: set configuration 0: [4f10a0c5-c407-437d-ba7d-4ff51fc359eb:192.168.157.201:40274], old=null at 0
2019-11-15 20:27:28,197 [Thread-4188] INFO  impl.FollowerState (FollowerState.java:run(111)) - c767ecc1-97b1-4b32-a4b7-dad4991a192e@group-591691CAB653-FollowerState: change to CANDIDATE, lastRpcTime:1080ms, electionTimeout:1080ms
2019-11-15 20:27:28,198 [Thread-4188] INFO  impl.RoleInfo (RoleInfo.java:shutdownFollowerState(121)) - c767ecc1-97b1-4b32-a4b7-dad4991a192e: shutdown FollowerState
2019-11-15 20:27:28,198 [Thread-4188] INFO  impl.RaftServerImpl (RaftServerImpl.java:setRole(173)) - c767ecc1-97b1-4b32-a4b7-dad4991a192e@group-591691CAB653: changes role from  FOLLOWER to CANDIDATE at term 0 for changeToCandidate
2019-11-15 20:27:28,198 [Thread-4188] INFO  impl.RoleInfo (RoleInfo.java:updateAndGet(143)) - c767ecc1-97b1-4b32-a4b7-dad4991a192e: start LeaderElection
2019-11-15 20:27:28,237 [4f10a0c5-c407-437d-ba7d-4ff51fc359eb@group-53EA7A161AB0-SegmentedRaftLogWorker] INFO  segmented.SegmentedRaftLogWorker (SegmentedRaftLogWorker.java:execute(576)) - 4f10a0c5-c407-437d-ba7d-4ff51fc359eb@group-53EA7A161AB0-SegmentedRaftLogWorker: created new log segment /workdir/hadoop-ozone/integration-test/target/test-dir/MiniOzoneClusterImpl-2baab228-4da8-45e4-8c00-c7e13f1dd389/datanode-1/data/ratis/9a17adb9-630c-458a-a430-53ea7a161ab0/current/log_inprogress_0
2019-11-15 20:27:28,245 [c767ecc1-97b1-4b32-a4b7-dad4991a192e@group-591691CAB653-LeaderElection180] INFO  impl.LeaderElection (LeaderElection.java:askForVotes(178)) - c767ecc1-97b1-4b32-a4b7-dad4991a192e@group-591691CAB653-LeaderElection180: begin an election at term 1 for -1: [c767ecc1-97b1-4b32-a4b7-dad4991a192e:192.168.157.201:43389], old=null
2019-11-15 20:27:28,245 [c767ecc1-97b1-4b32-a4b7-dad4991a192e@group-591691CAB653-LeaderElection180] INFO  impl.RoleInfo (RoleInfo.java:shutdownLeaderElection(134)) - c767ecc1-97b1-4b32-a4b7-dad4991a192e: shutdown LeaderElection
2019-11-15 20:27:28,246 [c767ecc1-97b1-4b32-a4b7-dad4991a192e@group-591691CAB653-LeaderElection180] INFO  impl.RaftServerImpl (RaftServerImpl.java:setRole(173)) - c767ecc1-97b1-4b32-a4b7-dad4991a192e@group-591691CAB653: changes role from CANDIDATE to LEADER at term 1 for changeToLeader
2019-11-15 20:27:28,246 [c767ecc1-97b1-4b32-a4b7-dad4991a192e@group-591691CAB653-LeaderElection180] INFO  ratis.XceiverServerRatis (XceiverServerRatis.java:handleLeaderChangedNotification(697)) - Leader change notification received for group: group-591691CAB653 with new leaderId: c767ecc1-97b1-4b32-a4b7-dad4991a192e
2019-11-15 20:27:28,246 [c767ecc1-97b1-4b32-a4b7-dad4991a192e@group-591691CAB653-LeaderElection180] INFO  impl.RaftServerImpl (ServerState.java:setLeader(255)) - c767ecc1-97b1-4b32-a4b7-dad4991a192e@group-591691CAB653: change Leader from null to c767ecc1-97b1-4b32-a4b7-dad4991a192e at term 1 for becomeLeader, leader elected after 1138ms
2019-11-15 20:27:28,246 [c767ecc1-97b1-4b32-a4b7-dad4991a192e@group-591691CAB653-LeaderElection180] INFO  server.RaftServerConfigKeys (ConfUtils.java:logGet(43)) - raft.server.staging.catchup.gap = 1000 (default)
2019-11-15 20:27:28,246 [c767ecc1-97b1-4b32-a4b7-dad4991a192e@group-591691CAB653-LeaderElection180] INFO  server.RaftServerConfigKeys (ConfUtils.java:logGet(43)) - raft.server.rpc.sleep.time = 25ms (default)
2019-11-15 20:27:28,246 [c767ecc1-97b1-4b32-a4b7-dad4991a192e@group-591691CAB653-LeaderElection180] INFO  server.RaftServerConfigKeys (ConfUtils.java:logGet(43)) - raft.server.write.element-limit = 4096 (default)
2019-11-15 20:27:28,246 [c767ecc1-97b1-4b32-a4b7-dad4991a192e@group-591691CAB653-LeaderElection180] INFO  server.RaftServerConfigKeys (ConfUtils.java:logGet(43)) - raft.server.watch.timeout = 10s (default)
2019-11-15 20:27:28,246 [c767ecc1-97b1-4b32-a4b7-dad4991a192e@group-591691CAB653-LeaderElection180] INFO  server.RaftServerConfigKeys (ConfUtils.java:logGet(43)) - raft.server.watch.timeout.denomination = 1s (default)
2019-11-15 20:27:28,246 [c767ecc1-97b1-4b32-a4b7-dad4991a192e@group-591691CAB653-LeaderElection180] INFO  server.RaftServerConfigKeys (ConfUtils.java:logGet(43)) - raft.server.watch.element-limit = 65536 (default)
2019-11-15 20:27:28,246 [EventQueue-PipelineReportForPipelineReportHandler] INFO  pipeline.PipelineStateManager (PipelineStateManager.java:openPipeline(134)) - Pipeline Pipeline[ Id: 46bacd26-f3e5-4df4-b6da-591691cab653, Nodes: c767ecc1-97b1-4b32-a4b7-dad4991a192e{ip: 192.168.157.201, host: pr-hdds-2514-unusedmethodparam-9qkq7-1267773169, networkLocation: /rack1, certSerialId: null}, Type:RATIS, Factor:ONE, State:OPEN] moved to OPEN state
2019-11-15 20:27:28,246 [c767ecc1-97b1-4b32-a4b7-dad4991a192e@group-591691CAB653-LeaderElection180] INFO  impl.RoleInfo (RoleInfo.java:updateAndGet(143)) - c767ecc1-97b1-4b32-a4b7-dad4991a192e: start LeaderState
2019-11-15 20:27:28,247 [c767ecc1-97b1-4b32-a4b7-dad4991a192e@group-591691CAB653-LeaderElection180] INFO  segmented.SegmentedRaftLogWorker (SegmentedRaftLogWorker.java:startLogSegment(385)) - c767ecc1-97b1-4b32-a4b7-dad4991a192e@group-591691CAB653-SegmentedRaftLogWorker: Starting segment from index:0
2019-11-15 20:27:28,247 [c767ecc1-97b1-4b32-a4b7-dad4991a192e@group-591691CAB653-LeaderElection180] INFO  impl.RaftServerImpl (ServerState.java:setRaftConf(356)) - c767ecc1-97b1-4b32-a4b7-dad4991a192e@group-591691CAB653: set configuration 0: [c767ecc1-97b1-4b32-a4b7-dad4991a192e:192.168.157.201:43389], old=null at 0
2019-11-15 20:27:28,271 [grpc-default-executor-12] INFO  interfaces.Container (KeyValueContainer.java:flushAndSyncDB(400)) - Container 1 is synced with bcsId 2.
2019-11-15 20:27:28,271 [grpc-default-executor-12] INFO  interfaces.Container (KeyValueContainer.java:flushAndSyncDB(400)) - Container 1 is synced with bcsId 2.
2019-11-15 20:27:28,288 [c767ecc1-97b1-4b32-a4b7-dad4991a192e@group-591691CAB653-SegmentedRaftLogWorker] INFO  segmented.SegmentedRaftLogWorker (SegmentedRaftLogWorker.java:execute(576)) - c767ecc1-97b1-4b32-a4b7-dad4991a192e@group-591691CAB653-SegmentedRaftLogWorker: created new log segment /workdir/hadoop-ozone/integration-test/target/test-dir/MiniOzoneClusterImpl-2baab228-4da8-45e4-8c00-c7e13f1dd389/datanode-4/data/ratis/46bacd26-f3e5-4df4-b6da-591691cab653/current/log_inprogress_0
2019-11-15 20:27:28,289 [Thread-4000] INFO  pipeline.PipelineStateManager (PipelineStateManager.java:removePipeline(106)) - Pipeline Pipeline[ Id: 68b400d2-f8ff-4397-acae-b9c73b4fe054, Nodes: b7fbb734-148a-49a6-9cb1-519eb8bdf364{ip: 192.168.157.201, host: pr-hdds-2514-unusedmethodparam-9qkq7-1267773169, networkLocation: /rack1, certSerialId: null}0d66e4d5-0fe9-441c-84d0-b1903c285e78{ip: 192.168.157.201, host: pr-hdds-2514-unusedmethodparam-9qkq7-1267773169, networkLocation: /rack1, certSerialId: null}77a687a8-07fe-464e-b0f2-03532ede599a{ip: 192.168.157.201, host: pr-hdds-2514-unusedmethodparam-9qkq7-1267773169, networkLocation: /rack1, certSerialId: null}, Type:RATIS, Factor:THREE, State:CLOSED] removed from db
2019-11-15 20:27:28,295 [grpc-default-executor-12] INFO  impl.RaftServerProxy (RaftServerProxy.java:addNew(89)) - b7fbb734-148a-49a6-9cb1-519eb8bdf364: addNew group-09BF56990583:[0d66e4d5-0fe9-441c-84d0-b1903c285e78:192.168.157.201:44210, b7fbb734-148a-49a6-9cb1-519eb8bdf364:192.168.157.201:44174, 77a687a8-07fe-464e-b0f2-03532ede599a:192.168.157.201:39884] returns group-09BF56990583:java.util.concurrent.CompletableFuture@337cf6e1[Not completed]
2019-11-15 20:27:28,295 [grpc-default-executor-9] INFO  impl.RaftServerProxy (RaftServerProxy.java:addNew(89)) - 0d66e4d5-0fe9-441c-84d0-b1903c285e78: addNew group-09BF56990583:[0d66e4d5-0fe9-441c-84d0-b1903c285e78:192.168.157.201:44210, b7fbb734-148a-49a6-9cb1-519eb8bdf364:192.168.157.201:44174, 77a687a8-07fe-464e-b0f2-03532ede599a:192.168.157.201:39884] returns group-09BF56990583:java.util.concurrent.CompletableFuture@1542649e[Not completed]
2019-11-15 20:27:28,295 [grpc-default-executor-10] INFO  impl.RaftServerProxy (RaftServerProxy.java:addNew(89)) - 77a687a8-07fe-464e-b0f2-03532ede599a: addNew group-09BF56990583:[0d66e4d5-0fe9-441c-84d0-b1903c285e78:192.168.157.201:44210, b7fbb734-148a-49a6-9cb1-519eb8bdf364:192.168.157.201:44174, 77a687a8-07fe-464e-b0f2-03532ede599a:192.168.157.201:39884] returns group-09BF56990583:java.util.concurrent.CompletableFuture@483bea5a[Not completed]
2019-11-15 20:27:28,296 [pool-579-thread-1] INFO  impl.RaftServerImpl (RaftServerImpl.java:<init>(98)) - 77a687a8-07fe-464e-b0f2-03532ede599a: new RaftServerImpl for group-09BF56990583:[0d66e4d5-0fe9-441c-84d0-b1903c285e78:192.168.157.201:44210, b7fbb734-148a-49a6-9cb1-519eb8bdf364:192.168.157.201:44174, 77a687a8-07fe-464e-b0f2-03532ede599a:192.168.157.201:39884] with ContainerStateMachine:uninitialized
2019-11-15 20:27:28,296 [pool-579-thread-1] INFO  server.RaftServerConfigKeys (ConfUtils.java:logGet(43)) - raft.server.rpc.timeout.min = 1s (custom)
2019-11-15 20:27:28,296 [pool-579-thread-1] INFO  server.RaftServerConfigKeys (ConfUtils.java:logGet(43)) - raft.server.rpc.timeout.max = 1200ms (custom)
2019-11-15 20:27:28,296 [pool-579-thread-1] INFO  server.RaftServerConfigKeys (ConfUtils.java:logGet(43)) - raft.server.rpcslowness.timeout = 120s (custom)
2019-11-15 20:27:28,297 [pool-579-thread-1] INFO  server.RaftServerConfigKeys (ConfUtils.java:logGet(43)) - raft.server.sleep.deviation.threshold = 300 (default)
2019-11-15 20:27:28,297 [pool-579-thread-1] INFO  server.RaftServerConfigKeys (ConfUtils.java:logGet(43)) - raft.server.log.appender.install.snapshot.enabled = false (custom)
2019-11-15 20:27:28,297 [pool-579-thread-1] INFO  impl.RaftServerImpl (ServerState.java:<init>(103)) - 77a687a8-07fe-464e-b0f2-03532ede599a@group-09BF56990583: ConfigurationManager, init=-1: [0d66e4d5-0fe9-441c-84d0-b1903c285e78:192.168.157.201:44210, b7fbb734-148a-49a6-9cb1-519eb8bdf364:192.168.157.201:44174, 77a687a8-07fe-464e-b0f2-03532ede599a:192.168.157.201:39884], old=null, confs=<EMPTY_MAP>
2019-11-15 20:27:28,297 [pool-579-thread-1] INFO  server.RaftServerConfigKeys (ConfUtils.java:logGet(43)) - raft.server.storage.dir = [/workdir/hadoop-ozone/integration-test/target/test-dir/MiniOzoneClusterImpl-2baab228-4da8-45e4-8c00-c7e13f1dd389/datanode-7/data/ratis] (custom)
2019-11-15 20:27:28,297 [pool-579-thread-1] INFO  server.RaftServerConfigKeys (ConfUtils.java:logGet(43)) - raft.server.log.corruption.policy = EXCEPTION (default)
2019-11-15 20:27:28,297 [pool-559-thread-1] INFO  impl.RaftServerImpl (RaftServerImpl.java:<init>(98)) - 0d66e4d5-0fe9-441c-84d0-b1903c285e78: new RaftServerImpl for group-09BF56990583:[0d66e4d5-0fe9-441c-84d0-b1903c285e78:192.168.157.201:44210, b7fbb734-148a-49a6-9cb1-519eb8bdf364:192.168.157.201:44174, 77a687a8-07fe-464e-b0f2-03532ede599a:192.168.157.201:39884] with ContainerStateMachine:uninitialized
2019-11-15 20:27:28,297 [pool-579-thread-1] INFO  storage.RaftStorageDirectory (RaftStorageDirectory.java:analyzeStorage(246)) - The storage directory /workdir/hadoop-ozone/integration-test/target/test-dir/MiniOzoneClusterImpl-2baab228-4da8-45e4-8c00-c7e13f1dd389/datanode-7/data/ratis/09b2b950-22cd-485f-b3c9-09bf56990583 does not exist. Creating ...
2019-11-15 20:27:28,297 [pool-559-thread-1] INFO  server.RaftServerConfigKeys (ConfUtils.java:logGet(43)) - raft.server.rpc.timeout.min = 1s (custom)
2019-11-15 20:27:28,298 [pool-589-thread-1] INFO  impl.RaftServerImpl (RaftServerImpl.java:<init>(98)) - b7fbb734-148a-49a6-9cb1-519eb8bdf364: new RaftServerImpl for group-09BF56990583:[0d66e4d5-0fe9-441c-84d0-b1903c285e78:192.168.157.201:44210, b7fbb734-148a-49a6-9cb1-519eb8bdf364:192.168.157.201:44174, 77a687a8-07fe-464e-b0f2-03532ede599a:192.168.157.201:39884] with ContainerStateMachine:uninitialized
2019-11-15 20:27:28,298 [pool-559-thread-1] INFO  server.RaftServerConfigKeys (ConfUtils.java:logGet(43)) - raft.server.rpc.timeout.max = 1200ms (custom)
2019-11-15 20:27:28,574 [Thread-4199] INFO  impl.FollowerState (FollowerState.java:run(111)) - 95354d75-8d68-42fd-a60f-edc5fe17909c@group-62B4F8A0C489-FollowerState: change to CANDIDATE, lastRpcTime:1322ms, electionTimeout:1102ms
2019-11-15 20:27:28,574 [Thread-4204] INFO  impl.FollowerState (FollowerState.java:run(111)) - d8d3f8ae-ceeb-4228-b266-44fc60f7c1eb@group-62B4F8A0C489-FollowerState: change to CANDIDATE, lastRpcTime:1318ms, electionTimeout:1107ms
2019-11-15 20:27:28,574 [Thread-4208] INFO  impl.FollowerState (FollowerState.java:run(111)) - 77a687a8-07fe-464e-b0f2-03532ede599a@group-419AA6468A1B-FollowerState: change to CANDIDATE, lastRpcTime:1239ms, electionTimeout:1022ms
2019-11-15 20:27:28,574 [pool-589-thread-1] INFO  server.RaftServerConfigKeys (ConfUtils.java:logGet(43)) - raft.server.rpc.timeout.min = 1s (custom)
2019-11-15 20:27:28,574 [Thread-4212] INFO  impl.FollowerState (FollowerState.java:run(111)) - 4e9d79cc-0455-427e-951d-7d9146a76d5d@group-A95683BA2CB7-FollowerState: change to CANDIDATE, lastRpcTime:1153ms, electionTimeout:1050ms
2019-11-15 20:27:28,571 [Thread-4201] INFO  impl.FollowerState (FollowerState.java:run(111)) - 4e9d79cc-0455-427e-951d-7d9146a76d5d@group-62B4F8A0C489-FollowerState: change to CANDIDATE, lastRpcTime:1317ms, electionTimeout:1125ms
2019-11-15 20:27:28,595 [pool-589-thread-1] INFO  server.RaftServerConfigKeys (ConfUtils.java:logGet(43)) - raft.server.rpc.timeout.max = 1200ms (custom)
2019-11-15 20:27:28,619 [Thread-4199] INFO  impl.RoleInfo (RoleInfo.java:shutdownFollowerState(121)) - 95354d75-8d68-42fd-a60f-edc5fe17909c: shutdown FollowerState
2019-11-15 20:27:28,581 [pool-559-thread-1] INFO  server.RaftServerConfigKeys (ConfUtils.java:logGet(43)) - raft.server.rpcslowness.timeout = 120s (custom)
2019-11-15 20:27:28,631 [Thread-4199] INFO  impl.RaftServerImpl (RaftServerImpl.java:setRole(173)) - 95354d75-8d68-42fd-a60f-edc5fe17909c@group-62B4F8A0C489: changes role from  FOLLOWER to CANDIDATE at term 0 for changeToCandidate
2019-11-15 20:27:28,631 [Thread-4201] INFO  impl.RoleInfo (RoleInfo.java:shutdownFollowerState(121)) - 4e9d79cc-0455-427e-951d-7d9146a76d5d: shutdown FollowerState
2019-11-15 20:27:28,625 [pool-579-thread-1] INFO  storage.RaftStorageDirectory (RaftStorageDirectory.java:tryLock(328)) - Lock on /workdir/hadoop-ozone/integration-test/target/test-dir/MiniOzoneClusterImpl-2baab228-4da8-45e4-8c00-c7e13f1dd389/datanode-7/data/ratis/09b2b950-22cd-485f-b3c9-09bf56990583/in_use.lock acquired by nodename 9872@pr-hdds-2514-unusedmethodparam-9qkq7-1267773169
2019-11-15 20:27:28,619 [pool-589-thread-1] INFO  server.RaftServerConfigKeys (ConfUtils.java:logGet(43)) - raft.server.rpcslowness.timeout = 120s (custom)
2019-11-15 20:27:28,619 [Thread-4208] INFO  impl.RoleInfo (RoleInfo.java:shutdownFollowerState(121)) - 77a687a8-07fe-464e-b0f2-03532ede599a: shutdown FollowerState
2019-11-15 20:27:28,619 [Thread-4212] INFO  impl.RoleInfo (RoleInfo.java:shutdownFollowerState(121)) - 4e9d79cc-0455-427e-951d-7d9146a76d5d: shutdown FollowerState
2019-11-15 20:27:28,661 [Thread-4208] INFO  impl.RaftServerImpl (RaftServerImpl.java:setRole(173)) - 77a687a8-07fe-464e-b0f2-03532ede599a@group-419AA6468A1B: changes role from  FOLLOWER to CANDIDATE at term 0 for changeToCandidate
2019-11-15 20:27:28,656 [pool-589-thread-1] INFO  server.RaftServerConfigKeys (ConfUtils.java:logGet(43)) - raft.server.sleep.deviation.threshold = 300 (default)
2019-11-15 20:27:28,651 [Thread-4201] INFO  impl.RaftServerImpl (RaftServerImpl.java:setRole(173)) - 4e9d79cc-0455-427e-951d-7d9146a76d5d@group-62B4F8A0C489: changes role from  FOLLOWER to CANDIDATE at term 0 for changeToCandidate
2019-11-15 20:27:28,645 [Thread-4199] INFO  impl.RoleInfo (RoleInfo.java:updateAndGet(143)) - 95354d75-8d68-42fd-a60f-edc5fe17909c: start LeaderElection
2019-11-15 20:27:28,638 [pool-559-thread-1] INFO  server.RaftServerConfigKeys (ConfUtils.java:logGet(43)) - raft.server.sleep.deviation.threshold = 300 (default)
2019-11-15 20:27:28,638 [Thread-4204] INFO  impl.RoleInfo (RoleInfo.java:shutdownFollowerState(121)) - d8d3f8ae-ceeb-4228-b266-44fc60f7c1eb: shutdown FollowerState
2019-11-15 20:27:28,670 [pool-559-thread-1] INFO  server.RaftServerConfigKeys (ConfUtils.java:logGet(43)) - raft.server.log.appender.install.snapshot.enabled = false (custom)
2019-11-15 20:27:28,670 [Thread-4201] INFO  impl.RoleInfo (RoleInfo.java:updateAndGet(143)) - 4e9d79cc-0455-427e-951d-7d9146a76d5d: start LeaderElection
2019-11-15 20:27:28,670 [pool-589-thread-1] INFO  server.RaftServerConfigKeys (ConfUtils.java:logGet(43)) - raft.server.log.appender.install.snapshot.enabled = false (custom)
2019-11-15 20:27:28,670 [Thread-4208] INFO  impl.RoleInfo (RoleInfo.java:updateAndGet(143)) - 77a687a8-07fe-464e-b0f2-03532ede599a: start LeaderElection
2019-11-15 20:27:28,666 [Thread-4212] INFO  impl.RaftServerImpl (RaftServerImpl.java:setRole(173)) - 4e9d79cc-0455-427e-951d-7d9146a76d5d@group-A95683BA2CB7: changes role from  FOLLOWER to CANDIDATE at term 0 for changeToCandidate
2019-11-15 20:27:28,679 [pool-589-thread-1] INFO  impl.RaftServerImpl (ServerState.java:<init>(103)) - b7fbb734-148a-49a6-9cb1-519eb8bdf364@group-09BF56990583: ConfigurationManager, init=-1: [0d66e4d5-0fe9-441c-84d0-b1903c285e78:192.168.157.201:44210, b7fbb734-148a-49a6-9cb1-519eb8bdf364:192.168.157.201:44174, 77a687a8-07fe-464e-b0f2-03532ede599a:192.168.157.201:39884], old=null, confs=<EMPTY_MAP>
2019-11-15 20:27:28,675 [pool-559-thread-1] INFO  impl.RaftServerImpl (ServerState.java:<init>(103)) - 0d66e4d5-0fe9-441c-84d0-b1903c285e78@group-09BF56990583: ConfigurationManager, init=-1: [0d66e4d5-0fe9-441c-84d0-b1903c285e78:192.168.157.201:44210, b7fbb734-148a-49a6-9cb1-519eb8bdf364:192.168.157.201:44174, 77a687a8-07fe-464e-b0f2-03532ede599a:192.168.157.201:39884], old=null, confs=<EMPTY_MAP>
2019-11-15 20:27:28,675 [Thread-4204] INFO  impl.RaftServerImpl (RaftServerImpl.java:setRole(173)) - d8d3f8ae-ceeb-4228-b266-44fc60f7c1eb@group-62B4F8A0C489: changes role from  FOLLOWER to CANDIDATE at term 0 for changeToCandidate
2019-11-15 20:27:28,702 [pool-559-thread-1] INFO  server.RaftServerConfigKeys (ConfUtils.java:logGet(43)) - raft.server.storage.dir = [/workdir/hadoop-ozone/integration-test/target/test-dir/MiniOzoneClusterImpl-2baab228-4da8-45e4-8c00-c7e13f1dd389/datanode-5/data/ratis] (custom)
2019-11-15 20:27:28,708 [Thread-4204] INFO  impl.RoleInfo (RoleInfo.java:updateAndGet(143)) - d8d3f8ae-ceeb-4228-b266-44fc60f7c1eb: start LeaderElection
2019-11-15 20:27:28,697 [pool-589-thread-1] INFO  server.RaftServerConfigKeys (ConfUtils.java:logGet(43)) - raft.server.storage.dir = [/workdir/hadoop-ozone/integration-test/target/test-dir/MiniOzoneClusterImpl-2baab228-4da8-45e4-8c00-c7e13f1dd389/datanode-8/data/ratis] (custom)
2019-11-15 20:27:28,685 [Thread-4212] INFO  impl.RoleInfo (RoleInfo.java:updateAndGet(143)) - 4e9d79cc-0455-427e-951d-7d9146a76d5d: start LeaderElection
2019-11-15 20:27:28,723 [pool-559-thread-1] INFO  server.RaftServerConfigKeys (ConfUtils.java:logGet(43)) - raft.server.log.corruption.policy = EXCEPTION (default)
2019-11-15 20:27:28,708 [95354d75-8d68-42fd-a60f-edc5fe17909c@group-62B4F8A0C489-LeaderElection181] INFO  impl.LeaderElection (LeaderElection.java:askForVotes(178)) - 95354d75-8d68-42fd-a60f-edc5fe17909c@group-62B4F8A0C489-LeaderElection181: begin an election at term 1 for -1: [4e9d79cc-0455-427e-951d-7d9146a76d5d:192.168.157.201:45301, d8d3f8ae-ceeb-4228-b266-44fc60f7c1eb:192.168.157.201:44849, 95354d75-8d68-42fd-a60f-edc5fe17909c:192.168.157.201:38687], old=null
2019-11-15 20:27:28,704 [4e9d79cc-0455-427e-951d-7d9146a76d5d@group-62B4F8A0C489-LeaderElection183] INFO  impl.LeaderElection (LeaderElection.java:askForVotes(178)) - 4e9d79cc-0455-427e-951d-7d9146a76d5d@group-62B4F8A0C489-LeaderElection183: begin an election at term 1 for -1: [4e9d79cc-0455-427e-951d-7d9146a76d5d:192.168.157.201:45301, d8d3f8ae-ceeb-4228-b266-44fc60f7c1eb:192.168.157.201:44849, 95354d75-8d68-42fd-a60f-edc5fe17909c:192.168.157.201:38687], old=null
2019-11-15 20:27:28,704 [pool-579-thread-1] INFO  storage.RaftStorage (RaftStorage.java:format(84)) - Storage directory /workdir/hadoop-ozone/integration-test/target/test-dir/MiniOzoneClusterImpl-2baab228-4da8-45e4-8c00-c7e13f1dd389/datanode-7/data/ratis/09b2b950-22cd-485f-b3c9-09bf56990583 has been successfully formatted.
2019-11-15 20:27:28,740 [pool-559-thread-1] INFO  storage.RaftStorageDirectory (RaftStorageDirectory.java:analyzeStorage(246)) - The storage directory /workdir/hadoop-ozone/integration-test/target/test-dir/MiniOzoneClusterImpl-2baab228-4da8-45e4-8c00-c7e13f1dd389/datanode-5/data/ratis/09b2b950-22cd-485f-b3c9-09bf56990583 does not exist. Creating ...
2019-11-15 20:27:28,727 [pool-589-thread-1] INFO  server.RaftServerConfigKeys (ConfUtils.java:logGet(43)) - raft.server.log.corruption.policy = EXCEPTION (default)
2019-11-15 20:27:28,762 [pool-579-thread-1] INFO  ratis.ContainerStateMachine (ContainerStateMachine.java:loadSnapshot(223)) - group-09BF56990583: The snapshot info is null. Setting the last applied indexto:(t:0, i:~)
2019-11-15 20:27:28,767 [pool-589-thread-1] INFO  storage.RaftStorageDirectory (RaftStorageDirectory.java:analyzeStorage(246)) - The storage directory /workdir/hadoop-ozone/integration-test/target/test-dir/MiniOzoneClusterImpl-2baab228-4da8-45e4-8c00-c7e13f1dd389/datanode-8/data/ratis/09b2b950-22cd-485f-b3c9-09bf56990583 does not exist. Creating ...
2019-11-15 20:27:28,767 [pool-579-thread-1] INFO  server.RaftServerConfigKeys (ConfUtils.java:logGet(43)) - raft.server.notification.no-leader.timeout = 120s (custom)
2019-11-15 20:27:28,776 [pool-579-thread-1] INFO  server.RaftServerConfigKeys (ConfUtils.java:logGet(43)) - raft.server.log.use.memory = false (default)
2019-11-15 20:27:28,776 [pool-579-thread-1] INFO  server.RaftServerConfigKeys (ConfUtils.java:logGet(43)) - raft.server.log.purge.gap = 1000000 (custom)
2019-11-15 20:27:28,776 [pool-579-thread-1] INFO  server.RaftServerConfigKeys (ConfUtils.java:logGet(43)) - raft.server.log.appender.buffer.byte-limit = 33554432 (custom)
2019-11-15 20:27:28,776 [pool-579-thread-1] INFO  server.RaftServerConfigKeys (ConfUtils.java:logGet(43)) - raft.server.log.segment.size.max = 1048576 (custom)
2019-11-15 20:27:28,776 [pool-579-thread-1] INFO  server.RaftServerConfigKeys (ConfUtils.java:logGet(43)) - raft.server.log.segment.cache.num.max = 2 (custom)
2019-11-15 20:27:28,776 [pool-579-thread-1] INFO  segmented.SegmentedRaftLogWorker (SegmentedRaftLogWorker.java:<init>(173)) - new 77a687a8-07fe-464e-b0f2-03532ede599a@group-09BF56990583-SegmentedRaftLogWorker for RaftStorage:Storage Directory /workdir/hadoop-ozone/integration-test/target/test-dir/MiniOzoneClusterImpl-2baab228-4da8-45e4-8c00-c7e13f1dd389/datanode-7/data/ratis/09b2b950-22cd-485f-b3c9-09bf56990583
2019-11-15 20:27:28,777 [pool-579-thread-1] INFO  server.RaftServerConfigKeys (ConfUtils.java:logGet(43)) - raft.server.log.queue.byte-limit = 2147483647 (custom)
2019-11-15 20:27:28,777 [pool-579-thread-1] INFO  server.RaftServerConfigKeys (ConfUtils.java:logGet(43)) - raft.server.log.queue.element-limit = 1024 (custom)
2019-11-15 20:27:28,777 [pool-579-thread-1] INFO  server.RaftServerConfigKeys (ConfUtils.java:logGet(43)) - raft.server.log.segment.size.max = 1048576 (custom)
2019-11-15 20:27:28,815 [pool-579-thread-1] INFO  server.RaftServerConfigKeys (ConfUtils.java:logGet(43)) - raft.server.log.preallocated.size = 16384 (custom)
2019-11-15 20:27:28,815 [pool-579-thread-1] INFO  server.RaftServerConfigKeys (ConfUtils.java:logGet(43)) - raft.server.log.write.buffer.size = 33554432 (custom)
2019-11-15 20:27:28,815 [pool-579-thread-1] INFO  server.RaftServerConfigKeys (ConfUtils.java:logGet(43)) - raft.server.log.force.sync.num = 128 (default)
2019-11-15 20:27:28,815 [pool-579-thread-1] INFO  server.RaftServerConfigKeys (ConfUtils.java:logGet(43)) - raft.server.log.statemachine.data.sync = true (default)
2019-11-15 20:27:28,815 [pool-579-thread-1] INFO  server.RaftServerConfigKeys (ConfUtils.java:logGet(43)) - raft.server.log.statemachine.data.sync.timeout = 10s (default)
2019-11-15 20:27:28,815 [pool-579-thread-1] INFO  server.RaftServerConfigKeys (ConfUtils.java:logGet(43)) - raft.server.log.statemachine.data.sync.timeout.retry = -1 (default)
2019-11-15 20:27:28,815 [77a687a8-07fe-464e-b0f2-03532ede599a@group-419AA6468A1B-LeaderElection182] INFO  impl.LeaderElection (LeaderElection.java:askForVotes(178)) - 77a687a8-07fe-464e-b0f2-03532ede599a@group-419AA6468A1B-LeaderElection182: begin an election at term 1 for -1: [77a687a8-07fe-464e-b0f2-03532ede599a:192.168.157.201:39884], old=null
2019-11-15 20:27:28,815 [pool-579-thread-1] INFO  server.RaftServerConfigKeys (ConfUtils.java:logGet(43)) - raft.server.log.statemachine.data.caching.enabled = true (custom)
2019-11-15 20:27:28,815 [77a687a8-07fe-464e-b0f2-03532ede599a@group-419AA6468A1B-LeaderElection182] INFO  impl.RoleInfo (RoleInfo.java:shutdownLeaderElection(134)) - 77a687a8-07fe-464e-b0f2-03532ede599a: shutdown LeaderElection
2019-11-15 20:27:28,815 [77a687a8-07fe-464e-b0f2-03532ede599a@group-419AA6468A1B-LeaderElection182] INFO  impl.RaftServerImpl (RaftServerImpl.java:setRole(173)) - 77a687a8-07fe-464e-b0f2-03532ede599a@group-419AA6468A1B: changes role from CANDIDATE to LEADER at term 1 for changeToLeader
2019-11-15 20:27:28,815 [pool-579-thread-1] INFO  segmented.SegmentedRaftLogWorker (SegmentedRaftLogWorker.java:lambda$new$0(128)) - 77a687a8-07fe-464e-b0f2-03532ede599a@group-09BF56990583-SegmentedRaftLogWorker: flushIndex: setUnconditionally 0 -> -1
2019-11-15 20:27:28,815 [77a687a8-07fe-464e-b0f2-03532ede599a@group-419AA6468A1B-LeaderElection182] INFO  ratis.XceiverServerRatis (XceiverServerRatis.java:handleLeaderChangedNotification(697)) - Leader change notification received for group: group-419AA6468A1B with new leaderId: 77a687a8-07fe-464e-b0f2-03532ede599a
2019-11-15 20:27:28,816 [77a687a8-07fe-464e-b0f2-03532ede599a@group-419AA6468A1B-LeaderElection182] INFO  impl.RaftServerImpl (ServerState.java:setLeader(255)) - 77a687a8-07fe-464e-b0f2-03532ede599a@group-419AA6468A1B: change Leader from null to 77a687a8-07fe-464e-b0f2-03532ede599a at term 1 for becomeLeader, leader elected after 1483ms
2019-11-15 20:27:28,816 [pool-579-thread-1] INFO  server.RaftServerConfigKeys (ConfUtils.java:logGet(43)) - raft.server.snapshot.auto.trigger.enabled = true (custom)
2019-11-15 20:27:28,816 [77a687a8-07fe-464e-b0f2-03532ede599a@group-419AA6468A1B-LeaderElection182] INFO  server.RaftServerConfigKeys (ConfUtils.java:logGet(43)) - raft.server.staging.catchup.gap = 1000 (default)
2019-11-15 20:27:28,816 [pool-579-thread-1] INFO  server.RaftServerConfigKeys (ConfUtils.java:logGet(43)) - raft.server.snapshot.auto.trigger.threshold = 10000 (custom)
2019-11-15 20:27:28,816 [77a687a8-07fe-464e-b0f2-03532ede599a@group-419AA6468A1B-LeaderElection182] INFO  server.RaftServerConfigKeys (ConfUtils.java:logGet(43)) - raft.server.rpc.sleep.time = 25ms (default)
2019-11-15 20:27:28,817 [pool-579-thread-1] INFO  server.RaftServerConfigKeys (ConfUtils.java:logGet(43)) - raft.server.snapshot.retention.file.num = 5 (custom)
2019-11-15 20:27:28,817 [77a687a8-07fe-464e-b0f2-03532ede599a@group-419AA6468A1B-LeaderElection182] INFO  server.RaftServerConfigKeys (ConfUtils.java:logGet(43)) - raft.server.write.element-limit = 4096 (default)
2019-11-15 20:27:28,817 [pool-579-thread-1] INFO  server.RaftServerConfigKeys (ConfUtils.java:logGet(43)) - raft.server.retrycache.expirytime = 600000ms (custom)
2019-11-15 20:27:28,817 [77a687a8-07fe-464e-b0f2-03532ede599a@group-419AA6468A1B-LeaderElection182] INFO  server.RaftServerConfigKeys (ConfUtils.java:logGet(43)) - raft.server.watch.timeout = 10s (default)
2019-11-15 20:27:28,817 [pool-579-thread-1] WARN  impl.MetricRegistriesImpl (MetricRegistriesImpl.java:lambda$create$1(61)) - First MetricRegistry has been created without registering reporters. You may need to call MetricRegistries.global().addReportRegistration(...) before.
2019-11-15 20:27:28,817 [77a687a8-07fe-464e-b0f2-03532ede599a@group-419AA6468A1B-LeaderElection182] INFO  server.RaftServerConfigKeys (ConfUtils.java:logGet(43)) - raft.server.watch.timeout.denomination = 1s (default)
2019-11-15 20:27:28,817 [pool-579-thread-1] WARN  impl.MetricRegistriesImpl (MetricRegistriesImpl.java:lambda$create$1(61)) - First MetricRegistry has been created without registering reporters. You may need to call MetricRegistries.global().addReportRegistration(...) before.
2019-11-15 20:27:28,817 [77a687a8-07fe-464e-b0f2-03532ede599a@group-419AA6468A1B-LeaderElection182] INFO  server.RaftServerConfigKeys (ConfUtils.java:logGet(43)) - raft.server.watch.element-limit = 65536 (default)
2019-11-15 20:27:28,817 [pool-579-thread-1] INFO  impl.RaftServerImpl (RaftServerImpl.java:start(184)) - 77a687a8-07fe-464e-b0f2-03532ede599a@group-09BF56990583: start as a follower, conf=-1: [0d66e4d5-0fe9-441c-84d0-b1903c285e78:192.168.157.201:44210, b7fbb734-148a-49a6-9cb1-519eb8bdf364:192.168.157.201:44174, 77a687a8-07fe-464e-b0f2-03532ede599a:192.168.157.201:39884], old=null
2019-11-15 20:27:28,817 [77a687a8-07fe-464e-b0f2-03532ede599a@group-419AA6468A1B-LeaderElection182] INFO  impl.RoleInfo (RoleInfo.java:updateAndGet(143)) - 77a687a8-07fe-464e-b0f2-03532ede599a: start LeaderState
2019-11-15 20:27:28,817 [pool-579-thread-1] INFO  impl.RaftServerImpl (RaftServerImpl.java:setRole(173)) - 77a687a8-07fe-464e-b0f2-03532ede599a@group-09BF56990583: changes role from      null to FOLLOWER at term 0 for startAsFollower
2019-11-15 20:27:28,818 [77a687a8-07fe-464e-b0f2-03532ede599a@group-419AA6468A1B-LeaderElection182] INFO  segmented.SegmentedRaftLogWorker (SegmentedRaftLogWorker.java:startLogSegment(385)) - 77a687a8-07fe-464e-b0f2-03532ede599a@group-419AA6468A1B-SegmentedRaftLogWorker: Starting segment from index:0
2019-11-15 20:27:28,818 [pool-579-thread-1] INFO  impl.RoleInfo (RoleInfo.java:updateAndGet(143)) - 77a687a8-07fe-464e-b0f2-03532ede599a: start FollowerState
2019-11-15 20:27:28,818 [77a687a8-07fe-464e-b0f2-03532ede599a@group-419AA6468A1B-LeaderElection182] INFO  impl.RaftServerImpl (ServerState.java:setRaftConf(356)) - 77a687a8-07fe-464e-b0f2-03532ede599a@group-419AA6468A1B: set configuration 0: [77a687a8-07fe-464e-b0f2-03532ede599a:192.168.157.201:39884], old=null at 0
2019-11-15 20:27:28,818 [pool-579-thread-1] INFO  util.JmxRegister (JmxRegister.java:tryRegister(44)) - Successfully registered JMX Bean with object name Ratis:service=RaftServer,group=group-09BF56990583,id=77a687a8-07fe-464e-b0f2-03532ede599a
2019-11-15 20:27:28,818 [pool-579-thread-1] WARN  impl.MetricRegistriesImpl (MetricRegistriesImpl.java:lambda$create$1(61)) - First MetricRegistry has been created without registering reporters. You may need to call MetricRegistries.global().addReportRegistration(...) before.
2019-11-15 20:27:28,837 [pool-589-thread-1] INFO  storage.RaftStorageDirectory (RaftStorageDirectory.java:tryLock(328)) - Lock on /workdir/hadoop-ozone/integration-test/target/test-dir/MiniOzoneClusterImpl-2baab228-4da8-45e4-8c00-c7e13f1dd389/datanode-8/data/ratis/09b2b950-22cd-485f-b3c9-09bf56990583/in_use.lock acquired by nodename 9872@pr-hdds-2514-unusedmethodparam-9qkq7-1267773169
2019-11-15 20:27:28,837 [4e9d79cc-0455-427e-951d-7d9146a76d5d@group-A95683BA2CB7-LeaderElection184] INFO  impl.LeaderElection (LeaderElection.java:askForVotes(178)) - 4e9d79cc-0455-427e-951d-7d9146a76d5d@group-A95683BA2CB7-LeaderElection184: begin an election at term 1 for -1: [4e9d79cc-0455-427e-951d-7d9146a76d5d:192.168.157.201:45301], old=null
2019-11-15 20:27:28,837 [4e9d79cc-0455-427e-951d-7d9146a76d5d@group-A95683BA2CB7-LeaderElection184] INFO  impl.RoleInfo (RoleInfo.java:shutdownLeaderElection(134)) - 4e9d79cc-0455-427e-951d-7d9146a76d5d: shutdown LeaderElection
2019-11-15 20:27:28,837 [pool-559-thread-1] INFO  storage.RaftStorageDirectory (RaftStorageDirectory.java:tryLock(328)) - Lock on /workdir/hadoop-ozone/integration-test/target/test-dir/MiniOzoneClusterImpl-2baab228-4da8-45e4-8c00-c7e13f1dd389/datanode-5/data/ratis/09b2b950-22cd-485f-b3c9-09bf56990583/in_use.lock acquired by nodename 9872@pr-hdds-2514-unusedmethodparam-9qkq7-1267773169
2019-11-15 20:27:28,837 [4e9d79cc-0455-427e-951d-7d9146a76d5d@group-A95683BA2CB7-LeaderElection184] INFO  impl.RaftServerImpl (RaftServerImpl.java:setRole(173)) - 4e9d79cc-0455-427e-951d-7d9146a76d5d@group-A95683BA2CB7: changes role from CANDIDATE to LEADER at term 1 for changeToLeader
2019-11-15 20:27:28,837 [4e9d79cc-0455-427e-951d-7d9146a76d5d@group-A95683BA2CB7-LeaderElection184] INFO  ratis.XceiverServerRatis (XceiverServerRatis.java:handleLeaderChangedNotification(697)) - Leader change notification received for group: group-A95683BA2CB7 with new leaderId: 4e9d79cc-0455-427e-951d-7d9146a76d5d
2019-11-15 20:27:28,837 [d8d3f8ae-ceeb-4228-b266-44fc60f7c1eb@group-62B4F8A0C489-LeaderElection185] INFO  impl.LeaderElection (LeaderElection.java:askForVotes(178)) - d8d3f8ae-ceeb-4228-b266-44fc60f7c1eb@group-62B4F8A0C489-LeaderElection185: begin an election at term 1 for -1: [4e9d79cc-0455-427e-951d-7d9146a76d5d:192.168.157.201:45301, d8d3f8ae-ceeb-4228-b266-44fc60f7c1eb:192.168.157.201:44849, 95354d75-8d68-42fd-a60f-edc5fe17909c:192.168.157.201:38687], old=null
2019-11-15 20:27:28,837 [4e9d79cc-0455-427e-951d-7d9146a76d5d@group-A95683BA2CB7-LeaderElection184] INFO  impl.RaftServerImpl (ServerState.java:setLeader(255)) - 4e9d79cc-0455-427e-951d-7d9146a76d5d@group-A95683BA2CB7: change Leader from null to 4e9d79cc-0455-427e-951d-7d9146a76d5d at term 1 for becomeLeader, leader elected after 1419ms
2019-11-15 20:27:28,837 [4e9d79cc-0455-427e-951d-7d9146a76d5d@group-A95683BA2CB7-LeaderElection184] INFO  server.RaftServerConfigKeys (ConfUtils.java:logGet(43)) - raft.server.staging.catchup.gap = 1000 (default)
2019-11-15 20:27:28,837 [4e9d79cc-0455-427e-951d-7d9146a76d5d@group-A95683BA2CB7-LeaderElection184] INFO  server.RaftServerConfigKeys (ConfUtils.java:logGet(43)) - raft.server.rpc.sleep.time = 25ms (default)
2019-11-15 20:27:28,838 [4e9d79cc-0455-427e-951d-7d9146a76d5d@group-A95683BA2CB7-LeaderElection184] INFO  server.RaftServerConfigKeys (ConfUtils.java:logGet(43)) - raft.server.write.element-limit = 4096 (default)
2019-11-15 20:27:28,838 [4e9d79cc-0455-427e-951d-7d9146a76d5d@group-62B4F8A0C489-LeaderElection183] INFO  impl.LeaderElection (LeaderElection.java:logAndReturn(56)) - 4e9d79cc-0455-427e-951d-7d9146a76d5d@group-62B4F8A0C489-LeaderElection183: Election REJECTED; received 2 response(s) [4e9d79cc-0455-427e-951d-7d9146a76d5d<-d8d3f8ae-ceeb-4228-b266-44fc60f7c1eb#0:FAIL-t1, 4e9d79cc-0455-427e-951d-7d9146a76d5d<-95354d75-8d68-42fd-a60f-edc5fe17909c#0:FAIL-t1] and 0 exception(s); 4e9d79cc-0455-427e-951d-7d9146a76d5d@group-62B4F8A0C489:t1, leader=null, voted=4e9d79cc-0455-427e-951d-7d9146a76d5d, raftlog=4e9d79cc-0455-427e-951d-7d9146a76d5d@group-62B4F8A0C489-SegmentedRaftLog:OPENED:c-1,f-1,i0, conf=-1: [4e9d79cc-0455-427e-951d-7d9146a76d5d:192.168.157.201:45301, d8d3f8ae-ceeb-4228-b266-44fc60f7c1eb:192.168.157.201:44849, 95354d75-8d68-42fd-a60f-edc5fe17909c:192.168.157.201:38687], old=null
2019-11-15 20:27:28,838 [95354d75-8d68-42fd-a60f-edc5fe17909c@group-62B4F8A0C489-LeaderElection181] INFO  impl.LeaderElection (LeaderElection.java:logAndReturn(56)) - 95354d75-8d68-42fd-a60f-edc5fe17909c@group-62B4F8A0C489-LeaderElection181: Election REJECTED; received 2 response(s) [95354d75-8d68-42fd-a60f-edc5fe17909c<-4e9d79cc-0455-427e-951d-7d9146a76d5d#0:FAIL-t1, 95354d75-8d68-42fd-a60f-edc5fe17909c<-d8d3f8ae-ceeb-4228-b266-44fc60f7c1eb#0:FAIL-t1] and 0 exception(s); 95354d75-8d68-42fd-a60f-edc5fe17909c@group-62B4F8A0C489:t1, leader=null, voted=95354d75-8d68-42fd-a60f-edc5fe17909c, raftlog=95354d75-8d68-42fd-a60f-edc5fe17909c@group-62B4F8A0C489-SegmentedRaftLog:OPENED:c-1,f-1,i0, conf=-1: [4e9d79cc-0455-427e-951d-7d9146a76d5d:192.168.157.201:45301, d8d3f8ae-ceeb-4228-b266-44fc60f7c1eb:192.168.157.201:44849, 95354d75-8d68-42fd-a60f-edc5fe17909c:192.168.157.201:38687], old=null
2019-11-15 20:27:28,838 [4e9d79cc-0455-427e-951d-7d9146a76d5d@group-62B4F8A0C489-LeaderElection183] INFO  impl.RaftServerImpl (RaftServerImpl.java:setRole(173)) - 4e9d79cc-0455-427e-951d-7d9146a76d5d@group-62B4F8A0C489: changes role from CANDIDATE to FOLLOWER at term 1 for DISCOVERED_A_NEW_TERM
2019-11-15 20:27:28,838 [4e9d79cc-0455-427e-951d-7d9146a76d5d@group-A95683BA2CB7-LeaderElection184] INFO  server.RaftServerConfigKeys (ConfUtils.java:logGet(43)) - raft.server.watch.timeout = 10s (default)
2019-11-15 20:27:28,838 [4e9d79cc-0455-427e-951d-7d9146a76d5d@group-62B4F8A0C489-LeaderElection183] INFO  impl.RoleInfo (RoleInfo.java:shutdownLeaderElection(134)) - 4e9d79cc-0455-427e-951d-7d9146a76d5d: shutdown LeaderElection
2019-11-15 20:27:28,838 [95354d75-8d68-42fd-a60f-edc5fe17909c@group-62B4F8A0C489-LeaderElection181] INFO  impl.RaftServerImpl (RaftServerImpl.java:setRole(173)) - 95354d75-8d68-42fd-a60f-edc5fe17909c@group-62B4F8A0C489: changes role from CANDIDATE to FOLLOWER at term 1 for DISCOVERED_A_NEW_TERM
2019-11-15 20:27:28,838 [95354d75-8d68-42fd-a60f-edc5fe17909c@group-62B4F8A0C489-LeaderElection181] INFO  impl.RoleInfo (RoleInfo.java:shutdownLeaderElection(134)) - 95354d75-8d68-42fd-a60f-edc5fe17909c: shutdown LeaderElection
2019-11-15 20:27:28,838 [4e9d79cc-0455-427e-951d-7d9146a76d5d@group-62B4F8A0C489-LeaderElection183] INFO  impl.RoleInfo (RoleInfo.java:updateAndGet(143)) - 4e9d79cc-0455-427e-951d-7d9146a76d5d: start FollowerState
2019-11-15 20:27:28,838 [4e9d79cc-0455-427e-951d-7d9146a76d5d@group-A95683BA2CB7-LeaderElection184] INFO  server.RaftServerConfigKeys (ConfUtils.java:logGet(43)) - raft.server.watch.timeout.denomination = 1s (default)
2019-11-15 20:27:28,838 [95354d75-8d68-42fd-a60f-edc5fe17909c@group-62B4F8A0C489-LeaderElection181] INFO  impl.RoleInfo (RoleInfo.java:updateAndGet(143)) - 95354d75-8d68-42fd-a60f-edc5fe17909c: start FollowerState
2019-11-15 20:27:28,838 [4e9d79cc-0455-427e-951d-7d9146a76d5d@group-A95683BA2CB7-LeaderElection184] INFO  server.RaftServerConfigKeys (ConfUtils.java:logGet(43)) - raft.server.watch.element-limit = 65536 (default)
2019-11-15 20:27:28,839 [4e9d79cc-0455-427e-951d-7d9146a76d5d@group-A95683BA2CB7-LeaderElection184] INFO  impl.RoleInfo (RoleInfo.java:updateAndGet(143)) - 4e9d79cc-0455-427e-951d-7d9146a76d5d: start LeaderState
2019-11-15 20:27:28,839 [4e9d79cc-0455-427e-951d-7d9146a76d5d@group-A95683BA2CB7-LeaderElection184] INFO  segmented.SegmentedRaftLogWorker (SegmentedRaftLogWorker.java:startLogSegment(385)) - 4e9d79cc-0455-427e-951d-7d9146a76d5d@group-A95683BA2CB7-SegmentedRaftLogWorker: Starting segment from index:0
2019-11-15 20:27:28,839 [4e9d79cc-0455-427e-951d-7d9146a76d5d@group-A95683BA2CB7-LeaderElection184] INFO  impl.RaftServerImpl (ServerState.java:setRaftConf(356)) - 4e9d79cc-0455-427e-951d-7d9146a76d5d@group-A95683BA2CB7: set configuration 0: [4e9d79cc-0455-427e-951d-7d9146a76d5d:192.168.157.201:45301], old=null at 0
2019-11-15 20:27:28,841 [d8d3f8ae-ceeb-4228-b266-44fc60f7c1eb@group-62B4F8A0C489-LeaderElection185] INFO  impl.LeaderElection (LeaderElection.java:logAndReturn(56)) - d8d3f8ae-ceeb-4228-b266-44fc60f7c1eb@group-62B4F8A0C489-LeaderElection185: Election REJECTED; received 2 response(s) [d8d3f8ae-ceeb-4228-b266-44fc60f7c1eb<-4e9d79cc-0455-427e-951d-7d9146a76d5d#0:FAIL-t1, d8d3f8ae-ceeb-4228-b266-44fc60f7c1eb<-95354d75-8d68-42fd-a60f-edc5fe17909c#0:FAIL-t1] and 0 exception(s); d8d3f8ae-ceeb-4228-b266-44fc60f7c1eb@group-62B4F8A0C489:t1, leader=null, voted=d8d3f8ae-ceeb-4228-b266-44fc60f7c1eb, raftlog=d8d3f8ae-ceeb-4228-b266-44fc60f7c1eb@group-62B4F8A0C489-SegmentedRaftLog:OPENED:c-1,f-1,i0, conf=-1: [4e9d79cc-0455-427e-951d-7d9146a76d5d:192.168.157.201:45301, d8d3f8ae-ceeb-4228-b266-44fc60f7c1eb:192.168.157.201:44849, 95354d75-8d68-42fd-a60f-edc5fe17909c:192.168.157.201:38687], old=null
2019-11-15 20:27:28,841 [d8d3f8ae-ceeb-4228-b266-44fc60f7c1eb@group-62B4F8A0C489-LeaderElection185] INFO  impl.RaftServerImpl (RaftServerImpl.java:setRole(173)) - d8d3f8ae-ceeb-4228-b266-44fc60f7c1eb@group-62B4F8A0C489: changes role from CANDIDATE to FOLLOWER at term 1 for DISCOVERED_A_NEW_TERM
2019-11-15 20:27:28,841 [d8d3f8ae-ceeb-4228-b266-44fc60f7c1eb@group-62B4F8A0C489-LeaderElection185] INFO  impl.RoleInfo (RoleInfo.java:shutdownLeaderElection(134)) - d8d3f8ae-ceeb-4228-b266-44fc60f7c1eb: shutdown LeaderElection
2019-11-15 20:27:28,841 [d8d3f8ae-ceeb-4228-b266-44fc60f7c1eb@group-62B4F8A0C489-LeaderElection185] INFO  impl.RoleInfo (RoleInfo.java:updateAndGet(143)) - d8d3f8ae-ceeb-4228-b266-44fc60f7c1eb: start FollowerState
2019-11-15 20:27:28,854 [pool-589-thread-1] INFO  storage.RaftStorage (RaftStorage.java:format(84)) - Storage directory /workdir/hadoop-ozone/integration-test/target/test-dir/MiniOzoneClusterImpl-2baab228-4da8-45e4-8c00-c7e13f1dd389/datanode-8/data/ratis/09b2b950-22cd-485f-b3c9-09bf56990583 has been successfully formatted.
2019-11-15 20:27:28,855 [pool-589-thread-1] INFO  ratis.ContainerStateMachine (ContainerStateMachine.java:loadSnapshot(223)) - group-09BF56990583: The snapshot info is null. Setting the last applied indexto:(t:0, i:~)
2019-11-15 20:27:28,855 [pool-589-thread-1] INFO  server.RaftServerConfigKeys (ConfUtils.java:logGet(43)) - raft.server.notification.no-leader.timeout = 120s (custom)
2019-11-15 20:27:28,855 [pool-589-thread-1] INFO  server.RaftServerConfigKeys (ConfUtils.java:logGet(43)) - raft.server.log.use.memory = false (default)
2019-11-15 20:27:28,855 [pool-589-thread-1] INFO  server.RaftServerConfigKeys (ConfUtils.java:logGet(43)) - raft.server.log.purge.gap = 1000000 (custom)
2019-11-15 20:27:28,855 [pool-589-thread-1] INFO  server.RaftServerConfigKeys (ConfUtils.java:logGet(43)) - raft.server.log.appender.buffer.byte-limit = 33554432 (custom)
2019-11-15 20:27:28,855 [pool-589-thread-1] INFO  server.RaftServerConfigKeys (ConfUtils.java:logGet(43)) - raft.server.log.segment.size.max = 1048576 (custom)
2019-11-15 20:27:28,855 [pool-589-thread-1] INFO  server.RaftServerConfigKeys (ConfUtils.java:logGet(43)) - raft.server.log.segment.cache.num.max = 2 (custom)
2019-11-15 20:27:28,855 [pool-589-thread-1] INFO  segmented.SegmentedRaftLogWorker (SegmentedRaftLogWorker.java:<init>(173)) - new b7fbb734-148a-49a6-9cb1-519eb8bdf364@group-09BF56990583-SegmentedRaftLogWorker for RaftStorage:Storage Directory /workdir/hadoop-ozone/integration-test/target/test-dir/MiniOzoneClusterImpl-2baab228-4da8-45e4-8c00-c7e13f1dd389/datanode-8/data/ratis/09b2b950-22cd-485f-b3c9-09bf56990583
2019-11-15 20:27:28,855 [pool-589-thread-1] INFO  server.RaftServerConfigKeys (ConfUtils.java:logGet(43)) - raft.server.log.queue.byte-limit = 2147483647 (custom)
2019-11-15 20:27:28,855 [pool-589-thread-1] INFO  server.RaftServerConfigKeys (ConfUtils.java:logGet(43)) - raft.server.log.queue.element-limit = 1024 (custom)
2019-11-15 20:27:28,855 [pool-589-thread-1] INFO  server.RaftServerConfigKeys (ConfUtils.java:logGet(43)) - raft.server.log.segment.size.max = 1048576 (custom)
2019-11-15 20:27:28,855 [pool-589-thread-1] INFO  server.RaftServerConfigKeys (ConfUtils.java:logGet(43)) - raft.server.log.preallocated.size = 16384 (custom)
2019-11-15 20:27:28,855 [pool-589-thread-1] INFO  server.RaftServerConfigKeys (ConfUtils.java:logGet(43)) - raft.server.log.write.buffer.size = 33554432 (custom)
2019-11-15 20:27:28,855 [pool-589-thread-1] INFO  server.RaftServerConfigKeys (ConfUtils.java:logGet(43)) - raft.server.log.force.sync.num = 128 (default)
2019-11-15 20:27:28,855 [pool-589-thread-1] INFO  server.RaftServerConfigKeys (ConfUtils.java:logGet(43)) - raft.server.log.statemachine.data.sync = true (default)
2019-11-15 20:27:28,856 [pool-589-thread-1] INFO  server.RaftServerConfigKeys (ConfUtils.java:logGet(43)) - raft.server.log.statemachine.data.sync.timeout = 10s (default)
2019-11-15 20:27:28,856 [pool-589-thread-1] INFO  server.RaftServerConfigKeys (ConfUtils.java:logGet(43)) - raft.server.log.statemachine.data.sync.timeout.retry = -1 (default)
2019-11-15 20:27:28,856 [pool-589-thread-1] INFO  server.RaftServerConfigKeys (ConfUtils.java:logGet(43)) - raft.server.log.statemachine.data.caching.enabled = true (custom)
2019-11-15 20:27:28,856 [pool-589-thread-1] INFO  segmented.SegmentedRaftLogWorker (SegmentedRaftLogWorker.java:lambda$new$0(128)) - b7fbb734-148a-49a6-9cb1-519eb8bdf364@group-09BF56990583-SegmentedRaftLogWorker: flushIndex: setUnconditionally 0 -> -1
2019-11-15 20:27:28,856 [pool-589-thread-1] INFO  server.RaftServerConfigKeys (ConfUtils.java:logGet(43)) - raft.server.snapshot.auto.trigger.enabled = true (custom)
2019-11-15 20:27:28,856 [pool-589-thread-1] INFO  server.RaftServerConfigKeys (ConfUtils.java:logGet(43)) - raft.server.snapshot.auto.trigger.threshold = 10000 (custom)
2019-11-15 20:27:28,856 [pool-589-thread-1] INFO  server.RaftServerConfigKeys (ConfUtils.java:logGet(43)) - raft.server.snapshot.retention.file.num = 5 (custom)
2019-11-15 20:27:28,856 [pool-589-thread-1] INFO  server.RaftServerConfigKeys (ConfUtils.java:logGet(43)) - raft.server.retrycache.expirytime = 600000ms (custom)
2019-11-15 20:27:28,856 [pool-589-thread-1] WARN  impl.MetricRegistriesImpl (MetricRegistriesImpl.java:lambda$create$1(61)) - First MetricRegistry has been created without registering reporters. You may need to call MetricRegistries.global().addReportRegistration(...) before.
2019-11-15 20:27:28,856 [pool-589-thread-1] WARN  impl.MetricRegistriesImpl (MetricRegistriesImpl.java:lambda$create$1(61)) - First MetricRegistry has been created without registering reporters. You may need to call MetricRegistries.global().addReportRegistration(...) before.
2019-11-15 20:27:28,856 [pool-589-thread-1] INFO  impl.RaftServerImpl (RaftServerImpl.java:start(184)) - b7fbb734-148a-49a6-9cb1-519eb8bdf364@group-09BF56990583: start as a follower, conf=-1: [0d66e4d5-0fe9-441c-84d0-b1903c285e78:192.168.157.201:44210, b7fbb734-148a-49a6-9cb1-519eb8bdf364:192.168.157.201:44174, 77a687a8-07fe-464e-b0f2-03532ede599a:192.168.157.201:39884], old=null
2019-11-15 20:27:28,857 [pool-589-thread-1] INFO  impl.RaftServerImpl (RaftServerImpl.java:setRole(173)) - b7fbb734-148a-49a6-9cb1-519eb8bdf364@group-09BF56990583: changes role from      null to FOLLOWER at term 0 for startAsFollower
2019-11-15 20:27:28,857 [pool-589-thread-1] INFO  impl.RoleInfo (RoleInfo.java:updateAndGet(143)) - b7fbb734-148a-49a6-9cb1-519eb8bdf364: start FollowerState
2019-11-15 20:27:28,857 [pool-589-thread-1] INFO  util.JmxRegister (JmxRegister.java:tryRegister(44)) - Successfully registered JMX Bean with object name Ratis:service=RaftServer,group=group-09BF56990583,id=b7fbb734-148a-49a6-9cb1-519eb8bdf364
2019-11-15 20:27:28,857 [pool-589-thread-1] WARN  impl.MetricRegistriesImpl (MetricRegistriesImpl.java:lambda$create$1(61)) - First MetricRegistry has been created without registering reporters. You may need to call MetricRegistries.global().addReportRegistration(...) before.
2019-11-15 20:27:28,863 [pool-559-thread-1] INFO  storage.RaftStorage (RaftStorage.java:format(84)) - Storage directory /workdir/hadoop-ozone/integration-test/target/test-dir/MiniOzoneClusterImpl-2baab228-4da8-45e4-8c00-c7e13f1dd389/datanode-5/data/ratis/09b2b950-22cd-485f-b3c9-09bf56990583 has been successfully formatted.
2019-11-15 20:27:28,863 [pool-559-thread-1] INFO  ratis.ContainerStateMachine (ContainerStateMachine.java:loadSnapshot(223)) - group-09BF56990583: The snapshot info is null. Setting the last applied indexto:(t:0, i:~)
2019-11-15 20:27:28,863 [pool-559-thread-1] INFO  server.RaftServerConfigKeys (ConfUtils.java:logGet(43)) - raft.server.notification.no-leader.timeout = 120s (custom)
2019-11-15 20:27:28,863 [pool-559-thread-1] INFO  server.RaftServerConfigKeys (ConfUtils.java:logGet(43)) - raft.server.log.use.memory = false (default)
2019-11-15 20:27:28,863 [pool-559-thread-1] INFO  server.RaftServerConfigKeys (ConfUtils.java:logGet(43)) - raft.server.log.purge.gap = 1000000 (custom)
2019-11-15 20:27:28,864 [pool-559-thread-1] INFO  server.RaftServerConfigKeys (ConfUtils.java:logGet(43)) - raft.server.log.appender.buffer.byte-limit = 33554432 (custom)
2019-11-15 20:27:28,864 [pool-559-thread-1] INFO  server.RaftServerConfigKeys (ConfUtils.java:logGet(43)) - raft.server.log.segment.size.max = 1048576 (custom)
2019-11-15 20:27:28,864 [pool-559-thread-1] INFO  server.RaftServerConfigKeys (ConfUtils.java:logGet(43)) - raft.server.log.segment.cache.num.max = 2 (custom)
2019-11-15 20:27:28,864 [pool-559-thread-1] INFO  segmented.SegmentedRaftLogWorker (SegmentedRaftLogWorker.java:<init>(173)) - new 0d66e4d5-0fe9-441c-84d0-b1903c285e78@group-09BF56990583-SegmentedRaftLogWorker for RaftStorage:Storage Directory /workdir/hadoop-ozone/integration-test/target/test-dir/MiniOzoneClusterImpl-2baab228-4da8-45e4-8c00-c7e13f1dd389/datanode-5/data/ratis/09b2b950-22cd-485f-b3c9-09bf56990583
2019-11-15 20:27:28,864 [pool-559-thread-1] INFO  server.RaftServerConfigKeys (ConfUtils.java:logGet(43)) - raft.server.log.queue.byte-limit = 2147483647 (custom)
2019-11-15 20:27:28,864 [pool-559-thread-1] INFO  server.RaftServerConfigKeys (ConfUtils.java:logGet(43)) - raft.server.log.queue.element-limit = 1024 (custom)
2019-11-15 20:27:28,864 [pool-559-thread-1] INFO  server.RaftServerConfigKeys (ConfUtils.java:logGet(43)) - raft.server.log.segment.size.max = 1048576 (custom)
2019-11-15 20:27:28,864 [pool-559-thread-1] INFO  server.RaftServerConfigKeys (ConfUtils.java:logGet(43)) - raft.server.log.preallocated.size = 16384 (custom)
2019-11-15 20:27:28,864 [pool-559-thread-1] INFO  server.RaftServerConfigKeys (ConfUtils.java:logGet(43)) - raft.server.log.write.buffer.size = 33554432 (custom)
2019-11-15 20:27:28,864 [pool-559-thread-1] INFO  server.RaftServerConfigKeys (ConfUtils.java:logGet(43)) - raft.server.log.force.sync.num = 128 (default)
2019-11-15 20:27:28,864 [pool-559-thread-1] INFO  server.RaftServerConfigKeys (ConfUtils.java:logGet(43)) - raft.server.log.statemachine.data.sync = true (default)
2019-11-15 20:27:28,865 [pool-559-thread-1] INFO  server.RaftServerConfigKeys (ConfUtils.java:logGet(43)) - raft.server.log.statemachine.data.sync.timeout = 10s (default)
2019-11-15 20:27:28,865 [pool-559-thread-1] INFO  server.RaftServerConfigKeys (ConfUtils.java:logGet(43)) - raft.server.log.statemachine.data.sync.timeout.retry = -1 (default)
2019-11-15 20:27:28,865 [pool-559-thread-1] INFO  server.RaftServerConfigKeys (ConfUtils.java:logGet(43)) - raft.server.log.statemachine.data.caching.enabled = true (custom)
2019-11-15 20:27:28,865 [pool-559-thread-1] INFO  segmented.SegmentedRaftLogWorker (SegmentedRaftLogWorker.java:lambda$new$0(128)) - 0d66e4d5-0fe9-441c-84d0-b1903c285e78@group-09BF56990583-SegmentedRaftLogWorker: flushIndex: setUnconditionally 0 -> -1
2019-11-15 20:27:28,865 [pool-559-thread-1] INFO  server.RaftServerConfigKeys (ConfUtils.java:logGet(43)) - raft.server.snapshot.auto.trigger.enabled = true (custom)
2019-11-15 20:27:28,865 [pool-559-thread-1] INFO  server.RaftServerConfigKeys (ConfUtils.java:logGet(43)) - raft.server.snapshot.auto.trigger.threshold = 10000 (custom)
2019-11-15 20:27:28,865 [pool-559-thread-1] INFO  server.RaftServerConfigKeys (ConfUtils.java:logGet(43)) - raft.server.snapshot.retention.file.num = 5 (custom)
2019-11-15 20:27:28,865 [pool-559-thread-1] INFO  server.RaftServerConfigKeys (ConfUtils.java:logGet(43)) - raft.server.retrycache.expirytime = 600000ms (custom)
2019-11-15 20:27:28,866 [pool-559-thread-1] WARN  impl.MetricRegistriesImpl (MetricRegistriesImpl.java:lambda$create$1(61)) - First MetricRegistry has been created without registering reporters. You may need to call MetricRegistries.global().addReportRegistration(...) before.
2019-11-15 20:27:28,866 [pool-559-thread-1] WARN  impl.MetricRegistriesImpl (MetricRegistriesImpl.java:lambda$create$1(61)) - First MetricRegistry has been created without registering reporters. You may need to call MetricRegistries.global().addReportRegistration(...) before.
2019-11-15 20:27:28,866 [pool-559-thread-1] INFO  impl.RaftServerImpl (RaftServerImpl.java:start(184)) - 0d66e4d5-0fe9-441c-84d0-b1903c285e78@group-09BF56990583: start as a follower, conf=-1: [0d66e4d5-0fe9-441c-84d0-b1903c285e78:192.168.157.201:44210, b7fbb734-148a-49a6-9cb1-519eb8bdf364:192.168.157.201:44174, 77a687a8-07fe-464e-b0f2-03532ede599a:192.168.157.201:39884], old=null
2019-11-15 20:27:28,866 [pool-559-thread-1] INFO  impl.RaftServerImpl (RaftServerImpl.java:setRole(173)) - 0d66e4d5-0fe9-441c-84d0-b1903c285e78@group-09BF56990583: changes role from      null to FOLLOWER at term 0 for startAsFollower
2019-11-15 20:27:28,866 [pool-559-thread-1] INFO  impl.RoleInfo (RoleInfo.java:updateAndGet(143)) - 0d66e4d5-0fe9-441c-84d0-b1903c285e78: start FollowerState
2019-11-15 20:27:28,866 [pool-559-thread-1] INFO  util.JmxRegister (JmxRegister.java:tryRegister(44)) - Successfully registered JMX Bean with object name Ratis:service=RaftServer,group=group-09BF56990583,id=0d66e4d5-0fe9-441c-84d0-b1903c285e78
2019-11-15 20:27:28,866 [pool-559-thread-1] WARN  impl.MetricRegistriesImpl (MetricRegistriesImpl.java:lambda$create$1(61)) - First MetricRegistry has been created without registering reporters. You may need to call MetricRegistries.global().addReportRegistration(...) before.
2019-11-15 20:27:28,868 [RatisPipelineUtilsThread] INFO  pipeline.PipelineStateManager (PipelineStateManager.java:addPipeline(55)) - Created pipeline Pipeline[ Id: 09b2b950-22cd-485f-b3c9-09bf56990583, Nodes: b7fbb734-148a-49a6-9cb1-519eb8bdf364{ip: 192.168.157.201, host: pr-hdds-2514-unusedmethodparam-9qkq7-1267773169, networkLocation: /rack1, certSerialId: null}0d66e4d5-0fe9-441c-84d0-b1903c285e78{ip: 192.168.157.201, host: pr-hdds-2514-unusedmethodparam-9qkq7-1267773169, networkLocation: /rack1, certSerialId: null}77a687a8-07fe-464e-b0f2-03532ede599a{ip: 192.168.157.201, host: pr-hdds-2514-unusedmethodparam-9qkq7-1267773169, networkLocation: /rack1, certSerialId: null}, Type:RATIS, Factor:THREE, State:ALLOCATED]
2019-11-15 20:27:28,869 [EventQueue-PipelineReportForPipelineReportHandler] INFO  pipeline.PipelineStateManager (PipelineStateManager.java:openPipeline(134)) - Pipeline Pipeline[ Id: 0d9ebe66-19b4-4c6b-b2f0-419aa6468a1b, Nodes: 77a687a8-07fe-464e-b0f2-03532ede599a{ip: 192.168.157.201, host: pr-hdds-2514-unusedmethodparam-9qkq7-1267773169, networkLocation: /rack1, certSerialId: null}, Type:RATIS, Factor:ONE, State:OPEN] moved to OPEN state
2019-11-15 20:27:28,869 [EventQueue-PipelineReportForPipelineReportHandler] INFO  pipeline.PipelineStateManager (PipelineStateManager.java:openPipeline(134)) - Pipeline Pipeline[ Id: a5f07202-fa1b-4cf9-bf78-a95683ba2cb7, Nodes: 4e9d79cc-0455-427e-951d-7d9146a76d5d{ip: 192.168.157.201, host: pr-hdds-2514-unusedmethodparam-9qkq7-1267773169, networkLocation: /rack1, certSerialId: null}, Type:RATIS, Factor:ONE, State:OPEN] moved to OPEN state
2019-11-15 20:27:28,871 [77a687a8-07fe-464e-b0f2-03532ede599a@group-419AA6468A1B-SegmentedRaftLogWorker] INFO  segmented.SegmentedRaftLogWorker (SegmentedRaftLogWorker.java:execute(576)) - 77a687a8-07fe-464e-b0f2-03532ede599a@group-419AA6468A1B-SegmentedRaftLogWorker: created new log segment /workdir/hadoop-ozone/integration-test/target/test-dir/MiniOzoneClusterImpl-2baab228-4da8-45e4-8c00-c7e13f1dd389/datanode-7/data/ratis/0d9ebe66-19b4-4c6b-b2f0-419aa6468a1b/current/log_inprogress_0
2019-11-15 20:27:28,889 [4e9d79cc-0455-427e-951d-7d9146a76d5d@group-A95683BA2CB7-SegmentedRaftLogWorker] INFO  segmented.SegmentedRaftLogWorker (SegmentedRaftLogWorker.java:execute(576)) - 4e9d79cc-0455-427e-951d-7d9146a76d5d@group-A95683BA2CB7-SegmentedRaftLogWorker: created new log segment /workdir/hadoop-ozone/integration-test/target/test-dir/MiniOzoneClusterImpl-2baab228-4da8-45e4-8c00-c7e13f1dd389/datanode-9/data/ratis/a5f07202-fa1b-4cf9-bf78-a95683ba2cb7/current/log_inprogress_0
2019-11-15 20:27:29,133 [Thread-4234] INFO  impl.FollowerState (FollowerState.java:run(111)) - c767ecc1-97b1-4b32-a4b7-dad4991a192e@group-321D9595DF86-FollowerState: change to CANDIDATE, lastRpcTime:1034ms, electionTimeout:1034ms
2019-11-15 20:27:29,133 [Thread-4234] INFO  impl.RoleInfo (RoleInfo.java:shutdownFollowerState(121)) - c767ecc1-97b1-4b32-a4b7-dad4991a192e: shutdown FollowerState
2019-11-15 20:27:29,133 [Thread-4234] INFO  impl.RaftServerImpl (RaftServerImpl.java:setRole(173)) - c767ecc1-97b1-4b32-a4b7-dad4991a192e@group-321D9595DF86: changes role from  FOLLOWER to CANDIDATE at term 1 for changeToCandidate
2019-11-15 20:27:29,134 [Thread-4234] INFO  impl.RoleInfo (RoleInfo.java:updateAndGet(143)) - c767ecc1-97b1-4b32-a4b7-dad4991a192e: start LeaderElection
2019-11-15 20:27:29,142 [Thread-4231] INFO  impl.FollowerState (FollowerState.java:run(111)) - ecb82392-9efc-4718-8957-302e66d96ccd@group-321D9595DF86-FollowerState: change to CANDIDATE, lastRpcTime:1048ms, electionTimeout:1048ms
2019-11-15 20:27:29,142 [Thread-4231] INFO  impl.RoleInfo (RoleInfo.java:shutdownFollowerState(121)) - ecb82392-9efc-4718-8957-302e66d96ccd: shutdown FollowerState
2019-11-15 20:27:29,142 [Thread-4231] INFO  impl.RaftServerImpl (RaftServerImpl.java:setRole(173)) - ecb82392-9efc-4718-8957-302e66d96ccd@group-321D9595DF86: changes role from  FOLLOWER to CANDIDATE at term 1 for changeToCandidate
2019-11-15 20:27:29,142 [Thread-4231] INFO  impl.RoleInfo (RoleInfo.java:updateAndGet(143)) - ecb82392-9efc-4718-8957-302e66d96ccd: start LeaderElection
2019-11-15 20:27:29,157 [Thread-4233] INFO  impl.FollowerState (FollowerState.java:run(111)) - 6d6ed0d9-a6ea-4ace-a9af-83891056ab32@group-321D9595DF86-FollowerState: change to CANDIDATE, lastRpcTime:1059ms, electionTimeout:1059ms
2019-11-15 20:27:29,157 [Thread-4233] INFO  impl.RoleInfo (RoleInfo.java:shutdownFollowerState(121)) - 6d6ed0d9-a6ea-4ace-a9af-83891056ab32: shutdown FollowerState
2019-11-15 20:27:29,157 [Thread-4233] INFO  impl.RaftServerImpl (RaftServerImpl.java:setRole(173)) - 6d6ed0d9-a6ea-4ace-a9af-83891056ab32@group-321D9595DF86: changes role from  FOLLOWER to CANDIDATE at term 1 for changeToCandidate
2019-11-15 20:27:29,157 [Thread-4233] INFO  impl.RoleInfo (RoleInfo.java:updateAndGet(143)) - 6d6ed0d9-a6ea-4ace-a9af-83891056ab32: start LeaderElection
2019-11-15 20:27:29,158 [c767ecc1-97b1-4b32-a4b7-dad4991a192e@group-321D9595DF86-LeaderElection186] INFO  impl.LeaderElection (LeaderElection.java:askForVotes(178)) - c767ecc1-97b1-4b32-a4b7-dad4991a192e@group-321D9595DF86-LeaderElection186: begin an election at term 2 for -1: [ecb82392-9efc-4718-8957-302e66d96ccd:192.168.157.201:35685, 6d6ed0d9-a6ea-4ace-a9af-83891056ab32:192.168.157.201:37473, c767ecc1-97b1-4b32-a4b7-dad4991a192e:192.168.157.201:43389], old=null
2019-11-15 20:27:29,175 [ecb82392-9efc-4718-8957-302e66d96ccd@group-321D9595DF86-LeaderElection187] INFO  impl.LeaderElection (LeaderElection.java:askForVotes(178)) - ecb82392-9efc-4718-8957-302e66d96ccd@group-321D9595DF86-LeaderElection187: begin an election at term 2 for -1: [ecb82392-9efc-4718-8957-302e66d96ccd:192.168.157.201:35685, 6d6ed0d9-a6ea-4ace-a9af-83891056ab32:192.168.157.201:37473, c767ecc1-97b1-4b32-a4b7-dad4991a192e:192.168.157.201:43389], old=null
2019-11-15 20:27:29,175 [6d6ed0d9-a6ea-4ace-a9af-83891056ab32@group-321D9595DF86-LeaderElection188] INFO  impl.LeaderElection (LeaderElection.java:askForVotes(178)) - 6d6ed0d9-a6ea-4ace-a9af-83891056ab32@group-321D9595DF86-LeaderElection188: begin an election at term 2 for -1: [ecb82392-9efc-4718-8957-302e66d96ccd:192.168.157.201:35685, 6d6ed0d9-a6ea-4ace-a9af-83891056ab32:192.168.157.201:37473, c767ecc1-97b1-4b32-a4b7-dad4991a192e:192.168.157.201:43389], old=null
2019-11-15 20:27:29,176 [c767ecc1-97b1-4b32-a4b7-dad4991a192e@group-321D9595DF86-LeaderElection186] INFO  impl.LeaderElection (LeaderElection.java:logAndReturn(56)) - c767ecc1-97b1-4b32-a4b7-dad4991a192e@group-321D9595DF86-LeaderElection186: Election REJECTED; received 2 response(s) [c767ecc1-97b1-4b32-a4b7-dad4991a192e<-ecb82392-9efc-4718-8957-302e66d96ccd#0:FAIL-t2, c767ecc1-97b1-4b32-a4b7-dad4991a192e<-6d6ed0d9-a6ea-4ace-a9af-83891056ab32#0:FAIL-t2] and 0 exception(s); c767ecc1-97b1-4b32-a4b7-dad4991a192e@group-321D9595DF86:t2, leader=null, voted=c767ecc1-97b1-4b32-a4b7-dad4991a192e, raftlog=c767ecc1-97b1-4b32-a4b7-dad4991a192e@group-321D9595DF86-SegmentedRaftLog:OPENED:c-1,f-1,i0, conf=-1: [ecb82392-9efc-4718-8957-302e66d96ccd:192.168.157.201:35685, 6d6ed0d9-a6ea-4ace-a9af-83891056ab32:192.168.157.201:37473, c767ecc1-97b1-4b32-a4b7-dad4991a192e:192.168.157.201:43389], old=null
2019-11-15 20:27:29,176 [c767ecc1-97b1-4b32-a4b7-dad4991a192e@group-321D9595DF86-LeaderElection186] INFO  impl.RaftServerImpl (RaftServerImpl.java:setRole(173)) - c767ecc1-97b1-4b32-a4b7-dad4991a192e@group-321D9595DF86: changes role from CANDIDATE to FOLLOWER at term 2 for DISCOVERED_A_NEW_TERM
2019-11-15 20:27:29,176 [c767ecc1-97b1-4b32-a4b7-dad4991a192e@group-321D9595DF86-LeaderElection186] INFO  impl.RoleInfo (RoleInfo.java:shutdownLeaderElection(134)) - c767ecc1-97b1-4b32-a4b7-dad4991a192e: shutdown LeaderElection
2019-11-15 20:27:29,176 [c767ecc1-97b1-4b32-a4b7-dad4991a192e@group-321D9595DF86-LeaderElection186] INFO  impl.RoleInfo (RoleInfo.java:updateAndGet(143)) - c767ecc1-97b1-4b32-a4b7-dad4991a192e: start FollowerState
2019-11-15 20:27:29,178 [ecb82392-9efc-4718-8957-302e66d96ccd@group-321D9595DF86-LeaderElection187] INFO  impl.LeaderElection (LeaderElection.java:logAndReturn(56)) - ecb82392-9efc-4718-8957-302e66d96ccd@group-321D9595DF86-LeaderElection187: Election REJECTED; received 2 response(s) [ecb82392-9efc-4718-8957-302e66d96ccd<-6d6ed0d9-a6ea-4ace-a9af-83891056ab32#0:FAIL-t2, ecb82392-9efc-4718-8957-302e66d96ccd<-c767ecc1-97b1-4b32-a4b7-dad4991a192e#0:FAIL-t2] and 0 exception(s); ecb82392-9efc-4718-8957-302e66d96ccd@group-321D9595DF86:t2, leader=null, voted=ecb82392-9efc-4718-8957-302e66d96ccd, raftlog=ecb82392-9efc-4718-8957-302e66d96ccd@group-321D9595DF86-SegmentedRaftLog:OPENED:c-1,f-1,i0, conf=-1: [ecb82392-9efc-4718-8957-302e66d96ccd:192.168.157.201:35685, 6d6ed0d9-a6ea-4ace-a9af-83891056ab32:192.168.157.201:37473, c767ecc1-97b1-4b32-a4b7-dad4991a192e:192.168.157.201:43389], old=null
2019-11-15 20:27:29,178 [ecb82392-9efc-4718-8957-302e66d96ccd@group-321D9595DF86-LeaderElection187] INFO  impl.RaftServerImpl (RaftServerImpl.java:setRole(173)) - ecb82392-9efc-4718-8957-302e66d96ccd@group-321D9595DF86: changes role from CANDIDATE to FOLLOWER at term 2 for DISCOVERED_A_NEW_TERM
2019-11-15 20:27:29,178 [ecb82392-9efc-4718-8957-302e66d96ccd@group-321D9595DF86-LeaderElection187] INFO  impl.RoleInfo (RoleInfo.java:shutdownLeaderElection(134)) - ecb82392-9efc-4718-8957-302e66d96ccd: shutdown LeaderElection
2019-11-15 20:27:29,178 [6d6ed0d9-a6ea-4ace-a9af-83891056ab32@group-321D9595DF86-LeaderElection188] INFO  impl.LeaderElection (LeaderElection.java:logAndReturn(56)) - 6d6ed0d9-a6ea-4ace-a9af-83891056ab32@group-321D9595DF86-LeaderElection188: Election REJECTED; received 2 response(s) [6d6ed0d9-a6ea-4ace-a9af-83891056ab32<-ecb82392-9efc-4718-8957-302e66d96ccd#0:FAIL-t2, 6d6ed0d9-a6ea-4ace-a9af-83891056ab32<-c767ecc1-97b1-4b32-a4b7-dad4991a192e#0:FAIL-t2] and 0 exception(s); 6d6ed0d9-a6ea-4ace-a9af-83891056ab32@group-321D9595DF86:t2, leader=null, voted=6d6ed0d9-a6ea-4ace-a9af-83891056ab32, raftlog=6d6ed0d9-a6ea-4ace-a9af-83891056ab32@group-321D9595DF86-SegmentedRaftLog:OPENED:c-1,f-1,i0, conf=-1: [ecb82392-9efc-4718-8957-302e66d96ccd:192.168.157.201:35685, 6d6ed0d9-a6ea-4ace-a9af-83891056ab32:192.168.157.201:37473, c767ecc1-97b1-4b32-a4b7-dad4991a192e:192.168.157.201:43389], old=null
2019-11-15 20:27:29,179 [ecb82392-9efc-4718-8957-302e66d96ccd@group-321D9595DF86-LeaderElection187] INFO  impl.RoleInfo (RoleInfo.java:updateAndGet(143)) - ecb82392-9efc-4718-8957-302e66d96ccd: start FollowerState
2019-11-15 20:27:29,179 [6d6ed0d9-a6ea-4ace-a9af-83891056ab32@group-321D9595DF86-LeaderElection188] INFO  impl.RaftServerImpl (RaftServerImpl.java:setRole(173)) - 6d6ed0d9-a6ea-4ace-a9af-83891056ab32@group-321D9595DF86: changes role from CANDIDATE to FOLLOWER at term 2 for DISCOVERED_A_NEW_TERM
2019-11-15 20:27:29,179 [6d6ed0d9-a6ea-4ace-a9af-83891056ab32@group-321D9595DF86-LeaderElection188] INFO  impl.RoleInfo (RoleInfo.java:shutdownLeaderElection(134)) - 6d6ed0d9-a6ea-4ace-a9af-83891056ab32: shutdown LeaderElection
2019-11-15 20:27:29,179 [6d6ed0d9-a6ea-4ace-a9af-83891056ab32@group-321D9595DF86-LeaderElection188] INFO  impl.RoleInfo (RoleInfo.java:updateAndGet(143)) - 6d6ed0d9-a6ea-4ace-a9af-83891056ab32: start FollowerState
2019-11-15 20:27:29,910 [Thread-4252] INFO  impl.FollowerState (FollowerState.java:run(111)) - 77a687a8-07fe-464e-b0f2-03532ede599a@group-09BF56990583-FollowerState: change to CANDIDATE, lastRpcTime:1092ms, electionTimeout:1092ms
2019-11-15 20:27:29,910 [Thread-4252] INFO  impl.RoleInfo (RoleInfo.java:shutdownFollowerState(121)) - 77a687a8-07fe-464e-b0f2-03532ede599a: shutdown FollowerState
2019-11-15 20:27:29,910 [Thread-4252] INFO  impl.RaftServerImpl (RaftServerImpl.java:setRole(173)) - 77a687a8-07fe-464e-b0f2-03532ede599a@group-09BF56990583: changes role from  FOLLOWER to CANDIDATE at term 0 for changeToCandidate
2019-11-15 20:27:29,910 [Thread-4252] INFO  impl.RoleInfo (RoleInfo.java:updateAndGet(143)) - 77a687a8-07fe-464e-b0f2-03532ede599a: start LeaderElection
2019-11-15 20:27:29,923 [Thread-4257] INFO  impl.FollowerState (FollowerState.java:run(111)) - 4e9d79cc-0455-427e-951d-7d9146a76d5d@group-62B4F8A0C489-FollowerState: change to CANDIDATE, lastRpcTime:1084ms, electionTimeout:1084ms
2019-11-15 20:27:29,923 [Thread-4257] INFO  impl.RoleInfo (RoleInfo.java:shutdownFollowerState(121)) - 4e9d79cc-0455-427e-951d-7d9146a76d5d: shutdown FollowerState
2019-11-15 20:27:29,923 [Thread-4257] INFO  impl.RaftServerImpl (RaftServerImpl.java:setRole(173)) - 4e9d79cc-0455-427e-951d-7d9146a76d5d@group-62B4F8A0C489: changes role from  FOLLOWER to CANDIDATE at term 1 for changeToCandidate
2019-11-15 20:27:29,923 [Thread-4257] INFO  impl.RoleInfo (RoleInfo.java:updateAndGet(143)) - 4e9d79cc-0455-427e-951d-7d9146a76d5d: start LeaderElection
2019-11-15 20:27:29,926 [Thread-4261] INFO  impl.FollowerState (FollowerState.java:run(111)) - b7fbb734-148a-49a6-9cb1-519eb8bdf364@group-09BF56990583-FollowerState: change to CANDIDATE, lastRpcTime:1069ms, electionTimeout:1069ms
2019-11-15 20:27:29,926 [Thread-4261] INFO  impl.RoleInfo (RoleInfo.java:shutdownFollowerState(121)) - b7fbb734-148a-49a6-9cb1-519eb8bdf364: shutdown FollowerState
2019-11-15 20:27:29,926 [Thread-4261] INFO  impl.RaftServerImpl (RaftServerImpl.java:setRole(173)) - b7fbb734-148a-49a6-9cb1-519eb8bdf364@group-09BF56990583: changes role from  FOLLOWER to CANDIDATE at term 0 for changeToCandidate
2019-11-15 20:27:29,926 [Thread-4261] INFO  impl.RoleInfo (RoleInfo.java:updateAndGet(143)) - b7fbb734-148a-49a6-9cb1-519eb8bdf364: start LeaderElection
2019-11-15 20:27:29,934 [Thread-4259] INFO  impl.FollowerState (FollowerState.java:run(111)) - d8d3f8ae-ceeb-4228-b266-44fc60f7c1eb@group-62B4F8A0C489-FollowerState: change to CANDIDATE, lastRpcTime:1093ms, electionTimeout:1093ms
2019-11-15 20:27:29,934 [Thread-4259] INFO  impl.RoleInfo (RoleInfo.java:shutdownFollowerState(121)) - d8d3f8ae-ceeb-4228-b266-44fc60f7c1eb: shutdown FollowerState
2019-11-15 20:27:29,935 [Thread-4259] INFO  impl.RaftServerImpl (RaftServerImpl.java:setRole(173)) - d8d3f8ae-ceeb-4228-b266-44fc60f7c1eb@group-62B4F8A0C489: changes role from  FOLLOWER to CANDIDATE at term 1 for changeToCandidate
2019-11-15 20:27:29,935 [Thread-4259] INFO  impl.RoleInfo (RoleInfo.java:updateAndGet(143)) - d8d3f8ae-ceeb-4228-b266-44fc60f7c1eb: start LeaderElection
2019-11-15 20:27:29,938 [4e9d79cc-0455-427e-951d-7d9146a76d5d@group-62B4F8A0C489-LeaderElection190] INFO  impl.LeaderElection (LeaderElection.java:askForVotes(178)) - 4e9d79cc-0455-427e-951d-7d9146a76d5d@group-62B4F8A0C489-LeaderElection190: begin an election at term 2 for -1: [4e9d79cc-0455-427e-951d-7d9146a76d5d:192.168.157.201:45301, d8d3f8ae-ceeb-4228-b266-44fc60f7c1eb:192.168.157.201:44849, 95354d75-8d68-42fd-a60f-edc5fe17909c:192.168.157.201:38687], old=null
2019-11-15 20:27:29,938 [77a687a8-07fe-464e-b0f2-03532ede599a@group-09BF56990583-LeaderElection189] INFO  impl.LeaderElection (LeaderElection.java:askForVotes(178)) - 77a687a8-07fe-464e-b0f2-03532ede599a@group-09BF56990583-LeaderElection189: begin an election at term 1 for -1: [0d66e4d5-0fe9-441c-84d0-b1903c285e78:192.168.157.201:44210, b7fbb734-148a-49a6-9cb1-519eb8bdf364:192.168.157.201:44174, 77a687a8-07fe-464e-b0f2-03532ede599a:192.168.157.201:39884], old=null
2019-11-15 20:27:29,941 [grpc-default-executor-10] INFO  impl.RaftServerImpl (RaftServerImpl.java:setRole(173)) - 0d66e4d5-0fe9-441c-84d0-b1903c285e78@group-09BF56990583: changes role from  FOLLOWER to FOLLOWER at term 1 for recognizeCandidate:77a687a8-07fe-464e-b0f2-03532ede599a
2019-11-15 20:27:29,941 [grpc-default-executor-10] INFO  impl.RoleInfo (RoleInfo.java:shutdownFollowerState(121)) - 0d66e4d5-0fe9-441c-84d0-b1903c285e78: shutdown FollowerState
2019-11-15 20:27:29,941 [grpc-default-executor-8] INFO  impl.RaftServerImpl (RaftServerImpl.java:setRole(173)) - 95354d75-8d68-42fd-a60f-edc5fe17909c@group-62B4F8A0C489: changes role from  FOLLOWER to FOLLOWER at term 2 for recognizeCandidate:4e9d79cc-0455-427e-951d-7d9146a76d5d
2019-11-15 20:27:29,942 [Thread-4264] INFO  impl.FollowerState (FollowerState.java:run(120)) - 0d66e4d5-0fe9-441c-84d0-b1903c285e78@group-09BF56990583-FollowerState was interrupted: java.lang.InterruptedException: sleep interrupted
2019-11-15 20:27:29,942 [grpc-default-executor-10] INFO  impl.RoleInfo (RoleInfo.java:updateAndGet(143)) - 0d66e4d5-0fe9-441c-84d0-b1903c285e78: start FollowerState
2019-11-15 20:27:29,942 [grpc-default-executor-8] INFO  impl.RoleInfo (RoleInfo.java:shutdownFollowerState(121)) - 95354d75-8d68-42fd-a60f-edc5fe17909c: shutdown FollowerState
2019-11-15 20:27:29,942 [Thread-4258] INFO  impl.FollowerState (FollowerState.java:run(120)) - 95354d75-8d68-42fd-a60f-edc5fe17909c@group-62B4F8A0C489-FollowerState was interrupted: java.lang.InterruptedException: sleep interrupted
2019-11-15 20:27:29,942 [grpc-default-executor-8] INFO  impl.RoleInfo (RoleInfo.java:updateAndGet(143)) - 95354d75-8d68-42fd-a60f-edc5fe17909c: start FollowerState
2019-11-15 20:27:29,957 [d8d3f8ae-ceeb-4228-b266-44fc60f7c1eb@group-62B4F8A0C489-LeaderElection192] INFO  impl.LeaderElection (LeaderElection.java:askForVotes(178)) - d8d3f8ae-ceeb-4228-b266-44fc60f7c1eb@group-62B4F8A0C489-LeaderElection192: begin an election at term 2 for -1: [4e9d79cc-0455-427e-951d-7d9146a76d5d:192.168.157.201:45301, d8d3f8ae-ceeb-4228-b266-44fc60f7c1eb:192.168.157.201:44849, 95354d75-8d68-42fd-a60f-edc5fe17909c:192.168.157.201:38687], old=null
2019-11-15 20:27:29,957 [b7fbb734-148a-49a6-9cb1-519eb8bdf364@group-09BF56990583-LeaderElection191] INFO  impl.LeaderElection (LeaderElection.java:askForVotes(178)) - b7fbb734-148a-49a6-9cb1-519eb8bdf364@group-09BF56990583-LeaderElection191: begin an election at term 1 for -1: [0d66e4d5-0fe9-441c-84d0-b1903c285e78:192.168.157.201:44210, b7fbb734-148a-49a6-9cb1-519eb8bdf364:192.168.157.201:44174, 77a687a8-07fe-464e-b0f2-03532ede599a:192.168.157.201:39884], old=null
2019-11-15 20:27:29,958 [77a687a8-07fe-464e-b0f2-03532ede599a@group-09BF56990583-LeaderElection189] INFO  impl.LeaderElection (LeaderElection.java:logAndReturn(56)) - 77a687a8-07fe-464e-b0f2-03532ede599a@group-09BF56990583-LeaderElection189: Election PASSED; received 2 response(s) [77a687a8-07fe-464e-b0f2-03532ede599a<-0d66e4d5-0fe9-441c-84d0-b1903c285e78#0:OK-t1, 77a687a8-07fe-464e-b0f2-03532ede599a<-b7fbb734-148a-49a6-9cb1-519eb8bdf364#0:FAIL-t1] and 0 exception(s); 77a687a8-07fe-464e-b0f2-03532ede599a@group-09BF56990583:t1, leader=null, voted=77a687a8-07fe-464e-b0f2-03532ede599a, raftlog=77a687a8-07fe-464e-b0f2-03532ede599a@group-09BF56990583-SegmentedRaftLog:OPENED:c-1,f-1,i0, conf=-1: [0d66e4d5-0fe9-441c-84d0-b1903c285e78:192.168.157.201:44210, b7fbb734-148a-49a6-9cb1-519eb8bdf364:192.168.157.201:44174, 77a687a8-07fe-464e-b0f2-03532ede599a:192.168.157.201:39884], old=null
2019-11-15 20:27:29,958 [4e9d79cc-0455-427e-951d-7d9146a76d5d@group-62B4F8A0C489-LeaderElection190] INFO  impl.LeaderElection (LeaderElection.java:logAndReturn(56)) - 4e9d79cc-0455-427e-951d-7d9146a76d5d@group-62B4F8A0C489-LeaderElection190: Election PASSED; received 2 response(s) [4e9d79cc-0455-427e-951d-7d9146a76d5d<-d8d3f8ae-ceeb-4228-b266-44fc60f7c1eb#0:FAIL-t2, 4e9d79cc-0455-427e-951d-7d9146a76d5d<-95354d75-8d68-42fd-a60f-edc5fe17909c#0:OK-t2] and 0 exception(s); 4e9d79cc-0455-427e-951d-7d9146a76d5d@group-62B4F8A0C489:t2, leader=null, voted=4e9d79cc-0455-427e-951d-7d9146a76d5d, raftlog=4e9d79cc-0455-427e-951d-7d9146a76d5d@group-62B4F8A0C489-SegmentedRaftLog:OPENED:c-1,f-1,i0, conf=-1: [4e9d79cc-0455-427e-951d-7d9146a76d5d:192.168.157.201:45301, d8d3f8ae-ceeb-4228-b266-44fc60f7c1eb:192.168.157.201:44849, 95354d75-8d68-42fd-a60f-edc5fe17909c:192.168.157.201:38687], old=null
2019-11-15 20:27:29,958 [77a687a8-07fe-464e-b0f2-03532ede599a@group-09BF56990583-LeaderElection189] INFO  impl.RoleInfo (RoleInfo.java:shutdownLeaderElection(134)) - 77a687a8-07fe-464e-b0f2-03532ede599a: shutdown LeaderElection
2019-11-15 20:27:29,958 [4e9d79cc-0455-427e-951d-7d9146a76d5d@group-62B4F8A0C489-LeaderElection190] INFO  impl.RoleInfo (RoleInfo.java:shutdownLeaderElection(134)) - 4e9d79cc-0455-427e-951d-7d9146a76d5d: shutdown LeaderElection
2019-11-15 20:27:29,959 [77a687a8-07fe-464e-b0f2-03532ede599a@group-09BF56990583-LeaderElection189] INFO  impl.RaftServerImpl (RaftServerImpl.java:setRole(173)) - 77a687a8-07fe-464e-b0f2-03532ede599a@group-09BF56990583: changes role from CANDIDATE to LEADER at term 1 for changeToLeader
2019-11-15 20:27:29,959 [4e9d79cc-0455-427e-951d-7d9146a76d5d@group-62B4F8A0C489-LeaderElection190] INFO  impl.RaftServerImpl (RaftServerImpl.java:setRole(173)) - 4e9d79cc-0455-427e-951d-7d9146a76d5d@group-62B4F8A0C489: changes role from CANDIDATE to LEADER at term 2 for changeToLeader
2019-11-15 20:27:29,959 [77a687a8-07fe-464e-b0f2-03532ede599a@group-09BF56990583-LeaderElection189] INFO  ratis.XceiverServerRatis (XceiverServerRatis.java:handleLeaderChangedNotification(697)) - Leader change notification received for group: group-09BF56990583 with new leaderId: 77a687a8-07fe-464e-b0f2-03532ede599a
2019-11-15 20:27:29,959 [4e9d79cc-0455-427e-951d-7d9146a76d5d@group-62B4F8A0C489-LeaderElection190] INFO  ratis.XceiverServerRatis (XceiverServerRatis.java:handleLeaderChangedNotification(697)) - Leader change notification received for group: group-62B4F8A0C489 with new leaderId: 4e9d79cc-0455-427e-951d-7d9146a76d5d
2019-11-15 20:27:29,959 [77a687a8-07fe-464e-b0f2-03532ede599a@group-09BF56990583-LeaderElection189] INFO  impl.RaftServerImpl (ServerState.java:setLeader(255)) - 77a687a8-07fe-464e-b0f2-03532ede599a@group-09BF56990583: change Leader from null to 77a687a8-07fe-464e-b0f2-03532ede599a at term 1 for becomeLeader, leader elected after 1196ms
2019-11-15 20:27:29,959 [4e9d79cc-0455-427e-951d-7d9146a76d5d@group-62B4F8A0C489-LeaderElection190] INFO  impl.RaftServerImpl (ServerState.java:setLeader(255)) - 4e9d79cc-0455-427e-951d-7d9146a76d5d@group-62B4F8A0C489: change Leader from null to 4e9d79cc-0455-427e-951d-7d9146a76d5d at term 2 for becomeLeader, leader elected after 2714ms
2019-11-15 20:27:29,959 [77a687a8-07fe-464e-b0f2-03532ede599a@group-09BF56990583-LeaderElection189] INFO  server.RaftServerConfigKeys (ConfUtils.java:logGet(43)) - raft.server.staging.catchup.gap = 1000 (default)
2019-11-15 20:27:29,959 [4e9d79cc-0455-427e-951d-7d9146a76d5d@group-62B4F8A0C489-LeaderElection190] INFO  server.RaftServerConfigKeys (ConfUtils.java:logGet(43)) - raft.server.staging.catchup.gap = 1000 (default)
2019-11-15 20:27:29,959 [77a687a8-07fe-464e-b0f2-03532ede599a@group-09BF56990583-LeaderElection189] INFO  server.RaftServerConfigKeys (ConfUtils.java:logGet(43)) - raft.server.rpc.sleep.time = 25ms (default)
2019-11-15 20:27:29,959 [4e9d79cc-0455-427e-951d-7d9146a76d5d@group-62B4F8A0C489-LeaderElection190] INFO  server.RaftServerConfigKeys (ConfUtils.java:logGet(43)) - raft.server.rpc.sleep.time = 25ms (default)
2019-11-15 20:27:29,959 [77a687a8-07fe-464e-b0f2-03532ede599a@group-09BF56990583-LeaderElection189] INFO  server.RaftServerConfigKeys (ConfUtils.java:logGet(43)) - raft.server.write.element-limit = 4096 (default)
2019-11-15 20:27:29,960 [4e9d79cc-0455-427e-951d-7d9146a76d5d@group-62B4F8A0C489-LeaderElection190] INFO  server.RaftServerConfigKeys (ConfUtils.java:logGet(43)) - raft.server.write.element-limit = 4096 (default)
2019-11-15 20:27:29,960 [EventQueue-PipelineReportForPipelineReportHandler] INFO  pipeline.PipelineStateManager (PipelineStateManager.java:openPipeline(134)) - Pipeline Pipeline[ Id: 09b2b950-22cd-485f-b3c9-09bf56990583, Nodes: b7fbb734-148a-49a6-9cb1-519eb8bdf364{ip: 192.168.157.201, host: pr-hdds-2514-unusedmethodparam-9qkq7-1267773169, networkLocation: /rack1, certSerialId: null}0d66e4d5-0fe9-441c-84d0-b1903c285e78{ip: 192.168.157.201, host: pr-hdds-2514-unusedmethodparam-9qkq7-1267773169, networkLocation: /rack1, certSerialId: null}77a687a8-07fe-464e-b0f2-03532ede599a{ip: 192.168.157.201, host: pr-hdds-2514-unusedmethodparam-9qkq7-1267773169, networkLocation: /rack1, certSerialId: null}, Type:RATIS, Factor:THREE, State:OPEN] moved to OPEN state
2019-11-15 20:27:29,960 [77a687a8-07fe-464e-b0f2-03532ede599a@group-09BF56990583-LeaderElection189] INFO  server.RaftServerConfigKeys (ConfUtils.java:logGet(43)) - raft.server.watch.timeout = 10s (default)
2019-11-15 20:27:29,960 [EventQueue-PipelineReportForPipelineReportHandler] INFO  pipeline.PipelineStateManager (PipelineStateManager.java:openPipeline(134)) - Pipeline Pipeline[ Id: 931d7a6e-f65c-467e-9eba-62b4f8a0c489, Nodes: 95354d75-8d68-42fd-a60f-edc5fe17909c{ip: 192.168.157.201, host: pr-hdds-2514-unusedmethodparam-9qkq7-1267773169, networkLocation: /rack1, certSerialId: null}d8d3f8ae-ceeb-4228-b266-44fc60f7c1eb{ip: 192.168.157.201, host: pr-hdds-2514-unusedmethodparam-9qkq7-1267773169, networkLocation: /rack1, certSerialId: null}4e9d79cc-0455-427e-951d-7d9146a76d5d{ip: 192.168.157.201, host: pr-hdds-2514-unusedmethodparam-9qkq7-1267773169, networkLocation: /rack1, certSerialId: null}, Type:RATIS, Factor:THREE, State:OPEN] moved to OPEN state
2019-11-15 20:27:29,960 [4e9d79cc-0455-427e-951d-7d9146a76d5d@group-62B4F8A0C489-LeaderElection190] INFO  server.RaftServerConfigKeys (ConfUtils.java:logGet(43)) - raft.server.watch.timeout = 10s (default)
2019-11-15 20:27:29,960 [77a687a8-07fe-464e-b0f2-03532ede599a@group-09BF56990583-LeaderElection189] INFO  server.RaftServerConfigKeys (ConfUtils.java:logGet(43)) - raft.server.watch.timeout.denomination = 1s (default)
2019-11-15 20:27:29,963 [4e9d79cc-0455-427e-951d-7d9146a76d5d@group-62B4F8A0C489-LeaderElection190] INFO  server.RaftServerConfigKeys (ConfUtils.java:logGet(43)) - raft.server.watch.timeout.denomination = 1s (default)
2019-11-15 20:27:29,963 [77a687a8-07fe-464e-b0f2-03532ede599a@group-09BF56990583-LeaderElection189] INFO  server.RaftServerConfigKeys (ConfUtils.java:logGet(43)) - raft.server.watch.element-limit = 65536 (default)
2019-11-15 20:27:29,963 [4e9d79cc-0455-427e-951d-7d9146a76d5d@group-62B4F8A0C489-LeaderElection190] INFO  server.RaftServerConfigKeys (ConfUtils.java:logGet(43)) - raft.server.watch.element-limit = 65536 (default)
2019-11-15 20:27:29,963 [77a687a8-07fe-464e-b0f2-03532ede599a@group-09BF56990583-LeaderElection189] INFO  server.RaftServerConfigKeys (ConfUtils.java:logGet(43)) - raft.server.log.appender.snapshot.chunk.size.max = 16MB (=16777216) (default)
2019-11-15 20:27:29,963 [4e9d79cc-0455-427e-951d-7d9146a76d5d@group-62B4F8A0C489-LeaderElection190] INFO  server.RaftServerConfigKeys (ConfUtils.java:logGet(43)) - raft.server.log.appender.snapshot.chunk.size.max = 16MB (=16777216) (default)
2019-11-15 20:27:29,963 [77a687a8-07fe-464e-b0f2-03532ede599a@group-09BF56990583-LeaderElection189] INFO  server.RaftServerConfigKeys (ConfUtils.java:logGet(43)) - raft.server.log.appender.buffer.byte-limit = 33554432 (custom)
2019-11-15 20:27:29,963 [4e9d79cc-0455-427e-951d-7d9146a76d5d@group-62B4F8A0C489-LeaderElection190] INFO  server.RaftServerConfigKeys (ConfUtils.java:logGet(43)) - raft.server.log.appender.buffer.byte-limit = 33554432 (custom)
2019-11-15 20:27:29,963 [77a687a8-07fe-464e-b0f2-03532ede599a@group-09BF56990583-LeaderElection189] INFO  server.RaftServerConfigKeys (ConfUtils.java:logGet(43)) - raft.server.log.appender.buffer.element-limit = 1 (custom)
2019-11-15 20:27:29,963 [4e9d79cc-0455-427e-951d-7d9146a76d5d@group-62B4F8A0C489-LeaderElection190] INFO  server.RaftServerConfigKeys (ConfUtils.java:logGet(43)) - raft.server.log.appender.buffer.element-limit = 1 (custom)
2019-11-15 20:27:29,964 [77a687a8-07fe-464e-b0f2-03532ede599a@group-09BF56990583-LeaderElection189] INFO  grpc.GrpcConfigKeys$Server (ConfUtils.java:logGet(43)) - raft.grpc.server.leader.outstanding.appends.max = 128 (default)
2019-11-15 20:27:29,964 [4e9d79cc-0455-427e-951d-7d9146a76d5d@group-62B4F8A0C489-LeaderElection190] INFO  grpc.GrpcConfigKeys$Server (ConfUtils.java:logGet(43)) - raft.grpc.server.leader.outstanding.appends.max = 128 (default)
2019-11-15 20:27:29,964 [77a687a8-07fe-464e-b0f2-03532ede599a@group-09BF56990583-LeaderElection189] INFO  server.RaftServerConfigKeys (ConfUtils.java:logGet(43)) - raft.server.rpc.request.timeout = 3000ms (default)
2019-11-15 20:27:29,964 [4e9d79cc-0455-427e-951d-7d9146a76d5d@group-62B4F8A0C489-LeaderElection190] INFO  server.RaftServerConfigKeys (ConfUtils.java:logGet(43)) - raft.server.rpc.request.timeout = 3000ms (default)
2019-11-15 20:27:29,964 [77a687a8-07fe-464e-b0f2-03532ede599a@group-09BF56990583-LeaderElection189] INFO  server.RaftServerConfigKeys (ConfUtils.java:logGet(43)) - raft.server.log.appender.install.snapshot.enabled = false (custom)
2019-11-15 20:27:29,964 [4e9d79cc-0455-427e-951d-7d9146a76d5d@group-62B4F8A0C489-LeaderElection190] INFO  server.RaftServerConfigKeys (ConfUtils.java:logGet(43)) - raft.server.log.appender.install.snapshot.enabled = false (custom)
2019-11-15 20:27:29,964 [77a687a8-07fe-464e-b0f2-03532ede599a@group-09BF56990583-LeaderElection189] WARN  impl.MetricRegistriesImpl (MetricRegistriesImpl.java:lambda$create$1(61)) - First MetricRegistry has been created without registering reporters. You may need to call MetricRegistries.global().addReportRegistration(...) before.
2019-11-15 20:27:29,964 [4e9d79cc-0455-427e-951d-7d9146a76d5d@group-62B4F8A0C489-LeaderElection190] WARN  impl.MetricRegistriesImpl (MetricRegistriesImpl.java:lambda$create$1(61)) - First MetricRegistry has been created without registering reporters. You may need to call MetricRegistries.global().addReportRegistration(...) before.
2019-11-15 20:27:29,964 [77a687a8-07fe-464e-b0f2-03532ede599a@group-09BF56990583-LeaderElection189] INFO  server.RaftServerConfigKeys (ConfUtils.java:logGet(43)) - raft.server.log.appender.snapshot.chunk.size.max = 16MB (=16777216) (default)
2019-11-15 20:27:29,964 [4e9d79cc-0455-427e-951d-7d9146a76d5d@group-62B4F8A0C489-LeaderElection190] INFO  server.RaftServerConfigKeys (ConfUtils.java:logGet(43)) - raft.server.log.appender.snapshot.chunk.size.max = 16MB (=16777216) (default)
2019-11-15 20:27:29,964 [77a687a8-07fe-464e-b0f2-03532ede599a@group-09BF56990583-LeaderElection189] INFO  server.RaftServerConfigKeys (ConfUtils.java:logGet(43)) - raft.server.log.appender.buffer.byte-limit = 33554432 (custom)
2019-11-15 20:27:29,965 [4e9d79cc-0455-427e-951d-7d9146a76d5d@group-62B4F8A0C489-LeaderElection190] INFO  server.RaftServerConfigKeys (ConfUtils.java:logGet(43)) - raft.server.log.appender.buffer.byte-limit = 33554432 (custom)
2019-11-15 20:27:29,965 [77a687a8-07fe-464e-b0f2-03532ede599a@group-09BF56990583-LeaderElection189] INFO  server.RaftServerConfigKeys (ConfUtils.java:logGet(43)) - raft.server.log.appender.buffer.element-limit = 1 (custom)
2019-11-15 20:27:29,965 [4e9d79cc-0455-427e-951d-7d9146a76d5d@group-62B4F8A0C489-LeaderElection190] INFO  server.RaftServerConfigKeys (ConfUtils.java:logGet(43)) - raft.server.log.appender.buffer.element-limit = 1 (custom)
2019-11-15 20:27:29,965 [77a687a8-07fe-464e-b0f2-03532ede599a@group-09BF56990583-LeaderElection189] INFO  grpc.GrpcConfigKeys$Server (ConfUtils.java:logGet(43)) - raft.grpc.server.leader.outstanding.appends.max = 128 (default)
2019-11-15 20:27:29,965 [4e9d79cc-0455-427e-951d-7d9146a76d5d@group-62B4F8A0C489-LeaderElection190] INFO  grpc.GrpcConfigKeys$Server (ConfUtils.java:logGet(43)) - raft.grpc.server.leader.outstanding.appends.max = 128 (default)
2019-11-15 20:27:29,965 [77a687a8-07fe-464e-b0f2-03532ede599a@group-09BF56990583-LeaderElection189] INFO  server.RaftServerConfigKeys (ConfUtils.java:logGet(43)) - raft.server.rpc.request.timeout = 3000ms (default)
2019-11-15 20:27:29,965 [4e9d79cc-0455-427e-951d-7d9146a76d5d@group-62B4F8A0C489-LeaderElection190] INFO  server.RaftServerConfigKeys (ConfUtils.java:logGet(43)) - raft.server.rpc.request.timeout = 3000ms (default)
2019-11-15 20:27:29,965 [77a687a8-07fe-464e-b0f2-03532ede599a@group-09BF56990583-LeaderElection189] INFO  server.RaftServerConfigKeys (ConfUtils.java:logGet(43)) - raft.server.log.appender.install.snapshot.enabled = false (custom)
2019-11-15 20:27:29,965 [4e9d79cc-0455-427e-951d-7d9146a76d5d@group-62B4F8A0C489-LeaderElection190] INFO  server.RaftServerConfigKeys (ConfUtils.java:logGet(43)) - raft.server.log.appender.install.snapshot.enabled = false (custom)
2019-11-15 20:27:29,966 [77a687a8-07fe-464e-b0f2-03532ede599a@group-09BF56990583-LeaderElection189] INFO  impl.RoleInfo (RoleInfo.java:updateAndGet(143)) - 77a687a8-07fe-464e-b0f2-03532ede599a: start LeaderState
2019-11-15 20:27:29,966 [4e9d79cc-0455-427e-951d-7d9146a76d5d@group-62B4F8A0C489-LeaderElection190] INFO  impl.RoleInfo (RoleInfo.java:updateAndGet(143)) - 4e9d79cc-0455-427e-951d-7d9146a76d5d: start LeaderState
2019-11-15 20:27:29,966 [77a687a8-07fe-464e-b0f2-03532ede599a@group-09BF56990583-LeaderElection189] INFO  segmented.SegmentedRaftLogWorker (SegmentedRaftLogWorker.java:startLogSegment(385)) - 77a687a8-07fe-464e-b0f2-03532ede599a@group-09BF56990583-SegmentedRaftLogWorker: Starting segment from index:0
2019-11-15 20:27:29,966 [4e9d79cc-0455-427e-951d-7d9146a76d5d@group-62B4F8A0C489-LeaderElection190] INFO  segmented.SegmentedRaftLogWorker (SegmentedRaftLogWorker.java:startLogSegment(385)) - 4e9d79cc-0455-427e-951d-7d9146a76d5d@group-62B4F8A0C489-SegmentedRaftLogWorker: Starting segment from index:0
2019-11-15 20:27:29,966 [77a687a8-07fe-464e-b0f2-03532ede599a@group-09BF56990583-LeaderElection189] INFO  impl.RaftServerImpl (ServerState.java:setRaftConf(356)) - 77a687a8-07fe-464e-b0f2-03532ede599a@group-09BF56990583: set configuration 0: [0d66e4d5-0fe9-441c-84d0-b1903c285e78:192.168.157.201:44210, b7fbb734-148a-49a6-9cb1-519eb8bdf364:192.168.157.201:44174, 77a687a8-07fe-464e-b0f2-03532ede599a:192.168.157.201:39884], old=null at 0
2019-11-15 20:27:29,966 [4e9d79cc-0455-427e-951d-7d9146a76d5d@group-62B4F8A0C489-LeaderElection190] INFO  impl.RaftServerImpl (ServerState.java:setRaftConf(356)) - 4e9d79cc-0455-427e-951d-7d9146a76d5d@group-62B4F8A0C489: set configuration 0: [4e9d79cc-0455-427e-951d-7d9146a76d5d:192.168.157.201:45301, d8d3f8ae-ceeb-4228-b266-44fc60f7c1eb:192.168.157.201:44849, 95354d75-8d68-42fd-a60f-edc5fe17909c:192.168.157.201:38687], old=null at 0
2019-11-15 20:27:29,966 [grpc-default-executor-12] INFO  impl.RaftServerImpl (RaftServerImpl.java:requestVote(776)) - 77a687a8-07fe-464e-b0f2-03532ede599a@group-09BF56990583-   LEADER: Withhold vote from candidate b7fbb734-148a-49a6-9cb1-519eb8bdf364 with term 1. State: leader=77a687a8-07fe-464e-b0f2-03532ede599a, term=1, lastRpcElapsed=null
2019-11-15 20:27:29,995 [grpc-default-executor-8] INFO  impl.RaftServerImpl (RaftServerImpl.java:requestVote(776)) - 4e9d79cc-0455-427e-951d-7d9146a76d5d@group-62B4F8A0C489-   LEADER: Withhold vote from candidate d8d3f8ae-ceeb-4228-b266-44fc60f7c1eb with term 2. State: leader=4e9d79cc-0455-427e-951d-7d9146a76d5d, term=2, lastRpcElapsed=null
2019-11-15 20:27:29,996 [b7fbb734-148a-49a6-9cb1-519eb8bdf364@group-09BF56990583-LeaderElection191] INFO  impl.LeaderElection (LeaderElection.java:logAndReturn(56)) - b7fbb734-148a-49a6-9cb1-519eb8bdf364@group-09BF56990583-LeaderElection191: Election REJECTED; received 2 response(s) [b7fbb734-148a-49a6-9cb1-519eb8bdf364<-0d66e4d5-0fe9-441c-84d0-b1903c285e78#0:FAIL-t1, b7fbb734-148a-49a6-9cb1-519eb8bdf364<-77a687a8-07fe-464e-b0f2-03532ede599a#0:FAIL-t1] and 0 exception(s); b7fbb734-148a-49a6-9cb1-519eb8bdf364@group-09BF56990583:t1, leader=null, voted=b7fbb734-148a-49a6-9cb1-519eb8bdf364, raftlog=b7fbb734-148a-49a6-9cb1-519eb8bdf364@group-09BF56990583-SegmentedRaftLog:OPENED:c-1,f-1,i0, conf=-1: [0d66e4d5-0fe9-441c-84d0-b1903c285e78:192.168.157.201:44210, b7fbb734-148a-49a6-9cb1-519eb8bdf364:192.168.157.201:44174, 77a687a8-07fe-464e-b0f2-03532ede599a:192.168.157.201:39884], old=null
2019-11-15 20:27:29,996 [grpc-default-executor-9] INFO  impl.RaftServerImpl (RaftServerImpl.java:setRole(173)) - d8d3f8ae-ceeb-4228-b266-44fc60f7c1eb@group-62B4F8A0C489: changes role from CANDIDATE to FOLLOWER at term 2 for appendEntries
2019-11-15 20:27:29,996 [d8d3f8ae-ceeb-4228-b266-44fc60f7c1eb@group-62B4F8A0C489-LeaderElection192] INFO  impl.LeaderElection (LeaderElection.java:logAndReturn(56)) - d8d3f8ae-ceeb-4228-b266-44fc60f7c1eb@group-62B4F8A0C489-LeaderElection192: Election REJECTED; received 2 response(s) [d8d3f8ae-ceeb-4228-b266-44fc60f7c1eb<-4e9d79cc-0455-427e-951d-7d9146a76d5d#0:FAIL-t2, d8d3f8ae-ceeb-4228-b266-44fc60f7c1eb<-95354d75-8d68-42fd-a60f-edc5fe17909c#0:FAIL-t2] and 0 exception(s); d8d3f8ae-ceeb-4228-b266-44fc60f7c1eb@group-62B4F8A0C489:t2, leader=null, voted=d8d3f8ae-ceeb-4228-b266-44fc60f7c1eb, raftlog=d8d3f8ae-ceeb-4228-b266-44fc60f7c1eb@group-62B4F8A0C489-SegmentedRaftLog:OPENED:c-1,f-1,i0, conf=-1: [4e9d79cc-0455-427e-951d-7d9146a76d5d:192.168.157.201:45301, d8d3f8ae-ceeb-4228-b266-44fc60f7c1eb:192.168.157.201:44849, 95354d75-8d68-42fd-a60f-edc5fe17909c:192.168.157.201:38687], old=null
2019-11-15 20:27:29,996 [grpc-default-executor-8] INFO  ratis.XceiverServerRatis (XceiverServerRatis.java:handleLeaderChangedNotification(697)) - Leader change notification received for group: group-09BF56990583 with new leaderId: 77a687a8-07fe-464e-b0f2-03532ede599a
2019-11-15 20:27:29,996 [grpc-default-executor-12] INFO  ratis.XceiverServerRatis (XceiverServerRatis.java:handleLeaderChangedNotification(697)) - Leader change notification received for group: group-62B4F8A0C489 with new leaderId: 4e9d79cc-0455-427e-951d-7d9146a76d5d
2019-11-15 20:27:29,996 [grpc-default-executor-12] INFO  impl.RaftServerImpl (ServerState.java:setLeader(255)) - 95354d75-8d68-42fd-a60f-edc5fe17909c@group-62B4F8A0C489: change Leader from null to 4e9d79cc-0455-427e-951d-7d9146a76d5d at term 2 for appendEntries, leader elected after 2752ms
2019-11-15 20:27:29,996 [b7fbb734-148a-49a6-9cb1-519eb8bdf364@group-09BF56990583-LeaderElection191] INFO  impl.RaftServerImpl (RaftServerImpl.java:setRole(173)) - b7fbb734-148a-49a6-9cb1-519eb8bdf364@group-09BF56990583: changes role from CANDIDATE to FOLLOWER at term 1 for DISCOVERED_A_NEW_TERM
2019-11-15 20:27:29,996 [grpc-default-executor-8] INFO  impl.RaftServerImpl (ServerState.java:setLeader(255)) - 0d66e4d5-0fe9-441c-84d0-b1903c285e78@group-09BF56990583: change Leader from null to 77a687a8-07fe-464e-b0f2-03532ede599a at term 1 for appendEntries, leader elected after 1132ms
2019-11-15 20:27:29,996 [grpc-default-executor-9] INFO  impl.RoleInfo (RoleInfo.java:shutdownLeaderElection(134)) - d8d3f8ae-ceeb-4228-b266-44fc60f7c1eb: shutdown LeaderElection
2019-11-15 20:27:29,997 [b7fbb734-148a-49a6-9cb1-519eb8bdf364@group-09BF56990583-LeaderElection191] INFO  impl.RoleInfo (RoleInfo.java:shutdownLeaderElection(134)) - b7fbb734-148a-49a6-9cb1-519eb8bdf364: shutdown LeaderElection
2019-11-15 20:27:29,997 [grpc-default-executor-9] INFO  impl.RoleInfo (RoleInfo.java:updateAndGet(143)) - d8d3f8ae-ceeb-4228-b266-44fc60f7c1eb: start FollowerState
2019-11-15 20:27:29,997 [b7fbb734-148a-49a6-9cb1-519eb8bdf364@group-09BF56990583-LeaderElection191] INFO  impl.RoleInfo (RoleInfo.java:updateAndGet(143)) - b7fbb734-148a-49a6-9cb1-519eb8bdf364: start FollowerState
2019-11-15 20:27:29,997 [grpc-default-executor-9] INFO  ratis.XceiverServerRatis (XceiverServerRatis.java:handleLeaderChangedNotification(697)) - Leader change notification received for group: group-62B4F8A0C489 with new leaderId: 4e9d79cc-0455-427e-951d-7d9146a76d5d
2019-11-15 20:27:29,997 [grpc-default-executor-10] INFO  ratis.XceiverServerRatis (XceiverServerRatis.java:handleLeaderChangedNotification(697)) - Leader change notification received for group: group-09BF56990583 with new leaderId: 77a687a8-07fe-464e-b0f2-03532ede599a
2019-11-15 20:27:29,997 [grpc-default-executor-9] INFO  impl.RaftServerImpl (ServerState.java:setLeader(255)) - d8d3f8ae-ceeb-4228-b266-44fc60f7c1eb@group-62B4F8A0C489: change Leader from null to 4e9d79cc-0455-427e-951d-7d9146a76d5d at term 2 for appendEntries, leader elected after 2753ms
2019-11-15 20:27:29,997 [grpc-default-executor-10] INFO  impl.RaftServerImpl (ServerState.java:setLeader(255)) - b7fbb734-148a-49a6-9cb1-519eb8bdf364@group-09BF56990583: change Leader from null to 77a687a8-07fe-464e-b0f2-03532ede599a at term 1 for appendEntries, leader elected after 1142ms
2019-11-15 20:27:29,997 [grpc-default-executor-8] INFO  impl.RaftServerImpl (ServerState.java:setRaftConf(356)) - 95354d75-8d68-42fd-a60f-edc5fe17909c@group-62B4F8A0C489: set configuration 0: [4e9d79cc-0455-427e-951d-7d9146a76d5d:192.168.157.201:45301, d8d3f8ae-ceeb-4228-b266-44fc60f7c1eb:192.168.157.201:44849, 95354d75-8d68-42fd-a60f-edc5fe17909c:192.168.157.201:38687], old=null at 0
2019-11-15 20:27:29,997 [grpc-default-executor-12] INFO  impl.RaftServerImpl (ServerState.java:setRaftConf(356)) - 0d66e4d5-0fe9-441c-84d0-b1903c285e78@group-09BF56990583: set configuration 0: [0d66e4d5-0fe9-441c-84d0-b1903c285e78:192.168.157.201:44210, b7fbb734-148a-49a6-9cb1-519eb8bdf364:192.168.157.201:44174, 77a687a8-07fe-464e-b0f2-03532ede599a:192.168.157.201:39884], old=null at 0
2019-11-15 20:27:29,998 [grpc-default-executor-8] INFO  segmented.SegmentedRaftLogWorker (SegmentedRaftLogWorker.java:startLogSegment(385)) - 95354d75-8d68-42fd-a60f-edc5fe17909c@group-62B4F8A0C489-SegmentedRaftLogWorker: Starting segment from index:0
2019-11-15 20:27:29,998 [grpc-default-executor-12] INFO  segmented.SegmentedRaftLogWorker (SegmentedRaftLogWorker.java:startLogSegment(385)) - 0d66e4d5-0fe9-441c-84d0-b1903c285e78@group-09BF56990583-SegmentedRaftLogWorker: Starting segment from index:0
2019-11-15 20:27:29,998 [grpc-default-executor-12] INFO  impl.RaftServerImpl (ServerState.java:setRaftConf(356)) - d8d3f8ae-ceeb-4228-b266-44fc60f7c1eb@group-62B4F8A0C489: set configuration 0: [4e9d79cc-0455-427e-951d-7d9146a76d5d:192.168.157.201:45301, d8d3f8ae-ceeb-4228-b266-44fc60f7c1eb:192.168.157.201:44849, 95354d75-8d68-42fd-a60f-edc5fe17909c:192.168.157.201:38687], old=null at 0
2019-11-15 20:27:29,998 [grpc-default-executor-9] INFO  impl.RaftServerImpl (ServerState.java:setRaftConf(356)) - b7fbb734-148a-49a6-9cb1-519eb8bdf364@group-09BF56990583: set configuration 0: [0d66e4d5-0fe9-441c-84d0-b1903c285e78:192.168.157.201:44210, b7fbb734-148a-49a6-9cb1-519eb8bdf364:192.168.157.201:44174, 77a687a8-07fe-464e-b0f2-03532ede599a:192.168.157.201:39884], old=null at 0
2019-11-15 20:27:29,998 [grpc-default-executor-12] INFO  segmented.SegmentedRaftLogWorker (SegmentedRaftLogWorker.java:startLogSegment(385)) - d8d3f8ae-ceeb-4228-b266-44fc60f7c1eb@group-62B4F8A0C489-SegmentedRaftLogWorker: Starting segment from index:0
2019-11-15 20:27:29,999 [grpc-default-executor-9] INFO  segmented.SegmentedRaftLogWorker (SegmentedRaftLogWorker.java:startLogSegment(385)) - b7fbb734-148a-49a6-9cb1-519eb8bdf364@group-09BF56990583-SegmentedRaftLogWorker: Starting segment from index:0
2019-11-15 20:27:30,024 [4e9d79cc-0455-427e-951d-7d9146a76d5d@group-62B4F8A0C489-SegmentedRaftLogWorker] INFO  segmented.SegmentedRaftLogWorker (SegmentedRaftLogWorker.java:execute(576)) - 4e9d79cc-0455-427e-951d-7d9146a76d5d@group-62B4F8A0C489-SegmentedRaftLogWorker: created new log segment /workdir/hadoop-ozone/integration-test/target/test-dir/MiniOzoneClusterImpl-2baab228-4da8-45e4-8c00-c7e13f1dd389/datanode-9/data/ratis/931d7a6e-f65c-467e-9eba-62b4f8a0c489/current/log_inprogress_0
2019-11-15 20:27:30,024 [77a687a8-07fe-464e-b0f2-03532ede599a@group-09BF56990583-SegmentedRaftLogWorker] INFO  segmented.SegmentedRaftLogWorker (SegmentedRaftLogWorker.java:execute(576)) - 77a687a8-07fe-464e-b0f2-03532ede599a@group-09BF56990583-SegmentedRaftLogWorker: created new log segment /workdir/hadoop-ozone/integration-test/target/test-dir/MiniOzoneClusterImpl-2baab228-4da8-45e4-8c00-c7e13f1dd389/datanode-7/data/ratis/09b2b950-22cd-485f-b3c9-09bf56990583/current/log_inprogress_0
2019-11-15 20:27:30,041 [d8d3f8ae-ceeb-4228-b266-44fc60f7c1eb@group-62B4F8A0C489-SegmentedRaftLogWorker] INFO  segmented.SegmentedRaftLogWorker (SegmentedRaftLogWorker.java:execute(576)) - d8d3f8ae-ceeb-4228-b266-44fc60f7c1eb@group-62B4F8A0C489-SegmentedRaftLogWorker: created new log segment /workdir/hadoop-ozone/integration-test/target/test-dir/MiniOzoneClusterImpl-2baab228-4da8-45e4-8c00-c7e13f1dd389/datanode-2/data/ratis/931d7a6e-f65c-467e-9eba-62b4f8a0c489/current/log_inprogress_0
2019-11-15 20:27:30,041 [95354d75-8d68-42fd-a60f-edc5fe17909c@group-62B4F8A0C489-SegmentedRaftLogWorker] INFO  segmented.SegmentedRaftLogWorker (SegmentedRaftLogWorker.java:execute(576)) - 95354d75-8d68-42fd-a60f-edc5fe17909c@group-62B4F8A0C489-SegmentedRaftLogWorker: created new log segment /workdir/hadoop-ozone/integration-test/target/test-dir/MiniOzoneClusterImpl-2baab228-4da8-45e4-8c00-c7e13f1dd389/datanode-0/data/ratis/931d7a6e-f65c-467e-9eba-62b4f8a0c489/current/log_inprogress_0
2019-11-15 20:27:30,041 [b7fbb734-148a-49a6-9cb1-519eb8bdf364@group-09BF56990583-SegmentedRaftLogWorker] INFO  segmented.SegmentedRaftLogWorker (SegmentedRaftLogWorker.java:execute(576)) - b7fbb734-148a-49a6-9cb1-519eb8bdf364@group-09BF56990583-SegmentedRaftLogWorker: created new log segment /workdir/hadoop-ozone/integration-test/target/test-dir/MiniOzoneClusterImpl-2baab228-4da8-45e4-8c00-c7e13f1dd389/datanode-8/data/ratis/09b2b950-22cd-485f-b3c9-09bf56990583/current/log_inprogress_0
2019-11-15 20:27:30,041 [0d66e4d5-0fe9-441c-84d0-b1903c285e78@group-09BF56990583-SegmentedRaftLogWorker] INFO  segmented.SegmentedRaftLogWorker (SegmentedRaftLogWorker.java:execute(576)) - 0d66e4d5-0fe9-441c-84d0-b1903c285e78@group-09BF56990583-SegmentedRaftLogWorker: created new log segment /workdir/hadoop-ozone/integration-test/target/test-dir/MiniOzoneClusterImpl-2baab228-4da8-45e4-8c00-c7e13f1dd389/datanode-5/data/ratis/09b2b950-22cd-485f-b3c9-09bf56990583/current/log_inprogress_0
2019-11-15 20:27:30,220 [Thread-4277] INFO  impl.FollowerState (FollowerState.java:run(111)) - 6d6ed0d9-a6ea-4ace-a9af-83891056ab32@group-321D9595DF86-FollowerState: change to CANDIDATE, lastRpcTime:1041ms, electionTimeout:1041ms
2019-11-15 20:27:30,221 [Thread-4277] INFO  impl.RoleInfo (RoleInfo.java:shutdownFollowerState(121)) - 6d6ed0d9-a6ea-4ace-a9af-83891056ab32: shutdown FollowerState
2019-11-15 20:27:30,221 [Thread-4277] INFO  impl.RaftServerImpl (RaftServerImpl.java:setRole(173)) - 6d6ed0d9-a6ea-4ace-a9af-83891056ab32@group-321D9595DF86: changes role from  FOLLOWER to CANDIDATE at term 2 for changeToCandidate
2019-11-15 20:27:30,221 [Thread-4277] INFO  impl.RoleInfo (RoleInfo.java:updateAndGet(143)) - 6d6ed0d9-a6ea-4ace-a9af-83891056ab32: start LeaderElection
2019-11-15 20:27:30,242 [6d6ed0d9-a6ea-4ace-a9af-83891056ab32@group-321D9595DF86-LeaderElection193] INFO  impl.LeaderElection (LeaderElection.java:askForVotes(178)) - 6d6ed0d9-a6ea-4ace-a9af-83891056ab32@group-321D9595DF86-LeaderElection193: begin an election at term 3 for -1: [ecb82392-9efc-4718-8957-302e66d96ccd:192.168.157.201:35685, 6d6ed0d9-a6ea-4ace-a9af-83891056ab32:192.168.157.201:37473, c767ecc1-97b1-4b32-a4b7-dad4991a192e:192.168.157.201:43389], old=null
2019-11-15 20:27:30,244 [grpc-default-executor-9] INFO  impl.RaftServerImpl (RaftServerImpl.java:setRole(173)) - c767ecc1-97b1-4b32-a4b7-dad4991a192e@group-321D9595DF86: changes role from  FOLLOWER to FOLLOWER at term 3 for recognizeCandidate:6d6ed0d9-a6ea-4ace-a9af-83891056ab32
2019-11-15 20:27:30,244 [grpc-default-executor-12] INFO  impl.RaftServerImpl (RaftServerImpl.java:setRole(173)) - ecb82392-9efc-4718-8957-302e66d96ccd@group-321D9595DF86: changes role from  FOLLOWER to FOLLOWER at term 3 for recognizeCandidate:6d6ed0d9-a6ea-4ace-a9af-83891056ab32
2019-11-15 20:27:30,244 [grpc-default-executor-12] INFO  impl.RoleInfo (RoleInfo.java:shutdownFollowerState(121)) - ecb82392-9efc-4718-8957-302e66d96ccd: shutdown FollowerState
2019-11-15 20:27:30,244 [grpc-default-executor-9] INFO  impl.RoleInfo (RoleInfo.java:shutdownFollowerState(121)) - c767ecc1-97b1-4b32-a4b7-dad4991a192e: shutdown FollowerState
2019-11-15 20:27:30,245 [grpc-default-executor-12] INFO  impl.RoleInfo (RoleInfo.java:updateAndGet(143)) - ecb82392-9efc-4718-8957-302e66d96ccd: start FollowerState
2019-11-15 20:27:30,245 [grpc-default-executor-9] INFO  impl.RoleInfo (RoleInfo.java:updateAndGet(143)) - c767ecc1-97b1-4b32-a4b7-dad4991a192e: start FollowerState
2019-11-15 20:27:30,245 [Thread-4276] INFO  impl.FollowerState (FollowerState.java:run(120)) - ecb82392-9efc-4718-8957-302e66d96ccd@group-321D9595DF86-FollowerState was interrupted: java.lang.InterruptedException: sleep interrupted
2019-11-15 20:27:30,245 [Thread-4275] INFO  impl.FollowerState (FollowerState.java:run(120)) - c767ecc1-97b1-4b32-a4b7-dad4991a192e@group-321D9595DF86-FollowerState was interrupted: java.lang.InterruptedException: sleep interrupted
2019-11-15 20:27:30,268 [6d6ed0d9-a6ea-4ace-a9af-83891056ab32@group-321D9595DF86-LeaderElection193] INFO  impl.LeaderElection (LeaderElection.java:logAndReturn(56)) - 6d6ed0d9-a6ea-4ace-a9af-83891056ab32@group-321D9595DF86-LeaderElection193: Election PASSED; received 1 response(s) [6d6ed0d9-a6ea-4ace-a9af-83891056ab32<-c767ecc1-97b1-4b32-a4b7-dad4991a192e#0:OK-t3] and 0 exception(s); 6d6ed0d9-a6ea-4ace-a9af-83891056ab32@group-321D9595DF86:t3, leader=null, voted=6d6ed0d9-a6ea-4ace-a9af-83891056ab32, raftlog=6d6ed0d9-a6ea-4ace-a9af-83891056ab32@group-321D9595DF86-SegmentedRaftLog:OPENED:c-1,f-1,i0, conf=-1: [ecb82392-9efc-4718-8957-302e66d96ccd:192.168.157.201:35685, 6d6ed0d9-a6ea-4ace-a9af-83891056ab32:192.168.157.201:37473, c767ecc1-97b1-4b32-a4b7-dad4991a192e:192.168.157.201:43389], old=null
2019-11-15 20:27:30,269 [6d6ed0d9-a6ea-4ace-a9af-83891056ab32@group-321D9595DF86-LeaderElection193] INFO  impl.RoleInfo (RoleInfo.java:shutdownLeaderElection(134)) - 6d6ed0d9-a6ea-4ace-a9af-83891056ab32: shutdown LeaderElection
2019-11-15 20:27:30,269 [6d6ed0d9-a6ea-4ace-a9af-83891056ab32@group-321D9595DF86-LeaderElection193] INFO  impl.RaftServerImpl (RaftServerImpl.java:setRole(173)) - 6d6ed0d9-a6ea-4ace-a9af-83891056ab32@group-321D9595DF86: changes role from CANDIDATE to LEADER at term 3 for changeToLeader
2019-11-15 20:27:30,269 [6d6ed0d9-a6ea-4ace-a9af-83891056ab32@group-321D9595DF86-LeaderElection193] INFO  ratis.XceiverServerRatis (XceiverServerRatis.java:handleLeaderChangedNotification(697)) - Leader change notification received for group: group-321D9595DF86 with new leaderId: 6d6ed0d9-a6ea-4ace-a9af-83891056ab32
2019-11-15 20:27:30,269 [6d6ed0d9-a6ea-4ace-a9af-83891056ab32@group-321D9595DF86-LeaderElection193] INFO  impl.RaftServerImpl (ServerState.java:setLeader(255)) - 6d6ed0d9-a6ea-4ace-a9af-83891056ab32@group-321D9595DF86: change Leader from null to 6d6ed0d9-a6ea-4ace-a9af-83891056ab32 at term 3 for becomeLeader, leader elected after 3422ms
2019-11-15 20:27:30,269 [6d6ed0d9-a6ea-4ace-a9af-83891056ab32@group-321D9595DF86-LeaderElection193] INFO  server.RaftServerConfigKeys (ConfUtils.java:logGet(43)) - raft.server.staging.catchup.gap = 1000 (default)
2019-11-15 20:27:30,269 [6d6ed0d9-a6ea-4ace-a9af-83891056ab32@group-321D9595DF86-LeaderElection193] INFO  server.RaftServerConfigKeys (ConfUtils.java:logGet(43)) - raft.server.rpc.sleep.time = 25ms (default)
2019-11-15 20:27:30,270 [6d6ed0d9-a6ea-4ace-a9af-83891056ab32@group-321D9595DF86-LeaderElection193] INFO  server.RaftServerConfigKeys (ConfUtils.java:logGet(43)) - raft.server.write.element-limit = 4096 (default)
2019-11-15 20:27:30,270 [6d6ed0d9-a6ea-4ace-a9af-83891056ab32@group-321D9595DF86-LeaderElection193] INFO  server.RaftServerConfigKeys (ConfUtils.java:logGet(43)) - raft.server.watch.timeout = 10s (default)
2019-11-15 20:27:30,270 [EventQueue-PipelineReportForPipelineReportHandler] INFO  pipeline.PipelineStateManager (PipelineStateManager.java:openPipeline(134)) - Pipeline Pipeline[ Id: 0708e2f2-ab90-456c-9498-321d9595df86, Nodes: 6d6ed0d9-a6ea-4ace-a9af-83891056ab32{ip: 192.168.157.201, host: pr-hdds-2514-unusedmethodparam-9qkq7-1267773169, networkLocation: /rack1, certSerialId: null}c767ecc1-97b1-4b32-a4b7-dad4991a192e{ip: 192.168.157.201, host: pr-hdds-2514-unusedmethodparam-9qkq7-1267773169, networkLocation: /rack1, certSerialId: null}ecb82392-9efc-4718-8957-302e66d96ccd{ip: 192.168.157.201, host: pr-hdds-2514-unusedmethodparam-9qkq7-1267773169, networkLocation: /rack1, certSerialId: null}, Type:RATIS, Factor:THREE, State:OPEN] moved to OPEN state
2019-11-15 20:27:30,270 [6d6ed0d9-a6ea-4ace-a9af-83891056ab32@group-321D9595DF86-LeaderElection193] INFO  server.RaftServerConfigKeys (ConfUtils.java:logGet(43)) - raft.server.watch.timeout.denomination = 1s (default)
2019-11-15 20:27:30,270 [6d6ed0d9-a6ea-4ace-a9af-83891056ab32@group-321D9595DF86-LeaderElection193] INFO  server.RaftServerConfigKeys (ConfUtils.java:logGet(43)) - raft.server.watch.element-limit = 65536 (default)
2019-11-15 20:27:30,270 [6d6ed0d9-a6ea-4ace-a9af-83891056ab32@group-321D9595DF86-LeaderElection193] INFO  server.RaftServerConfigKeys (ConfUtils.java:logGet(43)) - raft.server.log.appender.snapshot.chunk.size.max = 16MB (=16777216) (default)
2019-11-15 20:27:30,270 [6d6ed0d9-a6ea-4ace-a9af-83891056ab32@group-321D9595DF86-LeaderElection193] INFO  server.RaftServerConfigKeys (ConfUtils.java:logGet(43)) - raft.server.log.appender.buffer.byte-limit = 33554432 (custom)
2019-11-15 20:27:30,271 [6d6ed0d9-a6ea-4ace-a9af-83891056ab32@group-321D9595DF86-LeaderElection193] INFO  server.RaftServerConfigKeys (ConfUtils.java:logGet(43)) - raft.server.log.appender.buffer.element-limit = 1 (custom)
2019-11-15 20:27:30,271 [6d6ed0d9-a6ea-4ace-a9af-83891056ab32@group-321D9595DF86-LeaderElection193] INFO  grpc.GrpcConfigKeys$Server (ConfUtils.java:logGet(43)) - raft.grpc.server.leader.outstanding.appends.max = 128 (default)
2019-11-15 20:27:30,271 [6d6ed0d9-a6ea-4ace-a9af-83891056ab32@group-321D9595DF86-LeaderElection193] INFO  server.RaftServerConfigKeys (ConfUtils.java:logGet(43)) - raft.server.rpc.request.timeout = 3000ms (default)
2019-11-15 20:27:30,271 [6d6ed0d9-a6ea-4ace-a9af-83891056ab32@group-321D9595DF86-LeaderElection193] INFO  server.RaftServerConfigKeys (ConfUtils.java:logGet(43)) - raft.server.log.appender.install.snapshot.enabled = false (custom)
2019-11-15 20:27:30,271 [6d6ed0d9-a6ea-4ace-a9af-83891056ab32@group-321D9595DF86-LeaderElection193] WARN  impl.MetricRegistriesImpl (MetricRegistriesImpl.java:lambda$create$1(61)) - First MetricRegistry has been created without registering reporters. You may need to call MetricRegistries.global().addReportRegistration(...) before.
2019-11-15 20:27:30,272 [6d6ed0d9-a6ea-4ace-a9af-83891056ab32@group-321D9595DF86-LeaderElection193] INFO  server.RaftServerConfigKeys (ConfUtils.java:logGet(43)) - raft.server.log.appender.snapshot.chunk.size.max = 16MB (=16777216) (default)
2019-11-15 20:27:30,272 [6d6ed0d9-a6ea-4ace-a9af-83891056ab32@group-321D9595DF86-LeaderElection193] INFO  server.RaftServerConfigKeys (ConfUtils.java:logGet(43)) - raft.server.log.appender.buffer.byte-limit = 33554432 (custom)
2019-11-15 20:27:30,272 [6d6ed0d9-a6ea-4ace-a9af-83891056ab32@group-321D9595DF86-LeaderElection193] INFO  server.RaftServerConfigKeys (ConfUtils.java:logGet(43)) - raft.server.log.appender.buffer.element-limit = 1 (custom)
2019-11-15 20:27:30,272 [6d6ed0d9-a6ea-4ace-a9af-83891056ab32@group-321D9595DF86-LeaderElection193] INFO  grpc.GrpcConfigKeys$Server (ConfUtils.java:logGet(43)) - raft.grpc.server.leader.outstanding.appends.max = 128 (default)
2019-11-15 20:27:30,272 [6d6ed0d9-a6ea-4ace-a9af-83891056ab32@group-321D9595DF86-LeaderElection193] INFO  server.RaftServerConfigKeys (ConfUtils.java:logGet(43)) - raft.server.rpc.request.timeout = 3000ms (default)
2019-11-15 20:27:30,273 [6d6ed0d9-a6ea-4ace-a9af-83891056ab32@group-321D9595DF86-LeaderElection193] INFO  server.RaftServerConfigKeys (ConfUtils.java:logGet(43)) - raft.server.log.appender.install.snapshot.enabled = false (custom)
2019-11-15 20:27:30,273 [6d6ed0d9-a6ea-4ace-a9af-83891056ab32@group-321D9595DF86-LeaderElection193] INFO  impl.RoleInfo (RoleInfo.java:updateAndGet(143)) - 6d6ed0d9-a6ea-4ace-a9af-83891056ab32: start LeaderState
2019-11-15 20:27:30,273 [6d6ed0d9-a6ea-4ace-a9af-83891056ab32@group-321D9595DF86-LeaderElection193] INFO  segmented.SegmentedRaftLogWorker (SegmentedRaftLogWorker.java:startLogSegment(385)) - 6d6ed0d9-a6ea-4ace-a9af-83891056ab32@group-321D9595DF86-SegmentedRaftLogWorker: Starting segment from index:0
2019-11-15 20:27:30,274 [6d6ed0d9-a6ea-4ace-a9af-83891056ab32@group-321D9595DF86-LeaderElection193] INFO  impl.RaftServerImpl (ServerState.java:setRaftConf(356)) - 6d6ed0d9-a6ea-4ace-a9af-83891056ab32@group-321D9595DF86: set configuration 0: [ecb82392-9efc-4718-8957-302e66d96ccd:192.168.157.201:35685, 6d6ed0d9-a6ea-4ace-a9af-83891056ab32:192.168.157.201:37473, c767ecc1-97b1-4b32-a4b7-dad4991a192e:192.168.157.201:43389], old=null at 0
2019-11-15 20:27:30,308 [grpc-default-executor-12] INFO  ratis.XceiverServerRatis (XceiverServerRatis.java:handleLeaderChangedNotification(697)) - Leader change notification received for group: group-321D9595DF86 with new leaderId: 6d6ed0d9-a6ea-4ace-a9af-83891056ab32
2019-11-15 20:27:30,308 [grpc-default-executor-9] INFO  ratis.XceiverServerRatis (XceiverServerRatis.java:handleLeaderChangedNotification(697)) - Leader change notification received for group: group-321D9595DF86 with new leaderId: 6d6ed0d9-a6ea-4ace-a9af-83891056ab32
2019-11-15 20:27:30,308 [grpc-default-executor-12] INFO  impl.RaftServerImpl (ServerState.java:setLeader(255)) - ecb82392-9efc-4718-8957-302e66d96ccd@group-321D9595DF86: change Leader from null to 6d6ed0d9-a6ea-4ace-a9af-83891056ab32 at term 3 for appendEntries, leader elected after 3461ms
2019-11-15 20:27:30,308 [grpc-default-executor-9] INFO  impl.RaftServerImpl (ServerState.java:setLeader(255)) - c767ecc1-97b1-4b32-a4b7-dad4991a192e@group-321D9595DF86: change Leader from null to 6d6ed0d9-a6ea-4ace-a9af-83891056ab32 at term 3 for appendEntries, leader elected after 3461ms
2019-11-15 20:27:30,310 [grpc-default-executor-9] INFO  impl.RaftServerImpl (ServerState.java:setRaftConf(356)) - ecb82392-9efc-4718-8957-302e66d96ccd@group-321D9595DF86: set configuration 0: [ecb82392-9efc-4718-8957-302e66d96ccd:192.168.157.201:35685, 6d6ed0d9-a6ea-4ace-a9af-83891056ab32:192.168.157.201:37473, c767ecc1-97b1-4b32-a4b7-dad4991a192e:192.168.157.201:43389], old=null at 0
2019-11-15 20:27:30,310 [grpc-default-executor-12] INFO  impl.RaftServerImpl (ServerState.java:setRaftConf(356)) - c767ecc1-97b1-4b32-a4b7-dad4991a192e@group-321D9595DF86: set configuration 0: [ecb82392-9efc-4718-8957-302e66d96ccd:192.168.157.201:35685, 6d6ed0d9-a6ea-4ace-a9af-83891056ab32:192.168.157.201:37473, c767ecc1-97b1-4b32-a4b7-dad4991a192e:192.168.157.201:43389], old=null at 0
2019-11-15 20:27:30,310 [grpc-default-executor-9] INFO  segmented.SegmentedRaftLogWorker (SegmentedRaftLogWorker.java:startLogSegment(385)) - ecb82392-9efc-4718-8957-302e66d96ccd@group-321D9595DF86-SegmentedRaftLogWorker: Starting segment from index:0
2019-11-15 20:27:30,310 [grpc-default-executor-12] INFO  segmented.SegmentedRaftLogWorker (SegmentedRaftLogWorker.java:startLogSegment(385)) - c767ecc1-97b1-4b32-a4b7-dad4991a192e@group-321D9595DF86-SegmentedRaftLogWorker: Starting segment from index:0
2019-11-15 20:27:30,327 [6d6ed0d9-a6ea-4ace-a9af-83891056ab32@group-321D9595DF86-SegmentedRaftLogWorker] INFO  segmented.SegmentedRaftLogWorker (SegmentedRaftLogWorker.java:execute(576)) - 6d6ed0d9-a6ea-4ace-a9af-83891056ab32@group-321D9595DF86-SegmentedRaftLogWorker: created new log segment /workdir/hadoop-ozone/integration-test/target/test-dir/MiniOzoneClusterImpl-2baab228-4da8-45e4-8c00-c7e13f1dd389/datanode-6/data/ratis/0708e2f2-ab90-456c-9498-321d9595df86/current/log_inprogress_0
2019-11-15 20:27:30,352 [c767ecc1-97b1-4b32-a4b7-dad4991a192e@group-321D9595DF86-SegmentedRaftLogWorker] INFO  segmented.SegmentedRaftLogWorker (SegmentedRaftLogWorker.java:execute(576)) - c767ecc1-97b1-4b32-a4b7-dad4991a192e@group-321D9595DF86-SegmentedRaftLogWorker: created new log segment /workdir/hadoop-ozone/integration-test/target/test-dir/MiniOzoneClusterImpl-2baab228-4da8-45e4-8c00-c7e13f1dd389/datanode-4/data/ratis/0708e2f2-ab90-456c-9498-321d9595df86/current/log_inprogress_0
2019-11-15 20:27:30,352 [ecb82392-9efc-4718-8957-302e66d96ccd@group-321D9595DF86-SegmentedRaftLogWorker] INFO  segmented.SegmentedRaftLogWorker (SegmentedRaftLogWorker.java:execute(576)) - ecb82392-9efc-4718-8957-302e66d96ccd@group-321D9595DF86-SegmentedRaftLogWorker: created new log segment /workdir/hadoop-ozone/integration-test/target/test-dir/MiniOzoneClusterImpl-2baab228-4da8-45e4-8c00-c7e13f1dd389/datanode-3/data/ratis/0708e2f2-ab90-456c-9498-321d9595df86/current/log_inprogress_0
2019-11-15 20:27:32,121 [main] INFO  ozoneimpl.OzoneContainer (OzoneContainer.java:stop(244)) - Attempting to stop container services.
2019-11-15 20:27:32,122 [main] INFO  impl.RaftServerProxy (RaftServerProxy.java:lambda$close$4(314)) - b7fbb734-148a-49a6-9cb1-519eb8bdf364: close
2019-11-15 20:27:32,123 [main] INFO  impl.RaftServerImpl (RaftServerImpl.java:lambda$shutdown$3(250)) - b7fbb734-148a-49a6-9cb1-519eb8bdf364@group-F4D662094BF9: shutdown
2019-11-15 20:27:32,123 [ForkJoinPool.commonPool-worker-1] INFO  impl.RaftServerImpl (RaftServerImpl.java:lambda$shutdown$3(250)) - b7fbb734-148a-49a6-9cb1-519eb8bdf364@group-09BF56990583: shutdown
2019-11-15 20:27:32,124 [main] INFO  util.JmxRegister (JmxRegister.java:unregister(73)) - Successfully un-registered JMX Bean with object name Ratis:service=RaftServer,group=group-F4D662094BF9,id=b7fbb734-148a-49a6-9cb1-519eb8bdf364
2019-11-15 20:27:32,124 [ForkJoinPool.commonPool-worker-1] INFO  util.JmxRegister (JmxRegister.java:unregister(73)) - Successfully un-registered JMX Bean with object name Ratis:service=RaftServer,group=group-09BF56990583,id=b7fbb734-148a-49a6-9cb1-519eb8bdf364
2019-11-15 20:27:32,124 [main] INFO  impl.RoleInfo (RoleInfo.java:shutdownLeaderState(104)) - b7fbb734-148a-49a6-9cb1-519eb8bdf364: shutdown LeaderState
2019-11-15 20:27:32,124 [ForkJoinPool.commonPool-worker-1] INFO  impl.RoleInfo (RoleInfo.java:shutdownFollowerState(121)) - b7fbb734-148a-49a6-9cb1-519eb8bdf364: shutdown FollowerState
2019-11-15 20:27:32,124 [main] INFO  impl.PendingRequests (PendingRequests.java:sendNotLeaderResponses(206)) - b7fbb734-148a-49a6-9cb1-519eb8bdf364@group-F4D662094BF9-PendingRequests: sendNotLeaderResponses
2019-11-15 20:27:32,125 [Thread-4302] INFO  impl.FollowerState (FollowerState.java:run(120)) - b7fbb734-148a-49a6-9cb1-519eb8bdf364@group-09BF56990583-FollowerState was interrupted: java.lang.InterruptedException: sleep interrupted
2019-11-15 20:27:32,125 [ForkJoinPool.commonPool-worker-1] INFO  impl.StateMachineUpdater (StateMachineUpdater.java:stopAndJoin(136)) - b7fbb734-148a-49a6-9cb1-519eb8bdf364@group-09BF56990583-StateMachineUpdater: set stopIndex = 0
2019-11-15 20:27:32,125 [main] INFO  impl.StateMachineUpdater (StateMachineUpdater.java:stopAndJoin(136)) - b7fbb734-148a-49a6-9cb1-519eb8bdf364@group-F4D662094BF9-StateMachineUpdater: set stopIndex = 0
2019-11-15 20:27:32,125 [ForkJoinPool.commonPool-worker-1] INFO  impl.RaftServerImpl (ServerState.java:close(387)) - b7fbb734-148a-49a6-9cb1-519eb8bdf364@group-09BF56990583: closes. applyIndex: 0
2019-11-15 20:27:32,125 [main] INFO  impl.RaftServerImpl (ServerState.java:close(387)) - b7fbb734-148a-49a6-9cb1-519eb8bdf364@group-F4D662094BF9: closes. applyIndex: 0
2019-11-15 20:27:32,126 [b7fbb734-148a-49a6-9cb1-519eb8bdf364@group-09BF56990583-SegmentedRaftLogWorker] INFO  segmented.SegmentedRaftLogWorker (SegmentedRaftLogWorker.java:run(316)) - b7fbb734-148a-49a6-9cb1-519eb8bdf364@group-09BF56990583-SegmentedRaftLogWorker was interrupted, exiting. There are 0 tasks remaining in the queue.
2019-11-15 20:27:32,126 [b7fbb734-148a-49a6-9cb1-519eb8bdf364@group-F4D662094BF9-SegmentedRaftLogWorker] INFO  segmented.SegmentedRaftLogWorker (SegmentedRaftLogWorker.java:run(316)) - b7fbb734-148a-49a6-9cb1-519eb8bdf364@group-F4D662094BF9-SegmentedRaftLogWorker was interrupted, exiting. There are 0 tasks remaining in the queue.
2019-11-15 20:27:32,126 [ForkJoinPool.commonPool-worker-1] INFO  segmented.SegmentedRaftLogWorker (SegmentedRaftLogWorker.java:close(224)) - b7fbb734-148a-49a6-9cb1-519eb8bdf364@group-09BF56990583-SegmentedRaftLogWorker close()
2019-11-15 20:27:32,126 [main] INFO  segmented.SegmentedRaftLogWorker (SegmentedRaftLogWorker.java:close(224)) - b7fbb734-148a-49a6-9cb1-519eb8bdf364@group-F4D662094BF9-SegmentedRaftLogWorker close()
2019-11-15 20:27:32,131 [main] INFO  server.GrpcService (GrpcService.java:closeImpl(164)) - b7fbb734-148a-49a6-9cb1-519eb8bdf364: shutdown server with port 44174 now
2019-11-15 20:27:32,133 [grpc-default-executor-10] WARN  server.GrpcServerProtocolService (LogUtils.java:warn(134)) - b7fbb734-148a-49a6-9cb1-519eb8bdf364: installSnapshot onError, lastRequest: 77a687a8-07fe-464e-b0f2-03532ede599a->b7fbb734-148a-49a6-9cb1-519eb8bdf364#5-t1, previous=(t:1, i:0), leaderCommit=0, initializing? false, entries: <empty>: org.apache.ratis.thirdparty.io.grpc.StatusRuntimeException: CANCELLED: cancelled before receiving half close
2019-11-15 20:27:32,133 [grpc-default-executor-12] WARN  server.GrpcLogAppender (LogUtils.java:warn(134)) - 77a687a8-07fe-464e-b0f2-03532ede599a@group-09BF56990583->b7fbb734-148a-49a6-9cb1-519eb8bdf364-AppendLogResponseHandler: Failed appendEntries: org.apache.ratis.thirdparty.io.grpc.StatusRuntimeException: CANCELLED: HTTP/2 error code: CANCEL
Received Rst Stream
2019-11-15 20:27:32,133 [main] INFO  server.GrpcService (GrpcService.java:closeImpl(172)) - b7fbb734-148a-49a6-9cb1-519eb8bdf364: shutdown server with port 44174 successfully
2019-11-15 20:27:32,134 [grpc-default-executor-12] INFO  impl.FollowerInfo (FollowerInfo.java:lambda$new$0(51)) - 77a687a8-07fe-464e-b0f2-03532ede599a@group-09BF56990583->b7fbb734-148a-49a6-9cb1-519eb8bdf364: nextIndex: updateUnconditionally 1 -> 0
2019-11-15 20:27:32,141 [refreshUsed-/workdir/hadoop-ozone/integration-test/target/test-dir/MiniOzoneClusterImpl-2baab228-4da8-45e4-8c00-c7e13f1dd389/datanode-8/data/containers] WARN  fs.CachingGetSpaceUsed (CachingGetSpaceUsed.java:run(183)) - Thread Interrupted waiting to refresh disk information: sleep interrupted
2019-11-15 20:27:32,170 [main] INFO  utils.BackgroundService (BackgroundService.java:shutdown(151)) - Shutting down service BlockDeletingService
2019-11-15 20:27:32,178 [main] INFO  statemachine.DatanodeStateMachine (DatanodeStateMachine.java:stopDaemon(400)) - Ozone container server stopped.
2019-11-15 20:27:32,180 [main] INFO  handler.ContextHandler (ContextHandler.java:doStop(910)) - Stopped o.e.j.w.WebAppContext@63f9ddf9{/,null,UNAVAILABLE}{/hddsDatanode}
2019-11-15 20:27:32,181 [main] INFO  server.AbstractConnector (AbstractConnector.java:doStop(318)) - Stopped ServerConnector@410fc508{HTTP/1.1,[http/1.1]}{0.0.0.0:0}
2019-11-15 20:27:32,182 [main] INFO  handler.ContextHandler (ContextHandler.java:doStop(910)) - Stopped o.e.j.s.ServletContextHandler@6befbb12{/static,jar:file:/home/user/.m2/repository/org/apache/hadoop/hadoop-hdds-container-service/0.5.0-SNAPSHOT/hadoop-hdds-container-service-0.5.0-SNAPSHOT.jar!/webapps/static,UNAVAILABLE}
2019-11-15 20:27:32,182 [main] INFO  handler.ContextHandler (ContextHandler.java:doStop(910)) - Stopped o.e.j.s.ServletContextHandler@2e4eda17{/logs,file:///workdir/hadoop-ozone/integration-test/target/log,UNAVAILABLE}
2019-11-15 20:27:32,565 [grpc-default-executor-8] WARN  server.GrpcLogAppender (LogUtils.java:warn(134)) - 77a687a8-07fe-464e-b0f2-03532ede599a@group-09BF56990583->b7fbb734-148a-49a6-9cb1-519eb8bdf364-AppendLogResponseHandler: Failed appendEntries: org.apache.ratis.thirdparty.io.grpc.StatusRuntimeException: UNAVAILABLE: io exception
2019-11-15 20:27:32,566 [grpc-default-executor-8] INFO  impl.FollowerInfo (FollowerInfo.java:lambda$new$0(51)) - 77a687a8-07fe-464e-b0f2-03532ede599a@group-09BF56990583->b7fbb734-148a-49a6-9cb1-519eb8bdf364: nextIndex: updateUnconditionally 0 -> 0
2019-11-15 20:27:33,065 [grpc-default-executor-6] WARN  server.GrpcLogAppender (LogUtils.java:warn(134)) - 77a687a8-07fe-464e-b0f2-03532ede599a@group-09BF56990583->b7fbb734-148a-49a6-9cb1-519eb8bdf364-AppendLogResponseHandler: Failed appendEntries: org.apache.ratis.thirdparty.io.grpc.StatusRuntimeException: UNAVAILABLE: io exception
2019-11-15 20:27:33,066 [grpc-default-executor-6] INFO  impl.FollowerInfo (FollowerInfo.java:lambda$new$0(51)) - 77a687a8-07fe-464e-b0f2-03532ede599a@group-09BF56990583->b7fbb734-148a-49a6-9cb1-519eb8bdf364: nextIndex: updateUnconditionally 0 -> 0
2019-11-15 20:27:33,222 [main] WARN  io.KeyOutputStream (KeyOutputStream.java:handleException(274)) - Encountered exception java.io.IOException: Unexpected Storage Container Exception: java.util.concurrent.CompletionException: java.util.concurrent.CompletionException: org.apache.ratis.protocol.GroupMismatchException: 77a687a8-07fe-464e-b0f2-03532ede599a: group-B9C73B4FE054 not found. on the pipeline Pipeline[ Id: 68b400d2-f8ff-4397-acae-b9c73b4fe054, Nodes: b7fbb734-148a-49a6-9cb1-519eb8bdf364{ip: 192.168.157.201, host: pr-hdds-2514-unusedmethodparam-9qkq7-1267773169, networkLocation: /rack1, certSerialId: null}0d66e4d5-0fe9-441c-84d0-b1903c285e78{ip: 192.168.157.201, host: pr-hdds-2514-unusedmethodparam-9qkq7-1267773169, networkLocation: /rack1, certSerialId: null}77a687a8-07fe-464e-b0f2-03532ede599a{ip: 192.168.157.201, host: pr-hdds-2514-unusedmethodparam-9qkq7-1267773169, networkLocation: /rack1, certSerialId: null}, Type:RATIS, Factor:THREE, State:OPEN]. The last committed block length is 1048576, uncommitted data length is 2097152 retry count 0
2019-11-15 20:27:33,222 [main] INFO  io.BlockOutputStreamEntryPool (BlockOutputStreamEntryPool.java:allocateNewBlock(257)) - Allocating block with ExcludeList {datanodes = [], containerIds = [], pipelineIds = [PipelineID=68b400d2-f8ff-4397-acae-b9c73b4fe054]}
2019-11-15 20:27:33,565 [grpc-default-executor-8] WARN  server.GrpcLogAppender (LogUtils.java:warn(134)) - 77a687a8-07fe-464e-b0f2-03532ede599a@group-09BF56990583->b7fbb734-148a-49a6-9cb1-519eb8bdf364-AppendLogResponseHandler: Failed appendEntries: org.apache.ratis.thirdparty.io.grpc.StatusRuntimeException: UNAVAILABLE: io exception
2019-11-15 20:27:33,566 [grpc-default-executor-8] INFO  impl.FollowerInfo (FollowerInfo.java:lambda$new$0(51)) - 77a687a8-07fe-464e-b0f2-03532ede599a@group-09BF56990583->b7fbb734-148a-49a6-9cb1-519eb8bdf364: nextIndex: updateUnconditionally 0 -> 0
2019-11-15 20:27:33,794 [main] INFO  ozone.MiniOzoneClusterImpl (MiniOzoneClusterImpl.java:shutdown(352)) - Shutting down the Mini Ozone Cluster
2019-11-15 20:27:33,794 [main] INFO  ozone.MiniOzoneClusterImpl (MiniOzoneClusterImpl.java:stop(368)) - Stopping the Mini Ozone Cluster
2019-11-15 20:27:33,794 [main] INFO  ozone.MiniOzoneClusterImpl (MiniOzoneClusterImpl.java:stopOM(438)) - Stopping the OzoneManager
2019-11-15 20:27:33,795 [main] INFO  ipc.Server (Server.java:stop(3082)) - Stopping server on 46358
2019-11-15 20:27:33,816 [main] INFO  ratis.OzoneManagerDoubleBuffer (OzoneManagerDoubleBuffer.java:stop(261)) - Stopping OMDoubleBuffer flush thread
2019-11-15 20:27:33,818 [IPC Server Responder] INFO  ipc.Server (Server.java:run(1319)) - Stopping IPC Server Responder
2019-11-15 20:27:33,818 [IPC Server listener on 46358] INFO  ipc.Server (Server.java:run(1185)) - Stopping IPC Server listener on 46358
2019-11-15 20:27:33,820 [OMDoubleBufferFlushThread] INFO  ratis.OzoneManagerDoubleBuffer (OzoneManagerDoubleBuffer.java:flushTransactions(199)) - OMDoubleBuffer flush thread OMDoubleBufferFlushThread is interrupted and will exit. OMDoubleBufferFlushThread
2019-11-15 20:27:33,834 [main] INFO  utils.BackgroundService (BackgroundService.java:shutdown(151)) - Shutting down service KeyDeletingService
2019-11-15 20:27:33,835 [main] INFO  handler.ContextHandler (ContextHandler.java:doStop(910)) - Stopped o.e.j.w.WebAppContext@4a22e4d7{/,null,UNAVAILABLE}{/ozoneManager}
2019-11-15 20:27:33,836 [main] INFO  server.AbstractConnector (AbstractConnector.java:doStop(318)) - Stopped ServerConnector@d8835af{HTTP/1.1,[http/1.1]}{0.0.0.0:0}
2019-11-15 20:27:33,836 [main] INFO  handler.ContextHandler (ContextHandler.java:doStop(910)) - Stopped o.e.j.s.ServletContextHandler@5fdd97c1{/static,file:///workdir/hadoop-ozone/integration-test/target/test-classes/webapps/static,UNAVAILABLE}
2019-11-15 20:27:33,836 [main] INFO  handler.ContextHandler (ContextHandler.java:doStop(910)) - Stopped o.e.j.s.ServletContextHandler@279126f5{/logs,file:///workdir/hadoop-ozone/integration-test/target/log,UNAVAILABLE}
2019-11-15 20:27:33,840 [main] INFO  ozone.MiniOzoneClusterImpl (MiniOzoneClusterImpl.java:stopDatanodes(415)) - Stopping the HddsDatanodes
2019-11-15 20:27:34,035 [Datanode State Machine Thread - 0] INFO  statemachine.DatanodeStateMachine (DatanodeStateMachine.java:lambda$startDaemon$0(355)) - Ozone container server started.
2019-11-15 20:27:34,066 [grpc-default-executor-8] WARN  server.GrpcLogAppender (LogUtils.java:warn(134)) - 77a687a8-07fe-464e-b0f2-03532ede599a@group-09BF56990583->b7fbb734-148a-49a6-9cb1-519eb8bdf364-AppendLogResponseHandler: Failed appendEntries: org.apache.ratis.thirdparty.io.grpc.StatusRuntimeException: UNAVAILABLE: io exception
2019-11-15 20:27:34,066 [grpc-default-executor-8] INFO  impl.FollowerInfo (FollowerInfo.java:lambda$new$0(51)) - 77a687a8-07fe-464e-b0f2-03532ede599a@group-09BF56990583->b7fbb734-148a-49a6-9cb1-519eb8bdf364: nextIndex: updateUnconditionally 0 -> 0
2019-11-15 20:27:34,143 [Datanode State Machine Thread - 0] INFO  statemachine.DatanodeStateMachine (DatanodeStateMachine.java:lambda$startDaemon$0(355)) - Ozone container server started.
2019-11-15 20:27:34,566 [grpc-default-executor-12] WARN  server.GrpcLogAppender (LogUtils.java:warn(134)) - 77a687a8-07fe-464e-b0f2-03532ede599a@group-09BF56990583->b7fbb734-148a-49a6-9cb1-519eb8bdf364-AppendLogResponseHandler: Failed appendEntries: org.apache.ratis.thirdparty.io.grpc.StatusRuntimeException: UNAVAILABLE: io exception
2019-11-15 20:27:34,567 [grpc-default-executor-12] INFO  impl.FollowerInfo (FollowerInfo.java:lambda$new$0(51)) - 77a687a8-07fe-464e-b0f2-03532ede599a@group-09BF56990583->b7fbb734-148a-49a6-9cb1-519eb8bdf364: nextIndex: updateUnconditionally 0 -> 0
2019-11-15 20:27:35,067 [grpc-default-executor-6] WARN  server.GrpcLogAppender (LogUtils.java:warn(134)) - 77a687a8-07fe-464e-b0f2-03532ede599a@group-09BF56990583->b7fbb734-148a-49a6-9cb1-519eb8bdf364-AppendLogResponseHandler: Failed appendEntries: org.apache.ratis.thirdparty.io.grpc.StatusRuntimeException: UNAVAILABLE: io exception
2019-11-15 20:27:35,067 [grpc-default-executor-6] INFO  impl.FollowerInfo (FollowerInfo.java:lambda$new$0(51)) - 77a687a8-07fe-464e-b0f2-03532ede599a@group-09BF56990583->b7fbb734-148a-49a6-9cb1-519eb8bdf364: nextIndex: updateUnconditionally 0 -> 0
2019-11-15 20:27:35,567 [grpc-default-executor-12] WARN  server.GrpcLogAppender (LogUtils.java:warn(134)) - 77a687a8-07fe-464e-b0f2-03532ede599a@group-09BF56990583->b7fbb734-148a-49a6-9cb1-519eb8bdf364-AppendLogResponseHandler: Failed appendEntries: org.apache.ratis.thirdparty.io.grpc.StatusRuntimeException: UNAVAILABLE: io exception
2019-11-15 20:27:35,568 [grpc-default-executor-12] INFO  impl.FollowerInfo (FollowerInfo.java:lambda$new$0(51)) - 77a687a8-07fe-464e-b0f2-03532ede599a@group-09BF56990583->b7fbb734-148a-49a6-9cb1-519eb8bdf364: nextIndex: updateUnconditionally 0 -> 0
2019-11-15 20:27:36,068 [grpc-default-executor-8] WARN  server.GrpcLogAppender (LogUtils.java:warn(134)) - 77a687a8-07fe-464e-b0f2-03532ede599a@group-09BF56990583->b7fbb734-148a-49a6-9cb1-519eb8bdf364-AppendLogResponseHandler: Failed appendEntries: org.apache.ratis.thirdparty.io.grpc.StatusRuntimeException: UNAVAILABLE: io exception
2019-11-15 20:27:36,069 [grpc-default-executor-8] INFO  impl.FollowerInfo (FollowerInfo.java:lambda$new$0(51)) - 77a687a8-07fe-464e-b0f2-03532ede599a@group-09BF56990583->b7fbb734-148a-49a6-9cb1-519eb8bdf364: nextIndex: updateUnconditionally 0 -> 0
2019-11-15 20:27:36,569 [grpc-default-executor-12] WARN  server.GrpcLogAppender (LogUtils.java:warn(134)) - 77a687a8-07fe-464e-b0f2-03532ede599a@group-09BF56990583->b7fbb734-148a-49a6-9cb1-519eb8bdf364-AppendLogResponseHandler: Failed appendEntries: org.apache.ratis.thirdparty.io.grpc.StatusRuntimeException: UNAVAILABLE: io exception
2019-11-15 20:27:36,569 [grpc-default-executor-12] INFO  impl.FollowerInfo (FollowerInfo.java:lambda$new$0(51)) - 77a687a8-07fe-464e-b0f2-03532ede599a@group-09BF56990583->b7fbb734-148a-49a6-9cb1-519eb8bdf364: nextIndex: updateUnconditionally 0 -> 0
2019-11-15 20:27:37,069 [grpc-default-executor-6] WARN  server.GrpcLogAppender (LogUtils.java:warn(134)) - 77a687a8-07fe-464e-b0f2-03532ede599a@group-09BF56990583->b7fbb734-148a-49a6-9cb1-519eb8bdf364-AppendLogResponseHandler: Failed appendEntries: org.apache.ratis.thirdparty.io.grpc.StatusRuntimeException: UNAVAILABLE: io exception
2019-11-15 20:27:37,070 [grpc-default-executor-6] INFO  impl.FollowerInfo (FollowerInfo.java:lambda$new$0(51)) - 77a687a8-07fe-464e-b0f2-03532ede599a@group-09BF56990583->b7fbb734-148a-49a6-9cb1-519eb8bdf364: nextIndex: updateUnconditionally 0 -> 0
2019-11-15 20:27:37,570 [grpc-default-executor-8] WARN  server.GrpcLogAppender (LogUtils.java:warn(134)) - 77a687a8-07fe-464e-b0f2-03532ede599a@group-09BF56990583->b7fbb734-148a-49a6-9cb1-519eb8bdf364-AppendLogResponseHandler: Failed appendEntries: org.apache.ratis.thirdparty.io.grpc.StatusRuntimeException: UNAVAILABLE: io exception
2019-11-15 20:27:37,571 [grpc-default-executor-8] INFO  impl.FollowerInfo (FollowerInfo.java:lambda$new$0(51)) - 77a687a8-07fe-464e-b0f2-03532ede599a@group-09BF56990583->b7fbb734-148a-49a6-9cb1-519eb8bdf364: nextIndex: updateUnconditionally 0 -> 0
2019-11-15 20:27:38,073 [grpc-default-executor-6] WARN  server.GrpcLogAppender (LogUtils.java:warn(134)) - 77a687a8-07fe-464e-b0f2-03532ede599a@group-09BF56990583->b7fbb734-148a-49a6-9cb1-519eb8bdf364-AppendLogResponseHandler: Failed appendEntries: org.apache.ratis.thirdparty.io.grpc.StatusRuntimeException: UNAVAILABLE: io exception
2019-11-15 20:27:38,074 [grpc-default-executor-6] INFO  impl.FollowerInfo (FollowerInfo.java:lambda$new$0(51)) - 77a687a8-07fe-464e-b0f2-03532ede599a@group-09BF56990583->b7fbb734-148a-49a6-9cb1-519eb8bdf364: nextIndex: updateUnconditionally 0 -> 0
2019-11-15 20:27:38,572 [grpc-default-executor-12] WARN  server.GrpcLogAppender (LogUtils.java:warn(134)) - 77a687a8-07fe-464e-b0f2-03532ede599a@group-09BF56990583->b7fbb734-148a-49a6-9cb1-519eb8bdf364-AppendLogResponseHandler: Failed appendEntries: org.apache.ratis.thirdparty.io.grpc.StatusRuntimeException: UNAVAILABLE: io exception
2019-11-15 20:27:38,572 [grpc-default-executor-12] INFO  impl.FollowerInfo (FollowerInfo.java:lambda$new$0(51)) - 77a687a8-07fe-464e-b0f2-03532ede599a@group-09BF56990583->b7fbb734-148a-49a6-9cb1-519eb8bdf364: nextIndex: updateUnconditionally 0 -> 0
2019-11-15 20:27:38,841 [ForkJoinPool.commonPool-worker-1] INFO  ozoneimpl.OzoneContainer (OzoneContainer.java:stop(244)) - Attempting to stop container services.
2019-11-15 20:27:38,841 [main] INFO  ozoneimpl.OzoneContainer (OzoneContainer.java:stop(244)) - Attempting to stop container services.
2019-11-15 20:27:38,843 [ForkJoinPool.commonPool-worker-1] INFO  impl.RaftServerProxy (RaftServerProxy.java:lambda$close$4(314)) - d8d3f8ae-ceeb-4228-b266-44fc60f7c1eb: close
2019-11-15 20:27:38,843 [main] INFO  impl.RaftServerProxy (RaftServerProxy.java:lambda$close$4(314)) - 0d66e4d5-0fe9-441c-84d0-b1903c285e78: close
2019-11-15 20:27:38,843 [ForkJoinPool.commonPool-worker-1] INFO  impl.RaftServerImpl (RaftServerImpl.java:lambda$shutdown$3(250)) - d8d3f8ae-ceeb-4228-b266-44fc60f7c1eb@group-EE693E85B03C: shutdown
2019-11-15 20:27:38,844 [main] INFO  impl.RaftServerImpl (RaftServerImpl.java:lambda$shutdown$3(250)) - 0d66e4d5-0fe9-441c-84d0-b1903c285e78@group-12E90F567056: shutdown
2019-11-15 20:27:38,844 [ForkJoinPool.commonPool-worker-1] INFO  util.JmxRegister (JmxRegister.java:unregister(73)) - Successfully un-registered JMX Bean with object name Ratis:service=RaftServer,group=group-EE693E85B03C,id=d8d3f8ae-ceeb-4228-b266-44fc60f7c1eb
2019-11-15 20:27:38,844 [main] INFO  util.JmxRegister (JmxRegister.java:unregister(73)) - Successfully un-registered JMX Bean with object name Ratis:service=RaftServer,group=group-12E90F567056,id=0d66e4d5-0fe9-441c-84d0-b1903c285e78
2019-11-15 20:27:38,844 [ForkJoinPool.commonPool-worker-1] INFO  impl.RoleInfo (RoleInfo.java:shutdownLeaderState(104)) - d8d3f8ae-ceeb-4228-b266-44fc60f7c1eb: shutdown LeaderState
2019-11-15 20:27:38,845 [main] INFO  impl.RoleInfo (RoleInfo.java:shutdownLeaderState(104)) - 0d66e4d5-0fe9-441c-84d0-b1903c285e78: shutdown LeaderState
2019-11-15 20:27:38,845 [ForkJoinPool.commonPool-worker-1] INFO  impl.PendingRequests (PendingRequests.java:sendNotLeaderResponses(206)) - d8d3f8ae-ceeb-4228-b266-44fc60f7c1eb@group-EE693E85B03C-PendingRequests: sendNotLeaderResponses
2019-11-15 20:27:38,845 [main] INFO  impl.PendingRequests (PendingRequests.java:sendNotLeaderResponses(206)) - 0d66e4d5-0fe9-441c-84d0-b1903c285e78@group-12E90F567056-PendingRequests: sendNotLeaderResponses
2019-11-15 20:27:38,846 [ForkJoinPool.commonPool-worker-1] INFO  impl.StateMachineUpdater (StateMachineUpdater.java:stopAndJoin(136)) - d8d3f8ae-ceeb-4228-b266-44fc60f7c1eb@group-EE693E85B03C-StateMachineUpdater: set stopIndex = 0
2019-11-15 20:27:38,846 [main] INFO  impl.StateMachineUpdater (StateMachineUpdater.java:stopAndJoin(136)) - 0d66e4d5-0fe9-441c-84d0-b1903c285e78@group-12E90F567056-StateMachineUpdater: set stopIndex = 0
2019-11-15 20:27:38,847 [ForkJoinPool.commonPool-worker-1] INFO  impl.RaftServerImpl (ServerState.java:close(387)) - d8d3f8ae-ceeb-4228-b266-44fc60f7c1eb@group-EE693E85B03C: closes. applyIndex: 0
2019-11-15 20:27:38,847 [main] INFO  impl.RaftServerImpl (ServerState.java:close(387)) - 0d66e4d5-0fe9-441c-84d0-b1903c285e78@group-12E90F567056: closes. applyIndex: 0
2019-11-15 20:27:38,847 [d8d3f8ae-ceeb-4228-b266-44fc60f7c1eb@group-EE693E85B03C-SegmentedRaftLogWorker] INFO  segmented.SegmentedRaftLogWorker (SegmentedRaftLogWorker.java:run(316)) - d8d3f8ae-ceeb-4228-b266-44fc60f7c1eb@group-EE693E85B03C-SegmentedRaftLogWorker was interrupted, exiting. There are 0 tasks remaining in the queue.
2019-11-15 20:27:38,847 [0d66e4d5-0fe9-441c-84d0-b1903c285e78@group-12E90F567056-SegmentedRaftLogWorker] INFO  segmented.SegmentedRaftLogWorker (SegmentedRaftLogWorker.java:run(316)) - 0d66e4d5-0fe9-441c-84d0-b1903c285e78@group-12E90F567056-SegmentedRaftLogWorker was interrupted, exiting. There are 0 tasks remaining in the queue.
2019-11-15 20:27:38,848 [main] INFO  segmented.SegmentedRaftLogWorker (SegmentedRaftLogWorker.java:close(224)) - 0d66e4d5-0fe9-441c-84d0-b1903c285e78@group-12E90F567056-SegmentedRaftLogWorker close()
2019-11-15 20:27:38,848 [ForkJoinPool.commonPool-worker-1] INFO  segmented.SegmentedRaftLogWorker (SegmentedRaftLogWorker.java:close(224)) - d8d3f8ae-ceeb-4228-b266-44fc60f7c1eb@group-EE693E85B03C-SegmentedRaftLogWorker close()
2019-11-15 20:27:38,848 [main] INFO  impl.RaftServerImpl (RaftServerImpl.java:lambda$shutdown$3(250)) - 0d66e4d5-0fe9-441c-84d0-b1903c285e78@group-09BF56990583: shutdown
2019-11-15 20:27:38,849 [ForkJoinPool.commonPool-worker-1] INFO  impl.RaftServerImpl (RaftServerImpl.java:lambda$shutdown$3(250)) - d8d3f8ae-ceeb-4228-b266-44fc60f7c1eb@group-62B4F8A0C489: shutdown
2019-11-15 20:27:38,849 [main] INFO  util.JmxRegister (JmxRegister.java:unregister(73)) - Successfully un-registered JMX Bean with object name Ratis:service=RaftServer,group=group-09BF56990583,id=0d66e4d5-0fe9-441c-84d0-b1903c285e78
2019-11-15 20:27:38,849 [ForkJoinPool.commonPool-worker-1] INFO  util.JmxRegister (JmxRegister.java:unregister(73)) - Successfully un-registered JMX Bean with object name Ratis:service=RaftServer,group=group-62B4F8A0C489,id=d8d3f8ae-ceeb-4228-b266-44fc60f7c1eb
2019-11-15 20:27:38,849 [main] INFO  impl.RoleInfo (RoleInfo.java:shutdownFollowerState(121)) - 0d66e4d5-0fe9-441c-84d0-b1903c285e78: shutdown FollowerState
2019-11-15 20:27:38,850 [ForkJoinPool.commonPool-worker-1] INFO  impl.RoleInfo (RoleInfo.java:shutdownFollowerState(121)) - d8d3f8ae-ceeb-4228-b266-44fc60f7c1eb: shutdown FollowerState
2019-11-15 20:27:38,850 [Thread-4286] INFO  impl.FollowerState (FollowerState.java:run(120)) - 0d66e4d5-0fe9-441c-84d0-b1903c285e78@group-09BF56990583-FollowerState was interrupted: java.lang.InterruptedException: sleep interrupted
2019-11-15 20:27:38,850 [main] INFO  impl.StateMachineUpdater (StateMachineUpdater.java:stopAndJoin(136)) - 0d66e4d5-0fe9-441c-84d0-b1903c285e78@group-09BF56990583-StateMachineUpdater: set stopIndex = 0
2019-11-15 20:27:38,850 [ForkJoinPool.commonPool-worker-1] INFO  impl.StateMachineUpdater (StateMachineUpdater.java:stopAndJoin(136)) - d8d3f8ae-ceeb-4228-b266-44fc60f7c1eb@group-62B4F8A0C489-StateMachineUpdater: set stopIndex = 0
2019-11-15 20:27:38,851 [ForkJoinPool.commonPool-worker-1] INFO  impl.RaftServerImpl (ServerState.java:close(387)) - d8d3f8ae-ceeb-4228-b266-44fc60f7c1eb@group-62B4F8A0C489: closes. applyIndex: 0
2019-11-15 20:27:38,851 [Thread-4301] INFO  impl.FollowerState (FollowerState.java:run(120)) - d8d3f8ae-ceeb-4228-b266-44fc60f7c1eb@group-62B4F8A0C489-FollowerState was interrupted: java.lang.InterruptedException: sleep interrupted
2019-11-15 20:27:38,851 [main] INFO  impl.RaftServerImpl (ServerState.java:close(387)) - 0d66e4d5-0fe9-441c-84d0-b1903c285e78@group-09BF56990583: closes. applyIndex: 0
2019-11-15 20:27:38,852 [d8d3f8ae-ceeb-4228-b266-44fc60f7c1eb@group-62B4F8A0C489-SegmentedRaftLogWorker] INFO  segmented.SegmentedRaftLogWorker (SegmentedRaftLogWorker.java:run(316)) - d8d3f8ae-ceeb-4228-b266-44fc60f7c1eb@group-62B4F8A0C489-SegmentedRaftLogWorker was interrupted, exiting. There are 0 tasks remaining in the queue.
2019-11-15 20:27:38,852 [0d66e4d5-0fe9-441c-84d0-b1903c285e78@group-09BF56990583-SegmentedRaftLogWorker] INFO  segmented.SegmentedRaftLogWorker (SegmentedRaftLogWorker.java:run(316)) - 0d66e4d5-0fe9-441c-84d0-b1903c285e78@group-09BF56990583-SegmentedRaftLogWorker was interrupted, exiting. There are 0 tasks remaining in the queue.
2019-11-15 20:27:38,852 [ForkJoinPool.commonPool-worker-1] INFO  segmented.SegmentedRaftLogWorker (SegmentedRaftLogWorker.java:close(224)) - d8d3f8ae-ceeb-4228-b266-44fc60f7c1eb@group-62B4F8A0C489-SegmentedRaftLogWorker close()
2019-11-15 20:27:38,853 [main] INFO  segmented.SegmentedRaftLogWorker (SegmentedRaftLogWorker.java:close(224)) - 0d66e4d5-0fe9-441c-84d0-b1903c285e78@group-09BF56990583-SegmentedRaftLogWorker close()
2019-11-15 20:27:38,853 [ForkJoinPool.commonPool-worker-1] INFO  server.GrpcService (GrpcService.java:closeImpl(164)) - d8d3f8ae-ceeb-4228-b266-44fc60f7c1eb: shutdown server with port 44849 now
2019-11-15 20:27:38,857 [main] INFO  server.GrpcService (GrpcService.java:closeImpl(164)) - 0d66e4d5-0fe9-441c-84d0-b1903c285e78: shutdown server with port 44210 now
2019-11-15 20:27:38,859 [main] INFO  server.GrpcService (GrpcService.java:closeImpl(172)) - 0d66e4d5-0fe9-441c-84d0-b1903c285e78: shutdown server with port 44210 successfully
2019-11-15 20:27:38,859 [grpc-default-executor-9] WARN  server.GrpcLogAppender (LogUtils.java:warn(134)) - 77a687a8-07fe-464e-b0f2-03532ede599a@group-09BF56990583->0d66e4d5-0fe9-441c-84d0-b1903c285e78-AppendLogResponseHandler: Failed appendEntries: org.apache.ratis.thirdparty.io.grpc.StatusRuntimeException: CANCELLED: HTTP/2 error code: CANCEL
Received Rst Stream
2019-11-15 20:27:38,859 [grpc-default-executor-10] WARN  server.GrpcServerProtocolService (LogUtils.java:warn(134)) - 0d66e4d5-0fe9-441c-84d0-b1903c285e78: installSnapshot onError, lastRequest: 77a687a8-07fe-464e-b0f2-03532ede599a->0d66e4d5-0fe9-441c-84d0-b1903c285e78#18-t1, previous=(t:1, i:0), leaderCommit=0, initializing? false, entries: <empty>: org.apache.ratis.thirdparty.io.grpc.StatusRuntimeException: CANCELLED: cancelled before receiving half close
2019-11-15 20:27:38,859 [grpc-default-executor-12] WARN  server.GrpcServerProtocolService (LogUtils.java:warn(134)) - d8d3f8ae-ceeb-4228-b266-44fc60f7c1eb: installSnapshot onError, lastRequest: 4e9d79cc-0455-427e-951d-7d9146a76d5d->d8d3f8ae-ceeb-4228-b266-44fc60f7c1eb#18-t2, previous=(t:2, i:0), leaderCommit=0, initializing? false, entries: <empty>: org.apache.ratis.thirdparty.io.grpc.StatusRuntimeException: CANCELLED: cancelled before receiving half close
2019-11-15 20:27:38,859 [grpc-default-executor-9] INFO  impl.FollowerInfo (FollowerInfo.java:lambda$new$0(51)) - 77a687a8-07fe-464e-b0f2-03532ede599a@group-09BF56990583->0d66e4d5-0fe9-441c-84d0-b1903c285e78: nextIndex: updateUnconditionally 1 -> 0
2019-11-15 20:27:38,859 [ForkJoinPool.commonPool-worker-1] INFO  server.GrpcService (GrpcService.java:closeImpl(172)) - d8d3f8ae-ceeb-4228-b266-44fc60f7c1eb: shutdown server with port 44849 successfully
2019-11-15 20:27:38,859 [grpc-default-executor-6] WARN  server.GrpcLogAppender (LogUtils.java:warn(134)) - 4e9d79cc-0455-427e-951d-7d9146a76d5d@group-62B4F8A0C489->d8d3f8ae-ceeb-4228-b266-44fc60f7c1eb-AppendLogResponseHandler: Failed appendEntries: org.apache.ratis.thirdparty.io.grpc.StatusRuntimeException: CANCELLED: HTTP/2 error code: CANCEL
Received Rst Stream
2019-11-15 20:27:38,861 [grpc-default-executor-6] INFO  impl.FollowerInfo (FollowerInfo.java:lambda$new$0(51)) - 4e9d79cc-0455-427e-951d-7d9146a76d5d@group-62B4F8A0C489->d8d3f8ae-ceeb-4228-b266-44fc60f7c1eb: nextIndex: updateUnconditionally 1 -> 0
2019-11-15 20:27:38,861 [refreshUsed-/workdir/hadoop-ozone/integration-test/target/test-dir/MiniOzoneClusterImpl-2baab228-4da8-45e4-8c00-c7e13f1dd389/datanode-5/data/containers] WARN  fs.CachingGetSpaceUsed (CachingGetSpaceUsed.java:run(183)) - Thread Interrupted waiting to refresh disk information: sleep interrupted
2019-11-15 20:27:38,863 [refreshUsed-/workdir/hadoop-ozone/integration-test/target/test-dir/MiniOzoneClusterImpl-2baab228-4da8-45e4-8c00-c7e13f1dd389/datanode-2/data/containers] WARN  fs.CachingGetSpaceUsed (CachingGetSpaceUsed.java:run(183)) - Thread Interrupted waiting to refresh disk information: sleep interrupted
2019-11-15 20:27:38,883 [ForkJoinPool.commonPool-worker-1] INFO  utils.BackgroundService (BackgroundService.java:shutdown(151)) - Shutting down service BlockDeletingService
2019-11-15 20:27:38,902 [ForkJoinPool.commonPool-worker-1] INFO  statemachine.DatanodeStateMachine (DatanodeStateMachine.java:stopDaemon(400)) - Ozone container server stopped.
2019-11-15 20:27:38,906 [main] INFO  utils.BackgroundService (BackgroundService.java:shutdown(151)) - Shutting down service BlockDeletingService
2019-11-15 20:27:38,908 [main] INFO  statemachine.DatanodeStateMachine (DatanodeStateMachine.java:stopDaemon(400)) - Ozone container server stopped.
2019-11-15 20:27:38,910 [ForkJoinPool.commonPool-worker-1] INFO  handler.ContextHandler (ContextHandler.java:doStop(910)) - Stopped o.e.j.w.WebAppContext@2f4d32bf{/,null,UNAVAILABLE}{/hddsDatanode}
2019-11-15 20:27:38,910 [main] INFO  handler.ContextHandler (ContextHandler.java:doStop(910)) - Stopped o.e.j.w.WebAppContext@69f080ad{/,null,UNAVAILABLE}{/hddsDatanode}
2019-11-15 20:27:38,911 [ForkJoinPool.commonPool-worker-1] INFO  server.AbstractConnector (AbstractConnector.java:doStop(318)) - Stopped ServerConnector@774d8276{HTTP/1.1,[http/1.1]}{0.0.0.0:0}
2019-11-15 20:27:38,911 [main] INFO  server.AbstractConnector (AbstractConnector.java:doStop(318)) - Stopped ServerConnector@6568f998{HTTP/1.1,[http/1.1]}{0.0.0.0:0}
2019-11-15 20:27:38,912 [ForkJoinPool.commonPool-worker-1] INFO  handler.ContextHandler (ContextHandler.java:doStop(910)) - Stopped o.e.j.s.ServletContextHandler@57ce2898{/static,jar:file:/home/user/.m2/repository/org/apache/hadoop/hadoop-hdds-container-service/0.5.0-SNAPSHOT/hadoop-hdds-container-service-0.5.0-SNAPSHOT.jar!/webapps/static,UNAVAILABLE}
2019-11-15 20:27:38,912 [main] INFO  handler.ContextHandler (ContextHandler.java:doStop(910)) - Stopped o.e.j.s.ServletContextHandler@333398f{/static,jar:file:/home/user/.m2/repository/org/apache/hadoop/hadoop-hdds-container-service/0.5.0-SNAPSHOT/hadoop-hdds-container-service-0.5.0-SNAPSHOT.jar!/webapps/static,UNAVAILABLE}
2019-11-15 20:27:38,914 [ForkJoinPool.commonPool-worker-1] INFO  handler.ContextHandler (ContextHandler.java:doStop(910)) - Stopped o.e.j.s.ServletContextHandler@7b297740{/logs,file:///workdir/hadoop-ozone/integration-test/target/log,UNAVAILABLE}
2019-11-15 20:27:38,914 [main] INFO  handler.ContextHandler (ContextHandler.java:doStop(910)) - Stopped o.e.j.s.ServletContextHandler@9d3d54e{/logs,file:///workdir/hadoop-ozone/integration-test/target/log,UNAVAILABLE}
2019-11-15 20:27:39,073 [grpc-default-executor-10] WARN  server.GrpcLogAppender (LogUtils.java:warn(134)) - 77a687a8-07fe-464e-b0f2-03532ede599a@group-09BF56990583->b7fbb734-148a-49a6-9cb1-519eb8bdf364-AppendLogResponseHandler: Failed appendEntries: org.apache.ratis.thirdparty.io.grpc.StatusRuntimeException: UNAVAILABLE: io exception
2019-11-15 20:27:39,073 [grpc-default-executor-10] INFO  impl.FollowerInfo (FollowerInfo.java:lambda$new$0(51)) - 77a687a8-07fe-464e-b0f2-03532ede599a@group-09BF56990583->b7fbb734-148a-49a6-9cb1-519eb8bdf364: nextIndex: updateUnconditionally 0 -> 0
2019-11-15 20:27:39,086 [grpc-default-executor-12] WARN  server.GrpcLogAppender (LogUtils.java:warn(134)) - 77a687a8-07fe-464e-b0f2-03532ede599a@group-09BF56990583->0d66e4d5-0fe9-441c-84d0-b1903c285e78-AppendLogResponseHandler: Failed appendEntries: org.apache.ratis.thirdparty.io.grpc.StatusRuntimeException: UNAVAILABLE: io exception
2019-11-15 20:27:39,086 [grpc-default-executor-12] INFO  impl.FollowerInfo (FollowerInfo.java:lambda$new$0(51)) - 77a687a8-07fe-464e-b0f2-03532ede599a@group-09BF56990583->0d66e4d5-0fe9-441c-84d0-b1903c285e78: nextIndex: updateUnconditionally 0 -> 0
2019-11-15 20:27:39,086 [grpc-default-executor-10] WARN  server.GrpcLogAppender (LogUtils.java:warn(134)) - 4e9d79cc-0455-427e-951d-7d9146a76d5d@group-62B4F8A0C489->d8d3f8ae-ceeb-4228-b266-44fc60f7c1eb-AppendLogResponseHandler: Failed appendEntries: org.apache.ratis.thirdparty.io.grpc.StatusRuntimeException: UNAVAILABLE: io exception
2019-11-15 20:27:39,086 [grpc-default-executor-10] INFO  impl.FollowerInfo (FollowerInfo.java:lambda$new$0(51)) - 4e9d79cc-0455-427e-951d-7d9146a76d5d@group-62B4F8A0C489->d8d3f8ae-ceeb-4228-b266-44fc60f7c1eb: nextIndex: updateUnconditionally 0 -> 0
2019-11-15 20:27:39,441 [Datanode State Machine Thread - 0] INFO  statemachine.DatanodeStateMachine (DatanodeStateMachine.java:lambda$startDaemon$0(355)) - Ozone container server started.
2019-11-15 20:27:39,441 [Datanode State Machine Thread - 0] INFO  statemachine.DatanodeStateMachine (DatanodeStateMachine.java:lambda$startDaemon$0(355)) - Ozone container server started.
2019-11-15 20:27:39,573 [grpc-default-executor-10] WARN  server.GrpcLogAppender (LogUtils.java:warn(134)) - 77a687a8-07fe-464e-b0f2-03532ede599a@group-09BF56990583->b7fbb734-148a-49a6-9cb1-519eb8bdf364-AppendLogResponseHandler: Failed appendEntries: org.apache.ratis.thirdparty.io.grpc.StatusRuntimeException: UNAVAILABLE: io exception
2019-11-15 20:27:39,573 [grpc-default-executor-10] INFO  impl.FollowerInfo (FollowerInfo.java:lambda$new$0(51)) - 77a687a8-07fe-464e-b0f2-03532ede599a@group-09BF56990583->b7fbb734-148a-49a6-9cb1-519eb8bdf364: nextIndex: updateUnconditionally 0 -> 0
2019-11-15 20:27:39,586 [grpc-default-executor-12] WARN  server.GrpcLogAppender (LogUtils.java:warn(134)) - 77a687a8-07fe-464e-b0f2-03532ede599a@group-09BF56990583->0d66e4d5-0fe9-441c-84d0-b1903c285e78-AppendLogResponseHandler: Failed appendEntries: org.apache.ratis.thirdparty.io.grpc.StatusRuntimeException: UNAVAILABLE: io exception
2019-11-15 20:27:39,586 [grpc-default-executor-12] INFO  impl.FollowerInfo (FollowerInfo.java:lambda$new$0(51)) - 77a687a8-07fe-464e-b0f2-03532ede599a@group-09BF56990583->0d66e4d5-0fe9-441c-84d0-b1903c285e78: nextIndex: updateUnconditionally 0 -> 0
2019-11-15 20:27:39,586 [grpc-default-executor-9] WARN  server.GrpcLogAppender (LogUtils.java:warn(134)) - 4e9d79cc-0455-427e-951d-7d9146a76d5d@group-62B4F8A0C489->d8d3f8ae-ceeb-4228-b266-44fc60f7c1eb-AppendLogResponseHandler: Failed appendEntries: org.apache.ratis.thirdparty.io.grpc.StatusRuntimeException: UNAVAILABLE: io exception
2019-11-15 20:27:39,587 [grpc-default-executor-9] INFO  impl.FollowerInfo (FollowerInfo.java:lambda$new$0(51)) - 4e9d79cc-0455-427e-951d-7d9146a76d5d@group-62B4F8A0C489->d8d3f8ae-ceeb-4228-b266-44fc60f7c1eb: nextIndex: updateUnconditionally 0 -> 0
2019-11-15 20:27:40,074 [grpc-default-executor-12] WARN  server.GrpcLogAppender (LogUtils.java:warn(134)) - 77a687a8-07fe-464e-b0f2-03532ede599a@group-09BF56990583->b7fbb734-148a-49a6-9cb1-519eb8bdf364-AppendLogResponseHandler: Failed appendEntries: org.apache.ratis.thirdparty.io.grpc.StatusRuntimeException: UNAVAILABLE: io exception
2019-11-15 20:27:40,074 [grpc-default-executor-12] INFO  impl.FollowerInfo (FollowerInfo.java:lambda$new$0(51)) - 77a687a8-07fe-464e-b0f2-03532ede599a@group-09BF56990583->b7fbb734-148a-49a6-9cb1-519eb8bdf364: nextIndex: updateUnconditionally 0 -> 0
2019-11-15 20:27:40,086 [grpc-default-executor-10] WARN  server.GrpcLogAppender (LogUtils.java:warn(134)) - 77a687a8-07fe-464e-b0f2-03532ede599a@group-09BF56990583->0d66e4d5-0fe9-441c-84d0-b1903c285e78-AppendLogResponseHandler: Failed appendEntries: org.apache.ratis.thirdparty.io.grpc.StatusRuntimeException: UNAVAILABLE: io exception
2019-11-15 20:27:40,086 [grpc-default-executor-10] INFO  impl.FollowerInfo (FollowerInfo.java:lambda$new$0(51)) - 77a687a8-07fe-464e-b0f2-03532ede599a@group-09BF56990583->0d66e4d5-0fe9-441c-84d0-b1903c285e78: nextIndex: updateUnconditionally 0 -> 0
2019-11-15 20:27:40,087 [grpc-default-executor-12] WARN  server.GrpcLogAppender (LogUtils.java:warn(134)) - 4e9d79cc-0455-427e-951d-7d9146a76d5d@group-62B4F8A0C489->d8d3f8ae-ceeb-4228-b266-44fc60f7c1eb-AppendLogResponseHandler: Failed appendEntries: org.apache.ratis.thirdparty.io.grpc.StatusRuntimeException: UNAVAILABLE: io exception
2019-11-15 20:27:40,087 [grpc-default-executor-12] INFO  impl.FollowerInfo (FollowerInfo.java:lambda$new$0(51)) - 4e9d79cc-0455-427e-951d-7d9146a76d5d@group-62B4F8A0C489->d8d3f8ae-ceeb-4228-b266-44fc60f7c1eb: nextIndex: updateUnconditionally 0 -> 0
2019-11-15 20:27:40,574 [grpc-default-executor-12] WARN  server.GrpcLogAppender (LogUtils.java:warn(134)) - 77a687a8-07fe-464e-b0f2-03532ede599a@group-09BF56990583->b7fbb734-148a-49a6-9cb1-519eb8bdf364-AppendLogResponseHandler: Failed appendEntries: org.apache.ratis.thirdparty.io.grpc.StatusRuntimeException: UNAVAILABLE: io exception
2019-11-15 20:27:40,574 [grpc-default-executor-12] INFO  impl.FollowerInfo (FollowerInfo.java:lambda$new$0(51)) - 77a687a8-07fe-464e-b0f2-03532ede599a@group-09BF56990583->b7fbb734-148a-49a6-9cb1-519eb8bdf364: nextIndex: updateUnconditionally 0 -> 0
2019-11-15 20:27:40,586 [grpc-default-executor-9] WARN  server.GrpcLogAppender (LogUtils.java:warn(134)) - 77a687a8-07fe-464e-b0f2-03532ede599a@group-09BF56990583->0d66e4d5-0fe9-441c-84d0-b1903c285e78-AppendLogResponseHandler: Failed appendEntries: org.apache.ratis.thirdparty.io.grpc.StatusRuntimeException: UNAVAILABLE: io exception
2019-11-15 20:27:40,587 [grpc-default-executor-9] INFO  impl.FollowerInfo (FollowerInfo.java:lambda$new$0(51)) - 77a687a8-07fe-464e-b0f2-03532ede599a@group-09BF56990583->0d66e4d5-0fe9-441c-84d0-b1903c285e78: nextIndex: updateUnconditionally 0 -> 0
2019-11-15 20:27:40,587 [grpc-default-executor-6] WARN  server.GrpcLogAppender (LogUtils.java:warn(134)) - 4e9d79cc-0455-427e-951d-7d9146a76d5d@group-62B4F8A0C489->d8d3f8ae-ceeb-4228-b266-44fc60f7c1eb-AppendLogResponseHandler: Failed appendEntries: org.apache.ratis.thirdparty.io.grpc.StatusRuntimeException: UNAVAILABLE: io exception
2019-11-15 20:27:40,587 [grpc-default-executor-6] INFO  impl.FollowerInfo (FollowerInfo.java:lambda$new$0(51)) - 4e9d79cc-0455-427e-951d-7d9146a76d5d@group-62B4F8A0C489->d8d3f8ae-ceeb-4228-b266-44fc60f7c1eb: nextIndex: updateUnconditionally 0 -> 0
2019-11-15 20:27:41,075 [grpc-default-executor-9] WARN  server.GrpcLogAppender (LogUtils.java:warn(134)) - 77a687a8-07fe-464e-b0f2-03532ede599a@group-09BF56990583->b7fbb734-148a-49a6-9cb1-519eb8bdf364-AppendLogResponseHandler: Failed appendEntries: org.apache.ratis.thirdparty.io.grpc.StatusRuntimeException: UNAVAILABLE: io exception
2019-11-15 20:27:41,075 [grpc-default-executor-9] INFO  impl.FollowerInfo (FollowerInfo.java:lambda$new$0(51)) - 77a687a8-07fe-464e-b0f2-03532ede599a@group-09BF56990583->b7fbb734-148a-49a6-9cb1-519eb8bdf364: nextIndex: updateUnconditionally 0 -> 0
2019-11-15 20:27:41,087 [grpc-default-executor-9] WARN  server.GrpcLogAppender (LogUtils.java:warn(134)) - 77a687a8-07fe-464e-b0f2-03532ede599a@group-09BF56990583->0d66e4d5-0fe9-441c-84d0-b1903c285e78-AppendLogResponseHandler: Failed appendEntries: org.apache.ratis.thirdparty.io.grpc.StatusRuntimeException: UNAVAILABLE: io exception
2019-11-15 20:27:41,087 [grpc-default-executor-9] INFO  impl.FollowerInfo (FollowerInfo.java:lambda$new$0(51)) - 77a687a8-07fe-464e-b0f2-03532ede599a@group-09BF56990583->0d66e4d5-0fe9-441c-84d0-b1903c285e78: nextIndex: updateUnconditionally 0 -> 0
2019-11-15 20:27:41,087 [grpc-default-executor-6] WARN  server.GrpcLogAppender (LogUtils.java:warn(134)) - 4e9d79cc-0455-427e-951d-7d9146a76d5d@group-62B4F8A0C489->d8d3f8ae-ceeb-4228-b266-44fc60f7c1eb-AppendLogResponseHandler: Failed appendEntries: org.apache.ratis.thirdparty.io.grpc.StatusRuntimeException: UNAVAILABLE: io exception
2019-11-15 20:27:41,087 [grpc-default-executor-6] INFO  impl.FollowerInfo (FollowerInfo.java:lambda$new$0(51)) - 4e9d79cc-0455-427e-951d-7d9146a76d5d@group-62B4F8A0C489->d8d3f8ae-ceeb-4228-b266-44fc60f7c1eb: nextIndex: updateUnconditionally 0 -> 0
2019-11-15 20:27:41,576 [grpc-default-executor-6] WARN  server.GrpcLogAppender (LogUtils.java:warn(134)) - 77a687a8-07fe-464e-b0f2-03532ede599a@group-09BF56990583->b7fbb734-148a-49a6-9cb1-519eb8bdf364-AppendLogResponseHandler: Failed appendEntries: org.apache.ratis.thirdparty.io.grpc.StatusRuntimeException: UNAVAILABLE: io exception
2019-11-15 20:27:41,576 [grpc-default-executor-6] INFO  impl.FollowerInfo (FollowerInfo.java:lambda$new$0(51)) - 77a687a8-07fe-464e-b0f2-03532ede599a@group-09BF56990583->b7fbb734-148a-49a6-9cb1-519eb8bdf364: nextIndex: updateUnconditionally 0 -> 0
2019-11-15 20:27:41,587 [grpc-default-executor-12] WARN  server.GrpcLogAppender (LogUtils.java:warn(134)) - 77a687a8-07fe-464e-b0f2-03532ede599a@group-09BF56990583->0d66e4d5-0fe9-441c-84d0-b1903c285e78-AppendLogResponseHandler: Failed appendEntries: org.apache.ratis.thirdparty.io.grpc.StatusRuntimeException: UNAVAILABLE: io exception
2019-11-15 20:27:41,587 [grpc-default-executor-12] INFO  impl.FollowerInfo (FollowerInfo.java:lambda$new$0(51)) - 77a687a8-07fe-464e-b0f2-03532ede599a@group-09BF56990583->0d66e4d5-0fe9-441c-84d0-b1903c285e78: nextIndex: updateUnconditionally 0 -> 0
2019-11-15 20:27:41,587 [grpc-default-executor-9] WARN  server.GrpcLogAppender (LogUtils.java:warn(134)) - 4e9d79cc-0455-427e-951d-7d9146a76d5d@group-62B4F8A0C489->d8d3f8ae-ceeb-4228-b266-44fc60f7c1eb-AppendLogResponseHandler: Failed appendEntries: org.apache.ratis.thirdparty.io.grpc.StatusRuntimeException: UNAVAILABLE: io exception
2019-11-15 20:27:41,588 [grpc-default-executor-9] INFO  impl.FollowerInfo (FollowerInfo.java:lambda$new$0(51)) - 4e9d79cc-0455-427e-951d-7d9146a76d5d@group-62B4F8A0C489->d8d3f8ae-ceeb-4228-b266-44fc60f7c1eb: nextIndex: updateUnconditionally 0 -> 0
2019-11-15 20:27:42,076 [grpc-default-executor-9] WARN  server.GrpcLogAppender (LogUtils.java:warn(134)) - 77a687a8-07fe-464e-b0f2-03532ede599a@group-09BF56990583->b7fbb734-148a-49a6-9cb1-519eb8bdf364-AppendLogResponseHandler: Failed appendEntries: org.apache.ratis.thirdparty.io.grpc.StatusRuntimeException: UNAVAILABLE: io exception
2019-11-15 20:27:42,076 [grpc-default-executor-9] INFO  impl.FollowerInfo (FollowerInfo.java:lambda$new$0(51)) - 77a687a8-07fe-464e-b0f2-03532ede599a@group-09BF56990583->b7fbb734-148a-49a6-9cb1-519eb8bdf364: nextIndex: updateUnconditionally 0 -> 0
2019-11-15 20:27:42,087 [grpc-default-executor-9] WARN  server.GrpcLogAppender (LogUtils.java:warn(134)) - 77a687a8-07fe-464e-b0f2-03532ede599a@group-09BF56990583->0d66e4d5-0fe9-441c-84d0-b1903c285e78-AppendLogResponseHandler: Failed appendEntries: org.apache.ratis.thirdparty.io.grpc.StatusRuntimeException: UNAVAILABLE: io exception
2019-11-15 20:27:42,087 [grpc-default-executor-9] INFO  impl.FollowerInfo (FollowerInfo.java:lambda$new$0(51)) - 77a687a8-07fe-464e-b0f2-03532ede599a@group-09BF56990583->0d66e4d5-0fe9-441c-84d0-b1903c285e78: nextIndex: updateUnconditionally 0 -> 0
2019-11-15 20:27:42,088 [grpc-default-executor-6] WARN  server.GrpcLogAppender (LogUtils.java:warn(134)) - 4e9d79cc-0455-427e-951d-7d9146a76d5d@group-62B4F8A0C489->d8d3f8ae-ceeb-4228-b266-44fc60f7c1eb-AppendLogResponseHandler: Failed appendEntries: org.apache.ratis.thirdparty.io.grpc.StatusRuntimeException: UNAVAILABLE: io exception
2019-11-15 20:27:42,088 [grpc-default-executor-6] INFO  impl.FollowerInfo (FollowerInfo.java:lambda$new$0(51)) - 4e9d79cc-0455-427e-951d-7d9146a76d5d@group-62B4F8A0C489->d8d3f8ae-ceeb-4228-b266-44fc60f7c1eb: nextIndex: updateUnconditionally 0 -> 0
2019-11-15 20:27:42,580 [grpc-default-executor-6] WARN  server.GrpcLogAppender (LogUtils.java:warn(134)) - 77a687a8-07fe-464e-b0f2-03532ede599a@group-09BF56990583->b7fbb734-148a-49a6-9cb1-519eb8bdf364-AppendLogResponseHandler: Failed appendEntries: org.apache.ratis.thirdparty.io.grpc.StatusRuntimeException: UNAVAILABLE: io exception
2019-11-15 20:27:42,580 [grpc-default-executor-6] INFO  impl.FollowerInfo (FollowerInfo.java:lambda$new$0(51)) - 77a687a8-07fe-464e-b0f2-03532ede599a@group-09BF56990583->b7fbb734-148a-49a6-9cb1-519eb8bdf364: nextIndex: updateUnconditionally 0 -> 0
2019-11-15 20:27:42,588 [grpc-default-executor-9] WARN  server.GrpcLogAppender (LogUtils.java:warn(134)) - 77a687a8-07fe-464e-b0f2-03532ede599a@group-09BF56990583->0d66e4d5-0fe9-441c-84d0-b1903c285e78-AppendLogResponseHandler: Failed appendEntries: org.apache.ratis.thirdparty.io.grpc.StatusRuntimeException: UNAVAILABLE: io exception
2019-11-15 20:27:42,588 [grpc-default-executor-9] INFO  impl.FollowerInfo (FollowerInfo.java:lambda$new$0(51)) - 77a687a8-07fe-464e-b0f2-03532ede599a@group-09BF56990583->0d66e4d5-0fe9-441c-84d0-b1903c285e78: nextIndex: updateUnconditionally 0 -> 0
2019-11-15 20:27:42,588 [grpc-default-executor-9] WARN  server.GrpcLogAppender (LogUtils.java:warn(134)) - 4e9d79cc-0455-427e-951d-7d9146a76d5d@group-62B4F8A0C489->d8d3f8ae-ceeb-4228-b266-44fc60f7c1eb-AppendLogResponseHandler: Failed appendEntries: org.apache.ratis.thirdparty.io.grpc.StatusRuntimeException: UNAVAILABLE: io exception
2019-11-15 20:27:42,588 [grpc-default-executor-9] INFO  impl.FollowerInfo (FollowerInfo.java:lambda$new$0(51)) - 4e9d79cc-0455-427e-951d-7d9146a76d5d@group-62B4F8A0C489->d8d3f8ae-ceeb-4228-b266-44fc60f7c1eb: nextIndex: updateUnconditionally 0 -> 0
2019-11-15 20:27:43,079 [grpc-default-executor-9] WARN  server.GrpcLogAppender (LogUtils.java:warn(134)) - 77a687a8-07fe-464e-b0f2-03532ede599a@group-09BF56990583->b7fbb734-148a-49a6-9cb1-519eb8bdf364-AppendLogResponseHandler: Failed appendEntries: org.apache.ratis.thirdparty.io.grpc.StatusRuntimeException: UNAVAILABLE: io exception
2019-11-15 20:27:43,079 [grpc-default-executor-9] INFO  impl.FollowerInfo (FollowerInfo.java:lambda$new$0(51)) - 77a687a8-07fe-464e-b0f2-03532ede599a@group-09BF56990583->b7fbb734-148a-49a6-9cb1-519eb8bdf364: nextIndex: updateUnconditionally 0 -> 0
2019-11-15 20:27:43,088 [grpc-default-executor-9] WARN  server.GrpcLogAppender (LogUtils.java:warn(134)) - 77a687a8-07fe-464e-b0f2-03532ede599a@group-09BF56990583->0d66e4d5-0fe9-441c-84d0-b1903c285e78-AppendLogResponseHandler: Failed appendEntries: org.apache.ratis.thirdparty.io.grpc.StatusRuntimeException: UNAVAILABLE: io exception
2019-11-15 20:27:43,088 [grpc-default-executor-9] INFO  impl.FollowerInfo (FollowerInfo.java:lambda$new$0(51)) - 77a687a8-07fe-464e-b0f2-03532ede599a@group-09BF56990583->0d66e4d5-0fe9-441c-84d0-b1903c285e78: nextIndex: updateUnconditionally 0 -> 0
2019-11-15 20:27:43,089 [grpc-default-executor-12] WARN  server.GrpcLogAppender (LogUtils.java:warn(134)) - 4e9d79cc-0455-427e-951d-7d9146a76d5d@group-62B4F8A0C489->d8d3f8ae-ceeb-4228-b266-44fc60f7c1eb-AppendLogResponseHandler: Failed appendEntries: org.apache.ratis.thirdparty.io.grpc.StatusRuntimeException: UNAVAILABLE: io exception
2019-11-15 20:27:43,089 [grpc-default-executor-12] INFO  impl.FollowerInfo (FollowerInfo.java:lambda$new$0(51)) - 4e9d79cc-0455-427e-951d-7d9146a76d5d@group-62B4F8A0C489->d8d3f8ae-ceeb-4228-b266-44fc60f7c1eb: nextIndex: updateUnconditionally 0 -> 0
2019-11-15 20:27:43,580 [grpc-default-executor-12] WARN  server.GrpcLogAppender (LogUtils.java:warn(134)) - 77a687a8-07fe-464e-b0f2-03532ede599a@group-09BF56990583->b7fbb734-148a-49a6-9cb1-519eb8bdf364-AppendLogResponseHandler: Failed appendEntries: org.apache.ratis.thirdparty.io.grpc.StatusRuntimeException: UNAVAILABLE: io exception
2019-11-15 20:27:43,581 [grpc-default-executor-12] INFO  impl.FollowerInfo (FollowerInfo.java:lambda$new$0(51)) - 77a687a8-07fe-464e-b0f2-03532ede599a@group-09BF56990583->b7fbb734-148a-49a6-9cb1-519eb8bdf364: nextIndex: updateUnconditionally 0 -> 0
2019-11-15 20:27:43,588 [grpc-default-executor-10] WARN  server.GrpcLogAppender (LogUtils.java:warn(134)) - 77a687a8-07fe-464e-b0f2-03532ede599a@group-09BF56990583->0d66e4d5-0fe9-441c-84d0-b1903c285e78-AppendLogResponseHandler: Failed appendEntries: org.apache.ratis.thirdparty.io.grpc.StatusRuntimeException: UNAVAILABLE: io exception
2019-11-15 20:27:43,589 [grpc-default-executor-10] INFO  impl.FollowerInfo (FollowerInfo.java:lambda$new$0(51)) - 77a687a8-07fe-464e-b0f2-03532ede599a@group-09BF56990583->0d66e4d5-0fe9-441c-84d0-b1903c285e78: nextIndex: updateUnconditionally 0 -> 0
2019-11-15 20:27:43,589 [grpc-default-executor-6] WARN  server.GrpcLogAppender (LogUtils.java:warn(134)) - 4e9d79cc-0455-427e-951d-7d9146a76d5d@group-62B4F8A0C489->d8d3f8ae-ceeb-4228-b266-44fc60f7c1eb-AppendLogResponseHandler: Failed appendEntries: org.apache.ratis.thirdparty.io.grpc.StatusRuntimeException: UNAVAILABLE: io exception
2019-11-15 20:27:43,589 [grpc-default-executor-6] INFO  impl.FollowerInfo (FollowerInfo.java:lambda$new$0(51)) - 4e9d79cc-0455-427e-951d-7d9146a76d5d@group-62B4F8A0C489->d8d3f8ae-ceeb-4228-b266-44fc60f7c1eb: nextIndex: updateUnconditionally 0 -> 0
2019-11-15 20:27:43,917 [ForkJoinPool.commonPool-worker-1] INFO  ozoneimpl.OzoneContainer (OzoneContainer.java:stop(244)) - Attempting to stop container services.
2019-11-15 20:27:43,917 [main] INFO  ozoneimpl.OzoneContainer (OzoneContainer.java:stop(244)) - Attempting to stop container services.
2019-11-15 20:27:43,918 [ForkJoinPool.commonPool-worker-1] INFO  impl.RaftServerProxy (RaftServerProxy.java:lambda$close$4(314)) - ecb82392-9efc-4718-8957-302e66d96ccd: close
2019-11-15 20:27:43,918 [main] INFO  impl.RaftServerProxy (RaftServerProxy.java:lambda$close$4(314)) - 6d6ed0d9-a6ea-4ace-a9af-83891056ab32: close
2019-11-15 20:27:43,919 [ForkJoinPool.commonPool-worker-1] INFO  impl.RaftServerImpl (RaftServerImpl.java:lambda$shutdown$3(250)) - ecb82392-9efc-4718-8957-302e66d96ccd@group-321D9595DF86: shutdown
2019-11-15 20:27:43,919 [main] INFO  impl.RaftServerImpl (RaftServerImpl.java:lambda$shutdown$3(250)) - 6d6ed0d9-a6ea-4ace-a9af-83891056ab32@group-321D9595DF86: shutdown
2019-11-15 20:27:43,919 [ForkJoinPool.commonPool-worker-1] INFO  util.JmxRegister (JmxRegister.java:unregister(73)) - Successfully un-registered JMX Bean with object name Ratis:service=RaftServer,group=group-321D9595DF86,id=ecb82392-9efc-4718-8957-302e66d96ccd
2019-11-15 20:27:43,919 [main] INFO  util.JmxRegister (JmxRegister.java:unregister(73)) - Successfully un-registered JMX Bean with object name Ratis:service=RaftServer,group=group-321D9595DF86,id=6d6ed0d9-a6ea-4ace-a9af-83891056ab32
2019-11-15 20:27:43,919 [ForkJoinPool.commonPool-worker-1] INFO  impl.RoleInfo (RoleInfo.java:shutdownFollowerState(121)) - ecb82392-9efc-4718-8957-302e66d96ccd: shutdown FollowerState
2019-11-15 20:27:43,920 [main] INFO  impl.RoleInfo (RoleInfo.java:shutdownLeaderState(104)) - 6d6ed0d9-a6ea-4ace-a9af-83891056ab32: shutdown LeaderState
2019-11-15 20:27:43,920 [Thread-4312] INFO  impl.FollowerState (FollowerState.java:run(120)) - ecb82392-9efc-4718-8957-302e66d96ccd@group-321D9595DF86-FollowerState was interrupted: java.lang.InterruptedException: sleep interrupted
2019-11-15 20:27:43,920 [ForkJoinPool.commonPool-worker-1] INFO  impl.StateMachineUpdater (StateMachineUpdater.java:stopAndJoin(136)) - ecb82392-9efc-4718-8957-302e66d96ccd@group-321D9595DF86-StateMachineUpdater: set stopIndex = 6
2019-11-15 20:27:43,924 [org.apache.ratis.server.impl.LogAppender$AppenderDaemon$$Lambda$425/1230114949@5e7bf7d6] WARN  server.GrpcLogAppender (GrpcLogAppender.java:mayWait(151)) - 6d6ed0d9-a6ea-4ace-a9af-83891056ab32@group-321D9595DF86->c767ecc1-97b1-4b32-a4b7-dad4991a192e-GrpcLogAppender: Wait interrupted by java.lang.InterruptedException
2019-11-15 20:27:43,924 [org.apache.ratis.server.impl.LogAppender$AppenderDaemon$$Lambda$425/1230114949@1b796add] WARN  server.GrpcLogAppender (GrpcLogAppender.java:mayWait(151)) - 6d6ed0d9-a6ea-4ace-a9af-83891056ab32@group-321D9595DF86->ecb82392-9efc-4718-8957-302e66d96ccd-GrpcLogAppender: Wait interrupted by java.lang.InterruptedException
2019-11-15 20:27:43,924 [main] INFO  impl.PendingRequests (PendingRequests.java:sendNotLeaderResponses(206)) - 6d6ed0d9-a6ea-4ace-a9af-83891056ab32@group-321D9595DF86-PendingRequests: sendNotLeaderResponses
2019-11-15 20:27:43,924 [ecb82392-9efc-4718-8957-302e66d96ccd@group-321D9595DF86-StateMachineUpdater] INFO  ratis.ContainerStateMachine (ContainerStateMachine.java:takeSnapshot(285)) - group-321D9595DF86: Taking a snapshot at:(t:3, i:4) file /workdir/hadoop-ozone/integration-test/target/test-dir/MiniOzoneClusterImpl-2baab228-4da8-45e4-8c00-c7e13f1dd389/datanode-3/data/ratis/0708e2f2-ab90-456c-9498-321d9595df86/sm/snapshot.3_4
2019-11-15 20:27:43,926 [grpc-default-executor-6] INFO  server.GrpcServerProtocolService (GrpcServerProtocolService.java:onCompleted(113)) - c767ecc1-97b1-4b32-a4b7-dad4991a192e: Completed APPEND_ENTRIES, lastRequest: 6d6ed0d9-a6ea-4ace-a9af-83891056ab32->c767ecc1-97b1-4b32-a4b7-dad4991a192e#32-t3, previous=(t:3, i:6), leaderCommit=6, initializing? false, entries: <empty>
2019-11-15 20:27:43,926 [grpc-default-executor-10] INFO  server.GrpcServerProtocolService (GrpcServerProtocolService.java:onCompleted(113)) - ecb82392-9efc-4718-8957-302e66d96ccd: Completed APPEND_ENTRIES, lastRequest: 6d6ed0d9-a6ea-4ace-a9af-83891056ab32->ecb82392-9efc-4718-8957-302e66d96ccd#32-t3, previous=(t:3, i:6), leaderCommit=6, initializing? false, entries: <empty>
2019-11-15 20:27:43,930 [6d6ed0d9-a6ea-4ace-a9af-83891056ab32@group-321D9595DF86-StateMachineUpdater] INFO  ratis.ContainerStateMachine (ContainerStateMachine.java:takeSnapshot(285)) - group-321D9595DF86: Taking a snapshot at:(t:3, i:6) file /workdir/hadoop-ozone/integration-test/target/test-dir/MiniOzoneClusterImpl-2baab228-4da8-45e4-8c00-c7e13f1dd389/datanode-6/data/ratis/0708e2f2-ab90-456c-9498-321d9595df86/sm/snapshot.3_6
2019-11-15 20:27:43,930 [grpc-default-executor-6] INFO  server.GrpcLogAppender (GrpcLogAppender.java:onCompleted(308)) - 6d6ed0d9-a6ea-4ace-a9af-83891056ab32@group-321D9595DF86->ecb82392-9efc-4718-8957-302e66d96ccd-AppendLogResponseHandler: follower responses appendEntries COMPLETED
2019-11-15 20:27:43,930 [grpc-default-executor-12] INFO  server.GrpcLogAppender (GrpcLogAppender.java:onCompleted(308)) - 6d6ed0d9-a6ea-4ace-a9af-83891056ab32@group-321D9595DF86->c767ecc1-97b1-4b32-a4b7-dad4991a192e-AppendLogResponseHandler: follower responses appendEntries COMPLETED
2019-11-15 20:27:43,930 [main] INFO  impl.StateMachineUpdater (StateMachineUpdater.java:stopAndJoin(136)) - 6d6ed0d9-a6ea-4ace-a9af-83891056ab32@group-321D9595DF86-StateMachineUpdater: set stopIndex = 6
2019-11-15 20:27:43,931 [grpc-default-executor-6] INFO  impl.FollowerInfo (FollowerInfo.java:lambda$new$0(51)) - 6d6ed0d9-a6ea-4ace-a9af-83891056ab32@group-321D9595DF86->ecb82392-9efc-4718-8957-302e66d96ccd: nextIndex: updateUnconditionally 7 -> 6
2019-11-15 20:27:43,931 [grpc-default-executor-12] INFO  impl.FollowerInfo (FollowerInfo.java:lambda$new$0(51)) - 6d6ed0d9-a6ea-4ace-a9af-83891056ab32@group-321D9595DF86->c767ecc1-97b1-4b32-a4b7-dad4991a192e: nextIndex: updateUnconditionally 7 -> 6
2019-11-15 20:27:43,990 [ecb82392-9efc-4718-8957-302e66d96ccd@group-321D9595DF86-StateMachineUpdater] INFO  ratis.ContainerStateMachine (ContainerStateMachine.java:takeSnapshot(296)) - group-321D9595DF86: Finished taking a snapshot at:(t:3, i:4) file:/workdir/hadoop-ozone/integration-test/target/test-dir/MiniOzoneClusterImpl-2baab228-4da8-45e4-8c00-c7e13f1dd389/datanode-3/data/ratis/0708e2f2-ab90-456c-9498-321d9595df86/sm/snapshot.3_4 time:69
2019-11-15 20:27:43,990 [6d6ed0d9-a6ea-4ace-a9af-83891056ab32@group-321D9595DF86-StateMachineUpdater] INFO  ratis.ContainerStateMachine (ContainerStateMachine.java:takeSnapshot(296)) - group-321D9595DF86: Finished taking a snapshot at:(t:3, i:6) file:/workdir/hadoop-ozone/integration-test/target/test-dir/MiniOzoneClusterImpl-2baab228-4da8-45e4-8c00-c7e13f1dd389/datanode-6/data/ratis/0708e2f2-ab90-456c-9498-321d9595df86/sm/snapshot.3_6 time:60
2019-11-15 20:27:43,990 [ecb82392-9efc-4718-8957-302e66d96ccd@group-321D9595DF86-StateMachineUpdater] INFO  impl.StateMachineUpdater (StateMachineUpdater.java:takeSnapshot(269)) - ecb82392-9efc-4718-8957-302e66d96ccd@group-321D9595DF86-StateMachineUpdater: Took a snapshot at index 4
2019-11-15 20:27:43,990 [6d6ed0d9-a6ea-4ace-a9af-83891056ab32@group-321D9595DF86-StateMachineUpdater] INFO  impl.StateMachineUpdater (StateMachineUpdater.java:takeSnapshot(269)) - 6d6ed0d9-a6ea-4ace-a9af-83891056ab32@group-321D9595DF86-StateMachineUpdater: Took a snapshot at index 6
2019-11-15 20:27:43,990 [ecb82392-9efc-4718-8957-302e66d96ccd@group-321D9595DF86-StateMachineUpdater] INFO  impl.StateMachineUpdater (StateMachineUpdater.java:lambda$new$0(84)) - ecb82392-9efc-4718-8957-302e66d96ccd@group-321D9595DF86-StateMachineUpdater: snapshotIndex: updateIncreasingly -1 -> 4
2019-11-15 20:27:43,990 [6d6ed0d9-a6ea-4ace-a9af-83891056ab32@group-321D9595DF86-StateMachineUpdater] INFO  impl.StateMachineUpdater (StateMachineUpdater.java:lambda$new$0(84)) - 6d6ed0d9-a6ea-4ace-a9af-83891056ab32@group-321D9595DF86-StateMachineUpdater: snapshotIndex: updateIncreasingly -1 -> 6
2019-11-15 20:27:43,991 [ecb82392-9efc-4718-8957-302e66d96ccd@group-321D9595DF86-StateMachineUpdater] INFO  ratis.ContainerStateMachine (ContainerStateMachine.java:takeSnapshot(285)) - group-321D9595DF86: Taking a snapshot at:(t:3, i:4) file /workdir/hadoop-ozone/integration-test/target/test-dir/MiniOzoneClusterImpl-2baab228-4da8-45e4-8c00-c7e13f1dd389/datanode-3/data/ratis/0708e2f2-ab90-456c-9498-321d9595df86/sm/snapshot.3_4
2019-11-15 20:27:43,991 [main] INFO  impl.RaftServerImpl (ServerState.java:close(387)) - 6d6ed0d9-a6ea-4ace-a9af-83891056ab32@group-321D9595DF86: closes. applyIndex: 6
2019-11-15 20:27:43,992 [6d6ed0d9-a6ea-4ace-a9af-83891056ab32@group-321D9595DF86-SegmentedRaftLogWorker] INFO  segmented.SegmentedRaftLogWorker (SegmentedRaftLogWorker.java:run(316)) - 6d6ed0d9-a6ea-4ace-a9af-83891056ab32@group-321D9595DF86-SegmentedRaftLogWorker was interrupted, exiting. There are 0 tasks remaining in the queue.
2019-11-15 20:27:43,992 [main] INFO  segmented.SegmentedRaftLogWorker (SegmentedRaftLogWorker.java:close(224)) - 6d6ed0d9-a6ea-4ace-a9af-83891056ab32@group-321D9595DF86-SegmentedRaftLogWorker close()
2019-11-15 20:27:43,993 [main] INFO  impl.RaftServerImpl (RaftServerImpl.java:lambda$shutdown$3(250)) - 6d6ed0d9-a6ea-4ace-a9af-83891056ab32@group-5683BA28C057: shutdown
2019-11-15 20:27:43,993 [main] INFO  util.JmxRegister (JmxRegister.java:unregister(73)) - Successfully un-registered JMX Bean with object name Ratis:service=RaftServer,group=group-5683BA28C057,id=6d6ed0d9-a6ea-4ace-a9af-83891056ab32
2019-11-15 20:27:43,993 [main] INFO  impl.RoleInfo (RoleInfo.java:shutdownLeaderState(104)) - 6d6ed0d9-a6ea-4ace-a9af-83891056ab32: shutdown LeaderState
2019-11-15 20:27:43,994 [main] INFO  impl.PendingRequests (PendingRequests.java:sendNotLeaderResponses(206)) - 6d6ed0d9-a6ea-4ace-a9af-83891056ab32@group-5683BA28C057-PendingRequests: sendNotLeaderResponses
2019-11-15 20:27:43,994 [main] INFO  impl.StateMachineUpdater (StateMachineUpdater.java:stopAndJoin(136)) - 6d6ed0d9-a6ea-4ace-a9af-83891056ab32@group-5683BA28C057-StateMachineUpdater: set stopIndex = 0
2019-11-15 20:27:43,995 [main] INFO  impl.RaftServerImpl (ServerState.java:close(387)) - 6d6ed0d9-a6ea-4ace-a9af-83891056ab32@group-5683BA28C057: closes. applyIndex: 0
2019-11-15 20:27:43,995 [6d6ed0d9-a6ea-4ace-a9af-83891056ab32@group-5683BA28C057-SegmentedRaftLogWorker] INFO  segmented.SegmentedRaftLogWorker (SegmentedRaftLogWorker.java:run(316)) - 6d6ed0d9-a6ea-4ace-a9af-83891056ab32@group-5683BA28C057-SegmentedRaftLogWorker was interrupted, exiting. There are 0 tasks remaining in the queue.
2019-11-15 20:27:43,996 [main] INFO  segmented.SegmentedRaftLogWorker (SegmentedRaftLogWorker.java:close(224)) - 6d6ed0d9-a6ea-4ace-a9af-83891056ab32@group-5683BA28C057-SegmentedRaftLogWorker close()
2019-11-15 20:27:43,996 [main] INFO  server.GrpcService (GrpcService.java:closeImpl(164)) - 6d6ed0d9-a6ea-4ace-a9af-83891056ab32: shutdown server with port 37473 now
2019-11-15 20:27:43,997 [main] INFO  server.GrpcService (GrpcService.java:closeImpl(172)) - 6d6ed0d9-a6ea-4ace-a9af-83891056ab32: shutdown server with port 37473 successfully
2019-11-15 20:27:44,018 [refreshUsed-/workdir/hadoop-ozone/integration-test/target/test-dir/MiniOzoneClusterImpl-2baab228-4da8-45e4-8c00-c7e13f1dd389/datanode-6/data/containers] WARN  fs.CachingGetSpaceUsed (CachingGetSpaceUsed.java:run(183)) - Thread Interrupted waiting to refresh disk information: sleep interrupted
2019-11-15 20:27:44,026 [ecb82392-9efc-4718-8957-302e66d96ccd@group-321D9595DF86-StateMachineUpdater] INFO  ratis.ContainerStateMachine (ContainerStateMachine.java:takeSnapshot(296)) - group-321D9595DF86: Finished taking a snapshot at:(t:3, i:4) file:/workdir/hadoop-ozone/integration-test/target/test-dir/MiniOzoneClusterImpl-2baab228-4da8-45e4-8c00-c7e13f1dd389/datanode-3/data/ratis/0708e2f2-ab90-456c-9498-321d9595df86/sm/snapshot.3_4 time:35
2019-11-15 20:27:44,027 [ecb82392-9efc-4718-8957-302e66d96ccd@group-321D9595DF86-StateMachineUpdater] INFO  impl.StateMachineUpdater (StateMachineUpdater.java:takeSnapshot(269)) - ecb82392-9efc-4718-8957-302e66d96ccd@group-321D9595DF86-StateMachineUpdater: Took a snapshot at index 4
2019-11-15 20:27:44,027 [ecb82392-9efc-4718-8957-302e66d96ccd@group-321D9595DF86-StateMachineUpdater] INFO  impl.StateMachineUpdater (StateMachineUpdater.java:lambda$new$0(84)) - ecb82392-9efc-4718-8957-302e66d96ccd@group-321D9595DF86-StateMachineUpdater: snapshotIndex: updateIncreasingly 4 -> 4
2019-11-15 20:27:44,027 [ForkJoinPool.commonPool-worker-1] INFO  impl.RaftServerImpl (ServerState.java:close(387)) - ecb82392-9efc-4718-8957-302e66d96ccd@group-321D9595DF86: closes. applyIndex: 6
2019-11-15 20:27:44,027 [ecb82392-9efc-4718-8957-302e66d96ccd@group-321D9595DF86-SegmentedRaftLogWorker] INFO  segmented.SegmentedRaftLogWorker (SegmentedRaftLogWorker.java:run(316)) - ecb82392-9efc-4718-8957-302e66d96ccd@group-321D9595DF86-SegmentedRaftLogWorker was interrupted, exiting. There are 0 tasks remaining in the queue.
2019-11-15 20:27:44,028 [ForkJoinPool.commonPool-worker-1] INFO  segmented.SegmentedRaftLogWorker (SegmentedRaftLogWorker.java:close(224)) - ecb82392-9efc-4718-8957-302e66d96ccd@group-321D9595DF86-SegmentedRaftLogWorker close()
2019-11-15 20:27:44,028 [ForkJoinPool.commonPool-worker-1] INFO  impl.RaftServerImpl (RaftServerImpl.java:lambda$shutdown$3(250)) - ecb82392-9efc-4718-8957-302e66d96ccd@group-3AD9CDE2FAB6: shutdown
2019-11-15 20:27:44,028 [ForkJoinPool.commonPool-worker-1] INFO  util.JmxRegister (JmxRegister.java:unregister(73)) - Successfully un-registered JMX Bean with object name Ratis:service=RaftServer,group=group-3AD9CDE2FAB6,id=ecb82392-9efc-4718-8957-302e66d96ccd
2019-11-15 20:27:44,028 [ForkJoinPool.commonPool-worker-1] INFO  impl.RoleInfo (RoleInfo.java:shutdownLeaderState(104)) - ecb82392-9efc-4718-8957-302e66d96ccd: shutdown LeaderState
2019-11-15 20:27:44,028 [ForkJoinPool.commonPool-worker-1] INFO  impl.PendingRequests (PendingRequests.java:sendNotLeaderResponses(206)) - ecb82392-9efc-4718-8957-302e66d96ccd@group-3AD9CDE2FAB6-PendingRequests: sendNotLeaderResponses
2019-11-15 20:27:44,029 [ForkJoinPool.commonPool-worker-1] INFO  impl.StateMachineUpdater (StateMachineUpdater.java:stopAndJoin(136)) - ecb82392-9efc-4718-8957-302e66d96ccd@group-3AD9CDE2FAB6-StateMachineUpdater: set stopIndex = 0
2019-11-15 20:27:44,029 [ForkJoinPool.commonPool-worker-1] INFO  impl.RaftServerImpl (ServerState.java:close(387)) - ecb82392-9efc-4718-8957-302e66d96ccd@group-3AD9CDE2FAB6: closes. applyIndex: 0
2019-11-15 20:27:44,029 [ecb82392-9efc-4718-8957-302e66d96ccd@group-3AD9CDE2FAB6-SegmentedRaftLogWorker] INFO  segmented.SegmentedRaftLogWorker (SegmentedRaftLogWorker.java:run(316)) - ecb82392-9efc-4718-8957-302e66d96ccd@group-3AD9CDE2FAB6-SegmentedRaftLogWorker was interrupted, exiting. There are 0 tasks remaining in the queue.
2019-11-15 20:27:44,029 [ForkJoinPool.commonPool-worker-1] INFO  segmented.SegmentedRaftLogWorker (SegmentedRaftLogWorker.java:close(224)) - ecb82392-9efc-4718-8957-302e66d96ccd@group-3AD9CDE2FAB6-SegmentedRaftLogWorker close()
2019-11-15 20:27:44,030 [ForkJoinPool.commonPool-worker-1] INFO  server.GrpcService (GrpcService.java:closeImpl(164)) - ecb82392-9efc-4718-8957-302e66d96ccd: shutdown server with port 35685 now
2019-11-15 20:27:44,030 [ForkJoinPool.commonPool-worker-1] INFO  server.GrpcService (GrpcService.java:closeImpl(172)) - ecb82392-9efc-4718-8957-302e66d96ccd: shutdown server with port 35685 successfully
2019-11-15 20:27:44,031 [refreshUsed-/workdir/hadoop-ozone/integration-test/target/test-dir/MiniOzoneClusterImpl-2baab228-4da8-45e4-8c00-c7e13f1dd389/datanode-3/data/containers] WARN  fs.CachingGetSpaceUsed (CachingGetSpaceUsed.java:run(183)) - Thread Interrupted waiting to refresh disk information: sleep interrupted
2019-11-15 20:27:44,034 [main] INFO  utils.BackgroundService (BackgroundService.java:shutdown(151)) - Shutting down service BlockDeletingService
2019-11-15 20:27:44,038 [main] INFO  statemachine.DatanodeStateMachine (DatanodeStateMachine.java:stopDaemon(400)) - Ozone container server stopped.
2019-11-15 20:27:44,040 [main] INFO  handler.ContextHandler (ContextHandler.java:doStop(910)) - Stopped o.e.j.w.WebAppContext@66451058{/,null,UNAVAILABLE}{/hddsDatanode}
2019-11-15 20:27:44,042 [main] INFO  server.AbstractConnector (AbstractConnector.java:doStop(318)) - Stopped ServerConnector@3db6dd52{HTTP/1.1,[http/1.1]}{0.0.0.0:0}
2019-11-15 20:27:44,042 [main] INFO  handler.ContextHandler (ContextHandler.java:doStop(910)) - Stopped o.e.j.s.ServletContextHandler@1ec88aa1{/static,jar:file:/home/user/.m2/repository/org/apache/hadoop/hadoop-hdds-container-service/0.5.0-SNAPSHOT/hadoop-hdds-container-service-0.5.0-SNAPSHOT.jar!/webapps/static,UNAVAILABLE}
2019-11-15 20:27:44,043 [main] INFO  handler.ContextHandler (ContextHandler.java:doStop(910)) - Stopped o.e.j.s.ServletContextHandler@5f193335{/logs,file:///workdir/hadoop-ozone/integration-test/target/log,UNAVAILABLE}
2019-11-15 20:27:44,047 [ForkJoinPool.commonPool-worker-1] INFO  utils.BackgroundService (BackgroundService.java:shutdown(151)) - Shutting down service BlockDeletingService
2019-11-15 20:27:44,050 [ForkJoinPool.commonPool-worker-1] INFO  statemachine.DatanodeStateMachine (DatanodeStateMachine.java:stopDaemon(400)) - Ozone container server stopped.
2019-11-15 20:27:44,056 [ForkJoinPool.commonPool-worker-1] INFO  handler.ContextHandler (ContextHandler.java:doStop(910)) - Stopped o.e.j.w.WebAppContext@150fc7a7{/,null,UNAVAILABLE}{/hddsDatanode}
2019-11-15 20:27:44,056 [ForkJoinPool.commonPool-worker-1] INFO  server.AbstractConnector (AbstractConnector.java:doStop(318)) - Stopped ServerConnector@55d8c2c4{HTTP/1.1,[http/1.1]}{0.0.0.0:0}
2019-11-15 20:27:44,058 [ForkJoinPool.commonPool-worker-1] INFO  handler.ContextHandler (ContextHandler.java:doStop(910)) - Stopped o.e.j.s.ServletContextHandler@9690008{/static,jar:file:/home/user/.m2/repository/org/apache/hadoop/hadoop-hdds-container-service/0.5.0-SNAPSHOT/hadoop-hdds-container-service-0.5.0-SNAPSHOT.jar!/webapps/static,UNAVAILABLE}
2019-11-15 20:27:44,060 [ForkJoinPool.commonPool-worker-1] INFO  handler.ContextHandler (ContextHandler.java:doStop(910)) - Stopped o.e.j.s.ServletContextHandler@2d22d3b1{/logs,file:///workdir/hadoop-ozone/integration-test/target/log,UNAVAILABLE}
2019-11-15 20:27:44,080 [grpc-default-executor-6] WARN  server.GrpcLogAppender (LogUtils.java:warn(134)) - 77a687a8-07fe-464e-b0f2-03532ede599a@group-09BF56990583->b7fbb734-148a-49a6-9cb1-519eb8bdf364-AppendLogResponseHandler: Failed appendEntries: org.apache.ratis.thirdparty.io.grpc.StatusRuntimeException: UNAVAILABLE: io exception
2019-11-15 20:27:44,080 [grpc-default-executor-6] INFO  impl.FollowerInfo (FollowerInfo.java:lambda$new$0(51)) - 77a687a8-07fe-464e-b0f2-03532ede599a@group-09BF56990583->b7fbb734-148a-49a6-9cb1-519eb8bdf364: nextIndex: updateUnconditionally 0 -> 0
2019-11-15 20:27:44,089 [grpc-default-executor-10] WARN  server.GrpcLogAppender (LogUtils.java:warn(134)) - 77a687a8-07fe-464e-b0f2-03532ede599a@group-09BF56990583->0d66e4d5-0fe9-441c-84d0-b1903c285e78-AppendLogResponseHandler: Failed appendEntries: org.apache.ratis.thirdparty.io.grpc.StatusRuntimeException: UNAVAILABLE: io exception
2019-11-15 20:27:44,089 [grpc-default-executor-10] INFO  impl.FollowerInfo (FollowerInfo.java:lambda$new$0(51)) - 77a687a8-07fe-464e-b0f2-03532ede599a@group-09BF56990583->0d66e4d5-0fe9-441c-84d0-b1903c285e78: nextIndex: updateUnconditionally 0 -> 0
2019-11-15 20:27:44,089 [grpc-default-executor-6] WARN  server.GrpcLogAppender (LogUtils.java:warn(134)) - 4e9d79cc-0455-427e-951d-7d9146a76d5d@group-62B4F8A0C489->d8d3f8ae-ceeb-4228-b266-44fc60f7c1eb-AppendLogResponseHandler: Failed appendEntries: org.apache.ratis.thirdparty.io.grpc.StatusRuntimeException: UNAVAILABLE: io exception
2019-11-15 20:27:44,089 [grpc-default-executor-6] INFO  impl.FollowerInfo (FollowerInfo.java:lambda$new$0(51)) - 4e9d79cc-0455-427e-951d-7d9146a76d5d@group-62B4F8A0C489->d8d3f8ae-ceeb-4228-b266-44fc60f7c1eb: nextIndex: updateUnconditionally 0 -> 0
2019-11-15 20:27:44,441 [Datanode State Machine Thread - 0] INFO  statemachine.DatanodeStateMachine (DatanodeStateMachine.java:lambda$startDaemon$0(355)) - Ozone container server started.
2019-11-15 20:27:44,581 [grpc-default-executor-6] WARN  server.GrpcLogAppender (LogUtils.java:warn(134)) - 77a687a8-07fe-464e-b0f2-03532ede599a@group-09BF56990583->b7fbb734-148a-49a6-9cb1-519eb8bdf364-AppendLogResponseHandler: Failed appendEntries: org.apache.ratis.thirdparty.io.grpc.StatusRuntimeException: UNAVAILABLE: io exception
2019-11-15 20:27:44,581 [grpc-default-executor-6] INFO  impl.FollowerInfo (FollowerInfo.java:lambda$new$0(51)) - 77a687a8-07fe-464e-b0f2-03532ede599a@group-09BF56990583->b7fbb734-148a-49a6-9cb1-519eb8bdf364: nextIndex: updateUnconditionally 0 -> 0
2019-11-15 20:27:44,589 [grpc-default-executor-12] WARN  server.GrpcLogAppender (LogUtils.java:warn(134)) - 77a687a8-07fe-464e-b0f2-03532ede599a@group-09BF56990583->0d66e4d5-0fe9-441c-84d0-b1903c285e78-AppendLogResponseHandler: Failed appendEntries: org.apache.ratis.thirdparty.io.grpc.StatusRuntimeException: UNAVAILABLE: io exception
2019-11-15 20:27:44,589 [grpc-default-executor-12] INFO  impl.FollowerInfo (FollowerInfo.java:lambda$new$0(51)) - 77a687a8-07fe-464e-b0f2-03532ede599a@group-09BF56990583->0d66e4d5-0fe9-441c-84d0-b1903c285e78: nextIndex: updateUnconditionally 0 -> 0
2019-11-15 20:27:44,589 [grpc-default-executor-9] WARN  server.GrpcLogAppender (LogUtils.java:warn(134)) - 4e9d79cc-0455-427e-951d-7d9146a76d5d@group-62B4F8A0C489->d8d3f8ae-ceeb-4228-b266-44fc60f7c1eb-AppendLogResponseHandler: Failed appendEntries: org.apache.ratis.thirdparty.io.grpc.StatusRuntimeException: UNAVAILABLE: io exception
2019-11-15 20:27:44,590 [grpc-default-executor-9] INFO  impl.FollowerInfo (FollowerInfo.java:lambda$new$0(51)) - 4e9d79cc-0455-427e-951d-7d9146a76d5d@group-62B4F8A0C489->d8d3f8ae-ceeb-4228-b266-44fc60f7c1eb: nextIndex: updateUnconditionally 0 -> 0
2019-11-15 20:27:44,962 [Datanode State Machine Thread - 0] INFO  statemachine.DatanodeStateMachine (DatanodeStateMachine.java:lambda$startDaemon$0(355)) - Ozone container server started.
2019-11-15 20:27:45,081 [grpc-default-executor-10] WARN  server.GrpcLogAppender (LogUtils.java:warn(134)) - 77a687a8-07fe-464e-b0f2-03532ede599a@group-09BF56990583->b7fbb734-148a-49a6-9cb1-519eb8bdf364-AppendLogResponseHandler: Failed appendEntries: org.apache.ratis.thirdparty.io.grpc.StatusRuntimeException: UNAVAILABLE: io exception
2019-11-15 20:27:45,081 [grpc-default-executor-10] INFO  impl.FollowerInfo (FollowerInfo.java:lambda$new$0(51)) - 77a687a8-07fe-464e-b0f2-03532ede599a@group-09BF56990583->b7fbb734-148a-49a6-9cb1-519eb8bdf364: nextIndex: updateUnconditionally 0 -> 0
2019-11-15 20:27:45,090 [grpc-default-executor-10] WARN  server.GrpcLogAppender (LogUtils.java:warn(134)) - 4e9d79cc-0455-427e-951d-7d9146a76d5d@group-62B4F8A0C489->d8d3f8ae-ceeb-4228-b266-44fc60f7c1eb-AppendLogResponseHandler: Failed appendEntries: org.apache.ratis.thirdparty.io.grpc.StatusRuntimeException: UNAVAILABLE: io exception
2019-11-15 20:27:45,090 [grpc-default-executor-9] WARN  server.GrpcLogAppender (LogUtils.java:warn(134)) - 77a687a8-07fe-464e-b0f2-03532ede599a@group-09BF56990583->0d66e4d5-0fe9-441c-84d0-b1903c285e78-AppendLogResponseHandler: Failed appendEntries: org.apache.ratis.thirdparty.io.grpc.StatusRuntimeException: UNAVAILABLE: io exception
2019-11-15 20:27:45,090 [grpc-default-executor-10] INFO  impl.FollowerInfo (FollowerInfo.java:lambda$new$0(51)) - 4e9d79cc-0455-427e-951d-7d9146a76d5d@group-62B4F8A0C489->d8d3f8ae-ceeb-4228-b266-44fc60f7c1eb: nextIndex: updateUnconditionally 0 -> 0
2019-11-15 20:27:45,090 [grpc-default-executor-9] INFO  impl.FollowerInfo (FollowerInfo.java:lambda$new$0(51)) - 77a687a8-07fe-464e-b0f2-03532ede599a@group-09BF56990583->0d66e4d5-0fe9-441c-84d0-b1903c285e78: nextIndex: updateUnconditionally 0 -> 0
2019-11-15 20:27:45,581 [grpc-default-executor-9] WARN  server.GrpcLogAppender (LogUtils.java:warn(134)) - 77a687a8-07fe-464e-b0f2-03532ede599a@group-09BF56990583->b7fbb734-148a-49a6-9cb1-519eb8bdf364-AppendLogResponseHandler: Failed appendEntries: org.apache.ratis.thirdparty.io.grpc.StatusRuntimeException: UNAVAILABLE: io exception
2019-11-15 20:27:45,582 [grpc-default-executor-9] INFO  impl.FollowerInfo (FollowerInfo.java:lambda$new$0(51)) - 77a687a8-07fe-464e-b0f2-03532ede599a@group-09BF56990583->b7fbb734-148a-49a6-9cb1-519eb8bdf364: nextIndex: updateUnconditionally 0 -> 0
2019-11-15 20:27:45,590 [grpc-default-executor-12] WARN  server.GrpcLogAppender (LogUtils.java:warn(134)) - 77a687a8-07fe-464e-b0f2-03532ede599a@group-09BF56990583->0d66e4d5-0fe9-441c-84d0-b1903c285e78-AppendLogResponseHandler: Failed appendEntries: org.apache.ratis.thirdparty.io.grpc.StatusRuntimeException: UNAVAILABLE: io exception
2019-11-15 20:27:45,590 [grpc-default-executor-10] WARN  server.GrpcLogAppender (LogUtils.java:warn(134)) - 4e9d79cc-0455-427e-951d-7d9146a76d5d@group-62B4F8A0C489->d8d3f8ae-ceeb-4228-b266-44fc60f7c1eb-AppendLogResponseHandler: Failed appendEntries: org.apache.ratis.thirdparty.io.grpc.StatusRuntimeException: UNAVAILABLE: io exception
2019-11-15 20:27:45,590 [grpc-default-executor-12] INFO  impl.FollowerInfo (FollowerInfo.java:lambda$new$0(51)) - 77a687a8-07fe-464e-b0f2-03532ede599a@group-09BF56990583->0d66e4d5-0fe9-441c-84d0-b1903c285e78: nextIndex: updateUnconditionally 0 -> 0
2019-11-15 20:27:45,590 [grpc-default-executor-10] INFO  impl.FollowerInfo (FollowerInfo.java:lambda$new$0(51)) - 4e9d79cc-0455-427e-951d-7d9146a76d5d@group-62B4F8A0C489->d8d3f8ae-ceeb-4228-b266-44fc60f7c1eb: nextIndex: updateUnconditionally 0 -> 0
2019-11-15 20:27:45,634 [Thread-4313] INFO  impl.FollowerState (FollowerState.java:run(111)) - c767ecc1-97b1-4b32-a4b7-dad4991a192e@group-321D9595DF86-FollowerState: change to CANDIDATE, lastRpcTime:2122ms, electionTimeout:1030ms
2019-11-15 20:27:45,634 [Thread-4313] INFO  impl.RoleInfo (RoleInfo.java:shutdownFollowerState(121)) - c767ecc1-97b1-4b32-a4b7-dad4991a192e: shutdown FollowerState
2019-11-15 20:27:45,634 [Thread-4313] INFO  impl.RaftServerImpl (RaftServerImpl.java:setRole(173)) - c767ecc1-97b1-4b32-a4b7-dad4991a192e@group-321D9595DF86: changes role from  FOLLOWER to CANDIDATE at term 3 for changeToCandidate
2019-11-15 20:27:45,634 [Thread-4313] INFO  impl.RoleInfo (RoleInfo.java:updateAndGet(143)) - c767ecc1-97b1-4b32-a4b7-dad4991a192e: start LeaderElection
2019-11-15 20:27:45,635 [c767ecc1-97b1-4b32-a4b7-dad4991a192e@group-321D9595DF86-LeaderElection194] INFO  impl.RaftServerImpl (ServerState.java:setLeader(255)) - c767ecc1-97b1-4b32-a4b7-dad4991a192e@group-321D9595DF86: change Leader from 6d6ed0d9-a6ea-4ace-a9af-83891056ab32 to null at term 3 for initElection
2019-11-15 20:27:45,654 [c767ecc1-97b1-4b32-a4b7-dad4991a192e@group-321D9595DF86-LeaderElection194] INFO  impl.LeaderElection (LeaderElection.java:askForVotes(178)) - c767ecc1-97b1-4b32-a4b7-dad4991a192e@group-321D9595DF86-LeaderElection194: begin an election at term 4 for 0: [ecb82392-9efc-4718-8957-302e66d96ccd:192.168.157.201:35685, 6d6ed0d9-a6ea-4ace-a9af-83891056ab32:192.168.157.201:37473, c767ecc1-97b1-4b32-a4b7-dad4991a192e:192.168.157.201:43389], old=null
2019-11-15 20:27:45,656 [c767ecc1-97b1-4b32-a4b7-dad4991a192e@group-321D9595DF86-LeaderElection194] INFO  impl.LeaderElection (LogUtils.java:infoOrTrace(149)) - c767ecc1-97b1-4b32-a4b7-dad4991a192e@group-321D9595DF86-LeaderElection194 got exception when requesting votes: {}
java.util.concurrent.ExecutionException: org.apache.ratis.thirdparty.io.grpc.StatusRuntimeException: UNAVAILABLE: io exception
	at java.util.concurrent.FutureTask.report(FutureTask.java:122)
	at java.util.concurrent.FutureTask.get(FutureTask.java:192)
	at org.apache.ratis.server.impl.LeaderElection.waitForResults(LeaderElection.java:259)
	at org.apache.ratis.server.impl.LeaderElection.askForVotes(LeaderElection.java:197)
	at org.apache.ratis.server.impl.LeaderElection.run(LeaderElection.java:133)
	at java.lang.Thread.run(Thread.java:748)
Caused by: org.apache.ratis.thirdparty.io.grpc.StatusRuntimeException: UNAVAILABLE: io exception
	at org.apache.ratis.thirdparty.io.grpc.stub.ClientCalls.toStatusRuntimeException(ClientCalls.java:233)
	at org.apache.ratis.thirdparty.io.grpc.stub.ClientCalls.getUnchecked(ClientCalls.java:214)
	at org.apache.ratis.thirdparty.io.grpc.stub.ClientCalls.blockingUnaryCall(ClientCalls.java:139)
	at org.apache.ratis.proto.grpc.RaftServerProtocolServiceGrpc$RaftServerProtocolServiceBlockingStub.requestVote(RaftServerProtocolServiceGrpc.java:265)
	at org.apache.ratis.grpc.server.GrpcServerProtocolClient.requestVote(GrpcServerProtocolClient.java:99)
	at org.apache.ratis.grpc.server.GrpcService.requestVote(GrpcService.java:204)
	at org.apache.ratis.server.impl.LeaderElection.lambda$submitRequests$1(LeaderElection.java:234)
	at java.util.concurrent.FutureTask.run(FutureTask.java:266)
	at java.util.concurrent.Executors$RunnableAdapter.call(Executors.java:511)
	at java.util.concurrent.FutureTask.run(FutureTask.java:266)
	at java.util.concurrent.ThreadPoolExecutor.runWorker(ThreadPoolExecutor.java:1149)
	at java.util.concurrent.ThreadPoolExecutor$Worker.run(ThreadPoolExecutor.java:624)
	... 1 more
Caused by: org.apache.ratis.thirdparty.io.netty.channel.AbstractChannel$AnnotatedConnectException: Connection refused: /192.168.157.201:35685
	at sun.nio.ch.SocketChannelImpl.checkConnect(Native Method)
	at sun.nio.ch.SocketChannelImpl.finishConnect(SocketChannelImpl.java:717)
	at org.apache.ratis.thirdparty.io.netty.channel.socket.nio.NioSocketChannel.doFinishConnect(NioSocketChannel.java:327)
	at org.apache.ratis.thirdparty.io.netty.channel.nio.AbstractNioChannel$AbstractNioUnsafe.finishConnect(AbstractNioChannel.java:340)
	at org.apache.ratis.thirdparty.io.netty.channel.nio.NioEventLoop.processSelectedKey(NioEventLoop.java:632)
	at org.apache.ratis.thirdparty.io.netty.channel.nio.NioEventLoop.processSelectedKeysOptimized(NioEventLoop.java:579)
	at org.apache.ratis.thirdparty.io.netty.channel.nio.NioEventLoop.processSelectedKeys(NioEventLoop.java:496)
	at org.apache.ratis.thirdparty.io.netty.channel.nio.NioEventLoop.run(NioEventLoop.java:458)
	at org.apache.ratis.thirdparty.io.netty.util.concurrent.SingleThreadEventExecutor$5.run(SingleThreadEventExecutor.java:897)
	at org.apache.ratis.thirdparty.io.netty.util.concurrent.FastThreadLocalRunnable.run(FastThreadLocalRunnable.java:30)
	... 1 more
Caused by: java.net.ConnectException: Connection refused
	... 11 more
2019-11-15 20:27:45,656 [c767ecc1-97b1-4b32-a4b7-dad4991a192e@group-321D9595DF86-LeaderElection194] INFO  impl.LeaderElection (LogUtils.java:infoOrTrace(149)) - c767ecc1-97b1-4b32-a4b7-dad4991a192e@group-321D9595DF86-LeaderElection194 got exception when requesting votes: {}
java.util.concurrent.ExecutionException: org.apache.ratis.thirdparty.io.grpc.StatusRuntimeException: UNAVAILABLE: io exception
	at java.util.concurrent.FutureTask.report(FutureTask.java:122)
	at java.util.concurrent.FutureTask.get(FutureTask.java:192)
	at org.apache.ratis.server.impl.LeaderElection.waitForResults(LeaderElection.java:259)
	at org.apache.ratis.server.impl.LeaderElection.askForVotes(LeaderElection.java:197)
	at org.apache.ratis.server.impl.LeaderElection.run(LeaderElection.java:133)
	at java.lang.Thread.run(Thread.java:748)
Caused by: org.apache.ratis.thirdparty.io.grpc.StatusRuntimeException: UNAVAILABLE: io exception
	at org.apache.ratis.thirdparty.io.grpc.stub.ClientCalls.toStatusRuntimeException(ClientCalls.java:233)
	at org.apache.ratis.thirdparty.io.grpc.stub.ClientCalls.getUnchecked(ClientCalls.java:214)
	at org.apache.ratis.thirdparty.io.grpc.stub.ClientCalls.blockingUnaryCall(ClientCalls.java:139)
	at org.apache.ratis.proto.grpc.RaftServerProtocolServiceGrpc$RaftServerProtocolServiceBlockingStub.requestVote(RaftServerProtocolServiceGrpc.java:265)
	at org.apache.ratis.grpc.server.GrpcServerProtocolClient.requestVote(GrpcServerProtocolClient.java:99)
	at org.apache.ratis.grpc.server.GrpcService.requestVote(GrpcService.java:204)
	at org.apache.ratis.server.impl.LeaderElection.lambda$submitRequests$1(LeaderElection.java:234)
	at java.util.concurrent.FutureTask.run(FutureTask.java:266)
	at java.util.concurrent.Executors$RunnableAdapter.call(Executors.java:511)
	at java.util.concurrent.FutureTask.run(FutureTask.java:266)
	at java.util.concurrent.ThreadPoolExecutor.runWorker(ThreadPoolExecutor.java:1149)
	at java.util.concurrent.ThreadPoolExecutor$Worker.run(ThreadPoolExecutor.java:624)
	... 1 more
Caused by: org.apache.ratis.thirdparty.io.netty.channel.AbstractChannel$AnnotatedConnectException: Connection refused: /192.168.157.201:37473
	at sun.nio.ch.SocketChannelImpl.checkConnect(Native Method)
	at sun.nio.ch.SocketChannelImpl.finishConnect(SocketChannelImpl.java:717)
	at org.apache.ratis.thirdparty.io.netty.channel.socket.nio.NioSocketChannel.doFinishConnect(NioSocketChannel.java:327)
	at org.apache.ratis.thirdparty.io.netty.channel.nio.AbstractNioChannel$AbstractNioUnsafe.finishConnect(AbstractNioChannel.java:340)
	at org.apache.ratis.thirdparty.io.netty.channel.nio.NioEventLoop.processSelectedKey(NioEventLoop.java:632)
	at org.apache.ratis.thirdparty.io.netty.channel.nio.NioEventLoop.processSelectedKeysOptimized(NioEventLoop.java:579)
	at org.apache.ratis.thirdparty.io.netty.channel.nio.NioEventLoop.processSelectedKeys(NioEventLoop.java:496)
	at org.apache.ratis.thirdparty.io.netty.channel.nio.NioEventLoop.run(NioEventLoop.java:458)
	at org.apache.ratis.thirdparty.io.netty.util.concurrent.SingleThreadEventExecutor$5.run(SingleThreadEventExecutor.java:897)
	at org.apache.ratis.thirdparty.io.netty.util.concurrent.FastThreadLocalRunnable.run(FastThreadLocalRunnable.java:30)
	... 1 more
Caused by: java.net.ConnectException: Connection refused
	... 11 more
2019-11-15 20:27:45,657 [c767ecc1-97b1-4b32-a4b7-dad4991a192e@group-321D9595DF86-LeaderElection194] INFO  impl.LeaderElection (LeaderElection.java:logAndReturn(56)) - c767ecc1-97b1-4b32-a4b7-dad4991a192e@group-321D9595DF86-LeaderElection194: Election REJECTED; received 0 response(s) [] and 2 exception(s); c767ecc1-97b1-4b32-a4b7-dad4991a192e@group-321D9595DF86:t4, leader=null, voted=c767ecc1-97b1-4b32-a4b7-dad4991a192e, raftlog=c767ecc1-97b1-4b32-a4b7-dad4991a192e@group-321D9595DF86-SegmentedRaftLog:OPENED:c6,f6,i6, conf=0: [ecb82392-9efc-4718-8957-302e66d96ccd:192.168.157.201:35685, 6d6ed0d9-a6ea-4ace-a9af-83891056ab32:192.168.157.201:37473, c767ecc1-97b1-4b32-a4b7-dad4991a192e:192.168.157.201:43389], old=null
2019-11-15 20:27:45,657 [c767ecc1-97b1-4b32-a4b7-dad4991a192e@group-321D9595DF86-LeaderElection194] INFO  impl.LeaderElection (LogUtils.java:infoOrTrace(149)) -   Exception 0: {}
java.util.concurrent.ExecutionException: org.apache.ratis.thirdparty.io.grpc.StatusRuntimeException: UNAVAILABLE: io exception
	at java.util.concurrent.FutureTask.report(FutureTask.java:122)
	at java.util.concurrent.FutureTask.get(FutureTask.java:192)
	at org.apache.ratis.server.impl.LeaderElection.waitForResults(LeaderElection.java:259)
	at org.apache.ratis.server.impl.LeaderElection.askForVotes(LeaderElection.java:197)
	at org.apache.ratis.server.impl.LeaderElection.run(LeaderElection.java:133)
	at java.lang.Thread.run(Thread.java:748)
Caused by: org.apache.ratis.thirdparty.io.grpc.StatusRuntimeException: UNAVAILABLE: io exception
	at org.apache.ratis.thirdparty.io.grpc.stub.ClientCalls.toStatusRuntimeException(ClientCalls.java:233)
	at org.apache.ratis.thirdparty.io.grpc.stub.ClientCalls.getUnchecked(ClientCalls.java:214)
	at org.apache.ratis.thirdparty.io.grpc.stub.ClientCalls.blockingUnaryCall(ClientCalls.java:139)
	at org.apache.ratis.proto.grpc.RaftServerProtocolServiceGrpc$RaftServerProtocolServiceBlockingStub.requestVote(RaftServerProtocolServiceGrpc.java:265)
	at org.apache.ratis.grpc.server.GrpcServerProtocolClient.requestVote(GrpcServerProtocolClient.java:99)
	at org.apache.ratis.grpc.server.GrpcService.requestVote(GrpcService.java:204)
	at org.apache.ratis.server.impl.LeaderElection.lambda$submitRequests$1(LeaderElection.java:234)
	at java.util.concurrent.FutureTask.run(FutureTask.java:266)
	at java.util.concurrent.Executors$RunnableAdapter.call(Executors.java:511)
	at java.util.concurrent.FutureTask.run(FutureTask.java:266)
	at java.util.concurrent.ThreadPoolExecutor.runWorker(ThreadPoolExecutor.java:1149)
	at java.util.concurrent.ThreadPoolExecutor$Worker.run(ThreadPoolExecutor.java:624)
	... 1 more
Caused by: org.apache.ratis.thirdparty.io.netty.channel.AbstractChannel$AnnotatedConnectException: Connection refused: /192.168.157.201:35685
	at sun.nio.ch.SocketChannelImpl.checkConnect(Native Method)
	at sun.nio.ch.SocketChannelImpl.finishConnect(SocketChannelImpl.java:717)
	at org.apache.ratis.thirdparty.io.netty.channel.socket.nio.NioSocketChannel.doFinishConnect(NioSocketChannel.java:327)
	at org.apache.ratis.thirdparty.io.netty.channel.nio.AbstractNioChannel$AbstractNioUnsafe.finishConnect(AbstractNioChannel.java:340)
	at org.apache.ratis.thirdparty.io.netty.channel.nio.NioEventLoop.processSelectedKey(NioEventLoop.java:632)
	at org.apache.ratis.thirdparty.io.netty.channel.nio.NioEventLoop.processSelectedKeysOptimized(NioEventLoop.java:579)
	at org.apache.ratis.thirdparty.io.netty.channel.nio.NioEventLoop.processSelectedKeys(NioEventLoop.java:496)
	at org.apache.ratis.thirdparty.io.netty.channel.nio.NioEventLoop.run(NioEventLoop.java:458)
	at org.apache.ratis.thirdparty.io.netty.util.concurrent.SingleThreadEventExecutor$5.run(SingleThreadEventExecutor.java:897)
	at org.apache.ratis.thirdparty.io.netty.util.concurrent.FastThreadLocalRunnable.run(FastThreadLocalRunnable.java:30)
	... 1 more
Caused by: java.net.ConnectException: Connection refused
	... 11 more
2019-11-15 20:27:45,657 [c767ecc1-97b1-4b32-a4b7-dad4991a192e@group-321D9595DF86-LeaderElection194] INFO  impl.LeaderElection (LogUtils.java:infoOrTrace(149)) -   Exception 1: {}
java.util.concurrent.ExecutionException: org.apache.ratis.thirdparty.io.grpc.StatusRuntimeException: UNAVAILABLE: io exception
	at java.util.concurrent.FutureTask.report(FutureTask.java:122)
	at java.util.concurrent.FutureTask.get(FutureTask.java:192)
	at org.apache.ratis.server.impl.LeaderElection.waitForResults(LeaderElection.java:259)
	at org.apache.ratis.server.impl.LeaderElection.askForVotes(LeaderElection.java:197)
	at org.apache.ratis.server.impl.LeaderElection.run(LeaderElection.java:133)
	at java.lang.Thread.run(Thread.java:748)
Caused by: org.apache.ratis.thirdparty.io.grpc.StatusRuntimeException: UNAVAILABLE: io exception
	at org.apache.ratis.thirdparty.io.grpc.stub.ClientCalls.toStatusRuntimeException(ClientCalls.java:233)
	at org.apache.ratis.thirdparty.io.grpc.stub.ClientCalls.getUnchecked(ClientCalls.java:214)
	at org.apache.ratis.thirdparty.io.grpc.stub.ClientCalls.blockingUnaryCall(ClientCalls.java:139)
	at org.apache.ratis.proto.grpc.RaftServerProtocolServiceGrpc$RaftServerProtocolServiceBlockingStub.requestVote(RaftServerProtocolServiceGrpc.java:265)
	at org.apache.ratis.grpc.server.GrpcServerProtocolClient.requestVote(GrpcServerProtocolClient.java:99)
	at org.apache.ratis.grpc.server.GrpcService.requestVote(GrpcService.java:204)
	at org.apache.ratis.server.impl.LeaderElection.lambda$submitRequests$1(LeaderElection.java:234)
	at java.util.concurrent.FutureTask.run(FutureTask.java:266)
	at java.util.concurrent.Executors$RunnableAdapter.call(Executors.java:511)
	at java.util.concurrent.FutureTask.run(FutureTask.java:266)
	at java.util.concurrent.ThreadPoolExecutor.runWorker(ThreadPoolExecutor.java:1149)
	at java.util.concurrent.ThreadPoolExecutor$Worker.run(ThreadPoolExecutor.java:624)
	... 1 more
Caused by: org.apache.ratis.thirdparty.io.netty.channel.AbstractChannel$AnnotatedConnectException: Connection refused: /192.168.157.201:37473
	at sun.nio.ch.SocketChannelImpl.checkConnect(Native Method)
	at sun.nio.ch.SocketChannelImpl.finishConnect(SocketChannelImpl.java:717)
	at org.apache.ratis.thirdparty.io.netty.channel.socket.nio.NioSocketChannel.doFinishConnect(NioSocketChannel.java:327)
	at org.apache.ratis.thirdparty.io.netty.channel.nio.AbstractNioChannel$AbstractNioUnsafe.finishConnect(AbstractNioChannel.java:340)
	at org.apache.ratis.thirdparty.io.netty.channel.nio.NioEventLoop.processSelectedKey(NioEventLoop.java:632)
	at org.apache.ratis.thirdparty.io.netty.channel.nio.NioEventLoop.processSelectedKeysOptimized(NioEventLoop.java:579)
	at org.apache.ratis.thirdparty.io.netty.channel.nio.NioEventLoop.processSelectedKeys(NioEventLoop.java:496)
	at org.apache.ratis.thirdparty.io.netty.channel.nio.NioEventLoop.run(NioEventLoop.java:458)
	at org.apache.ratis.thirdparty.io.netty.util.concurrent.SingleThreadEventExecutor$5.run(SingleThreadEventExecutor.java:897)
	at org.apache.ratis.thirdparty.io.netty.util.concurrent.FastThreadLocalRunnable.run(FastThreadLocalRunnable.java:30)
	... 1 more
Caused by: java.net.ConnectException: Connection refused
	... 11 more
2019-11-15 20:27:45,658 [c767ecc1-97b1-4b32-a4b7-dad4991a192e@group-321D9595DF86-LeaderElection194] INFO  impl.RaftServerImpl (RaftServerImpl.java:setRole(173)) - c767ecc1-97b1-4b32-a4b7-dad4991a192e@group-321D9595DF86: changes role from CANDIDATE to FOLLOWER at term 4 for DISCOVERED_A_NEW_TERM
2019-11-15 20:27:45,658 [c767ecc1-97b1-4b32-a4b7-dad4991a192e@group-321D9595DF86-LeaderElection194] INFO  impl.RoleInfo (RoleInfo.java:shutdownLeaderElection(134)) - c767ecc1-97b1-4b32-a4b7-dad4991a192e: shutdown LeaderElection
2019-11-15 20:27:45,658 [c767ecc1-97b1-4b32-a4b7-dad4991a192e@group-321D9595DF86-LeaderElection194] INFO  impl.RoleInfo (RoleInfo.java:updateAndGet(143)) - c767ecc1-97b1-4b32-a4b7-dad4991a192e: start FollowerState
2019-11-15 20:27:46,082 [grpc-default-executor-6] WARN  server.GrpcLogAppender (LogUtils.java:warn(134)) - 77a687a8-07fe-464e-b0f2-03532ede599a@group-09BF56990583->b7fbb734-148a-49a6-9cb1-519eb8bdf364-AppendLogResponseHandler: Failed appendEntries: org.apache.ratis.thirdparty.io.grpc.StatusRuntimeException: UNAVAILABLE: io exception
2019-11-15 20:27:46,082 [grpc-default-executor-6] INFO  impl.FollowerInfo (FollowerInfo.java:lambda$new$0(51)) - 77a687a8-07fe-464e-b0f2-03532ede599a@group-09BF56990583->b7fbb734-148a-49a6-9cb1-519eb8bdf364: nextIndex: updateUnconditionally 0 -> 0
2019-11-15 20:27:46,090 [grpc-default-executor-6] WARN  server.GrpcLogAppender (LogUtils.java:warn(134)) - 77a687a8-07fe-464e-b0f2-03532ede599a@group-09BF56990583->0d66e4d5-0fe9-441c-84d0-b1903c285e78-AppendLogResponseHandler: Failed appendEntries: org.apache.ratis.thirdparty.io.grpc.StatusRuntimeException: UNAVAILABLE: io exception
2019-11-15 20:27:46,090 [grpc-default-executor-6] INFO  impl.FollowerInfo (FollowerInfo.java:lambda$new$0(51)) - 77a687a8-07fe-464e-b0f2-03532ede599a@group-09BF56990583->0d66e4d5-0fe9-441c-84d0-b1903c285e78: nextIndex: updateUnconditionally 0 -> 0
2019-11-15 20:27:46,090 [grpc-default-executor-9] WARN  server.GrpcLogAppender (LogUtils.java:warn(134)) - 4e9d79cc-0455-427e-951d-7d9146a76d5d@group-62B4F8A0C489->d8d3f8ae-ceeb-4228-b266-44fc60f7c1eb-AppendLogResponseHandler: Failed appendEntries: org.apache.ratis.thirdparty.io.grpc.StatusRuntimeException: UNAVAILABLE: io exception
2019-11-15 20:27:46,091 [grpc-default-executor-9] INFO  impl.FollowerInfo (FollowerInfo.java:lambda$new$0(51)) - 4e9d79cc-0455-427e-951d-7d9146a76d5d@group-62B4F8A0C489->d8d3f8ae-ceeb-4228-b266-44fc60f7c1eb: nextIndex: updateUnconditionally 0 -> 0
2019-11-15 20:27:46,585 [grpc-default-executor-12] WARN  server.GrpcLogAppender (LogUtils.java:warn(134)) - 77a687a8-07fe-464e-b0f2-03532ede599a@group-09BF56990583->b7fbb734-148a-49a6-9cb1-519eb8bdf364-AppendLogResponseHandler: Failed appendEntries: org.apache.ratis.thirdparty.io.grpc.StatusRuntimeException: UNAVAILABLE: io exception
2019-11-15 20:27:46,586 [grpc-default-executor-12] INFO  impl.FollowerInfo (FollowerInfo.java:lambda$new$0(51)) - 77a687a8-07fe-464e-b0f2-03532ede599a@group-09BF56990583->b7fbb734-148a-49a6-9cb1-519eb8bdf364: nextIndex: updateUnconditionally 0 -> 0
2019-11-15 20:27:46,591 [grpc-default-executor-6] WARN  server.GrpcLogAppender (LogUtils.java:warn(134)) - 77a687a8-07fe-464e-b0f2-03532ede599a@group-09BF56990583->0d66e4d5-0fe9-441c-84d0-b1903c285e78-AppendLogResponseHandler: Failed appendEntries: org.apache.ratis.thirdparty.io.grpc.StatusRuntimeException: UNAVAILABLE: io exception
2019-11-15 20:27:46,591 [grpc-default-executor-6] INFO  impl.FollowerInfo (FollowerInfo.java:lambda$new$0(51)) - 77a687a8-07fe-464e-b0f2-03532ede599a@group-09BF56990583->0d66e4d5-0fe9-441c-84d0-b1903c285e78: nextIndex: updateUnconditionally 0 -> 0
2019-11-15 20:27:46,591 [grpc-default-executor-10] WARN  server.GrpcLogAppender (LogUtils.java:warn(134)) - 4e9d79cc-0455-427e-951d-7d9146a76d5d@group-62B4F8A0C489->d8d3f8ae-ceeb-4228-b266-44fc60f7c1eb-AppendLogResponseHandler: Failed appendEntries: org.apache.ratis.thirdparty.io.grpc.StatusRuntimeException: UNAVAILABLE: io exception
2019-11-15 20:27:46,591 [grpc-default-executor-10] INFO  impl.FollowerInfo (FollowerInfo.java:lambda$new$0(51)) - 4e9d79cc-0455-427e-951d-7d9146a76d5d@group-62B4F8A0C489->d8d3f8ae-ceeb-4228-b266-44fc60f7c1eb: nextIndex: updateUnconditionally 0 -> 0
2019-11-15 20:27:46,728 [Thread-4464] INFO  impl.FollowerState (FollowerState.java:run(111)) - c767ecc1-97b1-4b32-a4b7-dad4991a192e@group-321D9595DF86-FollowerState: change to CANDIDATE, lastRpcTime:1070ms, electionTimeout:1070ms
2019-11-15 20:27:46,729 [Thread-4464] INFO  impl.RoleInfo (RoleInfo.java:shutdownFollowerState(121)) - c767ecc1-97b1-4b32-a4b7-dad4991a192e: shutdown FollowerState
2019-11-15 20:27:46,729 [Thread-4464] INFO  impl.RaftServerImpl (RaftServerImpl.java:setRole(173)) - c767ecc1-97b1-4b32-a4b7-dad4991a192e@group-321D9595DF86: changes role from  FOLLOWER to CANDIDATE at term 4 for changeToCandidate
2019-11-15 20:27:46,729 [Thread-4464] INFO  impl.RoleInfo (RoleInfo.java:updateAndGet(143)) - c767ecc1-97b1-4b32-a4b7-dad4991a192e: start LeaderElection
2019-11-15 20:27:46,753 [c767ecc1-97b1-4b32-a4b7-dad4991a192e@group-321D9595DF86-LeaderElection195] INFO  impl.LeaderElection (LeaderElection.java:askForVotes(178)) - c767ecc1-97b1-4b32-a4b7-dad4991a192e@group-321D9595DF86-LeaderElection195: begin an election at term 5 for 0: [ecb82392-9efc-4718-8957-302e66d96ccd:192.168.157.201:35685, 6d6ed0d9-a6ea-4ace-a9af-83891056ab32:192.168.157.201:37473, c767ecc1-97b1-4b32-a4b7-dad4991a192e:192.168.157.201:43389], old=null
2019-11-15 20:27:46,754 [c767ecc1-97b1-4b32-a4b7-dad4991a192e@group-321D9595DF86-LeaderElection195] INFO  impl.LeaderElection (LogUtils.java:infoOrTrace(149)) - c767ecc1-97b1-4b32-a4b7-dad4991a192e@group-321D9595DF86-LeaderElection195 got exception when requesting votes: {}
java.util.concurrent.ExecutionException: org.apache.ratis.thirdparty.io.grpc.StatusRuntimeException: UNAVAILABLE: io exception
	at java.util.concurrent.FutureTask.report(FutureTask.java:122)
	at java.util.concurrent.FutureTask.get(FutureTask.java:192)
	at org.apache.ratis.server.impl.LeaderElection.waitForResults(LeaderElection.java:259)
	at org.apache.ratis.server.impl.LeaderElection.askForVotes(LeaderElection.java:197)
	at org.apache.ratis.server.impl.LeaderElection.run(LeaderElection.java:133)
	at java.lang.Thread.run(Thread.java:748)
Caused by: org.apache.ratis.thirdparty.io.grpc.StatusRuntimeException: UNAVAILABLE: io exception
	at org.apache.ratis.thirdparty.io.grpc.stub.ClientCalls.toStatusRuntimeException(ClientCalls.java:233)
	at org.apache.ratis.thirdparty.io.grpc.stub.ClientCalls.getUnchecked(ClientCalls.java:214)
	at org.apache.ratis.thirdparty.io.grpc.stub.ClientCalls.blockingUnaryCall(ClientCalls.java:139)
	at org.apache.ratis.proto.grpc.RaftServerProtocolServiceGrpc$RaftServerProtocolServiceBlockingStub.requestVote(RaftServerProtocolServiceGrpc.java:265)
	at org.apache.ratis.grpc.server.GrpcServerProtocolClient.requestVote(GrpcServerProtocolClient.java:99)
	at org.apache.ratis.grpc.server.GrpcService.requestVote(GrpcService.java:204)
	at org.apache.ratis.server.impl.LeaderElection.lambda$submitRequests$1(LeaderElection.java:234)
	at java.util.concurrent.FutureTask.run(FutureTask.java:266)
	at java.util.concurrent.Executors$RunnableAdapter.call(Executors.java:511)
	at java.util.concurrent.FutureTask.run(FutureTask.java:266)
	at java.util.concurrent.ThreadPoolExecutor.runWorker(ThreadPoolExecutor.java:1149)
	at java.util.concurrent.ThreadPoolExecutor$Worker.run(ThreadPoolExecutor.java:624)
	... 1 more
Caused by: org.apache.ratis.thirdparty.io.netty.channel.AbstractChannel$AnnotatedConnectException: Connection refused: /192.168.157.201:35685
	at sun.nio.ch.SocketChannelImpl.checkConnect(Native Method)
	at sun.nio.ch.SocketChannelImpl.finishConnect(SocketChannelImpl.java:717)
	at org.apache.ratis.thirdparty.io.netty.channel.socket.nio.NioSocketChannel.doFinishConnect(NioSocketChannel.java:327)
	at org.apache.ratis.thirdparty.io.netty.channel.nio.AbstractNioChannel$AbstractNioUnsafe.finishConnect(AbstractNioChannel.java:340)
	at org.apache.ratis.thirdparty.io.netty.channel.nio.NioEventLoop.processSelectedKey(NioEventLoop.java:632)
	at org.apache.ratis.thirdparty.io.netty.channel.nio.NioEventLoop.processSelectedKeysOptimized(NioEventLoop.java:579)
	at org.apache.ratis.thirdparty.io.netty.channel.nio.NioEventLoop.processSelectedKeys(NioEventLoop.java:496)
	at org.apache.ratis.thirdparty.io.netty.channel.nio.NioEventLoop.run(NioEventLoop.java:458)
	at org.apache.ratis.thirdparty.io.netty.util.concurrent.SingleThreadEventExecutor$5.run(SingleThreadEventExecutor.java:897)
	at org.apache.ratis.thirdparty.io.netty.util.concurrent.FastThreadLocalRunnable.run(FastThreadLocalRunnable.java:30)
	... 1 more
Caused by: java.net.ConnectException: Connection refused
	... 11 more
2019-11-15 20:27:46,755 [c767ecc1-97b1-4b32-a4b7-dad4991a192e@group-321D9595DF86-LeaderElection195] INFO  impl.LeaderElection (LogUtils.java:infoOrTrace(149)) - c767ecc1-97b1-4b32-a4b7-dad4991a192e@group-321D9595DF86-LeaderElection195 got exception when requesting votes: {}
java.util.concurrent.ExecutionException: org.apache.ratis.thirdparty.io.grpc.StatusRuntimeException: UNAVAILABLE: io exception
	at java.util.concurrent.FutureTask.report(FutureTask.java:122)
	at java.util.concurrent.FutureTask.get(FutureTask.java:192)
	at org.apache.ratis.server.impl.LeaderElection.waitForResults(LeaderElection.java:259)
	at org.apache.ratis.server.impl.LeaderElection.askForVotes(LeaderElection.java:197)
	at org.apache.ratis.server.impl.LeaderElection.run(LeaderElection.java:133)
	at java.lang.Thread.run(Thread.java:748)
Caused by: org.apache.ratis.thirdparty.io.grpc.StatusRuntimeException: UNAVAILABLE: io exception
	at org.apache.ratis.thirdparty.io.grpc.stub.ClientCalls.toStatusRuntimeException(ClientCalls.java:233)
	at org.apache.ratis.thirdparty.io.grpc.stub.ClientCalls.getUnchecked(ClientCalls.java:214)
	at org.apache.ratis.thirdparty.io.grpc.stub.ClientCalls.blockingUnaryCall(ClientCalls.java:139)
	at org.apache.ratis.proto.grpc.RaftServerProtocolServiceGrpc$RaftServerProtocolServiceBlockingStub.requestVote(RaftServerProtocolServiceGrpc.java:265)
	at org.apache.ratis.grpc.server.GrpcServerProtocolClient.requestVote(GrpcServerProtocolClient.java:99)
	at org.apache.ratis.grpc.server.GrpcService.requestVote(GrpcService.java:204)
	at org.apache.ratis.server.impl.LeaderElection.lambda$submitRequests$1(LeaderElection.java:234)
	at java.util.concurrent.FutureTask.run(FutureTask.java:266)
	at java.util.concurrent.Executors$RunnableAdapter.call(Executors.java:511)
	at java.util.concurrent.FutureTask.run(FutureTask.java:266)
	at java.util.concurrent.ThreadPoolExecutor.runWorker(ThreadPoolExecutor.java:1149)
	at java.util.concurrent.ThreadPoolExecutor$Worker.run(ThreadPoolExecutor.java:624)
	... 1 more
Caused by: org.apache.ratis.thirdparty.io.netty.channel.AbstractChannel$AnnotatedConnectException: Connection refused: /192.168.157.201:37473
	at sun.nio.ch.SocketChannelImpl.checkConnect(Native Method)
	at sun.nio.ch.SocketChannelImpl.finishConnect(SocketChannelImpl.java:717)
	at org.apache.ratis.thirdparty.io.netty.channel.socket.nio.NioSocketChannel.doFinishConnect(NioSocketChannel.java:327)
	at org.apache.ratis.thirdparty.io.netty.channel.nio.AbstractNioChannel$AbstractNioUnsafe.finishConnect(AbstractNioChannel.java:340)
	at org.apache.ratis.thirdparty.io.netty.channel.nio.NioEventLoop.processSelectedKey(NioEventLoop.java:632)
	at org.apache.ratis.thirdparty.io.netty.channel.nio.NioEventLoop.processSelectedKeysOptimized(NioEventLoop.java:579)
	at org.apache.ratis.thirdparty.io.netty.channel.nio.NioEventLoop.processSelectedKeys(NioEventLoop.java:496)
	at org.apache.ratis.thirdparty.io.netty.channel.nio.NioEventLoop.run(NioEventLoop.java:458)
	at org.apache.ratis.thirdparty.io.netty.util.concurrent.SingleThreadEventExecutor$5.run(SingleThreadEventExecutor.java:897)
	at org.apache.ratis.thirdparty.io.netty.util.concurrent.FastThreadLocalRunnable.run(FastThreadLocalRunnable.java:30)
	... 1 more
Caused by: java.net.ConnectException: Connection refused
	... 11 more
2019-11-15 20:27:46,756 [c767ecc1-97b1-4b32-a4b7-dad4991a192e@group-321D9595DF86-LeaderElection195] INFO  impl.LeaderElection (LeaderElection.java:logAndReturn(56)) - c767ecc1-97b1-4b32-a4b7-dad4991a192e@group-321D9595DF86-LeaderElection195: Election REJECTED; received 0 response(s) [] and 2 exception(s); c767ecc1-97b1-4b32-a4b7-dad4991a192e@group-321D9595DF86:t5, leader=null, voted=c767ecc1-97b1-4b32-a4b7-dad4991a192e, raftlog=c767ecc1-97b1-4b32-a4b7-dad4991a192e@group-321D9595DF86-SegmentedRaftLog:OPENED:c6,f6,i6, conf=0: [ecb82392-9efc-4718-8957-302e66d96ccd:192.168.157.201:35685, 6d6ed0d9-a6ea-4ace-a9af-83891056ab32:192.168.157.201:37473, c767ecc1-97b1-4b32-a4b7-dad4991a192e:192.168.157.201:43389], old=null
2019-11-15 20:27:46,756 [c767ecc1-97b1-4b32-a4b7-dad4991a192e@group-321D9595DF86-LeaderElection195] INFO  impl.LeaderElection (LogUtils.java:infoOrTrace(149)) -   Exception 0: {}
java.util.concurrent.ExecutionException: org.apache.ratis.thirdparty.io.grpc.StatusRuntimeException: UNAVAILABLE: io exception
	at java.util.concurrent.FutureTask.report(FutureTask.java:122)
	at java.util.concurrent.FutureTask.get(FutureTask.java:192)
	at org.apache.ratis.server.impl.LeaderElection.waitForResults(LeaderElection.java:259)
	at org.apache.ratis.server.impl.LeaderElection.askForVotes(LeaderElection.java:197)
	at org.apache.ratis.server.impl.LeaderElection.run(LeaderElection.java:133)
	at java.lang.Thread.run(Thread.java:748)
Caused by: org.apache.ratis.thirdparty.io.grpc.StatusRuntimeException: UNAVAILABLE: io exception
	at org.apache.ratis.thirdparty.io.grpc.stub.ClientCalls.toStatusRuntimeException(ClientCalls.java:233)
	at org.apache.ratis.thirdparty.io.grpc.stub.ClientCalls.getUnchecked(ClientCalls.java:214)
	at org.apache.ratis.thirdparty.io.grpc.stub.ClientCalls.blockingUnaryCall(ClientCalls.java:139)
	at org.apache.ratis.proto.grpc.RaftServerProtocolServiceGrpc$RaftServerProtocolServiceBlockingStub.requestVote(RaftServerProtocolServiceGrpc.java:265)
	at org.apache.ratis.grpc.server.GrpcServerProtocolClient.requestVote(GrpcServerProtocolClient.java:99)
	at org.apache.ratis.grpc.server.GrpcService.requestVote(GrpcService.java:204)
	at org.apache.ratis.server.impl.LeaderElection.lambda$submitRequests$1(LeaderElection.java:234)
	at java.util.concurrent.FutureTask.run(FutureTask.java:266)
	at java.util.concurrent.Executors$RunnableAdapter.call(Executors.java:511)
	at java.util.concurrent.FutureTask.run(FutureTask.java:266)
	at java.util.concurrent.ThreadPoolExecutor.runWorker(ThreadPoolExecutor.java:1149)
	at java.util.concurrent.ThreadPoolExecutor$Worker.run(ThreadPoolExecutor.java:624)
	... 1 more
Caused by: org.apache.ratis.thirdparty.io.netty.channel.AbstractChannel$AnnotatedConnectException: Connection refused: /192.168.157.201:35685
	at sun.nio.ch.SocketChannelImpl.checkConnect(Native Method)
	at sun.nio.ch.SocketChannelImpl.finishConnect(SocketChannelImpl.java:717)
	at org.apache.ratis.thirdparty.io.netty.channel.socket.nio.NioSocketChannel.doFinishConnect(NioSocketChannel.java:327)
	at org.apache.ratis.thirdparty.io.netty.channel.nio.AbstractNioChannel$AbstractNioUnsafe.finishConnect(AbstractNioChannel.java:340)
	at org.apache.ratis.thirdparty.io.netty.channel.nio.NioEventLoop.processSelectedKey(NioEventLoop.java:632)
	at org.apache.ratis.thirdparty.io.netty.channel.nio.NioEventLoop.processSelectedKeysOptimized(NioEventLoop.java:579)
	at org.apache.ratis.thirdparty.io.netty.channel.nio.NioEventLoop.processSelectedKeys(NioEventLoop.java:496)
	at org.apache.ratis.thirdparty.io.netty.channel.nio.NioEventLoop.run(NioEventLoop.java:458)
	at org.apache.ratis.thirdparty.io.netty.util.concurrent.SingleThreadEventExecutor$5.run(SingleThreadEventExecutor.java:897)
	at org.apache.ratis.thirdparty.io.netty.util.concurrent.FastThreadLocalRunnable.run(FastThreadLocalRunnable.java:30)
	... 1 more
Caused by: java.net.ConnectException: Connection refused
	... 11 more
2019-11-15 20:27:46,756 [c767ecc1-97b1-4b32-a4b7-dad4991a192e@group-321D9595DF86-LeaderElection195] INFO  impl.LeaderElection (LogUtils.java:infoOrTrace(149)) -   Exception 1: {}
java.util.concurrent.ExecutionException: org.apache.ratis.thirdparty.io.grpc.StatusRuntimeException: UNAVAILABLE: io exception
	at java.util.concurrent.FutureTask.report(FutureTask.java:122)
	at java.util.concurrent.FutureTask.get(FutureTask.java:192)
	at org.apache.ratis.server.impl.LeaderElection.waitForResults(LeaderElection.java:259)
	at org.apache.ratis.server.impl.LeaderElection.askForVotes(LeaderElection.java:197)
	at org.apache.ratis.server.impl.LeaderElection.run(LeaderElection.java:133)
	at java.lang.Thread.run(Thread.java:748)
Caused by: org.apache.ratis.thirdparty.io.grpc.StatusRuntimeException: UNAVAILABLE: io exception
	at org.apache.ratis.thirdparty.io.grpc.stub.ClientCalls.toStatusRuntimeException(ClientCalls.java:233)
	at org.apache.ratis.thirdparty.io.grpc.stub.ClientCalls.getUnchecked(ClientCalls.java:214)
	at org.apache.ratis.thirdparty.io.grpc.stub.ClientCalls.blockingUnaryCall(ClientCalls.java:139)
	at org.apache.ratis.proto.grpc.RaftServerProtocolServiceGrpc$RaftServerProtocolServiceBlockingStub.requestVote(RaftServerProtocolServiceGrpc.java:265)
	at org.apache.ratis.grpc.server.GrpcServerProtocolClient.requestVote(GrpcServerProtocolClient.java:99)
	at org.apache.ratis.grpc.server.GrpcService.requestVote(GrpcService.java:204)
	at org.apache.ratis.server.impl.LeaderElection.lambda$submitRequests$1(LeaderElection.java:234)
	at java.util.concurrent.FutureTask.run(FutureTask.java:266)
	at java.util.concurrent.Executors$RunnableAdapter.call(Executors.java:511)
	at java.util.concurrent.FutureTask.run(FutureTask.java:266)
	at java.util.concurrent.ThreadPoolExecutor.runWorker(ThreadPoolExecutor.java:1149)
	at java.util.concurrent.ThreadPoolExecutor$Worker.run(ThreadPoolExecutor.java:624)
	... 1 more
Caused by: org.apache.ratis.thirdparty.io.netty.channel.AbstractChannel$AnnotatedConnectException: Connection refused: /192.168.157.201:37473
	at sun.nio.ch.SocketChannelImpl.checkConnect(Native Method)
	at sun.nio.ch.SocketChannelImpl.finishConnect(SocketChannelImpl.java:717)
	at org.apache.ratis.thirdparty.io.netty.channel.socket.nio.NioSocketChannel.doFinishConnect(NioSocketChannel.java:327)
	at org.apache.ratis.thirdparty.io.netty.channel.nio.AbstractNioChannel$AbstractNioUnsafe.finishConnect(AbstractNioChannel.java:340)
	at org.apache.ratis.thirdparty.io.netty.channel.nio.NioEventLoop.processSelectedKey(NioEventLoop.java:632)
	at org.apache.ratis.thirdparty.io.netty.channel.nio.NioEventLoop.processSelectedKeysOptimized(NioEventLoop.java:579)
	at org.apache.ratis.thirdparty.io.netty.channel.nio.NioEventLoop.processSelectedKeys(NioEventLoop.java:496)
	at org.apache.ratis.thirdparty.io.netty.channel.nio.NioEventLoop.run(NioEventLoop.java:458)
	at org.apache.ratis.thirdparty.io.netty.util.concurrent.SingleThreadEventExecutor$5.run(SingleThreadEventExecutor.java:897)
	at org.apache.ratis.thirdparty.io.netty.util.concurrent.FastThreadLocalRunnable.run(FastThreadLocalRunnable.java:30)
	... 1 more
Caused by: java.net.ConnectException: Connection refused
	... 11 more
2019-11-15 20:27:46,757 [c767ecc1-97b1-4b32-a4b7-dad4991a192e@group-321D9595DF86-LeaderElection195] INFO  impl.RaftServerImpl (RaftServerImpl.java:setRole(173)) - c767ecc1-97b1-4b32-a4b7-dad4991a192e@group-321D9595DF86: changes role from CANDIDATE to FOLLOWER at term 5 for DISCOVERED_A_NEW_TERM
2019-11-15 20:27:46,757 [c767ecc1-97b1-4b32-a4b7-dad4991a192e@group-321D9595DF86-LeaderElection195] INFO  impl.RoleInfo (RoleInfo.java:shutdownLeaderElection(134)) - c767ecc1-97b1-4b32-a4b7-dad4991a192e: shutdown LeaderElection
2019-11-15 20:27:46,757 [c767ecc1-97b1-4b32-a4b7-dad4991a192e@group-321D9595DF86-LeaderElection195] INFO  impl.RoleInfo (RoleInfo.java:updateAndGet(143)) - c767ecc1-97b1-4b32-a4b7-dad4991a192e: start FollowerState
2019-11-15 20:27:47,084 [grpc-default-executor-10] WARN  server.GrpcLogAppender (LogUtils.java:warn(134)) - 77a687a8-07fe-464e-b0f2-03532ede599a@group-09BF56990583->b7fbb734-148a-49a6-9cb1-519eb8bdf364-AppendLogResponseHandler: Failed appendEntries: org.apache.ratis.thirdparty.io.grpc.StatusRuntimeException: UNAVAILABLE: io exception
2019-11-15 20:27:47,085 [grpc-default-executor-10] INFO  impl.FollowerInfo (FollowerInfo.java:lambda$new$0(51)) - 77a687a8-07fe-464e-b0f2-03532ede599a@group-09BF56990583->b7fbb734-148a-49a6-9cb1-519eb8bdf364: nextIndex: updateUnconditionally 0 -> 0
2019-11-15 20:27:47,091 [grpc-default-executor-12] WARN  server.GrpcLogAppender (LogUtils.java:warn(134)) - 77a687a8-07fe-464e-b0f2-03532ede599a@group-09BF56990583->0d66e4d5-0fe9-441c-84d0-b1903c285e78-AppendLogResponseHandler: Failed appendEntries: org.apache.ratis.thirdparty.io.grpc.StatusRuntimeException: UNAVAILABLE: io exception
2019-11-15 20:27:47,091 [grpc-default-executor-9] WARN  server.GrpcLogAppender (LogUtils.java:warn(134)) - 4e9d79cc-0455-427e-951d-7d9146a76d5d@group-62B4F8A0C489->d8d3f8ae-ceeb-4228-b266-44fc60f7c1eb-AppendLogResponseHandler: Failed appendEntries: org.apache.ratis.thirdparty.io.grpc.StatusRuntimeException: UNAVAILABLE: io exception
2019-11-15 20:27:47,091 [grpc-default-executor-12] INFO  impl.FollowerInfo (FollowerInfo.java:lambda$new$0(51)) - 77a687a8-07fe-464e-b0f2-03532ede599a@group-09BF56990583->0d66e4d5-0fe9-441c-84d0-b1903c285e78: nextIndex: updateUnconditionally 0 -> 0
2019-11-15 20:27:47,092 [grpc-default-executor-9] INFO  impl.FollowerInfo (FollowerInfo.java:lambda$new$0(51)) - 4e9d79cc-0455-427e-951d-7d9146a76d5d@group-62B4F8A0C489->d8d3f8ae-ceeb-4228-b266-44fc60f7c1eb: nextIndex: updateUnconditionally 0 -> 0
2019-11-15 20:27:47,585 [grpc-default-executor-6] WARN  server.GrpcLogAppender (LogUtils.java:warn(134)) - 77a687a8-07fe-464e-b0f2-03532ede599a@group-09BF56990583->b7fbb734-148a-49a6-9cb1-519eb8bdf364-AppendLogResponseHandler: Failed appendEntries: org.apache.ratis.thirdparty.io.grpc.StatusRuntimeException: UNAVAILABLE: io exception
2019-11-15 20:27:47,585 [grpc-default-executor-6] INFO  impl.FollowerInfo (FollowerInfo.java:lambda$new$0(51)) - 77a687a8-07fe-464e-b0f2-03532ede599a@group-09BF56990583->b7fbb734-148a-49a6-9cb1-519eb8bdf364: nextIndex: updateUnconditionally 0 -> 0
2019-11-15 20:27:47,591 [grpc-default-executor-6] WARN  server.GrpcLogAppender (LogUtils.java:warn(134)) - 77a687a8-07fe-464e-b0f2-03532ede599a@group-09BF56990583->0d66e4d5-0fe9-441c-84d0-b1903c285e78-AppendLogResponseHandler: Failed appendEntries: org.apache.ratis.thirdparty.io.grpc.StatusRuntimeException: UNAVAILABLE: io exception
2019-11-15 20:27:47,592 [grpc-default-executor-6] INFO  impl.FollowerInfo (FollowerInfo.java:lambda$new$0(51)) - 77a687a8-07fe-464e-b0f2-03532ede599a@group-09BF56990583->0d66e4d5-0fe9-441c-84d0-b1903c285e78: nextIndex: updateUnconditionally 0 -> 0
2019-11-15 20:27:47,592 [grpc-default-executor-10] WARN  server.GrpcLogAppender (LogUtils.java:warn(134)) - 4e9d79cc-0455-427e-951d-7d9146a76d5d@group-62B4F8A0C489->d8d3f8ae-ceeb-4228-b266-44fc60f7c1eb-AppendLogResponseHandler: Failed appendEntries: org.apache.ratis.thirdparty.io.grpc.StatusRuntimeException: UNAVAILABLE: io exception
2019-11-15 20:27:47,592 [grpc-default-executor-10] INFO  impl.FollowerInfo (FollowerInfo.java:lambda$new$0(51)) - 4e9d79cc-0455-427e-951d-7d9146a76d5d@group-62B4F8A0C489->d8d3f8ae-ceeb-4228-b266-44fc60f7c1eb: nextIndex: updateUnconditionally 0 -> 0
2019-11-15 20:27:47,901 [Thread-4470] INFO  impl.FollowerState (FollowerState.java:run(111)) - c767ecc1-97b1-4b32-a4b7-dad4991a192e@group-321D9595DF86-FollowerState: change to CANDIDATE, lastRpcTime:1144ms, electionTimeout:1144ms
2019-11-15 20:27:47,902 [Thread-4470] INFO  impl.RoleInfo (RoleInfo.java:shutdownFollowerState(121)) - c767ecc1-97b1-4b32-a4b7-dad4991a192e: shutdown FollowerState
2019-11-15 20:27:47,902 [Thread-4470] INFO  impl.RaftServerImpl (RaftServerImpl.java:setRole(173)) - c767ecc1-97b1-4b32-a4b7-dad4991a192e@group-321D9595DF86: changes role from  FOLLOWER to CANDIDATE at term 5 for changeToCandidate
2019-11-15 20:27:47,902 [Thread-4470] INFO  impl.RoleInfo (RoleInfo.java:updateAndGet(143)) - c767ecc1-97b1-4b32-a4b7-dad4991a192e: start LeaderElection
2019-11-15 20:27:48,085 [grpc-default-executor-10] WARN  server.GrpcLogAppender (LogUtils.java:warn(134)) - 77a687a8-07fe-464e-b0f2-03532ede599a@group-09BF56990583->b7fbb734-148a-49a6-9cb1-519eb8bdf364-AppendLogResponseHandler: Failed appendEntries: org.apache.ratis.thirdparty.io.grpc.StatusRuntimeException: UNAVAILABLE: io exception
2019-11-15 20:27:48,086 [grpc-default-executor-10] INFO  impl.FollowerInfo (FollowerInfo.java:lambda$new$0(51)) - 77a687a8-07fe-464e-b0f2-03532ede599a@group-09BF56990583->b7fbb734-148a-49a6-9cb1-519eb8bdf364: nextIndex: updateUnconditionally 0 -> 0
2019-11-15 20:27:48,092 [grpc-default-executor-10] WARN  server.GrpcLogAppender (LogUtils.java:warn(134)) - 77a687a8-07fe-464e-b0f2-03532ede599a@group-09BF56990583->0d66e4d5-0fe9-441c-84d0-b1903c285e78-AppendLogResponseHandler: Failed appendEntries: org.apache.ratis.thirdparty.io.grpc.StatusRuntimeException: UNAVAILABLE: io exception
2019-11-15 20:27:48,092 [grpc-default-executor-10] INFO  impl.FollowerInfo (FollowerInfo.java:lambda$new$0(51)) - 77a687a8-07fe-464e-b0f2-03532ede599a@group-09BF56990583->0d66e4d5-0fe9-441c-84d0-b1903c285e78: nextIndex: updateUnconditionally 0 -> 0
2019-11-15 20:27:48,092 [grpc-default-executor-9] WARN  server.GrpcLogAppender (LogUtils.java:warn(134)) - 4e9d79cc-0455-427e-951d-7d9146a76d5d@group-62B4F8A0C489->d8d3f8ae-ceeb-4228-b266-44fc60f7c1eb-AppendLogResponseHandler: Failed appendEntries: org.apache.ratis.thirdparty.io.grpc.StatusRuntimeException: UNAVAILABLE: io exception
2019-11-15 20:27:48,092 [grpc-default-executor-9] INFO  impl.FollowerInfo (FollowerInfo.java:lambda$new$0(51)) - 4e9d79cc-0455-427e-951d-7d9146a76d5d@group-62B4F8A0C489->d8d3f8ae-ceeb-4228-b266-44fc60f7c1eb: nextIndex: updateUnconditionally 0 -> 0
2019-11-15 20:27:48,293 [c767ecc1-97b1-4b32-a4b7-dad4991a192e@group-321D9595DF86-LeaderElection196] INFO  impl.LeaderElection (LeaderElection.java:askForVotes(178)) - c767ecc1-97b1-4b32-a4b7-dad4991a192e@group-321D9595DF86-LeaderElection196: begin an election at term 6 for 0: [ecb82392-9efc-4718-8957-302e66d96ccd:192.168.157.201:35685, 6d6ed0d9-a6ea-4ace-a9af-83891056ab32:192.168.157.201:37473, c767ecc1-97b1-4b32-a4b7-dad4991a192e:192.168.157.201:43389], old=null
2019-11-15 20:27:48,294 [c767ecc1-97b1-4b32-a4b7-dad4991a192e@group-321D9595DF86-LeaderElection196] INFO  impl.LeaderElection (LogUtils.java:infoOrTrace(149)) - c767ecc1-97b1-4b32-a4b7-dad4991a192e@group-321D9595DF86-LeaderElection196 got exception when requesting votes: {}
java.util.concurrent.ExecutionException: org.apache.ratis.thirdparty.io.grpc.StatusRuntimeException: UNAVAILABLE: io exception
	at java.util.concurrent.FutureTask.report(FutureTask.java:122)
	at java.util.concurrent.FutureTask.get(FutureTask.java:192)
	at org.apache.ratis.server.impl.LeaderElection.waitForResults(LeaderElection.java:259)
	at org.apache.ratis.server.impl.LeaderElection.askForVotes(LeaderElection.java:197)
	at org.apache.ratis.server.impl.LeaderElection.run(LeaderElection.java:133)
	at java.lang.Thread.run(Thread.java:748)
Caused by: org.apache.ratis.thirdparty.io.grpc.StatusRuntimeException: UNAVAILABLE: io exception
	at org.apache.ratis.thirdparty.io.grpc.stub.ClientCalls.toStatusRuntimeException(ClientCalls.java:233)
	at org.apache.ratis.thirdparty.io.grpc.stub.ClientCalls.getUnchecked(ClientCalls.java:214)
	at org.apache.ratis.thirdparty.io.grpc.stub.ClientCalls.blockingUnaryCall(ClientCalls.java:139)
	at org.apache.ratis.proto.grpc.RaftServerProtocolServiceGrpc$RaftServerProtocolServiceBlockingStub.requestVote(RaftServerProtocolServiceGrpc.java:265)
	at org.apache.ratis.grpc.server.GrpcServerProtocolClient.requestVote(GrpcServerProtocolClient.java:99)
	at org.apache.ratis.grpc.server.GrpcService.requestVote(GrpcService.java:204)
	at org.apache.ratis.server.impl.LeaderElection.lambda$submitRequests$1(LeaderElection.java:234)
	at java.util.concurrent.FutureTask.run(FutureTask.java:266)
	at java.util.concurrent.Executors$RunnableAdapter.call(Executors.java:511)
	at java.util.concurrent.FutureTask.run(FutureTask.java:266)
	at java.util.concurrent.ThreadPoolExecutor.runWorker(ThreadPoolExecutor.java:1149)
	at java.util.concurrent.ThreadPoolExecutor$Worker.run(ThreadPoolExecutor.java:624)
	... 1 more
Caused by: org.apache.ratis.thirdparty.io.netty.channel.AbstractChannel$AnnotatedConnectException: Connection refused: /192.168.157.201:35685
	at sun.nio.ch.SocketChannelImpl.checkConnect(Native Method)
	at sun.nio.ch.SocketChannelImpl.finishConnect(SocketChannelImpl.java:717)
	at org.apache.ratis.thirdparty.io.netty.channel.socket.nio.NioSocketChannel.doFinishConnect(NioSocketChannel.java:327)
	at org.apache.ratis.thirdparty.io.netty.channel.nio.AbstractNioChannel$AbstractNioUnsafe.finishConnect(AbstractNioChannel.java:340)
	at org.apache.ratis.thirdparty.io.netty.channel.nio.NioEventLoop.processSelectedKey(NioEventLoop.java:632)
	at org.apache.ratis.thirdparty.io.netty.channel.nio.NioEventLoop.processSelectedKeysOptimized(NioEventLoop.java:579)
	at org.apache.ratis.thirdparty.io.netty.channel.nio.NioEventLoop.processSelectedKeys(NioEventLoop.java:496)
	at org.apache.ratis.thirdparty.io.netty.channel.nio.NioEventLoop.run(NioEventLoop.java:458)
	at org.apache.ratis.thirdparty.io.netty.util.concurrent.SingleThreadEventExecutor$5.run(SingleThreadEventExecutor.java:897)
	at org.apache.ratis.thirdparty.io.netty.util.concurrent.FastThreadLocalRunnable.run(FastThreadLocalRunnable.java:30)
	... 1 more
Caused by: java.net.ConnectException: Connection refused
	... 11 more
2019-11-15 20:27:48,294 [c767ecc1-97b1-4b32-a4b7-dad4991a192e@group-321D9595DF86-LeaderElection196] INFO  impl.LeaderElection (LogUtils.java:infoOrTrace(149)) - c767ecc1-97b1-4b32-a4b7-dad4991a192e@group-321D9595DF86-LeaderElection196 got exception when requesting votes: {}
java.util.concurrent.ExecutionException: org.apache.ratis.thirdparty.io.grpc.StatusRuntimeException: UNAVAILABLE: io exception
	at java.util.concurrent.FutureTask.report(FutureTask.java:122)
	at java.util.concurrent.FutureTask.get(FutureTask.java:192)
	at org.apache.ratis.server.impl.LeaderElection.waitForResults(LeaderElection.java:259)
	at org.apache.ratis.server.impl.LeaderElection.askForVotes(LeaderElection.java:197)
	at org.apache.ratis.server.impl.LeaderElection.run(LeaderElection.java:133)
	at java.lang.Thread.run(Thread.java:748)
Caused by: org.apache.ratis.thirdparty.io.grpc.StatusRuntimeException: UNAVAILABLE: io exception
	at org.apache.ratis.thirdparty.io.grpc.stub.ClientCalls.toStatusRuntimeException(ClientCalls.java:233)
	at org.apache.ratis.thirdparty.io.grpc.stub.ClientCalls.getUnchecked(ClientCalls.java:214)
	at org.apache.ratis.thirdparty.io.grpc.stub.ClientCalls.blockingUnaryCall(ClientCalls.java:139)
	at org.apache.ratis.proto.grpc.RaftServerProtocolServiceGrpc$RaftServerProtocolServiceBlockingStub.requestVote(RaftServerProtocolServiceGrpc.java:265)
	at org.apache.ratis.grpc.server.GrpcServerProtocolClient.requestVote(GrpcServerProtocolClient.java:99)
	at org.apache.ratis.grpc.server.GrpcService.requestVote(GrpcService.java:204)
	at org.apache.ratis.server.impl.LeaderElection.lambda$submitRequests$1(LeaderElection.java:234)
	at java.util.concurrent.FutureTask.run(FutureTask.java:266)
	at java.util.concurrent.Executors$RunnableAdapter.call(Executors.java:511)
	at java.util.concurrent.FutureTask.run(FutureTask.java:266)
	at java.util.concurrent.ThreadPoolExecutor.runWorker(ThreadPoolExecutor.java:1149)
	at java.util.concurrent.ThreadPoolExecutor$Worker.run(ThreadPoolExecutor.java:624)
	... 1 more
Caused by: org.apache.ratis.thirdparty.io.netty.channel.AbstractChannel$AnnotatedConnectException: Connection refused: /192.168.157.201:37473
	at sun.nio.ch.SocketChannelImpl.checkConnect(Native Method)
	at sun.nio.ch.SocketChannelImpl.finishConnect(SocketChannelImpl.java:717)
	at org.apache.ratis.thirdparty.io.netty.channel.socket.nio.NioSocketChannel.doFinishConnect(NioSocketChannel.java:327)
	at org.apache.ratis.thirdparty.io.netty.channel.nio.AbstractNioChannel$AbstractNioUnsafe.finishConnect(AbstractNioChannel.java:340)
	at org.apache.ratis.thirdparty.io.netty.channel.nio.NioEventLoop.processSelectedKey(NioEventLoop.java:632)
	at org.apache.ratis.thirdparty.io.netty.channel.nio.NioEventLoop.processSelectedKeysOptimized(NioEventLoop.java:579)
	at org.apache.ratis.thirdparty.io.netty.channel.nio.NioEventLoop.processSelectedKeys(NioEventLoop.java:496)
	at org.apache.ratis.thirdparty.io.netty.channel.nio.NioEventLoop.run(NioEventLoop.java:458)
	at org.apache.ratis.thirdparty.io.netty.util.concurrent.SingleThreadEventExecutor$5.run(SingleThreadEventExecutor.java:897)
	at org.apache.ratis.thirdparty.io.netty.util.concurrent.FastThreadLocalRunnable.run(FastThreadLocalRunnable.java:30)
	... 1 more
Caused by: java.net.ConnectException: Connection refused
	... 11 more
2019-11-15 20:27:48,294 [c767ecc1-97b1-4b32-a4b7-dad4991a192e@group-321D9595DF86-LeaderElection196] INFO  impl.LeaderElection (LeaderElection.java:logAndReturn(56)) - c767ecc1-97b1-4b32-a4b7-dad4991a192e@group-321D9595DF86-LeaderElection196: Election REJECTED; received 0 response(s) [] and 2 exception(s); c767ecc1-97b1-4b32-a4b7-dad4991a192e@group-321D9595DF86:t6, leader=null, voted=c767ecc1-97b1-4b32-a4b7-dad4991a192e, raftlog=c767ecc1-97b1-4b32-a4b7-dad4991a192e@group-321D9595DF86-SegmentedRaftLog:OPENED:c6,f6,i6, conf=0: [ecb82392-9efc-4718-8957-302e66d96ccd:192.168.157.201:35685, 6d6ed0d9-a6ea-4ace-a9af-83891056ab32:192.168.157.201:37473, c767ecc1-97b1-4b32-a4b7-dad4991a192e:192.168.157.201:43389], old=null
2019-11-15 20:27:48,295 [c767ecc1-97b1-4b32-a4b7-dad4991a192e@group-321D9595DF86-LeaderElection196] INFO  impl.LeaderElection (LogUtils.java:infoOrTrace(149)) -   Exception 0: {}
java.util.concurrent.ExecutionException: org.apache.ratis.thirdparty.io.grpc.StatusRuntimeException: UNAVAILABLE: io exception
	at java.util.concurrent.FutureTask.report(FutureTask.java:122)
	at java.util.concurrent.FutureTask.get(FutureTask.java:192)
	at org.apache.ratis.server.impl.LeaderElection.waitForResults(LeaderElection.java:259)
	at org.apache.ratis.server.impl.LeaderElection.askForVotes(LeaderElection.java:197)
	at org.apache.ratis.server.impl.LeaderElection.run(LeaderElection.java:133)
	at java.lang.Thread.run(Thread.java:748)
Caused by: org.apache.ratis.thirdparty.io.grpc.StatusRuntimeException: UNAVAILABLE: io exception
	at org.apache.ratis.thirdparty.io.grpc.stub.ClientCalls.toStatusRuntimeException(ClientCalls.java:233)
	at org.apache.ratis.thirdparty.io.grpc.stub.ClientCalls.getUnchecked(ClientCalls.java:214)
	at org.apache.ratis.thirdparty.io.grpc.stub.ClientCalls.blockingUnaryCall(ClientCalls.java:139)
	at org.apache.ratis.proto.grpc.RaftServerProtocolServiceGrpc$RaftServerProtocolServiceBlockingStub.requestVote(RaftServerProtocolServiceGrpc.java:265)
	at org.apache.ratis.grpc.server.GrpcServerProtocolClient.requestVote(GrpcServerProtocolClient.java:99)
	at org.apache.ratis.grpc.server.GrpcService.requestVote(GrpcService.java:204)
	at org.apache.ratis.server.impl.LeaderElection.lambda$submitRequests$1(LeaderElection.java:234)
	at java.util.concurrent.FutureTask.run(FutureTask.java:266)
	at java.util.concurrent.Executors$RunnableAdapter.call(Executors.java:511)
	at java.util.concurrent.FutureTask.run(FutureTask.java:266)
	at java.util.concurrent.ThreadPoolExecutor.runWorker(ThreadPoolExecutor.java:1149)
	at java.util.concurrent.ThreadPoolExecutor$Worker.run(ThreadPoolExecutor.java:624)
	... 1 more
Caused by: org.apache.ratis.thirdparty.io.netty.channel.AbstractChannel$AnnotatedConnectException: Connection refused: /192.168.157.201:35685
	at sun.nio.ch.SocketChannelImpl.checkConnect(Native Method)
	at sun.nio.ch.SocketChannelImpl.finishConnect(SocketChannelImpl.java:717)
	at org.apache.ratis.thirdparty.io.netty.channel.socket.nio.NioSocketChannel.doFinishConnect(NioSocketChannel.java:327)
	at org.apache.ratis.thirdparty.io.netty.channel.nio.AbstractNioChannel$AbstractNioUnsafe.finishConnect(AbstractNioChannel.java:340)
	at org.apache.ratis.thirdparty.io.netty.channel.nio.NioEventLoop.processSelectedKey(NioEventLoop.java:632)
	at org.apache.ratis.thirdparty.io.netty.channel.nio.NioEventLoop.processSelectedKeysOptimized(NioEventLoop.java:579)
	at org.apache.ratis.thirdparty.io.netty.channel.nio.NioEventLoop.processSelectedKeys(NioEventLoop.java:496)
	at org.apache.ratis.thirdparty.io.netty.channel.nio.NioEventLoop.run(NioEventLoop.java:458)
	at org.apache.ratis.thirdparty.io.netty.util.concurrent.SingleThreadEventExecutor$5.run(SingleThreadEventExecutor.java:897)
	at org.apache.ratis.thirdparty.io.netty.util.concurrent.FastThreadLocalRunnable.run(FastThreadLocalRunnable.java:30)
	... 1 more
Caused by: java.net.ConnectException: Connection refused
	... 11 more
2019-11-15 20:27:48,295 [c767ecc1-97b1-4b32-a4b7-dad4991a192e@group-321D9595DF86-LeaderElection196] INFO  impl.LeaderElection (LogUtils.java:infoOrTrace(149)) -   Exception 1: {}
java.util.concurrent.ExecutionException: org.apache.ratis.thirdparty.io.grpc.StatusRuntimeException: UNAVAILABLE: io exception
	at java.util.concurrent.FutureTask.report(FutureTask.java:122)
	at java.util.concurrent.FutureTask.get(FutureTask.java:192)
	at org.apache.ratis.server.impl.LeaderElection.waitForResults(LeaderElection.java:259)
	at org.apache.ratis.server.impl.LeaderElection.askForVotes(LeaderElection.java:197)
	at org.apache.ratis.server.impl.LeaderElection.run(LeaderElection.java:133)
	at java.lang.Thread.run(Thread.java:748)
Caused by: org.apache.ratis.thirdparty.io.grpc.StatusRuntimeException: UNAVAILABLE: io exception
	at org.apache.ratis.thirdparty.io.grpc.stub.ClientCalls.toStatusRuntimeException(ClientCalls.java:233)
	at org.apache.ratis.thirdparty.io.grpc.stub.ClientCalls.getUnchecked(ClientCalls.java:214)
	at org.apache.ratis.thirdparty.io.grpc.stub.ClientCalls.blockingUnaryCall(ClientCalls.java:139)
	at org.apache.ratis.proto.grpc.RaftServerProtocolServiceGrpc$RaftServerProtocolServiceBlockingStub.requestVote(RaftServerProtocolServiceGrpc.java:265)
	at org.apache.ratis.grpc.server.GrpcServerProtocolClient.requestVote(GrpcServerProtocolClient.java:99)
	at org.apache.ratis.grpc.server.GrpcService.requestVote(GrpcService.java:204)
	at org.apache.ratis.server.impl.LeaderElection.lambda$submitRequests$1(LeaderElection.java:234)
	at java.util.concurrent.FutureTask.run(FutureTask.java:266)
	at java.util.concurrent.Executors$RunnableAdapter.call(Executors.java:511)
	at java.util.concurrent.FutureTask.run(FutureTask.java:266)
	at java.util.concurrent.ThreadPoolExecutor.runWorker(ThreadPoolExecutor.java:1149)
	at java.util.concurrent.ThreadPoolExecutor$Worker.run(ThreadPoolExecutor.java:624)
	... 1 more
Caused by: org.apache.ratis.thirdparty.io.netty.channel.AbstractChannel$AnnotatedConnectException: Connection refused: /192.168.157.201:37473
	at sun.nio.ch.SocketChannelImpl.checkConnect(Native Method)
	at sun.nio.ch.SocketChannelImpl.finishConnect(SocketChannelImpl.java:717)
	at org.apache.ratis.thirdparty.io.netty.channel.socket.nio.NioSocketChannel.doFinishConnect(NioSocketChannel.java:327)
	at org.apache.ratis.thirdparty.io.netty.channel.nio.AbstractNioChannel$AbstractNioUnsafe.finishConnect(AbstractNioChannel.java:340)
	at org.apache.ratis.thirdparty.io.netty.channel.nio.NioEventLoop.processSelectedKey(NioEventLoop.java:632)
	at org.apache.ratis.thirdparty.io.netty.channel.nio.NioEventLoop.processSelectedKeysOptimized(NioEventLoop.java:579)
	at org.apache.ratis.thirdparty.io.netty.channel.nio.NioEventLoop.processSelectedKeys(NioEventLoop.java:496)
	at org.apache.ratis.thirdparty.io.netty.channel.nio.NioEventLoop.run(NioEventLoop.java:458)
	at org.apache.ratis.thirdparty.io.netty.util.concurrent.SingleThreadEventExecutor$5.run(SingleThreadEventExecutor.java:897)
	at org.apache.ratis.thirdparty.io.netty.util.concurrent.FastThreadLocalRunnable.run(FastThreadLocalRunnable.java:30)
	... 1 more
Caused by: java.net.ConnectException: Connection refused
	... 11 more
2019-11-15 20:27:48,295 [c767ecc1-97b1-4b32-a4b7-dad4991a192e@group-321D9595DF86-LeaderElection196] INFO  impl.RaftServerImpl (RaftServerImpl.java:setRole(173)) - c767ecc1-97b1-4b32-a4b7-dad4991a192e@group-321D9595DF86: changes role from CANDIDATE to FOLLOWER at term 6 for DISCOVERED_A_NEW_TERM
2019-11-15 20:27:48,295 [c767ecc1-97b1-4b32-a4b7-dad4991a192e@group-321D9595DF86-LeaderElection196] INFO  impl.RoleInfo (RoleInfo.java:shutdownLeaderElection(134)) - c767ecc1-97b1-4b32-a4b7-dad4991a192e: shutdown LeaderElection
2019-11-15 20:27:48,295 [c767ecc1-97b1-4b32-a4b7-dad4991a192e@group-321D9595DF86-LeaderElection196] INFO  impl.RoleInfo (RoleInfo.java:updateAndGet(143)) - c767ecc1-97b1-4b32-a4b7-dad4991a192e: start FollowerState
2019-11-15 20:27:48,586 [grpc-default-executor-6] WARN  server.GrpcLogAppender (LogUtils.java:warn(134)) - 77a687a8-07fe-464e-b0f2-03532ede599a@group-09BF56990583->b7fbb734-148a-49a6-9cb1-519eb8bdf364-AppendLogResponseHandler: Failed appendEntries: org.apache.ratis.thirdparty.io.grpc.StatusRuntimeException: UNAVAILABLE: io exception
2019-11-15 20:27:48,586 [grpc-default-executor-6] INFO  impl.FollowerInfo (FollowerInfo.java:lambda$new$0(51)) - 77a687a8-07fe-464e-b0f2-03532ede599a@group-09BF56990583->b7fbb734-148a-49a6-9cb1-519eb8bdf364: nextIndex: updateUnconditionally 0 -> 0
2019-11-15 20:27:48,592 [grpc-default-executor-10] WARN  server.GrpcLogAppender (LogUtils.java:warn(134)) - 77a687a8-07fe-464e-b0f2-03532ede599a@group-09BF56990583->0d66e4d5-0fe9-441c-84d0-b1903c285e78-AppendLogResponseHandler: Failed appendEntries: org.apache.ratis.thirdparty.io.grpc.StatusRuntimeException: UNAVAILABLE: io exception
2019-11-15 20:27:48,592 [grpc-default-executor-10] INFO  impl.FollowerInfo (FollowerInfo.java:lambda$new$0(51)) - 77a687a8-07fe-464e-b0f2-03532ede599a@group-09BF56990583->0d66e4d5-0fe9-441c-84d0-b1903c285e78: nextIndex: updateUnconditionally 0 -> 0
2019-11-15 20:27:48,592 [grpc-default-executor-12] WARN  server.GrpcLogAppender (LogUtils.java:warn(134)) - 4e9d79cc-0455-427e-951d-7d9146a76d5d@group-62B4F8A0C489->d8d3f8ae-ceeb-4228-b266-44fc60f7c1eb-AppendLogResponseHandler: Failed appendEntries: org.apache.ratis.thirdparty.io.grpc.StatusRuntimeException: UNAVAILABLE: io exception
2019-11-15 20:27:48,593 [grpc-default-executor-12] INFO  impl.FollowerInfo (FollowerInfo.java:lambda$new$0(51)) - 4e9d79cc-0455-427e-951d-7d9146a76d5d@group-62B4F8A0C489->d8d3f8ae-ceeb-4228-b266-44fc60f7c1eb: nextIndex: updateUnconditionally 0 -> 0
2019-11-15 20:27:49,045 [main] INFO  ozoneimpl.OzoneContainer (OzoneContainer.java:stop(244)) - Attempting to stop container services.
2019-11-15 20:27:49,047 [main] INFO  impl.RaftServerProxy (RaftServerProxy.java:lambda$close$4(314)) - 4e9d79cc-0455-427e-951d-7d9146a76d5d: close
2019-11-15 20:27:49,047 [main] INFO  impl.RaftServerImpl (RaftServerImpl.java:lambda$shutdown$3(250)) - 4e9d79cc-0455-427e-951d-7d9146a76d5d@group-A95683BA2CB7: shutdown
2019-11-15 20:27:49,048 [main] INFO  util.JmxRegister (JmxRegister.java:unregister(73)) - Successfully un-registered JMX Bean with object name Ratis:service=RaftServer,group=group-A95683BA2CB7,id=4e9d79cc-0455-427e-951d-7d9146a76d5d
2019-11-15 20:27:49,048 [main] INFO  impl.RoleInfo (RoleInfo.java:shutdownLeaderState(104)) - 4e9d79cc-0455-427e-951d-7d9146a76d5d: shutdown LeaderState
2019-11-15 20:27:49,048 [main] INFO  impl.PendingRequests (PendingRequests.java:sendNotLeaderResponses(206)) - 4e9d79cc-0455-427e-951d-7d9146a76d5d@group-A95683BA2CB7-PendingRequests: sendNotLeaderResponses
2019-11-15 20:27:49,049 [main] INFO  impl.StateMachineUpdater (StateMachineUpdater.java:stopAndJoin(136)) - 4e9d79cc-0455-427e-951d-7d9146a76d5d@group-A95683BA2CB7-StateMachineUpdater: set stopIndex = 0
2019-11-15 20:27:49,049 [main] INFO  impl.RaftServerImpl (ServerState.java:close(387)) - 4e9d79cc-0455-427e-951d-7d9146a76d5d@group-A95683BA2CB7: closes. applyIndex: 0
2019-11-15 20:27:49,050 [4e9d79cc-0455-427e-951d-7d9146a76d5d@group-A95683BA2CB7-SegmentedRaftLogWorker] INFO  segmented.SegmentedRaftLogWorker (SegmentedRaftLogWorker.java:run(316)) - 4e9d79cc-0455-427e-951d-7d9146a76d5d@group-A95683BA2CB7-SegmentedRaftLogWorker was interrupted, exiting. There are 0 tasks remaining in the queue.
2019-11-15 20:27:49,051 [main] INFO  segmented.SegmentedRaftLogWorker (SegmentedRaftLogWorker.java:close(224)) - 4e9d79cc-0455-427e-951d-7d9146a76d5d@group-A95683BA2CB7-SegmentedRaftLogWorker close()
2019-11-15 20:27:49,051 [main] INFO  impl.RaftServerImpl (RaftServerImpl.java:lambda$shutdown$3(250)) - 4e9d79cc-0455-427e-951d-7d9146a76d5d@group-62B4F8A0C489: shutdown
2019-11-15 20:27:49,052 [main] INFO  util.JmxRegister (JmxRegister.java:unregister(73)) - Successfully un-registered JMX Bean with object name Ratis:service=RaftServer,group=group-62B4F8A0C489,id=4e9d79cc-0455-427e-951d-7d9146a76d5d
2019-11-15 20:27:49,052 [main] INFO  impl.RoleInfo (RoleInfo.java:shutdownLeaderState(104)) - 4e9d79cc-0455-427e-951d-7d9146a76d5d: shutdown LeaderState
2019-11-15 20:27:49,057 [main] INFO  impl.PendingRequests (PendingRequests.java:sendNotLeaderResponses(206)) - 4e9d79cc-0455-427e-951d-7d9146a76d5d@group-62B4F8A0C489-PendingRequests: sendNotLeaderResponses
2019-11-15 20:27:49,057 [org.apache.ratis.server.impl.LogAppender$AppenderDaemon$$Lambda$425/1230114949@5b33c413] WARN  server.GrpcLogAppender (GrpcLogAppender.java:mayWait(151)) - 4e9d79cc-0455-427e-951d-7d9146a76d5d@group-62B4F8A0C489->95354d75-8d68-42fd-a60f-edc5fe17909c-GrpcLogAppender: Wait interrupted by java.lang.InterruptedException
2019-11-15 20:27:49,057 [org.apache.ratis.server.impl.LogAppender$AppenderDaemon$$Lambda$425/1230114949@1e3149b1] WARN  server.GrpcLogAppender (GrpcLogAppender.java:mayWait(151)) - 4e9d79cc-0455-427e-951d-7d9146a76d5d@group-62B4F8A0C489->d8d3f8ae-ceeb-4228-b266-44fc60f7c1eb-GrpcLogAppender: Wait interrupted by java.lang.InterruptedException
2019-11-15 20:27:49,058 [main] INFO  impl.StateMachineUpdater (StateMachineUpdater.java:stopAndJoin(136)) - 4e9d79cc-0455-427e-951d-7d9146a76d5d@group-62B4F8A0C489-StateMachineUpdater: set stopIndex = 0
2019-11-15 20:27:49,059 [main] INFO  impl.RaftServerImpl (ServerState.java:close(387)) - 4e9d79cc-0455-427e-951d-7d9146a76d5d@group-62B4F8A0C489: closes. applyIndex: 0
2019-11-15 20:27:49,059 [grpc-default-executor-12] INFO  server.GrpcServerProtocolService (GrpcServerProtocolService.java:onCompleted(113)) - 95354d75-8d68-42fd-a60f-edc5fe17909c: Completed APPEND_ENTRIES, lastRequest: 4e9d79cc-0455-427e-951d-7d9146a76d5d->95354d75-8d68-42fd-a60f-edc5fe17909c#38-t2, previous=(t:2, i:0), leaderCommit=0, initializing? false, entries: <empty>
2019-11-15 20:27:49,059 [4e9d79cc-0455-427e-951d-7d9146a76d5d@group-62B4F8A0C489-SegmentedRaftLogWorker] INFO  segmented.SegmentedRaftLogWorker (SegmentedRaftLogWorker.java:run(316)) - 4e9d79cc-0455-427e-951d-7d9146a76d5d@group-62B4F8A0C489-SegmentedRaftLogWorker was interrupted, exiting. There are 0 tasks remaining in the queue.
2019-11-15 20:27:49,060 [main] INFO  segmented.SegmentedRaftLogWorker (SegmentedRaftLogWorker.java:close(224)) - 4e9d79cc-0455-427e-951d-7d9146a76d5d@group-62B4F8A0C489-SegmentedRaftLogWorker close()
2019-11-15 20:27:49,060 [grpc-default-executor-12] INFO  server.GrpcLogAppender (GrpcLogAppender.java:onCompleted(308)) - 4e9d79cc-0455-427e-951d-7d9146a76d5d@group-62B4F8A0C489->95354d75-8d68-42fd-a60f-edc5fe17909c-AppendLogResponseHandler: follower responses appendEntries COMPLETED
2019-11-15 20:27:49,060 [main] INFO  server.GrpcService (GrpcService.java:closeImpl(164)) - 4e9d79cc-0455-427e-951d-7d9146a76d5d: shutdown server with port 45301 now
2019-11-15 20:27:49,061 [ForkJoinPool.commonPool-worker-1] INFO  ozoneimpl.OzoneContainer (OzoneContainer.java:stop(244)) - Attempting to stop container services.
2019-11-15 20:27:49,061 [grpc-default-executor-12] INFO  impl.FollowerInfo (FollowerInfo.java:lambda$new$0(51)) - 4e9d79cc-0455-427e-951d-7d9146a76d5d@group-62B4F8A0C489->95354d75-8d68-42fd-a60f-edc5fe17909c: nextIndex: updateUnconditionally 1 -> 0
2019-11-15 20:27:49,061 [ForkJoinPool.commonPool-worker-1] INFO  impl.RaftServerProxy (RaftServerProxy.java:lambda$close$4(314)) - c767ecc1-97b1-4b32-a4b7-dad4991a192e: close
2019-11-15 20:27:49,061 [main] INFO  server.GrpcService (GrpcService.java:closeImpl(172)) - 4e9d79cc-0455-427e-951d-7d9146a76d5d: shutdown server with port 45301 successfully
2019-11-15 20:27:49,062 [ForkJoinPool.commonPool-worker-1] INFO  impl.RaftServerImpl (RaftServerImpl.java:lambda$shutdown$3(250)) - c767ecc1-97b1-4b32-a4b7-dad4991a192e@group-321D9595DF86: shutdown
2019-11-15 20:27:49,062 [ForkJoinPool.commonPool-worker-1] INFO  util.JmxRegister (JmxRegister.java:unregister(73)) - Successfully un-registered JMX Bean with object name Ratis:service=RaftServer,group=group-321D9595DF86,id=c767ecc1-97b1-4b32-a4b7-dad4991a192e
2019-11-15 20:27:49,063 [ForkJoinPool.commonPool-worker-1] INFO  impl.RoleInfo (RoleInfo.java:shutdownFollowerState(121)) - c767ecc1-97b1-4b32-a4b7-dad4991a192e: shutdown FollowerState
2019-11-15 20:27:49,063 [ForkJoinPool.commonPool-worker-1] INFO  impl.StateMachineUpdater (StateMachineUpdater.java:stopAndJoin(136)) - c767ecc1-97b1-4b32-a4b7-dad4991a192e@group-321D9595DF86-StateMachineUpdater: set stopIndex = 6
2019-11-15 20:27:49,063 [c767ecc1-97b1-4b32-a4b7-dad4991a192e@group-321D9595DF86-StateMachineUpdater] INFO  ratis.ContainerStateMachine (ContainerStateMachine.java:takeSnapshot(285)) - group-321D9595DF86: Taking a snapshot at:(t:3, i:4) file /workdir/hadoop-ozone/integration-test/target/test-dir/MiniOzoneClusterImpl-2baab228-4da8-45e4-8c00-c7e13f1dd389/datanode-4/data/ratis/0708e2f2-ab90-456c-9498-321d9595df86/sm/snapshot.3_4
2019-11-15 20:27:49,063 [Thread-4477] INFO  impl.FollowerState (FollowerState.java:run(120)) - c767ecc1-97b1-4b32-a4b7-dad4991a192e@group-321D9595DF86-FollowerState was interrupted: java.lang.InterruptedException: sleep interrupted
2019-11-15 20:27:49,068 [refreshUsed-/workdir/hadoop-ozone/integration-test/target/test-dir/MiniOzoneClusterImpl-2baab228-4da8-45e4-8c00-c7e13f1dd389/datanode-9/data/containers] WARN  fs.CachingGetSpaceUsed (CachingGetSpaceUsed.java:run(183)) - Thread Interrupted waiting to refresh disk information: sleep interrupted
2019-11-15 20:27:49,085 [main] INFO  utils.BackgroundService (BackgroundService.java:shutdown(151)) - Shutting down service BlockDeletingService
2019-11-15 20:27:49,087 [grpc-default-executor-10] WARN  server.GrpcLogAppender (LogUtils.java:warn(134)) - 77a687a8-07fe-464e-b0f2-03532ede599a@group-09BF56990583->b7fbb734-148a-49a6-9cb1-519eb8bdf364-AppendLogResponseHandler: Failed appendEntries: org.apache.ratis.thirdparty.io.grpc.StatusRuntimeException: UNAVAILABLE: io exception
2019-11-15 20:27:49,087 [main] INFO  statemachine.DatanodeStateMachine (DatanodeStateMachine.java:stopDaemon(400)) - Ozone container server stopped.
2019-11-15 20:27:49,087 [grpc-default-executor-10] INFO  impl.FollowerInfo (FollowerInfo.java:lambda$new$0(51)) - 77a687a8-07fe-464e-b0f2-03532ede599a@group-09BF56990583->b7fbb734-148a-49a6-9cb1-519eb8bdf364: nextIndex: updateUnconditionally 0 -> 0
2019-11-15 20:27:49,088 [main] INFO  handler.ContextHandler (ContextHandler.java:doStop(910)) - Stopped o.e.j.w.WebAppContext@37d699a1{/,null,UNAVAILABLE}{/hddsDatanode}
2019-11-15 20:27:49,089 [main] INFO  server.AbstractConnector (AbstractConnector.java:doStop(318)) - Stopped ServerConnector@7f42b194{HTTP/1.1,[http/1.1]}{0.0.0.0:0}
2019-11-15 20:27:49,089 [main] INFO  handler.ContextHandler (ContextHandler.java:doStop(910)) - Stopped o.e.j.s.ServletContextHandler@3cc3f13e{/static,jar:file:/home/user/.m2/repository/org/apache/hadoop/hadoop-hdds-container-service/0.5.0-SNAPSHOT/hadoop-hdds-container-service-0.5.0-SNAPSHOT.jar!/webapps/static,UNAVAILABLE}
2019-11-15 20:27:49,090 [main] INFO  handler.ContextHandler (ContextHandler.java:doStop(910)) - Stopped o.e.j.s.ServletContextHandler@424f02b8{/logs,file:///workdir/hadoop-ozone/integration-test/target/log,UNAVAILABLE}
2019-11-15 20:27:49,092 [c767ecc1-97b1-4b32-a4b7-dad4991a192e@group-321D9595DF86-StateMachineUpdater] INFO  ratis.ContainerStateMachine (ContainerStateMachine.java:takeSnapshot(296)) - group-321D9595DF86: Finished taking a snapshot at:(t:3, i:4) file:/workdir/hadoop-ozone/integration-test/target/test-dir/MiniOzoneClusterImpl-2baab228-4da8-45e4-8c00-c7e13f1dd389/datanode-4/data/ratis/0708e2f2-ab90-456c-9498-321d9595df86/sm/snapshot.3_4 time:29
2019-11-15 20:27:49,092 [grpc-default-executor-10] WARN  server.GrpcLogAppender (LogUtils.java:warn(134)) - 77a687a8-07fe-464e-b0f2-03532ede599a@group-09BF56990583->0d66e4d5-0fe9-441c-84d0-b1903c285e78-AppendLogResponseHandler: Failed appendEntries: org.apache.ratis.thirdparty.io.grpc.StatusRuntimeException: UNAVAILABLE: io exception
2019-11-15 20:27:49,092 [grpc-default-executor-10] INFO  impl.FollowerInfo (FollowerInfo.java:lambda$new$0(51)) - 77a687a8-07fe-464e-b0f2-03532ede599a@group-09BF56990583->0d66e4d5-0fe9-441c-84d0-b1903c285e78: nextIndex: updateUnconditionally 0 -> 0
2019-11-15 20:27:49,093 [c767ecc1-97b1-4b32-a4b7-dad4991a192e@group-321D9595DF86-StateMachineUpdater] INFO  impl.StateMachineUpdater (StateMachineUpdater.java:takeSnapshot(269)) - c767ecc1-97b1-4b32-a4b7-dad4991a192e@group-321D9595DF86-StateMachineUpdater: Took a snapshot at index 4
2019-11-15 20:27:49,093 [c767ecc1-97b1-4b32-a4b7-dad4991a192e@group-321D9595DF86-StateMachineUpdater] INFO  impl.StateMachineUpdater (StateMachineUpdater.java:lambda$new$0(84)) - c767ecc1-97b1-4b32-a4b7-dad4991a192e@group-321D9595DF86-StateMachineUpdater: snapshotIndex: updateIncreasingly -1 -> 4
2019-11-15 20:27:49,094 [c767ecc1-97b1-4b32-a4b7-dad4991a192e@group-321D9595DF86-StateMachineUpdater] INFO  ratis.ContainerStateMachine (ContainerStateMachine.java:takeSnapshot(285)) - group-321D9595DF86: Taking a snapshot at:(t:3, i:4) file /workdir/hadoop-ozone/integration-test/target/test-dir/MiniOzoneClusterImpl-2baab228-4da8-45e4-8c00-c7e13f1dd389/datanode-4/data/ratis/0708e2f2-ab90-456c-9498-321d9595df86/sm/snapshot.3_4
2019-11-15 20:27:49,120 [c767ecc1-97b1-4b32-a4b7-dad4991a192e@group-321D9595DF86-StateMachineUpdater] INFO  ratis.ContainerStateMachine (ContainerStateMachine.java:takeSnapshot(296)) - group-321D9595DF86: Finished taking a snapshot at:(t:3, i:4) file:/workdir/hadoop-ozone/integration-test/target/test-dir/MiniOzoneClusterImpl-2baab228-4da8-45e4-8c00-c7e13f1dd389/datanode-4/data/ratis/0708e2f2-ab90-456c-9498-321d9595df86/sm/snapshot.3_4 time:26
2019-11-15 20:27:49,120 [c767ecc1-97b1-4b32-a4b7-dad4991a192e@group-321D9595DF86-StateMachineUpdater] INFO  impl.StateMachineUpdater (StateMachineUpdater.java:takeSnapshot(269)) - c767ecc1-97b1-4b32-a4b7-dad4991a192e@group-321D9595DF86-StateMachineUpdater: Took a snapshot at index 4
2019-11-15 20:27:49,120 [c767ecc1-97b1-4b32-a4b7-dad4991a192e@group-321D9595DF86-StateMachineUpdater] INFO  impl.StateMachineUpdater (StateMachineUpdater.java:lambda$new$0(84)) - c767ecc1-97b1-4b32-a4b7-dad4991a192e@group-321D9595DF86-StateMachineUpdater: snapshotIndex: updateIncreasingly 4 -> 4
2019-11-15 20:27:49,120 [ForkJoinPool.commonPool-worker-1] INFO  impl.RaftServerImpl (ServerState.java:close(387)) - c767ecc1-97b1-4b32-a4b7-dad4991a192e@group-321D9595DF86: closes. applyIndex: 6
2019-11-15 20:27:49,121 [c767ecc1-97b1-4b32-a4b7-dad4991a192e@group-321D9595DF86-SegmentedRaftLogWorker] INFO  segmented.SegmentedRaftLogWorker (SegmentedRaftLogWorker.java:run(316)) - c767ecc1-97b1-4b32-a4b7-dad4991a192e@group-321D9595DF86-SegmentedRaftLogWorker was interrupted, exiting. There are 0 tasks remaining in the queue.
2019-11-15 20:27:49,121 [ForkJoinPool.commonPool-worker-1] INFO  segmented.SegmentedRaftLogWorker (SegmentedRaftLogWorker.java:close(224)) - c767ecc1-97b1-4b32-a4b7-dad4991a192e@group-321D9595DF86-SegmentedRaftLogWorker close()
2019-11-15 20:27:49,121 [ForkJoinPool.commonPool-worker-1] INFO  impl.RaftServerImpl (RaftServerImpl.java:lambda$shutdown$3(250)) - c767ecc1-97b1-4b32-a4b7-dad4991a192e@group-591691CAB653: shutdown
2019-11-15 20:27:49,121 [ForkJoinPool.commonPool-worker-1] INFO  util.JmxRegister (JmxRegister.java:unregister(73)) - Successfully un-registered JMX Bean with object name Ratis:service=RaftServer,group=group-591691CAB653,id=c767ecc1-97b1-4b32-a4b7-dad4991a192e
2019-11-15 20:27:49,121 [ForkJoinPool.commonPool-worker-1] INFO  impl.RoleInfo (RoleInfo.java:shutdownLeaderState(104)) - c767ecc1-97b1-4b32-a4b7-dad4991a192e: shutdown LeaderState
2019-11-15 20:27:49,122 [ForkJoinPool.commonPool-worker-1] INFO  impl.PendingRequests (PendingRequests.java:sendNotLeaderResponses(206)) - c767ecc1-97b1-4b32-a4b7-dad4991a192e@group-591691CAB653-PendingRequests: sendNotLeaderResponses
2019-11-15 20:27:49,122 [ForkJoinPool.commonPool-worker-1] INFO  impl.StateMachineUpdater (StateMachineUpdater.java:stopAndJoin(136)) - c767ecc1-97b1-4b32-a4b7-dad4991a192e@group-591691CAB653-StateMachineUpdater: set stopIndex = 0
2019-11-15 20:27:49,122 [ForkJoinPool.commonPool-worker-1] INFO  impl.RaftServerImpl (ServerState.java:close(387)) - c767ecc1-97b1-4b32-a4b7-dad4991a192e@group-591691CAB653: closes. applyIndex: 0
2019-11-15 20:27:49,122 [c767ecc1-97b1-4b32-a4b7-dad4991a192e@group-591691CAB653-SegmentedRaftLogWorker] INFO  segmented.SegmentedRaftLogWorker (SegmentedRaftLogWorker.java:run(316)) - c767ecc1-97b1-4b32-a4b7-dad4991a192e@group-591691CAB653-SegmentedRaftLogWorker was interrupted, exiting. There are 0 tasks remaining in the queue.
2019-11-15 20:27:49,122 [ForkJoinPool.commonPool-worker-1] INFO  segmented.SegmentedRaftLogWorker (SegmentedRaftLogWorker.java:close(224)) - c767ecc1-97b1-4b32-a4b7-dad4991a192e@group-591691CAB653-SegmentedRaftLogWorker close()
2019-11-15 20:27:49,122 [ForkJoinPool.commonPool-worker-1] INFO  server.GrpcService (GrpcService.java:closeImpl(164)) - c767ecc1-97b1-4b32-a4b7-dad4991a192e: shutdown server with port 43389 now
2019-11-15 20:27:49,123 [ForkJoinPool.commonPool-worker-1] INFO  server.GrpcService (GrpcService.java:closeImpl(172)) - c767ecc1-97b1-4b32-a4b7-dad4991a192e: shutdown server with port 43389 successfully
2019-11-15 20:27:49,126 [refreshUsed-/workdir/hadoop-ozone/integration-test/target/test-dir/MiniOzoneClusterImpl-2baab228-4da8-45e4-8c00-c7e13f1dd389/datanode-4/data/containers] WARN  fs.CachingGetSpaceUsed (CachingGetSpaceUsed.java:run(183)) - Thread Interrupted waiting to refresh disk information: sleep interrupted
2019-11-15 20:27:49,139 [ForkJoinPool.commonPool-worker-1] INFO  utils.BackgroundService (BackgroundService.java:shutdown(151)) - Shutting down service BlockDeletingService
2019-11-15 20:27:49,141 [ForkJoinPool.commonPool-worker-1] INFO  statemachine.DatanodeStateMachine (DatanodeStateMachine.java:stopDaemon(400)) - Ozone container server stopped.
2019-11-15 20:27:49,149 [ForkJoinPool.commonPool-worker-1] INFO  handler.ContextHandler (ContextHandler.java:doStop(910)) - Stopped o.e.j.w.WebAppContext@626c569b{/,null,UNAVAILABLE}{/hddsDatanode}
2019-11-15 20:27:49,149 [ForkJoinPool.commonPool-worker-1] INFO  server.AbstractConnector (AbstractConnector.java:doStop(318)) - Stopped ServerConnector@684ce74c{HTTP/1.1,[http/1.1]}{0.0.0.0:0}
2019-11-15 20:27:49,150 [ForkJoinPool.commonPool-worker-1] INFO  handler.ContextHandler (ContextHandler.java:doStop(910)) - Stopped o.e.j.s.ServletContextHandler@49754e74{/static,jar:file:/home/user/.m2/repository/org/apache/hadoop/hadoop-hdds-container-service/0.5.0-SNAPSHOT/hadoop-hdds-container-service-0.5.0-SNAPSHOT.jar!/webapps/static,UNAVAILABLE}
2019-11-15 20:27:49,151 [ForkJoinPool.commonPool-worker-1] INFO  handler.ContextHandler (ContextHandler.java:doStop(910)) - Stopped o.e.j.s.ServletContextHandler@736b21ee{/logs,file:///workdir/hadoop-ozone/integration-test/target/log,UNAVAILABLE}
2019-11-15 20:27:49,586 [grpc-default-executor-6] WARN  server.GrpcLogAppender (LogUtils.java:warn(134)) - 77a687a8-07fe-464e-b0f2-03532ede599a@group-09BF56990583->b7fbb734-148a-49a6-9cb1-519eb8bdf364-AppendLogResponseHandler: Failed appendEntries: org.apache.ratis.thirdparty.io.grpc.StatusRuntimeException: UNAVAILABLE: io exception
2019-11-15 20:27:49,587 [grpc-default-executor-6] INFO  impl.FollowerInfo (FollowerInfo.java:lambda$new$0(51)) - 77a687a8-07fe-464e-b0f2-03532ede599a@group-09BF56990583->b7fbb734-148a-49a6-9cb1-519eb8bdf364: nextIndex: updateUnconditionally 0 -> 0
2019-11-15 20:27:49,593 [grpc-default-executor-6] WARN  server.GrpcLogAppender (LogUtils.java:warn(134)) - 77a687a8-07fe-464e-b0f2-03532ede599a@group-09BF56990583->0d66e4d5-0fe9-441c-84d0-b1903c285e78-AppendLogResponseHandler: Failed appendEntries: org.apache.ratis.thirdparty.io.grpc.StatusRuntimeException: UNAVAILABLE: io exception
2019-11-15 20:27:49,593 [grpc-default-executor-6] INFO  impl.FollowerInfo (FollowerInfo.java:lambda$new$0(51)) - 77a687a8-07fe-464e-b0f2-03532ede599a@group-09BF56990583->0d66e4d5-0fe9-441c-84d0-b1903c285e78: nextIndex: updateUnconditionally 0 -> 0
2019-11-15 20:27:49,809 [Thread-4287] INFO  impl.FollowerState (FollowerState.java:run(111)) - 95354d75-8d68-42fd-a60f-edc5fe17909c@group-62B4F8A0C489-FollowerState: change to CANDIDATE, lastRpcTime:1191ms, electionTimeout:1138ms
2019-11-15 20:27:49,809 [Thread-4287] INFO  impl.RoleInfo (RoleInfo.java:shutdownFollowerState(121)) - 95354d75-8d68-42fd-a60f-edc5fe17909c: shutdown FollowerState
2019-11-15 20:27:49,809 [Thread-4287] INFO  impl.RaftServerImpl (RaftServerImpl.java:setRole(173)) - 95354d75-8d68-42fd-a60f-edc5fe17909c@group-62B4F8A0C489: changes role from  FOLLOWER to CANDIDATE at term 2 for changeToCandidate
2019-11-15 20:27:49,809 [Thread-4287] INFO  impl.RoleInfo (RoleInfo.java:updateAndGet(143)) - 95354d75-8d68-42fd-a60f-edc5fe17909c: start LeaderElection
2019-11-15 20:27:49,809 [95354d75-8d68-42fd-a60f-edc5fe17909c@group-62B4F8A0C489-LeaderElection197] INFO  impl.RaftServerImpl (ServerState.java:setLeader(255)) - 95354d75-8d68-42fd-a60f-edc5fe17909c@group-62B4F8A0C489: change Leader from 4e9d79cc-0455-427e-951d-7d9146a76d5d to null at term 2 for initElection
2019-11-15 20:27:49,833 [95354d75-8d68-42fd-a60f-edc5fe17909c@group-62B4F8A0C489-LeaderElection197] INFO  impl.LeaderElection (LeaderElection.java:askForVotes(178)) - 95354d75-8d68-42fd-a60f-edc5fe17909c@group-62B4F8A0C489-LeaderElection197: begin an election at term 3 for 0: [4e9d79cc-0455-427e-951d-7d9146a76d5d:192.168.157.201:45301, d8d3f8ae-ceeb-4228-b266-44fc60f7c1eb:192.168.157.201:44849, 95354d75-8d68-42fd-a60f-edc5fe17909c:192.168.157.201:38687], old=null
2019-11-15 20:27:49,834 [95354d75-8d68-42fd-a60f-edc5fe17909c@group-62B4F8A0C489-LeaderElection197] INFO  impl.LeaderElection (LogUtils.java:infoOrTrace(149)) - 95354d75-8d68-42fd-a60f-edc5fe17909c@group-62B4F8A0C489-LeaderElection197 got exception when requesting votes: {}
java.util.concurrent.ExecutionException: org.apache.ratis.thirdparty.io.grpc.StatusRuntimeException: UNAVAILABLE: io exception
	at java.util.concurrent.FutureTask.report(FutureTask.java:122)
	at java.util.concurrent.FutureTask.get(FutureTask.java:192)
	at org.apache.ratis.server.impl.LeaderElection.waitForResults(LeaderElection.java:259)
	at org.apache.ratis.server.impl.LeaderElection.askForVotes(LeaderElection.java:197)
	at org.apache.ratis.server.impl.LeaderElection.run(LeaderElection.java:133)
	at java.lang.Thread.run(Thread.java:748)
Caused by: org.apache.ratis.thirdparty.io.grpc.StatusRuntimeException: UNAVAILABLE: io exception
	at org.apache.ratis.thirdparty.io.grpc.stub.ClientCalls.toStatusRuntimeException(ClientCalls.java:233)
	at org.apache.ratis.thirdparty.io.grpc.stub.ClientCalls.getUnchecked(ClientCalls.java:214)
	at org.apache.ratis.thirdparty.io.grpc.stub.ClientCalls.blockingUnaryCall(ClientCalls.java:139)
	at org.apache.ratis.proto.grpc.RaftServerProtocolServiceGrpc$RaftServerProtocolServiceBlockingStub.requestVote(RaftServerProtocolServiceGrpc.java:265)
	at org.apache.ratis.grpc.server.GrpcServerProtocolClient.requestVote(GrpcServerProtocolClient.java:99)
	at org.apache.ratis.grpc.server.GrpcService.requestVote(GrpcService.java:204)
	at org.apache.ratis.server.impl.LeaderElection.lambda$submitRequests$1(LeaderElection.java:234)
	at java.util.concurrent.FutureTask.run(FutureTask.java:266)
	at java.util.concurrent.Executors$RunnableAdapter.call(Executors.java:511)
	at java.util.concurrent.FutureTask.run(FutureTask.java:266)
	at java.util.concurrent.ThreadPoolExecutor.runWorker(ThreadPoolExecutor.java:1149)
	at java.util.concurrent.ThreadPoolExecutor$Worker.run(ThreadPoolExecutor.java:624)
	... 1 more
Caused by: org.apache.ratis.thirdparty.io.netty.channel.AbstractChannel$AnnotatedConnectException: Connection refused: /192.168.157.201:44849
	at sun.nio.ch.SocketChannelImpl.checkConnect(Native Method)
	at sun.nio.ch.SocketChannelImpl.finishConnect(SocketChannelImpl.java:717)
	at org.apache.ratis.thirdparty.io.netty.channel.socket.nio.NioSocketChannel.doFinishConnect(NioSocketChannel.java:327)
	at org.apache.ratis.thirdparty.io.netty.channel.nio.AbstractNioChannel$AbstractNioUnsafe.finishConnect(AbstractNioChannel.java:340)
	at org.apache.ratis.thirdparty.io.netty.channel.nio.NioEventLoop.processSelectedKey(NioEventLoop.java:632)
	at org.apache.ratis.thirdparty.io.netty.channel.nio.NioEventLoop.processSelectedKeysOptimized(NioEventLoop.java:579)
	at org.apache.ratis.thirdparty.io.netty.channel.nio.NioEventLoop.processSelectedKeys(NioEventLoop.java:496)
	at org.apache.ratis.thirdparty.io.netty.channel.nio.NioEventLoop.run(NioEventLoop.java:458)
	at org.apache.ratis.thirdparty.io.netty.util.concurrent.SingleThreadEventExecutor$5.run(SingleThreadEventExecutor.java:897)
	at org.apache.ratis.thirdparty.io.netty.util.concurrent.FastThreadLocalRunnable.run(FastThreadLocalRunnable.java:30)
	... 1 more
Caused by: java.net.ConnectException: Connection refused
	... 11 more
2019-11-15 20:27:49,834 [95354d75-8d68-42fd-a60f-edc5fe17909c@group-62B4F8A0C489-LeaderElection197] INFO  impl.LeaderElection (LogUtils.java:infoOrTrace(149)) - 95354d75-8d68-42fd-a60f-edc5fe17909c@group-62B4F8A0C489-LeaderElection197 got exception when requesting votes: {}
java.util.concurrent.ExecutionException: org.apache.ratis.thirdparty.io.grpc.StatusRuntimeException: UNAVAILABLE: io exception
	at java.util.concurrent.FutureTask.report(FutureTask.java:122)
	at java.util.concurrent.FutureTask.get(FutureTask.java:192)
	at org.apache.ratis.server.impl.LeaderElection.waitForResults(LeaderElection.java:259)
	at org.apache.ratis.server.impl.LeaderElection.askForVotes(LeaderElection.java:197)
	at org.apache.ratis.server.impl.LeaderElection.run(LeaderElection.java:133)
	at java.lang.Thread.run(Thread.java:748)
Caused by: org.apache.ratis.thirdparty.io.grpc.StatusRuntimeException: UNAVAILABLE: io exception
	at org.apache.ratis.thirdparty.io.grpc.stub.ClientCalls.toStatusRuntimeException(ClientCalls.java:233)
	at org.apache.ratis.thirdparty.io.grpc.stub.ClientCalls.getUnchecked(ClientCalls.java:214)
	at org.apache.ratis.thirdparty.io.grpc.stub.ClientCalls.blockingUnaryCall(ClientCalls.java:139)
	at org.apache.ratis.proto.grpc.RaftServerProtocolServiceGrpc$RaftServerProtocolServiceBlockingStub.requestVote(RaftServerProtocolServiceGrpc.java:265)
	at org.apache.ratis.grpc.server.GrpcServerProtocolClient.requestVote(GrpcServerProtocolClient.java:99)
	at org.apache.ratis.grpc.server.GrpcService.requestVote(GrpcService.java:204)
	at org.apache.ratis.server.impl.LeaderElection.lambda$submitRequests$1(LeaderElection.java:234)
	at java.util.concurrent.FutureTask.run(FutureTask.java:266)
	at java.util.concurrent.Executors$RunnableAdapter.call(Executors.java:511)
	at java.util.concurrent.FutureTask.run(FutureTask.java:266)
	at java.util.concurrent.ThreadPoolExecutor.runWorker(ThreadPoolExecutor.java:1149)
	at java.util.concurrent.ThreadPoolExecutor$Worker.run(ThreadPoolExecutor.java:624)
	... 1 more
Caused by: org.apache.ratis.thirdparty.io.netty.channel.AbstractChannel$AnnotatedConnectException: Connection refused: /192.168.157.201:45301
	at sun.nio.ch.SocketChannelImpl.checkConnect(Native Method)
	at sun.nio.ch.SocketChannelImpl.finishConnect(SocketChannelImpl.java:717)
	at org.apache.ratis.thirdparty.io.netty.channel.socket.nio.NioSocketChannel.doFinishConnect(NioSocketChannel.java:327)
	at org.apache.ratis.thirdparty.io.netty.channel.nio.AbstractNioChannel$AbstractNioUnsafe.finishConnect(AbstractNioChannel.java:340)
	at org.apache.ratis.thirdparty.io.netty.channel.nio.NioEventLoop.processSelectedKey(NioEventLoop.java:632)
	at org.apache.ratis.thirdparty.io.netty.channel.nio.NioEventLoop.processSelectedKeysOptimized(NioEventLoop.java:579)
	at org.apache.ratis.thirdparty.io.netty.channel.nio.NioEventLoop.processSelectedKeys(NioEventLoop.java:496)
	at org.apache.ratis.thirdparty.io.netty.channel.nio.NioEventLoop.run(NioEventLoop.java:458)
	at org.apache.ratis.thirdparty.io.netty.util.concurrent.SingleThreadEventExecutor$5.run(SingleThreadEventExecutor.java:897)
	at org.apache.ratis.thirdparty.io.netty.util.concurrent.FastThreadLocalRunnable.run(FastThreadLocalRunnable.java:30)
	... 1 more
Caused by: java.net.ConnectException: Connection refused
	... 11 more
2019-11-15 20:27:49,835 [95354d75-8d68-42fd-a60f-edc5fe17909c@group-62B4F8A0C489-LeaderElection197] INFO  impl.LeaderElection (LeaderElection.java:logAndReturn(56)) - 95354d75-8d68-42fd-a60f-edc5fe17909c@group-62B4F8A0C489-LeaderElection197: Election REJECTED; received 0 response(s) [] and 2 exception(s); 95354d75-8d68-42fd-a60f-edc5fe17909c@group-62B4F8A0C489:t3, leader=null, voted=95354d75-8d68-42fd-a60f-edc5fe17909c, raftlog=95354d75-8d68-42fd-a60f-edc5fe17909c@group-62B4F8A0C489-SegmentedRaftLog:OPENED:c0,f0,i0, conf=0: [4e9d79cc-0455-427e-951d-7d9146a76d5d:192.168.157.201:45301, d8d3f8ae-ceeb-4228-b266-44fc60f7c1eb:192.168.157.201:44849, 95354d75-8d68-42fd-a60f-edc5fe17909c:192.168.157.201:38687], old=null
2019-11-15 20:27:49,835 [95354d75-8d68-42fd-a60f-edc5fe17909c@group-62B4F8A0C489-LeaderElection197] INFO  impl.LeaderElection (LogUtils.java:infoOrTrace(149)) -   Exception 0: {}
java.util.concurrent.ExecutionException: org.apache.ratis.thirdparty.io.grpc.StatusRuntimeException: UNAVAILABLE: io exception
	at java.util.concurrent.FutureTask.report(FutureTask.java:122)
	at java.util.concurrent.FutureTask.get(FutureTask.java:192)
	at org.apache.ratis.server.impl.LeaderElection.waitForResults(LeaderElection.java:259)
	at org.apache.ratis.server.impl.LeaderElection.askForVotes(LeaderElection.java:197)
	at org.apache.ratis.server.impl.LeaderElection.run(LeaderElection.java:133)
	at java.lang.Thread.run(Thread.java:748)
Caused by: org.apache.ratis.thirdparty.io.grpc.StatusRuntimeException: UNAVAILABLE: io exception
	at org.apache.ratis.thirdparty.io.grpc.stub.ClientCalls.toStatusRuntimeException(ClientCalls.java:233)
	at org.apache.ratis.thirdparty.io.grpc.stub.ClientCalls.getUnchecked(ClientCalls.java:214)
	at org.apache.ratis.thirdparty.io.grpc.stub.ClientCalls.blockingUnaryCall(ClientCalls.java:139)
	at org.apache.ratis.proto.grpc.RaftServerProtocolServiceGrpc$RaftServerProtocolServiceBlockingStub.requestVote(RaftServerProtocolServiceGrpc.java:265)
	at org.apache.ratis.grpc.server.GrpcServerProtocolClient.requestVote(GrpcServerProtocolClient.java:99)
	at org.apache.ratis.grpc.server.GrpcService.requestVote(GrpcService.java:204)
	at org.apache.ratis.server.impl.LeaderElection.lambda$submitRequests$1(LeaderElection.java:234)
	at java.util.concurrent.FutureTask.run(FutureTask.java:266)
	at java.util.concurrent.Executors$RunnableAdapter.call(Executors.java:511)
	at java.util.concurrent.FutureTask.run(FutureTask.java:266)
	at java.util.concurrent.ThreadPoolExecutor.runWorker(ThreadPoolExecutor.java:1149)
	at java.util.concurrent.ThreadPoolExecutor$Worker.run(ThreadPoolExecutor.java:624)
	... 1 more
Caused by: org.apache.ratis.thirdparty.io.netty.channel.AbstractChannel$AnnotatedConnectException: Connection refused: /192.168.157.201:44849
	at sun.nio.ch.SocketChannelImpl.checkConnect(Native Method)
	at sun.nio.ch.SocketChannelImpl.finishConnect(SocketChannelImpl.java:717)
	at org.apache.ratis.thirdparty.io.netty.channel.socket.nio.NioSocketChannel.doFinishConnect(NioSocketChannel.java:327)
	at org.apache.ratis.thirdparty.io.netty.channel.nio.AbstractNioChannel$AbstractNioUnsafe.finishConnect(AbstractNioChannel.java:340)
	at org.apache.ratis.thirdparty.io.netty.channel.nio.NioEventLoop.processSelectedKey(NioEventLoop.java:632)
	at org.apache.ratis.thirdparty.io.netty.channel.nio.NioEventLoop.processSelectedKeysOptimized(NioEventLoop.java:579)
	at org.apache.ratis.thirdparty.io.netty.channel.nio.NioEventLoop.processSelectedKeys(NioEventLoop.java:496)
	at org.apache.ratis.thirdparty.io.netty.channel.nio.NioEventLoop.run(NioEventLoop.java:458)
	at org.apache.ratis.thirdparty.io.netty.util.concurrent.SingleThreadEventExecutor$5.run(SingleThreadEventExecutor.java:897)
	at org.apache.ratis.thirdparty.io.netty.util.concurrent.FastThreadLocalRunnable.run(FastThreadLocalRunnable.java:30)
	... 1 more
Caused by: java.net.ConnectException: Connection refused
	... 11 more
2019-11-15 20:27:49,835 [95354d75-8d68-42fd-a60f-edc5fe17909c@group-62B4F8A0C489-LeaderElection197] INFO  impl.LeaderElection (LogUtils.java:infoOrTrace(149)) -   Exception 1: {}
java.util.concurrent.ExecutionException: org.apache.ratis.thirdparty.io.grpc.StatusRuntimeException: UNAVAILABLE: io exception
	at java.util.concurrent.FutureTask.report(FutureTask.java:122)
	at java.util.concurrent.FutureTask.get(FutureTask.java:192)
	at org.apache.ratis.server.impl.LeaderElection.waitForResults(LeaderElection.java:259)
	at org.apache.ratis.server.impl.LeaderElection.askForVotes(LeaderElection.java:197)
	at org.apache.ratis.server.impl.LeaderElection.run(LeaderElection.java:133)
	at java.lang.Thread.run(Thread.java:748)
Caused by: org.apache.ratis.thirdparty.io.grpc.StatusRuntimeException: UNAVAILABLE: io exception
	at org.apache.ratis.thirdparty.io.grpc.stub.ClientCalls.toStatusRuntimeException(ClientCalls.java:233)
	at org.apache.ratis.thirdparty.io.grpc.stub.ClientCalls.getUnchecked(ClientCalls.java:214)
	at org.apache.ratis.thirdparty.io.grpc.stub.ClientCalls.blockingUnaryCall(ClientCalls.java:139)
	at org.apache.ratis.proto.grpc.RaftServerProtocolServiceGrpc$RaftServerProtocolServiceBlockingStub.requestVote(RaftServerProtocolServiceGrpc.java:265)
	at org.apache.ratis.grpc.server.GrpcServerProtocolClient.requestVote(GrpcServerProtocolClient.java:99)
	at org.apache.ratis.grpc.server.GrpcService.requestVote(GrpcService.java:204)
	at org.apache.ratis.server.impl.LeaderElection.lambda$submitRequests$1(LeaderElection.java:234)
	at java.util.concurrent.FutureTask.run(FutureTask.java:266)
	at java.util.concurrent.Executors$RunnableAdapter.call(Executors.java:511)
	at java.util.concurrent.FutureTask.run(FutureTask.java:266)
	at java.util.concurrent.ThreadPoolExecutor.runWorker(ThreadPoolExecutor.java:1149)
	at java.util.concurrent.ThreadPoolExecutor$Worker.run(ThreadPoolExecutor.java:624)
	... 1 more
Caused by: org.apache.ratis.thirdparty.io.netty.channel.AbstractChannel$AnnotatedConnectException: Connection refused: /192.168.157.201:45301
	at sun.nio.ch.SocketChannelImpl.checkConnect(Native Method)
	at sun.nio.ch.SocketChannelImpl.finishConnect(SocketChannelImpl.java:717)
	at org.apache.ratis.thirdparty.io.netty.channel.socket.nio.NioSocketChannel.doFinishConnect(NioSocketChannel.java:327)
	at org.apache.ratis.thirdparty.io.netty.channel.nio.AbstractNioChannel$AbstractNioUnsafe.finishConnect(AbstractNioChannel.java:340)
	at org.apache.ratis.thirdparty.io.netty.channel.nio.NioEventLoop.processSelectedKey(NioEventLoop.java:632)
	at org.apache.ratis.thirdparty.io.netty.channel.nio.NioEventLoop.processSelectedKeysOptimized(NioEventLoop.java:579)
	at org.apache.ratis.thirdparty.io.netty.channel.nio.NioEventLoop.processSelectedKeys(NioEventLoop.java:496)
	at org.apache.ratis.thirdparty.io.netty.channel.nio.NioEventLoop.run(NioEventLoop.java:458)
	at org.apache.ratis.thirdparty.io.netty.util.concurrent.SingleThreadEventExecutor$5.run(SingleThreadEventExecutor.java:897)
	at org.apache.ratis.thirdparty.io.netty.util.concurrent.FastThreadLocalRunnable.run(FastThreadLocalRunnable.java:30)
	... 1 more
Caused by: java.net.ConnectException: Connection refused
	... 11 more
2019-11-15 20:27:49,835 [95354d75-8d68-42fd-a60f-edc5fe17909c@group-62B4F8A0C489-LeaderElection197] INFO  impl.RaftServerImpl (RaftServerImpl.java:setRole(173)) - 95354d75-8d68-42fd-a60f-edc5fe17909c@group-62B4F8A0C489: changes role from CANDIDATE to FOLLOWER at term 3 for DISCOVERED_A_NEW_TERM
2019-11-15 20:27:49,835 [95354d75-8d68-42fd-a60f-edc5fe17909c@group-62B4F8A0C489-LeaderElection197] INFO  impl.RoleInfo (RoleInfo.java:shutdownLeaderElection(134)) - 95354d75-8d68-42fd-a60f-edc5fe17909c: shutdown LeaderElection
2019-11-15 20:27:49,835 [95354d75-8d68-42fd-a60f-edc5fe17909c@group-62B4F8A0C489-LeaderElection197] INFO  impl.RoleInfo (RoleInfo.java:updateAndGet(143)) - 95354d75-8d68-42fd-a60f-edc5fe17909c: start FollowerState
2019-11-15 20:27:49,942 [Datanode State Machine Thread - 0] INFO  statemachine.DatanodeStateMachine (DatanodeStateMachine.java:lambda$startDaemon$0(355)) - Ozone container server started.
2019-11-15 20:27:49,960 [Datanode State Machine Thread - 0] INFO  statemachine.DatanodeStateMachine (DatanodeStateMachine.java:lambda$startDaemon$0(355)) - Ozone container server started.
2019-11-15 20:27:50,087 [grpc-default-executor-6] WARN  server.GrpcLogAppender (LogUtils.java:warn(134)) - 77a687a8-07fe-464e-b0f2-03532ede599a@group-09BF56990583->b7fbb734-148a-49a6-9cb1-519eb8bdf364-AppendLogResponseHandler: Failed appendEntries: org.apache.ratis.thirdparty.io.grpc.StatusRuntimeException: UNAVAILABLE: io exception
2019-11-15 20:27:50,087 [grpc-default-executor-6] INFO  impl.FollowerInfo (FollowerInfo.java:lambda$new$0(51)) - 77a687a8-07fe-464e-b0f2-03532ede599a@group-09BF56990583->b7fbb734-148a-49a6-9cb1-519eb8bdf364: nextIndex: updateUnconditionally 0 -> 0
2019-11-15 20:27:50,093 [grpc-default-executor-6] WARN  server.GrpcLogAppender (LogUtils.java:warn(134)) - 77a687a8-07fe-464e-b0f2-03532ede599a@group-09BF56990583->0d66e4d5-0fe9-441c-84d0-b1903c285e78-AppendLogResponseHandler: Failed appendEntries: org.apache.ratis.thirdparty.io.grpc.StatusRuntimeException: UNAVAILABLE: io exception
2019-11-15 20:27:50,093 [grpc-default-executor-6] INFO  impl.FollowerInfo (FollowerInfo.java:lambda$new$0(51)) - 77a687a8-07fe-464e-b0f2-03532ede599a@group-09BF56990583->0d66e4d5-0fe9-441c-84d0-b1903c285e78: nextIndex: updateUnconditionally 0 -> 0
2019-11-15 20:27:50,588 [grpc-default-executor-6] WARN  server.GrpcLogAppender (LogUtils.java:warn(134)) - 77a687a8-07fe-464e-b0f2-03532ede599a@group-09BF56990583->b7fbb734-148a-49a6-9cb1-519eb8bdf364-AppendLogResponseHandler: Failed appendEntries: org.apache.ratis.thirdparty.io.grpc.StatusRuntimeException: UNAVAILABLE: io exception
2019-11-15 20:27:50,588 [grpc-default-executor-6] INFO  impl.FollowerInfo (FollowerInfo.java:lambda$new$0(51)) - 77a687a8-07fe-464e-b0f2-03532ede599a@group-09BF56990583->b7fbb734-148a-49a6-9cb1-519eb8bdf364: nextIndex: updateUnconditionally 0 -> 0
2019-11-15 20:27:50,594 [grpc-default-executor-12] WARN  server.GrpcLogAppender (LogUtils.java:warn(134)) - 77a687a8-07fe-464e-b0f2-03532ede599a@group-09BF56990583->0d66e4d5-0fe9-441c-84d0-b1903c285e78-AppendLogResponseHandler: Failed appendEntries: org.apache.ratis.thirdparty.io.grpc.StatusRuntimeException: UNAVAILABLE: io exception
2019-11-15 20:27:50,594 [grpc-default-executor-12] INFO  impl.FollowerInfo (FollowerInfo.java:lambda$new$0(51)) - 77a687a8-07fe-464e-b0f2-03532ede599a@group-09BF56990583->0d66e4d5-0fe9-441c-84d0-b1903c285e78: nextIndex: updateUnconditionally 0 -> 0
2019-11-15 20:27:50,948 [Thread-4482] INFO  impl.FollowerState (FollowerState.java:run(111)) - 95354d75-8d68-42fd-a60f-edc5fe17909c@group-62B4F8A0C489-FollowerState: change to CANDIDATE, lastRpcTime:1112ms, electionTimeout:1112ms
2019-11-15 20:27:50,948 [Thread-4482] INFO  impl.RoleInfo (RoleInfo.java:shutdownFollowerState(121)) - 95354d75-8d68-42fd-a60f-edc5fe17909c: shutdown FollowerState
2019-11-15 20:27:50,948 [Thread-4482] INFO  impl.RaftServerImpl (RaftServerImpl.java:setRole(173)) - 95354d75-8d68-42fd-a60f-edc5fe17909c@group-62B4F8A0C489: changes role from  FOLLOWER to CANDIDATE at term 3 for changeToCandidate
2019-11-15 20:27:50,948 [Thread-4482] INFO  impl.RoleInfo (RoleInfo.java:updateAndGet(143)) - 95354d75-8d68-42fd-a60f-edc5fe17909c: start LeaderElection
2019-11-15 20:27:51,088 [grpc-default-executor-10] WARN  server.GrpcLogAppender (LogUtils.java:warn(134)) - 77a687a8-07fe-464e-b0f2-03532ede599a@group-09BF56990583->b7fbb734-148a-49a6-9cb1-519eb8bdf364-AppendLogResponseHandler: Failed appendEntries: org.apache.ratis.thirdparty.io.grpc.StatusRuntimeException: UNAVAILABLE: io exception
2019-11-15 20:27:51,089 [grpc-default-executor-10] INFO  impl.FollowerInfo (FollowerInfo.java:lambda$new$0(51)) - 77a687a8-07fe-464e-b0f2-03532ede599a@group-09BF56990583->b7fbb734-148a-49a6-9cb1-519eb8bdf364: nextIndex: updateUnconditionally 0 -> 0
2019-11-15 20:27:51,094 [grpc-default-executor-6] WARN  server.GrpcLogAppender (LogUtils.java:warn(134)) - 77a687a8-07fe-464e-b0f2-03532ede599a@group-09BF56990583->0d66e4d5-0fe9-441c-84d0-b1903c285e78-AppendLogResponseHandler: Failed appendEntries: org.apache.ratis.thirdparty.io.grpc.StatusRuntimeException: UNAVAILABLE: io exception
2019-11-15 20:27:51,094 [grpc-default-executor-6] INFO  impl.FollowerInfo (FollowerInfo.java:lambda$new$0(51)) - 77a687a8-07fe-464e-b0f2-03532ede599a@group-09BF56990583->0d66e4d5-0fe9-441c-84d0-b1903c285e78: nextIndex: updateUnconditionally 0 -> 0
2019-11-15 20:27:51,348 [95354d75-8d68-42fd-a60f-edc5fe17909c@group-62B4F8A0C489-LeaderElection198] INFO  impl.LeaderElection (LeaderElection.java:askForVotes(178)) - 95354d75-8d68-42fd-a60f-edc5fe17909c@group-62B4F8A0C489-LeaderElection198: begin an election at term 4 for 0: [4e9d79cc-0455-427e-951d-7d9146a76d5d:192.168.157.201:45301, d8d3f8ae-ceeb-4228-b266-44fc60f7c1eb:192.168.157.201:44849, 95354d75-8d68-42fd-a60f-edc5fe17909c:192.168.157.201:38687], old=null
2019-11-15 20:27:51,349 [95354d75-8d68-42fd-a60f-edc5fe17909c@group-62B4F8A0C489-LeaderElection198] INFO  impl.LeaderElection (LogUtils.java:infoOrTrace(149)) - 95354d75-8d68-42fd-a60f-edc5fe17909c@group-62B4F8A0C489-LeaderElection198 got exception when requesting votes: {}
java.util.concurrent.ExecutionException: org.apache.ratis.thirdparty.io.grpc.StatusRuntimeException: UNAVAILABLE: io exception
	at java.util.concurrent.FutureTask.report(FutureTask.java:122)
	at java.util.concurrent.FutureTask.get(FutureTask.java:192)
	at org.apache.ratis.server.impl.LeaderElection.waitForResults(LeaderElection.java:259)
	at org.apache.ratis.server.impl.LeaderElection.askForVotes(LeaderElection.java:197)
	at org.apache.ratis.server.impl.LeaderElection.run(LeaderElection.java:133)
	at java.lang.Thread.run(Thread.java:748)
Caused by: org.apache.ratis.thirdparty.io.grpc.StatusRuntimeException: UNAVAILABLE: io exception
	at org.apache.ratis.thirdparty.io.grpc.stub.ClientCalls.toStatusRuntimeException(ClientCalls.java:233)
	at org.apache.ratis.thirdparty.io.grpc.stub.ClientCalls.getUnchecked(ClientCalls.java:214)
	at org.apache.ratis.thirdparty.io.grpc.stub.ClientCalls.blockingUnaryCall(ClientCalls.java:139)
	at org.apache.ratis.proto.grpc.RaftServerProtocolServiceGrpc$RaftServerProtocolServiceBlockingStub.requestVote(RaftServerProtocolServiceGrpc.java:265)
	at org.apache.ratis.grpc.server.GrpcServerProtocolClient.requestVote(GrpcServerProtocolClient.java:99)
	at org.apache.ratis.grpc.server.GrpcService.requestVote(GrpcService.java:204)
	at org.apache.ratis.server.impl.LeaderElection.lambda$submitRequests$1(LeaderElection.java:234)
	at java.util.concurrent.FutureTask.run(FutureTask.java:266)
	at java.util.concurrent.Executors$RunnableAdapter.call(Executors.java:511)
	at java.util.concurrent.FutureTask.run(FutureTask.java:266)
	at java.util.concurrent.ThreadPoolExecutor.runWorker(ThreadPoolExecutor.java:1149)
	at java.util.concurrent.ThreadPoolExecutor$Worker.run(ThreadPoolExecutor.java:624)
	... 1 more
Caused by: org.apache.ratis.thirdparty.io.netty.channel.AbstractChannel$AnnotatedConnectException: Connection refused: /192.168.157.201:44849
	at sun.nio.ch.SocketChannelImpl.checkConnect(Native Method)
	at sun.nio.ch.SocketChannelImpl.finishConnect(SocketChannelImpl.java:717)
	at org.apache.ratis.thirdparty.io.netty.channel.socket.nio.NioSocketChannel.doFinishConnect(NioSocketChannel.java:327)
	at org.apache.ratis.thirdparty.io.netty.channel.nio.AbstractNioChannel$AbstractNioUnsafe.finishConnect(AbstractNioChannel.java:340)
	at org.apache.ratis.thirdparty.io.netty.channel.nio.NioEventLoop.processSelectedKey(NioEventLoop.java:632)
	at org.apache.ratis.thirdparty.io.netty.channel.nio.NioEventLoop.processSelectedKeysOptimized(NioEventLoop.java:579)
	at org.apache.ratis.thirdparty.io.netty.channel.nio.NioEventLoop.processSelectedKeys(NioEventLoop.java:496)
	at org.apache.ratis.thirdparty.io.netty.channel.nio.NioEventLoop.run(NioEventLoop.java:458)
	at org.apache.ratis.thirdparty.io.netty.util.concurrent.SingleThreadEventExecutor$5.run(SingleThreadEventExecutor.java:897)
	at org.apache.ratis.thirdparty.io.netty.util.concurrent.FastThreadLocalRunnable.run(FastThreadLocalRunnable.java:30)
	... 1 more
Caused by: java.net.ConnectException: Connection refused
	... 11 more
2019-11-15 20:27:51,350 [95354d75-8d68-42fd-a60f-edc5fe17909c@group-62B4F8A0C489-LeaderElection198] INFO  impl.LeaderElection (LogUtils.java:infoOrTrace(149)) - 95354d75-8d68-42fd-a60f-edc5fe17909c@group-62B4F8A0C489-LeaderElection198 got exception when requesting votes: {}
java.util.concurrent.ExecutionException: org.apache.ratis.thirdparty.io.grpc.StatusRuntimeException: UNAVAILABLE: io exception
	at java.util.concurrent.FutureTask.report(FutureTask.java:122)
	at java.util.concurrent.FutureTask.get(FutureTask.java:192)
	at org.apache.ratis.server.impl.LeaderElection.waitForResults(LeaderElection.java:259)
	at org.apache.ratis.server.impl.LeaderElection.askForVotes(LeaderElection.java:197)
	at org.apache.ratis.server.impl.LeaderElection.run(LeaderElection.java:133)
	at java.lang.Thread.run(Thread.java:748)
Caused by: org.apache.ratis.thirdparty.io.grpc.StatusRuntimeException: UNAVAILABLE: io exception
	at org.apache.ratis.thirdparty.io.grpc.stub.ClientCalls.toStatusRuntimeException(ClientCalls.java:233)
	at org.apache.ratis.thirdparty.io.grpc.stub.ClientCalls.getUnchecked(ClientCalls.java:214)
	at org.apache.ratis.thirdparty.io.grpc.stub.ClientCalls.blockingUnaryCall(ClientCalls.java:139)
	at org.apache.ratis.proto.grpc.RaftServerProtocolServiceGrpc$RaftServerProtocolServiceBlockingStub.requestVote(RaftServerProtocolServiceGrpc.java:265)
	at org.apache.ratis.grpc.server.GrpcServerProtocolClient.requestVote(GrpcServerProtocolClient.java:99)
	at org.apache.ratis.grpc.server.GrpcService.requestVote(GrpcService.java:204)
	at org.apache.ratis.server.impl.LeaderElection.lambda$submitRequests$1(LeaderElection.java:234)
	at java.util.concurrent.FutureTask.run(FutureTask.java:266)
	at java.util.concurrent.Executors$RunnableAdapter.call(Executors.java:511)
	at java.util.concurrent.FutureTask.run(FutureTask.java:266)
	at java.util.concurrent.ThreadPoolExecutor.runWorker(ThreadPoolExecutor.java:1149)
	at java.util.concurrent.ThreadPoolExecutor$Worker.run(ThreadPoolExecutor.java:624)
	... 1 more
Caused by: org.apache.ratis.thirdparty.io.netty.channel.AbstractChannel$AnnotatedConnectException: Connection refused: /192.168.157.201:45301
	at sun.nio.ch.SocketChannelImpl.checkConnect(Native Method)
	at sun.nio.ch.SocketChannelImpl.finishConnect(SocketChannelImpl.java:717)
	at org.apache.ratis.thirdparty.io.netty.channel.socket.nio.NioSocketChannel.doFinishConnect(NioSocketChannel.java:327)
	at org.apache.ratis.thirdparty.io.netty.channel.nio.AbstractNioChannel$AbstractNioUnsafe.finishConnect(AbstractNioChannel.java:340)
	at org.apache.ratis.thirdparty.io.netty.channel.nio.NioEventLoop.processSelectedKey(NioEventLoop.java:632)
	at org.apache.ratis.thirdparty.io.netty.channel.nio.NioEventLoop.processSelectedKeysOptimized(NioEventLoop.java:579)
	at org.apache.ratis.thirdparty.io.netty.channel.nio.NioEventLoop.processSelectedKeys(NioEventLoop.java:496)
	at org.apache.ratis.thirdparty.io.netty.channel.nio.NioEventLoop.run(NioEventLoop.java:458)
	at org.apache.ratis.thirdparty.io.netty.util.concurrent.SingleThreadEventExecutor$5.run(SingleThreadEventExecutor.java:897)
	at org.apache.ratis.thirdparty.io.netty.util.concurrent.FastThreadLocalRunnable.run(FastThreadLocalRunnable.java:30)
	... 1 more
Caused by: java.net.ConnectException: Connection refused
	... 11 more
2019-11-15 20:27:51,351 [95354d75-8d68-42fd-a60f-edc5fe17909c@group-62B4F8A0C489-LeaderElection198] INFO  impl.LeaderElection (LeaderElection.java:logAndReturn(56)) - 95354d75-8d68-42fd-a60f-edc5fe17909c@group-62B4F8A0C489-LeaderElection198: Election REJECTED; received 0 response(s) [] and 2 exception(s); 95354d75-8d68-42fd-a60f-edc5fe17909c@group-62B4F8A0C489:t4, leader=null, voted=95354d75-8d68-42fd-a60f-edc5fe17909c, raftlog=95354d75-8d68-42fd-a60f-edc5fe17909c@group-62B4F8A0C489-SegmentedRaftLog:OPENED:c0,f0,i0, conf=0: [4e9d79cc-0455-427e-951d-7d9146a76d5d:192.168.157.201:45301, d8d3f8ae-ceeb-4228-b266-44fc60f7c1eb:192.168.157.201:44849, 95354d75-8d68-42fd-a60f-edc5fe17909c:192.168.157.201:38687], old=null
2019-11-15 20:27:51,351 [95354d75-8d68-42fd-a60f-edc5fe17909c@group-62B4F8A0C489-LeaderElection198] INFO  impl.LeaderElection (LogUtils.java:infoOrTrace(149)) -   Exception 0: {}
java.util.concurrent.ExecutionException: org.apache.ratis.thirdparty.io.grpc.StatusRuntimeException: UNAVAILABLE: io exception
	at java.util.concurrent.FutureTask.report(FutureTask.java:122)
	at java.util.concurrent.FutureTask.get(FutureTask.java:192)
	at org.apache.ratis.server.impl.LeaderElection.waitForResults(LeaderElection.java:259)
	at org.apache.ratis.server.impl.LeaderElection.askForVotes(LeaderElection.java:197)
	at org.apache.ratis.server.impl.LeaderElection.run(LeaderElection.java:133)
	at java.lang.Thread.run(Thread.java:748)
Caused by: org.apache.ratis.thirdparty.io.grpc.StatusRuntimeException: UNAVAILABLE: io exception
	at org.apache.ratis.thirdparty.io.grpc.stub.ClientCalls.toStatusRuntimeException(ClientCalls.java:233)
	at org.apache.ratis.thirdparty.io.grpc.stub.ClientCalls.getUnchecked(ClientCalls.java:214)
	at org.apache.ratis.thirdparty.io.grpc.stub.ClientCalls.blockingUnaryCall(ClientCalls.java:139)
	at org.apache.ratis.proto.grpc.RaftServerProtocolServiceGrpc$RaftServerProtocolServiceBlockingStub.requestVote(RaftServerProtocolServiceGrpc.java:265)
	at org.apache.ratis.grpc.server.GrpcServerProtocolClient.requestVote(GrpcServerProtocolClient.java:99)
	at org.apache.ratis.grpc.server.GrpcService.requestVote(GrpcService.java:204)
	at org.apache.ratis.server.impl.LeaderElection.lambda$submitRequests$1(LeaderElection.java:234)
	at java.util.concurrent.FutureTask.run(FutureTask.java:266)
	at java.util.concurrent.Executors$RunnableAdapter.call(Executors.java:511)
	at java.util.concurrent.FutureTask.run(FutureTask.java:266)
	at java.util.concurrent.ThreadPoolExecutor.runWorker(ThreadPoolExecutor.java:1149)
	at java.util.concurrent.ThreadPoolExecutor$Worker.run(ThreadPoolExecutor.java:624)
	... 1 more
Caused by: org.apache.ratis.thirdparty.io.netty.channel.AbstractChannel$AnnotatedConnectException: Connection refused: /192.168.157.201:44849
	at sun.nio.ch.SocketChannelImpl.checkConnect(Native Method)
	at sun.nio.ch.SocketChannelImpl.finishConnect(SocketChannelImpl.java:717)
	at org.apache.ratis.thirdparty.io.netty.channel.socket.nio.NioSocketChannel.doFinishConnect(NioSocketChannel.java:327)
	at org.apache.ratis.thirdparty.io.netty.channel.nio.AbstractNioChannel$AbstractNioUnsafe.finishConnect(AbstractNioChannel.java:340)
	at org.apache.ratis.thirdparty.io.netty.channel.nio.NioEventLoop.processSelectedKey(NioEventLoop.java:632)
	at org.apache.ratis.thirdparty.io.netty.channel.nio.NioEventLoop.processSelectedKeysOptimized(NioEventLoop.java:579)
	at org.apache.ratis.thirdparty.io.netty.channel.nio.NioEventLoop.processSelectedKeys(NioEventLoop.java:496)
	at org.apache.ratis.thirdparty.io.netty.channel.nio.NioEventLoop.run(NioEventLoop.java:458)
	at org.apache.ratis.thirdparty.io.netty.util.concurrent.SingleThreadEventExecutor$5.run(SingleThreadEventExecutor.java:897)
	at org.apache.ratis.thirdparty.io.netty.util.concurrent.FastThreadLocalRunnable.run(FastThreadLocalRunnable.java:30)
	... 1 more
Caused by: java.net.ConnectException: Connection refused
	... 11 more
2019-11-15 20:27:51,351 [95354d75-8d68-42fd-a60f-edc5fe17909c@group-62B4F8A0C489-LeaderElection198] INFO  impl.LeaderElection (LogUtils.java:infoOrTrace(149)) -   Exception 1: {}
java.util.concurrent.ExecutionException: org.apache.ratis.thirdparty.io.grpc.StatusRuntimeException: UNAVAILABLE: io exception
	at java.util.concurrent.FutureTask.report(FutureTask.java:122)
	at java.util.concurrent.FutureTask.get(FutureTask.java:192)
	at org.apache.ratis.server.impl.LeaderElection.waitForResults(LeaderElection.java:259)
	at org.apache.ratis.server.impl.LeaderElection.askForVotes(LeaderElection.java:197)
	at org.apache.ratis.server.impl.LeaderElection.run(LeaderElection.java:133)
	at java.lang.Thread.run(Thread.java:748)
Caused by: org.apache.ratis.thirdparty.io.grpc.StatusRuntimeException: UNAVAILABLE: io exception
	at org.apache.ratis.thirdparty.io.grpc.stub.ClientCalls.toStatusRuntimeException(ClientCalls.java:233)
	at org.apache.ratis.thirdparty.io.grpc.stub.ClientCalls.getUnchecked(ClientCalls.java:214)
	at org.apache.ratis.thirdparty.io.grpc.stub.ClientCalls.blockingUnaryCall(ClientCalls.java:139)
	at org.apache.ratis.proto.grpc.RaftServerProtocolServiceGrpc$RaftServerProtocolServiceBlockingStub.requestVote(RaftServerProtocolServiceGrpc.java:265)
	at org.apache.ratis.grpc.server.GrpcServerProtocolClient.requestVote(GrpcServerProtocolClient.java:99)
	at org.apache.ratis.grpc.server.GrpcService.requestVote(GrpcService.java:204)
	at org.apache.ratis.server.impl.LeaderElection.lambda$submitRequests$1(LeaderElection.java:234)
	at java.util.concurrent.FutureTask.run(FutureTask.java:266)
	at java.util.concurrent.Executors$RunnableAdapter.call(Executors.java:511)
	at java.util.concurrent.FutureTask.run(FutureTask.java:266)
	at java.util.concurrent.ThreadPoolExecutor.runWorker(ThreadPoolExecutor.java:1149)
	at java.util.concurrent.ThreadPoolExecutor$Worker.run(ThreadPoolExecutor.java:624)
	... 1 more
Caused by: org.apache.ratis.thirdparty.io.netty.channel.AbstractChannel$AnnotatedConnectException: Connection refused: /192.168.157.201:45301
	at sun.nio.ch.SocketChannelImpl.checkConnect(Native Method)
	at sun.nio.ch.SocketChannelImpl.finishConnect(SocketChannelImpl.java:717)
	at org.apache.ratis.thirdparty.io.netty.channel.socket.nio.NioSocketChannel.doFinishConnect(NioSocketChannel.java:327)
	at org.apache.ratis.thirdparty.io.netty.channel.nio.AbstractNioChannel$AbstractNioUnsafe.finishConnect(AbstractNioChannel.java:340)
	at org.apache.ratis.thirdparty.io.netty.channel.nio.NioEventLoop.processSelectedKey(NioEventLoop.java:632)
	at org.apache.ratis.thirdparty.io.netty.channel.nio.NioEventLoop.processSelectedKeysOptimized(NioEventLoop.java:579)
	at org.apache.ratis.thirdparty.io.netty.channel.nio.NioEventLoop.processSelectedKeys(NioEventLoop.java:496)
	at org.apache.ratis.thirdparty.io.netty.channel.nio.NioEventLoop.run(NioEventLoop.java:458)
	at org.apache.ratis.thirdparty.io.netty.util.concurrent.SingleThreadEventExecutor$5.run(SingleThreadEventExecutor.java:897)
	at org.apache.ratis.thirdparty.io.netty.util.concurrent.FastThreadLocalRunnable.run(FastThreadLocalRunnable.java:30)
	... 1 more
Caused by: java.net.ConnectException: Connection refused
	... 11 more
2019-11-15 20:27:51,351 [95354d75-8d68-42fd-a60f-edc5fe17909c@group-62B4F8A0C489-LeaderElection198] INFO  impl.RaftServerImpl (RaftServerImpl.java:setRole(173)) - 95354d75-8d68-42fd-a60f-edc5fe17909c@group-62B4F8A0C489: changes role from CANDIDATE to FOLLOWER at term 4 for DISCOVERED_A_NEW_TERM
2019-11-15 20:27:51,352 [95354d75-8d68-42fd-a60f-edc5fe17909c@group-62B4F8A0C489-LeaderElection198] INFO  impl.RoleInfo (RoleInfo.java:shutdownLeaderElection(134)) - 95354d75-8d68-42fd-a60f-edc5fe17909c: shutdown LeaderElection
2019-11-15 20:27:51,352 [95354d75-8d68-42fd-a60f-edc5fe17909c@group-62B4F8A0C489-LeaderElection198] INFO  impl.RoleInfo (RoleInfo.java:updateAndGet(143)) - 95354d75-8d68-42fd-a60f-edc5fe17909c: start FollowerState
2019-11-15 20:27:51,592 [grpc-default-executor-6] WARN  server.GrpcLogAppender (LogUtils.java:warn(134)) - 77a687a8-07fe-464e-b0f2-03532ede599a@group-09BF56990583->b7fbb734-148a-49a6-9cb1-519eb8bdf364-AppendLogResponseHandler: Failed appendEntries: org.apache.ratis.thirdparty.io.grpc.StatusRuntimeException: UNAVAILABLE: io exception
2019-11-15 20:27:51,593 [grpc-default-executor-6] INFO  impl.FollowerInfo (FollowerInfo.java:lambda$new$0(51)) - 77a687a8-07fe-464e-b0f2-03532ede599a@group-09BF56990583->b7fbb734-148a-49a6-9cb1-519eb8bdf364: nextIndex: updateUnconditionally 0 -> 0
2019-11-15 20:27:51,594 [grpc-default-executor-12] WARN  server.GrpcLogAppender (LogUtils.java:warn(134)) - 77a687a8-07fe-464e-b0f2-03532ede599a@group-09BF56990583->0d66e4d5-0fe9-441c-84d0-b1903c285e78-AppendLogResponseHandler: Failed appendEntries: org.apache.ratis.thirdparty.io.grpc.StatusRuntimeException: UNAVAILABLE: io exception
2019-11-15 20:27:51,595 [grpc-default-executor-12] INFO  impl.FollowerInfo (FollowerInfo.java:lambda$new$0(51)) - 77a687a8-07fe-464e-b0f2-03532ede599a@group-09BF56990583->0d66e4d5-0fe9-441c-84d0-b1903c285e78: nextIndex: updateUnconditionally 0 -> 0
2019-11-15 20:27:52,091 [grpc-default-executor-10] WARN  server.GrpcLogAppender (LogUtils.java:warn(134)) - 77a687a8-07fe-464e-b0f2-03532ede599a@group-09BF56990583->b7fbb734-148a-49a6-9cb1-519eb8bdf364-AppendLogResponseHandler: Failed appendEntries: org.apache.ratis.thirdparty.io.grpc.StatusRuntimeException: UNAVAILABLE: io exception
2019-11-15 20:27:52,092 [grpc-default-executor-10] INFO  impl.FollowerInfo (FollowerInfo.java:lambda$new$0(51)) - 77a687a8-07fe-464e-b0f2-03532ede599a@group-09BF56990583->b7fbb734-148a-49a6-9cb1-519eb8bdf364: nextIndex: updateUnconditionally 0 -> 0
2019-11-15 20:27:52,095 [grpc-default-executor-12] WARN  server.GrpcLogAppender (LogUtils.java:warn(134)) - 77a687a8-07fe-464e-b0f2-03532ede599a@group-09BF56990583->0d66e4d5-0fe9-441c-84d0-b1903c285e78-AppendLogResponseHandler: Failed appendEntries: org.apache.ratis.thirdparty.io.grpc.StatusRuntimeException: UNAVAILABLE: io exception
2019-11-15 20:27:52,095 [grpc-default-executor-12] INFO  impl.FollowerInfo (FollowerInfo.java:lambda$new$0(51)) - 77a687a8-07fe-464e-b0f2-03532ede599a@group-09BF56990583->0d66e4d5-0fe9-441c-84d0-b1903c285e78: nextIndex: updateUnconditionally 0 -> 0
2019-11-15 20:27:52,476 [Thread-4486] INFO  impl.FollowerState (FollowerState.java:run(111)) - 95354d75-8d68-42fd-a60f-edc5fe17909c@group-62B4F8A0C489-FollowerState: change to CANDIDATE, lastRpcTime:1124ms, electionTimeout:1124ms
2019-11-15 20:27:52,476 [Thread-4486] INFO  impl.RoleInfo (RoleInfo.java:shutdownFollowerState(121)) - 95354d75-8d68-42fd-a60f-edc5fe17909c: shutdown FollowerState
2019-11-15 20:27:52,476 [Thread-4486] INFO  impl.RaftServerImpl (RaftServerImpl.java:setRole(173)) - 95354d75-8d68-42fd-a60f-edc5fe17909c@group-62B4F8A0C489: changes role from  FOLLOWER to CANDIDATE at term 4 for changeToCandidate
2019-11-15 20:27:52,477 [Thread-4486] INFO  impl.RoleInfo (RoleInfo.java:updateAndGet(143)) - 95354d75-8d68-42fd-a60f-edc5fe17909c: start LeaderElection
2019-11-15 20:27:52,502 [95354d75-8d68-42fd-a60f-edc5fe17909c@group-62B4F8A0C489-LeaderElection199] INFO  impl.LeaderElection (LeaderElection.java:askForVotes(178)) - 95354d75-8d68-42fd-a60f-edc5fe17909c@group-62B4F8A0C489-LeaderElection199: begin an election at term 5 for 0: [4e9d79cc-0455-427e-951d-7d9146a76d5d:192.168.157.201:45301, d8d3f8ae-ceeb-4228-b266-44fc60f7c1eb:192.168.157.201:44849, 95354d75-8d68-42fd-a60f-edc5fe17909c:192.168.157.201:38687], old=null
2019-11-15 20:27:52,503 [95354d75-8d68-42fd-a60f-edc5fe17909c@group-62B4F8A0C489-LeaderElection199] INFO  impl.LeaderElection (LogUtils.java:infoOrTrace(149)) - 95354d75-8d68-42fd-a60f-edc5fe17909c@group-62B4F8A0C489-LeaderElection199 got exception when requesting votes: {}
java.util.concurrent.ExecutionException: org.apache.ratis.thirdparty.io.grpc.StatusRuntimeException: UNAVAILABLE: io exception
	at java.util.concurrent.FutureTask.report(FutureTask.java:122)
	at java.util.concurrent.FutureTask.get(FutureTask.java:192)
	at org.apache.ratis.server.impl.LeaderElection.waitForResults(LeaderElection.java:259)
	at org.apache.ratis.server.impl.LeaderElection.askForVotes(LeaderElection.java:197)
	at org.apache.ratis.server.impl.LeaderElection.run(LeaderElection.java:133)
	at java.lang.Thread.run(Thread.java:748)
Caused by: org.apache.ratis.thirdparty.io.grpc.StatusRuntimeException: UNAVAILABLE: io exception
	at org.apache.ratis.thirdparty.io.grpc.stub.ClientCalls.toStatusRuntimeException(ClientCalls.java:233)
	at org.apache.ratis.thirdparty.io.grpc.stub.ClientCalls.getUnchecked(ClientCalls.java:214)
	at org.apache.ratis.thirdparty.io.grpc.stub.ClientCalls.blockingUnaryCall(ClientCalls.java:139)
	at org.apache.ratis.proto.grpc.RaftServerProtocolServiceGrpc$RaftServerProtocolServiceBlockingStub.requestVote(RaftServerProtocolServiceGrpc.java:265)
	at org.apache.ratis.grpc.server.GrpcServerProtocolClient.requestVote(GrpcServerProtocolClient.java:99)
	at org.apache.ratis.grpc.server.GrpcService.requestVote(GrpcService.java:204)
	at org.apache.ratis.server.impl.LeaderElection.lambda$submitRequests$1(LeaderElection.java:234)
	at java.util.concurrent.FutureTask.run(FutureTask.java:266)
	at java.util.concurrent.Executors$RunnableAdapter.call(Executors.java:511)
	at java.util.concurrent.FutureTask.run(FutureTask.java:266)
	at java.util.concurrent.ThreadPoolExecutor.runWorker(ThreadPoolExecutor.java:1149)
	at java.util.concurrent.ThreadPoolExecutor$Worker.run(ThreadPoolExecutor.java:624)
	... 1 more
Caused by: org.apache.ratis.thirdparty.io.netty.channel.AbstractChannel$AnnotatedConnectException: Connection refused: /192.168.157.201:44849
	at sun.nio.ch.SocketChannelImpl.checkConnect(Native Method)
	at sun.nio.ch.SocketChannelImpl.finishConnect(SocketChannelImpl.java:717)
	at org.apache.ratis.thirdparty.io.netty.channel.socket.nio.NioSocketChannel.doFinishConnect(NioSocketChannel.java:327)
	at org.apache.ratis.thirdparty.io.netty.channel.nio.AbstractNioChannel$AbstractNioUnsafe.finishConnect(AbstractNioChannel.java:340)
	at org.apache.ratis.thirdparty.io.netty.channel.nio.NioEventLoop.processSelectedKey(NioEventLoop.java:632)
	at org.apache.ratis.thirdparty.io.netty.channel.nio.NioEventLoop.processSelectedKeysOptimized(NioEventLoop.java:579)
	at org.apache.ratis.thirdparty.io.netty.channel.nio.NioEventLoop.processSelectedKeys(NioEventLoop.java:496)
	at org.apache.ratis.thirdparty.io.netty.channel.nio.NioEventLoop.run(NioEventLoop.java:458)
	at org.apache.ratis.thirdparty.io.netty.util.concurrent.SingleThreadEventExecutor$5.run(SingleThreadEventExecutor.java:897)
	at org.apache.ratis.thirdparty.io.netty.util.concurrent.FastThreadLocalRunnable.run(FastThreadLocalRunnable.java:30)
	... 1 more
Caused by: java.net.ConnectException: Connection refused
	... 11 more
2019-11-15 20:27:52,504 [95354d75-8d68-42fd-a60f-edc5fe17909c@group-62B4F8A0C489-LeaderElection199] INFO  impl.LeaderElection (LogUtils.java:infoOrTrace(149)) - 95354d75-8d68-42fd-a60f-edc5fe17909c@group-62B4F8A0C489-LeaderElection199 got exception when requesting votes: {}
java.util.concurrent.ExecutionException: org.apache.ratis.thirdparty.io.grpc.StatusRuntimeException: UNAVAILABLE: io exception
	at java.util.concurrent.FutureTask.report(FutureTask.java:122)
	at java.util.concurrent.FutureTask.get(FutureTask.java:192)
	at org.apache.ratis.server.impl.LeaderElection.waitForResults(LeaderElection.java:259)
	at org.apache.ratis.server.impl.LeaderElection.askForVotes(LeaderElection.java:197)
	at org.apache.ratis.server.impl.LeaderElection.run(LeaderElection.java:133)
	at java.lang.Thread.run(Thread.java:748)
Caused by: org.apache.ratis.thirdparty.io.grpc.StatusRuntimeException: UNAVAILABLE: io exception
	at org.apache.ratis.thirdparty.io.grpc.stub.ClientCalls.toStatusRuntimeException(ClientCalls.java:233)
	at org.apache.ratis.thirdparty.io.grpc.stub.ClientCalls.getUnchecked(ClientCalls.java:214)
	at org.apache.ratis.thirdparty.io.grpc.stub.ClientCalls.blockingUnaryCall(ClientCalls.java:139)
	at org.apache.ratis.proto.grpc.RaftServerProtocolServiceGrpc$RaftServerProtocolServiceBlockingStub.requestVote(RaftServerProtocolServiceGrpc.java:265)
	at org.apache.ratis.grpc.server.GrpcServerProtocolClient.requestVote(GrpcServerProtocolClient.java:99)
	at org.apache.ratis.grpc.server.GrpcService.requestVote(GrpcService.java:204)
	at org.apache.ratis.server.impl.LeaderElection.lambda$submitRequests$1(LeaderElection.java:234)
	at java.util.concurrent.FutureTask.run(FutureTask.java:266)
	at java.util.concurrent.Executors$RunnableAdapter.call(Executors.java:511)
	at java.util.concurrent.FutureTask.run(FutureTask.java:266)
	at java.util.concurrent.ThreadPoolExecutor.runWorker(ThreadPoolExecutor.java:1149)
	at java.util.concurrent.ThreadPoolExecutor$Worker.run(ThreadPoolExecutor.java:624)
	... 1 more
Caused by: org.apache.ratis.thirdparty.io.netty.channel.AbstractChannel$AnnotatedConnectException: Connection refused: /192.168.157.201:45301
	at sun.nio.ch.SocketChannelImpl.checkConnect(Native Method)
	at sun.nio.ch.SocketChannelImpl.finishConnect(SocketChannelImpl.java:717)
	at org.apache.ratis.thirdparty.io.netty.channel.socket.nio.NioSocketChannel.doFinishConnect(NioSocketChannel.java:327)
	at org.apache.ratis.thirdparty.io.netty.channel.nio.AbstractNioChannel$AbstractNioUnsafe.finishConnect(AbstractNioChannel.java:340)
	at org.apache.ratis.thirdparty.io.netty.channel.nio.NioEventLoop.processSelectedKey(NioEventLoop.java:632)
	at org.apache.ratis.thirdparty.io.netty.channel.nio.NioEventLoop.processSelectedKeysOptimized(NioEventLoop.java:579)
	at org.apache.ratis.thirdparty.io.netty.channel.nio.NioEventLoop.processSelectedKeys(NioEventLoop.java:496)
	at org.apache.ratis.thirdparty.io.netty.channel.nio.NioEventLoop.run(NioEventLoop.java:458)
	at org.apache.ratis.thirdparty.io.netty.util.concurrent.SingleThreadEventExecutor$5.run(SingleThreadEventExecutor.java:897)
	at org.apache.ratis.thirdparty.io.netty.util.concurrent.FastThreadLocalRunnable.run(FastThreadLocalRunnable.java:30)
	... 1 more
Caused by: java.net.ConnectException: Connection refused
	... 11 more
2019-11-15 20:27:52,504 [95354d75-8d68-42fd-a60f-edc5fe17909c@group-62B4F8A0C489-LeaderElection199] INFO  impl.LeaderElection (LeaderElection.java:logAndReturn(56)) - 95354d75-8d68-42fd-a60f-edc5fe17909c@group-62B4F8A0C489-LeaderElection199: Election REJECTED; received 0 response(s) [] and 2 exception(s); 95354d75-8d68-42fd-a60f-edc5fe17909c@group-62B4F8A0C489:t5, leader=null, voted=95354d75-8d68-42fd-a60f-edc5fe17909c, raftlog=95354d75-8d68-42fd-a60f-edc5fe17909c@group-62B4F8A0C489-SegmentedRaftLog:OPENED:c0,f0,i0, conf=0: [4e9d79cc-0455-427e-951d-7d9146a76d5d:192.168.157.201:45301, d8d3f8ae-ceeb-4228-b266-44fc60f7c1eb:192.168.157.201:44849, 95354d75-8d68-42fd-a60f-edc5fe17909c:192.168.157.201:38687], old=null
2019-11-15 20:27:52,505 [95354d75-8d68-42fd-a60f-edc5fe17909c@group-62B4F8A0C489-LeaderElection199] INFO  impl.LeaderElection (LogUtils.java:infoOrTrace(149)) -   Exception 0: {}
java.util.concurrent.ExecutionException: org.apache.ratis.thirdparty.io.grpc.StatusRuntimeException: UNAVAILABLE: io exception
	at java.util.concurrent.FutureTask.report(FutureTask.java:122)
	at java.util.concurrent.FutureTask.get(FutureTask.java:192)
	at org.apache.ratis.server.impl.LeaderElection.waitForResults(LeaderElection.java:259)
	at org.apache.ratis.server.impl.LeaderElection.askForVotes(LeaderElection.java:197)
	at org.apache.ratis.server.impl.LeaderElection.run(LeaderElection.java:133)
	at java.lang.Thread.run(Thread.java:748)
Caused by: org.apache.ratis.thirdparty.io.grpc.StatusRuntimeException: UNAVAILABLE: io exception
	at org.apache.ratis.thirdparty.io.grpc.stub.ClientCalls.toStatusRuntimeException(ClientCalls.java:233)
	at org.apache.ratis.thirdparty.io.grpc.stub.ClientCalls.getUnchecked(ClientCalls.java:214)
	at org.apache.ratis.thirdparty.io.grpc.stub.ClientCalls.blockingUnaryCall(ClientCalls.java:139)
	at org.apache.ratis.proto.grpc.RaftServerProtocolServiceGrpc$RaftServerProtocolServiceBlockingStub.requestVote(RaftServerProtocolServiceGrpc.java:265)
	at org.apache.ratis.grpc.server.GrpcServerProtocolClient.requestVote(GrpcServerProtocolClient.java:99)
	at org.apache.ratis.grpc.server.GrpcService.requestVote(GrpcService.java:204)
	at org.apache.ratis.server.impl.LeaderElection.lambda$submitRequests$1(LeaderElection.java:234)
	at java.util.concurrent.FutureTask.run(FutureTask.java:266)
	at java.util.concurrent.Executors$RunnableAdapter.call(Executors.java:511)
	at java.util.concurrent.FutureTask.run(FutureTask.java:266)
	at java.util.concurrent.ThreadPoolExecutor.runWorker(ThreadPoolExecutor.java:1149)
	at java.util.concurrent.ThreadPoolExecutor$Worker.run(ThreadPoolExecutor.java:624)
	... 1 more
Caused by: org.apache.ratis.thirdparty.io.netty.channel.AbstractChannel$AnnotatedConnectException: Connection refused: /192.168.157.201:44849
	at sun.nio.ch.SocketChannelImpl.checkConnect(Native Method)
	at sun.nio.ch.SocketChannelImpl.finishConnect(SocketChannelImpl.java:717)
	at org.apache.ratis.thirdparty.io.netty.channel.socket.nio.NioSocketChannel.doFinishConnect(NioSocketChannel.java:327)
	at org.apache.ratis.thirdparty.io.netty.channel.nio.AbstractNioChannel$AbstractNioUnsafe.finishConnect(AbstractNioChannel.java:340)
	at org.apache.ratis.thirdparty.io.netty.channel.nio.NioEventLoop.processSelectedKey(NioEventLoop.java:632)
	at org.apache.ratis.thirdparty.io.netty.channel.nio.NioEventLoop.processSelectedKeysOptimized(NioEventLoop.java:579)
	at org.apache.ratis.thirdparty.io.netty.channel.nio.NioEventLoop.processSelectedKeys(NioEventLoop.java:496)
	at org.apache.ratis.thirdparty.io.netty.channel.nio.NioEventLoop.run(NioEventLoop.java:458)
	at org.apache.ratis.thirdparty.io.netty.util.concurrent.SingleThreadEventExecutor$5.run(SingleThreadEventExecutor.java:897)
	at org.apache.ratis.thirdparty.io.netty.util.concurrent.FastThreadLocalRunnable.run(FastThreadLocalRunnable.java:30)
	... 1 more
Caused by: java.net.ConnectException: Connection refused
	... 11 more
2019-11-15 20:27:52,505 [95354d75-8d68-42fd-a60f-edc5fe17909c@group-62B4F8A0C489-LeaderElection199] INFO  impl.LeaderElection (LogUtils.java:infoOrTrace(149)) -   Exception 1: {}
java.util.concurrent.ExecutionException: org.apache.ratis.thirdparty.io.grpc.StatusRuntimeException: UNAVAILABLE: io exception
	at java.util.concurrent.FutureTask.report(FutureTask.java:122)
	at java.util.concurrent.FutureTask.get(FutureTask.java:192)
	at org.apache.ratis.server.impl.LeaderElection.waitForResults(LeaderElection.java:259)
	at org.apache.ratis.server.impl.LeaderElection.askForVotes(LeaderElection.java:197)
	at org.apache.ratis.server.impl.LeaderElection.run(LeaderElection.java:133)
	at java.lang.Thread.run(Thread.java:748)
Caused by: org.apache.ratis.thirdparty.io.grpc.StatusRuntimeException: UNAVAILABLE: io exception
	at org.apache.ratis.thirdparty.io.grpc.stub.ClientCalls.toStatusRuntimeException(ClientCalls.java:233)
	at org.apache.ratis.thirdparty.io.grpc.stub.ClientCalls.getUnchecked(ClientCalls.java:214)
	at org.apache.ratis.thirdparty.io.grpc.stub.ClientCalls.blockingUnaryCall(ClientCalls.java:139)
	at org.apache.ratis.proto.grpc.RaftServerProtocolServiceGrpc$RaftServerProtocolServiceBlockingStub.requestVote(RaftServerProtocolServiceGrpc.java:265)
	at org.apache.ratis.grpc.server.GrpcServerProtocolClient.requestVote(GrpcServerProtocolClient.java:99)
	at org.apache.ratis.grpc.server.GrpcService.requestVote(GrpcService.java:204)
	at org.apache.ratis.server.impl.LeaderElection.lambda$submitRequests$1(LeaderElection.java:234)
	at java.util.concurrent.FutureTask.run(FutureTask.java:266)
	at java.util.concurrent.Executors$RunnableAdapter.call(Executors.java:511)
	at java.util.concurrent.FutureTask.run(FutureTask.java:266)
	at java.util.concurrent.ThreadPoolExecutor.runWorker(ThreadPoolExecutor.java:1149)
	at java.util.concurrent.ThreadPoolExecutor$Worker.run(ThreadPoolExecutor.java:624)
	... 1 more
Caused by: org.apache.ratis.thirdparty.io.netty.channel.AbstractChannel$AnnotatedConnectException: Connection refused: /192.168.157.201:45301
	at sun.nio.ch.SocketChannelImpl.checkConnect(Native Method)
	at sun.nio.ch.SocketChannelImpl.finishConnect(SocketChannelImpl.java:717)
	at org.apache.ratis.thirdparty.io.netty.channel.socket.nio.NioSocketChannel.doFinishConnect(NioSocketChannel.java:327)
	at org.apache.ratis.thirdparty.io.netty.channel.nio.AbstractNioChannel$AbstractNioUnsafe.finishConnect(AbstractNioChannel.java:340)
	at org.apache.ratis.thirdparty.io.netty.channel.nio.NioEventLoop.processSelectedKey(NioEventLoop.java:632)
	at org.apache.ratis.thirdparty.io.netty.channel.nio.NioEventLoop.processSelectedKeysOptimized(NioEventLoop.java:579)
	at org.apache.ratis.thirdparty.io.netty.channel.nio.NioEventLoop.processSelectedKeys(NioEventLoop.java:496)
	at org.apache.ratis.thirdparty.io.netty.channel.nio.NioEventLoop.run(NioEventLoop.java:458)
	at org.apache.ratis.thirdparty.io.netty.util.concurrent.SingleThreadEventExecutor$5.run(SingleThreadEventExecutor.java:897)
	at org.apache.ratis.thirdparty.io.netty.util.concurrent.FastThreadLocalRunnable.run(FastThreadLocalRunnable.java:30)
	... 1 more
Caused by: java.net.ConnectException: Connection refused
	... 11 more
2019-11-15 20:27:52,505 [95354d75-8d68-42fd-a60f-edc5fe17909c@group-62B4F8A0C489-LeaderElection199] INFO  impl.RaftServerImpl (RaftServerImpl.java:setRole(173)) - 95354d75-8d68-42fd-a60f-edc5fe17909c@group-62B4F8A0C489: changes role from CANDIDATE to FOLLOWER at term 5 for DISCOVERED_A_NEW_TERM
2019-11-15 20:27:52,506 [95354d75-8d68-42fd-a60f-edc5fe17909c@group-62B4F8A0C489-LeaderElection199] INFO  impl.RoleInfo (RoleInfo.java:shutdownLeaderElection(134)) - 95354d75-8d68-42fd-a60f-edc5fe17909c: shutdown LeaderElection
2019-11-15 20:27:52,506 [95354d75-8d68-42fd-a60f-edc5fe17909c@group-62B4F8A0C489-LeaderElection199] INFO  impl.RoleInfo (RoleInfo.java:updateAndGet(143)) - 95354d75-8d68-42fd-a60f-edc5fe17909c: start FollowerState
2019-11-15 20:27:52,591 [grpc-default-executor-6] WARN  server.GrpcLogAppender (LogUtils.java:warn(134)) - 77a687a8-07fe-464e-b0f2-03532ede599a@group-09BF56990583->b7fbb734-148a-49a6-9cb1-519eb8bdf364-AppendLogResponseHandler: Failed appendEntries: org.apache.ratis.thirdparty.io.grpc.StatusRuntimeException: UNAVAILABLE: io exception
2019-11-15 20:27:52,591 [grpc-default-executor-6] INFO  impl.FollowerInfo (FollowerInfo.java:lambda$new$0(51)) - 77a687a8-07fe-464e-b0f2-03532ede599a@group-09BF56990583->b7fbb734-148a-49a6-9cb1-519eb8bdf364: nextIndex: updateUnconditionally 0 -> 0
2019-11-15 20:27:52,595 [grpc-default-executor-10] WARN  server.GrpcLogAppender (LogUtils.java:warn(134)) - 77a687a8-07fe-464e-b0f2-03532ede599a@group-09BF56990583->0d66e4d5-0fe9-441c-84d0-b1903c285e78-AppendLogResponseHandler: Failed appendEntries: org.apache.ratis.thirdparty.io.grpc.StatusRuntimeException: UNAVAILABLE: io exception
2019-11-15 20:27:52,596 [grpc-default-executor-10] INFO  impl.FollowerInfo (FollowerInfo.java:lambda$new$0(51)) - 77a687a8-07fe-464e-b0f2-03532ede599a@group-09BF56990583->0d66e4d5-0fe9-441c-84d0-b1903c285e78: nextIndex: updateUnconditionally 0 -> 0
2019-11-15 20:27:53,092 [grpc-default-executor-12] WARN  server.GrpcLogAppender (LogUtils.java:warn(134)) - 77a687a8-07fe-464e-b0f2-03532ede599a@group-09BF56990583->b7fbb734-148a-49a6-9cb1-519eb8bdf364-AppendLogResponseHandler: Failed appendEntries: org.apache.ratis.thirdparty.io.grpc.StatusRuntimeException: UNAVAILABLE: io exception
2019-11-15 20:27:53,092 [grpc-default-executor-12] INFO  impl.FollowerInfo (FollowerInfo.java:lambda$new$0(51)) - 77a687a8-07fe-464e-b0f2-03532ede599a@group-09BF56990583->b7fbb734-148a-49a6-9cb1-519eb8bdf364: nextIndex: updateUnconditionally 0 -> 0
2019-11-15 20:27:53,095 [grpc-default-executor-6] WARN  server.GrpcLogAppender (LogUtils.java:warn(134)) - 77a687a8-07fe-464e-b0f2-03532ede599a@group-09BF56990583->0d66e4d5-0fe9-441c-84d0-b1903c285e78-AppendLogResponseHandler: Failed appendEntries: org.apache.ratis.thirdparty.io.grpc.StatusRuntimeException: UNAVAILABLE: io exception
2019-11-15 20:27:53,096 [grpc-default-executor-6] INFO  impl.FollowerInfo (FollowerInfo.java:lambda$new$0(51)) - 77a687a8-07fe-464e-b0f2-03532ede599a@group-09BF56990583->0d66e4d5-0fe9-441c-84d0-b1903c285e78: nextIndex: updateUnconditionally 0 -> 0
2019-11-15 20:27:53,579 [Thread-4490] INFO  impl.FollowerState (FollowerState.java:run(111)) - 95354d75-8d68-42fd-a60f-edc5fe17909c@group-62B4F8A0C489-FollowerState: change to CANDIDATE, lastRpcTime:1073ms, electionTimeout:1073ms
2019-11-15 20:27:53,579 [Thread-4490] INFO  impl.RoleInfo (RoleInfo.java:shutdownFollowerState(121)) - 95354d75-8d68-42fd-a60f-edc5fe17909c: shutdown FollowerState
2019-11-15 20:27:53,580 [Thread-4490] INFO  impl.RaftServerImpl (RaftServerImpl.java:setRole(173)) - 95354d75-8d68-42fd-a60f-edc5fe17909c@group-62B4F8A0C489: changes role from  FOLLOWER to CANDIDATE at term 5 for changeToCandidate
2019-11-15 20:27:53,580 [Thread-4490] INFO  impl.RoleInfo (RoleInfo.java:updateAndGet(143)) - 95354d75-8d68-42fd-a60f-edc5fe17909c: start LeaderElection
2019-11-15 20:27:53,592 [grpc-default-executor-12] WARN  server.GrpcLogAppender (LogUtils.java:warn(134)) - 77a687a8-07fe-464e-b0f2-03532ede599a@group-09BF56990583->b7fbb734-148a-49a6-9cb1-519eb8bdf364-AppendLogResponseHandler: Failed appendEntries: org.apache.ratis.thirdparty.io.grpc.StatusRuntimeException: UNAVAILABLE: io exception
2019-11-15 20:27:53,593 [grpc-default-executor-12] INFO  impl.FollowerInfo (FollowerInfo.java:lambda$new$0(51)) - 77a687a8-07fe-464e-b0f2-03532ede599a@group-09BF56990583->b7fbb734-148a-49a6-9cb1-519eb8bdf364: nextIndex: updateUnconditionally 0 -> 0
2019-11-15 20:27:53,596 [grpc-default-executor-6] WARN  server.GrpcLogAppender (LogUtils.java:warn(134)) - 77a687a8-07fe-464e-b0f2-03532ede599a@group-09BF56990583->0d66e4d5-0fe9-441c-84d0-b1903c285e78-AppendLogResponseHandler: Failed appendEntries: org.apache.ratis.thirdparty.io.grpc.StatusRuntimeException: UNAVAILABLE: io exception
2019-11-15 20:27:53,596 [grpc-default-executor-6] INFO  impl.FollowerInfo (FollowerInfo.java:lambda$new$0(51)) - 77a687a8-07fe-464e-b0f2-03532ede599a@group-09BF56990583->0d66e4d5-0fe9-441c-84d0-b1903c285e78: nextIndex: updateUnconditionally 0 -> 0
2019-11-15 20:27:54,092 [main] INFO  ozoneimpl.OzoneContainer (OzoneContainer.java:stop(244)) - Attempting to stop container services.
2019-11-15 20:27:54,092 [main] INFO  impl.RaftServerProxy (RaftServerProxy.java:lambda$close$4(314)) - 77a687a8-07fe-464e-b0f2-03532ede599a: close
2019-11-15 20:27:54,093 [grpc-default-executor-10] WARN  server.GrpcLogAppender (LogUtils.java:warn(134)) - 77a687a8-07fe-464e-b0f2-03532ede599a@group-09BF56990583->b7fbb734-148a-49a6-9cb1-519eb8bdf364-AppendLogResponseHandler: Failed appendEntries: org.apache.ratis.thirdparty.io.grpc.StatusRuntimeException: UNAVAILABLE: io exception
2019-11-15 20:27:54,093 [main] INFO  impl.RaftServerImpl (RaftServerImpl.java:lambda$shutdown$3(250)) - 77a687a8-07fe-464e-b0f2-03532ede599a@group-419AA6468A1B: shutdown
2019-11-15 20:27:54,093 [grpc-default-executor-10] INFO  impl.FollowerInfo (FollowerInfo.java:lambda$new$0(51)) - 77a687a8-07fe-464e-b0f2-03532ede599a@group-09BF56990583->b7fbb734-148a-49a6-9cb1-519eb8bdf364: nextIndex: updateUnconditionally 0 -> 0
2019-11-15 20:27:54,093 [main] INFO  util.JmxRegister (JmxRegister.java:unregister(73)) - Successfully un-registered JMX Bean with object name Ratis:service=RaftServer,group=group-419AA6468A1B,id=77a687a8-07fe-464e-b0f2-03532ede599a
2019-11-15 20:27:54,093 [main] INFO  impl.RoleInfo (RoleInfo.java:shutdownLeaderState(104)) - 77a687a8-07fe-464e-b0f2-03532ede599a: shutdown LeaderState
2019-11-15 20:27:54,094 [main] INFO  impl.PendingRequests (PendingRequests.java:sendNotLeaderResponses(206)) - 77a687a8-07fe-464e-b0f2-03532ede599a@group-419AA6468A1B-PendingRequests: sendNotLeaderResponses
2019-11-15 20:27:54,094 [main] INFO  impl.StateMachineUpdater (StateMachineUpdater.java:stopAndJoin(136)) - 77a687a8-07fe-464e-b0f2-03532ede599a@group-419AA6468A1B-StateMachineUpdater: set stopIndex = 0
2019-11-15 20:27:54,095 [main] INFO  impl.RaftServerImpl (ServerState.java:close(387)) - 77a687a8-07fe-464e-b0f2-03532ede599a@group-419AA6468A1B: closes. applyIndex: 0
2019-11-15 20:27:54,095 [77a687a8-07fe-464e-b0f2-03532ede599a@group-419AA6468A1B-SegmentedRaftLogWorker] INFO  segmented.SegmentedRaftLogWorker (SegmentedRaftLogWorker.java:run(316)) - 77a687a8-07fe-464e-b0f2-03532ede599a@group-419AA6468A1B-SegmentedRaftLogWorker was interrupted, exiting. There are 0 tasks remaining in the queue.
2019-11-15 20:27:54,095 [main] INFO  segmented.SegmentedRaftLogWorker (SegmentedRaftLogWorker.java:close(224)) - 77a687a8-07fe-464e-b0f2-03532ede599a@group-419AA6468A1B-SegmentedRaftLogWorker close()
2019-11-15 20:27:54,096 [main] INFO  impl.RaftServerImpl (RaftServerImpl.java:lambda$shutdown$3(250)) - 77a687a8-07fe-464e-b0f2-03532ede599a@group-09BF56990583: shutdown
2019-11-15 20:27:54,096 [main] INFO  util.JmxRegister (JmxRegister.java:unregister(73)) - Successfully un-registered JMX Bean with object name Ratis:service=RaftServer,group=group-09BF56990583,id=77a687a8-07fe-464e-b0f2-03532ede599a
2019-11-15 20:27:54,096 [grpc-default-executor-12] WARN  server.GrpcLogAppender (LogUtils.java:warn(134)) - 77a687a8-07fe-464e-b0f2-03532ede599a@group-09BF56990583->0d66e4d5-0fe9-441c-84d0-b1903c285e78-AppendLogResponseHandler: Failed appendEntries: org.apache.ratis.thirdparty.io.grpc.StatusRuntimeException: UNAVAILABLE: io exception
2019-11-15 20:27:54,096 [main] INFO  impl.RoleInfo (RoleInfo.java:shutdownLeaderState(104)) - 77a687a8-07fe-464e-b0f2-03532ede599a: shutdown LeaderState
2019-11-15 20:27:54,096 [grpc-default-executor-12] INFO  impl.FollowerInfo (FollowerInfo.java:lambda$new$0(51)) - 77a687a8-07fe-464e-b0f2-03532ede599a@group-09BF56990583->0d66e4d5-0fe9-441c-84d0-b1903c285e78: nextIndex: updateUnconditionally 0 -> 0
2019-11-15 20:27:54,099 [org.apache.ratis.server.impl.LogAppender$AppenderDaemon$$Lambda$425/1230114949@468942df] WARN  server.GrpcLogAppender (GrpcLogAppender.java:mayWait(151)) - 77a687a8-07fe-464e-b0f2-03532ede599a@group-09BF56990583->b7fbb734-148a-49a6-9cb1-519eb8bdf364-GrpcLogAppender: Wait interrupted by java.lang.InterruptedException
2019-11-15 20:27:54,099 [main] INFO  impl.PendingRequests (PendingRequests.java:sendNotLeaderResponses(206)) - 77a687a8-07fe-464e-b0f2-03532ede599a@group-09BF56990583-PendingRequests: sendNotLeaderResponses
2019-11-15 20:27:54,099 [org.apache.ratis.server.impl.LogAppender$AppenderDaemon$$Lambda$425/1230114949@38bdcca] WARN  server.GrpcLogAppender (GrpcLogAppender.java:mayWait(151)) - 77a687a8-07fe-464e-b0f2-03532ede599a@group-09BF56990583->0d66e4d5-0fe9-441c-84d0-b1903c285e78-GrpcLogAppender: Wait interrupted by java.lang.InterruptedException
2019-11-15 20:27:54,100 [main] INFO  impl.StateMachineUpdater (StateMachineUpdater.java:stopAndJoin(136)) - 77a687a8-07fe-464e-b0f2-03532ede599a@group-09BF56990583-StateMachineUpdater: set stopIndex = 0
2019-11-15 20:27:54,100 [main] INFO  impl.RaftServerImpl (ServerState.java:close(387)) - 77a687a8-07fe-464e-b0f2-03532ede599a@group-09BF56990583: closes. applyIndex: 0
2019-11-15 20:27:54,100 [77a687a8-07fe-464e-b0f2-03532ede599a@group-09BF56990583-SegmentedRaftLogWorker] INFO  segmented.SegmentedRaftLogWorker (SegmentedRaftLogWorker.java:run(316)) - 77a687a8-07fe-464e-b0f2-03532ede599a@group-09BF56990583-SegmentedRaftLogWorker was interrupted, exiting. There are 0 tasks remaining in the queue.
2019-11-15 20:27:54,101 [main] INFO  segmented.SegmentedRaftLogWorker (SegmentedRaftLogWorker.java:close(224)) - 77a687a8-07fe-464e-b0f2-03532ede599a@group-09BF56990583-SegmentedRaftLogWorker close()
2019-11-15 20:27:54,102 [main] INFO  server.GrpcService (GrpcService.java:closeImpl(164)) - 77a687a8-07fe-464e-b0f2-03532ede599a: shutdown server with port 39884 now
2019-11-15 20:27:54,103 [main] INFO  server.GrpcService (GrpcService.java:closeImpl(172)) - 77a687a8-07fe-464e-b0f2-03532ede599a: shutdown server with port 39884 successfully
2019-11-15 20:27:54,105 [refreshUsed-/workdir/hadoop-ozone/integration-test/target/test-dir/MiniOzoneClusterImpl-2baab228-4da8-45e4-8c00-c7e13f1dd389/datanode-7/data/containers] WARN  fs.CachingGetSpaceUsed (CachingGetSpaceUsed.java:run(183)) - Thread Interrupted waiting to refresh disk information: sleep interrupted
2019-11-15 20:27:54,118 [main] INFO  utils.BackgroundService (BackgroundService.java:shutdown(151)) - Shutting down service BlockDeletingService
2019-11-15 20:27:54,120 [main] INFO  statemachine.DatanodeStateMachine (DatanodeStateMachine.java:stopDaemon(400)) - Ozone container server stopped.
2019-11-15 20:27:54,121 [main] INFO  handler.ContextHandler (ContextHandler.java:doStop(910)) - Stopped o.e.j.w.WebAppContext@3915e7c3{/,null,UNAVAILABLE}{/hddsDatanode}
2019-11-15 20:27:54,121 [main] INFO  server.AbstractConnector (AbstractConnector.java:doStop(318)) - Stopped ServerConnector@167a21b{HTTP/1.1,[http/1.1]}{0.0.0.0:0}
2019-11-15 20:27:54,122 [main] INFO  handler.ContextHandler (ContextHandler.java:doStop(910)) - Stopped o.e.j.s.ServletContextHandler@2776fd8f{/static,jar:file:/home/user/.m2/repository/org/apache/hadoop/hadoop-hdds-container-service/0.5.0-SNAPSHOT/hadoop-hdds-container-service-0.5.0-SNAPSHOT.jar!/webapps/static,UNAVAILABLE}
2019-11-15 20:27:54,122 [main] INFO  handler.ContextHandler (ContextHandler.java:doStop(910)) - Stopped o.e.j.s.ServletContextHandler@24197b13{/logs,file:///workdir/hadoop-ozone/integration-test/target/log,UNAVAILABLE}
2019-11-15 20:27:54,152 [ForkJoinPool.commonPool-worker-1] INFO  ozoneimpl.OzoneContainer (OzoneContainer.java:stop(244)) - Attempting to stop container services.
2019-11-15 20:27:54,153 [ForkJoinPool.commonPool-worker-1] INFO  impl.RaftServerProxy (RaftServerProxy.java:lambda$close$4(314)) - 95354d75-8d68-42fd-a60f-edc5fe17909c: close
2019-11-15 20:27:54,153 [ForkJoinPool.commonPool-worker-1] INFO  impl.RaftServerImpl (RaftServerImpl.java:lambda$shutdown$3(250)) - 95354d75-8d68-42fd-a60f-edc5fe17909c@group-62B4F8A0C489: shutdown
2019-11-15 20:27:54,153 [ForkJoinPool.commonPool-worker-1] INFO  util.JmxRegister (JmxRegister.java:unregister(73)) - Successfully un-registered JMX Bean with object name Ratis:service=RaftServer,group=group-62B4F8A0C489,id=95354d75-8d68-42fd-a60f-edc5fe17909c
2019-11-15 20:27:54,153 [ForkJoinPool.commonPool-worker-1] INFO  impl.RoleInfo (RoleInfo.java:shutdownLeaderElection(134)) - 95354d75-8d68-42fd-a60f-edc5fe17909c: shutdown LeaderElection
2019-11-15 20:27:54,154 [ForkJoinPool.commonPool-worker-1] INFO  impl.StateMachineUpdater (StateMachineUpdater.java:stopAndJoin(136)) - 95354d75-8d68-42fd-a60f-edc5fe17909c@group-62B4F8A0C489-StateMachineUpdater: set stopIndex = 0
2019-11-15 20:27:54,154 [ForkJoinPool.commonPool-worker-1] INFO  impl.RaftServerImpl (ServerState.java:close(387)) - 95354d75-8d68-42fd-a60f-edc5fe17909c@group-62B4F8A0C489: closes. applyIndex: 0
2019-11-15 20:27:54,154 [95354d75-8d68-42fd-a60f-edc5fe17909c@group-62B4F8A0C489-SegmentedRaftLogWorker] INFO  segmented.SegmentedRaftLogWorker (SegmentedRaftLogWorker.java:run(316)) - 95354d75-8d68-42fd-a60f-edc5fe17909c@group-62B4F8A0C489-SegmentedRaftLogWorker was interrupted, exiting. There are 0 tasks remaining in the queue.
2019-11-15 20:27:54,154 [ForkJoinPool.commonPool-worker-1] INFO  segmented.SegmentedRaftLogWorker (SegmentedRaftLogWorker.java:close(224)) - 95354d75-8d68-42fd-a60f-edc5fe17909c@group-62B4F8A0C489-SegmentedRaftLogWorker close()
2019-11-15 20:27:54,155 [ForkJoinPool.commonPool-worker-1] INFO  impl.RaftServerImpl (RaftServerImpl.java:lambda$shutdown$3(250)) - 95354d75-8d68-42fd-a60f-edc5fe17909c@group-5B00BECFAB72: shutdown
2019-11-15 20:27:54,155 [ForkJoinPool.commonPool-worker-1] INFO  util.JmxRegister (JmxRegister.java:unregister(73)) - Successfully un-registered JMX Bean with object name Ratis:service=RaftServer,group=group-5B00BECFAB72,id=95354d75-8d68-42fd-a60f-edc5fe17909c
2019-11-15 20:27:54,155 [ForkJoinPool.commonPool-worker-1] INFO  impl.RoleInfo (RoleInfo.java:shutdownLeaderState(104)) - 95354d75-8d68-42fd-a60f-edc5fe17909c: shutdown LeaderState
2019-11-15 20:27:54,155 [ForkJoinPool.commonPool-worker-1] INFO  impl.PendingRequests (PendingRequests.java:sendNotLeaderResponses(206)) - 95354d75-8d68-42fd-a60f-edc5fe17909c@group-5B00BECFAB72-PendingRequests: sendNotLeaderResponses
2019-11-15 20:27:54,156 [ForkJoinPool.commonPool-worker-1] INFO  impl.StateMachineUpdater (StateMachineUpdater.java:stopAndJoin(136)) - 95354d75-8d68-42fd-a60f-edc5fe17909c@group-5B00BECFAB72-StateMachineUpdater: set stopIndex = 0
2019-11-15 20:27:54,156 [ForkJoinPool.commonPool-worker-1] INFO  impl.RaftServerImpl (ServerState.java:close(387)) - 95354d75-8d68-42fd-a60f-edc5fe17909c@group-5B00BECFAB72: closes. applyIndex: 0
2019-11-15 20:27:54,157 [95354d75-8d68-42fd-a60f-edc5fe17909c@group-5B00BECFAB72-SegmentedRaftLogWorker] INFO  segmented.SegmentedRaftLogWorker (SegmentedRaftLogWorker.java:run(316)) - 95354d75-8d68-42fd-a60f-edc5fe17909c@group-5B00BECFAB72-SegmentedRaftLogWorker was interrupted, exiting. There are 0 tasks remaining in the queue.
2019-11-15 20:27:54,157 [ForkJoinPool.commonPool-worker-1] INFO  segmented.SegmentedRaftLogWorker (SegmentedRaftLogWorker.java:close(224)) - 95354d75-8d68-42fd-a60f-edc5fe17909c@group-5B00BECFAB72-SegmentedRaftLogWorker close()
2019-11-15 20:27:54,157 [ForkJoinPool.commonPool-worker-1] INFO  server.GrpcService (GrpcService.java:closeImpl(164)) - 95354d75-8d68-42fd-a60f-edc5fe17909c: shutdown server with port 38687 now
2019-11-15 20:27:54,158 [ForkJoinPool.commonPool-worker-1] INFO  server.GrpcService (GrpcService.java:closeImpl(172)) - 95354d75-8d68-42fd-a60f-edc5fe17909c: shutdown server with port 38687 successfully
2019-11-15 20:27:54,160 [refreshUsed-/workdir/hadoop-ozone/integration-test/target/test-dir/MiniOzoneClusterImpl-2baab228-4da8-45e4-8c00-c7e13f1dd389/datanode-0/data/containers] WARN  fs.CachingGetSpaceUsed (CachingGetSpaceUsed.java:run(183)) - Thread Interrupted waiting to refresh disk information: sleep interrupted
2019-11-15 20:27:54,181 [ForkJoinPool.commonPool-worker-1] INFO  utils.BackgroundService (BackgroundService.java:shutdown(151)) - Shutting down service BlockDeletingService
2019-11-15 20:27:54,182 [ForkJoinPool.commonPool-worker-1] INFO  statemachine.DatanodeStateMachine (DatanodeStateMachine.java:stopDaemon(400)) - Ozone container server stopped.
2019-11-15 20:27:54,184 [ForkJoinPool.commonPool-worker-1] INFO  handler.ContextHandler (ContextHandler.java:doStop(910)) - Stopped o.e.j.w.WebAppContext@6562cc23{/,null,UNAVAILABLE}{/hddsDatanode}
2019-11-15 20:27:54,185 [ForkJoinPool.commonPool-worker-1] INFO  server.AbstractConnector (AbstractConnector.java:doStop(318)) - Stopped ServerConnector@2ce524d2{HTTP/1.1,[http/1.1]}{0.0.0.0:0}
2019-11-15 20:27:54,186 [ForkJoinPool.commonPool-worker-1] INFO  handler.ContextHandler (ContextHandler.java:doStop(910)) - Stopped o.e.j.s.ServletContextHandler@4d4c1ba9{/static,jar:file:/home/user/.m2/repository/org/apache/hadoop/hadoop-hdds-container-service/0.5.0-SNAPSHOT/hadoop-hdds-container-service-0.5.0-SNAPSHOT.jar!/webapps/static,UNAVAILABLE}
2019-11-15 20:27:54,187 [ForkJoinPool.commonPool-worker-1] INFO  handler.ContextHandler (ContextHandler.java:doStop(910)) - Stopped o.e.j.s.ServletContextHandler@61da0413{/logs,file:///workdir/hadoop-ozone/integration-test/target/log,UNAVAILABLE}
2019-11-15 20:27:54,285 [95354d75-8d68-42fd-a60f-edc5fe17909c@group-62B4F8A0C489-LeaderElection200] INFO  impl.LeaderElection (LeaderElection.java:askForVotes(178)) - 95354d75-8d68-42fd-a60f-edc5fe17909c@group-62B4F8A0C489-LeaderElection200: begin an election at term 6 for 0: [4e9d79cc-0455-427e-951d-7d9146a76d5d:192.168.157.201:45301, d8d3f8ae-ceeb-4228-b266-44fc60f7c1eb:192.168.157.201:44849, 95354d75-8d68-42fd-a60f-edc5fe17909c:192.168.157.201:38687], old=null
2019-11-15 20:27:54,286 [95354d75-8d68-42fd-a60f-edc5fe17909c@group-62B4F8A0C489-LeaderElection200] INFO  impl.LeaderElection (LeaderElection.java:run(137)) - 95354d75-8d68-42fd-a60f-edc5fe17909c@group-62B4F8A0C489-LeaderElection200: IllegalArgumentException is safely ignored since this is already CLOSING
java.lang.IllegalArgumentException: 95354d75-8d68-42fd-a60f-edc5fe17909c@group-62B4F8A0C489-SegmentedRaftLog is expected to be opened but it is CLOSED
	at org.apache.ratis.util.OpenCloseState.assertOpen(OpenCloseState.java:63)
	at org.apache.ratis.server.raftlog.RaftLog.checkLogState(RaftLog.java:102)
	at org.apache.ratis.server.raftlog.segmented.SegmentedRaftLog.getLastEntryTermIndex(SegmentedRaftLog.java:345)
	at org.apache.ratis.server.impl.LeaderElection.askForVotes(LeaderElection.java:180)
	at org.apache.ratis.server.impl.LeaderElection.run(LeaderElection.java:133)
	at java.lang.Thread.run(Thread.java:748)
Caused by: org.apache.ratis.util.OpenCloseState$CloseTrace: Close 95354d75-8d68-42fd-a60f-edc5fe17909c@group-62B4F8A0C489-SegmentedRaftLog
	at org.apache.ratis.util.OpenCloseState.lambda$close$1(OpenCloseState.java:109)
	at java.util.concurrent.atomic.AtomicReference.getAndUpdate(AtomicReference.java:160)
	at org.apache.ratis.util.OpenCloseState.close(OpenCloseState.java:109)
	at org.apache.ratis.server.raftlog.RaftLog.close(RaftLog.java:437)
	at org.apache.ratis.server.raftlog.segmented.SegmentedRaftLog.close(SegmentedRaftLog.java:500)
	at org.apache.ratis.server.impl.ServerState.close(ServerState.java:389)
	at org.apache.ratis.server.impl.RaftServerImpl.lambda$shutdown$3(RaftServerImpl.java:272)
	at org.apache.ratis.util.LifeCycle.lambda$checkStateAndClose$2(LifeCycle.java:231)
	at org.apache.ratis.util.LifeCycle.checkStateAndClose(LifeCycle.java:251)
	at org.apache.ratis.util.LifeCycle.checkStateAndClose(LifeCycle.java:229)
	at org.apache.ratis.server.impl.RaftServerImpl.shutdown(RaftServerImpl.java:249)
	at org.apache.ratis.server.impl.RaftServerProxy$ImplMap.lambda$close$0(RaftServerProxy.java:107)
	at java.util.stream.ForEachOps$ForEachOp$OfRef.accept(ForEachOps.java:183)
	at java.util.stream.ReferencePipeline$3$1.accept(ReferencePipeline.java:193)
	at java.util.concurrent.ConcurrentHashMap$ValueSpliterator.forEachRemaining(ConcurrentHashMap.java:3566)
	at java.util.stream.AbstractPipeline.copyInto(AbstractPipeline.java:482)
	at java.util.stream.ForEachOps$ForEachTask.compute(ForEachOps.java:290)
	at java.util.concurrent.CountedCompleter.exec(CountedCompleter.java:731)
	at java.util.concurrent.ForkJoinTask.doExec(ForkJoinTask.java:289)
	at java.util.concurrent.ForkJoinTask.doInvoke(ForkJoinTask.java:401)
	at java.util.concurrent.ForkJoinTask.invoke(ForkJoinTask.java:734)
	at java.util.stream.ForEachOps$ForEachOp.evaluateParallel(ForEachOps.java:159)
	at java.util.stream.ForEachOps$ForEachOp$OfRef.evaluateParallel(ForEachOps.java:173)
	at java.util.stream.AbstractPipeline.evaluate(AbstractPipeline.java:233)
	at java.util.stream.ReferencePipeline.forEach(ReferencePipeline.java:485)
	at org.apache.ratis.server.impl.RaftServerProxy$ImplMap.close(RaftServerProxy.java:107)
	at org.apache.ratis.server.impl.RaftServerProxy.lambda$close$4(RaftServerProxy.java:315)
	at org.apache.ratis.util.LifeCycle.lambda$checkStateAndClose$2(LifeCycle.java:231)
	at org.apache.ratis.util.LifeCycle.checkStateAndClose(LifeCycle.java:251)
	at org.apache.ratis.util.LifeCycle.checkStateAndClose(LifeCycle.java:229)
	at org.apache.ratis.server.impl.RaftServerProxy.close(RaftServerProxy.java:313)
	at org.apache.hadoop.ozone.container.common.transport.server.ratis.XceiverServerRatis.stop(XceiverServerRatis.java:451)
	at org.apache.hadoop.ozone.container.ozoneimpl.OzoneContainer.stop(OzoneContainer.java:246)
	at org.apache.hadoop.ozone.container.common.statemachine.DatanodeStateMachine.close(DatanodeStateMachine.java:275)
	at org.apache.hadoop.ozone.container.common.statemachine.DatanodeStateMachine.stopDaemon(DatanodeStateMachine.java:399)
	at org.apache.hadoop.ozone.HddsDatanodeService.stop(HddsDatanodeService.java:458)
	at org.apache.hadoop.ozone.MiniOzoneClusterImpl.stopDatanode(MiniOzoneClusterImpl.java:423)
	at java.util.stream.ForEachOps$ForEachOp$OfRef.accept(ForEachOps.java:183)
	at java.util.ArrayList$ArrayListSpliterator.forEachRemaining(ArrayList.java:1382)
	at java.util.stream.AbstractPipeline.copyInto(AbstractPipeline.java:482)
	at java.util.stream.ForEachOps$ForEachTask.compute(ForEachOps.java:290)
	at java.util.concurrent.CountedCompleter.exec(CountedCompleter.java:731)
	at java.util.concurrent.ForkJoinTask.doExec(ForkJoinTask.java:289)
	at java.util.concurrent.ForkJoinPool$WorkQueue.execLocalTasks(ForkJoinPool.java:1040)
	at java.util.concurrent.ForkJoinPool$WorkQueue.runTask(ForkJoinPool.java:1058)
	at java.util.concurrent.ForkJoinPool.runWorker(ForkJoinPool.java:1692)
	at java.util.concurrent.ForkJoinWorkerThread.run(ForkJoinWorkerThread.java:157)
2019-11-15 20:27:55,187 [Datanode State Machine Thread - 0] INFO  statemachine.DatanodeStateMachine (DatanodeStateMachine.java:lambda$startDaemon$0(355)) - Ozone container server started.
2019-11-15 20:27:59,192 [ForkJoinPool.commonPool-worker-1] INFO  ozoneimpl.OzoneContainer (OzoneContainer.java:stop(244)) - Attempting to stop container services.
2019-11-15 20:27:59,193 [ForkJoinPool.commonPool-worker-1] INFO  impl.RaftServerProxy (RaftServerProxy.java:lambda$close$4(314)) - 4f10a0c5-c407-437d-ba7d-4ff51fc359eb: close
2019-11-15 20:27:59,194 [ForkJoinPool.commonPool-worker-1] INFO  impl.RaftServerImpl (RaftServerImpl.java:lambda$shutdown$3(250)) - 4f10a0c5-c407-437d-ba7d-4ff51fc359eb@group-53EA7A161AB0: shutdown
2019-11-15 20:27:59,194 [ForkJoinPool.commonPool-worker-1] INFO  util.JmxRegister (JmxRegister.java:unregister(73)) - Successfully un-registered JMX Bean with object name Ratis:service=RaftServer,group=group-53EA7A161AB0,id=4f10a0c5-c407-437d-ba7d-4ff51fc359eb
2019-11-15 20:27:59,195 [ForkJoinPool.commonPool-worker-1] INFO  impl.RoleInfo (RoleInfo.java:shutdownLeaderState(104)) - 4f10a0c5-c407-437d-ba7d-4ff51fc359eb: shutdown LeaderState
2019-11-15 20:27:59,195 [ForkJoinPool.commonPool-worker-1] INFO  impl.PendingRequests (PendingRequests.java:sendNotLeaderResponses(206)) - 4f10a0c5-c407-437d-ba7d-4ff51fc359eb@group-53EA7A161AB0-PendingRequests: sendNotLeaderResponses
2019-11-15 20:27:59,196 [ForkJoinPool.commonPool-worker-1] INFO  impl.StateMachineUpdater (StateMachineUpdater.java:stopAndJoin(136)) - 4f10a0c5-c407-437d-ba7d-4ff51fc359eb@group-53EA7A161AB0-StateMachineUpdater: set stopIndex = 0
2019-11-15 20:27:59,198 [ForkJoinPool.commonPool-worker-1] INFO  impl.RaftServerImpl (ServerState.java:close(387)) - 4f10a0c5-c407-437d-ba7d-4ff51fc359eb@group-53EA7A161AB0: closes. applyIndex: 0
2019-11-15 20:27:59,198 [4f10a0c5-c407-437d-ba7d-4ff51fc359eb@group-53EA7A161AB0-SegmentedRaftLogWorker] INFO  segmented.SegmentedRaftLogWorker (SegmentedRaftLogWorker.java:run(316)) - 4f10a0c5-c407-437d-ba7d-4ff51fc359eb@group-53EA7A161AB0-SegmentedRaftLogWorker was interrupted, exiting. There are 0 tasks remaining in the queue.
2019-11-15 20:27:59,199 [ForkJoinPool.commonPool-worker-1] INFO  segmented.SegmentedRaftLogWorker (SegmentedRaftLogWorker.java:close(224)) - 4f10a0c5-c407-437d-ba7d-4ff51fc359eb@group-53EA7A161AB0-SegmentedRaftLogWorker close()
2019-11-15 20:27:59,199 [ForkJoinPool.commonPool-worker-1] INFO  server.GrpcService (GrpcService.java:closeImpl(164)) - 4f10a0c5-c407-437d-ba7d-4ff51fc359eb: shutdown server with port 40274 now
2019-11-15 20:27:59,200 [ForkJoinPool.commonPool-worker-1] INFO  server.GrpcService (GrpcService.java:closeImpl(172)) - 4f10a0c5-c407-437d-ba7d-4ff51fc359eb: shutdown server with port 40274 successfully
2019-11-15 20:27:59,208 [refreshUsed-/workdir/hadoop-ozone/integration-test/target/test-dir/MiniOzoneClusterImpl-2baab228-4da8-45e4-8c00-c7e13f1dd389/datanode-1/data/containers] WARN  fs.CachingGetSpaceUsed (CachingGetSpaceUsed.java:run(183)) - Thread Interrupted waiting to refresh disk information: sleep interrupted
2019-11-15 20:27:59,235 [ForkJoinPool.commonPool-worker-1] INFO  utils.BackgroundService (BackgroundService.java:shutdown(151)) - Shutting down service BlockDeletingService
2019-11-15 20:27:59,238 [ForkJoinPool.commonPool-worker-1] INFO  statemachine.DatanodeStateMachine (DatanodeStateMachine.java:stopDaemon(400)) - Ozone container server stopped.
2019-11-15 20:27:59,242 [ForkJoinPool.commonPool-worker-1] INFO  handler.ContextHandler (ContextHandler.java:doStop(910)) - Stopped o.e.j.w.WebAppContext@646d810b{/,null,UNAVAILABLE}{/hddsDatanode}
2019-11-15 20:27:59,243 [ForkJoinPool.commonPool-worker-1] INFO  server.AbstractConnector (AbstractConnector.java:doStop(318)) - Stopped ServerConnector@30508066{HTTP/1.1,[http/1.1]}{0.0.0.0:0}
2019-11-15 20:27:59,244 [ForkJoinPool.commonPool-worker-1] INFO  handler.ContextHandler (ContextHandler.java:doStop(910)) - Stopped o.e.j.s.ServletContextHandler@3a6e9856{/static,jar:file:/home/user/.m2/repository/org/apache/hadoop/hadoop-hdds-container-service/0.5.0-SNAPSHOT/hadoop-hdds-container-service-0.5.0-SNAPSHOT.jar!/webapps/static,UNAVAILABLE}
2019-11-15 20:27:59,245 [ForkJoinPool.commonPool-worker-1] INFO  handler.ContextHandler (ContextHandler.java:doStop(910)) - Stopped o.e.j.s.ServletContextHandler@54495935{/logs,file:///workdir/hadoop-ozone/integration-test/target/log,UNAVAILABLE}
2019-11-15 20:27:59,246 [main] INFO  ozone.MiniOzoneClusterImpl (MiniOzoneClusterImpl.java:stopSCM(430)) - Stopping the StorageContainerManager
2019-11-15 20:27:59,247 [main] INFO  server.StorageContainerManager (StorageContainerManager.java:stop(804)) - Stopping Replication Manager Service.
2019-11-15 20:27:59,247 [main] INFO  container.ReplicationManager (ReplicationManager.java:stop(203)) - Stopping Replication Monitor Thread.
2019-11-15 20:27:59,247 [main] INFO  server.StorageContainerManager (StorageContainerManager.java:stop(811)) - Stopping Lease Manager of the command watchers
2019-11-15 20:27:59,247 [main] INFO  server.StorageContainerManager (StorageContainerManager.java:stop(818)) - Stopping datanode service RPC server
2019-11-15 20:27:59,247 [main] INFO  server.SCMDatanodeProtocolServer (SCMDatanodeProtocolServer.java:stop(346)) - Stopping the RPC server for DataNodes
2019-11-15 20:27:59,247 [main] INFO  ipc.Server (Server.java:stop(3082)) - Stopping server on 46713
2019-11-15 20:27:59,249 [IPC Server listener on 46713] INFO  ipc.Server (Server.java:run(1185)) - Stopping IPC Server listener on 46713
2019-11-15 20:27:59,250 [IPC Server Responder] INFO  ipc.Server (Server.java:run(1319)) - Stopping IPC Server Responder
2019-11-15 20:27:59,342 [SCM Heartbeat Processing Thread - 0] WARN  node.NodeStateManager (NodeStateManager.java:scheduleNextHealthCheck(646)) - Current Thread is interrupted, shutting down HB processing thread for Node Manager.
2019-11-15 20:27:59,343 [main] INFO  server.StorageContainerManager (StorageContainerManager.java:stop(826)) - Stopping block service RPC server
2019-11-15 20:27:59,343 [main] INFO  server.SCMBlockProtocolServer (SCMBlockProtocolServer.java:stop(155)) - Stopping the RPC server for Block Protocol
2019-11-15 20:27:59,343 [main] INFO  ipc.Server (Server.java:stop(3082)) - Stopping server on 44509
2019-11-15 20:27:59,345 [IPC Server listener on 44509] INFO  ipc.Server (Server.java:run(1185)) - Stopping IPC Server listener on 44509
2019-11-15 20:27:59,345 [main] INFO  server.StorageContainerManager (StorageContainerManager.java:stop(833)) - Stopping the StorageContainerLocationProtocol RPC server
2019-11-15 20:27:59,346 [IPC Server Responder] INFO  ipc.Server (Server.java:run(1319)) - Stopping IPC Server Responder
2019-11-15 20:27:59,347 [main] INFO  server.SCMClientProtocolServer (SCMClientProtocolServer.java:stop(169)) - Stopping the RPC server for Client Protocol
2019-11-15 20:27:59,347 [main] INFO  ipc.Server (Server.java:stop(3082)) - Stopping server on 44795
2019-11-15 20:27:59,349 [IPC Server listener on 44795] INFO  ipc.Server (Server.java:run(1185)) - Stopping IPC Server listener on 44795
2019-11-15 20:27:59,349 [main] INFO  server.StorageContainerManager (StorageContainerManager.java:stop(840)) - Stopping Storage Container Manager HTTP server.
2019-11-15 20:27:59,350 [IPC Server Responder] INFO  ipc.Server (Server.java:run(1319)) - Stopping IPC Server Responder
2019-11-15 20:27:59,351 [main] INFO  handler.ContextHandler (ContextHandler.java:doStop(910)) - Stopped o.e.j.w.WebAppContext@5ea7bc4{/,null,UNAVAILABLE}{/scm}
2019-11-15 20:27:59,352 [main] INFO  server.AbstractConnector (AbstractConnector.java:doStop(318)) - Stopped ServerConnector@39d77de9{HTTP/1.1,[http/1.1]}{0.0.0.0:0}
2019-11-15 20:27:59,352 [main] INFO  handler.ContextHandler (ContextHandler.java:doStop(910)) - Stopped o.e.j.s.ServletContextHandler@3457cc8d{/static,file:///workdir/hadoop-ozone/integration-test/target/test-classes/webapps/static,UNAVAILABLE}
2019-11-15 20:27:59,353 [main] INFO  handler.ContextHandler (ContextHandler.java:doStop(910)) - Stopped o.e.j.s.ServletContextHandler@5d1bdd4a{/logs,file:///workdir/hadoop-ozone/integration-test/target/log,UNAVAILABLE}
2019-11-15 20:27:59,354 [main] INFO  server.StorageContainerManager (StorageContainerManager.java:stop(851)) - Stopping Block Manager Service.
2019-11-15 20:27:59,354 [main] INFO  utils.BackgroundService (BackgroundService.java:shutdown(151)) - Shutting down service SCMBlockDeletingService
2019-11-15 20:27:59,354 [main] INFO  utils.BackgroundService (BackgroundService.java:shutdown(151)) - Shutting down service SCMBlockDeletingService
2019-11-15 20:27:59,355 [main] INFO  server.StorageContainerManager (StorageContainerManager.java:stop(873)) - Stopping SCM Event Queue.
2019-11-15 20:27:59,361 [main] INFO  impl.MetricsSystemImpl (MetricsSystemImpl.java:stop(210)) - Stopping HddsDatanode metrics system...
2019-11-15 20:27:59,376 [main] INFO  impl.MetricsSystemImpl (MetricsSystemImpl.java:stop(216)) - HddsDatanode metrics system stopped.
]]></system-out>
    <system-err><![CDATA[Nov 15, 2019 8:27:32 PM org.apache.ratis.thirdparty.io.grpc.internal.SerializingExecutor run
SEVERE: Exception while executing runnable org.apache.ratis.thirdparty.io.grpc.internal.ServerImpl$JumpToApplicationThreadServerStreamListener$1Closed@4ef855c7
org.apache.ratis.thirdparty.io.grpc.StatusRuntimeException: CANCELLED: call already cancelled
	at org.apache.ratis.thirdparty.io.grpc.Status.asRuntimeException(Status.java:517)
	at org.apache.ratis.thirdparty.io.grpc.stub.ServerCalls$ServerCallStreamObserverImpl.onCompleted(ServerCalls.java:356)
	at org.apache.ratis.grpc.server.GrpcServerProtocolService$ServerRequestStreamObserver.onError(GrpcServerProtocolService.java:121)
	at org.apache.ratis.thirdparty.io.grpc.stub.ServerCalls$StreamingServerCallHandler$StreamingServerCallListener.onCancel(ServerCalls.java:269)
	at org.apache.ratis.thirdparty.io.grpc.internal.ServerCallImpl$ServerStreamListenerImpl.closed(ServerCallImpl.java:293)
	at org.apache.ratis.thirdparty.io.grpc.internal.ServerImpl$JumpToApplicationThreadServerStreamListener$1Closed.runInContext(ServerImpl.java:741)
	at org.apache.ratis.thirdparty.io.grpc.internal.ContextRunnable.run(ContextRunnable.java:37)
	at org.apache.ratis.thirdparty.io.grpc.internal.SerializingExecutor.run(SerializingExecutor.java:123)
	at java.util.concurrent.ThreadPoolExecutor.runWorker(ThreadPoolExecutor.java:1149)
	at java.util.concurrent.ThreadPoolExecutor$Worker.run(ThreadPoolExecutor.java:624)
	at java.lang.Thread.run(Thread.java:748)

Nov 15, 2019 8:27:38 PM org.apache.ratis.thirdparty.io.grpc.internal.SerializingExecutor run
SEVERE: Exception while executing runnable org.apache.ratis.thirdparty.io.grpc.internal.ServerImpl$JumpToApplicationThreadServerStreamListener$1Closed@732014b9
org.apache.ratis.thirdparty.io.grpc.StatusRuntimeException: CANCELLED: call already cancelled
	at org.apache.ratis.thirdparty.io.grpc.Status.asRuntimeException(Status.java:517)
	at org.apache.ratis.thirdparty.io.grpc.stub.ServerCalls$ServerCallStreamObserverImpl.onCompleted(ServerCalls.java:356)
	at org.apache.ratis.grpc.server.GrpcServerProtocolService$ServerRequestStreamObserver.onError(GrpcServerProtocolService.java:121)
	at org.apache.ratis.thirdparty.io.grpc.stub.ServerCalls$StreamingServerCallHandler$StreamingServerCallListener.onCancel(ServerCalls.java:269)
	at org.apache.ratis.thirdparty.io.grpc.internal.ServerCallImpl$ServerStreamListenerImpl.closed(ServerCallImpl.java:293)
	at org.apache.ratis.thirdparty.io.grpc.internal.ServerImpl$JumpToApplicationThreadServerStreamListener$1Closed.runInContext(ServerImpl.java:741)
	at org.apache.ratis.thirdparty.io.grpc.internal.ContextRunnable.run(ContextRunnable.java:37)
	at org.apache.ratis.thirdparty.io.grpc.internal.SerializingExecutor.run(SerializingExecutor.java:123)
	at java.util.concurrent.ThreadPoolExecutor.runWorker(ThreadPoolExecutor.java:1149)
	at java.util.concurrent.ThreadPoolExecutor$Worker.run(ThreadPoolExecutor.java:624)
	at java.lang.Thread.run(Thread.java:748)

Nov 15, 2019 8:27:38 PM org.apache.ratis.thirdparty.io.grpc.internal.SerializingExecutor run
SEVERE: Exception while executing runnable org.apache.ratis.thirdparty.io.grpc.internal.ServerImpl$JumpToApplicationThreadServerStreamListener$1Closed@5f03405d
org.apache.ratis.thirdparty.io.grpc.StatusRuntimeException: CANCELLED: call already cancelled
	at org.apache.ratis.thirdparty.io.grpc.Status.asRuntimeException(Status.java:517)
	at org.apache.ratis.thirdparty.io.grpc.stub.ServerCalls$ServerCallStreamObserverImpl.onCompleted(ServerCalls.java:356)
	at org.apache.ratis.grpc.server.GrpcServerProtocolService$ServerRequestStreamObserver.onError(GrpcServerProtocolService.java:121)
	at org.apache.ratis.thirdparty.io.grpc.stub.ServerCalls$StreamingServerCallHandler$StreamingServerCallListener.onCancel(ServerCalls.java:269)
	at org.apache.ratis.thirdparty.io.grpc.internal.ServerCallImpl$ServerStreamListenerImpl.closed(ServerCallImpl.java:293)
	at org.apache.ratis.thirdparty.io.grpc.internal.ServerImpl$JumpToApplicationThreadServerStreamListener$1Closed.runInContext(ServerImpl.java:741)
	at org.apache.ratis.thirdparty.io.grpc.internal.ContextRunnable.run(ContextRunnable.java:37)
	at org.apache.ratis.thirdparty.io.grpc.internal.SerializingExecutor.run(SerializingExecutor.java:123)
	at java.util.concurrent.ThreadPoolExecutor.runWorker(ThreadPoolExecutor.java:1149)
	at java.util.concurrent.ThreadPoolExecutor$Worker.run(ThreadPoolExecutor.java:624)
	at java.lang.Thread.run(Thread.java:748)

]]></system-err>
  </testcase>
</testsuite>