<?xml version="1.0" encoding="UTF-8"?>
<testsuite xmlns:xsi="http://www.w3.org/2001/XMLSchema-instance" xsi:noNamespaceSchemaLocation="https://maven.apache.org/surefire/maven-surefire-plugin/xsd/surefire-test-report.xsd" name="org.apache.hadoop.ozone.client.rpc.TestMultiBlockWritesWithDnFailures" time="74.143" tests="2" errors="1" skipped="0" failures="0">
  <properties>
    <property name="awt.toolkit" value="sun.awt.X11.XToolkit"/>
    <property name="file.encoding.pkg" value="sun.io"/>
    <property name="java.specification.version" value="1.8"/>
    <property name="sun.cpu.isalist" value=""/>
    <property name="sun.jnu.encoding" value="ANSI_X3.4-1968"/>
    <property name="java.class.path" value="/workdir/hadoop-ozone/integration-test/target/test-classes:/workdir/hadoop-ozone/integration-test/target/classes:/home/user/.m2/repository/org/apache/hadoop/hadoop-ozone-common/0.5.0-SNAPSHOT/hadoop-ozone-common-0.5.0-SNAPSHOT.jar:/home/user/.m2/repository/org/apache/commons/commons-compress/1.4.1/commons-compress-1.4.1.jar:/home/user/.m2/repository/org/tukaani/xz/1.0/xz-1.0.jar:/home/user/.m2/repository/org/apache/hadoop/hadoop-common/3.2.0/hadoop-common-3.2.0.jar:/home/user/.m2/repository/org/apache/hadoop/hadoop-hdfs/3.2.0/hadoop-hdfs-3.2.0.jar:/home/user/.m2/repository/org/apache/hadoop/hadoop-hdfs-client/3.2.0/hadoop-hdfs-client-3.2.0.jar:/home/user/.m2/repository/com/fasterxml/jackson/core/jackson-annotations/2.9.9/jackson-annotations-2.9.9.jar:/home/user/.m2/repository/org/apache/hadoop/hadoop-hdds-common/0.5.0-SNAPSHOT/hadoop-hdds-common-0.5.0-SNAPSHOT.jar:/home/user/.m2/repository/javax/annotation/javax.annotation-api/1.2/javax.annotation-api-1.2.jar:/home/user/.m2/repository/org/apache/ratis/ratis-server/0.5.0-d6d58d0-SNAPSHOT/ratis-server-0.5.0-d6d58d0-SNAPSHOT.jar:/home/user/.m2/repository/org/apache/ratis/ratis-thirdparty-misc/0.2.0/ratis-thirdparty-misc-0.2.0.jar:/home/user/.m2/repository/org/apache/ratis/ratis-proto/0.5.0-d6d58d0-SNAPSHOT/ratis-proto-0.5.0-d6d58d0-SNAPSHOT.jar:/home/user/.m2/repository/org/apache/ratis/ratis-common/0.5.0-d6d58d0-SNAPSHOT/ratis-common-0.5.0-d6d58d0-SNAPSHOT.jar:/home/user/.m2/repository/org/apache/ratis/ratis-client/0.5.0-d6d58d0-SNAPSHOT/ratis-client-0.5.0-d6d58d0-SNAPSHOT.jar:/home/user/.m2/repository/org/apache/ratis/ratis-metrics/0.5.0-d6d58d0-SNAPSHOT/ratis-metrics-0.5.0-d6d58d0-SNAPSHOT.jar:/home/user/.m2/repository/org/apache/ratis/ratis-netty/0.5.0-d6d58d0-SNAPSHOT/ratis-netty-0.5.0-d6d58d0-SNAPSHOT.jar:/home/user/.m2/repository/org/apache/ratis/ratis-grpc/0.5.0-d6d58d0-SNAPSHOT/ratis-grpc-0.5.0-d6d58d0-SNAPSHOT.jar:/home/user/.m2/repository/org/rocksdb/rocksdbjni/6.0.1/rocksdbjni-6.0.1.jar:/home/user/.m2/repository/org/apache/logging/log4j/log4j-api/2.11.0/log4j-api-2.11.0.jar:/home/user/.m2/repository/org/apache/logging/log4j/log4j-core/2.11.0/log4j-core-2.11.0.jar:/home/user/.m2/repository/com/lmax/disruptor/3.4.2/disruptor-3.4.2.jar:/home/user/.m2/repository/org/apache/commons/commons-pool2/2.6.0/commons-pool2-2.6.0.jar:/home/user/.m2/repository/org/bouncycastle/bcpkix-jdk15on/1.60/bcpkix-jdk15on-1.60.jar:/home/user/.m2/repository/commons-validator/commons-validator/1.6/commons-validator-1.6.jar:/home/user/.m2/repository/commons-digester/commons-digester/1.8.1/commons-digester-1.8.1.jar:/home/user/.m2/repository/io/jaegertracing/jaeger-client/0.34.0/jaeger-client-0.34.0.jar:/home/user/.m2/repository/io/jaegertracing/jaeger-thrift/0.34.0/jaeger-thrift-0.34.0.jar:/home/user/.m2/repository/org/apache/thrift/libthrift/0.12.0/libthrift-0.12.0.jar:/home/user/.m2/repository/com/squareup/okhttp3/okhttp/3.9.0/okhttp-3.9.0.jar:/home/user/.m2/repository/com/squareup/okio/okio/1.13.0/okio-1.13.0.jar:/home/user/.m2/repository/io/jaegertracing/jaeger-core/0.34.0/jaeger-core-0.34.0.jar:/home/user/.m2/repository/io/jaegertracing/jaeger-tracerresolver/0.34.0/jaeger-tracerresolver-0.34.0.jar:/home/user/.m2/repository/io/opentracing/contrib/opentracing-tracerresolver/0.1.5/opentracing-tracerresolver-0.1.5.jar:/home/user/.m2/repository/io/opentracing/opentracing-util/0.31.0/opentracing-util-0.31.0.jar:/home/user/.m2/repository/io/opentracing/opentracing-api/0.31.0/opentracing-api-0.31.0.jar:/home/user/.m2/repository/io/opentracing/opentracing-noop/0.31.0/opentracing-noop-0.31.0.jar:/home/user/.m2/repository/org/apache/hadoop/hadoop-hdds-server-framework/0.5.0-SNAPSHOT/hadoop-hdds-server-framework-0.5.0-SNAPSHOT.jar:/home/user/.m2/repository/org/apache/hadoop/hadoop-hdds-container-service/0.5.0-SNAPSHOT/hadoop-hdds-container-service-0.5.0-SNAPSHOT.jar:/home/user/.m2/repository/org/apache/hadoop/hadoop-hdds-client/0.5.0-SNAPSHOT/hadoop-hdds-client-0.5.0-SNAPSHOT.jar:/home/user/.m2/repository/org/apache/hadoop/hadoop-hdds-tools/0.5.0-SNAPSHOT/hadoop-hdds-tools-0.5.0-SNAPSHOT.jar:/home/user/.m2/repository/org/apache/hadoop/hadoop-hdds-server-scm/0.5.0-SNAPSHOT/hadoop-hdds-server-scm-0.5.0-SNAPSHOT.jar:/home/user/.m2/repository/org/apache/hadoop/hadoop-hdds-docs/0.5.0-SNAPSHOT/hadoop-hdds-docs-0.5.0-SNAPSHOT.jar:/home/user/.m2/repository/io/dropwizard/metrics/metrics-core/3.2.4/metrics-core-3.2.4.jar:/home/user/.m2/repository/org/hamcrest/hamcrest-all/1.3/hamcrest-all-1.3.jar:/home/user/.m2/repository/org/bouncycastle/bcprov-jdk15on/1.60/bcprov-jdk15on-1.60.jar:/home/user/.m2/repository/info/picocli/picocli/3.9.6/picocli-3.9.6.jar:/home/user/.m2/repository/com/google/protobuf/protobuf-java/2.5.0/protobuf-java-2.5.0.jar:/home/user/.m2/repository/com/google/guava/guava/11.0.2/guava-11.0.2.jar:/home/user/.m2/repository/org/apache/hadoop/hadoop-ozone-ozone-manager/0.5.0-SNAPSHOT/hadoop-ozone-ozone-manager-0.5.0-SNAPSHOT.jar:/home/user/.m2/repository/org/apache/hadoop/hadoop-minikdc/3.2.0/hadoop-minikdc-3.2.0.jar:/home/user/.m2/repository/commons-io/commons-io/2.5/commons-io-2.5.jar:/home/user/.m2/repository/org/apache/kerby/kerb-simplekdc/1.0.1/kerb-simplekdc-1.0.1.jar:/home/user/.m2/repository/org/apache/kerby/kerb-client/1.0.1/kerb-client-1.0.1.jar:/home/user/.m2/repository/org/apache/kerby/kerby-config/1.0.1/kerby-config-1.0.1.jar:/home/user/.m2/repository/org/apache/kerby/kerb-core/1.0.1/kerb-core-1.0.1.jar:/home/user/.m2/repository/org/apache/kerby/kerby-pkix/1.0.1/kerby-pkix-1.0.1.jar:/home/user/.m2/repository/org/apache/kerby/kerby-asn1/1.0.1/kerby-asn1-1.0.1.jar:/home/user/.m2/repository/org/apache/kerby/kerby-util/1.0.1/kerby-util-1.0.1.jar:/home/user/.m2/repository/org/apache/kerby/kerb-common/1.0.1/kerb-common-1.0.1.jar:/home/user/.m2/repository/org/apache/kerby/kerb-crypto/1.0.1/kerb-crypto-1.0.1.jar:/home/user/.m2/repository/org/apache/kerby/kerb-util/1.0.1/kerb-util-1.0.1.jar:/home/user/.m2/repository/org/apache/kerby/token-provider/1.0.1/token-provider-1.0.1.jar:/home/user/.m2/repository/org/apache/kerby/kerb-admin/1.0.1/kerb-admin-1.0.1.jar:/home/user/.m2/repository/org/apache/kerby/kerb-server/1.0.1/kerb-server-1.0.1.jar:/home/user/.m2/repository/org/apache/kerby/kerb-identity/1.0.1/kerb-identity-1.0.1.jar:/home/user/.m2/repository/org/apache/kerby/kerby-xdr/1.0.1/kerby-xdr-1.0.1.jar:/home/user/.m2/repository/org/slf4j/slf4j-log4j12/1.7.25/slf4j-log4j12-1.7.25.jar:/home/user/.m2/repository/org/apache/hadoop/hadoop-ozone-s3gateway/0.5.0-SNAPSHOT/hadoop-ozone-s3gateway-0.5.0-SNAPSHOT.jar:/home/user/.m2/repository/org/jboss/weld/servlet/weld-servlet/2.4.7.Final/weld-servlet-2.4.7.Final.jar:/home/user/.m2/repository/org/glassfish/jersey/containers/jersey-container-servlet-core/2.27/jersey-container-servlet-core-2.27.jar:/home/user/.m2/repository/org/glassfish/hk2/external/javax.inject/2.5.0-b42/javax.inject-2.5.0-b42.jar:/home/user/.m2/repository/org/glassfish/jersey/core/jersey-common/2.27/jersey-common-2.27.jar:/home/user/.m2/repository/org/glassfish/hk2/osgi-resource-locator/1.0.1/osgi-resource-locator-1.0.1.jar:/home/user/.m2/repository/javax/ws/rs/javax.ws.rs-api/2.1/javax.ws.rs-api-2.1.jar:/home/user/.m2/repository/org/glassfish/jersey/ext/cdi/jersey-cdi1x/2.27/jersey-cdi1x-2.27.jar:/home/user/.m2/repository/org/glassfish/jersey/inject/jersey-hk2/2.27/jersey-hk2-2.27.jar:/home/user/.m2/repository/org/glassfish/hk2/hk2-locator/2.5.0-b42/hk2-locator-2.5.0-b42.jar:/home/user/.m2/repository/org/javassist/javassist/3.22.0-CR2/javassist-3.22.0-CR2.jar:/home/user/.m2/repository/org/glassfish/hk2/hk2-api/2.5.0/hk2-api-2.5.0.jar:/home/user/.m2/repository/org/glassfish/hk2/external/jakarta.inject/2.5.0/jakarta.inject-2.5.0.jar:/home/user/.m2/repository/org/glassfish/hk2/hk2-utils/2.5.0/hk2-utils-2.5.0.jar:/home/user/.m2/repository/jakarta/annotation/jakarta.annotation-api/1.3.4/jakarta.annotation-api-1.3.4.jar:/home/user/.m2/repository/org/glassfish/hk2/external/aopalliance-repackaged/2.5.0/aopalliance-repackaged-2.5.0.jar:/home/user/.m2/repository/com/fasterxml/jackson/dataformat/jackson-dataformat-xml/2.9.0/jackson-dataformat-xml-2.9.0.jar:/home/user/.m2/repository/com/fasterxml/jackson/core/jackson-core/2.9.9/jackson-core-2.9.9.jar:/home/user/.m2/repository/com/fasterxml/jackson/module/jackson-module-jaxb-annotations/2.9.9/jackson-module-jaxb-annotations-2.9.9.jar:/home/user/.m2/repository/javax/enterprise/cdi-api/1.2/cdi-api-1.2.jar:/home/user/.m2/repository/javax/el/javax.el-api/3.0.0/javax.el-api-3.0.0.jar:/home/user/.m2/repository/javax/interceptor/javax.interceptor-api/1.2/javax.interceptor-api-1.2.jar:/home/user/.m2/repository/javax/inject/javax.inject/1/javax.inject-1.jar:/home/user/.m2/repository/com/sun/xml/bind/jaxb-impl/2.3.0.1/jaxb-impl-2.3.0.1.jar:/home/user/.m2/repository/com/sun/xml/bind/jaxb-core/2.3.0.1/jaxb-core-2.3.0.1.jar:/home/user/.m2/repository/javax/xml/bind/jaxb-api/2.3.0/jaxb-api-2.3.0.jar:/home/user/.m2/repository/javax/activation/activation/1.1.1/activation-1.1.1.jar:/home/user/.m2/repository/org/apache/hadoop/hadoop-ozone-csi/0.5.0-SNAPSHOT/hadoop-ozone-csi-0.5.0-SNAPSHOT.jar:/home/user/.m2/repository/com/google/protobuf/protobuf-java-util/3.5.1/protobuf-java-util-3.5.1.jar:/home/user/.m2/repository/org/apache/hadoop/hadoop-hdds-config/0.5.0-SNAPSHOT/hadoop-hdds-config-0.5.0-SNAPSHOT.jar:/home/user/.m2/repository/io/grpc/grpc-netty/1.17.1/grpc-netty-1.17.1.jar:/home/user/.m2/repository/io/grpc/grpc-core/1.17.1/grpc-core-1.17.1.jar:/home/user/.m2/repository/io/grpc/grpc-context/1.17.1/grpc-context-1.17.1.jar:/home/user/.m2/repository/com/google/errorprone/error_prone_annotations/2.2.0/error_prone_annotations-2.2.0.jar:/home/user/.m2/repository/org/codehaus/mojo/animal-sniffer-annotations/1.17/animal-sniffer-annotations-1.17.jar:/home/user/.m2/repository/io/opencensus/opencensus-api/0.17.0/opencensus-api-0.17.0.jar:/home/user/.m2/repository/io/opencensus/opencensus-contrib-grpc-metrics/0.17.0/opencensus-contrib-grpc-metrics-0.17.0.jar:/home/user/.m2/repository/io/netty/netty-codec-http2/4.1.30.Final/netty-codec-http2-4.1.30.Final.jar:/home/user/.m2/repository/io/netty/netty-codec-http/4.1.30.Final/netty-codec-http-4.1.30.Final.jar:/home/user/.m2/repository/io/netty/netty-codec/4.1.30.Final/netty-codec-4.1.30.Final.jar:/home/user/.m2/repository/io/netty/netty-handler/4.1.30.Final/netty-handler-4.1.30.Final.jar:/home/user/.m2/repository/io/netty/netty-handler-proxy/4.1.30.Final/netty-handler-proxy-4.1.30.Final.jar:/home/user/.m2/repository/io/netty/netty-codec-socks/4.1.30.Final/netty-codec-socks-4.1.30.Final.jar:/home/user/.m2/repository/io/netty/netty-transport-native-epoll/4.1.30.Final/netty-transport-native-epoll-4.1.30.Final.jar:/home/user/.m2/repository/io/netty/netty-common/4.1.30.Final/netty-common-4.1.30.Final.jar:/home/user/.m2/repository/io/netty/netty-buffer/4.1.30.Final/netty-buffer-4.1.30.Final.jar:/home/user/.m2/repository/io/netty/netty-transport/4.1.30.Final/netty-transport-4.1.30.Final.jar:/home/user/.m2/repository/io/netty/netty-resolver/4.1.30.Final/netty-resolver-4.1.30.Final.jar:/home/user/.m2/repository/io/netty/netty-transport-native-unix-common/4.1.30.Final/netty-transport-native-unix-common-4.1.30.Final.jar:/home/user/.m2/repository/io/grpc/grpc-protobuf/1.17.1/grpc-protobuf-1.17.1.jar:/home/user/.m2/repository/com/google/api/grpc/proto-google-common-protos/1.0.0/proto-google-common-protos-1.0.0.jar:/home/user/.m2/repository/io/grpc/grpc-protobuf-lite/1.17.1/grpc-protobuf-lite-1.17.1.jar:/home/user/.m2/repository/io/grpc/grpc-stub/1.17.1/grpc-stub-1.17.1.jar:/home/user/.m2/repository/org/apache/hadoop/hadoop-ozone-recon/0.5.0-SNAPSHOT/hadoop-ozone-recon-0.5.0-SNAPSHOT.jar:/home/user/.m2/repository/org/apache/hadoop/hadoop-ozone-reconcodegen/0.5.0-SNAPSHOT/hadoop-ozone-reconcodegen-0.5.0-SNAPSHOT.jar:/home/user/.m2/repository/com/google/inject/extensions/guice-multibindings/4.0/guice-multibindings-4.0.jar:/home/user/.m2/repository/com/google/inject/guice/4.0/guice-4.0.jar:/home/user/.m2/repository/aopalliance/aopalliance/1.0/aopalliance-1.0.jar:/home/user/.m2/repository/com/google/inject/extensions/guice-servlet/4.0/guice-servlet-4.0.jar:/home/user/.m2/repository/org/glassfish/jersey/containers/jersey-container-servlet/2.27/jersey-container-servlet-2.27.jar:/home/user/.m2/repository/org/glassfish/hk2/guice-bridge/2.5.0/guice-bridge-2.5.0.jar:/home/user/.m2/repository/org/glassfish/jersey/core/jersey-server/2.27/jersey-server-2.27.jar:/home/user/.m2/repository/org/glassfish/jersey/core/jersey-client/2.27/jersey-client-2.27.jar:/home/user/.m2/repository/org/glassfish/jersey/media/jersey-media-jaxb/2.27/jersey-media-jaxb-2.27.jar:/home/user/.m2/repository/javax/validation/validation-api/1.1.0.Final/validation-api-1.1.0.Final.jar:/home/user/.m2/repository/org/glassfish/jersey/media/jersey-media-json-jackson/2.27/jersey-media-json-jackson-2.27.jar:/home/user/.m2/repository/org/glassfish/jersey/ext/jersey-entity-filtering/2.27/jersey-entity-filtering-2.27.jar:/home/user/.m2/repository/com/google/inject/extensions/guice-assistedinject/4.0/guice-assistedinject-4.0.jar:/home/user/.m2/repository/org/jooq/jooq/3.11.10/jooq-3.11.10.jar:/home/user/.m2/repository/org/jooq/jooq-meta/3.11.10/jooq-meta-3.11.10.jar:/home/user/.m2/repository/org/jooq/jooq-codegen/3.11.10/jooq-codegen-3.11.10.jar:/home/user/.m2/repository/com/jolbox/bonecp/0.8.0.RELEASE/bonecp-0.8.0.RELEASE.jar:/home/user/.m2/repository/org/xerial/sqlite-jdbc/3.25.2/sqlite-jdbc-3.25.2.jar:/home/user/.m2/repository/org/springframework/spring-jdbc/5.1.3.RELEASE/spring-jdbc-5.1.3.RELEASE.jar:/home/user/.m2/repository/org/springframework/spring-beans/5.1.3.RELEASE/spring-beans-5.1.3.RELEASE.jar:/home/user/.m2/repository/org/springframework/spring-core/5.1.3.RELEASE/spring-core-5.1.3.RELEASE.jar:/home/user/.m2/repository/org/springframework/spring-jcl/5.1.3.RELEASE/spring-jcl-5.1.3.RELEASE.jar:/home/user/.m2/repository/org/springframework/spring-tx/5.1.3.RELEASE/spring-tx-5.1.3.RELEASE.jar:/home/user/.m2/repository/org/apache/hadoop/hadoop-ozone-client/0.5.0-SNAPSHOT/hadoop-ozone-client-0.5.0-SNAPSHOT.jar:/home/user/.m2/repository/commons-lang/commons-lang/2.6/commons-lang-2.6.jar:/home/user/.m2/repository/org/apache/hadoop/hadoop-ozone-ozone-manager/0.5.0-SNAPSHOT/hadoop-ozone-ozone-manager-0.5.0-SNAPSHOT-tests.jar:/home/user/.m2/repository/junit/junit/4.11/junit-4.11.jar:/home/user/.m2/repository/org/hamcrest/hamcrest-core/1.3/hamcrest-core-1.3.jar:/home/user/.m2/repository/org/openjdk/jmh/jmh-core/1.19/jmh-core-1.19.jar:/home/user/.m2/repository/net/sf/jopt-simple/jopt-simple/4.6/jopt-simple-4.6.jar:/home/user/.m2/repository/org/apache/commons/commons-math3/3.1.1/commons-math3-3.1.1.jar:/home/user/.m2/repository/org/openjdk/jmh/jmh-generator-annprocess/1.19/jmh-generator-annprocess-1.19.jar:/home/user/.m2/repository/org/mockito/mockito-all/1.8.5/mockito-all-1.8.5.jar:/home/user/.m2/repository/org/apache/hadoop/hadoop-kms/3.2.0/hadoop-kms-3.2.0.jar:/home/user/.m2/repository/org/apache/hadoop/hadoop-auth/3.2.0/hadoop-auth-3.2.0.jar:/home/user/.m2/repository/com/nimbusds/nimbus-jose-jwt/4.41.1/nimbus-jose-jwt-4.41.1.jar:/home/user/.m2/repository/com/github/stephenc/jcip/jcip-annotations/1.0-1/jcip-annotations-1.0-1.jar:/home/user/.m2/repository/net/minidev/json-smart/2.3/json-smart-2.3.jar:/home/user/.m2/repository/net/minidev/accessors-smart/1.2/accessors-smart-1.2.jar:/home/user/.m2/repository/org/ow2/asm/asm/5.0.4/asm-5.0.4.jar:/home/user/.m2/repository/org/apache/curator/curator-framework/2.12.0/curator-framework-2.12.0.jar:/home/user/.m2/repository/com/sun/jersey/jersey-core/1.19/jersey-core-1.19.jar:/home/user/.m2/repository/javax/ws/rs/jsr311-api/1.1.1/jsr311-api-1.1.1.jar:/home/user/.m2/repository/com/sun/jersey/jersey-server/1.19/jersey-server-1.19.jar:/home/user/.m2/repository/javax/servlet/javax.servlet-api/3.1.0/javax.servlet-api-3.1.0.jar:/home/user/.m2/repository/org/eclipse/jetty/jetty-server/9.3.25.v20180904/jetty-server-9.3.25.v20180904.jar:/home/user/.m2/repository/org/eclipse/jetty/jetty-http/9.3.25.v20180904/jetty-http-9.3.25.v20180904.jar:/home/user/.m2/repository/org/eclipse/jetty/jetty-io/9.3.25.v20180904/jetty-io-9.3.25.v20180904.jar:/home/user/.m2/repository/org/eclipse/jetty/jetty-webapp/9.3.25.v20180904/jetty-webapp-9.3.25.v20180904.jar:/home/user/.m2/repository/org/eclipse/jetty/jetty-xml/9.3.25.v20180904/jetty-xml-9.3.25.v20180904.jar:/home/user/.m2/repository/log4j/log4j/1.2.17/log4j-1.2.17.jar:/home/user/.m2/repository/org/slf4j/slf4j-api/1.7.25/slf4j-api-1.7.25.jar:/home/user/.m2/repository/org/slf4j/jul-to-slf4j/1.7.25/jul-to-slf4j-1.7.25.jar:/home/user/.m2/repository/org/eclipse/jetty/jetty-util/9.3.25.v20180904/jetty-util-9.3.25.v20180904.jar:/home/user/.m2/repository/com/fasterxml/jackson/core/jackson-databind/2.9.9/jackson-databind-2.9.9.jar:/home/user/.m2/repository/org/apache/hadoop/hadoop-kms/3.2.0/hadoop-kms-3.2.0-tests.jar:/home/user/.m2/repository/org/apache/hadoop/hadoop-hdds-server-scm/0.5.0-SNAPSHOT/hadoop-hdds-server-scm-0.5.0-SNAPSHOT-tests.jar:/home/user/.m2/repository/org/apache/hadoop/hadoop-hdds-container-service/0.5.0-SNAPSHOT/hadoop-hdds-container-service-0.5.0-SNAPSHOT-tests.jar:/home/user/.m2/repository/org/yaml/snakeyaml/1.16/snakeyaml-1.16.jar:/home/user/.m2/repository/org/apache/hadoop/hadoop-common/3.2.0/hadoop-common-3.2.0-tests.jar:/home/user/.m2/repository/org/apache/hadoop/hadoop-annotations/3.2.0/hadoop-annotations-3.2.0.jar:/usr/lib/jvm/java-1.8.0-openjdk-1.8.0.222.b10-1.el7_7.x86_64/jre/../lib/tools.jar:/home/user/.m2/repository/commons-cli/commons-cli/1.2/commons-cli-1.2.jar:/home/user/.m2/repository/org/apache/httpcomponents/httpclient/4.5.2/httpclient-4.5.2.jar:/home/user/.m2/repository/org/apache/httpcomponents/httpcore/4.4.4/httpcore-4.4.4.jar:/home/user/.m2/repository/commons-codec/commons-codec/1.11/commons-codec-1.11.jar:/home/user/.m2/repository/commons-net/commons-net/3.6/commons-net-3.6.jar:/home/user/.m2/repository/commons-collections/commons-collections/3.2.2/commons-collections-3.2.2.jar:/home/user/.m2/repository/org/eclipse/jetty/jetty-servlet/9.3.25.v20180904/jetty-servlet-9.3.25.v20180904.jar:/home/user/.m2/repository/org/eclipse/jetty/jetty-security/9.3.25.v20180904/jetty-security-9.3.25.v20180904.jar:/home/user/.m2/repository/javax/servlet/jsp/jsp-api/2.1/jsp-api-2.1.jar:/home/user/.m2/repository/com/sun/jersey/jersey-servlet/1.19/jersey-servlet-1.19.jar:/home/user/.m2/repository/com/sun/jersey/jersey-json/1.19/jersey-json-1.19.jar:/home/user/.m2/repository/org/codehaus/jettison/jettison/1.1/jettison-1.1.jar:/home/user/.m2/repository/org/codehaus/jackson/jackson-core-asl/1.9.13/jackson-core-asl-1.9.13.jar:/home/user/.m2/repository/org/codehaus/jackson/jackson-mapper-asl/1.9.13/jackson-mapper-asl-1.9.13.jar:/home/user/.m2/repository/org/codehaus/jackson/jackson-jaxrs/1.9.13/jackson-jaxrs-1.9.13.jar:/home/user/.m2/repository/org/codehaus/jackson/jackson-xc/1.9.13/jackson-xc-1.9.13.jar:/home/user/.m2/repository/commons-logging/commons-logging/1.1.3/commons-logging-1.1.3.jar:/home/user/.m2/repository/commons-beanutils/commons-beanutils/1.9.4/commons-beanutils-1.9.4.jar:/home/user/.m2/repository/org/apache/commons/commons-configuration2/2.1.1/commons-configuration2-2.1.1.jar:/home/user/.m2/repository/org/apache/commons/commons-lang3/3.7/commons-lang3-3.7.jar:/home/user/.m2/repository/org/apache/commons/commons-text/1.4/commons-text-1.4.jar:/home/user/.m2/repository/org/apache/avro/avro/1.7.7/avro-1.7.7.jar:/home/user/.m2/repository/com/thoughtworks/paranamer/paranamer/2.3/paranamer-2.3.jar:/home/user/.m2/repository/org/xerial/snappy/snappy-java/1.0.5/snappy-java-1.0.5.jar:/home/user/.m2/repository/com/google/re2j/re2j/1.1/re2j-1.1.jar:/home/user/.m2/repository/com/google/code/gson/gson/2.2.4/gson-2.2.4.jar:/home/user/.m2/repository/com/jcraft/jsch/0.1.54/jsch-0.1.54.jar:/home/user/.m2/repository/org/apache/curator/curator-client/2.12.0/curator-client-2.12.0.jar:/home/user/.m2/repository/org/apache/curator/curator-recipes/2.12.0/curator-recipes-2.12.0.jar:/home/user/.m2/repository/com/google/code/findbugs/jsr305/3.0.0/jsr305-3.0.0.jar:/home/user/.m2/repository/org/apache/htrace/htrace-core4/4.1.0-incubating/htrace-core4-4.1.0-incubating.jar:/home/user/.m2/repository/org/apache/zookeeper/zookeeper/3.4.13/zookeeper-3.4.13.jar:/home/user/.m2/repository/jline/jline/0.9.94/jline-0.9.94.jar:/home/user/.m2/repository/org/apache/yetus/audience-annotations/0.5.0/audience-annotations-0.5.0.jar:/home/user/.m2/repository/org/codehaus/woodstox/stax2-api/3.1.4/stax2-api-3.1.4.jar:/home/user/.m2/repository/com/fasterxml/woodstox/woodstox-core/5.0.3/woodstox-core-5.0.3.jar:/home/user/.m2/repository/dnsjava/dnsjava/2.1.7/dnsjava-2.1.7.jar:/home/user/.m2/repository/org/apache/hadoop/hadoop-hdfs/3.2.0/hadoop-hdfs-3.2.0-tests.jar:/home/user/.m2/repository/org/eclipse/jetty/jetty-util-ajax/9.3.25.v20180904/jetty-util-ajax-9.3.25.v20180904.jar:/home/user/.m2/repository/commons-daemon/commons-daemon/1.0.13/commons-daemon-1.0.13.jar:/home/user/.m2/repository/io/netty/netty/3.10.5.Final/netty-3.10.5.Final.jar:/home/user/.m2/repository/io/netty/netty-all/4.0.52.Final/netty-all-4.0.52.Final.jar:/home/user/.m2/repository/org/fusesource/leveldbjni/leveldbjni-all/1.8/leveldbjni-all-1.8.jar:"/>
    <property name="java.vm.vendor" value="Oracle Corporation"/>
    <property name="sun.arch.data.model" value="64"/>
    <property name="test.build.dir" value="/workdir/hadoop-ozone/integration-test/target/test-dir"/>
    <property name="test.cache.data" value=""/>
    <property name="java.vendor.url" value="http://java.oracle.com/"/>
    <property name="user.timezone" value=""/>
    <property name="java.vm.specification.version" value="1.8"/>
    <property name="os.name" value="Linux"/>
    <property name="test.build.data" value="/workdir/hadoop-ozone/integration-test/target/test-dir"/>
    <property name="user.country" value="US"/>
    <property name="sun.java.launcher" value="SUN_STANDARD"/>
    <property name="sun.boot.library.path" value="/usr/lib/jvm/java-1.8.0-openjdk-1.8.0.222.b10-1.el7_7.x86_64/jre/lib/amd64"/>
    <property name="sun.java.command" value="/workdir/hadoop-ozone/integration-test/target/surefire/surefirebooter8898727897341270538.jar /workdir/hadoop-ozone/integration-test/target/surefire 2019-11-13T21-15-23_719-jvmRun1 surefire9196598910177125948tmp surefire_45781428670526210373tmp"/>
    <property name="surefire.test.class.path" value="/workdir/hadoop-ozone/integration-test/target/test-classes:/workdir/hadoop-ozone/integration-test/target/classes:/home/user/.m2/repository/org/apache/hadoop/hadoop-ozone-common/0.5.0-SNAPSHOT/hadoop-ozone-common-0.5.0-SNAPSHOT.jar:/home/user/.m2/repository/org/apache/commons/commons-compress/1.4.1/commons-compress-1.4.1.jar:/home/user/.m2/repository/org/tukaani/xz/1.0/xz-1.0.jar:/home/user/.m2/repository/org/apache/hadoop/hadoop-common/3.2.0/hadoop-common-3.2.0.jar:/home/user/.m2/repository/org/apache/hadoop/hadoop-hdfs/3.2.0/hadoop-hdfs-3.2.0.jar:/home/user/.m2/repository/org/apache/hadoop/hadoop-hdfs-client/3.2.0/hadoop-hdfs-client-3.2.0.jar:/home/user/.m2/repository/com/fasterxml/jackson/core/jackson-annotations/2.9.9/jackson-annotations-2.9.9.jar:/home/user/.m2/repository/org/apache/hadoop/hadoop-hdds-common/0.5.0-SNAPSHOT/hadoop-hdds-common-0.5.0-SNAPSHOT.jar:/home/user/.m2/repository/javax/annotation/javax.annotation-api/1.2/javax.annotation-api-1.2.jar:/home/user/.m2/repository/org/apache/ratis/ratis-server/0.5.0-d6d58d0-SNAPSHOT/ratis-server-0.5.0-d6d58d0-SNAPSHOT.jar:/home/user/.m2/repository/org/apache/ratis/ratis-thirdparty-misc/0.2.0/ratis-thirdparty-misc-0.2.0.jar:/home/user/.m2/repository/org/apache/ratis/ratis-proto/0.5.0-d6d58d0-SNAPSHOT/ratis-proto-0.5.0-d6d58d0-SNAPSHOT.jar:/home/user/.m2/repository/org/apache/ratis/ratis-common/0.5.0-d6d58d0-SNAPSHOT/ratis-common-0.5.0-d6d58d0-SNAPSHOT.jar:/home/user/.m2/repository/org/apache/ratis/ratis-client/0.5.0-d6d58d0-SNAPSHOT/ratis-client-0.5.0-d6d58d0-SNAPSHOT.jar:/home/user/.m2/repository/org/apache/ratis/ratis-metrics/0.5.0-d6d58d0-SNAPSHOT/ratis-metrics-0.5.0-d6d58d0-SNAPSHOT.jar:/home/user/.m2/repository/org/apache/ratis/ratis-netty/0.5.0-d6d58d0-SNAPSHOT/ratis-netty-0.5.0-d6d58d0-SNAPSHOT.jar:/home/user/.m2/repository/org/apache/ratis/ratis-grpc/0.5.0-d6d58d0-SNAPSHOT/ratis-grpc-0.5.0-d6d58d0-SNAPSHOT.jar:/home/user/.m2/repository/org/rocksdb/rocksdbjni/6.0.1/rocksdbjni-6.0.1.jar:/home/user/.m2/repository/org/apache/logging/log4j/log4j-api/2.11.0/log4j-api-2.11.0.jar:/home/user/.m2/repository/org/apache/logging/log4j/log4j-core/2.11.0/log4j-core-2.11.0.jar:/home/user/.m2/repository/com/lmax/disruptor/3.4.2/disruptor-3.4.2.jar:/home/user/.m2/repository/org/apache/commons/commons-pool2/2.6.0/commons-pool2-2.6.0.jar:/home/user/.m2/repository/org/bouncycastle/bcpkix-jdk15on/1.60/bcpkix-jdk15on-1.60.jar:/home/user/.m2/repository/commons-validator/commons-validator/1.6/commons-validator-1.6.jar:/home/user/.m2/repository/commons-digester/commons-digester/1.8.1/commons-digester-1.8.1.jar:/home/user/.m2/repository/io/jaegertracing/jaeger-client/0.34.0/jaeger-client-0.34.0.jar:/home/user/.m2/repository/io/jaegertracing/jaeger-thrift/0.34.0/jaeger-thrift-0.34.0.jar:/home/user/.m2/repository/org/apache/thrift/libthrift/0.12.0/libthrift-0.12.0.jar:/home/user/.m2/repository/com/squareup/okhttp3/okhttp/3.9.0/okhttp-3.9.0.jar:/home/user/.m2/repository/com/squareup/okio/okio/1.13.0/okio-1.13.0.jar:/home/user/.m2/repository/io/jaegertracing/jaeger-core/0.34.0/jaeger-core-0.34.0.jar:/home/user/.m2/repository/io/jaegertracing/jaeger-tracerresolver/0.34.0/jaeger-tracerresolver-0.34.0.jar:/home/user/.m2/repository/io/opentracing/contrib/opentracing-tracerresolver/0.1.5/opentracing-tracerresolver-0.1.5.jar:/home/user/.m2/repository/io/opentracing/opentracing-util/0.31.0/opentracing-util-0.31.0.jar:/home/user/.m2/repository/io/opentracing/opentracing-api/0.31.0/opentracing-api-0.31.0.jar:/home/user/.m2/repository/io/opentracing/opentracing-noop/0.31.0/opentracing-noop-0.31.0.jar:/home/user/.m2/repository/org/apache/hadoop/hadoop-hdds-server-framework/0.5.0-SNAPSHOT/hadoop-hdds-server-framework-0.5.0-SNAPSHOT.jar:/home/user/.m2/repository/org/apache/hadoop/hadoop-hdds-container-service/0.5.0-SNAPSHOT/hadoop-hdds-container-service-0.5.0-SNAPSHOT.jar:/home/user/.m2/repository/org/apache/hadoop/hadoop-hdds-client/0.5.0-SNAPSHOT/hadoop-hdds-client-0.5.0-SNAPSHOT.jar:/home/user/.m2/repository/org/apache/hadoop/hadoop-hdds-tools/0.5.0-SNAPSHOT/hadoop-hdds-tools-0.5.0-SNAPSHOT.jar:/home/user/.m2/repository/org/apache/hadoop/hadoop-hdds-server-scm/0.5.0-SNAPSHOT/hadoop-hdds-server-scm-0.5.0-SNAPSHOT.jar:/home/user/.m2/repository/org/apache/hadoop/hadoop-hdds-docs/0.5.0-SNAPSHOT/hadoop-hdds-docs-0.5.0-SNAPSHOT.jar:/home/user/.m2/repository/io/dropwizard/metrics/metrics-core/3.2.4/metrics-core-3.2.4.jar:/home/user/.m2/repository/org/hamcrest/hamcrest-all/1.3/hamcrest-all-1.3.jar:/home/user/.m2/repository/org/bouncycastle/bcprov-jdk15on/1.60/bcprov-jdk15on-1.60.jar:/home/user/.m2/repository/info/picocli/picocli/3.9.6/picocli-3.9.6.jar:/home/user/.m2/repository/com/google/protobuf/protobuf-java/2.5.0/protobuf-java-2.5.0.jar:/home/user/.m2/repository/com/google/guava/guava/11.0.2/guava-11.0.2.jar:/home/user/.m2/repository/org/apache/hadoop/hadoop-ozone-ozone-manager/0.5.0-SNAPSHOT/hadoop-ozone-ozone-manager-0.5.0-SNAPSHOT.jar:/home/user/.m2/repository/org/apache/hadoop/hadoop-minikdc/3.2.0/hadoop-minikdc-3.2.0.jar:/home/user/.m2/repository/commons-io/commons-io/2.5/commons-io-2.5.jar:/home/user/.m2/repository/org/apache/kerby/kerb-simplekdc/1.0.1/kerb-simplekdc-1.0.1.jar:/home/user/.m2/repository/org/apache/kerby/kerb-client/1.0.1/kerb-client-1.0.1.jar:/home/user/.m2/repository/org/apache/kerby/kerby-config/1.0.1/kerby-config-1.0.1.jar:/home/user/.m2/repository/org/apache/kerby/kerb-core/1.0.1/kerb-core-1.0.1.jar:/home/user/.m2/repository/org/apache/kerby/kerby-pkix/1.0.1/kerby-pkix-1.0.1.jar:/home/user/.m2/repository/org/apache/kerby/kerby-asn1/1.0.1/kerby-asn1-1.0.1.jar:/home/user/.m2/repository/org/apache/kerby/kerby-util/1.0.1/kerby-util-1.0.1.jar:/home/user/.m2/repository/org/apache/kerby/kerb-common/1.0.1/kerb-common-1.0.1.jar:/home/user/.m2/repository/org/apache/kerby/kerb-crypto/1.0.1/kerb-crypto-1.0.1.jar:/home/user/.m2/repository/org/apache/kerby/kerb-util/1.0.1/kerb-util-1.0.1.jar:/home/user/.m2/repository/org/apache/kerby/token-provider/1.0.1/token-provider-1.0.1.jar:/home/user/.m2/repository/org/apache/kerby/kerb-admin/1.0.1/kerb-admin-1.0.1.jar:/home/user/.m2/repository/org/apache/kerby/kerb-server/1.0.1/kerb-server-1.0.1.jar:/home/user/.m2/repository/org/apache/kerby/kerb-identity/1.0.1/kerb-identity-1.0.1.jar:/home/user/.m2/repository/org/apache/kerby/kerby-xdr/1.0.1/kerby-xdr-1.0.1.jar:/home/user/.m2/repository/org/slf4j/slf4j-log4j12/1.7.25/slf4j-log4j12-1.7.25.jar:/home/user/.m2/repository/org/apache/hadoop/hadoop-ozone-s3gateway/0.5.0-SNAPSHOT/hadoop-ozone-s3gateway-0.5.0-SNAPSHOT.jar:/home/user/.m2/repository/org/jboss/weld/servlet/weld-servlet/2.4.7.Final/weld-servlet-2.4.7.Final.jar:/home/user/.m2/repository/org/glassfish/jersey/containers/jersey-container-servlet-core/2.27/jersey-container-servlet-core-2.27.jar:/home/user/.m2/repository/org/glassfish/hk2/external/javax.inject/2.5.0-b42/javax.inject-2.5.0-b42.jar:/home/user/.m2/repository/org/glassfish/jersey/core/jersey-common/2.27/jersey-common-2.27.jar:/home/user/.m2/repository/org/glassfish/hk2/osgi-resource-locator/1.0.1/osgi-resource-locator-1.0.1.jar:/home/user/.m2/repository/javax/ws/rs/javax.ws.rs-api/2.1/javax.ws.rs-api-2.1.jar:/home/user/.m2/repository/org/glassfish/jersey/ext/cdi/jersey-cdi1x/2.27/jersey-cdi1x-2.27.jar:/home/user/.m2/repository/org/glassfish/jersey/inject/jersey-hk2/2.27/jersey-hk2-2.27.jar:/home/user/.m2/repository/org/glassfish/hk2/hk2-locator/2.5.0-b42/hk2-locator-2.5.0-b42.jar:/home/user/.m2/repository/org/javassist/javassist/3.22.0-CR2/javassist-3.22.0-CR2.jar:/home/user/.m2/repository/org/glassfish/hk2/hk2-api/2.5.0/hk2-api-2.5.0.jar:/home/user/.m2/repository/org/glassfish/hk2/external/jakarta.inject/2.5.0/jakarta.inject-2.5.0.jar:/home/user/.m2/repository/org/glassfish/hk2/hk2-utils/2.5.0/hk2-utils-2.5.0.jar:/home/user/.m2/repository/jakarta/annotation/jakarta.annotation-api/1.3.4/jakarta.annotation-api-1.3.4.jar:/home/user/.m2/repository/org/glassfish/hk2/external/aopalliance-repackaged/2.5.0/aopalliance-repackaged-2.5.0.jar:/home/user/.m2/repository/com/fasterxml/jackson/dataformat/jackson-dataformat-xml/2.9.0/jackson-dataformat-xml-2.9.0.jar:/home/user/.m2/repository/com/fasterxml/jackson/core/jackson-core/2.9.9/jackson-core-2.9.9.jar:/home/user/.m2/repository/com/fasterxml/jackson/module/jackson-module-jaxb-annotations/2.9.9/jackson-module-jaxb-annotations-2.9.9.jar:/home/user/.m2/repository/javax/enterprise/cdi-api/1.2/cdi-api-1.2.jar:/home/user/.m2/repository/javax/el/javax.el-api/3.0.0/javax.el-api-3.0.0.jar:/home/user/.m2/repository/javax/interceptor/javax.interceptor-api/1.2/javax.interceptor-api-1.2.jar:/home/user/.m2/repository/javax/inject/javax.inject/1/javax.inject-1.jar:/home/user/.m2/repository/com/sun/xml/bind/jaxb-impl/2.3.0.1/jaxb-impl-2.3.0.1.jar:/home/user/.m2/repository/com/sun/xml/bind/jaxb-core/2.3.0.1/jaxb-core-2.3.0.1.jar:/home/user/.m2/repository/javax/xml/bind/jaxb-api/2.3.0/jaxb-api-2.3.0.jar:/home/user/.m2/repository/javax/activation/activation/1.1.1/activation-1.1.1.jar:/home/user/.m2/repository/org/apache/hadoop/hadoop-ozone-csi/0.5.0-SNAPSHOT/hadoop-ozone-csi-0.5.0-SNAPSHOT.jar:/home/user/.m2/repository/com/google/protobuf/protobuf-java-util/3.5.1/protobuf-java-util-3.5.1.jar:/home/user/.m2/repository/org/apache/hadoop/hadoop-hdds-config/0.5.0-SNAPSHOT/hadoop-hdds-config-0.5.0-SNAPSHOT.jar:/home/user/.m2/repository/io/grpc/grpc-netty/1.17.1/grpc-netty-1.17.1.jar:/home/user/.m2/repository/io/grpc/grpc-core/1.17.1/grpc-core-1.17.1.jar:/home/user/.m2/repository/io/grpc/grpc-context/1.17.1/grpc-context-1.17.1.jar:/home/user/.m2/repository/com/google/errorprone/error_prone_annotations/2.2.0/error_prone_annotations-2.2.0.jar:/home/user/.m2/repository/org/codehaus/mojo/animal-sniffer-annotations/1.17/animal-sniffer-annotations-1.17.jar:/home/user/.m2/repository/io/opencensus/opencensus-api/0.17.0/opencensus-api-0.17.0.jar:/home/user/.m2/repository/io/opencensus/opencensus-contrib-grpc-metrics/0.17.0/opencensus-contrib-grpc-metrics-0.17.0.jar:/home/user/.m2/repository/io/netty/netty-codec-http2/4.1.30.Final/netty-codec-http2-4.1.30.Final.jar:/home/user/.m2/repository/io/netty/netty-codec-http/4.1.30.Final/netty-codec-http-4.1.30.Final.jar:/home/user/.m2/repository/io/netty/netty-codec/4.1.30.Final/netty-codec-4.1.30.Final.jar:/home/user/.m2/repository/io/netty/netty-handler/4.1.30.Final/netty-handler-4.1.30.Final.jar:/home/user/.m2/repository/io/netty/netty-handler-proxy/4.1.30.Final/netty-handler-proxy-4.1.30.Final.jar:/home/user/.m2/repository/io/netty/netty-codec-socks/4.1.30.Final/netty-codec-socks-4.1.30.Final.jar:/home/user/.m2/repository/io/netty/netty-transport-native-epoll/4.1.30.Final/netty-transport-native-epoll-4.1.30.Final.jar:/home/user/.m2/repository/io/netty/netty-common/4.1.30.Final/netty-common-4.1.30.Final.jar:/home/user/.m2/repository/io/netty/netty-buffer/4.1.30.Final/netty-buffer-4.1.30.Final.jar:/home/user/.m2/repository/io/netty/netty-transport/4.1.30.Final/netty-transport-4.1.30.Final.jar:/home/user/.m2/repository/io/netty/netty-resolver/4.1.30.Final/netty-resolver-4.1.30.Final.jar:/home/user/.m2/repository/io/netty/netty-transport-native-unix-common/4.1.30.Final/netty-transport-native-unix-common-4.1.30.Final.jar:/home/user/.m2/repository/io/grpc/grpc-protobuf/1.17.1/grpc-protobuf-1.17.1.jar:/home/user/.m2/repository/com/google/api/grpc/proto-google-common-protos/1.0.0/proto-google-common-protos-1.0.0.jar:/home/user/.m2/repository/io/grpc/grpc-protobuf-lite/1.17.1/grpc-protobuf-lite-1.17.1.jar:/home/user/.m2/repository/io/grpc/grpc-stub/1.17.1/grpc-stub-1.17.1.jar:/home/user/.m2/repository/org/apache/hadoop/hadoop-ozone-recon/0.5.0-SNAPSHOT/hadoop-ozone-recon-0.5.0-SNAPSHOT.jar:/home/user/.m2/repository/org/apache/hadoop/hadoop-ozone-reconcodegen/0.5.0-SNAPSHOT/hadoop-ozone-reconcodegen-0.5.0-SNAPSHOT.jar:/home/user/.m2/repository/com/google/inject/extensions/guice-multibindings/4.0/guice-multibindings-4.0.jar:/home/user/.m2/repository/com/google/inject/guice/4.0/guice-4.0.jar:/home/user/.m2/repository/aopalliance/aopalliance/1.0/aopalliance-1.0.jar:/home/user/.m2/repository/com/google/inject/extensions/guice-servlet/4.0/guice-servlet-4.0.jar:/home/user/.m2/repository/org/glassfish/jersey/containers/jersey-container-servlet/2.27/jersey-container-servlet-2.27.jar:/home/user/.m2/repository/org/glassfish/hk2/guice-bridge/2.5.0/guice-bridge-2.5.0.jar:/home/user/.m2/repository/org/glassfish/jersey/core/jersey-server/2.27/jersey-server-2.27.jar:/home/user/.m2/repository/org/glassfish/jersey/core/jersey-client/2.27/jersey-client-2.27.jar:/home/user/.m2/repository/org/glassfish/jersey/media/jersey-media-jaxb/2.27/jersey-media-jaxb-2.27.jar:/home/user/.m2/repository/javax/validation/validation-api/1.1.0.Final/validation-api-1.1.0.Final.jar:/home/user/.m2/repository/org/glassfish/jersey/media/jersey-media-json-jackson/2.27/jersey-media-json-jackson-2.27.jar:/home/user/.m2/repository/org/glassfish/jersey/ext/jersey-entity-filtering/2.27/jersey-entity-filtering-2.27.jar:/home/user/.m2/repository/com/google/inject/extensions/guice-assistedinject/4.0/guice-assistedinject-4.0.jar:/home/user/.m2/repository/org/jooq/jooq/3.11.10/jooq-3.11.10.jar:/home/user/.m2/repository/org/jooq/jooq-meta/3.11.10/jooq-meta-3.11.10.jar:/home/user/.m2/repository/org/jooq/jooq-codegen/3.11.10/jooq-codegen-3.11.10.jar:/home/user/.m2/repository/com/jolbox/bonecp/0.8.0.RELEASE/bonecp-0.8.0.RELEASE.jar:/home/user/.m2/repository/org/xerial/sqlite-jdbc/3.25.2/sqlite-jdbc-3.25.2.jar:/home/user/.m2/repository/org/springframework/spring-jdbc/5.1.3.RELEASE/spring-jdbc-5.1.3.RELEASE.jar:/home/user/.m2/repository/org/springframework/spring-beans/5.1.3.RELEASE/spring-beans-5.1.3.RELEASE.jar:/home/user/.m2/repository/org/springframework/spring-core/5.1.3.RELEASE/spring-core-5.1.3.RELEASE.jar:/home/user/.m2/repository/org/springframework/spring-jcl/5.1.3.RELEASE/spring-jcl-5.1.3.RELEASE.jar:/home/user/.m2/repository/org/springframework/spring-tx/5.1.3.RELEASE/spring-tx-5.1.3.RELEASE.jar:/home/user/.m2/repository/org/apache/hadoop/hadoop-ozone-client/0.5.0-SNAPSHOT/hadoop-ozone-client-0.5.0-SNAPSHOT.jar:/home/user/.m2/repository/commons-lang/commons-lang/2.6/commons-lang-2.6.jar:/home/user/.m2/repository/org/apache/hadoop/hadoop-ozone-ozone-manager/0.5.0-SNAPSHOT/hadoop-ozone-ozone-manager-0.5.0-SNAPSHOT-tests.jar:/home/user/.m2/repository/junit/junit/4.11/junit-4.11.jar:/home/user/.m2/repository/org/hamcrest/hamcrest-core/1.3/hamcrest-core-1.3.jar:/home/user/.m2/repository/org/openjdk/jmh/jmh-core/1.19/jmh-core-1.19.jar:/home/user/.m2/repository/net/sf/jopt-simple/jopt-simple/4.6/jopt-simple-4.6.jar:/home/user/.m2/repository/org/apache/commons/commons-math3/3.1.1/commons-math3-3.1.1.jar:/home/user/.m2/repository/org/openjdk/jmh/jmh-generator-annprocess/1.19/jmh-generator-annprocess-1.19.jar:/home/user/.m2/repository/org/mockito/mockito-all/1.8.5/mockito-all-1.8.5.jar:/home/user/.m2/repository/org/apache/hadoop/hadoop-kms/3.2.0/hadoop-kms-3.2.0.jar:/home/user/.m2/repository/org/apache/hadoop/hadoop-auth/3.2.0/hadoop-auth-3.2.0.jar:/home/user/.m2/repository/com/nimbusds/nimbus-jose-jwt/4.41.1/nimbus-jose-jwt-4.41.1.jar:/home/user/.m2/repository/com/github/stephenc/jcip/jcip-annotations/1.0-1/jcip-annotations-1.0-1.jar:/home/user/.m2/repository/net/minidev/json-smart/2.3/json-smart-2.3.jar:/home/user/.m2/repository/net/minidev/accessors-smart/1.2/accessors-smart-1.2.jar:/home/user/.m2/repository/org/ow2/asm/asm/5.0.4/asm-5.0.4.jar:/home/user/.m2/repository/org/apache/curator/curator-framework/2.12.0/curator-framework-2.12.0.jar:/home/user/.m2/repository/com/sun/jersey/jersey-core/1.19/jersey-core-1.19.jar:/home/user/.m2/repository/javax/ws/rs/jsr311-api/1.1.1/jsr311-api-1.1.1.jar:/home/user/.m2/repository/com/sun/jersey/jersey-server/1.19/jersey-server-1.19.jar:/home/user/.m2/repository/javax/servlet/javax.servlet-api/3.1.0/javax.servlet-api-3.1.0.jar:/home/user/.m2/repository/org/eclipse/jetty/jetty-server/9.3.25.v20180904/jetty-server-9.3.25.v20180904.jar:/home/user/.m2/repository/org/eclipse/jetty/jetty-http/9.3.25.v20180904/jetty-http-9.3.25.v20180904.jar:/home/user/.m2/repository/org/eclipse/jetty/jetty-io/9.3.25.v20180904/jetty-io-9.3.25.v20180904.jar:/home/user/.m2/repository/org/eclipse/jetty/jetty-webapp/9.3.25.v20180904/jetty-webapp-9.3.25.v20180904.jar:/home/user/.m2/repository/org/eclipse/jetty/jetty-xml/9.3.25.v20180904/jetty-xml-9.3.25.v20180904.jar:/home/user/.m2/repository/log4j/log4j/1.2.17/log4j-1.2.17.jar:/home/user/.m2/repository/org/slf4j/slf4j-api/1.7.25/slf4j-api-1.7.25.jar:/home/user/.m2/repository/org/slf4j/jul-to-slf4j/1.7.25/jul-to-slf4j-1.7.25.jar:/home/user/.m2/repository/org/eclipse/jetty/jetty-util/9.3.25.v20180904/jetty-util-9.3.25.v20180904.jar:/home/user/.m2/repository/com/fasterxml/jackson/core/jackson-databind/2.9.9/jackson-databind-2.9.9.jar:/home/user/.m2/repository/org/apache/hadoop/hadoop-kms/3.2.0/hadoop-kms-3.2.0-tests.jar:/home/user/.m2/repository/org/apache/hadoop/hadoop-hdds-server-scm/0.5.0-SNAPSHOT/hadoop-hdds-server-scm-0.5.0-SNAPSHOT-tests.jar:/home/user/.m2/repository/org/apache/hadoop/hadoop-hdds-container-service/0.5.0-SNAPSHOT/hadoop-hdds-container-service-0.5.0-SNAPSHOT-tests.jar:/home/user/.m2/repository/org/yaml/snakeyaml/1.16/snakeyaml-1.16.jar:/home/user/.m2/repository/org/apache/hadoop/hadoop-common/3.2.0/hadoop-common-3.2.0-tests.jar:/home/user/.m2/repository/org/apache/hadoop/hadoop-annotations/3.2.0/hadoop-annotations-3.2.0.jar:/usr/lib/jvm/java-1.8.0-openjdk-1.8.0.222.b10-1.el7_7.x86_64/jre/../lib/tools.jar:/home/user/.m2/repository/commons-cli/commons-cli/1.2/commons-cli-1.2.jar:/home/user/.m2/repository/org/apache/httpcomponents/httpclient/4.5.2/httpclient-4.5.2.jar:/home/user/.m2/repository/org/apache/httpcomponents/httpcore/4.4.4/httpcore-4.4.4.jar:/home/user/.m2/repository/commons-codec/commons-codec/1.11/commons-codec-1.11.jar:/home/user/.m2/repository/commons-net/commons-net/3.6/commons-net-3.6.jar:/home/user/.m2/repository/commons-collections/commons-collections/3.2.2/commons-collections-3.2.2.jar:/home/user/.m2/repository/org/eclipse/jetty/jetty-servlet/9.3.25.v20180904/jetty-servlet-9.3.25.v20180904.jar:/home/user/.m2/repository/org/eclipse/jetty/jetty-security/9.3.25.v20180904/jetty-security-9.3.25.v20180904.jar:/home/user/.m2/repository/javax/servlet/jsp/jsp-api/2.1/jsp-api-2.1.jar:/home/user/.m2/repository/com/sun/jersey/jersey-servlet/1.19/jersey-servlet-1.19.jar:/home/user/.m2/repository/com/sun/jersey/jersey-json/1.19/jersey-json-1.19.jar:/home/user/.m2/repository/org/codehaus/jettison/jettison/1.1/jettison-1.1.jar:/home/user/.m2/repository/org/codehaus/jackson/jackson-core-asl/1.9.13/jackson-core-asl-1.9.13.jar:/home/user/.m2/repository/org/codehaus/jackson/jackson-mapper-asl/1.9.13/jackson-mapper-asl-1.9.13.jar:/home/user/.m2/repository/org/codehaus/jackson/jackson-jaxrs/1.9.13/jackson-jaxrs-1.9.13.jar:/home/user/.m2/repository/org/codehaus/jackson/jackson-xc/1.9.13/jackson-xc-1.9.13.jar:/home/user/.m2/repository/commons-logging/commons-logging/1.1.3/commons-logging-1.1.3.jar:/home/user/.m2/repository/commons-beanutils/commons-beanutils/1.9.4/commons-beanutils-1.9.4.jar:/home/user/.m2/repository/org/apache/commons/commons-configuration2/2.1.1/commons-configuration2-2.1.1.jar:/home/user/.m2/repository/org/apache/commons/commons-lang3/3.7/commons-lang3-3.7.jar:/home/user/.m2/repository/org/apache/commons/commons-text/1.4/commons-text-1.4.jar:/home/user/.m2/repository/org/apache/avro/avro/1.7.7/avro-1.7.7.jar:/home/user/.m2/repository/com/thoughtworks/paranamer/paranamer/2.3/paranamer-2.3.jar:/home/user/.m2/repository/org/xerial/snappy/snappy-java/1.0.5/snappy-java-1.0.5.jar:/home/user/.m2/repository/com/google/re2j/re2j/1.1/re2j-1.1.jar:/home/user/.m2/repository/com/google/code/gson/gson/2.2.4/gson-2.2.4.jar:/home/user/.m2/repository/com/jcraft/jsch/0.1.54/jsch-0.1.54.jar:/home/user/.m2/repository/org/apache/curator/curator-client/2.12.0/curator-client-2.12.0.jar:/home/user/.m2/repository/org/apache/curator/curator-recipes/2.12.0/curator-recipes-2.12.0.jar:/home/user/.m2/repository/com/google/code/findbugs/jsr305/3.0.0/jsr305-3.0.0.jar:/home/user/.m2/repository/org/apache/htrace/htrace-core4/4.1.0-incubating/htrace-core4-4.1.0-incubating.jar:/home/user/.m2/repository/org/apache/zookeeper/zookeeper/3.4.13/zookeeper-3.4.13.jar:/home/user/.m2/repository/jline/jline/0.9.94/jline-0.9.94.jar:/home/user/.m2/repository/org/apache/yetus/audience-annotations/0.5.0/audience-annotations-0.5.0.jar:/home/user/.m2/repository/org/codehaus/woodstox/stax2-api/3.1.4/stax2-api-3.1.4.jar:/home/user/.m2/repository/com/fasterxml/woodstox/woodstox-core/5.0.3/woodstox-core-5.0.3.jar:/home/user/.m2/repository/dnsjava/dnsjava/2.1.7/dnsjava-2.1.7.jar:/home/user/.m2/repository/org/apache/hadoop/hadoop-hdfs/3.2.0/hadoop-hdfs-3.2.0-tests.jar:/home/user/.m2/repository/org/eclipse/jetty/jetty-util-ajax/9.3.25.v20180904/jetty-util-ajax-9.3.25.v20180904.jar:/home/user/.m2/repository/commons-daemon/commons-daemon/1.0.13/commons-daemon-1.0.13.jar:/home/user/.m2/repository/io/netty/netty/3.10.5.Final/netty-3.10.5.Final.jar:/home/user/.m2/repository/io/netty/netty-all/4.0.52.Final/netty-all-4.0.52.Final.jar:/home/user/.m2/repository/org/fusesource/leveldbjni/leveldbjni-all/1.8/leveldbjni-all-1.8.jar:"/>
    <property name="sun.cpu.endian" value="little"/>
    <property name="user.home" value="/home/user"/>
    <property name="user.language" value="en"/>
    <property name="java.specification.vendor" value="Oracle Corporation"/>
    <property name="java.home" value="/usr/lib/jvm/java-1.8.0-openjdk-1.8.0.222.b10-1.el7_7.x86_64/jre"/>
    <property name="surefire.excludesFile" value="/tools/ozone-bad-unit-tests"/>
    <property name="java.security.krb5.conf" value="/workdir/hadoop-ozone/integration-test/target/test-classes/krb5.conf"/>
    <property name="basedir" value="/workdir/hadoop-ozone/integration-test"/>
    <property name="file.separator" value="/"/>
    <property name="line.separator" value="&#10;"/>
    <property name="java.vm.specification.vendor" value="Oracle Corporation"/>
    <property name="java.specification.name" value="Java Platform API Specification"/>
    <property name="java.awt.graphicsenv" value="sun.awt.X11GraphicsEnvironment"/>
    <property name="surefire.real.class.path" value="/workdir/hadoop-ozone/integration-test/target/surefire/surefirebooter8898727897341270538.jar"/>
    <property name="hadoop.log.dir" value="/workdir/hadoop-ozone/integration-test/target/log"/>
    <property name="sun.boot.class.path" value="/usr/lib/jvm/java-1.8.0-openjdk-1.8.0.222.b10-1.el7_7.x86_64/jre/lib/resources.jar:/usr/lib/jvm/java-1.8.0-openjdk-1.8.0.222.b10-1.el7_7.x86_64/jre/lib/rt.jar:/usr/lib/jvm/java-1.8.0-openjdk-1.8.0.222.b10-1.el7_7.x86_64/jre/lib/sunrsasign.jar:/usr/lib/jvm/java-1.8.0-openjdk-1.8.0.222.b10-1.el7_7.x86_64/jre/lib/jsse.jar:/usr/lib/jvm/java-1.8.0-openjdk-1.8.0.222.b10-1.el7_7.x86_64/jre/lib/jce.jar:/usr/lib/jvm/java-1.8.0-openjdk-1.8.0.222.b10-1.el7_7.x86_64/jre/lib/charsets.jar:/usr/lib/jvm/java-1.8.0-openjdk-1.8.0.222.b10-1.el7_7.x86_64/jre/lib/jfr.jar:/usr/lib/jvm/java-1.8.0-openjdk-1.8.0.222.b10-1.el7_7.x86_64/jre/classes"/>
    <property name="sun.management.compiler" value="HotSpot 64-Bit Tiered Compilers"/>
    <property name="java.runtime.version" value="1.8.0_222-b10"/>
    <property name="java.net.preferIPv4Stack" value="true"/>
    <property name="user.name" value="jenkins1000"/>
    <property name="path.separator" value=":"/>
    <property name="java.security.egd" value="file:///dev/urandom"/>
    <property name="os.version" value="3.10.0-957.12.2.el7.x86_64"/>
    <property name="java.endorsed.dirs" value="/usr/lib/jvm/java-1.8.0-openjdk-1.8.0.222.b10-1.el7_7.x86_64/jre/lib/endorsed"/>
    <property name="java.runtime.name" value="OpenJDK Runtime Environment"/>
    <property name="file.encoding" value="ANSI_X3.4-1968"/>
    <property name="java.vm.name" value="OpenJDK 64-Bit Server VM"/>
    <property name="test.build.webapps" value=""/>
    <property name="localRepository" value="/home/user/.m2/repository"/>
    <property name="java.vendor.url.bug" value="http://bugreport.sun.com/bugreport/"/>
    <property name="java.io.tmpdir" value="/tmp"/>
    <property name="require.test.libhadoop" value=""/>
    <property name="java.version" value="1.8.0_222"/>
    <property name="user.dir" value="/workdir/hadoop-ozone/integration-test"/>
    <property name="os.arch" value="amd64"/>
    <property name="java.vm.specification.name" value="Java Virtual Machine Specification"/>
    <property name="test.build.classes" value="/workdir/hadoop-ozone/integration-test/target/test-classes"/>
    <property name="java.awt.printerjob" value="sun.print.PSPrinterJob"/>
    <property name="sun.os.patch.level" value="unknown"/>
    <property name="hadoop.tmp.dir" value="/workdir/hadoop-ozone/integration-test/target/tmp"/>
    <property name="java.library.path" value="/usr/lib:/workdir/hadoop-ozone/integration-test/target/native/target/usr/local/lib:/workdir/hadoop-ozone/integration-test/../../hadoop-common-project/hadoop-common/target/native/target/usr/local/lib:/usr/java/packages/lib/amd64:/usr/lib64:/lib64:/lib:/usr/lib"/>
    <property name="java.vm.info" value="mixed mode"/>
    <property name="java.vendor" value="Oracle Corporation"/>
    <property name="java.vm.version" value="25.222-b10"/>
    <property name="java.ext.dirs" value="/usr/lib/jvm/java-1.8.0-openjdk-1.8.0.222.b10-1.el7_7.x86_64/jre/lib/ext:/usr/java/packages/lib/ext"/>
    <property name="sun.io.unicode.encoding" value="UnicodeLittle"/>
    <property name="java.class.version" value="52.0"/>
  </properties>
  <testcase name="testMultiBlockWritesWithIntermittentDnFailures" classname="org.apache.hadoop.ozone.client.rpc.TestMultiBlockWritesWithDnFailures" time="49.523"/>
  <testcase name="testMultiBlockWritesWithDnFailures" classname="org.apache.hadoop.ozone.client.rpc.TestMultiBlockWritesWithDnFailures" time="24.558">
    <error message="Allocated 0 blocks. Requested 1 blocks" type="INTERNAL_ERROR org.apache.hadoop.ozone.om.exceptions.OMException">INTERNAL_ERROR org.apache.hadoop.ozone.om.exceptions.OMException: Allocated 0 blocks. Requested 1 blocks
	at org.apache.hadoop.ozone.om.protocolPB.OzoneManagerProtocolClientSideTranslatorPB.handleError(OzoneManagerProtocolClientSideTranslatorPB.java:761)
	at org.apache.hadoop.ozone.om.protocolPB.OzoneManagerProtocolClientSideTranslatorPB.allocateBlock(OzoneManagerProtocolClientSideTranslatorPB.java:793)
	at sun.reflect.NativeMethodAccessorImpl.invoke0(Native Method)
	at sun.reflect.NativeMethodAccessorImpl.invoke(NativeMethodAccessorImpl.java:62)
	at sun.reflect.DelegatingMethodAccessorImpl.invoke(DelegatingMethodAccessorImpl.java:43)
	at java.lang.reflect.Method.invoke(Method.java:498)
	at org.apache.hadoop.hdds.tracing.TraceAllMethod.invoke(TraceAllMethod.java:66)
	at com.sun.proxy.$Proxy36.allocateBlock(Unknown Source)
	at org.apache.hadoop.ozone.client.io.BlockOutputStreamEntryPool.allocateNewBlock(BlockOutputStreamEntryPool.java:259)
	at org.apache.hadoop.ozone.client.io.BlockOutputStreamEntryPool.allocateBlockIfNeeded(BlockOutputStreamEntryPool.java:307)
	at org.apache.hadoop.ozone.client.io.KeyOutputStream.handleWrite(KeyOutputStream.java:198)
	at org.apache.hadoop.ozone.client.io.KeyOutputStream.handleRetry(KeyOutputStream.java:375)
	at org.apache.hadoop.ozone.client.io.KeyOutputStream.handleException(KeyOutputStream.java:324)
	at org.apache.hadoop.ozone.client.io.KeyOutputStream.handleWrite(KeyOutputStream.java:228)
	at org.apache.hadoop.ozone.client.io.KeyOutputStream.write(KeyOutputStream.java:190)
	at org.apache.hadoop.ozone.client.io.OzoneOutputStream.write(OzoneOutputStream.java:49)
	at java.io.OutputStream.write(OutputStream.java:75)
	at org.apache.hadoop.ozone.client.rpc.TestMultiBlockWritesWithDnFailures.testMultiBlockWritesWithDnFailures(TestMultiBlockWritesWithDnFailures.java:123)
	at sun.reflect.NativeMethodAccessorImpl.invoke0(Native Method)
	at sun.reflect.NativeMethodAccessorImpl.invoke(NativeMethodAccessorImpl.java:62)
	at sun.reflect.DelegatingMethodAccessorImpl.invoke(DelegatingMethodAccessorImpl.java:43)
	at java.lang.reflect.Method.invoke(Method.java:498)
	at org.junit.runners.model.FrameworkMethod$1.runReflectiveCall(FrameworkMethod.java:47)
	at org.junit.internal.runners.model.ReflectiveCallable.run(ReflectiveCallable.java:12)
	at org.junit.runners.model.FrameworkMethod.invokeExplosively(FrameworkMethod.java:44)
	at org.junit.internal.runners.statements.InvokeMethod.evaluate(InvokeMethod.java:17)
	at org.junit.internal.runners.statements.RunAfters.evaluate(RunAfters.java:27)
	at org.junit.runners.ParentRunner.runLeaf(ParentRunner.java:271)
	at org.junit.runners.BlockJUnit4ClassRunner.runChild(BlockJUnit4ClassRunner.java:70)
	at org.junit.runners.BlockJUnit4ClassRunner.runChild(BlockJUnit4ClassRunner.java:50)
	at org.junit.runners.ParentRunner$3.run(ParentRunner.java:238)
	at org.junit.runners.ParentRunner$1.schedule(ParentRunner.java:63)
	at org.junit.runners.ParentRunner.runChildren(ParentRunner.java:236)
	at org.junit.runners.ParentRunner.access$000(ParentRunner.java:53)
	at org.junit.runners.ParentRunner$2.evaluate(ParentRunner.java:229)
	at org.junit.runners.ParentRunner.run(ParentRunner.java:309)
	at org.apache.maven.surefire.junit4.JUnit4Provider.execute(JUnit4Provider.java:365)
	at org.apache.maven.surefire.junit4.JUnit4Provider.executeWithRerun(JUnit4Provider.java:273)
	at org.apache.maven.surefire.junit4.JUnit4Provider.executeTestSet(JUnit4Provider.java:238)
	at org.apache.maven.surefire.junit4.JUnit4Provider.invoke(JUnit4Provider.java:159)
	at org.apache.maven.surefire.booter.ForkedBooter.invokeProviderInSameClassLoader(ForkedBooter.java:384)
	at org.apache.maven.surefire.booter.ForkedBooter.runSuitesInProcess(ForkedBooter.java:345)
	at org.apache.maven.surefire.booter.ForkedBooter.execute(ForkedBooter.java:126)
	at org.apache.maven.surefire.booter.ForkedBooter.main(ForkedBooter.java:418)
</error>
    <system-out><![CDATA[2019-11-13 22:06:01,717 [main] WARN  server.ServerUtils (ServerUtils.java:getScmDbDir(145)) - ozone.scm.db.dirs is not configured. We recommend adding this setting. Falling back to ozone.metadata.dirs instead.
2019-11-13 22:06:01,753 [main] WARN  server.ServerUtils (ServerUtils.java:getScmDbDir(145)) - ozone.scm.db.dirs is not configured. We recommend adding this setting. Falling back to ozone.metadata.dirs instead.
2019-11-13 22:06:01,754 [main] WARN  server.ServerUtils (ServerUtils.java:getScmDbDir(145)) - ozone.scm.db.dirs is not configured. We recommend adding this setting. Falling back to ozone.metadata.dirs instead.
2019-11-13 22:06:01,755 [main] INFO  db.DBStoreBuilder (DBStoreBuilder.java:addTable(127)) - using custom profile for table: deletedBlocks
2019-11-13 22:06:01,755 [main] INFO  db.DBStoreBuilder (DBStoreBuilder.java:processTables(183)) - Using default column profile:DBProfile.DISK for Table:deletedBlocks
2019-11-13 22:06:01,756 [main] INFO  db.DBStoreBuilder (DBStoreBuilder.java:addTable(127)) - using custom profile for table: validCerts
2019-11-13 22:06:01,756 [main] INFO  db.DBStoreBuilder (DBStoreBuilder.java:processTables(183)) - Using default column profile:DBProfile.DISK for Table:validCerts
2019-11-13 22:06:01,756 [main] INFO  db.DBStoreBuilder (DBStoreBuilder.java:addTable(127)) - using custom profile for table: revokedCerts
2019-11-13 22:06:01,756 [main] INFO  db.DBStoreBuilder (DBStoreBuilder.java:processTables(183)) - Using default column profile:DBProfile.DISK for Table:revokedCerts
2019-11-13 22:06:01,757 [main] INFO  db.DBStoreBuilder (DBStoreBuilder.java:addTable(127)) - using custom profile for table: default
2019-11-13 22:06:01,757 [main] INFO  db.DBStoreBuilder (DBStoreBuilder.java:processTables(189)) - Using default column profile:DBProfile.DISK for Table:default
2019-11-13 22:06:01,757 [main] INFO  db.DBStoreBuilder (DBStoreBuilder.java:getDbProfile(220)) - Using default options. DBProfile.DISK
2019-11-13 22:06:01,936 [main] INFO  net.NodeSchemaLoader (NodeSchemaLoader.java:loadSchemaFromFile(125)) - Loading file from sun.misc.CompoundEnumeration@b46e103
2019-11-13 22:06:01,936 [main] INFO  net.NodeSchemaLoader (NodeSchemaLoader.java:loadSchema(171)) - Loading network topology layer schema file
2019-11-13 22:06:01,943 [main] INFO  node.SCMNodeManager (SCMNodeManager.java:<init>(116)) - Entering startup safe mode.
2019-11-13 22:06:01,944 [main] INFO  algorithms.ContainerPlacementPolicyFactory (ContainerPlacementPolicyFactory.java:getPolicy(57)) - Create container placement policy of type org.apache.hadoop.hdds.scm.container.placement.algorithms.SCMContainerPlacementRandom
2019-11-13 22:06:01,945 [main] WARN  server.ServerUtils (ServerUtils.java:getScmDbDir(145)) - ozone.scm.db.dirs is not configured. We recommend adding this setting. Falling back to ozone.metadata.dirs instead.
2019-11-13 22:06:01,964 [main] INFO  pipeline.SCMPipelineManager (SCMPipelineManager.java:initializePipelineState(132)) - No pipeline exists in current db
2019-11-13 22:06:01,965 [main] WARN  server.ServerUtils (ServerUtils.java:getScmDbDir(145)) - ozone.scm.db.dirs is not configured. We recommend adding this setting. Falling back to ozone.metadata.dirs instead.
2019-11-13 22:06:01,987 [main] WARN  events.EventQueue (EventQueue.java:fireEvent(183)) - No event handler registered for event TypedEvent{payloadType=SafeModeStatus, name='SafeModeStatus'}
2019-11-13 22:06:01,988 [main] INFO  ipc.CallQueueManager (CallQueueManager.java:<init>(84)) - Using callQueue: class java.util.concurrent.LinkedBlockingQueue, queueCapacity: 2000, scheduler: class org.apache.hadoop.ipc.DefaultRpcScheduler, ipcBackoff: false.
2019-11-13 22:06:01,989 [Socket Reader #1 for port 38438] INFO  ipc.Server (Server.java:run(1074)) - Starting Socket Reader #1 for port 38438
2019-11-13 22:06:01,991 [main] INFO  ipc.CallQueueManager (CallQueueManager.java:<init>(84)) - Using callQueue: class java.util.concurrent.LinkedBlockingQueue, queueCapacity: 2000, scheduler: class org.apache.hadoop.ipc.DefaultRpcScheduler, ipcBackoff: false.
2019-11-13 22:06:01,992 [Socket Reader #1 for port 43451] INFO  ipc.Server (Server.java:run(1074)) - Starting Socket Reader #1 for port 43451
2019-11-13 22:06:01,993 [main] INFO  ipc.CallQueueManager (CallQueueManager.java:<init>(84)) - Using callQueue: class java.util.concurrent.LinkedBlockingQueue, queueCapacity: 2000, scheduler: class org.apache.hadoop.ipc.DefaultRpcScheduler, ipcBackoff: false.
2019-11-13 22:06:01,994 [Socket Reader #1 for port 38975] INFO  ipc.Server (Server.java:run(1074)) - Starting Socket Reader #1 for port 38975
2019-11-13 22:06:01,997 [main] INFO  hdfs.DFSUtil (DFSUtil.java:httpServerTemplateForNNAndJN(1641)) - Starting Web-server for scm at: http://0.0.0.0:0
2019-11-13 22:06:02,000 [main] INFO  server.AuthenticationFilter (AuthenticationFilter.java:constructSecretProvider(240)) - Unable to initialize FileSignerSecretProvider, falling back to use random secrets.
2019-11-13 22:06:02,001 [main] WARN  http.HttpRequestLog (HttpRequestLog.java:getRequestLog(97)) - Jetty request log can only be enabled using Log4j
2019-11-13 22:06:02,003 [main] INFO  http.HttpServer2 (HttpServer2.java:addGlobalFilter(975)) - Added global filter 'safety' (class=org.apache.hadoop.http.HttpServer2$QuotingInputFilter)
2019-11-13 22:06:02,003 [main] INFO  http.HttpServer2 (HttpServer2.java:addFilter(948)) - Added filter static_user_filter (class=org.apache.hadoop.http.lib.StaticUserWebFilter$StaticUserFilter) to context scm
2019-11-13 22:06:02,003 [main] INFO  http.HttpServer2 (HttpServer2.java:addFilter(958)) - Added filter static_user_filter (class=org.apache.hadoop.http.lib.StaticUserWebFilter$StaticUserFilter) to context logs
2019-11-13 22:06:02,004 [main] INFO  http.HttpServer2 (HttpServer2.java:addFilter(958)) - Added filter static_user_filter (class=org.apache.hadoop.http.lib.StaticUserWebFilter$StaticUserFilter) to context static
2019-11-13 22:06:02,006 [main] INFO  server.StorageContainerManager (StorageContainerManager.java:start(764)) - StorageContainerLocationProtocol RPC server is listening at /0.0.0.0:38975
2019-11-13 22:06:02,008 [main] WARN  impl.MetricsConfig (MetricsConfig.java:loadFirst(134)) - Cannot locate configuration: tried hadoop-metrics2-storagecontainermanager.properties,hadoop-metrics2.properties
2019-11-13 22:06:02,009 [main] INFO  impl.MetricsSystemImpl (MetricsSystemImpl.java:startTimer(374)) - Scheduled Metric snapshot period at 10 second(s).
2019-11-13 22:06:02,009 [main] INFO  impl.MetricsSystemImpl (MetricsSystemImpl.java:start(191)) - StorageContainerManager metrics system started
2019-11-13 22:06:02,037 [main] WARN  impl.MetricsSystemImpl (MetricsSystemImpl.java:register(276)) - Sink prometheus already exists!
2019-11-13 22:06:02,053 [main] INFO  server.SCMClientProtocolServer (SCMClientProtocolServer.java:start(159)) - RPC server for Client  is listening at /0.0.0.0:38975
2019-11-13 22:06:02,053 [IPC Server Responder] INFO  ipc.Server (Server.java:run(1314)) - IPC Server Responder: starting
2019-11-13 22:06:02,053 [IPC Server listener on 38975] INFO  ipc.Server (Server.java:run(1153)) - IPC Server listener on 38975: starting
2019-11-13 22:06:02,057 [main] INFO  server.StorageContainerManager (StorageContainerManager.java:start(774)) - ScmBlockLocationProtocol RPC server is listening at /0.0.0.0:43451
2019-11-13 22:06:02,058 [main] INFO  server.SCMBlockProtocolServer (SCMBlockProtocolServer.java:start(146)) - RPC server for Block Protocol is listening at /0.0.0.0:43451
2019-11-13 22:06:02,058 [IPC Server Responder] INFO  ipc.Server (Server.java:run(1314)) - IPC Server Responder: starting
2019-11-13 22:06:02,058 [IPC Server listener on 43451] INFO  ipc.Server (Server.java:run(1153)) - IPC Server listener on 43451: starting
2019-11-13 22:06:02,062 [main] INFO  server.StorageContainerManager (StorageContainerManager.java:start(778)) - ScmDatanodeProtocl RPC server is listening at /0.0.0.0:38438
2019-11-13 22:06:02,062 [main] INFO  server.SCMDatanodeProtocolServer (SCMDatanodeProtocolServer.java:start(169)) - RPC server for DataNodes is listening at /0.0.0.0:38438
2019-11-13 22:06:02,063 [IPC Server Responder] INFO  ipc.Server (Server.java:run(1314)) - IPC Server Responder: starting
2019-11-13 22:06:02,063 [IPC Server listener on 38438] INFO  ipc.Server (Server.java:run(1153)) - IPC Server listener on 38438: starting
2019-11-13 22:06:02,066 [main] INFO  http.HttpServer2 (HttpServer2.java:bindListener(1191)) - Jetty bound to port 34276
2019-11-13 22:06:02,067 [main] INFO  server.Server (Server.java:doStart(351)) - jetty-9.3.25.v20180904, build timestamp: 2018-09-04T21:11:46Z, git hash: 3ce520221d0240229c862b122d2b06c12a625732
2019-11-13 22:06:02,069 [main] INFO  handler.ContextHandler (ContextHandler.java:doStart(781)) - Started o.e.j.s.ServletContextHandler@7c1447b5{/logs,file:///workdir/hadoop-ozone/integration-test/target/log,AVAILABLE}
2019-11-13 22:06:02,069 [main] INFO  handler.ContextHandler (ContextHandler.java:doStart(781)) - Started o.e.j.s.ServletContextHandler@24a2e565{/static,file:///workdir/hadoop-ozone/integration-test/target/test-classes/webapps/static,AVAILABLE}
2019-11-13 22:06:02,074 [main] INFO  handler.ContextHandler (ContextHandler.java:doStart(781)) - Started o.e.j.w.WebAppContext@73a8e994{/,file:///workdir/hadoop-ozone/integration-test/target/test-classes/webapps/scm/,AVAILABLE}{/scm}
2019-11-13 22:06:02,074 [main] INFO  server.AbstractConnector (AbstractConnector.java:doStart(278)) - Started ServerConnector@1a1cc163{HTTP/1.1,[http/1.1]}{0.0.0.0:34276}
2019-11-13 22:06:02,075 [main] INFO  server.Server (Server.java:doStart(419)) - Started @50273ms
2019-11-13 22:06:02,075 [main] WARN  impl.MetricsSystemImpl (MetricsSystemImpl.java:register(276)) - Sink prometheus already exists!
2019-11-13 22:06:02,076 [main] INFO  server.BaseHttpServer (BaseHttpServer.java:updateConnectorAddress(215)) - HTTP server of SCM is listening at http://0.0.0.0:34276
2019-11-13 22:06:02,077 [main] WARN  server.ServerUtils (ServerUtils.java:getDBPath(222)) - ozone.om.db.dirs is not configured. We recommend adding this setting. Falling back to ozone.metadata.dirs instead.
2019-11-13 22:06:02,077 [org.apache.hadoop.util.JvmPauseMonitor$Monitor@42383cb0] INFO  util.JvmPauseMonitor (JvmPauseMonitor.java:run(188)) - Starting JVM pause monitor
2019-11-13 22:06:02,092 [main] INFO  ha.OMHANodeDetails (OMHANodeDetails.java:loadOMHAConfig(190)) - Configuration either no ozone.om.address set. Falling back to the default OM address /127.0.0.1:0
2019-11-13 22:06:02,092 [main] INFO  ha.OMHANodeDetails (OMHANodeDetails.java:getOMNodeDetails(220)) - OM Service ID is not set. Setting it to the default ID: omServiceIdDefault
2019-11-13 22:06:02,092 [main] WARN  server.ServerUtils (ServerUtils.java:getDBPath(222)) - ozone.om.db.dirs is not configured. We recommend adding this setting. Falling back to ozone.metadata.dirs instead.
2019-11-13 22:06:02,093 [main] WARN  server.ServerUtils (ServerUtils.java:getDBPath(222)) - ozone.om.db.dirs is not configured. We recommend adding this setting. Falling back to ozone.metadata.dirs instead.
2019-11-13 22:06:02,100 [main] WARN  server.ServerUtils (ServerUtils.java:getDBPath(222)) - ozone.om.db.dirs is not configured. We recommend adding this setting. Falling back to ozone.metadata.dirs instead.
2019-11-13 22:06:02,101 [main] INFO  db.DBStoreBuilder (DBStoreBuilder.java:addTable(127)) - using custom profile for table: userTable
2019-11-13 22:06:02,101 [main] INFO  db.DBStoreBuilder (DBStoreBuilder.java:processTables(183)) - Using default column profile:DBProfile.DISK for Table:userTable
2019-11-13 22:06:02,101 [main] INFO  db.DBStoreBuilder (DBStoreBuilder.java:addTable(127)) - using custom profile for table: volumeTable
2019-11-13 22:06:02,101 [main] INFO  db.DBStoreBuilder (DBStoreBuilder.java:processTables(183)) - Using default column profile:DBProfile.DISK for Table:volumeTable
2019-11-13 22:06:02,101 [main] INFO  db.DBStoreBuilder (DBStoreBuilder.java:addTable(127)) - using custom profile for table: bucketTable
2019-11-13 22:06:02,101 [main] INFO  db.DBStoreBuilder (DBStoreBuilder.java:processTables(183)) - Using default column profile:DBProfile.DISK for Table:bucketTable
2019-11-13 22:06:02,102 [main] INFO  db.DBStoreBuilder (DBStoreBuilder.java:addTable(127)) - using custom profile for table: keyTable
2019-11-13 22:06:02,102 [main] INFO  db.DBStoreBuilder (DBStoreBuilder.java:processTables(183)) - Using default column profile:DBProfile.DISK for Table:keyTable
2019-11-13 22:06:02,102 [main] INFO  db.DBStoreBuilder (DBStoreBuilder.java:addTable(127)) - using custom profile for table: deletedTable
2019-11-13 22:06:02,102 [main] INFO  db.DBStoreBuilder (DBStoreBuilder.java:processTables(183)) - Using default column profile:DBProfile.DISK for Table:deletedTable
2019-11-13 22:06:02,102 [main] INFO  db.DBStoreBuilder (DBStoreBuilder.java:addTable(127)) - using custom profile for table: openKeyTable
2019-11-13 22:06:02,102 [main] INFO  db.DBStoreBuilder (DBStoreBuilder.java:processTables(183)) - Using default column profile:DBProfile.DISK for Table:openKeyTable
2019-11-13 22:06:02,103 [main] INFO  db.DBStoreBuilder (DBStoreBuilder.java:addTable(127)) - using custom profile for table: s3Table
2019-11-13 22:06:02,103 [main] INFO  db.DBStoreBuilder (DBStoreBuilder.java:processTables(183)) - Using default column profile:DBProfile.DISK for Table:s3Table
2019-11-13 22:06:02,103 [main] INFO  db.DBStoreBuilder (DBStoreBuilder.java:addTable(127)) - using custom profile for table: multipartInfoTable
2019-11-13 22:06:02,103 [main] INFO  db.DBStoreBuilder (DBStoreBuilder.java:processTables(183)) - Using default column profile:DBProfile.DISK for Table:multipartInfoTable
2019-11-13 22:06:02,103 [main] INFO  db.DBStoreBuilder (DBStoreBuilder.java:addTable(127)) - using custom profile for table: dTokenTable
2019-11-13 22:06:02,103 [main] INFO  db.DBStoreBuilder (DBStoreBuilder.java:processTables(183)) - Using default column profile:DBProfile.DISK for Table:dTokenTable
2019-11-13 22:06:02,104 [main] INFO  db.DBStoreBuilder (DBStoreBuilder.java:addTable(127)) - using custom profile for table: s3SecretTable
2019-11-13 22:06:02,104 [main] INFO  db.DBStoreBuilder (DBStoreBuilder.java:processTables(183)) - Using default column profile:DBProfile.DISK for Table:s3SecretTable
2019-11-13 22:06:02,104 [main] INFO  db.DBStoreBuilder (DBStoreBuilder.java:addTable(127)) - using custom profile for table: prefixTable
2019-11-13 22:06:02,104 [main] INFO  db.DBStoreBuilder (DBStoreBuilder.java:processTables(183)) - Using default column profile:DBProfile.DISK for Table:prefixTable
2019-11-13 22:06:02,104 [main] INFO  db.DBStoreBuilder (DBStoreBuilder.java:addTable(127)) - using custom profile for table: default
2019-11-13 22:06:02,104 [main] INFO  db.DBStoreBuilder (DBStoreBuilder.java:processTables(189)) - Using default column profile:DBProfile.DISK for Table:default
2019-11-13 22:06:02,104 [main] INFO  db.DBStoreBuilder (DBStoreBuilder.java:getDbProfile(220)) - Using default options. DBProfile.DISK
2019-11-13 22:06:02,425 [main] INFO  ipc.CallQueueManager (CallQueueManager.java:<init>(84)) - Using callQueue: class java.util.concurrent.LinkedBlockingQueue, queueCapacity: 2000, scheduler: class org.apache.hadoop.ipc.DefaultRpcScheduler, ipcBackoff: false.
2019-11-13 22:06:02,426 [Socket Reader #1 for port 42172] INFO  ipc.Server (Server.java:run(1074)) - Starting Socket Reader #1 for port 42172
2019-11-13 22:06:02,443 [main] INFO  om.OzoneManager (OzoneManager.java:start(1077)) - OzoneManager RPC server is listening at localhost/127.0.0.1:42172
2019-11-13 22:06:02,443 [main] INFO  impl.MetricsSystemImpl (MetricsSystemImpl.java:init(158)) - OzoneManager metrics system started (again)
2019-11-13 22:06:02,444 [IPC Server Responder] INFO  ipc.Server (Server.java:run(1314)) - IPC Server Responder: starting
2019-11-13 22:06:02,445 [IPC Server listener on 42172] INFO  ipc.Server (Server.java:run(1153)) - IPC Server listener on 42172: starting
2019-11-13 22:06:02,450 [main] INFO  hdfs.DFSUtil (DFSUtil.java:httpServerTemplateForNNAndJN(1641)) - Starting Web-server for ozoneManager at: http://0.0.0.0:0
2019-11-13 22:06:02,451 [main] INFO  server.AuthenticationFilter (AuthenticationFilter.java:constructSecretProvider(240)) - Unable to initialize FileSignerSecretProvider, falling back to use random secrets.
2019-11-13 22:06:02,451 [main] WARN  http.HttpRequestLog (HttpRequestLog.java:getRequestLog(97)) - Jetty request log can only be enabled using Log4j
2019-11-13 22:06:02,453 [main] INFO  http.HttpServer2 (HttpServer2.java:addGlobalFilter(975)) - Added global filter 'safety' (class=org.apache.hadoop.http.HttpServer2$QuotingInputFilter)
2019-11-13 22:06:02,454 [main] INFO  http.HttpServer2 (HttpServer2.java:addFilter(948)) - Added filter static_user_filter (class=org.apache.hadoop.http.lib.StaticUserWebFilter$StaticUserFilter) to context ozoneManager
2019-11-13 22:06:02,454 [main] INFO  http.HttpServer2 (HttpServer2.java:addFilter(958)) - Added filter static_user_filter (class=org.apache.hadoop.http.lib.StaticUserWebFilter$StaticUserFilter) to context logs
2019-11-13 22:06:02,454 [main] INFO  http.HttpServer2 (HttpServer2.java:addFilter(958)) - Added filter static_user_filter (class=org.apache.hadoop.http.lib.StaticUserWebFilter$StaticUserFilter) to context static
2019-11-13 22:06:02,455 [main] INFO  http.HttpServer2 (HttpServer2.java:bindListener(1191)) - Jetty bound to port 39995
2019-11-13 22:06:02,455 [main] INFO  server.Server (Server.java:doStart(351)) - jetty-9.3.25.v20180904, build timestamp: 2018-09-04T21:11:46Z, git hash: 3ce520221d0240229c862b122d2b06c12a625732
2019-11-13 22:06:02,457 [main] INFO  handler.ContextHandler (ContextHandler.java:doStart(781)) - Started o.e.j.s.ServletContextHandler@21b6c9c2{/logs,file:///workdir/hadoop-ozone/integration-test/target/log,AVAILABLE}
2019-11-13 22:06:02,458 [main] INFO  handler.ContextHandler (ContextHandler.java:doStart(781)) - Started o.e.j.s.ServletContextHandler@3b95a6db{/static,file:///workdir/hadoop-ozone/integration-test/target/test-classes/webapps/static,AVAILABLE}
2019-11-13 22:06:02,462 [main] INFO  handler.ContextHandler (ContextHandler.java:doStart(781)) - Started o.e.j.w.WebAppContext@17e9bc9e{/,file:///workdir/hadoop-ozone/integration-test/target/test-classes/webapps/ozoneManager/,AVAILABLE}{/ozoneManager}
2019-11-13 22:06:02,462 [main] INFO  server.AbstractConnector (AbstractConnector.java:doStart(278)) - Started ServerConnector@36b9cb99{HTTP/1.1,[http/1.1]}{0.0.0.0:39995}
2019-11-13 22:06:02,463 [main] INFO  server.Server (Server.java:doStart(419)) - Started @50661ms
2019-11-13 22:06:02,463 [main] WARN  impl.MetricsSystemImpl (MetricsSystemImpl.java:register(276)) - Sink prometheus already exists!
2019-11-13 22:06:02,465 [main] INFO  server.BaseHttpServer (BaseHttpServer.java:updateConnectorAddress(215)) - HTTP server of OZONEMANAGER is listening at http://0.0.0.0:39995
2019-11-13 22:06:02,487 [main] INFO  impl.MetricsSystemImpl (MetricsSystemImpl.java:init(158)) - HddsDatanode metrics system started (again)
2019-11-13 22:06:02,490 [main] INFO  ozone.HddsDatanodeService (HddsDatanodeService.java:start(186)) - HddsDatanodeService host:pr-hdds-2471-vxr4w-2980416436 ip:192.168.164.237
2019-11-13 22:06:02,498 [main] INFO  volume.HddsVolume (HddsVolume.java:<init>(176)) - Creating Volume: /workdir/hadoop-ozone/integration-test/target/test-dir/MiniOzoneClusterImpl-7f102aba-c488-44cf-bcdb-425554d335ef/datanode-0/data/containers/hdds of  storage type : DISK and capacity : 1482555576320
2019-11-13 22:06:02,498 [main] INFO  volume.VolumeSet (VolumeSet.java:initializeVolumeSet(170)) - Added Volume : /workdir/hadoop-ozone/integration-test/target/test-dir/MiniOzoneClusterImpl-7f102aba-c488-44cf-bcdb-425554d335ef/datanode-0/data/containers/hdds to VolumeSet
2019-11-13 22:06:02,498 [main] INFO  volume.ThrottledAsyncChecker (ThrottledAsyncChecker.java:schedule(141)) - Scheduling a check for /workdir/hadoop-ozone/integration-test/target/test-dir/MiniOzoneClusterImpl-7f102aba-c488-44cf-bcdb-425554d335ef/datanode-0/data/containers/hdds
2019-11-13 22:06:02,499 [main] INFO  volume.HddsVolumeChecker (HddsVolumeChecker.java:checkAllVolumes(204)) - Scheduled health check for volume /workdir/hadoop-ozone/integration-test/target/test-dir/MiniOzoneClusterImpl-7f102aba-c488-44cf-bcdb-425554d335ef/datanode-0/data/containers/hdds
2019-11-13 22:06:02,516 [main] INFO  impl.RaftServerProxy (ConfUtils.java:logGet(43)) - raft.rpc.type = GRPC (default)
2019-11-13 22:06:02,516 [main] INFO  grpc.GrpcFactory (GrpcFactory.java:checkPooledByteBufAllocatorUseCacheForAllThreads(45)) - PERFORMANCE WARNING: useCacheForAllThreads is true that may cause Netty to create a lot garbage objects and, as a result, trigger GC.
	It is recommended to disable useCacheForAllThreads by setting -Dorg.apache.ratis.thirdparty.io.netty.allocator.useCacheForAllThreads=false in command line.
2019-11-13 22:06:02,516 [main] INFO  grpc.GrpcConfigKeys$Server (ConfUtils.java:logGet(43)) - raft.grpc.server.port = 0 (default)
2019-11-13 22:06:02,517 [main] INFO  server.GrpcService (ConfUtils.java:logGet(43)) - raft.grpc.message.size.max = 33570816 (custom)
2019-11-13 22:06:02,517 [main] INFO  server.RaftServerConfigKeys (ConfUtils.java:logGet(43)) - raft.server.log.appender.buffer.byte-limit = 33554432 (custom)
2019-11-13 22:06:02,517 [main] INFO  server.GrpcService (ConfUtils.java:logGet(43)) - raft.grpc.flow.control.window = 1MB (=1048576) (default)
2019-11-13 22:06:02,517 [main] INFO  server.RaftServerConfigKeys (ConfUtils.java:logGet(43)) - raft.server.rpc.request.timeout = 3000ms (default)
2019-11-13 22:06:02,518 [main] INFO  server.RaftServerConfigKeys (ConfUtils.java:logGet(43)) - raft.server.storage.dir = [/workdir/hadoop-ozone/integration-test/target/test-dir/MiniOzoneClusterImpl-7f102aba-c488-44cf-bcdb-425554d335ef/datanode-0/data/ratis] (custom)
2019-11-13 22:06:02,520 [main] INFO  hdfs.DFSUtil (DFSUtil.java:httpServerTemplateForNNAndJN(1641)) - Starting Web-server for hddsDatanode at: http://0.0.0.0:0
2019-11-13 22:06:02,522 [main] INFO  server.AuthenticationFilter (AuthenticationFilter.java:constructSecretProvider(240)) - Unable to initialize FileSignerSecretProvider, falling back to use random secrets.
2019-11-13 22:06:02,522 [main] WARN  http.HttpRequestLog (HttpRequestLog.java:getRequestLog(97)) - Jetty request log can only be enabled using Log4j
2019-11-13 22:06:02,524 [main] INFO  http.HttpServer2 (HttpServer2.java:addGlobalFilter(975)) - Added global filter 'safety' (class=org.apache.hadoop.http.HttpServer2$QuotingInputFilter)
2019-11-13 22:06:02,525 [main] INFO  http.HttpServer2 (HttpServer2.java:addFilter(948)) - Added filter static_user_filter (class=org.apache.hadoop.http.lib.StaticUserWebFilter$StaticUserFilter) to context hddsDatanode
2019-11-13 22:06:02,525 [main] INFO  http.HttpServer2 (HttpServer2.java:addFilter(958)) - Added filter static_user_filter (class=org.apache.hadoop.http.lib.StaticUserWebFilter$StaticUserFilter) to context logs
2019-11-13 22:06:02,525 [main] INFO  http.HttpServer2 (HttpServer2.java:addFilter(958)) - Added filter static_user_filter (class=org.apache.hadoop.http.lib.StaticUserWebFilter$StaticUserFilter) to context static
2019-11-13 22:06:02,526 [main] INFO  http.HttpServer2 (HttpServer2.java:bindListener(1191)) - Jetty bound to port 42574
2019-11-13 22:06:02,526 [main] INFO  server.Server (Server.java:doStart(351)) - jetty-9.3.25.v20180904, build timestamp: 2018-09-04T21:11:46Z, git hash: 3ce520221d0240229c862b122d2b06c12a625732
2019-11-13 22:06:02,527 [main] INFO  handler.ContextHandler (ContextHandler.java:doStart(781)) - Started o.e.j.s.ServletContextHandler@1e1eeedd{/logs,file:///workdir/hadoop-ozone/integration-test/target/log,AVAILABLE}
2019-11-13 22:06:02,528 [main] INFO  handler.ContextHandler (ContextHandler.java:doStart(781)) - Started o.e.j.s.ServletContextHandler@7ec95456{/static,jar:file:/home/user/.m2/repository/org/apache/hadoop/hadoop-hdds-container-service/0.5.0-SNAPSHOT/hadoop-hdds-container-service-0.5.0-SNAPSHOT.jar!/webapps/static,AVAILABLE}
2019-11-13 22:06:02,557 [main] INFO  handler.ContextHandler (ContextHandler.java:doStart(781)) - Started o.e.j.w.WebAppContext@4a92c6a9{/,file:///tmp/jetty-0.0.0.0-42574-hddsDatanode-_-any-1898898474971174015.dir/webapp/,AVAILABLE}{/hddsDatanode}
2019-11-13 22:06:02,557 [main] INFO  server.AbstractConnector (AbstractConnector.java:doStart(278)) - Started ServerConnector@5c9934da{HTTP/1.1,[http/1.1]}{0.0.0.0:42574}
2019-11-13 22:06:02,559 [main] INFO  server.Server (Server.java:doStart(419)) - Started @50757ms
2019-11-13 22:06:02,559 [main] WARN  impl.MetricsSystemImpl (MetricsSystemImpl.java:register(276)) - Sink prometheus already exists!
2019-11-13 22:06:02,560 [main] INFO  server.BaseHttpServer (BaseHttpServer.java:updateConnectorAddress(215)) - HTTP server of HDDSDATANODE is listening at http://0.0.0.0:42574
2019-11-13 22:06:02,561 [main] INFO  impl.MetricsSystemImpl (MetricsSystemImpl.java:init(158)) - HddsDatanode metrics system started (again)
2019-11-13 22:06:02,564 [org.apache.hadoop.util.JvmPauseMonitor$Monitor@42f46ff9] INFO  util.JvmPauseMonitor (JvmPauseMonitor.java:run(188)) - Starting JVM pause monitor
2019-11-13 22:06:02,565 [main] INFO  ozone.HddsDatanodeService (HddsDatanodeService.java:start(186)) - HddsDatanodeService host:pr-hdds-2471-vxr4w-2980416436 ip:192.168.164.237
2019-11-13 22:06:02,567 [Datanode State Machine Thread - 0] INFO  datanode.InitDatanodeState (InitDatanodeState.java:persistContainerDatanodeDetails(140)) - DatanodeDetails is persisted to /workdir/hadoop-ozone/integration-test/target/test-dir/MiniOzoneClusterImpl-7f102aba-c488-44cf-bcdb-425554d335ef/datanode-0/meta/datanode.id
2019-11-13 22:06:02,572 [main] INFO  volume.HddsVolume (HddsVolume.java:<init>(176)) - Creating Volume: /workdir/hadoop-ozone/integration-test/target/test-dir/MiniOzoneClusterImpl-7f102aba-c488-44cf-bcdb-425554d335ef/datanode-1/data/containers/hdds of  storage type : DISK and capacity : 1482555576320
2019-11-13 22:06:02,573 [main] INFO  volume.VolumeSet (VolumeSet.java:initializeVolumeSet(170)) - Added Volume : /workdir/hadoop-ozone/integration-test/target/test-dir/MiniOzoneClusterImpl-7f102aba-c488-44cf-bcdb-425554d335ef/datanode-1/data/containers/hdds to VolumeSet
2019-11-13 22:06:02,574 [main] INFO  volume.ThrottledAsyncChecker (ThrottledAsyncChecker.java:schedule(141)) - Scheduling a check for /workdir/hadoop-ozone/integration-test/target/test-dir/MiniOzoneClusterImpl-7f102aba-c488-44cf-bcdb-425554d335ef/datanode-1/data/containers/hdds
2019-11-13 22:06:02,574 [main] INFO  volume.HddsVolumeChecker (HddsVolumeChecker.java:checkAllVolumes(204)) - Scheduled health check for volume /workdir/hadoop-ozone/integration-test/target/test-dir/MiniOzoneClusterImpl-7f102aba-c488-44cf-bcdb-425554d335ef/datanode-1/data/containers/hdds
2019-11-13 22:06:02,596 [main] INFO  impl.RaftServerProxy (ConfUtils.java:logGet(43)) - raft.rpc.type = GRPC (default)
2019-11-13 22:06:02,597 [main] INFO  grpc.GrpcFactory (GrpcFactory.java:checkPooledByteBufAllocatorUseCacheForAllThreads(45)) - PERFORMANCE WARNING: useCacheForAllThreads is true that may cause Netty to create a lot garbage objects and, as a result, trigger GC.
	It is recommended to disable useCacheForAllThreads by setting -Dorg.apache.ratis.thirdparty.io.netty.allocator.useCacheForAllThreads=false in command line.
2019-11-13 22:06:02,597 [main] INFO  grpc.GrpcConfigKeys$Server (ConfUtils.java:logGet(43)) - raft.grpc.server.port = 0 (default)
2019-11-13 22:06:02,597 [main] INFO  server.GrpcService (ConfUtils.java:logGet(43)) - raft.grpc.message.size.max = 33570816 (custom)
2019-11-13 22:06:02,597 [main] INFO  server.RaftServerConfigKeys (ConfUtils.java:logGet(43)) - raft.server.log.appender.buffer.byte-limit = 33554432 (custom)
2019-11-13 22:06:02,597 [main] INFO  server.GrpcService (ConfUtils.java:logGet(43)) - raft.grpc.flow.control.window = 1MB (=1048576) (default)
2019-11-13 22:06:02,598 [main] INFO  server.RaftServerConfigKeys (ConfUtils.java:logGet(43)) - raft.server.rpc.request.timeout = 3000ms (default)
2019-11-13 22:06:02,598 [main] INFO  server.RaftServerConfigKeys (ConfUtils.java:logGet(43)) - raft.server.storage.dir = [/workdir/hadoop-ozone/integration-test/target/test-dir/MiniOzoneClusterImpl-7f102aba-c488-44cf-bcdb-425554d335ef/datanode-1/data/ratis] (custom)
2019-11-13 22:06:02,600 [main] INFO  hdfs.DFSUtil (DFSUtil.java:httpServerTemplateForNNAndJN(1641)) - Starting Web-server for hddsDatanode at: http://0.0.0.0:0
2019-11-13 22:06:02,603 [main] INFO  server.AuthenticationFilter (AuthenticationFilter.java:constructSecretProvider(240)) - Unable to initialize FileSignerSecretProvider, falling back to use random secrets.
2019-11-13 22:06:02,603 [main] WARN  http.HttpRequestLog (HttpRequestLog.java:getRequestLog(97)) - Jetty request log can only be enabled using Log4j
2019-11-13 22:06:02,605 [main] INFO  http.HttpServer2 (HttpServer2.java:addGlobalFilter(975)) - Added global filter 'safety' (class=org.apache.hadoop.http.HttpServer2$QuotingInputFilter)
2019-11-13 22:06:02,606 [main] INFO  http.HttpServer2 (HttpServer2.java:addFilter(948)) - Added filter static_user_filter (class=org.apache.hadoop.http.lib.StaticUserWebFilter$StaticUserFilter) to context hddsDatanode
2019-11-13 22:06:02,606 [main] INFO  http.HttpServer2 (HttpServer2.java:addFilter(958)) - Added filter static_user_filter (class=org.apache.hadoop.http.lib.StaticUserWebFilter$StaticUserFilter) to context logs
2019-11-13 22:06:02,606 [main] INFO  http.HttpServer2 (HttpServer2.java:addFilter(958)) - Added filter static_user_filter (class=org.apache.hadoop.http.lib.StaticUserWebFilter$StaticUserFilter) to context static
2019-11-13 22:06:02,607 [main] INFO  http.HttpServer2 (HttpServer2.java:bindListener(1191)) - Jetty bound to port 35938
2019-11-13 22:06:02,608 [main] INFO  server.Server (Server.java:doStart(351)) - jetty-9.3.25.v20180904, build timestamp: 2018-09-04T21:11:46Z, git hash: 3ce520221d0240229c862b122d2b06c12a625732
2019-11-13 22:06:02,610 [main] INFO  handler.ContextHandler (ContextHandler.java:doStart(781)) - Started o.e.j.s.ServletContextHandler@558b4942{/logs,file:///workdir/hadoop-ozone/integration-test/target/log,AVAILABLE}
2019-11-13 22:06:02,611 [main] INFO  handler.ContextHandler (ContextHandler.java:doStart(781)) - Started o.e.j.s.ServletContextHandler@70025b99{/static,jar:file:/home/user/.m2/repository/org/apache/hadoop/hadoop-hdds-container-service/0.5.0-SNAPSHOT/hadoop-hdds-container-service-0.5.0-SNAPSHOT.jar!/webapps/static,AVAILABLE}
2019-11-13 22:06:02,651 [main] INFO  handler.ContextHandler (ContextHandler.java:doStart(781)) - Started o.e.j.w.WebAppContext@2ceee4b6{/,file:///tmp/jetty-0.0.0.0-35938-hddsDatanode-_-any-8970225953700210819.dir/webapp/,AVAILABLE}{/hddsDatanode}
2019-11-13 22:06:02,651 [main] INFO  server.AbstractConnector (AbstractConnector.java:doStart(278)) - Started ServerConnector@12a470dd{HTTP/1.1,[http/1.1]}{0.0.0.0:35938}
2019-11-13 22:06:02,652 [main] INFO  server.Server (Server.java:doStart(419)) - Started @50850ms
2019-11-13 22:06:02,652 [main] WARN  impl.MetricsSystemImpl (MetricsSystemImpl.java:register(276)) - Sink prometheus already exists!
2019-11-13 22:06:02,653 [main] INFO  server.BaseHttpServer (BaseHttpServer.java:updateConnectorAddress(215)) - HTTP server of HDDSDATANODE is listening at http://0.0.0.0:35938
2019-11-13 22:06:02,654 [main] INFO  impl.MetricsSystemImpl (MetricsSystemImpl.java:init(158)) - HddsDatanode metrics system started (again)
2019-11-13 22:06:02,658 [main] INFO  ozone.HddsDatanodeService (HddsDatanodeService.java:start(186)) - HddsDatanodeService host:pr-hdds-2471-vxr4w-2980416436 ip:192.168.164.237
2019-11-13 22:06:02,658 [org.apache.hadoop.util.JvmPauseMonitor$Monitor@67259503] INFO  util.JvmPauseMonitor (JvmPauseMonitor.java:run(188)) - Starting JVM pause monitor
2019-11-13 22:06:02,660 [Datanode State Machine Thread - 0] INFO  datanode.InitDatanodeState (InitDatanodeState.java:persistContainerDatanodeDetails(140)) - DatanodeDetails is persisted to /workdir/hadoop-ozone/integration-test/target/test-dir/MiniOzoneClusterImpl-7f102aba-c488-44cf-bcdb-425554d335ef/datanode-1/meta/datanode.id
2019-11-13 22:06:02,664 [main] INFO  volume.HddsVolume (HddsVolume.java:<init>(176)) - Creating Volume: /workdir/hadoop-ozone/integration-test/target/test-dir/MiniOzoneClusterImpl-7f102aba-c488-44cf-bcdb-425554d335ef/datanode-2/data/containers/hdds of  storage type : DISK and capacity : 1482555576320
2019-11-13 22:06:02,665 [main] INFO  volume.VolumeSet (VolumeSet.java:initializeVolumeSet(170)) - Added Volume : /workdir/hadoop-ozone/integration-test/target/test-dir/MiniOzoneClusterImpl-7f102aba-c488-44cf-bcdb-425554d335ef/datanode-2/data/containers/hdds to VolumeSet
2019-11-13 22:06:02,665 [main] INFO  volume.ThrottledAsyncChecker (ThrottledAsyncChecker.java:schedule(141)) - Scheduling a check for /workdir/hadoop-ozone/integration-test/target/test-dir/MiniOzoneClusterImpl-7f102aba-c488-44cf-bcdb-425554d335ef/datanode-2/data/containers/hdds
2019-11-13 22:06:02,665 [main] INFO  volume.HddsVolumeChecker (HddsVolumeChecker.java:checkAllVolumes(204)) - Scheduled health check for volume /workdir/hadoop-ozone/integration-test/target/test-dir/MiniOzoneClusterImpl-7f102aba-c488-44cf-bcdb-425554d335ef/datanode-2/data/containers/hdds
2019-11-13 22:06:02,677 [main] INFO  impl.RaftServerProxy (ConfUtils.java:logGet(43)) - raft.rpc.type = GRPC (default)
2019-11-13 22:06:02,678 [main] INFO  grpc.GrpcFactory (GrpcFactory.java:checkPooledByteBufAllocatorUseCacheForAllThreads(45)) - PERFORMANCE WARNING: useCacheForAllThreads is true that may cause Netty to create a lot garbage objects and, as a result, trigger GC.
	It is recommended to disable useCacheForAllThreads by setting -Dorg.apache.ratis.thirdparty.io.netty.allocator.useCacheForAllThreads=false in command line.
2019-11-13 22:06:02,678 [main] INFO  grpc.GrpcConfigKeys$Server (ConfUtils.java:logGet(43)) - raft.grpc.server.port = 0 (default)
2019-11-13 22:06:02,678 [main] INFO  server.GrpcService (ConfUtils.java:logGet(43)) - raft.grpc.message.size.max = 33570816 (custom)
2019-11-13 22:06:02,678 [main] INFO  server.RaftServerConfigKeys (ConfUtils.java:logGet(43)) - raft.server.log.appender.buffer.byte-limit = 33554432 (custom)
2019-11-13 22:06:02,678 [main] INFO  server.GrpcService (ConfUtils.java:logGet(43)) - raft.grpc.flow.control.window = 1MB (=1048576) (default)
2019-11-13 22:06:02,678 [main] INFO  server.RaftServerConfigKeys (ConfUtils.java:logGet(43)) - raft.server.rpc.request.timeout = 3000ms (default)
2019-11-13 22:06:02,679 [main] INFO  server.RaftServerConfigKeys (ConfUtils.java:logGet(43)) - raft.server.storage.dir = [/workdir/hadoop-ozone/integration-test/target/test-dir/MiniOzoneClusterImpl-7f102aba-c488-44cf-bcdb-425554d335ef/datanode-2/data/ratis] (custom)
2019-11-13 22:06:02,680 [main] INFO  hdfs.DFSUtil (DFSUtil.java:httpServerTemplateForNNAndJN(1641)) - Starting Web-server for hddsDatanode at: http://0.0.0.0:0
2019-11-13 22:06:02,682 [main] INFO  server.AuthenticationFilter (AuthenticationFilter.java:constructSecretProvider(240)) - Unable to initialize FileSignerSecretProvider, falling back to use random secrets.
2019-11-13 22:06:02,682 [main] WARN  http.HttpRequestLog (HttpRequestLog.java:getRequestLog(97)) - Jetty request log can only be enabled using Log4j
2019-11-13 22:06:02,683 [main] INFO  http.HttpServer2 (HttpServer2.java:addGlobalFilter(975)) - Added global filter 'safety' (class=org.apache.hadoop.http.HttpServer2$QuotingInputFilter)
2019-11-13 22:06:02,684 [main] INFO  http.HttpServer2 (HttpServer2.java:addFilter(948)) - Added filter static_user_filter (class=org.apache.hadoop.http.lib.StaticUserWebFilter$StaticUserFilter) to context hddsDatanode
2019-11-13 22:06:02,684 [main] INFO  http.HttpServer2 (HttpServer2.java:addFilter(958)) - Added filter static_user_filter (class=org.apache.hadoop.http.lib.StaticUserWebFilter$StaticUserFilter) to context logs
2019-11-13 22:06:02,684 [main] INFO  http.HttpServer2 (HttpServer2.java:addFilter(958)) - Added filter static_user_filter (class=org.apache.hadoop.http.lib.StaticUserWebFilter$StaticUserFilter) to context static
2019-11-13 22:06:02,685 [main] INFO  http.HttpServer2 (HttpServer2.java:bindListener(1191)) - Jetty bound to port 43003
2019-11-13 22:06:02,685 [main] INFO  server.Server (Server.java:doStart(351)) - jetty-9.3.25.v20180904, build timestamp: 2018-09-04T21:11:46Z, git hash: 3ce520221d0240229c862b122d2b06c12a625732
2019-11-13 22:06:02,687 [main] INFO  handler.ContextHandler (ContextHandler.java:doStart(781)) - Started o.e.j.s.ServletContextHandler@46dcbeab{/logs,file:///workdir/hadoop-ozone/integration-test/target/log,AVAILABLE}
2019-11-13 22:06:02,687 [main] INFO  handler.ContextHandler (ContextHandler.java:doStart(781)) - Started o.e.j.s.ServletContextHandler@152c4495{/static,jar:file:/home/user/.m2/repository/org/apache/hadoop/hadoop-hdds-container-service/0.5.0-SNAPSHOT/hadoop-hdds-container-service-0.5.0-SNAPSHOT.jar!/webapps/static,AVAILABLE}
2019-11-13 22:06:02,716 [main] INFO  handler.ContextHandler (ContextHandler.java:doStart(781)) - Started o.e.j.w.WebAppContext@fb0a08c{/,file:///tmp/jetty-0.0.0.0-43003-hddsDatanode-_-any-6515511398430864241.dir/webapp/,AVAILABLE}{/hddsDatanode}
2019-11-13 22:06:02,717 [main] INFO  server.AbstractConnector (AbstractConnector.java:doStart(278)) - Started ServerConnector@1faf386c{HTTP/1.1,[http/1.1]}{0.0.0.0:43003}
2019-11-13 22:06:02,718 [main] INFO  server.Server (Server.java:doStart(419)) - Started @50916ms
2019-11-13 22:06:02,718 [main] WARN  impl.MetricsSystemImpl (MetricsSystemImpl.java:register(276)) - Sink prometheus already exists!
2019-11-13 22:06:02,719 [main] INFO  server.BaseHttpServer (BaseHttpServer.java:updateConnectorAddress(215)) - HTTP server of HDDSDATANODE is listening at http://0.0.0.0:43003
2019-11-13 22:06:02,720 [main] INFO  impl.MetricsSystemImpl (MetricsSystemImpl.java:init(158)) - HddsDatanode metrics system started (again)
2019-11-13 22:06:02,725 [org.apache.hadoop.util.JvmPauseMonitor$Monitor@2c88a244] INFO  util.JvmPauseMonitor (JvmPauseMonitor.java:run(188)) - Starting JVM pause monitor
2019-11-13 22:06:02,726 [main] INFO  ozone.HddsDatanodeService (HddsDatanodeService.java:start(186)) - HddsDatanodeService host:pr-hdds-2471-vxr4w-2980416436 ip:192.168.164.237
2019-11-13 22:06:02,727 [Datanode State Machine Thread - 0] INFO  datanode.InitDatanodeState (InitDatanodeState.java:persistContainerDatanodeDetails(140)) - DatanodeDetails is persisted to /workdir/hadoop-ozone/integration-test/target/test-dir/MiniOzoneClusterImpl-7f102aba-c488-44cf-bcdb-425554d335ef/datanode-2/meta/datanode.id
2019-11-13 22:06:02,734 [main] INFO  volume.HddsVolume (HddsVolume.java:<init>(176)) - Creating Volume: /workdir/hadoop-ozone/integration-test/target/test-dir/MiniOzoneClusterImpl-7f102aba-c488-44cf-bcdb-425554d335ef/datanode-3/data/containers/hdds of  storage type : DISK and capacity : 1482555576320
2019-11-13 22:06:02,734 [main] INFO  volume.VolumeSet (VolumeSet.java:initializeVolumeSet(170)) - Added Volume : /workdir/hadoop-ozone/integration-test/target/test-dir/MiniOzoneClusterImpl-7f102aba-c488-44cf-bcdb-425554d335ef/datanode-3/data/containers/hdds to VolumeSet
2019-11-13 22:06:02,734 [main] INFO  volume.ThrottledAsyncChecker (ThrottledAsyncChecker.java:schedule(141)) - Scheduling a check for /workdir/hadoop-ozone/integration-test/target/test-dir/MiniOzoneClusterImpl-7f102aba-c488-44cf-bcdb-425554d335ef/datanode-3/data/containers/hdds
2019-11-13 22:06:02,735 [main] INFO  volume.HddsVolumeChecker (HddsVolumeChecker.java:checkAllVolumes(204)) - Scheduled health check for volume /workdir/hadoop-ozone/integration-test/target/test-dir/MiniOzoneClusterImpl-7f102aba-c488-44cf-bcdb-425554d335ef/datanode-3/data/containers/hdds
2019-11-13 22:06:02,753 [main] INFO  impl.RaftServerProxy (ConfUtils.java:logGet(43)) - raft.rpc.type = GRPC (default)
2019-11-13 22:06:02,753 [main] INFO  grpc.GrpcFactory (GrpcFactory.java:checkPooledByteBufAllocatorUseCacheForAllThreads(45)) - PERFORMANCE WARNING: useCacheForAllThreads is true that may cause Netty to create a lot garbage objects and, as a result, trigger GC.
	It is recommended to disable useCacheForAllThreads by setting -Dorg.apache.ratis.thirdparty.io.netty.allocator.useCacheForAllThreads=false in command line.
2019-11-13 22:06:02,753 [main] INFO  grpc.GrpcConfigKeys$Server (ConfUtils.java:logGet(43)) - raft.grpc.server.port = 0 (default)
2019-11-13 22:06:02,754 [main] INFO  server.GrpcService (ConfUtils.java:logGet(43)) - raft.grpc.message.size.max = 33570816 (custom)
2019-11-13 22:06:02,754 [main] INFO  server.RaftServerConfigKeys (ConfUtils.java:logGet(43)) - raft.server.log.appender.buffer.byte-limit = 33554432 (custom)
2019-11-13 22:06:02,754 [main] INFO  server.GrpcService (ConfUtils.java:logGet(43)) - raft.grpc.flow.control.window = 1MB (=1048576) (default)
2019-11-13 22:06:02,754 [main] INFO  server.RaftServerConfigKeys (ConfUtils.java:logGet(43)) - raft.server.rpc.request.timeout = 3000ms (default)
2019-11-13 22:06:02,755 [main] INFO  server.RaftServerConfigKeys (ConfUtils.java:logGet(43)) - raft.server.storage.dir = [/workdir/hadoop-ozone/integration-test/target/test-dir/MiniOzoneClusterImpl-7f102aba-c488-44cf-bcdb-425554d335ef/datanode-3/data/ratis] (custom)
2019-11-13 22:06:02,757 [main] INFO  hdfs.DFSUtil (DFSUtil.java:httpServerTemplateForNNAndJN(1641)) - Starting Web-server for hddsDatanode at: http://0.0.0.0:0
2019-11-13 22:06:02,758 [main] INFO  server.AuthenticationFilter (AuthenticationFilter.java:constructSecretProvider(240)) - Unable to initialize FileSignerSecretProvider, falling back to use random secrets.
2019-11-13 22:06:02,759 [main] WARN  http.HttpRequestLog (HttpRequestLog.java:getRequestLog(97)) - Jetty request log can only be enabled using Log4j
2019-11-13 22:06:02,761 [main] INFO  http.HttpServer2 (HttpServer2.java:addGlobalFilter(975)) - Added global filter 'safety' (class=org.apache.hadoop.http.HttpServer2$QuotingInputFilter)
2019-11-13 22:06:02,761 [main] INFO  http.HttpServer2 (HttpServer2.java:addFilter(948)) - Added filter static_user_filter (class=org.apache.hadoop.http.lib.StaticUserWebFilter$StaticUserFilter) to context hddsDatanode
2019-11-13 22:06:02,761 [main] INFO  http.HttpServer2 (HttpServer2.java:addFilter(958)) - Added filter static_user_filter (class=org.apache.hadoop.http.lib.StaticUserWebFilter$StaticUserFilter) to context logs
2019-11-13 22:06:02,761 [main] INFO  http.HttpServer2 (HttpServer2.java:addFilter(958)) - Added filter static_user_filter (class=org.apache.hadoop.http.lib.StaticUserWebFilter$StaticUserFilter) to context static
2019-11-13 22:06:02,762 [main] INFO  http.HttpServer2 (HttpServer2.java:bindListener(1191)) - Jetty bound to port 42479
2019-11-13 22:06:02,762 [main] INFO  server.Server (Server.java:doStart(351)) - jetty-9.3.25.v20180904, build timestamp: 2018-09-04T21:11:46Z, git hash: 3ce520221d0240229c862b122d2b06c12a625732
2019-11-13 22:06:02,764 [main] INFO  handler.ContextHandler (ContextHandler.java:doStart(781)) - Started o.e.j.s.ServletContextHandler@4dde8976{/logs,file:///workdir/hadoop-ozone/integration-test/target/log,AVAILABLE}
2019-11-13 22:06:02,765 [main] INFO  handler.ContextHandler (ContextHandler.java:doStart(781)) - Started o.e.j.s.ServletContextHandler@3b4825f0{/static,jar:file:/home/user/.m2/repository/org/apache/hadoop/hadoop-hdds-container-service/0.5.0-SNAPSHOT/hadoop-hdds-container-service-0.5.0-SNAPSHOT.jar!/webapps/static,AVAILABLE}
2019-11-13 22:06:02,795 [main] INFO  handler.ContextHandler (ContextHandler.java:doStart(781)) - Started o.e.j.w.WebAppContext@35ef439e{/,file:///tmp/jetty-0.0.0.0-42479-hddsDatanode-_-any-7505263586715284873.dir/webapp/,AVAILABLE}{/hddsDatanode}
2019-11-13 22:06:02,795 [main] INFO  server.AbstractConnector (AbstractConnector.java:doStart(278)) - Started ServerConnector@4997552e{HTTP/1.1,[http/1.1]}{0.0.0.0:42479}
2019-11-13 22:06:02,796 [main] INFO  server.Server (Server.java:doStart(419)) - Started @50994ms
2019-11-13 22:06:02,796 [main] WARN  impl.MetricsSystemImpl (MetricsSystemImpl.java:register(276)) - Sink prometheus already exists!
2019-11-13 22:06:02,797 [main] INFO  server.BaseHttpServer (BaseHttpServer.java:updateConnectorAddress(215)) - HTTP server of HDDSDATANODE is listening at http://0.0.0.0:42479
2019-11-13 22:06:02,798 [main] INFO  impl.MetricsSystemImpl (MetricsSystemImpl.java:init(158)) - HddsDatanode metrics system started (again)
2019-11-13 22:06:02,803 [org.apache.hadoop.util.JvmPauseMonitor$Monitor@4b6b83a5] INFO  util.JvmPauseMonitor (JvmPauseMonitor.java:run(188)) - Starting JVM pause monitor
2019-11-13 22:06:02,804 [main] INFO  ozone.HddsDatanodeService (HddsDatanodeService.java:start(186)) - HddsDatanodeService host:pr-hdds-2471-vxr4w-2980416436 ip:192.168.164.237
2019-11-13 22:06:02,805 [Datanode State Machine Thread - 0] INFO  datanode.InitDatanodeState (InitDatanodeState.java:persistContainerDatanodeDetails(140)) - DatanodeDetails is persisted to /workdir/hadoop-ozone/integration-test/target/test-dir/MiniOzoneClusterImpl-7f102aba-c488-44cf-bcdb-425554d335ef/datanode-3/meta/datanode.id
2019-11-13 22:06:02,813 [main] INFO  volume.HddsVolume (HddsVolume.java:<init>(176)) - Creating Volume: /workdir/hadoop-ozone/integration-test/target/test-dir/MiniOzoneClusterImpl-7f102aba-c488-44cf-bcdb-425554d335ef/datanode-4/data/containers/hdds of  storage type : DISK and capacity : 1482555576320
2019-11-13 22:06:02,813 [main] INFO  volume.VolumeSet (VolumeSet.java:initializeVolumeSet(170)) - Added Volume : /workdir/hadoop-ozone/integration-test/target/test-dir/MiniOzoneClusterImpl-7f102aba-c488-44cf-bcdb-425554d335ef/datanode-4/data/containers/hdds to VolumeSet
2019-11-13 22:06:02,814 [main] INFO  volume.ThrottledAsyncChecker (ThrottledAsyncChecker.java:schedule(141)) - Scheduling a check for /workdir/hadoop-ozone/integration-test/target/test-dir/MiniOzoneClusterImpl-7f102aba-c488-44cf-bcdb-425554d335ef/datanode-4/data/containers/hdds
2019-11-13 22:06:02,814 [main] INFO  volume.HddsVolumeChecker (HddsVolumeChecker.java:checkAllVolumes(204)) - Scheduled health check for volume /workdir/hadoop-ozone/integration-test/target/test-dir/MiniOzoneClusterImpl-7f102aba-c488-44cf-bcdb-425554d335ef/datanode-4/data/containers/hdds
2019-11-13 22:06:02,836 [main] INFO  impl.RaftServerProxy (ConfUtils.java:logGet(43)) - raft.rpc.type = GRPC (default)
2019-11-13 22:06:02,836 [main] INFO  grpc.GrpcFactory (GrpcFactory.java:checkPooledByteBufAllocatorUseCacheForAllThreads(45)) - PERFORMANCE WARNING: useCacheForAllThreads is true that may cause Netty to create a lot garbage objects and, as a result, trigger GC.
	It is recommended to disable useCacheForAllThreads by setting -Dorg.apache.ratis.thirdparty.io.netty.allocator.useCacheForAllThreads=false in command line.
2019-11-13 22:06:02,836 [main] INFO  grpc.GrpcConfigKeys$Server (ConfUtils.java:logGet(43)) - raft.grpc.server.port = 0 (default)
2019-11-13 22:06:02,837 [main] INFO  server.GrpcService (ConfUtils.java:logGet(43)) - raft.grpc.message.size.max = 33570816 (custom)
2019-11-13 22:06:02,837 [main] INFO  server.RaftServerConfigKeys (ConfUtils.java:logGet(43)) - raft.server.log.appender.buffer.byte-limit = 33554432 (custom)
2019-11-13 22:06:02,837 [main] INFO  server.GrpcService (ConfUtils.java:logGet(43)) - raft.grpc.flow.control.window = 1MB (=1048576) (default)
2019-11-13 22:06:02,837 [main] INFO  server.RaftServerConfigKeys (ConfUtils.java:logGet(43)) - raft.server.rpc.request.timeout = 3000ms (default)
2019-11-13 22:06:02,838 [main] INFO  server.RaftServerConfigKeys (ConfUtils.java:logGet(43)) - raft.server.storage.dir = [/workdir/hadoop-ozone/integration-test/target/test-dir/MiniOzoneClusterImpl-7f102aba-c488-44cf-bcdb-425554d335ef/datanode-4/data/ratis] (custom)
2019-11-13 22:06:02,840 [main] INFO  hdfs.DFSUtil (DFSUtil.java:httpServerTemplateForNNAndJN(1641)) - Starting Web-server for hddsDatanode at: http://0.0.0.0:0
2019-11-13 22:06:02,842 [main] INFO  server.AuthenticationFilter (AuthenticationFilter.java:constructSecretProvider(240)) - Unable to initialize FileSignerSecretProvider, falling back to use random secrets.
2019-11-13 22:06:02,843 [main] WARN  http.HttpRequestLog (HttpRequestLog.java:getRequestLog(97)) - Jetty request log can only be enabled using Log4j
2019-11-13 22:06:02,845 [main] INFO  http.HttpServer2 (HttpServer2.java:addGlobalFilter(975)) - Added global filter 'safety' (class=org.apache.hadoop.http.HttpServer2$QuotingInputFilter)
2019-11-13 22:06:02,845 [main] INFO  http.HttpServer2 (HttpServer2.java:addFilter(948)) - Added filter static_user_filter (class=org.apache.hadoop.http.lib.StaticUserWebFilter$StaticUserFilter) to context hddsDatanode
2019-11-13 22:06:02,846 [main] INFO  http.HttpServer2 (HttpServer2.java:addFilter(958)) - Added filter static_user_filter (class=org.apache.hadoop.http.lib.StaticUserWebFilter$StaticUserFilter) to context static
2019-11-13 22:06:02,846 [main] INFO  http.HttpServer2 (HttpServer2.java:addFilter(958)) - Added filter static_user_filter (class=org.apache.hadoop.http.lib.StaticUserWebFilter$StaticUserFilter) to context logs
2019-11-13 22:06:02,847 [main] INFO  http.HttpServer2 (HttpServer2.java:bindListener(1191)) - Jetty bound to port 38515
2019-11-13 22:06:02,847 [main] INFO  server.Server (Server.java:doStart(351)) - jetty-9.3.25.v20180904, build timestamp: 2018-09-04T21:11:46Z, git hash: 3ce520221d0240229c862b122d2b06c12a625732
2019-11-13 22:06:02,849 [main] INFO  handler.ContextHandler (ContextHandler.java:doStart(781)) - Started o.e.j.s.ServletContextHandler@6361b799{/logs,file:///workdir/hadoop-ozone/integration-test/target/log,AVAILABLE}
2019-11-13 22:06:02,850 [main] INFO  handler.ContextHandler (ContextHandler.java:doStart(781)) - Started o.e.j.s.ServletContextHandler@d919544{/static,jar:file:/home/user/.m2/repository/org/apache/hadoop/hadoop-hdds-container-service/0.5.0-SNAPSHOT/hadoop-hdds-container-service-0.5.0-SNAPSHOT.jar!/webapps/static,AVAILABLE}
2019-11-13 22:06:02,880 [main] INFO  handler.ContextHandler (ContextHandler.java:doStart(781)) - Started o.e.j.w.WebAppContext@2007435e{/,file:///tmp/jetty-0.0.0.0-38515-hddsDatanode-_-any-4894223575308405353.dir/webapp/,AVAILABLE}{/hddsDatanode}
2019-11-13 22:06:02,881 [main] INFO  server.AbstractConnector (AbstractConnector.java:doStart(278)) - Started ServerConnector@da28d03{HTTP/1.1,[http/1.1]}{0.0.0.0:38515}
2019-11-13 22:06:02,881 [main] INFO  server.Server (Server.java:doStart(419)) - Started @51080ms
2019-11-13 22:06:02,882 [main] WARN  impl.MetricsSystemImpl (MetricsSystemImpl.java:register(276)) - Sink prometheus already exists!
2019-11-13 22:06:02,882 [main] INFO  server.BaseHttpServer (BaseHttpServer.java:updateConnectorAddress(215)) - HTTP server of HDDSDATANODE is listening at http://0.0.0.0:38515
2019-11-13 22:06:02,883 [main] INFO  impl.MetricsSystemImpl (MetricsSystemImpl.java:init(158)) - HddsDatanode metrics system started (again)
2019-11-13 22:06:02,887 [main] INFO  ozone.HddsDatanodeService (HddsDatanodeService.java:start(186)) - HddsDatanodeService host:pr-hdds-2471-vxr4w-2980416436 ip:192.168.164.237
2019-11-13 22:06:02,887 [org.apache.hadoop.util.JvmPauseMonitor$Monitor@785d8ab3] INFO  util.JvmPauseMonitor (JvmPauseMonitor.java:run(188)) - Starting JVM pause monitor
2019-11-13 22:06:02,889 [Datanode State Machine Thread - 0] INFO  datanode.InitDatanodeState (InitDatanodeState.java:persistContainerDatanodeDetails(140)) - DatanodeDetails is persisted to /workdir/hadoop-ozone/integration-test/target/test-dir/MiniOzoneClusterImpl-7f102aba-c488-44cf-bcdb-425554d335ef/datanode-4/meta/datanode.id
2019-11-13 22:06:02,894 [main] INFO  volume.HddsVolume (HddsVolume.java:<init>(176)) - Creating Volume: /workdir/hadoop-ozone/integration-test/target/test-dir/MiniOzoneClusterImpl-7f102aba-c488-44cf-bcdb-425554d335ef/datanode-5/data/containers/hdds of  storage type : DISK and capacity : 1482555576320
2019-11-13 22:06:02,895 [main] INFO  volume.VolumeSet (VolumeSet.java:initializeVolumeSet(170)) - Added Volume : /workdir/hadoop-ozone/integration-test/target/test-dir/MiniOzoneClusterImpl-7f102aba-c488-44cf-bcdb-425554d335ef/datanode-5/data/containers/hdds to VolumeSet
2019-11-13 22:06:02,895 [main] INFO  volume.ThrottledAsyncChecker (ThrottledAsyncChecker.java:schedule(141)) - Scheduling a check for /workdir/hadoop-ozone/integration-test/target/test-dir/MiniOzoneClusterImpl-7f102aba-c488-44cf-bcdb-425554d335ef/datanode-5/data/containers/hdds
2019-11-13 22:06:02,895 [main] INFO  volume.HddsVolumeChecker (HddsVolumeChecker.java:checkAllVolumes(204)) - Scheduled health check for volume /workdir/hadoop-ozone/integration-test/target/test-dir/MiniOzoneClusterImpl-7f102aba-c488-44cf-bcdb-425554d335ef/datanode-5/data/containers/hdds
2019-11-13 22:06:02,908 [main] INFO  impl.RaftServerProxy (ConfUtils.java:logGet(43)) - raft.rpc.type = GRPC (default)
2019-11-13 22:06:02,908 [main] INFO  grpc.GrpcFactory (GrpcFactory.java:checkPooledByteBufAllocatorUseCacheForAllThreads(45)) - PERFORMANCE WARNING: useCacheForAllThreads is true that may cause Netty to create a lot garbage objects and, as a result, trigger GC.
	It is recommended to disable useCacheForAllThreads by setting -Dorg.apache.ratis.thirdparty.io.netty.allocator.useCacheForAllThreads=false in command line.
2019-11-13 22:06:02,909 [main] INFO  grpc.GrpcConfigKeys$Server (ConfUtils.java:logGet(43)) - raft.grpc.server.port = 0 (default)
2019-11-13 22:06:02,909 [main] INFO  server.GrpcService (ConfUtils.java:logGet(43)) - raft.grpc.message.size.max = 33570816 (custom)
2019-11-13 22:06:02,909 [main] INFO  server.RaftServerConfigKeys (ConfUtils.java:logGet(43)) - raft.server.log.appender.buffer.byte-limit = 33554432 (custom)
2019-11-13 22:06:02,909 [main] INFO  server.GrpcService (ConfUtils.java:logGet(43)) - raft.grpc.flow.control.window = 1MB (=1048576) (default)
2019-11-13 22:06:02,909 [main] INFO  server.RaftServerConfigKeys (ConfUtils.java:logGet(43)) - raft.server.rpc.request.timeout = 3000ms (default)
2019-11-13 22:06:02,910 [main] INFO  server.RaftServerConfigKeys (ConfUtils.java:logGet(43)) - raft.server.storage.dir = [/workdir/hadoop-ozone/integration-test/target/test-dir/MiniOzoneClusterImpl-7f102aba-c488-44cf-bcdb-425554d335ef/datanode-5/data/ratis] (custom)
2019-11-13 22:06:02,912 [main] INFO  hdfs.DFSUtil (DFSUtil.java:httpServerTemplateForNNAndJN(1641)) - Starting Web-server for hddsDatanode at: http://0.0.0.0:0
2019-11-13 22:06:02,914 [main] INFO  server.AuthenticationFilter (AuthenticationFilter.java:constructSecretProvider(240)) - Unable to initialize FileSignerSecretProvider, falling back to use random secrets.
2019-11-13 22:06:02,915 [main] WARN  http.HttpRequestLog (HttpRequestLog.java:getRequestLog(97)) - Jetty request log can only be enabled using Log4j
2019-11-13 22:06:02,917 [main] INFO  http.HttpServer2 (HttpServer2.java:addGlobalFilter(975)) - Added global filter 'safety' (class=org.apache.hadoop.http.HttpServer2$QuotingInputFilter)
2019-11-13 22:06:02,918 [main] INFO  http.HttpServer2 (HttpServer2.java:addFilter(948)) - Added filter static_user_filter (class=org.apache.hadoop.http.lib.StaticUserWebFilter$StaticUserFilter) to context hddsDatanode
2019-11-13 22:06:02,918 [main] INFO  http.HttpServer2 (HttpServer2.java:addFilter(958)) - Added filter static_user_filter (class=org.apache.hadoop.http.lib.StaticUserWebFilter$StaticUserFilter) to context logs
2019-11-13 22:06:02,918 [main] INFO  http.HttpServer2 (HttpServer2.java:addFilter(958)) - Added filter static_user_filter (class=org.apache.hadoop.http.lib.StaticUserWebFilter$StaticUserFilter) to context static
2019-11-13 22:06:02,919 [main] INFO  http.HttpServer2 (HttpServer2.java:bindListener(1191)) - Jetty bound to port 36940
2019-11-13 22:06:02,920 [main] INFO  server.Server (Server.java:doStart(351)) - jetty-9.3.25.v20180904, build timestamp: 2018-09-04T21:11:46Z, git hash: 3ce520221d0240229c862b122d2b06c12a625732
2019-11-13 22:06:02,922 [main] INFO  handler.ContextHandler (ContextHandler.java:doStart(781)) - Started o.e.j.s.ServletContextHandler@57ddd45b{/logs,file:///workdir/hadoop-ozone/integration-test/target/log,AVAILABLE}
2019-11-13 22:06:02,923 [main] INFO  handler.ContextHandler (ContextHandler.java:doStart(781)) - Started o.e.j.s.ServletContextHandler@2fb25f4c{/static,jar:file:/home/user/.m2/repository/org/apache/hadoop/hadoop-hdds-container-service/0.5.0-SNAPSHOT/hadoop-hdds-container-service-0.5.0-SNAPSHOT.jar!/webapps/static,AVAILABLE}
2019-11-13 22:06:02,967 [main] INFO  handler.ContextHandler (ContextHandler.java:doStart(781)) - Started o.e.j.w.WebAppContext@59c04bee{/,file:///tmp/jetty-0.0.0.0-36940-hddsDatanode-_-any-357913620414018339.dir/webapp/,AVAILABLE}{/hddsDatanode}
2019-11-13 22:06:02,968 [main] INFO  server.AbstractConnector (AbstractConnector.java:doStart(278)) - Started ServerConnector@45900b64{HTTP/1.1,[http/1.1]}{0.0.0.0:36940}
2019-11-13 22:06:02,969 [main] INFO  server.Server (Server.java:doStart(419)) - Started @51167ms
2019-11-13 22:06:02,969 [main] WARN  impl.MetricsSystemImpl (MetricsSystemImpl.java:register(276)) - Sink prometheus already exists!
2019-11-13 22:06:02,970 [main] INFO  server.BaseHttpServer (BaseHttpServer.java:updateConnectorAddress(215)) - HTTP server of HDDSDATANODE is listening at http://0.0.0.0:36940
2019-11-13 22:06:02,971 [main] INFO  ozone.MiniOzoneClusterImpl (MiniOzoneClusterImpl.java:lambda$waitForClusterToBeReady$2(171)) - Waiting for cluster to be ready. Got 0 of 6 DN Heartbeats.
2019-11-13 22:06:02,974 [org.apache.hadoop.util.JvmPauseMonitor$Monitor@4433c1c5] INFO  util.JvmPauseMonitor (JvmPauseMonitor.java:run(188)) - Starting JVM pause monitor
2019-11-13 22:06:02,978 [Datanode State Machine Thread - 0] INFO  datanode.InitDatanodeState (InitDatanodeState.java:persistContainerDatanodeDetails(140)) - DatanodeDetails is persisted to /workdir/hadoop-ozone/integration-test/target/test-dir/MiniOzoneClusterImpl-7f102aba-c488-44cf-bcdb-425554d335ef/datanode-5/meta/datanode.id
2019-11-13 22:06:03,971 [main] INFO  ozone.MiniOzoneClusterImpl (MiniOzoneClusterImpl.java:lambda$waitForClusterToBeReady$2(171)) - Waiting for cluster to be ready. Got 0 of 6 DN Heartbeats.
2019-11-13 22:06:04,585 [Datanode State Machine Thread - 0] INFO  ozoneimpl.OzoneContainer (OzoneContainer.java:start(230)) - Attempting to start container services.
2019-11-13 22:06:04,586 [Datanode State Machine Thread - 0] INFO  ozoneimpl.OzoneContainer (OzoneContainer.java:startContainerScrub(194)) - Background container scanner has been disabled.
2019-11-13 22:06:04,587 [Datanode State Machine Thread - 0] INFO  ratis.XceiverServerRatis (XceiverServerRatis.java:start(421)) - Starting XceiverServerRatis 5be39b6a-195c-499c-aaae-deebd243d90c at port 0
2019-11-13 22:06:04,594 [Datanode State Machine Thread - 0] INFO  impl.RaftServerProxy (RaftServerProxy.java:lambda$start$3(299)) - 5be39b6a-195c-499c-aaae-deebd243d90c: start RPC server
2019-11-13 22:06:04,596 [Datanode State Machine Thread - 0] INFO  server.GrpcService (GrpcService.java:startImpl(158)) - 5be39b6a-195c-499c-aaae-deebd243d90c: GrpcService started, listening on 0.0.0.0/0.0.0.0:39727
2019-11-13 22:06:04,596 [Datanode State Machine Thread - 0] INFO  ratis.XceiverServerRatis (XceiverServerRatis.java:start(431)) - XceiverServerRatis 5be39b6a-195c-499c-aaae-deebd243d90c is started using port 39727
2019-11-13 22:06:04,597 [Datanode State Machine Thread - 0] INFO  server.XceiverServerGrpc (XceiverServerGrpc.java:start(145)) - XceiverServerGrpc 5be39b6a-195c-499c-aaae-deebd243d90c is started using port 38471
2019-11-13 22:06:04,676 [Datanode State Machine Thread - 0] INFO  ozoneimpl.OzoneContainer (OzoneContainer.java:start(230)) - Attempting to start container services.
2019-11-13 22:06:04,677 [Datanode State Machine Thread - 0] INFO  ozoneimpl.OzoneContainer (OzoneContainer.java:startContainerScrub(194)) - Background container scanner has been disabled.
2019-11-13 22:06:04,677 [Datanode State Machine Thread - 0] INFO  ratis.XceiverServerRatis (XceiverServerRatis.java:start(421)) - Starting XceiverServerRatis d9ec6d9b-9212-4a70-b93c-d3980a23303d at port 0
2019-11-13 22:06:04,684 [Datanode State Machine Thread - 0] INFO  impl.RaftServerProxy (RaftServerProxy.java:lambda$start$3(299)) - d9ec6d9b-9212-4a70-b93c-d3980a23303d: start RPC server
2019-11-13 22:06:04,686 [Datanode State Machine Thread - 0] INFO  server.GrpcService (GrpcService.java:startImpl(158)) - d9ec6d9b-9212-4a70-b93c-d3980a23303d: GrpcService started, listening on 0.0.0.0/0.0.0.0:34242
2019-11-13 22:06:04,686 [Datanode State Machine Thread - 0] INFO  ratis.XceiverServerRatis (XceiverServerRatis.java:start(431)) - XceiverServerRatis d9ec6d9b-9212-4a70-b93c-d3980a23303d is started using port 34242
2019-11-13 22:06:04,686 [Datanode State Machine Thread - 0] INFO  server.XceiverServerGrpc (XceiverServerGrpc.java:start(145)) - XceiverServerGrpc d9ec6d9b-9212-4a70-b93c-d3980a23303d is started using port 43767
2019-11-13 22:06:04,740 [Datanode State Machine Thread - 0] INFO  ozoneimpl.OzoneContainer (OzoneContainer.java:start(230)) - Attempting to start container services.
2019-11-13 22:06:04,746 [Datanode State Machine Thread - 0] INFO  ozoneimpl.OzoneContainer (OzoneContainer.java:startContainerScrub(194)) - Background container scanner has been disabled.
2019-11-13 22:06:04,746 [Datanode State Machine Thread - 0] INFO  ratis.XceiverServerRatis (XceiverServerRatis.java:start(421)) - Starting XceiverServerRatis 52753b73-fd3b-4321-bab5-4a2e8177045b at port 0
2019-11-13 22:06:04,754 [Datanode State Machine Thread - 0] INFO  impl.RaftServerProxy (RaftServerProxy.java:lambda$start$3(299)) - 52753b73-fd3b-4321-bab5-4a2e8177045b: start RPC server
2019-11-13 22:06:04,756 [Datanode State Machine Thread - 0] INFO  server.GrpcService (GrpcService.java:startImpl(158)) - 52753b73-fd3b-4321-bab5-4a2e8177045b: GrpcService started, listening on 0.0.0.0/0.0.0.0:32948
2019-11-13 22:06:04,756 [Datanode State Machine Thread - 0] INFO  ratis.XceiverServerRatis (XceiverServerRatis.java:start(431)) - XceiverServerRatis 52753b73-fd3b-4321-bab5-4a2e8177045b is started using port 32948
2019-11-13 22:06:04,757 [Datanode State Machine Thread - 0] INFO  server.XceiverServerGrpc (XceiverServerGrpc.java:start(145)) - XceiverServerGrpc 52753b73-fd3b-4321-bab5-4a2e8177045b is started using port 35431
2019-11-13 22:06:04,817 [Datanode State Machine Thread - 0] INFO  ozoneimpl.OzoneContainer (OzoneContainer.java:start(230)) - Attempting to start container services.
2019-11-13 22:06:04,817 [Datanode State Machine Thread - 0] INFO  ozoneimpl.OzoneContainer (OzoneContainer.java:startContainerScrub(194)) - Background container scanner has been disabled.
2019-11-13 22:06:04,817 [Datanode State Machine Thread - 0] INFO  ratis.XceiverServerRatis (XceiverServerRatis.java:start(421)) - Starting XceiverServerRatis 7b888e0e-6a0f-4b0e-88cc-e0733c42ba91 at port 0
2019-11-13 22:06:04,825 [Datanode State Machine Thread - 0] INFO  impl.RaftServerProxy (RaftServerProxy.java:lambda$start$3(299)) - 7b888e0e-6a0f-4b0e-88cc-e0733c42ba91: start RPC server
2019-11-13 22:06:04,826 [Datanode State Machine Thread - 0] INFO  server.GrpcService (GrpcService.java:startImpl(158)) - 7b888e0e-6a0f-4b0e-88cc-e0733c42ba91: GrpcService started, listening on 0.0.0.0/0.0.0.0:44948
2019-11-13 22:06:04,826 [Datanode State Machine Thread - 0] INFO  ratis.XceiverServerRatis (XceiverServerRatis.java:start(431)) - XceiverServerRatis 7b888e0e-6a0f-4b0e-88cc-e0733c42ba91 is started using port 44948
2019-11-13 22:06:04,826 [Datanode State Machine Thread - 0] INFO  server.XceiverServerGrpc (XceiverServerGrpc.java:start(145)) - XceiverServerGrpc 7b888e0e-6a0f-4b0e-88cc-e0733c42ba91 is started using port 33782
2019-11-13 22:06:04,901 [Datanode State Machine Thread - 0] INFO  ozoneimpl.OzoneContainer (OzoneContainer.java:start(230)) - Attempting to start container services.
2019-11-13 22:06:04,902 [Datanode State Machine Thread - 0] INFO  ozoneimpl.OzoneContainer (OzoneContainer.java:startContainerScrub(194)) - Background container scanner has been disabled.
2019-11-13 22:06:04,902 [Datanode State Machine Thread - 0] INFO  ratis.XceiverServerRatis (XceiverServerRatis.java:start(421)) - Starting XceiverServerRatis f7705811-6e65-4a57-b1c4-0cb13cee4425 at port 0
2019-11-13 22:06:04,909 [Datanode State Machine Thread - 0] INFO  impl.RaftServerProxy (RaftServerProxy.java:lambda$start$3(299)) - f7705811-6e65-4a57-b1c4-0cb13cee4425: start RPC server
2019-11-13 22:06:04,911 [Datanode State Machine Thread - 0] INFO  server.GrpcService (GrpcService.java:startImpl(158)) - f7705811-6e65-4a57-b1c4-0cb13cee4425: GrpcService started, listening on 0.0.0.0/0.0.0.0:42605
2019-11-13 22:06:04,911 [Datanode State Machine Thread - 0] INFO  ratis.XceiverServerRatis (XceiverServerRatis.java:start(431)) - XceiverServerRatis f7705811-6e65-4a57-b1c4-0cb13cee4425 is started using port 42605
2019-11-13 22:06:04,913 [Datanode State Machine Thread - 0] INFO  server.XceiverServerGrpc (XceiverServerGrpc.java:start(145)) - XceiverServerGrpc f7705811-6e65-4a57-b1c4-0cb13cee4425 is started using port 38824
2019-11-13 22:06:04,972 [main] INFO  ozone.MiniOzoneClusterImpl (MiniOzoneClusterImpl.java:lambda$waitForClusterToBeReady$2(171)) - Waiting for cluster to be ready. Got 0 of 6 DN Heartbeats.
2019-11-13 22:06:04,989 [Datanode State Machine Thread - 0] INFO  ozoneimpl.OzoneContainer (OzoneContainer.java:start(230)) - Attempting to start container services.
2019-11-13 22:06:04,991 [Datanode State Machine Thread - 0] INFO  ozoneimpl.OzoneContainer (OzoneContainer.java:startContainerScrub(194)) - Background container scanner has been disabled.
2019-11-13 22:06:04,992 [Datanode State Machine Thread - 0] INFO  ratis.XceiverServerRatis (XceiverServerRatis.java:start(421)) - Starting XceiverServerRatis b437d6a1-54f9-495c-b2fd-bb696abd9804 at port 0
2019-11-13 22:06:05,001 [Datanode State Machine Thread - 0] INFO  impl.RaftServerProxy (RaftServerProxy.java:lambda$start$3(299)) - b437d6a1-54f9-495c-b2fd-bb696abd9804: start RPC server
2019-11-13 22:06:05,003 [Datanode State Machine Thread - 0] INFO  server.GrpcService (GrpcService.java:startImpl(158)) - b437d6a1-54f9-495c-b2fd-bb696abd9804: GrpcService started, listening on 0.0.0.0/0.0.0.0:38716
2019-11-13 22:06:05,003 [Datanode State Machine Thread - 0] INFO  ratis.XceiverServerRatis (XceiverServerRatis.java:start(431)) - XceiverServerRatis b437d6a1-54f9-495c-b2fd-bb696abd9804 is started using port 38716
2019-11-13 22:06:05,004 [Datanode State Machine Thread - 0] INFO  server.XceiverServerGrpc (XceiverServerGrpc.java:start(145)) - XceiverServerGrpc b437d6a1-54f9-495c-b2fd-bb696abd9804 is started using port 39189
2019-11-13 22:06:05,972 [main] INFO  ozone.MiniOzoneClusterImpl (MiniOzoneClusterImpl.java:lambda$waitForClusterToBeReady$2(171)) - Waiting for cluster to be ready. Got 0 of 6 DN Heartbeats.
2019-11-13 22:06:06,573 [IPC Server handler 0 on 38438] INFO  net.NetworkTopology (NetworkTopologyImpl.java:add(111)) - Added a new node: /default-rack/5be39b6a-195c-499c-aaae-deebd243d90c
2019-11-13 22:06:06,575 [IPC Server handler 0 on 38438] INFO  node.SCMNodeManager (SCMNodeManager.java:register(267)) - Registered Data node : 5be39b6a-195c-499c-aaae-deebd243d90c{ip: 192.168.164.237, host: pr-hdds-2471-vxr4w-2980416436, networkLocation: /default-rack, certSerialId: null}
2019-11-13 22:06:06,576 [EventQueue-NodeRegistrationContainerReportForDataNodeSafeModeRule] INFO  safemode.SCMSafeModeManager (DataNodeSafeModeRule.java:process(71)) - SCM in safe mode. 1 DataNodes registered, 1 required.
2019-11-13 22:06:06,578 [EventQueue-NodeRegistrationContainerReportForDataNodeSafeModeRule] INFO  safemode.SCMSafeModeManager (SCMSafeModeManager.java:validateSafeModeExitRules(177)) - ScmSafeModeManager, all rules are successfully validated
2019-11-13 22:06:06,579 [EventQueue-NodeRegistrationContainerReportForDataNodeSafeModeRule] INFO  safemode.SCMSafeModeManager (SCMSafeModeManager.java:exitSafeMode(193)) - SCM exiting safe mode.
2019-11-13 22:06:06,596 [grpc-default-executor-2] INFO  impl.RaftServerProxy (RaftServerProxy.java:addNew(89)) - 5be39b6a-195c-499c-aaae-deebd243d90c: addNew group-F6E396DE123B:[5be39b6a-195c-499c-aaae-deebd243d90c:192.168.164.237:39727] returns group-F6E396DE123B:java.util.concurrent.CompletableFuture@23b103bb[Not completed]
2019-11-13 22:06:06,600 [pool-152-thread-1] INFO  impl.RaftServerImpl (RaftServerImpl.java:<init>(98)) - 5be39b6a-195c-499c-aaae-deebd243d90c: new RaftServerImpl for group-F6E396DE123B:[5be39b6a-195c-499c-aaae-deebd243d90c:192.168.164.237:39727] with ContainerStateMachine:uninitialized
2019-11-13 22:06:06,600 [pool-152-thread-1] INFO  server.RaftServerConfigKeys (ConfUtils.java:logGet(43)) - raft.server.rpc.timeout.min = 1s (custom)
2019-11-13 22:06:06,601 [pool-152-thread-1] INFO  server.RaftServerConfigKeys (ConfUtils.java:logGet(43)) - raft.server.rpc.timeout.max = 1200ms (custom)
2019-11-13 22:06:06,601 [pool-152-thread-1] INFO  server.RaftServerConfigKeys (ConfUtils.java:logGet(43)) - raft.server.rpcslowness.timeout = 120s (custom)
2019-11-13 22:06:06,601 [pool-152-thread-1] INFO  server.RaftServerConfigKeys (ConfUtils.java:logGet(43)) - raft.server.sleep.deviation.threshold = 300 (default)
2019-11-13 22:06:06,601 [pool-152-thread-1] INFO  server.RaftServerConfigKeys (ConfUtils.java:logGet(43)) - raft.server.log.appender.install.snapshot.enabled = false (custom)
2019-11-13 22:06:06,601 [pool-152-thread-1] INFO  impl.RaftServerImpl (ServerState.java:<init>(103)) - 5be39b6a-195c-499c-aaae-deebd243d90c@group-F6E396DE123B: ConfigurationManager, init=-1: [5be39b6a-195c-499c-aaae-deebd243d90c:192.168.164.237:39727], old=null, confs=<EMPTY_MAP>
2019-11-13 22:06:06,601 [pool-152-thread-1] INFO  server.RaftServerConfigKeys (ConfUtils.java:logGet(43)) - raft.server.storage.dir = [/workdir/hadoop-ozone/integration-test/target/test-dir/MiniOzoneClusterImpl-7f102aba-c488-44cf-bcdb-425554d335ef/datanode-0/data/ratis] (custom)
2019-11-13 22:06:06,602 [pool-152-thread-1] INFO  server.RaftServerConfigKeys (ConfUtils.java:logGet(43)) - raft.server.log.corruption.policy = EXCEPTION (default)
2019-11-13 22:06:06,602 [pool-152-thread-1] INFO  storage.RaftStorageDirectory (RaftStorageDirectory.java:analyzeStorage(246)) - The storage directory /workdir/hadoop-ozone/integration-test/target/test-dir/MiniOzoneClusterImpl-7f102aba-c488-44cf-bcdb-425554d335ef/datanode-0/data/ratis/678deb8d-e5b5-4f55-8e2b-f6e396de123b does not exist. Creating ...
2019-11-13 22:06:06,615 [pool-152-thread-1] INFO  storage.RaftStorageDirectory (RaftStorageDirectory.java:tryLock(328)) - Lock on /workdir/hadoop-ozone/integration-test/target/test-dir/MiniOzoneClusterImpl-7f102aba-c488-44cf-bcdb-425554d335ef/datanode-0/data/ratis/678deb8d-e5b5-4f55-8e2b-f6e396de123b/in_use.lock acquired by nodename 22306@pr-hdds-2471-vxr4w-2980416436
2019-11-13 22:06:06,628 [pool-152-thread-1] INFO  storage.RaftStorage (RaftStorage.java:format(84)) - Storage directory /workdir/hadoop-ozone/integration-test/target/test-dir/MiniOzoneClusterImpl-7f102aba-c488-44cf-bcdb-425554d335ef/datanode-0/data/ratis/678deb8d-e5b5-4f55-8e2b-f6e396de123b has been successfully formatted.
2019-11-13 22:06:06,628 [pool-152-thread-1] INFO  ratis.ContainerStateMachine (ContainerStateMachine.java:loadSnapshot(223)) - group-F6E396DE123B: The snapshot info is null. Setting the last applied indexto:(t:0, i:~)
2019-11-13 22:06:06,629 [pool-152-thread-1] INFO  server.RaftServerConfigKeys (ConfUtils.java:logGet(43)) - raft.server.notification.no-leader.timeout = 120s (custom)
2019-11-13 22:06:06,629 [pool-152-thread-1] INFO  server.RaftServerConfigKeys (ConfUtils.java:logGet(43)) - raft.server.log.use.memory = false (default)
2019-11-13 22:06:06,629 [pool-152-thread-1] INFO  server.RaftServerConfigKeys (ConfUtils.java:logGet(43)) - raft.server.log.purge.gap = 1000000 (custom)
2019-11-13 22:06:06,629 [pool-152-thread-1] INFO  server.RaftServerConfigKeys (ConfUtils.java:logGet(43)) - raft.server.log.appender.buffer.byte-limit = 33554432 (custom)
2019-11-13 22:06:06,629 [pool-152-thread-1] INFO  server.RaftServerConfigKeys (ConfUtils.java:logGet(43)) - raft.server.log.segment.size.max = 1048576 (custom)
2019-11-13 22:06:06,629 [pool-152-thread-1] WARN  impl.MetricRegistriesImpl (MetricRegistriesImpl.java:lambda$create$1(61)) - First MetricRegistry has been created without registering reporters. You may need to call MetricRegistries.global().addReportRegistration(...) before.
2019-11-13 22:06:06,630 [pool-152-thread-1] INFO  server.RaftServerConfigKeys (ConfUtils.java:logGet(43)) - raft.server.log.segment.cache.num.max = 2 (custom)
2019-11-13 22:06:06,630 [pool-152-thread-1] INFO  segmented.SegmentedRaftLogWorker (SegmentedRaftLogWorker.java:<init>(173)) - new 5be39b6a-195c-499c-aaae-deebd243d90c@group-F6E396DE123B-SegmentedRaftLogWorker for RaftStorage:Storage Directory /workdir/hadoop-ozone/integration-test/target/test-dir/MiniOzoneClusterImpl-7f102aba-c488-44cf-bcdb-425554d335ef/datanode-0/data/ratis/678deb8d-e5b5-4f55-8e2b-f6e396de123b
2019-11-13 22:06:06,630 [pool-152-thread-1] INFO  server.RaftServerConfigKeys (ConfUtils.java:logGet(43)) - raft.server.log.queue.byte-limit = 2147483647 (custom)
2019-11-13 22:06:06,630 [pool-152-thread-1] INFO  server.RaftServerConfigKeys (ConfUtils.java:logGet(43)) - raft.server.log.queue.element-limit = 1024 (custom)
2019-11-13 22:06:06,630 [pool-152-thread-1] INFO  server.RaftServerConfigKeys (ConfUtils.java:logGet(43)) - raft.server.log.segment.size.max = 1048576 (custom)
2019-11-13 22:06:06,630 [pool-152-thread-1] INFO  server.RaftServerConfigKeys (ConfUtils.java:logGet(43)) - raft.server.log.preallocated.size = 16384 (custom)
2019-11-13 22:06:06,630 [pool-152-thread-1] INFO  server.RaftServerConfigKeys (ConfUtils.java:logGet(43)) - raft.server.log.write.buffer.size = 33554432 (custom)
2019-11-13 22:06:06,630 [pool-152-thread-1] INFO  server.RaftServerConfigKeys (ConfUtils.java:logGet(43)) - raft.server.log.force.sync.num = 128 (default)
2019-11-13 22:06:06,631 [pool-152-thread-1] INFO  server.RaftServerConfigKeys (ConfUtils.java:logGet(43)) - raft.server.log.statemachine.data.sync = true (default)
2019-11-13 22:06:06,631 [pool-152-thread-1] INFO  server.RaftServerConfigKeys (ConfUtils.java:logGet(43)) - raft.server.log.statemachine.data.sync.timeout = 10s (default)
2019-11-13 22:06:06,631 [pool-152-thread-1] INFO  server.RaftServerConfigKeys (ConfUtils.java:logGet(43)) - raft.server.log.statemachine.data.sync.timeout.retry = -1 (default)
2019-11-13 22:06:06,631 [pool-152-thread-1] INFO  server.RaftServerConfigKeys (ConfUtils.java:logGet(43)) - raft.server.log.statemachine.data.caching.enabled = true (custom)
2019-11-13 22:06:06,631 [pool-152-thread-1] INFO  segmented.SegmentedRaftLogWorker (SegmentedRaftLogWorker.java:lambda$new$0(128)) - 5be39b6a-195c-499c-aaae-deebd243d90c@group-F6E396DE123B-SegmentedRaftLogWorker: flushIndex: setUnconditionally 0 -> -1
2019-11-13 22:06:06,632 [pool-152-thread-1] INFO  server.RaftServerConfigKeys (ConfUtils.java:logGet(43)) - raft.server.snapshot.auto.trigger.enabled = true (custom)
2019-11-13 22:06:06,632 [pool-152-thread-1] INFO  server.RaftServerConfigKeys (ConfUtils.java:logGet(43)) - raft.server.snapshot.auto.trigger.threshold = 10000 (custom)
2019-11-13 22:06:06,632 [pool-152-thread-1] INFO  server.RaftServerConfigKeys (ConfUtils.java:logGet(43)) - raft.server.snapshot.retention.file.num = 5 (custom)
2019-11-13 22:06:06,632 [pool-152-thread-1] INFO  server.RaftServerConfigKeys (ConfUtils.java:logGet(43)) - raft.server.retrycache.expirytime = 600000ms (custom)
2019-11-13 22:06:06,632 [pool-152-thread-1] WARN  impl.MetricRegistriesImpl (MetricRegistriesImpl.java:lambda$create$1(61)) - First MetricRegistry has been created without registering reporters. You may need to call MetricRegistries.global().addReportRegistration(...) before.
2019-11-13 22:06:06,633 [pool-152-thread-1] WARN  impl.MetricRegistriesImpl (MetricRegistriesImpl.java:lambda$create$1(61)) - First MetricRegistry has been created without registering reporters. You may need to call MetricRegistries.global().addReportRegistration(...) before.
2019-11-13 22:06:06,633 [pool-152-thread-1] INFO  impl.RaftServerImpl (RaftServerImpl.java:start(184)) - 5be39b6a-195c-499c-aaae-deebd243d90c@group-F6E396DE123B: start as a follower, conf=-1: [5be39b6a-195c-499c-aaae-deebd243d90c:192.168.164.237:39727], old=null
2019-11-13 22:06:06,633 [pool-152-thread-1] INFO  impl.RaftServerImpl (RaftServerImpl.java:setRole(173)) - 5be39b6a-195c-499c-aaae-deebd243d90c@group-F6E396DE123B: changes role from      null to FOLLOWER at term 0 for startAsFollower
2019-11-13 22:06:06,633 [pool-152-thread-1] INFO  impl.RoleInfo (RoleInfo.java:updateAndGet(143)) - 5be39b6a-195c-499c-aaae-deebd243d90c: start FollowerState
2019-11-13 22:06:06,634 [pool-152-thread-1] INFO  util.JmxRegister (JmxRegister.java:tryRegister(44)) - Successfully registered JMX Bean with object name Ratis:service=RaftServer,group=group-F6E396DE123B,id=5be39b6a-195c-499c-aaae-deebd243d90c
2019-11-13 22:06:06,634 [pool-152-thread-1] WARN  impl.MetricRegistriesImpl (MetricRegistriesImpl.java:lambda$create$1(61)) - First MetricRegistry has been created without registering reporters. You may need to call MetricRegistries.global().addReportRegistration(...) before.
2019-11-13 22:06:06,639 [RatisPipelineUtilsThread] INFO  pipeline.PipelineStateManager (PipelineStateManager.java:addPipeline(55)) - Created pipeline Pipeline[ Id: 678deb8d-e5b5-4f55-8e2b-f6e396de123b, Nodes: 5be39b6a-195c-499c-aaae-deebd243d90c{ip: 192.168.164.237, host: pr-hdds-2471-vxr4w-2980416436, networkLocation: /default-rack, certSerialId: null}, Type:RATIS, Factor:ONE, State:ALLOCATED]
2019-11-13 22:06:06,659 [IPC Server handler 3 on 38438] INFO  net.NetworkTopology (NetworkTopologyImpl.java:add(111)) - Added a new node: /default-rack/d9ec6d9b-9212-4a70-b93c-d3980a23303d
2019-11-13 22:06:06,660 [IPC Server handler 3 on 38438] INFO  node.SCMNodeManager (SCMNodeManager.java:register(267)) - Registered Data node : d9ec6d9b-9212-4a70-b93c-d3980a23303d{ip: 192.168.164.237, host: pr-hdds-2471-vxr4w-2980416436, networkLocation: /default-rack, certSerialId: null}
2019-11-13 22:06:06,667 [grpc-default-executor-2] INFO  impl.RaftServerProxy (RaftServerProxy.java:addNew(89)) - d9ec6d9b-9212-4a70-b93c-d3980a23303d: addNew group-E6D922EFD387:[d9ec6d9b-9212-4a70-b93c-d3980a23303d:192.168.164.237:34242] returns group-E6D922EFD387:java.util.concurrent.CompletableFuture@1be8a293[Not completed]
2019-11-13 22:06:06,670 [pool-162-thread-1] INFO  impl.RaftServerImpl (RaftServerImpl.java:<init>(98)) - d9ec6d9b-9212-4a70-b93c-d3980a23303d: new RaftServerImpl for group-E6D922EFD387:[d9ec6d9b-9212-4a70-b93c-d3980a23303d:192.168.164.237:34242] with ContainerStateMachine:uninitialized
2019-11-13 22:06:06,670 [pool-162-thread-1] INFO  server.RaftServerConfigKeys (ConfUtils.java:logGet(43)) - raft.server.rpc.timeout.min = 1s (custom)
2019-11-13 22:06:06,670 [pool-162-thread-1] INFO  server.RaftServerConfigKeys (ConfUtils.java:logGet(43)) - raft.server.rpc.timeout.max = 1200ms (custom)
2019-11-13 22:06:06,670 [pool-162-thread-1] INFO  server.RaftServerConfigKeys (ConfUtils.java:logGet(43)) - raft.server.rpcslowness.timeout = 120s (custom)
2019-11-13 22:06:06,670 [pool-162-thread-1] INFO  server.RaftServerConfigKeys (ConfUtils.java:logGet(43)) - raft.server.sleep.deviation.threshold = 300 (default)
2019-11-13 22:06:06,671 [pool-162-thread-1] INFO  server.RaftServerConfigKeys (ConfUtils.java:logGet(43)) - raft.server.log.appender.install.snapshot.enabled = false (custom)
2019-11-13 22:06:06,671 [pool-162-thread-1] INFO  impl.RaftServerImpl (ServerState.java:<init>(103)) - d9ec6d9b-9212-4a70-b93c-d3980a23303d@group-E6D922EFD387: ConfigurationManager, init=-1: [d9ec6d9b-9212-4a70-b93c-d3980a23303d:192.168.164.237:34242], old=null, confs=<EMPTY_MAP>
2019-11-13 22:06:06,671 [pool-162-thread-1] INFO  server.RaftServerConfigKeys (ConfUtils.java:logGet(43)) - raft.server.storage.dir = [/workdir/hadoop-ozone/integration-test/target/test-dir/MiniOzoneClusterImpl-7f102aba-c488-44cf-bcdb-425554d335ef/datanode-1/data/ratis] (custom)
2019-11-13 22:06:06,671 [pool-162-thread-1] INFO  server.RaftServerConfigKeys (ConfUtils.java:logGet(43)) - raft.server.log.corruption.policy = EXCEPTION (default)
2019-11-13 22:06:06,672 [pool-162-thread-1] INFO  storage.RaftStorageDirectory (RaftStorageDirectory.java:analyzeStorage(246)) - The storage directory /workdir/hadoop-ozone/integration-test/target/test-dir/MiniOzoneClusterImpl-7f102aba-c488-44cf-bcdb-425554d335ef/datanode-1/data/ratis/78785191-dcdd-47ff-bc34-e6d922efd387 does not exist. Creating ...
2019-11-13 22:06:06,684 [pool-162-thread-1] INFO  storage.RaftStorageDirectory (RaftStorageDirectory.java:tryLock(328)) - Lock on /workdir/hadoop-ozone/integration-test/target/test-dir/MiniOzoneClusterImpl-7f102aba-c488-44cf-bcdb-425554d335ef/datanode-1/data/ratis/78785191-dcdd-47ff-bc34-e6d922efd387/in_use.lock acquired by nodename 22306@pr-hdds-2471-vxr4w-2980416436
2019-11-13 22:06:06,698 [pool-162-thread-1] INFO  storage.RaftStorage (RaftStorage.java:format(84)) - Storage directory /workdir/hadoop-ozone/integration-test/target/test-dir/MiniOzoneClusterImpl-7f102aba-c488-44cf-bcdb-425554d335ef/datanode-1/data/ratis/78785191-dcdd-47ff-bc34-e6d922efd387 has been successfully formatted.
2019-11-13 22:06:06,698 [pool-162-thread-1] INFO  ratis.ContainerStateMachine (ContainerStateMachine.java:loadSnapshot(223)) - group-E6D922EFD387: The snapshot info is null. Setting the last applied indexto:(t:0, i:~)
2019-11-13 22:06:06,698 [pool-162-thread-1] INFO  server.RaftServerConfigKeys (ConfUtils.java:logGet(43)) - raft.server.notification.no-leader.timeout = 120s (custom)
2019-11-13 22:06:06,698 [pool-162-thread-1] INFO  server.RaftServerConfigKeys (ConfUtils.java:logGet(43)) - raft.server.log.use.memory = false (default)
2019-11-13 22:06:06,698 [pool-162-thread-1] INFO  server.RaftServerConfigKeys (ConfUtils.java:logGet(43)) - raft.server.log.purge.gap = 1000000 (custom)
2019-11-13 22:06:06,699 [pool-162-thread-1] INFO  server.RaftServerConfigKeys (ConfUtils.java:logGet(43)) - raft.server.log.appender.buffer.byte-limit = 33554432 (custom)
2019-11-13 22:06:06,699 [pool-162-thread-1] INFO  server.RaftServerConfigKeys (ConfUtils.java:logGet(43)) - raft.server.log.segment.size.max = 1048576 (custom)
2019-11-13 22:06:06,699 [pool-162-thread-1] WARN  impl.MetricRegistriesImpl (MetricRegistriesImpl.java:lambda$create$1(61)) - First MetricRegistry has been created without registering reporters. You may need to call MetricRegistries.global().addReportRegistration(...) before.
2019-11-13 22:06:06,699 [pool-162-thread-1] INFO  server.RaftServerConfigKeys (ConfUtils.java:logGet(43)) - raft.server.log.segment.cache.num.max = 2 (custom)
2019-11-13 22:06:06,699 [pool-162-thread-1] INFO  segmented.SegmentedRaftLogWorker (SegmentedRaftLogWorker.java:<init>(173)) - new d9ec6d9b-9212-4a70-b93c-d3980a23303d@group-E6D922EFD387-SegmentedRaftLogWorker for RaftStorage:Storage Directory /workdir/hadoop-ozone/integration-test/target/test-dir/MiniOzoneClusterImpl-7f102aba-c488-44cf-bcdb-425554d335ef/datanode-1/data/ratis/78785191-dcdd-47ff-bc34-e6d922efd387
2019-11-13 22:06:06,699 [pool-162-thread-1] INFO  server.RaftServerConfigKeys (ConfUtils.java:logGet(43)) - raft.server.log.queue.byte-limit = 2147483647 (custom)
2019-11-13 22:06:06,700 [pool-162-thread-1] INFO  server.RaftServerConfigKeys (ConfUtils.java:logGet(43)) - raft.server.log.queue.element-limit = 1024 (custom)
2019-11-13 22:06:06,700 [pool-162-thread-1] INFO  server.RaftServerConfigKeys (ConfUtils.java:logGet(43)) - raft.server.log.segment.size.max = 1048576 (custom)
2019-11-13 22:06:06,700 [pool-162-thread-1] INFO  server.RaftServerConfigKeys (ConfUtils.java:logGet(43)) - raft.server.log.preallocated.size = 16384 (custom)
2019-11-13 22:06:06,700 [pool-162-thread-1] INFO  server.RaftServerConfigKeys (ConfUtils.java:logGet(43)) - raft.server.log.write.buffer.size = 33554432 (custom)
2019-11-13 22:06:06,700 [pool-162-thread-1] INFO  server.RaftServerConfigKeys (ConfUtils.java:logGet(43)) - raft.server.log.force.sync.num = 128 (default)
2019-11-13 22:06:06,700 [pool-162-thread-1] INFO  server.RaftServerConfigKeys (ConfUtils.java:logGet(43)) - raft.server.log.statemachine.data.sync = true (default)
2019-11-13 22:06:06,700 [pool-162-thread-1] INFO  server.RaftServerConfigKeys (ConfUtils.java:logGet(43)) - raft.server.log.statemachine.data.sync.timeout = 10s (default)
2019-11-13 22:06:06,701 [pool-162-thread-1] INFO  server.RaftServerConfigKeys (ConfUtils.java:logGet(43)) - raft.server.log.statemachine.data.sync.timeout.retry = -1 (default)
2019-11-13 22:06:06,701 [pool-162-thread-1] INFO  server.RaftServerConfigKeys (ConfUtils.java:logGet(43)) - raft.server.log.statemachine.data.caching.enabled = true (custom)
2019-11-13 22:06:06,701 [pool-162-thread-1] INFO  segmented.SegmentedRaftLogWorker (SegmentedRaftLogWorker.java:lambda$new$0(128)) - d9ec6d9b-9212-4a70-b93c-d3980a23303d@group-E6D922EFD387-SegmentedRaftLogWorker: flushIndex: setUnconditionally 0 -> -1
2019-11-13 22:06:06,702 [pool-162-thread-1] INFO  server.RaftServerConfigKeys (ConfUtils.java:logGet(43)) - raft.server.snapshot.auto.trigger.enabled = true (custom)
2019-11-13 22:06:06,702 [pool-162-thread-1] INFO  server.RaftServerConfigKeys (ConfUtils.java:logGet(43)) - raft.server.snapshot.auto.trigger.threshold = 10000 (custom)
2019-11-13 22:06:06,702 [pool-162-thread-1] INFO  server.RaftServerConfigKeys (ConfUtils.java:logGet(43)) - raft.server.snapshot.retention.file.num = 5 (custom)
2019-11-13 22:06:06,702 [pool-162-thread-1] INFO  server.RaftServerConfigKeys (ConfUtils.java:logGet(43)) - raft.server.retrycache.expirytime = 600000ms (custom)
2019-11-13 22:06:06,702 [pool-162-thread-1] WARN  impl.MetricRegistriesImpl (MetricRegistriesImpl.java:lambda$create$1(61)) - First MetricRegistry has been created without registering reporters. You may need to call MetricRegistries.global().addReportRegistration(...) before.
2019-11-13 22:06:06,702 [pool-162-thread-1] WARN  impl.MetricRegistriesImpl (MetricRegistriesImpl.java:lambda$create$1(61)) - First MetricRegistry has been created without registering reporters. You may need to call MetricRegistries.global().addReportRegistration(...) before.
2019-11-13 22:06:06,703 [pool-162-thread-1] INFO  impl.RaftServerImpl (RaftServerImpl.java:start(184)) - d9ec6d9b-9212-4a70-b93c-d3980a23303d@group-E6D922EFD387: start as a follower, conf=-1: [d9ec6d9b-9212-4a70-b93c-d3980a23303d:192.168.164.237:34242], old=null
2019-11-13 22:06:06,703 [pool-162-thread-1] INFO  impl.RaftServerImpl (RaftServerImpl.java:setRole(173)) - d9ec6d9b-9212-4a70-b93c-d3980a23303d@group-E6D922EFD387: changes role from      null to FOLLOWER at term 0 for startAsFollower
2019-11-13 22:06:06,703 [pool-162-thread-1] INFO  impl.RoleInfo (RoleInfo.java:updateAndGet(143)) - d9ec6d9b-9212-4a70-b93c-d3980a23303d: start FollowerState
2019-11-13 22:06:06,704 [pool-162-thread-1] INFO  util.JmxRegister (JmxRegister.java:tryRegister(44)) - Successfully registered JMX Bean with object name Ratis:service=RaftServer,group=group-E6D922EFD387,id=d9ec6d9b-9212-4a70-b93c-d3980a23303d
2019-11-13 22:06:06,704 [pool-162-thread-1] WARN  impl.MetricRegistriesImpl (MetricRegistriesImpl.java:lambda$create$1(61)) - First MetricRegistry has been created without registering reporters. You may need to call MetricRegistries.global().addReportRegistration(...) before.
2019-11-13 22:06:06,707 [RatisPipelineUtilsThread] INFO  pipeline.PipelineStateManager (PipelineStateManager.java:addPipeline(55)) - Created pipeline Pipeline[ Id: 78785191-dcdd-47ff-bc34-e6d922efd387, Nodes: d9ec6d9b-9212-4a70-b93c-d3980a23303d{ip: 192.168.164.237, host: pr-hdds-2471-vxr4w-2980416436, networkLocation: /default-rack, certSerialId: null}, Type:RATIS, Factor:ONE, State:ALLOCATED]
2019-11-13 22:06:06,727 [IPC Server handler 1 on 38438] INFO  net.NetworkTopology (NetworkTopologyImpl.java:add(111)) - Added a new node: /default-rack/52753b73-fd3b-4321-bab5-4a2e8177045b
2019-11-13 22:06:06,727 [IPC Server handler 1 on 38438] INFO  node.SCMNodeManager (SCMNodeManager.java:register(267)) - Registered Data node : 52753b73-fd3b-4321-bab5-4a2e8177045b{ip: 192.168.164.237, host: pr-hdds-2471-vxr4w-2980416436, networkLocation: /default-rack, certSerialId: null}
2019-11-13 22:06:06,735 [grpc-default-executor-2] INFO  impl.RaftServerProxy (RaftServerProxy.java:addNew(89)) - 52753b73-fd3b-4321-bab5-4a2e8177045b: addNew group-1617808EE885:[52753b73-fd3b-4321-bab5-4a2e8177045b:192.168.164.237:32948] returns group-1617808EE885:java.util.concurrent.CompletableFuture@7a09151f[Not completed]
2019-11-13 22:06:06,738 [pool-172-thread-1] INFO  impl.RaftServerImpl (RaftServerImpl.java:<init>(98)) - 52753b73-fd3b-4321-bab5-4a2e8177045b: new RaftServerImpl for group-1617808EE885:[52753b73-fd3b-4321-bab5-4a2e8177045b:192.168.164.237:32948] with ContainerStateMachine:uninitialized
2019-11-13 22:06:06,739 [pool-172-thread-1] INFO  server.RaftServerConfigKeys (ConfUtils.java:logGet(43)) - raft.server.rpc.timeout.min = 1s (custom)
2019-11-13 22:06:06,739 [pool-172-thread-1] INFO  server.RaftServerConfigKeys (ConfUtils.java:logGet(43)) - raft.server.rpc.timeout.max = 1200ms (custom)
2019-11-13 22:06:06,739 [pool-172-thread-1] INFO  server.RaftServerConfigKeys (ConfUtils.java:logGet(43)) - raft.server.rpcslowness.timeout = 120s (custom)
2019-11-13 22:06:06,739 [pool-172-thread-1] INFO  server.RaftServerConfigKeys (ConfUtils.java:logGet(43)) - raft.server.sleep.deviation.threshold = 300 (default)
2019-11-13 22:06:06,739 [pool-172-thread-1] INFO  server.RaftServerConfigKeys (ConfUtils.java:logGet(43)) - raft.server.log.appender.install.snapshot.enabled = false (custom)
2019-11-13 22:06:06,739 [pool-172-thread-1] INFO  impl.RaftServerImpl (ServerState.java:<init>(103)) - 52753b73-fd3b-4321-bab5-4a2e8177045b@group-1617808EE885: ConfigurationManager, init=-1: [52753b73-fd3b-4321-bab5-4a2e8177045b:192.168.164.237:32948], old=null, confs=<EMPTY_MAP>
2019-11-13 22:06:06,739 [pool-172-thread-1] INFO  server.RaftServerConfigKeys (ConfUtils.java:logGet(43)) - raft.server.storage.dir = [/workdir/hadoop-ozone/integration-test/target/test-dir/MiniOzoneClusterImpl-7f102aba-c488-44cf-bcdb-425554d335ef/datanode-2/data/ratis] (custom)
2019-11-13 22:06:06,740 [pool-172-thread-1] INFO  server.RaftServerConfigKeys (ConfUtils.java:logGet(43)) - raft.server.log.corruption.policy = EXCEPTION (default)
2019-11-13 22:06:06,740 [pool-172-thread-1] INFO  storage.RaftStorageDirectory (RaftStorageDirectory.java:analyzeStorage(246)) - The storage directory /workdir/hadoop-ozone/integration-test/target/test-dir/MiniOzoneClusterImpl-7f102aba-c488-44cf-bcdb-425554d335ef/datanode-2/data/ratis/1b749c44-6bd8-4971-886b-1617808ee885 does not exist. Creating ...
2019-11-13 22:06:06,752 [pool-172-thread-1] INFO  storage.RaftStorageDirectory (RaftStorageDirectory.java:tryLock(328)) - Lock on /workdir/hadoop-ozone/integration-test/target/test-dir/MiniOzoneClusterImpl-7f102aba-c488-44cf-bcdb-425554d335ef/datanode-2/data/ratis/1b749c44-6bd8-4971-886b-1617808ee885/in_use.lock acquired by nodename 22306@pr-hdds-2471-vxr4w-2980416436
2019-11-13 22:06:06,765 [pool-172-thread-1] INFO  storage.RaftStorage (RaftStorage.java:format(84)) - Storage directory /workdir/hadoop-ozone/integration-test/target/test-dir/MiniOzoneClusterImpl-7f102aba-c488-44cf-bcdb-425554d335ef/datanode-2/data/ratis/1b749c44-6bd8-4971-886b-1617808ee885 has been successfully formatted.
2019-11-13 22:06:06,766 [pool-172-thread-1] INFO  ratis.ContainerStateMachine (ContainerStateMachine.java:loadSnapshot(223)) - group-1617808EE885: The snapshot info is null. Setting the last applied indexto:(t:0, i:~)
2019-11-13 22:06:06,766 [pool-172-thread-1] INFO  server.RaftServerConfigKeys (ConfUtils.java:logGet(43)) - raft.server.notification.no-leader.timeout = 120s (custom)
2019-11-13 22:06:06,766 [pool-172-thread-1] INFO  server.RaftServerConfigKeys (ConfUtils.java:logGet(43)) - raft.server.log.use.memory = false (default)
2019-11-13 22:06:06,766 [pool-172-thread-1] INFO  server.RaftServerConfigKeys (ConfUtils.java:logGet(43)) - raft.server.log.purge.gap = 1000000 (custom)
2019-11-13 22:06:06,766 [pool-172-thread-1] INFO  server.RaftServerConfigKeys (ConfUtils.java:logGet(43)) - raft.server.log.appender.buffer.byte-limit = 33554432 (custom)
2019-11-13 22:06:06,766 [pool-172-thread-1] INFO  server.RaftServerConfigKeys (ConfUtils.java:logGet(43)) - raft.server.log.segment.size.max = 1048576 (custom)
2019-11-13 22:06:06,766 [pool-172-thread-1] WARN  impl.MetricRegistriesImpl (MetricRegistriesImpl.java:lambda$create$1(61)) - First MetricRegistry has been created without registering reporters. You may need to call MetricRegistries.global().addReportRegistration(...) before.
2019-11-13 22:06:06,767 [pool-172-thread-1] INFO  server.RaftServerConfigKeys (ConfUtils.java:logGet(43)) - raft.server.log.segment.cache.num.max = 2 (custom)
2019-11-13 22:06:06,767 [pool-172-thread-1] INFO  segmented.SegmentedRaftLogWorker (SegmentedRaftLogWorker.java:<init>(173)) - new 52753b73-fd3b-4321-bab5-4a2e8177045b@group-1617808EE885-SegmentedRaftLogWorker for RaftStorage:Storage Directory /workdir/hadoop-ozone/integration-test/target/test-dir/MiniOzoneClusterImpl-7f102aba-c488-44cf-bcdb-425554d335ef/datanode-2/data/ratis/1b749c44-6bd8-4971-886b-1617808ee885
2019-11-13 22:06:06,767 [pool-172-thread-1] INFO  server.RaftServerConfigKeys (ConfUtils.java:logGet(43)) - raft.server.log.queue.byte-limit = 2147483647 (custom)
2019-11-13 22:06:06,767 [pool-172-thread-1] INFO  server.RaftServerConfigKeys (ConfUtils.java:logGet(43)) - raft.server.log.queue.element-limit = 1024 (custom)
2019-11-13 22:06:06,767 [pool-172-thread-1] INFO  server.RaftServerConfigKeys (ConfUtils.java:logGet(43)) - raft.server.log.segment.size.max = 1048576 (custom)
2019-11-13 22:06:06,767 [pool-172-thread-1] INFO  server.RaftServerConfigKeys (ConfUtils.java:logGet(43)) - raft.server.log.preallocated.size = 16384 (custom)
2019-11-13 22:06:06,767 [pool-172-thread-1] INFO  server.RaftServerConfigKeys (ConfUtils.java:logGet(43)) - raft.server.log.write.buffer.size = 33554432 (custom)
2019-11-13 22:06:06,767 [pool-172-thread-1] INFO  server.RaftServerConfigKeys (ConfUtils.java:logGet(43)) - raft.server.log.force.sync.num = 128 (default)
2019-11-13 22:06:06,768 [pool-172-thread-1] INFO  server.RaftServerConfigKeys (ConfUtils.java:logGet(43)) - raft.server.log.statemachine.data.sync = true (default)
2019-11-13 22:06:06,768 [pool-172-thread-1] INFO  server.RaftServerConfigKeys (ConfUtils.java:logGet(43)) - raft.server.log.statemachine.data.sync.timeout = 10s (default)
2019-11-13 22:06:06,768 [pool-172-thread-1] INFO  server.RaftServerConfigKeys (ConfUtils.java:logGet(43)) - raft.server.log.statemachine.data.sync.timeout.retry = -1 (default)
2019-11-13 22:06:06,768 [pool-172-thread-1] INFO  server.RaftServerConfigKeys (ConfUtils.java:logGet(43)) - raft.server.log.statemachine.data.caching.enabled = true (custom)
2019-11-13 22:06:06,768 [pool-172-thread-1] INFO  segmented.SegmentedRaftLogWorker (SegmentedRaftLogWorker.java:lambda$new$0(128)) - 52753b73-fd3b-4321-bab5-4a2e8177045b@group-1617808EE885-SegmentedRaftLogWorker: flushIndex: setUnconditionally 0 -> -1
2019-11-13 22:06:06,769 [pool-172-thread-1] INFO  server.RaftServerConfigKeys (ConfUtils.java:logGet(43)) - raft.server.snapshot.auto.trigger.enabled = true (custom)
2019-11-13 22:06:06,769 [pool-172-thread-1] INFO  server.RaftServerConfigKeys (ConfUtils.java:logGet(43)) - raft.server.snapshot.auto.trigger.threshold = 10000 (custom)
2019-11-13 22:06:06,769 [pool-172-thread-1] INFO  server.RaftServerConfigKeys (ConfUtils.java:logGet(43)) - raft.server.snapshot.retention.file.num = 5 (custom)
2019-11-13 22:06:06,769 [pool-172-thread-1] INFO  server.RaftServerConfigKeys (ConfUtils.java:logGet(43)) - raft.server.retrycache.expirytime = 600000ms (custom)
2019-11-13 22:06:06,769 [pool-172-thread-1] WARN  impl.MetricRegistriesImpl (MetricRegistriesImpl.java:lambda$create$1(61)) - First MetricRegistry has been created without registering reporters. You may need to call MetricRegistries.global().addReportRegistration(...) before.
2019-11-13 22:06:06,769 [pool-172-thread-1] WARN  impl.MetricRegistriesImpl (MetricRegistriesImpl.java:lambda$create$1(61)) - First MetricRegistry has been created without registering reporters. You may need to call MetricRegistries.global().addReportRegistration(...) before.
2019-11-13 22:06:06,770 [pool-172-thread-1] INFO  impl.RaftServerImpl (RaftServerImpl.java:start(184)) - 52753b73-fd3b-4321-bab5-4a2e8177045b@group-1617808EE885: start as a follower, conf=-1: [52753b73-fd3b-4321-bab5-4a2e8177045b:192.168.164.237:32948], old=null
2019-11-13 22:06:06,770 [pool-172-thread-1] INFO  impl.RaftServerImpl (RaftServerImpl.java:setRole(173)) - 52753b73-fd3b-4321-bab5-4a2e8177045b@group-1617808EE885: changes role from      null to FOLLOWER at term 0 for startAsFollower
2019-11-13 22:06:06,770 [pool-172-thread-1] INFO  impl.RoleInfo (RoleInfo.java:updateAndGet(143)) - 52753b73-fd3b-4321-bab5-4a2e8177045b: start FollowerState
2019-11-13 22:06:06,770 [pool-172-thread-1] INFO  util.JmxRegister (JmxRegister.java:tryRegister(44)) - Successfully registered JMX Bean with object name Ratis:service=RaftServer,group=group-1617808EE885,id=52753b73-fd3b-4321-bab5-4a2e8177045b
2019-11-13 22:06:06,771 [pool-172-thread-1] WARN  impl.MetricRegistriesImpl (MetricRegistriesImpl.java:lambda$create$1(61)) - First MetricRegistry has been created without registering reporters. You may need to call MetricRegistries.global().addReportRegistration(...) before.
2019-11-13 22:06:06,773 [RatisPipelineUtilsThread] INFO  pipeline.PipelineStateManager (PipelineStateManager.java:addPipeline(55)) - Created pipeline Pipeline[ Id: 1b749c44-6bd8-4971-886b-1617808ee885, Nodes: 52753b73-fd3b-4321-bab5-4a2e8177045b{ip: 192.168.164.237, host: pr-hdds-2471-vxr4w-2980416436, networkLocation: /default-rack, certSerialId: null}, Type:RATIS, Factor:ONE, State:ALLOCATED]
2019-11-13 22:06:06,785 [grpc-default-executor-5] INFO  impl.RaftServerProxy (RaftServerProxy.java:addNew(89)) - 52753b73-fd3b-4321-bab5-4a2e8177045b: addNew group-694E44E1A437:[5be39b6a-195c-499c-aaae-deebd243d90c:192.168.164.237:39727, d9ec6d9b-9212-4a70-b93c-d3980a23303d:192.168.164.237:34242, 52753b73-fd3b-4321-bab5-4a2e8177045b:192.168.164.237:32948] returns group-694E44E1A437:java.util.concurrent.CompletableFuture@67c2792e[Not completed]
2019-11-13 22:06:06,786 [grpc-default-executor-5] INFO  impl.RaftServerProxy (RaftServerProxy.java:addNew(89)) - 5be39b6a-195c-499c-aaae-deebd243d90c: addNew group-694E44E1A437:[5be39b6a-195c-499c-aaae-deebd243d90c:192.168.164.237:39727, d9ec6d9b-9212-4a70-b93c-d3980a23303d:192.168.164.237:34242, 52753b73-fd3b-4321-bab5-4a2e8177045b:192.168.164.237:32948] returns group-694E44E1A437:java.util.concurrent.CompletableFuture@3f332bde[Not completed]
2019-11-13 22:06:06,787 [pool-172-thread-1] INFO  impl.RaftServerImpl (RaftServerImpl.java:<init>(98)) - 52753b73-fd3b-4321-bab5-4a2e8177045b: new RaftServerImpl for group-694E44E1A437:[5be39b6a-195c-499c-aaae-deebd243d90c:192.168.164.237:39727, d9ec6d9b-9212-4a70-b93c-d3980a23303d:192.168.164.237:34242, 52753b73-fd3b-4321-bab5-4a2e8177045b:192.168.164.237:32948] with ContainerStateMachine:uninitialized
2019-11-13 22:06:06,787 [grpc-default-executor-0] INFO  impl.RaftServerProxy (RaftServerProxy.java:addNew(89)) - d9ec6d9b-9212-4a70-b93c-d3980a23303d: addNew group-694E44E1A437:[5be39b6a-195c-499c-aaae-deebd243d90c:192.168.164.237:39727, d9ec6d9b-9212-4a70-b93c-d3980a23303d:192.168.164.237:34242, 52753b73-fd3b-4321-bab5-4a2e8177045b:192.168.164.237:32948] returns group-694E44E1A437:java.util.concurrent.CompletableFuture@1e2a165a[Not completed]
2019-11-13 22:06:06,787 [pool-172-thread-1] INFO  server.RaftServerConfigKeys (ConfUtils.java:logGet(43)) - raft.server.rpc.timeout.min = 1s (custom)
2019-11-13 22:06:06,787 [pool-172-thread-1] INFO  server.RaftServerConfigKeys (ConfUtils.java:logGet(43)) - raft.server.rpc.timeout.max = 1200ms (custom)
2019-11-13 22:06:06,787 [pool-172-thread-1] INFO  server.RaftServerConfigKeys (ConfUtils.java:logGet(43)) - raft.server.rpcslowness.timeout = 120s (custom)
2019-11-13 22:06:06,787 [pool-172-thread-1] INFO  server.RaftServerConfigKeys (ConfUtils.java:logGet(43)) - raft.server.sleep.deviation.threshold = 300 (default)
2019-11-13 22:06:06,788 [pool-172-thread-1] INFO  server.RaftServerConfigKeys (ConfUtils.java:logGet(43)) - raft.server.log.appender.install.snapshot.enabled = false (custom)
2019-11-13 22:06:06,788 [pool-172-thread-1] INFO  impl.RaftServerImpl (ServerState.java:<init>(103)) - 52753b73-fd3b-4321-bab5-4a2e8177045b@group-694E44E1A437: ConfigurationManager, init=-1: [5be39b6a-195c-499c-aaae-deebd243d90c:192.168.164.237:39727, d9ec6d9b-9212-4a70-b93c-d3980a23303d:192.168.164.237:34242, 52753b73-fd3b-4321-bab5-4a2e8177045b:192.168.164.237:32948], old=null, confs=<EMPTY_MAP>
2019-11-13 22:06:06,788 [pool-172-thread-1] INFO  server.RaftServerConfigKeys (ConfUtils.java:logGet(43)) - raft.server.storage.dir = [/workdir/hadoop-ozone/integration-test/target/test-dir/MiniOzoneClusterImpl-7f102aba-c488-44cf-bcdb-425554d335ef/datanode-2/data/ratis] (custom)
2019-11-13 22:06:06,788 [pool-172-thread-1] INFO  server.RaftServerConfigKeys (ConfUtils.java:logGet(43)) - raft.server.log.corruption.policy = EXCEPTION (default)
2019-11-13 22:06:06,788 [pool-172-thread-1] INFO  storage.RaftStorageDirectory (RaftStorageDirectory.java:analyzeStorage(246)) - The storage directory /workdir/hadoop-ozone/integration-test/target/test-dir/MiniOzoneClusterImpl-7f102aba-c488-44cf-bcdb-425554d335ef/datanode-2/data/ratis/483487ce-8668-4a87-bc9a-694e44e1a437 does not exist. Creating ...
2019-11-13 22:06:06,788 [pool-152-thread-1] INFO  impl.RaftServerImpl (RaftServerImpl.java:<init>(98)) - 5be39b6a-195c-499c-aaae-deebd243d90c: new RaftServerImpl for group-694E44E1A437:[5be39b6a-195c-499c-aaae-deebd243d90c:192.168.164.237:39727, d9ec6d9b-9212-4a70-b93c-d3980a23303d:192.168.164.237:34242, 52753b73-fd3b-4321-bab5-4a2e8177045b:192.168.164.237:32948] with ContainerStateMachine:uninitialized
2019-11-13 22:06:06,789 [pool-152-thread-1] INFO  server.RaftServerConfigKeys (ConfUtils.java:logGet(43)) - raft.server.rpc.timeout.min = 1s (custom)
2019-11-13 22:06:06,789 [pool-152-thread-1] INFO  server.RaftServerConfigKeys (ConfUtils.java:logGet(43)) - raft.server.rpc.timeout.max = 1200ms (custom)
2019-11-13 22:06:06,789 [pool-152-thread-1] INFO  server.RaftServerConfigKeys (ConfUtils.java:logGet(43)) - raft.server.rpcslowness.timeout = 120s (custom)
2019-11-13 22:06:06,789 [pool-152-thread-1] INFO  server.RaftServerConfigKeys (ConfUtils.java:logGet(43)) - raft.server.sleep.deviation.threshold = 300 (default)
2019-11-13 22:06:06,789 [pool-152-thread-1] INFO  server.RaftServerConfigKeys (ConfUtils.java:logGet(43)) - raft.server.log.appender.install.snapshot.enabled = false (custom)
2019-11-13 22:06:06,789 [pool-162-thread-1] INFO  impl.RaftServerImpl (RaftServerImpl.java:<init>(98)) - d9ec6d9b-9212-4a70-b93c-d3980a23303d: new RaftServerImpl for group-694E44E1A437:[5be39b6a-195c-499c-aaae-deebd243d90c:192.168.164.237:39727, d9ec6d9b-9212-4a70-b93c-d3980a23303d:192.168.164.237:34242, 52753b73-fd3b-4321-bab5-4a2e8177045b:192.168.164.237:32948] with ContainerStateMachine:uninitialized
2019-11-13 22:06:06,789 [pool-152-thread-1] INFO  impl.RaftServerImpl (ServerState.java:<init>(103)) - 5be39b6a-195c-499c-aaae-deebd243d90c@group-694E44E1A437: ConfigurationManager, init=-1: [5be39b6a-195c-499c-aaae-deebd243d90c:192.168.164.237:39727, d9ec6d9b-9212-4a70-b93c-d3980a23303d:192.168.164.237:34242, 52753b73-fd3b-4321-bab5-4a2e8177045b:192.168.164.237:32948], old=null, confs=<EMPTY_MAP>
2019-11-13 22:06:06,790 [pool-162-thread-1] INFO  server.RaftServerConfigKeys (ConfUtils.java:logGet(43)) - raft.server.rpc.timeout.min = 1s (custom)
2019-11-13 22:06:06,790 [pool-152-thread-1] INFO  server.RaftServerConfigKeys (ConfUtils.java:logGet(43)) - raft.server.storage.dir = [/workdir/hadoop-ozone/integration-test/target/test-dir/MiniOzoneClusterImpl-7f102aba-c488-44cf-bcdb-425554d335ef/datanode-0/data/ratis] (custom)
2019-11-13 22:06:06,790 [pool-162-thread-1] INFO  server.RaftServerConfigKeys (ConfUtils.java:logGet(43)) - raft.server.rpc.timeout.max = 1200ms (custom)
2019-11-13 22:06:06,790 [pool-162-thread-1] INFO  server.RaftServerConfigKeys (ConfUtils.java:logGet(43)) - raft.server.rpcslowness.timeout = 120s (custom)
2019-11-13 22:06:06,790 [pool-152-thread-1] INFO  server.RaftServerConfigKeys (ConfUtils.java:logGet(43)) - raft.server.log.corruption.policy = EXCEPTION (default)
2019-11-13 22:06:06,790 [pool-162-thread-1] INFO  server.RaftServerConfigKeys (ConfUtils.java:logGet(43)) - raft.server.sleep.deviation.threshold = 300 (default)
2019-11-13 22:06:06,791 [pool-162-thread-1] INFO  server.RaftServerConfigKeys (ConfUtils.java:logGet(43)) - raft.server.log.appender.install.snapshot.enabled = false (custom)
2019-11-13 22:06:06,791 [pool-152-thread-1] INFO  storage.RaftStorageDirectory (RaftStorageDirectory.java:analyzeStorage(246)) - The storage directory /workdir/hadoop-ozone/integration-test/target/test-dir/MiniOzoneClusterImpl-7f102aba-c488-44cf-bcdb-425554d335ef/datanode-0/data/ratis/483487ce-8668-4a87-bc9a-694e44e1a437 does not exist. Creating ...
2019-11-13 22:06:06,791 [pool-162-thread-1] INFO  impl.RaftServerImpl (ServerState.java:<init>(103)) - d9ec6d9b-9212-4a70-b93c-d3980a23303d@group-694E44E1A437: ConfigurationManager, init=-1: [5be39b6a-195c-499c-aaae-deebd243d90c:192.168.164.237:39727, d9ec6d9b-9212-4a70-b93c-d3980a23303d:192.168.164.237:34242, 52753b73-fd3b-4321-bab5-4a2e8177045b:192.168.164.237:32948], old=null, confs=<EMPTY_MAP>
2019-11-13 22:06:06,791 [pool-162-thread-1] INFO  server.RaftServerConfigKeys (ConfUtils.java:logGet(43)) - raft.server.storage.dir = [/workdir/hadoop-ozone/integration-test/target/test-dir/MiniOzoneClusterImpl-7f102aba-c488-44cf-bcdb-425554d335ef/datanode-1/data/ratis] (custom)
2019-11-13 22:06:06,791 [pool-162-thread-1] INFO  server.RaftServerConfigKeys (ConfUtils.java:logGet(43)) - raft.server.log.corruption.policy = EXCEPTION (default)
2019-11-13 22:06:06,792 [pool-162-thread-1] INFO  storage.RaftStorageDirectory (RaftStorageDirectory.java:analyzeStorage(246)) - The storage directory /workdir/hadoop-ozone/integration-test/target/test-dir/MiniOzoneClusterImpl-7f102aba-c488-44cf-bcdb-425554d335ef/datanode-1/data/ratis/483487ce-8668-4a87-bc9a-694e44e1a437 does not exist. Creating ...
2019-11-13 22:06:06,801 [pool-162-thread-1] INFO  storage.RaftStorageDirectory (RaftStorageDirectory.java:tryLock(328)) - Lock on /workdir/hadoop-ozone/integration-test/target/test-dir/MiniOzoneClusterImpl-7f102aba-c488-44cf-bcdb-425554d335ef/datanode-1/data/ratis/483487ce-8668-4a87-bc9a-694e44e1a437/in_use.lock acquired by nodename 22306@pr-hdds-2471-vxr4w-2980416436
2019-11-13 22:06:06,801 [pool-152-thread-1] INFO  storage.RaftStorageDirectory (RaftStorageDirectory.java:tryLock(328)) - Lock on /workdir/hadoop-ozone/integration-test/target/test-dir/MiniOzoneClusterImpl-7f102aba-c488-44cf-bcdb-425554d335ef/datanode-0/data/ratis/483487ce-8668-4a87-bc9a-694e44e1a437/in_use.lock acquired by nodename 22306@pr-hdds-2471-vxr4w-2980416436
2019-11-13 22:06:06,801 [pool-172-thread-1] INFO  storage.RaftStorageDirectory (RaftStorageDirectory.java:tryLock(328)) - Lock on /workdir/hadoop-ozone/integration-test/target/test-dir/MiniOzoneClusterImpl-7f102aba-c488-44cf-bcdb-425554d335ef/datanode-2/data/ratis/483487ce-8668-4a87-bc9a-694e44e1a437/in_use.lock acquired by nodename 22306@pr-hdds-2471-vxr4w-2980416436
2019-11-13 22:06:06,805 [IPC Server handler 5 on 38438] INFO  net.NetworkTopology (NetworkTopologyImpl.java:add(111)) - Added a new node: /default-rack/7b888e0e-6a0f-4b0e-88cc-e0733c42ba91
2019-11-13 22:06:06,805 [IPC Server handler 5 on 38438] INFO  node.SCMNodeManager (SCMNodeManager.java:register(267)) - Registered Data node : 7b888e0e-6a0f-4b0e-88cc-e0733c42ba91{ip: 192.168.164.237, host: pr-hdds-2471-vxr4w-2980416436, networkLocation: /default-rack, certSerialId: null}
2019-11-13 22:06:06,815 [pool-152-thread-1] INFO  storage.RaftStorage (RaftStorage.java:format(84)) - Storage directory /workdir/hadoop-ozone/integration-test/target/test-dir/MiniOzoneClusterImpl-7f102aba-c488-44cf-bcdb-425554d335ef/datanode-0/data/ratis/483487ce-8668-4a87-bc9a-694e44e1a437 has been successfully formatted.
2019-11-13 22:06:06,815 [pool-162-thread-1] INFO  storage.RaftStorage (RaftStorage.java:format(84)) - Storage directory /workdir/hadoop-ozone/integration-test/target/test-dir/MiniOzoneClusterImpl-7f102aba-c488-44cf-bcdb-425554d335ef/datanode-1/data/ratis/483487ce-8668-4a87-bc9a-694e44e1a437 has been successfully formatted.
2019-11-13 22:06:06,815 [pool-172-thread-1] INFO  storage.RaftStorage (RaftStorage.java:format(84)) - Storage directory /workdir/hadoop-ozone/integration-test/target/test-dir/MiniOzoneClusterImpl-7f102aba-c488-44cf-bcdb-425554d335ef/datanode-2/data/ratis/483487ce-8668-4a87-bc9a-694e44e1a437 has been successfully formatted.
2019-11-13 22:06:06,815 [pool-152-thread-1] INFO  ratis.ContainerStateMachine (ContainerStateMachine.java:loadSnapshot(223)) - group-694E44E1A437: The snapshot info is null. Setting the last applied indexto:(t:0, i:~)
2019-11-13 22:06:06,816 [pool-162-thread-1] INFO  ratis.ContainerStateMachine (ContainerStateMachine.java:loadSnapshot(223)) - group-694E44E1A437: The snapshot info is null. Setting the last applied indexto:(t:0, i:~)
2019-11-13 22:06:06,816 [pool-152-thread-1] INFO  server.RaftServerConfigKeys (ConfUtils.java:logGet(43)) - raft.server.notification.no-leader.timeout = 120s (custom)
2019-11-13 22:06:06,816 [pool-172-thread-1] INFO  ratis.ContainerStateMachine (ContainerStateMachine.java:loadSnapshot(223)) - group-694E44E1A437: The snapshot info is null. Setting the last applied indexto:(t:0, i:~)
2019-11-13 22:06:06,816 [pool-152-thread-1] INFO  server.RaftServerConfigKeys (ConfUtils.java:logGet(43)) - raft.server.log.use.memory = false (default)
2019-11-13 22:06:06,816 [pool-162-thread-1] INFO  server.RaftServerConfigKeys (ConfUtils.java:logGet(43)) - raft.server.notification.no-leader.timeout = 120s (custom)
2019-11-13 22:06:06,816 [pool-152-thread-1] INFO  server.RaftServerConfigKeys (ConfUtils.java:logGet(43)) - raft.server.log.purge.gap = 1000000 (custom)
2019-11-13 22:06:06,816 [pool-172-thread-1] INFO  server.RaftServerConfigKeys (ConfUtils.java:logGet(43)) - raft.server.notification.no-leader.timeout = 120s (custom)
2019-11-13 22:06:06,816 [pool-152-thread-1] INFO  server.RaftServerConfigKeys (ConfUtils.java:logGet(43)) - raft.server.log.appender.buffer.byte-limit = 33554432 (custom)
2019-11-13 22:06:06,816 [pool-162-thread-1] INFO  server.RaftServerConfigKeys (ConfUtils.java:logGet(43)) - raft.server.log.use.memory = false (default)
2019-11-13 22:06:06,817 [pool-152-thread-1] INFO  server.RaftServerConfigKeys (ConfUtils.java:logGet(43)) - raft.server.log.segment.size.max = 1048576 (custom)
2019-11-13 22:06:06,817 [pool-172-thread-1] INFO  server.RaftServerConfigKeys (ConfUtils.java:logGet(43)) - raft.server.log.use.memory = false (default)
2019-11-13 22:06:06,817 [pool-152-thread-1] INFO  server.RaftServerConfigKeys (ConfUtils.java:logGet(43)) - raft.server.log.segment.cache.num.max = 2 (custom)
2019-11-13 22:06:06,817 [pool-162-thread-1] INFO  server.RaftServerConfigKeys (ConfUtils.java:logGet(43)) - raft.server.log.purge.gap = 1000000 (custom)
2019-11-13 22:06:06,817 [pool-152-thread-1] INFO  segmented.SegmentedRaftLogWorker (SegmentedRaftLogWorker.java:<init>(173)) - new 5be39b6a-195c-499c-aaae-deebd243d90c@group-694E44E1A437-SegmentedRaftLogWorker for RaftStorage:Storage Directory /workdir/hadoop-ozone/integration-test/target/test-dir/MiniOzoneClusterImpl-7f102aba-c488-44cf-bcdb-425554d335ef/datanode-0/data/ratis/483487ce-8668-4a87-bc9a-694e44e1a437
2019-11-13 22:06:06,817 [pool-172-thread-1] INFO  server.RaftServerConfigKeys (ConfUtils.java:logGet(43)) - raft.server.log.purge.gap = 1000000 (custom)
2019-11-13 22:06:06,817 [pool-152-thread-1] INFO  server.RaftServerConfigKeys (ConfUtils.java:logGet(43)) - raft.server.log.queue.byte-limit = 2147483647 (custom)
2019-11-13 22:06:06,817 [pool-162-thread-1] INFO  server.RaftServerConfigKeys (ConfUtils.java:logGet(43)) - raft.server.log.appender.buffer.byte-limit = 33554432 (custom)
2019-11-13 22:06:06,818 [pool-152-thread-1] INFO  server.RaftServerConfigKeys (ConfUtils.java:logGet(43)) - raft.server.log.queue.element-limit = 1024 (custom)
2019-11-13 22:06:06,817 [pool-172-thread-1] INFO  server.RaftServerConfigKeys (ConfUtils.java:logGet(43)) - raft.server.log.appender.buffer.byte-limit = 33554432 (custom)
2019-11-13 22:06:06,818 [pool-152-thread-1] INFO  server.RaftServerConfigKeys (ConfUtils.java:logGet(43)) - raft.server.log.segment.size.max = 1048576 (custom)
2019-11-13 22:06:06,818 [pool-162-thread-1] INFO  server.RaftServerConfigKeys (ConfUtils.java:logGet(43)) - raft.server.log.segment.size.max = 1048576 (custom)
2019-11-13 22:06:06,818 [pool-152-thread-1] INFO  server.RaftServerConfigKeys (ConfUtils.java:logGet(43)) - raft.server.log.preallocated.size = 16384 (custom)
2019-11-13 22:06:06,818 [pool-152-thread-1] INFO  server.RaftServerConfigKeys (ConfUtils.java:logGet(43)) - raft.server.log.write.buffer.size = 33554432 (custom)
2019-11-13 22:06:06,818 [pool-172-thread-1] INFO  server.RaftServerConfigKeys (ConfUtils.java:logGet(43)) - raft.server.log.segment.size.max = 1048576 (custom)
2019-11-13 22:06:06,818 [pool-152-thread-1] INFO  server.RaftServerConfigKeys (ConfUtils.java:logGet(43)) - raft.server.log.force.sync.num = 128 (default)
2019-11-13 22:06:06,819 [pool-172-thread-1] INFO  server.RaftServerConfigKeys (ConfUtils.java:logGet(43)) - raft.server.log.segment.cache.num.max = 2 (custom)
2019-11-13 22:06:06,818 [pool-162-thread-1] INFO  server.RaftServerConfigKeys (ConfUtils.java:logGet(43)) - raft.server.log.segment.cache.num.max = 2 (custom)
2019-11-13 22:06:06,819 [pool-172-thread-1] INFO  segmented.SegmentedRaftLogWorker (SegmentedRaftLogWorker.java:<init>(173)) - new 52753b73-fd3b-4321-bab5-4a2e8177045b@group-694E44E1A437-SegmentedRaftLogWorker for RaftStorage:Storage Directory /workdir/hadoop-ozone/integration-test/target/test-dir/MiniOzoneClusterImpl-7f102aba-c488-44cf-bcdb-425554d335ef/datanode-2/data/ratis/483487ce-8668-4a87-bc9a-694e44e1a437
2019-11-13 22:06:06,819 [pool-152-thread-1] INFO  server.RaftServerConfigKeys (ConfUtils.java:logGet(43)) - raft.server.log.statemachine.data.sync = true (default)
2019-11-13 22:06:06,819 [pool-172-thread-1] INFO  server.RaftServerConfigKeys (ConfUtils.java:logGet(43)) - raft.server.log.queue.byte-limit = 2147483647 (custom)
2019-11-13 22:06:06,819 [pool-162-thread-1] INFO  segmented.SegmentedRaftLogWorker (SegmentedRaftLogWorker.java:<init>(173)) - new d9ec6d9b-9212-4a70-b93c-d3980a23303d@group-694E44E1A437-SegmentedRaftLogWorker for RaftStorage:Storage Directory /workdir/hadoop-ozone/integration-test/target/test-dir/MiniOzoneClusterImpl-7f102aba-c488-44cf-bcdb-425554d335ef/datanode-1/data/ratis/483487ce-8668-4a87-bc9a-694e44e1a437
2019-11-13 22:06:06,819 [pool-172-thread-1] INFO  server.RaftServerConfigKeys (ConfUtils.java:logGet(43)) - raft.server.log.queue.element-limit = 1024 (custom)
2019-11-13 22:06:06,819 [pool-152-thread-1] INFO  server.RaftServerConfigKeys (ConfUtils.java:logGet(43)) - raft.server.log.statemachine.data.sync.timeout = 10s (default)
2019-11-13 22:06:06,820 [pool-172-thread-1] INFO  server.RaftServerConfigKeys (ConfUtils.java:logGet(43)) - raft.server.log.segment.size.max = 1048576 (custom)
2019-11-13 22:06:06,820 [pool-162-thread-1] INFO  server.RaftServerConfigKeys (ConfUtils.java:logGet(43)) - raft.server.log.queue.byte-limit = 2147483647 (custom)
2019-11-13 22:06:06,820 [pool-172-thread-1] INFO  server.RaftServerConfigKeys (ConfUtils.java:logGet(43)) - raft.server.log.preallocated.size = 16384 (custom)
2019-11-13 22:06:06,820 [pool-152-thread-1] INFO  server.RaftServerConfigKeys (ConfUtils.java:logGet(43)) - raft.server.log.statemachine.data.sync.timeout.retry = -1 (default)
2019-11-13 22:06:06,820 [pool-172-thread-1] INFO  server.RaftServerConfigKeys (ConfUtils.java:logGet(43)) - raft.server.log.write.buffer.size = 33554432 (custom)
2019-11-13 22:06:06,821 [pool-172-thread-1] INFO  server.RaftServerConfigKeys (ConfUtils.java:logGet(43)) - raft.server.log.force.sync.num = 128 (default)
2019-11-13 22:06:06,820 [pool-162-thread-1] INFO  server.RaftServerConfigKeys (ConfUtils.java:logGet(43)) - raft.server.log.queue.element-limit = 1024 (custom)
2019-11-13 22:06:06,821 [pool-172-thread-1] INFO  server.RaftServerConfigKeys (ConfUtils.java:logGet(43)) - raft.server.log.statemachine.data.sync = true (default)
2019-11-13 22:06:06,821 [pool-152-thread-1] INFO  server.RaftServerConfigKeys (ConfUtils.java:logGet(43)) - raft.server.log.statemachine.data.caching.enabled = true (custom)
2019-11-13 22:06:06,821 [pool-172-thread-1] INFO  server.RaftServerConfigKeys (ConfUtils.java:logGet(43)) - raft.server.log.statemachine.data.sync.timeout = 10s (default)
2019-11-13 22:06:06,821 [pool-152-thread-1] INFO  segmented.SegmentedRaftLogWorker (SegmentedRaftLogWorker.java:lambda$new$0(128)) - 5be39b6a-195c-499c-aaae-deebd243d90c@group-694E44E1A437-SegmentedRaftLogWorker: flushIndex: setUnconditionally 0 -> -1
2019-11-13 22:06:06,821 [pool-162-thread-1] INFO  server.RaftServerConfigKeys (ConfUtils.java:logGet(43)) - raft.server.log.segment.size.max = 1048576 (custom)
2019-11-13 22:06:06,821 [pool-172-thread-1] INFO  server.RaftServerConfigKeys (ConfUtils.java:logGet(43)) - raft.server.log.statemachine.data.sync.timeout.retry = -1 (default)
2019-11-13 22:06:06,822 [pool-162-thread-1] INFO  server.RaftServerConfigKeys (ConfUtils.java:logGet(43)) - raft.server.log.preallocated.size = 16384 (custom)
2019-11-13 22:06:06,822 [pool-152-thread-1] INFO  server.RaftServerConfigKeys (ConfUtils.java:logGet(43)) - raft.server.snapshot.auto.trigger.enabled = true (custom)
2019-11-13 22:06:06,822 [pool-162-thread-1] INFO  server.RaftServerConfigKeys (ConfUtils.java:logGet(43)) - raft.server.log.write.buffer.size = 33554432 (custom)
2019-11-13 22:06:06,822 [pool-172-thread-1] INFO  server.RaftServerConfigKeys (ConfUtils.java:logGet(43)) - raft.server.log.statemachine.data.caching.enabled = true (custom)
2019-11-13 22:06:06,822 [pool-162-thread-1] INFO  server.RaftServerConfigKeys (ConfUtils.java:logGet(43)) - raft.server.log.force.sync.num = 128 (default)
2019-11-13 22:06:06,822 [pool-152-thread-1] INFO  server.RaftServerConfigKeys (ConfUtils.java:logGet(43)) - raft.server.snapshot.auto.trigger.threshold = 10000 (custom)
2019-11-13 22:06:06,823 [pool-172-thread-1] INFO  segmented.SegmentedRaftLogWorker (SegmentedRaftLogWorker.java:lambda$new$0(128)) - 52753b73-fd3b-4321-bab5-4a2e8177045b@group-694E44E1A437-SegmentedRaftLogWorker: flushIndex: setUnconditionally 0 -> -1
2019-11-13 22:06:06,822 [pool-162-thread-1] INFO  server.RaftServerConfigKeys (ConfUtils.java:logGet(43)) - raft.server.log.statemachine.data.sync = true (default)
2019-11-13 22:06:06,823 [pool-152-thread-1] INFO  server.RaftServerConfigKeys (ConfUtils.java:logGet(43)) - raft.server.snapshot.retention.file.num = 5 (custom)
2019-11-13 22:06:06,823 [pool-162-thread-1] INFO  server.RaftServerConfigKeys (ConfUtils.java:logGet(43)) - raft.server.log.statemachine.data.sync.timeout = 10s (default)
2019-11-13 22:06:06,823 [pool-172-thread-1] INFO  server.RaftServerConfigKeys (ConfUtils.java:logGet(43)) - raft.server.snapshot.auto.trigger.enabled = true (custom)
2019-11-13 22:06:06,823 [pool-152-thread-1] INFO  server.RaftServerConfigKeys (ConfUtils.java:logGet(43)) - raft.server.retrycache.expirytime = 600000ms (custom)
2019-11-13 22:06:06,823 [pool-172-thread-1] INFO  server.RaftServerConfigKeys (ConfUtils.java:logGet(43)) - raft.server.snapshot.auto.trigger.threshold = 10000 (custom)
2019-11-13 22:06:06,823 [pool-162-thread-1] INFO  server.RaftServerConfigKeys (ConfUtils.java:logGet(43)) - raft.server.log.statemachine.data.sync.timeout.retry = -1 (default)
2019-11-13 22:06:06,823 [pool-172-thread-1] INFO  server.RaftServerConfigKeys (ConfUtils.java:logGet(43)) - raft.server.snapshot.retention.file.num = 5 (custom)
2019-11-13 22:06:06,823 [pool-152-thread-1] WARN  impl.MetricRegistriesImpl (MetricRegistriesImpl.java:lambda$create$1(61)) - First MetricRegistry has been created without registering reporters. You may need to call MetricRegistries.global().addReportRegistration(...) before.
2019-11-13 22:06:06,824 [pool-172-thread-1] INFO  server.RaftServerConfigKeys (ConfUtils.java:logGet(43)) - raft.server.retrycache.expirytime = 600000ms (custom)
2019-11-13 22:06:06,824 [pool-162-thread-1] INFO  server.RaftServerConfigKeys (ConfUtils.java:logGet(43)) - raft.server.log.statemachine.data.caching.enabled = true (custom)
2019-11-13 22:06:06,824 [pool-152-thread-1] WARN  impl.MetricRegistriesImpl (MetricRegistriesImpl.java:lambda$create$1(61)) - First MetricRegistry has been created without registering reporters. You may need to call MetricRegistries.global().addReportRegistration(...) before.
2019-11-13 22:06:06,824 [pool-172-thread-1] WARN  impl.MetricRegistriesImpl (MetricRegistriesImpl.java:lambda$create$1(61)) - First MetricRegistry has been created without registering reporters. You may need to call MetricRegistries.global().addReportRegistration(...) before.
2019-11-13 22:06:06,824 [pool-162-thread-1] INFO  segmented.SegmentedRaftLogWorker (SegmentedRaftLogWorker.java:lambda$new$0(128)) - d9ec6d9b-9212-4a70-b93c-d3980a23303d@group-694E44E1A437-SegmentedRaftLogWorker: flushIndex: setUnconditionally 0 -> -1
2019-11-13 22:06:06,824 [pool-152-thread-1] INFO  impl.RaftServerImpl (RaftServerImpl.java:start(184)) - 5be39b6a-195c-499c-aaae-deebd243d90c@group-694E44E1A437: start as a follower, conf=-1: [5be39b6a-195c-499c-aaae-deebd243d90c:192.168.164.237:39727, d9ec6d9b-9212-4a70-b93c-d3980a23303d:192.168.164.237:34242, 52753b73-fd3b-4321-bab5-4a2e8177045b:192.168.164.237:32948], old=null
2019-11-13 22:06:06,824 [pool-172-thread-1] WARN  impl.MetricRegistriesImpl (MetricRegistriesImpl.java:lambda$create$1(61)) - First MetricRegistry has been created without registering reporters. You may need to call MetricRegistries.global().addReportRegistration(...) before.
2019-11-13 22:06:06,825 [pool-152-thread-1] INFO  impl.RaftServerImpl (RaftServerImpl.java:setRole(173)) - 5be39b6a-195c-499c-aaae-deebd243d90c@group-694E44E1A437: changes role from      null to FOLLOWER at term 0 for startAsFollower
2019-11-13 22:06:06,825 [pool-162-thread-1] INFO  server.RaftServerConfigKeys (ConfUtils.java:logGet(43)) - raft.server.snapshot.auto.trigger.enabled = true (custom)
2019-11-13 22:06:06,825 [pool-172-thread-1] INFO  impl.RaftServerImpl (RaftServerImpl.java:start(184)) - 52753b73-fd3b-4321-bab5-4a2e8177045b@group-694E44E1A437: start as a follower, conf=-1: [5be39b6a-195c-499c-aaae-deebd243d90c:192.168.164.237:39727, d9ec6d9b-9212-4a70-b93c-d3980a23303d:192.168.164.237:34242, 52753b73-fd3b-4321-bab5-4a2e8177045b:192.168.164.237:32948], old=null
2019-11-13 22:06:06,825 [pool-152-thread-1] INFO  impl.RoleInfo (RoleInfo.java:updateAndGet(143)) - 5be39b6a-195c-499c-aaae-deebd243d90c: start FollowerState
2019-11-13 22:06:06,825 [pool-172-thread-1] INFO  impl.RaftServerImpl (RaftServerImpl.java:setRole(173)) - 52753b73-fd3b-4321-bab5-4a2e8177045b@group-694E44E1A437: changes role from      null to FOLLOWER at term 0 for startAsFollower
2019-11-13 22:06:06,825 [pool-162-thread-1] INFO  server.RaftServerConfigKeys (ConfUtils.java:logGet(43)) - raft.server.snapshot.auto.trigger.threshold = 10000 (custom)
2019-11-13 22:06:06,826 [pool-152-thread-1] INFO  util.JmxRegister (JmxRegister.java:tryRegister(44)) - Successfully registered JMX Bean with object name Ratis:service=RaftServer,group=group-694E44E1A437,id=5be39b6a-195c-499c-aaae-deebd243d90c
2019-11-13 22:06:06,826 [pool-172-thread-1] INFO  impl.RoleInfo (RoleInfo.java:updateAndGet(143)) - 52753b73-fd3b-4321-bab5-4a2e8177045b: start FollowerState
2019-11-13 22:06:06,826 [pool-152-thread-1] WARN  impl.MetricRegistriesImpl (MetricRegistriesImpl.java:lambda$create$1(61)) - First MetricRegistry has been created without registering reporters. You may need to call MetricRegistries.global().addReportRegistration(...) before.
2019-11-13 22:06:06,826 [pool-162-thread-1] INFO  server.RaftServerConfigKeys (ConfUtils.java:logGet(43)) - raft.server.snapshot.retention.file.num = 5 (custom)
2019-11-13 22:06:06,827 [pool-162-thread-1] INFO  server.RaftServerConfigKeys (ConfUtils.java:logGet(43)) - raft.server.retrycache.expirytime = 600000ms (custom)
2019-11-13 22:06:06,827 [pool-172-thread-1] INFO  util.JmxRegister (JmxRegister.java:tryRegister(44)) - Successfully registered JMX Bean with object name Ratis:service=RaftServer,group=group-694E44E1A437,id=52753b73-fd3b-4321-bab5-4a2e8177045b
2019-11-13 22:06:06,827 [pool-162-thread-1] WARN  impl.MetricRegistriesImpl (MetricRegistriesImpl.java:lambda$create$1(61)) - First MetricRegistry has been created without registering reporters. You may need to call MetricRegistries.global().addReportRegistration(...) before.
2019-11-13 22:06:06,827 [pool-172-thread-1] WARN  impl.MetricRegistriesImpl (MetricRegistriesImpl.java:lambda$create$1(61)) - First MetricRegistry has been created without registering reporters. You may need to call MetricRegistries.global().addReportRegistration(...) before.
2019-11-13 22:06:06,827 [pool-162-thread-1] WARN  impl.MetricRegistriesImpl (MetricRegistriesImpl.java:lambda$create$1(61)) - First MetricRegistry has been created without registering reporters. You may need to call MetricRegistries.global().addReportRegistration(...) before.
2019-11-13 22:06:06,828 [pool-162-thread-1] INFO  impl.RaftServerImpl (RaftServerImpl.java:start(184)) - d9ec6d9b-9212-4a70-b93c-d3980a23303d@group-694E44E1A437: start as a follower, conf=-1: [5be39b6a-195c-499c-aaae-deebd243d90c:192.168.164.237:39727, d9ec6d9b-9212-4a70-b93c-d3980a23303d:192.168.164.237:34242, 52753b73-fd3b-4321-bab5-4a2e8177045b:192.168.164.237:32948], old=null
2019-11-13 22:06:06,828 [pool-162-thread-1] INFO  impl.RaftServerImpl (RaftServerImpl.java:setRole(173)) - d9ec6d9b-9212-4a70-b93c-d3980a23303d@group-694E44E1A437: changes role from      null to FOLLOWER at term 0 for startAsFollower
2019-11-13 22:06:06,828 [pool-162-thread-1] INFO  impl.RoleInfo (RoleInfo.java:updateAndGet(143)) - d9ec6d9b-9212-4a70-b93c-d3980a23303d: start FollowerState
2019-11-13 22:06:06,828 [pool-162-thread-1] INFO  util.JmxRegister (JmxRegister.java:tryRegister(44)) - Successfully registered JMX Bean with object name Ratis:service=RaftServer,group=group-694E44E1A437,id=d9ec6d9b-9212-4a70-b93c-d3980a23303d
2019-11-13 22:06:06,829 [pool-162-thread-1] WARN  impl.MetricRegistriesImpl (MetricRegistriesImpl.java:lambda$create$1(61)) - First MetricRegistry has been created without registering reporters. You may need to call MetricRegistries.global().addReportRegistration(...) before.
2019-11-13 22:06:06,832 [RatisPipelineUtilsThread] INFO  pipeline.PipelineStateManager (PipelineStateManager.java:addPipeline(55)) - Created pipeline Pipeline[ Id: 483487ce-8668-4a87-bc9a-694e44e1a437, Nodes: 5be39b6a-195c-499c-aaae-deebd243d90c{ip: 192.168.164.237, host: pr-hdds-2471-vxr4w-2980416436, networkLocation: /default-rack, certSerialId: null}52753b73-fd3b-4321-bab5-4a2e8177045b{ip: 192.168.164.237, host: pr-hdds-2471-vxr4w-2980416436, networkLocation: /default-rack, certSerialId: null}d9ec6d9b-9212-4a70-b93c-d3980a23303d{ip: 192.168.164.237, host: pr-hdds-2471-vxr4w-2980416436, networkLocation: /default-rack, certSerialId: null}, Type:RATIS, Factor:THREE, State:ALLOCATED]
2019-11-13 22:06:06,888 [IPC Server handler 2 on 38438] INFO  net.NetworkTopology (NetworkTopologyImpl.java:add(111)) - Added a new node: /default-rack/f7705811-6e65-4a57-b1c4-0cb13cee4425
2019-11-13 22:06:06,888 [IPC Server handler 2 on 38438] INFO  node.SCMNodeManager (SCMNodeManager.java:register(267)) - Registered Data node : f7705811-6e65-4a57-b1c4-0cb13cee4425{ip: 192.168.164.237, host: pr-hdds-2471-vxr4w-2980416436, networkLocation: /default-rack, certSerialId: null}
2019-11-13 22:06:06,896 [grpc-default-executor-0] INFO  impl.RaftServerProxy (RaftServerProxy.java:addNew(89)) - 7b888e0e-6a0f-4b0e-88cc-e0733c42ba91: addNew group-B508DE85176C:[7b888e0e-6a0f-4b0e-88cc-e0733c42ba91:192.168.164.237:44948] returns group-B508DE85176C:java.util.concurrent.CompletableFuture@8bc31de[Not completed]
2019-11-13 22:06:06,902 [pool-182-thread-1] INFO  impl.RaftServerImpl (RaftServerImpl.java:<init>(98)) - 7b888e0e-6a0f-4b0e-88cc-e0733c42ba91: new RaftServerImpl for group-B508DE85176C:[7b888e0e-6a0f-4b0e-88cc-e0733c42ba91:192.168.164.237:44948] with ContainerStateMachine:uninitialized
2019-11-13 22:06:06,902 [pool-182-thread-1] INFO  server.RaftServerConfigKeys (ConfUtils.java:logGet(43)) - raft.server.rpc.timeout.min = 1s (custom)
2019-11-13 22:06:06,903 [pool-182-thread-1] INFO  server.RaftServerConfigKeys (ConfUtils.java:logGet(43)) - raft.server.rpc.timeout.max = 1200ms (custom)
2019-11-13 22:06:06,903 [pool-182-thread-1] INFO  server.RaftServerConfigKeys (ConfUtils.java:logGet(43)) - raft.server.rpcslowness.timeout = 120s (custom)
2019-11-13 22:06:06,903 [pool-182-thread-1] INFO  server.RaftServerConfigKeys (ConfUtils.java:logGet(43)) - raft.server.sleep.deviation.threshold = 300 (default)
2019-11-13 22:06:06,903 [pool-182-thread-1] INFO  server.RaftServerConfigKeys (ConfUtils.java:logGet(43)) - raft.server.log.appender.install.snapshot.enabled = false (custom)
2019-11-13 22:06:06,903 [pool-182-thread-1] INFO  impl.RaftServerImpl (ServerState.java:<init>(103)) - 7b888e0e-6a0f-4b0e-88cc-e0733c42ba91@group-B508DE85176C: ConfigurationManager, init=-1: [7b888e0e-6a0f-4b0e-88cc-e0733c42ba91:192.168.164.237:44948], old=null, confs=<EMPTY_MAP>
2019-11-13 22:06:06,903 [pool-182-thread-1] INFO  server.RaftServerConfigKeys (ConfUtils.java:logGet(43)) - raft.server.storage.dir = [/workdir/hadoop-ozone/integration-test/target/test-dir/MiniOzoneClusterImpl-7f102aba-c488-44cf-bcdb-425554d335ef/datanode-3/data/ratis] (custom)
2019-11-13 22:06:06,904 [pool-182-thread-1] INFO  server.RaftServerConfigKeys (ConfUtils.java:logGet(43)) - raft.server.log.corruption.policy = EXCEPTION (default)
2019-11-13 22:06:06,904 [pool-182-thread-1] INFO  storage.RaftStorageDirectory (RaftStorageDirectory.java:analyzeStorage(246)) - The storage directory /workdir/hadoop-ozone/integration-test/target/test-dir/MiniOzoneClusterImpl-7f102aba-c488-44cf-bcdb-425554d335ef/datanode-3/data/ratis/dfc3b34c-2712-483f-b172-b508de85176c does not exist. Creating ...
2019-11-13 22:06:06,917 [pool-182-thread-1] INFO  storage.RaftStorageDirectory (RaftStorageDirectory.java:tryLock(328)) - Lock on /workdir/hadoop-ozone/integration-test/target/test-dir/MiniOzoneClusterImpl-7f102aba-c488-44cf-bcdb-425554d335ef/datanode-3/data/ratis/dfc3b34c-2712-483f-b172-b508de85176c/in_use.lock acquired by nodename 22306@pr-hdds-2471-vxr4w-2980416436
2019-11-13 22:06:06,946 [pool-182-thread-1] INFO  storage.RaftStorage (RaftStorage.java:format(84)) - Storage directory /workdir/hadoop-ozone/integration-test/target/test-dir/MiniOzoneClusterImpl-7f102aba-c488-44cf-bcdb-425554d335ef/datanode-3/data/ratis/dfc3b34c-2712-483f-b172-b508de85176c has been successfully formatted.
2019-11-13 22:06:06,946 [pool-182-thread-1] INFO  ratis.ContainerStateMachine (ContainerStateMachine.java:loadSnapshot(223)) - group-B508DE85176C: The snapshot info is null. Setting the last applied indexto:(t:0, i:~)
2019-11-13 22:06:06,946 [pool-182-thread-1] INFO  server.RaftServerConfigKeys (ConfUtils.java:logGet(43)) - raft.server.notification.no-leader.timeout = 120s (custom)
2019-11-13 22:06:06,946 [pool-182-thread-1] INFO  server.RaftServerConfigKeys (ConfUtils.java:logGet(43)) - raft.server.log.use.memory = false (default)
2019-11-13 22:06:06,947 [pool-182-thread-1] INFO  server.RaftServerConfigKeys (ConfUtils.java:logGet(43)) - raft.server.log.purge.gap = 1000000 (custom)
2019-11-13 22:06:06,947 [pool-182-thread-1] INFO  server.RaftServerConfigKeys (ConfUtils.java:logGet(43)) - raft.server.log.appender.buffer.byte-limit = 33554432 (custom)
2019-11-13 22:06:06,947 [pool-182-thread-1] INFO  server.RaftServerConfigKeys (ConfUtils.java:logGet(43)) - raft.server.log.segment.size.max = 1048576 (custom)
2019-11-13 22:06:06,947 [pool-182-thread-1] WARN  impl.MetricRegistriesImpl (MetricRegistriesImpl.java:lambda$create$1(61)) - First MetricRegistry has been created without registering reporters. You may need to call MetricRegistries.global().addReportRegistration(...) before.
2019-11-13 22:06:06,947 [pool-182-thread-1] INFO  server.RaftServerConfigKeys (ConfUtils.java:logGet(43)) - raft.server.log.segment.cache.num.max = 2 (custom)
2019-11-13 22:06:06,947 [pool-182-thread-1] INFO  segmented.SegmentedRaftLogWorker (SegmentedRaftLogWorker.java:<init>(173)) - new 7b888e0e-6a0f-4b0e-88cc-e0733c42ba91@group-B508DE85176C-SegmentedRaftLogWorker for RaftStorage:Storage Directory /workdir/hadoop-ozone/integration-test/target/test-dir/MiniOzoneClusterImpl-7f102aba-c488-44cf-bcdb-425554d335ef/datanode-3/data/ratis/dfc3b34c-2712-483f-b172-b508de85176c
2019-11-13 22:06:06,948 [pool-182-thread-1] INFO  server.RaftServerConfigKeys (ConfUtils.java:logGet(43)) - raft.server.log.queue.byte-limit = 2147483647 (custom)
2019-11-13 22:06:06,948 [pool-182-thread-1] INFO  server.RaftServerConfigKeys (ConfUtils.java:logGet(43)) - raft.server.log.queue.element-limit = 1024 (custom)
2019-11-13 22:06:06,948 [pool-182-thread-1] INFO  server.RaftServerConfigKeys (ConfUtils.java:logGet(43)) - raft.server.log.segment.size.max = 1048576 (custom)
2019-11-13 22:06:06,948 [pool-182-thread-1] INFO  server.RaftServerConfigKeys (ConfUtils.java:logGet(43)) - raft.server.log.preallocated.size = 16384 (custom)
2019-11-13 22:06:06,948 [pool-182-thread-1] INFO  server.RaftServerConfigKeys (ConfUtils.java:logGet(43)) - raft.server.log.write.buffer.size = 33554432 (custom)
2019-11-13 22:06:06,948 [pool-182-thread-1] INFO  server.RaftServerConfigKeys (ConfUtils.java:logGet(43)) - raft.server.log.force.sync.num = 128 (default)
2019-11-13 22:06:06,948 [pool-182-thread-1] INFO  server.RaftServerConfigKeys (ConfUtils.java:logGet(43)) - raft.server.log.statemachine.data.sync = true (default)
2019-11-13 22:06:06,949 [pool-182-thread-1] INFO  server.RaftServerConfigKeys (ConfUtils.java:logGet(43)) - raft.server.log.statemachine.data.sync.timeout = 10s (default)
2019-11-13 22:06:06,949 [pool-182-thread-1] INFO  server.RaftServerConfigKeys (ConfUtils.java:logGet(43)) - raft.server.log.statemachine.data.sync.timeout.retry = -1 (default)
2019-11-13 22:06:06,949 [pool-182-thread-1] INFO  server.RaftServerConfigKeys (ConfUtils.java:logGet(43)) - raft.server.log.statemachine.data.caching.enabled = true (custom)
2019-11-13 22:06:06,949 [pool-182-thread-1] INFO  segmented.SegmentedRaftLogWorker (SegmentedRaftLogWorker.java:lambda$new$0(128)) - 7b888e0e-6a0f-4b0e-88cc-e0733c42ba91@group-B508DE85176C-SegmentedRaftLogWorker: flushIndex: setUnconditionally 0 -> -1
2019-11-13 22:06:06,950 [pool-182-thread-1] INFO  server.RaftServerConfigKeys (ConfUtils.java:logGet(43)) - raft.server.snapshot.auto.trigger.enabled = true (custom)
2019-11-13 22:06:06,950 [pool-182-thread-1] INFO  server.RaftServerConfigKeys (ConfUtils.java:logGet(43)) - raft.server.snapshot.auto.trigger.threshold = 10000 (custom)
2019-11-13 22:06:06,950 [pool-182-thread-1] INFO  server.RaftServerConfigKeys (ConfUtils.java:logGet(43)) - raft.server.snapshot.retention.file.num = 5 (custom)
2019-11-13 22:06:06,950 [pool-182-thread-1] INFO  server.RaftServerConfigKeys (ConfUtils.java:logGet(43)) - raft.server.retrycache.expirytime = 600000ms (custom)
2019-11-13 22:06:06,950 [pool-182-thread-1] WARN  impl.MetricRegistriesImpl (MetricRegistriesImpl.java:lambda$create$1(61)) - First MetricRegistry has been created without registering reporters. You may need to call MetricRegistries.global().addReportRegistration(...) before.
2019-11-13 22:06:06,950 [pool-182-thread-1] WARN  impl.MetricRegistriesImpl (MetricRegistriesImpl.java:lambda$create$1(61)) - First MetricRegistry has been created without registering reporters. You may need to call MetricRegistries.global().addReportRegistration(...) before.
2019-11-13 22:06:06,951 [pool-182-thread-1] INFO  impl.RaftServerImpl (RaftServerImpl.java:start(184)) - 7b888e0e-6a0f-4b0e-88cc-e0733c42ba91@group-B508DE85176C: start as a follower, conf=-1: [7b888e0e-6a0f-4b0e-88cc-e0733c42ba91:192.168.164.237:44948], old=null
2019-11-13 22:06:06,951 [pool-182-thread-1] INFO  impl.RaftServerImpl (RaftServerImpl.java:setRole(173)) - 7b888e0e-6a0f-4b0e-88cc-e0733c42ba91@group-B508DE85176C: changes role from      null to FOLLOWER at term 0 for startAsFollower
2019-11-13 22:06:06,951 [pool-182-thread-1] INFO  impl.RoleInfo (RoleInfo.java:updateAndGet(143)) - 7b888e0e-6a0f-4b0e-88cc-e0733c42ba91: start FollowerState
2019-11-13 22:06:06,951 [pool-182-thread-1] INFO  util.JmxRegister (JmxRegister.java:tryRegister(44)) - Successfully registered JMX Bean with object name Ratis:service=RaftServer,group=group-B508DE85176C,id=7b888e0e-6a0f-4b0e-88cc-e0733c42ba91
2019-11-13 22:06:06,952 [pool-182-thread-1] WARN  impl.MetricRegistriesImpl (MetricRegistriesImpl.java:lambda$create$1(61)) - First MetricRegistry has been created without registering reporters. You may need to call MetricRegistries.global().addReportRegistration(...) before.
2019-11-13 22:06:06,955 [RatisPipelineUtilsThread] INFO  pipeline.PipelineStateManager (PipelineStateManager.java:addPipeline(55)) - Created pipeline Pipeline[ Id: dfc3b34c-2712-483f-b172-b508de85176c, Nodes: 7b888e0e-6a0f-4b0e-88cc-e0733c42ba91{ip: 192.168.164.237, host: pr-hdds-2471-vxr4w-2980416436, networkLocation: /default-rack, certSerialId: null}, Type:RATIS, Factor:ONE, State:ALLOCATED]
2019-11-13 22:06:06,961 [grpc-default-executor-0] INFO  impl.RaftServerProxy (RaftServerProxy.java:addNew(89)) - f7705811-6e65-4a57-b1c4-0cb13cee4425: addNew group-36FB0721BED8:[f7705811-6e65-4a57-b1c4-0cb13cee4425:192.168.164.237:42605] returns group-36FB0721BED8:java.util.concurrent.CompletableFuture@1589cd86[Not completed]
2019-11-13 22:06:06,967 [pool-192-thread-1] INFO  impl.RaftServerImpl (RaftServerImpl.java:<init>(98)) - f7705811-6e65-4a57-b1c4-0cb13cee4425: new RaftServerImpl for group-36FB0721BED8:[f7705811-6e65-4a57-b1c4-0cb13cee4425:192.168.164.237:42605] with ContainerStateMachine:uninitialized
2019-11-13 22:06:06,967 [pool-192-thread-1] INFO  server.RaftServerConfigKeys (ConfUtils.java:logGet(43)) - raft.server.rpc.timeout.min = 1s (custom)
2019-11-13 22:06:06,967 [pool-192-thread-1] INFO  server.RaftServerConfigKeys (ConfUtils.java:logGet(43)) - raft.server.rpc.timeout.max = 1200ms (custom)
2019-11-13 22:06:06,967 [pool-192-thread-1] INFO  server.RaftServerConfigKeys (ConfUtils.java:logGet(43)) - raft.server.rpcslowness.timeout = 120s (custom)
2019-11-13 22:06:06,967 [pool-192-thread-1] INFO  server.RaftServerConfigKeys (ConfUtils.java:logGet(43)) - raft.server.sleep.deviation.threshold = 300 (default)
2019-11-13 22:06:06,968 [pool-192-thread-1] INFO  server.RaftServerConfigKeys (ConfUtils.java:logGet(43)) - raft.server.log.appender.install.snapshot.enabled = false (custom)
2019-11-13 22:06:06,968 [pool-192-thread-1] INFO  impl.RaftServerImpl (ServerState.java:<init>(103)) - f7705811-6e65-4a57-b1c4-0cb13cee4425@group-36FB0721BED8: ConfigurationManager, init=-1: [f7705811-6e65-4a57-b1c4-0cb13cee4425:192.168.164.237:42605], old=null, confs=<EMPTY_MAP>
2019-11-13 22:06:06,968 [pool-192-thread-1] INFO  server.RaftServerConfigKeys (ConfUtils.java:logGet(43)) - raft.server.storage.dir = [/workdir/hadoop-ozone/integration-test/target/test-dir/MiniOzoneClusterImpl-7f102aba-c488-44cf-bcdb-425554d335ef/datanode-4/data/ratis] (custom)
2019-11-13 22:06:06,968 [pool-192-thread-1] INFO  server.RaftServerConfigKeys (ConfUtils.java:logGet(43)) - raft.server.log.corruption.policy = EXCEPTION (default)
2019-11-13 22:06:06,968 [pool-192-thread-1] INFO  storage.RaftStorageDirectory (RaftStorageDirectory.java:analyzeStorage(246)) - The storage directory /workdir/hadoop-ozone/integration-test/target/test-dir/MiniOzoneClusterImpl-7f102aba-c488-44cf-bcdb-425554d335ef/datanode-4/data/ratis/1acacbda-ba8e-43d9-b531-36fb0721bed8 does not exist. Creating ...
2019-11-13 22:06:06,976 [IPC Server handler 9 on 38438] INFO  net.NetworkTopology (NetworkTopologyImpl.java:add(111)) - Added a new node: /default-rack/b437d6a1-54f9-495c-b2fd-bb696abd9804
2019-11-13 22:06:06,976 [IPC Server handler 9 on 38438] INFO  node.SCMNodeManager (SCMNodeManager.java:register(267)) - Registered Data node : b437d6a1-54f9-495c-b2fd-bb696abd9804{ip: 192.168.164.237, host: pr-hdds-2471-vxr4w-2980416436, networkLocation: /default-rack, certSerialId: null}
2019-11-13 22:06:06,981 [pool-192-thread-1] INFO  storage.RaftStorageDirectory (RaftStorageDirectory.java:tryLock(328)) - Lock on /workdir/hadoop-ozone/integration-test/target/test-dir/MiniOzoneClusterImpl-7f102aba-c488-44cf-bcdb-425554d335ef/datanode-4/data/ratis/1acacbda-ba8e-43d9-b531-36fb0721bed8/in_use.lock acquired by nodename 22306@pr-hdds-2471-vxr4w-2980416436
2019-11-13 22:06:06,994 [pool-192-thread-1] INFO  storage.RaftStorage (RaftStorage.java:format(84)) - Storage directory /workdir/hadoop-ozone/integration-test/target/test-dir/MiniOzoneClusterImpl-7f102aba-c488-44cf-bcdb-425554d335ef/datanode-4/data/ratis/1acacbda-ba8e-43d9-b531-36fb0721bed8 has been successfully formatted.
2019-11-13 22:06:06,994 [pool-192-thread-1] INFO  ratis.ContainerStateMachine (ContainerStateMachine.java:loadSnapshot(223)) - group-36FB0721BED8: The snapshot info is null. Setting the last applied indexto:(t:0, i:~)
2019-11-13 22:06:06,994 [pool-192-thread-1] INFO  server.RaftServerConfigKeys (ConfUtils.java:logGet(43)) - raft.server.notification.no-leader.timeout = 120s (custom)
2019-11-13 22:06:06,995 [pool-192-thread-1] INFO  server.RaftServerConfigKeys (ConfUtils.java:logGet(43)) - raft.server.log.use.memory = false (default)
2019-11-13 22:06:06,995 [pool-192-thread-1] INFO  server.RaftServerConfigKeys (ConfUtils.java:logGet(43)) - raft.server.log.purge.gap = 1000000 (custom)
2019-11-13 22:06:06,995 [pool-192-thread-1] INFO  server.RaftServerConfigKeys (ConfUtils.java:logGet(43)) - raft.server.log.appender.buffer.byte-limit = 33554432 (custom)
2019-11-13 22:06:06,995 [pool-192-thread-1] INFO  server.RaftServerConfigKeys (ConfUtils.java:logGet(43)) - raft.server.log.segment.size.max = 1048576 (custom)
2019-11-13 22:06:06,995 [pool-192-thread-1] WARN  impl.MetricRegistriesImpl (MetricRegistriesImpl.java:lambda$create$1(61)) - First MetricRegistry has been created without registering reporters. You may need to call MetricRegistries.global().addReportRegistration(...) before.
2019-11-13 22:06:06,995 [pool-192-thread-1] INFO  server.RaftServerConfigKeys (ConfUtils.java:logGet(43)) - raft.server.log.segment.cache.num.max = 2 (custom)
2019-11-13 22:06:06,995 [pool-192-thread-1] INFO  segmented.SegmentedRaftLogWorker (SegmentedRaftLogWorker.java:<init>(173)) - new f7705811-6e65-4a57-b1c4-0cb13cee4425@group-36FB0721BED8-SegmentedRaftLogWorker for RaftStorage:Storage Directory /workdir/hadoop-ozone/integration-test/target/test-dir/MiniOzoneClusterImpl-7f102aba-c488-44cf-bcdb-425554d335ef/datanode-4/data/ratis/1acacbda-ba8e-43d9-b531-36fb0721bed8
2019-11-13 22:06:06,996 [pool-192-thread-1] INFO  server.RaftServerConfigKeys (ConfUtils.java:logGet(43)) - raft.server.log.queue.byte-limit = 2147483647 (custom)
2019-11-13 22:06:06,996 [pool-192-thread-1] INFO  server.RaftServerConfigKeys (ConfUtils.java:logGet(43)) - raft.server.log.queue.element-limit = 1024 (custom)
2019-11-13 22:06:06,996 [pool-192-thread-1] INFO  server.RaftServerConfigKeys (ConfUtils.java:logGet(43)) - raft.server.log.segment.size.max = 1048576 (custom)
2019-11-13 22:06:06,996 [pool-192-thread-1] INFO  server.RaftServerConfigKeys (ConfUtils.java:logGet(43)) - raft.server.log.preallocated.size = 16384 (custom)
2019-11-13 22:06:06,996 [pool-192-thread-1] INFO  server.RaftServerConfigKeys (ConfUtils.java:logGet(43)) - raft.server.log.write.buffer.size = 33554432 (custom)
2019-11-13 22:06:06,996 [pool-192-thread-1] INFO  server.RaftServerConfigKeys (ConfUtils.java:logGet(43)) - raft.server.log.force.sync.num = 128 (default)
2019-11-13 22:06:06,996 [pool-192-thread-1] INFO  server.RaftServerConfigKeys (ConfUtils.java:logGet(43)) - raft.server.log.statemachine.data.sync = true (default)
2019-11-13 22:06:06,996 [pool-192-thread-1] INFO  server.RaftServerConfigKeys (ConfUtils.java:logGet(43)) - raft.server.log.statemachine.data.sync.timeout = 10s (default)
2019-11-13 22:06:06,997 [pool-192-thread-1] INFO  server.RaftServerConfigKeys (ConfUtils.java:logGet(43)) - raft.server.log.statemachine.data.sync.timeout.retry = -1 (default)
2019-11-13 22:06:06,997 [pool-192-thread-1] INFO  server.RaftServerConfigKeys (ConfUtils.java:logGet(43)) - raft.server.log.statemachine.data.caching.enabled = true (custom)
2019-11-13 22:06:06,997 [pool-192-thread-1] INFO  segmented.SegmentedRaftLogWorker (SegmentedRaftLogWorker.java:lambda$new$0(128)) - f7705811-6e65-4a57-b1c4-0cb13cee4425@group-36FB0721BED8-SegmentedRaftLogWorker: flushIndex: setUnconditionally 0 -> -1
2019-11-13 22:06:06,997 [pool-192-thread-1] INFO  server.RaftServerConfigKeys (ConfUtils.java:logGet(43)) - raft.server.snapshot.auto.trigger.enabled = true (custom)
2019-11-13 22:06:06,998 [pool-192-thread-1] INFO  server.RaftServerConfigKeys (ConfUtils.java:logGet(43)) - raft.server.snapshot.auto.trigger.threshold = 10000 (custom)
2019-11-13 22:06:06,998 [pool-192-thread-1] INFO  server.RaftServerConfigKeys (ConfUtils.java:logGet(43)) - raft.server.snapshot.retention.file.num = 5 (custom)
2019-11-13 22:06:06,998 [pool-192-thread-1] INFO  server.RaftServerConfigKeys (ConfUtils.java:logGet(43)) - raft.server.retrycache.expirytime = 600000ms (custom)
2019-11-13 22:06:06,998 [pool-192-thread-1] WARN  impl.MetricRegistriesImpl (MetricRegistriesImpl.java:lambda$create$1(61)) - First MetricRegistry has been created without registering reporters. You may need to call MetricRegistries.global().addReportRegistration(...) before.
2019-11-13 22:06:06,998 [pool-192-thread-1] WARN  impl.MetricRegistriesImpl (MetricRegistriesImpl.java:lambda$create$1(61)) - First MetricRegistry has been created without registering reporters. You may need to call MetricRegistries.global().addReportRegistration(...) before.
2019-11-13 22:06:06,998 [pool-192-thread-1] INFO  impl.RaftServerImpl (RaftServerImpl.java:start(184)) - f7705811-6e65-4a57-b1c4-0cb13cee4425@group-36FB0721BED8: start as a follower, conf=-1: [f7705811-6e65-4a57-b1c4-0cb13cee4425:192.168.164.237:42605], old=null
2019-11-13 22:06:06,999 [pool-192-thread-1] INFO  impl.RaftServerImpl (RaftServerImpl.java:setRole(173)) - f7705811-6e65-4a57-b1c4-0cb13cee4425@group-36FB0721BED8: changes role from      null to FOLLOWER at term 0 for startAsFollower
2019-11-13 22:06:06,999 [pool-192-thread-1] INFO  impl.RoleInfo (RoleInfo.java:updateAndGet(143)) - f7705811-6e65-4a57-b1c4-0cb13cee4425: start FollowerState
2019-11-13 22:06:06,999 [pool-192-thread-1] INFO  util.JmxRegister (JmxRegister.java:tryRegister(44)) - Successfully registered JMX Bean with object name Ratis:service=RaftServer,group=group-36FB0721BED8,id=f7705811-6e65-4a57-b1c4-0cb13cee4425
2019-11-13 22:06:06,999 [pool-192-thread-1] WARN  impl.MetricRegistriesImpl (MetricRegistriesImpl.java:lambda$create$1(61)) - First MetricRegistry has been created without registering reporters. You may need to call MetricRegistries.global().addReportRegistration(...) before.
2019-11-13 22:06:07,002 [RatisPipelineUtilsThread] INFO  pipeline.PipelineStateManager (PipelineStateManager.java:addPipeline(55)) - Created pipeline Pipeline[ Id: 1acacbda-ba8e-43d9-b531-36fb0721bed8, Nodes: f7705811-6e65-4a57-b1c4-0cb13cee4425{ip: 192.168.164.237, host: pr-hdds-2471-vxr4w-2980416436, networkLocation: /default-rack, certSerialId: null}, Type:RATIS, Factor:ONE, State:ALLOCATED]
2019-11-13 22:06:07,010 [grpc-default-executor-0] INFO  impl.RaftServerProxy (RaftServerProxy.java:addNew(89)) - b437d6a1-54f9-495c-b2fd-bb696abd9804: addNew group-920E430DAA81:[b437d6a1-54f9-495c-b2fd-bb696abd9804:192.168.164.237:38716] returns group-920E430DAA81:java.util.concurrent.CompletableFuture@50e5cffc[Not completed]
2019-11-13 22:06:07,015 [pool-202-thread-1] INFO  impl.RaftServerImpl (RaftServerImpl.java:<init>(98)) - b437d6a1-54f9-495c-b2fd-bb696abd9804: new RaftServerImpl for group-920E430DAA81:[b437d6a1-54f9-495c-b2fd-bb696abd9804:192.168.164.237:38716] with ContainerStateMachine:uninitialized
2019-11-13 22:06:07,015 [pool-202-thread-1] INFO  server.RaftServerConfigKeys (ConfUtils.java:logGet(43)) - raft.server.rpc.timeout.min = 1s (custom)
2019-11-13 22:06:07,015 [pool-202-thread-1] INFO  server.RaftServerConfigKeys (ConfUtils.java:logGet(43)) - raft.server.rpc.timeout.max = 1200ms (custom)
2019-11-13 22:06:07,015 [pool-202-thread-1] INFO  server.RaftServerConfigKeys (ConfUtils.java:logGet(43)) - raft.server.rpcslowness.timeout = 120s (custom)
2019-11-13 22:06:07,015 [pool-202-thread-1] INFO  server.RaftServerConfigKeys (ConfUtils.java:logGet(43)) - raft.server.sleep.deviation.threshold = 300 (default)
2019-11-13 22:06:07,015 [pool-202-thread-1] INFO  server.RaftServerConfigKeys (ConfUtils.java:logGet(43)) - raft.server.log.appender.install.snapshot.enabled = false (custom)
2019-11-13 22:06:07,015 [pool-202-thread-1] INFO  impl.RaftServerImpl (ServerState.java:<init>(103)) - b437d6a1-54f9-495c-b2fd-bb696abd9804@group-920E430DAA81: ConfigurationManager, init=-1: [b437d6a1-54f9-495c-b2fd-bb696abd9804:192.168.164.237:38716], old=null, confs=<EMPTY_MAP>
2019-11-13 22:06:07,016 [pool-202-thread-1] INFO  server.RaftServerConfigKeys (ConfUtils.java:logGet(43)) - raft.server.storage.dir = [/workdir/hadoop-ozone/integration-test/target/test-dir/MiniOzoneClusterImpl-7f102aba-c488-44cf-bcdb-425554d335ef/datanode-5/data/ratis] (custom)
2019-11-13 22:06:07,016 [pool-202-thread-1] INFO  server.RaftServerConfigKeys (ConfUtils.java:logGet(43)) - raft.server.log.corruption.policy = EXCEPTION (default)
2019-11-13 22:06:07,016 [pool-202-thread-1] INFO  storage.RaftStorageDirectory (RaftStorageDirectory.java:analyzeStorage(246)) - The storage directory /workdir/hadoop-ozone/integration-test/target/test-dir/MiniOzoneClusterImpl-7f102aba-c488-44cf-bcdb-425554d335ef/datanode-5/data/ratis/4ef223a3-9651-41c6-9cfa-920e430daa81 does not exist. Creating ...
2019-11-13 22:06:07,029 [pool-202-thread-1] INFO  storage.RaftStorageDirectory (RaftStorageDirectory.java:tryLock(328)) - Lock on /workdir/hadoop-ozone/integration-test/target/test-dir/MiniOzoneClusterImpl-7f102aba-c488-44cf-bcdb-425554d335ef/datanode-5/data/ratis/4ef223a3-9651-41c6-9cfa-920e430daa81/in_use.lock acquired by nodename 22306@pr-hdds-2471-vxr4w-2980416436
2019-11-13 22:06:07,042 [pool-202-thread-1] INFO  storage.RaftStorage (RaftStorage.java:format(84)) - Storage directory /workdir/hadoop-ozone/integration-test/target/test-dir/MiniOzoneClusterImpl-7f102aba-c488-44cf-bcdb-425554d335ef/datanode-5/data/ratis/4ef223a3-9651-41c6-9cfa-920e430daa81 has been successfully formatted.
2019-11-13 22:06:07,042 [pool-202-thread-1] INFO  ratis.ContainerStateMachine (ContainerStateMachine.java:loadSnapshot(223)) - group-920E430DAA81: The snapshot info is null. Setting the last applied indexto:(t:0, i:~)
2019-11-13 22:06:07,042 [pool-202-thread-1] INFO  server.RaftServerConfigKeys (ConfUtils.java:logGet(43)) - raft.server.notification.no-leader.timeout = 120s (custom)
2019-11-13 22:06:07,042 [pool-202-thread-1] INFO  server.RaftServerConfigKeys (ConfUtils.java:logGet(43)) - raft.server.log.use.memory = false (default)
2019-11-13 22:06:07,042 [pool-202-thread-1] INFO  server.RaftServerConfigKeys (ConfUtils.java:logGet(43)) - raft.server.log.purge.gap = 1000000 (custom)
2019-11-13 22:06:07,042 [pool-202-thread-1] INFO  server.RaftServerConfigKeys (ConfUtils.java:logGet(43)) - raft.server.log.appender.buffer.byte-limit = 33554432 (custom)
2019-11-13 22:06:07,043 [pool-202-thread-1] INFO  server.RaftServerConfigKeys (ConfUtils.java:logGet(43)) - raft.server.log.segment.size.max = 1048576 (custom)
2019-11-13 22:06:07,043 [pool-202-thread-1] WARN  impl.MetricRegistriesImpl (MetricRegistriesImpl.java:lambda$create$1(61)) - First MetricRegistry has been created without registering reporters. You may need to call MetricRegistries.global().addReportRegistration(...) before.
2019-11-13 22:06:07,043 [pool-202-thread-1] INFO  server.RaftServerConfigKeys (ConfUtils.java:logGet(43)) - raft.server.log.segment.cache.num.max = 2 (custom)
2019-11-13 22:06:07,043 [pool-202-thread-1] INFO  segmented.SegmentedRaftLogWorker (SegmentedRaftLogWorker.java:<init>(173)) - new b437d6a1-54f9-495c-b2fd-bb696abd9804@group-920E430DAA81-SegmentedRaftLogWorker for RaftStorage:Storage Directory /workdir/hadoop-ozone/integration-test/target/test-dir/MiniOzoneClusterImpl-7f102aba-c488-44cf-bcdb-425554d335ef/datanode-5/data/ratis/4ef223a3-9651-41c6-9cfa-920e430daa81
2019-11-13 22:06:07,043 [pool-202-thread-1] INFO  server.RaftServerConfigKeys (ConfUtils.java:logGet(43)) - raft.server.log.queue.byte-limit = 2147483647 (custom)
2019-11-13 22:06:07,043 [pool-202-thread-1] INFO  server.RaftServerConfigKeys (ConfUtils.java:logGet(43)) - raft.server.log.queue.element-limit = 1024 (custom)
2019-11-13 22:06:07,043 [pool-202-thread-1] INFO  server.RaftServerConfigKeys (ConfUtils.java:logGet(43)) - raft.server.log.segment.size.max = 1048576 (custom)
2019-11-13 22:06:07,044 [pool-202-thread-1] INFO  server.RaftServerConfigKeys (ConfUtils.java:logGet(43)) - raft.server.log.preallocated.size = 16384 (custom)
2019-11-13 22:06:07,044 [pool-202-thread-1] INFO  server.RaftServerConfigKeys (ConfUtils.java:logGet(43)) - raft.server.log.write.buffer.size = 33554432 (custom)
2019-11-13 22:06:07,044 [pool-202-thread-1] INFO  server.RaftServerConfigKeys (ConfUtils.java:logGet(43)) - raft.server.log.force.sync.num = 128 (default)
2019-11-13 22:06:07,044 [pool-202-thread-1] INFO  server.RaftServerConfigKeys (ConfUtils.java:logGet(43)) - raft.server.log.statemachine.data.sync = true (default)
2019-11-13 22:06:07,044 [pool-202-thread-1] INFO  server.RaftServerConfigKeys (ConfUtils.java:logGet(43)) - raft.server.log.statemachine.data.sync.timeout = 10s (default)
2019-11-13 22:06:07,044 [pool-202-thread-1] INFO  server.RaftServerConfigKeys (ConfUtils.java:logGet(43)) - raft.server.log.statemachine.data.sync.timeout.retry = -1 (default)
2019-11-13 22:06:07,044 [pool-202-thread-1] INFO  server.RaftServerConfigKeys (ConfUtils.java:logGet(43)) - raft.server.log.statemachine.data.caching.enabled = true (custom)
2019-11-13 22:06:07,045 [pool-202-thread-1] INFO  segmented.SegmentedRaftLogWorker (SegmentedRaftLogWorker.java:lambda$new$0(128)) - b437d6a1-54f9-495c-b2fd-bb696abd9804@group-920E430DAA81-SegmentedRaftLogWorker: flushIndex: setUnconditionally 0 -> -1
2019-11-13 22:06:07,045 [pool-202-thread-1] INFO  server.RaftServerConfigKeys (ConfUtils.java:logGet(43)) - raft.server.snapshot.auto.trigger.enabled = true (custom)
2019-11-13 22:06:07,045 [pool-202-thread-1] INFO  server.RaftServerConfigKeys (ConfUtils.java:logGet(43)) - raft.server.snapshot.auto.trigger.threshold = 10000 (custom)
2019-11-13 22:06:07,045 [pool-202-thread-1] INFO  server.RaftServerConfigKeys (ConfUtils.java:logGet(43)) - raft.server.snapshot.retention.file.num = 5 (custom)
2019-11-13 22:06:07,045 [pool-202-thread-1] INFO  server.RaftServerConfigKeys (ConfUtils.java:logGet(43)) - raft.server.retrycache.expirytime = 600000ms (custom)
2019-11-13 22:06:07,046 [pool-202-thread-1] WARN  impl.MetricRegistriesImpl (MetricRegistriesImpl.java:lambda$create$1(61)) - First MetricRegistry has been created without registering reporters. You may need to call MetricRegistries.global().addReportRegistration(...) before.
2019-11-13 22:06:07,046 [pool-202-thread-1] WARN  impl.MetricRegistriesImpl (MetricRegistriesImpl.java:lambda$create$1(61)) - First MetricRegistry has been created without registering reporters. You may need to call MetricRegistries.global().addReportRegistration(...) before.
2019-11-13 22:06:07,046 [pool-202-thread-1] INFO  impl.RaftServerImpl (RaftServerImpl.java:start(184)) - b437d6a1-54f9-495c-b2fd-bb696abd9804@group-920E430DAA81: start as a follower, conf=-1: [b437d6a1-54f9-495c-b2fd-bb696abd9804:192.168.164.237:38716], old=null
2019-11-13 22:06:07,046 [pool-202-thread-1] INFO  impl.RaftServerImpl (RaftServerImpl.java:setRole(173)) - b437d6a1-54f9-495c-b2fd-bb696abd9804@group-920E430DAA81: changes role from      null to FOLLOWER at term 0 for startAsFollower
2019-11-13 22:06:07,046 [pool-202-thread-1] INFO  impl.RoleInfo (RoleInfo.java:updateAndGet(143)) - b437d6a1-54f9-495c-b2fd-bb696abd9804: start FollowerState
2019-11-13 22:06:07,047 [pool-202-thread-1] INFO  util.JmxRegister (JmxRegister.java:tryRegister(44)) - Successfully registered JMX Bean with object name Ratis:service=RaftServer,group=group-920E430DAA81,id=b437d6a1-54f9-495c-b2fd-bb696abd9804
2019-11-13 22:06:07,047 [pool-202-thread-1] WARN  impl.MetricRegistriesImpl (MetricRegistriesImpl.java:lambda$create$1(61)) - First MetricRegistry has been created without registering reporters. You may need to call MetricRegistries.global().addReportRegistration(...) before.
2019-11-13 22:06:07,049 [RatisPipelineUtilsThread] INFO  pipeline.PipelineStateManager (PipelineStateManager.java:addPipeline(55)) - Created pipeline Pipeline[ Id: 4ef223a3-9651-41c6-9cfa-920e430daa81, Nodes: b437d6a1-54f9-495c-b2fd-bb696abd9804{ip: 192.168.164.237, host: pr-hdds-2471-vxr4w-2980416436, networkLocation: /default-rack, certSerialId: null}, Type:RATIS, Factor:ONE, State:ALLOCATED]
2019-11-13 22:06:07,058 [grpc-default-executor-5] INFO  impl.RaftServerProxy (RaftServerProxy.java:addNew(89)) - 7b888e0e-6a0f-4b0e-88cc-e0733c42ba91: addNew group-D5F8DFAFAF36:[7b888e0e-6a0f-4b0e-88cc-e0733c42ba91:192.168.164.237:44948, f7705811-6e65-4a57-b1c4-0cb13cee4425:192.168.164.237:42605, b437d6a1-54f9-495c-b2fd-bb696abd9804:192.168.164.237:38716] returns group-D5F8DFAFAF36:java.util.concurrent.CompletableFuture@5ed739f3[Not completed]
2019-11-13 22:06:07,058 [grpc-default-executor-2] INFO  impl.RaftServerProxy (RaftServerProxy.java:addNew(89)) - f7705811-6e65-4a57-b1c4-0cb13cee4425: addNew group-D5F8DFAFAF36:[7b888e0e-6a0f-4b0e-88cc-e0733c42ba91:192.168.164.237:44948, f7705811-6e65-4a57-b1c4-0cb13cee4425:192.168.164.237:42605, b437d6a1-54f9-495c-b2fd-bb696abd9804:192.168.164.237:38716] returns group-D5F8DFAFAF36:java.util.concurrent.CompletableFuture@32e9e69a[Not completed]
2019-11-13 22:06:07,058 [grpc-default-executor-0] INFO  impl.RaftServerProxy (RaftServerProxy.java:addNew(89)) - b437d6a1-54f9-495c-b2fd-bb696abd9804: addNew group-D5F8DFAFAF36:[7b888e0e-6a0f-4b0e-88cc-e0733c42ba91:192.168.164.237:44948, f7705811-6e65-4a57-b1c4-0cb13cee4425:192.168.164.237:42605, b437d6a1-54f9-495c-b2fd-bb696abd9804:192.168.164.237:38716] returns group-D5F8DFAFAF36:java.util.concurrent.CompletableFuture@660513a4[Not completed]
2019-11-13 22:06:07,060 [pool-192-thread-1] INFO  impl.RaftServerImpl (RaftServerImpl.java:<init>(98)) - f7705811-6e65-4a57-b1c4-0cb13cee4425: new RaftServerImpl for group-D5F8DFAFAF36:[7b888e0e-6a0f-4b0e-88cc-e0733c42ba91:192.168.164.237:44948, f7705811-6e65-4a57-b1c4-0cb13cee4425:192.168.164.237:42605, b437d6a1-54f9-495c-b2fd-bb696abd9804:192.168.164.237:38716] with ContainerStateMachine:uninitialized
2019-11-13 22:06:07,060 [pool-192-thread-1] INFO  server.RaftServerConfigKeys (ConfUtils.java:logGet(43)) - raft.server.rpc.timeout.min = 1s (custom)
2019-11-13 22:06:07,060 [pool-192-thread-1] INFO  server.RaftServerConfigKeys (ConfUtils.java:logGet(43)) - raft.server.rpc.timeout.max = 1200ms (custom)
2019-11-13 22:06:07,060 [pool-192-thread-1] INFO  server.RaftServerConfigKeys (ConfUtils.java:logGet(43)) - raft.server.rpcslowness.timeout = 120s (custom)
2019-11-13 22:06:07,060 [pool-192-thread-1] INFO  server.RaftServerConfigKeys (ConfUtils.java:logGet(43)) - raft.server.sleep.deviation.threshold = 300 (default)
2019-11-13 22:06:07,060 [pool-202-thread-1] INFO  impl.RaftServerImpl (RaftServerImpl.java:<init>(98)) - b437d6a1-54f9-495c-b2fd-bb696abd9804: new RaftServerImpl for group-D5F8DFAFAF36:[7b888e0e-6a0f-4b0e-88cc-e0733c42ba91:192.168.164.237:44948, f7705811-6e65-4a57-b1c4-0cb13cee4425:192.168.164.237:42605, b437d6a1-54f9-495c-b2fd-bb696abd9804:192.168.164.237:38716] with ContainerStateMachine:uninitialized
2019-11-13 22:06:07,060 [pool-192-thread-1] INFO  server.RaftServerConfigKeys (ConfUtils.java:logGet(43)) - raft.server.log.appender.install.snapshot.enabled = false (custom)
2019-11-13 22:06:07,061 [pool-202-thread-1] INFO  server.RaftServerConfigKeys (ConfUtils.java:logGet(43)) - raft.server.rpc.timeout.min = 1s (custom)
2019-11-13 22:06:07,061 [pool-192-thread-1] INFO  impl.RaftServerImpl (ServerState.java:<init>(103)) - f7705811-6e65-4a57-b1c4-0cb13cee4425@group-D5F8DFAFAF36: ConfigurationManager, init=-1: [7b888e0e-6a0f-4b0e-88cc-e0733c42ba91:192.168.164.237:44948, f7705811-6e65-4a57-b1c4-0cb13cee4425:192.168.164.237:42605, b437d6a1-54f9-495c-b2fd-bb696abd9804:192.168.164.237:38716], old=null, confs=<EMPTY_MAP>
2019-11-13 22:06:07,061 [pool-202-thread-1] INFO  server.RaftServerConfigKeys (ConfUtils.java:logGet(43)) - raft.server.rpc.timeout.max = 1200ms (custom)
2019-11-13 22:06:07,061 [pool-202-thread-1] INFO  server.RaftServerConfigKeys (ConfUtils.java:logGet(43)) - raft.server.rpcslowness.timeout = 120s (custom)
2019-11-13 22:06:07,061 [pool-192-thread-1] INFO  server.RaftServerConfigKeys (ConfUtils.java:logGet(43)) - raft.server.storage.dir = [/workdir/hadoop-ozone/integration-test/target/test-dir/MiniOzoneClusterImpl-7f102aba-c488-44cf-bcdb-425554d335ef/datanode-4/data/ratis] (custom)
2019-11-13 22:06:07,061 [pool-202-thread-1] INFO  server.RaftServerConfigKeys (ConfUtils.java:logGet(43)) - raft.server.sleep.deviation.threshold = 300 (default)
2019-11-13 22:06:07,061 [pool-202-thread-1] INFO  server.RaftServerConfigKeys (ConfUtils.java:logGet(43)) - raft.server.log.appender.install.snapshot.enabled = false (custom)
2019-11-13 22:06:07,062 [pool-182-thread-1] INFO  impl.RaftServerImpl (RaftServerImpl.java:<init>(98)) - 7b888e0e-6a0f-4b0e-88cc-e0733c42ba91: new RaftServerImpl for group-D5F8DFAFAF36:[7b888e0e-6a0f-4b0e-88cc-e0733c42ba91:192.168.164.237:44948, f7705811-6e65-4a57-b1c4-0cb13cee4425:192.168.164.237:42605, b437d6a1-54f9-495c-b2fd-bb696abd9804:192.168.164.237:38716] with ContainerStateMachine:uninitialized
2019-11-13 22:06:07,061 [pool-192-thread-1] INFO  server.RaftServerConfigKeys (ConfUtils.java:logGet(43)) - raft.server.log.corruption.policy = EXCEPTION (default)
2019-11-13 22:06:07,062 [pool-182-thread-1] INFO  server.RaftServerConfigKeys (ConfUtils.java:logGet(43)) - raft.server.rpc.timeout.min = 1s (custom)
2019-11-13 22:06:07,062 [pool-182-thread-1] INFO  server.RaftServerConfigKeys (ConfUtils.java:logGet(43)) - raft.server.rpc.timeout.max = 1200ms (custom)
2019-11-13 22:06:07,062 [pool-202-thread-1] INFO  impl.RaftServerImpl (ServerState.java:<init>(103)) - b437d6a1-54f9-495c-b2fd-bb696abd9804@group-D5F8DFAFAF36: ConfigurationManager, init=-1: [7b888e0e-6a0f-4b0e-88cc-e0733c42ba91:192.168.164.237:44948, f7705811-6e65-4a57-b1c4-0cb13cee4425:192.168.164.237:42605, b437d6a1-54f9-495c-b2fd-bb696abd9804:192.168.164.237:38716], old=null, confs=<EMPTY_MAP>
2019-11-13 22:06:07,062 [pool-182-thread-1] INFO  server.RaftServerConfigKeys (ConfUtils.java:logGet(43)) - raft.server.rpcslowness.timeout = 120s (custom)
2019-11-13 22:06:07,062 [pool-192-thread-1] INFO  storage.RaftStorageDirectory (RaftStorageDirectory.java:analyzeStorage(246)) - The storage directory /workdir/hadoop-ozone/integration-test/target/test-dir/MiniOzoneClusterImpl-7f102aba-c488-44cf-bcdb-425554d335ef/datanode-4/data/ratis/d7027b97-989c-47a5-874c-d5f8dfafaf36 does not exist. Creating ...
2019-11-13 22:06:07,062 [pool-182-thread-1] INFO  server.RaftServerConfigKeys (ConfUtils.java:logGet(43)) - raft.server.sleep.deviation.threshold = 300 (default)
2019-11-13 22:06:07,062 [pool-202-thread-1] INFO  server.RaftServerConfigKeys (ConfUtils.java:logGet(43)) - raft.server.storage.dir = [/workdir/hadoop-ozone/integration-test/target/test-dir/MiniOzoneClusterImpl-7f102aba-c488-44cf-bcdb-425554d335ef/datanode-5/data/ratis] (custom)
2019-11-13 22:06:07,063 [pool-182-thread-1] INFO  server.RaftServerConfigKeys (ConfUtils.java:logGet(43)) - raft.server.log.appender.install.snapshot.enabled = false (custom)
2019-11-13 22:06:07,063 [pool-202-thread-1] INFO  server.RaftServerConfigKeys (ConfUtils.java:logGet(43)) - raft.server.log.corruption.policy = EXCEPTION (default)
2019-11-13 22:06:07,063 [pool-182-thread-1] INFO  impl.RaftServerImpl (ServerState.java:<init>(103)) - 7b888e0e-6a0f-4b0e-88cc-e0733c42ba91@group-D5F8DFAFAF36: ConfigurationManager, init=-1: [7b888e0e-6a0f-4b0e-88cc-e0733c42ba91:192.168.164.237:44948, f7705811-6e65-4a57-b1c4-0cb13cee4425:192.168.164.237:42605, b437d6a1-54f9-495c-b2fd-bb696abd9804:192.168.164.237:38716], old=null, confs=<EMPTY_MAP>
2019-11-13 22:06:07,063 [pool-202-thread-1] INFO  storage.RaftStorageDirectory (RaftStorageDirectory.java:analyzeStorage(246)) - The storage directory /workdir/hadoop-ozone/integration-test/target/test-dir/MiniOzoneClusterImpl-7f102aba-c488-44cf-bcdb-425554d335ef/datanode-5/data/ratis/d7027b97-989c-47a5-874c-d5f8dfafaf36 does not exist. Creating ...
2019-11-13 22:06:07,063 [pool-182-thread-1] INFO  server.RaftServerConfigKeys (ConfUtils.java:logGet(43)) - raft.server.storage.dir = [/workdir/hadoop-ozone/integration-test/target/test-dir/MiniOzoneClusterImpl-7f102aba-c488-44cf-bcdb-425554d335ef/datanode-3/data/ratis] (custom)
2019-11-13 22:06:07,063 [pool-182-thread-1] INFO  server.RaftServerConfigKeys (ConfUtils.java:logGet(43)) - raft.server.log.corruption.policy = EXCEPTION (default)
2019-11-13 22:06:07,064 [pool-182-thread-1] INFO  storage.RaftStorageDirectory (RaftStorageDirectory.java:analyzeStorage(246)) - The storage directory /workdir/hadoop-ozone/integration-test/target/test-dir/MiniOzoneClusterImpl-7f102aba-c488-44cf-bcdb-425554d335ef/datanode-3/data/ratis/d7027b97-989c-47a5-874c-d5f8dfafaf36 does not exist. Creating ...
2019-11-13 22:06:07,075 [pool-182-thread-1] INFO  storage.RaftStorageDirectory (RaftStorageDirectory.java:tryLock(328)) - Lock on /workdir/hadoop-ozone/integration-test/target/test-dir/MiniOzoneClusterImpl-7f102aba-c488-44cf-bcdb-425554d335ef/datanode-3/data/ratis/d7027b97-989c-47a5-874c-d5f8dfafaf36/in_use.lock acquired by nodename 22306@pr-hdds-2471-vxr4w-2980416436
2019-11-13 22:06:07,075 [pool-192-thread-1] INFO  storage.RaftStorageDirectory (RaftStorageDirectory.java:tryLock(328)) - Lock on /workdir/hadoop-ozone/integration-test/target/test-dir/MiniOzoneClusterImpl-7f102aba-c488-44cf-bcdb-425554d335ef/datanode-4/data/ratis/d7027b97-989c-47a5-874c-d5f8dfafaf36/in_use.lock acquired by nodename 22306@pr-hdds-2471-vxr4w-2980416436
2019-11-13 22:06:07,075 [pool-202-thread-1] INFO  storage.RaftStorageDirectory (RaftStorageDirectory.java:tryLock(328)) - Lock on /workdir/hadoop-ozone/integration-test/target/test-dir/MiniOzoneClusterImpl-7f102aba-c488-44cf-bcdb-425554d335ef/datanode-5/data/ratis/d7027b97-989c-47a5-874c-d5f8dfafaf36/in_use.lock acquired by nodename 22306@pr-hdds-2471-vxr4w-2980416436
2019-11-13 22:06:07,208 [pool-182-thread-1] INFO  storage.RaftStorage (RaftStorage.java:format(84)) - Storage directory /workdir/hadoop-ozone/integration-test/target/test-dir/MiniOzoneClusterImpl-7f102aba-c488-44cf-bcdb-425554d335ef/datanode-3/data/ratis/d7027b97-989c-47a5-874c-d5f8dfafaf36 has been successfully formatted.
2019-11-13 22:06:07,209 [pool-202-thread-1] INFO  storage.RaftStorage (RaftStorage.java:format(84)) - Storage directory /workdir/hadoop-ozone/integration-test/target/test-dir/MiniOzoneClusterImpl-7f102aba-c488-44cf-bcdb-425554d335ef/datanode-5/data/ratis/d7027b97-989c-47a5-874c-d5f8dfafaf36 has been successfully formatted.
2019-11-13 22:06:07,209 [pool-192-thread-1] INFO  storage.RaftStorage (RaftStorage.java:format(84)) - Storage directory /workdir/hadoop-ozone/integration-test/target/test-dir/MiniOzoneClusterImpl-7f102aba-c488-44cf-bcdb-425554d335ef/datanode-4/data/ratis/d7027b97-989c-47a5-874c-d5f8dfafaf36 has been successfully formatted.
2019-11-13 22:06:07,209 [pool-202-thread-1] INFO  ratis.ContainerStateMachine (ContainerStateMachine.java:loadSnapshot(223)) - group-D5F8DFAFAF36: The snapshot info is null. Setting the last applied indexto:(t:0, i:~)
2019-11-13 22:06:07,209 [pool-182-thread-1] INFO  ratis.ContainerStateMachine (ContainerStateMachine.java:loadSnapshot(223)) - group-D5F8DFAFAF36: The snapshot info is null. Setting the last applied indexto:(t:0, i:~)
2019-11-13 22:06:07,209 [pool-192-thread-1] INFO  ratis.ContainerStateMachine (ContainerStateMachine.java:loadSnapshot(223)) - group-D5F8DFAFAF36: The snapshot info is null. Setting the last applied indexto:(t:0, i:~)
2019-11-13 22:06:07,209 [pool-202-thread-1] INFO  server.RaftServerConfigKeys (ConfUtils.java:logGet(43)) - raft.server.notification.no-leader.timeout = 120s (custom)
2019-11-13 22:06:07,210 [pool-192-thread-1] INFO  server.RaftServerConfigKeys (ConfUtils.java:logGet(43)) - raft.server.notification.no-leader.timeout = 120s (custom)
2019-11-13 22:06:07,209 [pool-182-thread-1] INFO  server.RaftServerConfigKeys (ConfUtils.java:logGet(43)) - raft.server.notification.no-leader.timeout = 120s (custom)
2019-11-13 22:06:07,210 [pool-192-thread-1] INFO  server.RaftServerConfigKeys (ConfUtils.java:logGet(43)) - raft.server.log.use.memory = false (default)
2019-11-13 22:06:07,210 [pool-202-thread-1] INFO  server.RaftServerConfigKeys (ConfUtils.java:logGet(43)) - raft.server.log.use.memory = false (default)
2019-11-13 22:06:07,210 [pool-192-thread-1] INFO  server.RaftServerConfigKeys (ConfUtils.java:logGet(43)) - raft.server.log.purge.gap = 1000000 (custom)
2019-11-13 22:06:07,210 [pool-182-thread-1] INFO  server.RaftServerConfigKeys (ConfUtils.java:logGet(43)) - raft.server.log.use.memory = false (default)
2019-11-13 22:06:07,210 [pool-192-thread-1] INFO  server.RaftServerConfigKeys (ConfUtils.java:logGet(43)) - raft.server.log.appender.buffer.byte-limit = 33554432 (custom)
2019-11-13 22:06:07,210 [pool-202-thread-1] INFO  server.RaftServerConfigKeys (ConfUtils.java:logGet(43)) - raft.server.log.purge.gap = 1000000 (custom)
2019-11-13 22:06:07,211 [pool-192-thread-1] INFO  server.RaftServerConfigKeys (ConfUtils.java:logGet(43)) - raft.server.log.segment.size.max = 1048576 (custom)
2019-11-13 22:06:07,211 [pool-182-thread-1] INFO  server.RaftServerConfigKeys (ConfUtils.java:logGet(43)) - raft.server.log.purge.gap = 1000000 (custom)
2019-11-13 22:06:07,211 [pool-192-thread-1] INFO  server.RaftServerConfigKeys (ConfUtils.java:logGet(43)) - raft.server.log.segment.cache.num.max = 2 (custom)
2019-11-13 22:06:07,211 [pool-202-thread-1] INFO  server.RaftServerConfigKeys (ConfUtils.java:logGet(43)) - raft.server.log.appender.buffer.byte-limit = 33554432 (custom)
2019-11-13 22:06:07,211 [pool-192-thread-1] INFO  segmented.SegmentedRaftLogWorker (SegmentedRaftLogWorker.java:<init>(173)) - new f7705811-6e65-4a57-b1c4-0cb13cee4425@group-D5F8DFAFAF36-SegmentedRaftLogWorker for RaftStorage:Storage Directory /workdir/hadoop-ozone/integration-test/target/test-dir/MiniOzoneClusterImpl-7f102aba-c488-44cf-bcdb-425554d335ef/datanode-4/data/ratis/d7027b97-989c-47a5-874c-d5f8dfafaf36
2019-11-13 22:06:07,211 [pool-182-thread-1] INFO  server.RaftServerConfigKeys (ConfUtils.java:logGet(43)) - raft.server.log.appender.buffer.byte-limit = 33554432 (custom)
2019-11-13 22:06:07,212 [pool-192-thread-1] INFO  server.RaftServerConfigKeys (ConfUtils.java:logGet(43)) - raft.server.log.queue.byte-limit = 2147483647 (custom)
2019-11-13 22:06:07,211 [pool-202-thread-1] INFO  server.RaftServerConfigKeys (ConfUtils.java:logGet(43)) - raft.server.log.segment.size.max = 1048576 (custom)
2019-11-13 22:06:07,212 [pool-192-thread-1] INFO  server.RaftServerConfigKeys (ConfUtils.java:logGet(43)) - raft.server.log.queue.element-limit = 1024 (custom)
2019-11-13 22:06:07,212 [pool-182-thread-1] INFO  server.RaftServerConfigKeys (ConfUtils.java:logGet(43)) - raft.server.log.segment.size.max = 1048576 (custom)
2019-11-13 22:06:07,212 [pool-192-thread-1] INFO  server.RaftServerConfigKeys (ConfUtils.java:logGet(43)) - raft.server.log.segment.size.max = 1048576 (custom)
2019-11-13 22:06:07,212 [pool-202-thread-1] INFO  server.RaftServerConfigKeys (ConfUtils.java:logGet(43)) - raft.server.log.segment.cache.num.max = 2 (custom)
2019-11-13 22:06:07,212 [pool-192-thread-1] INFO  server.RaftServerConfigKeys (ConfUtils.java:logGet(43)) - raft.server.log.preallocated.size = 16384 (custom)
2019-11-13 22:06:07,212 [pool-182-thread-1] INFO  server.RaftServerConfigKeys (ConfUtils.java:logGet(43)) - raft.server.log.segment.cache.num.max = 2 (custom)
2019-11-13 22:06:07,213 [pool-192-thread-1] INFO  server.RaftServerConfigKeys (ConfUtils.java:logGet(43)) - raft.server.log.write.buffer.size = 33554432 (custom)
2019-11-13 22:06:07,213 [pool-202-thread-1] INFO  segmented.SegmentedRaftLogWorker (SegmentedRaftLogWorker.java:<init>(173)) - new b437d6a1-54f9-495c-b2fd-bb696abd9804@group-D5F8DFAFAF36-SegmentedRaftLogWorker for RaftStorage:Storage Directory /workdir/hadoop-ozone/integration-test/target/test-dir/MiniOzoneClusterImpl-7f102aba-c488-44cf-bcdb-425554d335ef/datanode-5/data/ratis/d7027b97-989c-47a5-874c-d5f8dfafaf36
2019-11-13 22:06:07,213 [pool-192-thread-1] INFO  server.RaftServerConfigKeys (ConfUtils.java:logGet(43)) - raft.server.log.force.sync.num = 128 (default)
2019-11-13 22:06:07,213 [pool-192-thread-1] INFO  server.RaftServerConfigKeys (ConfUtils.java:logGet(43)) - raft.server.log.statemachine.data.sync = true (default)
2019-11-13 22:06:07,213 [pool-182-thread-1] INFO  segmented.SegmentedRaftLogWorker (SegmentedRaftLogWorker.java:<init>(173)) - new 7b888e0e-6a0f-4b0e-88cc-e0733c42ba91@group-D5F8DFAFAF36-SegmentedRaftLogWorker for RaftStorage:Storage Directory /workdir/hadoop-ozone/integration-test/target/test-dir/MiniOzoneClusterImpl-7f102aba-c488-44cf-bcdb-425554d335ef/datanode-3/data/ratis/d7027b97-989c-47a5-874c-d5f8dfafaf36
2019-11-13 22:06:07,213 [pool-192-thread-1] INFO  server.RaftServerConfigKeys (ConfUtils.java:logGet(43)) - raft.server.log.statemachine.data.sync.timeout = 10s (default)
2019-11-13 22:06:07,213 [pool-202-thread-1] INFO  server.RaftServerConfigKeys (ConfUtils.java:logGet(43)) - raft.server.log.queue.byte-limit = 2147483647 (custom)
2019-11-13 22:06:07,214 [pool-192-thread-1] INFO  server.RaftServerConfigKeys (ConfUtils.java:logGet(43)) - raft.server.log.statemachine.data.sync.timeout.retry = -1 (default)
2019-11-13 22:06:07,214 [pool-182-thread-1] INFO  server.RaftServerConfigKeys (ConfUtils.java:logGet(43)) - raft.server.log.queue.byte-limit = 2147483647 (custom)
2019-11-13 22:06:07,214 [pool-202-thread-1] INFO  server.RaftServerConfigKeys (ConfUtils.java:logGet(43)) - raft.server.log.queue.element-limit = 1024 (custom)
2019-11-13 22:06:07,214 [pool-182-thread-1] INFO  server.RaftServerConfigKeys (ConfUtils.java:logGet(43)) - raft.server.log.queue.element-limit = 1024 (custom)
2019-11-13 22:06:07,214 [pool-192-thread-1] INFO  server.RaftServerConfigKeys (ConfUtils.java:logGet(43)) - raft.server.log.statemachine.data.caching.enabled = true (custom)
2019-11-13 22:06:07,214 [pool-182-thread-1] INFO  server.RaftServerConfigKeys (ConfUtils.java:logGet(43)) - raft.server.log.segment.size.max = 1048576 (custom)
2019-11-13 22:06:07,214 [pool-202-thread-1] INFO  server.RaftServerConfigKeys (ConfUtils.java:logGet(43)) - raft.server.log.segment.size.max = 1048576 (custom)
2019-11-13 22:06:07,215 [pool-182-thread-1] INFO  server.RaftServerConfigKeys (ConfUtils.java:logGet(43)) - raft.server.log.preallocated.size = 16384 (custom)
2019-11-13 22:06:07,215 [pool-192-thread-1] INFO  segmented.SegmentedRaftLogWorker (SegmentedRaftLogWorker.java:lambda$new$0(128)) - f7705811-6e65-4a57-b1c4-0cb13cee4425@group-D5F8DFAFAF36-SegmentedRaftLogWorker: flushIndex: setUnconditionally 0 -> -1
2019-11-13 22:06:07,215 [pool-202-thread-1] INFO  server.RaftServerConfigKeys (ConfUtils.java:logGet(43)) - raft.server.log.preallocated.size = 16384 (custom)
2019-11-13 22:06:07,215 [pool-182-thread-1] INFO  server.RaftServerConfigKeys (ConfUtils.java:logGet(43)) - raft.server.log.write.buffer.size = 33554432 (custom)
2019-11-13 22:06:07,215 [pool-202-thread-1] INFO  server.RaftServerConfigKeys (ConfUtils.java:logGet(43)) - raft.server.log.write.buffer.size = 33554432 (custom)
2019-11-13 22:06:07,215 [pool-192-thread-1] INFO  server.RaftServerConfigKeys (ConfUtils.java:logGet(43)) - raft.server.snapshot.auto.trigger.enabled = true (custom)
2019-11-13 22:06:07,215 [pool-202-thread-1] INFO  server.RaftServerConfigKeys (ConfUtils.java:logGet(43)) - raft.server.log.force.sync.num = 128 (default)
2019-11-13 22:06:07,215 [pool-182-thread-1] INFO  server.RaftServerConfigKeys (ConfUtils.java:logGet(43)) - raft.server.log.force.sync.num = 128 (default)
2019-11-13 22:06:07,216 [pool-202-thread-1] INFO  server.RaftServerConfigKeys (ConfUtils.java:logGet(43)) - raft.server.log.statemachine.data.sync = true (default)
2019-11-13 22:06:07,216 [pool-192-thread-1] INFO  server.RaftServerConfigKeys (ConfUtils.java:logGet(43)) - raft.server.snapshot.auto.trigger.threshold = 10000 (custom)
2019-11-13 22:06:07,216 [pool-202-thread-1] INFO  server.RaftServerConfigKeys (ConfUtils.java:logGet(43)) - raft.server.log.statemachine.data.sync.timeout = 10s (default)
2019-11-13 22:06:07,216 [pool-182-thread-1] INFO  server.RaftServerConfigKeys (ConfUtils.java:logGet(43)) - raft.server.log.statemachine.data.sync = true (default)
2019-11-13 22:06:07,216 [pool-202-thread-1] INFO  server.RaftServerConfigKeys (ConfUtils.java:logGet(43)) - raft.server.log.statemachine.data.sync.timeout.retry = -1 (default)
2019-11-13 22:06:07,216 [pool-192-thread-1] INFO  server.RaftServerConfigKeys (ConfUtils.java:logGet(43)) - raft.server.snapshot.retention.file.num = 5 (custom)
2019-11-13 22:06:07,217 [pool-202-thread-1] INFO  server.RaftServerConfigKeys (ConfUtils.java:logGet(43)) - raft.server.log.statemachine.data.caching.enabled = true (custom)
2019-11-13 22:06:07,216 [pool-182-thread-1] INFO  server.RaftServerConfigKeys (ConfUtils.java:logGet(43)) - raft.server.log.statemachine.data.sync.timeout = 10s (default)
2019-11-13 22:06:07,217 [pool-192-thread-1] INFO  server.RaftServerConfigKeys (ConfUtils.java:logGet(43)) - raft.server.retrycache.expirytime = 600000ms (custom)
2019-11-13 22:06:07,217 [pool-182-thread-1] INFO  server.RaftServerConfigKeys (ConfUtils.java:logGet(43)) - raft.server.log.statemachine.data.sync.timeout.retry = -1 (default)
2019-11-13 22:06:07,217 [pool-202-thread-1] INFO  segmented.SegmentedRaftLogWorker (SegmentedRaftLogWorker.java:lambda$new$0(128)) - b437d6a1-54f9-495c-b2fd-bb696abd9804@group-D5F8DFAFAF36-SegmentedRaftLogWorker: flushIndex: setUnconditionally 0 -> -1
2019-11-13 22:06:07,217 [pool-182-thread-1] INFO  server.RaftServerConfigKeys (ConfUtils.java:logGet(43)) - raft.server.log.statemachine.data.caching.enabled = true (custom)
2019-11-13 22:06:07,217 [pool-192-thread-1] WARN  impl.MetricRegistriesImpl (MetricRegistriesImpl.java:lambda$create$1(61)) - First MetricRegistry has been created without registering reporters. You may need to call MetricRegistries.global().addReportRegistration(...) before.
2019-11-13 22:06:07,217 [pool-202-thread-1] INFO  server.RaftServerConfigKeys (ConfUtils.java:logGet(43)) - raft.server.snapshot.auto.trigger.enabled = true (custom)
2019-11-13 22:06:07,217 [pool-182-thread-1] INFO  segmented.SegmentedRaftLogWorker (SegmentedRaftLogWorker.java:lambda$new$0(128)) - 7b888e0e-6a0f-4b0e-88cc-e0733c42ba91@group-D5F8DFAFAF36-SegmentedRaftLogWorker: flushIndex: setUnconditionally 0 -> -1
2019-11-13 22:06:07,218 [pool-202-thread-1] INFO  server.RaftServerConfigKeys (ConfUtils.java:logGet(43)) - raft.server.snapshot.auto.trigger.threshold = 10000 (custom)
2019-11-13 22:06:07,218 [pool-202-thread-1] INFO  server.RaftServerConfigKeys (ConfUtils.java:logGet(43)) - raft.server.snapshot.retention.file.num = 5 (custom)
2019-11-13 22:06:07,218 [pool-192-thread-1] WARN  impl.MetricRegistriesImpl (MetricRegistriesImpl.java:lambda$create$1(61)) - First MetricRegistry has been created without registering reporters. You may need to call MetricRegistries.global().addReportRegistration(...) before.
2019-11-13 22:06:07,218 [pool-202-thread-1] INFO  server.RaftServerConfigKeys (ConfUtils.java:logGet(43)) - raft.server.retrycache.expirytime = 600000ms (custom)
2019-11-13 22:06:07,218 [pool-182-thread-1] INFO  server.RaftServerConfigKeys (ConfUtils.java:logGet(43)) - raft.server.snapshot.auto.trigger.enabled = true (custom)
2019-11-13 22:06:07,218 [pool-202-thread-1] WARN  impl.MetricRegistriesImpl (MetricRegistriesImpl.java:lambda$create$1(61)) - First MetricRegistry has been created without registering reporters. You may need to call MetricRegistries.global().addReportRegistration(...) before.
2019-11-13 22:06:07,218 [pool-192-thread-1] INFO  impl.RaftServerImpl (RaftServerImpl.java:start(184)) - f7705811-6e65-4a57-b1c4-0cb13cee4425@group-D5F8DFAFAF36: start as a follower, conf=-1: [7b888e0e-6a0f-4b0e-88cc-e0733c42ba91:192.168.164.237:44948, f7705811-6e65-4a57-b1c4-0cb13cee4425:192.168.164.237:42605, b437d6a1-54f9-495c-b2fd-bb696abd9804:192.168.164.237:38716], old=null
2019-11-13 22:06:07,219 [pool-202-thread-1] WARN  impl.MetricRegistriesImpl (MetricRegistriesImpl.java:lambda$create$1(61)) - First MetricRegistry has been created without registering reporters. You may need to call MetricRegistries.global().addReportRegistration(...) before.
2019-11-13 22:06:07,218 [pool-182-thread-1] INFO  server.RaftServerConfigKeys (ConfUtils.java:logGet(43)) - raft.server.snapshot.auto.trigger.threshold = 10000 (custom)
2019-11-13 22:06:07,219 [pool-192-thread-1] INFO  impl.RaftServerImpl (RaftServerImpl.java:setRole(173)) - f7705811-6e65-4a57-b1c4-0cb13cee4425@group-D5F8DFAFAF36: changes role from      null to FOLLOWER at term 0 for startAsFollower
2019-11-13 22:06:07,219 [pool-202-thread-1] INFO  impl.RaftServerImpl (RaftServerImpl.java:start(184)) - b437d6a1-54f9-495c-b2fd-bb696abd9804@group-D5F8DFAFAF36: start as a follower, conf=-1: [7b888e0e-6a0f-4b0e-88cc-e0733c42ba91:192.168.164.237:44948, f7705811-6e65-4a57-b1c4-0cb13cee4425:192.168.164.237:42605, b437d6a1-54f9-495c-b2fd-bb696abd9804:192.168.164.237:38716], old=null
2019-11-13 22:06:07,219 [pool-182-thread-1] INFO  server.RaftServerConfigKeys (ConfUtils.java:logGet(43)) - raft.server.snapshot.retention.file.num = 5 (custom)
2019-11-13 22:06:07,219 [pool-202-thread-1] INFO  impl.RaftServerImpl (RaftServerImpl.java:setRole(173)) - b437d6a1-54f9-495c-b2fd-bb696abd9804@group-D5F8DFAFAF36: changes role from      null to FOLLOWER at term 0 for startAsFollower
2019-11-13 22:06:07,219 [pool-192-thread-1] INFO  impl.RoleInfo (RoleInfo.java:updateAndGet(143)) - f7705811-6e65-4a57-b1c4-0cb13cee4425: start FollowerState
2019-11-13 22:06:07,219 [pool-202-thread-1] INFO  impl.RoleInfo (RoleInfo.java:updateAndGet(143)) - b437d6a1-54f9-495c-b2fd-bb696abd9804: start FollowerState
2019-11-13 22:06:07,219 [pool-182-thread-1] INFO  server.RaftServerConfigKeys (ConfUtils.java:logGet(43)) - raft.server.retrycache.expirytime = 600000ms (custom)
2019-11-13 22:06:07,220 [pool-182-thread-1] WARN  impl.MetricRegistriesImpl (MetricRegistriesImpl.java:lambda$create$1(61)) - First MetricRegistry has been created without registering reporters. You may need to call MetricRegistries.global().addReportRegistration(...) before.
2019-11-13 22:06:07,220 [pool-182-thread-1] WARN  impl.MetricRegistriesImpl (MetricRegistriesImpl.java:lambda$create$1(61)) - First MetricRegistry has been created without registering reporters. You may need to call MetricRegistries.global().addReportRegistration(...) before.
2019-11-13 22:06:07,220 [pool-192-thread-1] INFO  util.JmxRegister (JmxRegister.java:tryRegister(44)) - Successfully registered JMX Bean with object name Ratis:service=RaftServer,group=group-D5F8DFAFAF36,id=f7705811-6e65-4a57-b1c4-0cb13cee4425
2019-11-13 22:06:07,220 [pool-202-thread-1] INFO  util.JmxRegister (JmxRegister.java:tryRegister(44)) - Successfully registered JMX Bean with object name Ratis:service=RaftServer,group=group-D5F8DFAFAF36,id=b437d6a1-54f9-495c-b2fd-bb696abd9804
2019-11-13 22:06:07,220 [pool-182-thread-1] INFO  impl.RaftServerImpl (RaftServerImpl.java:start(184)) - 7b888e0e-6a0f-4b0e-88cc-e0733c42ba91@group-D5F8DFAFAF36: start as a follower, conf=-1: [7b888e0e-6a0f-4b0e-88cc-e0733c42ba91:192.168.164.237:44948, f7705811-6e65-4a57-b1c4-0cb13cee4425:192.168.164.237:42605, b437d6a1-54f9-495c-b2fd-bb696abd9804:192.168.164.237:38716], old=null
2019-11-13 22:06:07,220 [pool-202-thread-1] WARN  impl.MetricRegistriesImpl (MetricRegistriesImpl.java:lambda$create$1(61)) - First MetricRegistry has been created without registering reporters. You may need to call MetricRegistries.global().addReportRegistration(...) before.
2019-11-13 22:06:07,220 [pool-192-thread-1] WARN  impl.MetricRegistriesImpl (MetricRegistriesImpl.java:lambda$create$1(61)) - First MetricRegistry has been created without registering reporters. You may need to call MetricRegistries.global().addReportRegistration(...) before.
2019-11-13 22:06:07,220 [pool-182-thread-1] INFO  impl.RaftServerImpl (RaftServerImpl.java:setRole(173)) - 7b888e0e-6a0f-4b0e-88cc-e0733c42ba91@group-D5F8DFAFAF36: changes role from      null to FOLLOWER at term 0 for startAsFollower
2019-11-13 22:06:07,221 [pool-182-thread-1] INFO  impl.RoleInfo (RoleInfo.java:updateAndGet(143)) - 7b888e0e-6a0f-4b0e-88cc-e0733c42ba91: start FollowerState
2019-11-13 22:06:07,222 [pool-182-thread-1] INFO  util.JmxRegister (JmxRegister.java:tryRegister(44)) - Successfully registered JMX Bean with object name Ratis:service=RaftServer,group=group-D5F8DFAFAF36,id=7b888e0e-6a0f-4b0e-88cc-e0733c42ba91
2019-11-13 22:06:07,222 [pool-182-thread-1] WARN  impl.MetricRegistriesImpl (MetricRegistriesImpl.java:lambda$create$1(61)) - First MetricRegistry has been created without registering reporters. You may need to call MetricRegistries.global().addReportRegistration(...) before.
2019-11-13 22:06:07,225 [RatisPipelineUtilsThread] INFO  pipeline.PipelineStateManager (PipelineStateManager.java:addPipeline(55)) - Created pipeline Pipeline[ Id: d7027b97-989c-47a5-874c-d5f8dfafaf36, Nodes: 7b888e0e-6a0f-4b0e-88cc-e0733c42ba91{ip: 192.168.164.237, host: pr-hdds-2471-vxr4w-2980416436, networkLocation: /default-rack, certSerialId: null}f7705811-6e65-4a57-b1c4-0cb13cee4425{ip: 192.168.164.237, host: pr-hdds-2471-vxr4w-2980416436, networkLocation: /default-rack, certSerialId: null}b437d6a1-54f9-495c-b2fd-bb696abd9804{ip: 192.168.164.237, host: pr-hdds-2471-vxr4w-2980416436, networkLocation: /default-rack, certSerialId: null}, Type:RATIS, Factor:THREE, State:ALLOCATED]
2019-11-13 22:06:07,227 [main] INFO  ozone.MiniOzoneClusterImpl (MiniOzoneClusterImpl.java:lambda$waitForClusterToBeReady$2(163)) - Waiting for 8 number of pipelines out of 8, to report a leader.
2019-11-13 22:06:07,703 [Thread-1251] INFO  impl.FollowerState (FollowerState.java:run(111)) - 5be39b6a-195c-499c-aaae-deebd243d90c@group-F6E396DE123B-FollowerState: change to CANDIDATE, lastRpcTime:1069ms, electionTimeout:1069ms
2019-11-13 22:06:07,711 [Thread-1251] INFO  impl.RoleInfo (RoleInfo.java:shutdownFollowerState(121)) - 5be39b6a-195c-499c-aaae-deebd243d90c: shutdown FollowerState
2019-11-13 22:06:07,711 [Thread-1251] INFO  impl.RaftServerImpl (RaftServerImpl.java:setRole(173)) - 5be39b6a-195c-499c-aaae-deebd243d90c@group-F6E396DE123B: changes role from  FOLLOWER to CANDIDATE at term 0 for changeToCandidate
2019-11-13 22:06:07,712 [Thread-1251] INFO  impl.RoleInfo (RoleInfo.java:updateAndGet(143)) - 5be39b6a-195c-499c-aaae-deebd243d90c: start LeaderElection
2019-11-13 22:06:07,731 [5be39b6a-195c-499c-aaae-deebd243d90c@group-F6E396DE123B-LeaderElection48] INFO  impl.LeaderElection (LeaderElection.java:askForVotes(178)) - 5be39b6a-195c-499c-aaae-deebd243d90c@group-F6E396DE123B-LeaderElection48: begin an election at term 1 for -1: [5be39b6a-195c-499c-aaae-deebd243d90c:192.168.164.237:39727], old=null
2019-11-13 22:06:07,731 [5be39b6a-195c-499c-aaae-deebd243d90c@group-F6E396DE123B-LeaderElection48] INFO  impl.RoleInfo (RoleInfo.java:shutdownLeaderElection(134)) - 5be39b6a-195c-499c-aaae-deebd243d90c: shutdown LeaderElection
2019-11-13 22:06:07,731 [5be39b6a-195c-499c-aaae-deebd243d90c@group-F6E396DE123B-LeaderElection48] INFO  impl.RaftServerImpl (RaftServerImpl.java:setRole(173)) - 5be39b6a-195c-499c-aaae-deebd243d90c@group-F6E396DE123B: changes role from CANDIDATE to LEADER at term 1 for changeToLeader
2019-11-13 22:06:07,732 [5be39b6a-195c-499c-aaae-deebd243d90c@group-F6E396DE123B-LeaderElection48] INFO  ratis.XceiverServerRatis (XceiverServerRatis.java:handleLeaderChangedNotification(697)) - Leader change notification received for group: group-F6E396DE123B with new leaderId: 5be39b6a-195c-499c-aaae-deebd243d90c
2019-11-13 22:06:07,732 [5be39b6a-195c-499c-aaae-deebd243d90c@group-F6E396DE123B-LeaderElection48] INFO  impl.RaftServerImpl (ServerState.java:setLeader(255)) - 5be39b6a-195c-499c-aaae-deebd243d90c@group-F6E396DE123B: change Leader from null to 5be39b6a-195c-499c-aaae-deebd243d90c at term 1 for becomeLeader, leader elected after 1103ms
2019-11-13 22:06:07,735 [5be39b6a-195c-499c-aaae-deebd243d90c@group-F6E396DE123B-LeaderElection48] INFO  server.RaftServerConfigKeys (ConfUtils.java:logGet(43)) - raft.server.staging.catchup.gap = 1000 (default)
2019-11-13 22:06:07,735 [5be39b6a-195c-499c-aaae-deebd243d90c@group-F6E396DE123B-LeaderElection48] INFO  server.RaftServerConfigKeys (ConfUtils.java:logGet(43)) - raft.server.rpc.sleep.time = 25ms (default)
2019-11-13 22:06:07,736 [5be39b6a-195c-499c-aaae-deebd243d90c@group-F6E396DE123B-LeaderElection48] INFO  server.RaftServerConfigKeys (ConfUtils.java:logGet(43)) - raft.server.write.element-limit = 4096 (default)
2019-11-13 22:06:07,736 [5be39b6a-195c-499c-aaae-deebd243d90c@group-F6E396DE123B-LeaderElection48] INFO  server.RaftServerConfigKeys (ConfUtils.java:logGet(43)) - raft.server.watch.timeout = 10s (default)
2019-11-13 22:06:07,736 [5be39b6a-195c-499c-aaae-deebd243d90c@group-F6E396DE123B-LeaderElection48] INFO  server.RaftServerConfigKeys (ConfUtils.java:logGet(43)) - raft.server.watch.timeout.denomination = 1s (default)
2019-11-13 22:06:07,736 [5be39b6a-195c-499c-aaae-deebd243d90c@group-F6E396DE123B-LeaderElection48] INFO  server.RaftServerConfigKeys (ConfUtils.java:logGet(43)) - raft.server.watch.element-limit = 65536 (default)
2019-11-13 22:06:07,737 [5be39b6a-195c-499c-aaae-deebd243d90c@group-F6E396DE123B-LeaderElection48] INFO  impl.RoleInfo (RoleInfo.java:updateAndGet(143)) - 5be39b6a-195c-499c-aaae-deebd243d90c: start LeaderState
2019-11-13 22:06:07,737 [5be39b6a-195c-499c-aaae-deebd243d90c@group-F6E396DE123B-LeaderElection48] INFO  segmented.SegmentedRaftLogWorker (SegmentedRaftLogWorker.java:startLogSegment(385)) - 5be39b6a-195c-499c-aaae-deebd243d90c@group-F6E396DE123B-SegmentedRaftLogWorker: Starting segment from index:0
2019-11-13 22:06:07,737 [EventQueue-PipelineReportForPipelineReportHandler] INFO  pipeline.PipelineStateManager (PipelineStateManager.java:openPipeline(134)) - Pipeline Pipeline[ Id: 678deb8d-e5b5-4f55-8e2b-f6e396de123b, Nodes: 5be39b6a-195c-499c-aaae-deebd243d90c{ip: 192.168.164.237, host: pr-hdds-2471-vxr4w-2980416436, networkLocation: /default-rack, certSerialId: null}, Type:RATIS, Factor:ONE, State:OPEN] moved to OPEN state
2019-11-13 22:06:07,738 [5be39b6a-195c-499c-aaae-deebd243d90c@group-F6E396DE123B-LeaderElection48] INFO  impl.RaftServerImpl (ServerState.java:setRaftConf(356)) - 5be39b6a-195c-499c-aaae-deebd243d90c@group-F6E396DE123B: set configuration 0: [5be39b6a-195c-499c-aaae-deebd243d90c:192.168.164.237:39727], old=null at 0
2019-11-13 22:06:07,782 [Thread-1254] INFO  impl.FollowerState (FollowerState.java:run(111)) - d9ec6d9b-9212-4a70-b93c-d3980a23303d@group-E6D922EFD387-FollowerState: change to CANDIDATE, lastRpcTime:1078ms, electionTimeout:1078ms
2019-11-13 22:06:07,782 [Thread-1254] INFO  impl.RoleInfo (RoleInfo.java:shutdownFollowerState(121)) - d9ec6d9b-9212-4a70-b93c-d3980a23303d: shutdown FollowerState
2019-11-13 22:06:07,782 [Thread-1254] INFO  impl.RaftServerImpl (RaftServerImpl.java:setRole(173)) - d9ec6d9b-9212-4a70-b93c-d3980a23303d@group-E6D922EFD387: changes role from  FOLLOWER to CANDIDATE at term 0 for changeToCandidate
2019-11-13 22:06:07,782 [Thread-1254] INFO  impl.RoleInfo (RoleInfo.java:updateAndGet(143)) - d9ec6d9b-9212-4a70-b93c-d3980a23303d: start LeaderElection
2019-11-13 22:06:07,787 [5be39b6a-195c-499c-aaae-deebd243d90c@group-F6E396DE123B-SegmentedRaftLogWorker] INFO  segmented.SegmentedRaftLogWorker (SegmentedRaftLogWorker.java:execute(576)) - 5be39b6a-195c-499c-aaae-deebd243d90c@group-F6E396DE123B-SegmentedRaftLogWorker: created new log segment /workdir/hadoop-ozone/integration-test/target/test-dir/MiniOzoneClusterImpl-7f102aba-c488-44cf-bcdb-425554d335ef/datanode-0/data/ratis/678deb8d-e5b5-4f55-8e2b-f6e396de123b/current/log_inprogress_0
2019-11-13 22:06:07,801 [d9ec6d9b-9212-4a70-b93c-d3980a23303d@group-E6D922EFD387-LeaderElection49] INFO  impl.LeaderElection (LeaderElection.java:askForVotes(178)) - d9ec6d9b-9212-4a70-b93c-d3980a23303d@group-E6D922EFD387-LeaderElection49: begin an election at term 1 for -1: [d9ec6d9b-9212-4a70-b93c-d3980a23303d:192.168.164.237:34242], old=null
2019-11-13 22:06:07,801 [d9ec6d9b-9212-4a70-b93c-d3980a23303d@group-E6D922EFD387-LeaderElection49] INFO  impl.RoleInfo (RoleInfo.java:shutdownLeaderElection(134)) - d9ec6d9b-9212-4a70-b93c-d3980a23303d: shutdown LeaderElection
2019-11-13 22:06:07,801 [d9ec6d9b-9212-4a70-b93c-d3980a23303d@group-E6D922EFD387-LeaderElection49] INFO  impl.RaftServerImpl (RaftServerImpl.java:setRole(173)) - d9ec6d9b-9212-4a70-b93c-d3980a23303d@group-E6D922EFD387: changes role from CANDIDATE to LEADER at term 1 for changeToLeader
2019-11-13 22:06:07,801 [d9ec6d9b-9212-4a70-b93c-d3980a23303d@group-E6D922EFD387-LeaderElection49] INFO  ratis.XceiverServerRatis (XceiverServerRatis.java:handleLeaderChangedNotification(697)) - Leader change notification received for group: group-E6D922EFD387 with new leaderId: d9ec6d9b-9212-4a70-b93c-d3980a23303d
2019-11-13 22:06:07,801 [d9ec6d9b-9212-4a70-b93c-d3980a23303d@group-E6D922EFD387-LeaderElection49] INFO  impl.RaftServerImpl (ServerState.java:setLeader(255)) - d9ec6d9b-9212-4a70-b93c-d3980a23303d@group-E6D922EFD387: change Leader from null to d9ec6d9b-9212-4a70-b93c-d3980a23303d at term 1 for becomeLeader, leader elected after 1103ms
2019-11-13 22:06:07,803 [d9ec6d9b-9212-4a70-b93c-d3980a23303d@group-E6D922EFD387-LeaderElection49] INFO  server.RaftServerConfigKeys (ConfUtils.java:logGet(43)) - raft.server.staging.catchup.gap = 1000 (default)
2019-11-13 22:06:07,804 [d9ec6d9b-9212-4a70-b93c-d3980a23303d@group-E6D922EFD387-LeaderElection49] INFO  server.RaftServerConfigKeys (ConfUtils.java:logGet(43)) - raft.server.rpc.sleep.time = 25ms (default)
2019-11-13 22:06:07,804 [d9ec6d9b-9212-4a70-b93c-d3980a23303d@group-E6D922EFD387-LeaderElection49] INFO  server.RaftServerConfigKeys (ConfUtils.java:logGet(43)) - raft.server.write.element-limit = 4096 (default)
2019-11-13 22:06:07,805 [d9ec6d9b-9212-4a70-b93c-d3980a23303d@group-E6D922EFD387-LeaderElection49] INFO  server.RaftServerConfigKeys (ConfUtils.java:logGet(43)) - raft.server.watch.timeout = 10s (default)
2019-11-13 22:06:07,805 [d9ec6d9b-9212-4a70-b93c-d3980a23303d@group-E6D922EFD387-LeaderElection49] INFO  server.RaftServerConfigKeys (ConfUtils.java:logGet(43)) - raft.server.watch.timeout.denomination = 1s (default)
2019-11-13 22:06:07,805 [d9ec6d9b-9212-4a70-b93c-d3980a23303d@group-E6D922EFD387-LeaderElection49] INFO  server.RaftServerConfigKeys (ConfUtils.java:logGet(43)) - raft.server.watch.element-limit = 65536 (default)
2019-11-13 22:06:07,805 [EventQueue-PipelineReportForPipelineReportHandler] INFO  pipeline.PipelineStateManager (PipelineStateManager.java:openPipeline(134)) - Pipeline Pipeline[ Id: 78785191-dcdd-47ff-bc34-e6d922efd387, Nodes: d9ec6d9b-9212-4a70-b93c-d3980a23303d{ip: 192.168.164.237, host: pr-hdds-2471-vxr4w-2980416436, networkLocation: /default-rack, certSerialId: null}, Type:RATIS, Factor:ONE, State:OPEN] moved to OPEN state
2019-11-13 22:06:07,805 [d9ec6d9b-9212-4a70-b93c-d3980a23303d@group-E6D922EFD387-LeaderElection49] INFO  impl.RoleInfo (RoleInfo.java:updateAndGet(143)) - d9ec6d9b-9212-4a70-b93c-d3980a23303d: start LeaderState
2019-11-13 22:06:07,806 [d9ec6d9b-9212-4a70-b93c-d3980a23303d@group-E6D922EFD387-LeaderElection49] INFO  segmented.SegmentedRaftLogWorker (SegmentedRaftLogWorker.java:startLogSegment(385)) - d9ec6d9b-9212-4a70-b93c-d3980a23303d@group-E6D922EFD387-SegmentedRaftLogWorker: Starting segment from index:0
2019-11-13 22:06:07,806 [d9ec6d9b-9212-4a70-b93c-d3980a23303d@group-E6D922EFD387-LeaderElection49] INFO  impl.RaftServerImpl (ServerState.java:setRaftConf(356)) - d9ec6d9b-9212-4a70-b93c-d3980a23303d@group-E6D922EFD387: set configuration 0: [d9ec6d9b-9212-4a70-b93c-d3980a23303d:192.168.164.237:34242], old=null at 0
2019-11-13 22:06:07,819 [Thread-1257] INFO  impl.FollowerState (FollowerState.java:run(111)) - 52753b73-fd3b-4321-bab5-4a2e8177045b@group-1617808EE885-FollowerState: change to CANDIDATE, lastRpcTime:1049ms, electionTimeout:1049ms
2019-11-13 22:06:07,820 [Thread-1257] INFO  impl.RoleInfo (RoleInfo.java:shutdownFollowerState(121)) - 52753b73-fd3b-4321-bab5-4a2e8177045b: shutdown FollowerState
2019-11-13 22:06:07,820 [Thread-1257] INFO  impl.RaftServerImpl (RaftServerImpl.java:setRole(173)) - 52753b73-fd3b-4321-bab5-4a2e8177045b@group-1617808EE885: changes role from  FOLLOWER to CANDIDATE at term 0 for changeToCandidate
2019-11-13 22:06:07,820 [Thread-1257] INFO  impl.RoleInfo (RoleInfo.java:updateAndGet(143)) - 52753b73-fd3b-4321-bab5-4a2e8177045b: start LeaderElection
2019-11-13 22:06:07,850 [d9ec6d9b-9212-4a70-b93c-d3980a23303d@group-E6D922EFD387-SegmentedRaftLogWorker] INFO  segmented.SegmentedRaftLogWorker (SegmentedRaftLogWorker.java:execute(576)) - d9ec6d9b-9212-4a70-b93c-d3980a23303d@group-E6D922EFD387-SegmentedRaftLogWorker: created new log segment /workdir/hadoop-ozone/integration-test/target/test-dir/MiniOzoneClusterImpl-7f102aba-c488-44cf-bcdb-425554d335ef/datanode-1/data/ratis/78785191-dcdd-47ff-bc34-e6d922efd387/current/log_inprogress_0
2019-11-13 22:06:07,850 [52753b73-fd3b-4321-bab5-4a2e8177045b@group-1617808EE885-LeaderElection50] INFO  impl.LeaderElection (LeaderElection.java:askForVotes(178)) - 52753b73-fd3b-4321-bab5-4a2e8177045b@group-1617808EE885-LeaderElection50: begin an election at term 1 for -1: [52753b73-fd3b-4321-bab5-4a2e8177045b:192.168.164.237:32948], old=null
2019-11-13 22:06:07,850 [52753b73-fd3b-4321-bab5-4a2e8177045b@group-1617808EE885-LeaderElection50] INFO  impl.RoleInfo (RoleInfo.java:shutdownLeaderElection(134)) - 52753b73-fd3b-4321-bab5-4a2e8177045b: shutdown LeaderElection
2019-11-13 22:06:07,851 [52753b73-fd3b-4321-bab5-4a2e8177045b@group-1617808EE885-LeaderElection50] INFO  impl.RaftServerImpl (RaftServerImpl.java:setRole(173)) - 52753b73-fd3b-4321-bab5-4a2e8177045b@group-1617808EE885: changes role from CANDIDATE to LEADER at term 1 for changeToLeader
2019-11-13 22:06:07,851 [52753b73-fd3b-4321-bab5-4a2e8177045b@group-1617808EE885-LeaderElection50] INFO  ratis.XceiverServerRatis (XceiverServerRatis.java:handleLeaderChangedNotification(697)) - Leader change notification received for group: group-1617808EE885 with new leaderId: 52753b73-fd3b-4321-bab5-4a2e8177045b
2019-11-13 22:06:07,851 [52753b73-fd3b-4321-bab5-4a2e8177045b@group-1617808EE885-LeaderElection50] INFO  impl.RaftServerImpl (ServerState.java:setLeader(255)) - 52753b73-fd3b-4321-bab5-4a2e8177045b@group-1617808EE885: change Leader from null to 52753b73-fd3b-4321-bab5-4a2e8177045b at term 1 for becomeLeader, leader elected after 1085ms
2019-11-13 22:06:07,853 [52753b73-fd3b-4321-bab5-4a2e8177045b@group-1617808EE885-LeaderElection50] INFO  server.RaftServerConfigKeys (ConfUtils.java:logGet(43)) - raft.server.staging.catchup.gap = 1000 (default)
2019-11-13 22:06:07,854 [52753b73-fd3b-4321-bab5-4a2e8177045b@group-1617808EE885-LeaderElection50] INFO  server.RaftServerConfigKeys (ConfUtils.java:logGet(43)) - raft.server.rpc.sleep.time = 25ms (default)
2019-11-13 22:06:07,854 [52753b73-fd3b-4321-bab5-4a2e8177045b@group-1617808EE885-LeaderElection50] INFO  server.RaftServerConfigKeys (ConfUtils.java:logGet(43)) - raft.server.write.element-limit = 4096 (default)
2019-11-13 22:06:07,854 [52753b73-fd3b-4321-bab5-4a2e8177045b@group-1617808EE885-LeaderElection50] INFO  server.RaftServerConfigKeys (ConfUtils.java:logGet(43)) - raft.server.watch.timeout = 10s (default)
2019-11-13 22:06:07,854 [52753b73-fd3b-4321-bab5-4a2e8177045b@group-1617808EE885-LeaderElection50] INFO  server.RaftServerConfigKeys (ConfUtils.java:logGet(43)) - raft.server.watch.timeout.denomination = 1s (default)
2019-11-13 22:06:07,855 [52753b73-fd3b-4321-bab5-4a2e8177045b@group-1617808EE885-LeaderElection50] INFO  server.RaftServerConfigKeys (ConfUtils.java:logGet(43)) - raft.server.watch.element-limit = 65536 (default)
2019-11-13 22:06:07,855 [52753b73-fd3b-4321-bab5-4a2e8177045b@group-1617808EE885-LeaderElection50] INFO  impl.RoleInfo (RoleInfo.java:updateAndGet(143)) - 52753b73-fd3b-4321-bab5-4a2e8177045b: start LeaderState
2019-11-13 22:06:07,855 [52753b73-fd3b-4321-bab5-4a2e8177045b@group-1617808EE885-LeaderElection50] INFO  segmented.SegmentedRaftLogWorker (SegmentedRaftLogWorker.java:startLogSegment(385)) - 52753b73-fd3b-4321-bab5-4a2e8177045b@group-1617808EE885-SegmentedRaftLogWorker: Starting segment from index:0
2019-11-13 22:06:07,855 [EventQueue-PipelineReportForPipelineReportHandler] INFO  pipeline.PipelineStateManager (PipelineStateManager.java:openPipeline(134)) - Pipeline Pipeline[ Id: 1b749c44-6bd8-4971-886b-1617808ee885, Nodes: 52753b73-fd3b-4321-bab5-4a2e8177045b{ip: 192.168.164.237, host: pr-hdds-2471-vxr4w-2980416436, networkLocation: /default-rack, certSerialId: null}, Type:RATIS, Factor:ONE, State:OPEN] moved to OPEN state
2019-11-13 22:06:07,855 [52753b73-fd3b-4321-bab5-4a2e8177045b@group-1617808EE885-LeaderElection50] INFO  impl.RaftServerImpl (ServerState.java:setRaftConf(356)) - 52753b73-fd3b-4321-bab5-4a2e8177045b@group-1617808EE885: set configuration 0: [52753b73-fd3b-4321-bab5-4a2e8177045b:192.168.164.237:32948], old=null at 0
2019-11-13 22:06:07,892 [Thread-1266] INFO  impl.FollowerState (FollowerState.java:run(111)) - d9ec6d9b-9212-4a70-b93c-d3980a23303d@group-694E44E1A437-FollowerState: change to CANDIDATE, lastRpcTime:1063ms, electionTimeout:1063ms
2019-11-13 22:06:07,892 [Thread-1266] INFO  impl.RoleInfo (RoleInfo.java:shutdownFollowerState(121)) - d9ec6d9b-9212-4a70-b93c-d3980a23303d: shutdown FollowerState
2019-11-13 22:06:07,892 [Thread-1266] INFO  impl.RaftServerImpl (RaftServerImpl.java:setRole(173)) - d9ec6d9b-9212-4a70-b93c-d3980a23303d@group-694E44E1A437: changes role from  FOLLOWER to CANDIDATE at term 0 for changeToCandidate
2019-11-13 22:06:07,892 [Thread-1266] INFO  impl.RoleInfo (RoleInfo.java:updateAndGet(143)) - d9ec6d9b-9212-4a70-b93c-d3980a23303d: start LeaderElection
2019-11-13 22:06:07,905 [Thread-1262] INFO  impl.FollowerState (FollowerState.java:run(111)) - 52753b73-fd3b-4321-bab5-4a2e8177045b@group-694E44E1A437-FollowerState: change to CANDIDATE, lastRpcTime:1079ms, electionTimeout:1078ms
2019-11-13 22:06:07,905 [Thread-1262] INFO  impl.RoleInfo (RoleInfo.java:shutdownFollowerState(121)) - 52753b73-fd3b-4321-bab5-4a2e8177045b: shutdown FollowerState
2019-11-13 22:06:07,905 [Thread-1262] INFO  impl.RaftServerImpl (RaftServerImpl.java:setRole(173)) - 52753b73-fd3b-4321-bab5-4a2e8177045b@group-694E44E1A437: changes role from  FOLLOWER to CANDIDATE at term 0 for changeToCandidate
2019-11-13 22:06:07,905 [Thread-1262] INFO  impl.RoleInfo (RoleInfo.java:updateAndGet(143)) - 52753b73-fd3b-4321-bab5-4a2e8177045b: start LeaderElection
2019-11-13 22:06:07,908 [52753b73-fd3b-4321-bab5-4a2e8177045b@group-1617808EE885-SegmentedRaftLogWorker] INFO  segmented.SegmentedRaftLogWorker (SegmentedRaftLogWorker.java:execute(576)) - 52753b73-fd3b-4321-bab5-4a2e8177045b@group-1617808EE885-SegmentedRaftLogWorker: created new log segment /workdir/hadoop-ozone/integration-test/target/test-dir/MiniOzoneClusterImpl-7f102aba-c488-44cf-bcdb-425554d335ef/datanode-2/data/ratis/1b749c44-6bd8-4971-886b-1617808ee885/current/log_inprogress_0
2019-11-13 22:06:07,908 [d9ec6d9b-9212-4a70-b93c-d3980a23303d@group-694E44E1A437-LeaderElection51] INFO  impl.LeaderElection (LeaderElection.java:askForVotes(178)) - d9ec6d9b-9212-4a70-b93c-d3980a23303d@group-694E44E1A437-LeaderElection51: begin an election at term 1 for -1: [5be39b6a-195c-499c-aaae-deebd243d90c:192.168.164.237:39727, d9ec6d9b-9212-4a70-b93c-d3980a23303d:192.168.164.237:34242, 52753b73-fd3b-4321-bab5-4a2e8177045b:192.168.164.237:32948], old=null
2019-11-13 22:06:07,916 [grpc-default-executor-2] INFO  impl.RaftServerImpl (RaftServerImpl.java:setRole(173)) - 5be39b6a-195c-499c-aaae-deebd243d90c@group-694E44E1A437: changes role from  FOLLOWER to FOLLOWER at term 1 for recognizeCandidate:d9ec6d9b-9212-4a70-b93c-d3980a23303d
2019-11-13 22:06:07,916 [grpc-default-executor-2] INFO  impl.RoleInfo (RoleInfo.java:shutdownFollowerState(121)) - 5be39b6a-195c-499c-aaae-deebd243d90c: shutdown FollowerState
2019-11-13 22:06:07,916 [grpc-default-executor-2] INFO  impl.RoleInfo (RoleInfo.java:updateAndGet(143)) - 5be39b6a-195c-499c-aaae-deebd243d90c: start FollowerState
2019-11-13 22:06:07,916 [Thread-1261] INFO  impl.FollowerState (FollowerState.java:run(120)) - 5be39b6a-195c-499c-aaae-deebd243d90c@group-694E44E1A437-FollowerState was interrupted: java.lang.InterruptedException: sleep interrupted
2019-11-13 22:06:07,924 [52753b73-fd3b-4321-bab5-4a2e8177045b@group-694E44E1A437-LeaderElection52] INFO  impl.LeaderElection (LeaderElection.java:askForVotes(178)) - 52753b73-fd3b-4321-bab5-4a2e8177045b@group-694E44E1A437-LeaderElection52: begin an election at term 1 for -1: [5be39b6a-195c-499c-aaae-deebd243d90c:192.168.164.237:39727, d9ec6d9b-9212-4a70-b93c-d3980a23303d:192.168.164.237:34242, 52753b73-fd3b-4321-bab5-4a2e8177045b:192.168.164.237:32948], old=null
2019-11-13 22:06:07,937 [d9ec6d9b-9212-4a70-b93c-d3980a23303d@group-694E44E1A437-LeaderElection51] INFO  impl.LeaderElection (LeaderElection.java:logAndReturn(56)) - d9ec6d9b-9212-4a70-b93c-d3980a23303d@group-694E44E1A437-LeaderElection51: Election PASSED; received 2 response(s) [d9ec6d9b-9212-4a70-b93c-d3980a23303d<-5be39b6a-195c-499c-aaae-deebd243d90c#0:OK-t1, d9ec6d9b-9212-4a70-b93c-d3980a23303d<-52753b73-fd3b-4321-bab5-4a2e8177045b#0:FAIL-t1] and 0 exception(s); d9ec6d9b-9212-4a70-b93c-d3980a23303d@group-694E44E1A437:t1, leader=null, voted=d9ec6d9b-9212-4a70-b93c-d3980a23303d, raftlog=d9ec6d9b-9212-4a70-b93c-d3980a23303d@group-694E44E1A437-SegmentedRaftLog:OPENED:c-1,f-1,i0, conf=-1: [5be39b6a-195c-499c-aaae-deebd243d90c:192.168.164.237:39727, d9ec6d9b-9212-4a70-b93c-d3980a23303d:192.168.164.237:34242, 52753b73-fd3b-4321-bab5-4a2e8177045b:192.168.164.237:32948], old=null
2019-11-13 22:06:07,937 [52753b73-fd3b-4321-bab5-4a2e8177045b@group-694E44E1A437-LeaderElection52] INFO  impl.LeaderElection (LeaderElection.java:logAndReturn(56)) - 52753b73-fd3b-4321-bab5-4a2e8177045b@group-694E44E1A437-LeaderElection52: Election REJECTED; received 2 response(s) [52753b73-fd3b-4321-bab5-4a2e8177045b<-5be39b6a-195c-499c-aaae-deebd243d90c#0:FAIL-t1, 52753b73-fd3b-4321-bab5-4a2e8177045b<-d9ec6d9b-9212-4a70-b93c-d3980a23303d#0:FAIL-t1] and 0 exception(s); 52753b73-fd3b-4321-bab5-4a2e8177045b@group-694E44E1A437:t1, leader=null, voted=52753b73-fd3b-4321-bab5-4a2e8177045b, raftlog=52753b73-fd3b-4321-bab5-4a2e8177045b@group-694E44E1A437-SegmentedRaftLog:OPENED:c-1,f-1,i0, conf=-1: [5be39b6a-195c-499c-aaae-deebd243d90c:192.168.164.237:39727, d9ec6d9b-9212-4a70-b93c-d3980a23303d:192.168.164.237:34242, 52753b73-fd3b-4321-bab5-4a2e8177045b:192.168.164.237:32948], old=null
2019-11-13 22:06:07,938 [d9ec6d9b-9212-4a70-b93c-d3980a23303d@group-694E44E1A437-LeaderElection51] INFO  impl.RoleInfo (RoleInfo.java:shutdownLeaderElection(134)) - d9ec6d9b-9212-4a70-b93c-d3980a23303d: shutdown LeaderElection
2019-11-13 22:06:07,938 [d9ec6d9b-9212-4a70-b93c-d3980a23303d@group-694E44E1A437-LeaderElection51] INFO  impl.RaftServerImpl (RaftServerImpl.java:setRole(173)) - d9ec6d9b-9212-4a70-b93c-d3980a23303d@group-694E44E1A437: changes role from CANDIDATE to LEADER at term 1 for changeToLeader
2019-11-13 22:06:07,938 [52753b73-fd3b-4321-bab5-4a2e8177045b@group-694E44E1A437-LeaderElection52] INFO  impl.RaftServerImpl (RaftServerImpl.java:setRole(173)) - 52753b73-fd3b-4321-bab5-4a2e8177045b@group-694E44E1A437: changes role from CANDIDATE to FOLLOWER at term 1 for DISCOVERED_A_NEW_TERM
2019-11-13 22:06:07,938 [d9ec6d9b-9212-4a70-b93c-d3980a23303d@group-694E44E1A437-LeaderElection51] INFO  ratis.XceiverServerRatis (XceiverServerRatis.java:handleLeaderChangedNotification(697)) - Leader change notification received for group: group-694E44E1A437 with new leaderId: d9ec6d9b-9212-4a70-b93c-d3980a23303d
2019-11-13 22:06:07,938 [52753b73-fd3b-4321-bab5-4a2e8177045b@group-694E44E1A437-LeaderElection52] INFO  impl.RoleInfo (RoleInfo.java:shutdownLeaderElection(134)) - 52753b73-fd3b-4321-bab5-4a2e8177045b: shutdown LeaderElection
2019-11-13 22:06:07,938 [d9ec6d9b-9212-4a70-b93c-d3980a23303d@group-694E44E1A437-LeaderElection51] INFO  impl.RaftServerImpl (ServerState.java:setLeader(255)) - d9ec6d9b-9212-4a70-b93c-d3980a23303d@group-694E44E1A437: change Leader from null to d9ec6d9b-9212-4a70-b93c-d3980a23303d at term 1 for becomeLeader, leader elected after 1122ms
2019-11-13 22:06:07,938 [52753b73-fd3b-4321-bab5-4a2e8177045b@group-694E44E1A437-LeaderElection52] INFO  impl.RoleInfo (RoleInfo.java:updateAndGet(143)) - 52753b73-fd3b-4321-bab5-4a2e8177045b: start FollowerState
2019-11-13 22:06:07,938 [d9ec6d9b-9212-4a70-b93c-d3980a23303d@group-694E44E1A437-LeaderElection51] INFO  server.RaftServerConfigKeys (ConfUtils.java:logGet(43)) - raft.server.staging.catchup.gap = 1000 (default)
2019-11-13 22:06:07,939 [d9ec6d9b-9212-4a70-b93c-d3980a23303d@group-694E44E1A437-LeaderElection51] INFO  server.RaftServerConfigKeys (ConfUtils.java:logGet(43)) - raft.server.rpc.sleep.time = 25ms (default)
2019-11-13 22:06:07,939 [d9ec6d9b-9212-4a70-b93c-d3980a23303d@group-694E44E1A437-LeaderElection51] INFO  server.RaftServerConfigKeys (ConfUtils.java:logGet(43)) - raft.server.write.element-limit = 4096 (default)
2019-11-13 22:06:07,939 [d9ec6d9b-9212-4a70-b93c-d3980a23303d@group-694E44E1A437-LeaderElection51] INFO  server.RaftServerConfigKeys (ConfUtils.java:logGet(43)) - raft.server.watch.timeout = 10s (default)
2019-11-13 22:06:07,939 [d9ec6d9b-9212-4a70-b93c-d3980a23303d@group-694E44E1A437-LeaderElection51] INFO  server.RaftServerConfigKeys (ConfUtils.java:logGet(43)) - raft.server.watch.timeout.denomination = 1s (default)
2019-11-13 22:06:07,939 [d9ec6d9b-9212-4a70-b93c-d3980a23303d@group-694E44E1A437-LeaderElection51] INFO  server.RaftServerConfigKeys (ConfUtils.java:logGet(43)) - raft.server.watch.element-limit = 65536 (default)
2019-11-13 22:06:07,939 [EventQueue-PipelineReportForPipelineReportHandler] INFO  pipeline.PipelineStateManager (PipelineStateManager.java:openPipeline(134)) - Pipeline Pipeline[ Id: 483487ce-8668-4a87-bc9a-694e44e1a437, Nodes: 5be39b6a-195c-499c-aaae-deebd243d90c{ip: 192.168.164.237, host: pr-hdds-2471-vxr4w-2980416436, networkLocation: /default-rack, certSerialId: null}52753b73-fd3b-4321-bab5-4a2e8177045b{ip: 192.168.164.237, host: pr-hdds-2471-vxr4w-2980416436, networkLocation: /default-rack, certSerialId: null}d9ec6d9b-9212-4a70-b93c-d3980a23303d{ip: 192.168.164.237, host: pr-hdds-2471-vxr4w-2980416436, networkLocation: /default-rack, certSerialId: null}, Type:RATIS, Factor:THREE, State:OPEN] moved to OPEN state
2019-11-13 22:06:07,940 [d9ec6d9b-9212-4a70-b93c-d3980a23303d@group-694E44E1A437-LeaderElection51] INFO  server.RaftServerConfigKeys (ConfUtils.java:logGet(43)) - raft.server.log.appender.snapshot.chunk.size.max = 16MB (=16777216) (default)
2019-11-13 22:06:07,940 [d9ec6d9b-9212-4a70-b93c-d3980a23303d@group-694E44E1A437-LeaderElection51] INFO  server.RaftServerConfigKeys (ConfUtils.java:logGet(43)) - raft.server.log.appender.buffer.byte-limit = 33554432 (custom)
2019-11-13 22:06:07,940 [d9ec6d9b-9212-4a70-b93c-d3980a23303d@group-694E44E1A437-LeaderElection51] INFO  server.RaftServerConfigKeys (ConfUtils.java:logGet(43)) - raft.server.log.appender.buffer.element-limit = 1 (custom)
2019-11-13 22:06:07,940 [d9ec6d9b-9212-4a70-b93c-d3980a23303d@group-694E44E1A437-LeaderElection51] INFO  grpc.GrpcConfigKeys$Server (ConfUtils.java:logGet(43)) - raft.grpc.server.leader.outstanding.appends.max = 128 (default)
2019-11-13 22:06:07,941 [d9ec6d9b-9212-4a70-b93c-d3980a23303d@group-694E44E1A437-LeaderElection51] INFO  server.RaftServerConfigKeys (ConfUtils.java:logGet(43)) - raft.server.rpc.request.timeout = 3000ms (default)
2019-11-13 22:06:07,941 [d9ec6d9b-9212-4a70-b93c-d3980a23303d@group-694E44E1A437-LeaderElection51] INFO  server.RaftServerConfigKeys (ConfUtils.java:logGet(43)) - raft.server.log.appender.install.snapshot.enabled = false (custom)
2019-11-13 22:06:07,941 [d9ec6d9b-9212-4a70-b93c-d3980a23303d@group-694E44E1A437-LeaderElection51] WARN  impl.MetricRegistriesImpl (MetricRegistriesImpl.java:lambda$create$1(61)) - First MetricRegistry has been created without registering reporters. You may need to call MetricRegistries.global().addReportRegistration(...) before.
2019-11-13 22:06:07,941 [d9ec6d9b-9212-4a70-b93c-d3980a23303d@group-694E44E1A437-LeaderElection51] INFO  server.RaftServerConfigKeys (ConfUtils.java:logGet(43)) - raft.server.log.appender.snapshot.chunk.size.max = 16MB (=16777216) (default)
2019-11-13 22:06:07,941 [d9ec6d9b-9212-4a70-b93c-d3980a23303d@group-694E44E1A437-LeaderElection51] INFO  server.RaftServerConfigKeys (ConfUtils.java:logGet(43)) - raft.server.log.appender.buffer.byte-limit = 33554432 (custom)
2019-11-13 22:06:07,941 [d9ec6d9b-9212-4a70-b93c-d3980a23303d@group-694E44E1A437-LeaderElection51] INFO  server.RaftServerConfigKeys (ConfUtils.java:logGet(43)) - raft.server.log.appender.buffer.element-limit = 1 (custom)
2019-11-13 22:06:07,942 [d9ec6d9b-9212-4a70-b93c-d3980a23303d@group-694E44E1A437-LeaderElection51] INFO  grpc.GrpcConfigKeys$Server (ConfUtils.java:logGet(43)) - raft.grpc.server.leader.outstanding.appends.max = 128 (default)
2019-11-13 22:06:07,942 [d9ec6d9b-9212-4a70-b93c-d3980a23303d@group-694E44E1A437-LeaderElection51] INFO  server.RaftServerConfigKeys (ConfUtils.java:logGet(43)) - raft.server.rpc.request.timeout = 3000ms (default)
2019-11-13 22:06:07,942 [d9ec6d9b-9212-4a70-b93c-d3980a23303d@group-694E44E1A437-LeaderElection51] INFO  server.RaftServerConfigKeys (ConfUtils.java:logGet(43)) - raft.server.log.appender.install.snapshot.enabled = false (custom)
2019-11-13 22:06:07,942 [d9ec6d9b-9212-4a70-b93c-d3980a23303d@group-694E44E1A437-LeaderElection51] INFO  impl.RoleInfo (RoleInfo.java:updateAndGet(143)) - d9ec6d9b-9212-4a70-b93c-d3980a23303d: start LeaderState
2019-11-13 22:06:07,943 [d9ec6d9b-9212-4a70-b93c-d3980a23303d@group-694E44E1A437-LeaderElection51] INFO  segmented.SegmentedRaftLogWorker (SegmentedRaftLogWorker.java:startLogSegment(385)) - d9ec6d9b-9212-4a70-b93c-d3980a23303d@group-694E44E1A437-SegmentedRaftLogWorker: Starting segment from index:0
2019-11-13 22:06:07,943 [d9ec6d9b-9212-4a70-b93c-d3980a23303d@group-694E44E1A437-LeaderElection51] INFO  impl.RaftServerImpl (ServerState.java:setRaftConf(356)) - d9ec6d9b-9212-4a70-b93c-d3980a23303d@group-694E44E1A437: set configuration 0: [5be39b6a-195c-499c-aaae-deebd243d90c:192.168.164.237:39727, d9ec6d9b-9212-4a70-b93c-d3980a23303d:192.168.164.237:34242, 52753b73-fd3b-4321-bab5-4a2e8177045b:192.168.164.237:32948], old=null at 0
2019-11-13 22:06:07,944 [grpc-default-executor-0] INFO  ratis.XceiverServerRatis (XceiverServerRatis.java:handleLeaderChangedNotification(697)) - Leader change notification received for group: group-694E44E1A437 with new leaderId: d9ec6d9b-9212-4a70-b93c-d3980a23303d
2019-11-13 22:06:07,944 [grpc-default-executor-2] INFO  ratis.XceiverServerRatis (XceiverServerRatis.java:handleLeaderChangedNotification(697)) - Leader change notification received for group: group-694E44E1A437 with new leaderId: d9ec6d9b-9212-4a70-b93c-d3980a23303d
2019-11-13 22:06:07,945 [grpc-default-executor-0] INFO  impl.RaftServerImpl (ServerState.java:setLeader(255)) - 5be39b6a-195c-499c-aaae-deebd243d90c@group-694E44E1A437: change Leader from null to d9ec6d9b-9212-4a70-b93c-d3980a23303d at term 1 for appendEntries, leader elected after 1128ms
2019-11-13 22:06:07,945 [grpc-default-executor-2] INFO  impl.RaftServerImpl (ServerState.java:setLeader(255)) - 52753b73-fd3b-4321-bab5-4a2e8177045b@group-694E44E1A437: change Leader from null to d9ec6d9b-9212-4a70-b93c-d3980a23303d at term 1 for appendEntries, leader elected after 1128ms
2019-11-13 22:06:07,947 [grpc-default-executor-0] INFO  impl.RaftServerImpl (ServerState.java:setRaftConf(356)) - 5be39b6a-195c-499c-aaae-deebd243d90c@group-694E44E1A437: set configuration 0: [5be39b6a-195c-499c-aaae-deebd243d90c:192.168.164.237:39727, d9ec6d9b-9212-4a70-b93c-d3980a23303d:192.168.164.237:34242, 52753b73-fd3b-4321-bab5-4a2e8177045b:192.168.164.237:32948], old=null at 0
2019-11-13 22:06:07,947 [grpc-default-executor-2] INFO  impl.RaftServerImpl (ServerState.java:setRaftConf(356)) - 52753b73-fd3b-4321-bab5-4a2e8177045b@group-694E44E1A437: set configuration 0: [5be39b6a-195c-499c-aaae-deebd243d90c:192.168.164.237:39727, d9ec6d9b-9212-4a70-b93c-d3980a23303d:192.168.164.237:34242, 52753b73-fd3b-4321-bab5-4a2e8177045b:192.168.164.237:32948], old=null at 0
2019-11-13 22:06:07,948 [grpc-default-executor-0] INFO  segmented.SegmentedRaftLogWorker (SegmentedRaftLogWorker.java:startLogSegment(385)) - 5be39b6a-195c-499c-aaae-deebd243d90c@group-694E44E1A437-SegmentedRaftLogWorker: Starting segment from index:0
2019-11-13 22:06:07,948 [grpc-default-executor-2] INFO  segmented.SegmentedRaftLogWorker (SegmentedRaftLogWorker.java:startLogSegment(385)) - 52753b73-fd3b-4321-bab5-4a2e8177045b@group-694E44E1A437-SegmentedRaftLogWorker: Starting segment from index:0
2019-11-13 22:06:07,984 [d9ec6d9b-9212-4a70-b93c-d3980a23303d@group-694E44E1A437-SegmentedRaftLogWorker] INFO  segmented.SegmentedRaftLogWorker (SegmentedRaftLogWorker.java:execute(576)) - d9ec6d9b-9212-4a70-b93c-d3980a23303d@group-694E44E1A437-SegmentedRaftLogWorker: created new log segment /workdir/hadoop-ozone/integration-test/target/test-dir/MiniOzoneClusterImpl-7f102aba-c488-44cf-bcdb-425554d335ef/datanode-1/data/ratis/483487ce-8668-4a87-bc9a-694e44e1a437/current/log_inprogress_0
2019-11-13 22:06:07,985 [52753b73-fd3b-4321-bab5-4a2e8177045b@group-694E44E1A437-SegmentedRaftLogWorker] INFO  segmented.SegmentedRaftLogWorker (SegmentedRaftLogWorker.java:execute(576)) - 52753b73-fd3b-4321-bab5-4a2e8177045b@group-694E44E1A437-SegmentedRaftLogWorker: created new log segment /workdir/hadoop-ozone/integration-test/target/test-dir/MiniOzoneClusterImpl-7f102aba-c488-44cf-bcdb-425554d335ef/datanode-2/data/ratis/483487ce-8668-4a87-bc9a-694e44e1a437/current/log_inprogress_0
2019-11-13 22:06:07,986 [5be39b6a-195c-499c-aaae-deebd243d90c@group-694E44E1A437-SegmentedRaftLogWorker] INFO  segmented.SegmentedRaftLogWorker (SegmentedRaftLogWorker.java:execute(576)) - 5be39b6a-195c-499c-aaae-deebd243d90c@group-694E44E1A437-SegmentedRaftLogWorker: created new log segment /workdir/hadoop-ozone/integration-test/target/test-dir/MiniOzoneClusterImpl-7f102aba-c488-44cf-bcdb-425554d335ef/datanode-0/data/ratis/483487ce-8668-4a87-bc9a-694e44e1a437/current/log_inprogress_0
2019-11-13 22:06:07,994 [Thread-1269] INFO  impl.FollowerState (FollowerState.java:run(111)) - 7b888e0e-6a0f-4b0e-88cc-e0733c42ba91@group-B508DE85176C-FollowerState: change to CANDIDATE, lastRpcTime:1043ms, electionTimeout:1043ms
2019-11-13 22:06:07,995 [Thread-1269] INFO  impl.RoleInfo (RoleInfo.java:shutdownFollowerState(121)) - 7b888e0e-6a0f-4b0e-88cc-e0733c42ba91: shutdown FollowerState
2019-11-13 22:06:07,995 [Thread-1269] INFO  impl.RaftServerImpl (RaftServerImpl.java:setRole(173)) - 7b888e0e-6a0f-4b0e-88cc-e0733c42ba91@group-B508DE85176C: changes role from  FOLLOWER to CANDIDATE at term 0 for changeToCandidate
2019-11-13 22:06:07,995 [Thread-1269] INFO  impl.RoleInfo (RoleInfo.java:updateAndGet(143)) - 7b888e0e-6a0f-4b0e-88cc-e0733c42ba91: start LeaderElection
2019-11-13 22:06:08,016 [7b888e0e-6a0f-4b0e-88cc-e0733c42ba91@group-B508DE85176C-LeaderElection53] INFO  impl.LeaderElection (LeaderElection.java:askForVotes(178)) - 7b888e0e-6a0f-4b0e-88cc-e0733c42ba91@group-B508DE85176C-LeaderElection53: begin an election at term 1 for -1: [7b888e0e-6a0f-4b0e-88cc-e0733c42ba91:192.168.164.237:44948], old=null
2019-11-13 22:06:08,016 [7b888e0e-6a0f-4b0e-88cc-e0733c42ba91@group-B508DE85176C-LeaderElection53] INFO  impl.RoleInfo (RoleInfo.java:shutdownLeaderElection(134)) - 7b888e0e-6a0f-4b0e-88cc-e0733c42ba91: shutdown LeaderElection
2019-11-13 22:06:08,017 [7b888e0e-6a0f-4b0e-88cc-e0733c42ba91@group-B508DE85176C-LeaderElection53] INFO  impl.RaftServerImpl (RaftServerImpl.java:setRole(173)) - 7b888e0e-6a0f-4b0e-88cc-e0733c42ba91@group-B508DE85176C: changes role from CANDIDATE to LEADER at term 1 for changeToLeader
2019-11-13 22:06:08,017 [7b888e0e-6a0f-4b0e-88cc-e0733c42ba91@group-B508DE85176C-LeaderElection53] INFO  ratis.XceiverServerRatis (XceiverServerRatis.java:handleLeaderChangedNotification(697)) - Leader change notification received for group: group-B508DE85176C with new leaderId: 7b888e0e-6a0f-4b0e-88cc-e0733c42ba91
2019-11-13 22:06:08,017 [7b888e0e-6a0f-4b0e-88cc-e0733c42ba91@group-B508DE85176C-LeaderElection53] INFO  impl.RaftServerImpl (ServerState.java:setLeader(255)) - 7b888e0e-6a0f-4b0e-88cc-e0733c42ba91@group-B508DE85176C: change Leader from null to 7b888e0e-6a0f-4b0e-88cc-e0733c42ba91 at term 1 for becomeLeader, leader elected after 1070ms
2019-11-13 22:06:08,020 [Thread-1272] INFO  impl.FollowerState (FollowerState.java:run(111)) - f7705811-6e65-4a57-b1c4-0cb13cee4425@group-36FB0721BED8-FollowerState: change to CANDIDATE, lastRpcTime:1021ms, electionTimeout:1020ms
2019-11-13 22:06:08,020 [7b888e0e-6a0f-4b0e-88cc-e0733c42ba91@group-B508DE85176C-LeaderElection53] INFO  server.RaftServerConfigKeys (ConfUtils.java:logGet(43)) - raft.server.staging.catchup.gap = 1000 (default)
2019-11-13 22:06:08,022 [Thread-1272] INFO  impl.RoleInfo (RoleInfo.java:shutdownFollowerState(121)) - f7705811-6e65-4a57-b1c4-0cb13cee4425: shutdown FollowerState
2019-11-13 22:06:08,022 [7b888e0e-6a0f-4b0e-88cc-e0733c42ba91@group-B508DE85176C-LeaderElection53] INFO  server.RaftServerConfigKeys (ConfUtils.java:logGet(43)) - raft.server.rpc.sleep.time = 25ms (default)
2019-11-13 22:06:08,022 [Thread-1272] INFO  impl.RaftServerImpl (RaftServerImpl.java:setRole(173)) - f7705811-6e65-4a57-b1c4-0cb13cee4425@group-36FB0721BED8: changes role from  FOLLOWER to CANDIDATE at term 0 for changeToCandidate
2019-11-13 22:06:08,023 [7b888e0e-6a0f-4b0e-88cc-e0733c42ba91@group-B508DE85176C-LeaderElection53] INFO  server.RaftServerConfigKeys (ConfUtils.java:logGet(43)) - raft.server.write.element-limit = 4096 (default)
2019-11-13 22:06:08,023 [Thread-1272] INFO  impl.RoleInfo (RoleInfo.java:updateAndGet(143)) - f7705811-6e65-4a57-b1c4-0cb13cee4425: start LeaderElection
2019-11-13 22:06:08,023 [7b888e0e-6a0f-4b0e-88cc-e0733c42ba91@group-B508DE85176C-LeaderElection53] INFO  server.RaftServerConfigKeys (ConfUtils.java:logGet(43)) - raft.server.watch.timeout = 10s (default)
2019-11-13 22:06:08,023 [7b888e0e-6a0f-4b0e-88cc-e0733c42ba91@group-B508DE85176C-LeaderElection53] INFO  server.RaftServerConfigKeys (ConfUtils.java:logGet(43)) - raft.server.watch.timeout.denomination = 1s (default)
2019-11-13 22:06:08,023 [EventQueue-PipelineReportForPipelineReportHandler] INFO  pipeline.PipelineStateManager (PipelineStateManager.java:openPipeline(134)) - Pipeline Pipeline[ Id: dfc3b34c-2712-483f-b172-b508de85176c, Nodes: 7b888e0e-6a0f-4b0e-88cc-e0733c42ba91{ip: 192.168.164.237, host: pr-hdds-2471-vxr4w-2980416436, networkLocation: /default-rack, certSerialId: null}, Type:RATIS, Factor:ONE, State:OPEN] moved to OPEN state
2019-11-13 22:06:08,023 [7b888e0e-6a0f-4b0e-88cc-e0733c42ba91@group-B508DE85176C-LeaderElection53] INFO  server.RaftServerConfigKeys (ConfUtils.java:logGet(43)) - raft.server.watch.element-limit = 65536 (default)
2019-11-13 22:06:08,027 [7b888e0e-6a0f-4b0e-88cc-e0733c42ba91@group-B508DE85176C-LeaderElection53] INFO  impl.RoleInfo (RoleInfo.java:updateAndGet(143)) - 7b888e0e-6a0f-4b0e-88cc-e0733c42ba91: start LeaderState
2019-11-13 22:06:08,027 [7b888e0e-6a0f-4b0e-88cc-e0733c42ba91@group-B508DE85176C-LeaderElection53] INFO  segmented.SegmentedRaftLogWorker (SegmentedRaftLogWorker.java:startLogSegment(385)) - 7b888e0e-6a0f-4b0e-88cc-e0733c42ba91@group-B508DE85176C-SegmentedRaftLogWorker: Starting segment from index:0
2019-11-13 22:06:08,028 [7b888e0e-6a0f-4b0e-88cc-e0733c42ba91@group-B508DE85176C-LeaderElection53] INFO  impl.RaftServerImpl (ServerState.java:setRaftConf(356)) - 7b888e0e-6a0f-4b0e-88cc-e0733c42ba91@group-B508DE85176C: set configuration 0: [7b888e0e-6a0f-4b0e-88cc-e0733c42ba91:192.168.164.237:44948], old=null at 0
2019-11-13 22:06:08,040 [f7705811-6e65-4a57-b1c4-0cb13cee4425@group-36FB0721BED8-LeaderElection54] INFO  impl.LeaderElection (LeaderElection.java:askForVotes(178)) - f7705811-6e65-4a57-b1c4-0cb13cee4425@group-36FB0721BED8-LeaderElection54: begin an election at term 1 for -1: [f7705811-6e65-4a57-b1c4-0cb13cee4425:192.168.164.237:42605], old=null
2019-11-13 22:06:08,040 [f7705811-6e65-4a57-b1c4-0cb13cee4425@group-36FB0721BED8-LeaderElection54] INFO  impl.RoleInfo (RoleInfo.java:shutdownLeaderElection(134)) - f7705811-6e65-4a57-b1c4-0cb13cee4425: shutdown LeaderElection
2019-11-13 22:06:08,040 [f7705811-6e65-4a57-b1c4-0cb13cee4425@group-36FB0721BED8-LeaderElection54] INFO  impl.RaftServerImpl (RaftServerImpl.java:setRole(173)) - f7705811-6e65-4a57-b1c4-0cb13cee4425@group-36FB0721BED8: changes role from CANDIDATE to LEADER at term 1 for changeToLeader
2019-11-13 22:06:08,040 [f7705811-6e65-4a57-b1c4-0cb13cee4425@group-36FB0721BED8-LeaderElection54] INFO  ratis.XceiverServerRatis (XceiverServerRatis.java:handleLeaderChangedNotification(697)) - Leader change notification received for group: group-36FB0721BED8 with new leaderId: f7705811-6e65-4a57-b1c4-0cb13cee4425
2019-11-13 22:06:08,040 [f7705811-6e65-4a57-b1c4-0cb13cee4425@group-36FB0721BED8-LeaderElection54] INFO  impl.RaftServerImpl (ServerState.java:setLeader(255)) - f7705811-6e65-4a57-b1c4-0cb13cee4425@group-36FB0721BED8: change Leader from null to f7705811-6e65-4a57-b1c4-0cb13cee4425 at term 1 for becomeLeader, leader elected after 1045ms
2019-11-13 22:06:08,060 [f7705811-6e65-4a57-b1c4-0cb13cee4425@group-36FB0721BED8-LeaderElection54] INFO  server.RaftServerConfigKeys (ConfUtils.java:logGet(43)) - raft.server.staging.catchup.gap = 1000 (default)
2019-11-13 22:06:08,061 [f7705811-6e65-4a57-b1c4-0cb13cee4425@group-36FB0721BED8-LeaderElection54] INFO  server.RaftServerConfigKeys (ConfUtils.java:logGet(43)) - raft.server.rpc.sleep.time = 25ms (default)
2019-11-13 22:06:08,061 [f7705811-6e65-4a57-b1c4-0cb13cee4425@group-36FB0721BED8-LeaderElection54] INFO  server.RaftServerConfigKeys (ConfUtils.java:logGet(43)) - raft.server.write.element-limit = 4096 (default)
2019-11-13 22:06:08,061 [Thread-1275] INFO  impl.FollowerState (FollowerState.java:run(111)) - b437d6a1-54f9-495c-b2fd-bb696abd9804@group-920E430DAA81-FollowerState: change to CANDIDATE, lastRpcTime:1014ms, electionTimeout:1003ms
2019-11-13 22:06:08,061 [f7705811-6e65-4a57-b1c4-0cb13cee4425@group-36FB0721BED8-LeaderElection54] INFO  server.RaftServerConfigKeys (ConfUtils.java:logGet(43)) - raft.server.watch.timeout = 10s (default)
2019-11-13 22:06:08,063 [Thread-1275] INFO  impl.RoleInfo (RoleInfo.java:shutdownFollowerState(121)) - b437d6a1-54f9-495c-b2fd-bb696abd9804: shutdown FollowerState
2019-11-13 22:06:08,063 [f7705811-6e65-4a57-b1c4-0cb13cee4425@group-36FB0721BED8-LeaderElection54] INFO  server.RaftServerConfigKeys (ConfUtils.java:logGet(43)) - raft.server.watch.timeout.denomination = 1s (default)
2019-11-13 22:06:08,063 [Thread-1275] INFO  impl.RaftServerImpl (RaftServerImpl.java:setRole(173)) - b437d6a1-54f9-495c-b2fd-bb696abd9804@group-920E430DAA81: changes role from  FOLLOWER to CANDIDATE at term 0 for changeToCandidate
2019-11-13 22:06:08,063 [f7705811-6e65-4a57-b1c4-0cb13cee4425@group-36FB0721BED8-LeaderElection54] INFO  server.RaftServerConfigKeys (ConfUtils.java:logGet(43)) - raft.server.watch.element-limit = 65536 (default)
2019-11-13 22:06:08,063 [Thread-1275] INFO  impl.RoleInfo (RoleInfo.java:updateAndGet(143)) - b437d6a1-54f9-495c-b2fd-bb696abd9804: start LeaderElection
2019-11-13 22:06:08,063 [f7705811-6e65-4a57-b1c4-0cb13cee4425@group-36FB0721BED8-LeaderElection54] INFO  impl.RoleInfo (RoleInfo.java:updateAndGet(143)) - f7705811-6e65-4a57-b1c4-0cb13cee4425: start LeaderState
2019-11-13 22:06:08,066 [f7705811-6e65-4a57-b1c4-0cb13cee4425@group-36FB0721BED8-LeaderElection54] INFO  segmented.SegmentedRaftLogWorker (SegmentedRaftLogWorker.java:startLogSegment(385)) - f7705811-6e65-4a57-b1c4-0cb13cee4425@group-36FB0721BED8-SegmentedRaftLogWorker: Starting segment from index:0
2019-11-13 22:06:08,066 [EventQueue-PipelineReportForPipelineReportHandler] INFO  pipeline.PipelineStateManager (PipelineStateManager.java:openPipeline(134)) - Pipeline Pipeline[ Id: 1acacbda-ba8e-43d9-b531-36fb0721bed8, Nodes: f7705811-6e65-4a57-b1c4-0cb13cee4425{ip: 192.168.164.237, host: pr-hdds-2471-vxr4w-2980416436, networkLocation: /default-rack, certSerialId: null}, Type:RATIS, Factor:ONE, State:OPEN] moved to OPEN state
2019-11-13 22:06:08,066 [f7705811-6e65-4a57-b1c4-0cb13cee4425@group-36FB0721BED8-LeaderElection54] INFO  impl.RaftServerImpl (ServerState.java:setRaftConf(356)) - f7705811-6e65-4a57-b1c4-0cb13cee4425@group-36FB0721BED8: set configuration 0: [f7705811-6e65-4a57-b1c4-0cb13cee4425:192.168.164.237:42605], old=null at 0
2019-11-13 22:06:08,074 [7b888e0e-6a0f-4b0e-88cc-e0733c42ba91@group-B508DE85176C-SegmentedRaftLogWorker] INFO  segmented.SegmentedRaftLogWorker (SegmentedRaftLogWorker.java:execute(576)) - 7b888e0e-6a0f-4b0e-88cc-e0733c42ba91@group-B508DE85176C-SegmentedRaftLogWorker: created new log segment /workdir/hadoop-ozone/integration-test/target/test-dir/MiniOzoneClusterImpl-7f102aba-c488-44cf-bcdb-425554d335ef/datanode-3/data/ratis/dfc3b34c-2712-483f-b172-b508de85176c/current/log_inprogress_0
2019-11-13 22:06:08,074 [b437d6a1-54f9-495c-b2fd-bb696abd9804@group-920E430DAA81-LeaderElection55] INFO  impl.LeaderElection (LeaderElection.java:askForVotes(178)) - b437d6a1-54f9-495c-b2fd-bb696abd9804@group-920E430DAA81-LeaderElection55: begin an election at term 1 for -1: [b437d6a1-54f9-495c-b2fd-bb696abd9804:192.168.164.237:38716], old=null
2019-11-13 22:06:08,074 [b437d6a1-54f9-495c-b2fd-bb696abd9804@group-920E430DAA81-LeaderElection55] INFO  impl.RoleInfo (RoleInfo.java:shutdownLeaderElection(134)) - b437d6a1-54f9-495c-b2fd-bb696abd9804: shutdown LeaderElection
2019-11-13 22:06:08,074 [b437d6a1-54f9-495c-b2fd-bb696abd9804@group-920E430DAA81-LeaderElection55] INFO  impl.RaftServerImpl (RaftServerImpl.java:setRole(173)) - b437d6a1-54f9-495c-b2fd-bb696abd9804@group-920E430DAA81: changes role from CANDIDATE to LEADER at term 1 for changeToLeader
2019-11-13 22:06:08,074 [b437d6a1-54f9-495c-b2fd-bb696abd9804@group-920E430DAA81-LeaderElection55] INFO  ratis.XceiverServerRatis (XceiverServerRatis.java:handleLeaderChangedNotification(697)) - Leader change notification received for group: group-920E430DAA81 with new leaderId: b437d6a1-54f9-495c-b2fd-bb696abd9804
2019-11-13 22:06:08,074 [b437d6a1-54f9-495c-b2fd-bb696abd9804@group-920E430DAA81-LeaderElection55] INFO  impl.RaftServerImpl (ServerState.java:setLeader(255)) - b437d6a1-54f9-495c-b2fd-bb696abd9804@group-920E430DAA81: change Leader from null to b437d6a1-54f9-495c-b2fd-bb696abd9804 at term 1 for becomeLeader, leader elected after 1032ms
2019-11-13 22:06:08,095 [b437d6a1-54f9-495c-b2fd-bb696abd9804@group-920E430DAA81-LeaderElection55] INFO  server.RaftServerConfigKeys (ConfUtils.java:logGet(43)) - raft.server.staging.catchup.gap = 1000 (default)
2019-11-13 22:06:08,095 [b437d6a1-54f9-495c-b2fd-bb696abd9804@group-920E430DAA81-LeaderElection55] INFO  server.RaftServerConfigKeys (ConfUtils.java:logGet(43)) - raft.server.rpc.sleep.time = 25ms (default)
2019-11-13 22:06:08,096 [b437d6a1-54f9-495c-b2fd-bb696abd9804@group-920E430DAA81-LeaderElection55] INFO  server.RaftServerConfigKeys (ConfUtils.java:logGet(43)) - raft.server.write.element-limit = 4096 (default)
2019-11-13 22:06:08,096 [b437d6a1-54f9-495c-b2fd-bb696abd9804@group-920E430DAA81-LeaderElection55] INFO  server.RaftServerConfigKeys (ConfUtils.java:logGet(43)) - raft.server.watch.timeout = 10s (default)
2019-11-13 22:06:08,096 [b437d6a1-54f9-495c-b2fd-bb696abd9804@group-920E430DAA81-LeaderElection55] INFO  server.RaftServerConfigKeys (ConfUtils.java:logGet(43)) - raft.server.watch.timeout.denomination = 1s (default)
2019-11-13 22:06:08,096 [b437d6a1-54f9-495c-b2fd-bb696abd9804@group-920E430DAA81-LeaderElection55] INFO  server.RaftServerConfigKeys (ConfUtils.java:logGet(43)) - raft.server.watch.element-limit = 65536 (default)
2019-11-13 22:06:08,097 [b437d6a1-54f9-495c-b2fd-bb696abd9804@group-920E430DAA81-LeaderElection55] INFO  impl.RoleInfo (RoleInfo.java:updateAndGet(143)) - b437d6a1-54f9-495c-b2fd-bb696abd9804: start LeaderState
2019-11-13 22:06:08,097 [b437d6a1-54f9-495c-b2fd-bb696abd9804@group-920E430DAA81-LeaderElection55] INFO  segmented.SegmentedRaftLogWorker (SegmentedRaftLogWorker.java:startLogSegment(385)) - b437d6a1-54f9-495c-b2fd-bb696abd9804@group-920E430DAA81-SegmentedRaftLogWorker: Starting segment from index:0
2019-11-13 22:06:08,097 [EventQueue-PipelineReportForPipelineReportHandler] INFO  pipeline.PipelineStateManager (PipelineStateManager.java:openPipeline(134)) - Pipeline Pipeline[ Id: 4ef223a3-9651-41c6-9cfa-920e430daa81, Nodes: b437d6a1-54f9-495c-b2fd-bb696abd9804{ip: 192.168.164.237, host: pr-hdds-2471-vxr4w-2980416436, networkLocation: /default-rack, certSerialId: null}, Type:RATIS, Factor:ONE, State:OPEN] moved to OPEN state
2019-11-13 22:06:08,097 [b437d6a1-54f9-495c-b2fd-bb696abd9804@group-920E430DAA81-LeaderElection55] INFO  impl.RaftServerImpl (ServerState.java:setRaftConf(356)) - b437d6a1-54f9-495c-b2fd-bb696abd9804@group-920E430DAA81: set configuration 0: [b437d6a1-54f9-495c-b2fd-bb696abd9804:192.168.164.237:38716], old=null at 0
2019-11-13 22:06:08,106 [f7705811-6e65-4a57-b1c4-0cb13cee4425@group-36FB0721BED8-SegmentedRaftLogWorker] INFO  segmented.SegmentedRaftLogWorker (SegmentedRaftLogWorker.java:execute(576)) - f7705811-6e65-4a57-b1c4-0cb13cee4425@group-36FB0721BED8-SegmentedRaftLogWorker: created new log segment /workdir/hadoop-ozone/integration-test/target/test-dir/MiniOzoneClusterImpl-7f102aba-c488-44cf-bcdb-425554d335ef/datanode-4/data/ratis/1acacbda-ba8e-43d9-b531-36fb0721bed8/current/log_inprogress_0
2019-11-13 22:06:08,144 [b437d6a1-54f9-495c-b2fd-bb696abd9804@group-920E430DAA81-SegmentedRaftLogWorker] INFO  segmented.SegmentedRaftLogWorker (SegmentedRaftLogWorker.java:execute(576)) - b437d6a1-54f9-495c-b2fd-bb696abd9804@group-920E430DAA81-SegmentedRaftLogWorker: created new log segment /workdir/hadoop-ozone/integration-test/target/test-dir/MiniOzoneClusterImpl-7f102aba-c488-44cf-bcdb-425554d335ef/datanode-5/data/ratis/4ef223a3-9651-41c6-9cfa-920e430daa81/current/log_inprogress_0
2019-11-13 22:06:08,228 [main] INFO  ozone.MiniOzoneClusterImpl (MiniOzoneClusterImpl.java:lambda$waitForClusterToBeReady$2(163)) - Waiting for 1 number of pipelines out of 8, to report a leader.
2019-11-13 22:06:08,261 [Thread-1281] INFO  impl.FollowerState (FollowerState.java:run(111)) - b437d6a1-54f9-495c-b2fd-bb696abd9804@group-D5F8DFAFAF36-FollowerState: change to CANDIDATE, lastRpcTime:1041ms, electionTimeout:1041ms
2019-11-13 22:06:08,261 [Thread-1281] INFO  impl.RoleInfo (RoleInfo.java:shutdownFollowerState(121)) - b437d6a1-54f9-495c-b2fd-bb696abd9804: shutdown FollowerState
2019-11-13 22:06:08,262 [Thread-1281] INFO  impl.RaftServerImpl (RaftServerImpl.java:setRole(173)) - b437d6a1-54f9-495c-b2fd-bb696abd9804@group-D5F8DFAFAF36: changes role from  FOLLOWER to CANDIDATE at term 0 for changeToCandidate
2019-11-13 22:06:08,262 [Thread-1281] INFO  impl.RoleInfo (RoleInfo.java:updateAndGet(143)) - b437d6a1-54f9-495c-b2fd-bb696abd9804: start LeaderElection
2019-11-13 22:06:08,296 [b437d6a1-54f9-495c-b2fd-bb696abd9804@group-D5F8DFAFAF36-LeaderElection56] INFO  impl.LeaderElection (LeaderElection.java:askForVotes(178)) - b437d6a1-54f9-495c-b2fd-bb696abd9804@group-D5F8DFAFAF36-LeaderElection56: begin an election at term 1 for -1: [7b888e0e-6a0f-4b0e-88cc-e0733c42ba91:192.168.164.237:44948, f7705811-6e65-4a57-b1c4-0cb13cee4425:192.168.164.237:42605, b437d6a1-54f9-495c-b2fd-bb696abd9804:192.168.164.237:38716], old=null
2019-11-13 22:06:08,302 [grpc-default-executor-0] INFO  impl.RaftServerImpl (RaftServerImpl.java:setRole(173)) - 7b888e0e-6a0f-4b0e-88cc-e0733c42ba91@group-D5F8DFAFAF36: changes role from  FOLLOWER to FOLLOWER at term 1 for recognizeCandidate:b437d6a1-54f9-495c-b2fd-bb696abd9804
2019-11-13 22:06:08,303 [grpc-default-executor-2] INFO  impl.RaftServerImpl (RaftServerImpl.java:setRole(173)) - f7705811-6e65-4a57-b1c4-0cb13cee4425@group-D5F8DFAFAF36: changes role from  FOLLOWER to FOLLOWER at term 1 for recognizeCandidate:b437d6a1-54f9-495c-b2fd-bb696abd9804
2019-11-13 22:06:08,303 [grpc-default-executor-0] INFO  impl.RoleInfo (RoleInfo.java:shutdownFollowerState(121)) - 7b888e0e-6a0f-4b0e-88cc-e0733c42ba91: shutdown FollowerState
2019-11-13 22:06:08,304 [grpc-default-executor-2] INFO  impl.RoleInfo (RoleInfo.java:shutdownFollowerState(121)) - f7705811-6e65-4a57-b1c4-0cb13cee4425: shutdown FollowerState
2019-11-13 22:06:08,304 [Thread-1283] INFO  impl.FollowerState (FollowerState.java:run(120)) - 7b888e0e-6a0f-4b0e-88cc-e0733c42ba91@group-D5F8DFAFAF36-FollowerState was interrupted: java.lang.InterruptedException: sleep interrupted
2019-11-13 22:06:08,304 [grpc-default-executor-2] INFO  impl.RoleInfo (RoleInfo.java:updateAndGet(143)) - f7705811-6e65-4a57-b1c4-0cb13cee4425: start FollowerState
2019-11-13 22:06:08,304 [Thread-1279] INFO  impl.FollowerState (FollowerState.java:run(120)) - f7705811-6e65-4a57-b1c4-0cb13cee4425@group-D5F8DFAFAF36-FollowerState was interrupted: java.lang.InterruptedException: sleep interrupted
2019-11-13 22:06:08,304 [grpc-default-executor-0] INFO  impl.RoleInfo (RoleInfo.java:updateAndGet(143)) - 7b888e0e-6a0f-4b0e-88cc-e0733c42ba91: start FollowerState
2019-11-13 22:06:08,319 [b437d6a1-54f9-495c-b2fd-bb696abd9804@group-D5F8DFAFAF36-LeaderElection56] INFO  impl.LeaderElection (LeaderElection.java:logAndReturn(56)) - b437d6a1-54f9-495c-b2fd-bb696abd9804@group-D5F8DFAFAF36-LeaderElection56: Election PASSED; received 1 response(s) [b437d6a1-54f9-495c-b2fd-bb696abd9804<-7b888e0e-6a0f-4b0e-88cc-e0733c42ba91#0:OK-t1] and 0 exception(s); b437d6a1-54f9-495c-b2fd-bb696abd9804@group-D5F8DFAFAF36:t1, leader=null, voted=b437d6a1-54f9-495c-b2fd-bb696abd9804, raftlog=b437d6a1-54f9-495c-b2fd-bb696abd9804@group-D5F8DFAFAF36-SegmentedRaftLog:OPENED:c-1,f-1,i0, conf=-1: [7b888e0e-6a0f-4b0e-88cc-e0733c42ba91:192.168.164.237:44948, f7705811-6e65-4a57-b1c4-0cb13cee4425:192.168.164.237:42605, b437d6a1-54f9-495c-b2fd-bb696abd9804:192.168.164.237:38716], old=null
2019-11-13 22:06:08,320 [b437d6a1-54f9-495c-b2fd-bb696abd9804@group-D5F8DFAFAF36-LeaderElection56] INFO  impl.RoleInfo (RoleInfo.java:shutdownLeaderElection(134)) - b437d6a1-54f9-495c-b2fd-bb696abd9804: shutdown LeaderElection
2019-11-13 22:06:08,320 [b437d6a1-54f9-495c-b2fd-bb696abd9804@group-D5F8DFAFAF36-LeaderElection56] INFO  impl.RaftServerImpl (RaftServerImpl.java:setRole(173)) - b437d6a1-54f9-495c-b2fd-bb696abd9804@group-D5F8DFAFAF36: changes role from CANDIDATE to LEADER at term 1 for changeToLeader
2019-11-13 22:06:08,320 [b437d6a1-54f9-495c-b2fd-bb696abd9804@group-D5F8DFAFAF36-LeaderElection56] INFO  ratis.XceiverServerRatis (XceiverServerRatis.java:handleLeaderChangedNotification(697)) - Leader change notification received for group: group-D5F8DFAFAF36 with new leaderId: b437d6a1-54f9-495c-b2fd-bb696abd9804
2019-11-13 22:06:08,320 [b437d6a1-54f9-495c-b2fd-bb696abd9804@group-D5F8DFAFAF36-LeaderElection56] INFO  impl.RaftServerImpl (ServerState.java:setLeader(255)) - b437d6a1-54f9-495c-b2fd-bb696abd9804@group-D5F8DFAFAF36: change Leader from null to b437d6a1-54f9-495c-b2fd-bb696abd9804 at term 1 for becomeLeader, leader elected after 1110ms
2019-11-13 22:06:08,320 [b437d6a1-54f9-495c-b2fd-bb696abd9804@group-D5F8DFAFAF36-LeaderElection56] INFO  server.RaftServerConfigKeys (ConfUtils.java:logGet(43)) - raft.server.staging.catchup.gap = 1000 (default)
2019-11-13 22:06:08,320 [b437d6a1-54f9-495c-b2fd-bb696abd9804@group-D5F8DFAFAF36-LeaderElection56] INFO  server.RaftServerConfigKeys (ConfUtils.java:logGet(43)) - raft.server.rpc.sleep.time = 25ms (default)
2019-11-13 22:06:08,321 [b437d6a1-54f9-495c-b2fd-bb696abd9804@group-D5F8DFAFAF36-LeaderElection56] INFO  server.RaftServerConfigKeys (ConfUtils.java:logGet(43)) - raft.server.write.element-limit = 4096 (default)
2019-11-13 22:06:08,321 [b437d6a1-54f9-495c-b2fd-bb696abd9804@group-D5F8DFAFAF36-LeaderElection56] INFO  server.RaftServerConfigKeys (ConfUtils.java:logGet(43)) - raft.server.watch.timeout = 10s (default)
2019-11-13 22:06:08,321 [b437d6a1-54f9-495c-b2fd-bb696abd9804@group-D5F8DFAFAF36-LeaderElection56] INFO  server.RaftServerConfigKeys (ConfUtils.java:logGet(43)) - raft.server.watch.timeout.denomination = 1s (default)
2019-11-13 22:06:08,321 [b437d6a1-54f9-495c-b2fd-bb696abd9804@group-D5F8DFAFAF36-LeaderElection56] INFO  server.RaftServerConfigKeys (ConfUtils.java:logGet(43)) - raft.server.watch.element-limit = 65536 (default)
2019-11-13 22:06:08,321 [b437d6a1-54f9-495c-b2fd-bb696abd9804@group-D5F8DFAFAF36-LeaderElection56] INFO  server.RaftServerConfigKeys (ConfUtils.java:logGet(43)) - raft.server.log.appender.snapshot.chunk.size.max = 16MB (=16777216) (default)
2019-11-13 22:06:08,321 [EventQueue-PipelineReportForPipelineReportHandler] INFO  pipeline.PipelineStateManager (PipelineStateManager.java:openPipeline(134)) - Pipeline Pipeline[ Id: d7027b97-989c-47a5-874c-d5f8dfafaf36, Nodes: 7b888e0e-6a0f-4b0e-88cc-e0733c42ba91{ip: 192.168.164.237, host: pr-hdds-2471-vxr4w-2980416436, networkLocation: /default-rack, certSerialId: null}f7705811-6e65-4a57-b1c4-0cb13cee4425{ip: 192.168.164.237, host: pr-hdds-2471-vxr4w-2980416436, networkLocation: /default-rack, certSerialId: null}b437d6a1-54f9-495c-b2fd-bb696abd9804{ip: 192.168.164.237, host: pr-hdds-2471-vxr4w-2980416436, networkLocation: /default-rack, certSerialId: null}, Type:RATIS, Factor:THREE, State:OPEN] moved to OPEN state
2019-11-13 22:06:08,321 [b437d6a1-54f9-495c-b2fd-bb696abd9804@group-D5F8DFAFAF36-LeaderElection56] INFO  server.RaftServerConfigKeys (ConfUtils.java:logGet(43)) - raft.server.log.appender.buffer.byte-limit = 33554432 (custom)
2019-11-13 22:06:08,322 [b437d6a1-54f9-495c-b2fd-bb696abd9804@group-D5F8DFAFAF36-LeaderElection56] INFO  server.RaftServerConfigKeys (ConfUtils.java:logGet(43)) - raft.server.log.appender.buffer.element-limit = 1 (custom)
2019-11-13 22:06:08,322 [b437d6a1-54f9-495c-b2fd-bb696abd9804@group-D5F8DFAFAF36-LeaderElection56] INFO  grpc.GrpcConfigKeys$Server (ConfUtils.java:logGet(43)) - raft.grpc.server.leader.outstanding.appends.max = 128 (default)
2019-11-13 22:06:08,322 [b437d6a1-54f9-495c-b2fd-bb696abd9804@group-D5F8DFAFAF36-LeaderElection56] INFO  server.RaftServerConfigKeys (ConfUtils.java:logGet(43)) - raft.server.rpc.request.timeout = 3000ms (default)
2019-11-13 22:06:08,322 [b437d6a1-54f9-495c-b2fd-bb696abd9804@group-D5F8DFAFAF36-LeaderElection56] INFO  server.RaftServerConfigKeys (ConfUtils.java:logGet(43)) - raft.server.log.appender.install.snapshot.enabled = false (custom)
2019-11-13 22:06:08,323 [b437d6a1-54f9-495c-b2fd-bb696abd9804@group-D5F8DFAFAF36-LeaderElection56] WARN  impl.MetricRegistriesImpl (MetricRegistriesImpl.java:lambda$create$1(61)) - First MetricRegistry has been created without registering reporters. You may need to call MetricRegistries.global().addReportRegistration(...) before.
2019-11-13 22:06:08,323 [b437d6a1-54f9-495c-b2fd-bb696abd9804@group-D5F8DFAFAF36-LeaderElection56] INFO  server.RaftServerConfigKeys (ConfUtils.java:logGet(43)) - raft.server.log.appender.snapshot.chunk.size.max = 16MB (=16777216) (default)
2019-11-13 22:06:08,323 [b437d6a1-54f9-495c-b2fd-bb696abd9804@group-D5F8DFAFAF36-LeaderElection56] INFO  server.RaftServerConfigKeys (ConfUtils.java:logGet(43)) - raft.server.log.appender.buffer.byte-limit = 33554432 (custom)
2019-11-13 22:06:08,323 [b437d6a1-54f9-495c-b2fd-bb696abd9804@group-D5F8DFAFAF36-LeaderElection56] INFO  server.RaftServerConfigKeys (ConfUtils.java:logGet(43)) - raft.server.log.appender.buffer.element-limit = 1 (custom)
2019-11-13 22:06:08,323 [b437d6a1-54f9-495c-b2fd-bb696abd9804@group-D5F8DFAFAF36-LeaderElection56] INFO  grpc.GrpcConfigKeys$Server (ConfUtils.java:logGet(43)) - raft.grpc.server.leader.outstanding.appends.max = 128 (default)
2019-11-13 22:06:08,324 [b437d6a1-54f9-495c-b2fd-bb696abd9804@group-D5F8DFAFAF36-LeaderElection56] INFO  server.RaftServerConfigKeys (ConfUtils.java:logGet(43)) - raft.server.rpc.request.timeout = 3000ms (default)
2019-11-13 22:06:08,324 [b437d6a1-54f9-495c-b2fd-bb696abd9804@group-D5F8DFAFAF36-LeaderElection56] INFO  server.RaftServerConfigKeys (ConfUtils.java:logGet(43)) - raft.server.log.appender.install.snapshot.enabled = false (custom)
2019-11-13 22:06:08,324 [b437d6a1-54f9-495c-b2fd-bb696abd9804@group-D5F8DFAFAF36-LeaderElection56] INFO  impl.RoleInfo (RoleInfo.java:updateAndGet(143)) - b437d6a1-54f9-495c-b2fd-bb696abd9804: start LeaderState
2019-11-13 22:06:08,324 [b437d6a1-54f9-495c-b2fd-bb696abd9804@group-D5F8DFAFAF36-LeaderElection56] INFO  segmented.SegmentedRaftLogWorker (SegmentedRaftLogWorker.java:startLogSegment(385)) - b437d6a1-54f9-495c-b2fd-bb696abd9804@group-D5F8DFAFAF36-SegmentedRaftLogWorker: Starting segment from index:0
2019-11-13 22:06:08,325 [b437d6a1-54f9-495c-b2fd-bb696abd9804@group-D5F8DFAFAF36-LeaderElection56] INFO  impl.RaftServerImpl (ServerState.java:setRaftConf(356)) - b437d6a1-54f9-495c-b2fd-bb696abd9804@group-D5F8DFAFAF36: set configuration 0: [7b888e0e-6a0f-4b0e-88cc-e0733c42ba91:192.168.164.237:44948, f7705811-6e65-4a57-b1c4-0cb13cee4425:192.168.164.237:42605, b437d6a1-54f9-495c-b2fd-bb696abd9804:192.168.164.237:38716], old=null at 0
2019-11-13 22:06:08,360 [grpc-default-executor-2] INFO  ratis.XceiverServerRatis (XceiverServerRatis.java:handleLeaderChangedNotification(697)) - Leader change notification received for group: group-D5F8DFAFAF36 with new leaderId: b437d6a1-54f9-495c-b2fd-bb696abd9804
2019-11-13 22:06:08,361 [grpc-default-executor-2] INFO  impl.RaftServerImpl (ServerState.java:setLeader(255)) - 7b888e0e-6a0f-4b0e-88cc-e0733c42ba91@group-D5F8DFAFAF36: change Leader from null to b437d6a1-54f9-495c-b2fd-bb696abd9804 at term 1 for appendEntries, leader elected after 1150ms
2019-11-13 22:06:08,362 [grpc-default-executor-0] INFO  ratis.XceiverServerRatis (XceiverServerRatis.java:handleLeaderChangedNotification(697)) - Leader change notification received for group: group-D5F8DFAFAF36 with new leaderId: b437d6a1-54f9-495c-b2fd-bb696abd9804
2019-11-13 22:06:08,362 [grpc-default-executor-0] INFO  impl.RaftServerImpl (ServerState.java:setLeader(255)) - f7705811-6e65-4a57-b1c4-0cb13cee4425@group-D5F8DFAFAF36: change Leader from null to b437d6a1-54f9-495c-b2fd-bb696abd9804 at term 1 for appendEntries, leader elected after 1152ms
2019-11-13 22:06:08,364 [grpc-default-executor-0] INFO  impl.RaftServerImpl (ServerState.java:setRaftConf(356)) - 7b888e0e-6a0f-4b0e-88cc-e0733c42ba91@group-D5F8DFAFAF36: set configuration 0: [7b888e0e-6a0f-4b0e-88cc-e0733c42ba91:192.168.164.237:44948, f7705811-6e65-4a57-b1c4-0cb13cee4425:192.168.164.237:42605, b437d6a1-54f9-495c-b2fd-bb696abd9804:192.168.164.237:38716], old=null at 0
2019-11-13 22:06:08,365 [grpc-default-executor-0] INFO  segmented.SegmentedRaftLogWorker (SegmentedRaftLogWorker.java:startLogSegment(385)) - 7b888e0e-6a0f-4b0e-88cc-e0733c42ba91@group-D5F8DFAFAF36-SegmentedRaftLogWorker: Starting segment from index:0
2019-11-13 22:06:08,365 [grpc-default-executor-2] INFO  impl.RaftServerImpl (ServerState.java:setRaftConf(356)) - f7705811-6e65-4a57-b1c4-0cb13cee4425@group-D5F8DFAFAF36: set configuration 0: [7b888e0e-6a0f-4b0e-88cc-e0733c42ba91:192.168.164.237:44948, f7705811-6e65-4a57-b1c4-0cb13cee4425:192.168.164.237:42605, b437d6a1-54f9-495c-b2fd-bb696abd9804:192.168.164.237:38716], old=null at 0
2019-11-13 22:06:08,365 [grpc-default-executor-2] INFO  segmented.SegmentedRaftLogWorker (SegmentedRaftLogWorker.java:startLogSegment(385)) - f7705811-6e65-4a57-b1c4-0cb13cee4425@group-D5F8DFAFAF36-SegmentedRaftLogWorker: Starting segment from index:0
2019-11-13 22:06:08,373 [b437d6a1-54f9-495c-b2fd-bb696abd9804@group-D5F8DFAFAF36-SegmentedRaftLogWorker] INFO  segmented.SegmentedRaftLogWorker (SegmentedRaftLogWorker.java:execute(576)) - b437d6a1-54f9-495c-b2fd-bb696abd9804@group-D5F8DFAFAF36-SegmentedRaftLogWorker: created new log segment /workdir/hadoop-ozone/integration-test/target/test-dir/MiniOzoneClusterImpl-7f102aba-c488-44cf-bcdb-425554d335ef/datanode-5/data/ratis/d7027b97-989c-47a5-874c-d5f8dfafaf36/current/log_inprogress_0
2019-11-13 22:06:08,403 [f7705811-6e65-4a57-b1c4-0cb13cee4425@group-D5F8DFAFAF36-SegmentedRaftLogWorker] INFO  segmented.SegmentedRaftLogWorker (SegmentedRaftLogWorker.java:execute(576)) - f7705811-6e65-4a57-b1c4-0cb13cee4425@group-D5F8DFAFAF36-SegmentedRaftLogWorker: created new log segment /workdir/hadoop-ozone/integration-test/target/test-dir/MiniOzoneClusterImpl-7f102aba-c488-44cf-bcdb-425554d335ef/datanode-4/data/ratis/d7027b97-989c-47a5-874c-d5f8dfafaf36/current/log_inprogress_0
2019-11-13 22:06:08,403 [7b888e0e-6a0f-4b0e-88cc-e0733c42ba91@group-D5F8DFAFAF36-SegmentedRaftLogWorker] INFO  segmented.SegmentedRaftLogWorker (SegmentedRaftLogWorker.java:execute(576)) - 7b888e0e-6a0f-4b0e-88cc-e0733c42ba91@group-D5F8DFAFAF36-SegmentedRaftLogWorker: created new log segment /workdir/hadoop-ozone/integration-test/target/test-dir/MiniOzoneClusterImpl-7f102aba-c488-44cf-bcdb-425554d335ef/datanode-3/data/ratis/d7027b97-989c-47a5-874c-d5f8dfafaf36/current/log_inprogress_0
2019-11-13 22:06:09,229 [main] INFO  ozone.MiniOzoneClusterImpl (MiniOzoneClusterImpl.java:lambda$waitForClusterToBeReady$2(171)) - Cluster is ready. Got 6 of 6 DN Heartbeats.
2019-11-13 22:06:09,252 [main] INFO  rpc.RpcClient (RpcClient.java:createVolume(292)) - Creating Volume: datanodefailurehandlingtest, with jenkins1000 as owner.
2019-11-13 22:06:09,255 [IPC Server handler 2 on 42172] INFO  volume.OMVolumeCreateRequest (OMVolumeCreateRequest.java:validateAndUpdateCache(193)) - created volume:datanodefailurehandlingtest for user:jenkins1000
2019-11-13 22:06:09,294 [main] INFO  rpc.RpcClient (RpcClient.java:createBucket(431)) - Creating Bucket: datanodefailurehandlingtest/datanodefailurehandlingtest, with Versioning false and Storage Type set to DISK and Encryption set to false 
2019-11-13 22:06:09,592 [Thread-1249] INFO  container.ReplicationManager (ReplicationManager.java:start(162)) - Starting Replication Monitor Thread.
2019-11-13 22:06:09,593 [Thread-1249] INFO  pipeline.SCMPipelineManager (SCMPipelineManager.java:finalizeAndDestroyPipeline(315)) - destroying pipeline:Pipeline[ Id: dfc3b34c-2712-483f-b172-b508de85176c, Nodes: 7b888e0e-6a0f-4b0e-88cc-e0733c42ba91{ip: 192.168.164.237, host: pr-hdds-2471-vxr4w-2980416436, networkLocation: /default-rack, certSerialId: null}, Type:RATIS, Factor:ONE, State:OPEN]
2019-11-13 22:06:09,594 [Thread-1249] INFO  pipeline.PipelineStateManager (PipelineStateManager.java:finalizePipeline(121)) - Pipeline Pipeline[ Id: dfc3b34c-2712-483f-b172-b508de85176c, Nodes: 7b888e0e-6a0f-4b0e-88cc-e0733c42ba91{ip: 192.168.164.237, host: pr-hdds-2471-vxr4w-2980416436, networkLocation: /default-rack, certSerialId: null}, Type:RATIS, Factor:ONE, State:CLOSED] moved to CLOSED state
2019-11-13 22:06:09,595 [ReplicationMonitor] INFO  container.ReplicationManager (ReplicationManager.java:run(225)) - Replication Monitor Thread took 1 milliseconds for processing 1 containers.
2019-11-13 22:06:09,598 [grpc-default-executor-5] INFO  impl.RaftServerProxy (RaftServerProxy.java:remove(95)) - 7b888e0e-6a0f-4b0e-88cc-e0733c42ba91: remove    LEADER 7b888e0e-6a0f-4b0e-88cc-e0733c42ba91@group-B508DE85176C:t1, leader=7b888e0e-6a0f-4b0e-88cc-e0733c42ba91, voted=7b888e0e-6a0f-4b0e-88cc-e0733c42ba91, raftlog=7b888e0e-6a0f-4b0e-88cc-e0733c42ba91@group-B508DE85176C-SegmentedRaftLog:OPENED:c0,f0,i0, conf=0: [7b888e0e-6a0f-4b0e-88cc-e0733c42ba91:192.168.164.237:44948], old=null RUNNING
2019-11-13 22:06:09,599 [grpc-default-executor-5] INFO  impl.RaftServerImpl (RaftServerImpl.java:lambda$shutdown$3(250)) - 7b888e0e-6a0f-4b0e-88cc-e0733c42ba91@group-B508DE85176C: shutdown
2019-11-13 22:06:09,599 [grpc-default-executor-5] INFO  util.JmxRegister (JmxRegister.java:unregister(73)) - Successfully un-registered JMX Bean with object name Ratis:service=RaftServer,group=group-B508DE85176C,id=7b888e0e-6a0f-4b0e-88cc-e0733c42ba91
2019-11-13 22:06:09,599 [grpc-default-executor-5] INFO  impl.RoleInfo (RoleInfo.java:shutdownLeaderState(104)) - 7b888e0e-6a0f-4b0e-88cc-e0733c42ba91: shutdown LeaderState
2019-11-13 22:06:09,599 [grpc-default-executor-5] INFO  impl.PendingRequests (PendingRequests.java:sendNotLeaderResponses(206)) - 7b888e0e-6a0f-4b0e-88cc-e0733c42ba91@group-B508DE85176C-PendingRequests: sendNotLeaderResponses
2019-11-13 22:06:09,599 [grpc-default-executor-5] INFO  impl.StateMachineUpdater (StateMachineUpdater.java:stopAndJoin(136)) - 7b888e0e-6a0f-4b0e-88cc-e0733c42ba91@group-B508DE85176C-StateMachineUpdater: set stopIndex = 0
2019-11-13 22:06:09,599 [grpc-default-executor-5] INFO  impl.RaftServerImpl (ServerState.java:close(387)) - 7b888e0e-6a0f-4b0e-88cc-e0733c42ba91@group-B508DE85176C: closes. applyIndex: 0
2019-11-13 22:06:09,600 [7b888e0e-6a0f-4b0e-88cc-e0733c42ba91@group-B508DE85176C-SegmentedRaftLogWorker] INFO  segmented.SegmentedRaftLogWorker (SegmentedRaftLogWorker.java:run(316)) - 7b888e0e-6a0f-4b0e-88cc-e0733c42ba91@group-B508DE85176C-SegmentedRaftLogWorker was interrupted, exiting. There are 0 tasks remaining in the queue.
2019-11-13 22:06:09,602 [grpc-default-executor-5] INFO  segmented.SegmentedRaftLogWorker (SegmentedRaftLogWorker.java:close(224)) - 7b888e0e-6a0f-4b0e-88cc-e0733c42ba91@group-B508DE85176C-SegmentedRaftLogWorker close()
2019-11-13 22:06:09,607 [Thread-1249] INFO  pipeline.PipelineStateManager (PipelineStateManager.java:removePipeline(106)) - Pipeline Pipeline[ Id: dfc3b34c-2712-483f-b172-b508de85176c, Nodes: 7b888e0e-6a0f-4b0e-88cc-e0733c42ba91{ip: 192.168.164.237, host: pr-hdds-2471-vxr4w-2980416436, networkLocation: /default-rack, certSerialId: null}, Type:RATIS, Factor:ONE, State:CLOSED] removed from db
2019-11-13 22:06:09,608 [Thread-1249] INFO  pipeline.SCMPipelineManager (SCMPipelineManager.java:finalizeAndDestroyPipeline(315)) - destroying pipeline:Pipeline[ Id: d7027b97-989c-47a5-874c-d5f8dfafaf36, Nodes: 7b888e0e-6a0f-4b0e-88cc-e0733c42ba91{ip: 192.168.164.237, host: pr-hdds-2471-vxr4w-2980416436, networkLocation: /default-rack, certSerialId: null}f7705811-6e65-4a57-b1c4-0cb13cee4425{ip: 192.168.164.237, host: pr-hdds-2471-vxr4w-2980416436, networkLocation: /default-rack, certSerialId: null}b437d6a1-54f9-495c-b2fd-bb696abd9804{ip: 192.168.164.237, host: pr-hdds-2471-vxr4w-2980416436, networkLocation: /default-rack, certSerialId: null}, Type:RATIS, Factor:THREE, State:OPEN]
2019-11-13 22:06:09,612 [grpc-default-executor-5] INFO  impl.RaftServerProxy (RaftServerProxy.java:addNew(89)) - 7b888e0e-6a0f-4b0e-88cc-e0733c42ba91: addNew group-2864CBE92D84:[7b888e0e-6a0f-4b0e-88cc-e0733c42ba91:192.168.164.237:44948] returns group-2864CBE92D84:java.util.concurrent.CompletableFuture@596ed1ed[Not completed]
2019-11-13 22:06:09,613 [pool-182-thread-1] INFO  impl.RaftServerImpl (RaftServerImpl.java:<init>(98)) - 7b888e0e-6a0f-4b0e-88cc-e0733c42ba91: new RaftServerImpl for group-2864CBE92D84:[7b888e0e-6a0f-4b0e-88cc-e0733c42ba91:192.168.164.237:44948] with ContainerStateMachine:uninitialized
2019-11-13 22:06:09,613 [pool-182-thread-1] INFO  server.RaftServerConfigKeys (ConfUtils.java:logGet(43)) - raft.server.rpc.timeout.min = 1s (custom)
2019-11-13 22:06:09,613 [pool-182-thread-1] INFO  server.RaftServerConfigKeys (ConfUtils.java:logGet(43)) - raft.server.rpc.timeout.max = 1200ms (custom)
2019-11-13 22:06:09,613 [pool-182-thread-1] INFO  server.RaftServerConfigKeys (ConfUtils.java:logGet(43)) - raft.server.rpcslowness.timeout = 120s (custom)
2019-11-13 22:06:09,613 [pool-182-thread-1] INFO  server.RaftServerConfigKeys (ConfUtils.java:logGet(43)) - raft.server.sleep.deviation.threshold = 300 (default)
2019-11-13 22:06:09,613 [pool-182-thread-1] INFO  server.RaftServerConfigKeys (ConfUtils.java:logGet(43)) - raft.server.log.appender.install.snapshot.enabled = false (custom)
2019-11-13 22:06:09,613 [pool-182-thread-1] INFO  impl.RaftServerImpl (ServerState.java:<init>(103)) - 7b888e0e-6a0f-4b0e-88cc-e0733c42ba91@group-2864CBE92D84: ConfigurationManager, init=-1: [7b888e0e-6a0f-4b0e-88cc-e0733c42ba91:192.168.164.237:44948], old=null, confs=<EMPTY_MAP>
2019-11-13 22:06:09,614 [pool-182-thread-1] INFO  server.RaftServerConfigKeys (ConfUtils.java:logGet(43)) - raft.server.storage.dir = [/workdir/hadoop-ozone/integration-test/target/test-dir/MiniOzoneClusterImpl-7f102aba-c488-44cf-bcdb-425554d335ef/datanode-3/data/ratis] (custom)
2019-11-13 22:06:09,614 [pool-182-thread-1] INFO  server.RaftServerConfigKeys (ConfUtils.java:logGet(43)) - raft.server.log.corruption.policy = EXCEPTION (default)
2019-11-13 22:06:09,614 [pool-182-thread-1] INFO  storage.RaftStorageDirectory (RaftStorageDirectory.java:analyzeStorage(246)) - The storage directory /workdir/hadoop-ozone/integration-test/target/test-dir/MiniOzoneClusterImpl-7f102aba-c488-44cf-bcdb-425554d335ef/datanode-3/data/ratis/92fad2b8-6400-4494-a7e5-2864cbe92d84 does not exist. Creating ...
2019-11-13 22:06:09,626 [pool-182-thread-1] INFO  storage.RaftStorageDirectory (RaftStorageDirectory.java:tryLock(328)) - Lock on /workdir/hadoop-ozone/integration-test/target/test-dir/MiniOzoneClusterImpl-7f102aba-c488-44cf-bcdb-425554d335ef/datanode-3/data/ratis/92fad2b8-6400-4494-a7e5-2864cbe92d84/in_use.lock acquired by nodename 22306@pr-hdds-2471-vxr4w-2980416436
2019-11-13 22:06:09,630 [pool-182-thread-1] INFO  storage.RaftStorage (RaftStorage.java:format(84)) - Storage directory /workdir/hadoop-ozone/integration-test/target/test-dir/MiniOzoneClusterImpl-7f102aba-c488-44cf-bcdb-425554d335ef/datanode-3/data/ratis/92fad2b8-6400-4494-a7e5-2864cbe92d84 has been successfully formatted.
2019-11-13 22:06:09,630 [pool-182-thread-1] INFO  ratis.ContainerStateMachine (ContainerStateMachine.java:loadSnapshot(223)) - group-2864CBE92D84: The snapshot info is null. Setting the last applied indexto:(t:0, i:~)
2019-11-13 22:06:09,630 [pool-182-thread-1] INFO  server.RaftServerConfigKeys (ConfUtils.java:logGet(43)) - raft.server.notification.no-leader.timeout = 120s (custom)
2019-11-13 22:06:09,630 [pool-182-thread-1] INFO  server.RaftServerConfigKeys (ConfUtils.java:logGet(43)) - raft.server.log.use.memory = false (default)
2019-11-13 22:06:09,630 [pool-182-thread-1] INFO  server.RaftServerConfigKeys (ConfUtils.java:logGet(43)) - raft.server.log.purge.gap = 1000000 (custom)
2019-11-13 22:06:09,630 [pool-182-thread-1] INFO  server.RaftServerConfigKeys (ConfUtils.java:logGet(43)) - raft.server.log.appender.buffer.byte-limit = 33554432 (custom)
2019-11-13 22:06:09,631 [pool-182-thread-1] INFO  server.RaftServerConfigKeys (ConfUtils.java:logGet(43)) - raft.server.log.segment.size.max = 1048576 (custom)
2019-11-13 22:06:09,631 [pool-182-thread-1] INFO  server.RaftServerConfigKeys (ConfUtils.java:logGet(43)) - raft.server.log.segment.cache.num.max = 2 (custom)
2019-11-13 22:06:09,631 [pool-182-thread-1] INFO  segmented.SegmentedRaftLogWorker (SegmentedRaftLogWorker.java:<init>(173)) - new 7b888e0e-6a0f-4b0e-88cc-e0733c42ba91@group-2864CBE92D84-SegmentedRaftLogWorker for RaftStorage:Storage Directory /workdir/hadoop-ozone/integration-test/target/test-dir/MiniOzoneClusterImpl-7f102aba-c488-44cf-bcdb-425554d335ef/datanode-3/data/ratis/92fad2b8-6400-4494-a7e5-2864cbe92d84
2019-11-13 22:06:09,631 [pool-182-thread-1] INFO  server.RaftServerConfigKeys (ConfUtils.java:logGet(43)) - raft.server.log.queue.byte-limit = 2147483647 (custom)
2019-11-13 22:06:09,631 [pool-182-thread-1] INFO  server.RaftServerConfigKeys (ConfUtils.java:logGet(43)) - raft.server.log.queue.element-limit = 1024 (custom)
2019-11-13 22:06:09,631 [pool-182-thread-1] INFO  server.RaftServerConfigKeys (ConfUtils.java:logGet(43)) - raft.server.log.segment.size.max = 1048576 (custom)
2019-11-13 22:06:09,632 [pool-182-thread-1] INFO  server.RaftServerConfigKeys (ConfUtils.java:logGet(43)) - raft.server.log.preallocated.size = 16384 (custom)
2019-11-13 22:06:09,632 [pool-182-thread-1] INFO  server.RaftServerConfigKeys (ConfUtils.java:logGet(43)) - raft.server.log.write.buffer.size = 33554432 (custom)
2019-11-13 22:06:09,632 [pool-182-thread-1] INFO  server.RaftServerConfigKeys (ConfUtils.java:logGet(43)) - raft.server.log.force.sync.num = 128 (default)
2019-11-13 22:06:09,632 [pool-182-thread-1] INFO  server.RaftServerConfigKeys (ConfUtils.java:logGet(43)) - raft.server.log.statemachine.data.sync = true (default)
2019-11-13 22:06:09,632 [pool-182-thread-1] INFO  server.RaftServerConfigKeys (ConfUtils.java:logGet(43)) - raft.server.log.statemachine.data.sync.timeout = 10s (default)
2019-11-13 22:06:09,632 [pool-182-thread-1] INFO  server.RaftServerConfigKeys (ConfUtils.java:logGet(43)) - raft.server.log.statemachine.data.sync.timeout.retry = -1 (default)
2019-11-13 22:06:09,632 [pool-182-thread-1] INFO  server.RaftServerConfigKeys (ConfUtils.java:logGet(43)) - raft.server.log.statemachine.data.caching.enabled = true (custom)
2019-11-13 22:06:09,633 [pool-182-thread-1] INFO  segmented.SegmentedRaftLogWorker (SegmentedRaftLogWorker.java:lambda$new$0(128)) - 7b888e0e-6a0f-4b0e-88cc-e0733c42ba91@group-2864CBE92D84-SegmentedRaftLogWorker: flushIndex: setUnconditionally 0 -> -1
2019-11-13 22:06:09,633 [pool-182-thread-1] INFO  server.RaftServerConfigKeys (ConfUtils.java:logGet(43)) - raft.server.snapshot.auto.trigger.enabled = true (custom)
2019-11-13 22:06:09,633 [pool-182-thread-1] INFO  server.RaftServerConfigKeys (ConfUtils.java:logGet(43)) - raft.server.snapshot.auto.trigger.threshold = 10000 (custom)
2019-11-13 22:06:09,633 [pool-182-thread-1] INFO  server.RaftServerConfigKeys (ConfUtils.java:logGet(43)) - raft.server.snapshot.retention.file.num = 5 (custom)
2019-11-13 22:06:09,633 [pool-182-thread-1] INFO  server.RaftServerConfigKeys (ConfUtils.java:logGet(43)) - raft.server.retrycache.expirytime = 600000ms (custom)
2019-11-13 22:06:09,634 [pool-182-thread-1] WARN  impl.MetricRegistriesImpl (MetricRegistriesImpl.java:lambda$create$1(61)) - First MetricRegistry has been created without registering reporters. You may need to call MetricRegistries.global().addReportRegistration(...) before.
2019-11-13 22:06:09,634 [pool-182-thread-1] WARN  impl.MetricRegistriesImpl (MetricRegistriesImpl.java:lambda$create$1(61)) - First MetricRegistry has been created without registering reporters. You may need to call MetricRegistries.global().addReportRegistration(...) before.
2019-11-13 22:06:09,634 [pool-182-thread-1] INFO  impl.RaftServerImpl (RaftServerImpl.java:start(184)) - 7b888e0e-6a0f-4b0e-88cc-e0733c42ba91@group-2864CBE92D84: start as a follower, conf=-1: [7b888e0e-6a0f-4b0e-88cc-e0733c42ba91:192.168.164.237:44948], old=null
2019-11-13 22:06:09,634 [pool-182-thread-1] INFO  impl.RaftServerImpl (RaftServerImpl.java:setRole(173)) - 7b888e0e-6a0f-4b0e-88cc-e0733c42ba91@group-2864CBE92D84: changes role from      null to FOLLOWER at term 0 for startAsFollower
2019-11-13 22:06:09,634 [pool-182-thread-1] INFO  impl.RoleInfo (RoleInfo.java:updateAndGet(143)) - 7b888e0e-6a0f-4b0e-88cc-e0733c42ba91: start FollowerState
2019-11-13 22:06:09,635 [pool-182-thread-1] INFO  util.JmxRegister (JmxRegister.java:tryRegister(44)) - Successfully registered JMX Bean with object name Ratis:service=RaftServer,group=group-2864CBE92D84,id=7b888e0e-6a0f-4b0e-88cc-e0733c42ba91
2019-11-13 22:06:09,635 [pool-182-thread-1] WARN  impl.MetricRegistriesImpl (MetricRegistriesImpl.java:lambda$create$1(61)) - First MetricRegistry has been created without registering reporters. You may need to call MetricRegistries.global().addReportRegistration(...) before.
2019-11-13 22:06:09,637 [RatisPipelineUtilsThread] INFO  pipeline.PipelineStateManager (PipelineStateManager.java:addPipeline(55)) - Created pipeline Pipeline[ Id: 92fad2b8-6400-4494-a7e5-2864cbe92d84, Nodes: 7b888e0e-6a0f-4b0e-88cc-e0733c42ba91{ip: 192.168.164.237, host: pr-hdds-2471-vxr4w-2980416436, networkLocation: /default-rack, certSerialId: null}, Type:RATIS, Factor:ONE, State:ALLOCATED]
2019-11-13 22:06:09,640 [Thread-1249] INFO  pipeline.PipelineStateManager (PipelineStateManager.java:finalizePipeline(121)) - Pipeline Pipeline[ Id: d7027b97-989c-47a5-874c-d5f8dfafaf36, Nodes: 7b888e0e-6a0f-4b0e-88cc-e0733c42ba91{ip: 192.168.164.237, host: pr-hdds-2471-vxr4w-2980416436, networkLocation: /default-rack, certSerialId: null}f7705811-6e65-4a57-b1c4-0cb13cee4425{ip: 192.168.164.237, host: pr-hdds-2471-vxr4w-2980416436, networkLocation: /default-rack, certSerialId: null}b437d6a1-54f9-495c-b2fd-bb696abd9804{ip: 192.168.164.237, host: pr-hdds-2471-vxr4w-2980416436, networkLocation: /default-rack, certSerialId: null}, Type:RATIS, Factor:THREE, State:CLOSED] moved to CLOSED state
2019-11-13 22:06:09,641 [EventQueue-CloseContainerForCloseContainerEventHandler] INFO  container.CloseContainerEventHandler (CloseContainerEventHandler.java:onMessage(61)) - Close container Event triggered for container : #1
2019-11-13 22:06:09,644 [grpc-default-executor-5] INFO  impl.RaftServerProxy (RaftServerProxy.java:remove(95)) - 7b888e0e-6a0f-4b0e-88cc-e0733c42ba91: remove  FOLLOWER 7b888e0e-6a0f-4b0e-88cc-e0733c42ba91@group-D5F8DFAFAF36:t1, leader=b437d6a1-54f9-495c-b2fd-bb696abd9804, voted=b437d6a1-54f9-495c-b2fd-bb696abd9804, raftlog=7b888e0e-6a0f-4b0e-88cc-e0733c42ba91@group-D5F8DFAFAF36-SegmentedRaftLog:OPENED:c4,f6,i6, conf=0: [7b888e0e-6a0f-4b0e-88cc-e0733c42ba91:192.168.164.237:44948, f7705811-6e65-4a57-b1c4-0cb13cee4425:192.168.164.237:42605, b437d6a1-54f9-495c-b2fd-bb696abd9804:192.168.164.237:38716], old=null RUNNING
2019-11-13 22:06:09,644 [grpc-default-executor-5] INFO  impl.RaftServerImpl (RaftServerImpl.java:lambda$shutdown$3(250)) - 7b888e0e-6a0f-4b0e-88cc-e0733c42ba91@group-D5F8DFAFAF36: shutdown
2019-11-13 22:06:09,644 [grpc-default-executor-5] INFO  util.JmxRegister (JmxRegister.java:unregister(73)) - Successfully un-registered JMX Bean with object name Ratis:service=RaftServer,group=group-D5F8DFAFAF36,id=7b888e0e-6a0f-4b0e-88cc-e0733c42ba91
2019-11-13 22:06:09,644 [grpc-default-executor-5] INFO  impl.RoleInfo (RoleInfo.java:shutdownFollowerState(121)) - 7b888e0e-6a0f-4b0e-88cc-e0733c42ba91: shutdown FollowerState
2019-11-13 22:06:09,645 [grpc-default-executor-5] INFO  impl.StateMachineUpdater (StateMachineUpdater.java:stopAndJoin(136)) - 7b888e0e-6a0f-4b0e-88cc-e0733c42ba91@group-D5F8DFAFAF36-StateMachineUpdater: set stopIndex = 4
2019-11-13 22:06:09,645 [Thread-1317] INFO  impl.FollowerState (FollowerState.java:run(120)) - 7b888e0e-6a0f-4b0e-88cc-e0733c42ba91@group-D5F8DFAFAF36-FollowerState was interrupted: java.lang.InterruptedException: sleep interrupted
2019-11-13 22:06:09,645 [7b888e0e-6a0f-4b0e-88cc-e0733c42ba91@group-D5F8DFAFAF36-StateMachineUpdater] INFO  ratis.ContainerStateMachine (ContainerStateMachine.java:takeSnapshot(285)) - group-D5F8DFAFAF36: Taking a snapshot at:(t:1, i:3) file /workdir/hadoop-ozone/integration-test/target/test-dir/MiniOzoneClusterImpl-7f102aba-c488-44cf-bcdb-425554d335ef/datanode-3/data/ratis/d7027b97-989c-47a5-874c-d5f8dfafaf36/sm/snapshot.1_3
2019-11-13 22:06:09,650 [7b888e0e-6a0f-4b0e-88cc-e0733c42ba91@group-D5F8DFAFAF36-StateMachineUpdater] INFO  ratis.ContainerStateMachine (ContainerStateMachine.java:takeSnapshot(296)) - group-D5F8DFAFAF36: Finished taking a snapshot at:(t:1, i:3) file:/workdir/hadoop-ozone/integration-test/target/test-dir/MiniOzoneClusterImpl-7f102aba-c488-44cf-bcdb-425554d335ef/datanode-3/data/ratis/d7027b97-989c-47a5-874c-d5f8dfafaf36/sm/snapshot.1_3 time:5
2019-11-13 22:06:09,650 [7b888e0e-6a0f-4b0e-88cc-e0733c42ba91@group-D5F8DFAFAF36-StateMachineUpdater] INFO  impl.StateMachineUpdater (StateMachineUpdater.java:takeSnapshot(269)) - 7b888e0e-6a0f-4b0e-88cc-e0733c42ba91@group-D5F8DFAFAF36-StateMachineUpdater: Took a snapshot at index 3
2019-11-13 22:06:09,651 [7b888e0e-6a0f-4b0e-88cc-e0733c42ba91@group-D5F8DFAFAF36-StateMachineUpdater] INFO  impl.StateMachineUpdater (StateMachineUpdater.java:lambda$new$0(84)) - 7b888e0e-6a0f-4b0e-88cc-e0733c42ba91@group-D5F8DFAFAF36-StateMachineUpdater: snapshotIndex: updateIncreasingly -1 -> 3
2019-11-13 22:06:09,651 [7b888e0e-6a0f-4b0e-88cc-e0733c42ba91@group-D5F8DFAFAF36-StateMachineUpdater] INFO  ratis.ContainerStateMachine (ContainerStateMachine.java:takeSnapshot(285)) - group-D5F8DFAFAF36: Taking a snapshot at:(t:1, i:3) file /workdir/hadoop-ozone/integration-test/target/test-dir/MiniOzoneClusterImpl-7f102aba-c488-44cf-bcdb-425554d335ef/datanode-3/data/ratis/d7027b97-989c-47a5-874c-d5f8dfafaf36/sm/snapshot.1_3
2019-11-13 22:06:09,655 [7b888e0e-6a0f-4b0e-88cc-e0733c42ba91@group-D5F8DFAFAF36-StateMachineUpdater] INFO  ratis.ContainerStateMachine (ContainerStateMachine.java:takeSnapshot(296)) - group-D5F8DFAFAF36: Finished taking a snapshot at:(t:1, i:3) file:/workdir/hadoop-ozone/integration-test/target/test-dir/MiniOzoneClusterImpl-7f102aba-c488-44cf-bcdb-425554d335ef/datanode-3/data/ratis/d7027b97-989c-47a5-874c-d5f8dfafaf36/sm/snapshot.1_3 time:5
2019-11-13 22:06:09,656 [7b888e0e-6a0f-4b0e-88cc-e0733c42ba91@group-D5F8DFAFAF36-StateMachineUpdater] INFO  impl.StateMachineUpdater (StateMachineUpdater.java:takeSnapshot(269)) - 7b888e0e-6a0f-4b0e-88cc-e0733c42ba91@group-D5F8DFAFAF36-StateMachineUpdater: Took a snapshot at index 3
2019-11-13 22:06:09,656 [7b888e0e-6a0f-4b0e-88cc-e0733c42ba91@group-D5F8DFAFAF36-StateMachineUpdater] INFO  impl.StateMachineUpdater (StateMachineUpdater.java:lambda$new$0(84)) - 7b888e0e-6a0f-4b0e-88cc-e0733c42ba91@group-D5F8DFAFAF36-StateMachineUpdater: snapshotIndex: updateIncreasingly 3 -> 3
2019-11-13 22:06:09,656 [grpc-default-executor-5] INFO  impl.RaftServerImpl (ServerState.java:close(387)) - 7b888e0e-6a0f-4b0e-88cc-e0733c42ba91@group-D5F8DFAFAF36: closes. applyIndex: 4
2019-11-13 22:06:09,656 [7b888e0e-6a0f-4b0e-88cc-e0733c42ba91@group-D5F8DFAFAF36-SegmentedRaftLogWorker] INFO  segmented.SegmentedRaftLogWorker (SegmentedRaftLogWorker.java:run(316)) - 7b888e0e-6a0f-4b0e-88cc-e0733c42ba91@group-D5F8DFAFAF36-SegmentedRaftLogWorker was interrupted, exiting. There are 0 tasks remaining in the queue.
2019-11-13 22:06:09,658 [grpc-default-executor-5] INFO  segmented.SegmentedRaftLogWorker (SegmentedRaftLogWorker.java:close(224)) - 7b888e0e-6a0f-4b0e-88cc-e0733c42ba91@group-D5F8DFAFAF36-SegmentedRaftLogWorker close()
2019-11-13 22:06:09,676 [grpc-default-executor-5] INFO  interfaces.Container (KeyValueContainer.java:flushAndSyncDB(400)) - Container 1 is synced with bcsId 4.
2019-11-13 22:06:09,676 [grpc-default-executor-5] INFO  interfaces.Container (KeyValueContainer.java:flushAndSyncDB(400)) - Container 1 is synced with bcsId 4.
2019-11-13 22:06:09,686 [grpc-default-executor-4] INFO  impl.RaftServerProxy (RaftServerProxy.java:remove(95)) - f7705811-6e65-4a57-b1c4-0cb13cee4425: remove  FOLLOWER f7705811-6e65-4a57-b1c4-0cb13cee4425@group-D5F8DFAFAF36:t1, leader=b437d6a1-54f9-495c-b2fd-bb696abd9804, voted=b437d6a1-54f9-495c-b2fd-bb696abd9804, raftlog=f7705811-6e65-4a57-b1c4-0cb13cee4425@group-D5F8DFAFAF36-SegmentedRaftLog:OPENED:c6,f8,i12, conf=0: [7b888e0e-6a0f-4b0e-88cc-e0733c42ba91:192.168.164.237:44948, f7705811-6e65-4a57-b1c4-0cb13cee4425:192.168.164.237:42605, b437d6a1-54f9-495c-b2fd-bb696abd9804:192.168.164.237:38716], old=null RUNNING
2019-11-13 22:06:09,686 [grpc-default-executor-4] INFO  impl.RaftServerImpl (RaftServerImpl.java:lambda$shutdown$3(250)) - f7705811-6e65-4a57-b1c4-0cb13cee4425@group-D5F8DFAFAF36: shutdown
2019-11-13 22:06:09,686 [grpc-default-executor-4] INFO  util.JmxRegister (JmxRegister.java:unregister(73)) - Successfully un-registered JMX Bean with object name Ratis:service=RaftServer,group=group-D5F8DFAFAF36,id=f7705811-6e65-4a57-b1c4-0cb13cee4425
2019-11-13 22:06:09,686 [grpc-default-executor-4] INFO  impl.RoleInfo (RoleInfo.java:shutdownFollowerState(121)) - f7705811-6e65-4a57-b1c4-0cb13cee4425: shutdown FollowerState
2019-11-13 22:06:09,686 [grpc-default-executor-4] INFO  impl.StateMachineUpdater (StateMachineUpdater.java:stopAndJoin(136)) - f7705811-6e65-4a57-b1c4-0cb13cee4425@group-D5F8DFAFAF36-StateMachineUpdater: set stopIndex = 6
2019-11-13 22:06:09,686 [f7705811-6e65-4a57-b1c4-0cb13cee4425@group-D5F8DFAFAF36-StateMachineUpdater] INFO  ratis.ContainerStateMachine (ContainerStateMachine.java:takeSnapshot(285)) - group-D5F8DFAFAF36: Taking a snapshot at:(t:1, i:4) file /workdir/hadoop-ozone/integration-test/target/test-dir/MiniOzoneClusterImpl-7f102aba-c488-44cf-bcdb-425554d335ef/datanode-4/data/ratis/d7027b97-989c-47a5-874c-d5f8dfafaf36/sm/snapshot.1_4
2019-11-13 22:06:09,686 [Thread-1318] INFO  impl.FollowerState (FollowerState.java:run(120)) - f7705811-6e65-4a57-b1c4-0cb13cee4425@group-D5F8DFAFAF36-FollowerState was interrupted: java.lang.InterruptedException: sleep interrupted
2019-11-13 22:06:09,695 [f7705811-6e65-4a57-b1c4-0cb13cee4425@group-D5F8DFAFAF36-StateMachineUpdater] INFO  ratis.ContainerStateMachine (ContainerStateMachine.java:takeSnapshot(296)) - group-D5F8DFAFAF36: Finished taking a snapshot at:(t:1, i:4) file:/workdir/hadoop-ozone/integration-test/target/test-dir/MiniOzoneClusterImpl-7f102aba-c488-44cf-bcdb-425554d335ef/datanode-4/data/ratis/d7027b97-989c-47a5-874c-d5f8dfafaf36/sm/snapshot.1_4 time:9
2019-11-13 22:06:09,695 [f7705811-6e65-4a57-b1c4-0cb13cee4425@group-D5F8DFAFAF36-StateMachineUpdater] INFO  impl.StateMachineUpdater (StateMachineUpdater.java:takeSnapshot(269)) - f7705811-6e65-4a57-b1c4-0cb13cee4425@group-D5F8DFAFAF36-StateMachineUpdater: Took a snapshot at index 4
2019-11-13 22:06:09,695 [f7705811-6e65-4a57-b1c4-0cb13cee4425@group-D5F8DFAFAF36-StateMachineUpdater] INFO  impl.StateMachineUpdater (StateMachineUpdater.java:lambda$new$0(84)) - f7705811-6e65-4a57-b1c4-0cb13cee4425@group-D5F8DFAFAF36-StateMachineUpdater: snapshotIndex: updateIncreasingly -1 -> 4
2019-11-13 22:06:09,695 [f7705811-6e65-4a57-b1c4-0cb13cee4425@group-D5F8DFAFAF36-StateMachineUpdater] INFO  ratis.ContainerStateMachine (ContainerStateMachine.java:takeSnapshot(285)) - group-D5F8DFAFAF36: Taking a snapshot at:(t:1, i:4) file /workdir/hadoop-ozone/integration-test/target/test-dir/MiniOzoneClusterImpl-7f102aba-c488-44cf-bcdb-425554d335ef/datanode-4/data/ratis/d7027b97-989c-47a5-874c-d5f8dfafaf36/sm/snapshot.1_4
2019-11-13 22:06:09,702 [EventQueue-IncrementalContainerReportForIncrementalContainerReportHandler] INFO  container.IncrementalContainerReportHandler (AbstractContainerReportHandler.java:updateContainerState(171)) - Moving container #1 to QUASI_CLOSED state, datanode 7b888e0e-6a0f-4b0e-88cc-e0733c42ba91{ip: 192.168.164.237, host: pr-hdds-2471-vxr4w-2980416436, networkLocation: /default-rack, certSerialId: null} reported QUASI_CLOSED replica.
2019-11-13 22:06:09,722 [f7705811-6e65-4a57-b1c4-0cb13cee4425@group-D5F8DFAFAF36-StateMachineUpdater] INFO  ratis.ContainerStateMachine (ContainerStateMachine.java:takeSnapshot(296)) - group-D5F8DFAFAF36: Finished taking a snapshot at:(t:1, i:4) file:/workdir/hadoop-ozone/integration-test/target/test-dir/MiniOzoneClusterImpl-7f102aba-c488-44cf-bcdb-425554d335ef/datanode-4/data/ratis/d7027b97-989c-47a5-874c-d5f8dfafaf36/sm/snapshot.1_4 time:28
2019-11-13 22:06:09,723 [f7705811-6e65-4a57-b1c4-0cb13cee4425@group-D5F8DFAFAF36-StateMachineUpdater] INFO  impl.StateMachineUpdater (StateMachineUpdater.java:takeSnapshot(269)) - f7705811-6e65-4a57-b1c4-0cb13cee4425@group-D5F8DFAFAF36-StateMachineUpdater: Took a snapshot at index 4
2019-11-13 22:06:09,723 [f7705811-6e65-4a57-b1c4-0cb13cee4425@group-D5F8DFAFAF36-StateMachineUpdater] INFO  impl.StateMachineUpdater (StateMachineUpdater.java:lambda$new$0(84)) - f7705811-6e65-4a57-b1c4-0cb13cee4425@group-D5F8DFAFAF36-StateMachineUpdater: snapshotIndex: updateIncreasingly 4 -> 4
2019-11-13 22:06:09,723 [grpc-default-executor-4] INFO  impl.RaftServerImpl (ServerState.java:close(387)) - f7705811-6e65-4a57-b1c4-0cb13cee4425@group-D5F8DFAFAF36: closes. applyIndex: 6
2019-11-13 22:06:09,723 [f7705811-6e65-4a57-b1c4-0cb13cee4425@group-D5F8DFAFAF36-SegmentedRaftLogWorker] INFO  segmented.SegmentedRaftLogWorker (SegmentedRaftLogWorker.java:run(316)) - f7705811-6e65-4a57-b1c4-0cb13cee4425@group-D5F8DFAFAF36-SegmentedRaftLogWorker was interrupted, exiting. There are 0 tasks remaining in the queue.
2019-11-13 22:06:09,725 [grpc-default-executor-4] INFO  segmented.SegmentedRaftLogWorker (SegmentedRaftLogWorker.java:close(224)) - f7705811-6e65-4a57-b1c4-0cb13cee4425@group-D5F8DFAFAF36-SegmentedRaftLogWorker close()
2019-11-13 22:06:09,771 [grpc-default-executor-4] INFO  interfaces.Container (KeyValueContainer.java:flushAndSyncDB(400)) - Container 1 is synced with bcsId 4.
2019-11-13 22:06:09,774 [grpc-default-executor-4] INFO  interfaces.Container (KeyValueContainer.java:flushAndSyncDB(400)) - Container 1 is synced with bcsId 4.
2019-11-13 22:06:09,793 [grpc-default-executor-4] INFO  impl.RaftServerProxy (RaftServerProxy.java:remove(95)) - b437d6a1-54f9-495c-b2fd-bb696abd9804: remove    LEADER b437d6a1-54f9-495c-b2fd-bb696abd9804@group-D5F8DFAFAF36:t1, leader=b437d6a1-54f9-495c-b2fd-bb696abd9804, voted=b437d6a1-54f9-495c-b2fd-bb696abd9804, raftlog=b437d6a1-54f9-495c-b2fd-bb696abd9804@group-D5F8DFAFAF36-SegmentedRaftLog:OPENED:c12,f14,i14, conf=0: [7b888e0e-6a0f-4b0e-88cc-e0733c42ba91:192.168.164.237:44948, f7705811-6e65-4a57-b1c4-0cb13cee4425:192.168.164.237:42605, b437d6a1-54f9-495c-b2fd-bb696abd9804:192.168.164.237:38716], old=null RUNNING
2019-11-13 22:06:09,793 [grpc-default-executor-4] INFO  impl.RaftServerImpl (RaftServerImpl.java:lambda$shutdown$3(250)) - b437d6a1-54f9-495c-b2fd-bb696abd9804@group-D5F8DFAFAF36: shutdown
2019-11-13 22:06:09,794 [grpc-default-executor-4] INFO  util.JmxRegister (JmxRegister.java:unregister(73)) - Successfully un-registered JMX Bean with object name Ratis:service=RaftServer,group=group-D5F8DFAFAF36,id=b437d6a1-54f9-495c-b2fd-bb696abd9804
2019-11-13 22:06:09,794 [grpc-default-executor-4] INFO  impl.RoleInfo (RoleInfo.java:shutdownLeaderState(104)) - b437d6a1-54f9-495c-b2fd-bb696abd9804: shutdown LeaderState
2019-11-13 22:06:09,797 [grpc-default-executor-4] INFO  impl.PendingRequests (PendingRequests.java:sendNotLeaderResponses(206)) - b437d6a1-54f9-495c-b2fd-bb696abd9804@group-D5F8DFAFAF36-PendingRequests: sendNotLeaderResponses
2019-11-13 22:06:09,797 [org.apache.ratis.server.impl.LogAppender$AppenderDaemon$$Lambda$465/2114790451@21e98e0c] WARN  server.GrpcLogAppender (GrpcLogAppender.java:mayWait(151)) - b437d6a1-54f9-495c-b2fd-bb696abd9804@group-D5F8DFAFAF36->f7705811-6e65-4a57-b1c4-0cb13cee4425-GrpcLogAppender: Wait interrupted by java.lang.InterruptedException
2019-11-13 22:06:09,797 [org.apache.ratis.server.impl.LogAppender$AppenderDaemon$$Lambda$465/2114790451@64eb0cf5] WARN  server.GrpcLogAppender (GrpcLogAppender.java:mayWait(151)) - b437d6a1-54f9-495c-b2fd-bb696abd9804@group-D5F8DFAFAF36->7b888e0e-6a0f-4b0e-88cc-e0733c42ba91-GrpcLogAppender: Wait interrupted by java.lang.InterruptedException
2019-11-13 22:06:09,807 [grpc-default-executor-4] INFO  impl.StateMachineUpdater (StateMachineUpdater.java:stopAndJoin(136)) - b437d6a1-54f9-495c-b2fd-bb696abd9804@group-D5F8DFAFAF36-StateMachineUpdater: set stopIndex = 12
2019-11-13 22:06:09,807 [grpc-default-executor-5] INFO  server.GrpcServerProtocolService (GrpcServerProtocolService.java:onCompleted(113)) - f7705811-6e65-4a57-b1c4-0cb13cee4425: Completed APPEND_ENTRIES, lastRequest: b437d6a1-54f9-495c-b2fd-bb696abd9804->f7705811-6e65-4a57-b1c4-0cb13cee4425#17-t1, previous=(t:1, i:13), leaderCommit=12, initializing? false, entries: size=1, first=(t:1, i:14), METADATAENTRY(c10)
2019-11-13 22:06:09,807 [grpc-default-executor-2] INFO  server.GrpcServerProtocolService (GrpcServerProtocolService.java:onCompleted(113)) - 7b888e0e-6a0f-4b0e-88cc-e0733c42ba91: Completed APPEND_ENTRIES, lastRequest: b437d6a1-54f9-495c-b2fd-bb696abd9804->7b888e0e-6a0f-4b0e-88cc-e0733c42ba91#17-t1, previous=(t:1, i:13), leaderCommit=12, initializing? false, entries: size=1, first=(t:1, i:14), METADATAENTRY(c10)
2019-11-13 22:06:09,807 [b437d6a1-54f9-495c-b2fd-bb696abd9804@group-D5F8DFAFAF36-StateMachineUpdater] INFO  ratis.ContainerStateMachine (ContainerStateMachine.java:takeSnapshot(285)) - group-D5F8DFAFAF36: Taking a snapshot at:(t:1, i:12) file /workdir/hadoop-ozone/integration-test/target/test-dir/MiniOzoneClusterImpl-7f102aba-c488-44cf-bcdb-425554d335ef/datanode-5/data/ratis/d7027b97-989c-47a5-874c-d5f8dfafaf36/sm/snapshot.1_12
2019-11-13 22:06:09,807 [grpc-default-executor-2] INFO  server.GrpcLogAppender (GrpcLogAppender.java:onCompleted(308)) - b437d6a1-54f9-495c-b2fd-bb696abd9804@group-D5F8DFAFAF36->7b888e0e-6a0f-4b0e-88cc-e0733c42ba91-AppendLogResponseHandler: follower responses appendEntries COMPLETED
2019-11-13 22:06:09,807 [grpc-default-executor-5] INFO  server.GrpcLogAppender (GrpcLogAppender.java:onCompleted(308)) - b437d6a1-54f9-495c-b2fd-bb696abd9804@group-D5F8DFAFAF36->f7705811-6e65-4a57-b1c4-0cb13cee4425-AppendLogResponseHandler: follower responses appendEntries COMPLETED
2019-11-13 22:06:09,808 [grpc-default-executor-2] INFO  impl.FollowerInfo (FollowerInfo.java:lambda$new$0(51)) - b437d6a1-54f9-495c-b2fd-bb696abd9804@group-D5F8DFAFAF36->7b888e0e-6a0f-4b0e-88cc-e0733c42ba91: nextIndex: updateUnconditionally 15 -> 7
2019-11-13 22:06:09,808 [grpc-default-executor-5] INFO  impl.FollowerInfo (FollowerInfo.java:lambda$new$0(51)) - b437d6a1-54f9-495c-b2fd-bb696abd9804@group-D5F8DFAFAF36->f7705811-6e65-4a57-b1c4-0cb13cee4425: nextIndex: updateUnconditionally 15 -> 13
2019-11-13 22:06:09,809 [Thread-1382] INFO  client.GrpcClientProtocolService (GrpcClientProtocolService.java:lambda$processClientRequest$0(279)) - Failed RaftClientRequest:client-1B4B9450A81D->b437d6a1-54f9-495c-b2fd-bb696abd9804@group-D5F8DFAFAF36, cid=113, seq=0, Watch-ALL_COMMITTED(8), Message:<EMPTY>, reply=RaftClientReply:client-1B4B9450A81D->b437d6a1-54f9-495c-b2fd-bb696abd9804@group-D5F8DFAFAF36, cid=113, FAILED org.apache.ratis.protocol.NotLeaderException: Server b437d6a1-54f9-495c-b2fd-bb696abd9804@group-D5F8DFAFAF36 is not the leader, logIndex=0, commits[b437d6a1-54f9-495c-b2fd-bb696abd9804:c12]
2019-11-13 22:06:09,820 [b437d6a1-54f9-495c-b2fd-bb696abd9804@group-D5F8DFAFAF36-StateMachineUpdater] INFO  ratis.ContainerStateMachine (ContainerStateMachine.java:takeSnapshot(296)) - group-D5F8DFAFAF36: Finished taking a snapshot at:(t:1, i:12) file:/workdir/hadoop-ozone/integration-test/target/test-dir/MiniOzoneClusterImpl-7f102aba-c488-44cf-bcdb-425554d335ef/datanode-5/data/ratis/d7027b97-989c-47a5-874c-d5f8dfafaf36/sm/snapshot.1_12 time:13
2019-11-13 22:06:09,820 [b437d6a1-54f9-495c-b2fd-bb696abd9804@group-D5F8DFAFAF36-StateMachineUpdater] INFO  impl.StateMachineUpdater (StateMachineUpdater.java:takeSnapshot(269)) - b437d6a1-54f9-495c-b2fd-bb696abd9804@group-D5F8DFAFAF36-StateMachineUpdater: Took a snapshot at index 12
2019-11-13 22:06:09,820 [b437d6a1-54f9-495c-b2fd-bb696abd9804@group-D5F8DFAFAF36-StateMachineUpdater] INFO  impl.StateMachineUpdater (StateMachineUpdater.java:lambda$new$0(84)) - b437d6a1-54f9-495c-b2fd-bb696abd9804@group-D5F8DFAFAF36-StateMachineUpdater: snapshotIndex: updateIncreasingly -1 -> 12
2019-11-13 22:06:09,820 [grpc-default-executor-4] INFO  impl.RaftServerImpl (ServerState.java:close(387)) - b437d6a1-54f9-495c-b2fd-bb696abd9804@group-D5F8DFAFAF36: closes. applyIndex: 12
2019-11-13 22:06:09,821 [b437d6a1-54f9-495c-b2fd-bb696abd9804@group-D5F8DFAFAF36-SegmentedRaftLogWorker] INFO  segmented.SegmentedRaftLogWorker (SegmentedRaftLogWorker.java:run(316)) - b437d6a1-54f9-495c-b2fd-bb696abd9804@group-D5F8DFAFAF36-SegmentedRaftLogWorker was interrupted, exiting. There are 0 tasks remaining in the queue.
2019-11-13 22:06:09,823 [grpc-default-executor-4] INFO  segmented.SegmentedRaftLogWorker (SegmentedRaftLogWorker.java:close(224)) - b437d6a1-54f9-495c-b2fd-bb696abd9804@group-D5F8DFAFAF36-SegmentedRaftLogWorker close()
2019-11-13 22:06:09,864 [grpc-default-executor-4] INFO  interfaces.Container (KeyValueContainer.java:flushAndSyncDB(400)) - Container 1 is synced with bcsId 10.
2019-11-13 22:06:09,864 [grpc-default-executor-4] INFO  interfaces.Container (KeyValueContainer.java:flushAndSyncDB(400)) - Container 1 is synced with bcsId 10.
2019-11-13 22:06:09,882 [Thread-1249] INFO  pipeline.PipelineStateManager (PipelineStateManager.java:removePipeline(106)) - Pipeline Pipeline[ Id: d7027b97-989c-47a5-874c-d5f8dfafaf36, Nodes: 7b888e0e-6a0f-4b0e-88cc-e0733c42ba91{ip: 192.168.164.237, host: pr-hdds-2471-vxr4w-2980416436, networkLocation: /default-rack, certSerialId: null}f7705811-6e65-4a57-b1c4-0cb13cee4425{ip: 192.168.164.237, host: pr-hdds-2471-vxr4w-2980416436, networkLocation: /default-rack, certSerialId: null}b437d6a1-54f9-495c-b2fd-bb696abd9804{ip: 192.168.164.237, host: pr-hdds-2471-vxr4w-2980416436, networkLocation: /default-rack, certSerialId: null}, Type:RATIS, Factor:THREE, State:CLOSED] removed from db
2019-11-13 22:06:09,882 [Thread-1249] INFO  pipeline.SCMPipelineManager (SCMPipelineManager.java:finalizeAndDestroyPipeline(315)) - destroying pipeline:Pipeline[ Id: 1acacbda-ba8e-43d9-b531-36fb0721bed8, Nodes: f7705811-6e65-4a57-b1c4-0cb13cee4425{ip: 192.168.164.237, host: pr-hdds-2471-vxr4w-2980416436, networkLocation: /default-rack, certSerialId: null}, Type:RATIS, Factor:ONE, State:OPEN]
2019-11-13 22:06:09,891 [grpc-default-executor-4] INFO  impl.RaftServerProxy (RaftServerProxy.java:addNew(89)) - b437d6a1-54f9-495c-b2fd-bb696abd9804: addNew group-B9D2931423C9:[7b888e0e-6a0f-4b0e-88cc-e0733c42ba91:192.168.164.237:44948, f7705811-6e65-4a57-b1c4-0cb13cee4425:192.168.164.237:42605, b437d6a1-54f9-495c-b2fd-bb696abd9804:192.168.164.237:38716] returns group-B9D2931423C9:java.util.concurrent.CompletableFuture@6f7425da[Not completed]
2019-11-13 22:06:09,891 [grpc-default-executor-5] INFO  impl.RaftServerProxy (RaftServerProxy.java:addNew(89)) - f7705811-6e65-4a57-b1c4-0cb13cee4425: addNew group-B9D2931423C9:[7b888e0e-6a0f-4b0e-88cc-e0733c42ba91:192.168.164.237:44948, f7705811-6e65-4a57-b1c4-0cb13cee4425:192.168.164.237:42605, b437d6a1-54f9-495c-b2fd-bb696abd9804:192.168.164.237:38716] returns group-B9D2931423C9:java.util.concurrent.CompletableFuture@6c4c06c2[Not completed]
2019-11-13 22:06:09,891 [grpc-default-executor-2] INFO  impl.RaftServerProxy (RaftServerProxy.java:addNew(89)) - 7b888e0e-6a0f-4b0e-88cc-e0733c42ba91: addNew group-B9D2931423C9:[7b888e0e-6a0f-4b0e-88cc-e0733c42ba91:192.168.164.237:44948, f7705811-6e65-4a57-b1c4-0cb13cee4425:192.168.164.237:42605, b437d6a1-54f9-495c-b2fd-bb696abd9804:192.168.164.237:38716] returns group-B9D2931423C9:java.util.concurrent.CompletableFuture@e0ac4e4[Not completed]
2019-11-13 22:06:09,892 [pool-202-thread-1] INFO  impl.RaftServerImpl (RaftServerImpl.java:<init>(98)) - b437d6a1-54f9-495c-b2fd-bb696abd9804: new RaftServerImpl for group-B9D2931423C9:[7b888e0e-6a0f-4b0e-88cc-e0733c42ba91:192.168.164.237:44948, f7705811-6e65-4a57-b1c4-0cb13cee4425:192.168.164.237:42605, b437d6a1-54f9-495c-b2fd-bb696abd9804:192.168.164.237:38716] with ContainerStateMachine:uninitialized
2019-11-13 22:06:09,892 [pool-202-thread-1] INFO  server.RaftServerConfigKeys (ConfUtils.java:logGet(43)) - raft.server.rpc.timeout.min = 1s (custom)
2019-11-13 22:06:09,892 [pool-202-thread-1] INFO  server.RaftServerConfigKeys (ConfUtils.java:logGet(43)) - raft.server.rpc.timeout.max = 1200ms (custom)
2019-11-13 22:06:09,893 [pool-202-thread-1] INFO  server.RaftServerConfigKeys (ConfUtils.java:logGet(43)) - raft.server.rpcslowness.timeout = 120s (custom)
2019-11-13 22:06:09,893 [pool-202-thread-1] INFO  server.RaftServerConfigKeys (ConfUtils.java:logGet(43)) - raft.server.sleep.deviation.threshold = 300 (default)
2019-11-13 22:06:09,893 [pool-202-thread-1] INFO  server.RaftServerConfigKeys (ConfUtils.java:logGet(43)) - raft.server.log.appender.install.snapshot.enabled = false (custom)
2019-11-13 22:06:09,893 [pool-202-thread-1] INFO  impl.RaftServerImpl (ServerState.java:<init>(103)) - b437d6a1-54f9-495c-b2fd-bb696abd9804@group-B9D2931423C9: ConfigurationManager, init=-1: [7b888e0e-6a0f-4b0e-88cc-e0733c42ba91:192.168.164.237:44948, f7705811-6e65-4a57-b1c4-0cb13cee4425:192.168.164.237:42605, b437d6a1-54f9-495c-b2fd-bb696abd9804:192.168.164.237:38716], old=null, confs=<EMPTY_MAP>
2019-11-13 22:06:09,893 [pool-202-thread-1] INFO  server.RaftServerConfigKeys (ConfUtils.java:logGet(43)) - raft.server.storage.dir = [/workdir/hadoop-ozone/integration-test/target/test-dir/MiniOzoneClusterImpl-7f102aba-c488-44cf-bcdb-425554d335ef/datanode-5/data/ratis] (custom)
2019-11-13 22:06:09,893 [pool-182-thread-1] INFO  impl.RaftServerImpl (RaftServerImpl.java:<init>(98)) - 7b888e0e-6a0f-4b0e-88cc-e0733c42ba91: new RaftServerImpl for group-B9D2931423C9:[7b888e0e-6a0f-4b0e-88cc-e0733c42ba91:192.168.164.237:44948, f7705811-6e65-4a57-b1c4-0cb13cee4425:192.168.164.237:42605, b437d6a1-54f9-495c-b2fd-bb696abd9804:192.168.164.237:38716] with ContainerStateMachine:uninitialized
2019-11-13 22:06:09,893 [pool-202-thread-1] INFO  server.RaftServerConfigKeys (ConfUtils.java:logGet(43)) - raft.server.log.corruption.policy = EXCEPTION (default)
2019-11-13 22:06:09,893 [pool-182-thread-1] INFO  server.RaftServerConfigKeys (ConfUtils.java:logGet(43)) - raft.server.rpc.timeout.min = 1s (custom)
2019-11-13 22:06:09,893 [pool-202-thread-1] INFO  storage.RaftStorageDirectory (RaftStorageDirectory.java:analyzeStorage(246)) - The storage directory /workdir/hadoop-ozone/integration-test/target/test-dir/MiniOzoneClusterImpl-7f102aba-c488-44cf-bcdb-425554d335ef/datanode-5/data/ratis/5b3aa9ce-36f2-47ed-a742-b9d2931423c9 does not exist. Creating ...
2019-11-13 22:06:09,894 [pool-192-thread-1] INFO  impl.RaftServerImpl (RaftServerImpl.java:<init>(98)) - f7705811-6e65-4a57-b1c4-0cb13cee4425: new RaftServerImpl for group-B9D2931423C9:[7b888e0e-6a0f-4b0e-88cc-e0733c42ba91:192.168.164.237:44948, f7705811-6e65-4a57-b1c4-0cb13cee4425:192.168.164.237:42605, b437d6a1-54f9-495c-b2fd-bb696abd9804:192.168.164.237:38716] with ContainerStateMachine:uninitialized
2019-11-13 22:06:09,893 [pool-182-thread-1] INFO  server.RaftServerConfigKeys (ConfUtils.java:logGet(43)) - raft.server.rpc.timeout.max = 1200ms (custom)
2019-11-13 22:06:09,894 [pool-192-thread-1] INFO  server.RaftServerConfigKeys (ConfUtils.java:logGet(43)) - raft.server.rpc.timeout.min = 1s (custom)
2019-11-13 22:06:09,894 [pool-182-thread-1] INFO  server.RaftServerConfigKeys (ConfUtils.java:logGet(43)) - raft.server.rpcslowness.timeout = 120s (custom)
2019-11-13 22:06:09,894 [pool-192-thread-1] INFO  server.RaftServerConfigKeys (ConfUtils.java:logGet(43)) - raft.server.rpc.timeout.max = 1200ms (custom)
2019-11-13 22:06:09,894 [pool-182-thread-1] INFO  server.RaftServerConfigKeys (ConfUtils.java:logGet(43)) - raft.server.sleep.deviation.threshold = 300 (default)
2019-11-13 22:06:09,894 [pool-192-thread-1] INFO  server.RaftServerConfigKeys (ConfUtils.java:logGet(43)) - raft.server.rpcslowness.timeout = 120s (custom)
2019-11-13 22:06:09,894 [pool-182-thread-1] INFO  server.RaftServerConfigKeys (ConfUtils.java:logGet(43)) - raft.server.log.appender.install.snapshot.enabled = false (custom)
2019-11-13 22:06:09,894 [pool-192-thread-1] INFO  server.RaftServerConfigKeys (ConfUtils.java:logGet(43)) - raft.server.sleep.deviation.threshold = 300 (default)
2019-11-13 22:06:09,894 [pool-182-thread-1] INFO  impl.RaftServerImpl (ServerState.java:<init>(103)) - 7b888e0e-6a0f-4b0e-88cc-e0733c42ba91@group-B9D2931423C9: ConfigurationManager, init=-1: [7b888e0e-6a0f-4b0e-88cc-e0733c42ba91:192.168.164.237:44948, f7705811-6e65-4a57-b1c4-0cb13cee4425:192.168.164.237:42605, b437d6a1-54f9-495c-b2fd-bb696abd9804:192.168.164.237:38716], old=null, confs=<EMPTY_MAP>
2019-11-13 22:06:09,894 [pool-192-thread-1] INFO  server.RaftServerConfigKeys (ConfUtils.java:logGet(43)) - raft.server.log.appender.install.snapshot.enabled = false (custom)
2019-11-13 22:06:09,894 [pool-182-thread-1] INFO  server.RaftServerConfigKeys (ConfUtils.java:logGet(43)) - raft.server.storage.dir = [/workdir/hadoop-ozone/integration-test/target/test-dir/MiniOzoneClusterImpl-7f102aba-c488-44cf-bcdb-425554d335ef/datanode-3/data/ratis] (custom)
2019-11-13 22:06:09,894 [pool-192-thread-1] INFO  impl.RaftServerImpl (ServerState.java:<init>(103)) - f7705811-6e65-4a57-b1c4-0cb13cee4425@group-B9D2931423C9: ConfigurationManager, init=-1: [7b888e0e-6a0f-4b0e-88cc-e0733c42ba91:192.168.164.237:44948, f7705811-6e65-4a57-b1c4-0cb13cee4425:192.168.164.237:42605, b437d6a1-54f9-495c-b2fd-bb696abd9804:192.168.164.237:38716], old=null, confs=<EMPTY_MAP>
2019-11-13 22:06:09,895 [pool-192-thread-1] INFO  server.RaftServerConfigKeys (ConfUtils.java:logGet(43)) - raft.server.storage.dir = [/workdir/hadoop-ozone/integration-test/target/test-dir/MiniOzoneClusterImpl-7f102aba-c488-44cf-bcdb-425554d335ef/datanode-4/data/ratis] (custom)
2019-11-13 22:06:09,895 [pool-182-thread-1] INFO  server.RaftServerConfigKeys (ConfUtils.java:logGet(43)) - raft.server.log.corruption.policy = EXCEPTION (default)
2019-11-13 22:06:09,895 [pool-192-thread-1] INFO  server.RaftServerConfigKeys (ConfUtils.java:logGet(43)) - raft.server.log.corruption.policy = EXCEPTION (default)
2019-11-13 22:06:09,895 [pool-182-thread-1] INFO  storage.RaftStorageDirectory (RaftStorageDirectory.java:analyzeStorage(246)) - The storage directory /workdir/hadoop-ozone/integration-test/target/test-dir/MiniOzoneClusterImpl-7f102aba-c488-44cf-bcdb-425554d335ef/datanode-3/data/ratis/5b3aa9ce-36f2-47ed-a742-b9d2931423c9 does not exist. Creating ...
2019-11-13 22:06:09,895 [pool-192-thread-1] INFO  storage.RaftStorageDirectory (RaftStorageDirectory.java:analyzeStorage(246)) - The storage directory /workdir/hadoop-ozone/integration-test/target/test-dir/MiniOzoneClusterImpl-7f102aba-c488-44cf-bcdb-425554d335ef/datanode-4/data/ratis/5b3aa9ce-36f2-47ed-a742-b9d2931423c9 does not exist. Creating ...
2019-11-13 22:06:09,907 [pool-182-thread-1] INFO  storage.RaftStorageDirectory (RaftStorageDirectory.java:tryLock(328)) - Lock on /workdir/hadoop-ozone/integration-test/target/test-dir/MiniOzoneClusterImpl-7f102aba-c488-44cf-bcdb-425554d335ef/datanode-3/data/ratis/5b3aa9ce-36f2-47ed-a742-b9d2931423c9/in_use.lock acquired by nodename 22306@pr-hdds-2471-vxr4w-2980416436
2019-11-13 22:06:09,907 [pool-192-thread-1] INFO  storage.RaftStorageDirectory (RaftStorageDirectory.java:tryLock(328)) - Lock on /workdir/hadoop-ozone/integration-test/target/test-dir/MiniOzoneClusterImpl-7f102aba-c488-44cf-bcdb-425554d335ef/datanode-4/data/ratis/5b3aa9ce-36f2-47ed-a742-b9d2931423c9/in_use.lock acquired by nodename 22306@pr-hdds-2471-vxr4w-2980416436
2019-11-13 22:06:09,907 [pool-202-thread-1] INFO  storage.RaftStorageDirectory (RaftStorageDirectory.java:tryLock(328)) - Lock on /workdir/hadoop-ozone/integration-test/target/test-dir/MiniOzoneClusterImpl-7f102aba-c488-44cf-bcdb-425554d335ef/datanode-5/data/ratis/5b3aa9ce-36f2-47ed-a742-b9d2931423c9/in_use.lock acquired by nodename 22306@pr-hdds-2471-vxr4w-2980416436
2019-11-13 22:06:09,920 [pool-202-thread-1] INFO  storage.RaftStorage (RaftStorage.java:format(84)) - Storage directory /workdir/hadoop-ozone/integration-test/target/test-dir/MiniOzoneClusterImpl-7f102aba-c488-44cf-bcdb-425554d335ef/datanode-5/data/ratis/5b3aa9ce-36f2-47ed-a742-b9d2931423c9 has been successfully formatted.
2019-11-13 22:06:09,920 [pool-192-thread-1] INFO  storage.RaftStorage (RaftStorage.java:format(84)) - Storage directory /workdir/hadoop-ozone/integration-test/target/test-dir/MiniOzoneClusterImpl-7f102aba-c488-44cf-bcdb-425554d335ef/datanode-4/data/ratis/5b3aa9ce-36f2-47ed-a742-b9d2931423c9 has been successfully formatted.
2019-11-13 22:06:09,920 [pool-182-thread-1] INFO  storage.RaftStorage (RaftStorage.java:format(84)) - Storage directory /workdir/hadoop-ozone/integration-test/target/test-dir/MiniOzoneClusterImpl-7f102aba-c488-44cf-bcdb-425554d335ef/datanode-3/data/ratis/5b3aa9ce-36f2-47ed-a742-b9d2931423c9 has been successfully formatted.
2019-11-13 22:06:09,920 [pool-192-thread-1] INFO  ratis.ContainerStateMachine (ContainerStateMachine.java:loadSnapshot(223)) - group-B9D2931423C9: The snapshot info is null. Setting the last applied indexto:(t:0, i:~)
2019-11-13 22:06:09,920 [pool-202-thread-1] INFO  ratis.ContainerStateMachine (ContainerStateMachine.java:loadSnapshot(223)) - group-B9D2931423C9: The snapshot info is null. Setting the last applied indexto:(t:0, i:~)
2019-11-13 22:06:09,920 [pool-182-thread-1] INFO  ratis.ContainerStateMachine (ContainerStateMachine.java:loadSnapshot(223)) - group-B9D2931423C9: The snapshot info is null. Setting the last applied indexto:(t:0, i:~)
2019-11-13 22:06:09,920 [pool-192-thread-1] INFO  server.RaftServerConfigKeys (ConfUtils.java:logGet(43)) - raft.server.notification.no-leader.timeout = 120s (custom)
2019-11-13 22:06:09,921 [pool-182-thread-1] INFO  server.RaftServerConfigKeys (ConfUtils.java:logGet(43)) - raft.server.notification.no-leader.timeout = 120s (custom)
2019-11-13 22:06:09,920 [pool-202-thread-1] INFO  server.RaftServerConfigKeys (ConfUtils.java:logGet(43)) - raft.server.notification.no-leader.timeout = 120s (custom)
2019-11-13 22:06:09,921 [pool-182-thread-1] INFO  server.RaftServerConfigKeys (ConfUtils.java:logGet(43)) - raft.server.log.use.memory = false (default)
2019-11-13 22:06:09,921 [pool-192-thread-1] INFO  server.RaftServerConfigKeys (ConfUtils.java:logGet(43)) - raft.server.log.use.memory = false (default)
2019-11-13 22:06:09,921 [pool-182-thread-1] INFO  server.RaftServerConfigKeys (ConfUtils.java:logGet(43)) - raft.server.log.purge.gap = 1000000 (custom)
2019-11-13 22:06:09,921 [pool-202-thread-1] INFO  server.RaftServerConfigKeys (ConfUtils.java:logGet(43)) - raft.server.log.use.memory = false (default)
2019-11-13 22:06:09,921 [pool-182-thread-1] INFO  server.RaftServerConfigKeys (ConfUtils.java:logGet(43)) - raft.server.log.appender.buffer.byte-limit = 33554432 (custom)
2019-11-13 22:06:09,921 [pool-192-thread-1] INFO  server.RaftServerConfigKeys (ConfUtils.java:logGet(43)) - raft.server.log.purge.gap = 1000000 (custom)
2019-11-13 22:06:09,922 [pool-182-thread-1] INFO  server.RaftServerConfigKeys (ConfUtils.java:logGet(43)) - raft.server.log.segment.size.max = 1048576 (custom)
2019-11-13 22:06:09,921 [pool-202-thread-1] INFO  server.RaftServerConfigKeys (ConfUtils.java:logGet(43)) - raft.server.log.purge.gap = 1000000 (custom)
2019-11-13 22:06:09,922 [pool-182-thread-1] INFO  server.RaftServerConfigKeys (ConfUtils.java:logGet(43)) - raft.server.log.segment.cache.num.max = 2 (custom)
2019-11-13 22:06:09,922 [pool-182-thread-1] INFO  segmented.SegmentedRaftLogWorker (SegmentedRaftLogWorker.java:<init>(173)) - new 7b888e0e-6a0f-4b0e-88cc-e0733c42ba91@group-B9D2931423C9-SegmentedRaftLogWorker for RaftStorage:Storage Directory /workdir/hadoop-ozone/integration-test/target/test-dir/MiniOzoneClusterImpl-7f102aba-c488-44cf-bcdb-425554d335ef/datanode-3/data/ratis/5b3aa9ce-36f2-47ed-a742-b9d2931423c9
2019-11-13 22:06:09,922 [pool-192-thread-1] INFO  server.RaftServerConfigKeys (ConfUtils.java:logGet(43)) - raft.server.log.appender.buffer.byte-limit = 33554432 (custom)
2019-11-13 22:06:09,922 [pool-182-thread-1] INFO  server.RaftServerConfigKeys (ConfUtils.java:logGet(43)) - raft.server.log.queue.byte-limit = 2147483647 (custom)
2019-11-13 22:06:09,922 [pool-202-thread-1] INFO  server.RaftServerConfigKeys (ConfUtils.java:logGet(43)) - raft.server.log.appender.buffer.byte-limit = 33554432 (custom)
2019-11-13 22:06:09,922 [pool-182-thread-1] INFO  server.RaftServerConfigKeys (ConfUtils.java:logGet(43)) - raft.server.log.queue.element-limit = 1024 (custom)
2019-11-13 22:06:09,922 [pool-192-thread-1] INFO  server.RaftServerConfigKeys (ConfUtils.java:logGet(43)) - raft.server.log.segment.size.max = 1048576 (custom)
2019-11-13 22:06:09,923 [pool-182-thread-1] INFO  server.RaftServerConfigKeys (ConfUtils.java:logGet(43)) - raft.server.log.segment.size.max = 1048576 (custom)
2019-11-13 22:06:09,922 [pool-202-thread-1] INFO  server.RaftServerConfigKeys (ConfUtils.java:logGet(43)) - raft.server.log.segment.size.max = 1048576 (custom)
2019-11-13 22:06:09,923 [pool-182-thread-1] INFO  server.RaftServerConfigKeys (ConfUtils.java:logGet(43)) - raft.server.log.preallocated.size = 16384 (custom)
2019-11-13 22:06:09,923 [pool-192-thread-1] INFO  server.RaftServerConfigKeys (ConfUtils.java:logGet(43)) - raft.server.log.segment.cache.num.max = 2 (custom)
2019-11-13 22:06:09,923 [pool-182-thread-1] INFO  server.RaftServerConfigKeys (ConfUtils.java:logGet(43)) - raft.server.log.write.buffer.size = 33554432 (custom)
2019-11-13 22:06:09,923 [pool-202-thread-1] INFO  server.RaftServerConfigKeys (ConfUtils.java:logGet(43)) - raft.server.log.segment.cache.num.max = 2 (custom)
2019-11-13 22:06:09,923 [pool-182-thread-1] INFO  server.RaftServerConfigKeys (ConfUtils.java:logGet(43)) - raft.server.log.force.sync.num = 128 (default)
2019-11-13 22:06:09,924 [pool-182-thread-1] INFO  server.RaftServerConfigKeys (ConfUtils.java:logGet(43)) - raft.server.log.statemachine.data.sync = true (default)
2019-11-13 22:06:09,923 [pool-192-thread-1] INFO  segmented.SegmentedRaftLogWorker (SegmentedRaftLogWorker.java:<init>(173)) - new f7705811-6e65-4a57-b1c4-0cb13cee4425@group-B9D2931423C9-SegmentedRaftLogWorker for RaftStorage:Storage Directory /workdir/hadoop-ozone/integration-test/target/test-dir/MiniOzoneClusterImpl-7f102aba-c488-44cf-bcdb-425554d335ef/datanode-4/data/ratis/5b3aa9ce-36f2-47ed-a742-b9d2931423c9
2019-11-13 22:06:09,924 [pool-182-thread-1] INFO  server.RaftServerConfigKeys (ConfUtils.java:logGet(43)) - raft.server.log.statemachine.data.sync.timeout = 10s (default)
2019-11-13 22:06:09,924 [pool-182-thread-1] INFO  server.RaftServerConfigKeys (ConfUtils.java:logGet(43)) - raft.server.log.statemachine.data.sync.timeout.retry = -1 (default)
2019-11-13 22:06:09,924 [pool-202-thread-1] INFO  segmented.SegmentedRaftLogWorker (SegmentedRaftLogWorker.java:<init>(173)) - new b437d6a1-54f9-495c-b2fd-bb696abd9804@group-B9D2931423C9-SegmentedRaftLogWorker for RaftStorage:Storage Directory /workdir/hadoop-ozone/integration-test/target/test-dir/MiniOzoneClusterImpl-7f102aba-c488-44cf-bcdb-425554d335ef/datanode-5/data/ratis/5b3aa9ce-36f2-47ed-a742-b9d2931423c9
2019-11-13 22:06:09,924 [pool-192-thread-1] INFO  server.RaftServerConfigKeys (ConfUtils.java:logGet(43)) - raft.server.log.queue.byte-limit = 2147483647 (custom)
2019-11-13 22:06:09,924 [pool-182-thread-1] INFO  server.RaftServerConfigKeys (ConfUtils.java:logGet(43)) - raft.server.log.statemachine.data.caching.enabled = true (custom)
2019-11-13 22:06:09,924 [pool-202-thread-1] INFO  server.RaftServerConfigKeys (ConfUtils.java:logGet(43)) - raft.server.log.queue.byte-limit = 2147483647 (custom)
2019-11-13 22:06:09,924 [pool-192-thread-1] INFO  server.RaftServerConfigKeys (ConfUtils.java:logGet(43)) - raft.server.log.queue.element-limit = 1024 (custom)
2019-11-13 22:06:09,925 [pool-202-thread-1] INFO  server.RaftServerConfigKeys (ConfUtils.java:logGet(43)) - raft.server.log.queue.element-limit = 1024 (custom)
2019-11-13 22:06:09,925 [pool-192-thread-1] INFO  server.RaftServerConfigKeys (ConfUtils.java:logGet(43)) - raft.server.log.segment.size.max = 1048576 (custom)
2019-11-13 22:06:09,925 [pool-182-thread-1] INFO  segmented.SegmentedRaftLogWorker (SegmentedRaftLogWorker.java:lambda$new$0(128)) - 7b888e0e-6a0f-4b0e-88cc-e0733c42ba91@group-B9D2931423C9-SegmentedRaftLogWorker: flushIndex: setUnconditionally 0 -> -1
2019-11-13 22:06:09,925 [pool-192-thread-1] INFO  server.RaftServerConfigKeys (ConfUtils.java:logGet(43)) - raft.server.log.preallocated.size = 16384 (custom)
2019-11-13 22:06:09,925 [pool-202-thread-1] INFO  server.RaftServerConfigKeys (ConfUtils.java:logGet(43)) - raft.server.log.segment.size.max = 1048576 (custom)
2019-11-13 22:06:09,925 [pool-182-thread-1] INFO  server.RaftServerConfigKeys (ConfUtils.java:logGet(43)) - raft.server.snapshot.auto.trigger.enabled = true (custom)
2019-11-13 22:06:09,925 [pool-192-thread-1] INFO  server.RaftServerConfigKeys (ConfUtils.java:logGet(43)) - raft.server.log.write.buffer.size = 33554432 (custom)
2019-11-13 22:06:09,925 [pool-182-thread-1] INFO  server.RaftServerConfigKeys (ConfUtils.java:logGet(43)) - raft.server.snapshot.auto.trigger.threshold = 10000 (custom)
2019-11-13 22:06:09,925 [pool-202-thread-1] INFO  server.RaftServerConfigKeys (ConfUtils.java:logGet(43)) - raft.server.log.preallocated.size = 16384 (custom)
2019-11-13 22:06:09,926 [pool-182-thread-1] INFO  server.RaftServerConfigKeys (ConfUtils.java:logGet(43)) - raft.server.snapshot.retention.file.num = 5 (custom)
2019-11-13 22:06:09,925 [pool-192-thread-1] INFO  server.RaftServerConfigKeys (ConfUtils.java:logGet(43)) - raft.server.log.force.sync.num = 128 (default)
2019-11-13 22:06:09,926 [pool-182-thread-1] INFO  server.RaftServerConfigKeys (ConfUtils.java:logGet(43)) - raft.server.retrycache.expirytime = 600000ms (custom)
2019-11-13 22:06:09,926 [pool-202-thread-1] INFO  server.RaftServerConfigKeys (ConfUtils.java:logGet(43)) - raft.server.log.write.buffer.size = 33554432 (custom)
2019-11-13 22:06:09,926 [pool-182-thread-1] WARN  impl.MetricRegistriesImpl (MetricRegistriesImpl.java:lambda$create$1(61)) - First MetricRegistry has been created without registering reporters. You may need to call MetricRegistries.global().addReportRegistration(...) before.
2019-11-13 22:06:09,926 [pool-192-thread-1] INFO  server.RaftServerConfigKeys (ConfUtils.java:logGet(43)) - raft.server.log.statemachine.data.sync = true (default)
2019-11-13 22:06:09,926 [pool-182-thread-1] WARN  impl.MetricRegistriesImpl (MetricRegistriesImpl.java:lambda$create$1(61)) - First MetricRegistry has been created without registering reporters. You may need to call MetricRegistries.global().addReportRegistration(...) before.
2019-11-13 22:06:09,926 [pool-202-thread-1] INFO  server.RaftServerConfigKeys (ConfUtils.java:logGet(43)) - raft.server.log.force.sync.num = 128 (default)
2019-11-13 22:06:09,927 [pool-192-thread-1] INFO  server.RaftServerConfigKeys (ConfUtils.java:logGet(43)) - raft.server.log.statemachine.data.sync.timeout = 10s (default)
2019-11-13 22:06:09,927 [pool-182-thread-1] INFO  impl.RaftServerImpl (RaftServerImpl.java:start(184)) - 7b888e0e-6a0f-4b0e-88cc-e0733c42ba91@group-B9D2931423C9: start as a follower, conf=-1: [7b888e0e-6a0f-4b0e-88cc-e0733c42ba91:192.168.164.237:44948, f7705811-6e65-4a57-b1c4-0cb13cee4425:192.168.164.237:42605, b437d6a1-54f9-495c-b2fd-bb696abd9804:192.168.164.237:38716], old=null
2019-11-13 22:06:09,927 [pool-202-thread-1] INFO  server.RaftServerConfigKeys (ConfUtils.java:logGet(43)) - raft.server.log.statemachine.data.sync = true (default)
2019-11-13 22:06:09,927 [pool-182-thread-1] INFO  impl.RaftServerImpl (RaftServerImpl.java:setRole(173)) - 7b888e0e-6a0f-4b0e-88cc-e0733c42ba91@group-B9D2931423C9: changes role from      null to FOLLOWER at term 0 for startAsFollower
2019-11-13 22:06:09,927 [pool-192-thread-1] INFO  server.RaftServerConfigKeys (ConfUtils.java:logGet(43)) - raft.server.log.statemachine.data.sync.timeout.retry = -1 (default)
2019-11-13 22:06:09,927 [pool-182-thread-1] INFO  impl.RoleInfo (RoleInfo.java:updateAndGet(143)) - 7b888e0e-6a0f-4b0e-88cc-e0733c42ba91: start FollowerState
2019-11-13 22:06:09,927 [pool-202-thread-1] INFO  server.RaftServerConfigKeys (ConfUtils.java:logGet(43)) - raft.server.log.statemachine.data.sync.timeout = 10s (default)
2019-11-13 22:06:09,927 [pool-192-thread-1] INFO  server.RaftServerConfigKeys (ConfUtils.java:logGet(43)) - raft.server.log.statemachine.data.caching.enabled = true (custom)
2019-11-13 22:06:09,927 [pool-202-thread-1] INFO  server.RaftServerConfigKeys (ConfUtils.java:logGet(43)) - raft.server.log.statemachine.data.sync.timeout.retry = -1 (default)
2019-11-13 22:06:09,928 [pool-202-thread-1] INFO  server.RaftServerConfigKeys (ConfUtils.java:logGet(43)) - raft.server.log.statemachine.data.caching.enabled = true (custom)
2019-11-13 22:06:09,928 [pool-182-thread-1] INFO  util.JmxRegister (JmxRegister.java:tryRegister(44)) - Successfully registered JMX Bean with object name Ratis:service=RaftServer,group=group-B9D2931423C9,id=7b888e0e-6a0f-4b0e-88cc-e0733c42ba91
2019-11-13 22:06:09,928 [pool-192-thread-1] INFO  segmented.SegmentedRaftLogWorker (SegmentedRaftLogWorker.java:lambda$new$0(128)) - f7705811-6e65-4a57-b1c4-0cb13cee4425@group-B9D2931423C9-SegmentedRaftLogWorker: flushIndex: setUnconditionally 0 -> -1
2019-11-13 22:06:09,928 [pool-182-thread-1] WARN  impl.MetricRegistriesImpl (MetricRegistriesImpl.java:lambda$create$1(61)) - First MetricRegistry has been created without registering reporters. You may need to call MetricRegistries.global().addReportRegistration(...) before.
2019-11-13 22:06:09,928 [pool-202-thread-1] INFO  segmented.SegmentedRaftLogWorker (SegmentedRaftLogWorker.java:lambda$new$0(128)) - b437d6a1-54f9-495c-b2fd-bb696abd9804@group-B9D2931423C9-SegmentedRaftLogWorker: flushIndex: setUnconditionally 0 -> -1
2019-11-13 22:06:09,928 [pool-192-thread-1] INFO  server.RaftServerConfigKeys (ConfUtils.java:logGet(43)) - raft.server.snapshot.auto.trigger.enabled = true (custom)
2019-11-13 22:06:09,928 [pool-192-thread-1] INFO  server.RaftServerConfigKeys (ConfUtils.java:logGet(43)) - raft.server.snapshot.auto.trigger.threshold = 10000 (custom)
2019-11-13 22:06:09,928 [pool-202-thread-1] INFO  server.RaftServerConfigKeys (ConfUtils.java:logGet(43)) - raft.server.snapshot.auto.trigger.enabled = true (custom)
2019-11-13 22:06:09,928 [pool-192-thread-1] INFO  server.RaftServerConfigKeys (ConfUtils.java:logGet(43)) - raft.server.snapshot.retention.file.num = 5 (custom)
2019-11-13 22:06:09,929 [pool-202-thread-1] INFO  server.RaftServerConfigKeys (ConfUtils.java:logGet(43)) - raft.server.snapshot.auto.trigger.threshold = 10000 (custom)
2019-11-13 22:06:09,929 [pool-192-thread-1] INFO  server.RaftServerConfigKeys (ConfUtils.java:logGet(43)) - raft.server.retrycache.expirytime = 600000ms (custom)
2019-11-13 22:06:09,929 [pool-202-thread-1] INFO  server.RaftServerConfigKeys (ConfUtils.java:logGet(43)) - raft.server.snapshot.retention.file.num = 5 (custom)
2019-11-13 22:06:09,929 [pool-192-thread-1] WARN  impl.MetricRegistriesImpl (MetricRegistriesImpl.java:lambda$create$1(61)) - First MetricRegistry has been created without registering reporters. You may need to call MetricRegistries.global().addReportRegistration(...) before.
2019-11-13 22:06:09,929 [pool-202-thread-1] INFO  server.RaftServerConfigKeys (ConfUtils.java:logGet(43)) - raft.server.retrycache.expirytime = 600000ms (custom)
2019-11-13 22:06:09,929 [pool-192-thread-1] WARN  impl.MetricRegistriesImpl (MetricRegistriesImpl.java:lambda$create$1(61)) - First MetricRegistry has been created without registering reporters. You may need to call MetricRegistries.global().addReportRegistration(...) before.
2019-11-13 22:06:09,929 [pool-202-thread-1] WARN  impl.MetricRegistriesImpl (MetricRegistriesImpl.java:lambda$create$1(61)) - First MetricRegistry has been created without registering reporters. You may need to call MetricRegistries.global().addReportRegistration(...) before.
2019-11-13 22:06:09,929 [pool-192-thread-1] INFO  impl.RaftServerImpl (RaftServerImpl.java:start(184)) - f7705811-6e65-4a57-b1c4-0cb13cee4425@group-B9D2931423C9: start as a follower, conf=-1: [7b888e0e-6a0f-4b0e-88cc-e0733c42ba91:192.168.164.237:44948, f7705811-6e65-4a57-b1c4-0cb13cee4425:192.168.164.237:42605, b437d6a1-54f9-495c-b2fd-bb696abd9804:192.168.164.237:38716], old=null
2019-11-13 22:06:09,929 [pool-202-thread-1] WARN  impl.MetricRegistriesImpl (MetricRegistriesImpl.java:lambda$create$1(61)) - First MetricRegistry has been created without registering reporters. You may need to call MetricRegistries.global().addReportRegistration(...) before.
2019-11-13 22:06:09,929 [pool-192-thread-1] INFO  impl.RaftServerImpl (RaftServerImpl.java:setRole(173)) - f7705811-6e65-4a57-b1c4-0cb13cee4425@group-B9D2931423C9: changes role from      null to FOLLOWER at term 0 for startAsFollower
2019-11-13 22:06:09,929 [pool-202-thread-1] INFO  impl.RaftServerImpl (RaftServerImpl.java:start(184)) - b437d6a1-54f9-495c-b2fd-bb696abd9804@group-B9D2931423C9: start as a follower, conf=-1: [7b888e0e-6a0f-4b0e-88cc-e0733c42ba91:192.168.164.237:44948, f7705811-6e65-4a57-b1c4-0cb13cee4425:192.168.164.237:42605, b437d6a1-54f9-495c-b2fd-bb696abd9804:192.168.164.237:38716], old=null
2019-11-13 22:06:09,929 [pool-192-thread-1] INFO  impl.RoleInfo (RoleInfo.java:updateAndGet(143)) - f7705811-6e65-4a57-b1c4-0cb13cee4425: start FollowerState
2019-11-13 22:06:09,930 [pool-202-thread-1] INFO  impl.RaftServerImpl (RaftServerImpl.java:setRole(173)) - b437d6a1-54f9-495c-b2fd-bb696abd9804@group-B9D2931423C9: changes role from      null to FOLLOWER at term 0 for startAsFollower
2019-11-13 22:06:09,930 [pool-202-thread-1] INFO  impl.RoleInfo (RoleInfo.java:updateAndGet(143)) - b437d6a1-54f9-495c-b2fd-bb696abd9804: start FollowerState
2019-11-13 22:06:09,930 [pool-192-thread-1] INFO  util.JmxRegister (JmxRegister.java:tryRegister(44)) - Successfully registered JMX Bean with object name Ratis:service=RaftServer,group=group-B9D2931423C9,id=f7705811-6e65-4a57-b1c4-0cb13cee4425
2019-11-13 22:06:09,930 [pool-192-thread-1] WARN  impl.MetricRegistriesImpl (MetricRegistriesImpl.java:lambda$create$1(61)) - First MetricRegistry has been created without registering reporters. You may need to call MetricRegistries.global().addReportRegistration(...) before.
2019-11-13 22:06:09,930 [pool-202-thread-1] INFO  util.JmxRegister (JmxRegister.java:tryRegister(44)) - Successfully registered JMX Bean with object name Ratis:service=RaftServer,group=group-B9D2931423C9,id=b437d6a1-54f9-495c-b2fd-bb696abd9804
2019-11-13 22:06:09,930 [pool-202-thread-1] WARN  impl.MetricRegistriesImpl (MetricRegistriesImpl.java:lambda$create$1(61)) - First MetricRegistry has been created without registering reporters. You may need to call MetricRegistries.global().addReportRegistration(...) before.
2019-11-13 22:06:09,932 [RatisPipelineUtilsThread] INFO  pipeline.PipelineStateManager (PipelineStateManager.java:addPipeline(55)) - Created pipeline Pipeline[ Id: 5b3aa9ce-36f2-47ed-a742-b9d2931423c9, Nodes: 7b888e0e-6a0f-4b0e-88cc-e0733c42ba91{ip: 192.168.164.237, host: pr-hdds-2471-vxr4w-2980416436, networkLocation: /default-rack, certSerialId: null}f7705811-6e65-4a57-b1c4-0cb13cee4425{ip: 192.168.164.237, host: pr-hdds-2471-vxr4w-2980416436, networkLocation: /default-rack, certSerialId: null}b437d6a1-54f9-495c-b2fd-bb696abd9804{ip: 192.168.164.237, host: pr-hdds-2471-vxr4w-2980416436, networkLocation: /default-rack, certSerialId: null}, Type:RATIS, Factor:THREE, State:ALLOCATED]
2019-11-13 22:06:09,935 [Thread-1249] INFO  pipeline.PipelineStateManager (PipelineStateManager.java:finalizePipeline(121)) - Pipeline Pipeline[ Id: 1acacbda-ba8e-43d9-b531-36fb0721bed8, Nodes: f7705811-6e65-4a57-b1c4-0cb13cee4425{ip: 192.168.164.237, host: pr-hdds-2471-vxr4w-2980416436, networkLocation: /default-rack, certSerialId: null}, Type:RATIS, Factor:ONE, State:CLOSED] moved to CLOSED state
2019-11-13 22:06:09,939 [grpc-default-executor-2] INFO  impl.RaftServerProxy (RaftServerProxy.java:remove(95)) - f7705811-6e65-4a57-b1c4-0cb13cee4425: remove    LEADER f7705811-6e65-4a57-b1c4-0cb13cee4425@group-36FB0721BED8:t1, leader=f7705811-6e65-4a57-b1c4-0cb13cee4425, voted=f7705811-6e65-4a57-b1c4-0cb13cee4425, raftlog=f7705811-6e65-4a57-b1c4-0cb13cee4425@group-36FB0721BED8-SegmentedRaftLog:OPENED:c0,f0,i0, conf=0: [f7705811-6e65-4a57-b1c4-0cb13cee4425:192.168.164.237:42605], old=null RUNNING
2019-11-13 22:06:09,939 [grpc-default-executor-2] INFO  impl.RaftServerImpl (RaftServerImpl.java:lambda$shutdown$3(250)) - f7705811-6e65-4a57-b1c4-0cb13cee4425@group-36FB0721BED8: shutdown
2019-11-13 22:06:09,939 [grpc-default-executor-2] INFO  util.JmxRegister (JmxRegister.java:unregister(73)) - Successfully un-registered JMX Bean with object name Ratis:service=RaftServer,group=group-36FB0721BED8,id=f7705811-6e65-4a57-b1c4-0cb13cee4425
2019-11-13 22:06:09,939 [grpc-default-executor-2] INFO  impl.RoleInfo (RoleInfo.java:shutdownLeaderState(104)) - f7705811-6e65-4a57-b1c4-0cb13cee4425: shutdown LeaderState
2019-11-13 22:06:09,939 [grpc-default-executor-2] INFO  impl.PendingRequests (PendingRequests.java:sendNotLeaderResponses(206)) - f7705811-6e65-4a57-b1c4-0cb13cee4425@group-36FB0721BED8-PendingRequests: sendNotLeaderResponses
2019-11-13 22:06:09,939 [grpc-default-executor-2] INFO  impl.StateMachineUpdater (StateMachineUpdater.java:stopAndJoin(136)) - f7705811-6e65-4a57-b1c4-0cb13cee4425@group-36FB0721BED8-StateMachineUpdater: set stopIndex = 0
2019-11-13 22:06:09,939 [grpc-default-executor-2] INFO  impl.RaftServerImpl (ServerState.java:close(387)) - f7705811-6e65-4a57-b1c4-0cb13cee4425@group-36FB0721BED8: closes. applyIndex: 0
2019-11-13 22:06:09,940 [f7705811-6e65-4a57-b1c4-0cb13cee4425@group-36FB0721BED8-SegmentedRaftLogWorker] INFO  segmented.SegmentedRaftLogWorker (SegmentedRaftLogWorker.java:run(316)) - f7705811-6e65-4a57-b1c4-0cb13cee4425@group-36FB0721BED8-SegmentedRaftLogWorker was interrupted, exiting. There are 0 tasks remaining in the queue.
2019-11-13 22:06:09,941 [grpc-default-executor-2] INFO  segmented.SegmentedRaftLogWorker (SegmentedRaftLogWorker.java:close(224)) - f7705811-6e65-4a57-b1c4-0cb13cee4425@group-36FB0721BED8-SegmentedRaftLogWorker close()
2019-11-13 22:06:09,945 [Thread-1249] INFO  pipeline.PipelineStateManager (PipelineStateManager.java:removePipeline(106)) - Pipeline Pipeline[ Id: 1acacbda-ba8e-43d9-b531-36fb0721bed8, Nodes: f7705811-6e65-4a57-b1c4-0cb13cee4425{ip: 192.168.164.237, host: pr-hdds-2471-vxr4w-2980416436, networkLocation: /default-rack, certSerialId: null}, Type:RATIS, Factor:ONE, State:CLOSED] removed from db
2019-11-13 22:06:09,945 [Thread-1249] INFO  pipeline.SCMPipelineManager (SCMPipelineManager.java:finalizeAndDestroyPipeline(315)) - destroying pipeline:Pipeline[ Id: 483487ce-8668-4a87-bc9a-694e44e1a437, Nodes: 5be39b6a-195c-499c-aaae-deebd243d90c{ip: 192.168.164.237, host: pr-hdds-2471-vxr4w-2980416436, networkLocation: /default-rack, certSerialId: null}52753b73-fd3b-4321-bab5-4a2e8177045b{ip: 192.168.164.237, host: pr-hdds-2471-vxr4w-2980416436, networkLocation: /default-rack, certSerialId: null}d9ec6d9b-9212-4a70-b93c-d3980a23303d{ip: 192.168.164.237, host: pr-hdds-2471-vxr4w-2980416436, networkLocation: /default-rack, certSerialId: null}, Type:RATIS, Factor:THREE, State:OPEN]
2019-11-13 22:06:09,957 [grpc-default-executor-2] INFO  impl.RaftServerProxy (RaftServerProxy.java:addNew(89)) - f7705811-6e65-4a57-b1c4-0cb13cee4425: addNew group-67ACA6D0AA0F:[f7705811-6e65-4a57-b1c4-0cb13cee4425:192.168.164.237:42605] returns group-67ACA6D0AA0F:java.util.concurrent.CompletableFuture@17167f24[Not completed]
2019-11-13 22:06:09,958 [pool-192-thread-1] INFO  impl.RaftServerImpl (RaftServerImpl.java:<init>(98)) - f7705811-6e65-4a57-b1c4-0cb13cee4425: new RaftServerImpl for group-67ACA6D0AA0F:[f7705811-6e65-4a57-b1c4-0cb13cee4425:192.168.164.237:42605] with ContainerStateMachine:uninitialized
2019-11-13 22:06:09,958 [pool-192-thread-1] INFO  server.RaftServerConfigKeys (ConfUtils.java:logGet(43)) - raft.server.rpc.timeout.min = 1s (custom)
2019-11-13 22:06:09,958 [pool-192-thread-1] INFO  server.RaftServerConfigKeys (ConfUtils.java:logGet(43)) - raft.server.rpc.timeout.max = 1200ms (custom)
2019-11-13 22:06:09,958 [pool-192-thread-1] INFO  server.RaftServerConfigKeys (ConfUtils.java:logGet(43)) - raft.server.rpcslowness.timeout = 120s (custom)
2019-11-13 22:06:09,958 [pool-192-thread-1] INFO  server.RaftServerConfigKeys (ConfUtils.java:logGet(43)) - raft.server.sleep.deviation.threshold = 300 (default)
2019-11-13 22:06:09,958 [pool-192-thread-1] INFO  server.RaftServerConfigKeys (ConfUtils.java:logGet(43)) - raft.server.log.appender.install.snapshot.enabled = false (custom)
2019-11-13 22:06:09,958 [pool-192-thread-1] INFO  impl.RaftServerImpl (ServerState.java:<init>(103)) - f7705811-6e65-4a57-b1c4-0cb13cee4425@group-67ACA6D0AA0F: ConfigurationManager, init=-1: [f7705811-6e65-4a57-b1c4-0cb13cee4425:192.168.164.237:42605], old=null, confs=<EMPTY_MAP>
2019-11-13 22:06:09,959 [pool-192-thread-1] INFO  server.RaftServerConfigKeys (ConfUtils.java:logGet(43)) - raft.server.storage.dir = [/workdir/hadoop-ozone/integration-test/target/test-dir/MiniOzoneClusterImpl-7f102aba-c488-44cf-bcdb-425554d335ef/datanode-4/data/ratis] (custom)
2019-11-13 22:06:09,959 [pool-192-thread-1] INFO  server.RaftServerConfigKeys (ConfUtils.java:logGet(43)) - raft.server.log.corruption.policy = EXCEPTION (default)
2019-11-13 22:06:09,959 [pool-192-thread-1] INFO  storage.RaftStorageDirectory (RaftStorageDirectory.java:analyzeStorage(246)) - The storage directory /workdir/hadoop-ozone/integration-test/target/test-dir/MiniOzoneClusterImpl-7f102aba-c488-44cf-bcdb-425554d335ef/datanode-4/data/ratis/bf096b10-194b-4b5d-ab22-67aca6d0aa0f does not exist. Creating ...
2019-11-13 22:06:09,971 [pool-192-thread-1] INFO  storage.RaftStorageDirectory (RaftStorageDirectory.java:tryLock(328)) - Lock on /workdir/hadoop-ozone/integration-test/target/test-dir/MiniOzoneClusterImpl-7f102aba-c488-44cf-bcdb-425554d335ef/datanode-4/data/ratis/bf096b10-194b-4b5d-ab22-67aca6d0aa0f/in_use.lock acquired by nodename 22306@pr-hdds-2471-vxr4w-2980416436
2019-11-13 22:06:09,984 [pool-192-thread-1] INFO  storage.RaftStorage (RaftStorage.java:format(84)) - Storage directory /workdir/hadoop-ozone/integration-test/target/test-dir/MiniOzoneClusterImpl-7f102aba-c488-44cf-bcdb-425554d335ef/datanode-4/data/ratis/bf096b10-194b-4b5d-ab22-67aca6d0aa0f has been successfully formatted.
2019-11-13 22:06:09,984 [pool-192-thread-1] INFO  ratis.ContainerStateMachine (ContainerStateMachine.java:loadSnapshot(223)) - group-67ACA6D0AA0F: The snapshot info is null. Setting the last applied indexto:(t:0, i:~)
2019-11-13 22:06:09,984 [pool-192-thread-1] INFO  server.RaftServerConfigKeys (ConfUtils.java:logGet(43)) - raft.server.notification.no-leader.timeout = 120s (custom)
2019-11-13 22:06:09,984 [pool-192-thread-1] INFO  server.RaftServerConfigKeys (ConfUtils.java:logGet(43)) - raft.server.log.use.memory = false (default)
2019-11-13 22:06:09,984 [pool-192-thread-1] INFO  server.RaftServerConfigKeys (ConfUtils.java:logGet(43)) - raft.server.log.purge.gap = 1000000 (custom)
2019-11-13 22:06:09,984 [pool-192-thread-1] INFO  server.RaftServerConfigKeys (ConfUtils.java:logGet(43)) - raft.server.log.appender.buffer.byte-limit = 33554432 (custom)
2019-11-13 22:06:09,984 [pool-192-thread-1] INFO  server.RaftServerConfigKeys (ConfUtils.java:logGet(43)) - raft.server.log.segment.size.max = 1048576 (custom)
2019-11-13 22:06:09,985 [pool-192-thread-1] INFO  server.RaftServerConfigKeys (ConfUtils.java:logGet(43)) - raft.server.log.segment.cache.num.max = 2 (custom)
2019-11-13 22:06:09,985 [pool-192-thread-1] INFO  segmented.SegmentedRaftLogWorker (SegmentedRaftLogWorker.java:<init>(173)) - new f7705811-6e65-4a57-b1c4-0cb13cee4425@group-67ACA6D0AA0F-SegmentedRaftLogWorker for RaftStorage:Storage Directory /workdir/hadoop-ozone/integration-test/target/test-dir/MiniOzoneClusterImpl-7f102aba-c488-44cf-bcdb-425554d335ef/datanode-4/data/ratis/bf096b10-194b-4b5d-ab22-67aca6d0aa0f
2019-11-13 22:06:09,985 [pool-192-thread-1] INFO  server.RaftServerConfigKeys (ConfUtils.java:logGet(43)) - raft.server.log.queue.byte-limit = 2147483647 (custom)
2019-11-13 22:06:09,985 [pool-192-thread-1] INFO  server.RaftServerConfigKeys (ConfUtils.java:logGet(43)) - raft.server.log.queue.element-limit = 1024 (custom)
2019-11-13 22:06:09,985 [pool-192-thread-1] INFO  server.RaftServerConfigKeys (ConfUtils.java:logGet(43)) - raft.server.log.segment.size.max = 1048576 (custom)
2019-11-13 22:06:09,985 [pool-192-thread-1] INFO  server.RaftServerConfigKeys (ConfUtils.java:logGet(43)) - raft.server.log.preallocated.size = 16384 (custom)
2019-11-13 22:06:09,985 [pool-192-thread-1] INFO  server.RaftServerConfigKeys (ConfUtils.java:logGet(43)) - raft.server.log.write.buffer.size = 33554432 (custom)
2019-11-13 22:06:09,985 [pool-192-thread-1] INFO  server.RaftServerConfigKeys (ConfUtils.java:logGet(43)) - raft.server.log.force.sync.num = 128 (default)
2019-11-13 22:06:09,985 [pool-192-thread-1] INFO  server.RaftServerConfigKeys (ConfUtils.java:logGet(43)) - raft.server.log.statemachine.data.sync = true (default)
2019-11-13 22:06:09,985 [pool-192-thread-1] INFO  server.RaftServerConfigKeys (ConfUtils.java:logGet(43)) - raft.server.log.statemachine.data.sync.timeout = 10s (default)
2019-11-13 22:06:09,985 [pool-192-thread-1] INFO  server.RaftServerConfigKeys (ConfUtils.java:logGet(43)) - raft.server.log.statemachine.data.sync.timeout.retry = -1 (default)
2019-11-13 22:06:09,985 [pool-192-thread-1] INFO  server.RaftServerConfigKeys (ConfUtils.java:logGet(43)) - raft.server.log.statemachine.data.caching.enabled = true (custom)
2019-11-13 22:06:09,985 [pool-192-thread-1] INFO  segmented.SegmentedRaftLogWorker (SegmentedRaftLogWorker.java:lambda$new$0(128)) - f7705811-6e65-4a57-b1c4-0cb13cee4425@group-67ACA6D0AA0F-SegmentedRaftLogWorker: flushIndex: setUnconditionally 0 -> -1
2019-11-13 22:06:09,986 [pool-192-thread-1] INFO  server.RaftServerConfigKeys (ConfUtils.java:logGet(43)) - raft.server.snapshot.auto.trigger.enabled = true (custom)
2019-11-13 22:06:09,986 [pool-192-thread-1] INFO  server.RaftServerConfigKeys (ConfUtils.java:logGet(43)) - raft.server.snapshot.auto.trigger.threshold = 10000 (custom)
2019-11-13 22:06:09,986 [pool-192-thread-1] INFO  server.RaftServerConfigKeys (ConfUtils.java:logGet(43)) - raft.server.snapshot.retention.file.num = 5 (custom)
2019-11-13 22:06:09,986 [pool-192-thread-1] INFO  server.RaftServerConfigKeys (ConfUtils.java:logGet(43)) - raft.server.retrycache.expirytime = 600000ms (custom)
2019-11-13 22:06:09,986 [pool-192-thread-1] WARN  impl.MetricRegistriesImpl (MetricRegistriesImpl.java:lambda$create$1(61)) - First MetricRegistry has been created without registering reporters. You may need to call MetricRegistries.global().addReportRegistration(...) before.
2019-11-13 22:06:09,986 [pool-192-thread-1] WARN  impl.MetricRegistriesImpl (MetricRegistriesImpl.java:lambda$create$1(61)) - First MetricRegistry has been created without registering reporters. You may need to call MetricRegistries.global().addReportRegistration(...) before.
2019-11-13 22:06:09,986 [pool-192-thread-1] INFO  impl.RaftServerImpl (RaftServerImpl.java:start(184)) - f7705811-6e65-4a57-b1c4-0cb13cee4425@group-67ACA6D0AA0F: start as a follower, conf=-1: [f7705811-6e65-4a57-b1c4-0cb13cee4425:192.168.164.237:42605], old=null
2019-11-13 22:06:09,986 [pool-192-thread-1] INFO  impl.RaftServerImpl (RaftServerImpl.java:setRole(173)) - f7705811-6e65-4a57-b1c4-0cb13cee4425@group-67ACA6D0AA0F: changes role from      null to FOLLOWER at term 0 for startAsFollower
2019-11-13 22:06:09,986 [pool-192-thread-1] INFO  impl.RoleInfo (RoleInfo.java:updateAndGet(143)) - f7705811-6e65-4a57-b1c4-0cb13cee4425: start FollowerState
2019-11-13 22:06:09,987 [pool-192-thread-1] INFO  util.JmxRegister (JmxRegister.java:tryRegister(44)) - Successfully registered JMX Bean with object name Ratis:service=RaftServer,group=group-67ACA6D0AA0F,id=f7705811-6e65-4a57-b1c4-0cb13cee4425
2019-11-13 22:06:09,987 [pool-192-thread-1] WARN  impl.MetricRegistriesImpl (MetricRegistriesImpl.java:lambda$create$1(61)) - First MetricRegistry has been created without registering reporters. You may need to call MetricRegistries.global().addReportRegistration(...) before.
2019-11-13 22:06:09,989 [RatisPipelineUtilsThread] INFO  pipeline.PipelineStateManager (PipelineStateManager.java:addPipeline(55)) - Created pipeline Pipeline[ Id: bf096b10-194b-4b5d-ab22-67aca6d0aa0f, Nodes: f7705811-6e65-4a57-b1c4-0cb13cee4425{ip: 192.168.164.237, host: pr-hdds-2471-vxr4w-2980416436, networkLocation: /default-rack, certSerialId: null}, Type:RATIS, Factor:ONE, State:ALLOCATED]
2019-11-13 22:06:09,991 [Thread-1249] INFO  pipeline.PipelineStateManager (PipelineStateManager.java:finalizePipeline(121)) - Pipeline Pipeline[ Id: 483487ce-8668-4a87-bc9a-694e44e1a437, Nodes: 5be39b6a-195c-499c-aaae-deebd243d90c{ip: 192.168.164.237, host: pr-hdds-2471-vxr4w-2980416436, networkLocation: /default-rack, certSerialId: null}52753b73-fd3b-4321-bab5-4a2e8177045b{ip: 192.168.164.237, host: pr-hdds-2471-vxr4w-2980416436, networkLocation: /default-rack, certSerialId: null}d9ec6d9b-9212-4a70-b93c-d3980a23303d{ip: 192.168.164.237, host: pr-hdds-2471-vxr4w-2980416436, networkLocation: /default-rack, certSerialId: null}, Type:RATIS, Factor:THREE, State:CLOSED] moved to CLOSED state
2019-11-13 22:06:09,995 [grpc-default-executor-2] INFO  impl.RaftServerProxy (RaftServerProxy.java:remove(95)) - 5be39b6a-195c-499c-aaae-deebd243d90c: remove  FOLLOWER 5be39b6a-195c-499c-aaae-deebd243d90c@group-694E44E1A437:t1, leader=d9ec6d9b-9212-4a70-b93c-d3980a23303d, voted=d9ec6d9b-9212-4a70-b93c-d3980a23303d, raftlog=5be39b6a-195c-499c-aaae-deebd243d90c@group-694E44E1A437-SegmentedRaftLog:OPENED:c0,f0,i0, conf=0: [5be39b6a-195c-499c-aaae-deebd243d90c:192.168.164.237:39727, d9ec6d9b-9212-4a70-b93c-d3980a23303d:192.168.164.237:34242, 52753b73-fd3b-4321-bab5-4a2e8177045b:192.168.164.237:32948], old=null RUNNING
2019-11-13 22:06:09,995 [grpc-default-executor-2] INFO  impl.RaftServerImpl (RaftServerImpl.java:lambda$shutdown$3(250)) - 5be39b6a-195c-499c-aaae-deebd243d90c@group-694E44E1A437: shutdown
2019-11-13 22:06:09,996 [grpc-default-executor-2] INFO  util.JmxRegister (JmxRegister.java:unregister(73)) - Successfully un-registered JMX Bean with object name Ratis:service=RaftServer,group=group-694E44E1A437,id=5be39b6a-195c-499c-aaae-deebd243d90c
2019-11-13 22:06:09,996 [grpc-default-executor-2] INFO  impl.RoleInfo (RoleInfo.java:shutdownFollowerState(121)) - 5be39b6a-195c-499c-aaae-deebd243d90c: shutdown FollowerState
2019-11-13 22:06:09,996 [grpc-default-executor-2] INFO  impl.StateMachineUpdater (StateMachineUpdater.java:stopAndJoin(136)) - 5be39b6a-195c-499c-aaae-deebd243d90c@group-694E44E1A437-StateMachineUpdater: set stopIndex = 0
2019-11-13 22:06:09,996 [Thread-1296] INFO  impl.FollowerState (FollowerState.java:run(120)) - 5be39b6a-195c-499c-aaae-deebd243d90c@group-694E44E1A437-FollowerState was interrupted: java.lang.InterruptedException: sleep interrupted
2019-11-13 22:06:09,996 [grpc-default-executor-2] INFO  impl.RaftServerImpl (ServerState.java:close(387)) - 5be39b6a-195c-499c-aaae-deebd243d90c@group-694E44E1A437: closes. applyIndex: 0
2019-11-13 22:06:09,996 [5be39b6a-195c-499c-aaae-deebd243d90c@group-694E44E1A437-SegmentedRaftLogWorker] INFO  segmented.SegmentedRaftLogWorker (SegmentedRaftLogWorker.java:run(316)) - 5be39b6a-195c-499c-aaae-deebd243d90c@group-694E44E1A437-SegmentedRaftLogWorker was interrupted, exiting. There are 0 tasks remaining in the queue.
2019-11-13 22:06:09,998 [grpc-default-executor-2] INFO  segmented.SegmentedRaftLogWorker (SegmentedRaftLogWorker.java:close(224)) - 5be39b6a-195c-499c-aaae-deebd243d90c@group-694E44E1A437-SegmentedRaftLogWorker close()
2019-11-13 22:06:10,004 [grpc-default-executor-2] INFO  impl.RaftServerProxy (RaftServerProxy.java:remove(95)) - 52753b73-fd3b-4321-bab5-4a2e8177045b: remove  FOLLOWER 52753b73-fd3b-4321-bab5-4a2e8177045b@group-694E44E1A437:t1, leader=d9ec6d9b-9212-4a70-b93c-d3980a23303d, voted=52753b73-fd3b-4321-bab5-4a2e8177045b, raftlog=52753b73-fd3b-4321-bab5-4a2e8177045b@group-694E44E1A437-SegmentedRaftLog:OPENED:c0,f0,i0, conf=0: [5be39b6a-195c-499c-aaae-deebd243d90c:192.168.164.237:39727, d9ec6d9b-9212-4a70-b93c-d3980a23303d:192.168.164.237:34242, 52753b73-fd3b-4321-bab5-4a2e8177045b:192.168.164.237:32948], old=null RUNNING
2019-11-13 22:06:10,005 [grpc-default-executor-2] INFO  impl.RaftServerImpl (RaftServerImpl.java:lambda$shutdown$3(250)) - 52753b73-fd3b-4321-bab5-4a2e8177045b@group-694E44E1A437: shutdown
2019-11-13 22:06:10,005 [grpc-default-executor-2] INFO  util.JmxRegister (JmxRegister.java:unregister(73)) - Successfully un-registered JMX Bean with object name Ratis:service=RaftServer,group=group-694E44E1A437,id=52753b73-fd3b-4321-bab5-4a2e8177045b
2019-11-13 22:06:10,005 [grpc-default-executor-2] INFO  impl.RoleInfo (RoleInfo.java:shutdownFollowerState(121)) - 52753b73-fd3b-4321-bab5-4a2e8177045b: shutdown FollowerState
2019-11-13 22:06:10,005 [grpc-default-executor-2] INFO  impl.StateMachineUpdater (StateMachineUpdater.java:stopAndJoin(136)) - 52753b73-fd3b-4321-bab5-4a2e8177045b@group-694E44E1A437-StateMachineUpdater: set stopIndex = 0
2019-11-13 22:06:10,005 [Thread-1299] INFO  impl.FollowerState (FollowerState.java:run(120)) - 52753b73-fd3b-4321-bab5-4a2e8177045b@group-694E44E1A437-FollowerState was interrupted: java.lang.InterruptedException: sleep interrupted
2019-11-13 22:06:10,006 [grpc-default-executor-2] INFO  impl.RaftServerImpl (ServerState.java:close(387)) - 52753b73-fd3b-4321-bab5-4a2e8177045b@group-694E44E1A437: closes. applyIndex: 0
2019-11-13 22:06:10,006 [52753b73-fd3b-4321-bab5-4a2e8177045b@group-694E44E1A437-SegmentedRaftLogWorker] INFO  segmented.SegmentedRaftLogWorker (SegmentedRaftLogWorker.java:run(316)) - 52753b73-fd3b-4321-bab5-4a2e8177045b@group-694E44E1A437-SegmentedRaftLogWorker was interrupted, exiting. There are 0 tasks remaining in the queue.
2019-11-13 22:06:10,008 [grpc-default-executor-2] INFO  segmented.SegmentedRaftLogWorker (SegmentedRaftLogWorker.java:close(224)) - 52753b73-fd3b-4321-bab5-4a2e8177045b@group-694E44E1A437-SegmentedRaftLogWorker close()
2019-11-13 22:06:10,015 [grpc-default-executor-2] INFO  impl.RaftServerProxy (RaftServerProxy.java:remove(95)) - d9ec6d9b-9212-4a70-b93c-d3980a23303d: remove    LEADER d9ec6d9b-9212-4a70-b93c-d3980a23303d@group-694E44E1A437:t1, leader=d9ec6d9b-9212-4a70-b93c-d3980a23303d, voted=d9ec6d9b-9212-4a70-b93c-d3980a23303d, raftlog=d9ec6d9b-9212-4a70-b93c-d3980a23303d@group-694E44E1A437-SegmentedRaftLog:OPENED:c0,f0,i0, conf=0: [5be39b6a-195c-499c-aaae-deebd243d90c:192.168.164.237:39727, d9ec6d9b-9212-4a70-b93c-d3980a23303d:192.168.164.237:34242, 52753b73-fd3b-4321-bab5-4a2e8177045b:192.168.164.237:32948], old=null RUNNING
2019-11-13 22:06:10,015 [grpc-default-executor-2] INFO  impl.RaftServerImpl (RaftServerImpl.java:lambda$shutdown$3(250)) - d9ec6d9b-9212-4a70-b93c-d3980a23303d@group-694E44E1A437: shutdown
2019-11-13 22:06:10,015 [grpc-default-executor-2] INFO  util.JmxRegister (JmxRegister.java:unregister(73)) - Successfully un-registered JMX Bean with object name Ratis:service=RaftServer,group=group-694E44E1A437,id=d9ec6d9b-9212-4a70-b93c-d3980a23303d
2019-11-13 22:06:10,015 [grpc-default-executor-2] INFO  impl.RoleInfo (RoleInfo.java:shutdownLeaderState(104)) - d9ec6d9b-9212-4a70-b93c-d3980a23303d: shutdown LeaderState
2019-11-13 22:06:10,018 [grpc-default-executor-2] INFO  impl.PendingRequests (PendingRequests.java:sendNotLeaderResponses(206)) - d9ec6d9b-9212-4a70-b93c-d3980a23303d@group-694E44E1A437-PendingRequests: sendNotLeaderResponses
2019-11-13 22:06:10,018 [org.apache.ratis.server.impl.LogAppender$AppenderDaemon$$Lambda$465/2114790451@7985bc5c] WARN  server.GrpcLogAppender (GrpcLogAppender.java:mayWait(151)) - d9ec6d9b-9212-4a70-b93c-d3980a23303d@group-694E44E1A437->52753b73-fd3b-4321-bab5-4a2e8177045b-GrpcLogAppender: Wait interrupted by java.lang.InterruptedException
2019-11-13 22:06:10,018 [org.apache.ratis.server.impl.LogAppender$AppenderDaemon$$Lambda$465/2114790451@3c8725a8] WARN  server.GrpcLogAppender (GrpcLogAppender.java:mayWait(151)) - d9ec6d9b-9212-4a70-b93c-d3980a23303d@group-694E44E1A437->5be39b6a-195c-499c-aaae-deebd243d90c-GrpcLogAppender: Wait interrupted by java.lang.InterruptedException
2019-11-13 22:06:10,018 [grpc-default-executor-2] INFO  impl.StateMachineUpdater (StateMachineUpdater.java:stopAndJoin(136)) - d9ec6d9b-9212-4a70-b93c-d3980a23303d@group-694E44E1A437-StateMachineUpdater: set stopIndex = 0
2019-11-13 22:06:10,018 [grpc-default-executor-2] INFO  impl.RaftServerImpl (ServerState.java:close(387)) - d9ec6d9b-9212-4a70-b93c-d3980a23303d@group-694E44E1A437: closes. applyIndex: 0
2019-11-13 22:06:10,018 [grpc-default-executor-4] INFO  server.GrpcServerProtocolService (GrpcServerProtocolService.java:onCompleted(113)) - 52753b73-fd3b-4321-bab5-4a2e8177045b: Completed APPEND_ENTRIES, lastRequest: d9ec6d9b-9212-4a70-b93c-d3980a23303d->52753b73-fd3b-4321-bab5-4a2e8177045b#5-t1, previous=(t:1, i:0), leaderCommit=0, initializing? false, entries: <empty>
2019-11-13 22:06:10,018 [d9ec6d9b-9212-4a70-b93c-d3980a23303d@group-694E44E1A437-SegmentedRaftLogWorker] INFO  segmented.SegmentedRaftLogWorker (SegmentedRaftLogWorker.java:run(316)) - d9ec6d9b-9212-4a70-b93c-d3980a23303d@group-694E44E1A437-SegmentedRaftLogWorker was interrupted, exiting. There are 0 tasks remaining in the queue.
2019-11-13 22:06:10,018 [grpc-default-executor-5] INFO  server.GrpcServerProtocolService (GrpcServerProtocolService.java:onCompleted(113)) - 5be39b6a-195c-499c-aaae-deebd243d90c: Completed APPEND_ENTRIES, lastRequest: d9ec6d9b-9212-4a70-b93c-d3980a23303d->5be39b6a-195c-499c-aaae-deebd243d90c#5-t1, previous=(t:1, i:0), leaderCommit=0, initializing? false, entries: <empty>
2019-11-13 22:06:10,019 [grpc-default-executor-2] INFO  segmented.SegmentedRaftLogWorker (SegmentedRaftLogWorker.java:close(224)) - d9ec6d9b-9212-4a70-b93c-d3980a23303d@group-694E44E1A437-SegmentedRaftLogWorker close()
2019-11-13 22:06:10,019 [grpc-default-executor-4] INFO  server.GrpcLogAppender (GrpcLogAppender.java:onCompleted(308)) - d9ec6d9b-9212-4a70-b93c-d3980a23303d@group-694E44E1A437->52753b73-fd3b-4321-bab5-4a2e8177045b-AppendLogResponseHandler: follower responses appendEntries COMPLETED
2019-11-13 22:06:10,022 [grpc-default-executor-5] INFO  server.GrpcLogAppender (GrpcLogAppender.java:onCompleted(308)) - d9ec6d9b-9212-4a70-b93c-d3980a23303d@group-694E44E1A437->5be39b6a-195c-499c-aaae-deebd243d90c-AppendLogResponseHandler: follower responses appendEntries COMPLETED
2019-11-13 22:06:10,022 [grpc-default-executor-4] INFO  impl.FollowerInfo (FollowerInfo.java:lambda$new$0(51)) - d9ec6d9b-9212-4a70-b93c-d3980a23303d@group-694E44E1A437->52753b73-fd3b-4321-bab5-4a2e8177045b: nextIndex: updateUnconditionally 1 -> 0
2019-11-13 22:06:10,022 [grpc-default-executor-5] INFO  impl.FollowerInfo (FollowerInfo.java:lambda$new$0(51)) - d9ec6d9b-9212-4a70-b93c-d3980a23303d@group-694E44E1A437->5be39b6a-195c-499c-aaae-deebd243d90c: nextIndex: updateUnconditionally 1 -> 0
2019-11-13 22:06:10,024 [Thread-1249] INFO  pipeline.PipelineStateManager (PipelineStateManager.java:removePipeline(106)) - Pipeline Pipeline[ Id: 483487ce-8668-4a87-bc9a-694e44e1a437, Nodes: 5be39b6a-195c-499c-aaae-deebd243d90c{ip: 192.168.164.237, host: pr-hdds-2471-vxr4w-2980416436, networkLocation: /default-rack, certSerialId: null}52753b73-fd3b-4321-bab5-4a2e8177045b{ip: 192.168.164.237, host: pr-hdds-2471-vxr4w-2980416436, networkLocation: /default-rack, certSerialId: null}d9ec6d9b-9212-4a70-b93c-d3980a23303d{ip: 192.168.164.237, host: pr-hdds-2471-vxr4w-2980416436, networkLocation: /default-rack, certSerialId: null}, Type:RATIS, Factor:THREE, State:CLOSED] removed from db
2019-11-13 22:06:10,024 [Thread-1249] INFO  pipeline.SCMPipelineManager (SCMPipelineManager.java:finalizeAndDestroyPipeline(315)) - destroying pipeline:Pipeline[ Id: 678deb8d-e5b5-4f55-8e2b-f6e396de123b, Nodes: 5be39b6a-195c-499c-aaae-deebd243d90c{ip: 192.168.164.237, host: pr-hdds-2471-vxr4w-2980416436, networkLocation: /default-rack, certSerialId: null}, Type:RATIS, Factor:ONE, State:OPEN]
2019-11-13 22:06:10,029 [grpc-default-executor-2] INFO  impl.RaftServerProxy (RaftServerProxy.java:addNew(89)) - 52753b73-fd3b-4321-bab5-4a2e8177045b: addNew group-B0C0C6E3C568:[5be39b6a-195c-499c-aaae-deebd243d90c:192.168.164.237:39727, d9ec6d9b-9212-4a70-b93c-d3980a23303d:192.168.164.237:34242, 52753b73-fd3b-4321-bab5-4a2e8177045b:192.168.164.237:32948] returns group-B0C0C6E3C568:java.util.concurrent.CompletableFuture@2c5af264[Not completed]
2019-11-13 22:06:10,029 [grpc-default-executor-4] INFO  impl.RaftServerProxy (RaftServerProxy.java:addNew(89)) - 5be39b6a-195c-499c-aaae-deebd243d90c: addNew group-B0C0C6E3C568:[5be39b6a-195c-499c-aaae-deebd243d90c:192.168.164.237:39727, d9ec6d9b-9212-4a70-b93c-d3980a23303d:192.168.164.237:34242, 52753b73-fd3b-4321-bab5-4a2e8177045b:192.168.164.237:32948] returns group-B0C0C6E3C568:java.util.concurrent.CompletableFuture@3e68d61a[Not completed]
2019-11-13 22:06:10,029 [grpc-default-executor-5] INFO  impl.RaftServerProxy (RaftServerProxy.java:addNew(89)) - d9ec6d9b-9212-4a70-b93c-d3980a23303d: addNew group-B0C0C6E3C568:[5be39b6a-195c-499c-aaae-deebd243d90c:192.168.164.237:39727, d9ec6d9b-9212-4a70-b93c-d3980a23303d:192.168.164.237:34242, 52753b73-fd3b-4321-bab5-4a2e8177045b:192.168.164.237:32948] returns group-B0C0C6E3C568:java.util.concurrent.CompletableFuture@10f1c507[Not completed]
2019-11-13 22:06:10,031 [pool-172-thread-1] INFO  impl.RaftServerImpl (RaftServerImpl.java:<init>(98)) - 52753b73-fd3b-4321-bab5-4a2e8177045b: new RaftServerImpl for group-B0C0C6E3C568:[5be39b6a-195c-499c-aaae-deebd243d90c:192.168.164.237:39727, d9ec6d9b-9212-4a70-b93c-d3980a23303d:192.168.164.237:34242, 52753b73-fd3b-4321-bab5-4a2e8177045b:192.168.164.237:32948] with ContainerStateMachine:uninitialized
2019-11-13 22:06:10,031 [pool-172-thread-1] INFO  server.RaftServerConfigKeys (ConfUtils.java:logGet(43)) - raft.server.rpc.timeout.min = 1s (custom)
2019-11-13 22:06:10,031 [pool-172-thread-1] INFO  server.RaftServerConfigKeys (ConfUtils.java:logGet(43)) - raft.server.rpc.timeout.max = 1200ms (custom)
2019-11-13 22:06:10,031 [pool-172-thread-1] INFO  server.RaftServerConfigKeys (ConfUtils.java:logGet(43)) - raft.server.rpcslowness.timeout = 120s (custom)
2019-11-13 22:06:10,031 [pool-172-thread-1] INFO  server.RaftServerConfigKeys (ConfUtils.java:logGet(43)) - raft.server.sleep.deviation.threshold = 300 (default)
2019-11-13 22:06:10,031 [pool-152-thread-1] INFO  impl.RaftServerImpl (RaftServerImpl.java:<init>(98)) - 5be39b6a-195c-499c-aaae-deebd243d90c: new RaftServerImpl for group-B0C0C6E3C568:[5be39b6a-195c-499c-aaae-deebd243d90c:192.168.164.237:39727, d9ec6d9b-9212-4a70-b93c-d3980a23303d:192.168.164.237:34242, 52753b73-fd3b-4321-bab5-4a2e8177045b:192.168.164.237:32948] with ContainerStateMachine:uninitialized
2019-11-13 22:06:10,031 [pool-172-thread-1] INFO  server.RaftServerConfigKeys (ConfUtils.java:logGet(43)) - raft.server.log.appender.install.snapshot.enabled = false (custom)
2019-11-13 22:06:10,031 [pool-152-thread-1] INFO  server.RaftServerConfigKeys (ConfUtils.java:logGet(43)) - raft.server.rpc.timeout.min = 1s (custom)
2019-11-13 22:06:10,032 [pool-172-thread-1] INFO  impl.RaftServerImpl (ServerState.java:<init>(103)) - 52753b73-fd3b-4321-bab5-4a2e8177045b@group-B0C0C6E3C568: ConfigurationManager, init=-1: [5be39b6a-195c-499c-aaae-deebd243d90c:192.168.164.237:39727, d9ec6d9b-9212-4a70-b93c-d3980a23303d:192.168.164.237:34242, 52753b73-fd3b-4321-bab5-4a2e8177045b:192.168.164.237:32948], old=null, confs=<EMPTY_MAP>
2019-11-13 22:06:10,032 [pool-152-thread-1] INFO  server.RaftServerConfigKeys (ConfUtils.java:logGet(43)) - raft.server.rpc.timeout.max = 1200ms (custom)
2019-11-13 22:06:10,032 [pool-172-thread-1] INFO  server.RaftServerConfigKeys (ConfUtils.java:logGet(43)) - raft.server.storage.dir = [/workdir/hadoop-ozone/integration-test/target/test-dir/MiniOzoneClusterImpl-7f102aba-c488-44cf-bcdb-425554d335ef/datanode-2/data/ratis] (custom)
2019-11-13 22:06:10,032 [pool-162-thread-1] INFO  impl.RaftServerImpl (RaftServerImpl.java:<init>(98)) - d9ec6d9b-9212-4a70-b93c-d3980a23303d: new RaftServerImpl for group-B0C0C6E3C568:[5be39b6a-195c-499c-aaae-deebd243d90c:192.168.164.237:39727, d9ec6d9b-9212-4a70-b93c-d3980a23303d:192.168.164.237:34242, 52753b73-fd3b-4321-bab5-4a2e8177045b:192.168.164.237:32948] with ContainerStateMachine:uninitialized
2019-11-13 22:06:10,032 [pool-152-thread-1] INFO  server.RaftServerConfigKeys (ConfUtils.java:logGet(43)) - raft.server.rpcslowness.timeout = 120s (custom)
2019-11-13 22:06:10,032 [pool-172-thread-1] INFO  server.RaftServerConfigKeys (ConfUtils.java:logGet(43)) - raft.server.log.corruption.policy = EXCEPTION (default)
2019-11-13 22:06:10,032 [pool-162-thread-1] INFO  server.RaftServerConfigKeys (ConfUtils.java:logGet(43)) - raft.server.rpc.timeout.min = 1s (custom)
2019-11-13 22:06:10,032 [pool-152-thread-1] INFO  server.RaftServerConfigKeys (ConfUtils.java:logGet(43)) - raft.server.sleep.deviation.threshold = 300 (default)
2019-11-13 22:06:10,032 [pool-172-thread-1] INFO  storage.RaftStorageDirectory (RaftStorageDirectory.java:analyzeStorage(246)) - The storage directory /workdir/hadoop-ozone/integration-test/target/test-dir/MiniOzoneClusterImpl-7f102aba-c488-44cf-bcdb-425554d335ef/datanode-2/data/ratis/82173f01-eb36-4af4-ae44-b0c0c6e3c568 does not exist. Creating ...
2019-11-13 22:06:10,032 [pool-162-thread-1] INFO  server.RaftServerConfigKeys (ConfUtils.java:logGet(43)) - raft.server.rpc.timeout.max = 1200ms (custom)
2019-11-13 22:06:10,032 [pool-152-thread-1] INFO  server.RaftServerConfigKeys (ConfUtils.java:logGet(43)) - raft.server.log.appender.install.snapshot.enabled = false (custom)
2019-11-13 22:06:10,033 [pool-162-thread-1] INFO  server.RaftServerConfigKeys (ConfUtils.java:logGet(43)) - raft.server.rpcslowness.timeout = 120s (custom)
2019-11-13 22:06:10,033 [pool-152-thread-1] INFO  impl.RaftServerImpl (ServerState.java:<init>(103)) - 5be39b6a-195c-499c-aaae-deebd243d90c@group-B0C0C6E3C568: ConfigurationManager, init=-1: [5be39b6a-195c-499c-aaae-deebd243d90c:192.168.164.237:39727, d9ec6d9b-9212-4a70-b93c-d3980a23303d:192.168.164.237:34242, 52753b73-fd3b-4321-bab5-4a2e8177045b:192.168.164.237:32948], old=null, confs=<EMPTY_MAP>
2019-11-13 22:06:10,033 [pool-162-thread-1] INFO  server.RaftServerConfigKeys (ConfUtils.java:logGet(43)) - raft.server.sleep.deviation.threshold = 300 (default)
2019-11-13 22:06:10,033 [pool-152-thread-1] INFO  server.RaftServerConfigKeys (ConfUtils.java:logGet(43)) - raft.server.storage.dir = [/workdir/hadoop-ozone/integration-test/target/test-dir/MiniOzoneClusterImpl-7f102aba-c488-44cf-bcdb-425554d335ef/datanode-0/data/ratis] (custom)
2019-11-13 22:06:10,033 [pool-162-thread-1] INFO  server.RaftServerConfigKeys (ConfUtils.java:logGet(43)) - raft.server.log.appender.install.snapshot.enabled = false (custom)
2019-11-13 22:06:10,033 [pool-152-thread-1] INFO  server.RaftServerConfigKeys (ConfUtils.java:logGet(43)) - raft.server.log.corruption.policy = EXCEPTION (default)
2019-11-13 22:06:10,033 [pool-162-thread-1] INFO  impl.RaftServerImpl (ServerState.java:<init>(103)) - d9ec6d9b-9212-4a70-b93c-d3980a23303d@group-B0C0C6E3C568: ConfigurationManager, init=-1: [5be39b6a-195c-499c-aaae-deebd243d90c:192.168.164.237:39727, d9ec6d9b-9212-4a70-b93c-d3980a23303d:192.168.164.237:34242, 52753b73-fd3b-4321-bab5-4a2e8177045b:192.168.164.237:32948], old=null, confs=<EMPTY_MAP>
2019-11-13 22:06:10,034 [pool-152-thread-1] INFO  storage.RaftStorageDirectory (RaftStorageDirectory.java:analyzeStorage(246)) - The storage directory /workdir/hadoop-ozone/integration-test/target/test-dir/MiniOzoneClusterImpl-7f102aba-c488-44cf-bcdb-425554d335ef/datanode-0/data/ratis/82173f01-eb36-4af4-ae44-b0c0c6e3c568 does not exist. Creating ...
2019-11-13 22:06:10,034 [pool-162-thread-1] INFO  server.RaftServerConfigKeys (ConfUtils.java:logGet(43)) - raft.server.storage.dir = [/workdir/hadoop-ozone/integration-test/target/test-dir/MiniOzoneClusterImpl-7f102aba-c488-44cf-bcdb-425554d335ef/datanode-1/data/ratis] (custom)
2019-11-13 22:06:10,034 [pool-162-thread-1] INFO  server.RaftServerConfigKeys (ConfUtils.java:logGet(43)) - raft.server.log.corruption.policy = EXCEPTION (default)
2019-11-13 22:06:10,034 [pool-162-thread-1] INFO  storage.RaftStorageDirectory (RaftStorageDirectory.java:analyzeStorage(246)) - The storage directory /workdir/hadoop-ozone/integration-test/target/test-dir/MiniOzoneClusterImpl-7f102aba-c488-44cf-bcdb-425554d335ef/datanode-1/data/ratis/82173f01-eb36-4af4-ae44-b0c0c6e3c568 does not exist. Creating ...
2019-11-13 22:06:10,046 [pool-152-thread-1] INFO  storage.RaftStorageDirectory (RaftStorageDirectory.java:tryLock(328)) - Lock on /workdir/hadoop-ozone/integration-test/target/test-dir/MiniOzoneClusterImpl-7f102aba-c488-44cf-bcdb-425554d335ef/datanode-0/data/ratis/82173f01-eb36-4af4-ae44-b0c0c6e3c568/in_use.lock acquired by nodename 22306@pr-hdds-2471-vxr4w-2980416436
2019-11-13 22:06:10,046 [pool-172-thread-1] INFO  storage.RaftStorageDirectory (RaftStorageDirectory.java:tryLock(328)) - Lock on /workdir/hadoop-ozone/integration-test/target/test-dir/MiniOzoneClusterImpl-7f102aba-c488-44cf-bcdb-425554d335ef/datanode-2/data/ratis/82173f01-eb36-4af4-ae44-b0c0c6e3c568/in_use.lock acquired by nodename 22306@pr-hdds-2471-vxr4w-2980416436
2019-11-13 22:06:10,046 [pool-162-thread-1] INFO  storage.RaftStorageDirectory (RaftStorageDirectory.java:tryLock(328)) - Lock on /workdir/hadoop-ozone/integration-test/target/test-dir/MiniOzoneClusterImpl-7f102aba-c488-44cf-bcdb-425554d335ef/datanode-1/data/ratis/82173f01-eb36-4af4-ae44-b0c0c6e3c568/in_use.lock acquired by nodename 22306@pr-hdds-2471-vxr4w-2980416436
2019-11-13 22:06:10,059 [pool-152-thread-1] INFO  storage.RaftStorage (RaftStorage.java:format(84)) - Storage directory /workdir/hadoop-ozone/integration-test/target/test-dir/MiniOzoneClusterImpl-7f102aba-c488-44cf-bcdb-425554d335ef/datanode-0/data/ratis/82173f01-eb36-4af4-ae44-b0c0c6e3c568 has been successfully formatted.
2019-11-13 22:06:10,059 [pool-172-thread-1] INFO  storage.RaftStorage (RaftStorage.java:format(84)) - Storage directory /workdir/hadoop-ozone/integration-test/target/test-dir/MiniOzoneClusterImpl-7f102aba-c488-44cf-bcdb-425554d335ef/datanode-2/data/ratis/82173f01-eb36-4af4-ae44-b0c0c6e3c568 has been successfully formatted.
2019-11-13 22:06:10,059 [pool-162-thread-1] INFO  storage.RaftStorage (RaftStorage.java:format(84)) - Storage directory /workdir/hadoop-ozone/integration-test/target/test-dir/MiniOzoneClusterImpl-7f102aba-c488-44cf-bcdb-425554d335ef/datanode-1/data/ratis/82173f01-eb36-4af4-ae44-b0c0c6e3c568 has been successfully formatted.
2019-11-13 22:06:10,059 [pool-152-thread-1] INFO  ratis.ContainerStateMachine (ContainerStateMachine.java:loadSnapshot(223)) - group-B0C0C6E3C568: The snapshot info is null. Setting the last applied indexto:(t:0, i:~)
2019-11-13 22:06:10,060 [pool-162-thread-1] INFO  ratis.ContainerStateMachine (ContainerStateMachine.java:loadSnapshot(223)) - group-B0C0C6E3C568: The snapshot info is null. Setting the last applied indexto:(t:0, i:~)
2019-11-13 22:06:10,060 [pool-172-thread-1] INFO  ratis.ContainerStateMachine (ContainerStateMachine.java:loadSnapshot(223)) - group-B0C0C6E3C568: The snapshot info is null. Setting the last applied indexto:(t:0, i:~)
2019-11-13 22:06:10,060 [pool-162-thread-1] INFO  server.RaftServerConfigKeys (ConfUtils.java:logGet(43)) - raft.server.notification.no-leader.timeout = 120s (custom)
2019-11-13 22:06:10,060 [pool-152-thread-1] INFO  server.RaftServerConfigKeys (ConfUtils.java:logGet(43)) - raft.server.notification.no-leader.timeout = 120s (custom)
2019-11-13 22:06:10,060 [pool-162-thread-1] INFO  server.RaftServerConfigKeys (ConfUtils.java:logGet(43)) - raft.server.log.use.memory = false (default)
2019-11-13 22:06:10,060 [pool-172-thread-1] INFO  server.RaftServerConfigKeys (ConfUtils.java:logGet(43)) - raft.server.notification.no-leader.timeout = 120s (custom)
2019-11-13 22:06:10,060 [pool-162-thread-1] INFO  server.RaftServerConfigKeys (ConfUtils.java:logGet(43)) - raft.server.log.purge.gap = 1000000 (custom)
2019-11-13 22:06:10,060 [pool-152-thread-1] INFO  server.RaftServerConfigKeys (ConfUtils.java:logGet(43)) - raft.server.log.use.memory = false (default)
2019-11-13 22:06:10,060 [pool-162-thread-1] INFO  server.RaftServerConfigKeys (ConfUtils.java:logGet(43)) - raft.server.log.appender.buffer.byte-limit = 33554432 (custom)
2019-11-13 22:06:10,060 [pool-172-thread-1] INFO  server.RaftServerConfigKeys (ConfUtils.java:logGet(43)) - raft.server.log.use.memory = false (default)
2019-11-13 22:06:10,060 [pool-162-thread-1] INFO  server.RaftServerConfigKeys (ConfUtils.java:logGet(43)) - raft.server.log.segment.size.max = 1048576 (custom)
2019-11-13 22:06:10,060 [pool-152-thread-1] INFO  server.RaftServerConfigKeys (ConfUtils.java:logGet(43)) - raft.server.log.purge.gap = 1000000 (custom)
2019-11-13 22:06:10,061 [pool-162-thread-1] INFO  server.RaftServerConfigKeys (ConfUtils.java:logGet(43)) - raft.server.log.segment.cache.num.max = 2 (custom)
2019-11-13 22:06:10,061 [pool-172-thread-1] INFO  server.RaftServerConfigKeys (ConfUtils.java:logGet(43)) - raft.server.log.purge.gap = 1000000 (custom)
2019-11-13 22:06:10,061 [pool-162-thread-1] INFO  segmented.SegmentedRaftLogWorker (SegmentedRaftLogWorker.java:<init>(173)) - new d9ec6d9b-9212-4a70-b93c-d3980a23303d@group-B0C0C6E3C568-SegmentedRaftLogWorker for RaftStorage:Storage Directory /workdir/hadoop-ozone/integration-test/target/test-dir/MiniOzoneClusterImpl-7f102aba-c488-44cf-bcdb-425554d335ef/datanode-1/data/ratis/82173f01-eb36-4af4-ae44-b0c0c6e3c568
2019-11-13 22:06:10,061 [pool-152-thread-1] INFO  server.RaftServerConfigKeys (ConfUtils.java:logGet(43)) - raft.server.log.appender.buffer.byte-limit = 33554432 (custom)
2019-11-13 22:06:10,061 [pool-162-thread-1] INFO  server.RaftServerConfigKeys (ConfUtils.java:logGet(43)) - raft.server.log.queue.byte-limit = 2147483647 (custom)
2019-11-13 22:06:10,061 [pool-172-thread-1] INFO  server.RaftServerConfigKeys (ConfUtils.java:logGet(43)) - raft.server.log.appender.buffer.byte-limit = 33554432 (custom)
2019-11-13 22:06:10,061 [pool-162-thread-1] INFO  server.RaftServerConfigKeys (ConfUtils.java:logGet(43)) - raft.server.log.queue.element-limit = 1024 (custom)
2019-11-13 22:06:10,061 [pool-152-thread-1] INFO  server.RaftServerConfigKeys (ConfUtils.java:logGet(43)) - raft.server.log.segment.size.max = 1048576 (custom)
2019-11-13 22:06:10,062 [pool-162-thread-1] INFO  server.RaftServerConfigKeys (ConfUtils.java:logGet(43)) - raft.server.log.segment.size.max = 1048576 (custom)
2019-11-13 22:06:10,061 [pool-172-thread-1] INFO  server.RaftServerConfigKeys (ConfUtils.java:logGet(43)) - raft.server.log.segment.size.max = 1048576 (custom)
2019-11-13 22:06:10,062 [pool-162-thread-1] INFO  server.RaftServerConfigKeys (ConfUtils.java:logGet(43)) - raft.server.log.preallocated.size = 16384 (custom)
2019-11-13 22:06:10,062 [pool-152-thread-1] INFO  server.RaftServerConfigKeys (ConfUtils.java:logGet(43)) - raft.server.log.segment.cache.num.max = 2 (custom)
2019-11-13 22:06:10,062 [pool-162-thread-1] INFO  server.RaftServerConfigKeys (ConfUtils.java:logGet(43)) - raft.server.log.write.buffer.size = 33554432 (custom)
2019-11-13 22:06:10,062 [pool-172-thread-1] INFO  server.RaftServerConfigKeys (ConfUtils.java:logGet(43)) - raft.server.log.segment.cache.num.max = 2 (custom)
2019-11-13 22:06:10,062 [pool-162-thread-1] INFO  server.RaftServerConfigKeys (ConfUtils.java:logGet(43)) - raft.server.log.force.sync.num = 128 (default)
2019-11-13 22:06:10,062 [pool-152-thread-1] INFO  segmented.SegmentedRaftLogWorker (SegmentedRaftLogWorker.java:<init>(173)) - new 5be39b6a-195c-499c-aaae-deebd243d90c@group-B0C0C6E3C568-SegmentedRaftLogWorker for RaftStorage:Storage Directory /workdir/hadoop-ozone/integration-test/target/test-dir/MiniOzoneClusterImpl-7f102aba-c488-44cf-bcdb-425554d335ef/datanode-0/data/ratis/82173f01-eb36-4af4-ae44-b0c0c6e3c568
2019-11-13 22:06:10,062 [pool-162-thread-1] INFO  server.RaftServerConfigKeys (ConfUtils.java:logGet(43)) - raft.server.log.statemachine.data.sync = true (default)
2019-11-13 22:06:10,062 [pool-172-thread-1] INFO  segmented.SegmentedRaftLogWorker (SegmentedRaftLogWorker.java:<init>(173)) - new 52753b73-fd3b-4321-bab5-4a2e8177045b@group-B0C0C6E3C568-SegmentedRaftLogWorker for RaftStorage:Storage Directory /workdir/hadoop-ozone/integration-test/target/test-dir/MiniOzoneClusterImpl-7f102aba-c488-44cf-bcdb-425554d335ef/datanode-2/data/ratis/82173f01-eb36-4af4-ae44-b0c0c6e3c568
2019-11-13 22:06:10,063 [pool-162-thread-1] INFO  server.RaftServerConfigKeys (ConfUtils.java:logGet(43)) - raft.server.log.statemachine.data.sync.timeout = 10s (default)
2019-11-13 22:06:10,062 [pool-152-thread-1] INFO  server.RaftServerConfigKeys (ConfUtils.java:logGet(43)) - raft.server.log.queue.byte-limit = 2147483647 (custom)
2019-11-13 22:06:10,063 [pool-162-thread-1] INFO  server.RaftServerConfigKeys (ConfUtils.java:logGet(43)) - raft.server.log.statemachine.data.sync.timeout.retry = -1 (default)
2019-11-13 22:06:10,063 [pool-172-thread-1] INFO  server.RaftServerConfigKeys (ConfUtils.java:logGet(43)) - raft.server.log.queue.byte-limit = 2147483647 (custom)
2019-11-13 22:06:10,063 [pool-162-thread-1] INFO  server.RaftServerConfigKeys (ConfUtils.java:logGet(43)) - raft.server.log.statemachine.data.caching.enabled = true (custom)
2019-11-13 22:06:10,063 [pool-152-thread-1] INFO  server.RaftServerConfigKeys (ConfUtils.java:logGet(43)) - raft.server.log.queue.element-limit = 1024 (custom)
2019-11-13 22:06:10,063 [pool-172-thread-1] INFO  server.RaftServerConfigKeys (ConfUtils.java:logGet(43)) - raft.server.log.queue.element-limit = 1024 (custom)
2019-11-13 22:06:10,063 [pool-152-thread-1] INFO  server.RaftServerConfigKeys (ConfUtils.java:logGet(43)) - raft.server.log.segment.size.max = 1048576 (custom)
2019-11-13 22:06:10,063 [pool-162-thread-1] INFO  segmented.SegmentedRaftLogWorker (SegmentedRaftLogWorker.java:lambda$new$0(128)) - d9ec6d9b-9212-4a70-b93c-d3980a23303d@group-B0C0C6E3C568-SegmentedRaftLogWorker: flushIndex: setUnconditionally 0 -> -1
2019-11-13 22:06:10,063 [pool-152-thread-1] INFO  server.RaftServerConfigKeys (ConfUtils.java:logGet(43)) - raft.server.log.preallocated.size = 16384 (custom)
2019-11-13 22:06:10,063 [pool-172-thread-1] INFO  server.RaftServerConfigKeys (ConfUtils.java:logGet(43)) - raft.server.log.segment.size.max = 1048576 (custom)
2019-11-13 22:06:10,064 [pool-152-thread-1] INFO  server.RaftServerConfigKeys (ConfUtils.java:logGet(43)) - raft.server.log.write.buffer.size = 33554432 (custom)
2019-11-13 22:06:10,064 [pool-162-thread-1] INFO  server.RaftServerConfigKeys (ConfUtils.java:logGet(43)) - raft.server.snapshot.auto.trigger.enabled = true (custom)
2019-11-13 22:06:10,064 [pool-152-thread-1] INFO  server.RaftServerConfigKeys (ConfUtils.java:logGet(43)) - raft.server.log.force.sync.num = 128 (default)
2019-11-13 22:06:10,064 [pool-172-thread-1] INFO  server.RaftServerConfigKeys (ConfUtils.java:logGet(43)) - raft.server.log.preallocated.size = 16384 (custom)
2019-11-13 22:06:10,064 [pool-152-thread-1] INFO  server.RaftServerConfigKeys (ConfUtils.java:logGet(43)) - raft.server.log.statemachine.data.sync = true (default)
2019-11-13 22:06:10,064 [pool-162-thread-1] INFO  server.RaftServerConfigKeys (ConfUtils.java:logGet(43)) - raft.server.snapshot.auto.trigger.threshold = 10000 (custom)
2019-11-13 22:06:10,064 [pool-152-thread-1] INFO  server.RaftServerConfigKeys (ConfUtils.java:logGet(43)) - raft.server.log.statemachine.data.sync.timeout = 10s (default)
2019-11-13 22:06:10,064 [pool-172-thread-1] INFO  server.RaftServerConfigKeys (ConfUtils.java:logGet(43)) - raft.server.log.write.buffer.size = 33554432 (custom)
2019-11-13 22:06:10,064 [pool-152-thread-1] INFO  server.RaftServerConfigKeys (ConfUtils.java:logGet(43)) - raft.server.log.statemachine.data.sync.timeout.retry = -1 (default)
2019-11-13 22:06:10,064 [pool-162-thread-1] INFO  server.RaftServerConfigKeys (ConfUtils.java:logGet(43)) - raft.server.snapshot.retention.file.num = 5 (custom)
2019-11-13 22:06:10,065 [pool-152-thread-1] INFO  server.RaftServerConfigKeys (ConfUtils.java:logGet(43)) - raft.server.log.statemachine.data.caching.enabled = true (custom)
2019-11-13 22:06:10,065 [pool-172-thread-1] INFO  server.RaftServerConfigKeys (ConfUtils.java:logGet(43)) - raft.server.log.force.sync.num = 128 (default)
2019-11-13 22:06:10,065 [pool-162-thread-1] INFO  server.RaftServerConfigKeys (ConfUtils.java:logGet(43)) - raft.server.retrycache.expirytime = 600000ms (custom)
2019-11-13 22:06:10,065 [pool-172-thread-1] INFO  server.RaftServerConfigKeys (ConfUtils.java:logGet(43)) - raft.server.log.statemachine.data.sync = true (default)
2019-11-13 22:06:10,065 [pool-152-thread-1] INFO  segmented.SegmentedRaftLogWorker (SegmentedRaftLogWorker.java:lambda$new$0(128)) - 5be39b6a-195c-499c-aaae-deebd243d90c@group-B0C0C6E3C568-SegmentedRaftLogWorker: flushIndex: setUnconditionally 0 -> -1
2019-11-13 22:06:10,065 [pool-172-thread-1] INFO  server.RaftServerConfigKeys (ConfUtils.java:logGet(43)) - raft.server.log.statemachine.data.sync.timeout = 10s (default)
2019-11-13 22:06:10,065 [pool-162-thread-1] WARN  impl.MetricRegistriesImpl (MetricRegistriesImpl.java:lambda$create$1(61)) - First MetricRegistry has been created without registering reporters. You may need to call MetricRegistries.global().addReportRegistration(...) before.
2019-11-13 22:06:10,066 [pool-172-thread-1] INFO  server.RaftServerConfigKeys (ConfUtils.java:logGet(43)) - raft.server.log.statemachine.data.sync.timeout.retry = -1 (default)
2019-11-13 22:06:10,065 [pool-152-thread-1] INFO  server.RaftServerConfigKeys (ConfUtils.java:logGet(43)) - raft.server.snapshot.auto.trigger.enabled = true (custom)
2019-11-13 22:06:10,066 [pool-172-thread-1] INFO  server.RaftServerConfigKeys (ConfUtils.java:logGet(43)) - raft.server.log.statemachine.data.caching.enabled = true (custom)
2019-11-13 22:06:10,066 [pool-162-thread-1] WARN  impl.MetricRegistriesImpl (MetricRegistriesImpl.java:lambda$create$1(61)) - First MetricRegistry has been created without registering reporters. You may need to call MetricRegistries.global().addReportRegistration(...) before.
2019-11-13 22:06:10,066 [pool-152-thread-1] INFO  server.RaftServerConfigKeys (ConfUtils.java:logGet(43)) - raft.server.snapshot.auto.trigger.threshold = 10000 (custom)
2019-11-13 22:06:10,066 [pool-172-thread-1] INFO  segmented.SegmentedRaftLogWorker (SegmentedRaftLogWorker.java:lambda$new$0(128)) - 52753b73-fd3b-4321-bab5-4a2e8177045b@group-B0C0C6E3C568-SegmentedRaftLogWorker: flushIndex: setUnconditionally 0 -> -1
2019-11-13 22:06:10,066 [pool-152-thread-1] INFO  server.RaftServerConfigKeys (ConfUtils.java:logGet(43)) - raft.server.snapshot.retention.file.num = 5 (custom)
2019-11-13 22:06:10,066 [pool-162-thread-1] INFO  impl.RaftServerImpl (RaftServerImpl.java:start(184)) - d9ec6d9b-9212-4a70-b93c-d3980a23303d@group-B0C0C6E3C568: start as a follower, conf=-1: [5be39b6a-195c-499c-aaae-deebd243d90c:192.168.164.237:39727, d9ec6d9b-9212-4a70-b93c-d3980a23303d:192.168.164.237:34242, 52753b73-fd3b-4321-bab5-4a2e8177045b:192.168.164.237:32948], old=null
2019-11-13 22:06:10,067 [pool-152-thread-1] INFO  server.RaftServerConfigKeys (ConfUtils.java:logGet(43)) - raft.server.retrycache.expirytime = 600000ms (custom)
2019-11-13 22:06:10,067 [pool-172-thread-1] INFO  server.RaftServerConfigKeys (ConfUtils.java:logGet(43)) - raft.server.snapshot.auto.trigger.enabled = true (custom)
2019-11-13 22:06:10,067 [pool-152-thread-1] WARN  impl.MetricRegistriesImpl (MetricRegistriesImpl.java:lambda$create$1(61)) - First MetricRegistry has been created without registering reporters. You may need to call MetricRegistries.global().addReportRegistration(...) before.
2019-11-13 22:06:10,067 [pool-162-thread-1] INFO  impl.RaftServerImpl (RaftServerImpl.java:setRole(173)) - d9ec6d9b-9212-4a70-b93c-d3980a23303d@group-B0C0C6E3C568: changes role from      null to FOLLOWER at term 0 for startAsFollower
2019-11-13 22:06:10,067 [pool-152-thread-1] WARN  impl.MetricRegistriesImpl (MetricRegistriesImpl.java:lambda$create$1(61)) - First MetricRegistry has been created without registering reporters. You may need to call MetricRegistries.global().addReportRegistration(...) before.
2019-11-13 22:06:10,067 [pool-172-thread-1] INFO  server.RaftServerConfigKeys (ConfUtils.java:logGet(43)) - raft.server.snapshot.auto.trigger.threshold = 10000 (custom)
2019-11-13 22:06:10,067 [pool-152-thread-1] INFO  impl.RaftServerImpl (RaftServerImpl.java:start(184)) - 5be39b6a-195c-499c-aaae-deebd243d90c@group-B0C0C6E3C568: start as a follower, conf=-1: [5be39b6a-195c-499c-aaae-deebd243d90c:192.168.164.237:39727, d9ec6d9b-9212-4a70-b93c-d3980a23303d:192.168.164.237:34242, 52753b73-fd3b-4321-bab5-4a2e8177045b:192.168.164.237:32948], old=null
2019-11-13 22:06:10,067 [pool-162-thread-1] INFO  impl.RoleInfo (RoleInfo.java:updateAndGet(143)) - d9ec6d9b-9212-4a70-b93c-d3980a23303d: start FollowerState
2019-11-13 22:06:10,067 [pool-152-thread-1] INFO  impl.RaftServerImpl (RaftServerImpl.java:setRole(173)) - 5be39b6a-195c-499c-aaae-deebd243d90c@group-B0C0C6E3C568: changes role from      null to FOLLOWER at term 0 for startAsFollower
2019-11-13 22:06:10,067 [pool-172-thread-1] INFO  server.RaftServerConfigKeys (ConfUtils.java:logGet(43)) - raft.server.snapshot.retention.file.num = 5 (custom)
2019-11-13 22:06:10,068 [pool-152-thread-1] INFO  impl.RoleInfo (RoleInfo.java:updateAndGet(143)) - 5be39b6a-195c-499c-aaae-deebd243d90c: start FollowerState
2019-11-13 22:06:10,068 [pool-172-thread-1] INFO  server.RaftServerConfigKeys (ConfUtils.java:logGet(43)) - raft.server.retrycache.expirytime = 600000ms (custom)
2019-11-13 22:06:10,068 [pool-162-thread-1] INFO  util.JmxRegister (JmxRegister.java:tryRegister(44)) - Successfully registered JMX Bean with object name Ratis:service=RaftServer,group=group-B0C0C6E3C568,id=d9ec6d9b-9212-4a70-b93c-d3980a23303d
2019-11-13 22:06:10,068 [pool-172-thread-1] WARN  impl.MetricRegistriesImpl (MetricRegistriesImpl.java:lambda$create$1(61)) - First MetricRegistry has been created without registering reporters. You may need to call MetricRegistries.global().addReportRegistration(...) before.
2019-11-13 22:06:10,068 [pool-152-thread-1] INFO  util.JmxRegister (JmxRegister.java:tryRegister(44)) - Successfully registered JMX Bean with object name Ratis:service=RaftServer,group=group-B0C0C6E3C568,id=5be39b6a-195c-499c-aaae-deebd243d90c
2019-11-13 22:06:10,068 [pool-162-thread-1] WARN  impl.MetricRegistriesImpl (MetricRegistriesImpl.java:lambda$create$1(61)) - First MetricRegistry has been created without registering reporters. You may need to call MetricRegistries.global().addReportRegistration(...) before.
2019-11-13 22:06:10,068 [pool-152-thread-1] WARN  impl.MetricRegistriesImpl (MetricRegistriesImpl.java:lambda$create$1(61)) - First MetricRegistry has been created without registering reporters. You may need to call MetricRegistries.global().addReportRegistration(...) before.
2019-11-13 22:06:10,068 [pool-172-thread-1] WARN  impl.MetricRegistriesImpl (MetricRegistriesImpl.java:lambda$create$1(61)) - First MetricRegistry has been created without registering reporters. You may need to call MetricRegistries.global().addReportRegistration(...) before.
2019-11-13 22:06:10,069 [pool-172-thread-1] INFO  impl.RaftServerImpl (RaftServerImpl.java:start(184)) - 52753b73-fd3b-4321-bab5-4a2e8177045b@group-B0C0C6E3C568: start as a follower, conf=-1: [5be39b6a-195c-499c-aaae-deebd243d90c:192.168.164.237:39727, d9ec6d9b-9212-4a70-b93c-d3980a23303d:192.168.164.237:34242, 52753b73-fd3b-4321-bab5-4a2e8177045b:192.168.164.237:32948], old=null
2019-11-13 22:06:10,069 [pool-172-thread-1] INFO  impl.RaftServerImpl (RaftServerImpl.java:setRole(173)) - 52753b73-fd3b-4321-bab5-4a2e8177045b@group-B0C0C6E3C568: changes role from      null to FOLLOWER at term 0 for startAsFollower
2019-11-13 22:06:10,069 [pool-172-thread-1] INFO  impl.RoleInfo (RoleInfo.java:updateAndGet(143)) - 52753b73-fd3b-4321-bab5-4a2e8177045b: start FollowerState
2019-11-13 22:06:10,077 [pool-172-thread-1] INFO  util.JmxRegister (JmxRegister.java:tryRegister(44)) - Successfully registered JMX Bean with object name Ratis:service=RaftServer,group=group-B0C0C6E3C568,id=52753b73-fd3b-4321-bab5-4a2e8177045b
2019-11-13 22:06:10,077 [pool-172-thread-1] WARN  impl.MetricRegistriesImpl (MetricRegistriesImpl.java:lambda$create$1(61)) - First MetricRegistry has been created without registering reporters. You may need to call MetricRegistries.global().addReportRegistration(...) before.
2019-11-13 22:06:10,083 [RatisPipelineUtilsThread] INFO  pipeline.PipelineStateManager (PipelineStateManager.java:addPipeline(55)) - Created pipeline Pipeline[ Id: 82173f01-eb36-4af4-ae44-b0c0c6e3c568, Nodes: 5be39b6a-195c-499c-aaae-deebd243d90c{ip: 192.168.164.237, host: pr-hdds-2471-vxr4w-2980416436, networkLocation: /default-rack, certSerialId: null}52753b73-fd3b-4321-bab5-4a2e8177045b{ip: 192.168.164.237, host: pr-hdds-2471-vxr4w-2980416436, networkLocation: /default-rack, certSerialId: null}d9ec6d9b-9212-4a70-b93c-d3980a23303d{ip: 192.168.164.237, host: pr-hdds-2471-vxr4w-2980416436, networkLocation: /default-rack, certSerialId: null}, Type:RATIS, Factor:THREE, State:ALLOCATED]
2019-11-13 22:06:10,085 [Thread-1249] INFO  pipeline.PipelineStateManager (PipelineStateManager.java:finalizePipeline(121)) - Pipeline Pipeline[ Id: 678deb8d-e5b5-4f55-8e2b-f6e396de123b, Nodes: 5be39b6a-195c-499c-aaae-deebd243d90c{ip: 192.168.164.237, host: pr-hdds-2471-vxr4w-2980416436, networkLocation: /default-rack, certSerialId: null}, Type:RATIS, Factor:ONE, State:CLOSED] moved to CLOSED state
2019-11-13 22:06:10,088 [grpc-default-executor-5] INFO  impl.RaftServerProxy (RaftServerProxy.java:remove(95)) - 5be39b6a-195c-499c-aaae-deebd243d90c: remove    LEADER 5be39b6a-195c-499c-aaae-deebd243d90c@group-F6E396DE123B:t1, leader=5be39b6a-195c-499c-aaae-deebd243d90c, voted=5be39b6a-195c-499c-aaae-deebd243d90c, raftlog=5be39b6a-195c-499c-aaae-deebd243d90c@group-F6E396DE123B-SegmentedRaftLog:OPENED:c0,f0,i0, conf=0: [5be39b6a-195c-499c-aaae-deebd243d90c:192.168.164.237:39727], old=null RUNNING
2019-11-13 22:06:10,088 [grpc-default-executor-5] INFO  impl.RaftServerImpl (RaftServerImpl.java:lambda$shutdown$3(250)) - 5be39b6a-195c-499c-aaae-deebd243d90c@group-F6E396DE123B: shutdown
2019-11-13 22:06:10,089 [grpc-default-executor-5] INFO  util.JmxRegister (JmxRegister.java:unregister(73)) - Successfully un-registered JMX Bean with object name Ratis:service=RaftServer,group=group-F6E396DE123B,id=5be39b6a-195c-499c-aaae-deebd243d90c
2019-11-13 22:06:10,089 [grpc-default-executor-5] INFO  impl.RoleInfo (RoleInfo.java:shutdownLeaderState(104)) - 5be39b6a-195c-499c-aaae-deebd243d90c: shutdown LeaderState
2019-11-13 22:06:10,089 [grpc-default-executor-5] INFO  impl.PendingRequests (PendingRequests.java:sendNotLeaderResponses(206)) - 5be39b6a-195c-499c-aaae-deebd243d90c@group-F6E396DE123B-PendingRequests: sendNotLeaderResponses
2019-11-13 22:06:10,089 [grpc-default-executor-5] INFO  impl.StateMachineUpdater (StateMachineUpdater.java:stopAndJoin(136)) - 5be39b6a-195c-499c-aaae-deebd243d90c@group-F6E396DE123B-StateMachineUpdater: set stopIndex = 0
2019-11-13 22:06:10,089 [grpc-default-executor-5] INFO  impl.RaftServerImpl (ServerState.java:close(387)) - 5be39b6a-195c-499c-aaae-deebd243d90c@group-F6E396DE123B: closes. applyIndex: 0
2019-11-13 22:06:10,089 [5be39b6a-195c-499c-aaae-deebd243d90c@group-F6E396DE123B-SegmentedRaftLogWorker] INFO  segmented.SegmentedRaftLogWorker (SegmentedRaftLogWorker.java:run(316)) - 5be39b6a-195c-499c-aaae-deebd243d90c@group-F6E396DE123B-SegmentedRaftLogWorker was interrupted, exiting. There are 0 tasks remaining in the queue.
2019-11-13 22:06:10,091 [grpc-default-executor-5] INFO  segmented.SegmentedRaftLogWorker (SegmentedRaftLogWorker.java:close(224)) - 5be39b6a-195c-499c-aaae-deebd243d90c@group-F6E396DE123B-SegmentedRaftLogWorker close()
2019-11-13 22:06:10,101 [Thread-1249] INFO  pipeline.PipelineStateManager (PipelineStateManager.java:removePipeline(106)) - Pipeline Pipeline[ Id: 678deb8d-e5b5-4f55-8e2b-f6e396de123b, Nodes: 5be39b6a-195c-499c-aaae-deebd243d90c{ip: 192.168.164.237, host: pr-hdds-2471-vxr4w-2980416436, networkLocation: /default-rack, certSerialId: null}, Type:RATIS, Factor:ONE, State:CLOSED] removed from db
2019-11-13 22:06:10,101 [Thread-1249] INFO  pipeline.SCMPipelineManager (SCMPipelineManager.java:finalizeAndDestroyPipeline(315)) - destroying pipeline:Pipeline[ Id: 1b749c44-6bd8-4971-886b-1617808ee885, Nodes: 52753b73-fd3b-4321-bab5-4a2e8177045b{ip: 192.168.164.237, host: pr-hdds-2471-vxr4w-2980416436, networkLocation: /default-rack, certSerialId: null}, Type:RATIS, Factor:ONE, State:OPEN]
2019-11-13 22:06:10,105 [grpc-default-executor-5] INFO  impl.RaftServerProxy (RaftServerProxy.java:addNew(89)) - 5be39b6a-195c-499c-aaae-deebd243d90c: addNew group-5EA4FB2473EE:[5be39b6a-195c-499c-aaae-deebd243d90c:192.168.164.237:39727] returns group-5EA4FB2473EE:java.util.concurrent.CompletableFuture@1fea801c[Not completed]
2019-11-13 22:06:10,106 [pool-152-thread-1] INFO  impl.RaftServerImpl (RaftServerImpl.java:<init>(98)) - 5be39b6a-195c-499c-aaae-deebd243d90c: new RaftServerImpl for group-5EA4FB2473EE:[5be39b6a-195c-499c-aaae-deebd243d90c:192.168.164.237:39727] with ContainerStateMachine:uninitialized
2019-11-13 22:06:10,106 [pool-152-thread-1] INFO  server.RaftServerConfigKeys (ConfUtils.java:logGet(43)) - raft.server.rpc.timeout.min = 1s (custom)
2019-11-13 22:06:10,106 [pool-152-thread-1] INFO  server.RaftServerConfigKeys (ConfUtils.java:logGet(43)) - raft.server.rpc.timeout.max = 1200ms (custom)
2019-11-13 22:06:10,106 [pool-152-thread-1] INFO  server.RaftServerConfigKeys (ConfUtils.java:logGet(43)) - raft.server.rpcslowness.timeout = 120s (custom)
2019-11-13 22:06:10,106 [pool-152-thread-1] INFO  server.RaftServerConfigKeys (ConfUtils.java:logGet(43)) - raft.server.sleep.deviation.threshold = 300 (default)
2019-11-13 22:06:10,106 [pool-152-thread-1] INFO  server.RaftServerConfigKeys (ConfUtils.java:logGet(43)) - raft.server.log.appender.install.snapshot.enabled = false (custom)
2019-11-13 22:06:10,106 [pool-152-thread-1] INFO  impl.RaftServerImpl (ServerState.java:<init>(103)) - 5be39b6a-195c-499c-aaae-deebd243d90c@group-5EA4FB2473EE: ConfigurationManager, init=-1: [5be39b6a-195c-499c-aaae-deebd243d90c:192.168.164.237:39727], old=null, confs=<EMPTY_MAP>
2019-11-13 22:06:10,107 [pool-152-thread-1] INFO  server.RaftServerConfigKeys (ConfUtils.java:logGet(43)) - raft.server.storage.dir = [/workdir/hadoop-ozone/integration-test/target/test-dir/MiniOzoneClusterImpl-7f102aba-c488-44cf-bcdb-425554d335ef/datanode-0/data/ratis] (custom)
2019-11-13 22:06:10,107 [pool-152-thread-1] INFO  server.RaftServerConfigKeys (ConfUtils.java:logGet(43)) - raft.server.log.corruption.policy = EXCEPTION (default)
2019-11-13 22:06:10,107 [pool-152-thread-1] INFO  storage.RaftStorageDirectory (RaftStorageDirectory.java:analyzeStorage(246)) - The storage directory /workdir/hadoop-ozone/integration-test/target/test-dir/MiniOzoneClusterImpl-7f102aba-c488-44cf-bcdb-425554d335ef/datanode-0/data/ratis/59c0a68c-8cad-42ce-b613-5ea4fb2473ee does not exist. Creating ...
2019-11-13 22:06:10,119 [pool-152-thread-1] INFO  storage.RaftStorageDirectory (RaftStorageDirectory.java:tryLock(328)) - Lock on /workdir/hadoop-ozone/integration-test/target/test-dir/MiniOzoneClusterImpl-7f102aba-c488-44cf-bcdb-425554d335ef/datanode-0/data/ratis/59c0a68c-8cad-42ce-b613-5ea4fb2473ee/in_use.lock acquired by nodename 22306@pr-hdds-2471-vxr4w-2980416436
2019-11-13 22:06:10,132 [pool-152-thread-1] INFO  storage.RaftStorage (RaftStorage.java:format(84)) - Storage directory /workdir/hadoop-ozone/integration-test/target/test-dir/MiniOzoneClusterImpl-7f102aba-c488-44cf-bcdb-425554d335ef/datanode-0/data/ratis/59c0a68c-8cad-42ce-b613-5ea4fb2473ee has been successfully formatted.
2019-11-13 22:06:10,132 [pool-152-thread-1] INFO  ratis.ContainerStateMachine (ContainerStateMachine.java:loadSnapshot(223)) - group-5EA4FB2473EE: The snapshot info is null. Setting the last applied indexto:(t:0, i:~)
2019-11-13 22:06:10,132 [pool-152-thread-1] INFO  server.RaftServerConfigKeys (ConfUtils.java:logGet(43)) - raft.server.notification.no-leader.timeout = 120s (custom)
2019-11-13 22:06:10,132 [pool-152-thread-1] INFO  server.RaftServerConfigKeys (ConfUtils.java:logGet(43)) - raft.server.log.use.memory = false (default)
2019-11-13 22:06:10,133 [pool-152-thread-1] INFO  server.RaftServerConfigKeys (ConfUtils.java:logGet(43)) - raft.server.log.purge.gap = 1000000 (custom)
2019-11-13 22:06:10,133 [pool-152-thread-1] INFO  server.RaftServerConfigKeys (ConfUtils.java:logGet(43)) - raft.server.log.appender.buffer.byte-limit = 33554432 (custom)
2019-11-13 22:06:10,133 [pool-152-thread-1] INFO  server.RaftServerConfigKeys (ConfUtils.java:logGet(43)) - raft.server.log.segment.size.max = 1048576 (custom)
2019-11-13 22:06:10,133 [pool-152-thread-1] INFO  server.RaftServerConfigKeys (ConfUtils.java:logGet(43)) - raft.server.log.segment.cache.num.max = 2 (custom)
2019-11-13 22:06:10,133 [pool-152-thread-1] INFO  segmented.SegmentedRaftLogWorker (SegmentedRaftLogWorker.java:<init>(173)) - new 5be39b6a-195c-499c-aaae-deebd243d90c@group-5EA4FB2473EE-SegmentedRaftLogWorker for RaftStorage:Storage Directory /workdir/hadoop-ozone/integration-test/target/test-dir/MiniOzoneClusterImpl-7f102aba-c488-44cf-bcdb-425554d335ef/datanode-0/data/ratis/59c0a68c-8cad-42ce-b613-5ea4fb2473ee
2019-11-13 22:06:10,133 [pool-152-thread-1] INFO  server.RaftServerConfigKeys (ConfUtils.java:logGet(43)) - raft.server.log.queue.byte-limit = 2147483647 (custom)
2019-11-13 22:06:10,133 [pool-152-thread-1] INFO  server.RaftServerConfigKeys (ConfUtils.java:logGet(43)) - raft.server.log.queue.element-limit = 1024 (custom)
2019-11-13 22:06:10,133 [pool-152-thread-1] INFO  server.RaftServerConfigKeys (ConfUtils.java:logGet(43)) - raft.server.log.segment.size.max = 1048576 (custom)
2019-11-13 22:06:10,134 [pool-152-thread-1] INFO  server.RaftServerConfigKeys (ConfUtils.java:logGet(43)) - raft.server.log.preallocated.size = 16384 (custom)
2019-11-13 22:06:10,134 [pool-152-thread-1] INFO  server.RaftServerConfigKeys (ConfUtils.java:logGet(43)) - raft.server.log.write.buffer.size = 33554432 (custom)
2019-11-13 22:06:10,134 [pool-152-thread-1] INFO  server.RaftServerConfigKeys (ConfUtils.java:logGet(43)) - raft.server.log.force.sync.num = 128 (default)
2019-11-13 22:06:10,134 [pool-152-thread-1] INFO  server.RaftServerConfigKeys (ConfUtils.java:logGet(43)) - raft.server.log.statemachine.data.sync = true (default)
2019-11-13 22:06:10,134 [pool-152-thread-1] INFO  server.RaftServerConfigKeys (ConfUtils.java:logGet(43)) - raft.server.log.statemachine.data.sync.timeout = 10s (default)
2019-11-13 22:06:10,134 [pool-152-thread-1] INFO  server.RaftServerConfigKeys (ConfUtils.java:logGet(43)) - raft.server.log.statemachine.data.sync.timeout.retry = -1 (default)
2019-11-13 22:06:10,134 [pool-152-thread-1] INFO  server.RaftServerConfigKeys (ConfUtils.java:logGet(43)) - raft.server.log.statemachine.data.caching.enabled = true (custom)
2019-11-13 22:06:10,134 [pool-152-thread-1] INFO  segmented.SegmentedRaftLogWorker (SegmentedRaftLogWorker.java:lambda$new$0(128)) - 5be39b6a-195c-499c-aaae-deebd243d90c@group-5EA4FB2473EE-SegmentedRaftLogWorker: flushIndex: setUnconditionally 0 -> -1
2019-11-13 22:06:10,135 [pool-152-thread-1] INFO  server.RaftServerConfigKeys (ConfUtils.java:logGet(43)) - raft.server.snapshot.auto.trigger.enabled = true (custom)
2019-11-13 22:06:10,135 [pool-152-thread-1] INFO  server.RaftServerConfigKeys (ConfUtils.java:logGet(43)) - raft.server.snapshot.auto.trigger.threshold = 10000 (custom)
2019-11-13 22:06:10,135 [pool-152-thread-1] INFO  server.RaftServerConfigKeys (ConfUtils.java:logGet(43)) - raft.server.snapshot.retention.file.num = 5 (custom)
2019-11-13 22:06:10,135 [pool-152-thread-1] INFO  server.RaftServerConfigKeys (ConfUtils.java:logGet(43)) - raft.server.retrycache.expirytime = 600000ms (custom)
2019-11-13 22:06:10,135 [pool-152-thread-1] WARN  impl.MetricRegistriesImpl (MetricRegistriesImpl.java:lambda$create$1(61)) - First MetricRegistry has been created without registering reporters. You may need to call MetricRegistries.global().addReportRegistration(...) before.
2019-11-13 22:06:10,135 [pool-152-thread-1] WARN  impl.MetricRegistriesImpl (MetricRegistriesImpl.java:lambda$create$1(61)) - First MetricRegistry has been created without registering reporters. You may need to call MetricRegistries.global().addReportRegistration(...) before.
2019-11-13 22:06:10,135 [pool-152-thread-1] INFO  impl.RaftServerImpl (RaftServerImpl.java:start(184)) - 5be39b6a-195c-499c-aaae-deebd243d90c@group-5EA4FB2473EE: start as a follower, conf=-1: [5be39b6a-195c-499c-aaae-deebd243d90c:192.168.164.237:39727], old=null
2019-11-13 22:06:10,136 [pool-152-thread-1] INFO  impl.RaftServerImpl (RaftServerImpl.java:setRole(173)) - 5be39b6a-195c-499c-aaae-deebd243d90c@group-5EA4FB2473EE: changes role from      null to FOLLOWER at term 0 for startAsFollower
2019-11-13 22:06:10,136 [pool-152-thread-1] INFO  impl.RoleInfo (RoleInfo.java:updateAndGet(143)) - 5be39b6a-195c-499c-aaae-deebd243d90c: start FollowerState
2019-11-13 22:06:10,136 [pool-152-thread-1] INFO  util.JmxRegister (JmxRegister.java:tryRegister(44)) - Successfully registered JMX Bean with object name Ratis:service=RaftServer,group=group-5EA4FB2473EE,id=5be39b6a-195c-499c-aaae-deebd243d90c
2019-11-13 22:06:10,136 [pool-152-thread-1] WARN  impl.MetricRegistriesImpl (MetricRegistriesImpl.java:lambda$create$1(61)) - First MetricRegistry has been created without registering reporters. You may need to call MetricRegistries.global().addReportRegistration(...) before.
2019-11-13 22:06:10,138 [RatisPipelineUtilsThread] INFO  pipeline.PipelineStateManager (PipelineStateManager.java:addPipeline(55)) - Created pipeline Pipeline[ Id: 59c0a68c-8cad-42ce-b613-5ea4fb2473ee, Nodes: 5be39b6a-195c-499c-aaae-deebd243d90c{ip: 192.168.164.237, host: pr-hdds-2471-vxr4w-2980416436, networkLocation: /default-rack, certSerialId: null}, Type:RATIS, Factor:ONE, State:ALLOCATED]
2019-11-13 22:06:10,141 [Thread-1249] INFO  pipeline.PipelineStateManager (PipelineStateManager.java:finalizePipeline(121)) - Pipeline Pipeline[ Id: 1b749c44-6bd8-4971-886b-1617808ee885, Nodes: 52753b73-fd3b-4321-bab5-4a2e8177045b{ip: 192.168.164.237, host: pr-hdds-2471-vxr4w-2980416436, networkLocation: /default-rack, certSerialId: null}, Type:RATIS, Factor:ONE, State:CLOSED] moved to CLOSED state
2019-11-13 22:06:10,144 [grpc-default-executor-5] INFO  impl.RaftServerProxy (RaftServerProxy.java:remove(95)) - 52753b73-fd3b-4321-bab5-4a2e8177045b: remove    LEADER 52753b73-fd3b-4321-bab5-4a2e8177045b@group-1617808EE885:t1, leader=52753b73-fd3b-4321-bab5-4a2e8177045b, voted=52753b73-fd3b-4321-bab5-4a2e8177045b, raftlog=52753b73-fd3b-4321-bab5-4a2e8177045b@group-1617808EE885-SegmentedRaftLog:OPENED:c0,f0,i0, conf=0: [52753b73-fd3b-4321-bab5-4a2e8177045b:192.168.164.237:32948], old=null RUNNING
2019-11-13 22:06:10,144 [grpc-default-executor-5] INFO  impl.RaftServerImpl (RaftServerImpl.java:lambda$shutdown$3(250)) - 52753b73-fd3b-4321-bab5-4a2e8177045b@group-1617808EE885: shutdown
2019-11-13 22:06:10,144 [grpc-default-executor-5] INFO  util.JmxRegister (JmxRegister.java:unregister(73)) - Successfully un-registered JMX Bean with object name Ratis:service=RaftServer,group=group-1617808EE885,id=52753b73-fd3b-4321-bab5-4a2e8177045b
2019-11-13 22:06:10,144 [grpc-default-executor-5] INFO  impl.RoleInfo (RoleInfo.java:shutdownLeaderState(104)) - 52753b73-fd3b-4321-bab5-4a2e8177045b: shutdown LeaderState
2019-11-13 22:06:10,145 [grpc-default-executor-5] INFO  impl.PendingRequests (PendingRequests.java:sendNotLeaderResponses(206)) - 52753b73-fd3b-4321-bab5-4a2e8177045b@group-1617808EE885-PendingRequests: sendNotLeaderResponses
2019-11-13 22:06:10,145 [grpc-default-executor-5] INFO  impl.StateMachineUpdater (StateMachineUpdater.java:stopAndJoin(136)) - 52753b73-fd3b-4321-bab5-4a2e8177045b@group-1617808EE885-StateMachineUpdater: set stopIndex = 0
2019-11-13 22:06:10,145 [grpc-default-executor-5] INFO  impl.RaftServerImpl (ServerState.java:close(387)) - 52753b73-fd3b-4321-bab5-4a2e8177045b@group-1617808EE885: closes. applyIndex: 0
2019-11-13 22:06:10,145 [52753b73-fd3b-4321-bab5-4a2e8177045b@group-1617808EE885-SegmentedRaftLogWorker] INFO  segmented.SegmentedRaftLogWorker (SegmentedRaftLogWorker.java:run(316)) - 52753b73-fd3b-4321-bab5-4a2e8177045b@group-1617808EE885-SegmentedRaftLogWorker was interrupted, exiting. There are 0 tasks remaining in the queue.
2019-11-13 22:06:10,145 [grpc-default-executor-5] INFO  segmented.SegmentedRaftLogWorker (SegmentedRaftLogWorker.java:close(224)) - 52753b73-fd3b-4321-bab5-4a2e8177045b@group-1617808EE885-SegmentedRaftLogWorker close()
2019-11-13 22:06:10,149 [Thread-1249] INFO  pipeline.PipelineStateManager (PipelineStateManager.java:removePipeline(106)) - Pipeline Pipeline[ Id: 1b749c44-6bd8-4971-886b-1617808ee885, Nodes: 52753b73-fd3b-4321-bab5-4a2e8177045b{ip: 192.168.164.237, host: pr-hdds-2471-vxr4w-2980416436, networkLocation: /default-rack, certSerialId: null}, Type:RATIS, Factor:ONE, State:CLOSED] removed from db
2019-11-13 22:06:10,152 [grpc-default-executor-5] INFO  impl.RaftServerProxy (RaftServerProxy.java:addNew(89)) - 52753b73-fd3b-4321-bab5-4a2e8177045b: addNew group-507A157A8A49:[52753b73-fd3b-4321-bab5-4a2e8177045b:192.168.164.237:32948] returns group-507A157A8A49:java.util.concurrent.CompletableFuture@3e96892d[Not completed]
2019-11-13 22:06:10,153 [pool-172-thread-1] INFO  impl.RaftServerImpl (RaftServerImpl.java:<init>(98)) - 52753b73-fd3b-4321-bab5-4a2e8177045b: new RaftServerImpl for group-507A157A8A49:[52753b73-fd3b-4321-bab5-4a2e8177045b:192.168.164.237:32948] with ContainerStateMachine:uninitialized
2019-11-13 22:06:10,153 [pool-172-thread-1] INFO  server.RaftServerConfigKeys (ConfUtils.java:logGet(43)) - raft.server.rpc.timeout.min = 1s (custom)
2019-11-13 22:06:10,153 [pool-172-thread-1] INFO  server.RaftServerConfigKeys (ConfUtils.java:logGet(43)) - raft.server.rpc.timeout.max = 1200ms (custom)
2019-11-13 22:06:10,153 [pool-172-thread-1] INFO  server.RaftServerConfigKeys (ConfUtils.java:logGet(43)) - raft.server.rpcslowness.timeout = 120s (custom)
2019-11-13 22:06:10,153 [pool-172-thread-1] INFO  server.RaftServerConfigKeys (ConfUtils.java:logGet(43)) - raft.server.sleep.deviation.threshold = 300 (default)
2019-11-13 22:06:10,154 [pool-172-thread-1] INFO  server.RaftServerConfigKeys (ConfUtils.java:logGet(43)) - raft.server.log.appender.install.snapshot.enabled = false (custom)
2019-11-13 22:06:10,154 [pool-172-thread-1] INFO  impl.RaftServerImpl (ServerState.java:<init>(103)) - 52753b73-fd3b-4321-bab5-4a2e8177045b@group-507A157A8A49: ConfigurationManager, init=-1: [52753b73-fd3b-4321-bab5-4a2e8177045b:192.168.164.237:32948], old=null, confs=<EMPTY_MAP>
2019-11-13 22:06:10,154 [pool-172-thread-1] INFO  server.RaftServerConfigKeys (ConfUtils.java:logGet(43)) - raft.server.storage.dir = [/workdir/hadoop-ozone/integration-test/target/test-dir/MiniOzoneClusterImpl-7f102aba-c488-44cf-bcdb-425554d335ef/datanode-2/data/ratis] (custom)
2019-11-13 22:06:10,154 [pool-172-thread-1] INFO  server.RaftServerConfigKeys (ConfUtils.java:logGet(43)) - raft.server.log.corruption.policy = EXCEPTION (default)
2019-11-13 22:06:10,154 [pool-172-thread-1] INFO  storage.RaftStorageDirectory (RaftStorageDirectory.java:analyzeStorage(246)) - The storage directory /workdir/hadoop-ozone/integration-test/target/test-dir/MiniOzoneClusterImpl-7f102aba-c488-44cf-bcdb-425554d335ef/datanode-2/data/ratis/47a86efa-5c2b-4330-ac3b-507a157a8a49 does not exist. Creating ...
2019-11-13 22:06:10,166 [pool-172-thread-1] INFO  storage.RaftStorageDirectory (RaftStorageDirectory.java:tryLock(328)) - Lock on /workdir/hadoop-ozone/integration-test/target/test-dir/MiniOzoneClusterImpl-7f102aba-c488-44cf-bcdb-425554d335ef/datanode-2/data/ratis/47a86efa-5c2b-4330-ac3b-507a157a8a49/in_use.lock acquired by nodename 22306@pr-hdds-2471-vxr4w-2980416436
2019-11-13 22:06:10,179 [pool-172-thread-1] INFO  storage.RaftStorage (RaftStorage.java:format(84)) - Storage directory /workdir/hadoop-ozone/integration-test/target/test-dir/MiniOzoneClusterImpl-7f102aba-c488-44cf-bcdb-425554d335ef/datanode-2/data/ratis/47a86efa-5c2b-4330-ac3b-507a157a8a49 has been successfully formatted.
2019-11-13 22:06:10,179 [pool-172-thread-1] INFO  ratis.ContainerStateMachine (ContainerStateMachine.java:loadSnapshot(223)) - group-507A157A8A49: The snapshot info is null. Setting the last applied indexto:(t:0, i:~)
2019-11-13 22:06:10,179 [pool-172-thread-1] INFO  server.RaftServerConfigKeys (ConfUtils.java:logGet(43)) - raft.server.notification.no-leader.timeout = 120s (custom)
2019-11-13 22:06:10,179 [pool-172-thread-1] INFO  server.RaftServerConfigKeys (ConfUtils.java:logGet(43)) - raft.server.log.use.memory = false (default)
2019-11-13 22:06:10,179 [pool-172-thread-1] INFO  server.RaftServerConfigKeys (ConfUtils.java:logGet(43)) - raft.server.log.purge.gap = 1000000 (custom)
2019-11-13 22:06:10,180 [pool-172-thread-1] INFO  server.RaftServerConfigKeys (ConfUtils.java:logGet(43)) - raft.server.log.appender.buffer.byte-limit = 33554432 (custom)
2019-11-13 22:06:10,180 [pool-172-thread-1] INFO  server.RaftServerConfigKeys (ConfUtils.java:logGet(43)) - raft.server.log.segment.size.max = 1048576 (custom)
2019-11-13 22:06:10,180 [pool-172-thread-1] INFO  server.RaftServerConfigKeys (ConfUtils.java:logGet(43)) - raft.server.log.segment.cache.num.max = 2 (custom)
2019-11-13 22:06:10,180 [pool-172-thread-1] INFO  segmented.SegmentedRaftLogWorker (SegmentedRaftLogWorker.java:<init>(173)) - new 52753b73-fd3b-4321-bab5-4a2e8177045b@group-507A157A8A49-SegmentedRaftLogWorker for RaftStorage:Storage Directory /workdir/hadoop-ozone/integration-test/target/test-dir/MiniOzoneClusterImpl-7f102aba-c488-44cf-bcdb-425554d335ef/datanode-2/data/ratis/47a86efa-5c2b-4330-ac3b-507a157a8a49
2019-11-13 22:06:10,180 [pool-172-thread-1] INFO  server.RaftServerConfigKeys (ConfUtils.java:logGet(43)) - raft.server.log.queue.byte-limit = 2147483647 (custom)
2019-11-13 22:06:10,180 [pool-172-thread-1] INFO  server.RaftServerConfigKeys (ConfUtils.java:logGet(43)) - raft.server.log.queue.element-limit = 1024 (custom)
2019-11-13 22:06:10,180 [pool-172-thread-1] INFO  server.RaftServerConfigKeys (ConfUtils.java:logGet(43)) - raft.server.log.segment.size.max = 1048576 (custom)
2019-11-13 22:06:10,180 [pool-172-thread-1] INFO  server.RaftServerConfigKeys (ConfUtils.java:logGet(43)) - raft.server.log.preallocated.size = 16384 (custom)
2019-11-13 22:06:10,180 [pool-172-thread-1] INFO  server.RaftServerConfigKeys (ConfUtils.java:logGet(43)) - raft.server.log.write.buffer.size = 33554432 (custom)
2019-11-13 22:06:10,180 [pool-172-thread-1] INFO  server.RaftServerConfigKeys (ConfUtils.java:logGet(43)) - raft.server.log.force.sync.num = 128 (default)
2019-11-13 22:06:10,180 [pool-172-thread-1] INFO  server.RaftServerConfigKeys (ConfUtils.java:logGet(43)) - raft.server.log.statemachine.data.sync = true (default)
2019-11-13 22:06:10,180 [pool-172-thread-1] INFO  server.RaftServerConfigKeys (ConfUtils.java:logGet(43)) - raft.server.log.statemachine.data.sync.timeout = 10s (default)
2019-11-13 22:06:10,180 [pool-172-thread-1] INFO  server.RaftServerConfigKeys (ConfUtils.java:logGet(43)) - raft.server.log.statemachine.data.sync.timeout.retry = -1 (default)
2019-11-13 22:06:10,181 [pool-172-thread-1] INFO  server.RaftServerConfigKeys (ConfUtils.java:logGet(43)) - raft.server.log.statemachine.data.caching.enabled = true (custom)
2019-11-13 22:06:10,181 [pool-172-thread-1] INFO  segmented.SegmentedRaftLogWorker (SegmentedRaftLogWorker.java:lambda$new$0(128)) - 52753b73-fd3b-4321-bab5-4a2e8177045b@group-507A157A8A49-SegmentedRaftLogWorker: flushIndex: setUnconditionally 0 -> -1
2019-11-13 22:06:10,181 [pool-172-thread-1] INFO  server.RaftServerConfigKeys (ConfUtils.java:logGet(43)) - raft.server.snapshot.auto.trigger.enabled = true (custom)
2019-11-13 22:06:10,181 [pool-172-thread-1] INFO  server.RaftServerConfigKeys (ConfUtils.java:logGet(43)) - raft.server.snapshot.auto.trigger.threshold = 10000 (custom)
2019-11-13 22:06:10,181 [pool-172-thread-1] INFO  server.RaftServerConfigKeys (ConfUtils.java:logGet(43)) - raft.server.snapshot.retention.file.num = 5 (custom)
2019-11-13 22:06:10,181 [pool-172-thread-1] INFO  server.RaftServerConfigKeys (ConfUtils.java:logGet(43)) - raft.server.retrycache.expirytime = 600000ms (custom)
2019-11-13 22:06:10,181 [pool-172-thread-1] WARN  impl.MetricRegistriesImpl (MetricRegistriesImpl.java:lambda$create$1(61)) - First MetricRegistry has been created without registering reporters. You may need to call MetricRegistries.global().addReportRegistration(...) before.
2019-11-13 22:06:10,181 [pool-172-thread-1] WARN  impl.MetricRegistriesImpl (MetricRegistriesImpl.java:lambda$create$1(61)) - First MetricRegistry has been created without registering reporters. You may need to call MetricRegistries.global().addReportRegistration(...) before.
2019-11-13 22:06:10,182 [pool-172-thread-1] INFO  impl.RaftServerImpl (RaftServerImpl.java:start(184)) - 52753b73-fd3b-4321-bab5-4a2e8177045b@group-507A157A8A49: start as a follower, conf=-1: [52753b73-fd3b-4321-bab5-4a2e8177045b:192.168.164.237:32948], old=null
2019-11-13 22:06:10,182 [pool-172-thread-1] INFO  impl.RaftServerImpl (RaftServerImpl.java:setRole(173)) - 52753b73-fd3b-4321-bab5-4a2e8177045b@group-507A157A8A49: changes role from      null to FOLLOWER at term 0 for startAsFollower
2019-11-13 22:06:10,182 [pool-172-thread-1] INFO  impl.RoleInfo (RoleInfo.java:updateAndGet(143)) - 52753b73-fd3b-4321-bab5-4a2e8177045b: start FollowerState
2019-11-13 22:06:10,182 [pool-172-thread-1] INFO  util.JmxRegister (JmxRegister.java:tryRegister(44)) - Successfully registered JMX Bean with object name Ratis:service=RaftServer,group=group-507A157A8A49,id=52753b73-fd3b-4321-bab5-4a2e8177045b
2019-11-13 22:06:10,182 [pool-172-thread-1] WARN  impl.MetricRegistriesImpl (MetricRegistriesImpl.java:lambda$create$1(61)) - First MetricRegistry has been created without registering reporters. You may need to call MetricRegistries.global().addReportRegistration(...) before.
2019-11-13 22:06:10,184 [RatisPipelineUtilsThread] INFO  pipeline.PipelineStateManager (PipelineStateManager.java:addPipeline(55)) - Created pipeline Pipeline[ Id: 47a86efa-5c2b-4330-ac3b-507a157a8a49, Nodes: 52753b73-fd3b-4321-bab5-4a2e8177045b{ip: 192.168.164.237, host: pr-hdds-2471-vxr4w-2980416436, networkLocation: /default-rack, certSerialId: null}, Type:RATIS, Factor:ONE, State:ALLOCATED]
2019-11-13 22:06:10,775 [Thread-1363] INFO  impl.FollowerState (FollowerState.java:run(111)) - 7b888e0e-6a0f-4b0e-88cc-e0733c42ba91@group-2864CBE92D84-FollowerState: change to CANDIDATE, lastRpcTime:1140ms, electionTimeout:1140ms
2019-11-13 22:06:10,775 [Thread-1363] INFO  impl.RoleInfo (RoleInfo.java:shutdownFollowerState(121)) - 7b888e0e-6a0f-4b0e-88cc-e0733c42ba91: shutdown FollowerState
2019-11-13 22:06:10,775 [Thread-1363] INFO  impl.RaftServerImpl (RaftServerImpl.java:setRole(173)) - 7b888e0e-6a0f-4b0e-88cc-e0733c42ba91@group-2864CBE92D84: changes role from  FOLLOWER to CANDIDATE at term 0 for changeToCandidate
2019-11-13 22:06:10,775 [Thread-1363] INFO  impl.RoleInfo (RoleInfo.java:updateAndGet(143)) - 7b888e0e-6a0f-4b0e-88cc-e0733c42ba91: start LeaderElection
2019-11-13 22:06:10,793 [7b888e0e-6a0f-4b0e-88cc-e0733c42ba91@group-2864CBE92D84-LeaderElection57] INFO  impl.LeaderElection (LeaderElection.java:askForVotes(178)) - 7b888e0e-6a0f-4b0e-88cc-e0733c42ba91@group-2864CBE92D84-LeaderElection57: begin an election at term 1 for -1: [7b888e0e-6a0f-4b0e-88cc-e0733c42ba91:192.168.164.237:44948], old=null
2019-11-13 22:06:10,793 [7b888e0e-6a0f-4b0e-88cc-e0733c42ba91@group-2864CBE92D84-LeaderElection57] INFO  impl.RoleInfo (RoleInfo.java:shutdownLeaderElection(134)) - 7b888e0e-6a0f-4b0e-88cc-e0733c42ba91: shutdown LeaderElection
2019-11-13 22:06:10,794 [7b888e0e-6a0f-4b0e-88cc-e0733c42ba91@group-2864CBE92D84-LeaderElection57] INFO  impl.RaftServerImpl (RaftServerImpl.java:setRole(173)) - 7b888e0e-6a0f-4b0e-88cc-e0733c42ba91@group-2864CBE92D84: changes role from CANDIDATE to LEADER at term 1 for changeToLeader
2019-11-13 22:06:10,794 [7b888e0e-6a0f-4b0e-88cc-e0733c42ba91@group-2864CBE92D84-LeaderElection57] INFO  ratis.XceiverServerRatis (XceiverServerRatis.java:handleLeaderChangedNotification(697)) - Leader change notification received for group: group-2864CBE92D84 with new leaderId: 7b888e0e-6a0f-4b0e-88cc-e0733c42ba91
2019-11-13 22:06:10,794 [7b888e0e-6a0f-4b0e-88cc-e0733c42ba91@group-2864CBE92D84-LeaderElection57] INFO  impl.RaftServerImpl (ServerState.java:setLeader(255)) - 7b888e0e-6a0f-4b0e-88cc-e0733c42ba91@group-2864CBE92D84: change Leader from null to 7b888e0e-6a0f-4b0e-88cc-e0733c42ba91 at term 1 for becomeLeader, leader elected after 1163ms
2019-11-13 22:06:10,794 [7b888e0e-6a0f-4b0e-88cc-e0733c42ba91@group-2864CBE92D84-LeaderElection57] INFO  server.RaftServerConfigKeys (ConfUtils.java:logGet(43)) - raft.server.staging.catchup.gap = 1000 (default)
2019-11-13 22:06:10,794 [7b888e0e-6a0f-4b0e-88cc-e0733c42ba91@group-2864CBE92D84-LeaderElection57] INFO  server.RaftServerConfigKeys (ConfUtils.java:logGet(43)) - raft.server.rpc.sleep.time = 25ms (default)
2019-11-13 22:06:10,794 [7b888e0e-6a0f-4b0e-88cc-e0733c42ba91@group-2864CBE92D84-LeaderElection57] INFO  server.RaftServerConfigKeys (ConfUtils.java:logGet(43)) - raft.server.write.element-limit = 4096 (default)
2019-11-13 22:06:10,794 [7b888e0e-6a0f-4b0e-88cc-e0733c42ba91@group-2864CBE92D84-LeaderElection57] INFO  server.RaftServerConfigKeys (ConfUtils.java:logGet(43)) - raft.server.watch.timeout = 10s (default)
2019-11-13 22:06:10,794 [7b888e0e-6a0f-4b0e-88cc-e0733c42ba91@group-2864CBE92D84-LeaderElection57] INFO  server.RaftServerConfigKeys (ConfUtils.java:logGet(43)) - raft.server.watch.timeout.denomination = 1s (default)
2019-11-13 22:06:10,795 [7b888e0e-6a0f-4b0e-88cc-e0733c42ba91@group-2864CBE92D84-LeaderElection57] INFO  server.RaftServerConfigKeys (ConfUtils.java:logGet(43)) - raft.server.watch.element-limit = 65536 (default)
2019-11-13 22:06:10,795 [7b888e0e-6a0f-4b0e-88cc-e0733c42ba91@group-2864CBE92D84-LeaderElection57] INFO  impl.RoleInfo (RoleInfo.java:updateAndGet(143)) - 7b888e0e-6a0f-4b0e-88cc-e0733c42ba91: start LeaderState
2019-11-13 22:06:10,795 [7b888e0e-6a0f-4b0e-88cc-e0733c42ba91@group-2864CBE92D84-LeaderElection57] INFO  segmented.SegmentedRaftLogWorker (SegmentedRaftLogWorker.java:startLogSegment(385)) - 7b888e0e-6a0f-4b0e-88cc-e0733c42ba91@group-2864CBE92D84-SegmentedRaftLogWorker: Starting segment from index:0
2019-11-13 22:06:10,795 [EventQueue-PipelineReportForPipelineReportHandler] INFO  pipeline.PipelineStateManager (PipelineStateManager.java:openPipeline(134)) - Pipeline Pipeline[ Id: 92fad2b8-6400-4494-a7e5-2864cbe92d84, Nodes: 7b888e0e-6a0f-4b0e-88cc-e0733c42ba91{ip: 192.168.164.237, host: pr-hdds-2471-vxr4w-2980416436, networkLocation: /default-rack, certSerialId: null}, Type:RATIS, Factor:ONE, State:OPEN] moved to OPEN state
2019-11-13 22:06:10,795 [7b888e0e-6a0f-4b0e-88cc-e0733c42ba91@group-2864CBE92D84-LeaderElection57] INFO  impl.RaftServerImpl (ServerState.java:setRaftConf(356)) - 7b888e0e-6a0f-4b0e-88cc-e0733c42ba91@group-2864CBE92D84: set configuration 0: [7b888e0e-6a0f-4b0e-88cc-e0733c42ba91:192.168.164.237:44948], old=null at 0
2019-11-13 22:06:10,833 [7b888e0e-6a0f-4b0e-88cc-e0733c42ba91@group-2864CBE92D84-SegmentedRaftLogWorker] INFO  segmented.SegmentedRaftLogWorker (SegmentedRaftLogWorker.java:execute(576)) - 7b888e0e-6a0f-4b0e-88cc-e0733c42ba91@group-2864CBE92D84-SegmentedRaftLogWorker: created new log segment /workdir/hadoop-ozone/integration-test/target/test-dir/MiniOzoneClusterImpl-7f102aba-c488-44cf-bcdb-425554d335ef/datanode-3/data/ratis/92fad2b8-6400-4494-a7e5-2864cbe92d84/current/log_inprogress_0
2019-11-13 22:06:10,859 [main] WARN  scm.XceiverClientRatis (XceiverClientRatis.java:watchForCommit(277)) - 3 way commit failed on pipeline Pipeline[ Id: d7027b97-989c-47a5-874c-d5f8dfafaf36, Nodes: 7b888e0e-6a0f-4b0e-88cc-e0733c42ba91{ip: 192.168.164.237, host: pr-hdds-2471-vxr4w-2980416436, networkLocation: /default-rack, certSerialId: null}f7705811-6e65-4a57-b1c4-0cb13cee4425{ip: 192.168.164.237, host: pr-hdds-2471-vxr4w-2980416436, networkLocation: /default-rack, certSerialId: null}b437d6a1-54f9-495c-b2fd-bb696abd9804{ip: 192.168.164.237, host: pr-hdds-2471-vxr4w-2980416436, networkLocation: /default-rack, certSerialId: null}, Type:RATIS, Factor:THREE, State:OPEN]
java.util.concurrent.ExecutionException: org.apache.ratis.protocol.GroupMismatchException: f7705811-6e65-4a57-b1c4-0cb13cee4425: group-D5F8DFAFAF36 not found.
	at java.util.concurrent.CompletableFuture.reportGet(CompletableFuture.java:357)
	at java.util.concurrent.CompletableFuture.get(CompletableFuture.java:1915)
	at org.apache.hadoop.hdds.scm.XceiverClientRatis.watchForCommit(XceiverClientRatis.java:274)
	at org.apache.hadoop.hdds.scm.storage.CommitWatcher.watchForCommit(CommitWatcher.java:198)
	at org.apache.hadoop.hdds.scm.storage.CommitWatcher.watchOnFirstIndex(CommitWatcher.java:137)
	at org.apache.hadoop.hdds.scm.storage.BlockOutputStream.watchForCommit(BlockOutputStream.java:346)
	at org.apache.hadoop.hdds.scm.storage.BlockOutputStream.handleFullBuffer(BlockOutputStream.java:323)
	at org.apache.hadoop.hdds.scm.storage.BlockOutputStream.write(BlockOutputStream.java:250)
	at org.apache.hadoop.ozone.client.io.BlockOutputStreamEntry.write(BlockOutputStreamEntry.java:129)
	at org.apache.hadoop.ozone.client.io.KeyOutputStream.handleWrite(KeyOutputStream.java:208)
	at org.apache.hadoop.ozone.client.io.KeyOutputStream.write(KeyOutputStream.java:190)
	at org.apache.hadoop.ozone.client.io.OzoneOutputStream.write(OzoneOutputStream.java:49)
	at java.io.OutputStream.write(OutputStream.java:75)
	at org.apache.hadoop.ozone.client.rpc.TestMultiBlockWritesWithDnFailures.testMultiBlockWritesWithDnFailures(TestMultiBlockWritesWithDnFailures.java:123)
	at sun.reflect.NativeMethodAccessorImpl.invoke0(Native Method)
	at sun.reflect.NativeMethodAccessorImpl.invoke(NativeMethodAccessorImpl.java:62)
	at sun.reflect.DelegatingMethodAccessorImpl.invoke(DelegatingMethodAccessorImpl.java:43)
	at java.lang.reflect.Method.invoke(Method.java:498)
	at org.junit.runners.model.FrameworkMethod$1.runReflectiveCall(FrameworkMethod.java:47)
	at org.junit.internal.runners.model.ReflectiveCallable.run(ReflectiveCallable.java:12)
	at org.junit.runners.model.FrameworkMethod.invokeExplosively(FrameworkMethod.java:44)
	at org.junit.internal.runners.statements.InvokeMethod.evaluate(InvokeMethod.java:17)
	at org.junit.internal.runners.statements.RunAfters.evaluate(RunAfters.java:27)
	at org.junit.runners.ParentRunner.runLeaf(ParentRunner.java:271)
	at org.junit.runners.BlockJUnit4ClassRunner.runChild(BlockJUnit4ClassRunner.java:70)
	at org.junit.runners.BlockJUnit4ClassRunner.runChild(BlockJUnit4ClassRunner.java:50)
	at org.junit.runners.ParentRunner$3.run(ParentRunner.java:238)
	at org.junit.runners.ParentRunner$1.schedule(ParentRunner.java:63)
	at org.junit.runners.ParentRunner.runChildren(ParentRunner.java:236)
	at org.junit.runners.ParentRunner.access$000(ParentRunner.java:53)
	at org.junit.runners.ParentRunner$2.evaluate(ParentRunner.java:229)
	at org.junit.runners.ParentRunner.run(ParentRunner.java:309)
	at org.apache.maven.surefire.junit4.JUnit4Provider.execute(JUnit4Provider.java:365)
	at org.apache.maven.surefire.junit4.JUnit4Provider.executeWithRerun(JUnit4Provider.java:273)
	at org.apache.maven.surefire.junit4.JUnit4Provider.executeTestSet(JUnit4Provider.java:238)
	at org.apache.maven.surefire.junit4.JUnit4Provider.invoke(JUnit4Provider.java:159)
	at org.apache.maven.surefire.booter.ForkedBooter.invokeProviderInSameClassLoader(ForkedBooter.java:384)
	at org.apache.maven.surefire.booter.ForkedBooter.runSuitesInProcess(ForkedBooter.java:345)
	at org.apache.maven.surefire.booter.ForkedBooter.execute(ForkedBooter.java:126)
	at org.apache.maven.surefire.booter.ForkedBooter.main(ForkedBooter.java:418)
Caused by: org.apache.ratis.protocol.GroupMismatchException: f7705811-6e65-4a57-b1c4-0cb13cee4425: group-D5F8DFAFAF36 not found.
	at org.apache.ratis.server.impl.RaftServerProxy$ImplMap.get(RaftServerProxy.java:122)
	at org.apache.ratis.server.impl.RaftServerProxy.getImplFuture(RaftServerProxy.java:269)
	at org.apache.ratis.server.impl.RaftServerProxy.submitRequest(RaftServerProxy.java:327)
	at org.apache.ratis.server.impl.RaftServerProxy.submitClientRequestAsync(RaftServerProxy.java:333)
	at org.apache.ratis.grpc.client.GrpcClientProtocolService$RequestStreamObserver.processClientRequest(GrpcClientProtocolService.java:221)
	at org.apache.ratis.grpc.client.GrpcClientProtocolService$UnorderedRequestStreamObserver.processClientRequest(GrpcClientProtocolService.java:277)
	at org.apache.ratis.grpc.client.GrpcClientProtocolService$RequestStreamObserver.onNext(GrpcClientProtocolService.java:241)
	at org.apache.ratis.grpc.client.GrpcClientProtocolService$RequestStreamObserver.onNext(GrpcClientProtocolService.java:168)
	at org.apache.ratis.thirdparty.io.grpc.stub.ServerCalls$StreamingServerCallHandler$StreamingServerCallListener.onMessage(ServerCalls.java:248)
	at org.apache.ratis.thirdparty.io.grpc.internal.ServerCallImpl$ServerStreamListenerImpl.messagesAvailable(ServerCallImpl.java:263)
	at org.apache.ratis.thirdparty.io.grpc.internal.ServerImpl$JumpToApplicationThreadServerStreamListener$1MessagesAvailable.runInContext(ServerImpl.java:686)
	at org.apache.ratis.thirdparty.io.grpc.internal.ContextRunnable.run(ContextRunnable.java:37)
	at org.apache.ratis.thirdparty.io.grpc.internal.SerializingExecutor.run(SerializingExecutor.java:123)
	at java.util.concurrent.ThreadPoolExecutor.runWorker(ThreadPoolExecutor.java:1149)
	at java.util.concurrent.ThreadPoolExecutor$Worker.run(ThreadPoolExecutor.java:624)
	at java.lang.Thread.run(Thread.java:748)
2019-11-13 22:06:10,860 [main] WARN  storage.CommitWatcher (CommitWatcher.java:watchForCommit(207)) - watchForCommit failed for index 8
java.util.concurrent.ExecutionException: org.apache.ratis.protocol.GroupMismatchException: f7705811-6e65-4a57-b1c4-0cb13cee4425: group-D5F8DFAFAF36 not found.
	at java.util.concurrent.CompletableFuture.reportGet(CompletableFuture.java:357)
	at java.util.concurrent.CompletableFuture.get(CompletableFuture.java:1915)
	at org.apache.hadoop.hdds.scm.XceiverClientRatis.watchForCommit(XceiverClientRatis.java:274)
	at org.apache.hadoop.hdds.scm.storage.CommitWatcher.watchForCommit(CommitWatcher.java:198)
	at org.apache.hadoop.hdds.scm.storage.CommitWatcher.watchOnFirstIndex(CommitWatcher.java:137)
	at org.apache.hadoop.hdds.scm.storage.BlockOutputStream.watchForCommit(BlockOutputStream.java:346)
	at org.apache.hadoop.hdds.scm.storage.BlockOutputStream.handleFullBuffer(BlockOutputStream.java:323)
	at org.apache.hadoop.hdds.scm.storage.BlockOutputStream.write(BlockOutputStream.java:250)
	at org.apache.hadoop.ozone.client.io.BlockOutputStreamEntry.write(BlockOutputStreamEntry.java:129)
	at org.apache.hadoop.ozone.client.io.KeyOutputStream.handleWrite(KeyOutputStream.java:208)
	at org.apache.hadoop.ozone.client.io.KeyOutputStream.write(KeyOutputStream.java:190)
	at org.apache.hadoop.ozone.client.io.OzoneOutputStream.write(OzoneOutputStream.java:49)
	at java.io.OutputStream.write(OutputStream.java:75)
	at org.apache.hadoop.ozone.client.rpc.TestMultiBlockWritesWithDnFailures.testMultiBlockWritesWithDnFailures(TestMultiBlockWritesWithDnFailures.java:123)
	at sun.reflect.NativeMethodAccessorImpl.invoke0(Native Method)
	at sun.reflect.NativeMethodAccessorImpl.invoke(NativeMethodAccessorImpl.java:62)
	at sun.reflect.DelegatingMethodAccessorImpl.invoke(DelegatingMethodAccessorImpl.java:43)
	at java.lang.reflect.Method.invoke(Method.java:498)
	at org.junit.runners.model.FrameworkMethod$1.runReflectiveCall(FrameworkMethod.java:47)
	at org.junit.internal.runners.model.ReflectiveCallable.run(ReflectiveCallable.java:12)
	at org.junit.runners.model.FrameworkMethod.invokeExplosively(FrameworkMethod.java:44)
	at org.junit.internal.runners.statements.InvokeMethod.evaluate(InvokeMethod.java:17)
	at org.junit.internal.runners.statements.RunAfters.evaluate(RunAfters.java:27)
	at org.junit.runners.ParentRunner.runLeaf(ParentRunner.java:271)
	at org.junit.runners.BlockJUnit4ClassRunner.runChild(BlockJUnit4ClassRunner.java:70)
	at org.junit.runners.BlockJUnit4ClassRunner.runChild(BlockJUnit4ClassRunner.java:50)
	at org.junit.runners.ParentRunner$3.run(ParentRunner.java:238)
	at org.junit.runners.ParentRunner$1.schedule(ParentRunner.java:63)
	at org.junit.runners.ParentRunner.runChildren(ParentRunner.java:236)
	at org.junit.runners.ParentRunner.access$000(ParentRunner.java:53)
	at org.junit.runners.ParentRunner$2.evaluate(ParentRunner.java:229)
	at org.junit.runners.ParentRunner.run(ParentRunner.java:309)
	at org.apache.maven.surefire.junit4.JUnit4Provider.execute(JUnit4Provider.java:365)
	at org.apache.maven.surefire.junit4.JUnit4Provider.executeWithRerun(JUnit4Provider.java:273)
	at org.apache.maven.surefire.junit4.JUnit4Provider.executeTestSet(JUnit4Provider.java:238)
	at org.apache.maven.surefire.junit4.JUnit4Provider.invoke(JUnit4Provider.java:159)
	at org.apache.maven.surefire.booter.ForkedBooter.invokeProviderInSameClassLoader(ForkedBooter.java:384)
	at org.apache.maven.surefire.booter.ForkedBooter.runSuitesInProcess(ForkedBooter.java:345)
	at org.apache.maven.surefire.booter.ForkedBooter.execute(ForkedBooter.java:126)
	at org.apache.maven.surefire.booter.ForkedBooter.main(ForkedBooter.java:418)
Caused by: org.apache.ratis.protocol.GroupMismatchException: f7705811-6e65-4a57-b1c4-0cb13cee4425: group-D5F8DFAFAF36 not found.
	at org.apache.ratis.server.impl.RaftServerProxy$ImplMap.get(RaftServerProxy.java:122)
	at org.apache.ratis.server.impl.RaftServerProxy.getImplFuture(RaftServerProxy.java:269)
	at org.apache.ratis.server.impl.RaftServerProxy.submitRequest(RaftServerProxy.java:327)
	at org.apache.ratis.server.impl.RaftServerProxy.submitClientRequestAsync(RaftServerProxy.java:333)
	at org.apache.ratis.grpc.client.GrpcClientProtocolService$RequestStreamObserver.processClientRequest(GrpcClientProtocolService.java:221)
	at org.apache.ratis.grpc.client.GrpcClientProtocolService$UnorderedRequestStreamObserver.processClientRequest(GrpcClientProtocolService.java:277)
	at org.apache.ratis.grpc.client.GrpcClientProtocolService$RequestStreamObserver.onNext(GrpcClientProtocolService.java:241)
	at org.apache.ratis.grpc.client.GrpcClientProtocolService$RequestStreamObserver.onNext(GrpcClientProtocolService.java:168)
	at org.apache.ratis.thirdparty.io.grpc.stub.ServerCalls$StreamingServerCallHandler$StreamingServerCallListener.onMessage(ServerCalls.java:248)
	at org.apache.ratis.thirdparty.io.grpc.internal.ServerCallImpl$ServerStreamListenerImpl.messagesAvailable(ServerCallImpl.java:263)
	at org.apache.ratis.thirdparty.io.grpc.internal.ServerImpl$JumpToApplicationThreadServerStreamListener$1MessagesAvailable.runInContext(ServerImpl.java:686)
	at org.apache.ratis.thirdparty.io.grpc.internal.ContextRunnable.run(ContextRunnable.java:37)
	at org.apache.ratis.thirdparty.io.grpc.internal.SerializingExecutor.run(SerializingExecutor.java:123)
	at java.util.concurrent.ThreadPoolExecutor.runWorker(ThreadPoolExecutor.java:1149)
	at java.util.concurrent.ThreadPoolExecutor$Worker.run(ThreadPoolExecutor.java:624)
	at java.lang.Thread.run(Thread.java:748)
2019-11-13 22:06:10,861 [main] WARN  io.KeyOutputStream (KeyOutputStream.java:handleException(274)) - Encountered exception java.io.IOException: Unexpected Storage Container Exception: java.io.IOException: Unexpected Storage Container Exception: java.util.concurrent.ExecutionException: org.apache.ratis.protocol.GroupMismatchException: f7705811-6e65-4a57-b1c4-0cb13cee4425: group-D5F8DFAFAF36 not found. on the pipeline Pipeline[ Id: d7027b97-989c-47a5-874c-d5f8dfafaf36, Nodes: 7b888e0e-6a0f-4b0e-88cc-e0733c42ba91{ip: 192.168.164.237, host: pr-hdds-2471-vxr4w-2980416436, networkLocation: /default-rack, certSerialId: null}f7705811-6e65-4a57-b1c4-0cb13cee4425{ip: 192.168.164.237, host: pr-hdds-2471-vxr4w-2980416436, networkLocation: /default-rack, certSerialId: null}b437d6a1-54f9-495c-b2fd-bb696abd9804{ip: 192.168.164.237, host: pr-hdds-2471-vxr4w-2980416436, networkLocation: /default-rack, certSerialId: null}, Type:RATIS, Factor:THREE, State:OPEN]. The last committed block length is 2097152, uncommitted data length is 2097152 retry count 0
2019-11-13 22:06:10,863 [main] INFO  io.BlockOutputStreamEntryPool (BlockOutputStreamEntryPool.java:allocateNewBlock(257)) - Allocating block with ExcludeList {datanodes = [], containerIds = [], pipelineIds = [PipelineID=d7027b97-989c-47a5-874c-d5f8dfafaf36]}
2019-11-13 22:06:10,870 [IPC Server handler 2 on 43451] WARN  block.BlockManagerImpl (BlockManagerImpl.java:allocateBlock(200)) - Pipeline creation failed for type:RATIS factor:THREE. Retrying get pipelines call once.
org.apache.hadoop.hdds.scm.pipeline.InsufficientDatanodesException: Cannot create pipeline of factor 3 using 0 nodes.
	at org.apache.hadoop.hdds.scm.pipeline.RatisPipelineProvider.create(RatisPipelineProvider.java:153)
	at org.apache.hadoop.hdds.scm.pipeline.PipelineFactory.create(PipelineFactory.java:58)
	at org.apache.hadoop.hdds.scm.pipeline.SCMPipelineManager.createPipeline(SCMPipelineManager.java:155)
	at org.apache.hadoop.hdds.scm.block.BlockManagerImpl.allocateBlock(BlockManagerImpl.java:198)
	at org.apache.hadoop.hdds.scm.server.SCMBlockProtocolServer.allocateBlock(SCMBlockProtocolServer.java:187)
	at org.apache.hadoop.hdds.scm.protocol.ScmBlockLocationProtocolServerSideTranslatorPB.allocateScmBlock(ScmBlockLocationProtocolServerSideTranslatorPB.java:159)
	at org.apache.hadoop.hdds.scm.protocol.ScmBlockLocationProtocolServerSideTranslatorPB.processMessage(ScmBlockLocationProtocolServerSideTranslatorPB.java:117)
	at org.apache.hadoop.hdds.server.OzoneProtocolMessageDispatcher.processRequest(OzoneProtocolMessageDispatcher.java:72)
	at org.apache.hadoop.hdds.scm.protocol.ScmBlockLocationProtocolServerSideTranslatorPB.send(ScmBlockLocationProtocolServerSideTranslatorPB.java:98)
	at org.apache.hadoop.hdds.protocol.proto.ScmBlockLocationProtocolProtos$ScmBlockLocationProtocolService$2.callBlockingMethod(ScmBlockLocationProtocolProtos.java:13157)
	at org.apache.hadoop.ipc.ProtobufRpcEngine$Server$ProtoBufRpcInvoker.call(ProtobufRpcEngine.java:524)
	at org.apache.hadoop.ipc.RPC$Server.call(RPC.java:1025)
	at org.apache.hadoop.ipc.Server$RpcCall.run(Server.java:876)
	at org.apache.hadoop.ipc.Server$RpcCall.run(Server.java:822)
	at java.security.AccessController.doPrivileged(Native Method)
	at javax.security.auth.Subject.doAs(Subject.java:422)
	at org.apache.hadoop.security.UserGroupInformation.doAs(UserGroupInformation.java:1730)
	at org.apache.hadoop.ipc.Server$Handler.run(Server.java:2682)
2019-11-13 22:06:10,871 [IPC Server handler 2 on 43451] INFO  block.BlockManagerImpl (BlockManagerImpl.java:allocateBlock(212)) - Could not find available pipeline of type:RATIS and factor:THREE even after retrying
2019-11-13 22:06:10,871 [IPC Server handler 2 on 43451] ERROR block.BlockManagerImpl (BlockManagerImpl.java:allocateBlock(236)) - Unable to allocate a block for the size: 4194304, type: RATIS, factor: THREE
2019-11-13 22:06:10,875 [main] ERROR io.BlockOutputStreamEntryPool (BlockOutputStreamEntryPool.java:allocateBlockIfNeeded(310)) - Try to allocate more blocks for write failed, already allocated 0 blocks for this write.
INTERNAL_ERROR org.apache.hadoop.ozone.om.exceptions.OMException: Allocated 0 blocks. Requested 1 blocks
	at org.apache.hadoop.ozone.om.protocolPB.OzoneManagerProtocolClientSideTranslatorPB.handleError(OzoneManagerProtocolClientSideTranslatorPB.java:761)
	at org.apache.hadoop.ozone.om.protocolPB.OzoneManagerProtocolClientSideTranslatorPB.allocateBlock(OzoneManagerProtocolClientSideTranslatorPB.java:793)
	at sun.reflect.NativeMethodAccessorImpl.invoke0(Native Method)
	at sun.reflect.NativeMethodAccessorImpl.invoke(NativeMethodAccessorImpl.java:62)
	at sun.reflect.DelegatingMethodAccessorImpl.invoke(DelegatingMethodAccessorImpl.java:43)
	at java.lang.reflect.Method.invoke(Method.java:498)
	at org.apache.hadoop.hdds.tracing.TraceAllMethod.invoke(TraceAllMethod.java:66)
	at com.sun.proxy.$Proxy36.allocateBlock(Unknown Source)
	at org.apache.hadoop.ozone.client.io.BlockOutputStreamEntryPool.allocateNewBlock(BlockOutputStreamEntryPool.java:259)
	at org.apache.hadoop.ozone.client.io.BlockOutputStreamEntryPool.allocateBlockIfNeeded(BlockOutputStreamEntryPool.java:307)
	at org.apache.hadoop.ozone.client.io.KeyOutputStream.handleWrite(KeyOutputStream.java:198)
	at org.apache.hadoop.ozone.client.io.KeyOutputStream.handleRetry(KeyOutputStream.java:375)
	at org.apache.hadoop.ozone.client.io.KeyOutputStream.handleException(KeyOutputStream.java:324)
	at org.apache.hadoop.ozone.client.io.KeyOutputStream.handleWrite(KeyOutputStream.java:228)
	at org.apache.hadoop.ozone.client.io.KeyOutputStream.write(KeyOutputStream.java:190)
	at org.apache.hadoop.ozone.client.io.OzoneOutputStream.write(OzoneOutputStream.java:49)
	at java.io.OutputStream.write(OutputStream.java:75)
	at org.apache.hadoop.ozone.client.rpc.TestMultiBlockWritesWithDnFailures.testMultiBlockWritesWithDnFailures(TestMultiBlockWritesWithDnFailures.java:123)
	at sun.reflect.NativeMethodAccessorImpl.invoke0(Native Method)
	at sun.reflect.NativeMethodAccessorImpl.invoke(NativeMethodAccessorImpl.java:62)
	at sun.reflect.DelegatingMethodAccessorImpl.invoke(DelegatingMethodAccessorImpl.java:43)
	at java.lang.reflect.Method.invoke(Method.java:498)
	at org.junit.runners.model.FrameworkMethod$1.runReflectiveCall(FrameworkMethod.java:47)
	at org.junit.internal.runners.model.ReflectiveCallable.run(ReflectiveCallable.java:12)
	at org.junit.runners.model.FrameworkMethod.invokeExplosively(FrameworkMethod.java:44)
	at org.junit.internal.runners.statements.InvokeMethod.evaluate(InvokeMethod.java:17)
	at org.junit.internal.runners.statements.RunAfters.evaluate(RunAfters.java:27)
	at org.junit.runners.ParentRunner.runLeaf(ParentRunner.java:271)
	at org.junit.runners.BlockJUnit4ClassRunner.runChild(BlockJUnit4ClassRunner.java:70)
	at org.junit.runners.BlockJUnit4ClassRunner.runChild(BlockJUnit4ClassRunner.java:50)
	at org.junit.runners.ParentRunner$3.run(ParentRunner.java:238)
	at org.junit.runners.ParentRunner$1.schedule(ParentRunner.java:63)
	at org.junit.runners.ParentRunner.runChildren(ParentRunner.java:236)
	at org.junit.runners.ParentRunner.access$000(ParentRunner.java:53)
	at org.junit.runners.ParentRunner$2.evaluate(ParentRunner.java:229)
	at org.junit.runners.ParentRunner.run(ParentRunner.java:309)
	at org.apache.maven.surefire.junit4.JUnit4Provider.execute(JUnit4Provider.java:365)
	at org.apache.maven.surefire.junit4.JUnit4Provider.executeWithRerun(JUnit4Provider.java:273)
	at org.apache.maven.surefire.junit4.JUnit4Provider.executeTestSet(JUnit4Provider.java:238)
	at org.apache.maven.surefire.junit4.JUnit4Provider.invoke(JUnit4Provider.java:159)
	at org.apache.maven.surefire.booter.ForkedBooter.invokeProviderInSameClassLoader(ForkedBooter.java:384)
	at org.apache.maven.surefire.booter.ForkedBooter.runSuitesInProcess(ForkedBooter.java:345)
	at org.apache.maven.surefire.booter.ForkedBooter.execute(ForkedBooter.java:126)
	at org.apache.maven.surefire.booter.ForkedBooter.main(ForkedBooter.java:418)
2019-11-13 22:06:10,875 [main] INFO  ozone.MiniOzoneClusterImpl (MiniOzoneClusterImpl.java:shutdown(352)) - Shutting down the Mini Ozone Cluster
2019-11-13 22:06:10,876 [main] INFO  ozone.MiniOzoneClusterImpl (MiniOzoneClusterImpl.java:stop(368)) - Stopping the Mini Ozone Cluster
2019-11-13 22:06:10,876 [main] INFO  ozone.MiniOzoneClusterImpl (MiniOzoneClusterImpl.java:stopOM(438)) - Stopping the OzoneManager
2019-11-13 22:06:10,876 [main] INFO  ipc.Server (Server.java:stop(3082)) - Stopping server on 42172
2019-11-13 22:06:10,886 [IPC Server listener on 42172] INFO  ipc.Server (Server.java:run(1185)) - Stopping IPC Server listener on 42172
2019-11-13 22:06:10,886 [IPC Server Responder] INFO  ipc.Server (Server.java:run(1319)) - Stopping IPC Server Responder
2019-11-13 22:06:10,886 [main] INFO  ratis.OzoneManagerDoubleBuffer (OzoneManagerDoubleBuffer.java:stop(261)) - Stopping OMDoubleBuffer flush thread
2019-11-13 22:06:10,891 [OMDoubleBufferFlushThread] INFO  ratis.OzoneManagerDoubleBuffer (OzoneManagerDoubleBuffer.java:flushTransactions(199)) - OMDoubleBuffer flush thread OMDoubleBufferFlushThread is interrupted and will exit. OMDoubleBufferFlushThread
2019-11-13 22:06:10,900 [main] INFO  utils.BackgroundService (BackgroundService.java:shutdown(151)) - Shutting down service KeyDeletingService
2019-11-13 22:06:10,907 [main] INFO  handler.ContextHandler (ContextHandler.java:doStop(910)) - Stopped o.e.j.w.WebAppContext@17e9bc9e{/,null,UNAVAILABLE}{/ozoneManager}
2019-11-13 22:06:10,908 [main] INFO  server.AbstractConnector (AbstractConnector.java:doStop(318)) - Stopped ServerConnector@36b9cb99{HTTP/1.1,[http/1.1]}{0.0.0.0:0}
2019-11-13 22:06:10,908 [main] INFO  handler.ContextHandler (ContextHandler.java:doStop(910)) - Stopped o.e.j.s.ServletContextHandler@3b95a6db{/static,file:///workdir/hadoop-ozone/integration-test/target/test-classes/webapps/static,UNAVAILABLE}
2019-11-13 22:06:10,909 [main] INFO  handler.ContextHandler (ContextHandler.java:doStop(910)) - Stopped o.e.j.s.ServletContextHandler@21b6c9c2{/logs,file:///workdir/hadoop-ozone/integration-test/target/log,UNAVAILABLE}
2019-11-13 22:06:10,912 [main] INFO  ozone.MiniOzoneClusterImpl (MiniOzoneClusterImpl.java:stopDatanodes(415)) - Stopping the HddsDatanodes
2019-11-13 22:06:10,934 [Thread-1387] INFO  impl.FollowerState (FollowerState.java:run(111)) - 7b888e0e-6a0f-4b0e-88cc-e0733c42ba91@group-B9D2931423C9-FollowerState: change to CANDIDATE, lastRpcTime:1006ms, electionTimeout:1006ms
2019-11-13 22:06:10,934 [Thread-1387] INFO  impl.RoleInfo (RoleInfo.java:shutdownFollowerState(121)) - 7b888e0e-6a0f-4b0e-88cc-e0733c42ba91: shutdown FollowerState
2019-11-13 22:06:10,934 [Thread-1387] INFO  impl.RaftServerImpl (RaftServerImpl.java:setRole(173)) - 7b888e0e-6a0f-4b0e-88cc-e0733c42ba91@group-B9D2931423C9: changes role from  FOLLOWER to CANDIDATE at term 0 for changeToCandidate
2019-11-13 22:06:10,934 [Thread-1387] INFO  impl.RoleInfo (RoleInfo.java:updateAndGet(143)) - 7b888e0e-6a0f-4b0e-88cc-e0733c42ba91: start LeaderElection
2019-11-13 22:06:10,940 [Datanode State Machine Thread - 0] INFO  statemachine.DatanodeStateMachine (DatanodeStateMachine.java:lambda$startDaemon$0(350)) - Ozone container server started.
2019-11-13 22:06:10,963 [7b888e0e-6a0f-4b0e-88cc-e0733c42ba91@group-B9D2931423C9-LeaderElection58] INFO  impl.LeaderElection (LeaderElection.java:askForVotes(178)) - 7b888e0e-6a0f-4b0e-88cc-e0733c42ba91@group-B9D2931423C9-LeaderElection58: begin an election at term 1 for -1: [7b888e0e-6a0f-4b0e-88cc-e0733c42ba91:192.168.164.237:44948, f7705811-6e65-4a57-b1c4-0cb13cee4425:192.168.164.237:42605, b437d6a1-54f9-495c-b2fd-bb696abd9804:192.168.164.237:38716], old=null
2019-11-13 22:06:10,970 [grpc-default-executor-4] INFO  impl.RaftServerImpl (RaftServerImpl.java:setRole(173)) - b437d6a1-54f9-495c-b2fd-bb696abd9804@group-B9D2931423C9: changes role from  FOLLOWER to FOLLOWER at term 1 for recognizeCandidate:7b888e0e-6a0f-4b0e-88cc-e0733c42ba91
2019-11-13 22:06:10,970 [grpc-default-executor-5] INFO  impl.RaftServerImpl (RaftServerImpl.java:setRole(173)) - f7705811-6e65-4a57-b1c4-0cb13cee4425@group-B9D2931423C9: changes role from  FOLLOWER to FOLLOWER at term 1 for recognizeCandidate:7b888e0e-6a0f-4b0e-88cc-e0733c42ba91
2019-11-13 22:06:10,970 [grpc-default-executor-4] INFO  impl.RoleInfo (RoleInfo.java:shutdownFollowerState(121)) - b437d6a1-54f9-495c-b2fd-bb696abd9804: shutdown FollowerState
2019-11-13 22:06:10,970 [grpc-default-executor-5] INFO  impl.RoleInfo (RoleInfo.java:shutdownFollowerState(121)) - f7705811-6e65-4a57-b1c4-0cb13cee4425: shutdown FollowerState
2019-11-13 22:06:10,970 [Thread-1392] INFO  impl.FollowerState (FollowerState.java:run(120)) - b437d6a1-54f9-495c-b2fd-bb696abd9804@group-B9D2931423C9-FollowerState was interrupted: java.lang.InterruptedException: sleep interrupted
2019-11-13 22:06:10,971 [grpc-default-executor-5] INFO  impl.RoleInfo (RoleInfo.java:updateAndGet(143)) - f7705811-6e65-4a57-b1c4-0cb13cee4425: start FollowerState
2019-11-13 22:06:10,970 [grpc-default-executor-4] INFO  impl.RoleInfo (RoleInfo.java:updateAndGet(143)) - b437d6a1-54f9-495c-b2fd-bb696abd9804: start FollowerState
2019-11-13 22:06:10,971 [Thread-1391] INFO  impl.FollowerState (FollowerState.java:run(120)) - f7705811-6e65-4a57-b1c4-0cb13cee4425@group-B9D2931423C9-FollowerState was interrupted: java.lang.InterruptedException: sleep interrupted
2019-11-13 22:06:10,987 [7b888e0e-6a0f-4b0e-88cc-e0733c42ba91@group-B9D2931423C9-LeaderElection58] INFO  impl.LeaderElection (LeaderElection.java:logAndReturn(56)) - 7b888e0e-6a0f-4b0e-88cc-e0733c42ba91@group-B9D2931423C9-LeaderElection58: Election PASSED; received 1 response(s) [7b888e0e-6a0f-4b0e-88cc-e0733c42ba91<-f7705811-6e65-4a57-b1c4-0cb13cee4425#0:OK-t1] and 0 exception(s); 7b888e0e-6a0f-4b0e-88cc-e0733c42ba91@group-B9D2931423C9:t1, leader=null, voted=7b888e0e-6a0f-4b0e-88cc-e0733c42ba91, raftlog=7b888e0e-6a0f-4b0e-88cc-e0733c42ba91@group-B9D2931423C9-SegmentedRaftLog:OPENED:c-1,f-1,i0, conf=-1: [7b888e0e-6a0f-4b0e-88cc-e0733c42ba91:192.168.164.237:44948, f7705811-6e65-4a57-b1c4-0cb13cee4425:192.168.164.237:42605, b437d6a1-54f9-495c-b2fd-bb696abd9804:192.168.164.237:38716], old=null
2019-11-13 22:06:10,987 [7b888e0e-6a0f-4b0e-88cc-e0733c42ba91@group-B9D2931423C9-LeaderElection58] INFO  impl.RoleInfo (RoleInfo.java:shutdownLeaderElection(134)) - 7b888e0e-6a0f-4b0e-88cc-e0733c42ba91: shutdown LeaderElection
2019-11-13 22:06:10,987 [7b888e0e-6a0f-4b0e-88cc-e0733c42ba91@group-B9D2931423C9-LeaderElection58] INFO  impl.RaftServerImpl (RaftServerImpl.java:setRole(173)) - 7b888e0e-6a0f-4b0e-88cc-e0733c42ba91@group-B9D2931423C9: changes role from CANDIDATE to LEADER at term 1 for changeToLeader
2019-11-13 22:06:10,988 [7b888e0e-6a0f-4b0e-88cc-e0733c42ba91@group-B9D2931423C9-LeaderElection58] INFO  ratis.XceiverServerRatis (XceiverServerRatis.java:handleLeaderChangedNotification(697)) - Leader change notification received for group: group-B9D2931423C9 with new leaderId: 7b888e0e-6a0f-4b0e-88cc-e0733c42ba91
2019-11-13 22:06:10,988 [7b888e0e-6a0f-4b0e-88cc-e0733c42ba91@group-B9D2931423C9-LeaderElection58] INFO  impl.RaftServerImpl (ServerState.java:setLeader(255)) - 7b888e0e-6a0f-4b0e-88cc-e0733c42ba91@group-B9D2931423C9: change Leader from null to 7b888e0e-6a0f-4b0e-88cc-e0733c42ba91 at term 1 for becomeLeader, leader elected after 1066ms
2019-11-13 22:06:10,988 [Datanode State Machine Thread - 0] INFO  statemachine.DatanodeStateMachine (DatanodeStateMachine.java:lambda$startDaemon$0(350)) - Ozone container server started.
2019-11-13 22:06:10,988 [7b888e0e-6a0f-4b0e-88cc-e0733c42ba91@group-B9D2931423C9-LeaderElection58] INFO  server.RaftServerConfigKeys (ConfUtils.java:logGet(43)) - raft.server.staging.catchup.gap = 1000 (default)
2019-11-13 22:06:10,988 [7b888e0e-6a0f-4b0e-88cc-e0733c42ba91@group-B9D2931423C9-LeaderElection58] INFO  server.RaftServerConfigKeys (ConfUtils.java:logGet(43)) - raft.server.rpc.sleep.time = 25ms (default)
2019-11-13 22:06:10,989 [7b888e0e-6a0f-4b0e-88cc-e0733c42ba91@group-B9D2931423C9-LeaderElection58] INFO  server.RaftServerConfigKeys (ConfUtils.java:logGet(43)) - raft.server.write.element-limit = 4096 (default)
2019-11-13 22:06:10,989 [7b888e0e-6a0f-4b0e-88cc-e0733c42ba91@group-B9D2931423C9-LeaderElection58] INFO  server.RaftServerConfigKeys (ConfUtils.java:logGet(43)) - raft.server.watch.timeout = 10s (default)
2019-11-13 22:06:10,989 [7b888e0e-6a0f-4b0e-88cc-e0733c42ba91@group-B9D2931423C9-LeaderElection58] INFO  server.RaftServerConfigKeys (ConfUtils.java:logGet(43)) - raft.server.watch.timeout.denomination = 1s (default)
2019-11-13 22:06:10,989 [7b888e0e-6a0f-4b0e-88cc-e0733c42ba91@group-B9D2931423C9-LeaderElection58] INFO  server.RaftServerConfigKeys (ConfUtils.java:logGet(43)) - raft.server.watch.element-limit = 65536 (default)
2019-11-13 22:06:10,989 [7b888e0e-6a0f-4b0e-88cc-e0733c42ba91@group-B9D2931423C9-LeaderElection58] INFO  server.RaftServerConfigKeys (ConfUtils.java:logGet(43)) - raft.server.log.appender.snapshot.chunk.size.max = 16MB (=16777216) (default)
2019-11-13 22:06:10,990 [7b888e0e-6a0f-4b0e-88cc-e0733c42ba91@group-B9D2931423C9-LeaderElection58] INFO  server.RaftServerConfigKeys (ConfUtils.java:logGet(43)) - raft.server.log.appender.buffer.byte-limit = 33554432 (custom)
2019-11-13 22:06:10,990 [7b888e0e-6a0f-4b0e-88cc-e0733c42ba91@group-B9D2931423C9-LeaderElection58] INFO  server.RaftServerConfigKeys (ConfUtils.java:logGet(43)) - raft.server.log.appender.buffer.element-limit = 1 (custom)
2019-11-13 22:06:10,990 [7b888e0e-6a0f-4b0e-88cc-e0733c42ba91@group-B9D2931423C9-LeaderElection58] INFO  grpc.GrpcConfigKeys$Server (ConfUtils.java:logGet(43)) - raft.grpc.server.leader.outstanding.appends.max = 128 (default)
2019-11-13 22:06:10,990 [7b888e0e-6a0f-4b0e-88cc-e0733c42ba91@group-B9D2931423C9-LeaderElection58] INFO  server.RaftServerConfigKeys (ConfUtils.java:logGet(43)) - raft.server.rpc.request.timeout = 3000ms (default)
2019-11-13 22:06:10,990 [7b888e0e-6a0f-4b0e-88cc-e0733c42ba91@group-B9D2931423C9-LeaderElection58] INFO  server.RaftServerConfigKeys (ConfUtils.java:logGet(43)) - raft.server.log.appender.install.snapshot.enabled = false (custom)
2019-11-13 22:06:10,991 [7b888e0e-6a0f-4b0e-88cc-e0733c42ba91@group-B9D2931423C9-LeaderElection58] WARN  impl.MetricRegistriesImpl (MetricRegistriesImpl.java:lambda$create$1(61)) - First MetricRegistry has been created without registering reporters. You may need to call MetricRegistries.global().addReportRegistration(...) before.
2019-11-13 22:06:10,991 [7b888e0e-6a0f-4b0e-88cc-e0733c42ba91@group-B9D2931423C9-LeaderElection58] INFO  server.RaftServerConfigKeys (ConfUtils.java:logGet(43)) - raft.server.log.appender.snapshot.chunk.size.max = 16MB (=16777216) (default)
2019-11-13 22:06:10,991 [7b888e0e-6a0f-4b0e-88cc-e0733c42ba91@group-B9D2931423C9-LeaderElection58] INFO  server.RaftServerConfigKeys (ConfUtils.java:logGet(43)) - raft.server.log.appender.buffer.byte-limit = 33554432 (custom)
2019-11-13 22:06:10,991 [7b888e0e-6a0f-4b0e-88cc-e0733c42ba91@group-B9D2931423C9-LeaderElection58] INFO  server.RaftServerConfigKeys (ConfUtils.java:logGet(43)) - raft.server.log.appender.buffer.element-limit = 1 (custom)
2019-11-13 22:06:10,991 [7b888e0e-6a0f-4b0e-88cc-e0733c42ba91@group-B9D2931423C9-LeaderElection58] INFO  grpc.GrpcConfigKeys$Server (ConfUtils.java:logGet(43)) - raft.grpc.server.leader.outstanding.appends.max = 128 (default)
2019-11-13 22:06:10,991 [7b888e0e-6a0f-4b0e-88cc-e0733c42ba91@group-B9D2931423C9-LeaderElection58] INFO  server.RaftServerConfigKeys (ConfUtils.java:logGet(43)) - raft.server.rpc.request.timeout = 3000ms (default)
2019-11-13 22:06:10,991 [7b888e0e-6a0f-4b0e-88cc-e0733c42ba91@group-B9D2931423C9-LeaderElection58] INFO  server.RaftServerConfigKeys (ConfUtils.java:logGet(43)) - raft.server.log.appender.install.snapshot.enabled = false (custom)
2019-11-13 22:06:10,992 [7b888e0e-6a0f-4b0e-88cc-e0733c42ba91@group-B9D2931423C9-LeaderElection58] INFO  impl.RoleInfo (RoleInfo.java:updateAndGet(143)) - 7b888e0e-6a0f-4b0e-88cc-e0733c42ba91: start LeaderState
2019-11-13 22:06:10,992 [7b888e0e-6a0f-4b0e-88cc-e0733c42ba91@group-B9D2931423C9-LeaderElection58] INFO  segmented.SegmentedRaftLogWorker (SegmentedRaftLogWorker.java:startLogSegment(385)) - 7b888e0e-6a0f-4b0e-88cc-e0733c42ba91@group-B9D2931423C9-SegmentedRaftLogWorker: Starting segment from index:0
2019-11-13 22:06:11,015 [7b888e0e-6a0f-4b0e-88cc-e0733c42ba91@group-B9D2931423C9-LeaderElection58] INFO  impl.RaftServerImpl (ServerState.java:setRaftConf(356)) - 7b888e0e-6a0f-4b0e-88cc-e0733c42ba91@group-B9D2931423C9: set configuration 0: [7b888e0e-6a0f-4b0e-88cc-e0733c42ba91:192.168.164.237:44948, f7705811-6e65-4a57-b1c4-0cb13cee4425:192.168.164.237:42605, b437d6a1-54f9-495c-b2fd-bb696abd9804:192.168.164.237:38716], old=null at 0
2019-11-13 22:06:11,017 [grpc-default-executor-5] INFO  ratis.XceiverServerRatis (XceiverServerRatis.java:handleLeaderChangedNotification(697)) - Leader change notification received for group: group-B9D2931423C9 with new leaderId: 7b888e0e-6a0f-4b0e-88cc-e0733c42ba91
2019-11-13 22:06:11,018 [grpc-default-executor-5] INFO  impl.RaftServerImpl (ServerState.java:setLeader(255)) - b437d6a1-54f9-495c-b2fd-bb696abd9804@group-B9D2931423C9: change Leader from null to 7b888e0e-6a0f-4b0e-88cc-e0733c42ba91 at term 1 for appendEntries, leader elected after 1096ms
2019-11-13 22:06:11,018 [grpc-default-executor-5] INFO  ratis.XceiverServerRatis (XceiverServerRatis.java:handleLeaderChangedNotification(697)) - Leader change notification received for group: group-B9D2931423C9 with new leaderId: 7b888e0e-6a0f-4b0e-88cc-e0733c42ba91
2019-11-13 22:06:11,018 [grpc-default-executor-5] INFO  impl.RaftServerImpl (ServerState.java:setLeader(255)) - f7705811-6e65-4a57-b1c4-0cb13cee4425@group-B9D2931423C9: change Leader from null to 7b888e0e-6a0f-4b0e-88cc-e0733c42ba91 at term 1 for appendEntries, leader elected after 1097ms
2019-11-13 22:06:11,021 [grpc-default-executor-5] INFO  impl.RaftServerImpl (ServerState.java:setRaftConf(356)) - b437d6a1-54f9-495c-b2fd-bb696abd9804@group-B9D2931423C9: set configuration 0: [7b888e0e-6a0f-4b0e-88cc-e0733c42ba91:192.168.164.237:44948, f7705811-6e65-4a57-b1c4-0cb13cee4425:192.168.164.237:42605, b437d6a1-54f9-495c-b2fd-bb696abd9804:192.168.164.237:38716], old=null at 0
2019-11-13 22:06:11,021 [grpc-default-executor-5] INFO  segmented.SegmentedRaftLogWorker (SegmentedRaftLogWorker.java:startLogSegment(385)) - b437d6a1-54f9-495c-b2fd-bb696abd9804@group-B9D2931423C9-SegmentedRaftLogWorker: Starting segment from index:0
2019-11-13 22:06:11,022 [grpc-default-executor-4] INFO  impl.RaftServerImpl (ServerState.java:setRaftConf(356)) - f7705811-6e65-4a57-b1c4-0cb13cee4425@group-B9D2931423C9: set configuration 0: [7b888e0e-6a0f-4b0e-88cc-e0733c42ba91:192.168.164.237:44948, f7705811-6e65-4a57-b1c4-0cb13cee4425:192.168.164.237:42605, b437d6a1-54f9-495c-b2fd-bb696abd9804:192.168.164.237:38716], old=null at 0
2019-11-13 22:06:11,022 [grpc-default-executor-4] INFO  segmented.SegmentedRaftLogWorker (SegmentedRaftLogWorker.java:startLogSegment(385)) - f7705811-6e65-4a57-b1c4-0cb13cee4425@group-B9D2931423C9-SegmentedRaftLogWorker: Starting segment from index:0
2019-11-13 22:06:11,027 [7b888e0e-6a0f-4b0e-88cc-e0733c42ba91@group-B9D2931423C9-SegmentedRaftLogWorker] INFO  segmented.SegmentedRaftLogWorker (SegmentedRaftLogWorker.java:execute(576)) - 7b888e0e-6a0f-4b0e-88cc-e0733c42ba91@group-B9D2931423C9-SegmentedRaftLogWorker: created new log segment /workdir/hadoop-ozone/integration-test/target/test-dir/MiniOzoneClusterImpl-7f102aba-c488-44cf-bcdb-425554d335ef/datanode-3/data/ratis/5b3aa9ce-36f2-47ed-a742-b9d2931423c9/current/log_inprogress_0
2019-11-13 22:06:11,057 [b437d6a1-54f9-495c-b2fd-bb696abd9804@group-B9D2931423C9-SegmentedRaftLogWorker] INFO  segmented.SegmentedRaftLogWorker (SegmentedRaftLogWorker.java:execute(576)) - b437d6a1-54f9-495c-b2fd-bb696abd9804@group-B9D2931423C9-SegmentedRaftLogWorker: created new log segment /workdir/hadoop-ozone/integration-test/target/test-dir/MiniOzoneClusterImpl-7f102aba-c488-44cf-bcdb-425554d335ef/datanode-5/data/ratis/5b3aa9ce-36f2-47ed-a742-b9d2931423c9/current/log_inprogress_0
2019-11-13 22:06:11,057 [f7705811-6e65-4a57-b1c4-0cb13cee4425@group-B9D2931423C9-SegmentedRaftLogWorker] INFO  segmented.SegmentedRaftLogWorker (SegmentedRaftLogWorker.java:execute(576)) - f7705811-6e65-4a57-b1c4-0cb13cee4425@group-B9D2931423C9-SegmentedRaftLogWorker: created new log segment /workdir/hadoop-ozone/integration-test/target/test-dir/MiniOzoneClusterImpl-7f102aba-c488-44cf-bcdb-425554d335ef/datanode-4/data/ratis/5b3aa9ce-36f2-47ed-a742-b9d2931423c9/current/log_inprogress_0
2019-11-13 22:06:11,062 [Thread-1397] INFO  impl.FollowerState (FollowerState.java:run(111)) - f7705811-6e65-4a57-b1c4-0cb13cee4425@group-67ACA6D0AA0F-FollowerState: change to CANDIDATE, lastRpcTime:1075ms, electionTimeout:1075ms
2019-11-13 22:06:11,062 [Thread-1397] INFO  impl.RoleInfo (RoleInfo.java:shutdownFollowerState(121)) - f7705811-6e65-4a57-b1c4-0cb13cee4425: shutdown FollowerState
2019-11-13 22:06:11,062 [Thread-1397] INFO  impl.RaftServerImpl (RaftServerImpl.java:setRole(173)) - f7705811-6e65-4a57-b1c4-0cb13cee4425@group-67ACA6D0AA0F: changes role from  FOLLOWER to CANDIDATE at term 0 for changeToCandidate
2019-11-13 22:06:11,062 [Thread-1397] INFO  impl.RoleInfo (RoleInfo.java:updateAndGet(143)) - f7705811-6e65-4a57-b1c4-0cb13cee4425: start LeaderElection
2019-11-13 22:06:11,079 [f7705811-6e65-4a57-b1c4-0cb13cee4425@group-67ACA6D0AA0F-LeaderElection59] INFO  impl.LeaderElection (LeaderElection.java:askForVotes(178)) - f7705811-6e65-4a57-b1c4-0cb13cee4425@group-67ACA6D0AA0F-LeaderElection59: begin an election at term 1 for -1: [f7705811-6e65-4a57-b1c4-0cb13cee4425:192.168.164.237:42605], old=null
2019-11-13 22:06:11,079 [f7705811-6e65-4a57-b1c4-0cb13cee4425@group-67ACA6D0AA0F-LeaderElection59] INFO  impl.RoleInfo (RoleInfo.java:shutdownLeaderElection(134)) - f7705811-6e65-4a57-b1c4-0cb13cee4425: shutdown LeaderElection
2019-11-13 22:06:11,080 [f7705811-6e65-4a57-b1c4-0cb13cee4425@group-67ACA6D0AA0F-LeaderElection59] INFO  impl.RaftServerImpl (RaftServerImpl.java:setRole(173)) - f7705811-6e65-4a57-b1c4-0cb13cee4425@group-67ACA6D0AA0F: changes role from CANDIDATE to LEADER at term 1 for changeToLeader
2019-11-13 22:06:11,080 [f7705811-6e65-4a57-b1c4-0cb13cee4425@group-67ACA6D0AA0F-LeaderElection59] INFO  ratis.XceiverServerRatis (XceiverServerRatis.java:handleLeaderChangedNotification(697)) - Leader change notification received for group: group-67ACA6D0AA0F with new leaderId: f7705811-6e65-4a57-b1c4-0cb13cee4425
2019-11-13 22:06:11,080 [f7705811-6e65-4a57-b1c4-0cb13cee4425@group-67ACA6D0AA0F-LeaderElection59] INFO  impl.RaftServerImpl (ServerState.java:setLeader(255)) - f7705811-6e65-4a57-b1c4-0cb13cee4425@group-67ACA6D0AA0F: change Leader from null to f7705811-6e65-4a57-b1c4-0cb13cee4425 at term 1 for becomeLeader, leader elected after 1095ms
2019-11-13 22:06:11,080 [f7705811-6e65-4a57-b1c4-0cb13cee4425@group-67ACA6D0AA0F-LeaderElection59] INFO  server.RaftServerConfigKeys (ConfUtils.java:logGet(43)) - raft.server.staging.catchup.gap = 1000 (default)
2019-11-13 22:06:11,080 [f7705811-6e65-4a57-b1c4-0cb13cee4425@group-67ACA6D0AA0F-LeaderElection59] INFO  server.RaftServerConfigKeys (ConfUtils.java:logGet(43)) - raft.server.rpc.sleep.time = 25ms (default)
2019-11-13 22:06:11,080 [f7705811-6e65-4a57-b1c4-0cb13cee4425@group-67ACA6D0AA0F-LeaderElection59] INFO  server.RaftServerConfigKeys (ConfUtils.java:logGet(43)) - raft.server.write.element-limit = 4096 (default)
2019-11-13 22:06:11,080 [f7705811-6e65-4a57-b1c4-0cb13cee4425@group-67ACA6D0AA0F-LeaderElection59] INFO  server.RaftServerConfigKeys (ConfUtils.java:logGet(43)) - raft.server.watch.timeout = 10s (default)
2019-11-13 22:06:11,080 [f7705811-6e65-4a57-b1c4-0cb13cee4425@group-67ACA6D0AA0F-LeaderElection59] INFO  server.RaftServerConfigKeys (ConfUtils.java:logGet(43)) - raft.server.watch.timeout.denomination = 1s (default)
2019-11-13 22:06:11,081 [f7705811-6e65-4a57-b1c4-0cb13cee4425@group-67ACA6D0AA0F-LeaderElection59] INFO  server.RaftServerConfigKeys (ConfUtils.java:logGet(43)) - raft.server.watch.element-limit = 65536 (default)
2019-11-13 22:06:11,081 [f7705811-6e65-4a57-b1c4-0cb13cee4425@group-67ACA6D0AA0F-LeaderElection59] INFO  impl.RoleInfo (RoleInfo.java:updateAndGet(143)) - f7705811-6e65-4a57-b1c4-0cb13cee4425: start LeaderState
2019-11-13 22:06:11,081 [f7705811-6e65-4a57-b1c4-0cb13cee4425@group-67ACA6D0AA0F-LeaderElection59] INFO  segmented.SegmentedRaftLogWorker (SegmentedRaftLogWorker.java:startLogSegment(385)) - f7705811-6e65-4a57-b1c4-0cb13cee4425@group-67ACA6D0AA0F-SegmentedRaftLogWorker: Starting segment from index:0
2019-11-13 22:06:11,081 [EventQueue-PipelineReportForPipelineReportHandler] INFO  pipeline.PipelineStateManager (PipelineStateManager.java:openPipeline(134)) - Pipeline Pipeline[ Id: bf096b10-194b-4b5d-ab22-67aca6d0aa0f, Nodes: f7705811-6e65-4a57-b1c4-0cb13cee4425{ip: 192.168.164.237, host: pr-hdds-2471-vxr4w-2980416436, networkLocation: /default-rack, certSerialId: null}, Type:RATIS, Factor:ONE, State:OPEN] moved to OPEN state
2019-11-13 22:06:11,081 [f7705811-6e65-4a57-b1c4-0cb13cee4425@group-67ACA6D0AA0F-LeaderElection59] INFO  impl.RaftServerImpl (ServerState.java:setRaftConf(356)) - f7705811-6e65-4a57-b1c4-0cb13cee4425@group-67ACA6D0AA0F: set configuration 0: [f7705811-6e65-4a57-b1c4-0cb13cee4425:192.168.164.237:42605], old=null at 0
2019-11-13 22:06:11,092 [Thread-1405] INFO  impl.FollowerState (FollowerState.java:run(111)) - d9ec6d9b-9212-4a70-b93c-d3980a23303d@group-B0C0C6E3C568-FollowerState: change to CANDIDATE, lastRpcTime:1024ms, electionTimeout:1024ms
2019-11-13 22:06:11,092 [Thread-1405] INFO  impl.RoleInfo (RoleInfo.java:shutdownFollowerState(121)) - d9ec6d9b-9212-4a70-b93c-d3980a23303d: shutdown FollowerState
2019-11-13 22:06:11,092 [Thread-1405] INFO  impl.RaftServerImpl (RaftServerImpl.java:setRole(173)) - d9ec6d9b-9212-4a70-b93c-d3980a23303d@group-B0C0C6E3C568: changes role from  FOLLOWER to CANDIDATE at term 0 for changeToCandidate
2019-11-13 22:06:11,092 [Thread-1405] INFO  impl.RoleInfo (RoleInfo.java:updateAndGet(143)) - d9ec6d9b-9212-4a70-b93c-d3980a23303d: start LeaderElection
2019-11-13 22:06:11,127 [f7705811-6e65-4a57-b1c4-0cb13cee4425@group-67ACA6D0AA0F-SegmentedRaftLogWorker] INFO  segmented.SegmentedRaftLogWorker (SegmentedRaftLogWorker.java:execute(576)) - f7705811-6e65-4a57-b1c4-0cb13cee4425@group-67ACA6D0AA0F-SegmentedRaftLogWorker: created new log segment /workdir/hadoop-ozone/integration-test/target/test-dir/MiniOzoneClusterImpl-7f102aba-c488-44cf-bcdb-425554d335ef/datanode-4/data/ratis/bf096b10-194b-4b5d-ab22-67aca6d0aa0f/current/log_inprogress_0
2019-11-13 22:06:11,127 [d9ec6d9b-9212-4a70-b93c-d3980a23303d@group-B0C0C6E3C568-LeaderElection60] INFO  impl.LeaderElection (LeaderElection.java:askForVotes(178)) - d9ec6d9b-9212-4a70-b93c-d3980a23303d@group-B0C0C6E3C568-LeaderElection60: begin an election at term 1 for -1: [5be39b6a-195c-499c-aaae-deebd243d90c:192.168.164.237:39727, d9ec6d9b-9212-4a70-b93c-d3980a23303d:192.168.164.237:34242, 52753b73-fd3b-4321-bab5-4a2e8177045b:192.168.164.237:32948], old=null
2019-11-13 22:06:11,133 [grpc-default-executor-4] INFO  impl.RaftServerImpl (RaftServerImpl.java:setRole(173)) - 5be39b6a-195c-499c-aaae-deebd243d90c@group-B0C0C6E3C568: changes role from  FOLLOWER to FOLLOWER at term 1 for recognizeCandidate:d9ec6d9b-9212-4a70-b93c-d3980a23303d
2019-11-13 22:06:11,133 [grpc-default-executor-4] INFO  impl.RoleInfo (RoleInfo.java:shutdownFollowerState(121)) - 5be39b6a-195c-499c-aaae-deebd243d90c: shutdown FollowerState
2019-11-13 22:06:11,138 [Thread-1406] INFO  impl.FollowerState (FollowerState.java:run(120)) - 5be39b6a-195c-499c-aaae-deebd243d90c@group-B0C0C6E3C568-FollowerState was interrupted: java.lang.InterruptedException: sleep interrupted
2019-11-13 22:06:11,138 [grpc-default-executor-5] INFO  impl.RaftServerImpl (RaftServerImpl.java:setRole(173)) - 52753b73-fd3b-4321-bab5-4a2e8177045b@group-B0C0C6E3C568: changes role from  FOLLOWER to FOLLOWER at term 1 for recognizeCandidate:d9ec6d9b-9212-4a70-b93c-d3980a23303d
2019-11-13 22:06:11,140 [grpc-default-executor-4] INFO  impl.RoleInfo (RoleInfo.java:updateAndGet(143)) - 5be39b6a-195c-499c-aaae-deebd243d90c: start FollowerState
2019-11-13 22:06:11,140 [grpc-default-executor-5] INFO  impl.RoleInfo (RoleInfo.java:shutdownFollowerState(121)) - 52753b73-fd3b-4321-bab5-4a2e8177045b: shutdown FollowerState
2019-11-13 22:06:11,140 [grpc-default-executor-5] INFO  impl.RoleInfo (RoleInfo.java:updateAndGet(143)) - 52753b73-fd3b-4321-bab5-4a2e8177045b: start FollowerState
2019-11-13 22:06:11,140 [Thread-1410] INFO  impl.FollowerState (FollowerState.java:run(120)) - 52753b73-fd3b-4321-bab5-4a2e8177045b@group-B0C0C6E3C568-FollowerState was interrupted: java.lang.InterruptedException: sleep interrupted
2019-11-13 22:06:11,170 [d9ec6d9b-9212-4a70-b93c-d3980a23303d@group-B0C0C6E3C568-LeaderElection60] INFO  impl.LeaderElection (LeaderElection.java:logAndReturn(56)) - d9ec6d9b-9212-4a70-b93c-d3980a23303d@group-B0C0C6E3C568-LeaderElection60: Election PASSED; received 1 response(s) [d9ec6d9b-9212-4a70-b93c-d3980a23303d<-5be39b6a-195c-499c-aaae-deebd243d90c#0:OK-t1] and 0 exception(s); d9ec6d9b-9212-4a70-b93c-d3980a23303d@group-B0C0C6E3C568:t1, leader=null, voted=d9ec6d9b-9212-4a70-b93c-d3980a23303d, raftlog=d9ec6d9b-9212-4a70-b93c-d3980a23303d@group-B0C0C6E3C568-SegmentedRaftLog:OPENED:c-1,f-1,i0, conf=-1: [5be39b6a-195c-499c-aaae-deebd243d90c:192.168.164.237:39727, d9ec6d9b-9212-4a70-b93c-d3980a23303d:192.168.164.237:34242, 52753b73-fd3b-4321-bab5-4a2e8177045b:192.168.164.237:32948], old=null
2019-11-13 22:06:11,171 [d9ec6d9b-9212-4a70-b93c-d3980a23303d@group-B0C0C6E3C568-LeaderElection60] INFO  impl.RoleInfo (RoleInfo.java:shutdownLeaderElection(134)) - d9ec6d9b-9212-4a70-b93c-d3980a23303d: shutdown LeaderElection
2019-11-13 22:06:11,171 [d9ec6d9b-9212-4a70-b93c-d3980a23303d@group-B0C0C6E3C568-LeaderElection60] INFO  impl.RaftServerImpl (RaftServerImpl.java:setRole(173)) - d9ec6d9b-9212-4a70-b93c-d3980a23303d@group-B0C0C6E3C568: changes role from CANDIDATE to LEADER at term 1 for changeToLeader
2019-11-13 22:06:11,171 [d9ec6d9b-9212-4a70-b93c-d3980a23303d@group-B0C0C6E3C568-LeaderElection60] INFO  ratis.XceiverServerRatis (XceiverServerRatis.java:handleLeaderChangedNotification(697)) - Leader change notification received for group: group-B0C0C6E3C568 with new leaderId: d9ec6d9b-9212-4a70-b93c-d3980a23303d
2019-11-13 22:06:11,171 [d9ec6d9b-9212-4a70-b93c-d3980a23303d@group-B0C0C6E3C568-LeaderElection60] INFO  impl.RaftServerImpl (ServerState.java:setLeader(255)) - d9ec6d9b-9212-4a70-b93c-d3980a23303d@group-B0C0C6E3C568: change Leader from null to d9ec6d9b-9212-4a70-b93c-d3980a23303d at term 1 for becomeLeader, leader elected after 1111ms
2019-11-13 22:06:11,171 [d9ec6d9b-9212-4a70-b93c-d3980a23303d@group-B0C0C6E3C568-LeaderElection60] INFO  server.RaftServerConfigKeys (ConfUtils.java:logGet(43)) - raft.server.staging.catchup.gap = 1000 (default)
2019-11-13 22:06:11,172 [d9ec6d9b-9212-4a70-b93c-d3980a23303d@group-B0C0C6E3C568-LeaderElection60] INFO  server.RaftServerConfigKeys (ConfUtils.java:logGet(43)) - raft.server.rpc.sleep.time = 25ms (default)
2019-11-13 22:06:11,172 [d9ec6d9b-9212-4a70-b93c-d3980a23303d@group-B0C0C6E3C568-LeaderElection60] INFO  server.RaftServerConfigKeys (ConfUtils.java:logGet(43)) - raft.server.write.element-limit = 4096 (default)
2019-11-13 22:06:11,172 [d9ec6d9b-9212-4a70-b93c-d3980a23303d@group-B0C0C6E3C568-LeaderElection60] INFO  server.RaftServerConfigKeys (ConfUtils.java:logGet(43)) - raft.server.watch.timeout = 10s (default)
2019-11-13 22:06:11,172 [d9ec6d9b-9212-4a70-b93c-d3980a23303d@group-B0C0C6E3C568-LeaderElection60] INFO  server.RaftServerConfigKeys (ConfUtils.java:logGet(43)) - raft.server.watch.timeout.denomination = 1s (default)
2019-11-13 22:06:11,172 [d9ec6d9b-9212-4a70-b93c-d3980a23303d@group-B0C0C6E3C568-LeaderElection60] INFO  server.RaftServerConfigKeys (ConfUtils.java:logGet(43)) - raft.server.watch.element-limit = 65536 (default)
2019-11-13 22:06:11,173 [d9ec6d9b-9212-4a70-b93c-d3980a23303d@group-B0C0C6E3C568-LeaderElection60] INFO  server.RaftServerConfigKeys (ConfUtils.java:logGet(43)) - raft.server.log.appender.snapshot.chunk.size.max = 16MB (=16777216) (default)
2019-11-13 22:06:11,173 [d9ec6d9b-9212-4a70-b93c-d3980a23303d@group-B0C0C6E3C568-LeaderElection60] INFO  server.RaftServerConfigKeys (ConfUtils.java:logGet(43)) - raft.server.log.appender.buffer.byte-limit = 33554432 (custom)
2019-11-13 22:06:11,173 [d9ec6d9b-9212-4a70-b93c-d3980a23303d@group-B0C0C6E3C568-LeaderElection60] INFO  server.RaftServerConfigKeys (ConfUtils.java:logGet(43)) - raft.server.log.appender.buffer.element-limit = 1 (custom)
2019-11-13 22:06:11,173 [d9ec6d9b-9212-4a70-b93c-d3980a23303d@group-B0C0C6E3C568-LeaderElection60] INFO  grpc.GrpcConfigKeys$Server (ConfUtils.java:logGet(43)) - raft.grpc.server.leader.outstanding.appends.max = 128 (default)
2019-11-13 22:06:11,174 [d9ec6d9b-9212-4a70-b93c-d3980a23303d@group-B0C0C6E3C568-LeaderElection60] INFO  server.RaftServerConfigKeys (ConfUtils.java:logGet(43)) - raft.server.rpc.request.timeout = 3000ms (default)
2019-11-13 22:06:11,174 [d9ec6d9b-9212-4a70-b93c-d3980a23303d@group-B0C0C6E3C568-LeaderElection60] INFO  server.RaftServerConfigKeys (ConfUtils.java:logGet(43)) - raft.server.log.appender.install.snapshot.enabled = false (custom)
2019-11-13 22:06:11,174 [d9ec6d9b-9212-4a70-b93c-d3980a23303d@group-B0C0C6E3C568-LeaderElection60] WARN  impl.MetricRegistriesImpl (MetricRegistriesImpl.java:lambda$create$1(61)) - First MetricRegistry has been created without registering reporters. You may need to call MetricRegistries.global().addReportRegistration(...) before.
2019-11-13 22:06:11,174 [d9ec6d9b-9212-4a70-b93c-d3980a23303d@group-B0C0C6E3C568-LeaderElection60] INFO  server.RaftServerConfigKeys (ConfUtils.java:logGet(43)) - raft.server.log.appender.snapshot.chunk.size.max = 16MB (=16777216) (default)
2019-11-13 22:06:11,175 [d9ec6d9b-9212-4a70-b93c-d3980a23303d@group-B0C0C6E3C568-LeaderElection60] INFO  server.RaftServerConfigKeys (ConfUtils.java:logGet(43)) - raft.server.log.appender.buffer.byte-limit = 33554432 (custom)
2019-11-13 22:06:11,175 [d9ec6d9b-9212-4a70-b93c-d3980a23303d@group-B0C0C6E3C568-LeaderElection60] INFO  server.RaftServerConfigKeys (ConfUtils.java:logGet(43)) - raft.server.log.appender.buffer.element-limit = 1 (custom)
2019-11-13 22:06:11,175 [d9ec6d9b-9212-4a70-b93c-d3980a23303d@group-B0C0C6E3C568-LeaderElection60] INFO  grpc.GrpcConfigKeys$Server (ConfUtils.java:logGet(43)) - raft.grpc.server.leader.outstanding.appends.max = 128 (default)
2019-11-13 22:06:11,175 [d9ec6d9b-9212-4a70-b93c-d3980a23303d@group-B0C0C6E3C568-LeaderElection60] INFO  server.RaftServerConfigKeys (ConfUtils.java:logGet(43)) - raft.server.rpc.request.timeout = 3000ms (default)
2019-11-13 22:06:11,175 [d9ec6d9b-9212-4a70-b93c-d3980a23303d@group-B0C0C6E3C568-LeaderElection60] INFO  server.RaftServerConfigKeys (ConfUtils.java:logGet(43)) - raft.server.log.appender.install.snapshot.enabled = false (custom)
2019-11-13 22:06:11,176 [d9ec6d9b-9212-4a70-b93c-d3980a23303d@group-B0C0C6E3C568-LeaderElection60] INFO  impl.RoleInfo (RoleInfo.java:updateAndGet(143)) - d9ec6d9b-9212-4a70-b93c-d3980a23303d: start LeaderState
2019-11-13 22:06:11,176 [d9ec6d9b-9212-4a70-b93c-d3980a23303d@group-B0C0C6E3C568-LeaderElection60] INFO  segmented.SegmentedRaftLogWorker (SegmentedRaftLogWorker.java:startLogSegment(385)) - d9ec6d9b-9212-4a70-b93c-d3980a23303d@group-B0C0C6E3C568-SegmentedRaftLogWorker: Starting segment from index:0
2019-11-13 22:06:11,177 [d9ec6d9b-9212-4a70-b93c-d3980a23303d@group-B0C0C6E3C568-LeaderElection60] INFO  impl.RaftServerImpl (ServerState.java:setRaftConf(356)) - d9ec6d9b-9212-4a70-b93c-d3980a23303d@group-B0C0C6E3C568: set configuration 0: [5be39b6a-195c-499c-aaae-deebd243d90c:192.168.164.237:39727, d9ec6d9b-9212-4a70-b93c-d3980a23303d:192.168.164.237:34242, 52753b73-fd3b-4321-bab5-4a2e8177045b:192.168.164.237:32948], old=null at 0
2019-11-13 22:06:11,207 [grpc-default-executor-5] INFO  ratis.XceiverServerRatis (XceiverServerRatis.java:handleLeaderChangedNotification(697)) - Leader change notification received for group: group-B0C0C6E3C568 with new leaderId: d9ec6d9b-9212-4a70-b93c-d3980a23303d
2019-11-13 22:06:11,207 [Thread-1418] INFO  impl.FollowerState (FollowerState.java:run(111)) - 52753b73-fd3b-4321-bab5-4a2e8177045b@group-507A157A8A49-FollowerState: change to CANDIDATE, lastRpcTime:1025ms, electionTimeout:1003ms
2019-11-13 22:06:11,212 [grpc-default-executor-4] INFO  ratis.XceiverServerRatis (XceiverServerRatis.java:handleLeaderChangedNotification(697)) - Leader change notification received for group: group-B0C0C6E3C568 with new leaderId: d9ec6d9b-9212-4a70-b93c-d3980a23303d
2019-11-13 22:06:11,213 [Thread-1418] INFO  impl.RoleInfo (RoleInfo.java:shutdownFollowerState(121)) - 52753b73-fd3b-4321-bab5-4a2e8177045b: shutdown FollowerState
2019-11-13 22:06:11,213 [grpc-default-executor-5] INFO  impl.RaftServerImpl (ServerState.java:setLeader(255)) - 5be39b6a-195c-499c-aaae-deebd243d90c@group-B0C0C6E3C568: change Leader from null to d9ec6d9b-9212-4a70-b93c-d3980a23303d at term 1 for appendEntries, leader elected after 1147ms
2019-11-13 22:06:11,213 [Thread-1418] INFO  impl.RaftServerImpl (RaftServerImpl.java:setRole(173)) - 52753b73-fd3b-4321-bab5-4a2e8177045b@group-507A157A8A49: changes role from  FOLLOWER to CANDIDATE at term 0 for changeToCandidate
2019-11-13 22:06:11,213 [grpc-default-executor-4] INFO  impl.RaftServerImpl (ServerState.java:setLeader(255)) - 52753b73-fd3b-4321-bab5-4a2e8177045b@group-B0C0C6E3C568: change Leader from null to d9ec6d9b-9212-4a70-b93c-d3980a23303d at term 1 for appendEntries, leader elected after 1152ms
2019-11-13 22:06:11,213 [Thread-1418] INFO  impl.RoleInfo (RoleInfo.java:updateAndGet(143)) - 52753b73-fd3b-4321-bab5-4a2e8177045b: start LeaderElection
2019-11-13 22:06:11,218 [grpc-default-executor-5] INFO  impl.RaftServerImpl (ServerState.java:setRaftConf(356)) - 52753b73-fd3b-4321-bab5-4a2e8177045b@group-B0C0C6E3C568: set configuration 0: [5be39b6a-195c-499c-aaae-deebd243d90c:192.168.164.237:39727, d9ec6d9b-9212-4a70-b93c-d3980a23303d:192.168.164.237:34242, 52753b73-fd3b-4321-bab5-4a2e8177045b:192.168.164.237:32948], old=null at 0
2019-11-13 22:06:11,218 [grpc-default-executor-4] INFO  impl.RaftServerImpl (ServerState.java:setRaftConf(356)) - 5be39b6a-195c-499c-aaae-deebd243d90c@group-B0C0C6E3C568: set configuration 0: [5be39b6a-195c-499c-aaae-deebd243d90c:192.168.164.237:39727, d9ec6d9b-9212-4a70-b93c-d3980a23303d:192.168.164.237:34242, 52753b73-fd3b-4321-bab5-4a2e8177045b:192.168.164.237:32948], old=null at 0
2019-11-13 22:06:11,218 [grpc-default-executor-5] INFO  segmented.SegmentedRaftLogWorker (SegmentedRaftLogWorker.java:startLogSegment(385)) - 52753b73-fd3b-4321-bab5-4a2e8177045b@group-B0C0C6E3C568-SegmentedRaftLogWorker: Starting segment from index:0
2019-11-13 22:06:11,218 [grpc-default-executor-4] INFO  segmented.SegmentedRaftLogWorker (SegmentedRaftLogWorker.java:startLogSegment(385)) - 5be39b6a-195c-499c-aaae-deebd243d90c@group-B0C0C6E3C568-SegmentedRaftLogWorker: Starting segment from index:0
2019-11-13 22:06:11,254 [Thread-1414] INFO  impl.FollowerState (FollowerState.java:run(111)) - 5be39b6a-195c-499c-aaae-deebd243d90c@group-5EA4FB2473EE-FollowerState: change to CANDIDATE, lastRpcTime:1118ms, electionTimeout:1118ms
2019-11-13 22:06:11,254 [Thread-1414] INFO  impl.RoleInfo (RoleInfo.java:shutdownFollowerState(121)) - 5be39b6a-195c-499c-aaae-deebd243d90c: shutdown FollowerState
2019-11-13 22:06:11,254 [Thread-1414] INFO  impl.RaftServerImpl (RaftServerImpl.java:setRole(173)) - 5be39b6a-195c-499c-aaae-deebd243d90c@group-5EA4FB2473EE: changes role from  FOLLOWER to CANDIDATE at term 0 for changeToCandidate
2019-11-13 22:06:11,254 [Thread-1414] INFO  impl.RoleInfo (RoleInfo.java:updateAndGet(143)) - 5be39b6a-195c-499c-aaae-deebd243d90c: start LeaderElection
2019-11-13 22:06:11,351 [52753b73-fd3b-4321-bab5-4a2e8177045b@group-B0C0C6E3C568-SegmentedRaftLogWorker] INFO  segmented.SegmentedRaftLogWorker (SegmentedRaftLogWorker.java:execute(576)) - 52753b73-fd3b-4321-bab5-4a2e8177045b@group-B0C0C6E3C568-SegmentedRaftLogWorker: created new log segment /workdir/hadoop-ozone/integration-test/target/test-dir/MiniOzoneClusterImpl-7f102aba-c488-44cf-bcdb-425554d335ef/datanode-2/data/ratis/82173f01-eb36-4af4-ae44-b0c0c6e3c568/current/log_inprogress_0
2019-11-13 22:06:11,351 [d9ec6d9b-9212-4a70-b93c-d3980a23303d@group-B0C0C6E3C568-SegmentedRaftLogWorker] INFO  segmented.SegmentedRaftLogWorker (SegmentedRaftLogWorker.java:execute(576)) - d9ec6d9b-9212-4a70-b93c-d3980a23303d@group-B0C0C6E3C568-SegmentedRaftLogWorker: created new log segment /workdir/hadoop-ozone/integration-test/target/test-dir/MiniOzoneClusterImpl-7f102aba-c488-44cf-bcdb-425554d335ef/datanode-1/data/ratis/82173f01-eb36-4af4-ae44-b0c0c6e3c568/current/log_inprogress_0
2019-11-13 22:06:11,351 [52753b73-fd3b-4321-bab5-4a2e8177045b@group-507A157A8A49-LeaderElection61] INFO  impl.LeaderElection (LeaderElection.java:askForVotes(178)) - 52753b73-fd3b-4321-bab5-4a2e8177045b@group-507A157A8A49-LeaderElection61: begin an election at term 1 for -1: [52753b73-fd3b-4321-bab5-4a2e8177045b:192.168.164.237:32948], old=null
2019-11-13 22:06:11,351 [5be39b6a-195c-499c-aaae-deebd243d90c@group-5EA4FB2473EE-LeaderElection62] INFO  impl.LeaderElection (LeaderElection.java:askForVotes(178)) - 5be39b6a-195c-499c-aaae-deebd243d90c@group-5EA4FB2473EE-LeaderElection62: begin an election at term 1 for -1: [5be39b6a-195c-499c-aaae-deebd243d90c:192.168.164.237:39727], old=null
2019-11-13 22:06:11,351 [5be39b6a-195c-499c-aaae-deebd243d90c@group-B0C0C6E3C568-SegmentedRaftLogWorker] INFO  segmented.SegmentedRaftLogWorker (SegmentedRaftLogWorker.java:execute(576)) - 5be39b6a-195c-499c-aaae-deebd243d90c@group-B0C0C6E3C568-SegmentedRaftLogWorker: created new log segment /workdir/hadoop-ozone/integration-test/target/test-dir/MiniOzoneClusterImpl-7f102aba-c488-44cf-bcdb-425554d335ef/datanode-0/data/ratis/82173f01-eb36-4af4-ae44-b0c0c6e3c568/current/log_inprogress_0
2019-11-13 22:06:11,352 [5be39b6a-195c-499c-aaae-deebd243d90c@group-5EA4FB2473EE-LeaderElection62] INFO  impl.RoleInfo (RoleInfo.java:shutdownLeaderElection(134)) - 5be39b6a-195c-499c-aaae-deebd243d90c: shutdown LeaderElection
2019-11-13 22:06:11,351 [52753b73-fd3b-4321-bab5-4a2e8177045b@group-507A157A8A49-LeaderElection61] INFO  impl.RoleInfo (RoleInfo.java:shutdownLeaderElection(134)) - 52753b73-fd3b-4321-bab5-4a2e8177045b: shutdown LeaderElection
2019-11-13 22:06:11,352 [5be39b6a-195c-499c-aaae-deebd243d90c@group-5EA4FB2473EE-LeaderElection62] INFO  impl.RaftServerImpl (RaftServerImpl.java:setRole(173)) - 5be39b6a-195c-499c-aaae-deebd243d90c@group-5EA4FB2473EE: changes role from CANDIDATE to LEADER at term 1 for changeToLeader
2019-11-13 22:06:11,352 [52753b73-fd3b-4321-bab5-4a2e8177045b@group-507A157A8A49-LeaderElection61] INFO  impl.RaftServerImpl (RaftServerImpl.java:setRole(173)) - 52753b73-fd3b-4321-bab5-4a2e8177045b@group-507A157A8A49: changes role from CANDIDATE to LEADER at term 1 for changeToLeader
2019-11-13 22:06:11,352 [5be39b6a-195c-499c-aaae-deebd243d90c@group-5EA4FB2473EE-LeaderElection62] INFO  ratis.XceiverServerRatis (XceiverServerRatis.java:handleLeaderChangedNotification(697)) - Leader change notification received for group: group-5EA4FB2473EE with new leaderId: 5be39b6a-195c-499c-aaae-deebd243d90c
2019-11-13 22:06:11,352 [52753b73-fd3b-4321-bab5-4a2e8177045b@group-507A157A8A49-LeaderElection61] INFO  ratis.XceiverServerRatis (XceiverServerRatis.java:handleLeaderChangedNotification(697)) - Leader change notification received for group: group-507A157A8A49 with new leaderId: 52753b73-fd3b-4321-bab5-4a2e8177045b
2019-11-13 22:06:11,352 [52753b73-fd3b-4321-bab5-4a2e8177045b@group-507A157A8A49-LeaderElection61] INFO  impl.RaftServerImpl (ServerState.java:setLeader(255)) - 52753b73-fd3b-4321-bab5-4a2e8177045b@group-507A157A8A49: change Leader from null to 52753b73-fd3b-4321-bab5-4a2e8177045b at term 1 for becomeLeader, leader elected after 1172ms
2019-11-13 22:06:11,352 [5be39b6a-195c-499c-aaae-deebd243d90c@group-5EA4FB2473EE-LeaderElection62] INFO  impl.RaftServerImpl (ServerState.java:setLeader(255)) - 5be39b6a-195c-499c-aaae-deebd243d90c@group-5EA4FB2473EE: change Leader from null to 5be39b6a-195c-499c-aaae-deebd243d90c at term 1 for becomeLeader, leader elected after 1219ms
2019-11-13 22:06:11,352 [52753b73-fd3b-4321-bab5-4a2e8177045b@group-507A157A8A49-LeaderElection61] INFO  server.RaftServerConfigKeys (ConfUtils.java:logGet(43)) - raft.server.staging.catchup.gap = 1000 (default)
2019-11-13 22:06:11,352 [5be39b6a-195c-499c-aaae-deebd243d90c@group-5EA4FB2473EE-LeaderElection62] INFO  server.RaftServerConfigKeys (ConfUtils.java:logGet(43)) - raft.server.staging.catchup.gap = 1000 (default)
2019-11-13 22:06:11,352 [52753b73-fd3b-4321-bab5-4a2e8177045b@group-507A157A8A49-LeaderElection61] INFO  server.RaftServerConfigKeys (ConfUtils.java:logGet(43)) - raft.server.rpc.sleep.time = 25ms (default)
2019-11-13 22:06:11,352 [5be39b6a-195c-499c-aaae-deebd243d90c@group-5EA4FB2473EE-LeaderElection62] INFO  server.RaftServerConfigKeys (ConfUtils.java:logGet(43)) - raft.server.rpc.sleep.time = 25ms (default)
2019-11-13 22:06:11,353 [52753b73-fd3b-4321-bab5-4a2e8177045b@group-507A157A8A49-LeaderElection61] INFO  server.RaftServerConfigKeys (ConfUtils.java:logGet(43)) - raft.server.write.element-limit = 4096 (default)
2019-11-13 22:06:11,353 [5be39b6a-195c-499c-aaae-deebd243d90c@group-5EA4FB2473EE-LeaderElection62] INFO  server.RaftServerConfigKeys (ConfUtils.java:logGet(43)) - raft.server.write.element-limit = 4096 (default)
2019-11-13 22:06:11,353 [52753b73-fd3b-4321-bab5-4a2e8177045b@group-507A157A8A49-LeaderElection61] INFO  server.RaftServerConfigKeys (ConfUtils.java:logGet(43)) - raft.server.watch.timeout = 10s (default)
2019-11-13 22:06:11,353 [5be39b6a-195c-499c-aaae-deebd243d90c@group-5EA4FB2473EE-LeaderElection62] INFO  server.RaftServerConfigKeys (ConfUtils.java:logGet(43)) - raft.server.watch.timeout = 10s (default)
2019-11-13 22:06:11,353 [52753b73-fd3b-4321-bab5-4a2e8177045b@group-507A157A8A49-LeaderElection61] INFO  server.RaftServerConfigKeys (ConfUtils.java:logGet(43)) - raft.server.watch.timeout.denomination = 1s (default)
2019-11-13 22:06:11,353 [5be39b6a-195c-499c-aaae-deebd243d90c@group-5EA4FB2473EE-LeaderElection62] INFO  server.RaftServerConfigKeys (ConfUtils.java:logGet(43)) - raft.server.watch.timeout.denomination = 1s (default)
2019-11-13 22:06:11,353 [EventQueue-PipelineReportForPipelineReportHandler] INFO  pipeline.PipelineStateManager (PipelineStateManager.java:openPipeline(134)) - Pipeline Pipeline[ Id: 47a86efa-5c2b-4330-ac3b-507a157a8a49, Nodes: 52753b73-fd3b-4321-bab5-4a2e8177045b{ip: 192.168.164.237, host: pr-hdds-2471-vxr4w-2980416436, networkLocation: /default-rack, certSerialId: null}, Type:RATIS, Factor:ONE, State:OPEN] moved to OPEN state
2019-11-13 22:06:11,353 [52753b73-fd3b-4321-bab5-4a2e8177045b@group-507A157A8A49-LeaderElection61] INFO  server.RaftServerConfigKeys (ConfUtils.java:logGet(43)) - raft.server.watch.element-limit = 65536 (default)
2019-11-13 22:06:11,353 [EventQueue-PipelineReportForPipelineReportHandler] INFO  pipeline.PipelineStateManager (PipelineStateManager.java:openPipeline(134)) - Pipeline Pipeline[ Id: 59c0a68c-8cad-42ce-b613-5ea4fb2473ee, Nodes: 5be39b6a-195c-499c-aaae-deebd243d90c{ip: 192.168.164.237, host: pr-hdds-2471-vxr4w-2980416436, networkLocation: /default-rack, certSerialId: null}, Type:RATIS, Factor:ONE, State:OPEN] moved to OPEN state
2019-11-13 22:06:11,353 [5be39b6a-195c-499c-aaae-deebd243d90c@group-5EA4FB2473EE-LeaderElection62] INFO  server.RaftServerConfigKeys (ConfUtils.java:logGet(43)) - raft.server.watch.element-limit = 65536 (default)
2019-11-13 22:06:11,353 [52753b73-fd3b-4321-bab5-4a2e8177045b@group-507A157A8A49-LeaderElection61] INFO  impl.RoleInfo (RoleInfo.java:updateAndGet(143)) - 52753b73-fd3b-4321-bab5-4a2e8177045b: start LeaderState
2019-11-13 22:06:11,354 [5be39b6a-195c-499c-aaae-deebd243d90c@group-5EA4FB2473EE-LeaderElection62] INFO  impl.RoleInfo (RoleInfo.java:updateAndGet(143)) - 5be39b6a-195c-499c-aaae-deebd243d90c: start LeaderState
2019-11-13 22:06:11,354 [52753b73-fd3b-4321-bab5-4a2e8177045b@group-507A157A8A49-LeaderElection61] INFO  segmented.SegmentedRaftLogWorker (SegmentedRaftLogWorker.java:startLogSegment(385)) - 52753b73-fd3b-4321-bab5-4a2e8177045b@group-507A157A8A49-SegmentedRaftLogWorker: Starting segment from index:0
2019-11-13 22:06:11,354 [5be39b6a-195c-499c-aaae-deebd243d90c@group-5EA4FB2473EE-LeaderElection62] INFO  segmented.SegmentedRaftLogWorker (SegmentedRaftLogWorker.java:startLogSegment(385)) - 5be39b6a-195c-499c-aaae-deebd243d90c@group-5EA4FB2473EE-SegmentedRaftLogWorker: Starting segment from index:0
2019-11-13 22:06:11,354 [52753b73-fd3b-4321-bab5-4a2e8177045b@group-507A157A8A49-LeaderElection61] INFO  impl.RaftServerImpl (ServerState.java:setRaftConf(356)) - 52753b73-fd3b-4321-bab5-4a2e8177045b@group-507A157A8A49: set configuration 0: [52753b73-fd3b-4321-bab5-4a2e8177045b:192.168.164.237:32948], old=null at 0
2019-11-13 22:06:11,381 [5be39b6a-195c-499c-aaae-deebd243d90c@group-5EA4FB2473EE-LeaderElection62] INFO  impl.RaftServerImpl (ServerState.java:setRaftConf(356)) - 5be39b6a-195c-499c-aaae-deebd243d90c@group-5EA4FB2473EE: set configuration 0: [5be39b6a-195c-499c-aaae-deebd243d90c:192.168.164.237:39727], old=null at 0
2019-11-13 22:06:11,396 [52753b73-fd3b-4321-bab5-4a2e8177045b@group-507A157A8A49-SegmentedRaftLogWorker] INFO  segmented.SegmentedRaftLogWorker (SegmentedRaftLogWorker.java:execute(576)) - 52753b73-fd3b-4321-bab5-4a2e8177045b@group-507A157A8A49-SegmentedRaftLogWorker: created new log segment /workdir/hadoop-ozone/integration-test/target/test-dir/MiniOzoneClusterImpl-7f102aba-c488-44cf-bcdb-425554d335ef/datanode-2/data/ratis/47a86efa-5c2b-4330-ac3b-507a157a8a49/current/log_inprogress_0
2019-11-13 22:06:11,396 [5be39b6a-195c-499c-aaae-deebd243d90c@group-5EA4FB2473EE-SegmentedRaftLogWorker] INFO  segmented.SegmentedRaftLogWorker (SegmentedRaftLogWorker.java:execute(576)) - 5be39b6a-195c-499c-aaae-deebd243d90c@group-5EA4FB2473EE-SegmentedRaftLogWorker: created new log segment /workdir/hadoop-ozone/integration-test/target/test-dir/MiniOzoneClusterImpl-7f102aba-c488-44cf-bcdb-425554d335ef/datanode-0/data/ratis/59c0a68c-8cad-42ce-b613-5ea4fb2473ee/current/log_inprogress_0
2019-11-13 22:06:15,914 [main] INFO  ozoneimpl.OzoneContainer (OzoneContainer.java:stop(244)) - Attempting to stop container services.
2019-11-13 22:06:15,914 [ForkJoinPool.commonPool-worker-0] INFO  ozoneimpl.OzoneContainer (OzoneContainer.java:stop(244)) - Attempting to stop container services.
2019-11-13 22:06:15,916 [main] INFO  impl.RaftServerProxy (RaftServerProxy.java:lambda$close$4(314)) - 7b888e0e-6a0f-4b0e-88cc-e0733c42ba91: close
2019-11-13 22:06:15,916 [ForkJoinPool.commonPool-worker-0] INFO  impl.RaftServerProxy (RaftServerProxy.java:lambda$close$4(314)) - d9ec6d9b-9212-4a70-b93c-d3980a23303d: close
2019-11-13 22:06:15,916 [main] INFO  impl.RaftServerImpl (RaftServerImpl.java:lambda$shutdown$3(250)) - 7b888e0e-6a0f-4b0e-88cc-e0733c42ba91@group-B9D2931423C9: shutdown
2019-11-13 22:06:15,917 [ForkJoinPool.commonPool-worker-0] INFO  impl.RaftServerImpl (RaftServerImpl.java:lambda$shutdown$3(250)) - d9ec6d9b-9212-4a70-b93c-d3980a23303d@group-B0C0C6E3C568: shutdown
2019-11-13 22:06:15,917 [main] INFO  util.JmxRegister (JmxRegister.java:unregister(73)) - Successfully un-registered JMX Bean with object name Ratis:service=RaftServer,group=group-B9D2931423C9,id=7b888e0e-6a0f-4b0e-88cc-e0733c42ba91
2019-11-13 22:06:15,917 [ForkJoinPool.commonPool-worker-0] INFO  util.JmxRegister (JmxRegister.java:unregister(73)) - Successfully un-registered JMX Bean with object name Ratis:service=RaftServer,group=group-B0C0C6E3C568,id=d9ec6d9b-9212-4a70-b93c-d3980a23303d
2019-11-13 22:06:15,917 [main] INFO  impl.RoleInfo (RoleInfo.java:shutdownLeaderState(104)) - 7b888e0e-6a0f-4b0e-88cc-e0733c42ba91: shutdown LeaderState
2019-11-13 22:06:15,917 [ForkJoinPool.commonPool-worker-0] INFO  impl.RoleInfo (RoleInfo.java:shutdownLeaderState(104)) - d9ec6d9b-9212-4a70-b93c-d3980a23303d: shutdown LeaderState
2019-11-13 22:06:15,924 [org.apache.ratis.server.impl.LogAppender$AppenderDaemon$$Lambda$465/2114790451@4129a4bf] WARN  server.GrpcLogAppender (GrpcLogAppender.java:mayWait(151)) - 7b888e0e-6a0f-4b0e-88cc-e0733c42ba91@group-B9D2931423C9->f7705811-6e65-4a57-b1c4-0cb13cee4425-GrpcLogAppender: Wait interrupted by java.lang.InterruptedException
2019-11-13 22:06:15,924 [org.apache.ratis.server.impl.LogAppender$AppenderDaemon$$Lambda$465/2114790451@42b32fe] WARN  server.GrpcLogAppender (GrpcLogAppender.java:mayWait(151)) - 7b888e0e-6a0f-4b0e-88cc-e0733c42ba91@group-B9D2931423C9->b437d6a1-54f9-495c-b2fd-bb696abd9804-GrpcLogAppender: Wait interrupted by java.lang.InterruptedException
2019-11-13 22:06:15,924 [main] INFO  impl.PendingRequests (PendingRequests.java:sendNotLeaderResponses(206)) - 7b888e0e-6a0f-4b0e-88cc-e0733c42ba91@group-B9D2931423C9-PendingRequests: sendNotLeaderResponses
2019-11-13 22:06:15,926 [org.apache.ratis.server.impl.LogAppender$AppenderDaemon$$Lambda$465/2114790451@73ca4130] WARN  server.GrpcLogAppender (GrpcLogAppender.java:mayWait(151)) - d9ec6d9b-9212-4a70-b93c-d3980a23303d@group-B0C0C6E3C568->5be39b6a-195c-499c-aaae-deebd243d90c-GrpcLogAppender: Wait interrupted by java.lang.InterruptedException
2019-11-13 22:06:15,926 [ForkJoinPool.commonPool-worker-0] INFO  impl.PendingRequests (PendingRequests.java:sendNotLeaderResponses(206)) - d9ec6d9b-9212-4a70-b93c-d3980a23303d@group-B0C0C6E3C568-PendingRequests: sendNotLeaderResponses
2019-11-13 22:06:15,926 [org.apache.ratis.server.impl.LogAppender$AppenderDaemon$$Lambda$465/2114790451@36c8c12d] WARN  server.GrpcLogAppender (GrpcLogAppender.java:mayWait(151)) - d9ec6d9b-9212-4a70-b93c-d3980a23303d@group-B0C0C6E3C568->52753b73-fd3b-4321-bab5-4a2e8177045b-GrpcLogAppender: Wait interrupted by java.lang.InterruptedException
2019-11-13 22:06:15,927 [grpc-default-executor-4] INFO  server.GrpcServerProtocolService (GrpcServerProtocolService.java:onCompleted(113)) - f7705811-6e65-4a57-b1c4-0cb13cee4425: Completed APPEND_ENTRIES, lastRequest: 7b888e0e-6a0f-4b0e-88cc-e0733c42ba91->f7705811-6e65-4a57-b1c4-0cb13cee4425#10-t1, previous=(t:1, i:0), leaderCommit=0, initializing? false, entries: <empty>
2019-11-13 22:06:15,927 [grpc-default-executor-5] INFO  server.GrpcServerProtocolService (GrpcServerProtocolService.java:onCompleted(113)) - b437d6a1-54f9-495c-b2fd-bb696abd9804: Completed APPEND_ENTRIES, lastRequest: 7b888e0e-6a0f-4b0e-88cc-e0733c42ba91->b437d6a1-54f9-495c-b2fd-bb696abd9804#10-t1, previous=(t:1, i:0), leaderCommit=0, initializing? false, entries: <empty>
2019-11-13 22:06:15,927 [grpc-default-executor-2] INFO  server.GrpcServerProtocolService (GrpcServerProtocolService.java:onCompleted(113)) - 5be39b6a-195c-499c-aaae-deebd243d90c: Completed APPEND_ENTRIES, lastRequest: d9ec6d9b-9212-4a70-b93c-d3980a23303d->5be39b6a-195c-499c-aaae-deebd243d90c#10-t1, previous=(t:1, i:0), leaderCommit=0, initializing? false, entries: <empty>
2019-11-13 22:06:15,927 [main] INFO  impl.StateMachineUpdater (StateMachineUpdater.java:stopAndJoin(136)) - 7b888e0e-6a0f-4b0e-88cc-e0733c42ba91@group-B9D2931423C9-StateMachineUpdater: set stopIndex = 0
2019-11-13 22:06:15,928 [grpc-default-executor-0] INFO  server.GrpcServerProtocolService (GrpcServerProtocolService.java:onCompleted(113)) - 52753b73-fd3b-4321-bab5-4a2e8177045b: Completed APPEND_ENTRIES, lastRequest: d9ec6d9b-9212-4a70-b93c-d3980a23303d->52753b73-fd3b-4321-bab5-4a2e8177045b#10-t1, previous=(t:1, i:0), leaderCommit=0, initializing? false, entries: <empty>
2019-11-13 22:06:15,927 [ForkJoinPool.commonPool-worker-0] INFO  impl.StateMachineUpdater (StateMachineUpdater.java:stopAndJoin(136)) - d9ec6d9b-9212-4a70-b93c-d3980a23303d@group-B0C0C6E3C568-StateMachineUpdater: set stopIndex = 0
2019-11-13 22:06:15,928 [main] INFO  impl.RaftServerImpl (ServerState.java:close(387)) - 7b888e0e-6a0f-4b0e-88cc-e0733c42ba91@group-B9D2931423C9: closes. applyIndex: 0
2019-11-13 22:06:15,928 [ForkJoinPool.commonPool-worker-0] INFO  impl.RaftServerImpl (ServerState.java:close(387)) - d9ec6d9b-9212-4a70-b93c-d3980a23303d@group-B0C0C6E3C568: closes. applyIndex: 0
2019-11-13 22:06:15,929 [grpc-default-executor-0] INFO  server.GrpcLogAppender (GrpcLogAppender.java:onCompleted(308)) - 7b888e0e-6a0f-4b0e-88cc-e0733c42ba91@group-B9D2931423C9->b437d6a1-54f9-495c-b2fd-bb696abd9804-AppendLogResponseHandler: follower responses appendEntries COMPLETED
2019-11-13 22:06:15,929 [grpc-default-executor-2] INFO  server.GrpcLogAppender (GrpcLogAppender.java:onCompleted(308)) - 7b888e0e-6a0f-4b0e-88cc-e0733c42ba91@group-B9D2931423C9->f7705811-6e65-4a57-b1c4-0cb13cee4425-AppendLogResponseHandler: follower responses appendEntries COMPLETED
2019-11-13 22:06:15,929 [d9ec6d9b-9212-4a70-b93c-d3980a23303d@group-B0C0C6E3C568-SegmentedRaftLogWorker] INFO  segmented.SegmentedRaftLogWorker (SegmentedRaftLogWorker.java:run(316)) - d9ec6d9b-9212-4a70-b93c-d3980a23303d@group-B0C0C6E3C568-SegmentedRaftLogWorker was interrupted, exiting. There are 0 tasks remaining in the queue.
2019-11-13 22:06:15,929 [7b888e0e-6a0f-4b0e-88cc-e0733c42ba91@group-B9D2931423C9-SegmentedRaftLogWorker] INFO  segmented.SegmentedRaftLogWorker (SegmentedRaftLogWorker.java:run(316)) - 7b888e0e-6a0f-4b0e-88cc-e0733c42ba91@group-B9D2931423C9-SegmentedRaftLogWorker was interrupted, exiting. There are 0 tasks remaining in the queue.
2019-11-13 22:06:15,929 [grpc-default-executor-4] INFO  server.GrpcLogAppender (GrpcLogAppender.java:onCompleted(308)) - d9ec6d9b-9212-4a70-b93c-d3980a23303d@group-B0C0C6E3C568->52753b73-fd3b-4321-bab5-4a2e8177045b-AppendLogResponseHandler: follower responses appendEntries COMPLETED
2019-11-13 22:06:15,929 [grpc-default-executor-5] INFO  server.GrpcLogAppender (GrpcLogAppender.java:onCompleted(308)) - d9ec6d9b-9212-4a70-b93c-d3980a23303d@group-B0C0C6E3C568->5be39b6a-195c-499c-aaae-deebd243d90c-AppendLogResponseHandler: follower responses appendEntries COMPLETED
2019-11-13 22:06:15,932 [main] INFO  segmented.SegmentedRaftLogWorker (SegmentedRaftLogWorker.java:close(224)) - 7b888e0e-6a0f-4b0e-88cc-e0733c42ba91@group-B9D2931423C9-SegmentedRaftLogWorker close()
2019-11-13 22:06:15,932 [grpc-default-executor-0] INFO  impl.FollowerInfo (FollowerInfo.java:lambda$new$0(51)) - 7b888e0e-6a0f-4b0e-88cc-e0733c42ba91@group-B9D2931423C9->b437d6a1-54f9-495c-b2fd-bb696abd9804: nextIndex: updateUnconditionally 1 -> 0
2019-11-13 22:06:15,932 [ForkJoinPool.commonPool-worker-0] INFO  segmented.SegmentedRaftLogWorker (SegmentedRaftLogWorker.java:close(224)) - d9ec6d9b-9212-4a70-b93c-d3980a23303d@group-B0C0C6E3C568-SegmentedRaftLogWorker close()
2019-11-13 22:06:15,935 [grpc-default-executor-2] INFO  impl.FollowerInfo (FollowerInfo.java:lambda$new$0(51)) - 7b888e0e-6a0f-4b0e-88cc-e0733c42ba91@group-B9D2931423C9->f7705811-6e65-4a57-b1c4-0cb13cee4425: nextIndex: updateUnconditionally 1 -> 0
2019-11-13 22:06:15,934 [main] INFO  impl.RaftServerImpl (RaftServerImpl.java:lambda$shutdown$3(250)) - 7b888e0e-6a0f-4b0e-88cc-e0733c42ba91@group-2864CBE92D84: shutdown
2019-11-13 22:06:15,933 [grpc-default-executor-4] INFO  impl.FollowerInfo (FollowerInfo.java:lambda$new$0(51)) - d9ec6d9b-9212-4a70-b93c-d3980a23303d@group-B0C0C6E3C568->52753b73-fd3b-4321-bab5-4a2e8177045b: nextIndex: updateUnconditionally 1 -> 0
2019-11-13 22:06:15,938 [main] INFO  util.JmxRegister (JmxRegister.java:unregister(73)) - Successfully un-registered JMX Bean with object name Ratis:service=RaftServer,group=group-2864CBE92D84,id=7b888e0e-6a0f-4b0e-88cc-e0733c42ba91
2019-11-13 22:06:15,937 [ForkJoinPool.commonPool-worker-0] INFO  impl.RaftServerImpl (RaftServerImpl.java:lambda$shutdown$3(250)) - d9ec6d9b-9212-4a70-b93c-d3980a23303d@group-E6D922EFD387: shutdown
2019-11-13 22:06:15,938 [main] INFO  impl.RoleInfo (RoleInfo.java:shutdownLeaderState(104)) - 7b888e0e-6a0f-4b0e-88cc-e0733c42ba91: shutdown LeaderState
2019-11-13 22:06:15,938 [ForkJoinPool.commonPool-worker-0] INFO  util.JmxRegister (JmxRegister.java:unregister(73)) - Successfully un-registered JMX Bean with object name Ratis:service=RaftServer,group=group-E6D922EFD387,id=d9ec6d9b-9212-4a70-b93c-d3980a23303d
2019-11-13 22:06:15,939 [main] INFO  impl.PendingRequests (PendingRequests.java:sendNotLeaderResponses(206)) - 7b888e0e-6a0f-4b0e-88cc-e0733c42ba91@group-2864CBE92D84-PendingRequests: sendNotLeaderResponses
2019-11-13 22:06:15,939 [ForkJoinPool.commonPool-worker-0] INFO  impl.RoleInfo (RoleInfo.java:shutdownLeaderState(104)) - d9ec6d9b-9212-4a70-b93c-d3980a23303d: shutdown LeaderState
2019-11-13 22:06:15,939 [main] INFO  impl.StateMachineUpdater (StateMachineUpdater.java:stopAndJoin(136)) - 7b888e0e-6a0f-4b0e-88cc-e0733c42ba91@group-2864CBE92D84-StateMachineUpdater: set stopIndex = 0
2019-11-13 22:06:15,940 [grpc-default-executor-5] INFO  impl.FollowerInfo (FollowerInfo.java:lambda$new$0(51)) - d9ec6d9b-9212-4a70-b93c-d3980a23303d@group-B0C0C6E3C568->5be39b6a-195c-499c-aaae-deebd243d90c: nextIndex: updateUnconditionally 1 -> 0
2019-11-13 22:06:15,940 [ForkJoinPool.commonPool-worker-0] INFO  impl.PendingRequests (PendingRequests.java:sendNotLeaderResponses(206)) - d9ec6d9b-9212-4a70-b93c-d3980a23303d@group-E6D922EFD387-PendingRequests: sendNotLeaderResponses
2019-11-13 22:06:15,940 [main] INFO  impl.RaftServerImpl (ServerState.java:close(387)) - 7b888e0e-6a0f-4b0e-88cc-e0733c42ba91@group-2864CBE92D84: closes. applyIndex: 0
2019-11-13 22:06:15,941 [ForkJoinPool.commonPool-worker-0] INFO  impl.StateMachineUpdater (StateMachineUpdater.java:stopAndJoin(136)) - d9ec6d9b-9212-4a70-b93c-d3980a23303d@group-E6D922EFD387-StateMachineUpdater: set stopIndex = 0
2019-11-13 22:06:15,944 [7b888e0e-6a0f-4b0e-88cc-e0733c42ba91@group-2864CBE92D84-SegmentedRaftLogWorker] INFO  segmented.SegmentedRaftLogWorker (SegmentedRaftLogWorker.java:run(316)) - 7b888e0e-6a0f-4b0e-88cc-e0733c42ba91@group-2864CBE92D84-SegmentedRaftLogWorker was interrupted, exiting. There are 0 tasks remaining in the queue.
2019-11-13 22:06:15,944 [ForkJoinPool.commonPool-worker-0] INFO  impl.RaftServerImpl (ServerState.java:close(387)) - d9ec6d9b-9212-4a70-b93c-d3980a23303d@group-E6D922EFD387: closes. applyIndex: 0
2019-11-13 22:06:15,947 [main] INFO  segmented.SegmentedRaftLogWorker (SegmentedRaftLogWorker.java:close(224)) - 7b888e0e-6a0f-4b0e-88cc-e0733c42ba91@group-2864CBE92D84-SegmentedRaftLogWorker close()
2019-11-13 22:06:15,947 [d9ec6d9b-9212-4a70-b93c-d3980a23303d@group-E6D922EFD387-SegmentedRaftLogWorker] INFO  segmented.SegmentedRaftLogWorker (SegmentedRaftLogWorker.java:run(316)) - d9ec6d9b-9212-4a70-b93c-d3980a23303d@group-E6D922EFD387-SegmentedRaftLogWorker was interrupted, exiting. There are 0 tasks remaining in the queue.
2019-11-13 22:06:15,949 [main] INFO  server.GrpcService (GrpcService.java:closeImpl(164)) - 7b888e0e-6a0f-4b0e-88cc-e0733c42ba91: shutdown server with port 44948 now
2019-11-13 22:06:15,949 [ForkJoinPool.commonPool-worker-0] INFO  segmented.SegmentedRaftLogWorker (SegmentedRaftLogWorker.java:close(224)) - d9ec6d9b-9212-4a70-b93c-d3980a23303d@group-E6D922EFD387-SegmentedRaftLogWorker close()
2019-11-13 22:06:15,951 [ForkJoinPool.commonPool-worker-0] INFO  server.GrpcService (GrpcService.java:closeImpl(164)) - d9ec6d9b-9212-4a70-b93c-d3980a23303d: shutdown server with port 34242 now
2019-11-13 22:06:15,951 [main] INFO  server.GrpcService (GrpcService.java:closeImpl(172)) - 7b888e0e-6a0f-4b0e-88cc-e0733c42ba91: shutdown server with port 44948 successfully
2019-11-13 22:06:15,951 [ForkJoinPool.commonPool-worker-0] INFO  server.GrpcService (GrpcService.java:closeImpl(172)) - d9ec6d9b-9212-4a70-b93c-d3980a23303d: shutdown server with port 34242 successfully
2019-11-13 22:06:15,954 [refreshUsed-/workdir/hadoop-ozone/integration-test/target/test-dir/MiniOzoneClusterImpl-7f102aba-c488-44cf-bcdb-425554d335ef/datanode-3/data/containers] WARN  fs.CachingGetSpaceUsed (CachingGetSpaceUsed.java:run(183)) - Thread Interrupted waiting to refresh disk information: sleep interrupted
2019-11-13 22:06:15,955 [refreshUsed-/workdir/hadoop-ozone/integration-test/target/test-dir/MiniOzoneClusterImpl-7f102aba-c488-44cf-bcdb-425554d335ef/datanode-1/data/containers] WARN  fs.CachingGetSpaceUsed (CachingGetSpaceUsed.java:run(183)) - Thread Interrupted waiting to refresh disk information: sleep interrupted
2019-11-13 22:06:15,976 [main] INFO  utils.BackgroundService (BackgroundService.java:shutdown(151)) - Shutting down service BlockDeletingService
2019-11-13 22:06:15,976 [ForkJoinPool.commonPool-worker-0] INFO  utils.BackgroundService (BackgroundService.java:shutdown(151)) - Shutting down service BlockDeletingService
2019-11-13 22:06:15,982 [main] INFO  statemachine.DatanodeStateMachine (DatanodeStateMachine.java:stopDaemon(395)) - Ozone container server stopped.
2019-11-13 22:06:15,983 [ForkJoinPool.commonPool-worker-0] INFO  statemachine.DatanodeStateMachine (DatanodeStateMachine.java:stopDaemon(395)) - Ozone container server stopped.
2019-11-13 22:06:15,999 [main] INFO  handler.ContextHandler (ContextHandler.java:doStop(910)) - Stopped o.e.j.w.WebAppContext@35ef439e{/,null,UNAVAILABLE}{/hddsDatanode}
2019-11-13 22:06:15,999 [ForkJoinPool.commonPool-worker-0] INFO  handler.ContextHandler (ContextHandler.java:doStop(910)) - Stopped o.e.j.w.WebAppContext@2ceee4b6{/,null,UNAVAILABLE}{/hddsDatanode}
2019-11-13 22:06:16,000 [main] INFO  server.AbstractConnector (AbstractConnector.java:doStop(318)) - Stopped ServerConnector@4997552e{HTTP/1.1,[http/1.1]}{0.0.0.0:0}
2019-11-13 22:06:16,000 [ForkJoinPool.commonPool-worker-0] INFO  server.AbstractConnector (AbstractConnector.java:doStop(318)) - Stopped ServerConnector@12a470dd{HTTP/1.1,[http/1.1]}{0.0.0.0:0}
2019-11-13 22:06:16,000 [main] INFO  handler.ContextHandler (ContextHandler.java:doStop(910)) - Stopped o.e.j.s.ServletContextHandler@3b4825f0{/static,jar:file:/home/user/.m2/repository/org/apache/hadoop/hadoop-hdds-container-service/0.5.0-SNAPSHOT/hadoop-hdds-container-service-0.5.0-SNAPSHOT.jar!/webapps/static,UNAVAILABLE}
2019-11-13 22:06:16,001 [ForkJoinPool.commonPool-worker-0] INFO  handler.ContextHandler (ContextHandler.java:doStop(910)) - Stopped o.e.j.s.ServletContextHandler@70025b99{/static,jar:file:/home/user/.m2/repository/org/apache/hadoop/hadoop-hdds-container-service/0.5.0-SNAPSHOT/hadoop-hdds-container-service-0.5.0-SNAPSHOT.jar!/webapps/static,UNAVAILABLE}
2019-11-13 22:06:16,001 [main] INFO  handler.ContextHandler (ContextHandler.java:doStop(910)) - Stopped o.e.j.s.ServletContextHandler@4dde8976{/logs,file:///workdir/hadoop-ozone/integration-test/target/log,UNAVAILABLE}
2019-11-13 22:06:16,002 [ForkJoinPool.commonPool-worker-0] INFO  handler.ContextHandler (ContextHandler.java:doStop(910)) - Stopped o.e.j.s.ServletContextHandler@558b4942{/logs,file:///workdir/hadoop-ozone/integration-test/target/log,UNAVAILABLE}
2019-11-13 22:06:16,352 [Datanode State Machine Thread - 0] INFO  statemachine.DatanodeStateMachine (DatanodeStateMachine.java:lambda$startDaemon$0(350)) - Ozone container server started.
2019-11-13 22:06:16,883 [Datanode State Machine Thread - 0] INFO  statemachine.DatanodeStateMachine (DatanodeStateMachine.java:lambda$startDaemon$0(350)) - Ozone container server started.
2019-11-13 22:06:17,638 [Thread-1428] INFO  impl.FollowerState (FollowerState.java:run(111)) - f7705811-6e65-4a57-b1c4-0cb13cee4425@group-B9D2931423C9-FollowerState: change to CANDIDATE, lastRpcTime:2054ms, electionTimeout:1108ms
2019-11-13 22:06:17,638 [Thread-1428] INFO  impl.RoleInfo (RoleInfo.java:shutdownFollowerState(121)) - f7705811-6e65-4a57-b1c4-0cb13cee4425: shutdown FollowerState
2019-11-13 22:06:17,639 [Thread-1428] INFO  impl.RaftServerImpl (RaftServerImpl.java:setRole(173)) - f7705811-6e65-4a57-b1c4-0cb13cee4425@group-B9D2931423C9: changes role from  FOLLOWER to CANDIDATE at term 1 for changeToCandidate
2019-11-13 22:06:17,639 [Thread-1428] INFO  impl.RoleInfo (RoleInfo.java:updateAndGet(143)) - f7705811-6e65-4a57-b1c4-0cb13cee4425: start LeaderElection
2019-11-13 22:06:17,641 [f7705811-6e65-4a57-b1c4-0cb13cee4425@group-B9D2931423C9-LeaderElection63] INFO  impl.RaftServerImpl (ServerState.java:setLeader(255)) - f7705811-6e65-4a57-b1c4-0cb13cee4425@group-B9D2931423C9: change Leader from 7b888e0e-6a0f-4b0e-88cc-e0733c42ba91 to null at term 1 for initElection
2019-11-13 22:06:17,655 [f7705811-6e65-4a57-b1c4-0cb13cee4425@group-B9D2931423C9-LeaderElection63] INFO  impl.LeaderElection (LeaderElection.java:askForVotes(178)) - f7705811-6e65-4a57-b1c4-0cb13cee4425@group-B9D2931423C9-LeaderElection63: begin an election at term 2 for 0: [7b888e0e-6a0f-4b0e-88cc-e0733c42ba91:192.168.164.237:44948, f7705811-6e65-4a57-b1c4-0cb13cee4425:192.168.164.237:42605, b437d6a1-54f9-495c-b2fd-bb696abd9804:192.168.164.237:38716], old=null
2019-11-13 22:06:17,659 [f7705811-6e65-4a57-b1c4-0cb13cee4425@group-B9D2931423C9-LeaderElection63] INFO  impl.LeaderElection (LogUtils.java:infoOrTrace(149)) - f7705811-6e65-4a57-b1c4-0cb13cee4425@group-B9D2931423C9-LeaderElection63 got exception when requesting votes: {}
java.util.concurrent.ExecutionException: org.apache.ratis.thirdparty.io.grpc.StatusRuntimeException: UNAVAILABLE: io exception
	at java.util.concurrent.FutureTask.report(FutureTask.java:122)
	at java.util.concurrent.FutureTask.get(FutureTask.java:192)
	at org.apache.ratis.server.impl.LeaderElection.waitForResults(LeaderElection.java:259)
	at org.apache.ratis.server.impl.LeaderElection.askForVotes(LeaderElection.java:197)
	at org.apache.ratis.server.impl.LeaderElection.run(LeaderElection.java:133)
	at java.lang.Thread.run(Thread.java:748)
Caused by: org.apache.ratis.thirdparty.io.grpc.StatusRuntimeException: UNAVAILABLE: io exception
	at org.apache.ratis.thirdparty.io.grpc.stub.ClientCalls.toStatusRuntimeException(ClientCalls.java:233)
	at org.apache.ratis.thirdparty.io.grpc.stub.ClientCalls.getUnchecked(ClientCalls.java:214)
	at org.apache.ratis.thirdparty.io.grpc.stub.ClientCalls.blockingUnaryCall(ClientCalls.java:139)
	at org.apache.ratis.proto.grpc.RaftServerProtocolServiceGrpc$RaftServerProtocolServiceBlockingStub.requestVote(RaftServerProtocolServiceGrpc.java:265)
	at org.apache.ratis.grpc.server.GrpcServerProtocolClient.requestVote(GrpcServerProtocolClient.java:99)
	at org.apache.ratis.grpc.server.GrpcService.requestVote(GrpcService.java:204)
	at org.apache.ratis.server.impl.LeaderElection.lambda$submitRequests$1(LeaderElection.java:234)
	at java.util.concurrent.FutureTask.run(FutureTask.java:266)
	at java.util.concurrent.Executors$RunnableAdapter.call(Executors.java:511)
	at java.util.concurrent.FutureTask.run(FutureTask.java:266)
	at java.util.concurrent.ThreadPoolExecutor.runWorker(ThreadPoolExecutor.java:1149)
	at java.util.concurrent.ThreadPoolExecutor$Worker.run(ThreadPoolExecutor.java:624)
	... 1 more
Caused by: org.apache.ratis.thirdparty.io.netty.channel.AbstractChannel$AnnotatedConnectException: Connection refused: /192.168.164.237:44948
	at sun.nio.ch.SocketChannelImpl.checkConnect(Native Method)
	at sun.nio.ch.SocketChannelImpl.finishConnect(SocketChannelImpl.java:717)
	at org.apache.ratis.thirdparty.io.netty.channel.socket.nio.NioSocketChannel.doFinishConnect(NioSocketChannel.java:327)
	at org.apache.ratis.thirdparty.io.netty.channel.nio.AbstractNioChannel$AbstractNioUnsafe.finishConnect(AbstractNioChannel.java:340)
	at org.apache.ratis.thirdparty.io.netty.channel.nio.NioEventLoop.processSelectedKey(NioEventLoop.java:632)
	at org.apache.ratis.thirdparty.io.netty.channel.nio.NioEventLoop.processSelectedKeysOptimized(NioEventLoop.java:579)
	at org.apache.ratis.thirdparty.io.netty.channel.nio.NioEventLoop.processSelectedKeys(NioEventLoop.java:496)
	at org.apache.ratis.thirdparty.io.netty.channel.nio.NioEventLoop.run(NioEventLoop.java:458)
	at org.apache.ratis.thirdparty.io.netty.util.concurrent.SingleThreadEventExecutor$5.run(SingleThreadEventExecutor.java:897)
	at org.apache.ratis.thirdparty.io.netty.util.concurrent.FastThreadLocalRunnable.run(FastThreadLocalRunnable.java:30)
	... 1 more
Caused by: java.net.ConnectException: Connection refused
	... 11 more
2019-11-13 22:06:17,661 [grpc-default-executor-5] INFO  impl.RaftServerImpl (ServerState.java:setLeader(255)) - b437d6a1-54f9-495c-b2fd-bb696abd9804@group-B9D2931423C9: change Leader from 7b888e0e-6a0f-4b0e-88cc-e0733c42ba91 to null at term 2 for updateCurrentTerm
2019-11-13 22:06:17,661 [grpc-default-executor-5] INFO  impl.RaftServerImpl (RaftServerImpl.java:setRole(173)) - b437d6a1-54f9-495c-b2fd-bb696abd9804@group-B9D2931423C9: changes role from  FOLLOWER to FOLLOWER at term 2 for recognizeCandidate:f7705811-6e65-4a57-b1c4-0cb13cee4425
2019-11-13 22:06:17,661 [grpc-default-executor-5] INFO  impl.RoleInfo (RoleInfo.java:shutdownFollowerState(121)) - b437d6a1-54f9-495c-b2fd-bb696abd9804: shutdown FollowerState
2019-11-13 22:06:17,661 [grpc-default-executor-5] INFO  impl.RoleInfo (RoleInfo.java:updateAndGet(143)) - b437d6a1-54f9-495c-b2fd-bb696abd9804: start FollowerState
2019-11-13 22:06:17,661 [Thread-1427] INFO  impl.FollowerState (FollowerState.java:run(120)) - b437d6a1-54f9-495c-b2fd-bb696abd9804@group-B9D2931423C9-FollowerState was interrupted: java.lang.InterruptedException: sleep interrupted
2019-11-13 22:06:17,677 [f7705811-6e65-4a57-b1c4-0cb13cee4425@group-B9D2931423C9-LeaderElection63] INFO  impl.LeaderElection (LeaderElection.java:logAndReturn(56)) - f7705811-6e65-4a57-b1c4-0cb13cee4425@group-B9D2931423C9-LeaderElection63: Election PASSED; received 1 response(s) [f7705811-6e65-4a57-b1c4-0cb13cee4425<-b437d6a1-54f9-495c-b2fd-bb696abd9804#0:OK-t2] and 1 exception(s); f7705811-6e65-4a57-b1c4-0cb13cee4425@group-B9D2931423C9:t2, leader=null, voted=f7705811-6e65-4a57-b1c4-0cb13cee4425, raftlog=f7705811-6e65-4a57-b1c4-0cb13cee4425@group-B9D2931423C9-SegmentedRaftLog:OPENED:c0,f0,i0, conf=0: [7b888e0e-6a0f-4b0e-88cc-e0733c42ba91:192.168.164.237:44948, f7705811-6e65-4a57-b1c4-0cb13cee4425:192.168.164.237:42605, b437d6a1-54f9-495c-b2fd-bb696abd9804:192.168.164.237:38716], old=null
2019-11-13 22:06:17,677 [f7705811-6e65-4a57-b1c4-0cb13cee4425@group-B9D2931423C9-LeaderElection63] INFO  impl.LeaderElection (LogUtils.java:infoOrTrace(149)) -   Exception 0: {}
java.util.concurrent.ExecutionException: org.apache.ratis.thirdparty.io.grpc.StatusRuntimeException: UNAVAILABLE: io exception
	at java.util.concurrent.FutureTask.report(FutureTask.java:122)
	at java.util.concurrent.FutureTask.get(FutureTask.java:192)
	at org.apache.ratis.server.impl.LeaderElection.waitForResults(LeaderElection.java:259)
	at org.apache.ratis.server.impl.LeaderElection.askForVotes(LeaderElection.java:197)
	at org.apache.ratis.server.impl.LeaderElection.run(LeaderElection.java:133)
	at java.lang.Thread.run(Thread.java:748)
Caused by: org.apache.ratis.thirdparty.io.grpc.StatusRuntimeException: UNAVAILABLE: io exception
	at org.apache.ratis.thirdparty.io.grpc.stub.ClientCalls.toStatusRuntimeException(ClientCalls.java:233)
	at org.apache.ratis.thirdparty.io.grpc.stub.ClientCalls.getUnchecked(ClientCalls.java:214)
	at org.apache.ratis.thirdparty.io.grpc.stub.ClientCalls.blockingUnaryCall(ClientCalls.java:139)
	at org.apache.ratis.proto.grpc.RaftServerProtocolServiceGrpc$RaftServerProtocolServiceBlockingStub.requestVote(RaftServerProtocolServiceGrpc.java:265)
	at org.apache.ratis.grpc.server.GrpcServerProtocolClient.requestVote(GrpcServerProtocolClient.java:99)
	at org.apache.ratis.grpc.server.GrpcService.requestVote(GrpcService.java:204)
	at org.apache.ratis.server.impl.LeaderElection.lambda$submitRequests$1(LeaderElection.java:234)
	at java.util.concurrent.FutureTask.run(FutureTask.java:266)
	at java.util.concurrent.Executors$RunnableAdapter.call(Executors.java:511)
	at java.util.concurrent.FutureTask.run(FutureTask.java:266)
	at java.util.concurrent.ThreadPoolExecutor.runWorker(ThreadPoolExecutor.java:1149)
	at java.util.concurrent.ThreadPoolExecutor$Worker.run(ThreadPoolExecutor.java:624)
	... 1 more
Caused by: org.apache.ratis.thirdparty.io.netty.channel.AbstractChannel$AnnotatedConnectException: Connection refused: /192.168.164.237:44948
	at sun.nio.ch.SocketChannelImpl.checkConnect(Native Method)
	at sun.nio.ch.SocketChannelImpl.finishConnect(SocketChannelImpl.java:717)
	at org.apache.ratis.thirdparty.io.netty.channel.socket.nio.NioSocketChannel.doFinishConnect(NioSocketChannel.java:327)
	at org.apache.ratis.thirdparty.io.netty.channel.nio.AbstractNioChannel$AbstractNioUnsafe.finishConnect(AbstractNioChannel.java:340)
	at org.apache.ratis.thirdparty.io.netty.channel.nio.NioEventLoop.processSelectedKey(NioEventLoop.java:632)
	at org.apache.ratis.thirdparty.io.netty.channel.nio.NioEventLoop.processSelectedKeysOptimized(NioEventLoop.java:579)
	at org.apache.ratis.thirdparty.io.netty.channel.nio.NioEventLoop.processSelectedKeys(NioEventLoop.java:496)
	at org.apache.ratis.thirdparty.io.netty.channel.nio.NioEventLoop.run(NioEventLoop.java:458)
	at org.apache.ratis.thirdparty.io.netty.util.concurrent.SingleThreadEventExecutor$5.run(SingleThreadEventExecutor.java:897)
	at org.apache.ratis.thirdparty.io.netty.util.concurrent.FastThreadLocalRunnable.run(FastThreadLocalRunnable.java:30)
	... 1 more
Caused by: java.net.ConnectException: Connection refused
	... 11 more
2019-11-13 22:06:17,677 [f7705811-6e65-4a57-b1c4-0cb13cee4425@group-B9D2931423C9-LeaderElection63] INFO  impl.RoleInfo (RoleInfo.java:shutdownLeaderElection(134)) - f7705811-6e65-4a57-b1c4-0cb13cee4425: shutdown LeaderElection
2019-11-13 22:06:17,677 [f7705811-6e65-4a57-b1c4-0cb13cee4425@group-B9D2931423C9-LeaderElection63] INFO  impl.RaftServerImpl (RaftServerImpl.java:setRole(173)) - f7705811-6e65-4a57-b1c4-0cb13cee4425@group-B9D2931423C9: changes role from CANDIDATE to LEADER at term 2 for changeToLeader
2019-11-13 22:06:17,678 [f7705811-6e65-4a57-b1c4-0cb13cee4425@group-B9D2931423C9-LeaderElection63] INFO  ratis.XceiverServerRatis (XceiverServerRatis.java:handleLeaderChangedNotification(697)) - Leader change notification received for group: group-B9D2931423C9 with new leaderId: f7705811-6e65-4a57-b1c4-0cb13cee4425
2019-11-13 22:06:17,678 [f7705811-6e65-4a57-b1c4-0cb13cee4425@group-B9D2931423C9-LeaderElection63] INFO  impl.RaftServerImpl (ServerState.java:setLeader(255)) - f7705811-6e65-4a57-b1c4-0cb13cee4425@group-B9D2931423C9: change Leader from null to f7705811-6e65-4a57-b1c4-0cb13cee4425 at term 2 for becomeLeader, leader elected after 36ms
2019-11-13 22:06:17,678 [f7705811-6e65-4a57-b1c4-0cb13cee4425@group-B9D2931423C9-LeaderElection63] INFO  server.RaftServerConfigKeys (ConfUtils.java:logGet(43)) - raft.server.staging.catchup.gap = 1000 (default)
2019-11-13 22:06:17,679 [f7705811-6e65-4a57-b1c4-0cb13cee4425@group-B9D2931423C9-LeaderElection63] INFO  server.RaftServerConfigKeys (ConfUtils.java:logGet(43)) - raft.server.rpc.sleep.time = 25ms (default)
2019-11-13 22:06:17,679 [f7705811-6e65-4a57-b1c4-0cb13cee4425@group-B9D2931423C9-LeaderElection63] INFO  server.RaftServerConfigKeys (ConfUtils.java:logGet(43)) - raft.server.write.element-limit = 4096 (default)
2019-11-13 22:06:17,679 [f7705811-6e65-4a57-b1c4-0cb13cee4425@group-B9D2931423C9-LeaderElection63] INFO  server.RaftServerConfigKeys (ConfUtils.java:logGet(43)) - raft.server.watch.timeout = 10s (default)
2019-11-13 22:06:17,679 [f7705811-6e65-4a57-b1c4-0cb13cee4425@group-B9D2931423C9-LeaderElection63] INFO  server.RaftServerConfigKeys (ConfUtils.java:logGet(43)) - raft.server.watch.timeout.denomination = 1s (default)
2019-11-13 22:06:17,679 [f7705811-6e65-4a57-b1c4-0cb13cee4425@group-B9D2931423C9-LeaderElection63] INFO  server.RaftServerConfigKeys (ConfUtils.java:logGet(43)) - raft.server.watch.element-limit = 65536 (default)
2019-11-13 22:06:17,680 [f7705811-6e65-4a57-b1c4-0cb13cee4425@group-B9D2931423C9-LeaderElection63] INFO  server.RaftServerConfigKeys (ConfUtils.java:logGet(43)) - raft.server.log.appender.snapshot.chunk.size.max = 16MB (=16777216) (default)
2019-11-13 22:06:17,680 [f7705811-6e65-4a57-b1c4-0cb13cee4425@group-B9D2931423C9-LeaderElection63] INFO  server.RaftServerConfigKeys (ConfUtils.java:logGet(43)) - raft.server.log.appender.buffer.byte-limit = 33554432 (custom)
2019-11-13 22:06:17,680 [EventQueue-PipelineReportForPipelineReportHandler] INFO  pipeline.PipelineStateManager (PipelineStateManager.java:openPipeline(134)) - Pipeline Pipeline[ Id: 5b3aa9ce-36f2-47ed-a742-b9d2931423c9, Nodes: 7b888e0e-6a0f-4b0e-88cc-e0733c42ba91{ip: 192.168.164.237, host: pr-hdds-2471-vxr4w-2980416436, networkLocation: /default-rack, certSerialId: null}f7705811-6e65-4a57-b1c4-0cb13cee4425{ip: 192.168.164.237, host: pr-hdds-2471-vxr4w-2980416436, networkLocation: /default-rack, certSerialId: null}b437d6a1-54f9-495c-b2fd-bb696abd9804{ip: 192.168.164.237, host: pr-hdds-2471-vxr4w-2980416436, networkLocation: /default-rack, certSerialId: null}, Type:RATIS, Factor:THREE, State:OPEN] moved to OPEN state
2019-11-13 22:06:17,680 [f7705811-6e65-4a57-b1c4-0cb13cee4425@group-B9D2931423C9-LeaderElection63] INFO  server.RaftServerConfigKeys (ConfUtils.java:logGet(43)) - raft.server.log.appender.buffer.element-limit = 1 (custom)
2019-11-13 22:06:17,681 [f7705811-6e65-4a57-b1c4-0cb13cee4425@group-B9D2931423C9-LeaderElection63] INFO  grpc.GrpcConfigKeys$Server (ConfUtils.java:logGet(43)) - raft.grpc.server.leader.outstanding.appends.max = 128 (default)
2019-11-13 22:06:17,681 [f7705811-6e65-4a57-b1c4-0cb13cee4425@group-B9D2931423C9-LeaderElection63] INFO  server.RaftServerConfigKeys (ConfUtils.java:logGet(43)) - raft.server.rpc.request.timeout = 3000ms (default)
2019-11-13 22:06:17,681 [f7705811-6e65-4a57-b1c4-0cb13cee4425@group-B9D2931423C9-LeaderElection63] INFO  server.RaftServerConfigKeys (ConfUtils.java:logGet(43)) - raft.server.log.appender.install.snapshot.enabled = false (custom)
2019-11-13 22:06:17,681 [f7705811-6e65-4a57-b1c4-0cb13cee4425@group-B9D2931423C9-LeaderElection63] WARN  impl.MetricRegistriesImpl (MetricRegistriesImpl.java:lambda$create$1(61)) - First MetricRegistry has been created without registering reporters. You may need to call MetricRegistries.global().addReportRegistration(...) before.
2019-11-13 22:06:17,681 [f7705811-6e65-4a57-b1c4-0cb13cee4425@group-B9D2931423C9-LeaderElection63] INFO  server.RaftServerConfigKeys (ConfUtils.java:logGet(43)) - raft.server.log.appender.snapshot.chunk.size.max = 16MB (=16777216) (default)
2019-11-13 22:06:17,681 [f7705811-6e65-4a57-b1c4-0cb13cee4425@group-B9D2931423C9-LeaderElection63] INFO  server.RaftServerConfigKeys (ConfUtils.java:logGet(43)) - raft.server.log.appender.buffer.byte-limit = 33554432 (custom)
2019-11-13 22:06:17,682 [f7705811-6e65-4a57-b1c4-0cb13cee4425@group-B9D2931423C9-LeaderElection63] INFO  server.RaftServerConfigKeys (ConfUtils.java:logGet(43)) - raft.server.log.appender.buffer.element-limit = 1 (custom)
2019-11-13 22:06:17,682 [f7705811-6e65-4a57-b1c4-0cb13cee4425@group-B9D2931423C9-LeaderElection63] INFO  grpc.GrpcConfigKeys$Server (ConfUtils.java:logGet(43)) - raft.grpc.server.leader.outstanding.appends.max = 128 (default)
2019-11-13 22:06:17,682 [f7705811-6e65-4a57-b1c4-0cb13cee4425@group-B9D2931423C9-LeaderElection63] INFO  server.RaftServerConfigKeys (ConfUtils.java:logGet(43)) - raft.server.rpc.request.timeout = 3000ms (default)
2019-11-13 22:06:17,682 [f7705811-6e65-4a57-b1c4-0cb13cee4425@group-B9D2931423C9-LeaderElection63] INFO  server.RaftServerConfigKeys (ConfUtils.java:logGet(43)) - raft.server.log.appender.install.snapshot.enabled = false (custom)
2019-11-13 22:06:17,682 [f7705811-6e65-4a57-b1c4-0cb13cee4425@group-B9D2931423C9-LeaderElection63] INFO  impl.RoleInfo (RoleInfo.java:updateAndGet(143)) - f7705811-6e65-4a57-b1c4-0cb13cee4425: start LeaderState
2019-11-13 22:06:17,683 [f7705811-6e65-4a57-b1c4-0cb13cee4425@group-B9D2931423C9-LeaderElection63] INFO  segmented.SegmentedRaftLogWorker (SegmentedRaftLogWorker.java:rollLogSegment(390)) - f7705811-6e65-4a57-b1c4-0cb13cee4425@group-B9D2931423C9-SegmentedRaftLogWorker: Rolling segment log-0_0 to index:0
2019-11-13 22:06:17,684 [f7705811-6e65-4a57-b1c4-0cb13cee4425@group-B9D2931423C9-SegmentedRaftLogWorker] INFO  segmented.SegmentedRaftLogWorker (SegmentedRaftLogWorker.java:execute(533)) - f7705811-6e65-4a57-b1c4-0cb13cee4425@group-B9D2931423C9-SegmentedRaftLogWorker: Rolled log segment from /workdir/hadoop-ozone/integration-test/target/test-dir/MiniOzoneClusterImpl-7f102aba-c488-44cf-bcdb-425554d335ef/datanode-4/data/ratis/5b3aa9ce-36f2-47ed-a742-b9d2931423c9/current/log_inprogress_0 to /workdir/hadoop-ozone/integration-test/target/test-dir/MiniOzoneClusterImpl-7f102aba-c488-44cf-bcdb-425554d335ef/datanode-4/data/ratis/5b3aa9ce-36f2-47ed-a742-b9d2931423c9/current/log_0-0
2019-11-13 22:06:17,684 [f7705811-6e65-4a57-b1c4-0cb13cee4425@group-B9D2931423C9-LeaderElection63] INFO  impl.RaftServerImpl (ServerState.java:setRaftConf(356)) - f7705811-6e65-4a57-b1c4-0cb13cee4425@group-B9D2931423C9: set configuration 1: [7b888e0e-6a0f-4b0e-88cc-e0733c42ba91:192.168.164.237:44948, f7705811-6e65-4a57-b1c4-0cb13cee4425:192.168.164.237:42605, b437d6a1-54f9-495c-b2fd-bb696abd9804:192.168.164.237:38716], old=null at 1
2019-11-13 22:06:17,684 [grpc-default-executor-5] WARN  server.GrpcLogAppender (LogUtils.java:warn(134)) - f7705811-6e65-4a57-b1c4-0cb13cee4425@group-B9D2931423C9->7b888e0e-6a0f-4b0e-88cc-e0733c42ba91-AppendLogResponseHandler: Failed appendEntries: org.apache.ratis.thirdparty.io.grpc.StatusRuntimeException: UNAVAILABLE: io exception
2019-11-13 22:06:17,685 [grpc-default-executor-5] INFO  impl.FollowerInfo (FollowerInfo.java:lambda$new$0(51)) - f7705811-6e65-4a57-b1c4-0cb13cee4425@group-B9D2931423C9->7b888e0e-6a0f-4b0e-88cc-e0733c42ba91: nextIndex: updateUnconditionally 1 -> 0
2019-11-13 22:06:17,685 [grpc-default-executor-5] INFO  ratis.XceiverServerRatis (XceiverServerRatis.java:handleLeaderChangedNotification(697)) - Leader change notification received for group: group-B9D2931423C9 with new leaderId: f7705811-6e65-4a57-b1c4-0cb13cee4425
2019-11-13 22:06:17,686 [grpc-default-executor-5] INFO  impl.RaftServerImpl (ServerState.java:setLeader(255)) - b437d6a1-54f9-495c-b2fd-bb696abd9804@group-B9D2931423C9: change Leader from null to f7705811-6e65-4a57-b1c4-0cb13cee4425 at term 2 for appendEntries, leader elected after 24ms
2019-11-13 22:06:17,688 [grpc-default-executor-5] INFO  impl.RaftServerImpl (ServerState.java:setRaftConf(356)) - b437d6a1-54f9-495c-b2fd-bb696abd9804@group-B9D2931423C9: set configuration 1: [7b888e0e-6a0f-4b0e-88cc-e0733c42ba91:192.168.164.237:44948, f7705811-6e65-4a57-b1c4-0cb13cee4425:192.168.164.237:42605, b437d6a1-54f9-495c-b2fd-bb696abd9804:192.168.164.237:38716], old=null at 1
2019-11-13 22:06:17,689 [grpc-default-executor-5] INFO  segmented.SegmentedRaftLogWorker (SegmentedRaftLogWorker.java:rollLogSegment(390)) - b437d6a1-54f9-495c-b2fd-bb696abd9804@group-B9D2931423C9-SegmentedRaftLogWorker: Rolling segment log-0_0 to index:0
2019-11-13 22:06:17,690 [b437d6a1-54f9-495c-b2fd-bb696abd9804@group-B9D2931423C9-SegmentedRaftLogWorker] INFO  segmented.SegmentedRaftLogWorker (SegmentedRaftLogWorker.java:execute(533)) - b437d6a1-54f9-495c-b2fd-bb696abd9804@group-B9D2931423C9-SegmentedRaftLogWorker: Rolled log segment from /workdir/hadoop-ozone/integration-test/target/test-dir/MiniOzoneClusterImpl-7f102aba-c488-44cf-bcdb-425554d335ef/datanode-5/data/ratis/5b3aa9ce-36f2-47ed-a742-b9d2931423c9/current/log_inprogress_0 to /workdir/hadoop-ozone/integration-test/target/test-dir/MiniOzoneClusterImpl-7f102aba-c488-44cf-bcdb-425554d335ef/datanode-5/data/ratis/5b3aa9ce-36f2-47ed-a742-b9d2931423c9/current/log_0-0
2019-11-13 22:06:17,717 [Thread-1441] INFO  impl.FollowerState (FollowerState.java:run(111)) - 5be39b6a-195c-499c-aaae-deebd243d90c@group-B0C0C6E3C568-FollowerState: change to CANDIDATE, lastRpcTime:1812ms, electionTimeout:1136ms
2019-11-13 22:06:17,717 [Thread-1441] INFO  impl.RoleInfo (RoleInfo.java:shutdownFollowerState(121)) - 5be39b6a-195c-499c-aaae-deebd243d90c: shutdown FollowerState
2019-11-13 22:06:17,718 [Thread-1441] INFO  impl.RaftServerImpl (RaftServerImpl.java:setRole(173)) - 5be39b6a-195c-499c-aaae-deebd243d90c@group-B0C0C6E3C568: changes role from  FOLLOWER to CANDIDATE at term 1 for changeToCandidate
2019-11-13 22:06:17,718 [Thread-1441] INFO  impl.RoleInfo (RoleInfo.java:updateAndGet(143)) - 5be39b6a-195c-499c-aaae-deebd243d90c: start LeaderElection
2019-11-13 22:06:17,723 [f7705811-6e65-4a57-b1c4-0cb13cee4425@group-B9D2931423C9-SegmentedRaftLogWorker] INFO  segmented.SegmentedRaftLogWorker (SegmentedRaftLogWorker.java:execute(576)) - f7705811-6e65-4a57-b1c4-0cb13cee4425@group-B9D2931423C9-SegmentedRaftLogWorker: created new log segment /workdir/hadoop-ozone/integration-test/target/test-dir/MiniOzoneClusterImpl-7f102aba-c488-44cf-bcdb-425554d335ef/datanode-4/data/ratis/5b3aa9ce-36f2-47ed-a742-b9d2931423c9/current/log_inprogress_1
2019-11-13 22:06:17,723 [5be39b6a-195c-499c-aaae-deebd243d90c@group-B0C0C6E3C568-LeaderElection64] INFO  impl.RaftServerImpl (ServerState.java:setLeader(255)) - 5be39b6a-195c-499c-aaae-deebd243d90c@group-B0C0C6E3C568: change Leader from d9ec6d9b-9212-4a70-b93c-d3980a23303d to null at term 1 for initElection
2019-11-13 22:06:17,726 [b437d6a1-54f9-495c-b2fd-bb696abd9804@group-B9D2931423C9-SegmentedRaftLogWorker] INFO  segmented.SegmentedRaftLogWorker (SegmentedRaftLogWorker.java:execute(576)) - b437d6a1-54f9-495c-b2fd-bb696abd9804@group-B9D2931423C9-SegmentedRaftLogWorker: created new log segment /workdir/hadoop-ozone/integration-test/target/test-dir/MiniOzoneClusterImpl-7f102aba-c488-44cf-bcdb-425554d335ef/datanode-5/data/ratis/5b3aa9ce-36f2-47ed-a742-b9d2931423c9/current/log_inprogress_1
2019-11-13 22:06:17,728 [5be39b6a-195c-499c-aaae-deebd243d90c@group-B0C0C6E3C568-LeaderElection64] INFO  impl.LeaderElection (LeaderElection.java:askForVotes(178)) - 5be39b6a-195c-499c-aaae-deebd243d90c@group-B0C0C6E3C568-LeaderElection64: begin an election at term 2 for 0: [5be39b6a-195c-499c-aaae-deebd243d90c:192.168.164.237:39727, d9ec6d9b-9212-4a70-b93c-d3980a23303d:192.168.164.237:34242, 52753b73-fd3b-4321-bab5-4a2e8177045b:192.168.164.237:32948], old=null
2019-11-13 22:06:17,731 [grpc-default-executor-5] WARN  server.GrpcLogAppender (LogUtils.java:warn(134)) - f7705811-6e65-4a57-b1c4-0cb13cee4425@group-B9D2931423C9->7b888e0e-6a0f-4b0e-88cc-e0733c42ba91-AppendLogResponseHandler: Failed appendEntries: org.apache.ratis.thirdparty.io.grpc.StatusRuntimeException: UNAVAILABLE: io exception
2019-11-13 22:06:17,731 [5be39b6a-195c-499c-aaae-deebd243d90c@group-B0C0C6E3C568-LeaderElection64] INFO  impl.LeaderElection (LogUtils.java:infoOrTrace(149)) - 5be39b6a-195c-499c-aaae-deebd243d90c@group-B0C0C6E3C568-LeaderElection64 got exception when requesting votes: {}
java.util.concurrent.ExecutionException: org.apache.ratis.thirdparty.io.grpc.StatusRuntimeException: UNAVAILABLE: io exception
	at java.util.concurrent.FutureTask.report(FutureTask.java:122)
	at java.util.concurrent.FutureTask.get(FutureTask.java:192)
	at org.apache.ratis.server.impl.LeaderElection.waitForResults(LeaderElection.java:259)
	at org.apache.ratis.server.impl.LeaderElection.askForVotes(LeaderElection.java:197)
	at org.apache.ratis.server.impl.LeaderElection.run(LeaderElection.java:133)
	at java.lang.Thread.run(Thread.java:748)
Caused by: org.apache.ratis.thirdparty.io.grpc.StatusRuntimeException: UNAVAILABLE: io exception
	at org.apache.ratis.thirdparty.io.grpc.stub.ClientCalls.toStatusRuntimeException(ClientCalls.java:233)
	at org.apache.ratis.thirdparty.io.grpc.stub.ClientCalls.getUnchecked(ClientCalls.java:214)
	at org.apache.ratis.thirdparty.io.grpc.stub.ClientCalls.blockingUnaryCall(ClientCalls.java:139)
	at org.apache.ratis.proto.grpc.RaftServerProtocolServiceGrpc$RaftServerProtocolServiceBlockingStub.requestVote(RaftServerProtocolServiceGrpc.java:265)
	at org.apache.ratis.grpc.server.GrpcServerProtocolClient.requestVote(GrpcServerProtocolClient.java:99)
	at org.apache.ratis.grpc.server.GrpcService.requestVote(GrpcService.java:204)
	at org.apache.ratis.server.impl.LeaderElection.lambda$submitRequests$1(LeaderElection.java:234)
	at java.util.concurrent.FutureTask.run(FutureTask.java:266)
	at java.util.concurrent.Executors$RunnableAdapter.call(Executors.java:511)
	at java.util.concurrent.FutureTask.run(FutureTask.java:266)
	at java.util.concurrent.ThreadPoolExecutor.runWorker(ThreadPoolExecutor.java:1149)
	at java.util.concurrent.ThreadPoolExecutor$Worker.run(ThreadPoolExecutor.java:624)
	... 1 more
Caused by: org.apache.ratis.thirdparty.io.netty.channel.AbstractChannel$AnnotatedConnectException: Connection refused: /192.168.164.237:34242
	at sun.nio.ch.SocketChannelImpl.checkConnect(Native Method)
	at sun.nio.ch.SocketChannelImpl.finishConnect(SocketChannelImpl.java:717)
	at org.apache.ratis.thirdparty.io.netty.channel.socket.nio.NioSocketChannel.doFinishConnect(NioSocketChannel.java:327)
	at org.apache.ratis.thirdparty.io.netty.channel.nio.AbstractNioChannel$AbstractNioUnsafe.finishConnect(AbstractNioChannel.java:340)
	at org.apache.ratis.thirdparty.io.netty.channel.nio.NioEventLoop.processSelectedKey(NioEventLoop.java:632)
	at org.apache.ratis.thirdparty.io.netty.channel.nio.NioEventLoop.processSelectedKeysOptimized(NioEventLoop.java:579)
	at org.apache.ratis.thirdparty.io.netty.channel.nio.NioEventLoop.processSelectedKeys(NioEventLoop.java:496)
	at org.apache.ratis.thirdparty.io.netty.channel.nio.NioEventLoop.run(NioEventLoop.java:458)
	at org.apache.ratis.thirdparty.io.netty.util.concurrent.SingleThreadEventExecutor$5.run(SingleThreadEventExecutor.java:897)
	at org.apache.ratis.thirdparty.io.netty.util.concurrent.FastThreadLocalRunnable.run(FastThreadLocalRunnable.java:30)
	... 1 more
Caused by: java.net.ConnectException: Connection refused
	... 11 more
2019-11-13 22:06:17,731 [grpc-default-executor-5] INFO  impl.FollowerInfo (FollowerInfo.java:lambda$new$0(51)) - f7705811-6e65-4a57-b1c4-0cb13cee4425@group-B9D2931423C9->7b888e0e-6a0f-4b0e-88cc-e0733c42ba91: nextIndex: updateUnconditionally 1 -> 0
2019-11-13 22:06:17,734 [grpc-default-executor-5] INFO  impl.RaftServerImpl (ServerState.java:setLeader(255)) - 52753b73-fd3b-4321-bab5-4a2e8177045b@group-B0C0C6E3C568: change Leader from d9ec6d9b-9212-4a70-b93c-d3980a23303d to null at term 2 for updateCurrentTerm
2019-11-13 22:06:17,734 [grpc-default-executor-5] INFO  impl.RaftServerImpl (RaftServerImpl.java:setRole(173)) - 52753b73-fd3b-4321-bab5-4a2e8177045b@group-B0C0C6E3C568: changes role from  FOLLOWER to FOLLOWER at term 2 for recognizeCandidate:5be39b6a-195c-499c-aaae-deebd243d90c
2019-11-13 22:06:17,734 [grpc-default-executor-5] INFO  impl.RoleInfo (RoleInfo.java:shutdownFollowerState(121)) - 52753b73-fd3b-4321-bab5-4a2e8177045b: shutdown FollowerState
2019-11-13 22:06:17,734 [grpc-default-executor-5] INFO  impl.RoleInfo (RoleInfo.java:updateAndGet(143)) - 52753b73-fd3b-4321-bab5-4a2e8177045b: start FollowerState
2019-11-13 22:06:17,734 [Thread-1442] INFO  impl.FollowerState (FollowerState.java:run(120)) - 52753b73-fd3b-4321-bab5-4a2e8177045b@group-B0C0C6E3C568-FollowerState was interrupted: java.lang.InterruptedException: sleep interrupted
2019-11-13 22:06:17,744 [5be39b6a-195c-499c-aaae-deebd243d90c@group-B0C0C6E3C568-LeaderElection64] INFO  impl.LeaderElection (LeaderElection.java:logAndReturn(56)) - 5be39b6a-195c-499c-aaae-deebd243d90c@group-B0C0C6E3C568-LeaderElection64: Election PASSED; received 1 response(s) [5be39b6a-195c-499c-aaae-deebd243d90c<-52753b73-fd3b-4321-bab5-4a2e8177045b#0:OK-t2] and 1 exception(s); 5be39b6a-195c-499c-aaae-deebd243d90c@group-B0C0C6E3C568:t2, leader=null, voted=5be39b6a-195c-499c-aaae-deebd243d90c, raftlog=5be39b6a-195c-499c-aaae-deebd243d90c@group-B0C0C6E3C568-SegmentedRaftLog:OPENED:c0,f0,i0, conf=0: [5be39b6a-195c-499c-aaae-deebd243d90c:192.168.164.237:39727, d9ec6d9b-9212-4a70-b93c-d3980a23303d:192.168.164.237:34242, 52753b73-fd3b-4321-bab5-4a2e8177045b:192.168.164.237:32948], old=null
2019-11-13 22:06:17,744 [grpc-default-executor-0] WARN  server.GrpcLogAppender (LogUtils.java:warn(134)) - f7705811-6e65-4a57-b1c4-0cb13cee4425@group-B9D2931423C9->7b888e0e-6a0f-4b0e-88cc-e0733c42ba91-AppendLogResponseHandler: Failed appendEntries: org.apache.ratis.thirdparty.io.grpc.StatusRuntimeException: UNAVAILABLE: io exception
2019-11-13 22:06:17,744 [5be39b6a-195c-499c-aaae-deebd243d90c@group-B0C0C6E3C568-LeaderElection64] INFO  impl.LeaderElection (LogUtils.java:infoOrTrace(149)) -   Exception 0: {}
java.util.concurrent.ExecutionException: org.apache.ratis.thirdparty.io.grpc.StatusRuntimeException: UNAVAILABLE: io exception
	at java.util.concurrent.FutureTask.report(FutureTask.java:122)
	at java.util.concurrent.FutureTask.get(FutureTask.java:192)
	at org.apache.ratis.server.impl.LeaderElection.waitForResults(LeaderElection.java:259)
	at org.apache.ratis.server.impl.LeaderElection.askForVotes(LeaderElection.java:197)
	at org.apache.ratis.server.impl.LeaderElection.run(LeaderElection.java:133)
	at java.lang.Thread.run(Thread.java:748)
Caused by: org.apache.ratis.thirdparty.io.grpc.StatusRuntimeException: UNAVAILABLE: io exception
	at org.apache.ratis.thirdparty.io.grpc.stub.ClientCalls.toStatusRuntimeException(ClientCalls.java:233)
	at org.apache.ratis.thirdparty.io.grpc.stub.ClientCalls.getUnchecked(ClientCalls.java:214)
	at org.apache.ratis.thirdparty.io.grpc.stub.ClientCalls.blockingUnaryCall(ClientCalls.java:139)
	at org.apache.ratis.proto.grpc.RaftServerProtocolServiceGrpc$RaftServerProtocolServiceBlockingStub.requestVote(RaftServerProtocolServiceGrpc.java:265)
	at org.apache.ratis.grpc.server.GrpcServerProtocolClient.requestVote(GrpcServerProtocolClient.java:99)
	at org.apache.ratis.grpc.server.GrpcService.requestVote(GrpcService.java:204)
	at org.apache.ratis.server.impl.LeaderElection.lambda$submitRequests$1(LeaderElection.java:234)
	at java.util.concurrent.FutureTask.run(FutureTask.java:266)
	at java.util.concurrent.Executors$RunnableAdapter.call(Executors.java:511)
	at java.util.concurrent.FutureTask.run(FutureTask.java:266)
	at java.util.concurrent.ThreadPoolExecutor.runWorker(ThreadPoolExecutor.java:1149)
	at java.util.concurrent.ThreadPoolExecutor$Worker.run(ThreadPoolExecutor.java:624)
	... 1 more
Caused by: org.apache.ratis.thirdparty.io.netty.channel.AbstractChannel$AnnotatedConnectException: Connection refused: /192.168.164.237:34242
	at sun.nio.ch.SocketChannelImpl.checkConnect(Native Method)
	at sun.nio.ch.SocketChannelImpl.finishConnect(SocketChannelImpl.java:717)
	at org.apache.ratis.thirdparty.io.netty.channel.socket.nio.NioSocketChannel.doFinishConnect(NioSocketChannel.java:327)
	at org.apache.ratis.thirdparty.io.netty.channel.nio.AbstractNioChannel$AbstractNioUnsafe.finishConnect(AbstractNioChannel.java:340)
	at org.apache.ratis.thirdparty.io.netty.channel.nio.NioEventLoop.processSelectedKey(NioEventLoop.java:632)
	at org.apache.ratis.thirdparty.io.netty.channel.nio.NioEventLoop.processSelectedKeysOptimized(NioEventLoop.java:579)
	at org.apache.ratis.thirdparty.io.netty.channel.nio.NioEventLoop.processSelectedKeys(NioEventLoop.java:496)
	at org.apache.ratis.thirdparty.io.netty.channel.nio.NioEventLoop.run(NioEventLoop.java:458)
	at org.apache.ratis.thirdparty.io.netty.util.concurrent.SingleThreadEventExecutor$5.run(SingleThreadEventExecutor.java:897)
	at org.apache.ratis.thirdparty.io.netty.util.concurrent.FastThreadLocalRunnable.run(FastThreadLocalRunnable.java:30)
	... 1 more
Caused by: java.net.ConnectException: Connection refused
	... 11 more
2019-11-13 22:06:17,745 [grpc-default-executor-0] INFO  impl.FollowerInfo (FollowerInfo.java:lambda$new$0(51)) - f7705811-6e65-4a57-b1c4-0cb13cee4425@group-B9D2931423C9->7b888e0e-6a0f-4b0e-88cc-e0733c42ba91: nextIndex: updateUnconditionally 1 -> 0
2019-11-13 22:06:17,745 [5be39b6a-195c-499c-aaae-deebd243d90c@group-B0C0C6E3C568-LeaderElection64] INFO  impl.RoleInfo (RoleInfo.java:shutdownLeaderElection(134)) - 5be39b6a-195c-499c-aaae-deebd243d90c: shutdown LeaderElection
2019-11-13 22:06:17,745 [5be39b6a-195c-499c-aaae-deebd243d90c@group-B0C0C6E3C568-LeaderElection64] INFO  impl.RaftServerImpl (RaftServerImpl.java:setRole(173)) - 5be39b6a-195c-499c-aaae-deebd243d90c@group-B0C0C6E3C568: changes role from CANDIDATE to LEADER at term 2 for changeToLeader
2019-11-13 22:06:17,745 [5be39b6a-195c-499c-aaae-deebd243d90c@group-B0C0C6E3C568-LeaderElection64] INFO  ratis.XceiverServerRatis (XceiverServerRatis.java:handleLeaderChangedNotification(697)) - Leader change notification received for group: group-B0C0C6E3C568 with new leaderId: 5be39b6a-195c-499c-aaae-deebd243d90c
2019-11-13 22:06:17,746 [5be39b6a-195c-499c-aaae-deebd243d90c@group-B0C0C6E3C568-LeaderElection64] INFO  impl.RaftServerImpl (ServerState.java:setLeader(255)) - 5be39b6a-195c-499c-aaae-deebd243d90c@group-B0C0C6E3C568: change Leader from null to 5be39b6a-195c-499c-aaae-deebd243d90c at term 2 for becomeLeader, leader elected after 22ms
2019-11-13 22:06:17,746 [5be39b6a-195c-499c-aaae-deebd243d90c@group-B0C0C6E3C568-LeaderElection64] INFO  server.RaftServerConfigKeys (ConfUtils.java:logGet(43)) - raft.server.staging.catchup.gap = 1000 (default)
2019-11-13 22:06:17,746 [5be39b6a-195c-499c-aaae-deebd243d90c@group-B0C0C6E3C568-LeaderElection64] INFO  server.RaftServerConfigKeys (ConfUtils.java:logGet(43)) - raft.server.rpc.sleep.time = 25ms (default)
2019-11-13 22:06:17,746 [5be39b6a-195c-499c-aaae-deebd243d90c@group-B0C0C6E3C568-LeaderElection64] INFO  server.RaftServerConfigKeys (ConfUtils.java:logGet(43)) - raft.server.write.element-limit = 4096 (default)
2019-11-13 22:06:17,746 [5be39b6a-195c-499c-aaae-deebd243d90c@group-B0C0C6E3C568-LeaderElection64] INFO  server.RaftServerConfigKeys (ConfUtils.java:logGet(43)) - raft.server.watch.timeout = 10s (default)
2019-11-13 22:06:17,746 [5be39b6a-195c-499c-aaae-deebd243d90c@group-B0C0C6E3C568-LeaderElection64] INFO  server.RaftServerConfigKeys (ConfUtils.java:logGet(43)) - raft.server.watch.timeout.denomination = 1s (default)
2019-11-13 22:06:17,746 [5be39b6a-195c-499c-aaae-deebd243d90c@group-B0C0C6E3C568-LeaderElection64] INFO  server.RaftServerConfigKeys (ConfUtils.java:logGet(43)) - raft.server.watch.element-limit = 65536 (default)
2019-11-13 22:06:17,747 [5be39b6a-195c-499c-aaae-deebd243d90c@group-B0C0C6E3C568-LeaderElection64] INFO  server.RaftServerConfigKeys (ConfUtils.java:logGet(43)) - raft.server.log.appender.snapshot.chunk.size.max = 16MB (=16777216) (default)
2019-11-13 22:06:17,747 [5be39b6a-195c-499c-aaae-deebd243d90c@group-B0C0C6E3C568-LeaderElection64] INFO  server.RaftServerConfigKeys (ConfUtils.java:logGet(43)) - raft.server.log.appender.buffer.byte-limit = 33554432 (custom)
2019-11-13 22:06:17,747 [EventQueue-PipelineReportForPipelineReportHandler] INFO  pipeline.PipelineStateManager (PipelineStateManager.java:openPipeline(134)) - Pipeline Pipeline[ Id: 82173f01-eb36-4af4-ae44-b0c0c6e3c568, Nodes: 5be39b6a-195c-499c-aaae-deebd243d90c{ip: 192.168.164.237, host: pr-hdds-2471-vxr4w-2980416436, networkLocation: /default-rack, certSerialId: null}52753b73-fd3b-4321-bab5-4a2e8177045b{ip: 192.168.164.237, host: pr-hdds-2471-vxr4w-2980416436, networkLocation: /default-rack, certSerialId: null}d9ec6d9b-9212-4a70-b93c-d3980a23303d{ip: 192.168.164.237, host: pr-hdds-2471-vxr4w-2980416436, networkLocation: /default-rack, certSerialId: null}, Type:RATIS, Factor:THREE, State:OPEN] moved to OPEN state
2019-11-13 22:06:17,747 [5be39b6a-195c-499c-aaae-deebd243d90c@group-B0C0C6E3C568-LeaderElection64] INFO  server.RaftServerConfigKeys (ConfUtils.java:logGet(43)) - raft.server.log.appender.buffer.element-limit = 1 (custom)
2019-11-13 22:06:17,747 [5be39b6a-195c-499c-aaae-deebd243d90c@group-B0C0C6E3C568-LeaderElection64] INFO  grpc.GrpcConfigKeys$Server (ConfUtils.java:logGet(43)) - raft.grpc.server.leader.outstanding.appends.max = 128 (default)
2019-11-13 22:06:17,747 [5be39b6a-195c-499c-aaae-deebd243d90c@group-B0C0C6E3C568-LeaderElection64] INFO  server.RaftServerConfigKeys (ConfUtils.java:logGet(43)) - raft.server.rpc.request.timeout = 3000ms (default)
2019-11-13 22:06:17,748 [5be39b6a-195c-499c-aaae-deebd243d90c@group-B0C0C6E3C568-LeaderElection64] INFO  server.RaftServerConfigKeys (ConfUtils.java:logGet(43)) - raft.server.log.appender.install.snapshot.enabled = false (custom)
2019-11-13 22:06:17,748 [5be39b6a-195c-499c-aaae-deebd243d90c@group-B0C0C6E3C568-LeaderElection64] WARN  impl.MetricRegistriesImpl (MetricRegistriesImpl.java:lambda$create$1(61)) - First MetricRegistry has been created without registering reporters. You may need to call MetricRegistries.global().addReportRegistration(...) before.
2019-11-13 22:06:17,748 [5be39b6a-195c-499c-aaae-deebd243d90c@group-B0C0C6E3C568-LeaderElection64] INFO  server.RaftServerConfigKeys (ConfUtils.java:logGet(43)) - raft.server.log.appender.snapshot.chunk.size.max = 16MB (=16777216) (default)
2019-11-13 22:06:17,748 [5be39b6a-195c-499c-aaae-deebd243d90c@group-B0C0C6E3C568-LeaderElection64] INFO  server.RaftServerConfigKeys (ConfUtils.java:logGet(43)) - raft.server.log.appender.buffer.byte-limit = 33554432 (custom)
2019-11-13 22:06:17,748 [5be39b6a-195c-499c-aaae-deebd243d90c@group-B0C0C6E3C568-LeaderElection64] INFO  server.RaftServerConfigKeys (ConfUtils.java:logGet(43)) - raft.server.log.appender.buffer.element-limit = 1 (custom)
2019-11-13 22:06:17,748 [5be39b6a-195c-499c-aaae-deebd243d90c@group-B0C0C6E3C568-LeaderElection64] INFO  grpc.GrpcConfigKeys$Server (ConfUtils.java:logGet(43)) - raft.grpc.server.leader.outstanding.appends.max = 128 (default)
2019-11-13 22:06:17,748 [5be39b6a-195c-499c-aaae-deebd243d90c@group-B0C0C6E3C568-LeaderElection64] INFO  server.RaftServerConfigKeys (ConfUtils.java:logGet(43)) - raft.server.rpc.request.timeout = 3000ms (default)
2019-11-13 22:06:17,749 [5be39b6a-195c-499c-aaae-deebd243d90c@group-B0C0C6E3C568-LeaderElection64] INFO  server.RaftServerConfigKeys (ConfUtils.java:logGet(43)) - raft.server.log.appender.install.snapshot.enabled = false (custom)
2019-11-13 22:06:17,749 [5be39b6a-195c-499c-aaae-deebd243d90c@group-B0C0C6E3C568-LeaderElection64] INFO  impl.RoleInfo (RoleInfo.java:updateAndGet(143)) - 5be39b6a-195c-499c-aaae-deebd243d90c: start LeaderState
2019-11-13 22:06:17,749 [5be39b6a-195c-499c-aaae-deebd243d90c@group-B0C0C6E3C568-LeaderElection64] INFO  segmented.SegmentedRaftLogWorker (SegmentedRaftLogWorker.java:rollLogSegment(390)) - 5be39b6a-195c-499c-aaae-deebd243d90c@group-B0C0C6E3C568-SegmentedRaftLogWorker: Rolling segment log-0_0 to index:0
2019-11-13 22:06:17,750 [5be39b6a-195c-499c-aaae-deebd243d90c@group-B0C0C6E3C568-SegmentedRaftLogWorker] INFO  segmented.SegmentedRaftLogWorker (SegmentedRaftLogWorker.java:execute(533)) - 5be39b6a-195c-499c-aaae-deebd243d90c@group-B0C0C6E3C568-SegmentedRaftLogWorker: Rolled log segment from /workdir/hadoop-ozone/integration-test/target/test-dir/MiniOzoneClusterImpl-7f102aba-c488-44cf-bcdb-425554d335ef/datanode-0/data/ratis/82173f01-eb36-4af4-ae44-b0c0c6e3c568/current/log_inprogress_0 to /workdir/hadoop-ozone/integration-test/target/test-dir/MiniOzoneClusterImpl-7f102aba-c488-44cf-bcdb-425554d335ef/datanode-0/data/ratis/82173f01-eb36-4af4-ae44-b0c0c6e3c568/current/log_0-0
2019-11-13 22:06:17,750 [5be39b6a-195c-499c-aaae-deebd243d90c@group-B0C0C6E3C568-LeaderElection64] INFO  impl.RaftServerImpl (ServerState.java:setRaftConf(356)) - 5be39b6a-195c-499c-aaae-deebd243d90c@group-B0C0C6E3C568: set configuration 1: [5be39b6a-195c-499c-aaae-deebd243d90c:192.168.164.237:39727, d9ec6d9b-9212-4a70-b93c-d3980a23303d:192.168.164.237:34242, 52753b73-fd3b-4321-bab5-4a2e8177045b:192.168.164.237:32948], old=null at 1
2019-11-13 22:06:17,750 [grpc-default-executor-0] WARN  server.GrpcLogAppender (LogUtils.java:warn(134)) - 5be39b6a-195c-499c-aaae-deebd243d90c@group-B0C0C6E3C568->d9ec6d9b-9212-4a70-b93c-d3980a23303d-AppendLogResponseHandler: Failed appendEntries: org.apache.ratis.thirdparty.io.grpc.StatusRuntimeException: UNAVAILABLE: io exception
2019-11-13 22:06:17,750 [grpc-default-executor-0] INFO  impl.FollowerInfo (FollowerInfo.java:lambda$new$0(51)) - 5be39b6a-195c-499c-aaae-deebd243d90c@group-B0C0C6E3C568->d9ec6d9b-9212-4a70-b93c-d3980a23303d: nextIndex: updateUnconditionally 1 -> 0
2019-11-13 22:06:17,777 [grpc-default-executor-0] INFO  ratis.XceiverServerRatis (XceiverServerRatis.java:handleLeaderChangedNotification(697)) - Leader change notification received for group: group-B0C0C6E3C568 with new leaderId: 5be39b6a-195c-499c-aaae-deebd243d90c
2019-11-13 22:06:17,777 [grpc-default-executor-0] INFO  impl.RaftServerImpl (ServerState.java:setLeader(255)) - 52753b73-fd3b-4321-bab5-4a2e8177045b@group-B0C0C6E3C568: change Leader from null to 5be39b6a-195c-499c-aaae-deebd243d90c at term 2 for appendEntries, leader elected after 43ms
2019-11-13 22:06:17,781 [grpc-default-executor-0] INFO  impl.RaftServerImpl (ServerState.java:setRaftConf(356)) - 52753b73-fd3b-4321-bab5-4a2e8177045b@group-B0C0C6E3C568: set configuration 1: [5be39b6a-195c-499c-aaae-deebd243d90c:192.168.164.237:39727, d9ec6d9b-9212-4a70-b93c-d3980a23303d:192.168.164.237:34242, 52753b73-fd3b-4321-bab5-4a2e8177045b:192.168.164.237:32948], old=null at 1
2019-11-13 22:06:17,781 [grpc-default-executor-0] INFO  segmented.SegmentedRaftLogWorker (SegmentedRaftLogWorker.java:rollLogSegment(390)) - 52753b73-fd3b-4321-bab5-4a2e8177045b@group-B0C0C6E3C568-SegmentedRaftLogWorker: Rolling segment log-0_0 to index:0
2019-11-13 22:06:17,782 [52753b73-fd3b-4321-bab5-4a2e8177045b@group-B0C0C6E3C568-SegmentedRaftLogWorker] INFO  segmented.SegmentedRaftLogWorker (SegmentedRaftLogWorker.java:execute(533)) - 52753b73-fd3b-4321-bab5-4a2e8177045b@group-B0C0C6E3C568-SegmentedRaftLogWorker: Rolled log segment from /workdir/hadoop-ozone/integration-test/target/test-dir/MiniOzoneClusterImpl-7f102aba-c488-44cf-bcdb-425554d335ef/datanode-2/data/ratis/82173f01-eb36-4af4-ae44-b0c0c6e3c568/current/log_inprogress_0 to /workdir/hadoop-ozone/integration-test/target/test-dir/MiniOzoneClusterImpl-7f102aba-c488-44cf-bcdb-425554d335ef/datanode-2/data/ratis/82173f01-eb36-4af4-ae44-b0c0c6e3c568/current/log_0-0
2019-11-13 22:06:17,789 [5be39b6a-195c-499c-aaae-deebd243d90c@group-B0C0C6E3C568-SegmentedRaftLogWorker] INFO  segmented.SegmentedRaftLogWorker (SegmentedRaftLogWorker.java:execute(576)) - 5be39b6a-195c-499c-aaae-deebd243d90c@group-B0C0C6E3C568-SegmentedRaftLogWorker: created new log segment /workdir/hadoop-ozone/integration-test/target/test-dir/MiniOzoneClusterImpl-7f102aba-c488-44cf-bcdb-425554d335ef/datanode-0/data/ratis/82173f01-eb36-4af4-ae44-b0c0c6e3c568/current/log_inprogress_1
2019-11-13 22:06:17,820 [52753b73-fd3b-4321-bab5-4a2e8177045b@group-B0C0C6E3C568-SegmentedRaftLogWorker] INFO  segmented.SegmentedRaftLogWorker (SegmentedRaftLogWorker.java:execute(576)) - 52753b73-fd3b-4321-bab5-4a2e8177045b@group-B0C0C6E3C568-SegmentedRaftLogWorker: created new log segment /workdir/hadoop-ozone/integration-test/target/test-dir/MiniOzoneClusterImpl-7f102aba-c488-44cf-bcdb-425554d335ef/datanode-2/data/ratis/82173f01-eb36-4af4-ae44-b0c0c6e3c568/current/log_inprogress_1
2019-11-13 22:06:17,835 [grpc-default-executor-5] WARN  server.GrpcLogAppender (LogUtils.java:warn(134)) - 5be39b6a-195c-499c-aaae-deebd243d90c@group-B0C0C6E3C568->d9ec6d9b-9212-4a70-b93c-d3980a23303d-AppendLogResponseHandler: Failed appendEntries: org.apache.ratis.thirdparty.io.grpc.StatusRuntimeException: UNAVAILABLE: io exception
2019-11-13 22:06:17,836 [grpc-default-executor-5] INFO  impl.FollowerInfo (FollowerInfo.java:lambda$new$0(51)) - 5be39b6a-195c-499c-aaae-deebd243d90c@group-B0C0C6E3C568->d9ec6d9b-9212-4a70-b93c-d3980a23303d: nextIndex: updateUnconditionally 1 -> 0
2019-11-13 22:06:17,838 [grpc-default-executor-5] WARN  server.GrpcLogAppender (LogUtils.java:warn(134)) - 5be39b6a-195c-499c-aaae-deebd243d90c@group-B0C0C6E3C568->d9ec6d9b-9212-4a70-b93c-d3980a23303d-AppendLogResponseHandler: Failed appendEntries: org.apache.ratis.thirdparty.io.grpc.StatusRuntimeException: UNAVAILABLE: io exception
2019-11-13 22:06:17,838 [grpc-default-executor-5] INFO  impl.FollowerInfo (FollowerInfo.java:lambda$new$0(51)) - 5be39b6a-195c-499c-aaae-deebd243d90c@group-B0C0C6E3C568->d9ec6d9b-9212-4a70-b93c-d3980a23303d: nextIndex: updateUnconditionally 1 -> 0
2019-11-13 22:06:18,244 [grpc-default-executor-4] WARN  server.GrpcLogAppender (LogUtils.java:warn(134)) - f7705811-6e65-4a57-b1c4-0cb13cee4425@group-B9D2931423C9->7b888e0e-6a0f-4b0e-88cc-e0733c42ba91-AppendLogResponseHandler: Failed appendEntries: org.apache.ratis.thirdparty.io.grpc.StatusRuntimeException: UNAVAILABLE: io exception
2019-11-13 22:06:18,247 [grpc-default-executor-4] INFO  impl.FollowerInfo (FollowerInfo.java:lambda$new$0(51)) - f7705811-6e65-4a57-b1c4-0cb13cee4425@group-B9D2931423C9->7b888e0e-6a0f-4b0e-88cc-e0733c42ba91: nextIndex: updateUnconditionally 0 -> 0
2019-11-13 22:06:18,341 [grpc-default-executor-5] WARN  server.GrpcLogAppender (LogUtils.java:warn(134)) - 5be39b6a-195c-499c-aaae-deebd243d90c@group-B0C0C6E3C568->d9ec6d9b-9212-4a70-b93c-d3980a23303d-AppendLogResponseHandler: Failed appendEntries: org.apache.ratis.thirdparty.io.grpc.StatusRuntimeException: UNAVAILABLE: io exception
2019-11-13 22:06:18,341 [grpc-default-executor-5] INFO  impl.FollowerInfo (FollowerInfo.java:lambda$new$0(51)) - 5be39b6a-195c-499c-aaae-deebd243d90c@group-B0C0C6E3C568->d9ec6d9b-9212-4a70-b93c-d3980a23303d: nextIndex: updateUnconditionally 0 -> 0
2019-11-13 22:06:18,746 [grpc-default-executor-2] WARN  server.GrpcLogAppender (LogUtils.java:warn(134)) - f7705811-6e65-4a57-b1c4-0cb13cee4425@group-B9D2931423C9->7b888e0e-6a0f-4b0e-88cc-e0733c42ba91-AppendLogResponseHandler: Failed appendEntries: org.apache.ratis.thirdparty.io.grpc.StatusRuntimeException: UNAVAILABLE: io exception
2019-11-13 22:06:18,746 [grpc-default-executor-2] INFO  impl.FollowerInfo (FollowerInfo.java:lambda$new$0(51)) - f7705811-6e65-4a57-b1c4-0cb13cee4425@group-B9D2931423C9->7b888e0e-6a0f-4b0e-88cc-e0733c42ba91: nextIndex: updateUnconditionally 0 -> 0
2019-11-13 22:06:18,841 [grpc-default-executor-5] WARN  server.GrpcLogAppender (LogUtils.java:warn(134)) - 5be39b6a-195c-499c-aaae-deebd243d90c@group-B0C0C6E3C568->d9ec6d9b-9212-4a70-b93c-d3980a23303d-AppendLogResponseHandler: Failed appendEntries: org.apache.ratis.thirdparty.io.grpc.StatusRuntimeException: UNAVAILABLE: io exception
2019-11-13 22:06:18,842 [grpc-default-executor-5] INFO  impl.FollowerInfo (FollowerInfo.java:lambda$new$0(51)) - 5be39b6a-195c-499c-aaae-deebd243d90c@group-B0C0C6E3C568->d9ec6d9b-9212-4a70-b93c-d3980a23303d: nextIndex: updateUnconditionally 0 -> 0
2019-11-13 22:06:19,247 [grpc-default-executor-0] WARN  server.GrpcLogAppender (LogUtils.java:warn(134)) - f7705811-6e65-4a57-b1c4-0cb13cee4425@group-B9D2931423C9->7b888e0e-6a0f-4b0e-88cc-e0733c42ba91-AppendLogResponseHandler: Failed appendEntries: org.apache.ratis.thirdparty.io.grpc.StatusRuntimeException: UNAVAILABLE: io exception
2019-11-13 22:06:19,247 [grpc-default-executor-0] INFO  impl.FollowerInfo (FollowerInfo.java:lambda$new$0(51)) - f7705811-6e65-4a57-b1c4-0cb13cee4425@group-B9D2931423C9->7b888e0e-6a0f-4b0e-88cc-e0733c42ba91: nextIndex: updateUnconditionally 0 -> 0
2019-11-13 22:06:19,348 [grpc-default-executor-2] WARN  server.GrpcLogAppender (LogUtils.java:warn(134)) - 5be39b6a-195c-499c-aaae-deebd243d90c@group-B0C0C6E3C568->d9ec6d9b-9212-4a70-b93c-d3980a23303d-AppendLogResponseHandler: Failed appendEntries: org.apache.ratis.thirdparty.io.grpc.StatusRuntimeException: UNAVAILABLE: io exception
2019-11-13 22:06:19,348 [grpc-default-executor-2] INFO  impl.FollowerInfo (FollowerInfo.java:lambda$new$0(51)) - 5be39b6a-195c-499c-aaae-deebd243d90c@group-B0C0C6E3C568->d9ec6d9b-9212-4a70-b93c-d3980a23303d: nextIndex: updateUnconditionally 0 -> 0
2019-11-13 22:06:19,750 [grpc-default-executor-2] WARN  server.GrpcLogAppender (LogUtils.java:warn(134)) - f7705811-6e65-4a57-b1c4-0cb13cee4425@group-B9D2931423C9->7b888e0e-6a0f-4b0e-88cc-e0733c42ba91-AppendLogResponseHandler: Failed appendEntries: org.apache.ratis.thirdparty.io.grpc.StatusRuntimeException: UNAVAILABLE: io exception
2019-11-13 22:06:19,751 [grpc-default-executor-2] INFO  impl.FollowerInfo (FollowerInfo.java:lambda$new$0(51)) - f7705811-6e65-4a57-b1c4-0cb13cee4425@group-B9D2931423C9->7b888e0e-6a0f-4b0e-88cc-e0733c42ba91: nextIndex: updateUnconditionally 0 -> 0
2019-11-13 22:06:19,849 [grpc-default-executor-5] WARN  server.GrpcLogAppender (LogUtils.java:warn(134)) - 5be39b6a-195c-499c-aaae-deebd243d90c@group-B0C0C6E3C568->d9ec6d9b-9212-4a70-b93c-d3980a23303d-AppendLogResponseHandler: Failed appendEntries: org.apache.ratis.thirdparty.io.grpc.StatusRuntimeException: UNAVAILABLE: io exception
2019-11-13 22:06:19,850 [grpc-default-executor-5] INFO  impl.FollowerInfo (FollowerInfo.java:lambda$new$0(51)) - 5be39b6a-195c-499c-aaae-deebd243d90c@group-B0C0C6E3C568->d9ec6d9b-9212-4a70-b93c-d3980a23303d: nextIndex: updateUnconditionally 0 -> 0
2019-11-13 22:06:20,249 [grpc-default-executor-0] WARN  server.GrpcLogAppender (LogUtils.java:warn(134)) - f7705811-6e65-4a57-b1c4-0cb13cee4425@group-B9D2931423C9->7b888e0e-6a0f-4b0e-88cc-e0733c42ba91-AppendLogResponseHandler: Failed appendEntries: org.apache.ratis.thirdparty.io.grpc.StatusRuntimeException: UNAVAILABLE: io exception
2019-11-13 22:06:20,249 [grpc-default-executor-0] INFO  impl.FollowerInfo (FollowerInfo.java:lambda$new$0(51)) - f7705811-6e65-4a57-b1c4-0cb13cee4425@group-B9D2931423C9->7b888e0e-6a0f-4b0e-88cc-e0733c42ba91: nextIndex: updateUnconditionally 0 -> 0
2019-11-13 22:06:20,351 [grpc-default-executor-5] WARN  server.GrpcLogAppender (LogUtils.java:warn(134)) - 5be39b6a-195c-499c-aaae-deebd243d90c@group-B0C0C6E3C568->d9ec6d9b-9212-4a70-b93c-d3980a23303d-AppendLogResponseHandler: Failed appendEntries: org.apache.ratis.thirdparty.io.grpc.StatusRuntimeException: UNAVAILABLE: io exception
2019-11-13 22:06:20,352 [grpc-default-executor-5] INFO  impl.FollowerInfo (FollowerInfo.java:lambda$new$0(51)) - 5be39b6a-195c-499c-aaae-deebd243d90c@group-B0C0C6E3C568->d9ec6d9b-9212-4a70-b93c-d3980a23303d: nextIndex: updateUnconditionally 0 -> 0
2019-11-13 22:06:20,753 [grpc-default-executor-2] WARN  server.GrpcLogAppender (LogUtils.java:warn(134)) - f7705811-6e65-4a57-b1c4-0cb13cee4425@group-B9D2931423C9->7b888e0e-6a0f-4b0e-88cc-e0733c42ba91-AppendLogResponseHandler: Failed appendEntries: org.apache.ratis.thirdparty.io.grpc.StatusRuntimeException: UNAVAILABLE: io exception
2019-11-13 22:06:20,754 [grpc-default-executor-2] INFO  impl.FollowerInfo (FollowerInfo.java:lambda$new$0(51)) - f7705811-6e65-4a57-b1c4-0cb13cee4425@group-B9D2931423C9->7b888e0e-6a0f-4b0e-88cc-e0733c42ba91: nextIndex: updateUnconditionally 0 -> 0
2019-11-13 22:06:20,853 [grpc-default-executor-0] WARN  server.GrpcLogAppender (LogUtils.java:warn(134)) - 5be39b6a-195c-499c-aaae-deebd243d90c@group-B0C0C6E3C568->d9ec6d9b-9212-4a70-b93c-d3980a23303d-AppendLogResponseHandler: Failed appendEntries: org.apache.ratis.thirdparty.io.grpc.StatusRuntimeException: UNAVAILABLE: io exception
2019-11-13 22:06:20,853 [grpc-default-executor-0] INFO  impl.FollowerInfo (FollowerInfo.java:lambda$new$0(51)) - 5be39b6a-195c-499c-aaae-deebd243d90c@group-B0C0C6E3C568->d9ec6d9b-9212-4a70-b93c-d3980a23303d: nextIndex: updateUnconditionally 0 -> 0
2019-11-13 22:06:21,006 [main] INFO  ozoneimpl.OzoneContainer (OzoneContainer.java:stop(244)) - Attempting to stop container services.
2019-11-13 22:06:21,007 [ForkJoinPool.commonPool-worker-0] INFO  ozoneimpl.OzoneContainer (OzoneContainer.java:stop(244)) - Attempting to stop container services.
2019-11-13 22:06:21,008 [main] INFO  impl.RaftServerProxy (RaftServerProxy.java:lambda$close$4(314)) - b437d6a1-54f9-495c-b2fd-bb696abd9804: close
2019-11-13 22:06:21,008 [ForkJoinPool.commonPool-worker-0] INFO  impl.RaftServerProxy (RaftServerProxy.java:lambda$close$4(314)) - 52753b73-fd3b-4321-bab5-4a2e8177045b: close
2019-11-13 22:06:21,009 [main] INFO  impl.RaftServerImpl (RaftServerImpl.java:lambda$shutdown$3(250)) - b437d6a1-54f9-495c-b2fd-bb696abd9804@group-B9D2931423C9: shutdown
2019-11-13 22:06:21,009 [ForkJoinPool.commonPool-worker-0] INFO  impl.RaftServerImpl (RaftServerImpl.java:lambda$shutdown$3(250)) - 52753b73-fd3b-4321-bab5-4a2e8177045b@group-B0C0C6E3C568: shutdown
2019-11-13 22:06:21,009 [main] INFO  util.JmxRegister (JmxRegister.java:unregister(73)) - Successfully un-registered JMX Bean with object name Ratis:service=RaftServer,group=group-B9D2931423C9,id=b437d6a1-54f9-495c-b2fd-bb696abd9804
2019-11-13 22:06:21,010 [ForkJoinPool.commonPool-worker-0] INFO  util.JmxRegister (JmxRegister.java:unregister(73)) - Successfully un-registered JMX Bean with object name Ratis:service=RaftServer,group=group-B0C0C6E3C568,id=52753b73-fd3b-4321-bab5-4a2e8177045b
2019-11-13 22:06:21,010 [main] INFO  impl.RoleInfo (RoleInfo.java:shutdownFollowerState(121)) - b437d6a1-54f9-495c-b2fd-bb696abd9804: shutdown FollowerState
2019-11-13 22:06:21,010 [ForkJoinPool.commonPool-worker-0] INFO  impl.RoleInfo (RoleInfo.java:shutdownFollowerState(121)) - 52753b73-fd3b-4321-bab5-4a2e8177045b: shutdown FollowerState
2019-11-13 22:06:21,011 [main] INFO  impl.StateMachineUpdater (StateMachineUpdater.java:stopAndJoin(136)) - b437d6a1-54f9-495c-b2fd-bb696abd9804@group-B9D2931423C9-StateMachineUpdater: set stopIndex = 2
2019-11-13 22:06:21,011 [Thread-1502] INFO  impl.FollowerState (FollowerState.java:run(120)) - 52753b73-fd3b-4321-bab5-4a2e8177045b@group-B0C0C6E3C568-FollowerState was interrupted: java.lang.InterruptedException: sleep interrupted
2019-11-13 22:06:21,011 [ForkJoinPool.commonPool-worker-0] INFO  impl.StateMachineUpdater (StateMachineUpdater.java:stopAndJoin(136)) - 52753b73-fd3b-4321-bab5-4a2e8177045b@group-B0C0C6E3C568-StateMachineUpdater: set stopIndex = 2
2019-11-13 22:06:21,015 [ForkJoinPool.commonPool-worker-0] INFO  impl.RaftServerImpl (ServerState.java:close(387)) - 52753b73-fd3b-4321-bab5-4a2e8177045b@group-B0C0C6E3C568: closes. applyIndex: 2
2019-11-13 22:06:21,011 [Thread-1493] INFO  impl.FollowerState (FollowerState.java:run(120)) - b437d6a1-54f9-495c-b2fd-bb696abd9804@group-B9D2931423C9-FollowerState was interrupted: java.lang.InterruptedException: sleep interrupted
2019-11-13 22:06:21,012 [main] INFO  impl.RaftServerImpl (ServerState.java:close(387)) - b437d6a1-54f9-495c-b2fd-bb696abd9804@group-B9D2931423C9: closes. applyIndex: 2
2019-11-13 22:06:21,017 [52753b73-fd3b-4321-bab5-4a2e8177045b@group-B0C0C6E3C568-SegmentedRaftLogWorker] INFO  segmented.SegmentedRaftLogWorker (SegmentedRaftLogWorker.java:run(316)) - 52753b73-fd3b-4321-bab5-4a2e8177045b@group-B0C0C6E3C568-SegmentedRaftLogWorker was interrupted, exiting. There are 0 tasks remaining in the queue.
2019-11-13 22:06:21,018 [b437d6a1-54f9-495c-b2fd-bb696abd9804@group-B9D2931423C9-SegmentedRaftLogWorker] INFO  segmented.SegmentedRaftLogWorker (SegmentedRaftLogWorker.java:run(316)) - b437d6a1-54f9-495c-b2fd-bb696abd9804@group-B9D2931423C9-SegmentedRaftLogWorker was interrupted, exiting. There are 0 tasks remaining in the queue.
2019-11-13 22:06:21,020 [ForkJoinPool.commonPool-worker-0] INFO  segmented.SegmentedRaftLogWorker (SegmentedRaftLogWorker.java:close(224)) - 52753b73-fd3b-4321-bab5-4a2e8177045b@group-B0C0C6E3C568-SegmentedRaftLogWorker close()
2019-11-13 22:06:21,020 [main] INFO  segmented.SegmentedRaftLogWorker (SegmentedRaftLogWorker.java:close(224)) - b437d6a1-54f9-495c-b2fd-bb696abd9804@group-B9D2931423C9-SegmentedRaftLogWorker close()
2019-11-13 22:06:21,022 [ForkJoinPool.commonPool-worker-0] INFO  impl.RaftServerImpl (RaftServerImpl.java:lambda$shutdown$3(250)) - 52753b73-fd3b-4321-bab5-4a2e8177045b@group-507A157A8A49: shutdown
2019-11-13 22:06:21,023 [main] INFO  impl.RaftServerImpl (RaftServerImpl.java:lambda$shutdown$3(250)) - b437d6a1-54f9-495c-b2fd-bb696abd9804@group-920E430DAA81: shutdown
2019-11-13 22:06:21,023 [ForkJoinPool.commonPool-worker-0] INFO  util.JmxRegister (JmxRegister.java:unregister(73)) - Successfully un-registered JMX Bean with object name Ratis:service=RaftServer,group=group-507A157A8A49,id=52753b73-fd3b-4321-bab5-4a2e8177045b
2019-11-13 22:06:21,024 [main] INFO  util.JmxRegister (JmxRegister.java:unregister(73)) - Successfully un-registered JMX Bean with object name Ratis:service=RaftServer,group=group-920E430DAA81,id=b437d6a1-54f9-495c-b2fd-bb696abd9804
2019-11-13 22:06:21,024 [ForkJoinPool.commonPool-worker-0] INFO  impl.RoleInfo (RoleInfo.java:shutdownLeaderState(104)) - 52753b73-fd3b-4321-bab5-4a2e8177045b: shutdown LeaderState
2019-11-13 22:06:21,024 [main] INFO  impl.RoleInfo (RoleInfo.java:shutdownLeaderState(104)) - b437d6a1-54f9-495c-b2fd-bb696abd9804: shutdown LeaderState
2019-11-13 22:06:21,025 [ForkJoinPool.commonPool-worker-0] INFO  impl.PendingRequests (PendingRequests.java:sendNotLeaderResponses(206)) - 52753b73-fd3b-4321-bab5-4a2e8177045b@group-507A157A8A49-PendingRequests: sendNotLeaderResponses
2019-11-13 22:06:21,025 [main] INFO  impl.PendingRequests (PendingRequests.java:sendNotLeaderResponses(206)) - b437d6a1-54f9-495c-b2fd-bb696abd9804@group-920E430DAA81-PendingRequests: sendNotLeaderResponses
2019-11-13 22:06:21,025 [ForkJoinPool.commonPool-worker-0] INFO  impl.StateMachineUpdater (StateMachineUpdater.java:stopAndJoin(136)) - 52753b73-fd3b-4321-bab5-4a2e8177045b@group-507A157A8A49-StateMachineUpdater: set stopIndex = 0
2019-11-13 22:06:21,025 [main] INFO  impl.StateMachineUpdater (StateMachineUpdater.java:stopAndJoin(136)) - b437d6a1-54f9-495c-b2fd-bb696abd9804@group-920E430DAA81-StateMachineUpdater: set stopIndex = 0
2019-11-13 22:06:21,026 [main] INFO  impl.RaftServerImpl (ServerState.java:close(387)) - b437d6a1-54f9-495c-b2fd-bb696abd9804@group-920E430DAA81: closes. applyIndex: 0
2019-11-13 22:06:21,026 [ForkJoinPool.commonPool-worker-0] INFO  impl.RaftServerImpl (ServerState.java:close(387)) - 52753b73-fd3b-4321-bab5-4a2e8177045b@group-507A157A8A49: closes. applyIndex: 0
2019-11-13 22:06:21,027 [b437d6a1-54f9-495c-b2fd-bb696abd9804@group-920E430DAA81-SegmentedRaftLogWorker] INFO  segmented.SegmentedRaftLogWorker (SegmentedRaftLogWorker.java:run(316)) - b437d6a1-54f9-495c-b2fd-bb696abd9804@group-920E430DAA81-SegmentedRaftLogWorker was interrupted, exiting. There are 0 tasks remaining in the queue.
2019-11-13 22:06:21,027 [main] INFO  segmented.SegmentedRaftLogWorker (SegmentedRaftLogWorker.java:close(224)) - b437d6a1-54f9-495c-b2fd-bb696abd9804@group-920E430DAA81-SegmentedRaftLogWorker close()
2019-11-13 22:06:21,027 [52753b73-fd3b-4321-bab5-4a2e8177045b@group-507A157A8A49-SegmentedRaftLogWorker] INFO  segmented.SegmentedRaftLogWorker (SegmentedRaftLogWorker.java:run(316)) - 52753b73-fd3b-4321-bab5-4a2e8177045b@group-507A157A8A49-SegmentedRaftLogWorker was interrupted, exiting. There are 0 tasks remaining in the queue.
2019-11-13 22:06:21,028 [main] INFO  server.GrpcService (GrpcService.java:closeImpl(164)) - b437d6a1-54f9-495c-b2fd-bb696abd9804: shutdown server with port 38716 now
2019-11-13 22:06:21,030 [ForkJoinPool.commonPool-worker-0] INFO  segmented.SegmentedRaftLogWorker (SegmentedRaftLogWorker.java:close(224)) - 52753b73-fd3b-4321-bab5-4a2e8177045b@group-507A157A8A49-SegmentedRaftLogWorker close()
2019-11-13 22:06:21,032 [ForkJoinPool.commonPool-worker-0] INFO  server.GrpcService (GrpcService.java:closeImpl(164)) - 52753b73-fd3b-4321-bab5-4a2e8177045b: shutdown server with port 32948 now
2019-11-13 22:06:21,033 [main] INFO  server.GrpcService (GrpcService.java:closeImpl(172)) - b437d6a1-54f9-495c-b2fd-bb696abd9804: shutdown server with port 38716 successfully
2019-11-13 22:06:21,033 [grpc-default-executor-5] WARN  server.GrpcLogAppender (LogUtils.java:warn(134)) - 5be39b6a-195c-499c-aaae-deebd243d90c@group-B0C0C6E3C568->52753b73-fd3b-4321-bab5-4a2e8177045b-AppendLogResponseHandler: Failed appendEntries: org.apache.ratis.thirdparty.io.grpc.StatusRuntimeException: CANCELLED: HTTP/2 error code: CANCEL
Received Rst Stream
2019-11-13 22:06:21,033 [grpc-default-executor-4] WARN  server.GrpcServerProtocolService (LogUtils.java:warn(134)) - b437d6a1-54f9-495c-b2fd-bb696abd9804: installSnapshot onError, lastRequest: f7705811-6e65-4a57-b1c4-0cb13cee4425->b437d6a1-54f9-495c-b2fd-bb696abd9804#8-t2, previous=(t:2, i:2), leaderCommit=2, initializing? false, entries: <empty>: org.apache.ratis.thirdparty.io.grpc.StatusRuntimeException: CANCELLED: cancelled before receiving half close
2019-11-13 22:06:21,034 [grpc-default-executor-5] INFO  impl.FollowerInfo (FollowerInfo.java:lambda$new$0(51)) - 5be39b6a-195c-499c-aaae-deebd243d90c@group-B0C0C6E3C568->52753b73-fd3b-4321-bab5-4a2e8177045b: nextIndex: updateUnconditionally 3 -> 2
2019-11-13 22:06:21,034 [grpc-default-executor-3] WARN  server.GrpcLogAppender (LogUtils.java:warn(134)) - f7705811-6e65-4a57-b1c4-0cb13cee4425@group-B9D2931423C9->b437d6a1-54f9-495c-b2fd-bb696abd9804-AppendLogResponseHandler: Failed appendEntries: org.apache.ratis.thirdparty.io.grpc.StatusRuntimeException: CANCELLED: HTTP/2 error code: CANCEL
Received Rst Stream
2019-11-13 22:06:21,035 [grpc-default-executor-3] INFO  impl.FollowerInfo (FollowerInfo.java:lambda$new$0(51)) - f7705811-6e65-4a57-b1c4-0cb13cee4425@group-B9D2931423C9->b437d6a1-54f9-495c-b2fd-bb696abd9804: nextIndex: updateUnconditionally 3 -> 2
2019-11-13 22:06:21,034 [ForkJoinPool.commonPool-worker-0] INFO  server.GrpcService (GrpcService.java:closeImpl(172)) - 52753b73-fd3b-4321-bab5-4a2e8177045b: shutdown server with port 32948 successfully
2019-11-13 22:06:21,033 [grpc-default-executor-2] WARN  server.GrpcServerProtocolService (LogUtils.java:warn(134)) - 52753b73-fd3b-4321-bab5-4a2e8177045b: installSnapshot onError, lastRequest: 5be39b6a-195c-499c-aaae-deebd243d90c->52753b73-fd3b-4321-bab5-4a2e8177045b#8-t2, previous=(t:2, i:2), leaderCommit=2, initializing? false, entries: <empty>: org.apache.ratis.thirdparty.io.grpc.StatusRuntimeException: CANCELLED: cancelled before receiving half close
2019-11-13 22:06:21,037 [refreshUsed-/workdir/hadoop-ozone/integration-test/target/test-dir/MiniOzoneClusterImpl-7f102aba-c488-44cf-bcdb-425554d335ef/datanode-5/data/containers] WARN  fs.CachingGetSpaceUsed (CachingGetSpaceUsed.java:run(183)) - Thread Interrupted waiting to refresh disk information: sleep interrupted
2019-11-13 22:06:21,045 [refreshUsed-/workdir/hadoop-ozone/integration-test/target/test-dir/MiniOzoneClusterImpl-7f102aba-c488-44cf-bcdb-425554d335ef/datanode-2/data/containers] WARN  fs.CachingGetSpaceUsed (CachingGetSpaceUsed.java:run(183)) - Thread Interrupted waiting to refresh disk information: sleep interrupted
2019-11-13 22:06:21,056 [main] INFO  utils.BackgroundService (BackgroundService.java:shutdown(151)) - Shutting down service BlockDeletingService
2019-11-13 22:06:21,059 [main] INFO  statemachine.DatanodeStateMachine (DatanodeStateMachine.java:stopDaemon(395)) - Ozone container server stopped.
2019-11-13 22:06:21,062 [ForkJoinPool.commonPool-worker-0] INFO  utils.BackgroundService (BackgroundService.java:shutdown(151)) - Shutting down service BlockDeletingService
2019-11-13 22:06:21,065 [ForkJoinPool.commonPool-worker-0] INFO  statemachine.DatanodeStateMachine (DatanodeStateMachine.java:stopDaemon(395)) - Ozone container server stopped.
2019-11-13 22:06:21,072 [main] INFO  handler.ContextHandler (ContextHandler.java:doStop(910)) - Stopped o.e.j.w.WebAppContext@59c04bee{/,null,UNAVAILABLE}{/hddsDatanode}
2019-11-13 22:06:21,072 [ForkJoinPool.commonPool-worker-0] INFO  handler.ContextHandler (ContextHandler.java:doStop(910)) - Stopped o.e.j.w.WebAppContext@fb0a08c{/,null,UNAVAILABLE}{/hddsDatanode}
2019-11-13 22:06:21,073 [main] INFO  server.AbstractConnector (AbstractConnector.java:doStop(318)) - Stopped ServerConnector@45900b64{HTTP/1.1,[http/1.1]}{0.0.0.0:0}
2019-11-13 22:06:21,073 [ForkJoinPool.commonPool-worker-0] INFO  server.AbstractConnector (AbstractConnector.java:doStop(318)) - Stopped ServerConnector@1faf386c{HTTP/1.1,[http/1.1]}{0.0.0.0:0}
2019-11-13 22:06:21,074 [main] INFO  handler.ContextHandler (ContextHandler.java:doStop(910)) - Stopped o.e.j.s.ServletContextHandler@2fb25f4c{/static,jar:file:/home/user/.m2/repository/org/apache/hadoop/hadoop-hdds-container-service/0.5.0-SNAPSHOT/hadoop-hdds-container-service-0.5.0-SNAPSHOT.jar!/webapps/static,UNAVAILABLE}
2019-11-13 22:06:21,075 [ForkJoinPool.commonPool-worker-0] INFO  handler.ContextHandler (ContextHandler.java:doStop(910)) - Stopped o.e.j.s.ServletContextHandler@152c4495{/static,jar:file:/home/user/.m2/repository/org/apache/hadoop/hadoop-hdds-container-service/0.5.0-SNAPSHOT/hadoop-hdds-container-service-0.5.0-SNAPSHOT.jar!/webapps/static,UNAVAILABLE}
2019-11-13 22:06:21,075 [main] INFO  handler.ContextHandler (ContextHandler.java:doStop(910)) - Stopped o.e.j.s.ServletContextHandler@57ddd45b{/logs,file:///workdir/hadoop-ozone/integration-test/target/log,UNAVAILABLE}
2019-11-13 22:06:21,075 [ForkJoinPool.commonPool-worker-0] INFO  handler.ContextHandler (ContextHandler.java:doStop(910)) - Stopped o.e.j.s.ServletContextHandler@46dcbeab{/logs,file:///workdir/hadoop-ozone/integration-test/target/log,UNAVAILABLE}
2019-11-13 22:06:21,252 [grpc-default-executor-3] WARN  server.GrpcLogAppender (LogUtils.java:warn(134)) - f7705811-6e65-4a57-b1c4-0cb13cee4425@group-B9D2931423C9->7b888e0e-6a0f-4b0e-88cc-e0733c42ba91-AppendLogResponseHandler: Failed appendEntries: org.apache.ratis.thirdparty.io.grpc.StatusRuntimeException: UNAVAILABLE: io exception
2019-11-13 22:06:21,252 [grpc-default-executor-3] INFO  impl.FollowerInfo (FollowerInfo.java:lambda$new$0(51)) - f7705811-6e65-4a57-b1c4-0cb13cee4425@group-B9D2931423C9->7b888e0e-6a0f-4b0e-88cc-e0733c42ba91: nextIndex: updateUnconditionally 0 -> 0
2019-11-13 22:06:21,277 [grpc-default-executor-4] WARN  server.GrpcLogAppender (LogUtils.java:warn(134)) - f7705811-6e65-4a57-b1c4-0cb13cee4425@group-B9D2931423C9->b437d6a1-54f9-495c-b2fd-bb696abd9804-AppendLogResponseHandler: Failed appendEntries: org.apache.ratis.thirdparty.io.grpc.StatusRuntimeException: UNAVAILABLE: io exception
2019-11-13 22:06:21,277 [grpc-default-executor-4] INFO  impl.FollowerInfo (FollowerInfo.java:lambda$new$0(51)) - f7705811-6e65-4a57-b1c4-0cb13cee4425@group-B9D2931423C9->b437d6a1-54f9-495c-b2fd-bb696abd9804: nextIndex: updateUnconditionally 2 -> 1
2019-11-13 22:06:21,353 [grpc-default-executor-2] WARN  server.GrpcLogAppender (LogUtils.java:warn(134)) - 5be39b6a-195c-499c-aaae-deebd243d90c@group-B0C0C6E3C568->d9ec6d9b-9212-4a70-b93c-d3980a23303d-AppendLogResponseHandler: Failed appendEntries: org.apache.ratis.thirdparty.io.grpc.StatusRuntimeException: UNAVAILABLE: io exception
2019-11-13 22:06:21,353 [grpc-default-executor-2] INFO  impl.FollowerInfo (FollowerInfo.java:lambda$new$0(51)) - 5be39b6a-195c-499c-aaae-deebd243d90c@group-B0C0C6E3C568->d9ec6d9b-9212-4a70-b93c-d3980a23303d: nextIndex: updateUnconditionally 0 -> 0
2019-11-13 22:06:21,356 [grpc-default-executor-2] WARN  server.GrpcLogAppender (LogUtils.java:warn(134)) - 5be39b6a-195c-499c-aaae-deebd243d90c@group-B0C0C6E3C568->52753b73-fd3b-4321-bab5-4a2e8177045b-AppendLogResponseHandler: Failed appendEntries: org.apache.ratis.thirdparty.io.grpc.StatusRuntimeException: UNAVAILABLE: io exception
2019-11-13 22:06:21,356 [grpc-default-executor-2] INFO  impl.FollowerInfo (FollowerInfo.java:lambda$new$0(51)) - 5be39b6a-195c-499c-aaae-deebd243d90c@group-B0C0C6E3C568->52753b73-fd3b-4321-bab5-4a2e8177045b: nextIndex: updateUnconditionally 2 -> 1
2019-11-13 22:06:21,679 [Datanode State Machine Thread - 0] INFO  statemachine.DatanodeStateMachine (DatanodeStateMachine.java:lambda$startDaemon$0(350)) - Ozone container server started.
2019-11-13 22:06:21,747 [Datanode State Machine Thread - 0] INFO  statemachine.DatanodeStateMachine (DatanodeStateMachine.java:lambda$startDaemon$0(350)) - Ozone container server started.
2019-11-13 22:06:21,753 [grpc-default-executor-3] WARN  server.GrpcLogAppender (LogUtils.java:warn(134)) - f7705811-6e65-4a57-b1c4-0cb13cee4425@group-B9D2931423C9->7b888e0e-6a0f-4b0e-88cc-e0733c42ba91-AppendLogResponseHandler: Failed appendEntries: org.apache.ratis.thirdparty.io.grpc.StatusRuntimeException: UNAVAILABLE: io exception
2019-11-13 22:06:21,754 [grpc-default-executor-3] INFO  impl.FollowerInfo (FollowerInfo.java:lambda$new$0(51)) - f7705811-6e65-4a57-b1c4-0cb13cee4425@group-B9D2931423C9->7b888e0e-6a0f-4b0e-88cc-e0733c42ba91: nextIndex: updateUnconditionally 0 -> 0
2019-11-13 22:06:21,778 [grpc-default-executor-4] WARN  server.GrpcLogAppender (LogUtils.java:warn(134)) - f7705811-6e65-4a57-b1c4-0cb13cee4425@group-B9D2931423C9->b437d6a1-54f9-495c-b2fd-bb696abd9804-AppendLogResponseHandler: Failed appendEntries: org.apache.ratis.thirdparty.io.grpc.StatusRuntimeException: UNAVAILABLE: io exception
2019-11-13 22:06:21,778 [grpc-default-executor-4] INFO  impl.FollowerInfo (FollowerInfo.java:lambda$new$0(51)) - f7705811-6e65-4a57-b1c4-0cb13cee4425@group-B9D2931423C9->b437d6a1-54f9-495c-b2fd-bb696abd9804: nextIndex: updateUnconditionally 1 -> 0
2019-11-13 22:06:21,854 [grpc-default-executor-4] WARN  server.GrpcLogAppender (LogUtils.java:warn(134)) - 5be39b6a-195c-499c-aaae-deebd243d90c@group-B0C0C6E3C568->d9ec6d9b-9212-4a70-b93c-d3980a23303d-AppendLogResponseHandler: Failed appendEntries: org.apache.ratis.thirdparty.io.grpc.StatusRuntimeException: UNAVAILABLE: io exception
2019-11-13 22:06:21,855 [grpc-default-executor-4] INFO  impl.FollowerInfo (FollowerInfo.java:lambda$new$0(51)) - 5be39b6a-195c-499c-aaae-deebd243d90c@group-B0C0C6E3C568->d9ec6d9b-9212-4a70-b93c-d3980a23303d: nextIndex: updateUnconditionally 0 -> 0
2019-11-13 22:06:21,857 [grpc-default-executor-2] WARN  server.GrpcLogAppender (LogUtils.java:warn(134)) - 5be39b6a-195c-499c-aaae-deebd243d90c@group-B0C0C6E3C568->52753b73-fd3b-4321-bab5-4a2e8177045b-AppendLogResponseHandler: Failed appendEntries: org.apache.ratis.thirdparty.io.grpc.StatusRuntimeException: UNAVAILABLE: io exception
2019-11-13 22:06:21,857 [grpc-default-executor-2] INFO  impl.FollowerInfo (FollowerInfo.java:lambda$new$0(51)) - 5be39b6a-195c-499c-aaae-deebd243d90c@group-B0C0C6E3C568->52753b73-fd3b-4321-bab5-4a2e8177045b: nextIndex: updateUnconditionally 1 -> 0
2019-11-13 22:06:22,254 [grpc-default-executor-3] WARN  server.GrpcLogAppender (LogUtils.java:warn(134)) - f7705811-6e65-4a57-b1c4-0cb13cee4425@group-B9D2931423C9->7b888e0e-6a0f-4b0e-88cc-e0733c42ba91-AppendLogResponseHandler: Failed appendEntries: org.apache.ratis.thirdparty.io.grpc.StatusRuntimeException: UNAVAILABLE: io exception
2019-11-13 22:06:22,254 [grpc-default-executor-3] INFO  impl.FollowerInfo (FollowerInfo.java:lambda$new$0(51)) - f7705811-6e65-4a57-b1c4-0cb13cee4425@group-B9D2931423C9->7b888e0e-6a0f-4b0e-88cc-e0733c42ba91: nextIndex: updateUnconditionally 0 -> 0
2019-11-13 22:06:22,278 [grpc-default-executor-4] WARN  server.GrpcLogAppender (LogUtils.java:warn(134)) - f7705811-6e65-4a57-b1c4-0cb13cee4425@group-B9D2931423C9->b437d6a1-54f9-495c-b2fd-bb696abd9804-AppendLogResponseHandler: Failed appendEntries: org.apache.ratis.thirdparty.io.grpc.StatusRuntimeException: UNAVAILABLE: io exception
2019-11-13 22:06:22,278 [grpc-default-executor-4] INFO  impl.FollowerInfo (FollowerInfo.java:lambda$new$0(51)) - f7705811-6e65-4a57-b1c4-0cb13cee4425@group-B9D2931423C9->b437d6a1-54f9-495c-b2fd-bb696abd9804: nextIndex: updateUnconditionally 0 -> 0
2019-11-13 22:06:22,354 [grpc-default-executor-4] WARN  server.GrpcLogAppender (LogUtils.java:warn(134)) - 5be39b6a-195c-499c-aaae-deebd243d90c@group-B0C0C6E3C568->d9ec6d9b-9212-4a70-b93c-d3980a23303d-AppendLogResponseHandler: Failed appendEntries: org.apache.ratis.thirdparty.io.grpc.StatusRuntimeException: UNAVAILABLE: io exception
2019-11-13 22:06:22,354 [grpc-default-executor-4] INFO  impl.FollowerInfo (FollowerInfo.java:lambda$new$0(51)) - 5be39b6a-195c-499c-aaae-deebd243d90c@group-B0C0C6E3C568->d9ec6d9b-9212-4a70-b93c-d3980a23303d: nextIndex: updateUnconditionally 0 -> 0
2019-11-13 22:06:22,357 [grpc-default-executor-4] WARN  server.GrpcLogAppender (LogUtils.java:warn(134)) - 5be39b6a-195c-499c-aaae-deebd243d90c@group-B0C0C6E3C568->52753b73-fd3b-4321-bab5-4a2e8177045b-AppendLogResponseHandler: Failed appendEntries: org.apache.ratis.thirdparty.io.grpc.StatusRuntimeException: UNAVAILABLE: io exception
2019-11-13 22:06:22,357 [grpc-default-executor-4] INFO  impl.FollowerInfo (FollowerInfo.java:lambda$new$0(51)) - 5be39b6a-195c-499c-aaae-deebd243d90c@group-B0C0C6E3C568->52753b73-fd3b-4321-bab5-4a2e8177045b: nextIndex: updateUnconditionally 0 -> 0
2019-11-13 22:06:22,755 [grpc-default-executor-4] WARN  server.GrpcLogAppender (LogUtils.java:warn(134)) - f7705811-6e65-4a57-b1c4-0cb13cee4425@group-B9D2931423C9->7b888e0e-6a0f-4b0e-88cc-e0733c42ba91-AppendLogResponseHandler: Failed appendEntries: org.apache.ratis.thirdparty.io.grpc.StatusRuntimeException: UNAVAILABLE: io exception
2019-11-13 22:06:22,755 [grpc-default-executor-4] INFO  impl.FollowerInfo (FollowerInfo.java:lambda$new$0(51)) - f7705811-6e65-4a57-b1c4-0cb13cee4425@group-B9D2931423C9->7b888e0e-6a0f-4b0e-88cc-e0733c42ba91: nextIndex: updateUnconditionally 0 -> 0
2019-11-13 22:06:22,779 [grpc-default-executor-4] WARN  server.GrpcLogAppender (LogUtils.java:warn(134)) - f7705811-6e65-4a57-b1c4-0cb13cee4425@group-B9D2931423C9->b437d6a1-54f9-495c-b2fd-bb696abd9804-AppendLogResponseHandler: Failed appendEntries: org.apache.ratis.thirdparty.io.grpc.StatusRuntimeException: UNAVAILABLE: io exception
2019-11-13 22:06:22,780 [grpc-default-executor-4] INFO  impl.FollowerInfo (FollowerInfo.java:lambda$new$0(51)) - f7705811-6e65-4a57-b1c4-0cb13cee4425@group-B9D2931423C9->b437d6a1-54f9-495c-b2fd-bb696abd9804: nextIndex: updateUnconditionally 0 -> 0
2019-11-13 22:06:22,856 [grpc-default-executor-4] WARN  server.GrpcLogAppender (LogUtils.java:warn(134)) - 5be39b6a-195c-499c-aaae-deebd243d90c@group-B0C0C6E3C568->d9ec6d9b-9212-4a70-b93c-d3980a23303d-AppendLogResponseHandler: Failed appendEntries: org.apache.ratis.thirdparty.io.grpc.StatusRuntimeException: UNAVAILABLE: io exception
2019-11-13 22:06:22,856 [grpc-default-executor-4] INFO  impl.FollowerInfo (FollowerInfo.java:lambda$new$0(51)) - 5be39b6a-195c-499c-aaae-deebd243d90c@group-B0C0C6E3C568->d9ec6d9b-9212-4a70-b93c-d3980a23303d: nextIndex: updateUnconditionally 0 -> 0
2019-11-13 22:06:22,858 [grpc-default-executor-2] WARN  server.GrpcLogAppender (LogUtils.java:warn(134)) - 5be39b6a-195c-499c-aaae-deebd243d90c@group-B0C0C6E3C568->52753b73-fd3b-4321-bab5-4a2e8177045b-AppendLogResponseHandler: Failed appendEntries: org.apache.ratis.thirdparty.io.grpc.StatusRuntimeException: UNAVAILABLE: io exception
2019-11-13 22:06:22,858 [grpc-default-executor-2] INFO  impl.FollowerInfo (FollowerInfo.java:lambda$new$0(51)) - 5be39b6a-195c-499c-aaae-deebd243d90c@group-B0C0C6E3C568->52753b73-fd3b-4321-bab5-4a2e8177045b: nextIndex: updateUnconditionally 0 -> 0
2019-11-13 22:06:23,259 [grpc-default-executor-3] WARN  server.GrpcLogAppender (LogUtils.java:warn(134)) - f7705811-6e65-4a57-b1c4-0cb13cee4425@group-B9D2931423C9->7b888e0e-6a0f-4b0e-88cc-e0733c42ba91-AppendLogResponseHandler: Failed appendEntries: org.apache.ratis.thirdparty.io.grpc.StatusRuntimeException: UNAVAILABLE: io exception
2019-11-13 22:06:23,260 [grpc-default-executor-3] INFO  impl.FollowerInfo (FollowerInfo.java:lambda$new$0(51)) - f7705811-6e65-4a57-b1c4-0cb13cee4425@group-B9D2931423C9->7b888e0e-6a0f-4b0e-88cc-e0733c42ba91: nextIndex: updateUnconditionally 0 -> 0
2019-11-13 22:06:23,280 [grpc-default-executor-4] WARN  server.GrpcLogAppender (LogUtils.java:warn(134)) - f7705811-6e65-4a57-b1c4-0cb13cee4425@group-B9D2931423C9->b437d6a1-54f9-495c-b2fd-bb696abd9804-AppendLogResponseHandler: Failed appendEntries: org.apache.ratis.thirdparty.io.grpc.StatusRuntimeException: UNAVAILABLE: io exception
2019-11-13 22:06:23,281 [grpc-default-executor-4] INFO  impl.FollowerInfo (FollowerInfo.java:lambda$new$0(51)) - f7705811-6e65-4a57-b1c4-0cb13cee4425@group-B9D2931423C9->b437d6a1-54f9-495c-b2fd-bb696abd9804: nextIndex: updateUnconditionally 0 -> 0
2019-11-13 22:06:23,356 [grpc-default-executor-4] WARN  server.GrpcLogAppender (LogUtils.java:warn(134)) - 5be39b6a-195c-499c-aaae-deebd243d90c@group-B0C0C6E3C568->d9ec6d9b-9212-4a70-b93c-d3980a23303d-AppendLogResponseHandler: Failed appendEntries: org.apache.ratis.thirdparty.io.grpc.StatusRuntimeException: UNAVAILABLE: io exception
2019-11-13 22:06:23,357 [grpc-default-executor-4] INFO  impl.FollowerInfo (FollowerInfo.java:lambda$new$0(51)) - 5be39b6a-195c-499c-aaae-deebd243d90c@group-B0C0C6E3C568->d9ec6d9b-9212-4a70-b93c-d3980a23303d: nextIndex: updateUnconditionally 0 -> 0
2019-11-13 22:06:23,358 [grpc-default-executor-2] WARN  server.GrpcLogAppender (LogUtils.java:warn(134)) - 5be39b6a-195c-499c-aaae-deebd243d90c@group-B0C0C6E3C568->52753b73-fd3b-4321-bab5-4a2e8177045b-AppendLogResponseHandler: Failed appendEntries: org.apache.ratis.thirdparty.io.grpc.StatusRuntimeException: UNAVAILABLE: io exception
2019-11-13 22:06:23,359 [grpc-default-executor-2] INFO  impl.FollowerInfo (FollowerInfo.java:lambda$new$0(51)) - 5be39b6a-195c-499c-aaae-deebd243d90c@group-B0C0C6E3C568->52753b73-fd3b-4321-bab5-4a2e8177045b: nextIndex: updateUnconditionally 0 -> 0
2019-11-13 22:06:23,761 [grpc-default-executor-4] WARN  server.GrpcLogAppender (LogUtils.java:warn(134)) - f7705811-6e65-4a57-b1c4-0cb13cee4425@group-B9D2931423C9->7b888e0e-6a0f-4b0e-88cc-e0733c42ba91-AppendLogResponseHandler: Failed appendEntries: org.apache.ratis.thirdparty.io.grpc.StatusRuntimeException: UNAVAILABLE: io exception
2019-11-13 22:06:23,761 [grpc-default-executor-4] INFO  impl.FollowerInfo (FollowerInfo.java:lambda$new$0(51)) - f7705811-6e65-4a57-b1c4-0cb13cee4425@group-B9D2931423C9->7b888e0e-6a0f-4b0e-88cc-e0733c42ba91: nextIndex: updateUnconditionally 0 -> 0
2019-11-13 22:06:23,780 [grpc-default-executor-4] WARN  server.GrpcLogAppender (LogUtils.java:warn(134)) - f7705811-6e65-4a57-b1c4-0cb13cee4425@group-B9D2931423C9->b437d6a1-54f9-495c-b2fd-bb696abd9804-AppendLogResponseHandler: Failed appendEntries: org.apache.ratis.thirdparty.io.grpc.StatusRuntimeException: UNAVAILABLE: io exception
2019-11-13 22:06:23,781 [grpc-default-executor-4] INFO  impl.FollowerInfo (FollowerInfo.java:lambda$new$0(51)) - f7705811-6e65-4a57-b1c4-0cb13cee4425@group-B9D2931423C9->b437d6a1-54f9-495c-b2fd-bb696abd9804: nextIndex: updateUnconditionally 0 -> 0
2019-11-13 22:06:23,857 [grpc-default-executor-4] WARN  server.GrpcLogAppender (LogUtils.java:warn(134)) - 5be39b6a-195c-499c-aaae-deebd243d90c@group-B0C0C6E3C568->d9ec6d9b-9212-4a70-b93c-d3980a23303d-AppendLogResponseHandler: Failed appendEntries: org.apache.ratis.thirdparty.io.grpc.StatusRuntimeException: UNAVAILABLE: io exception
2019-11-13 22:06:23,858 [grpc-default-executor-4] INFO  impl.FollowerInfo (FollowerInfo.java:lambda$new$0(51)) - 5be39b6a-195c-499c-aaae-deebd243d90c@group-B0C0C6E3C568->d9ec6d9b-9212-4a70-b93c-d3980a23303d: nextIndex: updateUnconditionally 0 -> 0
2019-11-13 22:06:23,859 [grpc-default-executor-4] WARN  server.GrpcLogAppender (LogUtils.java:warn(134)) - 5be39b6a-195c-499c-aaae-deebd243d90c@group-B0C0C6E3C568->52753b73-fd3b-4321-bab5-4a2e8177045b-AppendLogResponseHandler: Failed appendEntries: org.apache.ratis.thirdparty.io.grpc.StatusRuntimeException: UNAVAILABLE: io exception
2019-11-13 22:06:23,859 [grpc-default-executor-4] INFO  impl.FollowerInfo (FollowerInfo.java:lambda$new$0(51)) - 5be39b6a-195c-499c-aaae-deebd243d90c@group-B0C0C6E3C568->52753b73-fd3b-4321-bab5-4a2e8177045b: nextIndex: updateUnconditionally 0 -> 0
2019-11-13 22:06:24,261 [grpc-default-executor-4] WARN  server.GrpcLogAppender (LogUtils.java:warn(134)) - f7705811-6e65-4a57-b1c4-0cb13cee4425@group-B9D2931423C9->7b888e0e-6a0f-4b0e-88cc-e0733c42ba91-AppendLogResponseHandler: Failed appendEntries: org.apache.ratis.thirdparty.io.grpc.StatusRuntimeException: UNAVAILABLE: io exception
2019-11-13 22:06:24,262 [grpc-default-executor-4] INFO  impl.FollowerInfo (FollowerInfo.java:lambda$new$0(51)) - f7705811-6e65-4a57-b1c4-0cb13cee4425@group-B9D2931423C9->7b888e0e-6a0f-4b0e-88cc-e0733c42ba91: nextIndex: updateUnconditionally 0 -> 0
2019-11-13 22:06:24,281 [grpc-default-executor-2] WARN  server.GrpcLogAppender (LogUtils.java:warn(134)) - f7705811-6e65-4a57-b1c4-0cb13cee4425@group-B9D2931423C9->b437d6a1-54f9-495c-b2fd-bb696abd9804-AppendLogResponseHandler: Failed appendEntries: org.apache.ratis.thirdparty.io.grpc.StatusRuntimeException: UNAVAILABLE: io exception
2019-11-13 22:06:24,281 [grpc-default-executor-2] INFO  impl.FollowerInfo (FollowerInfo.java:lambda$new$0(51)) - f7705811-6e65-4a57-b1c4-0cb13cee4425@group-B9D2931423C9->b437d6a1-54f9-495c-b2fd-bb696abd9804: nextIndex: updateUnconditionally 0 -> 0
2019-11-13 22:06:24,359 [grpc-default-executor-5] WARN  server.GrpcLogAppender (LogUtils.java:warn(134)) - 5be39b6a-195c-499c-aaae-deebd243d90c@group-B0C0C6E3C568->d9ec6d9b-9212-4a70-b93c-d3980a23303d-AppendLogResponseHandler: Failed appendEntries: org.apache.ratis.thirdparty.io.grpc.StatusRuntimeException: UNAVAILABLE: io exception
2019-11-13 22:06:24,359 [grpc-default-executor-5] INFO  impl.FollowerInfo (FollowerInfo.java:lambda$new$0(51)) - 5be39b6a-195c-499c-aaae-deebd243d90c@group-B0C0C6E3C568->d9ec6d9b-9212-4a70-b93c-d3980a23303d: nextIndex: updateUnconditionally 0 -> 0
2019-11-13 22:06:24,359 [grpc-default-executor-2] WARN  server.GrpcLogAppender (LogUtils.java:warn(134)) - 5be39b6a-195c-499c-aaae-deebd243d90c@group-B0C0C6E3C568->52753b73-fd3b-4321-bab5-4a2e8177045b-AppendLogResponseHandler: Failed appendEntries: org.apache.ratis.thirdparty.io.grpc.StatusRuntimeException: UNAVAILABLE: io exception
2019-11-13 22:06:24,360 [grpc-default-executor-2] INFO  impl.FollowerInfo (FollowerInfo.java:lambda$new$0(51)) - 5be39b6a-195c-499c-aaae-deebd243d90c@group-B0C0C6E3C568->52753b73-fd3b-4321-bab5-4a2e8177045b: nextIndex: updateUnconditionally 0 -> 0
2019-11-13 22:06:24,768 [grpc-default-executor-2] WARN  server.GrpcLogAppender (LogUtils.java:warn(134)) - f7705811-6e65-4a57-b1c4-0cb13cee4425@group-B9D2931423C9->7b888e0e-6a0f-4b0e-88cc-e0733c42ba91-AppendLogResponseHandler: Failed appendEntries: org.apache.ratis.thirdparty.io.grpc.StatusRuntimeException: UNAVAILABLE: io exception
2019-11-13 22:06:24,769 [grpc-default-executor-2] INFO  impl.FollowerInfo (FollowerInfo.java:lambda$new$0(51)) - f7705811-6e65-4a57-b1c4-0cb13cee4425@group-B9D2931423C9->7b888e0e-6a0f-4b0e-88cc-e0733c42ba91: nextIndex: updateUnconditionally 0 -> 0
2019-11-13 22:06:24,782 [grpc-default-executor-3] WARN  server.GrpcLogAppender (LogUtils.java:warn(134)) - f7705811-6e65-4a57-b1c4-0cb13cee4425@group-B9D2931423C9->b437d6a1-54f9-495c-b2fd-bb696abd9804-AppendLogResponseHandler: Failed appendEntries: org.apache.ratis.thirdparty.io.grpc.StatusRuntimeException: UNAVAILABLE: io exception
2019-11-13 22:06:24,782 [grpc-default-executor-3] INFO  impl.FollowerInfo (FollowerInfo.java:lambda$new$0(51)) - f7705811-6e65-4a57-b1c4-0cb13cee4425@group-B9D2931423C9->b437d6a1-54f9-495c-b2fd-bb696abd9804: nextIndex: updateUnconditionally 0 -> 0
2019-11-13 22:06:24,858 [grpc-default-executor-2] WARN  server.GrpcLogAppender (LogUtils.java:warn(134)) - 5be39b6a-195c-499c-aaae-deebd243d90c@group-B0C0C6E3C568->d9ec6d9b-9212-4a70-b93c-d3980a23303d-AppendLogResponseHandler: Failed appendEntries: org.apache.ratis.thirdparty.io.grpc.StatusRuntimeException: UNAVAILABLE: io exception
2019-11-13 22:06:24,858 [grpc-default-executor-2] INFO  impl.FollowerInfo (FollowerInfo.java:lambda$new$0(51)) - 5be39b6a-195c-499c-aaae-deebd243d90c@group-B0C0C6E3C568->d9ec6d9b-9212-4a70-b93c-d3980a23303d: nextIndex: updateUnconditionally 0 -> 0
2019-11-13 22:06:24,860 [grpc-default-executor-3] WARN  server.GrpcLogAppender (LogUtils.java:warn(134)) - 5be39b6a-195c-499c-aaae-deebd243d90c@group-B0C0C6E3C568->52753b73-fd3b-4321-bab5-4a2e8177045b-AppendLogResponseHandler: Failed appendEntries: org.apache.ratis.thirdparty.io.grpc.StatusRuntimeException: UNAVAILABLE: io exception
2019-11-13 22:06:24,860 [grpc-default-executor-3] INFO  impl.FollowerInfo (FollowerInfo.java:lambda$new$0(51)) - 5be39b6a-195c-499c-aaae-deebd243d90c@group-B0C0C6E3C568->52753b73-fd3b-4321-bab5-4a2e8177045b: nextIndex: updateUnconditionally 0 -> 0
2019-11-13 22:06:25,266 [grpc-default-executor-2] WARN  server.GrpcLogAppender (LogUtils.java:warn(134)) - f7705811-6e65-4a57-b1c4-0cb13cee4425@group-B9D2931423C9->7b888e0e-6a0f-4b0e-88cc-e0733c42ba91-AppendLogResponseHandler: Failed appendEntries: org.apache.ratis.thirdparty.io.grpc.StatusRuntimeException: UNAVAILABLE: io exception
2019-11-13 22:06:25,267 [grpc-default-executor-2] INFO  impl.FollowerInfo (FollowerInfo.java:lambda$new$0(51)) - f7705811-6e65-4a57-b1c4-0cb13cee4425@group-B9D2931423C9->7b888e0e-6a0f-4b0e-88cc-e0733c42ba91: nextIndex: updateUnconditionally 0 -> 0
2019-11-13 22:06:25,282 [grpc-default-executor-3] WARN  server.GrpcLogAppender (LogUtils.java:warn(134)) - f7705811-6e65-4a57-b1c4-0cb13cee4425@group-B9D2931423C9->b437d6a1-54f9-495c-b2fd-bb696abd9804-AppendLogResponseHandler: Failed appendEntries: org.apache.ratis.thirdparty.io.grpc.StatusRuntimeException: UNAVAILABLE: io exception
2019-11-13 22:06:25,283 [grpc-default-executor-3] INFO  impl.FollowerInfo (FollowerInfo.java:lambda$new$0(51)) - f7705811-6e65-4a57-b1c4-0cb13cee4425@group-B9D2931423C9->b437d6a1-54f9-495c-b2fd-bb696abd9804: nextIndex: updateUnconditionally 0 -> 0
2019-11-13 22:06:25,359 [grpc-default-executor-3] WARN  server.GrpcLogAppender (LogUtils.java:warn(134)) - 5be39b6a-195c-499c-aaae-deebd243d90c@group-B0C0C6E3C568->d9ec6d9b-9212-4a70-b93c-d3980a23303d-AppendLogResponseHandler: Failed appendEntries: org.apache.ratis.thirdparty.io.grpc.StatusRuntimeException: UNAVAILABLE: io exception
2019-11-13 22:06:25,359 [grpc-default-executor-3] INFO  impl.FollowerInfo (FollowerInfo.java:lambda$new$0(51)) - 5be39b6a-195c-499c-aaae-deebd243d90c@group-B0C0C6E3C568->d9ec6d9b-9212-4a70-b93c-d3980a23303d: nextIndex: updateUnconditionally 0 -> 0
2019-11-13 22:06:25,361 [grpc-default-executor-5] WARN  server.GrpcLogAppender (LogUtils.java:warn(134)) - 5be39b6a-195c-499c-aaae-deebd243d90c@group-B0C0C6E3C568->52753b73-fd3b-4321-bab5-4a2e8177045b-AppendLogResponseHandler: Failed appendEntries: org.apache.ratis.thirdparty.io.grpc.StatusRuntimeException: UNAVAILABLE: io exception
2019-11-13 22:06:25,361 [grpc-default-executor-5] INFO  impl.FollowerInfo (FollowerInfo.java:lambda$new$0(51)) - 5be39b6a-195c-499c-aaae-deebd243d90c@group-B0C0C6E3C568->52753b73-fd3b-4321-bab5-4a2e8177045b: nextIndex: updateUnconditionally 0 -> 0
2019-11-13 22:06:25,767 [grpc-default-executor-3] WARN  server.GrpcLogAppender (LogUtils.java:warn(134)) - f7705811-6e65-4a57-b1c4-0cb13cee4425@group-B9D2931423C9->7b888e0e-6a0f-4b0e-88cc-e0733c42ba91-AppendLogResponseHandler: Failed appendEntries: org.apache.ratis.thirdparty.io.grpc.StatusRuntimeException: UNAVAILABLE: io exception
2019-11-13 22:06:25,768 [grpc-default-executor-3] INFO  impl.FollowerInfo (FollowerInfo.java:lambda$new$0(51)) - f7705811-6e65-4a57-b1c4-0cb13cee4425@group-B9D2931423C9->7b888e0e-6a0f-4b0e-88cc-e0733c42ba91: nextIndex: updateUnconditionally 0 -> 0
2019-11-13 22:06:25,783 [grpc-default-executor-2] WARN  server.GrpcLogAppender (LogUtils.java:warn(134)) - f7705811-6e65-4a57-b1c4-0cb13cee4425@group-B9D2931423C9->b437d6a1-54f9-495c-b2fd-bb696abd9804-AppendLogResponseHandler: Failed appendEntries: org.apache.ratis.thirdparty.io.grpc.StatusRuntimeException: UNAVAILABLE: io exception
2019-11-13 22:06:25,784 [grpc-default-executor-2] INFO  impl.FollowerInfo (FollowerInfo.java:lambda$new$0(51)) - f7705811-6e65-4a57-b1c4-0cb13cee4425@group-B9D2931423C9->b437d6a1-54f9-495c-b2fd-bb696abd9804: nextIndex: updateUnconditionally 0 -> 0
2019-11-13 22:06:25,861 [grpc-default-executor-2] WARN  server.GrpcLogAppender (LogUtils.java:warn(134)) - 5be39b6a-195c-499c-aaae-deebd243d90c@group-B0C0C6E3C568->d9ec6d9b-9212-4a70-b93c-d3980a23303d-AppendLogResponseHandler: Failed appendEntries: org.apache.ratis.thirdparty.io.grpc.StatusRuntimeException: UNAVAILABLE: io exception
2019-11-13 22:06:25,861 [grpc-default-executor-2] INFO  impl.FollowerInfo (FollowerInfo.java:lambda$new$0(51)) - 5be39b6a-195c-499c-aaae-deebd243d90c@group-B0C0C6E3C568->d9ec6d9b-9212-4a70-b93c-d3980a23303d: nextIndex: updateUnconditionally 0 -> 0
2019-11-13 22:06:25,861 [grpc-default-executor-4] WARN  server.GrpcLogAppender (LogUtils.java:warn(134)) - 5be39b6a-195c-499c-aaae-deebd243d90c@group-B0C0C6E3C568->52753b73-fd3b-4321-bab5-4a2e8177045b-AppendLogResponseHandler: Failed appendEntries: org.apache.ratis.thirdparty.io.grpc.StatusRuntimeException: UNAVAILABLE: io exception
2019-11-13 22:06:25,862 [grpc-default-executor-4] INFO  impl.FollowerInfo (FollowerInfo.java:lambda$new$0(51)) - 5be39b6a-195c-499c-aaae-deebd243d90c@group-B0C0C6E3C568->52753b73-fd3b-4321-bab5-4a2e8177045b: nextIndex: updateUnconditionally 0 -> 0
2019-11-13 22:06:26,080 [main] INFO  ozoneimpl.OzoneContainer (OzoneContainer.java:stop(244)) - Attempting to stop container services.
2019-11-13 22:06:26,080 [ForkJoinPool.commonPool-worker-0] INFO  ozoneimpl.OzoneContainer (OzoneContainer.java:stop(244)) - Attempting to stop container services.
2019-11-13 22:06:26,081 [ForkJoinPool.commonPool-worker-0] INFO  impl.RaftServerProxy (RaftServerProxy.java:lambda$close$4(314)) - 5be39b6a-195c-499c-aaae-deebd243d90c: close
2019-11-13 22:06:26,081 [main] INFO  impl.RaftServerProxy (RaftServerProxy.java:lambda$close$4(314)) - f7705811-6e65-4a57-b1c4-0cb13cee4425: close
2019-11-13 22:06:26,081 [ForkJoinPool.commonPool-worker-0] INFO  impl.RaftServerImpl (RaftServerImpl.java:lambda$shutdown$3(250)) - 5be39b6a-195c-499c-aaae-deebd243d90c@group-5EA4FB2473EE: shutdown
2019-11-13 22:06:26,082 [main] INFO  impl.RaftServerImpl (RaftServerImpl.java:lambda$shutdown$3(250)) - f7705811-6e65-4a57-b1c4-0cb13cee4425@group-B9D2931423C9: shutdown
2019-11-13 22:06:26,082 [ForkJoinPool.commonPool-worker-0] INFO  util.JmxRegister (JmxRegister.java:unregister(73)) - Successfully un-registered JMX Bean with object name Ratis:service=RaftServer,group=group-5EA4FB2473EE,id=5be39b6a-195c-499c-aaae-deebd243d90c
2019-11-13 22:06:26,082 [ForkJoinPool.commonPool-worker-0] INFO  impl.RoleInfo (RoleInfo.java:shutdownLeaderState(104)) - 5be39b6a-195c-499c-aaae-deebd243d90c: shutdown LeaderState
2019-11-13 22:06:26,082 [main] INFO  util.JmxRegister (JmxRegister.java:unregister(73)) - Successfully un-registered JMX Bean with object name Ratis:service=RaftServer,group=group-B9D2931423C9,id=f7705811-6e65-4a57-b1c4-0cb13cee4425
2019-11-13 22:06:26,083 [ForkJoinPool.commonPool-worker-0] INFO  impl.PendingRequests (PendingRequests.java:sendNotLeaderResponses(206)) - 5be39b6a-195c-499c-aaae-deebd243d90c@group-5EA4FB2473EE-PendingRequests: sendNotLeaderResponses
2019-11-13 22:06:26,083 [main] INFO  impl.RoleInfo (RoleInfo.java:shutdownLeaderState(104)) - f7705811-6e65-4a57-b1c4-0cb13cee4425: shutdown LeaderState
2019-11-13 22:06:26,084 [ForkJoinPool.commonPool-worker-0] INFO  impl.StateMachineUpdater (StateMachineUpdater.java:stopAndJoin(136)) - 5be39b6a-195c-499c-aaae-deebd243d90c@group-5EA4FB2473EE-StateMachineUpdater: set stopIndex = 0
2019-11-13 22:06:26,087 [main] INFO  impl.PendingRequests (PendingRequests.java:sendNotLeaderResponses(206)) - f7705811-6e65-4a57-b1c4-0cb13cee4425@group-B9D2931423C9-PendingRequests: sendNotLeaderResponses
2019-11-13 22:06:26,087 [ForkJoinPool.commonPool-worker-0] INFO  impl.RaftServerImpl (ServerState.java:close(387)) - 5be39b6a-195c-499c-aaae-deebd243d90c@group-5EA4FB2473EE: closes. applyIndex: 0
2019-11-13 22:06:26,087 [org.apache.ratis.server.impl.LogAppender$AppenderDaemon$$Lambda$465/2114790451@4fa3aba7] WARN  server.GrpcLogAppender (GrpcLogAppender.java:mayWait(151)) - f7705811-6e65-4a57-b1c4-0cb13cee4425@group-B9D2931423C9->7b888e0e-6a0f-4b0e-88cc-e0733c42ba91-GrpcLogAppender: Wait interrupted by java.lang.InterruptedException
2019-11-13 22:06:26,087 [org.apache.ratis.server.impl.LogAppender$AppenderDaemon$$Lambda$465/2114790451@79e822ed] WARN  server.GrpcLogAppender (GrpcLogAppender.java:mayWait(151)) - f7705811-6e65-4a57-b1c4-0cb13cee4425@group-B9D2931423C9->b437d6a1-54f9-495c-b2fd-bb696abd9804-GrpcLogAppender: Wait interrupted by java.lang.InterruptedException
2019-11-13 22:06:26,088 [main] INFO  impl.StateMachineUpdater (StateMachineUpdater.java:stopAndJoin(136)) - f7705811-6e65-4a57-b1c4-0cb13cee4425@group-B9D2931423C9-StateMachineUpdater: set stopIndex = 2
2019-11-13 22:06:26,089 [main] INFO  impl.RaftServerImpl (ServerState.java:close(387)) - f7705811-6e65-4a57-b1c4-0cb13cee4425@group-B9D2931423C9: closes. applyIndex: 2
2019-11-13 22:06:26,089 [5be39b6a-195c-499c-aaae-deebd243d90c@group-5EA4FB2473EE-SegmentedRaftLogWorker] INFO  segmented.SegmentedRaftLogWorker (SegmentedRaftLogWorker.java:run(316)) - 5be39b6a-195c-499c-aaae-deebd243d90c@group-5EA4FB2473EE-SegmentedRaftLogWorker was interrupted, exiting. There are 0 tasks remaining in the queue.
2019-11-13 22:06:26,090 [f7705811-6e65-4a57-b1c4-0cb13cee4425@group-B9D2931423C9-SegmentedRaftLogWorker] INFO  segmented.SegmentedRaftLogWorker (SegmentedRaftLogWorker.java:run(316)) - f7705811-6e65-4a57-b1c4-0cb13cee4425@group-B9D2931423C9-SegmentedRaftLogWorker was interrupted, exiting. There are 0 tasks remaining in the queue.
2019-11-13 22:06:26,091 [ForkJoinPool.commonPool-worker-0] INFO  segmented.SegmentedRaftLogWorker (SegmentedRaftLogWorker.java:close(224)) - 5be39b6a-195c-499c-aaae-deebd243d90c@group-5EA4FB2473EE-SegmentedRaftLogWorker close()
2019-11-13 22:06:26,091 [main] INFO  segmented.SegmentedRaftLogWorker (SegmentedRaftLogWorker.java:close(224)) - f7705811-6e65-4a57-b1c4-0cb13cee4425@group-B9D2931423C9-SegmentedRaftLogWorker close()
2019-11-13 22:06:26,093 [ForkJoinPool.commonPool-worker-0] INFO  impl.RaftServerImpl (RaftServerImpl.java:lambda$shutdown$3(250)) - 5be39b6a-195c-499c-aaae-deebd243d90c@group-B0C0C6E3C568: shutdown
2019-11-13 22:06:26,094 [main] INFO  impl.RaftServerImpl (RaftServerImpl.java:lambda$shutdown$3(250)) - f7705811-6e65-4a57-b1c4-0cb13cee4425@group-67ACA6D0AA0F: shutdown
2019-11-13 22:06:26,094 [ForkJoinPool.commonPool-worker-0] INFO  util.JmxRegister (JmxRegister.java:unregister(73)) - Successfully un-registered JMX Bean with object name Ratis:service=RaftServer,group=group-B0C0C6E3C568,id=5be39b6a-195c-499c-aaae-deebd243d90c
2019-11-13 22:06:26,095 [main] INFO  util.JmxRegister (JmxRegister.java:unregister(73)) - Successfully un-registered JMX Bean with object name Ratis:service=RaftServer,group=group-67ACA6D0AA0F,id=f7705811-6e65-4a57-b1c4-0cb13cee4425
2019-11-13 22:06:26,095 [ForkJoinPool.commonPool-worker-0] INFO  impl.RoleInfo (RoleInfo.java:shutdownLeaderState(104)) - 5be39b6a-195c-499c-aaae-deebd243d90c: shutdown LeaderState
2019-11-13 22:06:26,096 [main] INFO  impl.RoleInfo (RoleInfo.java:shutdownLeaderState(104)) - f7705811-6e65-4a57-b1c4-0cb13cee4425: shutdown LeaderState
2019-11-13 22:06:26,103 [org.apache.ratis.server.impl.LogAppender$AppenderDaemon$$Lambda$465/2114790451@697016cc] WARN  server.GrpcLogAppender (GrpcLogAppender.java:mayWait(151)) - 5be39b6a-195c-499c-aaae-deebd243d90c@group-B0C0C6E3C568->d9ec6d9b-9212-4a70-b93c-d3980a23303d-GrpcLogAppender: Wait interrupted by java.lang.InterruptedException
2019-11-13 22:06:26,102 [ForkJoinPool.commonPool-worker-0] INFO  impl.PendingRequests (PendingRequests.java:sendNotLeaderResponses(206)) - 5be39b6a-195c-499c-aaae-deebd243d90c@group-B0C0C6E3C568-PendingRequests: sendNotLeaderResponses
2019-11-13 22:06:26,102 [org.apache.ratis.server.impl.LogAppender$AppenderDaemon$$Lambda$465/2114790451@550014de] WARN  server.GrpcLogAppender (GrpcLogAppender.java:mayWait(151)) - 5be39b6a-195c-499c-aaae-deebd243d90c@group-B0C0C6E3C568->52753b73-fd3b-4321-bab5-4a2e8177045b-GrpcLogAppender: Wait interrupted by java.lang.InterruptedException
2019-11-13 22:06:26,103 [main] INFO  impl.PendingRequests (PendingRequests.java:sendNotLeaderResponses(206)) - f7705811-6e65-4a57-b1c4-0cb13cee4425@group-67ACA6D0AA0F-PendingRequests: sendNotLeaderResponses
2019-11-13 22:06:26,104 [ForkJoinPool.commonPool-worker-0] INFO  impl.StateMachineUpdater (StateMachineUpdater.java:stopAndJoin(136)) - 5be39b6a-195c-499c-aaae-deebd243d90c@group-B0C0C6E3C568-StateMachineUpdater: set stopIndex = 2
2019-11-13 22:06:26,105 [main] INFO  impl.StateMachineUpdater (StateMachineUpdater.java:stopAndJoin(136)) - f7705811-6e65-4a57-b1c4-0cb13cee4425@group-67ACA6D0AA0F-StateMachineUpdater: set stopIndex = 0
2019-11-13 22:06:26,105 [ForkJoinPool.commonPool-worker-0] INFO  impl.RaftServerImpl (ServerState.java:close(387)) - 5be39b6a-195c-499c-aaae-deebd243d90c@group-B0C0C6E3C568: closes. applyIndex: 2
2019-11-13 22:06:26,105 [main] INFO  impl.RaftServerImpl (ServerState.java:close(387)) - f7705811-6e65-4a57-b1c4-0cb13cee4425@group-67ACA6D0AA0F: closes. applyIndex: 0
2019-11-13 22:06:26,106 [5be39b6a-195c-499c-aaae-deebd243d90c@group-B0C0C6E3C568-SegmentedRaftLogWorker] INFO  segmented.SegmentedRaftLogWorker (SegmentedRaftLogWorker.java:run(316)) - 5be39b6a-195c-499c-aaae-deebd243d90c@group-B0C0C6E3C568-SegmentedRaftLogWorker was interrupted, exiting. There are 0 tasks remaining in the queue.
2019-11-13 22:06:26,106 [f7705811-6e65-4a57-b1c4-0cb13cee4425@group-67ACA6D0AA0F-SegmentedRaftLogWorker] INFO  segmented.SegmentedRaftLogWorker (SegmentedRaftLogWorker.java:run(316)) - f7705811-6e65-4a57-b1c4-0cb13cee4425@group-67ACA6D0AA0F-SegmentedRaftLogWorker was interrupted, exiting. There are 0 tasks remaining in the queue.
2019-11-13 22:06:26,107 [ForkJoinPool.commonPool-worker-0] INFO  segmented.SegmentedRaftLogWorker (SegmentedRaftLogWorker.java:close(224)) - 5be39b6a-195c-499c-aaae-deebd243d90c@group-B0C0C6E3C568-SegmentedRaftLogWorker close()
2019-11-13 22:06:26,108 [main] INFO  segmented.SegmentedRaftLogWorker (SegmentedRaftLogWorker.java:close(224)) - f7705811-6e65-4a57-b1c4-0cb13cee4425@group-67ACA6D0AA0F-SegmentedRaftLogWorker close()
2019-11-13 22:06:26,109 [ForkJoinPool.commonPool-worker-0] INFO  server.GrpcService (GrpcService.java:closeImpl(164)) - 5be39b6a-195c-499c-aaae-deebd243d90c: shutdown server with port 39727 now
2019-11-13 22:06:26,110 [main] INFO  server.GrpcService (GrpcService.java:closeImpl(164)) - f7705811-6e65-4a57-b1c4-0cb13cee4425: shutdown server with port 42605 now
2019-11-13 22:06:26,110 [ForkJoinPool.commonPool-worker-0] INFO  server.GrpcService (GrpcService.java:closeImpl(172)) - 5be39b6a-195c-499c-aaae-deebd243d90c: shutdown server with port 39727 successfully
2019-11-13 22:06:26,111 [main] INFO  server.GrpcService (GrpcService.java:closeImpl(172)) - f7705811-6e65-4a57-b1c4-0cb13cee4425: shutdown server with port 42605 successfully
2019-11-13 22:06:26,115 [refreshUsed-/workdir/hadoop-ozone/integration-test/target/test-dir/MiniOzoneClusterImpl-7f102aba-c488-44cf-bcdb-425554d335ef/datanode-4/data/containers] WARN  fs.CachingGetSpaceUsed (CachingGetSpaceUsed.java:run(183)) - Thread Interrupted waiting to refresh disk information: sleep interrupted
2019-11-13 22:06:26,118 [refreshUsed-/workdir/hadoop-ozone/integration-test/target/test-dir/MiniOzoneClusterImpl-7f102aba-c488-44cf-bcdb-425554d335ef/datanode-0/data/containers] WARN  fs.CachingGetSpaceUsed (CachingGetSpaceUsed.java:run(183)) - Thread Interrupted waiting to refresh disk information: sleep interrupted
2019-11-13 22:06:26,141 [ForkJoinPool.commonPool-worker-0] INFO  utils.BackgroundService (BackgroundService.java:shutdown(151)) - Shutting down service BlockDeletingService
2019-11-13 22:06:26,145 [ForkJoinPool.commonPool-worker-0] INFO  statemachine.DatanodeStateMachine (DatanodeStateMachine.java:stopDaemon(395)) - Ozone container server stopped.
2019-11-13 22:06:26,148 [main] INFO  utils.BackgroundService (BackgroundService.java:shutdown(151)) - Shutting down service BlockDeletingService
2019-11-13 22:06:26,150 [main] INFO  statemachine.DatanodeStateMachine (DatanodeStateMachine.java:stopDaemon(395)) - Ozone container server stopped.
2019-11-13 22:06:26,161 [ForkJoinPool.commonPool-worker-0] INFO  handler.ContextHandler (ContextHandler.java:doStop(910)) - Stopped o.e.j.w.WebAppContext@4a92c6a9{/,null,UNAVAILABLE}{/hddsDatanode}
2019-11-13 22:06:26,161 [main] INFO  handler.ContextHandler (ContextHandler.java:doStop(910)) - Stopped o.e.j.w.WebAppContext@2007435e{/,null,UNAVAILABLE}{/hddsDatanode}
2019-11-13 22:06:26,162 [main] INFO  server.AbstractConnector (AbstractConnector.java:doStop(318)) - Stopped ServerConnector@da28d03{HTTP/1.1,[http/1.1]}{0.0.0.0:0}
2019-11-13 22:06:26,162 [ForkJoinPool.commonPool-worker-0] INFO  server.AbstractConnector (AbstractConnector.java:doStop(318)) - Stopped ServerConnector@5c9934da{HTTP/1.1,[http/1.1]}{0.0.0.0:0}
2019-11-13 22:06:26,165 [main] INFO  handler.ContextHandler (ContextHandler.java:doStop(910)) - Stopped o.e.j.s.ServletContextHandler@d919544{/static,jar:file:/home/user/.m2/repository/org/apache/hadoop/hadoop-hdds-container-service/0.5.0-SNAPSHOT/hadoop-hdds-container-service-0.5.0-SNAPSHOT.jar!/webapps/static,UNAVAILABLE}
2019-11-13 22:06:26,165 [ForkJoinPool.commonPool-worker-0] INFO  handler.ContextHandler (ContextHandler.java:doStop(910)) - Stopped o.e.j.s.ServletContextHandler@7ec95456{/static,jar:file:/home/user/.m2/repository/org/apache/hadoop/hadoop-hdds-container-service/0.5.0-SNAPSHOT/hadoop-hdds-container-service-0.5.0-SNAPSHOT.jar!/webapps/static,UNAVAILABLE}
2019-11-13 22:06:26,165 [main] INFO  handler.ContextHandler (ContextHandler.java:doStop(910)) - Stopped o.e.j.s.ServletContextHandler@6361b799{/logs,file:///workdir/hadoop-ozone/integration-test/target/log,UNAVAILABLE}
2019-11-13 22:06:26,165 [ForkJoinPool.commonPool-worker-0] INFO  handler.ContextHandler (ContextHandler.java:doStop(910)) - Stopped o.e.j.s.ServletContextHandler@1e1eeedd{/logs,file:///workdir/hadoop-ozone/integration-test/target/log,UNAVAILABLE}
2019-11-13 22:06:26,167 [main] INFO  ozone.MiniOzoneClusterImpl (MiniOzoneClusterImpl.java:stopSCM(430)) - Stopping the StorageContainerManager
2019-11-13 22:06:26,167 [main] INFO  server.StorageContainerManager (StorageContainerManager.java:stop(802)) - Stopping Replication Manager Service.
2019-11-13 22:06:26,167 [main] INFO  container.ReplicationManager (ReplicationManager.java:stop(203)) - Stopping Replication Monitor Thread.
2019-11-13 22:06:26,168 [main] INFO  server.StorageContainerManager (StorageContainerManager.java:stop(809)) - Stopping Lease Manager of the command watchers
2019-11-13 22:06:26,168 [main] INFO  server.StorageContainerManager (StorageContainerManager.java:stop(816)) - Stopping datanode service RPC server
2019-11-13 22:06:26,168 [main] INFO  server.SCMDatanodeProtocolServer (SCMDatanodeProtocolServer.java:stop(346)) - Stopping the RPC server for DataNodes
2019-11-13 22:06:26,168 [main] INFO  ipc.Server (Server.java:stop(3082)) - Stopping server on 38438
2019-11-13 22:06:26,170 [IPC Server listener on 38438] INFO  ipc.Server (Server.java:run(1185)) - Stopping IPC Server listener on 38438
2019-11-13 22:06:26,170 [IPC Server Responder] INFO  ipc.Server (Server.java:run(1319)) - Stopping IPC Server Responder
2019-11-13 22:06:26,203 [SCM Heartbeat Processing Thread - 0] WARN  node.NodeStateManager (NodeStateManager.java:scheduleNextHealthCheck(646)) - Current Thread is interrupted, shutting down HB processing thread for Node Manager.
2019-11-13 22:06:26,203 [main] INFO  server.StorageContainerManager (StorageContainerManager.java:stop(824)) - Stopping block service RPC server
2019-11-13 22:06:26,204 [main] INFO  server.SCMBlockProtocolServer (SCMBlockProtocolServer.java:stop(155)) - Stopping the RPC server for Block Protocol
2019-11-13 22:06:26,204 [main] INFO  ipc.Server (Server.java:stop(3082)) - Stopping server on 43451
2019-11-13 22:06:26,205 [IPC Server listener on 43451] INFO  ipc.Server (Server.java:run(1185)) - Stopping IPC Server listener on 43451
2019-11-13 22:06:26,205 [main] INFO  server.StorageContainerManager (StorageContainerManager.java:stop(831)) - Stopping the StorageContainerLocationProtocol RPC server
2019-11-13 22:06:26,206 [IPC Server Responder] INFO  ipc.Server (Server.java:run(1319)) - Stopping IPC Server Responder
2019-11-13 22:06:26,206 [main] INFO  server.SCMClientProtocolServer (SCMClientProtocolServer.java:stop(168)) - Stopping the RPC server for Client Protocol
2019-11-13 22:06:26,207 [main] INFO  ipc.Server (Server.java:stop(3082)) - Stopping server on 38975
2019-11-13 22:06:26,208 [IPC Server listener on 38975] INFO  ipc.Server (Server.java:run(1185)) - Stopping IPC Server listener on 38975
2019-11-13 22:06:26,208 [main] INFO  server.StorageContainerManager (StorageContainerManager.java:stop(838)) - Stopping Storage Container Manager HTTP server.
2019-11-13 22:06:26,208 [IPC Server Responder] INFO  ipc.Server (Server.java:run(1319)) - Stopping IPC Server Responder
2019-11-13 22:06:26,210 [main] INFO  handler.ContextHandler (ContextHandler.java:doStop(910)) - Stopped o.e.j.w.WebAppContext@73a8e994{/,null,UNAVAILABLE}{/scm}
2019-11-13 22:06:26,211 [main] INFO  server.AbstractConnector (AbstractConnector.java:doStop(318)) - Stopped ServerConnector@1a1cc163{HTTP/1.1,[http/1.1]}{0.0.0.0:0}
2019-11-13 22:06:26,211 [main] INFO  handler.ContextHandler (ContextHandler.java:doStop(910)) - Stopped o.e.j.s.ServletContextHandler@24a2e565{/static,file:///workdir/hadoop-ozone/integration-test/target/test-classes/webapps/static,UNAVAILABLE}
2019-11-13 22:06:26,211 [main] INFO  handler.ContextHandler (ContextHandler.java:doStop(910)) - Stopped o.e.j.s.ServletContextHandler@7c1447b5{/logs,file:///workdir/hadoop-ozone/integration-test/target/log,UNAVAILABLE}
2019-11-13 22:06:26,212 [main] INFO  server.StorageContainerManager (StorageContainerManager.java:stop(849)) - Stopping Block Manager Service.
2019-11-13 22:06:26,212 [main] INFO  utils.BackgroundService (BackgroundService.java:shutdown(151)) - Shutting down service SCMBlockDeletingService
2019-11-13 22:06:26,213 [main] INFO  utils.BackgroundService (BackgroundService.java:shutdown(151)) - Shutting down service SCMBlockDeletingService
2019-11-13 22:06:26,213 [main] INFO  server.StorageContainerManager (StorageContainerManager.java:stop(871)) - Stopping SCM Event Queue.
2019-11-13 22:06:26,218 [main] INFO  impl.MetricsSystemImpl (MetricsSystemImpl.java:stop(210)) - Stopping HddsDatanode metrics system...
2019-11-13 22:06:26,227 [main] INFO  impl.MetricsSystemImpl (MetricsSystemImpl.java:stop(216)) - HddsDatanode metrics system stopped.
]]></system-out>
    <system-err><![CDATA[Nov 13, 2019 10:06:21 PM org.apache.ratis.thirdparty.io.grpc.internal.SerializingExecutor run
SEVERE: Exception while executing runnable org.apache.ratis.thirdparty.io.grpc.internal.ServerImpl$JumpToApplicationThreadServerStreamListener$1Closed@58b541a5
org.apache.ratis.thirdparty.io.grpc.StatusRuntimeException: CANCELLED: call already cancelled
	at org.apache.ratis.thirdparty.io.grpc.Status.asRuntimeException(Status.java:517)
	at org.apache.ratis.thirdparty.io.grpc.stub.ServerCalls$ServerCallStreamObserverImpl.onCompleted(ServerCalls.java:356)
	at org.apache.ratis.grpc.server.GrpcServerProtocolService$ServerRequestStreamObserver.onError(GrpcServerProtocolService.java:121)
	at org.apache.ratis.thirdparty.io.grpc.stub.ServerCalls$StreamingServerCallHandler$StreamingServerCallListener.onCancel(ServerCalls.java:269)
	at org.apache.ratis.thirdparty.io.grpc.internal.ServerCallImpl$ServerStreamListenerImpl.closed(ServerCallImpl.java:293)
	at org.apache.ratis.thirdparty.io.grpc.internal.ServerImpl$JumpToApplicationThreadServerStreamListener$1Closed.runInContext(ServerImpl.java:741)
	at org.apache.ratis.thirdparty.io.grpc.internal.ContextRunnable.run(ContextRunnable.java:37)
	at org.apache.ratis.thirdparty.io.grpc.internal.SerializingExecutor.run(SerializingExecutor.java:123)
	at java.util.concurrent.ThreadPoolExecutor.runWorker(ThreadPoolExecutor.java:1149)
	at java.util.concurrent.ThreadPoolExecutor$Worker.run(ThreadPoolExecutor.java:624)
	at java.lang.Thread.run(Thread.java:748)

Nov 13, 2019 10:06:21 PM org.apache.ratis.thirdparty.io.grpc.internal.SerializingExecutor run
SEVERE: Exception while executing runnable org.apache.ratis.thirdparty.io.grpc.internal.ServerImpl$JumpToApplicationThreadServerStreamListener$1Closed@4f03683f
org.apache.ratis.thirdparty.io.grpc.StatusRuntimeException: CANCELLED: call already cancelled
	at org.apache.ratis.thirdparty.io.grpc.Status.asRuntimeException(Status.java:517)
	at org.apache.ratis.thirdparty.io.grpc.stub.ServerCalls$ServerCallStreamObserverImpl.onCompleted(ServerCalls.java:356)
	at org.apache.ratis.grpc.server.GrpcServerProtocolService$ServerRequestStreamObserver.onError(GrpcServerProtocolService.java:121)
	at org.apache.ratis.thirdparty.io.grpc.stub.ServerCalls$StreamingServerCallHandler$StreamingServerCallListener.onCancel(ServerCalls.java:269)
	at org.apache.ratis.thirdparty.io.grpc.internal.ServerCallImpl$ServerStreamListenerImpl.closed(ServerCallImpl.java:293)
	at org.apache.ratis.thirdparty.io.grpc.internal.ServerImpl$JumpToApplicationThreadServerStreamListener$1Closed.runInContext(ServerImpl.java:741)
	at org.apache.ratis.thirdparty.io.grpc.internal.ContextRunnable.run(ContextRunnable.java:37)
	at org.apache.ratis.thirdparty.io.grpc.internal.SerializingExecutor.run(SerializingExecutor.java:123)
	at java.util.concurrent.ThreadPoolExecutor.runWorker(ThreadPoolExecutor.java:1149)
	at java.util.concurrent.ThreadPoolExecutor$Worker.run(ThreadPoolExecutor.java:624)
	at java.lang.Thread.run(Thread.java:748)

]]></system-err>
  </testcase>
</testsuite>