<?xml version="1.0" encoding="UTF-8"?>
<testsuite xmlns:xsi="http://www.w3.org/2001/XMLSchema-instance" xsi:noNamespaceSchemaLocation="https://maven.apache.org/surefire/maven-surefire-plugin/xsd/surefire-test-report.xsd" name="org.apache.hadoop.ozone.freon.TestFreonWithPipelineDestroy" time="52.097" tests="1" errors="1" skipped="0" failures="0">
  <properties>
    <property name="awt.toolkit" value="sun.awt.X11.XToolkit"/>
    <property name="file.encoding.pkg" value="sun.io"/>
    <property name="java.specification.version" value="1.8"/>
    <property name="sun.cpu.isalist" value=""/>
    <property name="sun.jnu.encoding" value="ANSI_X3.4-1968"/>
    <property name="java.class.path" value="/workdir/hadoop-ozone/tools/target/test-classes:/workdir/hadoop-ozone/tools/target/classes:/home/user/.m2/repository/org/apache/hadoop/hadoop-ozone-ozone-manager/0.5.0-SNAPSHOT/hadoop-ozone-ozone-manager-0.5.0-SNAPSHOT.jar:/home/user/.m2/repository/org/apache/hadoop/hadoop-hdds-docs/0.5.0-SNAPSHOT/hadoop-hdds-docs-0.5.0-SNAPSHOT.jar:/home/user/.m2/repository/org/bouncycastle/bcprov-jdk15on/1.60/bcprov-jdk15on-1.60.jar:/home/user/.m2/repository/org/apache/hadoop/hadoop-ozone-common/0.5.0-SNAPSHOT/hadoop-ozone-common-0.5.0-SNAPSHOT.jar:/home/user/.m2/repository/org/apache/commons/commons-compress/1.4.1/commons-compress-1.4.1.jar:/home/user/.m2/repository/org/tukaani/xz/1.0/xz-1.0.jar:/home/user/.m2/repository/org/apache/hadoop/hadoop-hdfs-client/3.2.0/hadoop-hdfs-client-3.2.0.jar:/home/user/.m2/repository/com/fasterxml/jackson/core/jackson-annotations/2.9.9/jackson-annotations-2.9.9.jar:/home/user/.m2/repository/org/apache/hadoop/hadoop-hdds-common/0.5.0-SNAPSHOT/hadoop-hdds-common-0.5.0-SNAPSHOT.jar:/home/user/.m2/repository/org/apache/hadoop/hadoop-hdds-config/0.5.0-SNAPSHOT/hadoop-hdds-config-0.5.0-SNAPSHOT.jar:/home/user/.m2/repository/javax/annotation/javax.annotation-api/1.2/javax.annotation-api-1.2.jar:/home/user/.m2/repository/org/apache/ratis/ratis-server/0.5.0-ced7dbf-SNAPSHOT/ratis-server-0.5.0-ced7dbf-SNAPSHOT.jar:/home/user/.m2/repository/org/apache/ratis/ratis-thirdparty-misc/0.2.0/ratis-thirdparty-misc-0.2.0.jar:/home/user/.m2/repository/org/apache/ratis/ratis-proto/0.5.0-ced7dbf-SNAPSHOT/ratis-proto-0.5.0-ced7dbf-SNAPSHOT.jar:/home/user/.m2/repository/org/apache/ratis/ratis-common/0.5.0-ced7dbf-SNAPSHOT/ratis-common-0.5.0-ced7dbf-SNAPSHOT.jar:/home/user/.m2/repository/org/apache/ratis/ratis-client/0.5.0-ced7dbf-SNAPSHOT/ratis-client-0.5.0-ced7dbf-SNAPSHOT.jar:/home/user/.m2/repository/org/apache/ratis/ratis-metrics/0.5.0-ced7dbf-SNAPSHOT/ratis-metrics-0.5.0-ced7dbf-SNAPSHOT.jar:/home/user/.m2/repository/org/apache/ratis/ratis-netty/0.5.0-ced7dbf-SNAPSHOT/ratis-netty-0.5.0-ced7dbf-SNAPSHOT.jar:/home/user/.m2/repository/org/apache/ratis/ratis-grpc/0.5.0-ced7dbf-SNAPSHOT/ratis-grpc-0.5.0-ced7dbf-SNAPSHOT.jar:/home/user/.m2/repository/org/rocksdb/rocksdbjni/6.0.1/rocksdbjni-6.0.1.jar:/home/user/.m2/repository/org/apache/logging/log4j/log4j-api/2.11.0/log4j-api-2.11.0.jar:/home/user/.m2/repository/org/apache/logging/log4j/log4j-core/2.11.0/log4j-core-2.11.0.jar:/home/user/.m2/repository/com/lmax/disruptor/3.4.2/disruptor-3.4.2.jar:/home/user/.m2/repository/org/apache/commons/commons-pool2/2.6.0/commons-pool2-2.6.0.jar:/home/user/.m2/repository/org/bouncycastle/bcpkix-jdk15on/1.60/bcpkix-jdk15on-1.60.jar:/home/user/.m2/repository/commons-validator/commons-validator/1.6/commons-validator-1.6.jar:/home/user/.m2/repository/commons-digester/commons-digester/1.8.1/commons-digester-1.8.1.jar:/home/user/.m2/repository/io/jaegertracing/jaeger-client/0.34.0/jaeger-client-0.34.0.jar:/home/user/.m2/repository/io/jaegertracing/jaeger-thrift/0.34.0/jaeger-thrift-0.34.0.jar:/home/user/.m2/repository/org/apache/thrift/libthrift/0.12.0/libthrift-0.12.0.jar:/home/user/.m2/repository/com/squareup/okhttp3/okhttp/3.9.0/okhttp-3.9.0.jar:/home/user/.m2/repository/com/squareup/okio/okio/1.13.0/okio-1.13.0.jar:/home/user/.m2/repository/io/jaegertracing/jaeger-core/0.34.0/jaeger-core-0.34.0.jar:/home/user/.m2/repository/io/jaegertracing/jaeger-tracerresolver/0.34.0/jaeger-tracerresolver-0.34.0.jar:/home/user/.m2/repository/io/opentracing/contrib/opentracing-tracerresolver/0.1.5/opentracing-tracerresolver-0.1.5.jar:/home/user/.m2/repository/io/opentracing/opentracing-util/0.31.0/opentracing-util-0.31.0.jar:/home/user/.m2/repository/io/opentracing/opentracing-api/0.31.0/opentracing-api-0.31.0.jar:/home/user/.m2/repository/io/opentracing/opentracing-noop/0.31.0/opentracing-noop-0.31.0.jar:/home/user/.m2/repository/org/yaml/snakeyaml/1.16/snakeyaml-1.16.jar:/home/user/.m2/repository/org/apache/hadoop/hadoop-hdds-container-service/0.5.0-SNAPSHOT/hadoop-hdds-container-service-0.5.0-SNAPSHOT.jar:/home/user/.m2/repository/org/apache/hadoop/hadoop-hdds-client/0.5.0-SNAPSHOT/hadoop-hdds-client-0.5.0-SNAPSHOT.jar:/home/user/.m2/repository/org/apache/hadoop/hadoop-hdds-tools/0.5.0-SNAPSHOT/hadoop-hdds-tools-0.5.0-SNAPSHOT.jar:/home/user/.m2/repository/org/xerial/sqlite-jdbc/3.25.2/sqlite-jdbc-3.25.2.jar:/home/user/.m2/repository/org/apache/hadoop/hadoop-hdds-server-scm/0.5.0-SNAPSHOT/hadoop-hdds-server-scm-0.5.0-SNAPSHOT.jar:/home/user/.m2/repository/org/hamcrest/hamcrest-all/1.3/hamcrest-all-1.3.jar:/home/user/.m2/repository/info/picocli/picocli/3.9.6/picocli-3.9.6.jar:/home/user/.m2/repository/com/google/protobuf/protobuf-java/2.5.0/protobuf-java-2.5.0.jar:/home/user/.m2/repository/com/google/guava/guava/11.0.2/guava-11.0.2.jar:/home/user/.m2/repository/org/apache/hadoop/hadoop-ozone-client/0.5.0-SNAPSHOT/hadoop-ozone-client-0.5.0-SNAPSHOT.jar:/workdir/hadoop-ozone/ozonefs/target/classes:/home/user/.m2/repository/org/apache/httpcomponents/httpclient/4.5.2/httpclient-4.5.2.jar:/home/user/.m2/repository/org/apache/httpcomponents/httpcore/4.4.4/httpcore-4.4.4.jar:/home/user/.m2/repository/org/apache/hadoop/hadoop-hdds-server-framework/0.5.0-SNAPSHOT/hadoop-hdds-server-framework-0.5.0-SNAPSHOT.jar:/home/user/.m2/repository/org/apache/hadoop/hadoop-common/3.2.0/hadoop-common-3.2.0.jar:/home/user/.m2/repository/org/apache/hadoop/hadoop-annotations/3.2.0/hadoop-annotations-3.2.0.jar:/usr/lib/jvm/java-1.8.0-openjdk-1.8.0.222.b10-1.el7_7.x86_64/jre/../lib/tools.jar:/home/user/.m2/repository/commons-cli/commons-cli/1.2/commons-cli-1.2.jar:/home/user/.m2/repository/org/apache/commons/commons-math3/3.1.1/commons-math3-3.1.1.jar:/home/user/.m2/repository/commons-codec/commons-codec/1.11/commons-codec-1.11.jar:/home/user/.m2/repository/commons-io/commons-io/2.5/commons-io-2.5.jar:/home/user/.m2/repository/commons-net/commons-net/3.6/commons-net-3.6.jar:/home/user/.m2/repository/commons-collections/commons-collections/3.2.2/commons-collections-3.2.2.jar:/home/user/.m2/repository/javax/servlet/javax.servlet-api/3.1.0/javax.servlet-api-3.1.0.jar:/home/user/.m2/repository/org/eclipse/jetty/jetty-server/9.3.25.v20180904/jetty-server-9.3.25.v20180904.jar:/home/user/.m2/repository/org/eclipse/jetty/jetty-http/9.3.25.v20180904/jetty-http-9.3.25.v20180904.jar:/home/user/.m2/repository/org/eclipse/jetty/jetty-io/9.3.25.v20180904/jetty-io-9.3.25.v20180904.jar:/home/user/.m2/repository/org/eclipse/jetty/jetty-util/9.3.25.v20180904/jetty-util-9.3.25.v20180904.jar:/home/user/.m2/repository/org/eclipse/jetty/jetty-servlet/9.3.25.v20180904/jetty-servlet-9.3.25.v20180904.jar:/home/user/.m2/repository/org/eclipse/jetty/jetty-security/9.3.25.v20180904/jetty-security-9.3.25.v20180904.jar:/home/user/.m2/repository/org/eclipse/jetty/jetty-webapp/9.3.25.v20180904/jetty-webapp-9.3.25.v20180904.jar:/home/user/.m2/repository/org/eclipse/jetty/jetty-xml/9.3.25.v20180904/jetty-xml-9.3.25.v20180904.jar:/home/user/.m2/repository/javax/servlet/jsp/jsp-api/2.1/jsp-api-2.1.jar:/home/user/.m2/repository/com/sun/jersey/jersey-core/1.19/jersey-core-1.19.jar:/home/user/.m2/repository/javax/ws/rs/jsr311-api/1.1.1/jsr311-api-1.1.1.jar:/home/user/.m2/repository/com/sun/jersey/jersey-servlet/1.19/jersey-servlet-1.19.jar:/home/user/.m2/repository/com/sun/jersey/jersey-json/1.19/jersey-json-1.19.jar:/home/user/.m2/repository/org/codehaus/jettison/jettison/1.1/jettison-1.1.jar:/home/user/.m2/repository/com/sun/xml/bind/jaxb-impl/2.3.0.1/jaxb-impl-2.3.0.1.jar:/home/user/.m2/repository/org/codehaus/jackson/jackson-core-asl/1.9.13/jackson-core-asl-1.9.13.jar:/home/user/.m2/repository/org/codehaus/jackson/jackson-mapper-asl/1.9.13/jackson-mapper-asl-1.9.13.jar:/home/user/.m2/repository/org/codehaus/jackson/jackson-jaxrs/1.9.13/jackson-jaxrs-1.9.13.jar:/home/user/.m2/repository/org/codehaus/jackson/jackson-xc/1.9.13/jackson-xc-1.9.13.jar:/home/user/.m2/repository/com/sun/jersey/jersey-server/1.19/jersey-server-1.19.jar:/home/user/.m2/repository/commons-logging/commons-logging/1.1.3/commons-logging-1.1.3.jar:/home/user/.m2/repository/log4j/log4j/1.2.17/log4j-1.2.17.jar:/home/user/.m2/repository/commons-beanutils/commons-beanutils/1.9.4/commons-beanutils-1.9.4.jar:/home/user/.m2/repository/org/apache/commons/commons-configuration2/2.1.1/commons-configuration2-2.1.1.jar:/home/user/.m2/repository/org/apache/commons/commons-lang3/3.7/commons-lang3-3.7.jar:/home/user/.m2/repository/org/apache/commons/commons-text/1.4/commons-text-1.4.jar:/home/user/.m2/repository/org/slf4j/slf4j-api/1.7.25/slf4j-api-1.7.25.jar:/home/user/.m2/repository/org/slf4j/slf4j-log4j12/1.7.25/slf4j-log4j12-1.7.25.jar:/home/user/.m2/repository/org/apache/avro/avro/1.7.7/avro-1.7.7.jar:/home/user/.m2/repository/com/thoughtworks/paranamer/paranamer/2.3/paranamer-2.3.jar:/home/user/.m2/repository/org/xerial/snappy/snappy-java/1.0.5/snappy-java-1.0.5.jar:/home/user/.m2/repository/com/google/re2j/re2j/1.1/re2j-1.1.jar:/home/user/.m2/repository/com/google/code/gson/gson/2.2.4/gson-2.2.4.jar:/home/user/.m2/repository/org/apache/hadoop/hadoop-auth/3.2.0/hadoop-auth-3.2.0.jar:/home/user/.m2/repository/com/nimbusds/nimbus-jose-jwt/4.41.1/nimbus-jose-jwt-4.41.1.jar:/home/user/.m2/repository/com/github/stephenc/jcip/jcip-annotations/1.0-1/jcip-annotations-1.0-1.jar:/home/user/.m2/repository/net/minidev/json-smart/2.3/json-smart-2.3.jar:/home/user/.m2/repository/net/minidev/accessors-smart/1.2/accessors-smart-1.2.jar:/home/user/.m2/repository/org/apache/curator/curator-framework/2.12.0/curator-framework-2.12.0.jar:/home/user/.m2/repository/com/jcraft/jsch/0.1.54/jsch-0.1.54.jar:/home/user/.m2/repository/org/apache/curator/curator-client/2.12.0/curator-client-2.12.0.jar:/home/user/.m2/repository/org/apache/curator/curator-recipes/2.12.0/curator-recipes-2.12.0.jar:/home/user/.m2/repository/com/google/code/findbugs/jsr305/3.0.0/jsr305-3.0.0.jar:/home/user/.m2/repository/org/apache/htrace/htrace-core4/4.1.0-incubating/htrace-core4-4.1.0-incubating.jar:/home/user/.m2/repository/org/apache/zookeeper/zookeeper/3.4.13/zookeeper-3.4.13.jar:/home/user/.m2/repository/jline/jline/0.9.94/jline-0.9.94.jar:/home/user/.m2/repository/org/apache/yetus/audience-annotations/0.5.0/audience-annotations-0.5.0.jar:/home/user/.m2/repository/org/apache/kerby/kerb-simplekdc/1.0.1/kerb-simplekdc-1.0.1.jar:/home/user/.m2/repository/org/apache/kerby/kerb-client/1.0.1/kerb-client-1.0.1.jar:/home/user/.m2/repository/org/apache/kerby/kerby-config/1.0.1/kerby-config-1.0.1.jar:/home/user/.m2/repository/org/apache/kerby/kerb-core/1.0.1/kerb-core-1.0.1.jar:/home/user/.m2/repository/org/apache/kerby/kerby-pkix/1.0.1/kerby-pkix-1.0.1.jar:/home/user/.m2/repository/org/apache/kerby/kerby-asn1/1.0.1/kerby-asn1-1.0.1.jar:/home/user/.m2/repository/org/apache/kerby/kerby-util/1.0.1/kerby-util-1.0.1.jar:/home/user/.m2/repository/org/apache/kerby/kerb-common/1.0.1/kerb-common-1.0.1.jar:/home/user/.m2/repository/org/apache/kerby/kerb-crypto/1.0.1/kerb-crypto-1.0.1.jar:/home/user/.m2/repository/org/apache/kerby/kerb-util/1.0.1/kerb-util-1.0.1.jar:/home/user/.m2/repository/org/apache/kerby/token-provider/1.0.1/token-provider-1.0.1.jar:/home/user/.m2/repository/org/apache/kerby/kerb-admin/1.0.1/kerb-admin-1.0.1.jar:/home/user/.m2/repository/org/apache/kerby/kerb-server/1.0.1/kerb-server-1.0.1.jar:/home/user/.m2/repository/org/apache/kerby/kerb-identity/1.0.1/kerb-identity-1.0.1.jar:/home/user/.m2/repository/org/apache/kerby/kerby-xdr/1.0.1/kerby-xdr-1.0.1.jar:/home/user/.m2/repository/com/fasterxml/jackson/core/jackson-databind/2.9.9/jackson-databind-2.9.9.jar:/home/user/.m2/repository/com/fasterxml/jackson/core/jackson-core/2.9.9/jackson-core-2.9.9.jar:/home/user/.m2/repository/org/codehaus/woodstox/stax2-api/3.1.4/stax2-api-3.1.4.jar:/home/user/.m2/repository/com/fasterxml/woodstox/woodstox-core/5.0.3/woodstox-core-5.0.3.jar:/home/user/.m2/repository/dnsjava/dnsjava/2.1.7/dnsjava-2.1.7.jar:/home/user/.m2/repository/org/apache/hadoop/hadoop-hdfs/3.2.0/hadoop-hdfs-3.2.0.jar:/home/user/.m2/repository/org/eclipse/jetty/jetty-util-ajax/9.3.25.v20180904/jetty-util-ajax-9.3.25.v20180904.jar:/home/user/.m2/repository/commons-daemon/commons-daemon/1.0.13/commons-daemon-1.0.13.jar:/home/user/.m2/repository/io/netty/netty/3.10.5.Final/netty-3.10.5.Final.jar:/home/user/.m2/repository/io/netty/netty-all/4.0.52.Final/netty-all-4.0.52.Final.jar:/home/user/.m2/repository/org/fusesource/leveldbjni/leveldbjni-all/1.8/leveldbjni-all-1.8.jar:/home/user/.m2/repository/com/sun/xml/bind/jaxb-core/2.3.0.1/jaxb-core-2.3.0.1.jar:/home/user/.m2/repository/javax/xml/bind/jaxb-api/2.3.0/jaxb-api-2.3.0.jar:/home/user/.m2/repository/javax/activation/activation/1.1.1/activation-1.1.1.jar:/home/user/.m2/repository/org/openjdk/jmh/jmh-core/1.19/jmh-core-1.19.jar:/home/user/.m2/repository/net/sf/jopt-simple/jopt-simple/4.6/jopt-simple-4.6.jar:/home/user/.m2/repository/org/openjdk/jmh/jmh-generator-annprocess/1.19/jmh-generator-annprocess-1.19.jar:/home/user/.m2/repository/io/dropwizard/metrics/metrics-core/3.2.4/metrics-core-3.2.4.jar:/home/user/.m2/repository/com/amazonaws/aws-java-sdk-s3/1.11.615/aws-java-sdk-s3-1.11.615.jar:/home/user/.m2/repository/com/amazonaws/aws-java-sdk-kms/1.11.615/aws-java-sdk-kms-1.11.615.jar:/home/user/.m2/repository/com/amazonaws/aws-java-sdk-core/1.11.615/aws-java-sdk-core-1.11.615.jar:/home/user/.m2/repository/software/amazon/ion/ion-java/1.0.2/ion-java-1.0.2.jar:/home/user/.m2/repository/com/fasterxml/jackson/dataformat/jackson-dataformat-cbor/2.9.9/jackson-dataformat-cbor-2.9.9.jar:/home/user/.m2/repository/joda-time/joda-time/2.9.9/joda-time-2.9.9.jar:/home/user/.m2/repository/com/amazonaws/jmespath-java/1.11.615/jmespath-java-1.11.615.jar:/home/user/.m2/repository/com/github/spotbugs/spotbugs/3.1.12/spotbugs-3.1.12.jar:/home/user/.m2/repository/org/ow2/asm/asm/5.0.4/asm-5.0.4.jar:/home/user/.m2/repository/org/ow2/asm/asm-analysis/7.0/asm-analysis-7.0.jar:/home/user/.m2/repository/org/ow2/asm/asm-commons/7.0/asm-commons-7.0.jar:/home/user/.m2/repository/org/ow2/asm/asm-tree/7.0/asm-tree-7.0.jar:/home/user/.m2/repository/org/ow2/asm/asm-util/7.0/asm-util-7.0.jar:/home/user/.m2/repository/org/apache/bcel/bcel/6.3/bcel-6.3.jar:/home/user/.m2/repository/net/jcip/jcip-annotations/1.0/jcip-annotations-1.0.jar:/home/user/.m2/repository/org/dom4j/dom4j/2.1.1/dom4j-2.1.1.jar:/home/user/.m2/repository/jaxen/jaxen/1.1.6/jaxen-1.1.6.jar:/home/user/.m2/repository/commons-lang/commons-lang/2.6/commons-lang-2.6.jar:/home/user/.m2/repository/com/github/spotbugs/spotbugs-annotations/3.1.12/spotbugs-annotations-3.1.12.jar:/home/user/.m2/repository/junit/junit/4.11/junit-4.11.jar:/home/user/.m2/repository/org/hamcrest/hamcrest-core/1.3/hamcrest-core-1.3.jar:/home/user/.m2/repository/org/apache/hadoop/hadoop-common/3.2.0/hadoop-common-3.2.0-tests.jar:/workdir/hadoop-ozone/integration-test/target/test-classes:/home/user/.m2/repository/org/apache/hadoop/hadoop-ozone-s3gateway/0.5.0-SNAPSHOT/hadoop-ozone-s3gateway-0.5.0-SNAPSHOT.jar:/home/user/.m2/repository/org/jboss/weld/servlet/weld-servlet/2.4.7.Final/weld-servlet-2.4.7.Final.jar:/home/user/.m2/repository/org/glassfish/jersey/containers/jersey-container-servlet-core/2.27/jersey-container-servlet-core-2.27.jar:/home/user/.m2/repository/org/glassfish/hk2/external/javax.inject/2.5.0-b42/javax.inject-2.5.0-b42.jar:/home/user/.m2/repository/org/glassfish/jersey/core/jersey-common/2.27/jersey-common-2.27.jar:/home/user/.m2/repository/org/glassfish/hk2/osgi-resource-locator/1.0.1/osgi-resource-locator-1.0.1.jar:/home/user/.m2/repository/javax/ws/rs/javax.ws.rs-api/2.1/javax.ws.rs-api-2.1.jar:/home/user/.m2/repository/org/glassfish/jersey/ext/cdi/jersey-cdi1x/2.27/jersey-cdi1x-2.27.jar:/home/user/.m2/repository/org/glassfish/jersey/inject/jersey-hk2/2.27/jersey-hk2-2.27.jar:/home/user/.m2/repository/org/glassfish/hk2/hk2-locator/2.5.0-b42/hk2-locator-2.5.0-b42.jar:/home/user/.m2/repository/org/javassist/javassist/3.22.0-CR2/javassist-3.22.0-CR2.jar:/home/user/.m2/repository/org/glassfish/hk2/hk2-api/2.5.0/hk2-api-2.5.0.jar:/home/user/.m2/repository/org/glassfish/hk2/external/jakarta.inject/2.5.0/jakarta.inject-2.5.0.jar:/home/user/.m2/repository/org/glassfish/hk2/hk2-utils/2.5.0/hk2-utils-2.5.0.jar:/home/user/.m2/repository/jakarta/annotation/jakarta.annotation-api/1.3.4/jakarta.annotation-api-1.3.4.jar:/home/user/.m2/repository/org/glassfish/hk2/external/aopalliance-repackaged/2.5.0/aopalliance-repackaged-2.5.0.jar:/home/user/.m2/repository/com/fasterxml/jackson/dataformat/jackson-dataformat-xml/2.9.0/jackson-dataformat-xml-2.9.0.jar:/home/user/.m2/repository/com/fasterxml/jackson/module/jackson-module-jaxb-annotations/2.9.9/jackson-module-jaxb-annotations-2.9.9.jar:/home/user/.m2/repository/javax/enterprise/cdi-api/1.2/cdi-api-1.2.jar:/home/user/.m2/repository/javax/el/javax.el-api/3.0.0/javax.el-api-3.0.0.jar:/home/user/.m2/repository/javax/interceptor/javax.interceptor-api/1.2/javax.interceptor-api-1.2.jar:/home/user/.m2/repository/javax/inject/javax.inject/1/javax.inject-1.jar:/home/user/.m2/repository/org/apache/hadoop/hadoop-ozone-csi/0.5.0-SNAPSHOT/hadoop-ozone-csi-0.5.0-SNAPSHOT.jar:/home/user/.m2/repository/com/google/protobuf/protobuf-java-util/3.5.1/protobuf-java-util-3.5.1.jar:/home/user/.m2/repository/io/grpc/grpc-netty/1.17.1/grpc-netty-1.17.1.jar:/home/user/.m2/repository/io/grpc/grpc-core/1.17.1/grpc-core-1.17.1.jar:/home/user/.m2/repository/io/grpc/grpc-context/1.17.1/grpc-context-1.17.1.jar:/home/user/.m2/repository/com/google/errorprone/error_prone_annotations/2.2.0/error_prone_annotations-2.2.0.jar:/home/user/.m2/repository/org/codehaus/mojo/animal-sniffer-annotations/1.17/animal-sniffer-annotations-1.17.jar:/home/user/.m2/repository/io/opencensus/opencensus-api/0.17.0/opencensus-api-0.17.0.jar:/home/user/.m2/repository/io/opencensus/opencensus-contrib-grpc-metrics/0.17.0/opencensus-contrib-grpc-metrics-0.17.0.jar:/home/user/.m2/repository/io/netty/netty-codec-http2/4.1.30.Final/netty-codec-http2-4.1.30.Final.jar:/home/user/.m2/repository/io/netty/netty-codec-http/4.1.30.Final/netty-codec-http-4.1.30.Final.jar:/home/user/.m2/repository/io/netty/netty-codec/4.1.30.Final/netty-codec-4.1.30.Final.jar:/home/user/.m2/repository/io/netty/netty-handler/4.1.30.Final/netty-handler-4.1.30.Final.jar:/home/user/.m2/repository/io/netty/netty-handler-proxy/4.1.30.Final/netty-handler-proxy-4.1.30.Final.jar:/home/user/.m2/repository/io/netty/netty-codec-socks/4.1.30.Final/netty-codec-socks-4.1.30.Final.jar:/home/user/.m2/repository/io/netty/netty-transport-native-epoll/4.1.30.Final/netty-transport-native-epoll-4.1.30.Final.jar:/home/user/.m2/repository/io/netty/netty-common/4.1.30.Final/netty-common-4.1.30.Final.jar:/home/user/.m2/repository/io/netty/netty-buffer/4.1.30.Final/netty-buffer-4.1.30.Final.jar:/home/user/.m2/repository/io/netty/netty-transport/4.1.30.Final/netty-transport-4.1.30.Final.jar:/home/user/.m2/repository/io/netty/netty-resolver/4.1.30.Final/netty-resolver-4.1.30.Final.jar:/home/user/.m2/repository/io/netty/netty-transport-native-unix-common/4.1.30.Final/netty-transport-native-unix-common-4.1.30.Final.jar:/home/user/.m2/repository/io/grpc/grpc-protobuf/1.17.1/grpc-protobuf-1.17.1.jar:/home/user/.m2/repository/com/google/api/grpc/proto-google-common-protos/1.0.0/proto-google-common-protos-1.0.0.jar:/home/user/.m2/repository/io/grpc/grpc-protobuf-lite/1.17.1/grpc-protobuf-lite-1.17.1.jar:/home/user/.m2/repository/io/grpc/grpc-stub/1.17.1/grpc-stub-1.17.1.jar:/home/user/.m2/repository/org/apache/hadoop/hadoop-ozone-recon/0.5.0-SNAPSHOT/hadoop-ozone-recon-0.5.0-SNAPSHOT.jar:/home/user/.m2/repository/org/apache/hadoop/hadoop-ozone-reconcodegen/0.5.0-SNAPSHOT/hadoop-ozone-reconcodegen-0.5.0-SNAPSHOT.jar:/home/user/.m2/repository/com/google/inject/extensions/guice-multibindings/4.0/guice-multibindings-4.0.jar:/home/user/.m2/repository/com/google/inject/guice/4.0/guice-4.0.jar:/home/user/.m2/repository/aopalliance/aopalliance/1.0/aopalliance-1.0.jar:/home/user/.m2/repository/com/google/inject/extensions/guice-servlet/4.0/guice-servlet-4.0.jar:/home/user/.m2/repository/org/glassfish/jersey/containers/jersey-container-servlet/2.27/jersey-container-servlet-2.27.jar:/home/user/.m2/repository/org/glassfish/hk2/guice-bridge/2.5.0/guice-bridge-2.5.0.jar:/home/user/.m2/repository/org/glassfish/jersey/core/jersey-server/2.27/jersey-server-2.27.jar:/home/user/.m2/repository/org/glassfish/jersey/core/jersey-client/2.27/jersey-client-2.27.jar:/home/user/.m2/repository/org/glassfish/jersey/media/jersey-media-jaxb/2.27/jersey-media-jaxb-2.27.jar:/home/user/.m2/repository/javax/validation/validation-api/1.1.0.Final/validation-api-1.1.0.Final.jar:/home/user/.m2/repository/org/glassfish/jersey/media/jersey-media-json-jackson/2.27/jersey-media-json-jackson-2.27.jar:/home/user/.m2/repository/org/glassfish/jersey/ext/jersey-entity-filtering/2.27/jersey-entity-filtering-2.27.jar:/home/user/.m2/repository/com/google/inject/extensions/guice-assistedinject/4.0/guice-assistedinject-4.0.jar:/home/user/.m2/repository/org/jooq/jooq/3.11.10/jooq-3.11.10.jar:/home/user/.m2/repository/org/jooq/jooq-meta/3.11.10/jooq-meta-3.11.10.jar:/home/user/.m2/repository/org/jooq/jooq-codegen/3.11.10/jooq-codegen-3.11.10.jar:/home/user/.m2/repository/com/jolbox/bonecp/0.8.0.RELEASE/bonecp-0.8.0.RELEASE.jar:/home/user/.m2/repository/org/springframework/spring-jdbc/5.1.3.RELEASE/spring-jdbc-5.1.3.RELEASE.jar:/home/user/.m2/repository/org/springframework/spring-beans/5.1.3.RELEASE/spring-beans-5.1.3.RELEASE.jar:/home/user/.m2/repository/org/springframework/spring-core/5.1.3.RELEASE/spring-core-5.1.3.RELEASE.jar:/home/user/.m2/repository/org/springframework/spring-jcl/5.1.3.RELEASE/spring-jcl-5.1.3.RELEASE.jar:/home/user/.m2/repository/org/springframework/spring-tx/5.1.3.RELEASE/spring-tx-5.1.3.RELEASE.jar:/home/user/.m2/repository/org/mockito/mockito-core/2.15.0/mockito-core-2.15.0.jar:/home/user/.m2/repository/net/bytebuddy/byte-buddy/1.7.9/byte-buddy-1.7.9.jar:/home/user/.m2/repository/net/bytebuddy/byte-buddy-agent/1.7.9/byte-buddy-agent-1.7.9.jar:/home/user/.m2/repository/org/objenesis/objenesis/1.0/objenesis-1.0.jar:"/>
    <property name="java.vm.vendor" value="Oracle Corporation"/>
    <property name="sun.arch.data.model" value="64"/>
    <property name="test.build.dir" value="/workdir/hadoop-ozone/tools/target/test-dir"/>
    <property name="test.cache.data" value=""/>
    <property name="java.vendor.url" value="http://java.oracle.com/"/>
    <property name="user.timezone" value=""/>
    <property name="java.vm.specification.version" value="1.8"/>
    <property name="os.name" value="Linux"/>
    <property name="test.build.data" value="/workdir/hadoop-ozone/tools/target/test-dir"/>
    <property name="user.country" value="US"/>
    <property name="sun.java.launcher" value="SUN_STANDARD"/>
    <property name="sun.boot.library.path" value="/usr/lib/jvm/java-1.8.0-openjdk-1.8.0.222.b10-1.el7_7.x86_64/jre/lib/amd64"/>
    <property name="sun.java.command" value="/workdir/hadoop-ozone/tools/target/surefire/surefirebooter7044998440823632060.jar /workdir/hadoop-ozone/tools/target/surefire 2019-10-24T12-03-58_770-jvmRun1 surefire729438768776589629tmp surefire_1015646892420004021542tmp"/>
    <property name="surefire.test.class.path" value="/workdir/hadoop-ozone/tools/target/test-classes:/workdir/hadoop-ozone/tools/target/classes:/home/user/.m2/repository/org/apache/hadoop/hadoop-ozone-ozone-manager/0.5.0-SNAPSHOT/hadoop-ozone-ozone-manager-0.5.0-SNAPSHOT.jar:/home/user/.m2/repository/org/apache/hadoop/hadoop-hdds-docs/0.5.0-SNAPSHOT/hadoop-hdds-docs-0.5.0-SNAPSHOT.jar:/home/user/.m2/repository/org/bouncycastle/bcprov-jdk15on/1.60/bcprov-jdk15on-1.60.jar:/home/user/.m2/repository/org/apache/hadoop/hadoop-ozone-common/0.5.0-SNAPSHOT/hadoop-ozone-common-0.5.0-SNAPSHOT.jar:/home/user/.m2/repository/org/apache/commons/commons-compress/1.4.1/commons-compress-1.4.1.jar:/home/user/.m2/repository/org/tukaani/xz/1.0/xz-1.0.jar:/home/user/.m2/repository/org/apache/hadoop/hadoop-hdfs-client/3.2.0/hadoop-hdfs-client-3.2.0.jar:/home/user/.m2/repository/com/fasterxml/jackson/core/jackson-annotations/2.9.9/jackson-annotations-2.9.9.jar:/home/user/.m2/repository/org/apache/hadoop/hadoop-hdds-common/0.5.0-SNAPSHOT/hadoop-hdds-common-0.5.0-SNAPSHOT.jar:/home/user/.m2/repository/org/apache/hadoop/hadoop-hdds-config/0.5.0-SNAPSHOT/hadoop-hdds-config-0.5.0-SNAPSHOT.jar:/home/user/.m2/repository/javax/annotation/javax.annotation-api/1.2/javax.annotation-api-1.2.jar:/home/user/.m2/repository/org/apache/ratis/ratis-server/0.5.0-ced7dbf-SNAPSHOT/ratis-server-0.5.0-ced7dbf-SNAPSHOT.jar:/home/user/.m2/repository/org/apache/ratis/ratis-thirdparty-misc/0.2.0/ratis-thirdparty-misc-0.2.0.jar:/home/user/.m2/repository/org/apache/ratis/ratis-proto/0.5.0-ced7dbf-SNAPSHOT/ratis-proto-0.5.0-ced7dbf-SNAPSHOT.jar:/home/user/.m2/repository/org/apache/ratis/ratis-common/0.5.0-ced7dbf-SNAPSHOT/ratis-common-0.5.0-ced7dbf-SNAPSHOT.jar:/home/user/.m2/repository/org/apache/ratis/ratis-client/0.5.0-ced7dbf-SNAPSHOT/ratis-client-0.5.0-ced7dbf-SNAPSHOT.jar:/home/user/.m2/repository/org/apache/ratis/ratis-metrics/0.5.0-ced7dbf-SNAPSHOT/ratis-metrics-0.5.0-ced7dbf-SNAPSHOT.jar:/home/user/.m2/repository/org/apache/ratis/ratis-netty/0.5.0-ced7dbf-SNAPSHOT/ratis-netty-0.5.0-ced7dbf-SNAPSHOT.jar:/home/user/.m2/repository/org/apache/ratis/ratis-grpc/0.5.0-ced7dbf-SNAPSHOT/ratis-grpc-0.5.0-ced7dbf-SNAPSHOT.jar:/home/user/.m2/repository/org/rocksdb/rocksdbjni/6.0.1/rocksdbjni-6.0.1.jar:/home/user/.m2/repository/org/apache/logging/log4j/log4j-api/2.11.0/log4j-api-2.11.0.jar:/home/user/.m2/repository/org/apache/logging/log4j/log4j-core/2.11.0/log4j-core-2.11.0.jar:/home/user/.m2/repository/com/lmax/disruptor/3.4.2/disruptor-3.4.2.jar:/home/user/.m2/repository/org/apache/commons/commons-pool2/2.6.0/commons-pool2-2.6.0.jar:/home/user/.m2/repository/org/bouncycastle/bcpkix-jdk15on/1.60/bcpkix-jdk15on-1.60.jar:/home/user/.m2/repository/commons-validator/commons-validator/1.6/commons-validator-1.6.jar:/home/user/.m2/repository/commons-digester/commons-digester/1.8.1/commons-digester-1.8.1.jar:/home/user/.m2/repository/io/jaegertracing/jaeger-client/0.34.0/jaeger-client-0.34.0.jar:/home/user/.m2/repository/io/jaegertracing/jaeger-thrift/0.34.0/jaeger-thrift-0.34.0.jar:/home/user/.m2/repository/org/apache/thrift/libthrift/0.12.0/libthrift-0.12.0.jar:/home/user/.m2/repository/com/squareup/okhttp3/okhttp/3.9.0/okhttp-3.9.0.jar:/home/user/.m2/repository/com/squareup/okio/okio/1.13.0/okio-1.13.0.jar:/home/user/.m2/repository/io/jaegertracing/jaeger-core/0.34.0/jaeger-core-0.34.0.jar:/home/user/.m2/repository/io/jaegertracing/jaeger-tracerresolver/0.34.0/jaeger-tracerresolver-0.34.0.jar:/home/user/.m2/repository/io/opentracing/contrib/opentracing-tracerresolver/0.1.5/opentracing-tracerresolver-0.1.5.jar:/home/user/.m2/repository/io/opentracing/opentracing-util/0.31.0/opentracing-util-0.31.0.jar:/home/user/.m2/repository/io/opentracing/opentracing-api/0.31.0/opentracing-api-0.31.0.jar:/home/user/.m2/repository/io/opentracing/opentracing-noop/0.31.0/opentracing-noop-0.31.0.jar:/home/user/.m2/repository/org/yaml/snakeyaml/1.16/snakeyaml-1.16.jar:/home/user/.m2/repository/org/apache/hadoop/hadoop-hdds-container-service/0.5.0-SNAPSHOT/hadoop-hdds-container-service-0.5.0-SNAPSHOT.jar:/home/user/.m2/repository/org/apache/hadoop/hadoop-hdds-client/0.5.0-SNAPSHOT/hadoop-hdds-client-0.5.0-SNAPSHOT.jar:/home/user/.m2/repository/org/apache/hadoop/hadoop-hdds-tools/0.5.0-SNAPSHOT/hadoop-hdds-tools-0.5.0-SNAPSHOT.jar:/home/user/.m2/repository/org/xerial/sqlite-jdbc/3.25.2/sqlite-jdbc-3.25.2.jar:/home/user/.m2/repository/org/apache/hadoop/hadoop-hdds-server-scm/0.5.0-SNAPSHOT/hadoop-hdds-server-scm-0.5.0-SNAPSHOT.jar:/home/user/.m2/repository/org/hamcrest/hamcrest-all/1.3/hamcrest-all-1.3.jar:/home/user/.m2/repository/info/picocli/picocli/3.9.6/picocli-3.9.6.jar:/home/user/.m2/repository/com/google/protobuf/protobuf-java/2.5.0/protobuf-java-2.5.0.jar:/home/user/.m2/repository/com/google/guava/guava/11.0.2/guava-11.0.2.jar:/home/user/.m2/repository/org/apache/hadoop/hadoop-ozone-client/0.5.0-SNAPSHOT/hadoop-ozone-client-0.5.0-SNAPSHOT.jar:/workdir/hadoop-ozone/ozonefs/target/classes:/home/user/.m2/repository/org/apache/httpcomponents/httpclient/4.5.2/httpclient-4.5.2.jar:/home/user/.m2/repository/org/apache/httpcomponents/httpcore/4.4.4/httpcore-4.4.4.jar:/home/user/.m2/repository/org/apache/hadoop/hadoop-hdds-server-framework/0.5.0-SNAPSHOT/hadoop-hdds-server-framework-0.5.0-SNAPSHOT.jar:/home/user/.m2/repository/org/apache/hadoop/hadoop-common/3.2.0/hadoop-common-3.2.0.jar:/home/user/.m2/repository/org/apache/hadoop/hadoop-annotations/3.2.0/hadoop-annotations-3.2.0.jar:/usr/lib/jvm/java-1.8.0-openjdk-1.8.0.222.b10-1.el7_7.x86_64/jre/../lib/tools.jar:/home/user/.m2/repository/commons-cli/commons-cli/1.2/commons-cli-1.2.jar:/home/user/.m2/repository/org/apache/commons/commons-math3/3.1.1/commons-math3-3.1.1.jar:/home/user/.m2/repository/commons-codec/commons-codec/1.11/commons-codec-1.11.jar:/home/user/.m2/repository/commons-io/commons-io/2.5/commons-io-2.5.jar:/home/user/.m2/repository/commons-net/commons-net/3.6/commons-net-3.6.jar:/home/user/.m2/repository/commons-collections/commons-collections/3.2.2/commons-collections-3.2.2.jar:/home/user/.m2/repository/javax/servlet/javax.servlet-api/3.1.0/javax.servlet-api-3.1.0.jar:/home/user/.m2/repository/org/eclipse/jetty/jetty-server/9.3.25.v20180904/jetty-server-9.3.25.v20180904.jar:/home/user/.m2/repository/org/eclipse/jetty/jetty-http/9.3.25.v20180904/jetty-http-9.3.25.v20180904.jar:/home/user/.m2/repository/org/eclipse/jetty/jetty-io/9.3.25.v20180904/jetty-io-9.3.25.v20180904.jar:/home/user/.m2/repository/org/eclipse/jetty/jetty-util/9.3.25.v20180904/jetty-util-9.3.25.v20180904.jar:/home/user/.m2/repository/org/eclipse/jetty/jetty-servlet/9.3.25.v20180904/jetty-servlet-9.3.25.v20180904.jar:/home/user/.m2/repository/org/eclipse/jetty/jetty-security/9.3.25.v20180904/jetty-security-9.3.25.v20180904.jar:/home/user/.m2/repository/org/eclipse/jetty/jetty-webapp/9.3.25.v20180904/jetty-webapp-9.3.25.v20180904.jar:/home/user/.m2/repository/org/eclipse/jetty/jetty-xml/9.3.25.v20180904/jetty-xml-9.3.25.v20180904.jar:/home/user/.m2/repository/javax/servlet/jsp/jsp-api/2.1/jsp-api-2.1.jar:/home/user/.m2/repository/com/sun/jersey/jersey-core/1.19/jersey-core-1.19.jar:/home/user/.m2/repository/javax/ws/rs/jsr311-api/1.1.1/jsr311-api-1.1.1.jar:/home/user/.m2/repository/com/sun/jersey/jersey-servlet/1.19/jersey-servlet-1.19.jar:/home/user/.m2/repository/com/sun/jersey/jersey-json/1.19/jersey-json-1.19.jar:/home/user/.m2/repository/org/codehaus/jettison/jettison/1.1/jettison-1.1.jar:/home/user/.m2/repository/com/sun/xml/bind/jaxb-impl/2.3.0.1/jaxb-impl-2.3.0.1.jar:/home/user/.m2/repository/org/codehaus/jackson/jackson-core-asl/1.9.13/jackson-core-asl-1.9.13.jar:/home/user/.m2/repository/org/codehaus/jackson/jackson-mapper-asl/1.9.13/jackson-mapper-asl-1.9.13.jar:/home/user/.m2/repository/org/codehaus/jackson/jackson-jaxrs/1.9.13/jackson-jaxrs-1.9.13.jar:/home/user/.m2/repository/org/codehaus/jackson/jackson-xc/1.9.13/jackson-xc-1.9.13.jar:/home/user/.m2/repository/com/sun/jersey/jersey-server/1.19/jersey-server-1.19.jar:/home/user/.m2/repository/commons-logging/commons-logging/1.1.3/commons-logging-1.1.3.jar:/home/user/.m2/repository/log4j/log4j/1.2.17/log4j-1.2.17.jar:/home/user/.m2/repository/commons-beanutils/commons-beanutils/1.9.4/commons-beanutils-1.9.4.jar:/home/user/.m2/repository/org/apache/commons/commons-configuration2/2.1.1/commons-configuration2-2.1.1.jar:/home/user/.m2/repository/org/apache/commons/commons-lang3/3.7/commons-lang3-3.7.jar:/home/user/.m2/repository/org/apache/commons/commons-text/1.4/commons-text-1.4.jar:/home/user/.m2/repository/org/slf4j/slf4j-api/1.7.25/slf4j-api-1.7.25.jar:/home/user/.m2/repository/org/slf4j/slf4j-log4j12/1.7.25/slf4j-log4j12-1.7.25.jar:/home/user/.m2/repository/org/apache/avro/avro/1.7.7/avro-1.7.7.jar:/home/user/.m2/repository/com/thoughtworks/paranamer/paranamer/2.3/paranamer-2.3.jar:/home/user/.m2/repository/org/xerial/snappy/snappy-java/1.0.5/snappy-java-1.0.5.jar:/home/user/.m2/repository/com/google/re2j/re2j/1.1/re2j-1.1.jar:/home/user/.m2/repository/com/google/code/gson/gson/2.2.4/gson-2.2.4.jar:/home/user/.m2/repository/org/apache/hadoop/hadoop-auth/3.2.0/hadoop-auth-3.2.0.jar:/home/user/.m2/repository/com/nimbusds/nimbus-jose-jwt/4.41.1/nimbus-jose-jwt-4.41.1.jar:/home/user/.m2/repository/com/github/stephenc/jcip/jcip-annotations/1.0-1/jcip-annotations-1.0-1.jar:/home/user/.m2/repository/net/minidev/json-smart/2.3/json-smart-2.3.jar:/home/user/.m2/repository/net/minidev/accessors-smart/1.2/accessors-smart-1.2.jar:/home/user/.m2/repository/org/apache/curator/curator-framework/2.12.0/curator-framework-2.12.0.jar:/home/user/.m2/repository/com/jcraft/jsch/0.1.54/jsch-0.1.54.jar:/home/user/.m2/repository/org/apache/curator/curator-client/2.12.0/curator-client-2.12.0.jar:/home/user/.m2/repository/org/apache/curator/curator-recipes/2.12.0/curator-recipes-2.12.0.jar:/home/user/.m2/repository/com/google/code/findbugs/jsr305/3.0.0/jsr305-3.0.0.jar:/home/user/.m2/repository/org/apache/htrace/htrace-core4/4.1.0-incubating/htrace-core4-4.1.0-incubating.jar:/home/user/.m2/repository/org/apache/zookeeper/zookeeper/3.4.13/zookeeper-3.4.13.jar:/home/user/.m2/repository/jline/jline/0.9.94/jline-0.9.94.jar:/home/user/.m2/repository/org/apache/yetus/audience-annotations/0.5.0/audience-annotations-0.5.0.jar:/home/user/.m2/repository/org/apache/kerby/kerb-simplekdc/1.0.1/kerb-simplekdc-1.0.1.jar:/home/user/.m2/repository/org/apache/kerby/kerb-client/1.0.1/kerb-client-1.0.1.jar:/home/user/.m2/repository/org/apache/kerby/kerby-config/1.0.1/kerby-config-1.0.1.jar:/home/user/.m2/repository/org/apache/kerby/kerb-core/1.0.1/kerb-core-1.0.1.jar:/home/user/.m2/repository/org/apache/kerby/kerby-pkix/1.0.1/kerby-pkix-1.0.1.jar:/home/user/.m2/repository/org/apache/kerby/kerby-asn1/1.0.1/kerby-asn1-1.0.1.jar:/home/user/.m2/repository/org/apache/kerby/kerby-util/1.0.1/kerby-util-1.0.1.jar:/home/user/.m2/repository/org/apache/kerby/kerb-common/1.0.1/kerb-common-1.0.1.jar:/home/user/.m2/repository/org/apache/kerby/kerb-crypto/1.0.1/kerb-crypto-1.0.1.jar:/home/user/.m2/repository/org/apache/kerby/kerb-util/1.0.1/kerb-util-1.0.1.jar:/home/user/.m2/repository/org/apache/kerby/token-provider/1.0.1/token-provider-1.0.1.jar:/home/user/.m2/repository/org/apache/kerby/kerb-admin/1.0.1/kerb-admin-1.0.1.jar:/home/user/.m2/repository/org/apache/kerby/kerb-server/1.0.1/kerb-server-1.0.1.jar:/home/user/.m2/repository/org/apache/kerby/kerb-identity/1.0.1/kerb-identity-1.0.1.jar:/home/user/.m2/repository/org/apache/kerby/kerby-xdr/1.0.1/kerby-xdr-1.0.1.jar:/home/user/.m2/repository/com/fasterxml/jackson/core/jackson-databind/2.9.9/jackson-databind-2.9.9.jar:/home/user/.m2/repository/com/fasterxml/jackson/core/jackson-core/2.9.9/jackson-core-2.9.9.jar:/home/user/.m2/repository/org/codehaus/woodstox/stax2-api/3.1.4/stax2-api-3.1.4.jar:/home/user/.m2/repository/com/fasterxml/woodstox/woodstox-core/5.0.3/woodstox-core-5.0.3.jar:/home/user/.m2/repository/dnsjava/dnsjava/2.1.7/dnsjava-2.1.7.jar:/home/user/.m2/repository/org/apache/hadoop/hadoop-hdfs/3.2.0/hadoop-hdfs-3.2.0.jar:/home/user/.m2/repository/org/eclipse/jetty/jetty-util-ajax/9.3.25.v20180904/jetty-util-ajax-9.3.25.v20180904.jar:/home/user/.m2/repository/commons-daemon/commons-daemon/1.0.13/commons-daemon-1.0.13.jar:/home/user/.m2/repository/io/netty/netty/3.10.5.Final/netty-3.10.5.Final.jar:/home/user/.m2/repository/io/netty/netty-all/4.0.52.Final/netty-all-4.0.52.Final.jar:/home/user/.m2/repository/org/fusesource/leveldbjni/leveldbjni-all/1.8/leveldbjni-all-1.8.jar:/home/user/.m2/repository/com/sun/xml/bind/jaxb-core/2.3.0.1/jaxb-core-2.3.0.1.jar:/home/user/.m2/repository/javax/xml/bind/jaxb-api/2.3.0/jaxb-api-2.3.0.jar:/home/user/.m2/repository/javax/activation/activation/1.1.1/activation-1.1.1.jar:/home/user/.m2/repository/org/openjdk/jmh/jmh-core/1.19/jmh-core-1.19.jar:/home/user/.m2/repository/net/sf/jopt-simple/jopt-simple/4.6/jopt-simple-4.6.jar:/home/user/.m2/repository/org/openjdk/jmh/jmh-generator-annprocess/1.19/jmh-generator-annprocess-1.19.jar:/home/user/.m2/repository/io/dropwizard/metrics/metrics-core/3.2.4/metrics-core-3.2.4.jar:/home/user/.m2/repository/com/amazonaws/aws-java-sdk-s3/1.11.615/aws-java-sdk-s3-1.11.615.jar:/home/user/.m2/repository/com/amazonaws/aws-java-sdk-kms/1.11.615/aws-java-sdk-kms-1.11.615.jar:/home/user/.m2/repository/com/amazonaws/aws-java-sdk-core/1.11.615/aws-java-sdk-core-1.11.615.jar:/home/user/.m2/repository/software/amazon/ion/ion-java/1.0.2/ion-java-1.0.2.jar:/home/user/.m2/repository/com/fasterxml/jackson/dataformat/jackson-dataformat-cbor/2.9.9/jackson-dataformat-cbor-2.9.9.jar:/home/user/.m2/repository/joda-time/joda-time/2.9.9/joda-time-2.9.9.jar:/home/user/.m2/repository/com/amazonaws/jmespath-java/1.11.615/jmespath-java-1.11.615.jar:/home/user/.m2/repository/com/github/spotbugs/spotbugs/3.1.12/spotbugs-3.1.12.jar:/home/user/.m2/repository/org/ow2/asm/asm/5.0.4/asm-5.0.4.jar:/home/user/.m2/repository/org/ow2/asm/asm-analysis/7.0/asm-analysis-7.0.jar:/home/user/.m2/repository/org/ow2/asm/asm-commons/7.0/asm-commons-7.0.jar:/home/user/.m2/repository/org/ow2/asm/asm-tree/7.0/asm-tree-7.0.jar:/home/user/.m2/repository/org/ow2/asm/asm-util/7.0/asm-util-7.0.jar:/home/user/.m2/repository/org/apache/bcel/bcel/6.3/bcel-6.3.jar:/home/user/.m2/repository/net/jcip/jcip-annotations/1.0/jcip-annotations-1.0.jar:/home/user/.m2/repository/org/dom4j/dom4j/2.1.1/dom4j-2.1.1.jar:/home/user/.m2/repository/jaxen/jaxen/1.1.6/jaxen-1.1.6.jar:/home/user/.m2/repository/commons-lang/commons-lang/2.6/commons-lang-2.6.jar:/home/user/.m2/repository/com/github/spotbugs/spotbugs-annotations/3.1.12/spotbugs-annotations-3.1.12.jar:/home/user/.m2/repository/junit/junit/4.11/junit-4.11.jar:/home/user/.m2/repository/org/hamcrest/hamcrest-core/1.3/hamcrest-core-1.3.jar:/home/user/.m2/repository/org/apache/hadoop/hadoop-common/3.2.0/hadoop-common-3.2.0-tests.jar:/workdir/hadoop-ozone/integration-test/target/test-classes:/home/user/.m2/repository/org/apache/hadoop/hadoop-ozone-s3gateway/0.5.0-SNAPSHOT/hadoop-ozone-s3gateway-0.5.0-SNAPSHOT.jar:/home/user/.m2/repository/org/jboss/weld/servlet/weld-servlet/2.4.7.Final/weld-servlet-2.4.7.Final.jar:/home/user/.m2/repository/org/glassfish/jersey/containers/jersey-container-servlet-core/2.27/jersey-container-servlet-core-2.27.jar:/home/user/.m2/repository/org/glassfish/hk2/external/javax.inject/2.5.0-b42/javax.inject-2.5.0-b42.jar:/home/user/.m2/repository/org/glassfish/jersey/core/jersey-common/2.27/jersey-common-2.27.jar:/home/user/.m2/repository/org/glassfish/hk2/osgi-resource-locator/1.0.1/osgi-resource-locator-1.0.1.jar:/home/user/.m2/repository/javax/ws/rs/javax.ws.rs-api/2.1/javax.ws.rs-api-2.1.jar:/home/user/.m2/repository/org/glassfish/jersey/ext/cdi/jersey-cdi1x/2.27/jersey-cdi1x-2.27.jar:/home/user/.m2/repository/org/glassfish/jersey/inject/jersey-hk2/2.27/jersey-hk2-2.27.jar:/home/user/.m2/repository/org/glassfish/hk2/hk2-locator/2.5.0-b42/hk2-locator-2.5.0-b42.jar:/home/user/.m2/repository/org/javassist/javassist/3.22.0-CR2/javassist-3.22.0-CR2.jar:/home/user/.m2/repository/org/glassfish/hk2/hk2-api/2.5.0/hk2-api-2.5.0.jar:/home/user/.m2/repository/org/glassfish/hk2/external/jakarta.inject/2.5.0/jakarta.inject-2.5.0.jar:/home/user/.m2/repository/org/glassfish/hk2/hk2-utils/2.5.0/hk2-utils-2.5.0.jar:/home/user/.m2/repository/jakarta/annotation/jakarta.annotation-api/1.3.4/jakarta.annotation-api-1.3.4.jar:/home/user/.m2/repository/org/glassfish/hk2/external/aopalliance-repackaged/2.5.0/aopalliance-repackaged-2.5.0.jar:/home/user/.m2/repository/com/fasterxml/jackson/dataformat/jackson-dataformat-xml/2.9.0/jackson-dataformat-xml-2.9.0.jar:/home/user/.m2/repository/com/fasterxml/jackson/module/jackson-module-jaxb-annotations/2.9.9/jackson-module-jaxb-annotations-2.9.9.jar:/home/user/.m2/repository/javax/enterprise/cdi-api/1.2/cdi-api-1.2.jar:/home/user/.m2/repository/javax/el/javax.el-api/3.0.0/javax.el-api-3.0.0.jar:/home/user/.m2/repository/javax/interceptor/javax.interceptor-api/1.2/javax.interceptor-api-1.2.jar:/home/user/.m2/repository/javax/inject/javax.inject/1/javax.inject-1.jar:/home/user/.m2/repository/org/apache/hadoop/hadoop-ozone-csi/0.5.0-SNAPSHOT/hadoop-ozone-csi-0.5.0-SNAPSHOT.jar:/home/user/.m2/repository/com/google/protobuf/protobuf-java-util/3.5.1/protobuf-java-util-3.5.1.jar:/home/user/.m2/repository/io/grpc/grpc-netty/1.17.1/grpc-netty-1.17.1.jar:/home/user/.m2/repository/io/grpc/grpc-core/1.17.1/grpc-core-1.17.1.jar:/home/user/.m2/repository/io/grpc/grpc-context/1.17.1/grpc-context-1.17.1.jar:/home/user/.m2/repository/com/google/errorprone/error_prone_annotations/2.2.0/error_prone_annotations-2.2.0.jar:/home/user/.m2/repository/org/codehaus/mojo/animal-sniffer-annotations/1.17/animal-sniffer-annotations-1.17.jar:/home/user/.m2/repository/io/opencensus/opencensus-api/0.17.0/opencensus-api-0.17.0.jar:/home/user/.m2/repository/io/opencensus/opencensus-contrib-grpc-metrics/0.17.0/opencensus-contrib-grpc-metrics-0.17.0.jar:/home/user/.m2/repository/io/netty/netty-codec-http2/4.1.30.Final/netty-codec-http2-4.1.30.Final.jar:/home/user/.m2/repository/io/netty/netty-codec-http/4.1.30.Final/netty-codec-http-4.1.30.Final.jar:/home/user/.m2/repository/io/netty/netty-codec/4.1.30.Final/netty-codec-4.1.30.Final.jar:/home/user/.m2/repository/io/netty/netty-handler/4.1.30.Final/netty-handler-4.1.30.Final.jar:/home/user/.m2/repository/io/netty/netty-handler-proxy/4.1.30.Final/netty-handler-proxy-4.1.30.Final.jar:/home/user/.m2/repository/io/netty/netty-codec-socks/4.1.30.Final/netty-codec-socks-4.1.30.Final.jar:/home/user/.m2/repository/io/netty/netty-transport-native-epoll/4.1.30.Final/netty-transport-native-epoll-4.1.30.Final.jar:/home/user/.m2/repository/io/netty/netty-common/4.1.30.Final/netty-common-4.1.30.Final.jar:/home/user/.m2/repository/io/netty/netty-buffer/4.1.30.Final/netty-buffer-4.1.30.Final.jar:/home/user/.m2/repository/io/netty/netty-transport/4.1.30.Final/netty-transport-4.1.30.Final.jar:/home/user/.m2/repository/io/netty/netty-resolver/4.1.30.Final/netty-resolver-4.1.30.Final.jar:/home/user/.m2/repository/io/netty/netty-transport-native-unix-common/4.1.30.Final/netty-transport-native-unix-common-4.1.30.Final.jar:/home/user/.m2/repository/io/grpc/grpc-protobuf/1.17.1/grpc-protobuf-1.17.1.jar:/home/user/.m2/repository/com/google/api/grpc/proto-google-common-protos/1.0.0/proto-google-common-protos-1.0.0.jar:/home/user/.m2/repository/io/grpc/grpc-protobuf-lite/1.17.1/grpc-protobuf-lite-1.17.1.jar:/home/user/.m2/repository/io/grpc/grpc-stub/1.17.1/grpc-stub-1.17.1.jar:/home/user/.m2/repository/org/apache/hadoop/hadoop-ozone-recon/0.5.0-SNAPSHOT/hadoop-ozone-recon-0.5.0-SNAPSHOT.jar:/home/user/.m2/repository/org/apache/hadoop/hadoop-ozone-reconcodegen/0.5.0-SNAPSHOT/hadoop-ozone-reconcodegen-0.5.0-SNAPSHOT.jar:/home/user/.m2/repository/com/google/inject/extensions/guice-multibindings/4.0/guice-multibindings-4.0.jar:/home/user/.m2/repository/com/google/inject/guice/4.0/guice-4.0.jar:/home/user/.m2/repository/aopalliance/aopalliance/1.0/aopalliance-1.0.jar:/home/user/.m2/repository/com/google/inject/extensions/guice-servlet/4.0/guice-servlet-4.0.jar:/home/user/.m2/repository/org/glassfish/jersey/containers/jersey-container-servlet/2.27/jersey-container-servlet-2.27.jar:/home/user/.m2/repository/org/glassfish/hk2/guice-bridge/2.5.0/guice-bridge-2.5.0.jar:/home/user/.m2/repository/org/glassfish/jersey/core/jersey-server/2.27/jersey-server-2.27.jar:/home/user/.m2/repository/org/glassfish/jersey/core/jersey-client/2.27/jersey-client-2.27.jar:/home/user/.m2/repository/org/glassfish/jersey/media/jersey-media-jaxb/2.27/jersey-media-jaxb-2.27.jar:/home/user/.m2/repository/javax/validation/validation-api/1.1.0.Final/validation-api-1.1.0.Final.jar:/home/user/.m2/repository/org/glassfish/jersey/media/jersey-media-json-jackson/2.27/jersey-media-json-jackson-2.27.jar:/home/user/.m2/repository/org/glassfish/jersey/ext/jersey-entity-filtering/2.27/jersey-entity-filtering-2.27.jar:/home/user/.m2/repository/com/google/inject/extensions/guice-assistedinject/4.0/guice-assistedinject-4.0.jar:/home/user/.m2/repository/org/jooq/jooq/3.11.10/jooq-3.11.10.jar:/home/user/.m2/repository/org/jooq/jooq-meta/3.11.10/jooq-meta-3.11.10.jar:/home/user/.m2/repository/org/jooq/jooq-codegen/3.11.10/jooq-codegen-3.11.10.jar:/home/user/.m2/repository/com/jolbox/bonecp/0.8.0.RELEASE/bonecp-0.8.0.RELEASE.jar:/home/user/.m2/repository/org/springframework/spring-jdbc/5.1.3.RELEASE/spring-jdbc-5.1.3.RELEASE.jar:/home/user/.m2/repository/org/springframework/spring-beans/5.1.3.RELEASE/spring-beans-5.1.3.RELEASE.jar:/home/user/.m2/repository/org/springframework/spring-core/5.1.3.RELEASE/spring-core-5.1.3.RELEASE.jar:/home/user/.m2/repository/org/springframework/spring-jcl/5.1.3.RELEASE/spring-jcl-5.1.3.RELEASE.jar:/home/user/.m2/repository/org/springframework/spring-tx/5.1.3.RELEASE/spring-tx-5.1.3.RELEASE.jar:/home/user/.m2/repository/org/mockito/mockito-core/2.15.0/mockito-core-2.15.0.jar:/home/user/.m2/repository/net/bytebuddy/byte-buddy/1.7.9/byte-buddy-1.7.9.jar:/home/user/.m2/repository/net/bytebuddy/byte-buddy-agent/1.7.9/byte-buddy-agent-1.7.9.jar:/home/user/.m2/repository/org/objenesis/objenesis/1.0/objenesis-1.0.jar:"/>
    <property name="sun.cpu.endian" value="little"/>
    <property name="user.home" value="/home/user"/>
    <property name="user.language" value="en"/>
    <property name="java.specification.vendor" value="Oracle Corporation"/>
    <property name="java.home" value="/usr/lib/jvm/java-1.8.0-openjdk-1.8.0.222.b10-1.el7_7.x86_64/jre"/>
    <property name="surefire.excludesFile" value="/tools/ozone-bad-unit-tests"/>
    <property name="java.security.krb5.conf" value="/workdir/hadoop-ozone/tools/target/test-classes/krb5.conf"/>
    <property name="basedir" value="/workdir/hadoop-ozone/tools"/>
    <property name="file.separator" value="/"/>
    <property name="line.separator" value="&#10;"/>
    <property name="java.vm.specification.vendor" value="Oracle Corporation"/>
    <property name="java.specification.name" value="Java Platform API Specification"/>
    <property name="java.awt.graphicsenv" value="sun.awt.X11GraphicsEnvironment"/>
    <property name="surefire.real.class.path" value="/workdir/hadoop-ozone/tools/target/surefire/surefirebooter7044998440823632060.jar"/>
    <property name="hadoop.log.dir" value="/workdir/hadoop-ozone/tools/target/log"/>
    <property name="sun.boot.class.path" value="/usr/lib/jvm/java-1.8.0-openjdk-1.8.0.222.b10-1.el7_7.x86_64/jre/lib/resources.jar:/usr/lib/jvm/java-1.8.0-openjdk-1.8.0.222.b10-1.el7_7.x86_64/jre/lib/rt.jar:/usr/lib/jvm/java-1.8.0-openjdk-1.8.0.222.b10-1.el7_7.x86_64/jre/lib/sunrsasign.jar:/usr/lib/jvm/java-1.8.0-openjdk-1.8.0.222.b10-1.el7_7.x86_64/jre/lib/jsse.jar:/usr/lib/jvm/java-1.8.0-openjdk-1.8.0.222.b10-1.el7_7.x86_64/jre/lib/jce.jar:/usr/lib/jvm/java-1.8.0-openjdk-1.8.0.222.b10-1.el7_7.x86_64/jre/lib/charsets.jar:/usr/lib/jvm/java-1.8.0-openjdk-1.8.0.222.b10-1.el7_7.x86_64/jre/lib/jfr.jar:/usr/lib/jvm/java-1.8.0-openjdk-1.8.0.222.b10-1.el7_7.x86_64/jre/classes"/>
    <property name="sun.management.compiler" value="HotSpot 64-Bit Tiered Compilers"/>
    <property name="java.runtime.version" value="1.8.0_222-b10"/>
    <property name="java.net.preferIPv4Stack" value="true"/>
    <property name="user.name" value="jenkins1000"/>
    <property name="path.separator" value=":"/>
    <property name="java.security.egd" value="file:///dev/urandom"/>
    <property name="os.version" value="3.10.0-957.12.2.el7.x86_64"/>
    <property name="java.endorsed.dirs" value="/usr/lib/jvm/java-1.8.0-openjdk-1.8.0.222.b10-1.el7_7.x86_64/jre/lib/endorsed"/>
    <property name="java.runtime.name" value="OpenJDK Runtime Environment"/>
    <property name="file.encoding" value="ANSI_X3.4-1968"/>
    <property name="java.vm.name" value="OpenJDK 64-Bit Server VM"/>
    <property name="test.build.webapps" value=""/>
    <property name="localRepository" value="/home/user/.m2/repository"/>
    <property name="java.vendor.url.bug" value="http://bugreport.sun.com/bugreport/"/>
    <property name="java.io.tmpdir" value="/tmp"/>
    <property name="require.test.libhadoop" value=""/>
    <property name="java.version" value="1.8.0_222"/>
    <property name="user.dir" value="/workdir/hadoop-ozone/tools"/>
    <property name="os.arch" value="amd64"/>
    <property name="java.vm.specification.name" value="Java Virtual Machine Specification"/>
    <property name="test.build.classes" value="/workdir/hadoop-ozone/tools/target/test-classes"/>
    <property name="java.awt.printerjob" value="sun.print.PSPrinterJob"/>
    <property name="sun.os.patch.level" value="unknown"/>
    <property name="hadoop.tmp.dir" value="/workdir/hadoop-ozone/tools/target/tmp"/>
    <property name="java.library.path" value="/usr/lib:/workdir/hadoop-ozone/tools/target/native/target/usr/local/lib:/workdir/hadoop-ozone/tools/../../hadoop-common-project/hadoop-common/target/native/target/usr/local/lib:/usr/java/packages/lib/amd64:/usr/lib64:/lib64:/lib:/usr/lib"/>
    <property name="java.vm.info" value="mixed mode"/>
    <property name="java.vendor" value="Oracle Corporation"/>
    <property name="java.vm.version" value="25.222-b10"/>
    <property name="java.ext.dirs" value="/usr/lib/jvm/java-1.8.0-openjdk-1.8.0.222.b10-1.el7_7.x86_64/jre/lib/ext:/usr/java/packages/lib/ext"/>
    <property name="sun.io.unicode.encoding" value="UnicodeLittle"/>
    <property name="java.class.version" value="52.0"/>
  </properties>
  <testcase name="testRestart" classname="org.apache.hadoop.ozone.freon.TestFreonWithPipelineDestroy" time="25.184">
    <error message="INTERNAL_ERROR org.apache.hadoop.ozone.om.exceptions.OMException: org.apache.hadoop.hdds.scm.exceptions.SCMException: Allocated 0 blocks. Requested 5 blocks&#10;	at org.apache.hadoop.hdds.scm.protocolPB.ScmBlockLocationProtocolClientSideTranslatorPB.handleError(ScmBlockLocationProtocolClientSideTranslatorPB.java:118)&#10;	at org.apache.hadoop.hdds.scm.protocolPB.ScmBlockLocationProtocolClientSideTranslatorPB.allocateBlock(ScmBlockLocationProtocolClientSideTranslatorPB.java:156)&#10;	at sun.reflect.NativeMethodAccessorImpl.invoke0(Native Method)&#10;	at sun.reflect.NativeMethodAccessorImpl.invoke(NativeMethodAccessorImpl.java:62)&#10;	at sun.reflect.DelegatingMethodAccessorImpl.invoke(DelegatingMethodAccessorImpl.java:43)&#10;	at java.lang.reflect.Method.invoke(Method.java:498)&#10;	at org.apache.hadoop.hdds.tracing.TraceAllMethod.invoke(TraceAllMethod.java:66)&#10;	at com.sun.proxy.$Proxy27.allocateBlock(Unknown Source)&#10;	at org.apache.hadoop.ozone.om.request.key.OMKeyRequest.allocateBlock(OMKeyRequest.java:129)&#10;	at org.apache.hadoop.ozone.om.request.key.OMKeyCreateRequest.preExecute(OMKeyCreateRequest.java:116)&#10;	at org.apache.hadoop.ozone.protocolPB.OzoneManagerProtocolServerSideTranslatorPB.submitRequestDirectlyToOM(OzoneManagerProtocolServerSideTranslatorPB.java:225)&#10;	at org.apache.hadoop.ozone.protocolPB.OzoneManagerProtocolServerSideTranslatorPB.processRequest(OzoneManagerProtocolServerSideTranslatorPB.java:134)&#10;	at org.apache.hadoop.hdds.server.OzoneProtocolMessageDispatcher.processRequest(OzoneProtocolMessageDispatcher.java:72)&#10;	at org.apache.hadoop.ozone.protocolPB.OzoneManagerProtocolServerSideTranslatorPB.submitRequest(OzoneManagerProtocolServerSideTranslatorPB.java:102)&#10;	at org.apache.hadoop.ozone.protocol.proto.OzoneManagerProtocolProtos$OzoneManagerService$2.callBlockingMethod(OzoneManagerProtocolProtos.java)&#10;	at org.apache.hadoop.ipc.ProtobufRpcEngine$Server$ProtoBufRpcInvoker.call(ProtobufRpcEngine.java:524)&#10;	at org.apache.hadoop.ipc.RPC$Server.call(RPC.java:1025)&#10;	at org.apache.hadoop.ipc.Server$RpcCall.run(Server.java:876)&#10;	at org.apache.hadoop.ipc.Server$RpcCall.run(Server.java:822)&#10;	at java.security.AccessController.doPrivileged(Native Method)&#10;	at javax.security.auth.Subject.doAs(Subject.java:422)&#10;	at org.apache.hadoop.security.UserGroupInformation.doAs(UserGroupInformation.java:1730)&#10;	at org.apache.hadoop.ipc.Server$Handler.run(Server.java:2682)&#10;" type="java.lang.RuntimeException">java.lang.RuntimeException: 
INTERNAL_ERROR org.apache.hadoop.ozone.om.exceptions.OMException: org.apache.hadoop.hdds.scm.exceptions.SCMException: Allocated 0 blocks. Requested 5 blocks
	at org.apache.hadoop.hdds.scm.protocolPB.ScmBlockLocationProtocolClientSideTranslatorPB.handleError(ScmBlockLocationProtocolClientSideTranslatorPB.java:118)
	at org.apache.hadoop.hdds.scm.protocolPB.ScmBlockLocationProtocolClientSideTranslatorPB.allocateBlock(ScmBlockLocationProtocolClientSideTranslatorPB.java:156)
	at sun.reflect.NativeMethodAccessorImpl.invoke0(Native Method)
	at sun.reflect.NativeMethodAccessorImpl.invoke(NativeMethodAccessorImpl.java:62)
	at sun.reflect.DelegatingMethodAccessorImpl.invoke(DelegatingMethodAccessorImpl.java:43)
	at java.lang.reflect.Method.invoke(Method.java:498)
	at org.apache.hadoop.hdds.tracing.TraceAllMethod.invoke(TraceAllMethod.java:66)
	at com.sun.proxy.$Proxy27.allocateBlock(Unknown Source)
	at org.apache.hadoop.ozone.om.request.key.OMKeyRequest.allocateBlock(OMKeyRequest.java:129)
	at org.apache.hadoop.ozone.om.request.key.OMKeyCreateRequest.preExecute(OMKeyCreateRequest.java:116)
	at org.apache.hadoop.ozone.protocolPB.OzoneManagerProtocolServerSideTranslatorPB.submitRequestDirectlyToOM(OzoneManagerProtocolServerSideTranslatorPB.java:225)
	at org.apache.hadoop.ozone.protocolPB.OzoneManagerProtocolServerSideTranslatorPB.processRequest(OzoneManagerProtocolServerSideTranslatorPB.java:134)
	at org.apache.hadoop.hdds.server.OzoneProtocolMessageDispatcher.processRequest(OzoneProtocolMessageDispatcher.java:72)
	at org.apache.hadoop.ozone.protocolPB.OzoneManagerProtocolServerSideTranslatorPB.submitRequest(OzoneManagerProtocolServerSideTranslatorPB.java:102)
	at org.apache.hadoop.ozone.protocol.proto.OzoneManagerProtocolProtos$OzoneManagerService$2.callBlockingMethod(OzoneManagerProtocolProtos.java)
	at org.apache.hadoop.ipc.ProtobufRpcEngine$Server$ProtoBufRpcInvoker.call(ProtobufRpcEngine.java:524)
	at org.apache.hadoop.ipc.RPC$Server.call(RPC.java:1025)
	at org.apache.hadoop.ipc.Server$RpcCall.run(Server.java:876)
	at org.apache.hadoop.ipc.Server$RpcCall.run(Server.java:822)
	at java.security.AccessController.doPrivileged(Native Method)
	at javax.security.auth.Subject.doAs(Subject.java:422)
	at org.apache.hadoop.security.UserGroupInformation.doAs(UserGroupInformation.java:1730)
	at org.apache.hadoop.ipc.Server$Handler.run(Server.java:2682)

	at org.apache.hadoop.ozone.freon.RandomKeyGenerator.call(RandomKeyGenerator.java:341)
	at org.apache.hadoop.ozone.freon.TestFreonWithPipelineDestroy.startFreon(TestFreonWithPipelineDestroy.java:87)
	at org.apache.hadoop.ozone.freon.TestFreonWithPipelineDestroy.testRestart(TestFreonWithPipelineDestroy.java:74)
	at sun.reflect.NativeMethodAccessorImpl.invoke0(Native Method)
	at sun.reflect.NativeMethodAccessorImpl.invoke(NativeMethodAccessorImpl.java:62)
	at sun.reflect.DelegatingMethodAccessorImpl.invoke(DelegatingMethodAccessorImpl.java:43)
	at java.lang.reflect.Method.invoke(Method.java:498)
	at org.junit.runners.model.FrameworkMethod$1.runReflectiveCall(FrameworkMethod.java:47)
	at org.junit.internal.runners.model.ReflectiveCallable.run(ReflectiveCallable.java:12)
	at org.junit.runners.model.FrameworkMethod.invokeExplosively(FrameworkMethod.java:44)
	at org.junit.internal.runners.statements.InvokeMethod.evaluate(InvokeMethod.java:17)
	at org.junit.runners.ParentRunner.runLeaf(ParentRunner.java:271)
	at org.junit.runners.BlockJUnit4ClassRunner.runChild(BlockJUnit4ClassRunner.java:70)
	at org.junit.runners.BlockJUnit4ClassRunner.runChild(BlockJUnit4ClassRunner.java:50)
	at org.junit.runners.ParentRunner$3.run(ParentRunner.java:238)
	at org.junit.runners.ParentRunner$1.schedule(ParentRunner.java:63)
	at org.junit.runners.ParentRunner.runChildren(ParentRunner.java:236)
	at org.junit.runners.ParentRunner.access$000(ParentRunner.java:53)
	at org.junit.runners.ParentRunner$2.evaluate(ParentRunner.java:229)
	at org.junit.internal.runners.statements.RunBefores.evaluate(RunBefores.java:26)
	at org.junit.internal.runners.statements.RunAfters.evaluate(RunAfters.java:27)
	at org.junit.runners.ParentRunner.run(ParentRunner.java:309)
	at org.apache.maven.surefire.junit4.JUnit4Provider.execute(JUnit4Provider.java:365)
	at org.apache.maven.surefire.junit4.JUnit4Provider.executeWithRerun(JUnit4Provider.java:273)
	at org.apache.maven.surefire.junit4.JUnit4Provider.executeTestSet(JUnit4Provider.java:238)
	at org.apache.maven.surefire.junit4.JUnit4Provider.invoke(JUnit4Provider.java:159)
	at org.apache.maven.surefire.booter.ForkedBooter.invokeProviderInSameClassLoader(ForkedBooter.java:384)
	at org.apache.maven.surefire.booter.ForkedBooter.runSuitesInProcess(ForkedBooter.java:345)
	at org.apache.maven.surefire.booter.ForkedBooter.execute(ForkedBooter.java:126)
	at org.apache.maven.surefire.booter.ForkedBooter.main(ForkedBooter.java:418)
Caused by: INTERNAL_ERROR org.apache.hadoop.ozone.om.exceptions.OMException: org.apache.hadoop.hdds.scm.exceptions.SCMException: Allocated 0 blocks. Requested 5 blocks
	at org.apache.hadoop.hdds.scm.protocolPB.ScmBlockLocationProtocolClientSideTranslatorPB.handleError(ScmBlockLocationProtocolClientSideTranslatorPB.java:118)
	at org.apache.hadoop.hdds.scm.protocolPB.ScmBlockLocationProtocolClientSideTranslatorPB.allocateBlock(ScmBlockLocationProtocolClientSideTranslatorPB.java:156)
	at sun.reflect.NativeMethodAccessorImpl.invoke0(Native Method)
	at sun.reflect.NativeMethodAccessorImpl.invoke(NativeMethodAccessorImpl.java:62)
	at sun.reflect.DelegatingMethodAccessorImpl.invoke(DelegatingMethodAccessorImpl.java:43)
	at java.lang.reflect.Method.invoke(Method.java:498)
	at org.apache.hadoop.hdds.tracing.TraceAllMethod.invoke(TraceAllMethod.java:66)
	at com.sun.proxy.$Proxy27.allocateBlock(Unknown Source)
	at org.apache.hadoop.ozone.om.request.key.OMKeyRequest.allocateBlock(OMKeyRequest.java:129)
	at org.apache.hadoop.ozone.om.request.key.OMKeyCreateRequest.preExecute(OMKeyCreateRequest.java:116)
	at org.apache.hadoop.ozone.protocolPB.OzoneManagerProtocolServerSideTranslatorPB.submitRequestDirectlyToOM(OzoneManagerProtocolServerSideTranslatorPB.java:225)
	at org.apache.hadoop.ozone.protocolPB.OzoneManagerProtocolServerSideTranslatorPB.processRequest(OzoneManagerProtocolServerSideTranslatorPB.java:134)
	at org.apache.hadoop.hdds.server.OzoneProtocolMessageDispatcher.processRequest(OzoneProtocolMessageDispatcher.java:72)
	at org.apache.hadoop.ozone.protocolPB.OzoneManagerProtocolServerSideTranslatorPB.submitRequest(OzoneManagerProtocolServerSideTranslatorPB.java:102)
	at org.apache.hadoop.ozone.protocol.proto.OzoneManagerProtocolProtos$OzoneManagerService$2.callBlockingMethod(OzoneManagerProtocolProtos.java)
	at org.apache.hadoop.ipc.ProtobufRpcEngine$Server$ProtoBufRpcInvoker.call(ProtobufRpcEngine.java:524)
	at org.apache.hadoop.ipc.RPC$Server.call(RPC.java:1025)
	at org.apache.hadoop.ipc.Server$RpcCall.run(Server.java:876)
	at org.apache.hadoop.ipc.Server$RpcCall.run(Server.java:822)
	at java.security.AccessController.doPrivileged(Native Method)
	at javax.security.auth.Subject.doAs(Subject.java:422)
	at org.apache.hadoop.security.UserGroupInformation.doAs(UserGroupInformation.java:1730)
	at org.apache.hadoop.ipc.Server$Handler.run(Server.java:2682)

	at org.apache.hadoop.ozone.om.protocolPB.OzoneManagerProtocolClientSideTranslatorPB.handleError(OzoneManagerProtocolClientSideTranslatorPB.java:732)
	at org.apache.hadoop.ozone.om.protocolPB.OzoneManagerProtocolClientSideTranslatorPB.openKey(OzoneManagerProtocolClientSideTranslatorPB.java:723)
	at sun.reflect.NativeMethodAccessorImpl.invoke0(Native Method)
	at sun.reflect.NativeMethodAccessorImpl.invoke(NativeMethodAccessorImpl.java:62)
	at sun.reflect.DelegatingMethodAccessorImpl.invoke(DelegatingMethodAccessorImpl.java:43)
	at java.lang.reflect.Method.invoke(Method.java:498)
	at org.apache.hadoop.hdds.tracing.TraceAllMethod.invoke(TraceAllMethod.java:66)
	at com.sun.proxy.$Proxy37.openKey(Unknown Source)
	at org.apache.hadoop.ozone.client.rpc.RpcClient.createKey(RpcClient.java:614)
	at org.apache.hadoop.ozone.client.OzoneBucket.createKey(OzoneBucket.java:325)
	at org.apache.hadoop.ozone.freon.RandomKeyGenerator.createKey(RandomKeyGenerator.java:697)
	at org.apache.hadoop.ozone.freon.RandomKeyGenerator.access$1100(RandomKeyGenerator.java:88)
	at org.apache.hadoop.ozone.freon.RandomKeyGenerator$ObjectCreator.run(RandomKeyGenerator.java:615)
	at java.util.concurrent.Executors$RunnableAdapter.call(Executors.java:511)
	at java.util.concurrent.FutureTask.run(FutureTask.java:266)
	at java.util.concurrent.ThreadPoolExecutor.runWorker(ThreadPoolExecutor.java:1149)
	at java.util.concurrent.ThreadPoolExecutor$Worker.run(ThreadPoolExecutor.java:624)
	at java.lang.Thread.run(Thread.java:748)
</error>
    <system-out><![CDATA[2019-10-24 14:01:14,549 [main] WARN  server.ServerUtils (ServerUtils.java:getScmDbDir(145)) - ozone.scm.db.dirs is not configured. We recommend adding this setting. Falling back to ozone.metadata.dirs instead.
2019-10-24 14:01:14,664 [main] WARN  server.ServerUtils (ServerUtils.java:getScmDbDir(145)) - ozone.scm.db.dirs is not configured. We recommend adding this setting. Falling back to ozone.metadata.dirs instead.
2019-10-24 14:01:14,667 [main] WARN  server.ServerUtils (ServerUtils.java:getScmDbDir(145)) - ozone.scm.db.dirs is not configured. We recommend adding this setting. Falling back to ozone.metadata.dirs instead.
2019-10-24 14:01:14,693 [main] INFO  util.log (Log.java:initialized(192)) - Logging initialized @885ms
2019-10-24 14:01:14,788 [main] INFO  db.DBStoreBuilder (DBStoreBuilder.java:addTable(127)) - using custom profile for table: deletedBlocks
2019-10-24 14:01:14,789 [main] INFO  db.DBStoreBuilder (DBStoreBuilder.java:processTables(183)) - Using default column profile:DBProfile.DISK for Table:deletedBlocks
2019-10-24 14:01:14,789 [main] INFO  db.DBStoreBuilder (DBStoreBuilder.java:addTable(127)) - using custom profile for table: validCerts
2019-10-24 14:01:14,789 [main] INFO  db.DBStoreBuilder (DBStoreBuilder.java:processTables(183)) - Using default column profile:DBProfile.DISK for Table:validCerts
2019-10-24 14:01:14,790 [main] INFO  db.DBStoreBuilder (DBStoreBuilder.java:addTable(127)) - using custom profile for table: revokedCerts
2019-10-24 14:01:14,790 [main] INFO  db.DBStoreBuilder (DBStoreBuilder.java:processTables(183)) - Using default column profile:DBProfile.DISK for Table:revokedCerts
2019-10-24 14:01:14,801 [main] INFO  db.DBStoreBuilder (DBStoreBuilder.java:addTable(127)) - using custom profile for table: default
2019-10-24 14:01:14,802 [main] INFO  db.DBStoreBuilder (DBStoreBuilder.java:processTables(189)) - Using default column profile:DBProfile.DISK for Table:default
2019-10-24 14:01:14,803 [main] INFO  db.DBStoreBuilder (DBStoreBuilder.java:getDbProfile(220)) - Using default options. DBProfile.DISK
2019-10-24 14:01:15,030 [main] INFO  net.NodeSchemaLoader (NodeSchemaLoader.java:loadSchemaFromFile(125)) - Loading file from sun.misc.CompoundEnumeration@30c15d8b
2019-10-24 14:01:15,032 [main] INFO  net.NodeSchemaLoader (NodeSchemaLoader.java:loadSchema(171)) - Loading network topology layer schema file
2019-10-24 14:01:15,092 [main] INFO  node.SCMNodeManager (SCMNodeManager.java:<init>(116)) - Entering startup safe mode.
2019-10-24 14:01:15,155 [main] INFO  algorithms.ContainerPlacementPolicyFactory (ContainerPlacementPolicyFactory.java:getPolicy(57)) - Create container placement policy of type org.apache.hadoop.hdds.scm.container.placement.algorithms.SCMContainerPlacementRandom
2019-10-24 14:01:15,169 [main] WARN  server.ServerUtils (ServerUtils.java:getScmDbDir(145)) - ozone.scm.db.dirs is not configured. We recommend adding this setting. Falling back to ozone.metadata.dirs instead.
2019-10-24 14:01:15,283 [main] INFO  pipeline.SCMPipelineManager (SCMPipelineManager.java:initializePipelineState(136)) - No pipeline exists in current db
2019-10-24 14:01:15,287 [main] WARN  server.ServerUtils (ServerUtils.java:getScmDbDir(145)) - ozone.scm.db.dirs is not configured. We recommend adding this setting. Falling back to ozone.metadata.dirs instead.
2019-10-24 14:01:15,385 [main] INFO  safemode.HealthyPipelineSafeModeRule (HealthyPipelineSafeModeRule.java:<init>(89)) -  Total pipeline count is 0, healthy pipeline threshold count is 1
2019-10-24 14:01:15,388 [main] INFO  safemode.OneReplicaPipelineSafeModeRule (OneReplicaPipelineSafeModeRule.java:<init>(79)) - Total pipeline count is 0, pipeline's with at least one datanode reported threshold count is 0
2019-10-24 14:01:15,389 [main] WARN  events.EventQueue (EventQueue.java:fireEvent(183)) - No event handler registered for event TypedEvent{payloadType=SafeModeStatus, name='SafeModeStatus'}
2019-10-24 14:01:15,801 [main] INFO  ipc.CallQueueManager (CallQueueManager.java:<init>(84)) - Using callQueue: class java.util.concurrent.LinkedBlockingQueue, queueCapacity: 2000, scheduler: class org.apache.hadoop.ipc.DefaultRpcScheduler, ipcBackoff: false.
2019-10-24 14:01:15,934 [Socket Reader #1 for port 37065] INFO  ipc.Server (Server.java:run(1074)) - Starting Socket Reader #1 for port 37065
2019-10-24 14:01:15,972 [main] INFO  ipc.CallQueueManager (CallQueueManager.java:<init>(84)) - Using callQueue: class java.util.concurrent.LinkedBlockingQueue, queueCapacity: 2000, scheduler: class org.apache.hadoop.ipc.DefaultRpcScheduler, ipcBackoff: false.
2019-10-24 14:01:15,973 [Socket Reader #1 for port 41497] INFO  ipc.Server (Server.java:run(1074)) - Starting Socket Reader #1 for port 41497
2019-10-24 14:01:15,982 [main] INFO  ipc.CallQueueManager (CallQueueManager.java:<init>(84)) - Using callQueue: class java.util.concurrent.LinkedBlockingQueue, queueCapacity: 2000, scheduler: class org.apache.hadoop.ipc.DefaultRpcScheduler, ipcBackoff: false.
2019-10-24 14:01:15,983 [Socket Reader #1 for port 45470] INFO  ipc.Server (Server.java:run(1074)) - Starting Socket Reader #1 for port 45470
2019-10-24 14:01:16,011 [main] INFO  hdfs.DFSUtil (DFSUtil.java:httpServerTemplateForNNAndJN(1641)) - Starting Web-server for scm at: http://0.0.0.0:0
2019-10-24 14:01:16,153 [main] INFO  server.AuthenticationFilter (AuthenticationFilter.java:constructSecretProvider(240)) - Unable to initialize FileSignerSecretProvider, falling back to use random secrets.
2019-10-24 14:01:16,169 [main] WARN  http.HttpRequestLog (HttpRequestLog.java:getRequestLog(97)) - Jetty request log can only be enabled using Log4j
2019-10-24 14:01:16,178 [main] INFO  http.HttpServer2 (HttpServer2.java:addGlobalFilter(975)) - Added global filter 'safety' (class=org.apache.hadoop.http.HttpServer2$QuotingInputFilter)
2019-10-24 14:01:16,181 [main] INFO  http.HttpServer2 (HttpServer2.java:addFilter(948)) - Added filter static_user_filter (class=org.apache.hadoop.http.lib.StaticUserWebFilter$StaticUserFilter) to context scm
2019-10-24 14:01:16,181 [main] INFO  http.HttpServer2 (HttpServer2.java:addFilter(958)) - Added filter static_user_filter (class=org.apache.hadoop.http.lib.StaticUserWebFilter$StaticUserFilter) to context logs
2019-10-24 14:01:16,181 [main] INFO  http.HttpServer2 (HttpServer2.java:addFilter(958)) - Added filter static_user_filter (class=org.apache.hadoop.http.lib.StaticUserWebFilter$StaticUserFilter) to context static
2019-10-24 14:01:16,210 [main] INFO  server.StorageContainerManager (StorageContainerManager.java:start(771)) - StorageContainerLocationProtocol RPC server is listening at /0.0.0.0:45470
2019-10-24 14:01:16,263 [main] WARN  impl.MetricsConfig (MetricsConfig.java:loadFirst(134)) - Cannot locate configuration: tried hadoop-metrics2-storagecontainermanager.properties,hadoop-metrics2.properties
2019-10-24 14:01:16,277 [main] INFO  impl.MetricsSystemImpl (MetricsSystemImpl.java:startTimer(374)) - Scheduled Metric snapshot period at 10 second(s).
2019-10-24 14:01:16,277 [main] INFO  impl.MetricsSystemImpl (MetricsSystemImpl.java:start(191)) - StorageContainerManager metrics system started
2019-10-24 14:01:16,514 [main] INFO  server.SCMClientProtocolServer (SCMClientProtocolServer.java:start(159)) - RPC server for Client  is listening at /0.0.0.0:45470
2019-10-24 14:01:16,515 [IPC Server Responder] INFO  ipc.Server (Server.java:run(1314)) - IPC Server Responder: starting
2019-10-24 14:01:16,515 [IPC Server listener on 45470] INFO  ipc.Server (Server.java:run(1153)) - IPC Server listener on 45470: starting
2019-10-24 14:01:16,517 [main] INFO  server.StorageContainerManager (StorageContainerManager.java:start(781)) - ScmBlockLocationProtocol RPC server is listening at /0.0.0.0:41497
2019-10-24 14:01:16,518 [main] INFO  server.SCMBlockProtocolServer (SCMBlockProtocolServer.java:start(146)) - RPC server for Block Protocol is listening at /0.0.0.0:41497
2019-10-24 14:01:16,519 [IPC Server Responder] INFO  ipc.Server (Server.java:run(1314)) - IPC Server Responder: starting
2019-10-24 14:01:16,519 [IPC Server listener on 41497] INFO  ipc.Server (Server.java:run(1153)) - IPC Server listener on 41497: starting
2019-10-24 14:01:16,521 [main] INFO  server.StorageContainerManager (StorageContainerManager.java:start(785)) - ScmDatanodeProtocl RPC server is listening at /0.0.0.0:37065
2019-10-24 14:01:16,521 [main] INFO  server.SCMDatanodeProtocolServer (SCMDatanodeProtocolServer.java:start(177)) - RPC server for DataNodes is listening at /0.0.0.0:37065
2019-10-24 14:01:16,522 [IPC Server Responder] INFO  ipc.Server (Server.java:run(1314)) - IPC Server Responder: starting
2019-10-24 14:01:16,522 [IPC Server listener on 37065] INFO  ipc.Server (Server.java:run(1153)) - IPC Server listener on 37065: starting
2019-10-24 14:01:16,526 [main] INFO  http.HttpServer2 (HttpServer2.java:bindListener(1191)) - Jetty bound to port 34204
2019-10-24 14:01:16,527 [main] INFO  server.Server (Server.java:doStart(351)) - jetty-9.3.25.v20180904, build timestamp: 2018-09-04T21:11:46Z, git hash: 3ce520221d0240229c862b122d2b06c12a625732
2019-10-24 14:01:16,559 [main] INFO  handler.ContextHandler (ContextHandler.java:doStart(781)) - Started o.e.j.s.ServletContextHandler@4cf8b2dc{/logs,file:///workdir/hadoop-ozone/tools/target/log,AVAILABLE}
2019-10-24 14:01:16,560 [main] INFO  handler.ContextHandler (ContextHandler.java:doStart(781)) - Started o.e.j.s.ServletContextHandler@4bff64c2{/static,jar:file:/home/user/.m2/repository/org/apache/hadoop/hadoop-hdds-server-scm/0.5.0-SNAPSHOT/hadoop-hdds-server-scm-0.5.0-SNAPSHOT.jar!/webapps/static,AVAILABLE}
2019-10-24 14:01:16,628 [main] INFO  handler.ContextHandler (ContextHandler.java:doStart(781)) - Started o.e.j.w.WebAppContext@1b9ea3e3{/,file:///tmp/jetty-0.0.0.0-34204-scm-_-any-5989951774695024340.dir/webapp/,AVAILABLE}{/scm}
2019-10-24 14:01:16,633 [main] INFO  server.AbstractConnector (AbstractConnector.java:doStart(278)) - Started ServerConnector@5910de75{HTTP/1.1,[http/1.1]}{0.0.0.0:34204}
2019-10-24 14:01:16,633 [main] INFO  server.Server (Server.java:doStart(419)) - Started @2825ms
2019-10-24 14:01:16,635 [main] INFO  impl.MetricsSinkAdapter (MetricsSinkAdapter.java:start(204)) - Sink prometheus started
2019-10-24 14:01:16,635 [main] INFO  impl.MetricsSystemImpl (MetricsSystemImpl.java:registerSink(301)) - Registered sink prometheus
2019-10-24 14:01:16,637 [main] INFO  server.BaseHttpServer (BaseHttpServer.java:updateConnectorAddress(215)) - HTTP server of SCM is listening at http://0.0.0.0:34204
2019-10-24 14:01:16,643 [org.apache.hadoop.util.JvmPauseMonitor$Monitor@63f34b70] INFO  util.JvmPauseMonitor (JvmPauseMonitor.java:run(188)) - Starting JVM pause monitor
2019-10-24 14:01:16,645 [main] WARN  server.ServerUtils (ServerUtils.java:getDBPath(222)) - ozone.om.db.dirs is not configured. We recommend adding this setting. Falling back to ozone.metadata.dirs instead.
2019-10-24 14:01:16,728 [main] INFO  ha.OMHANodeDetails (OMHANodeDetails.java:loadOMHAConfig(190)) - Configuration either no ozone.om.address set. Falling back to the default OM address /127.0.0.1:0
2019-10-24 14:01:16,729 [main] INFO  ha.OMHANodeDetails (OMHANodeDetails.java:getOMNodeDetails(220)) - OM Service ID is not set. Setting it to the default ID: omServiceIdDefault
2019-10-24 14:01:16,730 [main] WARN  server.ServerUtils (ServerUtils.java:getDBPath(222)) - ozone.om.db.dirs is not configured. We recommend adding this setting. Falling back to ozone.metadata.dirs instead.
2019-10-24 14:01:16,731 [main] WARN  server.ServerUtils (ServerUtils.java:getDBPath(222)) - ozone.om.db.dirs is not configured. We recommend adding this setting. Falling back to ozone.metadata.dirs instead.
2019-10-24 14:01:17,284 [main] WARN  server.ServerUtils (ServerUtils.java:getDBPath(222)) - ozone.om.db.dirs is not configured. We recommend adding this setting. Falling back to ozone.metadata.dirs instead.
2019-10-24 14:01:17,291 [main] INFO  db.DBStoreBuilder (DBStoreBuilder.java:addTable(127)) - using custom profile for table: userTable
2019-10-24 14:01:17,291 [main] INFO  db.DBStoreBuilder (DBStoreBuilder.java:processTables(183)) - Using default column profile:DBProfile.DISK for Table:userTable
2019-10-24 14:01:17,292 [main] INFO  db.DBStoreBuilder (DBStoreBuilder.java:addTable(127)) - using custom profile for table: volumeTable
2019-10-24 14:01:17,292 [main] INFO  db.DBStoreBuilder (DBStoreBuilder.java:processTables(183)) - Using default column profile:DBProfile.DISK for Table:volumeTable
2019-10-24 14:01:17,292 [main] INFO  db.DBStoreBuilder (DBStoreBuilder.java:addTable(127)) - using custom profile for table: bucketTable
2019-10-24 14:01:17,292 [main] INFO  db.DBStoreBuilder (DBStoreBuilder.java:processTables(183)) - Using default column profile:DBProfile.DISK for Table:bucketTable
2019-10-24 14:01:17,292 [main] INFO  db.DBStoreBuilder (DBStoreBuilder.java:addTable(127)) - using custom profile for table: keyTable
2019-10-24 14:01:17,293 [main] INFO  db.DBStoreBuilder (DBStoreBuilder.java:processTables(183)) - Using default column profile:DBProfile.DISK for Table:keyTable
2019-10-24 14:01:17,293 [main] INFO  db.DBStoreBuilder (DBStoreBuilder.java:addTable(127)) - using custom profile for table: deletedTable
2019-10-24 14:01:17,293 [main] INFO  db.DBStoreBuilder (DBStoreBuilder.java:processTables(183)) - Using default column profile:DBProfile.DISK for Table:deletedTable
2019-10-24 14:01:17,293 [main] INFO  db.DBStoreBuilder (DBStoreBuilder.java:addTable(127)) - using custom profile for table: openKeyTable
2019-10-24 14:01:17,293 [main] INFO  db.DBStoreBuilder (DBStoreBuilder.java:processTables(183)) - Using default column profile:DBProfile.DISK for Table:openKeyTable
2019-10-24 14:01:17,294 [main] INFO  db.DBStoreBuilder (DBStoreBuilder.java:addTable(127)) - using custom profile for table: s3Table
2019-10-24 14:01:17,294 [main] INFO  db.DBStoreBuilder (DBStoreBuilder.java:processTables(183)) - Using default column profile:DBProfile.DISK for Table:s3Table
2019-10-24 14:01:17,294 [main] INFO  db.DBStoreBuilder (DBStoreBuilder.java:addTable(127)) - using custom profile for table: multipartInfoTable
2019-10-24 14:01:17,294 [main] INFO  db.DBStoreBuilder (DBStoreBuilder.java:processTables(183)) - Using default column profile:DBProfile.DISK for Table:multipartInfoTable
2019-10-24 14:01:17,294 [main] INFO  db.DBStoreBuilder (DBStoreBuilder.java:addTable(127)) - using custom profile for table: dTokenTable
2019-10-24 14:01:17,294 [main] INFO  db.DBStoreBuilder (DBStoreBuilder.java:processTables(183)) - Using default column profile:DBProfile.DISK for Table:dTokenTable
2019-10-24 14:01:17,295 [main] INFO  db.DBStoreBuilder (DBStoreBuilder.java:addTable(127)) - using custom profile for table: s3SecretTable
2019-10-24 14:01:17,295 [main] INFO  db.DBStoreBuilder (DBStoreBuilder.java:processTables(183)) - Using default column profile:DBProfile.DISK for Table:s3SecretTable
2019-10-24 14:01:17,295 [main] INFO  db.DBStoreBuilder (DBStoreBuilder.java:addTable(127)) - using custom profile for table: prefixTable
2019-10-24 14:01:17,295 [main] INFO  db.DBStoreBuilder (DBStoreBuilder.java:processTables(183)) - Using default column profile:DBProfile.DISK for Table:prefixTable
2019-10-24 14:01:17,296 [main] INFO  db.DBStoreBuilder (DBStoreBuilder.java:addTable(127)) - using custom profile for table: default
2019-10-24 14:01:17,296 [main] INFO  db.DBStoreBuilder (DBStoreBuilder.java:processTables(189)) - Using default column profile:DBProfile.DISK for Table:default
2019-10-24 14:01:17,296 [main] INFO  db.DBStoreBuilder (DBStoreBuilder.java:getDbProfile(220)) - Using default options. DBProfile.DISK
2019-10-24 14:01:17,808 [main] INFO  ipc.CallQueueManager (CallQueueManager.java:<init>(84)) - Using callQueue: class java.util.concurrent.LinkedBlockingQueue, queueCapacity: 2000, scheduler: class org.apache.hadoop.ipc.DefaultRpcScheduler, ipcBackoff: false.
2019-10-24 14:01:17,810 [Socket Reader #1 for port 42552] INFO  ipc.Server (Server.java:run(1074)) - Starting Socket Reader #1 for port 42552
2019-10-24 14:01:17,838 [main] INFO  om.OzoneManager (OzoneManager.java:start(1074)) - OzoneManager RPC server is listening at localhost/127.0.0.1:42552
2019-10-24 14:01:17,838 [main] INFO  impl.MetricsSystemImpl (MetricsSystemImpl.java:init(158)) - OzoneManager metrics system started (again)
2019-10-24 14:01:17,846 [IPC Server Responder] INFO  ipc.Server (Server.java:run(1314)) - IPC Server Responder: starting
2019-10-24 14:01:17,847 [IPC Server listener on 42552] INFO  ipc.Server (Server.java:run(1153)) - IPC Server listener on 42552: starting
2019-10-24 14:01:17,852 [main] INFO  hdfs.DFSUtil (DFSUtil.java:httpServerTemplateForNNAndJN(1641)) - Starting Web-server for ozoneManager at: http://0.0.0.0:0
2019-10-24 14:01:17,855 [main] INFO  server.AuthenticationFilter (AuthenticationFilter.java:constructSecretProvider(240)) - Unable to initialize FileSignerSecretProvider, falling back to use random secrets.
2019-10-24 14:01:17,856 [main] WARN  http.HttpRequestLog (HttpRequestLog.java:getRequestLog(97)) - Jetty request log can only be enabled using Log4j
2019-10-24 14:01:17,859 [main] INFO  http.HttpServer2 (HttpServer2.java:addGlobalFilter(975)) - Added global filter 'safety' (class=org.apache.hadoop.http.HttpServer2$QuotingInputFilter)
2019-10-24 14:01:17,860 [main] INFO  http.HttpServer2 (HttpServer2.java:addFilter(948)) - Added filter static_user_filter (class=org.apache.hadoop.http.lib.StaticUserWebFilter$StaticUserFilter) to context ozoneManager
2019-10-24 14:01:17,861 [main] INFO  http.HttpServer2 (HttpServer2.java:addFilter(958)) - Added filter static_user_filter (class=org.apache.hadoop.http.lib.StaticUserWebFilter$StaticUserFilter) to context logs
2019-10-24 14:01:17,861 [main] INFO  http.HttpServer2 (HttpServer2.java:addFilter(958)) - Added filter static_user_filter (class=org.apache.hadoop.http.lib.StaticUserWebFilter$StaticUserFilter) to context static
2019-10-24 14:01:17,864 [main] INFO  http.HttpServer2 (HttpServer2.java:bindListener(1191)) - Jetty bound to port 45063
2019-10-24 14:01:17,864 [main] INFO  server.Server (Server.java:doStart(351)) - jetty-9.3.25.v20180904, build timestamp: 2018-09-04T21:11:46Z, git hash: 3ce520221d0240229c862b122d2b06c12a625732
2019-10-24 14:01:17,867 [main] INFO  handler.ContextHandler (ContextHandler.java:doStart(781)) - Started o.e.j.s.ServletContextHandler@303a5119{/logs,file:///workdir/hadoop-ozone/tools/target/log,AVAILABLE}
2019-10-24 14:01:17,868 [main] INFO  handler.ContextHandler (ContextHandler.java:doStart(781)) - Started o.e.j.s.ServletContextHandler@1bcb79c2{/static,jar:file:/home/user/.m2/repository/org/apache/hadoop/hadoop-ozone-ozone-manager/0.5.0-SNAPSHOT/hadoop-ozone-ozone-manager-0.5.0-SNAPSHOT.jar!/webapps/static,AVAILABLE}
2019-10-24 14:01:17,942 [main] INFO  handler.ContextHandler (ContextHandler.java:doStart(781)) - Started o.e.j.w.WebAppContext@489543a6{/,file:///tmp/jetty-0.0.0.0-45063-ozoneManager-_-any-3206331568120505699.dir/webapp/,AVAILABLE}{/ozoneManager}
2019-10-24 14:01:17,942 [main] INFO  server.AbstractConnector (AbstractConnector.java:doStart(278)) - Started ServerConnector@6272c96f{HTTP/1.1,[http/1.1]}{0.0.0.0:45063}
2019-10-24 14:01:17,943 [main] INFO  server.Server (Server.java:doStart(419)) - Started @4134ms
2019-10-24 14:01:17,943 [main] WARN  impl.MetricsSystemImpl (MetricsSystemImpl.java:register(276)) - Sink prometheus already exists!
2019-10-24 14:01:17,945 [main] INFO  server.BaseHttpServer (BaseHttpServer.java:updateConnectorAddress(215)) - HTTP server of OZONEMANAGER is listening at http://0.0.0.0:45063
2019-10-24 14:01:18,247 [main] INFO  impl.MetricsSystemImpl (MetricsSystemImpl.java:init(158)) - HddsDatanode metrics system started (again)
2019-10-24 14:01:18,317 [main] INFO  ozone.HddsDatanodeService (HddsDatanodeService.java:start(184)) - HddsDatanodeService host:pr-hdds-2034-s5hcl-2472234065 ip:192.168.34.27
2019-10-24 14:01:18,355 [main] INFO  volume.HddsVolume (HddsVolume.java:<init>(176)) - Creating Volume: /workdir/hadoop-ozone/tools/target/test-dir/MiniOzoneClusterImpl-3e98bdd2-7858-4974-ae40-455654d60294/datanode-0/data/containers/hdds of  storage type : DISK and capacity : 1482555576320
2019-10-24 14:01:18,357 [main] INFO  volume.VolumeSet (VolumeSet.java:initializeVolumeSet(170)) - Added Volume : /workdir/hadoop-ozone/tools/target/test-dir/MiniOzoneClusterImpl-3e98bdd2-7858-4974-ae40-455654d60294/datanode-0/data/containers/hdds to VolumeSet
2019-10-24 14:01:18,360 [main] INFO  volume.ThrottledAsyncChecker (ThrottledAsyncChecker.java:schedule(141)) - Scheduling a check for /workdir/hadoop-ozone/tools/target/test-dir/MiniOzoneClusterImpl-3e98bdd2-7858-4974-ae40-455654d60294/datanode-0/data/containers/hdds
2019-10-24 14:01:18,377 [main] INFO  volume.HddsVolumeChecker (HddsVolumeChecker.java:checkAllVolumes(204)) - Scheduled health check for volume /workdir/hadoop-ozone/tools/target/test-dir/MiniOzoneClusterImpl-3e98bdd2-7858-4974-ae40-455654d60294/datanode-0/data/containers/hdds
2019-10-24 14:01:18,480 [main] INFO  impl.RaftServerProxy (ConfUtils.java:logGet(43)) - raft.rpc.type = GRPC (default)
2019-10-24 14:01:18,540 [main] INFO  grpc.GrpcFactory (GrpcFactory.java:checkPooledByteBufAllocatorUseCacheForAllThreads(45)) - PERFORMANCE WARNING: useCacheForAllThreads is true that may cause Netty to create a lot garbage objects and, as a result, trigger GC.
	It is recommended to disable useCacheForAllThreads by setting -Dorg.apache.ratis.thirdparty.io.netty.allocator.useCacheForAllThreads=false in command line.
2019-10-24 14:01:18,549 [main] INFO  grpc.GrpcConfigKeys$Server (ConfUtils.java:logGet(43)) - raft.grpc.server.port = 0 (default)
2019-10-24 14:01:18,551 [main] INFO  server.GrpcService (ConfUtils.java:logGet(43)) - raft.grpc.message.size.max = 33570816 (custom)
2019-10-24 14:01:18,555 [main] INFO  server.RaftServerConfigKeys (ConfUtils.java:logGet(43)) - raft.server.log.appender.buffer.byte-limit = 33554432 (custom)
2019-10-24 14:01:18,556 [main] INFO  server.GrpcService (ConfUtils.java:logGet(43)) - raft.grpc.flow.control.window = 1MB (=1048576) (default)
2019-10-24 14:01:18,557 [main] INFO  server.RaftServerConfigKeys (ConfUtils.java:logGet(43)) - raft.server.rpc.request.timeout = 3000ms (default)
2019-10-24 14:01:18,733 [main] INFO  server.RaftServerConfigKeys (ConfUtils.java:logGet(43)) - raft.server.storage.dir = [/workdir/hadoop-ozone/tools/target/test-dir/MiniOzoneClusterImpl-3e98bdd2-7858-4974-ae40-455654d60294/datanode-0/data/ratis] (custom)
2019-10-24 14:01:18,781 [main] INFO  hdfs.DFSUtil (DFSUtil.java:httpServerTemplateForNNAndJN(1641)) - Starting Web-server for hddsDatanode at: http://0.0.0.0:0
2019-10-24 14:01:18,784 [main] INFO  server.AuthenticationFilter (AuthenticationFilter.java:constructSecretProvider(240)) - Unable to initialize FileSignerSecretProvider, falling back to use random secrets.
2019-10-24 14:01:18,784 [main] WARN  http.HttpRequestLog (HttpRequestLog.java:getRequestLog(97)) - Jetty request log can only be enabled using Log4j
2019-10-24 14:01:18,787 [main] INFO  http.HttpServer2 (HttpServer2.java:addGlobalFilter(975)) - Added global filter 'safety' (class=org.apache.hadoop.http.HttpServer2$QuotingInputFilter)
2019-10-24 14:01:18,788 [main] INFO  http.HttpServer2 (HttpServer2.java:addFilter(948)) - Added filter static_user_filter (class=org.apache.hadoop.http.lib.StaticUserWebFilter$StaticUserFilter) to context hddsDatanode
2019-10-24 14:01:18,788 [main] INFO  http.HttpServer2 (HttpServer2.java:addFilter(958)) - Added filter static_user_filter (class=org.apache.hadoop.http.lib.StaticUserWebFilter$StaticUserFilter) to context static
2019-10-24 14:01:18,789 [main] INFO  http.HttpServer2 (HttpServer2.java:addFilter(958)) - Added filter static_user_filter (class=org.apache.hadoop.http.lib.StaticUserWebFilter$StaticUserFilter) to context logs
2019-10-24 14:01:18,790 [main] INFO  http.HttpServer2 (HttpServer2.java:bindListener(1191)) - Jetty bound to port 37324
2019-10-24 14:01:18,790 [main] INFO  server.Server (Server.java:doStart(351)) - jetty-9.3.25.v20180904, build timestamp: 2018-09-04T21:11:46Z, git hash: 3ce520221d0240229c862b122d2b06c12a625732
2019-10-24 14:01:18,794 [main] INFO  handler.ContextHandler (ContextHandler.java:doStart(781)) - Started o.e.j.s.ServletContextHandler@78e22d35{/logs,file:///workdir/hadoop-ozone/tools/target/log,AVAILABLE}
2019-10-24 14:01:18,795 [main] INFO  handler.ContextHandler (ContextHandler.java:doStart(781)) - Started o.e.j.s.ServletContextHandler@59f93db8{/static,jar:file:/home/user/.m2/repository/org/apache/hadoop/hadoop-hdds-container-service/0.5.0-SNAPSHOT/hadoop-hdds-container-service-0.5.0-SNAPSHOT.jar!/webapps/static,AVAILABLE}
2019-10-24 14:01:18,838 [main] INFO  handler.ContextHandler (ContextHandler.java:doStart(781)) - Started o.e.j.w.WebAppContext@38bb9d7a{/,file:///tmp/jetty-0.0.0.0-37324-hddsDatanode-_-any-4687507972344752772.dir/webapp/,AVAILABLE}{/hddsDatanode}
2019-10-24 14:01:18,839 [main] INFO  server.AbstractConnector (AbstractConnector.java:doStart(278)) - Started ServerConnector@1e8ab90f{HTTP/1.1,[http/1.1]}{0.0.0.0:37324}
2019-10-24 14:01:18,840 [main] INFO  server.Server (Server.java:doStart(419)) - Started @5031ms
2019-10-24 14:01:18,840 [main] WARN  impl.MetricsSystemImpl (MetricsSystemImpl.java:register(276)) - Sink prometheus already exists!
2019-10-24 14:01:18,841 [main] INFO  server.BaseHttpServer (BaseHttpServer.java:updateConnectorAddress(215)) - HTTP server of HDDSDATANODE is listening at http://0.0.0.0:37324
2019-10-24 14:01:18,843 [main] INFO  impl.MetricsSystemImpl (MetricsSystemImpl.java:init(158)) - HddsDatanode metrics system started (again)
2019-10-24 14:01:18,846 [main] INFO  ozone.HddsDatanodeService (HddsDatanodeService.java:start(184)) - HddsDatanodeService host:pr-hdds-2034-s5hcl-2472234065 ip:192.168.34.27
2019-10-24 14:01:18,848 [org.apache.hadoop.util.JvmPauseMonitor$Monitor@5bdd109a] INFO  util.JvmPauseMonitor (JvmPauseMonitor.java:run(188)) - Starting JVM pause monitor
2019-10-24 14:01:18,854 [main] INFO  volume.HddsVolume (HddsVolume.java:<init>(176)) - Creating Volume: /workdir/hadoop-ozone/tools/target/test-dir/MiniOzoneClusterImpl-3e98bdd2-7858-4974-ae40-455654d60294/datanode-1/data/containers/hdds of  storage type : DISK and capacity : 1482555576320
2019-10-24 14:01:18,855 [main] INFO  volume.VolumeSet (VolumeSet.java:initializeVolumeSet(170)) - Added Volume : /workdir/hadoop-ozone/tools/target/test-dir/MiniOzoneClusterImpl-3e98bdd2-7858-4974-ae40-455654d60294/datanode-1/data/containers/hdds to VolumeSet
2019-10-24 14:01:18,856 [main] INFO  volume.ThrottledAsyncChecker (ThrottledAsyncChecker.java:schedule(141)) - Scheduling a check for /workdir/hadoop-ozone/tools/target/test-dir/MiniOzoneClusterImpl-3e98bdd2-7858-4974-ae40-455654d60294/datanode-1/data/containers/hdds
2019-10-24 14:01:18,856 [main] INFO  volume.HddsVolumeChecker (HddsVolumeChecker.java:checkAllVolumes(204)) - Scheduled health check for volume /workdir/hadoop-ozone/tools/target/test-dir/MiniOzoneClusterImpl-3e98bdd2-7858-4974-ae40-455654d60294/datanode-1/data/containers/hdds
2019-10-24 14:01:18,879 [main] INFO  impl.RaftServerProxy (ConfUtils.java:logGet(43)) - raft.rpc.type = GRPC (default)
2019-10-24 14:01:18,880 [main] INFO  grpc.GrpcFactory (GrpcFactory.java:checkPooledByteBufAllocatorUseCacheForAllThreads(45)) - PERFORMANCE WARNING: useCacheForAllThreads is true that may cause Netty to create a lot garbage objects and, as a result, trigger GC.
	It is recommended to disable useCacheForAllThreads by setting -Dorg.apache.ratis.thirdparty.io.netty.allocator.useCacheForAllThreads=false in command line.
2019-10-24 14:01:18,880 [main] INFO  grpc.GrpcConfigKeys$Server (ConfUtils.java:logGet(43)) - raft.grpc.server.port = 0 (default)
2019-10-24 14:01:18,880 [main] INFO  server.GrpcService (ConfUtils.java:logGet(43)) - raft.grpc.message.size.max = 33570816 (custom)
2019-10-24 14:01:18,881 [main] INFO  server.RaftServerConfigKeys (ConfUtils.java:logGet(43)) - raft.server.log.appender.buffer.byte-limit = 33554432 (custom)
2019-10-24 14:01:18,881 [main] INFO  server.GrpcService (ConfUtils.java:logGet(43)) - raft.grpc.flow.control.window = 1MB (=1048576) (default)
2019-10-24 14:01:18,881 [main] INFO  server.RaftServerConfigKeys (ConfUtils.java:logGet(43)) - raft.server.rpc.request.timeout = 3000ms (default)
2019-10-24 14:01:18,882 [main] INFO  server.RaftServerConfigKeys (ConfUtils.java:logGet(43)) - raft.server.storage.dir = [/workdir/hadoop-ozone/tools/target/test-dir/MiniOzoneClusterImpl-3e98bdd2-7858-4974-ae40-455654d60294/datanode-1/data/ratis] (custom)
2019-10-24 14:01:18,887 [main] INFO  hdfs.DFSUtil (DFSUtil.java:httpServerTemplateForNNAndJN(1641)) - Starting Web-server for hddsDatanode at: http://0.0.0.0:0
2019-10-24 14:01:18,889 [main] INFO  server.AuthenticationFilter (AuthenticationFilter.java:constructSecretProvider(240)) - Unable to initialize FileSignerSecretProvider, falling back to use random secrets.
2019-10-24 14:01:18,890 [main] WARN  http.HttpRequestLog (HttpRequestLog.java:getRequestLog(97)) - Jetty request log can only be enabled using Log4j
2019-10-24 14:01:18,892 [main] INFO  http.HttpServer2 (HttpServer2.java:addGlobalFilter(975)) - Added global filter 'safety' (class=org.apache.hadoop.http.HttpServer2$QuotingInputFilter)
2019-10-24 14:01:18,893 [main] INFO  http.HttpServer2 (HttpServer2.java:addFilter(948)) - Added filter static_user_filter (class=org.apache.hadoop.http.lib.StaticUserWebFilter$StaticUserFilter) to context hddsDatanode
2019-10-24 14:01:18,893 [main] INFO  http.HttpServer2 (HttpServer2.java:addFilter(958)) - Added filter static_user_filter (class=org.apache.hadoop.http.lib.StaticUserWebFilter$StaticUserFilter) to context static
2019-10-24 14:01:18,893 [main] INFO  http.HttpServer2 (HttpServer2.java:addFilter(958)) - Added filter static_user_filter (class=org.apache.hadoop.http.lib.StaticUserWebFilter$StaticUserFilter) to context logs
2019-10-24 14:01:18,895 [main] INFO  http.HttpServer2 (HttpServer2.java:bindListener(1191)) - Jetty bound to port 33258
2019-10-24 14:01:18,895 [main] INFO  server.Server (Server.java:doStart(351)) - jetty-9.3.25.v20180904, build timestamp: 2018-09-04T21:11:46Z, git hash: 3ce520221d0240229c862b122d2b06c12a625732
2019-10-24 14:01:18,897 [main] INFO  handler.ContextHandler (ContextHandler.java:doStart(781)) - Started o.e.j.s.ServletContextHandler@146dcfe6{/logs,file:///workdir/hadoop-ozone/tools/target/log,AVAILABLE}
2019-10-24 14:01:18,898 [main] INFO  handler.ContextHandler (ContextHandler.java:doStart(781)) - Started o.e.j.s.ServletContextHandler@5c77ba8f{/static,jar:file:/home/user/.m2/repository/org/apache/hadoop/hadoop-hdds-container-service/0.5.0-SNAPSHOT/hadoop-hdds-container-service-0.5.0-SNAPSHOT.jar!/webapps/static,AVAILABLE}
2019-10-24 14:01:18,931 [main] INFO  handler.ContextHandler (ContextHandler.java:doStart(781)) - Started o.e.j.w.WebAppContext@4fc3c165{/,file:///tmp/jetty-0.0.0.0-33258-hddsDatanode-_-any-2825628111829628202.dir/webapp/,AVAILABLE}{/hddsDatanode}
2019-10-24 14:01:18,934 [main] INFO  server.AbstractConnector (AbstractConnector.java:doStart(278)) - Started ServerConnector@10a0fe30{HTTP/1.1,[http/1.1]}{0.0.0.0:33258}
2019-10-24 14:01:18,934 [main] INFO  server.Server (Server.java:doStart(419)) - Started @5125ms
2019-10-24 14:01:18,938 [main] WARN  impl.MetricsSystemImpl (MetricsSystemImpl.java:register(276)) - Sink prometheus already exists!
2019-10-24 14:01:18,939 [main] INFO  server.BaseHttpServer (BaseHttpServer.java:updateConnectorAddress(215)) - HTTP server of HDDSDATANODE is listening at http://0.0.0.0:33258
2019-10-24 14:01:18,940 [main] INFO  impl.MetricsSystemImpl (MetricsSystemImpl.java:init(158)) - HddsDatanode metrics system started (again)
2019-10-24 14:01:18,944 [org.apache.hadoop.util.JvmPauseMonitor$Monitor@a2ccbe1] INFO  util.JvmPauseMonitor (JvmPauseMonitor.java:run(188)) - Starting JVM pause monitor
2019-10-24 14:01:18,944 [main] INFO  ozone.HddsDatanodeService (HddsDatanodeService.java:start(184)) - HddsDatanodeService host:pr-hdds-2034-s5hcl-2472234065 ip:192.168.34.27
2019-10-24 14:01:18,954 [main] INFO  volume.HddsVolume (HddsVolume.java:<init>(176)) - Creating Volume: /workdir/hadoop-ozone/tools/target/test-dir/MiniOzoneClusterImpl-3e98bdd2-7858-4974-ae40-455654d60294/datanode-2/data/containers/hdds of  storage type : DISK and capacity : 1482555576320
2019-10-24 14:01:18,954 [main] INFO  volume.VolumeSet (VolumeSet.java:initializeVolumeSet(170)) - Added Volume : /workdir/hadoop-ozone/tools/target/test-dir/MiniOzoneClusterImpl-3e98bdd2-7858-4974-ae40-455654d60294/datanode-2/data/containers/hdds to VolumeSet
2019-10-24 14:01:18,955 [main] INFO  volume.ThrottledAsyncChecker (ThrottledAsyncChecker.java:schedule(141)) - Scheduling a check for /workdir/hadoop-ozone/tools/target/test-dir/MiniOzoneClusterImpl-3e98bdd2-7858-4974-ae40-455654d60294/datanode-2/data/containers/hdds
2019-10-24 14:01:18,955 [main] INFO  volume.HddsVolumeChecker (HddsVolumeChecker.java:checkAllVolumes(204)) - Scheduled health check for volume /workdir/hadoop-ozone/tools/target/test-dir/MiniOzoneClusterImpl-3e98bdd2-7858-4974-ae40-455654d60294/datanode-2/data/containers/hdds
2019-10-24 14:01:18,965 [Datanode State Machine Thread - 0] INFO  datanode.InitDatanodeState (InitDatanodeState.java:persistContainerDatanodeDetails(140)) - DatanodeDetails is persisted to /workdir/hadoop-ozone/tools/target/test-dir/MiniOzoneClusterImpl-3e98bdd2-7858-4974-ae40-455654d60294/datanode-0/meta/datanode.id
2019-10-24 14:01:18,969 [Datanode State Machine Thread - 0] INFO  datanode.InitDatanodeState (InitDatanodeState.java:persistContainerDatanodeDetails(140)) - DatanodeDetails is persisted to /workdir/hadoop-ozone/tools/target/test-dir/MiniOzoneClusterImpl-3e98bdd2-7858-4974-ae40-455654d60294/datanode-1/meta/datanode.id
2019-10-24 14:01:18,977 [main] INFO  impl.RaftServerProxy (ConfUtils.java:logGet(43)) - raft.rpc.type = GRPC (default)
2019-10-24 14:01:18,977 [main] INFO  grpc.GrpcFactory (GrpcFactory.java:checkPooledByteBufAllocatorUseCacheForAllThreads(45)) - PERFORMANCE WARNING: useCacheForAllThreads is true that may cause Netty to create a lot garbage objects and, as a result, trigger GC.
	It is recommended to disable useCacheForAllThreads by setting -Dorg.apache.ratis.thirdparty.io.netty.allocator.useCacheForAllThreads=false in command line.
2019-10-24 14:01:18,978 [main] INFO  grpc.GrpcConfigKeys$Server (ConfUtils.java:logGet(43)) - raft.grpc.server.port = 0 (default)
2019-10-24 14:01:18,978 [main] INFO  server.GrpcService (ConfUtils.java:logGet(43)) - raft.grpc.message.size.max = 33570816 (custom)
2019-10-24 14:01:18,978 [main] INFO  server.RaftServerConfigKeys (ConfUtils.java:logGet(43)) - raft.server.log.appender.buffer.byte-limit = 33554432 (custom)
2019-10-24 14:01:18,978 [main] INFO  server.GrpcService (ConfUtils.java:logGet(43)) - raft.grpc.flow.control.window = 1MB (=1048576) (default)
2019-10-24 14:01:18,979 [main] INFO  server.RaftServerConfigKeys (ConfUtils.java:logGet(43)) - raft.server.rpc.request.timeout = 3000ms (default)
2019-10-24 14:01:18,981 [main] INFO  server.RaftServerConfigKeys (ConfUtils.java:logGet(43)) - raft.server.storage.dir = [/workdir/hadoop-ozone/tools/target/test-dir/MiniOzoneClusterImpl-3e98bdd2-7858-4974-ae40-455654d60294/datanode-2/data/ratis] (custom)
2019-10-24 14:01:18,984 [main] INFO  hdfs.DFSUtil (DFSUtil.java:httpServerTemplateForNNAndJN(1641)) - Starting Web-server for hddsDatanode at: http://0.0.0.0:0
2019-10-24 14:01:18,985 [main] INFO  server.AuthenticationFilter (AuthenticationFilter.java:constructSecretProvider(240)) - Unable to initialize FileSignerSecretProvider, falling back to use random secrets.
2019-10-24 14:01:18,986 [main] WARN  http.HttpRequestLog (HttpRequestLog.java:getRequestLog(97)) - Jetty request log can only be enabled using Log4j
2019-10-24 14:01:18,987 [main] INFO  http.HttpServer2 (HttpServer2.java:addGlobalFilter(975)) - Added global filter 'safety' (class=org.apache.hadoop.http.HttpServer2$QuotingInputFilter)
2019-10-24 14:01:18,988 [main] INFO  http.HttpServer2 (HttpServer2.java:addFilter(948)) - Added filter static_user_filter (class=org.apache.hadoop.http.lib.StaticUserWebFilter$StaticUserFilter) to context hddsDatanode
2019-10-24 14:01:18,988 [main] INFO  http.HttpServer2 (HttpServer2.java:addFilter(958)) - Added filter static_user_filter (class=org.apache.hadoop.http.lib.StaticUserWebFilter$StaticUserFilter) to context logs
2019-10-24 14:01:18,989 [main] INFO  http.HttpServer2 (HttpServer2.java:addFilter(958)) - Added filter static_user_filter (class=org.apache.hadoop.http.lib.StaticUserWebFilter$StaticUserFilter) to context static
2019-10-24 14:01:18,989 [main] INFO  http.HttpServer2 (HttpServer2.java:bindListener(1191)) - Jetty bound to port 37098
2019-10-24 14:01:18,990 [main] INFO  server.Server (Server.java:doStart(351)) - jetty-9.3.25.v20180904, build timestamp: 2018-09-04T21:11:46Z, git hash: 3ce520221d0240229c862b122d2b06c12a625732
2019-10-24 14:01:18,994 [main] INFO  handler.ContextHandler (ContextHandler.java:doStart(781)) - Started o.e.j.s.ServletContextHandler@476fe690{/logs,file:///workdir/hadoop-ozone/tools/target/log,AVAILABLE}
2019-10-24 14:01:18,994 [main] INFO  handler.ContextHandler (ContextHandler.java:doStart(781)) - Started o.e.j.s.ServletContextHandler@54e3658c{/static,jar:file:/home/user/.m2/repository/org/apache/hadoop/hadoop-hdds-container-service/0.5.0-SNAPSHOT/hadoop-hdds-container-service-0.5.0-SNAPSHOT.jar!/webapps/static,AVAILABLE}
2019-10-24 14:01:19,027 [main] INFO  handler.ContextHandler (ContextHandler.java:doStart(781)) - Started o.e.j.w.WebAppContext@22a6e998{/,file:///tmp/jetty-0.0.0.0-37098-hddsDatanode-_-any-3875639880614473500.dir/webapp/,AVAILABLE}{/hddsDatanode}
2019-10-24 14:01:19,028 [main] INFO  server.AbstractConnector (AbstractConnector.java:doStart(278)) - Started ServerConnector@55e42449{HTTP/1.1,[http/1.1]}{0.0.0.0:37098}
2019-10-24 14:01:19,028 [main] INFO  server.Server (Server.java:doStart(419)) - Started @5220ms
2019-10-24 14:01:19,029 [main] WARN  impl.MetricsSystemImpl (MetricsSystemImpl.java:register(276)) - Sink prometheus already exists!
2019-10-24 14:01:19,030 [main] INFO  server.BaseHttpServer (BaseHttpServer.java:updateConnectorAddress(215)) - HTTP server of HDDSDATANODE is listening at http://0.0.0.0:37098
2019-10-24 14:01:19,032 [main] INFO  ozone.MiniOzoneClusterImpl (MiniOzoneClusterImpl.java:lambda$waitForClusterToBeReady$0(149)) - Waiting for nodes to be ready. Got 0 of 3 DN Heartbeats.
2019-10-24 14:01:19,032 [main] INFO  ozone.MiniOzoneClusterImpl (MiniOzoneClusterImpl.java:lambda$waitForClusterToBeReady$0(152)) - Waiting for cluster to exit safe mode
2019-10-24 14:01:19,033 [org.apache.hadoop.util.JvmPauseMonitor$Monitor@24935991] INFO  util.JvmPauseMonitor (JvmPauseMonitor.java:run(188)) - Starting JVM pause monitor
2019-10-24 14:01:19,036 [Datanode State Machine Thread - 0] INFO  datanode.InitDatanodeState (InitDatanodeState.java:persistContainerDatanodeDetails(140)) - DatanodeDetails is persisted to /workdir/hadoop-ozone/tools/target/test-dir/MiniOzoneClusterImpl-3e98bdd2-7858-4974-ae40-455654d60294/datanode-2/meta/datanode.id
2019-10-24 14:01:20,033 [main] INFO  ozone.MiniOzoneClusterImpl (MiniOzoneClusterImpl.java:lambda$waitForClusterToBeReady$0(149)) - Waiting for nodes to be ready. Got 0 of 3 DN Heartbeats.
2019-10-24 14:01:20,034 [main] INFO  ozone.MiniOzoneClusterImpl (MiniOzoneClusterImpl.java:lambda$waitForClusterToBeReady$0(152)) - Waiting for cluster to exit safe mode
2019-10-24 14:01:20,956 [Datanode State Machine Thread - 0] INFO  ozoneimpl.OzoneContainer (OzoneContainer.java:start(213)) - Attempting to start container services.
2019-10-24 14:01:20,960 [Datanode State Machine Thread - 0] INFO  ozoneimpl.OzoneContainer (OzoneContainer.java:start(213)) - Attempting to start container services.
2019-10-24 14:01:20,961 [Datanode State Machine Thread - 0] INFO  ozoneimpl.OzoneContainer (OzoneContainer.java:startContainerScrub(177)) - Background container scanner has been disabled.
2019-10-24 14:01:20,965 [Datanode State Machine Thread - 0] INFO  ozoneimpl.OzoneContainer (OzoneContainer.java:startContainerScrub(177)) - Background container scanner has been disabled.
2019-10-24 14:01:20,965 [Datanode State Machine Thread - 0] INFO  ratis.XceiverServerRatis (XceiverServerRatis.java:start(419)) - Starting XceiverServerRatis e894f923-b1c9-490c-81e9-96a537a93170 at port 0
2019-10-24 14:01:20,965 [Datanode State Machine Thread - 0] INFO  ratis.XceiverServerRatis (XceiverServerRatis.java:start(419)) - Starting XceiverServerRatis eef97524-f470-48ed-9080-125fe9bf1610 at port 0
2019-10-24 14:01:21,007 [Datanode State Machine Thread - 0] INFO  impl.RaftServerProxy (RaftServerProxy.java:lambda$start$3(299)) - eef97524-f470-48ed-9080-125fe9bf1610: start RPC server
2019-10-24 14:01:21,007 [Datanode State Machine Thread - 0] INFO  impl.RaftServerProxy (RaftServerProxy.java:lambda$start$3(299)) - e894f923-b1c9-490c-81e9-96a537a93170: start RPC server
2019-10-24 14:01:21,035 [main] INFO  ozone.MiniOzoneClusterImpl (MiniOzoneClusterImpl.java:lambda$waitForClusterToBeReady$0(149)) - Waiting for nodes to be ready. Got 0 of 3 DN Heartbeats.
2019-10-24 14:01:21,036 [main] INFO  ozone.MiniOzoneClusterImpl (MiniOzoneClusterImpl.java:lambda$waitForClusterToBeReady$0(152)) - Waiting for cluster to exit safe mode
2019-10-24 14:01:21,050 [Datanode State Machine Thread - 0] INFO  ozoneimpl.OzoneContainer (OzoneContainer.java:start(213)) - Attempting to start container services.
2019-10-24 14:01:21,052 [Datanode State Machine Thread - 0] INFO  ozoneimpl.OzoneContainer (OzoneContainer.java:startContainerScrub(177)) - Background container scanner has been disabled.
2019-10-24 14:01:21,052 [Datanode State Machine Thread - 0] INFO  ratis.XceiverServerRatis (XceiverServerRatis.java:start(419)) - Starting XceiverServerRatis 606a27f3-5cf8-421b-ba6f-65d948371d16 at port 0
2019-10-24 14:01:21,063 [Datanode State Machine Thread - 0] INFO  impl.RaftServerProxy (RaftServerProxy.java:lambda$start$3(299)) - 606a27f3-5cf8-421b-ba6f-65d948371d16: start RPC server
2019-10-24 14:01:21,147 [Datanode State Machine Thread - 0] INFO  server.GrpcService (GrpcService.java:startImpl(158)) - eef97524-f470-48ed-9080-125fe9bf1610: GrpcService started, listening on 0.0.0.0/0.0.0.0:42977
2019-10-24 14:01:21,147 [Datanode State Machine Thread - 0] INFO  server.GrpcService (GrpcService.java:startImpl(158)) - e894f923-b1c9-490c-81e9-96a537a93170: GrpcService started, listening on 0.0.0.0/0.0.0.0:42577
2019-10-24 14:01:21,148 [Datanode State Machine Thread - 0] INFO  ratis.XceiverServerRatis (XceiverServerRatis.java:start(429)) - XceiverServerRatis eef97524-f470-48ed-9080-125fe9bf1610 is started using port 42977
2019-10-24 14:01:21,147 [Datanode State Machine Thread - 0] INFO  server.GrpcService (GrpcService.java:startImpl(158)) - 606a27f3-5cf8-421b-ba6f-65d948371d16: GrpcService started, listening on 0.0.0.0/0.0.0.0:35844
2019-10-24 14:01:21,148 [Datanode State Machine Thread - 0] INFO  ratis.XceiverServerRatis (XceiverServerRatis.java:start(429)) - XceiverServerRatis e894f923-b1c9-490c-81e9-96a537a93170 is started using port 42577
2019-10-24 14:01:21,149 [Datanode State Machine Thread - 0] INFO  ratis.XceiverServerRatis (XceiverServerRatis.java:start(429)) - XceiverServerRatis 606a27f3-5cf8-421b-ba6f-65d948371d16 is started using port 35844
2019-10-24 14:01:21,153 [Datanode State Machine Thread - 0] INFO  server.XceiverServerGrpc (XceiverServerGrpc.java:start(149)) - XceiverServerGrpc 606a27f3-5cf8-421b-ba6f-65d948371d16 is started using port 42317
2019-10-24 14:01:21,154 [Datanode State Machine Thread - 0] INFO  server.XceiverServerGrpc (XceiverServerGrpc.java:start(149)) - XceiverServerGrpc e894f923-b1c9-490c-81e9-96a537a93170 is started using port 44325
2019-10-24 14:01:21,153 [Datanode State Machine Thread - 0] INFO  server.XceiverServerGrpc (XceiverServerGrpc.java:start(149)) - XceiverServerGrpc eef97524-f470-48ed-9080-125fe9bf1610 is started using port 40679
2019-10-24 14:01:22,036 [main] INFO  ozone.MiniOzoneClusterImpl (MiniOzoneClusterImpl.java:lambda$waitForClusterToBeReady$0(149)) - Waiting for nodes to be ready. Got 0 of 3 DN Heartbeats.
2019-10-24 14:01:22,037 [main] INFO  ozone.MiniOzoneClusterImpl (MiniOzoneClusterImpl.java:lambda$waitForClusterToBeReady$0(152)) - Waiting for cluster to exit safe mode
2019-10-24 14:01:22,892 [IPC Server handler 0 on 37065] INFO  net.NetworkTopology (NetworkTopologyImpl.java:add(111)) - Added a new node: /default-rack/e894f923-b1c9-490c-81e9-96a537a93170
2019-10-24 14:01:22,893 [IPC Server handler 0 on 37065] INFO  node.SCMNodeManager (SCMNodeManager.java:register(268)) - Registered Data node : e894f923-b1c9-490c-81e9-96a537a93170{ip: 192.168.34.27, host: pr-hdds-2034-s5hcl-2472234065, networkLocation: /default-rack, certSerialId: null}
2019-10-24 14:01:22,896 [EventQueue-NodeRegistrationContainerReportForContainerSafeModeRule] INFO  safemode.SCMSafeModeManager (SCMSafeModeManager.java:validateSafeModeExitRules(169)) - ContainerSafeModeRule rule is successfully validated
2019-10-24 14:01:22,897 [EventQueue-NodeRegistrationContainerReportForDataNodeSafeModeRule] INFO  safemode.SCMSafeModeManager (DataNodeSafeModeRule.java:process(71)) - SCM in safe mode. 1 DataNodes registered, 1 required.
2019-10-24 14:01:22,897 [EventQueue-NodeRegistrationContainerReportForDataNodeSafeModeRule] INFO  safemode.SCMSafeModeManager (SCMSafeModeManager.java:validateSafeModeExitRules(169)) - DataNodeSafeModeRule rule is successfully validated
2019-10-24 14:01:22,901 [RatisPipelineUtilsThread] INFO  pipeline.RatisPipelineProvider (RatisPipelineProvider.java:lambda$create$4(163)) - Send pipeline:PipelineID=2a5fd5ec-40ff-487e-81e8-735f087f0bc7 create command to datanode e894f923-b1c9-490c-81e9-96a537a93170
2019-10-24 14:01:22,947 [IPC Server handler 1 on 37065] INFO  net.NetworkTopology (NetworkTopologyImpl.java:add(111)) - Added a new node: /default-rack/eef97524-f470-48ed-9080-125fe9bf1610
2019-10-24 14:01:22,947 [IPC Server handler 1 on 37065] INFO  node.SCMNodeManager (SCMNodeManager.java:register(268)) - Registered Data node : eef97524-f470-48ed-9080-125fe9bf1610{ip: 192.168.34.27, host: pr-hdds-2034-s5hcl-2472234065, networkLocation: /default-rack, certSerialId: null}
2019-10-24 14:01:22,948 [EventQueue-NodeRegistrationContainerReportForContainerSafeModeRule] INFO  safemode.SCMSafeModeManager (SCMSafeModeManager.java:validateSafeModeExitRules(169)) - ContainerSafeModeRule rule is successfully validated
2019-10-24 14:01:22,948 [EventQueue-NodeRegistrationContainerReportForDataNodeSafeModeRule] INFO  safemode.SCMSafeModeManager (SCMSafeModeManager.java:validateSafeModeExitRules(169)) - DataNodeSafeModeRule rule is successfully validated
2019-10-24 14:01:22,951 [RatisPipelineUtilsThread] INFO  pipeline.RatisPipelineProvider (RatisPipelineProvider.java:lambda$create$4(163)) - Send pipeline:PipelineID=edd24805-97a2-40ee-9ded-16b2cf6b0f74 create command to datanode eef97524-f470-48ed-9080-125fe9bf1610
2019-10-24 14:01:23,037 [IPC Server handler 2 on 37065] INFO  net.NetworkTopology (NetworkTopologyImpl.java:add(111)) - Added a new node: /default-rack/606a27f3-5cf8-421b-ba6f-65d948371d16
2019-10-24 14:01:23,037 [main] INFO  ozone.MiniOzoneClusterImpl (MiniOzoneClusterImpl.java:lambda$waitForClusterToBeReady$0(149)) - Nodes are ready. Got 3 of 3 DN Heartbeats.
2019-10-24 14:01:23,038 [IPC Server handler 2 on 37065] INFO  node.SCMNodeManager (SCMNodeManager.java:register(268)) - Registered Data node : 606a27f3-5cf8-421b-ba6f-65d948371d16{ip: 192.168.34.27, host: pr-hdds-2034-s5hcl-2472234065, networkLocation: /default-rack, certSerialId: null}
2019-10-24 14:01:23,038 [RatisPipelineUtilsThread] INFO  pipeline.RatisPipelineProvider (RatisPipelineProvider.java:lambda$create$4(163)) - Send pipeline:PipelineID=0d610e7c-641d-4e42-85f7-0428a30420c9 create command to datanode 606a27f3-5cf8-421b-ba6f-65d948371d16
2019-10-24 14:01:23,038 [main] INFO  ozone.MiniOzoneClusterImpl (MiniOzoneClusterImpl.java:lambda$waitForClusterToBeReady$0(152)) - Waiting for cluster to exit safe mode
2019-10-24 14:01:23,038 [EventQueue-NodeRegistrationContainerReportForDataNodeSafeModeRule] INFO  safemode.SCMSafeModeManager (SCMSafeModeManager.java:validateSafeModeExitRules(169)) - DataNodeSafeModeRule rule is successfully validated
2019-10-24 14:01:23,039 [EventQueue-NodeRegistrationContainerReportForContainerSafeModeRule] INFO  safemode.SCMSafeModeManager (SCMSafeModeManager.java:validateSafeModeExitRules(169)) - ContainerSafeModeRule rule is successfully validated
2019-10-24 14:01:23,042 [RatisPipelineUtilsThread] INFO  pipeline.RatisPipelineProvider (RatisPipelineProvider.java:lambda$create$4(163)) - Send pipeline:PipelineID=43c6bbff-4ddc-4195-a46f-01107cf7bcdc create command to datanode eef97524-f470-48ed-9080-125fe9bf1610
2019-10-24 14:01:23,042 [RatisPipelineUtilsThread] INFO  pipeline.RatisPipelineProvider (RatisPipelineProvider.java:lambda$create$4(163)) - Send pipeline:PipelineID=43c6bbff-4ddc-4195-a46f-01107cf7bcdc create command to datanode e894f923-b1c9-490c-81e9-96a537a93170
2019-10-24 14:01:23,043 [RatisPipelineUtilsThread] INFO  pipeline.RatisPipelineProvider (RatisPipelineProvider.java:lambda$create$4(163)) - Send pipeline:PipelineID=43c6bbff-4ddc-4195-a46f-01107cf7bcdc create command to datanode 606a27f3-5cf8-421b-ba6f-65d948371d16
2019-10-24 14:01:24,039 [main] INFO  ozone.MiniOzoneClusterImpl (MiniOzoneClusterImpl.java:lambda$waitForClusterToBeReady$0(149)) - Nodes are ready. Got 3 of 3 DN Heartbeats.
2019-10-24 14:01:24,040 [main] INFO  ozone.MiniOzoneClusterImpl (MiniOzoneClusterImpl.java:lambda$waitForClusterToBeReady$0(152)) - Waiting for cluster to exit safe mode
2019-10-24 14:01:25,040 [main] INFO  ozone.MiniOzoneClusterImpl (MiniOzoneClusterImpl.java:lambda$waitForClusterToBeReady$0(149)) - Nodes are ready. Got 3 of 3 DN Heartbeats.
2019-10-24 14:01:25,040 [main] INFO  ozone.MiniOzoneClusterImpl (MiniOzoneClusterImpl.java:lambda$waitForClusterToBeReady$0(152)) - Waiting for cluster to exit safe mode
2019-10-24 14:01:25,872 [Command processor thread] INFO  impl.RaftServerProxy (RaftServerProxy.java:addNew(89)) - e894f923-b1c9-490c-81e9-96a537a93170: addNew group-735F087F0BC7:[e894f923-b1c9-490c-81e9-96a537a93170:192.168.34.27:42577] returns group-735F087F0BC7:java.util.concurrent.CompletableFuture@1b36fda0[Not completed]
2019-10-24 14:01:25,896 [pool-27-thread-1] INFO  impl.RaftServerImpl (RaftServerImpl.java:<init>(98)) - e894f923-b1c9-490c-81e9-96a537a93170: new RaftServerImpl for group-735F087F0BC7:[e894f923-b1c9-490c-81e9-96a537a93170:192.168.34.27:42577] with ContainerStateMachine:uninitialized
2019-10-24 14:01:25,899 [pool-27-thread-1] INFO  server.RaftServerConfigKeys (ConfUtils.java:logGet(43)) - raft.server.rpc.timeout.min = 5s (custom)
2019-10-24 14:01:25,900 [pool-27-thread-1] INFO  server.RaftServerConfigKeys (ConfUtils.java:logGet(43)) - raft.server.rpc.timeout.max = 5200ms (custom)
2019-10-24 14:01:25,900 [pool-27-thread-1] INFO  server.RaftServerConfigKeys (ConfUtils.java:logGet(43)) - raft.server.rpcslowness.timeout = 120s (custom)
2019-10-24 14:01:25,902 [pool-27-thread-1] INFO  server.RaftServerConfigKeys (ConfUtils.java:logGet(43)) - raft.server.sleep.deviation.threshold = 300 (default)
2019-10-24 14:01:25,903 [pool-27-thread-1] INFO  server.RaftServerConfigKeys (ConfUtils.java:logGet(43)) - raft.server.log.appender.install.snapshot.enabled = false (custom)
2019-10-24 14:01:25,915 [pool-27-thread-1] INFO  impl.RaftServerImpl (ServerState.java:<init>(103)) - e894f923-b1c9-490c-81e9-96a537a93170@group-735F087F0BC7: ConfigurationManager, init=-1: [e894f923-b1c9-490c-81e9-96a537a93170:192.168.34.27:42577], old=null, confs=<EMPTY_MAP>
2019-10-24 14:01:25,915 [pool-27-thread-1] INFO  server.RaftServerConfigKeys (ConfUtils.java:logGet(43)) - raft.server.storage.dir = [/workdir/hadoop-ozone/tools/target/test-dir/MiniOzoneClusterImpl-3e98bdd2-7858-4974-ae40-455654d60294/datanode-0/data/ratis] (custom)
2019-10-24 14:01:25,925 [pool-27-thread-1] INFO  server.RaftServerConfigKeys (ConfUtils.java:logGet(43)) - raft.server.log.corruption.policy = EXCEPTION (default)
2019-10-24 14:01:25,927 [pool-27-thread-1] INFO  storage.RaftStorageDirectory (RaftStorageDirectory.java:analyzeStorage(246)) - The storage directory /workdir/hadoop-ozone/tools/target/test-dir/MiniOzoneClusterImpl-3e98bdd2-7858-4974-ae40-455654d60294/datanode-0/data/ratis/2a5fd5ec-40ff-487e-81e8-735f087f0bc7 does not exist. Creating ...
2019-10-24 14:01:25,947 [pool-27-thread-1] INFO  storage.RaftStorageDirectory (RaftStorageDirectory.java:tryLock(328)) - Lock on /workdir/hadoop-ozone/tools/target/test-dir/MiniOzoneClusterImpl-3e98bdd2-7858-4974-ae40-455654d60294/datanode-0/data/ratis/2a5fd5ec-40ff-487e-81e8-735f087f0bc7/in_use.lock acquired by nodename 11879@pr-hdds-2034-s5hcl-2472234065
2019-10-24 14:01:25,947 [Command processor thread] INFO  impl.RaftServerProxy (RaftServerProxy.java:addNew(89)) - eef97524-f470-48ed-9080-125fe9bf1610: addNew group-16B2CF6B0F74:[eef97524-f470-48ed-9080-125fe9bf1610:192.168.34.27:42977] returns group-16B2CF6B0F74:java.util.concurrent.CompletableFuture@7e013953[Not completed]
2019-10-24 14:01:25,975 [pool-37-thread-1] INFO  impl.RaftServerImpl (RaftServerImpl.java:<init>(98)) - eef97524-f470-48ed-9080-125fe9bf1610: new RaftServerImpl for group-16B2CF6B0F74:[eef97524-f470-48ed-9080-125fe9bf1610:192.168.34.27:42977] with ContainerStateMachine:uninitialized
2019-10-24 14:01:25,977 [pool-37-thread-1] INFO  server.RaftServerConfigKeys (ConfUtils.java:logGet(43)) - raft.server.rpc.timeout.min = 5s (custom)
2019-10-24 14:01:25,977 [pool-37-thread-1] INFO  server.RaftServerConfigKeys (ConfUtils.java:logGet(43)) - raft.server.rpc.timeout.max = 5200ms (custom)
2019-10-24 14:01:25,977 [pool-37-thread-1] INFO  server.RaftServerConfigKeys (ConfUtils.java:logGet(43)) - raft.server.rpcslowness.timeout = 120s (custom)
2019-10-24 14:01:25,977 [pool-37-thread-1] INFO  server.RaftServerConfigKeys (ConfUtils.java:logGet(43)) - raft.server.sleep.deviation.threshold = 300 (default)
2019-10-24 14:01:25,978 [pool-37-thread-1] INFO  server.RaftServerConfigKeys (ConfUtils.java:logGet(43)) - raft.server.log.appender.install.snapshot.enabled = false (custom)
2019-10-24 14:01:25,978 [pool-37-thread-1] INFO  impl.RaftServerImpl (ServerState.java:<init>(103)) - eef97524-f470-48ed-9080-125fe9bf1610@group-16B2CF6B0F74: ConfigurationManager, init=-1: [eef97524-f470-48ed-9080-125fe9bf1610:192.168.34.27:42977], old=null, confs=<EMPTY_MAP>
2019-10-24 14:01:25,978 [pool-37-thread-1] INFO  server.RaftServerConfigKeys (ConfUtils.java:logGet(43)) - raft.server.storage.dir = [/workdir/hadoop-ozone/tools/target/test-dir/MiniOzoneClusterImpl-3e98bdd2-7858-4974-ae40-455654d60294/datanode-1/data/ratis] (custom)
2019-10-24 14:01:25,979 [pool-37-thread-1] INFO  server.RaftServerConfigKeys (ConfUtils.java:logGet(43)) - raft.server.log.corruption.policy = EXCEPTION (default)
2019-10-24 14:01:25,979 [pool-37-thread-1] INFO  storage.RaftStorageDirectory (RaftStorageDirectory.java:analyzeStorage(246)) - The storage directory /workdir/hadoop-ozone/tools/target/test-dir/MiniOzoneClusterImpl-3e98bdd2-7858-4974-ae40-455654d60294/datanode-1/data/ratis/edd24805-97a2-40ee-9ded-16b2cf6b0f74 does not exist. Creating ...
2019-10-24 14:01:25,987 [pool-37-thread-1] INFO  storage.RaftStorageDirectory (RaftStorageDirectory.java:tryLock(328)) - Lock on /workdir/hadoop-ozone/tools/target/test-dir/MiniOzoneClusterImpl-3e98bdd2-7858-4974-ae40-455654d60294/datanode-1/data/ratis/edd24805-97a2-40ee-9ded-16b2cf6b0f74/in_use.lock acquired by nodename 11879@pr-hdds-2034-s5hcl-2472234065
2019-10-24 14:01:25,987 [pool-27-thread-1] INFO  storage.RaftStorage (RaftStorage.java:format(84)) - Storage directory /workdir/hadoop-ozone/tools/target/test-dir/MiniOzoneClusterImpl-3e98bdd2-7858-4974-ae40-455654d60294/datanode-0/data/ratis/2a5fd5ec-40ff-487e-81e8-735f087f0bc7 has been successfully formatted.
2019-10-24 14:01:25,991 [pool-27-thread-1] INFO  ratis.ContainerStateMachine (ContainerStateMachine.java:loadSnapshot(231)) - group-735F087F0BC7: The snapshot info is null. Setting the last applied indexto:(t:0, i:~)
2019-10-24 14:01:25,991 [pool-27-thread-1] INFO  server.RaftServerConfigKeys (ConfUtils.java:logGet(43)) - raft.server.notification.no-leader.timeout = 120s (custom)
2019-10-24 14:01:25,995 [pool-27-thread-1] INFO  server.RaftServerConfigKeys (ConfUtils.java:logGet(43)) - raft.server.log.use.memory = false (default)
2019-10-24 14:01:26,001 [pool-37-thread-1] INFO  storage.RaftStorage (RaftStorage.java:format(84)) - Storage directory /workdir/hadoop-ozone/tools/target/test-dir/MiniOzoneClusterImpl-3e98bdd2-7858-4974-ae40-455654d60294/datanode-1/data/ratis/edd24805-97a2-40ee-9ded-16b2cf6b0f74 has been successfully formatted.
2019-10-24 14:01:26,002 [pool-37-thread-1] INFO  ratis.ContainerStateMachine (ContainerStateMachine.java:loadSnapshot(231)) - group-16B2CF6B0F74: The snapshot info is null. Setting the last applied indexto:(t:0, i:~)
2019-10-24 14:01:26,003 [pool-37-thread-1] INFO  server.RaftServerConfigKeys (ConfUtils.java:logGet(43)) - raft.server.notification.no-leader.timeout = 120s (custom)
2019-10-24 14:01:26,004 [pool-37-thread-1] INFO  server.RaftServerConfigKeys (ConfUtils.java:logGet(43)) - raft.server.log.use.memory = false (default)
2019-10-24 14:01:26,004 [pool-27-thread-1] INFO  server.RaftServerConfigKeys (ConfUtils.java:logGet(43)) - raft.server.log.purge.gap = 1000000 (custom)
2019-10-24 14:01:26,004 [pool-37-thread-1] INFO  server.RaftServerConfigKeys (ConfUtils.java:logGet(43)) - raft.server.log.purge.gap = 1000000 (custom)
2019-10-24 14:01:26,005 [pool-27-thread-1] INFO  server.RaftServerConfigKeys (ConfUtils.java:logGet(43)) - raft.server.log.appender.buffer.byte-limit = 33554432 (custom)
2019-10-24 14:01:26,005 [pool-37-thread-1] INFO  server.RaftServerConfigKeys (ConfUtils.java:logGet(43)) - raft.server.log.appender.buffer.byte-limit = 33554432 (custom)
2019-10-24 14:01:26,008 [pool-27-thread-1] INFO  server.RaftServerConfigKeys (ConfUtils.java:logGet(43)) - raft.server.log.segment.size.max = 1048576 (custom)
2019-10-24 14:01:26,008 [pool-37-thread-1] INFO  server.RaftServerConfigKeys (ConfUtils.java:logGet(43)) - raft.server.log.segment.size.max = 1048576 (custom)
2019-10-24 14:01:26,016 [pool-27-thread-1] INFO  metrics.MetricRegistries (MetricRegistriesLoader.java:load(64)) - Loaded MetricRegistries class org.apache.ratis.metrics.impl.MetricRegistriesImpl
2019-10-24 14:01:26,023 [pool-37-thread-1] WARN  impl.MetricRegistriesImpl (MetricRegistriesImpl.java:lambda$create$1(61)) - First MetricRegistry has been created without registering reporters. You may need to call MetricRegistries.global().addReportRegistration(...) before.
2019-10-24 14:01:26,023 [pool-27-thread-1] WARN  impl.MetricRegistriesImpl (MetricRegistriesImpl.java:lambda$create$1(61)) - First MetricRegistry has been created without registering reporters. You may need to call MetricRegistries.global().addReportRegistration(...) before.
2019-10-24 14:01:26,033 [pool-27-thread-1] INFO  server.RaftServerConfigKeys (ConfUtils.java:logGet(43)) - raft.server.log.segment.cache.num.max = 2 (custom)
2019-10-24 14:01:26,033 [pool-37-thread-1] INFO  server.RaftServerConfigKeys (ConfUtils.java:logGet(43)) - raft.server.log.segment.cache.num.max = 2 (custom)
2019-10-24 14:01:26,035 [Command processor thread] INFO  impl.RaftServerProxy (RaftServerProxy.java:addNew(89)) - 606a27f3-5cf8-421b-ba6f-65d948371d16: addNew group-0428A30420C9:[606a27f3-5cf8-421b-ba6f-65d948371d16:192.168.34.27:35844] returns group-0428A30420C9:java.util.concurrent.CompletableFuture@6a721b3[Not completed]
2019-10-24 14:01:26,054 [main] INFO  ozone.MiniOzoneClusterImpl (MiniOzoneClusterImpl.java:lambda$waitForClusterToBeReady$0(149)) - Nodes are ready. Got 3 of 3 DN Heartbeats.
2019-10-24 14:01:26,054 [main] INFO  ozone.MiniOzoneClusterImpl (MiniOzoneClusterImpl.java:lambda$waitForClusterToBeReady$0(152)) - Waiting for cluster to exit safe mode
2019-10-24 14:01:26,055 [pool-47-thread-1] INFO  impl.RaftServerImpl (RaftServerImpl.java:<init>(98)) - 606a27f3-5cf8-421b-ba6f-65d948371d16: new RaftServerImpl for group-0428A30420C9:[606a27f3-5cf8-421b-ba6f-65d948371d16:192.168.34.27:35844] with ContainerStateMachine:uninitialized
2019-10-24 14:01:26,056 [pool-47-thread-1] INFO  server.RaftServerConfigKeys (ConfUtils.java:logGet(43)) - raft.server.rpc.timeout.min = 5s (custom)
2019-10-24 14:01:26,057 [pool-47-thread-1] INFO  server.RaftServerConfigKeys (ConfUtils.java:logGet(43)) - raft.server.rpc.timeout.max = 5200ms (custom)
2019-10-24 14:01:26,057 [pool-47-thread-1] INFO  server.RaftServerConfigKeys (ConfUtils.java:logGet(43)) - raft.server.rpcslowness.timeout = 120s (custom)
2019-10-24 14:01:26,057 [pool-47-thread-1] INFO  server.RaftServerConfigKeys (ConfUtils.java:logGet(43)) - raft.server.sleep.deviation.threshold = 300 (default)
2019-10-24 14:01:26,057 [pool-47-thread-1] INFO  server.RaftServerConfigKeys (ConfUtils.java:logGet(43)) - raft.server.log.appender.install.snapshot.enabled = false (custom)
2019-10-24 14:01:26,057 [pool-47-thread-1] INFO  impl.RaftServerImpl (ServerState.java:<init>(103)) - 606a27f3-5cf8-421b-ba6f-65d948371d16@group-0428A30420C9: ConfigurationManager, init=-1: [606a27f3-5cf8-421b-ba6f-65d948371d16:192.168.34.27:35844], old=null, confs=<EMPTY_MAP>
2019-10-24 14:01:26,058 [pool-47-thread-1] INFO  server.RaftServerConfigKeys (ConfUtils.java:logGet(43)) - raft.server.storage.dir = [/workdir/hadoop-ozone/tools/target/test-dir/MiniOzoneClusterImpl-3e98bdd2-7858-4974-ae40-455654d60294/datanode-2/data/ratis] (custom)
2019-10-24 14:01:26,058 [pool-47-thread-1] INFO  server.RaftServerConfigKeys (ConfUtils.java:logGet(43)) - raft.server.log.corruption.policy = EXCEPTION (default)
2019-10-24 14:01:26,058 [pool-47-thread-1] INFO  storage.RaftStorageDirectory (RaftStorageDirectory.java:analyzeStorage(246)) - The storage directory /workdir/hadoop-ozone/tools/target/test-dir/MiniOzoneClusterImpl-3e98bdd2-7858-4974-ae40-455654d60294/datanode-2/data/ratis/0d610e7c-641d-4e42-85f7-0428a30420c9 does not exist. Creating ...
2019-10-24 14:01:26,059 [pool-27-thread-1] INFO  segmented.SegmentedRaftLogWorker (SegmentedRaftLogWorker.java:<init>(173)) - new e894f923-b1c9-490c-81e9-96a537a93170@group-735F087F0BC7-SegmentedRaftLogWorker for RaftStorage:Storage Directory /workdir/hadoop-ozone/tools/target/test-dir/MiniOzoneClusterImpl-3e98bdd2-7858-4974-ae40-455654d60294/datanode-0/data/ratis/2a5fd5ec-40ff-487e-81e8-735f087f0bc7
2019-10-24 14:01:26,059 [pool-37-thread-1] INFO  segmented.SegmentedRaftLogWorker (SegmentedRaftLogWorker.java:<init>(173)) - new eef97524-f470-48ed-9080-125fe9bf1610@group-16B2CF6B0F74-SegmentedRaftLogWorker for RaftStorage:Storage Directory /workdir/hadoop-ozone/tools/target/test-dir/MiniOzoneClusterImpl-3e98bdd2-7858-4974-ae40-455654d60294/datanode-1/data/ratis/edd24805-97a2-40ee-9ded-16b2cf6b0f74
2019-10-24 14:01:26,060 [pool-27-thread-1] INFO  server.RaftServerConfigKeys (ConfUtils.java:logGet(43)) - raft.server.log.queue.byte-limit = 2147483647 (custom)
2019-10-24 14:01:26,060 [pool-37-thread-1] INFO  server.RaftServerConfigKeys (ConfUtils.java:logGet(43)) - raft.server.log.queue.byte-limit = 2147483647 (custom)
2019-10-24 14:01:26,061 [pool-27-thread-1] INFO  server.RaftServerConfigKeys (ConfUtils.java:logGet(43)) - raft.server.log.queue.element-limit = 1024 (custom)
2019-10-24 14:01:26,061 [pool-37-thread-1] INFO  server.RaftServerConfigKeys (ConfUtils.java:logGet(43)) - raft.server.log.queue.element-limit = 1024 (custom)
2019-10-24 14:01:26,063 [pool-27-thread-1] INFO  server.RaftServerConfigKeys (ConfUtils.java:logGet(43)) - raft.server.log.segment.size.max = 1048576 (custom)
2019-10-24 14:01:26,063 [pool-37-thread-1] INFO  server.RaftServerConfigKeys (ConfUtils.java:logGet(43)) - raft.server.log.segment.size.max = 1048576 (custom)
2019-10-24 14:01:26,064 [pool-27-thread-1] INFO  server.RaftServerConfigKeys (ConfUtils.java:logGet(43)) - raft.server.log.preallocated.size = 16384 (custom)
2019-10-24 14:01:26,064 [pool-37-thread-1] INFO  server.RaftServerConfigKeys (ConfUtils.java:logGet(43)) - raft.server.log.preallocated.size = 16384 (custom)
2019-10-24 14:01:26,064 [pool-27-thread-1] INFO  server.RaftServerConfigKeys (ConfUtils.java:logGet(43)) - raft.server.log.write.buffer.size = 33554432 (custom)
2019-10-24 14:01:26,065 [pool-37-thread-1] INFO  server.RaftServerConfigKeys (ConfUtils.java:logGet(43)) - raft.server.log.write.buffer.size = 33554432 (custom)
2019-10-24 14:01:26,065 [pool-27-thread-1] INFO  server.RaftServerConfigKeys (ConfUtils.java:logGet(43)) - raft.server.log.force.sync.num = 128 (default)
2019-10-24 14:01:26,065 [pool-37-thread-1] INFO  server.RaftServerConfigKeys (ConfUtils.java:logGet(43)) - raft.server.log.force.sync.num = 128 (default)
2019-10-24 14:01:26,067 [pool-27-thread-1] INFO  server.RaftServerConfigKeys (ConfUtils.java:logGet(43)) - raft.server.log.statemachine.data.sync = true (default)
2019-10-24 14:01:26,067 [pool-37-thread-1] INFO  server.RaftServerConfigKeys (ConfUtils.java:logGet(43)) - raft.server.log.statemachine.data.sync = true (default)
2019-10-24 14:01:26,067 [pool-27-thread-1] INFO  server.RaftServerConfigKeys (ConfUtils.java:logGet(43)) - raft.server.log.statemachine.data.sync.timeout = 10s (default)
2019-10-24 14:01:26,067 [pool-37-thread-1] INFO  server.RaftServerConfigKeys (ConfUtils.java:logGet(43)) - raft.server.log.statemachine.data.sync.timeout = 10s (default)
2019-10-24 14:01:26,068 [pool-27-thread-1] INFO  server.RaftServerConfigKeys (ConfUtils.java:logGet(43)) - raft.server.log.statemachine.data.sync.timeout.retry = -1 (default)
2019-10-24 14:01:26,068 [pool-37-thread-1] INFO  server.RaftServerConfigKeys (ConfUtils.java:logGet(43)) - raft.server.log.statemachine.data.sync.timeout.retry = -1 (default)
2019-10-24 14:01:26,072 [pool-47-thread-1] INFO  storage.RaftStorageDirectory (RaftStorageDirectory.java:tryLock(328)) - Lock on /workdir/hadoop-ozone/tools/target/test-dir/MiniOzoneClusterImpl-3e98bdd2-7858-4974-ae40-455654d60294/datanode-2/data/ratis/0d610e7c-641d-4e42-85f7-0428a30420c9/in_use.lock acquired by nodename 11879@pr-hdds-2034-s5hcl-2472234065
2019-10-24 14:01:26,084 [pool-47-thread-1] INFO  storage.RaftStorage (RaftStorage.java:format(84)) - Storage directory /workdir/hadoop-ozone/tools/target/test-dir/MiniOzoneClusterImpl-3e98bdd2-7858-4974-ae40-455654d60294/datanode-2/data/ratis/0d610e7c-641d-4e42-85f7-0428a30420c9 has been successfully formatted.
2019-10-24 14:01:26,085 [pool-47-thread-1] INFO  ratis.ContainerStateMachine (ContainerStateMachine.java:loadSnapshot(231)) - group-0428A30420C9: The snapshot info is null. Setting the last applied indexto:(t:0, i:~)
2019-10-24 14:01:26,085 [pool-47-thread-1] INFO  server.RaftServerConfigKeys (ConfUtils.java:logGet(43)) - raft.server.notification.no-leader.timeout = 120s (custom)
2019-10-24 14:01:26,085 [pool-47-thread-1] INFO  server.RaftServerConfigKeys (ConfUtils.java:logGet(43)) - raft.server.log.use.memory = false (default)
2019-10-24 14:01:26,086 [pool-47-thread-1] INFO  server.RaftServerConfigKeys (ConfUtils.java:logGet(43)) - raft.server.log.purge.gap = 1000000 (custom)
2019-10-24 14:01:26,086 [pool-47-thread-1] INFO  server.RaftServerConfigKeys (ConfUtils.java:logGet(43)) - raft.server.log.appender.buffer.byte-limit = 33554432 (custom)
2019-10-24 14:01:26,086 [pool-47-thread-1] INFO  server.RaftServerConfigKeys (ConfUtils.java:logGet(43)) - raft.server.log.segment.size.max = 1048576 (custom)
2019-10-24 14:01:26,086 [pool-47-thread-1] WARN  impl.MetricRegistriesImpl (MetricRegistriesImpl.java:lambda$create$1(61)) - First MetricRegistry has been created without registering reporters. You may need to call MetricRegistries.global().addReportRegistration(...) before.
2019-10-24 14:01:26,086 [pool-47-thread-1] INFO  server.RaftServerConfigKeys (ConfUtils.java:logGet(43)) - raft.server.log.segment.cache.num.max = 2 (custom)
2019-10-24 14:01:26,087 [pool-27-thread-1] INFO  server.RaftServerConfigKeys (ConfUtils.java:logGet(43)) - raft.server.log.statemachine.data.caching.enabled = true (custom)
2019-10-24 14:01:26,087 [pool-47-thread-1] INFO  segmented.SegmentedRaftLogWorker (SegmentedRaftLogWorker.java:<init>(173)) - new 606a27f3-5cf8-421b-ba6f-65d948371d16@group-0428A30420C9-SegmentedRaftLogWorker for RaftStorage:Storage Directory /workdir/hadoop-ozone/tools/target/test-dir/MiniOzoneClusterImpl-3e98bdd2-7858-4974-ae40-455654d60294/datanode-2/data/ratis/0d610e7c-641d-4e42-85f7-0428a30420c9
2019-10-24 14:01:26,087 [pool-37-thread-1] INFO  server.RaftServerConfigKeys (ConfUtils.java:logGet(43)) - raft.server.log.statemachine.data.caching.enabled = true (custom)
2019-10-24 14:01:26,087 [pool-47-thread-1] INFO  server.RaftServerConfigKeys (ConfUtils.java:logGet(43)) - raft.server.log.queue.byte-limit = 2147483647 (custom)
2019-10-24 14:01:26,087 [pool-47-thread-1] INFO  server.RaftServerConfigKeys (ConfUtils.java:logGet(43)) - raft.server.log.queue.element-limit = 1024 (custom)
2019-10-24 14:01:26,088 [pool-47-thread-1] INFO  server.RaftServerConfigKeys (ConfUtils.java:logGet(43)) - raft.server.log.segment.size.max = 1048576 (custom)
2019-10-24 14:01:26,088 [pool-47-thread-1] INFO  server.RaftServerConfigKeys (ConfUtils.java:logGet(43)) - raft.server.log.preallocated.size = 16384 (custom)
2019-10-24 14:01:26,088 [pool-47-thread-1] INFO  server.RaftServerConfigKeys (ConfUtils.java:logGet(43)) - raft.server.log.write.buffer.size = 33554432 (custom)
2019-10-24 14:01:26,088 [pool-47-thread-1] INFO  server.RaftServerConfigKeys (ConfUtils.java:logGet(43)) - raft.server.log.force.sync.num = 128 (default)
2019-10-24 14:01:26,088 [pool-47-thread-1] INFO  server.RaftServerConfigKeys (ConfUtils.java:logGet(43)) - raft.server.log.statemachine.data.sync = true (default)
2019-10-24 14:01:26,088 [pool-47-thread-1] INFO  server.RaftServerConfigKeys (ConfUtils.java:logGet(43)) - raft.server.log.statemachine.data.sync.timeout = 10s (default)
2019-10-24 14:01:26,089 [pool-47-thread-1] INFO  server.RaftServerConfigKeys (ConfUtils.java:logGet(43)) - raft.server.log.statemachine.data.sync.timeout.retry = -1 (default)
2019-10-24 14:01:26,089 [pool-47-thread-1] INFO  server.RaftServerConfigKeys (ConfUtils.java:logGet(43)) - raft.server.log.statemachine.data.caching.enabled = true (custom)
2019-10-24 14:01:26,095 [pool-37-thread-1] INFO  segmented.SegmentedRaftLogWorker (SegmentedRaftLogWorker.java:lambda$new$0(128)) - eef97524-f470-48ed-9080-125fe9bf1610@group-16B2CF6B0F74-SegmentedRaftLogWorker: flushIndex: setUnconditionally 0 -> -1
2019-10-24 14:01:26,095 [pool-47-thread-1] INFO  segmented.SegmentedRaftLogWorker (SegmentedRaftLogWorker.java:lambda$new$0(128)) - 606a27f3-5cf8-421b-ba6f-65d948371d16@group-0428A30420C9-SegmentedRaftLogWorker: flushIndex: setUnconditionally 0 -> -1
2019-10-24 14:01:26,095 [pool-27-thread-1] INFO  segmented.SegmentedRaftLogWorker (SegmentedRaftLogWorker.java:lambda$new$0(128)) - e894f923-b1c9-490c-81e9-96a537a93170@group-735F087F0BC7-SegmentedRaftLogWorker: flushIndex: setUnconditionally 0 -> -1
2019-10-24 14:01:26,101 [pool-27-thread-1] INFO  server.RaftServerConfigKeys (ConfUtils.java:logGet(43)) - raft.server.snapshot.auto.trigger.enabled = true (custom)
2019-10-24 14:01:26,101 [pool-37-thread-1] INFO  server.RaftServerConfigKeys (ConfUtils.java:logGet(43)) - raft.server.snapshot.auto.trigger.enabled = true (custom)
2019-10-24 14:01:26,101 [pool-47-thread-1] INFO  server.RaftServerConfigKeys (ConfUtils.java:logGet(43)) - raft.server.snapshot.auto.trigger.enabled = true (custom)
2019-10-24 14:01:26,103 [pool-27-thread-1] INFO  server.RaftServerConfigKeys (ConfUtils.java:logGet(43)) - raft.server.snapshot.auto.trigger.threshold = 10000 (custom)
2019-10-24 14:01:26,103 [pool-47-thread-1] INFO  server.RaftServerConfigKeys (ConfUtils.java:logGet(43)) - raft.server.snapshot.auto.trigger.threshold = 10000 (custom)
2019-10-24 14:01:26,104 [pool-37-thread-1] INFO  server.RaftServerConfigKeys (ConfUtils.java:logGet(43)) - raft.server.snapshot.auto.trigger.threshold = 10000 (custom)
2019-10-24 14:01:26,104 [pool-27-thread-1] INFO  server.RaftServerConfigKeys (ConfUtils.java:logGet(43)) - raft.server.snapshot.retention.file.num = 5 (custom)
2019-10-24 14:01:26,104 [pool-47-thread-1] INFO  server.RaftServerConfigKeys (ConfUtils.java:logGet(43)) - raft.server.snapshot.retention.file.num = 5 (custom)
2019-10-24 14:01:26,104 [pool-37-thread-1] INFO  server.RaftServerConfigKeys (ConfUtils.java:logGet(43)) - raft.server.snapshot.retention.file.num = 5 (custom)
2019-10-24 14:01:26,105 [pool-47-thread-1] INFO  server.RaftServerConfigKeys (ConfUtils.java:logGet(43)) - raft.server.retrycache.expirytime = 600000ms (custom)
2019-10-24 14:01:26,105 [pool-27-thread-1] INFO  server.RaftServerConfigKeys (ConfUtils.java:logGet(43)) - raft.server.retrycache.expirytime = 600000ms (custom)
2019-10-24 14:01:26,105 [pool-37-thread-1] INFO  server.RaftServerConfigKeys (ConfUtils.java:logGet(43)) - raft.server.retrycache.expirytime = 600000ms (custom)
2019-10-24 14:01:26,129 [pool-47-thread-1] WARN  impl.MetricRegistriesImpl (MetricRegistriesImpl.java:lambda$create$1(61)) - First MetricRegistry has been created without registering reporters. You may need to call MetricRegistries.global().addReportRegistration(...) before.
2019-10-24 14:01:26,129 [pool-37-thread-1] WARN  impl.MetricRegistriesImpl (MetricRegistriesImpl.java:lambda$create$1(61)) - First MetricRegistry has been created without registering reporters. You may need to call MetricRegistries.global().addReportRegistration(...) before.
2019-10-24 14:01:26,130 [pool-27-thread-1] WARN  impl.MetricRegistriesImpl (MetricRegistriesImpl.java:lambda$create$1(61)) - First MetricRegistry has been created without registering reporters. You may need to call MetricRegistries.global().addReportRegistration(...) before.
2019-10-24 14:01:26,133 [pool-37-thread-1] WARN  impl.MetricRegistriesImpl (MetricRegistriesImpl.java:lambda$create$1(61)) - First MetricRegistry has been created without registering reporters. You may need to call MetricRegistries.global().addReportRegistration(...) before.
2019-10-24 14:01:26,133 [pool-27-thread-1] WARN  impl.MetricRegistriesImpl (MetricRegistriesImpl.java:lambda$create$1(61)) - First MetricRegistry has been created without registering reporters. You may need to call MetricRegistries.global().addReportRegistration(...) before.
2019-10-24 14:01:26,133 [pool-47-thread-1] WARN  impl.MetricRegistriesImpl (MetricRegistriesImpl.java:lambda$create$1(61)) - First MetricRegistry has been created without registering reporters. You may need to call MetricRegistries.global().addReportRegistration(...) before.
2019-10-24 14:01:26,146 [pool-47-thread-1] INFO  impl.RaftServerImpl (RaftServerImpl.java:start(184)) - 606a27f3-5cf8-421b-ba6f-65d948371d16@group-0428A30420C9: start as a follower, conf=-1: [606a27f3-5cf8-421b-ba6f-65d948371d16:192.168.34.27:35844], old=null
2019-10-24 14:01:26,146 [pool-27-thread-1] INFO  impl.RaftServerImpl (RaftServerImpl.java:start(184)) - e894f923-b1c9-490c-81e9-96a537a93170@group-735F087F0BC7: start as a follower, conf=-1: [e894f923-b1c9-490c-81e9-96a537a93170:192.168.34.27:42577], old=null
2019-10-24 14:01:26,146 [pool-37-thread-1] INFO  impl.RaftServerImpl (RaftServerImpl.java:start(184)) - eef97524-f470-48ed-9080-125fe9bf1610@group-16B2CF6B0F74: start as a follower, conf=-1: [eef97524-f470-48ed-9080-125fe9bf1610:192.168.34.27:42977], old=null
2019-10-24 14:01:26,150 [pool-47-thread-1] INFO  impl.RaftServerImpl (RaftServerImpl.java:setRole(173)) - 606a27f3-5cf8-421b-ba6f-65d948371d16@group-0428A30420C9: changes role from      null to FOLLOWER at term 0 for startAsFollower
2019-10-24 14:01:26,150 [pool-27-thread-1] INFO  impl.RaftServerImpl (RaftServerImpl.java:setRole(173)) - e894f923-b1c9-490c-81e9-96a537a93170@group-735F087F0BC7: changes role from      null to FOLLOWER at term 0 for startAsFollower
2019-10-24 14:01:26,150 [pool-37-thread-1] INFO  impl.RaftServerImpl (RaftServerImpl.java:setRole(173)) - eef97524-f470-48ed-9080-125fe9bf1610@group-16B2CF6B0F74: changes role from      null to FOLLOWER at term 0 for startAsFollower
2019-10-24 14:01:26,153 [pool-47-thread-1] INFO  impl.RoleInfo (RoleInfo.java:updateAndGet(143)) - 606a27f3-5cf8-421b-ba6f-65d948371d16: start FollowerState
2019-10-24 14:01:26,153 [pool-37-thread-1] INFO  impl.RoleInfo (RoleInfo.java:updateAndGet(143)) - eef97524-f470-48ed-9080-125fe9bf1610: start FollowerState
2019-10-24 14:01:26,153 [pool-27-thread-1] INFO  impl.RoleInfo (RoleInfo.java:updateAndGet(143)) - e894f923-b1c9-490c-81e9-96a537a93170: start FollowerState
2019-10-24 14:01:26,161 [pool-47-thread-1] INFO  util.JmxRegister (JmxRegister.java:tryRegister(44)) - Successfully registered JMX Bean with object name Ratis:service=RaftServer,group=group-0428A30420C9,id=606a27f3-5cf8-421b-ba6f-65d948371d16
2019-10-24 14:01:26,161 [pool-37-thread-1] INFO  util.JmxRegister (JmxRegister.java:tryRegister(44)) - Successfully registered JMX Bean with object name Ratis:service=RaftServer,group=group-16B2CF6B0F74,id=eef97524-f470-48ed-9080-125fe9bf1610
2019-10-24 14:01:26,161 [pool-27-thread-1] INFO  util.JmxRegister (JmxRegister.java:tryRegister(44)) - Successfully registered JMX Bean with object name Ratis:service=RaftServer,group=group-735F087F0BC7,id=e894f923-b1c9-490c-81e9-96a537a93170
2019-10-24 14:01:26,165 [pool-37-thread-1] WARN  impl.MetricRegistriesImpl (MetricRegistriesImpl.java:lambda$create$1(61)) - First MetricRegistry has been created without registering reporters. You may need to call MetricRegistries.global().addReportRegistration(...) before.
2019-10-24 14:01:26,165 [pool-27-thread-1] WARN  impl.MetricRegistriesImpl (MetricRegistriesImpl.java:lambda$create$1(61)) - First MetricRegistry has been created without registering reporters. You may need to call MetricRegistries.global().addReportRegistration(...) before.
2019-10-24 14:01:26,165 [pool-47-thread-1] WARN  impl.MetricRegistriesImpl (MetricRegistriesImpl.java:lambda$create$1(61)) - First MetricRegistry has been created without registering reporters. You may need to call MetricRegistries.global().addReportRegistration(...) before.
2019-10-24 14:01:26,185 [Command processor thread] INFO  commandhandler.CreatePipelineCommandHandler (CreatePipelineCommandHandler.java:handle(86)) - Create Pipeline RATIS ONE #id: "2a5fd5ec-40ff-487e-81e8-735f087f0bc7"
 command succeed on datanode e894f923-b1c9-490c-81e9-96a537a93170.
2019-10-24 14:01:26,185 [Command processor thread] INFO  commandhandler.CreatePipelineCommandHandler (CreatePipelineCommandHandler.java:handle(86)) - Create Pipeline RATIS ONE #id: "edd24805-97a2-40ee-9ded-16b2cf6b0f74"
 command succeed on datanode eef97524-f470-48ed-9080-125fe9bf1610.
2019-10-24 14:01:26,185 [Command processor thread] INFO  commandhandler.CreatePipelineCommandHandler (CreatePipelineCommandHandler.java:handle(86)) - Create Pipeline RATIS ONE #id: "0d610e7c-641d-4e42-85f7-0428a30420c9"
 command succeed on datanode 606a27f3-5cf8-421b-ba6f-65d948371d16.
2019-10-24 14:01:26,196 [Command processor thread] INFO  impl.RaftServerProxy (RaftServerProxy.java:addNew(89)) - eef97524-f470-48ed-9080-125fe9bf1610: addNew group-01107CF7BCDC:[eef97524-f470-48ed-9080-125fe9bf1610:192.168.34.27:42977, 606a27f3-5cf8-421b-ba6f-65d948371d16:192.168.34.27:35844, e894f923-b1c9-490c-81e9-96a537a93170:192.168.34.27:42577] returns group-01107CF7BCDC:java.util.concurrent.CompletableFuture@7a3eb24b[Not completed]
2019-10-24 14:01:26,196 [Command processor thread] INFO  impl.RaftServerProxy (RaftServerProxy.java:addNew(89)) - 606a27f3-5cf8-421b-ba6f-65d948371d16: addNew group-01107CF7BCDC:[eef97524-f470-48ed-9080-125fe9bf1610:192.168.34.27:42977, 606a27f3-5cf8-421b-ba6f-65d948371d16:192.168.34.27:35844, e894f923-b1c9-490c-81e9-96a537a93170:192.168.34.27:42577] returns group-01107CF7BCDC:java.util.concurrent.CompletableFuture@298b5bf[Not completed]
2019-10-24 14:01:26,196 [Command processor thread] INFO  impl.RaftServerProxy (RaftServerProxy.java:addNew(89)) - e894f923-b1c9-490c-81e9-96a537a93170: addNew group-01107CF7BCDC:[eef97524-f470-48ed-9080-125fe9bf1610:192.168.34.27:42977, 606a27f3-5cf8-421b-ba6f-65d948371d16:192.168.34.27:35844, e894f923-b1c9-490c-81e9-96a537a93170:192.168.34.27:42577] returns group-01107CF7BCDC:java.util.concurrent.CompletableFuture@51731a5d[Not completed]
2019-10-24 14:01:26,200 [pool-47-thread-1] INFO  impl.RaftServerImpl (RaftServerImpl.java:<init>(98)) - 606a27f3-5cf8-421b-ba6f-65d948371d16: new RaftServerImpl for group-01107CF7BCDC:[eef97524-f470-48ed-9080-125fe9bf1610:192.168.34.27:42977, 606a27f3-5cf8-421b-ba6f-65d948371d16:192.168.34.27:35844, e894f923-b1c9-490c-81e9-96a537a93170:192.168.34.27:42577] with ContainerStateMachine:uninitialized
2019-10-24 14:01:26,201 [pool-47-thread-1] INFO  server.RaftServerConfigKeys (ConfUtils.java:logGet(43)) - raft.server.rpc.timeout.min = 5s (custom)
2019-10-24 14:01:26,201 [pool-47-thread-1] INFO  server.RaftServerConfigKeys (ConfUtils.java:logGet(43)) - raft.server.rpc.timeout.max = 5200ms (custom)
2019-10-24 14:01:26,201 [pool-47-thread-1] INFO  server.RaftServerConfigKeys (ConfUtils.java:logGet(43)) - raft.server.rpcslowness.timeout = 120s (custom)
2019-10-24 14:01:26,201 [pool-47-thread-1] INFO  server.RaftServerConfigKeys (ConfUtils.java:logGet(43)) - raft.server.sleep.deviation.threshold = 300 (default)
2019-10-24 14:01:26,201 [pool-47-thread-1] INFO  server.RaftServerConfigKeys (ConfUtils.java:logGet(43)) - raft.server.log.appender.install.snapshot.enabled = false (custom)
2019-10-24 14:01:26,201 [pool-47-thread-1] INFO  impl.RaftServerImpl (ServerState.java:<init>(103)) - 606a27f3-5cf8-421b-ba6f-65d948371d16@group-01107CF7BCDC: ConfigurationManager, init=-1: [eef97524-f470-48ed-9080-125fe9bf1610:192.168.34.27:42977, 606a27f3-5cf8-421b-ba6f-65d948371d16:192.168.34.27:35844, e894f923-b1c9-490c-81e9-96a537a93170:192.168.34.27:42577], old=null, confs=<EMPTY_MAP>
2019-10-24 14:01:26,202 [pool-47-thread-1] INFO  server.RaftServerConfigKeys (ConfUtils.java:logGet(43)) - raft.server.storage.dir = [/workdir/hadoop-ozone/tools/target/test-dir/MiniOzoneClusterImpl-3e98bdd2-7858-4974-ae40-455654d60294/datanode-2/data/ratis] (custom)
2019-10-24 14:01:26,202 [pool-47-thread-1] INFO  server.RaftServerConfigKeys (ConfUtils.java:logGet(43)) - raft.server.log.corruption.policy = EXCEPTION (default)
2019-10-24 14:01:26,202 [pool-27-thread-1] INFO  impl.RaftServerImpl (RaftServerImpl.java:<init>(98)) - e894f923-b1c9-490c-81e9-96a537a93170: new RaftServerImpl for group-01107CF7BCDC:[eef97524-f470-48ed-9080-125fe9bf1610:192.168.34.27:42977, 606a27f3-5cf8-421b-ba6f-65d948371d16:192.168.34.27:35844, e894f923-b1c9-490c-81e9-96a537a93170:192.168.34.27:42577] with ContainerStateMachine:uninitialized
2019-10-24 14:01:26,202 [pool-47-thread-1] INFO  storage.RaftStorageDirectory (RaftStorageDirectory.java:analyzeStorage(246)) - The storage directory /workdir/hadoop-ozone/tools/target/test-dir/MiniOzoneClusterImpl-3e98bdd2-7858-4974-ae40-455654d60294/datanode-2/data/ratis/43c6bbff-4ddc-4195-a46f-01107cf7bcdc does not exist. Creating ...
2019-10-24 14:01:26,203 [pool-27-thread-1] INFO  server.RaftServerConfigKeys (ConfUtils.java:logGet(43)) - raft.server.rpc.timeout.min = 5s (custom)
2019-10-24 14:01:26,203 [pool-27-thread-1] INFO  server.RaftServerConfigKeys (ConfUtils.java:logGet(43)) - raft.server.rpc.timeout.max = 5200ms (custom)
2019-10-24 14:01:26,203 [pool-27-thread-1] INFO  server.RaftServerConfigKeys (ConfUtils.java:logGet(43)) - raft.server.rpcslowness.timeout = 120s (custom)
2019-10-24 14:01:26,203 [pool-27-thread-1] INFO  server.RaftServerConfigKeys (ConfUtils.java:logGet(43)) - raft.server.sleep.deviation.threshold = 300 (default)
2019-10-24 14:01:26,203 [pool-27-thread-1] INFO  server.RaftServerConfigKeys (ConfUtils.java:logGet(43)) - raft.server.log.appender.install.snapshot.enabled = false (custom)
2019-10-24 14:01:26,204 [pool-37-thread-1] INFO  impl.RaftServerImpl (RaftServerImpl.java:<init>(98)) - eef97524-f470-48ed-9080-125fe9bf1610: new RaftServerImpl for group-01107CF7BCDC:[eef97524-f470-48ed-9080-125fe9bf1610:192.168.34.27:42977, 606a27f3-5cf8-421b-ba6f-65d948371d16:192.168.34.27:35844, e894f923-b1c9-490c-81e9-96a537a93170:192.168.34.27:42577] with ContainerStateMachine:uninitialized
2019-10-24 14:01:26,204 [pool-27-thread-1] INFO  impl.RaftServerImpl (ServerState.java:<init>(103)) - e894f923-b1c9-490c-81e9-96a537a93170@group-01107CF7BCDC: ConfigurationManager, init=-1: [eef97524-f470-48ed-9080-125fe9bf1610:192.168.34.27:42977, 606a27f3-5cf8-421b-ba6f-65d948371d16:192.168.34.27:35844, e894f923-b1c9-490c-81e9-96a537a93170:192.168.34.27:42577], old=null, confs=<EMPTY_MAP>
2019-10-24 14:01:26,204 [pool-37-thread-1] INFO  server.RaftServerConfigKeys (ConfUtils.java:logGet(43)) - raft.server.rpc.timeout.min = 5s (custom)
2019-10-24 14:01:26,204 [pool-27-thread-1] INFO  server.RaftServerConfigKeys (ConfUtils.java:logGet(43)) - raft.server.storage.dir = [/workdir/hadoop-ozone/tools/target/test-dir/MiniOzoneClusterImpl-3e98bdd2-7858-4974-ae40-455654d60294/datanode-0/data/ratis] (custom)
2019-10-24 14:01:26,204 [pool-37-thread-1] INFO  server.RaftServerConfigKeys (ConfUtils.java:logGet(43)) - raft.server.rpc.timeout.max = 5200ms (custom)
2019-10-24 14:01:26,204 [pool-37-thread-1] INFO  server.RaftServerConfigKeys (ConfUtils.java:logGet(43)) - raft.server.rpcslowness.timeout = 120s (custom)
2019-10-24 14:01:26,204 [pool-27-thread-1] INFO  server.RaftServerConfigKeys (ConfUtils.java:logGet(43)) - raft.server.log.corruption.policy = EXCEPTION (default)
2019-10-24 14:01:26,205 [pool-37-thread-1] INFO  server.RaftServerConfigKeys (ConfUtils.java:logGet(43)) - raft.server.sleep.deviation.threshold = 300 (default)
2019-10-24 14:01:26,205 [pool-37-thread-1] INFO  server.RaftServerConfigKeys (ConfUtils.java:logGet(43)) - raft.server.log.appender.install.snapshot.enabled = false (custom)
2019-10-24 14:01:26,205 [pool-27-thread-1] INFO  storage.RaftStorageDirectory (RaftStorageDirectory.java:analyzeStorage(246)) - The storage directory /workdir/hadoop-ozone/tools/target/test-dir/MiniOzoneClusterImpl-3e98bdd2-7858-4974-ae40-455654d60294/datanode-0/data/ratis/43c6bbff-4ddc-4195-a46f-01107cf7bcdc does not exist. Creating ...
2019-10-24 14:01:26,205 [pool-37-thread-1] INFO  impl.RaftServerImpl (ServerState.java:<init>(103)) - eef97524-f470-48ed-9080-125fe9bf1610@group-01107CF7BCDC: ConfigurationManager, init=-1: [eef97524-f470-48ed-9080-125fe9bf1610:192.168.34.27:42977, 606a27f3-5cf8-421b-ba6f-65d948371d16:192.168.34.27:35844, e894f923-b1c9-490c-81e9-96a537a93170:192.168.34.27:42577], old=null, confs=<EMPTY_MAP>
2019-10-24 14:01:26,205 [pool-37-thread-1] INFO  server.RaftServerConfigKeys (ConfUtils.java:logGet(43)) - raft.server.storage.dir = [/workdir/hadoop-ozone/tools/target/test-dir/MiniOzoneClusterImpl-3e98bdd2-7858-4974-ae40-455654d60294/datanode-1/data/ratis] (custom)
2019-10-24 14:01:26,206 [pool-37-thread-1] INFO  server.RaftServerConfigKeys (ConfUtils.java:logGet(43)) - raft.server.log.corruption.policy = EXCEPTION (default)
2019-10-24 14:01:26,206 [pool-37-thread-1] INFO  storage.RaftStorageDirectory (RaftStorageDirectory.java:analyzeStorage(246)) - The storage directory /workdir/hadoop-ozone/tools/target/test-dir/MiniOzoneClusterImpl-3e98bdd2-7858-4974-ae40-455654d60294/datanode-1/data/ratis/43c6bbff-4ddc-4195-a46f-01107cf7bcdc does not exist. Creating ...
2019-10-24 14:01:26,214 [EventQueue-PipelineReportForPipelineReportHandler] INFO  pipeline.PipelineReportHandler (PipelineReportHandler.java:processPipelineReport(104)) - Pipeline ONE PipelineID=2a5fd5ec-40ff-487e-81e8-735f087f0bc7 reported by e894f923-b1c9-490c-81e9-96a537a93170{ip: 192.168.34.27, host: pr-hdds-2034-s5hcl-2472234065, networkLocation: /default-rack, certSerialId: null}
2019-10-24 14:01:26,216 [EventQueue-PipelineReportForPipelineReportHandler] INFO  pipeline.PipelineStateManager (PipelineStateManager.java:openPipeline(134)) - Pipeline Pipeline[ Id: 2a5fd5ec-40ff-487e-81e8-735f087f0bc7, Nodes: e894f923-b1c9-490c-81e9-96a537a93170{ip: 192.168.34.27, host: pr-hdds-2034-s5hcl-2472234065, networkLocation: /default-rack, certSerialId: null}, Type:RATIS, Factor:ONE, State:ALLOCATED] moved to OPEN state
2019-10-24 14:01:26,218 [EventQueue-PipelineReportForPipelineReportHandler] INFO  pipeline.PipelineReportHandler (PipelineReportHandler.java:processPipelineReport(104)) - Pipeline ONE PipelineID=edd24805-97a2-40ee-9ded-16b2cf6b0f74 reported by eef97524-f470-48ed-9080-125fe9bf1610{ip: 192.168.34.27, host: pr-hdds-2034-s5hcl-2472234065, networkLocation: /default-rack, certSerialId: null}
2019-10-24 14:01:26,218 [EventQueue-OpenPipelineForHealthyPipelineSafeModeRule] INFO  safemode.SCMSafeModeManager (HealthyPipelineSafeModeRule.java:process(122)) - SCM in safe mode. Healthy pipelines reported count is 1, required healthy pipeline reported count is 1
2019-10-24 14:01:26,218 [EventQueue-PipelineReportForPipelineReportHandler] INFO  pipeline.PipelineStateManager (PipelineStateManager.java:openPipeline(134)) - Pipeline Pipeline[ Id: edd24805-97a2-40ee-9ded-16b2cf6b0f74, Nodes: eef97524-f470-48ed-9080-125fe9bf1610{ip: 192.168.34.27, host: pr-hdds-2034-s5hcl-2472234065, networkLocation: /default-rack, certSerialId: null}, Type:RATIS, Factor:ONE, State:ALLOCATED] moved to OPEN state
2019-10-24 14:01:26,218 [EventQueue-OpenPipelineForOneReplicaPipelineSafeModeRule] INFO  safemode.SCMSafeModeManager (SCMSafeModeManager.java:validateSafeModeExitRules(169)) - AtleastOneDatanodeReportedRule rule is successfully validated
2019-10-24 14:01:26,218 [EventQueue-PipelineReportForPipelineReportHandler] INFO  pipeline.PipelineReportHandler (PipelineReportHandler.java:processPipelineReport(104)) - Pipeline ONE PipelineID=0d610e7c-641d-4e42-85f7-0428a30420c9 reported by 606a27f3-5cf8-421b-ba6f-65d948371d16{ip: 192.168.34.27, host: pr-hdds-2034-s5hcl-2472234065, networkLocation: /default-rack, certSerialId: null}
2019-10-24 14:01:26,218 [EventQueue-OpenPipelineForHealthyPipelineSafeModeRule] INFO  safemode.SCMSafeModeManager (SCMSafeModeManager.java:validateSafeModeExitRules(169)) - HealthyPipelineSafeModeRule rule is successfully validated
2019-10-24 14:01:26,219 [EventQueue-PipelineReportForPipelineReportHandler] INFO  pipeline.PipelineStateManager (PipelineStateManager.java:openPipeline(134)) - Pipeline Pipeline[ Id: 0d610e7c-641d-4e42-85f7-0428a30420c9, Nodes: 606a27f3-5cf8-421b-ba6f-65d948371d16{ip: 192.168.34.27, host: pr-hdds-2034-s5hcl-2472234065, networkLocation: /default-rack, certSerialId: null}, Type:RATIS, Factor:ONE, State:ALLOCATED] moved to OPEN state
2019-10-24 14:01:26,219 [EventQueue-OpenPipelineForHealthyPipelineSafeModeRule] INFO  safemode.SCMSafeModeManager (SCMSafeModeManager.java:validateSafeModeExitRules(178)) - ScmSafeModeManager, all rules are successfully validated
2019-10-24 14:01:26,219 [EventQueue-OpenPipelineForHealthyPipelineSafeModeRule] INFO  safemode.SCMSafeModeManager (SCMSafeModeManager.java:exitSafeMode(194)) - SCM exiting safe mode.
2019-10-24 14:01:26,219 [EventQueue-OpenPipelineForOneReplicaPipelineSafeModeRule] INFO  safemode.SCMSafeModeManager (SCMSafeModeManager.java:validateSafeModeExitRules(169)) - AtleastOneDatanodeReportedRule rule is successfully validated
2019-10-24 14:01:26,219 [EventQueue-OpenPipelineForOneReplicaPipelineSafeModeRule] INFO  safemode.SCMSafeModeManager (SCMSafeModeManager.java:validateSafeModeExitRules(178)) - ScmSafeModeManager, all rules are successfully validated
2019-10-24 14:01:26,220 [EventQueue-OpenPipelineForOneReplicaPipelineSafeModeRule] INFO  safemode.SCMSafeModeManager (SCMSafeModeManager.java:exitSafeMode(194)) - SCM exiting safe mode.
2019-10-24 14:01:26,228 [pool-37-thread-1] INFO  storage.RaftStorageDirectory (RaftStorageDirectory.java:tryLock(328)) - Lock on /workdir/hadoop-ozone/tools/target/test-dir/MiniOzoneClusterImpl-3e98bdd2-7858-4974-ae40-455654d60294/datanode-1/data/ratis/43c6bbff-4ddc-4195-a46f-01107cf7bcdc/in_use.lock acquired by nodename 11879@pr-hdds-2034-s5hcl-2472234065
2019-10-24 14:01:26,228 [pool-47-thread-1] INFO  storage.RaftStorageDirectory (RaftStorageDirectory.java:tryLock(328)) - Lock on /workdir/hadoop-ozone/tools/target/test-dir/MiniOzoneClusterImpl-3e98bdd2-7858-4974-ae40-455654d60294/datanode-2/data/ratis/43c6bbff-4ddc-4195-a46f-01107cf7bcdc/in_use.lock acquired by nodename 11879@pr-hdds-2034-s5hcl-2472234065
2019-10-24 14:01:26,228 [pool-27-thread-1] INFO  storage.RaftStorageDirectory (RaftStorageDirectory.java:tryLock(328)) - Lock on /workdir/hadoop-ozone/tools/target/test-dir/MiniOzoneClusterImpl-3e98bdd2-7858-4974-ae40-455654d60294/datanode-0/data/ratis/43c6bbff-4ddc-4195-a46f-01107cf7bcdc/in_use.lock acquired by nodename 11879@pr-hdds-2034-s5hcl-2472234065
2019-10-24 14:01:26,246 [pool-37-thread-1] INFO  storage.RaftStorage (RaftStorage.java:format(84)) - Storage directory /workdir/hadoop-ozone/tools/target/test-dir/MiniOzoneClusterImpl-3e98bdd2-7858-4974-ae40-455654d60294/datanode-1/data/ratis/43c6bbff-4ddc-4195-a46f-01107cf7bcdc has been successfully formatted.
2019-10-24 14:01:26,246 [pool-47-thread-1] INFO  storage.RaftStorage (RaftStorage.java:format(84)) - Storage directory /workdir/hadoop-ozone/tools/target/test-dir/MiniOzoneClusterImpl-3e98bdd2-7858-4974-ae40-455654d60294/datanode-2/data/ratis/43c6bbff-4ddc-4195-a46f-01107cf7bcdc has been successfully formatted.
2019-10-24 14:01:26,246 [pool-27-thread-1] INFO  storage.RaftStorage (RaftStorage.java:format(84)) - Storage directory /workdir/hadoop-ozone/tools/target/test-dir/MiniOzoneClusterImpl-3e98bdd2-7858-4974-ae40-455654d60294/datanode-0/data/ratis/43c6bbff-4ddc-4195-a46f-01107cf7bcdc has been successfully formatted.
2019-10-24 14:01:26,246 [pool-37-thread-1] INFO  ratis.ContainerStateMachine (ContainerStateMachine.java:loadSnapshot(231)) - group-01107CF7BCDC: The snapshot info is null. Setting the last applied indexto:(t:0, i:~)
2019-10-24 14:01:26,246 [pool-47-thread-1] INFO  ratis.ContainerStateMachine (ContainerStateMachine.java:loadSnapshot(231)) - group-01107CF7BCDC: The snapshot info is null. Setting the last applied indexto:(t:0, i:~)
2019-10-24 14:01:26,247 [pool-27-thread-1] INFO  ratis.ContainerStateMachine (ContainerStateMachine.java:loadSnapshot(231)) - group-01107CF7BCDC: The snapshot info is null. Setting the last applied indexto:(t:0, i:~)
2019-10-24 14:01:26,247 [pool-37-thread-1] INFO  server.RaftServerConfigKeys (ConfUtils.java:logGet(43)) - raft.server.notification.no-leader.timeout = 120s (custom)
2019-10-24 14:01:26,247 [pool-27-thread-1] INFO  server.RaftServerConfigKeys (ConfUtils.java:logGet(43)) - raft.server.notification.no-leader.timeout = 120s (custom)
2019-10-24 14:01:26,247 [pool-47-thread-1] INFO  server.RaftServerConfigKeys (ConfUtils.java:logGet(43)) - raft.server.notification.no-leader.timeout = 120s (custom)
2019-10-24 14:01:26,247 [pool-27-thread-1] INFO  server.RaftServerConfigKeys (ConfUtils.java:logGet(43)) - raft.server.log.use.memory = false (default)
2019-10-24 14:01:26,247 [pool-37-thread-1] INFO  server.RaftServerConfigKeys (ConfUtils.java:logGet(43)) - raft.server.log.use.memory = false (default)
2019-10-24 14:01:26,248 [pool-27-thread-1] INFO  server.RaftServerConfigKeys (ConfUtils.java:logGet(43)) - raft.server.log.purge.gap = 1000000 (custom)
2019-10-24 14:01:26,248 [pool-37-thread-1] INFO  server.RaftServerConfigKeys (ConfUtils.java:logGet(43)) - raft.server.log.purge.gap = 1000000 (custom)
2019-10-24 14:01:26,247 [pool-47-thread-1] INFO  server.RaftServerConfigKeys (ConfUtils.java:logGet(43)) - raft.server.log.use.memory = false (default)
2019-10-24 14:01:26,248 [pool-37-thread-1] INFO  server.RaftServerConfigKeys (ConfUtils.java:logGet(43)) - raft.server.log.appender.buffer.byte-limit = 33554432 (custom)
2019-10-24 14:01:26,248 [pool-27-thread-1] INFO  server.RaftServerConfigKeys (ConfUtils.java:logGet(43)) - raft.server.log.appender.buffer.byte-limit = 33554432 (custom)
2019-10-24 14:01:26,248 [pool-37-thread-1] INFO  server.RaftServerConfigKeys (ConfUtils.java:logGet(43)) - raft.server.log.segment.size.max = 1048576 (custom)
2019-10-24 14:01:26,248 [pool-47-thread-1] INFO  server.RaftServerConfigKeys (ConfUtils.java:logGet(43)) - raft.server.log.purge.gap = 1000000 (custom)
2019-10-24 14:01:26,249 [pool-37-thread-1] INFO  server.RaftServerConfigKeys (ConfUtils.java:logGet(43)) - raft.server.log.segment.cache.num.max = 2 (custom)
2019-10-24 14:01:26,249 [pool-47-thread-1] INFO  server.RaftServerConfigKeys (ConfUtils.java:logGet(43)) - raft.server.log.appender.buffer.byte-limit = 33554432 (custom)
2019-10-24 14:01:26,248 [pool-27-thread-1] INFO  server.RaftServerConfigKeys (ConfUtils.java:logGet(43)) - raft.server.log.segment.size.max = 1048576 (custom)
2019-10-24 14:01:26,249 [pool-47-thread-1] INFO  server.RaftServerConfigKeys (ConfUtils.java:logGet(43)) - raft.server.log.segment.size.max = 1048576 (custom)
2019-10-24 14:01:26,249 [pool-37-thread-1] INFO  segmented.SegmentedRaftLogWorker (SegmentedRaftLogWorker.java:<init>(173)) - new eef97524-f470-48ed-9080-125fe9bf1610@group-01107CF7BCDC-SegmentedRaftLogWorker for RaftStorage:Storage Directory /workdir/hadoop-ozone/tools/target/test-dir/MiniOzoneClusterImpl-3e98bdd2-7858-4974-ae40-455654d60294/datanode-1/data/ratis/43c6bbff-4ddc-4195-a46f-01107cf7bcdc
2019-10-24 14:01:26,249 [pool-47-thread-1] INFO  server.RaftServerConfigKeys (ConfUtils.java:logGet(43)) - raft.server.log.segment.cache.num.max = 2 (custom)
2019-10-24 14:01:26,250 [pool-37-thread-1] INFO  server.RaftServerConfigKeys (ConfUtils.java:logGet(43)) - raft.server.log.queue.byte-limit = 2147483647 (custom)
2019-10-24 14:01:26,249 [pool-27-thread-1] INFO  server.RaftServerConfigKeys (ConfUtils.java:logGet(43)) - raft.server.log.segment.cache.num.max = 2 (custom)
2019-10-24 14:01:26,250 [pool-37-thread-1] INFO  server.RaftServerConfigKeys (ConfUtils.java:logGet(43)) - raft.server.log.queue.element-limit = 1024 (custom)
2019-10-24 14:01:26,250 [pool-47-thread-1] INFO  segmented.SegmentedRaftLogWorker (SegmentedRaftLogWorker.java:<init>(173)) - new 606a27f3-5cf8-421b-ba6f-65d948371d16@group-01107CF7BCDC-SegmentedRaftLogWorker for RaftStorage:Storage Directory /workdir/hadoop-ozone/tools/target/test-dir/MiniOzoneClusterImpl-3e98bdd2-7858-4974-ae40-455654d60294/datanode-2/data/ratis/43c6bbff-4ddc-4195-a46f-01107cf7bcdc
2019-10-24 14:01:26,250 [pool-37-thread-1] INFO  server.RaftServerConfigKeys (ConfUtils.java:logGet(43)) - raft.server.log.segment.size.max = 1048576 (custom)
2019-10-24 14:01:26,250 [pool-27-thread-1] INFO  segmented.SegmentedRaftLogWorker (SegmentedRaftLogWorker.java:<init>(173)) - new e894f923-b1c9-490c-81e9-96a537a93170@group-01107CF7BCDC-SegmentedRaftLogWorker for RaftStorage:Storage Directory /workdir/hadoop-ozone/tools/target/test-dir/MiniOzoneClusterImpl-3e98bdd2-7858-4974-ae40-455654d60294/datanode-0/data/ratis/43c6bbff-4ddc-4195-a46f-01107cf7bcdc
2019-10-24 14:01:26,250 [pool-37-thread-1] INFO  server.RaftServerConfigKeys (ConfUtils.java:logGet(43)) - raft.server.log.preallocated.size = 16384 (custom)
2019-10-24 14:01:26,250 [pool-47-thread-1] INFO  server.RaftServerConfigKeys (ConfUtils.java:logGet(43)) - raft.server.log.queue.byte-limit = 2147483647 (custom)
2019-10-24 14:01:26,251 [pool-37-thread-1] INFO  server.RaftServerConfigKeys (ConfUtils.java:logGet(43)) - raft.server.log.write.buffer.size = 33554432 (custom)
2019-10-24 14:01:26,251 [pool-27-thread-1] INFO  server.RaftServerConfigKeys (ConfUtils.java:logGet(43)) - raft.server.log.queue.byte-limit = 2147483647 (custom)
2019-10-24 14:01:26,251 [pool-37-thread-1] INFO  server.RaftServerConfigKeys (ConfUtils.java:logGet(43)) - raft.server.log.force.sync.num = 128 (default)
2019-10-24 14:01:26,251 [pool-47-thread-1] INFO  server.RaftServerConfigKeys (ConfUtils.java:logGet(43)) - raft.server.log.queue.element-limit = 1024 (custom)
2019-10-24 14:01:26,251 [pool-37-thread-1] INFO  server.RaftServerConfigKeys (ConfUtils.java:logGet(43)) - raft.server.log.statemachine.data.sync = true (default)
2019-10-24 14:01:26,251 [pool-27-thread-1] INFO  server.RaftServerConfigKeys (ConfUtils.java:logGet(43)) - raft.server.log.queue.element-limit = 1024 (custom)
2019-10-24 14:01:26,252 [pool-37-thread-1] INFO  server.RaftServerConfigKeys (ConfUtils.java:logGet(43)) - raft.server.log.statemachine.data.sync.timeout = 10s (default)
2019-10-24 14:01:26,252 [pool-47-thread-1] INFO  server.RaftServerConfigKeys (ConfUtils.java:logGet(43)) - raft.server.log.segment.size.max = 1048576 (custom)
2019-10-24 14:01:26,252 [pool-37-thread-1] INFO  server.RaftServerConfigKeys (ConfUtils.java:logGet(43)) - raft.server.log.statemachine.data.sync.timeout.retry = -1 (default)
2019-10-24 14:01:26,252 [pool-27-thread-1] INFO  server.RaftServerConfigKeys (ConfUtils.java:logGet(43)) - raft.server.log.segment.size.max = 1048576 (custom)
2019-10-24 14:01:26,253 [pool-37-thread-1] INFO  server.RaftServerConfigKeys (ConfUtils.java:logGet(43)) - raft.server.log.statemachine.data.caching.enabled = true (custom)
2019-10-24 14:01:26,252 [pool-47-thread-1] INFO  server.RaftServerConfigKeys (ConfUtils.java:logGet(43)) - raft.server.log.preallocated.size = 16384 (custom)
2019-10-24 14:01:26,253 [pool-27-thread-1] INFO  server.RaftServerConfigKeys (ConfUtils.java:logGet(43)) - raft.server.log.preallocated.size = 16384 (custom)
2019-10-24 14:01:26,253 [pool-37-thread-1] INFO  segmented.SegmentedRaftLogWorker (SegmentedRaftLogWorker.java:lambda$new$0(128)) - eef97524-f470-48ed-9080-125fe9bf1610@group-01107CF7BCDC-SegmentedRaftLogWorker: flushIndex: setUnconditionally 0 -> -1
2019-10-24 14:01:26,253 [pool-47-thread-1] INFO  server.RaftServerConfigKeys (ConfUtils.java:logGet(43)) - raft.server.log.write.buffer.size = 33554432 (custom)
2019-10-24 14:01:26,253 [pool-27-thread-1] INFO  server.RaftServerConfigKeys (ConfUtils.java:logGet(43)) - raft.server.log.write.buffer.size = 33554432 (custom)
2019-10-24 14:01:26,254 [pool-47-thread-1] INFO  server.RaftServerConfigKeys (ConfUtils.java:logGet(43)) - raft.server.log.force.sync.num = 128 (default)
2019-10-24 14:01:26,254 [pool-37-thread-1] INFO  server.RaftServerConfigKeys (ConfUtils.java:logGet(43)) - raft.server.snapshot.auto.trigger.enabled = true (custom)
2019-10-24 14:01:26,254 [pool-47-thread-1] INFO  server.RaftServerConfigKeys (ConfUtils.java:logGet(43)) - raft.server.log.statemachine.data.sync = true (default)
2019-10-24 14:01:26,254 [pool-27-thread-1] INFO  server.RaftServerConfigKeys (ConfUtils.java:logGet(43)) - raft.server.log.force.sync.num = 128 (default)
2019-10-24 14:01:26,254 [pool-47-thread-1] INFO  server.RaftServerConfigKeys (ConfUtils.java:logGet(43)) - raft.server.log.statemachine.data.sync.timeout = 10s (default)
2019-10-24 14:01:26,254 [pool-37-thread-1] INFO  server.RaftServerConfigKeys (ConfUtils.java:logGet(43)) - raft.server.snapshot.auto.trigger.threshold = 10000 (custom)
2019-10-24 14:01:26,255 [pool-47-thread-1] INFO  server.RaftServerConfigKeys (ConfUtils.java:logGet(43)) - raft.server.log.statemachine.data.sync.timeout.retry = -1 (default)
2019-10-24 14:01:26,254 [pool-27-thread-1] INFO  server.RaftServerConfigKeys (ConfUtils.java:logGet(43)) - raft.server.log.statemachine.data.sync = true (default)
2019-10-24 14:01:26,255 [pool-47-thread-1] INFO  server.RaftServerConfigKeys (ConfUtils.java:logGet(43)) - raft.server.log.statemachine.data.caching.enabled = true (custom)
2019-10-24 14:01:26,255 [pool-37-thread-1] INFO  server.RaftServerConfigKeys (ConfUtils.java:logGet(43)) - raft.server.snapshot.retention.file.num = 5 (custom)
2019-10-24 14:01:26,255 [pool-27-thread-1] INFO  server.RaftServerConfigKeys (ConfUtils.java:logGet(43)) - raft.server.log.statemachine.data.sync.timeout = 10s (default)
2019-10-24 14:01:26,255 [pool-47-thread-1] INFO  segmented.SegmentedRaftLogWorker (SegmentedRaftLogWorker.java:lambda$new$0(128)) - 606a27f3-5cf8-421b-ba6f-65d948371d16@group-01107CF7BCDC-SegmentedRaftLogWorker: flushIndex: setUnconditionally 0 -> -1
2019-10-24 14:01:26,255 [pool-37-thread-1] INFO  server.RaftServerConfigKeys (ConfUtils.java:logGet(43)) - raft.server.retrycache.expirytime = 600000ms (custom)
2019-10-24 14:01:26,256 [pool-27-thread-1] INFO  server.RaftServerConfigKeys (ConfUtils.java:logGet(43)) - raft.server.log.statemachine.data.sync.timeout.retry = -1 (default)
2019-10-24 14:01:26,256 [pool-47-thread-1] INFO  server.RaftServerConfigKeys (ConfUtils.java:logGet(43)) - raft.server.snapshot.auto.trigger.enabled = true (custom)
2019-10-24 14:01:26,256 [pool-37-thread-1] WARN  impl.MetricRegistriesImpl (MetricRegistriesImpl.java:lambda$create$1(61)) - First MetricRegistry has been created without registering reporters. You may need to call MetricRegistries.global().addReportRegistration(...) before.
2019-10-24 14:01:26,256 [pool-47-thread-1] INFO  server.RaftServerConfigKeys (ConfUtils.java:logGet(43)) - raft.server.snapshot.auto.trigger.threshold = 10000 (custom)
2019-10-24 14:01:26,256 [pool-27-thread-1] INFO  server.RaftServerConfigKeys (ConfUtils.java:logGet(43)) - raft.server.log.statemachine.data.caching.enabled = true (custom)
2019-10-24 14:01:26,257 [pool-47-thread-1] INFO  server.RaftServerConfigKeys (ConfUtils.java:logGet(43)) - raft.server.snapshot.retention.file.num = 5 (custom)
2019-10-24 14:01:26,257 [pool-37-thread-1] WARN  impl.MetricRegistriesImpl (MetricRegistriesImpl.java:lambda$create$1(61)) - First MetricRegistry has been created without registering reporters. You may need to call MetricRegistries.global().addReportRegistration(...) before.
2019-10-24 14:01:26,257 [pool-47-thread-1] INFO  server.RaftServerConfigKeys (ConfUtils.java:logGet(43)) - raft.server.retrycache.expirytime = 600000ms (custom)
2019-10-24 14:01:26,257 [pool-37-thread-1] INFO  impl.RaftServerImpl (RaftServerImpl.java:start(184)) - eef97524-f470-48ed-9080-125fe9bf1610@group-01107CF7BCDC: start as a follower, conf=-1: [eef97524-f470-48ed-9080-125fe9bf1610:192.168.34.27:42977, 606a27f3-5cf8-421b-ba6f-65d948371d16:192.168.34.27:35844, e894f923-b1c9-490c-81e9-96a537a93170:192.168.34.27:42577], old=null
2019-10-24 14:01:26,257 [pool-27-thread-1] INFO  segmented.SegmentedRaftLogWorker (SegmentedRaftLogWorker.java:lambda$new$0(128)) - e894f923-b1c9-490c-81e9-96a537a93170@group-01107CF7BCDC-SegmentedRaftLogWorker: flushIndex: setUnconditionally 0 -> -1
2019-10-24 14:01:26,257 [pool-37-thread-1] INFO  impl.RaftServerImpl (RaftServerImpl.java:setRole(173)) - eef97524-f470-48ed-9080-125fe9bf1610@group-01107CF7BCDC: changes role from      null to FOLLOWER at term 0 for startAsFollower
2019-10-24 14:01:26,257 [pool-47-thread-1] WARN  impl.MetricRegistriesImpl (MetricRegistriesImpl.java:lambda$create$1(61)) - First MetricRegistry has been created without registering reporters. You may need to call MetricRegistries.global().addReportRegistration(...) before.
2019-10-24 14:01:26,258 [pool-27-thread-1] INFO  server.RaftServerConfigKeys (ConfUtils.java:logGet(43)) - raft.server.snapshot.auto.trigger.enabled = true (custom)
2019-10-24 14:01:26,258 [pool-37-thread-1] INFO  impl.RoleInfo (RoleInfo.java:updateAndGet(143)) - eef97524-f470-48ed-9080-125fe9bf1610: start FollowerState
2019-10-24 14:01:26,258 [pool-27-thread-1] INFO  server.RaftServerConfigKeys (ConfUtils.java:logGet(43)) - raft.server.snapshot.auto.trigger.threshold = 10000 (custom)
2019-10-24 14:01:26,258 [pool-47-thread-1] WARN  impl.MetricRegistriesImpl (MetricRegistriesImpl.java:lambda$create$1(61)) - First MetricRegistry has been created without registering reporters. You may need to call MetricRegistries.global().addReportRegistration(...) before.
2019-10-24 14:01:26,258 [pool-27-thread-1] INFO  server.RaftServerConfigKeys (ConfUtils.java:logGet(43)) - raft.server.snapshot.retention.file.num = 5 (custom)
2019-10-24 14:01:26,259 [pool-37-thread-1] INFO  util.JmxRegister (JmxRegister.java:tryRegister(44)) - Successfully registered JMX Bean with object name Ratis:service=RaftServer,group=group-01107CF7BCDC,id=eef97524-f470-48ed-9080-125fe9bf1610
2019-10-24 14:01:26,259 [pool-27-thread-1] INFO  server.RaftServerConfigKeys (ConfUtils.java:logGet(43)) - raft.server.retrycache.expirytime = 600000ms (custom)
2019-10-24 14:01:26,259 [pool-47-thread-1] INFO  impl.RaftServerImpl (RaftServerImpl.java:start(184)) - 606a27f3-5cf8-421b-ba6f-65d948371d16@group-01107CF7BCDC: start as a follower, conf=-1: [eef97524-f470-48ed-9080-125fe9bf1610:192.168.34.27:42977, 606a27f3-5cf8-421b-ba6f-65d948371d16:192.168.34.27:35844, e894f923-b1c9-490c-81e9-96a537a93170:192.168.34.27:42577], old=null
2019-10-24 14:01:26,259 [pool-27-thread-1] WARN  impl.MetricRegistriesImpl (MetricRegistriesImpl.java:lambda$create$1(61)) - First MetricRegistry has been created without registering reporters. You may need to call MetricRegistries.global().addReportRegistration(...) before.
2019-10-24 14:01:26,259 [pool-37-thread-1] WARN  impl.MetricRegistriesImpl (MetricRegistriesImpl.java:lambda$create$1(61)) - First MetricRegistry has been created without registering reporters. You may need to call MetricRegistries.global().addReportRegistration(...) before.
2019-10-24 14:01:26,259 [pool-27-thread-1] WARN  impl.MetricRegistriesImpl (MetricRegistriesImpl.java:lambda$create$1(61)) - First MetricRegistry has been created without registering reporters. You may need to call MetricRegistries.global().addReportRegistration(...) before.
2019-10-24 14:01:26,259 [pool-47-thread-1] INFO  impl.RaftServerImpl (RaftServerImpl.java:setRole(173)) - 606a27f3-5cf8-421b-ba6f-65d948371d16@group-01107CF7BCDC: changes role from      null to FOLLOWER at term 0 for startAsFollower
2019-10-24 14:01:26,260 [pool-27-thread-1] INFO  impl.RaftServerImpl (RaftServerImpl.java:start(184)) - e894f923-b1c9-490c-81e9-96a537a93170@group-01107CF7BCDC: start as a follower, conf=-1: [eef97524-f470-48ed-9080-125fe9bf1610:192.168.34.27:42977, 606a27f3-5cf8-421b-ba6f-65d948371d16:192.168.34.27:35844, e894f923-b1c9-490c-81e9-96a537a93170:192.168.34.27:42577], old=null
2019-10-24 14:01:26,260 [pool-47-thread-1] INFO  impl.RoleInfo (RoleInfo.java:updateAndGet(143)) - 606a27f3-5cf8-421b-ba6f-65d948371d16: start FollowerState
2019-10-24 14:01:26,260 [Command processor thread] INFO  commandhandler.CreatePipelineCommandHandler (CreatePipelineCommandHandler.java:handle(86)) - Create Pipeline RATIS THREE #id: "43c6bbff-4ddc-4195-a46f-01107cf7bcdc"
 command succeed on datanode eef97524-f470-48ed-9080-125fe9bf1610.
2019-10-24 14:01:26,260 [pool-27-thread-1] INFO  impl.RaftServerImpl (RaftServerImpl.java:setRole(173)) - e894f923-b1c9-490c-81e9-96a537a93170@group-01107CF7BCDC: changes role from      null to FOLLOWER at term 0 for startAsFollower
2019-10-24 14:01:26,261 [pool-27-thread-1] INFO  impl.RoleInfo (RoleInfo.java:updateAndGet(143)) - e894f923-b1c9-490c-81e9-96a537a93170: start FollowerState
2019-10-24 14:01:26,261 [pool-47-thread-1] INFO  util.JmxRegister (JmxRegister.java:tryRegister(44)) - Successfully registered JMX Bean with object name Ratis:service=RaftServer,group=group-01107CF7BCDC,id=606a27f3-5cf8-421b-ba6f-65d948371d16
2019-10-24 14:01:26,261 [pool-47-thread-1] WARN  impl.MetricRegistriesImpl (MetricRegistriesImpl.java:lambda$create$1(61)) - First MetricRegistry has been created without registering reporters. You may need to call MetricRegistries.global().addReportRegistration(...) before.
2019-10-24 14:01:26,261 [pool-27-thread-1] INFO  util.JmxRegister (JmxRegister.java:tryRegister(44)) - Successfully registered JMX Bean with object name Ratis:service=RaftServer,group=group-01107CF7BCDC,id=e894f923-b1c9-490c-81e9-96a537a93170
2019-10-24 14:01:26,262 [pool-27-thread-1] WARN  impl.MetricRegistriesImpl (MetricRegistriesImpl.java:lambda$create$1(61)) - First MetricRegistry has been created without registering reporters. You may need to call MetricRegistries.global().addReportRegistration(...) before.
2019-10-24 14:01:26,263 [Command processor thread] INFO  commandhandler.CreatePipelineCommandHandler (CreatePipelineCommandHandler.java:handle(86)) - Create Pipeline RATIS THREE #id: "43c6bbff-4ddc-4195-a46f-01107cf7bcdc"
 command succeed on datanode 606a27f3-5cf8-421b-ba6f-65d948371d16.
2019-10-24 14:01:26,263 [Command processor thread] INFO  commandhandler.CreatePipelineCommandHandler (CreatePipelineCommandHandler.java:handle(86)) - Create Pipeline RATIS THREE #id: "43c6bbff-4ddc-4195-a46f-01107cf7bcdc"
 command succeed on datanode e894f923-b1c9-490c-81e9-96a537a93170.
2019-10-24 14:01:26,263 [EventQueue-PipelineReportForPipelineReportHandler] INFO  pipeline.PipelineReportHandler (PipelineReportHandler.java:processPipelineReport(104)) - Pipeline THREE PipelineID=43c6bbff-4ddc-4195-a46f-01107cf7bcdc reported by eef97524-f470-48ed-9080-125fe9bf1610{ip: 192.168.34.27, host: pr-hdds-2034-s5hcl-2472234065, networkLocation: /default-rack, certSerialId: null}
2019-10-24 14:01:26,266 [EventQueue-PipelineReportForPipelineReportHandler] INFO  pipeline.PipelineReportHandler (PipelineReportHandler.java:processPipelineReport(104)) - Pipeline THREE PipelineID=43c6bbff-4ddc-4195-a46f-01107cf7bcdc reported by 606a27f3-5cf8-421b-ba6f-65d948371d16{ip: 192.168.34.27, host: pr-hdds-2034-s5hcl-2472234065, networkLocation: /default-rack, certSerialId: null}
2019-10-24 14:01:26,266 [EventQueue-PipelineReportForPipelineReportHandler] INFO  pipeline.PipelineReportHandler (PipelineReportHandler.java:processPipelineReport(104)) - Pipeline THREE PipelineID=43c6bbff-4ddc-4195-a46f-01107cf7bcdc reported by e894f923-b1c9-490c-81e9-96a537a93170{ip: 192.168.34.27, host: pr-hdds-2034-s5hcl-2472234065, networkLocation: /default-rack, certSerialId: null}
2019-10-24 14:01:26,266 [EventQueue-PipelineReportForPipelineReportHandler] INFO  pipeline.PipelineStateManager (PipelineStateManager.java:openPipeline(134)) - Pipeline Pipeline[ Id: 43c6bbff-4ddc-4195-a46f-01107cf7bcdc, Nodes: eef97524-f470-48ed-9080-125fe9bf1610{ip: 192.168.34.27, host: pr-hdds-2034-s5hcl-2472234065, networkLocation: /default-rack, certSerialId: null}e894f923-b1c9-490c-81e9-96a537a93170{ip: 192.168.34.27, host: pr-hdds-2034-s5hcl-2472234065, networkLocation: /default-rack, certSerialId: null}606a27f3-5cf8-421b-ba6f-65d948371d16{ip: 192.168.34.27, host: pr-hdds-2034-s5hcl-2472234065, networkLocation: /default-rack, certSerialId: null}, Type:RATIS, Factor:THREE, State:ALLOCATED] moved to OPEN state
2019-10-24 14:01:27,055 [main] INFO  ozone.MiniOzoneClusterImpl (MiniOzoneClusterImpl.java:lambda$waitForClusterToBeReady$0(149)) - Nodes are ready. Got 3 of 3 DN Heartbeats.
2019-10-24 14:01:27,056 [main] INFO  ozone.MiniOzoneClusterImpl (MiniOzoneClusterImpl.java:lambda$waitForClusterToBeReady$0(152)) - Cluster exits safe mode
2019-10-24 14:01:29,226 [Thread-187] INFO  container.ReplicationManager (ReplicationManager.java:start(162)) - Starting Replication Monitor Thread.
2019-10-24 14:01:29,229 [Thread-188] INFO  container.ReplicationManager (ReplicationManager.java:start(169)) - Replication Monitor Thread is already running.
2019-10-24 14:01:29,231 [ReplicationMonitor] INFO  container.ReplicationManager (ReplicationManager.java:run(225)) - Replication Monitor Thread took 3 milliseconds for processing 0 containers.
2019-10-24 14:01:30,654 [main] INFO  freon.RandomKeyGenerator (RandomKeyGenerator.java:call(283)) - Number of Threads: 10
2019-10-24 14:01:30,655 [main] INFO  freon.RandomKeyGenerator (RandomKeyGenerator.java:call(288)) - Number of Volumes: 1.
2019-10-24 14:01:30,655 [main] INFO  freon.RandomKeyGenerator (RandomKeyGenerator.java:call(289)) - Number of Buckets per Volume: 1.
2019-10-24 14:01:30,655 [main] INFO  freon.RandomKeyGenerator (RandomKeyGenerator.java:call(290)) - Number of Keys per Bucket: 1.
2019-10-24 14:01:30,655 [main] INFO  freon.RandomKeyGenerator (RandomKeyGenerator.java:call(291)) - Key size: 20971520 bytes
2019-10-24 14:01:30,655 [main] INFO  freon.RandomKeyGenerator (RandomKeyGenerator.java:call(292)) - Buffer size: 4096 bytes
2019-10-24 14:01:30,655 [main] INFO  freon.RandomKeyGenerator (RandomKeyGenerator.java:call(293)) - validateWrites : true
2019-10-24 14:01:30,660 [main] INFO  freon.RandomKeyGenerator (RandomKeyGenerator.java:call(307)) - Data validation is enabled.
2019-10-24 14:01:30,661 [main] INFO  freon.RandomKeyGenerator (RandomKeyGenerator.java:call(313)) - Starting progress bar Thread.

 0.00% |?                                                                                                    |  0/1 Time: 0:00:002019-10-24 14:01:30,688 [pool-53-thread-1] INFO  rpc.RpcClient (RpcClient.java:createVolume(272)) - Creating Volume: vol-0-62889, with jenkins1000 as owner.
2019-10-24 14:01:30,771 [IPC Server handler 1 on 42552] INFO  volume.OMVolumeCreateRequest (OMVolumeCreateRequest.java:validateAndUpdateCache(193)) - created volume:vol-0-62889 for user:jenkins1000
2019-10-24 14:01:30,822 [pool-53-thread-2] INFO  rpc.RpcClient (RpcClient.java:createBucket(411)) - Creating Bucket: vol-0-62889/bucket-0-77859, with Versioning false and Storage Type set to DISK and Encryption set to false 
2019-10-24 14:01:30,902 [IPC Server handler 0 on 41497] INFO  server.SCMBlockProtocolServer (SCMBlockProtocolServer.java:allocateBlock(179)) - Allocating 5 blocks of size 4194304, with ExcludeList {datanodes = [], containerIds = [], pipelineIds = []}
2019-10-24 14:01:31,039 [pool-53-thread-3] INFO  impl.MetricsSystemImpl (MetricsSystemImpl.java:init(158)) - XceiverClientMetrics metrics system started (again)
2019-10-24 14:01:31,570 [Thread-194] INFO  impl.FollowerState (FollowerState.java:run(111)) - e894f923-b1c9-490c-81e9-96a537a93170@group-01107CF7BCDC-FollowerState: change to CANDIDATE, lastRpcTime:5309ms, electionTimeout:5110ms
2019-10-24 14:01:31,570 [Thread-193] INFO  impl.FollowerState (FollowerState.java:run(111)) - 606a27f3-5cf8-421b-ba6f-65d948371d16@group-01107CF7BCDC-FollowerState: change to CANDIDATE, lastRpcTime:5310ms, electionTimeout:5049ms
2019-10-24 14:01:31,570 [Thread-182] INFO  impl.FollowerState (FollowerState.java:run(111)) - eef97524-f470-48ed-9080-125fe9bf1610@group-16B2CF6B0F74-FollowerState: change to CANDIDATE, lastRpcTime:5418ms, electionTimeout:5128ms
2019-10-24 14:01:31,570 [Thread-183] INFO  impl.FollowerState (FollowerState.java:run(111)) - e894f923-b1c9-490c-81e9-96a537a93170@group-735F087F0BC7-FollowerState: change to CANDIDATE, lastRpcTime:5418ms, electionTimeout:5135ms
2019-10-24 14:01:31,570 [Thread-181] INFO  impl.FollowerState (FollowerState.java:run(111)) - 606a27f3-5cf8-421b-ba6f-65d948371d16@group-0428A30420C9-FollowerState: change to CANDIDATE, lastRpcTime:5418ms, electionTimeout:5140ms
2019-10-24 14:01:31,570 [Thread-191] INFO  impl.FollowerState (FollowerState.java:run(111)) - eef97524-f470-48ed-9080-125fe9bf1610@group-01107CF7BCDC-FollowerState: change to CANDIDATE, lastRpcTime:5312ms, electionTimeout:5068ms
2019-10-24 14:01:31,574 [Thread-193] INFO  impl.RoleInfo (RoleInfo.java:shutdownFollowerState(121)) - 606a27f3-5cf8-421b-ba6f-65d948371d16: shutdown FollowerState
2019-10-24 14:01:31,574 [Thread-191] INFO  impl.RoleInfo (RoleInfo.java:shutdownFollowerState(121)) - eef97524-f470-48ed-9080-125fe9bf1610: shutdown FollowerState
2019-10-24 14:01:31,574 [Thread-181] INFO  impl.RoleInfo (RoleInfo.java:shutdownFollowerState(121)) - 606a27f3-5cf8-421b-ba6f-65d948371d16: shutdown FollowerState
2019-10-24 14:01:31,574 [Thread-193] INFO  impl.RaftServerImpl (RaftServerImpl.java:setRole(173)) - 606a27f3-5cf8-421b-ba6f-65d948371d16@group-01107CF7BCDC: changes role from  FOLLOWER to CANDIDATE at term 0 for changeToCandidate
2019-10-24 14:01:31,574 [Thread-194] INFO  impl.RoleInfo (RoleInfo.java:shutdownFollowerState(121)) - e894f923-b1c9-490c-81e9-96a537a93170: shutdown FollowerState
2019-10-24 14:01:31,574 [Thread-183] INFO  impl.RoleInfo (RoleInfo.java:shutdownFollowerState(121)) - e894f923-b1c9-490c-81e9-96a537a93170: shutdown FollowerState
2019-10-24 14:01:31,574 [Thread-182] INFO  impl.RoleInfo (RoleInfo.java:shutdownFollowerState(121)) - eef97524-f470-48ed-9080-125fe9bf1610: shutdown FollowerState
2019-10-24 14:01:31,574 [Thread-183] INFO  impl.RaftServerImpl (RaftServerImpl.java:setRole(173)) - e894f923-b1c9-490c-81e9-96a537a93170@group-735F087F0BC7: changes role from  FOLLOWER to CANDIDATE at term 0 for changeToCandidate
2019-10-24 14:01:31,574 [Thread-194] INFO  impl.RaftServerImpl (RaftServerImpl.java:setRole(173)) - e894f923-b1c9-490c-81e9-96a537a93170@group-01107CF7BCDC: changes role from  FOLLOWER to CANDIDATE at term 0 for changeToCandidate
2019-10-24 14:01:31,574 [Thread-181] INFO  impl.RaftServerImpl (RaftServerImpl.java:setRole(173)) - 606a27f3-5cf8-421b-ba6f-65d948371d16@group-0428A30420C9: changes role from  FOLLOWER to CANDIDATE at term 0 for changeToCandidate
2019-10-24 14:01:31,574 [Thread-191] INFO  impl.RaftServerImpl (RaftServerImpl.java:setRole(173)) - eef97524-f470-48ed-9080-125fe9bf1610@group-01107CF7BCDC: changes role from  FOLLOWER to CANDIDATE at term 0 for changeToCandidate
2019-10-24 14:01:31,575 [Thread-182] INFO  impl.RaftServerImpl (RaftServerImpl.java:setRole(173)) - eef97524-f470-48ed-9080-125fe9bf1610@group-16B2CF6B0F74: changes role from  FOLLOWER to CANDIDATE at term 0 for changeToCandidate
2019-10-24 14:01:31,579 [Thread-191] INFO  impl.RoleInfo (RoleInfo.java:updateAndGet(143)) - eef97524-f470-48ed-9080-125fe9bf1610: start LeaderElection
2019-10-24 14:01:31,579 [Thread-193] INFO  impl.RoleInfo (RoleInfo.java:updateAndGet(143)) - 606a27f3-5cf8-421b-ba6f-65d948371d16: start LeaderElection
2019-10-24 14:01:31,579 [Thread-181] INFO  impl.RoleInfo (RoleInfo.java:updateAndGet(143)) - 606a27f3-5cf8-421b-ba6f-65d948371d16: start LeaderElection
2019-10-24 14:01:31,579 [Thread-182] INFO  impl.RoleInfo (RoleInfo.java:updateAndGet(143)) - eef97524-f470-48ed-9080-125fe9bf1610: start LeaderElection
2019-10-24 14:01:31,579 [Thread-194] INFO  impl.RoleInfo (RoleInfo.java:updateAndGet(143)) - e894f923-b1c9-490c-81e9-96a537a93170: start LeaderElection
2019-10-24 14:01:31,579 [Thread-183] INFO  impl.RoleInfo (RoleInfo.java:updateAndGet(143)) - e894f923-b1c9-490c-81e9-96a537a93170: start LeaderElection
2019-10-24 14:01:31,614 [eef97524-f470-48ed-9080-125fe9bf1610@group-16B2CF6B0F74-LeaderElection6] INFO  impl.LeaderElection (LeaderElection.java:askForVotes(178)) - eef97524-f470-48ed-9080-125fe9bf1610@group-16B2CF6B0F74-LeaderElection6: begin an election at term 1 for -1: [eef97524-f470-48ed-9080-125fe9bf1610:192.168.34.27:42977], old=null
2019-10-24 14:01:31,614 [e894f923-b1c9-490c-81e9-96a537a93170@group-735F087F0BC7-LeaderElection4] INFO  impl.LeaderElection (LeaderElection.java:askForVotes(178)) - e894f923-b1c9-490c-81e9-96a537a93170@group-735F087F0BC7-LeaderElection4: begin an election at term 1 for -1: [e894f923-b1c9-490c-81e9-96a537a93170:192.168.34.27:42577], old=null
2019-10-24 14:01:31,615 [e894f923-b1c9-490c-81e9-96a537a93170@group-01107CF7BCDC-LeaderElection1] INFO  impl.LeaderElection (LeaderElection.java:askForVotes(178)) - e894f923-b1c9-490c-81e9-96a537a93170@group-01107CF7BCDC-LeaderElection1: begin an election at term 1 for -1: [eef97524-f470-48ed-9080-125fe9bf1610:192.168.34.27:42977, 606a27f3-5cf8-421b-ba6f-65d948371d16:192.168.34.27:35844, e894f923-b1c9-490c-81e9-96a537a93170:192.168.34.27:42577], old=null
2019-10-24 14:01:31,614 [606a27f3-5cf8-421b-ba6f-65d948371d16@group-01107CF7BCDC-LeaderElection2] INFO  impl.LeaderElection (LeaderElection.java:askForVotes(178)) - 606a27f3-5cf8-421b-ba6f-65d948371d16@group-01107CF7BCDC-LeaderElection2: begin an election at term 1 for -1: [eef97524-f470-48ed-9080-125fe9bf1610:192.168.34.27:42977, 606a27f3-5cf8-421b-ba6f-65d948371d16:192.168.34.27:35844, e894f923-b1c9-490c-81e9-96a537a93170:192.168.34.27:42577], old=null
2019-10-24 14:01:31,614 [eef97524-f470-48ed-9080-125fe9bf1610@group-01107CF7BCDC-LeaderElection3] INFO  impl.LeaderElection (LeaderElection.java:askForVotes(178)) - eef97524-f470-48ed-9080-125fe9bf1610@group-01107CF7BCDC-LeaderElection3: begin an election at term 1 for -1: [eef97524-f470-48ed-9080-125fe9bf1610:192.168.34.27:42977, 606a27f3-5cf8-421b-ba6f-65d948371d16:192.168.34.27:35844, e894f923-b1c9-490c-81e9-96a537a93170:192.168.34.27:42577], old=null
2019-10-24 14:01:31,614 [606a27f3-5cf8-421b-ba6f-65d948371d16@group-0428A30420C9-LeaderElection5] INFO  impl.LeaderElection (LeaderElection.java:askForVotes(178)) - 606a27f3-5cf8-421b-ba6f-65d948371d16@group-0428A30420C9-LeaderElection5: begin an election at term 1 for -1: [606a27f3-5cf8-421b-ba6f-65d948371d16:192.168.34.27:35844], old=null
2019-10-24 14:01:31,618 [eef97524-f470-48ed-9080-125fe9bf1610@group-16B2CF6B0F74-LeaderElection6] INFO  impl.RoleInfo (RoleInfo.java:shutdownLeaderElection(134)) - eef97524-f470-48ed-9080-125fe9bf1610: shutdown LeaderElection
2019-10-24 14:01:31,618 [606a27f3-5cf8-421b-ba6f-65d948371d16@group-0428A30420C9-LeaderElection5] INFO  impl.RoleInfo (RoleInfo.java:shutdownLeaderElection(134)) - 606a27f3-5cf8-421b-ba6f-65d948371d16: shutdown LeaderElection
2019-10-24 14:01:31,618 [e894f923-b1c9-490c-81e9-96a537a93170@group-735F087F0BC7-LeaderElection4] INFO  impl.RoleInfo (RoleInfo.java:shutdownLeaderElection(134)) - e894f923-b1c9-490c-81e9-96a537a93170: shutdown LeaderElection
2019-10-24 14:01:31,618 [606a27f3-5cf8-421b-ba6f-65d948371d16@group-0428A30420C9-LeaderElection5] INFO  impl.RaftServerImpl (RaftServerImpl.java:setRole(173)) - 606a27f3-5cf8-421b-ba6f-65d948371d16@group-0428A30420C9: changes role from CANDIDATE to LEADER at term 1 for changeToLeader
2019-10-24 14:01:31,618 [eef97524-f470-48ed-9080-125fe9bf1610@group-16B2CF6B0F74-LeaderElection6] INFO  impl.RaftServerImpl (RaftServerImpl.java:setRole(173)) - eef97524-f470-48ed-9080-125fe9bf1610@group-16B2CF6B0F74: changes role from CANDIDATE to LEADER at term 1 for changeToLeader
2019-10-24 14:01:31,619 [606a27f3-5cf8-421b-ba6f-65d948371d16@group-0428A30420C9-LeaderElection5] INFO  impl.RaftServerImpl (ServerState.java:setLeader(255)) - 606a27f3-5cf8-421b-ba6f-65d948371d16@group-0428A30420C9: change Leader from null to 606a27f3-5cf8-421b-ba6f-65d948371d16 at term 1 for becomeLeader, leader elected after 5533ms
2019-10-24 14:01:31,619 [e894f923-b1c9-490c-81e9-96a537a93170@group-735F087F0BC7-LeaderElection4] INFO  impl.RaftServerImpl (RaftServerImpl.java:setRole(173)) - e894f923-b1c9-490c-81e9-96a537a93170@group-735F087F0BC7: changes role from CANDIDATE to LEADER at term 1 for changeToLeader
2019-10-24 14:01:31,619 [eef97524-f470-48ed-9080-125fe9bf1610@group-16B2CF6B0F74-LeaderElection6] INFO  impl.RaftServerImpl (ServerState.java:setLeader(255)) - eef97524-f470-48ed-9080-125fe9bf1610@group-16B2CF6B0F74: change Leader from null to eef97524-f470-48ed-9080-125fe9bf1610 at term 1 for becomeLeader, leader elected after 5615ms
2019-10-24 14:01:31,619 [e894f923-b1c9-490c-81e9-96a537a93170@group-735F087F0BC7-LeaderElection4] INFO  impl.RaftServerImpl (ServerState.java:setLeader(255)) - e894f923-b1c9-490c-81e9-96a537a93170@group-735F087F0BC7: change Leader from null to e894f923-b1c9-490c-81e9-96a537a93170 at term 1 for becomeLeader, leader elected after 5627ms
2019-10-24 14:01:31,625 [606a27f3-5cf8-421b-ba6f-65d948371d16@group-0428A30420C9-LeaderElection5] INFO  server.RaftServerConfigKeys (ConfUtils.java:logGet(43)) - raft.server.staging.catchup.gap = 1000 (default)
2019-10-24 14:01:31,625 [e894f923-b1c9-490c-81e9-96a537a93170@group-735F087F0BC7-LeaderElection4] INFO  server.RaftServerConfigKeys (ConfUtils.java:logGet(43)) - raft.server.staging.catchup.gap = 1000 (default)
2019-10-24 14:01:31,625 [eef97524-f470-48ed-9080-125fe9bf1610@group-16B2CF6B0F74-LeaderElection6] INFO  server.RaftServerConfigKeys (ConfUtils.java:logGet(43)) - raft.server.staging.catchup.gap = 1000 (default)
2019-10-24 14:01:31,625 [e894f923-b1c9-490c-81e9-96a537a93170@group-735F087F0BC7-LeaderElection4] INFO  server.RaftServerConfigKeys (ConfUtils.java:logGet(43)) - raft.server.rpc.sleep.time = 25ms (default)
2019-10-24 14:01:31,625 [606a27f3-5cf8-421b-ba6f-65d948371d16@group-0428A30420C9-LeaderElection5] INFO  server.RaftServerConfigKeys (ConfUtils.java:logGet(43)) - raft.server.rpc.sleep.time = 25ms (default)
2019-10-24 14:01:31,625 [eef97524-f470-48ed-9080-125fe9bf1610@group-16B2CF6B0F74-LeaderElection6] INFO  server.RaftServerConfigKeys (ConfUtils.java:logGet(43)) - raft.server.rpc.sleep.time = 25ms (default)
2019-10-24 14:01:31,631 [606a27f3-5cf8-421b-ba6f-65d948371d16@group-0428A30420C9-LeaderElection5] INFO  server.RaftServerConfigKeys (ConfUtils.java:logGet(43)) - raft.server.write.element-limit = 4096 (default)
2019-10-24 14:01:31,631 [e894f923-b1c9-490c-81e9-96a537a93170@group-735F087F0BC7-LeaderElection4] INFO  server.RaftServerConfigKeys (ConfUtils.java:logGet(43)) - raft.server.write.element-limit = 4096 (default)
2019-10-24 14:01:31,631 [eef97524-f470-48ed-9080-125fe9bf1610@group-16B2CF6B0F74-LeaderElection6] INFO  server.RaftServerConfigKeys (ConfUtils.java:logGet(43)) - raft.server.write.element-limit = 4096 (default)
2019-10-24 14:01:31,637 [606a27f3-5cf8-421b-ba6f-65d948371d16@group-0428A30420C9-LeaderElection5] INFO  server.RaftServerConfigKeys (ConfUtils.java:logGet(43)) - raft.server.watch.timeout = 10s (default)
2019-10-24 14:01:31,637 [e894f923-b1c9-490c-81e9-96a537a93170@group-735F087F0BC7-LeaderElection4] INFO  server.RaftServerConfigKeys (ConfUtils.java:logGet(43)) - raft.server.watch.timeout = 10s (default)
2019-10-24 14:01:31,637 [eef97524-f470-48ed-9080-125fe9bf1610@group-16B2CF6B0F74-LeaderElection6] INFO  server.RaftServerConfigKeys (ConfUtils.java:logGet(43)) - raft.server.watch.timeout = 10s (default)
2019-10-24 14:01:31,637 [e894f923-b1c9-490c-81e9-96a537a93170@group-735F087F0BC7-LeaderElection4] INFO  server.RaftServerConfigKeys (ConfUtils.java:logGet(43)) - raft.server.watch.timeout.denomination = 1s (default)
2019-10-24 14:01:31,637 [606a27f3-5cf8-421b-ba6f-65d948371d16@group-0428A30420C9-LeaderElection5] INFO  server.RaftServerConfigKeys (ConfUtils.java:logGet(43)) - raft.server.watch.timeout.denomination = 1s (default)
2019-10-24 14:01:31,637 [eef97524-f470-48ed-9080-125fe9bf1610@group-16B2CF6B0F74-LeaderElection6] INFO  server.RaftServerConfigKeys (ConfUtils.java:logGet(43)) - raft.server.watch.timeout.denomination = 1s (default)
2019-10-24 14:01:31,638 [606a27f3-5cf8-421b-ba6f-65d948371d16@group-0428A30420C9-LeaderElection5] INFO  server.RaftServerConfigKeys (ConfUtils.java:logGet(43)) - raft.server.watch.element-limit = 65536 (default)
2019-10-24 14:01:31,638 [eef97524-f470-48ed-9080-125fe9bf1610@group-16B2CF6B0F74-LeaderElection6] INFO  server.RaftServerConfigKeys (ConfUtils.java:logGet(43)) - raft.server.watch.element-limit = 65536 (default)
2019-10-24 14:01:31,639 [e894f923-b1c9-490c-81e9-96a537a93170@group-735F087F0BC7-LeaderElection4] INFO  server.RaftServerConfigKeys (ConfUtils.java:logGet(43)) - raft.server.watch.element-limit = 65536 (default)
2019-10-24 14:01:31,654 [606a27f3-5cf8-421b-ba6f-65d948371d16@group-0428A30420C9-LeaderElection5] INFO  impl.RoleInfo (RoleInfo.java:updateAndGet(143)) - 606a27f3-5cf8-421b-ba6f-65d948371d16: start LeaderState
2019-10-24 14:01:31,654 [e894f923-b1c9-490c-81e9-96a537a93170@group-735F087F0BC7-LeaderElection4] INFO  impl.RoleInfo (RoleInfo.java:updateAndGet(143)) - e894f923-b1c9-490c-81e9-96a537a93170: start LeaderState
2019-10-24 14:01:31,654 [eef97524-f470-48ed-9080-125fe9bf1610@group-16B2CF6B0F74-LeaderElection6] INFO  impl.RoleInfo (RoleInfo.java:updateAndGet(143)) - eef97524-f470-48ed-9080-125fe9bf1610: start LeaderState
 0.00% |?                                                                                                    |  0/1 Time: 0:00:012019-10-24 14:01:31,671 [606a27f3-5cf8-421b-ba6f-65d948371d16@group-0428A30420C9-LeaderElection5] INFO  segmented.SegmentedRaftLogWorker (SegmentedRaftLogWorker.java:startLogSegment(385)) - 606a27f3-5cf8-421b-ba6f-65d948371d16@group-0428A30420C9-SegmentedRaftLogWorker: Starting segment from index:0
2019-10-24 14:01:31,671 [e894f923-b1c9-490c-81e9-96a537a93170@group-735F087F0BC7-LeaderElection4] INFO  segmented.SegmentedRaftLogWorker (SegmentedRaftLogWorker.java:startLogSegment(385)) - e894f923-b1c9-490c-81e9-96a537a93170@group-735F087F0BC7-SegmentedRaftLogWorker: Starting segment from index:0
2019-10-24 14:01:31,671 [eef97524-f470-48ed-9080-125fe9bf1610@group-16B2CF6B0F74-LeaderElection6] INFO  segmented.SegmentedRaftLogWorker (SegmentedRaftLogWorker.java:startLogSegment(385)) - eef97524-f470-48ed-9080-125fe9bf1610@group-16B2CF6B0F74-SegmentedRaftLogWorker: Starting segment from index:0
2019-10-24 14:01:31,686 [eef97524-f470-48ed-9080-125fe9bf1610@group-16B2CF6B0F74-LeaderElection6] INFO  impl.RaftServerImpl (ServerState.java:setRaftConf(356)) - eef97524-f470-48ed-9080-125fe9bf1610@group-16B2CF6B0F74: set configuration 0: [eef97524-f470-48ed-9080-125fe9bf1610:192.168.34.27:42977], old=null at 0
2019-10-24 14:01:31,686 [e894f923-b1c9-490c-81e9-96a537a93170@group-735F087F0BC7-LeaderElection4] INFO  impl.RaftServerImpl (ServerState.java:setRaftConf(356)) - e894f923-b1c9-490c-81e9-96a537a93170@group-735F087F0BC7: set configuration 0: [e894f923-b1c9-490c-81e9-96a537a93170:192.168.34.27:42577], old=null at 0
2019-10-24 14:01:31,686 [606a27f3-5cf8-421b-ba6f-65d948371d16@group-0428A30420C9-LeaderElection5] INFO  impl.RaftServerImpl (ServerState.java:setRaftConf(356)) - 606a27f3-5cf8-421b-ba6f-65d948371d16@group-0428A30420C9: set configuration 0: [606a27f3-5cf8-421b-ba6f-65d948371d16:192.168.34.27:35844], old=null at 0
2019-10-24 14:01:31,883 [606a27f3-5cf8-421b-ba6f-65d948371d16@group-0428A30420C9-SegmentedRaftLogWorker] INFO  segmented.SegmentedRaftLogWorker (SegmentedRaftLogWorker.java:execute(576)) - 606a27f3-5cf8-421b-ba6f-65d948371d16@group-0428A30420C9-SegmentedRaftLogWorker: created new log segment /workdir/hadoop-ozone/tools/target/test-dir/MiniOzoneClusterImpl-3e98bdd2-7858-4974-ae40-455654d60294/datanode-2/data/ratis/0d610e7c-641d-4e42-85f7-0428a30420c9/current/log_inprogress_0
2019-10-24 14:01:31,883 [e894f923-b1c9-490c-81e9-96a537a93170@group-735F087F0BC7-SegmentedRaftLogWorker] INFO  segmented.SegmentedRaftLogWorker (SegmentedRaftLogWorker.java:execute(576)) - e894f923-b1c9-490c-81e9-96a537a93170@group-735F087F0BC7-SegmentedRaftLogWorker: created new log segment /workdir/hadoop-ozone/tools/target/test-dir/MiniOzoneClusterImpl-3e98bdd2-7858-4974-ae40-455654d60294/datanode-0/data/ratis/2a5fd5ec-40ff-487e-81e8-735f087f0bc7/current/log_inprogress_0
2019-10-24 14:01:31,883 [eef97524-f470-48ed-9080-125fe9bf1610@group-16B2CF6B0F74-SegmentedRaftLogWorker] INFO  segmented.SegmentedRaftLogWorker (SegmentedRaftLogWorker.java:execute(576)) - eef97524-f470-48ed-9080-125fe9bf1610@group-16B2CF6B0F74-SegmentedRaftLogWorker: created new log segment /workdir/hadoop-ozone/tools/target/test-dir/MiniOzoneClusterImpl-3e98bdd2-7858-4974-ae40-455654d60294/datanode-1/data/ratis/edd24805-97a2-40ee-9ded-16b2cf6b0f74/current/log_inprogress_0
2019-10-24 14:01:31,942 [606a27f3-5cf8-421b-ba6f-65d948371d16@group-01107CF7BCDC-LeaderElection2] INFO  impl.LeaderElection (LeaderElection.java:logAndReturn(56)) - 606a27f3-5cf8-421b-ba6f-65d948371d16@group-01107CF7BCDC-LeaderElection2: Election REJECTED; received 2 response(s) [606a27f3-5cf8-421b-ba6f-65d948371d16<-eef97524-f470-48ed-9080-125fe9bf1610#0:FAIL-t1, 606a27f3-5cf8-421b-ba6f-65d948371d16<-e894f923-b1c9-490c-81e9-96a537a93170#0:FAIL-t1] and 0 exception(s); 606a27f3-5cf8-421b-ba6f-65d948371d16@group-01107CF7BCDC:t1, leader=null, voted=606a27f3-5cf8-421b-ba6f-65d948371d16, raftlog=606a27f3-5cf8-421b-ba6f-65d948371d16@group-01107CF7BCDC-SegmentedRaftLog:OPENED:c-1,f-1,i0, conf=-1: [eef97524-f470-48ed-9080-125fe9bf1610:192.168.34.27:42977, 606a27f3-5cf8-421b-ba6f-65d948371d16:192.168.34.27:35844, e894f923-b1c9-490c-81e9-96a537a93170:192.168.34.27:42577], old=null
2019-10-24 14:01:31,942 [e894f923-b1c9-490c-81e9-96a537a93170@group-01107CF7BCDC-LeaderElection1] INFO  impl.LeaderElection (LeaderElection.java:logAndReturn(56)) - e894f923-b1c9-490c-81e9-96a537a93170@group-01107CF7BCDC-LeaderElection1: Election REJECTED; received 2 response(s) [e894f923-b1c9-490c-81e9-96a537a93170<-eef97524-f470-48ed-9080-125fe9bf1610#0:FAIL-t1, e894f923-b1c9-490c-81e9-96a537a93170<-606a27f3-5cf8-421b-ba6f-65d948371d16#0:FAIL-t1] and 0 exception(s); e894f923-b1c9-490c-81e9-96a537a93170@group-01107CF7BCDC:t1, leader=null, voted=e894f923-b1c9-490c-81e9-96a537a93170, raftlog=e894f923-b1c9-490c-81e9-96a537a93170@group-01107CF7BCDC-SegmentedRaftLog:OPENED:c-1,f-1,i0, conf=-1: [eef97524-f470-48ed-9080-125fe9bf1610:192.168.34.27:42977, 606a27f3-5cf8-421b-ba6f-65d948371d16:192.168.34.27:35844, e894f923-b1c9-490c-81e9-96a537a93170:192.168.34.27:42577], old=null
2019-10-24 14:01:31,942 [eef97524-f470-48ed-9080-125fe9bf1610@group-01107CF7BCDC-LeaderElection3] INFO  impl.LeaderElection (LeaderElection.java:logAndReturn(56)) - eef97524-f470-48ed-9080-125fe9bf1610@group-01107CF7BCDC-LeaderElection3: Election REJECTED; received 2 response(s) [eef97524-f470-48ed-9080-125fe9bf1610<-606a27f3-5cf8-421b-ba6f-65d948371d16#0:FAIL-t1, eef97524-f470-48ed-9080-125fe9bf1610<-e894f923-b1c9-490c-81e9-96a537a93170#0:FAIL-t1] and 0 exception(s); eef97524-f470-48ed-9080-125fe9bf1610@group-01107CF7BCDC:t1, leader=null, voted=eef97524-f470-48ed-9080-125fe9bf1610, raftlog=eef97524-f470-48ed-9080-125fe9bf1610@group-01107CF7BCDC-SegmentedRaftLog:OPENED:c-1,f-1,i0, conf=-1: [eef97524-f470-48ed-9080-125fe9bf1610:192.168.34.27:42977, 606a27f3-5cf8-421b-ba6f-65d948371d16:192.168.34.27:35844, e894f923-b1c9-490c-81e9-96a537a93170:192.168.34.27:42577], old=null
2019-10-24 14:01:31,943 [606a27f3-5cf8-421b-ba6f-65d948371d16@group-01107CF7BCDC-LeaderElection2] INFO  impl.RaftServerImpl (RaftServerImpl.java:setRole(173)) - 606a27f3-5cf8-421b-ba6f-65d948371d16@group-01107CF7BCDC: changes role from CANDIDATE to FOLLOWER at term 1 for DISCOVERED_A_NEW_TERM
2019-10-24 14:01:31,947 [606a27f3-5cf8-421b-ba6f-65d948371d16@group-01107CF7BCDC-LeaderElection2] INFO  impl.RoleInfo (RoleInfo.java:shutdownLeaderElection(134)) - 606a27f3-5cf8-421b-ba6f-65d948371d16: shutdown LeaderElection
2019-10-24 14:01:31,943 [e894f923-b1c9-490c-81e9-96a537a93170@group-01107CF7BCDC-LeaderElection1] INFO  impl.RaftServerImpl (RaftServerImpl.java:setRole(173)) - e894f923-b1c9-490c-81e9-96a537a93170@group-01107CF7BCDC: changes role from CANDIDATE to FOLLOWER at term 1 for DISCOVERED_A_NEW_TERM
2019-10-24 14:01:31,948 [606a27f3-5cf8-421b-ba6f-65d948371d16@group-01107CF7BCDC-LeaderElection2] INFO  impl.RoleInfo (RoleInfo.java:updateAndGet(143)) - 606a27f3-5cf8-421b-ba6f-65d948371d16: start FollowerState
2019-10-24 14:01:31,945 [eef97524-f470-48ed-9080-125fe9bf1610@group-01107CF7BCDC-LeaderElection3] INFO  impl.RaftServerImpl (RaftServerImpl.java:setRole(173)) - eef97524-f470-48ed-9080-125fe9bf1610@group-01107CF7BCDC: changes role from CANDIDATE to FOLLOWER at term 1 for DISCOVERED_A_NEW_TERM
2019-10-24 14:01:31,950 [eef97524-f470-48ed-9080-125fe9bf1610@group-01107CF7BCDC-LeaderElection3] INFO  impl.RoleInfo (RoleInfo.java:shutdownLeaderElection(134)) - eef97524-f470-48ed-9080-125fe9bf1610: shutdown LeaderElection
2019-10-24 14:01:31,948 [e894f923-b1c9-490c-81e9-96a537a93170@group-01107CF7BCDC-LeaderElection1] INFO  impl.RoleInfo (RoleInfo.java:shutdownLeaderElection(134)) - e894f923-b1c9-490c-81e9-96a537a93170: shutdown LeaderElection
2019-10-24 14:01:31,950 [eef97524-f470-48ed-9080-125fe9bf1610@group-01107CF7BCDC-LeaderElection3] INFO  impl.RoleInfo (RoleInfo.java:updateAndGet(143)) - eef97524-f470-48ed-9080-125fe9bf1610: start FollowerState
2019-10-24 14:01:31,951 [e894f923-b1c9-490c-81e9-96a537a93170@group-01107CF7BCDC-LeaderElection1] INFO  impl.RoleInfo (RoleInfo.java:updateAndGet(143)) - e894f923-b1c9-490c-81e9-96a537a93170: start FollowerState
 0.00% |?                                                                                                    |  0/1 Time: 0:00:02 0.00% |?                                                                                                    |  0/1 Time: 0:00:03 0.00% |?                                                                                                    |  0/1 Time: 0:00:04 0.00% |?                                                                                                    |  0/1 Time: 0:00:05 0.00% |?                                                                                                    |  0/1 Time: 0:00:062019-10-24 14:01:37,035 [Thread-221] INFO  impl.FollowerState (FollowerState.java:run(111)) - eef97524-f470-48ed-9080-125fe9bf1610@group-01107CF7BCDC-FollowerState: change to CANDIDATE, lastRpcTime:5084ms, electionTimeout:5084ms
2019-10-24 14:01:37,035 [Thread-221] INFO  impl.RoleInfo (RoleInfo.java:shutdownFollowerState(121)) - eef97524-f470-48ed-9080-125fe9bf1610: shutdown FollowerState
2019-10-24 14:01:37,035 [Thread-221] INFO  impl.RaftServerImpl (RaftServerImpl.java:setRole(173)) - eef97524-f470-48ed-9080-125fe9bf1610@group-01107CF7BCDC: changes role from  FOLLOWER to CANDIDATE at term 1 for changeToCandidate
2019-10-24 14:01:37,036 [Thread-221] INFO  impl.RoleInfo (RoleInfo.java:updateAndGet(143)) - eef97524-f470-48ed-9080-125fe9bf1610: start LeaderElection
2019-10-24 14:01:37,065 [eef97524-f470-48ed-9080-125fe9bf1610@group-01107CF7BCDC-LeaderElection7] INFO  impl.LeaderElection (LeaderElection.java:askForVotes(178)) - eef97524-f470-48ed-9080-125fe9bf1610@group-01107CF7BCDC-LeaderElection7: begin an election at term 2 for -1: [eef97524-f470-48ed-9080-125fe9bf1610:192.168.34.27:42977, 606a27f3-5cf8-421b-ba6f-65d948371d16:192.168.34.27:35844, e894f923-b1c9-490c-81e9-96a537a93170:192.168.34.27:42577], old=null
2019-10-24 14:01:37,072 [grpc-default-executor-3] INFO  impl.RaftServerImpl (RaftServerImpl.java:setRole(173)) - e894f923-b1c9-490c-81e9-96a537a93170@group-01107CF7BCDC: changes role from  FOLLOWER to FOLLOWER at term 2 for recognizeCandidate:eef97524-f470-48ed-9080-125fe9bf1610
2019-10-24 14:01:37,072 [grpc-default-executor-5] INFO  impl.RaftServerImpl (RaftServerImpl.java:setRole(173)) - 606a27f3-5cf8-421b-ba6f-65d948371d16@group-01107CF7BCDC: changes role from  FOLLOWER to FOLLOWER at term 2 for recognizeCandidate:eef97524-f470-48ed-9080-125fe9bf1610
2019-10-24 14:01:37,072 [grpc-default-executor-3] INFO  impl.RoleInfo (RoleInfo.java:shutdownFollowerState(121)) - e894f923-b1c9-490c-81e9-96a537a93170: shutdown FollowerState
2019-10-24 14:01:37,072 [grpc-default-executor-5] INFO  impl.RoleInfo (RoleInfo.java:shutdownFollowerState(121)) - 606a27f3-5cf8-421b-ba6f-65d948371d16: shutdown FollowerState
2019-10-24 14:01:37,073 [grpc-default-executor-3] INFO  impl.RoleInfo (RoleInfo.java:updateAndGet(143)) - e894f923-b1c9-490c-81e9-96a537a93170: start FollowerState
2019-10-24 14:01:37,073 [grpc-default-executor-5] INFO  impl.RoleInfo (RoleInfo.java:updateAndGet(143)) - 606a27f3-5cf8-421b-ba6f-65d948371d16: start FollowerState
2019-10-24 14:01:37,073 [Thread-220] INFO  impl.FollowerState (FollowerState.java:run(120)) - 606a27f3-5cf8-421b-ba6f-65d948371d16@group-01107CF7BCDC-FollowerState was interrupted: java.lang.InterruptedException: sleep interrupted
2019-10-24 14:01:37,073 [Thread-222] INFO  impl.FollowerState (FollowerState.java:run(120)) - e894f923-b1c9-490c-81e9-96a537a93170@group-01107CF7BCDC-FollowerState was interrupted: java.lang.InterruptedException: sleep interrupted
2019-10-24 14:01:37,116 [eef97524-f470-48ed-9080-125fe9bf1610@group-01107CF7BCDC-LeaderElection7] INFO  impl.LeaderElection (LeaderElection.java:logAndReturn(56)) - eef97524-f470-48ed-9080-125fe9bf1610@group-01107CF7BCDC-LeaderElection7: Election PASSED; received 1 response(s) [eef97524-f470-48ed-9080-125fe9bf1610<-606a27f3-5cf8-421b-ba6f-65d948371d16#0:OK-t2] and 0 exception(s); eef97524-f470-48ed-9080-125fe9bf1610@group-01107CF7BCDC:t2, leader=null, voted=eef97524-f470-48ed-9080-125fe9bf1610, raftlog=eef97524-f470-48ed-9080-125fe9bf1610@group-01107CF7BCDC-SegmentedRaftLog:OPENED:c-1,f-1,i0, conf=-1: [eef97524-f470-48ed-9080-125fe9bf1610:192.168.34.27:42977, 606a27f3-5cf8-421b-ba6f-65d948371d16:192.168.34.27:35844, e894f923-b1c9-490c-81e9-96a537a93170:192.168.34.27:42577], old=null
2019-10-24 14:01:37,117 [eef97524-f470-48ed-9080-125fe9bf1610@group-01107CF7BCDC-LeaderElection7] INFO  impl.RoleInfo (RoleInfo.java:shutdownLeaderElection(134)) - eef97524-f470-48ed-9080-125fe9bf1610: shutdown LeaderElection
2019-10-24 14:01:37,117 [eef97524-f470-48ed-9080-125fe9bf1610@group-01107CF7BCDC-LeaderElection7] INFO  impl.RaftServerImpl (RaftServerImpl.java:setRole(173)) - eef97524-f470-48ed-9080-125fe9bf1610@group-01107CF7BCDC: changes role from CANDIDATE to LEADER at term 2 for changeToLeader
2019-10-24 14:01:37,118 [eef97524-f470-48ed-9080-125fe9bf1610@group-01107CF7BCDC-LeaderElection7] INFO  impl.RaftServerImpl (ServerState.java:setLeader(255)) - eef97524-f470-48ed-9080-125fe9bf1610@group-01107CF7BCDC: change Leader from null to eef97524-f470-48ed-9080-125fe9bf1610 at term 2 for becomeLeader, leader elected after 10871ms
2019-10-24 14:01:37,118 [eef97524-f470-48ed-9080-125fe9bf1610@group-01107CF7BCDC-LeaderElection7] INFO  server.RaftServerConfigKeys (ConfUtils.java:logGet(43)) - raft.server.staging.catchup.gap = 1000 (default)
2019-10-24 14:01:37,118 [eef97524-f470-48ed-9080-125fe9bf1610@group-01107CF7BCDC-LeaderElection7] INFO  server.RaftServerConfigKeys (ConfUtils.java:logGet(43)) - raft.server.rpc.sleep.time = 25ms (default)
2019-10-24 14:01:37,118 [eef97524-f470-48ed-9080-125fe9bf1610@group-01107CF7BCDC-LeaderElection7] INFO  server.RaftServerConfigKeys (ConfUtils.java:logGet(43)) - raft.server.write.element-limit = 4096 (default)
2019-10-24 14:01:37,118 [eef97524-f470-48ed-9080-125fe9bf1610@group-01107CF7BCDC-LeaderElection7] INFO  server.RaftServerConfigKeys (ConfUtils.java:logGet(43)) - raft.server.watch.timeout = 10s (default)
2019-10-24 14:01:37,118 [eef97524-f470-48ed-9080-125fe9bf1610@group-01107CF7BCDC-LeaderElection7] INFO  server.RaftServerConfigKeys (ConfUtils.java:logGet(43)) - raft.server.watch.timeout.denomination = 1s (default)
2019-10-24 14:01:37,119 [eef97524-f470-48ed-9080-125fe9bf1610@group-01107CF7BCDC-LeaderElection7] INFO  server.RaftServerConfigKeys (ConfUtils.java:logGet(43)) - raft.server.watch.element-limit = 65536 (default)
2019-10-24 14:01:37,121 [eef97524-f470-48ed-9080-125fe9bf1610@group-01107CF7BCDC-LeaderElection7] INFO  server.RaftServerConfigKeys (ConfUtils.java:logGet(43)) - raft.server.log.appender.snapshot.chunk.size.max = 16MB (=16777216) (default)
2019-10-24 14:01:37,122 [eef97524-f470-48ed-9080-125fe9bf1610@group-01107CF7BCDC-LeaderElection7] INFO  server.RaftServerConfigKeys (ConfUtils.java:logGet(43)) - raft.server.log.appender.buffer.byte-limit = 33554432 (custom)
2019-10-24 14:01:37,122 [eef97524-f470-48ed-9080-125fe9bf1610@group-01107CF7BCDC-LeaderElection7] INFO  server.RaftServerConfigKeys (ConfUtils.java:logGet(43)) - raft.server.log.appender.buffer.element-limit = 1 (custom)
2019-10-24 14:01:37,125 [eef97524-f470-48ed-9080-125fe9bf1610@group-01107CF7BCDC-LeaderElection7] INFO  grpc.GrpcConfigKeys$Server (ConfUtils.java:logGet(43)) - raft.grpc.server.leader.outstanding.appends.max = 128 (default)
2019-10-24 14:01:37,126 [eef97524-f470-48ed-9080-125fe9bf1610@group-01107CF7BCDC-LeaderElection7] INFO  server.RaftServerConfigKeys (ConfUtils.java:logGet(43)) - raft.server.rpc.request.timeout = 3000ms (default)
2019-10-24 14:01:37,126 [eef97524-f470-48ed-9080-125fe9bf1610@group-01107CF7BCDC-LeaderElection7] INFO  server.RaftServerConfigKeys (ConfUtils.java:logGet(43)) - raft.server.log.appender.install.snapshot.enabled = false (custom)
2019-10-24 14:01:37,127 [eef97524-f470-48ed-9080-125fe9bf1610@group-01107CF7BCDC-LeaderElection7] WARN  impl.MetricRegistriesImpl (MetricRegistriesImpl.java:lambda$create$1(61)) - First MetricRegistry has been created without registering reporters. You may need to call MetricRegistries.global().addReportRegistration(...) before.
2019-10-24 14:01:37,128 [eef97524-f470-48ed-9080-125fe9bf1610@group-01107CF7BCDC-LeaderElection7] INFO  server.RaftServerConfigKeys (ConfUtils.java:logGet(43)) - raft.server.log.appender.snapshot.chunk.size.max = 16MB (=16777216) (default)
2019-10-24 14:01:37,128 [eef97524-f470-48ed-9080-125fe9bf1610@group-01107CF7BCDC-LeaderElection7] INFO  server.RaftServerConfigKeys (ConfUtils.java:logGet(43)) - raft.server.log.appender.buffer.byte-limit = 33554432 (custom)
2019-10-24 14:01:37,128 [eef97524-f470-48ed-9080-125fe9bf1610@group-01107CF7BCDC-LeaderElection7] INFO  server.RaftServerConfigKeys (ConfUtils.java:logGet(43)) - raft.server.log.appender.buffer.element-limit = 1 (custom)
2019-10-24 14:01:37,128 [eef97524-f470-48ed-9080-125fe9bf1610@group-01107CF7BCDC-LeaderElection7] INFO  grpc.GrpcConfigKeys$Server (ConfUtils.java:logGet(43)) - raft.grpc.server.leader.outstanding.appends.max = 128 (default)
2019-10-24 14:01:37,128 [eef97524-f470-48ed-9080-125fe9bf1610@group-01107CF7BCDC-LeaderElection7] INFO  server.RaftServerConfigKeys (ConfUtils.java:logGet(43)) - raft.server.rpc.request.timeout = 3000ms (default)
2019-10-24 14:01:37,129 [eef97524-f470-48ed-9080-125fe9bf1610@group-01107CF7BCDC-LeaderElection7] INFO  server.RaftServerConfigKeys (ConfUtils.java:logGet(43)) - raft.server.log.appender.install.snapshot.enabled = false (custom)
2019-10-24 14:01:37,130 [eef97524-f470-48ed-9080-125fe9bf1610@group-01107CF7BCDC-LeaderElection7] INFO  impl.RoleInfo (RoleInfo.java:updateAndGet(143)) - eef97524-f470-48ed-9080-125fe9bf1610: start LeaderState
2019-10-24 14:01:37,130 [eef97524-f470-48ed-9080-125fe9bf1610@group-01107CF7BCDC-LeaderElection7] INFO  segmented.SegmentedRaftLogWorker (SegmentedRaftLogWorker.java:startLogSegment(385)) - eef97524-f470-48ed-9080-125fe9bf1610@group-01107CF7BCDC-SegmentedRaftLogWorker: Starting segment from index:0
2019-10-24 14:01:37,131 [eef97524-f470-48ed-9080-125fe9bf1610@group-01107CF7BCDC-LeaderElection7] INFO  impl.RaftServerImpl (ServerState.java:setRaftConf(356)) - eef97524-f470-48ed-9080-125fe9bf1610@group-01107CF7BCDC: set configuration 0: [eef97524-f470-48ed-9080-125fe9bf1610:192.168.34.27:42977, 606a27f3-5cf8-421b-ba6f-65d948371d16:192.168.34.27:35844, e894f923-b1c9-490c-81e9-96a537a93170:192.168.34.27:42577], old=null at 0
2019-10-24 14:01:37,177 [eef97524-f470-48ed-9080-125fe9bf1610@group-01107CF7BCDC-SegmentedRaftLogWorker] INFO  segmented.SegmentedRaftLogWorker (SegmentedRaftLogWorker.java:execute(576)) - eef97524-f470-48ed-9080-125fe9bf1610@group-01107CF7BCDC-SegmentedRaftLogWorker: created new log segment /workdir/hadoop-ozone/tools/target/test-dir/MiniOzoneClusterImpl-3e98bdd2-7858-4974-ae40-455654d60294/datanode-1/data/ratis/43c6bbff-4ddc-4195-a46f-01107cf7bcdc/current/log_inprogress_0
2019-10-24 14:01:37,198 [grpc-default-executor-4] INFO  impl.RaftServerImpl (ServerState.java:setLeader(255)) - e894f923-b1c9-490c-81e9-96a537a93170@group-01107CF7BCDC: change Leader from null to eef97524-f470-48ed-9080-125fe9bf1610 at term 2 for appendEntries, leader elected after 10951ms
2019-10-24 14:01:37,198 [grpc-default-executor-5] INFO  impl.RaftServerImpl (ServerState.java:setLeader(255)) - 606a27f3-5cf8-421b-ba6f-65d948371d16@group-01107CF7BCDC: change Leader from null to eef97524-f470-48ed-9080-125fe9bf1610 at term 2 for appendEntries, leader elected after 10951ms
2019-10-24 14:01:37,231 [grpc-default-executor-4] INFO  impl.RaftServerImpl (ServerState.java:setRaftConf(356)) - e894f923-b1c9-490c-81e9-96a537a93170@group-01107CF7BCDC: set configuration 0: [eef97524-f470-48ed-9080-125fe9bf1610:192.168.34.27:42977, 606a27f3-5cf8-421b-ba6f-65d948371d16:192.168.34.27:35844, e894f923-b1c9-490c-81e9-96a537a93170:192.168.34.27:42577], old=null at 0
2019-10-24 14:01:37,231 [grpc-default-executor-5] INFO  impl.RaftServerImpl (ServerState.java:setRaftConf(356)) - 606a27f3-5cf8-421b-ba6f-65d948371d16@group-01107CF7BCDC: set configuration 0: [eef97524-f470-48ed-9080-125fe9bf1610:192.168.34.27:42977, 606a27f3-5cf8-421b-ba6f-65d948371d16:192.168.34.27:35844, e894f923-b1c9-490c-81e9-96a537a93170:192.168.34.27:42577], old=null at 0
2019-10-24 14:01:37,231 [grpc-default-executor-4] INFO  segmented.SegmentedRaftLogWorker (SegmentedRaftLogWorker.java:startLogSegment(385)) - e894f923-b1c9-490c-81e9-96a537a93170@group-01107CF7BCDC-SegmentedRaftLogWorker: Starting segment from index:0
2019-10-24 14:01:37,232 [grpc-default-executor-5] INFO  segmented.SegmentedRaftLogWorker (SegmentedRaftLogWorker.java:startLogSegment(385)) - 606a27f3-5cf8-421b-ba6f-65d948371d16@group-01107CF7BCDC-SegmentedRaftLogWorker: Starting segment from index:0
2019-10-24 14:01:37,269 [e894f923-b1c9-490c-81e9-96a537a93170@group-01107CF7BCDC-SegmentedRaftLogWorker] INFO  segmented.SegmentedRaftLogWorker (SegmentedRaftLogWorker.java:execute(576)) - e894f923-b1c9-490c-81e9-96a537a93170@group-01107CF7BCDC-SegmentedRaftLogWorker: created new log segment /workdir/hadoop-ozone/tools/target/test-dir/MiniOzoneClusterImpl-3e98bdd2-7858-4974-ae40-455654d60294/datanode-0/data/ratis/43c6bbff-4ddc-4195-a46f-01107cf7bcdc/current/log_inprogress_0
2019-10-24 14:01:37,269 [606a27f3-5cf8-421b-ba6f-65d948371d16@group-01107CF7BCDC-SegmentedRaftLogWorker] INFO  segmented.SegmentedRaftLogWorker (SegmentedRaftLogWorker.java:execute(576)) - 606a27f3-5cf8-421b-ba6f-65d948371d16@group-01107CF7BCDC-SegmentedRaftLogWorker: created new log segment /workdir/hadoop-ozone/tools/target/test-dir/MiniOzoneClusterImpl-3e98bdd2-7858-4974-ae40-455654d60294/datanode-2/data/ratis/43c6bbff-4ddc-4195-a46f-01107cf7bcdc/current/log_inprogress_0
 0.00% |?                                                                                                    |  0/1 Time: 0:00:07 0.00% |?                                                                                                    |  0/1 Time: 0:00:08 0.00% |?                                                                                                    |  0/1 Time: 0:00:09 100.00% |?????????????????????????????????????????????????????????????????????????????????????????????????????|  1/1 Time: 0:00:10
2019-10-24 14:01:45,104 [main] INFO  pipeline.SCMPipelineManager (SCMPipelineManager.java:finalizeAndDestroyPipeline(333)) - destroying pipeline:Pipeline[ Id: 43c6bbff-4ddc-4195-a46f-01107cf7bcdc, Nodes: eef97524-f470-48ed-9080-125fe9bf1610{ip: 192.168.34.27, host: pr-hdds-2034-s5hcl-2472234065, networkLocation: /default-rack, certSerialId: null}e894f923-b1c9-490c-81e9-96a537a93170{ip: 192.168.34.27, host: pr-hdds-2034-s5hcl-2472234065, networkLocation: /default-rack, certSerialId: null}606a27f3-5cf8-421b-ba6f-65d948371d16{ip: 192.168.34.27, host: pr-hdds-2034-s5hcl-2472234065, networkLocation: /default-rack, certSerialId: null}, Type:RATIS, Factor:THREE, State:OPEN]
2019-10-24 14:01:45,104 [main] INFO  pipeline.PipelineStateManager (PipelineStateManager.java:finalizePipeline(123)) - Pipeline Pipeline[ Id: 43c6bbff-4ddc-4195-a46f-01107cf7bcdc, Nodes: eef97524-f470-48ed-9080-125fe9bf1610{ip: 192.168.34.27, host: pr-hdds-2034-s5hcl-2472234065, networkLocation: /default-rack, certSerialId: null}e894f923-b1c9-490c-81e9-96a537a93170{ip: 192.168.34.27, host: pr-hdds-2034-s5hcl-2472234065, networkLocation: /default-rack, certSerialId: null}606a27f3-5cf8-421b-ba6f-65d948371d16{ip: 192.168.34.27, host: pr-hdds-2034-s5hcl-2472234065, networkLocation: /default-rack, certSerialId: null}, Type:RATIS, Factor:THREE, State:CLOSED] moved to CLOSED state
2019-10-24 14:01:45,105 [EventQueue-CloseContainerForCloseContainerEventHandler] INFO  container.CloseContainerEventHandler (CloseContainerEventHandler.java:onMessage(61)) - Close container Event triggered for container : #1
2019-10-24 14:01:45,107 [main] INFO  pipeline.RatisPipelineProvider (RatisPipelineProvider.java:lambda$close$5(208)) - Send pipeline:PipelineID=43c6bbff-4ddc-4195-a46f-01107cf7bcdc close command to datanode eef97524-f470-48ed-9080-125fe9bf1610
2019-10-24 14:01:45,107 [main] INFO  pipeline.RatisPipelineProvider (RatisPipelineProvider.java:lambda$close$5(208)) - Send pipeline:PipelineID=43c6bbff-4ddc-4195-a46f-01107cf7bcdc close command to datanode e894f923-b1c9-490c-81e9-96a537a93170
2019-10-24 14:01:45,108 [main] INFO  pipeline.RatisPipelineProvider (RatisPipelineProvider.java:lambda$close$5(208)) - Send pipeline:PipelineID=43c6bbff-4ddc-4195-a46f-01107cf7bcdc close command to datanode 606a27f3-5cf8-421b-ba6f-65d948371d16
2019-10-24 14:01:45,108 [main] INFO  pipeline.PipelineStateManager (PipelineStateManager.java:removePipeline(108)) - Pipeline Pipeline[ Id: 43c6bbff-4ddc-4195-a46f-01107cf7bcdc, Nodes: eef97524-f470-48ed-9080-125fe9bf1610{ip: 192.168.34.27, host: pr-hdds-2034-s5hcl-2472234065, networkLocation: /default-rack, certSerialId: null}e894f923-b1c9-490c-81e9-96a537a93170{ip: 192.168.34.27, host: pr-hdds-2034-s5hcl-2472234065, networkLocation: /default-rack, certSerialId: null}606a27f3-5cf8-421b-ba6f-65d948371d16{ip: 192.168.34.27, host: pr-hdds-2034-s5hcl-2472234065, networkLocation: /default-rack, certSerialId: null}, Type:RATIS, Factor:THREE, State:CLOSED] removed from db
2019-10-24 14:01:45,111 [EventQueue-CloseContainerForCloseContainerEventHandler] INFO  container.CloseContainerEventHandler (CloseContainerEventHandler.java:onMessage(61)) - Close container Event triggered for container : #2
2019-10-24 14:01:45,112 [RatisPipelineUtilsThread] INFO  pipeline.RatisPipelineProvider (RatisPipelineProvider.java:lambda$create$4(163)) - Send pipeline:PipelineID=6c43d9de-1bf1-42c2-8bc3-2dedcf9e2427 create command to datanode eef97524-f470-48ed-9080-125fe9bf1610
2019-10-24 14:01:45,113 [RatisPipelineUtilsThread] INFO  pipeline.RatisPipelineProvider (RatisPipelineProvider.java:lambda$create$4(163)) - Send pipeline:PipelineID=6c43d9de-1bf1-42c2-8bc3-2dedcf9e2427 create command to datanode e894f923-b1c9-490c-81e9-96a537a93170
2019-10-24 14:01:45,114 [RatisPipelineUtilsThread] INFO  pipeline.RatisPipelineProvider (RatisPipelineProvider.java:lambda$create$4(163)) - Send pipeline:PipelineID=6c43d9de-1bf1-42c2-8bc3-2dedcf9e2427 create command to datanode 606a27f3-5cf8-421b-ba6f-65d948371d16
2019-10-24 14:01:45,116 [EventQueue-CloseContainerForCloseContainerEventHandler] ERROR container.CloseContainerEventHandler (CloseContainerEventHandler.java:onMessage(89)) - Failed to close the container #2.
org.apache.hadoop.hdds.scm.pipeline.PipelineNotFoundException: PipelineID=43c6bbff-4ddc-4195-a46f-01107cf7bcdc not found
	at org.apache.hadoop.hdds.scm.pipeline.PipelineStateMap.removeContainerFromPipeline(PipelineStateMap.java:351)
	at org.apache.hadoop.hdds.scm.pipeline.PipelineStateManager.removeContainerFromPipeline(PipelineStateManager.java:114)
	at org.apache.hadoop.hdds.scm.pipeline.SCMPipelineManager.removeContainerFromPipeline(SCMPipelineManager.java:286)
	at org.apache.hadoop.hdds.scm.container.SCMContainerManager.updateContainerState(SCMContainerManager.java:331)
	at org.apache.hadoop.hdds.scm.container.CloseContainerEventHandler.onMessage(CloseContainerEventHandler.java:66)
	at org.apache.hadoop.hdds.scm.container.CloseContainerEventHandler.onMessage(CloseContainerEventHandler.java:45)
	at org.apache.hadoop.hdds.server.events.SingleThreadExecutor.lambda$onMessage$1(SingleThreadExecutor.java:85)
	at java.util.concurrent.ThreadPoolExecutor.runWorker(ThreadPoolExecutor.java:1149)
	at java.util.concurrent.ThreadPoolExecutor$Worker.run(ThreadPoolExecutor.java:624)
	at java.lang.Thread.run(Thread.java:748)
2019-10-24 14:01:45,118 [EventQueue-CloseContainerForCloseContainerEventHandler] INFO  container.CloseContainerEventHandler (CloseContainerEventHandler.java:onMessage(61)) - Close container Event triggered for container : #3
2019-10-24 14:01:45,119 [EventQueue-CloseContainerForCloseContainerEventHandler] ERROR container.CloseContainerEventHandler (CloseContainerEventHandler.java:onMessage(89)) - Failed to close the container #3.
org.apache.hadoop.hdds.scm.pipeline.PipelineNotFoundException: PipelineID=43c6bbff-4ddc-4195-a46f-01107cf7bcdc not found
	at org.apache.hadoop.hdds.scm.pipeline.PipelineStateMap.removeContainerFromPipeline(PipelineStateMap.java:351)
	at org.apache.hadoop.hdds.scm.pipeline.PipelineStateManager.removeContainerFromPipeline(PipelineStateManager.java:114)
	at org.apache.hadoop.hdds.scm.pipeline.SCMPipelineManager.removeContainerFromPipeline(SCMPipelineManager.java:286)
	at org.apache.hadoop.hdds.scm.container.SCMContainerManager.updateContainerState(SCMContainerManager.java:331)
	at org.apache.hadoop.hdds.scm.container.CloseContainerEventHandler.onMessage(CloseContainerEventHandler.java:66)
	at org.apache.hadoop.hdds.scm.container.CloseContainerEventHandler.onMessage(CloseContainerEventHandler.java:45)
	at org.apache.hadoop.hdds.server.events.SingleThreadExecutor.lambda$onMessage$1(SingleThreadExecutor.java:85)
	at java.util.concurrent.ThreadPoolExecutor.runWorker(ThreadPoolExecutor.java:1149)
	at java.util.concurrent.ThreadPoolExecutor$Worker.run(ThreadPoolExecutor.java:624)
	at java.lang.Thread.run(Thread.java:748)
2019-10-24 14:01:45,221 [main] INFO  freon.RandomKeyGenerator (RandomKeyGenerator.java:call(283)) - Number of Threads: 10
2019-10-24 14:01:45,221 [main] INFO  freon.RandomKeyGenerator (RandomKeyGenerator.java:call(288)) - Number of Volumes: 1.
2019-10-24 14:01:45,221 [main] INFO  freon.RandomKeyGenerator (RandomKeyGenerator.java:call(289)) - Number of Buckets per Volume: 1.
2019-10-24 14:01:45,221 [main] INFO  freon.RandomKeyGenerator (RandomKeyGenerator.java:call(290)) - Number of Keys per Bucket: 1.
2019-10-24 14:01:45,222 [main] INFO  freon.RandomKeyGenerator (RandomKeyGenerator.java:call(291)) - Key size: 20971520 bytes
2019-10-24 14:01:45,222 [main] INFO  freon.RandomKeyGenerator (RandomKeyGenerator.java:call(292)) - Buffer size: 4096 bytes
2019-10-24 14:01:45,222 [main] INFO  freon.RandomKeyGenerator (RandomKeyGenerator.java:call(293)) - validateWrites : true
2019-10-24 14:01:45,223 [main] INFO  freon.RandomKeyGenerator (RandomKeyGenerator.java:call(307)) - Data validation is enabled.
2019-10-24 14:01:45,223 [main] INFO  freon.RandomKeyGenerator (RandomKeyGenerator.java:call(313)) - Starting progress bar Thread.

2019-10-24 14:01:45,224 [pool-59-thread-1] INFO  rpc.RpcClient (RpcClient.java:createVolume(272)) - Creating Volume: vol-0-28973, with jenkins1000 as owner.
 0.00% |?                                                                                                    |  0/1 Time: 0:00:002019-10-24 14:01:45,229 [IPC Server handler 0 on 42552] INFO  volume.OMVolumeCreateRequest (OMVolumeCreateRequest.java:validateAndUpdateCache(193)) - created volume:vol-0-28973 for user:jenkins1000
2019-10-24 14:01:45,253 [pool-59-thread-2] INFO  rpc.RpcClient (RpcClient.java:createBucket(411)) - Creating Bucket: vol-0-28973/bucket-0-19487, with Versioning false and Storage Type set to DISK and Encryption set to false 
2019-10-24 14:01:45,585 [IPC Server handler 0 on 41497] INFO  server.SCMBlockProtocolServer (SCMBlockProtocolServer.java:allocateBlock(179)) - Allocating 5 blocks of size 4194304, with ExcludeList {datanodes = [], containerIds = [], pipelineIds = []}
2019-10-24 14:01:45,587 [IPC Server handler 0 on 41497] WARN  block.BlockManagerImpl (BlockManagerImpl.java:allocateBlock(203)) - Pipeline creation failed for type:RATIS factor:THREE. Retrying get pipelines call once.
org.apache.hadoop.hdds.scm.pipeline.InsufficientDatanodesException: Cannot create pipeline of factor 3 using 0 nodes.
	at org.apache.hadoop.hdds.scm.pipeline.RatisPipelineProvider.create(RatisPipelineProvider.java:144)
	at org.apache.hadoop.hdds.scm.pipeline.PipelineFactory.create(PipelineFactory.java:60)
	at org.apache.hadoop.hdds.scm.pipeline.SCMPipelineManager.createPipeline(SCMPipelineManager.java:159)
	at org.apache.hadoop.hdds.scm.block.BlockManagerImpl.allocateBlock(BlockManagerImpl.java:199)
	at org.apache.hadoop.hdds.scm.server.SCMBlockProtocolServer.allocateBlock(SCMBlockProtocolServer.java:184)
	at org.apache.hadoop.hdds.scm.protocol.ScmBlockLocationProtocolServerSideTranslatorPB.allocateScmBlock(ScmBlockLocationProtocolServerSideTranslatorPB.java:159)
	at org.apache.hadoop.hdds.scm.protocol.ScmBlockLocationProtocolServerSideTranslatorPB.processMessage(ScmBlockLocationProtocolServerSideTranslatorPB.java:117)
	at org.apache.hadoop.hdds.server.OzoneProtocolMessageDispatcher.processRequest(OzoneProtocolMessageDispatcher.java:72)
	at org.apache.hadoop.hdds.scm.protocol.ScmBlockLocationProtocolServerSideTranslatorPB.send(ScmBlockLocationProtocolServerSideTranslatorPB.java:98)
	at org.apache.hadoop.hdds.protocol.proto.ScmBlockLocationProtocolProtos$ScmBlockLocationProtocolService$2.callBlockingMethod(ScmBlockLocationProtocolProtos.java:13157)
	at org.apache.hadoop.ipc.ProtobufRpcEngine$Server$ProtoBufRpcInvoker.call(ProtobufRpcEngine.java:524)
	at org.apache.hadoop.ipc.RPC$Server.call(RPC.java:1025)
	at org.apache.hadoop.ipc.Server$RpcCall.run(Server.java:876)
	at org.apache.hadoop.ipc.Server$RpcCall.run(Server.java:822)
	at java.security.AccessController.doPrivileged(Native Method)
	at javax.security.auth.Subject.doAs(Subject.java:422)
	at org.apache.hadoop.security.UserGroupInformation.doAs(UserGroupInformation.java:1730)
	at org.apache.hadoop.ipc.Server$Handler.run(Server.java:2682)
2019-10-24 14:01:45,588 [IPC Server handler 0 on 41497] INFO  block.BlockManagerImpl (BlockManagerImpl.java:allocateBlock(215)) - Could not find available pipeline of type:RATIS and factor:THREE even after retrying
2019-10-24 14:01:45,588 [IPC Server handler 0 on 41497] ERROR block.BlockManagerImpl (BlockManagerImpl.java:allocateBlock(239)) - Unable to allocate a block for the size: 4194304, type: RATIS, factor: THREE
2019-10-24 14:01:45,589 [IPC Server handler 0 on 41497] WARN  block.BlockManagerImpl (BlockManagerImpl.java:allocateBlock(203)) - Pipeline creation failed for type:RATIS factor:THREE. Retrying get pipelines call once.
org.apache.hadoop.hdds.scm.pipeline.InsufficientDatanodesException: Cannot create pipeline of factor 3 using 0 nodes.
	at org.apache.hadoop.hdds.scm.pipeline.RatisPipelineProvider.create(RatisPipelineProvider.java:144)
	at org.apache.hadoop.hdds.scm.pipeline.PipelineFactory.create(PipelineFactory.java:60)
	at org.apache.hadoop.hdds.scm.pipeline.SCMPipelineManager.createPipeline(SCMPipelineManager.java:159)
	at org.apache.hadoop.hdds.scm.block.BlockManagerImpl.allocateBlock(BlockManagerImpl.java:199)
	at org.apache.hadoop.hdds.scm.server.SCMBlockProtocolServer.allocateBlock(SCMBlockProtocolServer.java:184)
	at org.apache.hadoop.hdds.scm.protocol.ScmBlockLocationProtocolServerSideTranslatorPB.allocateScmBlock(ScmBlockLocationProtocolServerSideTranslatorPB.java:159)
	at org.apache.hadoop.hdds.scm.protocol.ScmBlockLocationProtocolServerSideTranslatorPB.processMessage(ScmBlockLocationProtocolServerSideTranslatorPB.java:117)
	at org.apache.hadoop.hdds.server.OzoneProtocolMessageDispatcher.processRequest(OzoneProtocolMessageDispatcher.java:72)
	at org.apache.hadoop.hdds.scm.protocol.ScmBlockLocationProtocolServerSideTranslatorPB.send(ScmBlockLocationProtocolServerSideTranslatorPB.java:98)
	at org.apache.hadoop.hdds.protocol.proto.ScmBlockLocationProtocolProtos$ScmBlockLocationProtocolService$2.callBlockingMethod(ScmBlockLocationProtocolProtos.java:13157)
	at org.apache.hadoop.ipc.ProtobufRpcEngine$Server$ProtoBufRpcInvoker.call(ProtobufRpcEngine.java:524)
	at org.apache.hadoop.ipc.RPC$Server.call(RPC.java:1025)
	at org.apache.hadoop.ipc.Server$RpcCall.run(Server.java:876)
	at org.apache.hadoop.ipc.Server$RpcCall.run(Server.java:822)
	at java.security.AccessController.doPrivileged(Native Method)
	at javax.security.auth.Subject.doAs(Subject.java:422)
	at org.apache.hadoop.security.UserGroupInformation.doAs(UserGroupInformation.java:1730)
	at org.apache.hadoop.ipc.Server$Handler.run(Server.java:2682)
2019-10-24 14:01:45,590 [IPC Server handler 0 on 41497] INFO  block.BlockManagerImpl (BlockManagerImpl.java:allocateBlock(215)) - Could not find available pipeline of type:RATIS and factor:THREE even after retrying
2019-10-24 14:01:45,590 [IPC Server handler 0 on 41497] ERROR block.BlockManagerImpl (BlockManagerImpl.java:allocateBlock(239)) - Unable to allocate a block for the size: 4194304, type: RATIS, factor: THREE
2019-10-24 14:01:45,590 [IPC Server handler 0 on 41497] WARN  block.BlockManagerImpl (BlockManagerImpl.java:allocateBlock(203)) - Pipeline creation failed for type:RATIS factor:THREE. Retrying get pipelines call once.
org.apache.hadoop.hdds.scm.pipeline.InsufficientDatanodesException: Cannot create pipeline of factor 3 using 0 nodes.
	at org.apache.hadoop.hdds.scm.pipeline.RatisPipelineProvider.create(RatisPipelineProvider.java:144)
	at org.apache.hadoop.hdds.scm.pipeline.PipelineFactory.create(PipelineFactory.java:60)
	at org.apache.hadoop.hdds.scm.pipeline.SCMPipelineManager.createPipeline(SCMPipelineManager.java:159)
	at org.apache.hadoop.hdds.scm.block.BlockManagerImpl.allocateBlock(BlockManagerImpl.java:199)
	at org.apache.hadoop.hdds.scm.server.SCMBlockProtocolServer.allocateBlock(SCMBlockProtocolServer.java:184)
	at org.apache.hadoop.hdds.scm.protocol.ScmBlockLocationProtocolServerSideTranslatorPB.allocateScmBlock(ScmBlockLocationProtocolServerSideTranslatorPB.java:159)
	at org.apache.hadoop.hdds.scm.protocol.ScmBlockLocationProtocolServerSideTranslatorPB.processMessage(ScmBlockLocationProtocolServerSideTranslatorPB.java:117)
	at org.apache.hadoop.hdds.server.OzoneProtocolMessageDispatcher.processRequest(OzoneProtocolMessageDispatcher.java:72)
	at org.apache.hadoop.hdds.scm.protocol.ScmBlockLocationProtocolServerSideTranslatorPB.send(ScmBlockLocationProtocolServerSideTranslatorPB.java:98)
	at org.apache.hadoop.hdds.protocol.proto.ScmBlockLocationProtocolProtos$ScmBlockLocationProtocolService$2.callBlockingMethod(ScmBlockLocationProtocolProtos.java:13157)
	at org.apache.hadoop.ipc.ProtobufRpcEngine$Server$ProtoBufRpcInvoker.call(ProtobufRpcEngine.java:524)
	at org.apache.hadoop.ipc.RPC$Server.call(RPC.java:1025)
	at org.apache.hadoop.ipc.Server$RpcCall.run(Server.java:876)
	at org.apache.hadoop.ipc.Server$RpcCall.run(Server.java:822)
	at java.security.AccessController.doPrivileged(Native Method)
	at javax.security.auth.Subject.doAs(Subject.java:422)
	at org.apache.hadoop.security.UserGroupInformation.doAs(UserGroupInformation.java:1730)
	at org.apache.hadoop.ipc.Server$Handler.run(Server.java:2682)
2019-10-24 14:01:45,591 [IPC Server handler 0 on 41497] INFO  block.BlockManagerImpl (BlockManagerImpl.java:allocateBlock(215)) - Could not find available pipeline of type:RATIS and factor:THREE even after retrying
2019-10-24 14:01:45,591 [IPC Server handler 0 on 41497] ERROR block.BlockManagerImpl (BlockManagerImpl.java:allocateBlock(239)) - Unable to allocate a block for the size: 4194304, type: RATIS, factor: THREE
2019-10-24 14:01:45,592 [IPC Server handler 0 on 41497] WARN  block.BlockManagerImpl (BlockManagerImpl.java:allocateBlock(203)) - Pipeline creation failed for type:RATIS factor:THREE. Retrying get pipelines call once.
org.apache.hadoop.hdds.scm.pipeline.InsufficientDatanodesException: Cannot create pipeline of factor 3 using 0 nodes.
	at org.apache.hadoop.hdds.scm.pipeline.RatisPipelineProvider.create(RatisPipelineProvider.java:144)
	at org.apache.hadoop.hdds.scm.pipeline.PipelineFactory.create(PipelineFactory.java:60)
	at org.apache.hadoop.hdds.scm.pipeline.SCMPipelineManager.createPipeline(SCMPipelineManager.java:159)
	at org.apache.hadoop.hdds.scm.block.BlockManagerImpl.allocateBlock(BlockManagerImpl.java:199)
	at org.apache.hadoop.hdds.scm.server.SCMBlockProtocolServer.allocateBlock(SCMBlockProtocolServer.java:184)
	at org.apache.hadoop.hdds.scm.protocol.ScmBlockLocationProtocolServerSideTranslatorPB.allocateScmBlock(ScmBlockLocationProtocolServerSideTranslatorPB.java:159)
	at org.apache.hadoop.hdds.scm.protocol.ScmBlockLocationProtocolServerSideTranslatorPB.processMessage(ScmBlockLocationProtocolServerSideTranslatorPB.java:117)
	at org.apache.hadoop.hdds.server.OzoneProtocolMessageDispatcher.processRequest(OzoneProtocolMessageDispatcher.java:72)
	at org.apache.hadoop.hdds.scm.protocol.ScmBlockLocationProtocolServerSideTranslatorPB.send(ScmBlockLocationProtocolServerSideTranslatorPB.java:98)
	at org.apache.hadoop.hdds.protocol.proto.ScmBlockLocationProtocolProtos$ScmBlockLocationProtocolService$2.callBlockingMethod(ScmBlockLocationProtocolProtos.java:13157)
	at org.apache.hadoop.ipc.ProtobufRpcEngine$Server$ProtoBufRpcInvoker.call(ProtobufRpcEngine.java:524)
	at org.apache.hadoop.ipc.RPC$Server.call(RPC.java:1025)
	at org.apache.hadoop.ipc.Server$RpcCall.run(Server.java:876)
	at org.apache.hadoop.ipc.Server$RpcCall.run(Server.java:822)
	at java.security.AccessController.doPrivileged(Native Method)
	at javax.security.auth.Subject.doAs(Subject.java:422)
	at org.apache.hadoop.security.UserGroupInformation.doAs(UserGroupInformation.java:1730)
	at org.apache.hadoop.ipc.Server$Handler.run(Server.java:2682)
2019-10-24 14:01:45,593 [IPC Server handler 0 on 41497] INFO  block.BlockManagerImpl (BlockManagerImpl.java:allocateBlock(215)) - Could not find available pipeline of type:RATIS and factor:THREE even after retrying
2019-10-24 14:01:45,593 [IPC Server handler 0 on 41497] ERROR block.BlockManagerImpl (BlockManagerImpl.java:allocateBlock(239)) - Unable to allocate a block for the size: 4194304, type: RATIS, factor: THREE
2019-10-24 14:01:45,594 [IPC Server handler 0 on 41497] WARN  block.BlockManagerImpl (BlockManagerImpl.java:allocateBlock(203)) - Pipeline creation failed for type:RATIS factor:THREE. Retrying get pipelines call once.
org.apache.hadoop.hdds.scm.pipeline.InsufficientDatanodesException: Cannot create pipeline of factor 3 using 0 nodes.
	at org.apache.hadoop.hdds.scm.pipeline.RatisPipelineProvider.create(RatisPipelineProvider.java:144)
	at org.apache.hadoop.hdds.scm.pipeline.PipelineFactory.create(PipelineFactory.java:60)
	at org.apache.hadoop.hdds.scm.pipeline.SCMPipelineManager.createPipeline(SCMPipelineManager.java:159)
	at org.apache.hadoop.hdds.scm.block.BlockManagerImpl.allocateBlock(BlockManagerImpl.java:199)
	at org.apache.hadoop.hdds.scm.server.SCMBlockProtocolServer.allocateBlock(SCMBlockProtocolServer.java:184)
	at org.apache.hadoop.hdds.scm.protocol.ScmBlockLocationProtocolServerSideTranslatorPB.allocateScmBlock(ScmBlockLocationProtocolServerSideTranslatorPB.java:159)
	at org.apache.hadoop.hdds.scm.protocol.ScmBlockLocationProtocolServerSideTranslatorPB.processMessage(ScmBlockLocationProtocolServerSideTranslatorPB.java:117)
	at org.apache.hadoop.hdds.server.OzoneProtocolMessageDispatcher.processRequest(OzoneProtocolMessageDispatcher.java:72)
	at org.apache.hadoop.hdds.scm.protocol.ScmBlockLocationProtocolServerSideTranslatorPB.send(ScmBlockLocationProtocolServerSideTranslatorPB.java:98)
	at org.apache.hadoop.hdds.protocol.proto.ScmBlockLocationProtocolProtos$ScmBlockLocationProtocolService$2.callBlockingMethod(ScmBlockLocationProtocolProtos.java:13157)
	at org.apache.hadoop.ipc.ProtobufRpcEngine$Server$ProtoBufRpcInvoker.call(ProtobufRpcEngine.java:524)
	at org.apache.hadoop.ipc.RPC$Server.call(RPC.java:1025)
	at org.apache.hadoop.ipc.Server$RpcCall.run(Server.java:876)
	at org.apache.hadoop.ipc.Server$RpcCall.run(Server.java:822)
	at java.security.AccessController.doPrivileged(Native Method)
	at javax.security.auth.Subject.doAs(Subject.java:422)
	at org.apache.hadoop.security.UserGroupInformation.doAs(UserGroupInformation.java:1730)
	at org.apache.hadoop.ipc.Server$Handler.run(Server.java:2682)
2019-10-24 14:01:45,595 [IPC Server handler 0 on 41497] INFO  block.BlockManagerImpl (BlockManagerImpl.java:allocateBlock(215)) - Could not find available pipeline of type:RATIS and factor:THREE even after retrying
2019-10-24 14:01:45,595 [IPC Server handler 0 on 41497] ERROR block.BlockManagerImpl (BlockManagerImpl.java:allocateBlock(239)) - Unable to allocate a block for the size: 4194304, type: RATIS, factor: THREE
2019-10-24 14:01:45,600 [pool-59-thread-4] ERROR freon.RandomKeyGenerator (RandomKeyGenerator.java:createKey(735)) - Exception while adding key: key-0-35467 in bucket: bucket-0-19487 of volume: vol-0-28973.
INTERNAL_ERROR org.apache.hadoop.ozone.om.exceptions.OMException: org.apache.hadoop.hdds.scm.exceptions.SCMException: Allocated 0 blocks. Requested 5 blocks
	at org.apache.hadoop.hdds.scm.protocolPB.ScmBlockLocationProtocolClientSideTranslatorPB.handleError(ScmBlockLocationProtocolClientSideTranslatorPB.java:118)
	at org.apache.hadoop.hdds.scm.protocolPB.ScmBlockLocationProtocolClientSideTranslatorPB.allocateBlock(ScmBlockLocationProtocolClientSideTranslatorPB.java:156)
	at sun.reflect.NativeMethodAccessorImpl.invoke0(Native Method)
	at sun.reflect.NativeMethodAccessorImpl.invoke(NativeMethodAccessorImpl.java:62)
	at sun.reflect.DelegatingMethodAccessorImpl.invoke(DelegatingMethodAccessorImpl.java:43)
	at java.lang.reflect.Method.invoke(Method.java:498)
	at org.apache.hadoop.hdds.tracing.TraceAllMethod.invoke(TraceAllMethod.java:66)
	at com.sun.proxy.$Proxy27.allocateBlock(Unknown Source)
	at org.apache.hadoop.ozone.om.request.key.OMKeyRequest.allocateBlock(OMKeyRequest.java:129)
	at org.apache.hadoop.ozone.om.request.key.OMKeyCreateRequest.preExecute(OMKeyCreateRequest.java:116)
	at org.apache.hadoop.ozone.protocolPB.OzoneManagerProtocolServerSideTranslatorPB.submitRequestDirectlyToOM(OzoneManagerProtocolServerSideTranslatorPB.java:225)
	at org.apache.hadoop.ozone.protocolPB.OzoneManagerProtocolServerSideTranslatorPB.processRequest(OzoneManagerProtocolServerSideTranslatorPB.java:134)
	at org.apache.hadoop.hdds.server.OzoneProtocolMessageDispatcher.processRequest(OzoneProtocolMessageDispatcher.java:72)
	at org.apache.hadoop.ozone.protocolPB.OzoneManagerProtocolServerSideTranslatorPB.submitRequest(OzoneManagerProtocolServerSideTranslatorPB.java:102)
	at org.apache.hadoop.ozone.protocol.proto.OzoneManagerProtocolProtos$OzoneManagerService$2.callBlockingMethod(OzoneManagerProtocolProtos.java)
	at org.apache.hadoop.ipc.ProtobufRpcEngine$Server$ProtoBufRpcInvoker.call(ProtobufRpcEngine.java:524)
	at org.apache.hadoop.ipc.RPC$Server.call(RPC.java:1025)
	at org.apache.hadoop.ipc.Server$RpcCall.run(Server.java:876)
	at org.apache.hadoop.ipc.Server$RpcCall.run(Server.java:822)
	at java.security.AccessController.doPrivileged(Native Method)
	at javax.security.auth.Subject.doAs(Subject.java:422)
	at org.apache.hadoop.security.UserGroupInformation.doAs(UserGroupInformation.java:1730)
	at org.apache.hadoop.ipc.Server$Handler.run(Server.java:2682)

	at org.apache.hadoop.ozone.om.protocolPB.OzoneManagerProtocolClientSideTranslatorPB.handleError(OzoneManagerProtocolClientSideTranslatorPB.java:732)
	at org.apache.hadoop.ozone.om.protocolPB.OzoneManagerProtocolClientSideTranslatorPB.openKey(OzoneManagerProtocolClientSideTranslatorPB.java:723)
	at sun.reflect.NativeMethodAccessorImpl.invoke0(Native Method)
	at sun.reflect.NativeMethodAccessorImpl.invoke(NativeMethodAccessorImpl.java:62)
	at sun.reflect.DelegatingMethodAccessorImpl.invoke(DelegatingMethodAccessorImpl.java:43)
	at java.lang.reflect.Method.invoke(Method.java:498)
	at org.apache.hadoop.hdds.tracing.TraceAllMethod.invoke(TraceAllMethod.java:66)
	at com.sun.proxy.$Proxy37.openKey(Unknown Source)
	at org.apache.hadoop.ozone.client.rpc.RpcClient.createKey(RpcClient.java:614)
	at org.apache.hadoop.ozone.client.OzoneBucket.createKey(OzoneBucket.java:325)
	at org.apache.hadoop.ozone.freon.RandomKeyGenerator.createKey(RandomKeyGenerator.java:697)
	at org.apache.hadoop.ozone.freon.RandomKeyGenerator.access$1100(RandomKeyGenerator.java:88)
	at org.apache.hadoop.ozone.freon.RandomKeyGenerator$ObjectCreator.run(RandomKeyGenerator.java:615)
	at java.util.concurrent.Executors$RunnableAdapter.call(Executors.java:511)
	at java.util.concurrent.FutureTask.run(FutureTask.java:266)
	at java.util.concurrent.ThreadPoolExecutor.runWorker(ThreadPoolExecutor.java:1149)
	at java.util.concurrent.ThreadPoolExecutor$Worker.run(ThreadPoolExecutor.java:624)
	at java.lang.Thread.run(Thread.java:748)
 0.00% |?                                                                                                    |  0/1 Time: 0:00:012019-10-24 14:01:46,282 [Command processor thread] INFO  impl.RaftServerProxy (RaftServerProxy.java:remove(95)) - 606a27f3-5cf8-421b-ba6f-65d948371d16: remove  FOLLOWER 606a27f3-5cf8-421b-ba6f-65d948371d16@group-01107CF7BCDC:t2, leader=eef97524-f470-48ed-9080-125fe9bf1610, voted=eef97524-f470-48ed-9080-125fe9bf1610, raftlog=606a27f3-5cf8-421b-ba6f-65d948371d16@group-01107CF7BCDC-SegmentedRaftLog:OPENED:c79,f79,i79, conf=0: [eef97524-f470-48ed-9080-125fe9bf1610:192.168.34.27:42977, 606a27f3-5cf8-421b-ba6f-65d948371d16:192.168.34.27:35844, e894f923-b1c9-490c-81e9-96a537a93170:192.168.34.27:42577], old=null RUNNING
2019-10-24 14:01:46,282 [Command processor thread] INFO  impl.RaftServerProxy (RaftServerProxy.java:remove(95)) - eef97524-f470-48ed-9080-125fe9bf1610: remove    LEADER eef97524-f470-48ed-9080-125fe9bf1610@group-01107CF7BCDC:t2, leader=eef97524-f470-48ed-9080-125fe9bf1610, voted=eef97524-f470-48ed-9080-125fe9bf1610, raftlog=eef97524-f470-48ed-9080-125fe9bf1610@group-01107CF7BCDC-SegmentedRaftLog:OPENED:c79,f79,i79, conf=0: [eef97524-f470-48ed-9080-125fe9bf1610:192.168.34.27:42977, 606a27f3-5cf8-421b-ba6f-65d948371d16:192.168.34.27:35844, e894f923-b1c9-490c-81e9-96a537a93170:192.168.34.27:42577], old=null RUNNING
2019-10-24 14:01:46,288 [Command processor thread] INFO  impl.RaftServerImpl (RaftServerImpl.java:lambda$shutdown$3(250)) - eef97524-f470-48ed-9080-125fe9bf1610@group-01107CF7BCDC: shutdown
2019-10-24 14:01:46,288 [Command processor thread] INFO  impl.RaftServerImpl (RaftServerImpl.java:lambda$shutdown$3(250)) - 606a27f3-5cf8-421b-ba6f-65d948371d16@group-01107CF7BCDC: shutdown
2019-10-24 14:01:46,290 [Command processor thread] INFO  util.JmxRegister (JmxRegister.java:unregister(73)) - Successfully un-registered JMX Bean with object name Ratis:service=RaftServer,group=group-01107CF7BCDC,id=eef97524-f470-48ed-9080-125fe9bf1610
2019-10-24 14:01:46,290 [Command processor thread] INFO  util.JmxRegister (JmxRegister.java:unregister(73)) - Successfully un-registered JMX Bean with object name Ratis:service=RaftServer,group=group-01107CF7BCDC,id=606a27f3-5cf8-421b-ba6f-65d948371d16
2019-10-24 14:01:46,290 [Command processor thread] INFO  impl.RoleInfo (RoleInfo.java:shutdownLeaderState(104)) - eef97524-f470-48ed-9080-125fe9bf1610: shutdown LeaderState
2019-10-24 14:01:46,290 [Command processor thread] INFO  impl.RoleInfo (RoleInfo.java:shutdownFollowerState(121)) - 606a27f3-5cf8-421b-ba6f-65d948371d16: shutdown FollowerState
2019-10-24 14:01:46,297 [Command processor thread] INFO  impl.StateMachineUpdater (StateMachineUpdater.java:stopAndJoin(136)) - 606a27f3-5cf8-421b-ba6f-65d948371d16@group-01107CF7BCDC-StateMachineUpdater: set stopIndex = 79
2019-10-24 14:01:46,297 [org.apache.ratis.server.impl.LogAppender$AppenderDaemon$$Lambda$763/1393990566@77adb4ec] WARN  server.GrpcLogAppender (GrpcLogAppender.java:mayWait(149)) - eef97524-f470-48ed-9080-125fe9bf1610@group-01107CF7BCDC->606a27f3-5cf8-421b-ba6f-65d948371d16-GrpcLogAppender: Wait interrupted by java.lang.InterruptedException
2019-10-24 14:01:46,298 [606a27f3-5cf8-421b-ba6f-65d948371d16@group-01107CF7BCDC-StateMachineUpdater] INFO  ratis.ContainerStateMachine (ContainerStateMachine.java:takeSnapshot(294)) - group-01107CF7BCDC: Taking a snapshot at:(t:2, i:77) file /workdir/hadoop-ozone/tools/target/test-dir/MiniOzoneClusterImpl-3e98bdd2-7858-4974-ae40-455654d60294/datanode-2/data/ratis/43c6bbff-4ddc-4195-a46f-01107cf7bcdc/sm/snapshot.2_77
2019-10-24 14:01:46,297 [Thread-236] INFO  impl.FollowerState (FollowerState.java:run(120)) - 606a27f3-5cf8-421b-ba6f-65d948371d16@group-01107CF7BCDC-FollowerState was interrupted: java.lang.InterruptedException: sleep interrupted
2019-10-24 14:01:46,297 [Command processor thread] INFO  impl.PendingRequests (PendingRequests.java:sendNotLeaderResponses(206)) - eef97524-f470-48ed-9080-125fe9bf1610@group-01107CF7BCDC-PendingRequests: sendNotLeaderResponses
2019-10-24 14:01:46,297 [org.apache.ratis.server.impl.LogAppender$AppenderDaemon$$Lambda$763/1393990566@6268fab7] WARN  server.GrpcLogAppender (GrpcLogAppender.java:mayWait(149)) - eef97524-f470-48ed-9080-125fe9bf1610@group-01107CF7BCDC->e894f923-b1c9-490c-81e9-96a537a93170-GrpcLogAppender: Wait interrupted by java.lang.InterruptedException
2019-10-24 14:01:46,302 [grpc-default-executor-5] INFO  server.GrpcServerProtocolService (GrpcServerProtocolService.java:onCompleted(113)) - 606a27f3-5cf8-421b-ba6f-65d948371d16: Completed APPEND_ENTRIES, lastRequest: eef97524-f470-48ed-9080-125fe9bf1610->606a27f3-5cf8-421b-ba6f-65d948371d16#82-t2, previous=(t:2, i:79), leaderCommit=79, initializing? false, entries: <empty>
2019-10-24 14:01:46,302 [grpc-default-executor-3] INFO  server.GrpcServerProtocolService (GrpcServerProtocolService.java:onCompleted(113)) - e894f923-b1c9-490c-81e9-96a537a93170: Completed APPEND_ENTRIES, lastRequest: eef97524-f470-48ed-9080-125fe9bf1610->e894f923-b1c9-490c-81e9-96a537a93170#82-t2, previous=(t:2, i:79), leaderCommit=79, initializing? false, entries: <empty>
2019-10-24 14:01:46,305 [eef97524-f470-48ed-9080-125fe9bf1610@group-01107CF7BCDC-StateMachineUpdater] INFO  ratis.ContainerStateMachine (ContainerStateMachine.java:takeSnapshot(294)) - group-01107CF7BCDC: Taking a snapshot at:(t:2, i:77) file /workdir/hadoop-ozone/tools/target/test-dir/MiniOzoneClusterImpl-3e98bdd2-7858-4974-ae40-455654d60294/datanode-1/data/ratis/43c6bbff-4ddc-4195-a46f-01107cf7bcdc/sm/snapshot.2_77
2019-10-24 14:01:46,304 [Command processor thread] INFO  impl.StateMachineUpdater (StateMachineUpdater.java:stopAndJoin(136)) - eef97524-f470-48ed-9080-125fe9bf1610@group-01107CF7BCDC-StateMachineUpdater: set stopIndex = 79
2019-10-24 14:01:46,306 [grpc-default-executor-3] INFO  server.GrpcLogAppender (GrpcLogAppender.java:onCompleted(308)) - eef97524-f470-48ed-9080-125fe9bf1610@group-01107CF7BCDC->606a27f3-5cf8-421b-ba6f-65d948371d16-AppendLogResponseHandler: follower responses appendEntries COMPLETED
2019-10-24 14:01:46,306 [grpc-default-executor-5] INFO  server.GrpcLogAppender (GrpcLogAppender.java:onCompleted(308)) - eef97524-f470-48ed-9080-125fe9bf1610@group-01107CF7BCDC->e894f923-b1c9-490c-81e9-96a537a93170-AppendLogResponseHandler: follower responses appendEntries COMPLETED
2019-10-24 14:01:46,312 [grpc-default-executor-5] INFO  impl.FollowerInfo (FollowerInfo.java:lambda$new$0(51)) - eef97524-f470-48ed-9080-125fe9bf1610@group-01107CF7BCDC->e894f923-b1c9-490c-81e9-96a537a93170: nextIndex: updateUnconditionally 80 -> 79
2019-10-24 14:01:46,312 [grpc-default-executor-3] INFO  impl.FollowerInfo (FollowerInfo.java:lambda$new$0(51)) - eef97524-f470-48ed-9080-125fe9bf1610@group-01107CF7BCDC->606a27f3-5cf8-421b-ba6f-65d948371d16: nextIndex: updateUnconditionally 80 -> 79
2019-10-24 14:01:46,437 [606a27f3-5cf8-421b-ba6f-65d948371d16@group-01107CF7BCDC-StateMachineUpdater] INFO  ratis.ContainerStateMachine (ContainerStateMachine.java:takeSnapshot(305)) - group-01107CF7BCDC: Finished taking a snapshot at:(t:2, i:77) file:/workdir/hadoop-ozone/tools/target/test-dir/MiniOzoneClusterImpl-3e98bdd2-7858-4974-ae40-455654d60294/datanode-2/data/ratis/43c6bbff-4ddc-4195-a46f-01107cf7bcdc/sm/snapshot.2_77 time:139
2019-10-24 14:01:46,437 [eef97524-f470-48ed-9080-125fe9bf1610@group-01107CF7BCDC-StateMachineUpdater] INFO  ratis.ContainerStateMachine (ContainerStateMachine.java:takeSnapshot(305)) - group-01107CF7BCDC: Finished taking a snapshot at:(t:2, i:77) file:/workdir/hadoop-ozone/tools/target/test-dir/MiniOzoneClusterImpl-3e98bdd2-7858-4974-ae40-455654d60294/datanode-1/data/ratis/43c6bbff-4ddc-4195-a46f-01107cf7bcdc/sm/snapshot.2_77 time:131
2019-10-24 14:01:46,438 [eef97524-f470-48ed-9080-125fe9bf1610@group-01107CF7BCDC-StateMachineUpdater] INFO  impl.StateMachineUpdater (StateMachineUpdater.java:takeSnapshot(269)) - eef97524-f470-48ed-9080-125fe9bf1610@group-01107CF7BCDC-StateMachineUpdater: Took a snapshot at index 77
2019-10-24 14:01:46,438 [606a27f3-5cf8-421b-ba6f-65d948371d16@group-01107CF7BCDC-StateMachineUpdater] INFO  impl.StateMachineUpdater (StateMachineUpdater.java:takeSnapshot(269)) - 606a27f3-5cf8-421b-ba6f-65d948371d16@group-01107CF7BCDC-StateMachineUpdater: Took a snapshot at index 77
2019-10-24 14:01:46,439 [eef97524-f470-48ed-9080-125fe9bf1610@group-01107CF7BCDC-StateMachineUpdater] INFO  impl.StateMachineUpdater (StateMachineUpdater.java:lambda$new$0(84)) - eef97524-f470-48ed-9080-125fe9bf1610@group-01107CF7BCDC-StateMachineUpdater: snapshotIndex: updateIncreasingly -1 -> 77
2019-10-24 14:01:46,439 [606a27f3-5cf8-421b-ba6f-65d948371d16@group-01107CF7BCDC-StateMachineUpdater] INFO  impl.StateMachineUpdater (StateMachineUpdater.java:lambda$new$0(84)) - 606a27f3-5cf8-421b-ba6f-65d948371d16@group-01107CF7BCDC-StateMachineUpdater: snapshotIndex: updateIncreasingly -1 -> 77
2019-10-24 14:01:46,443 [606a27f3-5cf8-421b-ba6f-65d948371d16@group-01107CF7BCDC-StateMachineUpdater] INFO  ratis.ContainerStateMachine (ContainerStateMachine.java:takeSnapshot(294)) - group-01107CF7BCDC: Taking a snapshot at:(t:2, i:77) file /workdir/hadoop-ozone/tools/target/test-dir/MiniOzoneClusterImpl-3e98bdd2-7858-4974-ae40-455654d60294/datanode-2/data/ratis/43c6bbff-4ddc-4195-a46f-01107cf7bcdc/sm/snapshot.2_77
2019-10-24 14:01:46,443 [eef97524-f470-48ed-9080-125fe9bf1610@group-01107CF7BCDC-StateMachineUpdater] INFO  ratis.ContainerStateMachine (ContainerStateMachine.java:takeSnapshot(294)) - group-01107CF7BCDC: Taking a snapshot at:(t:2, i:77) file /workdir/hadoop-ozone/tools/target/test-dir/MiniOzoneClusterImpl-3e98bdd2-7858-4974-ae40-455654d60294/datanode-1/data/ratis/43c6bbff-4ddc-4195-a46f-01107cf7bcdc/sm/snapshot.2_77
2019-10-24 14:01:46,456 [eef97524-f470-48ed-9080-125fe9bf1610@group-01107CF7BCDC-StateMachineUpdater] INFO  ratis.ContainerStateMachine (ContainerStateMachine.java:takeSnapshot(305)) - group-01107CF7BCDC: Finished taking a snapshot at:(t:2, i:77) file:/workdir/hadoop-ozone/tools/target/test-dir/MiniOzoneClusterImpl-3e98bdd2-7858-4974-ae40-455654d60294/datanode-1/data/ratis/43c6bbff-4ddc-4195-a46f-01107cf7bcdc/sm/snapshot.2_77 time:12
2019-10-24 14:01:46,456 [606a27f3-5cf8-421b-ba6f-65d948371d16@group-01107CF7BCDC-StateMachineUpdater] INFO  ratis.ContainerStateMachine (ContainerStateMachine.java:takeSnapshot(305)) - group-01107CF7BCDC: Finished taking a snapshot at:(t:2, i:77) file:/workdir/hadoop-ozone/tools/target/test-dir/MiniOzoneClusterImpl-3e98bdd2-7858-4974-ae40-455654d60294/datanode-2/data/ratis/43c6bbff-4ddc-4195-a46f-01107cf7bcdc/sm/snapshot.2_77 time:12
2019-10-24 14:01:46,456 [eef97524-f470-48ed-9080-125fe9bf1610@group-01107CF7BCDC-StateMachineUpdater] INFO  impl.StateMachineUpdater (StateMachineUpdater.java:takeSnapshot(269)) - eef97524-f470-48ed-9080-125fe9bf1610@group-01107CF7BCDC-StateMachineUpdater: Took a snapshot at index 77
2019-10-24 14:01:46,457 [606a27f3-5cf8-421b-ba6f-65d948371d16@group-01107CF7BCDC-StateMachineUpdater] INFO  impl.StateMachineUpdater (StateMachineUpdater.java:takeSnapshot(269)) - 606a27f3-5cf8-421b-ba6f-65d948371d16@group-01107CF7BCDC-StateMachineUpdater: Took a snapshot at index 77
2019-10-24 14:01:46,457 [eef97524-f470-48ed-9080-125fe9bf1610@group-01107CF7BCDC-StateMachineUpdater] INFO  impl.StateMachineUpdater (StateMachineUpdater.java:lambda$new$0(84)) - eef97524-f470-48ed-9080-125fe9bf1610@group-01107CF7BCDC-StateMachineUpdater: snapshotIndex: updateIncreasingly 77 -> 77
2019-10-24 14:01:46,457 [606a27f3-5cf8-421b-ba6f-65d948371d16@group-01107CF7BCDC-StateMachineUpdater] INFO  impl.StateMachineUpdater (StateMachineUpdater.java:lambda$new$0(84)) - 606a27f3-5cf8-421b-ba6f-65d948371d16@group-01107CF7BCDC-StateMachineUpdater: snapshotIndex: updateIncreasingly 77 -> 77
2019-10-24 14:01:46,457 [Command processor thread] INFO  impl.RaftServerImpl (ServerState.java:close(387)) - 606a27f3-5cf8-421b-ba6f-65d948371d16@group-01107CF7BCDC: closes. applyIndex: 79
2019-10-24 14:01:46,457 [Command processor thread] INFO  impl.RaftServerImpl (ServerState.java:close(387)) - eef97524-f470-48ed-9080-125fe9bf1610@group-01107CF7BCDC: closes. applyIndex: 79
2019-10-24 14:01:46,459 [606a27f3-5cf8-421b-ba6f-65d948371d16@group-01107CF7BCDC-SegmentedRaftLogWorker] INFO  segmented.SegmentedRaftLogWorker (SegmentedRaftLogWorker.java:run(316)) - 606a27f3-5cf8-421b-ba6f-65d948371d16@group-01107CF7BCDC-SegmentedRaftLogWorker was interrupted, exiting. There are 0 tasks remaining in the queue.
2019-10-24 14:01:46,459 [eef97524-f470-48ed-9080-125fe9bf1610@group-01107CF7BCDC-SegmentedRaftLogWorker] INFO  segmented.SegmentedRaftLogWorker (SegmentedRaftLogWorker.java:run(316)) - eef97524-f470-48ed-9080-125fe9bf1610@group-01107CF7BCDC-SegmentedRaftLogWorker was interrupted, exiting. There are 0 tasks remaining in the queue.
2019-10-24 14:01:46,462 [Command processor thread] INFO  segmented.SegmentedRaftLogWorker (SegmentedRaftLogWorker.java:close(224)) - 606a27f3-5cf8-421b-ba6f-65d948371d16@group-01107CF7BCDC-SegmentedRaftLogWorker close()
2019-10-24 14:01:46,462 [Command processor thread] INFO  segmented.SegmentedRaftLogWorker (SegmentedRaftLogWorker.java:close(224)) - eef97524-f470-48ed-9080-125fe9bf1610@group-01107CF7BCDC-SegmentedRaftLogWorker close()
2019-10-24 14:01:46,500 [Command processor thread] INFO  interfaces.Container (KeyValueContainer.java:flushAndSyncDB(386)) - Container 1 is synced with bcsId 61.
2019-10-24 14:01:46,500 [Command processor thread] INFO  interfaces.Container (KeyValueContainer.java:flushAndSyncDB(386)) - Container 1 is synced with bcsId 61.
2019-10-24 14:01:46,501 [Command processor thread] INFO  interfaces.Container (KeyValueContainer.java:flushAndSyncDB(386)) - Container 1 is synced with bcsId 61.
2019-10-24 14:01:46,501 [Command processor thread] INFO  interfaces.Container (KeyValueContainer.java:flushAndSyncDB(386)) - Container 1 is synced with bcsId 61.
2019-10-24 14:01:46,520 [EventQueue-IncrementalContainerReportForIncrementalContainerReportHandler] INFO  container.IncrementalContainerReportHandler (AbstractContainerReportHandler.java:updateContainerState(171)) - Moving container #1 to QUASI_CLOSED state, datanode eef97524-f470-48ed-9080-125fe9bf1610{ip: 192.168.34.27, host: pr-hdds-2034-s5hcl-2472234065, networkLocation: /default-rack, certSerialId: null} reported QUASI_CLOSED replica.
2019-10-24 14:01:46,560 [Command processor thread] INFO  interfaces.Container (KeyValueContainer.java:flushAndSyncDB(386)) - Container 2 is synced with bcsId 77.
2019-10-24 14:01:46,560 [Command processor thread] INFO  interfaces.Container (KeyValueContainer.java:flushAndSyncDB(386)) - Container 2 is synced with bcsId 77.
2019-10-24 14:01:46,560 [Command processor thread] INFO  interfaces.Container (KeyValueContainer.java:flushAndSyncDB(386)) - Container 2 is synced with bcsId 77.
2019-10-24 14:01:46,560 [Command processor thread] INFO  interfaces.Container (KeyValueContainer.java:flushAndSyncDB(386)) - Container 2 is synced with bcsId 77.
2019-10-24 14:01:46,588 [EventQueue-IncrementalContainerReportForIncrementalContainerReportHandler] INFO  container.IncrementalContainerReportHandler (AbstractContainerReportHandler.java:updateContainerState(171)) - Moving container #2 to QUASI_CLOSED state, datanode eef97524-f470-48ed-9080-125fe9bf1610{ip: 192.168.34.27, host: pr-hdds-2034-s5hcl-2472234065, networkLocation: /default-rack, certSerialId: null} reported QUASI_CLOSED replica.
2019-10-24 14:01:46,614 [Command processor thread] INFO  interfaces.Container (KeyValueContainer.java:flushAndSyncDB(386)) - Container 3 is synced with bcsId 43.
2019-10-24 14:01:46,614 [Command processor thread] INFO  interfaces.Container (KeyValueContainer.java:flushAndSyncDB(386)) - Container 3 is synced with bcsId 43.
2019-10-24 14:01:46,614 [Command processor thread] INFO  interfaces.Container (KeyValueContainer.java:flushAndSyncDB(386)) - Container 3 is synced with bcsId 43.
2019-10-24 14:01:46,614 [Command processor thread] INFO  interfaces.Container (KeyValueContainer.java:flushAndSyncDB(386)) - Container 3 is synced with bcsId 43.
2019-10-24 14:01:46,631 [Command processor thread] INFO  commandhandler.ClosePipelineCommandHandler (ClosePipelineCommandHandler.java:handle(78)) - Close Pipeline #id: "43c6bbff-4ddc-4195-a46f-01107cf7bcdc"
 command on datanode #606a27f3-5cf8-421b-ba6f-65d948371d16.
2019-10-24 14:01:46,631 [Command processor thread] INFO  commandhandler.ClosePipelineCommandHandler (ClosePipelineCommandHandler.java:handle(78)) - Close Pipeline #id: "43c6bbff-4ddc-4195-a46f-01107cf7bcdc"
 command on datanode #eef97524-f470-48ed-9080-125fe9bf1610.
2019-10-24 14:01:46,634 [EventQueue-IncrementalContainerReportForIncrementalContainerReportHandler] INFO  container.IncrementalContainerReportHandler (AbstractContainerReportHandler.java:updateContainerState(171)) - Moving container #3 to QUASI_CLOSED state, datanode eef97524-f470-48ed-9080-125fe9bf1610{ip: 192.168.34.27, host: pr-hdds-2034-s5hcl-2472234065, networkLocation: /default-rack, certSerialId: null} reported QUASI_CLOSED replica.
2019-10-24 14:01:46,634 [Command processor thread] INFO  impl.RaftServerProxy (RaftServerProxy.java:addNew(89)) - eef97524-f470-48ed-9080-125fe9bf1610: addNew group-2DEDCF9E2427:[eef97524-f470-48ed-9080-125fe9bf1610:192.168.34.27:42977, 606a27f3-5cf8-421b-ba6f-65d948371d16:192.168.34.27:35844, e894f923-b1c9-490c-81e9-96a537a93170:192.168.34.27:42577] returns group-2DEDCF9E2427:java.util.concurrent.CompletableFuture@287c845f[Not completed]
2019-10-24 14:01:46,634 [Command processor thread] INFO  impl.RaftServerProxy (RaftServerProxy.java:addNew(89)) - 606a27f3-5cf8-421b-ba6f-65d948371d16: addNew group-2DEDCF9E2427:[eef97524-f470-48ed-9080-125fe9bf1610:192.168.34.27:42977, 606a27f3-5cf8-421b-ba6f-65d948371d16:192.168.34.27:35844, e894f923-b1c9-490c-81e9-96a537a93170:192.168.34.27:42577] returns group-2DEDCF9E2427:java.util.concurrent.CompletableFuture@ef4f190[Not completed]
2019-10-24 14:01:46,638 [pool-47-thread-1] INFO  impl.RaftServerImpl (RaftServerImpl.java:<init>(98)) - 606a27f3-5cf8-421b-ba6f-65d948371d16: new RaftServerImpl for group-2DEDCF9E2427:[eef97524-f470-48ed-9080-125fe9bf1610:192.168.34.27:42977, 606a27f3-5cf8-421b-ba6f-65d948371d16:192.168.34.27:35844, e894f923-b1c9-490c-81e9-96a537a93170:192.168.34.27:42577] with ContainerStateMachine:uninitialized
2019-10-24 14:01:46,638 [pool-47-thread-1] INFO  server.RaftServerConfigKeys (ConfUtils.java:logGet(43)) - raft.server.rpc.timeout.min = 5s (custom)
2019-10-24 14:01:46,638 [pool-47-thread-1] INFO  server.RaftServerConfigKeys (ConfUtils.java:logGet(43)) - raft.server.rpc.timeout.max = 5200ms (custom)
2019-10-24 14:01:46,638 [pool-47-thread-1] INFO  server.RaftServerConfigKeys (ConfUtils.java:logGet(43)) - raft.server.rpcslowness.timeout = 120s (custom)
2019-10-24 14:01:46,638 [pool-47-thread-1] INFO  server.RaftServerConfigKeys (ConfUtils.java:logGet(43)) - raft.server.sleep.deviation.threshold = 300 (default)
2019-10-24 14:01:46,639 [pool-47-thread-1] INFO  server.RaftServerConfigKeys (ConfUtils.java:logGet(43)) - raft.server.log.appender.install.snapshot.enabled = false (custom)
2019-10-24 14:01:46,639 [pool-47-thread-1] INFO  impl.RaftServerImpl (ServerState.java:<init>(103)) - 606a27f3-5cf8-421b-ba6f-65d948371d16@group-2DEDCF9E2427: ConfigurationManager, init=-1: [eef97524-f470-48ed-9080-125fe9bf1610:192.168.34.27:42977, 606a27f3-5cf8-421b-ba6f-65d948371d16:192.168.34.27:35844, e894f923-b1c9-490c-81e9-96a537a93170:192.168.34.27:42577], old=null, confs=<EMPTY_MAP>
2019-10-24 14:01:46,639 [pool-47-thread-1] INFO  server.RaftServerConfigKeys (ConfUtils.java:logGet(43)) - raft.server.storage.dir = [/workdir/hadoop-ozone/tools/target/test-dir/MiniOzoneClusterImpl-3e98bdd2-7858-4974-ae40-455654d60294/datanode-2/data/ratis] (custom)
2019-10-24 14:01:46,639 [pool-37-thread-1] INFO  impl.RaftServerImpl (RaftServerImpl.java:<init>(98)) - eef97524-f470-48ed-9080-125fe9bf1610: new RaftServerImpl for group-2DEDCF9E2427:[eef97524-f470-48ed-9080-125fe9bf1610:192.168.34.27:42977, 606a27f3-5cf8-421b-ba6f-65d948371d16:192.168.34.27:35844, e894f923-b1c9-490c-81e9-96a537a93170:192.168.34.27:42577] with ContainerStateMachine:uninitialized
2019-10-24 14:01:46,639 [pool-47-thread-1] INFO  server.RaftServerConfigKeys (ConfUtils.java:logGet(43)) - raft.server.log.corruption.policy = EXCEPTION (default)
2019-10-24 14:01:46,639 [pool-37-thread-1] INFO  server.RaftServerConfigKeys (ConfUtils.java:logGet(43)) - raft.server.rpc.timeout.min = 5s (custom)
2019-10-24 14:01:46,640 [pool-47-thread-1] INFO  storage.RaftStorageDirectory (RaftStorageDirectory.java:analyzeStorage(246)) - The storage directory /workdir/hadoop-ozone/tools/target/test-dir/MiniOzoneClusterImpl-3e98bdd2-7858-4974-ae40-455654d60294/datanode-2/data/ratis/6c43d9de-1bf1-42c2-8bc3-2dedcf9e2427 does not exist. Creating ...
2019-10-24 14:01:46,640 [pool-37-thread-1] INFO  server.RaftServerConfigKeys (ConfUtils.java:logGet(43)) - raft.server.rpc.timeout.max = 5200ms (custom)
2019-10-24 14:01:46,640 [pool-37-thread-1] INFO  server.RaftServerConfigKeys (ConfUtils.java:logGet(43)) - raft.server.rpcslowness.timeout = 120s (custom)
2019-10-24 14:01:46,640 [pool-37-thread-1] INFO  server.RaftServerConfigKeys (ConfUtils.java:logGet(43)) - raft.server.sleep.deviation.threshold = 300 (default)
2019-10-24 14:01:46,640 [pool-37-thread-1] INFO  server.RaftServerConfigKeys (ConfUtils.java:logGet(43)) - raft.server.log.appender.install.snapshot.enabled = false (custom)
2019-10-24 14:01:46,640 [pool-37-thread-1] INFO  impl.RaftServerImpl (ServerState.java:<init>(103)) - eef97524-f470-48ed-9080-125fe9bf1610@group-2DEDCF9E2427: ConfigurationManager, init=-1: [eef97524-f470-48ed-9080-125fe9bf1610:192.168.34.27:42977, 606a27f3-5cf8-421b-ba6f-65d948371d16:192.168.34.27:35844, e894f923-b1c9-490c-81e9-96a537a93170:192.168.34.27:42577], old=null, confs=<EMPTY_MAP>
2019-10-24 14:01:46,641 [pool-37-thread-1] INFO  server.RaftServerConfigKeys (ConfUtils.java:logGet(43)) - raft.server.storage.dir = [/workdir/hadoop-ozone/tools/target/test-dir/MiniOzoneClusterImpl-3e98bdd2-7858-4974-ae40-455654d60294/datanode-1/data/ratis] (custom)
2019-10-24 14:01:46,641 [pool-37-thread-1] INFO  server.RaftServerConfigKeys (ConfUtils.java:logGet(43)) - raft.server.log.corruption.policy = EXCEPTION (default)
2019-10-24 14:01:46,641 [pool-37-thread-1] INFO  storage.RaftStorageDirectory (RaftStorageDirectory.java:analyzeStorage(246)) - The storage directory /workdir/hadoop-ozone/tools/target/test-dir/MiniOzoneClusterImpl-3e98bdd2-7858-4974-ae40-455654d60294/datanode-1/data/ratis/6c43d9de-1bf1-42c2-8bc3-2dedcf9e2427 does not exist. Creating ...
2019-10-24 14:01:46,665 [pool-37-thread-1] INFO  storage.RaftStorageDirectory (RaftStorageDirectory.java:tryLock(328)) - Lock on /workdir/hadoop-ozone/tools/target/test-dir/MiniOzoneClusterImpl-3e98bdd2-7858-4974-ae40-455654d60294/datanode-1/data/ratis/6c43d9de-1bf1-42c2-8bc3-2dedcf9e2427/in_use.lock acquired by nodename 11879@pr-hdds-2034-s5hcl-2472234065
2019-10-24 14:01:46,665 [pool-47-thread-1] INFO  storage.RaftStorageDirectory (RaftStorageDirectory.java:tryLock(328)) - Lock on /workdir/hadoop-ozone/tools/target/test-dir/MiniOzoneClusterImpl-3e98bdd2-7858-4974-ae40-455654d60294/datanode-2/data/ratis/6c43d9de-1bf1-42c2-8bc3-2dedcf9e2427/in_use.lock acquired by nodename 11879@pr-hdds-2034-s5hcl-2472234065
2019-10-24 14:01:46,680 [pool-37-thread-1] INFO  storage.RaftStorage (RaftStorage.java:format(84)) - Storage directory /workdir/hadoop-ozone/tools/target/test-dir/MiniOzoneClusterImpl-3e98bdd2-7858-4974-ae40-455654d60294/datanode-1/data/ratis/6c43d9de-1bf1-42c2-8bc3-2dedcf9e2427 has been successfully formatted.
2019-10-24 14:01:46,680 [pool-47-thread-1] INFO  storage.RaftStorage (RaftStorage.java:format(84)) - Storage directory /workdir/hadoop-ozone/tools/target/test-dir/MiniOzoneClusterImpl-3e98bdd2-7858-4974-ae40-455654d60294/datanode-2/data/ratis/6c43d9de-1bf1-42c2-8bc3-2dedcf9e2427 has been successfully formatted.
2019-10-24 14:01:46,680 [pool-37-thread-1] INFO  ratis.ContainerStateMachine (ContainerStateMachine.java:loadSnapshot(231)) - group-2DEDCF9E2427: The snapshot info is null. Setting the last applied indexto:(t:0, i:~)
2019-10-24 14:01:46,680 [pool-37-thread-1] INFO  server.RaftServerConfigKeys (ConfUtils.java:logGet(43)) - raft.server.notification.no-leader.timeout = 120s (custom)
2019-10-24 14:01:46,680 [pool-47-thread-1] INFO  ratis.ContainerStateMachine (ContainerStateMachine.java:loadSnapshot(231)) - group-2DEDCF9E2427: The snapshot info is null. Setting the last applied indexto:(t:0, i:~)
2019-10-24 14:01:46,680 [pool-37-thread-1] INFO  server.RaftServerConfigKeys (ConfUtils.java:logGet(43)) - raft.server.log.use.memory = false (default)
2019-10-24 14:01:46,681 [pool-47-thread-1] INFO  server.RaftServerConfigKeys (ConfUtils.java:logGet(43)) - raft.server.notification.no-leader.timeout = 120s (custom)
2019-10-24 14:01:46,681 [pool-37-thread-1] INFO  server.RaftServerConfigKeys (ConfUtils.java:logGet(43)) - raft.server.log.purge.gap = 1000000 (custom)
2019-10-24 14:01:46,681 [pool-47-thread-1] INFO  server.RaftServerConfigKeys (ConfUtils.java:logGet(43)) - raft.server.log.use.memory = false (default)
2019-10-24 14:01:46,681 [pool-37-thread-1] INFO  server.RaftServerConfigKeys (ConfUtils.java:logGet(43)) - raft.server.log.appender.buffer.byte-limit = 33554432 (custom)
2019-10-24 14:01:46,681 [pool-47-thread-1] INFO  server.RaftServerConfigKeys (ConfUtils.java:logGet(43)) - raft.server.log.purge.gap = 1000000 (custom)
2019-10-24 14:01:46,681 [pool-37-thread-1] INFO  server.RaftServerConfigKeys (ConfUtils.java:logGet(43)) - raft.server.log.segment.size.max = 1048576 (custom)
2019-10-24 14:01:46,681 [pool-47-thread-1] INFO  server.RaftServerConfigKeys (ConfUtils.java:logGet(43)) - raft.server.log.appender.buffer.byte-limit = 33554432 (custom)
2019-10-24 14:01:46,682 [pool-37-thread-1] INFO  server.RaftServerConfigKeys (ConfUtils.java:logGet(43)) - raft.server.log.segment.cache.num.max = 2 (custom)
2019-10-24 14:01:46,682 [pool-47-thread-1] INFO  server.RaftServerConfigKeys (ConfUtils.java:logGet(43)) - raft.server.log.segment.size.max = 1048576 (custom)
2019-10-24 14:01:46,682 [pool-37-thread-1] INFO  segmented.SegmentedRaftLogWorker (SegmentedRaftLogWorker.java:<init>(173)) - new eef97524-f470-48ed-9080-125fe9bf1610@group-2DEDCF9E2427-SegmentedRaftLogWorker for RaftStorage:Storage Directory /workdir/hadoop-ozone/tools/target/test-dir/MiniOzoneClusterImpl-3e98bdd2-7858-4974-ae40-455654d60294/datanode-1/data/ratis/6c43d9de-1bf1-42c2-8bc3-2dedcf9e2427
2019-10-24 14:01:46,682 [pool-47-thread-1] INFO  server.RaftServerConfigKeys (ConfUtils.java:logGet(43)) - raft.server.log.segment.cache.num.max = 2 (custom)
2019-10-24 14:01:46,682 [pool-37-thread-1] INFO  server.RaftServerConfigKeys (ConfUtils.java:logGet(43)) - raft.server.log.queue.byte-limit = 2147483647 (custom)
2019-10-24 14:01:46,682 [pool-47-thread-1] INFO  segmented.SegmentedRaftLogWorker (SegmentedRaftLogWorker.java:<init>(173)) - new 606a27f3-5cf8-421b-ba6f-65d948371d16@group-2DEDCF9E2427-SegmentedRaftLogWorker for RaftStorage:Storage Directory /workdir/hadoop-ozone/tools/target/test-dir/MiniOzoneClusterImpl-3e98bdd2-7858-4974-ae40-455654d60294/datanode-2/data/ratis/6c43d9de-1bf1-42c2-8bc3-2dedcf9e2427
2019-10-24 14:01:46,682 [pool-37-thread-1] INFO  server.RaftServerConfigKeys (ConfUtils.java:logGet(43)) - raft.server.log.queue.element-limit = 1024 (custom)
2019-10-24 14:01:46,683 [pool-47-thread-1] INFO  server.RaftServerConfigKeys (ConfUtils.java:logGet(43)) - raft.server.log.queue.byte-limit = 2147483647 (custom)
2019-10-24 14:01:46,683 [pool-37-thread-1] INFO  server.RaftServerConfigKeys (ConfUtils.java:logGet(43)) - raft.server.log.segment.size.max = 1048576 (custom)
2019-10-24 14:01:46,683 [pool-47-thread-1] INFO  server.RaftServerConfigKeys (ConfUtils.java:logGet(43)) - raft.server.log.queue.element-limit = 1024 (custom)
2019-10-24 14:01:46,683 [pool-37-thread-1] INFO  server.RaftServerConfigKeys (ConfUtils.java:logGet(43)) - raft.server.log.preallocated.size = 16384 (custom)
2019-10-24 14:01:46,683 [pool-47-thread-1] INFO  server.RaftServerConfigKeys (ConfUtils.java:logGet(43)) - raft.server.log.segment.size.max = 1048576 (custom)
2019-10-24 14:01:46,683 [pool-37-thread-1] INFO  server.RaftServerConfigKeys (ConfUtils.java:logGet(43)) - raft.server.log.write.buffer.size = 33554432 (custom)
2019-10-24 14:01:46,683 [pool-47-thread-1] INFO  server.RaftServerConfigKeys (ConfUtils.java:logGet(43)) - raft.server.log.preallocated.size = 16384 (custom)
2019-10-24 14:01:46,683 [pool-37-thread-1] INFO  server.RaftServerConfigKeys (ConfUtils.java:logGet(43)) - raft.server.log.force.sync.num = 128 (default)
2019-10-24 14:01:46,684 [pool-47-thread-1] INFO  server.RaftServerConfigKeys (ConfUtils.java:logGet(43)) - raft.server.log.write.buffer.size = 33554432 (custom)
2019-10-24 14:01:46,684 [pool-37-thread-1] INFO  server.RaftServerConfigKeys (ConfUtils.java:logGet(43)) - raft.server.log.statemachine.data.sync = true (default)
2019-10-24 14:01:46,684 [pool-47-thread-1] INFO  server.RaftServerConfigKeys (ConfUtils.java:logGet(43)) - raft.server.log.force.sync.num = 128 (default)
2019-10-24 14:01:46,684 [pool-37-thread-1] INFO  server.RaftServerConfigKeys (ConfUtils.java:logGet(43)) - raft.server.log.statemachine.data.sync.timeout = 10s (default)
2019-10-24 14:01:46,684 [pool-47-thread-1] INFO  server.RaftServerConfigKeys (ConfUtils.java:logGet(43)) - raft.server.log.statemachine.data.sync = true (default)
2019-10-24 14:01:46,684 [pool-37-thread-1] INFO  server.RaftServerConfigKeys (ConfUtils.java:logGet(43)) - raft.server.log.statemachine.data.sync.timeout.retry = -1 (default)
2019-10-24 14:01:46,685 [pool-47-thread-1] INFO  server.RaftServerConfigKeys (ConfUtils.java:logGet(43)) - raft.server.log.statemachine.data.sync.timeout = 10s (default)
2019-10-24 14:01:46,685 [pool-37-thread-1] INFO  server.RaftServerConfigKeys (ConfUtils.java:logGet(43)) - raft.server.log.statemachine.data.caching.enabled = true (custom)
2019-10-24 14:01:46,685 [pool-47-thread-1] INFO  server.RaftServerConfigKeys (ConfUtils.java:logGet(43)) - raft.server.log.statemachine.data.sync.timeout.retry = -1 (default)
2019-10-24 14:01:46,685 [pool-47-thread-1] INFO  server.RaftServerConfigKeys (ConfUtils.java:logGet(43)) - raft.server.log.statemachine.data.caching.enabled = true (custom)
2019-10-24 14:01:46,685 [pool-37-thread-1] INFO  segmented.SegmentedRaftLogWorker (SegmentedRaftLogWorker.java:lambda$new$0(128)) - eef97524-f470-48ed-9080-125fe9bf1610@group-2DEDCF9E2427-SegmentedRaftLogWorker: flushIndex: setUnconditionally 0 -> -1
2019-10-24 14:01:46,686 [pool-47-thread-1] INFO  segmented.SegmentedRaftLogWorker (SegmentedRaftLogWorker.java:lambda$new$0(128)) - 606a27f3-5cf8-421b-ba6f-65d948371d16@group-2DEDCF9E2427-SegmentedRaftLogWorker: flushIndex: setUnconditionally 0 -> -1
2019-10-24 14:01:46,686 [pool-37-thread-1] INFO  server.RaftServerConfigKeys (ConfUtils.java:logGet(43)) - raft.server.snapshot.auto.trigger.enabled = true (custom)
2019-10-24 14:01:46,686 [pool-37-thread-1] INFO  server.RaftServerConfigKeys (ConfUtils.java:logGet(43)) - raft.server.snapshot.auto.trigger.threshold = 10000 (custom)
2019-10-24 14:01:46,686 [pool-47-thread-1] INFO  server.RaftServerConfigKeys (ConfUtils.java:logGet(43)) - raft.server.snapshot.auto.trigger.enabled = true (custom)
2019-10-24 14:01:46,686 [pool-37-thread-1] INFO  server.RaftServerConfigKeys (ConfUtils.java:logGet(43)) - raft.server.snapshot.retention.file.num = 5 (custom)
2019-10-24 14:01:46,686 [pool-47-thread-1] INFO  server.RaftServerConfigKeys (ConfUtils.java:logGet(43)) - raft.server.snapshot.auto.trigger.threshold = 10000 (custom)
2019-10-24 14:01:46,686 [pool-37-thread-1] INFO  server.RaftServerConfigKeys (ConfUtils.java:logGet(43)) - raft.server.retrycache.expirytime = 600000ms (custom)
2019-10-24 14:01:46,687 [pool-47-thread-1] INFO  server.RaftServerConfigKeys (ConfUtils.java:logGet(43)) - raft.server.snapshot.retention.file.num = 5 (custom)
2019-10-24 14:01:46,687 [pool-37-thread-1] WARN  impl.MetricRegistriesImpl (MetricRegistriesImpl.java:lambda$create$1(61)) - First MetricRegistry has been created without registering reporters. You may need to call MetricRegistries.global().addReportRegistration(...) before.
2019-10-24 14:01:46,687 [pool-47-thread-1] INFO  server.RaftServerConfigKeys (ConfUtils.java:logGet(43)) - raft.server.retrycache.expirytime = 600000ms (custom)
2019-10-24 14:01:46,687 [pool-37-thread-1] WARN  impl.MetricRegistriesImpl (MetricRegistriesImpl.java:lambda$create$1(61)) - First MetricRegistry has been created without registering reporters. You may need to call MetricRegistries.global().addReportRegistration(...) before.
2019-10-24 14:01:46,687 [pool-47-thread-1] WARN  impl.MetricRegistriesImpl (MetricRegistriesImpl.java:lambda$create$1(61)) - First MetricRegistry has been created without registering reporters. You may need to call MetricRegistries.global().addReportRegistration(...) before.
2019-10-24 14:01:46,688 [pool-47-thread-1] WARN  impl.MetricRegistriesImpl (MetricRegistriesImpl.java:lambda$create$1(61)) - First MetricRegistry has been created without registering reporters. You may need to call MetricRegistries.global().addReportRegistration(...) before.
2019-10-24 14:01:46,688 [pool-37-thread-1] INFO  impl.RaftServerImpl (RaftServerImpl.java:start(184)) - eef97524-f470-48ed-9080-125fe9bf1610@group-2DEDCF9E2427: start as a follower, conf=-1: [eef97524-f470-48ed-9080-125fe9bf1610:192.168.34.27:42977, 606a27f3-5cf8-421b-ba6f-65d948371d16:192.168.34.27:35844, e894f923-b1c9-490c-81e9-96a537a93170:192.168.34.27:42577], old=null
2019-10-24 14:01:46,688 [pool-37-thread-1] INFO  impl.RaftServerImpl (RaftServerImpl.java:setRole(173)) - eef97524-f470-48ed-9080-125fe9bf1610@group-2DEDCF9E2427: changes role from      null to FOLLOWER at term 0 for startAsFollower
2019-10-24 14:01:46,688 [pool-47-thread-1] INFO  impl.RaftServerImpl (RaftServerImpl.java:start(184)) - 606a27f3-5cf8-421b-ba6f-65d948371d16@group-2DEDCF9E2427: start as a follower, conf=-1: [eef97524-f470-48ed-9080-125fe9bf1610:192.168.34.27:42977, 606a27f3-5cf8-421b-ba6f-65d948371d16:192.168.34.27:35844, e894f923-b1c9-490c-81e9-96a537a93170:192.168.34.27:42577], old=null
2019-10-24 14:01:46,688 [pool-37-thread-1] INFO  impl.RoleInfo (RoleInfo.java:updateAndGet(143)) - eef97524-f470-48ed-9080-125fe9bf1610: start FollowerState
2019-10-24 14:01:46,688 [pool-47-thread-1] INFO  impl.RaftServerImpl (RaftServerImpl.java:setRole(173)) - 606a27f3-5cf8-421b-ba6f-65d948371d16@group-2DEDCF9E2427: changes role from      null to FOLLOWER at term 0 for startAsFollower
2019-10-24 14:01:46,689 [pool-47-thread-1] INFO  impl.RoleInfo (RoleInfo.java:updateAndGet(143)) - 606a27f3-5cf8-421b-ba6f-65d948371d16: start FollowerState
2019-10-24 14:01:46,689 [pool-37-thread-1] INFO  util.JmxRegister (JmxRegister.java:tryRegister(44)) - Successfully registered JMX Bean with object name Ratis:service=RaftServer,group=group-2DEDCF9E2427,id=eef97524-f470-48ed-9080-125fe9bf1610
2019-10-24 14:01:46,689 [pool-37-thread-1] WARN  impl.MetricRegistriesImpl (MetricRegistriesImpl.java:lambda$create$1(61)) - First MetricRegistry has been created without registering reporters. You may need to call MetricRegistries.global().addReportRegistration(...) before.
2019-10-24 14:01:46,689 [pool-47-thread-1] INFO  util.JmxRegister (JmxRegister.java:tryRegister(44)) - Successfully registered JMX Bean with object name Ratis:service=RaftServer,group=group-2DEDCF9E2427,id=606a27f3-5cf8-421b-ba6f-65d948371d16
2019-10-24 14:01:46,689 [pool-47-thread-1] WARN  impl.MetricRegistriesImpl (MetricRegistriesImpl.java:lambda$create$1(61)) - First MetricRegistry has been created without registering reporters. You may need to call MetricRegistries.global().addReportRegistration(...) before.
2019-10-24 14:01:46,690 [Command processor thread] INFO  commandhandler.CreatePipelineCommandHandler (CreatePipelineCommandHandler.java:handle(86)) - Create Pipeline RATIS THREE #id: "6c43d9de-1bf1-42c2-8bc3-2dedcf9e2427"
 command succeed on datanode eef97524-f470-48ed-9080-125fe9bf1610.
2019-10-24 14:01:46,690 [Command processor thread] INFO  commandhandler.CreatePipelineCommandHandler (CreatePipelineCommandHandler.java:handle(86)) - Create Pipeline RATIS THREE #id: "6c43d9de-1bf1-42c2-8bc3-2dedcf9e2427"
 command succeed on datanode 606a27f3-5cf8-421b-ba6f-65d948371d16.
2019-10-24 14:01:46,692 [EventQueue-PipelineReportForPipelineReportHandler] INFO  pipeline.PipelineReportHandler (PipelineReportHandler.java:processPipelineReport(104)) - Pipeline THREE PipelineID=6c43d9de-1bf1-42c2-8bc3-2dedcf9e2427 reported by 606a27f3-5cf8-421b-ba6f-65d948371d16{ip: 192.168.34.27, host: pr-hdds-2034-s5hcl-2472234065, networkLocation: /default-rack, certSerialId: null}
2019-10-24 14:01:46,692 [EventQueue-PipelineReportForPipelineReportHandler] INFO  pipeline.PipelineReportHandler (PipelineReportHandler.java:processPipelineReport(104)) - Pipeline THREE PipelineID=6c43d9de-1bf1-42c2-8bc3-2dedcf9e2427 reported by eef97524-f470-48ed-9080-125fe9bf1610{ip: 192.168.34.27, host: pr-hdds-2034-s5hcl-2472234065, networkLocation: /default-rack, certSerialId: null}
 0.00% |?                                                                                                    |  0/1 Time: 0:00:022019-10-24 14:01:47,281 [Command processor thread] INFO  impl.RaftServerProxy (RaftServerProxy.java:remove(95)) - e894f923-b1c9-490c-81e9-96a537a93170: remove  FOLLOWER e894f923-b1c9-490c-81e9-96a537a93170@group-01107CF7BCDC:t2, leader=eef97524-f470-48ed-9080-125fe9bf1610, voted=eef97524-f470-48ed-9080-125fe9bf1610, raftlog=e894f923-b1c9-490c-81e9-96a537a93170@group-01107CF7BCDC-SegmentedRaftLog:OPENED:c79,f79,i79, conf=0: [eef97524-f470-48ed-9080-125fe9bf1610:192.168.34.27:42977, 606a27f3-5cf8-421b-ba6f-65d948371d16:192.168.34.27:35844, e894f923-b1c9-490c-81e9-96a537a93170:192.168.34.27:42577], old=null RUNNING
2019-10-24 14:01:47,282 [Command processor thread] INFO  impl.RaftServerImpl (RaftServerImpl.java:lambda$shutdown$3(250)) - e894f923-b1c9-490c-81e9-96a537a93170@group-01107CF7BCDC: shutdown
2019-10-24 14:01:47,282 [Command processor thread] INFO  util.JmxRegister (JmxRegister.java:unregister(73)) - Successfully un-registered JMX Bean with object name Ratis:service=RaftServer,group=group-01107CF7BCDC,id=e894f923-b1c9-490c-81e9-96a537a93170
2019-10-24 14:01:47,282 [Command processor thread] INFO  impl.RoleInfo (RoleInfo.java:shutdownFollowerState(121)) - e894f923-b1c9-490c-81e9-96a537a93170: shutdown FollowerState
2019-10-24 14:01:47,283 [Command processor thread] INFO  impl.StateMachineUpdater (StateMachineUpdater.java:stopAndJoin(136)) - e894f923-b1c9-490c-81e9-96a537a93170@group-01107CF7BCDC-StateMachineUpdater: set stopIndex = 79
2019-10-24 14:01:47,283 [e894f923-b1c9-490c-81e9-96a537a93170@group-01107CF7BCDC-StateMachineUpdater] INFO  ratis.ContainerStateMachine (ContainerStateMachine.java:takeSnapshot(294)) - group-01107CF7BCDC: Taking a snapshot at:(t:2, i:77) file /workdir/hadoop-ozone/tools/target/test-dir/MiniOzoneClusterImpl-3e98bdd2-7858-4974-ae40-455654d60294/datanode-0/data/ratis/43c6bbff-4ddc-4195-a46f-01107cf7bcdc/sm/snapshot.2_77
2019-10-24 14:01:47,283 [Thread-235] INFO  impl.FollowerState (FollowerState.java:run(120)) - e894f923-b1c9-490c-81e9-96a537a93170@group-01107CF7BCDC-FollowerState was interrupted: java.lang.InterruptedException: sleep interrupted
2019-10-24 14:01:47,300 [e894f923-b1c9-490c-81e9-96a537a93170@group-01107CF7BCDC-StateMachineUpdater] INFO  ratis.ContainerStateMachine (ContainerStateMachine.java:takeSnapshot(305)) - group-01107CF7BCDC: Finished taking a snapshot at:(t:2, i:77) file:/workdir/hadoop-ozone/tools/target/test-dir/MiniOzoneClusterImpl-3e98bdd2-7858-4974-ae40-455654d60294/datanode-0/data/ratis/43c6bbff-4ddc-4195-a46f-01107cf7bcdc/sm/snapshot.2_77 time:18
2019-10-24 14:01:47,301 [e894f923-b1c9-490c-81e9-96a537a93170@group-01107CF7BCDC-StateMachineUpdater] INFO  impl.StateMachineUpdater (StateMachineUpdater.java:takeSnapshot(269)) - e894f923-b1c9-490c-81e9-96a537a93170@group-01107CF7BCDC-StateMachineUpdater: Took a snapshot at index 77
2019-10-24 14:01:47,301 [e894f923-b1c9-490c-81e9-96a537a93170@group-01107CF7BCDC-StateMachineUpdater] INFO  impl.StateMachineUpdater (StateMachineUpdater.java:lambda$new$0(84)) - e894f923-b1c9-490c-81e9-96a537a93170@group-01107CF7BCDC-StateMachineUpdater: snapshotIndex: updateIncreasingly -1 -> 77
2019-10-24 14:01:47,301 [e894f923-b1c9-490c-81e9-96a537a93170@group-01107CF7BCDC-StateMachineUpdater] INFO  ratis.ContainerStateMachine (ContainerStateMachine.java:takeSnapshot(294)) - group-01107CF7BCDC: Taking a snapshot at:(t:2, i:77) file /workdir/hadoop-ozone/tools/target/test-dir/MiniOzoneClusterImpl-3e98bdd2-7858-4974-ae40-455654d60294/datanode-0/data/ratis/43c6bbff-4ddc-4195-a46f-01107cf7bcdc/sm/snapshot.2_77
2019-10-24 14:01:47,314 [e894f923-b1c9-490c-81e9-96a537a93170@group-01107CF7BCDC-StateMachineUpdater] INFO  ratis.ContainerStateMachine (ContainerStateMachine.java:takeSnapshot(305)) - group-01107CF7BCDC: Finished taking a snapshot at:(t:2, i:77) file:/workdir/hadoop-ozone/tools/target/test-dir/MiniOzoneClusterImpl-3e98bdd2-7858-4974-ae40-455654d60294/datanode-0/data/ratis/43c6bbff-4ddc-4195-a46f-01107cf7bcdc/sm/snapshot.2_77 time:12
2019-10-24 14:01:47,314 [e894f923-b1c9-490c-81e9-96a537a93170@group-01107CF7BCDC-StateMachineUpdater] INFO  impl.StateMachineUpdater (StateMachineUpdater.java:takeSnapshot(269)) - e894f923-b1c9-490c-81e9-96a537a93170@group-01107CF7BCDC-StateMachineUpdater: Took a snapshot at index 77
2019-10-24 14:01:47,314 [e894f923-b1c9-490c-81e9-96a537a93170@group-01107CF7BCDC-StateMachineUpdater] INFO  impl.StateMachineUpdater (StateMachineUpdater.java:lambda$new$0(84)) - e894f923-b1c9-490c-81e9-96a537a93170@group-01107CF7BCDC-StateMachineUpdater: snapshotIndex: updateIncreasingly 77 -> 77
2019-10-24 14:01:47,315 [Command processor thread] INFO  impl.RaftServerImpl (ServerState.java:close(387)) - e894f923-b1c9-490c-81e9-96a537a93170@group-01107CF7BCDC: closes. applyIndex: 79
2019-10-24 14:01:47,315 [e894f923-b1c9-490c-81e9-96a537a93170@group-01107CF7BCDC-SegmentedRaftLogWorker] INFO  segmented.SegmentedRaftLogWorker (SegmentedRaftLogWorker.java:run(316)) - e894f923-b1c9-490c-81e9-96a537a93170@group-01107CF7BCDC-SegmentedRaftLogWorker was interrupted, exiting. There are 0 tasks remaining in the queue.
2019-10-24 14:01:47,321 [Command processor thread] INFO  segmented.SegmentedRaftLogWorker (SegmentedRaftLogWorker.java:close(224)) - e894f923-b1c9-490c-81e9-96a537a93170@group-01107CF7BCDC-SegmentedRaftLogWorker close()
2019-10-24 14:01:47,364 [Command processor thread] INFO  interfaces.Container (KeyValueContainer.java:flushAndSyncDB(386)) - Container 1 is synced with bcsId 61.
2019-10-24 14:01:47,365 [Command processor thread] INFO  interfaces.Container (KeyValueContainer.java:flushAndSyncDB(386)) - Container 1 is synced with bcsId 61.
2019-10-24 14:01:47,406 [Command processor thread] INFO  interfaces.Container (KeyValueContainer.java:flushAndSyncDB(386)) - Container 2 is synced with bcsId 77.
2019-10-24 14:01:47,406 [Command processor thread] INFO  interfaces.Container (KeyValueContainer.java:flushAndSyncDB(386)) - Container 2 is synced with bcsId 77.
2019-10-24 14:01:47,445 [Command processor thread] INFO  interfaces.Container (KeyValueContainer.java:flushAndSyncDB(386)) - Container 3 is synced with bcsId 43.
2019-10-24 14:01:47,445 [Command processor thread] INFO  interfaces.Container (KeyValueContainer.java:flushAndSyncDB(386)) - Container 3 is synced with bcsId 43.
2019-10-24 14:01:47,459 [Command processor thread] INFO  commandhandler.ClosePipelineCommandHandler (ClosePipelineCommandHandler.java:handle(78)) - Close Pipeline #id: "43c6bbff-4ddc-4195-a46f-01107cf7bcdc"
 command on datanode #e894f923-b1c9-490c-81e9-96a537a93170.
2019-10-24 14:01:47,460 [Command processor thread] INFO  impl.RaftServerProxy (RaftServerProxy.java:addNew(89)) - e894f923-b1c9-490c-81e9-96a537a93170: addNew group-2DEDCF9E2427:[eef97524-f470-48ed-9080-125fe9bf1610:192.168.34.27:42977, 606a27f3-5cf8-421b-ba6f-65d948371d16:192.168.34.27:35844, e894f923-b1c9-490c-81e9-96a537a93170:192.168.34.27:42577] returns group-2DEDCF9E2427:java.util.concurrent.CompletableFuture@1be71571[Not completed]
2019-10-24 14:01:47,463 [pool-27-thread-1] INFO  impl.RaftServerImpl (RaftServerImpl.java:<init>(98)) - e894f923-b1c9-490c-81e9-96a537a93170: new RaftServerImpl for group-2DEDCF9E2427:[eef97524-f470-48ed-9080-125fe9bf1610:192.168.34.27:42977, 606a27f3-5cf8-421b-ba6f-65d948371d16:192.168.34.27:35844, e894f923-b1c9-490c-81e9-96a537a93170:192.168.34.27:42577] with ContainerStateMachine:uninitialized
2019-10-24 14:01:47,463 [pool-27-thread-1] INFO  server.RaftServerConfigKeys (ConfUtils.java:logGet(43)) - raft.server.rpc.timeout.min = 5s (custom)
2019-10-24 14:01:47,463 [pool-27-thread-1] INFO  server.RaftServerConfigKeys (ConfUtils.java:logGet(43)) - raft.server.rpc.timeout.max = 5200ms (custom)
2019-10-24 14:01:47,464 [pool-27-thread-1] INFO  server.RaftServerConfigKeys (ConfUtils.java:logGet(43)) - raft.server.rpcslowness.timeout = 120s (custom)
2019-10-24 14:01:47,464 [pool-27-thread-1] INFO  server.RaftServerConfigKeys (ConfUtils.java:logGet(43)) - raft.server.sleep.deviation.threshold = 300 (default)
2019-10-24 14:01:47,464 [pool-27-thread-1] INFO  server.RaftServerConfigKeys (ConfUtils.java:logGet(43)) - raft.server.log.appender.install.snapshot.enabled = false (custom)
2019-10-24 14:01:47,464 [pool-27-thread-1] INFO  impl.RaftServerImpl (ServerState.java:<init>(103)) - e894f923-b1c9-490c-81e9-96a537a93170@group-2DEDCF9E2427: ConfigurationManager, init=-1: [eef97524-f470-48ed-9080-125fe9bf1610:192.168.34.27:42977, 606a27f3-5cf8-421b-ba6f-65d948371d16:192.168.34.27:35844, e894f923-b1c9-490c-81e9-96a537a93170:192.168.34.27:42577], old=null, confs=<EMPTY_MAP>
2019-10-24 14:01:47,464 [pool-27-thread-1] INFO  server.RaftServerConfigKeys (ConfUtils.java:logGet(43)) - raft.server.storage.dir = [/workdir/hadoop-ozone/tools/target/test-dir/MiniOzoneClusterImpl-3e98bdd2-7858-4974-ae40-455654d60294/datanode-0/data/ratis] (custom)
2019-10-24 14:01:47,465 [pool-27-thread-1] INFO  server.RaftServerConfigKeys (ConfUtils.java:logGet(43)) - raft.server.log.corruption.policy = EXCEPTION (default)
2019-10-24 14:01:47,465 [pool-27-thread-1] INFO  storage.RaftStorageDirectory (RaftStorageDirectory.java:analyzeStorage(246)) - The storage directory /workdir/hadoop-ozone/tools/target/test-dir/MiniOzoneClusterImpl-3e98bdd2-7858-4974-ae40-455654d60294/datanode-0/data/ratis/6c43d9de-1bf1-42c2-8bc3-2dedcf9e2427 does not exist. Creating ...
2019-10-24 14:01:47,477 [pool-27-thread-1] INFO  storage.RaftStorageDirectory (RaftStorageDirectory.java:tryLock(328)) - Lock on /workdir/hadoop-ozone/tools/target/test-dir/MiniOzoneClusterImpl-3e98bdd2-7858-4974-ae40-455654d60294/datanode-0/data/ratis/6c43d9de-1bf1-42c2-8bc3-2dedcf9e2427/in_use.lock acquired by nodename 11879@pr-hdds-2034-s5hcl-2472234065
2019-10-24 14:01:47,498 [pool-27-thread-1] INFO  storage.RaftStorage (RaftStorage.java:format(84)) - Storage directory /workdir/hadoop-ozone/tools/target/test-dir/MiniOzoneClusterImpl-3e98bdd2-7858-4974-ae40-455654d60294/datanode-0/data/ratis/6c43d9de-1bf1-42c2-8bc3-2dedcf9e2427 has been successfully formatted.
2019-10-24 14:01:47,498 [pool-27-thread-1] INFO  ratis.ContainerStateMachine (ContainerStateMachine.java:loadSnapshot(231)) - group-2DEDCF9E2427: The snapshot info is null. Setting the last applied indexto:(t:0, i:~)
2019-10-24 14:01:47,498 [pool-27-thread-1] INFO  server.RaftServerConfigKeys (ConfUtils.java:logGet(43)) - raft.server.notification.no-leader.timeout = 120s (custom)
2019-10-24 14:01:47,498 [pool-27-thread-1] INFO  server.RaftServerConfigKeys (ConfUtils.java:logGet(43)) - raft.server.log.use.memory = false (default)
2019-10-24 14:01:47,498 [pool-27-thread-1] INFO  server.RaftServerConfigKeys (ConfUtils.java:logGet(43)) - raft.server.log.purge.gap = 1000000 (custom)
2019-10-24 14:01:47,499 [pool-27-thread-1] INFO  server.RaftServerConfigKeys (ConfUtils.java:logGet(43)) - raft.server.log.appender.buffer.byte-limit = 33554432 (custom)
2019-10-24 14:01:47,499 [pool-27-thread-1] INFO  server.RaftServerConfigKeys (ConfUtils.java:logGet(43)) - raft.server.log.segment.size.max = 1048576 (custom)
2019-10-24 14:01:47,499 [pool-27-thread-1] INFO  server.RaftServerConfigKeys (ConfUtils.java:logGet(43)) - raft.server.log.segment.cache.num.max = 2 (custom)
2019-10-24 14:01:47,499 [pool-27-thread-1] INFO  segmented.SegmentedRaftLogWorker (SegmentedRaftLogWorker.java:<init>(173)) - new e894f923-b1c9-490c-81e9-96a537a93170@group-2DEDCF9E2427-SegmentedRaftLogWorker for RaftStorage:Storage Directory /workdir/hadoop-ozone/tools/target/test-dir/MiniOzoneClusterImpl-3e98bdd2-7858-4974-ae40-455654d60294/datanode-0/data/ratis/6c43d9de-1bf1-42c2-8bc3-2dedcf9e2427
2019-10-24 14:01:47,499 [pool-27-thread-1] INFO  server.RaftServerConfigKeys (ConfUtils.java:logGet(43)) - raft.server.log.queue.byte-limit = 2147483647 (custom)
2019-10-24 14:01:47,499 [pool-27-thread-1] INFO  server.RaftServerConfigKeys (ConfUtils.java:logGet(43)) - raft.server.log.queue.element-limit = 1024 (custom)
2019-10-24 14:01:47,499 [pool-27-thread-1] INFO  server.RaftServerConfigKeys (ConfUtils.java:logGet(43)) - raft.server.log.segment.size.max = 1048576 (custom)
2019-10-24 14:01:47,500 [pool-27-thread-1] INFO  server.RaftServerConfigKeys (ConfUtils.java:logGet(43)) - raft.server.log.preallocated.size = 16384 (custom)
2019-10-24 14:01:47,500 [pool-27-thread-1] INFO  server.RaftServerConfigKeys (ConfUtils.java:logGet(43)) - raft.server.log.write.buffer.size = 33554432 (custom)
2019-10-24 14:01:47,500 [pool-27-thread-1] INFO  server.RaftServerConfigKeys (ConfUtils.java:logGet(43)) - raft.server.log.force.sync.num = 128 (default)
2019-10-24 14:01:47,500 [pool-27-thread-1] INFO  server.RaftServerConfigKeys (ConfUtils.java:logGet(43)) - raft.server.log.statemachine.data.sync = true (default)
2019-10-24 14:01:47,500 [pool-27-thread-1] INFO  server.RaftServerConfigKeys (ConfUtils.java:logGet(43)) - raft.server.log.statemachine.data.sync.timeout = 10s (default)
2019-10-24 14:01:47,500 [pool-27-thread-1] INFO  server.RaftServerConfigKeys (ConfUtils.java:logGet(43)) - raft.server.log.statemachine.data.sync.timeout.retry = -1 (default)
2019-10-24 14:01:47,500 [pool-27-thread-1] INFO  server.RaftServerConfigKeys (ConfUtils.java:logGet(43)) - raft.server.log.statemachine.data.caching.enabled = true (custom)
2019-10-24 14:01:47,501 [pool-27-thread-1] INFO  segmented.SegmentedRaftLogWorker (SegmentedRaftLogWorker.java:lambda$new$0(128)) - e894f923-b1c9-490c-81e9-96a537a93170@group-2DEDCF9E2427-SegmentedRaftLogWorker: flushIndex: setUnconditionally 0 -> -1
2019-10-24 14:01:47,501 [pool-27-thread-1] INFO  server.RaftServerConfigKeys (ConfUtils.java:logGet(43)) - raft.server.snapshot.auto.trigger.enabled = true (custom)
2019-10-24 14:01:47,501 [pool-27-thread-1] INFO  server.RaftServerConfigKeys (ConfUtils.java:logGet(43)) - raft.server.snapshot.auto.trigger.threshold = 10000 (custom)
2019-10-24 14:01:47,502 [pool-27-thread-1] INFO  server.RaftServerConfigKeys (ConfUtils.java:logGet(43)) - raft.server.snapshot.retention.file.num = 5 (custom)
2019-10-24 14:01:47,502 [pool-27-thread-1] INFO  server.RaftServerConfigKeys (ConfUtils.java:logGet(43)) - raft.server.retrycache.expirytime = 600000ms (custom)
2019-10-24 14:01:47,502 [pool-27-thread-1] WARN  impl.MetricRegistriesImpl (MetricRegistriesImpl.java:lambda$create$1(61)) - First MetricRegistry has been created without registering reporters. You may need to call MetricRegistries.global().addReportRegistration(...) before.
2019-10-24 14:01:47,502 [pool-27-thread-1] WARN  impl.MetricRegistriesImpl (MetricRegistriesImpl.java:lambda$create$1(61)) - First MetricRegistry has been created without registering reporters. You may need to call MetricRegistries.global().addReportRegistration(...) before.
2019-10-24 14:01:47,502 [pool-27-thread-1] INFO  impl.RaftServerImpl (RaftServerImpl.java:start(184)) - e894f923-b1c9-490c-81e9-96a537a93170@group-2DEDCF9E2427: start as a follower, conf=-1: [eef97524-f470-48ed-9080-125fe9bf1610:192.168.34.27:42977, 606a27f3-5cf8-421b-ba6f-65d948371d16:192.168.34.27:35844, e894f923-b1c9-490c-81e9-96a537a93170:192.168.34.27:42577], old=null
2019-10-24 14:01:47,502 [pool-27-thread-1] INFO  impl.RaftServerImpl (RaftServerImpl.java:setRole(173)) - e894f923-b1c9-490c-81e9-96a537a93170@group-2DEDCF9E2427: changes role from      null to FOLLOWER at term 0 for startAsFollower
2019-10-24 14:01:47,503 [pool-27-thread-1] INFO  impl.RoleInfo (RoleInfo.java:updateAndGet(143)) - e894f923-b1c9-490c-81e9-96a537a93170: start FollowerState
2019-10-24 14:01:47,503 [pool-27-thread-1] INFO  util.JmxRegister (JmxRegister.java:tryRegister(44)) - Successfully registered JMX Bean with object name Ratis:service=RaftServer,group=group-2DEDCF9E2427,id=e894f923-b1c9-490c-81e9-96a537a93170
2019-10-24 14:01:47,503 [pool-27-thread-1] WARN  impl.MetricRegistriesImpl (MetricRegistriesImpl.java:lambda$create$1(61)) - First MetricRegistry has been created without registering reporters. You may need to call MetricRegistries.global().addReportRegistration(...) before.
2019-10-24 14:01:47,504 [Command processor thread] INFO  commandhandler.CreatePipelineCommandHandler (CreatePipelineCommandHandler.java:handle(86)) - Create Pipeline RATIS THREE #id: "6c43d9de-1bf1-42c2-8bc3-2dedcf9e2427"
 command succeed on datanode e894f923-b1c9-490c-81e9-96a537a93170.
2019-10-24 14:01:47,506 [EventQueue-PipelineReportForPipelineReportHandler] INFO  pipeline.PipelineReportHandler (PipelineReportHandler.java:processPipelineReport(104)) - Pipeline THREE PipelineID=6c43d9de-1bf1-42c2-8bc3-2dedcf9e2427 reported by e894f923-b1c9-490c-81e9-96a537a93170{ip: 192.168.34.27, host: pr-hdds-2034-s5hcl-2472234065, networkLocation: /default-rack, certSerialId: null}
2019-10-24 14:01:47,506 [EventQueue-PipelineReportForPipelineReportHandler] INFO  pipeline.PipelineStateManager (PipelineStateManager.java:openPipeline(134)) - Pipeline Pipeline[ Id: 6c43d9de-1bf1-42c2-8bc3-2dedcf9e2427, Nodes: eef97524-f470-48ed-9080-125fe9bf1610{ip: 192.168.34.27, host: pr-hdds-2034-s5hcl-2472234065, networkLocation: /default-rack, certSerialId: null}e894f923-b1c9-490c-81e9-96a537a93170{ip: 192.168.34.27, host: pr-hdds-2034-s5hcl-2472234065, networkLocation: /default-rack, certSerialId: null}606a27f3-5cf8-421b-ba6f-65d948371d16{ip: 192.168.34.27, host: pr-hdds-2034-s5hcl-2472234065, networkLocation: /default-rack, certSerialId: null}, Type:RATIS, Factor:THREE, State:ALLOCATED] moved to OPEN state
 0.00% |?                                                                                                    |  0/1 Time: 0:00:03 0.00% |?                                                                                                    |  0/1 Time: 0:00:04 100.00% |?????????????????????????????????????????????????????????????????????????????????????????????????????|  1/1 Time: 0:00:05
2019-10-24 14:01:51,759 [Thread-484] INFO  impl.FollowerState (FollowerState.java:run(111)) - 606a27f3-5cf8-421b-ba6f-65d948371d16@group-2DEDCF9E2427-FollowerState: change to CANDIDATE, lastRpcTime:5070ms, electionTimeout:5070ms
2019-10-24 14:01:51,760 [Thread-484] INFO  impl.RoleInfo (RoleInfo.java:shutdownFollowerState(121)) - 606a27f3-5cf8-421b-ba6f-65d948371d16: shutdown FollowerState
2019-10-24 14:01:51,760 [Thread-484] INFO  impl.RaftServerImpl (RaftServerImpl.java:setRole(173)) - 606a27f3-5cf8-421b-ba6f-65d948371d16@group-2DEDCF9E2427: changes role from  FOLLOWER to CANDIDATE at term 0 for changeToCandidate
2019-10-24 14:01:51,760 [Thread-484] INFO  impl.RoleInfo (RoleInfo.java:updateAndGet(143)) - 606a27f3-5cf8-421b-ba6f-65d948371d16: start LeaderElection
2019-10-24 14:01:51,779 [606a27f3-5cf8-421b-ba6f-65d948371d16@group-2DEDCF9E2427-LeaderElection8] INFO  impl.LeaderElection (LeaderElection.java:askForVotes(178)) - 606a27f3-5cf8-421b-ba6f-65d948371d16@group-2DEDCF9E2427-LeaderElection8: begin an election at term 1 for -1: [eef97524-f470-48ed-9080-125fe9bf1610:192.168.34.27:42977, 606a27f3-5cf8-421b-ba6f-65d948371d16:192.168.34.27:35844, e894f923-b1c9-490c-81e9-96a537a93170:192.168.34.27:42577], old=null
2019-10-24 14:01:51,787 [grpc-default-executor-3] INFO  impl.RaftServerImpl (RaftServerImpl.java:setRole(173)) - eef97524-f470-48ed-9080-125fe9bf1610@group-2DEDCF9E2427: changes role from  FOLLOWER to FOLLOWER at term 1 for recognizeCandidate:606a27f3-5cf8-421b-ba6f-65d948371d16
2019-10-24 14:01:51,788 [grpc-default-executor-5] INFO  impl.RaftServerImpl (RaftServerImpl.java:setRole(173)) - e894f923-b1c9-490c-81e9-96a537a93170@group-2DEDCF9E2427: changes role from  FOLLOWER to FOLLOWER at term 1 for recognizeCandidate:606a27f3-5cf8-421b-ba6f-65d948371d16
2019-10-24 14:01:51,789 [grpc-default-executor-5] INFO  impl.RoleInfo (RoleInfo.java:shutdownFollowerState(121)) - e894f923-b1c9-490c-81e9-96a537a93170: shutdown FollowerState
2019-10-24 14:01:51,788 [grpc-default-executor-3] INFO  impl.RoleInfo (RoleInfo.java:shutdownFollowerState(121)) - eef97524-f470-48ed-9080-125fe9bf1610: shutdown FollowerState
2019-10-24 14:01:51,789 [grpc-default-executor-5] INFO  impl.RoleInfo (RoleInfo.java:updateAndGet(143)) - e894f923-b1c9-490c-81e9-96a537a93170: start FollowerState
2019-10-24 14:01:51,789 [Thread-486] INFO  impl.FollowerState (FollowerState.java:run(120)) - e894f923-b1c9-490c-81e9-96a537a93170@group-2DEDCF9E2427-FollowerState was interrupted: java.lang.InterruptedException: sleep interrupted
2019-10-24 14:01:51,789 [Thread-483] INFO  impl.FollowerState (FollowerState.java:run(120)) - eef97524-f470-48ed-9080-125fe9bf1610@group-2DEDCF9E2427-FollowerState was interrupted: java.lang.InterruptedException: sleep interrupted
2019-10-24 14:01:51,789 [grpc-default-executor-3] INFO  impl.RoleInfo (RoleInfo.java:updateAndGet(143)) - eef97524-f470-48ed-9080-125fe9bf1610: start FollowerState
2019-10-24 14:01:51,810 [606a27f3-5cf8-421b-ba6f-65d948371d16@group-2DEDCF9E2427-LeaderElection8] INFO  impl.LeaderElection (LeaderElection.java:logAndReturn(56)) - 606a27f3-5cf8-421b-ba6f-65d948371d16@group-2DEDCF9E2427-LeaderElection8: Election PASSED; received 1 response(s) [606a27f3-5cf8-421b-ba6f-65d948371d16<-e894f923-b1c9-490c-81e9-96a537a93170#0:OK-t1] and 0 exception(s); 606a27f3-5cf8-421b-ba6f-65d948371d16@group-2DEDCF9E2427:t1, leader=null, voted=606a27f3-5cf8-421b-ba6f-65d948371d16, raftlog=606a27f3-5cf8-421b-ba6f-65d948371d16@group-2DEDCF9E2427-SegmentedRaftLog:OPENED:c-1,f-1,i0, conf=-1: [eef97524-f470-48ed-9080-125fe9bf1610:192.168.34.27:42977, 606a27f3-5cf8-421b-ba6f-65d948371d16:192.168.34.27:35844, e894f923-b1c9-490c-81e9-96a537a93170:192.168.34.27:42577], old=null
2019-10-24 14:01:51,811 [606a27f3-5cf8-421b-ba6f-65d948371d16@group-2DEDCF9E2427-LeaderElection8] INFO  impl.RoleInfo (RoleInfo.java:shutdownLeaderElection(134)) - 606a27f3-5cf8-421b-ba6f-65d948371d16: shutdown LeaderElection
2019-10-24 14:01:51,812 [606a27f3-5cf8-421b-ba6f-65d948371d16@group-2DEDCF9E2427-LeaderElection8] INFO  impl.RaftServerImpl (RaftServerImpl.java:setRole(173)) - 606a27f3-5cf8-421b-ba6f-65d948371d16@group-2DEDCF9E2427: changes role from CANDIDATE to LEADER at term 1 for changeToLeader
2019-10-24 14:01:51,812 [606a27f3-5cf8-421b-ba6f-65d948371d16@group-2DEDCF9E2427-LeaderElection8] INFO  impl.RaftServerImpl (ServerState.java:setLeader(255)) - 606a27f3-5cf8-421b-ba6f-65d948371d16@group-2DEDCF9E2427: change Leader from null to 606a27f3-5cf8-421b-ba6f-65d948371d16 at term 1 for becomeLeader, leader elected after 5131ms
2019-10-24 14:01:51,812 [606a27f3-5cf8-421b-ba6f-65d948371d16@group-2DEDCF9E2427-LeaderElection8] INFO  server.RaftServerConfigKeys (ConfUtils.java:logGet(43)) - raft.server.staging.catchup.gap = 1000 (default)
2019-10-24 14:01:51,813 [606a27f3-5cf8-421b-ba6f-65d948371d16@group-2DEDCF9E2427-LeaderElection8] INFO  server.RaftServerConfigKeys (ConfUtils.java:logGet(43)) - raft.server.rpc.sleep.time = 25ms (default)
2019-10-24 14:01:51,813 [606a27f3-5cf8-421b-ba6f-65d948371d16@group-2DEDCF9E2427-LeaderElection8] INFO  server.RaftServerConfigKeys (ConfUtils.java:logGet(43)) - raft.server.write.element-limit = 4096 (default)
2019-10-24 14:01:51,813 [606a27f3-5cf8-421b-ba6f-65d948371d16@group-2DEDCF9E2427-LeaderElection8] INFO  server.RaftServerConfigKeys (ConfUtils.java:logGet(43)) - raft.server.watch.timeout = 10s (default)
2019-10-24 14:01:51,813 [606a27f3-5cf8-421b-ba6f-65d948371d16@group-2DEDCF9E2427-LeaderElection8] INFO  server.RaftServerConfigKeys (ConfUtils.java:logGet(43)) - raft.server.watch.timeout.denomination = 1s (default)
2019-10-24 14:01:51,814 [606a27f3-5cf8-421b-ba6f-65d948371d16@group-2DEDCF9E2427-LeaderElection8] INFO  server.RaftServerConfigKeys (ConfUtils.java:logGet(43)) - raft.server.watch.element-limit = 65536 (default)
2019-10-24 14:01:51,814 [606a27f3-5cf8-421b-ba6f-65d948371d16@group-2DEDCF9E2427-LeaderElection8] INFO  server.RaftServerConfigKeys (ConfUtils.java:logGet(43)) - raft.server.log.appender.snapshot.chunk.size.max = 16MB (=16777216) (default)
2019-10-24 14:01:51,814 [606a27f3-5cf8-421b-ba6f-65d948371d16@group-2DEDCF9E2427-LeaderElection8] INFO  server.RaftServerConfigKeys (ConfUtils.java:logGet(43)) - raft.server.log.appender.buffer.byte-limit = 33554432 (custom)
2019-10-24 14:01:51,815 [606a27f3-5cf8-421b-ba6f-65d948371d16@group-2DEDCF9E2427-LeaderElection8] INFO  server.RaftServerConfigKeys (ConfUtils.java:logGet(43)) - raft.server.log.appender.buffer.element-limit = 1 (custom)
2019-10-24 14:01:51,815 [606a27f3-5cf8-421b-ba6f-65d948371d16@group-2DEDCF9E2427-LeaderElection8] INFO  grpc.GrpcConfigKeys$Server (ConfUtils.java:logGet(43)) - raft.grpc.server.leader.outstanding.appends.max = 128 (default)
2019-10-24 14:01:51,816 [606a27f3-5cf8-421b-ba6f-65d948371d16@group-2DEDCF9E2427-LeaderElection8] INFO  server.RaftServerConfigKeys (ConfUtils.java:logGet(43)) - raft.server.rpc.request.timeout = 3000ms (default)
2019-10-24 14:01:51,816 [606a27f3-5cf8-421b-ba6f-65d948371d16@group-2DEDCF9E2427-LeaderElection8] INFO  server.RaftServerConfigKeys (ConfUtils.java:logGet(43)) - raft.server.log.appender.install.snapshot.enabled = false (custom)
2019-10-24 14:01:51,816 [606a27f3-5cf8-421b-ba6f-65d948371d16@group-2DEDCF9E2427-LeaderElection8] WARN  impl.MetricRegistriesImpl (MetricRegistriesImpl.java:lambda$create$1(61)) - First MetricRegistry has been created without registering reporters. You may need to call MetricRegistries.global().addReportRegistration(...) before.
2019-10-24 14:01:51,817 [606a27f3-5cf8-421b-ba6f-65d948371d16@group-2DEDCF9E2427-LeaderElection8] INFO  server.RaftServerConfigKeys (ConfUtils.java:logGet(43)) - raft.server.log.appender.snapshot.chunk.size.max = 16MB (=16777216) (default)
2019-10-24 14:01:51,817 [606a27f3-5cf8-421b-ba6f-65d948371d16@group-2DEDCF9E2427-LeaderElection8] INFO  server.RaftServerConfigKeys (ConfUtils.java:logGet(43)) - raft.server.log.appender.buffer.byte-limit = 33554432 (custom)
2019-10-24 14:01:51,817 [606a27f3-5cf8-421b-ba6f-65d948371d16@group-2DEDCF9E2427-LeaderElection8] INFO  server.RaftServerConfigKeys (ConfUtils.java:logGet(43)) - raft.server.log.appender.buffer.element-limit = 1 (custom)
2019-10-24 14:01:51,817 [606a27f3-5cf8-421b-ba6f-65d948371d16@group-2DEDCF9E2427-LeaderElection8] INFO  grpc.GrpcConfigKeys$Server (ConfUtils.java:logGet(43)) - raft.grpc.server.leader.outstanding.appends.max = 128 (default)
2019-10-24 14:01:51,818 [606a27f3-5cf8-421b-ba6f-65d948371d16@group-2DEDCF9E2427-LeaderElection8] INFO  server.RaftServerConfigKeys (ConfUtils.java:logGet(43)) - raft.server.rpc.request.timeout = 3000ms (default)
2019-10-24 14:01:51,818 [606a27f3-5cf8-421b-ba6f-65d948371d16@group-2DEDCF9E2427-LeaderElection8] INFO  server.RaftServerConfigKeys (ConfUtils.java:logGet(43)) - raft.server.log.appender.install.snapshot.enabled = false (custom)
2019-10-24 14:01:51,818 [606a27f3-5cf8-421b-ba6f-65d948371d16@group-2DEDCF9E2427-LeaderElection8] INFO  impl.RoleInfo (RoleInfo.java:updateAndGet(143)) - 606a27f3-5cf8-421b-ba6f-65d948371d16: start LeaderState
2019-10-24 14:01:51,819 [606a27f3-5cf8-421b-ba6f-65d948371d16@group-2DEDCF9E2427-LeaderElection8] INFO  segmented.SegmentedRaftLogWorker (SegmentedRaftLogWorker.java:startLogSegment(385)) - 606a27f3-5cf8-421b-ba6f-65d948371d16@group-2DEDCF9E2427-SegmentedRaftLogWorker: Starting segment from index:0
2019-10-24 14:01:51,820 [606a27f3-5cf8-421b-ba6f-65d948371d16@group-2DEDCF9E2427-LeaderElection8] INFO  impl.RaftServerImpl (ServerState.java:setRaftConf(356)) - 606a27f3-5cf8-421b-ba6f-65d948371d16@group-2DEDCF9E2427: set configuration 0: [eef97524-f470-48ed-9080-125fe9bf1610:192.168.34.27:42977, 606a27f3-5cf8-421b-ba6f-65d948371d16:192.168.34.27:35844, e894f923-b1c9-490c-81e9-96a537a93170:192.168.34.27:42577], old=null at 0
2019-10-24 14:01:51,861 [grpc-default-executor-5] INFO  impl.RaftServerImpl (ServerState.java:setLeader(255)) - e894f923-b1c9-490c-81e9-96a537a93170@group-2DEDCF9E2427: change Leader from null to 606a27f3-5cf8-421b-ba6f-65d948371d16 at term 1 for appendEntries, leader elected after 4362ms
2019-10-24 14:01:51,861 [grpc-default-executor-3] INFO  impl.RaftServerImpl (ServerState.java:setLeader(255)) - eef97524-f470-48ed-9080-125fe9bf1610@group-2DEDCF9E2427: change Leader from null to 606a27f3-5cf8-421b-ba6f-65d948371d16 at term 1 for appendEntries, leader elected after 5180ms
2019-10-24 14:01:51,868 [grpc-default-executor-5] INFO  impl.RaftServerImpl (ServerState.java:setRaftConf(356)) - e894f923-b1c9-490c-81e9-96a537a93170@group-2DEDCF9E2427: set configuration 0: [eef97524-f470-48ed-9080-125fe9bf1610:192.168.34.27:42977, 606a27f3-5cf8-421b-ba6f-65d948371d16:192.168.34.27:35844, e894f923-b1c9-490c-81e9-96a537a93170:192.168.34.27:42577], old=null at 0
2019-10-24 14:01:51,868 [grpc-default-executor-5] INFO  segmented.SegmentedRaftLogWorker (SegmentedRaftLogWorker.java:startLogSegment(385)) - e894f923-b1c9-490c-81e9-96a537a93170@group-2DEDCF9E2427-SegmentedRaftLogWorker: Starting segment from index:0
2019-10-24 14:01:51,869 [grpc-default-executor-3] INFO  impl.RaftServerImpl (ServerState.java:setRaftConf(356)) - eef97524-f470-48ed-9080-125fe9bf1610@group-2DEDCF9E2427: set configuration 0: [eef97524-f470-48ed-9080-125fe9bf1610:192.168.34.27:42977, 606a27f3-5cf8-421b-ba6f-65d948371d16:192.168.34.27:35844, e894f923-b1c9-490c-81e9-96a537a93170:192.168.34.27:42577], old=null at 0
2019-10-24 14:01:51,869 [grpc-default-executor-3] INFO  segmented.SegmentedRaftLogWorker (SegmentedRaftLogWorker.java:startLogSegment(385)) - eef97524-f470-48ed-9080-125fe9bf1610@group-2DEDCF9E2427-SegmentedRaftLogWorker: Starting segment from index:0
2019-10-24 14:01:51,871 [606a27f3-5cf8-421b-ba6f-65d948371d16@group-2DEDCF9E2427-SegmentedRaftLogWorker] INFO  segmented.SegmentedRaftLogWorker (SegmentedRaftLogWorker.java:execute(576)) - 606a27f3-5cf8-421b-ba6f-65d948371d16@group-2DEDCF9E2427-SegmentedRaftLogWorker: created new log segment /workdir/hadoop-ozone/tools/target/test-dir/MiniOzoneClusterImpl-3e98bdd2-7858-4974-ae40-455654d60294/datanode-2/data/ratis/6c43d9de-1bf1-42c2-8bc3-2dedcf9e2427/current/log_inprogress_0
2019-10-24 14:01:51,922 [eef97524-f470-48ed-9080-125fe9bf1610@group-2DEDCF9E2427-SegmentedRaftLogWorker] INFO  segmented.SegmentedRaftLogWorker (SegmentedRaftLogWorker.java:execute(576)) - eef97524-f470-48ed-9080-125fe9bf1610@group-2DEDCF9E2427-SegmentedRaftLogWorker: created new log segment /workdir/hadoop-ozone/tools/target/test-dir/MiniOzoneClusterImpl-3e98bdd2-7858-4974-ae40-455654d60294/datanode-1/data/ratis/6c43d9de-1bf1-42c2-8bc3-2dedcf9e2427/current/log_inprogress_0
2019-10-24 14:01:51,922 [e894f923-b1c9-490c-81e9-96a537a93170@group-2DEDCF9E2427-SegmentedRaftLogWorker] INFO  segmented.SegmentedRaftLogWorker (SegmentedRaftLogWorker.java:execute(576)) - e894f923-b1c9-490c-81e9-96a537a93170@group-2DEDCF9E2427-SegmentedRaftLogWorker: created new log segment /workdir/hadoop-ozone/tools/target/test-dir/MiniOzoneClusterImpl-3e98bdd2-7858-4974-ae40-455654d60294/datanode-0/data/ratis/6c43d9de-1bf1-42c2-8bc3-2dedcf9e2427/current/log_inprogress_0
]]></system-out>
    <system-err><![CDATA[ERROR StatusLogger No Log4j 2 configuration file found. Using default configuration (logging only errors to the console), or user programmatically provided configurations. Set system property 'log4j2.debug' to show Log4j 2 internal initialization logging. See https://logging.apache.org/log4j/2.x/manual/configuration.html for instructions on how to configure Log4j 2
]]></system-err>
  </testcase>
</testsuite>