<?xml version="1.0" encoding="UTF-8"?>
<testsuite xmlns:xsi="http://www.w3.org/2001/XMLSchema-instance" xsi:noNamespaceSchemaLocation="https://maven.apache.org/surefire/maven-surefire-plugin/xsd/surefire-test-report.xsd" name="org.apache.hadoop.ozone.freon.TestFreonWithPipelineDestroy" time="53.233" tests="1" errors="1" skipped="0" failures="0">
  <properties>
    <property name="awt.toolkit" value="sun.awt.X11.XToolkit"/>
    <property name="file.encoding.pkg" value="sun.io"/>
    <property name="java.specification.version" value="1.8"/>
    <property name="sun.cpu.isalist" value=""/>
    <property name="sun.jnu.encoding" value="ANSI_X3.4-1968"/>
    <property name="java.class.path" value="/workdir/hadoop-ozone/tools/target/test-classes:/workdir/hadoop-ozone/tools/target/classes:/home/user/.m2/repository/org/apache/hadoop/hadoop-ozone-ozone-manager/0.5.0-SNAPSHOT/hadoop-ozone-ozone-manager-0.5.0-SNAPSHOT.jar:/home/user/.m2/repository/org/apache/hadoop/hadoop-hdds-docs/0.5.0-SNAPSHOT/hadoop-hdds-docs-0.5.0-SNAPSHOT.jar:/home/user/.m2/repository/org/bouncycastle/bcprov-jdk15on/1.60/bcprov-jdk15on-1.60.jar:/home/user/.m2/repository/org/apache/hadoop/hadoop-ozone-common/0.5.0-SNAPSHOT/hadoop-ozone-common-0.5.0-SNAPSHOT.jar:/home/user/.m2/repository/org/apache/commons/commons-compress/1.4.1/commons-compress-1.4.1.jar:/home/user/.m2/repository/org/tukaani/xz/1.0/xz-1.0.jar:/home/user/.m2/repository/org/apache/hadoop/hadoop-hdfs-client/3.2.0/hadoop-hdfs-client-3.2.0.jar:/home/user/.m2/repository/com/fasterxml/jackson/core/jackson-annotations/2.9.9/jackson-annotations-2.9.9.jar:/home/user/.m2/repository/org/apache/hadoop/hadoop-hdds-common/0.5.0-SNAPSHOT/hadoop-hdds-common-0.5.0-SNAPSHOT.jar:/home/user/.m2/repository/org/apache/hadoop/hadoop-hdds-config/0.5.0-SNAPSHOT/hadoop-hdds-config-0.5.0-SNAPSHOT.jar:/home/user/.m2/repository/javax/annotation/javax.annotation-api/1.2/javax.annotation-api-1.2.jar:/home/user/.m2/repository/org/apache/ratis/ratis-server/0.5.0-d6d58d0-SNAPSHOT/ratis-server-0.5.0-d6d58d0-SNAPSHOT.jar:/home/user/.m2/repository/org/apache/ratis/ratis-thirdparty-misc/0.2.0/ratis-thirdparty-misc-0.2.0.jar:/home/user/.m2/repository/org/apache/ratis/ratis-proto/0.5.0-d6d58d0-SNAPSHOT/ratis-proto-0.5.0-d6d58d0-SNAPSHOT.jar:/home/user/.m2/repository/org/apache/ratis/ratis-common/0.5.0-d6d58d0-SNAPSHOT/ratis-common-0.5.0-d6d58d0-SNAPSHOT.jar:/home/user/.m2/repository/org/apache/ratis/ratis-client/0.5.0-d6d58d0-SNAPSHOT/ratis-client-0.5.0-d6d58d0-SNAPSHOT.jar:/home/user/.m2/repository/org/apache/ratis/ratis-metrics/0.5.0-d6d58d0-SNAPSHOT/ratis-metrics-0.5.0-d6d58d0-SNAPSHOT.jar:/home/user/.m2/repository/org/apache/ratis/ratis-netty/0.5.0-d6d58d0-SNAPSHOT/ratis-netty-0.5.0-d6d58d0-SNAPSHOT.jar:/home/user/.m2/repository/org/apache/ratis/ratis-grpc/0.5.0-d6d58d0-SNAPSHOT/ratis-grpc-0.5.0-d6d58d0-SNAPSHOT.jar:/home/user/.m2/repository/org/rocksdb/rocksdbjni/6.0.1/rocksdbjni-6.0.1.jar:/home/user/.m2/repository/org/apache/logging/log4j/log4j-api/2.11.0/log4j-api-2.11.0.jar:/home/user/.m2/repository/org/apache/logging/log4j/log4j-core/2.11.0/log4j-core-2.11.0.jar:/home/user/.m2/repository/com/lmax/disruptor/3.4.2/disruptor-3.4.2.jar:/home/user/.m2/repository/org/apache/commons/commons-pool2/2.6.0/commons-pool2-2.6.0.jar:/home/user/.m2/repository/org/bouncycastle/bcpkix-jdk15on/1.60/bcpkix-jdk15on-1.60.jar:/home/user/.m2/repository/commons-validator/commons-validator/1.6/commons-validator-1.6.jar:/home/user/.m2/repository/commons-digester/commons-digester/1.8.1/commons-digester-1.8.1.jar:/home/user/.m2/repository/io/jaegertracing/jaeger-client/0.34.0/jaeger-client-0.34.0.jar:/home/user/.m2/repository/io/jaegertracing/jaeger-thrift/0.34.0/jaeger-thrift-0.34.0.jar:/home/user/.m2/repository/org/apache/thrift/libthrift/0.12.0/libthrift-0.12.0.jar:/home/user/.m2/repository/com/squareup/okhttp3/okhttp/3.9.0/okhttp-3.9.0.jar:/home/user/.m2/repository/com/squareup/okio/okio/1.13.0/okio-1.13.0.jar:/home/user/.m2/repository/io/jaegertracing/jaeger-core/0.34.0/jaeger-core-0.34.0.jar:/home/user/.m2/repository/io/jaegertracing/jaeger-tracerresolver/0.34.0/jaeger-tracerresolver-0.34.0.jar:/home/user/.m2/repository/io/opentracing/contrib/opentracing-tracerresolver/0.1.5/opentracing-tracerresolver-0.1.5.jar:/home/user/.m2/repository/io/opentracing/opentracing-util/0.31.0/opentracing-util-0.31.0.jar:/home/user/.m2/repository/io/opentracing/opentracing-api/0.31.0/opentracing-api-0.31.0.jar:/home/user/.m2/repository/io/opentracing/opentracing-noop/0.31.0/opentracing-noop-0.31.0.jar:/home/user/.m2/repository/org/yaml/snakeyaml/1.16/snakeyaml-1.16.jar:/home/user/.m2/repository/org/apache/hadoop/hadoop-hdds-container-service/0.5.0-SNAPSHOT/hadoop-hdds-container-service-0.5.0-SNAPSHOT.jar:/home/user/.m2/repository/org/apache/hadoop/hadoop-hdds-client/0.5.0-SNAPSHOT/hadoop-hdds-client-0.5.0-SNAPSHOT.jar:/home/user/.m2/repository/org/apache/hadoop/hadoop-hdds-tools/0.5.0-SNAPSHOT/hadoop-hdds-tools-0.5.0-SNAPSHOT.jar:/home/user/.m2/repository/org/xerial/sqlite-jdbc/3.25.2/sqlite-jdbc-3.25.2.jar:/home/user/.m2/repository/org/apache/hadoop/hadoop-hdds-server-scm/0.5.0-SNAPSHOT/hadoop-hdds-server-scm-0.5.0-SNAPSHOT.jar:/home/user/.m2/repository/org/hamcrest/hamcrest-all/1.3/hamcrest-all-1.3.jar:/home/user/.m2/repository/info/picocli/picocli/3.9.6/picocli-3.9.6.jar:/home/user/.m2/repository/com/google/protobuf/protobuf-java/2.5.0/protobuf-java-2.5.0.jar:/home/user/.m2/repository/com/google/guava/guava/11.0.2/guava-11.0.2.jar:/home/user/.m2/repository/org/apache/hadoop/hadoop-ozone-client/0.5.0-SNAPSHOT/hadoop-ozone-client-0.5.0-SNAPSHOT.jar:/workdir/hadoop-ozone/ozonefs/target/classes:/home/user/.m2/repository/org/apache/httpcomponents/httpclient/4.5.2/httpclient-4.5.2.jar:/home/user/.m2/repository/org/apache/httpcomponents/httpcore/4.4.4/httpcore-4.4.4.jar:/home/user/.m2/repository/org/apache/hadoop/hadoop-hdds-server-framework/0.5.0-SNAPSHOT/hadoop-hdds-server-framework-0.5.0-SNAPSHOT.jar:/home/user/.m2/repository/org/apache/hadoop/hadoop-common/3.2.0/hadoop-common-3.2.0.jar:/home/user/.m2/repository/org/apache/hadoop/hadoop-annotations/3.2.0/hadoop-annotations-3.2.0.jar:/usr/lib/jvm/java-1.8.0-openjdk-1.8.0.222.b10-1.el7_7.x86_64/jre/../lib/tools.jar:/home/user/.m2/repository/commons-cli/commons-cli/1.2/commons-cli-1.2.jar:/home/user/.m2/repository/org/apache/commons/commons-math3/3.1.1/commons-math3-3.1.1.jar:/home/user/.m2/repository/commons-codec/commons-codec/1.11/commons-codec-1.11.jar:/home/user/.m2/repository/commons-io/commons-io/2.5/commons-io-2.5.jar:/home/user/.m2/repository/commons-net/commons-net/3.6/commons-net-3.6.jar:/home/user/.m2/repository/commons-collections/commons-collections/3.2.2/commons-collections-3.2.2.jar:/home/user/.m2/repository/javax/servlet/javax.servlet-api/3.1.0/javax.servlet-api-3.1.0.jar:/home/user/.m2/repository/org/eclipse/jetty/jetty-server/9.3.25.v20180904/jetty-server-9.3.25.v20180904.jar:/home/user/.m2/repository/org/eclipse/jetty/jetty-http/9.3.25.v20180904/jetty-http-9.3.25.v20180904.jar:/home/user/.m2/repository/org/eclipse/jetty/jetty-io/9.3.25.v20180904/jetty-io-9.3.25.v20180904.jar:/home/user/.m2/repository/org/eclipse/jetty/jetty-util/9.3.25.v20180904/jetty-util-9.3.25.v20180904.jar:/home/user/.m2/repository/org/eclipse/jetty/jetty-servlet/9.3.25.v20180904/jetty-servlet-9.3.25.v20180904.jar:/home/user/.m2/repository/org/eclipse/jetty/jetty-security/9.3.25.v20180904/jetty-security-9.3.25.v20180904.jar:/home/user/.m2/repository/org/eclipse/jetty/jetty-webapp/9.3.25.v20180904/jetty-webapp-9.3.25.v20180904.jar:/home/user/.m2/repository/org/eclipse/jetty/jetty-xml/9.3.25.v20180904/jetty-xml-9.3.25.v20180904.jar:/home/user/.m2/repository/javax/servlet/jsp/jsp-api/2.1/jsp-api-2.1.jar:/home/user/.m2/repository/com/sun/jersey/jersey-core/1.19/jersey-core-1.19.jar:/home/user/.m2/repository/javax/ws/rs/jsr311-api/1.1.1/jsr311-api-1.1.1.jar:/home/user/.m2/repository/com/sun/jersey/jersey-servlet/1.19/jersey-servlet-1.19.jar:/home/user/.m2/repository/com/sun/jersey/jersey-json/1.19/jersey-json-1.19.jar:/home/user/.m2/repository/org/codehaus/jettison/jettison/1.1/jettison-1.1.jar:/home/user/.m2/repository/com/sun/xml/bind/jaxb-impl/2.3.0.1/jaxb-impl-2.3.0.1.jar:/home/user/.m2/repository/org/codehaus/jackson/jackson-core-asl/1.9.13/jackson-core-asl-1.9.13.jar:/home/user/.m2/repository/org/codehaus/jackson/jackson-mapper-asl/1.9.13/jackson-mapper-asl-1.9.13.jar:/home/user/.m2/repository/org/codehaus/jackson/jackson-jaxrs/1.9.13/jackson-jaxrs-1.9.13.jar:/home/user/.m2/repository/org/codehaus/jackson/jackson-xc/1.9.13/jackson-xc-1.9.13.jar:/home/user/.m2/repository/com/sun/jersey/jersey-server/1.19/jersey-server-1.19.jar:/home/user/.m2/repository/commons-logging/commons-logging/1.1.3/commons-logging-1.1.3.jar:/home/user/.m2/repository/log4j/log4j/1.2.17/log4j-1.2.17.jar:/home/user/.m2/repository/commons-beanutils/commons-beanutils/1.9.4/commons-beanutils-1.9.4.jar:/home/user/.m2/repository/org/apache/commons/commons-configuration2/2.1.1/commons-configuration2-2.1.1.jar:/home/user/.m2/repository/org/apache/commons/commons-lang3/3.7/commons-lang3-3.7.jar:/home/user/.m2/repository/org/apache/commons/commons-text/1.4/commons-text-1.4.jar:/home/user/.m2/repository/org/slf4j/slf4j-api/1.7.25/slf4j-api-1.7.25.jar:/home/user/.m2/repository/org/slf4j/slf4j-log4j12/1.7.25/slf4j-log4j12-1.7.25.jar:/home/user/.m2/repository/org/apache/avro/avro/1.7.7/avro-1.7.7.jar:/home/user/.m2/repository/com/thoughtworks/paranamer/paranamer/2.3/paranamer-2.3.jar:/home/user/.m2/repository/org/xerial/snappy/snappy-java/1.0.5/snappy-java-1.0.5.jar:/home/user/.m2/repository/com/google/re2j/re2j/1.1/re2j-1.1.jar:/home/user/.m2/repository/com/google/code/gson/gson/2.2.4/gson-2.2.4.jar:/home/user/.m2/repository/org/apache/hadoop/hadoop-auth/3.2.0/hadoop-auth-3.2.0.jar:/home/user/.m2/repository/com/nimbusds/nimbus-jose-jwt/4.41.1/nimbus-jose-jwt-4.41.1.jar:/home/user/.m2/repository/com/github/stephenc/jcip/jcip-annotations/1.0-1/jcip-annotations-1.0-1.jar:/home/user/.m2/repository/net/minidev/json-smart/2.3/json-smart-2.3.jar:/home/user/.m2/repository/net/minidev/accessors-smart/1.2/accessors-smart-1.2.jar:/home/user/.m2/repository/org/apache/curator/curator-framework/2.12.0/curator-framework-2.12.0.jar:/home/user/.m2/repository/com/jcraft/jsch/0.1.54/jsch-0.1.54.jar:/home/user/.m2/repository/org/apache/curator/curator-client/2.12.0/curator-client-2.12.0.jar:/home/user/.m2/repository/org/apache/curator/curator-recipes/2.12.0/curator-recipes-2.12.0.jar:/home/user/.m2/repository/com/google/code/findbugs/jsr305/3.0.0/jsr305-3.0.0.jar:/home/user/.m2/repository/org/apache/htrace/htrace-core4/4.1.0-incubating/htrace-core4-4.1.0-incubating.jar:/home/user/.m2/repository/org/apache/zookeeper/zookeeper/3.4.13/zookeeper-3.4.13.jar:/home/user/.m2/repository/jline/jline/0.9.94/jline-0.9.94.jar:/home/user/.m2/repository/org/apache/yetus/audience-annotations/0.5.0/audience-annotations-0.5.0.jar:/home/user/.m2/repository/org/apache/kerby/kerb-simplekdc/1.0.1/kerb-simplekdc-1.0.1.jar:/home/user/.m2/repository/org/apache/kerby/kerb-client/1.0.1/kerb-client-1.0.1.jar:/home/user/.m2/repository/org/apache/kerby/kerby-config/1.0.1/kerby-config-1.0.1.jar:/home/user/.m2/repository/org/apache/kerby/kerb-core/1.0.1/kerb-core-1.0.1.jar:/home/user/.m2/repository/org/apache/kerby/kerby-pkix/1.0.1/kerby-pkix-1.0.1.jar:/home/user/.m2/repository/org/apache/kerby/kerby-asn1/1.0.1/kerby-asn1-1.0.1.jar:/home/user/.m2/repository/org/apache/kerby/kerby-util/1.0.1/kerby-util-1.0.1.jar:/home/user/.m2/repository/org/apache/kerby/kerb-common/1.0.1/kerb-common-1.0.1.jar:/home/user/.m2/repository/org/apache/kerby/kerb-crypto/1.0.1/kerb-crypto-1.0.1.jar:/home/user/.m2/repository/org/apache/kerby/kerb-util/1.0.1/kerb-util-1.0.1.jar:/home/user/.m2/repository/org/apache/kerby/token-provider/1.0.1/token-provider-1.0.1.jar:/home/user/.m2/repository/org/apache/kerby/kerb-admin/1.0.1/kerb-admin-1.0.1.jar:/home/user/.m2/repository/org/apache/kerby/kerb-server/1.0.1/kerb-server-1.0.1.jar:/home/user/.m2/repository/org/apache/kerby/kerb-identity/1.0.1/kerb-identity-1.0.1.jar:/home/user/.m2/repository/org/apache/kerby/kerby-xdr/1.0.1/kerby-xdr-1.0.1.jar:/home/user/.m2/repository/com/fasterxml/jackson/core/jackson-databind/2.9.9/jackson-databind-2.9.9.jar:/home/user/.m2/repository/com/fasterxml/jackson/core/jackson-core/2.9.9/jackson-core-2.9.9.jar:/home/user/.m2/repository/org/codehaus/woodstox/stax2-api/3.1.4/stax2-api-3.1.4.jar:/home/user/.m2/repository/com/fasterxml/woodstox/woodstox-core/5.0.3/woodstox-core-5.0.3.jar:/home/user/.m2/repository/dnsjava/dnsjava/2.1.7/dnsjava-2.1.7.jar:/home/user/.m2/repository/org/apache/hadoop/hadoop-hdfs/3.2.0/hadoop-hdfs-3.2.0.jar:/home/user/.m2/repository/org/eclipse/jetty/jetty-util-ajax/9.3.25.v20180904/jetty-util-ajax-9.3.25.v20180904.jar:/home/user/.m2/repository/commons-daemon/commons-daemon/1.0.13/commons-daemon-1.0.13.jar:/home/user/.m2/repository/io/netty/netty/3.10.5.Final/netty-3.10.5.Final.jar:/home/user/.m2/repository/io/netty/netty-all/4.0.52.Final/netty-all-4.0.52.Final.jar:/home/user/.m2/repository/org/fusesource/leveldbjni/leveldbjni-all/1.8/leveldbjni-all-1.8.jar:/home/user/.m2/repository/com/sun/xml/bind/jaxb-core/2.3.0.1/jaxb-core-2.3.0.1.jar:/home/user/.m2/repository/javax/xml/bind/jaxb-api/2.3.0/jaxb-api-2.3.0.jar:/home/user/.m2/repository/javax/activation/activation/1.1.1/activation-1.1.1.jar:/home/user/.m2/repository/org/openjdk/jmh/jmh-core/1.19/jmh-core-1.19.jar:/home/user/.m2/repository/net/sf/jopt-simple/jopt-simple/4.6/jopt-simple-4.6.jar:/home/user/.m2/repository/org/openjdk/jmh/jmh-generator-annprocess/1.19/jmh-generator-annprocess-1.19.jar:/home/user/.m2/repository/io/dropwizard/metrics/metrics-core/3.2.4/metrics-core-3.2.4.jar:/home/user/.m2/repository/com/amazonaws/aws-java-sdk-s3/1.11.615/aws-java-sdk-s3-1.11.615.jar:/home/user/.m2/repository/com/amazonaws/aws-java-sdk-kms/1.11.615/aws-java-sdk-kms-1.11.615.jar:/home/user/.m2/repository/com/amazonaws/aws-java-sdk-core/1.11.615/aws-java-sdk-core-1.11.615.jar:/home/user/.m2/repository/software/amazon/ion/ion-java/1.0.2/ion-java-1.0.2.jar:/home/user/.m2/repository/com/fasterxml/jackson/dataformat/jackson-dataformat-cbor/2.9.9/jackson-dataformat-cbor-2.9.9.jar:/home/user/.m2/repository/joda-time/joda-time/2.9.9/joda-time-2.9.9.jar:/home/user/.m2/repository/com/amazonaws/jmespath-java/1.11.615/jmespath-java-1.11.615.jar:/home/user/.m2/repository/com/github/spotbugs/spotbugs/3.1.12/spotbugs-3.1.12.jar:/home/user/.m2/repository/org/ow2/asm/asm/5.0.4/asm-5.0.4.jar:/home/user/.m2/repository/org/ow2/asm/asm-analysis/7.0/asm-analysis-7.0.jar:/home/user/.m2/repository/org/ow2/asm/asm-commons/7.0/asm-commons-7.0.jar:/home/user/.m2/repository/org/ow2/asm/asm-tree/7.0/asm-tree-7.0.jar:/home/user/.m2/repository/org/ow2/asm/asm-util/7.0/asm-util-7.0.jar:/home/user/.m2/repository/org/apache/bcel/bcel/6.3/bcel-6.3.jar:/home/user/.m2/repository/net/jcip/jcip-annotations/1.0/jcip-annotations-1.0.jar:/home/user/.m2/repository/org/dom4j/dom4j/2.1.1/dom4j-2.1.1.jar:/home/user/.m2/repository/jaxen/jaxen/1.1.6/jaxen-1.1.6.jar:/home/user/.m2/repository/commons-lang/commons-lang/2.6/commons-lang-2.6.jar:/home/user/.m2/repository/com/github/spotbugs/spotbugs-annotations/3.1.12/spotbugs-annotations-3.1.12.jar:/home/user/.m2/repository/junit/junit/4.11/junit-4.11.jar:/home/user/.m2/repository/org/hamcrest/hamcrest-core/1.3/hamcrest-core-1.3.jar:/home/user/.m2/repository/org/apache/hadoop/hadoop-common/3.2.0/hadoop-common-3.2.0-tests.jar:/workdir/hadoop-ozone/integration-test/target/test-classes:/home/user/.m2/repository/org/apache/hadoop/hadoop-ozone-s3gateway/0.5.0-SNAPSHOT/hadoop-ozone-s3gateway-0.5.0-SNAPSHOT.jar:/home/user/.m2/repository/org/jboss/weld/servlet/weld-servlet/2.4.7.Final/weld-servlet-2.4.7.Final.jar:/home/user/.m2/repository/org/glassfish/jersey/containers/jersey-container-servlet-core/2.27/jersey-container-servlet-core-2.27.jar:/home/user/.m2/repository/org/glassfish/hk2/external/javax.inject/2.5.0-b42/javax.inject-2.5.0-b42.jar:/home/user/.m2/repository/org/glassfish/jersey/core/jersey-common/2.27/jersey-common-2.27.jar:/home/user/.m2/repository/org/glassfish/hk2/osgi-resource-locator/1.0.1/osgi-resource-locator-1.0.1.jar:/home/user/.m2/repository/javax/ws/rs/javax.ws.rs-api/2.1/javax.ws.rs-api-2.1.jar:/home/user/.m2/repository/org/glassfish/jersey/ext/cdi/jersey-cdi1x/2.27/jersey-cdi1x-2.27.jar:/home/user/.m2/repository/org/glassfish/jersey/inject/jersey-hk2/2.27/jersey-hk2-2.27.jar:/home/user/.m2/repository/org/glassfish/hk2/hk2-locator/2.5.0-b42/hk2-locator-2.5.0-b42.jar:/home/user/.m2/repository/org/javassist/javassist/3.22.0-CR2/javassist-3.22.0-CR2.jar:/home/user/.m2/repository/org/glassfish/hk2/hk2-api/2.5.0/hk2-api-2.5.0.jar:/home/user/.m2/repository/org/glassfish/hk2/external/jakarta.inject/2.5.0/jakarta.inject-2.5.0.jar:/home/user/.m2/repository/org/glassfish/hk2/hk2-utils/2.5.0/hk2-utils-2.5.0.jar:/home/user/.m2/repository/jakarta/annotation/jakarta.annotation-api/1.3.4/jakarta.annotation-api-1.3.4.jar:/home/user/.m2/repository/org/glassfish/hk2/external/aopalliance-repackaged/2.5.0/aopalliance-repackaged-2.5.0.jar:/home/user/.m2/repository/com/fasterxml/jackson/dataformat/jackson-dataformat-xml/2.9.0/jackson-dataformat-xml-2.9.0.jar:/home/user/.m2/repository/com/fasterxml/jackson/module/jackson-module-jaxb-annotations/2.9.9/jackson-module-jaxb-annotations-2.9.9.jar:/home/user/.m2/repository/javax/enterprise/cdi-api/1.2/cdi-api-1.2.jar:/home/user/.m2/repository/javax/el/javax.el-api/3.0.0/javax.el-api-3.0.0.jar:/home/user/.m2/repository/javax/interceptor/javax.interceptor-api/1.2/javax.interceptor-api-1.2.jar:/home/user/.m2/repository/javax/inject/javax.inject/1/javax.inject-1.jar:/home/user/.m2/repository/org/apache/hadoop/hadoop-ozone-csi/0.5.0-SNAPSHOT/hadoop-ozone-csi-0.5.0-SNAPSHOT.jar:/home/user/.m2/repository/com/google/protobuf/protobuf-java-util/3.5.1/protobuf-java-util-3.5.1.jar:/home/user/.m2/repository/io/grpc/grpc-netty/1.17.1/grpc-netty-1.17.1.jar:/home/user/.m2/repository/io/grpc/grpc-core/1.17.1/grpc-core-1.17.1.jar:/home/user/.m2/repository/io/grpc/grpc-context/1.17.1/grpc-context-1.17.1.jar:/home/user/.m2/repository/com/google/errorprone/error_prone_annotations/2.2.0/error_prone_annotations-2.2.0.jar:/home/user/.m2/repository/org/codehaus/mojo/animal-sniffer-annotations/1.17/animal-sniffer-annotations-1.17.jar:/home/user/.m2/repository/io/opencensus/opencensus-api/0.17.0/opencensus-api-0.17.0.jar:/home/user/.m2/repository/io/opencensus/opencensus-contrib-grpc-metrics/0.17.0/opencensus-contrib-grpc-metrics-0.17.0.jar:/home/user/.m2/repository/io/netty/netty-codec-http2/4.1.30.Final/netty-codec-http2-4.1.30.Final.jar:/home/user/.m2/repository/io/netty/netty-codec-http/4.1.30.Final/netty-codec-http-4.1.30.Final.jar:/home/user/.m2/repository/io/netty/netty-codec/4.1.30.Final/netty-codec-4.1.30.Final.jar:/home/user/.m2/repository/io/netty/netty-handler/4.1.30.Final/netty-handler-4.1.30.Final.jar:/home/user/.m2/repository/io/netty/netty-handler-proxy/4.1.30.Final/netty-handler-proxy-4.1.30.Final.jar:/home/user/.m2/repository/io/netty/netty-codec-socks/4.1.30.Final/netty-codec-socks-4.1.30.Final.jar:/home/user/.m2/repository/io/netty/netty-transport-native-epoll/4.1.30.Final/netty-transport-native-epoll-4.1.30.Final.jar:/home/user/.m2/repository/io/netty/netty-common/4.1.30.Final/netty-common-4.1.30.Final.jar:/home/user/.m2/repository/io/netty/netty-buffer/4.1.30.Final/netty-buffer-4.1.30.Final.jar:/home/user/.m2/repository/io/netty/netty-transport/4.1.30.Final/netty-transport-4.1.30.Final.jar:/home/user/.m2/repository/io/netty/netty-resolver/4.1.30.Final/netty-resolver-4.1.30.Final.jar:/home/user/.m2/repository/io/netty/netty-transport-native-unix-common/4.1.30.Final/netty-transport-native-unix-common-4.1.30.Final.jar:/home/user/.m2/repository/io/grpc/grpc-protobuf/1.17.1/grpc-protobuf-1.17.1.jar:/home/user/.m2/repository/com/google/api/grpc/proto-google-common-protos/1.0.0/proto-google-common-protos-1.0.0.jar:/home/user/.m2/repository/io/grpc/grpc-protobuf-lite/1.17.1/grpc-protobuf-lite-1.17.1.jar:/home/user/.m2/repository/io/grpc/grpc-stub/1.17.1/grpc-stub-1.17.1.jar:/home/user/.m2/repository/org/apache/hadoop/hadoop-ozone-recon/0.5.0-SNAPSHOT/hadoop-ozone-recon-0.5.0-SNAPSHOT.jar:/home/user/.m2/repository/org/apache/hadoop/hadoop-ozone-reconcodegen/0.5.0-SNAPSHOT/hadoop-ozone-reconcodegen-0.5.0-SNAPSHOT.jar:/home/user/.m2/repository/com/google/inject/extensions/guice-multibindings/4.0/guice-multibindings-4.0.jar:/home/user/.m2/repository/com/google/inject/guice/4.0/guice-4.0.jar:/home/user/.m2/repository/aopalliance/aopalliance/1.0/aopalliance-1.0.jar:/home/user/.m2/repository/com/google/inject/extensions/guice-servlet/4.0/guice-servlet-4.0.jar:/home/user/.m2/repository/org/glassfish/jersey/containers/jersey-container-servlet/2.27/jersey-container-servlet-2.27.jar:/home/user/.m2/repository/org/glassfish/hk2/guice-bridge/2.5.0/guice-bridge-2.5.0.jar:/home/user/.m2/repository/org/glassfish/jersey/core/jersey-server/2.27/jersey-server-2.27.jar:/home/user/.m2/repository/org/glassfish/jersey/core/jersey-client/2.27/jersey-client-2.27.jar:/home/user/.m2/repository/org/glassfish/jersey/media/jersey-media-jaxb/2.27/jersey-media-jaxb-2.27.jar:/home/user/.m2/repository/javax/validation/validation-api/1.1.0.Final/validation-api-1.1.0.Final.jar:/home/user/.m2/repository/org/glassfish/jersey/media/jersey-media-json-jackson/2.27/jersey-media-json-jackson-2.27.jar:/home/user/.m2/repository/org/glassfish/jersey/ext/jersey-entity-filtering/2.27/jersey-entity-filtering-2.27.jar:/home/user/.m2/repository/com/google/inject/extensions/guice-assistedinject/4.0/guice-assistedinject-4.0.jar:/home/user/.m2/repository/org/jooq/jooq/3.11.10/jooq-3.11.10.jar:/home/user/.m2/repository/org/jooq/jooq-meta/3.11.10/jooq-meta-3.11.10.jar:/home/user/.m2/repository/org/jooq/jooq-codegen/3.11.10/jooq-codegen-3.11.10.jar:/home/user/.m2/repository/com/jolbox/bonecp/0.8.0.RELEASE/bonecp-0.8.0.RELEASE.jar:/home/user/.m2/repository/org/springframework/spring-jdbc/5.1.3.RELEASE/spring-jdbc-5.1.3.RELEASE.jar:/home/user/.m2/repository/org/springframework/spring-beans/5.1.3.RELEASE/spring-beans-5.1.3.RELEASE.jar:/home/user/.m2/repository/org/springframework/spring-core/5.1.3.RELEASE/spring-core-5.1.3.RELEASE.jar:/home/user/.m2/repository/org/springframework/spring-jcl/5.1.3.RELEASE/spring-jcl-5.1.3.RELEASE.jar:/home/user/.m2/repository/org/springframework/spring-tx/5.1.3.RELEASE/spring-tx-5.1.3.RELEASE.jar:/home/user/.m2/repository/org/mockito/mockito-core/2.15.0/mockito-core-2.15.0.jar:/home/user/.m2/repository/net/bytebuddy/byte-buddy/1.7.9/byte-buddy-1.7.9.jar:/home/user/.m2/repository/net/bytebuddy/byte-buddy-agent/1.7.9/byte-buddy-agent-1.7.9.jar:/home/user/.m2/repository/org/objenesis/objenesis/1.0/objenesis-1.0.jar:"/>
    <property name="java.vm.vendor" value="Oracle Corporation"/>
    <property name="sun.arch.data.model" value="64"/>
    <property name="test.build.dir" value="/workdir/hadoop-ozone/tools/target/test-dir"/>
    <property name="test.cache.data" value=""/>
    <property name="java.vendor.url" value="http://java.oracle.com/"/>
    <property name="user.timezone" value=""/>
    <property name="java.vm.specification.version" value="1.8"/>
    <property name="os.name" value="Linux"/>
    <property name="test.build.data" value="/workdir/hadoop-ozone/tools/target/test-dir"/>
    <property name="user.country" value="US"/>
    <property name="sun.java.launcher" value="SUN_STANDARD"/>
    <property name="sun.boot.library.path" value="/usr/lib/jvm/java-1.8.0-openjdk-1.8.0.222.b10-1.el7_7.x86_64/jre/lib/amd64"/>
    <property name="sun.java.command" value="/workdir/hadoop-ozone/tools/target/surefire/surefirebooter9192870029793628645.jar /workdir/hadoop-ozone/tools/target/surefire 2019-11-19T02-39-07_744-jvmRun1 surefire4951795620403193845tmp surefire_991775473494578301972tmp"/>
    <property name="surefire.test.class.path" value="/workdir/hadoop-ozone/tools/target/test-classes:/workdir/hadoop-ozone/tools/target/classes:/home/user/.m2/repository/org/apache/hadoop/hadoop-ozone-ozone-manager/0.5.0-SNAPSHOT/hadoop-ozone-ozone-manager-0.5.0-SNAPSHOT.jar:/home/user/.m2/repository/org/apache/hadoop/hadoop-hdds-docs/0.5.0-SNAPSHOT/hadoop-hdds-docs-0.5.0-SNAPSHOT.jar:/home/user/.m2/repository/org/bouncycastle/bcprov-jdk15on/1.60/bcprov-jdk15on-1.60.jar:/home/user/.m2/repository/org/apache/hadoop/hadoop-ozone-common/0.5.0-SNAPSHOT/hadoop-ozone-common-0.5.0-SNAPSHOT.jar:/home/user/.m2/repository/org/apache/commons/commons-compress/1.4.1/commons-compress-1.4.1.jar:/home/user/.m2/repository/org/tukaani/xz/1.0/xz-1.0.jar:/home/user/.m2/repository/org/apache/hadoop/hadoop-hdfs-client/3.2.0/hadoop-hdfs-client-3.2.0.jar:/home/user/.m2/repository/com/fasterxml/jackson/core/jackson-annotations/2.9.9/jackson-annotations-2.9.9.jar:/home/user/.m2/repository/org/apache/hadoop/hadoop-hdds-common/0.5.0-SNAPSHOT/hadoop-hdds-common-0.5.0-SNAPSHOT.jar:/home/user/.m2/repository/org/apache/hadoop/hadoop-hdds-config/0.5.0-SNAPSHOT/hadoop-hdds-config-0.5.0-SNAPSHOT.jar:/home/user/.m2/repository/javax/annotation/javax.annotation-api/1.2/javax.annotation-api-1.2.jar:/home/user/.m2/repository/org/apache/ratis/ratis-server/0.5.0-d6d58d0-SNAPSHOT/ratis-server-0.5.0-d6d58d0-SNAPSHOT.jar:/home/user/.m2/repository/org/apache/ratis/ratis-thirdparty-misc/0.2.0/ratis-thirdparty-misc-0.2.0.jar:/home/user/.m2/repository/org/apache/ratis/ratis-proto/0.5.0-d6d58d0-SNAPSHOT/ratis-proto-0.5.0-d6d58d0-SNAPSHOT.jar:/home/user/.m2/repository/org/apache/ratis/ratis-common/0.5.0-d6d58d0-SNAPSHOT/ratis-common-0.5.0-d6d58d0-SNAPSHOT.jar:/home/user/.m2/repository/org/apache/ratis/ratis-client/0.5.0-d6d58d0-SNAPSHOT/ratis-client-0.5.0-d6d58d0-SNAPSHOT.jar:/home/user/.m2/repository/org/apache/ratis/ratis-metrics/0.5.0-d6d58d0-SNAPSHOT/ratis-metrics-0.5.0-d6d58d0-SNAPSHOT.jar:/home/user/.m2/repository/org/apache/ratis/ratis-netty/0.5.0-d6d58d0-SNAPSHOT/ratis-netty-0.5.0-d6d58d0-SNAPSHOT.jar:/home/user/.m2/repository/org/apache/ratis/ratis-grpc/0.5.0-d6d58d0-SNAPSHOT/ratis-grpc-0.5.0-d6d58d0-SNAPSHOT.jar:/home/user/.m2/repository/org/rocksdb/rocksdbjni/6.0.1/rocksdbjni-6.0.1.jar:/home/user/.m2/repository/org/apache/logging/log4j/log4j-api/2.11.0/log4j-api-2.11.0.jar:/home/user/.m2/repository/org/apache/logging/log4j/log4j-core/2.11.0/log4j-core-2.11.0.jar:/home/user/.m2/repository/com/lmax/disruptor/3.4.2/disruptor-3.4.2.jar:/home/user/.m2/repository/org/apache/commons/commons-pool2/2.6.0/commons-pool2-2.6.0.jar:/home/user/.m2/repository/org/bouncycastle/bcpkix-jdk15on/1.60/bcpkix-jdk15on-1.60.jar:/home/user/.m2/repository/commons-validator/commons-validator/1.6/commons-validator-1.6.jar:/home/user/.m2/repository/commons-digester/commons-digester/1.8.1/commons-digester-1.8.1.jar:/home/user/.m2/repository/io/jaegertracing/jaeger-client/0.34.0/jaeger-client-0.34.0.jar:/home/user/.m2/repository/io/jaegertracing/jaeger-thrift/0.34.0/jaeger-thrift-0.34.0.jar:/home/user/.m2/repository/org/apache/thrift/libthrift/0.12.0/libthrift-0.12.0.jar:/home/user/.m2/repository/com/squareup/okhttp3/okhttp/3.9.0/okhttp-3.9.0.jar:/home/user/.m2/repository/com/squareup/okio/okio/1.13.0/okio-1.13.0.jar:/home/user/.m2/repository/io/jaegertracing/jaeger-core/0.34.0/jaeger-core-0.34.0.jar:/home/user/.m2/repository/io/jaegertracing/jaeger-tracerresolver/0.34.0/jaeger-tracerresolver-0.34.0.jar:/home/user/.m2/repository/io/opentracing/contrib/opentracing-tracerresolver/0.1.5/opentracing-tracerresolver-0.1.5.jar:/home/user/.m2/repository/io/opentracing/opentracing-util/0.31.0/opentracing-util-0.31.0.jar:/home/user/.m2/repository/io/opentracing/opentracing-api/0.31.0/opentracing-api-0.31.0.jar:/home/user/.m2/repository/io/opentracing/opentracing-noop/0.31.0/opentracing-noop-0.31.0.jar:/home/user/.m2/repository/org/yaml/snakeyaml/1.16/snakeyaml-1.16.jar:/home/user/.m2/repository/org/apache/hadoop/hadoop-hdds-container-service/0.5.0-SNAPSHOT/hadoop-hdds-container-service-0.5.0-SNAPSHOT.jar:/home/user/.m2/repository/org/apache/hadoop/hadoop-hdds-client/0.5.0-SNAPSHOT/hadoop-hdds-client-0.5.0-SNAPSHOT.jar:/home/user/.m2/repository/org/apache/hadoop/hadoop-hdds-tools/0.5.0-SNAPSHOT/hadoop-hdds-tools-0.5.0-SNAPSHOT.jar:/home/user/.m2/repository/org/xerial/sqlite-jdbc/3.25.2/sqlite-jdbc-3.25.2.jar:/home/user/.m2/repository/org/apache/hadoop/hadoop-hdds-server-scm/0.5.0-SNAPSHOT/hadoop-hdds-server-scm-0.5.0-SNAPSHOT.jar:/home/user/.m2/repository/org/hamcrest/hamcrest-all/1.3/hamcrest-all-1.3.jar:/home/user/.m2/repository/info/picocli/picocli/3.9.6/picocli-3.9.6.jar:/home/user/.m2/repository/com/google/protobuf/protobuf-java/2.5.0/protobuf-java-2.5.0.jar:/home/user/.m2/repository/com/google/guava/guava/11.0.2/guava-11.0.2.jar:/home/user/.m2/repository/org/apache/hadoop/hadoop-ozone-client/0.5.0-SNAPSHOT/hadoop-ozone-client-0.5.0-SNAPSHOT.jar:/workdir/hadoop-ozone/ozonefs/target/classes:/home/user/.m2/repository/org/apache/httpcomponents/httpclient/4.5.2/httpclient-4.5.2.jar:/home/user/.m2/repository/org/apache/httpcomponents/httpcore/4.4.4/httpcore-4.4.4.jar:/home/user/.m2/repository/org/apache/hadoop/hadoop-hdds-server-framework/0.5.0-SNAPSHOT/hadoop-hdds-server-framework-0.5.0-SNAPSHOT.jar:/home/user/.m2/repository/org/apache/hadoop/hadoop-common/3.2.0/hadoop-common-3.2.0.jar:/home/user/.m2/repository/org/apache/hadoop/hadoop-annotations/3.2.0/hadoop-annotations-3.2.0.jar:/usr/lib/jvm/java-1.8.0-openjdk-1.8.0.222.b10-1.el7_7.x86_64/jre/../lib/tools.jar:/home/user/.m2/repository/commons-cli/commons-cli/1.2/commons-cli-1.2.jar:/home/user/.m2/repository/org/apache/commons/commons-math3/3.1.1/commons-math3-3.1.1.jar:/home/user/.m2/repository/commons-codec/commons-codec/1.11/commons-codec-1.11.jar:/home/user/.m2/repository/commons-io/commons-io/2.5/commons-io-2.5.jar:/home/user/.m2/repository/commons-net/commons-net/3.6/commons-net-3.6.jar:/home/user/.m2/repository/commons-collections/commons-collections/3.2.2/commons-collections-3.2.2.jar:/home/user/.m2/repository/javax/servlet/javax.servlet-api/3.1.0/javax.servlet-api-3.1.0.jar:/home/user/.m2/repository/org/eclipse/jetty/jetty-server/9.3.25.v20180904/jetty-server-9.3.25.v20180904.jar:/home/user/.m2/repository/org/eclipse/jetty/jetty-http/9.3.25.v20180904/jetty-http-9.3.25.v20180904.jar:/home/user/.m2/repository/org/eclipse/jetty/jetty-io/9.3.25.v20180904/jetty-io-9.3.25.v20180904.jar:/home/user/.m2/repository/org/eclipse/jetty/jetty-util/9.3.25.v20180904/jetty-util-9.3.25.v20180904.jar:/home/user/.m2/repository/org/eclipse/jetty/jetty-servlet/9.3.25.v20180904/jetty-servlet-9.3.25.v20180904.jar:/home/user/.m2/repository/org/eclipse/jetty/jetty-security/9.3.25.v20180904/jetty-security-9.3.25.v20180904.jar:/home/user/.m2/repository/org/eclipse/jetty/jetty-webapp/9.3.25.v20180904/jetty-webapp-9.3.25.v20180904.jar:/home/user/.m2/repository/org/eclipse/jetty/jetty-xml/9.3.25.v20180904/jetty-xml-9.3.25.v20180904.jar:/home/user/.m2/repository/javax/servlet/jsp/jsp-api/2.1/jsp-api-2.1.jar:/home/user/.m2/repository/com/sun/jersey/jersey-core/1.19/jersey-core-1.19.jar:/home/user/.m2/repository/javax/ws/rs/jsr311-api/1.1.1/jsr311-api-1.1.1.jar:/home/user/.m2/repository/com/sun/jersey/jersey-servlet/1.19/jersey-servlet-1.19.jar:/home/user/.m2/repository/com/sun/jersey/jersey-json/1.19/jersey-json-1.19.jar:/home/user/.m2/repository/org/codehaus/jettison/jettison/1.1/jettison-1.1.jar:/home/user/.m2/repository/com/sun/xml/bind/jaxb-impl/2.3.0.1/jaxb-impl-2.3.0.1.jar:/home/user/.m2/repository/org/codehaus/jackson/jackson-core-asl/1.9.13/jackson-core-asl-1.9.13.jar:/home/user/.m2/repository/org/codehaus/jackson/jackson-mapper-asl/1.9.13/jackson-mapper-asl-1.9.13.jar:/home/user/.m2/repository/org/codehaus/jackson/jackson-jaxrs/1.9.13/jackson-jaxrs-1.9.13.jar:/home/user/.m2/repository/org/codehaus/jackson/jackson-xc/1.9.13/jackson-xc-1.9.13.jar:/home/user/.m2/repository/com/sun/jersey/jersey-server/1.19/jersey-server-1.19.jar:/home/user/.m2/repository/commons-logging/commons-logging/1.1.3/commons-logging-1.1.3.jar:/home/user/.m2/repository/log4j/log4j/1.2.17/log4j-1.2.17.jar:/home/user/.m2/repository/commons-beanutils/commons-beanutils/1.9.4/commons-beanutils-1.9.4.jar:/home/user/.m2/repository/org/apache/commons/commons-configuration2/2.1.1/commons-configuration2-2.1.1.jar:/home/user/.m2/repository/org/apache/commons/commons-lang3/3.7/commons-lang3-3.7.jar:/home/user/.m2/repository/org/apache/commons/commons-text/1.4/commons-text-1.4.jar:/home/user/.m2/repository/org/slf4j/slf4j-api/1.7.25/slf4j-api-1.7.25.jar:/home/user/.m2/repository/org/slf4j/slf4j-log4j12/1.7.25/slf4j-log4j12-1.7.25.jar:/home/user/.m2/repository/org/apache/avro/avro/1.7.7/avro-1.7.7.jar:/home/user/.m2/repository/com/thoughtworks/paranamer/paranamer/2.3/paranamer-2.3.jar:/home/user/.m2/repository/org/xerial/snappy/snappy-java/1.0.5/snappy-java-1.0.5.jar:/home/user/.m2/repository/com/google/re2j/re2j/1.1/re2j-1.1.jar:/home/user/.m2/repository/com/google/code/gson/gson/2.2.4/gson-2.2.4.jar:/home/user/.m2/repository/org/apache/hadoop/hadoop-auth/3.2.0/hadoop-auth-3.2.0.jar:/home/user/.m2/repository/com/nimbusds/nimbus-jose-jwt/4.41.1/nimbus-jose-jwt-4.41.1.jar:/home/user/.m2/repository/com/github/stephenc/jcip/jcip-annotations/1.0-1/jcip-annotations-1.0-1.jar:/home/user/.m2/repository/net/minidev/json-smart/2.3/json-smart-2.3.jar:/home/user/.m2/repository/net/minidev/accessors-smart/1.2/accessors-smart-1.2.jar:/home/user/.m2/repository/org/apache/curator/curator-framework/2.12.0/curator-framework-2.12.0.jar:/home/user/.m2/repository/com/jcraft/jsch/0.1.54/jsch-0.1.54.jar:/home/user/.m2/repository/org/apache/curator/curator-client/2.12.0/curator-client-2.12.0.jar:/home/user/.m2/repository/org/apache/curator/curator-recipes/2.12.0/curator-recipes-2.12.0.jar:/home/user/.m2/repository/com/google/code/findbugs/jsr305/3.0.0/jsr305-3.0.0.jar:/home/user/.m2/repository/org/apache/htrace/htrace-core4/4.1.0-incubating/htrace-core4-4.1.0-incubating.jar:/home/user/.m2/repository/org/apache/zookeeper/zookeeper/3.4.13/zookeeper-3.4.13.jar:/home/user/.m2/repository/jline/jline/0.9.94/jline-0.9.94.jar:/home/user/.m2/repository/org/apache/yetus/audience-annotations/0.5.0/audience-annotations-0.5.0.jar:/home/user/.m2/repository/org/apache/kerby/kerb-simplekdc/1.0.1/kerb-simplekdc-1.0.1.jar:/home/user/.m2/repository/org/apache/kerby/kerb-client/1.0.1/kerb-client-1.0.1.jar:/home/user/.m2/repository/org/apache/kerby/kerby-config/1.0.1/kerby-config-1.0.1.jar:/home/user/.m2/repository/org/apache/kerby/kerb-core/1.0.1/kerb-core-1.0.1.jar:/home/user/.m2/repository/org/apache/kerby/kerby-pkix/1.0.1/kerby-pkix-1.0.1.jar:/home/user/.m2/repository/org/apache/kerby/kerby-asn1/1.0.1/kerby-asn1-1.0.1.jar:/home/user/.m2/repository/org/apache/kerby/kerby-util/1.0.1/kerby-util-1.0.1.jar:/home/user/.m2/repository/org/apache/kerby/kerb-common/1.0.1/kerb-common-1.0.1.jar:/home/user/.m2/repository/org/apache/kerby/kerb-crypto/1.0.1/kerb-crypto-1.0.1.jar:/home/user/.m2/repository/org/apache/kerby/kerb-util/1.0.1/kerb-util-1.0.1.jar:/home/user/.m2/repository/org/apache/kerby/token-provider/1.0.1/token-provider-1.0.1.jar:/home/user/.m2/repository/org/apache/kerby/kerb-admin/1.0.1/kerb-admin-1.0.1.jar:/home/user/.m2/repository/org/apache/kerby/kerb-server/1.0.1/kerb-server-1.0.1.jar:/home/user/.m2/repository/org/apache/kerby/kerb-identity/1.0.1/kerb-identity-1.0.1.jar:/home/user/.m2/repository/org/apache/kerby/kerby-xdr/1.0.1/kerby-xdr-1.0.1.jar:/home/user/.m2/repository/com/fasterxml/jackson/core/jackson-databind/2.9.9/jackson-databind-2.9.9.jar:/home/user/.m2/repository/com/fasterxml/jackson/core/jackson-core/2.9.9/jackson-core-2.9.9.jar:/home/user/.m2/repository/org/codehaus/woodstox/stax2-api/3.1.4/stax2-api-3.1.4.jar:/home/user/.m2/repository/com/fasterxml/woodstox/woodstox-core/5.0.3/woodstox-core-5.0.3.jar:/home/user/.m2/repository/dnsjava/dnsjava/2.1.7/dnsjava-2.1.7.jar:/home/user/.m2/repository/org/apache/hadoop/hadoop-hdfs/3.2.0/hadoop-hdfs-3.2.0.jar:/home/user/.m2/repository/org/eclipse/jetty/jetty-util-ajax/9.3.25.v20180904/jetty-util-ajax-9.3.25.v20180904.jar:/home/user/.m2/repository/commons-daemon/commons-daemon/1.0.13/commons-daemon-1.0.13.jar:/home/user/.m2/repository/io/netty/netty/3.10.5.Final/netty-3.10.5.Final.jar:/home/user/.m2/repository/io/netty/netty-all/4.0.52.Final/netty-all-4.0.52.Final.jar:/home/user/.m2/repository/org/fusesource/leveldbjni/leveldbjni-all/1.8/leveldbjni-all-1.8.jar:/home/user/.m2/repository/com/sun/xml/bind/jaxb-core/2.3.0.1/jaxb-core-2.3.0.1.jar:/home/user/.m2/repository/javax/xml/bind/jaxb-api/2.3.0/jaxb-api-2.3.0.jar:/home/user/.m2/repository/javax/activation/activation/1.1.1/activation-1.1.1.jar:/home/user/.m2/repository/org/openjdk/jmh/jmh-core/1.19/jmh-core-1.19.jar:/home/user/.m2/repository/net/sf/jopt-simple/jopt-simple/4.6/jopt-simple-4.6.jar:/home/user/.m2/repository/org/openjdk/jmh/jmh-generator-annprocess/1.19/jmh-generator-annprocess-1.19.jar:/home/user/.m2/repository/io/dropwizard/metrics/metrics-core/3.2.4/metrics-core-3.2.4.jar:/home/user/.m2/repository/com/amazonaws/aws-java-sdk-s3/1.11.615/aws-java-sdk-s3-1.11.615.jar:/home/user/.m2/repository/com/amazonaws/aws-java-sdk-kms/1.11.615/aws-java-sdk-kms-1.11.615.jar:/home/user/.m2/repository/com/amazonaws/aws-java-sdk-core/1.11.615/aws-java-sdk-core-1.11.615.jar:/home/user/.m2/repository/software/amazon/ion/ion-java/1.0.2/ion-java-1.0.2.jar:/home/user/.m2/repository/com/fasterxml/jackson/dataformat/jackson-dataformat-cbor/2.9.9/jackson-dataformat-cbor-2.9.9.jar:/home/user/.m2/repository/joda-time/joda-time/2.9.9/joda-time-2.9.9.jar:/home/user/.m2/repository/com/amazonaws/jmespath-java/1.11.615/jmespath-java-1.11.615.jar:/home/user/.m2/repository/com/github/spotbugs/spotbugs/3.1.12/spotbugs-3.1.12.jar:/home/user/.m2/repository/org/ow2/asm/asm/5.0.4/asm-5.0.4.jar:/home/user/.m2/repository/org/ow2/asm/asm-analysis/7.0/asm-analysis-7.0.jar:/home/user/.m2/repository/org/ow2/asm/asm-commons/7.0/asm-commons-7.0.jar:/home/user/.m2/repository/org/ow2/asm/asm-tree/7.0/asm-tree-7.0.jar:/home/user/.m2/repository/org/ow2/asm/asm-util/7.0/asm-util-7.0.jar:/home/user/.m2/repository/org/apache/bcel/bcel/6.3/bcel-6.3.jar:/home/user/.m2/repository/net/jcip/jcip-annotations/1.0/jcip-annotations-1.0.jar:/home/user/.m2/repository/org/dom4j/dom4j/2.1.1/dom4j-2.1.1.jar:/home/user/.m2/repository/jaxen/jaxen/1.1.6/jaxen-1.1.6.jar:/home/user/.m2/repository/commons-lang/commons-lang/2.6/commons-lang-2.6.jar:/home/user/.m2/repository/com/github/spotbugs/spotbugs-annotations/3.1.12/spotbugs-annotations-3.1.12.jar:/home/user/.m2/repository/junit/junit/4.11/junit-4.11.jar:/home/user/.m2/repository/org/hamcrest/hamcrest-core/1.3/hamcrest-core-1.3.jar:/home/user/.m2/repository/org/apache/hadoop/hadoop-common/3.2.0/hadoop-common-3.2.0-tests.jar:/workdir/hadoop-ozone/integration-test/target/test-classes:/home/user/.m2/repository/org/apache/hadoop/hadoop-ozone-s3gateway/0.5.0-SNAPSHOT/hadoop-ozone-s3gateway-0.5.0-SNAPSHOT.jar:/home/user/.m2/repository/org/jboss/weld/servlet/weld-servlet/2.4.7.Final/weld-servlet-2.4.7.Final.jar:/home/user/.m2/repository/org/glassfish/jersey/containers/jersey-container-servlet-core/2.27/jersey-container-servlet-core-2.27.jar:/home/user/.m2/repository/org/glassfish/hk2/external/javax.inject/2.5.0-b42/javax.inject-2.5.0-b42.jar:/home/user/.m2/repository/org/glassfish/jersey/core/jersey-common/2.27/jersey-common-2.27.jar:/home/user/.m2/repository/org/glassfish/hk2/osgi-resource-locator/1.0.1/osgi-resource-locator-1.0.1.jar:/home/user/.m2/repository/javax/ws/rs/javax.ws.rs-api/2.1/javax.ws.rs-api-2.1.jar:/home/user/.m2/repository/org/glassfish/jersey/ext/cdi/jersey-cdi1x/2.27/jersey-cdi1x-2.27.jar:/home/user/.m2/repository/org/glassfish/jersey/inject/jersey-hk2/2.27/jersey-hk2-2.27.jar:/home/user/.m2/repository/org/glassfish/hk2/hk2-locator/2.5.0-b42/hk2-locator-2.5.0-b42.jar:/home/user/.m2/repository/org/javassist/javassist/3.22.0-CR2/javassist-3.22.0-CR2.jar:/home/user/.m2/repository/org/glassfish/hk2/hk2-api/2.5.0/hk2-api-2.5.0.jar:/home/user/.m2/repository/org/glassfish/hk2/external/jakarta.inject/2.5.0/jakarta.inject-2.5.0.jar:/home/user/.m2/repository/org/glassfish/hk2/hk2-utils/2.5.0/hk2-utils-2.5.0.jar:/home/user/.m2/repository/jakarta/annotation/jakarta.annotation-api/1.3.4/jakarta.annotation-api-1.3.4.jar:/home/user/.m2/repository/org/glassfish/hk2/external/aopalliance-repackaged/2.5.0/aopalliance-repackaged-2.5.0.jar:/home/user/.m2/repository/com/fasterxml/jackson/dataformat/jackson-dataformat-xml/2.9.0/jackson-dataformat-xml-2.9.0.jar:/home/user/.m2/repository/com/fasterxml/jackson/module/jackson-module-jaxb-annotations/2.9.9/jackson-module-jaxb-annotations-2.9.9.jar:/home/user/.m2/repository/javax/enterprise/cdi-api/1.2/cdi-api-1.2.jar:/home/user/.m2/repository/javax/el/javax.el-api/3.0.0/javax.el-api-3.0.0.jar:/home/user/.m2/repository/javax/interceptor/javax.interceptor-api/1.2/javax.interceptor-api-1.2.jar:/home/user/.m2/repository/javax/inject/javax.inject/1/javax.inject-1.jar:/home/user/.m2/repository/org/apache/hadoop/hadoop-ozone-csi/0.5.0-SNAPSHOT/hadoop-ozone-csi-0.5.0-SNAPSHOT.jar:/home/user/.m2/repository/com/google/protobuf/protobuf-java-util/3.5.1/protobuf-java-util-3.5.1.jar:/home/user/.m2/repository/io/grpc/grpc-netty/1.17.1/grpc-netty-1.17.1.jar:/home/user/.m2/repository/io/grpc/grpc-core/1.17.1/grpc-core-1.17.1.jar:/home/user/.m2/repository/io/grpc/grpc-context/1.17.1/grpc-context-1.17.1.jar:/home/user/.m2/repository/com/google/errorprone/error_prone_annotations/2.2.0/error_prone_annotations-2.2.0.jar:/home/user/.m2/repository/org/codehaus/mojo/animal-sniffer-annotations/1.17/animal-sniffer-annotations-1.17.jar:/home/user/.m2/repository/io/opencensus/opencensus-api/0.17.0/opencensus-api-0.17.0.jar:/home/user/.m2/repository/io/opencensus/opencensus-contrib-grpc-metrics/0.17.0/opencensus-contrib-grpc-metrics-0.17.0.jar:/home/user/.m2/repository/io/netty/netty-codec-http2/4.1.30.Final/netty-codec-http2-4.1.30.Final.jar:/home/user/.m2/repository/io/netty/netty-codec-http/4.1.30.Final/netty-codec-http-4.1.30.Final.jar:/home/user/.m2/repository/io/netty/netty-codec/4.1.30.Final/netty-codec-4.1.30.Final.jar:/home/user/.m2/repository/io/netty/netty-handler/4.1.30.Final/netty-handler-4.1.30.Final.jar:/home/user/.m2/repository/io/netty/netty-handler-proxy/4.1.30.Final/netty-handler-proxy-4.1.30.Final.jar:/home/user/.m2/repository/io/netty/netty-codec-socks/4.1.30.Final/netty-codec-socks-4.1.30.Final.jar:/home/user/.m2/repository/io/netty/netty-transport-native-epoll/4.1.30.Final/netty-transport-native-epoll-4.1.30.Final.jar:/home/user/.m2/repository/io/netty/netty-common/4.1.30.Final/netty-common-4.1.30.Final.jar:/home/user/.m2/repository/io/netty/netty-buffer/4.1.30.Final/netty-buffer-4.1.30.Final.jar:/home/user/.m2/repository/io/netty/netty-transport/4.1.30.Final/netty-transport-4.1.30.Final.jar:/home/user/.m2/repository/io/netty/netty-resolver/4.1.30.Final/netty-resolver-4.1.30.Final.jar:/home/user/.m2/repository/io/netty/netty-transport-native-unix-common/4.1.30.Final/netty-transport-native-unix-common-4.1.30.Final.jar:/home/user/.m2/repository/io/grpc/grpc-protobuf/1.17.1/grpc-protobuf-1.17.1.jar:/home/user/.m2/repository/com/google/api/grpc/proto-google-common-protos/1.0.0/proto-google-common-protos-1.0.0.jar:/home/user/.m2/repository/io/grpc/grpc-protobuf-lite/1.17.1/grpc-protobuf-lite-1.17.1.jar:/home/user/.m2/repository/io/grpc/grpc-stub/1.17.1/grpc-stub-1.17.1.jar:/home/user/.m2/repository/org/apache/hadoop/hadoop-ozone-recon/0.5.0-SNAPSHOT/hadoop-ozone-recon-0.5.0-SNAPSHOT.jar:/home/user/.m2/repository/org/apache/hadoop/hadoop-ozone-reconcodegen/0.5.0-SNAPSHOT/hadoop-ozone-reconcodegen-0.5.0-SNAPSHOT.jar:/home/user/.m2/repository/com/google/inject/extensions/guice-multibindings/4.0/guice-multibindings-4.0.jar:/home/user/.m2/repository/com/google/inject/guice/4.0/guice-4.0.jar:/home/user/.m2/repository/aopalliance/aopalliance/1.0/aopalliance-1.0.jar:/home/user/.m2/repository/com/google/inject/extensions/guice-servlet/4.0/guice-servlet-4.0.jar:/home/user/.m2/repository/org/glassfish/jersey/containers/jersey-container-servlet/2.27/jersey-container-servlet-2.27.jar:/home/user/.m2/repository/org/glassfish/hk2/guice-bridge/2.5.0/guice-bridge-2.5.0.jar:/home/user/.m2/repository/org/glassfish/jersey/core/jersey-server/2.27/jersey-server-2.27.jar:/home/user/.m2/repository/org/glassfish/jersey/core/jersey-client/2.27/jersey-client-2.27.jar:/home/user/.m2/repository/org/glassfish/jersey/media/jersey-media-jaxb/2.27/jersey-media-jaxb-2.27.jar:/home/user/.m2/repository/javax/validation/validation-api/1.1.0.Final/validation-api-1.1.0.Final.jar:/home/user/.m2/repository/org/glassfish/jersey/media/jersey-media-json-jackson/2.27/jersey-media-json-jackson-2.27.jar:/home/user/.m2/repository/org/glassfish/jersey/ext/jersey-entity-filtering/2.27/jersey-entity-filtering-2.27.jar:/home/user/.m2/repository/com/google/inject/extensions/guice-assistedinject/4.0/guice-assistedinject-4.0.jar:/home/user/.m2/repository/org/jooq/jooq/3.11.10/jooq-3.11.10.jar:/home/user/.m2/repository/org/jooq/jooq-meta/3.11.10/jooq-meta-3.11.10.jar:/home/user/.m2/repository/org/jooq/jooq-codegen/3.11.10/jooq-codegen-3.11.10.jar:/home/user/.m2/repository/com/jolbox/bonecp/0.8.0.RELEASE/bonecp-0.8.0.RELEASE.jar:/home/user/.m2/repository/org/springframework/spring-jdbc/5.1.3.RELEASE/spring-jdbc-5.1.3.RELEASE.jar:/home/user/.m2/repository/org/springframework/spring-beans/5.1.3.RELEASE/spring-beans-5.1.3.RELEASE.jar:/home/user/.m2/repository/org/springframework/spring-core/5.1.3.RELEASE/spring-core-5.1.3.RELEASE.jar:/home/user/.m2/repository/org/springframework/spring-jcl/5.1.3.RELEASE/spring-jcl-5.1.3.RELEASE.jar:/home/user/.m2/repository/org/springframework/spring-tx/5.1.3.RELEASE/spring-tx-5.1.3.RELEASE.jar:/home/user/.m2/repository/org/mockito/mockito-core/2.15.0/mockito-core-2.15.0.jar:/home/user/.m2/repository/net/bytebuddy/byte-buddy/1.7.9/byte-buddy-1.7.9.jar:/home/user/.m2/repository/net/bytebuddy/byte-buddy-agent/1.7.9/byte-buddy-agent-1.7.9.jar:/home/user/.m2/repository/org/objenesis/objenesis/1.0/objenesis-1.0.jar:"/>
    <property name="sun.cpu.endian" value="little"/>
    <property name="user.home" value="/home/user"/>
    <property name="user.language" value="en"/>
    <property name="java.specification.vendor" value="Oracle Corporation"/>
    <property name="java.home" value="/usr/lib/jvm/java-1.8.0-openjdk-1.8.0.222.b10-1.el7_7.x86_64/jre"/>
    <property name="surefire.excludesFile" value="/tools/ozone-bad-unit-tests"/>
    <property name="java.security.krb5.conf" value="/workdir/hadoop-ozone/tools/target/test-classes/krb5.conf"/>
    <property name="basedir" value="/workdir/hadoop-ozone/tools"/>
    <property name="file.separator" value="/"/>
    <property name="line.separator" value="&#10;"/>
    <property name="java.vm.specification.vendor" value="Oracle Corporation"/>
    <property name="java.specification.name" value="Java Platform API Specification"/>
    <property name="java.awt.graphicsenv" value="sun.awt.X11GraphicsEnvironment"/>
    <property name="surefire.real.class.path" value="/workdir/hadoop-ozone/tools/target/surefire/surefirebooter9192870029793628645.jar"/>
    <property name="hadoop.log.dir" value="/workdir/hadoop-ozone/tools/target/log"/>
    <property name="sun.boot.class.path" value="/usr/lib/jvm/java-1.8.0-openjdk-1.8.0.222.b10-1.el7_7.x86_64/jre/lib/resources.jar:/usr/lib/jvm/java-1.8.0-openjdk-1.8.0.222.b10-1.el7_7.x86_64/jre/lib/rt.jar:/usr/lib/jvm/java-1.8.0-openjdk-1.8.0.222.b10-1.el7_7.x86_64/jre/lib/sunrsasign.jar:/usr/lib/jvm/java-1.8.0-openjdk-1.8.0.222.b10-1.el7_7.x86_64/jre/lib/jsse.jar:/usr/lib/jvm/java-1.8.0-openjdk-1.8.0.222.b10-1.el7_7.x86_64/jre/lib/jce.jar:/usr/lib/jvm/java-1.8.0-openjdk-1.8.0.222.b10-1.el7_7.x86_64/jre/lib/charsets.jar:/usr/lib/jvm/java-1.8.0-openjdk-1.8.0.222.b10-1.el7_7.x86_64/jre/lib/jfr.jar:/usr/lib/jvm/java-1.8.0-openjdk-1.8.0.222.b10-1.el7_7.x86_64/jre/classes"/>
    <property name="sun.management.compiler" value="HotSpot 64-Bit Tiered Compilers"/>
    <property name="java.runtime.version" value="1.8.0_222-b10"/>
    <property name="java.net.preferIPv4Stack" value="true"/>
    <property name="user.name" value="jenkins1000"/>
    <property name="path.separator" value=":"/>
    <property name="java.security.egd" value="file:///dev/urandom"/>
    <property name="os.version" value="3.10.0-957.12.2.el7.x86_64"/>
    <property name="java.endorsed.dirs" value="/usr/lib/jvm/java-1.8.0-openjdk-1.8.0.222.b10-1.el7_7.x86_64/jre/lib/endorsed"/>
    <property name="java.runtime.name" value="OpenJDK Runtime Environment"/>
    <property name="file.encoding" value="ANSI_X3.4-1968"/>
    <property name="java.vm.name" value="OpenJDK 64-Bit Server VM"/>
    <property name="test.build.webapps" value=""/>
    <property name="localRepository" value="/home/user/.m2/repository"/>
    <property name="java.vendor.url.bug" value="http://bugreport.sun.com/bugreport/"/>
    <property name="java.io.tmpdir" value="/tmp"/>
    <property name="require.test.libhadoop" value=""/>
    <property name="java.version" value="1.8.0_222"/>
    <property name="user.dir" value="/workdir/hadoop-ozone/tools"/>
    <property name="os.arch" value="amd64"/>
    <property name="java.vm.specification.name" value="Java Virtual Machine Specification"/>
    <property name="test.build.classes" value="/workdir/hadoop-ozone/tools/target/test-classes"/>
    <property name="java.awt.printerjob" value="sun.print.PSPrinterJob"/>
    <property name="sun.os.patch.level" value="unknown"/>
    <property name="hadoop.tmp.dir" value="/workdir/hadoop-ozone/tools/target/tmp"/>
    <property name="java.library.path" value="/usr/lib:/workdir/hadoop-ozone/tools/target/native/target/usr/local/lib:/workdir/hadoop-ozone/tools/../../hadoop-common-project/hadoop-common/target/native/target/usr/local/lib:/usr/java/packages/lib/amd64:/usr/lib64:/lib64:/lib:/usr/lib"/>
    <property name="java.vm.info" value="mixed mode"/>
    <property name="java.vendor" value="Oracle Corporation"/>
    <property name="java.vm.version" value="25.222-b10"/>
    <property name="java.ext.dirs" value="/usr/lib/jvm/java-1.8.0-openjdk-1.8.0.222.b10-1.el7_7.x86_64/jre/lib/ext:/usr/java/packages/lib/ext"/>
    <property name="sun.io.unicode.encoding" value="UnicodeLittle"/>
    <property name="java.class.version" value="52.0"/>
  </properties>
  <testcase name="testRestart" classname="org.apache.hadoop.ozone.freon.TestFreonWithPipelineDestroy" time="18.732">
    <error message="INTERNAL_ERROR org.apache.hadoop.ozone.om.exceptions.OMException: Allocated 0 blocks. Requested 5 blocks" type="java.lang.RuntimeException">java.lang.RuntimeException: INTERNAL_ERROR org.apache.hadoop.ozone.om.exceptions.OMException: Allocated 0 blocks. Requested 5 blocks
	at org.apache.hadoop.ozone.freon.RandomKeyGenerator.call(RandomKeyGenerator.java:341)
	at org.apache.hadoop.ozone.freon.TestFreonWithPipelineDestroy.startFreon(TestFreonWithPipelineDestroy.java:87)
	at org.apache.hadoop.ozone.freon.TestFreonWithPipelineDestroy.testRestart(TestFreonWithPipelineDestroy.java:74)
	at sun.reflect.NativeMethodAccessorImpl.invoke0(Native Method)
	at sun.reflect.NativeMethodAccessorImpl.invoke(NativeMethodAccessorImpl.java:62)
	at sun.reflect.DelegatingMethodAccessorImpl.invoke(DelegatingMethodAccessorImpl.java:43)
	at java.lang.reflect.Method.invoke(Method.java:498)
	at org.junit.runners.model.FrameworkMethod$1.runReflectiveCall(FrameworkMethod.java:47)
	at org.junit.internal.runners.model.ReflectiveCallable.run(ReflectiveCallable.java:12)
	at org.junit.runners.model.FrameworkMethod.invokeExplosively(FrameworkMethod.java:44)
	at org.junit.internal.runners.statements.InvokeMethod.evaluate(InvokeMethod.java:17)
	at org.junit.runners.ParentRunner.runLeaf(ParentRunner.java:271)
	at org.junit.runners.BlockJUnit4ClassRunner.runChild(BlockJUnit4ClassRunner.java:70)
	at org.junit.runners.BlockJUnit4ClassRunner.runChild(BlockJUnit4ClassRunner.java:50)
	at org.junit.runners.ParentRunner$3.run(ParentRunner.java:238)
	at org.junit.runners.ParentRunner$1.schedule(ParentRunner.java:63)
	at org.junit.runners.ParentRunner.runChildren(ParentRunner.java:236)
	at org.junit.runners.ParentRunner.access$000(ParentRunner.java:53)
	at org.junit.runners.ParentRunner$2.evaluate(ParentRunner.java:229)
	at org.junit.internal.runners.statements.RunBefores.evaluate(RunBefores.java:26)
	at org.junit.internal.runners.statements.RunAfters.evaluate(RunAfters.java:27)
	at org.junit.runners.ParentRunner.run(ParentRunner.java:309)
	at org.apache.maven.surefire.junit4.JUnit4Provider.execute(JUnit4Provider.java:365)
	at org.apache.maven.surefire.junit4.JUnit4Provider.executeWithRerun(JUnit4Provider.java:273)
	at org.apache.maven.surefire.junit4.JUnit4Provider.executeTestSet(JUnit4Provider.java:238)
	at org.apache.maven.surefire.junit4.JUnit4Provider.invoke(JUnit4Provider.java:159)
	at org.apache.maven.surefire.booter.ForkedBooter.invokeProviderInSameClassLoader(ForkedBooter.java:384)
	at org.apache.maven.surefire.booter.ForkedBooter.runSuitesInProcess(ForkedBooter.java:345)
	at org.apache.maven.surefire.booter.ForkedBooter.execute(ForkedBooter.java:126)
	at org.apache.maven.surefire.booter.ForkedBooter.main(ForkedBooter.java:418)
Caused by: INTERNAL_ERROR org.apache.hadoop.ozone.om.exceptions.OMException: Allocated 0 blocks. Requested 5 blocks
	at org.apache.hadoop.ozone.om.protocolPB.OzoneManagerProtocolClientSideTranslatorPB.handleError(OzoneManagerProtocolClientSideTranslatorPB.java:761)
	at org.apache.hadoop.ozone.om.protocolPB.OzoneManagerProtocolClientSideTranslatorPB.openKey(OzoneManagerProtocolClientSideTranslatorPB.java:752)
	at sun.reflect.NativeMethodAccessorImpl.invoke0(Native Method)
	at sun.reflect.NativeMethodAccessorImpl.invoke(NativeMethodAccessorImpl.java:62)
	at sun.reflect.DelegatingMethodAccessorImpl.invoke(DelegatingMethodAccessorImpl.java:43)
	at java.lang.reflect.Method.invoke(Method.java:498)
	at org.apache.hadoop.hdds.tracing.TraceAllMethod.invoke(TraceAllMethod.java:66)
	at com.sun.proxy.$Proxy37.openKey(Unknown Source)
	at org.apache.hadoop.ozone.client.rpc.RpcClient.createKey(RpcClient.java:633)
	at org.apache.hadoop.ozone.client.OzoneBucket.createKey(OzoneBucket.java:325)
	at org.apache.hadoop.ozone.freon.RandomKeyGenerator.createKey(RandomKeyGenerator.java:697)
	at org.apache.hadoop.ozone.freon.RandomKeyGenerator.access$1100(RandomKeyGenerator.java:88)
	at org.apache.hadoop.ozone.freon.RandomKeyGenerator$ObjectCreator.run(RandomKeyGenerator.java:615)
	at java.util.concurrent.Executors$RunnableAdapter.call(Executors.java:511)
	at java.util.concurrent.FutureTask.run(FutureTask.java:266)
	at java.util.concurrent.ThreadPoolExecutor.runWorker(ThreadPoolExecutor.java:1149)
	at java.util.concurrent.ThreadPoolExecutor$Worker.run(ThreadPoolExecutor.java:624)
	at java.lang.Thread.run(Thread.java:748)
</error>
    <system-out><![CDATA[2019-11-19 04:27:39,467 [main] WARN  server.ServerUtils (ServerUtils.java:getScmDbDir(145)) - ozone.scm.db.dirs is not configured. We recommend adding this setting. Falling back to ozone.metadata.dirs instead.
2019-11-19 04:27:39,650 [main] WARN  server.ServerUtils (ServerUtils.java:getScmDbDir(145)) - ozone.scm.db.dirs is not configured. We recommend adding this setting. Falling back to ozone.metadata.dirs instead.
2019-11-19 04:27:39,655 [main] WARN  server.ServerUtils (ServerUtils.java:getScmDbDir(145)) - ozone.scm.db.dirs is not configured. We recommend adding this setting. Falling back to ozone.metadata.dirs instead.
2019-11-19 04:27:39,691 [main] INFO  util.log (Log.java:initialized(192)) - Logging initialized @944ms
2019-11-19 04:27:39,796 [main] INFO  db.DBStoreBuilder (DBStoreBuilder.java:addTable(127)) - using custom profile for table: deletedBlocks
2019-11-19 04:27:39,796 [main] INFO  db.DBStoreBuilder (DBStoreBuilder.java:processTables(183)) - Using default column profile:DBProfile.DISK for Table:deletedBlocks
2019-11-19 04:27:39,797 [main] INFO  db.DBStoreBuilder (DBStoreBuilder.java:addTable(127)) - using custom profile for table: validCerts
2019-11-19 04:27:39,797 [main] INFO  db.DBStoreBuilder (DBStoreBuilder.java:processTables(183)) - Using default column profile:DBProfile.DISK for Table:validCerts
2019-11-19 04:27:39,797 [main] INFO  db.DBStoreBuilder (DBStoreBuilder.java:addTable(127)) - using custom profile for table: revokedCerts
2019-11-19 04:27:39,797 [main] INFO  db.DBStoreBuilder (DBStoreBuilder.java:processTables(183)) - Using default column profile:DBProfile.DISK for Table:revokedCerts
2019-11-19 04:27:39,809 [main] INFO  db.DBStoreBuilder (DBStoreBuilder.java:addTable(127)) - using custom profile for table: default
2019-11-19 04:27:39,809 [main] INFO  db.DBStoreBuilder (DBStoreBuilder.java:processTables(189)) - Using default column profile:DBProfile.DISK for Table:default
2019-11-19 04:27:39,811 [main] INFO  db.DBStoreBuilder (DBStoreBuilder.java:getDbProfile(220)) - Using default options. DBProfile.DISK
2019-11-19 04:27:40,144 [main] INFO  net.NodeSchemaLoader (NodeSchemaLoader.java:loadSchemaFromFile(125)) - Loading file from sun.misc.CompoundEnumeration@5e0e82ae
2019-11-19 04:27:40,147 [main] INFO  net.NodeSchemaLoader (NodeSchemaLoader.java:loadSchema(171)) - Loading network topology layer schema file
2019-11-19 04:27:40,212 [main] INFO  node.SCMNodeManager (SCMNodeManager.java:<init>(116)) - Entering startup safe mode.
2019-11-19 04:27:40,290 [main] INFO  algorithms.ContainerPlacementPolicyFactory (ContainerPlacementPolicyFactory.java:getPolicy(57)) - Create container placement policy of type org.apache.hadoop.hdds.scm.container.placement.algorithms.SCMContainerPlacementRandom
2019-11-19 04:27:40,307 [main] WARN  server.ServerUtils (ServerUtils.java:getScmDbDir(145)) - ozone.scm.db.dirs is not configured. We recommend adding this setting. Falling back to ozone.metadata.dirs instead.
2019-11-19 04:27:40,439 [main] INFO  pipeline.SCMPipelineManager (SCMPipelineManager.java:initializePipelineState(136)) - No pipeline exists in current db
2019-11-19 04:27:40,442 [main] WARN  server.ServerUtils (ServerUtils.java:getScmDbDir(145)) - ozone.scm.db.dirs is not configured. We recommend adding this setting. Falling back to ozone.metadata.dirs instead.
2019-11-19 04:27:40,600 [main] INFO  safemode.HealthyPipelineSafeModeRule (HealthyPipelineSafeModeRule.java:<init>(92)) -  Total pipeline count is 0, healthy pipeline threshold count is 1
2019-11-19 04:27:40,605 [main] INFO  safemode.OneReplicaPipelineSafeModeRule (OneReplicaPipelineSafeModeRule.java:<init>(79)) - Total pipeline count is 0, pipeline's with at least one datanode reported threshold count is 0
2019-11-19 04:27:40,605 [main] WARN  events.EventQueue (EventQueue.java:fireEvent(183)) - No event handler registered for event TypedEvent{payloadType=SafeModeStatus, name='SafeModeStatus'}
2019-11-19 04:27:40,971 [main] INFO  ipc.CallQueueManager (CallQueueManager.java:<init>(84)) - Using callQueue: class java.util.concurrent.LinkedBlockingQueue, queueCapacity: 2000, scheduler: class org.apache.hadoop.ipc.DefaultRpcScheduler, ipcBackoff: false.
2019-11-19 04:27:41,120 [Socket Reader #1 for port 36738] INFO  ipc.Server (Server.java:run(1074)) - Starting Socket Reader #1 for port 36738
2019-11-19 04:27:41,153 [main] INFO  ipc.CallQueueManager (CallQueueManager.java:<init>(84)) - Using callQueue: class java.util.concurrent.LinkedBlockingQueue, queueCapacity: 2000, scheduler: class org.apache.hadoop.ipc.DefaultRpcScheduler, ipcBackoff: false.
2019-11-19 04:27:41,154 [Socket Reader #1 for port 37552] INFO  ipc.Server (Server.java:run(1074)) - Starting Socket Reader #1 for port 37552
2019-11-19 04:27:41,162 [main] INFO  ipc.CallQueueManager (CallQueueManager.java:<init>(84)) - Using callQueue: class java.util.concurrent.LinkedBlockingQueue, queueCapacity: 2000, scheduler: class org.apache.hadoop.ipc.DefaultRpcScheduler, ipcBackoff: false.
2019-11-19 04:27:41,163 [Socket Reader #1 for port 40524] INFO  ipc.Server (Server.java:run(1074)) - Starting Socket Reader #1 for port 40524
2019-11-19 04:27:41,189 [main] INFO  hdfs.DFSUtil (DFSUtil.java:httpServerTemplateForNNAndJN(1641)) - Starting Web-server for scm at: http://0.0.0.0:0
2019-11-19 04:27:41,330 [main] INFO  server.AuthenticationFilter (AuthenticationFilter.java:constructSecretProvider(240)) - Unable to initialize FileSignerSecretProvider, falling back to use random secrets.
2019-11-19 04:27:41,347 [main] WARN  http.HttpRequestLog (HttpRequestLog.java:getRequestLog(97)) - Jetty request log can only be enabled using Log4j
2019-11-19 04:27:41,357 [main] INFO  http.HttpServer2 (HttpServer2.java:addGlobalFilter(975)) - Added global filter 'safety' (class=org.apache.hadoop.http.HttpServer2$QuotingInputFilter)
2019-11-19 04:27:41,360 [main] INFO  http.HttpServer2 (HttpServer2.java:addFilter(948)) - Added filter static_user_filter (class=org.apache.hadoop.http.lib.StaticUserWebFilter$StaticUserFilter) to context scm
2019-11-19 04:27:41,360 [main] INFO  http.HttpServer2 (HttpServer2.java:addFilter(958)) - Added filter static_user_filter (class=org.apache.hadoop.http.lib.StaticUserWebFilter$StaticUserFilter) to context static
2019-11-19 04:27:41,360 [main] INFO  http.HttpServer2 (HttpServer2.java:addFilter(958)) - Added filter static_user_filter (class=org.apache.hadoop.http.lib.StaticUserWebFilter$StaticUserFilter) to context logs
2019-11-19 04:27:41,391 [main] INFO  server.StorageContainerManager (StorageContainerManager.java:start(765)) - StorageContainerLocationProtocol RPC server is listening at /0.0.0.0:40524
2019-11-19 04:27:41,449 [main] WARN  impl.MetricsConfig (MetricsConfig.java:loadFirst(134)) - Cannot locate configuration: tried hadoop-metrics2-storagecontainermanager.properties,hadoop-metrics2.properties
2019-11-19 04:27:41,464 [main] INFO  impl.MetricsSystemImpl (MetricsSystemImpl.java:startTimer(374)) - Scheduled Metric snapshot period at 10 second(s).
2019-11-19 04:27:41,465 [main] INFO  impl.MetricsSystemImpl (MetricsSystemImpl.java:start(191)) - StorageContainerManager metrics system started
2019-11-19 04:27:41,721 [main] INFO  server.SCMClientProtocolServer (SCMClientProtocolServer.java:start(160)) - RPC server for Client  is listening at /0.0.0.0:40524
2019-11-19 04:27:41,722 [IPC Server Responder] INFO  ipc.Server (Server.java:run(1314)) - IPC Server Responder: starting
2019-11-19 04:27:41,722 [IPC Server listener on 40524] INFO  ipc.Server (Server.java:run(1153)) - IPC Server listener on 40524: starting
2019-11-19 04:27:41,725 [main] INFO  server.StorageContainerManager (StorageContainerManager.java:start(775)) - ScmBlockLocationProtocol RPC server is listening at /0.0.0.0:37552
2019-11-19 04:27:41,726 [main] INFO  server.SCMBlockProtocolServer (SCMBlockProtocolServer.java:start(146)) - RPC server for Block Protocol is listening at /0.0.0.0:37552
2019-11-19 04:27:41,726 [IPC Server Responder] INFO  ipc.Server (Server.java:run(1314)) - IPC Server Responder: starting
2019-11-19 04:27:41,727 [IPC Server listener on 37552] INFO  ipc.Server (Server.java:run(1153)) - IPC Server listener on 37552: starting
2019-11-19 04:27:41,729 [main] INFO  server.StorageContainerManager (StorageContainerManager.java:start(779)) - ScmDatanodeProtocl RPC server is listening at /0.0.0.0:36738
2019-11-19 04:27:41,729 [main] INFO  server.SCMDatanodeProtocolServer (SCMDatanodeProtocolServer.java:start(177)) - RPC server for DataNodes is listening at /0.0.0.0:36738
2019-11-19 04:27:41,730 [IPC Server Responder] INFO  ipc.Server (Server.java:run(1314)) - IPC Server Responder: starting
2019-11-19 04:27:41,730 [IPC Server listener on 36738] INFO  ipc.Server (Server.java:run(1153)) - IPC Server listener on 36738: starting
2019-11-19 04:27:41,734 [main] INFO  http.HttpServer2 (HttpServer2.java:bindListener(1191)) - Jetty bound to port 42320
2019-11-19 04:27:41,736 [main] INFO  server.Server (Server.java:doStart(351)) - jetty-9.3.25.v20180904, build timestamp: 2018-09-04T21:11:46Z, git hash: 3ce520221d0240229c862b122d2b06c12a625732
2019-11-19 04:27:41,776 [main] INFO  handler.ContextHandler (ContextHandler.java:doStart(781)) - Started o.e.j.s.ServletContextHandler@4218500f{/logs,file:///workdir/hadoop-ozone/tools/target/log,AVAILABLE}
2019-11-19 04:27:41,776 [main] INFO  handler.ContextHandler (ContextHandler.java:doStart(781)) - Started o.e.j.s.ServletContextHandler@c2db68f{/static,jar:file:/home/user/.m2/repository/org/apache/hadoop/hadoop-hdds-server-scm/0.5.0-SNAPSHOT/hadoop-hdds-server-scm-0.5.0-SNAPSHOT.jar!/webapps/static,AVAILABLE}
2019-11-19 04:27:41,848 [main] INFO  handler.ContextHandler (ContextHandler.java:doStart(781)) - Started o.e.j.w.WebAppContext@37cd92d6{/,file:///tmp/jetty-0.0.0.0-42320-scm-_-any-8479396329757759452.dir/webapp/,AVAILABLE}{/scm}
2019-11-19 04:27:41,853 [main] INFO  server.AbstractConnector (AbstractConnector.java:doStart(278)) - Started ServerConnector@7e0aadd0{HTTP/1.1,[http/1.1]}{0.0.0.0:42320}
2019-11-19 04:27:41,853 [main] INFO  server.Server (Server.java:doStart(419)) - Started @3107ms
2019-11-19 04:27:41,856 [main] INFO  impl.MetricsSinkAdapter (MetricsSinkAdapter.java:start(204)) - Sink prometheus started
2019-11-19 04:27:41,856 [main] INFO  impl.MetricsSystemImpl (MetricsSystemImpl.java:registerSink(301)) - Registered sink prometheus
2019-11-19 04:27:41,858 [main] INFO  server.BaseHttpServer (BaseHttpServer.java:updateConnectorAddress(215)) - HTTP server of SCM is listening at http://0.0.0.0:42320
2019-11-19 04:27:41,864 [org.apache.hadoop.util.JvmPauseMonitor$Monitor@2f66e802] INFO  util.JvmPauseMonitor (JvmPauseMonitor.java:run(188)) - Starting JVM pause monitor
2019-11-19 04:27:41,867 [main] WARN  server.ServerUtils (ServerUtils.java:getDBPath(222)) - ozone.om.db.dirs is not configured. We recommend adding this setting. Falling back to ozone.metadata.dirs instead.
2019-11-19 04:27:41,962 [main] INFO  ha.OMHANodeDetails (OMHANodeDetails.java:loadOMHAConfig(190)) - Configuration either no ozone.om.address set. Falling back to the default OM address /127.0.0.1:0
2019-11-19 04:27:41,962 [main] INFO  ha.OMHANodeDetails (OMHANodeDetails.java:getOMNodeDetails(220)) - OM Service ID is not set. Setting it to the default ID: omServiceIdDefault
2019-11-19 04:27:41,964 [main] WARN  server.ServerUtils (ServerUtils.java:getDBPath(222)) - ozone.om.db.dirs is not configured. We recommend adding this setting. Falling back to ozone.metadata.dirs instead.
2019-11-19 04:27:41,965 [main] WARN  server.ServerUtils (ServerUtils.java:getDBPath(222)) - ozone.om.db.dirs is not configured. We recommend adding this setting. Falling back to ozone.metadata.dirs instead.
2019-11-19 04:27:42,546 [main] WARN  server.ServerUtils (ServerUtils.java:getDBPath(222)) - ozone.om.db.dirs is not configured. We recommend adding this setting. Falling back to ozone.metadata.dirs instead.
2019-11-19 04:27:42,553 [main] INFO  db.DBStoreBuilder (DBStoreBuilder.java:addTable(127)) - using custom profile for table: userTable
2019-11-19 04:27:42,553 [main] INFO  db.DBStoreBuilder (DBStoreBuilder.java:processTables(183)) - Using default column profile:DBProfile.DISK for Table:userTable
2019-11-19 04:27:42,553 [main] INFO  db.DBStoreBuilder (DBStoreBuilder.java:addTable(127)) - using custom profile for table: volumeTable
2019-11-19 04:27:42,553 [main] INFO  db.DBStoreBuilder (DBStoreBuilder.java:processTables(183)) - Using default column profile:DBProfile.DISK for Table:volumeTable
2019-11-19 04:27:42,554 [main] INFO  db.DBStoreBuilder (DBStoreBuilder.java:addTable(127)) - using custom profile for table: bucketTable
2019-11-19 04:27:42,554 [main] INFO  db.DBStoreBuilder (DBStoreBuilder.java:processTables(183)) - Using default column profile:DBProfile.DISK for Table:bucketTable
2019-11-19 04:27:42,555 [main] INFO  db.DBStoreBuilder (DBStoreBuilder.java:addTable(127)) - using custom profile for table: keyTable
2019-11-19 04:27:42,555 [main] INFO  db.DBStoreBuilder (DBStoreBuilder.java:processTables(183)) - Using default column profile:DBProfile.DISK for Table:keyTable
2019-11-19 04:27:42,556 [main] INFO  db.DBStoreBuilder (DBStoreBuilder.java:addTable(127)) - using custom profile for table: deletedTable
2019-11-19 04:27:42,556 [main] INFO  db.DBStoreBuilder (DBStoreBuilder.java:processTables(183)) - Using default column profile:DBProfile.DISK for Table:deletedTable
2019-11-19 04:27:42,556 [main] INFO  db.DBStoreBuilder (DBStoreBuilder.java:addTable(127)) - using custom profile for table: openKeyTable
2019-11-19 04:27:42,557 [main] INFO  db.DBStoreBuilder (DBStoreBuilder.java:processTables(183)) - Using default column profile:DBProfile.DISK for Table:openKeyTable
2019-11-19 04:27:42,557 [main] INFO  db.DBStoreBuilder (DBStoreBuilder.java:addTable(127)) - using custom profile for table: s3Table
2019-11-19 04:27:42,557 [main] INFO  db.DBStoreBuilder (DBStoreBuilder.java:processTables(183)) - Using default column profile:DBProfile.DISK for Table:s3Table
2019-11-19 04:27:42,558 [main] INFO  db.DBStoreBuilder (DBStoreBuilder.java:addTable(127)) - using custom profile for table: multipartInfoTable
2019-11-19 04:27:42,558 [main] INFO  db.DBStoreBuilder (DBStoreBuilder.java:processTables(183)) - Using default column profile:DBProfile.DISK for Table:multipartInfoTable
2019-11-19 04:27:42,559 [main] INFO  db.DBStoreBuilder (DBStoreBuilder.java:addTable(127)) - using custom profile for table: dTokenTable
2019-11-19 04:27:42,559 [main] INFO  db.DBStoreBuilder (DBStoreBuilder.java:processTables(183)) - Using default column profile:DBProfile.DISK for Table:dTokenTable
2019-11-19 04:27:42,559 [main] INFO  db.DBStoreBuilder (DBStoreBuilder.java:addTable(127)) - using custom profile for table: s3SecretTable
2019-11-19 04:27:42,560 [main] INFO  db.DBStoreBuilder (DBStoreBuilder.java:processTables(183)) - Using default column profile:DBProfile.DISK for Table:s3SecretTable
2019-11-19 04:27:42,560 [main] INFO  db.DBStoreBuilder (DBStoreBuilder.java:addTable(127)) - using custom profile for table: prefixTable
2019-11-19 04:27:42,560 [main] INFO  db.DBStoreBuilder (DBStoreBuilder.java:processTables(183)) - Using default column profile:DBProfile.DISK for Table:prefixTable
2019-11-19 04:27:42,561 [main] INFO  db.DBStoreBuilder (DBStoreBuilder.java:addTable(127)) - using custom profile for table: default
2019-11-19 04:27:42,561 [main] INFO  db.DBStoreBuilder (DBStoreBuilder.java:processTables(189)) - Using default column profile:DBProfile.DISK for Table:default
2019-11-19 04:27:42,561 [main] INFO  db.DBStoreBuilder (DBStoreBuilder.java:getDbProfile(220)) - Using default options. DBProfile.DISK
2019-11-19 04:27:43,183 [main] INFO  ipc.CallQueueManager (CallQueueManager.java:<init>(84)) - Using callQueue: class java.util.concurrent.LinkedBlockingQueue, queueCapacity: 2000, scheduler: class org.apache.hadoop.ipc.DefaultRpcScheduler, ipcBackoff: false.
2019-11-19 04:27:43,185 [Socket Reader #1 for port 41559] INFO  ipc.Server (Server.java:run(1074)) - Starting Socket Reader #1 for port 41559
2019-11-19 04:27:43,220 [main] INFO  om.OzoneManager (OzoneManager.java:start(1077)) - OzoneManager RPC server is listening at localhost/127.0.0.1:41559
2019-11-19 04:27:43,221 [main] INFO  impl.MetricsSystemImpl (MetricsSystemImpl.java:init(158)) - OzoneManager metrics system started (again)
2019-11-19 04:27:43,232 [IPC Server Responder] INFO  ipc.Server (Server.java:run(1314)) - IPC Server Responder: starting
2019-11-19 04:27:43,232 [IPC Server listener on 41559] INFO  ipc.Server (Server.java:run(1153)) - IPC Server listener on 41559: starting
2019-11-19 04:27:43,240 [main] INFO  hdfs.DFSUtil (DFSUtil.java:httpServerTemplateForNNAndJN(1641)) - Starting Web-server for ozoneManager at: http://0.0.0.0:0
2019-11-19 04:27:43,243 [main] INFO  server.AuthenticationFilter (AuthenticationFilter.java:constructSecretProvider(240)) - Unable to initialize FileSignerSecretProvider, falling back to use random secrets.
2019-11-19 04:27:43,244 [main] WARN  http.HttpRequestLog (HttpRequestLog.java:getRequestLog(97)) - Jetty request log can only be enabled using Log4j
2019-11-19 04:27:43,247 [main] INFO  http.HttpServer2 (HttpServer2.java:addGlobalFilter(975)) - Added global filter 'safety' (class=org.apache.hadoop.http.HttpServer2$QuotingInputFilter)
2019-11-19 04:27:43,249 [main] INFO  http.HttpServer2 (HttpServer2.java:addFilter(948)) - Added filter static_user_filter (class=org.apache.hadoop.http.lib.StaticUserWebFilter$StaticUserFilter) to context ozoneManager
2019-11-19 04:27:43,249 [main] INFO  http.HttpServer2 (HttpServer2.java:addFilter(958)) - Added filter static_user_filter (class=org.apache.hadoop.http.lib.StaticUserWebFilter$StaticUserFilter) to context static
2019-11-19 04:27:43,249 [main] INFO  http.HttpServer2 (HttpServer2.java:addFilter(958)) - Added filter static_user_filter (class=org.apache.hadoop.http.lib.StaticUserWebFilter$StaticUserFilter) to context logs
2019-11-19 04:27:43,252 [main] INFO  http.HttpServer2 (HttpServer2.java:bindListener(1191)) - Jetty bound to port 44141
2019-11-19 04:27:43,253 [main] INFO  server.Server (Server.java:doStart(351)) - jetty-9.3.25.v20180904, build timestamp: 2018-09-04T21:11:46Z, git hash: 3ce520221d0240229c862b122d2b06c12a625732
2019-11-19 04:27:43,256 [main] INFO  handler.ContextHandler (ContextHandler.java:doStart(781)) - Started o.e.j.s.ServletContextHandler@7e46d648{/logs,file:///workdir/hadoop-ozone/tools/target/log,AVAILABLE}
2019-11-19 04:27:43,257 [main] INFO  handler.ContextHandler (ContextHandler.java:doStart(781)) - Started o.e.j.s.ServletContextHandler@2b0b4d53{/static,jar:file:/home/user/.m2/repository/org/apache/hadoop/hadoop-ozone-ozone-manager/0.5.0-SNAPSHOT/hadoop-ozone-ozone-manager-0.5.0-SNAPSHOT.jar!/webapps/static,AVAILABLE}
2019-11-19 04:27:43,323 [main] INFO  handler.ContextHandler (ContextHandler.java:doStart(781)) - Started o.e.j.w.WebAppContext@4bee18dc{/,file:///tmp/jetty-0.0.0.0-44141-ozoneManager-_-any-8015129275779846327.dir/webapp/,AVAILABLE}{/ozoneManager}
2019-11-19 04:27:43,324 [main] INFO  server.AbstractConnector (AbstractConnector.java:doStart(278)) - Started ServerConnector@44f3fe83{HTTP/1.1,[http/1.1]}{0.0.0.0:44141}
2019-11-19 04:27:43,324 [main] INFO  server.Server (Server.java:doStart(419)) - Started @4578ms
2019-11-19 04:27:43,325 [main] WARN  impl.MetricsSystemImpl (MetricsSystemImpl.java:register(276)) - Sink prometheus already exists!
2019-11-19 04:27:43,326 [main] INFO  server.BaseHttpServer (BaseHttpServer.java:updateConnectorAddress(215)) - HTTP server of OZONEMANAGER is listening at http://0.0.0.0:44141
2019-11-19 04:27:43,595 [main] INFO  impl.MetricsSystemImpl (MetricsSystemImpl.java:init(158)) - HddsDatanode metrics system started (again)
2019-11-19 04:27:43,646 [main] INFO  ozone.HddsDatanodeService (HddsDatanodeService.java:start(186)) - HddsDatanodeService host:pr-hdds-2527-xk9kf-705888348 ip:192.168.34.38
2019-11-19 04:27:43,689 [main] INFO  volume.HddsVolume (HddsVolume.java:<init>(176)) - Creating Volume: /workdir/hadoop-ozone/tools/target/test-dir/MiniOzoneClusterImpl-c4d67550-36c6-4904-99d4-5ad2f7b3e335/datanode-0/data/containers/hdds of  storage type : DISK and capacity : 1482555576320
2019-11-19 04:27:43,691 [main] INFO  volume.VolumeSet (VolumeSet.java:initializeVolumeSet(170)) - Added Volume : /workdir/hadoop-ozone/tools/target/test-dir/MiniOzoneClusterImpl-c4d67550-36c6-4904-99d4-5ad2f7b3e335/datanode-0/data/containers/hdds to VolumeSet
2019-11-19 04:27:43,695 [main] INFO  volume.ThrottledAsyncChecker (ThrottledAsyncChecker.java:schedule(141)) - Scheduling a check for /workdir/hadoop-ozone/tools/target/test-dir/MiniOzoneClusterImpl-c4d67550-36c6-4904-99d4-5ad2f7b3e335/datanode-0/data/containers/hdds
2019-11-19 04:27:43,723 [main] INFO  volume.HddsVolumeChecker (HddsVolumeChecker.java:checkAllVolumes(204)) - Scheduled health check for volume /workdir/hadoop-ozone/tools/target/test-dir/MiniOzoneClusterImpl-c4d67550-36c6-4904-99d4-5ad2f7b3e335/datanode-0/data/containers/hdds
2019-11-19 04:27:43,839 [main] INFO  impl.RaftServerProxy (ConfUtils.java:logGet(43)) - raft.rpc.type = GRPC (default)
2019-11-19 04:27:43,906 [main] INFO  grpc.GrpcFactory (GrpcFactory.java:checkPooledByteBufAllocatorUseCacheForAllThreads(45)) - PERFORMANCE WARNING: useCacheForAllThreads is true that may cause Netty to create a lot garbage objects and, as a result, trigger GC.
	It is recommended to disable useCacheForAllThreads by setting -Dorg.apache.ratis.thirdparty.io.netty.allocator.useCacheForAllThreads=false in command line.
2019-11-19 04:27:43,911 [main] INFO  grpc.GrpcConfigKeys$Server (ConfUtils.java:logGet(43)) - raft.grpc.server.port = 0 (default)
2019-11-19 04:27:43,913 [main] INFO  server.GrpcService (ConfUtils.java:logGet(43)) - raft.grpc.message.size.max = 33570816 (custom)
2019-11-19 04:27:43,914 [main] INFO  server.RaftServerConfigKeys (ConfUtils.java:logGet(43)) - raft.server.log.appender.buffer.byte-limit = 33554432 (custom)
2019-11-19 04:27:43,915 [main] INFO  server.GrpcService (ConfUtils.java:logGet(43)) - raft.grpc.flow.control.window = 1MB (=1048576) (default)
2019-11-19 04:27:43,916 [main] INFO  server.RaftServerConfigKeys (ConfUtils.java:logGet(43)) - raft.server.rpc.request.timeout = 3000ms (default)
2019-11-19 04:27:44,093 [main] INFO  server.RaftServerConfigKeys (ConfUtils.java:logGet(43)) - raft.server.storage.dir = [/workdir/hadoop-ozone/tools/target/test-dir/MiniOzoneClusterImpl-c4d67550-36c6-4904-99d4-5ad2f7b3e335/datanode-0/data/ratis] (custom)
2019-11-19 04:27:44,163 [main] INFO  hdfs.DFSUtil (DFSUtil.java:httpServerTemplateForNNAndJN(1641)) - Starting Web-server for hddsDatanode at: http://0.0.0.0:0
2019-11-19 04:27:44,165 [main] INFO  server.AuthenticationFilter (AuthenticationFilter.java:constructSecretProvider(240)) - Unable to initialize FileSignerSecretProvider, falling back to use random secrets.
2019-11-19 04:27:44,166 [main] WARN  http.HttpRequestLog (HttpRequestLog.java:getRequestLog(97)) - Jetty request log can only be enabled using Log4j
2019-11-19 04:27:44,169 [main] INFO  http.HttpServer2 (HttpServer2.java:addGlobalFilter(975)) - Added global filter 'safety' (class=org.apache.hadoop.http.HttpServer2$QuotingInputFilter)
2019-11-19 04:27:44,170 [main] INFO  http.HttpServer2 (HttpServer2.java:addFilter(948)) - Added filter static_user_filter (class=org.apache.hadoop.http.lib.StaticUserWebFilter$StaticUserFilter) to context hddsDatanode
2019-11-19 04:27:44,171 [main] INFO  http.HttpServer2 (HttpServer2.java:addFilter(958)) - Added filter static_user_filter (class=org.apache.hadoop.http.lib.StaticUserWebFilter$StaticUserFilter) to context logs
2019-11-19 04:27:44,171 [main] INFO  http.HttpServer2 (HttpServer2.java:addFilter(958)) - Added filter static_user_filter (class=org.apache.hadoop.http.lib.StaticUserWebFilter$StaticUserFilter) to context static
2019-11-19 04:27:44,172 [main] INFO  http.HttpServer2 (HttpServer2.java:bindListener(1191)) - Jetty bound to port 40636
2019-11-19 04:27:44,173 [main] INFO  server.Server (Server.java:doStart(351)) - jetty-9.3.25.v20180904, build timestamp: 2018-09-04T21:11:46Z, git hash: 3ce520221d0240229c862b122d2b06c12a625732
2019-11-19 04:27:44,176 [main] INFO  handler.ContextHandler (ContextHandler.java:doStart(781)) - Started o.e.j.s.ServletContextHandler@f951a7f{/logs,file:///workdir/hadoop-ozone/tools/target/log,AVAILABLE}
2019-11-19 04:27:44,177 [main] INFO  handler.ContextHandler (ContextHandler.java:doStart(781)) - Started o.e.j.s.ServletContextHandler@4c777e7b{/static,jar:file:/home/user/.m2/repository/org/apache/hadoop/hadoop-hdds-container-service/0.5.0-SNAPSHOT/hadoop-hdds-container-service-0.5.0-SNAPSHOT.jar!/webapps/static,AVAILABLE}
2019-11-19 04:27:44,215 [main] INFO  handler.ContextHandler (ContextHandler.java:doStart(781)) - Started o.e.j.w.WebAppContext@b606cb6{/,file:///tmp/jetty-0.0.0.0-40636-hddsDatanode-_-any-4859201130162253381.dir/webapp/,AVAILABLE}{/hddsDatanode}
2019-11-19 04:27:44,217 [main] INFO  server.AbstractConnector (AbstractConnector.java:doStart(278)) - Started ServerConnector@2a3194c6{HTTP/1.1,[http/1.1]}{0.0.0.0:40636}
2019-11-19 04:27:44,217 [main] INFO  server.Server (Server.java:doStart(419)) - Started @5470ms
2019-11-19 04:27:44,217 [main] WARN  impl.MetricsSystemImpl (MetricsSystemImpl.java:register(276)) - Sink prometheus already exists!
2019-11-19 04:27:44,219 [main] INFO  server.BaseHttpServer (BaseHttpServer.java:updateConnectorAddress(215)) - HTTP server of HDDSDATANODE is listening at http://0.0.0.0:40636
2019-11-19 04:27:44,220 [main] INFO  impl.MetricsSystemImpl (MetricsSystemImpl.java:init(158)) - HddsDatanode metrics system started (again)
2019-11-19 04:27:44,223 [main] INFO  ozone.HddsDatanodeService (HddsDatanodeService.java:start(186)) - HddsDatanodeService host:pr-hdds-2527-xk9kf-705888348 ip:192.168.34.38
2019-11-19 04:27:44,227 [org.apache.hadoop.util.JvmPauseMonitor$Monitor@1ce20f62] INFO  util.JvmPauseMonitor (JvmPauseMonitor.java:run(188)) - Starting JVM pause monitor
2019-11-19 04:27:44,233 [main] INFO  volume.HddsVolume (HddsVolume.java:<init>(176)) - Creating Volume: /workdir/hadoop-ozone/tools/target/test-dir/MiniOzoneClusterImpl-c4d67550-36c6-4904-99d4-5ad2f7b3e335/datanode-1/data/containers/hdds of  storage type : DISK and capacity : 1482555576320
2019-11-19 04:27:44,233 [main] INFO  volume.VolumeSet (VolumeSet.java:initializeVolumeSet(170)) - Added Volume : /workdir/hadoop-ozone/tools/target/test-dir/MiniOzoneClusterImpl-c4d67550-36c6-4904-99d4-5ad2f7b3e335/datanode-1/data/containers/hdds to VolumeSet
2019-11-19 04:27:44,234 [main] INFO  volume.ThrottledAsyncChecker (ThrottledAsyncChecker.java:schedule(141)) - Scheduling a check for /workdir/hadoop-ozone/tools/target/test-dir/MiniOzoneClusterImpl-c4d67550-36c6-4904-99d4-5ad2f7b3e335/datanode-1/data/containers/hdds
2019-11-19 04:27:44,235 [main] INFO  volume.HddsVolumeChecker (HddsVolumeChecker.java:checkAllVolumes(204)) - Scheduled health check for volume /workdir/hadoop-ozone/tools/target/test-dir/MiniOzoneClusterImpl-c4d67550-36c6-4904-99d4-5ad2f7b3e335/datanode-1/data/containers/hdds
2019-11-19 04:27:44,251 [main] INFO  impl.RaftServerProxy (ConfUtils.java:logGet(43)) - raft.rpc.type = GRPC (default)
2019-11-19 04:27:44,251 [main] INFO  grpc.GrpcFactory (GrpcFactory.java:checkPooledByteBufAllocatorUseCacheForAllThreads(45)) - PERFORMANCE WARNING: useCacheForAllThreads is true that may cause Netty to create a lot garbage objects and, as a result, trigger GC.
	It is recommended to disable useCacheForAllThreads by setting -Dorg.apache.ratis.thirdparty.io.netty.allocator.useCacheForAllThreads=false in command line.
2019-11-19 04:27:44,252 [main] INFO  grpc.GrpcConfigKeys$Server (ConfUtils.java:logGet(43)) - raft.grpc.server.port = 0 (default)
2019-11-19 04:27:44,252 [main] INFO  server.GrpcService (ConfUtils.java:logGet(43)) - raft.grpc.message.size.max = 33570816 (custom)
2019-11-19 04:27:44,252 [main] INFO  server.RaftServerConfigKeys (ConfUtils.java:logGet(43)) - raft.server.log.appender.buffer.byte-limit = 33554432 (custom)
2019-11-19 04:27:44,252 [main] INFO  server.GrpcService (ConfUtils.java:logGet(43)) - raft.grpc.flow.control.window = 1MB (=1048576) (default)
2019-11-19 04:27:44,253 [main] INFO  server.RaftServerConfigKeys (ConfUtils.java:logGet(43)) - raft.server.rpc.request.timeout = 3000ms (default)
2019-11-19 04:27:44,253 [main] INFO  server.RaftServerConfigKeys (ConfUtils.java:logGet(43)) - raft.server.storage.dir = [/workdir/hadoop-ozone/tools/target/test-dir/MiniOzoneClusterImpl-c4d67550-36c6-4904-99d4-5ad2f7b3e335/datanode-1/data/ratis] (custom)
2019-11-19 04:27:44,256 [main] INFO  hdfs.DFSUtil (DFSUtil.java:httpServerTemplateForNNAndJN(1641)) - Starting Web-server for hddsDatanode at: http://0.0.0.0:0
2019-11-19 04:27:44,257 [main] INFO  server.AuthenticationFilter (AuthenticationFilter.java:constructSecretProvider(240)) - Unable to initialize FileSignerSecretProvider, falling back to use random secrets.
2019-11-19 04:27:44,258 [main] WARN  http.HttpRequestLog (HttpRequestLog.java:getRequestLog(97)) - Jetty request log can only be enabled using Log4j
2019-11-19 04:27:44,259 [main] INFO  http.HttpServer2 (HttpServer2.java:addGlobalFilter(975)) - Added global filter 'safety' (class=org.apache.hadoop.http.HttpServer2$QuotingInputFilter)
2019-11-19 04:27:44,260 [main] INFO  http.HttpServer2 (HttpServer2.java:addFilter(948)) - Added filter static_user_filter (class=org.apache.hadoop.http.lib.StaticUserWebFilter$StaticUserFilter) to context hddsDatanode
2019-11-19 04:27:44,260 [main] INFO  http.HttpServer2 (HttpServer2.java:addFilter(958)) - Added filter static_user_filter (class=org.apache.hadoop.http.lib.StaticUserWebFilter$StaticUserFilter) to context logs
2019-11-19 04:27:44,260 [main] INFO  http.HttpServer2 (HttpServer2.java:addFilter(958)) - Added filter static_user_filter (class=org.apache.hadoop.http.lib.StaticUserWebFilter$StaticUserFilter) to context static
2019-11-19 04:27:44,261 [main] INFO  http.HttpServer2 (HttpServer2.java:bindListener(1191)) - Jetty bound to port 38160
2019-11-19 04:27:44,261 [main] INFO  server.Server (Server.java:doStart(351)) - jetty-9.3.25.v20180904, build timestamp: 2018-09-04T21:11:46Z, git hash: 3ce520221d0240229c862b122d2b06c12a625732
2019-11-19 04:27:44,266 [main] INFO  handler.ContextHandler (ContextHandler.java:doStart(781)) - Started o.e.j.s.ServletContextHandler@48528634{/logs,file:///workdir/hadoop-ozone/tools/target/log,AVAILABLE}
2019-11-19 04:27:44,266 [main] INFO  handler.ContextHandler (ContextHandler.java:doStart(781)) - Started o.e.j.s.ServletContextHandler@4047d2d9{/static,jar:file:/home/user/.m2/repository/org/apache/hadoop/hadoop-hdds-container-service/0.5.0-SNAPSHOT/hadoop-hdds-container-service-0.5.0-SNAPSHOT.jar!/webapps/static,AVAILABLE}
2019-11-19 04:27:44,313 [main] INFO  handler.ContextHandler (ContextHandler.java:doStart(781)) - Started o.e.j.w.WebAppContext@2127e66e{/,file:///tmp/jetty-0.0.0.0-38160-hddsDatanode-_-any-5203384695743499567.dir/webapp/,AVAILABLE}{/hddsDatanode}
2019-11-19 04:27:44,314 [main] INFO  server.AbstractConnector (AbstractConnector.java:doStart(278)) - Started ServerConnector@1229a2b7{HTTP/1.1,[http/1.1]}{0.0.0.0:38160}
2019-11-19 04:27:44,314 [main] INFO  server.Server (Server.java:doStart(419)) - Started @5568ms
2019-11-19 04:27:44,316 [main] WARN  impl.MetricsSystemImpl (MetricsSystemImpl.java:register(276)) - Sink prometheus already exists!
2019-11-19 04:27:44,317 [main] INFO  server.BaseHttpServer (BaseHttpServer.java:updateConnectorAddress(215)) - HTTP server of HDDSDATANODE is listening at http://0.0.0.0:38160
2019-11-19 04:27:44,317 [main] INFO  impl.MetricsSystemImpl (MetricsSystemImpl.java:init(158)) - HddsDatanode metrics system started (again)
2019-11-19 04:27:44,320 [main] INFO  ozone.HddsDatanodeService (HddsDatanodeService.java:start(186)) - HddsDatanodeService host:pr-hdds-2527-xk9kf-705888348 ip:192.168.34.38
2019-11-19 04:27:44,320 [org.apache.hadoop.util.JvmPauseMonitor$Monitor@256ebf0b] INFO  util.JvmPauseMonitor (JvmPauseMonitor.java:run(188)) - Starting JVM pause monitor
2019-11-19 04:27:44,329 [main] INFO  volume.HddsVolume (HddsVolume.java:<init>(176)) - Creating Volume: /workdir/hadoop-ozone/tools/target/test-dir/MiniOzoneClusterImpl-c4d67550-36c6-4904-99d4-5ad2f7b3e335/datanode-2/data/containers/hdds of  storage type : DISK and capacity : 1482555576320
2019-11-19 04:27:44,329 [main] INFO  volume.VolumeSet (VolumeSet.java:initializeVolumeSet(170)) - Added Volume : /workdir/hadoop-ozone/tools/target/test-dir/MiniOzoneClusterImpl-c4d67550-36c6-4904-99d4-5ad2f7b3e335/datanode-2/data/containers/hdds to VolumeSet
2019-11-19 04:27:44,329 [main] INFO  volume.ThrottledAsyncChecker (ThrottledAsyncChecker.java:schedule(141)) - Scheduling a check for /workdir/hadoop-ozone/tools/target/test-dir/MiniOzoneClusterImpl-c4d67550-36c6-4904-99d4-5ad2f7b3e335/datanode-2/data/containers/hdds
2019-11-19 04:27:44,330 [main] INFO  volume.HddsVolumeChecker (HddsVolumeChecker.java:checkAllVolumes(204)) - Scheduled health check for volume /workdir/hadoop-ozone/tools/target/test-dir/MiniOzoneClusterImpl-c4d67550-36c6-4904-99d4-5ad2f7b3e335/datanode-2/data/containers/hdds
2019-11-19 04:27:44,332 [Datanode State Machine Thread - 0] INFO  datanode.InitDatanodeState (InitDatanodeState.java:persistContainerDatanodeDetails(140)) - DatanodeDetails is persisted to /workdir/hadoop-ozone/tools/target/test-dir/MiniOzoneClusterImpl-c4d67550-36c6-4904-99d4-5ad2f7b3e335/datanode-0/meta/datanode.id
2019-11-19 04:27:44,336 [Datanode State Machine Thread - 0] INFO  datanode.InitDatanodeState (InitDatanodeState.java:persistContainerDatanodeDetails(140)) - DatanodeDetails is persisted to /workdir/hadoop-ozone/tools/target/test-dir/MiniOzoneClusterImpl-c4d67550-36c6-4904-99d4-5ad2f7b3e335/datanode-1/meta/datanode.id
2019-11-19 04:27:44,345 [main] INFO  impl.RaftServerProxy (ConfUtils.java:logGet(43)) - raft.rpc.type = GRPC (default)
2019-11-19 04:27:44,346 [main] INFO  grpc.GrpcFactory (GrpcFactory.java:checkPooledByteBufAllocatorUseCacheForAllThreads(45)) - PERFORMANCE WARNING: useCacheForAllThreads is true that may cause Netty to create a lot garbage objects and, as a result, trigger GC.
	It is recommended to disable useCacheForAllThreads by setting -Dorg.apache.ratis.thirdparty.io.netty.allocator.useCacheForAllThreads=false in command line.
2019-11-19 04:27:44,346 [main] INFO  grpc.GrpcConfigKeys$Server (ConfUtils.java:logGet(43)) - raft.grpc.server.port = 0 (default)
2019-11-19 04:27:44,346 [main] INFO  server.GrpcService (ConfUtils.java:logGet(43)) - raft.grpc.message.size.max = 33570816 (custom)
2019-11-19 04:27:44,346 [main] INFO  server.RaftServerConfigKeys (ConfUtils.java:logGet(43)) - raft.server.log.appender.buffer.byte-limit = 33554432 (custom)
2019-11-19 04:27:44,346 [main] INFO  server.GrpcService (ConfUtils.java:logGet(43)) - raft.grpc.flow.control.window = 1MB (=1048576) (default)
2019-11-19 04:27:44,347 [main] INFO  server.RaftServerConfigKeys (ConfUtils.java:logGet(43)) - raft.server.rpc.request.timeout = 3000ms (default)
2019-11-19 04:27:44,347 [main] INFO  server.RaftServerConfigKeys (ConfUtils.java:logGet(43)) - raft.server.storage.dir = [/workdir/hadoop-ozone/tools/target/test-dir/MiniOzoneClusterImpl-c4d67550-36c6-4904-99d4-5ad2f7b3e335/datanode-2/data/ratis] (custom)
2019-11-19 04:27:44,349 [main] INFO  hdfs.DFSUtil (DFSUtil.java:httpServerTemplateForNNAndJN(1641)) - Starting Web-server for hddsDatanode at: http://0.0.0.0:0
2019-11-19 04:27:44,351 [main] INFO  server.AuthenticationFilter (AuthenticationFilter.java:constructSecretProvider(240)) - Unable to initialize FileSignerSecretProvider, falling back to use random secrets.
2019-11-19 04:27:44,351 [main] WARN  http.HttpRequestLog (HttpRequestLog.java:getRequestLog(97)) - Jetty request log can only be enabled using Log4j
2019-11-19 04:27:44,353 [main] INFO  http.HttpServer2 (HttpServer2.java:addGlobalFilter(975)) - Added global filter 'safety' (class=org.apache.hadoop.http.HttpServer2$QuotingInputFilter)
2019-11-19 04:27:44,354 [main] INFO  http.HttpServer2 (HttpServer2.java:addFilter(948)) - Added filter static_user_filter (class=org.apache.hadoop.http.lib.StaticUserWebFilter$StaticUserFilter) to context hddsDatanode
2019-11-19 04:27:44,354 [main] INFO  http.HttpServer2 (HttpServer2.java:addFilter(958)) - Added filter static_user_filter (class=org.apache.hadoop.http.lib.StaticUserWebFilter$StaticUserFilter) to context logs
2019-11-19 04:27:44,354 [main] INFO  http.HttpServer2 (HttpServer2.java:addFilter(958)) - Added filter static_user_filter (class=org.apache.hadoop.http.lib.StaticUserWebFilter$StaticUserFilter) to context static
2019-11-19 04:27:44,355 [main] INFO  http.HttpServer2 (HttpServer2.java:bindListener(1191)) - Jetty bound to port 36460
2019-11-19 04:27:44,355 [main] INFO  server.Server (Server.java:doStart(351)) - jetty-9.3.25.v20180904, build timestamp: 2018-09-04T21:11:46Z, git hash: 3ce520221d0240229c862b122d2b06c12a625732
2019-11-19 04:27:44,357 [main] INFO  handler.ContextHandler (ContextHandler.java:doStart(781)) - Started o.e.j.s.ServletContextHandler@2849434b{/logs,file:///workdir/hadoop-ozone/tools/target/log,AVAILABLE}
2019-11-19 04:27:44,357 [main] INFO  handler.ContextHandler (ContextHandler.java:doStart(781)) - Started o.e.j.s.ServletContextHandler@65b97f47{/static,jar:file:/home/user/.m2/repository/org/apache/hadoop/hadoop-hdds-container-service/0.5.0-SNAPSHOT/hadoop-hdds-container-service-0.5.0-SNAPSHOT.jar!/webapps/static,AVAILABLE}
2019-11-19 04:27:44,389 [main] INFO  handler.ContextHandler (ContextHandler.java:doStart(781)) - Started o.e.j.w.WebAppContext@5bc28f40{/,file:///tmp/jetty-0.0.0.0-36460-hddsDatanode-_-any-4342663186726777942.dir/webapp/,AVAILABLE}{/hddsDatanode}
2019-11-19 04:27:44,390 [main] INFO  server.AbstractConnector (AbstractConnector.java:doStart(278)) - Started ServerConnector@46963479{HTTP/1.1,[http/1.1]}{0.0.0.0:36460}
2019-11-19 04:27:44,390 [main] INFO  server.Server (Server.java:doStart(419)) - Started @5644ms
2019-11-19 04:27:44,390 [main] WARN  impl.MetricsSystemImpl (MetricsSystemImpl.java:register(276)) - Sink prometheus already exists!
2019-11-19 04:27:44,392 [main] INFO  server.BaseHttpServer (BaseHttpServer.java:updateConnectorAddress(215)) - HTTP server of HDDSDATANODE is listening at http://0.0.0.0:36460
2019-11-19 04:27:44,393 [main] INFO  ozone.MiniOzoneClusterImpl (MiniOzoneClusterImpl.java:lambda$waitForClusterToBeReady$0(150)) - Waiting for nodes to be ready. Got 0 of 3 DN Heartbeats.
2019-11-19 04:27:44,394 [main] INFO  ozone.MiniOzoneClusterImpl (MiniOzoneClusterImpl.java:lambda$waitForClusterToBeReady$0(153)) - Waiting for cluster to exit safe mode
2019-11-19 04:27:44,395 [org.apache.hadoop.util.JvmPauseMonitor$Monitor@3cf4d30d] INFO  util.JvmPauseMonitor (JvmPauseMonitor.java:run(188)) - Starting JVM pause monitor
2019-11-19 04:27:44,398 [Datanode State Machine Thread - 0] INFO  datanode.InitDatanodeState (InitDatanodeState.java:persistContainerDatanodeDetails(140)) - DatanodeDetails is persisted to /workdir/hadoop-ozone/tools/target/test-dir/MiniOzoneClusterImpl-c4d67550-36c6-4904-99d4-5ad2f7b3e335/datanode-2/meta/datanode.id
2019-11-19 04:27:45,394 [main] INFO  ozone.MiniOzoneClusterImpl (MiniOzoneClusterImpl.java:lambda$waitForClusterToBeReady$0(150)) - Waiting for nodes to be ready. Got 0 of 3 DN Heartbeats.
2019-11-19 04:27:45,394 [main] INFO  ozone.MiniOzoneClusterImpl (MiniOzoneClusterImpl.java:lambda$waitForClusterToBeReady$0(153)) - Waiting for cluster to exit safe mode
2019-11-19 04:27:46,310 [Datanode State Machine Thread - 0] INFO  ozoneimpl.OzoneContainer (OzoneContainer.java:start(230)) - Attempting to start container services.
2019-11-19 04:27:46,313 [Datanode State Machine Thread - 0] INFO  ozoneimpl.OzoneContainer (OzoneContainer.java:startContainerScrub(194)) - Background container scanner has been disabled.
2019-11-19 04:27:46,313 [Datanode State Machine Thread - 0] INFO  ratis.XceiverServerRatis (XceiverServerRatis.java:start(422)) - Starting XceiverServerRatis 8b42f16a-046f-47a1-90c1-eee5a7047d02 at port 0
2019-11-19 04:27:46,336 [Datanode State Machine Thread - 0] INFO  ozoneimpl.OzoneContainer (OzoneContainer.java:start(230)) - Attempting to start container services.
2019-11-19 04:27:46,343 [Datanode State Machine Thread - 0] INFO  ozoneimpl.OzoneContainer (OzoneContainer.java:startContainerScrub(194)) - Background container scanner has been disabled.
2019-11-19 04:27:46,343 [Datanode State Machine Thread - 0] INFO  ratis.XceiverServerRatis (XceiverServerRatis.java:start(422)) - Starting XceiverServerRatis 6eac795c-b416-4929-8077-81de2c3ee3a9 at port 0
2019-11-19 04:27:46,344 [Datanode State Machine Thread - 0] INFO  impl.RaftServerProxy (RaftServerProxy.java:lambda$start$3(299)) - 8b42f16a-046f-47a1-90c1-eee5a7047d02: start RPC server
2019-11-19 04:27:46,354 [Datanode State Machine Thread - 0] INFO  impl.RaftServerProxy (RaftServerProxy.java:lambda$start$3(299)) - 6eac795c-b416-4929-8077-81de2c3ee3a9: start RPC server
2019-11-19 04:27:46,395 [main] INFO  ozone.MiniOzoneClusterImpl (MiniOzoneClusterImpl.java:lambda$waitForClusterToBeReady$0(150)) - Waiting for nodes to be ready. Got 0 of 3 DN Heartbeats.
2019-11-19 04:27:46,395 [main] INFO  ozone.MiniOzoneClusterImpl (MiniOzoneClusterImpl.java:lambda$waitForClusterToBeReady$0(153)) - Waiting for cluster to exit safe mode
2019-11-19 04:27:46,411 [Datanode State Machine Thread - 0] INFO  ozoneimpl.OzoneContainer (OzoneContainer.java:start(230)) - Attempting to start container services.
2019-11-19 04:27:46,413 [Datanode State Machine Thread - 0] INFO  ozoneimpl.OzoneContainer (OzoneContainer.java:startContainerScrub(194)) - Background container scanner has been disabled.
2019-11-19 04:27:46,413 [Datanode State Machine Thread - 0] INFO  ratis.XceiverServerRatis (XceiverServerRatis.java:start(422)) - Starting XceiverServerRatis 3f911357-18ff-433f-b789-402dfdb2b54e at port 0
2019-11-19 04:27:46,423 [Datanode State Machine Thread - 0] INFO  impl.RaftServerProxy (RaftServerProxy.java:lambda$start$3(299)) - 3f911357-18ff-433f-b789-402dfdb2b54e: start RPC server
2019-11-19 04:27:46,473 [Datanode State Machine Thread - 0] INFO  server.GrpcService (GrpcService.java:startImpl(158)) - 3f911357-18ff-433f-b789-402dfdb2b54e: GrpcService started, listening on 0.0.0.0/0.0.0.0:38458
2019-11-19 04:27:46,473 [Datanode State Machine Thread - 0] INFO  server.GrpcService (GrpcService.java:startImpl(158)) - 6eac795c-b416-4929-8077-81de2c3ee3a9: GrpcService started, listening on 0.0.0.0/0.0.0.0:39002
2019-11-19 04:27:46,473 [Datanode State Machine Thread - 0] INFO  server.GrpcService (GrpcService.java:startImpl(158)) - 8b42f16a-046f-47a1-90c1-eee5a7047d02: GrpcService started, listening on 0.0.0.0/0.0.0.0:41445
2019-11-19 04:27:46,474 [Datanode State Machine Thread - 0] INFO  ratis.XceiverServerRatis (XceiverServerRatis.java:start(432)) - XceiverServerRatis 6eac795c-b416-4929-8077-81de2c3ee3a9 is started using port 39002
2019-11-19 04:27:46,474 [Datanode State Machine Thread - 0] INFO  ratis.XceiverServerRatis (XceiverServerRatis.java:start(432)) - XceiverServerRatis 3f911357-18ff-433f-b789-402dfdb2b54e is started using port 38458
2019-11-19 04:27:46,474 [Datanode State Machine Thread - 0] INFO  ratis.XceiverServerRatis (XceiverServerRatis.java:start(432)) - XceiverServerRatis 8b42f16a-046f-47a1-90c1-eee5a7047d02 is started using port 41445
2019-11-19 04:27:46,479 [Datanode State Machine Thread - 0] INFO  server.XceiverServerGrpc (XceiverServerGrpc.java:start(145)) - XceiverServerGrpc 3f911357-18ff-433f-b789-402dfdb2b54e is started using port 44187
2019-11-19 04:27:46,479 [Datanode State Machine Thread - 0] INFO  server.XceiverServerGrpc (XceiverServerGrpc.java:start(145)) - XceiverServerGrpc 8b42f16a-046f-47a1-90c1-eee5a7047d02 is started using port 33711
2019-11-19 04:27:46,479 [Datanode State Machine Thread - 0] INFO  server.XceiverServerGrpc (XceiverServerGrpc.java:start(145)) - XceiverServerGrpc 6eac795c-b416-4929-8077-81de2c3ee3a9 is started using port 34226
2019-11-19 04:27:47,396 [main] INFO  ozone.MiniOzoneClusterImpl (MiniOzoneClusterImpl.java:lambda$waitForClusterToBeReady$0(150)) - Waiting for nodes to be ready. Got 0 of 3 DN Heartbeats.
2019-11-19 04:27:47,396 [main] INFO  ozone.MiniOzoneClusterImpl (MiniOzoneClusterImpl.java:lambda$waitForClusterToBeReady$0(153)) - Waiting for cluster to exit safe mode
2019-11-19 04:27:48,265 [IPC Server handler 0 on 36738] INFO  net.NetworkTopology (NetworkTopologyImpl.java:add(111)) - Added a new node: /default-rack/8b42f16a-046f-47a1-90c1-eee5a7047d02
2019-11-19 04:27:48,266 [IPC Server handler 0 on 36738] INFO  node.SCMNodeManager (SCMNodeManager.java:register(267)) - Registered Data node : 8b42f16a-046f-47a1-90c1-eee5a7047d02{ip: 192.168.34.38, host: pr-hdds-2527-xk9kf-705888348, networkLocation: /default-rack, certSerialId: null}
2019-11-19 04:27:48,269 [EventQueue-NodeRegistrationContainerReportForContainerSafeModeRule] INFO  safemode.SCMSafeModeManager (SCMSafeModeManager.java:validateSafeModeExitRules(176)) - ContainerSafeModeRule rule is successfully validated
2019-11-19 04:27:48,269 [EventQueue-NodeRegistrationContainerReportForDataNodeSafeModeRule] INFO  safemode.SCMSafeModeManager (DataNodeSafeModeRule.java:process(71)) - SCM in safe mode. 1 DataNodes registered, 1 required.
2019-11-19 04:27:48,269 [EventQueue-NodeRegistrationContainerReportForDataNodeSafeModeRule] INFO  safemode.SCMSafeModeManager (SCMSafeModeManager.java:validateSafeModeExitRules(176)) - DataNodeSafeModeRule rule is successfully validated
2019-11-19 04:27:48,272 [RatisPipelineUtilsThread] INFO  pipeline.RatisPipelineProvider (RatisPipelineProvider.java:lambda$create$4(163)) - Send pipeline:PipelineID=1ed88420-7c01-43ce-a367-6023a000a2ef create command to datanode 8b42f16a-046f-47a1-90c1-eee5a7047d02
2019-11-19 04:27:48,286 [RatisPipelineUtilsThread] INFO  pipeline.PipelineStateManager (PipelineStateManager.java:addPipeline(55)) - Created pipeline Pipeline[ Id: 1ed88420-7c01-43ce-a367-6023a000a2ef, Nodes: 8b42f16a-046f-47a1-90c1-eee5a7047d02{ip: 192.168.34.38, host: pr-hdds-2527-xk9kf-705888348, networkLocation: /default-rack, certSerialId: null}, Type:RATIS, Factor:ONE, State:ALLOCATED]
2019-11-19 04:27:48,322 [IPC Server handler 1 on 36738] INFO  net.NetworkTopology (NetworkTopologyImpl.java:add(111)) - Added a new node: /default-rack/6eac795c-b416-4929-8077-81de2c3ee3a9
2019-11-19 04:27:48,323 [IPC Server handler 1 on 36738] INFO  node.SCMNodeManager (SCMNodeManager.java:register(267)) - Registered Data node : 6eac795c-b416-4929-8077-81de2c3ee3a9{ip: 192.168.34.38, host: pr-hdds-2527-xk9kf-705888348, networkLocation: /default-rack, certSerialId: null}
2019-11-19 04:27:48,323 [EventQueue-NodeRegistrationContainerReportForContainerSafeModeRule] INFO  safemode.SCMSafeModeManager (SCMSafeModeManager.java:validateSafeModeExitRules(176)) - ContainerSafeModeRule rule is successfully validated
2019-11-19 04:27:48,323 [EventQueue-NodeRegistrationContainerReportForDataNodeSafeModeRule] INFO  safemode.SCMSafeModeManager (SCMSafeModeManager.java:validateSafeModeExitRules(176)) - DataNodeSafeModeRule rule is successfully validated
2019-11-19 04:27:48,324 [RatisPipelineUtilsThread] INFO  pipeline.RatisPipelineProvider (RatisPipelineProvider.java:lambda$create$4(163)) - Send pipeline:PipelineID=fe4edacc-bffd-43d1-aeda-4aac031f1598 create command to datanode 6eac795c-b416-4929-8077-81de2c3ee3a9
2019-11-19 04:27:48,325 [RatisPipelineUtilsThread] INFO  pipeline.PipelineStateManager (PipelineStateManager.java:addPipeline(55)) - Created pipeline Pipeline[ Id: fe4edacc-bffd-43d1-aeda-4aac031f1598, Nodes: 6eac795c-b416-4929-8077-81de2c3ee3a9{ip: 192.168.34.38, host: pr-hdds-2527-xk9kf-705888348, networkLocation: /default-rack, certSerialId: null}, Type:RATIS, Factor:ONE, State:ALLOCATED]
2019-11-19 04:27:48,397 [main] INFO  ozone.MiniOzoneClusterImpl (MiniOzoneClusterImpl.java:lambda$waitForClusterToBeReady$0(150)) - Waiting for nodes to be ready. Got 2 of 3 DN Heartbeats.
2019-11-19 04:27:48,397 [main] INFO  ozone.MiniOzoneClusterImpl (MiniOzoneClusterImpl.java:lambda$waitForClusterToBeReady$0(153)) - Waiting for cluster to exit safe mode
2019-11-19 04:27:48,398 [IPC Server handler 2 on 36738] INFO  net.NetworkTopology (NetworkTopologyImpl.java:add(111)) - Added a new node: /default-rack/3f911357-18ff-433f-b789-402dfdb2b54e
2019-11-19 04:27:48,399 [IPC Server handler 2 on 36738] INFO  node.SCMNodeManager (SCMNodeManager.java:register(267)) - Registered Data node : 3f911357-18ff-433f-b789-402dfdb2b54e{ip: 192.168.34.38, host: pr-hdds-2527-xk9kf-705888348, networkLocation: /default-rack, certSerialId: null}
2019-11-19 04:27:48,399 [EventQueue-NodeRegistrationContainerReportForContainerSafeModeRule] INFO  safemode.SCMSafeModeManager (SCMSafeModeManager.java:validateSafeModeExitRules(176)) - ContainerSafeModeRule rule is successfully validated
2019-11-19 04:27:48,400 [EventQueue-NodeRegistrationContainerReportForDataNodeSafeModeRule] INFO  safemode.SCMSafeModeManager (SCMSafeModeManager.java:validateSafeModeExitRules(176)) - DataNodeSafeModeRule rule is successfully validated
2019-11-19 04:27:48,400 [RatisPipelineUtilsThread] INFO  pipeline.RatisPipelineProvider (RatisPipelineProvider.java:lambda$create$4(163)) - Send pipeline:PipelineID=29bac647-2a44-4d1a-9492-c5ad7bee53e1 create command to datanode 3f911357-18ff-433f-b789-402dfdb2b54e
2019-11-19 04:27:48,401 [RatisPipelineUtilsThread] INFO  pipeline.PipelineStateManager (PipelineStateManager.java:addPipeline(55)) - Created pipeline Pipeline[ Id: 29bac647-2a44-4d1a-9492-c5ad7bee53e1, Nodes: 3f911357-18ff-433f-b789-402dfdb2b54e{ip: 192.168.34.38, host: pr-hdds-2527-xk9kf-705888348, networkLocation: /default-rack, certSerialId: null}, Type:RATIS, Factor:ONE, State:ALLOCATED]
2019-11-19 04:27:48,404 [RatisPipelineUtilsThread] INFO  pipeline.RatisPipelineProvider (RatisPipelineProvider.java:lambda$create$4(163)) - Send pipeline:PipelineID=18d334ea-dccb-4d8f-809c-d5d069685640 create command to datanode 6eac795c-b416-4929-8077-81de2c3ee3a9
2019-11-19 04:27:48,404 [RatisPipelineUtilsThread] INFO  pipeline.RatisPipelineProvider (RatisPipelineProvider.java:lambda$create$4(163)) - Send pipeline:PipelineID=18d334ea-dccb-4d8f-809c-d5d069685640 create command to datanode 8b42f16a-046f-47a1-90c1-eee5a7047d02
2019-11-19 04:27:48,404 [RatisPipelineUtilsThread] INFO  pipeline.RatisPipelineProvider (RatisPipelineProvider.java:lambda$create$4(163)) - Send pipeline:PipelineID=18d334ea-dccb-4d8f-809c-d5d069685640 create command to datanode 3f911357-18ff-433f-b789-402dfdb2b54e
2019-11-19 04:27:48,405 [RatisPipelineUtilsThread] INFO  pipeline.PipelineStateManager (PipelineStateManager.java:addPipeline(55)) - Created pipeline Pipeline[ Id: 18d334ea-dccb-4d8f-809c-d5d069685640, Nodes: 6eac795c-b416-4929-8077-81de2c3ee3a9{ip: 192.168.34.38, host: pr-hdds-2527-xk9kf-705888348, networkLocation: /default-rack, certSerialId: null}8b42f16a-046f-47a1-90c1-eee5a7047d02{ip: 192.168.34.38, host: pr-hdds-2527-xk9kf-705888348, networkLocation: /default-rack, certSerialId: null}3f911357-18ff-433f-b789-402dfdb2b54e{ip: 192.168.34.38, host: pr-hdds-2527-xk9kf-705888348, networkLocation: /default-rack, certSerialId: null}, Type:RATIS, Factor:THREE, State:ALLOCATED]
2019-11-19 04:27:49,398 [main] INFO  ozone.MiniOzoneClusterImpl (MiniOzoneClusterImpl.java:lambda$waitForClusterToBeReady$0(150)) - Nodes are ready. Got 3 of 3 DN Heartbeats.
2019-11-19 04:27:49,398 [main] INFO  ozone.MiniOzoneClusterImpl (MiniOzoneClusterImpl.java:lambda$waitForClusterToBeReady$0(153)) - Waiting for cluster to exit safe mode
2019-11-19 04:27:50,399 [main] INFO  ozone.MiniOzoneClusterImpl (MiniOzoneClusterImpl.java:lambda$waitForClusterToBeReady$0(150)) - Nodes are ready. Got 3 of 3 DN Heartbeats.
2019-11-19 04:27:50,399 [main] INFO  ozone.MiniOzoneClusterImpl (MiniOzoneClusterImpl.java:lambda$waitForClusterToBeReady$0(153)) - Waiting for cluster to exit safe mode
2019-11-19 04:27:51,271 [Command processor thread] INFO  impl.RaftServerProxy (RaftServerProxy.java:addNew(89)) - 8b42f16a-046f-47a1-90c1-eee5a7047d02: addNew group-6023A000A2EF:[8b42f16a-046f-47a1-90c1-eee5a7047d02:192.168.34.38:41445] returns group-6023A000A2EF:java.util.concurrent.CompletableFuture@1c878f47[Not completed]
2019-11-19 04:27:51,299 [pool-27-thread-1] INFO  impl.RaftServerImpl (RaftServerImpl.java:<init>(98)) - 8b42f16a-046f-47a1-90c1-eee5a7047d02: new RaftServerImpl for group-6023A000A2EF:[8b42f16a-046f-47a1-90c1-eee5a7047d02:192.168.34.38:41445] with ContainerStateMachine:uninitialized
2019-11-19 04:27:51,303 [pool-27-thread-1] INFO  server.RaftServerConfigKeys (ConfUtils.java:logGet(43)) - raft.server.rpc.timeout.min = 5s (custom)
2019-11-19 04:27:51,304 [pool-27-thread-1] INFO  server.RaftServerConfigKeys (ConfUtils.java:logGet(43)) - raft.server.rpc.timeout.max = 5200ms (custom)
2019-11-19 04:27:51,304 [pool-27-thread-1] INFO  server.RaftServerConfigKeys (ConfUtils.java:logGet(43)) - raft.server.rpcslowness.timeout = 120s (custom)
2019-11-19 04:27:51,305 [pool-27-thread-1] INFO  server.RaftServerConfigKeys (ConfUtils.java:logGet(43)) - raft.server.sleep.deviation.threshold = 300 (default)
2019-11-19 04:27:51,306 [pool-27-thread-1] INFO  server.RaftServerConfigKeys (ConfUtils.java:logGet(43)) - raft.server.log.appender.install.snapshot.enabled = false (custom)
2019-11-19 04:27:51,320 [pool-27-thread-1] INFO  impl.RaftServerImpl (ServerState.java:<init>(103)) - 8b42f16a-046f-47a1-90c1-eee5a7047d02@group-6023A000A2EF: ConfigurationManager, init=-1: [8b42f16a-046f-47a1-90c1-eee5a7047d02:192.168.34.38:41445], old=null, confs=<EMPTY_MAP>
2019-11-19 04:27:51,322 [pool-27-thread-1] INFO  server.RaftServerConfigKeys (ConfUtils.java:logGet(43)) - raft.server.storage.dir = [/workdir/hadoop-ozone/tools/target/test-dir/MiniOzoneClusterImpl-c4d67550-36c6-4904-99d4-5ad2f7b3e335/datanode-0/data/ratis] (custom)
2019-11-19 04:27:51,323 [Command processor thread] INFO  impl.RaftServerProxy (RaftServerProxy.java:addNew(89)) - 6eac795c-b416-4929-8077-81de2c3ee3a9: addNew group-4AAC031F1598:[6eac795c-b416-4929-8077-81de2c3ee3a9:192.168.34.38:39002] returns group-4AAC031F1598:java.util.concurrent.CompletableFuture@325ec0a4[Not completed]
2019-11-19 04:27:51,355 [pool-37-thread-1] INFO  impl.RaftServerImpl (RaftServerImpl.java:<init>(98)) - 6eac795c-b416-4929-8077-81de2c3ee3a9: new RaftServerImpl for group-4AAC031F1598:[6eac795c-b416-4929-8077-81de2c3ee3a9:192.168.34.38:39002] with ContainerStateMachine:uninitialized
2019-11-19 04:27:51,356 [pool-37-thread-1] INFO  server.RaftServerConfigKeys (ConfUtils.java:logGet(43)) - raft.server.rpc.timeout.min = 5s (custom)
2019-11-19 04:27:51,356 [pool-37-thread-1] INFO  server.RaftServerConfigKeys (ConfUtils.java:logGet(43)) - raft.server.rpc.timeout.max = 5200ms (custom)
2019-11-19 04:27:51,357 [pool-37-thread-1] INFO  server.RaftServerConfigKeys (ConfUtils.java:logGet(43)) - raft.server.rpcslowness.timeout = 120s (custom)
2019-11-19 04:27:51,357 [pool-37-thread-1] INFO  server.RaftServerConfigKeys (ConfUtils.java:logGet(43)) - raft.server.sleep.deviation.threshold = 300 (default)
2019-11-19 04:27:51,357 [pool-37-thread-1] INFO  server.RaftServerConfigKeys (ConfUtils.java:logGet(43)) - raft.server.log.appender.install.snapshot.enabled = false (custom)
2019-11-19 04:27:51,357 [pool-37-thread-1] INFO  impl.RaftServerImpl (ServerState.java:<init>(103)) - 6eac795c-b416-4929-8077-81de2c3ee3a9@group-4AAC031F1598: ConfigurationManager, init=-1: [6eac795c-b416-4929-8077-81de2c3ee3a9:192.168.34.38:39002], old=null, confs=<EMPTY_MAP>
2019-11-19 04:27:51,360 [pool-37-thread-1] INFO  server.RaftServerConfigKeys (ConfUtils.java:logGet(43)) - raft.server.storage.dir = [/workdir/hadoop-ozone/tools/target/test-dir/MiniOzoneClusterImpl-c4d67550-36c6-4904-99d4-5ad2f7b3e335/datanode-1/data/ratis] (custom)
2019-11-19 04:27:51,364 [pool-37-thread-1] INFO  server.RaftServerConfigKeys (ConfUtils.java:logGet(43)) - raft.server.log.corruption.policy = EXCEPTION (default)
2019-11-19 04:27:51,364 [pool-27-thread-1] INFO  server.RaftServerConfigKeys (ConfUtils.java:logGet(43)) - raft.server.log.corruption.policy = EXCEPTION (default)
2019-11-19 04:27:51,368 [pool-27-thread-1] INFO  storage.RaftStorageDirectory (RaftStorageDirectory.java:analyzeStorage(246)) - The storage directory /workdir/hadoop-ozone/tools/target/test-dir/MiniOzoneClusterImpl-c4d67550-36c6-4904-99d4-5ad2f7b3e335/datanode-0/data/ratis/1ed88420-7c01-43ce-a367-6023a000a2ef does not exist. Creating ...
2019-11-19 04:27:51,368 [pool-37-thread-1] INFO  storage.RaftStorageDirectory (RaftStorageDirectory.java:analyzeStorage(246)) - The storage directory /workdir/hadoop-ozone/tools/target/test-dir/MiniOzoneClusterImpl-c4d67550-36c6-4904-99d4-5ad2f7b3e335/datanode-1/data/ratis/fe4edacc-bffd-43d1-aeda-4aac031f1598 does not exist. Creating ...
2019-11-19 04:27:51,397 [Command processor thread] INFO  impl.RaftServerProxy (RaftServerProxy.java:addNew(89)) - 3f911357-18ff-433f-b789-402dfdb2b54e: addNew group-C5AD7BEE53E1:[3f911357-18ff-433f-b789-402dfdb2b54e:192.168.34.38:38458] returns group-C5AD7BEE53E1:java.util.concurrent.CompletableFuture@5ca36cdb[Not completed]
2019-11-19 04:27:51,402 [pool-37-thread-1] INFO  storage.RaftStorageDirectory (RaftStorageDirectory.java:tryLock(328)) - Lock on /workdir/hadoop-ozone/tools/target/test-dir/MiniOzoneClusterImpl-c4d67550-36c6-4904-99d4-5ad2f7b3e335/datanode-1/data/ratis/fe4edacc-bffd-43d1-aeda-4aac031f1598/in_use.lock acquired by nodename 24216@pr-hdds-2527-xk9kf-705888348
2019-11-19 04:27:51,402 [main] INFO  ozone.MiniOzoneClusterImpl (MiniOzoneClusterImpl.java:lambda$waitForClusterToBeReady$0(150)) - Nodes are ready. Got 3 of 3 DN Heartbeats.
2019-11-19 04:27:51,402 [pool-27-thread-1] INFO  storage.RaftStorageDirectory (RaftStorageDirectory.java:tryLock(328)) - Lock on /workdir/hadoop-ozone/tools/target/test-dir/MiniOzoneClusterImpl-c4d67550-36c6-4904-99d4-5ad2f7b3e335/datanode-0/data/ratis/1ed88420-7c01-43ce-a367-6023a000a2ef/in_use.lock acquired by nodename 24216@pr-hdds-2527-xk9kf-705888348
2019-11-19 04:27:51,408 [main] INFO  ozone.MiniOzoneClusterImpl (MiniOzoneClusterImpl.java:lambda$waitForClusterToBeReady$0(153)) - Waiting for cluster to exit safe mode
2019-11-19 04:27:51,409 [pool-47-thread-1] INFO  impl.RaftServerImpl (RaftServerImpl.java:<init>(98)) - 3f911357-18ff-433f-b789-402dfdb2b54e: new RaftServerImpl for group-C5AD7BEE53E1:[3f911357-18ff-433f-b789-402dfdb2b54e:192.168.34.38:38458] with ContainerStateMachine:uninitialized
2019-11-19 04:27:51,410 [pool-47-thread-1] INFO  server.RaftServerConfigKeys (ConfUtils.java:logGet(43)) - raft.server.rpc.timeout.min = 5s (custom)
2019-11-19 04:27:51,410 [pool-47-thread-1] INFO  server.RaftServerConfigKeys (ConfUtils.java:logGet(43)) - raft.server.rpc.timeout.max = 5200ms (custom)
2019-11-19 04:27:51,410 [pool-47-thread-1] INFO  server.RaftServerConfigKeys (ConfUtils.java:logGet(43)) - raft.server.rpcslowness.timeout = 120s (custom)
2019-11-19 04:27:51,410 [pool-47-thread-1] INFO  server.RaftServerConfigKeys (ConfUtils.java:logGet(43)) - raft.server.sleep.deviation.threshold = 300 (default)
2019-11-19 04:27:51,410 [pool-47-thread-1] INFO  server.RaftServerConfigKeys (ConfUtils.java:logGet(43)) - raft.server.log.appender.install.snapshot.enabled = false (custom)
2019-11-19 04:27:51,410 [pool-47-thread-1] INFO  impl.RaftServerImpl (ServerState.java:<init>(103)) - 3f911357-18ff-433f-b789-402dfdb2b54e@group-C5AD7BEE53E1: ConfigurationManager, init=-1: [3f911357-18ff-433f-b789-402dfdb2b54e:192.168.34.38:38458], old=null, confs=<EMPTY_MAP>
2019-11-19 04:27:51,411 [pool-47-thread-1] INFO  server.RaftServerConfigKeys (ConfUtils.java:logGet(43)) - raft.server.storage.dir = [/workdir/hadoop-ozone/tools/target/test-dir/MiniOzoneClusterImpl-c4d67550-36c6-4904-99d4-5ad2f7b3e335/datanode-2/data/ratis] (custom)
2019-11-19 04:27:51,411 [pool-47-thread-1] INFO  server.RaftServerConfigKeys (ConfUtils.java:logGet(43)) - raft.server.log.corruption.policy = EXCEPTION (default)
2019-11-19 04:27:51,411 [pool-47-thread-1] INFO  storage.RaftStorageDirectory (RaftStorageDirectory.java:analyzeStorage(246)) - The storage directory /workdir/hadoop-ozone/tools/target/test-dir/MiniOzoneClusterImpl-c4d67550-36c6-4904-99d4-5ad2f7b3e335/datanode-2/data/ratis/29bac647-2a44-4d1a-9492-c5ad7bee53e1 does not exist. Creating ...
2019-11-19 04:27:51,424 [pool-47-thread-1] INFO  storage.RaftStorageDirectory (RaftStorageDirectory.java:tryLock(328)) - Lock on /workdir/hadoop-ozone/tools/target/test-dir/MiniOzoneClusterImpl-c4d67550-36c6-4904-99d4-5ad2f7b3e335/datanode-2/data/ratis/29bac647-2a44-4d1a-9492-c5ad7bee53e1/in_use.lock acquired by nodename 24216@pr-hdds-2527-xk9kf-705888348
2019-11-19 04:27:51,424 [pool-37-thread-1] INFO  storage.RaftStorage (RaftStorage.java:format(84)) - Storage directory /workdir/hadoop-ozone/tools/target/test-dir/MiniOzoneClusterImpl-c4d67550-36c6-4904-99d4-5ad2f7b3e335/datanode-1/data/ratis/fe4edacc-bffd-43d1-aeda-4aac031f1598 has been successfully formatted.
2019-11-19 04:27:51,424 [pool-27-thread-1] INFO  storage.RaftStorage (RaftStorage.java:format(84)) - Storage directory /workdir/hadoop-ozone/tools/target/test-dir/MiniOzoneClusterImpl-c4d67550-36c6-4904-99d4-5ad2f7b3e335/datanode-0/data/ratis/1ed88420-7c01-43ce-a367-6023a000a2ef has been successfully formatted.
2019-11-19 04:27:51,427 [pool-37-thread-1] INFO  ratis.ContainerStateMachine (ContainerStateMachine.java:loadSnapshot(223)) - group-4AAC031F1598: The snapshot info is null. Setting the last applied indexto:(t:0, i:~)
2019-11-19 04:27:51,427 [pool-27-thread-1] INFO  ratis.ContainerStateMachine (ContainerStateMachine.java:loadSnapshot(223)) - group-6023A000A2EF: The snapshot info is null. Setting the last applied indexto:(t:0, i:~)
2019-11-19 04:27:51,427 [pool-37-thread-1] INFO  server.RaftServerConfigKeys (ConfUtils.java:logGet(43)) - raft.server.notification.no-leader.timeout = 120s (custom)
2019-11-19 04:27:51,427 [pool-27-thread-1] INFO  server.RaftServerConfigKeys (ConfUtils.java:logGet(43)) - raft.server.notification.no-leader.timeout = 120s (custom)
2019-11-19 04:27:51,430 [pool-37-thread-1] INFO  server.RaftServerConfigKeys (ConfUtils.java:logGet(43)) - raft.server.log.use.memory = false (default)
2019-11-19 04:27:51,430 [pool-27-thread-1] INFO  server.RaftServerConfigKeys (ConfUtils.java:logGet(43)) - raft.server.log.use.memory = false (default)
2019-11-19 04:27:51,436 [pool-37-thread-1] INFO  server.RaftServerConfigKeys (ConfUtils.java:logGet(43)) - raft.server.log.purge.gap = 1000000 (custom)
2019-11-19 04:27:51,436 [pool-27-thread-1] INFO  server.RaftServerConfigKeys (ConfUtils.java:logGet(43)) - raft.server.log.purge.gap = 1000000 (custom)
2019-11-19 04:27:51,436 [pool-37-thread-1] INFO  server.RaftServerConfigKeys (ConfUtils.java:logGet(43)) - raft.server.log.appender.buffer.byte-limit = 33554432 (custom)
2019-11-19 04:27:51,436 [pool-27-thread-1] INFO  server.RaftServerConfigKeys (ConfUtils.java:logGet(43)) - raft.server.log.appender.buffer.byte-limit = 33554432 (custom)
2019-11-19 04:27:51,437 [pool-47-thread-1] INFO  storage.RaftStorage (RaftStorage.java:format(84)) - Storage directory /workdir/hadoop-ozone/tools/target/test-dir/MiniOzoneClusterImpl-c4d67550-36c6-4904-99d4-5ad2f7b3e335/datanode-2/data/ratis/29bac647-2a44-4d1a-9492-c5ad7bee53e1 has been successfully formatted.
2019-11-19 04:27:51,437 [pool-47-thread-1] INFO  ratis.ContainerStateMachine (ContainerStateMachine.java:loadSnapshot(223)) - group-C5AD7BEE53E1: The snapshot info is null. Setting the last applied indexto:(t:0, i:~)
2019-11-19 04:27:51,437 [pool-47-thread-1] INFO  server.RaftServerConfigKeys (ConfUtils.java:logGet(43)) - raft.server.notification.no-leader.timeout = 120s (custom)
2019-11-19 04:27:51,438 [pool-47-thread-1] INFO  server.RaftServerConfigKeys (ConfUtils.java:logGet(43)) - raft.server.log.use.memory = false (default)
2019-11-19 04:27:51,438 [pool-47-thread-1] INFO  server.RaftServerConfigKeys (ConfUtils.java:logGet(43)) - raft.server.log.purge.gap = 1000000 (custom)
2019-11-19 04:27:51,438 [pool-47-thread-1] INFO  server.RaftServerConfigKeys (ConfUtils.java:logGet(43)) - raft.server.log.appender.buffer.byte-limit = 33554432 (custom)
2019-11-19 04:27:51,439 [pool-37-thread-1] INFO  server.RaftServerConfigKeys (ConfUtils.java:logGet(43)) - raft.server.log.segment.size.max = 1048576 (custom)
2019-11-19 04:27:51,439 [pool-27-thread-1] INFO  server.RaftServerConfigKeys (ConfUtils.java:logGet(43)) - raft.server.log.segment.size.max = 1048576 (custom)
2019-11-19 04:27:51,439 [pool-47-thread-1] INFO  server.RaftServerConfigKeys (ConfUtils.java:logGet(43)) - raft.server.log.segment.size.max = 1048576 (custom)
2019-11-19 04:27:51,451 [pool-47-thread-1] INFO  metrics.MetricRegistries (MetricRegistriesLoader.java:load(64)) - Loaded MetricRegistries class org.apache.ratis.metrics.impl.MetricRegistriesImpl
2019-11-19 04:27:51,456 [pool-27-thread-1] WARN  impl.MetricRegistriesImpl (MetricRegistriesImpl.java:lambda$create$1(61)) - First MetricRegistry has been created without registering reporters. You may need to call MetricRegistries.global().addReportRegistration(...) before.
2019-11-19 04:27:51,456 [pool-47-thread-1] WARN  impl.MetricRegistriesImpl (MetricRegistriesImpl.java:lambda$create$1(61)) - First MetricRegistry has been created without registering reporters. You may need to call MetricRegistries.global().addReportRegistration(...) before.
2019-11-19 04:27:51,456 [pool-37-thread-1] WARN  impl.MetricRegistriesImpl (MetricRegistriesImpl.java:lambda$create$1(61)) - First MetricRegistry has been created without registering reporters. You may need to call MetricRegistries.global().addReportRegistration(...) before.
2019-11-19 04:27:51,463 [pool-37-thread-1] INFO  server.RaftServerConfigKeys (ConfUtils.java:logGet(43)) - raft.server.log.segment.cache.num.max = 2 (custom)
2019-11-19 04:27:51,463 [pool-47-thread-1] INFO  server.RaftServerConfigKeys (ConfUtils.java:logGet(43)) - raft.server.log.segment.cache.num.max = 2 (custom)
2019-11-19 04:27:51,463 [pool-27-thread-1] INFO  server.RaftServerConfigKeys (ConfUtils.java:logGet(43)) - raft.server.log.segment.cache.num.max = 2 (custom)
2019-11-19 04:27:51,469 [pool-47-thread-1] INFO  segmented.SegmentedRaftLogWorker (SegmentedRaftLogWorker.java:<init>(173)) - new 3f911357-18ff-433f-b789-402dfdb2b54e@group-C5AD7BEE53E1-SegmentedRaftLogWorker for RaftStorage:Storage Directory /workdir/hadoop-ozone/tools/target/test-dir/MiniOzoneClusterImpl-c4d67550-36c6-4904-99d4-5ad2f7b3e335/datanode-2/data/ratis/29bac647-2a44-4d1a-9492-c5ad7bee53e1
2019-11-19 04:27:51,469 [pool-37-thread-1] INFO  segmented.SegmentedRaftLogWorker (SegmentedRaftLogWorker.java:<init>(173)) - new 6eac795c-b416-4929-8077-81de2c3ee3a9@group-4AAC031F1598-SegmentedRaftLogWorker for RaftStorage:Storage Directory /workdir/hadoop-ozone/tools/target/test-dir/MiniOzoneClusterImpl-c4d67550-36c6-4904-99d4-5ad2f7b3e335/datanode-1/data/ratis/fe4edacc-bffd-43d1-aeda-4aac031f1598
2019-11-19 04:27:51,469 [pool-27-thread-1] INFO  segmented.SegmentedRaftLogWorker (SegmentedRaftLogWorker.java:<init>(173)) - new 8b42f16a-046f-47a1-90c1-eee5a7047d02@group-6023A000A2EF-SegmentedRaftLogWorker for RaftStorage:Storage Directory /workdir/hadoop-ozone/tools/target/test-dir/MiniOzoneClusterImpl-c4d67550-36c6-4904-99d4-5ad2f7b3e335/datanode-0/data/ratis/1ed88420-7c01-43ce-a367-6023a000a2ef
2019-11-19 04:27:51,470 [pool-47-thread-1] INFO  server.RaftServerConfigKeys (ConfUtils.java:logGet(43)) - raft.server.log.queue.byte-limit = 2147483647 (custom)
2019-11-19 04:27:51,471 [pool-37-thread-1] INFO  server.RaftServerConfigKeys (ConfUtils.java:logGet(43)) - raft.server.log.queue.byte-limit = 2147483647 (custom)
2019-11-19 04:27:51,471 [pool-27-thread-1] INFO  server.RaftServerConfigKeys (ConfUtils.java:logGet(43)) - raft.server.log.queue.byte-limit = 2147483647 (custom)
2019-11-19 04:27:51,471 [pool-47-thread-1] INFO  server.RaftServerConfigKeys (ConfUtils.java:logGet(43)) - raft.server.log.queue.element-limit = 1024 (custom)
2019-11-19 04:27:51,471 [pool-37-thread-1] INFO  server.RaftServerConfigKeys (ConfUtils.java:logGet(43)) - raft.server.log.queue.element-limit = 1024 (custom)
2019-11-19 04:27:51,471 [pool-27-thread-1] INFO  server.RaftServerConfigKeys (ConfUtils.java:logGet(43)) - raft.server.log.queue.element-limit = 1024 (custom)
2019-11-19 04:27:51,472 [pool-47-thread-1] INFO  server.RaftServerConfigKeys (ConfUtils.java:logGet(43)) - raft.server.log.segment.size.max = 1048576 (custom)
2019-11-19 04:27:51,472 [pool-27-thread-1] INFO  server.RaftServerConfigKeys (ConfUtils.java:logGet(43)) - raft.server.log.segment.size.max = 1048576 (custom)
2019-11-19 04:27:51,472 [pool-37-thread-1] INFO  server.RaftServerConfigKeys (ConfUtils.java:logGet(43)) - raft.server.log.segment.size.max = 1048576 (custom)
2019-11-19 04:27:51,473 [pool-47-thread-1] INFO  server.RaftServerConfigKeys (ConfUtils.java:logGet(43)) - raft.server.log.preallocated.size = 16384 (custom)
2019-11-19 04:27:51,473 [pool-37-thread-1] INFO  server.RaftServerConfigKeys (ConfUtils.java:logGet(43)) - raft.server.log.preallocated.size = 16384 (custom)
2019-11-19 04:27:51,473 [pool-27-thread-1] INFO  server.RaftServerConfigKeys (ConfUtils.java:logGet(43)) - raft.server.log.preallocated.size = 16384 (custom)
2019-11-19 04:27:51,473 [pool-47-thread-1] INFO  server.RaftServerConfigKeys (ConfUtils.java:logGet(43)) - raft.server.log.write.buffer.size = 33554432 (custom)
2019-11-19 04:27:51,473 [pool-27-thread-1] INFO  server.RaftServerConfigKeys (ConfUtils.java:logGet(43)) - raft.server.log.write.buffer.size = 33554432 (custom)
2019-11-19 04:27:51,473 [pool-37-thread-1] INFO  server.RaftServerConfigKeys (ConfUtils.java:logGet(43)) - raft.server.log.write.buffer.size = 33554432 (custom)
2019-11-19 04:27:51,473 [pool-47-thread-1] INFO  server.RaftServerConfigKeys (ConfUtils.java:logGet(43)) - raft.server.log.force.sync.num = 128 (default)
2019-11-19 04:27:51,473 [pool-37-thread-1] INFO  server.RaftServerConfigKeys (ConfUtils.java:logGet(43)) - raft.server.log.force.sync.num = 128 (default)
2019-11-19 04:27:51,474 [pool-27-thread-1] INFO  server.RaftServerConfigKeys (ConfUtils.java:logGet(43)) - raft.server.log.force.sync.num = 128 (default)
2019-11-19 04:27:51,476 [pool-47-thread-1] INFO  server.RaftServerConfigKeys (ConfUtils.java:logGet(43)) - raft.server.log.statemachine.data.sync = true (default)
2019-11-19 04:27:51,476 [pool-27-thread-1] INFO  server.RaftServerConfigKeys (ConfUtils.java:logGet(43)) - raft.server.log.statemachine.data.sync = true (default)
2019-11-19 04:27:51,476 [pool-37-thread-1] INFO  server.RaftServerConfigKeys (ConfUtils.java:logGet(43)) - raft.server.log.statemachine.data.sync = true (default)
2019-11-19 04:27:51,476 [pool-27-thread-1] INFO  server.RaftServerConfigKeys (ConfUtils.java:logGet(43)) - raft.server.log.statemachine.data.sync.timeout = 10s (default)
2019-11-19 04:27:51,476 [pool-47-thread-1] INFO  server.RaftServerConfigKeys (ConfUtils.java:logGet(43)) - raft.server.log.statemachine.data.sync.timeout = 10s (default)
2019-11-19 04:27:51,476 [pool-37-thread-1] INFO  server.RaftServerConfigKeys (ConfUtils.java:logGet(43)) - raft.server.log.statemachine.data.sync.timeout = 10s (default)
2019-11-19 04:27:51,477 [pool-47-thread-1] INFO  server.RaftServerConfigKeys (ConfUtils.java:logGet(43)) - raft.server.log.statemachine.data.sync.timeout.retry = -1 (default)
2019-11-19 04:27:51,477 [pool-27-thread-1] INFO  server.RaftServerConfigKeys (ConfUtils.java:logGet(43)) - raft.server.log.statemachine.data.sync.timeout.retry = -1 (default)
2019-11-19 04:27:51,477 [pool-37-thread-1] INFO  server.RaftServerConfigKeys (ConfUtils.java:logGet(43)) - raft.server.log.statemachine.data.sync.timeout.retry = -1 (default)
2019-11-19 04:27:51,501 [pool-47-thread-1] INFO  server.RaftServerConfigKeys (ConfUtils.java:logGet(43)) - raft.server.log.statemachine.data.caching.enabled = true (custom)
2019-11-19 04:27:51,501 [pool-37-thread-1] INFO  server.RaftServerConfigKeys (ConfUtils.java:logGet(43)) - raft.server.log.statemachine.data.caching.enabled = true (custom)
2019-11-19 04:27:51,501 [pool-27-thread-1] INFO  server.RaftServerConfigKeys (ConfUtils.java:logGet(43)) - raft.server.log.statemachine.data.caching.enabled = true (custom)
2019-11-19 04:27:51,508 [pool-47-thread-1] INFO  segmented.SegmentedRaftLogWorker (SegmentedRaftLogWorker.java:lambda$new$0(128)) - 3f911357-18ff-433f-b789-402dfdb2b54e@group-C5AD7BEE53E1-SegmentedRaftLogWorker: flushIndex: setUnconditionally 0 -> -1
2019-11-19 04:27:51,508 [pool-27-thread-1] INFO  segmented.SegmentedRaftLogWorker (SegmentedRaftLogWorker.java:lambda$new$0(128)) - 8b42f16a-046f-47a1-90c1-eee5a7047d02@group-6023A000A2EF-SegmentedRaftLogWorker: flushIndex: setUnconditionally 0 -> -1
2019-11-19 04:27:51,508 [pool-37-thread-1] INFO  segmented.SegmentedRaftLogWorker (SegmentedRaftLogWorker.java:lambda$new$0(128)) - 6eac795c-b416-4929-8077-81de2c3ee3a9@group-4AAC031F1598-SegmentedRaftLogWorker: flushIndex: setUnconditionally 0 -> -1
2019-11-19 04:27:51,512 [pool-47-thread-1] INFO  server.RaftServerConfigKeys (ConfUtils.java:logGet(43)) - raft.server.snapshot.auto.trigger.enabled = true (custom)
2019-11-19 04:27:51,512 [pool-37-thread-1] INFO  server.RaftServerConfigKeys (ConfUtils.java:logGet(43)) - raft.server.snapshot.auto.trigger.enabled = true (custom)
2019-11-19 04:27:51,512 [pool-27-thread-1] INFO  server.RaftServerConfigKeys (ConfUtils.java:logGet(43)) - raft.server.snapshot.auto.trigger.enabled = true (custom)
2019-11-19 04:27:51,513 [pool-47-thread-1] INFO  server.RaftServerConfigKeys (ConfUtils.java:logGet(43)) - raft.server.snapshot.auto.trigger.threshold = 10000 (custom)
2019-11-19 04:27:51,513 [pool-27-thread-1] INFO  server.RaftServerConfigKeys (ConfUtils.java:logGet(43)) - raft.server.snapshot.auto.trigger.threshold = 10000 (custom)
2019-11-19 04:27:51,513 [pool-37-thread-1] INFO  server.RaftServerConfigKeys (ConfUtils.java:logGet(43)) - raft.server.snapshot.auto.trigger.threshold = 10000 (custom)
2019-11-19 04:27:51,514 [pool-47-thread-1] INFO  server.RaftServerConfigKeys (ConfUtils.java:logGet(43)) - raft.server.snapshot.retention.file.num = 5 (custom)
2019-11-19 04:27:51,514 [pool-37-thread-1] INFO  server.RaftServerConfigKeys (ConfUtils.java:logGet(43)) - raft.server.snapshot.retention.file.num = 5 (custom)
2019-11-19 04:27:51,514 [pool-27-thread-1] INFO  server.RaftServerConfigKeys (ConfUtils.java:logGet(43)) - raft.server.snapshot.retention.file.num = 5 (custom)
2019-11-19 04:27:51,514 [pool-47-thread-1] INFO  server.RaftServerConfigKeys (ConfUtils.java:logGet(43)) - raft.server.retrycache.expirytime = 600000ms (custom)
2019-11-19 04:27:51,514 [pool-27-thread-1] INFO  server.RaftServerConfigKeys (ConfUtils.java:logGet(43)) - raft.server.retrycache.expirytime = 600000ms (custom)
2019-11-19 04:27:51,514 [pool-37-thread-1] INFO  server.RaftServerConfigKeys (ConfUtils.java:logGet(43)) - raft.server.retrycache.expirytime = 600000ms (custom)
2019-11-19 04:27:51,533 [pool-47-thread-1] WARN  impl.MetricRegistriesImpl (MetricRegistriesImpl.java:lambda$create$1(61)) - First MetricRegistry has been created without registering reporters. You may need to call MetricRegistries.global().addReportRegistration(...) before.
2019-11-19 04:27:51,533 [pool-27-thread-1] WARN  impl.MetricRegistriesImpl (MetricRegistriesImpl.java:lambda$create$1(61)) - First MetricRegistry has been created without registering reporters. You may need to call MetricRegistries.global().addReportRegistration(...) before.
2019-11-19 04:27:51,533 [pool-37-thread-1] WARN  impl.MetricRegistriesImpl (MetricRegistriesImpl.java:lambda$create$1(61)) - First MetricRegistry has been created without registering reporters. You may need to call MetricRegistries.global().addReportRegistration(...) before.
2019-11-19 04:27:51,535 [pool-47-thread-1] WARN  impl.MetricRegistriesImpl (MetricRegistriesImpl.java:lambda$create$1(61)) - First MetricRegistry has been created without registering reporters. You may need to call MetricRegistries.global().addReportRegistration(...) before.
2019-11-19 04:27:51,535 [pool-37-thread-1] WARN  impl.MetricRegistriesImpl (MetricRegistriesImpl.java:lambda$create$1(61)) - First MetricRegistry has been created without registering reporters. You may need to call MetricRegistries.global().addReportRegistration(...) before.
2019-11-19 04:27:51,535 [pool-27-thread-1] WARN  impl.MetricRegistriesImpl (MetricRegistriesImpl.java:lambda$create$1(61)) - First MetricRegistry has been created without registering reporters. You may need to call MetricRegistries.global().addReportRegistration(...) before.
2019-11-19 04:27:51,537 [pool-47-thread-1] INFO  impl.RaftServerImpl (RaftServerImpl.java:start(184)) - 3f911357-18ff-433f-b789-402dfdb2b54e@group-C5AD7BEE53E1: start as a follower, conf=-1: [3f911357-18ff-433f-b789-402dfdb2b54e:192.168.34.38:38458], old=null
2019-11-19 04:27:51,537 [pool-37-thread-1] INFO  impl.RaftServerImpl (RaftServerImpl.java:start(184)) - 6eac795c-b416-4929-8077-81de2c3ee3a9@group-4AAC031F1598: start as a follower, conf=-1: [6eac795c-b416-4929-8077-81de2c3ee3a9:192.168.34.38:39002], old=null
2019-11-19 04:27:51,537 [pool-27-thread-1] INFO  impl.RaftServerImpl (RaftServerImpl.java:start(184)) - 8b42f16a-046f-47a1-90c1-eee5a7047d02@group-6023A000A2EF: start as a follower, conf=-1: [8b42f16a-046f-47a1-90c1-eee5a7047d02:192.168.34.38:41445], old=null
2019-11-19 04:27:51,538 [pool-27-thread-1] INFO  impl.RaftServerImpl (RaftServerImpl.java:setRole(173)) - 8b42f16a-046f-47a1-90c1-eee5a7047d02@group-6023A000A2EF: changes role from      null to FOLLOWER at term 0 for startAsFollower
2019-11-19 04:27:51,538 [pool-37-thread-1] INFO  impl.RaftServerImpl (RaftServerImpl.java:setRole(173)) - 6eac795c-b416-4929-8077-81de2c3ee3a9@group-4AAC031F1598: changes role from      null to FOLLOWER at term 0 for startAsFollower
2019-11-19 04:27:51,538 [pool-47-thread-1] INFO  impl.RaftServerImpl (RaftServerImpl.java:setRole(173)) - 3f911357-18ff-433f-b789-402dfdb2b54e@group-C5AD7BEE53E1: changes role from      null to FOLLOWER at term 0 for startAsFollower
2019-11-19 04:27:51,539 [pool-37-thread-1] INFO  impl.RoleInfo (RoleInfo.java:updateAndGet(143)) - 6eac795c-b416-4929-8077-81de2c3ee3a9: start FollowerState
2019-11-19 04:27:51,539 [pool-47-thread-1] INFO  impl.RoleInfo (RoleInfo.java:updateAndGet(143)) - 3f911357-18ff-433f-b789-402dfdb2b54e: start FollowerState
2019-11-19 04:27:51,539 [pool-27-thread-1] INFO  impl.RoleInfo (RoleInfo.java:updateAndGet(143)) - 8b42f16a-046f-47a1-90c1-eee5a7047d02: start FollowerState
2019-11-19 04:27:51,541 [pool-27-thread-1] INFO  util.JmxRegister (JmxRegister.java:tryRegister(44)) - Successfully registered JMX Bean with object name Ratis:service=RaftServer,group=group-6023A000A2EF,id=8b42f16a-046f-47a1-90c1-eee5a7047d02
2019-11-19 04:27:51,541 [pool-47-thread-1] INFO  util.JmxRegister (JmxRegister.java:tryRegister(44)) - Successfully registered JMX Bean with object name Ratis:service=RaftServer,group=group-C5AD7BEE53E1,id=3f911357-18ff-433f-b789-402dfdb2b54e
2019-11-19 04:27:51,541 [pool-37-thread-1] INFO  util.JmxRegister (JmxRegister.java:tryRegister(44)) - Successfully registered JMX Bean with object name Ratis:service=RaftServer,group=group-4AAC031F1598,id=6eac795c-b416-4929-8077-81de2c3ee3a9
2019-11-19 04:27:51,545 [pool-27-thread-1] WARN  impl.MetricRegistriesImpl (MetricRegistriesImpl.java:lambda$create$1(61)) - First MetricRegistry has been created without registering reporters. You may need to call MetricRegistries.global().addReportRegistration(...) before.
2019-11-19 04:27:51,545 [pool-37-thread-1] WARN  impl.MetricRegistriesImpl (MetricRegistriesImpl.java:lambda$create$1(61)) - First MetricRegistry has been created without registering reporters. You may need to call MetricRegistries.global().addReportRegistration(...) before.
2019-11-19 04:27:51,545 [pool-47-thread-1] WARN  impl.MetricRegistriesImpl (MetricRegistriesImpl.java:lambda$create$1(61)) - First MetricRegistry has been created without registering reporters. You may need to call MetricRegistries.global().addReportRegistration(...) before.
2019-11-19 04:27:51,557 [Command processor thread] INFO  commandhandler.CreatePipelineCommandHandler (CreatePipelineCommandHandler.java:handle(86)) - Create Pipeline RATIS ONE #id: "29bac647-2a44-4d1a-9492-c5ad7bee53e1"
 command succeed on datanode 3f911357-18ff-433f-b789-402dfdb2b54e.
2019-11-19 04:27:51,557 [Command processor thread] INFO  commandhandler.CreatePipelineCommandHandler (CreatePipelineCommandHandler.java:handle(86)) - Create Pipeline RATIS ONE #id: "1ed88420-7c01-43ce-a367-6023a000a2ef"
 command succeed on datanode 8b42f16a-046f-47a1-90c1-eee5a7047d02.
2019-11-19 04:27:51,557 [Command processor thread] INFO  commandhandler.CreatePipelineCommandHandler (CreatePipelineCommandHandler.java:handle(86)) - Create Pipeline RATIS ONE #id: "fe4edacc-bffd-43d1-aeda-4aac031f1598"
 command succeed on datanode 6eac795c-b416-4929-8077-81de2c3ee3a9.
2019-11-19 04:27:51,561 [Command processor thread] INFO  impl.RaftServerProxy (RaftServerProxy.java:addNew(89)) - 3f911357-18ff-433f-b789-402dfdb2b54e: addNew group-D5D069685640:[8b42f16a-046f-47a1-90c1-eee5a7047d02:192.168.34.38:41445, 6eac795c-b416-4929-8077-81de2c3ee3a9:192.168.34.38:39002, 3f911357-18ff-433f-b789-402dfdb2b54e:192.168.34.38:38458] returns group-D5D069685640:java.util.concurrent.CompletableFuture@13f65457[Not completed]
2019-11-19 04:27:51,561 [Command processor thread] INFO  impl.RaftServerProxy (RaftServerProxy.java:addNew(89)) - 6eac795c-b416-4929-8077-81de2c3ee3a9: addNew group-D5D069685640:[8b42f16a-046f-47a1-90c1-eee5a7047d02:192.168.34.38:41445, 6eac795c-b416-4929-8077-81de2c3ee3a9:192.168.34.38:39002, 3f911357-18ff-433f-b789-402dfdb2b54e:192.168.34.38:38458] returns group-D5D069685640:java.util.concurrent.CompletableFuture@36614237[Not completed]
2019-11-19 04:27:51,561 [Command processor thread] INFO  impl.RaftServerProxy (RaftServerProxy.java:addNew(89)) - 8b42f16a-046f-47a1-90c1-eee5a7047d02: addNew group-D5D069685640:[8b42f16a-046f-47a1-90c1-eee5a7047d02:192.168.34.38:41445, 6eac795c-b416-4929-8077-81de2c3ee3a9:192.168.34.38:39002, 3f911357-18ff-433f-b789-402dfdb2b54e:192.168.34.38:38458] returns group-D5D069685640:java.util.concurrent.CompletableFuture@10e9e694[Not completed]
2019-11-19 04:27:51,563 [pool-37-thread-1] INFO  impl.RaftServerImpl (RaftServerImpl.java:<init>(98)) - 6eac795c-b416-4929-8077-81de2c3ee3a9: new RaftServerImpl for group-D5D069685640:[8b42f16a-046f-47a1-90c1-eee5a7047d02:192.168.34.38:41445, 6eac795c-b416-4929-8077-81de2c3ee3a9:192.168.34.38:39002, 3f911357-18ff-433f-b789-402dfdb2b54e:192.168.34.38:38458] with ContainerStateMachine:uninitialized
2019-11-19 04:27:51,563 [pool-37-thread-1] INFO  server.RaftServerConfigKeys (ConfUtils.java:logGet(43)) - raft.server.rpc.timeout.min = 5s (custom)
2019-11-19 04:27:51,564 [pool-37-thread-1] INFO  server.RaftServerConfigKeys (ConfUtils.java:logGet(43)) - raft.server.rpc.timeout.max = 5200ms (custom)
2019-11-19 04:27:51,564 [pool-37-thread-1] INFO  server.RaftServerConfigKeys (ConfUtils.java:logGet(43)) - raft.server.rpcslowness.timeout = 120s (custom)
2019-11-19 04:27:51,564 [pool-37-thread-1] INFO  server.RaftServerConfigKeys (ConfUtils.java:logGet(43)) - raft.server.sleep.deviation.threshold = 300 (default)
2019-11-19 04:27:51,564 [pool-37-thread-1] INFO  server.RaftServerConfigKeys (ConfUtils.java:logGet(43)) - raft.server.log.appender.install.snapshot.enabled = false (custom)
2019-11-19 04:27:51,564 [pool-47-thread-1] INFO  impl.RaftServerImpl (RaftServerImpl.java:<init>(98)) - 3f911357-18ff-433f-b789-402dfdb2b54e: new RaftServerImpl for group-D5D069685640:[8b42f16a-046f-47a1-90c1-eee5a7047d02:192.168.34.38:41445, 6eac795c-b416-4929-8077-81de2c3ee3a9:192.168.34.38:39002, 3f911357-18ff-433f-b789-402dfdb2b54e:192.168.34.38:38458] with ContainerStateMachine:uninitialized
2019-11-19 04:27:51,564 [pool-37-thread-1] INFO  impl.RaftServerImpl (ServerState.java:<init>(103)) - 6eac795c-b416-4929-8077-81de2c3ee3a9@group-D5D069685640: ConfigurationManager, init=-1: [8b42f16a-046f-47a1-90c1-eee5a7047d02:192.168.34.38:41445, 6eac795c-b416-4929-8077-81de2c3ee3a9:192.168.34.38:39002, 3f911357-18ff-433f-b789-402dfdb2b54e:192.168.34.38:38458], old=null, confs=<EMPTY_MAP>
2019-11-19 04:27:51,564 [pool-47-thread-1] INFO  server.RaftServerConfigKeys (ConfUtils.java:logGet(43)) - raft.server.rpc.timeout.min = 5s (custom)
2019-11-19 04:27:51,564 [pool-37-thread-1] INFO  server.RaftServerConfigKeys (ConfUtils.java:logGet(43)) - raft.server.storage.dir = [/workdir/hadoop-ozone/tools/target/test-dir/MiniOzoneClusterImpl-c4d67550-36c6-4904-99d4-5ad2f7b3e335/datanode-1/data/ratis] (custom)
2019-11-19 04:27:51,564 [pool-47-thread-1] INFO  server.RaftServerConfigKeys (ConfUtils.java:logGet(43)) - raft.server.rpc.timeout.max = 5200ms (custom)
2019-11-19 04:27:51,564 [pool-47-thread-1] INFO  server.RaftServerConfigKeys (ConfUtils.java:logGet(43)) - raft.server.rpcslowness.timeout = 120s (custom)
2019-11-19 04:27:51,564 [pool-37-thread-1] INFO  server.RaftServerConfigKeys (ConfUtils.java:logGet(43)) - raft.server.log.corruption.policy = EXCEPTION (default)
2019-11-19 04:27:51,564 [pool-47-thread-1] INFO  server.RaftServerConfigKeys (ConfUtils.java:logGet(43)) - raft.server.sleep.deviation.threshold = 300 (default)
2019-11-19 04:27:51,565 [pool-47-thread-1] INFO  server.RaftServerConfigKeys (ConfUtils.java:logGet(43)) - raft.server.log.appender.install.snapshot.enabled = false (custom)
2019-11-19 04:27:51,565 [pool-37-thread-1] INFO  storage.RaftStorageDirectory (RaftStorageDirectory.java:analyzeStorage(246)) - The storage directory /workdir/hadoop-ozone/tools/target/test-dir/MiniOzoneClusterImpl-c4d67550-36c6-4904-99d4-5ad2f7b3e335/datanode-1/data/ratis/18d334ea-dccb-4d8f-809c-d5d069685640 does not exist. Creating ...
2019-11-19 04:27:51,565 [pool-47-thread-1] INFO  impl.RaftServerImpl (ServerState.java:<init>(103)) - 3f911357-18ff-433f-b789-402dfdb2b54e@group-D5D069685640: ConfigurationManager, init=-1: [8b42f16a-046f-47a1-90c1-eee5a7047d02:192.168.34.38:41445, 6eac795c-b416-4929-8077-81de2c3ee3a9:192.168.34.38:39002, 3f911357-18ff-433f-b789-402dfdb2b54e:192.168.34.38:38458], old=null, confs=<EMPTY_MAP>
2019-11-19 04:27:51,565 [pool-27-thread-1] INFO  impl.RaftServerImpl (RaftServerImpl.java:<init>(98)) - 8b42f16a-046f-47a1-90c1-eee5a7047d02: new RaftServerImpl for group-D5D069685640:[8b42f16a-046f-47a1-90c1-eee5a7047d02:192.168.34.38:41445, 6eac795c-b416-4929-8077-81de2c3ee3a9:192.168.34.38:39002, 3f911357-18ff-433f-b789-402dfdb2b54e:192.168.34.38:38458] with ContainerStateMachine:uninitialized
2019-11-19 04:27:51,565 [pool-47-thread-1] INFO  server.RaftServerConfigKeys (ConfUtils.java:logGet(43)) - raft.server.storage.dir = [/workdir/hadoop-ozone/tools/target/test-dir/MiniOzoneClusterImpl-c4d67550-36c6-4904-99d4-5ad2f7b3e335/datanode-2/data/ratis] (custom)
2019-11-19 04:27:51,565 [pool-27-thread-1] INFO  server.RaftServerConfigKeys (ConfUtils.java:logGet(43)) - raft.server.rpc.timeout.min = 5s (custom)
2019-11-19 04:27:51,565 [pool-47-thread-1] INFO  server.RaftServerConfigKeys (ConfUtils.java:logGet(43)) - raft.server.log.corruption.policy = EXCEPTION (default)
2019-11-19 04:27:51,565 [pool-27-thread-1] INFO  server.RaftServerConfigKeys (ConfUtils.java:logGet(43)) - raft.server.rpc.timeout.max = 5200ms (custom)
2019-11-19 04:27:51,565 [pool-47-thread-1] INFO  storage.RaftStorageDirectory (RaftStorageDirectory.java:analyzeStorage(246)) - The storage directory /workdir/hadoop-ozone/tools/target/test-dir/MiniOzoneClusterImpl-c4d67550-36c6-4904-99d4-5ad2f7b3e335/datanode-2/data/ratis/18d334ea-dccb-4d8f-809c-d5d069685640 does not exist. Creating ...
2019-11-19 04:27:51,566 [pool-27-thread-1] INFO  server.RaftServerConfigKeys (ConfUtils.java:logGet(43)) - raft.server.rpcslowness.timeout = 120s (custom)
2019-11-19 04:27:51,566 [pool-27-thread-1] INFO  server.RaftServerConfigKeys (ConfUtils.java:logGet(43)) - raft.server.sleep.deviation.threshold = 300 (default)
2019-11-19 04:27:51,566 [pool-27-thread-1] INFO  server.RaftServerConfigKeys (ConfUtils.java:logGet(43)) - raft.server.log.appender.install.snapshot.enabled = false (custom)
2019-11-19 04:27:51,566 [pool-27-thread-1] INFO  impl.RaftServerImpl (ServerState.java:<init>(103)) - 8b42f16a-046f-47a1-90c1-eee5a7047d02@group-D5D069685640: ConfigurationManager, init=-1: [8b42f16a-046f-47a1-90c1-eee5a7047d02:192.168.34.38:41445, 6eac795c-b416-4929-8077-81de2c3ee3a9:192.168.34.38:39002, 3f911357-18ff-433f-b789-402dfdb2b54e:192.168.34.38:38458], old=null, confs=<EMPTY_MAP>
2019-11-19 04:27:51,566 [pool-27-thread-1] INFO  server.RaftServerConfigKeys (ConfUtils.java:logGet(43)) - raft.server.storage.dir = [/workdir/hadoop-ozone/tools/target/test-dir/MiniOzoneClusterImpl-c4d67550-36c6-4904-99d4-5ad2f7b3e335/datanode-0/data/ratis] (custom)
2019-11-19 04:27:51,567 [pool-27-thread-1] INFO  server.RaftServerConfigKeys (ConfUtils.java:logGet(43)) - raft.server.log.corruption.policy = EXCEPTION (default)
2019-11-19 04:27:51,567 [pool-27-thread-1] INFO  storage.RaftStorageDirectory (RaftStorageDirectory.java:analyzeStorage(246)) - The storage directory /workdir/hadoop-ozone/tools/target/test-dir/MiniOzoneClusterImpl-c4d67550-36c6-4904-99d4-5ad2f7b3e335/datanode-0/data/ratis/18d334ea-dccb-4d8f-809c-d5d069685640 does not exist. Creating ...
2019-11-19 04:27:51,574 [EventQueue-PipelineReportForPipelineReportHandler] INFO  pipeline.PipelineReportHandler (PipelineReportHandler.java:processPipelineReport(113)) - Pipeline ONE PipelineID=fe4edacc-bffd-43d1-aeda-4aac031f1598 reported by 6eac795c-b416-4929-8077-81de2c3ee3a9{ip: 192.168.34.38, host: pr-hdds-2527-xk9kf-705888348, networkLocation: /default-rack, certSerialId: null}
2019-11-19 04:27:51,574 [EventQueue-PipelineReportForPipelineReportHandler] INFO  pipeline.PipelineStateManager (PipelineStateManager.java:openPipeline(132)) - Pipeline Pipeline[ Id: fe4edacc-bffd-43d1-aeda-4aac031f1598, Nodes: 6eac795c-b416-4929-8077-81de2c3ee3a9{ip: 192.168.34.38, host: pr-hdds-2527-xk9kf-705888348, networkLocation: /default-rack, certSerialId: null}, Type:RATIS, Factor:ONE, State:ALLOCATED] moved to OPEN state
2019-11-19 04:27:51,576 [EventQueue-OpenPipelineForOneReplicaPipelineSafeModeRule] INFO  safemode.SCMSafeModeManager (SCMSafeModeManager.java:validateSafeModeExitRules(176)) - AtleastOneDatanodeReportedRule rule is successfully validated
2019-11-19 04:27:51,577 [EventQueue-OpenPipelineForHealthyPipelineSafeModeRule] INFO  safemode.SCMSafeModeManager (HealthyPipelineSafeModeRule.java:process(132)) - SCM in safe mode. Healthy pipelines reported count is 0, required healthy pipeline reported count is 1
2019-11-19 04:27:51,576 [EventQueue-PipelineReportForPipelineReportHandler] INFO  pipeline.PipelineReportHandler (PipelineReportHandler.java:processPipelineReport(113)) - Pipeline ONE PipelineID=29bac647-2a44-4d1a-9492-c5ad7bee53e1 reported by 3f911357-18ff-433f-b789-402dfdb2b54e{ip: 192.168.34.38, host: pr-hdds-2527-xk9kf-705888348, networkLocation: /default-rack, certSerialId: null}
2019-11-19 04:27:51,577 [EventQueue-PipelineReportForPipelineReportHandler] INFO  pipeline.PipelineStateManager (PipelineStateManager.java:openPipeline(132)) - Pipeline Pipeline[ Id: 29bac647-2a44-4d1a-9492-c5ad7bee53e1, Nodes: 3f911357-18ff-433f-b789-402dfdb2b54e{ip: 192.168.34.38, host: pr-hdds-2527-xk9kf-705888348, networkLocation: /default-rack, certSerialId: null}, Type:RATIS, Factor:ONE, State:ALLOCATED] moved to OPEN state
2019-11-19 04:27:51,577 [EventQueue-OpenPipelineForHealthyPipelineSafeModeRule] INFO  safemode.SCMSafeModeManager (HealthyPipelineSafeModeRule.java:process(132)) - SCM in safe mode. Healthy pipelines reported count is 0, required healthy pipeline reported count is 1
2019-11-19 04:27:51,577 [EventQueue-OpenPipelineForOneReplicaPipelineSafeModeRule] INFO  safemode.SCMSafeModeManager (SCMSafeModeManager.java:validateSafeModeExitRules(176)) - AtleastOneDatanodeReportedRule rule is successfully validated
2019-11-19 04:27:51,577 [EventQueue-PipelineReportForPipelineReportHandler] INFO  pipeline.PipelineReportHandler (PipelineReportHandler.java:processPipelineReport(113)) - Pipeline ONE PipelineID=1ed88420-7c01-43ce-a367-6023a000a2ef reported by 8b42f16a-046f-47a1-90c1-eee5a7047d02{ip: 192.168.34.38, host: pr-hdds-2527-xk9kf-705888348, networkLocation: /default-rack, certSerialId: null}
2019-11-19 04:27:51,578 [EventQueue-PipelineReportForPipelineReportHandler] INFO  pipeline.PipelineStateManager (PipelineStateManager.java:openPipeline(132)) - Pipeline Pipeline[ Id: 1ed88420-7c01-43ce-a367-6023a000a2ef, Nodes: 8b42f16a-046f-47a1-90c1-eee5a7047d02{ip: 192.168.34.38, host: pr-hdds-2527-xk9kf-705888348, networkLocation: /default-rack, certSerialId: null}, Type:RATIS, Factor:ONE, State:ALLOCATED] moved to OPEN state
2019-11-19 04:27:51,578 [EventQueue-OpenPipelineForOneReplicaPipelineSafeModeRule] INFO  safemode.SCMSafeModeManager (SCMSafeModeManager.java:validateSafeModeExitRules(176)) - AtleastOneDatanodeReportedRule rule is successfully validated
2019-11-19 04:27:51,578 [EventQueue-OpenPipelineForHealthyPipelineSafeModeRule] INFO  safemode.SCMSafeModeManager (HealthyPipelineSafeModeRule.java:process(132)) - SCM in safe mode. Healthy pipelines reported count is 0, required healthy pipeline reported count is 1
2019-11-19 04:27:51,578 [pool-47-thread-1] INFO  storage.RaftStorageDirectory (RaftStorageDirectory.java:tryLock(328)) - Lock on /workdir/hadoop-ozone/tools/target/test-dir/MiniOzoneClusterImpl-c4d67550-36c6-4904-99d4-5ad2f7b3e335/datanode-2/data/ratis/18d334ea-dccb-4d8f-809c-d5d069685640/in_use.lock acquired by nodename 24216@pr-hdds-2527-xk9kf-705888348
2019-11-19 04:27:51,578 [pool-27-thread-1] INFO  storage.RaftStorageDirectory (RaftStorageDirectory.java:tryLock(328)) - Lock on /workdir/hadoop-ozone/tools/target/test-dir/MiniOzoneClusterImpl-c4d67550-36c6-4904-99d4-5ad2f7b3e335/datanode-0/data/ratis/18d334ea-dccb-4d8f-809c-d5d069685640/in_use.lock acquired by nodename 24216@pr-hdds-2527-xk9kf-705888348
2019-11-19 04:27:51,578 [pool-37-thread-1] INFO  storage.RaftStorageDirectory (RaftStorageDirectory.java:tryLock(328)) - Lock on /workdir/hadoop-ozone/tools/target/test-dir/MiniOzoneClusterImpl-c4d67550-36c6-4904-99d4-5ad2f7b3e335/datanode-1/data/ratis/18d334ea-dccb-4d8f-809c-d5d069685640/in_use.lock acquired by nodename 24216@pr-hdds-2527-xk9kf-705888348
2019-11-19 04:27:51,592 [pool-47-thread-1] INFO  storage.RaftStorage (RaftStorage.java:format(84)) - Storage directory /workdir/hadoop-ozone/tools/target/test-dir/MiniOzoneClusterImpl-c4d67550-36c6-4904-99d4-5ad2f7b3e335/datanode-2/data/ratis/18d334ea-dccb-4d8f-809c-d5d069685640 has been successfully formatted.
2019-11-19 04:27:51,592 [pool-27-thread-1] INFO  storage.RaftStorage (RaftStorage.java:format(84)) - Storage directory /workdir/hadoop-ozone/tools/target/test-dir/MiniOzoneClusterImpl-c4d67550-36c6-4904-99d4-5ad2f7b3e335/datanode-0/data/ratis/18d334ea-dccb-4d8f-809c-d5d069685640 has been successfully formatted.
2019-11-19 04:27:51,592 [pool-37-thread-1] INFO  storage.RaftStorage (RaftStorage.java:format(84)) - Storage directory /workdir/hadoop-ozone/tools/target/test-dir/MiniOzoneClusterImpl-c4d67550-36c6-4904-99d4-5ad2f7b3e335/datanode-1/data/ratis/18d334ea-dccb-4d8f-809c-d5d069685640 has been successfully formatted.
2019-11-19 04:27:51,592 [pool-47-thread-1] INFO  ratis.ContainerStateMachine (ContainerStateMachine.java:loadSnapshot(223)) - group-D5D069685640: The snapshot info is null. Setting the last applied indexto:(t:0, i:~)
2019-11-19 04:27:51,592 [pool-27-thread-1] INFO  ratis.ContainerStateMachine (ContainerStateMachine.java:loadSnapshot(223)) - group-D5D069685640: The snapshot info is null. Setting the last applied indexto:(t:0, i:~)
2019-11-19 04:27:51,592 [pool-37-thread-1] INFO  ratis.ContainerStateMachine (ContainerStateMachine.java:loadSnapshot(223)) - group-D5D069685640: The snapshot info is null. Setting the last applied indexto:(t:0, i:~)
2019-11-19 04:27:51,592 [pool-47-thread-1] INFO  server.RaftServerConfigKeys (ConfUtils.java:logGet(43)) - raft.server.notification.no-leader.timeout = 120s (custom)
2019-11-19 04:27:51,593 [pool-37-thread-1] INFO  server.RaftServerConfigKeys (ConfUtils.java:logGet(43)) - raft.server.notification.no-leader.timeout = 120s (custom)
2019-11-19 04:27:51,592 [pool-27-thread-1] INFO  server.RaftServerConfigKeys (ConfUtils.java:logGet(43)) - raft.server.notification.no-leader.timeout = 120s (custom)
2019-11-19 04:27:51,593 [pool-37-thread-1] INFO  server.RaftServerConfigKeys (ConfUtils.java:logGet(43)) - raft.server.log.use.memory = false (default)
2019-11-19 04:27:51,593 [pool-47-thread-1] INFO  server.RaftServerConfigKeys (ConfUtils.java:logGet(43)) - raft.server.log.use.memory = false (default)
2019-11-19 04:27:51,593 [pool-37-thread-1] INFO  server.RaftServerConfigKeys (ConfUtils.java:logGet(43)) - raft.server.log.purge.gap = 1000000 (custom)
2019-11-19 04:27:51,593 [pool-27-thread-1] INFO  server.RaftServerConfigKeys (ConfUtils.java:logGet(43)) - raft.server.log.use.memory = false (default)
2019-11-19 04:27:51,593 [pool-37-thread-1] INFO  server.RaftServerConfigKeys (ConfUtils.java:logGet(43)) - raft.server.log.appender.buffer.byte-limit = 33554432 (custom)
2019-11-19 04:27:51,593 [pool-47-thread-1] INFO  server.RaftServerConfigKeys (ConfUtils.java:logGet(43)) - raft.server.log.purge.gap = 1000000 (custom)
2019-11-19 04:27:51,593 [pool-37-thread-1] INFO  server.RaftServerConfigKeys (ConfUtils.java:logGet(43)) - raft.server.log.segment.size.max = 1048576 (custom)
2019-11-19 04:27:51,593 [pool-27-thread-1] INFO  server.RaftServerConfigKeys (ConfUtils.java:logGet(43)) - raft.server.log.purge.gap = 1000000 (custom)
2019-11-19 04:27:51,593 [pool-47-thread-1] INFO  server.RaftServerConfigKeys (ConfUtils.java:logGet(43)) - raft.server.log.appender.buffer.byte-limit = 33554432 (custom)
2019-11-19 04:27:51,593 [pool-27-thread-1] INFO  server.RaftServerConfigKeys (ConfUtils.java:logGet(43)) - raft.server.log.appender.buffer.byte-limit = 33554432 (custom)
2019-11-19 04:27:51,593 [pool-37-thread-1] INFO  server.RaftServerConfigKeys (ConfUtils.java:logGet(43)) - raft.server.log.segment.cache.num.max = 2 (custom)
2019-11-19 04:27:51,594 [pool-27-thread-1] INFO  server.RaftServerConfigKeys (ConfUtils.java:logGet(43)) - raft.server.log.segment.size.max = 1048576 (custom)
2019-11-19 04:27:51,594 [pool-47-thread-1] INFO  server.RaftServerConfigKeys (ConfUtils.java:logGet(43)) - raft.server.log.segment.size.max = 1048576 (custom)
2019-11-19 04:27:51,594 [pool-27-thread-1] INFO  server.RaftServerConfigKeys (ConfUtils.java:logGet(43)) - raft.server.log.segment.cache.num.max = 2 (custom)
2019-11-19 04:27:51,594 [pool-37-thread-1] INFO  segmented.SegmentedRaftLogWorker (SegmentedRaftLogWorker.java:<init>(173)) - new 6eac795c-b416-4929-8077-81de2c3ee3a9@group-D5D069685640-SegmentedRaftLogWorker for RaftStorage:Storage Directory /workdir/hadoop-ozone/tools/target/test-dir/MiniOzoneClusterImpl-c4d67550-36c6-4904-99d4-5ad2f7b3e335/datanode-1/data/ratis/18d334ea-dccb-4d8f-809c-d5d069685640
2019-11-19 04:27:51,594 [pool-27-thread-1] INFO  segmented.SegmentedRaftLogWorker (SegmentedRaftLogWorker.java:<init>(173)) - new 8b42f16a-046f-47a1-90c1-eee5a7047d02@group-D5D069685640-SegmentedRaftLogWorker for RaftStorage:Storage Directory /workdir/hadoop-ozone/tools/target/test-dir/MiniOzoneClusterImpl-c4d67550-36c6-4904-99d4-5ad2f7b3e335/datanode-0/data/ratis/18d334ea-dccb-4d8f-809c-d5d069685640
2019-11-19 04:27:51,594 [pool-47-thread-1] INFO  server.RaftServerConfigKeys (ConfUtils.java:logGet(43)) - raft.server.log.segment.cache.num.max = 2 (custom)
2019-11-19 04:27:51,594 [pool-27-thread-1] INFO  server.RaftServerConfigKeys (ConfUtils.java:logGet(43)) - raft.server.log.queue.byte-limit = 2147483647 (custom)
2019-11-19 04:27:51,594 [pool-37-thread-1] INFO  server.RaftServerConfigKeys (ConfUtils.java:logGet(43)) - raft.server.log.queue.byte-limit = 2147483647 (custom)
2019-11-19 04:27:51,594 [pool-27-thread-1] INFO  server.RaftServerConfigKeys (ConfUtils.java:logGet(43)) - raft.server.log.queue.element-limit = 1024 (custom)
2019-11-19 04:27:51,594 [pool-47-thread-1] INFO  segmented.SegmentedRaftLogWorker (SegmentedRaftLogWorker.java:<init>(173)) - new 3f911357-18ff-433f-b789-402dfdb2b54e@group-D5D069685640-SegmentedRaftLogWorker for RaftStorage:Storage Directory /workdir/hadoop-ozone/tools/target/test-dir/MiniOzoneClusterImpl-c4d67550-36c6-4904-99d4-5ad2f7b3e335/datanode-2/data/ratis/18d334ea-dccb-4d8f-809c-d5d069685640
2019-11-19 04:27:51,595 [pool-27-thread-1] INFO  server.RaftServerConfigKeys (ConfUtils.java:logGet(43)) - raft.server.log.segment.size.max = 1048576 (custom)
2019-11-19 04:27:51,595 [pool-37-thread-1] INFO  server.RaftServerConfigKeys (ConfUtils.java:logGet(43)) - raft.server.log.queue.element-limit = 1024 (custom)
2019-11-19 04:27:51,595 [pool-27-thread-1] INFO  server.RaftServerConfigKeys (ConfUtils.java:logGet(43)) - raft.server.log.preallocated.size = 16384 (custom)
2019-11-19 04:27:51,595 [pool-47-thread-1] INFO  server.RaftServerConfigKeys (ConfUtils.java:logGet(43)) - raft.server.log.queue.byte-limit = 2147483647 (custom)
2019-11-19 04:27:51,595 [pool-27-thread-1] INFO  server.RaftServerConfigKeys (ConfUtils.java:logGet(43)) - raft.server.log.write.buffer.size = 33554432 (custom)
2019-11-19 04:27:51,595 [pool-37-thread-1] INFO  server.RaftServerConfigKeys (ConfUtils.java:logGet(43)) - raft.server.log.segment.size.max = 1048576 (custom)
2019-11-19 04:27:51,595 [pool-27-thread-1] INFO  server.RaftServerConfigKeys (ConfUtils.java:logGet(43)) - raft.server.log.force.sync.num = 128 (default)
2019-11-19 04:27:51,595 [pool-47-thread-1] INFO  server.RaftServerConfigKeys (ConfUtils.java:logGet(43)) - raft.server.log.queue.element-limit = 1024 (custom)
2019-11-19 04:27:51,595 [pool-27-thread-1] INFO  server.RaftServerConfigKeys (ConfUtils.java:logGet(43)) - raft.server.log.statemachine.data.sync = true (default)
2019-11-19 04:27:51,595 [pool-37-thread-1] INFO  server.RaftServerConfigKeys (ConfUtils.java:logGet(43)) - raft.server.log.preallocated.size = 16384 (custom)
2019-11-19 04:27:51,595 [pool-27-thread-1] INFO  server.RaftServerConfigKeys (ConfUtils.java:logGet(43)) - raft.server.log.statemachine.data.sync.timeout = 10s (default)
2019-11-19 04:27:51,595 [pool-47-thread-1] INFO  server.RaftServerConfigKeys (ConfUtils.java:logGet(43)) - raft.server.log.segment.size.max = 1048576 (custom)
2019-11-19 04:27:51,596 [pool-27-thread-1] INFO  server.RaftServerConfigKeys (ConfUtils.java:logGet(43)) - raft.server.log.statemachine.data.sync.timeout.retry = -1 (default)
2019-11-19 04:27:51,596 [pool-37-thread-1] INFO  server.RaftServerConfigKeys (ConfUtils.java:logGet(43)) - raft.server.log.write.buffer.size = 33554432 (custom)
2019-11-19 04:27:51,596 [pool-47-thread-1] INFO  server.RaftServerConfigKeys (ConfUtils.java:logGet(43)) - raft.server.log.preallocated.size = 16384 (custom)
2019-11-19 04:27:51,596 [pool-37-thread-1] INFO  server.RaftServerConfigKeys (ConfUtils.java:logGet(43)) - raft.server.log.force.sync.num = 128 (default)
2019-11-19 04:27:51,596 [pool-27-thread-1] INFO  server.RaftServerConfigKeys (ConfUtils.java:logGet(43)) - raft.server.log.statemachine.data.caching.enabled = true (custom)
2019-11-19 04:27:51,596 [pool-37-thread-1] INFO  server.RaftServerConfigKeys (ConfUtils.java:logGet(43)) - raft.server.log.statemachine.data.sync = true (default)
2019-11-19 04:27:51,596 [pool-47-thread-1] INFO  server.RaftServerConfigKeys (ConfUtils.java:logGet(43)) - raft.server.log.write.buffer.size = 33554432 (custom)
2019-11-19 04:27:51,596 [pool-27-thread-1] INFO  segmented.SegmentedRaftLogWorker (SegmentedRaftLogWorker.java:lambda$new$0(128)) - 8b42f16a-046f-47a1-90c1-eee5a7047d02@group-D5D069685640-SegmentedRaftLogWorker: flushIndex: setUnconditionally 0 -> -1
2019-11-19 04:27:51,596 [pool-37-thread-1] INFO  server.RaftServerConfigKeys (ConfUtils.java:logGet(43)) - raft.server.log.statemachine.data.sync.timeout = 10s (default)
2019-11-19 04:27:51,596 [pool-47-thread-1] INFO  server.RaftServerConfigKeys (ConfUtils.java:logGet(43)) - raft.server.log.force.sync.num = 128 (default)
2019-11-19 04:27:51,597 [pool-27-thread-1] INFO  server.RaftServerConfigKeys (ConfUtils.java:logGet(43)) - raft.server.snapshot.auto.trigger.enabled = true (custom)
2019-11-19 04:27:51,597 [pool-37-thread-1] INFO  server.RaftServerConfigKeys (ConfUtils.java:logGet(43)) - raft.server.log.statemachine.data.sync.timeout.retry = -1 (default)
2019-11-19 04:27:51,597 [pool-27-thread-1] INFO  server.RaftServerConfigKeys (ConfUtils.java:logGet(43)) - raft.server.snapshot.auto.trigger.threshold = 10000 (custom)
2019-11-19 04:27:51,597 [pool-47-thread-1] INFO  server.RaftServerConfigKeys (ConfUtils.java:logGet(43)) - raft.server.log.statemachine.data.sync = true (default)
2019-11-19 04:27:51,597 [pool-27-thread-1] INFO  server.RaftServerConfigKeys (ConfUtils.java:logGet(43)) - raft.server.snapshot.retention.file.num = 5 (custom)
2019-11-19 04:27:51,597 [pool-37-thread-1] INFO  server.RaftServerConfigKeys (ConfUtils.java:logGet(43)) - raft.server.log.statemachine.data.caching.enabled = true (custom)
2019-11-19 04:27:51,597 [pool-27-thread-1] INFO  server.RaftServerConfigKeys (ConfUtils.java:logGet(43)) - raft.server.retrycache.expirytime = 600000ms (custom)
2019-11-19 04:27:51,597 [pool-47-thread-1] INFO  server.RaftServerConfigKeys (ConfUtils.java:logGet(43)) - raft.server.log.statemachine.data.sync.timeout = 10s (default)
2019-11-19 04:27:51,597 [pool-27-thread-1] WARN  impl.MetricRegistriesImpl (MetricRegistriesImpl.java:lambda$create$1(61)) - First MetricRegistry has been created without registering reporters. You may need to call MetricRegistries.global().addReportRegistration(...) before.
2019-11-19 04:27:51,597 [pool-37-thread-1] INFO  segmented.SegmentedRaftLogWorker (SegmentedRaftLogWorker.java:lambda$new$0(128)) - 6eac795c-b416-4929-8077-81de2c3ee3a9@group-D5D069685640-SegmentedRaftLogWorker: flushIndex: setUnconditionally 0 -> -1
2019-11-19 04:27:51,597 [pool-47-thread-1] INFO  server.RaftServerConfigKeys (ConfUtils.java:logGet(43)) - raft.server.log.statemachine.data.sync.timeout.retry = -1 (default)
2019-11-19 04:27:51,597 [pool-27-thread-1] WARN  impl.MetricRegistriesImpl (MetricRegistriesImpl.java:lambda$create$1(61)) - First MetricRegistry has been created without registering reporters. You may need to call MetricRegistries.global().addReportRegistration(...) before.
2019-11-19 04:27:51,598 [pool-47-thread-1] INFO  server.RaftServerConfigKeys (ConfUtils.java:logGet(43)) - raft.server.log.statemachine.data.caching.enabled = true (custom)
2019-11-19 04:27:51,598 [pool-27-thread-1] INFO  impl.RaftServerImpl (RaftServerImpl.java:start(184)) - 8b42f16a-046f-47a1-90c1-eee5a7047d02@group-D5D069685640: start as a follower, conf=-1: [8b42f16a-046f-47a1-90c1-eee5a7047d02:192.168.34.38:41445, 6eac795c-b416-4929-8077-81de2c3ee3a9:192.168.34.38:39002, 3f911357-18ff-433f-b789-402dfdb2b54e:192.168.34.38:38458], old=null
2019-11-19 04:27:51,598 [pool-37-thread-1] INFO  server.RaftServerConfigKeys (ConfUtils.java:logGet(43)) - raft.server.snapshot.auto.trigger.enabled = true (custom)
2019-11-19 04:27:51,598 [pool-47-thread-1] INFO  segmented.SegmentedRaftLogWorker (SegmentedRaftLogWorker.java:lambda$new$0(128)) - 3f911357-18ff-433f-b789-402dfdb2b54e@group-D5D069685640-SegmentedRaftLogWorker: flushIndex: setUnconditionally 0 -> -1
2019-11-19 04:27:51,598 [pool-27-thread-1] INFO  impl.RaftServerImpl (RaftServerImpl.java:setRole(173)) - 8b42f16a-046f-47a1-90c1-eee5a7047d02@group-D5D069685640: changes role from      null to FOLLOWER at term 0 for startAsFollower
2019-11-19 04:27:51,598 [pool-37-thread-1] INFO  server.RaftServerConfigKeys (ConfUtils.java:logGet(43)) - raft.server.snapshot.auto.trigger.threshold = 10000 (custom)
2019-11-19 04:27:51,598 [pool-47-thread-1] INFO  server.RaftServerConfigKeys (ConfUtils.java:logGet(43)) - raft.server.snapshot.auto.trigger.enabled = true (custom)
2019-11-19 04:27:51,598 [pool-27-thread-1] INFO  impl.RoleInfo (RoleInfo.java:updateAndGet(143)) - 8b42f16a-046f-47a1-90c1-eee5a7047d02: start FollowerState
2019-11-19 04:27:51,598 [pool-47-thread-1] INFO  server.RaftServerConfigKeys (ConfUtils.java:logGet(43)) - raft.server.snapshot.auto.trigger.threshold = 10000 (custom)
2019-11-19 04:27:51,598 [pool-37-thread-1] INFO  server.RaftServerConfigKeys (ConfUtils.java:logGet(43)) - raft.server.snapshot.retention.file.num = 5 (custom)
2019-11-19 04:27:51,599 [pool-47-thread-1] INFO  server.RaftServerConfigKeys (ConfUtils.java:logGet(43)) - raft.server.snapshot.retention.file.num = 5 (custom)
2019-11-19 04:27:51,599 [pool-37-thread-1] INFO  server.RaftServerConfigKeys (ConfUtils.java:logGet(43)) - raft.server.retrycache.expirytime = 600000ms (custom)
2019-11-19 04:27:51,599 [pool-27-thread-1] INFO  util.JmxRegister (JmxRegister.java:tryRegister(44)) - Successfully registered JMX Bean with object name Ratis:service=RaftServer,group=group-D5D069685640,id=8b42f16a-046f-47a1-90c1-eee5a7047d02
2019-11-19 04:27:51,599 [pool-37-thread-1] WARN  impl.MetricRegistriesImpl (MetricRegistriesImpl.java:lambda$create$1(61)) - First MetricRegistry has been created without registering reporters. You may need to call MetricRegistries.global().addReportRegistration(...) before.
2019-11-19 04:27:51,599 [pool-47-thread-1] INFO  server.RaftServerConfigKeys (ConfUtils.java:logGet(43)) - raft.server.retrycache.expirytime = 600000ms (custom)
2019-11-19 04:27:51,599 [pool-37-thread-1] WARN  impl.MetricRegistriesImpl (MetricRegistriesImpl.java:lambda$create$1(61)) - First MetricRegistry has been created without registering reporters. You may need to call MetricRegistries.global().addReportRegistration(...) before.
2019-11-19 04:27:51,599 [pool-27-thread-1] WARN  impl.MetricRegistriesImpl (MetricRegistriesImpl.java:lambda$create$1(61)) - First MetricRegistry has been created without registering reporters. You may need to call MetricRegistries.global().addReportRegistration(...) before.
2019-11-19 04:27:51,599 [pool-47-thread-1] WARN  impl.MetricRegistriesImpl (MetricRegistriesImpl.java:lambda$create$1(61)) - First MetricRegistry has been created without registering reporters. You may need to call MetricRegistries.global().addReportRegistration(...) before.
2019-11-19 04:27:51,599 [pool-37-thread-1] INFO  impl.RaftServerImpl (RaftServerImpl.java:start(184)) - 6eac795c-b416-4929-8077-81de2c3ee3a9@group-D5D069685640: start as a follower, conf=-1: [8b42f16a-046f-47a1-90c1-eee5a7047d02:192.168.34.38:41445, 6eac795c-b416-4929-8077-81de2c3ee3a9:192.168.34.38:39002, 3f911357-18ff-433f-b789-402dfdb2b54e:192.168.34.38:38458], old=null
2019-11-19 04:27:51,599 [pool-47-thread-1] WARN  impl.MetricRegistriesImpl (MetricRegistriesImpl.java:lambda$create$1(61)) - First MetricRegistry has been created without registering reporters. You may need to call MetricRegistries.global().addReportRegistration(...) before.
2019-11-19 04:27:51,599 [pool-37-thread-1] INFO  impl.RaftServerImpl (RaftServerImpl.java:setRole(173)) - 6eac795c-b416-4929-8077-81de2c3ee3a9@group-D5D069685640: changes role from      null to FOLLOWER at term 0 for startAsFollower
2019-11-19 04:27:51,600 [pool-47-thread-1] INFO  impl.RaftServerImpl (RaftServerImpl.java:start(184)) - 3f911357-18ff-433f-b789-402dfdb2b54e@group-D5D069685640: start as a follower, conf=-1: [8b42f16a-046f-47a1-90c1-eee5a7047d02:192.168.34.38:41445, 6eac795c-b416-4929-8077-81de2c3ee3a9:192.168.34.38:39002, 3f911357-18ff-433f-b789-402dfdb2b54e:192.168.34.38:38458], old=null
2019-11-19 04:27:51,600 [pool-37-thread-1] INFO  impl.RoleInfo (RoleInfo.java:updateAndGet(143)) - 6eac795c-b416-4929-8077-81de2c3ee3a9: start FollowerState
2019-11-19 04:27:51,600 [Command processor thread] INFO  commandhandler.CreatePipelineCommandHandler (CreatePipelineCommandHandler.java:handle(86)) - Create Pipeline RATIS THREE #id: "18d334ea-dccb-4d8f-809c-d5d069685640"
 command succeed on datanode 8b42f16a-046f-47a1-90c1-eee5a7047d02.
2019-11-19 04:27:51,600 [pool-47-thread-1] INFO  impl.RaftServerImpl (RaftServerImpl.java:setRole(173)) - 3f911357-18ff-433f-b789-402dfdb2b54e@group-D5D069685640: changes role from      null to FOLLOWER at term 0 for startAsFollower
2019-11-19 04:27:51,600 [pool-47-thread-1] INFO  impl.RoleInfo (RoleInfo.java:updateAndGet(143)) - 3f911357-18ff-433f-b789-402dfdb2b54e: start FollowerState
2019-11-19 04:27:51,600 [pool-37-thread-1] INFO  util.JmxRegister (JmxRegister.java:tryRegister(44)) - Successfully registered JMX Bean with object name Ratis:service=RaftServer,group=group-D5D069685640,id=6eac795c-b416-4929-8077-81de2c3ee3a9
2019-11-19 04:27:51,600 [pool-37-thread-1] WARN  impl.MetricRegistriesImpl (MetricRegistriesImpl.java:lambda$create$1(61)) - First MetricRegistry has been created without registering reporters. You may need to call MetricRegistries.global().addReportRegistration(...) before.
2019-11-19 04:27:51,600 [pool-47-thread-1] INFO  util.JmxRegister (JmxRegister.java:tryRegister(44)) - Successfully registered JMX Bean with object name Ratis:service=RaftServer,group=group-D5D069685640,id=3f911357-18ff-433f-b789-402dfdb2b54e
2019-11-19 04:27:51,600 [pool-47-thread-1] WARN  impl.MetricRegistriesImpl (MetricRegistriesImpl.java:lambda$create$1(61)) - First MetricRegistry has been created without registering reporters. You may need to call MetricRegistries.global().addReportRegistration(...) before.
2019-11-19 04:27:51,601 [Command processor thread] INFO  commandhandler.CreatePipelineCommandHandler (CreatePipelineCommandHandler.java:handle(86)) - Create Pipeline RATIS THREE #id: "18d334ea-dccb-4d8f-809c-d5d069685640"
 command succeed on datanode 6eac795c-b416-4929-8077-81de2c3ee3a9.
2019-11-19 04:27:51,601 [Command processor thread] INFO  commandhandler.CreatePipelineCommandHandler (CreatePipelineCommandHandler.java:handle(86)) - Create Pipeline RATIS THREE #id: "18d334ea-dccb-4d8f-809c-d5d069685640"
 command succeed on datanode 3f911357-18ff-433f-b789-402dfdb2b54e.
2019-11-19 04:27:51,602 [EventQueue-PipelineReportForPipelineReportHandler] INFO  pipeline.PipelineReportHandler (PipelineReportHandler.java:processPipelineReport(113)) - Pipeline THREE PipelineID=18d334ea-dccb-4d8f-809c-d5d069685640 reported by 8b42f16a-046f-47a1-90c1-eee5a7047d02{ip: 192.168.34.38, host: pr-hdds-2527-xk9kf-705888348, networkLocation: /default-rack, certSerialId: null}
2019-11-19 04:27:51,604 [EventQueue-PipelineReportForPipelineReportHandler] INFO  pipeline.PipelineReportHandler (PipelineReportHandler.java:processPipelineReport(113)) - Pipeline THREE PipelineID=18d334ea-dccb-4d8f-809c-d5d069685640 reported by 3f911357-18ff-433f-b789-402dfdb2b54e{ip: 192.168.34.38, host: pr-hdds-2527-xk9kf-705888348, networkLocation: /default-rack, certSerialId: null}
2019-11-19 04:27:51,604 [EventQueue-PipelineReportForPipelineReportHandler] INFO  pipeline.PipelineReportHandler (PipelineReportHandler.java:processPipelineReport(113)) - Pipeline THREE PipelineID=18d334ea-dccb-4d8f-809c-d5d069685640 reported by 6eac795c-b416-4929-8077-81de2c3ee3a9{ip: 192.168.34.38, host: pr-hdds-2527-xk9kf-705888348, networkLocation: /default-rack, certSerialId: null}
2019-11-19 04:27:52,409 [main] INFO  ozone.MiniOzoneClusterImpl (MiniOzoneClusterImpl.java:lambda$waitForClusterToBeReady$0(150)) - Nodes are ready. Got 3 of 3 DN Heartbeats.
2019-11-19 04:27:52,409 [main] INFO  ozone.MiniOzoneClusterImpl (MiniOzoneClusterImpl.java:lambda$waitForClusterToBeReady$0(153)) - Waiting for cluster to exit safe mode
2019-11-19 04:27:53,410 [main] INFO  ozone.MiniOzoneClusterImpl (MiniOzoneClusterImpl.java:lambda$waitForClusterToBeReady$0(150)) - Nodes are ready. Got 3 of 3 DN Heartbeats.
2019-11-19 04:27:53,410 [main] INFO  ozone.MiniOzoneClusterImpl (MiniOzoneClusterImpl.java:lambda$waitForClusterToBeReady$0(153)) - Waiting for cluster to exit safe mode
2019-11-19 04:27:54,410 [main] INFO  ozone.MiniOzoneClusterImpl (MiniOzoneClusterImpl.java:lambda$waitForClusterToBeReady$0(150)) - Nodes are ready. Got 3 of 3 DN Heartbeats.
2019-11-19 04:27:54,411 [main] INFO  ozone.MiniOzoneClusterImpl (MiniOzoneClusterImpl.java:lambda$waitForClusterToBeReady$0(153)) - Waiting for cluster to exit safe mode
2019-11-19 04:27:55,411 [main] INFO  ozone.MiniOzoneClusterImpl (MiniOzoneClusterImpl.java:lambda$waitForClusterToBeReady$0(150)) - Nodes are ready. Got 3 of 3 DN Heartbeats.
2019-11-19 04:27:55,412 [main] INFO  ozone.MiniOzoneClusterImpl (MiniOzoneClusterImpl.java:lambda$waitForClusterToBeReady$0(153)) - Waiting for cluster to exit safe mode
2019-11-19 04:27:56,412 [main] INFO  ozone.MiniOzoneClusterImpl (MiniOzoneClusterImpl.java:lambda$waitForClusterToBeReady$0(150)) - Nodes are ready. Got 3 of 3 DN Heartbeats.
2019-11-19 04:27:56,412 [main] INFO  ozone.MiniOzoneClusterImpl (MiniOzoneClusterImpl.java:lambda$waitForClusterToBeReady$0(153)) - Waiting for cluster to exit safe mode
2019-11-19 04:27:56,658 [Thread-181] INFO  impl.FollowerState (FollowerState.java:run(111)) - 8b42f16a-046f-47a1-90c1-eee5a7047d02@group-6023A000A2EF-FollowerState: change to CANDIDATE, lastRpcTime:5119ms, electionTimeout:5118ms
2019-11-19 04:27:56,660 [Thread-181] INFO  impl.RoleInfo (RoleInfo.java:shutdownFollowerState(121)) - 8b42f16a-046f-47a1-90c1-eee5a7047d02: shutdown FollowerState
2019-11-19 04:27:56,660 [Thread-181] INFO  impl.RaftServerImpl (RaftServerImpl.java:setRole(173)) - 8b42f16a-046f-47a1-90c1-eee5a7047d02@group-6023A000A2EF: changes role from  FOLLOWER to CANDIDATE at term 0 for changeToCandidate
2019-11-19 04:27:56,663 [Thread-181] INFO  impl.RoleInfo (RoleInfo.java:updateAndGet(143)) - 8b42f16a-046f-47a1-90c1-eee5a7047d02: start LeaderElection
2019-11-19 04:27:56,680 [8b42f16a-046f-47a1-90c1-eee5a7047d02@group-6023A000A2EF-LeaderElection1] INFO  impl.LeaderElection (LeaderElection.java:askForVotes(178)) - 8b42f16a-046f-47a1-90c1-eee5a7047d02@group-6023A000A2EF-LeaderElection1: begin an election at term 1 for -1: [8b42f16a-046f-47a1-90c1-eee5a7047d02:192.168.34.38:41445], old=null
2019-11-19 04:27:56,680 [Thread-191] INFO  impl.FollowerState (FollowerState.java:run(111)) - 3f911357-18ff-433f-b789-402dfdb2b54e@group-D5D069685640-FollowerState: change to CANDIDATE, lastRpcTime:5080ms, electionTimeout:5080ms
2019-11-19 04:27:56,681 [Thread-191] INFO  impl.RoleInfo (RoleInfo.java:shutdownFollowerState(121)) - 3f911357-18ff-433f-b789-402dfdb2b54e: shutdown FollowerState
2019-11-19 04:27:56,681 [Thread-191] INFO  impl.RaftServerImpl (RaftServerImpl.java:setRole(173)) - 3f911357-18ff-433f-b789-402dfdb2b54e@group-D5D069685640: changes role from  FOLLOWER to CANDIDATE at term 0 for changeToCandidate
2019-11-19 04:27:56,682 [Thread-191] INFO  impl.RoleInfo (RoleInfo.java:updateAndGet(143)) - 3f911357-18ff-433f-b789-402dfdb2b54e: start LeaderElection
2019-11-19 04:27:56,684 [8b42f16a-046f-47a1-90c1-eee5a7047d02@group-6023A000A2EF-LeaderElection1] INFO  impl.RoleInfo (RoleInfo.java:shutdownLeaderElection(134)) - 8b42f16a-046f-47a1-90c1-eee5a7047d02: shutdown LeaderElection
2019-11-19 04:27:56,684 [8b42f16a-046f-47a1-90c1-eee5a7047d02@group-6023A000A2EF-LeaderElection1] INFO  impl.RaftServerImpl (RaftServerImpl.java:setRole(173)) - 8b42f16a-046f-47a1-90c1-eee5a7047d02@group-6023A000A2EF: changes role from CANDIDATE to LEADER at term 1 for changeToLeader
2019-11-19 04:27:56,685 [8b42f16a-046f-47a1-90c1-eee5a7047d02@group-6023A000A2EF-LeaderElection1] INFO  ratis.XceiverServerRatis (XceiverServerRatis.java:handleLeaderChangedNotification(733)) - Leader change notification received for group: group-6023A000A2EF with new leaderId: 8b42f16a-046f-47a1-90c1-eee5a7047d02
2019-11-19 04:27:56,685 [8b42f16a-046f-47a1-90c1-eee5a7047d02@group-6023A000A2EF-LeaderElection1] INFO  impl.RaftServerImpl (ServerState.java:setLeader(255)) - 8b42f16a-046f-47a1-90c1-eee5a7047d02@group-6023A000A2EF: change Leader from null to 8b42f16a-046f-47a1-90c1-eee5a7047d02 at term 1 for becomeLeader, leader elected after 5257ms
2019-11-19 04:27:56,687 [EventQueue-PipelineReportForPipelineReportHandler] INFO  pipeline.PipelineReportHandler (PipelineReportHandler.java:processPipelineReport(113)) - Pipeline THREE PipelineID=18d334ea-dccb-4d8f-809c-d5d069685640 reported by 8b42f16a-046f-47a1-90c1-eee5a7047d02{ip: 192.168.34.38, host: pr-hdds-2527-xk9kf-705888348, networkLocation: /default-rack, certSerialId: null}
2019-11-19 04:27:56,692 [8b42f16a-046f-47a1-90c1-eee5a7047d02@group-6023A000A2EF-LeaderElection1] INFO  server.RaftServerConfigKeys (ConfUtils.java:logGet(43)) - raft.server.staging.catchup.gap = 1000 (default)
2019-11-19 04:27:56,692 [8b42f16a-046f-47a1-90c1-eee5a7047d02@group-6023A000A2EF-LeaderElection1] INFO  server.RaftServerConfigKeys (ConfUtils.java:logGet(43)) - raft.server.rpc.sleep.time = 25ms (default)
2019-11-19 04:27:56,696 [3f911357-18ff-433f-b789-402dfdb2b54e@group-D5D069685640-LeaderElection2] INFO  impl.LeaderElection (LeaderElection.java:askForVotes(178)) - 3f911357-18ff-433f-b789-402dfdb2b54e@group-D5D069685640-LeaderElection2: begin an election at term 1 for -1: [8b42f16a-046f-47a1-90c1-eee5a7047d02:192.168.34.38:41445, 6eac795c-b416-4929-8077-81de2c3ee3a9:192.168.34.38:39002, 3f911357-18ff-433f-b789-402dfdb2b54e:192.168.34.38:38458], old=null
2019-11-19 04:27:56,698 [8b42f16a-046f-47a1-90c1-eee5a7047d02@group-6023A000A2EF-LeaderElection1] INFO  server.RaftServerConfigKeys (ConfUtils.java:logGet(43)) - raft.server.write.element-limit = 4096 (default)
2019-11-19 04:27:56,700 [Thread-182] INFO  impl.FollowerState (FollowerState.java:run(111)) - 6eac795c-b416-4929-8077-81de2c3ee3a9@group-4AAC031F1598-FollowerState: change to CANDIDATE, lastRpcTime:5161ms, electionTimeout:5160ms
2019-11-19 04:27:56,700 [Thread-182] INFO  impl.RoleInfo (RoleInfo.java:shutdownFollowerState(121)) - 6eac795c-b416-4929-8077-81de2c3ee3a9: shutdown FollowerState
2019-11-19 04:27:56,700 [Thread-182] INFO  impl.RaftServerImpl (RaftServerImpl.java:setRole(173)) - 6eac795c-b416-4929-8077-81de2c3ee3a9@group-4AAC031F1598: changes role from  FOLLOWER to CANDIDATE at term 0 for changeToCandidate
2019-11-19 04:27:56,701 [Thread-182] INFO  impl.RoleInfo (RoleInfo.java:updateAndGet(143)) - 6eac795c-b416-4929-8077-81de2c3ee3a9: start LeaderElection
2019-11-19 04:27:56,706 [8b42f16a-046f-47a1-90c1-eee5a7047d02@group-6023A000A2EF-LeaderElection1] INFO  server.RaftServerConfigKeys (ConfUtils.java:logGet(43)) - raft.server.watch.timeout = 10s (default)
2019-11-19 04:27:56,707 [8b42f16a-046f-47a1-90c1-eee5a7047d02@group-6023A000A2EF-LeaderElection1] INFO  server.RaftServerConfigKeys (ConfUtils.java:logGet(43)) - raft.server.watch.timeout.denomination = 1s (default)
2019-11-19 04:27:56,708 [8b42f16a-046f-47a1-90c1-eee5a7047d02@group-6023A000A2EF-LeaderElection1] INFO  server.RaftServerConfigKeys (ConfUtils.java:logGet(43)) - raft.server.watch.element-limit = 65536 (default)
2019-11-19 04:27:56,716 [6eac795c-b416-4929-8077-81de2c3ee3a9@group-4AAC031F1598-LeaderElection3] INFO  impl.LeaderElection (LeaderElection.java:askForVotes(178)) - 6eac795c-b416-4929-8077-81de2c3ee3a9@group-4AAC031F1598-LeaderElection3: begin an election at term 1 for -1: [6eac795c-b416-4929-8077-81de2c3ee3a9:192.168.34.38:39002], old=null
2019-11-19 04:27:56,716 [6eac795c-b416-4929-8077-81de2c3ee3a9@group-4AAC031F1598-LeaderElection3] INFO  impl.RoleInfo (RoleInfo.java:shutdownLeaderElection(134)) - 6eac795c-b416-4929-8077-81de2c3ee3a9: shutdown LeaderElection
2019-11-19 04:27:56,716 [6eac795c-b416-4929-8077-81de2c3ee3a9@group-4AAC031F1598-LeaderElection3] INFO  impl.RaftServerImpl (RaftServerImpl.java:setRole(173)) - 6eac795c-b416-4929-8077-81de2c3ee3a9@group-4AAC031F1598: changes role from CANDIDATE to LEADER at term 1 for changeToLeader
2019-11-19 04:27:56,716 [6eac795c-b416-4929-8077-81de2c3ee3a9@group-4AAC031F1598-LeaderElection3] INFO  ratis.XceiverServerRatis (XceiverServerRatis.java:handleLeaderChangedNotification(733)) - Leader change notification received for group: group-4AAC031F1598 with new leaderId: 6eac795c-b416-4929-8077-81de2c3ee3a9
2019-11-19 04:27:56,716 [6eac795c-b416-4929-8077-81de2c3ee3a9@group-4AAC031F1598-LeaderElection3] INFO  impl.RaftServerImpl (ServerState.java:setLeader(255)) - 6eac795c-b416-4929-8077-81de2c3ee3a9@group-4AAC031F1598: change Leader from null to 6eac795c-b416-4929-8077-81de2c3ee3a9 at term 1 for becomeLeader, leader elected after 5288ms
2019-11-19 04:27:56,716 [6eac795c-b416-4929-8077-81de2c3ee3a9@group-4AAC031F1598-LeaderElection3] INFO  server.RaftServerConfigKeys (ConfUtils.java:logGet(43)) - raft.server.staging.catchup.gap = 1000 (default)
2019-11-19 04:27:56,716 [6eac795c-b416-4929-8077-81de2c3ee3a9@group-4AAC031F1598-LeaderElection3] INFO  server.RaftServerConfigKeys (ConfUtils.java:logGet(43)) - raft.server.rpc.sleep.time = 25ms (default)
2019-11-19 04:27:56,717 [6eac795c-b416-4929-8077-81de2c3ee3a9@group-4AAC031F1598-LeaderElection3] INFO  server.RaftServerConfigKeys (ConfUtils.java:logGet(43)) - raft.server.write.element-limit = 4096 (default)
2019-11-19 04:27:56,717 [6eac795c-b416-4929-8077-81de2c3ee3a9@group-4AAC031F1598-LeaderElection3] INFO  server.RaftServerConfigKeys (ConfUtils.java:logGet(43)) - raft.server.watch.timeout = 10s (default)
2019-11-19 04:27:56,717 [6eac795c-b416-4929-8077-81de2c3ee3a9@group-4AAC031F1598-LeaderElection3] INFO  server.RaftServerConfigKeys (ConfUtils.java:logGet(43)) - raft.server.watch.timeout.denomination = 1s (default)
2019-11-19 04:27:56,717 [6eac795c-b416-4929-8077-81de2c3ee3a9@group-4AAC031F1598-LeaderElection3] INFO  server.RaftServerConfigKeys (ConfUtils.java:logGet(43)) - raft.server.watch.element-limit = 65536 (default)
2019-11-19 04:27:56,718 [6eac795c-b416-4929-8077-81de2c3ee3a9@group-4AAC031F1598-LeaderElection3] INFO  impl.RoleInfo (RoleInfo.java:updateAndGet(143)) - 6eac795c-b416-4929-8077-81de2c3ee3a9: start LeaderState
2019-11-19 04:27:56,718 [8b42f16a-046f-47a1-90c1-eee5a7047d02@group-6023A000A2EF-LeaderElection1] INFO  impl.RoleInfo (RoleInfo.java:updateAndGet(143)) - 8b42f16a-046f-47a1-90c1-eee5a7047d02: start LeaderState
2019-11-19 04:27:56,719 [EventQueue-PipelineReportForPipelineReportHandler] INFO  pipeline.PipelineReportHandler (PipelineReportHandler.java:processPipelineReport(113)) - Pipeline THREE PipelineID=18d334ea-dccb-4d8f-809c-d5d069685640 reported by 6eac795c-b416-4929-8077-81de2c3ee3a9{ip: 192.168.34.38, host: pr-hdds-2527-xk9kf-705888348, networkLocation: /default-rack, certSerialId: null}
2019-11-19 04:27:56,720 [Thread-190] INFO  impl.FollowerState (FollowerState.java:run(111)) - 6eac795c-b416-4929-8077-81de2c3ee3a9@group-D5D069685640-FollowerState: change to CANDIDATE, lastRpcTime:5120ms, electionTimeout:5120ms
2019-11-19 04:27:56,720 [Thread-190] INFO  impl.RoleInfo (RoleInfo.java:shutdownFollowerState(121)) - 6eac795c-b416-4929-8077-81de2c3ee3a9: shutdown FollowerState
2019-11-19 04:27:56,720 [Thread-190] INFO  impl.RaftServerImpl (RaftServerImpl.java:setRole(173)) - 6eac795c-b416-4929-8077-81de2c3ee3a9@group-D5D069685640: changes role from  FOLLOWER to CANDIDATE at term 0 for changeToCandidate
2019-11-19 04:27:56,720 [Thread-190] INFO  impl.RoleInfo (RoleInfo.java:updateAndGet(143)) - 6eac795c-b416-4929-8077-81de2c3ee3a9: start LeaderElection
2019-11-19 04:27:56,723 [Thread-183] INFO  impl.FollowerState (FollowerState.java:run(111)) - 3f911357-18ff-433f-b789-402dfdb2b54e@group-C5AD7BEE53E1-FollowerState: change to CANDIDATE, lastRpcTime:5184ms, electionTimeout:5182ms
2019-11-19 04:27:56,723 [Thread-183] INFO  impl.RoleInfo (RoleInfo.java:shutdownFollowerState(121)) - 3f911357-18ff-433f-b789-402dfdb2b54e: shutdown FollowerState
2019-11-19 04:27:56,723 [Thread-183] INFO  impl.RaftServerImpl (RaftServerImpl.java:setRole(173)) - 3f911357-18ff-433f-b789-402dfdb2b54e@group-C5AD7BEE53E1: changes role from  FOLLOWER to CANDIDATE at term 0 for changeToCandidate
2019-11-19 04:27:56,723 [Thread-183] INFO  impl.RoleInfo (RoleInfo.java:updateAndGet(143)) - 3f911357-18ff-433f-b789-402dfdb2b54e: start LeaderElection
2019-11-19 04:27:56,736 [3f911357-18ff-433f-b789-402dfdb2b54e@group-C5AD7BEE53E1-LeaderElection5] INFO  impl.LeaderElection (LeaderElection.java:askForVotes(178)) - 3f911357-18ff-433f-b789-402dfdb2b54e@group-C5AD7BEE53E1-LeaderElection5: begin an election at term 1 for -1: [3f911357-18ff-433f-b789-402dfdb2b54e:192.168.34.38:38458], old=null
2019-11-19 04:27:56,736 [6eac795c-b416-4929-8077-81de2c3ee3a9@group-D5D069685640-LeaderElection4] INFO  impl.LeaderElection (LeaderElection.java:askForVotes(178)) - 6eac795c-b416-4929-8077-81de2c3ee3a9@group-D5D069685640-LeaderElection4: begin an election at term 1 for -1: [8b42f16a-046f-47a1-90c1-eee5a7047d02:192.168.34.38:41445, 6eac795c-b416-4929-8077-81de2c3ee3a9:192.168.34.38:39002, 3f911357-18ff-433f-b789-402dfdb2b54e:192.168.34.38:38458], old=null
2019-11-19 04:27:56,736 [3f911357-18ff-433f-b789-402dfdb2b54e@group-C5AD7BEE53E1-LeaderElection5] INFO  impl.RoleInfo (RoleInfo.java:shutdownLeaderElection(134)) - 3f911357-18ff-433f-b789-402dfdb2b54e: shutdown LeaderElection
2019-11-19 04:27:56,736 [3f911357-18ff-433f-b789-402dfdb2b54e@group-C5AD7BEE53E1-LeaderElection5] INFO  impl.RaftServerImpl (RaftServerImpl.java:setRole(173)) - 3f911357-18ff-433f-b789-402dfdb2b54e@group-C5AD7BEE53E1: changes role from CANDIDATE to LEADER at term 1 for changeToLeader
2019-11-19 04:27:56,736 [3f911357-18ff-433f-b789-402dfdb2b54e@group-C5AD7BEE53E1-LeaderElection5] INFO  ratis.XceiverServerRatis (XceiverServerRatis.java:handleLeaderChangedNotification(733)) - Leader change notification received for group: group-C5AD7BEE53E1 with new leaderId: 3f911357-18ff-433f-b789-402dfdb2b54e
2019-11-19 04:27:56,736 [3f911357-18ff-433f-b789-402dfdb2b54e@group-C5AD7BEE53E1-LeaderElection5] INFO  impl.RaftServerImpl (ServerState.java:setLeader(255)) - 3f911357-18ff-433f-b789-402dfdb2b54e@group-C5AD7BEE53E1: change Leader from null to 3f911357-18ff-433f-b789-402dfdb2b54e at term 1 for becomeLeader, leader elected after 5298ms
2019-11-19 04:27:56,736 [3f911357-18ff-433f-b789-402dfdb2b54e@group-C5AD7BEE53E1-LeaderElection5] INFO  server.RaftServerConfigKeys (ConfUtils.java:logGet(43)) - raft.server.staging.catchup.gap = 1000 (default)
2019-11-19 04:27:56,736 [3f911357-18ff-433f-b789-402dfdb2b54e@group-C5AD7BEE53E1-LeaderElection5] INFO  server.RaftServerConfigKeys (ConfUtils.java:logGet(43)) - raft.server.rpc.sleep.time = 25ms (default)
2019-11-19 04:27:56,737 [3f911357-18ff-433f-b789-402dfdb2b54e@group-C5AD7BEE53E1-LeaderElection5] INFO  server.RaftServerConfigKeys (ConfUtils.java:logGet(43)) - raft.server.write.element-limit = 4096 (default)
2019-11-19 04:27:56,737 [3f911357-18ff-433f-b789-402dfdb2b54e@group-C5AD7BEE53E1-LeaderElection5] INFO  server.RaftServerConfigKeys (ConfUtils.java:logGet(43)) - raft.server.watch.timeout = 10s (default)
2019-11-19 04:27:56,737 [3f911357-18ff-433f-b789-402dfdb2b54e@group-C5AD7BEE53E1-LeaderElection5] INFO  server.RaftServerConfigKeys (ConfUtils.java:logGet(43)) - raft.server.watch.timeout.denomination = 1s (default)
2019-11-19 04:27:56,738 [3f911357-18ff-433f-b789-402dfdb2b54e@group-C5AD7BEE53E1-LeaderElection5] INFO  server.RaftServerConfigKeys (ConfUtils.java:logGet(43)) - raft.server.watch.element-limit = 65536 (default)
2019-11-19 04:27:56,738 [3f911357-18ff-433f-b789-402dfdb2b54e@group-C5AD7BEE53E1-LeaderElection5] INFO  impl.RoleInfo (RoleInfo.java:updateAndGet(143)) - 3f911357-18ff-433f-b789-402dfdb2b54e: start LeaderState
2019-11-19 04:27:56,739 [EventQueue-PipelineReportForPipelineReportHandler] INFO  pipeline.PipelineReportHandler (PipelineReportHandler.java:processPipelineReport(113)) - Pipeline THREE PipelineID=18d334ea-dccb-4d8f-809c-d5d069685640 reported by 3f911357-18ff-433f-b789-402dfdb2b54e{ip: 192.168.34.38, host: pr-hdds-2527-xk9kf-705888348, networkLocation: /default-rack, certSerialId: null}
2019-11-19 04:27:56,740 [3f911357-18ff-433f-b789-402dfdb2b54e@group-C5AD7BEE53E1-LeaderElection5] INFO  segmented.SegmentedRaftLogWorker (SegmentedRaftLogWorker.java:startLogSegment(385)) - 3f911357-18ff-433f-b789-402dfdb2b54e@group-C5AD7BEE53E1-SegmentedRaftLogWorker: Starting segment from index:0
2019-11-19 04:27:56,740 [6eac795c-b416-4929-8077-81de2c3ee3a9@group-4AAC031F1598-LeaderElection3] INFO  segmented.SegmentedRaftLogWorker (SegmentedRaftLogWorker.java:startLogSegment(385)) - 6eac795c-b416-4929-8077-81de2c3ee3a9@group-4AAC031F1598-SegmentedRaftLogWorker: Starting segment from index:0
2019-11-19 04:27:56,740 [8b42f16a-046f-47a1-90c1-eee5a7047d02@group-6023A000A2EF-LeaderElection1] INFO  segmented.SegmentedRaftLogWorker (SegmentedRaftLogWorker.java:startLogSegment(385)) - 8b42f16a-046f-47a1-90c1-eee5a7047d02@group-6023A000A2EF-SegmentedRaftLogWorker: Starting segment from index:0
2019-11-19 04:27:56,764 [8b42f16a-046f-47a1-90c1-eee5a7047d02@group-6023A000A2EF-LeaderElection1] INFO  impl.RaftServerImpl (ServerState.java:setRaftConf(356)) - 8b42f16a-046f-47a1-90c1-eee5a7047d02@group-6023A000A2EF: set configuration 0: [8b42f16a-046f-47a1-90c1-eee5a7047d02:192.168.34.38:41445], old=null at 0
2019-11-19 04:27:56,764 [3f911357-18ff-433f-b789-402dfdb2b54e@group-C5AD7BEE53E1-LeaderElection5] INFO  impl.RaftServerImpl (ServerState.java:setRaftConf(356)) - 3f911357-18ff-433f-b789-402dfdb2b54e@group-C5AD7BEE53E1: set configuration 0: [3f911357-18ff-433f-b789-402dfdb2b54e:192.168.34.38:38458], old=null at 0
2019-11-19 04:27:56,764 [6eac795c-b416-4929-8077-81de2c3ee3a9@group-4AAC031F1598-LeaderElection3] INFO  impl.RaftServerImpl (ServerState.java:setRaftConf(356)) - 6eac795c-b416-4929-8077-81de2c3ee3a9@group-4AAC031F1598: set configuration 0: [6eac795c-b416-4929-8077-81de2c3ee3a9:192.168.34.38:39002], old=null at 0
2019-11-19 04:27:56,796 [Thread-187] INFO  impl.FollowerState (FollowerState.java:run(111)) - 8b42f16a-046f-47a1-90c1-eee5a7047d02@group-D5D069685640-FollowerState: change to CANDIDATE, lastRpcTime:5197ms, electionTimeout:5197ms
2019-11-19 04:27:56,796 [Thread-187] INFO  impl.RoleInfo (RoleInfo.java:shutdownFollowerState(121)) - 8b42f16a-046f-47a1-90c1-eee5a7047d02: shutdown FollowerState
2019-11-19 04:27:56,796 [Thread-187] INFO  impl.RaftServerImpl (RaftServerImpl.java:setRole(173)) - 8b42f16a-046f-47a1-90c1-eee5a7047d02@group-D5D069685640: changes role from  FOLLOWER to CANDIDATE at term 0 for changeToCandidate
2019-11-19 04:27:56,796 [Thread-187] INFO  impl.RoleInfo (RoleInfo.java:updateAndGet(143)) - 8b42f16a-046f-47a1-90c1-eee5a7047d02: start LeaderElection
2019-11-19 04:27:56,812 [8b42f16a-046f-47a1-90c1-eee5a7047d02@group-D5D069685640-LeaderElection6] INFO  impl.LeaderElection (LeaderElection.java:askForVotes(178)) - 8b42f16a-046f-47a1-90c1-eee5a7047d02@group-D5D069685640-LeaderElection6: begin an election at term 1 for -1: [8b42f16a-046f-47a1-90c1-eee5a7047d02:192.168.34.38:41445, 6eac795c-b416-4929-8077-81de2c3ee3a9:192.168.34.38:39002, 3f911357-18ff-433f-b789-402dfdb2b54e:192.168.34.38:38458], old=null
2019-11-19 04:27:56,931 [8b42f16a-046f-47a1-90c1-eee5a7047d02@group-6023A000A2EF-SegmentedRaftLogWorker] INFO  segmented.SegmentedRaftLogWorker (SegmentedRaftLogWorker.java:execute(576)) - 8b42f16a-046f-47a1-90c1-eee5a7047d02@group-6023A000A2EF-SegmentedRaftLogWorker: created new log segment /workdir/hadoop-ozone/tools/target/test-dir/MiniOzoneClusterImpl-c4d67550-36c6-4904-99d4-5ad2f7b3e335/datanode-0/data/ratis/1ed88420-7c01-43ce-a367-6023a000a2ef/current/log_inprogress_0
2019-11-19 04:27:56,931 [3f911357-18ff-433f-b789-402dfdb2b54e@group-C5AD7BEE53E1-SegmentedRaftLogWorker] INFO  segmented.SegmentedRaftLogWorker (SegmentedRaftLogWorker.java:execute(576)) - 3f911357-18ff-433f-b789-402dfdb2b54e@group-C5AD7BEE53E1-SegmentedRaftLogWorker: created new log segment /workdir/hadoop-ozone/tools/target/test-dir/MiniOzoneClusterImpl-c4d67550-36c6-4904-99d4-5ad2f7b3e335/datanode-2/data/ratis/29bac647-2a44-4d1a-9492-c5ad7bee53e1/current/log_inprogress_0
2019-11-19 04:27:56,931 [6eac795c-b416-4929-8077-81de2c3ee3a9@group-4AAC031F1598-SegmentedRaftLogWorker] INFO  segmented.SegmentedRaftLogWorker (SegmentedRaftLogWorker.java:execute(576)) - 6eac795c-b416-4929-8077-81de2c3ee3a9@group-4AAC031F1598-SegmentedRaftLogWorker: created new log segment /workdir/hadoop-ozone/tools/target/test-dir/MiniOzoneClusterImpl-c4d67550-36c6-4904-99d4-5ad2f7b3e335/datanode-1/data/ratis/fe4edacc-bffd-43d1-aeda-4aac031f1598/current/log_inprogress_0
2019-11-19 04:27:57,162 [3f911357-18ff-433f-b789-402dfdb2b54e@group-D5D069685640-LeaderElection2] INFO  impl.LeaderElection (LeaderElection.java:logAndReturn(56)) - 3f911357-18ff-433f-b789-402dfdb2b54e@group-D5D069685640-LeaderElection2: Election REJECTED; received 2 response(s) [3f911357-18ff-433f-b789-402dfdb2b54e<-8b42f16a-046f-47a1-90c1-eee5a7047d02#0:FAIL-t1, 3f911357-18ff-433f-b789-402dfdb2b54e<-6eac795c-b416-4929-8077-81de2c3ee3a9#0:FAIL-t1] and 0 exception(s); 3f911357-18ff-433f-b789-402dfdb2b54e@group-D5D069685640:t1, leader=null, voted=3f911357-18ff-433f-b789-402dfdb2b54e, raftlog=3f911357-18ff-433f-b789-402dfdb2b54e@group-D5D069685640-SegmentedRaftLog:OPENED:c-1,f-1,i0, conf=-1: [8b42f16a-046f-47a1-90c1-eee5a7047d02:192.168.34.38:41445, 6eac795c-b416-4929-8077-81de2c3ee3a9:192.168.34.38:39002, 3f911357-18ff-433f-b789-402dfdb2b54e:192.168.34.38:38458], old=null
2019-11-19 04:27:57,162 [6eac795c-b416-4929-8077-81de2c3ee3a9@group-D5D069685640-LeaderElection4] INFO  impl.LeaderElection (LeaderElection.java:logAndReturn(56)) - 6eac795c-b416-4929-8077-81de2c3ee3a9@group-D5D069685640-LeaderElection4: Election REJECTED; received 2 response(s) [6eac795c-b416-4929-8077-81de2c3ee3a9<-8b42f16a-046f-47a1-90c1-eee5a7047d02#0:FAIL-t1, 6eac795c-b416-4929-8077-81de2c3ee3a9<-3f911357-18ff-433f-b789-402dfdb2b54e#0:FAIL-t1] and 0 exception(s); 6eac795c-b416-4929-8077-81de2c3ee3a9@group-D5D069685640:t1, leader=null, voted=6eac795c-b416-4929-8077-81de2c3ee3a9, raftlog=6eac795c-b416-4929-8077-81de2c3ee3a9@group-D5D069685640-SegmentedRaftLog:OPENED:c-1,f-1,i0, conf=-1: [8b42f16a-046f-47a1-90c1-eee5a7047d02:192.168.34.38:41445, 6eac795c-b416-4929-8077-81de2c3ee3a9:192.168.34.38:39002, 3f911357-18ff-433f-b789-402dfdb2b54e:192.168.34.38:38458], old=null
2019-11-19 04:27:57,162 [8b42f16a-046f-47a1-90c1-eee5a7047d02@group-D5D069685640-LeaderElection6] INFO  impl.LeaderElection (LeaderElection.java:logAndReturn(56)) - 8b42f16a-046f-47a1-90c1-eee5a7047d02@group-D5D069685640-LeaderElection6: Election REJECTED; received 2 response(s) [8b42f16a-046f-47a1-90c1-eee5a7047d02<-3f911357-18ff-433f-b789-402dfdb2b54e#0:FAIL-t1, 8b42f16a-046f-47a1-90c1-eee5a7047d02<-6eac795c-b416-4929-8077-81de2c3ee3a9#0:FAIL-t1] and 0 exception(s); 8b42f16a-046f-47a1-90c1-eee5a7047d02@group-D5D069685640:t1, leader=null, voted=8b42f16a-046f-47a1-90c1-eee5a7047d02, raftlog=8b42f16a-046f-47a1-90c1-eee5a7047d02@group-D5D069685640-SegmentedRaftLog:OPENED:c-1,f-1,i0, conf=-1: [8b42f16a-046f-47a1-90c1-eee5a7047d02:192.168.34.38:41445, 6eac795c-b416-4929-8077-81de2c3ee3a9:192.168.34.38:39002, 3f911357-18ff-433f-b789-402dfdb2b54e:192.168.34.38:38458], old=null
2019-11-19 04:27:57,164 [3f911357-18ff-433f-b789-402dfdb2b54e@group-D5D069685640-LeaderElection2] INFO  impl.RaftServerImpl (RaftServerImpl.java:setRole(173)) - 3f911357-18ff-433f-b789-402dfdb2b54e@group-D5D069685640: changes role from CANDIDATE to FOLLOWER at term 1 for DISCOVERED_A_NEW_TERM
2019-11-19 04:27:57,165 [8b42f16a-046f-47a1-90c1-eee5a7047d02@group-D5D069685640-LeaderElection6] INFO  impl.RaftServerImpl (RaftServerImpl.java:setRole(173)) - 8b42f16a-046f-47a1-90c1-eee5a7047d02@group-D5D069685640: changes role from CANDIDATE to FOLLOWER at term 1 for DISCOVERED_A_NEW_TERM
2019-11-19 04:27:57,165 [3f911357-18ff-433f-b789-402dfdb2b54e@group-D5D069685640-LeaderElection2] INFO  impl.RoleInfo (RoleInfo.java:shutdownLeaderElection(134)) - 3f911357-18ff-433f-b789-402dfdb2b54e: shutdown LeaderElection
2019-11-19 04:27:57,166 [6eac795c-b416-4929-8077-81de2c3ee3a9@group-D5D069685640-LeaderElection4] INFO  impl.RaftServerImpl (RaftServerImpl.java:setRole(173)) - 6eac795c-b416-4929-8077-81de2c3ee3a9@group-D5D069685640: changes role from CANDIDATE to FOLLOWER at term 1 for DISCOVERED_A_NEW_TERM
2019-11-19 04:27:57,168 [3f911357-18ff-433f-b789-402dfdb2b54e@group-D5D069685640-LeaderElection2] INFO  impl.RoleInfo (RoleInfo.java:updateAndGet(143)) - 3f911357-18ff-433f-b789-402dfdb2b54e: start FollowerState
2019-11-19 04:27:57,168 [8b42f16a-046f-47a1-90c1-eee5a7047d02@group-D5D069685640-LeaderElection6] INFO  impl.RoleInfo (RoleInfo.java:shutdownLeaderElection(134)) - 8b42f16a-046f-47a1-90c1-eee5a7047d02: shutdown LeaderElection
2019-11-19 04:27:57,168 [6eac795c-b416-4929-8077-81de2c3ee3a9@group-D5D069685640-LeaderElection4] INFO  impl.RoleInfo (RoleInfo.java:shutdownLeaderElection(134)) - 6eac795c-b416-4929-8077-81de2c3ee3a9: shutdown LeaderElection
2019-11-19 04:27:57,169 [6eac795c-b416-4929-8077-81de2c3ee3a9@group-D5D069685640-LeaderElection4] INFO  impl.RoleInfo (RoleInfo.java:updateAndGet(143)) - 6eac795c-b416-4929-8077-81de2c3ee3a9: start FollowerState
2019-11-19 04:27:57,169 [8b42f16a-046f-47a1-90c1-eee5a7047d02@group-D5D069685640-LeaderElection6] INFO  impl.RoleInfo (RoleInfo.java:updateAndGet(143)) - 8b42f16a-046f-47a1-90c1-eee5a7047d02: start FollowerState
2019-11-19 04:27:57,413 [main] INFO  ozone.MiniOzoneClusterImpl (MiniOzoneClusterImpl.java:lambda$waitForClusterToBeReady$0(150)) - Nodes are ready. Got 3 of 3 DN Heartbeats.
2019-11-19 04:27:57,413 [main] INFO  ozone.MiniOzoneClusterImpl (MiniOzoneClusterImpl.java:lambda$waitForClusterToBeReady$0(153)) - Waiting for cluster to exit safe mode
2019-11-19 04:27:58,414 [main] INFO  ozone.MiniOzoneClusterImpl (MiniOzoneClusterImpl.java:lambda$waitForClusterToBeReady$0(150)) - Nodes are ready. Got 3 of 3 DN Heartbeats.
2019-11-19 04:27:58,414 [main] INFO  ozone.MiniOzoneClusterImpl (MiniOzoneClusterImpl.java:lambda$waitForClusterToBeReady$0(153)) - Waiting for cluster to exit safe mode
2019-11-19 04:27:59,415 [main] INFO  ozone.MiniOzoneClusterImpl (MiniOzoneClusterImpl.java:lambda$waitForClusterToBeReady$0(150)) - Nodes are ready. Got 3 of 3 DN Heartbeats.
2019-11-19 04:27:59,415 [main] INFO  ozone.MiniOzoneClusterImpl (MiniOzoneClusterImpl.java:lambda$waitForClusterToBeReady$0(153)) - Waiting for cluster to exit safe mode
2019-11-19 04:28:00,415 [main] INFO  ozone.MiniOzoneClusterImpl (MiniOzoneClusterImpl.java:lambda$waitForClusterToBeReady$0(150)) - Nodes are ready. Got 3 of 3 DN Heartbeats.
2019-11-19 04:28:00,416 [main] INFO  ozone.MiniOzoneClusterImpl (MiniOzoneClusterImpl.java:lambda$waitForClusterToBeReady$0(153)) - Waiting for cluster to exit safe mode
2019-11-19 04:28:01,416 [main] INFO  ozone.MiniOzoneClusterImpl (MiniOzoneClusterImpl.java:lambda$waitForClusterToBeReady$0(150)) - Nodes are ready. Got 3 of 3 DN Heartbeats.
2019-11-19 04:28:01,416 [main] INFO  ozone.MiniOzoneClusterImpl (MiniOzoneClusterImpl.java:lambda$waitForClusterToBeReady$0(153)) - Waiting for cluster to exit safe mode
2019-11-19 04:28:02,248 [Thread-208] INFO  impl.FollowerState (FollowerState.java:run(111)) - 8b42f16a-046f-47a1-90c1-eee5a7047d02@group-D5D069685640-FollowerState: change to CANDIDATE, lastRpcTime:5079ms, electionTimeout:5077ms
2019-11-19 04:28:02,249 [Thread-208] INFO  impl.RoleInfo (RoleInfo.java:shutdownFollowerState(121)) - 8b42f16a-046f-47a1-90c1-eee5a7047d02: shutdown FollowerState
2019-11-19 04:28:02,249 [Thread-208] INFO  impl.RaftServerImpl (RaftServerImpl.java:setRole(173)) - 8b42f16a-046f-47a1-90c1-eee5a7047d02@group-D5D069685640: changes role from  FOLLOWER to CANDIDATE at term 1 for changeToCandidate
2019-11-19 04:28:02,249 [Thread-208] INFO  impl.RoleInfo (RoleInfo.java:updateAndGet(143)) - 8b42f16a-046f-47a1-90c1-eee5a7047d02: start LeaderElection
2019-11-19 04:28:02,266 [8b42f16a-046f-47a1-90c1-eee5a7047d02@group-D5D069685640-LeaderElection7] INFO  impl.LeaderElection (LeaderElection.java:askForVotes(178)) - 8b42f16a-046f-47a1-90c1-eee5a7047d02@group-D5D069685640-LeaderElection7: begin an election at term 2 for -1: [8b42f16a-046f-47a1-90c1-eee5a7047d02:192.168.34.38:41445, 6eac795c-b416-4929-8077-81de2c3ee3a9:192.168.34.38:39002, 3f911357-18ff-433f-b789-402dfdb2b54e:192.168.34.38:38458], old=null
2019-11-19 04:28:02,276 [grpc-default-executor-4] INFO  impl.RaftServerImpl (RaftServerImpl.java:setRole(173)) - 3f911357-18ff-433f-b789-402dfdb2b54e@group-D5D069685640: changes role from  FOLLOWER to FOLLOWER at term 2 for recognizeCandidate:8b42f16a-046f-47a1-90c1-eee5a7047d02
2019-11-19 04:28:02,276 [grpc-default-executor-2] INFO  impl.RaftServerImpl (RaftServerImpl.java:setRole(173)) - 6eac795c-b416-4929-8077-81de2c3ee3a9@group-D5D069685640: changes role from  FOLLOWER to FOLLOWER at term 2 for recognizeCandidate:8b42f16a-046f-47a1-90c1-eee5a7047d02
2019-11-19 04:28:02,276 [grpc-default-executor-4] INFO  impl.RoleInfo (RoleInfo.java:shutdownFollowerState(121)) - 3f911357-18ff-433f-b789-402dfdb2b54e: shutdown FollowerState
2019-11-19 04:28:02,276 [grpc-default-executor-2] INFO  impl.RoleInfo (RoleInfo.java:shutdownFollowerState(121)) - 6eac795c-b416-4929-8077-81de2c3ee3a9: shutdown FollowerState
2019-11-19 04:28:02,277 [grpc-default-executor-4] INFO  impl.RoleInfo (RoleInfo.java:updateAndGet(143)) - 3f911357-18ff-433f-b789-402dfdb2b54e: start FollowerState
2019-11-19 04:28:02,277 [Thread-209] INFO  impl.FollowerState (FollowerState.java:run(120)) - 6eac795c-b416-4929-8077-81de2c3ee3a9@group-D5D069685640-FollowerState was interrupted: java.lang.InterruptedException: sleep interrupted
2019-11-19 04:28:02,277 [grpc-default-executor-2] INFO  impl.RoleInfo (RoleInfo.java:updateAndGet(143)) - 6eac795c-b416-4929-8077-81de2c3ee3a9: start FollowerState
2019-11-19 04:28:02,277 [Thread-207] INFO  impl.FollowerState (FollowerState.java:run(120)) - 3f911357-18ff-433f-b789-402dfdb2b54e@group-D5D069685640-FollowerState was interrupted: java.lang.InterruptedException: sleep interrupted
2019-11-19 04:28:02,307 [8b42f16a-046f-47a1-90c1-eee5a7047d02@group-D5D069685640-LeaderElection7] INFO  impl.LeaderElection (LeaderElection.java:logAndReturn(56)) - 8b42f16a-046f-47a1-90c1-eee5a7047d02@group-D5D069685640-LeaderElection7: Election PASSED; received 1 response(s) [8b42f16a-046f-47a1-90c1-eee5a7047d02<-3f911357-18ff-433f-b789-402dfdb2b54e#0:OK-t2] and 0 exception(s); 8b42f16a-046f-47a1-90c1-eee5a7047d02@group-D5D069685640:t2, leader=null, voted=8b42f16a-046f-47a1-90c1-eee5a7047d02, raftlog=8b42f16a-046f-47a1-90c1-eee5a7047d02@group-D5D069685640-SegmentedRaftLog:OPENED:c-1,f-1,i0, conf=-1: [8b42f16a-046f-47a1-90c1-eee5a7047d02:192.168.34.38:41445, 6eac795c-b416-4929-8077-81de2c3ee3a9:192.168.34.38:39002, 3f911357-18ff-433f-b789-402dfdb2b54e:192.168.34.38:38458], old=null
2019-11-19 04:28:02,308 [8b42f16a-046f-47a1-90c1-eee5a7047d02@group-D5D069685640-LeaderElection7] INFO  impl.RoleInfo (RoleInfo.java:shutdownLeaderElection(134)) - 8b42f16a-046f-47a1-90c1-eee5a7047d02: shutdown LeaderElection
2019-11-19 04:28:02,310 [8b42f16a-046f-47a1-90c1-eee5a7047d02@group-D5D069685640-LeaderElection7] INFO  impl.RaftServerImpl (RaftServerImpl.java:setRole(173)) - 8b42f16a-046f-47a1-90c1-eee5a7047d02@group-D5D069685640: changes role from CANDIDATE to LEADER at term 2 for changeToLeader
2019-11-19 04:28:02,310 [8b42f16a-046f-47a1-90c1-eee5a7047d02@group-D5D069685640-LeaderElection7] INFO  ratis.XceiverServerRatis (XceiverServerRatis.java:handleLeaderChangedNotification(733)) - Leader change notification received for group: group-D5D069685640 with new leaderId: 8b42f16a-046f-47a1-90c1-eee5a7047d02
2019-11-19 04:28:02,310 [8b42f16a-046f-47a1-90c1-eee5a7047d02@group-D5D069685640-LeaderElection7] INFO  impl.RaftServerImpl (ServerState.java:setLeader(255)) - 8b42f16a-046f-47a1-90c1-eee5a7047d02@group-D5D069685640: change Leader from null to 8b42f16a-046f-47a1-90c1-eee5a7047d02 at term 2 for becomeLeader, leader elected after 10717ms
2019-11-19 04:28:02,310 [8b42f16a-046f-47a1-90c1-eee5a7047d02@group-D5D069685640-LeaderElection7] INFO  server.RaftServerConfigKeys (ConfUtils.java:logGet(43)) - raft.server.staging.catchup.gap = 1000 (default)
2019-11-19 04:28:02,311 [8b42f16a-046f-47a1-90c1-eee5a7047d02@group-D5D069685640-LeaderElection7] INFO  server.RaftServerConfigKeys (ConfUtils.java:logGet(43)) - raft.server.rpc.sleep.time = 25ms (default)
2019-11-19 04:28:02,311 [8b42f16a-046f-47a1-90c1-eee5a7047d02@group-D5D069685640-LeaderElection7] INFO  server.RaftServerConfigKeys (ConfUtils.java:logGet(43)) - raft.server.write.element-limit = 4096 (default)
2019-11-19 04:28:02,311 [8b42f16a-046f-47a1-90c1-eee5a7047d02@group-D5D069685640-LeaderElection7] INFO  server.RaftServerConfigKeys (ConfUtils.java:logGet(43)) - raft.server.watch.timeout = 10s (default)
2019-11-19 04:28:02,311 [8b42f16a-046f-47a1-90c1-eee5a7047d02@group-D5D069685640-LeaderElection7] INFO  server.RaftServerConfigKeys (ConfUtils.java:logGet(43)) - raft.server.watch.timeout.denomination = 1s (default)
2019-11-19 04:28:02,312 [8b42f16a-046f-47a1-90c1-eee5a7047d02@group-D5D069685640-LeaderElection7] INFO  server.RaftServerConfigKeys (ConfUtils.java:logGet(43)) - raft.server.watch.element-limit = 65536 (default)
2019-11-19 04:28:02,313 [EventQueue-PipelineReportForPipelineReportHandler] INFO  pipeline.PipelineReportHandler (PipelineReportHandler.java:processPipelineReport(113)) - Pipeline THREE PipelineID=18d334ea-dccb-4d8f-809c-d5d069685640 reported by 8b42f16a-046f-47a1-90c1-eee5a7047d02{ip: 192.168.34.38, host: pr-hdds-2527-xk9kf-705888348, networkLocation: /default-rack, certSerialId: null}
2019-11-19 04:28:02,314 [EventQueue-PipelineReportForPipelineReportHandler] INFO  pipeline.PipelineStateManager (PipelineStateManager.java:openPipeline(132)) - Pipeline Pipeline[ Id: 18d334ea-dccb-4d8f-809c-d5d069685640, Nodes: 6eac795c-b416-4929-8077-81de2c3ee3a9{ip: 192.168.34.38, host: pr-hdds-2527-xk9kf-705888348, networkLocation: /default-rack, certSerialId: null}8b42f16a-046f-47a1-90c1-eee5a7047d02{ip: 192.168.34.38, host: pr-hdds-2527-xk9kf-705888348, networkLocation: /default-rack, certSerialId: null}3f911357-18ff-433f-b789-402dfdb2b54e{ip: 192.168.34.38, host: pr-hdds-2527-xk9kf-705888348, networkLocation: /default-rack, certSerialId: null}, Type:RATIS, Factor:THREE, State:ALLOCATED] moved to OPEN state
2019-11-19 04:28:02,315 [EventQueue-OpenPipelineForOneReplicaPipelineSafeModeRule] INFO  safemode.SCMSafeModeManager (SCMSafeModeManager.java:validateSafeModeExitRules(176)) - AtleastOneDatanodeReportedRule rule is successfully validated
2019-11-19 04:28:02,315 [EventQueue-OpenPipelineForHealthyPipelineSafeModeRule] INFO  safemode.SCMSafeModeManager (HealthyPipelineSafeModeRule.java:process(132)) - SCM in safe mode. Healthy pipelines reported count is 1, required healthy pipeline reported count is 1
2019-11-19 04:28:02,317 [EventQueue-OpenPipelineForHealthyPipelineSafeModeRule] INFO  safemode.SCMSafeModeManager (SCMSafeModeManager.java:validateSafeModeExitRules(176)) - HealthyPipelineSafeModeRule rule is successfully validated
2019-11-19 04:28:02,317 [EventQueue-OpenPipelineForHealthyPipelineSafeModeRule] INFO  safemode.SCMSafeModeManager (SCMSafeModeManager.java:validateSafeModeExitRules(185)) - ScmSafeModeManager, all rules are successfully validated
2019-11-19 04:28:02,317 [EventQueue-OpenPipelineForHealthyPipelineSafeModeRule] INFO  safemode.SCMSafeModeManager (SCMSafeModeManager.java:exitSafeMode(201)) - SCM exiting safe mode.
2019-11-19 04:28:02,318 [8b42f16a-046f-47a1-90c1-eee5a7047d02@group-D5D069685640-LeaderElection7] INFO  server.RaftServerConfigKeys (ConfUtils.java:logGet(43)) - raft.server.log.appender.snapshot.chunk.size.max = 16MB (=16777216) (default)
2019-11-19 04:28:02,318 [8b42f16a-046f-47a1-90c1-eee5a7047d02@group-D5D069685640-LeaderElection7] INFO  server.RaftServerConfigKeys (ConfUtils.java:logGet(43)) - raft.server.log.appender.buffer.byte-limit = 33554432 (custom)
2019-11-19 04:28:02,319 [8b42f16a-046f-47a1-90c1-eee5a7047d02@group-D5D069685640-LeaderElection7] INFO  server.RaftServerConfigKeys (ConfUtils.java:logGet(43)) - raft.server.log.appender.buffer.element-limit = 1 (custom)
2019-11-19 04:28:02,324 [8b42f16a-046f-47a1-90c1-eee5a7047d02@group-D5D069685640-LeaderElection7] INFO  grpc.GrpcConfigKeys$Server (ConfUtils.java:logGet(43)) - raft.grpc.server.leader.outstanding.appends.max = 128 (default)
2019-11-19 04:28:02,324 [8b42f16a-046f-47a1-90c1-eee5a7047d02@group-D5D069685640-LeaderElection7] INFO  server.RaftServerConfigKeys (ConfUtils.java:logGet(43)) - raft.server.rpc.request.timeout = 3000ms (default)
2019-11-19 04:28:02,324 [8b42f16a-046f-47a1-90c1-eee5a7047d02@group-D5D069685640-LeaderElection7] INFO  server.RaftServerConfigKeys (ConfUtils.java:logGet(43)) - raft.server.log.appender.install.snapshot.enabled = false (custom)
2019-11-19 04:28:02,326 [8b42f16a-046f-47a1-90c1-eee5a7047d02@group-D5D069685640-LeaderElection7] WARN  impl.MetricRegistriesImpl (MetricRegistriesImpl.java:lambda$create$1(61)) - First MetricRegistry has been created without registering reporters. You may need to call MetricRegistries.global().addReportRegistration(...) before.
2019-11-19 04:28:02,327 [8b42f16a-046f-47a1-90c1-eee5a7047d02@group-D5D069685640-LeaderElection7] INFO  server.RaftServerConfigKeys (ConfUtils.java:logGet(43)) - raft.server.log.appender.snapshot.chunk.size.max = 16MB (=16777216) (default)
2019-11-19 04:28:02,327 [8b42f16a-046f-47a1-90c1-eee5a7047d02@group-D5D069685640-LeaderElection7] INFO  server.RaftServerConfigKeys (ConfUtils.java:logGet(43)) - raft.server.log.appender.buffer.byte-limit = 33554432 (custom)
2019-11-19 04:28:02,328 [8b42f16a-046f-47a1-90c1-eee5a7047d02@group-D5D069685640-LeaderElection7] INFO  server.RaftServerConfigKeys (ConfUtils.java:logGet(43)) - raft.server.log.appender.buffer.element-limit = 1 (custom)
2019-11-19 04:28:02,328 [8b42f16a-046f-47a1-90c1-eee5a7047d02@group-D5D069685640-LeaderElection7] INFO  grpc.GrpcConfigKeys$Server (ConfUtils.java:logGet(43)) - raft.grpc.server.leader.outstanding.appends.max = 128 (default)
2019-11-19 04:28:02,328 [8b42f16a-046f-47a1-90c1-eee5a7047d02@group-D5D069685640-LeaderElection7] INFO  server.RaftServerConfigKeys (ConfUtils.java:logGet(43)) - raft.server.rpc.request.timeout = 3000ms (default)
2019-11-19 04:28:02,328 [8b42f16a-046f-47a1-90c1-eee5a7047d02@group-D5D069685640-LeaderElection7] INFO  server.RaftServerConfigKeys (ConfUtils.java:logGet(43)) - raft.server.log.appender.install.snapshot.enabled = false (custom)
2019-11-19 04:28:02,332 [8b42f16a-046f-47a1-90c1-eee5a7047d02@group-D5D069685640-LeaderElection7] INFO  impl.RoleInfo (RoleInfo.java:updateAndGet(143)) - 8b42f16a-046f-47a1-90c1-eee5a7047d02: start LeaderState
2019-11-19 04:28:02,332 [8b42f16a-046f-47a1-90c1-eee5a7047d02@group-D5D069685640-LeaderElection7] INFO  segmented.SegmentedRaftLogWorker (SegmentedRaftLogWorker.java:startLogSegment(385)) - 8b42f16a-046f-47a1-90c1-eee5a7047d02@group-D5D069685640-SegmentedRaftLogWorker: Starting segment from index:0
2019-11-19 04:28:02,333 [8b42f16a-046f-47a1-90c1-eee5a7047d02@group-D5D069685640-LeaderElection7] INFO  impl.RaftServerImpl (ServerState.java:setRaftConf(356)) - 8b42f16a-046f-47a1-90c1-eee5a7047d02@group-D5D069685640: set configuration 0: [8b42f16a-046f-47a1-90c1-eee5a7047d02:192.168.34.38:41445, 6eac795c-b416-4929-8077-81de2c3ee3a9:192.168.34.38:39002, 3f911357-18ff-433f-b789-402dfdb2b54e:192.168.34.38:38458], old=null at 0
2019-11-19 04:28:02,384 [8b42f16a-046f-47a1-90c1-eee5a7047d02@group-D5D069685640-SegmentedRaftLogWorker] INFO  segmented.SegmentedRaftLogWorker (SegmentedRaftLogWorker.java:execute(576)) - 8b42f16a-046f-47a1-90c1-eee5a7047d02@group-D5D069685640-SegmentedRaftLogWorker: created new log segment /workdir/hadoop-ozone/tools/target/test-dir/MiniOzoneClusterImpl-c4d67550-36c6-4904-99d4-5ad2f7b3e335/datanode-0/data/ratis/18d334ea-dccb-4d8f-809c-d5d069685640/current/log_inprogress_0
2019-11-19 04:28:02,403 [grpc-default-executor-4] INFO  ratis.XceiverServerRatis (XceiverServerRatis.java:handleLeaderChangedNotification(733)) - Leader change notification received for group: group-D5D069685640 with new leaderId: 8b42f16a-046f-47a1-90c1-eee5a7047d02
2019-11-19 04:28:02,403 [grpc-default-executor-2] INFO  ratis.XceiverServerRatis (XceiverServerRatis.java:handleLeaderChangedNotification(733)) - Leader change notification received for group: group-D5D069685640 with new leaderId: 8b42f16a-046f-47a1-90c1-eee5a7047d02
2019-11-19 04:28:02,403 [grpc-default-executor-4] INFO  impl.RaftServerImpl (ServerState.java:setLeader(255)) - 6eac795c-b416-4929-8077-81de2c3ee3a9@group-D5D069685640: change Leader from null to 8b42f16a-046f-47a1-90c1-eee5a7047d02 at term 2 for appendEntries, leader elected after 10810ms
2019-11-19 04:28:02,403 [grpc-default-executor-2] INFO  impl.RaftServerImpl (ServerState.java:setLeader(255)) - 3f911357-18ff-433f-b789-402dfdb2b54e@group-D5D069685640: change Leader from null to 8b42f16a-046f-47a1-90c1-eee5a7047d02 at term 2 for appendEntries, leader elected after 10810ms
2019-11-19 04:28:02,417 [main] INFO  ozone.MiniOzoneClusterImpl (MiniOzoneClusterImpl.java:lambda$waitForClusterToBeReady$0(150)) - Nodes are ready. Got 3 of 3 DN Heartbeats.
2019-11-19 04:28:02,417 [main] INFO  ozone.MiniOzoneClusterImpl (MiniOzoneClusterImpl.java:lambda$waitForClusterToBeReady$0(153)) - Cluster exits safe mode
2019-11-19 04:28:02,443 [grpc-default-executor-4] INFO  impl.RaftServerImpl (ServerState.java:setRaftConf(356)) - 3f911357-18ff-433f-b789-402dfdb2b54e@group-D5D069685640: set configuration 0: [8b42f16a-046f-47a1-90c1-eee5a7047d02:192.168.34.38:41445, 6eac795c-b416-4929-8077-81de2c3ee3a9:192.168.34.38:39002, 3f911357-18ff-433f-b789-402dfdb2b54e:192.168.34.38:38458], old=null at 0
2019-11-19 04:28:02,443 [grpc-default-executor-2] INFO  impl.RaftServerImpl (ServerState.java:setRaftConf(356)) - 6eac795c-b416-4929-8077-81de2c3ee3a9@group-D5D069685640: set configuration 0: [8b42f16a-046f-47a1-90c1-eee5a7047d02:192.168.34.38:41445, 6eac795c-b416-4929-8077-81de2c3ee3a9:192.168.34.38:39002, 3f911357-18ff-433f-b789-402dfdb2b54e:192.168.34.38:38458], old=null at 0
2019-11-19 04:28:02,444 [grpc-default-executor-4] INFO  segmented.SegmentedRaftLogWorker (SegmentedRaftLogWorker.java:startLogSegment(385)) - 3f911357-18ff-433f-b789-402dfdb2b54e@group-D5D069685640-SegmentedRaftLogWorker: Starting segment from index:0
2019-11-19 04:28:02,444 [grpc-default-executor-2] INFO  segmented.SegmentedRaftLogWorker (SegmentedRaftLogWorker.java:startLogSegment(385)) - 6eac795c-b416-4929-8077-81de2c3ee3a9@group-D5D069685640-SegmentedRaftLogWorker: Starting segment from index:0
2019-11-19 04:28:02,495 [6eac795c-b416-4929-8077-81de2c3ee3a9@group-D5D069685640-SegmentedRaftLogWorker] INFO  segmented.SegmentedRaftLogWorker (SegmentedRaftLogWorker.java:execute(576)) - 6eac795c-b416-4929-8077-81de2c3ee3a9@group-D5D069685640-SegmentedRaftLogWorker: created new log segment /workdir/hadoop-ozone/tools/target/test-dir/MiniOzoneClusterImpl-c4d67550-36c6-4904-99d4-5ad2f7b3e335/datanode-1/data/ratis/18d334ea-dccb-4d8f-809c-d5d069685640/current/log_inprogress_0
2019-11-19 04:28:02,495 [3f911357-18ff-433f-b789-402dfdb2b54e@group-D5D069685640-SegmentedRaftLogWorker] INFO  segmented.SegmentedRaftLogWorker (SegmentedRaftLogWorker.java:execute(576)) - 3f911357-18ff-433f-b789-402dfdb2b54e@group-D5D069685640-SegmentedRaftLogWorker: created new log segment /workdir/hadoop-ozone/tools/target/test-dir/MiniOzoneClusterImpl-c4d67550-36c6-4904-99d4-5ad2f7b3e335/datanode-2/data/ratis/18d334ea-dccb-4d8f-809c-d5d069685640/current/log_inprogress_0
2019-11-19 04:28:03,331 [main] INFO  freon.RandomKeyGenerator (RandomKeyGenerator.java:call(283)) - Number of Threads: 10
2019-11-19 04:28:03,332 [main] INFO  freon.RandomKeyGenerator (RandomKeyGenerator.java:call(288)) - Number of Volumes: 1.
2019-11-19 04:28:03,332 [main] INFO  freon.RandomKeyGenerator (RandomKeyGenerator.java:call(289)) - Number of Buckets per Volume: 1.
2019-11-19 04:28:03,332 [main] INFO  freon.RandomKeyGenerator (RandomKeyGenerator.java:call(290)) - Number of Keys per Bucket: 1.
2019-11-19 04:28:03,332 [main] INFO  freon.RandomKeyGenerator (RandomKeyGenerator.java:call(291)) - Key size: 20971520 bytes
2019-11-19 04:28:03,332 [main] INFO  freon.RandomKeyGenerator (RandomKeyGenerator.java:call(292)) - Buffer size: 4096 bytes
2019-11-19 04:28:03,333 [main] INFO  freon.RandomKeyGenerator (RandomKeyGenerator.java:call(293)) - validateWrites : true
2019-11-19 04:28:03,337 [main] INFO  freon.RandomKeyGenerator (RandomKeyGenerator.java:call(307)) - Data validation is enabled.
2019-11-19 04:28:03,338 [main] INFO  freon.RandomKeyGenerator (RandomKeyGenerator.java:call(313)) - Starting progress bar Thread.

 0.00% |?                                                                                                    |  0/1 Time: 0:00:002019-11-19 04:28:03,364 [pool-53-thread-1] INFO  rpc.RpcClient (RpcClient.java:createVolume(292)) - Creating Volume: vol-0-05165, with jenkins1000 as owner.
2019-11-19 04:28:03,405 [IPC Server handler 0 on 41559] INFO  volume.OMVolumeCreateRequest (OMVolumeCreateRequest.java:validateAndUpdateCache(193)) - created volume:vol-0-05165 for user:jenkins1000
2019-11-19 04:28:03,460 [pool-53-thread-2] INFO  rpc.RpcClient (RpcClient.java:createBucket(431)) - Creating Bucket: vol-0-05165/bucket-0-57424, with Versioning false and Storage Type set to DISK and Encryption set to false 
2019-11-19 04:28:03,647 [pool-53-thread-3] INFO  impl.MetricsSystemImpl (MetricsSystemImpl.java:init(158)) - XceiverClientMetrics metrics system started (again)
 0.00% |?                                                                                                    |  0/1 Time: 0:00:012019-11-19 04:28:05,324 [Thread-217] INFO  container.ReplicationManager (ReplicationManager.java:start(162)) - Starting Replication Monitor Thread.
2019-11-19 04:28:05,326 [ReplicationMonitor] INFO  container.ReplicationManager (ReplicationManager.java:run(225)) - Replication Monitor Thread took 1 milliseconds for processing 3 containers.
 0.00% |?                                                                                                    |  0/1 Time: 0:00:02 100.00% |?????????????????????????????????????????????????????????????????????????????????????????????????????|  1/1 Time: 0:00:03
2019-11-19 04:28:11,030 [main] INFO  pipeline.SCMPipelineManager (SCMPipelineManager.java:finalizeAndDestroyPipeline(333)) - destroying pipeline:Pipeline[ Id: 18d334ea-dccb-4d8f-809c-d5d069685640, Nodes: 6eac795c-b416-4929-8077-81de2c3ee3a9{ip: 192.168.34.38, host: pr-hdds-2527-xk9kf-705888348, networkLocation: /default-rack, certSerialId: null}8b42f16a-046f-47a1-90c1-eee5a7047d02{ip: 192.168.34.38, host: pr-hdds-2527-xk9kf-705888348, networkLocation: /default-rack, certSerialId: null}3f911357-18ff-433f-b789-402dfdb2b54e{ip: 192.168.34.38, host: pr-hdds-2527-xk9kf-705888348, networkLocation: /default-rack, certSerialId: null}, Type:RATIS, Factor:THREE, State:OPEN]
2019-11-19 04:28:11,030 [main] INFO  pipeline.PipelineStateManager (PipelineStateManager.java:finalizePipeline(121)) - Pipeline Pipeline[ Id: 18d334ea-dccb-4d8f-809c-d5d069685640, Nodes: 6eac795c-b416-4929-8077-81de2c3ee3a9{ip: 192.168.34.38, host: pr-hdds-2527-xk9kf-705888348, networkLocation: /default-rack, certSerialId: null}8b42f16a-046f-47a1-90c1-eee5a7047d02{ip: 192.168.34.38, host: pr-hdds-2527-xk9kf-705888348, networkLocation: /default-rack, certSerialId: null}3f911357-18ff-433f-b789-402dfdb2b54e{ip: 192.168.34.38, host: pr-hdds-2527-xk9kf-705888348, networkLocation: /default-rack, certSerialId: null}, Type:RATIS, Factor:THREE, State:CLOSED] moved to CLOSED state
2019-11-19 04:28:11,031 [EventQueue-CloseContainerForCloseContainerEventHandler] INFO  container.CloseContainerEventHandler (CloseContainerEventHandler.java:onMessage(61)) - Close container Event triggered for container : #1
2019-11-19 04:28:11,032 [main] INFO  pipeline.RatisPipelineProvider (RatisPipelineProvider.java:lambda$close$5(207)) - Send pipeline:PipelineID=18d334ea-dccb-4d8f-809c-d5d069685640 close command to datanode 6eac795c-b416-4929-8077-81de2c3ee3a9
2019-11-19 04:28:11,033 [main] INFO  pipeline.RatisPipelineProvider (RatisPipelineProvider.java:lambda$close$5(207)) - Send pipeline:PipelineID=18d334ea-dccb-4d8f-809c-d5d069685640 close command to datanode 8b42f16a-046f-47a1-90c1-eee5a7047d02
2019-11-19 04:28:11,034 [main] INFO  pipeline.RatisPipelineProvider (RatisPipelineProvider.java:lambda$close$5(207)) - Send pipeline:PipelineID=18d334ea-dccb-4d8f-809c-d5d069685640 close command to datanode 3f911357-18ff-433f-b789-402dfdb2b54e
2019-11-19 04:28:11,034 [main] INFO  pipeline.PipelineStateManager (PipelineStateManager.java:removePipeline(106)) - Pipeline Pipeline[ Id: 18d334ea-dccb-4d8f-809c-d5d069685640, Nodes: 6eac795c-b416-4929-8077-81de2c3ee3a9{ip: 192.168.34.38, host: pr-hdds-2527-xk9kf-705888348, networkLocation: /default-rack, certSerialId: null}8b42f16a-046f-47a1-90c1-eee5a7047d02{ip: 192.168.34.38, host: pr-hdds-2527-xk9kf-705888348, networkLocation: /default-rack, certSerialId: null}3f911357-18ff-433f-b789-402dfdb2b54e{ip: 192.168.34.38, host: pr-hdds-2527-xk9kf-705888348, networkLocation: /default-rack, certSerialId: null}, Type:RATIS, Factor:THREE, State:CLOSED] removed from db
2019-11-19 04:28:11,037 [EventQueue-CloseContainerForCloseContainerEventHandler] INFO  container.CloseContainerEventHandler (CloseContainerEventHandler.java:onMessage(61)) - Close container Event triggered for container : #2
2019-11-19 04:28:11,037 [RatisPipelineUtilsThread] INFO  pipeline.RatisPipelineProvider (RatisPipelineProvider.java:lambda$create$4(163)) - Send pipeline:PipelineID=3e65352a-19dd-4cc8-9d0d-148f131b9c3f create command to datanode 6eac795c-b416-4929-8077-81de2c3ee3a9
2019-11-19 04:28:11,038 [RatisPipelineUtilsThread] INFO  pipeline.RatisPipelineProvider (RatisPipelineProvider.java:lambda$create$4(163)) - Send pipeline:PipelineID=3e65352a-19dd-4cc8-9d0d-148f131b9c3f create command to datanode 8b42f16a-046f-47a1-90c1-eee5a7047d02
2019-11-19 04:28:11,038 [RatisPipelineUtilsThread] INFO  pipeline.RatisPipelineProvider (RatisPipelineProvider.java:lambda$create$4(163)) - Send pipeline:PipelineID=3e65352a-19dd-4cc8-9d0d-148f131b9c3f create command to datanode 3f911357-18ff-433f-b789-402dfdb2b54e
2019-11-19 04:28:11,039 [RatisPipelineUtilsThread] INFO  pipeline.PipelineStateManager (PipelineStateManager.java:addPipeline(55)) - Created pipeline Pipeline[ Id: 3e65352a-19dd-4cc8-9d0d-148f131b9c3f, Nodes: 6eac795c-b416-4929-8077-81de2c3ee3a9{ip: 192.168.34.38, host: pr-hdds-2527-xk9kf-705888348, networkLocation: /default-rack, certSerialId: null}8b42f16a-046f-47a1-90c1-eee5a7047d02{ip: 192.168.34.38, host: pr-hdds-2527-xk9kf-705888348, networkLocation: /default-rack, certSerialId: null}3f911357-18ff-433f-b789-402dfdb2b54e{ip: 192.168.34.38, host: pr-hdds-2527-xk9kf-705888348, networkLocation: /default-rack, certSerialId: null}, Type:RATIS, Factor:THREE, State:ALLOCATED]
2019-11-19 04:28:11,041 [EventQueue-CloseContainerForCloseContainerEventHandler] ERROR container.CloseContainerEventHandler (CloseContainerEventHandler.java:onMessage(89)) - Failed to close the container #2.
org.apache.hadoop.hdds.scm.pipeline.PipelineNotFoundException: PipelineID=18d334ea-dccb-4d8f-809c-d5d069685640 not found
	at org.apache.hadoop.hdds.scm.pipeline.PipelineStateMap.removeContainerFromPipeline(PipelineStateMap.java:351)
	at org.apache.hadoop.hdds.scm.pipeline.PipelineStateManager.removeContainerFromPipeline(PipelineStateManager.java:112)
	at org.apache.hadoop.hdds.scm.pipeline.SCMPipelineManager.removeContainerFromPipeline(SCMPipelineManager.java:286)
	at org.apache.hadoop.hdds.scm.container.SCMContainerManager.updateContainerState(SCMContainerManager.java:331)
	at org.apache.hadoop.hdds.scm.container.CloseContainerEventHandler.onMessage(CloseContainerEventHandler.java:66)
	at org.apache.hadoop.hdds.scm.container.CloseContainerEventHandler.onMessage(CloseContainerEventHandler.java:45)
	at org.apache.hadoop.hdds.server.events.SingleThreadExecutor.lambda$onMessage$1(SingleThreadExecutor.java:85)
	at java.util.concurrent.ThreadPoolExecutor.runWorker(ThreadPoolExecutor.java:1149)
	at java.util.concurrent.ThreadPoolExecutor$Worker.run(ThreadPoolExecutor.java:624)
	at java.lang.Thread.run(Thread.java:748)
2019-11-19 04:28:11,043 [EventQueue-CloseContainerForCloseContainerEventHandler] INFO  container.CloseContainerEventHandler (CloseContainerEventHandler.java:onMessage(61)) - Close container Event triggered for container : #3
2019-11-19 04:28:11,043 [EventQueue-CloseContainerForCloseContainerEventHandler] ERROR container.CloseContainerEventHandler (CloseContainerEventHandler.java:onMessage(89)) - Failed to close the container #3.
org.apache.hadoop.hdds.scm.pipeline.PipelineNotFoundException: PipelineID=18d334ea-dccb-4d8f-809c-d5d069685640 not found
	at org.apache.hadoop.hdds.scm.pipeline.PipelineStateMap.removeContainerFromPipeline(PipelineStateMap.java:351)
	at org.apache.hadoop.hdds.scm.pipeline.PipelineStateManager.removeContainerFromPipeline(PipelineStateManager.java:112)
	at org.apache.hadoop.hdds.scm.pipeline.SCMPipelineManager.removeContainerFromPipeline(SCMPipelineManager.java:286)
	at org.apache.hadoop.hdds.scm.container.SCMContainerManager.updateContainerState(SCMContainerManager.java:331)
	at org.apache.hadoop.hdds.scm.container.CloseContainerEventHandler.onMessage(CloseContainerEventHandler.java:66)
	at org.apache.hadoop.hdds.scm.container.CloseContainerEventHandler.onMessage(CloseContainerEventHandler.java:45)
	at org.apache.hadoop.hdds.server.events.SingleThreadExecutor.lambda$onMessage$1(SingleThreadExecutor.java:85)
	at java.util.concurrent.ThreadPoolExecutor.runWorker(ThreadPoolExecutor.java:1149)
	at java.util.concurrent.ThreadPoolExecutor$Worker.run(ThreadPoolExecutor.java:624)
	at java.lang.Thread.run(Thread.java:748)
2019-11-19 04:28:11,141 [main] INFO  freon.RandomKeyGenerator (RandomKeyGenerator.java:call(283)) - Number of Threads: 10
2019-11-19 04:28:11,142 [main] INFO  freon.RandomKeyGenerator (RandomKeyGenerator.java:call(288)) - Number of Volumes: 1.
2019-11-19 04:28:11,143 [main] INFO  freon.RandomKeyGenerator (RandomKeyGenerator.java:call(289)) - Number of Buckets per Volume: 1.
2019-11-19 04:28:11,143 [main] INFO  freon.RandomKeyGenerator (RandomKeyGenerator.java:call(290)) - Number of Keys per Bucket: 1.
2019-11-19 04:28:11,143 [main] INFO  freon.RandomKeyGenerator (RandomKeyGenerator.java:call(291)) - Key size: 20971520 bytes
2019-11-19 04:28:11,143 [main] INFO  freon.RandomKeyGenerator (RandomKeyGenerator.java:call(292)) - Buffer size: 4096 bytes
2019-11-19 04:28:11,143 [main] INFO  freon.RandomKeyGenerator (RandomKeyGenerator.java:call(293)) - validateWrites : true
2019-11-19 04:28:11,144 [main] INFO  freon.RandomKeyGenerator (RandomKeyGenerator.java:call(307)) - Data validation is enabled.
2019-11-19 04:28:11,144 [main] INFO  freon.RandomKeyGenerator (RandomKeyGenerator.java:call(313)) - Starting progress bar Thread.

2019-11-19 04:28:11,145 [pool-59-thread-1] INFO  rpc.RpcClient (RpcClient.java:createVolume(292)) - Creating Volume: vol-0-83845, with jenkins1000 as owner.
 0.00% |?                                                                                                    |  0/1 Time: 0:00:002019-11-19 04:28:11,148 [IPC Server handler 7 on 41559] INFO  volume.OMVolumeCreateRequest (OMVolumeCreateRequest.java:validateAndUpdateCache(193)) - created volume:vol-0-83845 for user:jenkins1000
2019-11-19 04:28:11,184 [pool-59-thread-4] INFO  rpc.RpcClient (RpcClient.java:createBucket(431)) - Creating Bucket: vol-0-83845/bucket-0-04419, with Versioning false and Storage Type set to DISK and Encryption set to false 
2019-11-19 04:28:11,222 [IPC Server handler 2 on 37552] WARN  block.BlockManagerImpl (BlockManagerImpl.java:allocateBlock(203)) - Pipeline creation failed for type:RATIS factor:THREE. Retrying get pipelines call once.
org.apache.hadoop.hdds.scm.pipeline.InsufficientDatanodesException: Cannot create pipeline of factor 3 using 0 nodes.
	at org.apache.hadoop.hdds.scm.pipeline.RatisPipelineProvider.create(RatisPipelineProvider.java:144)
	at org.apache.hadoop.hdds.scm.pipeline.PipelineFactory.create(PipelineFactory.java:60)
	at org.apache.hadoop.hdds.scm.pipeline.SCMPipelineManager.createPipeline(SCMPipelineManager.java:159)
	at org.apache.hadoop.hdds.scm.block.BlockManagerImpl.allocateBlock(BlockManagerImpl.java:199)
	at org.apache.hadoop.hdds.scm.server.SCMBlockProtocolServer.allocateBlock(SCMBlockProtocolServer.java:187)
	at org.apache.hadoop.hdds.scm.protocol.ScmBlockLocationProtocolServerSideTranslatorPB.allocateScmBlock(ScmBlockLocationProtocolServerSideTranslatorPB.java:159)
	at org.apache.hadoop.hdds.scm.protocol.ScmBlockLocationProtocolServerSideTranslatorPB.processMessage(ScmBlockLocationProtocolServerSideTranslatorPB.java:117)
	at org.apache.hadoop.hdds.server.OzoneProtocolMessageDispatcher.processRequest(OzoneProtocolMessageDispatcher.java:72)
	at org.apache.hadoop.hdds.scm.protocol.ScmBlockLocationProtocolServerSideTranslatorPB.send(ScmBlockLocationProtocolServerSideTranslatorPB.java:98)
	at org.apache.hadoop.hdds.protocol.proto.ScmBlockLocationProtocolProtos$ScmBlockLocationProtocolService$2.callBlockingMethod(ScmBlockLocationProtocolProtos.java:13157)
	at org.apache.hadoop.ipc.ProtobufRpcEngine$Server$ProtoBufRpcInvoker.call(ProtobufRpcEngine.java:524)
	at org.apache.hadoop.ipc.RPC$Server.call(RPC.java:1025)
	at org.apache.hadoop.ipc.Server$RpcCall.run(Server.java:876)
	at org.apache.hadoop.ipc.Server$RpcCall.run(Server.java:822)
	at java.security.AccessController.doPrivileged(Native Method)
	at javax.security.auth.Subject.doAs(Subject.java:422)
	at org.apache.hadoop.security.UserGroupInformation.doAs(UserGroupInformation.java:1730)
	at org.apache.hadoop.ipc.Server$Handler.run(Server.java:2682)
2019-11-19 04:28:11,223 [IPC Server handler 2 on 37552] INFO  block.BlockManagerImpl (BlockManagerImpl.java:allocateBlock(215)) - Could not find available pipeline of type:RATIS and factor:THREE even after retrying
2019-11-19 04:28:11,223 [IPC Server handler 2 on 37552] ERROR block.BlockManagerImpl (BlockManagerImpl.java:allocateBlock(239)) - Unable to allocate a block for the size: 4194304, type: RATIS, factor: THREE
2019-11-19 04:28:11,225 [IPC Server handler 2 on 37552] WARN  block.BlockManagerImpl (BlockManagerImpl.java:allocateBlock(203)) - Pipeline creation failed for type:RATIS factor:THREE. Retrying get pipelines call once.
org.apache.hadoop.hdds.scm.pipeline.InsufficientDatanodesException: Cannot create pipeline of factor 3 using 0 nodes.
	at org.apache.hadoop.hdds.scm.pipeline.RatisPipelineProvider.create(RatisPipelineProvider.java:144)
	at org.apache.hadoop.hdds.scm.pipeline.PipelineFactory.create(PipelineFactory.java:60)
	at org.apache.hadoop.hdds.scm.pipeline.SCMPipelineManager.createPipeline(SCMPipelineManager.java:159)
	at org.apache.hadoop.hdds.scm.block.BlockManagerImpl.allocateBlock(BlockManagerImpl.java:199)
	at org.apache.hadoop.hdds.scm.server.SCMBlockProtocolServer.allocateBlock(SCMBlockProtocolServer.java:187)
	at org.apache.hadoop.hdds.scm.protocol.ScmBlockLocationProtocolServerSideTranslatorPB.allocateScmBlock(ScmBlockLocationProtocolServerSideTranslatorPB.java:159)
	at org.apache.hadoop.hdds.scm.protocol.ScmBlockLocationProtocolServerSideTranslatorPB.processMessage(ScmBlockLocationProtocolServerSideTranslatorPB.java:117)
	at org.apache.hadoop.hdds.server.OzoneProtocolMessageDispatcher.processRequest(OzoneProtocolMessageDispatcher.java:72)
	at org.apache.hadoop.hdds.scm.protocol.ScmBlockLocationProtocolServerSideTranslatorPB.send(ScmBlockLocationProtocolServerSideTranslatorPB.java:98)
	at org.apache.hadoop.hdds.protocol.proto.ScmBlockLocationProtocolProtos$ScmBlockLocationProtocolService$2.callBlockingMethod(ScmBlockLocationProtocolProtos.java:13157)
	at org.apache.hadoop.ipc.ProtobufRpcEngine$Server$ProtoBufRpcInvoker.call(ProtobufRpcEngine.java:524)
	at org.apache.hadoop.ipc.RPC$Server.call(RPC.java:1025)
	at org.apache.hadoop.ipc.Server$RpcCall.run(Server.java:876)
	at org.apache.hadoop.ipc.Server$RpcCall.run(Server.java:822)
	at java.security.AccessController.doPrivileged(Native Method)
	at javax.security.auth.Subject.doAs(Subject.java:422)
	at org.apache.hadoop.security.UserGroupInformation.doAs(UserGroupInformation.java:1730)
	at org.apache.hadoop.ipc.Server$Handler.run(Server.java:2682)
2019-11-19 04:28:11,225 [IPC Server handler 2 on 37552] INFO  block.BlockManagerImpl (BlockManagerImpl.java:allocateBlock(215)) - Could not find available pipeline of type:RATIS and factor:THREE even after retrying
2019-11-19 04:28:11,226 [IPC Server handler 2 on 37552] ERROR block.BlockManagerImpl (BlockManagerImpl.java:allocateBlock(239)) - Unable to allocate a block for the size: 4194304, type: RATIS, factor: THREE
2019-11-19 04:28:11,226 [IPC Server handler 2 on 37552] WARN  block.BlockManagerImpl (BlockManagerImpl.java:allocateBlock(203)) - Pipeline creation failed for type:RATIS factor:THREE. Retrying get pipelines call once.
org.apache.hadoop.hdds.scm.pipeline.InsufficientDatanodesException: Cannot create pipeline of factor 3 using 0 nodes.
	at org.apache.hadoop.hdds.scm.pipeline.RatisPipelineProvider.create(RatisPipelineProvider.java:144)
	at org.apache.hadoop.hdds.scm.pipeline.PipelineFactory.create(PipelineFactory.java:60)
	at org.apache.hadoop.hdds.scm.pipeline.SCMPipelineManager.createPipeline(SCMPipelineManager.java:159)
	at org.apache.hadoop.hdds.scm.block.BlockManagerImpl.allocateBlock(BlockManagerImpl.java:199)
	at org.apache.hadoop.hdds.scm.server.SCMBlockProtocolServer.allocateBlock(SCMBlockProtocolServer.java:187)
	at org.apache.hadoop.hdds.scm.protocol.ScmBlockLocationProtocolServerSideTranslatorPB.allocateScmBlock(ScmBlockLocationProtocolServerSideTranslatorPB.java:159)
	at org.apache.hadoop.hdds.scm.protocol.ScmBlockLocationProtocolServerSideTranslatorPB.processMessage(ScmBlockLocationProtocolServerSideTranslatorPB.java:117)
	at org.apache.hadoop.hdds.server.OzoneProtocolMessageDispatcher.processRequest(OzoneProtocolMessageDispatcher.java:72)
	at org.apache.hadoop.hdds.scm.protocol.ScmBlockLocationProtocolServerSideTranslatorPB.send(ScmBlockLocationProtocolServerSideTranslatorPB.java:98)
	at org.apache.hadoop.hdds.protocol.proto.ScmBlockLocationProtocolProtos$ScmBlockLocationProtocolService$2.callBlockingMethod(ScmBlockLocationProtocolProtos.java:13157)
	at org.apache.hadoop.ipc.ProtobufRpcEngine$Server$ProtoBufRpcInvoker.call(ProtobufRpcEngine.java:524)
	at org.apache.hadoop.ipc.RPC$Server.call(RPC.java:1025)
	at org.apache.hadoop.ipc.Server$RpcCall.run(Server.java:876)
	at org.apache.hadoop.ipc.Server$RpcCall.run(Server.java:822)
	at java.security.AccessController.doPrivileged(Native Method)
	at javax.security.auth.Subject.doAs(Subject.java:422)
	at org.apache.hadoop.security.UserGroupInformation.doAs(UserGroupInformation.java:1730)
	at org.apache.hadoop.ipc.Server$Handler.run(Server.java:2682)
2019-11-19 04:28:11,227 [IPC Server handler 2 on 37552] INFO  block.BlockManagerImpl (BlockManagerImpl.java:allocateBlock(215)) - Could not find available pipeline of type:RATIS and factor:THREE even after retrying
2019-11-19 04:28:11,227 [IPC Server handler 2 on 37552] ERROR block.BlockManagerImpl (BlockManagerImpl.java:allocateBlock(239)) - Unable to allocate a block for the size: 4194304, type: RATIS, factor: THREE
2019-11-19 04:28:11,228 [IPC Server handler 2 on 37552] WARN  block.BlockManagerImpl (BlockManagerImpl.java:allocateBlock(203)) - Pipeline creation failed for type:RATIS factor:THREE. Retrying get pipelines call once.
org.apache.hadoop.hdds.scm.pipeline.InsufficientDatanodesException: Cannot create pipeline of factor 3 using 0 nodes.
	at org.apache.hadoop.hdds.scm.pipeline.RatisPipelineProvider.create(RatisPipelineProvider.java:144)
	at org.apache.hadoop.hdds.scm.pipeline.PipelineFactory.create(PipelineFactory.java:60)
	at org.apache.hadoop.hdds.scm.pipeline.SCMPipelineManager.createPipeline(SCMPipelineManager.java:159)
	at org.apache.hadoop.hdds.scm.block.BlockManagerImpl.allocateBlock(BlockManagerImpl.java:199)
	at org.apache.hadoop.hdds.scm.server.SCMBlockProtocolServer.allocateBlock(SCMBlockProtocolServer.java:187)
	at org.apache.hadoop.hdds.scm.protocol.ScmBlockLocationProtocolServerSideTranslatorPB.allocateScmBlock(ScmBlockLocationProtocolServerSideTranslatorPB.java:159)
	at org.apache.hadoop.hdds.scm.protocol.ScmBlockLocationProtocolServerSideTranslatorPB.processMessage(ScmBlockLocationProtocolServerSideTranslatorPB.java:117)
	at org.apache.hadoop.hdds.server.OzoneProtocolMessageDispatcher.processRequest(OzoneProtocolMessageDispatcher.java:72)
	at org.apache.hadoop.hdds.scm.protocol.ScmBlockLocationProtocolServerSideTranslatorPB.send(ScmBlockLocationProtocolServerSideTranslatorPB.java:98)
	at org.apache.hadoop.hdds.protocol.proto.ScmBlockLocationProtocolProtos$ScmBlockLocationProtocolService$2.callBlockingMethod(ScmBlockLocationProtocolProtos.java:13157)
	at org.apache.hadoop.ipc.ProtobufRpcEngine$Server$ProtoBufRpcInvoker.call(ProtobufRpcEngine.java:524)
	at org.apache.hadoop.ipc.RPC$Server.call(RPC.java:1025)
	at org.apache.hadoop.ipc.Server$RpcCall.run(Server.java:876)
	at org.apache.hadoop.ipc.Server$RpcCall.run(Server.java:822)
	at java.security.AccessController.doPrivileged(Native Method)
	at javax.security.auth.Subject.doAs(Subject.java:422)
	at org.apache.hadoop.security.UserGroupInformation.doAs(UserGroupInformation.java:1730)
	at org.apache.hadoop.ipc.Server$Handler.run(Server.java:2682)
2019-11-19 04:28:11,228 [IPC Server handler 2 on 37552] INFO  block.BlockManagerImpl (BlockManagerImpl.java:allocateBlock(215)) - Could not find available pipeline of type:RATIS and factor:THREE even after retrying
2019-11-19 04:28:11,229 [IPC Server handler 2 on 37552] ERROR block.BlockManagerImpl (BlockManagerImpl.java:allocateBlock(239)) - Unable to allocate a block for the size: 4194304, type: RATIS, factor: THREE
2019-11-19 04:28:11,229 [IPC Server handler 2 on 37552] WARN  block.BlockManagerImpl (BlockManagerImpl.java:allocateBlock(203)) - Pipeline creation failed for type:RATIS factor:THREE. Retrying get pipelines call once.
org.apache.hadoop.hdds.scm.pipeline.InsufficientDatanodesException: Cannot create pipeline of factor 3 using 0 nodes.
	at org.apache.hadoop.hdds.scm.pipeline.RatisPipelineProvider.create(RatisPipelineProvider.java:144)
	at org.apache.hadoop.hdds.scm.pipeline.PipelineFactory.create(PipelineFactory.java:60)
	at org.apache.hadoop.hdds.scm.pipeline.SCMPipelineManager.createPipeline(SCMPipelineManager.java:159)
	at org.apache.hadoop.hdds.scm.block.BlockManagerImpl.allocateBlock(BlockManagerImpl.java:199)
	at org.apache.hadoop.hdds.scm.server.SCMBlockProtocolServer.allocateBlock(SCMBlockProtocolServer.java:187)
	at org.apache.hadoop.hdds.scm.protocol.ScmBlockLocationProtocolServerSideTranslatorPB.allocateScmBlock(ScmBlockLocationProtocolServerSideTranslatorPB.java:159)
	at org.apache.hadoop.hdds.scm.protocol.ScmBlockLocationProtocolServerSideTranslatorPB.processMessage(ScmBlockLocationProtocolServerSideTranslatorPB.java:117)
	at org.apache.hadoop.hdds.server.OzoneProtocolMessageDispatcher.processRequest(OzoneProtocolMessageDispatcher.java:72)
	at org.apache.hadoop.hdds.scm.protocol.ScmBlockLocationProtocolServerSideTranslatorPB.send(ScmBlockLocationProtocolServerSideTranslatorPB.java:98)
	at org.apache.hadoop.hdds.protocol.proto.ScmBlockLocationProtocolProtos$ScmBlockLocationProtocolService$2.callBlockingMethod(ScmBlockLocationProtocolProtos.java:13157)
	at org.apache.hadoop.ipc.ProtobufRpcEngine$Server$ProtoBufRpcInvoker.call(ProtobufRpcEngine.java:524)
	at org.apache.hadoop.ipc.RPC$Server.call(RPC.java:1025)
	at org.apache.hadoop.ipc.Server$RpcCall.run(Server.java:876)
	at org.apache.hadoop.ipc.Server$RpcCall.run(Server.java:822)
	at java.security.AccessController.doPrivileged(Native Method)
	at javax.security.auth.Subject.doAs(Subject.java:422)
	at org.apache.hadoop.security.UserGroupInformation.doAs(UserGroupInformation.java:1730)
	at org.apache.hadoop.ipc.Server$Handler.run(Server.java:2682)
2019-11-19 04:28:11,230 [IPC Server handler 2 on 37552] INFO  block.BlockManagerImpl (BlockManagerImpl.java:allocateBlock(215)) - Could not find available pipeline of type:RATIS and factor:THREE even after retrying
2019-11-19 04:28:11,230 [IPC Server handler 2 on 37552] ERROR block.BlockManagerImpl (BlockManagerImpl.java:allocateBlock(239)) - Unable to allocate a block for the size: 4194304, type: RATIS, factor: THREE
2019-11-19 04:28:11,234 [pool-59-thread-3] ERROR freon.RandomKeyGenerator (RandomKeyGenerator.java:createKey(735)) - Exception while adding key: key-0-53219 in bucket: bucket-0-04419 of volume: vol-0-83845.
INTERNAL_ERROR org.apache.hadoop.ozone.om.exceptions.OMException: Allocated 0 blocks. Requested 5 blocks
	at org.apache.hadoop.ozone.om.protocolPB.OzoneManagerProtocolClientSideTranslatorPB.handleError(OzoneManagerProtocolClientSideTranslatorPB.java:761)
	at org.apache.hadoop.ozone.om.protocolPB.OzoneManagerProtocolClientSideTranslatorPB.openKey(OzoneManagerProtocolClientSideTranslatorPB.java:752)
	at sun.reflect.NativeMethodAccessorImpl.invoke0(Native Method)
	at sun.reflect.NativeMethodAccessorImpl.invoke(NativeMethodAccessorImpl.java:62)
	at sun.reflect.DelegatingMethodAccessorImpl.invoke(DelegatingMethodAccessorImpl.java:43)
	at java.lang.reflect.Method.invoke(Method.java:498)
	at org.apache.hadoop.hdds.tracing.TraceAllMethod.invoke(TraceAllMethod.java:66)
	at com.sun.proxy.$Proxy37.openKey(Unknown Source)
	at org.apache.hadoop.ozone.client.rpc.RpcClient.createKey(RpcClient.java:633)
	at org.apache.hadoop.ozone.client.OzoneBucket.createKey(OzoneBucket.java:325)
	at org.apache.hadoop.ozone.freon.RandomKeyGenerator.createKey(RandomKeyGenerator.java:697)
	at org.apache.hadoop.ozone.freon.RandomKeyGenerator.access$1100(RandomKeyGenerator.java:88)
	at org.apache.hadoop.ozone.freon.RandomKeyGenerator$ObjectCreator.run(RandomKeyGenerator.java:615)
	at java.util.concurrent.Executors$RunnableAdapter.call(Executors.java:511)
	at java.util.concurrent.FutureTask.run(FutureTask.java:266)
	at java.util.concurrent.ThreadPoolExecutor.runWorker(ThreadPoolExecutor.java:1149)
	at java.util.concurrent.ThreadPoolExecutor$Worker.run(ThreadPoolExecutor.java:624)
	at java.lang.Thread.run(Thread.java:748)
 0.00% |?                                                                                                    |  0/1 Time: 0:00:012019-11-19 04:28:12,997 [Command processor thread] INFO  impl.RaftServerProxy (RaftServerProxy.java:remove(95)) - 8b42f16a-046f-47a1-90c1-eee5a7047d02: remove    LEADER 8b42f16a-046f-47a1-90c1-eee5a7047d02@group-D5D069685640:t2, leader=8b42f16a-046f-47a1-90c1-eee5a7047d02, voted=8b42f16a-046f-47a1-90c1-eee5a7047d02, raftlog=8b42f16a-046f-47a1-90c1-eee5a7047d02@group-D5D069685640-SegmentedRaftLog:OPENED:c77,f77,i77, conf=0: [8b42f16a-046f-47a1-90c1-eee5a7047d02:192.168.34.38:41445, 6eac795c-b416-4929-8077-81de2c3ee3a9:192.168.34.38:39002, 3f911357-18ff-433f-b789-402dfdb2b54e:192.168.34.38:38458], old=null RUNNING
2019-11-19 04:28:12,999 [Command processor thread] INFO  impl.RaftServerImpl (RaftServerImpl.java:lambda$shutdown$3(250)) - 8b42f16a-046f-47a1-90c1-eee5a7047d02@group-D5D069685640: shutdown
2019-11-19 04:28:12,999 [Command processor thread] INFO  util.JmxRegister (JmxRegister.java:unregister(73)) - Successfully un-registered JMX Bean with object name Ratis:service=RaftServer,group=group-D5D069685640,id=8b42f16a-046f-47a1-90c1-eee5a7047d02
2019-11-19 04:28:12,999 [Command processor thread] INFO  impl.RoleInfo (RoleInfo.java:shutdownLeaderState(104)) - 8b42f16a-046f-47a1-90c1-eee5a7047d02: shutdown LeaderState
2019-11-19 04:28:13,003 [Command processor thread] INFO  impl.PendingRequests (PendingRequests.java:sendNotLeaderResponses(206)) - 8b42f16a-046f-47a1-90c1-eee5a7047d02@group-D5D069685640-PendingRequests: sendNotLeaderResponses
2019-11-19 04:28:13,003 [org.apache.ratis.server.impl.LogAppender$AppenderDaemon$$Lambda$586/16948854@3a1d2eee] WARN  server.GrpcLogAppender (GrpcLogAppender.java:mayWait(151)) - 8b42f16a-046f-47a1-90c1-eee5a7047d02@group-D5D069685640->3f911357-18ff-433f-b789-402dfdb2b54e-GrpcLogAppender: Wait interrupted by java.lang.InterruptedException
2019-11-19 04:28:13,003 [org.apache.ratis.server.impl.LogAppender$AppenderDaemon$$Lambda$586/16948854@7881c054] WARN  server.GrpcLogAppender (GrpcLogAppender.java:mayWait(151)) - 8b42f16a-046f-47a1-90c1-eee5a7047d02@group-D5D069685640->6eac795c-b416-4929-8077-81de2c3ee3a9-GrpcLogAppender: Wait interrupted by java.lang.InterruptedException
2019-11-19 04:28:13,009 [Command processor thread] INFO  impl.StateMachineUpdater (StateMachineUpdater.java:stopAndJoin(136)) - 8b42f16a-046f-47a1-90c1-eee5a7047d02@group-D5D069685640-StateMachineUpdater: set stopIndex = 77
2019-11-19 04:28:13,010 [8b42f16a-046f-47a1-90c1-eee5a7047d02@group-D5D069685640-StateMachineUpdater] INFO  ratis.ContainerStateMachine (ContainerStateMachine.java:takeSnapshot(285)) - group-D5D069685640: Taking a snapshot at:(t:2, i:75) file /workdir/hadoop-ozone/tools/target/test-dir/MiniOzoneClusterImpl-c4d67550-36c6-4904-99d4-5ad2f7b3e335/datanode-0/data/ratis/18d334ea-dccb-4d8f-809c-d5d069685640/sm/snapshot.2_75
2019-11-19 04:28:13,010 [grpc-default-executor-5] INFO  server.GrpcServerProtocolService (GrpcServerProtocolService.java:onCompleted(113)) - 3f911357-18ff-433f-b789-402dfdb2b54e: Completed APPEND_ENTRIES, lastRequest: 8b42f16a-046f-47a1-90c1-eee5a7047d02->3f911357-18ff-433f-b789-402dfdb2b54e#80-t2, previous=(t:2, i:77), leaderCommit=77, initializing? false, entries: <empty>
2019-11-19 04:28:13,010 [grpc-default-executor-4] INFO  server.GrpcServerProtocolService (GrpcServerProtocolService.java:onCompleted(113)) - 6eac795c-b416-4929-8077-81de2c3ee3a9: Completed APPEND_ENTRIES, lastRequest: 8b42f16a-046f-47a1-90c1-eee5a7047d02->6eac795c-b416-4929-8077-81de2c3ee3a9#80-t2, previous=(t:2, i:77), leaderCommit=77, initializing? false, entries: <empty>
2019-11-19 04:28:13,012 [grpc-default-executor-4] INFO  server.GrpcLogAppender (GrpcLogAppender.java:onCompleted(308)) - 8b42f16a-046f-47a1-90c1-eee5a7047d02@group-D5D069685640->3f911357-18ff-433f-b789-402dfdb2b54e-AppendLogResponseHandler: follower responses appendEntries COMPLETED
2019-11-19 04:28:13,014 [grpc-default-executor-5] INFO  server.GrpcLogAppender (GrpcLogAppender.java:onCompleted(308)) - 8b42f16a-046f-47a1-90c1-eee5a7047d02@group-D5D069685640->6eac795c-b416-4929-8077-81de2c3ee3a9-AppendLogResponseHandler: follower responses appendEntries COMPLETED
2019-11-19 04:28:13,016 [Command processor thread] INFO  impl.RaftServerProxy (RaftServerProxy.java:remove(95)) - 3f911357-18ff-433f-b789-402dfdb2b54e: remove  FOLLOWER 3f911357-18ff-433f-b789-402dfdb2b54e@group-D5D069685640:t2, leader=8b42f16a-046f-47a1-90c1-eee5a7047d02, voted=8b42f16a-046f-47a1-90c1-eee5a7047d02, raftlog=3f911357-18ff-433f-b789-402dfdb2b54e@group-D5D069685640-SegmentedRaftLog:OPENED:c77,f77,i77, conf=0: [8b42f16a-046f-47a1-90c1-eee5a7047d02:192.168.34.38:41445, 6eac795c-b416-4929-8077-81de2c3ee3a9:192.168.34.38:39002, 3f911357-18ff-433f-b789-402dfdb2b54e:192.168.34.38:38458], old=null RUNNING
2019-11-19 04:28:13,017 [Command processor thread] INFO  impl.RaftServerImpl (RaftServerImpl.java:lambda$shutdown$3(250)) - 3f911357-18ff-433f-b789-402dfdb2b54e@group-D5D069685640: shutdown
2019-11-19 04:28:13,017 [Command processor thread] INFO  util.JmxRegister (JmxRegister.java:unregister(73)) - Successfully un-registered JMX Bean with object name Ratis:service=RaftServer,group=group-D5D069685640,id=3f911357-18ff-433f-b789-402dfdb2b54e
2019-11-19 04:28:13,018 [Command processor thread] INFO  impl.RoleInfo (RoleInfo.java:shutdownFollowerState(121)) - 3f911357-18ff-433f-b789-402dfdb2b54e: shutdown FollowerState
2019-11-19 04:28:13,018 [Thread-213] INFO  impl.FollowerState (FollowerState.java:run(120)) - 3f911357-18ff-433f-b789-402dfdb2b54e@group-D5D069685640-FollowerState was interrupted: java.lang.InterruptedException: sleep interrupted
2019-11-19 04:28:13,019 [3f911357-18ff-433f-b789-402dfdb2b54e@group-D5D069685640-StateMachineUpdater] INFO  ratis.ContainerStateMachine (ContainerStateMachine.java:takeSnapshot(285)) - group-D5D069685640: Taking a snapshot at:(t:2, i:75) file /workdir/hadoop-ozone/tools/target/test-dir/MiniOzoneClusterImpl-c4d67550-36c6-4904-99d4-5ad2f7b3e335/datanode-2/data/ratis/18d334ea-dccb-4d8f-809c-d5d069685640/sm/snapshot.2_75
2019-11-19 04:28:13,018 [Command processor thread] INFO  impl.StateMachineUpdater (StateMachineUpdater.java:stopAndJoin(136)) - 3f911357-18ff-433f-b789-402dfdb2b54e@group-D5D069685640-StateMachineUpdater: set stopIndex = 77
2019-11-19 04:28:13,025 [grpc-default-executor-5] INFO  impl.FollowerInfo (FollowerInfo.java:lambda$new$0(51)) - 8b42f16a-046f-47a1-90c1-eee5a7047d02@group-D5D069685640->6eac795c-b416-4929-8077-81de2c3ee3a9: nextIndex: updateUnconditionally 78 -> 77
2019-11-19 04:28:13,025 [grpc-default-executor-4] INFO  impl.FollowerInfo (FollowerInfo.java:lambda$new$0(51)) - 8b42f16a-046f-47a1-90c1-eee5a7047d02@group-D5D069685640->3f911357-18ff-433f-b789-402dfdb2b54e: nextIndex: updateUnconditionally 78 -> 77
2019-11-19 04:28:13,049 [8b42f16a-046f-47a1-90c1-eee5a7047d02@group-D5D069685640-StateMachineUpdater] INFO  ratis.ContainerStateMachine (ContainerStateMachine.java:takeSnapshot(296)) - group-D5D069685640: Finished taking a snapshot at:(t:2, i:75) file:/workdir/hadoop-ozone/tools/target/test-dir/MiniOzoneClusterImpl-c4d67550-36c6-4904-99d4-5ad2f7b3e335/datanode-0/data/ratis/18d334ea-dccb-4d8f-809c-d5d069685640/sm/snapshot.2_75 time:41
2019-11-19 04:28:13,049 [3f911357-18ff-433f-b789-402dfdb2b54e@group-D5D069685640-StateMachineUpdater] INFO  ratis.ContainerStateMachine (ContainerStateMachine.java:takeSnapshot(296)) - group-D5D069685640: Finished taking a snapshot at:(t:2, i:75) file:/workdir/hadoop-ozone/tools/target/test-dir/MiniOzoneClusterImpl-c4d67550-36c6-4904-99d4-5ad2f7b3e335/datanode-2/data/ratis/18d334ea-dccb-4d8f-809c-d5d069685640/sm/snapshot.2_75 time:32
2019-11-19 04:28:13,051 [8b42f16a-046f-47a1-90c1-eee5a7047d02@group-D5D069685640-StateMachineUpdater] INFO  impl.StateMachineUpdater (StateMachineUpdater.java:takeSnapshot(269)) - 8b42f16a-046f-47a1-90c1-eee5a7047d02@group-D5D069685640-StateMachineUpdater: Took a snapshot at index 75
2019-11-19 04:28:13,051 [3f911357-18ff-433f-b789-402dfdb2b54e@group-D5D069685640-StateMachineUpdater] INFO  impl.StateMachineUpdater (StateMachineUpdater.java:takeSnapshot(269)) - 3f911357-18ff-433f-b789-402dfdb2b54e@group-D5D069685640-StateMachineUpdater: Took a snapshot at index 75
2019-11-19 04:28:13,051 [8b42f16a-046f-47a1-90c1-eee5a7047d02@group-D5D069685640-StateMachineUpdater] INFO  impl.StateMachineUpdater (StateMachineUpdater.java:lambda$new$0(84)) - 8b42f16a-046f-47a1-90c1-eee5a7047d02@group-D5D069685640-StateMachineUpdater: snapshotIndex: updateIncreasingly -1 -> 75
2019-11-19 04:28:13,051 [3f911357-18ff-433f-b789-402dfdb2b54e@group-D5D069685640-StateMachineUpdater] INFO  impl.StateMachineUpdater (StateMachineUpdater.java:lambda$new$0(84)) - 3f911357-18ff-433f-b789-402dfdb2b54e@group-D5D069685640-StateMachineUpdater: snapshotIndex: updateIncreasingly -1 -> 75
2019-11-19 04:28:13,056 [8b42f16a-046f-47a1-90c1-eee5a7047d02@group-D5D069685640-StateMachineUpdater] INFO  ratis.ContainerStateMachine (ContainerStateMachine.java:takeSnapshot(285)) - group-D5D069685640: Taking a snapshot at:(t:2, i:75) file /workdir/hadoop-ozone/tools/target/test-dir/MiniOzoneClusterImpl-c4d67550-36c6-4904-99d4-5ad2f7b3e335/datanode-0/data/ratis/18d334ea-dccb-4d8f-809c-d5d069685640/sm/snapshot.2_75
2019-11-19 04:28:13,056 [3f911357-18ff-433f-b789-402dfdb2b54e@group-D5D069685640-StateMachineUpdater] INFO  ratis.ContainerStateMachine (ContainerStateMachine.java:takeSnapshot(285)) - group-D5D069685640: Taking a snapshot at:(t:2, i:75) file /workdir/hadoop-ozone/tools/target/test-dir/MiniOzoneClusterImpl-c4d67550-36c6-4904-99d4-5ad2f7b3e335/datanode-2/data/ratis/18d334ea-dccb-4d8f-809c-d5d069685640/sm/snapshot.2_75
2019-11-19 04:28:13,070 [3f911357-18ff-433f-b789-402dfdb2b54e@group-D5D069685640-StateMachineUpdater] INFO  ratis.ContainerStateMachine (ContainerStateMachine.java:takeSnapshot(296)) - group-D5D069685640: Finished taking a snapshot at:(t:2, i:75) file:/workdir/hadoop-ozone/tools/target/test-dir/MiniOzoneClusterImpl-c4d67550-36c6-4904-99d4-5ad2f7b3e335/datanode-2/data/ratis/18d334ea-dccb-4d8f-809c-d5d069685640/sm/snapshot.2_75 time:13
2019-11-19 04:28:13,070 [8b42f16a-046f-47a1-90c1-eee5a7047d02@group-D5D069685640-StateMachineUpdater] INFO  ratis.ContainerStateMachine (ContainerStateMachine.java:takeSnapshot(296)) - group-D5D069685640: Finished taking a snapshot at:(t:2, i:75) file:/workdir/hadoop-ozone/tools/target/test-dir/MiniOzoneClusterImpl-c4d67550-36c6-4904-99d4-5ad2f7b3e335/datanode-0/data/ratis/18d334ea-dccb-4d8f-809c-d5d069685640/sm/snapshot.2_75 time:13
2019-11-19 04:28:13,070 [3f911357-18ff-433f-b789-402dfdb2b54e@group-D5D069685640-StateMachineUpdater] INFO  impl.StateMachineUpdater (StateMachineUpdater.java:takeSnapshot(269)) - 3f911357-18ff-433f-b789-402dfdb2b54e@group-D5D069685640-StateMachineUpdater: Took a snapshot at index 75
2019-11-19 04:28:13,070 [8b42f16a-046f-47a1-90c1-eee5a7047d02@group-D5D069685640-StateMachineUpdater] INFO  impl.StateMachineUpdater (StateMachineUpdater.java:takeSnapshot(269)) - 8b42f16a-046f-47a1-90c1-eee5a7047d02@group-D5D069685640-StateMachineUpdater: Took a snapshot at index 75
2019-11-19 04:28:13,070 [3f911357-18ff-433f-b789-402dfdb2b54e@group-D5D069685640-StateMachineUpdater] INFO  impl.StateMachineUpdater (StateMachineUpdater.java:lambda$new$0(84)) - 3f911357-18ff-433f-b789-402dfdb2b54e@group-D5D069685640-StateMachineUpdater: snapshotIndex: updateIncreasingly 75 -> 75
2019-11-19 04:28:13,071 [8b42f16a-046f-47a1-90c1-eee5a7047d02@group-D5D069685640-StateMachineUpdater] INFO  impl.StateMachineUpdater (StateMachineUpdater.java:lambda$new$0(84)) - 8b42f16a-046f-47a1-90c1-eee5a7047d02@group-D5D069685640-StateMachineUpdater: snapshotIndex: updateIncreasingly 75 -> 75
2019-11-19 04:28:13,071 [Command processor thread] INFO  impl.RaftServerImpl (ServerState.java:close(387)) - 3f911357-18ff-433f-b789-402dfdb2b54e@group-D5D069685640: closes. applyIndex: 77
2019-11-19 04:28:13,071 [Command processor thread] INFO  impl.RaftServerImpl (ServerState.java:close(387)) - 8b42f16a-046f-47a1-90c1-eee5a7047d02@group-D5D069685640: closes. applyIndex: 77
2019-11-19 04:28:13,074 [3f911357-18ff-433f-b789-402dfdb2b54e@group-D5D069685640-SegmentedRaftLogWorker] INFO  segmented.SegmentedRaftLogWorker (SegmentedRaftLogWorker.java:run(316)) - 3f911357-18ff-433f-b789-402dfdb2b54e@group-D5D069685640-SegmentedRaftLogWorker was interrupted, exiting. There are 0 tasks remaining in the queue.
2019-11-19 04:28:13,074 [8b42f16a-046f-47a1-90c1-eee5a7047d02@group-D5D069685640-SegmentedRaftLogWorker] INFO  segmented.SegmentedRaftLogWorker (SegmentedRaftLogWorker.java:run(316)) - 8b42f16a-046f-47a1-90c1-eee5a7047d02@group-D5D069685640-SegmentedRaftLogWorker was interrupted, exiting. There are 0 tasks remaining in the queue.
2019-11-19 04:28:13,077 [Command processor thread] INFO  segmented.SegmentedRaftLogWorker (SegmentedRaftLogWorker.java:close(224)) - 8b42f16a-046f-47a1-90c1-eee5a7047d02@group-D5D069685640-SegmentedRaftLogWorker close()
2019-11-19 04:28:13,077 [Command processor thread] INFO  segmented.SegmentedRaftLogWorker (SegmentedRaftLogWorker.java:close(224)) - 3f911357-18ff-433f-b789-402dfdb2b54e@group-D5D069685640-SegmentedRaftLogWorker close()
2019-11-19 04:28:13,114 [Command processor thread] INFO  interfaces.Container (KeyValueContainer.java:flushAndSyncDB(400)) - Container 1 is synced with bcsId 59.
2019-11-19 04:28:13,114 [Command processor thread] INFO  interfaces.Container (KeyValueContainer.java:flushAndSyncDB(400)) - Container 1 is synced with bcsId 59.
2019-11-19 04:28:13,116 [Command processor thread] INFO  interfaces.Container (KeyValueContainer.java:flushAndSyncDB(400)) - Container 1 is synced with bcsId 59.
2019-11-19 04:28:13,116 [Command processor thread] INFO  interfaces.Container (KeyValueContainer.java:flushAndSyncDB(400)) - Container 1 is synced with bcsId 59.
2019-11-19 04:28:13,134 [EventQueue-IncrementalContainerReportForIncrementalContainerReportHandler] INFO  container.IncrementalContainerReportHandler (AbstractContainerReportHandler.java:updateContainerState(171)) - Moving container #1 to QUASI_CLOSED state, datanode 3f911357-18ff-433f-b789-402dfdb2b54e{ip: 192.168.34.38, host: pr-hdds-2527-xk9kf-705888348, networkLocation: /default-rack, certSerialId: null} reported QUASI_CLOSED replica.
 0.00% |?                                                                                                    |  0/1 Time: 0:00:022019-11-19 04:28:13,168 [Command processor thread] INFO  interfaces.Container (KeyValueContainer.java:flushAndSyncDB(400)) - Container 2 is synced with bcsId 75.
2019-11-19 04:28:13,168 [Command processor thread] INFO  interfaces.Container (KeyValueContainer.java:flushAndSyncDB(400)) - Container 2 is synced with bcsId 75.
2019-11-19 04:28:13,168 [Command processor thread] INFO  interfaces.Container (KeyValueContainer.java:flushAndSyncDB(400)) - Container 2 is synced with bcsId 75.
2019-11-19 04:28:13,168 [Command processor thread] INFO  interfaces.Container (KeyValueContainer.java:flushAndSyncDB(400)) - Container 2 is synced with bcsId 75.
2019-11-19 04:28:13,193 [EventQueue-IncrementalContainerReportForIncrementalContainerReportHandler] INFO  container.IncrementalContainerReportHandler (AbstractContainerReportHandler.java:updateContainerState(171)) - Moving container #2 to QUASI_CLOSED state, datanode 3f911357-18ff-433f-b789-402dfdb2b54e{ip: 192.168.34.38, host: pr-hdds-2527-xk9kf-705888348, networkLocation: /default-rack, certSerialId: null} reported QUASI_CLOSED replica.
2019-11-19 04:28:13,208 [Command processor thread] INFO  interfaces.Container (KeyValueContainer.java:flushAndSyncDB(400)) - Container 3 is synced with bcsId 41.
2019-11-19 04:28:13,208 [Command processor thread] INFO  interfaces.Container (KeyValueContainer.java:flushAndSyncDB(400)) - Container 3 is synced with bcsId 41.
2019-11-19 04:28:13,208 [Command processor thread] INFO  interfaces.Container (KeyValueContainer.java:flushAndSyncDB(400)) - Container 3 is synced with bcsId 41.
2019-11-19 04:28:13,208 [Command processor thread] INFO  interfaces.Container (KeyValueContainer.java:flushAndSyncDB(400)) - Container 3 is synced with bcsId 41.
2019-11-19 04:28:13,224 [Command processor thread] INFO  commandhandler.ClosePipelineCommandHandler (ClosePipelineCommandHandler.java:handle(78)) - Close Pipeline #id: "18d334ea-dccb-4d8f-809c-d5d069685640"
 command on datanode #8b42f16a-046f-47a1-90c1-eee5a7047d02.
2019-11-19 04:28:13,224 [Command processor thread] INFO  commandhandler.ClosePipelineCommandHandler (ClosePipelineCommandHandler.java:handle(78)) - Close Pipeline #id: "18d334ea-dccb-4d8f-809c-d5d069685640"
 command on datanode #3f911357-18ff-433f-b789-402dfdb2b54e.
2019-11-19 04:28:13,227 [EventQueue-IncrementalContainerReportForIncrementalContainerReportHandler] INFO  container.IncrementalContainerReportHandler (AbstractContainerReportHandler.java:updateContainerState(171)) - Moving container #3 to QUASI_CLOSED state, datanode 3f911357-18ff-433f-b789-402dfdb2b54e{ip: 192.168.34.38, host: pr-hdds-2527-xk9kf-705888348, networkLocation: /default-rack, certSerialId: null} reported QUASI_CLOSED replica.
2019-11-19 04:28:13,227 [Command processor thread] INFO  impl.RaftServerProxy (RaftServerProxy.java:addNew(89)) - 8b42f16a-046f-47a1-90c1-eee5a7047d02: addNew group-148F131B9C3F:[8b42f16a-046f-47a1-90c1-eee5a7047d02:192.168.34.38:41445, 6eac795c-b416-4929-8077-81de2c3ee3a9:192.168.34.38:39002, 3f911357-18ff-433f-b789-402dfdb2b54e:192.168.34.38:38458] returns group-148F131B9C3F:java.util.concurrent.CompletableFuture@249a61dc[Not completed]
2019-11-19 04:28:13,227 [Command processor thread] INFO  impl.RaftServerProxy (RaftServerProxy.java:addNew(89)) - 3f911357-18ff-433f-b789-402dfdb2b54e: addNew group-148F131B9C3F:[8b42f16a-046f-47a1-90c1-eee5a7047d02:192.168.34.38:41445, 6eac795c-b416-4929-8077-81de2c3ee3a9:192.168.34.38:39002, 3f911357-18ff-433f-b789-402dfdb2b54e:192.168.34.38:38458] returns group-148F131B9C3F:java.util.concurrent.CompletableFuture@2327592d[Not completed]
2019-11-19 04:28:13,232 [pool-27-thread-1] INFO  impl.RaftServerImpl (RaftServerImpl.java:<init>(98)) - 8b42f16a-046f-47a1-90c1-eee5a7047d02: new RaftServerImpl for group-148F131B9C3F:[8b42f16a-046f-47a1-90c1-eee5a7047d02:192.168.34.38:41445, 6eac795c-b416-4929-8077-81de2c3ee3a9:192.168.34.38:39002, 3f911357-18ff-433f-b789-402dfdb2b54e:192.168.34.38:38458] with ContainerStateMachine:uninitialized
2019-11-19 04:28:13,232 [pool-27-thread-1] INFO  server.RaftServerConfigKeys (ConfUtils.java:logGet(43)) - raft.server.rpc.timeout.min = 5s (custom)
2019-11-19 04:28:13,232 [pool-27-thread-1] INFO  server.RaftServerConfigKeys (ConfUtils.java:logGet(43)) - raft.server.rpc.timeout.max = 5200ms (custom)
2019-11-19 04:28:13,232 [pool-27-thread-1] INFO  server.RaftServerConfigKeys (ConfUtils.java:logGet(43)) - raft.server.rpcslowness.timeout = 120s (custom)
2019-11-19 04:28:13,232 [pool-27-thread-1] INFO  server.RaftServerConfigKeys (ConfUtils.java:logGet(43)) - raft.server.sleep.deviation.threshold = 300 (default)
2019-11-19 04:28:13,232 [pool-27-thread-1] INFO  server.RaftServerConfigKeys (ConfUtils.java:logGet(43)) - raft.server.log.appender.install.snapshot.enabled = false (custom)
2019-11-19 04:28:13,232 [pool-27-thread-1] INFO  impl.RaftServerImpl (ServerState.java:<init>(103)) - 8b42f16a-046f-47a1-90c1-eee5a7047d02@group-148F131B9C3F: ConfigurationManager, init=-1: [8b42f16a-046f-47a1-90c1-eee5a7047d02:192.168.34.38:41445, 6eac795c-b416-4929-8077-81de2c3ee3a9:192.168.34.38:39002, 3f911357-18ff-433f-b789-402dfdb2b54e:192.168.34.38:38458], old=null, confs=<EMPTY_MAP>
2019-11-19 04:28:13,233 [pool-27-thread-1] INFO  server.RaftServerConfigKeys (ConfUtils.java:logGet(43)) - raft.server.storage.dir = [/workdir/hadoop-ozone/tools/target/test-dir/MiniOzoneClusterImpl-c4d67550-36c6-4904-99d4-5ad2f7b3e335/datanode-0/data/ratis] (custom)
2019-11-19 04:28:13,233 [pool-27-thread-1] INFO  server.RaftServerConfigKeys (ConfUtils.java:logGet(43)) - raft.server.log.corruption.policy = EXCEPTION (default)
2019-11-19 04:28:13,233 [pool-47-thread-1] INFO  impl.RaftServerImpl (RaftServerImpl.java:<init>(98)) - 3f911357-18ff-433f-b789-402dfdb2b54e: new RaftServerImpl for group-148F131B9C3F:[8b42f16a-046f-47a1-90c1-eee5a7047d02:192.168.34.38:41445, 6eac795c-b416-4929-8077-81de2c3ee3a9:192.168.34.38:39002, 3f911357-18ff-433f-b789-402dfdb2b54e:192.168.34.38:38458] with ContainerStateMachine:uninitialized
2019-11-19 04:28:13,233 [pool-27-thread-1] INFO  storage.RaftStorageDirectory (RaftStorageDirectory.java:analyzeStorage(246)) - The storage directory /workdir/hadoop-ozone/tools/target/test-dir/MiniOzoneClusterImpl-c4d67550-36c6-4904-99d4-5ad2f7b3e335/datanode-0/data/ratis/3e65352a-19dd-4cc8-9d0d-148f131b9c3f does not exist. Creating ...
2019-11-19 04:28:13,233 [pool-47-thread-1] INFO  server.RaftServerConfigKeys (ConfUtils.java:logGet(43)) - raft.server.rpc.timeout.min = 5s (custom)
2019-11-19 04:28:13,233 [pool-47-thread-1] INFO  server.RaftServerConfigKeys (ConfUtils.java:logGet(43)) - raft.server.rpc.timeout.max = 5200ms (custom)
2019-11-19 04:28:13,234 [pool-47-thread-1] INFO  server.RaftServerConfigKeys (ConfUtils.java:logGet(43)) - raft.server.rpcslowness.timeout = 120s (custom)
2019-11-19 04:28:13,234 [pool-47-thread-1] INFO  server.RaftServerConfigKeys (ConfUtils.java:logGet(43)) - raft.server.sleep.deviation.threshold = 300 (default)
2019-11-19 04:28:13,234 [pool-47-thread-1] INFO  server.RaftServerConfigKeys (ConfUtils.java:logGet(43)) - raft.server.log.appender.install.snapshot.enabled = false (custom)
2019-11-19 04:28:13,234 [pool-47-thread-1] INFO  impl.RaftServerImpl (ServerState.java:<init>(103)) - 3f911357-18ff-433f-b789-402dfdb2b54e@group-148F131B9C3F: ConfigurationManager, init=-1: [8b42f16a-046f-47a1-90c1-eee5a7047d02:192.168.34.38:41445, 6eac795c-b416-4929-8077-81de2c3ee3a9:192.168.34.38:39002, 3f911357-18ff-433f-b789-402dfdb2b54e:192.168.34.38:38458], old=null, confs=<EMPTY_MAP>
2019-11-19 04:28:13,234 [pool-47-thread-1] INFO  server.RaftServerConfigKeys (ConfUtils.java:logGet(43)) - raft.server.storage.dir = [/workdir/hadoop-ozone/tools/target/test-dir/MiniOzoneClusterImpl-c4d67550-36c6-4904-99d4-5ad2f7b3e335/datanode-2/data/ratis] (custom)
2019-11-19 04:28:13,234 [pool-47-thread-1] INFO  server.RaftServerConfigKeys (ConfUtils.java:logGet(43)) - raft.server.log.corruption.policy = EXCEPTION (default)
2019-11-19 04:28:13,235 [pool-47-thread-1] INFO  storage.RaftStorageDirectory (RaftStorageDirectory.java:analyzeStorage(246)) - The storage directory /workdir/hadoop-ozone/tools/target/test-dir/MiniOzoneClusterImpl-c4d67550-36c6-4904-99d4-5ad2f7b3e335/datanode-2/data/ratis/3e65352a-19dd-4cc8-9d0d-148f131b9c3f does not exist. Creating ...
2019-11-19 04:28:13,246 [pool-47-thread-1] INFO  storage.RaftStorageDirectory (RaftStorageDirectory.java:tryLock(328)) - Lock on /workdir/hadoop-ozone/tools/target/test-dir/MiniOzoneClusterImpl-c4d67550-36c6-4904-99d4-5ad2f7b3e335/datanode-2/data/ratis/3e65352a-19dd-4cc8-9d0d-148f131b9c3f/in_use.lock acquired by nodename 24216@pr-hdds-2527-xk9kf-705888348
2019-11-19 04:28:13,246 [pool-27-thread-1] INFO  storage.RaftStorageDirectory (RaftStorageDirectory.java:tryLock(328)) - Lock on /workdir/hadoop-ozone/tools/target/test-dir/MiniOzoneClusterImpl-c4d67550-36c6-4904-99d4-5ad2f7b3e335/datanode-0/data/ratis/3e65352a-19dd-4cc8-9d0d-148f131b9c3f/in_use.lock acquired by nodename 24216@pr-hdds-2527-xk9kf-705888348
2019-11-19 04:28:13,259 [pool-27-thread-1] INFO  storage.RaftStorage (RaftStorage.java:format(84)) - Storage directory /workdir/hadoop-ozone/tools/target/test-dir/MiniOzoneClusterImpl-c4d67550-36c6-4904-99d4-5ad2f7b3e335/datanode-0/data/ratis/3e65352a-19dd-4cc8-9d0d-148f131b9c3f has been successfully formatted.
2019-11-19 04:28:13,259 [pool-47-thread-1] INFO  storage.RaftStorage (RaftStorage.java:format(84)) - Storage directory /workdir/hadoop-ozone/tools/target/test-dir/MiniOzoneClusterImpl-c4d67550-36c6-4904-99d4-5ad2f7b3e335/datanode-2/data/ratis/3e65352a-19dd-4cc8-9d0d-148f131b9c3f has been successfully formatted.
2019-11-19 04:28:13,260 [pool-27-thread-1] INFO  ratis.ContainerStateMachine (ContainerStateMachine.java:loadSnapshot(223)) - group-148F131B9C3F: The snapshot info is null. Setting the last applied indexto:(t:0, i:~)
2019-11-19 04:28:13,260 [pool-27-thread-1] INFO  server.RaftServerConfigKeys (ConfUtils.java:logGet(43)) - raft.server.notification.no-leader.timeout = 120s (custom)
2019-11-19 04:28:13,260 [pool-47-thread-1] INFO  ratis.ContainerStateMachine (ContainerStateMachine.java:loadSnapshot(223)) - group-148F131B9C3F: The snapshot info is null. Setting the last applied indexto:(t:0, i:~)
2019-11-19 04:28:13,260 [pool-27-thread-1] INFO  server.RaftServerConfigKeys (ConfUtils.java:logGet(43)) - raft.server.log.use.memory = false (default)
2019-11-19 04:28:13,260 [pool-47-thread-1] INFO  server.RaftServerConfigKeys (ConfUtils.java:logGet(43)) - raft.server.notification.no-leader.timeout = 120s (custom)
2019-11-19 04:28:13,260 [pool-27-thread-1] INFO  server.RaftServerConfigKeys (ConfUtils.java:logGet(43)) - raft.server.log.purge.gap = 1000000 (custom)
2019-11-19 04:28:13,260 [pool-47-thread-1] INFO  server.RaftServerConfigKeys (ConfUtils.java:logGet(43)) - raft.server.log.use.memory = false (default)
2019-11-19 04:28:13,260 [pool-27-thread-1] INFO  server.RaftServerConfigKeys (ConfUtils.java:logGet(43)) - raft.server.log.appender.buffer.byte-limit = 33554432 (custom)
2019-11-19 04:28:13,260 [pool-47-thread-1] INFO  server.RaftServerConfigKeys (ConfUtils.java:logGet(43)) - raft.server.log.purge.gap = 1000000 (custom)
2019-11-19 04:28:13,261 [pool-27-thread-1] INFO  server.RaftServerConfigKeys (ConfUtils.java:logGet(43)) - raft.server.log.segment.size.max = 1048576 (custom)
2019-11-19 04:28:13,261 [pool-47-thread-1] INFO  server.RaftServerConfigKeys (ConfUtils.java:logGet(43)) - raft.server.log.appender.buffer.byte-limit = 33554432 (custom)
2019-11-19 04:28:13,261 [pool-27-thread-1] INFO  server.RaftServerConfigKeys (ConfUtils.java:logGet(43)) - raft.server.log.segment.cache.num.max = 2 (custom)
2019-11-19 04:28:13,261 [pool-47-thread-1] INFO  server.RaftServerConfigKeys (ConfUtils.java:logGet(43)) - raft.server.log.segment.size.max = 1048576 (custom)
2019-11-19 04:28:13,261 [pool-27-thread-1] INFO  segmented.SegmentedRaftLogWorker (SegmentedRaftLogWorker.java:<init>(173)) - new 8b42f16a-046f-47a1-90c1-eee5a7047d02@group-148F131B9C3F-SegmentedRaftLogWorker for RaftStorage:Storage Directory /workdir/hadoop-ozone/tools/target/test-dir/MiniOzoneClusterImpl-c4d67550-36c6-4904-99d4-5ad2f7b3e335/datanode-0/data/ratis/3e65352a-19dd-4cc8-9d0d-148f131b9c3f
2019-11-19 04:28:13,261 [pool-47-thread-1] INFO  server.RaftServerConfigKeys (ConfUtils.java:logGet(43)) - raft.server.log.segment.cache.num.max = 2 (custom)
2019-11-19 04:28:13,261 [pool-27-thread-1] INFO  server.RaftServerConfigKeys (ConfUtils.java:logGet(43)) - raft.server.log.queue.byte-limit = 2147483647 (custom)
2019-11-19 04:28:13,261 [pool-47-thread-1] INFO  segmented.SegmentedRaftLogWorker (SegmentedRaftLogWorker.java:<init>(173)) - new 3f911357-18ff-433f-b789-402dfdb2b54e@group-148F131B9C3F-SegmentedRaftLogWorker for RaftStorage:Storage Directory /workdir/hadoop-ozone/tools/target/test-dir/MiniOzoneClusterImpl-c4d67550-36c6-4904-99d4-5ad2f7b3e335/datanode-2/data/ratis/3e65352a-19dd-4cc8-9d0d-148f131b9c3f
2019-11-19 04:28:13,261 [pool-27-thread-1] INFO  server.RaftServerConfigKeys (ConfUtils.java:logGet(43)) - raft.server.log.queue.element-limit = 1024 (custom)
2019-11-19 04:28:13,262 [pool-47-thread-1] INFO  server.RaftServerConfigKeys (ConfUtils.java:logGet(43)) - raft.server.log.queue.byte-limit = 2147483647 (custom)
2019-11-19 04:28:13,262 [pool-27-thread-1] INFO  server.RaftServerConfigKeys (ConfUtils.java:logGet(43)) - raft.server.log.segment.size.max = 1048576 (custom)
2019-11-19 04:28:13,262 [pool-47-thread-1] INFO  server.RaftServerConfigKeys (ConfUtils.java:logGet(43)) - raft.server.log.queue.element-limit = 1024 (custom)
2019-11-19 04:28:13,262 [pool-27-thread-1] INFO  server.RaftServerConfigKeys (ConfUtils.java:logGet(43)) - raft.server.log.preallocated.size = 16384 (custom)
2019-11-19 04:28:13,262 [pool-27-thread-1] INFO  server.RaftServerConfigKeys (ConfUtils.java:logGet(43)) - raft.server.log.write.buffer.size = 33554432 (custom)
2019-11-19 04:28:13,262 [pool-47-thread-1] INFO  server.RaftServerConfigKeys (ConfUtils.java:logGet(43)) - raft.server.log.segment.size.max = 1048576 (custom)
2019-11-19 04:28:13,262 [pool-27-thread-1] INFO  server.RaftServerConfigKeys (ConfUtils.java:logGet(43)) - raft.server.log.force.sync.num = 128 (default)
2019-11-19 04:28:13,262 [pool-47-thread-1] INFO  server.RaftServerConfigKeys (ConfUtils.java:logGet(43)) - raft.server.log.preallocated.size = 16384 (custom)
2019-11-19 04:28:13,262 [pool-27-thread-1] INFO  server.RaftServerConfigKeys (ConfUtils.java:logGet(43)) - raft.server.log.statemachine.data.sync = true (default)
2019-11-19 04:28:13,263 [pool-47-thread-1] INFO  server.RaftServerConfigKeys (ConfUtils.java:logGet(43)) - raft.server.log.write.buffer.size = 33554432 (custom)
2019-11-19 04:28:13,263 [pool-27-thread-1] INFO  server.RaftServerConfigKeys (ConfUtils.java:logGet(43)) - raft.server.log.statemachine.data.sync.timeout = 10s (default)
2019-11-19 04:28:13,263 [pool-47-thread-1] INFO  server.RaftServerConfigKeys (ConfUtils.java:logGet(43)) - raft.server.log.force.sync.num = 128 (default)
2019-11-19 04:28:13,263 [pool-27-thread-1] INFO  server.RaftServerConfigKeys (ConfUtils.java:logGet(43)) - raft.server.log.statemachine.data.sync.timeout.retry = -1 (default)
2019-11-19 04:28:13,263 [pool-47-thread-1] INFO  server.RaftServerConfigKeys (ConfUtils.java:logGet(43)) - raft.server.log.statemachine.data.sync = true (default)
2019-11-19 04:28:13,263 [pool-27-thread-1] INFO  server.RaftServerConfigKeys (ConfUtils.java:logGet(43)) - raft.server.log.statemachine.data.caching.enabled = true (custom)
2019-11-19 04:28:13,263 [pool-47-thread-1] INFO  server.RaftServerConfigKeys (ConfUtils.java:logGet(43)) - raft.server.log.statemachine.data.sync.timeout = 10s (default)
2019-11-19 04:28:13,263 [pool-47-thread-1] INFO  server.RaftServerConfigKeys (ConfUtils.java:logGet(43)) - raft.server.log.statemachine.data.sync.timeout.retry = -1 (default)
2019-11-19 04:28:13,263 [pool-27-thread-1] INFO  segmented.SegmentedRaftLogWorker (SegmentedRaftLogWorker.java:lambda$new$0(128)) - 8b42f16a-046f-47a1-90c1-eee5a7047d02@group-148F131B9C3F-SegmentedRaftLogWorker: flushIndex: setUnconditionally 0 -> -1
2019-11-19 04:28:13,264 [pool-47-thread-1] INFO  server.RaftServerConfigKeys (ConfUtils.java:logGet(43)) - raft.server.log.statemachine.data.caching.enabled = true (custom)
2019-11-19 04:28:13,264 [pool-27-thread-1] INFO  server.RaftServerConfigKeys (ConfUtils.java:logGet(43)) - raft.server.snapshot.auto.trigger.enabled = true (custom)
2019-11-19 04:28:13,264 [pool-47-thread-1] INFO  segmented.SegmentedRaftLogWorker (SegmentedRaftLogWorker.java:lambda$new$0(128)) - 3f911357-18ff-433f-b789-402dfdb2b54e@group-148F131B9C3F-SegmentedRaftLogWorker: flushIndex: setUnconditionally 0 -> -1
2019-11-19 04:28:13,264 [pool-27-thread-1] INFO  server.RaftServerConfigKeys (ConfUtils.java:logGet(43)) - raft.server.snapshot.auto.trigger.threshold = 10000 (custom)
2019-11-19 04:28:13,264 [pool-27-thread-1] INFO  server.RaftServerConfigKeys (ConfUtils.java:logGet(43)) - raft.server.snapshot.retention.file.num = 5 (custom)
2019-11-19 04:28:13,264 [pool-47-thread-1] INFO  server.RaftServerConfigKeys (ConfUtils.java:logGet(43)) - raft.server.snapshot.auto.trigger.enabled = true (custom)
2019-11-19 04:28:13,264 [pool-27-thread-1] INFO  server.RaftServerConfigKeys (ConfUtils.java:logGet(43)) - raft.server.retrycache.expirytime = 600000ms (custom)
2019-11-19 04:28:13,264 [pool-47-thread-1] INFO  server.RaftServerConfigKeys (ConfUtils.java:logGet(43)) - raft.server.snapshot.auto.trigger.threshold = 10000 (custom)
2019-11-19 04:28:13,264 [pool-47-thread-1] INFO  server.RaftServerConfigKeys (ConfUtils.java:logGet(43)) - raft.server.snapshot.retention.file.num = 5 (custom)
2019-11-19 04:28:13,264 [pool-27-thread-1] WARN  impl.MetricRegistriesImpl (MetricRegistriesImpl.java:lambda$create$1(61)) - First MetricRegistry has been created without registering reporters. You may need to call MetricRegistries.global().addReportRegistration(...) before.
2019-11-19 04:28:13,265 [pool-47-thread-1] INFO  server.RaftServerConfigKeys (ConfUtils.java:logGet(43)) - raft.server.retrycache.expirytime = 600000ms (custom)
2019-11-19 04:28:13,265 [pool-27-thread-1] WARN  impl.MetricRegistriesImpl (MetricRegistriesImpl.java:lambda$create$1(61)) - First MetricRegistry has been created without registering reporters. You may need to call MetricRegistries.global().addReportRegistration(...) before.
2019-11-19 04:28:13,265 [pool-47-thread-1] WARN  impl.MetricRegistriesImpl (MetricRegistriesImpl.java:lambda$create$1(61)) - First MetricRegistry has been created without registering reporters. You may need to call MetricRegistries.global().addReportRegistration(...) before.
2019-11-19 04:28:13,265 [pool-47-thread-1] WARN  impl.MetricRegistriesImpl (MetricRegistriesImpl.java:lambda$create$1(61)) - First MetricRegistry has been created without registering reporters. You may need to call MetricRegistries.global().addReportRegistration(...) before.
2019-11-19 04:28:13,265 [pool-27-thread-1] INFO  impl.RaftServerImpl (RaftServerImpl.java:start(184)) - 8b42f16a-046f-47a1-90c1-eee5a7047d02@group-148F131B9C3F: start as a follower, conf=-1: [8b42f16a-046f-47a1-90c1-eee5a7047d02:192.168.34.38:41445, 6eac795c-b416-4929-8077-81de2c3ee3a9:192.168.34.38:39002, 3f911357-18ff-433f-b789-402dfdb2b54e:192.168.34.38:38458], old=null
2019-11-19 04:28:13,265 [pool-47-thread-1] INFO  impl.RaftServerImpl (RaftServerImpl.java:start(184)) - 3f911357-18ff-433f-b789-402dfdb2b54e@group-148F131B9C3F: start as a follower, conf=-1: [8b42f16a-046f-47a1-90c1-eee5a7047d02:192.168.34.38:41445, 6eac795c-b416-4929-8077-81de2c3ee3a9:192.168.34.38:39002, 3f911357-18ff-433f-b789-402dfdb2b54e:192.168.34.38:38458], old=null
2019-11-19 04:28:13,265 [pool-27-thread-1] INFO  impl.RaftServerImpl (RaftServerImpl.java:setRole(173)) - 8b42f16a-046f-47a1-90c1-eee5a7047d02@group-148F131B9C3F: changes role from      null to FOLLOWER at term 0 for startAsFollower
2019-11-19 04:28:13,265 [pool-47-thread-1] INFO  impl.RaftServerImpl (RaftServerImpl.java:setRole(173)) - 3f911357-18ff-433f-b789-402dfdb2b54e@group-148F131B9C3F: changes role from      null to FOLLOWER at term 0 for startAsFollower
2019-11-19 04:28:13,265 [pool-27-thread-1] INFO  impl.RoleInfo (RoleInfo.java:updateAndGet(143)) - 8b42f16a-046f-47a1-90c1-eee5a7047d02: start FollowerState
2019-11-19 04:28:13,265 [pool-47-thread-1] INFO  impl.RoleInfo (RoleInfo.java:updateAndGet(143)) - 3f911357-18ff-433f-b789-402dfdb2b54e: start FollowerState
2019-11-19 04:28:13,266 [pool-27-thread-1] INFO  util.JmxRegister (JmxRegister.java:tryRegister(44)) - Successfully registered JMX Bean with object name Ratis:service=RaftServer,group=group-148F131B9C3F,id=8b42f16a-046f-47a1-90c1-eee5a7047d02
2019-11-19 04:28:13,266 [pool-47-thread-1] INFO  util.JmxRegister (JmxRegister.java:tryRegister(44)) - Successfully registered JMX Bean with object name Ratis:service=RaftServer,group=group-148F131B9C3F,id=3f911357-18ff-433f-b789-402dfdb2b54e
2019-11-19 04:28:13,266 [pool-27-thread-1] WARN  impl.MetricRegistriesImpl (MetricRegistriesImpl.java:lambda$create$1(61)) - First MetricRegistry has been created without registering reporters. You may need to call MetricRegistries.global().addReportRegistration(...) before.
2019-11-19 04:28:13,266 [pool-47-thread-1] WARN  impl.MetricRegistriesImpl (MetricRegistriesImpl.java:lambda$create$1(61)) - First MetricRegistry has been created without registering reporters. You may need to call MetricRegistries.global().addReportRegistration(...) before.
2019-11-19 04:28:13,266 [Command processor thread] INFO  commandhandler.CreatePipelineCommandHandler (CreatePipelineCommandHandler.java:handle(86)) - Create Pipeline RATIS THREE #id: "3e65352a-19dd-4cc8-9d0d-148f131b9c3f"
 command succeed on datanode 3f911357-18ff-433f-b789-402dfdb2b54e.
2019-11-19 04:28:13,266 [Command processor thread] INFO  commandhandler.CreatePipelineCommandHandler (CreatePipelineCommandHandler.java:handle(86)) - Create Pipeline RATIS THREE #id: "3e65352a-19dd-4cc8-9d0d-148f131b9c3f"
 command succeed on datanode 8b42f16a-046f-47a1-90c1-eee5a7047d02.
2019-11-19 04:28:13,268 [EventQueue-PipelineReportForPipelineReportHandler] INFO  pipeline.PipelineReportHandler (PipelineReportHandler.java:processPipelineReport(113)) - Pipeline THREE PipelineID=3e65352a-19dd-4cc8-9d0d-148f131b9c3f reported by 8b42f16a-046f-47a1-90c1-eee5a7047d02{ip: 192.168.34.38, host: pr-hdds-2527-xk9kf-705888348, networkLocation: /default-rack, certSerialId: null}
2019-11-19 04:28:13,268 [EventQueue-PipelineReportForPipelineReportHandler] INFO  pipeline.PipelineReportHandler (PipelineReportHandler.java:processPipelineReport(113)) - Pipeline THREE PipelineID=3e65352a-19dd-4cc8-9d0d-148f131b9c3f reported by 3f911357-18ff-433f-b789-402dfdb2b54e{ip: 192.168.34.38, host: pr-hdds-2527-xk9kf-705888348, networkLocation: /default-rack, certSerialId: null}
2019-11-19 04:28:14,016 [Command processor thread] INFO  impl.RaftServerProxy (RaftServerProxy.java:remove(95)) - 6eac795c-b416-4929-8077-81de2c3ee3a9: remove  FOLLOWER 6eac795c-b416-4929-8077-81de2c3ee3a9@group-D5D069685640:t2, leader=8b42f16a-046f-47a1-90c1-eee5a7047d02, voted=8b42f16a-046f-47a1-90c1-eee5a7047d02, raftlog=6eac795c-b416-4929-8077-81de2c3ee3a9@group-D5D069685640-SegmentedRaftLog:OPENED:c77,f77,i77, conf=0: [8b42f16a-046f-47a1-90c1-eee5a7047d02:192.168.34.38:41445, 6eac795c-b416-4929-8077-81de2c3ee3a9:192.168.34.38:39002, 3f911357-18ff-433f-b789-402dfdb2b54e:192.168.34.38:38458], old=null RUNNING
2019-11-19 04:28:14,017 [Command processor thread] INFO  impl.RaftServerImpl (RaftServerImpl.java:lambda$shutdown$3(250)) - 6eac795c-b416-4929-8077-81de2c3ee3a9@group-D5D069685640: shutdown
2019-11-19 04:28:14,017 [Command processor thread] INFO  util.JmxRegister (JmxRegister.java:unregister(73)) - Successfully un-registered JMX Bean with object name Ratis:service=RaftServer,group=group-D5D069685640,id=6eac795c-b416-4929-8077-81de2c3ee3a9
2019-11-19 04:28:14,017 [Command processor thread] INFO  impl.RoleInfo (RoleInfo.java:shutdownFollowerState(121)) - 6eac795c-b416-4929-8077-81de2c3ee3a9: shutdown FollowerState
2019-11-19 04:28:14,017 [Command processor thread] INFO  impl.StateMachineUpdater (StateMachineUpdater.java:stopAndJoin(136)) - 6eac795c-b416-4929-8077-81de2c3ee3a9@group-D5D069685640-StateMachineUpdater: set stopIndex = 77
2019-11-19 04:28:14,018 [Thread-214] INFO  impl.FollowerState (FollowerState.java:run(120)) - 6eac795c-b416-4929-8077-81de2c3ee3a9@group-D5D069685640-FollowerState was interrupted: java.lang.InterruptedException: sleep interrupted
2019-11-19 04:28:14,018 [6eac795c-b416-4929-8077-81de2c3ee3a9@group-D5D069685640-StateMachineUpdater] INFO  ratis.ContainerStateMachine (ContainerStateMachine.java:takeSnapshot(285)) - group-D5D069685640: Taking a snapshot at:(t:2, i:75) file /workdir/hadoop-ozone/tools/target/test-dir/MiniOzoneClusterImpl-c4d67550-36c6-4904-99d4-5ad2f7b3e335/datanode-1/data/ratis/18d334ea-dccb-4d8f-809c-d5d069685640/sm/snapshot.2_75
2019-11-19 04:28:14,033 [6eac795c-b416-4929-8077-81de2c3ee3a9@group-D5D069685640-StateMachineUpdater] INFO  ratis.ContainerStateMachine (ContainerStateMachine.java:takeSnapshot(296)) - group-D5D069685640: Finished taking a snapshot at:(t:2, i:75) file:/workdir/hadoop-ozone/tools/target/test-dir/MiniOzoneClusterImpl-c4d67550-36c6-4904-99d4-5ad2f7b3e335/datanode-1/data/ratis/18d334ea-dccb-4d8f-809c-d5d069685640/sm/snapshot.2_75 time:15
2019-11-19 04:28:14,033 [6eac795c-b416-4929-8077-81de2c3ee3a9@group-D5D069685640-StateMachineUpdater] INFO  impl.StateMachineUpdater (StateMachineUpdater.java:takeSnapshot(269)) - 6eac795c-b416-4929-8077-81de2c3ee3a9@group-D5D069685640-StateMachineUpdater: Took a snapshot at index 75
2019-11-19 04:28:14,034 [6eac795c-b416-4929-8077-81de2c3ee3a9@group-D5D069685640-StateMachineUpdater] INFO  impl.StateMachineUpdater (StateMachineUpdater.java:lambda$new$0(84)) - 6eac795c-b416-4929-8077-81de2c3ee3a9@group-D5D069685640-StateMachineUpdater: snapshotIndex: updateIncreasingly -1 -> 75
2019-11-19 04:28:14,034 [6eac795c-b416-4929-8077-81de2c3ee3a9@group-D5D069685640-StateMachineUpdater] INFO  ratis.ContainerStateMachine (ContainerStateMachine.java:takeSnapshot(285)) - group-D5D069685640: Taking a snapshot at:(t:2, i:75) file /workdir/hadoop-ozone/tools/target/test-dir/MiniOzoneClusterImpl-c4d67550-36c6-4904-99d4-5ad2f7b3e335/datanode-1/data/ratis/18d334ea-dccb-4d8f-809c-d5d069685640/sm/snapshot.2_75
2019-11-19 04:28:14,046 [6eac795c-b416-4929-8077-81de2c3ee3a9@group-D5D069685640-StateMachineUpdater] INFO  ratis.ContainerStateMachine (ContainerStateMachine.java:takeSnapshot(296)) - group-D5D069685640: Finished taking a snapshot at:(t:2, i:75) file:/workdir/hadoop-ozone/tools/target/test-dir/MiniOzoneClusterImpl-c4d67550-36c6-4904-99d4-5ad2f7b3e335/datanode-1/data/ratis/18d334ea-dccb-4d8f-809c-d5d069685640/sm/snapshot.2_75 time:13
2019-11-19 04:28:14,047 [6eac795c-b416-4929-8077-81de2c3ee3a9@group-D5D069685640-StateMachineUpdater] INFO  impl.StateMachineUpdater (StateMachineUpdater.java:takeSnapshot(269)) - 6eac795c-b416-4929-8077-81de2c3ee3a9@group-D5D069685640-StateMachineUpdater: Took a snapshot at index 75
2019-11-19 04:28:14,047 [6eac795c-b416-4929-8077-81de2c3ee3a9@group-D5D069685640-StateMachineUpdater] INFO  impl.StateMachineUpdater (StateMachineUpdater.java:lambda$new$0(84)) - 6eac795c-b416-4929-8077-81de2c3ee3a9@group-D5D069685640-StateMachineUpdater: snapshotIndex: updateIncreasingly 75 -> 75
2019-11-19 04:28:14,047 [Command processor thread] INFO  impl.RaftServerImpl (ServerState.java:close(387)) - 6eac795c-b416-4929-8077-81de2c3ee3a9@group-D5D069685640: closes. applyIndex: 77
2019-11-19 04:28:14,048 [6eac795c-b416-4929-8077-81de2c3ee3a9@group-D5D069685640-SegmentedRaftLogWorker] INFO  segmented.SegmentedRaftLogWorker (SegmentedRaftLogWorker.java:run(316)) - 6eac795c-b416-4929-8077-81de2c3ee3a9@group-D5D069685640-SegmentedRaftLogWorker was interrupted, exiting. There are 0 tasks remaining in the queue.
2019-11-19 04:28:14,049 [Command processor thread] INFO  segmented.SegmentedRaftLogWorker (SegmentedRaftLogWorker.java:close(224)) - 6eac795c-b416-4929-8077-81de2c3ee3a9@group-D5D069685640-SegmentedRaftLogWorker close()
2019-11-19 04:28:14,080 [Command processor thread] INFO  interfaces.Container (KeyValueContainer.java:flushAndSyncDB(400)) - Container 1 is synced with bcsId 59.
2019-11-19 04:28:14,080 [Command processor thread] INFO  interfaces.Container (KeyValueContainer.java:flushAndSyncDB(400)) - Container 1 is synced with bcsId 59.
2019-11-19 04:28:14,112 [Command processor thread] INFO  interfaces.Container (KeyValueContainer.java:flushAndSyncDB(400)) - Container 2 is synced with bcsId 75.
2019-11-19 04:28:14,112 [Command processor thread] INFO  interfaces.Container (KeyValueContainer.java:flushAndSyncDB(400)) - Container 2 is synced with bcsId 75.
2019-11-19 04:28:14,142 [Command processor thread] INFO  interfaces.Container (KeyValueContainer.java:flushAndSyncDB(400)) - Container 3 is synced with bcsId 41.
2019-11-19 04:28:14,142 [Command processor thread] INFO  interfaces.Container (KeyValueContainer.java:flushAndSyncDB(400)) - Container 3 is synced with bcsId 41.
 0.00% |?                                                                                                    |  0/1 Time: 0:00:032019-11-19 04:28:14,157 [Command processor thread] INFO  commandhandler.ClosePipelineCommandHandler (ClosePipelineCommandHandler.java:handle(78)) - Close Pipeline #id: "18d334ea-dccb-4d8f-809c-d5d069685640"
 command on datanode #6eac795c-b416-4929-8077-81de2c3ee3a9.
2019-11-19 04:28:14,157 [Command processor thread] INFO  impl.RaftServerProxy (RaftServerProxy.java:addNew(89)) - 6eac795c-b416-4929-8077-81de2c3ee3a9: addNew group-148F131B9C3F:[8b42f16a-046f-47a1-90c1-eee5a7047d02:192.168.34.38:41445, 6eac795c-b416-4929-8077-81de2c3ee3a9:192.168.34.38:39002, 3f911357-18ff-433f-b789-402dfdb2b54e:192.168.34.38:38458] returns group-148F131B9C3F:java.util.concurrent.CompletableFuture@18bbad5c[Not completed]
2019-11-19 04:28:14,159 [pool-37-thread-1] INFO  impl.RaftServerImpl (RaftServerImpl.java:<init>(98)) - 6eac795c-b416-4929-8077-81de2c3ee3a9: new RaftServerImpl for group-148F131B9C3F:[8b42f16a-046f-47a1-90c1-eee5a7047d02:192.168.34.38:41445, 6eac795c-b416-4929-8077-81de2c3ee3a9:192.168.34.38:39002, 3f911357-18ff-433f-b789-402dfdb2b54e:192.168.34.38:38458] with ContainerStateMachine:uninitialized
2019-11-19 04:28:14,159 [pool-37-thread-1] INFO  server.RaftServerConfigKeys (ConfUtils.java:logGet(43)) - raft.server.rpc.timeout.min = 5s (custom)
2019-11-19 04:28:14,159 [pool-37-thread-1] INFO  server.RaftServerConfigKeys (ConfUtils.java:logGet(43)) - raft.server.rpc.timeout.max = 5200ms (custom)
2019-11-19 04:28:14,159 [pool-37-thread-1] INFO  server.RaftServerConfigKeys (ConfUtils.java:logGet(43)) - raft.server.rpcslowness.timeout = 120s (custom)
2019-11-19 04:28:14,159 [pool-37-thread-1] INFO  server.RaftServerConfigKeys (ConfUtils.java:logGet(43)) - raft.server.sleep.deviation.threshold = 300 (default)
2019-11-19 04:28:14,159 [pool-37-thread-1] INFO  server.RaftServerConfigKeys (ConfUtils.java:logGet(43)) - raft.server.log.appender.install.snapshot.enabled = false (custom)
2019-11-19 04:28:14,159 [pool-37-thread-1] INFO  impl.RaftServerImpl (ServerState.java:<init>(103)) - 6eac795c-b416-4929-8077-81de2c3ee3a9@group-148F131B9C3F: ConfigurationManager, init=-1: [8b42f16a-046f-47a1-90c1-eee5a7047d02:192.168.34.38:41445, 6eac795c-b416-4929-8077-81de2c3ee3a9:192.168.34.38:39002, 3f911357-18ff-433f-b789-402dfdb2b54e:192.168.34.38:38458], old=null, confs=<EMPTY_MAP>
2019-11-19 04:28:14,160 [pool-37-thread-1] INFO  server.RaftServerConfigKeys (ConfUtils.java:logGet(43)) - raft.server.storage.dir = [/workdir/hadoop-ozone/tools/target/test-dir/MiniOzoneClusterImpl-c4d67550-36c6-4904-99d4-5ad2f7b3e335/datanode-1/data/ratis] (custom)
2019-11-19 04:28:14,160 [pool-37-thread-1] INFO  server.RaftServerConfigKeys (ConfUtils.java:logGet(43)) - raft.server.log.corruption.policy = EXCEPTION (default)
2019-11-19 04:28:14,160 [pool-37-thread-1] INFO  storage.RaftStorageDirectory (RaftStorageDirectory.java:analyzeStorage(246)) - The storage directory /workdir/hadoop-ozone/tools/target/test-dir/MiniOzoneClusterImpl-c4d67550-36c6-4904-99d4-5ad2f7b3e335/datanode-1/data/ratis/3e65352a-19dd-4cc8-9d0d-148f131b9c3f does not exist. Creating ...
2019-11-19 04:28:14,173 [pool-37-thread-1] INFO  storage.RaftStorageDirectory (RaftStorageDirectory.java:tryLock(328)) - Lock on /workdir/hadoop-ozone/tools/target/test-dir/MiniOzoneClusterImpl-c4d67550-36c6-4904-99d4-5ad2f7b3e335/datanode-1/data/ratis/3e65352a-19dd-4cc8-9d0d-148f131b9c3f/in_use.lock acquired by nodename 24216@pr-hdds-2527-xk9kf-705888348
2019-11-19 04:28:14,185 [pool-37-thread-1] INFO  storage.RaftStorage (RaftStorage.java:format(84)) - Storage directory /workdir/hadoop-ozone/tools/target/test-dir/MiniOzoneClusterImpl-c4d67550-36c6-4904-99d4-5ad2f7b3e335/datanode-1/data/ratis/3e65352a-19dd-4cc8-9d0d-148f131b9c3f has been successfully formatted.
2019-11-19 04:28:14,185 [pool-37-thread-1] INFO  ratis.ContainerStateMachine (ContainerStateMachine.java:loadSnapshot(223)) - group-148F131B9C3F: The snapshot info is null. Setting the last applied indexto:(t:0, i:~)
2019-11-19 04:28:14,186 [pool-37-thread-1] INFO  server.RaftServerConfigKeys (ConfUtils.java:logGet(43)) - raft.server.notification.no-leader.timeout = 120s (custom)
2019-11-19 04:28:14,186 [pool-37-thread-1] INFO  server.RaftServerConfigKeys (ConfUtils.java:logGet(43)) - raft.server.log.use.memory = false (default)
2019-11-19 04:28:14,186 [pool-37-thread-1] INFO  server.RaftServerConfigKeys (ConfUtils.java:logGet(43)) - raft.server.log.purge.gap = 1000000 (custom)
2019-11-19 04:28:14,186 [pool-37-thread-1] INFO  server.RaftServerConfigKeys (ConfUtils.java:logGet(43)) - raft.server.log.appender.buffer.byte-limit = 33554432 (custom)
2019-11-19 04:28:14,186 [pool-37-thread-1] INFO  server.RaftServerConfigKeys (ConfUtils.java:logGet(43)) - raft.server.log.segment.size.max = 1048576 (custom)
2019-11-19 04:28:14,186 [pool-37-thread-1] INFO  server.RaftServerConfigKeys (ConfUtils.java:logGet(43)) - raft.server.log.segment.cache.num.max = 2 (custom)
2019-11-19 04:28:14,186 [pool-37-thread-1] INFO  segmented.SegmentedRaftLogWorker (SegmentedRaftLogWorker.java:<init>(173)) - new 6eac795c-b416-4929-8077-81de2c3ee3a9@group-148F131B9C3F-SegmentedRaftLogWorker for RaftStorage:Storage Directory /workdir/hadoop-ozone/tools/target/test-dir/MiniOzoneClusterImpl-c4d67550-36c6-4904-99d4-5ad2f7b3e335/datanode-1/data/ratis/3e65352a-19dd-4cc8-9d0d-148f131b9c3f
2019-11-19 04:28:14,186 [pool-37-thread-1] INFO  server.RaftServerConfigKeys (ConfUtils.java:logGet(43)) - raft.server.log.queue.byte-limit = 2147483647 (custom)
2019-11-19 04:28:14,186 [pool-37-thread-1] INFO  server.RaftServerConfigKeys (ConfUtils.java:logGet(43)) - raft.server.log.queue.element-limit = 1024 (custom)
2019-11-19 04:28:14,186 [pool-37-thread-1] INFO  server.RaftServerConfigKeys (ConfUtils.java:logGet(43)) - raft.server.log.segment.size.max = 1048576 (custom)
2019-11-19 04:28:14,187 [pool-37-thread-1] INFO  server.RaftServerConfigKeys (ConfUtils.java:logGet(43)) - raft.server.log.preallocated.size = 16384 (custom)
2019-11-19 04:28:14,187 [pool-37-thread-1] INFO  server.RaftServerConfigKeys (ConfUtils.java:logGet(43)) - raft.server.log.write.buffer.size = 33554432 (custom)
2019-11-19 04:28:14,187 [pool-37-thread-1] INFO  server.RaftServerConfigKeys (ConfUtils.java:logGet(43)) - raft.server.log.force.sync.num = 128 (default)
2019-11-19 04:28:14,187 [pool-37-thread-1] INFO  server.RaftServerConfigKeys (ConfUtils.java:logGet(43)) - raft.server.log.statemachine.data.sync = true (default)
2019-11-19 04:28:14,187 [pool-37-thread-1] INFO  server.RaftServerConfigKeys (ConfUtils.java:logGet(43)) - raft.server.log.statemachine.data.sync.timeout = 10s (default)
2019-11-19 04:28:14,187 [pool-37-thread-1] INFO  server.RaftServerConfigKeys (ConfUtils.java:logGet(43)) - raft.server.log.statemachine.data.sync.timeout.retry = -1 (default)
2019-11-19 04:28:14,187 [pool-37-thread-1] INFO  server.RaftServerConfigKeys (ConfUtils.java:logGet(43)) - raft.server.log.statemachine.data.caching.enabled = true (custom)
2019-11-19 04:28:14,187 [pool-37-thread-1] INFO  segmented.SegmentedRaftLogWorker (SegmentedRaftLogWorker.java:lambda$new$0(128)) - 6eac795c-b416-4929-8077-81de2c3ee3a9@group-148F131B9C3F-SegmentedRaftLogWorker: flushIndex: setUnconditionally 0 -> -1
2019-11-19 04:28:14,188 [pool-37-thread-1] INFO  server.RaftServerConfigKeys (ConfUtils.java:logGet(43)) - raft.server.snapshot.auto.trigger.enabled = true (custom)
2019-11-19 04:28:14,188 [pool-37-thread-1] INFO  server.RaftServerConfigKeys (ConfUtils.java:logGet(43)) - raft.server.snapshot.auto.trigger.threshold = 10000 (custom)
2019-11-19 04:28:14,188 [pool-37-thread-1] INFO  server.RaftServerConfigKeys (ConfUtils.java:logGet(43)) - raft.server.snapshot.retention.file.num = 5 (custom)
2019-11-19 04:28:14,188 [pool-37-thread-1] INFO  server.RaftServerConfigKeys (ConfUtils.java:logGet(43)) - raft.server.retrycache.expirytime = 600000ms (custom)
2019-11-19 04:28:14,188 [pool-37-thread-1] WARN  impl.MetricRegistriesImpl (MetricRegistriesImpl.java:lambda$create$1(61)) - First MetricRegistry has been created without registering reporters. You may need to call MetricRegistries.global().addReportRegistration(...) before.
2019-11-19 04:28:14,188 [pool-37-thread-1] WARN  impl.MetricRegistriesImpl (MetricRegistriesImpl.java:lambda$create$1(61)) - First MetricRegistry has been created without registering reporters. You may need to call MetricRegistries.global().addReportRegistration(...) before.
2019-11-19 04:28:14,188 [pool-37-thread-1] INFO  impl.RaftServerImpl (RaftServerImpl.java:start(184)) - 6eac795c-b416-4929-8077-81de2c3ee3a9@group-148F131B9C3F: start as a follower, conf=-1: [8b42f16a-046f-47a1-90c1-eee5a7047d02:192.168.34.38:41445, 6eac795c-b416-4929-8077-81de2c3ee3a9:192.168.34.38:39002, 3f911357-18ff-433f-b789-402dfdb2b54e:192.168.34.38:38458], old=null
2019-11-19 04:28:14,188 [pool-37-thread-1] INFO  impl.RaftServerImpl (RaftServerImpl.java:setRole(173)) - 6eac795c-b416-4929-8077-81de2c3ee3a9@group-148F131B9C3F: changes role from      null to FOLLOWER at term 0 for startAsFollower
2019-11-19 04:28:14,189 [pool-37-thread-1] INFO  impl.RoleInfo (RoleInfo.java:updateAndGet(143)) - 6eac795c-b416-4929-8077-81de2c3ee3a9: start FollowerState
2019-11-19 04:28:14,189 [pool-37-thread-1] INFO  util.JmxRegister (JmxRegister.java:tryRegister(44)) - Successfully registered JMX Bean with object name Ratis:service=RaftServer,group=group-148F131B9C3F,id=6eac795c-b416-4929-8077-81de2c3ee3a9
2019-11-19 04:28:14,189 [pool-37-thread-1] WARN  impl.MetricRegistriesImpl (MetricRegistriesImpl.java:lambda$create$1(61)) - First MetricRegistry has been created without registering reporters. You may need to call MetricRegistries.global().addReportRegistration(...) before.
2019-11-19 04:28:14,189 [Command processor thread] INFO  commandhandler.CreatePipelineCommandHandler (CreatePipelineCommandHandler.java:handle(86)) - Create Pipeline RATIS THREE #id: "3e65352a-19dd-4cc8-9d0d-148f131b9c3f"
 command succeed on datanode 6eac795c-b416-4929-8077-81de2c3ee3a9.
2019-11-19 04:28:14,191 [EventQueue-PipelineReportForPipelineReportHandler] INFO  pipeline.PipelineReportHandler (PipelineReportHandler.java:processPipelineReport(113)) - Pipeline THREE PipelineID=3e65352a-19dd-4cc8-9d0d-148f131b9c3f reported by 6eac795c-b416-4929-8077-81de2c3ee3a9{ip: 192.168.34.38, host: pr-hdds-2527-xk9kf-705888348, networkLocation: /default-rack, certSerialId: null}
 0.00% |?                                                                                                    |  0/1 Time: 0:00:04 100.00% |?????????????????????????????????????????????????????????????????????????????????????????????????????|  1/1 Time: 0:00:05
2019-11-19 04:28:18,316 [Thread-465] INFO  impl.FollowerState (FollowerState.java:run(111)) - 3f911357-18ff-433f-b789-402dfdb2b54e@group-148F131B9C3F-FollowerState: change to CANDIDATE, lastRpcTime:5050ms, electionTimeout:5050ms
2019-11-19 04:28:18,317 [Thread-465] INFO  impl.RoleInfo (RoleInfo.java:shutdownFollowerState(121)) - 3f911357-18ff-433f-b789-402dfdb2b54e: shutdown FollowerState
2019-11-19 04:28:18,317 [Thread-465] INFO  impl.RaftServerImpl (RaftServerImpl.java:setRole(173)) - 3f911357-18ff-433f-b789-402dfdb2b54e@group-148F131B9C3F: changes role from  FOLLOWER to CANDIDATE at term 0 for changeToCandidate
2019-11-19 04:28:18,318 [Thread-465] INFO  impl.RoleInfo (RoleInfo.java:updateAndGet(143)) - 3f911357-18ff-433f-b789-402dfdb2b54e: start LeaderElection
2019-11-19 04:28:18,380 [3f911357-18ff-433f-b789-402dfdb2b54e@group-148F131B9C3F-LeaderElection8] INFO  impl.LeaderElection (LeaderElection.java:askForVotes(178)) - 3f911357-18ff-433f-b789-402dfdb2b54e@group-148F131B9C3F-LeaderElection8: begin an election at term 1 for -1: [8b42f16a-046f-47a1-90c1-eee5a7047d02:192.168.34.38:41445, 6eac795c-b416-4929-8077-81de2c3ee3a9:192.168.34.38:39002, 3f911357-18ff-433f-b789-402dfdb2b54e:192.168.34.38:38458], old=null
2019-11-19 04:28:18,396 [grpc-default-executor-4] INFO  impl.RaftServerImpl (RaftServerImpl.java:setRole(173)) - 6eac795c-b416-4929-8077-81de2c3ee3a9@group-148F131B9C3F: changes role from  FOLLOWER to FOLLOWER at term 1 for recognizeCandidate:3f911357-18ff-433f-b789-402dfdb2b54e
2019-11-19 04:28:18,396 [grpc-default-executor-5] INFO  impl.RaftServerImpl (RaftServerImpl.java:setRole(173)) - 8b42f16a-046f-47a1-90c1-eee5a7047d02@group-148F131B9C3F: changes role from  FOLLOWER to FOLLOWER at term 1 for recognizeCandidate:3f911357-18ff-433f-b789-402dfdb2b54e
2019-11-19 04:28:18,396 [grpc-default-executor-4] INFO  impl.RoleInfo (RoleInfo.java:shutdownFollowerState(121)) - 6eac795c-b416-4929-8077-81de2c3ee3a9: shutdown FollowerState
2019-11-19 04:28:18,396 [grpc-default-executor-5] INFO  impl.RoleInfo (RoleInfo.java:shutdownFollowerState(121)) - 8b42f16a-046f-47a1-90c1-eee5a7047d02: shutdown FollowerState
2019-11-19 04:28:18,397 [grpc-default-executor-4] INFO  impl.RoleInfo (RoleInfo.java:updateAndGet(143)) - 6eac795c-b416-4929-8077-81de2c3ee3a9: start FollowerState
2019-11-19 04:28:18,397 [Thread-464] INFO  impl.FollowerState (FollowerState.java:run(120)) - 8b42f16a-046f-47a1-90c1-eee5a7047d02@group-148F131B9C3F-FollowerState was interrupted: java.lang.InterruptedException: sleep interrupted
2019-11-19 04:28:18,397 [Thread-467] INFO  impl.FollowerState (FollowerState.java:run(120)) - 6eac795c-b416-4929-8077-81de2c3ee3a9@group-148F131B9C3F-FollowerState was interrupted: java.lang.InterruptedException: sleep interrupted
2019-11-19 04:28:18,397 [grpc-default-executor-5] INFO  impl.RoleInfo (RoleInfo.java:updateAndGet(143)) - 8b42f16a-046f-47a1-90c1-eee5a7047d02: start FollowerState
2019-11-19 04:28:18,410 [3f911357-18ff-433f-b789-402dfdb2b54e@group-148F131B9C3F-LeaderElection8] INFO  impl.LeaderElection (LeaderElection.java:logAndReturn(56)) - 3f911357-18ff-433f-b789-402dfdb2b54e@group-148F131B9C3F-LeaderElection8: Election PASSED; received 1 response(s) [3f911357-18ff-433f-b789-402dfdb2b54e<-8b42f16a-046f-47a1-90c1-eee5a7047d02#0:OK-t1] and 0 exception(s); 3f911357-18ff-433f-b789-402dfdb2b54e@group-148F131B9C3F:t1, leader=null, voted=3f911357-18ff-433f-b789-402dfdb2b54e, raftlog=3f911357-18ff-433f-b789-402dfdb2b54e@group-148F131B9C3F-SegmentedRaftLog:OPENED:c-1,f-1,i0, conf=-1: [8b42f16a-046f-47a1-90c1-eee5a7047d02:192.168.34.38:41445, 6eac795c-b416-4929-8077-81de2c3ee3a9:192.168.34.38:39002, 3f911357-18ff-433f-b789-402dfdb2b54e:192.168.34.38:38458], old=null
2019-11-19 04:28:18,411 [3f911357-18ff-433f-b789-402dfdb2b54e@group-148F131B9C3F-LeaderElection8] INFO  impl.RoleInfo (RoleInfo.java:shutdownLeaderElection(134)) - 3f911357-18ff-433f-b789-402dfdb2b54e: shutdown LeaderElection
2019-11-19 04:28:18,412 [3f911357-18ff-433f-b789-402dfdb2b54e@group-148F131B9C3F-LeaderElection8] INFO  impl.RaftServerImpl (RaftServerImpl.java:setRole(173)) - 3f911357-18ff-433f-b789-402dfdb2b54e@group-148F131B9C3F: changes role from CANDIDATE to LEADER at term 1 for changeToLeader
2019-11-19 04:28:18,412 [3f911357-18ff-433f-b789-402dfdb2b54e@group-148F131B9C3F-LeaderElection8] INFO  ratis.XceiverServerRatis (XceiverServerRatis.java:handleLeaderChangedNotification(733)) - Leader change notification received for group: group-148F131B9C3F with new leaderId: 3f911357-18ff-433f-b789-402dfdb2b54e
2019-11-19 04:28:18,413 [3f911357-18ff-433f-b789-402dfdb2b54e@group-148F131B9C3F-LeaderElection8] INFO  impl.RaftServerImpl (ServerState.java:setLeader(255)) - 3f911357-18ff-433f-b789-402dfdb2b54e@group-148F131B9C3F: change Leader from null to 3f911357-18ff-433f-b789-402dfdb2b54e at term 1 for becomeLeader, leader elected after 5152ms
2019-11-19 04:28:18,413 [3f911357-18ff-433f-b789-402dfdb2b54e@group-148F131B9C3F-LeaderElection8] INFO  server.RaftServerConfigKeys (ConfUtils.java:logGet(43)) - raft.server.staging.catchup.gap = 1000 (default)
2019-11-19 04:28:18,414 [3f911357-18ff-433f-b789-402dfdb2b54e@group-148F131B9C3F-LeaderElection8] INFO  server.RaftServerConfigKeys (ConfUtils.java:logGet(43)) - raft.server.rpc.sleep.time = 25ms (default)
2019-11-19 04:28:18,414 [3f911357-18ff-433f-b789-402dfdb2b54e@group-148F131B9C3F-LeaderElection8] INFO  server.RaftServerConfigKeys (ConfUtils.java:logGet(43)) - raft.server.write.element-limit = 4096 (default)
2019-11-19 04:28:18,414 [3f911357-18ff-433f-b789-402dfdb2b54e@group-148F131B9C3F-LeaderElection8] INFO  server.RaftServerConfigKeys (ConfUtils.java:logGet(43)) - raft.server.watch.timeout = 10s (default)
2019-11-19 04:28:18,415 [3f911357-18ff-433f-b789-402dfdb2b54e@group-148F131B9C3F-LeaderElection8] INFO  server.RaftServerConfigKeys (ConfUtils.java:logGet(43)) - raft.server.watch.timeout.denomination = 1s (default)
2019-11-19 04:28:18,415 [EventQueue-PipelineReportForPipelineReportHandler] INFO  pipeline.PipelineReportHandler (PipelineReportHandler.java:processPipelineReport(113)) - Pipeline THREE PipelineID=3e65352a-19dd-4cc8-9d0d-148f131b9c3f reported by 3f911357-18ff-433f-b789-402dfdb2b54e{ip: 192.168.34.38, host: pr-hdds-2527-xk9kf-705888348, networkLocation: /default-rack, certSerialId: null}
2019-11-19 04:28:18,415 [3f911357-18ff-433f-b789-402dfdb2b54e@group-148F131B9C3F-LeaderElection8] INFO  server.RaftServerConfigKeys (ConfUtils.java:logGet(43)) - raft.server.watch.element-limit = 65536 (default)
2019-11-19 04:28:18,416 [EventQueue-PipelineReportForPipelineReportHandler] INFO  pipeline.PipelineStateManager (PipelineStateManager.java:openPipeline(132)) - Pipeline Pipeline[ Id: 3e65352a-19dd-4cc8-9d0d-148f131b9c3f, Nodes: 6eac795c-b416-4929-8077-81de2c3ee3a9{ip: 192.168.34.38, host: pr-hdds-2527-xk9kf-705888348, networkLocation: /default-rack, certSerialId: null}8b42f16a-046f-47a1-90c1-eee5a7047d02{ip: 192.168.34.38, host: pr-hdds-2527-xk9kf-705888348, networkLocation: /default-rack, certSerialId: null}3f911357-18ff-433f-b789-402dfdb2b54e{ip: 192.168.34.38, host: pr-hdds-2527-xk9kf-705888348, networkLocation: /default-rack, certSerialId: null}, Type:RATIS, Factor:THREE, State:ALLOCATED] moved to OPEN state
2019-11-19 04:28:18,417 [3f911357-18ff-433f-b789-402dfdb2b54e@group-148F131B9C3F-LeaderElection8] INFO  server.RaftServerConfigKeys (ConfUtils.java:logGet(43)) - raft.server.log.appender.snapshot.chunk.size.max = 16MB (=16777216) (default)
2019-11-19 04:28:18,417 [3f911357-18ff-433f-b789-402dfdb2b54e@group-148F131B9C3F-LeaderElection8] INFO  server.RaftServerConfigKeys (ConfUtils.java:logGet(43)) - raft.server.log.appender.buffer.byte-limit = 33554432 (custom)
2019-11-19 04:28:18,417 [3f911357-18ff-433f-b789-402dfdb2b54e@group-148F131B9C3F-LeaderElection8] INFO  server.RaftServerConfigKeys (ConfUtils.java:logGet(43)) - raft.server.log.appender.buffer.element-limit = 1 (custom)
2019-11-19 04:28:18,418 [3f911357-18ff-433f-b789-402dfdb2b54e@group-148F131B9C3F-LeaderElection8] INFO  grpc.GrpcConfigKeys$Server (ConfUtils.java:logGet(43)) - raft.grpc.server.leader.outstanding.appends.max = 128 (default)
2019-11-19 04:28:18,419 [3f911357-18ff-433f-b789-402dfdb2b54e@group-148F131B9C3F-LeaderElection8] INFO  server.RaftServerConfigKeys (ConfUtils.java:logGet(43)) - raft.server.rpc.request.timeout = 3000ms (default)
2019-11-19 04:28:18,419 [3f911357-18ff-433f-b789-402dfdb2b54e@group-148F131B9C3F-LeaderElection8] INFO  server.RaftServerConfigKeys (ConfUtils.java:logGet(43)) - raft.server.log.appender.install.snapshot.enabled = false (custom)
2019-11-19 04:28:18,419 [3f911357-18ff-433f-b789-402dfdb2b54e@group-148F131B9C3F-LeaderElection8] WARN  impl.MetricRegistriesImpl (MetricRegistriesImpl.java:lambda$create$1(61)) - First MetricRegistry has been created without registering reporters. You may need to call MetricRegistries.global().addReportRegistration(...) before.
2019-11-19 04:28:18,420 [3f911357-18ff-433f-b789-402dfdb2b54e@group-148F131B9C3F-LeaderElection8] INFO  server.RaftServerConfigKeys (ConfUtils.java:logGet(43)) - raft.server.log.appender.snapshot.chunk.size.max = 16MB (=16777216) (default)
2019-11-19 04:28:18,420 [3f911357-18ff-433f-b789-402dfdb2b54e@group-148F131B9C3F-LeaderElection8] INFO  server.RaftServerConfigKeys (ConfUtils.java:logGet(43)) - raft.server.log.appender.buffer.byte-limit = 33554432 (custom)
2019-11-19 04:28:18,420 [3f911357-18ff-433f-b789-402dfdb2b54e@group-148F131B9C3F-LeaderElection8] INFO  server.RaftServerConfigKeys (ConfUtils.java:logGet(43)) - raft.server.log.appender.buffer.element-limit = 1 (custom)
2019-11-19 04:28:18,420 [3f911357-18ff-433f-b789-402dfdb2b54e@group-148F131B9C3F-LeaderElection8] INFO  grpc.GrpcConfigKeys$Server (ConfUtils.java:logGet(43)) - raft.grpc.server.leader.outstanding.appends.max = 128 (default)
2019-11-19 04:28:18,421 [3f911357-18ff-433f-b789-402dfdb2b54e@group-148F131B9C3F-LeaderElection8] INFO  server.RaftServerConfigKeys (ConfUtils.java:logGet(43)) - raft.server.rpc.request.timeout = 3000ms (default)
2019-11-19 04:28:18,421 [3f911357-18ff-433f-b789-402dfdb2b54e@group-148F131B9C3F-LeaderElection8] INFO  server.RaftServerConfigKeys (ConfUtils.java:logGet(43)) - raft.server.log.appender.install.snapshot.enabled = false (custom)
2019-11-19 04:28:18,421 [3f911357-18ff-433f-b789-402dfdb2b54e@group-148F131B9C3F-LeaderElection8] INFO  impl.RoleInfo (RoleInfo.java:updateAndGet(143)) - 3f911357-18ff-433f-b789-402dfdb2b54e: start LeaderState
2019-11-19 04:28:18,422 [3f911357-18ff-433f-b789-402dfdb2b54e@group-148F131B9C3F-LeaderElection8] INFO  segmented.SegmentedRaftLogWorker (SegmentedRaftLogWorker.java:startLogSegment(385)) - 3f911357-18ff-433f-b789-402dfdb2b54e@group-148F131B9C3F-SegmentedRaftLogWorker: Starting segment from index:0
2019-11-19 04:28:18,424 [3f911357-18ff-433f-b789-402dfdb2b54e@group-148F131B9C3F-LeaderElection8] INFO  impl.RaftServerImpl (ServerState.java:setRaftConf(356)) - 3f911357-18ff-433f-b789-402dfdb2b54e@group-148F131B9C3F: set configuration 0: [8b42f16a-046f-47a1-90c1-eee5a7047d02:192.168.34.38:41445, 6eac795c-b416-4929-8077-81de2c3ee3a9:192.168.34.38:39002, 3f911357-18ff-433f-b789-402dfdb2b54e:192.168.34.38:38458], old=null at 0
2019-11-19 04:28:18,464 [grpc-default-executor-5] INFO  ratis.XceiverServerRatis (XceiverServerRatis.java:handleLeaderChangedNotification(733)) - Leader change notification received for group: group-148F131B9C3F with new leaderId: 3f911357-18ff-433f-b789-402dfdb2b54e
2019-11-19 04:28:18,465 [grpc-default-executor-4] INFO  ratis.XceiverServerRatis (XceiverServerRatis.java:handleLeaderChangedNotification(733)) - Leader change notification received for group: group-148F131B9C3F with new leaderId: 3f911357-18ff-433f-b789-402dfdb2b54e
2019-11-19 04:28:18,465 [3f911357-18ff-433f-b789-402dfdb2b54e@group-148F131B9C3F-SegmentedRaftLogWorker] INFO  segmented.SegmentedRaftLogWorker (SegmentedRaftLogWorker.java:execute(576)) - 3f911357-18ff-433f-b789-402dfdb2b54e@group-148F131B9C3F-SegmentedRaftLogWorker: created new log segment /workdir/hadoop-ozone/tools/target/test-dir/MiniOzoneClusterImpl-c4d67550-36c6-4904-99d4-5ad2f7b3e335/datanode-2/data/ratis/3e65352a-19dd-4cc8-9d0d-148f131b9c3f/current/log_inprogress_0
2019-11-19 04:28:18,465 [grpc-default-executor-4] INFO  impl.RaftServerImpl (ServerState.java:setLeader(255)) - 8b42f16a-046f-47a1-90c1-eee5a7047d02@group-148F131B9C3F: change Leader from null to 3f911357-18ff-433f-b789-402dfdb2b54e at term 1 for appendEntries, leader elected after 5205ms
2019-11-19 04:28:18,465 [grpc-default-executor-5] INFO  impl.RaftServerImpl (ServerState.java:setLeader(255)) - 6eac795c-b416-4929-8077-81de2c3ee3a9@group-148F131B9C3F: change Leader from null to 3f911357-18ff-433f-b789-402dfdb2b54e at term 1 for appendEntries, leader elected after 4278ms
2019-11-19 04:28:18,470 [grpc-default-executor-4] INFO  impl.RaftServerImpl (ServerState.java:setRaftConf(356)) - 8b42f16a-046f-47a1-90c1-eee5a7047d02@group-148F131B9C3F: set configuration 0: [8b42f16a-046f-47a1-90c1-eee5a7047d02:192.168.34.38:41445, 6eac795c-b416-4929-8077-81de2c3ee3a9:192.168.34.38:39002, 3f911357-18ff-433f-b789-402dfdb2b54e:192.168.34.38:38458], old=null at 0
2019-11-19 04:28:18,470 [grpc-default-executor-5] INFO  impl.RaftServerImpl (ServerState.java:setRaftConf(356)) - 6eac795c-b416-4929-8077-81de2c3ee3a9@group-148F131B9C3F: set configuration 0: [8b42f16a-046f-47a1-90c1-eee5a7047d02:192.168.34.38:41445, 6eac795c-b416-4929-8077-81de2c3ee3a9:192.168.34.38:39002, 3f911357-18ff-433f-b789-402dfdb2b54e:192.168.34.38:38458], old=null at 0
2019-11-19 04:28:18,470 [grpc-default-executor-4] INFO  segmented.SegmentedRaftLogWorker (SegmentedRaftLogWorker.java:startLogSegment(385)) - 8b42f16a-046f-47a1-90c1-eee5a7047d02@group-148F131B9C3F-SegmentedRaftLogWorker: Starting segment from index:0
2019-11-19 04:28:18,470 [grpc-default-executor-5] INFO  segmented.SegmentedRaftLogWorker (SegmentedRaftLogWorker.java:startLogSegment(385)) - 6eac795c-b416-4929-8077-81de2c3ee3a9@group-148F131B9C3F-SegmentedRaftLogWorker: Starting segment from index:0
2019-11-19 04:28:18,505 [6eac795c-b416-4929-8077-81de2c3ee3a9@group-148F131B9C3F-SegmentedRaftLogWorker] INFO  segmented.SegmentedRaftLogWorker (SegmentedRaftLogWorker.java:execute(576)) - 6eac795c-b416-4929-8077-81de2c3ee3a9@group-148F131B9C3F-SegmentedRaftLogWorker: created new log segment /workdir/hadoop-ozone/tools/target/test-dir/MiniOzoneClusterImpl-c4d67550-36c6-4904-99d4-5ad2f7b3e335/datanode-1/data/ratis/3e65352a-19dd-4cc8-9d0d-148f131b9c3f/current/log_inprogress_0
2019-11-19 04:28:18,507 [8b42f16a-046f-47a1-90c1-eee5a7047d02@group-148F131B9C3F-SegmentedRaftLogWorker] INFO  segmented.SegmentedRaftLogWorker (SegmentedRaftLogWorker.java:execute(576)) - 8b42f16a-046f-47a1-90c1-eee5a7047d02@group-148F131B9C3F-SegmentedRaftLogWorker: created new log segment /workdir/hadoop-ozone/tools/target/test-dir/MiniOzoneClusterImpl-c4d67550-36c6-4904-99d4-5ad2f7b3e335/datanode-0/data/ratis/3e65352a-19dd-4cc8-9d0d-148f131b9c3f/current/log_inprogress_0
]]></system-out>
    <system-err><![CDATA[ERROR StatusLogger No Log4j 2 configuration file found. Using default configuration (logging only errors to the console), or user programmatically provided configurations. Set system property 'log4j2.debug' to show Log4j 2 internal initialization logging. See https://logging.apache.org/log4j/2.x/manual/configuration.html for instructions on how to configure Log4j 2
]]></system-err>
  </testcase>
</testsuite>